<?xml version="1.0" encoding="UTF-8"?>
<testsuite xmlns:xsi="http://www.w3.org/2001/XMLSchema-instance" xsi:noNamespaceSchemaLocation="https://maven.apache.org/surefire/maven-surefire-plugin/xsd/surefire-test-report.xsd" name="org.apache.hadoop.ozone.freon.TestRandomKeyGenerator" time="112.719" tests="6" errors="1" skipped="0" failures="0">
  <properties>
    <property name="awt.toolkit" value="sun.awt.X11.XToolkit"/>
    <property name="file.encoding.pkg" value="sun.io"/>
    <property name="java.specification.version" value="1.8"/>
    <property name="sun.cpu.isalist" value=""/>
    <property name="sun.jnu.encoding" value="UTF-8"/>
    <property name="java.class.path" value="/workdir/hadoop-ozone/tools/target/test-classes:/workdir/hadoop-ozone/tools/target/classes:/home/user/.m2/repository/org/apache/hadoop/hadoop-ozone-ozone-manager/0.5.0-SNAPSHOT/hadoop-ozone-ozone-manager-0.5.0-SNAPSHOT.jar:/home/user/.m2/repository/org/apache/hadoop/hadoop-hdds-docs/0.5.0-SNAPSHOT/hadoop-hdds-docs-0.5.0-SNAPSHOT.jar:/home/user/.m2/repository/org/bouncycastle/bcprov-jdk15on/1.60/bcprov-jdk15on-1.60.jar:/home/user/.m2/repository/org/apache/hadoop/hadoop-ozone-common/0.5.0-SNAPSHOT/hadoop-ozone-common-0.5.0-SNAPSHOT.jar:/home/user/.m2/repository/org/apache/commons/commons-compress/1.4.1/commons-compress-1.4.1.jar:/home/user/.m2/repository/org/tukaani/xz/1.0/xz-1.0.jar:/home/user/.m2/repository/org/apache/hadoop/hadoop-hdfs-client/3.2.0/hadoop-hdfs-client-3.2.0.jar:/home/user/.m2/repository/com/fasterxml/jackson/core/jackson-annotations/2.9.5/jackson-annotations-2.9.5.jar:/home/user/.m2/repository/org/apache/hadoop/hadoop-hdds-common/0.5.0-SNAPSHOT/hadoop-hdds-common-0.5.0-SNAPSHOT.jar:/home/user/.m2/repository/org/apache/hadoop/hadoop-hdds-config/0.5.0-SNAPSHOT/hadoop-hdds-config-0.5.0-SNAPSHOT.jar:/home/user/.m2/repository/javax/annotation/javax.annotation-api/1.2/javax.annotation-api-1.2.jar:/home/user/.m2/repository/org/apache/ratis/ratis-server/0.4.0-2337318-SNAPSHOT/ratis-server-0.4.0-2337318-SNAPSHOT.jar:/home/user/.m2/repository/org/apache/ratis/ratis-thirdparty-misc/0.2.0/ratis-thirdparty-misc-0.2.0.jar:/home/user/.m2/repository/org/apache/ratis/ratis-proto/0.4.0-2337318-SNAPSHOT/ratis-proto-0.4.0-2337318-SNAPSHOT.jar:/home/user/.m2/repository/org/apache/ratis/ratis-common/0.4.0-2337318-SNAPSHOT/ratis-common-0.4.0-2337318-SNAPSHOT.jar:/home/user/.m2/repository/org/apache/ratis/ratis-client/0.4.0-2337318-SNAPSHOT/ratis-client-0.4.0-2337318-SNAPSHOT.jar:/home/user/.m2/repository/org/apache/ratis/ratis-metrics/0.4.0-2337318-SNAPSHOT/ratis-metrics-0.4.0-2337318-SNAPSHOT.jar:/home/user/.m2/repository/org/apache/ratis/ratis-netty/0.4.0-2337318-SNAPSHOT/ratis-netty-0.4.0-2337318-SNAPSHOT.jar:/home/user/.m2/repository/org/apache/ratis/ratis-grpc/0.4.0-2337318-SNAPSHOT/ratis-grpc-0.4.0-2337318-SNAPSHOT.jar:/home/user/.m2/repository/org/rocksdb/rocksdbjni/6.0.1/rocksdbjni-6.0.1.jar:/home/user/.m2/repository/org/apache/logging/log4j/log4j-api/2.11.0/log4j-api-2.11.0.jar:/home/user/.m2/repository/org/apache/logging/log4j/log4j-core/2.11.0/log4j-core-2.11.0.jar:/home/user/.m2/repository/com/lmax/disruptor/3.4.2/disruptor-3.4.2.jar:/home/user/.m2/repository/org/apache/commons/commons-pool2/2.6.0/commons-pool2-2.6.0.jar:/home/user/.m2/repository/org/bouncycastle/bcpkix-jdk15on/1.60/bcpkix-jdk15on-1.60.jar:/home/user/.m2/repository/commons-validator/commons-validator/1.6/commons-validator-1.6.jar:/home/user/.m2/repository/commons-digester/commons-digester/1.8.1/commons-digester-1.8.1.jar:/home/user/.m2/repository/io/jaegertracing/jaeger-client/0.33.1/jaeger-client-0.33.1.jar:/home/user/.m2/repository/io/jaegertracing/jaeger-thrift/0.33.1/jaeger-thrift-0.33.1.jar:/home/user/.m2/repository/org/apache/thrift/libthrift/0.11.0/libthrift-0.11.0.jar:/home/user/.m2/repository/com/squareup/okhttp3/okhttp/3.9.0/okhttp-3.9.0.jar:/home/user/.m2/repository/com/squareup/okio/okio/1.13.0/okio-1.13.0.jar:/home/user/.m2/repository/io/jaegertracing/jaeger-core/0.33.1/jaeger-core-0.33.1.jar:/home/user/.m2/repository/io/jaegertracing/jaeger-tracerresolver/0.33.1/jaeger-tracerresolver-0.33.1.jar:/home/user/.m2/repository/io/opentracing/contrib/opentracing-tracerresolver/0.1.5/opentracing-tracerresolver-0.1.5.jar:/home/user/.m2/repository/io/opentracing/opentracing-util/0.31.0/opentracing-util-0.31.0.jar:/home/user/.m2/repository/io/opentracing/opentracing-api/0.31.0/opentracing-api-0.31.0.jar:/home/user/.m2/repository/io/opentracing/opentracing-noop/0.31.0/opentracing-noop-0.31.0.jar:/home/user/.m2/repository/org/yaml/snakeyaml/1.16/snakeyaml-1.16.jar:/home/user/.m2/repository/org/apache/hadoop/hadoop-hdds-container-service/0.5.0-SNAPSHOT/hadoop-hdds-container-service-0.5.0-SNAPSHOT.jar:/home/user/.m2/repository/org/apache/hadoop/hadoop-hdds-client/0.5.0-SNAPSHOT/hadoop-hdds-client-0.5.0-SNAPSHOT.jar:/home/user/.m2/repository/org/apache/hadoop/hadoop-hdds-tools/0.5.0-SNAPSHOT/hadoop-hdds-tools-0.5.0-SNAPSHOT.jar:/home/user/.m2/repository/org/xerial/sqlite-jdbc/3.25.2/sqlite-jdbc-3.25.2.jar:/home/user/.m2/repository/org/apache/hadoop/hadoop-hdds-server-scm/0.5.0-SNAPSHOT/hadoop-hdds-server-scm-0.5.0-SNAPSHOT.jar:/home/user/.m2/repository/org/hamcrest/hamcrest-all/1.3/hamcrest-all-1.3.jar:/home/user/.m2/repository/info/picocli/picocli/3.9.6/picocli-3.9.6.jar:/home/user/.m2/repository/com/google/protobuf/protobuf-java/2.5.0/protobuf-java-2.5.0.jar:/home/user/.m2/repository/com/google/guava/guava/11.0.2/guava-11.0.2.jar:/home/user/.m2/repository/org/apache/hadoop/hadoop-ozone-client/0.5.0-SNAPSHOT/hadoop-ozone-client-0.5.0-SNAPSHOT.jar:/workdir/hadoop-ozone/ozonefs/target/classes:/home/user/.m2/repository/org/apache/hadoop/hadoop-hdds-server-framework/0.5.0-SNAPSHOT/hadoop-hdds-server-framework-0.5.0-SNAPSHOT.jar:/home/user/.m2/repository/org/apache/hadoop/hadoop-common/3.2.0/hadoop-common-3.2.0.jar:/home/user/.m2/repository/org/apache/hadoop/hadoop-annotations/3.2.0/hadoop-annotations-3.2.0.jar:/usr/lib/jvm/java-1.8-openjdk/jre/../lib/tools.jar:/home/user/.m2/repository/commons-cli/commons-cli/1.2/commons-cli-1.2.jar:/home/user/.m2/repository/org/apache/commons/commons-math3/3.1.1/commons-math3-3.1.1.jar:/home/user/.m2/repository/org/apache/httpcomponents/httpclient/4.5.2/httpclient-4.5.2.jar:/home/user/.m2/repository/org/apache/httpcomponents/httpcore/4.4.4/httpcore-4.4.4.jar:/home/user/.m2/repository/commons-codec/commons-codec/1.11/commons-codec-1.11.jar:/home/user/.m2/repository/commons-io/commons-io/2.5/commons-io-2.5.jar:/home/user/.m2/repository/commons-net/commons-net/3.6/commons-net-3.6.jar:/home/user/.m2/repository/commons-collections/commons-collections/3.2.2/commons-collections-3.2.2.jar:/home/user/.m2/repository/javax/servlet/javax.servlet-api/3.1.0/javax.servlet-api-3.1.0.jar:/home/user/.m2/repository/org/eclipse/jetty/jetty-server/9.3.24.v20180605/jetty-server-9.3.24.v20180605.jar:/home/user/.m2/repository/org/eclipse/jetty/jetty-http/9.3.24.v20180605/jetty-http-9.3.24.v20180605.jar:/home/user/.m2/repository/org/eclipse/jetty/jetty-io/9.3.24.v20180605/jetty-io-9.3.24.v20180605.jar:/home/user/.m2/repository/org/eclipse/jetty/jetty-util/9.3.24.v20180605/jetty-util-9.3.24.v20180605.jar:/home/user/.m2/repository/org/eclipse/jetty/jetty-servlet/9.3.24.v20180605/jetty-servlet-9.3.24.v20180605.jar:/home/user/.m2/repository/org/eclipse/jetty/jetty-security/9.3.24.v20180605/jetty-security-9.3.24.v20180605.jar:/home/user/.m2/repository/org/eclipse/jetty/jetty-webapp/9.3.24.v20180605/jetty-webapp-9.3.24.v20180605.jar:/home/user/.m2/repository/org/eclipse/jetty/jetty-xml/9.3.24.v20180605/jetty-xml-9.3.24.v20180605.jar:/home/user/.m2/repository/javax/servlet/jsp/jsp-api/2.1/jsp-api-2.1.jar:/home/user/.m2/repository/com/sun/jersey/jersey-core/1.19/jersey-core-1.19.jar:/home/user/.m2/repository/javax/ws/rs/jsr311-api/1.1.1/jsr311-api-1.1.1.jar:/home/user/.m2/repository/com/sun/jersey/jersey-servlet/1.19/jersey-servlet-1.19.jar:/home/user/.m2/repository/com/sun/jersey/jersey-json/1.19/jersey-json-1.19.jar:/home/user/.m2/repository/org/codehaus/jettison/jettison/1.1/jettison-1.1.jar:/home/user/.m2/repository/com/sun/xml/bind/jaxb-impl/2.3.0.1/jaxb-impl-2.3.0.1.jar:/home/user/.m2/repository/org/codehaus/jackson/jackson-core-asl/1.9.13/jackson-core-asl-1.9.13.jar:/home/user/.m2/repository/org/codehaus/jackson/jackson-mapper-asl/1.9.13/jackson-mapper-asl-1.9.13.jar:/home/user/.m2/repository/org/codehaus/jackson/jackson-jaxrs/1.9.13/jackson-jaxrs-1.9.13.jar:/home/user/.m2/repository/org/codehaus/jackson/jackson-xc/1.9.13/jackson-xc-1.9.13.jar:/home/user/.m2/repository/com/sun/jersey/jersey-server/1.19/jersey-server-1.19.jar:/home/user/.m2/repository/commons-logging/commons-logging/1.1.3/commons-logging-1.1.3.jar:/home/user/.m2/repository/log4j/log4j/1.2.17/log4j-1.2.17.jar:/home/user/.m2/repository/commons-beanutils/commons-beanutils/1.9.3/commons-beanutils-1.9.3.jar:/home/user/.m2/repository/org/apache/commons/commons-configuration2/2.1.1/commons-configuration2-2.1.1.jar:/home/user/.m2/repository/org/apache/commons/commons-lang3/3.7/commons-lang3-3.7.jar:/home/user/.m2/repository/org/apache/commons/commons-text/1.4/commons-text-1.4.jar:/home/user/.m2/repository/org/slf4j/slf4j-api/1.7.25/slf4j-api-1.7.25.jar:/home/user/.m2/repository/org/slf4j/slf4j-log4j12/1.7.25/slf4j-log4j12-1.7.25.jar:/home/user/.m2/repository/org/apache/avro/avro/1.7.7/avro-1.7.7.jar:/home/user/.m2/repository/com/thoughtworks/paranamer/paranamer/2.3/paranamer-2.3.jar:/home/user/.m2/repository/org/xerial/snappy/snappy-java/1.0.5/snappy-java-1.0.5.jar:/home/user/.m2/repository/com/google/re2j/re2j/1.1/re2j-1.1.jar:/home/user/.m2/repository/com/google/code/gson/gson/2.2.4/gson-2.2.4.jar:/home/user/.m2/repository/org/apache/hadoop/hadoop-auth/3.2.0/hadoop-auth-3.2.0.jar:/home/user/.m2/repository/com/nimbusds/nimbus-jose-jwt/4.41.1/nimbus-jose-jwt-4.41.1.jar:/home/user/.m2/repository/com/github/stephenc/jcip/jcip-annotations/1.0-1/jcip-annotations-1.0-1.jar:/home/user/.m2/repository/net/minidev/json-smart/2.3/json-smart-2.3.jar:/home/user/.m2/repository/net/minidev/accessors-smart/1.2/accessors-smart-1.2.jar:/home/user/.m2/repository/org/apache/curator/curator-framework/2.12.0/curator-framework-2.12.0.jar:/home/user/.m2/repository/com/jcraft/jsch/0.1.54/jsch-0.1.54.jar:/home/user/.m2/repository/org/apache/curator/curator-client/2.12.0/curator-client-2.12.0.jar:/home/user/.m2/repository/org/apache/curator/curator-recipes/2.12.0/curator-recipes-2.12.0.jar:/home/user/.m2/repository/com/google/code/findbugs/jsr305/3.0.0/jsr305-3.0.0.jar:/home/user/.m2/repository/org/apache/htrace/htrace-core4/4.1.0-incubating/htrace-core4-4.1.0-incubating.jar:/home/user/.m2/repository/org/apache/zookeeper/zookeeper/3.4.13/zookeeper-3.4.13.jar:/home/user/.m2/repository/org/apache/yetus/audience-annotations/0.5.0/audience-annotations-0.5.0.jar:/home/user/.m2/repository/org/apache/kerby/kerb-simplekdc/1.0.1/kerb-simplekdc-1.0.1.jar:/home/user/.m2/repository/org/apache/kerby/kerb-client/1.0.1/kerb-client-1.0.1.jar:/home/user/.m2/repository/org/apache/kerby/kerby-config/1.0.1/kerby-config-1.0.1.jar:/home/user/.m2/repository/org/apache/kerby/kerb-core/1.0.1/kerb-core-1.0.1.jar:/home/user/.m2/repository/org/apache/kerby/kerby-pkix/1.0.1/kerby-pkix-1.0.1.jar:/home/user/.m2/repository/org/apache/kerby/kerby-asn1/1.0.1/kerby-asn1-1.0.1.jar:/home/user/.m2/repository/org/apache/kerby/kerby-util/1.0.1/kerby-util-1.0.1.jar:/home/user/.m2/repository/org/apache/kerby/kerb-common/1.0.1/kerb-common-1.0.1.jar:/home/user/.m2/repository/org/apache/kerby/kerb-crypto/1.0.1/kerb-crypto-1.0.1.jar:/home/user/.m2/repository/org/apache/kerby/kerb-util/1.0.1/kerb-util-1.0.1.jar:/home/user/.m2/repository/org/apache/kerby/token-provider/1.0.1/token-provider-1.0.1.jar:/home/user/.m2/repository/org/apache/kerby/kerb-admin/1.0.1/kerb-admin-1.0.1.jar:/home/user/.m2/repository/org/apache/kerby/kerb-server/1.0.1/kerb-server-1.0.1.jar:/home/user/.m2/repository/org/apache/kerby/kerb-identity/1.0.1/kerb-identity-1.0.1.jar:/home/user/.m2/repository/org/apache/kerby/kerby-xdr/1.0.1/kerby-xdr-1.0.1.jar:/home/user/.m2/repository/com/fasterxml/jackson/core/jackson-databind/2.9.5/jackson-databind-2.9.5.jar:/home/user/.m2/repository/com/fasterxml/jackson/core/jackson-core/2.9.5/jackson-core-2.9.5.jar:/home/user/.m2/repository/org/codehaus/woodstox/stax2-api/3.1.4/stax2-api-3.1.4.jar:/home/user/.m2/repository/com/fasterxml/woodstox/woodstox-core/5.0.3/woodstox-core-5.0.3.jar:/home/user/.m2/repository/dnsjava/dnsjava/2.1.7/dnsjava-2.1.7.jar:/home/user/.m2/repository/org/apache/hadoop/hadoop-hdfs/3.2.0/hadoop-hdfs-3.2.0.jar:/home/user/.m2/repository/org/eclipse/jetty/jetty-util-ajax/9.3.24.v20180605/jetty-util-ajax-9.3.24.v20180605.jar:/home/user/.m2/repository/commons-daemon/commons-daemon/1.0.13/commons-daemon-1.0.13.jar:/home/user/.m2/repository/io/netty/netty/3.10.5.Final/netty-3.10.5.Final.jar:/home/user/.m2/repository/io/netty/netty-all/4.0.52.Final/netty-all-4.0.52.Final.jar:/home/user/.m2/repository/org/fusesource/leveldbjni/leveldbjni-all/1.8/leveldbjni-all-1.8.jar:/home/user/.m2/repository/com/sun/xml/bind/jaxb-core/2.3.0.1/jaxb-core-2.3.0.1.jar:/home/user/.m2/repository/javax/xml/bind/jaxb-api/2.3.0/jaxb-api-2.3.0.jar:/home/user/.m2/repository/javax/activation/activation/1.1.1/activation-1.1.1.jar:/home/user/.m2/repository/io/dropwizard/metrics/metrics-core/3.2.4/metrics-core-3.2.4.jar:/home/user/.m2/repository/org/openjdk/jmh/jmh-core/1.19/jmh-core-1.19.jar:/home/user/.m2/repository/net/sf/jopt-simple/jopt-simple/4.6/jopt-simple-4.6.jar:/home/user/.m2/repository/org/openjdk/jmh/jmh-generator-annprocess/1.19/jmh-generator-annprocess-1.19.jar:/home/user/.m2/repository/com/google/code/findbugs/findbugs/3.0.1/findbugs-3.0.1.jar:/home/user/.m2/repository/net/jcip/jcip-annotations/1.0/jcip-annotations-1.0.jar:/home/user/.m2/repository/com/google/code/findbugs/bcel-findbugs/6.0/bcel-findbugs-6.0.jar:/home/user/.m2/repository/com/google/code/findbugs/jFormatString/2.0.1/jFormatString-2.0.1.jar:/home/user/.m2/repository/dom4j/dom4j/1.6.1/dom4j-1.6.1.jar:/home/user/.m2/repository/xml-apis/xml-apis/1.0.b2/xml-apis-1.0.b2.jar:/home/user/.m2/repository/org/ow2/asm/asm-debug-all/5.0.2/asm-debug-all-5.0.2.jar:/home/user/.m2/repository/org/ow2/asm/asm-commons/5.0.2/asm-commons-5.0.2.jar:/home/user/.m2/repository/org/ow2/asm/asm-tree/5.0.2/asm-tree-5.0.2.jar:/home/user/.m2/repository/org/ow2/asm/asm/5.0.4/asm-5.0.4.jar:/home/user/.m2/repository/commons-lang/commons-lang/2.6/commons-lang-2.6.jar:/home/user/.m2/repository/com/apple/AppleJavaExtensions/1.4/AppleJavaExtensions-1.4.jar:/home/user/.m2/repository/jaxen/jaxen/1.1.6/jaxen-1.1.6.jar:/home/user/.m2/repository/junit/junit/4.11/junit-4.11.jar:/home/user/.m2/repository/org/hamcrest/hamcrest-core/1.3/hamcrest-core-1.3.jar:/home/user/.m2/repository/org/apache/hadoop/hadoop-common/3.2.0/hadoop-common-3.2.0-tests.jar:/workdir/hadoop-ozone/integration-test/target/test-classes:/home/user/.m2/repository/org/apache/hadoop/hadoop-ozone-objectstore-service/0.5.0-SNAPSHOT/hadoop-ozone-objectstore-service-0.5.0-SNAPSHOT.jar:/home/user/.m2/repository/org/apache/hadoop/hadoop-ozone-s3gateway/0.5.0-SNAPSHOT/hadoop-ozone-s3gateway-0.5.0-SNAPSHOT.jar:/home/user/.m2/repository/org/jboss/weld/servlet/weld-servlet/2.4.7.Final/weld-servlet-2.4.7.Final.jar:/home/user/.m2/repository/org/glassfish/jersey/containers/jersey-container-servlet-core/2.27/jersey-container-servlet-core-2.27.jar:/home/user/.m2/repository/org/glassfish/hk2/external/javax.inject/2.5.0-b42/javax.inject-2.5.0-b42.jar:/home/user/.m2/repository/org/glassfish/jersey/core/jersey-common/2.27/jersey-common-2.27.jar:/home/user/.m2/repository/org/glassfish/hk2/osgi-resource-locator/1.0.1/osgi-resource-locator-1.0.1.jar:/home/user/.m2/repository/javax/ws/rs/javax.ws.rs-api/2.1/javax.ws.rs-api-2.1.jar:/home/user/.m2/repository/org/glassfish/jersey/ext/cdi/jersey-cdi1x/2.27/jersey-cdi1x-2.27.jar:/home/user/.m2/repository/org/glassfish/jersey/inject/jersey-hk2/2.27/jersey-hk2-2.27.jar:/home/user/.m2/repository/org/glassfish/hk2/hk2-locator/2.5.0-b42/hk2-locator-2.5.0-b42.jar:/home/user/.m2/repository/org/javassist/javassist/3.22.0-CR2/javassist-3.22.0-CR2.jar:/home/user/.m2/repository/org/glassfish/hk2/hk2-api/2.5.0/hk2-api-2.5.0.jar:/home/user/.m2/repository/org/glassfish/hk2/external/jakarta.inject/2.5.0/jakarta.inject-2.5.0.jar:/home/user/.m2/repository/org/glassfish/hk2/hk2-utils/2.5.0/hk2-utils-2.5.0.jar:/home/user/.m2/repository/jakarta/annotation/jakarta.annotation-api/1.3.4/jakarta.annotation-api-1.3.4.jar:/home/user/.m2/repository/org/glassfish/hk2/external/aopalliance-repackaged/2.5.0/aopalliance-repackaged-2.5.0.jar:/home/user/.m2/repository/com/fasterxml/jackson/dataformat/jackson-dataformat-xml/2.9.0/jackson-dataformat-xml-2.9.0.jar:/home/user/.m2/repository/com/fasterxml/jackson/module/jackson-module-jaxb-annotations/2.9.5/jackson-module-jaxb-annotations-2.9.5.jar:/home/user/.m2/repository/javax/enterprise/cdi-api/1.2/cdi-api-1.2.jar:/home/user/.m2/repository/javax/el/javax.el-api/3.0.0/javax.el-api-3.0.0.jar:/home/user/.m2/repository/javax/interceptor/javax.interceptor-api/1.2/javax.interceptor-api-1.2.jar:/home/user/.m2/repository/javax/inject/javax.inject/1/javax.inject-1.jar:/home/user/.m2/repository/org/apache/hadoop/hadoop-ozone-csi/0.5.0-SNAPSHOT/hadoop-ozone-csi-0.5.0-SNAPSHOT.jar:/home/user/.m2/repository/com/google/protobuf/protobuf-java-util/3.5.1/protobuf-java-util-3.5.1.jar:/home/user/.m2/repository/io/grpc/grpc-netty/1.17.1/grpc-netty-1.17.1.jar:/home/user/.m2/repository/io/grpc/grpc-core/1.17.1/grpc-core-1.17.1.jar:/home/user/.m2/repository/io/grpc/grpc-context/1.17.1/grpc-context-1.17.1.jar:/home/user/.m2/repository/com/google/errorprone/error_prone_annotations/2.2.0/error_prone_annotations-2.2.0.jar:/home/user/.m2/repository/org/codehaus/mojo/animal-sniffer-annotations/1.17/animal-sniffer-annotations-1.17.jar:/home/user/.m2/repository/io/opencensus/opencensus-api/0.17.0/opencensus-api-0.17.0.jar:/home/user/.m2/repository/io/opencensus/opencensus-contrib-grpc-metrics/0.17.0/opencensus-contrib-grpc-metrics-0.17.0.jar:/home/user/.m2/repository/io/netty/netty-codec-http2/4.1.30.Final/netty-codec-http2-4.1.30.Final.jar:/home/user/.m2/repository/io/netty/netty-codec-http/4.1.30.Final/netty-codec-http-4.1.30.Final.jar:/home/user/.m2/repository/io/netty/netty-codec/4.1.30.Final/netty-codec-4.1.30.Final.jar:/home/user/.m2/repository/io/netty/netty-handler/4.1.30.Final/netty-handler-4.1.30.Final.jar:/home/user/.m2/repository/io/netty/netty-handler-proxy/4.1.30.Final/netty-handler-proxy-4.1.30.Final.jar:/home/user/.m2/repository/io/netty/netty-codec-socks/4.1.30.Final/netty-codec-socks-4.1.30.Final.jar:/home/user/.m2/repository/io/netty/netty-transport-native-epoll/4.1.30.Final/netty-transport-native-epoll-4.1.30.Final.jar:/home/user/.m2/repository/io/netty/netty-common/4.1.30.Final/netty-common-4.1.30.Final.jar:/home/user/.m2/repository/io/netty/netty-buffer/4.1.30.Final/netty-buffer-4.1.30.Final.jar:/home/user/.m2/repository/io/netty/netty-transport/4.1.30.Final/netty-transport-4.1.30.Final.jar:/home/user/.m2/repository/io/netty/netty-resolver/4.1.30.Final/netty-resolver-4.1.30.Final.jar:/home/user/.m2/repository/io/netty/netty-transport-native-unix-common/4.1.30.Final/netty-transport-native-unix-common-4.1.30.Final.jar:/home/user/.m2/repository/io/grpc/grpc-protobuf/1.17.1/grpc-protobuf-1.17.1.jar:/home/user/.m2/repository/com/google/api/grpc/proto-google-common-protos/1.0.0/proto-google-common-protos-1.0.0.jar:/home/user/.m2/repository/io/grpc/grpc-protobuf-lite/1.17.1/grpc-protobuf-lite-1.17.1.jar:/home/user/.m2/repository/io/grpc/grpc-stub/1.17.1/grpc-stub-1.17.1.jar:/home/user/.m2/repository/org/apache/hadoop/hadoop-ozone-recon/0.5.0-SNAPSHOT/hadoop-ozone-recon-0.5.0-SNAPSHOT.jar:/home/user/.m2/repository/org/apache/hadoop/hadoop-ozone-reconcodegen/0.5.0-SNAPSHOT/hadoop-ozone-reconcodegen-0.5.0-SNAPSHOT.jar:/home/user/.m2/repository/com/google/inject/extensions/guice-multibindings/4.0/guice-multibindings-4.0.jar:/home/user/.m2/repository/com/google/inject/guice/4.0/guice-4.0.jar:/home/user/.m2/repository/aopalliance/aopalliance/1.0/aopalliance-1.0.jar:/home/user/.m2/repository/com/google/inject/extensions/guice-servlet/4.0/guice-servlet-4.0.jar:/home/user/.m2/repository/org/glassfish/jersey/containers/jersey-container-servlet/2.27/jersey-container-servlet-2.27.jar:/home/user/.m2/repository/org/glassfish/hk2/guice-bridge/2.5.0/guice-bridge-2.5.0.jar:/home/user/.m2/repository/org/glassfish/jersey/core/jersey-server/2.27/jersey-server-2.27.jar:/home/user/.m2/repository/org/glassfish/jersey/core/jersey-client/2.27/jersey-client-2.27.jar:/home/user/.m2/repository/org/glassfish/jersey/media/jersey-media-jaxb/2.27/jersey-media-jaxb-2.27.jar:/home/user/.m2/repository/javax/validation/validation-api/1.1.0.Final/validation-api-1.1.0.Final.jar:/home/user/.m2/repository/org/glassfish/jersey/media/jersey-media-json-jackson/2.27/jersey-media-json-jackson-2.27.jar:/home/user/.m2/repository/org/glassfish/jersey/ext/jersey-entity-filtering/2.27/jersey-entity-filtering-2.27.jar:/home/user/.m2/repository/com/google/inject/extensions/guice-assistedinject/4.0/guice-assistedinject-4.0.jar:/home/user/.m2/repository/org/jooq/jooq/3.11.10/jooq-3.11.10.jar:/home/user/.m2/repository/org/jooq/jooq-meta/3.11.10/jooq-meta-3.11.10.jar:/home/user/.m2/repository/org/jooq/jooq-codegen/3.11.10/jooq-codegen-3.11.10.jar:/home/user/.m2/repository/com/jolbox/bonecp/0.8.0.RELEASE/bonecp-0.8.0.RELEASE.jar:/home/user/.m2/repository/org/springframework/spring-jdbc/5.1.3.RELEASE/spring-jdbc-5.1.3.RELEASE.jar:/home/user/.m2/repository/org/springframework/spring-beans/5.1.3.RELEASE/spring-beans-5.1.3.RELEASE.jar:/home/user/.m2/repository/org/springframework/spring-core/5.1.3.RELEASE/spring-core-5.1.3.RELEASE.jar:/home/user/.m2/repository/org/springframework/spring-jcl/5.1.3.RELEASE/spring-jcl-5.1.3.RELEASE.jar:/home/user/.m2/repository/org/springframework/spring-tx/5.1.3.RELEASE/spring-tx-5.1.3.RELEASE.jar:/home/user/.m2/repository/org/mockito/mockito-core/2.15.0/mockito-core-2.15.0.jar:/home/user/.m2/repository/net/bytebuddy/byte-buddy/1.7.9/byte-buddy-1.7.9.jar:/home/user/.m2/repository/net/bytebuddy/byte-buddy-agent/1.7.9/byte-buddy-agent-1.7.9.jar:/home/user/.m2/repository/org/objenesis/objenesis/1.0/objenesis-1.0.jar:"/>
    <property name="java.vm.vendor" value="IcedTea"/>
    <property name="sun.arch.data.model" value="64"/>
    <property name="test.build.dir" value="/workdir/hadoop-ozone/tools/target/test-dir"/>
    <property name="test.cache.data" value=""/>
    <property name="java.vendor.url" value="https://icedtea.classpath.org"/>
    <property name="user.timezone" value=""/>
    <property name="java.vm.specification.version" value="1.8"/>
    <property name="os.name" value="Linux"/>
    <property name="test.build.data" value="/workdir/hadoop-ozone/tools/target/test-dir"/>
    <property name="user.country" value="US"/>
    <property name="sun.java.launcher" value="SUN_STANDARD"/>
    <property name="sun.boot.library.path" value="/usr/lib/jvm/java-1.8-openjdk/jre/lib/amd64"/>
    <property name="sun.java.command" value="/workdir/hadoop-ozone/tools/target/surefire/surefirebooter2336353522397666359.jar /workdir/hadoop-ozone/tools/target/surefire 2019-08-20T13-38-49_177-jvmRun1 surefire6657654463374965390tmp surefire_1218280518485463568012tmp"/>
    <property name="test" value="!TestMiniChaosOzoneCluster"/>
    <property name="surefire.test.class.path" value="/workdir/hadoop-ozone/tools/target/test-classes:/workdir/hadoop-ozone/tools/target/classes:/home/user/.m2/repository/org/apache/hadoop/hadoop-ozone-ozone-manager/0.5.0-SNAPSHOT/hadoop-ozone-ozone-manager-0.5.0-SNAPSHOT.jar:/home/user/.m2/repository/org/apache/hadoop/hadoop-hdds-docs/0.5.0-SNAPSHOT/hadoop-hdds-docs-0.5.0-SNAPSHOT.jar:/home/user/.m2/repository/org/bouncycastle/bcprov-jdk15on/1.60/bcprov-jdk15on-1.60.jar:/home/user/.m2/repository/org/apache/hadoop/hadoop-ozone-common/0.5.0-SNAPSHOT/hadoop-ozone-common-0.5.0-SNAPSHOT.jar:/home/user/.m2/repository/org/apache/commons/commons-compress/1.4.1/commons-compress-1.4.1.jar:/home/user/.m2/repository/org/tukaani/xz/1.0/xz-1.0.jar:/home/user/.m2/repository/org/apache/hadoop/hadoop-hdfs-client/3.2.0/hadoop-hdfs-client-3.2.0.jar:/home/user/.m2/repository/com/fasterxml/jackson/core/jackson-annotations/2.9.5/jackson-annotations-2.9.5.jar:/home/user/.m2/repository/org/apache/hadoop/hadoop-hdds-common/0.5.0-SNAPSHOT/hadoop-hdds-common-0.5.0-SNAPSHOT.jar:/home/user/.m2/repository/org/apache/hadoop/hadoop-hdds-config/0.5.0-SNAPSHOT/hadoop-hdds-config-0.5.0-SNAPSHOT.jar:/home/user/.m2/repository/javax/annotation/javax.annotation-api/1.2/javax.annotation-api-1.2.jar:/home/user/.m2/repository/org/apache/ratis/ratis-server/0.4.0-2337318-SNAPSHOT/ratis-server-0.4.0-2337318-SNAPSHOT.jar:/home/user/.m2/repository/org/apache/ratis/ratis-thirdparty-misc/0.2.0/ratis-thirdparty-misc-0.2.0.jar:/home/user/.m2/repository/org/apache/ratis/ratis-proto/0.4.0-2337318-SNAPSHOT/ratis-proto-0.4.0-2337318-SNAPSHOT.jar:/home/user/.m2/repository/org/apache/ratis/ratis-common/0.4.0-2337318-SNAPSHOT/ratis-common-0.4.0-2337318-SNAPSHOT.jar:/home/user/.m2/repository/org/apache/ratis/ratis-client/0.4.0-2337318-SNAPSHOT/ratis-client-0.4.0-2337318-SNAPSHOT.jar:/home/user/.m2/repository/org/apache/ratis/ratis-metrics/0.4.0-2337318-SNAPSHOT/ratis-metrics-0.4.0-2337318-SNAPSHOT.jar:/home/user/.m2/repository/org/apache/ratis/ratis-netty/0.4.0-2337318-SNAPSHOT/ratis-netty-0.4.0-2337318-SNAPSHOT.jar:/home/user/.m2/repository/org/apache/ratis/ratis-grpc/0.4.0-2337318-SNAPSHOT/ratis-grpc-0.4.0-2337318-SNAPSHOT.jar:/home/user/.m2/repository/org/rocksdb/rocksdbjni/6.0.1/rocksdbjni-6.0.1.jar:/home/user/.m2/repository/org/apache/logging/log4j/log4j-api/2.11.0/log4j-api-2.11.0.jar:/home/user/.m2/repository/org/apache/logging/log4j/log4j-core/2.11.0/log4j-core-2.11.0.jar:/home/user/.m2/repository/com/lmax/disruptor/3.4.2/disruptor-3.4.2.jar:/home/user/.m2/repository/org/apache/commons/commons-pool2/2.6.0/commons-pool2-2.6.0.jar:/home/user/.m2/repository/org/bouncycastle/bcpkix-jdk15on/1.60/bcpkix-jdk15on-1.60.jar:/home/user/.m2/repository/commons-validator/commons-validator/1.6/commons-validator-1.6.jar:/home/user/.m2/repository/commons-digester/commons-digester/1.8.1/commons-digester-1.8.1.jar:/home/user/.m2/repository/io/jaegertracing/jaeger-client/0.33.1/jaeger-client-0.33.1.jar:/home/user/.m2/repository/io/jaegertracing/jaeger-thrift/0.33.1/jaeger-thrift-0.33.1.jar:/home/user/.m2/repository/org/apache/thrift/libthrift/0.11.0/libthrift-0.11.0.jar:/home/user/.m2/repository/com/squareup/okhttp3/okhttp/3.9.0/okhttp-3.9.0.jar:/home/user/.m2/repository/com/squareup/okio/okio/1.13.0/okio-1.13.0.jar:/home/user/.m2/repository/io/jaegertracing/jaeger-core/0.33.1/jaeger-core-0.33.1.jar:/home/user/.m2/repository/io/jaegertracing/jaeger-tracerresolver/0.33.1/jaeger-tracerresolver-0.33.1.jar:/home/user/.m2/repository/io/opentracing/contrib/opentracing-tracerresolver/0.1.5/opentracing-tracerresolver-0.1.5.jar:/home/user/.m2/repository/io/opentracing/opentracing-util/0.31.0/opentracing-util-0.31.0.jar:/home/user/.m2/repository/io/opentracing/opentracing-api/0.31.0/opentracing-api-0.31.0.jar:/home/user/.m2/repository/io/opentracing/opentracing-noop/0.31.0/opentracing-noop-0.31.0.jar:/home/user/.m2/repository/org/yaml/snakeyaml/1.16/snakeyaml-1.16.jar:/home/user/.m2/repository/org/apache/hadoop/hadoop-hdds-container-service/0.5.0-SNAPSHOT/hadoop-hdds-container-service-0.5.0-SNAPSHOT.jar:/home/user/.m2/repository/org/apache/hadoop/hadoop-hdds-client/0.5.0-SNAPSHOT/hadoop-hdds-client-0.5.0-SNAPSHOT.jar:/home/user/.m2/repository/org/apache/hadoop/hadoop-hdds-tools/0.5.0-SNAPSHOT/hadoop-hdds-tools-0.5.0-SNAPSHOT.jar:/home/user/.m2/repository/org/xerial/sqlite-jdbc/3.25.2/sqlite-jdbc-3.25.2.jar:/home/user/.m2/repository/org/apache/hadoop/hadoop-hdds-server-scm/0.5.0-SNAPSHOT/hadoop-hdds-server-scm-0.5.0-SNAPSHOT.jar:/home/user/.m2/repository/org/hamcrest/hamcrest-all/1.3/hamcrest-all-1.3.jar:/home/user/.m2/repository/info/picocli/picocli/3.9.6/picocli-3.9.6.jar:/home/user/.m2/repository/com/google/protobuf/protobuf-java/2.5.0/protobuf-java-2.5.0.jar:/home/user/.m2/repository/com/google/guava/guava/11.0.2/guava-11.0.2.jar:/home/user/.m2/repository/org/apache/hadoop/hadoop-ozone-client/0.5.0-SNAPSHOT/hadoop-ozone-client-0.5.0-SNAPSHOT.jar:/workdir/hadoop-ozone/ozonefs/target/classes:/home/user/.m2/repository/org/apache/hadoop/hadoop-hdds-server-framework/0.5.0-SNAPSHOT/hadoop-hdds-server-framework-0.5.0-SNAPSHOT.jar:/home/user/.m2/repository/org/apache/hadoop/hadoop-common/3.2.0/hadoop-common-3.2.0.jar:/home/user/.m2/repository/org/apache/hadoop/hadoop-annotations/3.2.0/hadoop-annotations-3.2.0.jar:/usr/lib/jvm/java-1.8-openjdk/jre/../lib/tools.jar:/home/user/.m2/repository/commons-cli/commons-cli/1.2/commons-cli-1.2.jar:/home/user/.m2/repository/org/apache/commons/commons-math3/3.1.1/commons-math3-3.1.1.jar:/home/user/.m2/repository/org/apache/httpcomponents/httpclient/4.5.2/httpclient-4.5.2.jar:/home/user/.m2/repository/org/apache/httpcomponents/httpcore/4.4.4/httpcore-4.4.4.jar:/home/user/.m2/repository/commons-codec/commons-codec/1.11/commons-codec-1.11.jar:/home/user/.m2/repository/commons-io/commons-io/2.5/commons-io-2.5.jar:/home/user/.m2/repository/commons-net/commons-net/3.6/commons-net-3.6.jar:/home/user/.m2/repository/commons-collections/commons-collections/3.2.2/commons-collections-3.2.2.jar:/home/user/.m2/repository/javax/servlet/javax.servlet-api/3.1.0/javax.servlet-api-3.1.0.jar:/home/user/.m2/repository/org/eclipse/jetty/jetty-server/9.3.24.v20180605/jetty-server-9.3.24.v20180605.jar:/home/user/.m2/repository/org/eclipse/jetty/jetty-http/9.3.24.v20180605/jetty-http-9.3.24.v20180605.jar:/home/user/.m2/repository/org/eclipse/jetty/jetty-io/9.3.24.v20180605/jetty-io-9.3.24.v20180605.jar:/home/user/.m2/repository/org/eclipse/jetty/jetty-util/9.3.24.v20180605/jetty-util-9.3.24.v20180605.jar:/home/user/.m2/repository/org/eclipse/jetty/jetty-servlet/9.3.24.v20180605/jetty-servlet-9.3.24.v20180605.jar:/home/user/.m2/repository/org/eclipse/jetty/jetty-security/9.3.24.v20180605/jetty-security-9.3.24.v20180605.jar:/home/user/.m2/repository/org/eclipse/jetty/jetty-webapp/9.3.24.v20180605/jetty-webapp-9.3.24.v20180605.jar:/home/user/.m2/repository/org/eclipse/jetty/jetty-xml/9.3.24.v20180605/jetty-xml-9.3.24.v20180605.jar:/home/user/.m2/repository/javax/servlet/jsp/jsp-api/2.1/jsp-api-2.1.jar:/home/user/.m2/repository/com/sun/jersey/jersey-core/1.19/jersey-core-1.19.jar:/home/user/.m2/repository/javax/ws/rs/jsr311-api/1.1.1/jsr311-api-1.1.1.jar:/home/user/.m2/repository/com/sun/jersey/jersey-servlet/1.19/jersey-servlet-1.19.jar:/home/user/.m2/repository/com/sun/jersey/jersey-json/1.19/jersey-json-1.19.jar:/home/user/.m2/repository/org/codehaus/jettison/jettison/1.1/jettison-1.1.jar:/home/user/.m2/repository/com/sun/xml/bind/jaxb-impl/2.3.0.1/jaxb-impl-2.3.0.1.jar:/home/user/.m2/repository/org/codehaus/jackson/jackson-core-asl/1.9.13/jackson-core-asl-1.9.13.jar:/home/user/.m2/repository/org/codehaus/jackson/jackson-mapper-asl/1.9.13/jackson-mapper-asl-1.9.13.jar:/home/user/.m2/repository/org/codehaus/jackson/jackson-jaxrs/1.9.13/jackson-jaxrs-1.9.13.jar:/home/user/.m2/repository/org/codehaus/jackson/jackson-xc/1.9.13/jackson-xc-1.9.13.jar:/home/user/.m2/repository/com/sun/jersey/jersey-server/1.19/jersey-server-1.19.jar:/home/user/.m2/repository/commons-logging/commons-logging/1.1.3/commons-logging-1.1.3.jar:/home/user/.m2/repository/log4j/log4j/1.2.17/log4j-1.2.17.jar:/home/user/.m2/repository/commons-beanutils/commons-beanutils/1.9.3/commons-beanutils-1.9.3.jar:/home/user/.m2/repository/org/apache/commons/commons-configuration2/2.1.1/commons-configuration2-2.1.1.jar:/home/user/.m2/repository/org/apache/commons/commons-lang3/3.7/commons-lang3-3.7.jar:/home/user/.m2/repository/org/apache/commons/commons-text/1.4/commons-text-1.4.jar:/home/user/.m2/repository/org/slf4j/slf4j-api/1.7.25/slf4j-api-1.7.25.jar:/home/user/.m2/repository/org/slf4j/slf4j-log4j12/1.7.25/slf4j-log4j12-1.7.25.jar:/home/user/.m2/repository/org/apache/avro/avro/1.7.7/avro-1.7.7.jar:/home/user/.m2/repository/com/thoughtworks/paranamer/paranamer/2.3/paranamer-2.3.jar:/home/user/.m2/repository/org/xerial/snappy/snappy-java/1.0.5/snappy-java-1.0.5.jar:/home/user/.m2/repository/com/google/re2j/re2j/1.1/re2j-1.1.jar:/home/user/.m2/repository/com/google/code/gson/gson/2.2.4/gson-2.2.4.jar:/home/user/.m2/repository/org/apache/hadoop/hadoop-auth/3.2.0/hadoop-auth-3.2.0.jar:/home/user/.m2/repository/com/nimbusds/nimbus-jose-jwt/4.41.1/nimbus-jose-jwt-4.41.1.jar:/home/user/.m2/repository/com/github/stephenc/jcip/jcip-annotations/1.0-1/jcip-annotations-1.0-1.jar:/home/user/.m2/repository/net/minidev/json-smart/2.3/json-smart-2.3.jar:/home/user/.m2/repository/net/minidev/accessors-smart/1.2/accessors-smart-1.2.jar:/home/user/.m2/repository/org/apache/curator/curator-framework/2.12.0/curator-framework-2.12.0.jar:/home/user/.m2/repository/com/jcraft/jsch/0.1.54/jsch-0.1.54.jar:/home/user/.m2/repository/org/apache/curator/curator-client/2.12.0/curator-client-2.12.0.jar:/home/user/.m2/repository/org/apache/curator/curator-recipes/2.12.0/curator-recipes-2.12.0.jar:/home/user/.m2/repository/com/google/code/findbugs/jsr305/3.0.0/jsr305-3.0.0.jar:/home/user/.m2/repository/org/apache/htrace/htrace-core4/4.1.0-incubating/htrace-core4-4.1.0-incubating.jar:/home/user/.m2/repository/org/apache/zookeeper/zookeeper/3.4.13/zookeeper-3.4.13.jar:/home/user/.m2/repository/org/apache/yetus/audience-annotations/0.5.0/audience-annotations-0.5.0.jar:/home/user/.m2/repository/org/apache/kerby/kerb-simplekdc/1.0.1/kerb-simplekdc-1.0.1.jar:/home/user/.m2/repository/org/apache/kerby/kerb-client/1.0.1/kerb-client-1.0.1.jar:/home/user/.m2/repository/org/apache/kerby/kerby-config/1.0.1/kerby-config-1.0.1.jar:/home/user/.m2/repository/org/apache/kerby/kerb-core/1.0.1/kerb-core-1.0.1.jar:/home/user/.m2/repository/org/apache/kerby/kerby-pkix/1.0.1/kerby-pkix-1.0.1.jar:/home/user/.m2/repository/org/apache/kerby/kerby-asn1/1.0.1/kerby-asn1-1.0.1.jar:/home/user/.m2/repository/org/apache/kerby/kerby-util/1.0.1/kerby-util-1.0.1.jar:/home/user/.m2/repository/org/apache/kerby/kerb-common/1.0.1/kerb-common-1.0.1.jar:/home/user/.m2/repository/org/apache/kerby/kerb-crypto/1.0.1/kerb-crypto-1.0.1.jar:/home/user/.m2/repository/org/apache/kerby/kerb-util/1.0.1/kerb-util-1.0.1.jar:/home/user/.m2/repository/org/apache/kerby/token-provider/1.0.1/token-provider-1.0.1.jar:/home/user/.m2/repository/org/apache/kerby/kerb-admin/1.0.1/kerb-admin-1.0.1.jar:/home/user/.m2/repository/org/apache/kerby/kerb-server/1.0.1/kerb-server-1.0.1.jar:/home/user/.m2/repository/org/apache/kerby/kerb-identity/1.0.1/kerb-identity-1.0.1.jar:/home/user/.m2/repository/org/apache/kerby/kerby-xdr/1.0.1/kerby-xdr-1.0.1.jar:/home/user/.m2/repository/com/fasterxml/jackson/core/jackson-databind/2.9.5/jackson-databind-2.9.5.jar:/home/user/.m2/repository/com/fasterxml/jackson/core/jackson-core/2.9.5/jackson-core-2.9.5.jar:/home/user/.m2/repository/org/codehaus/woodstox/stax2-api/3.1.4/stax2-api-3.1.4.jar:/home/user/.m2/repository/com/fasterxml/woodstox/woodstox-core/5.0.3/woodstox-core-5.0.3.jar:/home/user/.m2/repository/dnsjava/dnsjava/2.1.7/dnsjava-2.1.7.jar:/home/user/.m2/repository/org/apache/hadoop/hadoop-hdfs/3.2.0/hadoop-hdfs-3.2.0.jar:/home/user/.m2/repository/org/eclipse/jetty/jetty-util-ajax/9.3.24.v20180605/jetty-util-ajax-9.3.24.v20180605.jar:/home/user/.m2/repository/commons-daemon/commons-daemon/1.0.13/commons-daemon-1.0.13.jar:/home/user/.m2/repository/io/netty/netty/3.10.5.Final/netty-3.10.5.Final.jar:/home/user/.m2/repository/io/netty/netty-all/4.0.52.Final/netty-all-4.0.52.Final.jar:/home/user/.m2/repository/org/fusesource/leveldbjni/leveldbjni-all/1.8/leveldbjni-all-1.8.jar:/home/user/.m2/repository/com/sun/xml/bind/jaxb-core/2.3.0.1/jaxb-core-2.3.0.1.jar:/home/user/.m2/repository/javax/xml/bind/jaxb-api/2.3.0/jaxb-api-2.3.0.jar:/home/user/.m2/repository/javax/activation/activation/1.1.1/activation-1.1.1.jar:/home/user/.m2/repository/io/dropwizard/metrics/metrics-core/3.2.4/metrics-core-3.2.4.jar:/home/user/.m2/repository/org/openjdk/jmh/jmh-core/1.19/jmh-core-1.19.jar:/home/user/.m2/repository/net/sf/jopt-simple/jopt-simple/4.6/jopt-simple-4.6.jar:/home/user/.m2/repository/org/openjdk/jmh/jmh-generator-annprocess/1.19/jmh-generator-annprocess-1.19.jar:/home/user/.m2/repository/com/google/code/findbugs/findbugs/3.0.1/findbugs-3.0.1.jar:/home/user/.m2/repository/net/jcip/jcip-annotations/1.0/jcip-annotations-1.0.jar:/home/user/.m2/repository/com/google/code/findbugs/bcel-findbugs/6.0/bcel-findbugs-6.0.jar:/home/user/.m2/repository/com/google/code/findbugs/jFormatString/2.0.1/jFormatString-2.0.1.jar:/home/user/.m2/repository/dom4j/dom4j/1.6.1/dom4j-1.6.1.jar:/home/user/.m2/repository/xml-apis/xml-apis/1.0.b2/xml-apis-1.0.b2.jar:/home/user/.m2/repository/org/ow2/asm/asm-debug-all/5.0.2/asm-debug-all-5.0.2.jar:/home/user/.m2/repository/org/ow2/asm/asm-commons/5.0.2/asm-commons-5.0.2.jar:/home/user/.m2/repository/org/ow2/asm/asm-tree/5.0.2/asm-tree-5.0.2.jar:/home/user/.m2/repository/org/ow2/asm/asm/5.0.4/asm-5.0.4.jar:/home/user/.m2/repository/commons-lang/commons-lang/2.6/commons-lang-2.6.jar:/home/user/.m2/repository/com/apple/AppleJavaExtensions/1.4/AppleJavaExtensions-1.4.jar:/home/user/.m2/repository/jaxen/jaxen/1.1.6/jaxen-1.1.6.jar:/home/user/.m2/repository/junit/junit/4.11/junit-4.11.jar:/home/user/.m2/repository/org/hamcrest/hamcrest-core/1.3/hamcrest-core-1.3.jar:/home/user/.m2/repository/org/apache/hadoop/hadoop-common/3.2.0/hadoop-common-3.2.0-tests.jar:/workdir/hadoop-ozone/integration-test/target/test-classes:/home/user/.m2/repository/org/apache/hadoop/hadoop-ozone-objectstore-service/0.5.0-SNAPSHOT/hadoop-ozone-objectstore-service-0.5.0-SNAPSHOT.jar:/home/user/.m2/repository/org/apache/hadoop/hadoop-ozone-s3gateway/0.5.0-SNAPSHOT/hadoop-ozone-s3gateway-0.5.0-SNAPSHOT.jar:/home/user/.m2/repository/org/jboss/weld/servlet/weld-servlet/2.4.7.Final/weld-servlet-2.4.7.Final.jar:/home/user/.m2/repository/org/glassfish/jersey/containers/jersey-container-servlet-core/2.27/jersey-container-servlet-core-2.27.jar:/home/user/.m2/repository/org/glassfish/hk2/external/javax.inject/2.5.0-b42/javax.inject-2.5.0-b42.jar:/home/user/.m2/repository/org/glassfish/jersey/core/jersey-common/2.27/jersey-common-2.27.jar:/home/user/.m2/repository/org/glassfish/hk2/osgi-resource-locator/1.0.1/osgi-resource-locator-1.0.1.jar:/home/user/.m2/repository/javax/ws/rs/javax.ws.rs-api/2.1/javax.ws.rs-api-2.1.jar:/home/user/.m2/repository/org/glassfish/jersey/ext/cdi/jersey-cdi1x/2.27/jersey-cdi1x-2.27.jar:/home/user/.m2/repository/org/glassfish/jersey/inject/jersey-hk2/2.27/jersey-hk2-2.27.jar:/home/user/.m2/repository/org/glassfish/hk2/hk2-locator/2.5.0-b42/hk2-locator-2.5.0-b42.jar:/home/user/.m2/repository/org/javassist/javassist/3.22.0-CR2/javassist-3.22.0-CR2.jar:/home/user/.m2/repository/org/glassfish/hk2/hk2-api/2.5.0/hk2-api-2.5.0.jar:/home/user/.m2/repository/org/glassfish/hk2/external/jakarta.inject/2.5.0/jakarta.inject-2.5.0.jar:/home/user/.m2/repository/org/glassfish/hk2/hk2-utils/2.5.0/hk2-utils-2.5.0.jar:/home/user/.m2/repository/jakarta/annotation/jakarta.annotation-api/1.3.4/jakarta.annotation-api-1.3.4.jar:/home/user/.m2/repository/org/glassfish/hk2/external/aopalliance-repackaged/2.5.0/aopalliance-repackaged-2.5.0.jar:/home/user/.m2/repository/com/fasterxml/jackson/dataformat/jackson-dataformat-xml/2.9.0/jackson-dataformat-xml-2.9.0.jar:/home/user/.m2/repository/com/fasterxml/jackson/module/jackson-module-jaxb-annotations/2.9.5/jackson-module-jaxb-annotations-2.9.5.jar:/home/user/.m2/repository/javax/enterprise/cdi-api/1.2/cdi-api-1.2.jar:/home/user/.m2/repository/javax/el/javax.el-api/3.0.0/javax.el-api-3.0.0.jar:/home/user/.m2/repository/javax/interceptor/javax.interceptor-api/1.2/javax.interceptor-api-1.2.jar:/home/user/.m2/repository/javax/inject/javax.inject/1/javax.inject-1.jar:/home/user/.m2/repository/org/apache/hadoop/hadoop-ozone-csi/0.5.0-SNAPSHOT/hadoop-ozone-csi-0.5.0-SNAPSHOT.jar:/home/user/.m2/repository/com/google/protobuf/protobuf-java-util/3.5.1/protobuf-java-util-3.5.1.jar:/home/user/.m2/repository/io/grpc/grpc-netty/1.17.1/grpc-netty-1.17.1.jar:/home/user/.m2/repository/io/grpc/grpc-core/1.17.1/grpc-core-1.17.1.jar:/home/user/.m2/repository/io/grpc/grpc-context/1.17.1/grpc-context-1.17.1.jar:/home/user/.m2/repository/com/google/errorprone/error_prone_annotations/2.2.0/error_prone_annotations-2.2.0.jar:/home/user/.m2/repository/org/codehaus/mojo/animal-sniffer-annotations/1.17/animal-sniffer-annotations-1.17.jar:/home/user/.m2/repository/io/opencensus/opencensus-api/0.17.0/opencensus-api-0.17.0.jar:/home/user/.m2/repository/io/opencensus/opencensus-contrib-grpc-metrics/0.17.0/opencensus-contrib-grpc-metrics-0.17.0.jar:/home/user/.m2/repository/io/netty/netty-codec-http2/4.1.30.Final/netty-codec-http2-4.1.30.Final.jar:/home/user/.m2/repository/io/netty/netty-codec-http/4.1.30.Final/netty-codec-http-4.1.30.Final.jar:/home/user/.m2/repository/io/netty/netty-codec/4.1.30.Final/netty-codec-4.1.30.Final.jar:/home/user/.m2/repository/io/netty/netty-handler/4.1.30.Final/netty-handler-4.1.30.Final.jar:/home/user/.m2/repository/io/netty/netty-handler-proxy/4.1.30.Final/netty-handler-proxy-4.1.30.Final.jar:/home/user/.m2/repository/io/netty/netty-codec-socks/4.1.30.Final/netty-codec-socks-4.1.30.Final.jar:/home/user/.m2/repository/io/netty/netty-transport-native-epoll/4.1.30.Final/netty-transport-native-epoll-4.1.30.Final.jar:/home/user/.m2/repository/io/netty/netty-common/4.1.30.Final/netty-common-4.1.30.Final.jar:/home/user/.m2/repository/io/netty/netty-buffer/4.1.30.Final/netty-buffer-4.1.30.Final.jar:/home/user/.m2/repository/io/netty/netty-transport/4.1.30.Final/netty-transport-4.1.30.Final.jar:/home/user/.m2/repository/io/netty/netty-resolver/4.1.30.Final/netty-resolver-4.1.30.Final.jar:/home/user/.m2/repository/io/netty/netty-transport-native-unix-common/4.1.30.Final/netty-transport-native-unix-common-4.1.30.Final.jar:/home/user/.m2/repository/io/grpc/grpc-protobuf/1.17.1/grpc-protobuf-1.17.1.jar:/home/user/.m2/repository/com/google/api/grpc/proto-google-common-protos/1.0.0/proto-google-common-protos-1.0.0.jar:/home/user/.m2/repository/io/grpc/grpc-protobuf-lite/1.17.1/grpc-protobuf-lite-1.17.1.jar:/home/user/.m2/repository/io/grpc/grpc-stub/1.17.1/grpc-stub-1.17.1.jar:/home/user/.m2/repository/org/apache/hadoop/hadoop-ozone-recon/0.5.0-SNAPSHOT/hadoop-ozone-recon-0.5.0-SNAPSHOT.jar:/home/user/.m2/repository/org/apache/hadoop/hadoop-ozone-reconcodegen/0.5.0-SNAPSHOT/hadoop-ozone-reconcodegen-0.5.0-SNAPSHOT.jar:/home/user/.m2/repository/com/google/inject/extensions/guice-multibindings/4.0/guice-multibindings-4.0.jar:/home/user/.m2/repository/com/google/inject/guice/4.0/guice-4.0.jar:/home/user/.m2/repository/aopalliance/aopalliance/1.0/aopalliance-1.0.jar:/home/user/.m2/repository/com/google/inject/extensions/guice-servlet/4.0/guice-servlet-4.0.jar:/home/user/.m2/repository/org/glassfish/jersey/containers/jersey-container-servlet/2.27/jersey-container-servlet-2.27.jar:/home/user/.m2/repository/org/glassfish/hk2/guice-bridge/2.5.0/guice-bridge-2.5.0.jar:/home/user/.m2/repository/org/glassfish/jersey/core/jersey-server/2.27/jersey-server-2.27.jar:/home/user/.m2/repository/org/glassfish/jersey/core/jersey-client/2.27/jersey-client-2.27.jar:/home/user/.m2/repository/org/glassfish/jersey/media/jersey-media-jaxb/2.27/jersey-media-jaxb-2.27.jar:/home/user/.m2/repository/javax/validation/validation-api/1.1.0.Final/validation-api-1.1.0.Final.jar:/home/user/.m2/repository/org/glassfish/jersey/media/jersey-media-json-jackson/2.27/jersey-media-json-jackson-2.27.jar:/home/user/.m2/repository/org/glassfish/jersey/ext/jersey-entity-filtering/2.27/jersey-entity-filtering-2.27.jar:/home/user/.m2/repository/com/google/inject/extensions/guice-assistedinject/4.0/guice-assistedinject-4.0.jar:/home/user/.m2/repository/org/jooq/jooq/3.11.10/jooq-3.11.10.jar:/home/user/.m2/repository/org/jooq/jooq-meta/3.11.10/jooq-meta-3.11.10.jar:/home/user/.m2/repository/org/jooq/jooq-codegen/3.11.10/jooq-codegen-3.11.10.jar:/home/user/.m2/repository/com/jolbox/bonecp/0.8.0.RELEASE/bonecp-0.8.0.RELEASE.jar:/home/user/.m2/repository/org/springframework/spring-jdbc/5.1.3.RELEASE/spring-jdbc-5.1.3.RELEASE.jar:/home/user/.m2/repository/org/springframework/spring-beans/5.1.3.RELEASE/spring-beans-5.1.3.RELEASE.jar:/home/user/.m2/repository/org/springframework/spring-core/5.1.3.RELEASE/spring-core-5.1.3.RELEASE.jar:/home/user/.m2/repository/org/springframework/spring-jcl/5.1.3.RELEASE/spring-jcl-5.1.3.RELEASE.jar:/home/user/.m2/repository/org/springframework/spring-tx/5.1.3.RELEASE/spring-tx-5.1.3.RELEASE.jar:/home/user/.m2/repository/org/mockito/mockito-core/2.15.0/mockito-core-2.15.0.jar:/home/user/.m2/repository/net/bytebuddy/byte-buddy/1.7.9/byte-buddy-1.7.9.jar:/home/user/.m2/repository/net/bytebuddy/byte-buddy-agent/1.7.9/byte-buddy-agent-1.7.9.jar:/home/user/.m2/repository/org/objenesis/objenesis/1.0/objenesis-1.0.jar:"/>
    <property name="sun.cpu.endian" value="little"/>
    <property name="user.home" value="/home/user"/>
    <property name="user.language" value="en"/>
    <property name="java.specification.vendor" value="Oracle Corporation"/>
    <property name="java.home" value="/usr/lib/jvm/java-1.8-openjdk/jre"/>
    <property name="java.security.krb5.conf" value="/workdir/hadoop-ozone/tools/target/test-classes/krb5.conf"/>
    <property name="basedir" value="/workdir/hadoop-ozone/tools"/>
    <property name="file.separator" value="/"/>
    <property name="line.separator" value="&#10;"/>
    <property name="java.vm.specification.vendor" value="Oracle Corporation"/>
    <property name="java.specification.name" value="Java Platform API Specification"/>
    <property name="java.awt.graphicsenv" value="sun.awt.X11GraphicsEnvironment"/>
    <property name="surefire.real.class.path" value="/workdir/hadoop-ozone/tools/target/surefire/surefirebooter2336353522397666359.jar"/>
    <property name="hadoop.log.dir" value="/workdir/hadoop-ozone/tools/target/log"/>
    <property name="sun.boot.class.path" value="/usr/lib/jvm/java-1.8-openjdk/jre/lib/resources.jar:/usr/lib/jvm/java-1.8-openjdk/jre/lib/rt.jar:/usr/lib/jvm/java-1.8-openjdk/jre/lib/sunrsasign.jar:/usr/lib/jvm/java-1.8-openjdk/jre/lib/jsse.jar:/usr/lib/jvm/java-1.8-openjdk/jre/lib/jce.jar:/usr/lib/jvm/java-1.8-openjdk/jre/lib/charsets.jar:/usr/lib/jvm/java-1.8-openjdk/jre/lib/jfr.jar:/usr/lib/jvm/java-1.8-openjdk/jre/classes"/>
    <property name="sun.management.compiler" value="HotSpot 64-Bit Tiered Compilers"/>
    <property name="java.runtime.version" value="1.8.0_212-b04"/>
    <property name="java.net.preferIPv4Stack" value="true"/>
    <property name="user.name" value="jenkins1000"/>
    <property name="path.separator" value=":"/>
    <property name="java.security.egd" value="file:///dev/urandom"/>
    <property name="os.version" value="3.10.0-957.12.2.el7.x86_64"/>
    <property name="java.endorsed.dirs" value="/usr/lib/jvm/java-1.8-openjdk/jre/lib/endorsed"/>
    <property name="java.runtime.name" value="OpenJDK Runtime Environment"/>
    <property name="file.encoding" value="UTF-8"/>
    <property name="java.vm.name" value="OpenJDK 64-Bit Server VM"/>
    <property name="test.build.webapps" value=""/>
    <property name="localRepository" value="/home/user/.m2/repository"/>
    <property name="java.vendor.url.bug" value="https://icedtea.classpath.org/bugzilla"/>
    <property name="java.io.tmpdir" value="/tmp"/>
    <property name="require.test.libhadoop" value=""/>
    <property name="java.version" value="1.8.0_212"/>
    <property name="user.dir" value="/workdir/hadoop-ozone/tools"/>
    <property name="os.arch" value="amd64"/>
    <property name="java.vm.specification.name" value="Java Virtual Machine Specification"/>
    <property name="test.build.classes" value="/workdir/hadoop-ozone/tools/target/test-classes"/>
    <property name="java.awt.printerjob" value="sun.print.PSPrinterJob"/>
    <property name="sun.os.patch.level" value="unknown"/>
    <property name="hadoop.tmp.dir" value="/workdir/hadoop-ozone/tools/target/tmp"/>
    <property name="java.library.path" value="/usr/lib/jvm/java-1.8-openjdk/jre/lib/amd64/server:/usr/lib/jvm/java-1.8-openjdk/jre/lib/amd64:/usr/lib/jvm/java-1.8-openjdk/jre/../lib/amd64:/workdir/hadoop-ozone/tools/target/native/target/usr/local/lib:/workdir/hadoop-ozone/tools/../../hadoop-common-project/hadoop-common/target/native/target/usr/local/lib:/usr/java/packages/lib/amd64:/usr/lib64:/lib64:/lib:/usr/lib"/>
    <property name="java.vm.info" value="mixed mode"/>
    <property name="java.vendor" value="IcedTea"/>
    <property name="java.vm.version" value="25.212-b04"/>
    <property name="java.ext.dirs" value="/usr/lib/jvm/java-1.8-openjdk/jre/lib/ext:/usr/java/packages/lib/ext"/>
    <property name="sun.io.unicode.encoding" value="UnicodeLittle"/>
    <property name="java.class.version" value="52.0"/>
  </properties>
  <testcase name="ratisTest3" classname="org.apache.hadoop.ozone.freon.TestRandomKeyGenerator" time="10.417"/>
  <testcase name="testThreadPoolSize" classname="org.apache.hadoop.ozone.freon.TestRandomKeyGenerator" time="5.032"/>
  <testcase name="defaultTest" classname="org.apache.hadoop.ozone.freon.TestRandomKeyGenerator" time="5.025"/>
  <testcase name="bigFileThan2GB" classname="org.apache.hadoop.ozone.freon.TestRandomKeyGenerator" time="47.038">
    <error message="Allocated 0 blocks. Requested 1 blocks" type="INTERNAL_ERROR org.apache.hadoop.ozone.om.exceptions.OMException">INTERNAL_ERROR org.apache.hadoop.ozone.om.exceptions.OMException: Allocated 0 blocks. Requested 1 blocks
	at org.apache.hadoop.ozone.om.protocolPB.OzoneManagerProtocolClientSideTranslatorPB.handleError(OzoneManagerProtocolClientSideTranslatorPB.java:720)
	at org.apache.hadoop.ozone.om.protocolPB.OzoneManagerProtocolClientSideTranslatorPB.allocateBlock(OzoneManagerProtocolClientSideTranslatorPB.java:752)
	at org.apache.hadoop.ozone.client.io.BlockOutputStreamEntryPool.allocateNewBlock(BlockOutputStreamEntryPool.java:248)
	at org.apache.hadoop.ozone.client.io.BlockOutputStreamEntryPool.allocateBlockIfNeeded(BlockOutputStreamEntryPool.java:296)
	at org.apache.hadoop.ozone.client.io.KeyOutputStream.handleWrite(KeyOutputStream.java:201)
	at org.apache.hadoop.ozone.client.io.KeyOutputStream.write(KeyOutputStream.java:193)
	at org.apache.hadoop.ozone.client.io.OzoneOutputStream.write(OzoneOutputStream.java:49)
	at org.apache.hadoop.ozone.freon.RandomKeyGenerator.createKey(RandomKeyGenerator.java:699)
	at org.apache.hadoop.ozone.freon.RandomKeyGenerator.access$1100(RandomKeyGenerator.java:87)
	at org.apache.hadoop.ozone.freon.RandomKeyGenerator$ObjectCreator.run(RandomKeyGenerator.java:606)
	at java.util.concurrent.Executors$RunnableAdapter.call(Executors.java:511)
	at java.util.concurrent.FutureTask.run(FutureTask.java:266)
	at java.util.concurrent.ThreadPoolExecutor.runWorker(ThreadPoolExecutor.java:1149)
	at java.util.concurrent.ThreadPoolExecutor$Worker.run(ThreadPoolExecutor.java:624)
	at java.lang.Thread.run(Thread.java:748)
</error>
    <system-out><![CDATA[2019-08-20 16:03:41,107 | INFO  | SCMAudit | user=jenkins1000 | ip=192.168.69.96 | op=SEND_HEARTBEAT {datanodeUUID=f1afe498-2778-451e-a3e4-8199ec337a15, command=[]} | ret=SUCCESS |  
2019-08-20 16:03:41,305 | INFO  | SCMAudit | user=jenkins1000 | ip=192.168.69.96 | op=SEND_HEARTBEAT {datanodeUUID=9b0072ab-15b3-4973-9bcb-7fa02f6bfea9, command=[]} | ret=SUCCESS |  
2019-08-20 16:03:41,305 | INFO  | SCMAudit | user=jenkins1000 | ip=192.168.69.96 | op=SEND_HEARTBEAT {datanodeUUID=9f215ef2-7d46-4cda-b695-cae1b893f75f, command=[]} | ret=SUCCESS |  
2019-08-20 16:03:41,306 | INFO  | SCMAudit | user=jenkins1000 | ip=192.168.69.96 | op=SEND_HEARTBEAT {datanodeUUID=9a4a4c23-9ff3-4ce3-a619-2c71c0869997, command=[]} | ret=SUCCESS |  
2019-08-20 16:03:41,887 | INFO  | SCMAudit | user=jenkins1000 | ip=192.168.69.96 | op=SEND_HEARTBEAT {datanodeUUID=69f203df-fb09-400b-ac11-cd7a56dd70a5, command=[]} | ret=SUCCESS |  
2019-08-20 16:03:42,107 | INFO  | SCMAudit | user=jenkins1000 | ip=192.168.69.96 | op=SEND_HEARTBEAT {datanodeUUID=f1afe498-2778-451e-a3e4-8199ec337a15, command=[]} | ret=SUCCESS |  
2019-08-20 16:03:42,306 | INFO  | SCMAudit | user=jenkins1000 | ip=192.168.69.96 | op=SEND_HEARTBEAT {datanodeUUID=9b0072ab-15b3-4973-9bcb-7fa02f6bfea9, command=[]} | ret=SUCCESS |  
2019-08-20 16:03:42,306 | INFO  | SCMAudit | user=jenkins1000 | ip=192.168.69.96 | op=SEND_HEARTBEAT {datanodeUUID=9f215ef2-7d46-4cda-b695-cae1b893f75f, command=[]} | ret=SUCCESS |  
2019-08-20 16:03:42,306 | INFO  | SCMAudit | user=jenkins1000 | ip=192.168.69.96 | op=SEND_HEARTBEAT {datanodeUUID=9a4a4c23-9ff3-4ce3-a619-2c71c0869997, command=[]} | ret=SUCCESS |  
2019-08-20 16:03:42,887 | INFO  | SCMAudit | user=jenkins1000 | ip=192.168.69.96 | op=SEND_HEARTBEAT {datanodeUUID=69f203df-fb09-400b-ac11-cd7a56dd70a5, command=[]} | ret=SUCCESS |  
2019-08-20 16:03:43,106 | INFO  | SCMAudit | user=jenkins1000 | ip=192.168.69.96 | op=SEND_HEARTBEAT {datanodeUUID=f1afe498-2778-451e-a3e4-8199ec337a15, command=[]} | ret=SUCCESS |  
2019-08-20 16:03:43,307 | INFO  | SCMAudit | user=jenkins1000 | ip=192.168.69.96 | op=SEND_HEARTBEAT {datanodeUUID=9b0072ab-15b3-4973-9bcb-7fa02f6bfea9, command=[]} | ret=SUCCESS |  
2019-08-20 16:03:43,307 | INFO  | SCMAudit | user=jenkins1000 | ip=192.168.69.96 | op=SEND_HEARTBEAT {datanodeUUID=9a4a4c23-9ff3-4ce3-a619-2c71c0869997, command=[]} | ret=SUCCESS |  
2019-08-20 16:03:43,307 | INFO  | SCMAudit | user=jenkins1000 | ip=192.168.69.96 | op=SEND_HEARTBEAT {datanodeUUID=9f215ef2-7d46-4cda-b695-cae1b893f75f, command=[]} | ret=SUCCESS |  
2019-08-20 16:03:43,887 | INFO  | SCMAudit | user=jenkins1000 | ip=192.168.69.96 | op=SEND_HEARTBEAT {datanodeUUID=69f203df-fb09-400b-ac11-cd7a56dd70a5, command=[]} | ret=SUCCESS |  
2019-08-20 16:03:44,106 | INFO  | SCMAudit | user=jenkins1000 | ip=192.168.69.96 | op=SEND_HEARTBEAT {datanodeUUID=f1afe498-2778-451e-a3e4-8199ec337a15, command=[]} | ret=SUCCESS |  
2019-08-20 16:03:44,307 | INFO  | SCMAudit | user=jenkins1000 | ip=192.168.69.96 | op=SEND_HEARTBEAT {datanodeUUID=9b0072ab-15b3-4973-9bcb-7fa02f6bfea9, command=[]} | ret=SUCCESS |  
2019-08-20 16:03:44,307 | INFO  | SCMAudit | user=jenkins1000 | ip=192.168.69.96 | op=SEND_HEARTBEAT {datanodeUUID=9f215ef2-7d46-4cda-b695-cae1b893f75f, command=[]} | ret=SUCCESS |  
2019-08-20 16:03:44,307 | INFO  | SCMAudit | user=jenkins1000 | ip=192.168.69.96 | op=SEND_HEARTBEAT {datanodeUUID=9a4a4c23-9ff3-4ce3-a619-2c71c0869997, command=[]} | ret=SUCCESS |  
2019-08-20 16:03:44,887 | INFO  | SCMAudit | user=jenkins1000 | ip=192.168.69.96 | op=SEND_HEARTBEAT {datanodeUUID=69f203df-fb09-400b-ac11-cd7a56dd70a5, command=[]} | ret=SUCCESS |  
2019-08-20 16:03:45,107 | INFO  | SCMAudit | user=jenkins1000 | ip=192.168.69.96 | op=SEND_HEARTBEAT {datanodeUUID=f1afe498-2778-451e-a3e4-8199ec337a15, command=[]} | ret=SUCCESS |  
2019-08-20 16:03:45,306 | INFO  | SCMAudit | user=jenkins1000 | ip=192.168.69.96 | op=SEND_HEARTBEAT {datanodeUUID=9b0072ab-15b3-4973-9bcb-7fa02f6bfea9, command=[]} | ret=SUCCESS |  
2019-08-20 16:03:45,306 | INFO  | SCMAudit | user=jenkins1000 | ip=192.168.69.96 | op=SEND_HEARTBEAT {datanodeUUID=9a4a4c23-9ff3-4ce3-a619-2c71c0869997, command=[]} | ret=SUCCESS |  
2019-08-20 16:03:45,307 | INFO  | SCMAudit | user=jenkins1000 | ip=192.168.69.96 | op=SEND_HEARTBEAT {datanodeUUID=9f215ef2-7d46-4cda-b695-cae1b893f75f, command=[]} | ret=SUCCESS |  
2019-08-20 16:03:45,888 | INFO  | SCMAudit | user=jenkins1000 | ip=192.168.69.96 | op=SEND_HEARTBEAT {datanodeUUID=69f203df-fb09-400b-ac11-cd7a56dd70a5, command=[]} | ret=SUCCESS |  
2019-08-20 16:03:46,107 | INFO  | SCMAudit | user=jenkins1000 | ip=192.168.69.96 | op=SEND_HEARTBEAT {datanodeUUID=f1afe498-2778-451e-a3e4-8199ec337a15, command=[]} | ret=SUCCESS |  
2019-08-20 16:03:46,306 | INFO  | SCMAudit | user=jenkins1000 | ip=192.168.69.96 | op=SEND_HEARTBEAT {datanodeUUID=9f215ef2-7d46-4cda-b695-cae1b893f75f, command=[]} | ret=SUCCESS |  
2019-08-20 16:03:46,306 | INFO  | SCMAudit | user=jenkins1000 | ip=192.168.69.96 | op=SEND_HEARTBEAT {datanodeUUID=9a4a4c23-9ff3-4ce3-a619-2c71c0869997, command=[]} | ret=SUCCESS |  
2019-08-20 16:03:46,307 | INFO  | SCMAudit | user=jenkins1000 | ip=192.168.69.96 | op=SEND_HEARTBEAT {datanodeUUID=9b0072ab-15b3-4973-9bcb-7fa02f6bfea9, command=[]} | ret=SUCCESS |  
2019-08-20 16:03:46,888 | INFO  | SCMAudit | user=jenkins1000 | ip=192.168.69.96 | op=SEND_HEARTBEAT {datanodeUUID=69f203df-fb09-400b-ac11-cd7a56dd70a5, command=[]} | ret=SUCCESS |  
2019-08-20 16:03:47,108 | INFO  | SCMAudit | user=jenkins1000 | ip=192.168.69.96 | op=SEND_HEARTBEAT {datanodeUUID=f1afe498-2778-451e-a3e4-8199ec337a15, command=[]} | ret=SUCCESS |  
2019-08-20 16:03:47,306 | INFO  | SCMAudit | user=jenkins1000 | ip=192.168.69.96 | op=SEND_HEARTBEAT {datanodeUUID=9a4a4c23-9ff3-4ce3-a619-2c71c0869997, command=[]} | ret=SUCCESS |  
2019-08-20 16:03:47,306 | INFO  | SCMAudit | user=jenkins1000 | ip=192.168.69.96 | op=SEND_HEARTBEAT {datanodeUUID=9b0072ab-15b3-4973-9bcb-7fa02f6bfea9, command=[]} | ret=SUCCESS |  
2019-08-20 16:03:47,306 | INFO  | SCMAudit | user=jenkins1000 | ip=192.168.69.96 | op=SEND_HEARTBEAT {datanodeUUID=9f215ef2-7d46-4cda-b695-cae1b893f75f, command=[]} | ret=SUCCESS |  
2019-08-20 16:03:47,331 [main] INFO  freon.RandomKeyGenerator (RandomKeyGenerator.java:call(275)) - Number of Threads: 1
2019-08-20 16:03:47,331 [main] INFO  freon.RandomKeyGenerator (RandomKeyGenerator.java:call(280)) - Number of Volumes: 1.
2019-08-20 16:03:47,331 [main] INFO  freon.RandomKeyGenerator (RandomKeyGenerator.java:call(281)) - Number of Buckets per Volume: 1.
2019-08-20 16:03:47,331 [main] INFO  freon.RandomKeyGenerator (RandomKeyGenerator.java:call(282)) - Number of Keys per Bucket: 1.
2019-08-20 16:03:47,331 [main] INFO  freon.RandomKeyGenerator (RandomKeyGenerator.java:call(283)) - Key size: 2147483657 bytes
2019-08-20 16:03:47,332 [main] INFO  freon.RandomKeyGenerator (RandomKeyGenerator.java:call(284)) - Buffer size: 4096 bytes
2019-08-20 16:03:47,333 [pool-282-thread-1] INFO  rpc.RpcClient (RpcClient.java:createVolume(292)) - Creating Volume: vol-0-94146, with jenkins1000 as owner.
2019-08-20 16:03:47,333 [main] INFO  freon.RandomKeyGenerator (RandomKeyGenerator.java:call(298)) - Data validation is enabled.
2019-08-20 16:03:47,333 [main] INFO  freon.RandomKeyGenerator (RandomKeyGenerator.java:call(304)) - Starting progress bar Thread.

 0.00% |█                                                                                                    |  0/1 Time: 0:00:002019-08-20 16:03:47,337 | INFO  | OMAudit | user=jenkins1000 | ip=127.0.0.1 | op=CREATE_VOLUME {admin=jenkins1000, owner=jenkins1000, volume=vol-0-94146, creationTime=1566317027336, quotaInBytes=1152921504606846976} | ret=SUCCESS |  
2019-08-20 16:03:47,338 | INFO  | OMAudit | user=jenkins1000 | ip=127.0.0.1 | op=READ_VOLUME {volume=vol-0-94146} | ret=SUCCESS |  
2019-08-20 16:03:47,339 [pool-282-thread-1] INFO  rpc.RpcClient (RpcClient.java:createBucket(431)) - Creating Bucket: vol-0-94146/bucket-0-90789, with Versioning false and Storage Type set to DISK and Encryption set to false 
2019-08-20 16:03:47,341 | INFO  | OMAudit | user=jenkins1000 | ip=127.0.0.1 | op=CREATE_BUCKET {volume=vol-0-94146, bucket=bucket-0-90789, acls=[user:jenkins1000:a[ACCESS], group:default:a[ACCESS]], isVersionEnabled=false, storageType=DISK, creationTime=0} | ret=SUCCESS |  
2019-08-20 16:03:47,343 | INFO  | OMAudit | user=jenkins1000 | ip=127.0.0.1 | op=READ_BUCKET {volume=vol-0-94146, bucket=bucket-0-90789} | ret=SUCCESS |  
2019-08-20 16:03:47,358 | INFO  | SCMAudit | user=jenkins1000 | ip=192.168.69.96 | op=ALLOCATE_BLOCK {owner=ea4851f9-218c-4af7-91b4-edb777a4888c, size=4194304, type=RATIS, factor=THREE} | ret=SUCCESS |  
2019-08-20 16:03:47,373 | INFO  | OMAudit | user=jenkins1000 | ip=127.0.0.1 | op=ALLOCATE_KEY {volume=vol-0-94146, bucket=bucket-0-90789, key=key-0-25609, dataSize=2147483657, replicationType=RATIS, replicationFactor=THREE, keyLocationInfo=null} | ret=SUCCESS |  
2019-08-20 16:03:47,429 | INFO  | DNAudit | user=null | ip=null | op=WRITE_CHUNK {blockData=conID: 3 locID: 102650152704410003 bcsId: 0} | ret=SUCCESS |  
2019-08-20 16:03:47,435 | INFO  | DNAudit | user=null | ip=null | op=WRITE_CHUNK {blockData=conID: 3 locID: 102650152704410003 bcsId: 0} | ret=SUCCESS |  
2019-08-20 16:03:47,437 | INFO  | DNAudit | user=null | ip=null | op=WRITE_CHUNK {blockData=conID: 3 locID: 102650152704410003 bcsId: 0} | ret=SUCCESS |  
2019-08-20 16:03:47,558 | INFO  | DNAudit | user=null | ip=null | op=WRITE_CHUNK {blockData=conID: 3 locID: 102650152704410003 bcsId: 0} | ret=SUCCESS |  
2019-08-20 16:03:47,563 [grpc-default-executor-5] INFO  client.GrpcClientProtocolClient (GrpcClientProtocolClient.java:onNext(255)) - client-EAA342753240->9a4a4c23-9ff3-4ce3-a619-2c71c0869997: receive RaftClientReply:client-EAA342753240->9a4a4c23-9ff3-4ce3-a619-2c71c0869997@group-EC4211DF0353, cid=601, SUCCESS, logIndex=701, commits[9a4a4c23-9ff3-4ce3-a619-2c71c0869997:c701, 9b0072ab-15b3-4973-9bcb-7fa02f6bfea9:c700, 9f215ef2-7d46-4cda-b695-cae1b893f75f:c700]
2019-08-20 16:03:47,577 | INFO  | DNAudit | user=null | ip=null | op=WRITE_CHUNK {blockData=conID: 3 locID: 102650152704410003 bcsId: 0} | ret=SUCCESS |  
2019-08-20 16:03:47,583 | INFO  | DNAudit | user=null | ip=null | op=WRITE_CHUNK {blockData=conID: 3 locID: 102650152704410003 bcsId: 0} | ret=SUCCESS |  
2019-08-20 16:03:47,584 | INFO  | DNAudit | user=null | ip=null | op=WRITE_CHUNK {blockData=conID: 3 locID: 102650152704410003 bcsId: 0} | ret=SUCCESS |  
2019-08-20 16:03:47,616 | INFO  | DNAudit | user=null | ip=null | op=WRITE_CHUNK {blockData=conID: 3 locID: 102650152704410003 bcsId: 0} | ret=SUCCESS |  
2019-08-20 16:03:47,616 | INFO  | DNAudit | user=null | ip=null | op=WRITE_CHUNK {blockData=conID: 3 locID: 102650152704410003 bcsId: 0} | ret=SUCCESS |  
2019-08-20 16:03:47,618 | INFO  | DNAudit | user=null | ip=null | op=PUT_BLOCK {blockData=[blockId=conID: 3 locID: 102650152704410003 bcsId: 0,size=1048576]} | ret=SUCCESS |  
2019-08-20 16:03:47,621 | INFO  | DNAudit | user=null | ip=null | op=WRITE_CHUNK {blockData=conID: 3 locID: 102650152704410003 bcsId: 0} | ret=SUCCESS |  
2019-08-20 16:03:47,622 [grpc-default-executor-6] INFO  client.GrpcClientProtocolClient (GrpcClientProtocolClient.java:onNext(255)) - client-EAA342753240->9a4a4c23-9ff3-4ce3-a619-2c71c0869997: receive RaftClientReply:client-EAA342753240->9a4a4c23-9ff3-4ce3-a619-2c71c0869997@group-EC4211DF0353, cid=602, SUCCESS, logIndex=703, commits[9a4a4c23-9ff3-4ce3-a619-2c71c0869997:c705, 9b0072ab-15b3-4973-9bcb-7fa02f6bfea9:c701, 9f215ef2-7d46-4cda-b695-cae1b893f75f:c701]
2019-08-20 16:03:47,622 | INFO  | DNAudit | user=null | ip=null | op=PUT_BLOCK {blockData=[blockId=conID: 3 locID: 102650152704410003 bcsId: 0,size=2097152]} | ret=SUCCESS |  
2019-08-20 16:03:47,622 [grpc-default-executor-6] INFO  client.GrpcClientProtocolClient (GrpcClientProtocolClient.java:onNext(255)) - client-EAA342753240->9a4a4c23-9ff3-4ce3-a619-2c71c0869997: receive RaftClientReply:client-EAA342753240->9a4a4c23-9ff3-4ce3-a619-2c71c0869997@group-EC4211DF0353, cid=603, SUCCESS, logIndex=704, commits[9a4a4c23-9ff3-4ce3-a619-2c71c0869997:c705, 9b0072ab-15b3-4973-9bcb-7fa02f6bfea9:c701, 9f215ef2-7d46-4cda-b695-cae1b893f75f:c701]
2019-08-20 16:03:47,623 [grpc-default-executor-6] INFO  client.GrpcClientProtocolClient (GrpcClientProtocolClient.java:onNext(255)) - client-EAA342753240->9a4a4c23-9ff3-4ce3-a619-2c71c0869997: receive RaftClientReply:client-EAA342753240->9a4a4c23-9ff3-4ce3-a619-2c71c0869997@group-EC4211DF0353, cid=604, SUCCESS, logIndex=705, commits[9a4a4c23-9ff3-4ce3-a619-2c71c0869997:c705, 9b0072ab-15b3-4973-9bcb-7fa02f6bfea9:c701, 9f215ef2-7d46-4cda-b695-cae1b893f75f:c701]
2019-08-20 16:03:47,629 | INFO  | DNAudit | user=null | ip=null | op=PUT_BLOCK {blockData=[blockId=conID: 3 locID: 102650152704410003 bcsId: 0,size=1048576]} | ret=SUCCESS |  
2019-08-20 16:03:47,629 | INFO  | DNAudit | user=null | ip=null | op=PUT_BLOCK {blockData=[blockId=conID: 3 locID: 102650152704410003 bcsId: 0,size=1048576]} | ret=SUCCESS |  
2019-08-20 16:03:47,631 | INFO  | DNAudit | user=null | ip=null | op=WRITE_CHUNK {blockData=conID: 3 locID: 102650152704410003 bcsId: 0} | ret=SUCCESS |  
2019-08-20 16:03:47,632 | INFO  | DNAudit | user=null | ip=null | op=PUT_BLOCK {blockData=[blockId=conID: 3 locID: 102650152704410003 bcsId: 0,size=2097152]} | ret=SUCCESS |  
2019-08-20 16:03:47,632 [grpc-default-executor-6] INFO  client.GrpcClientProtocolClient (GrpcClientProtocolClient.java:onNext(255)) - client-EAA342753240->9a4a4c23-9ff3-4ce3-a619-2c71c0869997: receive RaftClientReply:client-EAA342753240->9a4a4c23-9ff3-4ce3-a619-2c71c0869997@group-EC4211DF0353, cid=605, SUCCESS, logIndex=0, commits[9a4a4c23-9ff3-4ce3-a619-2c71c0869997:c706, 9b0072ab-15b3-4973-9bcb-7fa02f6bfea9:c703, 9f215ef2-7d46-4cda-b695-cae1b893f75f:c703]
2019-08-20 16:03:47,640 | INFO  | DNAudit | user=null | ip=null | op=WRITE_CHUNK {blockData=conID: 3 locID: 102650152704410003 bcsId: 0} | ret=SUCCESS |  
2019-08-20 16:03:47,641 | INFO  | DNAudit | user=null | ip=null | op=PUT_BLOCK {blockData=[blockId=conID: 3 locID: 102650152704410003 bcsId: 0,size=2097152]} | ret=SUCCESS |  
2019-08-20 16:03:47,647 | INFO  | DNAudit | user=null | ip=null | op=WRITE_CHUNK {blockData=conID: 3 locID: 102650152704410003 bcsId: 705} | ret=SUCCESS |  
2019-08-20 16:03:47,652 | INFO  | DNAudit | user=null | ip=null | op=WRITE_CHUNK {blockData=conID: 3 locID: 102650152704410003 bcsId: 705} | ret=SUCCESS |  
2019-08-20 16:03:47,652 | INFO  | DNAudit | user=null | ip=null | op=WRITE_CHUNK {blockData=conID: 3 locID: 102650152704410003 bcsId: 705} | ret=SUCCESS |  
2019-08-20 16:03:47,664 | INFO  | DNAudit | user=null | ip=null | op=WRITE_CHUNK {blockData=conID: 3 locID: 102650152704410003 bcsId: 705} | ret=SUCCESS |  
2019-08-20 16:03:47,665 | INFO  | DNAudit | user=null | ip=null | op=PUT_BLOCK {blockData=[blockId=conID: 3 locID: 102650152704410003 bcsId: 0,size=3145728]} | ret=SUCCESS |  
2019-08-20 16:03:47,666 [grpc-default-executor-5] INFO  client.GrpcClientProtocolClient (GrpcClientProtocolClient.java:onNext(255)) - client-EAA342753240->9a4a4c23-9ff3-4ce3-a619-2c71c0869997: receive RaftClientReply:client-EAA342753240->9a4a4c23-9ff3-4ce3-a619-2c71c0869997@group-EC4211DF0353, cid=606, SUCCESS, logIndex=709, commits[9a4a4c23-9ff3-4ce3-a619-2c71c0869997:c710, 9b0072ab-15b3-4973-9bcb-7fa02f6bfea9:c708, 9f215ef2-7d46-4cda-b695-cae1b893f75f:c708]
2019-08-20 16:03:47,666 [grpc-default-executor-5] INFO  client.GrpcClientProtocolClient (GrpcClientProtocolClient.java:onNext(255)) - client-EAA342753240->9a4a4c23-9ff3-4ce3-a619-2c71c0869997: receive RaftClientReply:client-EAA342753240->9a4a4c23-9ff3-4ce3-a619-2c71c0869997@group-EC4211DF0353, cid=607, SUCCESS, logIndex=710, commits[9a4a4c23-9ff3-4ce3-a619-2c71c0869997:c710, 9b0072ab-15b3-4973-9bcb-7fa02f6bfea9:c708, 9f215ef2-7d46-4cda-b695-cae1b893f75f:c708]
2019-08-20 16:03:47,679 | INFO  | DNAudit | user=null | ip=null | op=WRITE_CHUNK {blockData=conID: 3 locID: 102650152704410003 bcsId: 710} | ret=SUCCESS |  
2019-08-20 16:03:47,681 | INFO  | DNAudit | user=null | ip=null | op=WRITE_CHUNK {blockData=conID: 3 locID: 102650152704410003 bcsId: 705} | ret=SUCCESS |  
2019-08-20 16:03:47,681 | INFO  | DNAudit | user=null | ip=null | op=WRITE_CHUNK {blockData=conID: 3 locID: 102650152704410003 bcsId: 705} | ret=SUCCESS |  
2019-08-20 16:03:47,682 | INFO  | DNAudit | user=null | ip=null | op=PUT_BLOCK {blockData=[blockId=conID: 3 locID: 102650152704410003 bcsId: 0,size=3145728]} | ret=SUCCESS |  
2019-08-20 16:03:47,682 | INFO  | DNAudit | user=null | ip=null | op=PUT_BLOCK {blockData=[blockId=conID: 3 locID: 102650152704410003 bcsId: 0,size=3145728]} | ret=SUCCESS |  
2019-08-20 16:03:47,684 | INFO  | DNAudit | user=null | ip=null | op=WRITE_CHUNK {blockData=conID: 3 locID: 102650152704410003 bcsId: 710} | ret=SUCCESS |  
2019-08-20 16:03:47,684 | INFO  | DNAudit | user=null | ip=null | op=WRITE_CHUNK {blockData=conID: 3 locID: 102650152704410003 bcsId: 710} | ret=SUCCESS |  
2019-08-20 16:03:47,694 | INFO  | DNAudit | user=null | ip=null | op=WRITE_CHUNK {blockData=conID: 3 locID: 102650152704410003 bcsId: 710} | ret=SUCCESS |  
2019-08-20 16:03:47,695 | INFO  | DNAudit | user=null | ip=null | op=PUT_BLOCK {blockData=[blockId=conID: 3 locID: 102650152704410003 bcsId: 0,size=4194304]} | ret=SUCCESS |  
2019-08-20 16:03:47,695 [grpc-default-executor-5] INFO  client.GrpcClientProtocolClient (GrpcClientProtocolClient.java:onNext(255)) - client-EAA342753240->9a4a4c23-9ff3-4ce3-a619-2c71c0869997: receive RaftClientReply:client-EAA342753240->9a4a4c23-9ff3-4ce3-a619-2c71c0869997@group-EC4211DF0353, cid=608, SUCCESS, logIndex=713, commits[9a4a4c23-9ff3-4ce3-a619-2c71c0869997:c714, 9b0072ab-15b3-4973-9bcb-7fa02f6bfea9:c710, 9f215ef2-7d46-4cda-b695-cae1b893f75f:c710]
2019-08-20 16:03:47,696 [grpc-default-executor-5] INFO  client.GrpcClientProtocolClient (GrpcClientProtocolClient.java:onNext(255)) - client-EAA342753240->9a4a4c23-9ff3-4ce3-a619-2c71c0869997: receive RaftClientReply:client-EAA342753240->9a4a4c23-9ff3-4ce3-a619-2c71c0869997@group-EC4211DF0353, cid=609, SUCCESS, logIndex=714, commits[9a4a4c23-9ff3-4ce3-a619-2c71c0869997:c714, 9b0072ab-15b3-4973-9bcb-7fa02f6bfea9:c710, 9f215ef2-7d46-4cda-b695-cae1b893f75f:c710]
2019-08-20 16:03:47,708 | INFO  | DNAudit | user=null | ip=null | op=WRITE_CHUNK {blockData=conID: 3 locID: 102650152704410003 bcsId: 710} | ret=SUCCESS |  
2019-08-20 16:03:47,709 | INFO  | DNAudit | user=null | ip=null | op=WRITE_CHUNK {blockData=conID: 3 locID: 102650152704410003 bcsId: 710} | ret=SUCCESS |  
2019-08-20 16:03:47,709 | INFO  | DNAudit | user=null | ip=null | op=PUT_BLOCK {blockData=[blockId=conID: 3 locID: 102650152704410003 bcsId: 0,size=4194304]} | ret=SUCCESS |  
2019-08-20 16:03:47,709 | INFO  | DNAudit | user=null | ip=null | op=PUT_BLOCK {blockData=[blockId=conID: 3 locID: 102650152704410003 bcsId: 0,size=4194304]} | ret=SUCCESS |  
2019-08-20 16:03:47,709 [grpc-default-executor-5] INFO  client.GrpcClientProtocolClient (GrpcClientProtocolClient.java:onNext(255)) - client-EAA342753240->9a4a4c23-9ff3-4ce3-a619-2c71c0869997: receive RaftClientReply:client-EAA342753240->9a4a4c23-9ff3-4ce3-a619-2c71c0869997@group-EC4211DF0353, cid=610, SUCCESS, logIndex=0, commits[9a4a4c23-9ff3-4ce3-a619-2c71c0869997:c715, 9b0072ab-15b3-4973-9bcb-7fa02f6bfea9:c714, 9f215ef2-7d46-4cda-b695-cae1b893f75f:c714]
2019-08-20 16:03:47,720 | INFO  | DNAudit | user=null | ip=null | op=WRITE_CHUNK {blockData=conID: 1 locID: 102650152704410004 bcsId: 0} | ret=SUCCESS |  
2019-08-20 16:03:47,725 | INFO  | DNAudit | user=null | ip=null | op=WRITE_CHUNK {blockData=conID: 1 locID: 102650152704410004 bcsId: 0} | ret=SUCCESS |  
2019-08-20 16:03:47,726 | INFO  | DNAudit | user=null | ip=null | op=WRITE_CHUNK {blockData=conID: 1 locID: 102650152704410004 bcsId: 0} | ret=SUCCESS |  
2019-08-20 16:03:47,726 | INFO  | DNAudit | user=null | ip=null | op=WRITE_CHUNK {blockData=conID: 1 locID: 102650152704410004 bcsId: 0} | ret=SUCCESS |  
2019-08-20 16:03:47,730 | INFO  | DNAudit | user=null | ip=null | op=WRITE_CHUNK {blockData=conID: 1 locID: 102650152704410004 bcsId: 0} | ret=SUCCESS |  
2019-08-20 16:03:47,730 | INFO  | DNAudit | user=null | ip=null | op=WRITE_CHUNK {blockData=conID: 1 locID: 102650152704410004 bcsId: 0} | ret=SUCCESS |  
2019-08-20 16:03:47,731 | INFO  | DNAudit | user=null | ip=null | op=PUT_BLOCK {blockData=[blockId=conID: 1 locID: 102650152704410004 bcsId: 0,size=1048576]} | ret=SUCCESS |  
2019-08-20 16:03:47,731 [grpc-default-executor-1] INFO  client.GrpcClientProtocolClient (GrpcClientProtocolClient.java:onNext(255)) - client-EAA342753240->9a4a4c23-9ff3-4ce3-a619-2c71c0869997: receive RaftClientReply:client-EAA342753240->9a4a4c23-9ff3-4ce3-a619-2c71c0869997@group-EC4211DF0353, cid=611, SUCCESS, logIndex=717, commits[9a4a4c23-9ff3-4ce3-a619-2c71c0869997:c718, 9b0072ab-15b3-4973-9bcb-7fa02f6bfea9:c716, 9f215ef2-7d46-4cda-b695-cae1b893f75f:c716]
2019-08-20 16:03:47,731 | INFO  | DNAudit | user=null | ip=null | op=WRITE_CHUNK {blockData=conID: 1 locID: 102650152704410004 bcsId: 0} | ret=SUCCESS |  
2019-08-20 16:03:47,731 [grpc-default-executor-1] INFO  client.GrpcClientProtocolClient (GrpcClientProtocolClient.java:onNext(255)) - client-EAA342753240->9a4a4c23-9ff3-4ce3-a619-2c71c0869997: receive RaftClientReply:client-EAA342753240->9a4a4c23-9ff3-4ce3-a619-2c71c0869997@group-EC4211DF0353, cid=612, SUCCESS, logIndex=718, commits[9a4a4c23-9ff3-4ce3-a619-2c71c0869997:c718, 9b0072ab-15b3-4973-9bcb-7fa02f6bfea9:c716, 9f215ef2-7d46-4cda-b695-cae1b893f75f:c716]
2019-08-20 16:03:47,733 | INFO  | DNAudit | user=null | ip=null | op=WRITE_CHUNK {blockData=conID: 1 locID: 102650152704410004 bcsId: 0} | ret=SUCCESS |  
2019-08-20 16:03:47,733 | INFO  | DNAudit | user=null | ip=null | op=WRITE_CHUNK {blockData=conID: 1 locID: 102650152704410004 bcsId: 0} | ret=SUCCESS |  
2019-08-20 16:03:47,733 | INFO  | DNAudit | user=null | ip=null | op=PUT_BLOCK {blockData=[blockId=conID: 1 locID: 102650152704410004 bcsId: 0,size=2097152]} | ret=SUCCESS |  
2019-08-20 16:03:47,733 | INFO  | DNAudit | user=null | ip=null | op=PUT_BLOCK {blockData=[blockId=conID: 1 locID: 102650152704410004 bcsId: 0,size=1048576]} | ret=SUCCESS |  
2019-08-20 16:03:47,733 [grpc-default-executor-5] INFO  client.GrpcClientProtocolClient (GrpcClientProtocolClient.java:onNext(255)) - client-EAA342753240->9a4a4c23-9ff3-4ce3-a619-2c71c0869997: receive RaftClientReply:client-EAA342753240->9a4a4c23-9ff3-4ce3-a619-2c71c0869997@group-EC4211DF0353, cid=613, SUCCESS, logIndex=719, commits[9a4a4c23-9ff3-4ce3-a619-2c71c0869997:c720, 9b0072ab-15b3-4973-9bcb-7fa02f6bfea9:c716, 9f215ef2-7d46-4cda-b695-cae1b893f75f:c718]
2019-08-20 16:03:47,734 | INFO  | DNAudit | user=null | ip=null | op=WRITE_CHUNK {blockData=conID: 1 locID: 102650152704410004 bcsId: 0} | ret=SUCCESS |  
2019-08-20 16:03:47,734 [grpc-default-executor-5] INFO  client.GrpcClientProtocolClient (GrpcClientProtocolClient.java:onNext(255)) - client-EAA342753240->9a4a4c23-9ff3-4ce3-a619-2c71c0869997: receive RaftClientReply:client-EAA342753240->9a4a4c23-9ff3-4ce3-a619-2c71c0869997@group-EC4211DF0353, cid=614, SUCCESS, logIndex=720, commits[9a4a4c23-9ff3-4ce3-a619-2c71c0869997:c722, 9b0072ab-15b3-4973-9bcb-7fa02f6bfea9:c716, 9f215ef2-7d46-4cda-b695-cae1b893f75f:c718]
2019-08-20 16:03:47,734 | INFO  | DNAudit | user=null | ip=null | op=WRITE_CHUNK {blockData=conID: 1 locID: 102650152704410004 bcsId: 0} | ret=SUCCESS |  
2019-08-20 16:03:47,735 | INFO  | DNAudit | user=null | ip=null | op=PUT_BLOCK {blockData=[blockId=conID: 1 locID: 102650152704410004 bcsId: 0,size=1048576]} | ret=SUCCESS |  
2019-08-20 16:03:47,736 | INFO  | DNAudit | user=null | ip=null | op=WRITE_CHUNK {blockData=conID: 1 locID: 102650152704410004 bcsId: 0} | ret=SUCCESS |  
2019-08-20 16:03:47,736 | INFO  | DNAudit | user=null | ip=null | op=PUT_BLOCK {blockData=[blockId=conID: 1 locID: 102650152704410004 bcsId: 0,size=2097152]} | ret=SUCCESS |  
2019-08-20 16:03:47,736 [grpc-default-executor-5] INFO  client.GrpcClientProtocolClient (GrpcClientProtocolClient.java:onNext(255)) - client-EAA342753240->9a4a4c23-9ff3-4ce3-a619-2c71c0869997: receive RaftClientReply:client-EAA342753240->9a4a4c23-9ff3-4ce3-a619-2c71c0869997@group-EC4211DF0353, cid=615, SUCCESS, logIndex=0, commits[9a4a4c23-9ff3-4ce3-a619-2c71c0869997:c723, 9b0072ab-15b3-4973-9bcb-7fa02f6bfea9:c720, 9f215ef2-7d46-4cda-b695-cae1b893f75f:c719]
2019-08-20 16:03:47,736 | INFO  | DNAudit | user=null | ip=null | op=PUT_BLOCK {blockData=[blockId=conID: 1 locID: 102650152704410004 bcsId: 0,size=2097152]} | ret=SUCCESS |  
2019-08-20 16:03:47,746 | INFO  | DNAudit | user=null | ip=null | op=WRITE_CHUNK {blockData=conID: 1 locID: 102650152704410004 bcsId: 720} | ret=SUCCESS |  
2019-08-20 16:03:47,750 | INFO  | DNAudit | user=null | ip=null | op=WRITE_CHUNK {blockData=conID: 1 locID: 102650152704410004 bcsId: 720} | ret=SUCCESS |  
2019-08-20 16:03:47,751 | INFO  | DNAudit | user=null | ip=null | op=WRITE_CHUNK {blockData=conID: 1 locID: 102650152704410004 bcsId: 720} | ret=SUCCESS |  
2019-08-20 16:03:47,777 | INFO  | DNAudit | user=null | ip=null | op=WRITE_CHUNK {blockData=conID: 1 locID: 102650152704410004 bcsId: 720} | ret=SUCCESS |  
2019-08-20 16:03:47,778 | INFO  | DNAudit | user=null | ip=null | op=PUT_BLOCK {blockData=[blockId=conID: 1 locID: 102650152704410004 bcsId: 0,size=3145728]} | ret=SUCCESS |  
2019-08-20 16:03:47,779 [grpc-default-executor-6] INFO  client.GrpcClientProtocolClient (GrpcClientProtocolClient.java:onNext(255)) - client-EAA342753240->9a4a4c23-9ff3-4ce3-a619-2c71c0869997: receive RaftClientReply:client-EAA342753240->9a4a4c23-9ff3-4ce3-a619-2c71c0869997@group-EC4211DF0353, cid=616, SUCCESS, logIndex=725, commits[9a4a4c23-9ff3-4ce3-a619-2c71c0869997:c726, 9b0072ab-15b3-4973-9bcb-7fa02f6bfea9:c724, 9f215ef2-7d46-4cda-b695-cae1b893f75f:c724]
2019-08-20 16:03:47,779 [grpc-default-executor-6] INFO  client.GrpcClientProtocolClient (GrpcClientProtocolClient.java:onNext(255)) - client-EAA342753240->9a4a4c23-9ff3-4ce3-a619-2c71c0869997: receive RaftClientReply:client-EAA342753240->9a4a4c23-9ff3-4ce3-a619-2c71c0869997@group-EC4211DF0353, cid=617, SUCCESS, logIndex=726, commits[9a4a4c23-9ff3-4ce3-a619-2c71c0869997:c726, 9b0072ab-15b3-4973-9bcb-7fa02f6bfea9:c724, 9f215ef2-7d46-4cda-b695-cae1b893f75f:c724]
2019-08-20 16:03:47,787 | INFO  | DNAudit | user=null | ip=null | op=WRITE_CHUNK {blockData=conID: 1 locID: 102650152704410004 bcsId: 720} | ret=SUCCESS |  
2019-08-20 16:03:47,787 | INFO  | DNAudit | user=null | ip=null | op=WRITE_CHUNK {blockData=conID: 1 locID: 102650152704410004 bcsId: 720} | ret=SUCCESS |  
2019-08-20 16:03:47,787 | INFO  | DNAudit | user=null | ip=null | op=PUT_BLOCK {blockData=[blockId=conID: 1 locID: 102650152704410004 bcsId: 0,size=3145728]} | ret=SUCCESS |  
2019-08-20 16:03:48,077 | INFO  | DNAudit | user=null | ip=null | op=PUT_BLOCK {blockData=[blockId=conID: 1 locID: 102650152704410004 bcsId: 0,size=3145728]} | ret=SUCCESS |  
2019-08-20 16:03:48,077 | INFO  | SCMAudit | user=jenkins1000 | ip=192.168.69.96 | op=SEND_HEARTBEAT {datanodeUUID=69f203df-fb09-400b-ac11-cd7a56dd70a5, command=[]} | ret=SUCCESS |  
2019-08-20 16:03:48,081 | INFO  | DNAudit | user=null | ip=null | op=WRITE_CHUNK {blockData=conID: 1 locID: 102650152704410004 bcsId: 726} | ret=SUCCESS |  
2019-08-20 16:03:48,085 | INFO  | DNAudit | user=null | ip=null | op=WRITE_CHUNK {blockData=conID: 1 locID: 102650152704410004 bcsId: 726} | ret=SUCCESS |  
2019-08-20 16:03:48,085 | INFO  | DNAudit | user=null | ip=null | op=WRITE_CHUNK {blockData=conID: 1 locID: 102650152704410004 bcsId: 726} | ret=SUCCESS |  
2019-08-20 16:03:48,100 | INFO  | DNAudit | user=null | ip=null | op=WRITE_CHUNK {blockData=conID: 1 locID: 102650152704410004 bcsId: 726} | ret=SUCCESS |  
2019-08-20 16:03:48,101 | INFO  | DNAudit | user=null | ip=null | op=PUT_BLOCK {blockData=[blockId=conID: 1 locID: 102650152704410004 bcsId: 0,size=4194304]} | ret=SUCCESS |  
2019-08-20 16:03:48,101 [grpc-default-executor-5] INFO  client.GrpcClientProtocolClient (GrpcClientProtocolClient.java:onNext(255)) - client-EAA342753240->9a4a4c23-9ff3-4ce3-a619-2c71c0869997: receive RaftClientReply:client-EAA342753240->9a4a4c23-9ff3-4ce3-a619-2c71c0869997@group-EC4211DF0353, cid=618, SUCCESS, logIndex=729, commits[9a4a4c23-9ff3-4ce3-a619-2c71c0869997:c730, 9b0072ab-15b3-4973-9bcb-7fa02f6bfea9:c728, 9f215ef2-7d46-4cda-b695-cae1b893f75f:c728]
2019-08-20 16:03:48,102 [grpc-default-executor-5] INFO  client.GrpcClientProtocolClient (GrpcClientProtocolClient.java:onNext(255)) - client-EAA342753240->9a4a4c23-9ff3-4ce3-a619-2c71c0869997: receive RaftClientReply:client-EAA342753240->9a4a4c23-9ff3-4ce3-a619-2c71c0869997@group-EC4211DF0353, cid=619, SUCCESS, logIndex=730, commits[9a4a4c23-9ff3-4ce3-a619-2c71c0869997:c730, 9b0072ab-15b3-4973-9bcb-7fa02f6bfea9:c728, 9f215ef2-7d46-4cda-b695-cae1b893f75f:c728]
2019-08-20 16:03:48,105 | INFO  | DNAudit | user=null | ip=null | op=WRITE_CHUNK {blockData=conID: 1 locID: 102650152704410004 bcsId: 726} | ret=SUCCESS |  
2019-08-20 16:03:48,105 | INFO  | DNAudit | user=null | ip=null | op=WRITE_CHUNK {blockData=conID: 1 locID: 102650152704410004 bcsId: 726} | ret=SUCCESS |  
2019-08-20 16:03:48,105 | INFO  | DNAudit | user=null | ip=null | op=PUT_BLOCK {blockData=[blockId=conID: 1 locID: 102650152704410004 bcsId: 0,size=4194304]} | ret=SUCCESS |  
2019-08-20 16:03:48,106 | INFO  | DNAudit | user=null | ip=null | op=PUT_BLOCK {blockData=[blockId=conID: 1 locID: 102650152704410004 bcsId: 0,size=4194304]} | ret=SUCCESS |  
2019-08-20 16:03:48,106 [grpc-default-executor-5] INFO  client.GrpcClientProtocolClient (GrpcClientProtocolClient.java:onNext(255)) - client-EAA342753240->9a4a4c23-9ff3-4ce3-a619-2c71c0869997: receive RaftClientReply:client-EAA342753240->9a4a4c23-9ff3-4ce3-a619-2c71c0869997@group-EC4211DF0353, cid=620, SUCCESS, logIndex=0, commits[9a4a4c23-9ff3-4ce3-a619-2c71c0869997:c731, 9b0072ab-15b3-4973-9bcb-7fa02f6bfea9:c730, 9f215ef2-7d46-4cda-b695-cae1b893f75f:c730]
2019-08-20 16:03:48,108 | INFO  | SCMAudit | user=jenkins1000 | ip=192.168.69.96 | op=SEND_HEARTBEAT {datanodeUUID=f1afe498-2778-451e-a3e4-8199ec337a15, command=[]} | ret=SUCCESS |  
2019-08-20 16:03:48,118 | INFO  | DNAudit | user=null | ip=null | op=WRITE_CHUNK {blockData=conID: 2 locID: 102650152704410005 bcsId: 0} | ret=SUCCESS |  
2019-08-20 16:03:48,123 | INFO  | DNAudit | user=null | ip=null | op=WRITE_CHUNK {blockData=conID: 2 locID: 102650152704410005 bcsId: 0} | ret=SUCCESS |  
2019-08-20 16:03:48,123 | INFO  | DNAudit | user=null | ip=null | op=WRITE_CHUNK {blockData=conID: 2 locID: 102650152704410005 bcsId: 0} | ret=SUCCESS |  
2019-08-20 16:03:48,124 | INFO  | DNAudit | user=null | ip=null | op=WRITE_CHUNK {blockData=conID: 2 locID: 102650152704410005 bcsId: 0} | ret=SUCCESS |  
2019-08-20 16:03:48,128 | INFO  | DNAudit | user=null | ip=null | op=WRITE_CHUNK {blockData=conID: 2 locID: 102650152704410005 bcsId: 0} | ret=SUCCESS |  
2019-08-20 16:03:48,128 | INFO  | DNAudit | user=null | ip=null | op=WRITE_CHUNK {blockData=conID: 2 locID: 102650152704410005 bcsId: 0} | ret=SUCCESS |  
2019-08-20 16:03:48,157 | INFO  | DNAudit | user=null | ip=null | op=WRITE_CHUNK {blockData=conID: 2 locID: 102650152704410005 bcsId: 0} | ret=SUCCESS |  
2019-08-20 16:03:48,158 | INFO  | DNAudit | user=null | ip=null | op=PUT_BLOCK {blockData=[blockId=conID: 2 locID: 102650152704410005 bcsId: 0,size=1048576]} | ret=SUCCESS |  
2019-08-20 16:03:48,159 | INFO  | DNAudit | user=null | ip=null | op=WRITE_CHUNK {blockData=conID: 2 locID: 102650152704410005 bcsId: 0} | ret=SUCCESS |  
2019-08-20 16:03:48,159 [grpc-default-executor-5] INFO  client.GrpcClientProtocolClient (GrpcClientProtocolClient.java:onNext(255)) - client-EAA342753240->9a4a4c23-9ff3-4ce3-a619-2c71c0869997: receive RaftClientReply:client-EAA342753240->9a4a4c23-9ff3-4ce3-a619-2c71c0869997@group-EC4211DF0353, cid=621, SUCCESS, logIndex=733, commits[9a4a4c23-9ff3-4ce3-a619-2c71c0869997:c734, 9b0072ab-15b3-4973-9bcb-7fa02f6bfea9:c731, 9f215ef2-7d46-4cda-b695-cae1b893f75f:c731]
2019-08-20 16:03:48,159 | INFO  | DNAudit | user=null | ip=null | op=PUT_BLOCK {blockData=[blockId=conID: 2 locID: 102650152704410005 bcsId: 0,size=2097152]} | ret=SUCCESS |  
2019-08-20 16:03:48,159 [grpc-default-executor-5] INFO  client.GrpcClientProtocolClient (GrpcClientProtocolClient.java:onNext(255)) - client-EAA342753240->9a4a4c23-9ff3-4ce3-a619-2c71c0869997: receive RaftClientReply:client-EAA342753240->9a4a4c23-9ff3-4ce3-a619-2c71c0869997@group-EC4211DF0353, cid=622, SUCCESS, logIndex=734, commits[9a4a4c23-9ff3-4ce3-a619-2c71c0869997:c736, 9b0072ab-15b3-4973-9bcb-7fa02f6bfea9:c732, 9f215ef2-7d46-4cda-b695-cae1b893f75f:c732]
2019-08-20 16:03:48,160 [grpc-default-executor-5] INFO  client.GrpcClientProtocolClient (GrpcClientProtocolClient.java:onNext(255)) - client-EAA342753240->9a4a4c23-9ff3-4ce3-a619-2c71c0869997: receive RaftClientReply:client-EAA342753240->9a4a4c23-9ff3-4ce3-a619-2c71c0869997@group-EC4211DF0353, cid=623, SUCCESS, logIndex=735, commits[9a4a4c23-9ff3-4ce3-a619-2c71c0869997:c736, 9b0072ab-15b3-4973-9bcb-7fa02f6bfea9:c732, 9f215ef2-7d46-4cda-b695-cae1b893f75f:c732]
2019-08-20 16:03:48,161 [grpc-default-executor-5] INFO  client.GrpcClientProtocolClient (GrpcClientProtocolClient.java:onNext(255)) - client-EAA342753240->9a4a4c23-9ff3-4ce3-a619-2c71c0869997: receive RaftClientReply:client-EAA342753240->9a4a4c23-9ff3-4ce3-a619-2c71c0869997@group-EC4211DF0353, cid=624, SUCCESS, logIndex=736, commits[9a4a4c23-9ff3-4ce3-a619-2c71c0869997:c736, 9b0072ab-15b3-4973-9bcb-7fa02f6bfea9:c732, 9f215ef2-7d46-4cda-b695-cae1b893f75f:c732]
2019-08-20 16:03:48,161 | INFO  | DNAudit | user=null | ip=null | op=WRITE_CHUNK {blockData=conID: 2 locID: 102650152704410005 bcsId: 0} | ret=SUCCESS |  
2019-08-20 16:03:48,162 | INFO  | DNAudit | user=null | ip=null | op=WRITE_CHUNK {blockData=conID: 2 locID: 102650152704410005 bcsId: 0} | ret=SUCCESS |  
2019-08-20 16:03:48,162 | INFO  | DNAudit | user=null | ip=null | op=PUT_BLOCK {blockData=[blockId=conID: 2 locID: 102650152704410005 bcsId: 0,size=1048576]} | ret=SUCCESS |  
2019-08-20 16:03:48,173 | INFO  | DNAudit | user=null | ip=null | op=WRITE_CHUNK {blockData=conID: 2 locID: 102650152704410005 bcsId: 0} | ret=SUCCESS |  
2019-08-20 16:03:48,173 | INFO  | DNAudit | user=null | ip=null | op=PUT_BLOCK {blockData=[blockId=conID: 2 locID: 102650152704410005 bcsId: 0,size=1048576]} | ret=SUCCESS |  
2019-08-20 16:03:48,173 | INFO  | DNAudit | user=null | ip=null | op=WRITE_CHUNK {blockData=conID: 2 locID: 102650152704410005 bcsId: 0} | ret=SUCCESS |  
2019-08-20 16:03:48,173 | INFO  | DNAudit | user=null | ip=null | op=PUT_BLOCK {blockData=[blockId=conID: 2 locID: 102650152704410005 bcsId: 0,size=2097152]} | ret=SUCCESS |  
2019-08-20 16:03:48,173 | INFO  | DNAudit | user=null | ip=null | op=PUT_BLOCK {blockData=[blockId=conID: 2 locID: 102650152704410005 bcsId: 0,size=2097152]} | ret=SUCCESS |  
2019-08-20 16:03:48,173 [grpc-default-executor-1] INFO  client.GrpcClientProtocolClient (GrpcClientProtocolClient.java:onNext(255)) - client-EAA342753240->9a4a4c23-9ff3-4ce3-a619-2c71c0869997: receive RaftClientReply:client-EAA342753240->9a4a4c23-9ff3-4ce3-a619-2c71c0869997@group-EC4211DF0353, cid=625, SUCCESS, logIndex=0, commits[9a4a4c23-9ff3-4ce3-a619-2c71c0869997:c738, 9b0072ab-15b3-4973-9bcb-7fa02f6bfea9:c734, 9f215ef2-7d46-4cda-b695-cae1b893f75f:c735]
2019-08-20 16:03:48,186 | INFO  | DNAudit | user=null | ip=null | op=WRITE_CHUNK {blockData=conID: 2 locID: 102650152704410005 bcsId: 736} | ret=SUCCESS |  
2019-08-20 16:03:48,189 | INFO  | DNAudit | user=null | ip=null | op=WRITE_CHUNK {blockData=conID: 2 locID: 102650152704410005 bcsId: 736} | ret=SUCCESS |  
2019-08-20 16:03:48,189 | INFO  | DNAudit | user=null | ip=null | op=WRITE_CHUNK {blockData=conID: 2 locID: 102650152704410005 bcsId: 736} | ret=SUCCESS |  
2019-08-20 16:03:48,200 | INFO  | DNAudit | user=null | ip=null | op=WRITE_CHUNK {blockData=conID: 2 locID: 102650152704410005 bcsId: 736} | ret=SUCCESS |  
2019-08-20 16:03:48,201 | INFO  | DNAudit | user=null | ip=null | op=PUT_BLOCK {blockData=[blockId=conID: 2 locID: 102650152704410005 bcsId: 0,size=3145728]} | ret=SUCCESS |  
2019-08-20 16:03:48,201 [grpc-default-executor-5] INFO  client.GrpcClientProtocolClient (GrpcClientProtocolClient.java:onNext(255)) - client-EAA342753240->9a4a4c23-9ff3-4ce3-a619-2c71c0869997: receive RaftClientReply:client-EAA342753240->9a4a4c23-9ff3-4ce3-a619-2c71c0869997@group-EC4211DF0353, cid=626, SUCCESS, logIndex=741, commits[9a4a4c23-9ff3-4ce3-a619-2c71c0869997:c742, 9b0072ab-15b3-4973-9bcb-7fa02f6bfea9:c740, 9f215ef2-7d46-4cda-b695-cae1b893f75f:c740]
2019-08-20 16:03:48,201 [grpc-default-executor-5] INFO  client.GrpcClientProtocolClient (GrpcClientProtocolClient.java:onNext(255)) - client-EAA342753240->9a4a4c23-9ff3-4ce3-a619-2c71c0869997: receive RaftClientReply:client-EAA342753240->9a4a4c23-9ff3-4ce3-a619-2c71c0869997@group-EC4211DF0353, cid=627, SUCCESS, logIndex=742, commits[9a4a4c23-9ff3-4ce3-a619-2c71c0869997:c742, 9b0072ab-15b3-4973-9bcb-7fa02f6bfea9:c740, 9f215ef2-7d46-4cda-b695-cae1b893f75f:c740]
2019-08-20 16:03:48,208 | INFO  | DNAudit | user=null | ip=null | op=WRITE_CHUNK {blockData=conID: 2 locID: 102650152704410005 bcsId: 736} | ret=SUCCESS |  
2019-08-20 16:03:48,208 | INFO  | DNAudit | user=null | ip=null | op=WRITE_CHUNK {blockData=conID: 2 locID: 102650152704410005 bcsId: 736} | ret=SUCCESS |  
2019-08-20 16:03:48,209 | INFO  | DNAudit | user=null | ip=null | op=PUT_BLOCK {blockData=[blockId=conID: 2 locID: 102650152704410005 bcsId: 0,size=3145728]} | ret=SUCCESS |  
2019-08-20 16:03:48,209 | INFO  | DNAudit | user=null | ip=null | op=PUT_BLOCK {blockData=[blockId=conID: 2 locID: 102650152704410005 bcsId: 0,size=3145728]} | ret=SUCCESS |  
2019-08-20 16:03:48,213 | INFO  | DNAudit | user=null | ip=null | op=WRITE_CHUNK {blockData=conID: 2 locID: 102650152704410005 bcsId: 742} | ret=SUCCESS |  
2019-08-20 16:03:48,216 | INFO  | DNAudit | user=null | ip=null | op=WRITE_CHUNK {blockData=conID: 2 locID: 102650152704410005 bcsId: 742} | ret=SUCCESS |  
2019-08-20 16:03:48,217 | INFO  | DNAudit | user=null | ip=null | op=WRITE_CHUNK {blockData=conID: 2 locID: 102650152704410005 bcsId: 742} | ret=SUCCESS |  
2019-08-20 16:03:48,228 | INFO  | DNAudit | user=null | ip=null | op=WRITE_CHUNK {blockData=conID: 2 locID: 102650152704410005 bcsId: 742} | ret=SUCCESS |  
2019-08-20 16:03:48,229 | INFO  | DNAudit | user=null | ip=null | op=PUT_BLOCK {blockData=[blockId=conID: 2 locID: 102650152704410005 bcsId: 0,size=4194304]} | ret=SUCCESS |  
2019-08-20 16:03:48,229 [grpc-default-executor-1] INFO  client.GrpcClientProtocolClient (GrpcClientProtocolClient.java:onNext(255)) - client-EAA342753240->9a4a4c23-9ff3-4ce3-a619-2c71c0869997: receive RaftClientReply:client-EAA342753240->9a4a4c23-9ff3-4ce3-a619-2c71c0869997@group-EC4211DF0353, cid=628, SUCCESS, logIndex=745, commits[9a4a4c23-9ff3-4ce3-a619-2c71c0869997:c746, 9b0072ab-15b3-4973-9bcb-7fa02f6bfea9:c744, 9f215ef2-7d46-4cda-b695-cae1b893f75f:c744]
2019-08-20 16:03:48,230 [grpc-default-executor-1] INFO  client.GrpcClientProtocolClient (GrpcClientProtocolClient.java:onNext(255)) - client-EAA342753240->9a4a4c23-9ff3-4ce3-a619-2c71c0869997: receive RaftClientReply:client-EAA342753240->9a4a4c23-9ff3-4ce3-a619-2c71c0869997@group-EC4211DF0353, cid=629, SUCCESS, logIndex=746, commits[9a4a4c23-9ff3-4ce3-a619-2c71c0869997:c746, 9b0072ab-15b3-4973-9bcb-7fa02f6bfea9:c744, 9f215ef2-7d46-4cda-b695-cae1b893f75f:c744]
2019-08-20 16:03:48,234 | INFO  | DNAudit | user=null | ip=null | op=WRITE_CHUNK {blockData=conID: 2 locID: 102650152704410005 bcsId: 742} | ret=SUCCESS |  
2019-08-20 16:03:48,234 | INFO  | DNAudit | user=null | ip=null | op=WRITE_CHUNK {blockData=conID: 2 locID: 102650152704410005 bcsId: 742} | ret=SUCCESS |  
2019-08-20 16:03:48,234 | INFO  | DNAudit | user=null | ip=null | op=PUT_BLOCK {blockData=[blockId=conID: 2 locID: 102650152704410005 bcsId: 0,size=4194304]} | ret=SUCCESS |  
2019-08-20 16:03:48,234 | INFO  | DNAudit | user=null | ip=null | op=PUT_BLOCK {blockData=[blockId=conID: 2 locID: 102650152704410005 bcsId: 0,size=4194304]} | ret=SUCCESS |  
2019-08-20 16:03:48,234 [grpc-default-executor-1] INFO  client.GrpcClientProtocolClient (GrpcClientProtocolClient.java:onNext(255)) - client-EAA342753240->9a4a4c23-9ff3-4ce3-a619-2c71c0869997: receive RaftClientReply:client-EAA342753240->9a4a4c23-9ff3-4ce3-a619-2c71c0869997@group-EC4211DF0353, cid=630, SUCCESS, logIndex=0, commits[9a4a4c23-9ff3-4ce3-a619-2c71c0869997:c747, 9b0072ab-15b3-4973-9bcb-7fa02f6bfea9:c746, 9f215ef2-7d46-4cda-b695-cae1b893f75f:c746]
2019-08-20 16:03:48,245 | INFO  | DNAudit | user=null | ip=null | op=WRITE_CHUNK {blockData=conID: 3 locID: 102650152704410006 bcsId: 0} | ret=SUCCESS |  
2019-08-20 16:03:48,248 | INFO  | DNAudit | user=null | ip=null | op=WRITE_CHUNK {blockData=conID: 3 locID: 102650152704410006 bcsId: 0} | ret=SUCCESS |  
2019-08-20 16:03:48,248 | INFO  | DNAudit | user=null | ip=null | op=WRITE_CHUNK {blockData=conID: 3 locID: 102650152704410006 bcsId: 0} | ret=SUCCESS |  
2019-08-20 16:03:48,250 | INFO  | DNAudit | user=null | ip=null | op=WRITE_CHUNK {blockData=conID: 3 locID: 102650152704410006 bcsId: 0} | ret=SUCCESS |  
2019-08-20 16:03:48,252 | INFO  | DNAudit | user=null | ip=null | op=WRITE_CHUNK {blockData=conID: 3 locID: 102650152704410006 bcsId: 0} | ret=SUCCESS |  
2019-08-20 16:03:48,253 | INFO  | DNAudit | user=null | ip=null | op=WRITE_CHUNK {blockData=conID: 3 locID: 102650152704410006 bcsId: 0} | ret=SUCCESS |  
2019-08-20 16:03:48,253 | INFO  | DNAudit | user=null | ip=null | op=PUT_BLOCK {blockData=[blockId=conID: 3 locID: 102650152704410006 bcsId: 0,size=1048576]} | ret=SUCCESS |  
2019-08-20 16:03:48,253 | INFO  | DNAudit | user=null | ip=null | op=WRITE_CHUNK {blockData=conID: 3 locID: 102650152704410006 bcsId: 0} | ret=SUCCESS |  
2019-08-20 16:03:48,253 [grpc-default-executor-6] INFO  client.GrpcClientProtocolClient (GrpcClientProtocolClient.java:onNext(255)) - client-EAA342753240->9a4a4c23-9ff3-4ce3-a619-2c71c0869997: receive RaftClientReply:client-EAA342753240->9a4a4c23-9ff3-4ce3-a619-2c71c0869997@group-EC4211DF0353, cid=631, SUCCESS, logIndex=749, commits[9a4a4c23-9ff3-4ce3-a619-2c71c0869997:c750, 9b0072ab-15b3-4973-9bcb-7fa02f6bfea9:c748, 9f215ef2-7d46-4cda-b695-cae1b893f75f:c748]
2019-08-20 16:03:48,254 [grpc-default-executor-6] INFO  client.GrpcClientProtocolClient (GrpcClientProtocolClient.java:onNext(255)) - client-EAA342753240->9a4a4c23-9ff3-4ce3-a619-2c71c0869997: receive RaftClientReply:client-EAA342753240->9a4a4c23-9ff3-4ce3-a619-2c71c0869997@group-EC4211DF0353, cid=632, SUCCESS, logIndex=750, commits[9a4a4c23-9ff3-4ce3-a619-2c71c0869997:c750, 9b0072ab-15b3-4973-9bcb-7fa02f6bfea9:c748, 9f215ef2-7d46-4cda-b695-cae1b893f75f:c748]
2019-08-20 16:03:48,255 | INFO  | DNAudit | user=null | ip=null | op=WRITE_CHUNK {blockData=conID: 3 locID: 102650152704410006 bcsId: 0} | ret=SUCCESS |  
2019-08-20 16:03:48,255 | INFO  | DNAudit | user=null | ip=null | op=WRITE_CHUNK {blockData=conID: 3 locID: 102650152704410006 bcsId: 0} | ret=SUCCESS |  
2019-08-20 16:03:48,256 | INFO  | DNAudit | user=null | ip=null | op=WRITE_CHUNK {blockData=conID: 3 locID: 102650152704410006 bcsId: 0} | ret=SUCCESS |  
2019-08-20 16:03:48,256 | INFO  | DNAudit | user=null | ip=null | op=PUT_BLOCK {blockData=[blockId=conID: 3 locID: 102650152704410006 bcsId: 0,size=2097152]} | ret=SUCCESS |  
2019-08-20 16:03:48,256 | INFO  | DNAudit | user=null | ip=null | op=PUT_BLOCK {blockData=[blockId=conID: 3 locID: 102650152704410006 bcsId: 0,size=1048576]} | ret=SUCCESS |  
2019-08-20 16:03:48,256 | INFO  | DNAudit | user=null | ip=null | op=PUT_BLOCK {blockData=[blockId=conID: 3 locID: 102650152704410006 bcsId: 0,size=1048576]} | ret=SUCCESS |  
2019-08-20 16:03:48,256 [grpc-default-executor-1] INFO  client.GrpcClientProtocolClient (GrpcClientProtocolClient.java:onNext(255)) - client-EAA342753240->9a4a4c23-9ff3-4ce3-a619-2c71c0869997: receive RaftClientReply:client-EAA342753240->9a4a4c23-9ff3-4ce3-a619-2c71c0869997@group-EC4211DF0353, cid=633, SUCCESS, logIndex=751, commits[9a4a4c23-9ff3-4ce3-a619-2c71c0869997:c753, 9b0072ab-15b3-4973-9bcb-7fa02f6bfea9:c750, 9f215ef2-7d46-4cda-b695-cae1b893f75f:c748]
2019-08-20 16:03:48,257 [grpc-default-executor-1] INFO  client.GrpcClientProtocolClient (GrpcClientProtocolClient.java:onNext(255)) - client-EAA342753240->9a4a4c23-9ff3-4ce3-a619-2c71c0869997: receive RaftClientReply:client-EAA342753240->9a4a4c23-9ff3-4ce3-a619-2c71c0869997@group-EC4211DF0353, cid=634, SUCCESS, logIndex=752, commits[9a4a4c23-9ff3-4ce3-a619-2c71c0869997:c754, 9b0072ab-15b3-4973-9bcb-7fa02f6bfea9:c750, 9f215ef2-7d46-4cda-b695-cae1b893f75f:c749]
2019-08-20 16:03:48,258 [grpc-default-executor-1] INFO  client.GrpcClientProtocolClient (GrpcClientProtocolClient.java:onNext(255)) - client-EAA342753240->9a4a4c23-9ff3-4ce3-a619-2c71c0869997: receive RaftClientReply:client-EAA342753240->9a4a4c23-9ff3-4ce3-a619-2c71c0869997@group-EC4211DF0353, cid=635, SUCCESS, logIndex=0, commits[9a4a4c23-9ff3-4ce3-a619-2c71c0869997:c754, 9b0072ab-15b3-4973-9bcb-7fa02f6bfea9:c750, 9f215ef2-7d46-4cda-b695-cae1b893f75f:c750]
2019-08-20 16:03:48,267 | INFO  | DNAudit | user=null | ip=null | op=WRITE_CHUNK {blockData=conID: 3 locID: 102650152704410006 bcsId: 0} | ret=SUCCESS |  
2019-08-20 16:03:48,267 | INFO  | DNAudit | user=null | ip=null | op=WRITE_CHUNK {blockData=conID: 3 locID: 102650152704410006 bcsId: 0} | ret=SUCCESS |  
2019-08-20 16:03:48,268 | INFO  | DNAudit | user=null | ip=null | op=WRITE_CHUNK {blockData=conID: 3 locID: 102650152704410006 bcsId: 752} | ret=SUCCESS |  
2019-08-20 16:03:48,268 | INFO  | DNAudit | user=null | ip=null | op=PUT_BLOCK {blockData=[blockId=conID: 3 locID: 102650152704410006 bcsId: 0,size=2097152]} | ret=SUCCESS |  
2019-08-20 16:03:48,268 | INFO  | DNAudit | user=null | ip=null | op=PUT_BLOCK {blockData=[blockId=conID: 3 locID: 102650152704410006 bcsId: 0,size=2097152]} | ret=SUCCESS |  
2019-08-20 16:03:48,271 | INFO  | DNAudit | user=null | ip=null | op=WRITE_CHUNK {blockData=conID: 3 locID: 102650152704410006 bcsId: 752} | ret=SUCCESS |  
2019-08-20 16:03:48,271 | INFO  | DNAudit | user=null | ip=null | op=WRITE_CHUNK {blockData=conID: 3 locID: 102650152704410006 bcsId: 752} | ret=SUCCESS |  
2019-08-20 16:03:48,279 | INFO  | DNAudit | user=null | ip=null | op=WRITE_CHUNK {blockData=conID: 3 locID: 102650152704410006 bcsId: 752} | ret=SUCCESS |  
2019-08-20 16:03:48,280 | INFO  | DNAudit | user=null | ip=null | op=PUT_BLOCK {blockData=[blockId=conID: 3 locID: 102650152704410006 bcsId: 0,size=3145728]} | ret=SUCCESS |  
2019-08-20 16:03:48,280 [grpc-default-executor-5] INFO  client.GrpcClientProtocolClient (GrpcClientProtocolClient.java:onNext(255)) - client-EAA342753240->9a4a4c23-9ff3-4ce3-a619-2c71c0869997: receive RaftClientReply:client-EAA342753240->9a4a4c23-9ff3-4ce3-a619-2c71c0869997@group-EC4211DF0353, cid=636, SUCCESS, logIndex=757, commits[9a4a4c23-9ff3-4ce3-a619-2c71c0869997:c757, 9b0072ab-15b3-4973-9bcb-7fa02f6bfea9:c754, 9f215ef2-7d46-4cda-b695-cae1b893f75f:c754]
2019-08-20 16:03:48,280 [grpc-default-executor-5] INFO  client.GrpcClientProtocolClient (GrpcClientProtocolClient.java:onNext(255)) - client-EAA342753240->9a4a4c23-9ff3-4ce3-a619-2c71c0869997: receive RaftClientReply:client-EAA342753240->9a4a4c23-9ff3-4ce3-a619-2c71c0869997@group-EC4211DF0353, cid=637, SUCCESS, logIndex=758, commits[9a4a4c23-9ff3-4ce3-a619-2c71c0869997:c758, 9b0072ab-15b3-4973-9bcb-7fa02f6bfea9:c754, 9f215ef2-7d46-4cda-b695-cae1b893f75f:c754]
2019-08-20 16:03:48,281 | INFO  | DNAudit | user=null | ip=null | op=WRITE_CHUNK {blockData=conID: 3 locID: 102650152704410006 bcsId: 752} | ret=SUCCESS |  
2019-08-20 16:03:48,282 | INFO  | DNAudit | user=null | ip=null | op=WRITE_CHUNK {blockData=conID: 3 locID: 102650152704410006 bcsId: 752} | ret=SUCCESS |  
2019-08-20 16:03:48,282 | INFO  | DNAudit | user=null | ip=null | op=PUT_BLOCK {blockData=[blockId=conID: 3 locID: 102650152704410006 bcsId: 0,size=3145728]} | ret=SUCCESS |  
2019-08-20 16:03:48,282 | INFO  | DNAudit | user=null | ip=null | op=PUT_BLOCK {blockData=[blockId=conID: 3 locID: 102650152704410006 bcsId: 0,size=3145728]} | ret=SUCCESS |  
2019-08-20 16:03:48,290 | INFO  | DNAudit | user=null | ip=null | op=WRITE_CHUNK {blockData=conID: 3 locID: 102650152704410006 bcsId: 758} | ret=SUCCESS |  
2019-08-20 16:03:48,293 | INFO  | DNAudit | user=null | ip=null | op=WRITE_CHUNK {blockData=conID: 3 locID: 102650152704410006 bcsId: 758} | ret=SUCCESS |  
2019-08-20 16:03:48,294 | INFO  | DNAudit | user=null | ip=null | op=WRITE_CHUNK {blockData=conID: 3 locID: 102650152704410006 bcsId: 758} | ret=SUCCESS |  
2019-08-20 16:03:48,305 | INFO  | DNAudit | user=null | ip=null | op=WRITE_CHUNK {blockData=conID: 3 locID: 102650152704410006 bcsId: 758} | ret=SUCCESS |  
2019-08-20 16:03:48,305 | INFO  | DNAudit | user=null | ip=null | op=PUT_BLOCK {blockData=[blockId=conID: 3 locID: 102650152704410006 bcsId: 0,size=4194304]} | ret=SUCCESS |  
2019-08-20 16:03:48,305 [grpc-default-executor-1] INFO  client.GrpcClientProtocolClient (GrpcClientProtocolClient.java:onNext(255)) - client-EAA342753240->9a4a4c23-9ff3-4ce3-a619-2c71c0869997: receive RaftClientReply:client-EAA342753240->9a4a4c23-9ff3-4ce3-a619-2c71c0869997@group-EC4211DF0353, cid=638, SUCCESS, logIndex=761, commits[9a4a4c23-9ff3-4ce3-a619-2c71c0869997:c762, 9b0072ab-15b3-4973-9bcb-7fa02f6bfea9:c760, 9f215ef2-7d46-4cda-b695-cae1b893f75f:c760]
2019-08-20 16:03:48,306 | INFO  | SCMAudit | user=jenkins1000 | ip=192.168.69.96 | op=SEND_HEARTBEAT {datanodeUUID=9f215ef2-7d46-4cda-b695-cae1b893f75f, command=[]} | ret=SUCCESS |  
2019-08-20 16:03:48,306 | INFO  | SCMAudit | user=jenkins1000 | ip=192.168.69.96 | op=SEND_HEARTBEAT {datanodeUUID=9b0072ab-15b3-4973-9bcb-7fa02f6bfea9, command=[]} | ret=SUCCESS |  
2019-08-20 16:03:48,306 | INFO  | SCMAudit | user=jenkins1000 | ip=192.168.69.96 | op=SEND_HEARTBEAT {datanodeUUID=9a4a4c23-9ff3-4ce3-a619-2c71c0869997, command=[]} | ret=SUCCESS |  
2019-08-20 16:03:48,306 [grpc-default-executor-1] INFO  client.GrpcClientProtocolClient (GrpcClientProtocolClient.java:onNext(255)) - client-EAA342753240->9a4a4c23-9ff3-4ce3-a619-2c71c0869997: receive RaftClientReply:client-EAA342753240->9a4a4c23-9ff3-4ce3-a619-2c71c0869997@group-EC4211DF0353, cid=639, SUCCESS, logIndex=762, commits[9a4a4c23-9ff3-4ce3-a619-2c71c0869997:c762, 9b0072ab-15b3-4973-9bcb-7fa02f6bfea9:c760, 9f215ef2-7d46-4cda-b695-cae1b893f75f:c760]
2019-08-20 16:03:48,313 | INFO  | DNAudit | user=null | ip=null | op=WRITE_CHUNK {blockData=conID: 3 locID: 102650152704410006 bcsId: 758} | ret=SUCCESS |  
2019-08-20 16:03:48,313 | INFO  | DNAudit | user=null | ip=null | op=WRITE_CHUNK {blockData=conID: 3 locID: 102650152704410006 bcsId: 758} | ret=SUCCESS |  
2019-08-20 16:03:48,313 | INFO  | DNAudit | user=null | ip=null | op=PUT_BLOCK {blockData=[blockId=conID: 3 locID: 102650152704410006 bcsId: 0,size=4194304]} | ret=SUCCESS |  
2019-08-20 16:03:48,314 | INFO  | DNAudit | user=null | ip=null | op=PUT_BLOCK {blockData=[blockId=conID: 3 locID: 102650152704410006 bcsId: 0,size=4194304]} | ret=SUCCESS |  
2019-08-20 16:03:48,314 [grpc-default-executor-1] INFO  client.GrpcClientProtocolClient (GrpcClientProtocolClient.java:onNext(255)) - client-EAA342753240->9a4a4c23-9ff3-4ce3-a619-2c71c0869997: receive RaftClientReply:client-EAA342753240->9a4a4c23-9ff3-4ce3-a619-2c71c0869997@group-EC4211DF0353, cid=640, SUCCESS, logIndex=0, commits[9a4a4c23-9ff3-4ce3-a619-2c71c0869997:c763, 9b0072ab-15b3-4973-9bcb-7fa02f6bfea9:c762, 9f215ef2-7d46-4cda-b695-cae1b893f75f:c762]
2019-08-20 16:03:48,324 | INFO  | DNAudit | user=null | ip=null | op=WRITE_CHUNK {blockData=conID: 1 locID: 102650152704410007 bcsId: 0} | ret=SUCCESS |  
2019-08-20 16:03:48,325 | INFO  | DNAudit | user=null | ip=null | op=WRITE_CHUNK {blockData=conID: 1 locID: 102650152704410007 bcsId: 0} | ret=SUCCESS |  
2019-08-20 16:03:48,328 | INFO  | DNAudit | user=null | ip=null | op=WRITE_CHUNK {blockData=conID: 1 locID: 102650152704410007 bcsId: 0} | ret=SUCCESS |  
2019-08-20 16:03:48,328 | INFO  | DNAudit | user=null | ip=null | op=WRITE_CHUNK {blockData=conID: 1 locID: 102650152704410007 bcsId: 0} | ret=SUCCESS |  
2019-08-20 16:03:48,330 | INFO  | DNAudit | user=null | ip=null | op=WRITE_CHUNK {blockData=conID: 1 locID: 102650152704410007 bcsId: 0} | ret=SUCCESS |  
2019-08-20 16:03:48,331 | INFO  | DNAudit | user=null | ip=null | op=WRITE_CHUNK {blockData=conID: 1 locID: 102650152704410007 bcsId: 0} | ret=SUCCESS |  
2019-08-20 16:03:48,332 | INFO  | DNAudit | user=null | ip=null | op=WRITE_CHUNK {blockData=conID: 1 locID: 102650152704410007 bcsId: 0} | ret=SUCCESS |  
2019-08-20 16:03:48,333 | INFO  | DNAudit | user=null | ip=null | op=PUT_BLOCK {blockData=[blockId=conID: 1 locID: 102650152704410007 bcsId: 0,size=1048576]} | ret=SUCCESS |  
2019-08-20 16:03:48,333 | INFO  | DNAudit | user=null | ip=null | op=WRITE_CHUNK {blockData=conID: 1 locID: 102650152704410007 bcsId: 0} | ret=SUCCESS |  
2019-08-20 16:03:48,333 [grpc-default-executor-6] INFO  client.GrpcClientProtocolClient (GrpcClientProtocolClient.java:onNext(255)) - client-EAA342753240->9a4a4c23-9ff3-4ce3-a619-2c71c0869997: receive RaftClientReply:client-EAA342753240->9a4a4c23-9ff3-4ce3-a619-2c71c0869997@group-EC4211DF0353, cid=641, SUCCESS, logIndex=765, commits[9a4a4c23-9ff3-4ce3-a619-2c71c0869997:c766, 9b0072ab-15b3-4973-9bcb-7fa02f6bfea9:c762, 9f215ef2-7d46-4cda-b695-cae1b893f75f:c764]
2019-08-20 16:03:48,333 | INFO  | DNAudit | user=null | ip=null | op=PUT_BLOCK {blockData=[blockId=conID: 1 locID: 102650152704410007 bcsId: 0,size=2097152]} | ret=SUCCESS |  
2019-08-20 16:03:48,334 | INFO  | DNAudit | user=null | ip=null | op=WRITE_CHUNK {blockData=conID: 1 locID: 102650152704410007 bcsId: 0} | ret=SUCCESS |  
2019-08-20 16:03:48,334 [grpc-default-executor-6] INFO  client.GrpcClientProtocolClient (GrpcClientProtocolClient.java:onNext(255)) - client-EAA342753240->9a4a4c23-9ff3-4ce3-a619-2c71c0869997: receive RaftClientReply:client-EAA342753240->9a4a4c23-9ff3-4ce3-a619-2c71c0869997@group-EC4211DF0353, cid=642, SUCCESS, logIndex=766, commits[9a4a4c23-9ff3-4ce3-a619-2c71c0869997:c768, 9b0072ab-15b3-4973-9bcb-7fa02f6bfea9:c764, 9f215ef2-7d46-4cda-b695-cae1b893f75f:c764]
2019-08-20 16:03:48,334 | INFO  | DNAudit | user=null | ip=null | op=WRITE_CHUNK {blockData=conID: 1 locID: 102650152704410007 bcsId: 0} | ret=SUCCESS |  
2019-08-20 16:03:48,334 [grpc-default-executor-6] INFO  client.GrpcClientProtocolClient (GrpcClientProtocolClient.java:onNext(255)) - client-EAA342753240->9a4a4c23-9ff3-4ce3-a619-2c71c0869997: receive RaftClientReply:client-EAA342753240->9a4a4c23-9ff3-4ce3-a619-2c71c0869997@group-EC4211DF0353, cid=643, SUCCESS, logIndex=767, commits[9a4a4c23-9ff3-4ce3-a619-2c71c0869997:c768, 9b0072ab-15b3-4973-9bcb-7fa02f6bfea9:c764, 9f215ef2-7d46-4cda-b695-cae1b893f75f:c764]
2019-08-20 16:03:48,334 | INFO  | DNAudit | user=null | ip=null | op=PUT_BLOCK {blockData=[blockId=conID: 1 locID: 102650152704410007 bcsId: 0,size=1048576]} | ret=SUCCESS |  
2019-08-20 16:03:48,334 | INFO  | DNAudit | user=null | ip=null | op=PUT_BLOCK {blockData=[blockId=conID: 1 locID: 102650152704410007 bcsId: 0,size=1048576]} | ret=SUCCESS |  
2019-08-20 16:03:48,334 [grpc-default-executor-1] INFO  client.GrpcClientProtocolClient (GrpcClientProtocolClient.java:onNext(255)) - client-EAA342753240->9a4a4c23-9ff3-4ce3-a619-2c71c0869997: receive RaftClientReply:client-EAA342753240->9a4a4c23-9ff3-4ce3-a619-2c71c0869997@group-EC4211DF0353, cid=644, SUCCESS, logIndex=768, commits[9a4a4c23-9ff3-4ce3-a619-2c71c0869997:c768, 9b0072ab-15b3-4973-9bcb-7fa02f6bfea9:c764, 9f215ef2-7d46-4cda-b695-cae1b893f75f:c764]
2019-08-20 16:03:48,335 | INFO  | DNAudit | user=null | ip=null | op=WRITE_CHUNK {blockData=conID: 1 locID: 102650152704410007 bcsId: 0} | ret=SUCCESS |  
2019-08-20 16:03:48,335 | INFO  | DNAudit | user=null | ip=null | op=WRITE_CHUNK {blockData=conID: 1 locID: 102650152704410007 bcsId: 0} | ret=SUCCESS |  
 0.00% |█                                                                                                    |  0/1 Time: 0:00:012019-08-20 16:03:48,336 | INFO  | DNAudit | user=null | ip=null | op=PUT_BLOCK {blockData=[blockId=conID: 1 locID: 102650152704410007 bcsId: 0,size=2097152]} | ret=SUCCESS |  
2019-08-20 16:03:48,336 | INFO  | DNAudit | user=null | ip=null | op=PUT_BLOCK {blockData=[blockId=conID: 1 locID: 102650152704410007 bcsId: 0,size=2097152]} | ret=SUCCESS |  
2019-08-20 16:03:48,336 [grpc-default-executor-5] INFO  client.GrpcClientProtocolClient (GrpcClientProtocolClient.java:onNext(255)) - client-EAA342753240->9a4a4c23-9ff3-4ce3-a619-2c71c0869997: receive RaftClientReply:client-EAA342753240->9a4a4c23-9ff3-4ce3-a619-2c71c0869997@group-EC4211DF0353, cid=645, SUCCESS, logIndex=0, commits[9a4a4c23-9ff3-4ce3-a619-2c71c0869997:c770, 9b0072ab-15b3-4973-9bcb-7fa02f6bfea9:c766, 9f215ef2-7d46-4cda-b695-cae1b893f75f:c766]
2019-08-20 16:03:48,345 | INFO  | DNAudit | user=null | ip=null | op=WRITE_CHUNK {blockData=conID: 1 locID: 102650152704410007 bcsId: 768} | ret=SUCCESS |  
2019-08-20 16:03:48,348 | INFO  | DNAudit | user=null | ip=null | op=WRITE_CHUNK {blockData=conID: 1 locID: 102650152704410007 bcsId: 768} | ret=SUCCESS |  
2019-08-20 16:03:48,348 | INFO  | DNAudit | user=null | ip=null | op=WRITE_CHUNK {blockData=conID: 1 locID: 102650152704410007 bcsId: 768} | ret=SUCCESS |  
2019-08-20 16:03:48,363 | INFO  | DNAudit | user=null | ip=null | op=WRITE_CHUNK {blockData=conID: 1 locID: 102650152704410007 bcsId: 768} | ret=SUCCESS |  
2019-08-20 16:03:48,364 | INFO  | DNAudit | user=null | ip=null | op=PUT_BLOCK {blockData=[blockId=conID: 1 locID: 102650152704410007 bcsId: 0,size=3145728]} | ret=SUCCESS |  
2019-08-20 16:03:48,364 [grpc-default-executor-6] INFO  client.GrpcClientProtocolClient (GrpcClientProtocolClient.java:onNext(255)) - client-EAA342753240->9a4a4c23-9ff3-4ce3-a619-2c71c0869997: receive RaftClientReply:client-EAA342753240->9a4a4c23-9ff3-4ce3-a619-2c71c0869997@group-EC4211DF0353, cid=646, SUCCESS, logIndex=773, commits[9a4a4c23-9ff3-4ce3-a619-2c71c0869997:c774, 9b0072ab-15b3-4973-9bcb-7fa02f6bfea9:c772, 9f215ef2-7d46-4cda-b695-cae1b893f75f:c772]
2019-08-20 16:03:48,364 [grpc-default-executor-6] INFO  client.GrpcClientProtocolClient (GrpcClientProtocolClient.java:onNext(255)) - client-EAA342753240->9a4a4c23-9ff3-4ce3-a619-2c71c0869997: receive RaftClientReply:client-EAA342753240->9a4a4c23-9ff3-4ce3-a619-2c71c0869997@group-EC4211DF0353, cid=647, SUCCESS, logIndex=774, commits[9a4a4c23-9ff3-4ce3-a619-2c71c0869997:c774, 9b0072ab-15b3-4973-9bcb-7fa02f6bfea9:c772, 9f215ef2-7d46-4cda-b695-cae1b893f75f:c772]
2019-08-20 16:03:48,375 | INFO  | DNAudit | user=null | ip=null | op=WRITE_CHUNK {blockData=conID: 1 locID: 102650152704410007 bcsId: 774} | ret=SUCCESS |  
2019-08-20 16:03:48,377 | INFO  | DNAudit | user=null | ip=null | op=WRITE_CHUNK {blockData=conID: 1 locID: 102650152704410007 bcsId: 768} | ret=SUCCESS |  
2019-08-20 16:03:48,377 | INFO  | DNAudit | user=null | ip=null | op=WRITE_CHUNK {blockData=conID: 1 locID: 102650152704410007 bcsId: 768} | ret=SUCCESS |  
2019-08-20 16:03:48,377 | INFO  | DNAudit | user=null | ip=null | op=WRITE_CHUNK {blockData=conID: 1 locID: 102650152704410007 bcsId: 774} | ret=SUCCESS |  
2019-08-20 16:03:48,378 | INFO  | DNAudit | user=null | ip=null | op=WRITE_CHUNK {blockData=conID: 1 locID: 102650152704410007 bcsId: 774} | ret=SUCCESS |  
2019-08-20 16:03:48,391 | INFO  | DNAudit | user=null | ip=null | op=PUT_BLOCK {blockData=[blockId=conID: 1 locID: 102650152704410007 bcsId: 0,size=3145728]} | ret=SUCCESS |  
2019-08-20 16:03:48,391 | INFO  | DNAudit | user=null | ip=null | op=PUT_BLOCK {blockData=[blockId=conID: 1 locID: 102650152704410007 bcsId: 0,size=3145728]} | ret=SUCCESS |  
2019-08-20 16:03:48,392 | INFO  | DNAudit | user=null | ip=null | op=WRITE_CHUNK {blockData=conID: 1 locID: 102650152704410007 bcsId: 774} | ret=SUCCESS |  
2019-08-20 16:03:48,392 | INFO  | DNAudit | user=null | ip=null | op=PUT_BLOCK {blockData=[blockId=conID: 1 locID: 102650152704410007 bcsId: 0,size=4194304]} | ret=SUCCESS |  
2019-08-20 16:03:48,392 [grpc-default-executor-5] INFO  client.GrpcClientProtocolClient (GrpcClientProtocolClient.java:onNext(255)) - client-EAA342753240->9a4a4c23-9ff3-4ce3-a619-2c71c0869997: receive RaftClientReply:client-EAA342753240->9a4a4c23-9ff3-4ce3-a619-2c71c0869997@group-EC4211DF0353, cid=648, SUCCESS, logIndex=777, commits[9a4a4c23-9ff3-4ce3-a619-2c71c0869997:c778, 9b0072ab-15b3-4973-9bcb-7fa02f6bfea9:c774, 9f215ef2-7d46-4cda-b695-cae1b893f75f:c774]
2019-08-20 16:03:48,393 [grpc-default-executor-5] INFO  client.GrpcClientProtocolClient (GrpcClientProtocolClient.java:onNext(255)) - client-EAA342753240->9a4a4c23-9ff3-4ce3-a619-2c71c0869997: receive RaftClientReply:client-EAA342753240->9a4a4c23-9ff3-4ce3-a619-2c71c0869997@group-EC4211DF0353, cid=649, SUCCESS, logIndex=778, commits[9a4a4c23-9ff3-4ce3-a619-2c71c0869997:c778, 9b0072ab-15b3-4973-9bcb-7fa02f6bfea9:c774, 9f215ef2-7d46-4cda-b695-cae1b893f75f:c774]
2019-08-20 16:03:48,405 | INFO  | DNAudit | user=null | ip=null | op=WRITE_CHUNK {blockData=conID: 1 locID: 102650152704410007 bcsId: 774} | ret=SUCCESS |  
2019-08-20 16:03:48,406 | INFO  | DNAudit | user=null | ip=null | op=WRITE_CHUNK {blockData=conID: 1 locID: 102650152704410007 bcsId: 774} | ret=SUCCESS |  
2019-08-20 16:03:48,406 | INFO  | DNAudit | user=null | ip=null | op=PUT_BLOCK {blockData=[blockId=conID: 1 locID: 102650152704410007 bcsId: 0,size=4194304]} | ret=SUCCESS |  
2019-08-20 16:03:48,406 | INFO  | DNAudit | user=null | ip=null | op=PUT_BLOCK {blockData=[blockId=conID: 1 locID: 102650152704410007 bcsId: 0,size=4194304]} | ret=SUCCESS |  
2019-08-20 16:03:48,406 [grpc-default-executor-1] INFO  client.GrpcClientProtocolClient (GrpcClientProtocolClient.java:onNext(255)) - client-EAA342753240->9a4a4c23-9ff3-4ce3-a619-2c71c0869997: receive RaftClientReply:client-EAA342753240->9a4a4c23-9ff3-4ce3-a619-2c71c0869997@group-EC4211DF0353, cid=650, SUCCESS, logIndex=0, commits[9a4a4c23-9ff3-4ce3-a619-2c71c0869997:c779, 9b0072ab-15b3-4973-9bcb-7fa02f6bfea9:c778, 9f215ef2-7d46-4cda-b695-cae1b893f75f:c778]
2019-08-20 16:03:48,417 | INFO  | DNAudit | user=null | ip=null | op=WRITE_CHUNK {blockData=conID: 2 locID: 102650152704475544 bcsId: 0} | ret=SUCCESS |  
2019-08-20 16:03:48,419 | INFO  | DNAudit | user=null | ip=null | op=WRITE_CHUNK {blockData=conID: 2 locID: 102650152704475544 bcsId: 0} | ret=SUCCESS |  
2019-08-20 16:03:48,421 | INFO  | DNAudit | user=null | ip=null | op=WRITE_CHUNK {blockData=conID: 2 locID: 102650152704475544 bcsId: 0} | ret=SUCCESS |  
2019-08-20 16:03:48,421 | INFO  | DNAudit | user=null | ip=null | op=WRITE_CHUNK {blockData=conID: 2 locID: 102650152704475544 bcsId: 0} | ret=SUCCESS |  
2019-08-20 16:03:48,423 | INFO  | DNAudit | user=null | ip=null | op=WRITE_CHUNK {blockData=conID: 2 locID: 102650152704475544 bcsId: 0} | ret=SUCCESS |  
2019-08-20 16:03:48,424 | INFO  | DNAudit | user=null | ip=null | op=WRITE_CHUNK {blockData=conID: 2 locID: 102650152704475544 bcsId: 0} | ret=SUCCESS |  
2019-08-20 16:03:48,425 | INFO  | DNAudit | user=null | ip=null | op=WRITE_CHUNK {blockData=conID: 2 locID: 102650152704475544 bcsId: 0} | ret=SUCCESS |  
2019-08-20 16:03:48,426 | INFO  | DNAudit | user=null | ip=null | op=PUT_BLOCK {blockData=[blockId=conID: 2 locID: 102650152704475544 bcsId: 0,size=1048576]} | ret=SUCCESS |  
2019-08-20 16:03:48,426 [grpc-default-executor-1] INFO  client.GrpcClientProtocolClient (GrpcClientProtocolClient.java:onNext(255)) - client-EAA342753240->9a4a4c23-9ff3-4ce3-a619-2c71c0869997: receive RaftClientReply:client-EAA342753240->9a4a4c23-9ff3-4ce3-a619-2c71c0869997@group-EC4211DF0353, cid=651, SUCCESS, logIndex=781, commits[9a4a4c23-9ff3-4ce3-a619-2c71c0869997:c782, 9b0072ab-15b3-4973-9bcb-7fa02f6bfea9:c780, 9f215ef2-7d46-4cda-b695-cae1b893f75f:c780]
2019-08-20 16:03:48,426 | INFO  | DNAudit | user=null | ip=null | op=WRITE_CHUNK {blockData=conID: 2 locID: 102650152704475544 bcsId: 0} | ret=SUCCESS |  
2019-08-20 16:03:48,427 | INFO  | DNAudit | user=null | ip=null | op=PUT_BLOCK {blockData=[blockId=conID: 2 locID: 102650152704475544 bcsId: 0,size=2097152]} | ret=SUCCESS |  
2019-08-20 16:03:48,427 [grpc-default-executor-1] INFO  client.GrpcClientProtocolClient (GrpcClientProtocolClient.java:onNext(255)) - client-EAA342753240->9a4a4c23-9ff3-4ce3-a619-2c71c0869997: receive RaftClientReply:client-EAA342753240->9a4a4c23-9ff3-4ce3-a619-2c71c0869997@group-EC4211DF0353, cid=652, SUCCESS, logIndex=782, commits[9a4a4c23-9ff3-4ce3-a619-2c71c0869997:c784, 9b0072ab-15b3-4973-9bcb-7fa02f6bfea9:c780, 9f215ef2-7d46-4cda-b695-cae1b893f75f:c780]
2019-08-20 16:03:48,427 | INFO  | DNAudit | user=null | ip=null | op=WRITE_CHUNK {blockData=conID: 2 locID: 102650152704475544 bcsId: 0} | ret=SUCCESS |  
2019-08-20 16:03:48,427 [grpc-default-executor-1] INFO  client.GrpcClientProtocolClient (GrpcClientProtocolClient.java:onNext(255)) - client-EAA342753240->9a4a4c23-9ff3-4ce3-a619-2c71c0869997: receive RaftClientReply:client-EAA342753240->9a4a4c23-9ff3-4ce3-a619-2c71c0869997@group-EC4211DF0353, cid=653, SUCCESS, logIndex=783, commits[9a4a4c23-9ff3-4ce3-a619-2c71c0869997:c784, 9b0072ab-15b3-4973-9bcb-7fa02f6bfea9:c780, 9f215ef2-7d46-4cda-b695-cae1b893f75f:c780]
2019-08-20 16:03:48,427 | INFO  | DNAudit | user=null | ip=null | op=PUT_BLOCK {blockData=[blockId=conID: 2 locID: 102650152704475544 bcsId: 0,size=1048576]} | ret=SUCCESS |  
2019-08-20 16:03:48,427 | INFO  | DNAudit | user=null | ip=null | op=WRITE_CHUNK {blockData=conID: 2 locID: 102650152704475544 bcsId: 0} | ret=SUCCESS |  
2019-08-20 16:03:48,428 [grpc-default-executor-1] INFO  client.GrpcClientProtocolClient (GrpcClientProtocolClient.java:onNext(255)) - client-EAA342753240->9a4a4c23-9ff3-4ce3-a619-2c71c0869997: receive RaftClientReply:client-EAA342753240->9a4a4c23-9ff3-4ce3-a619-2c71c0869997@group-EC4211DF0353, cid=654, SUCCESS, logIndex=784, commits[9a4a4c23-9ff3-4ce3-a619-2c71c0869997:c784, 9b0072ab-15b3-4973-9bcb-7fa02f6bfea9:c780, 9f215ef2-7d46-4cda-b695-cae1b893f75f:c780]
2019-08-20 16:03:48,428 | INFO  | DNAudit | user=null | ip=null | op=PUT_BLOCK {blockData=[blockId=conID: 2 locID: 102650152704475544 bcsId: 0,size=1048576]} | ret=SUCCESS |  
2019-08-20 16:03:48,428 | INFO  | DNAudit | user=null | ip=null | op=WRITE_CHUNK {blockData=conID: 2 locID: 102650152704475544 bcsId: 0} | ret=SUCCESS |  
2019-08-20 16:03:48,428 | INFO  | DNAudit | user=null | ip=null | op=PUT_BLOCK {blockData=[blockId=conID: 2 locID: 102650152704475544 bcsId: 0,size=2097152]} | ret=SUCCESS |  
2019-08-20 16:03:48,429 | INFO  | DNAudit | user=null | ip=null | op=WRITE_CHUNK {blockData=conID: 2 locID: 102650152704475544 bcsId: 0} | ret=SUCCESS |  
2019-08-20 16:03:48,429 | INFO  | DNAudit | user=null | ip=null | op=PUT_BLOCK {blockData=[blockId=conID: 2 locID: 102650152704475544 bcsId: 0,size=2097152]} | ret=SUCCESS |  
2019-08-20 16:03:48,429 [grpc-default-executor-6] INFO  client.GrpcClientProtocolClient (GrpcClientProtocolClient.java:onNext(255)) - client-EAA342753240->9a4a4c23-9ff3-4ce3-a619-2c71c0869997: receive RaftClientReply:client-EAA342753240->9a4a4c23-9ff3-4ce3-a619-2c71c0869997@group-EC4211DF0353, cid=655, SUCCESS, logIndex=0, commits[9a4a4c23-9ff3-4ce3-a619-2c71c0869997:c787, 9b0072ab-15b3-4973-9bcb-7fa02f6bfea9:c782, 9f215ef2-7d46-4cda-b695-cae1b893f75f:c784]
2019-08-20 16:03:48,438 | INFO  | DNAudit | user=null | ip=null | op=WRITE_CHUNK {blockData=conID: 2 locID: 102650152704475544 bcsId: 784} | ret=SUCCESS |  
2019-08-20 16:03:48,442 | INFO  | DNAudit | user=null | ip=null | op=WRITE_CHUNK {blockData=conID: 2 locID: 102650152704475544 bcsId: 784} | ret=SUCCESS |  
2019-08-20 16:03:48,442 | INFO  | DNAudit | user=null | ip=null | op=WRITE_CHUNK {blockData=conID: 2 locID: 102650152704475544 bcsId: 784} | ret=SUCCESS |  
2019-08-20 16:03:48,444 | INFO  | DNAudit | user=null | ip=null | op=WRITE_CHUNK {blockData=conID: 2 locID: 102650152704475544 bcsId: 784} | ret=SUCCESS |  
2019-08-20 16:03:48,445 | INFO  | DNAudit | user=null | ip=null | op=PUT_BLOCK {blockData=[blockId=conID: 2 locID: 102650152704475544 bcsId: 0,size=3145728]} | ret=SUCCESS |  
2019-08-20 16:03:48,445 [grpc-default-executor-1] INFO  client.GrpcClientProtocolClient (GrpcClientProtocolClient.java:onNext(255)) - client-EAA342753240->9a4a4c23-9ff3-4ce3-a619-2c71c0869997: receive RaftClientReply:client-EAA342753240->9a4a4c23-9ff3-4ce3-a619-2c71c0869997@group-EC4211DF0353, cid=656, SUCCESS, logIndex=788, commits[9a4a4c23-9ff3-4ce3-a619-2c71c0869997:c789, 9b0072ab-15b3-4973-9bcb-7fa02f6bfea9:c787, 9f215ef2-7d46-4cda-b695-cae1b893f75f:c787]
2019-08-20 16:03:48,446 | INFO  | DNAudit | user=null | ip=null | op=WRITE_CHUNK {blockData=conID: 2 locID: 102650152704475544 bcsId: 784} | ret=SUCCESS |  
2019-08-20 16:03:48,446 [grpc-default-executor-5] INFO  client.GrpcClientProtocolClient (GrpcClientProtocolClient.java:onNext(255)) - client-EAA342753240->9a4a4c23-9ff3-4ce3-a619-2c71c0869997: receive RaftClientReply:client-EAA342753240->9a4a4c23-9ff3-4ce3-a619-2c71c0869997@group-EC4211DF0353, cid=657, SUCCESS, logIndex=789, commits[9a4a4c23-9ff3-4ce3-a619-2c71c0869997:c789, 9b0072ab-15b3-4973-9bcb-7fa02f6bfea9:c787, 9f215ef2-7d46-4cda-b695-cae1b893f75f:c787]
2019-08-20 16:03:48,446 | INFO  | DNAudit | user=null | ip=null | op=PUT_BLOCK {blockData=[blockId=conID: 2 locID: 102650152704475544 bcsId: 0,size=3145728]} | ret=SUCCESS |  
2019-08-20 16:03:48,446 | INFO  | DNAudit | user=null | ip=null | op=WRITE_CHUNK {blockData=conID: 2 locID: 102650152704475544 bcsId: 784} | ret=SUCCESS |  
2019-08-20 16:03:48,447 | INFO  | DNAudit | user=null | ip=null | op=PUT_BLOCK {blockData=[blockId=conID: 2 locID: 102650152704475544 bcsId: 0,size=3145728]} | ret=SUCCESS |  
2019-08-20 16:03:48,455 | INFO  | DNAudit | user=null | ip=null | op=WRITE_CHUNK {blockData=conID: 2 locID: 102650152704475544 bcsId: 789} | ret=SUCCESS |  
2019-08-20 16:03:48,458 | INFO  | DNAudit | user=null | ip=null | op=WRITE_CHUNK {blockData=conID: 2 locID: 102650152704475544 bcsId: 789} | ret=SUCCESS |  
2019-08-20 16:03:48,458 | INFO  | DNAudit | user=null | ip=null | op=WRITE_CHUNK {blockData=conID: 2 locID: 102650152704475544 bcsId: 789} | ret=SUCCESS |  
2019-08-20 16:03:48,461 | INFO  | DNAudit | user=null | ip=null | op=WRITE_CHUNK {blockData=conID: 2 locID: 102650152704475544 bcsId: 789} | ret=SUCCESS |  
2019-08-20 16:03:48,462 | INFO  | DNAudit | user=null | ip=null | op=PUT_BLOCK {blockData=[blockId=conID: 2 locID: 102650152704475544 bcsId: 0,size=4194304]} | ret=SUCCESS |  
2019-08-20 16:03:48,462 [grpc-default-executor-6] INFO  client.GrpcClientProtocolClient (GrpcClientProtocolClient.java:onNext(255)) - client-EAA342753240->9a4a4c23-9ff3-4ce3-a619-2c71c0869997: receive RaftClientReply:client-EAA342753240->9a4a4c23-9ff3-4ce3-a619-2c71c0869997@group-EC4211DF0353, cid=658, SUCCESS, logIndex=792, commits[9a4a4c23-9ff3-4ce3-a619-2c71c0869997:c793, 9b0072ab-15b3-4973-9bcb-7fa02f6bfea9:c791, 9f215ef2-7d46-4cda-b695-cae1b893f75f:c791]
2019-08-20 16:03:48,463 [grpc-default-executor-6] INFO  client.GrpcClientProtocolClient (GrpcClientProtocolClient.java:onNext(255)) - client-EAA342753240->9a4a4c23-9ff3-4ce3-a619-2c71c0869997: receive RaftClientReply:client-EAA342753240->9a4a4c23-9ff3-4ce3-a619-2c71c0869997@group-EC4211DF0353, cid=659, SUCCESS, logIndex=793, commits[9a4a4c23-9ff3-4ce3-a619-2c71c0869997:c793, 9b0072ab-15b3-4973-9bcb-7fa02f6bfea9:c791, 9f215ef2-7d46-4cda-b695-cae1b893f75f:c791]
2019-08-20 16:03:48,467 | INFO  | DNAudit | user=null | ip=null | op=WRITE_CHUNK {blockData=conID: 2 locID: 102650152704475544 bcsId: 789} | ret=SUCCESS |  
2019-08-20 16:03:48,467 | INFO  | DNAudit | user=null | ip=null | op=WRITE_CHUNK {blockData=conID: 2 locID: 102650152704475544 bcsId: 789} | ret=SUCCESS |  
2019-08-20 16:03:48,469 | INFO  | DNAudit | user=null | ip=null | op=PUT_BLOCK {blockData=[blockId=conID: 2 locID: 102650152704475544 bcsId: 0,size=4194304]} | ret=SUCCESS |  
2019-08-20 16:03:48,469 | INFO  | DNAudit | user=null | ip=null | op=PUT_BLOCK {blockData=[blockId=conID: 2 locID: 102650152704475544 bcsId: 0,size=4194304]} | ret=SUCCESS |  
2019-08-20 16:03:48,469 [grpc-default-executor-6] INFO  client.GrpcClientProtocolClient (GrpcClientProtocolClient.java:onNext(255)) - client-EAA342753240->9a4a4c23-9ff3-4ce3-a619-2c71c0869997: receive RaftClientReply:client-EAA342753240->9a4a4c23-9ff3-4ce3-a619-2c71c0869997@group-EC4211DF0353, cid=660, SUCCESS, logIndex=0, commits[9a4a4c23-9ff3-4ce3-a619-2c71c0869997:c795, 9b0072ab-15b3-4973-9bcb-7fa02f6bfea9:c793, 9f215ef2-7d46-4cda-b695-cae1b893f75f:c793]
2019-08-20 16:03:48,481 | INFO  | DNAudit | user=null | ip=null | op=WRITE_CHUNK {blockData=conID: 3 locID: 102650152704475545 bcsId: 0} | ret=SUCCESS |  
2019-08-20 16:03:48,483 | INFO  | DNAudit | user=null | ip=null | op=WRITE_CHUNK {blockData=conID: 3 locID: 102650152704475545 bcsId: 0} | ret=SUCCESS |  
2019-08-20 16:03:48,483 | INFO  | DNAudit | user=null | ip=null | op=WRITE_CHUNK {blockData=conID: 3 locID: 102650152704475545 bcsId: 0} | ret=SUCCESS |  
2019-08-20 16:03:48,483 | INFO  | DNAudit | user=null | ip=null | op=WRITE_CHUNK {blockData=conID: 3 locID: 102650152704475545 bcsId: 0} | ret=SUCCESS |  
2019-08-20 16:03:48,486 | INFO  | DNAudit | user=null | ip=null | op=WRITE_CHUNK {blockData=conID: 3 locID: 102650152704475545 bcsId: 0} | ret=SUCCESS |  
2019-08-20 16:03:48,486 | INFO  | DNAudit | user=null | ip=null | op=WRITE_CHUNK {blockData=conID: 3 locID: 102650152704475545 bcsId: 0} | ret=SUCCESS |  
2019-08-20 16:03:48,499 | INFO  | DNAudit | user=null | ip=null | op=WRITE_CHUNK {blockData=conID: 3 locID: 102650152704475545 bcsId: 0} | ret=SUCCESS |  
2019-08-20 16:03:48,500 | INFO  | DNAudit | user=null | ip=null | op=PUT_BLOCK {blockData=[blockId=conID: 3 locID: 102650152704475545 bcsId: 0,size=1048576]} | ret=SUCCESS |  
2019-08-20 16:03:48,500 [grpc-default-executor-5] INFO  client.GrpcClientProtocolClient (GrpcClientProtocolClient.java:onNext(255)) - client-EAA342753240->9a4a4c23-9ff3-4ce3-a619-2c71c0869997: receive RaftClientReply:client-EAA342753240->9a4a4c23-9ff3-4ce3-a619-2c71c0869997@group-EC4211DF0353, cid=661, SUCCESS, logIndex=796, commits[9a4a4c23-9ff3-4ce3-a619-2c71c0869997:c797, 9b0072ab-15b3-4973-9bcb-7fa02f6bfea9:c795, 9f215ef2-7d46-4cda-b695-cae1b893f75f:c795]
2019-08-20 16:03:48,501 | INFO  | DNAudit | user=null | ip=null | op=WRITE_CHUNK {blockData=conID: 3 locID: 102650152704475545 bcsId: 0} | ret=SUCCESS |  
2019-08-20 16:03:48,501 [grpc-default-executor-5] INFO  client.GrpcClientProtocolClient (GrpcClientProtocolClient.java:onNext(255)) - client-EAA342753240->9a4a4c23-9ff3-4ce3-a619-2c71c0869997: receive RaftClientReply:client-EAA342753240->9a4a4c23-9ff3-4ce3-a619-2c71c0869997@group-EC4211DF0353, cid=662, SUCCESS, logIndex=797, commits[9a4a4c23-9ff3-4ce3-a619-2c71c0869997:c799, 9b0072ab-15b3-4973-9bcb-7fa02f6bfea9:c795, 9f215ef2-7d46-4cda-b695-cae1b893f75f:c795]
2019-08-20 16:03:48,501 | INFO  | DNAudit | user=null | ip=null | op=PUT_BLOCK {blockData=[blockId=conID: 3 locID: 102650152704475545 bcsId: 0,size=2097152]} | ret=SUCCESS |  
2019-08-20 16:03:48,501 [grpc-default-executor-5] INFO  client.GrpcClientProtocolClient (GrpcClientProtocolClient.java:onNext(255)) - client-EAA342753240->9a4a4c23-9ff3-4ce3-a619-2c71c0869997: receive RaftClientReply:client-EAA342753240->9a4a4c23-9ff3-4ce3-a619-2c71c0869997@group-EC4211DF0353, cid=663, SUCCESS, logIndex=798, commits[9a4a4c23-9ff3-4ce3-a619-2c71c0869997:c799, 9b0072ab-15b3-4973-9bcb-7fa02f6bfea9:c795, 9f215ef2-7d46-4cda-b695-cae1b893f75f:c795]
2019-08-20 16:03:48,502 | INFO  | DNAudit | user=null | ip=null | op=WRITE_CHUNK {blockData=conID: 3 locID: 102650152704475545 bcsId: 0} | ret=SUCCESS |  
2019-08-20 16:03:48,502 | INFO  | DNAudit | user=null | ip=null | op=WRITE_CHUNK {blockData=conID: 3 locID: 102650152704475545 bcsId: 0} | ret=SUCCESS |  
2019-08-20 16:03:48,502 [grpc-default-executor-5] INFO  client.GrpcClientProtocolClient (GrpcClientProtocolClient.java:onNext(255)) - client-EAA342753240->9a4a4c23-9ff3-4ce3-a619-2c71c0869997: receive RaftClientReply:client-EAA342753240->9a4a4c23-9ff3-4ce3-a619-2c71c0869997@group-EC4211DF0353, cid=664, SUCCESS, logIndex=799, commits[9a4a4c23-9ff3-4ce3-a619-2c71c0869997:c799, 9b0072ab-15b3-4973-9bcb-7fa02f6bfea9:c795, 9f215ef2-7d46-4cda-b695-cae1b893f75f:c795]
2019-08-20 16:03:48,502 | INFO  | DNAudit | user=null | ip=null | op=PUT_BLOCK {blockData=[blockId=conID: 3 locID: 102650152704475545 bcsId: 0,size=1048576]} | ret=SUCCESS |  
2019-08-20 16:03:48,502 | INFO  | DNAudit | user=null | ip=null | op=PUT_BLOCK {blockData=[blockId=conID: 3 locID: 102650152704475545 bcsId: 0,size=1048576]} | ret=SUCCESS |  
2019-08-20 16:03:48,503 | INFO  | DNAudit | user=null | ip=null | op=WRITE_CHUNK {blockData=conID: 3 locID: 102650152704475545 bcsId: 0} | ret=SUCCESS |  
2019-08-20 16:03:48,503 | INFO  | DNAudit | user=null | ip=null | op=WRITE_CHUNK {blockData=conID: 3 locID: 102650152704475545 bcsId: 0} | ret=SUCCESS |  
2019-08-20 16:03:48,503 | INFO  | DNAudit | user=null | ip=null | op=PUT_BLOCK {blockData=[blockId=conID: 3 locID: 102650152704475545 bcsId: 0,size=2097152]} | ret=SUCCESS |  
2019-08-20 16:03:48,503 [grpc-default-executor-5] INFO  client.GrpcClientProtocolClient (GrpcClientProtocolClient.java:onNext(255)) - client-EAA342753240->9a4a4c23-9ff3-4ce3-a619-2c71c0869997: receive RaftClientReply:client-EAA342753240->9a4a4c23-9ff3-4ce3-a619-2c71c0869997@group-EC4211DF0353, cid=665, SUCCESS, logIndex=0, commits[9a4a4c23-9ff3-4ce3-a619-2c71c0869997:c801, 9b0072ab-15b3-4973-9bcb-7fa02f6bfea9:c797, 9f215ef2-7d46-4cda-b695-cae1b893f75f:c797]
2019-08-20 16:03:48,510 | INFO  | DNAudit | user=null | ip=null | op=PUT_BLOCK {blockData=[blockId=conID: 3 locID: 102650152704475545 bcsId: 0,size=2097152]} | ret=SUCCESS |  
2019-08-20 16:03:48,511 | INFO  | DNAudit | user=null | ip=null | op=WRITE_CHUNK {blockData=conID: 3 locID: 102650152704475545 bcsId: 799} | ret=SUCCESS |  
2019-08-20 16:03:48,514 | INFO  | DNAudit | user=null | ip=null | op=WRITE_CHUNK {blockData=conID: 3 locID: 102650152704475545 bcsId: 799} | ret=SUCCESS |  
2019-08-20 16:03:48,515 | INFO  | DNAudit | user=null | ip=null | op=WRITE_CHUNK {blockData=conID: 3 locID: 102650152704475545 bcsId: 799} | ret=SUCCESS |  
2019-08-20 16:03:48,517 | INFO  | DNAudit | user=null | ip=null | op=WRITE_CHUNK {blockData=conID: 3 locID: 102650152704475545 bcsId: 799} | ret=SUCCESS |  
2019-08-20 16:03:48,518 | INFO  | DNAudit | user=null | ip=null | op=PUT_BLOCK {blockData=[blockId=conID: 3 locID: 102650152704475545 bcsId: 0,size=3145728]} | ret=SUCCESS |  
2019-08-20 16:03:48,518 [grpc-default-executor-1] INFO  client.GrpcClientProtocolClient (GrpcClientProtocolClient.java:onNext(255)) - client-EAA342753240->9a4a4c23-9ff3-4ce3-a619-2c71c0869997: receive RaftClientReply:client-EAA342753240->9a4a4c23-9ff3-4ce3-a619-2c71c0869997@group-EC4211DF0353, cid=666, SUCCESS, logIndex=803, commits[9a4a4c23-9ff3-4ce3-a619-2c71c0869997:c804, 9b0072ab-15b3-4973-9bcb-7fa02f6bfea9:c802, 9f215ef2-7d46-4cda-b695-cae1b893f75f:c802]
2019-08-20 16:03:48,519 [grpc-default-executor-1] INFO  client.GrpcClientProtocolClient (GrpcClientProtocolClient.java:onNext(255)) - client-EAA342753240->9a4a4c23-9ff3-4ce3-a619-2c71c0869997: receive RaftClientReply:client-EAA342753240->9a4a4c23-9ff3-4ce3-a619-2c71c0869997@group-EC4211DF0353, cid=667, SUCCESS, logIndex=804, commits[9a4a4c23-9ff3-4ce3-a619-2c71c0869997:c804, 9b0072ab-15b3-4973-9bcb-7fa02f6bfea9:c802, 9f215ef2-7d46-4cda-b695-cae1b893f75f:c802]
2019-08-20 16:03:48,527 | INFO  | DNAudit | user=null | ip=null | op=WRITE_CHUNK {blockData=conID: 3 locID: 102650152704475545 bcsId: 804} | ret=SUCCESS |  
2019-08-20 16:03:48,530 | INFO  | DNAudit | user=null | ip=null | op=WRITE_CHUNK {blockData=conID: 3 locID: 102650152704475545 bcsId: 804} | ret=SUCCESS |  
2019-08-20 16:03:48,531 | INFO  | DNAudit | user=null | ip=null | op=WRITE_CHUNK {blockData=conID: 3 locID: 102650152704475545 bcsId: 804} | ret=SUCCESS |  
2019-08-20 16:03:48,531 | INFO  | DNAudit | user=null | ip=null | op=WRITE_CHUNK {blockData=conID: 3 locID: 102650152704475545 bcsId: 799} | ret=SUCCESS |  
2019-08-20 16:03:48,543 | INFO  | DNAudit | user=null | ip=null | op=WRITE_CHUNK {blockData=conID: 3 locID: 102650152704475545 bcsId: 799} | ret=SUCCESS |  
2019-08-20 16:03:48,546 | INFO  | DNAudit | user=null | ip=null | op=PUT_BLOCK {blockData=[blockId=conID: 3 locID: 102650152704475545 bcsId: 0,size=3145728]} | ret=SUCCESS |  
2019-08-20 16:03:48,546 | INFO  | DNAudit | user=null | ip=null | op=PUT_BLOCK {blockData=[blockId=conID: 3 locID: 102650152704475545 bcsId: 0,size=3145728]} | ret=SUCCESS |  
2019-08-20 16:03:48,546 | INFO  | DNAudit | user=null | ip=null | op=WRITE_CHUNK {blockData=conID: 3 locID: 102650152704475545 bcsId: 804} | ret=SUCCESS |  
2019-08-20 16:03:48,547 | INFO  | DNAudit | user=null | ip=null | op=PUT_BLOCK {blockData=[blockId=conID: 3 locID: 102650152704475545 bcsId: 0,size=4194304]} | ret=SUCCESS |  
2019-08-20 16:03:48,547 [grpc-default-executor-1] INFO  client.GrpcClientProtocolClient (GrpcClientProtocolClient.java:onNext(255)) - client-EAA342753240->9a4a4c23-9ff3-4ce3-a619-2c71c0869997: receive RaftClientReply:client-EAA342753240->9a4a4c23-9ff3-4ce3-a619-2c71c0869997@group-EC4211DF0353, cid=668, SUCCESS, logIndex=807, commits[9a4a4c23-9ff3-4ce3-a619-2c71c0869997:c808, 9b0072ab-15b3-4973-9bcb-7fa02f6bfea9:c804, 9f215ef2-7d46-4cda-b695-cae1b893f75f:c804]
2019-08-20 16:03:48,548 [grpc-default-executor-1] INFO  client.GrpcClientProtocolClient (GrpcClientProtocolClient.java:onNext(255)) - client-EAA342753240->9a4a4c23-9ff3-4ce3-a619-2c71c0869997: receive RaftClientReply:client-EAA342753240->9a4a4c23-9ff3-4ce3-a619-2c71c0869997@group-EC4211DF0353, cid=669, SUCCESS, logIndex=808, commits[9a4a4c23-9ff3-4ce3-a619-2c71c0869997:c808, 9b0072ab-15b3-4973-9bcb-7fa02f6bfea9:c804, 9f215ef2-7d46-4cda-b695-cae1b893f75f:c804]
2019-08-20 16:03:48,551 | INFO  | DNAudit | user=null | ip=null | op=WRITE_CHUNK {blockData=conID: 3 locID: 102650152704475545 bcsId: 804} | ret=SUCCESS |  
2019-08-20 16:03:48,551 | INFO  | DNAudit | user=null | ip=null | op=WRITE_CHUNK {blockData=conID: 3 locID: 102650152704475545 bcsId: 804} | ret=SUCCESS |  
2019-08-20 16:03:48,552 | INFO  | DNAudit | user=null | ip=null | op=PUT_BLOCK {blockData=[blockId=conID: 3 locID: 102650152704475545 bcsId: 0,size=4194304]} | ret=SUCCESS |  
2019-08-20 16:03:48,552 | INFO  | DNAudit | user=null | ip=null | op=PUT_BLOCK {blockData=[blockId=conID: 3 locID: 102650152704475545 bcsId: 0,size=4194304]} | ret=SUCCESS |  
2019-08-20 16:03:48,553 [grpc-default-executor-5] INFO  client.GrpcClientProtocolClient (GrpcClientProtocolClient.java:onNext(255)) - client-EAA342753240->9a4a4c23-9ff3-4ce3-a619-2c71c0869997: receive RaftClientReply:client-EAA342753240->9a4a4c23-9ff3-4ce3-a619-2c71c0869997@group-EC4211DF0353, cid=670, SUCCESS, logIndex=0, commits[9a4a4c23-9ff3-4ce3-a619-2c71c0869997:c810, 9b0072ab-15b3-4973-9bcb-7fa02f6bfea9:c808, 9f215ef2-7d46-4cda-b695-cae1b893f75f:c808]
2019-08-20 16:03:48,562 | INFO  | DNAudit | user=null | ip=null | op=WRITE_CHUNK {blockData=conID: 1 locID: 102650152704475546 bcsId: 0} | ret=SUCCESS |  
2019-08-20 16:03:48,566 | INFO  | DNAudit | user=null | ip=null | op=WRITE_CHUNK {blockData=conID: 1 locID: 102650152704475546 bcsId: 0} | ret=SUCCESS |  
2019-08-20 16:03:48,566 | INFO  | DNAudit | user=null | ip=null | op=WRITE_CHUNK {blockData=conID: 1 locID: 102650152704475546 bcsId: 0} | ret=SUCCESS |  
2019-08-20 16:03:48,566 | INFO  | DNAudit | user=null | ip=null | op=WRITE_CHUNK {blockData=conID: 1 locID: 102650152704475546 bcsId: 0} | ret=SUCCESS |  
2019-08-20 16:03:48,568 | INFO  | DNAudit | user=null | ip=null | op=WRITE_CHUNK {blockData=conID: 1 locID: 102650152704475546 bcsId: 0} | ret=SUCCESS |  
2019-08-20 16:03:48,569 | INFO  | DNAudit | user=null | ip=null | op=WRITE_CHUNK {blockData=conID: 1 locID: 102650152704475546 bcsId: 0} | ret=SUCCESS |  
2019-08-20 16:03:48,575 | INFO  | DNAudit | user=null | ip=null | op=WRITE_CHUNK {blockData=conID: 1 locID: 102650152704475546 bcsId: 0} | ret=SUCCESS |  
2019-08-20 16:03:48,576 | INFO  | DNAudit | user=null | ip=null | op=PUT_BLOCK {blockData=[blockId=conID: 1 locID: 102650152704475546 bcsId: 0,size=1048576]} | ret=SUCCESS |  
2019-08-20 16:03:48,576 | INFO  | DNAudit | user=null | ip=null | op=WRITE_CHUNK {blockData=conID: 1 locID: 102650152704475546 bcsId: 0} | ret=SUCCESS |  
2019-08-20 16:03:48,576 [grpc-default-executor-6] INFO  client.GrpcClientProtocolClient (GrpcClientProtocolClient.java:onNext(255)) - client-EAA342753240->9a4a4c23-9ff3-4ce3-a619-2c71c0869997: receive RaftClientReply:client-EAA342753240->9a4a4c23-9ff3-4ce3-a619-2c71c0869997@group-EC4211DF0353, cid=671, SUCCESS, logIndex=811, commits[9a4a4c23-9ff3-4ce3-a619-2c71c0869997:c813, 9b0072ab-15b3-4973-9bcb-7fa02f6bfea9:c810, 9f215ef2-7d46-4cda-b695-cae1b893f75f:c810]
2019-08-20 16:03:48,577 | INFO  | DNAudit | user=null | ip=null | op=PUT_BLOCK {blockData=[blockId=conID: 1 locID: 102650152704475546 bcsId: 0,size=2097152]} | ret=SUCCESS |  
2019-08-20 16:03:48,577 | INFO  | DNAudit | user=null | ip=null | op=WRITE_CHUNK {blockData=conID: 1 locID: 102650152704475546 bcsId: 0} | ret=SUCCESS |  
2019-08-20 16:03:48,577 | INFO  | DNAudit | user=null | ip=null | op=WRITE_CHUNK {blockData=conID: 1 locID: 102650152704475546 bcsId: 0} | ret=SUCCESS |  
2019-08-20 16:03:48,577 [grpc-default-executor-0] INFO  client.GrpcClientProtocolClient (GrpcClientProtocolClient.java:onNext(255)) - client-EAA342753240->9a4a4c23-9ff3-4ce3-a619-2c71c0869997: receive RaftClientReply:client-EAA342753240->9a4a4c23-9ff3-4ce3-a619-2c71c0869997@group-EC4211DF0353, cid=672, SUCCESS, logIndex=812, commits[9a4a4c23-9ff3-4ce3-a619-2c71c0869997:c814, 9b0072ab-15b3-4973-9bcb-7fa02f6bfea9:c810, 9f215ef2-7d46-4cda-b695-cae1b893f75f:c810]
2019-08-20 16:03:48,578 | INFO  | DNAudit | user=null | ip=null | op=PUT_BLOCK {blockData=[blockId=conID: 1 locID: 102650152704475546 bcsId: 0,size=1048576]} | ret=SUCCESS |  
2019-08-20 16:03:48,578 | INFO  | DNAudit | user=null | ip=null | op=PUT_BLOCK {blockData=[blockId=conID: 1 locID: 102650152704475546 bcsId: 0,size=1048576]} | ret=SUCCESS |  
2019-08-20 16:03:48,578 [grpc-default-executor-0] INFO  client.GrpcClientProtocolClient (GrpcClientProtocolClient.java:onNext(255)) - client-EAA342753240->9a4a4c23-9ff3-4ce3-a619-2c71c0869997: receive RaftClientReply:client-EAA342753240->9a4a4c23-9ff3-4ce3-a619-2c71c0869997@group-EC4211DF0353, cid=673, SUCCESS, logIndex=813, commits[9a4a4c23-9ff3-4ce3-a619-2c71c0869997:c814, 9b0072ab-15b3-4973-9bcb-7fa02f6bfea9:c810, 9f215ef2-7d46-4cda-b695-cae1b893f75f:c810]
2019-08-20 16:03:48,578 [grpc-default-executor-0] INFO  client.GrpcClientProtocolClient (GrpcClientProtocolClient.java:onNext(255)) - client-EAA342753240->9a4a4c23-9ff3-4ce3-a619-2c71c0869997: receive RaftClientReply:client-EAA342753240->9a4a4c23-9ff3-4ce3-a619-2c71c0869997@group-EC4211DF0353, cid=674, SUCCESS, logIndex=814, commits[9a4a4c23-9ff3-4ce3-a619-2c71c0869997:c814, 9b0072ab-15b3-4973-9bcb-7fa02f6bfea9:c810, 9f215ef2-7d46-4cda-b695-cae1b893f75f:c810]
2019-08-20 16:03:48,578 | INFO  | DNAudit | user=null | ip=null | op=WRITE_CHUNK {blockData=conID: 1 locID: 102650152704475546 bcsId: 0} | ret=SUCCESS |  
2019-08-20 16:03:48,579 | INFO  | DNAudit | user=null | ip=null | op=WRITE_CHUNK {blockData=conID: 1 locID: 102650152704475546 bcsId: 0} | ret=SUCCESS |  
2019-08-20 16:03:48,579 | INFO  | DNAudit | user=null | ip=null | op=PUT_BLOCK {blockData=[blockId=conID: 1 locID: 102650152704475546 bcsId: 0,size=2097152]} | ret=SUCCESS |  
2019-08-20 16:03:48,579 [grpc-default-executor-6] INFO  client.GrpcClientProtocolClient (GrpcClientProtocolClient.java:onNext(255)) - client-EAA342753240->9a4a4c23-9ff3-4ce3-a619-2c71c0869997: receive RaftClientReply:client-EAA342753240->9a4a4c23-9ff3-4ce3-a619-2c71c0869997@group-EC4211DF0353, cid=675, SUCCESS, logIndex=0, commits[9a4a4c23-9ff3-4ce3-a619-2c71c0869997:c817, 9b0072ab-15b3-4973-9bcb-7fa02f6bfea9:c813, 9f215ef2-7d46-4cda-b695-cae1b893f75f:c812]
2019-08-20 16:03:48,579 | INFO  | DNAudit | user=null | ip=null | op=PUT_BLOCK {blockData=[blockId=conID: 1 locID: 102650152704475546 bcsId: 0,size=2097152]} | ret=SUCCESS |  
2019-08-20 16:03:48,586 | INFO  | DNAudit | user=null | ip=null | op=WRITE_CHUNK {blockData=conID: 1 locID: 102650152704475546 bcsId: 814} | ret=SUCCESS |  
2019-08-20 16:03:48,589 | INFO  | DNAudit | user=null | ip=null | op=WRITE_CHUNK {blockData=conID: 1 locID: 102650152704475546 bcsId: 814} | ret=SUCCESS |  
2019-08-20 16:03:48,590 | INFO  | DNAudit | user=null | ip=null | op=WRITE_CHUNK {blockData=conID: 1 locID: 102650152704475546 bcsId: 814} | ret=SUCCESS |  
2019-08-20 16:03:48,595 | INFO  | DNAudit | user=null | ip=null | op=WRITE_CHUNK {blockData=conID: 1 locID: 102650152704475546 bcsId: 814} | ret=SUCCESS |  
2019-08-20 16:03:48,595 | INFO  | DNAudit | user=null | ip=null | op=PUT_BLOCK {blockData=[blockId=conID: 1 locID: 102650152704475546 bcsId: 0,size=3145728]} | ret=SUCCESS |  
2019-08-20 16:03:48,595 [grpc-default-executor-1] INFO  client.GrpcClientProtocolClient (GrpcClientProtocolClient.java:onNext(255)) - client-EAA342753240->9a4a4c23-9ff3-4ce3-a619-2c71c0869997: receive RaftClientReply:client-EAA342753240->9a4a4c23-9ff3-4ce3-a619-2c71c0869997@group-EC4211DF0353, cid=676, SUCCESS, logIndex=819, commits[9a4a4c23-9ff3-4ce3-a619-2c71c0869997:c820, 9b0072ab-15b3-4973-9bcb-7fa02f6bfea9:c818, 9f215ef2-7d46-4cda-b695-cae1b893f75f:c818]
2019-08-20 16:03:48,596 [grpc-default-executor-1] INFO  client.GrpcClientProtocolClient (GrpcClientProtocolClient.java:onNext(255)) - client-EAA342753240->9a4a4c23-9ff3-4ce3-a619-2c71c0869997: receive RaftClientReply:client-EAA342753240->9a4a4c23-9ff3-4ce3-a619-2c71c0869997@group-EC4211DF0353, cid=677, SUCCESS, logIndex=820, commits[9a4a4c23-9ff3-4ce3-a619-2c71c0869997:c820, 9b0072ab-15b3-4973-9bcb-7fa02f6bfea9:c818, 9f215ef2-7d46-4cda-b695-cae1b893f75f:c818]
2019-08-20 16:03:48,600 | INFO  | DNAudit | user=null | ip=null | op=WRITE_CHUNK {blockData=conID: 1 locID: 102650152704475546 bcsId: 814} | ret=SUCCESS |  
2019-08-20 16:03:48,600 | INFO  | DNAudit | user=null | ip=null | op=WRITE_CHUNK {blockData=conID: 1 locID: 102650152704475546 bcsId: 814} | ret=SUCCESS |  
2019-08-20 16:03:48,602 | INFO  | DNAudit | user=null | ip=null | op=PUT_BLOCK {blockData=[blockId=conID: 1 locID: 102650152704475546 bcsId: 0,size=3145728]} | ret=SUCCESS |  
2019-08-20 16:03:48,602 | INFO  | DNAudit | user=null | ip=null | op=PUT_BLOCK {blockData=[blockId=conID: 1 locID: 102650152704475546 bcsId: 0,size=3145728]} | ret=SUCCESS |  
2019-08-20 16:03:48,604 | INFO  | DNAudit | user=null | ip=null | op=WRITE_CHUNK {blockData=conID: 1 locID: 102650152704475546 bcsId: 820} | ret=SUCCESS |  
2019-08-20 16:03:48,607 | INFO  | DNAudit | user=null | ip=null | op=WRITE_CHUNK {blockData=conID: 1 locID: 102650152704475546 bcsId: 820} | ret=SUCCESS |  
2019-08-20 16:03:48,609 | INFO  | DNAudit | user=null | ip=null | op=WRITE_CHUNK {blockData=conID: 1 locID: 102650152704475546 bcsId: 820} | ret=SUCCESS |  
2019-08-20 16:03:48,619 | INFO  | DNAudit | user=null | ip=null | op=WRITE_CHUNK {blockData=conID: 1 locID: 102650152704475546 bcsId: 820} | ret=SUCCESS |  
2019-08-20 16:03:48,619 | INFO  | DNAudit | user=null | ip=null | op=PUT_BLOCK {blockData=[blockId=conID: 1 locID: 102650152704475546 bcsId: 0,size=4194304]} | ret=SUCCESS |  
2019-08-20 16:03:48,619 [grpc-default-executor-0] INFO  client.GrpcClientProtocolClient (GrpcClientProtocolClient.java:onNext(255)) - client-EAA342753240->9a4a4c23-9ff3-4ce3-a619-2c71c0869997: receive RaftClientReply:client-EAA342753240->9a4a4c23-9ff3-4ce3-a619-2c71c0869997@group-EC4211DF0353, cid=678, SUCCESS, logIndex=823, commits[9a4a4c23-9ff3-4ce3-a619-2c71c0869997:c824, 9b0072ab-15b3-4973-9bcb-7fa02f6bfea9:c822, 9f215ef2-7d46-4cda-b695-cae1b893f75f:c822]
2019-08-20 16:03:48,620 [grpc-default-executor-0] INFO  client.GrpcClientProtocolClient (GrpcClientProtocolClient.java:onNext(255)) - client-EAA342753240->9a4a4c23-9ff3-4ce3-a619-2c71c0869997: receive RaftClientReply:client-EAA342753240->9a4a4c23-9ff3-4ce3-a619-2c71c0869997@group-EC4211DF0353, cid=679, SUCCESS, logIndex=824, commits[9a4a4c23-9ff3-4ce3-a619-2c71c0869997:c824, 9b0072ab-15b3-4973-9bcb-7fa02f6bfea9:c822, 9f215ef2-7d46-4cda-b695-cae1b893f75f:c822]
2019-08-20 16:03:48,624 | INFO  | DNAudit | user=null | ip=null | op=WRITE_CHUNK {blockData=conID: 1 locID: 102650152704475546 bcsId: 820} | ret=SUCCESS |  
2019-08-20 16:03:48,624 | INFO  | DNAudit | user=null | ip=null | op=WRITE_CHUNK {blockData=conID: 1 locID: 102650152704475546 bcsId: 820} | ret=SUCCESS |  
2019-08-20 16:03:48,627 | INFO  | DNAudit | user=null | ip=null | op=PUT_BLOCK {blockData=[blockId=conID: 1 locID: 102650152704475546 bcsId: 0,size=4194304]} | ret=SUCCESS |  
2019-08-20 16:03:48,627 | INFO  | DNAudit | user=null | ip=null | op=PUT_BLOCK {blockData=[blockId=conID: 1 locID: 102650152704475546 bcsId: 0,size=4194304]} | ret=SUCCESS |  
2019-08-20 16:03:48,628 [grpc-default-executor-1] INFO  client.GrpcClientProtocolClient (GrpcClientProtocolClient.java:onNext(255)) - client-EAA342753240->9a4a4c23-9ff3-4ce3-a619-2c71c0869997: receive RaftClientReply:client-EAA342753240->9a4a4c23-9ff3-4ce3-a619-2c71c0869997@group-EC4211DF0353, cid=680, SUCCESS, logIndex=0, commits[9a4a4c23-9ff3-4ce3-a619-2c71c0869997:c826, 9b0072ab-15b3-4973-9bcb-7fa02f6bfea9:c824, 9f215ef2-7d46-4cda-b695-cae1b893f75f:c824]
2019-08-20 16:03:48,636 | INFO  | DNAudit | user=null | ip=null | op=WRITE_CHUNK {blockData=conID: 2 locID: 102650152704475547 bcsId: 0} | ret=SUCCESS |  
2019-08-20 16:03:48,639 | INFO  | DNAudit | user=null | ip=null | op=WRITE_CHUNK {blockData=conID: 2 locID: 102650152704475547 bcsId: 0} | ret=SUCCESS |  
2019-08-20 16:03:48,640 | INFO  | DNAudit | user=null | ip=null | op=WRITE_CHUNK {blockData=conID: 2 locID: 102650152704475547 bcsId: 0} | ret=SUCCESS |  
2019-08-20 16:03:48,640 | INFO  | DNAudit | user=null | ip=null | op=WRITE_CHUNK {blockData=conID: 2 locID: 102650152704475547 bcsId: 0} | ret=SUCCESS |  
2019-08-20 16:03:48,642 | INFO  | DNAudit | user=null | ip=null | op=WRITE_CHUNK {blockData=conID: 2 locID: 102650152704475547 bcsId: 0} | ret=SUCCESS |  
2019-08-20 16:03:48,642 | INFO  | DNAudit | user=null | ip=null | op=WRITE_CHUNK {blockData=conID: 2 locID: 102650152704475547 bcsId: 0} | ret=SUCCESS |  
2019-08-20 16:03:48,655 | INFO  | DNAudit | user=null | ip=null | op=WRITE_CHUNK {blockData=conID: 2 locID: 102650152704475547 bcsId: 0} | ret=SUCCESS |  
2019-08-20 16:03:48,656 | INFO  | DNAudit | user=null | ip=null | op=PUT_BLOCK {blockData=[blockId=conID: 2 locID: 102650152704475547 bcsId: 0,size=1048576]} | ret=SUCCESS |  
2019-08-20 16:03:48,656 [grpc-default-executor-1] INFO  client.GrpcClientProtocolClient (GrpcClientProtocolClient.java:onNext(255)) - client-EAA342753240->9a4a4c23-9ff3-4ce3-a619-2c71c0869997: receive RaftClientReply:client-EAA342753240->9a4a4c23-9ff3-4ce3-a619-2c71c0869997@group-EC4211DF0353, cid=681, SUCCESS, logIndex=827, commits[9a4a4c23-9ff3-4ce3-a619-2c71c0869997:c830, 9b0072ab-15b3-4973-9bcb-7fa02f6bfea9:c826, 9f215ef2-7d46-4cda-b695-cae1b893f75f:c826]
2019-08-20 16:03:48,656 | INFO  | DNAudit | user=null | ip=null | op=WRITE_CHUNK {blockData=conID: 2 locID: 102650152704475547 bcsId: 0} | ret=SUCCESS |  
2019-08-20 16:03:48,657 | INFO  | DNAudit | user=null | ip=null | op=PUT_BLOCK {blockData=[blockId=conID: 2 locID: 102650152704475547 bcsId: 0,size=2097152]} | ret=SUCCESS |  
2019-08-20 16:03:48,657 [grpc-default-executor-1] INFO  client.GrpcClientProtocolClient (GrpcClientProtocolClient.java:onNext(255)) - client-EAA342753240->9a4a4c23-9ff3-4ce3-a619-2c71c0869997: receive RaftClientReply:client-EAA342753240->9a4a4c23-9ff3-4ce3-a619-2c71c0869997@group-EC4211DF0353, cid=682, SUCCESS, logIndex=828, commits[9a4a4c23-9ff3-4ce3-a619-2c71c0869997:c830, 9b0072ab-15b3-4973-9bcb-7fa02f6bfea9:c826, 9f215ef2-7d46-4cda-b695-cae1b893f75f:c826]
2019-08-20 16:03:48,657 [grpc-default-executor-1] INFO  client.GrpcClientProtocolClient (GrpcClientProtocolClient.java:onNext(255)) - client-EAA342753240->9a4a4c23-9ff3-4ce3-a619-2c71c0869997: receive RaftClientReply:client-EAA342753240->9a4a4c23-9ff3-4ce3-a619-2c71c0869997@group-EC4211DF0353, cid=683, SUCCESS, logIndex=829, commits[9a4a4c23-9ff3-4ce3-a619-2c71c0869997:c830, 9b0072ab-15b3-4973-9bcb-7fa02f6bfea9:c826, 9f215ef2-7d46-4cda-b695-cae1b893f75f:c826]
2019-08-20 16:03:48,657 [grpc-default-executor-1] INFO  client.GrpcClientProtocolClient (GrpcClientProtocolClient.java:onNext(255)) - client-EAA342753240->9a4a4c23-9ff3-4ce3-a619-2c71c0869997: receive RaftClientReply:client-EAA342753240->9a4a4c23-9ff3-4ce3-a619-2c71c0869997@group-EC4211DF0353, cid=684, SUCCESS, logIndex=830, commits[9a4a4c23-9ff3-4ce3-a619-2c71c0869997:c830, 9b0072ab-15b3-4973-9bcb-7fa02f6bfea9:c826, 9f215ef2-7d46-4cda-b695-cae1b893f75f:c826]
2019-08-20 16:03:48,660 | INFO  | DNAudit | user=null | ip=null | op=WRITE_CHUNK {blockData=conID: 2 locID: 102650152704475547 bcsId: 0} | ret=SUCCESS |  
2019-08-20 16:03:48,660 | INFO  | DNAudit | user=null | ip=null | op=WRITE_CHUNK {blockData=conID: 2 locID: 102650152704475547 bcsId: 0} | ret=SUCCESS |  
2019-08-20 16:03:48,660 | INFO  | DNAudit | user=null | ip=null | op=PUT_BLOCK {blockData=[blockId=conID: 2 locID: 102650152704475547 bcsId: 0,size=1048576]} | ret=SUCCESS |  
2019-08-20 16:03:48,661 | INFO  | DNAudit | user=null | ip=null | op=PUT_BLOCK {blockData=[blockId=conID: 2 locID: 102650152704475547 bcsId: 0,size=1048576]} | ret=SUCCESS |  
2019-08-20 16:03:48,661 [grpc-default-executor-1] INFO  client.GrpcClientProtocolClient (GrpcClientProtocolClient.java:onNext(255)) - client-EAA342753240->9a4a4c23-9ff3-4ce3-a619-2c71c0869997: receive RaftClientReply:client-EAA342753240->9a4a4c23-9ff3-4ce3-a619-2c71c0869997@group-EC4211DF0353, cid=685, SUCCESS, logIndex=0, commits[9a4a4c23-9ff3-4ce3-a619-2c71c0869997:c831, 9b0072ab-15b3-4973-9bcb-7fa02f6bfea9:c828, 9f215ef2-7d46-4cda-b695-cae1b893f75f:c828]
2019-08-20 16:03:48,663 | INFO  | DNAudit | user=null | ip=null | op=WRITE_CHUNK {blockData=conID: 2 locID: 102650152704475547 bcsId: 0} | ret=SUCCESS |  
2019-08-20 16:03:48,663 | INFO  | DNAudit | user=null | ip=null | op=WRITE_CHUNK {blockData=conID: 2 locID: 102650152704475547 bcsId: 0} | ret=SUCCESS |  
2019-08-20 16:03:48,664 | INFO  | DNAudit | user=null | ip=null | op=PUT_BLOCK {blockData=[blockId=conID: 2 locID: 102650152704475547 bcsId: 0,size=2097152]} | ret=SUCCESS |  
2019-08-20 16:03:48,664 | INFO  | DNAudit | user=null | ip=null | op=PUT_BLOCK {blockData=[blockId=conID: 2 locID: 102650152704475547 bcsId: 0,size=2097152]} | ret=SUCCESS |  
2019-08-20 16:03:48,669 | INFO  | DNAudit | user=null | ip=null | op=WRITE_CHUNK {blockData=conID: 2 locID: 102650152704475547 bcsId: 830} | ret=SUCCESS |  
2019-08-20 16:03:48,672 | INFO  | DNAudit | user=null | ip=null | op=WRITE_CHUNK {blockData=conID: 2 locID: 102650152704475547 bcsId: 830} | ret=SUCCESS |  
2019-08-20 16:03:48,673 | INFO  | DNAudit | user=null | ip=null | op=WRITE_CHUNK {blockData=conID: 2 locID: 102650152704475547 bcsId: 830} | ret=SUCCESS |  
2019-08-20 16:03:48,679 | INFO  | DNAudit | user=null | ip=null | op=WRITE_CHUNK {blockData=conID: 2 locID: 102650152704475547 bcsId: 830} | ret=SUCCESS |  
2019-08-20 16:03:48,680 | INFO  | DNAudit | user=null | ip=null | op=PUT_BLOCK {blockData=[blockId=conID: 2 locID: 102650152704475547 bcsId: 0,size=3145728]} | ret=SUCCESS |  
2019-08-20 16:03:48,680 [grpc-default-executor-1] INFO  client.GrpcClientProtocolClient (GrpcClientProtocolClient.java:onNext(255)) - client-EAA342753240->9a4a4c23-9ff3-4ce3-a619-2c71c0869997: receive RaftClientReply:client-EAA342753240->9a4a4c23-9ff3-4ce3-a619-2c71c0869997@group-EC4211DF0353, cid=686, SUCCESS, logIndex=835, commits[9a4a4c23-9ff3-4ce3-a619-2c71c0869997:c836, 9b0072ab-15b3-4973-9bcb-7fa02f6bfea9:c834, 9f215ef2-7d46-4cda-b695-cae1b893f75f:c834]
2019-08-20 16:03:48,681 [grpc-default-executor-1] INFO  client.GrpcClientProtocolClient (GrpcClientProtocolClient.java:onNext(255)) - client-EAA342753240->9a4a4c23-9ff3-4ce3-a619-2c71c0869997: receive RaftClientReply:client-EAA342753240->9a4a4c23-9ff3-4ce3-a619-2c71c0869997@group-EC4211DF0353, cid=687, SUCCESS, logIndex=836, commits[9a4a4c23-9ff3-4ce3-a619-2c71c0869997:c836, 9b0072ab-15b3-4973-9bcb-7fa02f6bfea9:c834, 9f215ef2-7d46-4cda-b695-cae1b893f75f:c834]
2019-08-20 16:03:48,692 | INFO  | DNAudit | user=null | ip=null | op=WRITE_CHUNK {blockData=conID: 2 locID: 102650152704475547 bcsId: 836} | ret=SUCCESS |  
2019-08-20 16:03:48,693 | INFO  | DNAudit | user=null | ip=null | op=WRITE_CHUNK {blockData=conID: 2 locID: 102650152704475547 bcsId: 830} | ret=SUCCESS |  
2019-08-20 16:03:48,693 | INFO  | DNAudit | user=null | ip=null | op=WRITE_CHUNK {blockData=conID: 2 locID: 102650152704475547 bcsId: 830} | ret=SUCCESS |  
2019-08-20 16:03:48,694 | INFO  | DNAudit | user=null | ip=null | op=PUT_BLOCK {blockData=[blockId=conID: 2 locID: 102650152704475547 bcsId: 0,size=3145728]} | ret=SUCCESS |  
2019-08-20 16:03:48,694 | INFO  | DNAudit | user=null | ip=null | op=WRITE_CHUNK {blockData=conID: 2 locID: 102650152704475547 bcsId: 836} | ret=SUCCESS |  
2019-08-20 16:03:48,694 | INFO  | DNAudit | user=null | ip=null | op=PUT_BLOCK {blockData=[blockId=conID: 2 locID: 102650152704475547 bcsId: 0,size=3145728]} | ret=SUCCESS |  
2019-08-20 16:03:48,695 | INFO  | DNAudit | user=null | ip=null | op=WRITE_CHUNK {blockData=conID: 2 locID: 102650152704475547 bcsId: 836} | ret=SUCCESS |  
2019-08-20 16:03:48,699 | INFO  | DNAudit | user=null | ip=null | op=WRITE_CHUNK {blockData=conID: 2 locID: 102650152704475547 bcsId: 836} | ret=SUCCESS |  
2019-08-20 16:03:48,700 | INFO  | DNAudit | user=null | ip=null | op=PUT_BLOCK {blockData=[blockId=conID: 2 locID: 102650152704475547 bcsId: 0,size=4194304]} | ret=SUCCESS |  
2019-08-20 16:03:48,700 [grpc-default-executor-1] INFO  client.GrpcClientProtocolClient (GrpcClientProtocolClient.java:onNext(255)) - client-EAA342753240->9a4a4c23-9ff3-4ce3-a619-2c71c0869997: receive RaftClientReply:client-EAA342753240->9a4a4c23-9ff3-4ce3-a619-2c71c0869997@group-EC4211DF0353, cid=688, SUCCESS, logIndex=839, commits[9a4a4c23-9ff3-4ce3-a619-2c71c0869997:c840, 9b0072ab-15b3-4973-9bcb-7fa02f6bfea9:c836, 9f215ef2-7d46-4cda-b695-cae1b893f75f:c836]
2019-08-20 16:03:48,701 | INFO  | DNAudit | user=null | ip=null | op=WRITE_CHUNK {blockData=conID: 2 locID: 102650152704475547 bcsId: 836} | ret=SUCCESS |  
2019-08-20 16:03:48,701 [grpc-default-executor-1] INFO  client.GrpcClientProtocolClient (GrpcClientProtocolClient.java:onNext(255)) - client-EAA342753240->9a4a4c23-9ff3-4ce3-a619-2c71c0869997: receive RaftClientReply:client-EAA342753240->9a4a4c23-9ff3-4ce3-a619-2c71c0869997@group-EC4211DF0353, cid=689, SUCCESS, logIndex=840, commits[9a4a4c23-9ff3-4ce3-a619-2c71c0869997:c840, 9b0072ab-15b3-4973-9bcb-7fa02f6bfea9:c836, 9f215ef2-7d46-4cda-b695-cae1b893f75f:c836]
2019-08-20 16:03:48,701 | INFO  | DNAudit | user=null | ip=null | op=PUT_BLOCK {blockData=[blockId=conID: 2 locID: 102650152704475547 bcsId: 0,size=4194304]} | ret=SUCCESS |  
2019-08-20 16:03:48,703 | INFO  | DNAudit | user=null | ip=null | op=WRITE_CHUNK {blockData=conID: 2 locID: 102650152704475547 bcsId: 836} | ret=SUCCESS |  
2019-08-20 16:03:48,703 | INFO  | DNAudit | user=null | ip=null | op=PUT_BLOCK {blockData=[blockId=conID: 2 locID: 102650152704475547 bcsId: 0,size=4194304]} | ret=SUCCESS |  
2019-08-20 16:03:48,703 [grpc-default-executor-1] INFO  client.GrpcClientProtocolClient (GrpcClientProtocolClient.java:onNext(255)) - client-EAA342753240->9a4a4c23-9ff3-4ce3-a619-2c71c0869997: receive RaftClientReply:client-EAA342753240->9a4a4c23-9ff3-4ce3-a619-2c71c0869997@group-EC4211DF0353, cid=690, SUCCESS, logIndex=0, commits[9a4a4c23-9ff3-4ce3-a619-2c71c0869997:c841, 9b0072ab-15b3-4973-9bcb-7fa02f6bfea9:c840, 9f215ef2-7d46-4cda-b695-cae1b893f75f:c840]
2019-08-20 16:03:48,712 | INFO  | DNAudit | user=null | ip=null | op=WRITE_CHUNK {blockData=conID: 3 locID: 102650152704475548 bcsId: 0} | ret=SUCCESS |  
2019-08-20 16:03:48,715 | INFO  | DNAudit | user=null | ip=null | op=WRITE_CHUNK {blockData=conID: 3 locID: 102650152704475548 bcsId: 0} | ret=SUCCESS |  
2019-08-20 16:03:48,716 | INFO  | DNAudit | user=null | ip=null | op=WRITE_CHUNK {blockData=conID: 3 locID: 102650152704475548 bcsId: 0} | ret=SUCCESS |  
2019-08-20 16:03:48,716 | INFO  | DNAudit | user=null | ip=null | op=WRITE_CHUNK {blockData=conID: 3 locID: 102650152704475548 bcsId: 0} | ret=SUCCESS |  
2019-08-20 16:03:48,717 | INFO  | DNAudit | user=null | ip=null | op=WRITE_CHUNK {blockData=conID: 3 locID: 102650152704475548 bcsId: 0} | ret=SUCCESS |  
2019-08-20 16:03:48,718 | INFO  | DNAudit | user=null | ip=null | op=WRITE_CHUNK {blockData=conID: 3 locID: 102650152704475548 bcsId: 0} | ret=SUCCESS |  
2019-08-20 16:03:48,724 | INFO  | DNAudit | user=null | ip=null | op=WRITE_CHUNK {blockData=conID: 3 locID: 102650152704475548 bcsId: 0} | ret=SUCCESS |  
2019-08-20 16:03:48,724 | INFO  | DNAudit | user=null | ip=null | op=PUT_BLOCK {blockData=[blockId=conID: 3 locID: 102650152704475548 bcsId: 0,size=1048576]} | ret=SUCCESS |  
2019-08-20 16:03:48,725 [grpc-default-executor-0] INFO  client.GrpcClientProtocolClient (GrpcClientProtocolClient.java:onNext(255)) - client-EAA342753240->9a4a4c23-9ff3-4ce3-a619-2c71c0869997: receive RaftClientReply:client-EAA342753240->9a4a4c23-9ff3-4ce3-a619-2c71c0869997@group-EC4211DF0353, cid=691, SUCCESS, logIndex=843, commits[9a4a4c23-9ff3-4ce3-a619-2c71c0869997:c845, 9b0072ab-15b3-4973-9bcb-7fa02f6bfea9:c841, 9f215ef2-7d46-4cda-b695-cae1b893f75f:c841]
2019-08-20 16:03:48,725 | INFO  | DNAudit | user=null | ip=null | op=WRITE_CHUNK {blockData=conID: 3 locID: 102650152704475548 bcsId: 0} | ret=SUCCESS |  
2019-08-20 16:03:48,725 | INFO  | DNAudit | user=null | ip=null | op=PUT_BLOCK {blockData=[blockId=conID: 3 locID: 102650152704475548 bcsId: 0,size=2097152]} | ret=SUCCESS |  
2019-08-20 16:03:48,725 [grpc-default-executor-0] INFO  client.GrpcClientProtocolClient (GrpcClientProtocolClient.java:onNext(255)) - client-EAA342753240->9a4a4c23-9ff3-4ce3-a619-2c71c0869997: receive RaftClientReply:client-EAA342753240->9a4a4c23-9ff3-4ce3-a619-2c71c0869997@group-EC4211DF0353, cid=692, SUCCESS, logIndex=844, commits[9a4a4c23-9ff3-4ce3-a619-2c71c0869997:c846, 9b0072ab-15b3-4973-9bcb-7fa02f6bfea9:c841, 9f215ef2-7d46-4cda-b695-cae1b893f75f:c841]
2019-08-20 16:03:48,725 [grpc-default-executor-0] INFO  client.GrpcClientProtocolClient (GrpcClientProtocolClient.java:onNext(255)) - client-EAA342753240->9a4a4c23-9ff3-4ce3-a619-2c71c0869997: receive RaftClientReply:client-EAA342753240->9a4a4c23-9ff3-4ce3-a619-2c71c0869997@group-EC4211DF0353, cid=693, SUCCESS, logIndex=845, commits[9a4a4c23-9ff3-4ce3-a619-2c71c0869997:c846, 9b0072ab-15b3-4973-9bcb-7fa02f6bfea9:c841, 9f215ef2-7d46-4cda-b695-cae1b893f75f:c841]
2019-08-20 16:03:48,726 [grpc-default-executor-0] INFO  client.GrpcClientProtocolClient (GrpcClientProtocolClient.java:onNext(255)) - client-EAA342753240->9a4a4c23-9ff3-4ce3-a619-2c71c0869997: receive RaftClientReply:client-EAA342753240->9a4a4c23-9ff3-4ce3-a619-2c71c0869997@group-EC4211DF0353, cid=694, SUCCESS, logIndex=846, commits[9a4a4c23-9ff3-4ce3-a619-2c71c0869997:c846, 9b0072ab-15b3-4973-9bcb-7fa02f6bfea9:c841, 9f215ef2-7d46-4cda-b695-cae1b893f75f:c841]
2019-08-20 16:03:48,729 | INFO  | DNAudit | user=null | ip=null | op=WRITE_CHUNK {blockData=conID: 3 locID: 102650152704475548 bcsId: 0} | ret=SUCCESS |  
2019-08-20 16:03:48,729 | INFO  | DNAudit | user=null | ip=null | op=WRITE_CHUNK {blockData=conID: 3 locID: 102650152704475548 bcsId: 0} | ret=SUCCESS |  
2019-08-20 16:03:48,732 | INFO  | DNAudit | user=null | ip=null | op=PUT_BLOCK {blockData=[blockId=conID: 3 locID: 102650152704475548 bcsId: 0,size=1048576]} | ret=SUCCESS |  
2019-08-20 16:03:48,732 | INFO  | DNAudit | user=null | ip=null | op=PUT_BLOCK {blockData=[blockId=conID: 3 locID: 102650152704475548 bcsId: 0,size=1048576]} | ret=SUCCESS |  
2019-08-20 16:03:48,732 | INFO  | DNAudit | user=null | ip=null | op=WRITE_CHUNK {blockData=conID: 3 locID: 102650152704475548 bcsId: 0} | ret=SUCCESS |  
2019-08-20 16:03:48,732 | INFO  | DNAudit | user=null | ip=null | op=WRITE_CHUNK {blockData=conID: 3 locID: 102650152704475548 bcsId: 0} | ret=SUCCESS |  
2019-08-20 16:03:48,732 | INFO  | DNAudit | user=null | ip=null | op=PUT_BLOCK {blockData=[blockId=conID: 3 locID: 102650152704475548 bcsId: 0,size=2097152]} | ret=SUCCESS |  
2019-08-20 16:03:48,732 | INFO  | DNAudit | user=null | ip=null | op=PUT_BLOCK {blockData=[blockId=conID: 3 locID: 102650152704475548 bcsId: 0,size=2097152]} | ret=SUCCESS |  
2019-08-20 16:03:48,733 [grpc-default-executor-1] INFO  client.GrpcClientProtocolClient (GrpcClientProtocolClient.java:onNext(255)) - client-EAA342753240->9a4a4c23-9ff3-4ce3-a619-2c71c0869997: receive RaftClientReply:client-EAA342753240->9a4a4c23-9ff3-4ce3-a619-2c71c0869997@group-EC4211DF0353, cid=695, SUCCESS, logIndex=0, commits[9a4a4c23-9ff3-4ce3-a619-2c71c0869997:c848, 9b0072ab-15b3-4973-9bcb-7fa02f6bfea9:c845, 9f215ef2-7d46-4cda-b695-cae1b893f75f:c844]
2019-08-20 16:03:48,740 | INFO  | DNAudit | user=null | ip=null | op=WRITE_CHUNK {blockData=conID: 3 locID: 102650152704475548 bcsId: 846} | ret=SUCCESS |  
2019-08-20 16:03:48,743 | INFO  | DNAudit | user=null | ip=null | op=WRITE_CHUNK {blockData=conID: 3 locID: 102650152704475548 bcsId: 846} | ret=SUCCESS |  
2019-08-20 16:03:48,744 | INFO  | DNAudit | user=null | ip=null | op=WRITE_CHUNK {blockData=conID: 3 locID: 102650152704475548 bcsId: 846} | ret=SUCCESS |  
2019-08-20 16:03:48,762 | INFO  | DNAudit | user=null | ip=null | op=WRITE_CHUNK {blockData=conID: 3 locID: 102650152704475548 bcsId: 846} | ret=SUCCESS |  
2019-08-20 16:03:48,763 | INFO  | DNAudit | user=null | ip=null | op=PUT_BLOCK {blockData=[blockId=conID: 3 locID: 102650152704475548 bcsId: 0,size=3145728]} | ret=SUCCESS |  
2019-08-20 16:03:48,763 [grpc-default-executor-1] INFO  client.GrpcClientProtocolClient (GrpcClientProtocolClient.java:onNext(255)) - client-EAA342753240->9a4a4c23-9ff3-4ce3-a619-2c71c0869997: receive RaftClientReply:client-EAA342753240->9a4a4c23-9ff3-4ce3-a619-2c71c0869997@group-EC4211DF0353, cid=696, SUCCESS, logIndex=851, commits[9a4a4c23-9ff3-4ce3-a619-2c71c0869997:c852, 9b0072ab-15b3-4973-9bcb-7fa02f6bfea9:c850, 9f215ef2-7d46-4cda-b695-cae1b893f75f:c850]
2019-08-20 16:03:48,763 [grpc-default-executor-1] INFO  client.GrpcClientProtocolClient (GrpcClientProtocolClient.java:onNext(255)) - client-EAA342753240->9a4a4c23-9ff3-4ce3-a619-2c71c0869997: receive RaftClientReply:client-EAA342753240->9a4a4c23-9ff3-4ce3-a619-2c71c0869997@group-EC4211DF0353, cid=697, SUCCESS, logIndex=852, commits[9a4a4c23-9ff3-4ce3-a619-2c71c0869997:c852, 9b0072ab-15b3-4973-9bcb-7fa02f6bfea9:c850, 9f215ef2-7d46-4cda-b695-cae1b893f75f:c850]
2019-08-20 16:03:48,770 | INFO  | DNAudit | user=null | ip=null | op=WRITE_CHUNK {blockData=conID: 3 locID: 102650152704475548 bcsId: 846} | ret=SUCCESS |  
2019-08-20 16:03:48,770 | INFO  | DNAudit | user=null | ip=null | op=WRITE_CHUNK {blockData=conID: 3 locID: 102650152704475548 bcsId: 846} | ret=SUCCESS |  
2019-08-20 16:03:48,771 | INFO  | DNAudit | user=null | ip=null | op=PUT_BLOCK {blockData=[blockId=conID: 3 locID: 102650152704475548 bcsId: 0,size=3145728]} | ret=SUCCESS |  
2019-08-20 16:03:48,771 | INFO  | DNAudit | user=null | ip=null | op=PUT_BLOCK {blockData=[blockId=conID: 3 locID: 102650152704475548 bcsId: 0,size=3145728]} | ret=SUCCESS |  
2019-08-20 16:03:48,774 | INFO  | DNAudit | user=null | ip=null | op=WRITE_CHUNK {blockData=conID: 3 locID: 102650152704475548 bcsId: 852} | ret=SUCCESS |  
2019-08-20 16:03:48,778 | INFO  | DNAudit | user=null | ip=null | op=WRITE_CHUNK {blockData=conID: 3 locID: 102650152704475548 bcsId: 852} | ret=SUCCESS |  
2019-08-20 16:03:48,779 | INFO  | DNAudit | user=null | ip=null | op=WRITE_CHUNK {blockData=conID: 3 locID: 102650152704475548 bcsId: 852} | ret=SUCCESS |  
2019-08-20 16:03:48,781 | INFO  | DNAudit | user=null | ip=null | op=WRITE_CHUNK {blockData=conID: 3 locID: 102650152704475548 bcsId: 852} | ret=SUCCESS |  
2019-08-20 16:03:48,782 | INFO  | DNAudit | user=null | ip=null | op=PUT_BLOCK {blockData=[blockId=conID: 3 locID: 102650152704475548 bcsId: 0,size=4194304]} | ret=SUCCESS |  
2019-08-20 16:03:48,782 [grpc-default-executor-1] INFO  client.GrpcClientProtocolClient (GrpcClientProtocolClient.java:onNext(255)) - client-EAA342753240->9a4a4c23-9ff3-4ce3-a619-2c71c0869997: receive RaftClientReply:client-EAA342753240->9a4a4c23-9ff3-4ce3-a619-2c71c0869997@group-EC4211DF0353, cid=698, SUCCESS, logIndex=855, commits[9a4a4c23-9ff3-4ce3-a619-2c71c0869997:c856, 9b0072ab-15b3-4973-9bcb-7fa02f6bfea9:c852, 9f215ef2-7d46-4cda-b695-cae1b893f75f:c853]
2019-08-20 16:03:48,782 [grpc-default-executor-1] INFO  client.GrpcClientProtocolClient (GrpcClientProtocolClient.java:onNext(255)) - client-EAA342753240->9a4a4c23-9ff3-4ce3-a619-2c71c0869997: receive RaftClientReply:client-EAA342753240->9a4a4c23-9ff3-4ce3-a619-2c71c0869997@group-EC4211DF0353, cid=699, SUCCESS, logIndex=856, commits[9a4a4c23-9ff3-4ce3-a619-2c71c0869997:c856, 9b0072ab-15b3-4973-9bcb-7fa02f6bfea9:c853, 9f215ef2-7d46-4cda-b695-cae1b893f75f:c853]
2019-08-20 16:03:48,782 | INFO  | DNAudit | user=null | ip=null | op=WRITE_CHUNK {blockData=conID: 3 locID: 102650152704475548 bcsId: 852} | ret=SUCCESS |  
2019-08-20 16:03:48,783 | INFO  | DNAudit | user=null | ip=null | op=WRITE_CHUNK {blockData=conID: 3 locID: 102650152704475548 bcsId: 852} | ret=SUCCESS |  
2019-08-20 16:03:48,783 | INFO  | DNAudit | user=null | ip=null | op=PUT_BLOCK {blockData=[blockId=conID: 3 locID: 102650152704475548 bcsId: 0,size=4194304]} | ret=SUCCESS |  
2019-08-20 16:03:48,783 | INFO  | DNAudit | user=null | ip=null | op=PUT_BLOCK {blockData=[blockId=conID: 3 locID: 102650152704475548 bcsId: 0,size=4194304]} | ret=SUCCESS |  
2019-08-20 16:03:48,784 [grpc-default-executor-6] INFO  client.GrpcClientProtocolClient (GrpcClientProtocolClient.java:onNext(255)) - client-EAA342753240->9a4a4c23-9ff3-4ce3-a619-2c71c0869997: receive RaftClientReply:client-EAA342753240->9a4a4c23-9ff3-4ce3-a619-2c71c0869997@group-EC4211DF0353, cid=700, SUCCESS, logIndex=0, commits[9a4a4c23-9ff3-4ce3-a619-2c71c0869997:c858, 9b0072ab-15b3-4973-9bcb-7fa02f6bfea9:c856, 9f215ef2-7d46-4cda-b695-cae1b893f75f:c856]
2019-08-20 16:03:48,791 | INFO  | DNAudit | user=null | ip=null | op=WRITE_CHUNK {blockData=conID: 1 locID: 102650152704475549 bcsId: 0} | ret=SUCCESS |  
2019-08-20 16:03:48,795 | INFO  | DNAudit | user=null | ip=null | op=WRITE_CHUNK {blockData=conID: 1 locID: 102650152704475549 bcsId: 0} | ret=SUCCESS |  
2019-08-20 16:03:48,795 | INFO  | DNAudit | user=null | ip=null | op=WRITE_CHUNK {blockData=conID: 1 locID: 102650152704475549 bcsId: 0} | ret=SUCCESS |  
2019-08-20 16:03:48,796 | INFO  | DNAudit | user=null | ip=null | op=WRITE_CHUNK {blockData=conID: 1 locID: 102650152704475549 bcsId: 0} | ret=SUCCESS |  
2019-08-20 16:03:48,797 | INFO  | DNAudit | user=null | ip=null | op=WRITE_CHUNK {blockData=conID: 1 locID: 102650152704475549 bcsId: 0} | ret=SUCCESS |  
2019-08-20 16:03:48,798 | INFO  | DNAudit | user=null | ip=null | op=WRITE_CHUNK {blockData=conID: 1 locID: 102650152704475549 bcsId: 0} | ret=SUCCESS |  
2019-08-20 16:03:48,800 | INFO  | DNAudit | user=null | ip=null | op=WRITE_CHUNK {blockData=conID: 1 locID: 102650152704475549 bcsId: 0} | ret=SUCCESS |  
2019-08-20 16:03:48,801 | INFO  | DNAudit | user=null | ip=null | op=PUT_BLOCK {blockData=[blockId=conID: 1 locID: 102650152704475549 bcsId: 0,size=1048576]} | ret=SUCCESS |  
2019-08-20 16:03:48,801 | INFO  | DNAudit | user=null | ip=null | op=WRITE_CHUNK {blockData=conID: 1 locID: 102650152704475549 bcsId: 0} | ret=SUCCESS |  
2019-08-20 16:03:48,801 [grpc-default-executor-1] INFO  client.GrpcClientProtocolClient (GrpcClientProtocolClient.java:onNext(255)) - client-EAA342753240->9a4a4c23-9ff3-4ce3-a619-2c71c0869997: receive RaftClientReply:client-EAA342753240->9a4a4c23-9ff3-4ce3-a619-2c71c0869997@group-EC4211DF0353, cid=701, SUCCESS, logIndex=859, commits[9a4a4c23-9ff3-4ce3-a619-2c71c0869997:c860, 9b0072ab-15b3-4973-9bcb-7fa02f6bfea9:c858, 9f215ef2-7d46-4cda-b695-cae1b893f75f:c858]
2019-08-20 16:03:48,802 | INFO  | DNAudit | user=null | ip=null | op=PUT_BLOCK {blockData=[blockId=conID: 1 locID: 102650152704475549 bcsId: 0,size=2097152]} | ret=SUCCESS |  
2019-08-20 16:03:48,802 [grpc-default-executor-1] INFO  client.GrpcClientProtocolClient (GrpcClientProtocolClient.java:onNext(255)) - client-EAA342753240->9a4a4c23-9ff3-4ce3-a619-2c71c0869997: receive RaftClientReply:client-EAA342753240->9a4a4c23-9ff3-4ce3-a619-2c71c0869997@group-EC4211DF0353, cid=702, SUCCESS, logIndex=860, commits[9a4a4c23-9ff3-4ce3-a619-2c71c0869997:c862, 9b0072ab-15b3-4973-9bcb-7fa02f6bfea9:c858, 9f215ef2-7d46-4cda-b695-cae1b893f75f:c858]
2019-08-20 16:03:48,802 [grpc-default-executor-1] INFO  client.GrpcClientProtocolClient (GrpcClientProtocolClient.java:onNext(255)) - client-EAA342753240->9a4a4c23-9ff3-4ce3-a619-2c71c0869997: receive RaftClientReply:client-EAA342753240->9a4a4c23-9ff3-4ce3-a619-2c71c0869997@group-EC4211DF0353, cid=703, SUCCESS, logIndex=861, commits[9a4a4c23-9ff3-4ce3-a619-2c71c0869997:c862, 9b0072ab-15b3-4973-9bcb-7fa02f6bfea9:c858, 9f215ef2-7d46-4cda-b695-cae1b893f75f:c858]
2019-08-20 16:03:48,802 [grpc-default-executor-1] INFO  client.GrpcClientProtocolClient (GrpcClientProtocolClient.java:onNext(255)) - client-EAA342753240->9a4a4c23-9ff3-4ce3-a619-2c71c0869997: receive RaftClientReply:client-EAA342753240->9a4a4c23-9ff3-4ce3-a619-2c71c0869997@group-EC4211DF0353, cid=704, SUCCESS, logIndex=862, commits[9a4a4c23-9ff3-4ce3-a619-2c71c0869997:c862, 9b0072ab-15b3-4973-9bcb-7fa02f6bfea9:c858, 9f215ef2-7d46-4cda-b695-cae1b893f75f:c858]
2019-08-20 16:03:48,804 | INFO  | DNAudit | user=null | ip=null | op=WRITE_CHUNK {blockData=conID: 1 locID: 102650152704475549 bcsId: 0} | ret=SUCCESS |  
2019-08-20 16:03:48,804 | INFO  | DNAudit | user=null | ip=null | op=WRITE_CHUNK {blockData=conID: 1 locID: 102650152704475549 bcsId: 0} | ret=SUCCESS |  
2019-08-20 16:03:48,804 | INFO  | DNAudit | user=null | ip=null | op=PUT_BLOCK {blockData=[blockId=conID: 1 locID: 102650152704475549 bcsId: 0,size=1048576]} | ret=SUCCESS |  
2019-08-20 16:03:48,804 | INFO  | DNAudit | user=null | ip=null | op=PUT_BLOCK {blockData=[blockId=conID: 1 locID: 102650152704475549 bcsId: 0,size=1048576]} | ret=SUCCESS |  
2019-08-20 16:03:48,804 [grpc-default-executor-1] INFO  client.GrpcClientProtocolClient (GrpcClientProtocolClient.java:onNext(255)) - client-EAA342753240->9a4a4c23-9ff3-4ce3-a619-2c71c0869997: receive RaftClientReply:client-EAA342753240->9a4a4c23-9ff3-4ce3-a619-2c71c0869997@group-EC4211DF0353, cid=705, SUCCESS, logIndex=0, commits[9a4a4c23-9ff3-4ce3-a619-2c71c0869997:c863, 9b0072ab-15b3-4973-9bcb-7fa02f6bfea9:c860, 9f215ef2-7d46-4cda-b695-cae1b893f75f:c860]
2019-08-20 16:03:48,813 | INFO  | DNAudit | user=null | ip=null | op=WRITE_CHUNK {blockData=conID: 1 locID: 102650152704475549 bcsId: 862} | ret=SUCCESS |  
2019-08-20 16:03:48,815 | INFO  | DNAudit | user=null | ip=null | op=WRITE_CHUNK {blockData=conID: 1 locID: 102650152704475549 bcsId: 862} | ret=SUCCESS |  
2019-08-20 16:03:48,815 | INFO  | DNAudit | user=null | ip=null | op=WRITE_CHUNK {blockData=conID: 1 locID: 102650152704475549 bcsId: 0} | ret=SUCCESS |  
2019-08-20 16:03:48,815 | INFO  | DNAudit | user=null | ip=null | op=WRITE_CHUNK {blockData=conID: 1 locID: 102650152704475549 bcsId: 0} | ret=SUCCESS |  
2019-08-20 16:03:48,816 | INFO  | DNAudit | user=null | ip=null | op=PUT_BLOCK {blockData=[blockId=conID: 1 locID: 102650152704475549 bcsId: 0,size=2097152]} | ret=SUCCESS |  
2019-08-20 16:03:48,816 | INFO  | DNAudit | user=null | ip=null | op=WRITE_CHUNK {blockData=conID: 1 locID: 102650152704475549 bcsId: 862} | ret=SUCCESS |  
2019-08-20 16:03:48,816 | INFO  | DNAudit | user=null | ip=null | op=PUT_BLOCK {blockData=[blockId=conID: 1 locID: 102650152704475549 bcsId: 0,size=2097152]} | ret=SUCCESS |  
2019-08-20 16:03:48,817 | INFO  | DNAudit | user=null | ip=null | op=WRITE_CHUNK {blockData=conID: 1 locID: 102650152704475549 bcsId: 862} | ret=SUCCESS |  
2019-08-20 16:03:48,817 | INFO  | DNAudit | user=null | ip=null | op=PUT_BLOCK {blockData=[blockId=conID: 1 locID: 102650152704475549 bcsId: 0,size=3145728]} | ret=SUCCESS |  
2019-08-20 16:03:48,818 [grpc-default-executor-1] INFO  client.GrpcClientProtocolClient (GrpcClientProtocolClient.java:onNext(255)) - client-EAA342753240->9a4a4c23-9ff3-4ce3-a619-2c71c0869997: receive RaftClientReply:client-EAA342753240->9a4a4c23-9ff3-4ce3-a619-2c71c0869997@group-EC4211DF0353, cid=706, SUCCESS, logIndex=867, commits[9a4a4c23-9ff3-4ce3-a619-2c71c0869997:c868, 9b0072ab-15b3-4973-9bcb-7fa02f6bfea9:c862, 9f215ef2-7d46-4cda-b695-cae1b893f75f:c863]
2019-08-20 16:03:48,818 [grpc-default-executor-1] INFO  client.GrpcClientProtocolClient (GrpcClientProtocolClient.java:onNext(255)) - client-EAA342753240->9a4a4c23-9ff3-4ce3-a619-2c71c0869997: receive RaftClientReply:client-EAA342753240->9a4a4c23-9ff3-4ce3-a619-2c71c0869997@group-EC4211DF0353, cid=707, SUCCESS, logIndex=868, commits[9a4a4c23-9ff3-4ce3-a619-2c71c0869997:c868, 9b0072ab-15b3-4973-9bcb-7fa02f6bfea9:c862, 9f215ef2-7d46-4cda-b695-cae1b893f75f:c863]
2019-08-20 16:03:48,819 | INFO  | DNAudit | user=null | ip=null | op=WRITE_CHUNK {blockData=conID: 1 locID: 102650152704475549 bcsId: 862} | ret=SUCCESS |  
2019-08-20 16:03:48,819 | INFO  | DNAudit | user=null | ip=null | op=WRITE_CHUNK {blockData=conID: 1 locID: 102650152704475549 bcsId: 862} | ret=SUCCESS |  
2019-08-20 16:03:48,819 | INFO  | DNAudit | user=null | ip=null | op=PUT_BLOCK {blockData=[blockId=conID: 1 locID: 102650152704475549 bcsId: 0,size=3145728]} | ret=SUCCESS |  
2019-08-20 16:03:48,819 | INFO  | DNAudit | user=null | ip=null | op=PUT_BLOCK {blockData=[blockId=conID: 1 locID: 102650152704475549 bcsId: 0,size=3145728]} | ret=SUCCESS |  
2019-08-20 16:03:48,826 | INFO  | DNAudit | user=null | ip=null | op=WRITE_CHUNK {blockData=conID: 1 locID: 102650152704475549 bcsId: 868} | ret=SUCCESS |  
2019-08-20 16:03:48,828 | INFO  | DNAudit | user=null | ip=null | op=WRITE_CHUNK {blockData=conID: 1 locID: 102650152704475549 bcsId: 868} | ret=SUCCESS |  
2019-08-20 16:03:48,829 | INFO  | DNAudit | user=null | ip=null | op=WRITE_CHUNK {blockData=conID: 1 locID: 102650152704475549 bcsId: 868} | ret=SUCCESS |  
2019-08-20 16:03:48,839 | INFO  | DNAudit | user=null | ip=null | op=WRITE_CHUNK {blockData=conID: 1 locID: 102650152704475549 bcsId: 868} | ret=SUCCESS |  
2019-08-20 16:03:48,840 | INFO  | DNAudit | user=null | ip=null | op=PUT_BLOCK {blockData=[blockId=conID: 1 locID: 102650152704475549 bcsId: 0,size=4194304]} | ret=SUCCESS |  
2019-08-20 16:03:48,840 [grpc-default-executor-1] INFO  client.GrpcClientProtocolClient (GrpcClientProtocolClient.java:onNext(255)) - client-EAA342753240->9a4a4c23-9ff3-4ce3-a619-2c71c0869997: receive RaftClientReply:client-EAA342753240->9a4a4c23-9ff3-4ce3-a619-2c71c0869997@group-EC4211DF0353, cid=708, SUCCESS, logIndex=871, commits[9a4a4c23-9ff3-4ce3-a619-2c71c0869997:c872, 9b0072ab-15b3-4973-9bcb-7fa02f6bfea9:c870, 9f215ef2-7d46-4cda-b695-cae1b893f75f:c870]
2019-08-20 16:03:48,841 [grpc-default-executor-1] INFO  client.GrpcClientProtocolClient (GrpcClientProtocolClient.java:onNext(255)) - client-EAA342753240->9a4a4c23-9ff3-4ce3-a619-2c71c0869997: receive RaftClientReply:client-EAA342753240->9a4a4c23-9ff3-4ce3-a619-2c71c0869997@group-EC4211DF0353, cid=709, SUCCESS, logIndex=872, commits[9a4a4c23-9ff3-4ce3-a619-2c71c0869997:c872, 9b0072ab-15b3-4973-9bcb-7fa02f6bfea9:c870, 9f215ef2-7d46-4cda-b695-cae1b893f75f:c870]
2019-08-20 16:03:48,848 | INFO  | DNAudit | user=null | ip=null | op=WRITE_CHUNK {blockData=conID: 1 locID: 102650152704475549 bcsId: 868} | ret=SUCCESS |  
2019-08-20 16:03:48,848 | INFO  | DNAudit | user=null | ip=null | op=WRITE_CHUNK {blockData=conID: 1 locID: 102650152704475549 bcsId: 868} | ret=SUCCESS |  
2019-08-20 16:03:48,848 | INFO  | DNAudit | user=null | ip=null | op=PUT_BLOCK {blockData=[blockId=conID: 1 locID: 102650152704475549 bcsId: 0,size=4194304]} | ret=SUCCESS |  
2019-08-20 16:03:48,848 | INFO  | DNAudit | user=null | ip=null | op=PUT_BLOCK {blockData=[blockId=conID: 1 locID: 102650152704475549 bcsId: 0,size=4194304]} | ret=SUCCESS |  
2019-08-20 16:03:48,849 [grpc-default-executor-0] INFO  client.GrpcClientProtocolClient (GrpcClientProtocolClient.java:onNext(255)) - client-EAA342753240->9a4a4c23-9ff3-4ce3-a619-2c71c0869997: receive RaftClientReply:client-EAA342753240->9a4a4c23-9ff3-4ce3-a619-2c71c0869997@group-EC4211DF0353, cid=710, SUCCESS, logIndex=0, commits[9a4a4c23-9ff3-4ce3-a619-2c71c0869997:c873, 9b0072ab-15b3-4973-9bcb-7fa02f6bfea9:c872, 9f215ef2-7d46-4cda-b695-cae1b893f75f:c872]
2019-08-20 16:03:48,856 | INFO  | DNAudit | user=null | ip=null | op=WRITE_CHUNK {blockData=conID: 2 locID: 102650152704475550 bcsId: 0} | ret=SUCCESS |  
2019-08-20 16:03:48,968 | INFO  | DNAudit | user=null | ip=null | op=WRITE_CHUNK {blockData=conID: 2 locID: 102650152704475550 bcsId: 0} | ret=SUCCESS |  
2019-08-20 16:03:48,968 | INFO  | DNAudit | user=null | ip=null | op=WRITE_CHUNK {blockData=conID: 2 locID: 102650152704475550 bcsId: 0} | ret=SUCCESS |  
2019-08-20 16:03:48,968 | INFO  | DNAudit | user=null | ip=null | op=WRITE_CHUNK {blockData=conID: 2 locID: 102650152704475550 bcsId: 0} | ret=SUCCESS |  
2019-08-20 16:03:48,971 | INFO  | DNAudit | user=null | ip=null | op=WRITE_CHUNK {blockData=conID: 2 locID: 102650152704475550 bcsId: 0} | ret=SUCCESS |  
2019-08-20 16:03:48,973 | INFO  | DNAudit | user=null | ip=null | op=WRITE_CHUNK {blockData=conID: 2 locID: 102650152704475550 bcsId: 0} | ret=SUCCESS |  
2019-08-20 16:03:48,979 | INFO  | DNAudit | user=null | ip=null | op=WRITE_CHUNK {blockData=conID: 2 locID: 102650152704475550 bcsId: 0} | ret=SUCCESS |  
2019-08-20 16:03:48,979 | INFO  | DNAudit | user=null | ip=null | op=PUT_BLOCK {blockData=[blockId=conID: 2 locID: 102650152704475550 bcsId: 0,size=1048576]} | ret=SUCCESS |  
2019-08-20 16:03:48,980 | INFO  | DNAudit | user=null | ip=null | op=WRITE_CHUNK {blockData=conID: 2 locID: 102650152704475550 bcsId: 0} | ret=SUCCESS |  
2019-08-20 16:03:48,980 [grpc-default-executor-0] INFO  client.GrpcClientProtocolClient (GrpcClientProtocolClient.java:onNext(255)) - client-EAA342753240->9a4a4c23-9ff3-4ce3-a619-2c71c0869997: receive RaftClientReply:client-EAA342753240->9a4a4c23-9ff3-4ce3-a619-2c71c0869997@group-EC4211DF0353, cid=711, SUCCESS, logIndex=875, commits[9a4a4c23-9ff3-4ce3-a619-2c71c0869997:c876, 9b0072ab-15b3-4973-9bcb-7fa02f6bfea9:c874, 9f215ef2-7d46-4cda-b695-cae1b893f75f:c874]
2019-08-20 16:03:48,980 | INFO  | DNAudit | user=null | ip=null | op=PUT_BLOCK {blockData=[blockId=conID: 2 locID: 102650152704475550 bcsId: 0,size=2097152]} | ret=SUCCESS |  
2019-08-20 16:03:48,981 [grpc-default-executor-0] INFO  client.GrpcClientProtocolClient (GrpcClientProtocolClient.java:onNext(255)) - client-EAA342753240->9a4a4c23-9ff3-4ce3-a619-2c71c0869997: receive RaftClientReply:client-EAA342753240->9a4a4c23-9ff3-4ce3-a619-2c71c0869997@group-EC4211DF0353, cid=712, SUCCESS, logIndex=876, commits[9a4a4c23-9ff3-4ce3-a619-2c71c0869997:c878, 9b0072ab-15b3-4973-9bcb-7fa02f6bfea9:c874, 9f215ef2-7d46-4cda-b695-cae1b893f75f:c874]
2019-08-20 16:03:48,981 [grpc-default-executor-0] INFO  client.GrpcClientProtocolClient (GrpcClientProtocolClient.java:onNext(255)) - client-EAA342753240->9a4a4c23-9ff3-4ce3-a619-2c71c0869997: receive RaftClientReply:client-EAA342753240->9a4a4c23-9ff3-4ce3-a619-2c71c0869997@group-EC4211DF0353, cid=713, SUCCESS, logIndex=877, commits[9a4a4c23-9ff3-4ce3-a619-2c71c0869997:c878, 9b0072ab-15b3-4973-9bcb-7fa02f6bfea9:c874, 9f215ef2-7d46-4cda-b695-cae1b893f75f:c874]
2019-08-20 16:03:48,981 [grpc-default-executor-0] INFO  client.GrpcClientProtocolClient (GrpcClientProtocolClient.java:onNext(255)) - client-EAA342753240->9a4a4c23-9ff3-4ce3-a619-2c71c0869997: receive RaftClientReply:client-EAA342753240->9a4a4c23-9ff3-4ce3-a619-2c71c0869997@group-EC4211DF0353, cid=714, SUCCESS, logIndex=878, commits[9a4a4c23-9ff3-4ce3-a619-2c71c0869997:c878, 9b0072ab-15b3-4973-9bcb-7fa02f6bfea9:c874, 9f215ef2-7d46-4cda-b695-cae1b893f75f:c874]
2019-08-20 16:03:48,983 | INFO  | DNAudit | user=null | ip=null | op=WRITE_CHUNK {blockData=conID: 2 locID: 102650152704475550 bcsId: 0} | ret=SUCCESS |  
2019-08-20 16:03:48,983 | INFO  | DNAudit | user=null | ip=null | op=PUT_BLOCK {blockData=[blockId=conID: 2 locID: 102650152704475550 bcsId: 0,size=1048576]} | ret=SUCCESS |  
2019-08-20 16:03:48,983 | INFO  | DNAudit | user=null | ip=null | op=WRITE_CHUNK {blockData=conID: 2 locID: 102650152704475550 bcsId: 0} | ret=SUCCESS |  
2019-08-20 16:03:48,983 | INFO  | DNAudit | user=null | ip=null | op=WRITE_CHUNK {blockData=conID: 2 locID: 102650152704475550 bcsId: 0} | ret=SUCCESS |  
2019-08-20 16:03:48,983 | INFO  | DNAudit | user=null | ip=null | op=PUT_BLOCK {blockData=[blockId=conID: 2 locID: 102650152704475550 bcsId: 0,size=1048576]} | ret=SUCCESS |  
2019-08-20 16:03:48,984 [grpc-default-executor-6] INFO  client.GrpcClientProtocolClient (GrpcClientProtocolClient.java:onNext(255)) - client-EAA342753240->9a4a4c23-9ff3-4ce3-a619-2c71c0869997: receive RaftClientReply:client-EAA342753240->9a4a4c23-9ff3-4ce3-a619-2c71c0869997@group-EC4211DF0353, cid=715, SUCCESS, logIndex=0, commits[9a4a4c23-9ff3-4ce3-a619-2c71c0869997:c879, 9b0072ab-15b3-4973-9bcb-7fa02f6bfea9:c876, 9f215ef2-7d46-4cda-b695-cae1b893f75f:c876]
2019-08-20 16:03:48,994 | INFO  | DNAudit | user=null | ip=null | op=WRITE_CHUNK {blockData=conID: 2 locID: 102650152704475550 bcsId: 878} | ret=SUCCESS |  
2019-08-20 16:03:48,994 | INFO  | DNAudit | user=null | ip=null | op=PUT_BLOCK {blockData=[blockId=conID: 2 locID: 102650152704475550 bcsId: 0,size=2097152]} | ret=SUCCESS |  
2019-08-20 16:03:48,995 | INFO  | DNAudit | user=null | ip=null | op=WRITE_CHUNK {blockData=conID: 2 locID: 102650152704475550 bcsId: 0} | ret=SUCCESS |  
2019-08-20 16:03:48,995 | INFO  | DNAudit | user=null | ip=null | op=PUT_BLOCK {blockData=[blockId=conID: 2 locID: 102650152704475550 bcsId: 0,size=2097152]} | ret=SUCCESS |  
2019-08-20 16:03:48,997 | INFO  | DNAudit | user=null | ip=null | op=WRITE_CHUNK {blockData=conID: 2 locID: 102650152704475550 bcsId: 878} | ret=SUCCESS |  
2019-08-20 16:03:48,997 | INFO  | DNAudit | user=null | ip=null | op=WRITE_CHUNK {blockData=conID: 2 locID: 102650152704475550 bcsId: 878} | ret=SUCCESS |  
2019-08-20 16:03:49,022 | INFO  | DNAudit | user=null | ip=null | op=WRITE_CHUNK {blockData=conID: 2 locID: 102650152704475550 bcsId: 878} | ret=SUCCESS |  
2019-08-20 16:03:49,023 | INFO  | DNAudit | user=null | ip=null | op=PUT_BLOCK {blockData=[blockId=conID: 2 locID: 102650152704475550 bcsId: 0,size=3145728]} | ret=SUCCESS |  
2019-08-20 16:03:49,023 [grpc-default-executor-6] INFO  client.GrpcClientProtocolClient (GrpcClientProtocolClient.java:onNext(255)) - client-EAA342753240->9a4a4c23-9ff3-4ce3-a619-2c71c0869997: receive RaftClientReply:client-EAA342753240->9a4a4c23-9ff3-4ce3-a619-2c71c0869997@group-EC4211DF0353, cid=716, SUCCESS, logIndex=883, commits[9a4a4c23-9ff3-4ce3-a619-2c71c0869997:c884, 9b0072ab-15b3-4973-9bcb-7fa02f6bfea9:c879, 9f215ef2-7d46-4cda-b695-cae1b893f75f:c879]
2019-08-20 16:03:49,023 [grpc-default-executor-6] INFO  client.GrpcClientProtocolClient (GrpcClientProtocolClient.java:onNext(255)) - client-EAA342753240->9a4a4c23-9ff3-4ce3-a619-2c71c0869997: receive RaftClientReply:client-EAA342753240->9a4a4c23-9ff3-4ce3-a619-2c71c0869997@group-EC4211DF0353, cid=717, SUCCESS, logIndex=884, commits[9a4a4c23-9ff3-4ce3-a619-2c71c0869997:c884, 9b0072ab-15b3-4973-9bcb-7fa02f6bfea9:c879, 9f215ef2-7d46-4cda-b695-cae1b893f75f:c879]
2019-08-20 16:03:49,032 | INFO  | DNAudit | user=null | ip=null | op=WRITE_CHUNK {blockData=conID: 2 locID: 102650152704475550 bcsId: 884} | ret=SUCCESS |  
2019-08-20 16:03:49,034 | INFO  | DNAudit | user=null | ip=null | op=WRITE_CHUNK {blockData=conID: 2 locID: 102650152704475550 bcsId: 878} | ret=SUCCESS |  
2019-08-20 16:03:49,034 | INFO  | DNAudit | user=null | ip=null | op=WRITE_CHUNK {blockData=conID: 2 locID: 102650152704475550 bcsId: 878} | ret=SUCCESS |  
2019-08-20 16:03:49,035 | INFO  | DNAudit | user=null | ip=null | op=PUT_BLOCK {blockData=[blockId=conID: 2 locID: 102650152704475550 bcsId: 0,size=3145728]} | ret=SUCCESS |  
2019-08-20 16:03:49,035 | INFO  | DNAudit | user=null | ip=null | op=PUT_BLOCK {blockData=[blockId=conID: 2 locID: 102650152704475550 bcsId: 0,size=3145728]} | ret=SUCCESS |  
2019-08-20 16:03:49,037 | INFO  | DNAudit | user=null | ip=null | op=WRITE_CHUNK {blockData=conID: 2 locID: 102650152704475550 bcsId: 884} | ret=SUCCESS |  
2019-08-20 16:03:49,037 | INFO  | DNAudit | user=null | ip=null | op=WRITE_CHUNK {blockData=conID: 2 locID: 102650152704475550 bcsId: 884} | ret=SUCCESS |  
2019-08-20 16:03:49,045 | INFO  | DNAudit | user=null | ip=null | op=WRITE_CHUNK {blockData=conID: 2 locID: 102650152704475550 bcsId: 884} | ret=SUCCESS |  
2019-08-20 16:03:49,045 | INFO  | DNAudit | user=null | ip=null | op=PUT_BLOCK {blockData=[blockId=conID: 2 locID: 102650152704475550 bcsId: 0,size=4194304]} | ret=SUCCESS |  
2019-08-20 16:03:49,046 [grpc-default-executor-1] INFO  client.GrpcClientProtocolClient (GrpcClientProtocolClient.java:onNext(255)) - client-EAA342753240->9a4a4c23-9ff3-4ce3-a619-2c71c0869997: receive RaftClientReply:client-EAA342753240->9a4a4c23-9ff3-4ce3-a619-2c71c0869997@group-EC4211DF0353, cid=718, SUCCESS, logIndex=887, commits[9a4a4c23-9ff3-4ce3-a619-2c71c0869997:c888, 9b0072ab-15b3-4973-9bcb-7fa02f6bfea9:c884, 9f215ef2-7d46-4cda-b695-cae1b893f75f:c884]
2019-08-20 16:03:49,046 | INFO  | DNAudit | user=null | ip=null | op=WRITE_CHUNK {blockData=conID: 2 locID: 102650152704475550 bcsId: 884} | ret=SUCCESS |  
2019-08-20 16:03:49,046 [grpc-default-executor-1] INFO  client.GrpcClientProtocolClient (GrpcClientProtocolClient.java:onNext(255)) - client-EAA342753240->9a4a4c23-9ff3-4ce3-a619-2c71c0869997: receive RaftClientReply:client-EAA342753240->9a4a4c23-9ff3-4ce3-a619-2c71c0869997@group-EC4211DF0353, cid=719, SUCCESS, logIndex=888, commits[9a4a4c23-9ff3-4ce3-a619-2c71c0869997:c888, 9b0072ab-15b3-4973-9bcb-7fa02f6bfea9:c884, 9f215ef2-7d46-4cda-b695-cae1b893f75f:c884]
2019-08-20 16:03:49,047 | INFO  | DNAudit | user=null | ip=null | op=PUT_BLOCK {blockData=[blockId=conID: 2 locID: 102650152704475550 bcsId: 0,size=4194304]} | ret=SUCCESS |  
2019-08-20 16:03:49,049 | INFO  | DNAudit | user=null | ip=null | op=WRITE_CHUNK {blockData=conID: 2 locID: 102650152704475550 bcsId: 884} | ret=SUCCESS |  
2019-08-20 16:03:49,050 | INFO  | DNAudit | user=null | ip=null | op=PUT_BLOCK {blockData=[blockId=conID: 2 locID: 102650152704475550 bcsId: 0,size=4194304]} | ret=SUCCESS |  
2019-08-20 16:03:49,050 [grpc-default-executor-1] INFO  client.GrpcClientProtocolClient (GrpcClientProtocolClient.java:onNext(255)) - client-EAA342753240->9a4a4c23-9ff3-4ce3-a619-2c71c0869997: receive RaftClientReply:client-EAA342753240->9a4a4c23-9ff3-4ce3-a619-2c71c0869997@group-EC4211DF0353, cid=720, SUCCESS, logIndex=0, commits[9a4a4c23-9ff3-4ce3-a619-2c71c0869997:c889, 9b0072ab-15b3-4973-9bcb-7fa02f6bfea9:c888, 9f215ef2-7d46-4cda-b695-cae1b893f75f:c888]
2019-08-20 16:03:49,058 | INFO  | DNAudit | user=null | ip=null | op=WRITE_CHUNK {blockData=conID: 3 locID: 102650152704475551 bcsId: 0} | ret=SUCCESS |  
2019-08-20 16:03:49,060 | INFO  | DNAudit | user=null | ip=null | op=WRITE_CHUNK {blockData=conID: 3 locID: 102650152704475551 bcsId: 0} | ret=SUCCESS |  
2019-08-20 16:03:49,062 | INFO  | DNAudit | user=null | ip=null | op=WRITE_CHUNK {blockData=conID: 3 locID: 102650152704475551 bcsId: 0} | ret=SUCCESS |  
2019-08-20 16:03:49,062 | INFO  | DNAudit | user=null | ip=null | op=WRITE_CHUNK {blockData=conID: 3 locID: 102650152704475551 bcsId: 0} | ret=SUCCESS |  
2019-08-20 16:03:49,063 | INFO  | DNAudit | user=null | ip=null | op=WRITE_CHUNK {blockData=conID: 3 locID: 102650152704475551 bcsId: 0} | ret=SUCCESS |  
2019-08-20 16:03:49,064 | INFO  | DNAudit | user=null | ip=null | op=WRITE_CHUNK {blockData=conID: 3 locID: 102650152704475551 bcsId: 0} | ret=SUCCESS |  
2019-08-20 16:03:49,078 | INFO  | SCMAudit | user=jenkins1000 | ip=192.168.69.96 | op=SEND_HEARTBEAT {datanodeUUID=69f203df-fb09-400b-ac11-cd7a56dd70a5, command=[]} | ret=SUCCESS |  
2019-08-20 16:03:49,081 | INFO  | DNAudit | user=null | ip=null | op=WRITE_CHUNK {blockData=conID: 3 locID: 102650152704475551 bcsId: 0} | ret=SUCCESS |  
2019-08-20 16:03:49,081 | INFO  | DNAudit | user=null | ip=null | op=PUT_BLOCK {blockData=[blockId=conID: 3 locID: 102650152704475551 bcsId: 0,size=1048576]} | ret=SUCCESS |  
2019-08-20 16:03:49,081 [grpc-default-executor-6] INFO  client.GrpcClientProtocolClient (GrpcClientProtocolClient.java:onNext(255)) - client-EAA342753240->9a4a4c23-9ff3-4ce3-a619-2c71c0869997: receive RaftClientReply:client-EAA342753240->9a4a4c23-9ff3-4ce3-a619-2c71c0869997@group-EC4211DF0353, cid=721, SUCCESS, logIndex=891, commits[9a4a4c23-9ff3-4ce3-a619-2c71c0869997:c894, 9b0072ab-15b3-4973-9bcb-7fa02f6bfea9:c889, 9f215ef2-7d46-4cda-b695-cae1b893f75f:c889]
2019-08-20 16:03:49,082 | INFO  | DNAudit | user=null | ip=null | op=WRITE_CHUNK {blockData=conID: 3 locID: 102650152704475551 bcsId: 0} | ret=SUCCESS |  
2019-08-20 16:03:49,082 | INFO  | DNAudit | user=null | ip=null | op=WRITE_CHUNK {blockData=conID: 3 locID: 102650152704475551 bcsId: 0} | ret=SUCCESS |  
2019-08-20 16:03:49,082 [grpc-default-executor-6] INFO  client.GrpcClientProtocolClient (GrpcClientProtocolClient.java:onNext(255)) - client-EAA342753240->9a4a4c23-9ff3-4ce3-a619-2c71c0869997: receive RaftClientReply:client-EAA342753240->9a4a4c23-9ff3-4ce3-a619-2c71c0869997@group-EC4211DF0353, cid=722, SUCCESS, logIndex=892, commits[9a4a4c23-9ff3-4ce3-a619-2c71c0869997:c894, 9b0072ab-15b3-4973-9bcb-7fa02f6bfea9:c889, 9f215ef2-7d46-4cda-b695-cae1b893f75f:c889]
2019-08-20 16:03:49,082 | INFO  | DNAudit | user=null | ip=null | op=PUT_BLOCK {blockData=[blockId=conID: 3 locID: 102650152704475551 bcsId: 0,size=2097152]} | ret=SUCCESS |  
2019-08-20 16:03:49,082 [grpc-default-executor-6] INFO  client.GrpcClientProtocolClient (GrpcClientProtocolClient.java:onNext(255)) - client-EAA342753240->9a4a4c23-9ff3-4ce3-a619-2c71c0869997: receive RaftClientReply:client-EAA342753240->9a4a4c23-9ff3-4ce3-a619-2c71c0869997@group-EC4211DF0353, cid=723, SUCCESS, logIndex=893, commits[9a4a4c23-9ff3-4ce3-a619-2c71c0869997:c895, 9b0072ab-15b3-4973-9bcb-7fa02f6bfea9:c889, 9f215ef2-7d46-4cda-b695-cae1b893f75f:c892]
2019-08-20 16:03:49,082 | INFO  | DNAudit | user=null | ip=null | op=PUT_BLOCK {blockData=[blockId=conID: 3 locID: 102650152704475551 bcsId: 0,size=1048576]} | ret=SUCCESS |  
2019-08-20 16:03:49,083 [grpc-default-executor-6] INFO  client.GrpcClientProtocolClient (GrpcClientProtocolClient.java:onNext(255)) - client-EAA342753240->9a4a4c23-9ff3-4ce3-a619-2c71c0869997: receive RaftClientReply:client-EAA342753240->9a4a4c23-9ff3-4ce3-a619-2c71c0869997@group-EC4211DF0353, cid=724, SUCCESS, logIndex=894, commits[9a4a4c23-9ff3-4ce3-a619-2c71c0869997:c895, 9b0072ab-15b3-4973-9bcb-7fa02f6bfea9:c889, 9f215ef2-7d46-4cda-b695-cae1b893f75f:c892]
2019-08-20 16:03:49,084 | INFO  | DNAudit | user=null | ip=null | op=WRITE_CHUNK {blockData=conID: 3 locID: 102650152704475551 bcsId: 0} | ret=SUCCESS |  
2019-08-20 16:03:49,084 | INFO  | DNAudit | user=null | ip=null | op=PUT_BLOCK {blockData=[blockId=conID: 3 locID: 102650152704475551 bcsId: 0,size=1048576]} | ret=SUCCESS |  
2019-08-20 16:03:49,084 [grpc-default-executor-6] INFO  client.GrpcClientProtocolClient (GrpcClientProtocolClient.java:onNext(255)) - client-EAA342753240->9a4a4c23-9ff3-4ce3-a619-2c71c0869997: receive RaftClientReply:client-EAA342753240->9a4a4c23-9ff3-4ce3-a619-2c71c0869997@group-EC4211DF0353, cid=725, SUCCESS, logIndex=0, commits[9a4a4c23-9ff3-4ce3-a619-2c71c0869997:c895, 9b0072ab-15b3-4973-9bcb-7fa02f6bfea9:c892, 9f215ef2-7d46-4cda-b695-cae1b893f75f:c892]
2019-08-20 16:03:49,091 | INFO  | DNAudit | user=null | ip=null | op=WRITE_CHUNK {blockData=conID: 3 locID: 102650152704475551 bcsId: 894} | ret=SUCCESS |  
2019-08-20 16:03:49,094 | INFO  | DNAudit | user=null | ip=null | op=WRITE_CHUNK {blockData=conID: 3 locID: 102650152704475551 bcsId: 894} | ret=SUCCESS |  
2019-08-20 16:03:49,094 | INFO  | DNAudit | user=null | ip=null | op=WRITE_CHUNK {blockData=conID: 3 locID: 102650152704475551 bcsId: 894} | ret=SUCCESS |  
2019-08-20 16:03:49,095 | INFO  | DNAudit | user=null | ip=null | op=WRITE_CHUNK {blockData=conID: 3 locID: 102650152704475551 bcsId: 0} | ret=SUCCESS |  
2019-08-20 16:03:49,096 | INFO  | DNAudit | user=null | ip=null | op=WRITE_CHUNK {blockData=conID: 3 locID: 102650152704475551 bcsId: 0} | ret=SUCCESS |  
2019-08-20 16:03:49,096 | INFO  | DNAudit | user=null | ip=null | op=PUT_BLOCK {blockData=[blockId=conID: 3 locID: 102650152704475551 bcsId: 0,size=2097152]} | ret=SUCCESS |  
2019-08-20 16:03:49,096 | INFO  | DNAudit | user=null | ip=null | op=PUT_BLOCK {blockData=[blockId=conID: 3 locID: 102650152704475551 bcsId: 0,size=2097152]} | ret=SUCCESS |  
2019-08-20 16:03:49,097 | INFO  | DNAudit | user=null | ip=null | op=WRITE_CHUNK {blockData=conID: 3 locID: 102650152704475551 bcsId: 894} | ret=SUCCESS |  
2019-08-20 16:03:49,097 | INFO  | DNAudit | user=null | ip=null | op=PUT_BLOCK {blockData=[blockId=conID: 3 locID: 102650152704475551 bcsId: 0,size=3145728]} | ret=SUCCESS |  
2019-08-20 16:03:49,097 [grpc-default-executor-0] INFO  client.GrpcClientProtocolClient (GrpcClientProtocolClient.java:onNext(255)) - client-EAA342753240->9a4a4c23-9ff3-4ce3-a619-2c71c0869997: receive RaftClientReply:client-EAA342753240->9a4a4c23-9ff3-4ce3-a619-2c71c0869997@group-EC4211DF0353, cid=726, SUCCESS, logIndex=899, commits[9a4a4c23-9ff3-4ce3-a619-2c71c0869997:c900, 9b0072ab-15b3-4973-9bcb-7fa02f6bfea9:c894, 9f215ef2-7d46-4cda-b695-cae1b893f75f:c895]
2019-08-20 16:03:49,098 [grpc-default-executor-0] INFO  client.GrpcClientProtocolClient (GrpcClientProtocolClient.java:onNext(255)) - client-EAA342753240->9a4a4c23-9ff3-4ce3-a619-2c71c0869997: receive RaftClientReply:client-EAA342753240->9a4a4c23-9ff3-4ce3-a619-2c71c0869997@group-EC4211DF0353, cid=727, SUCCESS, logIndex=900, commits[9a4a4c23-9ff3-4ce3-a619-2c71c0869997:c900, 9b0072ab-15b3-4973-9bcb-7fa02f6bfea9:c894, 9f215ef2-7d46-4cda-b695-cae1b893f75f:c895]
2019-08-20 16:03:49,105 | INFO  | DNAudit | user=null | ip=null | op=WRITE_CHUNK {blockData=conID: 3 locID: 102650152704475551 bcsId: 900} | ret=SUCCESS |  
2019-08-20 16:03:49,107 | INFO  | DNAudit | user=null | ip=null | op=WRITE_CHUNK {blockData=conID: 3 locID: 102650152704475551 bcsId: 900} | ret=SUCCESS |  
2019-08-20 16:03:49,107 | INFO  | DNAudit | user=null | ip=null | op=WRITE_CHUNK {blockData=conID: 3 locID: 102650152704475551 bcsId: 900} | ret=SUCCESS |  
2019-08-20 16:03:49,108 | INFO  | DNAudit | user=null | ip=null | op=WRITE_CHUNK {blockData=conID: 3 locID: 102650152704475551 bcsId: 894} | ret=SUCCESS |  
2019-08-20 16:03:49,108 | INFO  | DNAudit | user=null | ip=null | op=PUT_BLOCK {blockData=[blockId=conID: 3 locID: 102650152704475551 bcsId: 0,size=3145728]} | ret=SUCCESS |  
2019-08-20 16:03:49,108 | INFO  | SCMAudit | user=jenkins1000 | ip=192.168.69.96 | op=SEND_HEARTBEAT {datanodeUUID=f1afe498-2778-451e-a3e4-8199ec337a15, command=[]} | ret=SUCCESS |  
2019-08-20 16:03:49,119 | INFO  | DNAudit | user=null | ip=null | op=WRITE_CHUNK {blockData=conID: 3 locID: 102650152704475551 bcsId: 894} | ret=SUCCESS |  
2019-08-20 16:03:49,119 | INFO  | DNAudit | user=null | ip=null | op=PUT_BLOCK {blockData=[blockId=conID: 3 locID: 102650152704475551 bcsId: 0,size=3145728]} | ret=SUCCESS |  
2019-08-20 16:03:49,119 | INFO  | DNAudit | user=null | ip=null | op=WRITE_CHUNK {blockData=conID: 3 locID: 102650152704475551 bcsId: 900} | ret=SUCCESS |  
2019-08-20 16:03:49,120 | INFO  | DNAudit | user=null | ip=null | op=PUT_BLOCK {blockData=[blockId=conID: 3 locID: 102650152704475551 bcsId: 0,size=4194304]} | ret=SUCCESS |  
2019-08-20 16:03:49,120 [grpc-default-executor-1] INFO  client.GrpcClientProtocolClient (GrpcClientProtocolClient.java:onNext(255)) - client-EAA342753240->9a4a4c23-9ff3-4ce3-a619-2c71c0869997: receive RaftClientReply:client-EAA342753240->9a4a4c23-9ff3-4ce3-a619-2c71c0869997@group-EC4211DF0353, cid=728, SUCCESS, logIndex=903, commits[9a4a4c23-9ff3-4ce3-a619-2c71c0869997:c904, 9b0072ab-15b3-4973-9bcb-7fa02f6bfea9:c900, 9f215ef2-7d46-4cda-b695-cae1b893f75f:c900]
2019-08-20 16:03:49,120 [grpc-default-executor-1] INFO  client.GrpcClientProtocolClient (GrpcClientProtocolClient.java:onNext(255)) - client-EAA342753240->9a4a4c23-9ff3-4ce3-a619-2c71c0869997: receive RaftClientReply:client-EAA342753240->9a4a4c23-9ff3-4ce3-a619-2c71c0869997@group-EC4211DF0353, cid=729, SUCCESS, logIndex=904, commits[9a4a4c23-9ff3-4ce3-a619-2c71c0869997:c904, 9b0072ab-15b3-4973-9bcb-7fa02f6bfea9:c900, 9f215ef2-7d46-4cda-b695-cae1b893f75f:c900]
2019-08-20 16:03:49,121 | INFO  | DNAudit | user=null | ip=null | op=WRITE_CHUNK {blockData=conID: 3 locID: 102650152704475551 bcsId: 900} | ret=SUCCESS |  
2019-08-20 16:03:49,123 | INFO  | DNAudit | user=null | ip=null | op=WRITE_CHUNK {blockData=conID: 3 locID: 102650152704475551 bcsId: 900} | ret=SUCCESS |  
2019-08-20 16:03:49,134 | INFO  | DNAudit | user=null | ip=null | op=PUT_BLOCK {blockData=[blockId=conID: 3 locID: 102650152704475551 bcsId: 0,size=4194304]} | ret=SUCCESS |  
2019-08-20 16:03:49,135 | INFO  | DNAudit | user=null | ip=null | op=PUT_BLOCK {blockData=[blockId=conID: 3 locID: 102650152704475551 bcsId: 0,size=4194304]} | ret=SUCCESS |  
2019-08-20 16:03:49,135 [grpc-default-executor-1] INFO  client.GrpcClientProtocolClient (GrpcClientProtocolClient.java:onNext(255)) - client-EAA342753240->9a4a4c23-9ff3-4ce3-a619-2c71c0869997: receive RaftClientReply:client-EAA342753240->9a4a4c23-9ff3-4ce3-a619-2c71c0869997@group-EC4211DF0353, cid=730, SUCCESS, logIndex=0, commits[9a4a4c23-9ff3-4ce3-a619-2c71c0869997:c906, 9b0072ab-15b3-4973-9bcb-7fa02f6bfea9:c904, 9f215ef2-7d46-4cda-b695-cae1b893f75f:c904]
2019-08-20 16:03:49,144 | INFO  | DNAudit | user=null | ip=null | op=WRITE_CHUNK {blockData=conID: 1 locID: 102650152704541088 bcsId: 0} | ret=SUCCESS |  
2019-08-20 16:03:49,146 | INFO  | DNAudit | user=null | ip=null | op=WRITE_CHUNK {blockData=conID: 1 locID: 102650152704541088 bcsId: 0} | ret=SUCCESS |  
2019-08-20 16:03:49,147 | INFO  | DNAudit | user=null | ip=null | op=WRITE_CHUNK {blockData=conID: 1 locID: 102650152704541088 bcsId: 0} | ret=SUCCESS |  
2019-08-20 16:03:49,148 | INFO  | DNAudit | user=null | ip=null | op=WRITE_CHUNK {blockData=conID: 1 locID: 102650152704541088 bcsId: 0} | ret=SUCCESS |  
2019-08-20 16:03:49,150 | INFO  | DNAudit | user=null | ip=null | op=WRITE_CHUNK {blockData=conID: 1 locID: 102650152704541088 bcsId: 0} | ret=SUCCESS |  
2019-08-20 16:03:49,150 | INFO  | DNAudit | user=null | ip=null | op=WRITE_CHUNK {blockData=conID: 1 locID: 102650152704541088 bcsId: 0} | ret=SUCCESS |  
2019-08-20 16:03:49,150 | INFO  | DNAudit | user=null | ip=null | op=PUT_BLOCK {blockData=[blockId=conID: 1 locID: 102650152704541088 bcsId: 0,size=1048576]} | ret=SUCCESS |  
2019-08-20 16:03:49,151 | INFO  | DNAudit | user=null | ip=null | op=WRITE_CHUNK {blockData=conID: 1 locID: 102650152704541088 bcsId: 0} | ret=SUCCESS |  
2019-08-20 16:03:49,151 [grpc-default-executor-5] INFO  client.GrpcClientProtocolClient (GrpcClientProtocolClient.java:onNext(255)) - client-EAA342753240->9a4a4c23-9ff3-4ce3-a619-2c71c0869997: receive RaftClientReply:client-EAA342753240->9a4a4c23-9ff3-4ce3-a619-2c71c0869997@group-EC4211DF0353, cid=731, SUCCESS, logIndex=907, commits[9a4a4c23-9ff3-4ce3-a619-2c71c0869997:c908, 9b0072ab-15b3-4973-9bcb-7fa02f6bfea9:c906, 9f215ef2-7d46-4cda-b695-cae1b893f75f:c906]
2019-08-20 16:03:49,151 [grpc-default-executor-5] INFO  client.GrpcClientProtocolClient (GrpcClientProtocolClient.java:onNext(255)) - client-EAA342753240->9a4a4c23-9ff3-4ce3-a619-2c71c0869997: receive RaftClientReply:client-EAA342753240->9a4a4c23-9ff3-4ce3-a619-2c71c0869997@group-EC4211DF0353, cid=732, SUCCESS, logIndex=908, commits[9a4a4c23-9ff3-4ce3-a619-2c71c0869997:c908, 9b0072ab-15b3-4973-9bcb-7fa02f6bfea9:c906, 9f215ef2-7d46-4cda-b695-cae1b893f75f:c906]
2019-08-20 16:03:49,152 | INFO  | DNAudit | user=null | ip=null | op=WRITE_CHUNK {blockData=conID: 1 locID: 102650152704541088 bcsId: 0} | ret=SUCCESS |  
2019-08-20 16:03:49,152 | INFO  | DNAudit | user=null | ip=null | op=WRITE_CHUNK {blockData=conID: 1 locID: 102650152704541088 bcsId: 0} | ret=SUCCESS |  
2019-08-20 16:03:49,153 | INFO  | DNAudit | user=null | ip=null | op=PUT_BLOCK {blockData=[blockId=conID: 1 locID: 102650152704541088 bcsId: 0,size=2097152]} | ret=SUCCESS |  
2019-08-20 16:03:49,153 | INFO  | DNAudit | user=null | ip=null | op=PUT_BLOCK {blockData=[blockId=conID: 1 locID: 102650152704541088 bcsId: 0,size=1048576]} | ret=SUCCESS |  
2019-08-20 16:03:49,153 | INFO  | DNAudit | user=null | ip=null | op=WRITE_CHUNK {blockData=conID: 1 locID: 102650152704541088 bcsId: 0} | ret=SUCCESS |  
2019-08-20 16:03:49,153 [grpc-default-executor-5] INFO  client.GrpcClientProtocolClient (GrpcClientProtocolClient.java:onNext(255)) - client-EAA342753240->9a4a4c23-9ff3-4ce3-a619-2c71c0869997: receive RaftClientReply:client-EAA342753240->9a4a4c23-9ff3-4ce3-a619-2c71c0869997@group-EC4211DF0353, cid=733, SUCCESS, logIndex=909, commits[9a4a4c23-9ff3-4ce3-a619-2c71c0869997:c909, 9b0072ab-15b3-4973-9bcb-7fa02f6bfea9:c906, 9f215ef2-7d46-4cda-b695-cae1b893f75f:c906]
2019-08-20 16:03:49,153 | INFO  | DNAudit | user=null | ip=null | op=WRITE_CHUNK {blockData=conID: 1 locID: 102650152704541088 bcsId: 0} | ret=SUCCESS |  
2019-08-20 16:03:49,154 | INFO  | DNAudit | user=null | ip=null | op=PUT_BLOCK {blockData=[blockId=conID: 1 locID: 102650152704541088 bcsId: 0,size=1048576]} | ret=SUCCESS |  
2019-08-20 16:03:49,154 [grpc-default-executor-1] INFO  client.GrpcClientProtocolClient (GrpcClientProtocolClient.java:onNext(255)) - client-EAA342753240->9a4a4c23-9ff3-4ce3-a619-2c71c0869997: receive RaftClientReply:client-EAA342753240->9a4a4c23-9ff3-4ce3-a619-2c71c0869997@group-EC4211DF0353, cid=734, SUCCESS, logIndex=910, commits[9a4a4c23-9ff3-4ce3-a619-2c71c0869997:c911, 9b0072ab-15b3-4973-9bcb-7fa02f6bfea9:c908, 9f215ef2-7d46-4cda-b695-cae1b893f75f:c906]
2019-08-20 16:03:49,154 | INFO  | DNAudit | user=null | ip=null | op=PUT_BLOCK {blockData=[blockId=conID: 1 locID: 102650152704541088 bcsId: 0,size=2097152]} | ret=SUCCESS |  
2019-08-20 16:03:49,154 | INFO  | DNAudit | user=null | ip=null | op=WRITE_CHUNK {blockData=conID: 1 locID: 102650152704541088 bcsId: 0} | ret=SUCCESS |  
2019-08-20 16:03:49,155 | INFO  | DNAudit | user=null | ip=null | op=PUT_BLOCK {blockData=[blockId=conID: 1 locID: 102650152704541088 bcsId: 0,size=2097152]} | ret=SUCCESS |  
2019-08-20 16:03:49,155 [grpc-default-executor-6] INFO  client.GrpcClientProtocolClient (GrpcClientProtocolClient.java:onNext(255)) - client-EAA342753240->9a4a4c23-9ff3-4ce3-a619-2c71c0869997: receive RaftClientReply:client-EAA342753240->9a4a4c23-9ff3-4ce3-a619-2c71c0869997@group-EC4211DF0353, cid=735, SUCCESS, logIndex=0, commits[9a4a4c23-9ff3-4ce3-a619-2c71c0869997:c914, 9b0072ab-15b3-4973-9bcb-7fa02f6bfea9:c910, 9f215ef2-7d46-4cda-b695-cae1b893f75f:c910]
2019-08-20 16:03:49,163 | INFO  | DNAudit | user=null | ip=null | op=WRITE_CHUNK {blockData=conID: 1 locID: 102650152704541088 bcsId: 910} | ret=SUCCESS |  
2019-08-20 16:03:49,166 | INFO  | DNAudit | user=null | ip=null | op=WRITE_CHUNK {blockData=conID: 1 locID: 102650152704541088 bcsId: 910} | ret=SUCCESS |  
2019-08-20 16:03:49,166 | INFO  | DNAudit | user=null | ip=null | op=WRITE_CHUNK {blockData=conID: 1 locID: 102650152704541088 bcsId: 910} | ret=SUCCESS |  
2019-08-20 16:03:49,181 | INFO  | DNAudit | user=null | ip=null | op=WRITE_CHUNK {blockData=conID: 1 locID: 102650152704541088 bcsId: 910} | ret=SUCCESS |  
2019-08-20 16:03:49,182 | INFO  | DNAudit | user=null | ip=null | op=PUT_BLOCK {blockData=[blockId=conID: 1 locID: 102650152704541088 bcsId: 0,size=3145728]} | ret=SUCCESS |  
2019-08-20 16:03:49,182 [grpc-default-executor-6] INFO  client.GrpcClientProtocolClient (GrpcClientProtocolClient.java:onNext(255)) - client-EAA342753240->9a4a4c23-9ff3-4ce3-a619-2c71c0869997: receive RaftClientReply:client-EAA342753240->9a4a4c23-9ff3-4ce3-a619-2c71c0869997@group-EC4211DF0353, cid=736, SUCCESS, logIndex=915, commits[9a4a4c23-9ff3-4ce3-a619-2c71c0869997:c916, 9b0072ab-15b3-4973-9bcb-7fa02f6bfea9:c914, 9f215ef2-7d46-4cda-b695-cae1b893f75f:c914]
2019-08-20 16:03:49,182 [grpc-default-executor-6] INFO  client.GrpcClientProtocolClient (GrpcClientProtocolClient.java:onNext(255)) - client-EAA342753240->9a4a4c23-9ff3-4ce3-a619-2c71c0869997: receive RaftClientReply:client-EAA342753240->9a4a4c23-9ff3-4ce3-a619-2c71c0869997@group-EC4211DF0353, cid=737, SUCCESS, logIndex=916, commits[9a4a4c23-9ff3-4ce3-a619-2c71c0869997:c916, 9b0072ab-15b3-4973-9bcb-7fa02f6bfea9:c914, 9f215ef2-7d46-4cda-b695-cae1b893f75f:c914]
2019-08-20 16:03:49,190 | INFO  | DNAudit | user=null | ip=null | op=WRITE_CHUNK {blockData=conID: 1 locID: 102650152704541088 bcsId: 910} | ret=SUCCESS |  
2019-08-20 16:03:49,190 | INFO  | DNAudit | user=null | ip=null | op=WRITE_CHUNK {blockData=conID: 1 locID: 102650152704541088 bcsId: 910} | ret=SUCCESS |  
2019-08-20 16:03:49,190 | INFO  | DNAudit | user=null | ip=null | op=WRITE_CHUNK {blockData=conID: 1 locID: 102650152704541088 bcsId: 916} | ret=SUCCESS |  
2019-08-20 16:03:49,191 | INFO  | DNAudit | user=null | ip=null | op=PUT_BLOCK {blockData=[blockId=conID: 1 locID: 102650152704541088 bcsId: 0,size=3145728]} | ret=SUCCESS |  
2019-08-20 16:03:49,192 | INFO  | DNAudit | user=null | ip=null | op=PUT_BLOCK {blockData=[blockId=conID: 1 locID: 102650152704541088 bcsId: 0,size=3145728]} | ret=SUCCESS |  
2019-08-20 16:03:49,193 | INFO  | DNAudit | user=null | ip=null | op=WRITE_CHUNK {blockData=conID: 1 locID: 102650152704541088 bcsId: 916} | ret=SUCCESS |  
2019-08-20 16:03:49,193 | INFO  | DNAudit | user=null | ip=null | op=WRITE_CHUNK {blockData=conID: 1 locID: 102650152704541088 bcsId: 916} | ret=SUCCESS |  
2019-08-20 16:03:49,231 | INFO  | DNAudit | user=null | ip=null | op=WRITE_CHUNK {blockData=conID: 1 locID: 102650152704541088 bcsId: 916} | ret=SUCCESS |  
2019-08-20 16:03:49,232 | INFO  | DNAudit | user=null | ip=null | op=PUT_BLOCK {blockData=[blockId=conID: 1 locID: 102650152704541088 bcsId: 0,size=4194304]} | ret=SUCCESS |  
2019-08-20 16:03:49,232 [grpc-default-executor-5] INFO  client.GrpcClientProtocolClient (GrpcClientProtocolClient.java:onNext(255)) - client-EAA342753240->9a4a4c23-9ff3-4ce3-a619-2c71c0869997: receive RaftClientReply:client-EAA342753240->9a4a4c23-9ff3-4ce3-a619-2c71c0869997@group-EC4211DF0353, cid=738, SUCCESS, logIndex=919, commits[9a4a4c23-9ff3-4ce3-a619-2c71c0869997:c920, 9b0072ab-15b3-4973-9bcb-7fa02f6bfea9:c916, 9f215ef2-7d46-4cda-b695-cae1b893f75f:c916]
2019-08-20 16:03:49,233 [grpc-default-executor-5] INFO  client.GrpcClientProtocolClient (GrpcClientProtocolClient.java:onNext(255)) - client-EAA342753240->9a4a4c23-9ff3-4ce3-a619-2c71c0869997: receive RaftClientReply:client-EAA342753240->9a4a4c23-9ff3-4ce3-a619-2c71c0869997@group-EC4211DF0353, cid=739, SUCCESS, logIndex=920, commits[9a4a4c23-9ff3-4ce3-a619-2c71c0869997:c920, 9b0072ab-15b3-4973-9bcb-7fa02f6bfea9:c916, 9f215ef2-7d46-4cda-b695-cae1b893f75f:c916]
2019-08-20 16:03:49,235 | INFO  | DNAudit | user=null | ip=null | op=WRITE_CHUNK {blockData=conID: 1 locID: 102650152704541088 bcsId: 916} | ret=SUCCESS |  
2019-08-20 16:03:49,235 | INFO  | DNAudit | user=null | ip=null | op=WRITE_CHUNK {blockData=conID: 1 locID: 102650152704541088 bcsId: 916} | ret=SUCCESS |  
2019-08-20 16:03:49,236 | INFO  | DNAudit | user=null | ip=null | op=PUT_BLOCK {blockData=[blockId=conID: 1 locID: 102650152704541088 bcsId: 0,size=4194304]} | ret=SUCCESS |  
2019-08-20 16:03:49,236 [grpc-default-executor-5] INFO  client.GrpcClientProtocolClient (GrpcClientProtocolClient.java:onNext(255)) - client-EAA342753240->9a4a4c23-9ff3-4ce3-a619-2c71c0869997: receive RaftClientReply:client-EAA342753240->9a4a4c23-9ff3-4ce3-a619-2c71c0869997@group-EC4211DF0353, cid=740, SUCCESS, logIndex=0, commits[9a4a4c23-9ff3-4ce3-a619-2c71c0869997:c921, 9b0072ab-15b3-4973-9bcb-7fa02f6bfea9:c920, 9f215ef2-7d46-4cda-b695-cae1b893f75f:c920]
2019-08-20 16:03:49,236 | INFO  | DNAudit | user=null | ip=null | op=PUT_BLOCK {blockData=[blockId=conID: 1 locID: 102650152704541088 bcsId: 0,size=4194304]} | ret=SUCCESS |  
2019-08-20 16:03:49,245 | INFO  | DNAudit | user=null | ip=null | op=WRITE_CHUNK {blockData=conID: 2 locID: 102650152704541089 bcsId: 0} | ret=SUCCESS |  
2019-08-20 16:03:49,245 | INFO  | DNAudit | user=null | ip=null | op=WRITE_CHUNK {blockData=conID: 2 locID: 102650152704541089 bcsId: 0} | ret=SUCCESS |  
2019-08-20 16:03:49,246 | INFO  | DNAudit | user=null | ip=null | op=WRITE_CHUNK {blockData=conID: 2 locID: 102650152704541089 bcsId: 0} | ret=SUCCESS |  
2019-08-20 16:03:49,247 | INFO  | DNAudit | user=null | ip=null | op=WRITE_CHUNK {blockData=conID: 2 locID: 102650152704541089 bcsId: 0} | ret=SUCCESS |  
2019-08-20 16:03:49,249 | INFO  | DNAudit | user=null | ip=null | op=WRITE_CHUNK {blockData=conID: 2 locID: 102650152704541089 bcsId: 0} | ret=SUCCESS |  
2019-08-20 16:03:49,249 | INFO  | DNAudit | user=null | ip=null | op=WRITE_CHUNK {blockData=conID: 2 locID: 102650152704541089 bcsId: 0} | ret=SUCCESS |  
2019-08-20 16:03:49,250 | INFO  | DNAudit | user=null | ip=null | op=WRITE_CHUNK {blockData=conID: 2 locID: 102650152704541089 bcsId: 0} | ret=SUCCESS |  
2019-08-20 16:03:49,251 | INFO  | DNAudit | user=null | ip=null | op=PUT_BLOCK {blockData=[blockId=conID: 2 locID: 102650152704541089 bcsId: 0,size=1048576]} | ret=SUCCESS |  
2019-08-20 16:03:49,251 | INFO  | DNAudit | user=null | ip=null | op=WRITE_CHUNK {blockData=conID: 2 locID: 102650152704541089 bcsId: 0} | ret=SUCCESS |  
2019-08-20 16:03:49,251 [grpc-default-executor-5] INFO  client.GrpcClientProtocolClient (GrpcClientProtocolClient.java:onNext(255)) - client-EAA342753240->9a4a4c23-9ff3-4ce3-a619-2c71c0869997: receive RaftClientReply:client-EAA342753240->9a4a4c23-9ff3-4ce3-a619-2c71c0869997@group-EC4211DF0353, cid=741, SUCCESS, logIndex=923, commits[9a4a4c23-9ff3-4ce3-a619-2c71c0869997:c924, 9b0072ab-15b3-4973-9bcb-7fa02f6bfea9:c922, 9f215ef2-7d46-4cda-b695-cae1b893f75f:c922]
2019-08-20 16:03:49,251 | INFO  | DNAudit | user=null | ip=null | op=PUT_BLOCK {blockData=[blockId=conID: 2 locID: 102650152704541089 bcsId: 0,size=2097152]} | ret=SUCCESS |  
2019-08-20 16:03:49,252 [grpc-default-executor-5] INFO  client.GrpcClientProtocolClient (GrpcClientProtocolClient.java:onNext(255)) - client-EAA342753240->9a4a4c23-9ff3-4ce3-a619-2c71c0869997: receive RaftClientReply:client-EAA342753240->9a4a4c23-9ff3-4ce3-a619-2c71c0869997@group-EC4211DF0353, cid=742, SUCCESS, logIndex=924, commits[9a4a4c23-9ff3-4ce3-a619-2c71c0869997:c926, 9b0072ab-15b3-4973-9bcb-7fa02f6bfea9:c922, 9f215ef2-7d46-4cda-b695-cae1b893f75f:c922]
2019-08-20 16:03:49,252 | INFO  | DNAudit | user=null | ip=null | op=WRITE_CHUNK {blockData=conID: 2 locID: 102650152704541089 bcsId: 0} | ret=SUCCESS |  
2019-08-20 16:03:49,252 | INFO  | DNAudit | user=null | ip=null | op=WRITE_CHUNK {blockData=conID: 2 locID: 102650152704541089 bcsId: 0} | ret=SUCCESS |  
2019-08-20 16:03:49,252 [grpc-default-executor-5] INFO  client.GrpcClientProtocolClient (GrpcClientProtocolClient.java:onNext(255)) - client-EAA342753240->9a4a4c23-9ff3-4ce3-a619-2c71c0869997: receive RaftClientReply:client-EAA342753240->9a4a4c23-9ff3-4ce3-a619-2c71c0869997@group-EC4211DF0353, cid=743, SUCCESS, logIndex=925, commits[9a4a4c23-9ff3-4ce3-a619-2c71c0869997:c926, 9b0072ab-15b3-4973-9bcb-7fa02f6bfea9:c922, 9f215ef2-7d46-4cda-b695-cae1b893f75f:c922]
2019-08-20 16:03:49,252 | INFO  | DNAudit | user=null | ip=null | op=PUT_BLOCK {blockData=[blockId=conID: 2 locID: 102650152704541089 bcsId: 0,size=1048576]} | ret=SUCCESS |  
2019-08-20 16:03:49,252 | INFO  | DNAudit | user=null | ip=null | op=PUT_BLOCK {blockData=[blockId=conID: 2 locID: 102650152704541089 bcsId: 0,size=1048576]} | ret=SUCCESS |  
2019-08-20 16:03:49,252 [grpc-default-executor-5] INFO  client.GrpcClientProtocolClient (GrpcClientProtocolClient.java:onNext(255)) - client-EAA342753240->9a4a4c23-9ff3-4ce3-a619-2c71c0869997: receive RaftClientReply:client-EAA342753240->9a4a4c23-9ff3-4ce3-a619-2c71c0869997@group-EC4211DF0353, cid=744, SUCCESS, logIndex=926, commits[9a4a4c23-9ff3-4ce3-a619-2c71c0869997:c926, 9b0072ab-15b3-4973-9bcb-7fa02f6bfea9:c922, 9f215ef2-7d46-4cda-b695-cae1b893f75f:c922]
2019-08-20 16:03:49,253 | INFO  | DNAudit | user=null | ip=null | op=WRITE_CHUNK {blockData=conID: 2 locID: 102650152704541089 bcsId: 0} | ret=SUCCESS |  
2019-08-20 16:03:49,253 | INFO  | DNAudit | user=null | ip=null | op=PUT_BLOCK {blockData=[blockId=conID: 2 locID: 102650152704541089 bcsId: 0,size=2097152]} | ret=SUCCESS |  
2019-08-20 16:03:49,253 | INFO  | DNAudit | user=null | ip=null | op=WRITE_CHUNK {blockData=conID: 2 locID: 102650152704541089 bcsId: 0} | ret=SUCCESS |  
2019-08-20 16:03:49,254 | INFO  | DNAudit | user=null | ip=null | op=PUT_BLOCK {blockData=[blockId=conID: 2 locID: 102650152704541089 bcsId: 0,size=2097152]} | ret=SUCCESS |  
2019-08-20 16:03:49,254 [grpc-default-executor-1] INFO  client.GrpcClientProtocolClient (GrpcClientProtocolClient.java:onNext(255)) - client-EAA342753240->9a4a4c23-9ff3-4ce3-a619-2c71c0869997: receive RaftClientReply:client-EAA342753240->9a4a4c23-9ff3-4ce3-a619-2c71c0869997@group-EC4211DF0353, cid=745, SUCCESS, logIndex=0, commits[9a4a4c23-9ff3-4ce3-a619-2c71c0869997:c928, 9b0072ab-15b3-4973-9bcb-7fa02f6bfea9:c924, 9f215ef2-7d46-4cda-b695-cae1b893f75f:c924]
2019-08-20 16:03:49,262 | INFO  | DNAudit | user=null | ip=null | op=WRITE_CHUNK {blockData=conID: 2 locID: 102650152704541089 bcsId: 926} | ret=SUCCESS |  
2019-08-20 16:03:49,265 | INFO  | DNAudit | user=null | ip=null | op=WRITE_CHUNK {blockData=conID: 2 locID: 102650152704541089 bcsId: 926} | ret=SUCCESS |  
2019-08-20 16:03:49,265 | INFO  | DNAudit | user=null | ip=null | op=WRITE_CHUNK {blockData=conID: 2 locID: 102650152704541089 bcsId: 926} | ret=SUCCESS |  
2019-08-20 16:03:49,270 | INFO  | DNAudit | user=null | ip=null | op=WRITE_CHUNK {blockData=conID: 2 locID: 102650152704541089 bcsId: 926} | ret=SUCCESS |  
2019-08-20 16:03:49,270 | INFO  | DNAudit | user=null | ip=null | op=PUT_BLOCK {blockData=[blockId=conID: 2 locID: 102650152704541089 bcsId: 0,size=3145728]} | ret=SUCCESS |  
2019-08-20 16:03:49,270 [grpc-default-executor-6] INFO  client.GrpcClientProtocolClient (GrpcClientProtocolClient.java:onNext(255)) - client-EAA342753240->9a4a4c23-9ff3-4ce3-a619-2c71c0869997: receive RaftClientReply:client-EAA342753240->9a4a4c23-9ff3-4ce3-a619-2c71c0869997@group-EC4211DF0353, cid=746, SUCCESS, logIndex=931, commits[9a4a4c23-9ff3-4ce3-a619-2c71c0869997:c932, 9b0072ab-15b3-4973-9bcb-7fa02f6bfea9:c930, 9f215ef2-7d46-4cda-b695-cae1b893f75f:c930]
2019-08-20 16:03:49,271 [grpc-default-executor-6] INFO  client.GrpcClientProtocolClient (GrpcClientProtocolClient.java:onNext(255)) - client-EAA342753240->9a4a4c23-9ff3-4ce3-a619-2c71c0869997: receive RaftClientReply:client-EAA342753240->9a4a4c23-9ff3-4ce3-a619-2c71c0869997@group-EC4211DF0353, cid=747, SUCCESS, logIndex=932, commits[9a4a4c23-9ff3-4ce3-a619-2c71c0869997:c932, 9b0072ab-15b3-4973-9bcb-7fa02f6bfea9:c930, 9f215ef2-7d46-4cda-b695-cae1b893f75f:c930]
2019-08-20 16:03:49,278 | INFO  | DNAudit | user=null | ip=null | op=WRITE_CHUNK {blockData=conID: 2 locID: 102650152704541089 bcsId: 932} | ret=SUCCESS |  
2019-08-20 16:03:49,281 | INFO  | DNAudit | user=null | ip=null | op=WRITE_CHUNK {blockData=conID: 2 locID: 102650152704541089 bcsId: 932} | ret=SUCCESS |  
2019-08-20 16:03:49,281 | INFO  | DNAudit | user=null | ip=null | op=WRITE_CHUNK {blockData=conID: 2 locID: 102650152704541089 bcsId: 926} | ret=SUCCESS |  
2019-08-20 16:03:49,281 | INFO  | DNAudit | user=null | ip=null | op=WRITE_CHUNK {blockData=conID: 2 locID: 102650152704541089 bcsId: 926} | ret=SUCCESS |  
2019-08-20 16:03:49,281 | INFO  | DNAudit | user=null | ip=null | op=WRITE_CHUNK {blockData=conID: 2 locID: 102650152704541089 bcsId: 932} | ret=SUCCESS |  
2019-08-20 16:03:49,282 | INFO  | DNAudit | user=null | ip=null | op=PUT_BLOCK {blockData=[blockId=conID: 2 locID: 102650152704541089 bcsId: 0,size=3145728]} | ret=SUCCESS |  
2019-08-20 16:03:49,282 | INFO  | DNAudit | user=null | ip=null | op=PUT_BLOCK {blockData=[blockId=conID: 2 locID: 102650152704541089 bcsId: 0,size=3145728]} | ret=SUCCESS |  
2019-08-20 16:03:49,283 | INFO  | DNAudit | user=null | ip=null | op=WRITE_CHUNK {blockData=conID: 2 locID: 102650152704541089 bcsId: 932} | ret=SUCCESS |  
2019-08-20 16:03:49,283 | INFO  | DNAudit | user=null | ip=null | op=PUT_BLOCK {blockData=[blockId=conID: 2 locID: 102650152704541089 bcsId: 0,size=4194304]} | ret=SUCCESS |  
2019-08-20 16:03:49,284 [grpc-default-executor-0] INFO  client.GrpcClientProtocolClient (GrpcClientProtocolClient.java:onNext(255)) - client-EAA342753240->9a4a4c23-9ff3-4ce3-a619-2c71c0869997: receive RaftClientReply:client-EAA342753240->9a4a4c23-9ff3-4ce3-a619-2c71c0869997@group-EC4211DF0353, cid=748, SUCCESS, logIndex=935, commits[9a4a4c23-9ff3-4ce3-a619-2c71c0869997:c936, 9b0072ab-15b3-4973-9bcb-7fa02f6bfea9:c932, 9f215ef2-7d46-4cda-b695-cae1b893f75f:c932]
2019-08-20 16:03:49,284 [grpc-default-executor-0] INFO  client.GrpcClientProtocolClient (GrpcClientProtocolClient.java:onNext(255)) - client-EAA342753240->9a4a4c23-9ff3-4ce3-a619-2c71c0869997: receive RaftClientReply:client-EAA342753240->9a4a4c23-9ff3-4ce3-a619-2c71c0869997@group-EC4211DF0353, cid=749, SUCCESS, logIndex=936, commits[9a4a4c23-9ff3-4ce3-a619-2c71c0869997:c936, 9b0072ab-15b3-4973-9bcb-7fa02f6bfea9:c932, 9f215ef2-7d46-4cda-b695-cae1b893f75f:c932]
2019-08-20 16:03:49,284 | INFO  | DNAudit | user=null | ip=null | op=WRITE_CHUNK {blockData=conID: 2 locID: 102650152704541089 bcsId: 932} | ret=SUCCESS |  
2019-08-20 16:03:49,284 | INFO  | DNAudit | user=null | ip=null | op=WRITE_CHUNK {blockData=conID: 2 locID: 102650152704541089 bcsId: 932} | ret=SUCCESS |  
2019-08-20 16:03:49,284 | INFO  | DNAudit | user=null | ip=null | op=PUT_BLOCK {blockData=[blockId=conID: 2 locID: 102650152704541089 bcsId: 0,size=4194304]} | ret=SUCCESS |  
2019-08-20 16:03:49,285 | INFO  | DNAudit | user=null | ip=null | op=PUT_BLOCK {blockData=[blockId=conID: 2 locID: 102650152704541089 bcsId: 0,size=4194304]} | ret=SUCCESS |  
2019-08-20 16:03:49,285 [grpc-default-executor-0] INFO  client.GrpcClientProtocolClient (GrpcClientProtocolClient.java:onNext(255)) - client-EAA342753240->9a4a4c23-9ff3-4ce3-a619-2c71c0869997: receive RaftClientReply:client-EAA342753240->9a4a4c23-9ff3-4ce3-a619-2c71c0869997@group-EC4211DF0353, cid=750, SUCCESS, logIndex=0, commits[9a4a4c23-9ff3-4ce3-a619-2c71c0869997:c937, 9b0072ab-15b3-4973-9bcb-7fa02f6bfea9:c936, 9f215ef2-7d46-4cda-b695-cae1b893f75f:c936]
2019-08-20 16:03:49,291 | INFO  | DNAudit | user=null | ip=null | op=WRITE_CHUNK {blockData=conID: 3 locID: 102650152704541090 bcsId: 0} | ret=SUCCESS |  
2019-08-20 16:03:49,295 | INFO  | DNAudit | user=null | ip=null | op=WRITE_CHUNK {blockData=conID: 3 locID: 102650152704541090 bcsId: 0} | ret=SUCCESS |  
2019-08-20 16:03:49,295 | INFO  | DNAudit | user=null | ip=null | op=WRITE_CHUNK {blockData=conID: 3 locID: 102650152704541090 bcsId: 0} | ret=SUCCESS |  
2019-08-20 16:03:49,295 | INFO  | DNAudit | user=null | ip=null | op=WRITE_CHUNK {blockData=conID: 3 locID: 102650152704541090 bcsId: 0} | ret=SUCCESS |  
2019-08-20 16:03:49,296 | INFO  | DNAudit | user=null | ip=null | op=WRITE_CHUNK {blockData=conID: 3 locID: 102650152704541090 bcsId: 0} | ret=SUCCESS |  
2019-08-20 16:03:49,296 | INFO  | DNAudit | user=null | ip=null | op=WRITE_CHUNK {blockData=conID: 3 locID: 102650152704541090 bcsId: 0} | ret=SUCCESS |  
2019-08-20 16:03:49,297 | INFO  | DNAudit | user=null | ip=null | op=WRITE_CHUNK {blockData=conID: 3 locID: 102650152704541090 bcsId: 0} | ret=SUCCESS |  
2019-08-20 16:03:49,298 | INFO  | DNAudit | user=null | ip=null | op=PUT_BLOCK {blockData=[blockId=conID: 3 locID: 102650152704541090 bcsId: 0,size=1048576]} | ret=SUCCESS |  
2019-08-20 16:03:49,298 | INFO  | DNAudit | user=null | ip=null | op=WRITE_CHUNK {blockData=conID: 3 locID: 102650152704541090 bcsId: 0} | ret=SUCCESS |  
2019-08-20 16:03:49,298 [grpc-default-executor-6] INFO  client.GrpcClientProtocolClient (GrpcClientProtocolClient.java:onNext(255)) - client-EAA342753240->9a4a4c23-9ff3-4ce3-a619-2c71c0869997: receive RaftClientReply:client-EAA342753240->9a4a4c23-9ff3-4ce3-a619-2c71c0869997@group-EC4211DF0353, cid=751, SUCCESS, logIndex=939, commits[9a4a4c23-9ff3-4ce3-a619-2c71c0869997:c940, 9b0072ab-15b3-4973-9bcb-7fa02f6bfea9:c938, 9f215ef2-7d46-4cda-b695-cae1b893f75f:c936]
2019-08-20 16:03:49,298 | INFO  | DNAudit | user=null | ip=null | op=PUT_BLOCK {blockData=[blockId=conID: 3 locID: 102650152704541090 bcsId: 0,size=2097152]} | ret=SUCCESS |  
2019-08-20 16:03:49,299 [grpc-default-executor-6] INFO  client.GrpcClientProtocolClient (GrpcClientProtocolClient.java:onNext(255)) - client-EAA342753240->9a4a4c23-9ff3-4ce3-a619-2c71c0869997: receive RaftClientReply:client-EAA342753240->9a4a4c23-9ff3-4ce3-a619-2c71c0869997@group-EC4211DF0353, cid=752, SUCCESS, logIndex=940, commits[9a4a4c23-9ff3-4ce3-a619-2c71c0869997:c941, 9b0072ab-15b3-4973-9bcb-7fa02f6bfea9:c938, 9f215ef2-7d46-4cda-b695-cae1b893f75f:c938]
2019-08-20 16:03:49,299 [grpc-default-executor-6] INFO  client.GrpcClientProtocolClient (GrpcClientProtocolClient.java:onNext(255)) - client-EAA342753240->9a4a4c23-9ff3-4ce3-a619-2c71c0869997: receive RaftClientReply:client-EAA342753240->9a4a4c23-9ff3-4ce3-a619-2c71c0869997@group-EC4211DF0353, cid=753, SUCCESS, logIndex=941, commits[9a4a4c23-9ff3-4ce3-a619-2c71c0869997:c942, 9b0072ab-15b3-4973-9bcb-7fa02f6bfea9:c938, 9f215ef2-7d46-4cda-b695-cae1b893f75f:c938]
2019-08-20 16:03:49,299 [grpc-default-executor-6] INFO  client.GrpcClientProtocolClient (GrpcClientProtocolClient.java:onNext(255)) - client-EAA342753240->9a4a4c23-9ff3-4ce3-a619-2c71c0869997: receive RaftClientReply:client-EAA342753240->9a4a4c23-9ff3-4ce3-a619-2c71c0869997@group-EC4211DF0353, cid=754, SUCCESS, logIndex=942, commits[9a4a4c23-9ff3-4ce3-a619-2c71c0869997:c942, 9b0072ab-15b3-4973-9bcb-7fa02f6bfea9:c938, 9f215ef2-7d46-4cda-b695-cae1b893f75f:c938]
2019-08-20 16:03:49,300 | INFO  | DNAudit | user=null | ip=null | op=WRITE_CHUNK {blockData=conID: 3 locID: 102650152704541090 bcsId: 0} | ret=SUCCESS |  
2019-08-20 16:03:49,300 | INFO  | DNAudit | user=null | ip=null | op=WRITE_CHUNK {blockData=conID: 3 locID: 102650152704541090 bcsId: 0} | ret=SUCCESS |  
2019-08-20 16:03:49,301 | INFO  | DNAudit | user=null | ip=null | op=PUT_BLOCK {blockData=[blockId=conID: 3 locID: 102650152704541090 bcsId: 0,size=1048576]} | ret=SUCCESS |  
2019-08-20 16:03:49,301 | INFO  | DNAudit | user=null | ip=null | op=PUT_BLOCK {blockData=[blockId=conID: 3 locID: 102650152704541090 bcsId: 0,size=1048576]} | ret=SUCCESS |  
2019-08-20 16:03:49,301 [grpc-default-executor-6] INFO  client.GrpcClientProtocolClient (GrpcClientProtocolClient.java:onNext(255)) - client-EAA342753240->9a4a4c23-9ff3-4ce3-a619-2c71c0869997: receive RaftClientReply:client-EAA342753240->9a4a4c23-9ff3-4ce3-a619-2c71c0869997@group-EC4211DF0353, cid=755, SUCCESS, logIndex=0, commits[9a4a4c23-9ff3-4ce3-a619-2c71c0869997:c943, 9b0072ab-15b3-4973-9bcb-7fa02f6bfea9:c940, 9f215ef2-7d46-4cda-b695-cae1b893f75f:c940]
2019-08-20 16:03:49,301 | INFO  | DNAudit | user=null | ip=null | op=WRITE_CHUNK {blockData=conID: 3 locID: 102650152704541090 bcsId: 0} | ret=SUCCESS |  
2019-08-20 16:03:49,301 | INFO  | DNAudit | user=null | ip=null | op=WRITE_CHUNK {blockData=conID: 3 locID: 102650152704541090 bcsId: 0} | ret=SUCCESS |  
2019-08-20 16:03:49,302 | INFO  | DNAudit | user=null | ip=null | op=PUT_BLOCK {blockData=[blockId=conID: 3 locID: 102650152704541090 bcsId: 0,size=2097152]} | ret=SUCCESS |  
2019-08-20 16:03:49,302 | INFO  | DNAudit | user=null | ip=null | op=PUT_BLOCK {blockData=[blockId=conID: 3 locID: 102650152704541090 bcsId: 0,size=2097152]} | ret=SUCCESS |  
2019-08-20 16:03:49,306 | INFO  | SCMAudit | user=jenkins1000 | ip=192.168.69.96 | op=SEND_HEARTBEAT {datanodeUUID=9b0072ab-15b3-4973-9bcb-7fa02f6bfea9, command=[]} | ret=SUCCESS |  
2019-08-20 16:03:49,306 | INFO  | SCMAudit | user=jenkins1000 | ip=192.168.69.96 | op=SEND_HEARTBEAT {datanodeUUID=9f215ef2-7d46-4cda-b695-cae1b893f75f, command=[]} | ret=SUCCESS |  
2019-08-20 16:03:49,306 | INFO  | SCMAudit | user=jenkins1000 | ip=192.168.69.96 | op=SEND_HEARTBEAT {datanodeUUID=9a4a4c23-9ff3-4ce3-a619-2c71c0869997, command=[]} | ret=SUCCESS |  
2019-08-20 16:03:49,306 | INFO  | DNAudit | user=null | ip=null | op=WRITE_CHUNK {blockData=conID: 3 locID: 102650152704541090 bcsId: 942} | ret=SUCCESS |  
2019-08-20 16:03:49,309 | INFO  | DNAudit | user=null | ip=null | op=WRITE_CHUNK {blockData=conID: 3 locID: 102650152704541090 bcsId: 942} | ret=SUCCESS |  
2019-08-20 16:03:49,309 | INFO  | DNAudit | user=null | ip=null | op=WRITE_CHUNK {blockData=conID: 3 locID: 102650152704541090 bcsId: 942} | ret=SUCCESS |  
2019-08-20 16:03:49,320 | INFO  | DNAudit | user=null | ip=null | op=WRITE_CHUNK {blockData=conID: 3 locID: 102650152704541090 bcsId: 942} | ret=SUCCESS |  
2019-08-20 16:03:49,320 | INFO  | DNAudit | user=null | ip=null | op=PUT_BLOCK {blockData=[blockId=conID: 3 locID: 102650152704541090 bcsId: 0,size=3145728]} | ret=SUCCESS |  
2019-08-20 16:03:49,320 [grpc-default-executor-0] INFO  client.GrpcClientProtocolClient (GrpcClientProtocolClient.java:onNext(255)) - client-EAA342753240->9a4a4c23-9ff3-4ce3-a619-2c71c0869997: receive RaftClientReply:client-EAA342753240->9a4a4c23-9ff3-4ce3-a619-2c71c0869997@group-EC4211DF0353, cid=756, SUCCESS, logIndex=947, commits[9a4a4c23-9ff3-4ce3-a619-2c71c0869997:c948, 9b0072ab-15b3-4973-9bcb-7fa02f6bfea9:c946, 9f215ef2-7d46-4cda-b695-cae1b893f75f:c946]
2019-08-20 16:03:49,321 [grpc-default-executor-0] INFO  client.GrpcClientProtocolClient (GrpcClientProtocolClient.java:onNext(255)) - client-EAA342753240->9a4a4c23-9ff3-4ce3-a619-2c71c0869997: receive RaftClientReply:client-EAA342753240->9a4a4c23-9ff3-4ce3-a619-2c71c0869997@group-EC4211DF0353, cid=757, SUCCESS, logIndex=948, commits[9a4a4c23-9ff3-4ce3-a619-2c71c0869997:c948, 9b0072ab-15b3-4973-9bcb-7fa02f6bfea9:c946, 9f215ef2-7d46-4cda-b695-cae1b893f75f:c946]
2019-08-20 16:03:49,327 | INFO  | DNAudit | user=null | ip=null | op=WRITE_CHUNK {blockData=conID: 3 locID: 102650152704541090 bcsId: 948} | ret=SUCCESS |  
2019-08-20 16:03:49,329 | INFO  | DNAudit | user=null | ip=null | op=WRITE_CHUNK {blockData=conID: 3 locID: 102650152704541090 bcsId: 948} | ret=SUCCESS |  
2019-08-20 16:03:49,329 | INFO  | DNAudit | user=null | ip=null | op=WRITE_CHUNK {blockData=conID: 3 locID: 102650152704541090 bcsId: 948} | ret=SUCCESS |  
2019-08-20 16:03:49,331 | INFO  | DNAudit | user=null | ip=null | op=WRITE_CHUNK {blockData=conID: 3 locID: 102650152704541090 bcsId: 942} | ret=SUCCESS |  
2019-08-20 16:03:49,331 | INFO  | DNAudit | user=null | ip=null | op=WRITE_CHUNK {blockData=conID: 3 locID: 102650152704541090 bcsId: 942} | ret=SUCCESS |  
2019-08-20 16:03:49,332 | INFO  | DNAudit | user=null | ip=null | op=PUT_BLOCK {blockData=[blockId=conID: 3 locID: 102650152704541090 bcsId: 0,size=3145728]} | ret=SUCCESS |  
2019-08-20 16:03:49,332 | INFO  | DNAudit | user=null | ip=null | op=PUT_BLOCK {blockData=[blockId=conID: 3 locID: 102650152704541090 bcsId: 0,size=3145728]} | ret=SUCCESS |  
2019-08-20 16:03:49,333 | INFO  | DNAudit | user=null | ip=null | op=WRITE_CHUNK {blockData=conID: 3 locID: 102650152704541090 bcsId: 948} | ret=SUCCESS |  
2019-08-20 16:03:49,334 | INFO  | DNAudit | user=null | ip=null | op=PUT_BLOCK {blockData=[blockId=conID: 3 locID: 102650152704541090 bcsId: 0,size=4194304]} | ret=SUCCESS |  
2019-08-20 16:03:49,334 [grpc-default-executor-0] INFO  client.GrpcClientProtocolClient (GrpcClientProtocolClient.java:onNext(255)) - client-EAA342753240->9a4a4c23-9ff3-4ce3-a619-2c71c0869997: receive RaftClientReply:client-EAA342753240->9a4a4c23-9ff3-4ce3-a619-2c71c0869997@group-EC4211DF0353, cid=758, SUCCESS, logIndex=951, commits[9a4a4c23-9ff3-4ce3-a619-2c71c0869997:c952, 9b0072ab-15b3-4973-9bcb-7fa02f6bfea9:c948, 9f215ef2-7d46-4cda-b695-cae1b893f75f:c948]
2019-08-20 16:03:49,334 [grpc-default-executor-0] INFO  client.GrpcClientProtocolClient (GrpcClientProtocolClient.java:onNext(255)) - client-EAA342753240->9a4a4c23-9ff3-4ce3-a619-2c71c0869997: receive RaftClientReply:client-EAA342753240->9a4a4c23-9ff3-4ce3-a619-2c71c0869997@group-EC4211DF0353, cid=759, SUCCESS, logIndex=952, commits[9a4a4c23-9ff3-4ce3-a619-2c71c0869997:c952, 9b0072ab-15b3-4973-9bcb-7fa02f6bfea9:c948, 9f215ef2-7d46-4cda-b695-cae1b893f75f:c948]
 0.00% |█                                                                                                    |  0/1 Time: 0:00:022019-08-20 16:03:49,341 | INFO  | DNAudit | user=null | ip=null | op=WRITE_CHUNK {blockData=conID: 3 locID: 102650152704541090 bcsId: 948} | ret=SUCCESS |  
2019-08-20 16:03:49,341 | INFO  | DNAudit | user=null | ip=null | op=WRITE_CHUNK {blockData=conID: 3 locID: 102650152704541090 bcsId: 948} | ret=SUCCESS |  
2019-08-20 16:03:49,342 | INFO  | DNAudit | user=null | ip=null | op=PUT_BLOCK {blockData=[blockId=conID: 3 locID: 102650152704541090 bcsId: 0,size=4194304]} | ret=SUCCESS |  
2019-08-20 16:03:49,343 | INFO  | DNAudit | user=null | ip=null | op=PUT_BLOCK {blockData=[blockId=conID: 3 locID: 102650152704541090 bcsId: 0,size=4194304]} | ret=SUCCESS |  
2019-08-20 16:03:49,343 [grpc-default-executor-1] INFO  client.GrpcClientProtocolClient (GrpcClientProtocolClient.java:onNext(255)) - client-EAA342753240->9a4a4c23-9ff3-4ce3-a619-2c71c0869997: receive RaftClientReply:client-EAA342753240->9a4a4c23-9ff3-4ce3-a619-2c71c0869997@group-EC4211DF0353, cid=760, SUCCESS, logIndex=0, commits[9a4a4c23-9ff3-4ce3-a619-2c71c0869997:c954, 9b0072ab-15b3-4973-9bcb-7fa02f6bfea9:c952, 9f215ef2-7d46-4cda-b695-cae1b893f75f:c952]
2019-08-20 16:03:49,351 | INFO  | DNAudit | user=null | ip=null | op=WRITE_CHUNK {blockData=conID: 1 locID: 102650152704541091 bcsId: 0} | ret=SUCCESS |  
2019-08-20 16:03:49,353 | INFO  | DNAudit | user=null | ip=null | op=WRITE_CHUNK {blockData=conID: 1 locID: 102650152704541091 bcsId: 0} | ret=SUCCESS |  
2019-08-20 16:03:49,353 | INFO  | DNAudit | user=null | ip=null | op=WRITE_CHUNK {blockData=conID: 1 locID: 102650152704541091 bcsId: 0} | ret=SUCCESS |  
2019-08-20 16:03:49,353 | INFO  | DNAudit | user=null | ip=null | op=WRITE_CHUNK {blockData=conID: 1 locID: 102650152704541091 bcsId: 0} | ret=SUCCESS |  
2019-08-20 16:03:49,355 | INFO  | DNAudit | user=null | ip=null | op=WRITE_CHUNK {blockData=conID: 1 locID: 102650152704541091 bcsId: 0} | ret=SUCCESS |  
2019-08-20 16:03:49,355 | INFO  | DNAudit | user=null | ip=null | op=WRITE_CHUNK {blockData=conID: 1 locID: 102650152704541091 bcsId: 0} | ret=SUCCESS |  
2019-08-20 16:03:49,357 | INFO  | DNAudit | user=null | ip=null | op=WRITE_CHUNK {blockData=conID: 1 locID: 102650152704541091 bcsId: 0} | ret=SUCCESS |  
2019-08-20 16:03:49,358 | INFO  | DNAudit | user=null | ip=null | op=PUT_BLOCK {blockData=[blockId=conID: 1 locID: 102650152704541091 bcsId: 0,size=1048576]} | ret=SUCCESS |  
2019-08-20 16:03:49,358 | INFO  | DNAudit | user=null | ip=null | op=WRITE_CHUNK {blockData=conID: 1 locID: 102650152704541091 bcsId: 0} | ret=SUCCESS |  
2019-08-20 16:03:49,358 [grpc-default-executor-0] INFO  client.GrpcClientProtocolClient (GrpcClientProtocolClient.java:onNext(255)) - client-EAA342753240->9a4a4c23-9ff3-4ce3-a619-2c71c0869997: receive RaftClientReply:client-EAA342753240->9a4a4c23-9ff3-4ce3-a619-2c71c0869997@group-EC4211DF0353, cid=761, SUCCESS, logIndex=955, commits[9a4a4c23-9ff3-4ce3-a619-2c71c0869997:c956, 9b0072ab-15b3-4973-9bcb-7fa02f6bfea9:c954, 9f215ef2-7d46-4cda-b695-cae1b893f75f:c954]
2019-08-20 16:03:49,359 | INFO  | DNAudit | user=null | ip=null | op=PUT_BLOCK {blockData=[blockId=conID: 1 locID: 102650152704541091 bcsId: 0,size=2097152]} | ret=SUCCESS |  
2019-08-20 16:03:49,359 [grpc-default-executor-0] INFO  client.GrpcClientProtocolClient (GrpcClientProtocolClient.java:onNext(255)) - client-EAA342753240->9a4a4c23-9ff3-4ce3-a619-2c71c0869997: receive RaftClientReply:client-EAA342753240->9a4a4c23-9ff3-4ce3-a619-2c71c0869997@group-EC4211DF0353, cid=762, SUCCESS, logIndex=956, commits[9a4a4c23-9ff3-4ce3-a619-2c71c0869997:c957, 9b0072ab-15b3-4973-9bcb-7fa02f6bfea9:c954, 9f215ef2-7d46-4cda-b695-cae1b893f75f:c954]
2019-08-20 16:03:49,359 | INFO  | DNAudit | user=null | ip=null | op=WRITE_CHUNK {blockData=conID: 1 locID: 102650152704541091 bcsId: 0} | ret=SUCCESS |  
2019-08-20 16:03:49,359 [grpc-default-executor-0] INFO  client.GrpcClientProtocolClient (GrpcClientProtocolClient.java:onNext(255)) - client-EAA342753240->9a4a4c23-9ff3-4ce3-a619-2c71c0869997: receive RaftClientReply:client-EAA342753240->9a4a4c23-9ff3-4ce3-a619-2c71c0869997@group-EC4211DF0353, cid=763, SUCCESS, logIndex=957, commits[9a4a4c23-9ff3-4ce3-a619-2c71c0869997:c958, 9b0072ab-15b3-4973-9bcb-7fa02f6bfea9:c954, 9f215ef2-7d46-4cda-b695-cae1b893f75f:c954]
2019-08-20 16:03:49,360 | INFO  | DNAudit | user=null | ip=null | op=WRITE_CHUNK {blockData=conID: 1 locID: 102650152704541091 bcsId: 0} | ret=SUCCESS |  
2019-08-20 16:03:49,360 | INFO  | DNAudit | user=null | ip=null | op=PUT_BLOCK {blockData=[blockId=conID: 1 locID: 102650152704541091 bcsId: 0,size=1048576]} | ret=SUCCESS |  
2019-08-20 16:03:49,360 [grpc-default-executor-6] INFO  client.GrpcClientProtocolClient (GrpcClientProtocolClient.java:onNext(255)) - client-EAA342753240->9a4a4c23-9ff3-4ce3-a619-2c71c0869997: receive RaftClientReply:client-EAA342753240->9a4a4c23-9ff3-4ce3-a619-2c71c0869997@group-EC4211DF0353, cid=764, SUCCESS, logIndex=958, commits[9a4a4c23-9ff3-4ce3-a619-2c71c0869997:c958, 9b0072ab-15b3-4973-9bcb-7fa02f6bfea9:c954, 9f215ef2-7d46-4cda-b695-cae1b893f75f:c954]
2019-08-20 16:03:49,360 | INFO  | DNAudit | user=null | ip=null | op=PUT_BLOCK {blockData=[blockId=conID: 1 locID: 102650152704541091 bcsId: 0,size=1048576]} | ret=SUCCESS |  
2019-08-20 16:03:49,360 | INFO  | DNAudit | user=null | ip=null | op=WRITE_CHUNK {blockData=conID: 1 locID: 102650152704541091 bcsId: 0} | ret=SUCCESS |  
2019-08-20 16:03:49,361 | INFO  | DNAudit | user=null | ip=null | op=PUT_BLOCK {blockData=[blockId=conID: 1 locID: 102650152704541091 bcsId: 0,size=2097152]} | ret=SUCCESS |  
2019-08-20 16:03:49,361 [grpc-default-executor-0] INFO  client.GrpcClientProtocolClient (GrpcClientProtocolClient.java:onNext(255)) - client-EAA342753240->9a4a4c23-9ff3-4ce3-a619-2c71c0869997: receive RaftClientReply:client-EAA342753240->9a4a4c23-9ff3-4ce3-a619-2c71c0869997@group-EC4211DF0353, cid=765, SUCCESS, logIndex=0, commits[9a4a4c23-9ff3-4ce3-a619-2c71c0869997:c960, 9b0072ab-15b3-4973-9bcb-7fa02f6bfea9:c956, 9f215ef2-7d46-4cda-b695-cae1b893f75f:c956]
2019-08-20 16:03:49,361 | INFO  | DNAudit | user=null | ip=null | op=WRITE_CHUNK {blockData=conID: 1 locID: 102650152704541091 bcsId: 0} | ret=SUCCESS |  
2019-08-20 16:03:49,361 | INFO  | DNAudit | user=null | ip=null | op=PUT_BLOCK {blockData=[blockId=conID: 1 locID: 102650152704541091 bcsId: 0,size=2097152]} | ret=SUCCESS |  
2019-08-20 16:03:49,367 | INFO  | DNAudit | user=null | ip=null | op=WRITE_CHUNK {blockData=conID: 1 locID: 102650152704541091 bcsId: 958} | ret=SUCCESS |  
2019-08-20 16:03:49,369 | INFO  | DNAudit | user=null | ip=null | op=WRITE_CHUNK {blockData=conID: 1 locID: 102650152704541091 bcsId: 958} | ret=SUCCESS |  
2019-08-20 16:03:49,370 | INFO  | DNAudit | user=null | ip=null | op=WRITE_CHUNK {blockData=conID: 1 locID: 102650152704541091 bcsId: 958} | ret=SUCCESS |  
2019-08-20 16:03:49,379 | INFO  | DNAudit | user=null | ip=null | op=WRITE_CHUNK {blockData=conID: 1 locID: 102650152704541091 bcsId: 958} | ret=SUCCESS |  
2019-08-20 16:03:49,380 | INFO  | DNAudit | user=null | ip=null | op=PUT_BLOCK {blockData=[blockId=conID: 1 locID: 102650152704541091 bcsId: 0,size=3145728]} | ret=SUCCESS |  
2019-08-20 16:03:49,380 [grpc-default-executor-6] INFO  client.GrpcClientProtocolClient (GrpcClientProtocolClient.java:onNext(255)) - client-EAA342753240->9a4a4c23-9ff3-4ce3-a619-2c71c0869997: receive RaftClientReply:client-EAA342753240->9a4a4c23-9ff3-4ce3-a619-2c71c0869997@group-EC4211DF0353, cid=766, SUCCESS, logIndex=963, commits[9a4a4c23-9ff3-4ce3-a619-2c71c0869997:c964, 9b0072ab-15b3-4973-9bcb-7fa02f6bfea9:c962, 9f215ef2-7d46-4cda-b695-cae1b893f75f:c962]
2019-08-20 16:03:49,380 [grpc-default-executor-6] INFO  client.GrpcClientProtocolClient (GrpcClientProtocolClient.java:onNext(255)) - client-EAA342753240->9a4a4c23-9ff3-4ce3-a619-2c71c0869997: receive RaftClientReply:client-EAA342753240->9a4a4c23-9ff3-4ce3-a619-2c71c0869997@group-EC4211DF0353, cid=767, SUCCESS, logIndex=964, commits[9a4a4c23-9ff3-4ce3-a619-2c71c0869997:c964, 9b0072ab-15b3-4973-9bcb-7fa02f6bfea9:c962, 9f215ef2-7d46-4cda-b695-cae1b893f75f:c962]
2019-08-20 16:03:49,384 | INFO  | DNAudit | user=null | ip=null | op=WRITE_CHUNK {blockData=conID: 1 locID: 102650152704541091 bcsId: 958} | ret=SUCCESS |  
2019-08-20 16:03:49,384 | INFO  | DNAudit | user=null | ip=null | op=WRITE_CHUNK {blockData=conID: 1 locID: 102650152704541091 bcsId: 958} | ret=SUCCESS |  
2019-08-20 16:03:49,385 | INFO  | DNAudit | user=null | ip=null | op=PUT_BLOCK {blockData=[blockId=conID: 1 locID: 102650152704541091 bcsId: 0,size=3145728]} | ret=SUCCESS |  
2019-08-20 16:03:49,385 | INFO  | DNAudit | user=null | ip=null | op=PUT_BLOCK {blockData=[blockId=conID: 1 locID: 102650152704541091 bcsId: 0,size=3145728]} | ret=SUCCESS |  
2019-08-20 16:03:49,386 | INFO  | DNAudit | user=null | ip=null | op=WRITE_CHUNK {blockData=conID: 1 locID: 102650152704541091 bcsId: 964} | ret=SUCCESS |  
2019-08-20 16:03:49,389 | INFO  | DNAudit | user=null | ip=null | op=WRITE_CHUNK {blockData=conID: 1 locID: 102650152704541091 bcsId: 964} | ret=SUCCESS |  
2019-08-20 16:03:49,389 | INFO  | DNAudit | user=null | ip=null | op=WRITE_CHUNK {blockData=conID: 1 locID: 102650152704541091 bcsId: 964} | ret=SUCCESS |  
2019-08-20 16:03:49,399 | INFO  | DNAudit | user=null | ip=null | op=WRITE_CHUNK {blockData=conID: 1 locID: 102650152704541091 bcsId: 964} | ret=SUCCESS |  
2019-08-20 16:03:49,399 | INFO  | DNAudit | user=null | ip=null | op=PUT_BLOCK {blockData=[blockId=conID: 1 locID: 102650152704541091 bcsId: 0,size=4194304]} | ret=SUCCESS |  
2019-08-20 16:03:49,399 [grpc-default-executor-1] INFO  client.GrpcClientProtocolClient (GrpcClientProtocolClient.java:onNext(255)) - client-EAA342753240->9a4a4c23-9ff3-4ce3-a619-2c71c0869997: receive RaftClientReply:client-EAA342753240->9a4a4c23-9ff3-4ce3-a619-2c71c0869997@group-EC4211DF0353, cid=768, SUCCESS, logIndex=967, commits[9a4a4c23-9ff3-4ce3-a619-2c71c0869997:c968, 9b0072ab-15b3-4973-9bcb-7fa02f6bfea9:c965, 9f215ef2-7d46-4cda-b695-cae1b893f75f:c965]
2019-08-20 16:03:49,400 [grpc-default-executor-1] INFO  client.GrpcClientProtocolClient (GrpcClientProtocolClient.java:onNext(255)) - client-EAA342753240->9a4a4c23-9ff3-4ce3-a619-2c71c0869997: receive RaftClientReply:client-EAA342753240->9a4a4c23-9ff3-4ce3-a619-2c71c0869997@group-EC4211DF0353, cid=769, SUCCESS, logIndex=968, commits[9a4a4c23-9ff3-4ce3-a619-2c71c0869997:c968, 9b0072ab-15b3-4973-9bcb-7fa02f6bfea9:c965, 9f215ef2-7d46-4cda-b695-cae1b893f75f:c965]
2019-08-20 16:03:49,410 | INFO  | DNAudit | user=null | ip=null | op=WRITE_CHUNK {blockData=conID: 1 locID: 102650152704541091 bcsId: 964} | ret=SUCCESS |  
2019-08-20 16:03:49,410 | INFO  | DNAudit | user=null | ip=null | op=WRITE_CHUNK {blockData=conID: 1 locID: 102650152704541091 bcsId: 964} | ret=SUCCESS |  
2019-08-20 16:03:49,411 | INFO  | DNAudit | user=null | ip=null | op=PUT_BLOCK {blockData=[blockId=conID: 1 locID: 102650152704541091 bcsId: 0,size=4194304]} | ret=SUCCESS |  
2019-08-20 16:03:49,411 | INFO  | DNAudit | user=null | ip=null | op=PUT_BLOCK {blockData=[blockId=conID: 1 locID: 102650152704541091 bcsId: 0,size=4194304]} | ret=SUCCESS |  
2019-08-20 16:03:49,411 [grpc-default-executor-1] INFO  client.GrpcClientProtocolClient (GrpcClientProtocolClient.java:onNext(255)) - client-EAA342753240->9a4a4c23-9ff3-4ce3-a619-2c71c0869997: receive RaftClientReply:client-EAA342753240->9a4a4c23-9ff3-4ce3-a619-2c71c0869997@group-EC4211DF0353, cid=770, SUCCESS, logIndex=0, commits[9a4a4c23-9ff3-4ce3-a619-2c71c0869997:c969, 9b0072ab-15b3-4973-9bcb-7fa02f6bfea9:c968, 9f215ef2-7d46-4cda-b695-cae1b893f75f:c968]
2019-08-20 16:03:49,417 | INFO  | DNAudit | user=null | ip=null | op=WRITE_CHUNK {blockData=conID: 2 locID: 102650152704541092 bcsId: 0} | ret=SUCCESS |  
2019-08-20 16:03:49,419 | INFO  | DNAudit | user=null | ip=null | op=WRITE_CHUNK {blockData=conID: 2 locID: 102650152704541092 bcsId: 0} | ret=SUCCESS |  
2019-08-20 16:03:49,420 | INFO  | DNAudit | user=null | ip=null | op=WRITE_CHUNK {blockData=conID: 2 locID: 102650152704541092 bcsId: 0} | ret=SUCCESS |  
2019-08-20 16:03:49,421 | INFO  | DNAudit | user=null | ip=null | op=WRITE_CHUNK {blockData=conID: 2 locID: 102650152704541092 bcsId: 0} | ret=SUCCESS |  
2019-08-20 16:03:49,422 | INFO  | DNAudit | user=null | ip=null | op=WRITE_CHUNK {blockData=conID: 2 locID: 102650152704541092 bcsId: 0} | ret=SUCCESS |  
2019-08-20 16:03:49,423 | INFO  | DNAudit | user=null | ip=null | op=WRITE_CHUNK {blockData=conID: 2 locID: 102650152704541092 bcsId: 0} | ret=SUCCESS |  
2019-08-20 16:03:49,433 | INFO  | DNAudit | user=null | ip=null | op=WRITE_CHUNK {blockData=conID: 2 locID: 102650152704541092 bcsId: 0} | ret=SUCCESS |  
2019-08-20 16:03:49,433 | INFO  | DNAudit | user=null | ip=null | op=PUT_BLOCK {blockData=[blockId=conID: 2 locID: 102650152704541092 bcsId: 0,size=1048576]} | ret=SUCCESS |  
2019-08-20 16:03:49,434 [grpc-default-executor-6] INFO  client.GrpcClientProtocolClient (GrpcClientProtocolClient.java:onNext(255)) - client-EAA342753240->9a4a4c23-9ff3-4ce3-a619-2c71c0869997: receive RaftClientReply:client-EAA342753240->9a4a4c23-9ff3-4ce3-a619-2c71c0869997@group-EC4211DF0353, cid=771, SUCCESS, logIndex=971, commits[9a4a4c23-9ff3-4ce3-a619-2c71c0869997:c972, 9b0072ab-15b3-4973-9bcb-7fa02f6bfea9:c970, 9f215ef2-7d46-4cda-b695-cae1b893f75f:c970]
2019-08-20 16:03:49,434 [grpc-default-executor-6] INFO  client.GrpcClientProtocolClient (GrpcClientProtocolClient.java:onNext(255)) - client-EAA342753240->9a4a4c23-9ff3-4ce3-a619-2c71c0869997: receive RaftClientReply:client-EAA342753240->9a4a4c23-9ff3-4ce3-a619-2c71c0869997@group-EC4211DF0353, cid=772, SUCCESS, logIndex=972, commits[9a4a4c23-9ff3-4ce3-a619-2c71c0869997:c972, 9b0072ab-15b3-4973-9bcb-7fa02f6bfea9:c970, 9f215ef2-7d46-4cda-b695-cae1b893f75f:c970]
2019-08-20 16:03:49,444 | INFO  | DNAudit | user=null | ip=null | op=WRITE_CHUNK {blockData=conID: 2 locID: 102650152704541092 bcsId: 0} | ret=SUCCESS |  
2019-08-20 16:03:49,444 | INFO  | DNAudit | user=null | ip=null | op=PUT_BLOCK {blockData=[blockId=conID: 2 locID: 102650152704541092 bcsId: 0,size=2097152]} | ret=SUCCESS |  
2019-08-20 16:03:49,444 [grpc-default-executor-6] INFO  client.GrpcClientProtocolClient (GrpcClientProtocolClient.java:onNext(255)) - client-EAA342753240->9a4a4c23-9ff3-4ce3-a619-2c71c0869997: receive RaftClientReply:client-EAA342753240->9a4a4c23-9ff3-4ce3-a619-2c71c0869997@group-EC4211DF0353, cid=773, SUCCESS, logIndex=973, commits[9a4a4c23-9ff3-4ce3-a619-2c71c0869997:c974, 9b0072ab-15b3-4973-9bcb-7fa02f6bfea9:c970, 9f215ef2-7d46-4cda-b695-cae1b893f75f:c970]
2019-08-20 16:03:49,445 [grpc-default-executor-6] INFO  client.GrpcClientProtocolClient (GrpcClientProtocolClient.java:onNext(255)) - client-EAA342753240->9a4a4c23-9ff3-4ce3-a619-2c71c0869997: receive RaftClientReply:client-EAA342753240->9a4a4c23-9ff3-4ce3-a619-2c71c0869997@group-EC4211DF0353, cid=774, SUCCESS, logIndex=974, commits[9a4a4c23-9ff3-4ce3-a619-2c71c0869997:c974, 9b0072ab-15b3-4973-9bcb-7fa02f6bfea9:c970, 9f215ef2-7d46-4cda-b695-cae1b893f75f:c970]
2019-08-20 16:03:49,445 | INFO  | DNAudit | user=null | ip=null | op=WRITE_CHUNK {blockData=conID: 2 locID: 102650152704541092 bcsId: 0} | ret=SUCCESS |  
2019-08-20 16:03:49,445 | INFO  | DNAudit | user=null | ip=null | op=WRITE_CHUNK {blockData=conID: 2 locID: 102650152704541092 bcsId: 0} | ret=SUCCESS |  
2019-08-20 16:03:49,445 | INFO  | DNAudit | user=null | ip=null | op=PUT_BLOCK {blockData=[blockId=conID: 2 locID: 102650152704541092 bcsId: 0,size=1048576]} | ret=SUCCESS |  
2019-08-20 16:03:49,445 | INFO  | DNAudit | user=null | ip=null | op=PUT_BLOCK {blockData=[blockId=conID: 2 locID: 102650152704541092 bcsId: 0,size=1048576]} | ret=SUCCESS |  
2019-08-20 16:03:49,446 | INFO  | DNAudit | user=null | ip=null | op=WRITE_CHUNK {blockData=conID: 2 locID: 102650152704541092 bcsId: 0} | ret=SUCCESS |  
2019-08-20 16:03:49,446 | INFO  | DNAudit | user=null | ip=null | op=WRITE_CHUNK {blockData=conID: 2 locID: 102650152704541092 bcsId: 0} | ret=SUCCESS |  
2019-08-20 16:03:49,446 | INFO  | DNAudit | user=null | ip=null | op=PUT_BLOCK {blockData=[blockId=conID: 2 locID: 102650152704541092 bcsId: 0,size=2097152]} | ret=SUCCESS |  
2019-08-20 16:03:49,446 [grpc-default-executor-1] INFO  client.GrpcClientProtocolClient (GrpcClientProtocolClient.java:onNext(255)) - client-EAA342753240->9a4a4c23-9ff3-4ce3-a619-2c71c0869997: receive RaftClientReply:client-EAA342753240->9a4a4c23-9ff3-4ce3-a619-2c71c0869997@group-EC4211DF0353, cid=775, SUCCESS, logIndex=0, commits[9a4a4c23-9ff3-4ce3-a619-2c71c0869997:c976, 9b0072ab-15b3-4973-9bcb-7fa02f6bfea9:c972, 9f215ef2-7d46-4cda-b695-cae1b893f75f:c972]
2019-08-20 16:03:49,446 | INFO  | DNAudit | user=null | ip=null | op=PUT_BLOCK {blockData=[blockId=conID: 2 locID: 102650152704541092 bcsId: 0,size=2097152]} | ret=SUCCESS |  
2019-08-20 16:03:49,452 | INFO  | DNAudit | user=null | ip=null | op=WRITE_CHUNK {blockData=conID: 2 locID: 102650152704541092 bcsId: 974} | ret=SUCCESS |  
2019-08-20 16:03:49,455 | INFO  | DNAudit | user=null | ip=null | op=WRITE_CHUNK {blockData=conID: 2 locID: 102650152704541092 bcsId: 974} | ret=SUCCESS |  
2019-08-20 16:03:49,455 | INFO  | DNAudit | user=null | ip=null | op=WRITE_CHUNK {blockData=conID: 2 locID: 102650152704541092 bcsId: 974} | ret=SUCCESS |  
2019-08-20 16:03:49,473 | INFO  | DNAudit | user=null | ip=null | op=WRITE_CHUNK {blockData=conID: 2 locID: 102650152704541092 bcsId: 974} | ret=SUCCESS |  
2019-08-20 16:03:49,474 | INFO  | DNAudit | user=null | ip=null | op=PUT_BLOCK {blockData=[blockId=conID: 2 locID: 102650152704541092 bcsId: 0,size=3145728]} | ret=SUCCESS |  
2019-08-20 16:03:49,474 [grpc-default-executor-1] INFO  client.GrpcClientProtocolClient (GrpcClientProtocolClient.java:onNext(255)) - client-EAA342753240->9a4a4c23-9ff3-4ce3-a619-2c71c0869997: receive RaftClientReply:client-EAA342753240->9a4a4c23-9ff3-4ce3-a619-2c71c0869997@group-EC4211DF0353, cid=776, SUCCESS, logIndex=979, commits[9a4a4c23-9ff3-4ce3-a619-2c71c0869997:c980, 9b0072ab-15b3-4973-9bcb-7fa02f6bfea9:c978, 9f215ef2-7d46-4cda-b695-cae1b893f75f:c978]
2019-08-20 16:03:49,475 [grpc-default-executor-1] INFO  client.GrpcClientProtocolClient (GrpcClientProtocolClient.java:onNext(255)) - client-EAA342753240->9a4a4c23-9ff3-4ce3-a619-2c71c0869997: receive RaftClientReply:client-EAA342753240->9a4a4c23-9ff3-4ce3-a619-2c71c0869997@group-EC4211DF0353, cid=777, SUCCESS, logIndex=980, commits[9a4a4c23-9ff3-4ce3-a619-2c71c0869997:c980, 9b0072ab-15b3-4973-9bcb-7fa02f6bfea9:c978, 9f215ef2-7d46-4cda-b695-cae1b893f75f:c978]
2019-08-20 16:03:49,483 | INFO  | DNAudit | user=null | ip=null | op=WRITE_CHUNK {blockData=conID: 2 locID: 102650152704541092 bcsId: 980} | ret=SUCCESS |  
2019-08-20 16:03:49,485 | INFO  | DNAudit | user=null | ip=null | op=WRITE_CHUNK {blockData=conID: 2 locID: 102650152704541092 bcsId: 980} | ret=SUCCESS |  
2019-08-20 16:03:49,485 | INFO  | DNAudit | user=null | ip=null | op=WRITE_CHUNK {blockData=conID: 2 locID: 102650152704541092 bcsId: 980} | ret=SUCCESS |  
2019-08-20 16:03:49,485 | INFO  | DNAudit | user=null | ip=null | op=WRITE_CHUNK {blockData=conID: 2 locID: 102650152704541092 bcsId: 974} | ret=SUCCESS |  
2019-08-20 16:03:49,486 | INFO  | DNAudit | user=null | ip=null | op=WRITE_CHUNK {blockData=conID: 2 locID: 102650152704541092 bcsId: 974} | ret=SUCCESS |  
2019-08-20 16:03:49,487 | INFO  | DNAudit | user=null | ip=null | op=PUT_BLOCK {blockData=[blockId=conID: 2 locID: 102650152704541092 bcsId: 0,size=3145728]} | ret=SUCCESS |  
2019-08-20 16:03:49,487 | INFO  | DNAudit | user=null | ip=null | op=WRITE_CHUNK {blockData=conID: 2 locID: 102650152704541092 bcsId: 980} | ret=SUCCESS |  
2019-08-20 16:03:49,487 | INFO  | DNAudit | user=null | ip=null | op=PUT_BLOCK {blockData=[blockId=conID: 2 locID: 102650152704541092 bcsId: 0,size=3145728]} | ret=SUCCESS |  
2019-08-20 16:03:49,488 | INFO  | DNAudit | user=null | ip=null | op=PUT_BLOCK {blockData=[blockId=conID: 2 locID: 102650152704541092 bcsId: 0,size=4194304]} | ret=SUCCESS |  
2019-08-20 16:03:49,488 [grpc-default-executor-6] INFO  client.GrpcClientProtocolClient (GrpcClientProtocolClient.java:onNext(255)) - client-EAA342753240->9a4a4c23-9ff3-4ce3-a619-2c71c0869997: receive RaftClientReply:client-EAA342753240->9a4a4c23-9ff3-4ce3-a619-2c71c0869997@group-EC4211DF0353, cid=778, SUCCESS, logIndex=983, commits[9a4a4c23-9ff3-4ce3-a619-2c71c0869997:c984, 9b0072ab-15b3-4973-9bcb-7fa02f6bfea9:c979, 9f215ef2-7d46-4cda-b695-cae1b893f75f:c980]
2019-08-20 16:03:49,488 [grpc-default-executor-6] INFO  client.GrpcClientProtocolClient (GrpcClientProtocolClient.java:onNext(255)) - client-EAA342753240->9a4a4c23-9ff3-4ce3-a619-2c71c0869997: receive RaftClientReply:client-EAA342753240->9a4a4c23-9ff3-4ce3-a619-2c71c0869997@group-EC4211DF0353, cid=779, SUCCESS, logIndex=984, commits[9a4a4c23-9ff3-4ce3-a619-2c71c0869997:c984, 9b0072ab-15b3-4973-9bcb-7fa02f6bfea9:c980, 9f215ef2-7d46-4cda-b695-cae1b893f75f:c980]
2019-08-20 16:03:49,488 | INFO  | DNAudit | user=null | ip=null | op=WRITE_CHUNK {blockData=conID: 2 locID: 102650152704541092 bcsId: 980} | ret=SUCCESS |  
2019-08-20 16:03:49,489 | INFO  | DNAudit | user=null | ip=null | op=WRITE_CHUNK {blockData=conID: 2 locID: 102650152704541092 bcsId: 980} | ret=SUCCESS |  
2019-08-20 16:03:49,489 | INFO  | DNAudit | user=null | ip=null | op=PUT_BLOCK {blockData=[blockId=conID: 2 locID: 102650152704541092 bcsId: 0,size=4194304]} | ret=SUCCESS |  
2019-08-20 16:03:49,489 | INFO  | DNAudit | user=null | ip=null | op=PUT_BLOCK {blockData=[blockId=conID: 2 locID: 102650152704541092 bcsId: 0,size=4194304]} | ret=SUCCESS |  
2019-08-20 16:03:49,489 [grpc-default-executor-0] INFO  client.GrpcClientProtocolClient (GrpcClientProtocolClient.java:onNext(255)) - client-EAA342753240->9a4a4c23-9ff3-4ce3-a619-2c71c0869997: receive RaftClientReply:client-EAA342753240->9a4a4c23-9ff3-4ce3-a619-2c71c0869997@group-EC4211DF0353, cid=780, SUCCESS, logIndex=0, commits[9a4a4c23-9ff3-4ce3-a619-2c71c0869997:c985, 9b0072ab-15b3-4973-9bcb-7fa02f6bfea9:c984, 9f215ef2-7d46-4cda-b695-cae1b893f75f:c984]
2019-08-20 16:03:49,496 | INFO  | DNAudit | user=null | ip=null | op=WRITE_CHUNK {blockData=conID: 3 locID: 102650152704541093 bcsId: 0} | ret=SUCCESS |  
2019-08-20 16:03:49,499 | INFO  | DNAudit | user=null | ip=null | op=WRITE_CHUNK {blockData=conID: 3 locID: 102650152704541093 bcsId: 0} | ret=SUCCESS |  
2019-08-20 16:03:49,499 | INFO  | DNAudit | user=null | ip=null | op=WRITE_CHUNK {blockData=conID: 3 locID: 102650152704541093 bcsId: 0} | ret=SUCCESS |  
2019-08-20 16:03:49,499 | INFO  | DNAudit | user=null | ip=null | op=WRITE_CHUNK {blockData=conID: 3 locID: 102650152704541093 bcsId: 0} | ret=SUCCESS |  
2019-08-20 16:03:49,500 | INFO  | DNAudit | user=null | ip=null | op=WRITE_CHUNK {blockData=conID: 3 locID: 102650152704541093 bcsId: 0} | ret=SUCCESS |  
2019-08-20 16:03:49,501 | INFO  | DNAudit | user=null | ip=null | op=WRITE_CHUNK {blockData=conID: 3 locID: 102650152704541093 bcsId: 0} | ret=SUCCESS |  
2019-08-20 16:03:49,510 | INFO  | DNAudit | user=null | ip=null | op=WRITE_CHUNK {blockData=conID: 3 locID: 102650152704541093 bcsId: 0} | ret=SUCCESS |  
2019-08-20 16:03:49,511 | INFO  | DNAudit | user=null | ip=null | op=PUT_BLOCK {blockData=[blockId=conID: 3 locID: 102650152704541093 bcsId: 0,size=1048576]} | ret=SUCCESS |  
2019-08-20 16:03:49,511 | INFO  | DNAudit | user=null | ip=null | op=WRITE_CHUNK {blockData=conID: 3 locID: 102650152704541093 bcsId: 0} | ret=SUCCESS |  
2019-08-20 16:03:49,511 [grpc-default-executor-5] INFO  client.GrpcClientProtocolClient (GrpcClientProtocolClient.java:onNext(255)) - client-EAA342753240->9a4a4c23-9ff3-4ce3-a619-2c71c0869997: receive RaftClientReply:client-EAA342753240->9a4a4c23-9ff3-4ce3-a619-2c71c0869997@group-EC4211DF0353, cid=781, SUCCESS, logIndex=987, commits[9a4a4c23-9ff3-4ce3-a619-2c71c0869997:c989, 9b0072ab-15b3-4973-9bcb-7fa02f6bfea9:c986, 9f215ef2-7d46-4cda-b695-cae1b893f75f:c986]
2019-08-20 16:03:49,511 | INFO  | DNAudit | user=null | ip=null | op=PUT_BLOCK {blockData=[blockId=conID: 3 locID: 102650152704541093 bcsId: 0,size=2097152]} | ret=SUCCESS |  
2019-08-20 16:03:49,512 [grpc-default-executor-5] INFO  client.GrpcClientProtocolClient (GrpcClientProtocolClient.java:onNext(255)) - client-EAA342753240->9a4a4c23-9ff3-4ce3-a619-2c71c0869997: receive RaftClientReply:client-EAA342753240->9a4a4c23-9ff3-4ce3-a619-2c71c0869997@group-EC4211DF0353, cid=782, SUCCESS, logIndex=988, commits[9a4a4c23-9ff3-4ce3-a619-2c71c0869997:c990, 9b0072ab-15b3-4973-9bcb-7fa02f6bfea9:c986, 9f215ef2-7d46-4cda-b695-cae1b893f75f:c986]
2019-08-20 16:03:49,512 [grpc-default-executor-5] INFO  client.GrpcClientProtocolClient (GrpcClientProtocolClient.java:onNext(255)) - client-EAA342753240->9a4a4c23-9ff3-4ce3-a619-2c71c0869997: receive RaftClientReply:client-EAA342753240->9a4a4c23-9ff3-4ce3-a619-2c71c0869997@group-EC4211DF0353, cid=783, SUCCESS, logIndex=989, commits[9a4a4c23-9ff3-4ce3-a619-2c71c0869997:c990, 9b0072ab-15b3-4973-9bcb-7fa02f6bfea9:c986, 9f215ef2-7d46-4cda-b695-cae1b893f75f:c986]
2019-08-20 16:03:49,512 [grpc-default-executor-5] INFO  client.GrpcClientProtocolClient (GrpcClientProtocolClient.java:onNext(255)) - client-EAA342753240->9a4a4c23-9ff3-4ce3-a619-2c71c0869997: receive RaftClientReply:client-EAA342753240->9a4a4c23-9ff3-4ce3-a619-2c71c0869997@group-EC4211DF0353, cid=784, SUCCESS, logIndex=990, commits[9a4a4c23-9ff3-4ce3-a619-2c71c0869997:c990, 9b0072ab-15b3-4973-9bcb-7fa02f6bfea9:c986, 9f215ef2-7d46-4cda-b695-cae1b893f75f:c986]
2019-08-20 16:03:49,512 | INFO  | DNAudit | user=null | ip=null | op=WRITE_CHUNK {blockData=conID: 3 locID: 102650152704541093 bcsId: 0} | ret=SUCCESS |  
2019-08-20 16:03:49,512 | INFO  | DNAudit | user=null | ip=null | op=WRITE_CHUNK {blockData=conID: 3 locID: 102650152704541093 bcsId: 0} | ret=SUCCESS |  
2019-08-20 16:03:49,513 | INFO  | DNAudit | user=null | ip=null | op=PUT_BLOCK {blockData=[blockId=conID: 3 locID: 102650152704541093 bcsId: 0,size=1048576]} | ret=SUCCESS |  
2019-08-20 16:03:49,513 | INFO  | DNAudit | user=null | ip=null | op=PUT_BLOCK {blockData=[blockId=conID: 3 locID: 102650152704541093 bcsId: 0,size=1048576]} | ret=SUCCESS |  
2019-08-20 16:03:49,513 [grpc-default-executor-0] INFO  client.GrpcClientProtocolClient (GrpcClientProtocolClient.java:onNext(255)) - client-EAA342753240->9a4a4c23-9ff3-4ce3-a619-2c71c0869997: receive RaftClientReply:client-EAA342753240->9a4a4c23-9ff3-4ce3-a619-2c71c0869997@group-EC4211DF0353, cid=785, SUCCESS, logIndex=0, commits[9a4a4c23-9ff3-4ce3-a619-2c71c0869997:c991, 9b0072ab-15b3-4973-9bcb-7fa02f6bfea9:c988, 9f215ef2-7d46-4cda-b695-cae1b893f75f:c988]
2019-08-20 16:03:49,514 | INFO  | DNAudit | user=null | ip=null | op=WRITE_CHUNK {blockData=conID: 3 locID: 102650152704541093 bcsId: 0} | ret=SUCCESS |  
2019-08-20 16:03:49,514 | INFO  | DNAudit | user=null | ip=null | op=PUT_BLOCK {blockData=[blockId=conID: 3 locID: 102650152704541093 bcsId: 0,size=2097152]} | ret=SUCCESS |  
2019-08-20 16:03:49,514 | INFO  | DNAudit | user=null | ip=null | op=WRITE_CHUNK {blockData=conID: 3 locID: 102650152704541093 bcsId: 0} | ret=SUCCESS |  
2019-08-20 16:03:49,514 | INFO  | DNAudit | user=null | ip=null | op=PUT_BLOCK {blockData=[blockId=conID: 3 locID: 102650152704541093 bcsId: 0,size=2097152]} | ret=SUCCESS |  
2019-08-20 16:03:49,520 | INFO  | DNAudit | user=null | ip=null | op=WRITE_CHUNK {blockData=conID: 3 locID: 102650152704541093 bcsId: 990} | ret=SUCCESS |  
2019-08-20 16:03:49,522 | INFO  | DNAudit | user=null | ip=null | op=WRITE_CHUNK {blockData=conID: 3 locID: 102650152704541093 bcsId: 990} | ret=SUCCESS |  
2019-08-20 16:03:49,522 | INFO  | DNAudit | user=null | ip=null | op=WRITE_CHUNK {blockData=conID: 3 locID: 102650152704541093 bcsId: 990} | ret=SUCCESS |  
2019-08-20 16:03:49,525 | INFO  | DNAudit | user=null | ip=null | op=WRITE_CHUNK {blockData=conID: 3 locID: 102650152704541093 bcsId: 990} | ret=SUCCESS |  
2019-08-20 16:03:49,525 | INFO  | DNAudit | user=null | ip=null | op=PUT_BLOCK {blockData=[blockId=conID: 3 locID: 102650152704541093 bcsId: 0,size=3145728]} | ret=SUCCESS |  
2019-08-20 16:03:49,525 [grpc-default-executor-0] INFO  client.GrpcClientProtocolClient (GrpcClientProtocolClient.java:onNext(255)) - client-EAA342753240->9a4a4c23-9ff3-4ce3-a619-2c71c0869997: receive RaftClientReply:client-EAA342753240->9a4a4c23-9ff3-4ce3-a619-2c71c0869997@group-EC4211DF0353, cid=786, SUCCESS, logIndex=995, commits[9a4a4c23-9ff3-4ce3-a619-2c71c0869997:c996, 9b0072ab-15b3-4973-9bcb-7fa02f6bfea9:c994, 9f215ef2-7d46-4cda-b695-cae1b893f75f:c994]
2019-08-20 16:03:49,526 [grpc-default-executor-0] INFO  client.GrpcClientProtocolClient (GrpcClientProtocolClient.java:onNext(255)) - client-EAA342753240->9a4a4c23-9ff3-4ce3-a619-2c71c0869997: receive RaftClientReply:client-EAA342753240->9a4a4c23-9ff3-4ce3-a619-2c71c0869997@group-EC4211DF0353, cid=787, SUCCESS, logIndex=996, commits[9a4a4c23-9ff3-4ce3-a619-2c71c0869997:c996, 9b0072ab-15b3-4973-9bcb-7fa02f6bfea9:c994, 9f215ef2-7d46-4cda-b695-cae1b893f75f:c994]
2019-08-20 16:03:49,530 | INFO  | DNAudit | user=null | ip=null | op=WRITE_CHUNK {blockData=conID: 3 locID: 102650152704541093 bcsId: 990} | ret=SUCCESS |  
2019-08-20 16:03:49,530 | INFO  | DNAudit | user=null | ip=null | op=WRITE_CHUNK {blockData=conID: 3 locID: 102650152704541093 bcsId: 990} | ret=SUCCESS |  
2019-08-20 16:03:49,531 | INFO  | DNAudit | user=null | ip=null | op=PUT_BLOCK {blockData=[blockId=conID: 3 locID: 102650152704541093 bcsId: 0,size=3145728]} | ret=SUCCESS |  
2019-08-20 16:03:49,531 | INFO  | DNAudit | user=null | ip=null | op=PUT_BLOCK {blockData=[blockId=conID: 3 locID: 102650152704541093 bcsId: 0,size=3145728]} | ret=SUCCESS |  
2019-08-20 16:03:49,531 | INFO  | DNAudit | user=null | ip=null | op=WRITE_CHUNK {blockData=conID: 3 locID: 102650152704541093 bcsId: 996} | ret=SUCCESS |  
2019-08-20 16:03:49,534 | INFO  | DNAudit | user=null | ip=null | op=WRITE_CHUNK {blockData=conID: 3 locID: 102650152704541093 bcsId: 996} | ret=SUCCESS |  
2019-08-20 16:03:49,534 | INFO  | DNAudit | user=null | ip=null | op=WRITE_CHUNK {blockData=conID: 3 locID: 102650152704541093 bcsId: 996} | ret=SUCCESS |  
2019-08-20 16:03:49,538 | INFO  | DNAudit | user=null | ip=null | op=WRITE_CHUNK {blockData=conID: 3 locID: 102650152704541093 bcsId: 996} | ret=SUCCESS |  
2019-08-20 16:03:49,538 | INFO  | DNAudit | user=null | ip=null | op=PUT_BLOCK {blockData=[blockId=conID: 3 locID: 102650152704541093 bcsId: 0,size=4194304]} | ret=SUCCESS |  
2019-08-20 16:03:49,538 [grpc-default-executor-0] INFO  client.GrpcClientProtocolClient (GrpcClientProtocolClient.java:onNext(255)) - client-EAA342753240->9a4a4c23-9ff3-4ce3-a619-2c71c0869997: receive RaftClientReply:client-EAA342753240->9a4a4c23-9ff3-4ce3-a619-2c71c0869997@group-EC4211DF0353, cid=788, SUCCESS, logIndex=999, commits[9a4a4c23-9ff3-4ce3-a619-2c71c0869997:c1000, 9b0072ab-15b3-4973-9bcb-7fa02f6bfea9:c997, 9f215ef2-7d46-4cda-b695-cae1b893f75f:c997]
2019-08-20 16:03:49,539 [grpc-default-executor-0] INFO  client.GrpcClientProtocolClient (GrpcClientProtocolClient.java:onNext(255)) - client-EAA342753240->9a4a4c23-9ff3-4ce3-a619-2c71c0869997: receive RaftClientReply:client-EAA342753240->9a4a4c23-9ff3-4ce3-a619-2c71c0869997@group-EC4211DF0353, cid=789, SUCCESS, logIndex=1000, commits[9a4a4c23-9ff3-4ce3-a619-2c71c0869997:c1000, 9b0072ab-15b3-4973-9bcb-7fa02f6bfea9:c997, 9f215ef2-7d46-4cda-b695-cae1b893f75f:c997]
2019-08-20 16:03:49,549 | INFO  | DNAudit | user=null | ip=null | op=WRITE_CHUNK {blockData=conID: 3 locID: 102650152704541093 bcsId: 996} | ret=SUCCESS |  
2019-08-20 16:03:49,549 | INFO  | DNAudit | user=null | ip=null | op=WRITE_CHUNK {blockData=conID: 3 locID: 102650152704541093 bcsId: 996} | ret=SUCCESS |  
2019-08-20 16:03:49,550 | INFO  | DNAudit | user=null | ip=null | op=PUT_BLOCK {blockData=[blockId=conID: 3 locID: 102650152704541093 bcsId: 0,size=4194304]} | ret=SUCCESS |  
2019-08-20 16:03:49,550 | INFO  | DNAudit | user=null | ip=null | op=PUT_BLOCK {blockData=[blockId=conID: 3 locID: 102650152704541093 bcsId: 0,size=4194304]} | ret=SUCCESS |  
2019-08-20 16:03:49,551 [grpc-default-executor-0] INFO  client.GrpcClientProtocolClient (GrpcClientProtocolClient.java:onNext(255)) - client-EAA342753240->9a4a4c23-9ff3-4ce3-a619-2c71c0869997: receive RaftClientReply:client-EAA342753240->9a4a4c23-9ff3-4ce3-a619-2c71c0869997@group-EC4211DF0353, cid=790, SUCCESS, logIndex=0, commits[9a4a4c23-9ff3-4ce3-a619-2c71c0869997:c1002, 9b0072ab-15b3-4973-9bcb-7fa02f6bfea9:c1000, 9f215ef2-7d46-4cda-b695-cae1b893f75f:c1000]
2019-08-20 16:03:49,557 | INFO  | DNAudit | user=null | ip=null | op=WRITE_CHUNK {blockData=conID: 1 locID: 102650152704541094 bcsId: 0} | ret=SUCCESS |  
2019-08-20 16:03:49,560 | INFO  | DNAudit | user=null | ip=null | op=WRITE_CHUNK {blockData=conID: 1 locID: 102650152704541094 bcsId: 0} | ret=SUCCESS |  
2019-08-20 16:03:49,560 | INFO  | DNAudit | user=null | ip=null | op=WRITE_CHUNK {blockData=conID: 1 locID: 102650152704541094 bcsId: 0} | ret=SUCCESS |  
2019-08-20 16:03:49,561 | INFO  | DNAudit | user=null | ip=null | op=WRITE_CHUNK {blockData=conID: 1 locID: 102650152704541094 bcsId: 0} | ret=SUCCESS |  
2019-08-20 16:03:49,562 | INFO  | DNAudit | user=null | ip=null | op=WRITE_CHUNK {blockData=conID: 1 locID: 102650152704541094 bcsId: 0} | ret=SUCCESS |  
2019-08-20 16:03:49,562 | INFO  | DNAudit | user=null | ip=null | op=PUT_BLOCK {blockData=[blockId=conID: 1 locID: 102650152704541094 bcsId: 0,size=1048576]} | ret=SUCCESS |  
2019-08-20 16:03:49,562 [grpc-default-executor-0] INFO  client.GrpcClientProtocolClient (GrpcClientProtocolClient.java:onNext(255)) - client-EAA342753240->9a4a4c23-9ff3-4ce3-a619-2c71c0869997: receive RaftClientReply:client-EAA342753240->9a4a4c23-9ff3-4ce3-a619-2c71c0869997@group-EC4211DF0353, cid=791, SUCCESS, logIndex=1003, commits[9a4a4c23-9ff3-4ce3-a619-2c71c0869997:c1004, 9b0072ab-15b3-4973-9bcb-7fa02f6bfea9:c1002, 9f215ef2-7d46-4cda-b695-cae1b893f75f:c1000]
2019-08-20 16:03:49,563 | INFO  | DNAudit | user=null | ip=null | op=WRITE_CHUNK {blockData=conID: 1 locID: 102650152704541094 bcsId: 0} | ret=SUCCESS |  
2019-08-20 16:03:49,563 | INFO  | DNAudit | user=null | ip=null | op=WRITE_CHUNK {blockData=conID: 1 locID: 102650152704541094 bcsId: 0} | ret=SUCCESS |  
2019-08-20 16:03:49,563 [grpc-default-executor-0] INFO  client.GrpcClientProtocolClient (GrpcClientProtocolClient.java:onNext(255)) - client-EAA342753240->9a4a4c23-9ff3-4ce3-a619-2c71c0869997: receive RaftClientReply:client-EAA342753240->9a4a4c23-9ff3-4ce3-a619-2c71c0869997@group-EC4211DF0353, cid=792, SUCCESS, logIndex=1004, commits[9a4a4c23-9ff3-4ce3-a619-2c71c0869997:c1004, 9b0072ab-15b3-4973-9bcb-7fa02f6bfea9:c1002, 9f215ef2-7d46-4cda-b695-cae1b893f75f:c1002]
2019-08-20 16:03:49,564 | INFO  | DNAudit | user=null | ip=null | op=WRITE_CHUNK {blockData=conID: 1 locID: 102650152704541094 bcsId: 0} | ret=SUCCESS |  
2019-08-20 16:03:49,565 | INFO  | DNAudit | user=null | ip=null | op=WRITE_CHUNK {blockData=conID: 1 locID: 102650152704541094 bcsId: 0} | ret=SUCCESS |  
2019-08-20 16:03:49,565 | INFO  | DNAudit | user=null | ip=null | op=PUT_BLOCK {blockData=[blockId=conID: 1 locID: 102650152704541094 bcsId: 0,size=1048576]} | ret=SUCCESS |  
2019-08-20 16:03:49,565 | INFO  | DNAudit | user=null | ip=null | op=PUT_BLOCK {blockData=[blockId=conID: 1 locID: 102650152704541094 bcsId: 0,size=2097152]} | ret=SUCCESS |  
2019-08-20 16:03:49,565 | INFO  | DNAudit | user=null | ip=null | op=WRITE_CHUNK {blockData=conID: 1 locID: 102650152704541094 bcsId: 0} | ret=SUCCESS |  
2019-08-20 16:03:49,565 [grpc-default-executor-5] INFO  client.GrpcClientProtocolClient (GrpcClientProtocolClient.java:onNext(255)) - client-EAA342753240->9a4a4c23-9ff3-4ce3-a619-2c71c0869997: receive RaftClientReply:client-EAA342753240->9a4a4c23-9ff3-4ce3-a619-2c71c0869997@group-EC4211DF0353, cid=793, SUCCESS, logIndex=1005, commits[9a4a4c23-9ff3-4ce3-a619-2c71c0869997:c1007, 9b0072ab-15b3-4973-9bcb-7fa02f6bfea9:c1004, 9f215ef2-7d46-4cda-b695-cae1b893f75f:c1002]
2019-08-20 16:03:49,566 | INFO  | DNAudit | user=null | ip=null | op=PUT_BLOCK {blockData=[blockId=conID: 1 locID: 102650152704541094 bcsId: 0,size=1048576]} | ret=SUCCESS |  
2019-08-20 16:03:49,566 [grpc-default-executor-5] INFO  client.GrpcClientProtocolClient (GrpcClientProtocolClient.java:onNext(255)) - client-EAA342753240->9a4a4c23-9ff3-4ce3-a619-2c71c0869997: receive RaftClientReply:client-EAA342753240->9a4a4c23-9ff3-4ce3-a619-2c71c0869997@group-EC4211DF0353, cid=794, SUCCESS, logIndex=1006, commits[9a4a4c23-9ff3-4ce3-a619-2c71c0869997:c1008, 9b0072ab-15b3-4973-9bcb-7fa02f6bfea9:c1004, 9f215ef2-7d46-4cda-b695-cae1b893f75f:c1003]
2019-08-20 16:03:49,566 | INFO  | DNAudit | user=null | ip=null | op=WRITE_CHUNK {blockData=conID: 1 locID: 102650152704541094 bcsId: 0} | ret=SUCCESS |  
2019-08-20 16:03:49,567 | INFO  | DNAudit | user=null | ip=null | op=WRITE_CHUNK {blockData=conID: 1 locID: 102650152704541094 bcsId: 0} | ret=SUCCESS |  
2019-08-20 16:03:49,567 | INFO  | DNAudit | user=null | ip=null | op=PUT_BLOCK {blockData=[blockId=conID: 1 locID: 102650152704541094 bcsId: 0,size=2097152]} | ret=SUCCESS |  
2019-08-20 16:03:49,567 [grpc-default-executor-5] INFO  client.GrpcClientProtocolClient (GrpcClientProtocolClient.java:onNext(255)) - client-EAA342753240->9a4a4c23-9ff3-4ce3-a619-2c71c0869997: receive RaftClientReply:client-EAA342753240->9a4a4c23-9ff3-4ce3-a619-2c71c0869997@group-EC4211DF0353, cid=795, SUCCESS, logIndex=0, commits[9a4a4c23-9ff3-4ce3-a619-2c71c0869997:c1009, 9b0072ab-15b3-4973-9bcb-7fa02f6bfea9:c1005, 9f215ef2-7d46-4cda-b695-cae1b893f75f:c1004]
2019-08-20 16:03:49,568 | INFO  | DNAudit | user=null | ip=null | op=PUT_BLOCK {blockData=[blockId=conID: 1 locID: 102650152704541094 bcsId: 0,size=2097152]} | ret=SUCCESS |  
2019-08-20 16:03:49,573 | INFO  | DNAudit | user=null | ip=null | op=WRITE_CHUNK {blockData=conID: 1 locID: 102650152704541094 bcsId: 1006} | ret=SUCCESS |  
2019-08-20 16:03:49,575 | INFO  | DNAudit | user=null | ip=null | op=WRITE_CHUNK {blockData=conID: 1 locID: 102650152704541094 bcsId: 1006} | ret=SUCCESS |  
2019-08-20 16:03:49,575 | INFO  | DNAudit | user=null | ip=null | op=WRITE_CHUNK {blockData=conID: 1 locID: 102650152704541094 bcsId: 1006} | ret=SUCCESS |  
2019-08-20 16:03:49,584 | INFO  | DNAudit | user=null | ip=null | op=WRITE_CHUNK {blockData=conID: 1 locID: 102650152704541094 bcsId: 1006} | ret=SUCCESS |  
2019-08-20 16:03:49,585 | INFO  | DNAudit | user=null | ip=null | op=PUT_BLOCK {blockData=[blockId=conID: 1 locID: 102650152704541094 bcsId: 0,size=3145728]} | ret=SUCCESS |  
2019-08-20 16:03:49,585 [grpc-default-executor-6] INFO  client.GrpcClientProtocolClient (GrpcClientProtocolClient.java:onNext(255)) - client-EAA342753240->9a4a4c23-9ff3-4ce3-a619-2c71c0869997: receive RaftClientReply:client-EAA342753240->9a4a4c23-9ff3-4ce3-a619-2c71c0869997@group-EC4211DF0353, cid=796, SUCCESS, logIndex=1011, commits[9a4a4c23-9ff3-4ce3-a619-2c71c0869997:c1012, 9b0072ab-15b3-4973-9bcb-7fa02f6bfea9:c1010, 9f215ef2-7d46-4cda-b695-cae1b893f75f:c1010]
2019-08-20 16:03:49,586 [grpc-default-executor-6] INFO  client.GrpcClientProtocolClient (GrpcClientProtocolClient.java:onNext(255)) - client-EAA342753240->9a4a4c23-9ff3-4ce3-a619-2c71c0869997: receive RaftClientReply:client-EAA342753240->9a4a4c23-9ff3-4ce3-a619-2c71c0869997@group-EC4211DF0353, cid=797, SUCCESS, logIndex=1012, commits[9a4a4c23-9ff3-4ce3-a619-2c71c0869997:c1012, 9b0072ab-15b3-4973-9bcb-7fa02f6bfea9:c1010, 9f215ef2-7d46-4cda-b695-cae1b893f75f:c1010]
2019-08-20 16:03:49,593 | INFO  | DNAudit | user=null | ip=null | op=WRITE_CHUNK {blockData=conID: 1 locID: 102650152704541094 bcsId: 1012} | ret=SUCCESS |  
2019-08-20 16:03:49,594 | INFO  | DNAudit | user=null | ip=null | op=WRITE_CHUNK {blockData=conID: 1 locID: 102650152704541094 bcsId: 1012} | ret=SUCCESS |  
2019-08-20 16:03:49,594 | INFO  | DNAudit | user=null | ip=null | op=WRITE_CHUNK {blockData=conID: 1 locID: 102650152704541094 bcsId: 1012} | ret=SUCCESS |  
2019-08-20 16:03:49,596 | INFO  | DNAudit | user=null | ip=null | op=WRITE_CHUNK {blockData=conID: 1 locID: 102650152704541094 bcsId: 1006} | ret=SUCCESS |  
2019-08-20 16:03:49,596 | INFO  | DNAudit | user=null | ip=null | op=WRITE_CHUNK {blockData=conID: 1 locID: 102650152704541094 bcsId: 1006} | ret=SUCCESS |  
2019-08-20 16:03:49,597 | INFO  | DNAudit | user=null | ip=null | op=PUT_BLOCK {blockData=[blockId=conID: 1 locID: 102650152704541094 bcsId: 0,size=3145728]} | ret=SUCCESS |  
2019-08-20 16:03:49,597 | INFO  | DNAudit | user=null | ip=null | op=PUT_BLOCK {blockData=[blockId=conID: 1 locID: 102650152704541094 bcsId: 0,size=3145728]} | ret=SUCCESS |  
2019-08-20 16:03:49,598 | INFO  | DNAudit | user=null | ip=null | op=WRITE_CHUNK {blockData=conID: 1 locID: 102650152704541094 bcsId: 1012} | ret=SUCCESS |  
2019-08-20 16:03:49,599 | INFO  | DNAudit | user=null | ip=null | op=PUT_BLOCK {blockData=[blockId=conID: 1 locID: 102650152704541094 bcsId: 0,size=4194304]} | ret=SUCCESS |  
2019-08-20 16:03:49,599 [grpc-default-executor-5] INFO  client.GrpcClientProtocolClient (GrpcClientProtocolClient.java:onNext(255)) - client-EAA342753240->9a4a4c23-9ff3-4ce3-a619-2c71c0869997: receive RaftClientReply:client-EAA342753240->9a4a4c23-9ff3-4ce3-a619-2c71c0869997@group-EC4211DF0353, cid=798, SUCCESS, logIndex=1015, commits[9a4a4c23-9ff3-4ce3-a619-2c71c0869997:c1016, 9b0072ab-15b3-4973-9bcb-7fa02f6bfea9:c1012, 9f215ef2-7d46-4cda-b695-cae1b893f75f:c1012]
2019-08-20 16:03:49,599 [grpc-default-executor-5] INFO  client.GrpcClientProtocolClient (GrpcClientProtocolClient.java:onNext(255)) - client-EAA342753240->9a4a4c23-9ff3-4ce3-a619-2c71c0869997: receive RaftClientReply:client-EAA342753240->9a4a4c23-9ff3-4ce3-a619-2c71c0869997@group-EC4211DF0353, cid=799, SUCCESS, logIndex=1016, commits[9a4a4c23-9ff3-4ce3-a619-2c71c0869997:c1016, 9b0072ab-15b3-4973-9bcb-7fa02f6bfea9:c1012, 9f215ef2-7d46-4cda-b695-cae1b893f75f:c1012]
2019-08-20 16:03:49,609 | INFO  | DNAudit | user=null | ip=null | op=WRITE_CHUNK {blockData=conID: 1 locID: 102650152704541094 bcsId: 1012} | ret=SUCCESS |  
2019-08-20 16:03:49,609 | INFO  | DNAudit | user=null | ip=null | op=WRITE_CHUNK {blockData=conID: 1 locID: 102650152704541094 bcsId: 1012} | ret=SUCCESS |  
2019-08-20 16:03:49,611 | INFO  | DNAudit | user=null | ip=null | op=PUT_BLOCK {blockData=[blockId=conID: 1 locID: 102650152704541094 bcsId: 0,size=4194304]} | ret=SUCCESS |  
2019-08-20 16:03:49,611 | INFO  | DNAudit | user=null | ip=null | op=PUT_BLOCK {blockData=[blockId=conID: 1 locID: 102650152704541094 bcsId: 0,size=4194304]} | ret=SUCCESS |  
2019-08-20 16:03:49,611 [grpc-default-executor-5] INFO  client.GrpcClientProtocolClient (GrpcClientProtocolClient.java:onNext(255)) - client-EAA342753240->9a4a4c23-9ff3-4ce3-a619-2c71c0869997: receive RaftClientReply:client-EAA342753240->9a4a4c23-9ff3-4ce3-a619-2c71c0869997@group-EC4211DF0353, cid=800, SUCCESS, logIndex=0, commits[9a4a4c23-9ff3-4ce3-a619-2c71c0869997:c1018, 9b0072ab-15b3-4973-9bcb-7fa02f6bfea9:c1016, 9f215ef2-7d46-4cda-b695-cae1b893f75f:c1016]
2019-08-20 16:03:49,618 | INFO  | DNAudit | user=null | ip=null | op=WRITE_CHUNK {blockData=conID: 2 locID: 102650152704606631 bcsId: 0} | ret=SUCCESS |  
2019-08-20 16:03:49,620 | INFO  | DNAudit | user=null | ip=null | op=WRITE_CHUNK {blockData=conID: 2 locID: 102650152704606631 bcsId: 0} | ret=SUCCESS |  
2019-08-20 16:03:49,620 | INFO  | DNAudit | user=null | ip=null | op=WRITE_CHUNK {blockData=conID: 2 locID: 102650152704606631 bcsId: 0} | ret=SUCCESS |  
2019-08-20 16:03:49,621 | INFO  | DNAudit | user=null | ip=null | op=WRITE_CHUNK {blockData=conID: 2 locID: 102650152704606631 bcsId: 0} | ret=SUCCESS |  
2019-08-20 16:03:49,622 | INFO  | DNAudit | user=null | ip=null | op=WRITE_CHUNK {blockData=conID: 2 locID: 102650152704606631 bcsId: 0} | ret=SUCCESS |  
2019-08-20 16:03:49,623 | INFO  | DNAudit | user=null | ip=null | op=WRITE_CHUNK {blockData=conID: 2 locID: 102650152704606631 bcsId: 0} | ret=SUCCESS |  
2019-08-20 16:03:49,700 | INFO  | DNAudit | user=null | ip=null | op=WRITE_CHUNK {blockData=conID: 2 locID: 102650152704606631 bcsId: 0} | ret=SUCCESS |  
2019-08-20 16:03:49,701 | INFO  | DNAudit | user=null | ip=null | op=PUT_BLOCK {blockData=[blockId=conID: 2 locID: 102650152704606631 bcsId: 0,size=1048576]} | ret=SUCCESS |  
2019-08-20 16:03:49,701 [grpc-default-executor-1] INFO  client.GrpcClientProtocolClient (GrpcClientProtocolClient.java:onNext(255)) - client-EAA342753240->9a4a4c23-9ff3-4ce3-a619-2c71c0869997: receive RaftClientReply:client-EAA342753240->9a4a4c23-9ff3-4ce3-a619-2c71c0869997@group-EC4211DF0353, cid=801, SUCCESS, logIndex=1019, commits[9a4a4c23-9ff3-4ce3-a619-2c71c0869997:c1020, 9b0072ab-15b3-4973-9bcb-7fa02f6bfea9:c1018, 9f215ef2-7d46-4cda-b695-cae1b893f75f:c1018]
2019-08-20 16:03:49,702 [grpc-default-executor-1] INFO  client.GrpcClientProtocolClient (GrpcClientProtocolClient.java:onNext(255)) - client-EAA342753240->9a4a4c23-9ff3-4ce3-a619-2c71c0869997: receive RaftClientReply:client-EAA342753240->9a4a4c23-9ff3-4ce3-a619-2c71c0869997@group-EC4211DF0353, cid=802, SUCCESS, logIndex=1020, commits[9a4a4c23-9ff3-4ce3-a619-2c71c0869997:c1020, 9b0072ab-15b3-4973-9bcb-7fa02f6bfea9:c1018, 9f215ef2-7d46-4cda-b695-cae1b893f75f:c1018]
2019-08-20 16:03:49,707 | INFO  | DNAudit | user=null | ip=null | op=WRITE_CHUNK {blockData=conID: 2 locID: 102650152704606631 bcsId: 0} | ret=SUCCESS |  
2019-08-20 16:03:49,708 | INFO  | DNAudit | user=null | ip=null | op=PUT_BLOCK {blockData=[blockId=conID: 2 locID: 102650152704606631 bcsId: 0,size=2097152]} | ret=SUCCESS |  
2019-08-20 16:03:49,708 [grpc-default-executor-1] INFO  client.GrpcClientProtocolClient (GrpcClientProtocolClient.java:onNext(255)) - client-EAA342753240->9a4a4c23-9ff3-4ce3-a619-2c71c0869997: receive RaftClientReply:client-EAA342753240->9a4a4c23-9ff3-4ce3-a619-2c71c0869997@group-EC4211DF0353, cid=803, SUCCESS, logIndex=1021, commits[9a4a4c23-9ff3-4ce3-a619-2c71c0869997:c1022, 9b0072ab-15b3-4973-9bcb-7fa02f6bfea9:c1018, 9f215ef2-7d46-4cda-b695-cae1b893f75f:c1018]
2019-08-20 16:03:49,709 [grpc-default-executor-1] INFO  client.GrpcClientProtocolClient (GrpcClientProtocolClient.java:onNext(255)) - client-EAA342753240->9a4a4c23-9ff3-4ce3-a619-2c71c0869997: receive RaftClientReply:client-EAA342753240->9a4a4c23-9ff3-4ce3-a619-2c71c0869997@group-EC4211DF0353, cid=804, SUCCESS, logIndex=1022, commits[9a4a4c23-9ff3-4ce3-a619-2c71c0869997:c1022, 9b0072ab-15b3-4973-9bcb-7fa02f6bfea9:c1018, 9f215ef2-7d46-4cda-b695-cae1b893f75f:c1018]
2019-08-20 16:03:49,709 | INFO  | DNAudit | user=null | ip=null | op=WRITE_CHUNK {blockData=conID: 2 locID: 102650152704606631 bcsId: 0} | ret=SUCCESS |  
2019-08-20 16:03:49,710 | INFO  | DNAudit | user=null | ip=null | op=WRITE_CHUNK {blockData=conID: 2 locID: 102650152704606631 bcsId: 0} | ret=SUCCESS |  
2019-08-20 16:03:49,710 | INFO  | DNAudit | user=null | ip=null | op=PUT_BLOCK {blockData=[blockId=conID: 2 locID: 102650152704606631 bcsId: 0,size=1048576]} | ret=SUCCESS |  
2019-08-20 16:03:49,710 | INFO  | DNAudit | user=null | ip=null | op=PUT_BLOCK {blockData=[blockId=conID: 2 locID: 102650152704606631 bcsId: 0,size=1048576]} | ret=SUCCESS |  
2019-08-20 16:03:49,710 | INFO  | DNAudit | user=null | ip=null | op=WRITE_CHUNK {blockData=conID: 2 locID: 102650152704606631 bcsId: 0} | ret=SUCCESS |  
2019-08-20 16:03:49,710 [grpc-default-executor-0] INFO  client.GrpcClientProtocolClient (GrpcClientProtocolClient.java:onNext(255)) - client-EAA342753240->9a4a4c23-9ff3-4ce3-a619-2c71c0869997: receive RaftClientReply:client-EAA342753240->9a4a4c23-9ff3-4ce3-a619-2c71c0869997@group-EC4211DF0353, cid=805, SUCCESS, logIndex=0, commits[9a4a4c23-9ff3-4ce3-a619-2c71c0869997:c1024, 9b0072ab-15b3-4973-9bcb-7fa02f6bfea9:c1020, 9f215ef2-7d46-4cda-b695-cae1b893f75f:c1020]
2019-08-20 16:03:49,711 | INFO  | DNAudit | user=null | ip=null | op=PUT_BLOCK {blockData=[blockId=conID: 2 locID: 102650152704606631 bcsId: 0,size=2097152]} | ret=SUCCESS |  
2019-08-20 16:03:49,711 | INFO  | DNAudit | user=null | ip=null | op=WRITE_CHUNK {blockData=conID: 2 locID: 102650152704606631 bcsId: 0} | ret=SUCCESS |  
2019-08-20 16:03:49,711 | INFO  | DNAudit | user=null | ip=null | op=PUT_BLOCK {blockData=[blockId=conID: 2 locID: 102650152704606631 bcsId: 0,size=2097152]} | ret=SUCCESS |  
2019-08-20 16:03:49,718 | INFO  | DNAudit | user=null | ip=null | op=WRITE_CHUNK {blockData=conID: 2 locID: 102650152704606631 bcsId: 1022} | ret=SUCCESS |  
2019-08-20 16:03:49,721 | INFO  | DNAudit | user=null | ip=null | op=WRITE_CHUNK {blockData=conID: 2 locID: 102650152704606631 bcsId: 1022} | ret=SUCCESS |  
2019-08-20 16:03:49,721 | INFO  | DNAudit | user=null | ip=null | op=WRITE_CHUNK {blockData=conID: 2 locID: 102650152704606631 bcsId: 1022} | ret=SUCCESS |  
2019-08-20 16:03:49,734 | INFO  | DNAudit | user=null | ip=null | op=WRITE_CHUNK {blockData=conID: 2 locID: 102650152704606631 bcsId: 1022} | ret=SUCCESS |  
2019-08-20 16:03:49,734 | INFO  | DNAudit | user=null | ip=null | op=PUT_BLOCK {blockData=[blockId=conID: 2 locID: 102650152704606631 bcsId: 0,size=3145728]} | ret=SUCCESS |  
2019-08-20 16:03:49,735 | INFO  | DNAudit | user=null | ip=null | op=WRITE_CHUNK {blockData=conID: 2 locID: 102650152704606631 bcsId: 1022} | ret=SUCCESS |  
2019-08-20 16:03:49,735 [grpc-default-executor-5] INFO  client.GrpcClientProtocolClient (GrpcClientProtocolClient.java:onNext(255)) - client-EAA342753240->9a4a4c23-9ff3-4ce3-a619-2c71c0869997: receive RaftClientReply:client-EAA342753240->9a4a4c23-9ff3-4ce3-a619-2c71c0869997@group-EC4211DF0353, cid=806, SUCCESS, logIndex=1027, commits[9a4a4c23-9ff3-4ce3-a619-2c71c0869997:c1028, 9b0072ab-15b3-4973-9bcb-7fa02f6bfea9:c1026, 9f215ef2-7d46-4cda-b695-cae1b893f75f:c1026]
2019-08-20 16:03:49,735 | INFO  | DNAudit | user=null | ip=null | op=PUT_BLOCK {blockData=[blockId=conID: 2 locID: 102650152704606631 bcsId: 0,size=3145728]} | ret=SUCCESS |  
2019-08-20 16:03:49,735 | INFO  | DNAudit | user=null | ip=null | op=WRITE_CHUNK {blockData=conID: 2 locID: 102650152704606631 bcsId: 1022} | ret=SUCCESS |  
2019-08-20 16:03:49,735 [grpc-default-executor-1] INFO  client.GrpcClientProtocolClient (GrpcClientProtocolClient.java:onNext(255)) - client-EAA342753240->9a4a4c23-9ff3-4ce3-a619-2c71c0869997: receive RaftClientReply:client-EAA342753240->9a4a4c23-9ff3-4ce3-a619-2c71c0869997@group-EC4211DF0353, cid=807, SUCCESS, logIndex=1028, commits[9a4a4c23-9ff3-4ce3-a619-2c71c0869997:c1028, 9b0072ab-15b3-4973-9bcb-7fa02f6bfea9:c1026, 9f215ef2-7d46-4cda-b695-cae1b893f75f:c1026]
2019-08-20 16:03:49,736 | INFO  | DNAudit | user=null | ip=null | op=PUT_BLOCK {blockData=[blockId=conID: 2 locID: 102650152704606631 bcsId: 0,size=3145728]} | ret=SUCCESS |  
2019-08-20 16:03:49,935 | INFO  | DNAudit | user=null | ip=null | op=WRITE_CHUNK {blockData=conID: 2 locID: 102650152704606631 bcsId: 1028} | ret=SUCCESS |  
2019-08-20 16:03:49,938 | INFO  | DNAudit | user=null | ip=null | op=WRITE_CHUNK {blockData=conID: 2 locID: 102650152704606631 bcsId: 1028} | ret=SUCCESS |  
2019-08-20 16:03:49,938 | INFO  | DNAudit | user=null | ip=null | op=WRITE_CHUNK {blockData=conID: 2 locID: 102650152704606631 bcsId: 1028} | ret=SUCCESS |  
2019-08-20 16:03:49,953 | INFO  | DNAudit | user=null | ip=null | op=WRITE_CHUNK {blockData=conID: 2 locID: 102650152704606631 bcsId: 1028} | ret=SUCCESS |  
2019-08-20 16:03:49,953 | INFO  | DNAudit | user=null | ip=null | op=PUT_BLOCK {blockData=[blockId=conID: 2 locID: 102650152704606631 bcsId: 0,size=4194304]} | ret=SUCCESS |  
2019-08-20 16:03:49,953 [grpc-default-executor-5] INFO  client.GrpcClientProtocolClient (GrpcClientProtocolClient.java:onNext(255)) - client-EAA342753240->9a4a4c23-9ff3-4ce3-a619-2c71c0869997: receive RaftClientReply:client-EAA342753240->9a4a4c23-9ff3-4ce3-a619-2c71c0869997@group-EC4211DF0353, cid=808, SUCCESS, logIndex=1031, commits[9a4a4c23-9ff3-4ce3-a619-2c71c0869997:c1032, 9b0072ab-15b3-4973-9bcb-7fa02f6bfea9:c1030, 9f215ef2-7d46-4cda-b695-cae1b893f75f:c1030]
2019-08-20 16:03:49,954 [grpc-default-executor-5] INFO  client.GrpcClientProtocolClient (GrpcClientProtocolClient.java:onNext(255)) - client-EAA342753240->9a4a4c23-9ff3-4ce3-a619-2c71c0869997: receive RaftClientReply:client-EAA342753240->9a4a4c23-9ff3-4ce3-a619-2c71c0869997@group-EC4211DF0353, cid=809, SUCCESS, logIndex=1032, commits[9a4a4c23-9ff3-4ce3-a619-2c71c0869997:c1032, 9b0072ab-15b3-4973-9bcb-7fa02f6bfea9:c1030, 9f215ef2-7d46-4cda-b695-cae1b893f75f:c1030]
2019-08-20 16:03:49,969 | INFO  | DNAudit | user=null | ip=null | op=WRITE_CHUNK {blockData=conID: 2 locID: 102650152704606631 bcsId: 1028} | ret=SUCCESS |  
2019-08-20 16:03:49,969 | INFO  | DNAudit | user=null | ip=null | op=WRITE_CHUNK {blockData=conID: 2 locID: 102650152704606631 bcsId: 1028} | ret=SUCCESS |  
2019-08-20 16:03:49,970 | INFO  | DNAudit | user=null | ip=null | op=PUT_BLOCK {blockData=[blockId=conID: 2 locID: 102650152704606631 bcsId: 0,size=4194304]} | ret=SUCCESS |  
2019-08-20 16:03:49,970 | INFO  | DNAudit | user=null | ip=null | op=PUT_BLOCK {blockData=[blockId=conID: 2 locID: 102650152704606631 bcsId: 0,size=4194304]} | ret=SUCCESS |  
2019-08-20 16:03:49,970 [grpc-default-executor-1] INFO  client.GrpcClientProtocolClient (GrpcClientProtocolClient.java:onNext(255)) - client-EAA342753240->9a4a4c23-9ff3-4ce3-a619-2c71c0869997: receive RaftClientReply:client-EAA342753240->9a4a4c23-9ff3-4ce3-a619-2c71c0869997@group-EC4211DF0353, cid=810, SUCCESS, logIndex=0, commits[9a4a4c23-9ff3-4ce3-a619-2c71c0869997:c1033, 9b0072ab-15b3-4973-9bcb-7fa02f6bfea9:c1032, 9f215ef2-7d46-4cda-b695-cae1b893f75f:c1032]
2019-08-20 16:03:49,977 | INFO  | DNAudit | user=null | ip=null | op=WRITE_CHUNK {blockData=conID: 3 locID: 102650152704606632 bcsId: 0} | ret=SUCCESS |  
2019-08-20 16:03:49,979 | INFO  | DNAudit | user=null | ip=null | op=WRITE_CHUNK {blockData=conID: 3 locID: 102650152704606632 bcsId: 0} | ret=SUCCESS |  
2019-08-20 16:03:49,980 | INFO  | DNAudit | user=null | ip=null | op=WRITE_CHUNK {blockData=conID: 3 locID: 102650152704606632 bcsId: 0} | ret=SUCCESS |  
2019-08-20 16:03:49,981 | INFO  | DNAudit | user=null | ip=null | op=WRITE_CHUNK {blockData=conID: 3 locID: 102650152704606632 bcsId: 0} | ret=SUCCESS |  
2019-08-20 16:03:49,982 | INFO  | DNAudit | user=null | ip=null | op=WRITE_CHUNK {blockData=conID: 3 locID: 102650152704606632 bcsId: 0} | ret=SUCCESS |  
2019-08-20 16:03:49,982 | INFO  | DNAudit | user=null | ip=null | op=WRITE_CHUNK {blockData=conID: 3 locID: 102650152704606632 bcsId: 0} | ret=SUCCESS |  
2019-08-20 16:03:49,993 | INFO  | DNAudit | user=null | ip=null | op=WRITE_CHUNK {blockData=conID: 3 locID: 102650152704606632 bcsId: 0} | ret=SUCCESS |  
2019-08-20 16:03:49,994 | INFO  | DNAudit | user=null | ip=null | op=PUT_BLOCK {blockData=[blockId=conID: 3 locID: 102650152704606632 bcsId: 0,size=1048576]} | ret=SUCCESS |  
2019-08-20 16:03:49,994 [grpc-default-executor-5] INFO  client.GrpcClientProtocolClient (GrpcClientProtocolClient.java:onNext(255)) - client-EAA342753240->9a4a4c23-9ff3-4ce3-a619-2c71c0869997: receive RaftClientReply:client-EAA342753240->9a4a4c23-9ff3-4ce3-a619-2c71c0869997@group-EC4211DF0353, cid=811, SUCCESS, logIndex=1035, commits[9a4a4c23-9ff3-4ce3-a619-2c71c0869997:c1037, 9b0072ab-15b3-4973-9bcb-7fa02f6bfea9:c1034, 9f215ef2-7d46-4cda-b695-cae1b893f75f:c1034]
2019-08-20 16:03:49,994 | INFO  | DNAudit | user=null | ip=null | op=WRITE_CHUNK {blockData=conID: 3 locID: 102650152704606632 bcsId: 0} | ret=SUCCESS |  
2019-08-20 16:03:49,995 | INFO  | DNAudit | user=null | ip=null | op=PUT_BLOCK {blockData=[blockId=conID: 3 locID: 102650152704606632 bcsId: 0,size=2097152]} | ret=SUCCESS |  
2019-08-20 16:03:49,995 [grpc-default-executor-5] INFO  client.GrpcClientProtocolClient (GrpcClientProtocolClient.java:onNext(255)) - client-EAA342753240->9a4a4c23-9ff3-4ce3-a619-2c71c0869997: receive RaftClientReply:client-EAA342753240->9a4a4c23-9ff3-4ce3-a619-2c71c0869997@group-EC4211DF0353, cid=812, SUCCESS, logIndex=1036, commits[9a4a4c23-9ff3-4ce3-a619-2c71c0869997:c1038, 9b0072ab-15b3-4973-9bcb-7fa02f6bfea9:c1034, 9f215ef2-7d46-4cda-b695-cae1b893f75f:c1034]
2019-08-20 16:03:49,995 [grpc-default-executor-5] INFO  client.GrpcClientProtocolClient (GrpcClientProtocolClient.java:onNext(255)) - client-EAA342753240->9a4a4c23-9ff3-4ce3-a619-2c71c0869997: receive RaftClientReply:client-EAA342753240->9a4a4c23-9ff3-4ce3-a619-2c71c0869997@group-EC4211DF0353, cid=813, SUCCESS, logIndex=1037, commits[9a4a4c23-9ff3-4ce3-a619-2c71c0869997:c1038, 9b0072ab-15b3-4973-9bcb-7fa02f6bfea9:c1034, 9f215ef2-7d46-4cda-b695-cae1b893f75f:c1034]
2019-08-20 16:03:49,995 [grpc-default-executor-5] INFO  client.GrpcClientProtocolClient (GrpcClientProtocolClient.java:onNext(255)) - client-EAA342753240->9a4a4c23-9ff3-4ce3-a619-2c71c0869997: receive RaftClientReply:client-EAA342753240->9a4a4c23-9ff3-4ce3-a619-2c71c0869997@group-EC4211DF0353, cid=814, SUCCESS, logIndex=1038, commits[9a4a4c23-9ff3-4ce3-a619-2c71c0869997:c1038, 9b0072ab-15b3-4973-9bcb-7fa02f6bfea9:c1034, 9f215ef2-7d46-4cda-b695-cae1b893f75f:c1034]
2019-08-20 16:03:50,008 | INFO  | DNAudit | user=null | ip=null | op=WRITE_CHUNK {blockData=conID: 3 locID: 102650152704606632 bcsId: 0} | ret=SUCCESS |  
2019-08-20 16:03:50,008 | INFO  | DNAudit | user=null | ip=null | op=WRITE_CHUNK {blockData=conID: 3 locID: 102650152704606632 bcsId: 0} | ret=SUCCESS |  
2019-08-20 16:03:50,009 | INFO  | DNAudit | user=null | ip=null | op=PUT_BLOCK {blockData=[blockId=conID: 3 locID: 102650152704606632 bcsId: 0,size=1048576]} | ret=SUCCESS |  
2019-08-20 16:03:50,019 | INFO  | DNAudit | user=null | ip=null | op=PUT_BLOCK {blockData=[blockId=conID: 3 locID: 102650152704606632 bcsId: 0,size=1048576]} | ret=SUCCESS |  
2019-08-20 16:03:50,020 | INFO  | DNAudit | user=null | ip=null | op=WRITE_CHUNK {blockData=conID: 3 locID: 102650152704606632 bcsId: 0} | ret=SUCCESS |  
2019-08-20 16:03:50,020 | INFO  | DNAudit | user=null | ip=null | op=WRITE_CHUNK {blockData=conID: 3 locID: 102650152704606632 bcsId: 0} | ret=SUCCESS |  
2019-08-20 16:03:50,020 | INFO  | DNAudit | user=null | ip=null | op=PUT_BLOCK {blockData=[blockId=conID: 3 locID: 102650152704606632 bcsId: 0,size=2097152]} | ret=SUCCESS |  
2019-08-20 16:03:50,020 | INFO  | DNAudit | user=null | ip=null | op=PUT_BLOCK {blockData=[blockId=conID: 3 locID: 102650152704606632 bcsId: 0,size=2097152]} | ret=SUCCESS |  
2019-08-20 16:03:50,021 [grpc-default-executor-6] INFO  client.GrpcClientProtocolClient (GrpcClientProtocolClient.java:onNext(255)) - client-EAA342753240->9a4a4c23-9ff3-4ce3-a619-2c71c0869997: receive RaftClientReply:client-EAA342753240->9a4a4c23-9ff3-4ce3-a619-2c71c0869997@group-EC4211DF0353, cid=815, SUCCESS, logIndex=0, commits[9a4a4c23-9ff3-4ce3-a619-2c71c0869997:c1039, 9b0072ab-15b3-4973-9bcb-7fa02f6bfea9:c1036, 9f215ef2-7d46-4cda-b695-cae1b893f75f:c1036]
2019-08-20 16:03:50,028 | INFO  | DNAudit | user=null | ip=null | op=WRITE_CHUNK {blockData=conID: 3 locID: 102650152704606632 bcsId: 1038} | ret=SUCCESS |  
2019-08-20 16:03:50,031 | INFO  | DNAudit | user=null | ip=null | op=WRITE_CHUNK {blockData=conID: 3 locID: 102650152704606632 bcsId: 1038} | ret=SUCCESS |  
2019-08-20 16:03:50,031 | INFO  | DNAudit | user=null | ip=null | op=WRITE_CHUNK {blockData=conID: 3 locID: 102650152704606632 bcsId: 1038} | ret=SUCCESS |  
2019-08-20 16:03:50,033 | INFO  | DNAudit | user=null | ip=null | op=WRITE_CHUNK {blockData=conID: 3 locID: 102650152704606632 bcsId: 1038} | ret=SUCCESS |  
2019-08-20 16:03:50,034 | INFO  | DNAudit | user=null | ip=null | op=PUT_BLOCK {blockData=[blockId=conID: 3 locID: 102650152704606632 bcsId: 0,size=3145728]} | ret=SUCCESS |  
2019-08-20 16:03:50,034 [grpc-default-executor-5] INFO  client.GrpcClientProtocolClient (GrpcClientProtocolClient.java:onNext(255)) - client-EAA342753240->9a4a4c23-9ff3-4ce3-a619-2c71c0869997: receive RaftClientReply:client-EAA342753240->9a4a4c23-9ff3-4ce3-a619-2c71c0869997@group-EC4211DF0353, cid=816, SUCCESS, logIndex=1043, commits[9a4a4c23-9ff3-4ce3-a619-2c71c0869997:c1044, 9b0072ab-15b3-4973-9bcb-7fa02f6bfea9:c1042, 9f215ef2-7d46-4cda-b695-cae1b893f75f:c1042]
2019-08-20 16:03:50,034 [grpc-default-executor-5] INFO  client.GrpcClientProtocolClient (GrpcClientProtocolClient.java:onNext(255)) - client-EAA342753240->9a4a4c23-9ff3-4ce3-a619-2c71c0869997: receive RaftClientReply:client-EAA342753240->9a4a4c23-9ff3-4ce3-a619-2c71c0869997@group-EC4211DF0353, cid=817, SUCCESS, logIndex=1044, commits[9a4a4c23-9ff3-4ce3-a619-2c71c0869997:c1044, 9b0072ab-15b3-4973-9bcb-7fa02f6bfea9:c1042, 9f215ef2-7d46-4cda-b695-cae1b893f75f:c1042]
2019-08-20 16:03:50,039 | INFO  | DNAudit | user=null | ip=null | op=WRITE_CHUNK {blockData=conID: 3 locID: 102650152704606632 bcsId: 1038} | ret=SUCCESS |  
2019-08-20 16:03:50,039 | INFO  | DNAudit | user=null | ip=null | op=WRITE_CHUNK {blockData=conID: 3 locID: 102650152704606632 bcsId: 1038} | ret=SUCCESS |  
2019-08-20 16:03:50,040 | INFO  | DNAudit | user=null | ip=null | op=PUT_BLOCK {blockData=[blockId=conID: 3 locID: 102650152704606632 bcsId: 0,size=3145728]} | ret=SUCCESS |  
2019-08-20 16:03:50,040 | INFO  | DNAudit | user=null | ip=null | op=PUT_BLOCK {blockData=[blockId=conID: 3 locID: 102650152704606632 bcsId: 0,size=3145728]} | ret=SUCCESS |  
2019-08-20 16:03:50,041 | INFO  | DNAudit | user=null | ip=null | op=WRITE_CHUNK {blockData=conID: 3 locID: 102650152704606632 bcsId: 1044} | ret=SUCCESS |  
2019-08-20 16:03:50,044 | INFO  | DNAudit | user=null | ip=null | op=WRITE_CHUNK {blockData=conID: 3 locID: 102650152704606632 bcsId: 1044} | ret=SUCCESS |  
2019-08-20 16:03:50,044 | INFO  | DNAudit | user=null | ip=null | op=WRITE_CHUNK {blockData=conID: 3 locID: 102650152704606632 bcsId: 1044} | ret=SUCCESS |  
2019-08-20 16:03:50,048 | INFO  | DNAudit | user=null | ip=null | op=WRITE_CHUNK {blockData=conID: 3 locID: 102650152704606632 bcsId: 1044} | ret=SUCCESS |  
2019-08-20 16:03:50,048 | INFO  | DNAudit | user=null | ip=null | op=PUT_BLOCK {blockData=[blockId=conID: 3 locID: 102650152704606632 bcsId: 0,size=4194304]} | ret=SUCCESS |  
2019-08-20 16:03:50,048 [grpc-default-executor-1] INFO  client.GrpcClientProtocolClient (GrpcClientProtocolClient.java:onNext(255)) - client-EAA342753240->9a4a4c23-9ff3-4ce3-a619-2c71c0869997: receive RaftClientReply:client-EAA342753240->9a4a4c23-9ff3-4ce3-a619-2c71c0869997@group-EC4211DF0353, cid=818, SUCCESS, logIndex=1047, commits[9a4a4c23-9ff3-4ce3-a619-2c71c0869997:c1048, 9b0072ab-15b3-4973-9bcb-7fa02f6bfea9:c1046, 9f215ef2-7d46-4cda-b695-cae1b893f75f:c1046]
2019-08-20 16:03:50,049 [grpc-default-executor-1] INFO  client.GrpcClientProtocolClient (GrpcClientProtocolClient.java:onNext(255)) - client-EAA342753240->9a4a4c23-9ff3-4ce3-a619-2c71c0869997: receive RaftClientReply:client-EAA342753240->9a4a4c23-9ff3-4ce3-a619-2c71c0869997@group-EC4211DF0353, cid=819, SUCCESS, logIndex=1048, commits[9a4a4c23-9ff3-4ce3-a619-2c71c0869997:c1048, 9b0072ab-15b3-4973-9bcb-7fa02f6bfea9:c1046, 9f215ef2-7d46-4cda-b695-cae1b893f75f:c1046]
2019-08-20 16:03:50,054 | INFO  | DNAudit | user=null | ip=null | op=WRITE_CHUNK {blockData=conID: 3 locID: 102650152704606632 bcsId: 1044} | ret=SUCCESS |  
2019-08-20 16:03:50,054 | INFO  | DNAudit | user=null | ip=null | op=WRITE_CHUNK {blockData=conID: 3 locID: 102650152704606632 bcsId: 1044} | ret=SUCCESS |  
2019-08-20 16:03:50,055 | INFO  | DNAudit | user=null | ip=null | op=PUT_BLOCK {blockData=[blockId=conID: 3 locID: 102650152704606632 bcsId: 0,size=4194304]} | ret=SUCCESS |  
2019-08-20 16:03:50,055 | INFO  | DNAudit | user=null | ip=null | op=PUT_BLOCK {blockData=[blockId=conID: 3 locID: 102650152704606632 bcsId: 0,size=4194304]} | ret=SUCCESS |  
2019-08-20 16:03:50,056 [grpc-default-executor-6] INFO  client.GrpcClientProtocolClient (GrpcClientProtocolClient.java:onNext(255)) - client-EAA342753240->9a4a4c23-9ff3-4ce3-a619-2c71c0869997: receive RaftClientReply:client-EAA342753240->9a4a4c23-9ff3-4ce3-a619-2c71c0869997@group-EC4211DF0353, cid=820, SUCCESS, logIndex=0, commits[9a4a4c23-9ff3-4ce3-a619-2c71c0869997:c1049, 9b0072ab-15b3-4973-9bcb-7fa02f6bfea9:c1048, 9f215ef2-7d46-4cda-b695-cae1b893f75f:c1048]
2019-08-20 16:03:50,064 | INFO  | DNAudit | user=null | ip=null | op=WRITE_CHUNK {blockData=conID: 1 locID: 102650152704606633 bcsId: 0} | ret=SUCCESS |  
2019-08-20 16:03:50,066 | INFO  | DNAudit | user=null | ip=null | op=WRITE_CHUNK {blockData=conID: 1 locID: 102650152704606633 bcsId: 0} | ret=SUCCESS |  
2019-08-20 16:03:50,066 | INFO  | DNAudit | user=null | ip=null | op=WRITE_CHUNK {blockData=conID: 1 locID: 102650152704606633 bcsId: 0} | ret=SUCCESS |  
2019-08-20 16:03:50,067 | INFO  | DNAudit | user=null | ip=null | op=WRITE_CHUNK {blockData=conID: 1 locID: 102650152704606633 bcsId: 0} | ret=SUCCESS |  
2019-08-20 16:03:50,068 | INFO  | DNAudit | user=null | ip=null | op=WRITE_CHUNK {blockData=conID: 1 locID: 102650152704606633 bcsId: 0} | ret=SUCCESS |  
2019-08-20 16:03:50,069 | INFO  | DNAudit | user=null | ip=null | op=WRITE_CHUNK {blockData=conID: 1 locID: 102650152704606633 bcsId: 0} | ret=SUCCESS |  
2019-08-20 16:03:50,077 | INFO  | SCMAudit | user=jenkins1000 | ip=192.168.69.96 | op=SEND_HEARTBEAT {datanodeUUID=69f203df-fb09-400b-ac11-cd7a56dd70a5, command=[]} | ret=SUCCESS |  
2019-08-20 16:03:50,078 | INFO  | DNAudit | user=null | ip=null | op=WRITE_CHUNK {blockData=conID: 1 locID: 102650152704606633 bcsId: 0} | ret=SUCCESS |  
2019-08-20 16:03:50,079 | INFO  | DNAudit | user=null | ip=null | op=PUT_BLOCK {blockData=[blockId=conID: 1 locID: 102650152704606633 bcsId: 0,size=1048576]} | ret=SUCCESS |  
2019-08-20 16:03:50,079 [grpc-default-executor-6] INFO  client.GrpcClientProtocolClient (GrpcClientProtocolClient.java:onNext(255)) - client-EAA342753240->9a4a4c23-9ff3-4ce3-a619-2c71c0869997: receive RaftClientReply:client-EAA342753240->9a4a4c23-9ff3-4ce3-a619-2c71c0869997@group-EC4211DF0353, cid=821, SUCCESS, logIndex=1051, commits[9a4a4c23-9ff3-4ce3-a619-2c71c0869997:c1054, 9b0072ab-15b3-4973-9bcb-7fa02f6bfea9:c1050, 9f215ef2-7d46-4cda-b695-cae1b893f75f:c1050]
2019-08-20 16:03:50,079 | INFO  | DNAudit | user=null | ip=null | op=WRITE_CHUNK {blockData=conID: 1 locID: 102650152704606633 bcsId: 0} | ret=SUCCESS |  
2019-08-20 16:03:50,080 | INFO  | DNAudit | user=null | ip=null | op=PUT_BLOCK {blockData=[blockId=conID: 1 locID: 102650152704606633 bcsId: 0,size=2097152]} | ret=SUCCESS |  
2019-08-20 16:03:50,080 [grpc-default-executor-6] INFO  client.GrpcClientProtocolClient (GrpcClientProtocolClient.java:onNext(255)) - client-EAA342753240->9a4a4c23-9ff3-4ce3-a619-2c71c0869997: receive RaftClientReply:client-EAA342753240->9a4a4c23-9ff3-4ce3-a619-2c71c0869997@group-EC4211DF0353, cid=822, SUCCESS, logIndex=1052, commits[9a4a4c23-9ff3-4ce3-a619-2c71c0869997:c1054, 9b0072ab-15b3-4973-9bcb-7fa02f6bfea9:c1050, 9f215ef2-7d46-4cda-b695-cae1b893f75f:c1050]
2019-08-20 16:03:50,080 | INFO  | DNAudit | user=null | ip=null | op=WRITE_CHUNK {blockData=conID: 1 locID: 102650152704606633 bcsId: 0} | ret=SUCCESS |  
2019-08-20 16:03:50,080 [grpc-default-executor-6] INFO  client.GrpcClientProtocolClient (GrpcClientProtocolClient.java:onNext(255)) - client-EAA342753240->9a4a4c23-9ff3-4ce3-a619-2c71c0869997: receive RaftClientReply:client-EAA342753240->9a4a4c23-9ff3-4ce3-a619-2c71c0869997@group-EC4211DF0353, cid=823, SUCCESS, logIndex=1053, commits[9a4a4c23-9ff3-4ce3-a619-2c71c0869997:c1054, 9b0072ab-15b3-4973-9bcb-7fa02f6bfea9:c1050, 9f215ef2-7d46-4cda-b695-cae1b893f75f:c1050]
2019-08-20 16:03:50,080 [grpc-default-executor-6] INFO  client.GrpcClientProtocolClient (GrpcClientProtocolClient.java:onNext(255)) - client-EAA342753240->9a4a4c23-9ff3-4ce3-a619-2c71c0869997: receive RaftClientReply:client-EAA342753240->9a4a4c23-9ff3-4ce3-a619-2c71c0869997@group-EC4211DF0353, cid=824, SUCCESS, logIndex=1054, commits[9a4a4c23-9ff3-4ce3-a619-2c71c0869997:c1054, 9b0072ab-15b3-4973-9bcb-7fa02f6bfea9:c1050, 9f215ef2-7d46-4cda-b695-cae1b893f75f:c1050]
2019-08-20 16:03:50,081 | INFO  | DNAudit | user=null | ip=null | op=WRITE_CHUNK {blockData=conID: 1 locID: 102650152704606633 bcsId: 0} | ret=SUCCESS |  
2019-08-20 16:03:50,081 | INFO  | DNAudit | user=null | ip=null | op=PUT_BLOCK {blockData=[blockId=conID: 1 locID: 102650152704606633 bcsId: 0,size=1048576]} | ret=SUCCESS |  
2019-08-20 16:03:50,081 | INFO  | DNAudit | user=null | ip=null | op=PUT_BLOCK {blockData=[blockId=conID: 1 locID: 102650152704606633 bcsId: 0,size=1048576]} | ret=SUCCESS |  
2019-08-20 16:03:50,081 | INFO  | DNAudit | user=null | ip=null | op=WRITE_CHUNK {blockData=conID: 1 locID: 102650152704606633 bcsId: 0} | ret=SUCCESS |  
2019-08-20 16:03:50,081 | INFO  | DNAudit | user=null | ip=null | op=WRITE_CHUNK {blockData=conID: 1 locID: 102650152704606633 bcsId: 0} | ret=SUCCESS |  
2019-08-20 16:03:50,082 | INFO  | DNAudit | user=null | ip=null | op=PUT_BLOCK {blockData=[blockId=conID: 1 locID: 102650152704606633 bcsId: 0,size=2097152]} | ret=SUCCESS |  
2019-08-20 16:03:50,082 | INFO  | DNAudit | user=null | ip=null | op=PUT_BLOCK {blockData=[blockId=conID: 1 locID: 102650152704606633 bcsId: 0,size=2097152]} | ret=SUCCESS |  
2019-08-20 16:03:50,082 [grpc-default-executor-6] INFO  client.GrpcClientProtocolClient (GrpcClientProtocolClient.java:onNext(255)) - client-EAA342753240->9a4a4c23-9ff3-4ce3-a619-2c71c0869997: receive RaftClientReply:client-EAA342753240->9a4a4c23-9ff3-4ce3-a619-2c71c0869997@group-EC4211DF0353, cid=825, SUCCESS, logIndex=0, commits[9a4a4c23-9ff3-4ce3-a619-2c71c0869997:c1058, 9b0072ab-15b3-4973-9bcb-7fa02f6bfea9:c1052, 9f215ef2-7d46-4cda-b695-cae1b893f75f:c1054]
2019-08-20 16:03:50,089 | INFO  | DNAudit | user=null | ip=null | op=WRITE_CHUNK {blockData=conID: 1 locID: 102650152704606633 bcsId: 1054} | ret=SUCCESS |  
2019-08-20 16:03:50,090 | INFO  | DNAudit | user=null | ip=null | op=WRITE_CHUNK {blockData=conID: 1 locID: 102650152704606633 bcsId: 1054} | ret=SUCCESS |  
2019-08-20 16:03:50,090 | INFO  | DNAudit | user=null | ip=null | op=WRITE_CHUNK {blockData=conID: 1 locID: 102650152704606633 bcsId: 1054} | ret=SUCCESS |  
2019-08-20 16:03:50,102 | INFO  | DNAudit | user=null | ip=null | op=WRITE_CHUNK {blockData=conID: 1 locID: 102650152704606633 bcsId: 1054} | ret=SUCCESS |  
2019-08-20 16:03:50,103 | INFO  | DNAudit | user=null | ip=null | op=PUT_BLOCK {blockData=[blockId=conID: 1 locID: 102650152704606633 bcsId: 0,size=3145728]} | ret=SUCCESS |  
2019-08-20 16:03:50,103 [grpc-default-executor-1] INFO  client.GrpcClientProtocolClient (GrpcClientProtocolClient.java:onNext(255)) - client-EAA342753240->9a4a4c23-9ff3-4ce3-a619-2c71c0869997: receive RaftClientReply:client-EAA342753240->9a4a4c23-9ff3-4ce3-a619-2c71c0869997@group-EC4211DF0353, cid=826, SUCCESS, logIndex=1059, commits[9a4a4c23-9ff3-4ce3-a619-2c71c0869997:c1060, 9b0072ab-15b3-4973-9bcb-7fa02f6bfea9:c1058, 9f215ef2-7d46-4cda-b695-cae1b893f75f:c1058]
2019-08-20 16:03:50,103 [grpc-default-executor-1] INFO  client.GrpcClientProtocolClient (GrpcClientProtocolClient.java:onNext(255)) - client-EAA342753240->9a4a4c23-9ff3-4ce3-a619-2c71c0869997: receive RaftClientReply:client-EAA342753240->9a4a4c23-9ff3-4ce3-a619-2c71c0869997@group-EC4211DF0353, cid=827, SUCCESS, logIndex=1060, commits[9a4a4c23-9ff3-4ce3-a619-2c71c0869997:c1060, 9b0072ab-15b3-4973-9bcb-7fa02f6bfea9:c1058, 9f215ef2-7d46-4cda-b695-cae1b893f75f:c1058]
2019-08-20 16:03:50,109 | INFO  | SCMAudit | user=jenkins1000 | ip=192.168.69.96 | op=SEND_HEARTBEAT {datanodeUUID=f1afe498-2778-451e-a3e4-8199ec337a15, command=[]} | ret=SUCCESS |  
2019-08-20 16:03:50,110 | INFO  | DNAudit | user=null | ip=null | op=WRITE_CHUNK {blockData=conID: 1 locID: 102650152704606633 bcsId: 1060} | ret=SUCCESS |  
2019-08-20 16:03:50,112 | INFO  | DNAudit | user=null | ip=null | op=WRITE_CHUNK {blockData=conID: 1 locID: 102650152704606633 bcsId: 1060} | ret=SUCCESS |  
2019-08-20 16:03:50,112 | INFO  | DNAudit | user=null | ip=null | op=WRITE_CHUNK {blockData=conID: 1 locID: 102650152704606633 bcsId: 1060} | ret=SUCCESS |  
2019-08-20 16:03:50,125 | INFO  | DNAudit | user=null | ip=null | op=WRITE_CHUNK {blockData=conID: 1 locID: 102650152704606633 bcsId: 1054} | ret=SUCCESS |  
2019-08-20 16:03:50,126 | INFO  | DNAudit | user=null | ip=null | op=WRITE_CHUNK {blockData=conID: 1 locID: 102650152704606633 bcsId: 1054} | ret=SUCCESS |  
2019-08-20 16:03:50,126 | INFO  | DNAudit | user=null | ip=null | op=PUT_BLOCK {blockData=[blockId=conID: 1 locID: 102650152704606633 bcsId: 0,size=3145728]} | ret=SUCCESS |  
2019-08-20 16:03:50,126 | INFO  | DNAudit | user=null | ip=null | op=PUT_BLOCK {blockData=[blockId=conID: 1 locID: 102650152704606633 bcsId: 0,size=3145728]} | ret=SUCCESS |  
2019-08-20 16:03:50,132 | INFO  | DNAudit | user=null | ip=null | op=WRITE_CHUNK {blockData=conID: 1 locID: 102650152704606633 bcsId: 1060} | ret=SUCCESS |  
2019-08-20 16:03:50,132 | INFO  | DNAudit | user=null | ip=null | op=PUT_BLOCK {blockData=[blockId=conID: 1 locID: 102650152704606633 bcsId: 0,size=4194304]} | ret=SUCCESS |  
2019-08-20 16:03:50,133 [grpc-default-executor-1] INFO  client.GrpcClientProtocolClient (GrpcClientProtocolClient.java:onNext(255)) - client-EAA342753240->9a4a4c23-9ff3-4ce3-a619-2c71c0869997: receive RaftClientReply:client-EAA342753240->9a4a4c23-9ff3-4ce3-a619-2c71c0869997@group-EC4211DF0353, cid=828, SUCCESS, logIndex=1063, commits[9a4a4c23-9ff3-4ce3-a619-2c71c0869997:c1064, 9b0072ab-15b3-4973-9bcb-7fa02f6bfea9:c1060, 9f215ef2-7d46-4cda-b695-cae1b893f75f:c1060]
2019-08-20 16:03:50,133 [grpc-default-executor-1] INFO  client.GrpcClientProtocolClient (GrpcClientProtocolClient.java:onNext(255)) - client-EAA342753240->9a4a4c23-9ff3-4ce3-a619-2c71c0869997: receive RaftClientReply:client-EAA342753240->9a4a4c23-9ff3-4ce3-a619-2c71c0869997@group-EC4211DF0353, cid=829, SUCCESS, logIndex=1064, commits[9a4a4c23-9ff3-4ce3-a619-2c71c0869997:c1064, 9b0072ab-15b3-4973-9bcb-7fa02f6bfea9:c1060, 9f215ef2-7d46-4cda-b695-cae1b893f75f:c1060]
2019-08-20 16:03:50,134 | INFO  | DNAudit | user=null | ip=null | op=WRITE_CHUNK {blockData=conID: 1 locID: 102650152704606633 bcsId: 1060} | ret=SUCCESS |  
2019-08-20 16:03:50,134 | INFO  | DNAudit | user=null | ip=null | op=WRITE_CHUNK {blockData=conID: 1 locID: 102650152704606633 bcsId: 1060} | ret=SUCCESS |  
2019-08-20 16:03:50,135 | INFO  | DNAudit | user=null | ip=null | op=PUT_BLOCK {blockData=[blockId=conID: 1 locID: 102650152704606633 bcsId: 0,size=4194304]} | ret=SUCCESS |  
2019-08-20 16:03:50,135 | INFO  | DNAudit | user=null | ip=null | op=PUT_BLOCK {blockData=[blockId=conID: 1 locID: 102650152704606633 bcsId: 0,size=4194304]} | ret=SUCCESS |  
2019-08-20 16:03:50,135 [grpc-default-executor-1] INFO  client.GrpcClientProtocolClient (GrpcClientProtocolClient.java:onNext(255)) - client-EAA342753240->9a4a4c23-9ff3-4ce3-a619-2c71c0869997: receive RaftClientReply:client-EAA342753240->9a4a4c23-9ff3-4ce3-a619-2c71c0869997@group-EC4211DF0353, cid=830, SUCCESS, logIndex=0, commits[9a4a4c23-9ff3-4ce3-a619-2c71c0869997:c1066, 9b0072ab-15b3-4973-9bcb-7fa02f6bfea9:c1064, 9f215ef2-7d46-4cda-b695-cae1b893f75f:c1064]
2019-08-20 16:03:50,142 | INFO  | DNAudit | user=null | ip=null | op=WRITE_CHUNK {blockData=conID: 2 locID: 102650152704606634 bcsId: 0} | ret=SUCCESS |  
2019-08-20 16:03:50,145 | INFO  | DNAudit | user=null | ip=null | op=WRITE_CHUNK {blockData=conID: 2 locID: 102650152704606634 bcsId: 0} | ret=SUCCESS |  
2019-08-20 16:03:50,145 | INFO  | DNAudit | user=null | ip=null | op=WRITE_CHUNK {blockData=conID: 2 locID: 102650152704606634 bcsId: 0} | ret=SUCCESS |  
2019-08-20 16:03:50,145 | INFO  | DNAudit | user=null | ip=null | op=WRITE_CHUNK {blockData=conID: 2 locID: 102650152704606634 bcsId: 0} | ret=SUCCESS |  
2019-08-20 16:03:50,146 | INFO  | DNAudit | user=null | ip=null | op=WRITE_CHUNK {blockData=conID: 2 locID: 102650152704606634 bcsId: 0} | ret=SUCCESS |  
2019-08-20 16:03:50,147 | INFO  | DNAudit | user=null | ip=null | op=WRITE_CHUNK {blockData=conID: 2 locID: 102650152704606634 bcsId: 0} | ret=SUCCESS |  
2019-08-20 16:03:50,163 | INFO  | DNAudit | user=null | ip=null | op=WRITE_CHUNK {blockData=conID: 2 locID: 102650152704606634 bcsId: 0} | ret=SUCCESS |  
2019-08-20 16:03:50,164 | INFO  | DNAudit | user=null | ip=null | op=PUT_BLOCK {blockData=[blockId=conID: 2 locID: 102650152704606634 bcsId: 0,size=1048576]} | ret=SUCCESS |  
2019-08-20 16:03:50,164 | INFO  | DNAudit | user=null | ip=null | op=WRITE_CHUNK {blockData=conID: 2 locID: 102650152704606634 bcsId: 0} | ret=SUCCESS |  
2019-08-20 16:03:50,164 [grpc-default-executor-1] INFO  client.GrpcClientProtocolClient (GrpcClientProtocolClient.java:onNext(255)) - client-EAA342753240->9a4a4c23-9ff3-4ce3-a619-2c71c0869997: receive RaftClientReply:client-EAA342753240->9a4a4c23-9ff3-4ce3-a619-2c71c0869997@group-EC4211DF0353, cid=831, SUCCESS, logIndex=1067, commits[9a4a4c23-9ff3-4ce3-a619-2c71c0869997:c1070, 9b0072ab-15b3-4973-9bcb-7fa02f6bfea9:c1066, 9f215ef2-7d46-4cda-b695-cae1b893f75f:c1066]
2019-08-20 16:03:50,165 | INFO  | DNAudit | user=null | ip=null | op=PUT_BLOCK {blockData=[blockId=conID: 2 locID: 102650152704606634 bcsId: 0,size=2097152]} | ret=SUCCESS |  
2019-08-20 16:03:50,165 [grpc-default-executor-1] INFO  client.GrpcClientProtocolClient (GrpcClientProtocolClient.java:onNext(255)) - client-EAA342753240->9a4a4c23-9ff3-4ce3-a619-2c71c0869997: receive RaftClientReply:client-EAA342753240->9a4a4c23-9ff3-4ce3-a619-2c71c0869997@group-EC4211DF0353, cid=832, SUCCESS, logIndex=1068, commits[9a4a4c23-9ff3-4ce3-a619-2c71c0869997:c1070, 9b0072ab-15b3-4973-9bcb-7fa02f6bfea9:c1066, 9f215ef2-7d46-4cda-b695-cae1b893f75f:c1066]
2019-08-20 16:03:50,165 [grpc-default-executor-1] INFO  client.GrpcClientProtocolClient (GrpcClientProtocolClient.java:onNext(255)) - client-EAA342753240->9a4a4c23-9ff3-4ce3-a619-2c71c0869997: receive RaftClientReply:client-EAA342753240->9a4a4c23-9ff3-4ce3-a619-2c71c0869997@group-EC4211DF0353, cid=833, SUCCESS, logIndex=1069, commits[9a4a4c23-9ff3-4ce3-a619-2c71c0869997:c1070, 9b0072ab-15b3-4973-9bcb-7fa02f6bfea9:c1066, 9f215ef2-7d46-4cda-b695-cae1b893f75f:c1066]
2019-08-20 16:03:50,165 [grpc-default-executor-1] INFO  client.GrpcClientProtocolClient (GrpcClientProtocolClient.java:onNext(255)) - client-EAA342753240->9a4a4c23-9ff3-4ce3-a619-2c71c0869997: receive RaftClientReply:client-EAA342753240->9a4a4c23-9ff3-4ce3-a619-2c71c0869997@group-EC4211DF0353, cid=834, SUCCESS, logIndex=1070, commits[9a4a4c23-9ff3-4ce3-a619-2c71c0869997:c1070, 9b0072ab-15b3-4973-9bcb-7fa02f6bfea9:c1066, 9f215ef2-7d46-4cda-b695-cae1b893f75f:c1066]
2019-08-20 16:03:50,180 | INFO  | DNAudit | user=null | ip=null | op=WRITE_CHUNK {blockData=conID: 2 locID: 102650152704606634 bcsId: 0} | ret=SUCCESS |  
2019-08-20 16:03:50,181 | INFO  | DNAudit | user=null | ip=null | op=PUT_BLOCK {blockData=[blockId=conID: 2 locID: 102650152704606634 bcsId: 0,size=1048576]} | ret=SUCCESS |  
2019-08-20 16:03:50,181 | INFO  | DNAudit | user=null | ip=null | op=WRITE_CHUNK {blockData=conID: 2 locID: 102650152704606634 bcsId: 0} | ret=SUCCESS |  
2019-08-20 16:03:50,181 | INFO  | DNAudit | user=null | ip=null | op=PUT_BLOCK {blockData=[blockId=conID: 2 locID: 102650152704606634 bcsId: 0,size=1048576]} | ret=SUCCESS |  
2019-08-20 16:03:50,181 | INFO  | DNAudit | user=null | ip=null | op=WRITE_CHUNK {blockData=conID: 2 locID: 102650152704606634 bcsId: 0} | ret=SUCCESS |  
2019-08-20 16:03:50,181 [grpc-default-executor-1] INFO  client.GrpcClientProtocolClient (GrpcClientProtocolClient.java:onNext(255)) - client-EAA342753240->9a4a4c23-9ff3-4ce3-a619-2c71c0869997: receive RaftClientReply:client-EAA342753240->9a4a4c23-9ff3-4ce3-a619-2c71c0869997@group-EC4211DF0353, cid=835, SUCCESS, logIndex=0, commits[9a4a4c23-9ff3-4ce3-a619-2c71c0869997:c1071, 9b0072ab-15b3-4973-9bcb-7fa02f6bfea9:c1068, 9f215ef2-7d46-4cda-b695-cae1b893f75f:c1068]
2019-08-20 16:03:50,182 | INFO  | DNAudit | user=null | ip=null | op=PUT_BLOCK {blockData=[blockId=conID: 2 locID: 102650152704606634 bcsId: 0,size=2097152]} | ret=SUCCESS |  
2019-08-20 16:03:50,182 | INFO  | DNAudit | user=null | ip=null | op=WRITE_CHUNK {blockData=conID: 2 locID: 102650152704606634 bcsId: 0} | ret=SUCCESS |  
2019-08-20 16:03:50,182 | INFO  | DNAudit | user=null | ip=null | op=PUT_BLOCK {blockData=[blockId=conID: 2 locID: 102650152704606634 bcsId: 0,size=2097152]} | ret=SUCCESS |  
2019-08-20 16:03:50,190 | INFO  | DNAudit | user=null | ip=null | op=WRITE_CHUNK {blockData=conID: 2 locID: 102650152704606634 bcsId: 1070} | ret=SUCCESS |  
2019-08-20 16:03:50,193 | INFO  | DNAudit | user=null | ip=null | op=WRITE_CHUNK {blockData=conID: 2 locID: 102650152704606634 bcsId: 1070} | ret=SUCCESS |  
2019-08-20 16:03:50,193 | INFO  | DNAudit | user=null | ip=null | op=WRITE_CHUNK {blockData=conID: 2 locID: 102650152704606634 bcsId: 1070} | ret=SUCCESS |  
2019-08-20 16:03:50,197 | INFO  | DNAudit | user=null | ip=null | op=WRITE_CHUNK {blockData=conID: 2 locID: 102650152704606634 bcsId: 1070} | ret=SUCCESS |  
2019-08-20 16:03:50,198 | INFO  | DNAudit | user=null | ip=null | op=PUT_BLOCK {blockData=[blockId=conID: 2 locID: 102650152704606634 bcsId: 0,size=3145728]} | ret=SUCCESS |  
2019-08-20 16:03:50,198 [grpc-default-executor-1] INFO  client.GrpcClientProtocolClient (GrpcClientProtocolClient.java:onNext(255)) - client-EAA342753240->9a4a4c23-9ff3-4ce3-a619-2c71c0869997: receive RaftClientReply:client-EAA342753240->9a4a4c23-9ff3-4ce3-a619-2c71c0869997@group-EC4211DF0353, cid=836, SUCCESS, logIndex=1074, commits[9a4a4c23-9ff3-4ce3-a619-2c71c0869997:c1075, 9b0072ab-15b3-4973-9bcb-7fa02f6bfea9:c1073, 9f215ef2-7d46-4cda-b695-cae1b893f75f:c1073]
2019-08-20 16:03:50,198 [grpc-default-executor-1] INFO  client.GrpcClientProtocolClient (GrpcClientProtocolClient.java:onNext(255)) - client-EAA342753240->9a4a4c23-9ff3-4ce3-a619-2c71c0869997: receive RaftClientReply:client-EAA342753240->9a4a4c23-9ff3-4ce3-a619-2c71c0869997@group-EC4211DF0353, cid=837, SUCCESS, logIndex=1075, commits[9a4a4c23-9ff3-4ce3-a619-2c71c0869997:c1075, 9b0072ab-15b3-4973-9bcb-7fa02f6bfea9:c1073, 9f215ef2-7d46-4cda-b695-cae1b893f75f:c1073]
2019-08-20 16:03:50,205 | INFO  | DNAudit | user=null | ip=null | op=WRITE_CHUNK {blockData=conID: 2 locID: 102650152704606634 bcsId: 1075} | ret=SUCCESS |  
2019-08-20 16:03:50,208 | INFO  | DNAudit | user=null | ip=null | op=WRITE_CHUNK {blockData=conID: 2 locID: 102650152704606634 bcsId: 1075} | ret=SUCCESS |  
2019-08-20 16:03:50,208 | INFO  | DNAudit | user=null | ip=null | op=WRITE_CHUNK {blockData=conID: 2 locID: 102650152704606634 bcsId: 1075} | ret=SUCCESS |  
2019-08-20 16:03:50,208 | INFO  | DNAudit | user=null | ip=null | op=WRITE_CHUNK {blockData=conID: 2 locID: 102650152704606634 bcsId: 1070} | ret=SUCCESS |  
2019-08-20 16:03:50,209 | INFO  | DNAudit | user=null | ip=null | op=WRITE_CHUNK {blockData=conID: 2 locID: 102650152704606634 bcsId: 1070} | ret=SUCCESS |  
2019-08-20 16:03:50,210 | INFO  | DNAudit | user=null | ip=null | op=PUT_BLOCK {blockData=[blockId=conID: 2 locID: 102650152704606634 bcsId: 0,size=3145728]} | ret=SUCCESS |  
2019-08-20 16:03:50,210 | INFO  | DNAudit | user=null | ip=null | op=PUT_BLOCK {blockData=[blockId=conID: 2 locID: 102650152704606634 bcsId: 0,size=3145728]} | ret=SUCCESS |  
2019-08-20 16:03:50,210 | INFO  | DNAudit | user=null | ip=null | op=WRITE_CHUNK {blockData=conID: 2 locID: 102650152704606634 bcsId: 1075} | ret=SUCCESS |  
2019-08-20 16:03:50,211 | INFO  | DNAudit | user=null | ip=null | op=PUT_BLOCK {blockData=[blockId=conID: 2 locID: 102650152704606634 bcsId: 0,size=4194304]} | ret=SUCCESS |  
2019-08-20 16:03:50,211 [grpc-default-executor-1] INFO  client.GrpcClientProtocolClient (GrpcClientProtocolClient.java:onNext(255)) - client-EAA342753240->9a4a4c23-9ff3-4ce3-a619-2c71c0869997: receive RaftClientReply:client-EAA342753240->9a4a4c23-9ff3-4ce3-a619-2c71c0869997@group-EC4211DF0353, cid=838, SUCCESS, logIndex=1078, commits[9a4a4c23-9ff3-4ce3-a619-2c71c0869997:c1079, 9b0072ab-15b3-4973-9bcb-7fa02f6bfea9:c1075, 9f215ef2-7d46-4cda-b695-cae1b893f75f:c1075]
2019-08-20 16:03:50,211 [grpc-default-executor-1] INFO  client.GrpcClientProtocolClient (GrpcClientProtocolClient.java:onNext(255)) - client-EAA342753240->9a4a4c23-9ff3-4ce3-a619-2c71c0869997: receive RaftClientReply:client-EAA342753240->9a4a4c23-9ff3-4ce3-a619-2c71c0869997@group-EC4211DF0353, cid=839, SUCCESS, logIndex=1079, commits[9a4a4c23-9ff3-4ce3-a619-2c71c0869997:c1079, 9b0072ab-15b3-4973-9bcb-7fa02f6bfea9:c1075, 9f215ef2-7d46-4cda-b695-cae1b893f75f:c1075]
2019-08-20 16:03:50,223 | INFO  | DNAudit | user=null | ip=null | op=WRITE_CHUNK {blockData=conID: 2 locID: 102650152704606634 bcsId: 1075} | ret=SUCCESS |  
2019-08-20 16:03:50,223 | INFO  | DNAudit | user=null | ip=null | op=WRITE_CHUNK {blockData=conID: 2 locID: 102650152704606634 bcsId: 1075} | ret=SUCCESS |  
2019-08-20 16:03:50,235 | INFO  | DNAudit | user=null | ip=null | op=PUT_BLOCK {blockData=[blockId=conID: 2 locID: 102650152704606634 bcsId: 0,size=4194304]} | ret=SUCCESS |  
2019-08-20 16:03:50,235 | INFO  | DNAudit | user=null | ip=null | op=PUT_BLOCK {blockData=[blockId=conID: 2 locID: 102650152704606634 bcsId: 0,size=4194304]} | ret=SUCCESS |  
2019-08-20 16:03:50,235 [grpc-default-executor-5] INFO  client.GrpcClientProtocolClient (GrpcClientProtocolClient.java:onNext(255)) - client-EAA342753240->9a4a4c23-9ff3-4ce3-a619-2c71c0869997: receive RaftClientReply:client-EAA342753240->9a4a4c23-9ff3-4ce3-a619-2c71c0869997@group-EC4211DF0353, cid=840, SUCCESS, logIndex=0, commits[9a4a4c23-9ff3-4ce3-a619-2c71c0869997:c1081, 9b0072ab-15b3-4973-9bcb-7fa02f6bfea9:c1079, 9f215ef2-7d46-4cda-b695-cae1b893f75f:c1079]
2019-08-20 16:03:50,249 | INFO  | DNAudit | user=null | ip=null | op=WRITE_CHUNK {blockData=conID: 3 locID: 102650152704606635 bcsId: 0} | ret=SUCCESS |  
2019-08-20 16:03:50,249 | INFO  | DNAudit | user=null | ip=null | op=WRITE_CHUNK {blockData=conID: 3 locID: 102650152704606635 bcsId: 0} | ret=SUCCESS |  
2019-08-20 16:03:50,249 | INFO  | DNAudit | user=null | ip=null | op=WRITE_CHUNK {blockData=conID: 3 locID: 102650152704606635 bcsId: 0} | ret=SUCCESS |  
2019-08-20 16:03:50,249 | INFO  | DNAudit | user=null | ip=null | op=WRITE_CHUNK {blockData=conID: 3 locID: 102650152704606635 bcsId: 0} | ret=SUCCESS |  
2019-08-20 16:03:50,250 | INFO  | DNAudit | user=null | ip=null | op=WRITE_CHUNK {blockData=conID: 3 locID: 102650152704606635 bcsId: 0} | ret=SUCCESS |  
2019-08-20 16:03:50,250 | INFO  | DNAudit | user=null | ip=null | op=WRITE_CHUNK {blockData=conID: 3 locID: 102650152704606635 bcsId: 0} | ret=SUCCESS |  
2019-08-20 16:03:50,256 | INFO  | DNAudit | user=null | ip=null | op=WRITE_CHUNK {blockData=conID: 3 locID: 102650152704606635 bcsId: 0} | ret=SUCCESS |  
2019-08-20 16:03:50,256 | INFO  | DNAudit | user=null | ip=null | op=PUT_BLOCK {blockData=[blockId=conID: 3 locID: 102650152704606635 bcsId: 0,size=1048576]} | ret=SUCCESS |  
2019-08-20 16:03:50,257 | INFO  | DNAudit | user=null | ip=null | op=WRITE_CHUNK {blockData=conID: 3 locID: 102650152704606635 bcsId: 0} | ret=SUCCESS |  
2019-08-20 16:03:50,257 [grpc-default-executor-0] INFO  client.GrpcClientProtocolClient (GrpcClientProtocolClient.java:onNext(255)) - client-EAA342753240->9a4a4c23-9ff3-4ce3-a619-2c71c0869997: receive RaftClientReply:client-EAA342753240->9a4a4c23-9ff3-4ce3-a619-2c71c0869997@group-EC4211DF0353, cid=841, SUCCESS, logIndex=1082, commits[9a4a4c23-9ff3-4ce3-a619-2c71c0869997:c1085, 9b0072ab-15b3-4973-9bcb-7fa02f6bfea9:c1081, 9f215ef2-7d46-4cda-b695-cae1b893f75f:c1081]
2019-08-20 16:03:50,257 | INFO  | DNAudit | user=null | ip=null | op=PUT_BLOCK {blockData=[blockId=conID: 3 locID: 102650152704606635 bcsId: 0,size=2097152]} | ret=SUCCESS |  
2019-08-20 16:03:50,257 [grpc-default-executor-0] INFO  client.GrpcClientProtocolClient (GrpcClientProtocolClient.java:onNext(255)) - client-EAA342753240->9a4a4c23-9ff3-4ce3-a619-2c71c0869997: receive RaftClientReply:client-EAA342753240->9a4a4c23-9ff3-4ce3-a619-2c71c0869997@group-EC4211DF0353, cid=842, SUCCESS, logIndex=1083, commits[9a4a4c23-9ff3-4ce3-a619-2c71c0869997:c1085, 9b0072ab-15b3-4973-9bcb-7fa02f6bfea9:c1081, 9f215ef2-7d46-4cda-b695-cae1b893f75f:c1081]
2019-08-20 16:03:50,258 [grpc-default-executor-0] INFO  client.GrpcClientProtocolClient (GrpcClientProtocolClient.java:onNext(255)) - client-EAA342753240->9a4a4c23-9ff3-4ce3-a619-2c71c0869997: receive RaftClientReply:client-EAA342753240->9a4a4c23-9ff3-4ce3-a619-2c71c0869997@group-EC4211DF0353, cid=843, SUCCESS, logIndex=1084, commits[9a4a4c23-9ff3-4ce3-a619-2c71c0869997:c1085, 9b0072ab-15b3-4973-9bcb-7fa02f6bfea9:c1081, 9f215ef2-7d46-4cda-b695-cae1b893f75f:c1081]
2019-08-20 16:03:50,258 [grpc-default-executor-0] INFO  client.GrpcClientProtocolClient (GrpcClientProtocolClient.java:onNext(255)) - client-EAA342753240->9a4a4c23-9ff3-4ce3-a619-2c71c0869997: receive RaftClientReply:client-EAA342753240->9a4a4c23-9ff3-4ce3-a619-2c71c0869997@group-EC4211DF0353, cid=844, SUCCESS, logIndex=1085, commits[9a4a4c23-9ff3-4ce3-a619-2c71c0869997:c1085, 9b0072ab-15b3-4973-9bcb-7fa02f6bfea9:c1081, 9f215ef2-7d46-4cda-b695-cae1b893f75f:c1081]
2019-08-20 16:03:50,258 | INFO  | DNAudit | user=null | ip=null | op=WRITE_CHUNK {blockData=conID: 3 locID: 102650152704606635 bcsId: 0} | ret=SUCCESS |  
2019-08-20 16:03:50,258 | INFO  | DNAudit | user=null | ip=null | op=WRITE_CHUNK {blockData=conID: 3 locID: 102650152704606635 bcsId: 0} | ret=SUCCESS |  
2019-08-20 16:03:50,259 | INFO  | DNAudit | user=null | ip=null | op=PUT_BLOCK {blockData=[blockId=conID: 3 locID: 102650152704606635 bcsId: 0,size=1048576]} | ret=SUCCESS |  
2019-08-20 16:03:50,259 | INFO  | DNAudit | user=null | ip=null | op=PUT_BLOCK {blockData=[blockId=conID: 3 locID: 102650152704606635 bcsId: 0,size=1048576]} | ret=SUCCESS |  
2019-08-20 16:03:50,259 [grpc-default-executor-0] INFO  client.GrpcClientProtocolClient (GrpcClientProtocolClient.java:onNext(255)) - client-EAA342753240->9a4a4c23-9ff3-4ce3-a619-2c71c0869997: receive RaftClientReply:client-EAA342753240->9a4a4c23-9ff3-4ce3-a619-2c71c0869997@group-EC4211DF0353, cid=845, SUCCESS, logIndex=0, commits[9a4a4c23-9ff3-4ce3-a619-2c71c0869997:c1086, 9b0072ab-15b3-4973-9bcb-7fa02f6bfea9:c1083, 9f215ef2-7d46-4cda-b695-cae1b893f75f:c1083]
2019-08-20 16:03:50,260 | INFO  | DNAudit | user=null | ip=null | op=WRITE_CHUNK {blockData=conID: 3 locID: 102650152704606635 bcsId: 0} | ret=SUCCESS |  
2019-08-20 16:03:50,260 | INFO  | DNAudit | user=null | ip=null | op=PUT_BLOCK {blockData=[blockId=conID: 3 locID: 102650152704606635 bcsId: 0,size=2097152]} | ret=SUCCESS |  
2019-08-20 16:03:50,260 | INFO  | DNAudit | user=null | ip=null | op=WRITE_CHUNK {blockData=conID: 3 locID: 102650152704606635 bcsId: 0} | ret=SUCCESS |  
2019-08-20 16:03:50,261 | INFO  | DNAudit | user=null | ip=null | op=PUT_BLOCK {blockData=[blockId=conID: 3 locID: 102650152704606635 bcsId: 0,size=2097152]} | ret=SUCCESS |  
2019-08-20 16:03:50,265 | INFO  | DNAudit | user=null | ip=null | op=WRITE_CHUNK {blockData=conID: 3 locID: 102650152704606635 bcsId: 1085} | ret=SUCCESS |  
2019-08-20 16:03:50,267 | INFO  | DNAudit | user=null | ip=null | op=WRITE_CHUNK {blockData=conID: 3 locID: 102650152704606635 bcsId: 1085} | ret=SUCCESS |  
2019-08-20 16:03:50,267 | INFO  | DNAudit | user=null | ip=null | op=WRITE_CHUNK {blockData=conID: 3 locID: 102650152704606635 bcsId: 1085} | ret=SUCCESS |  
2019-08-20 16:03:50,281 | INFO  | DNAudit | user=null | ip=null | op=WRITE_CHUNK {blockData=conID: 3 locID: 102650152704606635 bcsId: 1085} | ret=SUCCESS |  
2019-08-20 16:03:50,282 | INFO  | DNAudit | user=null | ip=null | op=PUT_BLOCK {blockData=[blockId=conID: 3 locID: 102650152704606635 bcsId: 0,size=3145728]} | ret=SUCCESS |  
2019-08-20 16:03:50,282 [grpc-default-executor-5] INFO  client.GrpcClientProtocolClient (GrpcClientProtocolClient.java:onNext(255)) - client-EAA342753240->9a4a4c23-9ff3-4ce3-a619-2c71c0869997: receive RaftClientReply:client-EAA342753240->9a4a4c23-9ff3-4ce3-a619-2c71c0869997@group-EC4211DF0353, cid=846, SUCCESS, logIndex=1090, commits[9a4a4c23-9ff3-4ce3-a619-2c71c0869997:c1091, 9b0072ab-15b3-4973-9bcb-7fa02f6bfea9:c1089, 9f215ef2-7d46-4cda-b695-cae1b893f75f:c1089]
2019-08-20 16:03:50,282 [grpc-default-executor-5] INFO  client.GrpcClientProtocolClient (GrpcClientProtocolClient.java:onNext(255)) - client-EAA342753240->9a4a4c23-9ff3-4ce3-a619-2c71c0869997: receive RaftClientReply:client-EAA342753240->9a4a4c23-9ff3-4ce3-a619-2c71c0869997@group-EC4211DF0353, cid=847, SUCCESS, logIndex=1091, commits[9a4a4c23-9ff3-4ce3-a619-2c71c0869997:c1091, 9b0072ab-15b3-4973-9bcb-7fa02f6bfea9:c1089, 9f215ef2-7d46-4cda-b695-cae1b893f75f:c1089]
2019-08-20 16:03:50,290 | INFO  | DNAudit | user=null | ip=null | op=WRITE_CHUNK {blockData=conID: 3 locID: 102650152704606635 bcsId: 1091} | ret=SUCCESS |  
2019-08-20 16:03:50,291 | INFO  | DNAudit | user=null | ip=null | op=WRITE_CHUNK {blockData=conID: 3 locID: 102650152704606635 bcsId: 1091} | ret=SUCCESS |  
2019-08-20 16:03:50,291 | INFO  | DNAudit | user=null | ip=null | op=WRITE_CHUNK {blockData=conID: 3 locID: 102650152704606635 bcsId: 1091} | ret=SUCCESS |  
2019-08-20 16:03:50,293 | INFO  | DNAudit | user=null | ip=null | op=WRITE_CHUNK {blockData=conID: 3 locID: 102650152704606635 bcsId: 1085} | ret=SUCCESS |  
2019-08-20 16:03:50,293 | INFO  | DNAudit | user=null | ip=null | op=WRITE_CHUNK {blockData=conID: 3 locID: 102650152704606635 bcsId: 1085} | ret=SUCCESS |  
2019-08-20 16:03:50,295 | INFO  | DNAudit | user=null | ip=null | op=PUT_BLOCK {blockData=[blockId=conID: 3 locID: 102650152704606635 bcsId: 0,size=3145728]} | ret=SUCCESS |  
2019-08-20 16:03:50,295 | INFO  | DNAudit | user=null | ip=null | op=PUT_BLOCK {blockData=[blockId=conID: 3 locID: 102650152704606635 bcsId: 0,size=3145728]} | ret=SUCCESS |  
2019-08-20 16:03:50,295 | INFO  | DNAudit | user=null | ip=null | op=WRITE_CHUNK {blockData=conID: 3 locID: 102650152704606635 bcsId: 1091} | ret=SUCCESS |  
2019-08-20 16:03:50,296 | INFO  | DNAudit | user=null | ip=null | op=PUT_BLOCK {blockData=[blockId=conID: 3 locID: 102650152704606635 bcsId: 0,size=4194304]} | ret=SUCCESS |  
2019-08-20 16:03:50,296 [grpc-default-executor-0] INFO  client.GrpcClientProtocolClient (GrpcClientProtocolClient.java:onNext(255)) - client-EAA342753240->9a4a4c23-9ff3-4ce3-a619-2c71c0869997: receive RaftClientReply:client-EAA342753240->9a4a4c23-9ff3-4ce3-a619-2c71c0869997@group-EC4211DF0353, cid=848, SUCCESS, logIndex=1094, commits[9a4a4c23-9ff3-4ce3-a619-2c71c0869997:c1095, 9b0072ab-15b3-4973-9bcb-7fa02f6bfea9:c1091, 9f215ef2-7d46-4cda-b695-cae1b893f75f:c1091]
2019-08-20 16:03:50,296 [grpc-default-executor-0] INFO  client.GrpcClientProtocolClient (GrpcClientProtocolClient.java:onNext(255)) - client-EAA342753240->9a4a4c23-9ff3-4ce3-a619-2c71c0869997: receive RaftClientReply:client-EAA342753240->9a4a4c23-9ff3-4ce3-a619-2c71c0869997@group-EC4211DF0353, cid=849, SUCCESS, logIndex=1095, commits[9a4a4c23-9ff3-4ce3-a619-2c71c0869997:c1095, 9b0072ab-15b3-4973-9bcb-7fa02f6bfea9:c1091, 9f215ef2-7d46-4cda-b695-cae1b893f75f:c1091]
2019-08-20 16:03:50,306 | INFO  | SCMAudit | user=jenkins1000 | ip=192.168.69.96 | op=SEND_HEARTBEAT {datanodeUUID=9b0072ab-15b3-4973-9bcb-7fa02f6bfea9, command=[]} | ret=SUCCESS |  
2019-08-20 16:03:50,306 | INFO  | SCMAudit | user=jenkins1000 | ip=192.168.69.96 | op=SEND_HEARTBEAT {datanodeUUID=9f215ef2-7d46-4cda-b695-cae1b893f75f, command=[]} | ret=SUCCESS |  
2019-08-20 16:03:50,306 | INFO  | SCMAudit | user=jenkins1000 | ip=192.168.69.96 | op=SEND_HEARTBEAT {datanodeUUID=9a4a4c23-9ff3-4ce3-a619-2c71c0869997, command=[]} | ret=SUCCESS |  
2019-08-20 16:03:50,307 | INFO  | DNAudit | user=null | ip=null | op=WRITE_CHUNK {blockData=conID: 3 locID: 102650152704606635 bcsId: 1091} | ret=SUCCESS |  
2019-08-20 16:03:50,307 | INFO  | DNAudit | user=null | ip=null | op=WRITE_CHUNK {blockData=conID: 3 locID: 102650152704606635 bcsId: 1091} | ret=SUCCESS |  
2019-08-20 16:03:50,307 | INFO  | DNAudit | user=null | ip=null | op=PUT_BLOCK {blockData=[blockId=conID: 3 locID: 102650152704606635 bcsId: 0,size=4194304]} | ret=SUCCESS |  
2019-08-20 16:03:50,307 | INFO  | DNAudit | user=null | ip=null | op=PUT_BLOCK {blockData=[blockId=conID: 3 locID: 102650152704606635 bcsId: 0,size=4194304]} | ret=SUCCESS |  
2019-08-20 16:03:50,307 [grpc-default-executor-0] INFO  client.GrpcClientProtocolClient (GrpcClientProtocolClient.java:onNext(255)) - client-EAA342753240->9a4a4c23-9ff3-4ce3-a619-2c71c0869997: receive RaftClientReply:client-EAA342753240->9a4a4c23-9ff3-4ce3-a619-2c71c0869997@group-EC4211DF0353, cid=850, SUCCESS, logIndex=0, commits[9a4a4c23-9ff3-4ce3-a619-2c71c0869997:c1096, 9b0072ab-15b3-4973-9bcb-7fa02f6bfea9:c1095, 9f215ef2-7d46-4cda-b695-cae1b893f75f:c1095]
2019-08-20 16:03:50,314 | INFO  | DNAudit | user=null | ip=null | op=WRITE_CHUNK {blockData=conID: 1 locID: 102650152704606636 bcsId: 0} | ret=SUCCESS |  
2019-08-20 16:03:50,316 | INFO  | DNAudit | user=null | ip=null | op=WRITE_CHUNK {blockData=conID: 1 locID: 102650152704606636 bcsId: 0} | ret=SUCCESS |  
2019-08-20 16:03:50,316 | INFO  | DNAudit | user=null | ip=null | op=WRITE_CHUNK {blockData=conID: 1 locID: 102650152704606636 bcsId: 0} | ret=SUCCESS |  
2019-08-20 16:03:50,316 | INFO  | DNAudit | user=null | ip=null | op=WRITE_CHUNK {blockData=conID: 1 locID: 102650152704606636 bcsId: 0} | ret=SUCCESS |  
2019-08-20 16:03:50,318 | INFO  | DNAudit | user=null | ip=null | op=WRITE_CHUNK {blockData=conID: 1 locID: 102650152704606636 bcsId: 0} | ret=SUCCESS |  
2019-08-20 16:03:50,318 | INFO  | DNAudit | user=null | ip=null | op=WRITE_CHUNK {blockData=conID: 1 locID: 102650152704606636 bcsId: 0} | ret=SUCCESS |  
2019-08-20 16:03:50,325 | INFO  | DNAudit | user=null | ip=null | op=WRITE_CHUNK {blockData=conID: 1 locID: 102650152704606636 bcsId: 0} | ret=SUCCESS |  
2019-08-20 16:03:50,325 | INFO  | DNAudit | user=null | ip=null | op=PUT_BLOCK {blockData=[blockId=conID: 1 locID: 102650152704606636 bcsId: 0,size=1048576]} | ret=SUCCESS |  
2019-08-20 16:03:50,325 [grpc-default-executor-0] INFO  client.GrpcClientProtocolClient (GrpcClientProtocolClient.java:onNext(255)) - client-EAA342753240->9a4a4c23-9ff3-4ce3-a619-2c71c0869997: receive RaftClientReply:client-EAA342753240->9a4a4c23-9ff3-4ce3-a619-2c71c0869997@group-EC4211DF0353, cid=851, SUCCESS, logIndex=1098, commits[9a4a4c23-9ff3-4ce3-a619-2c71c0869997:c1099, 9b0072ab-15b3-4973-9bcb-7fa02f6bfea9:c1097, 9f215ef2-7d46-4cda-b695-cae1b893f75f:c1097]
2019-08-20 16:03:50,326 [grpc-default-executor-0] INFO  client.GrpcClientProtocolClient (GrpcClientProtocolClient.java:onNext(255)) - client-EAA342753240->9a4a4c23-9ff3-4ce3-a619-2c71c0869997: receive RaftClientReply:client-EAA342753240->9a4a4c23-9ff3-4ce3-a619-2c71c0869997@group-EC4211DF0353, cid=852, SUCCESS, logIndex=1099, commits[9a4a4c23-9ff3-4ce3-a619-2c71c0869997:c1099, 9b0072ab-15b3-4973-9bcb-7fa02f6bfea9:c1097, 9f215ef2-7d46-4cda-b695-cae1b893f75f:c1097]
2019-08-20 16:03:50,335 | INFO  | DNAudit | user=null | ip=null | op=WRITE_CHUNK {blockData=conID: 1 locID: 102650152704606636 bcsId: 0} | ret=SUCCESS |  
2019-08-20 16:03:50,335 | INFO  | DNAudit | user=null | ip=null | op=PUT_BLOCK {blockData=[blockId=conID: 1 locID: 102650152704606636 bcsId: 0,size=2097152]} | ret=SUCCESS |  
2019-08-20 16:03:50,336 [grpc-default-executor-0] INFO  client.GrpcClientProtocolClient (GrpcClientProtocolClient.java:onNext(255)) - client-EAA342753240->9a4a4c23-9ff3-4ce3-a619-2c71c0869997: receive RaftClientReply:client-EAA342753240->9a4a4c23-9ff3-4ce3-a619-2c71c0869997@group-EC4211DF0353, cid=853, SUCCESS, logIndex=1100, commits[9a4a4c23-9ff3-4ce3-a619-2c71c0869997:c1101, 9b0072ab-15b3-4973-9bcb-7fa02f6bfea9:c1097, 9f215ef2-7d46-4cda-b695-cae1b893f75f:c1097]
 0.00% |█                                                                                                    |  0/1 Time: 0:00:032019-08-20 16:03:50,337 [grpc-default-executor-6] INFO  client.GrpcClientProtocolClient (GrpcClientProtocolClient.java:onNext(255)) - client-EAA342753240->9a4a4c23-9ff3-4ce3-a619-2c71c0869997: receive RaftClientReply:client-EAA342753240->9a4a4c23-9ff3-4ce3-a619-2c71c0869997@group-EC4211DF0353, cid=854, SUCCESS, logIndex=1101, commits[9a4a4c23-9ff3-4ce3-a619-2c71c0869997:c1101, 9b0072ab-15b3-4973-9bcb-7fa02f6bfea9:c1097, 9f215ef2-7d46-4cda-b695-cae1b893f75f:c1097]
2019-08-20 16:03:50,338 [grpc-default-executor-6] INFO  client.GrpcClientProtocolClient (GrpcClientProtocolClient.java:onNext(255)) - client-EAA342753240->9a4a4c23-9ff3-4ce3-a619-2c71c0869997: receive RaftClientReply:client-EAA342753240->9a4a4c23-9ff3-4ce3-a619-2c71c0869997@group-EC4211DF0353, cid=855, SUCCESS, logIndex=0, commits[9a4a4c23-9ff3-4ce3-a619-2c71c0869997:c1104, 9b0072ab-15b3-4973-9bcb-7fa02f6bfea9:c1101, 9f215ef2-7d46-4cda-b695-cae1b893f75f:c1099]
2019-08-20 16:03:50,347 | INFO  | DNAudit | user=null | ip=null | op=WRITE_CHUNK {blockData=conID: 1 locID: 102650152704606636 bcsId: 0} | ret=SUCCESS |  
2019-08-20 16:03:50,347 | INFO  | DNAudit | user=null | ip=null | op=WRITE_CHUNK {blockData=conID: 1 locID: 102650152704606636 bcsId: 0} | ret=SUCCESS |  
2019-08-20 16:03:50,348 | INFO  | DNAudit | user=null | ip=null | op=PUT_BLOCK {blockData=[blockId=conID: 1 locID: 102650152704606636 bcsId: 0,size=1048576]} | ret=SUCCESS |  
2019-08-20 16:03:50,348 | INFO  | DNAudit | user=null | ip=null | op=PUT_BLOCK {blockData=[blockId=conID: 1 locID: 102650152704606636 bcsId: 0,size=1048576]} | ret=SUCCESS |  
2019-08-20 16:03:50,348 | INFO  | DNAudit | user=null | ip=null | op=WRITE_CHUNK {blockData=conID: 1 locID: 102650152704606636 bcsId: 0} | ret=SUCCESS |  
2019-08-20 16:03:50,348 | INFO  | DNAudit | user=null | ip=null | op=PUT_BLOCK {blockData=[blockId=conID: 1 locID: 102650152704606636 bcsId: 0,size=2097152]} | ret=SUCCESS |  
2019-08-20 16:03:50,349 | INFO  | DNAudit | user=null | ip=null | op=WRITE_CHUNK {blockData=conID: 1 locID: 102650152704606636 bcsId: 1101} | ret=SUCCESS |  
2019-08-20 16:03:50,349 | INFO  | DNAudit | user=null | ip=null | op=WRITE_CHUNK {blockData=conID: 1 locID: 102650152704606636 bcsId: 1101} | ret=SUCCESS |  
2019-08-20 16:03:50,349 | INFO  | DNAudit | user=null | ip=null | op=WRITE_CHUNK {blockData=conID: 1 locID: 102650152704606636 bcsId: 1101} | ret=SUCCESS |  
2019-08-20 16:03:50,356 | INFO  | DNAudit | user=null | ip=null | op=WRITE_CHUNK {blockData=conID: 1 locID: 102650152704606636 bcsId: 0} | ret=SUCCESS |  
2019-08-20 16:03:50,356 | INFO  | DNAudit | user=null | ip=null | op=PUT_BLOCK {blockData=[blockId=conID: 1 locID: 102650152704606636 bcsId: 0,size=2097152]} | ret=SUCCESS |  
2019-08-20 16:03:50,357 | INFO  | DNAudit | user=null | ip=null | op=WRITE_CHUNK {blockData=conID: 1 locID: 102650152704606636 bcsId: 1101} | ret=SUCCESS |  
2019-08-20 16:03:50,358 | INFO  | DNAudit | user=null | ip=null | op=PUT_BLOCK {blockData=[blockId=conID: 1 locID: 102650152704606636 bcsId: 0,size=3145728]} | ret=SUCCESS |  
2019-08-20 16:03:50,358 [grpc-default-executor-6] INFO  client.GrpcClientProtocolClient (GrpcClientProtocolClient.java:onNext(255)) - client-EAA342753240->9a4a4c23-9ff3-4ce3-a619-2c71c0869997: receive RaftClientReply:client-EAA342753240->9a4a4c23-9ff3-4ce3-a619-2c71c0869997@group-EC4211DF0353, cid=856, SUCCESS, logIndex=1105, commits[9a4a4c23-9ff3-4ce3-a619-2c71c0869997:c1106, 9b0072ab-15b3-4973-9bcb-7fa02f6bfea9:c1104, 9f215ef2-7d46-4cda-b695-cae1b893f75f:c1104]
2019-08-20 16:03:50,358 [grpc-default-executor-6] INFO  client.GrpcClientProtocolClient (GrpcClientProtocolClient.java:onNext(255)) - client-EAA342753240->9a4a4c23-9ff3-4ce3-a619-2c71c0869997: receive RaftClientReply:client-EAA342753240->9a4a4c23-9ff3-4ce3-a619-2c71c0869997@group-EC4211DF0353, cid=857, SUCCESS, logIndex=1106, commits[9a4a4c23-9ff3-4ce3-a619-2c71c0869997:c1106, 9b0072ab-15b3-4973-9bcb-7fa02f6bfea9:c1104, 9f215ef2-7d46-4cda-b695-cae1b893f75f:c1104]
2019-08-20 16:03:50,358 | INFO  | DNAudit | user=null | ip=null | op=WRITE_CHUNK {blockData=conID: 1 locID: 102650152704606636 bcsId: 1101} | ret=SUCCESS |  
2019-08-20 16:03:50,359 | INFO  | DNAudit | user=null | ip=null | op=WRITE_CHUNK {blockData=conID: 1 locID: 102650152704606636 bcsId: 1101} | ret=SUCCESS |  
2019-08-20 16:03:50,359 | INFO  | DNAudit | user=null | ip=null | op=PUT_BLOCK {blockData=[blockId=conID: 1 locID: 102650152704606636 bcsId: 0,size=3145728]} | ret=SUCCESS |  
2019-08-20 16:03:50,360 | INFO  | DNAudit | user=null | ip=null | op=PUT_BLOCK {blockData=[blockId=conID: 1 locID: 102650152704606636 bcsId: 0,size=3145728]} | ret=SUCCESS |  
2019-08-20 16:03:50,364 | INFO  | DNAudit | user=null | ip=null | op=WRITE_CHUNK {blockData=conID: 1 locID: 102650152704606636 bcsId: 1106} | ret=SUCCESS |  
2019-08-20 16:03:50,365 | INFO  | DNAudit | user=null | ip=null | op=WRITE_CHUNK {blockData=conID: 1 locID: 102650152704606636 bcsId: 1106} | ret=SUCCESS |  
2019-08-20 16:03:50,366 | INFO  | DNAudit | user=null | ip=null | op=WRITE_CHUNK {blockData=conID: 1 locID: 102650152704606636 bcsId: 1106} | ret=SUCCESS |  
2019-08-20 16:03:50,391 | INFO  | DNAudit | user=null | ip=null | op=WRITE_CHUNK {blockData=conID: 1 locID: 102650152704606636 bcsId: 1106} | ret=SUCCESS |  
2019-08-20 16:03:50,392 | INFO  | DNAudit | user=null | ip=null | op=PUT_BLOCK {blockData=[blockId=conID: 1 locID: 102650152704606636 bcsId: 0,size=4194304]} | ret=SUCCESS |  
2019-08-20 16:03:50,392 [grpc-default-executor-1] INFO  client.GrpcClientProtocolClient (GrpcClientProtocolClient.java:onNext(255)) - client-EAA342753240->9a4a4c23-9ff3-4ce3-a619-2c71c0869997: receive RaftClientReply:client-EAA342753240->9a4a4c23-9ff3-4ce3-a619-2c71c0869997@group-EC4211DF0353, cid=858, SUCCESS, logIndex=1109, commits[9a4a4c23-9ff3-4ce3-a619-2c71c0869997:c1110, 9b0072ab-15b3-4973-9bcb-7fa02f6bfea9:c1108, 9f215ef2-7d46-4cda-b695-cae1b893f75f:c1108]
2019-08-20 16:03:50,392 [grpc-default-executor-1] INFO  client.GrpcClientProtocolClient (GrpcClientProtocolClient.java:onNext(255)) - client-EAA342753240->9a4a4c23-9ff3-4ce3-a619-2c71c0869997: receive RaftClientReply:client-EAA342753240->9a4a4c23-9ff3-4ce3-a619-2c71c0869997@group-EC4211DF0353, cid=859, SUCCESS, logIndex=1110, commits[9a4a4c23-9ff3-4ce3-a619-2c71c0869997:c1110, 9b0072ab-15b3-4973-9bcb-7fa02f6bfea9:c1108, 9f215ef2-7d46-4cda-b695-cae1b893f75f:c1108]
2019-08-20 16:03:50,407 | INFO  | DNAudit | user=null | ip=null | op=WRITE_CHUNK {blockData=conID: 1 locID: 102650152704606636 bcsId: 1106} | ret=SUCCESS |  
2019-08-20 16:03:50,407 | INFO  | DNAudit | user=null | ip=null | op=WRITE_CHUNK {blockData=conID: 1 locID: 102650152704606636 bcsId: 1106} | ret=SUCCESS |  
2019-08-20 16:03:50,408 | INFO  | DNAudit | user=null | ip=null | op=PUT_BLOCK {blockData=[blockId=conID: 1 locID: 102650152704606636 bcsId: 0,size=4194304]} | ret=SUCCESS |  
2019-08-20 16:03:50,408 | INFO  | DNAudit | user=null | ip=null | op=PUT_BLOCK {blockData=[blockId=conID: 1 locID: 102650152704606636 bcsId: 0,size=4194304]} | ret=SUCCESS |  
2019-08-20 16:03:50,408 [grpc-default-executor-6] INFO  client.GrpcClientProtocolClient (GrpcClientProtocolClient.java:onNext(255)) - client-EAA342753240->9a4a4c23-9ff3-4ce3-a619-2c71c0869997: receive RaftClientReply:client-EAA342753240->9a4a4c23-9ff3-4ce3-a619-2c71c0869997@group-EC4211DF0353, cid=860, SUCCESS, logIndex=0, commits[9a4a4c23-9ff3-4ce3-a619-2c71c0869997:c1111, 9b0072ab-15b3-4973-9bcb-7fa02f6bfea9:c1110, 9f215ef2-7d46-4cda-b695-cae1b893f75f:c1110]
2019-08-20 16:03:50,415 | INFO  | DNAudit | user=null | ip=null | op=WRITE_CHUNK {blockData=conID: 2 locID: 102650152704606637 bcsId: 0} | ret=SUCCESS |  
2019-08-20 16:03:50,417 | INFO  | DNAudit | user=null | ip=null | op=WRITE_CHUNK {blockData=conID: 2 locID: 102650152704606637 bcsId: 0} | ret=SUCCESS |  
2019-08-20 16:03:50,418 | INFO  | DNAudit | user=null | ip=null | op=WRITE_CHUNK {blockData=conID: 2 locID: 102650152704606637 bcsId: 0} | ret=SUCCESS |  
2019-08-20 16:03:50,419 | INFO  | DNAudit | user=null | ip=null | op=WRITE_CHUNK {blockData=conID: 2 locID: 102650152704606637 bcsId: 0} | ret=SUCCESS |  
2019-08-20 16:03:50,421 | INFO  | DNAudit | user=null | ip=null | op=WRITE_CHUNK {blockData=conID: 2 locID: 102650152704606637 bcsId: 0} | ret=SUCCESS |  
2019-08-20 16:03:50,422 | INFO  | DNAudit | user=null | ip=null | op=WRITE_CHUNK {blockData=conID: 2 locID: 102650152704606637 bcsId: 0} | ret=SUCCESS |  
2019-08-20 16:03:50,451 | INFO  | DNAudit | user=null | ip=null | op=WRITE_CHUNK {blockData=conID: 2 locID: 102650152704606637 bcsId: 0} | ret=SUCCESS |  
2019-08-20 16:03:50,451 | INFO  | DNAudit | user=null | ip=null | op=WRITE_CHUNK {blockData=conID: 2 locID: 102650152704606637 bcsId: 0} | ret=SUCCESS |  
2019-08-20 16:03:50,451 | INFO  | DNAudit | user=null | ip=null | op=WRITE_CHUNK {blockData=conID: 2 locID: 102650152704606637 bcsId: 0} | ret=SUCCESS |  
2019-08-20 16:03:50,451 | INFO  | DNAudit | user=null | ip=null | op=PUT_BLOCK {blockData=[blockId=conID: 2 locID: 102650152704606637 bcsId: 0,size=1048576]} | ret=SUCCESS |  
2019-08-20 16:03:50,451 | INFO  | DNAudit | user=null | ip=null | op=PUT_BLOCK {blockData=[blockId=conID: 2 locID: 102650152704606637 bcsId: 0,size=1048576]} | ret=SUCCESS |  
2019-08-20 16:03:50,451 | INFO  | DNAudit | user=null | ip=null | op=PUT_BLOCK {blockData=[blockId=conID: 2 locID: 102650152704606637 bcsId: 0,size=1048576]} | ret=SUCCESS |  
2019-08-20 16:03:50,452 | INFO  | DNAudit | user=null | ip=null | op=WRITE_CHUNK {blockData=conID: 2 locID: 102650152704606637 bcsId: 0} | ret=SUCCESS |  
2019-08-20 16:03:50,452 | INFO  | DNAudit | user=null | ip=null | op=WRITE_CHUNK {blockData=conID: 2 locID: 102650152704606637 bcsId: 0} | ret=SUCCESS |  
2019-08-20 16:03:50,452 | INFO  | DNAudit | user=null | ip=null | op=WRITE_CHUNK {blockData=conID: 2 locID: 102650152704606637 bcsId: 0} | ret=SUCCESS |  
2019-08-20 16:03:50,452 | INFO  | DNAudit | user=null | ip=null | op=PUT_BLOCK {blockData=[blockId=conID: 2 locID: 102650152704606637 bcsId: 0,size=2097152]} | ret=SUCCESS |  
2019-08-20 16:03:50,452 | INFO  | DNAudit | user=null | ip=null | op=PUT_BLOCK {blockData=[blockId=conID: 2 locID: 102650152704606637 bcsId: 0,size=2097152]} | ret=SUCCESS |  
2019-08-20 16:03:50,452 [grpc-default-executor-1] INFO  client.GrpcClientProtocolClient (GrpcClientProtocolClient.java:onNext(255)) - client-EAA342753240->9a4a4c23-9ff3-4ce3-a619-2c71c0869997: receive RaftClientReply:client-EAA342753240->9a4a4c23-9ff3-4ce3-a619-2c71c0869997@group-EC4211DF0353, cid=861, SUCCESS, logIndex=1113, commits[9a4a4c23-9ff3-4ce3-a619-2c71c0869997:c1116, 9b0072ab-15b3-4973-9bcb-7fa02f6bfea9:c1116, 9f215ef2-7d46-4cda-b695-cae1b893f75f:c1116]
2019-08-20 16:03:50,452 | INFO  | DNAudit | user=null | ip=null | op=PUT_BLOCK {blockData=[blockId=conID: 2 locID: 102650152704606637 bcsId: 0,size=2097152]} | ret=SUCCESS |  
2019-08-20 16:03:50,452 [grpc-default-executor-1] INFO  client.GrpcClientProtocolClient (GrpcClientProtocolClient.java:onNext(255)) - client-EAA342753240->9a4a4c23-9ff3-4ce3-a619-2c71c0869997: receive RaftClientReply:client-EAA342753240->9a4a4c23-9ff3-4ce3-a619-2c71c0869997@group-EC4211DF0353, cid=862, SUCCESS, logIndex=1114, commits[9a4a4c23-9ff3-4ce3-a619-2c71c0869997:c1116, 9b0072ab-15b3-4973-9bcb-7fa02f6bfea9:c1116, 9f215ef2-7d46-4cda-b695-cae1b893f75f:c1116]
2019-08-20 16:03:50,453 [grpc-default-executor-1] INFO  client.GrpcClientProtocolClient (GrpcClientProtocolClient.java:onNext(255)) - client-EAA342753240->9a4a4c23-9ff3-4ce3-a619-2c71c0869997: receive RaftClientReply:client-EAA342753240->9a4a4c23-9ff3-4ce3-a619-2c71c0869997@group-EC4211DF0353, cid=863, SUCCESS, logIndex=1115, commits[9a4a4c23-9ff3-4ce3-a619-2c71c0869997:c1116, 9b0072ab-15b3-4973-9bcb-7fa02f6bfea9:c1116, 9f215ef2-7d46-4cda-b695-cae1b893f75f:c1116]
2019-08-20 16:03:50,453 [grpc-default-executor-1] INFO  client.GrpcClientProtocolClient (GrpcClientProtocolClient.java:onNext(255)) - client-EAA342753240->9a4a4c23-9ff3-4ce3-a619-2c71c0869997: receive RaftClientReply:client-EAA342753240->9a4a4c23-9ff3-4ce3-a619-2c71c0869997@group-EC4211DF0353, cid=864, SUCCESS, logIndex=1116, commits[9a4a4c23-9ff3-4ce3-a619-2c71c0869997:c1116, 9b0072ab-15b3-4973-9bcb-7fa02f6bfea9:c1116, 9f215ef2-7d46-4cda-b695-cae1b893f75f:c1116]
2019-08-20 16:03:50,461 | INFO  | DNAudit | user=null | ip=null | op=WRITE_CHUNK {blockData=conID: 2 locID: 102650152704606637 bcsId: 1116} | ret=SUCCESS |  
2019-08-20 16:03:50,464 | INFO  | DNAudit | user=null | ip=null | op=WRITE_CHUNK {blockData=conID: 2 locID: 102650152704606637 bcsId: 1116} | ret=SUCCESS |  
2019-08-20 16:03:50,464 | INFO  | DNAudit | user=null | ip=null | op=WRITE_CHUNK {blockData=conID: 2 locID: 102650152704606637 bcsId: 1116} | ret=SUCCESS |  
2019-08-20 16:03:50,465 | INFO  | DNAudit | user=null | ip=null | op=WRITE_CHUNK {blockData=conID: 2 locID: 102650152704606637 bcsId: 1116} | ret=SUCCESS |  
2019-08-20 16:03:50,467 | INFO  | DNAudit | user=null | ip=null | op=WRITE_CHUNK {blockData=conID: 2 locID: 102650152704606637 bcsId: 1116} | ret=SUCCESS |  
2019-08-20 16:03:50,467 | INFO  | DNAudit | user=null | ip=null | op=WRITE_CHUNK {blockData=conID: 2 locID: 102650152704606637 bcsId: 1116} | ret=SUCCESS |  
2019-08-20 16:03:50,469 | INFO  | DNAudit | user=null | ip=null | op=WRITE_CHUNK {blockData=conID: 2 locID: 102650152704606637 bcsId: 1116} | ret=SUCCESS |  
2019-08-20 16:03:50,470 | INFO  | DNAudit | user=null | ip=null | op=PUT_BLOCK {blockData=[blockId=conID: 2 locID: 102650152704606637 bcsId: 0,size=3145728]} | ret=SUCCESS |  
2019-08-20 16:03:50,470 | INFO  | DNAudit | user=null | ip=null | op=WRITE_CHUNK {blockData=conID: 2 locID: 102650152704606637 bcsId: 1116} | ret=SUCCESS |  
2019-08-20 16:03:50,470 [grpc-default-executor-0] INFO  client.GrpcClientProtocolClient (GrpcClientProtocolClient.java:onNext(255)) - client-EAA342753240->9a4a4c23-9ff3-4ce3-a619-2c71c0869997: receive RaftClientReply:client-EAA342753240->9a4a4c23-9ff3-4ce3-a619-2c71c0869997@group-EC4211DF0353, cid=865, SUCCESS, logIndex=1121, commits[9a4a4c23-9ff3-4ce3-a619-2c71c0869997:c1122, 9b0072ab-15b3-4973-9bcb-7fa02f6bfea9:c1120, 9f215ef2-7d46-4cda-b695-cae1b893f75f:c1120]
2019-08-20 16:03:50,470 | INFO  | DNAudit | user=null | ip=null | op=PUT_BLOCK {blockData=[blockId=conID: 2 locID: 102650152704606637 bcsId: 0,size=4194304]} | ret=SUCCESS |  
2019-08-20 16:03:50,471 [grpc-default-executor-0] INFO  client.GrpcClientProtocolClient (GrpcClientProtocolClient.java:onNext(255)) - client-EAA342753240->9a4a4c23-9ff3-4ce3-a619-2c71c0869997: receive RaftClientReply:client-EAA342753240->9a4a4c23-9ff3-4ce3-a619-2c71c0869997@group-EC4211DF0353, cid=866, SUCCESS, logIndex=1122, commits[9a4a4c23-9ff3-4ce3-a619-2c71c0869997:c1124, 9b0072ab-15b3-4973-9bcb-7fa02f6bfea9:c1120, 9f215ef2-7d46-4cda-b695-cae1b893f75f:c1120]
2019-08-20 16:03:50,471 [grpc-default-executor-0] INFO  client.GrpcClientProtocolClient (GrpcClientProtocolClient.java:onNext(255)) - client-EAA342753240->9a4a4c23-9ff3-4ce3-a619-2c71c0869997: receive RaftClientReply:client-EAA342753240->9a4a4c23-9ff3-4ce3-a619-2c71c0869997@group-EC4211DF0353, cid=867, SUCCESS, logIndex=1123, commits[9a4a4c23-9ff3-4ce3-a619-2c71c0869997:c1124, 9b0072ab-15b3-4973-9bcb-7fa02f6bfea9:c1120, 9f215ef2-7d46-4cda-b695-cae1b893f75f:c1120]
2019-08-20 16:03:50,471 | INFO  | DNAudit | user=null | ip=null | op=WRITE_CHUNK {blockData=conID: 2 locID: 102650152704606637 bcsId: 1116} | ret=SUCCESS |  
2019-08-20 16:03:50,471 [grpc-default-executor-5] INFO  client.GrpcClientProtocolClient (GrpcClientProtocolClient.java:onNext(255)) - client-EAA342753240->9a4a4c23-9ff3-4ce3-a619-2c71c0869997: receive RaftClientReply:client-EAA342753240->9a4a4c23-9ff3-4ce3-a619-2c71c0869997@group-EC4211DF0353, cid=868, SUCCESS, logIndex=1124, commits[9a4a4c23-9ff3-4ce3-a619-2c71c0869997:c1124, 9b0072ab-15b3-4973-9bcb-7fa02f6bfea9:c1120, 9f215ef2-7d46-4cda-b695-cae1b893f75f:c1120]
2019-08-20 16:03:50,472 | INFO  | DNAudit | user=null | ip=null | op=WRITE_CHUNK {blockData=conID: 2 locID: 102650152704606637 bcsId: 1116} | ret=SUCCESS |  
2019-08-20 16:03:50,472 | INFO  | DNAudit | user=null | ip=null | op=PUT_BLOCK {blockData=[blockId=conID: 2 locID: 102650152704606637 bcsId: 0,size=3145728]} | ret=SUCCESS |  
2019-08-20 16:03:50,472 | INFO  | DNAudit | user=null | ip=null | op=WRITE_CHUNK {blockData=conID: 2 locID: 102650152704606637 bcsId: 1116} | ret=SUCCESS |  
2019-08-20 16:03:50,473 | INFO  | DNAudit | user=null | ip=null | op=PUT_BLOCK {blockData=[blockId=conID: 2 locID: 102650152704606637 bcsId: 0,size=3145728]} | ret=SUCCESS |  
2019-08-20 16:03:50,473 | INFO  | DNAudit | user=null | ip=null | op=WRITE_CHUNK {blockData=conID: 2 locID: 102650152704606637 bcsId: 1116} | ret=SUCCESS |  
2019-08-20 16:03:50,473 [grpc-default-executor-5] INFO  client.GrpcClientProtocolClient (GrpcClientProtocolClient.java:onNext(255)) - client-EAA342753240->9a4a4c23-9ff3-4ce3-a619-2c71c0869997: receive RaftClientReply:client-EAA342753240->9a4a4c23-9ff3-4ce3-a619-2c71c0869997@group-EC4211DF0353, cid=869, SUCCESS, logIndex=0, commits[9a4a4c23-9ff3-4ce3-a619-2c71c0869997:c1127, 9b0072ab-15b3-4973-9bcb-7fa02f6bfea9:c1123, 9f215ef2-7d46-4cda-b695-cae1b893f75f:c1122]
2019-08-20 16:03:50,473 | INFO  | DNAudit | user=null | ip=null | op=PUT_BLOCK {blockData=[blockId=conID: 2 locID: 102650152704606637 bcsId: 0,size=4194304]} | ret=SUCCESS |  
2019-08-20 16:03:50,473 | INFO  | DNAudit | user=null | ip=null | op=PUT_BLOCK {blockData=[blockId=conID: 2 locID: 102650152704606637 bcsId: 0,size=4194304]} | ret=SUCCESS |  
2019-08-20 16:03:50,474 [grpc-default-executor-5] INFO  client.GrpcClientProtocolClient (GrpcClientProtocolClient.java:onNext(255)) - client-EAA342753240->9a4a4c23-9ff3-4ce3-a619-2c71c0869997: receive RaftClientReply:client-EAA342753240->9a4a4c23-9ff3-4ce3-a619-2c71c0869997@group-EC4211DF0353, cid=870, SUCCESS, logIndex=0, commits[9a4a4c23-9ff3-4ce3-a619-2c71c0869997:c1128, 9b0072ab-15b3-4973-9bcb-7fa02f6bfea9:c1124, 9f215ef2-7d46-4cda-b695-cae1b893f75f:c1124]
2019-08-20 16:03:50,480 | INFO  | DNAudit | user=null | ip=null | op=WRITE_CHUNK {blockData=conID: 3 locID: 102650152704606638 bcsId: 0} | ret=SUCCESS |  
2019-08-20 16:03:50,483 | INFO  | DNAudit | user=null | ip=null | op=WRITE_CHUNK {blockData=conID: 3 locID: 102650152704606638 bcsId: 0} | ret=SUCCESS |  
2019-08-20 16:03:50,483 | INFO  | DNAudit | user=null | ip=null | op=WRITE_CHUNK {blockData=conID: 3 locID: 102650152704606638 bcsId: 0} | ret=SUCCESS |  
2019-08-20 16:03:50,483 | INFO  | DNAudit | user=null | ip=null | op=WRITE_CHUNK {blockData=conID: 3 locID: 102650152704606638 bcsId: 0} | ret=SUCCESS |  
2019-08-20 16:03:50,485 | INFO  | DNAudit | user=null | ip=null | op=WRITE_CHUNK {blockData=conID: 3 locID: 102650152704606638 bcsId: 0} | ret=SUCCESS |  
2019-08-20 16:03:50,485 | INFO  | DNAudit | user=null | ip=null | op=WRITE_CHUNK {blockData=conID: 3 locID: 102650152704606638 bcsId: 0} | ret=SUCCESS |  
2019-08-20 16:03:50,488 | INFO  | DNAudit | user=null | ip=null | op=WRITE_CHUNK {blockData=conID: 3 locID: 102650152704606638 bcsId: 0} | ret=SUCCESS |  
2019-08-20 16:03:50,488 | INFO  | DNAudit | user=null | ip=null | op=PUT_BLOCK {blockData=[blockId=conID: 3 locID: 102650152704606638 bcsId: 0,size=1048576]} | ret=SUCCESS |  
2019-08-20 16:03:50,488 [grpc-default-executor-0] INFO  client.GrpcClientProtocolClient (GrpcClientProtocolClient.java:onNext(255)) - client-EAA342753240->9a4a4c23-9ff3-4ce3-a619-2c71c0869997: receive RaftClientReply:client-EAA342753240->9a4a4c23-9ff3-4ce3-a619-2c71c0869997@group-EC4211DF0353, cid=871, SUCCESS, logIndex=1129, commits[9a4a4c23-9ff3-4ce3-a619-2c71c0869997:c1130, 9b0072ab-15b3-4973-9bcb-7fa02f6bfea9:c1128, 9f215ef2-7d46-4cda-b695-cae1b893f75f:c1128]
2019-08-20 16:03:50,489 | INFO  | DNAudit | user=null | ip=null | op=WRITE_CHUNK {blockData=conID: 3 locID: 102650152704606638 bcsId: 0} | ret=SUCCESS |  
2019-08-20 16:03:50,489 | INFO  | DNAudit | user=null | ip=null | op=PUT_BLOCK {blockData=[blockId=conID: 3 locID: 102650152704606638 bcsId: 0,size=2097152]} | ret=SUCCESS |  
2019-08-20 16:03:50,489 [grpc-default-executor-0] INFO  client.GrpcClientProtocolClient (GrpcClientProtocolClient.java:onNext(255)) - client-EAA342753240->9a4a4c23-9ff3-4ce3-a619-2c71c0869997: receive RaftClientReply:client-EAA342753240->9a4a4c23-9ff3-4ce3-a619-2c71c0869997@group-EC4211DF0353, cid=872, SUCCESS, logIndex=1130, commits[9a4a4c23-9ff3-4ce3-a619-2c71c0869997:c1130, 9b0072ab-15b3-4973-9bcb-7fa02f6bfea9:c1128, 9f215ef2-7d46-4cda-b695-cae1b893f75f:c1128]
2019-08-20 16:03:50,490 [grpc-default-executor-0] INFO  client.GrpcClientProtocolClient (GrpcClientProtocolClient.java:onNext(255)) - client-EAA342753240->9a4a4c23-9ff3-4ce3-a619-2c71c0869997: receive RaftClientReply:client-EAA342753240->9a4a4c23-9ff3-4ce3-a619-2c71c0869997@group-EC4211DF0353, cid=873, SUCCESS, logIndex=1131, commits[9a4a4c23-9ff3-4ce3-a619-2c71c0869997:c1132, 9b0072ab-15b3-4973-9bcb-7fa02f6bfea9:c1128, 9f215ef2-7d46-4cda-b695-cae1b893f75f:c1128]
2019-08-20 16:03:50,490 [grpc-default-executor-1] INFO  client.GrpcClientProtocolClient (GrpcClientProtocolClient.java:onNext(255)) - client-EAA342753240->9a4a4c23-9ff3-4ce3-a619-2c71c0869997: receive RaftClientReply:client-EAA342753240->9a4a4c23-9ff3-4ce3-a619-2c71c0869997@group-EC4211DF0353, cid=874, SUCCESS, logIndex=1132, commits[9a4a4c23-9ff3-4ce3-a619-2c71c0869997:c1132, 9b0072ab-15b3-4973-9bcb-7fa02f6bfea9:c1128, 9f215ef2-7d46-4cda-b695-cae1b893f75f:c1128]
2019-08-20 16:03:50,490 | INFO  | DNAudit | user=null | ip=null | op=WRITE_CHUNK {blockData=conID: 3 locID: 102650152704606638 bcsId: 0} | ret=SUCCESS |  
2019-08-20 16:03:50,490 | INFO  | DNAudit | user=null | ip=null | op=PUT_BLOCK {blockData=[blockId=conID: 3 locID: 102650152704606638 bcsId: 0,size=1048576]} | ret=SUCCESS |  
2019-08-20 16:03:50,491 | INFO  | DNAudit | user=null | ip=null | op=WRITE_CHUNK {blockData=conID: 3 locID: 102650152704606638 bcsId: 0} | ret=SUCCESS |  
2019-08-20 16:03:50,491 | INFO  | DNAudit | user=null | ip=null | op=PUT_BLOCK {blockData=[blockId=conID: 3 locID: 102650152704606638 bcsId: 0,size=2097152]} | ret=SUCCESS |  
2019-08-20 16:03:50,491 | INFO  | DNAudit | user=null | ip=null | op=WRITE_CHUNK {blockData=conID: 3 locID: 102650152704606638 bcsId: 0} | ret=SUCCESS |  
2019-08-20 16:03:50,491 | INFO  | DNAudit | user=null | ip=null | op=PUT_BLOCK {blockData=[blockId=conID: 3 locID: 102650152704606638 bcsId: 0,size=1048576]} | ret=SUCCESS |  
2019-08-20 16:03:50,492 | INFO  | DNAudit | user=null | ip=null | op=WRITE_CHUNK {blockData=conID: 3 locID: 102650152704606638 bcsId: 0} | ret=SUCCESS |  
2019-08-20 16:03:50,492 [grpc-default-executor-0] INFO  client.GrpcClientProtocolClient (GrpcClientProtocolClient.java:onNext(255)) - client-EAA342753240->9a4a4c23-9ff3-4ce3-a619-2c71c0869997: receive RaftClientReply:client-EAA342753240->9a4a4c23-9ff3-4ce3-a619-2c71c0869997@group-EC4211DF0353, cid=875, SUCCESS, logIndex=0, commits[9a4a4c23-9ff3-4ce3-a619-2c71c0869997:c1136, 9b0072ab-15b3-4973-9bcb-7fa02f6bfea9:c1132, 9f215ef2-7d46-4cda-b695-cae1b893f75f:c1130]
2019-08-20 16:03:50,492 | INFO  | DNAudit | user=null | ip=null | op=PUT_BLOCK {blockData=[blockId=conID: 3 locID: 102650152704606638 bcsId: 0,size=2097152]} | ret=SUCCESS |  
2019-08-20 16:03:50,497 | INFO  | DNAudit | user=null | ip=null | op=WRITE_CHUNK {blockData=conID: 3 locID: 102650152704606638 bcsId: 1132} | ret=SUCCESS |  
2019-08-20 16:03:50,500 | INFO  | DNAudit | user=null | ip=null | op=WRITE_CHUNK {blockData=conID: 3 locID: 102650152704606638 bcsId: 1132} | ret=SUCCESS |  
2019-08-20 16:03:50,500 | INFO  | DNAudit | user=null | ip=null | op=WRITE_CHUNK {blockData=conID: 3 locID: 102650152704606638 bcsId: 1132} | ret=SUCCESS |  
2019-08-20 16:03:50,501 | INFO  | DNAudit | user=null | ip=null | op=WRITE_CHUNK {blockData=conID: 3 locID: 102650152704606638 bcsId: 1132} | ret=SUCCESS |  
2019-08-20 16:03:50,502 | INFO  | DNAudit | user=null | ip=null | op=PUT_BLOCK {blockData=[blockId=conID: 3 locID: 102650152704606638 bcsId: 0,size=3145728]} | ret=SUCCESS |  
2019-08-20 16:03:50,502 [grpc-default-executor-5] INFO  client.GrpcClientProtocolClient (GrpcClientProtocolClient.java:onNext(255)) - client-EAA342753240->9a4a4c23-9ff3-4ce3-a619-2c71c0869997: receive RaftClientReply:client-EAA342753240->9a4a4c23-9ff3-4ce3-a619-2c71c0869997@group-EC4211DF0353, cid=876, SUCCESS, logIndex=1137, commits[9a4a4c23-9ff3-4ce3-a619-2c71c0869997:c1138, 9b0072ab-15b3-4973-9bcb-7fa02f6bfea9:c1136, 9f215ef2-7d46-4cda-b695-cae1b893f75f:c1136]
2019-08-20 16:03:50,502 [grpc-default-executor-5] INFO  client.GrpcClientProtocolClient (GrpcClientProtocolClient.java:onNext(255)) - client-EAA342753240->9a4a4c23-9ff3-4ce3-a619-2c71c0869997: receive RaftClientReply:client-EAA342753240->9a4a4c23-9ff3-4ce3-a619-2c71c0869997@group-EC4211DF0353, cid=877, SUCCESS, logIndex=1138, commits[9a4a4c23-9ff3-4ce3-a619-2c71c0869997:c1138, 9b0072ab-15b3-4973-9bcb-7fa02f6bfea9:c1136, 9f215ef2-7d46-4cda-b695-cae1b893f75f:c1136]
2019-08-20 16:03:50,503 | INFO  | DNAudit | user=null | ip=null | op=WRITE_CHUNK {blockData=conID: 3 locID: 102650152704606638 bcsId: 1132} | ret=SUCCESS |  
2019-08-20 16:03:50,503 | INFO  | DNAudit | user=null | ip=null | op=WRITE_CHUNK {blockData=conID: 3 locID: 102650152704606638 bcsId: 1132} | ret=SUCCESS |  
2019-08-20 16:03:50,503 | INFO  | DNAudit | user=null | ip=null | op=PUT_BLOCK {blockData=[blockId=conID: 3 locID: 102650152704606638 bcsId: 0,size=3145728]} | ret=SUCCESS |  
2019-08-20 16:03:50,503 | INFO  | DNAudit | user=null | ip=null | op=PUT_BLOCK {blockData=[blockId=conID: 3 locID: 102650152704606638 bcsId: 0,size=3145728]} | ret=SUCCESS |  
2019-08-20 16:03:50,509 | INFO  | DNAudit | user=null | ip=null | op=WRITE_CHUNK {blockData=conID: 3 locID: 102650152704606638 bcsId: 1138} | ret=SUCCESS |  
2019-08-20 16:03:50,649 | INFO  | DNAudit | user=null | ip=null | op=WRITE_CHUNK {blockData=conID: 3 locID: 102650152704606638 bcsId: 1138} | ret=SUCCESS |  
2019-08-20 16:03:50,650 | INFO  | DNAudit | user=null | ip=null | op=WRITE_CHUNK {blockData=conID: 3 locID: 102650152704606638 bcsId: 1138} | ret=SUCCESS |  
2019-08-20 16:03:50,688 | INFO  | DNAudit | user=null | ip=null | op=WRITE_CHUNK {blockData=conID: 3 locID: 102650152704606638 bcsId: 1138} | ret=SUCCESS |  
2019-08-20 16:03:50,688 | INFO  | DNAudit | user=null | ip=null | op=PUT_BLOCK {blockData=[blockId=conID: 3 locID: 102650152704606638 bcsId: 0,size=4194304]} | ret=SUCCESS |  
2019-08-20 16:03:50,689 [grpc-default-executor-1] INFO  client.GrpcClientProtocolClient (GrpcClientProtocolClient.java:onNext(255)) - client-EAA342753240->9a4a4c23-9ff3-4ce3-a619-2c71c0869997: receive RaftClientReply:client-EAA342753240->9a4a4c23-9ff3-4ce3-a619-2c71c0869997@group-EC4211DF0353, cid=878, SUCCESS, logIndex=1141, commits[9a4a4c23-9ff3-4ce3-a619-2c71c0869997:c1142, 9b0072ab-15b3-4973-9bcb-7fa02f6bfea9:c1140, 9f215ef2-7d46-4cda-b695-cae1b893f75f:c1140]
2019-08-20 16:03:50,689 [grpc-default-executor-5] INFO  client.GrpcClientProtocolClient (GrpcClientProtocolClient.java:onNext(255)) - client-EAA342753240->9a4a4c23-9ff3-4ce3-a619-2c71c0869997: receive RaftClientReply:client-EAA342753240->9a4a4c23-9ff3-4ce3-a619-2c71c0869997@group-EC4211DF0353, cid=879, SUCCESS, logIndex=1142, commits[9a4a4c23-9ff3-4ce3-a619-2c71c0869997:c1142, 9b0072ab-15b3-4973-9bcb-7fa02f6bfea9:c1140, 9f215ef2-7d46-4cda-b695-cae1b893f75f:c1140]
2019-08-20 16:03:50,699 | INFO  | DNAudit | user=null | ip=null | op=WRITE_CHUNK {blockData=conID: 3 locID: 102650152704606638 bcsId: 1138} | ret=SUCCESS |  
2019-08-20 16:03:50,699 | INFO  | DNAudit | user=null | ip=null | op=WRITE_CHUNK {blockData=conID: 3 locID: 102650152704606638 bcsId: 1138} | ret=SUCCESS |  
2019-08-20 16:03:50,700 | INFO  | DNAudit | user=null | ip=null | op=PUT_BLOCK {blockData=[blockId=conID: 3 locID: 102650152704606638 bcsId: 0,size=4194304]} | ret=SUCCESS |  
2019-08-20 16:03:50,700 | INFO  | DNAudit | user=null | ip=null | op=PUT_BLOCK {blockData=[blockId=conID: 3 locID: 102650152704606638 bcsId: 0,size=4194304]} | ret=SUCCESS |  
2019-08-20 16:03:50,700 [grpc-default-executor-5] INFO  client.GrpcClientProtocolClient (GrpcClientProtocolClient.java:onNext(255)) - client-EAA342753240->9a4a4c23-9ff3-4ce3-a619-2c71c0869997: receive RaftClientReply:client-EAA342753240->9a4a4c23-9ff3-4ce3-a619-2c71c0869997@group-EC4211DF0353, cid=880, SUCCESS, logIndex=0, commits[9a4a4c23-9ff3-4ce3-a619-2c71c0869997:c1143, 9b0072ab-15b3-4973-9bcb-7fa02f6bfea9:c1142, 9f215ef2-7d46-4cda-b695-cae1b893f75f:c1142]
2019-08-20 16:03:50,710 | INFO  | DNAudit | user=null | ip=null | op=WRITE_CHUNK {blockData=conID: 1 locID: 102650152704672175 bcsId: 0} | ret=SUCCESS |  
2019-08-20 16:03:50,714 | INFO  | DNAudit | user=null | ip=null | op=WRITE_CHUNK {blockData=conID: 1 locID: 102650152704672175 bcsId: 0} | ret=SUCCESS |  
2019-08-20 16:03:50,714 | INFO  | DNAudit | user=null | ip=null | op=WRITE_CHUNK {blockData=conID: 1 locID: 102650152704672175 bcsId: 0} | ret=SUCCESS |  
2019-08-20 16:03:50,715 | INFO  | DNAudit | user=null | ip=null | op=WRITE_CHUNK {blockData=conID: 1 locID: 102650152704672175 bcsId: 0} | ret=SUCCESS |  
2019-08-20 16:03:50,718 | INFO  | DNAudit | user=null | ip=null | op=WRITE_CHUNK {blockData=conID: 1 locID: 102650152704672175 bcsId: 0} | ret=SUCCESS |  
2019-08-20 16:03:50,718 | INFO  | DNAudit | user=null | ip=null | op=WRITE_CHUNK {blockData=conID: 1 locID: 102650152704672175 bcsId: 0} | ret=SUCCESS |  
2019-08-20 16:03:50,724 | INFO  | DNAudit | user=null | ip=null | op=WRITE_CHUNK {blockData=conID: 1 locID: 102650152704672175 bcsId: 0} | ret=SUCCESS |  
2019-08-20 16:03:50,724 | INFO  | DNAudit | user=null | ip=null | op=PUT_BLOCK {blockData=[blockId=conID: 1 locID: 102650152704672175 bcsId: 0,size=1048576]} | ret=SUCCESS |  
2019-08-20 16:03:50,725 | INFO  | DNAudit | user=null | ip=null | op=WRITE_CHUNK {blockData=conID: 1 locID: 102650152704672175 bcsId: 0} | ret=SUCCESS |  
2019-08-20 16:03:50,725 [grpc-default-executor-1] INFO  client.GrpcClientProtocolClient (GrpcClientProtocolClient.java:onNext(255)) - client-EAA342753240->9a4a4c23-9ff3-4ce3-a619-2c71c0869997: receive RaftClientReply:client-EAA342753240->9a4a4c23-9ff3-4ce3-a619-2c71c0869997@group-EC4211DF0353, cid=881, SUCCESS, logIndex=1145, commits[9a4a4c23-9ff3-4ce3-a619-2c71c0869997:c1146, 9b0072ab-15b3-4973-9bcb-7fa02f6bfea9:c1144, 9f215ef2-7d46-4cda-b695-cae1b893f75f:c1144]
2019-08-20 16:03:50,725 | INFO  | DNAudit | user=null | ip=null | op=WRITE_CHUNK {blockData=conID: 1 locID: 102650152704672175 bcsId: 0} | ret=SUCCESS |  
2019-08-20 16:03:50,725 | INFO  | DNAudit | user=null | ip=null | op=PUT_BLOCK {blockData=[blockId=conID: 1 locID: 102650152704672175 bcsId: 0,size=2097152]} | ret=SUCCESS |  
2019-08-20 16:03:50,726 | INFO  | DNAudit | user=null | ip=null | op=PUT_BLOCK {blockData=[blockId=conID: 1 locID: 102650152704672175 bcsId: 0,size=1048576]} | ret=SUCCESS |  
2019-08-20 16:03:50,726 | INFO  | DNAudit | user=null | ip=null | op=WRITE_CHUNK {blockData=conID: 1 locID: 102650152704672175 bcsId: 0} | ret=SUCCESS |  
2019-08-20 16:03:50,726 [grpc-default-executor-1] INFO  client.GrpcClientProtocolClient (GrpcClientProtocolClient.java:onNext(255)) - client-EAA342753240->9a4a4c23-9ff3-4ce3-a619-2c71c0869997: receive RaftClientReply:client-EAA342753240->9a4a4c23-9ff3-4ce3-a619-2c71c0869997@group-EC4211DF0353, cid=882, SUCCESS, logIndex=1146, commits[9a4a4c23-9ff3-4ce3-a619-2c71c0869997:c1148, 9b0072ab-15b3-4973-9bcb-7fa02f6bfea9:c1144, 9f215ef2-7d46-4cda-b695-cae1b893f75f:c1144]
2019-08-20 16:03:50,726 | INFO  | DNAudit | user=null | ip=null | op=PUT_BLOCK {blockData=[blockId=conID: 1 locID: 102650152704672175 bcsId: 0,size=1048576]} | ret=SUCCESS |  
2019-08-20 16:03:50,727 | INFO  | DNAudit | user=null | ip=null | op=WRITE_CHUNK {blockData=conID: 1 locID: 102650152704672175 bcsId: 0} | ret=SUCCESS |  
2019-08-20 16:03:50,726 [grpc-default-executor-1] INFO  client.GrpcClientProtocolClient (GrpcClientProtocolClient.java:onNext(255)) - client-EAA342753240->9a4a4c23-9ff3-4ce3-a619-2c71c0869997: receive RaftClientReply:client-EAA342753240->9a4a4c23-9ff3-4ce3-a619-2c71c0869997@group-EC4211DF0353, cid=883, SUCCESS, logIndex=1147, commits[9a4a4c23-9ff3-4ce3-a619-2c71c0869997:c1148, 9b0072ab-15b3-4973-9bcb-7fa02f6bfea9:c1144, 9f215ef2-7d46-4cda-b695-cae1b893f75f:c1144]
2019-08-20 16:03:50,727 | INFO  | DNAudit | user=null | ip=null | op=PUT_BLOCK {blockData=[blockId=conID: 1 locID: 102650152704672175 bcsId: 0,size=2097152]} | ret=SUCCESS |  
2019-08-20 16:03:50,727 [grpc-default-executor-1] INFO  client.GrpcClientProtocolClient (GrpcClientProtocolClient.java:onNext(255)) - client-EAA342753240->9a4a4c23-9ff3-4ce3-a619-2c71c0869997: receive RaftClientReply:client-EAA342753240->9a4a4c23-9ff3-4ce3-a619-2c71c0869997@group-EC4211DF0353, cid=884, SUCCESS, logIndex=1148, commits[9a4a4c23-9ff3-4ce3-a619-2c71c0869997:c1148, 9b0072ab-15b3-4973-9bcb-7fa02f6bfea9:c1146, 9f215ef2-7d46-4cda-b695-cae1b893f75f:c1144]
2019-08-20 16:03:50,727 | INFO  | DNAudit | user=null | ip=null | op=WRITE_CHUNK {blockData=conID: 1 locID: 102650152704672175 bcsId: 0} | ret=SUCCESS |  
2019-08-20 16:03:50,727 | INFO  | DNAudit | user=null | ip=null | op=PUT_BLOCK {blockData=[blockId=conID: 1 locID: 102650152704672175 bcsId: 0,size=2097152]} | ret=SUCCESS |  
2019-08-20 16:03:50,729 [grpc-default-executor-1] INFO  client.GrpcClientProtocolClient (GrpcClientProtocolClient.java:onNext(255)) - client-EAA342753240->9a4a4c23-9ff3-4ce3-a619-2c71c0869997: receive RaftClientReply:client-EAA342753240->9a4a4c23-9ff3-4ce3-a619-2c71c0869997@group-EC4211DF0353, cid=885, SUCCESS, logIndex=0, commits[9a4a4c23-9ff3-4ce3-a619-2c71c0869997:c1152, 9b0072ab-15b3-4973-9bcb-7fa02f6bfea9:c1148, 9f215ef2-7d46-4cda-b695-cae1b893f75f:c1148]
2019-08-20 16:03:50,737 | INFO  | DNAudit | user=null | ip=null | op=WRITE_CHUNK {blockData=conID: 1 locID: 102650152704672175 bcsId: 1148} | ret=SUCCESS |  
2019-08-20 16:03:50,741 | INFO  | DNAudit | user=null | ip=null | op=WRITE_CHUNK {blockData=conID: 1 locID: 102650152704672175 bcsId: 1148} | ret=SUCCESS |  
2019-08-20 16:03:50,741 | INFO  | DNAudit | user=null | ip=null | op=WRITE_CHUNK {blockData=conID: 1 locID: 102650152704672175 bcsId: 1148} | ret=SUCCESS |  
2019-08-20 16:03:50,750 | INFO  | DNAudit | user=null | ip=null | op=WRITE_CHUNK {blockData=conID: 1 locID: 102650152704672175 bcsId: 1148} | ret=SUCCESS |  
2019-08-20 16:03:50,751 | INFO  | DNAudit | user=null | ip=null | op=PUT_BLOCK {blockData=[blockId=conID: 1 locID: 102650152704672175 bcsId: 0,size=3145728]} | ret=SUCCESS |  
2019-08-20 16:03:50,751 [grpc-default-executor-1] INFO  client.GrpcClientProtocolClient (GrpcClientProtocolClient.java:onNext(255)) - client-EAA342753240->9a4a4c23-9ff3-4ce3-a619-2c71c0869997: receive RaftClientReply:client-EAA342753240->9a4a4c23-9ff3-4ce3-a619-2c71c0869997@group-EC4211DF0353, cid=886, SUCCESS, logIndex=1153, commits[9a4a4c23-9ff3-4ce3-a619-2c71c0869997:c1154, 9b0072ab-15b3-4973-9bcb-7fa02f6bfea9:c1152, 9f215ef2-7d46-4cda-b695-cae1b893f75f:c1152]
2019-08-20 16:03:50,751 [grpc-default-executor-1] INFO  client.GrpcClientProtocolClient (GrpcClientProtocolClient.java:onNext(255)) - client-EAA342753240->9a4a4c23-9ff3-4ce3-a619-2c71c0869997: receive RaftClientReply:client-EAA342753240->9a4a4c23-9ff3-4ce3-a619-2c71c0869997@group-EC4211DF0353, cid=887, SUCCESS, logIndex=1154, commits[9a4a4c23-9ff3-4ce3-a619-2c71c0869997:c1154, 9b0072ab-15b3-4973-9bcb-7fa02f6bfea9:c1152, 9f215ef2-7d46-4cda-b695-cae1b893f75f:c1152]
2019-08-20 16:03:50,759 | INFO  | DNAudit | user=null | ip=null | op=WRITE_CHUNK {blockData=conID: 1 locID: 102650152704672175 bcsId: 1154} | ret=SUCCESS |  
2019-08-20 16:03:50,761 | INFO  | DNAudit | user=null | ip=null | op=WRITE_CHUNK {blockData=conID: 1 locID: 102650152704672175 bcsId: 1148} | ret=SUCCESS |  
2019-08-20 16:03:50,762 | INFO  | DNAudit | user=null | ip=null | op=WRITE_CHUNK {blockData=conID: 1 locID: 102650152704672175 bcsId: 1148} | ret=SUCCESS |  
2019-08-20 16:03:50,762 | INFO  | DNAudit | user=null | ip=null | op=WRITE_CHUNK {blockData=conID: 1 locID: 102650152704672175 bcsId: 1154} | ret=SUCCESS |  
2019-08-20 16:03:50,763 | INFO  | DNAudit | user=null | ip=null | op=WRITE_CHUNK {blockData=conID: 1 locID: 102650152704672175 bcsId: 1154} | ret=SUCCESS |  
2019-08-20 16:03:50,774 | INFO  | DNAudit | user=null | ip=null | op=PUT_BLOCK {blockData=[blockId=conID: 1 locID: 102650152704672175 bcsId: 0,size=3145728]} | ret=SUCCESS |  
2019-08-20 16:03:50,774 | INFO  | DNAudit | user=null | ip=null | op=PUT_BLOCK {blockData=[blockId=conID: 1 locID: 102650152704672175 bcsId: 0,size=3145728]} | ret=SUCCESS |  
2019-08-20 16:03:50,775 | INFO  | DNAudit | user=null | ip=null | op=WRITE_CHUNK {blockData=conID: 1 locID: 102650152704672175 bcsId: 1154} | ret=SUCCESS |  
2019-08-20 16:03:50,775 | INFO  | DNAudit | user=null | ip=null | op=PUT_BLOCK {blockData=[blockId=conID: 1 locID: 102650152704672175 bcsId: 0,size=4194304]} | ret=SUCCESS |  
2019-08-20 16:03:50,775 [grpc-default-executor-5] INFO  client.GrpcClientProtocolClient (GrpcClientProtocolClient.java:onNext(255)) - client-EAA342753240->9a4a4c23-9ff3-4ce3-a619-2c71c0869997: receive RaftClientReply:client-EAA342753240->9a4a4c23-9ff3-4ce3-a619-2c71c0869997@group-EC4211DF0353, cid=888, SUCCESS, logIndex=1157, commits[9a4a4c23-9ff3-4ce3-a619-2c71c0869997:c1158, 9b0072ab-15b3-4973-9bcb-7fa02f6bfea9:c1154, 9f215ef2-7d46-4cda-b695-cae1b893f75f:c1154]
2019-08-20 16:03:50,776 [grpc-default-executor-5] INFO  client.GrpcClientProtocolClient (GrpcClientProtocolClient.java:onNext(255)) - client-EAA342753240->9a4a4c23-9ff3-4ce3-a619-2c71c0869997: receive RaftClientReply:client-EAA342753240->9a4a4c23-9ff3-4ce3-a619-2c71c0869997@group-EC4211DF0353, cid=889, SUCCESS, logIndex=1158, commits[9a4a4c23-9ff3-4ce3-a619-2c71c0869997:c1158, 9b0072ab-15b3-4973-9bcb-7fa02f6bfea9:c1154, 9f215ef2-7d46-4cda-b695-cae1b893f75f:c1154]
2019-08-20 16:03:50,786 | INFO  | DNAudit | user=null | ip=null | op=WRITE_CHUNK {blockData=conID: 1 locID: 102650152704672175 bcsId: 1154} | ret=SUCCESS |  
2019-08-20 16:03:50,786 | INFO  | DNAudit | user=null | ip=null | op=WRITE_CHUNK {blockData=conID: 1 locID: 102650152704672175 bcsId: 1154} | ret=SUCCESS |  
2019-08-20 16:03:50,786 | INFO  | DNAudit | user=null | ip=null | op=PUT_BLOCK {blockData=[blockId=conID: 1 locID: 102650152704672175 bcsId: 0,size=4194304]} | ret=SUCCESS |  
2019-08-20 16:03:50,787 | INFO  | DNAudit | user=null | ip=null | op=PUT_BLOCK {blockData=[blockId=conID: 1 locID: 102650152704672175 bcsId: 0,size=4194304]} | ret=SUCCESS |  
2019-08-20 16:03:50,788 [grpc-default-executor-5] INFO  client.GrpcClientProtocolClient (GrpcClientProtocolClient.java:onNext(255)) - client-EAA342753240->9a4a4c23-9ff3-4ce3-a619-2c71c0869997: receive RaftClientReply:client-EAA342753240->9a4a4c23-9ff3-4ce3-a619-2c71c0869997@group-EC4211DF0353, cid=890, SUCCESS, logIndex=0, commits[9a4a4c23-9ff3-4ce3-a619-2c71c0869997:c1159, 9b0072ab-15b3-4973-9bcb-7fa02f6bfea9:c1158, 9f215ef2-7d46-4cda-b695-cae1b893f75f:c1158]
2019-08-20 16:03:50,796 | INFO  | DNAudit | user=null | ip=null | op=WRITE_CHUNK {blockData=conID: 2 locID: 102650152704672176 bcsId: 0} | ret=SUCCESS |  
2019-08-20 16:03:50,799 | INFO  | DNAudit | user=null | ip=null | op=WRITE_CHUNK {blockData=conID: 2 locID: 102650152704672176 bcsId: 0} | ret=SUCCESS |  
2019-08-20 16:03:50,800 | INFO  | DNAudit | user=null | ip=null | op=WRITE_CHUNK {blockData=conID: 2 locID: 102650152704672176 bcsId: 0} | ret=SUCCESS |  
2019-08-20 16:03:50,801 | INFO  | DNAudit | user=null | ip=null | op=WRITE_CHUNK {blockData=conID: 2 locID: 102650152704672176 bcsId: 0} | ret=SUCCESS |  
2019-08-20 16:03:50,802 | INFO  | DNAudit | user=null | ip=null | op=WRITE_CHUNK {blockData=conID: 2 locID: 102650152704672176 bcsId: 0} | ret=SUCCESS |  
2019-08-20 16:03:50,803 | INFO  | DNAudit | user=null | ip=null | op=WRITE_CHUNK {blockData=conID: 2 locID: 102650152704672176 bcsId: 0} | ret=SUCCESS |  
2019-08-20 16:03:50,809 | INFO  | DNAudit | user=null | ip=null | op=WRITE_CHUNK {blockData=conID: 2 locID: 102650152704672176 bcsId: 0} | ret=SUCCESS |  
2019-08-20 16:03:50,810 | INFO  | DNAudit | user=null | ip=null | op=PUT_BLOCK {blockData=[blockId=conID: 2 locID: 102650152704672176 bcsId: 0,size=1048576]} | ret=SUCCESS |  
2019-08-20 16:03:50,810 | INFO  | DNAudit | user=null | ip=null | op=WRITE_CHUNK {blockData=conID: 2 locID: 102650152704672176 bcsId: 0} | ret=SUCCESS |  
2019-08-20 16:03:50,810 [grpc-default-executor-6] INFO  client.GrpcClientProtocolClient (GrpcClientProtocolClient.java:onNext(255)) - client-EAA342753240->9a4a4c23-9ff3-4ce3-a619-2c71c0869997: receive RaftClientReply:client-EAA342753240->9a4a4c23-9ff3-4ce3-a619-2c71c0869997@group-EC4211DF0353, cid=891, SUCCESS, logIndex=1161, commits[9a4a4c23-9ff3-4ce3-a619-2c71c0869997:c1162, 9b0072ab-15b3-4973-9bcb-7fa02f6bfea9:c1160, 9f215ef2-7d46-4cda-b695-cae1b893f75f:c1160]
2019-08-20 16:03:50,811 | INFO  | DNAudit | user=null | ip=null | op=PUT_BLOCK {blockData=[blockId=conID: 2 locID: 102650152704672176 bcsId: 0,size=2097152]} | ret=SUCCESS |  
2019-08-20 16:03:50,811 | INFO  | DNAudit | user=null | ip=null | op=WRITE_CHUNK {blockData=conID: 2 locID: 102650152704672176 bcsId: 0} | ret=SUCCESS |  
2019-08-20 16:03:50,811 | INFO  | DNAudit | user=null | ip=null | op=PUT_BLOCK {blockData=[blockId=conID: 2 locID: 102650152704672176 bcsId: 0,size=1048576]} | ret=SUCCESS |  
2019-08-20 16:03:50,811 [grpc-default-executor-6] INFO  client.GrpcClientProtocolClient (GrpcClientProtocolClient.java:onNext(255)) - client-EAA342753240->9a4a4c23-9ff3-4ce3-a619-2c71c0869997: receive RaftClientReply:client-EAA342753240->9a4a4c23-9ff3-4ce3-a619-2c71c0869997@group-EC4211DF0353, cid=892, SUCCESS, logIndex=1162, commits[9a4a4c23-9ff3-4ce3-a619-2c71c0869997:c1163, 9b0072ab-15b3-4973-9bcb-7fa02f6bfea9:c1160, 9f215ef2-7d46-4cda-b695-cae1b893f75f:c1160]
2019-08-20 16:03:50,812 [grpc-default-executor-6] INFO  client.GrpcClientProtocolClient (GrpcClientProtocolClient.java:onNext(255)) - client-EAA342753240->9a4a4c23-9ff3-4ce3-a619-2c71c0869997: receive RaftClientReply:client-EAA342753240->9a4a4c23-9ff3-4ce3-a619-2c71c0869997@group-EC4211DF0353, cid=893, SUCCESS, logIndex=1163, commits[9a4a4c23-9ff3-4ce3-a619-2c71c0869997:c1164, 9b0072ab-15b3-4973-9bcb-7fa02f6bfea9:c1160, 9f215ef2-7d46-4cda-b695-cae1b893f75f:c1160]
2019-08-20 16:03:50,812 | INFO  | DNAudit | user=null | ip=null | op=WRITE_CHUNK {blockData=conID: 2 locID: 102650152704672176 bcsId: 0} | ret=SUCCESS |  
2019-08-20 16:03:50,812 | INFO  | DNAudit | user=null | ip=null | op=PUT_BLOCK {blockData=[blockId=conID: 2 locID: 102650152704672176 bcsId: 0,size=1048576]} | ret=SUCCESS |  
2019-08-20 16:03:50,812 [grpc-default-executor-6] INFO  client.GrpcClientProtocolClient (GrpcClientProtocolClient.java:onNext(255)) - client-EAA342753240->9a4a4c23-9ff3-4ce3-a619-2c71c0869997: receive RaftClientReply:client-EAA342753240->9a4a4c23-9ff3-4ce3-a619-2c71c0869997@group-EC4211DF0353, cid=894, SUCCESS, logIndex=1164, commits[9a4a4c23-9ff3-4ce3-a619-2c71c0869997:c1164, 9b0072ab-15b3-4973-9bcb-7fa02f6bfea9:c1160, 9f215ef2-7d46-4cda-b695-cae1b893f75f:c1160]
2019-08-20 16:03:50,812 | INFO  | DNAudit | user=null | ip=null | op=WRITE_CHUNK {blockData=conID: 2 locID: 102650152704672176 bcsId: 0} | ret=SUCCESS |  
2019-08-20 16:03:50,812 | INFO  | DNAudit | user=null | ip=null | op=WRITE_CHUNK {blockData=conID: 2 locID: 102650152704672176 bcsId: 0} | ret=SUCCESS |  
2019-08-20 16:03:50,813 | INFO  | DNAudit | user=null | ip=null | op=PUT_BLOCK {blockData=[blockId=conID: 2 locID: 102650152704672176 bcsId: 0,size=2097152]} | ret=SUCCESS |  
2019-08-20 16:03:50,814 | INFO  | DNAudit | user=null | ip=null | op=PUT_BLOCK {blockData=[blockId=conID: 2 locID: 102650152704672176 bcsId: 0,size=2097152]} | ret=SUCCESS |  
2019-08-20 16:03:50,814 [grpc-default-executor-6] INFO  client.GrpcClientProtocolClient (GrpcClientProtocolClient.java:onNext(255)) - client-EAA342753240->9a4a4c23-9ff3-4ce3-a619-2c71c0869997: receive RaftClientReply:client-EAA342753240->9a4a4c23-9ff3-4ce3-a619-2c71c0869997@group-EC4211DF0353, cid=895, SUCCESS, logIndex=0, commits[9a4a4c23-9ff3-4ce3-a619-2c71c0869997:c1168, 9b0072ab-15b3-4973-9bcb-7fa02f6bfea9:c1164, 9f215ef2-7d46-4cda-b695-cae1b893f75f:c1163]
2019-08-20 16:03:50,822 | INFO  | DNAudit | user=null | ip=null | op=WRITE_CHUNK {blockData=conID: 2 locID: 102650152704672176 bcsId: 1164} | ret=SUCCESS |  
2019-08-20 16:03:50,824 | INFO  | DNAudit | user=null | ip=null | op=WRITE_CHUNK {blockData=conID: 2 locID: 102650152704672176 bcsId: 1164} | ret=SUCCESS |  
2019-08-20 16:03:50,824 | INFO  | DNAudit | user=null | ip=null | op=WRITE_CHUNK {blockData=conID: 2 locID: 102650152704672176 bcsId: 1164} | ret=SUCCESS |  
2019-08-20 16:03:50,834 | INFO  | DNAudit | user=null | ip=null | op=WRITE_CHUNK {blockData=conID: 2 locID: 102650152704672176 bcsId: 1164} | ret=SUCCESS |  
2019-08-20 16:03:50,835 | INFO  | DNAudit | user=null | ip=null | op=PUT_BLOCK {blockData=[blockId=conID: 2 locID: 102650152704672176 bcsId: 0,size=3145728]} | ret=SUCCESS |  
2019-08-20 16:03:50,835 [grpc-default-executor-0] INFO  client.GrpcClientProtocolClient (GrpcClientProtocolClient.java:onNext(255)) - client-EAA342753240->9a4a4c23-9ff3-4ce3-a619-2c71c0869997: receive RaftClientReply:client-EAA342753240->9a4a4c23-9ff3-4ce3-a619-2c71c0869997@group-EC4211DF0353, cid=896, SUCCESS, logIndex=1169, commits[9a4a4c23-9ff3-4ce3-a619-2c71c0869997:c1170, 9b0072ab-15b3-4973-9bcb-7fa02f6bfea9:c1168, 9f215ef2-7d46-4cda-b695-cae1b893f75f:c1168]
2019-08-20 16:03:50,835 [grpc-default-executor-0] INFO  client.GrpcClientProtocolClient (GrpcClientProtocolClient.java:onNext(255)) - client-EAA342753240->9a4a4c23-9ff3-4ce3-a619-2c71c0869997: receive RaftClientReply:client-EAA342753240->9a4a4c23-9ff3-4ce3-a619-2c71c0869997@group-EC4211DF0353, cid=897, SUCCESS, logIndex=1170, commits[9a4a4c23-9ff3-4ce3-a619-2c71c0869997:c1170, 9b0072ab-15b3-4973-9bcb-7fa02f6bfea9:c1168, 9f215ef2-7d46-4cda-b695-cae1b893f75f:c1168]
2019-08-20 16:03:50,836 | INFO  | DNAudit | user=null | ip=null | op=WRITE_CHUNK {blockData=conID: 2 locID: 102650152704672176 bcsId: 1164} | ret=SUCCESS |  
2019-08-20 16:03:50,836 | INFO  | DNAudit | user=null | ip=null | op=WRITE_CHUNK {blockData=conID: 2 locID: 102650152704672176 bcsId: 1164} | ret=SUCCESS |  
2019-08-20 16:03:50,837 | INFO  | DNAudit | user=null | ip=null | op=PUT_BLOCK {blockData=[blockId=conID: 2 locID: 102650152704672176 bcsId: 0,size=3145728]} | ret=SUCCESS |  
2019-08-20 16:03:50,837 | INFO  | DNAudit | user=null | ip=null | op=PUT_BLOCK {blockData=[blockId=conID: 2 locID: 102650152704672176 bcsId: 0,size=3145728]} | ret=SUCCESS |  
2019-08-20 16:03:50,843 | INFO  | DNAudit | user=null | ip=null | op=WRITE_CHUNK {blockData=conID: 2 locID: 102650152704672176 bcsId: 1170} | ret=SUCCESS |  
2019-08-20 16:03:50,846 | INFO  | DNAudit | user=null | ip=null | op=WRITE_CHUNK {blockData=conID: 2 locID: 102650152704672176 bcsId: 1170} | ret=SUCCESS |  
2019-08-20 16:03:50,846 | INFO  | DNAudit | user=null | ip=null | op=WRITE_CHUNK {blockData=conID: 2 locID: 102650152704672176 bcsId: 1170} | ret=SUCCESS |  
2019-08-20 16:03:50,849 | INFO  | DNAudit | user=null | ip=null | op=WRITE_CHUNK {blockData=conID: 2 locID: 102650152704672176 bcsId: 1170} | ret=SUCCESS |  
2019-08-20 16:03:50,849 | INFO  | DNAudit | user=null | ip=null | op=PUT_BLOCK {blockData=[blockId=conID: 2 locID: 102650152704672176 bcsId: 0,size=4194304]} | ret=SUCCESS |  
2019-08-20 16:03:50,849 [grpc-default-executor-0] INFO  client.GrpcClientProtocolClient (GrpcClientProtocolClient.java:onNext(255)) - client-EAA342753240->9a4a4c23-9ff3-4ce3-a619-2c71c0869997: receive RaftClientReply:client-EAA342753240->9a4a4c23-9ff3-4ce3-a619-2c71c0869997@group-EC4211DF0353, cid=898, SUCCESS, logIndex=1173, commits[9a4a4c23-9ff3-4ce3-a619-2c71c0869997:c1174, 9b0072ab-15b3-4973-9bcb-7fa02f6bfea9:c1172, 9f215ef2-7d46-4cda-b695-cae1b893f75f:c1172]
2019-08-20 16:03:50,850 [grpc-default-executor-0] INFO  client.GrpcClientProtocolClient (GrpcClientProtocolClient.java:onNext(255)) - client-EAA342753240->9a4a4c23-9ff3-4ce3-a619-2c71c0869997: receive RaftClientReply:client-EAA342753240->9a4a4c23-9ff3-4ce3-a619-2c71c0869997@group-EC4211DF0353, cid=899, SUCCESS, logIndex=1174, commits[9a4a4c23-9ff3-4ce3-a619-2c71c0869997:c1174, 9b0072ab-15b3-4973-9bcb-7fa02f6bfea9:c1172, 9f215ef2-7d46-4cda-b695-cae1b893f75f:c1172]
2019-08-20 16:03:50,851 | INFO  | DNAudit | user=null | ip=null | op=WRITE_CHUNK {blockData=conID: 2 locID: 102650152704672176 bcsId: 1170} | ret=SUCCESS |  
2019-08-20 16:03:50,851 | INFO  | DNAudit | user=null | ip=null | op=WRITE_CHUNK {blockData=conID: 2 locID: 102650152704672176 bcsId: 1170} | ret=SUCCESS |  
2019-08-20 16:03:50,852 | INFO  | DNAudit | user=null | ip=null | op=PUT_BLOCK {blockData=[blockId=conID: 2 locID: 102650152704672176 bcsId: 0,size=4194304]} | ret=SUCCESS |  
2019-08-20 16:03:50,852 | INFO  | DNAudit | user=null | ip=null | op=PUT_BLOCK {blockData=[blockId=conID: 2 locID: 102650152704672176 bcsId: 0,size=4194304]} | ret=SUCCESS |  
2019-08-20 16:03:50,853 [grpc-default-executor-0] INFO  client.GrpcClientProtocolClient (GrpcClientProtocolClient.java:onNext(255)) - client-EAA342753240->9a4a4c23-9ff3-4ce3-a619-2c71c0869997: receive RaftClientReply:client-EAA342753240->9a4a4c23-9ff3-4ce3-a619-2c71c0869997@group-EC4211DF0353, cid=900, SUCCESS, logIndex=0, commits[9a4a4c23-9ff3-4ce3-a619-2c71c0869997:c1175, 9b0072ab-15b3-4973-9bcb-7fa02f6bfea9:c1174, 9f215ef2-7d46-4cda-b695-cae1b893f75f:c1174]
2019-08-20 16:03:50,860 | INFO  | DNAudit | user=null | ip=null | op=WRITE_CHUNK {blockData=conID: 3 locID: 102650152704672177 bcsId: 0} | ret=SUCCESS |  
2019-08-20 16:03:50,863 | INFO  | DNAudit | user=null | ip=null | op=WRITE_CHUNK {blockData=conID: 3 locID: 102650152704672177 bcsId: 0} | ret=SUCCESS |  
2019-08-20 16:03:50,863 | INFO  | DNAudit | user=null | ip=null | op=WRITE_CHUNK {blockData=conID: 3 locID: 102650152704672177 bcsId: 0} | ret=SUCCESS |  
2019-08-20 16:03:50,864 | INFO  | DNAudit | user=null | ip=null | op=WRITE_CHUNK {blockData=conID: 3 locID: 102650152704672177 bcsId: 0} | ret=SUCCESS |  
2019-08-20 16:03:50,865 | INFO  | DNAudit | user=null | ip=null | op=WRITE_CHUNK {blockData=conID: 3 locID: 102650152704672177 bcsId: 0} | ret=SUCCESS |  
2019-08-20 16:03:50,865 | INFO  | DNAudit | user=null | ip=null | op=WRITE_CHUNK {blockData=conID: 3 locID: 102650152704672177 bcsId: 0} | ret=SUCCESS |  
2019-08-20 16:03:50,866 | INFO  | DNAudit | user=null | ip=null | op=WRITE_CHUNK {blockData=conID: 3 locID: 102650152704672177 bcsId: 0} | ret=SUCCESS |  
2019-08-20 16:03:50,867 | INFO  | DNAudit | user=null | ip=null | op=PUT_BLOCK {blockData=[blockId=conID: 3 locID: 102650152704672177 bcsId: 0,size=1048576]} | ret=SUCCESS |  
2019-08-20 16:03:50,867 [grpc-default-executor-5] INFO  client.GrpcClientProtocolClient (GrpcClientProtocolClient.java:onNext(255)) - client-EAA342753240->9a4a4c23-9ff3-4ce3-a619-2c71c0869997: receive RaftClientReply:client-EAA342753240->9a4a4c23-9ff3-4ce3-a619-2c71c0869997@group-EC4211DF0353, cid=901, SUCCESS, logIndex=1177, commits[9a4a4c23-9ff3-4ce3-a619-2c71c0869997:c1178, 9b0072ab-15b3-4973-9bcb-7fa02f6bfea9:c1174, 9f215ef2-7d46-4cda-b695-cae1b893f75f:c1176]
2019-08-20 16:03:50,868 [grpc-default-executor-5] INFO  client.GrpcClientProtocolClient (GrpcClientProtocolClient.java:onNext(255)) - client-EAA342753240->9a4a4c23-9ff3-4ce3-a619-2c71c0869997: receive RaftClientReply:client-EAA342753240->9a4a4c23-9ff3-4ce3-a619-2c71c0869997@group-EC4211DF0353, cid=902, SUCCESS, logIndex=1178, commits[9a4a4c23-9ff3-4ce3-a619-2c71c0869997:c1178, 9b0072ab-15b3-4973-9bcb-7fa02f6bfea9:c1174, 9f215ef2-7d46-4cda-b695-cae1b893f75f:c1176]
2019-08-20 16:03:50,868 | INFO  | DNAudit | user=null | ip=null | op=WRITE_CHUNK {blockData=conID: 3 locID: 102650152704672177 bcsId: 0} | ret=SUCCESS |  
2019-08-20 16:03:50,868 | INFO  | DNAudit | user=null | ip=null | op=PUT_BLOCK {blockData=[blockId=conID: 3 locID: 102650152704672177 bcsId: 0,size=2097152]} | ret=SUCCESS |  
2019-08-20 16:03:50,869 [grpc-default-executor-0] INFO  client.GrpcClientProtocolClient (GrpcClientProtocolClient.java:onNext(255)) - client-EAA342753240->9a4a4c23-9ff3-4ce3-a619-2c71c0869997: receive RaftClientReply:client-EAA342753240->9a4a4c23-9ff3-4ce3-a619-2c71c0869997@group-EC4211DF0353, cid=903, SUCCESS, logIndex=1179, commits[9a4a4c23-9ff3-4ce3-a619-2c71c0869997:c1180, 9b0072ab-15b3-4973-9bcb-7fa02f6bfea9:c1176, 9f215ef2-7d46-4cda-b695-cae1b893f75f:c1176]
2019-08-20 16:03:50,869 | INFO  | DNAudit | user=null | ip=null | op=WRITE_CHUNK {blockData=conID: 3 locID: 102650152704672177 bcsId: 0} | ret=SUCCESS |  
2019-08-20 16:03:50,869 [grpc-default-executor-6] INFO  client.GrpcClientProtocolClient (GrpcClientProtocolClient.java:onNext(255)) - client-EAA342753240->9a4a4c23-9ff3-4ce3-a619-2c71c0869997: receive RaftClientReply:client-EAA342753240->9a4a4c23-9ff3-4ce3-a619-2c71c0869997@group-EC4211DF0353, cid=904, SUCCESS, logIndex=1180, commits[9a4a4c23-9ff3-4ce3-a619-2c71c0869997:c1180, 9b0072ab-15b3-4973-9bcb-7fa02f6bfea9:c1176, 9f215ef2-7d46-4cda-b695-cae1b893f75f:c1176]
2019-08-20 16:03:50,870 | INFO  | DNAudit | user=null | ip=null | op=WRITE_CHUNK {blockData=conID: 3 locID: 102650152704672177 bcsId: 0} | ret=SUCCESS |  
2019-08-20 16:03:50,870 | INFO  | DNAudit | user=null | ip=null | op=PUT_BLOCK {blockData=[blockId=conID: 3 locID: 102650152704672177 bcsId: 0,size=1048576]} | ret=SUCCESS |  
2019-08-20 16:03:50,870 | INFO  | DNAudit | user=null | ip=null | op=PUT_BLOCK {blockData=[blockId=conID: 3 locID: 102650152704672177 bcsId: 0,size=1048576]} | ret=SUCCESS |  
2019-08-20 16:03:50,870 | INFO  | DNAudit | user=null | ip=null | op=WRITE_CHUNK {blockData=conID: 3 locID: 102650152704672177 bcsId: 0} | ret=SUCCESS |  
2019-08-20 16:03:50,871 | INFO  | DNAudit | user=null | ip=null | op=PUT_BLOCK {blockData=[blockId=conID: 3 locID: 102650152704672177 bcsId: 0,size=2097152]} | ret=SUCCESS |  
2019-08-20 16:03:50,871 [grpc-default-executor-0] INFO  client.GrpcClientProtocolClient (GrpcClientProtocolClient.java:onNext(255)) - client-EAA342753240->9a4a4c23-9ff3-4ce3-a619-2c71c0869997: receive RaftClientReply:client-EAA342753240->9a4a4c23-9ff3-4ce3-a619-2c71c0869997@group-EC4211DF0353, cid=905, SUCCESS, logIndex=0, commits[9a4a4c23-9ff3-4ce3-a619-2c71c0869997:c1182, 9b0072ab-15b3-4973-9bcb-7fa02f6bfea9:c1178, 9f215ef2-7d46-4cda-b695-cae1b893f75f:c1178]
2019-08-20 16:03:50,871 | INFO  | DNAudit | user=null | ip=null | op=WRITE_CHUNK {blockData=conID: 3 locID: 102650152704672177 bcsId: 0} | ret=SUCCESS |  
2019-08-20 16:03:50,871 | INFO  | DNAudit | user=null | ip=null | op=PUT_BLOCK {blockData=[blockId=conID: 3 locID: 102650152704672177 bcsId: 0,size=2097152]} | ret=SUCCESS |  
2019-08-20 16:03:50,879 | INFO  | DNAudit | user=null | ip=null | op=WRITE_CHUNK {blockData=conID: 3 locID: 102650152704672177 bcsId: 1180} | ret=SUCCESS |  
2019-08-20 16:03:50,881 | INFO  | DNAudit | user=null | ip=null | op=WRITE_CHUNK {blockData=conID: 3 locID: 102650152704672177 bcsId: 1180} | ret=SUCCESS |  
2019-08-20 16:03:50,882 | INFO  | DNAudit | user=null | ip=null | op=WRITE_CHUNK {blockData=conID: 3 locID: 102650152704672177 bcsId: 1180} | ret=SUCCESS |  
2019-08-20 16:03:50,895 | INFO  | DNAudit | user=null | ip=null | op=WRITE_CHUNK {blockData=conID: 3 locID: 102650152704672177 bcsId: 1180} | ret=SUCCESS |  
2019-08-20 16:03:50,895 | INFO  | DNAudit | user=null | ip=null | op=PUT_BLOCK {blockData=[blockId=conID: 3 locID: 102650152704672177 bcsId: 0,size=3145728]} | ret=SUCCESS |  
2019-08-20 16:03:50,896 [grpc-default-executor-6] INFO  client.GrpcClientProtocolClient (GrpcClientProtocolClient.java:onNext(255)) - client-EAA342753240->9a4a4c23-9ff3-4ce3-a619-2c71c0869997: receive RaftClientReply:client-EAA342753240->9a4a4c23-9ff3-4ce3-a619-2c71c0869997@group-EC4211DF0353, cid=906, SUCCESS, logIndex=1185, commits[9a4a4c23-9ff3-4ce3-a619-2c71c0869997:c1186, 9b0072ab-15b3-4973-9bcb-7fa02f6bfea9:c1184, 9f215ef2-7d46-4cda-b695-cae1b893f75f:c1184]
2019-08-20 16:03:50,896 [grpc-default-executor-6] INFO  client.GrpcClientProtocolClient (GrpcClientProtocolClient.java:onNext(255)) - client-EAA342753240->9a4a4c23-9ff3-4ce3-a619-2c71c0869997: receive RaftClientReply:client-EAA342753240->9a4a4c23-9ff3-4ce3-a619-2c71c0869997@group-EC4211DF0353, cid=907, SUCCESS, logIndex=1186, commits[9a4a4c23-9ff3-4ce3-a619-2c71c0869997:c1186, 9b0072ab-15b3-4973-9bcb-7fa02f6bfea9:c1184, 9f215ef2-7d46-4cda-b695-cae1b893f75f:c1184]
2019-08-20 16:03:50,903 | INFO  | DNAudit | user=null | ip=null | op=WRITE_CHUNK {blockData=conID: 3 locID: 102650152704672177 bcsId: 1186} | ret=SUCCESS |  
2019-08-20 16:03:50,906 | INFO  | DNAudit | user=null | ip=null | op=WRITE_CHUNK {blockData=conID: 3 locID: 102650152704672177 bcsId: 1186} | ret=SUCCESS |  
2019-08-20 16:03:50,906 | INFO  | DNAudit | user=null | ip=null | op=WRITE_CHUNK {blockData=conID: 3 locID: 102650152704672177 bcsId: 1186} | ret=SUCCESS |  
2019-08-20 16:03:50,906 | INFO  | DNAudit | user=null | ip=null | op=WRITE_CHUNK {blockData=conID: 3 locID: 102650152704672177 bcsId: 1180} | ret=SUCCESS |  
2019-08-20 16:03:50,906 | INFO  | DNAudit | user=null | ip=null | op=WRITE_CHUNK {blockData=conID: 3 locID: 102650152704672177 bcsId: 1180} | ret=SUCCESS |  
2019-08-20 16:03:50,907 | INFO  | DNAudit | user=null | ip=null | op=PUT_BLOCK {blockData=[blockId=conID: 3 locID: 102650152704672177 bcsId: 0,size=3145728]} | ret=SUCCESS |  
2019-08-20 16:03:50,907 | INFO  | DNAudit | user=null | ip=null | op=PUT_BLOCK {blockData=[blockId=conID: 3 locID: 102650152704672177 bcsId: 0,size=3145728]} | ret=SUCCESS |  
2019-08-20 16:03:50,908 | INFO  | DNAudit | user=null | ip=null | op=WRITE_CHUNK {blockData=conID: 3 locID: 102650152704672177 bcsId: 1186} | ret=SUCCESS |  
2019-08-20 16:03:50,908 | INFO  | DNAudit | user=null | ip=null | op=PUT_BLOCK {blockData=[blockId=conID: 3 locID: 102650152704672177 bcsId: 0,size=4194304]} | ret=SUCCESS |  
2019-08-20 16:03:50,908 [grpc-default-executor-3] INFO  client.GrpcClientProtocolClient (GrpcClientProtocolClient.java:onNext(255)) - client-EAA342753240->9a4a4c23-9ff3-4ce3-a619-2c71c0869997: receive RaftClientReply:client-EAA342753240->9a4a4c23-9ff3-4ce3-a619-2c71c0869997@group-EC4211DF0353, cid=908, SUCCESS, logIndex=1189, commits[9a4a4c23-9ff3-4ce3-a619-2c71c0869997:c1190, 9b0072ab-15b3-4973-9bcb-7fa02f6bfea9:c1186, 9f215ef2-7d46-4cda-b695-cae1b893f75f:c1186]
2019-08-20 16:03:50,909 [grpc-default-executor-3] INFO  client.GrpcClientProtocolClient (GrpcClientProtocolClient.java:onNext(255)) - client-EAA342753240->9a4a4c23-9ff3-4ce3-a619-2c71c0869997: receive RaftClientReply:client-EAA342753240->9a4a4c23-9ff3-4ce3-a619-2c71c0869997@group-EC4211DF0353, cid=909, SUCCESS, logIndex=1190, commits[9a4a4c23-9ff3-4ce3-a619-2c71c0869997:c1190, 9b0072ab-15b3-4973-9bcb-7fa02f6bfea9:c1186, 9f215ef2-7d46-4cda-b695-cae1b893f75f:c1186]
2019-08-20 16:03:50,909 | INFO  | DNAudit | user=null | ip=null | op=WRITE_CHUNK {blockData=conID: 3 locID: 102650152704672177 bcsId: 1186} | ret=SUCCESS |  
2019-08-20 16:03:50,909 | INFO  | DNAudit | user=null | ip=null | op=WRITE_CHUNK {blockData=conID: 3 locID: 102650152704672177 bcsId: 1186} | ret=SUCCESS |  
2019-08-20 16:03:50,909 | INFO  | DNAudit | user=null | ip=null | op=PUT_BLOCK {blockData=[blockId=conID: 3 locID: 102650152704672177 bcsId: 0,size=4194304]} | ret=SUCCESS |  
2019-08-20 16:03:50,910 | INFO  | DNAudit | user=null | ip=null | op=PUT_BLOCK {blockData=[blockId=conID: 3 locID: 102650152704672177 bcsId: 0,size=4194304]} | ret=SUCCESS |  
2019-08-20 16:03:50,911 [grpc-default-executor-3] INFO  client.GrpcClientProtocolClient (GrpcClientProtocolClient.java:onNext(255)) - client-EAA342753240->9a4a4c23-9ff3-4ce3-a619-2c71c0869997: receive RaftClientReply:client-EAA342753240->9a4a4c23-9ff3-4ce3-a619-2c71c0869997@group-EC4211DF0353, cid=910, SUCCESS, logIndex=0, commits[9a4a4c23-9ff3-4ce3-a619-2c71c0869997:c1191, 9b0072ab-15b3-4973-9bcb-7fa02f6bfea9:c1190, 9f215ef2-7d46-4cda-b695-cae1b893f75f:c1190]
2019-08-20 16:03:50,918 | INFO  | DNAudit | user=null | ip=null | op=WRITE_CHUNK {blockData=conID: 1 locID: 102650152704672178 bcsId: 0} | ret=SUCCESS |  
2019-08-20 16:03:50,921 | INFO  | DNAudit | user=null | ip=null | op=WRITE_CHUNK {blockData=conID: 1 locID: 102650152704672178 bcsId: 0} | ret=SUCCESS |  
2019-08-20 16:03:50,921 | INFO  | DNAudit | user=null | ip=null | op=WRITE_CHUNK {blockData=conID: 1 locID: 102650152704672178 bcsId: 0} | ret=SUCCESS |  
2019-08-20 16:03:50,922 | INFO  | DNAudit | user=null | ip=null | op=WRITE_CHUNK {blockData=conID: 1 locID: 102650152704672178 bcsId: 0} | ret=SUCCESS |  
2019-08-20 16:03:50,924 | INFO  | DNAudit | user=null | ip=null | op=WRITE_CHUNK {blockData=conID: 1 locID: 102650152704672178 bcsId: 0} | ret=SUCCESS |  
2019-08-20 16:03:50,924 | INFO  | DNAudit | user=null | ip=null | op=WRITE_CHUNK {blockData=conID: 1 locID: 102650152704672178 bcsId: 0} | ret=SUCCESS |  
2019-08-20 16:03:50,931 | INFO  | DNAudit | user=null | ip=null | op=WRITE_CHUNK {blockData=conID: 1 locID: 102650152704672178 bcsId: 0} | ret=SUCCESS |  
2019-08-20 16:03:50,931 | INFO  | DNAudit | user=null | ip=null | op=PUT_BLOCK {blockData=[blockId=conID: 1 locID: 102650152704672178 bcsId: 0,size=1048576]} | ret=SUCCESS |  
2019-08-20 16:03:50,932 | INFO  | DNAudit | user=null | ip=null | op=WRITE_CHUNK {blockData=conID: 1 locID: 102650152704672178 bcsId: 0} | ret=SUCCESS |  
2019-08-20 16:03:50,932 [grpc-default-executor-3] INFO  client.GrpcClientProtocolClient (GrpcClientProtocolClient.java:onNext(255)) - client-EAA342753240->9a4a4c23-9ff3-4ce3-a619-2c71c0869997: receive RaftClientReply:client-EAA342753240->9a4a4c23-9ff3-4ce3-a619-2c71c0869997@group-EC4211DF0353, cid=911, SUCCESS, logIndex=1193, commits[9a4a4c23-9ff3-4ce3-a619-2c71c0869997:c1194, 9b0072ab-15b3-4973-9bcb-7fa02f6bfea9:c1192, 9f215ef2-7d46-4cda-b695-cae1b893f75f:c1192]
2019-08-20 16:03:50,932 | INFO  | DNAudit | user=null | ip=null | op=PUT_BLOCK {blockData=[blockId=conID: 1 locID: 102650152704672178 bcsId: 0,size=2097152]} | ret=SUCCESS |  
2019-08-20 16:03:50,933 | INFO  | DNAudit | user=null | ip=null | op=WRITE_CHUNK {blockData=conID: 1 locID: 102650152704672178 bcsId: 0} | ret=SUCCESS |  
2019-08-20 16:03:50,933 [grpc-default-executor-3] INFO  client.GrpcClientProtocolClient (GrpcClientProtocolClient.java:onNext(255)) - client-EAA342753240->9a4a4c23-9ff3-4ce3-a619-2c71c0869997: receive RaftClientReply:client-EAA342753240->9a4a4c23-9ff3-4ce3-a619-2c71c0869997@group-EC4211DF0353, cid=912, SUCCESS, logIndex=1194, commits[9a4a4c23-9ff3-4ce3-a619-2c71c0869997:c1195, 9b0072ab-15b3-4973-9bcb-7fa02f6bfea9:c1192, 9f215ef2-7d46-4cda-b695-cae1b893f75f:c1192]
2019-08-20 16:03:50,933 | INFO  | DNAudit | user=null | ip=null | op=PUT_BLOCK {blockData=[blockId=conID: 1 locID: 102650152704672178 bcsId: 0,size=1048576]} | ret=SUCCESS |  
2019-08-20 16:03:50,933 [grpc-default-executor-3] INFO  client.GrpcClientProtocolClient (GrpcClientProtocolClient.java:onNext(255)) - client-EAA342753240->9a4a4c23-9ff3-4ce3-a619-2c71c0869997: receive RaftClientReply:client-EAA342753240->9a4a4c23-9ff3-4ce3-a619-2c71c0869997@group-EC4211DF0353, cid=913, SUCCESS, logIndex=1195, commits[9a4a4c23-9ff3-4ce3-a619-2c71c0869997:c1195, 9b0072ab-15b3-4973-9bcb-7fa02f6bfea9:c1192, 9f215ef2-7d46-4cda-b695-cae1b893f75f:c1192]
2019-08-20 16:03:50,933 [grpc-default-executor-3] INFO  client.GrpcClientProtocolClient (GrpcClientProtocolClient.java:onNext(255)) - client-EAA342753240->9a4a4c23-9ff3-4ce3-a619-2c71c0869997: receive RaftClientReply:client-EAA342753240->9a4a4c23-9ff3-4ce3-a619-2c71c0869997@group-EC4211DF0353, cid=914, SUCCESS, logIndex=1196, commits[9a4a4c23-9ff3-4ce3-a619-2c71c0869997:c1196, 9b0072ab-15b3-4973-9bcb-7fa02f6bfea9:c1192, 9f215ef2-7d46-4cda-b695-cae1b893f75f:c1192]
2019-08-20 16:03:50,933 | INFO  | DNAudit | user=null | ip=null | op=WRITE_CHUNK {blockData=conID: 1 locID: 102650152704672178 bcsId: 0} | ret=SUCCESS |  
2019-08-20 16:03:50,934 | INFO  | DNAudit | user=null | ip=null | op=PUT_BLOCK {blockData=[blockId=conID: 1 locID: 102650152704672178 bcsId: 0,size=1048576]} | ret=SUCCESS |  
2019-08-20 16:03:50,934 | INFO  | DNAudit | user=null | ip=null | op=WRITE_CHUNK {blockData=conID: 1 locID: 102650152704672178 bcsId: 0} | ret=SUCCESS |  
2019-08-20 16:03:50,934 | INFO  | DNAudit | user=null | ip=null | op=PUT_BLOCK {blockData=[blockId=conID: 1 locID: 102650152704672178 bcsId: 0,size=2097152]} | ret=SUCCESS |  
2019-08-20 16:03:50,934 | INFO  | DNAudit | user=null | ip=null | op=WRITE_CHUNK {blockData=conID: 1 locID: 102650152704672178 bcsId: 0} | ret=SUCCESS |  
2019-08-20 16:03:50,934 [grpc-default-executor-5] INFO  client.GrpcClientProtocolClient (GrpcClientProtocolClient.java:onNext(255)) - client-EAA342753240->9a4a4c23-9ff3-4ce3-a619-2c71c0869997: receive RaftClientReply:client-EAA342753240->9a4a4c23-9ff3-4ce3-a619-2c71c0869997@group-EC4211DF0353, cid=915, SUCCESS, logIndex=0, commits[9a4a4c23-9ff3-4ce3-a619-2c71c0869997:c1199, 9b0072ab-15b3-4973-9bcb-7fa02f6bfea9:c1194, 9f215ef2-7d46-4cda-b695-cae1b893f75f:c1195]
2019-08-20 16:03:50,935 | INFO  | DNAudit | user=null | ip=null | op=PUT_BLOCK {blockData=[blockId=conID: 1 locID: 102650152704672178 bcsId: 0,size=2097152]} | ret=SUCCESS |  
2019-08-20 16:03:50,941 | INFO  | DNAudit | user=null | ip=null | op=WRITE_CHUNK {blockData=conID: 1 locID: 102650152704672178 bcsId: 1196} | ret=SUCCESS |  
2019-08-20 16:03:50,943 | INFO  | DNAudit | user=null | ip=null | op=WRITE_CHUNK {blockData=conID: 1 locID: 102650152704672178 bcsId: 1196} | ret=SUCCESS |  
2019-08-20 16:03:50,943 | INFO  | DNAudit | user=null | ip=null | op=WRITE_CHUNK {blockData=conID: 1 locID: 102650152704672178 bcsId: 1196} | ret=SUCCESS |  
2019-08-20 16:03:50,953 | INFO  | DNAudit | user=null | ip=null | op=WRITE_CHUNK {blockData=conID: 1 locID: 102650152704672178 bcsId: 1196} | ret=SUCCESS |  
2019-08-20 16:03:50,953 | INFO  | DNAudit | user=null | ip=null | op=PUT_BLOCK {blockData=[blockId=conID: 1 locID: 102650152704672178 bcsId: 0,size=3145728]} | ret=SUCCESS |  
2019-08-20 16:03:50,954 [grpc-default-executor-5] INFO  client.GrpcClientProtocolClient (GrpcClientProtocolClient.java:onNext(255)) - client-EAA342753240->9a4a4c23-9ff3-4ce3-a619-2c71c0869997: receive RaftClientReply:client-EAA342753240->9a4a4c23-9ff3-4ce3-a619-2c71c0869997@group-EC4211DF0353, cid=916, SUCCESS, logIndex=1201, commits[9a4a4c23-9ff3-4ce3-a619-2c71c0869997:c1202, 9b0072ab-15b3-4973-9bcb-7fa02f6bfea9:c1200, 9f215ef2-7d46-4cda-b695-cae1b893f75f:c1200]
2019-08-20 16:03:50,954 [grpc-default-executor-5] INFO  client.GrpcClientProtocolClient (GrpcClientProtocolClient.java:onNext(255)) - client-EAA342753240->9a4a4c23-9ff3-4ce3-a619-2c71c0869997: receive RaftClientReply:client-EAA342753240->9a4a4c23-9ff3-4ce3-a619-2c71c0869997@group-EC4211DF0353, cid=917, SUCCESS, logIndex=1202, commits[9a4a4c23-9ff3-4ce3-a619-2c71c0869997:c1202, 9b0072ab-15b3-4973-9bcb-7fa02f6bfea9:c1200, 9f215ef2-7d46-4cda-b695-cae1b893f75f:c1200]
2019-08-20 16:03:50,961 | INFO  | DNAudit | user=null | ip=null | op=WRITE_CHUNK {blockData=conID: 1 locID: 102650152704672178 bcsId: 1202} | ret=SUCCESS |  
2019-08-20 16:03:50,963 | INFO  | DNAudit | user=null | ip=null | op=WRITE_CHUNK {blockData=conID: 1 locID: 102650152704672178 bcsId: 1202} | ret=SUCCESS |  
2019-08-20 16:03:50,963 | INFO  | DNAudit | user=null | ip=null | op=WRITE_CHUNK {blockData=conID: 1 locID: 102650152704672178 bcsId: 1202} | ret=SUCCESS |  
2019-08-20 16:03:50,966 | INFO  | DNAudit | user=null | ip=null | op=WRITE_CHUNK {blockData=conID: 1 locID: 102650152704672178 bcsId: 1196} | ret=SUCCESS |  
2019-08-20 16:03:50,966 | INFO  | DNAudit | user=null | ip=null | op=WRITE_CHUNK {blockData=conID: 1 locID: 102650152704672178 bcsId: 1196} | ret=SUCCESS |  
2019-08-20 16:03:50,967 | INFO  | DNAudit | user=null | ip=null | op=PUT_BLOCK {blockData=[blockId=conID: 1 locID: 102650152704672178 bcsId: 0,size=3145728]} | ret=SUCCESS |  
2019-08-20 16:03:50,968 | INFO  | DNAudit | user=null | ip=null | op=PUT_BLOCK {blockData=[blockId=conID: 1 locID: 102650152704672178 bcsId: 0,size=3145728]} | ret=SUCCESS |  
2019-08-20 16:03:50,968 | INFO  | DNAudit | user=null | ip=null | op=WRITE_CHUNK {blockData=conID: 1 locID: 102650152704672178 bcsId: 1202} | ret=SUCCESS |  
2019-08-20 16:03:50,968 | INFO  | DNAudit | user=null | ip=null | op=PUT_BLOCK {blockData=[blockId=conID: 1 locID: 102650152704672178 bcsId: 0,size=4194304]} | ret=SUCCESS |  
2019-08-20 16:03:50,969 [grpc-default-executor-0] INFO  client.GrpcClientProtocolClient (GrpcClientProtocolClient.java:onNext(255)) - client-EAA342753240->9a4a4c23-9ff3-4ce3-a619-2c71c0869997: receive RaftClientReply:client-EAA342753240->9a4a4c23-9ff3-4ce3-a619-2c71c0869997@group-EC4211DF0353, cid=918, SUCCESS, logIndex=1205, commits[9a4a4c23-9ff3-4ce3-a619-2c71c0869997:c1206, 9b0072ab-15b3-4973-9bcb-7fa02f6bfea9:c1202, 9f215ef2-7d46-4cda-b695-cae1b893f75f:c1202]
2019-08-20 16:03:50,969 [grpc-default-executor-0] INFO  client.GrpcClientProtocolClient (GrpcClientProtocolClient.java:onNext(255)) - client-EAA342753240->9a4a4c23-9ff3-4ce3-a619-2c71c0869997: receive RaftClientReply:client-EAA342753240->9a4a4c23-9ff3-4ce3-a619-2c71c0869997@group-EC4211DF0353, cid=919, SUCCESS, logIndex=1206, commits[9a4a4c23-9ff3-4ce3-a619-2c71c0869997:c1206, 9b0072ab-15b3-4973-9bcb-7fa02f6bfea9:c1202, 9f215ef2-7d46-4cda-b695-cae1b893f75f:c1202]
2019-08-20 16:03:50,979 | INFO  | DNAudit | user=null | ip=null | op=WRITE_CHUNK {blockData=conID: 1 locID: 102650152704672178 bcsId: 1202} | ret=SUCCESS |  
2019-08-20 16:03:50,980 | INFO  | DNAudit | user=null | ip=null | op=PUT_BLOCK {blockData=[blockId=conID: 1 locID: 102650152704672178 bcsId: 0,size=4194304]} | ret=SUCCESS |  
2019-08-20 16:03:50,980 | INFO  | DNAudit | user=null | ip=null | op=WRITE_CHUNK {blockData=conID: 1 locID: 102650152704672178 bcsId: 1202} | ret=SUCCESS |  
2019-08-20 16:03:50,980 | INFO  | DNAudit | user=null | ip=null | op=PUT_BLOCK {blockData=[blockId=conID: 1 locID: 102650152704672178 bcsId: 0,size=4194304]} | ret=SUCCESS |  
2019-08-20 16:03:50,980 [grpc-default-executor-0] INFO  client.GrpcClientProtocolClient (GrpcClientProtocolClient.java:onNext(255)) - client-EAA342753240->9a4a4c23-9ff3-4ce3-a619-2c71c0869997: receive RaftClientReply:client-EAA342753240->9a4a4c23-9ff3-4ce3-a619-2c71c0869997@group-EC4211DF0353, cid=920, SUCCESS, logIndex=0, commits[9a4a4c23-9ff3-4ce3-a619-2c71c0869997:c1207, 9b0072ab-15b3-4973-9bcb-7fa02f6bfea9:c1206, 9f215ef2-7d46-4cda-b695-cae1b893f75f:c1206]
2019-08-20 16:03:50,987 | INFO  | DNAudit | user=null | ip=null | op=WRITE_CHUNK {blockData=conID: 2 locID: 102650152704672179 bcsId: 0} | ret=SUCCESS |  
2019-08-20 16:03:50,990 | INFO  | DNAudit | user=null | ip=null | op=WRITE_CHUNK {blockData=conID: 2 locID: 102650152704672179 bcsId: 0} | ret=SUCCESS |  
2019-08-20 16:03:50,991 | INFO  | DNAudit | user=null | ip=null | op=WRITE_CHUNK {blockData=conID: 2 locID: 102650152704672179 bcsId: 0} | ret=SUCCESS |  
2019-08-20 16:03:50,991 | INFO  | DNAudit | user=null | ip=null | op=WRITE_CHUNK {blockData=conID: 2 locID: 102650152704672179 bcsId: 0} | ret=SUCCESS |  
2019-08-20 16:03:50,993 | INFO  | DNAudit | user=null | ip=null | op=WRITE_CHUNK {blockData=conID: 2 locID: 102650152704672179 bcsId: 0} | ret=SUCCESS |  
2019-08-20 16:03:50,993 | INFO  | DNAudit | user=null | ip=null | op=WRITE_CHUNK {blockData=conID: 2 locID: 102650152704672179 bcsId: 0} | ret=SUCCESS |  
2019-08-20 16:03:51,000 | INFO  | DNAudit | user=null | ip=null | op=WRITE_CHUNK {blockData=conID: 2 locID: 102650152704672179 bcsId: 0} | ret=SUCCESS |  
2019-08-20 16:03:51,000 | INFO  | DNAudit | user=null | ip=null | op=PUT_BLOCK {blockData=[blockId=conID: 2 locID: 102650152704672179 bcsId: 0,size=1048576]} | ret=SUCCESS |  
2019-08-20 16:03:51,001 | INFO  | DNAudit | user=null | ip=null | op=WRITE_CHUNK {blockData=conID: 2 locID: 102650152704672179 bcsId: 0} | ret=SUCCESS |  
2019-08-20 16:03:51,001 [grpc-default-executor-6] INFO  client.GrpcClientProtocolClient (GrpcClientProtocolClient.java:onNext(255)) - client-EAA342753240->9a4a4c23-9ff3-4ce3-a619-2c71c0869997: receive RaftClientReply:client-EAA342753240->9a4a4c23-9ff3-4ce3-a619-2c71c0869997@group-EC4211DF0353, cid=921, SUCCESS, logIndex=1209, commits[9a4a4c23-9ff3-4ce3-a619-2c71c0869997:c1210, 9b0072ab-15b3-4973-9bcb-7fa02f6bfea9:c1208, 9f215ef2-7d46-4cda-b695-cae1b893f75f:c1208]
2019-08-20 16:03:51,001 | INFO  | DNAudit | user=null | ip=null | op=PUT_BLOCK {blockData=[blockId=conID: 2 locID: 102650152704672179 bcsId: 0,size=2097152]} | ret=SUCCESS |  
2019-08-20 16:03:51,002 | INFO  | DNAudit | user=null | ip=null | op=WRITE_CHUNK {blockData=conID: 2 locID: 102650152704672179 bcsId: 0} | ret=SUCCESS |  
2019-08-20 16:03:51,002 [grpc-default-executor-3] INFO  client.GrpcClientProtocolClient (GrpcClientProtocolClient.java:onNext(255)) - client-EAA342753240->9a4a4c23-9ff3-4ce3-a619-2c71c0869997: receive RaftClientReply:client-EAA342753240->9a4a4c23-9ff3-4ce3-a619-2c71c0869997@group-EC4211DF0353, cid=922, SUCCESS, logIndex=1210, commits[9a4a4c23-9ff3-4ce3-a619-2c71c0869997:c1211, 9b0072ab-15b3-4973-9bcb-7fa02f6bfea9:c1208, 9f215ef2-7d46-4cda-b695-cae1b893f75f:c1208]
2019-08-20 16:03:51,002 | INFO  | DNAudit | user=null | ip=null | op=PUT_BLOCK {blockData=[blockId=conID: 2 locID: 102650152704672179 bcsId: 0,size=1048576]} | ret=SUCCESS |  
2019-08-20 16:03:51,002 [grpc-default-executor-3] INFO  client.GrpcClientProtocolClient (GrpcClientProtocolClient.java:onNext(255)) - client-EAA342753240->9a4a4c23-9ff3-4ce3-a619-2c71c0869997: receive RaftClientReply:client-EAA342753240->9a4a4c23-9ff3-4ce3-a619-2c71c0869997@group-EC4211DF0353, cid=923, SUCCESS, logIndex=1211, commits[9a4a4c23-9ff3-4ce3-a619-2c71c0869997:c1212, 9b0072ab-15b3-4973-9bcb-7fa02f6bfea9:c1208, 9f215ef2-7d46-4cda-b695-cae1b893f75f:c1208]
2019-08-20 16:03:51,002 | INFO  | DNAudit | user=null | ip=null | op=WRITE_CHUNK {blockData=conID: 2 locID: 102650152704672179 bcsId: 0} | ret=SUCCESS |  
2019-08-20 16:03:51,002 [grpc-default-executor-3] INFO  client.GrpcClientProtocolClient (GrpcClientProtocolClient.java:onNext(255)) - client-EAA342753240->9a4a4c23-9ff3-4ce3-a619-2c71c0869997: receive RaftClientReply:client-EAA342753240->9a4a4c23-9ff3-4ce3-a619-2c71c0869997@group-EC4211DF0353, cid=924, SUCCESS, logIndex=1212, commits[9a4a4c23-9ff3-4ce3-a619-2c71c0869997:c1212, 9b0072ab-15b3-4973-9bcb-7fa02f6bfea9:c1208, 9f215ef2-7d46-4cda-b695-cae1b893f75f:c1208]
2019-08-20 16:03:51,003 | INFO  | DNAudit | user=null | ip=null | op=PUT_BLOCK {blockData=[blockId=conID: 2 locID: 102650152704672179 bcsId: 0,size=1048576]} | ret=SUCCESS |  
2019-08-20 16:03:51,003 | INFO  | DNAudit | user=null | ip=null | op=WRITE_CHUNK {blockData=conID: 2 locID: 102650152704672179 bcsId: 0} | ret=SUCCESS |  
2019-08-20 16:03:51,003 | INFO  | DNAudit | user=null | ip=null | op=WRITE_CHUNK {blockData=conID: 2 locID: 102650152704672179 bcsId: 0} | ret=SUCCESS |  
2019-08-20 16:03:51,003 | INFO  | DNAudit | user=null | ip=null | op=PUT_BLOCK {blockData=[blockId=conID: 2 locID: 102650152704672179 bcsId: 0,size=2097152]} | ret=SUCCESS |  
2019-08-20 16:03:51,003 | INFO  | DNAudit | user=null | ip=null | op=PUT_BLOCK {blockData=[blockId=conID: 2 locID: 102650152704672179 bcsId: 0,size=2097152]} | ret=SUCCESS |  
2019-08-20 16:03:51,003 [grpc-default-executor-3] INFO  client.GrpcClientProtocolClient (GrpcClientProtocolClient.java:onNext(255)) - client-EAA342753240->9a4a4c23-9ff3-4ce3-a619-2c71c0869997: receive RaftClientReply:client-EAA342753240->9a4a4c23-9ff3-4ce3-a619-2c71c0869997@group-EC4211DF0353, cid=925, SUCCESS, logIndex=0, commits[9a4a4c23-9ff3-4ce3-a619-2c71c0869997:c1216, 9b0072ab-15b3-4973-9bcb-7fa02f6bfea9:c1212, 9f215ef2-7d46-4cda-b695-cae1b893f75f:c1211]
2019-08-20 16:03:51,010 | INFO  | DNAudit | user=null | ip=null | op=WRITE_CHUNK {blockData=conID: 2 locID: 102650152704672179 bcsId: 1212} | ret=SUCCESS |  
2019-08-20 16:03:51,013 | INFO  | DNAudit | user=null | ip=null | op=WRITE_CHUNK {blockData=conID: 2 locID: 102650152704672179 bcsId: 1212} | ret=SUCCESS |  
2019-08-20 16:03:51,013 | INFO  | DNAudit | user=null | ip=null | op=WRITE_CHUNK {blockData=conID: 2 locID: 102650152704672179 bcsId: 1212} | ret=SUCCESS |  
2019-08-20 16:03:51,022 | INFO  | DNAudit | user=null | ip=null | op=WRITE_CHUNK {blockData=conID: 2 locID: 102650152704672179 bcsId: 1212} | ret=SUCCESS |  
2019-08-20 16:03:51,023 | INFO  | DNAudit | user=null | ip=null | op=PUT_BLOCK {blockData=[blockId=conID: 2 locID: 102650152704672179 bcsId: 0,size=3145728]} | ret=SUCCESS |  
2019-08-20 16:03:51,023 [grpc-default-executor-3] INFO  client.GrpcClientProtocolClient (GrpcClientProtocolClient.java:onNext(255)) - client-EAA342753240->9a4a4c23-9ff3-4ce3-a619-2c71c0869997: receive RaftClientReply:client-EAA342753240->9a4a4c23-9ff3-4ce3-a619-2c71c0869997@group-EC4211DF0353, cid=926, SUCCESS, logIndex=1217, commits[9a4a4c23-9ff3-4ce3-a619-2c71c0869997:c1218, 9b0072ab-15b3-4973-9bcb-7fa02f6bfea9:c1216, 9f215ef2-7d46-4cda-b695-cae1b893f75f:c1216]
2019-08-20 16:03:51,023 [grpc-default-executor-3] INFO  client.GrpcClientProtocolClient (GrpcClientProtocolClient.java:onNext(255)) - client-EAA342753240->9a4a4c23-9ff3-4ce3-a619-2c71c0869997: receive RaftClientReply:client-EAA342753240->9a4a4c23-9ff3-4ce3-a619-2c71c0869997@group-EC4211DF0353, cid=927, SUCCESS, logIndex=1218, commits[9a4a4c23-9ff3-4ce3-a619-2c71c0869997:c1218, 9b0072ab-15b3-4973-9bcb-7fa02f6bfea9:c1216, 9f215ef2-7d46-4cda-b695-cae1b893f75f:c1216]
2019-08-20 16:03:51,030 | INFO  | DNAudit | user=null | ip=null | op=WRITE_CHUNK {blockData=conID: 2 locID: 102650152704672179 bcsId: 1218} | ret=SUCCESS |  
2019-08-20 16:03:51,032 | INFO  | DNAudit | user=null | ip=null | op=WRITE_CHUNK {blockData=conID: 2 locID: 102650152704672179 bcsId: 1218} | ret=SUCCESS |  
2019-08-20 16:03:51,032 | INFO  | DNAudit | user=null | ip=null | op=WRITE_CHUNK {blockData=conID: 2 locID: 102650152704672179 bcsId: 1218} | ret=SUCCESS |  
2019-08-20 16:03:51,034 | INFO  | DNAudit | user=null | ip=null | op=WRITE_CHUNK {blockData=conID: 2 locID: 102650152704672179 bcsId: 1212} | ret=SUCCESS |  
2019-08-20 16:03:51,034 | INFO  | DNAudit | user=null | ip=null | op=WRITE_CHUNK {blockData=conID: 2 locID: 102650152704672179 bcsId: 1212} | ret=SUCCESS |  
2019-08-20 16:03:51,035 | INFO  | DNAudit | user=null | ip=null | op=PUT_BLOCK {blockData=[blockId=conID: 2 locID: 102650152704672179 bcsId: 0,size=3145728]} | ret=SUCCESS |  
2019-08-20 16:03:51,035 | INFO  | DNAudit | user=null | ip=null | op=PUT_BLOCK {blockData=[blockId=conID: 2 locID: 102650152704672179 bcsId: 0,size=3145728]} | ret=SUCCESS |  
2019-08-20 16:03:51,036 | INFO  | DNAudit | user=null | ip=null | op=WRITE_CHUNK {blockData=conID: 2 locID: 102650152704672179 bcsId: 1218} | ret=SUCCESS |  
2019-08-20 16:03:51,036 | INFO  | DNAudit | user=null | ip=null | op=PUT_BLOCK {blockData=[blockId=conID: 2 locID: 102650152704672179 bcsId: 0,size=4194304]} | ret=SUCCESS |  
2019-08-20 16:03:51,036 [grpc-default-executor-6] INFO  client.GrpcClientProtocolClient (GrpcClientProtocolClient.java:onNext(255)) - client-EAA342753240->9a4a4c23-9ff3-4ce3-a619-2c71c0869997: receive RaftClientReply:client-EAA342753240->9a4a4c23-9ff3-4ce3-a619-2c71c0869997@group-EC4211DF0353, cid=928, SUCCESS, logIndex=1221, commits[9a4a4c23-9ff3-4ce3-a619-2c71c0869997:c1222, 9b0072ab-15b3-4973-9bcb-7fa02f6bfea9:c1218, 9f215ef2-7d46-4cda-b695-cae1b893f75f:c1218]
2019-08-20 16:03:51,036 [grpc-default-executor-6] INFO  client.GrpcClientProtocolClient (GrpcClientProtocolClient.java:onNext(255)) - client-EAA342753240->9a4a4c23-9ff3-4ce3-a619-2c71c0869997: receive RaftClientReply:client-EAA342753240->9a4a4c23-9ff3-4ce3-a619-2c71c0869997@group-EC4211DF0353, cid=929, SUCCESS, logIndex=1222, commits[9a4a4c23-9ff3-4ce3-a619-2c71c0869997:c1222, 9b0072ab-15b3-4973-9bcb-7fa02f6bfea9:c1218, 9f215ef2-7d46-4cda-b695-cae1b893f75f:c1218]
2019-08-20 16:03:51,047 | INFO  | DNAudit | user=null | ip=null | op=WRITE_CHUNK {blockData=conID: 2 locID: 102650152704672179 bcsId: 1218} | ret=SUCCESS |  
2019-08-20 16:03:51,047 | INFO  | DNAudit | user=null | ip=null | op=WRITE_CHUNK {blockData=conID: 2 locID: 102650152704672179 bcsId: 1218} | ret=SUCCESS |  
2019-08-20 16:03:51,049 | INFO  | DNAudit | user=null | ip=null | op=PUT_BLOCK {blockData=[blockId=conID: 2 locID: 102650152704672179 bcsId: 0,size=4194304]} | ret=SUCCESS |  
2019-08-20 16:03:51,049 | INFO  | DNAudit | user=null | ip=null | op=PUT_BLOCK {blockData=[blockId=conID: 2 locID: 102650152704672179 bcsId: 0,size=4194304]} | ret=SUCCESS |  
2019-08-20 16:03:51,049 [grpc-default-executor-6] INFO  client.GrpcClientProtocolClient (GrpcClientProtocolClient.java:onNext(255)) - client-EAA342753240->9a4a4c23-9ff3-4ce3-a619-2c71c0869997: receive RaftClientReply:client-EAA342753240->9a4a4c23-9ff3-4ce3-a619-2c71c0869997@group-EC4211DF0353, cid=930, SUCCESS, logIndex=0, commits[9a4a4c23-9ff3-4ce3-a619-2c71c0869997:c1224, 9b0072ab-15b3-4973-9bcb-7fa02f6bfea9:c1222, 9f215ef2-7d46-4cda-b695-cae1b893f75f:c1222]
2019-08-20 16:03:51,057 | INFO  | DNAudit | user=null | ip=null | op=WRITE_CHUNK {blockData=conID: 3 locID: 102650152704737716 bcsId: 0} | ret=SUCCESS |  
2019-08-20 16:03:51,058 | INFO  | DNAudit | user=null | ip=null | op=WRITE_CHUNK {blockData=conID: 3 locID: 102650152704737716 bcsId: 0} | ret=SUCCESS |  
2019-08-20 16:03:51,059 | INFO  | DNAudit | user=null | ip=null | op=WRITE_CHUNK {blockData=conID: 3 locID: 102650152704737716 bcsId: 0} | ret=SUCCESS |  
2019-08-20 16:03:51,059 | INFO  | DNAudit | user=null | ip=null | op=WRITE_CHUNK {blockData=conID: 3 locID: 102650152704737716 bcsId: 0} | ret=SUCCESS |  
2019-08-20 16:03:51,061 | INFO  | DNAudit | user=null | ip=null | op=WRITE_CHUNK {blockData=conID: 3 locID: 102650152704737716 bcsId: 0} | ret=SUCCESS |  
2019-08-20 16:03:51,061 | INFO  | DNAudit | user=null | ip=null | op=WRITE_CHUNK {blockData=conID: 3 locID: 102650152704737716 bcsId: 0} | ret=SUCCESS |  
2019-08-20 16:03:51,070 | INFO  | DNAudit | user=null | ip=null | op=WRITE_CHUNK {blockData=conID: 3 locID: 102650152704737716 bcsId: 0} | ret=SUCCESS |  
2019-08-20 16:03:51,071 | INFO  | DNAudit | user=null | ip=null | op=PUT_BLOCK {blockData=[blockId=conID: 3 locID: 102650152704737716 bcsId: 0,size=1048576]} | ret=SUCCESS |  
2019-08-20 16:03:51,071 | INFO  | DNAudit | user=null | ip=null | op=WRITE_CHUNK {blockData=conID: 3 locID: 102650152704737716 bcsId: 0} | ret=SUCCESS |  
2019-08-20 16:03:51,071 [grpc-default-executor-3] INFO  client.GrpcClientProtocolClient (GrpcClientProtocolClient.java:onNext(255)) - client-EAA342753240->9a4a4c23-9ff3-4ce3-a619-2c71c0869997: receive RaftClientReply:client-EAA342753240->9a4a4c23-9ff3-4ce3-a619-2c71c0869997@group-EC4211DF0353, cid=931, SUCCESS, logIndex=1225, commits[9a4a4c23-9ff3-4ce3-a619-2c71c0869997:c1228, 9b0072ab-15b3-4973-9bcb-7fa02f6bfea9:c1224, 9f215ef2-7d46-4cda-b695-cae1b893f75f:c1224]
2019-08-20 16:03:51,072 | INFO  | DNAudit | user=null | ip=null | op=PUT_BLOCK {blockData=[blockId=conID: 3 locID: 102650152704737716 bcsId: 0,size=2097152]} | ret=SUCCESS |  
2019-08-20 16:03:51,072 [grpc-default-executor-3] INFO  client.GrpcClientProtocolClient (GrpcClientProtocolClient.java:onNext(255)) - client-EAA342753240->9a4a4c23-9ff3-4ce3-a619-2c71c0869997: receive RaftClientReply:client-EAA342753240->9a4a4c23-9ff3-4ce3-a619-2c71c0869997@group-EC4211DF0353, cid=932, SUCCESS, logIndex=1226, commits[9a4a4c23-9ff3-4ce3-a619-2c71c0869997:c1228, 9b0072ab-15b3-4973-9bcb-7fa02f6bfea9:c1224, 9f215ef2-7d46-4cda-b695-cae1b893f75f:c1224]
2019-08-20 16:03:51,072 [grpc-default-executor-3] INFO  client.GrpcClientProtocolClient (GrpcClientProtocolClient.java:onNext(255)) - client-EAA342753240->9a4a4c23-9ff3-4ce3-a619-2c71c0869997: receive RaftClientReply:client-EAA342753240->9a4a4c23-9ff3-4ce3-a619-2c71c0869997@group-EC4211DF0353, cid=933, SUCCESS, logIndex=1227, commits[9a4a4c23-9ff3-4ce3-a619-2c71c0869997:c1228, 9b0072ab-15b3-4973-9bcb-7fa02f6bfea9:c1224, 9f215ef2-7d46-4cda-b695-cae1b893f75f:c1224]
2019-08-20 16:03:51,072 [grpc-default-executor-3] INFO  client.GrpcClientProtocolClient (GrpcClientProtocolClient.java:onNext(255)) - client-EAA342753240->9a4a4c23-9ff3-4ce3-a619-2c71c0869997: receive RaftClientReply:client-EAA342753240->9a4a4c23-9ff3-4ce3-a619-2c71c0869997@group-EC4211DF0353, cid=934, SUCCESS, logIndex=1228, commits[9a4a4c23-9ff3-4ce3-a619-2c71c0869997:c1228, 9b0072ab-15b3-4973-9bcb-7fa02f6bfea9:c1224, 9f215ef2-7d46-4cda-b695-cae1b893f75f:c1224]
2019-08-20 16:03:51,078 | INFO  | SCMAudit | user=jenkins1000 | ip=192.168.69.96 | op=SEND_HEARTBEAT {datanodeUUID=69f203df-fb09-400b-ac11-cd7a56dd70a5, command=[]} | ret=SUCCESS |  
2019-08-20 16:03:51,082 | INFO  | DNAudit | user=null | ip=null | op=WRITE_CHUNK {blockData=conID: 3 locID: 102650152704737716 bcsId: 0} | ret=SUCCESS |  
2019-08-20 16:03:51,082 | INFO  | DNAudit | user=null | ip=null | op=WRITE_CHUNK {blockData=conID: 3 locID: 102650152704737716 bcsId: 0} | ret=SUCCESS |  
2019-08-20 16:03:51,083 | INFO  | DNAudit | user=null | ip=null | op=PUT_BLOCK {blockData=[blockId=conID: 3 locID: 102650152704737716 bcsId: 0,size=1048576]} | ret=SUCCESS |  
2019-08-20 16:03:51,083 | INFO  | DNAudit | user=null | ip=null | op=PUT_BLOCK {blockData=[blockId=conID: 3 locID: 102650152704737716 bcsId: 0,size=1048576]} | ret=SUCCESS |  
2019-08-20 16:03:51,083 | INFO  | DNAudit | user=null | ip=null | op=WRITE_CHUNK {blockData=conID: 3 locID: 102650152704737716 bcsId: 0} | ret=SUCCESS |  
2019-08-20 16:03:51,083 | INFO  | DNAudit | user=null | ip=null | op=WRITE_CHUNK {blockData=conID: 3 locID: 102650152704737716 bcsId: 0} | ret=SUCCESS |  
2019-08-20 16:03:51,083 | INFO  | DNAudit | user=null | ip=null | op=PUT_BLOCK {blockData=[blockId=conID: 3 locID: 102650152704737716 bcsId: 0,size=2097152]} | ret=SUCCESS |  
2019-08-20 16:03:51,084 | INFO  | DNAudit | user=null | ip=null | op=PUT_BLOCK {blockData=[blockId=conID: 3 locID: 102650152704737716 bcsId: 0,size=2097152]} | ret=SUCCESS |  
2019-08-20 16:03:51,084 [grpc-default-executor-3] INFO  client.GrpcClientProtocolClient (GrpcClientProtocolClient.java:onNext(255)) - client-EAA342753240->9a4a4c23-9ff3-4ce3-a619-2c71c0869997: receive RaftClientReply:client-EAA342753240->9a4a4c23-9ff3-4ce3-a619-2c71c0869997@group-EC4211DF0353, cid=935, SUCCESS, logIndex=0, commits[9a4a4c23-9ff3-4ce3-a619-2c71c0869997:c1230, 9b0072ab-15b3-4973-9bcb-7fa02f6bfea9:c1226, 9f215ef2-7d46-4cda-b695-cae1b893f75f:c1226]
2019-08-20 16:03:51,091 | INFO  | DNAudit | user=null | ip=null | op=WRITE_CHUNK {blockData=conID: 3 locID: 102650152704737716 bcsId: 1228} | ret=SUCCESS |  
2019-08-20 16:03:51,094 | INFO  | DNAudit | user=null | ip=null | op=WRITE_CHUNK {blockData=conID: 3 locID: 102650152704737716 bcsId: 1228} | ret=SUCCESS |  
2019-08-20 16:03:51,094 | INFO  | DNAudit | user=null | ip=null | op=WRITE_CHUNK {blockData=conID: 3 locID: 102650152704737716 bcsId: 1228} | ret=SUCCESS |  
2019-08-20 16:03:51,096 | INFO  | DNAudit | user=null | ip=null | op=WRITE_CHUNK {blockData=conID: 3 locID: 102650152704737716 bcsId: 1228} | ret=SUCCESS |  
2019-08-20 16:03:51,097 | INFO  | DNAudit | user=null | ip=null | op=PUT_BLOCK {blockData=[blockId=conID: 3 locID: 102650152704737716 bcsId: 0,size=3145728]} | ret=SUCCESS |  
2019-08-20 16:03:51,097 [grpc-default-executor-0] INFO  client.GrpcClientProtocolClient (GrpcClientProtocolClient.java:onNext(255)) - client-EAA342753240->9a4a4c23-9ff3-4ce3-a619-2c71c0869997: receive RaftClientReply:client-EAA342753240->9a4a4c23-9ff3-4ce3-a619-2c71c0869997@group-EC4211DF0353, cid=936, SUCCESS, logIndex=1233, commits[9a4a4c23-9ff3-4ce3-a619-2c71c0869997:c1234, 9b0072ab-15b3-4973-9bcb-7fa02f6bfea9:c1232, 9f215ef2-7d46-4cda-b695-cae1b893f75f:c1232]
2019-08-20 16:03:51,097 [grpc-default-executor-0] INFO  client.GrpcClientProtocolClient (GrpcClientProtocolClient.java:onNext(255)) - client-EAA342753240->9a4a4c23-9ff3-4ce3-a619-2c71c0869997: receive RaftClientReply:client-EAA342753240->9a4a4c23-9ff3-4ce3-a619-2c71c0869997@group-EC4211DF0353, cid=937, SUCCESS, logIndex=1234, commits[9a4a4c23-9ff3-4ce3-a619-2c71c0869997:c1234, 9b0072ab-15b3-4973-9bcb-7fa02f6bfea9:c1232, 9f215ef2-7d46-4cda-b695-cae1b893f75f:c1232]
2019-08-20 16:03:51,098 | INFO  | DNAudit | user=null | ip=null | op=WRITE_CHUNK {blockData=conID: 3 locID: 102650152704737716 bcsId: 1228} | ret=SUCCESS |  
2019-08-20 16:03:51,099 | INFO  | DNAudit | user=null | ip=null | op=WRITE_CHUNK {blockData=conID: 3 locID: 102650152704737716 bcsId: 1228} | ret=SUCCESS |  
2019-08-20 16:03:51,099 | INFO  | DNAudit | user=null | ip=null | op=PUT_BLOCK {blockData=[blockId=conID: 3 locID: 102650152704737716 bcsId: 0,size=3145728]} | ret=SUCCESS |  
2019-08-20 16:03:51,099 | INFO  | DNAudit | user=null | ip=null | op=PUT_BLOCK {blockData=[blockId=conID: 3 locID: 102650152704737716 bcsId: 0,size=3145728]} | ret=SUCCESS |  
2019-08-20 16:03:51,104 | INFO  | DNAudit | user=null | ip=null | op=WRITE_CHUNK {blockData=conID: 3 locID: 102650152704737716 bcsId: 1234} | ret=SUCCESS |  
2019-08-20 16:03:51,106 | INFO  | DNAudit | user=null | ip=null | op=WRITE_CHUNK {blockData=conID: 3 locID: 102650152704737716 bcsId: 1234} | ret=SUCCESS |  
2019-08-20 16:03:51,106 | INFO  | DNAudit | user=null | ip=null | op=WRITE_CHUNK {blockData=conID: 3 locID: 102650152704737716 bcsId: 1234} | ret=SUCCESS |  
2019-08-20 16:03:51,108 | INFO  | DNAudit | user=null | ip=null | op=WRITE_CHUNK {blockData=conID: 3 locID: 102650152704737716 bcsId: 1234} | ret=SUCCESS |  
2019-08-20 16:03:51,108 | INFO  | DNAudit | user=null | ip=null | op=PUT_BLOCK {blockData=[blockId=conID: 3 locID: 102650152704737716 bcsId: 0,size=4194304]} | ret=SUCCESS |  
2019-08-20 16:03:51,109 [grpc-default-executor-6] INFO  client.GrpcClientProtocolClient (GrpcClientProtocolClient.java:onNext(255)) - client-EAA342753240->9a4a4c23-9ff3-4ce3-a619-2c71c0869997: receive RaftClientReply:client-EAA342753240->9a4a4c23-9ff3-4ce3-a619-2c71c0869997@group-EC4211DF0353, cid=938, SUCCESS, logIndex=1237, commits[9a4a4c23-9ff3-4ce3-a619-2c71c0869997:c1238, 9b0072ab-15b3-4973-9bcb-7fa02f6bfea9:c1236, 9f215ef2-7d46-4cda-b695-cae1b893f75f:c1234]
2019-08-20 16:03:51,109 | INFO  | SCMAudit | user=jenkins1000 | ip=192.168.69.96 | op=SEND_HEARTBEAT {datanodeUUID=f1afe498-2778-451e-a3e4-8199ec337a15, command=[]} | ret=SUCCESS |  
2019-08-20 16:03:51,109 [grpc-default-executor-6] INFO  client.GrpcClientProtocolClient (GrpcClientProtocolClient.java:onNext(255)) - client-EAA342753240->9a4a4c23-9ff3-4ce3-a619-2c71c0869997: receive RaftClientReply:client-EAA342753240->9a4a4c23-9ff3-4ce3-a619-2c71c0869997@group-EC4211DF0353, cid=939, SUCCESS, logIndex=1238, commits[9a4a4c23-9ff3-4ce3-a619-2c71c0869997:c1238, 9b0072ab-15b3-4973-9bcb-7fa02f6bfea9:c1236, 9f215ef2-7d46-4cda-b695-cae1b893f75f:c1236]
2019-08-20 16:03:51,110 | INFO  | DNAudit | user=null | ip=null | op=WRITE_CHUNK {blockData=conID: 3 locID: 102650152704737716 bcsId: 1234} | ret=SUCCESS |  
2019-08-20 16:03:51,110 | INFO  | DNAudit | user=null | ip=null | op=WRITE_CHUNK {blockData=conID: 3 locID: 102650152704737716 bcsId: 1234} | ret=SUCCESS |  
2019-08-20 16:03:51,110 | INFO  | DNAudit | user=null | ip=null | op=PUT_BLOCK {blockData=[blockId=conID: 3 locID: 102650152704737716 bcsId: 0,size=4194304]} | ret=SUCCESS |  
2019-08-20 16:03:51,111 | INFO  | DNAudit | user=null | ip=null | op=PUT_BLOCK {blockData=[blockId=conID: 3 locID: 102650152704737716 bcsId: 0,size=4194304]} | ret=SUCCESS |  
2019-08-20 16:03:51,111 [grpc-default-executor-0] INFO  client.GrpcClientProtocolClient (GrpcClientProtocolClient.java:onNext(255)) - client-EAA342753240->9a4a4c23-9ff3-4ce3-a619-2c71c0869997: receive RaftClientReply:client-EAA342753240->9a4a4c23-9ff3-4ce3-a619-2c71c0869997@group-EC4211DF0353, cid=940, SUCCESS, logIndex=0, commits[9a4a4c23-9ff3-4ce3-a619-2c71c0869997:c1239, 9b0072ab-15b3-4973-9bcb-7fa02f6bfea9:c1238, 9f215ef2-7d46-4cda-b695-cae1b893f75f:c1238]
2019-08-20 16:03:51,118 | INFO  | DNAudit | user=null | ip=null | op=WRITE_CHUNK {blockData=conID: 1 locID: 102650152704737717 bcsId: 0} | ret=SUCCESS |  
2019-08-20 16:03:51,121 | INFO  | DNAudit | user=null | ip=null | op=WRITE_CHUNK {blockData=conID: 1 locID: 102650152704737717 bcsId: 0} | ret=SUCCESS |  
2019-08-20 16:03:51,121 | INFO  | DNAudit | user=null | ip=null | op=WRITE_CHUNK {blockData=conID: 1 locID: 102650152704737717 bcsId: 0} | ret=SUCCESS |  
2019-08-20 16:03:51,121 | INFO  | DNAudit | user=null | ip=null | op=WRITE_CHUNK {blockData=conID: 1 locID: 102650152704737717 bcsId: 0} | ret=SUCCESS |  
2019-08-20 16:03:51,123 | INFO  | DNAudit | user=null | ip=null | op=WRITE_CHUNK {blockData=conID: 1 locID: 102650152704737717 bcsId: 0} | ret=SUCCESS |  
2019-08-20 16:03:51,123 | INFO  | DNAudit | user=null | ip=null | op=WRITE_CHUNK {blockData=conID: 1 locID: 102650152704737717 bcsId: 0} | ret=SUCCESS |  
2019-08-20 16:03:51,141 | INFO  | DNAudit | user=null | ip=null | op=WRITE_CHUNK {blockData=conID: 1 locID: 102650152704737717 bcsId: 0} | ret=SUCCESS |  
2019-08-20 16:03:51,142 | INFO  | DNAudit | user=null | ip=null | op=PUT_BLOCK {blockData=[blockId=conID: 1 locID: 102650152704737717 bcsId: 0,size=1048576]} | ret=SUCCESS |  
2019-08-20 16:03:51,142 | INFO  | DNAudit | user=null | ip=null | op=WRITE_CHUNK {blockData=conID: 1 locID: 102650152704737717 bcsId: 0} | ret=SUCCESS |  
2019-08-20 16:03:51,142 [grpc-default-executor-5] INFO  client.GrpcClientProtocolClient (GrpcClientProtocolClient.java:onNext(255)) - client-EAA342753240->9a4a4c23-9ff3-4ce3-a619-2c71c0869997: receive RaftClientReply:client-EAA342753240->9a4a4c23-9ff3-4ce3-a619-2c71c0869997@group-EC4211DF0353, cid=941, SUCCESS, logIndex=1241, commits[9a4a4c23-9ff3-4ce3-a619-2c71c0869997:c1243, 9b0072ab-15b3-4973-9bcb-7fa02f6bfea9:c1240, 9f215ef2-7d46-4cda-b695-cae1b893f75f:c1240]
2019-08-20 16:03:51,143 | INFO  | DNAudit | user=null | ip=null | op=PUT_BLOCK {blockData=[blockId=conID: 1 locID: 102650152704737717 bcsId: 0,size=2097152]} | ret=SUCCESS |  
2019-08-20 16:03:51,143 [grpc-default-executor-5] INFO  client.GrpcClientProtocolClient (GrpcClientProtocolClient.java:onNext(255)) - client-EAA342753240->9a4a4c23-9ff3-4ce3-a619-2c71c0869997: receive RaftClientReply:client-EAA342753240->9a4a4c23-9ff3-4ce3-a619-2c71c0869997@group-EC4211DF0353, cid=942, SUCCESS, logIndex=1242, commits[9a4a4c23-9ff3-4ce3-a619-2c71c0869997:c1244, 9b0072ab-15b3-4973-9bcb-7fa02f6bfea9:c1240, 9f215ef2-7d46-4cda-b695-cae1b893f75f:c1240]
2019-08-20 16:03:51,143 [grpc-default-executor-5] INFO  client.GrpcClientProtocolClient (GrpcClientProtocolClient.java:onNext(255)) - client-EAA342753240->9a4a4c23-9ff3-4ce3-a619-2c71c0869997: receive RaftClientReply:client-EAA342753240->9a4a4c23-9ff3-4ce3-a619-2c71c0869997@group-EC4211DF0353, cid=943, SUCCESS, logIndex=1243, commits[9a4a4c23-9ff3-4ce3-a619-2c71c0869997:c1244, 9b0072ab-15b3-4973-9bcb-7fa02f6bfea9:c1240, 9f215ef2-7d46-4cda-b695-cae1b893f75f:c1240]
2019-08-20 16:03:51,144 [grpc-default-executor-5] INFO  client.GrpcClientProtocolClient (GrpcClientProtocolClient.java:onNext(255)) - client-EAA342753240->9a4a4c23-9ff3-4ce3-a619-2c71c0869997: receive RaftClientReply:client-EAA342753240->9a4a4c23-9ff3-4ce3-a619-2c71c0869997@group-EC4211DF0353, cid=944, SUCCESS, logIndex=1244, commits[9a4a4c23-9ff3-4ce3-a619-2c71c0869997:c1244, 9b0072ab-15b3-4973-9bcb-7fa02f6bfea9:c1240, 9f215ef2-7d46-4cda-b695-cae1b893f75f:c1240]
2019-08-20 16:03:51,153 | INFO  | DNAudit | user=null | ip=null | op=WRITE_CHUNK {blockData=conID: 1 locID: 102650152704737717 bcsId: 0} | ret=SUCCESS |  
2019-08-20 16:03:51,153 | INFO  | DNAudit | user=null | ip=null | op=WRITE_CHUNK {blockData=conID: 1 locID: 102650152704737717 bcsId: 0} | ret=SUCCESS |  
2019-08-20 16:03:51,154 | INFO  | DNAudit | user=null | ip=null | op=PUT_BLOCK {blockData=[blockId=conID: 1 locID: 102650152704737717 bcsId: 0,size=1048576]} | ret=SUCCESS |  
2019-08-20 16:03:51,154 | INFO  | DNAudit | user=null | ip=null | op=PUT_BLOCK {blockData=[blockId=conID: 1 locID: 102650152704737717 bcsId: 0,size=1048576]} | ret=SUCCESS |  
2019-08-20 16:03:51,154 | INFO  | DNAudit | user=null | ip=null | op=WRITE_CHUNK {blockData=conID: 1 locID: 102650152704737717 bcsId: 0} | ret=SUCCESS |  
2019-08-20 16:03:51,154 | INFO  | DNAudit | user=null | ip=null | op=WRITE_CHUNK {blockData=conID: 1 locID: 102650152704737717 bcsId: 0} | ret=SUCCESS |  
2019-08-20 16:03:51,154 [grpc-default-executor-0] INFO  client.GrpcClientProtocolClient (GrpcClientProtocolClient.java:onNext(255)) - client-EAA342753240->9a4a4c23-9ff3-4ce3-a619-2c71c0869997: receive RaftClientReply:client-EAA342753240->9a4a4c23-9ff3-4ce3-a619-2c71c0869997@group-EC4211DF0353, cid=945, SUCCESS, logIndex=0, commits[9a4a4c23-9ff3-4ce3-a619-2c71c0869997:c1245, 9b0072ab-15b3-4973-9bcb-7fa02f6bfea9:c1243, 9f215ef2-7d46-4cda-b695-cae1b893f75f:c1243]
2019-08-20 16:03:51,155 | INFO  | DNAudit | user=null | ip=null | op=PUT_BLOCK {blockData=[blockId=conID: 1 locID: 102650152704737717 bcsId: 0,size=2097152]} | ret=SUCCESS |  
2019-08-20 16:03:51,155 | INFO  | DNAudit | user=null | ip=null | op=PUT_BLOCK {blockData=[blockId=conID: 1 locID: 102650152704737717 bcsId: 0,size=2097152]} | ret=SUCCESS |  
2019-08-20 16:03:51,162 | INFO  | DNAudit | user=null | ip=null | op=WRITE_CHUNK {blockData=conID: 1 locID: 102650152704737717 bcsId: 1244} | ret=SUCCESS |  
2019-08-20 16:03:51,165 | INFO  | DNAudit | user=null | ip=null | op=WRITE_CHUNK {blockData=conID: 1 locID: 102650152704737717 bcsId: 1244} | ret=SUCCESS |  
2019-08-20 16:03:51,165 | INFO  | DNAudit | user=null | ip=null | op=WRITE_CHUNK {blockData=conID: 1 locID: 102650152704737717 bcsId: 1244} | ret=SUCCESS |  
2019-08-20 16:03:51,172 | INFO  | DNAudit | user=null | ip=null | op=WRITE_CHUNK {blockData=conID: 1 locID: 102650152704737717 bcsId: 1244} | ret=SUCCESS |  
2019-08-20 16:03:51,173 | INFO  | DNAudit | user=null | ip=null | op=PUT_BLOCK {blockData=[blockId=conID: 1 locID: 102650152704737717 bcsId: 0,size=3145728]} | ret=SUCCESS |  
2019-08-20 16:03:51,173 [grpc-default-executor-0] INFO  client.GrpcClientProtocolClient (GrpcClientProtocolClient.java:onNext(255)) - client-EAA342753240->9a4a4c23-9ff3-4ce3-a619-2c71c0869997: receive RaftClientReply:client-EAA342753240->9a4a4c23-9ff3-4ce3-a619-2c71c0869997@group-EC4211DF0353, cid=946, SUCCESS, logIndex=1248, commits[9a4a4c23-9ff3-4ce3-a619-2c71c0869997:c1249, 9b0072ab-15b3-4973-9bcb-7fa02f6bfea9:c1247, 9f215ef2-7d46-4cda-b695-cae1b893f75f:c1247]
2019-08-20 16:03:51,174 [grpc-default-executor-0] INFO  client.GrpcClientProtocolClient (GrpcClientProtocolClient.java:onNext(255)) - client-EAA342753240->9a4a4c23-9ff3-4ce3-a619-2c71c0869997: receive RaftClientReply:client-EAA342753240->9a4a4c23-9ff3-4ce3-a619-2c71c0869997@group-EC4211DF0353, cid=947, SUCCESS, logIndex=1249, commits[9a4a4c23-9ff3-4ce3-a619-2c71c0869997:c1249, 9b0072ab-15b3-4973-9bcb-7fa02f6bfea9:c1247, 9f215ef2-7d46-4cda-b695-cae1b893f75f:c1247]
2019-08-20 16:03:51,181 | INFO  | DNAudit | user=null | ip=null | op=WRITE_CHUNK {blockData=conID: 1 locID: 102650152704737717 bcsId: 1249} | ret=SUCCESS |  
2019-08-20 16:03:51,184 | INFO  | DNAudit | user=null | ip=null | op=WRITE_CHUNK {blockData=conID: 1 locID: 102650152704737717 bcsId: 1244} | ret=SUCCESS |  
2019-08-20 16:03:51,184 | INFO  | DNAudit | user=null | ip=null | op=WRITE_CHUNK {blockData=conID: 1 locID: 102650152704737717 bcsId: 1249} | ret=SUCCESS |  
2019-08-20 16:03:51,185 | INFO  | DNAudit | user=null | ip=null | op=WRITE_CHUNK {blockData=conID: 1 locID: 102650152704737717 bcsId: 1249} | ret=SUCCESS |  
2019-08-20 16:03:51,196 | INFO  | DNAudit | user=null | ip=null | op=WRITE_CHUNK {blockData=conID: 1 locID: 102650152704737717 bcsId: 1244} | ret=SUCCESS |  
2019-08-20 16:03:51,219 | INFO  | DNAudit | user=null | ip=null | op=PUT_BLOCK {blockData=[blockId=conID: 1 locID: 102650152704737717 bcsId: 0,size=3145728]} | ret=SUCCESS |  
2019-08-20 16:03:51,219 | INFO  | DNAudit | user=null | ip=null | op=PUT_BLOCK {blockData=[blockId=conID: 1 locID: 102650152704737717 bcsId: 0,size=3145728]} | ret=SUCCESS |  
2019-08-20 16:03:51,220 | INFO  | DNAudit | user=null | ip=null | op=WRITE_CHUNK {blockData=conID: 1 locID: 102650152704737717 bcsId: 1249} | ret=SUCCESS |  
2019-08-20 16:03:51,221 | INFO  | DNAudit | user=null | ip=null | op=PUT_BLOCK {blockData=[blockId=conID: 1 locID: 102650152704737717 bcsId: 0,size=4194304]} | ret=SUCCESS |  
2019-08-20 16:03:51,221 [grpc-default-executor-5] INFO  client.GrpcClientProtocolClient (GrpcClientProtocolClient.java:onNext(255)) - client-EAA342753240->9a4a4c23-9ff3-4ce3-a619-2c71c0869997: receive RaftClientReply:client-EAA342753240->9a4a4c23-9ff3-4ce3-a619-2c71c0869997@group-EC4211DF0353, cid=948, SUCCESS, logIndex=1252, commits[9a4a4c23-9ff3-4ce3-a619-2c71c0869997:c1253, 9b0072ab-15b3-4973-9bcb-7fa02f6bfea9:c1249, 9f215ef2-7d46-4cda-b695-cae1b893f75f:c1249]
2019-08-20 16:03:51,222 [grpc-default-executor-5] INFO  client.GrpcClientProtocolClient (GrpcClientProtocolClient.java:onNext(255)) - client-EAA342753240->9a4a4c23-9ff3-4ce3-a619-2c71c0869997: receive RaftClientReply:client-EAA342753240->9a4a4c23-9ff3-4ce3-a619-2c71c0869997@group-EC4211DF0353, cid=949, SUCCESS, logIndex=1253, commits[9a4a4c23-9ff3-4ce3-a619-2c71c0869997:c1253, 9b0072ab-15b3-4973-9bcb-7fa02f6bfea9:c1249, 9f215ef2-7d46-4cda-b695-cae1b893f75f:c1249]
2019-08-20 16:03:51,232 | INFO  | DNAudit | user=null | ip=null | op=WRITE_CHUNK {blockData=conID: 1 locID: 102650152704737717 bcsId: 1249} | ret=SUCCESS |  
2019-08-20 16:03:51,232 | INFO  | DNAudit | user=null | ip=null | op=WRITE_CHUNK {blockData=conID: 1 locID: 102650152704737717 bcsId: 1249} | ret=SUCCESS |  
2019-08-20 16:03:51,233 | INFO  | DNAudit | user=null | ip=null | op=PUT_BLOCK {blockData=[blockId=conID: 1 locID: 102650152704737717 bcsId: 0,size=4194304]} | ret=SUCCESS |  
2019-08-20 16:03:51,233 | INFO  | DNAudit | user=null | ip=null | op=PUT_BLOCK {blockData=[blockId=conID: 1 locID: 102650152704737717 bcsId: 0,size=4194304]} | ret=SUCCESS |  
2019-08-20 16:03:51,234 [grpc-default-executor-5] INFO  client.GrpcClientProtocolClient (GrpcClientProtocolClient.java:onNext(255)) - client-EAA342753240->9a4a4c23-9ff3-4ce3-a619-2c71c0869997: receive RaftClientReply:client-EAA342753240->9a4a4c23-9ff3-4ce3-a619-2c71c0869997@group-EC4211DF0353, cid=950, SUCCESS, logIndex=0, commits[9a4a4c23-9ff3-4ce3-a619-2c71c0869997:c1255, 9b0072ab-15b3-4973-9bcb-7fa02f6bfea9:c1253, 9f215ef2-7d46-4cda-b695-cae1b893f75f:c1253]
 0.00% |█                                                                                                    |  0/1 Time: 0:00:042019-08-20 16:03:51,417 | INFO  | SCMAudit | user=jenkins1000 | ip=192.168.69.96 | op=SEND_HEARTBEAT {datanodeUUID=9b0072ab-15b3-4973-9bcb-7fa02f6bfea9, command=[]} | ret=SUCCESS |  
2019-08-20 16:03:51,417 | INFO  | SCMAudit | user=jenkins1000 | ip=192.168.69.96 | op=SEND_HEARTBEAT {datanodeUUID=9f215ef2-7d46-4cda-b695-cae1b893f75f, command=[]} | ret=SUCCESS |  
2019-08-20 16:03:51,417 | INFO  | SCMAudit | user=jenkins1000 | ip=192.168.69.96 | op=SEND_HEARTBEAT {datanodeUUID=9a4a4c23-9ff3-4ce3-a619-2c71c0869997, command=[]} | ret=SUCCESS |  
2019-08-20 16:03:51,419 | INFO  | DNAudit | user=null | ip=null | op=WRITE_CHUNK {blockData=conID: 2 locID: 102650152704737718 bcsId: 0} | ret=SUCCESS |  
2019-08-20 16:03:51,423 | INFO  | DNAudit | user=null | ip=null | op=WRITE_CHUNK {blockData=conID: 2 locID: 102650152704737718 bcsId: 0} | ret=SUCCESS |  
2019-08-20 16:03:51,424 | INFO  | DNAudit | user=null | ip=null | op=WRITE_CHUNK {blockData=conID: 2 locID: 102650152704737718 bcsId: 0} | ret=SUCCESS |  
2019-08-20 16:03:51,425 | INFO  | DNAudit | user=null | ip=null | op=WRITE_CHUNK {blockData=conID: 2 locID: 102650152704737718 bcsId: 0} | ret=SUCCESS |  
2019-08-20 16:03:51,427 | INFO  | DNAudit | user=null | ip=null | op=WRITE_CHUNK {blockData=conID: 2 locID: 102650152704737718 bcsId: 0} | ret=SUCCESS |  
2019-08-20 16:03:51,428 | INFO  | DNAudit | user=null | ip=null | op=WRITE_CHUNK {blockData=conID: 2 locID: 102650152704737718 bcsId: 0} | ret=SUCCESS |  
2019-08-20 16:03:51,434 | INFO  | DNAudit | user=null | ip=null | op=WRITE_CHUNK {blockData=conID: 2 locID: 102650152704737718 bcsId: 0} | ret=SUCCESS |  
2019-08-20 16:03:51,435 | INFO  | DNAudit | user=null | ip=null | op=PUT_BLOCK {blockData=[blockId=conID: 2 locID: 102650152704737718 bcsId: 0,size=1048576]} | ret=SUCCESS |  
2019-08-20 16:03:51,435 | INFO  | DNAudit | user=null | ip=null | op=WRITE_CHUNK {blockData=conID: 2 locID: 102650152704737718 bcsId: 0} | ret=SUCCESS |  
2019-08-20 16:03:51,436 | INFO  | DNAudit | user=null | ip=null | op=PUT_BLOCK {blockData=[blockId=conID: 2 locID: 102650152704737718 bcsId: 0,size=2097152]} | ret=SUCCESS |  
2019-08-20 16:03:51,435 [grpc-default-executor-3] INFO  client.GrpcClientProtocolClient (GrpcClientProtocolClient.java:onNext(255)) - client-EAA342753240->9a4a4c23-9ff3-4ce3-a619-2c71c0869997: receive RaftClientReply:client-EAA342753240->9a4a4c23-9ff3-4ce3-a619-2c71c0869997@group-EC4211DF0353, cid=951, SUCCESS, logIndex=1256, commits[9a4a4c23-9ff3-4ce3-a619-2c71c0869997:c1259, 9b0072ab-15b3-4973-9bcb-7fa02f6bfea9:c1255, 9f215ef2-7d46-4cda-b695-cae1b893f75f:c1255]
2019-08-20 16:03:51,437 [grpc-default-executor-3] INFO  client.GrpcClientProtocolClient (GrpcClientProtocolClient.java:onNext(255)) - client-EAA342753240->9a4a4c23-9ff3-4ce3-a619-2c71c0869997: receive RaftClientReply:client-EAA342753240->9a4a4c23-9ff3-4ce3-a619-2c71c0869997@group-EC4211DF0353, cid=952, SUCCESS, logIndex=1257, commits[9a4a4c23-9ff3-4ce3-a619-2c71c0869997:c1259, 9b0072ab-15b3-4973-9bcb-7fa02f6bfea9:c1255, 9f215ef2-7d46-4cda-b695-cae1b893f75f:c1255]
2019-08-20 16:03:51,437 [grpc-default-executor-3] INFO  client.GrpcClientProtocolClient (GrpcClientProtocolClient.java:onNext(255)) - client-EAA342753240->9a4a4c23-9ff3-4ce3-a619-2c71c0869997: receive RaftClientReply:client-EAA342753240->9a4a4c23-9ff3-4ce3-a619-2c71c0869997@group-EC4211DF0353, cid=953, SUCCESS, logIndex=1258, commits[9a4a4c23-9ff3-4ce3-a619-2c71c0869997:c1259, 9b0072ab-15b3-4973-9bcb-7fa02f6bfea9:c1255, 9f215ef2-7d46-4cda-b695-cae1b893f75f:c1255]
2019-08-20 16:03:51,437 [grpc-default-executor-3] INFO  client.GrpcClientProtocolClient (GrpcClientProtocolClient.java:onNext(255)) - client-EAA342753240->9a4a4c23-9ff3-4ce3-a619-2c71c0869997: receive RaftClientReply:client-EAA342753240->9a4a4c23-9ff3-4ce3-a619-2c71c0869997@group-EC4211DF0353, cid=954, SUCCESS, logIndex=1259, commits[9a4a4c23-9ff3-4ce3-a619-2c71c0869997:c1259, 9b0072ab-15b3-4973-9bcb-7fa02f6bfea9:c1255, 9f215ef2-7d46-4cda-b695-cae1b893f75f:c1255]
2019-08-20 16:03:51,445 | INFO  | DNAudit | user=null | ip=null | op=WRITE_CHUNK {blockData=conID: 2 locID: 102650152704737718 bcsId: 0} | ret=SUCCESS |  
2019-08-20 16:03:51,445 | INFO  | DNAudit | user=null | ip=null | op=WRITE_CHUNK {blockData=conID: 2 locID: 102650152704737718 bcsId: 0} | ret=SUCCESS |  
2019-08-20 16:03:51,445 | INFO  | DNAudit | user=null | ip=null | op=PUT_BLOCK {blockData=[blockId=conID: 2 locID: 102650152704737718 bcsId: 0,size=1048576]} | ret=SUCCESS |  
2019-08-20 16:03:51,445 | INFO  | DNAudit | user=null | ip=null | op=PUT_BLOCK {blockData=[blockId=conID: 2 locID: 102650152704737718 bcsId: 0,size=1048576]} | ret=SUCCESS |  
2019-08-20 16:03:51,446 | INFO  | DNAudit | user=null | ip=null | op=WRITE_CHUNK {blockData=conID: 2 locID: 102650152704737718 bcsId: 0} | ret=SUCCESS |  
2019-08-20 16:03:51,446 | INFO  | DNAudit | user=null | ip=null | op=WRITE_CHUNK {blockData=conID: 2 locID: 102650152704737718 bcsId: 0} | ret=SUCCESS |  
2019-08-20 16:03:51,446 | INFO  | DNAudit | user=null | ip=null | op=PUT_BLOCK {blockData=[blockId=conID: 2 locID: 102650152704737718 bcsId: 0,size=2097152]} | ret=SUCCESS |  
2019-08-20 16:03:51,446 | INFO  | DNAudit | user=null | ip=null | op=PUT_BLOCK {blockData=[blockId=conID: 2 locID: 102650152704737718 bcsId: 0,size=2097152]} | ret=SUCCESS |  
2019-08-20 16:03:51,446 [grpc-default-executor-0] INFO  client.GrpcClientProtocolClient (GrpcClientProtocolClient.java:onNext(255)) - client-EAA342753240->9a4a4c23-9ff3-4ce3-a619-2c71c0869997: receive RaftClientReply:client-EAA342753240->9a4a4c23-9ff3-4ce3-a619-2c71c0869997@group-EC4211DF0353, cid=955, SUCCESS, logIndex=0, commits[9a4a4c23-9ff3-4ce3-a619-2c71c0869997:c1260, 9b0072ab-15b3-4973-9bcb-7fa02f6bfea9:c1259, 9f215ef2-7d46-4cda-b695-cae1b893f75f:c1259]
2019-08-20 16:03:51,455 | INFO  | DNAudit | user=null | ip=null | op=WRITE_CHUNK {blockData=conID: 2 locID: 102650152704737718 bcsId: 1259} | ret=SUCCESS |  
2019-08-20 16:03:51,459 | INFO  | DNAudit | user=null | ip=null | op=WRITE_CHUNK {blockData=conID: 2 locID: 102650152704737718 bcsId: 1259} | ret=SUCCESS |  
2019-08-20 16:03:51,459 | INFO  | DNAudit | user=null | ip=null | op=WRITE_CHUNK {blockData=conID: 2 locID: 102650152704737718 bcsId: 1259} | ret=SUCCESS |  
2019-08-20 16:03:51,469 | INFO  | DNAudit | user=null | ip=null | op=WRITE_CHUNK {blockData=conID: 2 locID: 102650152704737718 bcsId: 1259} | ret=SUCCESS |  
2019-08-20 16:03:51,469 | INFO  | DNAudit | user=null | ip=null | op=PUT_BLOCK {blockData=[blockId=conID: 2 locID: 102650152704737718 bcsId: 0,size=3145728]} | ret=SUCCESS |  
2019-08-20 16:03:51,469 [grpc-default-executor-5] INFO  client.GrpcClientProtocolClient (GrpcClientProtocolClient.java:onNext(255)) - client-EAA342753240->9a4a4c23-9ff3-4ce3-a619-2c71c0869997: receive RaftClientReply:client-EAA342753240->9a4a4c23-9ff3-4ce3-a619-2c71c0869997@group-EC4211DF0353, cid=956, SUCCESS, logIndex=1262, commits[9a4a4c23-9ff3-4ce3-a619-2c71c0869997:c1263, 9b0072ab-15b3-4973-9bcb-7fa02f6bfea9:c1261, 9f215ef2-7d46-4cda-b695-cae1b893f75f:c1261]
2019-08-20 16:03:51,470 [grpc-default-executor-5] INFO  client.GrpcClientProtocolClient (GrpcClientProtocolClient.java:onNext(255)) - client-EAA342753240->9a4a4c23-9ff3-4ce3-a619-2c71c0869997: receive RaftClientReply:client-EAA342753240->9a4a4c23-9ff3-4ce3-a619-2c71c0869997@group-EC4211DF0353, cid=957, SUCCESS, logIndex=1263, commits[9a4a4c23-9ff3-4ce3-a619-2c71c0869997:c1263, 9b0072ab-15b3-4973-9bcb-7fa02f6bfea9:c1261, 9f215ef2-7d46-4cda-b695-cae1b893f75f:c1261]
2019-08-20 16:03:51,477 | INFO  | DNAudit | user=null | ip=null | op=WRITE_CHUNK {blockData=conID: 2 locID: 102650152704737718 bcsId: 1263} | ret=SUCCESS |  
2019-08-20 16:03:51,480 | INFO  | DNAudit | user=null | ip=null | op=WRITE_CHUNK {blockData=conID: 2 locID: 102650152704737718 bcsId: 1263} | ret=SUCCESS |  
2019-08-20 16:03:51,480 | INFO  | DNAudit | user=null | ip=null | op=WRITE_CHUNK {blockData=conID: 2 locID: 102650152704737718 bcsId: 1259} | ret=SUCCESS |  
2019-08-20 16:03:51,480 | INFO  | DNAudit | user=null | ip=null | op=WRITE_CHUNK {blockData=conID: 2 locID: 102650152704737718 bcsId: 1259} | ret=SUCCESS |  
2019-08-20 16:03:51,480 | INFO  | DNAudit | user=null | ip=null | op=WRITE_CHUNK {blockData=conID: 2 locID: 102650152704737718 bcsId: 1263} | ret=SUCCESS |  
2019-08-20 16:03:51,481 | INFO  | DNAudit | user=null | ip=null | op=PUT_BLOCK {blockData=[blockId=conID: 2 locID: 102650152704737718 bcsId: 0,size=3145728]} | ret=SUCCESS |  
2019-08-20 16:03:51,482 | INFO  | DNAudit | user=null | ip=null | op=WRITE_CHUNK {blockData=conID: 2 locID: 102650152704737718 bcsId: 1263} | ret=SUCCESS |  
2019-08-20 16:03:51,482 | INFO  | DNAudit | user=null | ip=null | op=PUT_BLOCK {blockData=[blockId=conID: 2 locID: 102650152704737718 bcsId: 0,size=3145728]} | ret=SUCCESS |  
2019-08-20 16:03:51,482 | INFO  | DNAudit | user=null | ip=null | op=PUT_BLOCK {blockData=[blockId=conID: 2 locID: 102650152704737718 bcsId: 0,size=4194304]} | ret=SUCCESS |  
2019-08-20 16:03:51,482 [grpc-default-executor-5] INFO  client.GrpcClientProtocolClient (GrpcClientProtocolClient.java:onNext(255)) - client-EAA342753240->9a4a4c23-9ff3-4ce3-a619-2c71c0869997: receive RaftClientReply:client-EAA342753240->9a4a4c23-9ff3-4ce3-a619-2c71c0869997@group-EC4211DF0353, cid=958, SUCCESS, logIndex=1266, commits[9a4a4c23-9ff3-4ce3-a619-2c71c0869997:c1267, 9b0072ab-15b3-4973-9bcb-7fa02f6bfea9:c1263, 9f215ef2-7d46-4cda-b695-cae1b893f75f:c1262]
2019-08-20 16:03:51,483 [grpc-default-executor-5] INFO  client.GrpcClientProtocolClient (GrpcClientProtocolClient.java:onNext(255)) - client-EAA342753240->9a4a4c23-9ff3-4ce3-a619-2c71c0869997: receive RaftClientReply:client-EAA342753240->9a4a4c23-9ff3-4ce3-a619-2c71c0869997@group-EC4211DF0353, cid=959, SUCCESS, logIndex=1267, commits[9a4a4c23-9ff3-4ce3-a619-2c71c0869997:c1267, 9b0072ab-15b3-4973-9bcb-7fa02f6bfea9:c1263, 9f215ef2-7d46-4cda-b695-cae1b893f75f:c1263]
2019-08-20 16:03:51,484 | INFO  | DNAudit | user=null | ip=null | op=WRITE_CHUNK {blockData=conID: 2 locID: 102650152704737718 bcsId: 1263} | ret=SUCCESS |  
2019-08-20 16:03:51,484 | INFO  | DNAudit | user=null | ip=null | op=WRITE_CHUNK {blockData=conID: 2 locID: 102650152704737718 bcsId: 1263} | ret=SUCCESS |  
2019-08-20 16:03:51,484 | INFO  | DNAudit | user=null | ip=null | op=PUT_BLOCK {blockData=[blockId=conID: 2 locID: 102650152704737718 bcsId: 0,size=4194304]} | ret=SUCCESS |  
2019-08-20 16:03:51,484 | INFO  | DNAudit | user=null | ip=null | op=PUT_BLOCK {blockData=[blockId=conID: 2 locID: 102650152704737718 bcsId: 0,size=4194304]} | ret=SUCCESS |  
2019-08-20 16:03:51,484 [grpc-default-executor-5] INFO  client.GrpcClientProtocolClient (GrpcClientProtocolClient.java:onNext(255)) - client-EAA342753240->9a4a4c23-9ff3-4ce3-a619-2c71c0869997: receive RaftClientReply:client-EAA342753240->9a4a4c23-9ff3-4ce3-a619-2c71c0869997@group-EC4211DF0353, cid=960, SUCCESS, logIndex=0, commits[9a4a4c23-9ff3-4ce3-a619-2c71c0869997:c1268, 9b0072ab-15b3-4973-9bcb-7fa02f6bfea9:c1267, 9f215ef2-7d46-4cda-b695-cae1b893f75f:c1267]
2019-08-20 16:03:51,492 | INFO  | DNAudit | user=null | ip=null | op=WRITE_CHUNK {blockData=conID: 3 locID: 102650152704737719 bcsId: 0} | ret=SUCCESS |  
2019-08-20 16:03:51,494 | INFO  | DNAudit | user=null | ip=null | op=WRITE_CHUNK {blockData=conID: 3 locID: 102650152704737719 bcsId: 0} | ret=SUCCESS |  
2019-08-20 16:03:51,496 | INFO  | DNAudit | user=null | ip=null | op=WRITE_CHUNK {blockData=conID: 3 locID: 102650152704737719 bcsId: 0} | ret=SUCCESS |  
2019-08-20 16:03:51,496 | INFO  | DNAudit | user=null | ip=null | op=WRITE_CHUNK {blockData=conID: 3 locID: 102650152704737719 bcsId: 0} | ret=SUCCESS |  
2019-08-20 16:03:51,497 | INFO  | DNAudit | user=null | ip=null | op=WRITE_CHUNK {blockData=conID: 3 locID: 102650152704737719 bcsId: 0} | ret=SUCCESS |  
2019-08-20 16:03:51,498 | INFO  | DNAudit | user=null | ip=null | op=WRITE_CHUNK {blockData=conID: 3 locID: 102650152704737719 bcsId: 0} | ret=SUCCESS |  
2019-08-20 16:03:51,504 | INFO  | DNAudit | user=null | ip=null | op=WRITE_CHUNK {blockData=conID: 3 locID: 102650152704737719 bcsId: 0} | ret=SUCCESS |  
2019-08-20 16:03:51,505 | INFO  | DNAudit | user=null | ip=null | op=PUT_BLOCK {blockData=[blockId=conID: 3 locID: 102650152704737719 bcsId: 0,size=1048576]} | ret=SUCCESS |  
2019-08-20 16:03:51,505 [grpc-default-executor-0] INFO  client.GrpcClientProtocolClient (GrpcClientProtocolClient.java:onNext(255)) - client-EAA342753240->9a4a4c23-9ff3-4ce3-a619-2c71c0869997: receive RaftClientReply:client-EAA342753240->9a4a4c23-9ff3-4ce3-a619-2c71c0869997@group-EC4211DF0353, cid=961, SUCCESS, logIndex=1270, commits[9a4a4c23-9ff3-4ce3-a619-2c71c0869997:c1271, 9b0072ab-15b3-4973-9bcb-7fa02f6bfea9:c1269, 9f215ef2-7d46-4cda-b695-cae1b893f75f:c1269]
2019-08-20 16:03:51,505 | INFO  | DNAudit | user=null | ip=null | op=WRITE_CHUNK {blockData=conID: 3 locID: 102650152704737719 bcsId: 0} | ret=SUCCESS |  
2019-08-20 16:03:51,505 [grpc-default-executor-0] INFO  client.GrpcClientProtocolClient (GrpcClientProtocolClient.java:onNext(255)) - client-EAA342753240->9a4a4c23-9ff3-4ce3-a619-2c71c0869997: receive RaftClientReply:client-EAA342753240->9a4a4c23-9ff3-4ce3-a619-2c71c0869997@group-EC4211DF0353, cid=962, SUCCESS, logIndex=1271, commits[9a4a4c23-9ff3-4ce3-a619-2c71c0869997:c1273, 9b0072ab-15b3-4973-9bcb-7fa02f6bfea9:c1269, 9f215ef2-7d46-4cda-b695-cae1b893f75f:c1269]
2019-08-20 16:03:51,506 | INFO  | DNAudit | user=null | ip=null | op=PUT_BLOCK {blockData=[blockId=conID: 3 locID: 102650152704737719 bcsId: 0,size=2097152]} | ret=SUCCESS |  
2019-08-20 16:03:51,506 [grpc-default-executor-0] INFO  client.GrpcClientProtocolClient (GrpcClientProtocolClient.java:onNext(255)) - client-EAA342753240->9a4a4c23-9ff3-4ce3-a619-2c71c0869997: receive RaftClientReply:client-EAA342753240->9a4a4c23-9ff3-4ce3-a619-2c71c0869997@group-EC4211DF0353, cid=963, SUCCESS, logIndex=1272, commits[9a4a4c23-9ff3-4ce3-a619-2c71c0869997:c1273, 9b0072ab-15b3-4973-9bcb-7fa02f6bfea9:c1269, 9f215ef2-7d46-4cda-b695-cae1b893f75f:c1269]
2019-08-20 16:03:51,506 | INFO  | DNAudit | user=null | ip=null | op=WRITE_CHUNK {blockData=conID: 3 locID: 102650152704737719 bcsId: 0} | ret=SUCCESS |  
2019-08-20 16:03:51,506 | INFO  | DNAudit | user=null | ip=null | op=PUT_BLOCK {blockData=[blockId=conID: 3 locID: 102650152704737719 bcsId: 0,size=1048576]} | ret=SUCCESS |  
2019-08-20 16:03:51,507 | INFO  | DNAudit | user=null | ip=null | op=WRITE_CHUNK {blockData=conID: 3 locID: 102650152704737719 bcsId: 0} | ret=SUCCESS |  
2019-08-20 16:03:51,507 [grpc-default-executor-5] INFO  client.GrpcClientProtocolClient (GrpcClientProtocolClient.java:onNext(255)) - client-EAA342753240->9a4a4c23-9ff3-4ce3-a619-2c71c0869997: receive RaftClientReply:client-EAA342753240->9a4a4c23-9ff3-4ce3-a619-2c71c0869997@group-EC4211DF0353, cid=964, SUCCESS, logIndex=1273, commits[9a4a4c23-9ff3-4ce3-a619-2c71c0869997:c1273, 9b0072ab-15b3-4973-9bcb-7fa02f6bfea9:c1269, 9f215ef2-7d46-4cda-b695-cae1b893f75f:c1269]
2019-08-20 16:03:51,507 | INFO  | DNAudit | user=null | ip=null | op=PUT_BLOCK {blockData=[blockId=conID: 3 locID: 102650152704737719 bcsId: 0,size=1048576]} | ret=SUCCESS |  
2019-08-20 16:03:51,507 | INFO  | DNAudit | user=null | ip=null | op=WRITE_CHUNK {blockData=conID: 3 locID: 102650152704737719 bcsId: 0} | ret=SUCCESS |  
2019-08-20 16:03:51,507 | INFO  | DNAudit | user=null | ip=null | op=WRITE_CHUNK {blockData=conID: 3 locID: 102650152704737719 bcsId: 0} | ret=SUCCESS |  
2019-08-20 16:03:51,507 | INFO  | DNAudit | user=null | ip=null | op=PUT_BLOCK {blockData=[blockId=conID: 3 locID: 102650152704737719 bcsId: 0,size=2097152]} | ret=SUCCESS |  
2019-08-20 16:03:51,508 | INFO  | DNAudit | user=null | ip=null | op=PUT_BLOCK {blockData=[blockId=conID: 3 locID: 102650152704737719 bcsId: 0,size=2097152]} | ret=SUCCESS |  
2019-08-20 16:03:51,508 [grpc-default-executor-5] INFO  client.GrpcClientProtocolClient (GrpcClientProtocolClient.java:onNext(255)) - client-EAA342753240->9a4a4c23-9ff3-4ce3-a619-2c71c0869997: receive RaftClientReply:client-EAA342753240->9a4a4c23-9ff3-4ce3-a619-2c71c0869997@group-EC4211DF0353, cid=965, SUCCESS, logIndex=0, commits[9a4a4c23-9ff3-4ce3-a619-2c71c0869997:c1277, 9b0072ab-15b3-4973-9bcb-7fa02f6bfea9:c1273, 9f215ef2-7d46-4cda-b695-cae1b893f75f:c1273]
2019-08-20 16:03:51,515 | INFO  | DNAudit | user=null | ip=null | op=WRITE_CHUNK {blockData=conID: 3 locID: 102650152704737719 bcsId: 1273} | ret=SUCCESS |  
2019-08-20 16:03:51,518 | INFO  | DNAudit | user=null | ip=null | op=WRITE_CHUNK {blockData=conID: 3 locID: 102650152704737719 bcsId: 1273} | ret=SUCCESS |  
2019-08-20 16:03:51,518 | INFO  | DNAudit | user=null | ip=null | op=WRITE_CHUNK {blockData=conID: 3 locID: 102650152704737719 bcsId: 1273} | ret=SUCCESS |  
2019-08-20 16:03:51,528 | INFO  | DNAudit | user=null | ip=null | op=WRITE_CHUNK {blockData=conID: 3 locID: 102650152704737719 bcsId: 1273} | ret=SUCCESS |  
2019-08-20 16:03:51,528 | INFO  | DNAudit | user=null | ip=null | op=PUT_BLOCK {blockData=[blockId=conID: 3 locID: 102650152704737719 bcsId: 0,size=3145728]} | ret=SUCCESS |  
2019-08-20 16:03:51,528 [grpc-default-executor-0] INFO  client.GrpcClientProtocolClient (GrpcClientProtocolClient.java:onNext(255)) - client-EAA342753240->9a4a4c23-9ff3-4ce3-a619-2c71c0869997: receive RaftClientReply:client-EAA342753240->9a4a4c23-9ff3-4ce3-a619-2c71c0869997@group-EC4211DF0353, cid=966, SUCCESS, logIndex=1278, commits[9a4a4c23-9ff3-4ce3-a619-2c71c0869997:c1279, 9b0072ab-15b3-4973-9bcb-7fa02f6bfea9:c1277, 9f215ef2-7d46-4cda-b695-cae1b893f75f:c1277]
2019-08-20 16:03:51,529 [grpc-default-executor-0] INFO  client.GrpcClientProtocolClient (GrpcClientProtocolClient.java:onNext(255)) - client-EAA342753240->9a4a4c23-9ff3-4ce3-a619-2c71c0869997: receive RaftClientReply:client-EAA342753240->9a4a4c23-9ff3-4ce3-a619-2c71c0869997@group-EC4211DF0353, cid=967, SUCCESS, logIndex=1279, commits[9a4a4c23-9ff3-4ce3-a619-2c71c0869997:c1279, 9b0072ab-15b3-4973-9bcb-7fa02f6bfea9:c1277, 9f215ef2-7d46-4cda-b695-cae1b893f75f:c1277]
2019-08-20 16:03:51,536 | INFO  | DNAudit | user=null | ip=null | op=WRITE_CHUNK {blockData=conID: 3 locID: 102650152704737719 bcsId: 1279} | ret=SUCCESS |  
2019-08-20 16:03:51,539 | INFO  | DNAudit | user=null | ip=null | op=WRITE_CHUNK {blockData=conID: 3 locID: 102650152704737719 bcsId: 1279} | ret=SUCCESS |  
2019-08-20 16:03:51,539 | INFO  | DNAudit | user=null | ip=null | op=WRITE_CHUNK {blockData=conID: 3 locID: 102650152704737719 bcsId: 1279} | ret=SUCCESS |  
2019-08-20 16:03:51,539 | INFO  | DNAudit | user=null | ip=null | op=WRITE_CHUNK {blockData=conID: 3 locID: 102650152704737719 bcsId: 1273} | ret=SUCCESS |  
2019-08-20 16:03:51,539 | INFO  | DNAudit | user=null | ip=null | op=WRITE_CHUNK {blockData=conID: 3 locID: 102650152704737719 bcsId: 1273} | ret=SUCCESS |  
2019-08-20 16:03:51,540 | INFO  | DNAudit | user=null | ip=null | op=PUT_BLOCK {blockData=[blockId=conID: 3 locID: 102650152704737719 bcsId: 0,size=3145728]} | ret=SUCCESS |  
2019-08-20 16:03:51,540 | INFO  | DNAudit | user=null | ip=null | op=PUT_BLOCK {blockData=[blockId=conID: 3 locID: 102650152704737719 bcsId: 0,size=3145728]} | ret=SUCCESS |  
2019-08-20 16:03:51,541 | INFO  | DNAudit | user=null | ip=null | op=WRITE_CHUNK {blockData=conID: 3 locID: 102650152704737719 bcsId: 1279} | ret=SUCCESS |  
2019-08-20 16:03:51,542 | INFO  | DNAudit | user=null | ip=null | op=PUT_BLOCK {blockData=[blockId=conID: 3 locID: 102650152704737719 bcsId: 0,size=4194304]} | ret=SUCCESS |  
2019-08-20 16:03:51,542 [grpc-default-executor-0] INFO  client.GrpcClientProtocolClient (GrpcClientProtocolClient.java:onNext(255)) - client-EAA342753240->9a4a4c23-9ff3-4ce3-a619-2c71c0869997: receive RaftClientReply:client-EAA342753240->9a4a4c23-9ff3-4ce3-a619-2c71c0869997@group-EC4211DF0353, cid=968, SUCCESS, logIndex=1282, commits[9a4a4c23-9ff3-4ce3-a619-2c71c0869997:c1283, 9b0072ab-15b3-4973-9bcb-7fa02f6bfea9:c1279, 9f215ef2-7d46-4cda-b695-cae1b893f75f:c1279]
2019-08-20 16:03:51,542 [grpc-default-executor-0] INFO  client.GrpcClientProtocolClient (GrpcClientProtocolClient.java:onNext(255)) - client-EAA342753240->9a4a4c23-9ff3-4ce3-a619-2c71c0869997: receive RaftClientReply:client-EAA342753240->9a4a4c23-9ff3-4ce3-a619-2c71c0869997@group-EC4211DF0353, cid=969, SUCCESS, logIndex=1283, commits[9a4a4c23-9ff3-4ce3-a619-2c71c0869997:c1283, 9b0072ab-15b3-4973-9bcb-7fa02f6bfea9:c1279, 9f215ef2-7d46-4cda-b695-cae1b893f75f:c1279]
2019-08-20 16:03:51,553 | INFO  | DNAudit | user=null | ip=null | op=WRITE_CHUNK {blockData=conID: 3 locID: 102650152704737719 bcsId: 1279} | ret=SUCCESS |  
2019-08-20 16:03:51,553 | INFO  | DNAudit | user=null | ip=null | op=WRITE_CHUNK {blockData=conID: 3 locID: 102650152704737719 bcsId: 1279} | ret=SUCCESS |  
2019-08-20 16:03:51,554 | INFO  | DNAudit | user=null | ip=null | op=PUT_BLOCK {blockData=[blockId=conID: 3 locID: 102650152704737719 bcsId: 0,size=4194304]} | ret=SUCCESS |  
2019-08-20 16:03:51,554 | INFO  | DNAudit | user=null | ip=null | op=PUT_BLOCK {blockData=[blockId=conID: 3 locID: 102650152704737719 bcsId: 0,size=4194304]} | ret=SUCCESS |  
2019-08-20 16:03:51,554 [grpc-default-executor-0] INFO  client.GrpcClientProtocolClient (GrpcClientProtocolClient.java:onNext(255)) - client-EAA342753240->9a4a4c23-9ff3-4ce3-a619-2c71c0869997: receive RaftClientReply:client-EAA342753240->9a4a4c23-9ff3-4ce3-a619-2c71c0869997@group-EC4211DF0353, cid=970, SUCCESS, logIndex=0, commits[9a4a4c23-9ff3-4ce3-a619-2c71c0869997:c1285, 9b0072ab-15b3-4973-9bcb-7fa02f6bfea9:c1283, 9f215ef2-7d46-4cda-b695-cae1b893f75f:c1283]
2019-08-20 16:03:51,562 | INFO  | DNAudit | user=null | ip=null | op=WRITE_CHUNK {blockData=conID: 1 locID: 102650152704737720 bcsId: 0} | ret=SUCCESS |  
2019-08-20 16:03:51,565 | INFO  | DNAudit | user=null | ip=null | op=WRITE_CHUNK {blockData=conID: 1 locID: 102650152704737720 bcsId: 0} | ret=SUCCESS |  
2019-08-20 16:03:51,565 | INFO  | DNAudit | user=null | ip=null | op=WRITE_CHUNK {blockData=conID: 1 locID: 102650152704737720 bcsId: 0} | ret=SUCCESS |  
2019-08-20 16:03:51,565 | INFO  | DNAudit | user=null | ip=null | op=WRITE_CHUNK {blockData=conID: 1 locID: 102650152704737720 bcsId: 0} | ret=SUCCESS |  
2019-08-20 16:03:51,567 | INFO  | DNAudit | user=null | ip=null | op=WRITE_CHUNK {blockData=conID: 1 locID: 102650152704737720 bcsId: 0} | ret=SUCCESS |  
2019-08-20 16:03:51,567 | INFO  | DNAudit | user=null | ip=null | op=WRITE_CHUNK {blockData=conID: 1 locID: 102650152704737720 bcsId: 0} | ret=SUCCESS |  
2019-08-20 16:03:51,575 | INFO  | DNAudit | user=null | ip=null | op=WRITE_CHUNK {blockData=conID: 1 locID: 102650152704737720 bcsId: 0} | ret=SUCCESS |  
2019-08-20 16:03:51,575 | INFO  | DNAudit | user=null | ip=null | op=PUT_BLOCK {blockData=[blockId=conID: 1 locID: 102650152704737720 bcsId: 0,size=1048576]} | ret=SUCCESS |  
2019-08-20 16:03:51,576 | INFO  | DNAudit | user=null | ip=null | op=WRITE_CHUNK {blockData=conID: 1 locID: 102650152704737720 bcsId: 0} | ret=SUCCESS |  
2019-08-20 16:03:51,576 [grpc-default-executor-5] INFO  client.GrpcClientProtocolClient (GrpcClientProtocolClient.java:onNext(255)) - client-EAA342753240->9a4a4c23-9ff3-4ce3-a619-2c71c0869997: receive RaftClientReply:client-EAA342753240->9a4a4c23-9ff3-4ce3-a619-2c71c0869997@group-EC4211DF0353, cid=971, SUCCESS, logIndex=1286, commits[9a4a4c23-9ff3-4ce3-a619-2c71c0869997:c1288, 9b0072ab-15b3-4973-9bcb-7fa02f6bfea9:c1285, 9f215ef2-7d46-4cda-b695-cae1b893f75f:c1285]
2019-08-20 16:03:51,576 | INFO  | DNAudit | user=null | ip=null | op=PUT_BLOCK {blockData=[blockId=conID: 1 locID: 102650152704737720 bcsId: 0,size=2097152]} | ret=SUCCESS |  
2019-08-20 16:03:51,577 | INFO  | DNAudit | user=null | ip=null | op=WRITE_CHUNK {blockData=conID: 1 locID: 102650152704737720 bcsId: 0} | ret=SUCCESS |  
2019-08-20 16:03:51,577 [grpc-default-executor-5] INFO  client.GrpcClientProtocolClient (GrpcClientProtocolClient.java:onNext(255)) - client-EAA342753240->9a4a4c23-9ff3-4ce3-a619-2c71c0869997: receive RaftClientReply:client-EAA342753240->9a4a4c23-9ff3-4ce3-a619-2c71c0869997@group-EC4211DF0353, cid=972, SUCCESS, logIndex=1287, commits[9a4a4c23-9ff3-4ce3-a619-2c71c0869997:c1289, 9b0072ab-15b3-4973-9bcb-7fa02f6bfea9:c1285, 9f215ef2-7d46-4cda-b695-cae1b893f75f:c1285]
2019-08-20 16:03:51,577 | INFO  | DNAudit | user=null | ip=null | op=PUT_BLOCK {blockData=[blockId=conID: 1 locID: 102650152704737720 bcsId: 0,size=1048576]} | ret=SUCCESS |  
2019-08-20 16:03:51,577 [grpc-default-executor-5] INFO  client.GrpcClientProtocolClient (GrpcClientProtocolClient.java:onNext(255)) - client-EAA342753240->9a4a4c23-9ff3-4ce3-a619-2c71c0869997: receive RaftClientReply:client-EAA342753240->9a4a4c23-9ff3-4ce3-a619-2c71c0869997@group-EC4211DF0353, cid=973, SUCCESS, logIndex=1288, commits[9a4a4c23-9ff3-4ce3-a619-2c71c0869997:c1289, 9b0072ab-15b3-4973-9bcb-7fa02f6bfea9:c1285, 9f215ef2-7d46-4cda-b695-cae1b893f75f:c1285]
2019-08-20 16:03:51,577 [grpc-default-executor-5] INFO  client.GrpcClientProtocolClient (GrpcClientProtocolClient.java:onNext(255)) - client-EAA342753240->9a4a4c23-9ff3-4ce3-a619-2c71c0869997: receive RaftClientReply:client-EAA342753240->9a4a4c23-9ff3-4ce3-a619-2c71c0869997@group-EC4211DF0353, cid=974, SUCCESS, logIndex=1289, commits[9a4a4c23-9ff3-4ce3-a619-2c71c0869997:c1289, 9b0072ab-15b3-4973-9bcb-7fa02f6bfea9:c1285, 9f215ef2-7d46-4cda-b695-cae1b893f75f:c1285]
2019-08-20 16:03:51,577 | INFO  | DNAudit | user=null | ip=null | op=WRITE_CHUNK {blockData=conID: 1 locID: 102650152704737720 bcsId: 0} | ret=SUCCESS |  
2019-08-20 16:03:51,577 | INFO  | DNAudit | user=null | ip=null | op=PUT_BLOCK {blockData=[blockId=conID: 1 locID: 102650152704737720 bcsId: 0,size=1048576]} | ret=SUCCESS |  
2019-08-20 16:03:51,578 | INFO  | DNAudit | user=null | ip=null | op=WRITE_CHUNK {blockData=conID: 1 locID: 102650152704737720 bcsId: 0} | ret=SUCCESS |  
2019-08-20 16:03:51,578 | INFO  | DNAudit | user=null | ip=null | op=WRITE_CHUNK {blockData=conID: 1 locID: 102650152704737720 bcsId: 0} | ret=SUCCESS |  
2019-08-20 16:03:51,578 | INFO  | DNAudit | user=null | ip=null | op=PUT_BLOCK {blockData=[blockId=conID: 1 locID: 102650152704737720 bcsId: 0,size=2097152]} | ret=SUCCESS |  
2019-08-20 16:03:51,578 [grpc-default-executor-5] INFO  client.GrpcClientProtocolClient (GrpcClientProtocolClient.java:onNext(255)) - client-EAA342753240->9a4a4c23-9ff3-4ce3-a619-2c71c0869997: receive RaftClientReply:client-EAA342753240->9a4a4c23-9ff3-4ce3-a619-2c71c0869997@group-EC4211DF0353, cid=975, SUCCESS, logIndex=0, commits[9a4a4c23-9ff3-4ce3-a619-2c71c0869997:c1291, 9b0072ab-15b3-4973-9bcb-7fa02f6bfea9:c1288, 9f215ef2-7d46-4cda-b695-cae1b893f75f:c1287]
2019-08-20 16:03:51,579 | INFO  | DNAudit | user=null | ip=null | op=PUT_BLOCK {blockData=[blockId=conID: 1 locID: 102650152704737720 bcsId: 0,size=2097152]} | ret=SUCCESS |  
2019-08-20 16:03:51,585 | INFO  | DNAudit | user=null | ip=null | op=WRITE_CHUNK {blockData=conID: 1 locID: 102650152704737720 bcsId: 1289} | ret=SUCCESS |  
2019-08-20 16:03:51,587 | INFO  | DNAudit | user=null | ip=null | op=WRITE_CHUNK {blockData=conID: 1 locID: 102650152704737720 bcsId: 1289} | ret=SUCCESS |  
2019-08-20 16:03:51,588 | INFO  | DNAudit | user=null | ip=null | op=WRITE_CHUNK {blockData=conID: 1 locID: 102650152704737720 bcsId: 1289} | ret=SUCCESS |  
2019-08-20 16:03:51,598 | INFO  | DNAudit | user=null | ip=null | op=WRITE_CHUNK {blockData=conID: 1 locID: 102650152704737720 bcsId: 1289} | ret=SUCCESS |  
2019-08-20 16:03:51,598 | INFO  | DNAudit | user=null | ip=null | op=PUT_BLOCK {blockData=[blockId=conID: 1 locID: 102650152704737720 bcsId: 0,size=3145728]} | ret=SUCCESS |  
2019-08-20 16:03:51,598 [grpc-default-executor-0] INFO  client.GrpcClientProtocolClient (GrpcClientProtocolClient.java:onNext(255)) - client-EAA342753240->9a4a4c23-9ff3-4ce3-a619-2c71c0869997: receive RaftClientReply:client-EAA342753240->9a4a4c23-9ff3-4ce3-a619-2c71c0869997@group-EC4211DF0353, cid=976, SUCCESS, logIndex=1294, commits[9a4a4c23-9ff3-4ce3-a619-2c71c0869997:c1295, 9b0072ab-15b3-4973-9bcb-7fa02f6bfea9:c1293, 9f215ef2-7d46-4cda-b695-cae1b893f75f:c1293]
2019-08-20 16:03:51,599 [grpc-default-executor-0] INFO  client.GrpcClientProtocolClient (GrpcClientProtocolClient.java:onNext(255)) - client-EAA342753240->9a4a4c23-9ff3-4ce3-a619-2c71c0869997: receive RaftClientReply:client-EAA342753240->9a4a4c23-9ff3-4ce3-a619-2c71c0869997@group-EC4211DF0353, cid=977, SUCCESS, logIndex=1295, commits[9a4a4c23-9ff3-4ce3-a619-2c71c0869997:c1295, 9b0072ab-15b3-4973-9bcb-7fa02f6bfea9:c1293, 9f215ef2-7d46-4cda-b695-cae1b893f75f:c1293]
2019-08-20 16:03:51,605 | INFO  | DNAudit | user=null | ip=null | op=WRITE_CHUNK {blockData=conID: 1 locID: 102650152704737720 bcsId: 1295} | ret=SUCCESS |  
2019-08-20 16:03:51,608 | INFO  | DNAudit | user=null | ip=null | op=WRITE_CHUNK {blockData=conID: 1 locID: 102650152704737720 bcsId: 1295} | ret=SUCCESS |  
2019-08-20 16:03:51,608 | INFO  | DNAudit | user=null | ip=null | op=WRITE_CHUNK {blockData=conID: 1 locID: 102650152704737720 bcsId: 1295} | ret=SUCCESS |  
2019-08-20 16:03:51,609 | INFO  | DNAudit | user=null | ip=null | op=WRITE_CHUNK {blockData=conID: 1 locID: 102650152704737720 bcsId: 1289} | ret=SUCCESS |  
2019-08-20 16:03:51,609 | INFO  | DNAudit | user=null | ip=null | op=WRITE_CHUNK {blockData=conID: 1 locID: 102650152704737720 bcsId: 1289} | ret=SUCCESS |  
2019-08-20 16:03:51,610 | INFO  | DNAudit | user=null | ip=null | op=PUT_BLOCK {blockData=[blockId=conID: 1 locID: 102650152704737720 bcsId: 0,size=3145728]} | ret=SUCCESS |  
2019-08-20 16:03:51,610 | INFO  | DNAudit | user=null | ip=null | op=PUT_BLOCK {blockData=[blockId=conID: 1 locID: 102650152704737720 bcsId: 0,size=3145728]} | ret=SUCCESS |  
2019-08-20 16:03:51,611 | INFO  | DNAudit | user=null | ip=null | op=WRITE_CHUNK {blockData=conID: 1 locID: 102650152704737720 bcsId: 1295} | ret=SUCCESS |  
2019-08-20 16:03:51,611 | INFO  | DNAudit | user=null | ip=null | op=PUT_BLOCK {blockData=[blockId=conID: 1 locID: 102650152704737720 bcsId: 0,size=4194304]} | ret=SUCCESS |  
2019-08-20 16:03:51,611 [grpc-default-executor-5] INFO  client.GrpcClientProtocolClient (GrpcClientProtocolClient.java:onNext(255)) - client-EAA342753240->9a4a4c23-9ff3-4ce3-a619-2c71c0869997: receive RaftClientReply:client-EAA342753240->9a4a4c23-9ff3-4ce3-a619-2c71c0869997@group-EC4211DF0353, cid=978, SUCCESS, logIndex=1298, commits[9a4a4c23-9ff3-4ce3-a619-2c71c0869997:c1299, 9b0072ab-15b3-4973-9bcb-7fa02f6bfea9:c1295, 9f215ef2-7d46-4cda-b695-cae1b893f75f:c1295]
2019-08-20 16:03:51,612 [grpc-default-executor-5] INFO  client.GrpcClientProtocolClient (GrpcClientProtocolClient.java:onNext(255)) - client-EAA342753240->9a4a4c23-9ff3-4ce3-a619-2c71c0869997: receive RaftClientReply:client-EAA342753240->9a4a4c23-9ff3-4ce3-a619-2c71c0869997@group-EC4211DF0353, cid=979, SUCCESS, logIndex=1299, commits[9a4a4c23-9ff3-4ce3-a619-2c71c0869997:c1299, 9b0072ab-15b3-4973-9bcb-7fa02f6bfea9:c1295, 9f215ef2-7d46-4cda-b695-cae1b893f75f:c1295]
2019-08-20 16:03:51,613 | INFO  | DNAudit | user=null | ip=null | op=WRITE_CHUNK {blockData=conID: 1 locID: 102650152704737720 bcsId: 1295} | ret=SUCCESS |  
2019-08-20 16:03:51,613 | INFO  | DNAudit | user=null | ip=null | op=WRITE_CHUNK {blockData=conID: 1 locID: 102650152704737720 bcsId: 1295} | ret=SUCCESS |  
2019-08-20 16:03:51,614 | INFO  | DNAudit | user=null | ip=null | op=PUT_BLOCK {blockData=[blockId=conID: 1 locID: 102650152704737720 bcsId: 0,size=4194304]} | ret=SUCCESS |  
2019-08-20 16:03:51,614 | INFO  | DNAudit | user=null | ip=null | op=PUT_BLOCK {blockData=[blockId=conID: 1 locID: 102650152704737720 bcsId: 0,size=4194304]} | ret=SUCCESS |  
2019-08-20 16:03:51,615 [grpc-default-executor-0] INFO  client.GrpcClientProtocolClient (GrpcClientProtocolClient.java:onNext(255)) - client-EAA342753240->9a4a4c23-9ff3-4ce3-a619-2c71c0869997: receive RaftClientReply:client-EAA342753240->9a4a4c23-9ff3-4ce3-a619-2c71c0869997@group-EC4211DF0353, cid=980, SUCCESS, logIndex=0, commits[9a4a4c23-9ff3-4ce3-a619-2c71c0869997:c1301, 9b0072ab-15b3-4973-9bcb-7fa02f6bfea9:c1299, 9f215ef2-7d46-4cda-b695-cae1b893f75f:c1299]
2019-08-20 16:03:51,621 | INFO  | DNAudit | user=null | ip=null | op=WRITE_CHUNK {blockData=conID: 2 locID: 102650152704737721 bcsId: 0} | ret=SUCCESS |  
2019-08-20 16:03:51,623 | INFO  | DNAudit | user=null | ip=null | op=WRITE_CHUNK {blockData=conID: 2 locID: 102650152704737721 bcsId: 0} | ret=SUCCESS |  
2019-08-20 16:03:51,624 | INFO  | DNAudit | user=null | ip=null | op=WRITE_CHUNK {blockData=conID: 2 locID: 102650152704737721 bcsId: 0} | ret=SUCCESS |  
2019-08-20 16:03:51,624 | INFO  | DNAudit | user=null | ip=null | op=WRITE_CHUNK {blockData=conID: 2 locID: 102650152704737721 bcsId: 0} | ret=SUCCESS |  
2019-08-20 16:03:51,625 | INFO  | DNAudit | user=null | ip=null | op=WRITE_CHUNK {blockData=conID: 2 locID: 102650152704737721 bcsId: 0} | ret=SUCCESS |  
2019-08-20 16:03:51,625 | INFO  | DNAudit | user=null | ip=null | op=WRITE_CHUNK {blockData=conID: 2 locID: 102650152704737721 bcsId: 0} | ret=SUCCESS |  
2019-08-20 16:03:51,627 | INFO  | DNAudit | user=null | ip=null | op=WRITE_CHUNK {blockData=conID: 2 locID: 102650152704737721 bcsId: 0} | ret=SUCCESS |  
2019-08-20 16:03:51,628 | INFO  | DNAudit | user=null | ip=null | op=PUT_BLOCK {blockData=[blockId=conID: 2 locID: 102650152704737721 bcsId: 0,size=1048576]} | ret=SUCCESS |  
2019-08-20 16:03:51,628 [grpc-default-executor-0] INFO  client.GrpcClientProtocolClient (GrpcClientProtocolClient.java:onNext(255)) - client-EAA342753240->9a4a4c23-9ff3-4ce3-a619-2c71c0869997: receive RaftClientReply:client-EAA342753240->9a4a4c23-9ff3-4ce3-a619-2c71c0869997@group-EC4211DF0353, cid=981, SUCCESS, logIndex=1302, commits[9a4a4c23-9ff3-4ce3-a619-2c71c0869997:c1305, 9b0072ab-15b3-4973-9bcb-7fa02f6bfea9:c1301, 9f215ef2-7d46-4cda-b695-cae1b893f75f:c1301]
2019-08-20 16:03:51,628 | INFO  | DNAudit | user=null | ip=null | op=WRITE_CHUNK {blockData=conID: 2 locID: 102650152704737721 bcsId: 0} | ret=SUCCESS |  
2019-08-20 16:03:51,628 | INFO  | DNAudit | user=null | ip=null | op=PUT_BLOCK {blockData=[blockId=conID: 2 locID: 102650152704737721 bcsId: 0,size=2097152]} | ret=SUCCESS |  
2019-08-20 16:03:51,628 [grpc-default-executor-0] INFO  client.GrpcClientProtocolClient (GrpcClientProtocolClient.java:onNext(255)) - client-EAA342753240->9a4a4c23-9ff3-4ce3-a619-2c71c0869997: receive RaftClientReply:client-EAA342753240->9a4a4c23-9ff3-4ce3-a619-2c71c0869997@group-EC4211DF0353, cid=982, SUCCESS, logIndex=1303, commits[9a4a4c23-9ff3-4ce3-a619-2c71c0869997:c1305, 9b0072ab-15b3-4973-9bcb-7fa02f6bfea9:c1301, 9f215ef2-7d46-4cda-b695-cae1b893f75f:c1301]
2019-08-20 16:03:51,629 [grpc-default-executor-0] INFO  client.GrpcClientProtocolClient (GrpcClientProtocolClient.java:onNext(255)) - client-EAA342753240->9a4a4c23-9ff3-4ce3-a619-2c71c0869997: receive RaftClientReply:client-EAA342753240->9a4a4c23-9ff3-4ce3-a619-2c71c0869997@group-EC4211DF0353, cid=983, SUCCESS, logIndex=1304, commits[9a4a4c23-9ff3-4ce3-a619-2c71c0869997:c1305, 9b0072ab-15b3-4973-9bcb-7fa02f6bfea9:c1301, 9f215ef2-7d46-4cda-b695-cae1b893f75f:c1301]
2019-08-20 16:03:51,629 | INFO  | DNAudit | user=null | ip=null | op=WRITE_CHUNK {blockData=conID: 2 locID: 102650152704737721 bcsId: 0} | ret=SUCCESS |  
2019-08-20 16:03:51,629 [grpc-default-executor-0] INFO  client.GrpcClientProtocolClient (GrpcClientProtocolClient.java:onNext(255)) - client-EAA342753240->9a4a4c23-9ff3-4ce3-a619-2c71c0869997: receive RaftClientReply:client-EAA342753240->9a4a4c23-9ff3-4ce3-a619-2c71c0869997@group-EC4211DF0353, cid=984, SUCCESS, logIndex=1305, commits[9a4a4c23-9ff3-4ce3-a619-2c71c0869997:c1305, 9b0072ab-15b3-4973-9bcb-7fa02f6bfea9:c1301, 9f215ef2-7d46-4cda-b695-cae1b893f75f:c1301]
2019-08-20 16:03:51,629 | INFO  | DNAudit | user=null | ip=null | op=WRITE_CHUNK {blockData=conID: 2 locID: 102650152704737721 bcsId: 0} | ret=SUCCESS |  
2019-08-20 16:03:51,629 | INFO  | DNAudit | user=null | ip=null | op=PUT_BLOCK {blockData=[blockId=conID: 2 locID: 102650152704737721 bcsId: 0,size=1048576]} | ret=SUCCESS |  
2019-08-20 16:03:51,629 | INFO  | DNAudit | user=null | ip=null | op=WRITE_CHUNK {blockData=conID: 2 locID: 102650152704737721 bcsId: 0} | ret=SUCCESS |  
2019-08-20 16:03:51,629 | INFO  | DNAudit | user=null | ip=null | op=PUT_BLOCK {blockData=[blockId=conID: 2 locID: 102650152704737721 bcsId: 0,size=1048576]} | ret=SUCCESS |  
2019-08-20 16:03:51,630 | INFO  | DNAudit | user=null | ip=null | op=WRITE_CHUNK {blockData=conID: 2 locID: 102650152704737721 bcsId: 0} | ret=SUCCESS |  
2019-08-20 16:03:51,630 [grpc-default-executor-3] INFO  client.GrpcClientProtocolClient (GrpcClientProtocolClient.java:onNext(255)) - client-EAA342753240->9a4a4c23-9ff3-4ce3-a619-2c71c0869997: receive RaftClientReply:client-EAA342753240->9a4a4c23-9ff3-4ce3-a619-2c71c0869997@group-EC4211DF0353, cid=985, SUCCESS, logIndex=0, commits[9a4a4c23-9ff3-4ce3-a619-2c71c0869997:c1306, 9b0072ab-15b3-4973-9bcb-7fa02f6bfea9:c1304, 9f215ef2-7d46-4cda-b695-cae1b893f75f:c1304]
2019-08-20 16:03:51,630 | INFO  | DNAudit | user=null | ip=null | op=PUT_BLOCK {blockData=[blockId=conID: 2 locID: 102650152704737721 bcsId: 0,size=2097152]} | ret=SUCCESS |  
2019-08-20 16:03:51,630 | INFO  | DNAudit | user=null | ip=null | op=PUT_BLOCK {blockData=[blockId=conID: 2 locID: 102650152704737721 bcsId: 0,size=2097152]} | ret=SUCCESS |  
2019-08-20 16:03:51,636 | INFO  | DNAudit | user=null | ip=null | op=WRITE_CHUNK {blockData=conID: 2 locID: 102650152704737721 bcsId: 1305} | ret=SUCCESS |  
2019-08-20 16:03:51,638 | INFO  | DNAudit | user=null | ip=null | op=WRITE_CHUNK {blockData=conID: 2 locID: 102650152704737721 bcsId: 1305} | ret=SUCCESS |  
2019-08-20 16:03:51,638 | INFO  | DNAudit | user=null | ip=null | op=WRITE_CHUNK {blockData=conID: 2 locID: 102650152704737721 bcsId: 1305} | ret=SUCCESS |  
2019-08-20 16:03:51,657 | INFO  | DNAudit | user=null | ip=null | op=WRITE_CHUNK {blockData=conID: 2 locID: 102650152704737721 bcsId: 1305} | ret=SUCCESS |  
2019-08-20 16:03:51,657 | INFO  | DNAudit | user=null | ip=null | op=PUT_BLOCK {blockData=[blockId=conID: 2 locID: 102650152704737721 bcsId: 0,size=3145728]} | ret=SUCCESS |  
2019-08-20 16:03:51,657 [grpc-default-executor-3] INFO  client.GrpcClientProtocolClient (GrpcClientProtocolClient.java:onNext(255)) - client-EAA342753240->9a4a4c23-9ff3-4ce3-a619-2c71c0869997: receive RaftClientReply:client-EAA342753240->9a4a4c23-9ff3-4ce3-a619-2c71c0869997@group-EC4211DF0353, cid=986, SUCCESS, logIndex=1309, commits[9a4a4c23-9ff3-4ce3-a619-2c71c0869997:c1310, 9b0072ab-15b3-4973-9bcb-7fa02f6bfea9:c1308, 9f215ef2-7d46-4cda-b695-cae1b893f75f:c1308]
2019-08-20 16:03:51,658 [grpc-default-executor-3] INFO  client.GrpcClientProtocolClient (GrpcClientProtocolClient.java:onNext(255)) - client-EAA342753240->9a4a4c23-9ff3-4ce3-a619-2c71c0869997: receive RaftClientReply:client-EAA342753240->9a4a4c23-9ff3-4ce3-a619-2c71c0869997@group-EC4211DF0353, cid=987, SUCCESS, logIndex=1310, commits[9a4a4c23-9ff3-4ce3-a619-2c71c0869997:c1310, 9b0072ab-15b3-4973-9bcb-7fa02f6bfea9:c1308, 9f215ef2-7d46-4cda-b695-cae1b893f75f:c1308]
2019-08-20 16:03:51,658 | INFO  | DNAudit | user=null | ip=null | op=WRITE_CHUNK {blockData=conID: 2 locID: 102650152704737721 bcsId: 1305} | ret=SUCCESS |  
2019-08-20 16:03:51,658 | INFO  | DNAudit | user=null | ip=null | op=WRITE_CHUNK {blockData=conID: 2 locID: 102650152704737721 bcsId: 1305} | ret=SUCCESS |  
2019-08-20 16:03:51,658 | INFO  | DNAudit | user=null | ip=null | op=PUT_BLOCK {blockData=[blockId=conID: 2 locID: 102650152704737721 bcsId: 0,size=3145728]} | ret=SUCCESS |  
2019-08-20 16:03:51,659 | INFO  | DNAudit | user=null | ip=null | op=PUT_BLOCK {blockData=[blockId=conID: 2 locID: 102650152704737721 bcsId: 0,size=3145728]} | ret=SUCCESS |  
2019-08-20 16:03:51,664 | INFO  | DNAudit | user=null | ip=null | op=WRITE_CHUNK {blockData=conID: 2 locID: 102650152704737721 bcsId: 1310} | ret=SUCCESS |  
2019-08-20 16:03:51,667 | INFO  | DNAudit | user=null | ip=null | op=WRITE_CHUNK {blockData=conID: 2 locID: 102650152704737721 bcsId: 1310} | ret=SUCCESS |  
2019-08-20 16:03:51,667 | INFO  | DNAudit | user=null | ip=null | op=WRITE_CHUNK {blockData=conID: 2 locID: 102650152704737721 bcsId: 1310} | ret=SUCCESS |  
2019-08-20 16:03:51,680 | INFO  | DNAudit | user=null | ip=null | op=WRITE_CHUNK {blockData=conID: 2 locID: 102650152704737721 bcsId: 1310} | ret=SUCCESS |  
2019-08-20 16:03:51,680 | INFO  | DNAudit | user=null | ip=null | op=PUT_BLOCK {blockData=[blockId=conID: 2 locID: 102650152704737721 bcsId: 0,size=4194304]} | ret=SUCCESS |  
2019-08-20 16:03:51,681 [grpc-default-executor-3] INFO  client.GrpcClientProtocolClient (GrpcClientProtocolClient.java:onNext(255)) - client-EAA342753240->9a4a4c23-9ff3-4ce3-a619-2c71c0869997: receive RaftClientReply:client-EAA342753240->9a4a4c23-9ff3-4ce3-a619-2c71c0869997@group-EC4211DF0353, cid=988, SUCCESS, logIndex=1313, commits[9a4a4c23-9ff3-4ce3-a619-2c71c0869997:c1314, 9b0072ab-15b3-4973-9bcb-7fa02f6bfea9:c1312, 9f215ef2-7d46-4cda-b695-cae1b893f75f:c1312]
2019-08-20 16:03:51,681 [grpc-default-executor-3] INFO  client.GrpcClientProtocolClient (GrpcClientProtocolClient.java:onNext(255)) - client-EAA342753240->9a4a4c23-9ff3-4ce3-a619-2c71c0869997: receive RaftClientReply:client-EAA342753240->9a4a4c23-9ff3-4ce3-a619-2c71c0869997@group-EC4211DF0353, cid=989, SUCCESS, logIndex=1314, commits[9a4a4c23-9ff3-4ce3-a619-2c71c0869997:c1314, 9b0072ab-15b3-4973-9bcb-7fa02f6bfea9:c1312, 9f215ef2-7d46-4cda-b695-cae1b893f75f:c1312]
2019-08-20 16:03:51,682 | INFO  | DNAudit | user=null | ip=null | op=WRITE_CHUNK {blockData=conID: 2 locID: 102650152704737721 bcsId: 1310} | ret=SUCCESS |  
2019-08-20 16:03:51,682 | INFO  | DNAudit | user=null | ip=null | op=WRITE_CHUNK {blockData=conID: 2 locID: 102650152704737721 bcsId: 1310} | ret=SUCCESS |  
2019-08-20 16:03:51,683 | INFO  | DNAudit | user=null | ip=null | op=PUT_BLOCK {blockData=[blockId=conID: 2 locID: 102650152704737721 bcsId: 0,size=4194304]} | ret=SUCCESS |  
2019-08-20 16:03:51,683 | INFO  | DNAudit | user=null | ip=null | op=PUT_BLOCK {blockData=[blockId=conID: 2 locID: 102650152704737721 bcsId: 0,size=4194304]} | ret=SUCCESS |  
2019-08-20 16:03:51,684 [grpc-default-executor-3] INFO  client.GrpcClientProtocolClient (GrpcClientProtocolClient.java:onNext(255)) - client-EAA342753240->9a4a4c23-9ff3-4ce3-a619-2c71c0869997: receive RaftClientReply:client-EAA342753240->9a4a4c23-9ff3-4ce3-a619-2c71c0869997@group-EC4211DF0353, cid=990, SUCCESS, logIndex=0, commits[9a4a4c23-9ff3-4ce3-a619-2c71c0869997:c1316, 9b0072ab-15b3-4973-9bcb-7fa02f6bfea9:c1314, 9f215ef2-7d46-4cda-b695-cae1b893f75f:c1314]
2019-08-20 16:03:51,691 | INFO  | DNAudit | user=null | ip=null | op=WRITE_CHUNK {blockData=conID: 3 locID: 102650152704737722 bcsId: 0} | ret=SUCCESS |  
2019-08-20 16:03:51,693 | INFO  | DNAudit | user=null | ip=null | op=WRITE_CHUNK {blockData=conID: 3 locID: 102650152704737722 bcsId: 0} | ret=SUCCESS |  
2019-08-20 16:03:51,694 | INFO  | DNAudit | user=null | ip=null | op=WRITE_CHUNK {blockData=conID: 3 locID: 102650152704737722 bcsId: 0} | ret=SUCCESS |  
2019-08-20 16:03:51,694 | INFO  | DNAudit | user=null | ip=null | op=WRITE_CHUNK {blockData=conID: 3 locID: 102650152704737722 bcsId: 0} | ret=SUCCESS |  
2019-08-20 16:03:51,696 | INFO  | DNAudit | user=null | ip=null | op=WRITE_CHUNK {blockData=conID: 3 locID: 102650152704737722 bcsId: 0} | ret=SUCCESS |  
2019-08-20 16:03:51,696 | INFO  | DNAudit | user=null | ip=null | op=WRITE_CHUNK {blockData=conID: 3 locID: 102650152704737722 bcsId: 0} | ret=SUCCESS |  
2019-08-20 16:03:51,703 | INFO  | DNAudit | user=null | ip=null | op=WRITE_CHUNK {blockData=conID: 3 locID: 102650152704737722 bcsId: 0} | ret=SUCCESS |  
2019-08-20 16:03:51,704 | INFO  | DNAudit | user=null | ip=null | op=PUT_BLOCK {blockData=[blockId=conID: 3 locID: 102650152704737722 bcsId: 0,size=1048576]} | ret=SUCCESS |  
2019-08-20 16:03:51,704 | INFO  | DNAudit | user=null | ip=null | op=WRITE_CHUNK {blockData=conID: 3 locID: 102650152704737722 bcsId: 0} | ret=SUCCESS |  
2019-08-20 16:03:51,704 [grpc-default-executor-5] INFO  client.GrpcClientProtocolClient (GrpcClientProtocolClient.java:onNext(255)) - client-EAA342753240->9a4a4c23-9ff3-4ce3-a619-2c71c0869997: receive RaftClientReply:client-EAA342753240->9a4a4c23-9ff3-4ce3-a619-2c71c0869997@group-EC4211DF0353, cid=991, SUCCESS, logIndex=1317, commits[9a4a4c23-9ff3-4ce3-a619-2c71c0869997:c1318, 9b0072ab-15b3-4973-9bcb-7fa02f6bfea9:c1316, 9f215ef2-7d46-4cda-b695-cae1b893f75f:c1316]
2019-08-20 16:03:51,704 | INFO  | DNAudit | user=null | ip=null | op=PUT_BLOCK {blockData=[blockId=conID: 3 locID: 102650152704737722 bcsId: 0,size=2097152]} | ret=SUCCESS |  
2019-08-20 16:03:51,705 | INFO  | DNAudit | user=null | ip=null | op=WRITE_CHUNK {blockData=conID: 3 locID: 102650152704737722 bcsId: 0} | ret=SUCCESS |  
2019-08-20 16:03:51,705 [grpc-default-executor-5] INFO  client.GrpcClientProtocolClient (GrpcClientProtocolClient.java:onNext(255)) - client-EAA342753240->9a4a4c23-9ff3-4ce3-a619-2c71c0869997: receive RaftClientReply:client-EAA342753240->9a4a4c23-9ff3-4ce3-a619-2c71c0869997@group-EC4211DF0353, cid=992, SUCCESS, logIndex=1318, commits[9a4a4c23-9ff3-4ce3-a619-2c71c0869997:c1319, 9b0072ab-15b3-4973-9bcb-7fa02f6bfea9:c1316, 9f215ef2-7d46-4cda-b695-cae1b893f75f:c1316]
2019-08-20 16:03:51,705 | INFO  | DNAudit | user=null | ip=null | op=PUT_BLOCK {blockData=[blockId=conID: 3 locID: 102650152704737722 bcsId: 0,size=1048576]} | ret=SUCCESS |  
2019-08-20 16:03:51,705 [grpc-default-executor-5] INFO  client.GrpcClientProtocolClient (GrpcClientProtocolClient.java:onNext(255)) - client-EAA342753240->9a4a4c23-9ff3-4ce3-a619-2c71c0869997: receive RaftClientReply:client-EAA342753240->9a4a4c23-9ff3-4ce3-a619-2c71c0869997@group-EC4211DF0353, cid=993, SUCCESS, logIndex=1319, commits[9a4a4c23-9ff3-4ce3-a619-2c71c0869997:c1320, 9b0072ab-15b3-4973-9bcb-7fa02f6bfea9:c1316, 9f215ef2-7d46-4cda-b695-cae1b893f75f:c1316]
2019-08-20 16:03:51,705 | INFO  | DNAudit | user=null | ip=null | op=WRITE_CHUNK {blockData=conID: 3 locID: 102650152704737722 bcsId: 0} | ret=SUCCESS |  
2019-08-20 16:03:51,705 [grpc-default-executor-5] INFO  client.GrpcClientProtocolClient (GrpcClientProtocolClient.java:onNext(255)) - client-EAA342753240->9a4a4c23-9ff3-4ce3-a619-2c71c0869997: receive RaftClientReply:client-EAA342753240->9a4a4c23-9ff3-4ce3-a619-2c71c0869997@group-EC4211DF0353, cid=994, SUCCESS, logIndex=1320, commits[9a4a4c23-9ff3-4ce3-a619-2c71c0869997:c1320, 9b0072ab-15b3-4973-9bcb-7fa02f6bfea9:c1316, 9f215ef2-7d46-4cda-b695-cae1b893f75f:c1316]
2019-08-20 16:03:51,706 | INFO  | DNAudit | user=null | ip=null | op=PUT_BLOCK {blockData=[blockId=conID: 3 locID: 102650152704737722 bcsId: 0,size=1048576]} | ret=SUCCESS |  
2019-08-20 16:03:51,706 | INFO  | DNAudit | user=null | ip=null | op=WRITE_CHUNK {blockData=conID: 3 locID: 102650152704737722 bcsId: 0} | ret=SUCCESS |  
2019-08-20 16:03:51,706 | INFO  | DNAudit | user=null | ip=null | op=PUT_BLOCK {blockData=[blockId=conID: 3 locID: 102650152704737722 bcsId: 0,size=2097152]} | ret=SUCCESS |  
2019-08-20 16:03:51,706 | INFO  | DNAudit | user=null | ip=null | op=WRITE_CHUNK {blockData=conID: 3 locID: 102650152704737722 bcsId: 0} | ret=SUCCESS |  
2019-08-20 16:03:51,707 | INFO  | DNAudit | user=null | ip=null | op=PUT_BLOCK {blockData=[blockId=conID: 3 locID: 102650152704737722 bcsId: 0,size=2097152]} | ret=SUCCESS |  
2019-08-20 16:03:51,707 [grpc-default-executor-0] INFO  client.GrpcClientProtocolClient (GrpcClientProtocolClient.java:onNext(255)) - client-EAA342753240->9a4a4c23-9ff3-4ce3-a619-2c71c0869997: receive RaftClientReply:client-EAA342753240->9a4a4c23-9ff3-4ce3-a619-2c71c0869997@group-EC4211DF0353, cid=995, SUCCESS, logIndex=0, commits[9a4a4c23-9ff3-4ce3-a619-2c71c0869997:c1324, 9b0072ab-15b3-4973-9bcb-7fa02f6bfea9:c1320, 9f215ef2-7d46-4cda-b695-cae1b893f75f:c1318]
2019-08-20 16:03:51,713 | INFO  | DNAudit | user=null | ip=null | op=WRITE_CHUNK {blockData=conID: 3 locID: 102650152704737722 bcsId: 1320} | ret=SUCCESS |  
2019-08-20 16:03:51,715 | INFO  | DNAudit | user=null | ip=null | op=WRITE_CHUNK {blockData=conID: 3 locID: 102650152704737722 bcsId: 1320} | ret=SUCCESS |  
2019-08-20 16:03:51,715 | INFO  | DNAudit | user=null | ip=null | op=WRITE_CHUNK {blockData=conID: 3 locID: 102650152704737722 bcsId: 1320} | ret=SUCCESS |  
2019-08-20 16:03:51,721 | INFO  | DNAudit | user=null | ip=null | op=WRITE_CHUNK {blockData=conID: 3 locID: 102650152704737722 bcsId: 1320} | ret=SUCCESS |  
2019-08-20 16:03:51,721 | INFO  | DNAudit | user=null | ip=null | op=PUT_BLOCK {blockData=[blockId=conID: 3 locID: 102650152704737722 bcsId: 0,size=3145728]} | ret=SUCCESS |  
2019-08-20 16:03:51,721 [grpc-default-executor-5] INFO  client.GrpcClientProtocolClient (GrpcClientProtocolClient.java:onNext(255)) - client-EAA342753240->9a4a4c23-9ff3-4ce3-a619-2c71c0869997: receive RaftClientReply:client-EAA342753240->9a4a4c23-9ff3-4ce3-a619-2c71c0869997@group-EC4211DF0353, cid=996, SUCCESS, logIndex=1325, commits[9a4a4c23-9ff3-4ce3-a619-2c71c0869997:c1326, 9b0072ab-15b3-4973-9bcb-7fa02f6bfea9:c1324, 9f215ef2-7d46-4cda-b695-cae1b893f75f:c1324]
2019-08-20 16:03:51,722 [grpc-default-executor-5] INFO  client.GrpcClientProtocolClient (GrpcClientProtocolClient.java:onNext(255)) - client-EAA342753240->9a4a4c23-9ff3-4ce3-a619-2c71c0869997: receive RaftClientReply:client-EAA342753240->9a4a4c23-9ff3-4ce3-a619-2c71c0869997@group-EC4211DF0353, cid=997, SUCCESS, logIndex=1326, commits[9a4a4c23-9ff3-4ce3-a619-2c71c0869997:c1326, 9b0072ab-15b3-4973-9bcb-7fa02f6bfea9:c1324, 9f215ef2-7d46-4cda-b695-cae1b893f75f:c1324]
2019-08-20 16:03:51,722 | INFO  | DNAudit | user=null | ip=null | op=WRITE_CHUNK {blockData=conID: 3 locID: 102650152704737722 bcsId: 1320} | ret=SUCCESS |  
2019-08-20 16:03:51,723 | INFO  | DNAudit | user=null | ip=null | op=WRITE_CHUNK {blockData=conID: 3 locID: 102650152704737722 bcsId: 1320} | ret=SUCCESS |  
2019-08-20 16:03:51,724 | INFO  | DNAudit | user=null | ip=null | op=PUT_BLOCK {blockData=[blockId=conID: 3 locID: 102650152704737722 bcsId: 0,size=3145728]} | ret=SUCCESS |  
2019-08-20 16:03:51,724 | INFO  | DNAudit | user=null | ip=null | op=PUT_BLOCK {blockData=[blockId=conID: 3 locID: 102650152704737722 bcsId: 0,size=3145728]} | ret=SUCCESS |  
2019-08-20 16:03:51,728 | INFO  | DNAudit | user=null | ip=null | op=WRITE_CHUNK {blockData=conID: 3 locID: 102650152704737722 bcsId: 1326} | ret=SUCCESS |  
2019-08-20 16:03:51,730 | INFO  | DNAudit | user=null | ip=null | op=WRITE_CHUNK {blockData=conID: 3 locID: 102650152704737722 bcsId: 1326} | ret=SUCCESS |  
2019-08-20 16:03:51,731 | INFO  | DNAudit | user=null | ip=null | op=WRITE_CHUNK {blockData=conID: 3 locID: 102650152704737722 bcsId: 1326} | ret=SUCCESS |  
2019-08-20 16:03:51,741 | INFO  | DNAudit | user=null | ip=null | op=WRITE_CHUNK {blockData=conID: 3 locID: 102650152704737722 bcsId: 1326} | ret=SUCCESS |  
2019-08-20 16:03:51,741 | INFO  | DNAudit | user=null | ip=null | op=PUT_BLOCK {blockData=[blockId=conID: 3 locID: 102650152704737722 bcsId: 0,size=4194304]} | ret=SUCCESS |  
2019-08-20 16:03:51,741 [grpc-default-executor-0] INFO  client.GrpcClientProtocolClient (GrpcClientProtocolClient.java:onNext(255)) - client-EAA342753240->9a4a4c23-9ff3-4ce3-a619-2c71c0869997: receive RaftClientReply:client-EAA342753240->9a4a4c23-9ff3-4ce3-a619-2c71c0869997@group-EC4211DF0353, cid=998, SUCCESS, logIndex=1329, commits[9a4a4c23-9ff3-4ce3-a619-2c71c0869997:c1330, 9b0072ab-15b3-4973-9bcb-7fa02f6bfea9:c1328, 9f215ef2-7d46-4cda-b695-cae1b893f75f:c1328]
2019-08-20 16:03:51,742 [grpc-default-executor-0] INFO  client.GrpcClientProtocolClient (GrpcClientProtocolClient.java:onNext(255)) - client-EAA342753240->9a4a4c23-9ff3-4ce3-a619-2c71c0869997: receive RaftClientReply:client-EAA342753240->9a4a4c23-9ff3-4ce3-a619-2c71c0869997@group-EC4211DF0353, cid=999, SUCCESS, logIndex=1330, commits[9a4a4c23-9ff3-4ce3-a619-2c71c0869997:c1330, 9b0072ab-15b3-4973-9bcb-7fa02f6bfea9:c1328, 9f215ef2-7d46-4cda-b695-cae1b893f75f:c1328]
2019-08-20 16:03:51,752 | INFO  | DNAudit | user=null | ip=null | op=WRITE_CHUNK {blockData=conID: 3 locID: 102650152704737722 bcsId: 1326} | ret=SUCCESS |  
2019-08-20 16:03:51,752 | INFO  | DNAudit | user=null | ip=null | op=WRITE_CHUNK {blockData=conID: 3 locID: 102650152704737722 bcsId: 1326} | ret=SUCCESS |  
2019-08-20 16:03:51,752 | INFO  | DNAudit | user=null | ip=null | op=PUT_BLOCK {blockData=[blockId=conID: 3 locID: 102650152704737722 bcsId: 0,size=4194304]} | ret=SUCCESS |  
2019-08-20 16:03:51,752 | INFO  | DNAudit | user=null | ip=null | op=PUT_BLOCK {blockData=[blockId=conID: 3 locID: 102650152704737722 bcsId: 0,size=4194304]} | ret=SUCCESS |  
2019-08-20 16:03:51,753 [grpc-default-executor-0] INFO  client.GrpcClientProtocolClient (GrpcClientProtocolClient.java:onNext(255)) - client-EAA342753240->9a4a4c23-9ff3-4ce3-a619-2c71c0869997: receive RaftClientReply:client-EAA342753240->9a4a4c23-9ff3-4ce3-a619-2c71c0869997@group-EC4211DF0353, cid=1000, SUCCESS, logIndex=0, commits[9a4a4c23-9ff3-4ce3-a619-2c71c0869997:c1331, 9b0072ab-15b3-4973-9bcb-7fa02f6bfea9:c1330, 9f215ef2-7d46-4cda-b695-cae1b893f75f:c1330]
2019-08-20 16:03:51,759 | INFO  | DNAudit | user=null | ip=null | op=WRITE_CHUNK {blockData=conID: 1 locID: 102650152704737723 bcsId: 0} | ret=SUCCESS |  
2019-08-20 16:03:51,761 | INFO  | DNAudit | user=null | ip=null | op=WRITE_CHUNK {blockData=conID: 1 locID: 102650152704737723 bcsId: 0} | ret=SUCCESS |  
2019-08-20 16:03:51,762 | INFO  | DNAudit | user=null | ip=null | op=WRITE_CHUNK {blockData=conID: 1 locID: 102650152704737723 bcsId: 0} | ret=SUCCESS |  
2019-08-20 16:03:51,762 | INFO  | DNAudit | user=null | ip=null | op=WRITE_CHUNK {blockData=conID: 1 locID: 102650152704737723 bcsId: 0} | ret=SUCCESS |  
2019-08-20 16:03:51,764 | INFO  | DNAudit | user=null | ip=null | op=WRITE_CHUNK {blockData=conID: 1 locID: 102650152704737723 bcsId: 0} | ret=SUCCESS |  
2019-08-20 16:03:51,765 | INFO  | DNAudit | user=null | ip=null | op=WRITE_CHUNK {blockData=conID: 1 locID: 102650152704737723 bcsId: 0} | ret=SUCCESS |  
2019-08-20 16:03:51,766 | INFO  | DNAudit | user=null | ip=null | op=WRITE_CHUNK {blockData=conID: 1 locID: 102650152704737723 bcsId: 0} | ret=SUCCESS |  
2019-08-20 16:03:51,768 | INFO  | DNAudit | user=null | ip=null | op=PUT_BLOCK {blockData=[blockId=conID: 1 locID: 102650152704737723 bcsId: 0,size=1048576]} | ret=SUCCESS |  
2019-08-20 16:03:51,768 | INFO  | DNAudit | user=null | ip=null | op=WRITE_CHUNK {blockData=conID: 1 locID: 102650152704737723 bcsId: 0} | ret=SUCCESS |  
2019-08-20 16:03:51,768 [grpc-default-executor-5] INFO  client.GrpcClientProtocolClient (GrpcClientProtocolClient.java:onNext(255)) - client-EAA342753240->9a4a4c23-9ff3-4ce3-a619-2c71c0869997: receive RaftClientReply:client-EAA342753240->9a4a4c23-9ff3-4ce3-a619-2c71c0869997@group-EC4211DF0353, cid=1001, SUCCESS, logIndex=1333, commits[9a4a4c23-9ff3-4ce3-a619-2c71c0869997:c1334, 9b0072ab-15b3-4973-9bcb-7fa02f6bfea9:c1332, 9f215ef2-7d46-4cda-b695-cae1b893f75f:c1330]
2019-08-20 16:03:51,769 | INFO  | DNAudit | user=null | ip=null | op=PUT_BLOCK {blockData=[blockId=conID: 1 locID: 102650152704737723 bcsId: 0,size=2097152]} | ret=SUCCESS |  
2019-08-20 16:03:51,769 [grpc-default-executor-5] INFO  client.GrpcClientProtocolClient (GrpcClientProtocolClient.java:onNext(255)) - client-EAA342753240->9a4a4c23-9ff3-4ce3-a619-2c71c0869997: receive RaftClientReply:client-EAA342753240->9a4a4c23-9ff3-4ce3-a619-2c71c0869997@group-EC4211DF0353, cid=1002, SUCCESS, logIndex=1334, commits[9a4a4c23-9ff3-4ce3-a619-2c71c0869997:c1334, 9b0072ab-15b3-4973-9bcb-7fa02f6bfea9:c1332, 9f215ef2-7d46-4cda-b695-cae1b893f75f:c1332]
2019-08-20 16:03:51,769 [grpc-default-executor-5] INFO  client.GrpcClientProtocolClient (GrpcClientProtocolClient.java:onNext(255)) - client-EAA342753240->9a4a4c23-9ff3-4ce3-a619-2c71c0869997: receive RaftClientReply:client-EAA342753240->9a4a4c23-9ff3-4ce3-a619-2c71c0869997@group-EC4211DF0353, cid=1003, SUCCESS, logIndex=1335, commits[9a4a4c23-9ff3-4ce3-a619-2c71c0869997:c1335, 9b0072ab-15b3-4973-9bcb-7fa02f6bfea9:c1332, 9f215ef2-7d46-4cda-b695-cae1b893f75f:c1332]
2019-08-20 16:03:51,769 | INFO  | DNAudit | user=null | ip=null | op=WRITE_CHUNK {blockData=conID: 1 locID: 102650152704737723 bcsId: 0} | ret=SUCCESS |  
2019-08-20 16:03:51,770 [grpc-default-executor-3] INFO  client.GrpcClientProtocolClient (GrpcClientProtocolClient.java:onNext(255)) - client-EAA342753240->9a4a4c23-9ff3-4ce3-a619-2c71c0869997: receive RaftClientReply:client-EAA342753240->9a4a4c23-9ff3-4ce3-a619-2c71c0869997@group-EC4211DF0353, cid=1004, SUCCESS, logIndex=1336, commits[9a4a4c23-9ff3-4ce3-a619-2c71c0869997:c1336, 9b0072ab-15b3-4973-9bcb-7fa02f6bfea9:c1332, 9f215ef2-7d46-4cda-b695-cae1b893f75f:c1332]
2019-08-20 16:03:51,770 | INFO  | DNAudit | user=null | ip=null | op=PUT_BLOCK {blockData=[blockId=conID: 1 locID: 102650152704737723 bcsId: 0,size=1048576]} | ret=SUCCESS |  
2019-08-20 16:03:51,770 | INFO  | DNAudit | user=null | ip=null | op=WRITE_CHUNK {blockData=conID: 1 locID: 102650152704737723 bcsId: 0} | ret=SUCCESS |  
2019-08-20 16:03:51,770 | INFO  | DNAudit | user=null | ip=null | op=PUT_BLOCK {blockData=[blockId=conID: 1 locID: 102650152704737723 bcsId: 0,size=1048576]} | ret=SUCCESS |  
2019-08-20 16:03:51,771 | INFO  | DNAudit | user=null | ip=null | op=WRITE_CHUNK {blockData=conID: 1 locID: 102650152704737723 bcsId: 0} | ret=SUCCESS |  
2019-08-20 16:03:51,771 | INFO  | DNAudit | user=null | ip=null | op=PUT_BLOCK {blockData=[blockId=conID: 1 locID: 102650152704737723 bcsId: 0,size=2097152]} | ret=SUCCESS |  
2019-08-20 16:03:51,771 [grpc-default-executor-5] INFO  client.GrpcClientProtocolClient (GrpcClientProtocolClient.java:onNext(255)) - client-EAA342753240->9a4a4c23-9ff3-4ce3-a619-2c71c0869997: receive RaftClientReply:client-EAA342753240->9a4a4c23-9ff3-4ce3-a619-2c71c0869997@group-EC4211DF0353, cid=1005, SUCCESS, logIndex=0, commits[9a4a4c23-9ff3-4ce3-a619-2c71c0869997:c1338, 9b0072ab-15b3-4973-9bcb-7fa02f6bfea9:c1334, 9f215ef2-7d46-4cda-b695-cae1b893f75f:c1334]
2019-08-20 16:03:51,771 | INFO  | DNAudit | user=null | ip=null | op=WRITE_CHUNK {blockData=conID: 1 locID: 102650152704737723 bcsId: 0} | ret=SUCCESS |  
2019-08-20 16:03:51,771 | INFO  | DNAudit | user=null | ip=null | op=PUT_BLOCK {blockData=[blockId=conID: 1 locID: 102650152704737723 bcsId: 0,size=2097152]} | ret=SUCCESS |  
2019-08-20 16:03:51,777 | INFO  | DNAudit | user=null | ip=null | op=WRITE_CHUNK {blockData=conID: 1 locID: 102650152704737723 bcsId: 1336} | ret=SUCCESS |  
2019-08-20 16:03:51,779 | INFO  | DNAudit | user=null | ip=null | op=WRITE_CHUNK {blockData=conID: 1 locID: 102650152704737723 bcsId: 1336} | ret=SUCCESS |  
2019-08-20 16:03:51,779 | INFO  | DNAudit | user=null | ip=null | op=WRITE_CHUNK {blockData=conID: 1 locID: 102650152704737723 bcsId: 1336} | ret=SUCCESS |  
2019-08-20 16:03:51,789 | INFO  | DNAudit | user=null | ip=null | op=WRITE_CHUNK {blockData=conID: 1 locID: 102650152704737723 bcsId: 1336} | ret=SUCCESS |  
2019-08-20 16:03:51,789 | INFO  | DNAudit | user=null | ip=null | op=PUT_BLOCK {blockData=[blockId=conID: 1 locID: 102650152704737723 bcsId: 0,size=3145728]} | ret=SUCCESS |  
2019-08-20 16:03:51,789 [grpc-default-executor-5] INFO  client.GrpcClientProtocolClient (GrpcClientProtocolClient.java:onNext(255)) - client-EAA342753240->9a4a4c23-9ff3-4ce3-a619-2c71c0869997: receive RaftClientReply:client-EAA342753240->9a4a4c23-9ff3-4ce3-a619-2c71c0869997@group-EC4211DF0353, cid=1006, SUCCESS, logIndex=1341, commits[9a4a4c23-9ff3-4ce3-a619-2c71c0869997:c1342, 9b0072ab-15b3-4973-9bcb-7fa02f6bfea9:c1340, 9f215ef2-7d46-4cda-b695-cae1b893f75f:c1340]
2019-08-20 16:03:51,790 [grpc-default-executor-5] INFO  client.GrpcClientProtocolClient (GrpcClientProtocolClient.java:onNext(255)) - client-EAA342753240->9a4a4c23-9ff3-4ce3-a619-2c71c0869997: receive RaftClientReply:client-EAA342753240->9a4a4c23-9ff3-4ce3-a619-2c71c0869997@group-EC4211DF0353, cid=1007, SUCCESS, logIndex=1342, commits[9a4a4c23-9ff3-4ce3-a619-2c71c0869997:c1342, 9b0072ab-15b3-4973-9bcb-7fa02f6bfea9:c1340, 9f215ef2-7d46-4cda-b695-cae1b893f75f:c1340]
2019-08-20 16:03:51,796 | INFO  | DNAudit | user=null | ip=null | op=WRITE_CHUNK {blockData=conID: 1 locID: 102650152704737723 bcsId: 1342} | ret=SUCCESS |  
2019-08-20 16:03:51,798 | INFO  | DNAudit | user=null | ip=null | op=WRITE_CHUNK {blockData=conID: 1 locID: 102650152704737723 bcsId: 1342} | ret=SUCCESS |  
2019-08-20 16:03:51,798 | INFO  | DNAudit | user=null | ip=null | op=WRITE_CHUNK {blockData=conID: 1 locID: 102650152704737723 bcsId: 1342} | ret=SUCCESS |  
2019-08-20 16:03:51,801 | INFO  | DNAudit | user=null | ip=null | op=WRITE_CHUNK {blockData=conID: 1 locID: 102650152704737723 bcsId: 1336} | ret=SUCCESS |  
2019-08-20 16:03:51,801 | INFO  | DNAudit | user=null | ip=null | op=WRITE_CHUNK {blockData=conID: 1 locID: 102650152704737723 bcsId: 1336} | ret=SUCCESS |  
2019-08-20 16:03:51,801 | INFO  | DNAudit | user=null | ip=null | op=PUT_BLOCK {blockData=[blockId=conID: 1 locID: 102650152704737723 bcsId: 0,size=3145728]} | ret=SUCCESS |  
2019-08-20 16:03:51,801 | INFO  | DNAudit | user=null | ip=null | op=PUT_BLOCK {blockData=[blockId=conID: 1 locID: 102650152704737723 bcsId: 0,size=3145728]} | ret=SUCCESS |  
2019-08-20 16:03:51,802 | INFO  | DNAudit | user=null | ip=null | op=WRITE_CHUNK {blockData=conID: 1 locID: 102650152704737723 bcsId: 1342} | ret=SUCCESS |  
2019-08-20 16:03:51,803 | INFO  | DNAudit | user=null | ip=null | op=PUT_BLOCK {blockData=[blockId=conID: 1 locID: 102650152704737723 bcsId: 0,size=4194304]} | ret=SUCCESS |  
2019-08-20 16:03:51,803 [grpc-default-executor-0] INFO  client.GrpcClientProtocolClient (GrpcClientProtocolClient.java:onNext(255)) - client-EAA342753240->9a4a4c23-9ff3-4ce3-a619-2c71c0869997: receive RaftClientReply:client-EAA342753240->9a4a4c23-9ff3-4ce3-a619-2c71c0869997@group-EC4211DF0353, cid=1008, SUCCESS, logIndex=1345, commits[9a4a4c23-9ff3-4ce3-a619-2c71c0869997:c1346, 9b0072ab-15b3-4973-9bcb-7fa02f6bfea9:c1342, 9f215ef2-7d46-4cda-b695-cae1b893f75f:c1342]
2019-08-20 16:03:51,803 [grpc-default-executor-0] INFO  client.GrpcClientProtocolClient (GrpcClientProtocolClient.java:onNext(255)) - client-EAA342753240->9a4a4c23-9ff3-4ce3-a619-2c71c0869997: receive RaftClientReply:client-EAA342753240->9a4a4c23-9ff3-4ce3-a619-2c71c0869997@group-EC4211DF0353, cid=1009, SUCCESS, logIndex=1346, commits[9a4a4c23-9ff3-4ce3-a619-2c71c0869997:c1346, 9b0072ab-15b3-4973-9bcb-7fa02f6bfea9:c1342, 9f215ef2-7d46-4cda-b695-cae1b893f75f:c1342]
2019-08-20 16:03:51,804 | INFO  | DNAudit | user=null | ip=null | op=WRITE_CHUNK {blockData=conID: 1 locID: 102650152704737723 bcsId: 1342} | ret=SUCCESS |  
2019-08-20 16:03:51,804 | INFO  | DNAudit | user=null | ip=null | op=WRITE_CHUNK {blockData=conID: 1 locID: 102650152704737723 bcsId: 1342} | ret=SUCCESS |  
2019-08-20 16:03:51,805 | INFO  | DNAudit | user=null | ip=null | op=PUT_BLOCK {blockData=[blockId=conID: 1 locID: 102650152704737723 bcsId: 0,size=4194304]} | ret=SUCCESS |  
2019-08-20 16:03:51,805 | INFO  | DNAudit | user=null | ip=null | op=PUT_BLOCK {blockData=[blockId=conID: 1 locID: 102650152704737723 bcsId: 0,size=4194304]} | ret=SUCCESS |  
2019-08-20 16:03:51,806 [grpc-default-executor-0] INFO  client.GrpcClientProtocolClient (GrpcClientProtocolClient.java:onNext(255)) - client-EAA342753240->9a4a4c23-9ff3-4ce3-a619-2c71c0869997: receive RaftClientReply:client-EAA342753240->9a4a4c23-9ff3-4ce3-a619-2c71c0869997@group-EC4211DF0353, cid=1010, SUCCESS, logIndex=0, commits[9a4a4c23-9ff3-4ce3-a619-2c71c0869997:c1348, 9b0072ab-15b3-4973-9bcb-7fa02f6bfea9:c1346, 9f215ef2-7d46-4cda-b695-cae1b893f75f:c1346]
2019-08-20 16:03:51,812 | INFO  | DNAudit | user=null | ip=null | op=WRITE_CHUNK {blockData=conID: 2 locID: 102650152704803260 bcsId: 0} | ret=SUCCESS |  
2019-08-20 16:03:51,814 | INFO  | DNAudit | user=null | ip=null | op=WRITE_CHUNK {blockData=conID: 2 locID: 102650152704803260 bcsId: 0} | ret=SUCCESS |  
2019-08-20 16:03:51,815 | INFO  | DNAudit | user=null | ip=null | op=WRITE_CHUNK {blockData=conID: 2 locID: 102650152704803260 bcsId: 0} | ret=SUCCESS |  
2019-08-20 16:03:51,815 | INFO  | DNAudit | user=null | ip=null | op=WRITE_CHUNK {blockData=conID: 2 locID: 102650152704803260 bcsId: 0} | ret=SUCCESS |  
2019-08-20 16:03:51,816 | INFO  | DNAudit | user=null | ip=null | op=WRITE_CHUNK {blockData=conID: 2 locID: 102650152704803260 bcsId: 0} | ret=SUCCESS |  
2019-08-20 16:03:51,816 | INFO  | DNAudit | user=null | ip=null | op=WRITE_CHUNK {blockData=conID: 2 locID: 102650152704803260 bcsId: 0} | ret=SUCCESS |  
2019-08-20 16:03:51,817 | INFO  | DNAudit | user=null | ip=null | op=WRITE_CHUNK {blockData=conID: 2 locID: 102650152704803260 bcsId: 0} | ret=SUCCESS |  
2019-08-20 16:03:51,818 | INFO  | DNAudit | user=null | ip=null | op=PUT_BLOCK {blockData=[blockId=conID: 2 locID: 102650152704803260 bcsId: 0,size=1048576]} | ret=SUCCESS |  
2019-08-20 16:03:51,818 [grpc-default-executor-6] INFO  client.GrpcClientProtocolClient (GrpcClientProtocolClient.java:onNext(255)) - client-EAA342753240->9a4a4c23-9ff3-4ce3-a619-2c71c0869997: receive RaftClientReply:client-EAA342753240->9a4a4c23-9ff3-4ce3-a619-2c71c0869997@group-EC4211DF0353, cid=1011, SUCCESS, logIndex=1349, commits[9a4a4c23-9ff3-4ce3-a619-2c71c0869997:c1350, 9b0072ab-15b3-4973-9bcb-7fa02f6bfea9:c1346, 9f215ef2-7d46-4cda-b695-cae1b893f75f:c1348]
2019-08-20 16:03:51,818 | INFO  | DNAudit | user=null | ip=null | op=WRITE_CHUNK {blockData=conID: 2 locID: 102650152704803260 bcsId: 0} | ret=SUCCESS |  
2019-08-20 16:03:51,819 | INFO  | DNAudit | user=null | ip=null | op=PUT_BLOCK {blockData=[blockId=conID: 2 locID: 102650152704803260 bcsId: 0,size=2097152]} | ret=SUCCESS |  
2019-08-20 16:03:51,819 [grpc-default-executor-6] INFO  client.GrpcClientProtocolClient (GrpcClientProtocolClient.java:onNext(255)) - client-EAA342753240->9a4a4c23-9ff3-4ce3-a619-2c71c0869997: receive RaftClientReply:client-EAA342753240->9a4a4c23-9ff3-4ce3-a619-2c71c0869997@group-EC4211DF0353, cid=1012, SUCCESS, logIndex=1350, commits[9a4a4c23-9ff3-4ce3-a619-2c71c0869997:c1352, 9b0072ab-15b3-4973-9bcb-7fa02f6bfea9:c1348, 9f215ef2-7d46-4cda-b695-cae1b893f75f:c1348]
2019-08-20 16:03:51,819 [grpc-default-executor-6] INFO  client.GrpcClientProtocolClient (GrpcClientProtocolClient.java:onNext(255)) - client-EAA342753240->9a4a4c23-9ff3-4ce3-a619-2c71c0869997: receive RaftClientReply:client-EAA342753240->9a4a4c23-9ff3-4ce3-a619-2c71c0869997@group-EC4211DF0353, cid=1013, SUCCESS, logIndex=1351, commits[9a4a4c23-9ff3-4ce3-a619-2c71c0869997:c1352, 9b0072ab-15b3-4973-9bcb-7fa02f6bfea9:c1348, 9f215ef2-7d46-4cda-b695-cae1b893f75f:c1348]
2019-08-20 16:03:51,819 | INFO  | DNAudit | user=null | ip=null | op=WRITE_CHUNK {blockData=conID: 2 locID: 102650152704803260 bcsId: 0} | ret=SUCCESS |  
2019-08-20 16:03:51,819 | INFO  | DNAudit | user=null | ip=null | op=WRITE_CHUNK {blockData=conID: 2 locID: 102650152704803260 bcsId: 0} | ret=SUCCESS |  
2019-08-20 16:03:51,819 [grpc-default-executor-6] INFO  client.GrpcClientProtocolClient (GrpcClientProtocolClient.java:onNext(255)) - client-EAA342753240->9a4a4c23-9ff3-4ce3-a619-2c71c0869997: receive RaftClientReply:client-EAA342753240->9a4a4c23-9ff3-4ce3-a619-2c71c0869997@group-EC4211DF0353, cid=1014, SUCCESS, logIndex=1352, commits[9a4a4c23-9ff3-4ce3-a619-2c71c0869997:c1352, 9b0072ab-15b3-4973-9bcb-7fa02f6bfea9:c1348, 9f215ef2-7d46-4cda-b695-cae1b893f75f:c1348]
2019-08-20 16:03:51,820 | INFO  | DNAudit | user=null | ip=null | op=PUT_BLOCK {blockData=[blockId=conID: 2 locID: 102650152704803260 bcsId: 0,size=1048576]} | ret=SUCCESS |  
2019-08-20 16:03:51,820 | INFO  | DNAudit | user=null | ip=null | op=PUT_BLOCK {blockData=[blockId=conID: 2 locID: 102650152704803260 bcsId: 0,size=1048576]} | ret=SUCCESS |  
2019-08-20 16:03:51,820 [grpc-default-executor-6] INFO  client.GrpcClientProtocolClient (GrpcClientProtocolClient.java:onNext(255)) - client-EAA342753240->9a4a4c23-9ff3-4ce3-a619-2c71c0869997: receive RaftClientReply:client-EAA342753240->9a4a4c23-9ff3-4ce3-a619-2c71c0869997@group-EC4211DF0353, cid=1015, SUCCESS, logIndex=0, commits[9a4a4c23-9ff3-4ce3-a619-2c71c0869997:c1354, 9b0072ab-15b3-4973-9bcb-7fa02f6bfea9:c1350, 9f215ef2-7d46-4cda-b695-cae1b893f75f:c1350]
2019-08-20 16:03:51,821 | INFO  | DNAudit | user=null | ip=null | op=WRITE_CHUNK {blockData=conID: 2 locID: 102650152704803260 bcsId: 0} | ret=SUCCESS |  
2019-08-20 16:03:51,821 | INFO  | DNAudit | user=null | ip=null | op=WRITE_CHUNK {blockData=conID: 2 locID: 102650152704803260 bcsId: 0} | ret=SUCCESS |  
2019-08-20 16:03:51,821 | INFO  | DNAudit | user=null | ip=null | op=PUT_BLOCK {blockData=[blockId=conID: 2 locID: 102650152704803260 bcsId: 0,size=2097152]} | ret=SUCCESS |  
2019-08-20 16:03:51,821 | INFO  | DNAudit | user=null | ip=null | op=PUT_BLOCK {blockData=[blockId=conID: 2 locID: 102650152704803260 bcsId: 0,size=2097152]} | ret=SUCCESS |  
2019-08-20 16:03:51,826 | INFO  | DNAudit | user=null | ip=null | op=WRITE_CHUNK {blockData=conID: 2 locID: 102650152704803260 bcsId: 1352} | ret=SUCCESS |  
2019-08-20 16:03:51,829 | INFO  | DNAudit | user=null | ip=null | op=WRITE_CHUNK {blockData=conID: 2 locID: 102650152704803260 bcsId: 1352} | ret=SUCCESS |  
2019-08-20 16:03:51,829 | INFO  | DNAudit | user=null | ip=null | op=WRITE_CHUNK {blockData=conID: 2 locID: 102650152704803260 bcsId: 1352} | ret=SUCCESS |  
2019-08-20 16:03:51,831 | INFO  | DNAudit | user=null | ip=null | op=WRITE_CHUNK {blockData=conID: 2 locID: 102650152704803260 bcsId: 1352} | ret=SUCCESS |  
2019-08-20 16:03:51,831 | INFO  | DNAudit | user=null | ip=null | op=PUT_BLOCK {blockData=[blockId=conID: 2 locID: 102650152704803260 bcsId: 0,size=3145728]} | ret=SUCCESS |  
2019-08-20 16:03:51,831 [grpc-default-executor-0] INFO  client.GrpcClientProtocolClient (GrpcClientProtocolClient.java:onNext(255)) - client-EAA342753240->9a4a4c23-9ff3-4ce3-a619-2c71c0869997: receive RaftClientReply:client-EAA342753240->9a4a4c23-9ff3-4ce3-a619-2c71c0869997@group-EC4211DF0353, cid=1016, SUCCESS, logIndex=1357, commits[9a4a4c23-9ff3-4ce3-a619-2c71c0869997:c1358, 9b0072ab-15b3-4973-9bcb-7fa02f6bfea9:c1352, 9f215ef2-7d46-4cda-b695-cae1b893f75f:c1356]
2019-08-20 16:03:51,832 [grpc-default-executor-0] INFO  client.GrpcClientProtocolClient (GrpcClientProtocolClient.java:onNext(255)) - client-EAA342753240->9a4a4c23-9ff3-4ce3-a619-2c71c0869997: receive RaftClientReply:client-EAA342753240->9a4a4c23-9ff3-4ce3-a619-2c71c0869997@group-EC4211DF0353, cid=1017, SUCCESS, logIndex=1358, commits[9a4a4c23-9ff3-4ce3-a619-2c71c0869997:c1358, 9b0072ab-15b3-4973-9bcb-7fa02f6bfea9:c1356, 9f215ef2-7d46-4cda-b695-cae1b893f75f:c1356]
2019-08-20 16:03:51,832 | INFO  | DNAudit | user=null | ip=null | op=WRITE_CHUNK {blockData=conID: 2 locID: 102650152704803260 bcsId: 1352} | ret=SUCCESS |  
2019-08-20 16:03:51,832 | INFO  | DNAudit | user=null | ip=null | op=PUT_BLOCK {blockData=[blockId=conID: 2 locID: 102650152704803260 bcsId: 0,size=3145728]} | ret=SUCCESS |  
2019-08-20 16:03:51,832 | INFO  | DNAudit | user=null | ip=null | op=WRITE_CHUNK {blockData=conID: 2 locID: 102650152704803260 bcsId: 1352} | ret=SUCCESS |  
2019-08-20 16:03:51,833 | INFO  | DNAudit | user=null | ip=null | op=PUT_BLOCK {blockData=[blockId=conID: 2 locID: 102650152704803260 bcsId: 0,size=3145728]} | ret=SUCCESS |  
2019-08-20 16:03:51,838 | INFO  | DNAudit | user=null | ip=null | op=WRITE_CHUNK {blockData=conID: 2 locID: 102650152704803260 bcsId: 1358} | ret=SUCCESS |  
2019-08-20 16:03:51,840 | INFO  | DNAudit | user=null | ip=null | op=WRITE_CHUNK {blockData=conID: 2 locID: 102650152704803260 bcsId: 1358} | ret=SUCCESS |  
2019-08-20 16:03:51,840 | INFO  | DNAudit | user=null | ip=null | op=WRITE_CHUNK {blockData=conID: 2 locID: 102650152704803260 bcsId: 1358} | ret=SUCCESS |  
2019-08-20 16:03:51,877 | INFO  | DNAudit | user=null | ip=null | op=WRITE_CHUNK {blockData=conID: 2 locID: 102650152704803260 bcsId: 1358} | ret=SUCCESS |  
2019-08-20 16:03:51,878 | INFO  | DNAudit | user=null | ip=null | op=PUT_BLOCK {blockData=[blockId=conID: 2 locID: 102650152704803260 bcsId: 0,size=4194304]} | ret=SUCCESS |  
2019-08-20 16:03:51,878 [grpc-default-executor-5] INFO  client.GrpcClientProtocolClient (GrpcClientProtocolClient.java:onNext(255)) - client-EAA342753240->9a4a4c23-9ff3-4ce3-a619-2c71c0869997: receive RaftClientReply:client-EAA342753240->9a4a4c23-9ff3-4ce3-a619-2c71c0869997@group-EC4211DF0353, cid=1018, SUCCESS, logIndex=1361, commits[9a4a4c23-9ff3-4ce3-a619-2c71c0869997:c1362, 9b0072ab-15b3-4973-9bcb-7fa02f6bfea9:c1360, 9f215ef2-7d46-4cda-b695-cae1b893f75f:c1360]
2019-08-20 16:03:51,879 [grpc-default-executor-5] INFO  client.GrpcClientProtocolClient (GrpcClientProtocolClient.java:onNext(255)) - client-EAA342753240->9a4a4c23-9ff3-4ce3-a619-2c71c0869997: receive RaftClientReply:client-EAA342753240->9a4a4c23-9ff3-4ce3-a619-2c71c0869997@group-EC4211DF0353, cid=1019, SUCCESS, logIndex=1362, commits[9a4a4c23-9ff3-4ce3-a619-2c71c0869997:c1362, 9b0072ab-15b3-4973-9bcb-7fa02f6bfea9:c1360, 9f215ef2-7d46-4cda-b695-cae1b893f75f:c1360]
2019-08-20 16:03:51,880 | INFO  | DNAudit | user=null | ip=null | op=WRITE_CHUNK {blockData=conID: 2 locID: 102650152704803260 bcsId: 1358} | ret=SUCCESS |  
2019-08-20 16:03:51,880 | INFO  | DNAudit | user=null | ip=null | op=PUT_BLOCK {blockData=[blockId=conID: 2 locID: 102650152704803260 bcsId: 0,size=4194304]} | ret=SUCCESS |  
2019-08-20 16:03:51,880 | INFO  | DNAudit | user=null | ip=null | op=WRITE_CHUNK {blockData=conID: 2 locID: 102650152704803260 bcsId: 1358} | ret=SUCCESS |  
2019-08-20 16:03:51,883 | INFO  | DNAudit | user=null | ip=null | op=PUT_BLOCK {blockData=[blockId=conID: 2 locID: 102650152704803260 bcsId: 0,size=4194304]} | ret=SUCCESS |  
2019-08-20 16:03:51,883 [grpc-default-executor-0] INFO  client.GrpcClientProtocolClient (GrpcClientProtocolClient.java:onNext(255)) - client-EAA342753240->9a4a4c23-9ff3-4ce3-a619-2c71c0869997: receive RaftClientReply:client-EAA342753240->9a4a4c23-9ff3-4ce3-a619-2c71c0869997@group-EC4211DF0353, cid=1020, SUCCESS, logIndex=0, commits[9a4a4c23-9ff3-4ce3-a619-2c71c0869997:c1364, 9b0072ab-15b3-4973-9bcb-7fa02f6bfea9:c1362, 9f215ef2-7d46-4cda-b695-cae1b893f75f:c1362]
2019-08-20 16:03:51,890 | INFO  | DNAudit | user=null | ip=null | op=WRITE_CHUNK {blockData=conID: 3 locID: 102650152704803261 bcsId: 0} | ret=SUCCESS |  
2019-08-20 16:03:51,892 | INFO  | DNAudit | user=null | ip=null | op=WRITE_CHUNK {blockData=conID: 3 locID: 102650152704803261 bcsId: 0} | ret=SUCCESS |  
2019-08-20 16:03:51,893 | INFO  | DNAudit | user=null | ip=null | op=WRITE_CHUNK {blockData=conID: 3 locID: 102650152704803261 bcsId: 0} | ret=SUCCESS |  
2019-08-20 16:03:51,893 | INFO  | DNAudit | user=null | ip=null | op=WRITE_CHUNK {blockData=conID: 3 locID: 102650152704803261 bcsId: 0} | ret=SUCCESS |  
2019-08-20 16:03:51,895 | INFO  | DNAudit | user=null | ip=null | op=WRITE_CHUNK {blockData=conID: 3 locID: 102650152704803261 bcsId: 0} | ret=SUCCESS |  
2019-08-20 16:03:51,896 | INFO  | DNAudit | user=null | ip=null | op=WRITE_CHUNK {blockData=conID: 3 locID: 102650152704803261 bcsId: 0} | ret=SUCCESS |  
2019-08-20 16:03:51,914 | INFO  | DNAudit | user=null | ip=null | op=WRITE_CHUNK {blockData=conID: 3 locID: 102650152704803261 bcsId: 0} | ret=SUCCESS |  
2019-08-20 16:03:51,914 | INFO  | DNAudit | user=null | ip=null | op=PUT_BLOCK {blockData=[blockId=conID: 3 locID: 102650152704803261 bcsId: 0,size=1048576]} | ret=SUCCESS |  
2019-08-20 16:03:51,915 | INFO  | DNAudit | user=null | ip=null | op=WRITE_CHUNK {blockData=conID: 3 locID: 102650152704803261 bcsId: 0} | ret=SUCCESS |  
2019-08-20 16:03:51,915 [grpc-default-executor-5] INFO  client.GrpcClientProtocolClient (GrpcClientProtocolClient.java:onNext(255)) - client-EAA342753240->9a4a4c23-9ff3-4ce3-a619-2c71c0869997: receive RaftClientReply:client-EAA342753240->9a4a4c23-9ff3-4ce3-a619-2c71c0869997@group-EC4211DF0353, cid=1021, SUCCESS, logIndex=1365, commits[9a4a4c23-9ff3-4ce3-a619-2c71c0869997:c1366, 9b0072ab-15b3-4973-9bcb-7fa02f6bfea9:c1364, 9f215ef2-7d46-4cda-b695-cae1b893f75f:c1364]
2019-08-20 16:03:51,915 | INFO  | DNAudit | user=null | ip=null | op=PUT_BLOCK {blockData=[blockId=conID: 3 locID: 102650152704803261 bcsId: 0,size=2097152]} | ret=SUCCESS |  
2019-08-20 16:03:51,915 [grpc-default-executor-5] INFO  client.GrpcClientProtocolClient (GrpcClientProtocolClient.java:onNext(255)) - client-EAA342753240->9a4a4c23-9ff3-4ce3-a619-2c71c0869997: receive RaftClientReply:client-EAA342753240->9a4a4c23-9ff3-4ce3-a619-2c71c0869997@group-EC4211DF0353, cid=1022, SUCCESS, logIndex=1366, commits[9a4a4c23-9ff3-4ce3-a619-2c71c0869997:c1367, 9b0072ab-15b3-4973-9bcb-7fa02f6bfea9:c1364, 9f215ef2-7d46-4cda-b695-cae1b893f75f:c1364]
2019-08-20 16:03:52,040 [grpc-default-executor-0] INFO  client.GrpcClientProtocolClient (GrpcClientProtocolClient.java:onNext(255)) - client-EAA342753240->9a4a4c23-9ff3-4ce3-a619-2c71c0869997: receive RaftClientReply:client-EAA342753240->9a4a4c23-9ff3-4ce3-a619-2c71c0869997@group-EC4211DF0353, cid=1023, SUCCESS, logIndex=1367, commits[9a4a4c23-9ff3-4ce3-a619-2c71c0869997:c1368, 9b0072ab-15b3-4973-9bcb-7fa02f6bfea9:c1364, 9f215ef2-7d46-4cda-b695-cae1b893f75f:c1364]
2019-08-20 16:03:52,040 | INFO  | DNAudit | user=null | ip=null | op=WRITE_CHUNK {blockData=conID: 3 locID: 102650152704803261 bcsId: 0} | ret=SUCCESS |  
2019-08-20 16:03:52,040 | INFO  | DNAudit | user=null | ip=null | op=WRITE_CHUNK {blockData=conID: 3 locID: 102650152704803261 bcsId: 0} | ret=SUCCESS |  
2019-08-20 16:03:52,040 [grpc-default-executor-5] INFO  client.GrpcClientProtocolClient (GrpcClientProtocolClient.java:onNext(255)) - client-EAA342753240->9a4a4c23-9ff3-4ce3-a619-2c71c0869997: receive RaftClientReply:client-EAA342753240->9a4a4c23-9ff3-4ce3-a619-2c71c0869997@group-EC4211DF0353, cid=1024, SUCCESS, logIndex=1368, commits[9a4a4c23-9ff3-4ce3-a619-2c71c0869997:c1368, 9b0072ab-15b3-4973-9bcb-7fa02f6bfea9:c1364, 9f215ef2-7d46-4cda-b695-cae1b893f75f:c1364]
2019-08-20 16:03:52,040 | INFO  | DNAudit | user=null | ip=null | op=PUT_BLOCK {blockData=[blockId=conID: 3 locID: 102650152704803261 bcsId: 0,size=1048576]} | ret=SUCCESS |  
2019-08-20 16:03:52,041 | INFO  | DNAudit | user=null | ip=null | op=PUT_BLOCK {blockData=[blockId=conID: 3 locID: 102650152704803261 bcsId: 0,size=1048576]} | ret=SUCCESS |  
2019-08-20 16:03:52,041 | INFO  | DNAudit | user=null | ip=null | op=WRITE_CHUNK {blockData=conID: 3 locID: 102650152704803261 bcsId: 0} | ret=SUCCESS |  
2019-08-20 16:03:52,042 [grpc-default-executor-5] INFO  client.GrpcClientProtocolClient (GrpcClientProtocolClient.java:onNext(255)) - client-EAA342753240->9a4a4c23-9ff3-4ce3-a619-2c71c0869997: receive RaftClientReply:client-EAA342753240->9a4a4c23-9ff3-4ce3-a619-2c71c0869997@group-EC4211DF0353, cid=1025, SUCCESS, logIndex=0, commits[9a4a4c23-9ff3-4ce3-a619-2c71c0869997:c1371, 9b0072ab-15b3-4973-9bcb-7fa02f6bfea9:c1366, 9f215ef2-7d46-4cda-b695-cae1b893f75f:c1367]
2019-08-20 16:03:52,050 | INFO  | DNAudit | user=null | ip=null | op=WRITE_CHUNK {blockData=conID: 3 locID: 102650152704803261 bcsId: 1368} | ret=SUCCESS |  
2019-08-20 16:03:52,051 | INFO  | DNAudit | user=null | ip=null | op=WRITE_CHUNK {blockData=conID: 3 locID: 102650152704803261 bcsId: 0} | ret=SUCCESS |  
2019-08-20 16:03:52,051 | INFO  | DNAudit | user=null | ip=null | op=PUT_BLOCK {blockData=[blockId=conID: 3 locID: 102650152704803261 bcsId: 0,size=2097152]} | ret=SUCCESS |  
2019-08-20 16:03:52,052 | INFO  | DNAudit | user=null | ip=null | op=PUT_BLOCK {blockData=[blockId=conID: 3 locID: 102650152704803261 bcsId: 0,size=2097152]} | ret=SUCCESS |  
2019-08-20 16:03:52,053 | INFO  | DNAudit | user=null | ip=null | op=WRITE_CHUNK {blockData=conID: 3 locID: 102650152704803261 bcsId: 1368} | ret=SUCCESS |  
2019-08-20 16:03:52,054 | INFO  | DNAudit | user=null | ip=null | op=WRITE_CHUNK {blockData=conID: 3 locID: 102650152704803261 bcsId: 1368} | ret=SUCCESS |  
2019-08-20 16:03:52,065 | INFO  | DNAudit | user=null | ip=null | op=WRITE_CHUNK {blockData=conID: 3 locID: 102650152704803261 bcsId: 1368} | ret=SUCCESS |  
2019-08-20 16:03:52,066 | INFO  | DNAudit | user=null | ip=null | op=PUT_BLOCK {blockData=[blockId=conID: 3 locID: 102650152704803261 bcsId: 0,size=3145728]} | ret=SUCCESS |  
2019-08-20 16:03:52,066 [grpc-default-executor-0] INFO  client.GrpcClientProtocolClient (GrpcClientProtocolClient.java:onNext(255)) - client-EAA342753240->9a4a4c23-9ff3-4ce3-a619-2c71c0869997: receive RaftClientReply:client-EAA342753240->9a4a4c23-9ff3-4ce3-a619-2c71c0869997@group-EC4211DF0353, cid=1026, SUCCESS, logIndex=1373, commits[9a4a4c23-9ff3-4ce3-a619-2c71c0869997:c1374, 9b0072ab-15b3-4973-9bcb-7fa02f6bfea9:c1371, 9f215ef2-7d46-4cda-b695-cae1b893f75f:c1371]
2019-08-20 16:03:52,067 [grpc-default-executor-0] INFO  client.GrpcClientProtocolClient (GrpcClientProtocolClient.java:onNext(255)) - client-EAA342753240->9a4a4c23-9ff3-4ce3-a619-2c71c0869997: receive RaftClientReply:client-EAA342753240->9a4a4c23-9ff3-4ce3-a619-2c71c0869997@group-EC4211DF0353, cid=1027, SUCCESS, logIndex=1374, commits[9a4a4c23-9ff3-4ce3-a619-2c71c0869997:c1374, 9b0072ab-15b3-4973-9bcb-7fa02f6bfea9:c1371, 9f215ef2-7d46-4cda-b695-cae1b893f75f:c1371]
2019-08-20 16:03:52,067 | INFO  | DNAudit | user=null | ip=null | op=WRITE_CHUNK {blockData=conID: 3 locID: 102650152704803261 bcsId: 1368} | ret=SUCCESS |  
2019-08-20 16:03:52,067 | INFO  | DNAudit | user=null | ip=null | op=PUT_BLOCK {blockData=[blockId=conID: 3 locID: 102650152704803261 bcsId: 0,size=3145728]} | ret=SUCCESS |  
2019-08-20 16:03:52,067 | INFO  | DNAudit | user=null | ip=null | op=WRITE_CHUNK {blockData=conID: 3 locID: 102650152704803261 bcsId: 1368} | ret=SUCCESS |  
2019-08-20 16:03:52,068 | INFO  | DNAudit | user=null | ip=null | op=PUT_BLOCK {blockData=[blockId=conID: 3 locID: 102650152704803261 bcsId: 0,size=3145728]} | ret=SUCCESS |  
2019-08-20 16:03:52,074 | INFO  | DNAudit | user=null | ip=null | op=WRITE_CHUNK {blockData=conID: 3 locID: 102650152704803261 bcsId: 1374} | ret=SUCCESS |  
2019-08-20 16:03:52,077 | INFO  | DNAudit | user=null | ip=null | op=WRITE_CHUNK {blockData=conID: 3 locID: 102650152704803261 bcsId: 1374} | ret=SUCCESS |  
2019-08-20 16:03:52,077 | INFO  | DNAudit | user=null | ip=null | op=WRITE_CHUNK {blockData=conID: 3 locID: 102650152704803261 bcsId: 1374} | ret=SUCCESS |  
2019-08-20 16:03:52,077 | INFO  | SCMAudit | user=jenkins1000 | ip=192.168.69.96 | op=SEND_HEARTBEAT {datanodeUUID=69f203df-fb09-400b-ac11-cd7a56dd70a5, command=[]} | ret=SUCCESS |  
2019-08-20 16:03:52,087 | INFO  | DNAudit | user=null | ip=null | op=WRITE_CHUNK {blockData=conID: 3 locID: 102650152704803261 bcsId: 1374} | ret=SUCCESS |  
2019-08-20 16:03:52,088 | INFO  | DNAudit | user=null | ip=null | op=PUT_BLOCK {blockData=[blockId=conID: 3 locID: 102650152704803261 bcsId: 0,size=4194304]} | ret=SUCCESS |  
2019-08-20 16:03:52,088 [grpc-default-executor-6] INFO  client.GrpcClientProtocolClient (GrpcClientProtocolClient.java:onNext(255)) - client-EAA342753240->9a4a4c23-9ff3-4ce3-a619-2c71c0869997: receive RaftClientReply:client-EAA342753240->9a4a4c23-9ff3-4ce3-a619-2c71c0869997@group-EC4211DF0353, cid=1028, SUCCESS, logIndex=1377, commits[9a4a4c23-9ff3-4ce3-a619-2c71c0869997:c1378, 9b0072ab-15b3-4973-9bcb-7fa02f6bfea9:c1376, 9f215ef2-7d46-4cda-b695-cae1b893f75f:c1376]
2019-08-20 16:03:52,088 [grpc-default-executor-6] INFO  client.GrpcClientProtocolClient (GrpcClientProtocolClient.java:onNext(255)) - client-EAA342753240->9a4a4c23-9ff3-4ce3-a619-2c71c0869997: receive RaftClientReply:client-EAA342753240->9a4a4c23-9ff3-4ce3-a619-2c71c0869997@group-EC4211DF0353, cid=1029, SUCCESS, logIndex=1378, commits[9a4a4c23-9ff3-4ce3-a619-2c71c0869997:c1378, 9b0072ab-15b3-4973-9bcb-7fa02f6bfea9:c1376, 9f215ef2-7d46-4cda-b695-cae1b893f75f:c1376]
2019-08-20 16:03:52,089 | INFO  | DNAudit | user=null | ip=null | op=WRITE_CHUNK {blockData=conID: 3 locID: 102650152704803261 bcsId: 1374} | ret=SUCCESS |  
2019-08-20 16:03:52,089 | INFO  | DNAudit | user=null | ip=null | op=WRITE_CHUNK {blockData=conID: 3 locID: 102650152704803261 bcsId: 1374} | ret=SUCCESS |  
2019-08-20 16:03:52,090 | INFO  | DNAudit | user=null | ip=null | op=PUT_BLOCK {blockData=[blockId=conID: 3 locID: 102650152704803261 bcsId: 0,size=4194304]} | ret=SUCCESS |  
2019-08-20 16:03:52,090 | INFO  | DNAudit | user=null | ip=null | op=PUT_BLOCK {blockData=[blockId=conID: 3 locID: 102650152704803261 bcsId: 0,size=4194304]} | ret=SUCCESS |  
2019-08-20 16:03:52,090 [grpc-default-executor-6] INFO  client.GrpcClientProtocolClient (GrpcClientProtocolClient.java:onNext(255)) - client-EAA342753240->9a4a4c23-9ff3-4ce3-a619-2c71c0869997: receive RaftClientReply:client-EAA342753240->9a4a4c23-9ff3-4ce3-a619-2c71c0869997@group-EC4211DF0353, cid=1030, SUCCESS, logIndex=0, commits[9a4a4c23-9ff3-4ce3-a619-2c71c0869997:c1380, 9b0072ab-15b3-4973-9bcb-7fa02f6bfea9:c1378, 9f215ef2-7d46-4cda-b695-cae1b893f75f:c1378]
2019-08-20 16:03:52,099 | INFO  | DNAudit | user=null | ip=null | op=WRITE_CHUNK {blockData=conID: 1 locID: 102650152704803262 bcsId: 0} | ret=SUCCESS |  
2019-08-20 16:03:52,101 | INFO  | DNAudit | user=null | ip=null | op=WRITE_CHUNK {blockData=conID: 1 locID: 102650152704803262 bcsId: 0} | ret=SUCCESS |  
2019-08-20 16:03:52,101 | INFO  | DNAudit | user=null | ip=null | op=WRITE_CHUNK {blockData=conID: 1 locID: 102650152704803262 bcsId: 0} | ret=SUCCESS |  
2019-08-20 16:03:52,103 | INFO  | DNAudit | user=null | ip=null | op=WRITE_CHUNK {blockData=conID: 1 locID: 102650152704803262 bcsId: 0} | ret=SUCCESS |  
2019-08-20 16:03:52,104 | INFO  | DNAudit | user=null | ip=null | op=WRITE_CHUNK {blockData=conID: 1 locID: 102650152704803262 bcsId: 0} | ret=SUCCESS |  
2019-08-20 16:03:52,105 | INFO  | DNAudit | user=null | ip=null | op=WRITE_CHUNK {blockData=conID: 1 locID: 102650152704803262 bcsId: 0} | ret=SUCCESS |  
2019-08-20 16:03:52,106 | INFO  | DNAudit | user=null | ip=null | op=WRITE_CHUNK {blockData=conID: 1 locID: 102650152704803262 bcsId: 0} | ret=SUCCESS |  
2019-08-20 16:03:52,107 | INFO  | DNAudit | user=null | ip=null | op=PUT_BLOCK {blockData=[blockId=conID: 1 locID: 102650152704803262 bcsId: 0,size=1048576]} | ret=SUCCESS |  
2019-08-20 16:03:52,107 [grpc-default-executor-3] INFO  client.GrpcClientProtocolClient (GrpcClientProtocolClient.java:onNext(255)) - client-EAA342753240->9a4a4c23-9ff3-4ce3-a619-2c71c0869997: receive RaftClientReply:client-EAA342753240->9a4a4c23-9ff3-4ce3-a619-2c71c0869997@group-EC4211DF0353, cid=1031, SUCCESS, logIndex=1381, commits[9a4a4c23-9ff3-4ce3-a619-2c71c0869997:c1382, 9b0072ab-15b3-4973-9bcb-7fa02f6bfea9:c1380, 9f215ef2-7d46-4cda-b695-cae1b893f75f:c1380]
2019-08-20 16:03:52,107 | INFO  | DNAudit | user=null | ip=null | op=WRITE_CHUNK {blockData=conID: 1 locID: 102650152704803262 bcsId: 0} | ret=SUCCESS |  
2019-08-20 16:03:52,107 [grpc-default-executor-5] INFO  client.GrpcClientProtocolClient (GrpcClientProtocolClient.java:onNext(255)) - client-EAA342753240->9a4a4c23-9ff3-4ce3-a619-2c71c0869997: receive RaftClientReply:client-EAA342753240->9a4a4c23-9ff3-4ce3-a619-2c71c0869997@group-EC4211DF0353, cid=1032, SUCCESS, logIndex=1382, commits[9a4a4c23-9ff3-4ce3-a619-2c71c0869997:c1382, 9b0072ab-15b3-4973-9bcb-7fa02f6bfea9:c1380, 9f215ef2-7d46-4cda-b695-cae1b893f75f:c1380]
2019-08-20 16:03:52,108 | INFO  | DNAudit | user=null | ip=null | op=PUT_BLOCK {blockData=[blockId=conID: 1 locID: 102650152704803262 bcsId: 0,size=2097152]} | ret=SUCCESS |  
2019-08-20 16:03:52,108 [grpc-default-executor-5] INFO  client.GrpcClientProtocolClient (GrpcClientProtocolClient.java:onNext(255)) - client-EAA342753240->9a4a4c23-9ff3-4ce3-a619-2c71c0869997: receive RaftClientReply:client-EAA342753240->9a4a4c23-9ff3-4ce3-a619-2c71c0869997@group-EC4211DF0353, cid=1033, SUCCESS, logIndex=1383, commits[9a4a4c23-9ff3-4ce3-a619-2c71c0869997:c1384, 9b0072ab-15b3-4973-9bcb-7fa02f6bfea9:c1380, 9f215ef2-7d46-4cda-b695-cae1b893f75f:c1380]
2019-08-20 16:03:52,108 | INFO  | DNAudit | user=null | ip=null | op=WRITE_CHUNK {blockData=conID: 1 locID: 102650152704803262 bcsId: 0} | ret=SUCCESS |  
2019-08-20 16:03:52,108 | INFO  | DNAudit | user=null | ip=null | op=PUT_BLOCK {blockData=[blockId=conID: 1 locID: 102650152704803262 bcsId: 0,size=1048576]} | ret=SUCCESS |  
2019-08-20 16:03:52,108 [grpc-default-executor-0] INFO  client.GrpcClientProtocolClient (GrpcClientProtocolClient.java:onNext(255)) - client-EAA342753240->9a4a4c23-9ff3-4ce3-a619-2c71c0869997: receive RaftClientReply:client-EAA342753240->9a4a4c23-9ff3-4ce3-a619-2c71c0869997@group-EC4211DF0353, cid=1034, SUCCESS, logIndex=1384, commits[9a4a4c23-9ff3-4ce3-a619-2c71c0869997:c1384, 9b0072ab-15b3-4973-9bcb-7fa02f6bfea9:c1380, 9f215ef2-7d46-4cda-b695-cae1b893f75f:c1380]
2019-08-20 16:03:52,109 | INFO  | DNAudit | user=null | ip=null | op=WRITE_CHUNK {blockData=conID: 1 locID: 102650152704803262 bcsId: 0} | ret=SUCCESS |  
2019-08-20 16:03:52,109 | INFO  | DNAudit | user=null | ip=null | op=PUT_BLOCK {blockData=[blockId=conID: 1 locID: 102650152704803262 bcsId: 0,size=1048576]} | ret=SUCCESS |  
2019-08-20 16:03:52,109 | INFO  | DNAudit | user=null | ip=null | op=WRITE_CHUNK {blockData=conID: 1 locID: 102650152704803262 bcsId: 0} | ret=SUCCESS |  
2019-08-20 16:03:52,109 | INFO  | SCMAudit | user=jenkins1000 | ip=192.168.69.96 | op=SEND_HEARTBEAT {datanodeUUID=f1afe498-2778-451e-a3e4-8199ec337a15, command=[]} | ret=SUCCESS |  
2019-08-20 16:03:52,110 | INFO  | DNAudit | user=null | ip=null | op=PUT_BLOCK {blockData=[blockId=conID: 1 locID: 102650152704803262 bcsId: 0,size=2097152]} | ret=SUCCESS |  
2019-08-20 16:03:52,110 | INFO  | DNAudit | user=null | ip=null | op=WRITE_CHUNK {blockData=conID: 1 locID: 102650152704803262 bcsId: 0} | ret=SUCCESS |  
2019-08-20 16:03:52,110 [grpc-default-executor-5] INFO  client.GrpcClientProtocolClient (GrpcClientProtocolClient.java:onNext(255)) - client-EAA342753240->9a4a4c23-9ff3-4ce3-a619-2c71c0869997: receive RaftClientReply:client-EAA342753240->9a4a4c23-9ff3-4ce3-a619-2c71c0869997@group-EC4211DF0353, cid=1035, SUCCESS, logIndex=0, commits[9a4a4c23-9ff3-4ce3-a619-2c71c0869997:c1386, 9b0072ab-15b3-4973-9bcb-7fa02f6bfea9:c1382, 9f215ef2-7d46-4cda-b695-cae1b893f75f:c1382]
2019-08-20 16:03:52,110 | INFO  | DNAudit | user=null | ip=null | op=PUT_BLOCK {blockData=[blockId=conID: 1 locID: 102650152704803262 bcsId: 0,size=2097152]} | ret=SUCCESS |  
2019-08-20 16:03:52,116 | INFO  | DNAudit | user=null | ip=null | op=WRITE_CHUNK {blockData=conID: 1 locID: 102650152704803262 bcsId: 1384} | ret=SUCCESS |  
2019-08-20 16:03:52,119 | INFO  | DNAudit | user=null | ip=null | op=WRITE_CHUNK {blockData=conID: 1 locID: 102650152704803262 bcsId: 1384} | ret=SUCCESS |  
2019-08-20 16:03:52,120 | INFO  | DNAudit | user=null | ip=null | op=WRITE_CHUNK {blockData=conID: 1 locID: 102650152704803262 bcsId: 1384} | ret=SUCCESS |  
2019-08-20 16:03:52,121 | INFO  | DNAudit | user=null | ip=null | op=WRITE_CHUNK {blockData=conID: 1 locID: 102650152704803262 bcsId: 1384} | ret=SUCCESS |  
2019-08-20 16:03:52,122 | INFO  | DNAudit | user=null | ip=null | op=PUT_BLOCK {blockData=[blockId=conID: 1 locID: 102650152704803262 bcsId: 0,size=3145728]} | ret=SUCCESS |  
2019-08-20 16:03:52,122 [grpc-default-executor-3] INFO  client.GrpcClientProtocolClient (GrpcClientProtocolClient.java:onNext(255)) - client-EAA342753240->9a4a4c23-9ff3-4ce3-a619-2c71c0869997: receive RaftClientReply:client-EAA342753240->9a4a4c23-9ff3-4ce3-a619-2c71c0869997@group-EC4211DF0353, cid=1036, SUCCESS, logIndex=1389, commits[9a4a4c23-9ff3-4ce3-a619-2c71c0869997:c1390, 9b0072ab-15b3-4973-9bcb-7fa02f6bfea9:c1388, 9f215ef2-7d46-4cda-b695-cae1b893f75f:c1388]
2019-08-20 16:03:52,122 [grpc-default-executor-3] INFO  client.GrpcClientProtocolClient (GrpcClientProtocolClient.java:onNext(255)) - client-EAA342753240->9a4a4c23-9ff3-4ce3-a619-2c71c0869997: receive RaftClientReply:client-EAA342753240->9a4a4c23-9ff3-4ce3-a619-2c71c0869997@group-EC4211DF0353, cid=1037, SUCCESS, logIndex=1390, commits[9a4a4c23-9ff3-4ce3-a619-2c71c0869997:c1390, 9b0072ab-15b3-4973-9bcb-7fa02f6bfea9:c1388, 9f215ef2-7d46-4cda-b695-cae1b893f75f:c1388]
2019-08-20 16:03:52,123 | INFO  | DNAudit | user=null | ip=null | op=WRITE_CHUNK {blockData=conID: 1 locID: 102650152704803262 bcsId: 1384} | ret=SUCCESS |  
2019-08-20 16:03:52,123 | INFO  | DNAudit | user=null | ip=null | op=WRITE_CHUNK {blockData=conID: 1 locID: 102650152704803262 bcsId: 1384} | ret=SUCCESS |  
2019-08-20 16:03:52,123 | INFO  | DNAudit | user=null | ip=null | op=PUT_BLOCK {blockData=[blockId=conID: 1 locID: 102650152704803262 bcsId: 0,size=3145728]} | ret=SUCCESS |  
2019-08-20 16:03:52,123 | INFO  | DNAudit | user=null | ip=null | op=PUT_BLOCK {blockData=[blockId=conID: 1 locID: 102650152704803262 bcsId: 0,size=3145728]} | ret=SUCCESS |  
2019-08-20 16:03:52,129 | INFO  | DNAudit | user=null | ip=null | op=WRITE_CHUNK {blockData=conID: 1 locID: 102650152704803262 bcsId: 1390} | ret=SUCCESS |  
2019-08-20 16:03:52,131 | INFO  | DNAudit | user=null | ip=null | op=WRITE_CHUNK {blockData=conID: 1 locID: 102650152704803262 bcsId: 1390} | ret=SUCCESS |  
2019-08-20 16:03:52,131 | INFO  | DNAudit | user=null | ip=null | op=WRITE_CHUNK {blockData=conID: 1 locID: 102650152704803262 bcsId: 1390} | ret=SUCCESS |  
2019-08-20 16:03:52,137 | INFO  | DNAudit | user=null | ip=null | op=WRITE_CHUNK {blockData=conID: 1 locID: 102650152704803262 bcsId: 1390} | ret=SUCCESS |  
2019-08-20 16:03:52,138 | INFO  | DNAudit | user=null | ip=null | op=PUT_BLOCK {blockData=[blockId=conID: 1 locID: 102650152704803262 bcsId: 0,size=4194304]} | ret=SUCCESS |  
2019-08-20 16:03:52,138 [grpc-default-executor-3] INFO  client.GrpcClientProtocolClient (GrpcClientProtocolClient.java:onNext(255)) - client-EAA342753240->9a4a4c23-9ff3-4ce3-a619-2c71c0869997: receive RaftClientReply:client-EAA342753240->9a4a4c23-9ff3-4ce3-a619-2c71c0869997@group-EC4211DF0353, cid=1038, SUCCESS, logIndex=1393, commits[9a4a4c23-9ff3-4ce3-a619-2c71c0869997:c1394, 9b0072ab-15b3-4973-9bcb-7fa02f6bfea9:c1391, 9f215ef2-7d46-4cda-b695-cae1b893f75f:c1390]
2019-08-20 16:03:52,138 [grpc-default-executor-3] INFO  client.GrpcClientProtocolClient (GrpcClientProtocolClient.java:onNext(255)) - client-EAA342753240->9a4a4c23-9ff3-4ce3-a619-2c71c0869997: receive RaftClientReply:client-EAA342753240->9a4a4c23-9ff3-4ce3-a619-2c71c0869997@group-EC4211DF0353, cid=1039, SUCCESS, logIndex=1394, commits[9a4a4c23-9ff3-4ce3-a619-2c71c0869997:c1394, 9b0072ab-15b3-4973-9bcb-7fa02f6bfea9:c1391, 9f215ef2-7d46-4cda-b695-cae1b893f75f:c1391]
2019-08-20 16:03:52,139 | INFO  | DNAudit | user=null | ip=null | op=WRITE_CHUNK {blockData=conID: 1 locID: 102650152704803262 bcsId: 1390} | ret=SUCCESS |  
2019-08-20 16:03:52,139 | INFO  | DNAudit | user=null | ip=null | op=WRITE_CHUNK {blockData=conID: 1 locID: 102650152704803262 bcsId: 1390} | ret=SUCCESS |  
2019-08-20 16:03:52,139 | INFO  | DNAudit | user=null | ip=null | op=PUT_BLOCK {blockData=[blockId=conID: 1 locID: 102650152704803262 bcsId: 0,size=4194304]} | ret=SUCCESS |  
2019-08-20 16:03:52,139 | INFO  | DNAudit | user=null | ip=null | op=PUT_BLOCK {blockData=[blockId=conID: 1 locID: 102650152704803262 bcsId: 0,size=4194304]} | ret=SUCCESS |  
2019-08-20 16:03:52,140 [grpc-default-executor-3] INFO  client.GrpcClientProtocolClient (GrpcClientProtocolClient.java:onNext(255)) - client-EAA342753240->9a4a4c23-9ff3-4ce3-a619-2c71c0869997: receive RaftClientReply:client-EAA342753240->9a4a4c23-9ff3-4ce3-a619-2c71c0869997@group-EC4211DF0353, cid=1040, SUCCESS, logIndex=0, commits[9a4a4c23-9ff3-4ce3-a619-2c71c0869997:c1395, 9b0072ab-15b3-4973-9bcb-7fa02f6bfea9:c1394, 9f215ef2-7d46-4cda-b695-cae1b893f75f:c1394]
2019-08-20 16:03:52,147 | INFO  | DNAudit | user=null | ip=null | op=WRITE_CHUNK {blockData=conID: 2 locID: 102650152704803263 bcsId: 0} | ret=SUCCESS |  
2019-08-20 16:03:52,149 | INFO  | DNAudit | user=null | ip=null | op=WRITE_CHUNK {blockData=conID: 2 locID: 102650152704803263 bcsId: 0} | ret=SUCCESS |  
2019-08-20 16:03:52,150 | INFO  | DNAudit | user=null | ip=null | op=WRITE_CHUNK {blockData=conID: 2 locID: 102650152704803263 bcsId: 0} | ret=SUCCESS |  
2019-08-20 16:03:52,150 | INFO  | DNAudit | user=null | ip=null | op=WRITE_CHUNK {blockData=conID: 2 locID: 102650152704803263 bcsId: 0} | ret=SUCCESS |  
2019-08-20 16:03:52,152 | INFO  | DNAudit | user=null | ip=null | op=WRITE_CHUNK {blockData=conID: 2 locID: 102650152704803263 bcsId: 0} | ret=SUCCESS |  
2019-08-20 16:03:52,153 | INFO  | DNAudit | user=null | ip=null | op=WRITE_CHUNK {blockData=conID: 2 locID: 102650152704803263 bcsId: 0} | ret=SUCCESS |  
2019-08-20 16:03:52,156 | INFO  | DNAudit | user=null | ip=null | op=WRITE_CHUNK {blockData=conID: 2 locID: 102650152704803263 bcsId: 0} | ret=SUCCESS |  
2019-08-20 16:03:52,157 | INFO  | DNAudit | user=null | ip=null | op=PUT_BLOCK {blockData=[blockId=conID: 2 locID: 102650152704803263 bcsId: 0,size=1048576]} | ret=SUCCESS |  
2019-08-20 16:03:52,157 [grpc-default-executor-5] INFO  client.GrpcClientProtocolClient (GrpcClientProtocolClient.java:onNext(255)) - client-EAA342753240->9a4a4c23-9ff3-4ce3-a619-2c71c0869997: receive RaftClientReply:client-EAA342753240->9a4a4c23-9ff3-4ce3-a619-2c71c0869997@group-EC4211DF0353, cid=1041, SUCCESS, logIndex=1397, commits[9a4a4c23-9ff3-4ce3-a619-2c71c0869997:c1398, 9b0072ab-15b3-4973-9bcb-7fa02f6bfea9:c1396, 9f215ef2-7d46-4cda-b695-cae1b893f75f:c1396]
2019-08-20 16:03:52,157 | INFO  | DNAudit | user=null | ip=null | op=WRITE_CHUNK {blockData=conID: 2 locID: 102650152704803263 bcsId: 0} | ret=SUCCESS |  
2019-08-20 16:03:52,157 [grpc-default-executor-5] INFO  client.GrpcClientProtocolClient (GrpcClientProtocolClient.java:onNext(255)) - client-EAA342753240->9a4a4c23-9ff3-4ce3-a619-2c71c0869997: receive RaftClientReply:client-EAA342753240->9a4a4c23-9ff3-4ce3-a619-2c71c0869997@group-EC4211DF0353, cid=1042, SUCCESS, logIndex=1398, commits[9a4a4c23-9ff3-4ce3-a619-2c71c0869997:c1398, 9b0072ab-15b3-4973-9bcb-7fa02f6bfea9:c1396, 9f215ef2-7d46-4cda-b695-cae1b893f75f:c1396]
2019-08-20 16:03:52,158 | INFO  | DNAudit | user=null | ip=null | op=PUT_BLOCK {blockData=[blockId=conID: 2 locID: 102650152704803263 bcsId: 0,size=2097152]} | ret=SUCCESS |  
2019-08-20 16:03:52,158 | INFO  | DNAudit | user=null | ip=null | op=WRITE_CHUNK {blockData=conID: 2 locID: 102650152704803263 bcsId: 0} | ret=SUCCESS |  
2019-08-20 16:03:52,158 [grpc-default-executor-5] INFO  client.GrpcClientProtocolClient (GrpcClientProtocolClient.java:onNext(255)) - client-EAA342753240->9a4a4c23-9ff3-4ce3-a619-2c71c0869997: receive RaftClientReply:client-EAA342753240->9a4a4c23-9ff3-4ce3-a619-2c71c0869997@group-EC4211DF0353, cid=1043, SUCCESS, logIndex=1399, commits[9a4a4c23-9ff3-4ce3-a619-2c71c0869997:c1400, 9b0072ab-15b3-4973-9bcb-7fa02f6bfea9:c1396, 9f215ef2-7d46-4cda-b695-cae1b893f75f:c1396]
2019-08-20 16:03:52,158 | INFO  | DNAudit | user=null | ip=null | op=PUT_BLOCK {blockData=[blockId=conID: 2 locID: 102650152704803263 bcsId: 0,size=1048576]} | ret=SUCCESS |  
2019-08-20 16:03:52,158 [grpc-default-executor-5] INFO  client.GrpcClientProtocolClient (GrpcClientProtocolClient.java:onNext(255)) - client-EAA342753240->9a4a4c23-9ff3-4ce3-a619-2c71c0869997: receive RaftClientReply:client-EAA342753240->9a4a4c23-9ff3-4ce3-a619-2c71c0869997@group-EC4211DF0353, cid=1044, SUCCESS, logIndex=1400, commits[9a4a4c23-9ff3-4ce3-a619-2c71c0869997:c1400, 9b0072ab-15b3-4973-9bcb-7fa02f6bfea9:c1396, 9f215ef2-7d46-4cda-b695-cae1b893f75f:c1396]
2019-08-20 16:03:52,159 | INFO  | DNAudit | user=null | ip=null | op=WRITE_CHUNK {blockData=conID: 2 locID: 102650152704803263 bcsId: 0} | ret=SUCCESS |  
2019-08-20 16:03:52,159 | INFO  | DNAudit | user=null | ip=null | op=PUT_BLOCK {blockData=[blockId=conID: 2 locID: 102650152704803263 bcsId: 0,size=1048576]} | ret=SUCCESS |  
2019-08-20 16:03:52,159 | INFO  | DNAudit | user=null | ip=null | op=WRITE_CHUNK {blockData=conID: 2 locID: 102650152704803263 bcsId: 0} | ret=SUCCESS |  
2019-08-20 16:03:52,159 | INFO  | DNAudit | user=null | ip=null | op=PUT_BLOCK {blockData=[blockId=conID: 2 locID: 102650152704803263 bcsId: 0,size=2097152]} | ret=SUCCESS |  
2019-08-20 16:03:52,159 [grpc-default-executor-5] INFO  client.GrpcClientProtocolClient (GrpcClientProtocolClient.java:onNext(255)) - client-EAA342753240->9a4a4c23-9ff3-4ce3-a619-2c71c0869997: receive RaftClientReply:client-EAA342753240->9a4a4c23-9ff3-4ce3-a619-2c71c0869997@group-EC4211DF0353, cid=1045, SUCCESS, logIndex=0, commits[9a4a4c23-9ff3-4ce3-a619-2c71c0869997:c1402, 9b0072ab-15b3-4973-9bcb-7fa02f6bfea9:c1398, 9f215ef2-7d46-4cda-b695-cae1b893f75f:c1398]
2019-08-20 16:03:52,160 | INFO  | DNAudit | user=null | ip=null | op=WRITE_CHUNK {blockData=conID: 2 locID: 102650152704803263 bcsId: 0} | ret=SUCCESS |  
2019-08-20 16:03:52,160 | INFO  | DNAudit | user=null | ip=null | op=PUT_BLOCK {blockData=[blockId=conID: 2 locID: 102650152704803263 bcsId: 0,size=2097152]} | ret=SUCCESS |  
2019-08-20 16:03:52,167 | INFO  | DNAudit | user=null | ip=null | op=WRITE_CHUNK {blockData=conID: 2 locID: 102650152704803263 bcsId: 1400} | ret=SUCCESS |  
2019-08-20 16:03:52,168 | INFO  | DNAudit | user=null | ip=null | op=WRITE_CHUNK {blockData=conID: 2 locID: 102650152704803263 bcsId: 1400} | ret=SUCCESS |  
2019-08-20 16:03:52,169 | INFO  | DNAudit | user=null | ip=null | op=WRITE_CHUNK {blockData=conID: 2 locID: 102650152704803263 bcsId: 1400} | ret=SUCCESS |  
2019-08-20 16:03:52,172 | INFO  | DNAudit | user=null | ip=null | op=WRITE_CHUNK {blockData=conID: 2 locID: 102650152704803263 bcsId: 1400} | ret=SUCCESS |  
2019-08-20 16:03:52,172 | INFO  | DNAudit | user=null | ip=null | op=PUT_BLOCK {blockData=[blockId=conID: 2 locID: 102650152704803263 bcsId: 0,size=3145728]} | ret=SUCCESS |  
2019-08-20 16:03:52,172 [grpc-default-executor-6] INFO  client.GrpcClientProtocolClient (GrpcClientProtocolClient.java:onNext(255)) - client-EAA342753240->9a4a4c23-9ff3-4ce3-a619-2c71c0869997: receive RaftClientReply:client-EAA342753240->9a4a4c23-9ff3-4ce3-a619-2c71c0869997@group-EC4211DF0353, cid=1046, SUCCESS, logIndex=1405, commits[9a4a4c23-9ff3-4ce3-a619-2c71c0869997:c1406, 9b0072ab-15b3-4973-9bcb-7fa02f6bfea9:c1404, 9f215ef2-7d46-4cda-b695-cae1b893f75f:c1404]
2019-08-20 16:03:52,173 [grpc-default-executor-6] INFO  client.GrpcClientProtocolClient (GrpcClientProtocolClient.java:onNext(255)) - client-EAA342753240->9a4a4c23-9ff3-4ce3-a619-2c71c0869997: receive RaftClientReply:client-EAA342753240->9a4a4c23-9ff3-4ce3-a619-2c71c0869997@group-EC4211DF0353, cid=1047, SUCCESS, logIndex=1406, commits[9a4a4c23-9ff3-4ce3-a619-2c71c0869997:c1406, 9b0072ab-15b3-4973-9bcb-7fa02f6bfea9:c1404, 9f215ef2-7d46-4cda-b695-cae1b893f75f:c1404]
2019-08-20 16:03:52,179 | INFO  | DNAudit | user=null | ip=null | op=WRITE_CHUNK {blockData=conID: 2 locID: 102650152704803263 bcsId: 1406} | ret=SUCCESS |  
2019-08-20 16:03:52,182 | INFO  | DNAudit | user=null | ip=null | op=WRITE_CHUNK {blockData=conID: 2 locID: 102650152704803263 bcsId: 1406} | ret=SUCCESS |  
2019-08-20 16:03:52,182 | INFO  | DNAudit | user=null | ip=null | op=WRITE_CHUNK {blockData=conID: 2 locID: 102650152704803263 bcsId: 1406} | ret=SUCCESS |  
2019-08-20 16:03:52,183 | INFO  | DNAudit | user=null | ip=null | op=WRITE_CHUNK {blockData=conID: 2 locID: 102650152704803263 bcsId: 1400} | ret=SUCCESS |  
2019-08-20 16:03:52,184 | INFO  | DNAudit | user=null | ip=null | op=WRITE_CHUNK {blockData=conID: 2 locID: 102650152704803263 bcsId: 1400} | ret=SUCCESS |  
2019-08-20 16:03:52,184 | INFO  | DNAudit | user=null | ip=null | op=PUT_BLOCK {blockData=[blockId=conID: 2 locID: 102650152704803263 bcsId: 0,size=3145728]} | ret=SUCCESS |  
2019-08-20 16:03:52,184 | INFO  | DNAudit | user=null | ip=null | op=PUT_BLOCK {blockData=[blockId=conID: 2 locID: 102650152704803263 bcsId: 0,size=3145728]} | ret=SUCCESS |  
2019-08-20 16:03:52,185 | INFO  | DNAudit | user=null | ip=null | op=WRITE_CHUNK {blockData=conID: 2 locID: 102650152704803263 bcsId: 1406} | ret=SUCCESS |  
2019-08-20 16:03:52,186 | INFO  | DNAudit | user=null | ip=null | op=PUT_BLOCK {blockData=[blockId=conID: 2 locID: 102650152704803263 bcsId: 0,size=4194304]} | ret=SUCCESS |  
2019-08-20 16:03:52,186 [grpc-default-executor-5] INFO  client.GrpcClientProtocolClient (GrpcClientProtocolClient.java:onNext(255)) - client-EAA342753240->9a4a4c23-9ff3-4ce3-a619-2c71c0869997: receive RaftClientReply:client-EAA342753240->9a4a4c23-9ff3-4ce3-a619-2c71c0869997@group-EC4211DF0353, cid=1048, SUCCESS, logIndex=1409, commits[9a4a4c23-9ff3-4ce3-a619-2c71c0869997:c1410, 9b0072ab-15b3-4973-9bcb-7fa02f6bfea9:c1406, 9f215ef2-7d46-4cda-b695-cae1b893f75f:c1406]
2019-08-20 16:03:52,186 [grpc-default-executor-5] INFO  client.GrpcClientProtocolClient (GrpcClientProtocolClient.java:onNext(255)) - client-EAA342753240->9a4a4c23-9ff3-4ce3-a619-2c71c0869997: receive RaftClientReply:client-EAA342753240->9a4a4c23-9ff3-4ce3-a619-2c71c0869997@group-EC4211DF0353, cid=1049, SUCCESS, logIndex=1410, commits[9a4a4c23-9ff3-4ce3-a619-2c71c0869997:c1410, 9b0072ab-15b3-4973-9bcb-7fa02f6bfea9:c1406, 9f215ef2-7d46-4cda-b695-cae1b893f75f:c1406]
2019-08-20 16:03:52,187 | INFO  | DNAudit | user=null | ip=null | op=WRITE_CHUNK {blockData=conID: 2 locID: 102650152704803263 bcsId: 1406} | ret=SUCCESS |  
2019-08-20 16:03:52,187 | INFO  | DNAudit | user=null | ip=null | op=WRITE_CHUNK {blockData=conID: 2 locID: 102650152704803263 bcsId: 1406} | ret=SUCCESS |  
2019-08-20 16:03:52,189 | INFO  | DNAudit | user=null | ip=null | op=PUT_BLOCK {blockData=[blockId=conID: 2 locID: 102650152704803263 bcsId: 0,size=4194304]} | ret=SUCCESS |  
2019-08-20 16:03:52,189 | INFO  | DNAudit | user=null | ip=null | op=PUT_BLOCK {blockData=[blockId=conID: 2 locID: 102650152704803263 bcsId: 0,size=4194304]} | ret=SUCCESS |  
2019-08-20 16:03:52,189 [grpc-default-executor-6] INFO  client.GrpcClientProtocolClient (GrpcClientProtocolClient.java:onNext(255)) - client-EAA342753240->9a4a4c23-9ff3-4ce3-a619-2c71c0869997: receive RaftClientReply:client-EAA342753240->9a4a4c23-9ff3-4ce3-a619-2c71c0869997@group-EC4211DF0353, cid=1050, SUCCESS, logIndex=0, commits[9a4a4c23-9ff3-4ce3-a619-2c71c0869997:c1412, 9b0072ab-15b3-4973-9bcb-7fa02f6bfea9:c1410, 9f215ef2-7d46-4cda-b695-cae1b893f75f:c1410]
2019-08-20 16:03:52,196 | INFO  | DNAudit | user=null | ip=null | op=WRITE_CHUNK {blockData=conID: 3 locID: 102650152704803264 bcsId: 0} | ret=SUCCESS |  
2019-08-20 16:03:52,200 | INFO  | DNAudit | user=null | ip=null | op=WRITE_CHUNK {blockData=conID: 3 locID: 102650152704803264 bcsId: 0} | ret=SUCCESS |  
2019-08-20 16:03:52,200 | INFO  | DNAudit | user=null | ip=null | op=WRITE_CHUNK {blockData=conID: 3 locID: 102650152704803264 bcsId: 0} | ret=SUCCESS |  
2019-08-20 16:03:52,203 | INFO  | DNAudit | user=null | ip=null | op=WRITE_CHUNK {blockData=conID: 3 locID: 102650152704803264 bcsId: 0} | ret=SUCCESS |  
2019-08-20 16:03:52,203 | INFO  | DNAudit | user=null | ip=null | op=WRITE_CHUNK {blockData=conID: 3 locID: 102650152704803264 bcsId: 0} | ret=SUCCESS |  
2019-08-20 16:03:52,203 | INFO  | DNAudit | user=null | ip=null | op=WRITE_CHUNK {blockData=conID: 3 locID: 102650152704803264 bcsId: 0} | ret=SUCCESS |  
2019-08-20 16:03:52,209 | INFO  | DNAudit | user=null | ip=null | op=WRITE_CHUNK {blockData=conID: 3 locID: 102650152704803264 bcsId: 0} | ret=SUCCESS |  
2019-08-20 16:03:52,210 | INFO  | DNAudit | user=null | ip=null | op=PUT_BLOCK {blockData=[blockId=conID: 3 locID: 102650152704803264 bcsId: 0,size=1048576]} | ret=SUCCESS |  
2019-08-20 16:03:52,210 [grpc-default-executor-0] INFO  client.GrpcClientProtocolClient (GrpcClientProtocolClient.java:onNext(255)) - client-EAA342753240->9a4a4c23-9ff3-4ce3-a619-2c71c0869997: receive RaftClientReply:client-EAA342753240->9a4a4c23-9ff3-4ce3-a619-2c71c0869997@group-EC4211DF0353, cid=1051, SUCCESS, logIndex=1413, commits[9a4a4c23-9ff3-4ce3-a619-2c71c0869997:c1416, 9b0072ab-15b3-4973-9bcb-7fa02f6bfea9:c1412, 9f215ef2-7d46-4cda-b695-cae1b893f75f:c1412]
2019-08-20 16:03:52,210 | INFO  | DNAudit | user=null | ip=null | op=WRITE_CHUNK {blockData=conID: 3 locID: 102650152704803264 bcsId: 0} | ret=SUCCESS |  
2019-08-20 16:03:52,211 [grpc-default-executor-0] INFO  client.GrpcClientProtocolClient (GrpcClientProtocolClient.java:onNext(255)) - client-EAA342753240->9a4a4c23-9ff3-4ce3-a619-2c71c0869997: receive RaftClientReply:client-EAA342753240->9a4a4c23-9ff3-4ce3-a619-2c71c0869997@group-EC4211DF0353, cid=1052, SUCCESS, logIndex=1414, commits[9a4a4c23-9ff3-4ce3-a619-2c71c0869997:c1416, 9b0072ab-15b3-4973-9bcb-7fa02f6bfea9:c1412, 9f215ef2-7d46-4cda-b695-cae1b893f75f:c1412]
2019-08-20 16:03:52,211 | INFO  | DNAudit | user=null | ip=null | op=PUT_BLOCK {blockData=[blockId=conID: 3 locID: 102650152704803264 bcsId: 0,size=2097152]} | ret=SUCCESS |  
2019-08-20 16:03:52,211 | INFO  | DNAudit | user=null | ip=null | op=WRITE_CHUNK {blockData=conID: 3 locID: 102650152704803264 bcsId: 0} | ret=SUCCESS |  
2019-08-20 16:03:52,211 [grpc-default-executor-0] INFO  client.GrpcClientProtocolClient (GrpcClientProtocolClient.java:onNext(255)) - client-EAA342753240->9a4a4c23-9ff3-4ce3-a619-2c71c0869997: receive RaftClientReply:client-EAA342753240->9a4a4c23-9ff3-4ce3-a619-2c71c0869997@group-EC4211DF0353, cid=1053, SUCCESS, logIndex=1415, commits[9a4a4c23-9ff3-4ce3-a619-2c71c0869997:c1416, 9b0072ab-15b3-4973-9bcb-7fa02f6bfea9:c1412, 9f215ef2-7d46-4cda-b695-cae1b893f75f:c1412]
2019-08-20 16:03:52,211 | INFO  | DNAudit | user=null | ip=null | op=WRITE_CHUNK {blockData=conID: 3 locID: 102650152704803264 bcsId: 0} | ret=SUCCESS |  
2019-08-20 16:03:52,211 [grpc-default-executor-0] INFO  client.GrpcClientProtocolClient (GrpcClientProtocolClient.java:onNext(255)) - client-EAA342753240->9a4a4c23-9ff3-4ce3-a619-2c71c0869997: receive RaftClientReply:client-EAA342753240->9a4a4c23-9ff3-4ce3-a619-2c71c0869997@group-EC4211DF0353, cid=1054, SUCCESS, logIndex=1416, commits[9a4a4c23-9ff3-4ce3-a619-2c71c0869997:c1417, 9b0072ab-15b3-4973-9bcb-7fa02f6bfea9:c1413, 9f215ef2-7d46-4cda-b695-cae1b893f75f:c1412]
2019-08-20 16:03:52,212 | INFO  | DNAudit | user=null | ip=null | op=PUT_BLOCK {blockData=[blockId=conID: 3 locID: 102650152704803264 bcsId: 0,size=1048576]} | ret=SUCCESS |  
2019-08-20 16:03:52,212 | INFO  | DNAudit | user=null | ip=null | op=PUT_BLOCK {blockData=[blockId=conID: 3 locID: 102650152704803264 bcsId: 0,size=1048576]} | ret=SUCCESS |  
2019-08-20 16:03:52,212 | INFO  | DNAudit | user=null | ip=null | op=WRITE_CHUNK {blockData=conID: 3 locID: 102650152704803264 bcsId: 0} | ret=SUCCESS |  
2019-08-20 16:03:52,212 | INFO  | DNAudit | user=null | ip=null | op=PUT_BLOCK {blockData=[blockId=conID: 3 locID: 102650152704803264 bcsId: 0,size=2097152]} | ret=SUCCESS |  
2019-08-20 16:03:52,212 [grpc-default-executor-5] INFO  client.GrpcClientProtocolClient (GrpcClientProtocolClient.java:onNext(255)) - client-EAA342753240->9a4a4c23-9ff3-4ce3-a619-2c71c0869997: receive RaftClientReply:client-EAA342753240->9a4a4c23-9ff3-4ce3-a619-2c71c0869997@group-EC4211DF0353, cid=1055, SUCCESS, logIndex=0, commits[9a4a4c23-9ff3-4ce3-a619-2c71c0869997:c1417, 9b0072ab-15b3-4973-9bcb-7fa02f6bfea9:c1414, 9f215ef2-7d46-4cda-b695-cae1b893f75f:c1414]
2019-08-20 16:03:52,213 | INFO  | DNAudit | user=null | ip=null | op=WRITE_CHUNK {blockData=conID: 3 locID: 102650152704803264 bcsId: 0} | ret=SUCCESS |  
2019-08-20 16:03:52,213 | INFO  | DNAudit | user=null | ip=null | op=PUT_BLOCK {blockData=[blockId=conID: 3 locID: 102650152704803264 bcsId: 0,size=2097152]} | ret=SUCCESS |  
2019-08-20 16:03:52,219 | INFO  | DNAudit | user=null | ip=null | op=WRITE_CHUNK {blockData=conID: 3 locID: 102650152704803264 bcsId: 1416} | ret=SUCCESS |  
2019-08-20 16:03:52,222 | INFO  | DNAudit | user=null | ip=null | op=WRITE_CHUNK {blockData=conID: 3 locID: 102650152704803264 bcsId: 1416} | ret=SUCCESS |  
2019-08-20 16:03:52,223 | INFO  | DNAudit | user=null | ip=null | op=WRITE_CHUNK {blockData=conID: 3 locID: 102650152704803264 bcsId: 1416} | ret=SUCCESS |  
2019-08-20 16:03:52,232 | INFO  | DNAudit | user=null | ip=null | op=WRITE_CHUNK {blockData=conID: 3 locID: 102650152704803264 bcsId: 1416} | ret=SUCCESS |  
2019-08-20 16:03:52,232 | INFO  | DNAudit | user=null | ip=null | op=PUT_BLOCK {blockData=[blockId=conID: 3 locID: 102650152704803264 bcsId: 0,size=3145728]} | ret=SUCCESS |  
2019-08-20 16:03:52,232 [grpc-default-executor-5] INFO  client.GrpcClientProtocolClient (GrpcClientProtocolClient.java:onNext(255)) - client-EAA342753240->9a4a4c23-9ff3-4ce3-a619-2c71c0869997: receive RaftClientReply:client-EAA342753240->9a4a4c23-9ff3-4ce3-a619-2c71c0869997@group-EC4211DF0353, cid=1056, SUCCESS, logIndex=1420, commits[9a4a4c23-9ff3-4ce3-a619-2c71c0869997:c1421, 9b0072ab-15b3-4973-9bcb-7fa02f6bfea9:c1419, 9f215ef2-7d46-4cda-b695-cae1b893f75f:c1419]
2019-08-20 16:03:52,233 [grpc-default-executor-5] INFO  client.GrpcClientProtocolClient (GrpcClientProtocolClient.java:onNext(255)) - client-EAA342753240->9a4a4c23-9ff3-4ce3-a619-2c71c0869997: receive RaftClientReply:client-EAA342753240->9a4a4c23-9ff3-4ce3-a619-2c71c0869997@group-EC4211DF0353, cid=1057, SUCCESS, logIndex=1421, commits[9a4a4c23-9ff3-4ce3-a619-2c71c0869997:c1421, 9b0072ab-15b3-4973-9bcb-7fa02f6bfea9:c1419, 9f215ef2-7d46-4cda-b695-cae1b893f75f:c1419]
2019-08-20 16:03:52,240 | INFO  | DNAudit | user=null | ip=null | op=WRITE_CHUNK {blockData=conID: 3 locID: 102650152704803264 bcsId: 1421} | ret=SUCCESS |  
2019-08-20 16:03:52,242 | INFO  | DNAudit | user=null | ip=null | op=WRITE_CHUNK {blockData=conID: 3 locID: 102650152704803264 bcsId: 1421} | ret=SUCCESS |  
2019-08-20 16:03:52,242 | INFO  | DNAudit | user=null | ip=null | op=WRITE_CHUNK {blockData=conID: 3 locID: 102650152704803264 bcsId: 1421} | ret=SUCCESS |  
2019-08-20 16:03:52,243 | INFO  | DNAudit | user=null | ip=null | op=WRITE_CHUNK {blockData=conID: 3 locID: 102650152704803264 bcsId: 1416} | ret=SUCCESS |  
2019-08-20 16:03:52,243 | INFO  | DNAudit | user=null | ip=null | op=WRITE_CHUNK {blockData=conID: 3 locID: 102650152704803264 bcsId: 1416} | ret=SUCCESS |  
2019-08-20 16:03:52,244 | INFO  | DNAudit | user=null | ip=null | op=PUT_BLOCK {blockData=[blockId=conID: 3 locID: 102650152704803264 bcsId: 0,size=3145728]} | ret=SUCCESS |  
2019-08-20 16:03:52,244 | INFO  | DNAudit | user=null | ip=null | op=PUT_BLOCK {blockData=[blockId=conID: 3 locID: 102650152704803264 bcsId: 0,size=3145728]} | ret=SUCCESS |  
2019-08-20 16:03:52,245 | INFO  | DNAudit | user=null | ip=null | op=WRITE_CHUNK {blockData=conID: 3 locID: 102650152704803264 bcsId: 1421} | ret=SUCCESS |  
2019-08-20 16:03:52,245 | INFO  | DNAudit | user=null | ip=null | op=PUT_BLOCK {blockData=[blockId=conID: 3 locID: 102650152704803264 bcsId: 0,size=4194304]} | ret=SUCCESS |  
2019-08-20 16:03:52,245 [grpc-default-executor-6] INFO  client.GrpcClientProtocolClient (GrpcClientProtocolClient.java:onNext(255)) - client-EAA342753240->9a4a4c23-9ff3-4ce3-a619-2c71c0869997: receive RaftClientReply:client-EAA342753240->9a4a4c23-9ff3-4ce3-a619-2c71c0869997@group-EC4211DF0353, cid=1058, SUCCESS, logIndex=1424, commits[9a4a4c23-9ff3-4ce3-a619-2c71c0869997:c1425, 9b0072ab-15b3-4973-9bcb-7fa02f6bfea9:c1421, 9f215ef2-7d46-4cda-b695-cae1b893f75f:c1421]
2019-08-20 16:03:52,246 [grpc-default-executor-6] INFO  client.GrpcClientProtocolClient (GrpcClientProtocolClient.java:onNext(255)) - client-EAA342753240->9a4a4c23-9ff3-4ce3-a619-2c71c0869997: receive RaftClientReply:client-EAA342753240->9a4a4c23-9ff3-4ce3-a619-2c71c0869997@group-EC4211DF0353, cid=1059, SUCCESS, logIndex=1425, commits[9a4a4c23-9ff3-4ce3-a619-2c71c0869997:c1425, 9b0072ab-15b3-4973-9bcb-7fa02f6bfea9:c1421, 9f215ef2-7d46-4cda-b695-cae1b893f75f:c1421]
2019-08-20 16:03:52,247 | INFO  | DNAudit | user=null | ip=null | op=WRITE_CHUNK {blockData=conID: 3 locID: 102650152704803264 bcsId: 1421} | ret=SUCCESS |  
2019-08-20 16:03:52,247 | INFO  | DNAudit | user=null | ip=null | op=WRITE_CHUNK {blockData=conID: 3 locID: 102650152704803264 bcsId: 1421} | ret=SUCCESS |  
2019-08-20 16:03:52,248 | INFO  | DNAudit | user=null | ip=null | op=PUT_BLOCK {blockData=[blockId=conID: 3 locID: 102650152704803264 bcsId: 0,size=4194304]} | ret=SUCCESS |  
2019-08-20 16:03:52,248 | INFO  | DNAudit | user=null | ip=null | op=PUT_BLOCK {blockData=[blockId=conID: 3 locID: 102650152704803264 bcsId: 0,size=4194304]} | ret=SUCCESS |  
2019-08-20 16:03:52,249 [grpc-default-executor-6] INFO  client.GrpcClientProtocolClient (GrpcClientProtocolClient.java:onNext(255)) - client-EAA342753240->9a4a4c23-9ff3-4ce3-a619-2c71c0869997: receive RaftClientReply:client-EAA342753240->9a4a4c23-9ff3-4ce3-a619-2c71c0869997@group-EC4211DF0353, cid=1060, SUCCESS, logIndex=0, commits[9a4a4c23-9ff3-4ce3-a619-2c71c0869997:c1427, 9b0072ab-15b3-4973-9bcb-7fa02f6bfea9:c1425, 9f215ef2-7d46-4cda-b695-cae1b893f75f:c1425]
2019-08-20 16:03:52,255 | INFO  | DNAudit | user=null | ip=null | op=WRITE_CHUNK {blockData=conID: 1 locID: 102650152704803265 bcsId: 0} | ret=SUCCESS |  
2019-08-20 16:03:52,258 | INFO  | DNAudit | user=null | ip=null | op=WRITE_CHUNK {blockData=conID: 1 locID: 102650152704803265 bcsId: 0} | ret=SUCCESS |  
2019-08-20 16:03:52,258 | INFO  | DNAudit | user=null | ip=null | op=WRITE_CHUNK {blockData=conID: 1 locID: 102650152704803265 bcsId: 0} | ret=SUCCESS |  
2019-08-20 16:03:52,259 | INFO  | DNAudit | user=null | ip=null | op=WRITE_CHUNK {blockData=conID: 1 locID: 102650152704803265 bcsId: 0} | ret=SUCCESS |  
2019-08-20 16:03:52,260 | INFO  | DNAudit | user=null | ip=null | op=WRITE_CHUNK {blockData=conID: 1 locID: 102650152704803265 bcsId: 0} | ret=SUCCESS |  
2019-08-20 16:03:52,260 | INFO  | DNAudit | user=null | ip=null | op=WRITE_CHUNK {blockData=conID: 1 locID: 102650152704803265 bcsId: 0} | ret=SUCCESS |  
2019-08-20 16:03:52,260 | INFO  | DNAudit | user=null | ip=null | op=PUT_BLOCK {blockData=[blockId=conID: 1 locID: 102650152704803265 bcsId: 0,size=1048576]} | ret=SUCCESS |  
2019-08-20 16:03:52,260 | INFO  | DNAudit | user=null | ip=null | op=WRITE_CHUNK {blockData=conID: 1 locID: 102650152704803265 bcsId: 0} | ret=SUCCESS |  
2019-08-20 16:03:52,260 [grpc-default-executor-0] INFO  client.GrpcClientProtocolClient (GrpcClientProtocolClient.java:onNext(255)) - client-EAA342753240->9a4a4c23-9ff3-4ce3-a619-2c71c0869997: receive RaftClientReply:client-EAA342753240->9a4a4c23-9ff3-4ce3-a619-2c71c0869997@group-EC4211DF0353, cid=1061, SUCCESS, logIndex=1428, commits[9a4a4c23-9ff3-4ce3-a619-2c71c0869997:c1429, 9b0072ab-15b3-4973-9bcb-7fa02f6bfea9:c1427, 9f215ef2-7d46-4cda-b695-cae1b893f75f:c1425]
2019-08-20 16:03:52,261 [grpc-default-executor-0] INFO  client.GrpcClientProtocolClient (GrpcClientProtocolClient.java:onNext(255)) - client-EAA342753240->9a4a4c23-9ff3-4ce3-a619-2c71c0869997: receive RaftClientReply:client-EAA342753240->9a4a4c23-9ff3-4ce3-a619-2c71c0869997@group-EC4211DF0353, cid=1062, SUCCESS, logIndex=1429, commits[9a4a4c23-9ff3-4ce3-a619-2c71c0869997:c1429, 9b0072ab-15b3-4973-9bcb-7fa02f6bfea9:c1427, 9f215ef2-7d46-4cda-b695-cae1b893f75f:c1425]
2019-08-20 16:03:52,262 | INFO  | DNAudit | user=null | ip=null | op=WRITE_CHUNK {blockData=conID: 1 locID: 102650152704803265 bcsId: 0} | ret=SUCCESS |  
2019-08-20 16:03:52,262 | INFO  | DNAudit | user=null | ip=null | op=WRITE_CHUNK {blockData=conID: 1 locID: 102650152704803265 bcsId: 0} | ret=SUCCESS |  
2019-08-20 16:03:52,262 | INFO  | DNAudit | user=null | ip=null | op=PUT_BLOCK {blockData=[blockId=conID: 1 locID: 102650152704803265 bcsId: 0,size=1048576]} | ret=SUCCESS |  
2019-08-20 16:03:52,262 | INFO  | DNAudit | user=null | ip=null | op=PUT_BLOCK {blockData=[blockId=conID: 1 locID: 102650152704803265 bcsId: 0,size=2097152]} | ret=SUCCESS |  
2019-08-20 16:03:52,262 [grpc-default-executor-5] INFO  client.GrpcClientProtocolClient (GrpcClientProtocolClient.java:onNext(255)) - client-EAA342753240->9a4a4c23-9ff3-4ce3-a619-2c71c0869997: receive RaftClientReply:client-EAA342753240->9a4a4c23-9ff3-4ce3-a619-2c71c0869997@group-EC4211DF0353, cid=1063, SUCCESS, logIndex=1430, commits[9a4a4c23-9ff3-4ce3-a619-2c71c0869997:c1432, 9b0072ab-15b3-4973-9bcb-7fa02f6bfea9:c1429, 9f215ef2-7d46-4cda-b695-cae1b893f75f:c1425]
2019-08-20 16:03:52,263 | INFO  | DNAudit | user=null | ip=null | op=WRITE_CHUNK {blockData=conID: 1 locID: 102650152704803265 bcsId: 0} | ret=SUCCESS |  
2019-08-20 16:03:52,263 | INFO  | DNAudit | user=null | ip=null | op=PUT_BLOCK {blockData=[blockId=conID: 1 locID: 102650152704803265 bcsId: 0,size=1048576]} | ret=SUCCESS |  
2019-08-20 16:03:52,263 [grpc-default-executor-5] INFO  client.GrpcClientProtocolClient (GrpcClientProtocolClient.java:onNext(255)) - client-EAA342753240->9a4a4c23-9ff3-4ce3-a619-2c71c0869997: receive RaftClientReply:client-EAA342753240->9a4a4c23-9ff3-4ce3-a619-2c71c0869997@group-EC4211DF0353, cid=1064, SUCCESS, logIndex=1431, commits[9a4a4c23-9ff3-4ce3-a619-2c71c0869997:c1432, 9b0072ab-15b3-4973-9bcb-7fa02f6bfea9:c1429, 9f215ef2-7d46-4cda-b695-cae1b893f75f:c1427]
2019-08-20 16:03:52,264 [grpc-default-executor-5] INFO  client.GrpcClientProtocolClient (GrpcClientProtocolClient.java:onNext(255)) - client-EAA342753240->9a4a4c23-9ff3-4ce3-a619-2c71c0869997: receive RaftClientReply:client-EAA342753240->9a4a4c23-9ff3-4ce3-a619-2c71c0869997@group-EC4211DF0353, cid=1065, SUCCESS, logIndex=0, commits[9a4a4c23-9ff3-4ce3-a619-2c71c0869997:c1433, 9b0072ab-15b3-4973-9bcb-7fa02f6bfea9:c1429, 9f215ef2-7d46-4cda-b695-cae1b893f75f:c1429]
2019-08-20 16:03:52,264 | INFO  | DNAudit | user=null | ip=null | op=WRITE_CHUNK {blockData=conID: 1 locID: 102650152704803265 bcsId: 0} | ret=SUCCESS |  
2019-08-20 16:03:52,264 | INFO  | DNAudit | user=null | ip=null | op=WRITE_CHUNK {blockData=conID: 1 locID: 102650152704803265 bcsId: 0} | ret=SUCCESS |  
2019-08-20 16:03:52,265 | INFO  | DNAudit | user=null | ip=null | op=PUT_BLOCK {blockData=[blockId=conID: 1 locID: 102650152704803265 bcsId: 0,size=2097152]} | ret=SUCCESS |  
2019-08-20 16:03:52,265 | INFO  | DNAudit | user=null | ip=null | op=PUT_BLOCK {blockData=[blockId=conID: 1 locID: 102650152704803265 bcsId: 0,size=2097152]} | ret=SUCCESS |  
2019-08-20 16:03:52,271 | INFO  | DNAudit | user=null | ip=null | op=WRITE_CHUNK {blockData=conID: 1 locID: 102650152704803265 bcsId: 1431} | ret=SUCCESS |  
2019-08-20 16:03:52,273 | INFO  | DNAudit | user=null | ip=null | op=WRITE_CHUNK {blockData=conID: 1 locID: 102650152704803265 bcsId: 1431} | ret=SUCCESS |  
2019-08-20 16:03:52,273 | INFO  | DNAudit | user=null | ip=null | op=WRITE_CHUNK {blockData=conID: 1 locID: 102650152704803265 bcsId: 1431} | ret=SUCCESS |  
2019-08-20 16:03:52,274 | INFO  | DNAudit | user=null | ip=null | op=WRITE_CHUNK {blockData=conID: 1 locID: 102650152704803265 bcsId: 1431} | ret=SUCCESS |  
2019-08-20 16:03:52,275 | INFO  | DNAudit | user=null | ip=null | op=PUT_BLOCK {blockData=[blockId=conID: 1 locID: 102650152704803265 bcsId: 0,size=3145728]} | ret=SUCCESS |  
2019-08-20 16:03:52,275 [grpc-default-executor-5] INFO  client.GrpcClientProtocolClient (GrpcClientProtocolClient.java:onNext(255)) - client-EAA342753240->9a4a4c23-9ff3-4ce3-a619-2c71c0869997: receive RaftClientReply:client-EAA342753240->9a4a4c23-9ff3-4ce3-a619-2c71c0869997@group-EC4211DF0353, cid=1066, SUCCESS, logIndex=1436, commits[9a4a4c23-9ff3-4ce3-a619-2c71c0869997:c1437, 9b0072ab-15b3-4973-9bcb-7fa02f6bfea9:c1435, 9f215ef2-7d46-4cda-b695-cae1b893f75f:c1432]
2019-08-20 16:03:52,275 [grpc-default-executor-5] INFO  client.GrpcClientProtocolClient (GrpcClientProtocolClient.java:onNext(255)) - client-EAA342753240->9a4a4c23-9ff3-4ce3-a619-2c71c0869997: receive RaftClientReply:client-EAA342753240->9a4a4c23-9ff3-4ce3-a619-2c71c0869997@group-EC4211DF0353, cid=1067, SUCCESS, logIndex=1437, commits[9a4a4c23-9ff3-4ce3-a619-2c71c0869997:c1437, 9b0072ab-15b3-4973-9bcb-7fa02f6bfea9:c1435, 9f215ef2-7d46-4cda-b695-cae1b893f75f:c1435]
2019-08-20 16:03:52,276 | INFO  | DNAudit | user=null | ip=null | op=WRITE_CHUNK {blockData=conID: 1 locID: 102650152704803265 bcsId: 1431} | ret=SUCCESS |  
2019-08-20 16:03:52,276 | INFO  | DNAudit | user=null | ip=null | op=WRITE_CHUNK {blockData=conID: 1 locID: 102650152704803265 bcsId: 1431} | ret=SUCCESS |  
2019-08-20 16:03:52,276 | INFO  | DNAudit | user=null | ip=null | op=PUT_BLOCK {blockData=[blockId=conID: 1 locID: 102650152704803265 bcsId: 0,size=3145728]} | ret=SUCCESS |  
2019-08-20 16:03:52,277 | INFO  | DNAudit | user=null | ip=null | op=PUT_BLOCK {blockData=[blockId=conID: 1 locID: 102650152704803265 bcsId: 0,size=3145728]} | ret=SUCCESS |  
2019-08-20 16:03:52,282 | INFO  | DNAudit | user=null | ip=null | op=WRITE_CHUNK {blockData=conID: 1 locID: 102650152704803265 bcsId: 1437} | ret=SUCCESS |  
2019-08-20 16:03:52,283 | INFO  | DNAudit | user=null | ip=null | op=WRITE_CHUNK {blockData=conID: 1 locID: 102650152704803265 bcsId: 1437} | ret=SUCCESS |  
2019-08-20 16:03:52,283 | INFO  | DNAudit | user=null | ip=null | op=WRITE_CHUNK {blockData=conID: 1 locID: 102650152704803265 bcsId: 1437} | ret=SUCCESS |  
2019-08-20 16:03:52,285 | INFO  | DNAudit | user=null | ip=null | op=WRITE_CHUNK {blockData=conID: 1 locID: 102650152704803265 bcsId: 1437} | ret=SUCCESS |  
2019-08-20 16:03:52,285 | INFO  | DNAudit | user=null | ip=null | op=PUT_BLOCK {blockData=[blockId=conID: 1 locID: 102650152704803265 bcsId: 0,size=4194304]} | ret=SUCCESS |  
2019-08-20 16:03:52,286 [grpc-default-executor-0] INFO  client.GrpcClientProtocolClient (GrpcClientProtocolClient.java:onNext(255)) - client-EAA342753240->9a4a4c23-9ff3-4ce3-a619-2c71c0869997: receive RaftClientReply:client-EAA342753240->9a4a4c23-9ff3-4ce3-a619-2c71c0869997@group-EC4211DF0353, cid=1068, SUCCESS, logIndex=1440, commits[9a4a4c23-9ff3-4ce3-a619-2c71c0869997:c1441, 9b0072ab-15b3-4973-9bcb-7fa02f6bfea9:c1439, 9f215ef2-7d46-4cda-b695-cae1b893f75f:c1437]
2019-08-20 16:03:52,286 [grpc-default-executor-0] INFO  client.GrpcClientProtocolClient (GrpcClientProtocolClient.java:onNext(255)) - client-EAA342753240->9a4a4c23-9ff3-4ce3-a619-2c71c0869997: receive RaftClientReply:client-EAA342753240->9a4a4c23-9ff3-4ce3-a619-2c71c0869997@group-EC4211DF0353, cid=1069, SUCCESS, logIndex=1441, commits[9a4a4c23-9ff3-4ce3-a619-2c71c0869997:c1441, 9b0072ab-15b3-4973-9bcb-7fa02f6bfea9:c1439, 9f215ef2-7d46-4cda-b695-cae1b893f75f:c1439]
2019-08-20 16:03:52,286 | INFO  | DNAudit | user=null | ip=null | op=WRITE_CHUNK {blockData=conID: 1 locID: 102650152704803265 bcsId: 1437} | ret=SUCCESS |  
2019-08-20 16:03:52,286 | INFO  | DNAudit | user=null | ip=null | op=WRITE_CHUNK {blockData=conID: 1 locID: 102650152704803265 bcsId: 1437} | ret=SUCCESS |  
2019-08-20 16:03:52,287 | INFO  | DNAudit | user=null | ip=null | op=PUT_BLOCK {blockData=[blockId=conID: 1 locID: 102650152704803265 bcsId: 0,size=4194304]} | ret=SUCCESS |  
2019-08-20 16:03:52,287 | INFO  | DNAudit | user=null | ip=null | op=PUT_BLOCK {blockData=[blockId=conID: 1 locID: 102650152704803265 bcsId: 0,size=4194304]} | ret=SUCCESS |  
2019-08-20 16:03:52,288 [grpc-default-executor-5] INFO  client.GrpcClientProtocolClient (GrpcClientProtocolClient.java:onNext(255)) - client-EAA342753240->9a4a4c23-9ff3-4ce3-a619-2c71c0869997: receive RaftClientReply:client-EAA342753240->9a4a4c23-9ff3-4ce3-a619-2c71c0869997@group-EC4211DF0353, cid=1070, SUCCESS, logIndex=0, commits[9a4a4c23-9ff3-4ce3-a619-2c71c0869997:c1442, 9b0072ab-15b3-4973-9bcb-7fa02f6bfea9:c1441, 9f215ef2-7d46-4cda-b695-cae1b893f75f:c1441]
2019-08-20 16:03:52,293 | INFO  | DNAudit | user=null | ip=null | op=WRITE_CHUNK {blockData=conID: 2 locID: 102650152704803266 bcsId: 0} | ret=SUCCESS |  
2019-08-20 16:03:52,296 | INFO  | DNAudit | user=null | ip=null | op=WRITE_CHUNK {blockData=conID: 2 locID: 102650152704803266 bcsId: 0} | ret=SUCCESS |  
2019-08-20 16:03:52,296 | INFO  | DNAudit | user=null | ip=null | op=WRITE_CHUNK {blockData=conID: 2 locID: 102650152704803266 bcsId: 0} | ret=SUCCESS |  
2019-08-20 16:03:52,296 | INFO  | DNAudit | user=null | ip=null | op=WRITE_CHUNK {blockData=conID: 2 locID: 102650152704803266 bcsId: 0} | ret=SUCCESS |  
2019-08-20 16:03:52,298 | INFO  | DNAudit | user=null | ip=null | op=WRITE_CHUNK {blockData=conID: 2 locID: 102650152704803266 bcsId: 0} | ret=SUCCESS |  
2019-08-20 16:03:52,298 | INFO  | DNAudit | user=null | ip=null | op=WRITE_CHUNK {blockData=conID: 2 locID: 102650152704803266 bcsId: 0} | ret=SUCCESS |  
2019-08-20 16:03:52,298 | INFO  | DNAudit | user=null | ip=null | op=WRITE_CHUNK {blockData=conID: 2 locID: 102650152704803266 bcsId: 0} | ret=SUCCESS |  
2019-08-20 16:03:52,299 | INFO  | DNAudit | user=null | ip=null | op=PUT_BLOCK {blockData=[blockId=conID: 2 locID: 102650152704803266 bcsId: 0,size=1048576]} | ret=SUCCESS |  
2019-08-20 16:03:52,299 [grpc-default-executor-0] INFO  client.GrpcClientProtocolClient (GrpcClientProtocolClient.java:onNext(255)) - client-EAA342753240->9a4a4c23-9ff3-4ce3-a619-2c71c0869997: receive RaftClientReply:client-EAA342753240->9a4a4c23-9ff3-4ce3-a619-2c71c0869997@group-EC4211DF0353, cid=1071, SUCCESS, logIndex=1444, commits[9a4a4c23-9ff3-4ce3-a619-2c71c0869997:c1445, 9b0072ab-15b3-4973-9bcb-7fa02f6bfea9:c1443, 9f215ef2-7d46-4cda-b695-cae1b893f75f:c1441]
2019-08-20 16:03:52,300 [grpc-default-executor-0] INFO  client.GrpcClientProtocolClient (GrpcClientProtocolClient.java:onNext(255)) - client-EAA342753240->9a4a4c23-9ff3-4ce3-a619-2c71c0869997: receive RaftClientReply:client-EAA342753240->9a4a4c23-9ff3-4ce3-a619-2c71c0869997@group-EC4211DF0353, cid=1072, SUCCESS, logIndex=1445, commits[9a4a4c23-9ff3-4ce3-a619-2c71c0869997:c1445, 9b0072ab-15b3-4973-9bcb-7fa02f6bfea9:c1443, 9f215ef2-7d46-4cda-b695-cae1b893f75f:c1441]
2019-08-20 16:03:52,300 | INFO  | DNAudit | user=null | ip=null | op=WRITE_CHUNK {blockData=conID: 2 locID: 102650152704803266 bcsId: 0} | ret=SUCCESS |  
2019-08-20 16:03:52,300 | INFO  | DNAudit | user=null | ip=null | op=WRITE_CHUNK {blockData=conID: 2 locID: 102650152704803266 bcsId: 0} | ret=SUCCESS |  
2019-08-20 16:03:52,300 | INFO  | DNAudit | user=null | ip=null | op=PUT_BLOCK {blockData=[blockId=conID: 2 locID: 102650152704803266 bcsId: 0,size=2097152]} | ret=SUCCESS |  
2019-08-20 16:03:52,300 [grpc-default-executor-5] INFO  client.GrpcClientProtocolClient (GrpcClientProtocolClient.java:onNext(255)) - client-EAA342753240->9a4a4c23-9ff3-4ce3-a619-2c71c0869997: receive RaftClientReply:client-EAA342753240->9a4a4c23-9ff3-4ce3-a619-2c71c0869997@group-EC4211DF0353, cid=1073, SUCCESS, logIndex=1446, commits[9a4a4c23-9ff3-4ce3-a619-2c71c0869997:c1447, 9b0072ab-15b3-4973-9bcb-7fa02f6bfea9:c1443, 9f215ef2-7d46-4cda-b695-cae1b893f75f:c1443]
2019-08-20 16:03:52,301 | INFO  | DNAudit | user=null | ip=null | op=WRITE_CHUNK {blockData=conID: 2 locID: 102650152704803266 bcsId: 0} | ret=SUCCESS |  
2019-08-20 16:03:52,301 [grpc-default-executor-0] INFO  client.GrpcClientProtocolClient (GrpcClientProtocolClient.java:onNext(255)) - client-EAA342753240->9a4a4c23-9ff3-4ce3-a619-2c71c0869997: receive RaftClientReply:client-EAA342753240->9a4a4c23-9ff3-4ce3-a619-2c71c0869997@group-EC4211DF0353, cid=1074, SUCCESS, logIndex=1447, commits[9a4a4c23-9ff3-4ce3-a619-2c71c0869997:c1448, 9b0072ab-15b3-4973-9bcb-7fa02f6bfea9:c1444, 9f215ef2-7d46-4cda-b695-cae1b893f75f:c1443]
2019-08-20 16:03:52,301 | INFO  | DNAudit | user=null | ip=null | op=PUT_BLOCK {blockData=[blockId=conID: 2 locID: 102650152704803266 bcsId: 0,size=1048576]} | ret=SUCCESS |  
2019-08-20 16:03:52,301 | INFO  | DNAudit | user=null | ip=null | op=PUT_BLOCK {blockData=[blockId=conID: 2 locID: 102650152704803266 bcsId: 0,size=1048576]} | ret=SUCCESS |  
2019-08-20 16:03:52,302 | INFO  | DNAudit | user=null | ip=null | op=WRITE_CHUNK {blockData=conID: 2 locID: 102650152704803266 bcsId: 0} | ret=SUCCESS |  
2019-08-20 16:03:52,302 [grpc-default-executor-5] INFO  client.GrpcClientProtocolClient (GrpcClientProtocolClient.java:onNext(255)) - client-EAA342753240->9a4a4c23-9ff3-4ce3-a619-2c71c0869997: receive RaftClientReply:client-EAA342753240->9a4a4c23-9ff3-4ce3-a619-2c71c0869997@group-EC4211DF0353, cid=1075, SUCCESS, logIndex=0, commits[9a4a4c23-9ff3-4ce3-a619-2c71c0869997:c1449, 9b0072ab-15b3-4973-9bcb-7fa02f6bfea9:c1445, 9f215ef2-7d46-4cda-b695-cae1b893f75f:c1445]
2019-08-20 16:03:52,302 | INFO  | DNAudit | user=null | ip=null | op=PUT_BLOCK {blockData=[blockId=conID: 2 locID: 102650152704803266 bcsId: 0,size=2097152]} | ret=SUCCESS |  
2019-08-20 16:03:52,302 | INFO  | DNAudit | user=null | ip=null | op=WRITE_CHUNK {blockData=conID: 2 locID: 102650152704803266 bcsId: 0} | ret=SUCCESS |  
2019-08-20 16:03:52,303 | INFO  | DNAudit | user=null | ip=null | op=PUT_BLOCK {blockData=[blockId=conID: 2 locID: 102650152704803266 bcsId: 0,size=2097152]} | ret=SUCCESS |  
2019-08-20 16:03:52,308 | INFO  | DNAudit | user=null | ip=null | op=WRITE_CHUNK {blockData=conID: 2 locID: 102650152704803266 bcsId: 1447} | ret=SUCCESS |  
2019-08-20 16:03:52,310 | INFO  | DNAudit | user=null | ip=null | op=WRITE_CHUNK {blockData=conID: 2 locID: 102650152704803266 bcsId: 1447} | ret=SUCCESS |  
2019-08-20 16:03:52,311 | INFO  | DNAudit | user=null | ip=null | op=WRITE_CHUNK {blockData=conID: 2 locID: 102650152704803266 bcsId: 1447} | ret=SUCCESS |  
2019-08-20 16:03:52,312 | INFO  | DNAudit | user=null | ip=null | op=WRITE_CHUNK {blockData=conID: 2 locID: 102650152704803266 bcsId: 1447} | ret=SUCCESS |  
2019-08-20 16:03:52,313 | INFO  | DNAudit | user=null | ip=null | op=PUT_BLOCK {blockData=[blockId=conID: 2 locID: 102650152704803266 bcsId: 0,size=3145728]} | ret=SUCCESS |  
2019-08-20 16:03:52,313 [grpc-default-executor-6] INFO  client.GrpcClientProtocolClient (GrpcClientProtocolClient.java:onNext(255)) - client-EAA342753240->9a4a4c23-9ff3-4ce3-a619-2c71c0869997: receive RaftClientReply:client-EAA342753240->9a4a4c23-9ff3-4ce3-a619-2c71c0869997@group-EC4211DF0353, cid=1076, SUCCESS, logIndex=1452, commits[9a4a4c23-9ff3-4ce3-a619-2c71c0869997:c1453, 9b0072ab-15b3-4973-9bcb-7fa02f6bfea9:c1451, 9f215ef2-7d46-4cda-b695-cae1b893f75f:c1451]
2019-08-20 16:03:52,313 [grpc-default-executor-6] INFO  client.GrpcClientProtocolClient (GrpcClientProtocolClient.java:onNext(255)) - client-EAA342753240->9a4a4c23-9ff3-4ce3-a619-2c71c0869997: receive RaftClientReply:client-EAA342753240->9a4a4c23-9ff3-4ce3-a619-2c71c0869997@group-EC4211DF0353, cid=1077, SUCCESS, logIndex=1453, commits[9a4a4c23-9ff3-4ce3-a619-2c71c0869997:c1453, 9b0072ab-15b3-4973-9bcb-7fa02f6bfea9:c1451, 9f215ef2-7d46-4cda-b695-cae1b893f75f:c1451]
2019-08-20 16:03:52,315 | INFO  | DNAudit | user=null | ip=null | op=WRITE_CHUNK {blockData=conID: 2 locID: 102650152704803266 bcsId: 1447} | ret=SUCCESS |  
2019-08-20 16:03:52,315 | INFO  | DNAudit | user=null | ip=null | op=WRITE_CHUNK {blockData=conID: 2 locID: 102650152704803266 bcsId: 1447} | ret=SUCCESS |  
2019-08-20 16:03:52,315 | INFO  | DNAudit | user=null | ip=null | op=PUT_BLOCK {blockData=[blockId=conID: 2 locID: 102650152704803266 bcsId: 0,size=3145728]} | ret=SUCCESS |  
2019-08-20 16:03:52,316 | INFO  | DNAudit | user=null | ip=null | op=PUT_BLOCK {blockData=[blockId=conID: 2 locID: 102650152704803266 bcsId: 0,size=3145728]} | ret=SUCCESS |  
2019-08-20 16:03:52,319 | INFO  | DNAudit | user=null | ip=null | op=WRITE_CHUNK {blockData=conID: 2 locID: 102650152704803266 bcsId: 1453} | ret=SUCCESS |  
2019-08-20 16:03:52,321 | INFO  | DNAudit | user=null | ip=null | op=WRITE_CHUNK {blockData=conID: 2 locID: 102650152704803266 bcsId: 1453} | ret=SUCCESS |  
2019-08-20 16:03:52,321 | INFO  | DNAudit | user=null | ip=null | op=WRITE_CHUNK {blockData=conID: 2 locID: 102650152704803266 bcsId: 1453} | ret=SUCCESS |  
2019-08-20 16:03:52,323 | INFO  | DNAudit | user=null | ip=null | op=WRITE_CHUNK {blockData=conID: 2 locID: 102650152704803266 bcsId: 1453} | ret=SUCCESS |  
2019-08-20 16:03:52,323 | INFO  | DNAudit | user=null | ip=null | op=PUT_BLOCK {blockData=[blockId=conID: 2 locID: 102650152704803266 bcsId: 0,size=4194304]} | ret=SUCCESS |  
2019-08-20 16:03:52,324 [grpc-default-executor-6] INFO  client.GrpcClientProtocolClient (GrpcClientProtocolClient.java:onNext(255)) - client-EAA342753240->9a4a4c23-9ff3-4ce3-a619-2c71c0869997: receive RaftClientReply:client-EAA342753240->9a4a4c23-9ff3-4ce3-a619-2c71c0869997@group-EC4211DF0353, cid=1078, SUCCESS, logIndex=1456, commits[9a4a4c23-9ff3-4ce3-a619-2c71c0869997:c1457, 9b0072ab-15b3-4973-9bcb-7fa02f6bfea9:c1455, 9f215ef2-7d46-4cda-b695-cae1b893f75f:c1455]
2019-08-20 16:03:52,324 [grpc-default-executor-6] INFO  client.GrpcClientProtocolClient (GrpcClientProtocolClient.java:onNext(255)) - client-EAA342753240->9a4a4c23-9ff3-4ce3-a619-2c71c0869997: receive RaftClientReply:client-EAA342753240->9a4a4c23-9ff3-4ce3-a619-2c71c0869997@group-EC4211DF0353, cid=1079, SUCCESS, logIndex=1457, commits[9a4a4c23-9ff3-4ce3-a619-2c71c0869997:c1457, 9b0072ab-15b3-4973-9bcb-7fa02f6bfea9:c1455, 9f215ef2-7d46-4cda-b695-cae1b893f75f:c1455]
2019-08-20 16:03:52,324 | INFO  | DNAudit | user=null | ip=null | op=WRITE_CHUNK {blockData=conID: 2 locID: 102650152704803266 bcsId: 1453} | ret=SUCCESS |  
2019-08-20 16:03:52,325 | INFO  | DNAudit | user=null | ip=null | op=PUT_BLOCK {blockData=[blockId=conID: 2 locID: 102650152704803266 bcsId: 0,size=4194304]} | ret=SUCCESS |  
2019-08-20 16:03:52,325 | INFO  | DNAudit | user=null | ip=null | op=WRITE_CHUNK {blockData=conID: 2 locID: 102650152704803266 bcsId: 1453} | ret=SUCCESS |  
2019-08-20 16:03:52,326 | INFO  | DNAudit | user=null | ip=null | op=PUT_BLOCK {blockData=[blockId=conID: 2 locID: 102650152704803266 bcsId: 0,size=4194304]} | ret=SUCCESS |  
2019-08-20 16:03:52,326 [grpc-default-executor-6] INFO  client.GrpcClientProtocolClient (GrpcClientProtocolClient.java:onNext(255)) - client-EAA342753240->9a4a4c23-9ff3-4ce3-a619-2c71c0869997: receive RaftClientReply:client-EAA342753240->9a4a4c23-9ff3-4ce3-a619-2c71c0869997@group-EC4211DF0353, cid=1080, SUCCESS, logIndex=0, commits[9a4a4c23-9ff3-4ce3-a619-2c71c0869997:c1459, 9b0072ab-15b3-4973-9bcb-7fa02f6bfea9:c1457, 9f215ef2-7d46-4cda-b695-cae1b893f75f:c1457]
2019-08-20 16:03:52,332 | INFO  | DNAudit | user=null | ip=null | op=WRITE_CHUNK {blockData=conID: 3 locID: 102650152704868803 bcsId: 0} | ret=SUCCESS |  
2019-08-20 16:03:52,334 | INFO  | DNAudit | user=null | ip=null | op=WRITE_CHUNK {blockData=conID: 3 locID: 102650152704868803 bcsId: 0} | ret=SUCCESS |  
2019-08-20 16:03:52,334 | INFO  | DNAudit | user=null | ip=null | op=WRITE_CHUNK {blockData=conID: 3 locID: 102650152704868803 bcsId: 0} | ret=SUCCESS |  
2019-08-20 16:03:52,335 | INFO  | DNAudit | user=null | ip=null | op=WRITE_CHUNK {blockData=conID: 3 locID: 102650152704868803 bcsId: 0} | ret=SUCCESS |  
2019-08-20 16:03:52,336 | INFO  | DNAudit | user=null | ip=null | op=WRITE_CHUNK {blockData=conID: 3 locID: 102650152704868803 bcsId: 0} | ret=SUCCESS |  
2019-08-20 16:03:52,337 | INFO  | DNAudit | user=null | ip=null | op=WRITE_CHUNK {blockData=conID: 3 locID: 102650152704868803 bcsId: 0} | ret=SUCCESS |  
2019-08-20 16:03:52,337 | INFO  | DNAudit | user=null | ip=null | op=WRITE_CHUNK {blockData=conID: 3 locID: 102650152704868803 bcsId: 0} | ret=SUCCESS |  
2019-08-20 16:03:52,337 | INFO  | DNAudit | user=null | ip=null | op=PUT_BLOCK {blockData=[blockId=conID: 3 locID: 102650152704868803 bcsId: 0,size=1048576]} | ret=SUCCESS |  
2019-08-20 16:03:52,337 [grpc-default-executor-6] INFO  client.GrpcClientProtocolClient (GrpcClientProtocolClient.java:onNext(255)) - client-EAA342753240->9a4a4c23-9ff3-4ce3-a619-2c71c0869997: receive RaftClientReply:client-EAA342753240->9a4a4c23-9ff3-4ce3-a619-2c71c0869997@group-EC4211DF0353, cid=1081, SUCCESS, logIndex=1460, commits[9a4a4c23-9ff3-4ce3-a619-2c71c0869997:c1461, 9b0072ab-15b3-4973-9bcb-7fa02f6bfea9:c1459, 9f215ef2-7d46-4cda-b695-cae1b893f75f:c1459]
2019-08-20 16:03:52,338 [grpc-default-executor-6] INFO  client.GrpcClientProtocolClient (GrpcClientProtocolClient.java:onNext(255)) - client-EAA342753240->9a4a4c23-9ff3-4ce3-a619-2c71c0869997: receive RaftClientReply:client-EAA342753240->9a4a4c23-9ff3-4ce3-a619-2c71c0869997@group-EC4211DF0353, cid=1082, SUCCESS, logIndex=1461, commits[9a4a4c23-9ff3-4ce3-a619-2c71c0869997:c1461, 9b0072ab-15b3-4973-9bcb-7fa02f6bfea9:c1459, 9f215ef2-7d46-4cda-b695-cae1b893f75f:c1459]
2019-08-20 16:03:52,339 | INFO  | DNAudit | user=null | ip=null | op=WRITE_CHUNK {blockData=conID: 3 locID: 102650152704868803 bcsId: 0} | ret=SUCCESS |  
2019-08-20 16:03:52,340 | INFO  | DNAudit | user=null | ip=null | op=WRITE_CHUNK {blockData=conID: 3 locID: 102650152704868803 bcsId: 0} | ret=SUCCESS |  
2019-08-20 16:03:52,340 | INFO  | DNAudit | user=null | ip=null | op=PUT_BLOCK {blockData=[blockId=conID: 3 locID: 102650152704868803 bcsId: 0,size=2097152]} | ret=SUCCESS |  
2019-08-20 16:03:52,340 | INFO  | DNAudit | user=null | ip=null | op=PUT_BLOCK {blockData=[blockId=conID: 3 locID: 102650152704868803 bcsId: 0,size=1048576]} | ret=SUCCESS |  
2019-08-20 16:03:52,340 [grpc-default-executor-0] INFO  client.GrpcClientProtocolClient (GrpcClientProtocolClient.java:onNext(255)) - client-EAA342753240->9a4a4c23-9ff3-4ce3-a619-2c71c0869997: receive RaftClientReply:client-EAA342753240->9a4a4c23-9ff3-4ce3-a619-2c71c0869997@group-EC4211DF0353, cid=1083, SUCCESS, logIndex=1462, commits[9a4a4c23-9ff3-4ce3-a619-2c71c0869997:c1463, 9b0072ab-15b3-4973-9bcb-7fa02f6bfea9:c1459, 9f215ef2-7d46-4cda-b695-cae1b893f75f:c1459]
2019-08-20 16:03:52,340 | INFO  | DNAudit | user=null | ip=null | op=WRITE_CHUNK {blockData=conID: 3 locID: 102650152704868803 bcsId: 0} | ret=SUCCESS |  
2019-08-20 16:03:52,340 | INFO  | DNAudit | user=null | ip=null | op=PUT_BLOCK {blockData=[blockId=conID: 3 locID: 102650152704868803 bcsId: 0,size=1048576]} | ret=SUCCESS |  
2019-08-20 16:03:52,341 [grpc-default-executor-5] INFO  client.GrpcClientProtocolClient (GrpcClientProtocolClient.java:onNext(255)) - client-EAA342753240->9a4a4c23-9ff3-4ce3-a619-2c71c0869997: receive RaftClientReply:client-EAA342753240->9a4a4c23-9ff3-4ce3-a619-2c71c0869997@group-EC4211DF0353, cid=1084, SUCCESS, logIndex=1463, commits[9a4a4c23-9ff3-4ce3-a619-2c71c0869997:c1465, 9b0072ab-15b3-4973-9bcb-7fa02f6bfea9:c1459, 9f215ef2-7d46-4cda-b695-cae1b893f75f:c1461]
2019-08-20 16:03:52,341 | INFO  | DNAudit | user=null | ip=null | op=WRITE_CHUNK {blockData=conID: 3 locID: 102650152704868803 bcsId: 0} | ret=SUCCESS |  
2019-08-20 16:03:52,341 | INFO  | DNAudit | user=null | ip=null | op=WRITE_CHUNK {blockData=conID: 3 locID: 102650152704868803 bcsId: 0} | ret=SUCCESS |  
2019-08-20 16:03:52,342 [grpc-default-executor-5] INFO  client.GrpcClientProtocolClient (GrpcClientProtocolClient.java:onNext(255)) - client-EAA342753240->9a4a4c23-9ff3-4ce3-a619-2c71c0869997: receive RaftClientReply:client-EAA342753240->9a4a4c23-9ff3-4ce3-a619-2c71c0869997@group-EC4211DF0353, cid=1085, SUCCESS, logIndex=0, commits[9a4a4c23-9ff3-4ce3-a619-2c71c0869997:c1466, 9b0072ab-15b3-4973-9bcb-7fa02f6bfea9:c1461, 9f215ef2-7d46-4cda-b695-cae1b893f75f:c1462]
2019-08-20 16:03:52,342 | INFO  | DNAudit | user=null | ip=null | op=PUT_BLOCK {blockData=[blockId=conID: 3 locID: 102650152704868803 bcsId: 0,size=2097152]} | ret=SUCCESS |  
2019-08-20 16:03:52,342 | INFO  | DNAudit | user=null | ip=null | op=PUT_BLOCK {blockData=[blockId=conID: 3 locID: 102650152704868803 bcsId: 0,size=2097152]} | ret=SUCCESS |  
2019-08-20 16:03:52,348 | INFO  | DNAudit | user=null | ip=null | op=WRITE_CHUNK {blockData=conID: 3 locID: 102650152704868803 bcsId: 1463} | ret=SUCCESS |  
2019-08-20 16:03:52,349 | INFO  | DNAudit | user=null | ip=null | op=WRITE_CHUNK {blockData=conID: 3 locID: 102650152704868803 bcsId: 1463} | ret=SUCCESS |  
2019-08-20 16:03:52,349 | INFO  | DNAudit | user=null | ip=null | op=WRITE_CHUNK {blockData=conID: 3 locID: 102650152704868803 bcsId: 1463} | ret=SUCCESS |  
2019-08-20 16:03:52,352 | INFO  | DNAudit | user=null | ip=null | op=WRITE_CHUNK {blockData=conID: 3 locID: 102650152704868803 bcsId: 1463} | ret=SUCCESS |  
2019-08-20 16:03:52,352 | INFO  | DNAudit | user=null | ip=null | op=PUT_BLOCK {blockData=[blockId=conID: 3 locID: 102650152704868803 bcsId: 0,size=3145728]} | ret=SUCCESS |  
2019-08-20 16:03:52,352 [grpc-default-executor-0] INFO  client.GrpcClientProtocolClient (GrpcClientProtocolClient.java:onNext(255)) - client-EAA342753240->9a4a4c23-9ff3-4ce3-a619-2c71c0869997: receive RaftClientReply:client-EAA342753240->9a4a4c23-9ff3-4ce3-a619-2c71c0869997@group-EC4211DF0353, cid=1086, SUCCESS, logIndex=1468, commits[9a4a4c23-9ff3-4ce3-a619-2c71c0869997:c1469, 9b0072ab-15b3-4973-9bcb-7fa02f6bfea9:c1467, 9f215ef2-7d46-4cda-b695-cae1b893f75f:c1467]
2019-08-20 16:03:52,353 [grpc-default-executor-0] INFO  client.GrpcClientProtocolClient (GrpcClientProtocolClient.java:onNext(255)) - client-EAA342753240->9a4a4c23-9ff3-4ce3-a619-2c71c0869997: receive RaftClientReply:client-EAA342753240->9a4a4c23-9ff3-4ce3-a619-2c71c0869997@group-EC4211DF0353, cid=1087, SUCCESS, logIndex=1469, commits[9a4a4c23-9ff3-4ce3-a619-2c71c0869997:c1469, 9b0072ab-15b3-4973-9bcb-7fa02f6bfea9:c1467, 9f215ef2-7d46-4cda-b695-cae1b893f75f:c1467]
2019-08-20 16:03:52,354 | INFO  | DNAudit | user=null | ip=null | op=WRITE_CHUNK {blockData=conID: 3 locID: 102650152704868803 bcsId: 1463} | ret=SUCCESS |  
2019-08-20 16:03:52,354 | INFO  | DNAudit | user=null | ip=null | op=WRITE_CHUNK {blockData=conID: 3 locID: 102650152704868803 bcsId: 1463} | ret=SUCCESS |  
2019-08-20 16:03:52,354 | INFO  | DNAudit | user=null | ip=null | op=PUT_BLOCK {blockData=[blockId=conID: 3 locID: 102650152704868803 bcsId: 0,size=3145728]} | ret=SUCCESS |  
2019-08-20 16:03:52,354 | INFO  | DNAudit | user=null | ip=null | op=PUT_BLOCK {blockData=[blockId=conID: 3 locID: 102650152704868803 bcsId: 0,size=3145728]} | ret=SUCCESS |  
2019-08-20 16:03:52,359 | INFO  | DNAudit | user=null | ip=null | op=WRITE_CHUNK {blockData=conID: 3 locID: 102650152704868803 bcsId: 1469} | ret=SUCCESS |  
2019-08-20 16:03:52,360 | INFO  | DNAudit | user=null | ip=null | op=WRITE_CHUNK {blockData=conID: 3 locID: 102650152704868803 bcsId: 1469} | ret=SUCCESS |  
2019-08-20 16:03:52,360 | INFO  | DNAudit | user=null | ip=null | op=WRITE_CHUNK {blockData=conID: 3 locID: 102650152704868803 bcsId: 1469} | ret=SUCCESS |  
2019-08-20 16:03:52,369 | INFO  | DNAudit | user=null | ip=null | op=WRITE_CHUNK {blockData=conID: 3 locID: 102650152704868803 bcsId: 1469} | ret=SUCCESS |  
2019-08-20 16:03:52,369 | INFO  | DNAudit | user=null | ip=null | op=PUT_BLOCK {blockData=[blockId=conID: 3 locID: 102650152704868803 bcsId: 0,size=4194304]} | ret=SUCCESS |  
2019-08-20 16:03:52,369 [grpc-default-executor-0] INFO  client.GrpcClientProtocolClient (GrpcClientProtocolClient.java:onNext(255)) - client-EAA342753240->9a4a4c23-9ff3-4ce3-a619-2c71c0869997: receive RaftClientReply:client-EAA342753240->9a4a4c23-9ff3-4ce3-a619-2c71c0869997@group-EC4211DF0353, cid=1088, SUCCESS, logIndex=1471, commits[9a4a4c23-9ff3-4ce3-a619-2c71c0869997:c1472, 9b0072ab-15b3-4973-9bcb-7fa02f6bfea9:c1470, 9f215ef2-7d46-4cda-b695-cae1b893f75f:c1470]
2019-08-20 16:03:52,370 [grpc-default-executor-0] INFO  client.GrpcClientProtocolClient (GrpcClientProtocolClient.java:onNext(255)) - client-EAA342753240->9a4a4c23-9ff3-4ce3-a619-2c71c0869997: receive RaftClientReply:client-EAA342753240->9a4a4c23-9ff3-4ce3-a619-2c71c0869997@group-EC4211DF0353, cid=1089, SUCCESS, logIndex=1472, commits[9a4a4c23-9ff3-4ce3-a619-2c71c0869997:c1472, 9b0072ab-15b3-4973-9bcb-7fa02f6bfea9:c1470, 9f215ef2-7d46-4cda-b695-cae1b893f75f:c1470]
2019-08-20 16:03:52,371 | INFO  | DNAudit | user=null | ip=null | op=WRITE_CHUNK {blockData=conID: 3 locID: 102650152704868803 bcsId: 1469} | ret=SUCCESS |  
2019-08-20 16:03:52,371 | INFO  | DNAudit | user=null | ip=null | op=WRITE_CHUNK {blockData=conID: 3 locID: 102650152704868803 bcsId: 1469} | ret=SUCCESS |  
2019-08-20 16:03:52,374 | INFO  | DNAudit | user=null | ip=null | op=PUT_BLOCK {blockData=[blockId=conID: 3 locID: 102650152704868803 bcsId: 0,size=4194304]} | ret=SUCCESS |  
2019-08-20 16:03:52,374 | INFO  | DNAudit | user=null | ip=null | op=PUT_BLOCK {blockData=[blockId=conID: 3 locID: 102650152704868803 bcsId: 0,size=4194304]} | ret=SUCCESS |  
2019-08-20 16:03:52,374 [grpc-default-executor-0] INFO  client.GrpcClientProtocolClient (GrpcClientProtocolClient.java:onNext(255)) - client-EAA342753240->9a4a4c23-9ff3-4ce3-a619-2c71c0869997: receive RaftClientReply:client-EAA342753240->9a4a4c23-9ff3-4ce3-a619-2c71c0869997@group-EC4211DF0353, cid=1090, SUCCESS, logIndex=0, commits[9a4a4c23-9ff3-4ce3-a619-2c71c0869997:c1474, 9b0072ab-15b3-4973-9bcb-7fa02f6bfea9:c1472, 9f215ef2-7d46-4cda-b695-cae1b893f75f:c1472]
2019-08-20 16:03:52,380 | INFO  | DNAudit | user=null | ip=null | op=WRITE_CHUNK {blockData=conID: 1 locID: 102650152704868804 bcsId: 0} | ret=SUCCESS |  
2019-08-20 16:03:52,383 | INFO  | DNAudit | user=null | ip=null | op=WRITE_CHUNK {blockData=conID: 1 locID: 102650152704868804 bcsId: 0} | ret=SUCCESS |  
2019-08-20 16:03:52,383 | INFO  | DNAudit | user=null | ip=null | op=WRITE_CHUNK {blockData=conID: 1 locID: 102650152704868804 bcsId: 0} | ret=SUCCESS |  
2019-08-20 16:03:52,383 | INFO  | DNAudit | user=null | ip=null | op=WRITE_CHUNK {blockData=conID: 1 locID: 102650152704868804 bcsId: 0} | ret=SUCCESS |  
2019-08-20 16:03:52,384 | INFO  | DNAudit | user=null | ip=null | op=WRITE_CHUNK {blockData=conID: 1 locID: 102650152704868804 bcsId: 0} | ret=SUCCESS |  
2019-08-20 16:03:52,385 | INFO  | DNAudit | user=null | ip=null | op=WRITE_CHUNK {blockData=conID: 1 locID: 102650152704868804 bcsId: 0} | ret=SUCCESS |  
2019-08-20 16:03:52,417 | INFO  | SCMAudit | user=jenkins1000 | ip=192.168.69.96 | op=SEND_HEARTBEAT {datanodeUUID=9f215ef2-7d46-4cda-b695-cae1b893f75f, command=[]} | ret=SUCCESS |  
2019-08-20 16:03:52,417 | INFO  | SCMAudit | user=jenkins1000 | ip=192.168.69.96 | op=SEND_HEARTBEAT {datanodeUUID=9a4a4c23-9ff3-4ce3-a619-2c71c0869997, command=[]} | ret=SUCCESS |  
2019-08-20 16:03:52,417 | INFO  | SCMAudit | user=jenkins1000 | ip=192.168.69.96 | op=SEND_HEARTBEAT {datanodeUUID=9b0072ab-15b3-4973-9bcb-7fa02f6bfea9, command=[]} | ret=SUCCESS |  
 0.00% |█                                                                                                    |  0/1 Time: 0:00:052019-08-20 16:03:52,428 | INFO  | DNAudit | user=null | ip=null | op=WRITE_CHUNK {blockData=conID: 1 locID: 102650152704868804 bcsId: 0} | ret=SUCCESS |  
2019-08-20 16:03:52,429 | INFO  | DNAudit | user=null | ip=null | op=PUT_BLOCK {blockData=[blockId=conID: 1 locID: 102650152704868804 bcsId: 0,size=1048576]} | ret=SUCCESS |  
2019-08-20 16:03:52,429 [grpc-default-executor-0] INFO  client.GrpcClientProtocolClient (GrpcClientProtocolClient.java:onNext(255)) - client-EAA342753240->9a4a4c23-9ff3-4ce3-a619-2c71c0869997: receive RaftClientReply:client-EAA342753240->9a4a4c23-9ff3-4ce3-a619-2c71c0869997@group-EC4211DF0353, cid=1091, SUCCESS, logIndex=1475, commits[9a4a4c23-9ff3-4ce3-a619-2c71c0869997:c1476, 9b0072ab-15b3-4973-9bcb-7fa02f6bfea9:c1474, 9f215ef2-7d46-4cda-b695-cae1b893f75f:c1474]
2019-08-20 16:03:52,430 [grpc-default-executor-0] INFO  client.GrpcClientProtocolClient (GrpcClientProtocolClient.java:onNext(255)) - client-EAA342753240->9a4a4c23-9ff3-4ce3-a619-2c71c0869997: receive RaftClientReply:client-EAA342753240->9a4a4c23-9ff3-4ce3-a619-2c71c0869997@group-EC4211DF0353, cid=1092, SUCCESS, logIndex=1476, commits[9a4a4c23-9ff3-4ce3-a619-2c71c0869997:c1476, 9b0072ab-15b3-4973-9bcb-7fa02f6bfea9:c1474, 9f215ef2-7d46-4cda-b695-cae1b893f75f:c1474]
2019-08-20 16:03:52,869 | INFO  | DNAudit | user=null | ip=null | op=WRITE_CHUNK {blockData=conID: 1 locID: 102650152704868804 bcsId: 0} | ret=SUCCESS |  
2019-08-20 16:03:52,869 | INFO  | DNAudit | user=null | ip=null | op=WRITE_CHUNK {blockData=conID: 1 locID: 102650152704868804 bcsId: 0} | ret=SUCCESS |  
2019-08-20 16:03:52,869 | INFO  | DNAudit | user=null | ip=null | op=WRITE_CHUNK {blockData=conID: 1 locID: 102650152704868804 bcsId: 0} | ret=SUCCESS |  
2019-08-20 16:03:52,869 | INFO  | DNAudit | user=null | ip=null | op=PUT_BLOCK {blockData=[blockId=conID: 1 locID: 102650152704868804 bcsId: 0,size=2097152]} | ret=SUCCESS |  
2019-08-20 16:03:52,870 [grpc-default-executor-3] INFO  client.GrpcClientProtocolClient (GrpcClientProtocolClient.java:onNext(255)) - client-EAA342753240->9a4a4c23-9ff3-4ce3-a619-2c71c0869997: receive RaftClientReply:client-EAA342753240->9a4a4c23-9ff3-4ce3-a619-2c71c0869997@group-EC4211DF0353, cid=1093, SUCCESS, logIndex=1477, commits[9a4a4c23-9ff3-4ce3-a619-2c71c0869997:c1478, 9b0072ab-15b3-4973-9bcb-7fa02f6bfea9:c1474, 9f215ef2-7d46-4cda-b695-cae1b893f75f:c1474]
2019-08-20 16:03:52,870 [grpc-default-executor-3] INFO  client.GrpcClientProtocolClient (GrpcClientProtocolClient.java:onNext(255)) - client-EAA342753240->9a4a4c23-9ff3-4ce3-a619-2c71c0869997: receive RaftClientReply:client-EAA342753240->9a4a4c23-9ff3-4ce3-a619-2c71c0869997@group-EC4211DF0353, cid=1094, SUCCESS, logIndex=1478, commits[9a4a4c23-9ff3-4ce3-a619-2c71c0869997:c1479, 9b0072ab-15b3-4973-9bcb-7fa02f6bfea9:c1475, 9f215ef2-7d46-4cda-b695-cae1b893f75f:c1475]
2019-08-20 16:03:52,871 | INFO  | DNAudit | user=null | ip=null | op=PUT_BLOCK {blockData=[blockId=conID: 1 locID: 102650152704868804 bcsId: 0,size=1048576]} | ret=SUCCESS |  
2019-08-20 16:03:52,872 | INFO  | DNAudit | user=null | ip=null | op=PUT_BLOCK {blockData=[blockId=conID: 1 locID: 102650152704868804 bcsId: 0,size=1048576]} | ret=SUCCESS |  
2019-08-20 16:03:52,873 [grpc-default-executor-3] INFO  client.GrpcClientProtocolClient (GrpcClientProtocolClient.java:onNext(255)) - client-EAA342753240->9a4a4c23-9ff3-4ce3-a619-2c71c0869997: receive RaftClientReply:client-EAA342753240->9a4a4c23-9ff3-4ce3-a619-2c71c0869997@group-EC4211DF0353, cid=1095, SUCCESS, logIndex=0, commits[9a4a4c23-9ff3-4ce3-a619-2c71c0869997:c1480, 9b0072ab-15b3-4973-9bcb-7fa02f6bfea9:c1476, 9f215ef2-7d46-4cda-b695-cae1b893f75f:c1476]
2019-08-20 16:03:52,883 | INFO  | DNAudit | user=null | ip=null | op=WRITE_CHUNK {blockData=conID: 1 locID: 102650152704868804 bcsId: 1478} | ret=SUCCESS |  
2019-08-20 16:03:52,885 | INFO  | DNAudit | user=null | ip=null | op=WRITE_CHUNK {blockData=conID: 1 locID: 102650152704868804 bcsId: 1478} | ret=SUCCESS |  
2019-08-20 16:03:52,886 | INFO  | DNAudit | user=null | ip=null | op=WRITE_CHUNK {blockData=conID: 1 locID: 102650152704868804 bcsId: 1478} | ret=SUCCESS |  
2019-08-20 16:03:52,917 | INFO  | DNAudit | user=null | ip=null | op=WRITE_CHUNK {blockData=conID: 1 locID: 102650152704868804 bcsId: 0} | ret=SUCCESS |  
2019-08-20 16:03:52,917 | INFO  | DNAudit | user=null | ip=null | op=WRITE_CHUNK {blockData=conID: 1 locID: 102650152704868804 bcsId: 0} | ret=SUCCESS |  
2019-08-20 16:03:52,918 | INFO  | DNAudit | user=null | ip=null | op=PUT_BLOCK {blockData=[blockId=conID: 1 locID: 102650152704868804 bcsId: 0,size=2097152]} | ret=SUCCESS |  
2019-08-20 16:03:52,918 | INFO  | DNAudit | user=null | ip=null | op=PUT_BLOCK {blockData=[blockId=conID: 1 locID: 102650152704868804 bcsId: 0,size=2097152]} | ret=SUCCESS |  
2019-08-20 16:03:52,918 | INFO  | DNAudit | user=null | ip=null | op=WRITE_CHUNK {blockData=conID: 1 locID: 102650152704868804 bcsId: 1478} | ret=SUCCESS |  
2019-08-20 16:03:52,919 | INFO  | DNAudit | user=null | ip=null | op=PUT_BLOCK {blockData=[blockId=conID: 1 locID: 102650152704868804 bcsId: 0,size=3145728]} | ret=SUCCESS |  
2019-08-20 16:03:52,919 [grpc-default-executor-0] INFO  client.GrpcClientProtocolClient (GrpcClientProtocolClient.java:onNext(255)) - client-EAA342753240->9a4a4c23-9ff3-4ce3-a619-2c71c0869997: receive RaftClientReply:client-EAA342753240->9a4a4c23-9ff3-4ce3-a619-2c71c0869997@group-EC4211DF0353, cid=1096, SUCCESS, logIndex=1483, commits[9a4a4c23-9ff3-4ce3-a619-2c71c0869997:c1484, 9b0072ab-15b3-4973-9bcb-7fa02f6bfea9:c1482, 9f215ef2-7d46-4cda-b695-cae1b893f75f:c1482]
2019-08-20 16:03:52,919 [grpc-default-executor-0] INFO  client.GrpcClientProtocolClient (GrpcClientProtocolClient.java:onNext(255)) - client-EAA342753240->9a4a4c23-9ff3-4ce3-a619-2c71c0869997: receive RaftClientReply:client-EAA342753240->9a4a4c23-9ff3-4ce3-a619-2c71c0869997@group-EC4211DF0353, cid=1097, SUCCESS, logIndex=1484, commits[9a4a4c23-9ff3-4ce3-a619-2c71c0869997:c1484, 9b0072ab-15b3-4973-9bcb-7fa02f6bfea9:c1482, 9f215ef2-7d46-4cda-b695-cae1b893f75f:c1482]
2019-08-20 16:03:53,088 | INFO  | DNAudit | user=null | ip=null | op=WRITE_CHUNK {blockData=conID: 1 locID: 102650152704868804 bcsId: 1484} | ret=SUCCESS |  
2019-08-20 16:03:53,088 | INFO  | SCMAudit | user=jenkins1000 | ip=192.168.69.96 | op=SEND_HEARTBEAT {datanodeUUID=69f203df-fb09-400b-ac11-cd7a56dd70a5, command=[]} | ret=SUCCESS |  
2019-08-20 16:03:53,089 | INFO  | DNAudit | user=null | ip=null | op=WRITE_CHUNK {blockData=conID: 1 locID: 102650152704868804 bcsId: 1478} | ret=SUCCESS |  
2019-08-20 16:03:53,089 | INFO  | DNAudit | user=null | ip=null | op=WRITE_CHUNK {blockData=conID: 1 locID: 102650152704868804 bcsId: 1478} | ret=SUCCESS |  
2019-08-20 16:03:53,092 | INFO  | DNAudit | user=null | ip=null | op=PUT_BLOCK {blockData=[blockId=conID: 1 locID: 102650152704868804 bcsId: 0,size=3145728]} | ret=SUCCESS |  
2019-08-20 16:03:53,092 | INFO  | DNAudit | user=null | ip=null | op=PUT_BLOCK {blockData=[blockId=conID: 1 locID: 102650152704868804 bcsId: 0,size=3145728]} | ret=SUCCESS |  
2019-08-20 16:03:53,092 | INFO  | DNAudit | user=null | ip=null | op=WRITE_CHUNK {blockData=conID: 1 locID: 102650152704868804 bcsId: 1484} | ret=SUCCESS |  
2019-08-20 16:03:53,093 | INFO  | DNAudit | user=null | ip=null | op=WRITE_CHUNK {blockData=conID: 1 locID: 102650152704868804 bcsId: 1484} | ret=SUCCESS |  
2019-08-20 16:03:53,094 | INFO  | DNAudit | user=null | ip=null | op=WRITE_CHUNK {blockData=conID: 1 locID: 102650152704868804 bcsId: 1484} | ret=SUCCESS |  
2019-08-20 16:03:53,095 | INFO  | DNAudit | user=null | ip=null | op=PUT_BLOCK {blockData=[blockId=conID: 1 locID: 102650152704868804 bcsId: 0,size=4194304]} | ret=SUCCESS |  
2019-08-20 16:03:53,095 [grpc-default-executor-0] INFO  client.GrpcClientProtocolClient (GrpcClientProtocolClient.java:onNext(255)) - client-EAA342753240->9a4a4c23-9ff3-4ce3-a619-2c71c0869997: receive RaftClientReply:client-EAA342753240->9a4a4c23-9ff3-4ce3-a619-2c71c0869997@group-EC4211DF0353, cid=1098, SUCCESS, logIndex=1487, commits[9a4a4c23-9ff3-4ce3-a619-2c71c0869997:c1488, 9b0072ab-15b3-4973-9bcb-7fa02f6bfea9:c1484, 9f215ef2-7d46-4cda-b695-cae1b893f75f:c1484]
2019-08-20 16:03:53,096 [grpc-default-executor-0] INFO  client.GrpcClientProtocolClient (GrpcClientProtocolClient.java:onNext(255)) - client-EAA342753240->9a4a4c23-9ff3-4ce3-a619-2c71c0869997: receive RaftClientReply:client-EAA342753240->9a4a4c23-9ff3-4ce3-a619-2c71c0869997@group-EC4211DF0353, cid=1099, SUCCESS, logIndex=1488, commits[9a4a4c23-9ff3-4ce3-a619-2c71c0869997:c1488, 9b0072ab-15b3-4973-9bcb-7fa02f6bfea9:c1484, 9f215ef2-7d46-4cda-b695-cae1b893f75f:c1484]
2019-08-20 16:03:53,110 | INFO  | SCMAudit | user=jenkins1000 | ip=192.168.69.96 | op=SEND_HEARTBEAT {datanodeUUID=f1afe498-2778-451e-a3e4-8199ec337a15, command=[]} | ret=SUCCESS |  
2019-08-20 16:03:53,111 | INFO  | DNAudit | user=null | ip=null | op=WRITE_CHUNK {blockData=conID: 1 locID: 102650152704868804 bcsId: 1484} | ret=SUCCESS |  
2019-08-20 16:03:53,122 | INFO  | DNAudit | user=null | ip=null | op=WRITE_CHUNK {blockData=conID: 1 locID: 102650152704868804 bcsId: 1484} | ret=SUCCESS |  
2019-08-20 16:03:53,123 | INFO  | DNAudit | user=null | ip=null | op=PUT_BLOCK {blockData=[blockId=conID: 1 locID: 102650152704868804 bcsId: 0,size=4194304]} | ret=SUCCESS |  
2019-08-20 16:03:53,123 | INFO  | DNAudit | user=null | ip=null | op=PUT_BLOCK {blockData=[blockId=conID: 1 locID: 102650152704868804 bcsId: 0,size=4194304]} | ret=SUCCESS |  
2019-08-20 16:03:53,123 [grpc-default-executor-0] INFO  client.GrpcClientProtocolClient (GrpcClientProtocolClient.java:onNext(255)) - client-EAA342753240->9a4a4c23-9ff3-4ce3-a619-2c71c0869997: receive RaftClientReply:client-EAA342753240->9a4a4c23-9ff3-4ce3-a619-2c71c0869997@group-EC4211DF0353, cid=1100, SUCCESS, logIndex=0, commits[9a4a4c23-9ff3-4ce3-a619-2c71c0869997:c1490, 9b0072ab-15b3-4973-9bcb-7fa02f6bfea9:c1488, 9f215ef2-7d46-4cda-b695-cae1b893f75f:c1488]
2019-08-20 16:03:53,132 | INFO  | DNAudit | user=null | ip=null | op=WRITE_CHUNK {blockData=conID: 2 locID: 102650152704868805 bcsId: 0} | ret=SUCCESS |  
2019-08-20 16:03:53,136 | INFO  | DNAudit | user=null | ip=null | op=WRITE_CHUNK {blockData=conID: 2 locID: 102650152704868805 bcsId: 0} | ret=SUCCESS |  
2019-08-20 16:03:53,136 | INFO  | DNAudit | user=null | ip=null | op=WRITE_CHUNK {blockData=conID: 2 locID: 102650152704868805 bcsId: 0} | ret=SUCCESS |  
2019-08-20 16:03:53,136 | INFO  | DNAudit | user=null | ip=null | op=WRITE_CHUNK {blockData=conID: 2 locID: 102650152704868805 bcsId: 0} | ret=SUCCESS |  
2019-08-20 16:03:53,139 | INFO  | DNAudit | user=null | ip=null | op=WRITE_CHUNK {blockData=conID: 2 locID: 102650152704868805 bcsId: 0} | ret=SUCCESS |  
2019-08-20 16:03:53,139 | INFO  | DNAudit | user=null | ip=null | op=WRITE_CHUNK {blockData=conID: 2 locID: 102650152704868805 bcsId: 0} | ret=SUCCESS |  
2019-08-20 16:03:53,183 | INFO  | DNAudit | user=null | ip=null | op=WRITE_CHUNK {blockData=conID: 2 locID: 102650152704868805 bcsId: 0} | ret=SUCCESS |  
2019-08-20 16:03:53,184 | INFO  | DNAudit | user=null | ip=null | op=PUT_BLOCK {blockData=[blockId=conID: 2 locID: 102650152704868805 bcsId: 0,size=1048576]} | ret=SUCCESS |  
2019-08-20 16:03:53,184 | INFO  | DNAudit | user=null | ip=null | op=WRITE_CHUNK {blockData=conID: 2 locID: 102650152704868805 bcsId: 0} | ret=SUCCESS |  
2019-08-20 16:03:53,184 [grpc-default-executor-5] INFO  client.GrpcClientProtocolClient (GrpcClientProtocolClient.java:onNext(255)) - client-EAA342753240->9a4a4c23-9ff3-4ce3-a619-2c71c0869997: receive RaftClientReply:client-EAA342753240->9a4a4c23-9ff3-4ce3-a619-2c71c0869997@group-EC4211DF0353, cid=1101, SUCCESS, logIndex=1491, commits[9a4a4c23-9ff3-4ce3-a619-2c71c0869997:c1493, 9b0072ab-15b3-4973-9bcb-7fa02f6bfea9:c1490, 9f215ef2-7d46-4cda-b695-cae1b893f75f:c1490]
2019-08-20 16:03:53,184 | INFO  | DNAudit | user=null | ip=null | op=WRITE_CHUNK {blockData=conID: 2 locID: 102650152704868805 bcsId: 0} | ret=SUCCESS |  
2019-08-20 16:03:53,184 | INFO  | DNAudit | user=null | ip=null | op=PUT_BLOCK {blockData=[blockId=conID: 2 locID: 102650152704868805 bcsId: 0,size=2097152]} | ret=SUCCESS |  
2019-08-20 16:03:53,185 | INFO  | DNAudit | user=null | ip=null | op=WRITE_CHUNK {blockData=conID: 2 locID: 102650152704868805 bcsId: 0} | ret=SUCCESS |  
2019-08-20 16:03:53,185 [grpc-default-executor-5] INFO  client.GrpcClientProtocolClient (GrpcClientProtocolClient.java:onNext(255)) - client-EAA342753240->9a4a4c23-9ff3-4ce3-a619-2c71c0869997: receive RaftClientReply:client-EAA342753240->9a4a4c23-9ff3-4ce3-a619-2c71c0869997@group-EC4211DF0353, cid=1102, SUCCESS, logIndex=1492, commits[9a4a4c23-9ff3-4ce3-a619-2c71c0869997:c1494, 9b0072ab-15b3-4973-9bcb-7fa02f6bfea9:c1490, 9f215ef2-7d46-4cda-b695-cae1b893f75f:c1490]
2019-08-20 16:03:53,185 | INFO  | DNAudit | user=null | ip=null | op=PUT_BLOCK {blockData=[blockId=conID: 2 locID: 102650152704868805 bcsId: 0,size=1048576]} | ret=SUCCESS |  
2019-08-20 16:03:53,186 | INFO  | DNAudit | user=null | ip=null | op=PUT_BLOCK {blockData=[blockId=conID: 2 locID: 102650152704868805 bcsId: 0,size=1048576]} | ret=SUCCESS |  
2019-08-20 16:03:53,186 [grpc-default-executor-5] INFO  client.GrpcClientProtocolClient (GrpcClientProtocolClient.java:onNext(255)) - client-EAA342753240->9a4a4c23-9ff3-4ce3-a619-2c71c0869997: receive RaftClientReply:client-EAA342753240->9a4a4c23-9ff3-4ce3-a619-2c71c0869997@group-EC4211DF0353, cid=1103, SUCCESS, logIndex=1493, commits[9a4a4c23-9ff3-4ce3-a619-2c71c0869997:c1494, 9b0072ab-15b3-4973-9bcb-7fa02f6bfea9:c1491, 9f215ef2-7d46-4cda-b695-cae1b893f75f:c1490]
2019-08-20 16:03:53,186 | INFO  | DNAudit | user=null | ip=null | op=WRITE_CHUNK {blockData=conID: 2 locID: 102650152704868805 bcsId: 0} | ret=SUCCESS |  
2019-08-20 16:03:53,186 [grpc-default-executor-5] INFO  client.GrpcClientProtocolClient (GrpcClientProtocolClient.java:onNext(255)) - client-EAA342753240->9a4a4c23-9ff3-4ce3-a619-2c71c0869997: receive RaftClientReply:client-EAA342753240->9a4a4c23-9ff3-4ce3-a619-2c71c0869997@group-EC4211DF0353, cid=1104, SUCCESS, logIndex=1494, commits[9a4a4c23-9ff3-4ce3-a619-2c71c0869997:c1495, 9b0072ab-15b3-4973-9bcb-7fa02f6bfea9:c1491, 9f215ef2-7d46-4cda-b695-cae1b893f75f:c1490]
2019-08-20 16:03:53,186 | INFO  | DNAudit | user=null | ip=null | op=WRITE_CHUNK {blockData=conID: 2 locID: 102650152704868805 bcsId: 0} | ret=SUCCESS |  
2019-08-20 16:03:53,186 | INFO  | DNAudit | user=null | ip=null | op=PUT_BLOCK {blockData=[blockId=conID: 2 locID: 102650152704868805 bcsId: 0,size=2097152]} | ret=SUCCESS |  
2019-08-20 16:03:53,186 | INFO  | DNAudit | user=null | ip=null | op=PUT_BLOCK {blockData=[blockId=conID: 2 locID: 102650152704868805 bcsId: 0,size=2097152]} | ret=SUCCESS |  
2019-08-20 16:03:53,187 [grpc-default-executor-5] INFO  client.GrpcClientProtocolClient (GrpcClientProtocolClient.java:onNext(255)) - client-EAA342753240->9a4a4c23-9ff3-4ce3-a619-2c71c0869997: receive RaftClientReply:client-EAA342753240->9a4a4c23-9ff3-4ce3-a619-2c71c0869997@group-EC4211DF0353, cid=1105, SUCCESS, logIndex=0, commits[9a4a4c23-9ff3-4ce3-a619-2c71c0869997:c1498, 9b0072ab-15b3-4973-9bcb-7fa02f6bfea9:c1494, 9f215ef2-7d46-4cda-b695-cae1b893f75f:c1494]
2019-08-20 16:03:53,196 | INFO  | DNAudit | user=null | ip=null | op=WRITE_CHUNK {blockData=conID: 2 locID: 102650152704868805 bcsId: 1494} | ret=SUCCESS |  
2019-08-20 16:03:53,200 | INFO  | DNAudit | user=null | ip=null | op=WRITE_CHUNK {blockData=conID: 2 locID: 102650152704868805 bcsId: 1494} | ret=SUCCESS |  
2019-08-20 16:03:53,200 | INFO  | DNAudit | user=null | ip=null | op=WRITE_CHUNK {blockData=conID: 2 locID: 102650152704868805 bcsId: 1494} | ret=SUCCESS |  
2019-08-20 16:03:53,212 | INFO  | DNAudit | user=null | ip=null | op=WRITE_CHUNK {blockData=conID: 2 locID: 102650152704868805 bcsId: 1494} | ret=SUCCESS |  
2019-08-20 16:03:53,213 | INFO  | DNAudit | user=null | ip=null | op=PUT_BLOCK {blockData=[blockId=conID: 2 locID: 102650152704868805 bcsId: 0,size=3145728]} | ret=SUCCESS |  
2019-08-20 16:03:53,213 [grpc-default-executor-0] INFO  client.GrpcClientProtocolClient (GrpcClientProtocolClient.java:onNext(255)) - client-EAA342753240->9a4a4c23-9ff3-4ce3-a619-2c71c0869997: receive RaftClientReply:client-EAA342753240->9a4a4c23-9ff3-4ce3-a619-2c71c0869997@group-EC4211DF0353, cid=1106, SUCCESS, logIndex=1499, commits[9a4a4c23-9ff3-4ce3-a619-2c71c0869997:c1500, 9b0072ab-15b3-4973-9bcb-7fa02f6bfea9:c1498, 9f215ef2-7d46-4cda-b695-cae1b893f75f:c1498]
2019-08-20 16:03:53,214 [grpc-default-executor-0] INFO  client.GrpcClientProtocolClient (GrpcClientProtocolClient.java:onNext(255)) - client-EAA342753240->9a4a4c23-9ff3-4ce3-a619-2c71c0869997: receive RaftClientReply:client-EAA342753240->9a4a4c23-9ff3-4ce3-a619-2c71c0869997@group-EC4211DF0353, cid=1107, SUCCESS, logIndex=1500, commits[9a4a4c23-9ff3-4ce3-a619-2c71c0869997:c1500, 9b0072ab-15b3-4973-9bcb-7fa02f6bfea9:c1498, 9f215ef2-7d46-4cda-b695-cae1b893f75f:c1498]
2019-08-20 16:03:53,218 | INFO  | DNAudit | user=null | ip=null | op=WRITE_CHUNK {blockData=conID: 2 locID: 102650152704868805 bcsId: 1494} | ret=SUCCESS |  
2019-08-20 16:03:53,218 | INFO  | DNAudit | user=null | ip=null | op=WRITE_CHUNK {blockData=conID: 2 locID: 102650152704868805 bcsId: 1494} | ret=SUCCESS |  
2019-08-20 16:03:53,218 | INFO  | DNAudit | user=null | ip=null | op=PUT_BLOCK {blockData=[blockId=conID: 2 locID: 102650152704868805 bcsId: 0,size=3145728]} | ret=SUCCESS |  
2019-08-20 16:03:53,218 | INFO  | DNAudit | user=null | ip=null | op=PUT_BLOCK {blockData=[blockId=conID: 2 locID: 102650152704868805 bcsId: 0,size=3145728]} | ret=SUCCESS |  
2019-08-20 16:03:53,223 | INFO  | DNAudit | user=null | ip=null | op=WRITE_CHUNK {blockData=conID: 2 locID: 102650152704868805 bcsId: 1500} | ret=SUCCESS |  
2019-08-20 16:03:53,225 | INFO  | DNAudit | user=null | ip=null | op=WRITE_CHUNK {blockData=conID: 2 locID: 102650152704868805 bcsId: 1500} | ret=SUCCESS |  
2019-08-20 16:03:53,225 | INFO  | DNAudit | user=null | ip=null | op=WRITE_CHUNK {blockData=conID: 2 locID: 102650152704868805 bcsId: 1500} | ret=SUCCESS |  
2019-08-20 16:03:53,229 | INFO  | DNAudit | user=null | ip=null | op=WRITE_CHUNK {blockData=conID: 2 locID: 102650152704868805 bcsId: 1500} | ret=SUCCESS |  
2019-08-20 16:03:53,230 | INFO  | DNAudit | user=null | ip=null | op=PUT_BLOCK {blockData=[blockId=conID: 2 locID: 102650152704868805 bcsId: 0,size=4194304]} | ret=SUCCESS |  
2019-08-20 16:03:53,230 [grpc-default-executor-3] INFO  client.GrpcClientProtocolClient (GrpcClientProtocolClient.java:onNext(255)) - client-EAA342753240->9a4a4c23-9ff3-4ce3-a619-2c71c0869997: receive RaftClientReply:client-EAA342753240->9a4a4c23-9ff3-4ce3-a619-2c71c0869997@group-EC4211DF0353, cid=1108, SUCCESS, logIndex=1503, commits[9a4a4c23-9ff3-4ce3-a619-2c71c0869997:c1504, 9b0072ab-15b3-4973-9bcb-7fa02f6bfea9:c1502, 9f215ef2-7d46-4cda-b695-cae1b893f75f:c1502]
2019-08-20 16:03:53,230 [grpc-default-executor-3] INFO  client.GrpcClientProtocolClient (GrpcClientProtocolClient.java:onNext(255)) - client-EAA342753240->9a4a4c23-9ff3-4ce3-a619-2c71c0869997: receive RaftClientReply:client-EAA342753240->9a4a4c23-9ff3-4ce3-a619-2c71c0869997@group-EC4211DF0353, cid=1109, SUCCESS, logIndex=1504, commits[9a4a4c23-9ff3-4ce3-a619-2c71c0869997:c1504, 9b0072ab-15b3-4973-9bcb-7fa02f6bfea9:c1502, 9f215ef2-7d46-4cda-b695-cae1b893f75f:c1502]
2019-08-20 16:03:53,279 | INFO  | DNAudit | user=null | ip=null | op=WRITE_CHUNK {blockData=conID: 2 locID: 102650152704868805 bcsId: 1500} | ret=SUCCESS |  
2019-08-20 16:03:53,279 | INFO  | DNAudit | user=null | ip=null | op=WRITE_CHUNK {blockData=conID: 2 locID: 102650152704868805 bcsId: 1500} | ret=SUCCESS |  
2019-08-20 16:03:53,280 | INFO  | DNAudit | user=null | ip=null | op=PUT_BLOCK {blockData=[blockId=conID: 2 locID: 102650152704868805 bcsId: 0,size=4194304]} | ret=SUCCESS |  
2019-08-20 16:03:53,281 | INFO  | DNAudit | user=null | ip=null | op=PUT_BLOCK {blockData=[blockId=conID: 2 locID: 102650152704868805 bcsId: 0,size=4194304]} | ret=SUCCESS |  
2019-08-20 16:03:53,281 [grpc-default-executor-0] INFO  client.GrpcClientProtocolClient (GrpcClientProtocolClient.java:onNext(255)) - client-EAA342753240->9a4a4c23-9ff3-4ce3-a619-2c71c0869997: receive RaftClientReply:client-EAA342753240->9a4a4c23-9ff3-4ce3-a619-2c71c0869997@group-EC4211DF0353, cid=1110, SUCCESS, logIndex=0, commits[9a4a4c23-9ff3-4ce3-a619-2c71c0869997:c1506, 9b0072ab-15b3-4973-9bcb-7fa02f6bfea9:c1504, 9f215ef2-7d46-4cda-b695-cae1b893f75f:c1504]
2019-08-20 16:03:53,291 | INFO  | DNAudit | user=null | ip=null | op=WRITE_CHUNK {blockData=conID: 3 locID: 102650152704868806 bcsId: 0} | ret=SUCCESS |  
2019-08-20 16:03:53,295 | INFO  | DNAudit | user=null | ip=null | op=WRITE_CHUNK {blockData=conID: 3 locID: 102650152704868806 bcsId: 0} | ret=SUCCESS |  
2019-08-20 16:03:53,295 | INFO  | DNAudit | user=null | ip=null | op=WRITE_CHUNK {blockData=conID: 3 locID: 102650152704868806 bcsId: 0} | ret=SUCCESS |  
2019-08-20 16:03:53,296 | INFO  | DNAudit | user=null | ip=null | op=WRITE_CHUNK {blockData=conID: 3 locID: 102650152704868806 bcsId: 0} | ret=SUCCESS |  
2019-08-20 16:03:53,298 | INFO  | DNAudit | user=null | ip=null | op=WRITE_CHUNK {blockData=conID: 3 locID: 102650152704868806 bcsId: 0} | ret=SUCCESS |  
2019-08-20 16:03:53,298 | INFO  | DNAudit | user=null | ip=null | op=WRITE_CHUNK {blockData=conID: 3 locID: 102650152704868806 bcsId: 0} | ret=SUCCESS |  
2019-08-20 16:03:53,315 | INFO  | DNAudit | user=null | ip=null | op=WRITE_CHUNK {blockData=conID: 3 locID: 102650152704868806 bcsId: 0} | ret=SUCCESS |  
2019-08-20 16:03:53,316 | INFO  | DNAudit | user=null | ip=null | op=PUT_BLOCK {blockData=[blockId=conID: 3 locID: 102650152704868806 bcsId: 0,size=1048576]} | ret=SUCCESS |  
2019-08-20 16:03:53,316 | INFO  | DNAudit | user=null | ip=null | op=WRITE_CHUNK {blockData=conID: 3 locID: 102650152704868806 bcsId: 0} | ret=SUCCESS |  
2019-08-20 16:03:53,316 [grpc-default-executor-6] INFO  client.GrpcClientProtocolClient (GrpcClientProtocolClient.java:onNext(255)) - client-EAA342753240->9a4a4c23-9ff3-4ce3-a619-2c71c0869997: receive RaftClientReply:client-EAA342753240->9a4a4c23-9ff3-4ce3-a619-2c71c0869997@group-EC4211DF0353, cid=1111, SUCCESS, logIndex=1507, commits[9a4a4c23-9ff3-4ce3-a619-2c71c0869997:c1508, 9b0072ab-15b3-4973-9bcb-7fa02f6bfea9:c1506, 9f215ef2-7d46-4cda-b695-cae1b893f75f:c1506]
2019-08-20 16:03:53,317 | INFO  | DNAudit | user=null | ip=null | op=PUT_BLOCK {blockData=[blockId=conID: 3 locID: 102650152704868806 bcsId: 0,size=2097152]} | ret=SUCCESS |  
2019-08-20 16:03:53,317 [grpc-default-executor-6] INFO  client.GrpcClientProtocolClient (GrpcClientProtocolClient.java:onNext(255)) - client-EAA342753240->9a4a4c23-9ff3-4ce3-a619-2c71c0869997: receive RaftClientReply:client-EAA342753240->9a4a4c23-9ff3-4ce3-a619-2c71c0869997@group-EC4211DF0353, cid=1112, SUCCESS, logIndex=1508, commits[9a4a4c23-9ff3-4ce3-a619-2c71c0869997:c1510, 9b0072ab-15b3-4973-9bcb-7fa02f6bfea9:c1506, 9f215ef2-7d46-4cda-b695-cae1b893f75f:c1506]
2019-08-20 16:03:53,317 | INFO  | DNAudit | user=null | ip=null | op=WRITE_CHUNK {blockData=conID: 3 locID: 102650152704868806 bcsId: 0} | ret=SUCCESS |  
2019-08-20 16:03:53,317 [grpc-default-executor-3] INFO  client.GrpcClientProtocolClient (GrpcClientProtocolClient.java:onNext(255)) - client-EAA342753240->9a4a4c23-9ff3-4ce3-a619-2c71c0869997: receive RaftClientReply:client-EAA342753240->9a4a4c23-9ff3-4ce3-a619-2c71c0869997@group-EC4211DF0353, cid=1113, SUCCESS, logIndex=1509, commits[9a4a4c23-9ff3-4ce3-a619-2c71c0869997:c1510, 9b0072ab-15b3-4973-9bcb-7fa02f6bfea9:c1506, 9f215ef2-7d46-4cda-b695-cae1b893f75f:c1506]
2019-08-20 16:03:53,317 | INFO  | DNAudit | user=null | ip=null | op=WRITE_CHUNK {blockData=conID: 3 locID: 102650152704868806 bcsId: 0} | ret=SUCCESS |  
2019-08-20 16:03:53,318 | INFO  | DNAudit | user=null | ip=null | op=PUT_BLOCK {blockData=[blockId=conID: 3 locID: 102650152704868806 bcsId: 0,size=1048576]} | ret=SUCCESS |  
2019-08-20 16:03:53,318 [grpc-default-executor-6] INFO  client.GrpcClientProtocolClient (GrpcClientProtocolClient.java:onNext(255)) - client-EAA342753240->9a4a4c23-9ff3-4ce3-a619-2c71c0869997: receive RaftClientReply:client-EAA342753240->9a4a4c23-9ff3-4ce3-a619-2c71c0869997@group-EC4211DF0353, cid=1114, SUCCESS, logIndex=1510, commits[9a4a4c23-9ff3-4ce3-a619-2c71c0869997:c1510, 9b0072ab-15b3-4973-9bcb-7fa02f6bfea9:c1506, 9f215ef2-7d46-4cda-b695-cae1b893f75f:c1506]
2019-08-20 16:03:53,318 | INFO  | DNAudit | user=null | ip=null | op=PUT_BLOCK {blockData=[blockId=conID: 3 locID: 102650152704868806 bcsId: 0,size=1048576]} | ret=SUCCESS |  
2019-08-20 16:03:53,318 | INFO  | DNAudit | user=null | ip=null | op=WRITE_CHUNK {blockData=conID: 3 locID: 102650152704868806 bcsId: 0} | ret=SUCCESS |  
2019-08-20 16:03:53,319 | INFO  | DNAudit | user=null | ip=null | op=WRITE_CHUNK {blockData=conID: 3 locID: 102650152704868806 bcsId: 0} | ret=SUCCESS |  
2019-08-20 16:03:53,319 | INFO  | DNAudit | user=null | ip=null | op=PUT_BLOCK {blockData=[blockId=conID: 3 locID: 102650152704868806 bcsId: 0,size=2097152]} | ret=SUCCESS |  
2019-08-20 16:03:53,319 | INFO  | DNAudit | user=null | ip=null | op=PUT_BLOCK {blockData=[blockId=conID: 3 locID: 102650152704868806 bcsId: 0,size=2097152]} | ret=SUCCESS |  
2019-08-20 16:03:53,320 [grpc-default-executor-6] INFO  client.GrpcClientProtocolClient (GrpcClientProtocolClient.java:onNext(255)) - client-EAA342753240->9a4a4c23-9ff3-4ce3-a619-2c71c0869997: receive RaftClientReply:client-EAA342753240->9a4a4c23-9ff3-4ce3-a619-2c71c0869997@group-EC4211DF0353, cid=1115, SUCCESS, logIndex=0, commits[9a4a4c23-9ff3-4ce3-a619-2c71c0869997:c1511, 9b0072ab-15b3-4973-9bcb-7fa02f6bfea9:c1508, 9f215ef2-7d46-4cda-b695-cae1b893f75f:c1508]
2019-08-20 16:03:53,327 | INFO  | DNAudit | user=null | ip=null | op=WRITE_CHUNK {blockData=conID: 3 locID: 102650152704868806 bcsId: 1510} | ret=SUCCESS |  
2019-08-20 16:03:53,330 | INFO  | DNAudit | user=null | ip=null | op=WRITE_CHUNK {blockData=conID: 3 locID: 102650152704868806 bcsId: 1510} | ret=SUCCESS |  
2019-08-20 16:03:53,330 | INFO  | DNAudit | user=null | ip=null | op=WRITE_CHUNK {blockData=conID: 3 locID: 102650152704868806 bcsId: 1510} | ret=SUCCESS |  
2019-08-20 16:03:53,333 | INFO  | DNAudit | user=null | ip=null | op=WRITE_CHUNK {blockData=conID: 3 locID: 102650152704868806 bcsId: 1510} | ret=SUCCESS |  
2019-08-20 16:03:53,333 | INFO  | DNAudit | user=null | ip=null | op=PUT_BLOCK {blockData=[blockId=conID: 3 locID: 102650152704868806 bcsId: 0,size=3145728]} | ret=SUCCESS |  
2019-08-20 16:03:53,333 [grpc-default-executor-3] INFO  client.GrpcClientProtocolClient (GrpcClientProtocolClient.java:onNext(255)) - client-EAA342753240->9a4a4c23-9ff3-4ce3-a619-2c71c0869997: receive RaftClientReply:client-EAA342753240->9a4a4c23-9ff3-4ce3-a619-2c71c0869997@group-EC4211DF0353, cid=1116, SUCCESS, logIndex=1515, commits[9a4a4c23-9ff3-4ce3-a619-2c71c0869997:c1516, 9b0072ab-15b3-4973-9bcb-7fa02f6bfea9:c1514, 9f215ef2-7d46-4cda-b695-cae1b893f75f:c1514]
2019-08-20 16:03:53,334 [grpc-default-executor-3] INFO  client.GrpcClientProtocolClient (GrpcClientProtocolClient.java:onNext(255)) - client-EAA342753240->9a4a4c23-9ff3-4ce3-a619-2c71c0869997: receive RaftClientReply:client-EAA342753240->9a4a4c23-9ff3-4ce3-a619-2c71c0869997@group-EC4211DF0353, cid=1117, SUCCESS, logIndex=1516, commits[9a4a4c23-9ff3-4ce3-a619-2c71c0869997:c1516, 9b0072ab-15b3-4973-9bcb-7fa02f6bfea9:c1514, 9f215ef2-7d46-4cda-b695-cae1b893f75f:c1514]
2019-08-20 16:03:53,334 | INFO  | DNAudit | user=null | ip=null | op=WRITE_CHUNK {blockData=conID: 3 locID: 102650152704868806 bcsId: 1510} | ret=SUCCESS |  
2019-08-20 16:03:53,334 | INFO  | DNAudit | user=null | ip=null | op=WRITE_CHUNK {blockData=conID: 3 locID: 102650152704868806 bcsId: 1510} | ret=SUCCESS |  
2019-08-20 16:03:53,335 | INFO  | DNAudit | user=null | ip=null | op=PUT_BLOCK {blockData=[blockId=conID: 3 locID: 102650152704868806 bcsId: 0,size=3145728]} | ret=SUCCESS |  
2019-08-20 16:03:53,335 | INFO  | DNAudit | user=null | ip=null | op=PUT_BLOCK {blockData=[blockId=conID: 3 locID: 102650152704868806 bcsId: 0,size=3145728]} | ret=SUCCESS |  
2019-08-20 16:03:53,341 | INFO  | DNAudit | user=null | ip=null | op=WRITE_CHUNK {blockData=conID: 3 locID: 102650152704868806 bcsId: 1516} | ret=SUCCESS |  
2019-08-20 16:03:53,344 | INFO  | DNAudit | user=null | ip=null | op=WRITE_CHUNK {blockData=conID: 3 locID: 102650152704868806 bcsId: 1516} | ret=SUCCESS |  
2019-08-20 16:03:53,344 | INFO  | DNAudit | user=null | ip=null | op=WRITE_CHUNK {blockData=conID: 3 locID: 102650152704868806 bcsId: 1516} | ret=SUCCESS |  
2019-08-20 16:03:53,359 | INFO  | DNAudit | user=null | ip=null | op=WRITE_CHUNK {blockData=conID: 3 locID: 102650152704868806 bcsId: 1516} | ret=SUCCESS |  
2019-08-20 16:03:53,359 | INFO  | DNAudit | user=null | ip=null | op=PUT_BLOCK {blockData=[blockId=conID: 3 locID: 102650152704868806 bcsId: 0,size=4194304]} | ret=SUCCESS |  
2019-08-20 16:03:53,359 [grpc-default-executor-5] INFO  client.GrpcClientProtocolClient (GrpcClientProtocolClient.java:onNext(255)) - client-EAA342753240->9a4a4c23-9ff3-4ce3-a619-2c71c0869997: receive RaftClientReply:client-EAA342753240->9a4a4c23-9ff3-4ce3-a619-2c71c0869997@group-EC4211DF0353, cid=1118, SUCCESS, logIndex=1519, commits[9a4a4c23-9ff3-4ce3-a619-2c71c0869997:c1520, 9b0072ab-15b3-4973-9bcb-7fa02f6bfea9:c1518, 9f215ef2-7d46-4cda-b695-cae1b893f75f:c1518]
2019-08-20 16:03:53,360 [grpc-default-executor-5] INFO  client.GrpcClientProtocolClient (GrpcClientProtocolClient.java:onNext(255)) - client-EAA342753240->9a4a4c23-9ff3-4ce3-a619-2c71c0869997: receive RaftClientReply:client-EAA342753240->9a4a4c23-9ff3-4ce3-a619-2c71c0869997@group-EC4211DF0353, cid=1119, SUCCESS, logIndex=1520, commits[9a4a4c23-9ff3-4ce3-a619-2c71c0869997:c1520, 9b0072ab-15b3-4973-9bcb-7fa02f6bfea9:c1518, 9f215ef2-7d46-4cda-b695-cae1b893f75f:c1518]
2019-08-20 16:03:53,361 | INFO  | DNAudit | user=null | ip=null | op=WRITE_CHUNK {blockData=conID: 3 locID: 102650152704868806 bcsId: 1516} | ret=SUCCESS |  
2019-08-20 16:03:53,361 | INFO  | DNAudit | user=null | ip=null | op=WRITE_CHUNK {blockData=conID: 3 locID: 102650152704868806 bcsId: 1516} | ret=SUCCESS |  
2019-08-20 16:03:53,362 | INFO  | DNAudit | user=null | ip=null | op=PUT_BLOCK {blockData=[blockId=conID: 3 locID: 102650152704868806 bcsId: 0,size=4194304]} | ret=SUCCESS |  
2019-08-20 16:03:53,362 | INFO  | DNAudit | user=null | ip=null | op=PUT_BLOCK {blockData=[blockId=conID: 3 locID: 102650152704868806 bcsId: 0,size=4194304]} | ret=SUCCESS |  
2019-08-20 16:03:53,363 [grpc-default-executor-5] INFO  client.GrpcClientProtocolClient (GrpcClientProtocolClient.java:onNext(255)) - client-EAA342753240->9a4a4c23-9ff3-4ce3-a619-2c71c0869997: receive RaftClientReply:client-EAA342753240->9a4a4c23-9ff3-4ce3-a619-2c71c0869997@group-EC4211DF0353, cid=1120, SUCCESS, logIndex=0, commits[9a4a4c23-9ff3-4ce3-a619-2c71c0869997:c1521, 9b0072ab-15b3-4973-9bcb-7fa02f6bfea9:c1520, 9f215ef2-7d46-4cda-b695-cae1b893f75f:c1520]
2019-08-20 16:03:53,371 | INFO  | DNAudit | user=null | ip=null | op=WRITE_CHUNK {blockData=conID: 1 locID: 102650152704868807 bcsId: 0} | ret=SUCCESS |  
2019-08-20 16:03:53,373 | INFO  | DNAudit | user=null | ip=null | op=WRITE_CHUNK {blockData=conID: 1 locID: 102650152704868807 bcsId: 0} | ret=SUCCESS |  
2019-08-20 16:03:53,374 | INFO  | DNAudit | user=null | ip=null | op=WRITE_CHUNK {blockData=conID: 1 locID: 102650152704868807 bcsId: 0} | ret=SUCCESS |  
2019-08-20 16:03:53,374 | INFO  | DNAudit | user=null | ip=null | op=WRITE_CHUNK {blockData=conID: 1 locID: 102650152704868807 bcsId: 0} | ret=SUCCESS |  
2019-08-20 16:03:53,376 | INFO  | DNAudit | user=null | ip=null | op=WRITE_CHUNK {blockData=conID: 1 locID: 102650152704868807 bcsId: 0} | ret=SUCCESS |  
2019-08-20 16:03:53,376 | INFO  | DNAudit | user=null | ip=null | op=WRITE_CHUNK {blockData=conID: 1 locID: 102650152704868807 bcsId: 0} | ret=SUCCESS |  
2019-08-20 16:03:53,384 | INFO  | DNAudit | user=null | ip=null | op=WRITE_CHUNK {blockData=conID: 1 locID: 102650152704868807 bcsId: 0} | ret=SUCCESS |  
2019-08-20 16:03:53,384 | INFO  | DNAudit | user=null | ip=null | op=PUT_BLOCK {blockData=[blockId=conID: 1 locID: 102650152704868807 bcsId: 0,size=1048576]} | ret=SUCCESS |  
2019-08-20 16:03:53,385 | INFO  | DNAudit | user=null | ip=null | op=WRITE_CHUNK {blockData=conID: 1 locID: 102650152704868807 bcsId: 0} | ret=SUCCESS |  
2019-08-20 16:03:53,384 [grpc-default-executor-6] INFO  client.GrpcClientProtocolClient (GrpcClientProtocolClient.java:onNext(255)) - client-EAA342753240->9a4a4c23-9ff3-4ce3-a619-2c71c0869997: receive RaftClientReply:client-EAA342753240->9a4a4c23-9ff3-4ce3-a619-2c71c0869997@group-EC4211DF0353, cid=1121, SUCCESS, logIndex=1523, commits[9a4a4c23-9ff3-4ce3-a619-2c71c0869997:c1525, 9b0072ab-15b3-4973-9bcb-7fa02f6bfea9:c1522, 9f215ef2-7d46-4cda-b695-cae1b893f75f:c1522]
2019-08-20 16:03:53,385 | INFO  | DNAudit | user=null | ip=null | op=PUT_BLOCK {blockData=[blockId=conID: 1 locID: 102650152704868807 bcsId: 0,size=2097152]} | ret=SUCCESS |  
2019-08-20 16:03:53,385 [grpc-default-executor-6] INFO  client.GrpcClientProtocolClient (GrpcClientProtocolClient.java:onNext(255)) - client-EAA342753240->9a4a4c23-9ff3-4ce3-a619-2c71c0869997: receive RaftClientReply:client-EAA342753240->9a4a4c23-9ff3-4ce3-a619-2c71c0869997@group-EC4211DF0353, cid=1122, SUCCESS, logIndex=1524, commits[9a4a4c23-9ff3-4ce3-a619-2c71c0869997:c1526, 9b0072ab-15b3-4973-9bcb-7fa02f6bfea9:c1522, 9f215ef2-7d46-4cda-b695-cae1b893f75f:c1522]
2019-08-20 16:03:53,385 [grpc-default-executor-6] INFO  client.GrpcClientProtocolClient (GrpcClientProtocolClient.java:onNext(255)) - client-EAA342753240->9a4a4c23-9ff3-4ce3-a619-2c71c0869997: receive RaftClientReply:client-EAA342753240->9a4a4c23-9ff3-4ce3-a619-2c71c0869997@group-EC4211DF0353, cid=1123, SUCCESS, logIndex=1525, commits[9a4a4c23-9ff3-4ce3-a619-2c71c0869997:c1526, 9b0072ab-15b3-4973-9bcb-7fa02f6bfea9:c1522, 9f215ef2-7d46-4cda-b695-cae1b893f75f:c1522]
2019-08-20 16:03:53,386 | INFO  | DNAudit | user=null | ip=null | op=WRITE_CHUNK {blockData=conID: 1 locID: 102650152704868807 bcsId: 0} | ret=SUCCESS |  
2019-08-20 16:03:53,386 | INFO  | DNAudit | user=null | ip=null | op=WRITE_CHUNK {blockData=conID: 1 locID: 102650152704868807 bcsId: 0} | ret=SUCCESS |  
2019-08-20 16:03:53,386 [grpc-default-executor-5] INFO  client.GrpcClientProtocolClient (GrpcClientProtocolClient.java:onNext(255)) - client-EAA342753240->9a4a4c23-9ff3-4ce3-a619-2c71c0869997: receive RaftClientReply:client-EAA342753240->9a4a4c23-9ff3-4ce3-a619-2c71c0869997@group-EC4211DF0353, cid=1124, SUCCESS, logIndex=1526, commits[9a4a4c23-9ff3-4ce3-a619-2c71c0869997:c1526, 9b0072ab-15b3-4973-9bcb-7fa02f6bfea9:c1522, 9f215ef2-7d46-4cda-b695-cae1b893f75f:c1522]
2019-08-20 16:03:53,387 | INFO  | DNAudit | user=null | ip=null | op=PUT_BLOCK {blockData=[blockId=conID: 1 locID: 102650152704868807 bcsId: 0,size=1048576]} | ret=SUCCESS |  
2019-08-20 16:03:53,387 | INFO  | DNAudit | user=null | ip=null | op=PUT_BLOCK {blockData=[blockId=conID: 1 locID: 102650152704868807 bcsId: 0,size=1048576]} | ret=SUCCESS |  
2019-08-20 16:03:53,387 | INFO  | DNAudit | user=null | ip=null | op=WRITE_CHUNK {blockData=conID: 1 locID: 102650152704868807 bcsId: 0} | ret=SUCCESS |  
2019-08-20 16:03:53,387 | INFO  | DNAudit | user=null | ip=null | op=PUT_BLOCK {blockData=[blockId=conID: 1 locID: 102650152704868807 bcsId: 0,size=2097152]} | ret=SUCCESS |  
2019-08-20 16:03:53,387 | INFO  | DNAudit | user=null | ip=null | op=WRITE_CHUNK {blockData=conID: 1 locID: 102650152704868807 bcsId: 0} | ret=SUCCESS |  
2019-08-20 16:03:53,388 [grpc-default-executor-6] INFO  client.GrpcClientProtocolClient (GrpcClientProtocolClient.java:onNext(255)) - client-EAA342753240->9a4a4c23-9ff3-4ce3-a619-2c71c0869997: receive RaftClientReply:client-EAA342753240->9a4a4c23-9ff3-4ce3-a619-2c71c0869997@group-EC4211DF0353, cid=1125, SUCCESS, logIndex=0, commits[9a4a4c23-9ff3-4ce3-a619-2c71c0869997:c1528, 9b0072ab-15b3-4973-9bcb-7fa02f6bfea9:c1525, 9f215ef2-7d46-4cda-b695-cae1b893f75f:c1524]
2019-08-20 16:03:53,388 | INFO  | DNAudit | user=null | ip=null | op=PUT_BLOCK {blockData=[blockId=conID: 1 locID: 102650152704868807 bcsId: 0,size=2097152]} | ret=SUCCESS |  
2019-08-20 16:03:53,394 | INFO  | DNAudit | user=null | ip=null | op=WRITE_CHUNK {blockData=conID: 1 locID: 102650152704868807 bcsId: 1526} | ret=SUCCESS |  
2019-08-20 16:03:53,396 | INFO  | DNAudit | user=null | ip=null | op=WRITE_CHUNK {blockData=conID: 1 locID: 102650152704868807 bcsId: 1526} | ret=SUCCESS |  
2019-08-20 16:03:53,396 | INFO  | DNAudit | user=null | ip=null | op=WRITE_CHUNK {blockData=conID: 1 locID: 102650152704868807 bcsId: 1526} | ret=SUCCESS |  
2019-08-20 16:03:53,399 | INFO  | DNAudit | user=null | ip=null | op=WRITE_CHUNK {blockData=conID: 1 locID: 102650152704868807 bcsId: 1526} | ret=SUCCESS |  
2019-08-20 16:03:53,399 | INFO  | DNAudit | user=null | ip=null | op=PUT_BLOCK {blockData=[blockId=conID: 1 locID: 102650152704868807 bcsId: 0,size=3145728]} | ret=SUCCESS |  
2019-08-20 16:03:53,399 [grpc-default-executor-6] INFO  client.GrpcClientProtocolClient (GrpcClientProtocolClient.java:onNext(255)) - client-EAA342753240->9a4a4c23-9ff3-4ce3-a619-2c71c0869997: receive RaftClientReply:client-EAA342753240->9a4a4c23-9ff3-4ce3-a619-2c71c0869997@group-EC4211DF0353, cid=1126, SUCCESS, logIndex=1531, commits[9a4a4c23-9ff3-4ce3-a619-2c71c0869997:c1532, 9b0072ab-15b3-4973-9bcb-7fa02f6bfea9:c1530, 9f215ef2-7d46-4cda-b695-cae1b893f75f:c1530]
2019-08-20 16:03:53,400 [grpc-default-executor-6] INFO  client.GrpcClientProtocolClient (GrpcClientProtocolClient.java:onNext(255)) - client-EAA342753240->9a4a4c23-9ff3-4ce3-a619-2c71c0869997: receive RaftClientReply:client-EAA342753240->9a4a4c23-9ff3-4ce3-a619-2c71c0869997@group-EC4211DF0353, cid=1127, SUCCESS, logIndex=1532, commits[9a4a4c23-9ff3-4ce3-a619-2c71c0869997:c1532, 9b0072ab-15b3-4973-9bcb-7fa02f6bfea9:c1530, 9f215ef2-7d46-4cda-b695-cae1b893f75f:c1530]
2019-08-20 16:03:53,400 | INFO  | DNAudit | user=null | ip=null | op=WRITE_CHUNK {blockData=conID: 1 locID: 102650152704868807 bcsId: 1526} | ret=SUCCESS |  
2019-08-20 16:03:53,401 | INFO  | DNAudit | user=null | ip=null | op=WRITE_CHUNK {blockData=conID: 1 locID: 102650152704868807 bcsId: 1526} | ret=SUCCESS |  
2019-08-20 16:03:53,401 | INFO  | DNAudit | user=null | ip=null | op=PUT_BLOCK {blockData=[blockId=conID: 1 locID: 102650152704868807 bcsId: 0,size=3145728]} | ret=SUCCESS |  
2019-08-20 16:03:53,402 | INFO  | DNAudit | user=null | ip=null | op=PUT_BLOCK {blockData=[blockId=conID: 1 locID: 102650152704868807 bcsId: 0,size=3145728]} | ret=SUCCESS |  
2019-08-20 16:03:53,405 | INFO  | DNAudit | user=null | ip=null | op=WRITE_CHUNK {blockData=conID: 1 locID: 102650152704868807 bcsId: 1532} | ret=SUCCESS |  
2019-08-20 16:03:53,408 | INFO  | DNAudit | user=null | ip=null | op=WRITE_CHUNK {blockData=conID: 1 locID: 102650152704868807 bcsId: 1532} | ret=SUCCESS |  
2019-08-20 16:03:53,408 | INFO  | DNAudit | user=null | ip=null | op=WRITE_CHUNK {blockData=conID: 1 locID: 102650152704868807 bcsId: 1532} | ret=SUCCESS |  
2019-08-20 16:03:53,417 | INFO  | SCMAudit | user=jenkins1000 | ip=192.168.69.96 | op=SEND_HEARTBEAT {datanodeUUID=9b0072ab-15b3-4973-9bcb-7fa02f6bfea9, command=[]} | ret=SUCCESS |  
2019-08-20 16:03:53,417 | INFO  | SCMAudit | user=jenkins1000 | ip=192.168.69.96 | op=SEND_HEARTBEAT {datanodeUUID=9f215ef2-7d46-4cda-b695-cae1b893f75f, command=[]} | ret=SUCCESS |  
2019-08-20 16:03:53,417 | INFO  | SCMAudit | user=jenkins1000 | ip=192.168.69.96 | op=SEND_HEARTBEAT {datanodeUUID=9a4a4c23-9ff3-4ce3-a619-2c71c0869997, command=[]} | ret=SUCCESS |  
 0.00% |█                                                                                                    |  0/1 Time: 0:00:062019-08-20 16:03:53,419 | INFO  | DNAudit | user=null | ip=null | op=WRITE_CHUNK {blockData=conID: 1 locID: 102650152704868807 bcsId: 1532} | ret=SUCCESS |  
2019-08-20 16:03:53,419 | INFO  | DNAudit | user=null | ip=null | op=PUT_BLOCK {blockData=[blockId=conID: 1 locID: 102650152704868807 bcsId: 0,size=4194304]} | ret=SUCCESS |  
2019-08-20 16:03:53,419 [grpc-default-executor-5] INFO  client.GrpcClientProtocolClient (GrpcClientProtocolClient.java:onNext(255)) - client-EAA342753240->9a4a4c23-9ff3-4ce3-a619-2c71c0869997: receive RaftClientReply:client-EAA342753240->9a4a4c23-9ff3-4ce3-a619-2c71c0869997@group-EC4211DF0353, cid=1128, SUCCESS, logIndex=1535, commits[9a4a4c23-9ff3-4ce3-a619-2c71c0869997:c1536, 9b0072ab-15b3-4973-9bcb-7fa02f6bfea9:c1534, 9f215ef2-7d46-4cda-b695-cae1b893f75f:c1534]
2019-08-20 16:03:53,420 [grpc-default-executor-5] INFO  client.GrpcClientProtocolClient (GrpcClientProtocolClient.java:onNext(255)) - client-EAA342753240->9a4a4c23-9ff3-4ce3-a619-2c71c0869997: receive RaftClientReply:client-EAA342753240->9a4a4c23-9ff3-4ce3-a619-2c71c0869997@group-EC4211DF0353, cid=1129, SUCCESS, logIndex=1536, commits[9a4a4c23-9ff3-4ce3-a619-2c71c0869997:c1536, 9b0072ab-15b3-4973-9bcb-7fa02f6bfea9:c1534, 9f215ef2-7d46-4cda-b695-cae1b893f75f:c1534]
2019-08-20 16:03:53,420 | INFO  | DNAudit | user=null | ip=null | op=WRITE_CHUNK {blockData=conID: 1 locID: 102650152704868807 bcsId: 1532} | ret=SUCCESS |  
2019-08-20 16:03:53,420 | INFO  | DNAudit | user=null | ip=null | op=WRITE_CHUNK {blockData=conID: 1 locID: 102650152704868807 bcsId: 1532} | ret=SUCCESS |  
2019-08-20 16:03:53,421 | INFO  | DNAudit | user=null | ip=null | op=PUT_BLOCK {blockData=[blockId=conID: 1 locID: 102650152704868807 bcsId: 0,size=4194304]} | ret=SUCCESS |  
2019-08-20 16:03:53,421 | INFO  | DNAudit | user=null | ip=null | op=PUT_BLOCK {blockData=[blockId=conID: 1 locID: 102650152704868807 bcsId: 0,size=4194304]} | ret=SUCCESS |  
2019-08-20 16:03:53,422 [grpc-default-executor-3] INFO  client.GrpcClientProtocolClient (GrpcClientProtocolClient.java:onNext(255)) - client-EAA342753240->9a4a4c23-9ff3-4ce3-a619-2c71c0869997: receive RaftClientReply:client-EAA342753240->9a4a4c23-9ff3-4ce3-a619-2c71c0869997@group-EC4211DF0353, cid=1130, SUCCESS, logIndex=0, commits[9a4a4c23-9ff3-4ce3-a619-2c71c0869997:c1538, 9b0072ab-15b3-4973-9bcb-7fa02f6bfea9:c1536, 9f215ef2-7d46-4cda-b695-cae1b893f75f:c1536]
2019-08-20 16:03:53,428 | INFO  | DNAudit | user=null | ip=null | op=WRITE_CHUNK {blockData=conID: 2 locID: 102650152704868808 bcsId: 0} | ret=SUCCESS |  
2019-08-20 16:03:53,431 | INFO  | DNAudit | user=null | ip=null | op=WRITE_CHUNK {blockData=conID: 2 locID: 102650152704868808 bcsId: 0} | ret=SUCCESS |  
2019-08-20 16:03:53,431 | INFO  | DNAudit | user=null | ip=null | op=WRITE_CHUNK {blockData=conID: 2 locID: 102650152704868808 bcsId: 0} | ret=SUCCESS |  
2019-08-20 16:03:53,431 | INFO  | DNAudit | user=null | ip=null | op=WRITE_CHUNK {blockData=conID: 2 locID: 102650152704868808 bcsId: 0} | ret=SUCCESS |  
2019-08-20 16:03:53,433 | INFO  | DNAudit | user=null | ip=null | op=WRITE_CHUNK {blockData=conID: 2 locID: 102650152704868808 bcsId: 0} | ret=SUCCESS |  
2019-08-20 16:03:53,433 | INFO  | DNAudit | user=null | ip=null | op=WRITE_CHUNK {blockData=conID: 2 locID: 102650152704868808 bcsId: 0} | ret=SUCCESS |  
2019-08-20 16:03:53,434 | INFO  | DNAudit | user=null | ip=null | op=WRITE_CHUNK {blockData=conID: 2 locID: 102650152704868808 bcsId: 0} | ret=SUCCESS |  
2019-08-20 16:03:53,434 | INFO  | DNAudit | user=null | ip=null | op=PUT_BLOCK {blockData=[blockId=conID: 2 locID: 102650152704868808 bcsId: 0,size=1048576]} | ret=SUCCESS |  
2019-08-20 16:03:53,434 [grpc-default-executor-5] INFO  client.GrpcClientProtocolClient (GrpcClientProtocolClient.java:onNext(255)) - client-EAA342753240->9a4a4c23-9ff3-4ce3-a619-2c71c0869997: receive RaftClientReply:client-EAA342753240->9a4a4c23-9ff3-4ce3-a619-2c71c0869997@group-EC4211DF0353, cid=1131, SUCCESS, logIndex=1539, commits[9a4a4c23-9ff3-4ce3-a619-2c71c0869997:c1540, 9b0072ab-15b3-4973-9bcb-7fa02f6bfea9:c1538, 9f215ef2-7d46-4cda-b695-cae1b893f75f:c1538]
2019-08-20 16:03:53,434 [grpc-default-executor-5] INFO  client.GrpcClientProtocolClient (GrpcClientProtocolClient.java:onNext(255)) - client-EAA342753240->9a4a4c23-9ff3-4ce3-a619-2c71c0869997: receive RaftClientReply:client-EAA342753240->9a4a4c23-9ff3-4ce3-a619-2c71c0869997@group-EC4211DF0353, cid=1132, SUCCESS, logIndex=1540, commits[9a4a4c23-9ff3-4ce3-a619-2c71c0869997:c1540, 9b0072ab-15b3-4973-9bcb-7fa02f6bfea9:c1538, 9f215ef2-7d46-4cda-b695-cae1b893f75f:c1538]
2019-08-20 16:03:53,435 | INFO  | DNAudit | user=null | ip=null | op=WRITE_CHUNK {blockData=conID: 2 locID: 102650152704868808 bcsId: 0} | ret=SUCCESS |  
2019-08-20 16:03:53,435 | INFO  | DNAudit | user=null | ip=null | op=WRITE_CHUNK {blockData=conID: 2 locID: 102650152704868808 bcsId: 0} | ret=SUCCESS |  
2019-08-20 16:03:53,436 | INFO  | DNAudit | user=null | ip=null | op=PUT_BLOCK {blockData=[blockId=conID: 2 locID: 102650152704868808 bcsId: 0,size=2097152]} | ret=SUCCESS |  
2019-08-20 16:03:53,436 | INFO  | DNAudit | user=null | ip=null | op=WRITE_CHUNK {blockData=conID: 2 locID: 102650152704868808 bcsId: 0} | ret=SUCCESS |  
2019-08-20 16:03:53,436 | INFO  | DNAudit | user=null | ip=null | op=PUT_BLOCK {blockData=[blockId=conID: 2 locID: 102650152704868808 bcsId: 0,size=1048576]} | ret=SUCCESS |  
2019-08-20 16:03:53,436 | INFO  | DNAudit | user=null | ip=null | op=PUT_BLOCK {blockData=[blockId=conID: 2 locID: 102650152704868808 bcsId: 0,size=1048576]} | ret=SUCCESS |  
2019-08-20 16:03:53,436 [grpc-default-executor-5] INFO  client.GrpcClientProtocolClient (GrpcClientProtocolClient.java:onNext(255)) - client-EAA342753240->9a4a4c23-9ff3-4ce3-a619-2c71c0869997: receive RaftClientReply:client-EAA342753240->9a4a4c23-9ff3-4ce3-a619-2c71c0869997@group-EC4211DF0353, cid=1133, SUCCESS, logIndex=1541, commits[9a4a4c23-9ff3-4ce3-a619-2c71c0869997:c1542, 9b0072ab-15b3-4973-9bcb-7fa02f6bfea9:c1538, 9f215ef2-7d46-4cda-b695-cae1b893f75f:c1538]
2019-08-20 16:03:53,436 [grpc-default-executor-5] INFO  client.GrpcClientProtocolClient (GrpcClientProtocolClient.java:onNext(255)) - client-EAA342753240->9a4a4c23-9ff3-4ce3-a619-2c71c0869997: receive RaftClientReply:client-EAA342753240->9a4a4c23-9ff3-4ce3-a619-2c71c0869997@group-EC4211DF0353, cid=1134, SUCCESS, logIndex=1542, commits[9a4a4c23-9ff3-4ce3-a619-2c71c0869997:c1543, 9b0072ab-15b3-4973-9bcb-7fa02f6bfea9:c1539, 9f215ef2-7d46-4cda-b695-cae1b893f75f:c1539]
2019-08-20 16:03:53,437 | INFO  | DNAudit | user=null | ip=null | op=WRITE_CHUNK {blockData=conID: 2 locID: 102650152704868808 bcsId: 0} | ret=SUCCESS |  
2019-08-20 16:03:53,437 | INFO  | DNAudit | user=null | ip=null | op=PUT_BLOCK {blockData=[blockId=conID: 2 locID: 102650152704868808 bcsId: 0,size=2097152]} | ret=SUCCESS |  
2019-08-20 16:03:53,437 | INFO  | DNAudit | user=null | ip=null | op=WRITE_CHUNK {blockData=conID: 2 locID: 102650152704868808 bcsId: 0} | ret=SUCCESS |  
2019-08-20 16:03:53,437 [grpc-default-executor-5] INFO  client.GrpcClientProtocolClient (GrpcClientProtocolClient.java:onNext(255)) - client-EAA342753240->9a4a4c23-9ff3-4ce3-a619-2c71c0869997: receive RaftClientReply:client-EAA342753240->9a4a4c23-9ff3-4ce3-a619-2c71c0869997@group-EC4211DF0353, cid=1135, SUCCESS, logIndex=0, commits[9a4a4c23-9ff3-4ce3-a619-2c71c0869997:c1545, 9b0072ab-15b3-4973-9bcb-7fa02f6bfea9:c1540, 9f215ef2-7d46-4cda-b695-cae1b893f75f:c1542]
2019-08-20 16:03:53,438 | INFO  | DNAudit | user=null | ip=null | op=PUT_BLOCK {blockData=[blockId=conID: 2 locID: 102650152704868808 bcsId: 0,size=2097152]} | ret=SUCCESS |  
2019-08-20 16:03:53,443 | INFO  | DNAudit | user=null | ip=null | op=WRITE_CHUNK {blockData=conID: 2 locID: 102650152704868808 bcsId: 1542} | ret=SUCCESS |  
2019-08-20 16:03:53,445 | INFO  | DNAudit | user=null | ip=null | op=WRITE_CHUNK {blockData=conID: 2 locID: 102650152704868808 bcsId: 1542} | ret=SUCCESS |  
2019-08-20 16:03:53,445 | INFO  | DNAudit | user=null | ip=null | op=WRITE_CHUNK {blockData=conID: 2 locID: 102650152704868808 bcsId: 1542} | ret=SUCCESS |  
2019-08-20 16:03:53,448 | INFO  | DNAudit | user=null | ip=null | op=WRITE_CHUNK {blockData=conID: 2 locID: 102650152704868808 bcsId: 1542} | ret=SUCCESS |  
2019-08-20 16:03:53,448 | INFO  | DNAudit | user=null | ip=null | op=PUT_BLOCK {blockData=[blockId=conID: 2 locID: 102650152704868808 bcsId: 0,size=3145728]} | ret=SUCCESS |  
2019-08-20 16:03:53,448 [grpc-default-executor-5] INFO  client.GrpcClientProtocolClient (GrpcClientProtocolClient.java:onNext(255)) - client-EAA342753240->9a4a4c23-9ff3-4ce3-a619-2c71c0869997: receive RaftClientReply:client-EAA342753240->9a4a4c23-9ff3-4ce3-a619-2c71c0869997@group-EC4211DF0353, cid=1136, SUCCESS, logIndex=1547, commits[9a4a4c23-9ff3-4ce3-a619-2c71c0869997:c1548, 9b0072ab-15b3-4973-9bcb-7fa02f6bfea9:c1546, 9f215ef2-7d46-4cda-b695-cae1b893f75f:c1546]
2019-08-20 16:03:53,449 [grpc-default-executor-5] INFO  client.GrpcClientProtocolClient (GrpcClientProtocolClient.java:onNext(255)) - client-EAA342753240->9a4a4c23-9ff3-4ce3-a619-2c71c0869997: receive RaftClientReply:client-EAA342753240->9a4a4c23-9ff3-4ce3-a619-2c71c0869997@group-EC4211DF0353, cid=1137, SUCCESS, logIndex=1548, commits[9a4a4c23-9ff3-4ce3-a619-2c71c0869997:c1548, 9b0072ab-15b3-4973-9bcb-7fa02f6bfea9:c1546, 9f215ef2-7d46-4cda-b695-cae1b893f75f:c1546]
2019-08-20 16:03:53,449 | INFO  | DNAudit | user=null | ip=null | op=WRITE_CHUNK {blockData=conID: 2 locID: 102650152704868808 bcsId: 1542} | ret=SUCCESS |  
2019-08-20 16:03:53,449 | INFO  | DNAudit | user=null | ip=null | op=WRITE_CHUNK {blockData=conID: 2 locID: 102650152704868808 bcsId: 1542} | ret=SUCCESS |  
2019-08-20 16:03:53,450 | INFO  | DNAudit | user=null | ip=null | op=PUT_BLOCK {blockData=[blockId=conID: 2 locID: 102650152704868808 bcsId: 0,size=3145728]} | ret=SUCCESS |  
2019-08-20 16:03:53,450 | INFO  | DNAudit | user=null | ip=null | op=PUT_BLOCK {blockData=[blockId=conID: 2 locID: 102650152704868808 bcsId: 0,size=3145728]} | ret=SUCCESS |  
2019-08-20 16:03:53,454 | INFO  | DNAudit | user=null | ip=null | op=WRITE_CHUNK {blockData=conID: 2 locID: 102650152704868808 bcsId: 1548} | ret=SUCCESS |  
2019-08-20 16:03:53,457 | INFO  | DNAudit | user=null | ip=null | op=WRITE_CHUNK {blockData=conID: 2 locID: 102650152704868808 bcsId: 1548} | ret=SUCCESS |  
2019-08-20 16:03:53,457 | INFO  | DNAudit | user=null | ip=null | op=WRITE_CHUNK {blockData=conID: 2 locID: 102650152704868808 bcsId: 1548} | ret=SUCCESS |  
2019-08-20 16:03:53,460 | INFO  | DNAudit | user=null | ip=null | op=WRITE_CHUNK {blockData=conID: 2 locID: 102650152704868808 bcsId: 1548} | ret=SUCCESS |  
2019-08-20 16:03:53,460 | INFO  | DNAudit | user=null | ip=null | op=PUT_BLOCK {blockData=[blockId=conID: 2 locID: 102650152704868808 bcsId: 0,size=4194304]} | ret=SUCCESS |  
2019-08-20 16:03:53,460 [grpc-default-executor-5] INFO  client.GrpcClientProtocolClient (GrpcClientProtocolClient.java:onNext(255)) - client-EAA342753240->9a4a4c23-9ff3-4ce3-a619-2c71c0869997: receive RaftClientReply:client-EAA342753240->9a4a4c23-9ff3-4ce3-a619-2c71c0869997@group-EC4211DF0353, cid=1138, SUCCESS, logIndex=1551, commits[9a4a4c23-9ff3-4ce3-a619-2c71c0869997:c1552, 9b0072ab-15b3-4973-9bcb-7fa02f6bfea9:c1550, 9f215ef2-7d46-4cda-b695-cae1b893f75f:c1550]
2019-08-20 16:03:53,461 [grpc-default-executor-5] INFO  client.GrpcClientProtocolClient (GrpcClientProtocolClient.java:onNext(255)) - client-EAA342753240->9a4a4c23-9ff3-4ce3-a619-2c71c0869997: receive RaftClientReply:client-EAA342753240->9a4a4c23-9ff3-4ce3-a619-2c71c0869997@group-EC4211DF0353, cid=1139, SUCCESS, logIndex=1552, commits[9a4a4c23-9ff3-4ce3-a619-2c71c0869997:c1552, 9b0072ab-15b3-4973-9bcb-7fa02f6bfea9:c1550, 9f215ef2-7d46-4cda-b695-cae1b893f75f:c1550]
2019-08-20 16:03:53,462 | INFO  | DNAudit | user=null | ip=null | op=WRITE_CHUNK {blockData=conID: 2 locID: 102650152704868808 bcsId: 1548} | ret=SUCCESS |  
2019-08-20 16:03:53,462 | INFO  | DNAudit | user=null | ip=null | op=WRITE_CHUNK {blockData=conID: 2 locID: 102650152704868808 bcsId: 1548} | ret=SUCCESS |  
2019-08-20 16:03:53,463 | INFO  | DNAudit | user=null | ip=null | op=PUT_BLOCK {blockData=[blockId=conID: 2 locID: 102650152704868808 bcsId: 0,size=4194304]} | ret=SUCCESS |  
2019-08-20 16:03:53,463 | INFO  | DNAudit | user=null | ip=null | op=PUT_BLOCK {blockData=[blockId=conID: 2 locID: 102650152704868808 bcsId: 0,size=4194304]} | ret=SUCCESS |  
2019-08-20 16:03:53,464 [grpc-default-executor-6] INFO  client.GrpcClientProtocolClient (GrpcClientProtocolClient.java:onNext(255)) - client-EAA342753240->9a4a4c23-9ff3-4ce3-a619-2c71c0869997: receive RaftClientReply:client-EAA342753240->9a4a4c23-9ff3-4ce3-a619-2c71c0869997@group-EC4211DF0353, cid=1140, SUCCESS, logIndex=0, commits[9a4a4c23-9ff3-4ce3-a619-2c71c0869997:c1553, 9b0072ab-15b3-4973-9bcb-7fa02f6bfea9:c1552, 9f215ef2-7d46-4cda-b695-cae1b893f75f:c1552]
2019-08-20 16:03:53,470 | INFO  | DNAudit | user=null | ip=null | op=WRITE_CHUNK {blockData=conID: 3 locID: 102650152704868809 bcsId: 0} | ret=SUCCESS |  
2019-08-20 16:03:53,472 | INFO  | DNAudit | user=null | ip=null | op=WRITE_CHUNK {blockData=conID: 3 locID: 102650152704868809 bcsId: 0} | ret=SUCCESS |  
2019-08-20 16:03:53,472 | INFO  | DNAudit | user=null | ip=null | op=WRITE_CHUNK {blockData=conID: 3 locID: 102650152704868809 bcsId: 0} | ret=SUCCESS |  
2019-08-20 16:03:53,472 | INFO  | DNAudit | user=null | ip=null | op=WRITE_CHUNK {blockData=conID: 3 locID: 102650152704868809 bcsId: 0} | ret=SUCCESS |  
2019-08-20 16:03:53,473 | INFO  | DNAudit | user=null | ip=null | op=WRITE_CHUNK {blockData=conID: 3 locID: 102650152704868809 bcsId: 0} | ret=SUCCESS |  
2019-08-20 16:03:53,473 | INFO  | DNAudit | user=null | ip=null | op=WRITE_CHUNK {blockData=conID: 3 locID: 102650152704868809 bcsId: 0} | ret=SUCCESS |  
2019-08-20 16:03:53,480 | INFO  | DNAudit | user=null | ip=null | op=WRITE_CHUNK {blockData=conID: 3 locID: 102650152704868809 bcsId: 0} | ret=SUCCESS |  
2019-08-20 16:03:53,481 | INFO  | DNAudit | user=null | ip=null | op=PUT_BLOCK {blockData=[blockId=conID: 3 locID: 102650152704868809 bcsId: 0,size=1048576]} | ret=SUCCESS |  
2019-08-20 16:03:53,481 [grpc-default-executor-3] INFO  client.GrpcClientProtocolClient (GrpcClientProtocolClient.java:onNext(255)) - client-EAA342753240->9a4a4c23-9ff3-4ce3-a619-2c71c0869997: receive RaftClientReply:client-EAA342753240->9a4a4c23-9ff3-4ce3-a619-2c71c0869997@group-EC4211DF0353, cid=1141, SUCCESS, logIndex=1555, commits[9a4a4c23-9ff3-4ce3-a619-2c71c0869997:c1556, 9b0072ab-15b3-4973-9bcb-7fa02f6bfea9:c1554, 9f215ef2-7d46-4cda-b695-cae1b893f75f:c1554]
2019-08-20 16:03:53,482 | INFO  | DNAudit | user=null | ip=null | op=WRITE_CHUNK {blockData=conID: 3 locID: 102650152704868809 bcsId: 0} | ret=SUCCESS |  
2019-08-20 16:03:53,482 [grpc-default-executor-3] INFO  client.GrpcClientProtocolClient (GrpcClientProtocolClient.java:onNext(255)) - client-EAA342753240->9a4a4c23-9ff3-4ce3-a619-2c71c0869997: receive RaftClientReply:client-EAA342753240->9a4a4c23-9ff3-4ce3-a619-2c71c0869997@group-EC4211DF0353, cid=1142, SUCCESS, logIndex=1556, commits[9a4a4c23-9ff3-4ce3-a619-2c71c0869997:c1556, 9b0072ab-15b3-4973-9bcb-7fa02f6bfea9:c1554, 9f215ef2-7d46-4cda-b695-cae1b893f75f:c1554]
2019-08-20 16:03:53,482 | INFO  | DNAudit | user=null | ip=null | op=PUT_BLOCK {blockData=[blockId=conID: 3 locID: 102650152704868809 bcsId: 0,size=2097152]} | ret=SUCCESS |  
2019-08-20 16:03:53,482 [grpc-default-executor-3] INFO  client.GrpcClientProtocolClient (GrpcClientProtocolClient.java:onNext(255)) - client-EAA342753240->9a4a4c23-9ff3-4ce3-a619-2c71c0869997: receive RaftClientReply:client-EAA342753240->9a4a4c23-9ff3-4ce3-a619-2c71c0869997@group-EC4211DF0353, cid=1143, SUCCESS, logIndex=1557, commits[9a4a4c23-9ff3-4ce3-a619-2c71c0869997:c1558, 9b0072ab-15b3-4973-9bcb-7fa02f6bfea9:c1554, 9f215ef2-7d46-4cda-b695-cae1b893f75f:c1554]
2019-08-20 16:03:53,482 [grpc-default-executor-3] INFO  client.GrpcClientProtocolClient (GrpcClientProtocolClient.java:onNext(255)) - client-EAA342753240->9a4a4c23-9ff3-4ce3-a619-2c71c0869997: receive RaftClientReply:client-EAA342753240->9a4a4c23-9ff3-4ce3-a619-2c71c0869997@group-EC4211DF0353, cid=1144, SUCCESS, logIndex=1558, commits[9a4a4c23-9ff3-4ce3-a619-2c71c0869997:c1558, 9b0072ab-15b3-4973-9bcb-7fa02f6bfea9:c1554, 9f215ef2-7d46-4cda-b695-cae1b893f75f:c1554]
2019-08-20 16:03:53,483 | INFO  | DNAudit | user=null | ip=null | op=WRITE_CHUNK {blockData=conID: 3 locID: 102650152704868809 bcsId: 0} | ret=SUCCESS |  
2019-08-20 16:03:53,483 | INFO  | DNAudit | user=null | ip=null | op=WRITE_CHUNK {blockData=conID: 3 locID: 102650152704868809 bcsId: 0} | ret=SUCCESS |  
2019-08-20 16:03:53,483 | INFO  | DNAudit | user=null | ip=null | op=PUT_BLOCK {blockData=[blockId=conID: 3 locID: 102650152704868809 bcsId: 0,size=1048576]} | ret=SUCCESS |  
2019-08-20 16:03:53,484 | INFO  | DNAudit | user=null | ip=null | op=PUT_BLOCK {blockData=[blockId=conID: 3 locID: 102650152704868809 bcsId: 0,size=1048576]} | ret=SUCCESS |  
2019-08-20 16:03:53,485 [grpc-default-executor-3] INFO  client.GrpcClientProtocolClient (GrpcClientProtocolClient.java:onNext(255)) - client-EAA342753240->9a4a4c23-9ff3-4ce3-a619-2c71c0869997: receive RaftClientReply:client-EAA342753240->9a4a4c23-9ff3-4ce3-a619-2c71c0869997@group-EC4211DF0353, cid=1145, SUCCESS, logIndex=0, commits[9a4a4c23-9ff3-4ce3-a619-2c71c0869997:c1560, 9b0072ab-15b3-4973-9bcb-7fa02f6bfea9:c1556, 9f215ef2-7d46-4cda-b695-cae1b893f75f:c1556]
2019-08-20 16:03:53,491 | INFO  | DNAudit | user=null | ip=null | op=WRITE_CHUNK {blockData=conID: 3 locID: 102650152704868809 bcsId: 1558} | ret=SUCCESS |  
2019-08-20 16:03:53,493 | INFO  | DNAudit | user=null | ip=null | op=WRITE_CHUNK {blockData=conID: 3 locID: 102650152704868809 bcsId: 1558} | ret=SUCCESS |  
2019-08-20 16:03:53,494 | INFO  | DNAudit | user=null | ip=null | op=WRITE_CHUNK {blockData=conID: 3 locID: 102650152704868809 bcsId: 1558} | ret=SUCCESS |  
2019-08-20 16:03:53,502 | INFO  | DNAudit | user=null | ip=null | op=WRITE_CHUNK {blockData=conID: 3 locID: 102650152704868809 bcsId: 0} | ret=SUCCESS |  
2019-08-20 16:03:53,502 | INFO  | DNAudit | user=null | ip=null | op=WRITE_CHUNK {blockData=conID: 3 locID: 102650152704868809 bcsId: 0} | ret=SUCCESS |  
2019-08-20 16:03:53,502 | INFO  | DNAudit | user=null | ip=null | op=WRITE_CHUNK {blockData=conID: 3 locID: 102650152704868809 bcsId: 1558} | ret=SUCCESS |  
2019-08-20 16:03:53,502 | INFO  | DNAudit | user=null | ip=null | op=PUT_BLOCK {blockData=[blockId=conID: 3 locID: 102650152704868809 bcsId: 0,size=2097152]} | ret=SUCCESS |  
2019-08-20 16:03:53,502 | INFO  | DNAudit | user=null | ip=null | op=PUT_BLOCK {blockData=[blockId=conID: 3 locID: 102650152704868809 bcsId: 0,size=2097152]} | ret=SUCCESS |  
2019-08-20 16:03:53,503 | INFO  | DNAudit | user=null | ip=null | op=PUT_BLOCK {blockData=[blockId=conID: 3 locID: 102650152704868809 bcsId: 0,size=3145728]} | ret=SUCCESS |  
2019-08-20 16:03:53,503 [grpc-default-executor-5] INFO  client.GrpcClientProtocolClient (GrpcClientProtocolClient.java:onNext(255)) - client-EAA342753240->9a4a4c23-9ff3-4ce3-a619-2c71c0869997: receive RaftClientReply:client-EAA342753240->9a4a4c23-9ff3-4ce3-a619-2c71c0869997@group-EC4211DF0353, cid=1146, SUCCESS, logIndex=1563, commits[9a4a4c23-9ff3-4ce3-a619-2c71c0869997:c1564, 9b0072ab-15b3-4973-9bcb-7fa02f6bfea9:c1562, 9f215ef2-7d46-4cda-b695-cae1b893f75f:c1562]
2019-08-20 16:03:53,503 [grpc-default-executor-5] INFO  client.GrpcClientProtocolClient (GrpcClientProtocolClient.java:onNext(255)) - client-EAA342753240->9a4a4c23-9ff3-4ce3-a619-2c71c0869997: receive RaftClientReply:client-EAA342753240->9a4a4c23-9ff3-4ce3-a619-2c71c0869997@group-EC4211DF0353, cid=1147, SUCCESS, logIndex=1564, commits[9a4a4c23-9ff3-4ce3-a619-2c71c0869997:c1564, 9b0072ab-15b3-4973-9bcb-7fa02f6bfea9:c1562, 9f215ef2-7d46-4cda-b695-cae1b893f75f:c1562]
2019-08-20 16:03:53,509 | INFO  | DNAudit | user=null | ip=null | op=WRITE_CHUNK {blockData=conID: 3 locID: 102650152704868809 bcsId: 1564} | ret=SUCCESS |  
2019-08-20 16:03:53,511 | INFO  | DNAudit | user=null | ip=null | op=WRITE_CHUNK {blockData=conID: 3 locID: 102650152704868809 bcsId: 1564} | ret=SUCCESS |  
2019-08-20 16:03:53,511 | INFO  | DNAudit | user=null | ip=null | op=WRITE_CHUNK {blockData=conID: 3 locID: 102650152704868809 bcsId: 1564} | ret=SUCCESS |  
2019-08-20 16:03:53,514 | INFO  | DNAudit | user=null | ip=null | op=WRITE_CHUNK {blockData=conID: 3 locID: 102650152704868809 bcsId: 1558} | ret=SUCCESS |  
2019-08-20 16:03:53,514 | INFO  | DNAudit | user=null | ip=null | op=WRITE_CHUNK {blockData=conID: 3 locID: 102650152704868809 bcsId: 1558} | ret=SUCCESS |  
2019-08-20 16:03:53,516 | INFO  | DNAudit | user=null | ip=null | op=PUT_BLOCK {blockData=[blockId=conID: 3 locID: 102650152704868809 bcsId: 0,size=3145728]} | ret=SUCCESS |  
2019-08-20 16:03:53,516 | INFO  | DNAudit | user=null | ip=null | op=PUT_BLOCK {blockData=[blockId=conID: 3 locID: 102650152704868809 bcsId: 0,size=3145728]} | ret=SUCCESS |  
2019-08-20 16:03:53,517 | INFO  | DNAudit | user=null | ip=null | op=WRITE_CHUNK {blockData=conID: 3 locID: 102650152704868809 bcsId: 1564} | ret=SUCCESS |  
2019-08-20 16:03:53,517 | INFO  | DNAudit | user=null | ip=null | op=PUT_BLOCK {blockData=[blockId=conID: 3 locID: 102650152704868809 bcsId: 0,size=4194304]} | ret=SUCCESS |  
2019-08-20 16:03:53,517 [grpc-default-executor-5] INFO  client.GrpcClientProtocolClient (GrpcClientProtocolClient.java:onNext(255)) - client-EAA342753240->9a4a4c23-9ff3-4ce3-a619-2c71c0869997: receive RaftClientReply:client-EAA342753240->9a4a4c23-9ff3-4ce3-a619-2c71c0869997@group-EC4211DF0353, cid=1148, SUCCESS, logIndex=1567, commits[9a4a4c23-9ff3-4ce3-a619-2c71c0869997:c1568, 9b0072ab-15b3-4973-9bcb-7fa02f6bfea9:c1564, 9f215ef2-7d46-4cda-b695-cae1b893f75f:c1564]
2019-08-20 16:03:53,518 [grpc-default-executor-5] INFO  client.GrpcClientProtocolClient (GrpcClientProtocolClient.java:onNext(255)) - client-EAA342753240->9a4a4c23-9ff3-4ce3-a619-2c71c0869997: receive RaftClientReply:client-EAA342753240->9a4a4c23-9ff3-4ce3-a619-2c71c0869997@group-EC4211DF0353, cid=1149, SUCCESS, logIndex=1568, commits[9a4a4c23-9ff3-4ce3-a619-2c71c0869997:c1568, 9b0072ab-15b3-4973-9bcb-7fa02f6bfea9:c1564, 9f215ef2-7d46-4cda-b695-cae1b893f75f:c1564]
2019-08-20 16:03:53,526 | INFO  | DNAudit | user=null | ip=null | op=WRITE_CHUNK {blockData=conID: 3 locID: 102650152704868809 bcsId: 1564} | ret=SUCCESS |  
2019-08-20 16:03:53,526 | INFO  | DNAudit | user=null | ip=null | op=WRITE_CHUNK {blockData=conID: 3 locID: 102650152704868809 bcsId: 1564} | ret=SUCCESS |  
2019-08-20 16:03:53,527 | INFO  | DNAudit | user=null | ip=null | op=PUT_BLOCK {blockData=[blockId=conID: 3 locID: 102650152704868809 bcsId: 0,size=4194304]} | ret=SUCCESS |  
2019-08-20 16:03:53,527 | INFO  | DNAudit | user=null | ip=null | op=PUT_BLOCK {blockData=[blockId=conID: 3 locID: 102650152704868809 bcsId: 0,size=4194304]} | ret=SUCCESS |  
2019-08-20 16:03:53,528 [grpc-default-executor-3] INFO  client.GrpcClientProtocolClient (GrpcClientProtocolClient.java:onNext(255)) - client-EAA342753240->9a4a4c23-9ff3-4ce3-a619-2c71c0869997: receive RaftClientReply:client-EAA342753240->9a4a4c23-9ff3-4ce3-a619-2c71c0869997@group-EC4211DF0353, cid=1150, SUCCESS, logIndex=0, commits[9a4a4c23-9ff3-4ce3-a619-2c71c0869997:c1570, 9b0072ab-15b3-4973-9bcb-7fa02f6bfea9:c1568, 9f215ef2-7d46-4cda-b695-cae1b893f75f:c1568]
2019-08-20 16:03:53,534 | INFO  | DNAudit | user=null | ip=null | op=WRITE_CHUNK {blockData=conID: 1 locID: 102650152704868810 bcsId: 0} | ret=SUCCESS |  
2019-08-20 16:03:53,537 | INFO  | DNAudit | user=null | ip=null | op=WRITE_CHUNK {blockData=conID: 1 locID: 102650152704868810 bcsId: 0} | ret=SUCCESS |  
2019-08-20 16:03:53,537 | INFO  | DNAudit | user=null | ip=null | op=WRITE_CHUNK {blockData=conID: 1 locID: 102650152704868810 bcsId: 0} | ret=SUCCESS |  
2019-08-20 16:03:53,537 | INFO  | DNAudit | user=null | ip=null | op=WRITE_CHUNK {blockData=conID: 1 locID: 102650152704868810 bcsId: 0} | ret=SUCCESS |  
2019-08-20 16:03:53,539 | INFO  | DNAudit | user=null | ip=null | op=WRITE_CHUNK {blockData=conID: 1 locID: 102650152704868810 bcsId: 0} | ret=SUCCESS |  
2019-08-20 16:03:53,539 | INFO  | DNAudit | user=null | ip=null | op=WRITE_CHUNK {blockData=conID: 1 locID: 102650152704868810 bcsId: 0} | ret=SUCCESS |  
2019-08-20 16:03:53,542 | INFO  | DNAudit | user=null | ip=null | op=WRITE_CHUNK {blockData=conID: 1 locID: 102650152704868810 bcsId: 0} | ret=SUCCESS |  
2019-08-20 16:03:53,543 | INFO  | DNAudit | user=null | ip=null | op=PUT_BLOCK {blockData=[blockId=conID: 1 locID: 102650152704868810 bcsId: 0,size=1048576]} | ret=SUCCESS |  
2019-08-20 16:03:53,543 [grpc-default-executor-5] INFO  client.GrpcClientProtocolClient (GrpcClientProtocolClient.java:onNext(255)) - client-EAA342753240->9a4a4c23-9ff3-4ce3-a619-2c71c0869997: receive RaftClientReply:client-EAA342753240->9a4a4c23-9ff3-4ce3-a619-2c71c0869997@group-EC4211DF0353, cid=1151, SUCCESS, logIndex=1571, commits[9a4a4c23-9ff3-4ce3-a619-2c71c0869997:c1572, 9b0072ab-15b3-4973-9bcb-7fa02f6bfea9:c1570, 9f215ef2-7d46-4cda-b695-cae1b893f75f:c1570]
2019-08-20 16:03:53,543 | INFO  | DNAudit | user=null | ip=null | op=WRITE_CHUNK {blockData=conID: 1 locID: 102650152704868810 bcsId: 0} | ret=SUCCESS |  
2019-08-20 16:03:53,543 | INFO  | DNAudit | user=null | ip=null | op=PUT_BLOCK {blockData=[blockId=conID: 1 locID: 102650152704868810 bcsId: 0,size=2097152]} | ret=SUCCESS |  
2019-08-20 16:03:53,543 [grpc-default-executor-5] INFO  client.GrpcClientProtocolClient (GrpcClientProtocolClient.java:onNext(255)) - client-EAA342753240->9a4a4c23-9ff3-4ce3-a619-2c71c0869997: receive RaftClientReply:client-EAA342753240->9a4a4c23-9ff3-4ce3-a619-2c71c0869997@group-EC4211DF0353, cid=1152, SUCCESS, logIndex=1572, commits[9a4a4c23-9ff3-4ce3-a619-2c71c0869997:c1574, 9b0072ab-15b3-4973-9bcb-7fa02f6bfea9:c1570, 9f215ef2-7d46-4cda-b695-cae1b893f75f:c1570]
2019-08-20 16:03:53,544 [grpc-default-executor-5] INFO  client.GrpcClientProtocolClient (GrpcClientProtocolClient.java:onNext(255)) - client-EAA342753240->9a4a4c23-9ff3-4ce3-a619-2c71c0869997: receive RaftClientReply:client-EAA342753240->9a4a4c23-9ff3-4ce3-a619-2c71c0869997@group-EC4211DF0353, cid=1153, SUCCESS, logIndex=1573, commits[9a4a4c23-9ff3-4ce3-a619-2c71c0869997:c1574, 9b0072ab-15b3-4973-9bcb-7fa02f6bfea9:c1570, 9f215ef2-7d46-4cda-b695-cae1b893f75f:c1570]
2019-08-20 16:03:53,544 [grpc-default-executor-5] INFO  client.GrpcClientProtocolClient (GrpcClientProtocolClient.java:onNext(255)) - client-EAA342753240->9a4a4c23-9ff3-4ce3-a619-2c71c0869997: receive RaftClientReply:client-EAA342753240->9a4a4c23-9ff3-4ce3-a619-2c71c0869997@group-EC4211DF0353, cid=1154, SUCCESS, logIndex=1574, commits[9a4a4c23-9ff3-4ce3-a619-2c71c0869997:c1574, 9b0072ab-15b3-4973-9bcb-7fa02f6bfea9:c1570, 9f215ef2-7d46-4cda-b695-cae1b893f75f:c1570]
2019-08-20 16:03:53,544 | INFO  | DNAudit | user=null | ip=null | op=WRITE_CHUNK {blockData=conID: 1 locID: 102650152704868810 bcsId: 0} | ret=SUCCESS |  
2019-08-20 16:03:53,545 | INFO  | DNAudit | user=null | ip=null | op=WRITE_CHUNK {blockData=conID: 1 locID: 102650152704868810 bcsId: 0} | ret=SUCCESS |  
2019-08-20 16:03:53,546 | INFO  | DNAudit | user=null | ip=null | op=PUT_BLOCK {blockData=[blockId=conID: 1 locID: 102650152704868810 bcsId: 0,size=1048576]} | ret=SUCCESS |  
2019-08-20 16:03:53,546 | INFO  | DNAudit | user=null | ip=null | op=WRITE_CHUNK {blockData=conID: 1 locID: 102650152704868810 bcsId: 0} | ret=SUCCESS |  
2019-08-20 16:03:53,546 | INFO  | DNAudit | user=null | ip=null | op=PUT_BLOCK {blockData=[blockId=conID: 1 locID: 102650152704868810 bcsId: 0,size=1048576]} | ret=SUCCESS |  
2019-08-20 16:03:53,546 | INFO  | DNAudit | user=null | ip=null | op=PUT_BLOCK {blockData=[blockId=conID: 1 locID: 102650152704868810 bcsId: 0,size=2097152]} | ret=SUCCESS |  
2019-08-20 16:03:53,546 | INFO  | DNAudit | user=null | ip=null | op=WRITE_CHUNK {blockData=conID: 1 locID: 102650152704868810 bcsId: 0} | ret=SUCCESS |  
2019-08-20 16:03:53,547 | INFO  | DNAudit | user=null | ip=null | op=PUT_BLOCK {blockData=[blockId=conID: 1 locID: 102650152704868810 bcsId: 0,size=2097152]} | ret=SUCCESS |  
2019-08-20 16:03:53,547 [grpc-default-executor-3] INFO  client.GrpcClientProtocolClient (GrpcClientProtocolClient.java:onNext(255)) - client-EAA342753240->9a4a4c23-9ff3-4ce3-a619-2c71c0869997: receive RaftClientReply:client-EAA342753240->9a4a4c23-9ff3-4ce3-a619-2c71c0869997@group-EC4211DF0353, cid=1155, SUCCESS, logIndex=0, commits[9a4a4c23-9ff3-4ce3-a619-2c71c0869997:c1576, 9b0072ab-15b3-4973-9bcb-7fa02f6bfea9:c1574, 9f215ef2-7d46-4cda-b695-cae1b893f75f:c1572]
2019-08-20 16:03:53,552 | INFO  | DNAudit | user=null | ip=null | op=WRITE_CHUNK {blockData=conID: 1 locID: 102650152704868810 bcsId: 1574} | ret=SUCCESS |  
2019-08-20 16:03:53,554 | INFO  | DNAudit | user=null | ip=null | op=WRITE_CHUNK {blockData=conID: 1 locID: 102650152704868810 bcsId: 1574} | ret=SUCCESS |  
2019-08-20 16:03:53,554 | INFO  | DNAudit | user=null | ip=null | op=WRITE_CHUNK {blockData=conID: 1 locID: 102650152704868810 bcsId: 1574} | ret=SUCCESS |  
2019-08-20 16:03:53,558 | INFO  | DNAudit | user=null | ip=null | op=WRITE_CHUNK {blockData=conID: 1 locID: 102650152704868810 bcsId: 1574} | ret=SUCCESS |  
2019-08-20 16:03:53,558 | INFO  | DNAudit | user=null | ip=null | op=PUT_BLOCK {blockData=[blockId=conID: 1 locID: 102650152704868810 bcsId: 0,size=3145728]} | ret=SUCCESS |  
2019-08-20 16:03:53,559 [grpc-default-executor-6] INFO  client.GrpcClientProtocolClient (GrpcClientProtocolClient.java:onNext(255)) - client-EAA342753240->9a4a4c23-9ff3-4ce3-a619-2c71c0869997: receive RaftClientReply:client-EAA342753240->9a4a4c23-9ff3-4ce3-a619-2c71c0869997@group-EC4211DF0353, cid=1156, SUCCESS, logIndex=1579, commits[9a4a4c23-9ff3-4ce3-a619-2c71c0869997:c1580, 9b0072ab-15b3-4973-9bcb-7fa02f6bfea9:c1578, 9f215ef2-7d46-4cda-b695-cae1b893f75f:c1578]
2019-08-20 16:03:53,559 [grpc-default-executor-6] INFO  client.GrpcClientProtocolClient (GrpcClientProtocolClient.java:onNext(255)) - client-EAA342753240->9a4a4c23-9ff3-4ce3-a619-2c71c0869997: receive RaftClientReply:client-EAA342753240->9a4a4c23-9ff3-4ce3-a619-2c71c0869997@group-EC4211DF0353, cid=1157, SUCCESS, logIndex=1580, commits[9a4a4c23-9ff3-4ce3-a619-2c71c0869997:c1580, 9b0072ab-15b3-4973-9bcb-7fa02f6bfea9:c1578, 9f215ef2-7d46-4cda-b695-cae1b893f75f:c1578]
2019-08-20 16:03:53,565 | INFO  | DNAudit | user=null | ip=null | op=WRITE_CHUNK {blockData=conID: 1 locID: 102650152704868810 bcsId: 1580} | ret=SUCCESS |  
2019-08-20 16:03:53,566 | INFO  | DNAudit | user=null | ip=null | op=WRITE_CHUNK {blockData=conID: 1 locID: 102650152704868810 bcsId: 1580} | ret=SUCCESS |  
2019-08-20 16:03:53,566 | INFO  | DNAudit | user=null | ip=null | op=WRITE_CHUNK {blockData=conID: 1 locID: 102650152704868810 bcsId: 1580} | ret=SUCCESS |  
2019-08-20 16:03:53,570 | INFO  | DNAudit | user=null | ip=null | op=WRITE_CHUNK {blockData=conID: 1 locID: 102650152704868810 bcsId: 1574} | ret=SUCCESS |  
2019-08-20 16:03:53,581 | INFO  | DNAudit | user=null | ip=null | op=WRITE_CHUNK {blockData=conID: 1 locID: 102650152704868810 bcsId: 1574} | ret=SUCCESS |  
2019-08-20 16:03:53,581 | INFO  | DNAudit | user=null | ip=null | op=PUT_BLOCK {blockData=[blockId=conID: 1 locID: 102650152704868810 bcsId: 0,size=3145728]} | ret=SUCCESS |  
2019-08-20 16:03:53,582 | INFO  | DNAudit | user=null | ip=null | op=PUT_BLOCK {blockData=[blockId=conID: 1 locID: 102650152704868810 bcsId: 0,size=3145728]} | ret=SUCCESS |  
2019-08-20 16:03:53,583 | INFO  | DNAudit | user=null | ip=null | op=WRITE_CHUNK {blockData=conID: 1 locID: 102650152704868810 bcsId: 1580} | ret=SUCCESS |  
2019-08-20 16:03:53,584 | INFO  | DNAudit | user=null | ip=null | op=PUT_BLOCK {blockData=[blockId=conID: 1 locID: 102650152704868810 bcsId: 0,size=4194304]} | ret=SUCCESS |  
2019-08-20 16:03:53,584 [grpc-default-executor-6] INFO  client.GrpcClientProtocolClient (GrpcClientProtocolClient.java:onNext(255)) - client-EAA342753240->9a4a4c23-9ff3-4ce3-a619-2c71c0869997: receive RaftClientReply:client-EAA342753240->9a4a4c23-9ff3-4ce3-a619-2c71c0869997@group-EC4211DF0353, cid=1158, SUCCESS, logIndex=1583, commits[9a4a4c23-9ff3-4ce3-a619-2c71c0869997:c1584, 9b0072ab-15b3-4973-9bcb-7fa02f6bfea9:c1580, 9f215ef2-7d46-4cda-b695-cae1b893f75f:c1580]
2019-08-20 16:03:53,584 [grpc-default-executor-6] INFO  client.GrpcClientProtocolClient (GrpcClientProtocolClient.java:onNext(255)) - client-EAA342753240->9a4a4c23-9ff3-4ce3-a619-2c71c0869997: receive RaftClientReply:client-EAA342753240->9a4a4c23-9ff3-4ce3-a619-2c71c0869997@group-EC4211DF0353, cid=1159, SUCCESS, logIndex=1584, commits[9a4a4c23-9ff3-4ce3-a619-2c71c0869997:c1584, 9b0072ab-15b3-4973-9bcb-7fa02f6bfea9:c1580, 9f215ef2-7d46-4cda-b695-cae1b893f75f:c1580]
2019-08-20 16:03:53,594 | INFO  | DNAudit | user=null | ip=null | op=WRITE_CHUNK {blockData=conID: 1 locID: 102650152704868810 bcsId: 1580} | ret=SUCCESS |  
2019-08-20 16:03:53,594 | INFO  | DNAudit | user=null | ip=null | op=WRITE_CHUNK {blockData=conID: 1 locID: 102650152704868810 bcsId: 1580} | ret=SUCCESS |  
2019-08-20 16:03:53,594 | INFO  | DNAudit | user=null | ip=null | op=PUT_BLOCK {blockData=[blockId=conID: 1 locID: 102650152704868810 bcsId: 0,size=4194304]} | ret=SUCCESS |  
2019-08-20 16:03:53,594 | INFO  | DNAudit | user=null | ip=null | op=PUT_BLOCK {blockData=[blockId=conID: 1 locID: 102650152704868810 bcsId: 0,size=4194304]} | ret=SUCCESS |  
2019-08-20 16:03:53,594 [grpc-default-executor-6] INFO  client.GrpcClientProtocolClient (GrpcClientProtocolClient.java:onNext(255)) - client-EAA342753240->9a4a4c23-9ff3-4ce3-a619-2c71c0869997: receive RaftClientReply:client-EAA342753240->9a4a4c23-9ff3-4ce3-a619-2c71c0869997@group-EC4211DF0353, cid=1160, SUCCESS, logIndex=0, commits[9a4a4c23-9ff3-4ce3-a619-2c71c0869997:c1585, 9b0072ab-15b3-4973-9bcb-7fa02f6bfea9:c1584, 9f215ef2-7d46-4cda-b695-cae1b893f75f:c1584]
2019-08-20 16:03:53,601 | INFO  | DNAudit | user=null | ip=null | op=WRITE_CHUNK {blockData=conID: 2 locID: 102650152704868811 bcsId: 0} | ret=SUCCESS |  
2019-08-20 16:03:53,603 | INFO  | DNAudit | user=null | ip=null | op=WRITE_CHUNK {blockData=conID: 2 locID: 102650152704868811 bcsId: 0} | ret=SUCCESS |  
2019-08-20 16:03:53,604 | INFO  | DNAudit | user=null | ip=null | op=WRITE_CHUNK {blockData=conID: 2 locID: 102650152704868811 bcsId: 0} | ret=SUCCESS |  
2019-08-20 16:03:53,604 | INFO  | DNAudit | user=null | ip=null | op=WRITE_CHUNK {blockData=conID: 2 locID: 102650152704868811 bcsId: 0} | ret=SUCCESS |  
2019-08-20 16:03:53,606 | INFO  | DNAudit | user=null | ip=null | op=WRITE_CHUNK {blockData=conID: 2 locID: 102650152704868811 bcsId: 0} | ret=SUCCESS |  
2019-08-20 16:03:53,606 | INFO  | DNAudit | user=null | ip=null | op=WRITE_CHUNK {blockData=conID: 2 locID: 102650152704868811 bcsId: 0} | ret=SUCCESS |  
2019-08-20 16:03:53,606 | INFO  | DNAudit | user=null | ip=null | op=WRITE_CHUNK {blockData=conID: 2 locID: 102650152704868811 bcsId: 0} | ret=SUCCESS |  
2019-08-20 16:03:53,606 | INFO  | DNAudit | user=null | ip=null | op=PUT_BLOCK {blockData=[blockId=conID: 2 locID: 102650152704868811 bcsId: 0,size=1048576]} | ret=SUCCESS |  
2019-08-20 16:03:53,606 [grpc-default-executor-3] INFO  client.GrpcClientProtocolClient (GrpcClientProtocolClient.java:onNext(255)) - client-EAA342753240->9a4a4c23-9ff3-4ce3-a619-2c71c0869997: receive RaftClientReply:client-EAA342753240->9a4a4c23-9ff3-4ce3-a619-2c71c0869997@group-EC4211DF0353, cid=1161, SUCCESS, logIndex=1587, commits[9a4a4c23-9ff3-4ce3-a619-2c71c0869997:c1588, 9b0072ab-15b3-4973-9bcb-7fa02f6bfea9:c1586, 9f215ef2-7d46-4cda-b695-cae1b893f75f:c1586]
2019-08-20 16:03:53,607 [grpc-default-executor-3] INFO  client.GrpcClientProtocolClient (GrpcClientProtocolClient.java:onNext(255)) - client-EAA342753240->9a4a4c23-9ff3-4ce3-a619-2c71c0869997: receive RaftClientReply:client-EAA342753240->9a4a4c23-9ff3-4ce3-a619-2c71c0869997@group-EC4211DF0353, cid=1162, SUCCESS, logIndex=1588, commits[9a4a4c23-9ff3-4ce3-a619-2c71c0869997:c1588, 9b0072ab-15b3-4973-9bcb-7fa02f6bfea9:c1586, 9f215ef2-7d46-4cda-b695-cae1b893f75f:c1586]
2019-08-20 16:03:53,608 | INFO  | DNAudit | user=null | ip=null | op=WRITE_CHUNK {blockData=conID: 2 locID: 102650152704868811 bcsId: 0} | ret=SUCCESS |  
2019-08-20 16:03:53,608 | INFO  | DNAudit | user=null | ip=null | op=PUT_BLOCK {blockData=[blockId=conID: 2 locID: 102650152704868811 bcsId: 0,size=2097152]} | ret=SUCCESS |  
2019-08-20 16:03:53,608 | INFO  | DNAudit | user=null | ip=null | op=WRITE_CHUNK {blockData=conID: 2 locID: 102650152704868811 bcsId: 0} | ret=SUCCESS |  
2019-08-20 16:03:53,608 [grpc-default-executor-5] INFO  client.GrpcClientProtocolClient (GrpcClientProtocolClient.java:onNext(255)) - client-EAA342753240->9a4a4c23-9ff3-4ce3-a619-2c71c0869997: receive RaftClientReply:client-EAA342753240->9a4a4c23-9ff3-4ce3-a619-2c71c0869997@group-EC4211DF0353, cid=1163, SUCCESS, logIndex=1589, commits[9a4a4c23-9ff3-4ce3-a619-2c71c0869997:c1590, 9b0072ab-15b3-4973-9bcb-7fa02f6bfea9:c1586, 9f215ef2-7d46-4cda-b695-cae1b893f75f:c1586]
2019-08-20 16:03:53,608 | INFO  | DNAudit | user=null | ip=null | op=WRITE_CHUNK {blockData=conID: 2 locID: 102650152704868811 bcsId: 0} | ret=SUCCESS |  
2019-08-20 16:03:53,609 | INFO  | DNAudit | user=null | ip=null | op=PUT_BLOCK {blockData=[blockId=conID: 2 locID: 102650152704868811 bcsId: 0,size=1048576]} | ret=SUCCESS |  
2019-08-20 16:03:53,609 | INFO  | DNAudit | user=null | ip=null | op=PUT_BLOCK {blockData=[blockId=conID: 2 locID: 102650152704868811 bcsId: 0,size=1048576]} | ret=SUCCESS |  
2019-08-20 16:03:53,609 [grpc-default-executor-3] INFO  client.GrpcClientProtocolClient (GrpcClientProtocolClient.java:onNext(255)) - client-EAA342753240->9a4a4c23-9ff3-4ce3-a619-2c71c0869997: receive RaftClientReply:client-EAA342753240->9a4a4c23-9ff3-4ce3-a619-2c71c0869997@group-EC4211DF0353, cid=1164, SUCCESS, logIndex=1590, commits[9a4a4c23-9ff3-4ce3-a619-2c71c0869997:c1590, 9b0072ab-15b3-4973-9bcb-7fa02f6bfea9:c1586, 9f215ef2-7d46-4cda-b695-cae1b893f75f:c1586]
2019-08-20 16:03:53,609 | INFO  | DNAudit | user=null | ip=null | op=WRITE_CHUNK {blockData=conID: 2 locID: 102650152704868811 bcsId: 0} | ret=SUCCESS |  
2019-08-20 16:03:53,609 | INFO  | DNAudit | user=null | ip=null | op=PUT_BLOCK {blockData=[blockId=conID: 2 locID: 102650152704868811 bcsId: 0,size=2097152]} | ret=SUCCESS |  
2019-08-20 16:03:53,610 | INFO  | DNAudit | user=null | ip=null | op=WRITE_CHUNK {blockData=conID: 2 locID: 102650152704868811 bcsId: 0} | ret=SUCCESS |  
2019-08-20 16:03:53,610 | INFO  | DNAudit | user=null | ip=null | op=PUT_BLOCK {blockData=[blockId=conID: 2 locID: 102650152704868811 bcsId: 0,size=2097152]} | ret=SUCCESS |  
2019-08-20 16:03:53,610 [grpc-default-executor-5] INFO  client.GrpcClientProtocolClient (GrpcClientProtocolClient.java:onNext(255)) - client-EAA342753240->9a4a4c23-9ff3-4ce3-a619-2c71c0869997: receive RaftClientReply:client-EAA342753240->9a4a4c23-9ff3-4ce3-a619-2c71c0869997@group-EC4211DF0353, cid=1165, SUCCESS, logIndex=0, commits[9a4a4c23-9ff3-4ce3-a619-2c71c0869997:c1594, 9b0072ab-15b3-4973-9bcb-7fa02f6bfea9:c1590, 9f215ef2-7d46-4cda-b695-cae1b893f75f:c1588]
2019-08-20 16:03:53,616 | INFO  | DNAudit | user=null | ip=null | op=WRITE_CHUNK {blockData=conID: 2 locID: 102650152704868811 bcsId: 1590} | ret=SUCCESS |  
2019-08-20 16:03:53,618 | INFO  | DNAudit | user=null | ip=null | op=WRITE_CHUNK {blockData=conID: 2 locID: 102650152704868811 bcsId: 1590} | ret=SUCCESS |  
2019-08-20 16:03:53,619 | INFO  | DNAudit | user=null | ip=null | op=WRITE_CHUNK {blockData=conID: 2 locID: 102650152704868811 bcsId: 1590} | ret=SUCCESS |  
2019-08-20 16:03:53,625 | INFO  | DNAudit | user=null | ip=null | op=WRITE_CHUNK {blockData=conID: 2 locID: 102650152704868811 bcsId: 1590} | ret=SUCCESS |  
2019-08-20 16:03:53,625 | INFO  | DNAudit | user=null | ip=null | op=PUT_BLOCK {blockData=[blockId=conID: 2 locID: 102650152704868811 bcsId: 0,size=3145728]} | ret=SUCCESS |  
2019-08-20 16:03:53,626 [grpc-default-executor-0] INFO  client.GrpcClientProtocolClient (GrpcClientProtocolClient.java:onNext(255)) - client-EAA342753240->9a4a4c23-9ff3-4ce3-a619-2c71c0869997: receive RaftClientReply:client-EAA342753240->9a4a4c23-9ff3-4ce3-a619-2c71c0869997@group-EC4211DF0353, cid=1166, SUCCESS, logIndex=1595, commits[9a4a4c23-9ff3-4ce3-a619-2c71c0869997:c1596, 9b0072ab-15b3-4973-9bcb-7fa02f6bfea9:c1594, 9f215ef2-7d46-4cda-b695-cae1b893f75f:c1594]
2019-08-20 16:03:53,626 [grpc-default-executor-0] INFO  client.GrpcClientProtocolClient (GrpcClientProtocolClient.java:onNext(255)) - client-EAA342753240->9a4a4c23-9ff3-4ce3-a619-2c71c0869997: receive RaftClientReply:client-EAA342753240->9a4a4c23-9ff3-4ce3-a619-2c71c0869997@group-EC4211DF0353, cid=1167, SUCCESS, logIndex=1596, commits[9a4a4c23-9ff3-4ce3-a619-2c71c0869997:c1596, 9b0072ab-15b3-4973-9bcb-7fa02f6bfea9:c1594, 9f215ef2-7d46-4cda-b695-cae1b893f75f:c1594]
2019-08-20 16:03:53,626 | INFO  | DNAudit | user=null | ip=null | op=WRITE_CHUNK {blockData=conID: 2 locID: 102650152704868811 bcsId: 1590} | ret=SUCCESS |  
2019-08-20 16:03:53,626 | INFO  | DNAudit | user=null | ip=null | op=WRITE_CHUNK {blockData=conID: 2 locID: 102650152704868811 bcsId: 1590} | ret=SUCCESS |  
2019-08-20 16:03:53,626 | INFO  | DNAudit | user=null | ip=null | op=PUT_BLOCK {blockData=[blockId=conID: 2 locID: 102650152704868811 bcsId: 0,size=3145728]} | ret=SUCCESS |  
2019-08-20 16:03:53,627 | INFO  | DNAudit | user=null | ip=null | op=PUT_BLOCK {blockData=[blockId=conID: 2 locID: 102650152704868811 bcsId: 0,size=3145728]} | ret=SUCCESS |  
2019-08-20 16:03:53,631 | INFO  | DNAudit | user=null | ip=null | op=WRITE_CHUNK {blockData=conID: 2 locID: 102650152704868811 bcsId: 1596} | ret=SUCCESS |  
2019-08-20 16:03:53,633 | INFO  | DNAudit | user=null | ip=null | op=WRITE_CHUNK {blockData=conID: 2 locID: 102650152704868811 bcsId: 1596} | ret=SUCCESS |  
2019-08-20 16:03:53,634 | INFO  | DNAudit | user=null | ip=null | op=WRITE_CHUNK {blockData=conID: 2 locID: 102650152704868811 bcsId: 1596} | ret=SUCCESS |  
2019-08-20 16:03:53,646 | INFO  | DNAudit | user=null | ip=null | op=WRITE_CHUNK {blockData=conID: 2 locID: 102650152704868811 bcsId: 1596} | ret=SUCCESS |  
2019-08-20 16:03:53,646 | INFO  | DNAudit | user=null | ip=null | op=PUT_BLOCK {blockData=[blockId=conID: 2 locID: 102650152704868811 bcsId: 0,size=4194304]} | ret=SUCCESS |  
2019-08-20 16:03:53,647 [grpc-default-executor-5] INFO  client.GrpcClientProtocolClient (GrpcClientProtocolClient.java:onNext(255)) - client-EAA342753240->9a4a4c23-9ff3-4ce3-a619-2c71c0869997: receive RaftClientReply:client-EAA342753240->9a4a4c23-9ff3-4ce3-a619-2c71c0869997@group-EC4211DF0353, cid=1168, SUCCESS, logIndex=1599, commits[9a4a4c23-9ff3-4ce3-a619-2c71c0869997:c1600, 9b0072ab-15b3-4973-9bcb-7fa02f6bfea9:c1598, 9f215ef2-7d46-4cda-b695-cae1b893f75f:c1598]
2019-08-20 16:03:53,647 [grpc-default-executor-5] INFO  client.GrpcClientProtocolClient (GrpcClientProtocolClient.java:onNext(255)) - client-EAA342753240->9a4a4c23-9ff3-4ce3-a619-2c71c0869997: receive RaftClientReply:client-EAA342753240->9a4a4c23-9ff3-4ce3-a619-2c71c0869997@group-EC4211DF0353, cid=1169, SUCCESS, logIndex=1600, commits[9a4a4c23-9ff3-4ce3-a619-2c71c0869997:c1600, 9b0072ab-15b3-4973-9bcb-7fa02f6bfea9:c1598, 9f215ef2-7d46-4cda-b695-cae1b893f75f:c1598]
2019-08-20 16:03:53,665 | INFO  | DNAudit | user=null | ip=null | op=WRITE_CHUNK {blockData=conID: 2 locID: 102650152704868811 bcsId: 1596} | ret=SUCCESS |  
2019-08-20 16:03:53,665 | INFO  | DNAudit | user=null | ip=null | op=WRITE_CHUNK {blockData=conID: 2 locID: 102650152704868811 bcsId: 1596} | ret=SUCCESS |  
2019-08-20 16:03:53,665 | INFO  | DNAudit | user=null | ip=null | op=PUT_BLOCK {blockData=[blockId=conID: 2 locID: 102650152704868811 bcsId: 0,size=4194304]} | ret=SUCCESS |  
2019-08-20 16:03:53,666 | INFO  | DNAudit | user=null | ip=null | op=PUT_BLOCK {blockData=[blockId=conID: 2 locID: 102650152704868811 bcsId: 0,size=4194304]} | ret=SUCCESS |  
2019-08-20 16:03:53,666 [grpc-default-executor-5] INFO  client.GrpcClientProtocolClient (GrpcClientProtocolClient.java:onNext(255)) - client-EAA342753240->9a4a4c23-9ff3-4ce3-a619-2c71c0869997: receive RaftClientReply:client-EAA342753240->9a4a4c23-9ff3-4ce3-a619-2c71c0869997@group-EC4211DF0353, cid=1170, SUCCESS, logIndex=0, commits[9a4a4c23-9ff3-4ce3-a619-2c71c0869997:c1601, 9b0072ab-15b3-4973-9bcb-7fa02f6bfea9:c1600, 9f215ef2-7d46-4cda-b695-cae1b893f75f:c1600]
2019-08-20 16:03:53,671 | INFO  | DNAudit | user=null | ip=null | op=WRITE_CHUNK {blockData=conID: 3 locID: 102650152704934348 bcsId: 0} | ret=SUCCESS |  
2019-08-20 16:03:53,799 | INFO  | DNAudit | user=null | ip=null | op=WRITE_CHUNK {blockData=conID: 3 locID: 102650152704934348 bcsId: 0} | ret=SUCCESS |  
2019-08-20 16:03:53,800 | INFO  | DNAudit | user=null | ip=null | op=WRITE_CHUNK {blockData=conID: 3 locID: 102650152704934348 bcsId: 0} | ret=SUCCESS |  
2019-08-20 16:03:53,800 | INFO  | DNAudit | user=null | ip=null | op=WRITE_CHUNK {blockData=conID: 3 locID: 102650152704934348 bcsId: 0} | ret=SUCCESS |  
2019-08-20 16:03:53,802 | INFO  | DNAudit | user=null | ip=null | op=WRITE_CHUNK {blockData=conID: 3 locID: 102650152704934348 bcsId: 0} | ret=SUCCESS |  
2019-08-20 16:03:53,803 | INFO  | DNAudit | user=null | ip=null | op=WRITE_CHUNK {blockData=conID: 3 locID: 102650152704934348 bcsId: 0} | ret=SUCCESS |  
2019-08-20 16:03:53,820 | INFO  | DNAudit | user=null | ip=null | op=WRITE_CHUNK {blockData=conID: 3 locID: 102650152704934348 bcsId: 0} | ret=SUCCESS |  
2019-08-20 16:03:53,820 | INFO  | DNAudit | user=null | ip=null | op=PUT_BLOCK {blockData=[blockId=conID: 3 locID: 102650152704934348 bcsId: 0,size=1048576]} | ret=SUCCESS |  
2019-08-20 16:03:53,821 | INFO  | DNAudit | user=null | ip=null | op=WRITE_CHUNK {blockData=conID: 3 locID: 102650152704934348 bcsId: 0} | ret=SUCCESS |  
2019-08-20 16:03:53,821 [grpc-default-executor-3] INFO  client.GrpcClientProtocolClient (GrpcClientProtocolClient.java:onNext(255)) - client-EAA342753240->9a4a4c23-9ff3-4ce3-a619-2c71c0869997: receive RaftClientReply:client-EAA342753240->9a4a4c23-9ff3-4ce3-a619-2c71c0869997@group-EC4211DF0353, cid=1171, SUCCESS, logIndex=1603, commits[9a4a4c23-9ff3-4ce3-a619-2c71c0869997:c1604, 9b0072ab-15b3-4973-9bcb-7fa02f6bfea9:c1602, 9f215ef2-7d46-4cda-b695-cae1b893f75f:c1602]
2019-08-20 16:03:53,821 | INFO  | DNAudit | user=null | ip=null | op=PUT_BLOCK {blockData=[blockId=conID: 3 locID: 102650152704934348 bcsId: 0,size=2097152]} | ret=SUCCESS |  
2019-08-20 16:03:53,821 | INFO  | DNAudit | user=null | ip=null | op=WRITE_CHUNK {blockData=conID: 3 locID: 102650152704934348 bcsId: 0} | ret=SUCCESS |  
2019-08-20 16:03:53,822 | INFO  | DNAudit | user=null | ip=null | op=PUT_BLOCK {blockData=[blockId=conID: 3 locID: 102650152704934348 bcsId: 0,size=1048576]} | ret=SUCCESS |  
2019-08-20 16:03:53,822 [grpc-default-executor-3] INFO  client.GrpcClientProtocolClient (GrpcClientProtocolClient.java:onNext(255)) - client-EAA342753240->9a4a4c23-9ff3-4ce3-a619-2c71c0869997: receive RaftClientReply:client-EAA342753240->9a4a4c23-9ff3-4ce3-a619-2c71c0869997@group-EC4211DF0353, cid=1172, SUCCESS, logIndex=1604, commits[9a4a4c23-9ff3-4ce3-a619-2c71c0869997:c1605, 9b0072ab-15b3-4973-9bcb-7fa02f6bfea9:c1602, 9f215ef2-7d46-4cda-b695-cae1b893f75f:c1602]
2019-08-20 16:03:53,822 [grpc-default-executor-3] INFO  client.GrpcClientProtocolClient (GrpcClientProtocolClient.java:onNext(255)) - client-EAA342753240->9a4a4c23-9ff3-4ce3-a619-2c71c0869997: receive RaftClientReply:client-EAA342753240->9a4a4c23-9ff3-4ce3-a619-2c71c0869997@group-EC4211DF0353, cid=1173, SUCCESS, logIndex=1605, commits[9a4a4c23-9ff3-4ce3-a619-2c71c0869997:c1606, 9b0072ab-15b3-4973-9bcb-7fa02f6bfea9:c1602, 9f215ef2-7d46-4cda-b695-cae1b893f75f:c1602]
2019-08-20 16:03:53,822 | INFO  | DNAudit | user=null | ip=null | op=WRITE_CHUNK {blockData=conID: 3 locID: 102650152704934348 bcsId: 0} | ret=SUCCESS |  
2019-08-20 16:03:53,822 [grpc-default-executor-3] INFO  client.GrpcClientProtocolClient (GrpcClientProtocolClient.java:onNext(255)) - client-EAA342753240->9a4a4c23-9ff3-4ce3-a619-2c71c0869997: receive RaftClientReply:client-EAA342753240->9a4a4c23-9ff3-4ce3-a619-2c71c0869997@group-EC4211DF0353, cid=1174, SUCCESS, logIndex=1606, commits[9a4a4c23-9ff3-4ce3-a619-2c71c0869997:c1606, 9b0072ab-15b3-4973-9bcb-7fa02f6bfea9:c1602, 9f215ef2-7d46-4cda-b695-cae1b893f75f:c1602]
2019-08-20 16:03:53,823 | INFO  | DNAudit | user=null | ip=null | op=PUT_BLOCK {blockData=[blockId=conID: 3 locID: 102650152704934348 bcsId: 0,size=1048576]} | ret=SUCCESS |  
2019-08-20 16:03:53,823 | INFO  | DNAudit | user=null | ip=null | op=WRITE_CHUNK {blockData=conID: 3 locID: 102650152704934348 bcsId: 0} | ret=SUCCESS |  
2019-08-20 16:03:53,823 | INFO  | DNAudit | user=null | ip=null | op=WRITE_CHUNK {blockData=conID: 3 locID: 102650152704934348 bcsId: 0} | ret=SUCCESS |  
2019-08-20 16:03:53,823 | INFO  | DNAudit | user=null | ip=null | op=PUT_BLOCK {blockData=[blockId=conID: 3 locID: 102650152704934348 bcsId: 0,size=2097152]} | ret=SUCCESS |  
2019-08-20 16:03:53,824 | INFO  | DNAudit | user=null | ip=null | op=PUT_BLOCK {blockData=[blockId=conID: 3 locID: 102650152704934348 bcsId: 0,size=2097152]} | ret=SUCCESS |  
2019-08-20 16:03:53,824 [grpc-default-executor-6] INFO  client.GrpcClientProtocolClient (GrpcClientProtocolClient.java:onNext(255)) - client-EAA342753240->9a4a4c23-9ff3-4ce3-a619-2c71c0869997: receive RaftClientReply:client-EAA342753240->9a4a4c23-9ff3-4ce3-a619-2c71c0869997@group-EC4211DF0353, cid=1175, SUCCESS, logIndex=0, commits[9a4a4c23-9ff3-4ce3-a619-2c71c0869997:c1610, 9b0072ab-15b3-4973-9bcb-7fa02f6bfea9:c1606, 9f215ef2-7d46-4cda-b695-cae1b893f75f:c1605]
2019-08-20 16:03:53,832 | INFO  | DNAudit | user=null | ip=null | op=WRITE_CHUNK {blockData=conID: 3 locID: 102650152704934348 bcsId: 1606} | ret=SUCCESS |  
2019-08-20 16:03:53,834 | INFO  | DNAudit | user=null | ip=null | op=WRITE_CHUNK {blockData=conID: 3 locID: 102650152704934348 bcsId: 1606} | ret=SUCCESS |  
2019-08-20 16:03:53,835 | INFO  | DNAudit | user=null | ip=null | op=WRITE_CHUNK {blockData=conID: 3 locID: 102650152704934348 bcsId: 1606} | ret=SUCCESS |  
2019-08-20 16:03:53,844 | INFO  | DNAudit | user=null | ip=null | op=WRITE_CHUNK {blockData=conID: 3 locID: 102650152704934348 bcsId: 1606} | ret=SUCCESS |  
2019-08-20 16:03:53,845 | INFO  | DNAudit | user=null | ip=null | op=PUT_BLOCK {blockData=[blockId=conID: 3 locID: 102650152704934348 bcsId: 0,size=3145728]} | ret=SUCCESS |  
2019-08-20 16:03:53,845 [grpc-default-executor-5] INFO  client.GrpcClientProtocolClient (GrpcClientProtocolClient.java:onNext(255)) - client-EAA342753240->9a4a4c23-9ff3-4ce3-a619-2c71c0869997: receive RaftClientReply:client-EAA342753240->9a4a4c23-9ff3-4ce3-a619-2c71c0869997@group-EC4211DF0353, cid=1176, SUCCESS, logIndex=1611, commits[9a4a4c23-9ff3-4ce3-a619-2c71c0869997:c1612, 9b0072ab-15b3-4973-9bcb-7fa02f6bfea9:c1610, 9f215ef2-7d46-4cda-b695-cae1b893f75f:c1610]
2019-08-20 16:03:53,845 [grpc-default-executor-5] INFO  client.GrpcClientProtocolClient (GrpcClientProtocolClient.java:onNext(255)) - client-EAA342753240->9a4a4c23-9ff3-4ce3-a619-2c71c0869997: receive RaftClientReply:client-EAA342753240->9a4a4c23-9ff3-4ce3-a619-2c71c0869997@group-EC4211DF0353, cid=1177, SUCCESS, logIndex=1612, commits[9a4a4c23-9ff3-4ce3-a619-2c71c0869997:c1612, 9b0072ab-15b3-4973-9bcb-7fa02f6bfea9:c1610, 9f215ef2-7d46-4cda-b695-cae1b893f75f:c1610]
2019-08-20 16:03:53,846 | INFO  | DNAudit | user=null | ip=null | op=WRITE_CHUNK {blockData=conID: 3 locID: 102650152704934348 bcsId: 1606} | ret=SUCCESS |  
2019-08-20 16:03:53,846 | INFO  | DNAudit | user=null | ip=null | op=WRITE_CHUNK {blockData=conID: 3 locID: 102650152704934348 bcsId: 1606} | ret=SUCCESS |  
2019-08-20 16:03:53,847 | INFO  | DNAudit | user=null | ip=null | op=PUT_BLOCK {blockData=[blockId=conID: 3 locID: 102650152704934348 bcsId: 0,size=3145728]} | ret=SUCCESS |  
2019-08-20 16:03:53,847 | INFO  | DNAudit | user=null | ip=null | op=PUT_BLOCK {blockData=[blockId=conID: 3 locID: 102650152704934348 bcsId: 0,size=3145728]} | ret=SUCCESS |  
2019-08-20 16:03:53,852 | INFO  | DNAudit | user=null | ip=null | op=WRITE_CHUNK {blockData=conID: 3 locID: 102650152704934348 bcsId: 1612} | ret=SUCCESS |  
2019-08-20 16:03:53,854 | INFO  | DNAudit | user=null | ip=null | op=WRITE_CHUNK {blockData=conID: 3 locID: 102650152704934348 bcsId: 1612} | ret=SUCCESS |  
2019-08-20 16:03:53,854 | INFO  | DNAudit | user=null | ip=null | op=WRITE_CHUNK {blockData=conID: 3 locID: 102650152704934348 bcsId: 1612} | ret=SUCCESS |  
2019-08-20 16:03:53,867 | INFO  | DNAudit | user=null | ip=null | op=WRITE_CHUNK {blockData=conID: 3 locID: 102650152704934348 bcsId: 1612} | ret=SUCCESS |  
2019-08-20 16:03:53,868 | INFO  | DNAudit | user=null | ip=null | op=PUT_BLOCK {blockData=[blockId=conID: 3 locID: 102650152704934348 bcsId: 0,size=4194304]} | ret=SUCCESS |  
2019-08-20 16:03:53,868 [grpc-default-executor-5] INFO  client.GrpcClientProtocolClient (GrpcClientProtocolClient.java:onNext(255)) - client-EAA342753240->9a4a4c23-9ff3-4ce3-a619-2c71c0869997: receive RaftClientReply:client-EAA342753240->9a4a4c23-9ff3-4ce3-a619-2c71c0869997@group-EC4211DF0353, cid=1178, SUCCESS, logIndex=1615, commits[9a4a4c23-9ff3-4ce3-a619-2c71c0869997:c1616, 9b0072ab-15b3-4973-9bcb-7fa02f6bfea9:c1614, 9f215ef2-7d46-4cda-b695-cae1b893f75f:c1614]
2019-08-20 16:03:53,868 [grpc-default-executor-5] INFO  client.GrpcClientProtocolClient (GrpcClientProtocolClient.java:onNext(255)) - client-EAA342753240->9a4a4c23-9ff3-4ce3-a619-2c71c0869997: receive RaftClientReply:client-EAA342753240->9a4a4c23-9ff3-4ce3-a619-2c71c0869997@group-EC4211DF0353, cid=1179, SUCCESS, logIndex=1616, commits[9a4a4c23-9ff3-4ce3-a619-2c71c0869997:c1616, 9b0072ab-15b3-4973-9bcb-7fa02f6bfea9:c1614, 9f215ef2-7d46-4cda-b695-cae1b893f75f:c1614]
2019-08-20 16:03:53,869 | INFO  | DNAudit | user=null | ip=null | op=WRITE_CHUNK {blockData=conID: 3 locID: 102650152704934348 bcsId: 1612} | ret=SUCCESS |  
2019-08-20 16:03:53,869 | INFO  | DNAudit | user=null | ip=null | op=WRITE_CHUNK {blockData=conID: 3 locID: 102650152704934348 bcsId: 1612} | ret=SUCCESS |  
2019-08-20 16:03:53,870 | INFO  | DNAudit | user=null | ip=null | op=PUT_BLOCK {blockData=[blockId=conID: 3 locID: 102650152704934348 bcsId: 0,size=4194304]} | ret=SUCCESS |  
2019-08-20 16:03:53,870 | INFO  | DNAudit | user=null | ip=null | op=PUT_BLOCK {blockData=[blockId=conID: 3 locID: 102650152704934348 bcsId: 0,size=4194304]} | ret=SUCCESS |  
2019-08-20 16:03:53,870 [grpc-default-executor-3] INFO  client.GrpcClientProtocolClient (GrpcClientProtocolClient.java:onNext(255)) - client-EAA342753240->9a4a4c23-9ff3-4ce3-a619-2c71c0869997: receive RaftClientReply:client-EAA342753240->9a4a4c23-9ff3-4ce3-a619-2c71c0869997@group-EC4211DF0353, cid=1180, SUCCESS, logIndex=0, commits[9a4a4c23-9ff3-4ce3-a619-2c71c0869997:c1617, 9b0072ab-15b3-4973-9bcb-7fa02f6bfea9:c1616, 9f215ef2-7d46-4cda-b695-cae1b893f75f:c1616]
2019-08-20 16:03:53,876 | INFO  | DNAudit | user=null | ip=null | op=WRITE_CHUNK {blockData=conID: 1 locID: 102650152704934349 bcsId: 0} | ret=SUCCESS |  
2019-08-20 16:03:53,879 | INFO  | DNAudit | user=null | ip=null | op=WRITE_CHUNK {blockData=conID: 1 locID: 102650152704934349 bcsId: 0} | ret=SUCCESS |  
2019-08-20 16:03:53,879 | INFO  | DNAudit | user=null | ip=null | op=WRITE_CHUNK {blockData=conID: 1 locID: 102650152704934349 bcsId: 0} | ret=SUCCESS |  
2019-08-20 16:03:53,879 | INFO  | DNAudit | user=null | ip=null | op=WRITE_CHUNK {blockData=conID: 1 locID: 102650152704934349 bcsId: 0} | ret=SUCCESS |  
2019-08-20 16:03:53,880 | INFO  | DNAudit | user=null | ip=null | op=WRITE_CHUNK {blockData=conID: 1 locID: 102650152704934349 bcsId: 0} | ret=SUCCESS |  
2019-08-20 16:03:53,880 | INFO  | DNAudit | user=null | ip=null | op=WRITE_CHUNK {blockData=conID: 1 locID: 102650152704934349 bcsId: 0} | ret=SUCCESS |  
2019-08-20 16:03:53,891 | INFO  | DNAudit | user=null | ip=null | op=WRITE_CHUNK {blockData=conID: 1 locID: 102650152704934349 bcsId: 0} | ret=SUCCESS |  
2019-08-20 16:03:53,892 | INFO  | DNAudit | user=null | ip=null | op=PUT_BLOCK {blockData=[blockId=conID: 1 locID: 102650152704934349 bcsId: 0,size=1048576]} | ret=SUCCESS |  
2019-08-20 16:03:53,892 | INFO  | DNAudit | user=null | ip=null | op=WRITE_CHUNK {blockData=conID: 1 locID: 102650152704934349 bcsId: 0} | ret=SUCCESS |  
2019-08-20 16:03:53,892 [grpc-default-executor-6] INFO  client.GrpcClientProtocolClient (GrpcClientProtocolClient.java:onNext(255)) - client-EAA342753240->9a4a4c23-9ff3-4ce3-a619-2c71c0869997: receive RaftClientReply:client-EAA342753240->9a4a4c23-9ff3-4ce3-a619-2c71c0869997@group-EC4211DF0353, cid=1181, SUCCESS, logIndex=1619, commits[9a4a4c23-9ff3-4ce3-a619-2c71c0869997:c1620, 9b0072ab-15b3-4973-9bcb-7fa02f6bfea9:c1618, 9f215ef2-7d46-4cda-b695-cae1b893f75f:c1618]
2019-08-20 16:03:53,892 | INFO  | DNAudit | user=null | ip=null | op=PUT_BLOCK {blockData=[blockId=conID: 1 locID: 102650152704934349 bcsId: 0,size=2097152]} | ret=SUCCESS |  
2019-08-20 16:03:53,892 [grpc-default-executor-6] INFO  client.GrpcClientProtocolClient (GrpcClientProtocolClient.java:onNext(255)) - client-EAA342753240->9a4a4c23-9ff3-4ce3-a619-2c71c0869997: receive RaftClientReply:client-EAA342753240->9a4a4c23-9ff3-4ce3-a619-2c71c0869997@group-EC4211DF0353, cid=1182, SUCCESS, logIndex=1620, commits[9a4a4c23-9ff3-4ce3-a619-2c71c0869997:c1622, 9b0072ab-15b3-4973-9bcb-7fa02f6bfea9:c1618, 9f215ef2-7d46-4cda-b695-cae1b893f75f:c1618]
2019-08-20 16:03:53,893 [grpc-default-executor-6] INFO  client.GrpcClientProtocolClient (GrpcClientProtocolClient.java:onNext(255)) - client-EAA342753240->9a4a4c23-9ff3-4ce3-a619-2c71c0869997: receive RaftClientReply:client-EAA342753240->9a4a4c23-9ff3-4ce3-a619-2c71c0869997@group-EC4211DF0353, cid=1183, SUCCESS, logIndex=1621, commits[9a4a4c23-9ff3-4ce3-a619-2c71c0869997:c1622, 9b0072ab-15b3-4973-9bcb-7fa02f6bfea9:c1618, 9f215ef2-7d46-4cda-b695-cae1b893f75f:c1618]
2019-08-20 16:03:53,893 [grpc-default-executor-6] INFO  client.GrpcClientProtocolClient (GrpcClientProtocolClient.java:onNext(255)) - client-EAA342753240->9a4a4c23-9ff3-4ce3-a619-2c71c0869997: receive RaftClientReply:client-EAA342753240->9a4a4c23-9ff3-4ce3-a619-2c71c0869997@group-EC4211DF0353, cid=1184, SUCCESS, logIndex=1622, commits[9a4a4c23-9ff3-4ce3-a619-2c71c0869997:c1622, 9b0072ab-15b3-4973-9bcb-7fa02f6bfea9:c1618, 9f215ef2-7d46-4cda-b695-cae1b893f75f:c1618]
2019-08-20 16:03:53,893 | INFO  | DNAudit | user=null | ip=null | op=WRITE_CHUNK {blockData=conID: 1 locID: 102650152704934349 bcsId: 0} | ret=SUCCESS |  
2019-08-20 16:03:53,894 | INFO  | DNAudit | user=null | ip=null | op=PUT_BLOCK {blockData=[blockId=conID: 1 locID: 102650152704934349 bcsId: 0,size=1048576]} | ret=SUCCESS |  
2019-08-20 16:03:53,895 | INFO  | DNAudit | user=null | ip=null | op=WRITE_CHUNK {blockData=conID: 1 locID: 102650152704934349 bcsId: 0} | ret=SUCCESS |  
2019-08-20 16:03:53,895 | INFO  | DNAudit | user=null | ip=null | op=PUT_BLOCK {blockData=[blockId=conID: 1 locID: 102650152704934349 bcsId: 0,size=1048576]} | ret=SUCCESS |  
2019-08-20 16:03:53,895 [grpc-default-executor-6] INFO  client.GrpcClientProtocolClient (GrpcClientProtocolClient.java:onNext(255)) - client-EAA342753240->9a4a4c23-9ff3-4ce3-a619-2c71c0869997: receive RaftClientReply:client-EAA342753240->9a4a4c23-9ff3-4ce3-a619-2c71c0869997@group-EC4211DF0353, cid=1185, SUCCESS, logIndex=0, commits[9a4a4c23-9ff3-4ce3-a619-2c71c0869997:c1623, 9b0072ab-15b3-4973-9bcb-7fa02f6bfea9:c1620, 9f215ef2-7d46-4cda-b695-cae1b893f75f:c1620]
2019-08-20 16:03:53,895 | INFO  | DNAudit | user=null | ip=null | op=WRITE_CHUNK {blockData=conID: 1 locID: 102650152704934349 bcsId: 0} | ret=SUCCESS |  
2019-08-20 16:03:53,895 | INFO  | DNAudit | user=null | ip=null | op=PUT_BLOCK {blockData=[blockId=conID: 1 locID: 102650152704934349 bcsId: 0,size=2097152]} | ret=SUCCESS |  
2019-08-20 16:03:53,896 | INFO  | DNAudit | user=null | ip=null | op=WRITE_CHUNK {blockData=conID: 1 locID: 102650152704934349 bcsId: 0} | ret=SUCCESS |  
2019-08-20 16:03:53,896 | INFO  | DNAudit | user=null | ip=null | op=PUT_BLOCK {blockData=[blockId=conID: 1 locID: 102650152704934349 bcsId: 0,size=2097152]} | ret=SUCCESS |  
2019-08-20 16:03:53,901 | INFO  | DNAudit | user=null | ip=null | op=WRITE_CHUNK {blockData=conID: 1 locID: 102650152704934349 bcsId: 1622} | ret=SUCCESS |  
2019-08-20 16:03:53,903 | INFO  | DNAudit | user=null | ip=null | op=WRITE_CHUNK {blockData=conID: 1 locID: 102650152704934349 bcsId: 1622} | ret=SUCCESS |  
2019-08-20 16:03:53,904 | INFO  | DNAudit | user=null | ip=null | op=WRITE_CHUNK {blockData=conID: 1 locID: 102650152704934349 bcsId: 1622} | ret=SUCCESS |  
2019-08-20 16:03:53,917 | INFO  | DNAudit | user=null | ip=null | op=WRITE_CHUNK {blockData=conID: 1 locID: 102650152704934349 bcsId: 1622} | ret=SUCCESS |  
2019-08-20 16:03:53,917 | INFO  | DNAudit | user=null | ip=null | op=PUT_BLOCK {blockData=[blockId=conID: 1 locID: 102650152704934349 bcsId: 0,size=3145728]} | ret=SUCCESS |  
2019-08-20 16:03:53,917 [grpc-default-executor-3] INFO  client.GrpcClientProtocolClient (GrpcClientProtocolClient.java:onNext(255)) - client-EAA342753240->9a4a4c23-9ff3-4ce3-a619-2c71c0869997: receive RaftClientReply:client-EAA342753240->9a4a4c23-9ff3-4ce3-a619-2c71c0869997@group-EC4211DF0353, cid=1186, SUCCESS, logIndex=1627, commits[9a4a4c23-9ff3-4ce3-a619-2c71c0869997:c1628, 9b0072ab-15b3-4973-9bcb-7fa02f6bfea9:c1626, 9f215ef2-7d46-4cda-b695-cae1b893f75f:c1626]
2019-08-20 16:03:53,918 [grpc-default-executor-3] INFO  client.GrpcClientProtocolClient (GrpcClientProtocolClient.java:onNext(255)) - client-EAA342753240->9a4a4c23-9ff3-4ce3-a619-2c71c0869997: receive RaftClientReply:client-EAA342753240->9a4a4c23-9ff3-4ce3-a619-2c71c0869997@group-EC4211DF0353, cid=1187, SUCCESS, logIndex=1628, commits[9a4a4c23-9ff3-4ce3-a619-2c71c0869997:c1628, 9b0072ab-15b3-4973-9bcb-7fa02f6bfea9:c1626, 9f215ef2-7d46-4cda-b695-cae1b893f75f:c1626]
2019-08-20 16:03:53,924 | INFO  | DNAudit | user=null | ip=null | op=WRITE_CHUNK {blockData=conID: 1 locID: 102650152704934349 bcsId: 1628} | ret=SUCCESS |  
2019-08-20 16:03:53,926 | INFO  | DNAudit | user=null | ip=null | op=WRITE_CHUNK {blockData=conID: 1 locID: 102650152704934349 bcsId: 1628} | ret=SUCCESS |  
2019-08-20 16:03:53,926 | INFO  | DNAudit | user=null | ip=null | op=WRITE_CHUNK {blockData=conID: 1 locID: 102650152704934349 bcsId: 1628} | ret=SUCCESS |  
2019-08-20 16:03:53,929 | INFO  | DNAudit | user=null | ip=null | op=WRITE_CHUNK {blockData=conID: 1 locID: 102650152704934349 bcsId: 1622} | ret=SUCCESS |  
2019-08-20 16:03:53,929 | INFO  | DNAudit | user=null | ip=null | op=WRITE_CHUNK {blockData=conID: 1 locID: 102650152704934349 bcsId: 1622} | ret=SUCCESS |  
2019-08-20 16:03:53,930 | INFO  | DNAudit | user=null | ip=null | op=PUT_BLOCK {blockData=[blockId=conID: 1 locID: 102650152704934349 bcsId: 0,size=3145728]} | ret=SUCCESS |  
2019-08-20 16:03:53,930 | INFO  | DNAudit | user=null | ip=null | op=PUT_BLOCK {blockData=[blockId=conID: 1 locID: 102650152704934349 bcsId: 0,size=3145728]} | ret=SUCCESS |  
2019-08-20 16:03:53,930 | INFO  | DNAudit | user=null | ip=null | op=WRITE_CHUNK {blockData=conID: 1 locID: 102650152704934349 bcsId: 1628} | ret=SUCCESS |  
2019-08-20 16:03:53,931 | INFO  | DNAudit | user=null | ip=null | op=PUT_BLOCK {blockData=[blockId=conID: 1 locID: 102650152704934349 bcsId: 0,size=4194304]} | ret=SUCCESS |  
2019-08-20 16:03:53,931 [grpc-default-executor-5] INFO  client.GrpcClientProtocolClient (GrpcClientProtocolClient.java:onNext(255)) - client-EAA342753240->9a4a4c23-9ff3-4ce3-a619-2c71c0869997: receive RaftClientReply:client-EAA342753240->9a4a4c23-9ff3-4ce3-a619-2c71c0869997@group-EC4211DF0353, cid=1188, SUCCESS, logIndex=1631, commits[9a4a4c23-9ff3-4ce3-a619-2c71c0869997:c1632, 9b0072ab-15b3-4973-9bcb-7fa02f6bfea9:c1628, 9f215ef2-7d46-4cda-b695-cae1b893f75f:c1628]
2019-08-20 16:03:53,931 [grpc-default-executor-5] INFO  client.GrpcClientProtocolClient (GrpcClientProtocolClient.java:onNext(255)) - client-EAA342753240->9a4a4c23-9ff3-4ce3-a619-2c71c0869997: receive RaftClientReply:client-EAA342753240->9a4a4c23-9ff3-4ce3-a619-2c71c0869997@group-EC4211DF0353, cid=1189, SUCCESS, logIndex=1632, commits[9a4a4c23-9ff3-4ce3-a619-2c71c0869997:c1632, 9b0072ab-15b3-4973-9bcb-7fa02f6bfea9:c1628, 9f215ef2-7d46-4cda-b695-cae1b893f75f:c1628]
2019-08-20 16:03:53,942 | INFO  | DNAudit | user=null | ip=null | op=WRITE_CHUNK {blockData=conID: 1 locID: 102650152704934349 bcsId: 1628} | ret=SUCCESS |  
2019-08-20 16:03:53,942 | INFO  | DNAudit | user=null | ip=null | op=WRITE_CHUNK {blockData=conID: 1 locID: 102650152704934349 bcsId: 1628} | ret=SUCCESS |  
2019-08-20 16:03:53,943 | INFO  | DNAudit | user=null | ip=null | op=PUT_BLOCK {blockData=[blockId=conID: 1 locID: 102650152704934349 bcsId: 0,size=4194304]} | ret=SUCCESS |  
2019-08-20 16:03:53,943 | INFO  | DNAudit | user=null | ip=null | op=PUT_BLOCK {blockData=[blockId=conID: 1 locID: 102650152704934349 bcsId: 0,size=4194304]} | ret=SUCCESS |  
2019-08-20 16:03:53,944 [grpc-default-executor-5] INFO  client.GrpcClientProtocolClient (GrpcClientProtocolClient.java:onNext(255)) - client-EAA342753240->9a4a4c23-9ff3-4ce3-a619-2c71c0869997: receive RaftClientReply:client-EAA342753240->9a4a4c23-9ff3-4ce3-a619-2c71c0869997@group-EC4211DF0353, cid=1190, SUCCESS, logIndex=0, commits[9a4a4c23-9ff3-4ce3-a619-2c71c0869997:c1634, 9b0072ab-15b3-4973-9bcb-7fa02f6bfea9:c1632, 9f215ef2-7d46-4cda-b695-cae1b893f75f:c1632]
2019-08-20 16:03:53,950 | INFO  | DNAudit | user=null | ip=null | op=WRITE_CHUNK {blockData=conID: 2 locID: 102650152704934350 bcsId: 0} | ret=SUCCESS |  
2019-08-20 16:03:53,952 | INFO  | DNAudit | user=null | ip=null | op=WRITE_CHUNK {blockData=conID: 2 locID: 102650152704934350 bcsId: 0} | ret=SUCCESS |  
2019-08-20 16:03:53,953 | INFO  | DNAudit | user=null | ip=null | op=WRITE_CHUNK {blockData=conID: 2 locID: 102650152704934350 bcsId: 0} | ret=SUCCESS |  
2019-08-20 16:03:53,953 | INFO  | DNAudit | user=null | ip=null | op=WRITE_CHUNK {blockData=conID: 2 locID: 102650152704934350 bcsId: 0} | ret=SUCCESS |  
2019-08-20 16:03:53,954 | INFO  | DNAudit | user=null | ip=null | op=WRITE_CHUNK {blockData=conID: 2 locID: 102650152704934350 bcsId: 0} | ret=SUCCESS |  
2019-08-20 16:03:53,955 | INFO  | DNAudit | user=null | ip=null | op=WRITE_CHUNK {blockData=conID: 2 locID: 102650152704934350 bcsId: 0} | ret=SUCCESS |  
2019-08-20 16:03:53,955 | INFO  | DNAudit | user=null | ip=null | op=WRITE_CHUNK {blockData=conID: 2 locID: 102650152704934350 bcsId: 0} | ret=SUCCESS |  
2019-08-20 16:03:53,955 | INFO  | DNAudit | user=null | ip=null | op=PUT_BLOCK {blockData=[blockId=conID: 2 locID: 102650152704934350 bcsId: 0,size=1048576]} | ret=SUCCESS |  
2019-08-20 16:03:53,956 [grpc-default-executor-5] INFO  client.GrpcClientProtocolClient (GrpcClientProtocolClient.java:onNext(255)) - client-EAA342753240->9a4a4c23-9ff3-4ce3-a619-2c71c0869997: receive RaftClientReply:client-EAA342753240->9a4a4c23-9ff3-4ce3-a619-2c71c0869997@group-EC4211DF0353, cid=1191, SUCCESS, logIndex=1635, commits[9a4a4c23-9ff3-4ce3-a619-2c71c0869997:c1636, 9b0072ab-15b3-4973-9bcb-7fa02f6bfea9:c1634, 9f215ef2-7d46-4cda-b695-cae1b893f75f:c1634]
2019-08-20 16:03:53,956 | INFO  | DNAudit | user=null | ip=null | op=WRITE_CHUNK {blockData=conID: 2 locID: 102650152704934350 bcsId: 0} | ret=SUCCESS |  
2019-08-20 16:03:53,956 | INFO  | DNAudit | user=null | ip=null | op=PUT_BLOCK {blockData=[blockId=conID: 2 locID: 102650152704934350 bcsId: 0,size=2097152]} | ret=SUCCESS |  
2019-08-20 16:03:53,956 [grpc-default-executor-6] INFO  client.GrpcClientProtocolClient (GrpcClientProtocolClient.java:onNext(255)) - client-EAA342753240->9a4a4c23-9ff3-4ce3-a619-2c71c0869997: receive RaftClientReply:client-EAA342753240->9a4a4c23-9ff3-4ce3-a619-2c71c0869997@group-EC4211DF0353, cid=1192, SUCCESS, logIndex=1636, commits[9a4a4c23-9ff3-4ce3-a619-2c71c0869997:c1636, 9b0072ab-15b3-4973-9bcb-7fa02f6bfea9:c1634, 9f215ef2-7d46-4cda-b695-cae1b893f75f:c1634]
2019-08-20 16:03:53,957 [grpc-default-executor-6] INFO  client.GrpcClientProtocolClient (GrpcClientProtocolClient.java:onNext(255)) - client-EAA342753240->9a4a4c23-9ff3-4ce3-a619-2c71c0869997: receive RaftClientReply:client-EAA342753240->9a4a4c23-9ff3-4ce3-a619-2c71c0869997@group-EC4211DF0353, cid=1193, SUCCESS, logIndex=1637, commits[9a4a4c23-9ff3-4ce3-a619-2c71c0869997:c1638, 9b0072ab-15b3-4973-9bcb-7fa02f6bfea9:c1634, 9f215ef2-7d46-4cda-b695-cae1b893f75f:c1634]
2019-08-20 16:03:53,957 | INFO  | DNAudit | user=null | ip=null | op=WRITE_CHUNK {blockData=conID: 2 locID: 102650152704934350 bcsId: 0} | ret=SUCCESS |  
2019-08-20 16:03:53,957 [grpc-default-executor-6] INFO  client.GrpcClientProtocolClient (GrpcClientProtocolClient.java:onNext(255)) - client-EAA342753240->9a4a4c23-9ff3-4ce3-a619-2c71c0869997: receive RaftClientReply:client-EAA342753240->9a4a4c23-9ff3-4ce3-a619-2c71c0869997@group-EC4211DF0353, cid=1194, SUCCESS, logIndex=1638, commits[9a4a4c23-9ff3-4ce3-a619-2c71c0869997:c1638, 9b0072ab-15b3-4973-9bcb-7fa02f6bfea9:c1634, 9f215ef2-7d46-4cda-b695-cae1b893f75f:c1634]
2019-08-20 16:03:53,957 | INFO  | DNAudit | user=null | ip=null | op=PUT_BLOCK {blockData=[blockId=conID: 2 locID: 102650152704934350 bcsId: 0,size=1048576]} | ret=SUCCESS |  
2019-08-20 16:03:53,958 | INFO  | DNAudit | user=null | ip=null | op=WRITE_CHUNK {blockData=conID: 2 locID: 102650152704934350 bcsId: 0} | ret=SUCCESS |  
2019-08-20 16:03:53,958 | INFO  | DNAudit | user=null | ip=null | op=PUT_BLOCK {blockData=[blockId=conID: 2 locID: 102650152704934350 bcsId: 0,size=1048576]} | ret=SUCCESS |  
2019-08-20 16:03:53,958 [grpc-default-executor-6] INFO  client.GrpcClientProtocolClient (GrpcClientProtocolClient.java:onNext(255)) - client-EAA342753240->9a4a4c23-9ff3-4ce3-a619-2c71c0869997: receive RaftClientReply:client-EAA342753240->9a4a4c23-9ff3-4ce3-a619-2c71c0869997@group-EC4211DF0353, cid=1195, SUCCESS, logIndex=0, commits[9a4a4c23-9ff3-4ce3-a619-2c71c0869997:c1640, 9b0072ab-15b3-4973-9bcb-7fa02f6bfea9:c1636, 9f215ef2-7d46-4cda-b695-cae1b893f75f:c1636]
2019-08-20 16:03:53,958 | INFO  | DNAudit | user=null | ip=null | op=WRITE_CHUNK {blockData=conID: 2 locID: 102650152704934350 bcsId: 0} | ret=SUCCESS |  
2019-08-20 16:03:53,958 | INFO  | DNAudit | user=null | ip=null | op=PUT_BLOCK {blockData=[blockId=conID: 2 locID: 102650152704934350 bcsId: 0,size=2097152]} | ret=SUCCESS |  
2019-08-20 16:03:53,959 | INFO  | DNAudit | user=null | ip=null | op=WRITE_CHUNK {blockData=conID: 2 locID: 102650152704934350 bcsId: 0} | ret=SUCCESS |  
2019-08-20 16:03:53,959 | INFO  | DNAudit | user=null | ip=null | op=PUT_BLOCK {blockData=[blockId=conID: 2 locID: 102650152704934350 bcsId: 0,size=2097152]} | ret=SUCCESS |  
2019-08-20 16:03:53,964 | INFO  | DNAudit | user=null | ip=null | op=WRITE_CHUNK {blockData=conID: 2 locID: 102650152704934350 bcsId: 1638} | ret=SUCCESS |  
2019-08-20 16:03:53,966 | INFO  | DNAudit | user=null | ip=null | op=WRITE_CHUNK {blockData=conID: 2 locID: 102650152704934350 bcsId: 1638} | ret=SUCCESS |  
2019-08-20 16:03:53,966 | INFO  | DNAudit | user=null | ip=null | op=WRITE_CHUNK {blockData=conID: 2 locID: 102650152704934350 bcsId: 1638} | ret=SUCCESS |  
2019-08-20 16:03:53,971 | INFO  | DNAudit | user=null | ip=null | op=WRITE_CHUNK {blockData=conID: 2 locID: 102650152704934350 bcsId: 1638} | ret=SUCCESS |  
2019-08-20 16:03:53,972 | INFO  | DNAudit | user=null | ip=null | op=PUT_BLOCK {blockData=[blockId=conID: 2 locID: 102650152704934350 bcsId: 0,size=3145728]} | ret=SUCCESS |  
2019-08-20 16:03:53,972 [grpc-default-executor-5] INFO  client.GrpcClientProtocolClient (GrpcClientProtocolClient.java:onNext(255)) - client-EAA342753240->9a4a4c23-9ff3-4ce3-a619-2c71c0869997: receive RaftClientReply:client-EAA342753240->9a4a4c23-9ff3-4ce3-a619-2c71c0869997@group-EC4211DF0353, cid=1196, SUCCESS, logIndex=1643, commits[9a4a4c23-9ff3-4ce3-a619-2c71c0869997:c1644, 9b0072ab-15b3-4973-9bcb-7fa02f6bfea9:c1642, 9f215ef2-7d46-4cda-b695-cae1b893f75f:c1642]
2019-08-20 16:03:53,972 [grpc-default-executor-5] INFO  client.GrpcClientProtocolClient (GrpcClientProtocolClient.java:onNext(255)) - client-EAA342753240->9a4a4c23-9ff3-4ce3-a619-2c71c0869997: receive RaftClientReply:client-EAA342753240->9a4a4c23-9ff3-4ce3-a619-2c71c0869997@group-EC4211DF0353, cid=1197, SUCCESS, logIndex=1644, commits[9a4a4c23-9ff3-4ce3-a619-2c71c0869997:c1644, 9b0072ab-15b3-4973-9bcb-7fa02f6bfea9:c1642, 9f215ef2-7d46-4cda-b695-cae1b893f75f:c1642]
2019-08-20 16:03:53,973 | INFO  | DNAudit | user=null | ip=null | op=WRITE_CHUNK {blockData=conID: 2 locID: 102650152704934350 bcsId: 1638} | ret=SUCCESS |  
2019-08-20 16:03:53,973 | INFO  | DNAudit | user=null | ip=null | op=WRITE_CHUNK {blockData=conID: 2 locID: 102650152704934350 bcsId: 1638} | ret=SUCCESS |  
2019-08-20 16:03:53,973 | INFO  | DNAudit | user=null | ip=null | op=PUT_BLOCK {blockData=[blockId=conID: 2 locID: 102650152704934350 bcsId: 0,size=3145728]} | ret=SUCCESS |  
2019-08-20 16:03:53,974 | INFO  | DNAudit | user=null | ip=null | op=PUT_BLOCK {blockData=[blockId=conID: 2 locID: 102650152704934350 bcsId: 0,size=3145728]} | ret=SUCCESS |  
2019-08-20 16:03:53,978 | INFO  | DNAudit | user=null | ip=null | op=WRITE_CHUNK {blockData=conID: 2 locID: 102650152704934350 bcsId: 1644} | ret=SUCCESS |  
2019-08-20 16:03:53,980 | INFO  | DNAudit | user=null | ip=null | op=WRITE_CHUNK {blockData=conID: 2 locID: 102650152704934350 bcsId: 1644} | ret=SUCCESS |  
2019-08-20 16:03:53,980 | INFO  | DNAudit | user=null | ip=null | op=WRITE_CHUNK {blockData=conID: 2 locID: 102650152704934350 bcsId: 1644} | ret=SUCCESS |  
2019-08-20 16:03:53,984 | INFO  | DNAudit | user=null | ip=null | op=WRITE_CHUNK {blockData=conID: 2 locID: 102650152704934350 bcsId: 1644} | ret=SUCCESS |  
2019-08-20 16:03:53,984 | INFO  | DNAudit | user=null | ip=null | op=PUT_BLOCK {blockData=[blockId=conID: 2 locID: 102650152704934350 bcsId: 0,size=4194304]} | ret=SUCCESS |  
2019-08-20 16:03:53,984 [grpc-default-executor-6] INFO  client.GrpcClientProtocolClient (GrpcClientProtocolClient.java:onNext(255)) - client-EAA342753240->9a4a4c23-9ff3-4ce3-a619-2c71c0869997: receive RaftClientReply:client-EAA342753240->9a4a4c23-9ff3-4ce3-a619-2c71c0869997@group-EC4211DF0353, cid=1198, SUCCESS, logIndex=1647, commits[9a4a4c23-9ff3-4ce3-a619-2c71c0869997:c1648, 9b0072ab-15b3-4973-9bcb-7fa02f6bfea9:c1646, 9f215ef2-7d46-4cda-b695-cae1b893f75f:c1646]
2019-08-20 16:03:53,985 [grpc-default-executor-6] INFO  client.GrpcClientProtocolClient (GrpcClientProtocolClient.java:onNext(255)) - client-EAA342753240->9a4a4c23-9ff3-4ce3-a619-2c71c0869997: receive RaftClientReply:client-EAA342753240->9a4a4c23-9ff3-4ce3-a619-2c71c0869997@group-EC4211DF0353, cid=1199, SUCCESS, logIndex=1648, commits[9a4a4c23-9ff3-4ce3-a619-2c71c0869997:c1648, 9b0072ab-15b3-4973-9bcb-7fa02f6bfea9:c1646, 9f215ef2-7d46-4cda-b695-cae1b893f75f:c1646]
2019-08-20 16:03:53,996 | INFO  | DNAudit | user=null | ip=null | op=WRITE_CHUNK {blockData=conID: 2 locID: 102650152704934350 bcsId: 1644} | ret=SUCCESS |  
2019-08-20 16:03:53,996 | INFO  | DNAudit | user=null | ip=null | op=WRITE_CHUNK {blockData=conID: 2 locID: 102650152704934350 bcsId: 1644} | ret=SUCCESS |  
2019-08-20 16:03:53,997 | INFO  | DNAudit | user=null | ip=null | op=PUT_BLOCK {blockData=[blockId=conID: 2 locID: 102650152704934350 bcsId: 0,size=4194304]} | ret=SUCCESS |  
2019-08-20 16:03:53,997 | INFO  | DNAudit | user=null | ip=null | op=PUT_BLOCK {blockData=[blockId=conID: 2 locID: 102650152704934350 bcsId: 0,size=4194304]} | ret=SUCCESS |  
2019-08-20 16:03:53,997 [grpc-default-executor-5] INFO  client.GrpcClientProtocolClient (GrpcClientProtocolClient.java:onNext(255)) - client-EAA342753240->9a4a4c23-9ff3-4ce3-a619-2c71c0869997: receive RaftClientReply:client-EAA342753240->9a4a4c23-9ff3-4ce3-a619-2c71c0869997@group-EC4211DF0353, cid=1200, SUCCESS, logIndex=0, commits[9a4a4c23-9ff3-4ce3-a619-2c71c0869997:c1648, 9b0072ab-15b3-4973-9bcb-7fa02f6bfea9:c1648, 9f215ef2-7d46-4cda-b695-cae1b893f75f:c1648]
2019-08-20 16:03:54,004 | INFO  | DNAudit | user=null | ip=null | op=WRITE_CHUNK {blockData=conID: 3 locID: 102650152704934351 bcsId: 0} | ret=SUCCESS |  
2019-08-20 16:03:54,005 | INFO  | DNAudit | user=null | ip=null | op=WRITE_CHUNK {blockData=conID: 3 locID: 102650152704934351 bcsId: 0} | ret=SUCCESS |  
2019-08-20 16:03:54,006 | INFO  | DNAudit | user=null | ip=null | op=WRITE_CHUNK {blockData=conID: 3 locID: 102650152704934351 bcsId: 0} | ret=SUCCESS |  
2019-08-20 16:03:54,006 | INFO  | DNAudit | user=null | ip=null | op=WRITE_CHUNK {blockData=conID: 3 locID: 102650152704934351 bcsId: 0} | ret=SUCCESS |  
2019-08-20 16:03:54,007 | INFO  | DNAudit | user=null | ip=null | op=WRITE_CHUNK {blockData=conID: 3 locID: 102650152704934351 bcsId: 0} | ret=SUCCESS |  
2019-08-20 16:03:54,007 | INFO  | DNAudit | user=null | ip=null | op=WRITE_CHUNK {blockData=conID: 3 locID: 102650152704934351 bcsId: 0} | ret=SUCCESS |  
2019-08-20 16:03:54,012 | INFO  | DNAudit | user=null | ip=null | op=WRITE_CHUNK {blockData=conID: 3 locID: 102650152704934351 bcsId: 0} | ret=SUCCESS |  
2019-08-20 16:03:54,013 | INFO  | DNAudit | user=null | ip=null | op=PUT_BLOCK {blockData=[blockId=conID: 3 locID: 102650152704934351 bcsId: 0,size=1048576]} | ret=SUCCESS |  
2019-08-20 16:03:54,013 | INFO  | DNAudit | user=null | ip=null | op=WRITE_CHUNK {blockData=conID: 3 locID: 102650152704934351 bcsId: 0} | ret=SUCCESS |  
2019-08-20 16:03:54,013 [grpc-default-executor-5] INFO  client.GrpcClientProtocolClient (GrpcClientProtocolClient.java:onNext(255)) - client-EAA342753240->9a4a4c23-9ff3-4ce3-a619-2c71c0869997: receive RaftClientReply:client-EAA342753240->9a4a4c23-9ff3-4ce3-a619-2c71c0869997@group-EC4211DF0353, cid=1201, SUCCESS, logIndex=1651, commits[9a4a4c23-9ff3-4ce3-a619-2c71c0869997:c1652, 9b0072ab-15b3-4973-9bcb-7fa02f6bfea9:c1650, 9f215ef2-7d46-4cda-b695-cae1b893f75f:c1650]
2019-08-20 16:03:54,013 | INFO  | DNAudit | user=null | ip=null | op=PUT_BLOCK {blockData=[blockId=conID: 3 locID: 102650152704934351 bcsId: 0,size=2097152]} | ret=SUCCESS |  
2019-08-20 16:03:54,014 [grpc-default-executor-5] INFO  client.GrpcClientProtocolClient (GrpcClientProtocolClient.java:onNext(255)) - client-EAA342753240->9a4a4c23-9ff3-4ce3-a619-2c71c0869997: receive RaftClientReply:client-EAA342753240->9a4a4c23-9ff3-4ce3-a619-2c71c0869997@group-EC4211DF0353, cid=1202, SUCCESS, logIndex=1652, commits[9a4a4c23-9ff3-4ce3-a619-2c71c0869997:c1654, 9b0072ab-15b3-4973-9bcb-7fa02f6bfea9:c1650, 9f215ef2-7d46-4cda-b695-cae1b893f75f:c1650]
2019-08-20 16:03:54,014 [grpc-default-executor-5] INFO  client.GrpcClientProtocolClient (GrpcClientProtocolClient.java:onNext(255)) - client-EAA342753240->9a4a4c23-9ff3-4ce3-a619-2c71c0869997: receive RaftClientReply:client-EAA342753240->9a4a4c23-9ff3-4ce3-a619-2c71c0869997@group-EC4211DF0353, cid=1203, SUCCESS, logIndex=1653, commits[9a4a4c23-9ff3-4ce3-a619-2c71c0869997:c1654, 9b0072ab-15b3-4973-9bcb-7fa02f6bfea9:c1650, 9f215ef2-7d46-4cda-b695-cae1b893f75f:c1650]
2019-08-20 16:03:54,014 [grpc-default-executor-5] INFO  client.GrpcClientProtocolClient (GrpcClientProtocolClient.java:onNext(255)) - client-EAA342753240->9a4a4c23-9ff3-4ce3-a619-2c71c0869997: receive RaftClientReply:client-EAA342753240->9a4a4c23-9ff3-4ce3-a619-2c71c0869997@group-EC4211DF0353, cid=1204, SUCCESS, logIndex=1654, commits[9a4a4c23-9ff3-4ce3-a619-2c71c0869997:c1654, 9b0072ab-15b3-4973-9bcb-7fa02f6bfea9:c1650, 9f215ef2-7d46-4cda-b695-cae1b893f75f:c1650]
2019-08-20 16:03:54,024 | INFO  | DNAudit | user=null | ip=null | op=WRITE_CHUNK {blockData=conID: 3 locID: 102650152704934351 bcsId: 0} | ret=SUCCESS |  
2019-08-20 16:03:54,024 | INFO  | DNAudit | user=null | ip=null | op=WRITE_CHUNK {blockData=conID: 3 locID: 102650152704934351 bcsId: 0} | ret=SUCCESS |  
2019-08-20 16:03:54,025 | INFO  | DNAudit | user=null | ip=null | op=PUT_BLOCK {blockData=[blockId=conID: 3 locID: 102650152704934351 bcsId: 0,size=1048576]} | ret=SUCCESS |  
2019-08-20 16:03:54,025 | INFO  | DNAudit | user=null | ip=null | op=PUT_BLOCK {blockData=[blockId=conID: 3 locID: 102650152704934351 bcsId: 0,size=1048576]} | ret=SUCCESS |  
2019-08-20 16:03:54,026 | INFO  | DNAudit | user=null | ip=null | op=WRITE_CHUNK {blockData=conID: 3 locID: 102650152704934351 bcsId: 0} | ret=SUCCESS |  
2019-08-20 16:03:54,026 | INFO  | DNAudit | user=null | ip=null | op=PUT_BLOCK {blockData=[blockId=conID: 3 locID: 102650152704934351 bcsId: 0,size=2097152]} | ret=SUCCESS |  
2019-08-20 16:03:54,026 | INFO  | DNAudit | user=null | ip=null | op=WRITE_CHUNK {blockData=conID: 3 locID: 102650152704934351 bcsId: 0} | ret=SUCCESS |  
2019-08-20 16:03:54,026 | INFO  | DNAudit | user=null | ip=null | op=PUT_BLOCK {blockData=[blockId=conID: 3 locID: 102650152704934351 bcsId: 0,size=2097152]} | ret=SUCCESS |  
2019-08-20 16:03:54,026 [grpc-default-executor-5] INFO  client.GrpcClientProtocolClient (GrpcClientProtocolClient.java:onNext(255)) - client-EAA342753240->9a4a4c23-9ff3-4ce3-a619-2c71c0869997: receive RaftClientReply:client-EAA342753240->9a4a4c23-9ff3-4ce3-a619-2c71c0869997@group-EC4211DF0353, cid=1205, SUCCESS, logIndex=0, commits[9a4a4c23-9ff3-4ce3-a619-2c71c0869997:c1656, 9b0072ab-15b3-4973-9bcb-7fa02f6bfea9:c1652, 9f215ef2-7d46-4cda-b695-cae1b893f75f:c1652]
2019-08-20 16:03:54,032 | INFO  | DNAudit | user=null | ip=null | op=WRITE_CHUNK {blockData=conID: 3 locID: 102650152704934351 bcsId: 1654} | ret=SUCCESS |  
2019-08-20 16:03:54,034 | INFO  | DNAudit | user=null | ip=null | op=WRITE_CHUNK {blockData=conID: 3 locID: 102650152704934351 bcsId: 1654} | ret=SUCCESS |  
2019-08-20 16:03:54,035 | INFO  | DNAudit | user=null | ip=null | op=WRITE_CHUNK {blockData=conID: 3 locID: 102650152704934351 bcsId: 1654} | ret=SUCCESS |  
2019-08-20 16:03:54,039 | INFO  | DNAudit | user=null | ip=null | op=WRITE_CHUNK {blockData=conID: 3 locID: 102650152704934351 bcsId: 1654} | ret=SUCCESS |  
2019-08-20 16:03:54,040 | INFO  | DNAudit | user=null | ip=null | op=PUT_BLOCK {blockData=[blockId=conID: 3 locID: 102650152704934351 bcsId: 0,size=3145728]} | ret=SUCCESS |  
2019-08-20 16:03:54,040 [grpc-default-executor-5] INFO  client.GrpcClientProtocolClient (GrpcClientProtocolClient.java:onNext(255)) - client-EAA342753240->9a4a4c23-9ff3-4ce3-a619-2c71c0869997: receive RaftClientReply:client-EAA342753240->9a4a4c23-9ff3-4ce3-a619-2c71c0869997@group-EC4211DF0353, cid=1206, SUCCESS, logIndex=1658, commits[9a4a4c23-9ff3-4ce3-a619-2c71c0869997:c1659, 9b0072ab-15b3-4973-9bcb-7fa02f6bfea9:c1657, 9f215ef2-7d46-4cda-b695-cae1b893f75f:c1657]
2019-08-20 16:03:54,040 [grpc-default-executor-5] INFO  client.GrpcClientProtocolClient (GrpcClientProtocolClient.java:onNext(255)) - client-EAA342753240->9a4a4c23-9ff3-4ce3-a619-2c71c0869997: receive RaftClientReply:client-EAA342753240->9a4a4c23-9ff3-4ce3-a619-2c71c0869997@group-EC4211DF0353, cid=1207, SUCCESS, logIndex=1659, commits[9a4a4c23-9ff3-4ce3-a619-2c71c0869997:c1659, 9b0072ab-15b3-4973-9bcb-7fa02f6bfea9:c1657, 9f215ef2-7d46-4cda-b695-cae1b893f75f:c1657]
2019-08-20 16:03:54,041 | INFO  | DNAudit | user=null | ip=null | op=WRITE_CHUNK {blockData=conID: 3 locID: 102650152704934351 bcsId: 1654} | ret=SUCCESS |  
2019-08-20 16:03:54,041 | INFO  | DNAudit | user=null | ip=null | op=WRITE_CHUNK {blockData=conID: 3 locID: 102650152704934351 bcsId: 1654} | ret=SUCCESS |  
2019-08-20 16:03:54,041 | INFO  | DNAudit | user=null | ip=null | op=PUT_BLOCK {blockData=[blockId=conID: 3 locID: 102650152704934351 bcsId: 0,size=3145728]} | ret=SUCCESS |  
2019-08-20 16:03:54,041 | INFO  | DNAudit | user=null | ip=null | op=PUT_BLOCK {blockData=[blockId=conID: 3 locID: 102650152704934351 bcsId: 0,size=3145728]} | ret=SUCCESS |  
2019-08-20 16:03:54,046 | INFO  | DNAudit | user=null | ip=null | op=WRITE_CHUNK {blockData=conID: 3 locID: 102650152704934351 bcsId: 1659} | ret=SUCCESS |  
2019-08-20 16:03:54,048 | INFO  | DNAudit | user=null | ip=null | op=WRITE_CHUNK {blockData=conID: 3 locID: 102650152704934351 bcsId: 1659} | ret=SUCCESS |  
2019-08-20 16:03:54,048 | INFO  | DNAudit | user=null | ip=null | op=WRITE_CHUNK {blockData=conID: 3 locID: 102650152704934351 bcsId: 1659} | ret=SUCCESS |  
2019-08-20 16:03:54,050 | INFO  | DNAudit | user=null | ip=null | op=WRITE_CHUNK {blockData=conID: 3 locID: 102650152704934351 bcsId: 1659} | ret=SUCCESS |  
2019-08-20 16:03:54,050 | INFO  | DNAudit | user=null | ip=null | op=PUT_BLOCK {blockData=[blockId=conID: 3 locID: 102650152704934351 bcsId: 0,size=4194304]} | ret=SUCCESS |  
2019-08-20 16:03:54,051 [grpc-default-executor-5] INFO  client.GrpcClientProtocolClient (GrpcClientProtocolClient.java:onNext(255)) - client-EAA342753240->9a4a4c23-9ff3-4ce3-a619-2c71c0869997: receive RaftClientReply:client-EAA342753240->9a4a4c23-9ff3-4ce3-a619-2c71c0869997@group-EC4211DF0353, cid=1208, SUCCESS, logIndex=1662, commits[9a4a4c23-9ff3-4ce3-a619-2c71c0869997:c1663, 9b0072ab-15b3-4973-9bcb-7fa02f6bfea9:c1661, 9f215ef2-7d46-4cda-b695-cae1b893f75f:c1661]
2019-08-20 16:03:54,051 [grpc-default-executor-5] INFO  client.GrpcClientProtocolClient (GrpcClientProtocolClient.java:onNext(255)) - client-EAA342753240->9a4a4c23-9ff3-4ce3-a619-2c71c0869997: receive RaftClientReply:client-EAA342753240->9a4a4c23-9ff3-4ce3-a619-2c71c0869997@group-EC4211DF0353, cid=1209, SUCCESS, logIndex=1663, commits[9a4a4c23-9ff3-4ce3-a619-2c71c0869997:c1663, 9b0072ab-15b3-4973-9bcb-7fa02f6bfea9:c1661, 9f215ef2-7d46-4cda-b695-cae1b893f75f:c1661]
2019-08-20 16:03:54,068 | INFO  | DNAudit | user=null | ip=null | op=WRITE_CHUNK {blockData=conID: 3 locID: 102650152704934351 bcsId: 1659} | ret=SUCCESS |  
2019-08-20 16:03:54,069 | INFO  | DNAudit | user=null | ip=null | op=WRITE_CHUNK {blockData=conID: 3 locID: 102650152704934351 bcsId: 1659} | ret=SUCCESS |  
2019-08-20 16:03:54,069 | INFO  | DNAudit | user=null | ip=null | op=PUT_BLOCK {blockData=[blockId=conID: 3 locID: 102650152704934351 bcsId: 0,size=4194304]} | ret=SUCCESS |  
2019-08-20 16:03:54,070 | INFO  | DNAudit | user=null | ip=null | op=PUT_BLOCK {blockData=[blockId=conID: 3 locID: 102650152704934351 bcsId: 0,size=4194304]} | ret=SUCCESS |  
2019-08-20 16:03:54,071 [grpc-default-executor-5] INFO  client.GrpcClientProtocolClient (GrpcClientProtocolClient.java:onNext(255)) - client-EAA342753240->9a4a4c23-9ff3-4ce3-a619-2c71c0869997: receive RaftClientReply:client-EAA342753240->9a4a4c23-9ff3-4ce3-a619-2c71c0869997@group-EC4211DF0353, cid=1210, SUCCESS, logIndex=0, commits[9a4a4c23-9ff3-4ce3-a619-2c71c0869997:c1665, 9b0072ab-15b3-4973-9bcb-7fa02f6bfea9:c1663, 9f215ef2-7d46-4cda-b695-cae1b893f75f:c1663]
2019-08-20 16:03:54,077 | INFO  | DNAudit | user=null | ip=null | op=WRITE_CHUNK {blockData=conID: 1 locID: 102650152704934352 bcsId: 0} | ret=SUCCESS |  
2019-08-20 16:03:54,079 | INFO  | DNAudit | user=null | ip=null | op=WRITE_CHUNK {blockData=conID: 1 locID: 102650152704934352 bcsId: 0} | ret=SUCCESS |  
2019-08-20 16:03:54,080 | INFO  | DNAudit | user=null | ip=null | op=WRITE_CHUNK {blockData=conID: 1 locID: 102650152704934352 bcsId: 0} | ret=SUCCESS |  
2019-08-20 16:03:54,080 | INFO  | DNAudit | user=null | ip=null | op=WRITE_CHUNK {blockData=conID: 1 locID: 102650152704934352 bcsId: 0} | ret=SUCCESS |  
2019-08-20 16:03:54,081 | INFO  | DNAudit | user=null | ip=null | op=WRITE_CHUNK {blockData=conID: 1 locID: 102650152704934352 bcsId: 0} | ret=SUCCESS |  
2019-08-20 16:03:54,081 | INFO  | DNAudit | user=null | ip=null | op=WRITE_CHUNK {blockData=conID: 1 locID: 102650152704934352 bcsId: 0} | ret=SUCCESS |  
2019-08-20 16:03:54,083 | INFO  | DNAudit | user=null | ip=null | op=WRITE_CHUNK {blockData=conID: 1 locID: 102650152704934352 bcsId: 0} | ret=SUCCESS |  
2019-08-20 16:03:54,083 | INFO  | DNAudit | user=null | ip=null | op=PUT_BLOCK {blockData=[blockId=conID: 1 locID: 102650152704934352 bcsId: 0,size=1048576]} | ret=SUCCESS |  
2019-08-20 16:03:54,084 [grpc-default-executor-3] INFO  client.GrpcClientProtocolClient (GrpcClientProtocolClient.java:onNext(255)) - client-EAA342753240->9a4a4c23-9ff3-4ce3-a619-2c71c0869997: receive RaftClientReply:client-EAA342753240->9a4a4c23-9ff3-4ce3-a619-2c71c0869997@group-EC4211DF0353, cid=1211, SUCCESS, logIndex=1666, commits[9a4a4c23-9ff3-4ce3-a619-2c71c0869997:c1669, 9b0072ab-15b3-4973-9bcb-7fa02f6bfea9:c1663, 9f215ef2-7d46-4cda-b695-cae1b893f75f:c1665]
2019-08-20 16:03:54,084 | INFO  | DNAudit | user=null | ip=null | op=WRITE_CHUNK {blockData=conID: 1 locID: 102650152704934352 bcsId: 0} | ret=SUCCESS |  
2019-08-20 16:03:54,084 | INFO  | DNAudit | user=null | ip=null | op=WRITE_CHUNK {blockData=conID: 1 locID: 102650152704934352 bcsId: 0} | ret=SUCCESS |  
2019-08-20 16:03:54,084 [grpc-default-executor-3] INFO  client.GrpcClientProtocolClient (GrpcClientProtocolClient.java:onNext(255)) - client-EAA342753240->9a4a4c23-9ff3-4ce3-a619-2c71c0869997: receive RaftClientReply:client-EAA342753240->9a4a4c23-9ff3-4ce3-a619-2c71c0869997@group-EC4211DF0353, cid=1212, SUCCESS, logIndex=1667, commits[9a4a4c23-9ff3-4ce3-a619-2c71c0869997:c1669, 9b0072ab-15b3-4973-9bcb-7fa02f6bfea9:c1665, 9f215ef2-7d46-4cda-b695-cae1b893f75f:c1665]
2019-08-20 16:03:54,084 | INFO  | DNAudit | user=null | ip=null | op=WRITE_CHUNK {blockData=conID: 1 locID: 102650152704934352 bcsId: 0} | ret=SUCCESS |  
2019-08-20 16:03:54,084 | INFO  | DNAudit | user=null | ip=null | op=PUT_BLOCK {blockData=[blockId=conID: 1 locID: 102650152704934352 bcsId: 0,size=1048576]} | ret=SUCCESS |  
2019-08-20 16:03:54,085 | INFO  | DNAudit | user=null | ip=null | op=PUT_BLOCK {blockData=[blockId=conID: 1 locID: 102650152704934352 bcsId: 0,size=2097152]} | ret=SUCCESS |  
2019-08-20 16:03:54,085 | INFO  | DNAudit | user=null | ip=null | op=PUT_BLOCK {blockData=[blockId=conID: 1 locID: 102650152704934352 bcsId: 0,size=1048576]} | ret=SUCCESS |  
2019-08-20 16:03:54,085 | INFO  | DNAudit | user=null | ip=null | op=WRITE_CHUNK {blockData=conID: 1 locID: 102650152704934352 bcsId: 0} | ret=SUCCESS |  
2019-08-20 16:03:54,085 | INFO  | DNAudit | user=null | ip=null | op=PUT_BLOCK {blockData=[blockId=conID: 1 locID: 102650152704934352 bcsId: 0,size=2097152]} | ret=SUCCESS |  
2019-08-20 16:03:54,085 [grpc-default-executor-3] INFO  client.GrpcClientProtocolClient (GrpcClientProtocolClient.java:onNext(255)) - client-EAA342753240->9a4a4c23-9ff3-4ce3-a619-2c71c0869997: receive RaftClientReply:client-EAA342753240->9a4a4c23-9ff3-4ce3-a619-2c71c0869997@group-EC4211DF0353, cid=1213, SUCCESS, logIndex=1668, commits[9a4a4c23-9ff3-4ce3-a619-2c71c0869997:c1669, 9b0072ab-15b3-4973-9bcb-7fa02f6bfea9:c1665, 9f215ef2-7d46-4cda-b695-cae1b893f75f:c1665]
2019-08-20 16:03:54,085 [grpc-default-executor-3] INFO  client.GrpcClientProtocolClient (GrpcClientProtocolClient.java:onNext(255)) - client-EAA342753240->9a4a4c23-9ff3-4ce3-a619-2c71c0869997: receive RaftClientReply:client-EAA342753240->9a4a4c23-9ff3-4ce3-a619-2c71c0869997@group-EC4211DF0353, cid=1214, SUCCESS, logIndex=1669, commits[9a4a4c23-9ff3-4ce3-a619-2c71c0869997:c1671, 9b0072ab-15b3-4973-9bcb-7fa02f6bfea9:c1668, 9f215ef2-7d46-4cda-b695-cae1b893f75f:c1667]
2019-08-20 16:03:54,086 | INFO  | DNAudit | user=null | ip=null | op=WRITE_CHUNK {blockData=conID: 1 locID: 102650152704934352 bcsId: 0} | ret=SUCCESS |  
2019-08-20 16:03:54,086 | INFO  | DNAudit | user=null | ip=null | op=PUT_BLOCK {blockData=[blockId=conID: 1 locID: 102650152704934352 bcsId: 0,size=2097152]} | ret=SUCCESS |  
2019-08-20 16:03:54,088 | INFO  | SCMAudit | user=jenkins1000 | ip=192.168.69.96 | op=SEND_HEARTBEAT {datanodeUUID=69f203df-fb09-400b-ac11-cd7a56dd70a5, command=[]} | ret=SUCCESS |  
2019-08-20 16:03:54,092 | INFO  | DNAudit | user=null | ip=null | op=WRITE_CHUNK {blockData=conID: 1 locID: 102650152704934352 bcsId: 1669} | ret=SUCCESS |  
2019-08-20 16:03:54,094 | INFO  | DNAudit | user=null | ip=null | op=WRITE_CHUNK {blockData=conID: 1 locID: 102650152704934352 bcsId: 1669} | ret=SUCCESS |  
2019-08-20 16:03:54,094 | INFO  | DNAudit | user=null | ip=null | op=WRITE_CHUNK {blockData=conID: 1 locID: 102650152704934352 bcsId: 1669} | ret=SUCCESS |  
2019-08-20 16:03:54,103 | INFO  | DNAudit | user=null | ip=null | op=WRITE_CHUNK {blockData=conID: 1 locID: 102650152704934352 bcsId: 1669} | ret=SUCCESS |  
2019-08-20 16:03:54,104 | INFO  | DNAudit | user=null | ip=null | op=PUT_BLOCK {blockData=[blockId=conID: 1 locID: 102650152704934352 bcsId: 0,size=3145728]} | ret=SUCCESS |  
2019-08-20 16:03:54,104 [grpc-default-executor-3] INFO  client.GrpcClientProtocolClient (GrpcClientProtocolClient.java:onNext(255)) - client-EAA342753240->9a4a4c23-9ff3-4ce3-a619-2c71c0869997: receive RaftClientReply:client-EAA342753240->9a4a4c23-9ff3-4ce3-a619-2c71c0869997@group-EC4211DF0353, cid=1215, SUCCESS, logIndex=1674, commits[9a4a4c23-9ff3-4ce3-a619-2c71c0869997:c1675, 9b0072ab-15b3-4973-9bcb-7fa02f6bfea9:c1673, 9f215ef2-7d46-4cda-b695-cae1b893f75f:c1673]
2019-08-20 16:03:54,104 [grpc-default-executor-3] INFO  client.GrpcClientProtocolClient (GrpcClientProtocolClient.java:onNext(255)) - client-EAA342753240->9a4a4c23-9ff3-4ce3-a619-2c71c0869997: receive RaftClientReply:client-EAA342753240->9a4a4c23-9ff3-4ce3-a619-2c71c0869997@group-EC4211DF0353, cid=1216, SUCCESS, logIndex=1675, commits[9a4a4c23-9ff3-4ce3-a619-2c71c0869997:c1675, 9b0072ab-15b3-4973-9bcb-7fa02f6bfea9:c1673, 9f215ef2-7d46-4cda-b695-cae1b893f75f:c1673]
2019-08-20 16:03:54,110 | INFO  | DNAudit | user=null | ip=null | op=WRITE_CHUNK {blockData=conID: 1 locID: 102650152704934352 bcsId: 1675} | ret=SUCCESS |  
2019-08-20 16:03:54,110 | INFO  | SCMAudit | user=jenkins1000 | ip=192.168.69.96 | op=SEND_HEARTBEAT {datanodeUUID=f1afe498-2778-451e-a3e4-8199ec337a15, command=[]} | ret=SUCCESS |  
2019-08-20 16:03:54,112 | INFO  | DNAudit | user=null | ip=null | op=WRITE_CHUNK {blockData=conID: 1 locID: 102650152704934352 bcsId: 1675} | ret=SUCCESS |  
2019-08-20 16:03:54,112 | INFO  | DNAudit | user=null | ip=null | op=WRITE_CHUNK {blockData=conID: 1 locID: 102650152704934352 bcsId: 1675} | ret=SUCCESS |  
2019-08-20 16:03:54,115 | INFO  | DNAudit | user=null | ip=null | op=WRITE_CHUNK {blockData=conID: 1 locID: 102650152704934352 bcsId: 1669} | ret=SUCCESS |  
2019-08-20 16:03:54,115 | INFO  | DNAudit | user=null | ip=null | op=WRITE_CHUNK {blockData=conID: 1 locID: 102650152704934352 bcsId: 1669} | ret=SUCCESS |  
2019-08-20 16:03:54,116 | INFO  | DNAudit | user=null | ip=null | op=PUT_BLOCK {blockData=[blockId=conID: 1 locID: 102650152704934352 bcsId: 0,size=3145728]} | ret=SUCCESS |  
2019-08-20 16:03:54,116 | INFO  | DNAudit | user=null | ip=null | op=PUT_BLOCK {blockData=[blockId=conID: 1 locID: 102650152704934352 bcsId: 0,size=3145728]} | ret=SUCCESS |  
2019-08-20 16:03:54,116 | INFO  | DNAudit | user=null | ip=null | op=WRITE_CHUNK {blockData=conID: 1 locID: 102650152704934352 bcsId: 1675} | ret=SUCCESS |  
2019-08-20 16:03:54,117 | INFO  | DNAudit | user=null | ip=null | op=PUT_BLOCK {blockData=[blockId=conID: 1 locID: 102650152704934352 bcsId: 0,size=4194304]} | ret=SUCCESS |  
2019-08-20 16:03:54,117 [grpc-default-executor-3] INFO  client.GrpcClientProtocolClient (GrpcClientProtocolClient.java:onNext(255)) - client-EAA342753240->9a4a4c23-9ff3-4ce3-a619-2c71c0869997: receive RaftClientReply:client-EAA342753240->9a4a4c23-9ff3-4ce3-a619-2c71c0869997@group-EC4211DF0353, cid=1217, SUCCESS, logIndex=1678, commits[9a4a4c23-9ff3-4ce3-a619-2c71c0869997:c1679, 9b0072ab-15b3-4973-9bcb-7fa02f6bfea9:c1675, 9f215ef2-7d46-4cda-b695-cae1b893f75f:c1675]
2019-08-20 16:03:54,117 [grpc-default-executor-3] INFO  client.GrpcClientProtocolClient (GrpcClientProtocolClient.java:onNext(255)) - client-EAA342753240->9a4a4c23-9ff3-4ce3-a619-2c71c0869997: receive RaftClientReply:client-EAA342753240->9a4a4c23-9ff3-4ce3-a619-2c71c0869997@group-EC4211DF0353, cid=1218, SUCCESS, logIndex=1679, commits[9a4a4c23-9ff3-4ce3-a619-2c71c0869997:c1679, 9b0072ab-15b3-4973-9bcb-7fa02f6bfea9:c1675, 9f215ef2-7d46-4cda-b695-cae1b893f75f:c1675]
2019-08-20 16:03:54,128 | INFO  | DNAudit | user=null | ip=null | op=WRITE_CHUNK {blockData=conID: 1 locID: 102650152704934352 bcsId: 1675} | ret=SUCCESS |  
2019-08-20 16:03:54,128 | INFO  | DNAudit | user=null | ip=null | op=WRITE_CHUNK {blockData=conID: 1 locID: 102650152704934352 bcsId: 1675} | ret=SUCCESS |  
2019-08-20 16:03:54,129 | INFO  | DNAudit | user=null | ip=null | op=PUT_BLOCK {blockData=[blockId=conID: 1 locID: 102650152704934352 bcsId: 0,size=4194304]} | ret=SUCCESS |  
2019-08-20 16:03:54,129 | INFO  | DNAudit | user=null | ip=null | op=PUT_BLOCK {blockData=[blockId=conID: 1 locID: 102650152704934352 bcsId: 0,size=4194304]} | ret=SUCCESS |  
2019-08-20 16:03:54,130 [grpc-default-executor-3] INFO  client.GrpcClientProtocolClient (GrpcClientProtocolClient.java:onNext(255)) - client-EAA342753240->9a4a4c23-9ff3-4ce3-a619-2c71c0869997: receive RaftClientReply:client-EAA342753240->9a4a4c23-9ff3-4ce3-a619-2c71c0869997@group-EC4211DF0353, cid=1219, SUCCESS, logIndex=0, commits[9a4a4c23-9ff3-4ce3-a619-2c71c0869997:c1681, 9b0072ab-15b3-4973-9bcb-7fa02f6bfea9:c1679, 9f215ef2-7d46-4cda-b695-cae1b893f75f:c1679]
2019-08-20 16:03:54,136 | INFO  | DNAudit | user=null | ip=null | op=WRITE_CHUNK {blockData=conID: 2 locID: 102650152704934353 bcsId: 0} | ret=SUCCESS |  
2019-08-20 16:03:54,139 | INFO  | DNAudit | user=null | ip=null | op=WRITE_CHUNK {blockData=conID: 2 locID: 102650152704934353 bcsId: 0} | ret=SUCCESS |  
2019-08-20 16:03:54,139 | INFO  | DNAudit | user=null | ip=null | op=WRITE_CHUNK {blockData=conID: 2 locID: 102650152704934353 bcsId: 0} | ret=SUCCESS |  
2019-08-20 16:03:54,139 | INFO  | DNAudit | user=null | ip=null | op=WRITE_CHUNK {blockData=conID: 2 locID: 102650152704934353 bcsId: 0} | ret=SUCCESS |  
2019-08-20 16:03:54,140 | INFO  | DNAudit | user=null | ip=null | op=WRITE_CHUNK {blockData=conID: 2 locID: 102650152704934353 bcsId: 0} | ret=SUCCESS |  
2019-08-20 16:03:54,140 | INFO  | DNAudit | user=null | ip=null | op=WRITE_CHUNK {blockData=conID: 2 locID: 102650152704934353 bcsId: 0} | ret=SUCCESS |  
2019-08-20 16:03:54,141 | INFO  | DNAudit | user=null | ip=null | op=WRITE_CHUNK {blockData=conID: 2 locID: 102650152704934353 bcsId: 0} | ret=SUCCESS |  
2019-08-20 16:03:54,141 | INFO  | DNAudit | user=null | ip=null | op=PUT_BLOCK {blockData=[blockId=conID: 2 locID: 102650152704934353 bcsId: 0,size=1048576]} | ret=SUCCESS |  
2019-08-20 16:03:54,141 [grpc-default-executor-6] INFO  client.GrpcClientProtocolClient (GrpcClientProtocolClient.java:onNext(255)) - client-EAA342753240->9a4a4c23-9ff3-4ce3-a619-2c71c0869997: receive RaftClientReply:client-EAA342753240->9a4a4c23-9ff3-4ce3-a619-2c71c0869997@group-EC4211DF0353, cid=1220, SUCCESS, logIndex=1682, commits[9a4a4c23-9ff3-4ce3-a619-2c71c0869997:c1683, 9b0072ab-15b3-4973-9bcb-7fa02f6bfea9:c1681, 9f215ef2-7d46-4cda-b695-cae1b893f75f:c1679]
2019-08-20 16:03:54,142 [grpc-default-executor-6] INFO  client.GrpcClientProtocolClient (GrpcClientProtocolClient.java:onNext(255)) - client-EAA342753240->9a4a4c23-9ff3-4ce3-a619-2c71c0869997: receive RaftClientReply:client-EAA342753240->9a4a4c23-9ff3-4ce3-a619-2c71c0869997@group-EC4211DF0353, cid=1221, SUCCESS, logIndex=1683, commits[9a4a4c23-9ff3-4ce3-a619-2c71c0869997:c1683, 9b0072ab-15b3-4973-9bcb-7fa02f6bfea9:c1681, 9f215ef2-7d46-4cda-b695-cae1b893f75f:c1679]
2019-08-20 16:03:54,143 | INFO  | DNAudit | user=null | ip=null | op=WRITE_CHUNK {blockData=conID: 2 locID: 102650152704934353 bcsId: 0} | ret=SUCCESS |  
2019-08-20 16:03:54,143 | INFO  | DNAudit | user=null | ip=null | op=PUT_BLOCK {blockData=[blockId=conID: 2 locID: 102650152704934353 bcsId: 0,size=2097152]} | ret=SUCCESS |  
2019-08-20 16:03:54,143 [grpc-default-executor-3] INFO  client.GrpcClientProtocolClient (GrpcClientProtocolClient.java:onNext(255)) - client-EAA342753240->9a4a4c23-9ff3-4ce3-a619-2c71c0869997: receive RaftClientReply:client-EAA342753240->9a4a4c23-9ff3-4ce3-a619-2c71c0869997@group-EC4211DF0353, cid=1222, SUCCESS, logIndex=1684, commits[9a4a4c23-9ff3-4ce3-a619-2c71c0869997:c1684, 9b0072ab-15b3-4973-9bcb-7fa02f6bfea9:c1681, 9f215ef2-7d46-4cda-b695-cae1b893f75f:c1681]
2019-08-20 16:03:54,143 [grpc-default-executor-3] INFO  client.GrpcClientProtocolClient (GrpcClientProtocolClient.java:onNext(255)) - client-EAA342753240->9a4a4c23-9ff3-4ce3-a619-2c71c0869997: receive RaftClientReply:client-EAA342753240->9a4a4c23-9ff3-4ce3-a619-2c71c0869997@group-EC4211DF0353, cid=1223, SUCCESS, logIndex=1685, commits[9a4a4c23-9ff3-4ce3-a619-2c71c0869997:c1685, 9b0072ab-15b3-4973-9bcb-7fa02f6bfea9:c1681, 9f215ef2-7d46-4cda-b695-cae1b893f75f:c1681]
2019-08-20 16:03:54,144 | INFO  | DNAudit | user=null | ip=null | op=WRITE_CHUNK {blockData=conID: 2 locID: 102650152704934353 bcsId: 0} | ret=SUCCESS |  
2019-08-20 16:03:54,144 | INFO  | DNAudit | user=null | ip=null | op=WRITE_CHUNK {blockData=conID: 2 locID: 102650152704934353 bcsId: 0} | ret=SUCCESS |  
2019-08-20 16:03:54,144 | INFO  | DNAudit | user=null | ip=null | op=PUT_BLOCK {blockData=[blockId=conID: 2 locID: 102650152704934353 bcsId: 0,size=1048576]} | ret=SUCCESS |  
2019-08-20 16:03:54,144 | INFO  | DNAudit | user=null | ip=null | op=PUT_BLOCK {blockData=[blockId=conID: 2 locID: 102650152704934353 bcsId: 0,size=1048576]} | ret=SUCCESS |  
2019-08-20 16:03:54,145 [grpc-default-executor-6] INFO  client.GrpcClientProtocolClient (GrpcClientProtocolClient.java:onNext(255)) - client-EAA342753240->9a4a4c23-9ff3-4ce3-a619-2c71c0869997: receive RaftClientReply:client-EAA342753240->9a4a4c23-9ff3-4ce3-a619-2c71c0869997@group-EC4211DF0353, cid=1224, SUCCESS, logIndex=0, commits[9a4a4c23-9ff3-4ce3-a619-2c71c0869997:c1687, 9b0072ab-15b3-4973-9bcb-7fa02f6bfea9:c1683, 9f215ef2-7d46-4cda-b695-cae1b893f75f:c1683]
2019-08-20 16:03:54,146 | INFO  | DNAudit | user=null | ip=null | op=WRITE_CHUNK {blockData=conID: 2 locID: 102650152704934353 bcsId: 0} | ret=SUCCESS |  
2019-08-20 16:03:54,146 | INFO  | DNAudit | user=null | ip=null | op=WRITE_CHUNK {blockData=conID: 2 locID: 102650152704934353 bcsId: 0} | ret=SUCCESS |  
2019-08-20 16:03:54,147 | INFO  | DNAudit | user=null | ip=null | op=PUT_BLOCK {blockData=[blockId=conID: 2 locID: 102650152704934353 bcsId: 0,size=2097152]} | ret=SUCCESS |  
2019-08-20 16:03:54,147 | INFO  | DNAudit | user=null | ip=null | op=PUT_BLOCK {blockData=[blockId=conID: 2 locID: 102650152704934353 bcsId: 0,size=2097152]} | ret=SUCCESS |  
2019-08-20 16:03:54,150 | INFO  | DNAudit | user=null | ip=null | op=WRITE_CHUNK {blockData=conID: 2 locID: 102650152704934353 bcsId: 1685} | ret=SUCCESS |  
2019-08-20 16:03:54,152 | INFO  | DNAudit | user=null | ip=null | op=WRITE_CHUNK {blockData=conID: 2 locID: 102650152704934353 bcsId: 1685} | ret=SUCCESS |  
2019-08-20 16:03:54,152 | INFO  | DNAudit | user=null | ip=null | op=WRITE_CHUNK {blockData=conID: 2 locID: 102650152704934353 bcsId: 1685} | ret=SUCCESS |  
2019-08-20 16:03:54,160 | INFO  | DNAudit | user=null | ip=null | op=WRITE_CHUNK {blockData=conID: 2 locID: 102650152704934353 bcsId: 1685} | ret=SUCCESS |  
2019-08-20 16:03:54,160 | INFO  | DNAudit | user=null | ip=null | op=PUT_BLOCK {blockData=[blockId=conID: 2 locID: 102650152704934353 bcsId: 0,size=3145728]} | ret=SUCCESS |  
2019-08-20 16:03:54,160 [grpc-default-executor-3] INFO  client.GrpcClientProtocolClient (GrpcClientProtocolClient.java:onNext(255)) - client-EAA342753240->9a4a4c23-9ff3-4ce3-a619-2c71c0869997: receive RaftClientReply:client-EAA342753240->9a4a4c23-9ff3-4ce3-a619-2c71c0869997@group-EC4211DF0353, cid=1225, SUCCESS, logIndex=1690, commits[9a4a4c23-9ff3-4ce3-a619-2c71c0869997:c1691, 9b0072ab-15b3-4973-9bcb-7fa02f6bfea9:c1689, 9f215ef2-7d46-4cda-b695-cae1b893f75f:c1689]
2019-08-20 16:03:54,160 [grpc-default-executor-3] INFO  client.GrpcClientProtocolClient (GrpcClientProtocolClient.java:onNext(255)) - client-EAA342753240->9a4a4c23-9ff3-4ce3-a619-2c71c0869997: receive RaftClientReply:client-EAA342753240->9a4a4c23-9ff3-4ce3-a619-2c71c0869997@group-EC4211DF0353, cid=1226, SUCCESS, logIndex=1691, commits[9a4a4c23-9ff3-4ce3-a619-2c71c0869997:c1691, 9b0072ab-15b3-4973-9bcb-7fa02f6bfea9:c1689, 9f215ef2-7d46-4cda-b695-cae1b893f75f:c1689]
2019-08-20 16:03:54,161 | INFO  | DNAudit | user=null | ip=null | op=WRITE_CHUNK {blockData=conID: 2 locID: 102650152704934353 bcsId: 1685} | ret=SUCCESS |  
2019-08-20 16:03:54,161 | INFO  | DNAudit | user=null | ip=null | op=WRITE_CHUNK {blockData=conID: 2 locID: 102650152704934353 bcsId: 1685} | ret=SUCCESS |  
2019-08-20 16:03:54,162 | INFO  | DNAudit | user=null | ip=null | op=PUT_BLOCK {blockData=[blockId=conID: 2 locID: 102650152704934353 bcsId: 0,size=3145728]} | ret=SUCCESS |  
2019-08-20 16:03:54,163 | INFO  | DNAudit | user=null | ip=null | op=PUT_BLOCK {blockData=[blockId=conID: 2 locID: 102650152704934353 bcsId: 0,size=3145728]} | ret=SUCCESS |  
2019-08-20 16:03:54,166 | INFO  | DNAudit | user=null | ip=null | op=WRITE_CHUNK {blockData=conID: 2 locID: 102650152704934353 bcsId: 1691} | ret=SUCCESS |  
2019-08-20 16:03:54,168 | INFO  | DNAudit | user=null | ip=null | op=WRITE_CHUNK {blockData=conID: 2 locID: 102650152704934353 bcsId: 1691} | ret=SUCCESS |  
2019-08-20 16:03:54,168 | INFO  | DNAudit | user=null | ip=null | op=WRITE_CHUNK {blockData=conID: 2 locID: 102650152704934353 bcsId: 1691} | ret=SUCCESS |  
2019-08-20 16:03:54,183 | INFO  | DNAudit | user=null | ip=null | op=WRITE_CHUNK {blockData=conID: 2 locID: 102650152704934353 bcsId: 1691} | ret=SUCCESS |  
2019-08-20 16:03:54,183 | INFO  | DNAudit | user=null | ip=null | op=PUT_BLOCK {blockData=[blockId=conID: 2 locID: 102650152704934353 bcsId: 0,size=4194304]} | ret=SUCCESS |  
2019-08-20 16:03:54,184 [grpc-default-executor-6] INFO  client.GrpcClientProtocolClient (GrpcClientProtocolClient.java:onNext(255)) - client-EAA342753240->9a4a4c23-9ff3-4ce3-a619-2c71c0869997: receive RaftClientReply:client-EAA342753240->9a4a4c23-9ff3-4ce3-a619-2c71c0869997@group-EC4211DF0353, cid=1227, SUCCESS, logIndex=1694, commits[9a4a4c23-9ff3-4ce3-a619-2c71c0869997:c1695, 9b0072ab-15b3-4973-9bcb-7fa02f6bfea9:c1693, 9f215ef2-7d46-4cda-b695-cae1b893f75f:c1693]
2019-08-20 16:03:54,184 [grpc-default-executor-6] INFO  client.GrpcClientProtocolClient (GrpcClientProtocolClient.java:onNext(255)) - client-EAA342753240->9a4a4c23-9ff3-4ce3-a619-2c71c0869997: receive RaftClientReply:client-EAA342753240->9a4a4c23-9ff3-4ce3-a619-2c71c0869997@group-EC4211DF0353, cid=1228, SUCCESS, logIndex=1695, commits[9a4a4c23-9ff3-4ce3-a619-2c71c0869997:c1695, 9b0072ab-15b3-4973-9bcb-7fa02f6bfea9:c1693, 9f215ef2-7d46-4cda-b695-cae1b893f75f:c1693]
2019-08-20 16:03:54,186 | INFO  | DNAudit | user=null | ip=null | op=WRITE_CHUNK {blockData=conID: 2 locID: 102650152704934353 bcsId: 1691} | ret=SUCCESS |  
2019-08-20 16:03:54,186 | INFO  | DNAudit | user=null | ip=null | op=WRITE_CHUNK {blockData=conID: 2 locID: 102650152704934353 bcsId: 1691} | ret=SUCCESS |  
2019-08-20 16:03:54,186 | INFO  | DNAudit | user=null | ip=null | op=PUT_BLOCK {blockData=[blockId=conID: 2 locID: 102650152704934353 bcsId: 0,size=4194304]} | ret=SUCCESS |  
2019-08-20 16:03:54,186 | INFO  | DNAudit | user=null | ip=null | op=PUT_BLOCK {blockData=[blockId=conID: 2 locID: 102650152704934353 bcsId: 0,size=4194304]} | ret=SUCCESS |  
2019-08-20 16:03:54,187 [grpc-default-executor-6] INFO  client.GrpcClientProtocolClient (GrpcClientProtocolClient.java:onNext(255)) - client-EAA342753240->9a4a4c23-9ff3-4ce3-a619-2c71c0869997: receive RaftClientReply:client-EAA342753240->9a4a4c23-9ff3-4ce3-a619-2c71c0869997@group-EC4211DF0353, cid=1229, SUCCESS, logIndex=0, commits[9a4a4c23-9ff3-4ce3-a619-2c71c0869997:c1696, 9b0072ab-15b3-4973-9bcb-7fa02f6bfea9:c1695, 9f215ef2-7d46-4cda-b695-cae1b893f75f:c1695]
2019-08-20 16:03:54,193 | INFO  | DNAudit | user=null | ip=null | op=WRITE_CHUNK {blockData=conID: 3 locID: 102650152704934354 bcsId: 0} | ret=SUCCESS |  
2019-08-20 16:03:54,195 | INFO  | DNAudit | user=null | ip=null | op=WRITE_CHUNK {blockData=conID: 3 locID: 102650152704934354 bcsId: 0} | ret=SUCCESS |  
2019-08-20 16:03:54,196 | INFO  | DNAudit | user=null | ip=null | op=WRITE_CHUNK {blockData=conID: 3 locID: 102650152704934354 bcsId: 0} | ret=SUCCESS |  
2019-08-20 16:03:54,196 | INFO  | DNAudit | user=null | ip=null | op=WRITE_CHUNK {blockData=conID: 3 locID: 102650152704934354 bcsId: 0} | ret=SUCCESS |  
2019-08-20 16:03:54,198 | INFO  | DNAudit | user=null | ip=null | op=WRITE_CHUNK {blockData=conID: 3 locID: 102650152704934354 bcsId: 0} | ret=SUCCESS |  
2019-08-20 16:03:54,198 | INFO  | DNAudit | user=null | ip=null | op=WRITE_CHUNK {blockData=conID: 3 locID: 102650152704934354 bcsId: 0} | ret=SUCCESS |  
2019-08-20 16:03:54,199 | INFO  | DNAudit | user=null | ip=null | op=PUT_BLOCK {blockData=[blockId=conID: 3 locID: 102650152704934354 bcsId: 0,size=1048576]} | ret=SUCCESS |  
2019-08-20 16:03:54,199 | INFO  | DNAudit | user=null | ip=null | op=WRITE_CHUNK {blockData=conID: 3 locID: 102650152704934354 bcsId: 0} | ret=SUCCESS |  
2019-08-20 16:03:54,199 [grpc-default-executor-3] INFO  client.GrpcClientProtocolClient (GrpcClientProtocolClient.java:onNext(255)) - client-EAA342753240->9a4a4c23-9ff3-4ce3-a619-2c71c0869997: receive RaftClientReply:client-EAA342753240->9a4a4c23-9ff3-4ce3-a619-2c71c0869997@group-EC4211DF0353, cid=1230, SUCCESS, logIndex=1698, commits[9a4a4c23-9ff3-4ce3-a619-2c71c0869997:c1699, 9b0072ab-15b3-4973-9bcb-7fa02f6bfea9:c1697, 9f215ef2-7d46-4cda-b695-cae1b893f75f:c1697]
2019-08-20 16:03:54,199 [grpc-default-executor-3] INFO  client.GrpcClientProtocolClient (GrpcClientProtocolClient.java:onNext(255)) - client-EAA342753240->9a4a4c23-9ff3-4ce3-a619-2c71c0869997: receive RaftClientReply:client-EAA342753240->9a4a4c23-9ff3-4ce3-a619-2c71c0869997@group-EC4211DF0353, cid=1231, SUCCESS, logIndex=1699, commits[9a4a4c23-9ff3-4ce3-a619-2c71c0869997:c1699, 9b0072ab-15b3-4973-9bcb-7fa02f6bfea9:c1697, 9f215ef2-7d46-4cda-b695-cae1b893f75f:c1697]
2019-08-20 16:03:54,200 | INFO  | DNAudit | user=null | ip=null | op=WRITE_CHUNK {blockData=conID: 3 locID: 102650152704934354 bcsId: 0} | ret=SUCCESS |  
2019-08-20 16:03:54,200 | INFO  | DNAudit | user=null | ip=null | op=PUT_BLOCK {blockData=[blockId=conID: 3 locID: 102650152704934354 bcsId: 0,size=2097152]} | ret=SUCCESS |  
2019-08-20 16:03:54,200 | INFO  | DNAudit | user=null | ip=null | op=WRITE_CHUNK {blockData=conID: 3 locID: 102650152704934354 bcsId: 0} | ret=SUCCESS |  
2019-08-20 16:03:54,200 [grpc-default-executor-6] INFO  client.GrpcClientProtocolClient (GrpcClientProtocolClient.java:onNext(255)) - client-EAA342753240->9a4a4c23-9ff3-4ce3-a619-2c71c0869997: receive RaftClientReply:client-EAA342753240->9a4a4c23-9ff3-4ce3-a619-2c71c0869997@group-EC4211DF0353, cid=1232, SUCCESS, logIndex=1700, commits[9a4a4c23-9ff3-4ce3-a619-2c71c0869997:c1701, 9b0072ab-15b3-4973-9bcb-7fa02f6bfea9:c1697, 9f215ef2-7d46-4cda-b695-cae1b893f75f:c1697]
2019-08-20 16:03:54,200 | INFO  | DNAudit | user=null | ip=null | op=PUT_BLOCK {blockData=[blockId=conID: 3 locID: 102650152704934354 bcsId: 0,size=1048576]} | ret=SUCCESS |  
2019-08-20 16:03:54,201 | INFO  | DNAudit | user=null | ip=null | op=WRITE_CHUNK {blockData=conID: 3 locID: 102650152704934354 bcsId: 0} | ret=SUCCESS |  
2019-08-20 16:03:54,201 [grpc-default-executor-6] INFO  client.GrpcClientProtocolClient (GrpcClientProtocolClient.java:onNext(255)) - client-EAA342753240->9a4a4c23-9ff3-4ce3-a619-2c71c0869997: receive RaftClientReply:client-EAA342753240->9a4a4c23-9ff3-4ce3-a619-2c71c0869997@group-EC4211DF0353, cid=1233, SUCCESS, logIndex=1701, commits[9a4a4c23-9ff3-4ce3-a619-2c71c0869997:c1701, 9b0072ab-15b3-4973-9bcb-7fa02f6bfea9:c1697, 9f215ef2-7d46-4cda-b695-cae1b893f75f:c1697]
2019-08-20 16:03:54,201 | INFO  | DNAudit | user=null | ip=null | op=PUT_BLOCK {blockData=[blockId=conID: 3 locID: 102650152704934354 bcsId: 0,size=1048576]} | ret=SUCCESS |  
2019-08-20 16:03:54,202 | INFO  | DNAudit | user=null | ip=null | op=WRITE_CHUNK {blockData=conID: 3 locID: 102650152704934354 bcsId: 0} | ret=SUCCESS |  
2019-08-20 16:03:54,201 [grpc-default-executor-6] INFO  client.GrpcClientProtocolClient (GrpcClientProtocolClient.java:onNext(255)) - client-EAA342753240->9a4a4c23-9ff3-4ce3-a619-2c71c0869997: receive RaftClientReply:client-EAA342753240->9a4a4c23-9ff3-4ce3-a619-2c71c0869997@group-EC4211DF0353, cid=1234, SUCCESS, logIndex=0, commits[9a4a4c23-9ff3-4ce3-a619-2c71c0869997:c1703, 9b0072ab-15b3-4973-9bcb-7fa02f6bfea9:c1699, 9f215ef2-7d46-4cda-b695-cae1b893f75f:c1699]
2019-08-20 16:03:54,202 | INFO  | DNAudit | user=null | ip=null | op=WRITE_CHUNK {blockData=conID: 3 locID: 102650152704934354 bcsId: 0} | ret=SUCCESS |  
2019-08-20 16:03:54,202 | INFO  | DNAudit | user=null | ip=null | op=PUT_BLOCK {blockData=[blockId=conID: 3 locID: 102650152704934354 bcsId: 0,size=2097152]} | ret=SUCCESS |  
2019-08-20 16:03:54,202 | INFO  | DNAudit | user=null | ip=null | op=PUT_BLOCK {blockData=[blockId=conID: 3 locID: 102650152704934354 bcsId: 0,size=2097152]} | ret=SUCCESS |  
2019-08-20 16:03:54,206 | INFO  | DNAudit | user=null | ip=null | op=WRITE_CHUNK {blockData=conID: 3 locID: 102650152704934354 bcsId: 1701} | ret=SUCCESS |  
2019-08-20 16:03:54,209 | INFO  | DNAudit | user=null | ip=null | op=WRITE_CHUNK {blockData=conID: 3 locID: 102650152704934354 bcsId: 1701} | ret=SUCCESS |  
2019-08-20 16:03:54,209 | INFO  | DNAudit | user=null | ip=null | op=WRITE_CHUNK {blockData=conID: 3 locID: 102650152704934354 bcsId: 1701} | ret=SUCCESS |  
2019-08-20 16:03:54,211 | INFO  | DNAudit | user=null | ip=null | op=WRITE_CHUNK {blockData=conID: 3 locID: 102650152704934354 bcsId: 1701} | ret=SUCCESS |  
2019-08-20 16:03:54,211 | INFO  | DNAudit | user=null | ip=null | op=PUT_BLOCK {blockData=[blockId=conID: 3 locID: 102650152704934354 bcsId: 0,size=3145728]} | ret=SUCCESS |  
2019-08-20 16:03:54,211 [grpc-default-executor-5] INFO  client.GrpcClientProtocolClient (GrpcClientProtocolClient.java:onNext(255)) - client-EAA342753240->9a4a4c23-9ff3-4ce3-a619-2c71c0869997: receive RaftClientReply:client-EAA342753240->9a4a4c23-9ff3-4ce3-a619-2c71c0869997@group-EC4211DF0353, cid=1235, SUCCESS, logIndex=1706, commits[9a4a4c23-9ff3-4ce3-a619-2c71c0869997:c1707, 9b0072ab-15b3-4973-9bcb-7fa02f6bfea9:c1705, 9f215ef2-7d46-4cda-b695-cae1b893f75f:c1701]
2019-08-20 16:03:54,212 [grpc-default-executor-5] INFO  client.GrpcClientProtocolClient (GrpcClientProtocolClient.java:onNext(255)) - client-EAA342753240->9a4a4c23-9ff3-4ce3-a619-2c71c0869997: receive RaftClientReply:client-EAA342753240->9a4a4c23-9ff3-4ce3-a619-2c71c0869997@group-EC4211DF0353, cid=1236, SUCCESS, logIndex=1707, commits[9a4a4c23-9ff3-4ce3-a619-2c71c0869997:c1707, 9b0072ab-15b3-4973-9bcb-7fa02f6bfea9:c1705, 9f215ef2-7d46-4cda-b695-cae1b893f75f:c1705]
2019-08-20 16:03:54,213 | INFO  | DNAudit | user=null | ip=null | op=WRITE_CHUNK {blockData=conID: 3 locID: 102650152704934354 bcsId: 1701} | ret=SUCCESS |  
2019-08-20 16:03:54,213 | INFO  | DNAudit | user=null | ip=null | op=WRITE_CHUNK {blockData=conID: 3 locID: 102650152704934354 bcsId: 1701} | ret=SUCCESS |  
2019-08-20 16:03:54,213 | INFO  | DNAudit | user=null | ip=null | op=PUT_BLOCK {blockData=[blockId=conID: 3 locID: 102650152704934354 bcsId: 0,size=3145728]} | ret=SUCCESS |  
2019-08-20 16:03:54,213 | INFO  | DNAudit | user=null | ip=null | op=PUT_BLOCK {blockData=[blockId=conID: 3 locID: 102650152704934354 bcsId: 0,size=3145728]} | ret=SUCCESS |  
2019-08-20 16:03:54,216 | INFO  | DNAudit | user=null | ip=null | op=WRITE_CHUNK {blockData=conID: 3 locID: 102650152704934354 bcsId: 1707} | ret=SUCCESS |  
2019-08-20 16:03:54,218 | INFO  | DNAudit | user=null | ip=null | op=WRITE_CHUNK {blockData=conID: 3 locID: 102650152704934354 bcsId: 1707} | ret=SUCCESS |  
2019-08-20 16:03:54,218 | INFO  | DNAudit | user=null | ip=null | op=WRITE_CHUNK {blockData=conID: 3 locID: 102650152704934354 bcsId: 1707} | ret=SUCCESS |  
2019-08-20 16:03:54,226 | INFO  | DNAudit | user=null | ip=null | op=WRITE_CHUNK {blockData=conID: 3 locID: 102650152704934354 bcsId: 1707} | ret=SUCCESS |  
2019-08-20 16:03:54,227 | INFO  | DNAudit | user=null | ip=null | op=PUT_BLOCK {blockData=[blockId=conID: 3 locID: 102650152704934354 bcsId: 0,size=4194304]} | ret=SUCCESS |  
2019-08-20 16:03:54,227 [grpc-default-executor-5] INFO  client.GrpcClientProtocolClient (GrpcClientProtocolClient.java:onNext(255)) - client-EAA342753240->9a4a4c23-9ff3-4ce3-a619-2c71c0869997: receive RaftClientReply:client-EAA342753240->9a4a4c23-9ff3-4ce3-a619-2c71c0869997@group-EC4211DF0353, cid=1237, SUCCESS, logIndex=1710, commits[9a4a4c23-9ff3-4ce3-a619-2c71c0869997:c1711, 9b0072ab-15b3-4973-9bcb-7fa02f6bfea9:c1709, 9f215ef2-7d46-4cda-b695-cae1b893f75f:c1709]
2019-08-20 16:03:54,227 [grpc-default-executor-5] INFO  client.GrpcClientProtocolClient (GrpcClientProtocolClient.java:onNext(255)) - client-EAA342753240->9a4a4c23-9ff3-4ce3-a619-2c71c0869997: receive RaftClientReply:client-EAA342753240->9a4a4c23-9ff3-4ce3-a619-2c71c0869997@group-EC4211DF0353, cid=1238, SUCCESS, logIndex=1711, commits[9a4a4c23-9ff3-4ce3-a619-2c71c0869997:c1711, 9b0072ab-15b3-4973-9bcb-7fa02f6bfea9:c1709, 9f215ef2-7d46-4cda-b695-cae1b893f75f:c1709]
2019-08-20 16:03:54,228 | INFO  | DNAudit | user=null | ip=null | op=WRITE_CHUNK {blockData=conID: 3 locID: 102650152704934354 bcsId: 1707} | ret=SUCCESS |  
2019-08-20 16:03:54,228 | INFO  | DNAudit | user=null | ip=null | op=WRITE_CHUNK {blockData=conID: 3 locID: 102650152704934354 bcsId: 1707} | ret=SUCCESS |  
2019-08-20 16:03:54,228 | INFO  | DNAudit | user=null | ip=null | op=PUT_BLOCK {blockData=[blockId=conID: 3 locID: 102650152704934354 bcsId: 0,size=4194304]} | ret=SUCCESS |  
2019-08-20 16:03:54,228 | INFO  | DNAudit | user=null | ip=null | op=PUT_BLOCK {blockData=[blockId=conID: 3 locID: 102650152704934354 bcsId: 0,size=4194304]} | ret=SUCCESS |  
2019-08-20 16:03:54,229 [grpc-default-executor-6] INFO  client.GrpcClientProtocolClient (GrpcClientProtocolClient.java:onNext(255)) - client-EAA342753240->9a4a4c23-9ff3-4ce3-a619-2c71c0869997: receive RaftClientReply:client-EAA342753240->9a4a4c23-9ff3-4ce3-a619-2c71c0869997@group-EC4211DF0353, cid=1239, SUCCESS, logIndex=0, commits[9a4a4c23-9ff3-4ce3-a619-2c71c0869997:c1713, 9b0072ab-15b3-4973-9bcb-7fa02f6bfea9:c1711, 9f215ef2-7d46-4cda-b695-cae1b893f75f:c1711]
2019-08-20 16:03:54,237 | INFO  | SCMAudit | user=jenkins1000 | ip=192.168.69.96 | op=ALLOCATE_BLOCK {owner=ea4851f9-218c-4af7-91b4-edb777a4888c, size=4194304, type=RATIS, factor=THREE} | ret=SUCCESS |  
2019-08-20 16:03:54,240 | INFO  | OMAudit | user=jenkins1000 | ip=127.0.0.1 | op=ALLOCATE_BLOCK {volume=vol-0-94146, bucket=bucket-0-90789, key=key-0-25609, dataSize=0, replicationType=null, replicationFactor=null, keyLocationInfo=null, clientID=102650152704082322} | ret=SUCCESS |  
2019-08-20 16:03:54,246 | INFO  | DNAudit | user=null | ip=null | op=WRITE_CHUNK {blockData=conID: 1 locID: 102650153155756499 bcsId: 0} | ret=SUCCESS |  
2019-08-20 16:03:54,248 | INFO  | DNAudit | user=null | ip=null | op=WRITE_CHUNK {blockData=conID: 1 locID: 102650153155756499 bcsId: 0} | ret=SUCCESS |  
2019-08-20 16:03:54,248 | INFO  | DNAudit | user=null | ip=null | op=WRITE_CHUNK {blockData=conID: 1 locID: 102650153155756499 bcsId: 0} | ret=SUCCESS |  
2019-08-20 16:03:54,248 | INFO  | DNAudit | user=null | ip=null | op=WRITE_CHUNK {blockData=conID: 1 locID: 102650153155756499 bcsId: 0} | ret=SUCCESS |  
2019-08-20 16:03:54,346 | INFO  | DNAudit | user=null | ip=null | op=WRITE_CHUNK {blockData=conID: 1 locID: 102650153155756499 bcsId: 0} | ret=SUCCESS |  
2019-08-20 16:03:54,346 | INFO  | DNAudit | user=null | ip=null | op=WRITE_CHUNK {blockData=conID: 1 locID: 102650153155756499 bcsId: 0} | ret=SUCCESS |  
2019-08-20 16:03:54,346 | INFO  | DNAudit | user=null | ip=null | op=PUT_BLOCK {blockData=[blockId=conID: 1 locID: 102650153155756499 bcsId: 0,size=1048576]} | ret=SUCCESS |  
2019-08-20 16:03:54,347 | INFO  | DNAudit | user=null | ip=null | op=WRITE_CHUNK {blockData=conID: 1 locID: 102650153155756499 bcsId: 0} | ret=SUCCESS |  
2019-08-20 16:03:54,347 [grpc-default-executor-6] INFO  client.GrpcClientProtocolClient (GrpcClientProtocolClient.java:onNext(255)) - client-EAA342753240->9a4a4c23-9ff3-4ce3-a619-2c71c0869997: receive RaftClientReply:client-EAA342753240->9a4a4c23-9ff3-4ce3-a619-2c71c0869997@group-EC4211DF0353, cid=1240, SUCCESS, logIndex=1714, commits[9a4a4c23-9ff3-4ce3-a619-2c71c0869997:c1715, 9b0072ab-15b3-4973-9bcb-7fa02f6bfea9:c1711, 9f215ef2-7d46-4cda-b695-cae1b893f75f:c1713]
2019-08-20 16:03:54,347 [grpc-default-executor-6] INFO  client.GrpcClientProtocolClient (GrpcClientProtocolClient.java:onNext(255)) - client-EAA342753240->9a4a4c23-9ff3-4ce3-a619-2c71c0869997: receive RaftClientReply:client-EAA342753240->9a4a4c23-9ff3-4ce3-a619-2c71c0869997@group-EC4211DF0353, cid=1241, SUCCESS, logIndex=1715, commits[9a4a4c23-9ff3-4ce3-a619-2c71c0869997:c1715, 9b0072ab-15b3-4973-9bcb-7fa02f6bfea9:c1711, 9f215ef2-7d46-4cda-b695-cae1b893f75f:c1713]
2019-08-20 16:03:54,351 | INFO  | DNAudit | user=null | ip=null | op=WRITE_CHUNK {blockData=conID: 1 locID: 102650153155756499 bcsId: 0} | ret=SUCCESS |  
2019-08-20 16:03:54,351 | INFO  | DNAudit | user=null | ip=null | op=WRITE_CHUNK {blockData=conID: 1 locID: 102650153155756499 bcsId: 0} | ret=SUCCESS |  
2019-08-20 16:03:54,351 | INFO  | DNAudit | user=null | ip=null | op=PUT_BLOCK {blockData=[blockId=conID: 1 locID: 102650153155756499 bcsId: 0,size=1048576]} | ret=SUCCESS |  
2019-08-20 16:03:54,351 | INFO  | DNAudit | user=null | ip=null | op=WRITE_CHUNK {blockData=conID: 1 locID: 102650153155756499 bcsId: 0} | ret=SUCCESS |  
2019-08-20 16:03:54,351 | INFO  | DNAudit | user=null | ip=null | op=PUT_BLOCK {blockData=[blockId=conID: 1 locID: 102650153155756499 bcsId: 0,size=2097152]} | ret=SUCCESS |  
2019-08-20 16:03:54,351 [grpc-default-executor-3] INFO  client.GrpcClientProtocolClient (GrpcClientProtocolClient.java:onNext(255)) - client-EAA342753240->9a4a4c23-9ff3-4ce3-a619-2c71c0869997: receive RaftClientReply:client-EAA342753240->9a4a4c23-9ff3-4ce3-a619-2c71c0869997@group-EC4211DF0353, cid=1242, SUCCESS, logIndex=1716, commits[9a4a4c23-9ff3-4ce3-a619-2c71c0869997:c1718, 9b0072ab-15b3-4973-9bcb-7fa02f6bfea9:c1713, 9f215ef2-7d46-4cda-b695-cae1b893f75f:c1714]
2019-08-20 16:03:54,352 | INFO  | DNAudit | user=null | ip=null | op=PUT_BLOCK {blockData=[blockId=conID: 1 locID: 102650153155756499 bcsId: 0,size=1048576]} | ret=SUCCESS |  
2019-08-20 16:03:54,352 [grpc-default-executor-3] INFO  client.GrpcClientProtocolClient (GrpcClientProtocolClient.java:onNext(255)) - client-EAA342753240->9a4a4c23-9ff3-4ce3-a619-2c71c0869997: receive RaftClientReply:client-EAA342753240->9a4a4c23-9ff3-4ce3-a619-2c71c0869997@group-EC4211DF0353, cid=1243, SUCCESS, logIndex=1717, commits[9a4a4c23-9ff3-4ce3-a619-2c71c0869997:c1719, 9b0072ab-15b3-4973-9bcb-7fa02f6bfea9:c1715, 9f215ef2-7d46-4cda-b695-cae1b893f75f:c1715]
2019-08-20 16:03:54,352 | INFO  | DNAudit | user=null | ip=null | op=WRITE_CHUNK {blockData=conID: 1 locID: 102650153155756499 bcsId: 0} | ret=SUCCESS |  
2019-08-20 16:03:54,352 | INFO  | DNAudit | user=null | ip=null | op=WRITE_CHUNK {blockData=conID: 1 locID: 102650153155756499 bcsId: 0} | ret=SUCCESS |  
2019-08-20 16:03:54,359 | INFO  | DNAudit | user=null | ip=null | op=WRITE_CHUNK {blockData=conID: 1 locID: 102650153155756499 bcsId: 1717} | ret=SUCCESS |  
2019-08-20 16:03:54,361 | INFO  | DNAudit | user=null | ip=null | op=WRITE_CHUNK {blockData=conID: 1 locID: 102650153155756499 bcsId: 1717} | ret=SUCCESS |  
2019-08-20 16:03:54,361 | INFO  | DNAudit | user=null | ip=null | op=WRITE_CHUNK {blockData=conID: 1 locID: 102650153155756499 bcsId: 1717} | ret=SUCCESS |  
2019-08-20 16:03:54,368 | INFO  | DNAudit | user=null | ip=null | op=PUT_BLOCK {blockData=[blockId=conID: 1 locID: 102650153155756499 bcsId: 0,size=2097152]} | ret=SUCCESS |  
2019-08-20 16:03:54,368 | INFO  | DNAudit | user=null | ip=null | op=PUT_BLOCK {blockData=[blockId=conID: 1 locID: 102650153155756499 bcsId: 0,size=2097152]} | ret=SUCCESS |  
2019-08-20 16:03:54,369 | INFO  | DNAudit | user=null | ip=null | op=WRITE_CHUNK {blockData=conID: 1 locID: 102650153155756499 bcsId: 1717} | ret=SUCCESS |  
2019-08-20 16:03:54,369 | INFO  | DNAudit | user=null | ip=null | op=PUT_BLOCK {blockData=[blockId=conID: 1 locID: 102650153155756499 bcsId: 0,size=3145728]} | ret=SUCCESS |  
2019-08-20 16:03:54,369 [grpc-default-executor-3] INFO  client.GrpcClientProtocolClient (GrpcClientProtocolClient.java:onNext(255)) - client-EAA342753240->9a4a4c23-9ff3-4ce3-a619-2c71c0869997: receive RaftClientReply:client-EAA342753240->9a4a4c23-9ff3-4ce3-a619-2c71c0869997@group-EC4211DF0353, cid=1244, SUCCESS, logIndex=1721, commits[9a4a4c23-9ff3-4ce3-a619-2c71c0869997:c1722, 9b0072ab-15b3-4973-9bcb-7fa02f6bfea9:c1720, 9f215ef2-7d46-4cda-b695-cae1b893f75f:c1720]
2019-08-20 16:03:54,370 [grpc-default-executor-3] INFO  client.GrpcClientProtocolClient (GrpcClientProtocolClient.java:onNext(255)) - client-EAA342753240->9a4a4c23-9ff3-4ce3-a619-2c71c0869997: receive RaftClientReply:client-EAA342753240->9a4a4c23-9ff3-4ce3-a619-2c71c0869997@group-EC4211DF0353, cid=1245, SUCCESS, logIndex=1722, commits[9a4a4c23-9ff3-4ce3-a619-2c71c0869997:c1722, 9b0072ab-15b3-4973-9bcb-7fa02f6bfea9:c1720, 9f215ef2-7d46-4cda-b695-cae1b893f75f:c1720]
2019-08-20 16:03:54,374 | INFO  | DNAudit | user=null | ip=null | op=WRITE_CHUNK {blockData=conID: 1 locID: 102650153155756499 bcsId: 1717} | ret=SUCCESS |  
2019-08-20 16:03:54,374 | INFO  | DNAudit | user=null | ip=null | op=WRITE_CHUNK {blockData=conID: 1 locID: 102650153155756499 bcsId: 1717} | ret=SUCCESS |  
2019-08-20 16:03:54,374 | INFO  | DNAudit | user=null | ip=null | op=PUT_BLOCK {blockData=[blockId=conID: 1 locID: 102650153155756499 bcsId: 0,size=3145728]} | ret=SUCCESS |  
2019-08-20 16:03:54,374 | INFO  | DNAudit | user=null | ip=null | op=PUT_BLOCK {blockData=[blockId=conID: 1 locID: 102650153155756499 bcsId: 0,size=3145728]} | ret=SUCCESS |  
2019-08-20 16:03:54,375 | INFO  | DNAudit | user=null | ip=null | op=WRITE_CHUNK {blockData=conID: 1 locID: 102650153155756499 bcsId: 1722} | ret=SUCCESS |  
2019-08-20 16:03:54,378 | INFO  | DNAudit | user=null | ip=null | op=WRITE_CHUNK {blockData=conID: 1 locID: 102650153155756499 bcsId: 1722} | ret=SUCCESS |  
2019-08-20 16:03:54,378 | INFO  | DNAudit | user=null | ip=null | op=WRITE_CHUNK {blockData=conID: 1 locID: 102650153155756499 bcsId: 1722} | ret=SUCCESS |  
2019-08-20 16:03:54,382 | INFO  | DNAudit | user=null | ip=null | op=WRITE_CHUNK {blockData=conID: 1 locID: 102650153155756499 bcsId: 1722} | ret=SUCCESS |  
2019-08-20 16:03:54,382 | INFO  | DNAudit | user=null | ip=null | op=PUT_BLOCK {blockData=[blockId=conID: 1 locID: 102650153155756499 bcsId: 0,size=4194304]} | ret=SUCCESS |  
2019-08-20 16:03:54,383 [grpc-default-executor-6] INFO  client.GrpcClientProtocolClient (GrpcClientProtocolClient.java:onNext(255)) - client-EAA342753240->9a4a4c23-9ff3-4ce3-a619-2c71c0869997: receive RaftClientReply:client-EAA342753240->9a4a4c23-9ff3-4ce3-a619-2c71c0869997@group-EC4211DF0353, cid=1246, SUCCESS, logIndex=1725, commits[9a4a4c23-9ff3-4ce3-a619-2c71c0869997:c1726, 9b0072ab-15b3-4973-9bcb-7fa02f6bfea9:c1723, 9f215ef2-7d46-4cda-b695-cae1b893f75f:c1723]
2019-08-20 16:03:54,383 [grpc-default-executor-6] INFO  client.GrpcClientProtocolClient (GrpcClientProtocolClient.java:onNext(255)) - client-EAA342753240->9a4a4c23-9ff3-4ce3-a619-2c71c0869997: receive RaftClientReply:client-EAA342753240->9a4a4c23-9ff3-4ce3-a619-2c71c0869997@group-EC4211DF0353, cid=1247, SUCCESS, logIndex=1726, commits[9a4a4c23-9ff3-4ce3-a619-2c71c0869997:c1726, 9b0072ab-15b3-4973-9bcb-7fa02f6bfea9:c1723, 9f215ef2-7d46-4cda-b695-cae1b893f75f:c1723]
2019-08-20 16:03:54,393 | INFO  | DNAudit | user=null | ip=null | op=WRITE_CHUNK {blockData=conID: 1 locID: 102650153155756499 bcsId: 1722} | ret=SUCCESS |  
2019-08-20 16:03:54,394 | INFO  | DNAudit | user=null | ip=null | op=WRITE_CHUNK {blockData=conID: 1 locID: 102650153155756499 bcsId: 1722} | ret=SUCCESS |  
2019-08-20 16:03:54,395 | INFO  | DNAudit | user=null | ip=null | op=PUT_BLOCK {blockData=[blockId=conID: 1 locID: 102650153155756499 bcsId: 0,size=4194304]} | ret=SUCCESS |  
2019-08-20 16:03:54,395 | INFO  | DNAudit | user=null | ip=null | op=PUT_BLOCK {blockData=[blockId=conID: 1 locID: 102650153155756499 bcsId: 0,size=4194304]} | ret=SUCCESS |  
2019-08-20 16:03:54,395 [grpc-default-executor-6] INFO  client.GrpcClientProtocolClient (GrpcClientProtocolClient.java:onNext(255)) - client-EAA342753240->9a4a4c23-9ff3-4ce3-a619-2c71c0869997: receive RaftClientReply:client-EAA342753240->9a4a4c23-9ff3-4ce3-a619-2c71c0869997@group-EC4211DF0353, cid=1248, SUCCESS, logIndex=0, commits[9a4a4c23-9ff3-4ce3-a619-2c71c0869997:c1728, 9b0072ab-15b3-4973-9bcb-7fa02f6bfea9:c1726, 9f215ef2-7d46-4cda-b695-cae1b893f75f:c1726]
2019-08-20 16:03:54,402 | INFO  | SCMAudit | user=jenkins1000 | ip=192.168.69.96 | op=ALLOCATE_BLOCK {owner=ea4851f9-218c-4af7-91b4-edb777a4888c, size=4194304, type=RATIS, factor=THREE} | ret=SUCCESS |  
2019-08-20 16:03:54,406 | INFO  | OMAudit | user=jenkins1000 | ip=127.0.0.1 | op=ALLOCATE_BLOCK {volume=vol-0-94146, bucket=bucket-0-90789, key=key-0-25609, dataSize=0, replicationType=null, replicationFactor=null, keyLocationInfo=null, clientID=102650152704082322} | ret=SUCCESS |  
2019-08-20 16:03:54,414 | INFO  | DNAudit | user=null | ip=null | op=WRITE_CHUNK {blockData=conID: 2 locID: 102650153166569940 bcsId: 0} | ret=SUCCESS |  
2019-08-20 16:03:54,416 | INFO  | DNAudit | user=null | ip=null | op=WRITE_CHUNK {blockData=conID: 2 locID: 102650153166569940 bcsId: 0} | ret=SUCCESS |  
2019-08-20 16:03:54,416 | INFO  | DNAudit | user=null | ip=null | op=WRITE_CHUNK {blockData=conID: 2 locID: 102650153166569940 bcsId: 0} | ret=SUCCESS |  
2019-08-20 16:03:54,416 | INFO  | DNAudit | user=null | ip=null | op=WRITE_CHUNK {blockData=conID: 2 locID: 102650153166569940 bcsId: 0} | ret=SUCCESS |  
2019-08-20 16:03:54,417 | INFO  | SCMAudit | user=jenkins1000 | ip=192.168.69.96 | op=SEND_HEARTBEAT {datanodeUUID=9f215ef2-7d46-4cda-b695-cae1b893f75f, command=[]} | ret=SUCCESS |  
2019-08-20 16:03:54,417 | INFO  | SCMAudit | user=jenkins1000 | ip=192.168.69.96 | op=SEND_HEARTBEAT {datanodeUUID=9a4a4c23-9ff3-4ce3-a619-2c71c0869997, command=[]} | ret=SUCCESS |  
2019-08-20 16:03:54,417 | INFO  | SCMAudit | user=jenkins1000 | ip=192.168.69.96 | op=SEND_HEARTBEAT {datanodeUUID=9b0072ab-15b3-4973-9bcb-7fa02f6bfea9, command=[]} | ret=SUCCESS |  
2019-08-20 16:03:54,418 | INFO  | DNAudit | user=null | ip=null | op=WRITE_CHUNK {blockData=conID: 2 locID: 102650153166569940 bcsId: 0} | ret=SUCCESS |  
 0.00% |█                                                                                                    |  0/1 Time: 0:00:072019-08-20 16:03:54,419 | INFO  | DNAudit | user=null | ip=null | op=WRITE_CHUNK {blockData=conID: 2 locID: 102650153166569940 bcsId: 0} | ret=SUCCESS |  
2019-08-20 16:03:54,423 | INFO  | DNAudit | user=null | ip=null | op=WRITE_CHUNK {blockData=conID: 2 locID: 102650153166569940 bcsId: 0} | ret=SUCCESS |  
2019-08-20 16:03:54,423 | INFO  | DNAudit | user=null | ip=null | op=PUT_BLOCK {blockData=[blockId=conID: 2 locID: 102650153166569940 bcsId: 0,size=1048576]} | ret=SUCCESS |  
2019-08-20 16:03:54,424 | INFO  | DNAudit | user=null | ip=null | op=WRITE_CHUNK {blockData=conID: 2 locID: 102650153166569940 bcsId: 0} | ret=SUCCESS |  
2019-08-20 16:03:54,424 [grpc-default-executor-5] INFO  client.GrpcClientProtocolClient (GrpcClientProtocolClient.java:onNext(255)) - client-EAA342753240->9a4a4c23-9ff3-4ce3-a619-2c71c0869997: receive RaftClientReply:client-EAA342753240->9a4a4c23-9ff3-4ce3-a619-2c71c0869997@group-EC4211DF0353, cid=1249, SUCCESS, logIndex=1729, commits[9a4a4c23-9ff3-4ce3-a619-2c71c0869997:c1730, 9b0072ab-15b3-4973-9bcb-7fa02f6bfea9:c1728, 9f215ef2-7d46-4cda-b695-cae1b893f75f:c1728]
2019-08-20 16:03:54,424 | INFO  | DNAudit | user=null | ip=null | op=PUT_BLOCK {blockData=[blockId=conID: 2 locID: 102650153166569940 bcsId: 0,size=2097152]} | ret=SUCCESS |  
2019-08-20 16:03:54,424 [grpc-default-executor-5] INFO  client.GrpcClientProtocolClient (GrpcClientProtocolClient.java:onNext(255)) - client-EAA342753240->9a4a4c23-9ff3-4ce3-a619-2c71c0869997: receive RaftClientReply:client-EAA342753240->9a4a4c23-9ff3-4ce3-a619-2c71c0869997@group-EC4211DF0353, cid=1250, SUCCESS, logIndex=1730, commits[9a4a4c23-9ff3-4ce3-a619-2c71c0869997:c1732, 9b0072ab-15b3-4973-9bcb-7fa02f6bfea9:c1728, 9f215ef2-7d46-4cda-b695-cae1b893f75f:c1728]
2019-08-20 16:03:54,424 | INFO  | DNAudit | user=null | ip=null | op=WRITE_CHUNK {blockData=conID: 2 locID: 102650153166569940 bcsId: 0} | ret=SUCCESS |  
2019-08-20 16:03:54,425 | INFO  | DNAudit | user=null | ip=null | op=WRITE_CHUNK {blockData=conID: 2 locID: 102650153166569940 bcsId: 0} | ret=SUCCESS |  
2019-08-20 16:03:54,425 [grpc-default-executor-5] INFO  client.GrpcClientProtocolClient (GrpcClientProtocolClient.java:onNext(255)) - client-EAA342753240->9a4a4c23-9ff3-4ce3-a619-2c71c0869997: receive RaftClientReply:client-EAA342753240->9a4a4c23-9ff3-4ce3-a619-2c71c0869997@group-EC4211DF0353, cid=1251, SUCCESS, logIndex=1731, commits[9a4a4c23-9ff3-4ce3-a619-2c71c0869997:c1732, 9b0072ab-15b3-4973-9bcb-7fa02f6bfea9:c1728, 9f215ef2-7d46-4cda-b695-cae1b893f75f:c1728]
2019-08-20 16:03:54,425 [grpc-default-executor-5] INFO  client.GrpcClientProtocolClient (GrpcClientProtocolClient.java:onNext(255)) - client-EAA342753240->9a4a4c23-9ff3-4ce3-a619-2c71c0869997: receive RaftClientReply:client-EAA342753240->9a4a4c23-9ff3-4ce3-a619-2c71c0869997@group-EC4211DF0353, cid=1252, SUCCESS, logIndex=1732, commits[9a4a4c23-9ff3-4ce3-a619-2c71c0869997:c1732, 9b0072ab-15b3-4973-9bcb-7fa02f6bfea9:c1728, 9f215ef2-7d46-4cda-b695-cae1b893f75f:c1728]
2019-08-20 16:03:54,425 | INFO  | DNAudit | user=null | ip=null | op=PUT_BLOCK {blockData=[blockId=conID: 2 locID: 102650153166569940 bcsId: 0,size=1048576]} | ret=SUCCESS |  
2019-08-20 16:03:54,426 | INFO  | DNAudit | user=null | ip=null | op=PUT_BLOCK {blockData=[blockId=conID: 2 locID: 102650153166569940 bcsId: 0,size=1048576]} | ret=SUCCESS |  
2019-08-20 16:03:54,426 | INFO  | DNAudit | user=null | ip=null | op=WRITE_CHUNK {blockData=conID: 2 locID: 102650153166569940 bcsId: 0} | ret=SUCCESS |  
2019-08-20 16:03:54,426 | INFO  | DNAudit | user=null | ip=null | op=WRITE_CHUNK {blockData=conID: 2 locID: 102650153166569940 bcsId: 0} | ret=SUCCESS |  
2019-08-20 16:03:54,427 | INFO  | DNAudit | user=null | ip=null | op=PUT_BLOCK {blockData=[blockId=conID: 2 locID: 102650153166569940 bcsId: 0,size=2097152]} | ret=SUCCESS |  
2019-08-20 16:03:54,427 | INFO  | DNAudit | user=null | ip=null | op=PUT_BLOCK {blockData=[blockId=conID: 2 locID: 102650153166569940 bcsId: 0,size=2097152]} | ret=SUCCESS |  
2019-08-20 16:03:54,427 [grpc-default-executor-6] INFO  client.GrpcClientProtocolClient (GrpcClientProtocolClient.java:onNext(255)) - client-EAA342753240->9a4a4c23-9ff3-4ce3-a619-2c71c0869997: receive RaftClientReply:client-EAA342753240->9a4a4c23-9ff3-4ce3-a619-2c71c0869997@group-EC4211DF0353, cid=1253, SUCCESS, logIndex=0, commits[9a4a4c23-9ff3-4ce3-a619-2c71c0869997:c1734, 9b0072ab-15b3-4973-9bcb-7fa02f6bfea9:c1730, 9f215ef2-7d46-4cda-b695-cae1b893f75f:c1730]
2019-08-20 16:03:54,432 | INFO  | DNAudit | user=null | ip=null | op=WRITE_CHUNK {blockData=conID: 2 locID: 102650153166569940 bcsId: 1732} | ret=SUCCESS |  
2019-08-20 16:03:54,435 | INFO  | DNAudit | user=null | ip=null | op=WRITE_CHUNK {blockData=conID: 2 locID: 102650153166569940 bcsId: 1732} | ret=SUCCESS |  
2019-08-20 16:03:54,435 | INFO  | DNAudit | user=null | ip=null | op=WRITE_CHUNK {blockData=conID: 2 locID: 102650153166569940 bcsId: 1732} | ret=SUCCESS |  
2019-08-20 16:03:54,437 | INFO  | DNAudit | user=null | ip=null | op=WRITE_CHUNK {blockData=conID: 2 locID: 102650153166569940 bcsId: 1732} | ret=SUCCESS |  
2019-08-20 16:03:54,438 | INFO  | DNAudit | user=null | ip=null | op=PUT_BLOCK {blockData=[blockId=conID: 2 locID: 102650153166569940 bcsId: 0,size=3145728]} | ret=SUCCESS |  
2019-08-20 16:03:54,438 [grpc-default-executor-6] INFO  client.GrpcClientProtocolClient (GrpcClientProtocolClient.java:onNext(255)) - client-EAA342753240->9a4a4c23-9ff3-4ce3-a619-2c71c0869997: receive RaftClientReply:client-EAA342753240->9a4a4c23-9ff3-4ce3-a619-2c71c0869997@group-EC4211DF0353, cid=1254, SUCCESS, logIndex=1736, commits[9a4a4c23-9ff3-4ce3-a619-2c71c0869997:c1737, 9b0072ab-15b3-4973-9bcb-7fa02f6bfea9:c1735, 9f215ef2-7d46-4cda-b695-cae1b893f75f:c1735]
2019-08-20 16:03:54,438 [grpc-default-executor-6] INFO  client.GrpcClientProtocolClient (GrpcClientProtocolClient.java:onNext(255)) - client-EAA342753240->9a4a4c23-9ff3-4ce3-a619-2c71c0869997: receive RaftClientReply:client-EAA342753240->9a4a4c23-9ff3-4ce3-a619-2c71c0869997@group-EC4211DF0353, cid=1255, SUCCESS, logIndex=1737, commits[9a4a4c23-9ff3-4ce3-a619-2c71c0869997:c1737, 9b0072ab-15b3-4973-9bcb-7fa02f6bfea9:c1735, 9f215ef2-7d46-4cda-b695-cae1b893f75f:c1735]
2019-08-20 16:03:54,439 | INFO  | DNAudit | user=null | ip=null | op=WRITE_CHUNK {blockData=conID: 2 locID: 102650153166569940 bcsId: 1732} | ret=SUCCESS |  
2019-08-20 16:03:54,439 | INFO  | DNAudit | user=null | ip=null | op=WRITE_CHUNK {blockData=conID: 2 locID: 102650153166569940 bcsId: 1732} | ret=SUCCESS |  
2019-08-20 16:03:54,439 | INFO  | DNAudit | user=null | ip=null | op=PUT_BLOCK {blockData=[blockId=conID: 2 locID: 102650153166569940 bcsId: 0,size=3145728]} | ret=SUCCESS |  
2019-08-20 16:03:54,439 | INFO  | DNAudit | user=null | ip=null | op=PUT_BLOCK {blockData=[blockId=conID: 2 locID: 102650153166569940 bcsId: 0,size=3145728]} | ret=SUCCESS |  
2019-08-20 16:03:54,444 | INFO  | DNAudit | user=null | ip=null | op=WRITE_CHUNK {blockData=conID: 2 locID: 102650153166569940 bcsId: 1737} | ret=SUCCESS |  
2019-08-20 16:03:54,446 | INFO  | DNAudit | user=null | ip=null | op=WRITE_CHUNK {blockData=conID: 2 locID: 102650153166569940 bcsId: 1737} | ret=SUCCESS |  
2019-08-20 16:03:54,447 | INFO  | DNAudit | user=null | ip=null | op=WRITE_CHUNK {blockData=conID: 2 locID: 102650153166569940 bcsId: 1737} | ret=SUCCESS |  
2019-08-20 16:03:54,457 | INFO  | DNAudit | user=null | ip=null | op=WRITE_CHUNK {blockData=conID: 2 locID: 102650153166569940 bcsId: 1737} | ret=SUCCESS |  
2019-08-20 16:03:54,458 | INFO  | DNAudit | user=null | ip=null | op=PUT_BLOCK {blockData=[blockId=conID: 2 locID: 102650153166569940 bcsId: 0,size=4194304]} | ret=SUCCESS |  
2019-08-20 16:03:54,458 [grpc-default-executor-6] INFO  client.GrpcClientProtocolClient (GrpcClientProtocolClient.java:onNext(255)) - client-EAA342753240->9a4a4c23-9ff3-4ce3-a619-2c71c0869997: receive RaftClientReply:client-EAA342753240->9a4a4c23-9ff3-4ce3-a619-2c71c0869997@group-EC4211DF0353, cid=1256, SUCCESS, logIndex=1740, commits[9a4a4c23-9ff3-4ce3-a619-2c71c0869997:c1741, 9b0072ab-15b3-4973-9bcb-7fa02f6bfea9:c1739, 9f215ef2-7d46-4cda-b695-cae1b893f75f:c1739]
2019-08-20 16:03:54,458 [grpc-default-executor-6] INFO  client.GrpcClientProtocolClient (GrpcClientProtocolClient.java:onNext(255)) - client-EAA342753240->9a4a4c23-9ff3-4ce3-a619-2c71c0869997: receive RaftClientReply:client-EAA342753240->9a4a4c23-9ff3-4ce3-a619-2c71c0869997@group-EC4211DF0353, cid=1257, SUCCESS, logIndex=1741, commits[9a4a4c23-9ff3-4ce3-a619-2c71c0869997:c1741, 9b0072ab-15b3-4973-9bcb-7fa02f6bfea9:c1739, 9f215ef2-7d46-4cda-b695-cae1b893f75f:c1739]
2019-08-20 16:03:54,462 | INFO  | DNAudit | user=null | ip=null | op=WRITE_CHUNK {blockData=conID: 2 locID: 102650153166569940 bcsId: 1737} | ret=SUCCESS |  
2019-08-20 16:03:54,462 | INFO  | DNAudit | user=null | ip=null | op=WRITE_CHUNK {blockData=conID: 2 locID: 102650153166569940 bcsId: 1737} | ret=SUCCESS |  
2019-08-20 16:03:54,462 | INFO  | DNAudit | user=null | ip=null | op=PUT_BLOCK {blockData=[blockId=conID: 2 locID: 102650153166569940 bcsId: 0,size=4194304]} | ret=SUCCESS |  
2019-08-20 16:03:54,462 | INFO  | DNAudit | user=null | ip=null | op=PUT_BLOCK {blockData=[blockId=conID: 2 locID: 102650153166569940 bcsId: 0,size=4194304]} | ret=SUCCESS |  
2019-08-20 16:03:54,463 [grpc-default-executor-6] INFO  client.GrpcClientProtocolClient (GrpcClientProtocolClient.java:onNext(255)) - client-EAA342753240->9a4a4c23-9ff3-4ce3-a619-2c71c0869997: receive RaftClientReply:client-EAA342753240->9a4a4c23-9ff3-4ce3-a619-2c71c0869997@group-EC4211DF0353, cid=1258, SUCCESS, logIndex=0, commits[9a4a4c23-9ff3-4ce3-a619-2c71c0869997:c1742, 9b0072ab-15b3-4973-9bcb-7fa02f6bfea9:c1741, 9f215ef2-7d46-4cda-b695-cae1b893f75f:c1741]
2019-08-20 16:03:54,467 | INFO  | SCMAudit | user=jenkins1000 | ip=192.168.69.96 | op=ALLOCATE_BLOCK {owner=ea4851f9-218c-4af7-91b4-edb777a4888c, size=4194304, type=RATIS, factor=THREE} | ret=SUCCESS |  
2019-08-20 16:03:54,470 | INFO  | OMAudit | user=jenkins1000 | ip=127.0.0.1 | op=ALLOCATE_BLOCK {volume=vol-0-94146, bucket=bucket-0-90789, key=key-0-25609, dataSize=0, replicationType=null, replicationFactor=null, keyLocationInfo=null, clientID=102650152704082322} | ret=SUCCESS |  
2019-08-20 16:03:54,476 | INFO  | DNAudit | user=null | ip=null | op=WRITE_CHUNK {blockData=conID: 3 locID: 102650153170829781 bcsId: 0} | ret=SUCCESS |  
2019-08-20 16:03:54,479 | INFO  | DNAudit | user=null | ip=null | op=WRITE_CHUNK {blockData=conID: 3 locID: 102650153170829781 bcsId: 0} | ret=SUCCESS |  
2019-08-20 16:03:54,479 | INFO  | DNAudit | user=null | ip=null | op=WRITE_CHUNK {blockData=conID: 3 locID: 102650153170829781 bcsId: 0} | ret=SUCCESS |  
2019-08-20 16:03:54,480 | INFO  | DNAudit | user=null | ip=null | op=WRITE_CHUNK {blockData=conID: 3 locID: 102650153170829781 bcsId: 0} | ret=SUCCESS |  
2019-08-20 16:03:54,481 | INFO  | DNAudit | user=null | ip=null | op=WRITE_CHUNK {blockData=conID: 3 locID: 102650153170829781 bcsId: 0} | ret=SUCCESS |  
2019-08-20 16:03:54,481 | INFO  | DNAudit | user=null | ip=null | op=WRITE_CHUNK {blockData=conID: 3 locID: 102650153170829781 bcsId: 0} | ret=SUCCESS |  
2019-08-20 16:03:54,495 | INFO  | DNAudit | user=null | ip=null | op=WRITE_CHUNK {blockData=conID: 3 locID: 102650153170829781 bcsId: 0} | ret=SUCCESS |  
2019-08-20 16:03:54,496 | INFO  | DNAudit | user=null | ip=null | op=PUT_BLOCK {blockData=[blockId=conID: 3 locID: 102650153170829781 bcsId: 0,size=1048576]} | ret=SUCCESS |  
2019-08-20 16:03:54,496 [grpc-default-executor-6] INFO  client.GrpcClientProtocolClient (GrpcClientProtocolClient.java:onNext(255)) - client-EAA342753240->9a4a4c23-9ff3-4ce3-a619-2c71c0869997: receive RaftClientReply:client-EAA342753240->9a4a4c23-9ff3-4ce3-a619-2c71c0869997@group-EC4211DF0353, cid=1259, SUCCESS, logIndex=1744, commits[9a4a4c23-9ff3-4ce3-a619-2c71c0869997:c1747, 9b0072ab-15b3-4973-9bcb-7fa02f6bfea9:c1741, 9f215ef2-7d46-4cda-b695-cae1b893f75f:c1743]
2019-08-20 16:03:54,496 | INFO  | DNAudit | user=null | ip=null | op=WRITE_CHUNK {blockData=conID: 3 locID: 102650153170829781 bcsId: 0} | ret=SUCCESS |  
2019-08-20 16:03:54,496 | INFO  | DNAudit | user=null | ip=null | op=PUT_BLOCK {blockData=[blockId=conID: 3 locID: 102650153170829781 bcsId: 0,size=2097152]} | ret=SUCCESS |  
2019-08-20 16:03:54,496 [grpc-default-executor-6] INFO  client.GrpcClientProtocolClient (GrpcClientProtocolClient.java:onNext(255)) - client-EAA342753240->9a4a4c23-9ff3-4ce3-a619-2c71c0869997: receive RaftClientReply:client-EAA342753240->9a4a4c23-9ff3-4ce3-a619-2c71c0869997@group-EC4211DF0353, cid=1260, SUCCESS, logIndex=1745, commits[9a4a4c23-9ff3-4ce3-a619-2c71c0869997:c1747, 9b0072ab-15b3-4973-9bcb-7fa02f6bfea9:c1743, 9f215ef2-7d46-4cda-b695-cae1b893f75f:c1743]
2019-08-20 16:03:54,497 [grpc-default-executor-6] INFO  client.GrpcClientProtocolClient (GrpcClientProtocolClient.java:onNext(255)) - client-EAA342753240->9a4a4c23-9ff3-4ce3-a619-2c71c0869997: receive RaftClientReply:client-EAA342753240->9a4a4c23-9ff3-4ce3-a619-2c71c0869997@group-EC4211DF0353, cid=1261, SUCCESS, logIndex=1746, commits[9a4a4c23-9ff3-4ce3-a619-2c71c0869997:c1747, 9b0072ab-15b3-4973-9bcb-7fa02f6bfea9:c1743, 9f215ef2-7d46-4cda-b695-cae1b893f75f:c1743]
2019-08-20 16:03:54,497 [grpc-default-executor-6] INFO  client.GrpcClientProtocolClient (GrpcClientProtocolClient.java:onNext(255)) - client-EAA342753240->9a4a4c23-9ff3-4ce3-a619-2c71c0869997: receive RaftClientReply:client-EAA342753240->9a4a4c23-9ff3-4ce3-a619-2c71c0869997@group-EC4211DF0353, cid=1262, SUCCESS, logIndex=1747, commits[9a4a4c23-9ff3-4ce3-a619-2c71c0869997:c1747, 9b0072ab-15b3-4973-9bcb-7fa02f6bfea9:c1743, 9f215ef2-7d46-4cda-b695-cae1b893f75f:c1743]
2019-08-20 16:03:54,507 | INFO  | DNAudit | user=null | ip=null | op=WRITE_CHUNK {blockData=conID: 3 locID: 102650153170829781 bcsId: 0} | ret=SUCCESS |  
2019-08-20 16:03:54,507 | INFO  | DNAudit | user=null | ip=null | op=WRITE_CHUNK {blockData=conID: 3 locID: 102650153170829781 bcsId: 0} | ret=SUCCESS |  
2019-08-20 16:03:54,507 | INFO  | DNAudit | user=null | ip=null | op=PUT_BLOCK {blockData=[blockId=conID: 3 locID: 102650153170829781 bcsId: 0,size=1048576]} | ret=SUCCESS |  
2019-08-20 16:03:54,507 | INFO  | DNAudit | user=null | ip=null | op=WRITE_CHUNK {blockData=conID: 3 locID: 102650153170829781 bcsId: 0} | ret=SUCCESS |  
2019-08-20 16:03:54,508 | INFO  | DNAudit | user=null | ip=null | op=PUT_BLOCK {blockData=[blockId=conID: 3 locID: 102650153170829781 bcsId: 0,size=2097152]} | ret=SUCCESS |  
2019-08-20 16:03:54,508 | INFO  | DNAudit | user=null | ip=null | op=PUT_BLOCK {blockData=[blockId=conID: 3 locID: 102650153170829781 bcsId: 0,size=1048576]} | ret=SUCCESS |  
2019-08-20 16:03:54,508 | INFO  | DNAudit | user=null | ip=null | op=WRITE_CHUNK {blockData=conID: 3 locID: 102650153170829781 bcsId: 0} | ret=SUCCESS |  
2019-08-20 16:03:54,508 | INFO  | DNAudit | user=null | ip=null | op=PUT_BLOCK {blockData=[blockId=conID: 3 locID: 102650153170829781 bcsId: 0,size=2097152]} | ret=SUCCESS |  
2019-08-20 16:03:54,508 [grpc-default-executor-6] INFO  client.GrpcClientProtocolClient (GrpcClientProtocolClient.java:onNext(255)) - client-EAA342753240->9a4a4c23-9ff3-4ce3-a619-2c71c0869997: receive RaftClientReply:client-EAA342753240->9a4a4c23-9ff3-4ce3-a619-2c71c0869997@group-EC4211DF0353, cid=1263, SUCCESS, logIndex=0, commits[9a4a4c23-9ff3-4ce3-a619-2c71c0869997:c1749, 9b0072ab-15b3-4973-9bcb-7fa02f6bfea9:c1747, 9f215ef2-7d46-4cda-b695-cae1b893f75f:c1746]
2019-08-20 16:03:54,514 | INFO  | DNAudit | user=null | ip=null | op=WRITE_CHUNK {blockData=conID: 3 locID: 102650153170829781 bcsId: 1747} | ret=SUCCESS |  
2019-08-20 16:03:54,517 | INFO  | DNAudit | user=null | ip=null | op=WRITE_CHUNK {blockData=conID: 3 locID: 102650153170829781 bcsId: 1747} | ret=SUCCESS |  
2019-08-20 16:03:54,517 | INFO  | DNAudit | user=null | ip=null | op=WRITE_CHUNK {blockData=conID: 3 locID: 102650153170829781 bcsId: 1747} | ret=SUCCESS |  
2019-08-20 16:03:54,526 | INFO  | DNAudit | user=null | ip=null | op=WRITE_CHUNK {blockData=conID: 3 locID: 102650153170829781 bcsId: 1747} | ret=SUCCESS |  
2019-08-20 16:03:54,526 | INFO  | DNAudit | user=null | ip=null | op=PUT_BLOCK {blockData=[blockId=conID: 3 locID: 102650153170829781 bcsId: 0,size=3145728]} | ret=SUCCESS |  
2019-08-20 16:03:54,526 [grpc-default-executor-5] INFO  client.GrpcClientProtocolClient (GrpcClientProtocolClient.java:onNext(255)) - client-EAA342753240->9a4a4c23-9ff3-4ce3-a619-2c71c0869997: receive RaftClientReply:client-EAA342753240->9a4a4c23-9ff3-4ce3-a619-2c71c0869997@group-EC4211DF0353, cid=1264, SUCCESS, logIndex=1752, commits[9a4a4c23-9ff3-4ce3-a619-2c71c0869997:c1753, 9b0072ab-15b3-4973-9bcb-7fa02f6bfea9:c1751, 9f215ef2-7d46-4cda-b695-cae1b893f75f:c1751]
2019-08-20 16:03:54,527 [grpc-default-executor-5] INFO  client.GrpcClientProtocolClient (GrpcClientProtocolClient.java:onNext(255)) - client-EAA342753240->9a4a4c23-9ff3-4ce3-a619-2c71c0869997: receive RaftClientReply:client-EAA342753240->9a4a4c23-9ff3-4ce3-a619-2c71c0869997@group-EC4211DF0353, cid=1265, SUCCESS, logIndex=1753, commits[9a4a4c23-9ff3-4ce3-a619-2c71c0869997:c1753, 9b0072ab-15b3-4973-9bcb-7fa02f6bfea9:c1751, 9f215ef2-7d46-4cda-b695-cae1b893f75f:c1751]
2019-08-20 16:03:54,533 | INFO  | DNAudit | user=null | ip=null | op=WRITE_CHUNK {blockData=conID: 3 locID: 102650153170829781 bcsId: 1753} | ret=SUCCESS |  
2019-08-20 16:03:54,536 | INFO  | DNAudit | user=null | ip=null | op=WRITE_CHUNK {blockData=conID: 3 locID: 102650153170829781 bcsId: 1753} | ret=SUCCESS |  
2019-08-20 16:03:54,536 | INFO  | DNAudit | user=null | ip=null | op=WRITE_CHUNK {blockData=conID: 3 locID: 102650153170829781 bcsId: 1753} | ret=SUCCESS |  
2019-08-20 16:03:54,537 | INFO  | DNAudit | user=null | ip=null | op=WRITE_CHUNK {blockData=conID: 3 locID: 102650153170829781 bcsId: 1747} | ret=SUCCESS |  
2019-08-20 16:03:54,538 | INFO  | DNAudit | user=null | ip=null | op=PUT_BLOCK {blockData=[blockId=conID: 3 locID: 102650153170829781 bcsId: 0,size=3145728]} | ret=SUCCESS |  
2019-08-20 16:03:54,538 | INFO  | DNAudit | user=null | ip=null | op=WRITE_CHUNK {blockData=conID: 3 locID: 102650153170829781 bcsId: 1747} | ret=SUCCESS |  
2019-08-20 16:03:54,538 | INFO  | DNAudit | user=null | ip=null | op=PUT_BLOCK {blockData=[blockId=conID: 3 locID: 102650153170829781 bcsId: 0,size=3145728]} | ret=SUCCESS |  
2019-08-20 16:03:54,562 | INFO  | DNAudit | user=null | ip=null | op=WRITE_CHUNK {blockData=conID: 3 locID: 102650153170829781 bcsId: 1753} | ret=SUCCESS |  
2019-08-20 16:03:54,563 | INFO  | DNAudit | user=null | ip=null | op=PUT_BLOCK {blockData=[blockId=conID: 3 locID: 102650153170829781 bcsId: 0,size=4194304]} | ret=SUCCESS |  
2019-08-20 16:03:54,563 [grpc-default-executor-5] INFO  client.GrpcClientProtocolClient (GrpcClientProtocolClient.java:onNext(255)) - client-EAA342753240->9a4a4c23-9ff3-4ce3-a619-2c71c0869997: receive RaftClientReply:client-EAA342753240->9a4a4c23-9ff3-4ce3-a619-2c71c0869997@group-EC4211DF0353, cid=1266, SUCCESS, logIndex=1755, commits[9a4a4c23-9ff3-4ce3-a619-2c71c0869997:c1756, 9b0072ab-15b3-4973-9bcb-7fa02f6bfea9:c1753, 9f215ef2-7d46-4cda-b695-cae1b893f75f:c1753]
2019-08-20 16:03:54,563 [grpc-default-executor-5] INFO  client.GrpcClientProtocolClient (GrpcClientProtocolClient.java:onNext(255)) - client-EAA342753240->9a4a4c23-9ff3-4ce3-a619-2c71c0869997: receive RaftClientReply:client-EAA342753240->9a4a4c23-9ff3-4ce3-a619-2c71c0869997@group-EC4211DF0353, cid=1267, SUCCESS, logIndex=1756, commits[9a4a4c23-9ff3-4ce3-a619-2c71c0869997:c1756, 9b0072ab-15b3-4973-9bcb-7fa02f6bfea9:c1753, 9f215ef2-7d46-4cda-b695-cae1b893f75f:c1753]
2019-08-20 16:03:54,564 | INFO  | DNAudit | user=null | ip=null | op=WRITE_CHUNK {blockData=conID: 3 locID: 102650153170829781 bcsId: 1753} | ret=SUCCESS |  
2019-08-20 16:03:54,564 | INFO  | DNAudit | user=null | ip=null | op=WRITE_CHUNK {blockData=conID: 3 locID: 102650153170829781 bcsId: 1753} | ret=SUCCESS |  
2019-08-20 16:03:54,564 | INFO  | DNAudit | user=null | ip=null | op=PUT_BLOCK {blockData=[blockId=conID: 3 locID: 102650153170829781 bcsId: 0,size=4194304]} | ret=SUCCESS |  
2019-08-20 16:03:54,564 | INFO  | DNAudit | user=null | ip=null | op=PUT_BLOCK {blockData=[blockId=conID: 3 locID: 102650153170829781 bcsId: 0,size=4194304]} | ret=SUCCESS |  
2019-08-20 16:03:54,564 [grpc-default-executor-5] INFO  client.GrpcClientProtocolClient (GrpcClientProtocolClient.java:onNext(255)) - client-EAA342753240->9a4a4c23-9ff3-4ce3-a619-2c71c0869997: receive RaftClientReply:client-EAA342753240->9a4a4c23-9ff3-4ce3-a619-2c71c0869997@group-EC4211DF0353, cid=1268, SUCCESS, logIndex=0, commits[9a4a4c23-9ff3-4ce3-a619-2c71c0869997:c1757, 9b0072ab-15b3-4973-9bcb-7fa02f6bfea9:c1756, 9f215ef2-7d46-4cda-b695-cae1b893f75f:c1756]
2019-08-20 16:03:54,569 | INFO  | SCMAudit | user=jenkins1000 | ip=192.168.69.96 | op=ALLOCATE_BLOCK {owner=ea4851f9-218c-4af7-91b4-edb777a4888c, size=4194304, type=RATIS, factor=THREE} | ret=SUCCESS |  
2019-08-20 16:03:54,572 | INFO  | OMAudit | user=jenkins1000 | ip=127.0.0.1 | op=ALLOCATE_BLOCK {volume=vol-0-94146, bucket=bucket-0-90789, key=key-0-25609, dataSize=0, replicationType=null, replicationFactor=null, keyLocationInfo=null, clientID=102650152704082322} | ret=SUCCESS |  
2019-08-20 16:03:54,579 | INFO  | DNAudit | user=null | ip=null | op=WRITE_CHUNK {blockData=conID: 1 locID: 102650153177514454 bcsId: 0} | ret=SUCCESS |  
2019-08-20 16:03:54,580 | INFO  | DNAudit | user=null | ip=null | op=WRITE_CHUNK {blockData=conID: 1 locID: 102650153177514454 bcsId: 0} | ret=SUCCESS |  
2019-08-20 16:03:54,582 | INFO  | DNAudit | user=null | ip=null | op=WRITE_CHUNK {blockData=conID: 1 locID: 102650153177514454 bcsId: 0} | ret=SUCCESS |  
2019-08-20 16:03:54,583 | INFO  | DNAudit | user=null | ip=null | op=WRITE_CHUNK {blockData=conID: 1 locID: 102650153177514454 bcsId: 0} | ret=SUCCESS |  
2019-08-20 16:03:54,583 | INFO  | DNAudit | user=null | ip=null | op=WRITE_CHUNK {blockData=conID: 1 locID: 102650153177514454 bcsId: 0} | ret=SUCCESS |  
2019-08-20 16:03:54,584 | INFO  | DNAudit | user=null | ip=null | op=WRITE_CHUNK {blockData=conID: 1 locID: 102650153177514454 bcsId: 0} | ret=SUCCESS |  
2019-08-20 16:03:54,591 | INFO  | DNAudit | user=null | ip=null | op=WRITE_CHUNK {blockData=conID: 1 locID: 102650153177514454 bcsId: 0} | ret=SUCCESS |  
2019-08-20 16:03:54,592 | INFO  | DNAudit | user=null | ip=null | op=PUT_BLOCK {blockData=[blockId=conID: 1 locID: 102650153177514454 bcsId: 0,size=1048576]} | ret=SUCCESS |  
2019-08-20 16:03:54,592 [grpc-default-executor-6] INFO  client.GrpcClientProtocolClient (GrpcClientProtocolClient.java:onNext(255)) - client-EAA342753240->9a4a4c23-9ff3-4ce3-a619-2c71c0869997: receive RaftClientReply:client-EAA342753240->9a4a4c23-9ff3-4ce3-a619-2c71c0869997@group-EC4211DF0353, cid=1269, SUCCESS, logIndex=1758, commits[9a4a4c23-9ff3-4ce3-a619-2c71c0869997:c1759, 9b0072ab-15b3-4973-9bcb-7fa02f6bfea9:c1757, 9f215ef2-7d46-4cda-b695-cae1b893f75f:c1757]
2019-08-20 16:03:54,592 | INFO  | DNAudit | user=null | ip=null | op=WRITE_CHUNK {blockData=conID: 1 locID: 102650153177514454 bcsId: 0} | ret=SUCCESS |  
2019-08-20 16:03:54,592 | INFO  | DNAudit | user=null | ip=null | op=WRITE_CHUNK {blockData=conID: 1 locID: 102650153177514454 bcsId: 0} | ret=SUCCESS |  
2019-08-20 16:03:54,592 [grpc-default-executor-6] INFO  client.GrpcClientProtocolClient (GrpcClientProtocolClient.java:onNext(255)) - client-EAA342753240->9a4a4c23-9ff3-4ce3-a619-2c71c0869997: receive RaftClientReply:client-EAA342753240->9a4a4c23-9ff3-4ce3-a619-2c71c0869997@group-EC4211DF0353, cid=1270, SUCCESS, logIndex=1759, commits[9a4a4c23-9ff3-4ce3-a619-2c71c0869997:c1761, 9b0072ab-15b3-4973-9bcb-7fa02f6bfea9:c1757, 9f215ef2-7d46-4cda-b695-cae1b893f75f:c1757]
2019-08-20 16:03:54,593 | INFO  | DNAudit | user=null | ip=null | op=WRITE_CHUNK {blockData=conID: 1 locID: 102650153177514454 bcsId: 0} | ret=SUCCESS |  
2019-08-20 16:03:54,593 | INFO  | DNAudit | user=null | ip=null | op=PUT_BLOCK {blockData=[blockId=conID: 1 locID: 102650153177514454 bcsId: 0,size=2097152]} | ret=SUCCESS |  
2019-08-20 16:03:54,593 [grpc-default-executor-6] INFO  client.GrpcClientProtocolClient (GrpcClientProtocolClient.java:onNext(255)) - client-EAA342753240->9a4a4c23-9ff3-4ce3-a619-2c71c0869997: receive RaftClientReply:client-EAA342753240->9a4a4c23-9ff3-4ce3-a619-2c71c0869997@group-EC4211DF0353, cid=1271, SUCCESS, logIndex=1760, commits[9a4a4c23-9ff3-4ce3-a619-2c71c0869997:c1761, 9b0072ab-15b3-4973-9bcb-7fa02f6bfea9:c1757, 9f215ef2-7d46-4cda-b695-cae1b893f75f:c1757]
2019-08-20 16:03:54,593 [grpc-default-executor-6] INFO  client.GrpcClientProtocolClient (GrpcClientProtocolClient.java:onNext(255)) - client-EAA342753240->9a4a4c23-9ff3-4ce3-a619-2c71c0869997: receive RaftClientReply:client-EAA342753240->9a4a4c23-9ff3-4ce3-a619-2c71c0869997@group-EC4211DF0353, cid=1272, SUCCESS, logIndex=1761, commits[9a4a4c23-9ff3-4ce3-a619-2c71c0869997:c1762, 9b0072ab-15b3-4973-9bcb-7fa02f6bfea9:c1758, 9f215ef2-7d46-4cda-b695-cae1b893f75f:c1758]
2019-08-20 16:03:54,594 | INFO  | DNAudit | user=null | ip=null | op=PUT_BLOCK {blockData=[blockId=conID: 1 locID: 102650153177514454 bcsId: 0,size=1048576]} | ret=SUCCESS |  
2019-08-20 16:03:54,594 | INFO  | DNAudit | user=null | ip=null | op=PUT_BLOCK {blockData=[blockId=conID: 1 locID: 102650153177514454 bcsId: 0,size=1048576]} | ret=SUCCESS |  
2019-08-20 16:03:54,594 | INFO  | DNAudit | user=null | ip=null | op=WRITE_CHUNK {blockData=conID: 1 locID: 102650153177514454 bcsId: 0} | ret=SUCCESS |  
2019-08-20 16:03:54,594 | INFO  | DNAudit | user=null | ip=null | op=WRITE_CHUNK {blockData=conID: 1 locID: 102650153177514454 bcsId: 0} | ret=SUCCESS |  
2019-08-20 16:03:54,594 | INFO  | DNAudit | user=null | ip=null | op=PUT_BLOCK {blockData=[blockId=conID: 1 locID: 102650153177514454 bcsId: 0,size=2097152]} | ret=SUCCESS |  
2019-08-20 16:03:54,594 | INFO  | DNAudit | user=null | ip=null | op=PUT_BLOCK {blockData=[blockId=conID: 1 locID: 102650153177514454 bcsId: 0,size=2097152]} | ret=SUCCESS |  
2019-08-20 16:03:54,594 [grpc-default-executor-3] INFO  client.GrpcClientProtocolClient (GrpcClientProtocolClient.java:onNext(255)) - client-EAA342753240->9a4a4c23-9ff3-4ce3-a619-2c71c0869997: receive RaftClientReply:client-EAA342753240->9a4a4c23-9ff3-4ce3-a619-2c71c0869997@group-EC4211DF0353, cid=1273, SUCCESS, logIndex=0, commits[9a4a4c23-9ff3-4ce3-a619-2c71c0869997:c1763, 9b0072ab-15b3-4973-9bcb-7fa02f6bfea9:c1759, 9f215ef2-7d46-4cda-b695-cae1b893f75f:c1759]
2019-08-20 16:03:54,601 | INFO  | DNAudit | user=null | ip=null | op=WRITE_CHUNK {blockData=conID: 1 locID: 102650153177514454 bcsId: 1761} | ret=SUCCESS |  
2019-08-20 16:03:54,602 | INFO  | DNAudit | user=null | ip=null | op=WRITE_CHUNK {blockData=conID: 1 locID: 102650153177514454 bcsId: 1761} | ret=SUCCESS |  
2019-08-20 16:03:54,603 | INFO  | DNAudit | user=null | ip=null | op=WRITE_CHUNK {blockData=conID: 1 locID: 102650153177514454 bcsId: 1761} | ret=SUCCESS |  
2019-08-20 16:03:54,607 | INFO  | DNAudit | user=null | ip=null | op=WRITE_CHUNK {blockData=conID: 1 locID: 102650153177514454 bcsId: 1761} | ret=SUCCESS |  
2019-08-20 16:03:54,607 | INFO  | DNAudit | user=null | ip=null | op=PUT_BLOCK {blockData=[blockId=conID: 1 locID: 102650153177514454 bcsId: 0,size=3145728]} | ret=SUCCESS |  
2019-08-20 16:03:54,607 [grpc-default-executor-6] INFO  client.GrpcClientProtocolClient (GrpcClientProtocolClient.java:onNext(255)) - client-EAA342753240->9a4a4c23-9ff3-4ce3-a619-2c71c0869997: receive RaftClientReply:client-EAA342753240->9a4a4c23-9ff3-4ce3-a619-2c71c0869997@group-EC4211DF0353, cid=1274, SUCCESS, logIndex=1765, commits[9a4a4c23-9ff3-4ce3-a619-2c71c0869997:c1766, 9b0072ab-15b3-4973-9bcb-7fa02f6bfea9:c1764, 9f215ef2-7d46-4cda-b695-cae1b893f75f:c1764]
2019-08-20 16:03:54,608 [grpc-default-executor-6] INFO  client.GrpcClientProtocolClient (GrpcClientProtocolClient.java:onNext(255)) - client-EAA342753240->9a4a4c23-9ff3-4ce3-a619-2c71c0869997: receive RaftClientReply:client-EAA342753240->9a4a4c23-9ff3-4ce3-a619-2c71c0869997@group-EC4211DF0353, cid=1275, SUCCESS, logIndex=1766, commits[9a4a4c23-9ff3-4ce3-a619-2c71c0869997:c1766, 9b0072ab-15b3-4973-9bcb-7fa02f6bfea9:c1764, 9f215ef2-7d46-4cda-b695-cae1b893f75f:c1764]
2019-08-20 16:03:54,611 | INFO  | DNAudit | user=null | ip=null | op=WRITE_CHUNK {blockData=conID: 1 locID: 102650153177514454 bcsId: 1761} | ret=SUCCESS |  
2019-08-20 16:03:54,611 | INFO  | DNAudit | user=null | ip=null | op=WRITE_CHUNK {blockData=conID: 1 locID: 102650153177514454 bcsId: 1761} | ret=SUCCESS |  
2019-08-20 16:03:54,612 | INFO  | DNAudit | user=null | ip=null | op=PUT_BLOCK {blockData=[blockId=conID: 1 locID: 102650153177514454 bcsId: 0,size=3145728]} | ret=SUCCESS |  
2019-08-20 16:03:54,612 | INFO  | DNAudit | user=null | ip=null | op=PUT_BLOCK {blockData=[blockId=conID: 1 locID: 102650153177514454 bcsId: 0,size=3145728]} | ret=SUCCESS |  
2019-08-20 16:03:54,614 | INFO  | DNAudit | user=null | ip=null | op=WRITE_CHUNK {blockData=conID: 1 locID: 102650153177514454 bcsId: 1766} | ret=SUCCESS |  
2019-08-20 16:03:54,617 | INFO  | DNAudit | user=null | ip=null | op=WRITE_CHUNK {blockData=conID: 1 locID: 102650153177514454 bcsId: 1766} | ret=SUCCESS |  
2019-08-20 16:03:54,617 | INFO  | DNAudit | user=null | ip=null | op=WRITE_CHUNK {blockData=conID: 1 locID: 102650153177514454 bcsId: 1766} | ret=SUCCESS |  
2019-08-20 16:03:54,620 | INFO  | DNAudit | user=null | ip=null | op=WRITE_CHUNK {blockData=conID: 1 locID: 102650153177514454 bcsId: 1766} | ret=SUCCESS |  
2019-08-20 16:03:54,620 | INFO  | DNAudit | user=null | ip=null | op=PUT_BLOCK {blockData=[blockId=conID: 1 locID: 102650153177514454 bcsId: 0,size=4194304]} | ret=SUCCESS |  
2019-08-20 16:03:54,620 [grpc-default-executor-5] INFO  client.GrpcClientProtocolClient (GrpcClientProtocolClient.java:onNext(255)) - client-EAA342753240->9a4a4c23-9ff3-4ce3-a619-2c71c0869997: receive RaftClientReply:client-EAA342753240->9a4a4c23-9ff3-4ce3-a619-2c71c0869997@group-EC4211DF0353, cid=1276, SUCCESS, logIndex=1769, commits[9a4a4c23-9ff3-4ce3-a619-2c71c0869997:c1770, 9b0072ab-15b3-4973-9bcb-7fa02f6bfea9:c1768, 9f215ef2-7d46-4cda-b695-cae1b893f75f:c1768]
2019-08-20 16:03:54,621 [grpc-default-executor-5] INFO  client.GrpcClientProtocolClient (GrpcClientProtocolClient.java:onNext(255)) - client-EAA342753240->9a4a4c23-9ff3-4ce3-a619-2c71c0869997: receive RaftClientReply:client-EAA342753240->9a4a4c23-9ff3-4ce3-a619-2c71c0869997@group-EC4211DF0353, cid=1277, SUCCESS, logIndex=1770, commits[9a4a4c23-9ff3-4ce3-a619-2c71c0869997:c1770, 9b0072ab-15b3-4973-9bcb-7fa02f6bfea9:c1768, 9f215ef2-7d46-4cda-b695-cae1b893f75f:c1768]
2019-08-20 16:03:54,633 | INFO  | DNAudit | user=null | ip=null | op=WRITE_CHUNK {blockData=conID: 1 locID: 102650153177514454 bcsId: 1766} | ret=SUCCESS |  
2019-08-20 16:03:54,633 | INFO  | DNAudit | user=null | ip=null | op=WRITE_CHUNK {blockData=conID: 1 locID: 102650153177514454 bcsId: 1766} | ret=SUCCESS |  
2019-08-20 16:03:54,634 | INFO  | DNAudit | user=null | ip=null | op=PUT_BLOCK {blockData=[blockId=conID: 1 locID: 102650153177514454 bcsId: 0,size=4194304]} | ret=SUCCESS |  
2019-08-20 16:03:54,634 | INFO  | DNAudit | user=null | ip=null | op=PUT_BLOCK {blockData=[blockId=conID: 1 locID: 102650153177514454 bcsId: 0,size=4194304]} | ret=SUCCESS |  
2019-08-20 16:03:54,635 [grpc-default-executor-3] INFO  client.GrpcClientProtocolClient (GrpcClientProtocolClient.java:onNext(255)) - client-EAA342753240->9a4a4c23-9ff3-4ce3-a619-2c71c0869997: receive RaftClientReply:client-EAA342753240->9a4a4c23-9ff3-4ce3-a619-2c71c0869997@group-EC4211DF0353, cid=1278, SUCCESS, logIndex=0, commits[9a4a4c23-9ff3-4ce3-a619-2c71c0869997:c1772, 9b0072ab-15b3-4973-9bcb-7fa02f6bfea9:c1770, 9f215ef2-7d46-4cda-b695-cae1b893f75f:c1770]
2019-08-20 16:03:54,640 | INFO  | SCMAudit | user=jenkins1000 | ip=192.168.69.96 | op=ALLOCATE_BLOCK {owner=ea4851f9-218c-4af7-91b4-edb777a4888c, size=4194304, type=RATIS, factor=THREE} | ret=SUCCESS |  
2019-08-20 16:03:54,644 | INFO  | OMAudit | user=jenkins1000 | ip=127.0.0.1 | op=ALLOCATE_BLOCK {volume=vol-0-94146, bucket=bucket-0-90789, key=key-0-25609, dataSize=0, replicationType=null, replicationFactor=null, keyLocationInfo=null, clientID=102650152704082322} | ret=SUCCESS |  
2019-08-20 16:03:54,650 | INFO  | DNAudit | user=null | ip=null | op=WRITE_CHUNK {blockData=conID: 2 locID: 102650153182167511 bcsId: 0} | ret=SUCCESS |  
2019-08-20 16:03:54,653 | INFO  | DNAudit | user=null | ip=null | op=WRITE_CHUNK {blockData=conID: 2 locID: 102650153182167511 bcsId: 0} | ret=SUCCESS |  
2019-08-20 16:03:54,653 | INFO  | DNAudit | user=null | ip=null | op=WRITE_CHUNK {blockData=conID: 2 locID: 102650153182167511 bcsId: 0} | ret=SUCCESS |  
2019-08-20 16:03:54,653 | INFO  | DNAudit | user=null | ip=null | op=WRITE_CHUNK {blockData=conID: 2 locID: 102650153182167511 bcsId: 0} | ret=SUCCESS |  
2019-08-20 16:03:54,655 | INFO  | DNAudit | user=null | ip=null | op=WRITE_CHUNK {blockData=conID: 2 locID: 102650153182167511 bcsId: 0} | ret=SUCCESS |  
2019-08-20 16:03:54,657 | INFO  | DNAudit | user=null | ip=null | op=WRITE_CHUNK {blockData=conID: 2 locID: 102650153182167511 bcsId: 0} | ret=SUCCESS |  
2019-08-20 16:03:54,658 | INFO  | DNAudit | user=null | ip=null | op=WRITE_CHUNK {blockData=conID: 2 locID: 102650153182167511 bcsId: 0} | ret=SUCCESS |  
2019-08-20 16:03:54,659 | INFO  | DNAudit | user=null | ip=null | op=PUT_BLOCK {blockData=[blockId=conID: 2 locID: 102650153182167511 bcsId: 0,size=1048576]} | ret=SUCCESS |  
2019-08-20 16:03:54,659 [grpc-default-executor-3] INFO  client.GrpcClientProtocolClient (GrpcClientProtocolClient.java:onNext(255)) - client-EAA342753240->9a4a4c23-9ff3-4ce3-a619-2c71c0869997: receive RaftClientReply:client-EAA342753240->9a4a4c23-9ff3-4ce3-a619-2c71c0869997@group-EC4211DF0353, cid=1279, SUCCESS, logIndex=1773, commits[9a4a4c23-9ff3-4ce3-a619-2c71c0869997:c1774, 9b0072ab-15b3-4973-9bcb-7fa02f6bfea9:c1772, 9f215ef2-7d46-4cda-b695-cae1b893f75f:c1772]
2019-08-20 16:03:54,659 | INFO  | DNAudit | user=null | ip=null | op=WRITE_CHUNK {blockData=conID: 2 locID: 102650153182167511 bcsId: 0} | ret=SUCCESS |  
2019-08-20 16:03:54,660 | INFO  | DNAudit | user=null | ip=null | op=PUT_BLOCK {blockData=[blockId=conID: 2 locID: 102650153182167511 bcsId: 0,size=2097152]} | ret=SUCCESS |  
2019-08-20 16:03:54,660 [grpc-default-executor-3] INFO  client.GrpcClientProtocolClient (GrpcClientProtocolClient.java:onNext(255)) - client-EAA342753240->9a4a4c23-9ff3-4ce3-a619-2c71c0869997: receive RaftClientReply:client-EAA342753240->9a4a4c23-9ff3-4ce3-a619-2c71c0869997@group-EC4211DF0353, cid=1280, SUCCESS, logIndex=1774, commits[9a4a4c23-9ff3-4ce3-a619-2c71c0869997:c1776, 9b0072ab-15b3-4973-9bcb-7fa02f6bfea9:c1772, 9f215ef2-7d46-4cda-b695-cae1b893f75f:c1772]
2019-08-20 16:03:54,660 [grpc-default-executor-3] INFO  client.GrpcClientProtocolClient (GrpcClientProtocolClient.java:onNext(255)) - client-EAA342753240->9a4a4c23-9ff3-4ce3-a619-2c71c0869997: receive RaftClientReply:client-EAA342753240->9a4a4c23-9ff3-4ce3-a619-2c71c0869997@group-EC4211DF0353, cid=1281, SUCCESS, logIndex=1775, commits[9a4a4c23-9ff3-4ce3-a619-2c71c0869997:c1776, 9b0072ab-15b3-4973-9bcb-7fa02f6bfea9:c1772, 9f215ef2-7d46-4cda-b695-cae1b893f75f:c1772]
2019-08-20 16:03:54,660 [grpc-default-executor-3] INFO  client.GrpcClientProtocolClient (GrpcClientProtocolClient.java:onNext(255)) - client-EAA342753240->9a4a4c23-9ff3-4ce3-a619-2c71c0869997: receive RaftClientReply:client-EAA342753240->9a4a4c23-9ff3-4ce3-a619-2c71c0869997@group-EC4211DF0353, cid=1282, SUCCESS, logIndex=1776, commits[9a4a4c23-9ff3-4ce3-a619-2c71c0869997:c1776, 9b0072ab-15b3-4973-9bcb-7fa02f6bfea9:c1772, 9f215ef2-7d46-4cda-b695-cae1b893f75f:c1772]
2019-08-20 16:03:54,660 | INFO  | DNAudit | user=null | ip=null | op=WRITE_CHUNK {blockData=conID: 2 locID: 102650153182167511 bcsId: 0} | ret=SUCCESS |  
2019-08-20 16:03:54,661 | INFO  | DNAudit | user=null | ip=null | op=PUT_BLOCK {blockData=[blockId=conID: 2 locID: 102650153182167511 bcsId: 0,size=1048576]} | ret=SUCCESS |  
2019-08-20 16:03:54,661 | INFO  | DNAudit | user=null | ip=null | op=WRITE_CHUNK {blockData=conID: 2 locID: 102650153182167511 bcsId: 0} | ret=SUCCESS |  
2019-08-20 16:03:54,661 | INFO  | DNAudit | user=null | ip=null | op=PUT_BLOCK {blockData=[blockId=conID: 2 locID: 102650153182167511 bcsId: 0,size=1048576]} | ret=SUCCESS |  
2019-08-20 16:03:54,661 [grpc-default-executor-5] INFO  client.GrpcClientProtocolClient (GrpcClientProtocolClient.java:onNext(255)) - client-EAA342753240->9a4a4c23-9ff3-4ce3-a619-2c71c0869997: receive RaftClientReply:client-EAA342753240->9a4a4c23-9ff3-4ce3-a619-2c71c0869997@group-EC4211DF0353, cid=1283, SUCCESS, logIndex=0, commits[9a4a4c23-9ff3-4ce3-a619-2c71c0869997:c1777, 9b0072ab-15b3-4973-9bcb-7fa02f6bfea9:c1774, 9f215ef2-7d46-4cda-b695-cae1b893f75f:c1774]
2019-08-20 16:03:54,662 | INFO  | DNAudit | user=null | ip=null | op=WRITE_CHUNK {blockData=conID: 2 locID: 102650153182167511 bcsId: 0} | ret=SUCCESS |  
2019-08-20 16:03:54,662 | INFO  | DNAudit | user=null | ip=null | op=PUT_BLOCK {blockData=[blockId=conID: 2 locID: 102650153182167511 bcsId: 0,size=2097152]} | ret=SUCCESS |  
2019-08-20 16:03:54,662 | INFO  | DNAudit | user=null | ip=null | op=WRITE_CHUNK {blockData=conID: 2 locID: 102650153182167511 bcsId: 0} | ret=SUCCESS |  
2019-08-20 16:03:54,663 | INFO  | DNAudit | user=null | ip=null | op=PUT_BLOCK {blockData=[blockId=conID: 2 locID: 102650153182167511 bcsId: 0,size=2097152]} | ret=SUCCESS |  
2019-08-20 16:03:54,667 | INFO  | DNAudit | user=null | ip=null | op=WRITE_CHUNK {blockData=conID: 2 locID: 102650153182167511 bcsId: 1776} | ret=SUCCESS |  
2019-08-20 16:03:54,669 | INFO  | DNAudit | user=null | ip=null | op=WRITE_CHUNK {blockData=conID: 2 locID: 102650153182167511 bcsId: 1776} | ret=SUCCESS |  
2019-08-20 16:03:54,670 | INFO  | DNAudit | user=null | ip=null | op=WRITE_CHUNK {blockData=conID: 2 locID: 102650153182167511 bcsId: 1776} | ret=SUCCESS |  
2019-08-20 16:03:54,673 | INFO  | DNAudit | user=null | ip=null | op=WRITE_CHUNK {blockData=conID: 2 locID: 102650153182167511 bcsId: 1776} | ret=SUCCESS |  
2019-08-20 16:03:54,673 | INFO  | DNAudit | user=null | ip=null | op=PUT_BLOCK {blockData=[blockId=conID: 2 locID: 102650153182167511 bcsId: 0,size=3145728]} | ret=SUCCESS |  
2019-08-20 16:03:54,673 [grpc-default-executor-3] INFO  client.GrpcClientProtocolClient (GrpcClientProtocolClient.java:onNext(255)) - client-EAA342753240->9a4a4c23-9ff3-4ce3-a619-2c71c0869997: receive RaftClientReply:client-EAA342753240->9a4a4c23-9ff3-4ce3-a619-2c71c0869997@group-EC4211DF0353, cid=1284, SUCCESS, logIndex=1781, commits[9a4a4c23-9ff3-4ce3-a619-2c71c0869997:c1782, 9b0072ab-15b3-4973-9bcb-7fa02f6bfea9:c1780, 9f215ef2-7d46-4cda-b695-cae1b893f75f:c1780]
2019-08-20 16:03:54,674 [grpc-default-executor-3] INFO  client.GrpcClientProtocolClient (GrpcClientProtocolClient.java:onNext(255)) - client-EAA342753240->9a4a4c23-9ff3-4ce3-a619-2c71c0869997: receive RaftClientReply:client-EAA342753240->9a4a4c23-9ff3-4ce3-a619-2c71c0869997@group-EC4211DF0353, cid=1285, SUCCESS, logIndex=1782, commits[9a4a4c23-9ff3-4ce3-a619-2c71c0869997:c1782, 9b0072ab-15b3-4973-9bcb-7fa02f6bfea9:c1780, 9f215ef2-7d46-4cda-b695-cae1b893f75f:c1780]
2019-08-20 16:03:54,680 | INFO  | DNAudit | user=null | ip=null | op=WRITE_CHUNK {blockData=conID: 2 locID: 102650153182167511 bcsId: 1782} | ret=SUCCESS |  
2019-08-20 16:03:54,683 | INFO  | DNAudit | user=null | ip=null | op=WRITE_CHUNK {blockData=conID: 2 locID: 102650153182167511 bcsId: 1782} | ret=SUCCESS |  
2019-08-20 16:03:54,683 | INFO  | DNAudit | user=null | ip=null | op=WRITE_CHUNK {blockData=conID: 2 locID: 102650153182167511 bcsId: 1782} | ret=SUCCESS |  
2019-08-20 16:03:54,684 | INFO  | DNAudit | user=null | ip=null | op=WRITE_CHUNK {blockData=conID: 2 locID: 102650153182167511 bcsId: 1776} | ret=SUCCESS |  
2019-08-20 16:03:54,685 | INFO  | DNAudit | user=null | ip=null | op=WRITE_CHUNK {blockData=conID: 2 locID: 102650153182167511 bcsId: 1776} | ret=SUCCESS |  
2019-08-20 16:03:54,686 | INFO  | DNAudit | user=null | ip=null | op=PUT_BLOCK {blockData=[blockId=conID: 2 locID: 102650153182167511 bcsId: 0,size=3145728]} | ret=SUCCESS |  
2019-08-20 16:03:54,686 | INFO  | DNAudit | user=null | ip=null | op=PUT_BLOCK {blockData=[blockId=conID: 2 locID: 102650153182167511 bcsId: 0,size=3145728]} | ret=SUCCESS |  
2019-08-20 16:03:54,686 | INFO  | DNAudit | user=null | ip=null | op=WRITE_CHUNK {blockData=conID: 2 locID: 102650153182167511 bcsId: 1782} | ret=SUCCESS |  
2019-08-20 16:03:54,687 | INFO  | DNAudit | user=null | ip=null | op=PUT_BLOCK {blockData=[blockId=conID: 2 locID: 102650153182167511 bcsId: 0,size=4194304]} | ret=SUCCESS |  
2019-08-20 16:03:54,687 [grpc-default-executor-3] INFO  client.GrpcClientProtocolClient (GrpcClientProtocolClient.java:onNext(255)) - client-EAA342753240->9a4a4c23-9ff3-4ce3-a619-2c71c0869997: receive RaftClientReply:client-EAA342753240->9a4a4c23-9ff3-4ce3-a619-2c71c0869997@group-EC4211DF0353, cid=1286, SUCCESS, logIndex=1785, commits[9a4a4c23-9ff3-4ce3-a619-2c71c0869997:c1786, 9b0072ab-15b3-4973-9bcb-7fa02f6bfea9:c1782, 9f215ef2-7d46-4cda-b695-cae1b893f75f:c1782]
2019-08-20 16:03:54,687 [grpc-default-executor-3] INFO  client.GrpcClientProtocolClient (GrpcClientProtocolClient.java:onNext(255)) - client-EAA342753240->9a4a4c23-9ff3-4ce3-a619-2c71c0869997: receive RaftClientReply:client-EAA342753240->9a4a4c23-9ff3-4ce3-a619-2c71c0869997@group-EC4211DF0353, cid=1287, SUCCESS, logIndex=1786, commits[9a4a4c23-9ff3-4ce3-a619-2c71c0869997:c1786, 9b0072ab-15b3-4973-9bcb-7fa02f6bfea9:c1782, 9f215ef2-7d46-4cda-b695-cae1b893f75f:c1782]
2019-08-20 16:03:54,695 | INFO  | DNAudit | user=null | ip=null | op=WRITE_CHUNK {blockData=conID: 2 locID: 102650153182167511 bcsId: 1782} | ret=SUCCESS |  
2019-08-20 16:03:54,695 | INFO  | DNAudit | user=null | ip=null | op=WRITE_CHUNK {blockData=conID: 2 locID: 102650153182167511 bcsId: 1782} | ret=SUCCESS |  
2019-08-20 16:03:54,696 | INFO  | DNAudit | user=null | ip=null | op=PUT_BLOCK {blockData=[blockId=conID: 2 locID: 102650153182167511 bcsId: 0,size=4194304]} | ret=SUCCESS |  
2019-08-20 16:03:54,696 | INFO  | DNAudit | user=null | ip=null | op=PUT_BLOCK {blockData=[blockId=conID: 2 locID: 102650153182167511 bcsId: 0,size=4194304]} | ret=SUCCESS |  
2019-08-20 16:03:54,696 [grpc-default-executor-3] INFO  client.GrpcClientProtocolClient (GrpcClientProtocolClient.java:onNext(255)) - client-EAA342753240->9a4a4c23-9ff3-4ce3-a619-2c71c0869997: receive RaftClientReply:client-EAA342753240->9a4a4c23-9ff3-4ce3-a619-2c71c0869997@group-EC4211DF0353, cid=1288, SUCCESS, logIndex=0, commits[9a4a4c23-9ff3-4ce3-a619-2c71c0869997:c1788, 9b0072ab-15b3-4973-9bcb-7fa02f6bfea9:c1786, 9f215ef2-7d46-4cda-b695-cae1b893f75f:c1786]
2019-08-20 16:03:54,701 | INFO  | SCMAudit | user=jenkins1000 | ip=192.168.69.96 | op=ALLOCATE_BLOCK {owner=ea4851f9-218c-4af7-91b4-edb777a4888c, size=4194304, type=RATIS, factor=THREE} | ret=SUCCESS |  
2019-08-20 16:03:54,703 | INFO  | OMAudit | user=jenkins1000 | ip=127.0.0.1 | op=ALLOCATE_BLOCK {volume=vol-0-94146, bucket=bucket-0-90789, key=key-0-25609, dataSize=0, replicationType=null, replicationFactor=null, keyLocationInfo=null, clientID=102650152704082322} | ret=SUCCESS |  
2019-08-20 16:03:54,710 | INFO  | DNAudit | user=null | ip=null | op=WRITE_CHUNK {blockData=conID: 3 locID: 102650153186099672 bcsId: 0} | ret=SUCCESS |  
2019-08-20 16:03:54,713 | INFO  | DNAudit | user=null | ip=null | op=WRITE_CHUNK {blockData=conID: 3 locID: 102650153186099672 bcsId: 0} | ret=SUCCESS |  
2019-08-20 16:03:54,713 | INFO  | DNAudit | user=null | ip=null | op=WRITE_CHUNK {blockData=conID: 3 locID: 102650153186099672 bcsId: 0} | ret=SUCCESS |  
2019-08-20 16:03:54,713 | INFO  | DNAudit | user=null | ip=null | op=WRITE_CHUNK {blockData=conID: 3 locID: 102650153186099672 bcsId: 0} | ret=SUCCESS |  
2019-08-20 16:03:54,715 | INFO  | DNAudit | user=null | ip=null | op=WRITE_CHUNK {blockData=conID: 3 locID: 102650153186099672 bcsId: 0} | ret=SUCCESS |  
2019-08-20 16:03:54,715 | INFO  | DNAudit | user=null | ip=null | op=WRITE_CHUNK {blockData=conID: 3 locID: 102650153186099672 bcsId: 0} | ret=SUCCESS |  
2019-08-20 16:03:54,719 | INFO  | DNAudit | user=null | ip=null | op=WRITE_CHUNK {blockData=conID: 3 locID: 102650153186099672 bcsId: 0} | ret=SUCCESS |  
2019-08-20 16:03:54,719 | INFO  | DNAudit | user=null | ip=null | op=PUT_BLOCK {blockData=[blockId=conID: 3 locID: 102650153186099672 bcsId: 0,size=1048576]} | ret=SUCCESS |  
2019-08-20 16:03:54,720 [grpc-default-executor-3] INFO  client.GrpcClientProtocolClient (GrpcClientProtocolClient.java:onNext(255)) - client-EAA342753240->9a4a4c23-9ff3-4ce3-a619-2c71c0869997: receive RaftClientReply:client-EAA342753240->9a4a4c23-9ff3-4ce3-a619-2c71c0869997@group-EC4211DF0353, cid=1289, SUCCESS, logIndex=1789, commits[9a4a4c23-9ff3-4ce3-a619-2c71c0869997:c1790, 9b0072ab-15b3-4973-9bcb-7fa02f6bfea9:c1788, 9f215ef2-7d46-4cda-b695-cae1b893f75f:c1788]
2019-08-20 16:03:54,720 | INFO  | DNAudit | user=null | ip=null | op=WRITE_CHUNK {blockData=conID: 3 locID: 102650153186099672 bcsId: 0} | ret=SUCCESS |  
2019-08-20 16:03:54,720 | INFO  | DNAudit | user=null | ip=null | op=PUT_BLOCK {blockData=[blockId=conID: 3 locID: 102650153186099672 bcsId: 0,size=2097152]} | ret=SUCCESS |  
2019-08-20 16:03:54,720 | INFO  | DNAudit | user=null | ip=null | op=WRITE_CHUNK {blockData=conID: 3 locID: 102650153186099672 bcsId: 0} | ret=SUCCESS |  
2019-08-20 16:03:54,720 [grpc-default-executor-3] INFO  client.GrpcClientProtocolClient (GrpcClientProtocolClient.java:onNext(255)) - client-EAA342753240->9a4a4c23-9ff3-4ce3-a619-2c71c0869997: receive RaftClientReply:client-EAA342753240->9a4a4c23-9ff3-4ce3-a619-2c71c0869997@group-EC4211DF0353, cid=1290, SUCCESS, logIndex=1790, commits[9a4a4c23-9ff3-4ce3-a619-2c71c0869997:c1792, 9b0072ab-15b3-4973-9bcb-7fa02f6bfea9:c1788, 9f215ef2-7d46-4cda-b695-cae1b893f75f:c1788]
2019-08-20 16:03:54,721 [grpc-default-executor-3] INFO  client.GrpcClientProtocolClient (GrpcClientProtocolClient.java:onNext(255)) - client-EAA342753240->9a4a4c23-9ff3-4ce3-a619-2c71c0869997: receive RaftClientReply:client-EAA342753240->9a4a4c23-9ff3-4ce3-a619-2c71c0869997@group-EC4211DF0353, cid=1291, SUCCESS, logIndex=1791, commits[9a4a4c23-9ff3-4ce3-a619-2c71c0869997:c1792, 9b0072ab-15b3-4973-9bcb-7fa02f6bfea9:c1788, 9f215ef2-7d46-4cda-b695-cae1b893f75f:c1788]
2019-08-20 16:03:54,721 | INFO  | DNAudit | user=null | ip=null | op=WRITE_CHUNK {blockData=conID: 3 locID: 102650153186099672 bcsId: 0} | ret=SUCCESS |  
2019-08-20 16:03:54,721 [grpc-default-executor-3] INFO  client.GrpcClientProtocolClient (GrpcClientProtocolClient.java:onNext(255)) - client-EAA342753240->9a4a4c23-9ff3-4ce3-a619-2c71c0869997: receive RaftClientReply:client-EAA342753240->9a4a4c23-9ff3-4ce3-a619-2c71c0869997@group-EC4211DF0353, cid=1292, SUCCESS, logIndex=1792, commits[9a4a4c23-9ff3-4ce3-a619-2c71c0869997:c1792, 9b0072ab-15b3-4973-9bcb-7fa02f6bfea9:c1788, 9f215ef2-7d46-4cda-b695-cae1b893f75f:c1788]
2019-08-20 16:03:54,721 | INFO  | DNAudit | user=null | ip=null | op=PUT_BLOCK {blockData=[blockId=conID: 3 locID: 102650153186099672 bcsId: 0,size=1048576]} | ret=SUCCESS |  
2019-08-20 16:03:54,722 | INFO  | DNAudit | user=null | ip=null | op=PUT_BLOCK {blockData=[blockId=conID: 3 locID: 102650153186099672 bcsId: 0,size=1048576]} | ret=SUCCESS |  
2019-08-20 16:03:54,722 | INFO  | DNAudit | user=null | ip=null | op=WRITE_CHUNK {blockData=conID: 3 locID: 102650153186099672 bcsId: 0} | ret=SUCCESS |  
2019-08-20 16:03:54,723 | INFO  | DNAudit | user=null | ip=null | op=PUT_BLOCK {blockData=[blockId=conID: 3 locID: 102650153186099672 bcsId: 0,size=2097152]} | ret=SUCCESS |  
2019-08-20 16:03:54,723 | INFO  | DNAudit | user=null | ip=null | op=WRITE_CHUNK {blockData=conID: 3 locID: 102650153186099672 bcsId: 0} | ret=SUCCESS |  
2019-08-20 16:03:54,723 [grpc-default-executor-3] INFO  client.GrpcClientProtocolClient (GrpcClientProtocolClient.java:onNext(255)) - client-EAA342753240->9a4a4c23-9ff3-4ce3-a619-2c71c0869997: receive RaftClientReply:client-EAA342753240->9a4a4c23-9ff3-4ce3-a619-2c71c0869997@group-EC4211DF0353, cid=1293, SUCCESS, logIndex=0, commits[9a4a4c23-9ff3-4ce3-a619-2c71c0869997:c1794, 9b0072ab-15b3-4973-9bcb-7fa02f6bfea9:c1790, 9f215ef2-7d46-4cda-b695-cae1b893f75f:c1790]
2019-08-20 16:03:54,723 | INFO  | DNAudit | user=null | ip=null | op=PUT_BLOCK {blockData=[blockId=conID: 3 locID: 102650153186099672 bcsId: 0,size=2097152]} | ret=SUCCESS |  
2019-08-20 16:03:54,729 | INFO  | DNAudit | user=null | ip=null | op=WRITE_CHUNK {blockData=conID: 3 locID: 102650153186099672 bcsId: 1792} | ret=SUCCESS |  
2019-08-20 16:03:54,731 | INFO  | DNAudit | user=null | ip=null | op=WRITE_CHUNK {blockData=conID: 3 locID: 102650153186099672 bcsId: 1792} | ret=SUCCESS |  
2019-08-20 16:03:54,731 | INFO  | DNAudit | user=null | ip=null | op=WRITE_CHUNK {blockData=conID: 3 locID: 102650153186099672 bcsId: 1792} | ret=SUCCESS |  
2019-08-20 16:03:54,740 | INFO  | DNAudit | user=null | ip=null | op=WRITE_CHUNK {blockData=conID: 3 locID: 102650153186099672 bcsId: 1792} | ret=SUCCESS |  
2019-08-20 16:03:54,741 | INFO  | DNAudit | user=null | ip=null | op=PUT_BLOCK {blockData=[blockId=conID: 3 locID: 102650153186099672 bcsId: 0,size=3145728]} | ret=SUCCESS |  
2019-08-20 16:03:54,741 [grpc-default-executor-3] INFO  client.GrpcClientProtocolClient (GrpcClientProtocolClient.java:onNext(255)) - client-EAA342753240->9a4a4c23-9ff3-4ce3-a619-2c71c0869997: receive RaftClientReply:client-EAA342753240->9a4a4c23-9ff3-4ce3-a619-2c71c0869997@group-EC4211DF0353, cid=1294, SUCCESS, logIndex=1796, commits[9a4a4c23-9ff3-4ce3-a619-2c71c0869997:c1797, 9b0072ab-15b3-4973-9bcb-7fa02f6bfea9:c1795, 9f215ef2-7d46-4cda-b695-cae1b893f75f:c1795]
2019-08-20 16:03:54,741 [grpc-default-executor-3] INFO  client.GrpcClientProtocolClient (GrpcClientProtocolClient.java:onNext(255)) - client-EAA342753240->9a4a4c23-9ff3-4ce3-a619-2c71c0869997: receive RaftClientReply:client-EAA342753240->9a4a4c23-9ff3-4ce3-a619-2c71c0869997@group-EC4211DF0353, cid=1295, SUCCESS, logIndex=1797, commits[9a4a4c23-9ff3-4ce3-a619-2c71c0869997:c1797, 9b0072ab-15b3-4973-9bcb-7fa02f6bfea9:c1795, 9f215ef2-7d46-4cda-b695-cae1b893f75f:c1795]
2019-08-20 16:03:54,746 | INFO  | DNAudit | user=null | ip=null | op=WRITE_CHUNK {blockData=conID: 3 locID: 102650153186099672 bcsId: 1792} | ret=SUCCESS |  
2019-08-20 16:03:54,746 | INFO  | DNAudit | user=null | ip=null | op=WRITE_CHUNK {blockData=conID: 3 locID: 102650153186099672 bcsId: 1792} | ret=SUCCESS |  
2019-08-20 16:03:54,746 | INFO  | DNAudit | user=null | ip=null | op=PUT_BLOCK {blockData=[blockId=conID: 3 locID: 102650153186099672 bcsId: 0,size=3145728]} | ret=SUCCESS |  
2019-08-20 16:03:54,746 | INFO  | DNAudit | user=null | ip=null | op=PUT_BLOCK {blockData=[blockId=conID: 3 locID: 102650153186099672 bcsId: 0,size=3145728]} | ret=SUCCESS |  
2019-08-20 16:03:54,747 | INFO  | DNAudit | user=null | ip=null | op=WRITE_CHUNK {blockData=conID: 3 locID: 102650153186099672 bcsId: 1797} | ret=SUCCESS |  
2019-08-20 16:03:54,749 | INFO  | DNAudit | user=null | ip=null | op=WRITE_CHUNK {blockData=conID: 3 locID: 102650153186099672 bcsId: 1797} | ret=SUCCESS |  
2019-08-20 16:03:54,750 | INFO  | DNAudit | user=null | ip=null | op=WRITE_CHUNK {blockData=conID: 3 locID: 102650153186099672 bcsId: 1797} | ret=SUCCESS |  
2019-08-20 16:03:54,755 | INFO  | DNAudit | user=null | ip=null | op=WRITE_CHUNK {blockData=conID: 3 locID: 102650153186099672 bcsId: 1797} | ret=SUCCESS |  
2019-08-20 16:03:54,755 | INFO  | DNAudit | user=null | ip=null | op=PUT_BLOCK {blockData=[blockId=conID: 3 locID: 102650153186099672 bcsId: 0,size=4194304]} | ret=SUCCESS |  
2019-08-20 16:03:54,755 [grpc-default-executor-0] INFO  client.GrpcClientProtocolClient (GrpcClientProtocolClient.java:onNext(255)) - client-EAA342753240->9a4a4c23-9ff3-4ce3-a619-2c71c0869997: receive RaftClientReply:client-EAA342753240->9a4a4c23-9ff3-4ce3-a619-2c71c0869997@group-EC4211DF0353, cid=1296, SUCCESS, logIndex=1800, commits[9a4a4c23-9ff3-4ce3-a619-2c71c0869997:c1801, 9b0072ab-15b3-4973-9bcb-7fa02f6bfea9:c1797, 9f215ef2-7d46-4cda-b695-cae1b893f75f:c1798]
2019-08-20 16:03:54,755 [grpc-default-executor-0] INFO  client.GrpcClientProtocolClient (GrpcClientProtocolClient.java:onNext(255)) - client-EAA342753240->9a4a4c23-9ff3-4ce3-a619-2c71c0869997: receive RaftClientReply:client-EAA342753240->9a4a4c23-9ff3-4ce3-a619-2c71c0869997@group-EC4211DF0353, cid=1297, SUCCESS, logIndex=1801, commits[9a4a4c23-9ff3-4ce3-a619-2c71c0869997:c1801, 9b0072ab-15b3-4973-9bcb-7fa02f6bfea9:c1797, 9f215ef2-7d46-4cda-b695-cae1b893f75f:c1798]
2019-08-20 16:03:54,756 | INFO  | DNAudit | user=null | ip=null | op=WRITE_CHUNK {blockData=conID: 3 locID: 102650153186099672 bcsId: 1797} | ret=SUCCESS |  
2019-08-20 16:03:54,756 | INFO  | DNAudit | user=null | ip=null | op=PUT_BLOCK {blockData=[blockId=conID: 3 locID: 102650153186099672 bcsId: 0,size=4194304]} | ret=SUCCESS |  
2019-08-20 16:03:54,757 | INFO  | DNAudit | user=null | ip=null | op=WRITE_CHUNK {blockData=conID: 3 locID: 102650153186099672 bcsId: 1797} | ret=SUCCESS |  
2019-08-20 16:03:54,757 | INFO  | DNAudit | user=null | ip=null | op=PUT_BLOCK {blockData=[blockId=conID: 3 locID: 102650153186099672 bcsId: 0,size=4194304]} | ret=SUCCESS |  
2019-08-20 16:03:54,757 [grpc-default-executor-3] INFO  client.GrpcClientProtocolClient (GrpcClientProtocolClient.java:onNext(255)) - client-EAA342753240->9a4a4c23-9ff3-4ce3-a619-2c71c0869997: receive RaftClientReply:client-EAA342753240->9a4a4c23-9ff3-4ce3-a619-2c71c0869997@group-EC4211DF0353, cid=1298, SUCCESS, logIndex=0, commits[9a4a4c23-9ff3-4ce3-a619-2c71c0869997:c1802, 9b0072ab-15b3-4973-9bcb-7fa02f6bfea9:c1801, 9f215ef2-7d46-4cda-b695-cae1b893f75f:c1801]
2019-08-20 16:03:54,762 | INFO  | SCMAudit | user=jenkins1000 | ip=192.168.69.96 | op=ALLOCATE_BLOCK {owner=ea4851f9-218c-4af7-91b4-edb777a4888c, size=4194304, type=RATIS, factor=THREE} | ret=SUCCESS |  
2019-08-20 16:03:54,764 | INFO  | OMAudit | user=jenkins1000 | ip=127.0.0.1 | op=ALLOCATE_BLOCK {volume=vol-0-94146, bucket=bucket-0-90789, key=key-0-25609, dataSize=0, replicationType=null, replicationFactor=null, keyLocationInfo=null, clientID=102650152704082322} | ret=SUCCESS |  
2019-08-20 16:03:54,771 | INFO  | DNAudit | user=null | ip=null | op=WRITE_CHUNK {blockData=conID: 1 locID: 102650153190162905 bcsId: 0} | ret=SUCCESS |  
2019-08-20 16:03:54,773 | INFO  | DNAudit | user=null | ip=null | op=WRITE_CHUNK {blockData=conID: 1 locID: 102650153190162905 bcsId: 0} | ret=SUCCESS |  
2019-08-20 16:03:54,774 | INFO  | DNAudit | user=null | ip=null | op=WRITE_CHUNK {blockData=conID: 1 locID: 102650153190162905 bcsId: 0} | ret=SUCCESS |  
2019-08-20 16:03:54,774 | INFO  | DNAudit | user=null | ip=null | op=WRITE_CHUNK {blockData=conID: 1 locID: 102650153190162905 bcsId: 0} | ret=SUCCESS |  
2019-08-20 16:03:54,775 | INFO  | DNAudit | user=null | ip=null | op=WRITE_CHUNK {blockData=conID: 1 locID: 102650153190162905 bcsId: 0} | ret=SUCCESS |  
2019-08-20 16:03:54,775 | INFO  | DNAudit | user=null | ip=null | op=WRITE_CHUNK {blockData=conID: 1 locID: 102650153190162905 bcsId: 0} | ret=SUCCESS |  
2019-08-20 16:03:54,841 | INFO  | DNAudit | user=null | ip=null | op=WRITE_CHUNK {blockData=conID: 1 locID: 102650153190162905 bcsId: 0} | ret=SUCCESS |  
2019-08-20 16:03:54,842 | INFO  | DNAudit | user=null | ip=null | op=PUT_BLOCK {blockData=[blockId=conID: 1 locID: 102650153190162905 bcsId: 0,size=1048576]} | ret=SUCCESS |  
2019-08-20 16:03:54,842 [grpc-default-executor-6] INFO  client.GrpcClientProtocolClient (GrpcClientProtocolClient.java:onNext(255)) - client-EAA342753240->9a4a4c23-9ff3-4ce3-a619-2c71c0869997: receive RaftClientReply:client-EAA342753240->9a4a4c23-9ff3-4ce3-a619-2c71c0869997@group-EC4211DF0353, cid=1299, SUCCESS, logIndex=1804, commits[9a4a4c23-9ff3-4ce3-a619-2c71c0869997:c1805, 9b0072ab-15b3-4973-9bcb-7fa02f6bfea9:c1803, 9f215ef2-7d46-4cda-b695-cae1b893f75f:c1803]
2019-08-20 16:03:54,843 [grpc-default-executor-6] INFO  client.GrpcClientProtocolClient (GrpcClientProtocolClient.java:onNext(255)) - client-EAA342753240->9a4a4c23-9ff3-4ce3-a619-2c71c0869997: receive RaftClientReply:client-EAA342753240->9a4a4c23-9ff3-4ce3-a619-2c71c0869997@group-EC4211DF0353, cid=1300, SUCCESS, logIndex=1805, commits[9a4a4c23-9ff3-4ce3-a619-2c71c0869997:c1805, 9b0072ab-15b3-4973-9bcb-7fa02f6bfea9:c1803, 9f215ef2-7d46-4cda-b695-cae1b893f75f:c1803]
2019-08-20 16:03:54,852 | INFO  | DNAudit | user=null | ip=null | op=WRITE_CHUNK {blockData=conID: 1 locID: 102650153190162905 bcsId: 0} | ret=SUCCESS |  
2019-08-20 16:03:54,852 | INFO  | DNAudit | user=null | ip=null | op=PUT_BLOCK {blockData=[blockId=conID: 1 locID: 102650153190162905 bcsId: 0,size=2097152]} | ret=SUCCESS |  
2019-08-20 16:03:54,852 [grpc-default-executor-6] INFO  client.GrpcClientProtocolClient (GrpcClientProtocolClient.java:onNext(255)) - client-EAA342753240->9a4a4c23-9ff3-4ce3-a619-2c71c0869997: receive RaftClientReply:client-EAA342753240->9a4a4c23-9ff3-4ce3-a619-2c71c0869997@group-EC4211DF0353, cid=1301, SUCCESS, logIndex=1806, commits[9a4a4c23-9ff3-4ce3-a619-2c71c0869997:c1807, 9b0072ab-15b3-4973-9bcb-7fa02f6bfea9:c1803, 9f215ef2-7d46-4cda-b695-cae1b893f75f:c1803]
2019-08-20 16:03:54,853 | INFO  | DNAudit | user=null | ip=null | op=WRITE_CHUNK {blockData=conID: 1 locID: 102650153190162905 bcsId: 0} | ret=SUCCESS |  
2019-08-20 16:03:54,853 | INFO  | DNAudit | user=null | ip=null | op=WRITE_CHUNK {blockData=conID: 1 locID: 102650153190162905 bcsId: 0} | ret=SUCCESS |  
2019-08-20 16:03:54,853 [grpc-default-executor-3] INFO  client.GrpcClientProtocolClient (GrpcClientProtocolClient.java:onNext(255)) - client-EAA342753240->9a4a4c23-9ff3-4ce3-a619-2c71c0869997: receive RaftClientReply:client-EAA342753240->9a4a4c23-9ff3-4ce3-a619-2c71c0869997@group-EC4211DF0353, cid=1302, SUCCESS, logIndex=1807, commits[9a4a4c23-9ff3-4ce3-a619-2c71c0869997:c1807, 9b0072ab-15b3-4973-9bcb-7fa02f6bfea9:c1803, 9f215ef2-7d46-4cda-b695-cae1b893f75f:c1803]
2019-08-20 16:03:54,853 | INFO  | DNAudit | user=null | ip=null | op=PUT_BLOCK {blockData=[blockId=conID: 1 locID: 102650153190162905 bcsId: 0,size=1048576]} | ret=SUCCESS |  
2019-08-20 16:03:54,854 | INFO  | DNAudit | user=null | ip=null | op=PUT_BLOCK {blockData=[blockId=conID: 1 locID: 102650153190162905 bcsId: 0,size=1048576]} | ret=SUCCESS |  
2019-08-20 16:03:54,855 [grpc-default-executor-6] INFO  client.GrpcClientProtocolClient (GrpcClientProtocolClient.java:onNext(255)) - client-EAA342753240->9a4a4c23-9ff3-4ce3-a619-2c71c0869997: receive RaftClientReply:client-EAA342753240->9a4a4c23-9ff3-4ce3-a619-2c71c0869997@group-EC4211DF0353, cid=1303, SUCCESS, logIndex=0, commits[9a4a4c23-9ff3-4ce3-a619-2c71c0869997:c1808, 9b0072ab-15b3-4973-9bcb-7fa02f6bfea9:c1805, 9f215ef2-7d46-4cda-b695-cae1b893f75f:c1805]
2019-08-20 16:03:54,863 | INFO  | DNAudit | user=null | ip=null | op=WRITE_CHUNK {blockData=conID: 1 locID: 102650153190162905 bcsId: 1807} | ret=SUCCESS |  
2019-08-20 16:03:54,866 | INFO  | DNAudit | user=null | ip=null | op=WRITE_CHUNK {blockData=conID: 1 locID: 102650153190162905 bcsId: 1807} | ret=SUCCESS |  
2019-08-20 16:03:54,866 | INFO  | DNAudit | user=null | ip=null | op=WRITE_CHUNK {blockData=conID: 1 locID: 102650153190162905 bcsId: 1807} | ret=SUCCESS |  
2019-08-20 16:03:54,870 | INFO  | DNAudit | user=null | ip=null | op=WRITE_CHUNK {blockData=conID: 1 locID: 102650153190162905 bcsId: 0} | ret=SUCCESS |  
2019-08-20 16:03:54,870 | INFO  | DNAudit | user=null | ip=null | op=WRITE_CHUNK {blockData=conID: 1 locID: 102650153190162905 bcsId: 0} | ret=SUCCESS |  
2019-08-20 16:03:54,870 | INFO  | DNAudit | user=null | ip=null | op=WRITE_CHUNK {blockData=conID: 1 locID: 102650153190162905 bcsId: 1807} | ret=SUCCESS |  
2019-08-20 16:03:54,870 | INFO  | DNAudit | user=null | ip=null | op=PUT_BLOCK {blockData=[blockId=conID: 1 locID: 102650153190162905 bcsId: 0,size=2097152]} | ret=SUCCESS |  
2019-08-20 16:03:54,870 | INFO  | DNAudit | user=null | ip=null | op=PUT_BLOCK {blockData=[blockId=conID: 1 locID: 102650153190162905 bcsId: 0,size=2097152]} | ret=SUCCESS |  
2019-08-20 16:03:54,870 | INFO  | DNAudit | user=null | ip=null | op=PUT_BLOCK {blockData=[blockId=conID: 1 locID: 102650153190162905 bcsId: 0,size=3145728]} | ret=SUCCESS |  
2019-08-20 16:03:54,870 [grpc-default-executor-0] INFO  client.GrpcClientProtocolClient (GrpcClientProtocolClient.java:onNext(255)) - client-EAA342753240->9a4a4c23-9ff3-4ce3-a619-2c71c0869997: receive RaftClientReply:client-EAA342753240->9a4a4c23-9ff3-4ce3-a619-2c71c0869997@group-EC4211DF0353, cid=1304, SUCCESS, logIndex=1812, commits[9a4a4c23-9ff3-4ce3-a619-2c71c0869997:c1813, 9b0072ab-15b3-4973-9bcb-7fa02f6bfea9:c1811, 9f215ef2-7d46-4cda-b695-cae1b893f75f:c1811]
2019-08-20 16:03:54,871 [grpc-default-executor-0] INFO  client.GrpcClientProtocolClient (GrpcClientProtocolClient.java:onNext(255)) - client-EAA342753240->9a4a4c23-9ff3-4ce3-a619-2c71c0869997: receive RaftClientReply:client-EAA342753240->9a4a4c23-9ff3-4ce3-a619-2c71c0869997@group-EC4211DF0353, cid=1305, SUCCESS, logIndex=1813, commits[9a4a4c23-9ff3-4ce3-a619-2c71c0869997:c1813, 9b0072ab-15b3-4973-9bcb-7fa02f6bfea9:c1811, 9f215ef2-7d46-4cda-b695-cae1b893f75f:c1811]
2019-08-20 16:03:54,875 | INFO  | DNAudit | user=null | ip=null | op=WRITE_CHUNK {blockData=conID: 1 locID: 102650153190162905 bcsId: 1807} | ret=SUCCESS |  
2019-08-20 16:03:54,875 | INFO  | DNAudit | user=null | ip=null | op=WRITE_CHUNK {blockData=conID: 1 locID: 102650153190162905 bcsId: 1807} | ret=SUCCESS |  
2019-08-20 16:03:54,876 | INFO  | DNAudit | user=null | ip=null | op=PUT_BLOCK {blockData=[blockId=conID: 1 locID: 102650153190162905 bcsId: 0,size=3145728]} | ret=SUCCESS |  
2019-08-20 16:03:54,876 | INFO  | DNAudit | user=null | ip=null | op=PUT_BLOCK {blockData=[blockId=conID: 1 locID: 102650153190162905 bcsId: 0,size=3145728]} | ret=SUCCESS |  
2019-08-20 16:03:54,878 | INFO  | DNAudit | user=null | ip=null | op=WRITE_CHUNK {blockData=conID: 1 locID: 102650153190162905 bcsId: 1813} | ret=SUCCESS |  
2019-08-20 16:03:54,880 | INFO  | DNAudit | user=null | ip=null | op=WRITE_CHUNK {blockData=conID: 1 locID: 102650153190162905 bcsId: 1813} | ret=SUCCESS |  
2019-08-20 16:03:54,881 | INFO  | DNAudit | user=null | ip=null | op=WRITE_CHUNK {blockData=conID: 1 locID: 102650153190162905 bcsId: 1813} | ret=SUCCESS |  
2019-08-20 16:03:54,892 | INFO  | DNAudit | user=null | ip=null | op=WRITE_CHUNK {blockData=conID: 1 locID: 102650153190162905 bcsId: 1813} | ret=SUCCESS |  
2019-08-20 16:03:54,893 | INFO  | DNAudit | user=null | ip=null | op=PUT_BLOCK {blockData=[blockId=conID: 1 locID: 102650153190162905 bcsId: 0,size=4194304]} | ret=SUCCESS |  
2019-08-20 16:03:54,893 [grpc-default-executor-0] INFO  client.GrpcClientProtocolClient (GrpcClientProtocolClient.java:onNext(255)) - client-EAA342753240->9a4a4c23-9ff3-4ce3-a619-2c71c0869997: receive RaftClientReply:client-EAA342753240->9a4a4c23-9ff3-4ce3-a619-2c71c0869997@group-EC4211DF0353, cid=1306, SUCCESS, logIndex=1816, commits[9a4a4c23-9ff3-4ce3-a619-2c71c0869997:c1817, 9b0072ab-15b3-4973-9bcb-7fa02f6bfea9:c1815, 9f215ef2-7d46-4cda-b695-cae1b893f75f:c1815]
2019-08-20 16:03:54,893 [grpc-default-executor-0] INFO  client.GrpcClientProtocolClient (GrpcClientProtocolClient.java:onNext(255)) - client-EAA342753240->9a4a4c23-9ff3-4ce3-a619-2c71c0869997: receive RaftClientReply:client-EAA342753240->9a4a4c23-9ff3-4ce3-a619-2c71c0869997@group-EC4211DF0353, cid=1307, SUCCESS, logIndex=1817, commits[9a4a4c23-9ff3-4ce3-a619-2c71c0869997:c1817, 9b0072ab-15b3-4973-9bcb-7fa02f6bfea9:c1815, 9f215ef2-7d46-4cda-b695-cae1b893f75f:c1815]
2019-08-20 16:03:54,953 | INFO  | DNAudit | user=null | ip=null | op=WRITE_CHUNK {blockData=conID: 1 locID: 102650153190162905 bcsId: 1813} | ret=SUCCESS |  
2019-08-20 16:03:54,954 | INFO  | DNAudit | user=null | ip=null | op=WRITE_CHUNK {blockData=conID: 1 locID: 102650153190162905 bcsId: 1813} | ret=SUCCESS |  
2019-08-20 16:03:54,955 | INFO  | DNAudit | user=null | ip=null | op=PUT_BLOCK {blockData=[blockId=conID: 1 locID: 102650153190162905 bcsId: 0,size=4194304]} | ret=SUCCESS |  
2019-08-20 16:03:54,955 | INFO  | DNAudit | user=null | ip=null | op=PUT_BLOCK {blockData=[blockId=conID: 1 locID: 102650153190162905 bcsId: 0,size=4194304]} | ret=SUCCESS |  
2019-08-20 16:03:54,955 [grpc-default-executor-6] INFO  client.GrpcClientProtocolClient (GrpcClientProtocolClient.java:onNext(255)) - client-EAA342753240->9a4a4c23-9ff3-4ce3-a619-2c71c0869997: receive RaftClientReply:client-EAA342753240->9a4a4c23-9ff3-4ce3-a619-2c71c0869997@group-EC4211DF0353, cid=1308, SUCCESS, logIndex=0, commits[9a4a4c23-9ff3-4ce3-a619-2c71c0869997:c1819, 9b0072ab-15b3-4973-9bcb-7fa02f6bfea9:c1817, 9f215ef2-7d46-4cda-b695-cae1b893f75f:c1817]
2019-08-20 16:03:54,961 | INFO  | SCMAudit | user=jenkins1000 | ip=192.168.69.96 | op=ALLOCATE_BLOCK {owner=ea4851f9-218c-4af7-91b4-edb777a4888c, size=4194304, type=RATIS, factor=THREE} | ret=SUCCESS |  
2019-08-20 16:03:54,965 | INFO  | OMAudit | user=jenkins1000 | ip=127.0.0.1 | op=ALLOCATE_BLOCK {volume=vol-0-94146, bucket=bucket-0-90789, key=key-0-25609, dataSize=0, replicationType=null, replicationFactor=null, keyLocationInfo=null, clientID=102650152704082322} | ret=SUCCESS |  
2019-08-20 16:03:54,974 | INFO  | DNAudit | user=null | ip=null | op=WRITE_CHUNK {blockData=conID: 2 locID: 102650153203204570 bcsId: 0} | ret=SUCCESS |  
2019-08-20 16:03:55,082 | INFO  | DNAudit | user=null | ip=null | op=WRITE_CHUNK {blockData=conID: 2 locID: 102650153203204570 bcsId: 0} | ret=SUCCESS |  
2019-08-20 16:03:55,082 | INFO  | DNAudit | user=null | ip=null | op=WRITE_CHUNK {blockData=conID: 2 locID: 102650153203204570 bcsId: 0} | ret=SUCCESS |  
2019-08-20 16:03:55,082 | INFO  | DNAudit | user=null | ip=null | op=WRITE_CHUNK {blockData=conID: 2 locID: 102650153203204570 bcsId: 0} | ret=SUCCESS |  
2019-08-20 16:03:55,084 | INFO  | DNAudit | user=null | ip=null | op=WRITE_CHUNK {blockData=conID: 2 locID: 102650153203204570 bcsId: 0} | ret=SUCCESS |  
2019-08-20 16:03:55,084 | INFO  | DNAudit | user=null | ip=null | op=WRITE_CHUNK {blockData=conID: 2 locID: 102650153203204570 bcsId: 0} | ret=SUCCESS |  
2019-08-20 16:03:55,087 | INFO  | SCMAudit | user=jenkins1000 | ip=192.168.69.96 | op=SEND_HEARTBEAT {datanodeUUID=69f203df-fb09-400b-ac11-cd7a56dd70a5, command=[]} | ret=SUCCESS |  
2019-08-20 16:03:55,092 | INFO  | DNAudit | user=null | ip=null | op=WRITE_CHUNK {blockData=conID: 2 locID: 102650153203204570 bcsId: 0} | ret=SUCCESS |  
2019-08-20 16:03:55,093 | INFO  | DNAudit | user=null | ip=null | op=PUT_BLOCK {blockData=[blockId=conID: 2 locID: 102650153203204570 bcsId: 0,size=1048576]} | ret=SUCCESS |  
2019-08-20 16:03:55,093 [grpc-default-executor-6] INFO  client.GrpcClientProtocolClient (GrpcClientProtocolClient.java:onNext(255)) - client-EAA342753240->9a4a4c23-9ff3-4ce3-a619-2c71c0869997: receive RaftClientReply:client-EAA342753240->9a4a4c23-9ff3-4ce3-a619-2c71c0869997@group-EC4211DF0353, cid=1309, SUCCESS, logIndex=1820, commits[9a4a4c23-9ff3-4ce3-a619-2c71c0869997:c1821, 9b0072ab-15b3-4973-9bcb-7fa02f6bfea9:c1819, 9f215ef2-7d46-4cda-b695-cae1b893f75f:c1819]
2019-08-20 16:03:55,093 | INFO  | DNAudit | user=null | ip=null | op=WRITE_CHUNK {blockData=conID: 2 locID: 102650153203204570 bcsId: 0} | ret=SUCCESS |  
2019-08-20 16:03:55,094 | INFO  | DNAudit | user=null | ip=null | op=PUT_BLOCK {blockData=[blockId=conID: 2 locID: 102650153203204570 bcsId: 0,size=2097152]} | ret=SUCCESS |  
2019-08-20 16:03:55,094 [grpc-default-executor-6] INFO  client.GrpcClientProtocolClient (GrpcClientProtocolClient.java:onNext(255)) - client-EAA342753240->9a4a4c23-9ff3-4ce3-a619-2c71c0869997: receive RaftClientReply:client-EAA342753240->9a4a4c23-9ff3-4ce3-a619-2c71c0869997@group-EC4211DF0353, cid=1310, SUCCESS, logIndex=1821, commits[9a4a4c23-9ff3-4ce3-a619-2c71c0869997:c1821, 9b0072ab-15b3-4973-9bcb-7fa02f6bfea9:c1819, 9f215ef2-7d46-4cda-b695-cae1b893f75f:c1819]
2019-08-20 16:03:55,094 [grpc-default-executor-6] INFO  client.GrpcClientProtocolClient (GrpcClientProtocolClient.java:onNext(255)) - client-EAA342753240->9a4a4c23-9ff3-4ce3-a619-2c71c0869997: receive RaftClientReply:client-EAA342753240->9a4a4c23-9ff3-4ce3-a619-2c71c0869997@group-EC4211DF0353, cid=1311, SUCCESS, logIndex=1822, commits[9a4a4c23-9ff3-4ce3-a619-2c71c0869997:c1823, 9b0072ab-15b3-4973-9bcb-7fa02f6bfea9:c1819, 9f215ef2-7d46-4cda-b695-cae1b893f75f:c1819]
2019-08-20 16:03:55,094 | INFO  | DNAudit | user=null | ip=null | op=WRITE_CHUNK {blockData=conID: 2 locID: 102650153203204570 bcsId: 0} | ret=SUCCESS |  
2019-08-20 16:03:55,095 | INFO  | DNAudit | user=null | ip=null | op=PUT_BLOCK {blockData=[blockId=conID: 2 locID: 102650153203204570 bcsId: 0,size=1048576]} | ret=SUCCESS |  
2019-08-20 16:03:55,095 [grpc-default-executor-0] INFO  client.GrpcClientProtocolClient (GrpcClientProtocolClient.java:onNext(255)) - client-EAA342753240->9a4a4c23-9ff3-4ce3-a619-2c71c0869997: receive RaftClientReply:client-EAA342753240->9a4a4c23-9ff3-4ce3-a619-2c71c0869997@group-EC4211DF0353, cid=1312, SUCCESS, logIndex=1823, commits[9a4a4c23-9ff3-4ce3-a619-2c71c0869997:c1823, 9b0072ab-15b3-4973-9bcb-7fa02f6bfea9:c1819, 9f215ef2-7d46-4cda-b695-cae1b893f75f:c1819]
2019-08-20 16:03:55,095 | INFO  | DNAudit | user=null | ip=null | op=WRITE_CHUNK {blockData=conID: 2 locID: 102650153203204570 bcsId: 0} | ret=SUCCESS |  
2019-08-20 16:03:55,095 | INFO  | DNAudit | user=null | ip=null | op=PUT_BLOCK {blockData=[blockId=conID: 2 locID: 102650153203204570 bcsId: 0,size=1048576]} | ret=SUCCESS |  
2019-08-20 16:03:55,095 | INFO  | DNAudit | user=null | ip=null | op=WRITE_CHUNK {blockData=conID: 2 locID: 102650153203204570 bcsId: 0} | ret=SUCCESS |  
2019-08-20 16:03:55,096 | INFO  | DNAudit | user=null | ip=null | op=WRITE_CHUNK {blockData=conID: 2 locID: 102650153203204570 bcsId: 0} | ret=SUCCESS |  
2019-08-20 16:03:55,096 | INFO  | DNAudit | user=null | ip=null | op=PUT_BLOCK {blockData=[blockId=conID: 2 locID: 102650153203204570 bcsId: 0,size=2097152]} | ret=SUCCESS |  
2019-08-20 16:03:55,096 [grpc-default-executor-3] INFO  client.GrpcClientProtocolClient (GrpcClientProtocolClient.java:onNext(255)) - client-EAA342753240->9a4a4c23-9ff3-4ce3-a619-2c71c0869997: receive RaftClientReply:client-EAA342753240->9a4a4c23-9ff3-4ce3-a619-2c71c0869997@group-EC4211DF0353, cid=1313, SUCCESS, logIndex=0, commits[9a4a4c23-9ff3-4ce3-a619-2c71c0869997:c1826, 9b0072ab-15b3-4973-9bcb-7fa02f6bfea9:c1822, 9f215ef2-7d46-4cda-b695-cae1b893f75f:c1821]
2019-08-20 16:03:55,096 | INFO  | DNAudit | user=null | ip=null | op=PUT_BLOCK {blockData=[blockId=conID: 2 locID: 102650153203204570 bcsId: 0,size=2097152]} | ret=SUCCESS |  
2019-08-20 16:03:55,103 | INFO  | DNAudit | user=null | ip=null | op=WRITE_CHUNK {blockData=conID: 2 locID: 102650153203204570 bcsId: 1823} | ret=SUCCESS |  
2019-08-20 16:03:55,106 | INFO  | DNAudit | user=null | ip=null | op=WRITE_CHUNK {blockData=conID: 2 locID: 102650153203204570 bcsId: 1823} | ret=SUCCESS |  
2019-08-20 16:03:55,106 | INFO  | DNAudit | user=null | ip=null | op=WRITE_CHUNK {blockData=conID: 2 locID: 102650153203204570 bcsId: 1823} | ret=SUCCESS |  
2019-08-20 16:03:55,111 | INFO  | SCMAudit | user=jenkins1000 | ip=192.168.69.96 | op=SEND_HEARTBEAT {datanodeUUID=f1afe498-2778-451e-a3e4-8199ec337a15, command=[]} | ret=SUCCESS |  
2019-08-20 16:03:55,118 | INFO  | DNAudit | user=null | ip=null | op=WRITE_CHUNK {blockData=conID: 2 locID: 102650153203204570 bcsId: 1823} | ret=SUCCESS |  
2019-08-20 16:03:55,119 | INFO  | DNAudit | user=null | ip=null | op=PUT_BLOCK {blockData=[blockId=conID: 2 locID: 102650153203204570 bcsId: 0,size=3145728]} | ret=SUCCESS |  
2019-08-20 16:03:55,119 [grpc-default-executor-0] INFO  client.GrpcClientProtocolClient (GrpcClientProtocolClient.java:onNext(255)) - client-EAA342753240->9a4a4c23-9ff3-4ce3-a619-2c71c0869997: receive RaftClientReply:client-EAA342753240->9a4a4c23-9ff3-4ce3-a619-2c71c0869997@group-EC4211DF0353, cid=1314, SUCCESS, logIndex=1828, commits[9a4a4c23-9ff3-4ce3-a619-2c71c0869997:c1829, 9b0072ab-15b3-4973-9bcb-7fa02f6bfea9:c1827, 9f215ef2-7d46-4cda-b695-cae1b893f75f:c1823]
2019-08-20 16:03:55,120 [grpc-default-executor-0] INFO  client.GrpcClientProtocolClient (GrpcClientProtocolClient.java:onNext(255)) - client-EAA342753240->9a4a4c23-9ff3-4ce3-a619-2c71c0869997: receive RaftClientReply:client-EAA342753240->9a4a4c23-9ff3-4ce3-a619-2c71c0869997@group-EC4211DF0353, cid=1315, SUCCESS, logIndex=1829, commits[9a4a4c23-9ff3-4ce3-a619-2c71c0869997:c1829, 9b0072ab-15b3-4973-9bcb-7fa02f6bfea9:c1827, 9f215ef2-7d46-4cda-b695-cae1b893f75f:c1827]
2019-08-20 16:03:55,120 | INFO  | DNAudit | user=null | ip=null | op=WRITE_CHUNK {blockData=conID: 2 locID: 102650153203204570 bcsId: 1823} | ret=SUCCESS |  
2019-08-20 16:03:55,120 | INFO  | DNAudit | user=null | ip=null | op=WRITE_CHUNK {blockData=conID: 2 locID: 102650153203204570 bcsId: 1823} | ret=SUCCESS |  
2019-08-20 16:03:55,121 | INFO  | DNAudit | user=null | ip=null | op=PUT_BLOCK {blockData=[blockId=conID: 2 locID: 102650153203204570 bcsId: 0,size=3145728]} | ret=SUCCESS |  
2019-08-20 16:03:55,121 | INFO  | DNAudit | user=null | ip=null | op=PUT_BLOCK {blockData=[blockId=conID: 2 locID: 102650153203204570 bcsId: 0,size=3145728]} | ret=SUCCESS |  
2019-08-20 16:03:55,126 | INFO  | DNAudit | user=null | ip=null | op=WRITE_CHUNK {blockData=conID: 2 locID: 102650153203204570 bcsId: 1829} | ret=SUCCESS |  
2019-08-20 16:03:55,128 | INFO  | DNAudit | user=null | ip=null | op=WRITE_CHUNK {blockData=conID: 2 locID: 102650153203204570 bcsId: 1829} | ret=SUCCESS |  
2019-08-20 16:03:55,129 | INFO  | DNAudit | user=null | ip=null | op=WRITE_CHUNK {blockData=conID: 2 locID: 102650153203204570 bcsId: 1829} | ret=SUCCESS |  
2019-08-20 16:03:55,140 | INFO  | DNAudit | user=null | ip=null | op=WRITE_CHUNK {blockData=conID: 2 locID: 102650153203204570 bcsId: 1829} | ret=SUCCESS |  
2019-08-20 16:03:55,140 | INFO  | DNAudit | user=null | ip=null | op=PUT_BLOCK {blockData=[blockId=conID: 2 locID: 102650153203204570 bcsId: 0,size=4194304]} | ret=SUCCESS |  
2019-08-20 16:03:55,140 [grpc-default-executor-3] INFO  client.GrpcClientProtocolClient (GrpcClientProtocolClient.java:onNext(255)) - client-EAA342753240->9a4a4c23-9ff3-4ce3-a619-2c71c0869997: receive RaftClientReply:client-EAA342753240->9a4a4c23-9ff3-4ce3-a619-2c71c0869997@group-EC4211DF0353, cid=1316, SUCCESS, logIndex=1832, commits[9a4a4c23-9ff3-4ce3-a619-2c71c0869997:c1833, 9b0072ab-15b3-4973-9bcb-7fa02f6bfea9:c1831, 9f215ef2-7d46-4cda-b695-cae1b893f75f:c1831]
2019-08-20 16:03:55,141 [grpc-default-executor-3] INFO  client.GrpcClientProtocolClient (GrpcClientProtocolClient.java:onNext(255)) - client-EAA342753240->9a4a4c23-9ff3-4ce3-a619-2c71c0869997: receive RaftClientReply:client-EAA342753240->9a4a4c23-9ff3-4ce3-a619-2c71c0869997@group-EC4211DF0353, cid=1317, SUCCESS, logIndex=1833, commits[9a4a4c23-9ff3-4ce3-a619-2c71c0869997:c1833, 9b0072ab-15b3-4973-9bcb-7fa02f6bfea9:c1831, 9f215ef2-7d46-4cda-b695-cae1b893f75f:c1831]
2019-08-20 16:03:55,141 | INFO  | DNAudit | user=null | ip=null | op=WRITE_CHUNK {blockData=conID: 2 locID: 102650153203204570 bcsId: 1829} | ret=SUCCESS |  
2019-08-20 16:03:55,141 | INFO  | DNAudit | user=null | ip=null | op=WRITE_CHUNK {blockData=conID: 2 locID: 102650153203204570 bcsId: 1829} | ret=SUCCESS |  
2019-08-20 16:03:55,157 | INFO  | DNAudit | user=null | ip=null | op=PUT_BLOCK {blockData=[blockId=conID: 2 locID: 102650153203204570 bcsId: 0,size=4194304]} | ret=SUCCESS |  
2019-08-20 16:03:55,158 | INFO  | DNAudit | user=null | ip=null | op=PUT_BLOCK {blockData=[blockId=conID: 2 locID: 102650153203204570 bcsId: 0,size=4194304]} | ret=SUCCESS |  
2019-08-20 16:03:55,158 [grpc-default-executor-0] INFO  client.GrpcClientProtocolClient (GrpcClientProtocolClient.java:onNext(255)) - client-EAA342753240->9a4a4c23-9ff3-4ce3-a619-2c71c0869997: receive RaftClientReply:client-EAA342753240->9a4a4c23-9ff3-4ce3-a619-2c71c0869997@group-EC4211DF0353, cid=1318, SUCCESS, logIndex=0, commits[9a4a4c23-9ff3-4ce3-a619-2c71c0869997:c1834, 9b0072ab-15b3-4973-9bcb-7fa02f6bfea9:c1833, 9f215ef2-7d46-4cda-b695-cae1b893f75f:c1833]
2019-08-20 16:03:55,163 | INFO  | SCMAudit | user=jenkins1000 | ip=192.168.69.96 | op=ALLOCATE_BLOCK {owner=ea4851f9-218c-4af7-91b4-edb777a4888c, size=4194304, type=RATIS, factor=THREE} | ret=SUCCESS |  
2019-08-20 16:03:55,165 | INFO  | OMAudit | user=jenkins1000 | ip=127.0.0.1 | op=ALLOCATE_BLOCK {volume=vol-0-94146, bucket=bucket-0-90789, key=key-0-25609, dataSize=0, replicationType=null, replicationFactor=null, keyLocationInfo=null, clientID=102650152704082322} | ret=SUCCESS |  
2019-08-20 16:03:55,172 | INFO  | DNAudit | user=null | ip=null | op=WRITE_CHUNK {blockData=conID: 3 locID: 102650153216442843 bcsId: 0} | ret=SUCCESS |  
2019-08-20 16:03:55,174 | INFO  | DNAudit | user=null | ip=null | op=WRITE_CHUNK {blockData=conID: 3 locID: 102650153216442843 bcsId: 0} | ret=SUCCESS |  
2019-08-20 16:03:55,175 | INFO  | DNAudit | user=null | ip=null | op=WRITE_CHUNK {blockData=conID: 3 locID: 102650153216442843 bcsId: 0} | ret=SUCCESS |  
2019-08-20 16:03:55,175 | INFO  | DNAudit | user=null | ip=null | op=WRITE_CHUNK {blockData=conID: 3 locID: 102650153216442843 bcsId: 0} | ret=SUCCESS |  
2019-08-20 16:03:55,175 | INFO  | DNAudit | user=null | ip=null | op=WRITE_CHUNK {blockData=conID: 3 locID: 102650153216442843 bcsId: 0} | ret=SUCCESS |  
2019-08-20 16:03:55,176 | INFO  | DNAudit | user=null | ip=null | op=WRITE_CHUNK {blockData=conID: 3 locID: 102650153216442843 bcsId: 0} | ret=SUCCESS |  
2019-08-20 16:03:55,183 | INFO  | DNAudit | user=null | ip=null | op=WRITE_CHUNK {blockData=conID: 3 locID: 102650153216442843 bcsId: 0} | ret=SUCCESS |  
2019-08-20 16:03:55,184 | INFO  | DNAudit | user=null | ip=null | op=PUT_BLOCK {blockData=[blockId=conID: 3 locID: 102650153216442843 bcsId: 0,size=1048576]} | ret=SUCCESS |  
2019-08-20 16:03:55,184 [grpc-default-executor-3] INFO  client.GrpcClientProtocolClient (GrpcClientProtocolClient.java:onNext(255)) - client-EAA342753240->9a4a4c23-9ff3-4ce3-a619-2c71c0869997: receive RaftClientReply:client-EAA342753240->9a4a4c23-9ff3-4ce3-a619-2c71c0869997@group-EC4211DF0353, cid=1319, SUCCESS, logIndex=1836, commits[9a4a4c23-9ff3-4ce3-a619-2c71c0869997:c1839, 9b0072ab-15b3-4973-9bcb-7fa02f6bfea9:c1835, 9f215ef2-7d46-4cda-b695-cae1b893f75f:c1835]
2019-08-20 16:03:55,184 | INFO  | DNAudit | user=null | ip=null | op=WRITE_CHUNK {blockData=conID: 3 locID: 102650153216442843 bcsId: 0} | ret=SUCCESS |  
2019-08-20 16:03:55,184 [grpc-default-executor-3] INFO  client.GrpcClientProtocolClient (GrpcClientProtocolClient.java:onNext(255)) - client-EAA342753240->9a4a4c23-9ff3-4ce3-a619-2c71c0869997: receive RaftClientReply:client-EAA342753240->9a4a4c23-9ff3-4ce3-a619-2c71c0869997@group-EC4211DF0353, cid=1320, SUCCESS, logIndex=1837, commits[9a4a4c23-9ff3-4ce3-a619-2c71c0869997:c1839, 9b0072ab-15b3-4973-9bcb-7fa02f6bfea9:c1835, 9f215ef2-7d46-4cda-b695-cae1b893f75f:c1835]
2019-08-20 16:03:55,184 | INFO  | DNAudit | user=null | ip=null | op=PUT_BLOCK {blockData=[blockId=conID: 3 locID: 102650153216442843 bcsId: 0,size=2097152]} | ret=SUCCESS |  
2019-08-20 16:03:55,184 [grpc-default-executor-3] INFO  client.GrpcClientProtocolClient (GrpcClientProtocolClient.java:onNext(255)) - client-EAA342753240->9a4a4c23-9ff3-4ce3-a619-2c71c0869997: receive RaftClientReply:client-EAA342753240->9a4a4c23-9ff3-4ce3-a619-2c71c0869997@group-EC4211DF0353, cid=1321, SUCCESS, logIndex=1838, commits[9a4a4c23-9ff3-4ce3-a619-2c71c0869997:c1839, 9b0072ab-15b3-4973-9bcb-7fa02f6bfea9:c1835, 9f215ef2-7d46-4cda-b695-cae1b893f75f:c1835]
2019-08-20 16:03:55,185 [grpc-default-executor-3] INFO  client.GrpcClientProtocolClient (GrpcClientProtocolClient.java:onNext(255)) - client-EAA342753240->9a4a4c23-9ff3-4ce3-a619-2c71c0869997: receive RaftClientReply:client-EAA342753240->9a4a4c23-9ff3-4ce3-a619-2c71c0869997@group-EC4211DF0353, cid=1322, SUCCESS, logIndex=1839, commits[9a4a4c23-9ff3-4ce3-a619-2c71c0869997:c1839, 9b0072ab-15b3-4973-9bcb-7fa02f6bfea9:c1835, 9f215ef2-7d46-4cda-b695-cae1b893f75f:c1835]
2019-08-20 16:03:55,205 | INFO  | DNAudit | user=null | ip=null | op=WRITE_CHUNK {blockData=conID: 3 locID: 102650153216442843 bcsId: 0} | ret=SUCCESS |  
2019-08-20 16:03:55,205 | INFO  | DNAudit | user=null | ip=null | op=WRITE_CHUNK {blockData=conID: 3 locID: 102650153216442843 bcsId: 0} | ret=SUCCESS |  
2019-08-20 16:03:55,206 | INFO  | DNAudit | user=null | ip=null | op=PUT_BLOCK {blockData=[blockId=conID: 3 locID: 102650153216442843 bcsId: 0,size=1048576]} | ret=SUCCESS |  
2019-08-20 16:03:55,206 | INFO  | DNAudit | user=null | ip=null | op=PUT_BLOCK {blockData=[blockId=conID: 3 locID: 102650153216442843 bcsId: 0,size=1048576]} | ret=SUCCESS |  
2019-08-20 16:03:55,207 | INFO  | DNAudit | user=null | ip=null | op=WRITE_CHUNK {blockData=conID: 3 locID: 102650153216442843 bcsId: 0} | ret=SUCCESS |  
2019-08-20 16:03:55,207 | INFO  | DNAudit | user=null | ip=null | op=WRITE_CHUNK {blockData=conID: 3 locID: 102650153216442843 bcsId: 0} | ret=SUCCESS |  
2019-08-20 16:03:55,207 | INFO  | DNAudit | user=null | ip=null | op=PUT_BLOCK {blockData=[blockId=conID: 3 locID: 102650153216442843 bcsId: 0,size=2097152]} | ret=SUCCESS |  
2019-08-20 16:03:55,207 | INFO  | DNAudit | user=null | ip=null | op=PUT_BLOCK {blockData=[blockId=conID: 3 locID: 102650153216442843 bcsId: 0,size=2097152]} | ret=SUCCESS |  
2019-08-20 16:03:55,207 [grpc-default-executor-3] INFO  client.GrpcClientProtocolClient (GrpcClientProtocolClient.java:onNext(255)) - client-EAA342753240->9a4a4c23-9ff3-4ce3-a619-2c71c0869997: receive RaftClientReply:client-EAA342753240->9a4a4c23-9ff3-4ce3-a619-2c71c0869997@group-EC4211DF0353, cid=1323, SUCCESS, logIndex=0, commits[9a4a4c23-9ff3-4ce3-a619-2c71c0869997:c1840, 9b0072ab-15b3-4973-9bcb-7fa02f6bfea9:c1837, 9f215ef2-7d46-4cda-b695-cae1b893f75f:c1837]
2019-08-20 16:03:55,214 | INFO  | DNAudit | user=null | ip=null | op=WRITE_CHUNK {blockData=conID: 3 locID: 102650153216442843 bcsId: 1839} | ret=SUCCESS |  
2019-08-20 16:03:55,217 | INFO  | DNAudit | user=null | ip=null | op=WRITE_CHUNK {blockData=conID: 3 locID: 102650153216442843 bcsId: 1839} | ret=SUCCESS |  
2019-08-20 16:03:55,217 | INFO  | DNAudit | user=null | ip=null | op=WRITE_CHUNK {blockData=conID: 3 locID: 102650153216442843 bcsId: 1839} | ret=SUCCESS |  
2019-08-20 16:03:55,225 | INFO  | DNAudit | user=null | ip=null | op=WRITE_CHUNK {blockData=conID: 3 locID: 102650153216442843 bcsId: 1839} | ret=SUCCESS |  
2019-08-20 16:03:55,226 | INFO  | DNAudit | user=null | ip=null | op=PUT_BLOCK {blockData=[blockId=conID: 3 locID: 102650153216442843 bcsId: 0,size=3145728]} | ret=SUCCESS |  
2019-08-20 16:03:55,226 [grpc-default-executor-6] INFO  client.GrpcClientProtocolClient (GrpcClientProtocolClient.java:onNext(255)) - client-EAA342753240->9a4a4c23-9ff3-4ce3-a619-2c71c0869997: receive RaftClientReply:client-EAA342753240->9a4a4c23-9ff3-4ce3-a619-2c71c0869997@group-EC4211DF0353, cid=1324, SUCCESS, logIndex=1844, commits[9a4a4c23-9ff3-4ce3-a619-2c71c0869997:c1845, 9b0072ab-15b3-4973-9bcb-7fa02f6bfea9:c1843, 9f215ef2-7d46-4cda-b695-cae1b893f75f:c1843]
2019-08-20 16:03:55,227 [grpc-default-executor-6] INFO  client.GrpcClientProtocolClient (GrpcClientProtocolClient.java:onNext(255)) - client-EAA342753240->9a4a4c23-9ff3-4ce3-a619-2c71c0869997: receive RaftClientReply:client-EAA342753240->9a4a4c23-9ff3-4ce3-a619-2c71c0869997@group-EC4211DF0353, cid=1325, SUCCESS, logIndex=1845, commits[9a4a4c23-9ff3-4ce3-a619-2c71c0869997:c1845, 9b0072ab-15b3-4973-9bcb-7fa02f6bfea9:c1843, 9f215ef2-7d46-4cda-b695-cae1b893f75f:c1843]
2019-08-20 16:03:55,231 | INFO  | DNAudit | user=null | ip=null | op=WRITE_CHUNK {blockData=conID: 3 locID: 102650153216442843 bcsId: 1839} | ret=SUCCESS |  
2019-08-20 16:03:55,231 | INFO  | DNAudit | user=null | ip=null | op=WRITE_CHUNK {blockData=conID: 3 locID: 102650153216442843 bcsId: 1839} | ret=SUCCESS |  
2019-08-20 16:03:55,232 | INFO  | DNAudit | user=null | ip=null | op=PUT_BLOCK {blockData=[blockId=conID: 3 locID: 102650153216442843 bcsId: 0,size=3145728]} | ret=SUCCESS |  
2019-08-20 16:03:55,232 | INFO  | DNAudit | user=null | ip=null | op=PUT_BLOCK {blockData=[blockId=conID: 3 locID: 102650153216442843 bcsId: 0,size=3145728]} | ret=SUCCESS |  
2019-08-20 16:03:55,233 | INFO  | DNAudit | user=null | ip=null | op=WRITE_CHUNK {blockData=conID: 3 locID: 102650153216442843 bcsId: 1845} | ret=SUCCESS |  
2019-08-20 16:03:55,235 | INFO  | DNAudit | user=null | ip=null | op=WRITE_CHUNK {blockData=conID: 3 locID: 102650153216442843 bcsId: 1845} | ret=SUCCESS |  
2019-08-20 16:03:55,235 | INFO  | DNAudit | user=null | ip=null | op=WRITE_CHUNK {blockData=conID: 3 locID: 102650153216442843 bcsId: 1845} | ret=SUCCESS |  
2019-08-20 16:03:55,248 | INFO  | DNAudit | user=null | ip=null | op=WRITE_CHUNK {blockData=conID: 3 locID: 102650153216442843 bcsId: 1845} | ret=SUCCESS |  
2019-08-20 16:03:55,249 | INFO  | DNAudit | user=null | ip=null | op=PUT_BLOCK {blockData=[blockId=conID: 3 locID: 102650153216442843 bcsId: 0,size=4194304]} | ret=SUCCESS |  
2019-08-20 16:03:55,249 [grpc-default-executor-0] INFO  client.GrpcClientProtocolClient (GrpcClientProtocolClient.java:onNext(255)) - client-EAA342753240->9a4a4c23-9ff3-4ce3-a619-2c71c0869997: receive RaftClientReply:client-EAA342753240->9a4a4c23-9ff3-4ce3-a619-2c71c0869997@group-EC4211DF0353, cid=1326, SUCCESS, logIndex=1848, commits[9a4a4c23-9ff3-4ce3-a619-2c71c0869997:c1849, 9b0072ab-15b3-4973-9bcb-7fa02f6bfea9:c1846, 9f215ef2-7d46-4cda-b695-cae1b893f75f:c1846]
2019-08-20 16:03:55,249 [grpc-default-executor-0] INFO  client.GrpcClientProtocolClient (GrpcClientProtocolClient.java:onNext(255)) - client-EAA342753240->9a4a4c23-9ff3-4ce3-a619-2c71c0869997: receive RaftClientReply:client-EAA342753240->9a4a4c23-9ff3-4ce3-a619-2c71c0869997@group-EC4211DF0353, cid=1327, SUCCESS, logIndex=1849, commits[9a4a4c23-9ff3-4ce3-a619-2c71c0869997:c1849, 9b0072ab-15b3-4973-9bcb-7fa02f6bfea9:c1846, 9f215ef2-7d46-4cda-b695-cae1b893f75f:c1846]
2019-08-20 16:03:55,260 | INFO  | DNAudit | user=null | ip=null | op=WRITE_CHUNK {blockData=conID: 3 locID: 102650153216442843 bcsId: 1845} | ret=SUCCESS |  
2019-08-20 16:03:55,260 | INFO  | DNAudit | user=null | ip=null | op=WRITE_CHUNK {blockData=conID: 3 locID: 102650153216442843 bcsId: 1845} | ret=SUCCESS |  
2019-08-20 16:03:55,260 | INFO  | DNAudit | user=null | ip=null | op=PUT_BLOCK {blockData=[blockId=conID: 3 locID: 102650153216442843 bcsId: 0,size=4194304]} | ret=SUCCESS |  
2019-08-20 16:03:55,260 | INFO  | DNAudit | user=null | ip=null | op=PUT_BLOCK {blockData=[blockId=conID: 3 locID: 102650153216442843 bcsId: 0,size=4194304]} | ret=SUCCESS |  
2019-08-20 16:03:55,261 [grpc-default-executor-0] INFO  client.GrpcClientProtocolClient (GrpcClientProtocolClient.java:onNext(255)) - client-EAA342753240->9a4a4c23-9ff3-4ce3-a619-2c71c0869997: receive RaftClientReply:client-EAA342753240->9a4a4c23-9ff3-4ce3-a619-2c71c0869997@group-EC4211DF0353, cid=1328, SUCCESS, logIndex=0, commits[9a4a4c23-9ff3-4ce3-a619-2c71c0869997:c1850, 9b0072ab-15b3-4973-9bcb-7fa02f6bfea9:c1849, 9f215ef2-7d46-4cda-b695-cae1b893f75f:c1849]
2019-08-20 16:03:55,266 | INFO  | SCMAudit | user=jenkins1000 | ip=192.168.69.96 | op=ALLOCATE_BLOCK {owner=ea4851f9-218c-4af7-91b4-edb777a4888c, size=4194304, type=RATIS, factor=THREE} | ret=SUCCESS |  
2019-08-20 16:03:55,268 | INFO  | OMAudit | user=jenkins1000 | ip=127.0.0.1 | op=ALLOCATE_BLOCK {volume=vol-0-94146, bucket=bucket-0-90789, key=key-0-25609, dataSize=0, replicationType=null, replicationFactor=null, keyLocationInfo=null, clientID=102650152704082322} | ret=SUCCESS |  
2019-08-20 16:03:55,275 | INFO  | DNAudit | user=null | ip=null | op=WRITE_CHUNK {blockData=conID: 1 locID: 102650153223193052 bcsId: 0} | ret=SUCCESS |  
2019-08-20 16:03:55,277 | INFO  | DNAudit | user=null | ip=null | op=WRITE_CHUNK {blockData=conID: 1 locID: 102650153223193052 bcsId: 0} | ret=SUCCESS |  
2019-08-20 16:03:55,278 | INFO  | DNAudit | user=null | ip=null | op=WRITE_CHUNK {blockData=conID: 1 locID: 102650153223193052 bcsId: 0} | ret=SUCCESS |  
2019-08-20 16:03:55,278 | INFO  | DNAudit | user=null | ip=null | op=WRITE_CHUNK {blockData=conID: 1 locID: 102650153223193052 bcsId: 0} | ret=SUCCESS |  
2019-08-20 16:03:55,279 | INFO  | DNAudit | user=null | ip=null | op=WRITE_CHUNK {blockData=conID: 1 locID: 102650153223193052 bcsId: 0} | ret=SUCCESS |  
2019-08-20 16:03:55,279 | INFO  | DNAudit | user=null | ip=null | op=WRITE_CHUNK {blockData=conID: 1 locID: 102650153223193052 bcsId: 0} | ret=SUCCESS |  
2019-08-20 16:03:55,288 | INFO  | DNAudit | user=null | ip=null | op=WRITE_CHUNK {blockData=conID: 1 locID: 102650153223193052 bcsId: 0} | ret=SUCCESS |  
2019-08-20 16:03:55,289 | INFO  | DNAudit | user=null | ip=null | op=PUT_BLOCK {blockData=[blockId=conID: 1 locID: 102650153223193052 bcsId: 0,size=1048576]} | ret=SUCCESS |  
2019-08-20 16:03:55,289 [grpc-default-executor-0] INFO  client.GrpcClientProtocolClient (GrpcClientProtocolClient.java:onNext(255)) - client-EAA342753240->9a4a4c23-9ff3-4ce3-a619-2c71c0869997: receive RaftClientReply:client-EAA342753240->9a4a4c23-9ff3-4ce3-a619-2c71c0869997@group-EC4211DF0353, cid=1329, SUCCESS, logIndex=1852, commits[9a4a4c23-9ff3-4ce3-a619-2c71c0869997:c1854, 9b0072ab-15b3-4973-9bcb-7fa02f6bfea9:c1851, 9f215ef2-7d46-4cda-b695-cae1b893f75f:c1851]
2019-08-20 16:03:55,290 | INFO  | DNAudit | user=null | ip=null | op=WRITE_CHUNK {blockData=conID: 1 locID: 102650153223193052 bcsId: 0} | ret=SUCCESS |  
2019-08-20 16:03:55,290 | INFO  | DNAudit | user=null | ip=null | op=WRITE_CHUNK {blockData=conID: 1 locID: 102650153223193052 bcsId: 0} | ret=SUCCESS |  
2019-08-20 16:03:55,290 | INFO  | DNAudit | user=null | ip=null | op=WRITE_CHUNK {blockData=conID: 1 locID: 102650153223193052 bcsId: 0} | ret=SUCCESS |  
2019-08-20 16:03:55,290 | INFO  | DNAudit | user=null | ip=null | op=PUT_BLOCK {blockData=[blockId=conID: 1 locID: 102650153223193052 bcsId: 0,size=1048576]} | ret=SUCCESS |  
2019-08-20 16:03:55,290 | INFO  | DNAudit | user=null | ip=null | op=PUT_BLOCK {blockData=[blockId=conID: 1 locID: 102650153223193052 bcsId: 0,size=2097152]} | ret=SUCCESS |  
2019-08-20 16:03:55,290 [grpc-default-executor-6] INFO  client.GrpcClientProtocolClient (GrpcClientProtocolClient.java:onNext(255)) - client-EAA342753240->9a4a4c23-9ff3-4ce3-a619-2c71c0869997: receive RaftClientReply:client-EAA342753240->9a4a4c23-9ff3-4ce3-a619-2c71c0869997@group-EC4211DF0353, cid=1330, SUCCESS, logIndex=1853, commits[9a4a4c23-9ff3-4ce3-a619-2c71c0869997:c1855, 9b0072ab-15b3-4973-9bcb-7fa02f6bfea9:c1851, 9f215ef2-7d46-4cda-b695-cae1b893f75f:c1851]
2019-08-20 16:03:55,290 | INFO  | DNAudit | user=null | ip=null | op=WRITE_CHUNK {blockData=conID: 1 locID: 102650153223193052 bcsId: 0} | ret=SUCCESS |  
2019-08-20 16:03:55,291 | INFO  | DNAudit | user=null | ip=null | op=PUT_BLOCK {blockData=[blockId=conID: 1 locID: 102650153223193052 bcsId: 0,size=2097152]} | ret=SUCCESS |  
2019-08-20 16:03:55,291 [grpc-default-executor-6] INFO  client.GrpcClientProtocolClient (GrpcClientProtocolClient.java:onNext(255)) - client-EAA342753240->9a4a4c23-9ff3-4ce3-a619-2c71c0869997: receive RaftClientReply:client-EAA342753240->9a4a4c23-9ff3-4ce3-a619-2c71c0869997@group-EC4211DF0353, cid=1331, SUCCESS, logIndex=1854, commits[9a4a4c23-9ff3-4ce3-a619-2c71c0869997:c1856, 9b0072ab-15b3-4973-9bcb-7fa02f6bfea9:c1852, 9f215ef2-7d46-4cda-b695-cae1b893f75f:c1852]
2019-08-20 16:03:55,291 [grpc-default-executor-6] INFO  client.GrpcClientProtocolClient (GrpcClientProtocolClient.java:onNext(255)) - client-EAA342753240->9a4a4c23-9ff3-4ce3-a619-2c71c0869997: receive RaftClientReply:client-EAA342753240->9a4a4c23-9ff3-4ce3-a619-2c71c0869997@group-EC4211DF0353, cid=1332, SUCCESS, logIndex=1855, commits[9a4a4c23-9ff3-4ce3-a619-2c71c0869997:c1856, 9b0072ab-15b3-4973-9bcb-7fa02f6bfea9:c1852, 9f215ef2-7d46-4cda-b695-cae1b893f75f:c1853]
2019-08-20 16:03:55,291 | INFO  | DNAudit | user=null | ip=null | op=PUT_BLOCK {blockData=[blockId=conID: 1 locID: 102650153223193052 bcsId: 0,size=1048576]} | ret=SUCCESS |  
2019-08-20 16:03:55,291 | INFO  | DNAudit | user=null | ip=null | op=WRITE_CHUNK {blockData=conID: 1 locID: 102650153223193052 bcsId: 0} | ret=SUCCESS |  
2019-08-20 16:03:55,292 | INFO  | DNAudit | user=null | ip=null | op=PUT_BLOCK {blockData=[blockId=conID: 1 locID: 102650153223193052 bcsId: 0,size=2097152]} | ret=SUCCESS |  
2019-08-20 16:03:55,292 [grpc-default-executor-0] INFO  client.GrpcClientProtocolClient (GrpcClientProtocolClient.java:onNext(255)) - client-EAA342753240->9a4a4c23-9ff3-4ce3-a619-2c71c0869997: receive RaftClientReply:client-EAA342753240->9a4a4c23-9ff3-4ce3-a619-2c71c0869997@group-EC4211DF0353, cid=1333, SUCCESS, logIndex=0, commits[9a4a4c23-9ff3-4ce3-a619-2c71c0869997:c1859, 9b0072ab-15b3-4973-9bcb-7fa02f6bfea9:c1855, 9f215ef2-7d46-4cda-b695-cae1b893f75f:c1855]
2019-08-20 16:03:55,299 | INFO  | DNAudit | user=null | ip=null | op=WRITE_CHUNK {blockData=conID: 1 locID: 102650153223193052 bcsId: 1855} | ret=SUCCESS |  
2019-08-20 16:03:55,301 | INFO  | DNAudit | user=null | ip=null | op=WRITE_CHUNK {blockData=conID: 1 locID: 102650153223193052 bcsId: 1855} | ret=SUCCESS |  
2019-08-20 16:03:55,302 | INFO  | DNAudit | user=null | ip=null | op=WRITE_CHUNK {blockData=conID: 1 locID: 102650153223193052 bcsId: 1855} | ret=SUCCESS |  
2019-08-20 16:03:55,322 | INFO  | DNAudit | user=null | ip=null | op=WRITE_CHUNK {blockData=conID: 1 locID: 102650153223193052 bcsId: 1855} | ret=SUCCESS |  
2019-08-20 16:03:55,322 | INFO  | DNAudit | user=null | ip=null | op=PUT_BLOCK {blockData=[blockId=conID: 1 locID: 102650153223193052 bcsId: 0,size=3145728]} | ret=SUCCESS |  
2019-08-20 16:03:55,322 [grpc-default-executor-5] INFO  client.GrpcClientProtocolClient (GrpcClientProtocolClient.java:onNext(255)) - client-EAA342753240->9a4a4c23-9ff3-4ce3-a619-2c71c0869997: receive RaftClientReply:client-EAA342753240->9a4a4c23-9ff3-4ce3-a619-2c71c0869997@group-EC4211DF0353, cid=1334, SUCCESS, logIndex=1860, commits[9a4a4c23-9ff3-4ce3-a619-2c71c0869997:c1861, 9b0072ab-15b3-4973-9bcb-7fa02f6bfea9:c1859, 9f215ef2-7d46-4cda-b695-cae1b893f75f:c1859]
2019-08-20 16:03:55,323 [grpc-default-executor-5] INFO  client.GrpcClientProtocolClient (GrpcClientProtocolClient.java:onNext(255)) - client-EAA342753240->9a4a4c23-9ff3-4ce3-a619-2c71c0869997: receive RaftClientReply:client-EAA342753240->9a4a4c23-9ff3-4ce3-a619-2c71c0869997@group-EC4211DF0353, cid=1335, SUCCESS, logIndex=1861, commits[9a4a4c23-9ff3-4ce3-a619-2c71c0869997:c1861, 9b0072ab-15b3-4973-9bcb-7fa02f6bfea9:c1859, 9f215ef2-7d46-4cda-b695-cae1b893f75f:c1859]
2019-08-20 16:03:55,329 | INFO  | DNAudit | user=null | ip=null | op=WRITE_CHUNK {blockData=conID: 1 locID: 102650153223193052 bcsId: 1861} | ret=SUCCESS |  
2019-08-20 16:03:55,332 | INFO  | DNAudit | user=null | ip=null | op=WRITE_CHUNK {blockData=conID: 1 locID: 102650153223193052 bcsId: 1861} | ret=SUCCESS |  
2019-08-20 16:03:55,333 | INFO  | DNAudit | user=null | ip=null | op=WRITE_CHUNK {blockData=conID: 1 locID: 102650153223193052 bcsId: 1861} | ret=SUCCESS |  
2019-08-20 16:03:55,333 | INFO  | DNAudit | user=null | ip=null | op=WRITE_CHUNK {blockData=conID: 1 locID: 102650153223193052 bcsId: 1855} | ret=SUCCESS |  
2019-08-20 16:03:55,333 | INFO  | DNAudit | user=null | ip=null | op=WRITE_CHUNK {blockData=conID: 1 locID: 102650153223193052 bcsId: 1855} | ret=SUCCESS |  
2019-08-20 16:03:55,335 | INFO  | DNAudit | user=null | ip=null | op=PUT_BLOCK {blockData=[blockId=conID: 1 locID: 102650153223193052 bcsId: 0,size=3145728]} | ret=SUCCESS |  
2019-08-20 16:03:55,336 | INFO  | DNAudit | user=null | ip=null | op=PUT_BLOCK {blockData=[blockId=conID: 1 locID: 102650153223193052 bcsId: 0,size=3145728]} | ret=SUCCESS |  
2019-08-20 16:03:55,336 | INFO  | DNAudit | user=null | ip=null | op=WRITE_CHUNK {blockData=conID: 1 locID: 102650153223193052 bcsId: 1861} | ret=SUCCESS |  
2019-08-20 16:03:55,337 | INFO  | DNAudit | user=null | ip=null | op=PUT_BLOCK {blockData=[blockId=conID: 1 locID: 102650153223193052 bcsId: 0,size=4194304]} | ret=SUCCESS |  
2019-08-20 16:03:55,337 [grpc-default-executor-5] INFO  client.GrpcClientProtocolClient (GrpcClientProtocolClient.java:onNext(255)) - client-EAA342753240->9a4a4c23-9ff3-4ce3-a619-2c71c0869997: receive RaftClientReply:client-EAA342753240->9a4a4c23-9ff3-4ce3-a619-2c71c0869997@group-EC4211DF0353, cid=1336, SUCCESS, logIndex=1864, commits[9a4a4c23-9ff3-4ce3-a619-2c71c0869997:c1865, 9b0072ab-15b3-4973-9bcb-7fa02f6bfea9:c1861, 9f215ef2-7d46-4cda-b695-cae1b893f75f:c1861]
2019-08-20 16:03:55,337 [grpc-default-executor-5] INFO  client.GrpcClientProtocolClient (GrpcClientProtocolClient.java:onNext(255)) - client-EAA342753240->9a4a4c23-9ff3-4ce3-a619-2c71c0869997: receive RaftClientReply:client-EAA342753240->9a4a4c23-9ff3-4ce3-a619-2c71c0869997@group-EC4211DF0353, cid=1337, SUCCESS, logIndex=1865, commits[9a4a4c23-9ff3-4ce3-a619-2c71c0869997:c1865, 9b0072ab-15b3-4973-9bcb-7fa02f6bfea9:c1861, 9f215ef2-7d46-4cda-b695-cae1b893f75f:c1861]
2019-08-20 16:03:55,338 | INFO  | DNAudit | user=null | ip=null | op=WRITE_CHUNK {blockData=conID: 1 locID: 102650153223193052 bcsId: 1861} | ret=SUCCESS |  
2019-08-20 16:03:55,338 | INFO  | DNAudit | user=null | ip=null | op=WRITE_CHUNK {blockData=conID: 1 locID: 102650153223193052 bcsId: 1861} | ret=SUCCESS |  
2019-08-20 16:03:55,339 | INFO  | DNAudit | user=null | ip=null | op=PUT_BLOCK {blockData=[blockId=conID: 1 locID: 102650153223193052 bcsId: 0,size=4194304]} | ret=SUCCESS |  
2019-08-20 16:03:55,340 | INFO  | DNAudit | user=null | ip=null | op=PUT_BLOCK {blockData=[blockId=conID: 1 locID: 102650153223193052 bcsId: 0,size=4194304]} | ret=SUCCESS |  
2019-08-20 16:03:55,340 [grpc-default-executor-5] INFO  client.GrpcClientProtocolClient (GrpcClientProtocolClient.java:onNext(255)) - client-EAA342753240->9a4a4c23-9ff3-4ce3-a619-2c71c0869997: receive RaftClientReply:client-EAA342753240->9a4a4c23-9ff3-4ce3-a619-2c71c0869997@group-EC4211DF0353, cid=1338, SUCCESS, logIndex=0, commits[9a4a4c23-9ff3-4ce3-a619-2c71c0869997:c1867, 9b0072ab-15b3-4973-9bcb-7fa02f6bfea9:c1865, 9f215ef2-7d46-4cda-b695-cae1b893f75f:c1865]
2019-08-20 16:03:55,345 | INFO  | SCMAudit | user=jenkins1000 | ip=192.168.69.96 | op=ALLOCATE_BLOCK {owner=ea4851f9-218c-4af7-91b4-edb777a4888c, size=4194304, type=RATIS, factor=THREE} | ret=SUCCESS |  
2019-08-20 16:03:55,347 | INFO  | OMAudit | user=jenkins1000 | ip=127.0.0.1 | op=ALLOCATE_BLOCK {volume=vol-0-94146, bucket=bucket-0-90789, key=key-0-25609, dataSize=0, replicationType=null, replicationFactor=null, keyLocationInfo=null, clientID=102650152704082322} | ret=SUCCESS |  
2019-08-20 16:03:55,353 | INFO  | DNAudit | user=null | ip=null | op=WRITE_CHUNK {blockData=conID: 2 locID: 102650153228370397 bcsId: 0} | ret=SUCCESS |  
2019-08-20 16:03:55,356 | INFO  | DNAudit | user=null | ip=null | op=WRITE_CHUNK {blockData=conID: 2 locID: 102650153228370397 bcsId: 0} | ret=SUCCESS |  
2019-08-20 16:03:55,357 | INFO  | DNAudit | user=null | ip=null | op=WRITE_CHUNK {blockData=conID: 2 locID: 102650153228370397 bcsId: 0} | ret=SUCCESS |  
2019-08-20 16:03:55,357 | INFO  | DNAudit | user=null | ip=null | op=WRITE_CHUNK {blockData=conID: 2 locID: 102650153228370397 bcsId: 0} | ret=SUCCESS |  
2019-08-20 16:03:55,359 | INFO  | DNAudit | user=null | ip=null | op=WRITE_CHUNK {blockData=conID: 2 locID: 102650153228370397 bcsId: 0} | ret=SUCCESS |  
2019-08-20 16:03:55,359 | INFO  | DNAudit | user=null | ip=null | op=WRITE_CHUNK {blockData=conID: 2 locID: 102650153228370397 bcsId: 0} | ret=SUCCESS |  
2019-08-20 16:03:55,365 | INFO  | DNAudit | user=null | ip=null | op=WRITE_CHUNK {blockData=conID: 2 locID: 102650153228370397 bcsId: 0} | ret=SUCCESS |  
2019-08-20 16:03:55,366 | INFO  | DNAudit | user=null | ip=null | op=PUT_BLOCK {blockData=[blockId=conID: 2 locID: 102650153228370397 bcsId: 0,size=1048576]} | ret=SUCCESS |  
2019-08-20 16:03:55,366 [grpc-default-executor-5] INFO  client.GrpcClientProtocolClient (GrpcClientProtocolClient.java:onNext(255)) - client-EAA342753240->9a4a4c23-9ff3-4ce3-a619-2c71c0869997: receive RaftClientReply:client-EAA342753240->9a4a4c23-9ff3-4ce3-a619-2c71c0869997@group-EC4211DF0353, cid=1339, SUCCESS, logIndex=1868, commits[9a4a4c23-9ff3-4ce3-a619-2c71c0869997:c1869, 9b0072ab-15b3-4973-9bcb-7fa02f6bfea9:c1867, 9f215ef2-7d46-4cda-b695-cae1b893f75f:c1867]
2019-08-20 16:03:55,367 | INFO  | DNAudit | user=null | ip=null | op=WRITE_CHUNK {blockData=conID: 2 locID: 102650153228370397 bcsId: 0} | ret=SUCCESS |  
2019-08-20 16:03:55,367 [grpc-default-executor-0] INFO  client.GrpcClientProtocolClient (GrpcClientProtocolClient.java:onNext(255)) - client-EAA342753240->9a4a4c23-9ff3-4ce3-a619-2c71c0869997: receive RaftClientReply:client-EAA342753240->9a4a4c23-9ff3-4ce3-a619-2c71c0869997@group-EC4211DF0353, cid=1340, SUCCESS, logIndex=1869, commits[9a4a4c23-9ff3-4ce3-a619-2c71c0869997:c1869, 9b0072ab-15b3-4973-9bcb-7fa02f6bfea9:c1867, 9f215ef2-7d46-4cda-b695-cae1b893f75f:c1867]
2019-08-20 16:03:55,367 | INFO  | DNAudit | user=null | ip=null | op=PUT_BLOCK {blockData=[blockId=conID: 2 locID: 102650153228370397 bcsId: 0,size=2097152]} | ret=SUCCESS |  
2019-08-20 16:03:55,367 [grpc-default-executor-0] INFO  client.GrpcClientProtocolClient (GrpcClientProtocolClient.java:onNext(255)) - client-EAA342753240->9a4a4c23-9ff3-4ce3-a619-2c71c0869997: receive RaftClientReply:client-EAA342753240->9a4a4c23-9ff3-4ce3-a619-2c71c0869997@group-EC4211DF0353, cid=1341, SUCCESS, logIndex=1870, commits[9a4a4c23-9ff3-4ce3-a619-2c71c0869997:c1871, 9b0072ab-15b3-4973-9bcb-7fa02f6bfea9:c1867, 9f215ef2-7d46-4cda-b695-cae1b893f75f:c1867]
2019-08-20 16:03:55,368 [grpc-default-executor-0] INFO  client.GrpcClientProtocolClient (GrpcClientProtocolClient.java:onNext(255)) - client-EAA342753240->9a4a4c23-9ff3-4ce3-a619-2c71c0869997: receive RaftClientReply:client-EAA342753240->9a4a4c23-9ff3-4ce3-a619-2c71c0869997@group-EC4211DF0353, cid=1342, SUCCESS, logIndex=1871, commits[9a4a4c23-9ff3-4ce3-a619-2c71c0869997:c1871, 9b0072ab-15b3-4973-9bcb-7fa02f6bfea9:c1867, 9f215ef2-7d46-4cda-b695-cae1b893f75f:c1867]
2019-08-20 16:03:55,368 | INFO  | DNAudit | user=null | ip=null | op=WRITE_CHUNK {blockData=conID: 2 locID: 102650153228370397 bcsId: 0} | ret=SUCCESS |  
2019-08-20 16:03:55,368 | INFO  | DNAudit | user=null | ip=null | op=PUT_BLOCK {blockData=[blockId=conID: 2 locID: 102650153228370397 bcsId: 0,size=1048576]} | ret=SUCCESS |  
2019-08-20 16:03:55,368 | INFO  | DNAudit | user=null | ip=null | op=WRITE_CHUNK {blockData=conID: 2 locID: 102650153228370397 bcsId: 0} | ret=SUCCESS |  
2019-08-20 16:03:55,369 | INFO  | DNAudit | user=null | ip=null | op=PUT_BLOCK {blockData=[blockId=conID: 2 locID: 102650153228370397 bcsId: 0,size=1048576]} | ret=SUCCESS |  
2019-08-20 16:03:55,369 | INFO  | DNAudit | user=null | ip=null | op=WRITE_CHUNK {blockData=conID: 2 locID: 102650153228370397 bcsId: 0} | ret=SUCCESS |  
2019-08-20 16:03:55,369 | INFO  | DNAudit | user=null | ip=null | op=WRITE_CHUNK {blockData=conID: 2 locID: 102650153228370397 bcsId: 0} | ret=SUCCESS |  
2019-08-20 16:03:55,369 | INFO  | DNAudit | user=null | ip=null | op=PUT_BLOCK {blockData=[blockId=conID: 2 locID: 102650153228370397 bcsId: 0,size=2097152]} | ret=SUCCESS |  
2019-08-20 16:03:55,369 [grpc-default-executor-0] INFO  client.GrpcClientProtocolClient (GrpcClientProtocolClient.java:onNext(255)) - client-EAA342753240->9a4a4c23-9ff3-4ce3-a619-2c71c0869997: receive RaftClientReply:client-EAA342753240->9a4a4c23-9ff3-4ce3-a619-2c71c0869997@group-EC4211DF0353, cid=1343, SUCCESS, logIndex=0, commits[9a4a4c23-9ff3-4ce3-a619-2c71c0869997:c1873, 9b0072ab-15b3-4973-9bcb-7fa02f6bfea9:c1869, 9f215ef2-7d46-4cda-b695-cae1b893f75f:c1869]
2019-08-20 16:03:55,369 | INFO  | DNAudit | user=null | ip=null | op=PUT_BLOCK {blockData=[blockId=conID: 2 locID: 102650153228370397 bcsId: 0,size=2097152]} | ret=SUCCESS |  
2019-08-20 16:03:55,376 | INFO  | DNAudit | user=null | ip=null | op=WRITE_CHUNK {blockData=conID: 2 locID: 102650153228370397 bcsId: 1871} | ret=SUCCESS |  
2019-08-20 16:03:55,379 | INFO  | DNAudit | user=null | ip=null | op=WRITE_CHUNK {blockData=conID: 2 locID: 102650153228370397 bcsId: 1871} | ret=SUCCESS |  
2019-08-20 16:03:55,382 | INFO  | DNAudit | user=null | ip=null | op=WRITE_CHUNK {blockData=conID: 2 locID: 102650153228370397 bcsId: 1871} | ret=SUCCESS |  
2019-08-20 16:03:55,384 | INFO  | DNAudit | user=null | ip=null | op=WRITE_CHUNK {blockData=conID: 2 locID: 102650153228370397 bcsId: 1871} | ret=SUCCESS |  
2019-08-20 16:03:55,384 | INFO  | DNAudit | user=null | ip=null | op=PUT_BLOCK {blockData=[blockId=conID: 2 locID: 102650153228370397 bcsId: 0,size=3145728]} | ret=SUCCESS |  
2019-08-20 16:03:55,384 [grpc-default-executor-5] INFO  client.GrpcClientProtocolClient (GrpcClientProtocolClient.java:onNext(255)) - client-EAA342753240->9a4a4c23-9ff3-4ce3-a619-2c71c0869997: receive RaftClientReply:client-EAA342753240->9a4a4c23-9ff3-4ce3-a619-2c71c0869997@group-EC4211DF0353, cid=1344, SUCCESS, logIndex=1876, commits[9a4a4c23-9ff3-4ce3-a619-2c71c0869997:c1877, 9b0072ab-15b3-4973-9bcb-7fa02f6bfea9:c1875, 9f215ef2-7d46-4cda-b695-cae1b893f75f:c1871]
2019-08-20 16:03:55,385 [grpc-default-executor-5] INFO  client.GrpcClientProtocolClient (GrpcClientProtocolClient.java:onNext(255)) - client-EAA342753240->9a4a4c23-9ff3-4ce3-a619-2c71c0869997: receive RaftClientReply:client-EAA342753240->9a4a4c23-9ff3-4ce3-a619-2c71c0869997@group-EC4211DF0353, cid=1345, SUCCESS, logIndex=1877, commits[9a4a4c23-9ff3-4ce3-a619-2c71c0869997:c1877, 9b0072ab-15b3-4973-9bcb-7fa02f6bfea9:c1875, 9f215ef2-7d46-4cda-b695-cae1b893f75f:c1875]
2019-08-20 16:03:55,385 | INFO  | DNAudit | user=null | ip=null | op=WRITE_CHUNK {blockData=conID: 2 locID: 102650153228370397 bcsId: 1871} | ret=SUCCESS |  
2019-08-20 16:03:55,385 | INFO  | DNAudit | user=null | ip=null | op=WRITE_CHUNK {blockData=conID: 2 locID: 102650153228370397 bcsId: 1871} | ret=SUCCESS |  
2019-08-20 16:03:55,385 | INFO  | DNAudit | user=null | ip=null | op=PUT_BLOCK {blockData=[blockId=conID: 2 locID: 102650153228370397 bcsId: 0,size=3145728]} | ret=SUCCESS |  
2019-08-20 16:03:55,385 | INFO  | DNAudit | user=null | ip=null | op=PUT_BLOCK {blockData=[blockId=conID: 2 locID: 102650153228370397 bcsId: 0,size=3145728]} | ret=SUCCESS |  
2019-08-20 16:03:55,392 | INFO  | DNAudit | user=null | ip=null | op=WRITE_CHUNK {blockData=conID: 2 locID: 102650153228370397 bcsId: 1877} | ret=SUCCESS |  
2019-08-20 16:03:55,394 | INFO  | DNAudit | user=null | ip=null | op=WRITE_CHUNK {blockData=conID: 2 locID: 102650153228370397 bcsId: 1877} | ret=SUCCESS |  
2019-08-20 16:03:55,394 | INFO  | DNAudit | user=null | ip=null | op=WRITE_CHUNK {blockData=conID: 2 locID: 102650153228370397 bcsId: 1877} | ret=SUCCESS |  
2019-08-20 16:03:55,398 | INFO  | DNAudit | user=null | ip=null | op=WRITE_CHUNK {blockData=conID: 2 locID: 102650153228370397 bcsId: 1877} | ret=SUCCESS |  
2019-08-20 16:03:55,399 | INFO  | DNAudit | user=null | ip=null | op=PUT_BLOCK {blockData=[blockId=conID: 2 locID: 102650153228370397 bcsId: 0,size=4194304]} | ret=SUCCESS |  
2019-08-20 16:03:55,399 [grpc-default-executor-6] INFO  client.GrpcClientProtocolClient (GrpcClientProtocolClient.java:onNext(255)) - client-EAA342753240->9a4a4c23-9ff3-4ce3-a619-2c71c0869997: receive RaftClientReply:client-EAA342753240->9a4a4c23-9ff3-4ce3-a619-2c71c0869997@group-EC4211DF0353, cid=1346, SUCCESS, logIndex=1880, commits[9a4a4c23-9ff3-4ce3-a619-2c71c0869997:c1881, 9b0072ab-15b3-4973-9bcb-7fa02f6bfea9:c1879, 9f215ef2-7d46-4cda-b695-cae1b893f75f:c1879]
2019-08-20 16:03:55,399 [grpc-default-executor-6] INFO  client.GrpcClientProtocolClient (GrpcClientProtocolClient.java:onNext(255)) - client-EAA342753240->9a4a4c23-9ff3-4ce3-a619-2c71c0869997: receive RaftClientReply:client-EAA342753240->9a4a4c23-9ff3-4ce3-a619-2c71c0869997@group-EC4211DF0353, cid=1347, SUCCESS, logIndex=1881, commits[9a4a4c23-9ff3-4ce3-a619-2c71c0869997:c1881, 9b0072ab-15b3-4973-9bcb-7fa02f6bfea9:c1879, 9f215ef2-7d46-4cda-b695-cae1b893f75f:c1879]
2019-08-20 16:03:55,400 | INFO  | DNAudit | user=null | ip=null | op=WRITE_CHUNK {blockData=conID: 2 locID: 102650153228370397 bcsId: 1877} | ret=SUCCESS |  
2019-08-20 16:03:55,400 | INFO  | DNAudit | user=null | ip=null | op=WRITE_CHUNK {blockData=conID: 2 locID: 102650153228370397 bcsId: 1877} | ret=SUCCESS |  
2019-08-20 16:03:55,401 | INFO  | DNAudit | user=null | ip=null | op=PUT_BLOCK {blockData=[blockId=conID: 2 locID: 102650153228370397 bcsId: 0,size=4194304]} | ret=SUCCESS |  
2019-08-20 16:03:55,401 | INFO  | DNAudit | user=null | ip=null | op=PUT_BLOCK {blockData=[blockId=conID: 2 locID: 102650153228370397 bcsId: 0,size=4194304]} | ret=SUCCESS |  
2019-08-20 16:03:55,402 [grpc-default-executor-6] INFO  client.GrpcClientProtocolClient (GrpcClientProtocolClient.java:onNext(255)) - client-EAA342753240->9a4a4c23-9ff3-4ce3-a619-2c71c0869997: receive RaftClientReply:client-EAA342753240->9a4a4c23-9ff3-4ce3-a619-2c71c0869997@group-EC4211DF0353, cid=1348, SUCCESS, logIndex=0, commits[9a4a4c23-9ff3-4ce3-a619-2c71c0869997:c1883, 9b0072ab-15b3-4973-9bcb-7fa02f6bfea9:c1881, 9f215ef2-7d46-4cda-b695-cae1b893f75f:c1881]
2019-08-20 16:03:55,406 | INFO  | SCMAudit | user=jenkins1000 | ip=192.168.69.96 | op=ALLOCATE_BLOCK {owner=ea4851f9-218c-4af7-91b4-edb777a4888c, size=4194304, type=RATIS, factor=THREE} | ret=SUCCESS |  
2019-08-20 16:03:55,408 | INFO  | OMAudit | user=jenkins1000 | ip=127.0.0.1 | op=ALLOCATE_BLOCK {volume=vol-0-94146, bucket=bucket-0-90789, key=key-0-25609, dataSize=0, replicationType=null, replicationFactor=null, keyLocationInfo=null, clientID=102650152704082322} | ret=SUCCESS |  
2019-08-20 16:03:55,414 | INFO  | DNAudit | user=null | ip=null | op=WRITE_CHUNK {blockData=conID: 3 locID: 102650153232368094 bcsId: 0} | ret=SUCCESS |  
2019-08-20 16:03:55,417 | INFO  | DNAudit | user=null | ip=null | op=WRITE_CHUNK {blockData=conID: 3 locID: 102650153232368094 bcsId: 0} | ret=SUCCESS |  
2019-08-20 16:03:55,417 | INFO  | DNAudit | user=null | ip=null | op=WRITE_CHUNK {blockData=conID: 3 locID: 102650153232368094 bcsId: 0} | ret=SUCCESS |  
2019-08-20 16:03:55,418 | INFO  | DNAudit | user=null | ip=null | op=WRITE_CHUNK {blockData=conID: 3 locID: 102650153232368094 bcsId: 0} | ret=SUCCESS |  
2019-08-20 16:03:55,418 | INFO  | SCMAudit | user=jenkins1000 | ip=192.168.69.96 | op=SEND_HEARTBEAT {datanodeUUID=9f215ef2-7d46-4cda-b695-cae1b893f75f, command=[]} | ret=SUCCESS |  
 0.00% |█                                                                                                    |  0/1 Time: 0:00:082019-08-20 16:03:55,418 | INFO  | SCMAudit | user=jenkins1000 | ip=192.168.69.96 | op=SEND_HEARTBEAT {datanodeUUID=9a4a4c23-9ff3-4ce3-a619-2c71c0869997, command=[]} | ret=SUCCESS |  
2019-08-20 16:03:55,418 | INFO  | SCMAudit | user=jenkins1000 | ip=192.168.69.96 | op=SEND_HEARTBEAT {datanodeUUID=9b0072ab-15b3-4973-9bcb-7fa02f6bfea9, command=[]} | ret=SUCCESS |  
2019-08-20 16:03:55,419 | INFO  | DNAudit | user=null | ip=null | op=WRITE_CHUNK {blockData=conID: 3 locID: 102650153232368094 bcsId: 0} | ret=SUCCESS |  
2019-08-20 16:03:55,419 | INFO  | DNAudit | user=null | ip=null | op=WRITE_CHUNK {blockData=conID: 3 locID: 102650153232368094 bcsId: 0} | ret=SUCCESS |  
2019-08-20 16:03:55,435 | INFO  | DNAudit | user=null | ip=null | op=WRITE_CHUNK {blockData=conID: 3 locID: 102650153232368094 bcsId: 0} | ret=SUCCESS |  
2019-08-20 16:03:55,436 | INFO  | DNAudit | user=null | ip=null | op=PUT_BLOCK {blockData=[blockId=conID: 3 locID: 102650153232368094 bcsId: 0,size=1048576]} | ret=SUCCESS |  
2019-08-20 16:03:55,436 [grpc-default-executor-5] INFO  client.GrpcClientProtocolClient (GrpcClientProtocolClient.java:onNext(255)) - client-EAA342753240->9a4a4c23-9ff3-4ce3-a619-2c71c0869997: receive RaftClientReply:client-EAA342753240->9a4a4c23-9ff3-4ce3-a619-2c71c0869997@group-EC4211DF0353, cid=1349, SUCCESS, logIndex=1884, commits[9a4a4c23-9ff3-4ce3-a619-2c71c0869997:c1886, 9b0072ab-15b3-4973-9bcb-7fa02f6bfea9:c1883, 9f215ef2-7d46-4cda-b695-cae1b893f75f:c1883]
2019-08-20 16:03:55,436 | INFO  | DNAudit | user=null | ip=null | op=WRITE_CHUNK {blockData=conID: 3 locID: 102650153232368094 bcsId: 0} | ret=SUCCESS |  
2019-08-20 16:03:55,436 | INFO  | DNAudit | user=null | ip=null | op=PUT_BLOCK {blockData=[blockId=conID: 3 locID: 102650153232368094 bcsId: 0,size=2097152]} | ret=SUCCESS |  
2019-08-20 16:03:55,436 [grpc-default-executor-5] INFO  client.GrpcClientProtocolClient (GrpcClientProtocolClient.java:onNext(255)) - client-EAA342753240->9a4a4c23-9ff3-4ce3-a619-2c71c0869997: receive RaftClientReply:client-EAA342753240->9a4a4c23-9ff3-4ce3-a619-2c71c0869997@group-EC4211DF0353, cid=1350, SUCCESS, logIndex=1885, commits[9a4a4c23-9ff3-4ce3-a619-2c71c0869997:c1887, 9b0072ab-15b3-4973-9bcb-7fa02f6bfea9:c1883, 9f215ef2-7d46-4cda-b695-cae1b893f75f:c1883]
2019-08-20 16:03:55,437 [grpc-default-executor-5] INFO  client.GrpcClientProtocolClient (GrpcClientProtocolClient.java:onNext(255)) - client-EAA342753240->9a4a4c23-9ff3-4ce3-a619-2c71c0869997: receive RaftClientReply:client-EAA342753240->9a4a4c23-9ff3-4ce3-a619-2c71c0869997@group-EC4211DF0353, cid=1351, SUCCESS, logIndex=1886, commits[9a4a4c23-9ff3-4ce3-a619-2c71c0869997:c1887, 9b0072ab-15b3-4973-9bcb-7fa02f6bfea9:c1883, 9f215ef2-7d46-4cda-b695-cae1b893f75f:c1883]
2019-08-20 16:03:55,437 | INFO  | DNAudit | user=null | ip=null | op=WRITE_CHUNK {blockData=conID: 3 locID: 102650153232368094 bcsId: 0} | ret=SUCCESS |  
2019-08-20 16:03:55,437 [grpc-default-executor-5] INFO  client.GrpcClientProtocolClient (GrpcClientProtocolClient.java:onNext(255)) - client-EAA342753240->9a4a4c23-9ff3-4ce3-a619-2c71c0869997: receive RaftClientReply:client-EAA342753240->9a4a4c23-9ff3-4ce3-a619-2c71c0869997@group-EC4211DF0353, cid=1352, SUCCESS, logIndex=1887, commits[9a4a4c23-9ff3-4ce3-a619-2c71c0869997:c1887, 9b0072ab-15b3-4973-9bcb-7fa02f6bfea9:c1883, 9f215ef2-7d46-4cda-b695-cae1b893f75f:c1883]
2019-08-20 16:03:55,438 | INFO  | DNAudit | user=null | ip=null | op=WRITE_CHUNK {blockData=conID: 3 locID: 102650153232368094 bcsId: 0} | ret=SUCCESS |  
2019-08-20 16:03:55,438 | INFO  | DNAudit | user=null | ip=null | op=PUT_BLOCK {blockData=[blockId=conID: 3 locID: 102650153232368094 bcsId: 0,size=1048576]} | ret=SUCCESS |  
2019-08-20 16:03:55,438 | INFO  | DNAudit | user=null | ip=null | op=WRITE_CHUNK {blockData=conID: 3 locID: 102650153232368094 bcsId: 0} | ret=SUCCESS |  
2019-08-20 16:03:55,438 | INFO  | DNAudit | user=null | ip=null | op=PUT_BLOCK {blockData=[blockId=conID: 3 locID: 102650153232368094 bcsId: 0,size=1048576]} | ret=SUCCESS |  
2019-08-20 16:03:55,439 | INFO  | DNAudit | user=null | ip=null | op=WRITE_CHUNK {blockData=conID: 3 locID: 102650153232368094 bcsId: 0} | ret=SUCCESS |  
2019-08-20 16:03:55,439 | INFO  | DNAudit | user=null | ip=null | op=PUT_BLOCK {blockData=[blockId=conID: 3 locID: 102650153232368094 bcsId: 0,size=2097152]} | ret=SUCCESS |  
2019-08-20 16:03:55,439 [grpc-default-executor-5] INFO  client.GrpcClientProtocolClient (GrpcClientProtocolClient.java:onNext(255)) - client-EAA342753240->9a4a4c23-9ff3-4ce3-a619-2c71c0869997: receive RaftClientReply:client-EAA342753240->9a4a4c23-9ff3-4ce3-a619-2c71c0869997@group-EC4211DF0353, cid=1353, SUCCESS, logIndex=0, commits[9a4a4c23-9ff3-4ce3-a619-2c71c0869997:c1890, 9b0072ab-15b3-4973-9bcb-7fa02f6bfea9:c1886, 9f215ef2-7d46-4cda-b695-cae1b893f75f:c1885]
2019-08-20 16:03:55,439 | INFO  | DNAudit | user=null | ip=null | op=PUT_BLOCK {blockData=[blockId=conID: 3 locID: 102650153232368094 bcsId: 0,size=2097152]} | ret=SUCCESS |  
2019-08-20 16:03:55,444 | INFO  | DNAudit | user=null | ip=null | op=WRITE_CHUNK {blockData=conID: 3 locID: 102650153232368094 bcsId: 1887} | ret=SUCCESS |  
2019-08-20 16:03:55,447 | INFO  | DNAudit | user=null | ip=null | op=WRITE_CHUNK {blockData=conID: 3 locID: 102650153232368094 bcsId: 1887} | ret=SUCCESS |  
2019-08-20 16:03:55,447 | INFO  | DNAudit | user=null | ip=null | op=WRITE_CHUNK {blockData=conID: 3 locID: 102650153232368094 bcsId: 1887} | ret=SUCCESS |  
2019-08-20 16:03:55,462 | INFO  | DNAudit | user=null | ip=null | op=WRITE_CHUNK {blockData=conID: 3 locID: 102650153232368094 bcsId: 1887} | ret=SUCCESS |  
2019-08-20 16:03:55,463 | INFO  | DNAudit | user=null | ip=null | op=PUT_BLOCK {blockData=[blockId=conID: 3 locID: 102650153232368094 bcsId: 0,size=3145728]} | ret=SUCCESS |  
2019-08-20 16:03:55,463 [grpc-default-executor-3] INFO  client.GrpcClientProtocolClient (GrpcClientProtocolClient.java:onNext(255)) - client-EAA342753240->9a4a4c23-9ff3-4ce3-a619-2c71c0869997: receive RaftClientReply:client-EAA342753240->9a4a4c23-9ff3-4ce3-a619-2c71c0869997@group-EC4211DF0353, cid=1354, SUCCESS, logIndex=1892, commits[9a4a4c23-9ff3-4ce3-a619-2c71c0869997:c1893, 9b0072ab-15b3-4973-9bcb-7fa02f6bfea9:c1891, 9f215ef2-7d46-4cda-b695-cae1b893f75f:c1891]
2019-08-20 16:03:55,463 [grpc-default-executor-3] INFO  client.GrpcClientProtocolClient (GrpcClientProtocolClient.java:onNext(255)) - client-EAA342753240->9a4a4c23-9ff3-4ce3-a619-2c71c0869997: receive RaftClientReply:client-EAA342753240->9a4a4c23-9ff3-4ce3-a619-2c71c0869997@group-EC4211DF0353, cid=1355, SUCCESS, logIndex=1893, commits[9a4a4c23-9ff3-4ce3-a619-2c71c0869997:c1893, 9b0072ab-15b3-4973-9bcb-7fa02f6bfea9:c1891, 9f215ef2-7d46-4cda-b695-cae1b893f75f:c1891]
2019-08-20 16:03:55,470 | INFO  | DNAudit | user=null | ip=null | op=WRITE_CHUNK {blockData=conID: 3 locID: 102650153232368094 bcsId: 1893} | ret=SUCCESS |  
2019-08-20 16:03:55,472 | INFO  | DNAudit | user=null | ip=null | op=WRITE_CHUNK {blockData=conID: 3 locID: 102650153232368094 bcsId: 1893} | ret=SUCCESS |  
2019-08-20 16:03:55,472 | INFO  | DNAudit | user=null | ip=null | op=WRITE_CHUNK {blockData=conID: 3 locID: 102650153232368094 bcsId: 1893} | ret=SUCCESS |  
2019-08-20 16:03:55,474 | INFO  | DNAudit | user=null | ip=null | op=WRITE_CHUNK {blockData=conID: 3 locID: 102650153232368094 bcsId: 1887} | ret=SUCCESS |  
2019-08-20 16:03:55,475 | INFO  | DNAudit | user=null | ip=null | op=WRITE_CHUNK {blockData=conID: 3 locID: 102650153232368094 bcsId: 1887} | ret=SUCCESS |  
2019-08-20 16:03:55,476 | INFO  | DNAudit | user=null | ip=null | op=PUT_BLOCK {blockData=[blockId=conID: 3 locID: 102650153232368094 bcsId: 0,size=3145728]} | ret=SUCCESS |  
2019-08-20 16:03:55,476 | INFO  | DNAudit | user=null | ip=null | op=PUT_BLOCK {blockData=[blockId=conID: 3 locID: 102650153232368094 bcsId: 0,size=3145728]} | ret=SUCCESS |  
2019-08-20 16:03:55,476 | INFO  | DNAudit | user=null | ip=null | op=WRITE_CHUNK {blockData=conID: 3 locID: 102650153232368094 bcsId: 1893} | ret=SUCCESS |  
2019-08-20 16:03:55,476 | INFO  | DNAudit | user=null | ip=null | op=PUT_BLOCK {blockData=[blockId=conID: 3 locID: 102650153232368094 bcsId: 0,size=4194304]} | ret=SUCCESS |  
2019-08-20 16:03:55,476 [grpc-default-executor-3] INFO  client.GrpcClientProtocolClient (GrpcClientProtocolClient.java:onNext(255)) - client-EAA342753240->9a4a4c23-9ff3-4ce3-a619-2c71c0869997: receive RaftClientReply:client-EAA342753240->9a4a4c23-9ff3-4ce3-a619-2c71c0869997@group-EC4211DF0353, cid=1356, SUCCESS, logIndex=1896, commits[9a4a4c23-9ff3-4ce3-a619-2c71c0869997:c1897, 9b0072ab-15b3-4973-9bcb-7fa02f6bfea9:c1893, 9f215ef2-7d46-4cda-b695-cae1b893f75f:c1893]
2019-08-20 16:03:55,477 [grpc-default-executor-3] INFO  client.GrpcClientProtocolClient (GrpcClientProtocolClient.java:onNext(255)) - client-EAA342753240->9a4a4c23-9ff3-4ce3-a619-2c71c0869997: receive RaftClientReply:client-EAA342753240->9a4a4c23-9ff3-4ce3-a619-2c71c0869997@group-EC4211DF0353, cid=1357, SUCCESS, logIndex=1897, commits[9a4a4c23-9ff3-4ce3-a619-2c71c0869997:c1897, 9b0072ab-15b3-4973-9bcb-7fa02f6bfea9:c1893, 9f215ef2-7d46-4cda-b695-cae1b893f75f:c1893]
2019-08-20 16:03:55,488 | INFO  | DNAudit | user=null | ip=null | op=WRITE_CHUNK {blockData=conID: 3 locID: 102650153232368094 bcsId: 1893} | ret=SUCCESS |  
2019-08-20 16:03:55,488 | INFO  | DNAudit | user=null | ip=null | op=WRITE_CHUNK {blockData=conID: 3 locID: 102650153232368094 bcsId: 1893} | ret=SUCCESS |  
2019-08-20 16:03:55,489 | INFO  | DNAudit | user=null | ip=null | op=PUT_BLOCK {blockData=[blockId=conID: 3 locID: 102650153232368094 bcsId: 0,size=4194304]} | ret=SUCCESS |  
2019-08-20 16:03:55,489 | INFO  | DNAudit | user=null | ip=null | op=PUT_BLOCK {blockData=[blockId=conID: 3 locID: 102650153232368094 bcsId: 0,size=4194304]} | ret=SUCCESS |  
2019-08-20 16:03:55,490 [grpc-default-executor-5] INFO  client.GrpcClientProtocolClient (GrpcClientProtocolClient.java:onNext(255)) - client-EAA342753240->9a4a4c23-9ff3-4ce3-a619-2c71c0869997: receive RaftClientReply:client-EAA342753240->9a4a4c23-9ff3-4ce3-a619-2c71c0869997@group-EC4211DF0353, cid=1358, SUCCESS, logIndex=0, commits[9a4a4c23-9ff3-4ce3-a619-2c71c0869997:c1899, 9b0072ab-15b3-4973-9bcb-7fa02f6bfea9:c1897, 9f215ef2-7d46-4cda-b695-cae1b893f75f:c1897]
2019-08-20 16:03:55,494 | INFO  | SCMAudit | user=jenkins1000 | ip=192.168.69.96 | op=ALLOCATE_BLOCK {owner=ea4851f9-218c-4af7-91b4-edb777a4888c, size=4194304, type=RATIS, factor=THREE} | ret=SUCCESS |  
2019-08-20 16:03:55,496 | INFO  | OMAudit | user=jenkins1000 | ip=127.0.0.1 | op=ALLOCATE_BLOCK {volume=vol-0-94146, bucket=bucket-0-90789, key=key-0-25609, dataSize=0, replicationType=null, replicationFactor=null, keyLocationInfo=null, clientID=102650152704082322} | ret=SUCCESS |  
2019-08-20 16:03:55,501 | INFO  | DNAudit | user=null | ip=null | op=WRITE_CHUNK {blockData=conID: 1 locID: 102650153238069727 bcsId: 0} | ret=SUCCESS |  
2019-08-20 16:03:55,504 | INFO  | DNAudit | user=null | ip=null | op=WRITE_CHUNK {blockData=conID: 1 locID: 102650153238069727 bcsId: 0} | ret=SUCCESS |  
2019-08-20 16:03:55,505 | INFO  | DNAudit | user=null | ip=null | op=WRITE_CHUNK {blockData=conID: 1 locID: 102650153238069727 bcsId: 0} | ret=SUCCESS |  
2019-08-20 16:03:55,505 | INFO  | DNAudit | user=null | ip=null | op=WRITE_CHUNK {blockData=conID: 1 locID: 102650153238069727 bcsId: 0} | ret=SUCCESS |  
2019-08-20 16:03:55,506 | INFO  | DNAudit | user=null | ip=null | op=WRITE_CHUNK {blockData=conID: 1 locID: 102650153238069727 bcsId: 0} | ret=SUCCESS |  
2019-08-20 16:03:55,507 | INFO  | DNAudit | user=null | ip=null | op=WRITE_CHUNK {blockData=conID: 1 locID: 102650153238069727 bcsId: 0} | ret=SUCCESS |  
2019-08-20 16:03:55,513 | INFO  | DNAudit | user=null | ip=null | op=WRITE_CHUNK {blockData=conID: 1 locID: 102650153238069727 bcsId: 0} | ret=SUCCESS |  
2019-08-20 16:03:55,514 | INFO  | DNAudit | user=null | ip=null | op=PUT_BLOCK {blockData=[blockId=conID: 1 locID: 102650153238069727 bcsId: 0,size=1048576]} | ret=SUCCESS |  
2019-08-20 16:03:55,514 [grpc-default-executor-5] INFO  client.GrpcClientProtocolClient (GrpcClientProtocolClient.java:onNext(255)) - client-EAA342753240->9a4a4c23-9ff3-4ce3-a619-2c71c0869997: receive RaftClientReply:client-EAA342753240->9a4a4c23-9ff3-4ce3-a619-2c71c0869997@group-EC4211DF0353, cid=1359, SUCCESS, logIndex=1900, commits[9a4a4c23-9ff3-4ce3-a619-2c71c0869997:c1901, 9b0072ab-15b3-4973-9bcb-7fa02f6bfea9:c1899, 9f215ef2-7d46-4cda-b695-cae1b893f75f:c1899]
2019-08-20 16:03:55,514 | INFO  | DNAudit | user=null | ip=null | op=WRITE_CHUNK {blockData=conID: 1 locID: 102650153238069727 bcsId: 0} | ret=SUCCESS |  
2019-08-20 16:03:55,514 | INFO  | DNAudit | user=null | ip=null | op=PUT_BLOCK {blockData=[blockId=conID: 1 locID: 102650153238069727 bcsId: 0,size=2097152]} | ret=SUCCESS |  
2019-08-20 16:03:55,515 [grpc-default-executor-0] INFO  client.GrpcClientProtocolClient (GrpcClientProtocolClient.java:onNext(255)) - client-EAA342753240->9a4a4c23-9ff3-4ce3-a619-2c71c0869997: receive RaftClientReply:client-EAA342753240->9a4a4c23-9ff3-4ce3-a619-2c71c0869997@group-EC4211DF0353, cid=1360, SUCCESS, logIndex=1901, commits[9a4a4c23-9ff3-4ce3-a619-2c71c0869997:c1901, 9b0072ab-15b3-4973-9bcb-7fa02f6bfea9:c1899, 9f215ef2-7d46-4cda-b695-cae1b893f75f:c1899]
2019-08-20 16:03:55,515 | INFO  | DNAudit | user=null | ip=null | op=WRITE_CHUNK {blockData=conID: 1 locID: 102650153238069727 bcsId: 0} | ret=SUCCESS |  
2019-08-20 16:03:55,515 [grpc-default-executor-0] INFO  client.GrpcClientProtocolClient (GrpcClientProtocolClient.java:onNext(255)) - client-EAA342753240->9a4a4c23-9ff3-4ce3-a619-2c71c0869997: receive RaftClientReply:client-EAA342753240->9a4a4c23-9ff3-4ce3-a619-2c71c0869997@group-EC4211DF0353, cid=1361, SUCCESS, logIndex=1902, commits[9a4a4c23-9ff3-4ce3-a619-2c71c0869997:c1903, 9b0072ab-15b3-4973-9bcb-7fa02f6bfea9:c1899, 9f215ef2-7d46-4cda-b695-cae1b893f75f:c1899]
2019-08-20 16:03:55,515 | INFO  | DNAudit | user=null | ip=null | op=PUT_BLOCK {blockData=[blockId=conID: 1 locID: 102650153238069727 bcsId: 0,size=1048576]} | ret=SUCCESS |  
2019-08-20 16:03:55,515 [grpc-default-executor-0] INFO  client.GrpcClientProtocolClient (GrpcClientProtocolClient.java:onNext(255)) - client-EAA342753240->9a4a4c23-9ff3-4ce3-a619-2c71c0869997: receive RaftClientReply:client-EAA342753240->9a4a4c23-9ff3-4ce3-a619-2c71c0869997@group-EC4211DF0353, cid=1362, SUCCESS, logIndex=1903, commits[9a4a4c23-9ff3-4ce3-a619-2c71c0869997:c1903, 9b0072ab-15b3-4973-9bcb-7fa02f6bfea9:c1899, 9f215ef2-7d46-4cda-b695-cae1b893f75f:c1899]
2019-08-20 16:03:55,516 | INFO  | DNAudit | user=null | ip=null | op=WRITE_CHUNK {blockData=conID: 1 locID: 102650153238069727 bcsId: 0} | ret=SUCCESS |  
2019-08-20 16:03:55,516 | INFO  | DNAudit | user=null | ip=null | op=PUT_BLOCK {blockData=[blockId=conID: 1 locID: 102650153238069727 bcsId: 0,size=1048576]} | ret=SUCCESS |  
2019-08-20 16:03:55,516 | INFO  | DNAudit | user=null | ip=null | op=WRITE_CHUNK {blockData=conID: 1 locID: 102650153238069727 bcsId: 0} | ret=SUCCESS |  
2019-08-20 16:03:55,516 | INFO  | DNAudit | user=null | ip=null | op=WRITE_CHUNK {blockData=conID: 1 locID: 102650153238069727 bcsId: 0} | ret=SUCCESS |  
2019-08-20 16:03:55,516 [grpc-default-executor-5] INFO  client.GrpcClientProtocolClient (GrpcClientProtocolClient.java:onNext(255)) - client-EAA342753240->9a4a4c23-9ff3-4ce3-a619-2c71c0869997: receive RaftClientReply:client-EAA342753240->9a4a4c23-9ff3-4ce3-a619-2c71c0869997@group-EC4211DF0353, cid=1363, SUCCESS, logIndex=0, commits[9a4a4c23-9ff3-4ce3-a619-2c71c0869997:c1905, 9b0072ab-15b3-4973-9bcb-7fa02f6bfea9:c1901, 9f215ef2-7d46-4cda-b695-cae1b893f75f:c1901]
2019-08-20 16:03:55,517 | INFO  | DNAudit | user=null | ip=null | op=PUT_BLOCK {blockData=[blockId=conID: 1 locID: 102650153238069727 bcsId: 0,size=2097152]} | ret=SUCCESS |  
2019-08-20 16:03:55,517 | INFO  | DNAudit | user=null | ip=null | op=PUT_BLOCK {blockData=[blockId=conID: 1 locID: 102650153238069727 bcsId: 0,size=2097152]} | ret=SUCCESS |  
2019-08-20 16:03:55,522 | INFO  | DNAudit | user=null | ip=null | op=WRITE_CHUNK {blockData=conID: 1 locID: 102650153238069727 bcsId: 1903} | ret=SUCCESS |  
2019-08-20 16:03:55,524 | INFO  | DNAudit | user=null | ip=null | op=WRITE_CHUNK {blockData=conID: 1 locID: 102650153238069727 bcsId: 1903} | ret=SUCCESS |  
2019-08-20 16:03:55,525 | INFO  | DNAudit | user=null | ip=null | op=WRITE_CHUNK {blockData=conID: 1 locID: 102650153238069727 bcsId: 1903} | ret=SUCCESS |  
2019-08-20 16:03:55,529 | INFO  | DNAudit | user=null | ip=null | op=WRITE_CHUNK {blockData=conID: 1 locID: 102650153238069727 bcsId: 1903} | ret=SUCCESS |  
2019-08-20 16:03:55,530 | INFO  | DNAudit | user=null | ip=null | op=PUT_BLOCK {blockData=[blockId=conID: 1 locID: 102650153238069727 bcsId: 0,size=3145728]} | ret=SUCCESS |  
2019-08-20 16:03:55,530 [grpc-default-executor-3] INFO  client.GrpcClientProtocolClient (GrpcClientProtocolClient.java:onNext(255)) - client-EAA342753240->9a4a4c23-9ff3-4ce3-a619-2c71c0869997: receive RaftClientReply:client-EAA342753240->9a4a4c23-9ff3-4ce3-a619-2c71c0869997@group-EC4211DF0353, cid=1364, SUCCESS, logIndex=1908, commits[9a4a4c23-9ff3-4ce3-a619-2c71c0869997:c1909, 9b0072ab-15b3-4973-9bcb-7fa02f6bfea9:c1907, 9f215ef2-7d46-4cda-b695-cae1b893f75f:c1907]
2019-08-20 16:03:55,530 [grpc-default-executor-3] INFO  client.GrpcClientProtocolClient (GrpcClientProtocolClient.java:onNext(255)) - client-EAA342753240->9a4a4c23-9ff3-4ce3-a619-2c71c0869997: receive RaftClientReply:client-EAA342753240->9a4a4c23-9ff3-4ce3-a619-2c71c0869997@group-EC4211DF0353, cid=1365, SUCCESS, logIndex=1909, commits[9a4a4c23-9ff3-4ce3-a619-2c71c0869997:c1909, 9b0072ab-15b3-4973-9bcb-7fa02f6bfea9:c1907, 9f215ef2-7d46-4cda-b695-cae1b893f75f:c1907]
2019-08-20 16:03:55,531 | INFO  | DNAudit | user=null | ip=null | op=WRITE_CHUNK {blockData=conID: 1 locID: 102650153238069727 bcsId: 1903} | ret=SUCCESS |  
2019-08-20 16:03:55,531 | INFO  | DNAudit | user=null | ip=null | op=WRITE_CHUNK {blockData=conID: 1 locID: 102650153238069727 bcsId: 1903} | ret=SUCCESS |  
2019-08-20 16:03:55,531 | INFO  | DNAudit | user=null | ip=null | op=PUT_BLOCK {blockData=[blockId=conID: 1 locID: 102650153238069727 bcsId: 0,size=3145728]} | ret=SUCCESS |  
2019-08-20 16:03:55,531 | INFO  | DNAudit | user=null | ip=null | op=PUT_BLOCK {blockData=[blockId=conID: 1 locID: 102650153238069727 bcsId: 0,size=3145728]} | ret=SUCCESS |  
2019-08-20 16:03:55,536 | INFO  | DNAudit | user=null | ip=null | op=WRITE_CHUNK {blockData=conID: 1 locID: 102650153238069727 bcsId: 1909} | ret=SUCCESS |  
2019-08-20 16:03:55,538 | INFO  | DNAudit | user=null | ip=null | op=WRITE_CHUNK {blockData=conID: 1 locID: 102650153238069727 bcsId: 1909} | ret=SUCCESS |  
2019-08-20 16:03:55,538 | INFO  | DNAudit | user=null | ip=null | op=WRITE_CHUNK {blockData=conID: 1 locID: 102650153238069727 bcsId: 1909} | ret=SUCCESS |  
2019-08-20 16:03:55,545 | INFO  | DNAudit | user=null | ip=null | op=WRITE_CHUNK {blockData=conID: 1 locID: 102650153238069727 bcsId: 1909} | ret=SUCCESS |  
2019-08-20 16:03:55,545 | INFO  | DNAudit | user=null | ip=null | op=PUT_BLOCK {blockData=[blockId=conID: 1 locID: 102650153238069727 bcsId: 0,size=4194304]} | ret=SUCCESS |  
2019-08-20 16:03:55,545 [grpc-default-executor-0] INFO  client.GrpcClientProtocolClient (GrpcClientProtocolClient.java:onNext(255)) - client-EAA342753240->9a4a4c23-9ff3-4ce3-a619-2c71c0869997: receive RaftClientReply:client-EAA342753240->9a4a4c23-9ff3-4ce3-a619-2c71c0869997@group-EC4211DF0353, cid=1366, SUCCESS, logIndex=1912, commits[9a4a4c23-9ff3-4ce3-a619-2c71c0869997:c1913, 9b0072ab-15b3-4973-9bcb-7fa02f6bfea9:c1911, 9f215ef2-7d46-4cda-b695-cae1b893f75f:c1911]
2019-08-20 16:03:55,546 [grpc-default-executor-0] INFO  client.GrpcClientProtocolClient (GrpcClientProtocolClient.java:onNext(255)) - client-EAA342753240->9a4a4c23-9ff3-4ce3-a619-2c71c0869997: receive RaftClientReply:client-EAA342753240->9a4a4c23-9ff3-4ce3-a619-2c71c0869997@group-EC4211DF0353, cid=1367, SUCCESS, logIndex=1913, commits[9a4a4c23-9ff3-4ce3-a619-2c71c0869997:c1913, 9b0072ab-15b3-4973-9bcb-7fa02f6bfea9:c1911, 9f215ef2-7d46-4cda-b695-cae1b893f75f:c1911]
2019-08-20 16:03:55,546 | INFO  | DNAudit | user=null | ip=null | op=WRITE_CHUNK {blockData=conID: 1 locID: 102650153238069727 bcsId: 1909} | ret=SUCCESS |  
2019-08-20 16:03:55,546 | INFO  | DNAudit | user=null | ip=null | op=WRITE_CHUNK {blockData=conID: 1 locID: 102650153238069727 bcsId: 1909} | ret=SUCCESS |  
2019-08-20 16:03:55,548 | INFO  | DNAudit | user=null | ip=null | op=PUT_BLOCK {blockData=[blockId=conID: 1 locID: 102650153238069727 bcsId: 0,size=4194304]} | ret=SUCCESS |  
2019-08-20 16:03:55,548 | INFO  | DNAudit | user=null | ip=null | op=PUT_BLOCK {blockData=[blockId=conID: 1 locID: 102650153238069727 bcsId: 0,size=4194304]} | ret=SUCCESS |  
2019-08-20 16:03:55,548 [grpc-default-executor-3] INFO  client.GrpcClientProtocolClient (GrpcClientProtocolClient.java:onNext(255)) - client-EAA342753240->9a4a4c23-9ff3-4ce3-a619-2c71c0869997: receive RaftClientReply:client-EAA342753240->9a4a4c23-9ff3-4ce3-a619-2c71c0869997@group-EC4211DF0353, cid=1368, SUCCESS, logIndex=0, commits[9a4a4c23-9ff3-4ce3-a619-2c71c0869997:c1915, 9b0072ab-15b3-4973-9bcb-7fa02f6bfea9:c1913, 9f215ef2-7d46-4cda-b695-cae1b893f75f:c1913]
2019-08-20 16:03:55,552 | INFO  | SCMAudit | user=jenkins1000 | ip=192.168.69.96 | op=ALLOCATE_BLOCK {owner=ea4851f9-218c-4af7-91b4-edb777a4888c, size=4194304, type=RATIS, factor=THREE} | ret=SUCCESS |  
2019-08-20 16:03:55,554 | INFO  | OMAudit | user=jenkins1000 | ip=127.0.0.1 | op=ALLOCATE_BLOCK {volume=vol-0-94146, bucket=bucket-0-90789, key=key-0-25609, dataSize=0, replicationType=null, replicationFactor=null, keyLocationInfo=null, clientID=102650152704082322} | ret=SUCCESS |  
2019-08-20 16:03:55,560 | INFO  | DNAudit | user=null | ip=null | op=WRITE_CHUNK {blockData=conID: 2 locID: 102650153241936352 bcsId: 0} | ret=SUCCESS |  
2019-08-20 16:03:55,562 | INFO  | DNAudit | user=null | ip=null | op=WRITE_CHUNK {blockData=conID: 2 locID: 102650153241936352 bcsId: 0} | ret=SUCCESS |  
2019-08-20 16:03:55,562 | INFO  | DNAudit | user=null | ip=null | op=WRITE_CHUNK {blockData=conID: 2 locID: 102650153241936352 bcsId: 0} | ret=SUCCESS |  
2019-08-20 16:03:55,562 | INFO  | DNAudit | user=null | ip=null | op=WRITE_CHUNK {blockData=conID: 2 locID: 102650153241936352 bcsId: 0} | ret=SUCCESS |  
2019-08-20 16:03:55,564 | INFO  | DNAudit | user=null | ip=null | op=WRITE_CHUNK {blockData=conID: 2 locID: 102650153241936352 bcsId: 0} | ret=SUCCESS |  
2019-08-20 16:03:55,564 | INFO  | DNAudit | user=null | ip=null | op=WRITE_CHUNK {blockData=conID: 2 locID: 102650153241936352 bcsId: 0} | ret=SUCCESS |  
2019-08-20 16:03:55,580 | INFO  | DNAudit | user=null | ip=null | op=WRITE_CHUNK {blockData=conID: 2 locID: 102650153241936352 bcsId: 0} | ret=SUCCESS |  
2019-08-20 16:03:55,581 | INFO  | DNAudit | user=null | ip=null | op=PUT_BLOCK {blockData=[blockId=conID: 2 locID: 102650153241936352 bcsId: 0,size=1048576]} | ret=SUCCESS |  
2019-08-20 16:03:55,581 [grpc-default-executor-0] INFO  client.GrpcClientProtocolClient (GrpcClientProtocolClient.java:onNext(255)) - client-EAA342753240->9a4a4c23-9ff3-4ce3-a619-2c71c0869997: receive RaftClientReply:client-EAA342753240->9a4a4c23-9ff3-4ce3-a619-2c71c0869997@group-EC4211DF0353, cid=1369, SUCCESS, logIndex=1916, commits[9a4a4c23-9ff3-4ce3-a619-2c71c0869997:c1917, 9b0072ab-15b3-4973-9bcb-7fa02f6bfea9:c1915, 9f215ef2-7d46-4cda-b695-cae1b893f75f:c1915]
2019-08-20 16:03:55,581 [grpc-default-executor-0] INFO  client.GrpcClientProtocolClient (GrpcClientProtocolClient.java:onNext(255)) - client-EAA342753240->9a4a4c23-9ff3-4ce3-a619-2c71c0869997: receive RaftClientReply:client-EAA342753240->9a4a4c23-9ff3-4ce3-a619-2c71c0869997@group-EC4211DF0353, cid=1370, SUCCESS, logIndex=1917, commits[9a4a4c23-9ff3-4ce3-a619-2c71c0869997:c1917, 9b0072ab-15b3-4973-9bcb-7fa02f6bfea9:c1915, 9f215ef2-7d46-4cda-b695-cae1b893f75f:c1915]
2019-08-20 16:03:55,590 | INFO  | DNAudit | user=null | ip=null | op=WRITE_CHUNK {blockData=conID: 2 locID: 102650153241936352 bcsId: 0} | ret=SUCCESS |  
2019-08-20 16:03:55,591 | INFO  | DNAudit | user=null | ip=null | op=PUT_BLOCK {blockData=[blockId=conID: 2 locID: 102650153241936352 bcsId: 0,size=2097152]} | ret=SUCCESS |  
2019-08-20 16:03:55,591 [grpc-default-executor-3] INFO  client.GrpcClientProtocolClient (GrpcClientProtocolClient.java:onNext(255)) - client-EAA342753240->9a4a4c23-9ff3-4ce3-a619-2c71c0869997: receive RaftClientReply:client-EAA342753240->9a4a4c23-9ff3-4ce3-a619-2c71c0869997@group-EC4211DF0353, cid=1371, SUCCESS, logIndex=1918, commits[9a4a4c23-9ff3-4ce3-a619-2c71c0869997:c1919, 9b0072ab-15b3-4973-9bcb-7fa02f6bfea9:c1915, 9f215ef2-7d46-4cda-b695-cae1b893f75f:c1915]
2019-08-20 16:03:55,591 [grpc-default-executor-3] INFO  client.GrpcClientProtocolClient (GrpcClientProtocolClient.java:onNext(255)) - client-EAA342753240->9a4a4c23-9ff3-4ce3-a619-2c71c0869997: receive RaftClientReply:client-EAA342753240->9a4a4c23-9ff3-4ce3-a619-2c71c0869997@group-EC4211DF0353, cid=1372, SUCCESS, logIndex=1919, commits[9a4a4c23-9ff3-4ce3-a619-2c71c0869997:c1919, 9b0072ab-15b3-4973-9bcb-7fa02f6bfea9:c1915, 9f215ef2-7d46-4cda-b695-cae1b893f75f:c1915]
2019-08-20 16:03:55,591 | INFO  | DNAudit | user=null | ip=null | op=WRITE_CHUNK {blockData=conID: 2 locID: 102650153241936352 bcsId: 0} | ret=SUCCESS |  
2019-08-20 16:03:55,591 | INFO  | DNAudit | user=null | ip=null | op=PUT_BLOCK {blockData=[blockId=conID: 2 locID: 102650153241936352 bcsId: 0,size=1048576]} | ret=SUCCESS |  
2019-08-20 16:03:55,593 | INFO  | DNAudit | user=null | ip=null | op=WRITE_CHUNK {blockData=conID: 2 locID: 102650153241936352 bcsId: 0} | ret=SUCCESS |  
2019-08-20 16:03:55,593 | INFO  | DNAudit | user=null | ip=null | op=WRITE_CHUNK {blockData=conID: 2 locID: 102650153241936352 bcsId: 0} | ret=SUCCESS |  
2019-08-20 16:03:55,593 | INFO  | DNAudit | user=null | ip=null | op=PUT_BLOCK {blockData=[blockId=conID: 2 locID: 102650153241936352 bcsId: 0,size=1048576]} | ret=SUCCESS |  
2019-08-20 16:03:55,593 | INFO  | DNAudit | user=null | ip=null | op=PUT_BLOCK {blockData=[blockId=conID: 2 locID: 102650153241936352 bcsId: 0,size=2097152]} | ret=SUCCESS |  
2019-08-20 16:03:55,593 | INFO  | DNAudit | user=null | ip=null | op=WRITE_CHUNK {blockData=conID: 2 locID: 102650153241936352 bcsId: 0} | ret=SUCCESS |  
2019-08-20 16:03:55,593 | INFO  | DNAudit | user=null | ip=null | op=PUT_BLOCK {blockData=[blockId=conID: 2 locID: 102650153241936352 bcsId: 0,size=2097152]} | ret=SUCCESS |  
2019-08-20 16:03:55,593 [grpc-default-executor-3] INFO  client.GrpcClientProtocolClient (GrpcClientProtocolClient.java:onNext(255)) - client-EAA342753240->9a4a4c23-9ff3-4ce3-a619-2c71c0869997: receive RaftClientReply:client-EAA342753240->9a4a4c23-9ff3-4ce3-a619-2c71c0869997@group-EC4211DF0353, cid=1373, SUCCESS, logIndex=0, commits[9a4a4c23-9ff3-4ce3-a619-2c71c0869997:c1922, 9b0072ab-15b3-4973-9bcb-7fa02f6bfea9:c1917, 9f215ef2-7d46-4cda-b695-cae1b893f75f:c1919]
2019-08-20 16:03:55,599 | INFO  | DNAudit | user=null | ip=null | op=WRITE_CHUNK {blockData=conID: 2 locID: 102650153241936352 bcsId: 1919} | ret=SUCCESS |  
2019-08-20 16:03:55,601 | INFO  | DNAudit | user=null | ip=null | op=WRITE_CHUNK {blockData=conID: 2 locID: 102650153241936352 bcsId: 1919} | ret=SUCCESS |  
2019-08-20 16:03:55,601 | INFO  | DNAudit | user=null | ip=null | op=WRITE_CHUNK {blockData=conID: 2 locID: 102650153241936352 bcsId: 1919} | ret=SUCCESS |  
2019-08-20 16:03:55,613 | INFO  | DNAudit | user=null | ip=null | op=WRITE_CHUNK {blockData=conID: 2 locID: 102650153241936352 bcsId: 1919} | ret=SUCCESS |  
2019-08-20 16:03:55,613 | INFO  | DNAudit | user=null | ip=null | op=PUT_BLOCK {blockData=[blockId=conID: 2 locID: 102650153241936352 bcsId: 0,size=3145728]} | ret=SUCCESS |  
2019-08-20 16:03:55,613 [grpc-default-executor-5] INFO  client.GrpcClientProtocolClient (GrpcClientProtocolClient.java:onNext(255)) - client-EAA342753240->9a4a4c23-9ff3-4ce3-a619-2c71c0869997: receive RaftClientReply:client-EAA342753240->9a4a4c23-9ff3-4ce3-a619-2c71c0869997@group-EC4211DF0353, cid=1374, SUCCESS, logIndex=1923, commits[9a4a4c23-9ff3-4ce3-a619-2c71c0869997:c1924, 9b0072ab-15b3-4973-9bcb-7fa02f6bfea9:c1922, 9f215ef2-7d46-4cda-b695-cae1b893f75f:c1922]
2019-08-20 16:03:55,614 [grpc-default-executor-5] INFO  client.GrpcClientProtocolClient (GrpcClientProtocolClient.java:onNext(255)) - client-EAA342753240->9a4a4c23-9ff3-4ce3-a619-2c71c0869997: receive RaftClientReply:client-EAA342753240->9a4a4c23-9ff3-4ce3-a619-2c71c0869997@group-EC4211DF0353, cid=1375, SUCCESS, logIndex=1924, commits[9a4a4c23-9ff3-4ce3-a619-2c71c0869997:c1924, 9b0072ab-15b3-4973-9bcb-7fa02f6bfea9:c1922, 9f215ef2-7d46-4cda-b695-cae1b893f75f:c1922]
2019-08-20 16:03:55,615 | INFO  | DNAudit | user=null | ip=null | op=WRITE_CHUNK {blockData=conID: 2 locID: 102650153241936352 bcsId: 1919} | ret=SUCCESS |  
2019-08-20 16:03:55,615 | INFO  | DNAudit | user=null | ip=null | op=WRITE_CHUNK {blockData=conID: 2 locID: 102650153241936352 bcsId: 1919} | ret=SUCCESS |  
2019-08-20 16:03:55,615 | INFO  | DNAudit | user=null | ip=null | op=PUT_BLOCK {blockData=[blockId=conID: 2 locID: 102650153241936352 bcsId: 0,size=3145728]} | ret=SUCCESS |  
2019-08-20 16:03:55,616 | INFO  | DNAudit | user=null | ip=null | op=PUT_BLOCK {blockData=[blockId=conID: 2 locID: 102650153241936352 bcsId: 0,size=3145728]} | ret=SUCCESS |  
2019-08-20 16:03:55,620 | INFO  | DNAudit | user=null | ip=null | op=WRITE_CHUNK {blockData=conID: 2 locID: 102650153241936352 bcsId: 1924} | ret=SUCCESS |  
2019-08-20 16:03:55,623 | INFO  | DNAudit | user=null | ip=null | op=WRITE_CHUNK {blockData=conID: 2 locID: 102650153241936352 bcsId: 1924} | ret=SUCCESS |  
2019-08-20 16:03:55,623 | INFO  | DNAudit | user=null | ip=null | op=WRITE_CHUNK {blockData=conID: 2 locID: 102650153241936352 bcsId: 1924} | ret=SUCCESS |  
2019-08-20 16:03:55,629 | INFO  | DNAudit | user=null | ip=null | op=WRITE_CHUNK {blockData=conID: 2 locID: 102650153241936352 bcsId: 1924} | ret=SUCCESS |  
2019-08-20 16:03:55,629 | INFO  | DNAudit | user=null | ip=null | op=PUT_BLOCK {blockData=[blockId=conID: 2 locID: 102650153241936352 bcsId: 0,size=4194304]} | ret=SUCCESS |  
2019-08-20 16:03:55,629 [grpc-default-executor-5] INFO  client.GrpcClientProtocolClient (GrpcClientProtocolClient.java:onNext(255)) - client-EAA342753240->9a4a4c23-9ff3-4ce3-a619-2c71c0869997: receive RaftClientReply:client-EAA342753240->9a4a4c23-9ff3-4ce3-a619-2c71c0869997@group-EC4211DF0353, cid=1376, SUCCESS, logIndex=1927, commits[9a4a4c23-9ff3-4ce3-a619-2c71c0869997:c1928, 9b0072ab-15b3-4973-9bcb-7fa02f6bfea9:c1926, 9f215ef2-7d46-4cda-b695-cae1b893f75f:c1926]
2019-08-20 16:03:55,630 [grpc-default-executor-5] INFO  client.GrpcClientProtocolClient (GrpcClientProtocolClient.java:onNext(255)) - client-EAA342753240->9a4a4c23-9ff3-4ce3-a619-2c71c0869997: receive RaftClientReply:client-EAA342753240->9a4a4c23-9ff3-4ce3-a619-2c71c0869997@group-EC4211DF0353, cid=1377, SUCCESS, logIndex=1928, commits[9a4a4c23-9ff3-4ce3-a619-2c71c0869997:c1928, 9b0072ab-15b3-4973-9bcb-7fa02f6bfea9:c1926, 9f215ef2-7d46-4cda-b695-cae1b893f75f:c1926]
2019-08-20 16:03:55,631 | INFO  | DNAudit | user=null | ip=null | op=WRITE_CHUNK {blockData=conID: 2 locID: 102650153241936352 bcsId: 1924} | ret=SUCCESS |  
2019-08-20 16:03:55,631 | INFO  | DNAudit | user=null | ip=null | op=WRITE_CHUNK {blockData=conID: 2 locID: 102650153241936352 bcsId: 1924} | ret=SUCCESS |  
2019-08-20 16:03:55,631 | INFO  | DNAudit | user=null | ip=null | op=PUT_BLOCK {blockData=[blockId=conID: 2 locID: 102650153241936352 bcsId: 0,size=4194304]} | ret=SUCCESS |  
2019-08-20 16:03:55,631 | INFO  | DNAudit | user=null | ip=null | op=PUT_BLOCK {blockData=[blockId=conID: 2 locID: 102650153241936352 bcsId: 0,size=4194304]} | ret=SUCCESS |  
2019-08-20 16:03:55,631 [grpc-default-executor-0] INFO  client.GrpcClientProtocolClient (GrpcClientProtocolClient.java:onNext(255)) - client-EAA342753240->9a4a4c23-9ff3-4ce3-a619-2c71c0869997: receive RaftClientReply:client-EAA342753240->9a4a4c23-9ff3-4ce3-a619-2c71c0869997@group-EC4211DF0353, cid=1378, SUCCESS, logIndex=0, commits[9a4a4c23-9ff3-4ce3-a619-2c71c0869997:c1929, 9b0072ab-15b3-4973-9bcb-7fa02f6bfea9:c1928, 9f215ef2-7d46-4cda-b695-cae1b893f75f:c1928]
2019-08-20 16:03:55,636 | INFO  | SCMAudit | user=jenkins1000 | ip=192.168.69.96 | op=ALLOCATE_BLOCK {owner=ea4851f9-218c-4af7-91b4-edb777a4888c, size=4194304, type=RATIS, factor=THREE} | ret=SUCCESS |  
2019-08-20 16:03:55,638 | INFO  | OMAudit | user=jenkins1000 | ip=127.0.0.1 | op=ALLOCATE_BLOCK {volume=vol-0-94146, bucket=bucket-0-90789, key=key-0-25609, dataSize=0, replicationType=null, replicationFactor=null, keyLocationInfo=null, clientID=102650152704082322} | ret=SUCCESS |  
2019-08-20 16:03:55,644 | INFO  | DNAudit | user=null | ip=null | op=WRITE_CHUNK {blockData=conID: 3 locID: 102650153247441377 bcsId: 0} | ret=SUCCESS |  
2019-08-20 16:03:55,737 | INFO  | DNAudit | user=null | ip=null | op=WRITE_CHUNK {blockData=conID: 3 locID: 102650153247441377 bcsId: 0} | ret=SUCCESS |  
2019-08-20 16:03:55,738 | INFO  | DNAudit | user=null | ip=null | op=WRITE_CHUNK {blockData=conID: 3 locID: 102650153247441377 bcsId: 0} | ret=SUCCESS |  
2019-08-20 16:03:55,738 | INFO  | DNAudit | user=null | ip=null | op=WRITE_CHUNK {blockData=conID: 3 locID: 102650153247441377 bcsId: 0} | ret=SUCCESS |  
2019-08-20 16:03:55,740 | INFO  | DNAudit | user=null | ip=null | op=WRITE_CHUNK {blockData=conID: 3 locID: 102650153247441377 bcsId: 0} | ret=SUCCESS |  
2019-08-20 16:03:55,741 | INFO  | DNAudit | user=null | ip=null | op=WRITE_CHUNK {blockData=conID: 3 locID: 102650153247441377 bcsId: 0} | ret=SUCCESS |  
2019-08-20 16:03:55,751 | INFO  | DNAudit | user=null | ip=null | op=WRITE_CHUNK {blockData=conID: 3 locID: 102650153247441377 bcsId: 0} | ret=SUCCESS |  
2019-08-20 16:03:55,751 | INFO  | DNAudit | user=null | ip=null | op=PUT_BLOCK {blockData=[blockId=conID: 3 locID: 102650153247441377 bcsId: 0,size=1048576]} | ret=SUCCESS |  
2019-08-20 16:03:55,751 [grpc-default-executor-5] INFO  client.GrpcClientProtocolClient (GrpcClientProtocolClient.java:onNext(255)) - client-EAA342753240->9a4a4c23-9ff3-4ce3-a619-2c71c0869997: receive RaftClientReply:client-EAA342753240->9a4a4c23-9ff3-4ce3-a619-2c71c0869997@group-EC4211DF0353, cid=1379, SUCCESS, logIndex=1931, commits[9a4a4c23-9ff3-4ce3-a619-2c71c0869997:c1932, 9b0072ab-15b3-4973-9bcb-7fa02f6bfea9:c1930, 9f215ef2-7d46-4cda-b695-cae1b893f75f:c1930]
2019-08-20 16:03:55,752 | INFO  | DNAudit | user=null | ip=null | op=WRITE_CHUNK {blockData=conID: 3 locID: 102650153247441377 bcsId: 0} | ret=SUCCESS |  
2019-08-20 16:03:55,752 [grpc-default-executor-5] INFO  client.GrpcClientProtocolClient (GrpcClientProtocolClient.java:onNext(255)) - client-EAA342753240->9a4a4c23-9ff3-4ce3-a619-2c71c0869997: receive RaftClientReply:client-EAA342753240->9a4a4c23-9ff3-4ce3-a619-2c71c0869997@group-EC4211DF0353, cid=1380, SUCCESS, logIndex=1932, commits[9a4a4c23-9ff3-4ce3-a619-2c71c0869997:c1932, 9b0072ab-15b3-4973-9bcb-7fa02f6bfea9:c1930, 9f215ef2-7d46-4cda-b695-cae1b893f75f:c1930]
2019-08-20 16:03:55,752 | INFO  | DNAudit | user=null | ip=null | op=PUT_BLOCK {blockData=[blockId=conID: 3 locID: 102650153247441377 bcsId: 0,size=2097152]} | ret=SUCCESS |  
2019-08-20 16:03:55,753 [grpc-default-executor-5] INFO  client.GrpcClientProtocolClient (GrpcClientProtocolClient.java:onNext(255)) - client-EAA342753240->9a4a4c23-9ff3-4ce3-a619-2c71c0869997: receive RaftClientReply:client-EAA342753240->9a4a4c23-9ff3-4ce3-a619-2c71c0869997@group-EC4211DF0353, cid=1381, SUCCESS, logIndex=1933, commits[9a4a4c23-9ff3-4ce3-a619-2c71c0869997:c1933, 9b0072ab-15b3-4973-9bcb-7fa02f6bfea9:c1930, 9f215ef2-7d46-4cda-b695-cae1b893f75f:c1930]
2019-08-20 16:03:55,753 | INFO  | DNAudit | user=null | ip=null | op=WRITE_CHUNK {blockData=conID: 3 locID: 102650153247441377 bcsId: 0} | ret=SUCCESS |  
2019-08-20 16:03:55,753 [grpc-default-executor-0] INFO  client.GrpcClientProtocolClient (GrpcClientProtocolClient.java:onNext(255)) - client-EAA342753240->9a4a4c23-9ff3-4ce3-a619-2c71c0869997: receive RaftClientReply:client-EAA342753240->9a4a4c23-9ff3-4ce3-a619-2c71c0869997@group-EC4211DF0353, cid=1382, SUCCESS, logIndex=1934, commits[9a4a4c23-9ff3-4ce3-a619-2c71c0869997:c1934, 9b0072ab-15b3-4973-9bcb-7fa02f6bfea9:c1930, 9f215ef2-7d46-4cda-b695-cae1b893f75f:c1930]
2019-08-20 16:03:55,753 | INFO  | DNAudit | user=null | ip=null | op=PUT_BLOCK {blockData=[blockId=conID: 3 locID: 102650153247441377 bcsId: 0,size=1048576]} | ret=SUCCESS |  
2019-08-20 16:03:55,753 | INFO  | DNAudit | user=null | ip=null | op=WRITE_CHUNK {blockData=conID: 3 locID: 102650153247441377 bcsId: 0} | ret=SUCCESS |  
2019-08-20 16:03:55,754 | INFO  | DNAudit | user=null | ip=null | op=PUT_BLOCK {blockData=[blockId=conID: 3 locID: 102650153247441377 bcsId: 0,size=1048576]} | ret=SUCCESS |  
2019-08-20 16:03:55,754 | INFO  | DNAudit | user=null | ip=null | op=WRITE_CHUNK {blockData=conID: 3 locID: 102650153247441377 bcsId: 0} | ret=SUCCESS |  
2019-08-20 16:03:55,754 | INFO  | DNAudit | user=null | ip=null | op=PUT_BLOCK {blockData=[blockId=conID: 3 locID: 102650153247441377 bcsId: 0,size=2097152]} | ret=SUCCESS |  
2019-08-20 16:03:55,754 | INFO  | DNAudit | user=null | ip=null | op=WRITE_CHUNK {blockData=conID: 3 locID: 102650153247441377 bcsId: 0} | ret=SUCCESS |  
2019-08-20 16:03:55,754 [grpc-default-executor-0] INFO  client.GrpcClientProtocolClient (GrpcClientProtocolClient.java:onNext(255)) - client-EAA342753240->9a4a4c23-9ff3-4ce3-a619-2c71c0869997: receive RaftClientReply:client-EAA342753240->9a4a4c23-9ff3-4ce3-a619-2c71c0869997@group-EC4211DF0353, cid=1383, SUCCESS, logIndex=0, commits[9a4a4c23-9ff3-4ce3-a619-2c71c0869997:c1936, 9b0072ab-15b3-4973-9bcb-7fa02f6bfea9:c1932, 9f215ef2-7d46-4cda-b695-cae1b893f75f:c1932]
2019-08-20 16:03:55,755 | INFO  | DNAudit | user=null | ip=null | op=PUT_BLOCK {blockData=[blockId=conID: 3 locID: 102650153247441377 bcsId: 0,size=2097152]} | ret=SUCCESS |  
2019-08-20 16:03:55,760 | INFO  | DNAudit | user=null | ip=null | op=WRITE_CHUNK {blockData=conID: 3 locID: 102650153247441377 bcsId: 1934} | ret=SUCCESS |  
2019-08-20 16:03:55,763 | INFO  | DNAudit | user=null | ip=null | op=WRITE_CHUNK {blockData=conID: 3 locID: 102650153247441377 bcsId: 1934} | ret=SUCCESS |  
2019-08-20 16:03:55,763 | INFO  | DNAudit | user=null | ip=null | op=WRITE_CHUNK {blockData=conID: 3 locID: 102650153247441377 bcsId: 1934} | ret=SUCCESS |  
2019-08-20 16:03:55,775 | INFO  | DNAudit | user=null | ip=null | op=WRITE_CHUNK {blockData=conID: 3 locID: 102650153247441377 bcsId: 1934} | ret=SUCCESS |  
2019-08-20 16:03:55,775 | INFO  | DNAudit | user=null | ip=null | op=PUT_BLOCK {blockData=[blockId=conID: 3 locID: 102650153247441377 bcsId: 0,size=3145728]} | ret=SUCCESS |  
2019-08-20 16:03:55,775 [grpc-default-executor-3] INFO  client.GrpcClientProtocolClient (GrpcClientProtocolClient.java:onNext(255)) - client-EAA342753240->9a4a4c23-9ff3-4ce3-a619-2c71c0869997: receive RaftClientReply:client-EAA342753240->9a4a4c23-9ff3-4ce3-a619-2c71c0869997@group-EC4211DF0353, cid=1384, SUCCESS, logIndex=1939, commits[9a4a4c23-9ff3-4ce3-a619-2c71c0869997:c1940, 9b0072ab-15b3-4973-9bcb-7fa02f6bfea9:c1938, 9f215ef2-7d46-4cda-b695-cae1b893f75f:c1938]
2019-08-20 16:03:55,776 [grpc-default-executor-3] INFO  client.GrpcClientProtocolClient (GrpcClientProtocolClient.java:onNext(255)) - client-EAA342753240->9a4a4c23-9ff3-4ce3-a619-2c71c0869997: receive RaftClientReply:client-EAA342753240->9a4a4c23-9ff3-4ce3-a619-2c71c0869997@group-EC4211DF0353, cid=1385, SUCCESS, logIndex=1940, commits[9a4a4c23-9ff3-4ce3-a619-2c71c0869997:c1940, 9b0072ab-15b3-4973-9bcb-7fa02f6bfea9:c1938, 9f215ef2-7d46-4cda-b695-cae1b893f75f:c1938]
2019-08-20 16:03:55,782 | INFO  | DNAudit | user=null | ip=null | op=WRITE_CHUNK {blockData=conID: 3 locID: 102650153247441377 bcsId: 1940} | ret=SUCCESS |  
2019-08-20 16:03:55,784 | INFO  | DNAudit | user=null | ip=null | op=WRITE_CHUNK {blockData=conID: 3 locID: 102650153247441377 bcsId: 1940} | ret=SUCCESS |  
2019-08-20 16:03:55,785 | INFO  | DNAudit | user=null | ip=null | op=WRITE_CHUNK {blockData=conID: 3 locID: 102650153247441377 bcsId: 1940} | ret=SUCCESS |  
2019-08-20 16:03:55,786 | INFO  | DNAudit | user=null | ip=null | op=WRITE_CHUNK {blockData=conID: 3 locID: 102650153247441377 bcsId: 1934} | ret=SUCCESS |  
2019-08-20 16:03:55,787 | INFO  | DNAudit | user=null | ip=null | op=WRITE_CHUNK {blockData=conID: 3 locID: 102650153247441377 bcsId: 1934} | ret=SUCCESS |  
2019-08-20 16:03:55,787 | INFO  | DNAudit | user=null | ip=null | op=PUT_BLOCK {blockData=[blockId=conID: 3 locID: 102650153247441377 bcsId: 0,size=3145728]} | ret=SUCCESS |  
2019-08-20 16:03:55,788 | INFO  | DNAudit | user=null | ip=null | op=PUT_BLOCK {blockData=[blockId=conID: 3 locID: 102650153247441377 bcsId: 0,size=3145728]} | ret=SUCCESS |  
2019-08-20 16:03:55,788 | INFO  | DNAudit | user=null | ip=null | op=WRITE_CHUNK {blockData=conID: 3 locID: 102650153247441377 bcsId: 1940} | ret=SUCCESS |  
2019-08-20 16:03:55,788 | INFO  | DNAudit | user=null | ip=null | op=PUT_BLOCK {blockData=[blockId=conID: 3 locID: 102650153247441377 bcsId: 0,size=4194304]} | ret=SUCCESS |  
2019-08-20 16:03:55,789 [grpc-default-executor-3] INFO  client.GrpcClientProtocolClient (GrpcClientProtocolClient.java:onNext(255)) - client-EAA342753240->9a4a4c23-9ff3-4ce3-a619-2c71c0869997: receive RaftClientReply:client-EAA342753240->9a4a4c23-9ff3-4ce3-a619-2c71c0869997@group-EC4211DF0353, cid=1386, SUCCESS, logIndex=1943, commits[9a4a4c23-9ff3-4ce3-a619-2c71c0869997:c1944, 9b0072ab-15b3-4973-9bcb-7fa02f6bfea9:c1940, 9f215ef2-7d46-4cda-b695-cae1b893f75f:c1940]
2019-08-20 16:03:55,789 [grpc-default-executor-5] INFO  client.GrpcClientProtocolClient (GrpcClientProtocolClient.java:onNext(255)) - client-EAA342753240->9a4a4c23-9ff3-4ce3-a619-2c71c0869997: receive RaftClientReply:client-EAA342753240->9a4a4c23-9ff3-4ce3-a619-2c71c0869997@group-EC4211DF0353, cid=1387, SUCCESS, logIndex=1944, commits[9a4a4c23-9ff3-4ce3-a619-2c71c0869997:c1944, 9b0072ab-15b3-4973-9bcb-7fa02f6bfea9:c1940, 9f215ef2-7d46-4cda-b695-cae1b893f75f:c1940]
2019-08-20 16:03:55,790 | INFO  | DNAudit | user=null | ip=null | op=WRITE_CHUNK {blockData=conID: 3 locID: 102650153247441377 bcsId: 1940} | ret=SUCCESS |  
2019-08-20 16:03:55,790 | INFO  | DNAudit | user=null | ip=null | op=WRITE_CHUNK {blockData=conID: 3 locID: 102650153247441377 bcsId: 1940} | ret=SUCCESS |  
2019-08-20 16:03:55,791 | INFO  | DNAudit | user=null | ip=null | op=PUT_BLOCK {blockData=[blockId=conID: 3 locID: 102650153247441377 bcsId: 0,size=4194304]} | ret=SUCCESS |  
2019-08-20 16:03:55,791 | INFO  | DNAudit | user=null | ip=null | op=PUT_BLOCK {blockData=[blockId=conID: 3 locID: 102650153247441377 bcsId: 0,size=4194304]} | ret=SUCCESS |  
2019-08-20 16:03:55,792 [grpc-default-executor-5] INFO  client.GrpcClientProtocolClient (GrpcClientProtocolClient.java:onNext(255)) - client-EAA342753240->9a4a4c23-9ff3-4ce3-a619-2c71c0869997: receive RaftClientReply:client-EAA342753240->9a4a4c23-9ff3-4ce3-a619-2c71c0869997@group-EC4211DF0353, cid=1388, SUCCESS, logIndex=0, commits[9a4a4c23-9ff3-4ce3-a619-2c71c0869997:c1946, 9b0072ab-15b3-4973-9bcb-7fa02f6bfea9:c1944, 9f215ef2-7d46-4cda-b695-cae1b893f75f:c1944]
2019-08-20 16:03:55,796 | INFO  | SCMAudit | user=jenkins1000 | ip=192.168.69.96 | op=ALLOCATE_BLOCK {owner=ea4851f9-218c-4af7-91b4-edb777a4888c, size=4194304, type=RATIS, factor=THREE} | ret=SUCCESS |  
2019-08-20 16:03:55,798 | INFO  | OMAudit | user=jenkins1000 | ip=127.0.0.1 | op=ALLOCATE_BLOCK {volume=vol-0-94146, bucket=bucket-0-90789, key=key-0-25609, dataSize=0, replicationType=null, replicationFactor=null, keyLocationInfo=null, clientID=102650152704082322} | ret=SUCCESS |  
2019-08-20 16:03:55,805 | INFO  | DNAudit | user=null | ip=null | op=WRITE_CHUNK {blockData=conID: 1 locID: 102650153257927138 bcsId: 0} | ret=SUCCESS |  
2019-08-20 16:03:55,807 | INFO  | DNAudit | user=null | ip=null | op=WRITE_CHUNK {blockData=conID: 1 locID: 102650153257927138 bcsId: 0} | ret=SUCCESS |  
2019-08-20 16:03:55,807 | INFO  | DNAudit | user=null | ip=null | op=WRITE_CHUNK {blockData=conID: 1 locID: 102650153257927138 bcsId: 0} | ret=SUCCESS |  
2019-08-20 16:03:55,807 | INFO  | DNAudit | user=null | ip=null | op=WRITE_CHUNK {blockData=conID: 1 locID: 102650153257927138 bcsId: 0} | ret=SUCCESS |  
2019-08-20 16:03:55,808 | INFO  | DNAudit | user=null | ip=null | op=WRITE_CHUNK {blockData=conID: 1 locID: 102650153257927138 bcsId: 0} | ret=SUCCESS |  
2019-08-20 16:03:55,809 | INFO  | DNAudit | user=null | ip=null | op=WRITE_CHUNK {blockData=conID: 1 locID: 102650153257927138 bcsId: 0} | ret=SUCCESS |  
2019-08-20 16:03:55,810 | INFO  | DNAudit | user=null | ip=null | op=WRITE_CHUNK {blockData=conID: 1 locID: 102650153257927138 bcsId: 0} | ret=SUCCESS |  
2019-08-20 16:03:55,811 | INFO  | DNAudit | user=null | ip=null | op=PUT_BLOCK {blockData=[blockId=conID: 1 locID: 102650153257927138 bcsId: 0,size=1048576]} | ret=SUCCESS |  
2019-08-20 16:03:55,812 | INFO  | DNAudit | user=null | ip=null | op=WRITE_CHUNK {blockData=conID: 1 locID: 102650153257927138 bcsId: 0} | ret=SUCCESS |  
2019-08-20 16:03:55,811 [grpc-default-executor-6] INFO  client.GrpcClientProtocolClient (GrpcClientProtocolClient.java:onNext(255)) - client-EAA342753240->9a4a4c23-9ff3-4ce3-a619-2c71c0869997: receive RaftClientReply:client-EAA342753240->9a4a4c23-9ff3-4ce3-a619-2c71c0869997@group-EC4211DF0353, cid=1389, SUCCESS, logIndex=1947, commits[9a4a4c23-9ff3-4ce3-a619-2c71c0869997:c1950, 9b0072ab-15b3-4973-9bcb-7fa02f6bfea9:c1946, 9f215ef2-7d46-4cda-b695-cae1b893f75f:c1944]
2019-08-20 16:03:55,812 | INFO  | DNAudit | user=null | ip=null | op=PUT_BLOCK {blockData=[blockId=conID: 1 locID: 102650153257927138 bcsId: 0,size=2097152]} | ret=SUCCESS |  
2019-08-20 16:03:55,812 [grpc-default-executor-6] INFO  client.GrpcClientProtocolClient (GrpcClientProtocolClient.java:onNext(255)) - client-EAA342753240->9a4a4c23-9ff3-4ce3-a619-2c71c0869997: receive RaftClientReply:client-EAA342753240->9a4a4c23-9ff3-4ce3-a619-2c71c0869997@group-EC4211DF0353, cid=1390, SUCCESS, logIndex=1948, commits[9a4a4c23-9ff3-4ce3-a619-2c71c0869997:c1950, 9b0072ab-15b3-4973-9bcb-7fa02f6bfea9:c1946, 9f215ef2-7d46-4cda-b695-cae1b893f75f:c1946]
2019-08-20 16:03:55,812 [grpc-default-executor-6] INFO  client.GrpcClientProtocolClient (GrpcClientProtocolClient.java:onNext(255)) - client-EAA342753240->9a4a4c23-9ff3-4ce3-a619-2c71c0869997: receive RaftClientReply:client-EAA342753240->9a4a4c23-9ff3-4ce3-a619-2c71c0869997@group-EC4211DF0353, cid=1391, SUCCESS, logIndex=1949, commits[9a4a4c23-9ff3-4ce3-a619-2c71c0869997:c1950, 9b0072ab-15b3-4973-9bcb-7fa02f6bfea9:c1946, 9f215ef2-7d46-4cda-b695-cae1b893f75f:c1946]
2019-08-20 16:03:55,812 [grpc-default-executor-6] INFO  client.GrpcClientProtocolClient (GrpcClientProtocolClient.java:onNext(255)) - client-EAA342753240->9a4a4c23-9ff3-4ce3-a619-2c71c0869997: receive RaftClientReply:client-EAA342753240->9a4a4c23-9ff3-4ce3-a619-2c71c0869997@group-EC4211DF0353, cid=1392, SUCCESS, logIndex=1950, commits[9a4a4c23-9ff3-4ce3-a619-2c71c0869997:c1950, 9b0072ab-15b3-4973-9bcb-7fa02f6bfea9:c1946, 9f215ef2-7d46-4cda-b695-cae1b893f75f:c1946]
2019-08-20 16:03:55,813 | INFO  | DNAudit | user=null | ip=null | op=WRITE_CHUNK {blockData=conID: 1 locID: 102650153257927138 bcsId: 0} | ret=SUCCESS |  
2019-08-20 16:03:55,813 | INFO  | DNAudit | user=null | ip=null | op=WRITE_CHUNK {blockData=conID: 1 locID: 102650153257927138 bcsId: 0} | ret=SUCCESS |  
2019-08-20 16:03:55,814 | INFO  | DNAudit | user=null | ip=null | op=PUT_BLOCK {blockData=[blockId=conID: 1 locID: 102650153257927138 bcsId: 0,size=1048576]} | ret=SUCCESS |  
2019-08-20 16:03:55,814 | INFO  | DNAudit | user=null | ip=null | op=WRITE_CHUNK {blockData=conID: 1 locID: 102650153257927138 bcsId: 0} | ret=SUCCESS |  
2019-08-20 16:03:55,814 | INFO  | DNAudit | user=null | ip=null | op=PUT_BLOCK {blockData=[blockId=conID: 1 locID: 102650153257927138 bcsId: 0,size=1048576]} | ret=SUCCESS |  
2019-08-20 16:03:55,814 | INFO  | DNAudit | user=null | ip=null | op=PUT_BLOCK {blockData=[blockId=conID: 1 locID: 102650153257927138 bcsId: 0,size=2097152]} | ret=SUCCESS |  
2019-08-20 16:03:55,814 | INFO  | DNAudit | user=null | ip=null | op=WRITE_CHUNK {blockData=conID: 1 locID: 102650153257927138 bcsId: 0} | ret=SUCCESS |  
2019-08-20 16:03:55,815 | INFO  | DNAudit | user=null | ip=null | op=PUT_BLOCK {blockData=[blockId=conID: 1 locID: 102650153257927138 bcsId: 0,size=2097152]} | ret=SUCCESS |  
2019-08-20 16:03:55,815 [grpc-default-executor-6] INFO  client.GrpcClientProtocolClient (GrpcClientProtocolClient.java:onNext(255)) - client-EAA342753240->9a4a4c23-9ff3-4ce3-a619-2c71c0869997: receive RaftClientReply:client-EAA342753240->9a4a4c23-9ff3-4ce3-a619-2c71c0869997@group-EC4211DF0353, cid=1393, SUCCESS, logIndex=0, commits[9a4a4c23-9ff3-4ce3-a619-2c71c0869997:c1954, 9b0072ab-15b3-4973-9bcb-7fa02f6bfea9:c1948, 9f215ef2-7d46-4cda-b695-cae1b893f75f:c1950]
2019-08-20 16:03:55,821 | INFO  | DNAudit | user=null | ip=null | op=WRITE_CHUNK {blockData=conID: 1 locID: 102650153257927138 bcsId: 1950} | ret=SUCCESS |  
2019-08-20 16:03:55,822 | INFO  | DNAudit | user=null | ip=null | op=WRITE_CHUNK {blockData=conID: 1 locID: 102650153257927138 bcsId: 1950} | ret=SUCCESS |  
2019-08-20 16:03:55,823 | INFO  | DNAudit | user=null | ip=null | op=WRITE_CHUNK {blockData=conID: 1 locID: 102650153257927138 bcsId: 1950} | ret=SUCCESS |  
2019-08-20 16:03:55,826 | INFO  | DNAudit | user=null | ip=null | op=WRITE_CHUNK {blockData=conID: 1 locID: 102650153257927138 bcsId: 1950} | ret=SUCCESS |  
2019-08-20 16:03:55,826 | INFO  | DNAudit | user=null | ip=null | op=PUT_BLOCK {blockData=[blockId=conID: 1 locID: 102650153257927138 bcsId: 0,size=3145728]} | ret=SUCCESS |  
2019-08-20 16:03:55,827 [grpc-default-executor-3] INFO  client.GrpcClientProtocolClient (GrpcClientProtocolClient.java:onNext(255)) - client-EAA342753240->9a4a4c23-9ff3-4ce3-a619-2c71c0869997: receive RaftClientReply:client-EAA342753240->9a4a4c23-9ff3-4ce3-a619-2c71c0869997@group-EC4211DF0353, cid=1394, SUCCESS, logIndex=1955, commits[9a4a4c23-9ff3-4ce3-a619-2c71c0869997:c1956, 9b0072ab-15b3-4973-9bcb-7fa02f6bfea9:c1954, 9f215ef2-7d46-4cda-b695-cae1b893f75f:c1954]
2019-08-20 16:03:55,827 [grpc-default-executor-3] INFO  client.GrpcClientProtocolClient (GrpcClientProtocolClient.java:onNext(255)) - client-EAA342753240->9a4a4c23-9ff3-4ce3-a619-2c71c0869997: receive RaftClientReply:client-EAA342753240->9a4a4c23-9ff3-4ce3-a619-2c71c0869997@group-EC4211DF0353, cid=1395, SUCCESS, logIndex=1956, commits[9a4a4c23-9ff3-4ce3-a619-2c71c0869997:c1956, 9b0072ab-15b3-4973-9bcb-7fa02f6bfea9:c1954, 9f215ef2-7d46-4cda-b695-cae1b893f75f:c1954]
2019-08-20 16:03:55,829 | INFO  | DNAudit | user=null | ip=null | op=WRITE_CHUNK {blockData=conID: 1 locID: 102650153257927138 bcsId: 1950} | ret=SUCCESS |  
2019-08-20 16:03:55,829 | INFO  | DNAudit | user=null | ip=null | op=WRITE_CHUNK {blockData=conID: 1 locID: 102650153257927138 bcsId: 1950} | ret=SUCCESS |  
2019-08-20 16:03:55,833 | INFO  | DNAudit | user=null | ip=null | op=WRITE_CHUNK {blockData=conID: 1 locID: 102650153257927138 bcsId: 1956} | ret=SUCCESS |  
2019-08-20 16:03:55,834 | INFO  | DNAudit | user=null | ip=null | op=WRITE_CHUNK {blockData=conID: 1 locID: 102650153257927138 bcsId: 1956} | ret=SUCCESS |  
2019-08-20 16:03:55,835 | INFO  | DNAudit | user=null | ip=null | op=WRITE_CHUNK {blockData=conID: 1 locID: 102650153257927138 bcsId: 1956} | ret=SUCCESS |  
2019-08-20 16:03:55,840 | INFO  | DNAudit | user=null | ip=null | op=PUT_BLOCK {blockData=[blockId=conID: 1 locID: 102650153257927138 bcsId: 0,size=3145728]} | ret=SUCCESS |  
2019-08-20 16:03:55,840 | INFO  | DNAudit | user=null | ip=null | op=PUT_BLOCK {blockData=[blockId=conID: 1 locID: 102650153257927138 bcsId: 0,size=3145728]} | ret=SUCCESS |  
2019-08-20 16:03:55,842 | INFO  | DNAudit | user=null | ip=null | op=WRITE_CHUNK {blockData=conID: 1 locID: 102650153257927138 bcsId: 1956} | ret=SUCCESS |  
2019-08-20 16:03:55,842 | INFO  | DNAudit | user=null | ip=null | op=PUT_BLOCK {blockData=[blockId=conID: 1 locID: 102650153257927138 bcsId: 0,size=4194304]} | ret=SUCCESS |  
2019-08-20 16:03:55,842 [grpc-default-executor-6] INFO  client.GrpcClientProtocolClient (GrpcClientProtocolClient.java:onNext(255)) - client-EAA342753240->9a4a4c23-9ff3-4ce3-a619-2c71c0869997: receive RaftClientReply:client-EAA342753240->9a4a4c23-9ff3-4ce3-a619-2c71c0869997@group-EC4211DF0353, cid=1396, SUCCESS, logIndex=1959, commits[9a4a4c23-9ff3-4ce3-a619-2c71c0869997:c1960, 9b0072ab-15b3-4973-9bcb-7fa02f6bfea9:c1957, 9f215ef2-7d46-4cda-b695-cae1b893f75f:c1957]
2019-08-20 16:03:55,843 [grpc-default-executor-6] INFO  client.GrpcClientProtocolClient (GrpcClientProtocolClient.java:onNext(255)) - client-EAA342753240->9a4a4c23-9ff3-4ce3-a619-2c71c0869997: receive RaftClientReply:client-EAA342753240->9a4a4c23-9ff3-4ce3-a619-2c71c0869997@group-EC4211DF0353, cid=1397, SUCCESS, logIndex=1960, commits[9a4a4c23-9ff3-4ce3-a619-2c71c0869997:c1960, 9b0072ab-15b3-4973-9bcb-7fa02f6bfea9:c1957, 9f215ef2-7d46-4cda-b695-cae1b893f75f:c1957]
2019-08-20 16:03:55,854 | INFO  | DNAudit | user=null | ip=null | op=WRITE_CHUNK {blockData=conID: 1 locID: 102650153257927138 bcsId: 1956} | ret=SUCCESS |  
2019-08-20 16:03:55,854 | INFO  | DNAudit | user=null | ip=null | op=WRITE_CHUNK {blockData=conID: 1 locID: 102650153257927138 bcsId: 1956} | ret=SUCCESS |  
2019-08-20 16:03:55,855 | INFO  | DNAudit | user=null | ip=null | op=PUT_BLOCK {blockData=[blockId=conID: 1 locID: 102650153257927138 bcsId: 0,size=4194304]} | ret=SUCCESS |  
2019-08-20 16:03:55,855 | INFO  | DNAudit | user=null | ip=null | op=PUT_BLOCK {blockData=[blockId=conID: 1 locID: 102650153257927138 bcsId: 0,size=4194304]} | ret=SUCCESS |  
2019-08-20 16:03:55,855 [grpc-default-executor-6] INFO  client.GrpcClientProtocolClient (GrpcClientProtocolClient.java:onNext(255)) - client-EAA342753240->9a4a4c23-9ff3-4ce3-a619-2c71c0869997: receive RaftClientReply:client-EAA342753240->9a4a4c23-9ff3-4ce3-a619-2c71c0869997@group-EC4211DF0353, cid=1398, SUCCESS, logIndex=0, commits[9a4a4c23-9ff3-4ce3-a619-2c71c0869997:c1962, 9b0072ab-15b3-4973-9bcb-7fa02f6bfea9:c1960, 9f215ef2-7d46-4cda-b695-cae1b893f75f:c1960]
2019-08-20 16:03:55,860 | INFO  | SCMAudit | user=jenkins1000 | ip=192.168.69.96 | op=ALLOCATE_BLOCK {owner=ea4851f9-218c-4af7-91b4-edb777a4888c, size=4194304, type=RATIS, factor=THREE} | ret=SUCCESS |  
2019-08-20 16:03:55,863 | INFO  | OMAudit | user=jenkins1000 | ip=127.0.0.1 | op=ALLOCATE_BLOCK {volume=vol-0-94146, bucket=bucket-0-90789, key=key-0-25609, dataSize=0, replicationType=null, replicationFactor=null, keyLocationInfo=null, clientID=102650152704082322} | ret=SUCCESS |  
2019-08-20 16:03:55,869 | INFO  | DNAudit | user=null | ip=null | op=WRITE_CHUNK {blockData=conID: 2 locID: 102650153262121443 bcsId: 0} | ret=SUCCESS |  
2019-08-20 16:03:55,872 | INFO  | DNAudit | user=null | ip=null | op=WRITE_CHUNK {blockData=conID: 2 locID: 102650153262121443 bcsId: 0} | ret=SUCCESS |  
2019-08-20 16:03:55,872 | INFO  | DNAudit | user=null | ip=null | op=WRITE_CHUNK {blockData=conID: 2 locID: 102650153262121443 bcsId: 0} | ret=SUCCESS |  
2019-08-20 16:03:55,872 | INFO  | DNAudit | user=null | ip=null | op=WRITE_CHUNK {blockData=conID: 2 locID: 102650153262121443 bcsId: 0} | ret=SUCCESS |  
2019-08-20 16:03:55,874 | INFO  | DNAudit | user=null | ip=null | op=WRITE_CHUNK {blockData=conID: 2 locID: 102650153262121443 bcsId: 0} | ret=SUCCESS |  
2019-08-20 16:03:55,874 | INFO  | DNAudit | user=null | ip=null | op=WRITE_CHUNK {blockData=conID: 2 locID: 102650153262121443 bcsId: 0} | ret=SUCCESS |  
2019-08-20 16:03:55,887 | INFO  | DNAudit | user=null | ip=null | op=WRITE_CHUNK {blockData=conID: 2 locID: 102650153262121443 bcsId: 0} | ret=SUCCESS |  
2019-08-20 16:03:55,888 | INFO  | DNAudit | user=null | ip=null | op=PUT_BLOCK {blockData=[blockId=conID: 2 locID: 102650153262121443 bcsId: 0,size=1048576]} | ret=SUCCESS |  
2019-08-20 16:03:55,888 [grpc-default-executor-0] INFO  client.GrpcClientProtocolClient (GrpcClientProtocolClient.java:onNext(255)) - client-EAA342753240->9a4a4c23-9ff3-4ce3-a619-2c71c0869997: receive RaftClientReply:client-EAA342753240->9a4a4c23-9ff3-4ce3-a619-2c71c0869997@group-EC4211DF0353, cid=1399, SUCCESS, logIndex=1963, commits[9a4a4c23-9ff3-4ce3-a619-2c71c0869997:c1964, 9b0072ab-15b3-4973-9bcb-7fa02f6bfea9:c1962, 9f215ef2-7d46-4cda-b695-cae1b893f75f:c1962]
2019-08-20 16:03:55,888 | INFO  | DNAudit | user=null | ip=null | op=WRITE_CHUNK {blockData=conID: 2 locID: 102650153262121443 bcsId: 0} | ret=SUCCESS |  
2019-08-20 16:03:55,889 | INFO  | DNAudit | user=null | ip=null | op=PUT_BLOCK {blockData=[blockId=conID: 2 locID: 102650153262121443 bcsId: 0,size=2097152]} | ret=SUCCESS |  
2019-08-20 16:03:55,889 [grpc-default-executor-0] INFO  client.GrpcClientProtocolClient (GrpcClientProtocolClient.java:onNext(255)) - client-EAA342753240->9a4a4c23-9ff3-4ce3-a619-2c71c0869997: receive RaftClientReply:client-EAA342753240->9a4a4c23-9ff3-4ce3-a619-2c71c0869997@group-EC4211DF0353, cid=1400, SUCCESS, logIndex=1964, commits[9a4a4c23-9ff3-4ce3-a619-2c71c0869997:c1966, 9b0072ab-15b3-4973-9bcb-7fa02f6bfea9:c1962, 9f215ef2-7d46-4cda-b695-cae1b893f75f:c1962]
2019-08-20 16:03:55,889 [grpc-default-executor-0] INFO  client.GrpcClientProtocolClient (GrpcClientProtocolClient.java:onNext(255)) - client-EAA342753240->9a4a4c23-9ff3-4ce3-a619-2c71c0869997: receive RaftClientReply:client-EAA342753240->9a4a4c23-9ff3-4ce3-a619-2c71c0869997@group-EC4211DF0353, cid=1401, SUCCESS, logIndex=1965, commits[9a4a4c23-9ff3-4ce3-a619-2c71c0869997:c1966, 9b0072ab-15b3-4973-9bcb-7fa02f6bfea9:c1962, 9f215ef2-7d46-4cda-b695-cae1b893f75f:c1962]
2019-08-20 16:03:55,889 | INFO  | DNAudit | user=null | ip=null | op=WRITE_CHUNK {blockData=conID: 2 locID: 102650153262121443 bcsId: 0} | ret=SUCCESS |  
2019-08-20 16:03:55,889 [grpc-default-executor-0] INFO  client.GrpcClientProtocolClient (GrpcClientProtocolClient.java:onNext(255)) - client-EAA342753240->9a4a4c23-9ff3-4ce3-a619-2c71c0869997: receive RaftClientReply:client-EAA342753240->9a4a4c23-9ff3-4ce3-a619-2c71c0869997@group-EC4211DF0353, cid=1402, SUCCESS, logIndex=1966, commits[9a4a4c23-9ff3-4ce3-a619-2c71c0869997:c1966, 9b0072ab-15b3-4973-9bcb-7fa02f6bfea9:c1962, 9f215ef2-7d46-4cda-b695-cae1b893f75f:c1962]
2019-08-20 16:03:55,890 | INFO  | DNAudit | user=null | ip=null | op=WRITE_CHUNK {blockData=conID: 2 locID: 102650153262121443 bcsId: 0} | ret=SUCCESS |  
2019-08-20 16:03:55,890 | INFO  | DNAudit | user=null | ip=null | op=PUT_BLOCK {blockData=[blockId=conID: 2 locID: 102650153262121443 bcsId: 0,size=1048576]} | ret=SUCCESS |  
2019-08-20 16:03:55,890 | INFO  | DNAudit | user=null | ip=null | op=WRITE_CHUNK {blockData=conID: 2 locID: 102650153262121443 bcsId: 0} | ret=SUCCESS |  
2019-08-20 16:03:55,890 | INFO  | DNAudit | user=null | ip=null | op=PUT_BLOCK {blockData=[blockId=conID: 2 locID: 102650153262121443 bcsId: 0,size=2097152]} | ret=SUCCESS |  
2019-08-20 16:03:55,891 | INFO  | DNAudit | user=null | ip=null | op=PUT_BLOCK {blockData=[blockId=conID: 2 locID: 102650153262121443 bcsId: 0,size=1048576]} | ret=SUCCESS |  
2019-08-20 16:03:55,891 | INFO  | DNAudit | user=null | ip=null | op=WRITE_CHUNK {blockData=conID: 2 locID: 102650153262121443 bcsId: 0} | ret=SUCCESS |  
2019-08-20 16:03:55,891 [grpc-default-executor-0] INFO  client.GrpcClientProtocolClient (GrpcClientProtocolClient.java:onNext(255)) - client-EAA342753240->9a4a4c23-9ff3-4ce3-a619-2c71c0869997: receive RaftClientReply:client-EAA342753240->9a4a4c23-9ff3-4ce3-a619-2c71c0869997@group-EC4211DF0353, cid=1403, SUCCESS, logIndex=0, commits[9a4a4c23-9ff3-4ce3-a619-2c71c0869997:c1969, 9b0072ab-15b3-4973-9bcb-7fa02f6bfea9:c1964, 9f215ef2-7d46-4cda-b695-cae1b893f75f:c1966]
2019-08-20 16:03:55,891 | INFO  | DNAudit | user=null | ip=null | op=PUT_BLOCK {blockData=[blockId=conID: 2 locID: 102650153262121443 bcsId: 0,size=2097152]} | ret=SUCCESS |  
2019-08-20 16:03:55,898 | INFO  | DNAudit | user=null | ip=null | op=WRITE_CHUNK {blockData=conID: 2 locID: 102650153262121443 bcsId: 1966} | ret=SUCCESS |  
2019-08-20 16:03:55,899 | INFO  | DNAudit | user=null | ip=null | op=WRITE_CHUNK {blockData=conID: 2 locID: 102650153262121443 bcsId: 1966} | ret=SUCCESS |  
2019-08-20 16:03:55,900 | INFO  | DNAudit | user=null | ip=null | op=WRITE_CHUNK {blockData=conID: 2 locID: 102650153262121443 bcsId: 1966} | ret=SUCCESS |  
2019-08-20 16:03:55,914 | INFO  | DNAudit | user=null | ip=null | op=WRITE_CHUNK {blockData=conID: 2 locID: 102650153262121443 bcsId: 1966} | ret=SUCCESS |  
2019-08-20 16:03:55,914 | INFO  | DNAudit | user=null | ip=null | op=PUT_BLOCK {blockData=[blockId=conID: 2 locID: 102650153262121443 bcsId: 0,size=3145728]} | ret=SUCCESS |  
2019-08-20 16:03:55,915 [grpc-default-executor-6] INFO  client.GrpcClientProtocolClient (GrpcClientProtocolClient.java:onNext(255)) - client-EAA342753240->9a4a4c23-9ff3-4ce3-a619-2c71c0869997: receive RaftClientReply:client-EAA342753240->9a4a4c23-9ff3-4ce3-a619-2c71c0869997@group-EC4211DF0353, cid=1404, SUCCESS, logIndex=1970, commits[9a4a4c23-9ff3-4ce3-a619-2c71c0869997:c1971, 9b0072ab-15b3-4973-9bcb-7fa02f6bfea9:c1969, 9f215ef2-7d46-4cda-b695-cae1b893f75f:c1969]
2019-08-20 16:03:55,915 [grpc-default-executor-6] INFO  client.GrpcClientProtocolClient (GrpcClientProtocolClient.java:onNext(255)) - client-EAA342753240->9a4a4c23-9ff3-4ce3-a619-2c71c0869997: receive RaftClientReply:client-EAA342753240->9a4a4c23-9ff3-4ce3-a619-2c71c0869997@group-EC4211DF0353, cid=1405, SUCCESS, logIndex=1971, commits[9a4a4c23-9ff3-4ce3-a619-2c71c0869997:c1971, 9b0072ab-15b3-4973-9bcb-7fa02f6bfea9:c1969, 9f215ef2-7d46-4cda-b695-cae1b893f75f:c1969]
2019-08-20 16:03:55,916 | INFO  | DNAudit | user=null | ip=null | op=WRITE_CHUNK {blockData=conID: 2 locID: 102650153262121443 bcsId: 1966} | ret=SUCCESS |  
2019-08-20 16:03:55,916 | INFO  | DNAudit | user=null | ip=null | op=WRITE_CHUNK {blockData=conID: 2 locID: 102650153262121443 bcsId: 1966} | ret=SUCCESS |  
2019-08-20 16:03:55,919 | INFO  | DNAudit | user=null | ip=null | op=PUT_BLOCK {blockData=[blockId=conID: 2 locID: 102650153262121443 bcsId: 0,size=3145728]} | ret=SUCCESS |  
2019-08-20 16:03:55,919 | INFO  | DNAudit | user=null | ip=null | op=PUT_BLOCK {blockData=[blockId=conID: 2 locID: 102650153262121443 bcsId: 0,size=3145728]} | ret=SUCCESS |  
2019-08-20 16:03:55,922 | INFO  | DNAudit | user=null | ip=null | op=WRITE_CHUNK {blockData=conID: 2 locID: 102650153262121443 bcsId: 1971} | ret=SUCCESS |  
2019-08-20 16:03:55,924 | INFO  | DNAudit | user=null | ip=null | op=WRITE_CHUNK {blockData=conID: 2 locID: 102650153262121443 bcsId: 1971} | ret=SUCCESS |  
2019-08-20 16:03:55,924 | INFO  | DNAudit | user=null | ip=null | op=WRITE_CHUNK {blockData=conID: 2 locID: 102650153262121443 bcsId: 1971} | ret=SUCCESS |  
2019-08-20 16:03:55,931 | INFO  | DNAudit | user=null | ip=null | op=WRITE_CHUNK {blockData=conID: 2 locID: 102650153262121443 bcsId: 1971} | ret=SUCCESS |  
2019-08-20 16:03:55,931 | INFO  | DNAudit | user=null | ip=null | op=PUT_BLOCK {blockData=[blockId=conID: 2 locID: 102650153262121443 bcsId: 0,size=4194304]} | ret=SUCCESS |  
2019-08-20 16:03:55,931 [grpc-default-executor-5] INFO  client.GrpcClientProtocolClient (GrpcClientProtocolClient.java:onNext(255)) - client-EAA342753240->9a4a4c23-9ff3-4ce3-a619-2c71c0869997: receive RaftClientReply:client-EAA342753240->9a4a4c23-9ff3-4ce3-a619-2c71c0869997@group-EC4211DF0353, cid=1406, SUCCESS, logIndex=1974, commits[9a4a4c23-9ff3-4ce3-a619-2c71c0869997:c1975, 9b0072ab-15b3-4973-9bcb-7fa02f6bfea9:c1973, 9f215ef2-7d46-4cda-b695-cae1b893f75f:c1973]
2019-08-20 16:03:55,932 [grpc-default-executor-5] INFO  client.GrpcClientProtocolClient (GrpcClientProtocolClient.java:onNext(255)) - client-EAA342753240->9a4a4c23-9ff3-4ce3-a619-2c71c0869997: receive RaftClientReply:client-EAA342753240->9a4a4c23-9ff3-4ce3-a619-2c71c0869997@group-EC4211DF0353, cid=1407, SUCCESS, logIndex=1975, commits[9a4a4c23-9ff3-4ce3-a619-2c71c0869997:c1975, 9b0072ab-15b3-4973-9bcb-7fa02f6bfea9:c1973, 9f215ef2-7d46-4cda-b695-cae1b893f75f:c1973]
2019-08-20 16:03:55,932 | INFO  | DNAudit | user=null | ip=null | op=WRITE_CHUNK {blockData=conID: 2 locID: 102650153262121443 bcsId: 1971} | ret=SUCCESS |  
2019-08-20 16:03:55,933 | INFO  | DNAudit | user=null | ip=null | op=WRITE_CHUNK {blockData=conID: 2 locID: 102650153262121443 bcsId: 1971} | ret=SUCCESS |  
2019-08-20 16:03:55,934 | INFO  | DNAudit | user=null | ip=null | op=PUT_BLOCK {blockData=[blockId=conID: 2 locID: 102650153262121443 bcsId: 0,size=4194304]} | ret=SUCCESS |  
2019-08-20 16:03:55,934 | INFO  | DNAudit | user=null | ip=null | op=PUT_BLOCK {blockData=[blockId=conID: 2 locID: 102650153262121443 bcsId: 0,size=4194304]} | ret=SUCCESS |  
2019-08-20 16:03:55,935 [grpc-default-executor-5] INFO  client.GrpcClientProtocolClient (GrpcClientProtocolClient.java:onNext(255)) - client-EAA342753240->9a4a4c23-9ff3-4ce3-a619-2c71c0869997: receive RaftClientReply:client-EAA342753240->9a4a4c23-9ff3-4ce3-a619-2c71c0869997@group-EC4211DF0353, cid=1408, SUCCESS, logIndex=0, commits[9a4a4c23-9ff3-4ce3-a619-2c71c0869997:c1977, 9b0072ab-15b3-4973-9bcb-7fa02f6bfea9:c1975, 9f215ef2-7d46-4cda-b695-cae1b893f75f:c1975]
2019-08-20 16:03:55,939 | INFO  | SCMAudit | user=jenkins1000 | ip=192.168.69.96 | op=ALLOCATE_BLOCK {owner=ea4851f9-218c-4af7-91b4-edb777a4888c, size=4194304, type=RATIS, factor=THREE} | ret=SUCCESS |  
2019-08-20 16:03:55,941 | INFO  | OMAudit | user=jenkins1000 | ip=127.0.0.1 | op=ALLOCATE_BLOCK {volume=vol-0-94146, bucket=bucket-0-90789, key=key-0-25609, dataSize=0, replicationType=null, replicationFactor=null, keyLocationInfo=null, clientID=102650152704082322} | ret=SUCCESS |  
2019-08-20 16:03:55,948 | INFO  | DNAudit | user=null | ip=null | op=WRITE_CHUNK {blockData=conID: 3 locID: 102650153267233252 bcsId: 0} | ret=SUCCESS |  
2019-08-20 16:03:55,950 | INFO  | DNAudit | user=null | ip=null | op=WRITE_CHUNK {blockData=conID: 3 locID: 102650153267233252 bcsId: 0} | ret=SUCCESS |  
2019-08-20 16:03:55,951 | INFO  | DNAudit | user=null | ip=null | op=WRITE_CHUNK {blockData=conID: 3 locID: 102650153267233252 bcsId: 0} | ret=SUCCESS |  
2019-08-20 16:03:55,951 | INFO  | DNAudit | user=null | ip=null | op=WRITE_CHUNK {blockData=conID: 3 locID: 102650153267233252 bcsId: 0} | ret=SUCCESS |  
2019-08-20 16:03:55,952 | INFO  | DNAudit | user=null | ip=null | op=WRITE_CHUNK {blockData=conID: 3 locID: 102650153267233252 bcsId: 0} | ret=SUCCESS |  
2019-08-20 16:03:55,952 | INFO  | DNAudit | user=null | ip=null | op=WRITE_CHUNK {blockData=conID: 3 locID: 102650153267233252 bcsId: 0} | ret=SUCCESS |  
2019-08-20 16:03:55,954 | INFO  | DNAudit | user=null | ip=null | op=WRITE_CHUNK {blockData=conID: 3 locID: 102650153267233252 bcsId: 0} | ret=SUCCESS |  
2019-08-20 16:03:55,954 | INFO  | DNAudit | user=null | ip=null | op=PUT_BLOCK {blockData=[blockId=conID: 3 locID: 102650153267233252 bcsId: 0,size=1048576]} | ret=SUCCESS |  
2019-08-20 16:03:55,955 [grpc-default-executor-0] INFO  client.GrpcClientProtocolClient (GrpcClientProtocolClient.java:onNext(255)) - client-EAA342753240->9a4a4c23-9ff3-4ce3-a619-2c71c0869997: receive RaftClientReply:client-EAA342753240->9a4a4c23-9ff3-4ce3-a619-2c71c0869997@group-EC4211DF0353, cid=1409, SUCCESS, logIndex=1978, commits[9a4a4c23-9ff3-4ce3-a619-2c71c0869997:c1980, 9b0072ab-15b3-4973-9bcb-7fa02f6bfea9:c1977, 9f215ef2-7d46-4cda-b695-cae1b893f75f:c1977]
2019-08-20 16:03:55,955 | INFO  | DNAudit | user=null | ip=null | op=WRITE_CHUNK {blockData=conID: 3 locID: 102650153267233252 bcsId: 0} | ret=SUCCESS |  
2019-08-20 16:03:55,955 [grpc-default-executor-0] INFO  client.GrpcClientProtocolClient (GrpcClientProtocolClient.java:onNext(255)) - client-EAA342753240->9a4a4c23-9ff3-4ce3-a619-2c71c0869997: receive RaftClientReply:client-EAA342753240->9a4a4c23-9ff3-4ce3-a619-2c71c0869997@group-EC4211DF0353, cid=1410, SUCCESS, logIndex=1979, commits[9a4a4c23-9ff3-4ce3-a619-2c71c0869997:c1981, 9b0072ab-15b3-4973-9bcb-7fa02f6bfea9:c1977, 9f215ef2-7d46-4cda-b695-cae1b893f75f:c1977]
2019-08-20 16:03:55,955 | INFO  | DNAudit | user=null | ip=null | op=PUT_BLOCK {blockData=[blockId=conID: 3 locID: 102650153267233252 bcsId: 0,size=2097152]} | ret=SUCCESS |  
2019-08-20 16:03:55,956 [grpc-default-executor-0] INFO  client.GrpcClientProtocolClient (GrpcClientProtocolClient.java:onNext(255)) - client-EAA342753240->9a4a4c23-9ff3-4ce3-a619-2c71c0869997: receive RaftClientReply:client-EAA342753240->9a4a4c23-9ff3-4ce3-a619-2c71c0869997@group-EC4211DF0353, cid=1411, SUCCESS, logIndex=1980, commits[9a4a4c23-9ff3-4ce3-a619-2c71c0869997:c1981, 9b0072ab-15b3-4973-9bcb-7fa02f6bfea9:c1977, 9f215ef2-7d46-4cda-b695-cae1b893f75f:c1977]
2019-08-20 16:03:55,956 [grpc-default-executor-0] INFO  client.GrpcClientProtocolClient (GrpcClientProtocolClient.java:onNext(255)) - client-EAA342753240->9a4a4c23-9ff3-4ce3-a619-2c71c0869997: receive RaftClientReply:client-EAA342753240->9a4a4c23-9ff3-4ce3-a619-2c71c0869997@group-EC4211DF0353, cid=1412, SUCCESS, logIndex=1981, commits[9a4a4c23-9ff3-4ce3-a619-2c71c0869997:c1981, 9b0072ab-15b3-4973-9bcb-7fa02f6bfea9:c1977, 9f215ef2-7d46-4cda-b695-cae1b893f75f:c1977]
2019-08-20 16:03:55,967 | INFO  | DNAudit | user=null | ip=null | op=WRITE_CHUNK {blockData=conID: 3 locID: 102650153267233252 bcsId: 0} | ret=SUCCESS |  
2019-08-20 16:03:55,967 | INFO  | DNAudit | user=null | ip=null | op=WRITE_CHUNK {blockData=conID: 3 locID: 102650153267233252 bcsId: 0} | ret=SUCCESS |  
2019-08-20 16:03:55,968 | INFO  | DNAudit | user=null | ip=null | op=PUT_BLOCK {blockData=[blockId=conID: 3 locID: 102650153267233252 bcsId: 0,size=1048576]} | ret=SUCCESS |  
2019-08-20 16:03:55,968 | INFO  | DNAudit | user=null | ip=null | op=PUT_BLOCK {blockData=[blockId=conID: 3 locID: 102650153267233252 bcsId: 0,size=1048576]} | ret=SUCCESS |  
2019-08-20 16:03:55,968 [grpc-default-executor-6] INFO  client.GrpcClientProtocolClient (GrpcClientProtocolClient.java:onNext(255)) - client-EAA342753240->9a4a4c23-9ff3-4ce3-a619-2c71c0869997: receive RaftClientReply:client-EAA342753240->9a4a4c23-9ff3-4ce3-a619-2c71c0869997@group-EC4211DF0353, cid=1413, SUCCESS, logIndex=0, commits[9a4a4c23-9ff3-4ce3-a619-2c71c0869997:c1981, 9b0072ab-15b3-4973-9bcb-7fa02f6bfea9:c1979, 9f215ef2-7d46-4cda-b695-cae1b893f75f:c1979]
2019-08-20 16:03:55,968 | INFO  | DNAudit | user=null | ip=null | op=WRITE_CHUNK {blockData=conID: 3 locID: 102650153267233252 bcsId: 0} | ret=SUCCESS |  
2019-08-20 16:03:55,968 | INFO  | DNAudit | user=null | ip=null | op=WRITE_CHUNK {blockData=conID: 3 locID: 102650153267233252 bcsId: 0} | ret=SUCCESS |  
2019-08-20 16:03:55,969 | INFO  | DNAudit | user=null | ip=null | op=PUT_BLOCK {blockData=[blockId=conID: 3 locID: 102650153267233252 bcsId: 0,size=2097152]} | ret=SUCCESS |  
2019-08-20 16:03:55,969 | INFO  | DNAudit | user=null | ip=null | op=PUT_BLOCK {blockData=[blockId=conID: 3 locID: 102650153267233252 bcsId: 0,size=2097152]} | ret=SUCCESS |  
2019-08-20 16:03:55,974 | INFO  | DNAudit | user=null | ip=null | op=WRITE_CHUNK {blockData=conID: 3 locID: 102650153267233252 bcsId: 1981} | ret=SUCCESS |  
2019-08-20 16:03:55,976 | INFO  | DNAudit | user=null | ip=null | op=WRITE_CHUNK {blockData=conID: 3 locID: 102650153267233252 bcsId: 1981} | ret=SUCCESS |  
2019-08-20 16:03:55,977 | INFO  | DNAudit | user=null | ip=null | op=WRITE_CHUNK {blockData=conID: 3 locID: 102650153267233252 bcsId: 1981} | ret=SUCCESS |  
2019-08-20 16:03:55,981 | INFO  | DNAudit | user=null | ip=null | op=WRITE_CHUNK {blockData=conID: 3 locID: 102650153267233252 bcsId: 1981} | ret=SUCCESS |  
2019-08-20 16:03:55,982 | INFO  | DNAudit | user=null | ip=null | op=PUT_BLOCK {blockData=[blockId=conID: 3 locID: 102650153267233252 bcsId: 0,size=3145728]} | ret=SUCCESS |  
2019-08-20 16:03:55,982 [grpc-default-executor-6] INFO  client.GrpcClientProtocolClient (GrpcClientProtocolClient.java:onNext(255)) - client-EAA342753240->9a4a4c23-9ff3-4ce3-a619-2c71c0869997: receive RaftClientReply:client-EAA342753240->9a4a4c23-9ff3-4ce3-a619-2c71c0869997@group-EC4211DF0353, cid=1414, SUCCESS, logIndex=1986, commits[9a4a4c23-9ff3-4ce3-a619-2c71c0869997:c1987, 9b0072ab-15b3-4973-9bcb-7fa02f6bfea9:c1985, 9f215ef2-7d46-4cda-b695-cae1b893f75f:c1985]
2019-08-20 16:03:55,982 [grpc-default-executor-6] INFO  client.GrpcClientProtocolClient (GrpcClientProtocolClient.java:onNext(255)) - client-EAA342753240->9a4a4c23-9ff3-4ce3-a619-2c71c0869997: receive RaftClientReply:client-EAA342753240->9a4a4c23-9ff3-4ce3-a619-2c71c0869997@group-EC4211DF0353, cid=1415, SUCCESS, logIndex=1987, commits[9a4a4c23-9ff3-4ce3-a619-2c71c0869997:c1987, 9b0072ab-15b3-4973-9bcb-7fa02f6bfea9:c1985, 9f215ef2-7d46-4cda-b695-cae1b893f75f:c1985]
2019-08-20 16:03:55,983 | INFO  | DNAudit | user=null | ip=null | op=WRITE_CHUNK {blockData=conID: 3 locID: 102650153267233252 bcsId: 1981} | ret=SUCCESS |  
2019-08-20 16:03:55,983 | INFO  | DNAudit | user=null | ip=null | op=WRITE_CHUNK {blockData=conID: 3 locID: 102650153267233252 bcsId: 1981} | ret=SUCCESS |  
2019-08-20 16:03:55,984 | INFO  | DNAudit | user=null | ip=null | op=PUT_BLOCK {blockData=[blockId=conID: 3 locID: 102650153267233252 bcsId: 0,size=3145728]} | ret=SUCCESS |  
2019-08-20 16:03:55,984 | INFO  | DNAudit | user=null | ip=null | op=PUT_BLOCK {blockData=[blockId=conID: 3 locID: 102650153267233252 bcsId: 0,size=3145728]} | ret=SUCCESS |  
2019-08-20 16:03:55,988 | INFO  | DNAudit | user=null | ip=null | op=WRITE_CHUNK {blockData=conID: 3 locID: 102650153267233252 bcsId: 1987} | ret=SUCCESS |  
2019-08-20 16:03:55,990 | INFO  | DNAudit | user=null | ip=null | op=WRITE_CHUNK {blockData=conID: 3 locID: 102650153267233252 bcsId: 1987} | ret=SUCCESS |  
2019-08-20 16:03:55,991 | INFO  | DNAudit | user=null | ip=null | op=WRITE_CHUNK {blockData=conID: 3 locID: 102650153267233252 bcsId: 1987} | ret=SUCCESS |  
2019-08-20 16:03:56,002 | INFO  | DNAudit | user=null | ip=null | op=WRITE_CHUNK {blockData=conID: 3 locID: 102650153267233252 bcsId: 1987} | ret=SUCCESS |  
2019-08-20 16:03:56,003 | INFO  | DNAudit | user=null | ip=null | op=PUT_BLOCK {blockData=[blockId=conID: 3 locID: 102650153267233252 bcsId: 0,size=4194304]} | ret=SUCCESS |  
2019-08-20 16:03:56,003 [grpc-default-executor-3] INFO  client.GrpcClientProtocolClient (GrpcClientProtocolClient.java:onNext(255)) - client-EAA342753240->9a4a4c23-9ff3-4ce3-a619-2c71c0869997: receive RaftClientReply:client-EAA342753240->9a4a4c23-9ff3-4ce3-a619-2c71c0869997@group-EC4211DF0353, cid=1416, SUCCESS, logIndex=1990, commits[9a4a4c23-9ff3-4ce3-a619-2c71c0869997:c1991, 9b0072ab-15b3-4973-9bcb-7fa02f6bfea9:c1989, 9f215ef2-7d46-4cda-b695-cae1b893f75f:c1989]
2019-08-20 16:03:56,003 [grpc-default-executor-3] INFO  client.GrpcClientProtocolClient (GrpcClientProtocolClient.java:onNext(255)) - client-EAA342753240->9a4a4c23-9ff3-4ce3-a619-2c71c0869997: receive RaftClientReply:client-EAA342753240->9a4a4c23-9ff3-4ce3-a619-2c71c0869997@group-EC4211DF0353, cid=1417, SUCCESS, logIndex=1991, commits[9a4a4c23-9ff3-4ce3-a619-2c71c0869997:c1991, 9b0072ab-15b3-4973-9bcb-7fa02f6bfea9:c1989, 9f215ef2-7d46-4cda-b695-cae1b893f75f:c1989]
2019-08-20 16:03:56,003 | INFO  | DNAudit | user=null | ip=null | op=WRITE_CHUNK {blockData=conID: 3 locID: 102650153267233252 bcsId: 1987} | ret=SUCCESS |  
2019-08-20 16:03:56,003 | INFO  | DNAudit | user=null | ip=null | op=WRITE_CHUNK {blockData=conID: 3 locID: 102650153267233252 bcsId: 1987} | ret=SUCCESS |  
2019-08-20 16:03:56,004 | INFO  | DNAudit | user=null | ip=null | op=PUT_BLOCK {blockData=[blockId=conID: 3 locID: 102650153267233252 bcsId: 0,size=4194304]} | ret=SUCCESS |  
2019-08-20 16:03:56,004 | INFO  | DNAudit | user=null | ip=null | op=PUT_BLOCK {blockData=[blockId=conID: 3 locID: 102650153267233252 bcsId: 0,size=4194304]} | ret=SUCCESS |  
2019-08-20 16:03:56,004 [grpc-default-executor-0] INFO  client.GrpcClientProtocolClient (GrpcClientProtocolClient.java:onNext(255)) - client-EAA342753240->9a4a4c23-9ff3-4ce3-a619-2c71c0869997: receive RaftClientReply:client-EAA342753240->9a4a4c23-9ff3-4ce3-a619-2c71c0869997@group-EC4211DF0353, cid=1418, SUCCESS, logIndex=0, commits[9a4a4c23-9ff3-4ce3-a619-2c71c0869997:c1992, 9b0072ab-15b3-4973-9bcb-7fa02f6bfea9:c1991, 9f215ef2-7d46-4cda-b695-cae1b893f75f:c1991]
2019-08-20 16:03:56,008 | INFO  | SCMAudit | user=jenkins1000 | ip=192.168.69.96 | op=ALLOCATE_BLOCK {owner=ea4851f9-218c-4af7-91b4-edb777a4888c, size=4194304, type=RATIS, factor=THREE} | ret=SUCCESS |  
2019-08-20 16:03:56,010 | INFO  | OMAudit | user=jenkins1000 | ip=127.0.0.1 | op=ALLOCATE_BLOCK {volume=vol-0-94146, bucket=bucket-0-90789, key=key-0-25609, dataSize=0, replicationType=null, replicationFactor=null, keyLocationInfo=null, clientID=102650152704082322} | ret=SUCCESS |  
2019-08-20 16:03:56,016 | INFO  | DNAudit | user=null | ip=null | op=WRITE_CHUNK {blockData=conID: 1 locID: 102650153271820773 bcsId: 0} | ret=SUCCESS |  
2019-08-20 16:03:56,019 | INFO  | DNAudit | user=null | ip=null | op=WRITE_CHUNK {blockData=conID: 1 locID: 102650153271820773 bcsId: 0} | ret=SUCCESS |  
2019-08-20 16:03:56,019 | INFO  | DNAudit | user=null | ip=null | op=WRITE_CHUNK {blockData=conID: 1 locID: 102650153271820773 bcsId: 0} | ret=SUCCESS |  
2019-08-20 16:03:56,019 | INFO  | DNAudit | user=null | ip=null | op=WRITE_CHUNK {blockData=conID: 1 locID: 102650153271820773 bcsId: 0} | ret=SUCCESS |  
2019-08-20 16:03:56,021 | INFO  | DNAudit | user=null | ip=null | op=WRITE_CHUNK {blockData=conID: 1 locID: 102650153271820773 bcsId: 0} | ret=SUCCESS |  
2019-08-20 16:03:56,021 | INFO  | DNAudit | user=null | ip=null | op=WRITE_CHUNK {blockData=conID: 1 locID: 102650153271820773 bcsId: 0} | ret=SUCCESS |  
2019-08-20 16:03:56,023 | INFO  | DNAudit | user=null | ip=null | op=WRITE_CHUNK {blockData=conID: 1 locID: 102650153271820773 bcsId: 0} | ret=SUCCESS |  
2019-08-20 16:03:56,023 | INFO  | DNAudit | user=null | ip=null | op=PUT_BLOCK {blockData=[blockId=conID: 1 locID: 102650153271820773 bcsId: 0,size=1048576]} | ret=SUCCESS |  
2019-08-20 16:03:56,023 [grpc-default-executor-6] INFO  client.GrpcClientProtocolClient (GrpcClientProtocolClient.java:onNext(255)) - client-EAA342753240->9a4a4c23-9ff3-4ce3-a619-2c71c0869997: receive RaftClientReply:client-EAA342753240->9a4a4c23-9ff3-4ce3-a619-2c71c0869997@group-EC4211DF0353, cid=1419, SUCCESS, logIndex=1994, commits[9a4a4c23-9ff3-4ce3-a619-2c71c0869997:c1997, 9b0072ab-15b3-4973-9bcb-7fa02f6bfea9:c1993, 9f215ef2-7d46-4cda-b695-cae1b893f75f:c1993]
2019-08-20 16:03:56,023 | INFO  | DNAudit | user=null | ip=null | op=WRITE_CHUNK {blockData=conID: 1 locID: 102650153271820773 bcsId: 0} | ret=SUCCESS |  
2019-08-20 16:03:56,024 | INFO  | DNAudit | user=null | ip=null | op=WRITE_CHUNK {blockData=conID: 1 locID: 102650153271820773 bcsId: 0} | ret=SUCCESS |  
2019-08-20 16:03:56,024 | INFO  | DNAudit | user=null | ip=null | op=WRITE_CHUNK {blockData=conID: 1 locID: 102650153271820773 bcsId: 0} | ret=SUCCESS |  
2019-08-20 16:03:56,024 [grpc-default-executor-6] INFO  client.GrpcClientProtocolClient (GrpcClientProtocolClient.java:onNext(255)) - client-EAA342753240->9a4a4c23-9ff3-4ce3-a619-2c71c0869997: receive RaftClientReply:client-EAA342753240->9a4a4c23-9ff3-4ce3-a619-2c71c0869997@group-EC4211DF0353, cid=1420, SUCCESS, logIndex=1995, commits[9a4a4c23-9ff3-4ce3-a619-2c71c0869997:c1997, 9b0072ab-15b3-4973-9bcb-7fa02f6bfea9:c1993, 9f215ef2-7d46-4cda-b695-cae1b893f75f:c1993]
2019-08-20 16:03:56,024 | INFO  | DNAudit | user=null | ip=null | op=PUT_BLOCK {blockData=[blockId=conID: 1 locID: 102650153271820773 bcsId: 0,size=2097152]} | ret=SUCCESS |  
2019-08-20 16:03:56,024 | INFO  | DNAudit | user=null | ip=null | op=PUT_BLOCK {blockData=[blockId=conID: 1 locID: 102650153271820773 bcsId: 0,size=1048576]} | ret=SUCCESS |  
2019-08-20 16:03:56,024 | INFO  | DNAudit | user=null | ip=null | op=PUT_BLOCK {blockData=[blockId=conID: 1 locID: 102650153271820773 bcsId: 0,size=1048576]} | ret=SUCCESS |  
2019-08-20 16:03:56,024 [grpc-default-executor-6] INFO  client.GrpcClientProtocolClient (GrpcClientProtocolClient.java:onNext(255)) - client-EAA342753240->9a4a4c23-9ff3-4ce3-a619-2c71c0869997: receive RaftClientReply:client-EAA342753240->9a4a4c23-9ff3-4ce3-a619-2c71c0869997@group-EC4211DF0353, cid=1421, SUCCESS, logIndex=1996, commits[9a4a4c23-9ff3-4ce3-a619-2c71c0869997:c1997, 9b0072ab-15b3-4973-9bcb-7fa02f6bfea9:c1993, 9f215ef2-7d46-4cda-b695-cae1b893f75f:c1993]
2019-08-20 16:03:56,024 [grpc-default-executor-6] INFO  client.GrpcClientProtocolClient (GrpcClientProtocolClient.java:onNext(255)) - client-EAA342753240->9a4a4c23-9ff3-4ce3-a619-2c71c0869997: receive RaftClientReply:client-EAA342753240->9a4a4c23-9ff3-4ce3-a619-2c71c0869997@group-EC4211DF0353, cid=1422, SUCCESS, logIndex=1997, commits[9a4a4c23-9ff3-4ce3-a619-2c71c0869997:c1998, 9b0072ab-15b3-4973-9bcb-7fa02f6bfea9:c1995, 9f215ef2-7d46-4cda-b695-cae1b893f75f:c1995]
2019-08-20 16:03:56,026 | INFO  | DNAudit | user=null | ip=null | op=WRITE_CHUNK {blockData=conID: 1 locID: 102650153271820773 bcsId: 0} | ret=SUCCESS |  
2019-08-20 16:03:56,026 | INFO  | DNAudit | user=null | ip=null | op=WRITE_CHUNK {blockData=conID: 1 locID: 102650153271820773 bcsId: 0} | ret=SUCCESS |  
2019-08-20 16:03:56,026 | INFO  | DNAudit | user=null | ip=null | op=PUT_BLOCK {blockData=[blockId=conID: 1 locID: 102650153271820773 bcsId: 0,size=2097152]} | ret=SUCCESS |  
2019-08-20 16:03:56,026 | INFO  | DNAudit | user=null | ip=null | op=PUT_BLOCK {blockData=[blockId=conID: 1 locID: 102650153271820773 bcsId: 0,size=2097152]} | ret=SUCCESS |  
2019-08-20 16:03:56,030 | INFO  | DNAudit | user=null | ip=null | op=WRITE_CHUNK {blockData=conID: 1 locID: 102650153271820773 bcsId: 1997} | ret=SUCCESS |  
2019-08-20 16:03:56,032 | INFO  | DNAudit | user=null | ip=null | op=WRITE_CHUNK {blockData=conID: 1 locID: 102650153271820773 bcsId: 1997} | ret=SUCCESS |  
2019-08-20 16:03:56,032 | INFO  | DNAudit | user=null | ip=null | op=WRITE_CHUNK {blockData=conID: 1 locID: 102650153271820773 bcsId: 1997} | ret=SUCCESS |  
2019-08-20 16:03:56,039 | INFO  | DNAudit | user=null | ip=null | op=WRITE_CHUNK {blockData=conID: 1 locID: 102650153271820773 bcsId: 1997} | ret=SUCCESS |  
2019-08-20 16:03:56,039 | INFO  | DNAudit | user=null | ip=null | op=PUT_BLOCK {blockData=[blockId=conID: 1 locID: 102650153271820773 bcsId: 0,size=3145728]} | ret=SUCCESS |  
2019-08-20 16:03:56,039 [grpc-default-executor-6] INFO  client.GrpcClientProtocolClient (GrpcClientProtocolClient.java:onNext(255)) - client-EAA342753240->9a4a4c23-9ff3-4ce3-a619-2c71c0869997: receive RaftClientReply:client-EAA342753240->9a4a4c23-9ff3-4ce3-a619-2c71c0869997@group-EC4211DF0353, cid=1423, SUCCESS, logIndex=2002, commits[9a4a4c23-9ff3-4ce3-a619-2c71c0869997:c2003, 9b0072ab-15b3-4973-9bcb-7fa02f6bfea9:c2001, 9f215ef2-7d46-4cda-b695-cae1b893f75f:c2001]
2019-08-20 16:03:56,040 [grpc-default-executor-6] INFO  client.GrpcClientProtocolClient (GrpcClientProtocolClient.java:onNext(255)) - client-EAA342753240->9a4a4c23-9ff3-4ce3-a619-2c71c0869997: receive RaftClientReply:client-EAA342753240->9a4a4c23-9ff3-4ce3-a619-2c71c0869997@group-EC4211DF0353, cid=1424, SUCCESS, logIndex=2003, commits[9a4a4c23-9ff3-4ce3-a619-2c71c0869997:c2003, 9b0072ab-15b3-4973-9bcb-7fa02f6bfea9:c2001, 9f215ef2-7d46-4cda-b695-cae1b893f75f:c2001]
2019-08-20 16:03:56,045 | INFO  | DNAudit | user=null | ip=null | op=WRITE_CHUNK {blockData=conID: 1 locID: 102650153271820773 bcsId: 2003} | ret=SUCCESS |  
2019-08-20 16:03:56,047 | INFO  | DNAudit | user=null | ip=null | op=WRITE_CHUNK {blockData=conID: 1 locID: 102650153271820773 bcsId: 2003} | ret=SUCCESS |  
2019-08-20 16:03:56,047 | INFO  | DNAudit | user=null | ip=null | op=WRITE_CHUNK {blockData=conID: 1 locID: 102650153271820773 bcsId: 2003} | ret=SUCCESS |  
2019-08-20 16:03:56,051 | INFO  | DNAudit | user=null | ip=null | op=WRITE_CHUNK {blockData=conID: 1 locID: 102650153271820773 bcsId: 1997} | ret=SUCCESS |  
2019-08-20 16:03:56,051 | INFO  | DNAudit | user=null | ip=null | op=WRITE_CHUNK {blockData=conID: 1 locID: 102650153271820773 bcsId: 1997} | ret=SUCCESS |  
2019-08-20 16:03:56,052 | INFO  | DNAudit | user=null | ip=null | op=PUT_BLOCK {blockData=[blockId=conID: 1 locID: 102650153271820773 bcsId: 0,size=3145728]} | ret=SUCCESS |  
2019-08-20 16:03:56,052 | INFO  | DNAudit | user=null | ip=null | op=PUT_BLOCK {blockData=[blockId=conID: 1 locID: 102650153271820773 bcsId: 0,size=3145728]} | ret=SUCCESS |  
2019-08-20 16:03:56,053 | INFO  | DNAudit | user=null | ip=null | op=WRITE_CHUNK {blockData=conID: 1 locID: 102650153271820773 bcsId: 2003} | ret=SUCCESS |  
2019-08-20 16:03:56,053 | INFO  | DNAudit | user=null | ip=null | op=PUT_BLOCK {blockData=[blockId=conID: 1 locID: 102650153271820773 bcsId: 0,size=4194304]} | ret=SUCCESS |  
2019-08-20 16:03:56,053 [grpc-default-executor-3] INFO  client.GrpcClientProtocolClient (GrpcClientProtocolClient.java:onNext(255)) - client-EAA342753240->9a4a4c23-9ff3-4ce3-a619-2c71c0869997: receive RaftClientReply:client-EAA342753240->9a4a4c23-9ff3-4ce3-a619-2c71c0869997@group-EC4211DF0353, cid=1425, SUCCESS, logIndex=2006, commits[9a4a4c23-9ff3-4ce3-a619-2c71c0869997:c2007, 9b0072ab-15b3-4973-9bcb-7fa02f6bfea9:c2003, 9f215ef2-7d46-4cda-b695-cae1b893f75f:c2003]
2019-08-20 16:03:56,053 [grpc-default-executor-3] INFO  client.GrpcClientProtocolClient (GrpcClientProtocolClient.java:onNext(255)) - client-EAA342753240->9a4a4c23-9ff3-4ce3-a619-2c71c0869997: receive RaftClientReply:client-EAA342753240->9a4a4c23-9ff3-4ce3-a619-2c71c0869997@group-EC4211DF0353, cid=1426, SUCCESS, logIndex=2007, commits[9a4a4c23-9ff3-4ce3-a619-2c71c0869997:c2007, 9b0072ab-15b3-4973-9bcb-7fa02f6bfea9:c2003, 9f215ef2-7d46-4cda-b695-cae1b893f75f:c2003]
2019-08-20 16:03:56,064 | INFO  | DNAudit | user=null | ip=null | op=WRITE_CHUNK {blockData=conID: 1 locID: 102650153271820773 bcsId: 2003} | ret=SUCCESS |  
2019-08-20 16:03:56,064 | INFO  | DNAudit | user=null | ip=null | op=WRITE_CHUNK {blockData=conID: 1 locID: 102650153271820773 bcsId: 2003} | ret=SUCCESS |  
2019-08-20 16:03:56,066 | INFO  | DNAudit | user=null | ip=null | op=PUT_BLOCK {blockData=[blockId=conID: 1 locID: 102650153271820773 bcsId: 0,size=4194304]} | ret=SUCCESS |  
2019-08-20 16:03:56,066 | INFO  | DNAudit | user=null | ip=null | op=PUT_BLOCK {blockData=[blockId=conID: 1 locID: 102650153271820773 bcsId: 0,size=4194304]} | ret=SUCCESS |  
2019-08-20 16:03:56,067 [grpc-default-executor-6] INFO  client.GrpcClientProtocolClient (GrpcClientProtocolClient.java:onNext(255)) - client-EAA342753240->9a4a4c23-9ff3-4ce3-a619-2c71c0869997: receive RaftClientReply:client-EAA342753240->9a4a4c23-9ff3-4ce3-a619-2c71c0869997@group-EC4211DF0353, cid=1427, SUCCESS, logIndex=0, commits[9a4a4c23-9ff3-4ce3-a619-2c71c0869997:c2008, 9b0072ab-15b3-4973-9bcb-7fa02f6bfea9:c2007, 9f215ef2-7d46-4cda-b695-cae1b893f75f:c2007]
2019-08-20 16:03:56,071 | INFO  | SCMAudit | user=jenkins1000 | ip=192.168.69.96 | op=ALLOCATE_BLOCK {owner=ea4851f9-218c-4af7-91b4-edb777a4888c, size=4194304, type=RATIS, factor=THREE} | ret=SUCCESS |  
2019-08-20 16:03:56,073 | INFO  | OMAudit | user=jenkins1000 | ip=127.0.0.1 | op=ALLOCATE_BLOCK {volume=vol-0-94146, bucket=bucket-0-90789, key=key-0-25609, dataSize=0, replicationType=null, replicationFactor=null, keyLocationInfo=null, clientID=102650152704082322} | ret=SUCCESS |  
2019-08-20 16:03:56,079 | INFO  | DNAudit | user=null | ip=null | op=WRITE_CHUNK {blockData=conID: 2 locID: 102650153275884006 bcsId: 0} | ret=SUCCESS |  
2019-08-20 16:03:56,082 | INFO  | DNAudit | user=null | ip=null | op=WRITE_CHUNK {blockData=conID: 2 locID: 102650153275884006 bcsId: 0} | ret=SUCCESS |  
2019-08-20 16:03:56,082 | INFO  | DNAudit | user=null | ip=null | op=WRITE_CHUNK {blockData=conID: 2 locID: 102650153275884006 bcsId: 0} | ret=SUCCESS |  
2019-08-20 16:03:56,083 | INFO  | DNAudit | user=null | ip=null | op=WRITE_CHUNK {blockData=conID: 2 locID: 102650153275884006 bcsId: 0} | ret=SUCCESS |  
2019-08-20 16:03:56,084 | INFO  | DNAudit | user=null | ip=null | op=WRITE_CHUNK {blockData=conID: 2 locID: 102650153275884006 bcsId: 0} | ret=SUCCESS |  
2019-08-20 16:03:56,085 | INFO  | DNAudit | user=null | ip=null | op=WRITE_CHUNK {blockData=conID: 2 locID: 102650153275884006 bcsId: 0} | ret=SUCCESS |  
2019-08-20 16:03:56,087 | INFO  | SCMAudit | user=jenkins1000 | ip=192.168.69.96 | op=SEND_HEARTBEAT {datanodeUUID=69f203df-fb09-400b-ac11-cd7a56dd70a5, command=[]} | ret=SUCCESS |  
2019-08-20 16:03:56,091 | INFO  | DNAudit | user=null | ip=null | op=WRITE_CHUNK {blockData=conID: 2 locID: 102650153275884006 bcsId: 0} | ret=SUCCESS |  
2019-08-20 16:03:56,091 | INFO  | DNAudit | user=null | ip=null | op=PUT_BLOCK {blockData=[blockId=conID: 2 locID: 102650153275884006 bcsId: 0,size=1048576]} | ret=SUCCESS |  
2019-08-20 16:03:56,091 [grpc-default-executor-6] INFO  client.GrpcClientProtocolClient (GrpcClientProtocolClient.java:onNext(255)) - client-EAA342753240->9a4a4c23-9ff3-4ce3-a619-2c71c0869997: receive RaftClientReply:client-EAA342753240->9a4a4c23-9ff3-4ce3-a619-2c71c0869997@group-EC4211DF0353, cid=1428, SUCCESS, logIndex=2010, commits[9a4a4c23-9ff3-4ce3-a619-2c71c0869997:c2011, 9b0072ab-15b3-4973-9bcb-7fa02f6bfea9:c2009, 9f215ef2-7d46-4cda-b695-cae1b893f75f:c2009]
2019-08-20 16:03:56,092 | INFO  | DNAudit | user=null | ip=null | op=WRITE_CHUNK {blockData=conID: 2 locID: 102650153275884006 bcsId: 0} | ret=SUCCESS |  
2019-08-20 16:03:56,092 [grpc-default-executor-6] INFO  client.GrpcClientProtocolClient (GrpcClientProtocolClient.java:onNext(255)) - client-EAA342753240->9a4a4c23-9ff3-4ce3-a619-2c71c0869997: receive RaftClientReply:client-EAA342753240->9a4a4c23-9ff3-4ce3-a619-2c71c0869997@group-EC4211DF0353, cid=1429, SUCCESS, logIndex=2011, commits[9a4a4c23-9ff3-4ce3-a619-2c71c0869997:c2011, 9b0072ab-15b3-4973-9bcb-7fa02f6bfea9:c2009, 9f215ef2-7d46-4cda-b695-cae1b893f75f:c2009]
2019-08-20 16:03:56,092 | INFO  | DNAudit | user=null | ip=null | op=PUT_BLOCK {blockData=[blockId=conID: 2 locID: 102650153275884006 bcsId: 0,size=2097152]} | ret=SUCCESS |  
2019-08-20 16:03:56,092 [grpc-default-executor-6] INFO  client.GrpcClientProtocolClient (GrpcClientProtocolClient.java:onNext(255)) - client-EAA342753240->9a4a4c23-9ff3-4ce3-a619-2c71c0869997: receive RaftClientReply:client-EAA342753240->9a4a4c23-9ff3-4ce3-a619-2c71c0869997@group-EC4211DF0353, cid=1430, SUCCESS, logIndex=2012, commits[9a4a4c23-9ff3-4ce3-a619-2c71c0869997:c2013, 9b0072ab-15b3-4973-9bcb-7fa02f6bfea9:c2009, 9f215ef2-7d46-4cda-b695-cae1b893f75f:c2009]
2019-08-20 16:03:56,093 | INFO  | DNAudit | user=null | ip=null | op=WRITE_CHUNK {blockData=conID: 2 locID: 102650153275884006 bcsId: 0} | ret=SUCCESS |  
2019-08-20 16:03:56,093 [grpc-default-executor-6] INFO  client.GrpcClientProtocolClient (GrpcClientProtocolClient.java:onNext(255)) - client-EAA342753240->9a4a4c23-9ff3-4ce3-a619-2c71c0869997: receive RaftClientReply:client-EAA342753240->9a4a4c23-9ff3-4ce3-a619-2c71c0869997@group-EC4211DF0353, cid=1431, SUCCESS, logIndex=2013, commits[9a4a4c23-9ff3-4ce3-a619-2c71c0869997:c2013, 9b0072ab-15b3-4973-9bcb-7fa02f6bfea9:c2009, 9f215ef2-7d46-4cda-b695-cae1b893f75f:c2009]
2019-08-20 16:03:56,093 | INFO  | DNAudit | user=null | ip=null | op=PUT_BLOCK {blockData=[blockId=conID: 2 locID: 102650153275884006 bcsId: 0,size=1048576]} | ret=SUCCESS |  
2019-08-20 16:03:56,093 | INFO  | DNAudit | user=null | ip=null | op=WRITE_CHUNK {blockData=conID: 2 locID: 102650153275884006 bcsId: 0} | ret=SUCCESS |  
2019-08-20 16:03:56,094 | INFO  | DNAudit | user=null | ip=null | op=PUT_BLOCK {blockData=[blockId=conID: 2 locID: 102650153275884006 bcsId: 0,size=1048576]} | ret=SUCCESS |  
2019-08-20 16:03:56,094 [grpc-default-executor-6] INFO  client.GrpcClientProtocolClient (GrpcClientProtocolClient.java:onNext(255)) - client-EAA342753240->9a4a4c23-9ff3-4ce3-a619-2c71c0869997: receive RaftClientReply:client-EAA342753240->9a4a4c23-9ff3-4ce3-a619-2c71c0869997@group-EC4211DF0353, cid=1432, SUCCESS, logIndex=0, commits[9a4a4c23-9ff3-4ce3-a619-2c71c0869997:c2015, 9b0072ab-15b3-4973-9bcb-7fa02f6bfea9:c2011, 9f215ef2-7d46-4cda-b695-cae1b893f75f:c2011]
2019-08-20 16:03:56,094 | INFO  | DNAudit | user=null | ip=null | op=WRITE_CHUNK {blockData=conID: 2 locID: 102650153275884006 bcsId: 0} | ret=SUCCESS |  
2019-08-20 16:03:56,094 | INFO  | DNAudit | user=null | ip=null | op=PUT_BLOCK {blockData=[blockId=conID: 2 locID: 102650153275884006 bcsId: 0,size=2097152]} | ret=SUCCESS |  
2019-08-20 16:03:56,095 | INFO  | DNAudit | user=null | ip=null | op=WRITE_CHUNK {blockData=conID: 2 locID: 102650153275884006 bcsId: 0} | ret=SUCCESS |  
2019-08-20 16:03:56,095 | INFO  | DNAudit | user=null | ip=null | op=PUT_BLOCK {blockData=[blockId=conID: 2 locID: 102650153275884006 bcsId: 0,size=2097152]} | ret=SUCCESS |  
2019-08-20 16:03:56,099 | INFO  | DNAudit | user=null | ip=null | op=WRITE_CHUNK {blockData=conID: 2 locID: 102650153275884006 bcsId: 2013} | ret=SUCCESS |  
2019-08-20 16:03:56,102 | INFO  | DNAudit | user=null | ip=null | op=WRITE_CHUNK {blockData=conID: 2 locID: 102650153275884006 bcsId: 2013} | ret=SUCCESS |  
2019-08-20 16:03:56,103 | INFO  | DNAudit | user=null | ip=null | op=WRITE_CHUNK {blockData=conID: 2 locID: 102650153275884006 bcsId: 2013} | ret=SUCCESS |  
2019-08-20 16:03:56,110 | INFO  | DNAudit | user=null | ip=null | op=WRITE_CHUNK {blockData=conID: 2 locID: 102650153275884006 bcsId: 2013} | ret=SUCCESS |  
2019-08-20 16:03:56,112 | INFO  | SCMAudit | user=jenkins1000 | ip=192.168.69.96 | op=SEND_HEARTBEAT {datanodeUUID=f1afe498-2778-451e-a3e4-8199ec337a15, command=[]} | ret=SUCCESS |  
2019-08-20 16:03:56,112 [grpc-default-executor-0] INFO  client.GrpcClientProtocolClient (GrpcClientProtocolClient.java:onNext(255)) - client-EAA342753240->9a4a4c23-9ff3-4ce3-a619-2c71c0869997: receive RaftClientReply:client-EAA342753240->9a4a4c23-9ff3-4ce3-a619-2c71c0869997@group-EC4211DF0353, cid=1433, SUCCESS, logIndex=2018, commits[9a4a4c23-9ff3-4ce3-a619-2c71c0869997:c2019, 9b0072ab-15b3-4973-9bcb-7fa02f6bfea9:c2017, 9f215ef2-7d46-4cda-b695-cae1b893f75f:c2017]
2019-08-20 16:03:56,113 | INFO  | DNAudit | user=null | ip=null | op=PUT_BLOCK {blockData=[blockId=conID: 2 locID: 102650153275884006 bcsId: 0,size=3145728]} | ret=SUCCESS |  
2019-08-20 16:03:56,113 | INFO  | DNAudit | user=null | ip=null | op=WRITE_CHUNK {blockData=conID: 2 locID: 102650153275884006 bcsId: 2013} | ret=SUCCESS |  
2019-08-20 16:03:56,113 [grpc-default-executor-6] INFO  client.GrpcClientProtocolClient (GrpcClientProtocolClient.java:onNext(255)) - client-EAA342753240->9a4a4c23-9ff3-4ce3-a619-2c71c0869997: receive RaftClientReply:client-EAA342753240->9a4a4c23-9ff3-4ce3-a619-2c71c0869997@group-EC4211DF0353, cid=1434, SUCCESS, logIndex=2019, commits[9a4a4c23-9ff3-4ce3-a619-2c71c0869997:c2019, 9b0072ab-15b3-4973-9bcb-7fa02f6bfea9:c2017, 9f215ef2-7d46-4cda-b695-cae1b893f75f:c2017]
2019-08-20 16:03:56,114 | INFO  | DNAudit | user=null | ip=null | op=WRITE_CHUNK {blockData=conID: 2 locID: 102650153275884006 bcsId: 2013} | ret=SUCCESS |  
2019-08-20 16:03:56,114 | INFO  | DNAudit | user=null | ip=null | op=PUT_BLOCK {blockData=[blockId=conID: 2 locID: 102650153275884006 bcsId: 0,size=3145728]} | ret=SUCCESS |  
2019-08-20 16:03:56,114 | INFO  | DNAudit | user=null | ip=null | op=PUT_BLOCK {blockData=[blockId=conID: 2 locID: 102650153275884006 bcsId: 0,size=3145728]} | ret=SUCCESS |  
2019-08-20 16:03:56,119 | INFO  | DNAudit | user=null | ip=null | op=WRITE_CHUNK {blockData=conID: 2 locID: 102650153275884006 bcsId: 2019} | ret=SUCCESS |  
2019-08-20 16:03:56,121 | INFO  | DNAudit | user=null | ip=null | op=WRITE_CHUNK {blockData=conID: 2 locID: 102650153275884006 bcsId: 2019} | ret=SUCCESS |  
2019-08-20 16:03:56,122 | INFO  | DNAudit | user=null | ip=null | op=WRITE_CHUNK {blockData=conID: 2 locID: 102650153275884006 bcsId: 2019} | ret=SUCCESS |  
2019-08-20 16:03:56,130 | INFO  | DNAudit | user=null | ip=null | op=WRITE_CHUNK {blockData=conID: 2 locID: 102650153275884006 bcsId: 2019} | ret=SUCCESS |  
2019-08-20 16:03:56,131 | INFO  | DNAudit | user=null | ip=null | op=PUT_BLOCK {blockData=[blockId=conID: 2 locID: 102650153275884006 bcsId: 0,size=4194304]} | ret=SUCCESS |  
2019-08-20 16:03:56,131 [grpc-default-executor-5] INFO  client.GrpcClientProtocolClient (GrpcClientProtocolClient.java:onNext(255)) - client-EAA342753240->9a4a4c23-9ff3-4ce3-a619-2c71c0869997: receive RaftClientReply:client-EAA342753240->9a4a4c23-9ff3-4ce3-a619-2c71c0869997@group-EC4211DF0353, cid=1435, SUCCESS, logIndex=2021, commits[9a4a4c23-9ff3-4ce3-a619-2c71c0869997:c2022, 9b0072ab-15b3-4973-9bcb-7fa02f6bfea9:c2020, 9f215ef2-7d46-4cda-b695-cae1b893f75f:c2020]
2019-08-20 16:03:56,131 [grpc-default-executor-5] INFO  client.GrpcClientProtocolClient (GrpcClientProtocolClient.java:onNext(255)) - client-EAA342753240->9a4a4c23-9ff3-4ce3-a619-2c71c0869997: receive RaftClientReply:client-EAA342753240->9a4a4c23-9ff3-4ce3-a619-2c71c0869997@group-EC4211DF0353, cid=1436, SUCCESS, logIndex=2022, commits[9a4a4c23-9ff3-4ce3-a619-2c71c0869997:c2022, 9b0072ab-15b3-4973-9bcb-7fa02f6bfea9:c2020, 9f215ef2-7d46-4cda-b695-cae1b893f75f:c2020]
2019-08-20 16:03:56,143 | INFO  | DNAudit | user=null | ip=null | op=WRITE_CHUNK {blockData=conID: 2 locID: 102650153275884006 bcsId: 2019} | ret=SUCCESS |  
2019-08-20 16:03:56,143 | INFO  | DNAudit | user=null | ip=null | op=WRITE_CHUNK {blockData=conID: 2 locID: 102650153275884006 bcsId: 2019} | ret=SUCCESS |  
2019-08-20 16:03:56,143 | INFO  | DNAudit | user=null | ip=null | op=PUT_BLOCK {blockData=[blockId=conID: 2 locID: 102650153275884006 bcsId: 0,size=4194304]} | ret=SUCCESS |  
2019-08-20 16:03:56,143 | INFO  | DNAudit | user=null | ip=null | op=PUT_BLOCK {blockData=[blockId=conID: 2 locID: 102650153275884006 bcsId: 0,size=4194304]} | ret=SUCCESS |  
2019-08-20 16:03:56,143 [grpc-default-executor-5] INFO  client.GrpcClientProtocolClient (GrpcClientProtocolClient.java:onNext(255)) - client-EAA342753240->9a4a4c23-9ff3-4ce3-a619-2c71c0869997: receive RaftClientReply:client-EAA342753240->9a4a4c23-9ff3-4ce3-a619-2c71c0869997@group-EC4211DF0353, cid=1437, SUCCESS, logIndex=0, commits[9a4a4c23-9ff3-4ce3-a619-2c71c0869997:c2023, 9b0072ab-15b3-4973-9bcb-7fa02f6bfea9:c2022, 9f215ef2-7d46-4cda-b695-cae1b893f75f:c2022]
2019-08-20 16:03:56,149 | INFO  | SCMAudit | user=jenkins1000 | ip=192.168.69.96 | op=ALLOCATE_BLOCK {owner=ea4851f9-218c-4af7-91b4-edb777a4888c, size=4194304, type=RATIS, factor=THREE} | ret=SUCCESS |  
2019-08-20 16:03:56,151 | INFO  | OMAudit | user=jenkins1000 | ip=127.0.0.1 | op=ALLOCATE_BLOCK {volume=vol-0-94146, bucket=bucket-0-90789, key=key-0-25609, dataSize=0, replicationType=null, replicationFactor=null, keyLocationInfo=null, clientID=102650152704082322} | ret=SUCCESS |  
2019-08-20 16:03:56,159 | INFO  | DNAudit | user=null | ip=null | op=WRITE_CHUNK {blockData=conID: 3 locID: 102650153280995815 bcsId: 0} | ret=SUCCESS |  
2019-08-20 16:03:56,163 | INFO  | DNAudit | user=null | ip=null | op=WRITE_CHUNK {blockData=conID: 3 locID: 102650153280995815 bcsId: 0} | ret=SUCCESS |  
2019-08-20 16:03:56,163 | INFO  | DNAudit | user=null | ip=null | op=WRITE_CHUNK {blockData=conID: 3 locID: 102650153280995815 bcsId: 0} | ret=SUCCESS |  
2019-08-20 16:03:56,163 | INFO  | DNAudit | user=null | ip=null | op=WRITE_CHUNK {blockData=conID: 3 locID: 102650153280995815 bcsId: 0} | ret=SUCCESS |  
2019-08-20 16:03:56,164 | INFO  | DNAudit | user=null | ip=null | op=WRITE_CHUNK {blockData=conID: 3 locID: 102650153280995815 bcsId: 0} | ret=SUCCESS |  
2019-08-20 16:03:56,165 | INFO  | DNAudit | user=null | ip=null | op=WRITE_CHUNK {blockData=conID: 3 locID: 102650153280995815 bcsId: 0} | ret=SUCCESS |  
2019-08-20 16:03:56,186 | INFO  | DNAudit | user=null | ip=null | op=WRITE_CHUNK {blockData=conID: 3 locID: 102650153280995815 bcsId: 0} | ret=SUCCESS |  
2019-08-20 16:03:56,187 | INFO  | DNAudit | user=null | ip=null | op=PUT_BLOCK {blockData=[blockId=conID: 3 locID: 102650153280995815 bcsId: 0,size=1048576]} | ret=SUCCESS |  
2019-08-20 16:03:56,187 [grpc-default-executor-5] INFO  client.GrpcClientProtocolClient (GrpcClientProtocolClient.java:onNext(255)) - client-EAA342753240->9a4a4c23-9ff3-4ce3-a619-2c71c0869997: receive RaftClientReply:client-EAA342753240->9a4a4c23-9ff3-4ce3-a619-2c71c0869997@group-EC4211DF0353, cid=1438, SUCCESS, logIndex=2025, commits[9a4a4c23-9ff3-4ce3-a619-2c71c0869997:c2026, 9b0072ab-15b3-4973-9bcb-7fa02f6bfea9:c2024, 9f215ef2-7d46-4cda-b695-cae1b893f75f:c2024]
2019-08-20 16:03:56,188 [grpc-default-executor-5] INFO  client.GrpcClientProtocolClient (GrpcClientProtocolClient.java:onNext(255)) - client-EAA342753240->9a4a4c23-9ff3-4ce3-a619-2c71c0869997: receive RaftClientReply:client-EAA342753240->9a4a4c23-9ff3-4ce3-a619-2c71c0869997@group-EC4211DF0353, cid=1439, SUCCESS, logIndex=2026, commits[9a4a4c23-9ff3-4ce3-a619-2c71c0869997:c2026, 9b0072ab-15b3-4973-9bcb-7fa02f6bfea9:c2024, 9f215ef2-7d46-4cda-b695-cae1b893f75f:c2024]
2019-08-20 16:03:56,191 | INFO  | DNAudit | user=null | ip=null | op=WRITE_CHUNK {blockData=conID: 3 locID: 102650153280995815 bcsId: 0} | ret=SUCCESS |  
2019-08-20 16:03:56,191 | INFO  | DNAudit | user=null | ip=null | op=PUT_BLOCK {blockData=[blockId=conID: 3 locID: 102650153280995815 bcsId: 0,size=2097152]} | ret=SUCCESS |  
2019-08-20 16:03:56,191 [grpc-default-executor-5] INFO  client.GrpcClientProtocolClient (GrpcClientProtocolClient.java:onNext(255)) - client-EAA342753240->9a4a4c23-9ff3-4ce3-a619-2c71c0869997: receive RaftClientReply:client-EAA342753240->9a4a4c23-9ff3-4ce3-a619-2c71c0869997@group-EC4211DF0353, cid=1440, SUCCESS, logIndex=2027, commits[9a4a4c23-9ff3-4ce3-a619-2c71c0869997:c2028, 9b0072ab-15b3-4973-9bcb-7fa02f6bfea9:c2024, 9f215ef2-7d46-4cda-b695-cae1b893f75f:c2024]
2019-08-20 16:03:56,192 | INFO  | DNAudit | user=null | ip=null | op=WRITE_CHUNK {blockData=conID: 3 locID: 102650153280995815 bcsId: 0} | ret=SUCCESS |  
2019-08-20 16:03:56,192 | INFO  | DNAudit | user=null | ip=null | op=WRITE_CHUNK {blockData=conID: 3 locID: 102650153280995815 bcsId: 0} | ret=SUCCESS |  
2019-08-20 16:03:56,192 | INFO  | DNAudit | user=null | ip=null | op=PUT_BLOCK {blockData=[blockId=conID: 3 locID: 102650153280995815 bcsId: 0,size=1048576]} | ret=SUCCESS |  
2019-08-20 16:03:56,192 | INFO  | DNAudit | user=null | ip=null | op=PUT_BLOCK {blockData=[blockId=conID: 3 locID: 102650153280995815 bcsId: 0,size=1048576]} | ret=SUCCESS |  
2019-08-20 16:03:56,192 [grpc-default-executor-5] INFO  client.GrpcClientProtocolClient (GrpcClientProtocolClient.java:onNext(255)) - client-EAA342753240->9a4a4c23-9ff3-4ce3-a619-2c71c0869997: receive RaftClientReply:client-EAA342753240->9a4a4c23-9ff3-4ce3-a619-2c71c0869997@group-EC4211DF0353, cid=1441, SUCCESS, logIndex=2028, commits[9a4a4c23-9ff3-4ce3-a619-2c71c0869997:c2028, 9b0072ab-15b3-4973-9bcb-7fa02f6bfea9:c2024, 9f215ef2-7d46-4cda-b695-cae1b893f75f:c2024]
2019-08-20 16:03:56,193 [grpc-default-executor-5] INFO  client.GrpcClientProtocolClient (GrpcClientProtocolClient.java:onNext(255)) - client-EAA342753240->9a4a4c23-9ff3-4ce3-a619-2c71c0869997: receive RaftClientReply:client-EAA342753240->9a4a4c23-9ff3-4ce3-a619-2c71c0869997@group-EC4211DF0353, cid=1442, SUCCESS, logIndex=0, commits[9a4a4c23-9ff3-4ce3-a619-2c71c0869997:c2031, 9b0072ab-15b3-4973-9bcb-7fa02f6bfea9:c2026, 9f215ef2-7d46-4cda-b695-cae1b893f75f:c2026]
2019-08-20 16:03:56,200 | INFO  | DNAudit | user=null | ip=null | op=WRITE_CHUNK {blockData=conID: 3 locID: 102650153280995815 bcsId: 2028} | ret=SUCCESS |  
2019-08-20 16:03:56,202 | INFO  | DNAudit | user=null | ip=null | op=WRITE_CHUNK {blockData=conID: 3 locID: 102650153280995815 bcsId: 2028} | ret=SUCCESS |  
2019-08-20 16:03:56,202 | INFO  | DNAudit | user=null | ip=null | op=WRITE_CHUNK {blockData=conID: 3 locID: 102650153280995815 bcsId: 2028} | ret=SUCCESS |  
2019-08-20 16:03:56,221 | INFO  | DNAudit | user=null | ip=null | op=WRITE_CHUNK {blockData=conID: 3 locID: 102650153280995815 bcsId: 0} | ret=SUCCESS |  
2019-08-20 16:03:56,221 | INFO  | DNAudit | user=null | ip=null | op=WRITE_CHUNK {blockData=conID: 3 locID: 102650153280995815 bcsId: 0} | ret=SUCCESS |  
2019-08-20 16:03:56,222 | INFO  | DNAudit | user=null | ip=null | op=PUT_BLOCK {blockData=[blockId=conID: 3 locID: 102650153280995815 bcsId: 0,size=2097152]} | ret=SUCCESS |  
2019-08-20 16:03:56,222 | INFO  | DNAudit | user=null | ip=null | op=PUT_BLOCK {blockData=[blockId=conID: 3 locID: 102650153280995815 bcsId: 0,size=2097152]} | ret=SUCCESS |  
2019-08-20 16:03:56,222 | INFO  | DNAudit | user=null | ip=null | op=WRITE_CHUNK {blockData=conID: 3 locID: 102650153280995815 bcsId: 2028} | ret=SUCCESS |  
2019-08-20 16:03:56,222 | INFO  | DNAudit | user=null | ip=null | op=PUT_BLOCK {blockData=[blockId=conID: 3 locID: 102650153280995815 bcsId: 0,size=3145728]} | ret=SUCCESS |  
2019-08-20 16:03:56,223 [grpc-default-executor-0] INFO  client.GrpcClientProtocolClient (GrpcClientProtocolClient.java:onNext(255)) - client-EAA342753240->9a4a4c23-9ff3-4ce3-a619-2c71c0869997: receive RaftClientReply:client-EAA342753240->9a4a4c23-9ff3-4ce3-a619-2c71c0869997@group-EC4211DF0353, cid=1443, SUCCESS, logIndex=2033, commits[9a4a4c23-9ff3-4ce3-a619-2c71c0869997:c2034, 9b0072ab-15b3-4973-9bcb-7fa02f6bfea9:c2032, 9f215ef2-7d46-4cda-b695-cae1b893f75f:c2032]
2019-08-20 16:03:56,223 [grpc-default-executor-0] INFO  client.GrpcClientProtocolClient (GrpcClientProtocolClient.java:onNext(255)) - client-EAA342753240->9a4a4c23-9ff3-4ce3-a619-2c71c0869997: receive RaftClientReply:client-EAA342753240->9a4a4c23-9ff3-4ce3-a619-2c71c0869997@group-EC4211DF0353, cid=1444, SUCCESS, logIndex=2034, commits[9a4a4c23-9ff3-4ce3-a619-2c71c0869997:c2034, 9b0072ab-15b3-4973-9bcb-7fa02f6bfea9:c2032, 9f215ef2-7d46-4cda-b695-cae1b893f75f:c2032]
2019-08-20 16:03:56,230 | INFO  | DNAudit | user=null | ip=null | op=WRITE_CHUNK {blockData=conID: 3 locID: 102650153280995815 bcsId: 2028} | ret=SUCCESS |  
2019-08-20 16:03:56,230 | INFO  | DNAudit | user=null | ip=null | op=WRITE_CHUNK {blockData=conID: 3 locID: 102650153280995815 bcsId: 2028} | ret=SUCCESS |  
2019-08-20 16:03:56,231 | INFO  | DNAudit | user=null | ip=null | op=WRITE_CHUNK {blockData=conID: 3 locID: 102650153280995815 bcsId: 2034} | ret=SUCCESS |  
2019-08-20 16:03:56,231 | INFO  | DNAudit | user=null | ip=null | op=PUT_BLOCK {blockData=[blockId=conID: 3 locID: 102650153280995815 bcsId: 0,size=3145728]} | ret=SUCCESS |  
2019-08-20 16:03:56,232 | INFO  | DNAudit | user=null | ip=null | op=PUT_BLOCK {blockData=[blockId=conID: 3 locID: 102650153280995815 bcsId: 0,size=3145728]} | ret=SUCCESS |  
2019-08-20 16:03:56,233 | INFO  | DNAudit | user=null | ip=null | op=WRITE_CHUNK {blockData=conID: 3 locID: 102650153280995815 bcsId: 2034} | ret=SUCCESS |  
2019-08-20 16:03:56,233 | INFO  | DNAudit | user=null | ip=null | op=WRITE_CHUNK {blockData=conID: 3 locID: 102650153280995815 bcsId: 2034} | ret=SUCCESS |  
2019-08-20 16:03:56,249 | INFO  | DNAudit | user=null | ip=null | op=WRITE_CHUNK {blockData=conID: 3 locID: 102650153280995815 bcsId: 2034} | ret=SUCCESS |  
2019-08-20 16:03:56,249 | INFO  | DNAudit | user=null | ip=null | op=PUT_BLOCK {blockData=[blockId=conID: 3 locID: 102650153280995815 bcsId: 0,size=4194304]} | ret=SUCCESS |  
2019-08-20 16:03:56,249 [grpc-default-executor-6] INFO  client.GrpcClientProtocolClient (GrpcClientProtocolClient.java:onNext(255)) - client-EAA342753240->9a4a4c23-9ff3-4ce3-a619-2c71c0869997: receive RaftClientReply:client-EAA342753240->9a4a4c23-9ff3-4ce3-a619-2c71c0869997@group-EC4211DF0353, cid=1445, SUCCESS, logIndex=2037, commits[9a4a4c23-9ff3-4ce3-a619-2c71c0869997:c2038, 9b0072ab-15b3-4973-9bcb-7fa02f6bfea9:c2034, 9f215ef2-7d46-4cda-b695-cae1b893f75f:c2034]
2019-08-20 16:03:56,250 [grpc-default-executor-6] INFO  client.GrpcClientProtocolClient (GrpcClientProtocolClient.java:onNext(255)) - client-EAA342753240->9a4a4c23-9ff3-4ce3-a619-2c71c0869997: receive RaftClientReply:client-EAA342753240->9a4a4c23-9ff3-4ce3-a619-2c71c0869997@group-EC4211DF0353, cid=1446, SUCCESS, logIndex=2038, commits[9a4a4c23-9ff3-4ce3-a619-2c71c0869997:c2038, 9b0072ab-15b3-4973-9bcb-7fa02f6bfea9:c2034, 9f215ef2-7d46-4cda-b695-cae1b893f75f:c2034]
2019-08-20 16:03:56,250 | INFO  | DNAudit | user=null | ip=null | op=WRITE_CHUNK {blockData=conID: 3 locID: 102650153280995815 bcsId: 2034} | ret=SUCCESS |  
2019-08-20 16:03:56,250 | INFO  | DNAudit | user=null | ip=null | op=WRITE_CHUNK {blockData=conID: 3 locID: 102650153280995815 bcsId: 2034} | ret=SUCCESS |  
2019-08-20 16:03:56,251 | INFO  | DNAudit | user=null | ip=null | op=PUT_BLOCK {blockData=[blockId=conID: 3 locID: 102650153280995815 bcsId: 0,size=4194304]} | ret=SUCCESS |  
2019-08-20 16:03:56,251 | INFO  | DNAudit | user=null | ip=null | op=PUT_BLOCK {blockData=[blockId=conID: 3 locID: 102650153280995815 bcsId: 0,size=4194304]} | ret=SUCCESS |  
2019-08-20 16:03:56,251 [grpc-default-executor-0] INFO  client.GrpcClientProtocolClient (GrpcClientProtocolClient.java:onNext(255)) - client-EAA342753240->9a4a4c23-9ff3-4ce3-a619-2c71c0869997: receive RaftClientReply:client-EAA342753240->9a4a4c23-9ff3-4ce3-a619-2c71c0869997@group-EC4211DF0353, cid=1447, SUCCESS, logIndex=0, commits[9a4a4c23-9ff3-4ce3-a619-2c71c0869997:c2039, 9b0072ab-15b3-4973-9bcb-7fa02f6bfea9:c2038, 9f215ef2-7d46-4cda-b695-cae1b893f75f:c2038]
2019-08-20 16:03:56,255 | INFO  | SCMAudit | user=jenkins1000 | ip=192.168.69.96 | op=ALLOCATE_BLOCK {owner=ea4851f9-218c-4af7-91b4-edb777a4888c, size=4194304, type=RATIS, factor=THREE} | ret=SUCCESS |  
2019-08-20 16:03:56,260 | INFO  | OMAudit | user=jenkins1000 | ip=127.0.0.1 | op=ALLOCATE_BLOCK {volume=vol-0-94146, bucket=bucket-0-90789, key=key-0-25609, dataSize=0, replicationType=null, replicationFactor=null, keyLocationInfo=null, clientID=102650152704082322} | ret=SUCCESS |  
2019-08-20 16:03:56,362 | INFO  | DNAudit | user=null | ip=null | op=WRITE_CHUNK {blockData=conID: 1 locID: 102650153288008168 bcsId: 0} | ret=SUCCESS |  
2019-08-20 16:03:56,366 | INFO  | DNAudit | user=null | ip=null | op=WRITE_CHUNK {blockData=conID: 1 locID: 102650153288008168 bcsId: 0} | ret=SUCCESS |  
2019-08-20 16:03:56,367 | INFO  | DNAudit | user=null | ip=null | op=WRITE_CHUNK {blockData=conID: 1 locID: 102650153288008168 bcsId: 0} | ret=SUCCESS |  
2019-08-20 16:03:56,368 | INFO  | DNAudit | user=null | ip=null | op=WRITE_CHUNK {blockData=conID: 1 locID: 102650153288008168 bcsId: 0} | ret=SUCCESS |  
2019-08-20 16:03:56,368 | INFO  | DNAudit | user=null | ip=null | op=WRITE_CHUNK {blockData=conID: 1 locID: 102650153288008168 bcsId: 0} | ret=SUCCESS |  
2019-08-20 16:03:56,369 | INFO  | DNAudit | user=null | ip=null | op=PUT_BLOCK {blockData=[blockId=conID: 1 locID: 102650153288008168 bcsId: 0,size=1048576]} | ret=SUCCESS |  
2019-08-20 16:03:56,369 [grpc-default-executor-3] INFO  client.GrpcClientProtocolClient (GrpcClientProtocolClient.java:onNext(255)) - client-EAA342753240->9a4a4c23-9ff3-4ce3-a619-2c71c0869997: receive RaftClientReply:client-EAA342753240->9a4a4c23-9ff3-4ce3-a619-2c71c0869997@group-EC4211DF0353, cid=1448, SUCCESS, logIndex=2041, commits[9a4a4c23-9ff3-4ce3-a619-2c71c0869997:c2042, 9b0072ab-15b3-4973-9bcb-7fa02f6bfea9:c2038, 9f215ef2-7d46-4cda-b695-cae1b893f75f:c2040]
2019-08-20 16:03:56,369 [grpc-default-executor-3] INFO  client.GrpcClientProtocolClient (GrpcClientProtocolClient.java:onNext(255)) - client-EAA342753240->9a4a4c23-9ff3-4ce3-a619-2c71c0869997: receive RaftClientReply:client-EAA342753240->9a4a4c23-9ff3-4ce3-a619-2c71c0869997@group-EC4211DF0353, cid=1449, SUCCESS, logIndex=2042, commits[9a4a4c23-9ff3-4ce3-a619-2c71c0869997:c2042, 9b0072ab-15b3-4973-9bcb-7fa02f6bfea9:c2040, 9f215ef2-7d46-4cda-b695-cae1b893f75f:c2040]
2019-08-20 16:03:56,371 | INFO  | DNAudit | user=null | ip=null | op=WRITE_CHUNK {blockData=conID: 1 locID: 102650153288008168 bcsId: 0} | ret=SUCCESS |  
2019-08-20 16:03:56,371 | INFO  | DNAudit | user=null | ip=null | op=WRITE_CHUNK {blockData=conID: 1 locID: 102650153288008168 bcsId: 0} | ret=SUCCESS |  
2019-08-20 16:03:56,384 | INFO  | DNAudit | user=null | ip=null | op=WRITE_CHUNK {blockData=conID: 1 locID: 102650153288008168 bcsId: 0} | ret=SUCCESS |  
2019-08-20 16:03:56,384 | INFO  | DNAudit | user=null | ip=null | op=PUT_BLOCK {blockData=[blockId=conID: 1 locID: 102650153288008168 bcsId: 0,size=1048576]} | ret=SUCCESS |  
2019-08-20 16:03:56,385 | INFO  | DNAudit | user=null | ip=null | op=WRITE_CHUNK {blockData=conID: 1 locID: 102650153288008168 bcsId: 0} | ret=SUCCESS |  
2019-08-20 16:03:56,385 | INFO  | DNAudit | user=null | ip=null | op=WRITE_CHUNK {blockData=conID: 1 locID: 102650153288008168 bcsId: 0} | ret=SUCCESS |  
2019-08-20 16:03:56,385 | INFO  | DNAudit | user=null | ip=null | op=PUT_BLOCK {blockData=[blockId=conID: 1 locID: 102650153288008168 bcsId: 0,size=1048576]} | ret=SUCCESS |  
2019-08-20 16:03:56,385 | INFO  | DNAudit | user=null | ip=null | op=PUT_BLOCK {blockData=[blockId=conID: 1 locID: 102650153288008168 bcsId: 0,size=2097152]} | ret=SUCCESS |  
2019-08-20 16:03:56,385 [grpc-default-executor-6] INFO  client.GrpcClientProtocolClient (GrpcClientProtocolClient.java:onNext(255)) - client-EAA342753240->9a4a4c23-9ff3-4ce3-a619-2c71c0869997: receive RaftClientReply:client-EAA342753240->9a4a4c23-9ff3-4ce3-a619-2c71c0869997@group-EC4211DF0353, cid=1450, SUCCESS, logIndex=2043, commits[9a4a4c23-9ff3-4ce3-a619-2c71c0869997:c2046, 9b0072ab-15b3-4973-9bcb-7fa02f6bfea9:c2040, 9f215ef2-7d46-4cda-b695-cae1b893f75f:c2042]
2019-08-20 16:03:56,386 [grpc-default-executor-6] INFO  client.GrpcClientProtocolClient (GrpcClientProtocolClient.java:onNext(255)) - client-EAA342753240->9a4a4c23-9ff3-4ce3-a619-2c71c0869997: receive RaftClientReply:client-EAA342753240->9a4a4c23-9ff3-4ce3-a619-2c71c0869997@group-EC4211DF0353, cid=1451, SUCCESS, logIndex=2044, commits[9a4a4c23-9ff3-4ce3-a619-2c71c0869997:c2046, 9b0072ab-15b3-4973-9bcb-7fa02f6bfea9:c2042, 9f215ef2-7d46-4cda-b695-cae1b893f75f:c2042]
2019-08-20 16:03:56,386 | INFO  | DNAudit | user=null | ip=null | op=WRITE_CHUNK {blockData=conID: 1 locID: 102650153288008168 bcsId: 0} | ret=SUCCESS |  
2019-08-20 16:03:56,386 | INFO  | DNAudit | user=null | ip=null | op=PUT_BLOCK {blockData=[blockId=conID: 1 locID: 102650153288008168 bcsId: 0,size=2097152]} | ret=SUCCESS |  
2019-08-20 16:03:56,386 | INFO  | DNAudit | user=null | ip=null | op=WRITE_CHUNK {blockData=conID: 1 locID: 102650153288008168 bcsId: 0} | ret=SUCCESS |  
2019-08-20 16:03:56,387 | INFO  | DNAudit | user=null | ip=null | op=PUT_BLOCK {blockData=[blockId=conID: 1 locID: 102650153288008168 bcsId: 0,size=2097152]} | ret=SUCCESS |  
2019-08-20 16:03:56,393 | INFO  | DNAudit | user=null | ip=null | op=WRITE_CHUNK {blockData=conID: 1 locID: 102650153288008168 bcsId: 2044} | ret=SUCCESS |  
2019-08-20 16:03:56,395 | INFO  | DNAudit | user=null | ip=null | op=WRITE_CHUNK {blockData=conID: 1 locID: 102650153288008168 bcsId: 2044} | ret=SUCCESS |  
2019-08-20 16:03:56,396 | INFO  | DNAudit | user=null | ip=null | op=WRITE_CHUNK {blockData=conID: 1 locID: 102650153288008168 bcsId: 2044} | ret=SUCCESS |  
2019-08-20 16:03:56,398 | INFO  | DNAudit | user=null | ip=null | op=WRITE_CHUNK {blockData=conID: 1 locID: 102650153288008168 bcsId: 2044} | ret=SUCCESS |  
2019-08-20 16:03:56,399 | INFO  | DNAudit | user=null | ip=null | op=PUT_BLOCK {blockData=[blockId=conID: 1 locID: 102650153288008168 bcsId: 0,size=3145728]} | ret=SUCCESS |  
2019-08-20 16:03:56,399 [grpc-default-executor-6] INFO  client.GrpcClientProtocolClient (GrpcClientProtocolClient.java:onNext(255)) - client-EAA342753240->9a4a4c23-9ff3-4ce3-a619-2c71c0869997: receive RaftClientReply:client-EAA342753240->9a4a4c23-9ff3-4ce3-a619-2c71c0869997@group-EC4211DF0353, cid=1452, SUCCESS, logIndex=2049, commits[9a4a4c23-9ff3-4ce3-a619-2c71c0869997:c2050, 9b0072ab-15b3-4973-9bcb-7fa02f6bfea9:c2048, 9f215ef2-7d46-4cda-b695-cae1b893f75f:c2048]
2019-08-20 16:03:56,399 [grpc-default-executor-6] INFO  client.GrpcClientProtocolClient (GrpcClientProtocolClient.java:onNext(255)) - client-EAA342753240->9a4a4c23-9ff3-4ce3-a619-2c71c0869997: receive RaftClientReply:client-EAA342753240->9a4a4c23-9ff3-4ce3-a619-2c71c0869997@group-EC4211DF0353, cid=1453, SUCCESS, logIndex=2050, commits[9a4a4c23-9ff3-4ce3-a619-2c71c0869997:c2050, 9b0072ab-15b3-4973-9bcb-7fa02f6bfea9:c2048, 9f215ef2-7d46-4cda-b695-cae1b893f75f:c2048]
2019-08-20 16:03:56,405 | INFO  | DNAudit | user=null | ip=null | op=WRITE_CHUNK {blockData=conID: 1 locID: 102650153288008168 bcsId: 2050} | ret=SUCCESS |  
2019-08-20 16:03:56,408 | INFO  | DNAudit | user=null | ip=null | op=WRITE_CHUNK {blockData=conID: 1 locID: 102650153288008168 bcsId: 2050} | ret=SUCCESS |  
2019-08-20 16:03:56,408 | INFO  | DNAudit | user=null | ip=null | op=WRITE_CHUNK {blockData=conID: 1 locID: 102650153288008168 bcsId: 2050} | ret=SUCCESS |  
2019-08-20 16:03:56,410 | INFO  | DNAudit | user=null | ip=null | op=WRITE_CHUNK {blockData=conID: 1 locID: 102650153288008168 bcsId: 2044} | ret=SUCCESS |  
2019-08-20 16:03:56,410 | INFO  | DNAudit | user=null | ip=null | op=WRITE_CHUNK {blockData=conID: 1 locID: 102650153288008168 bcsId: 2044} | ret=SUCCESS |  
2019-08-20 16:03:56,410 | INFO  | DNAudit | user=null | ip=null | op=PUT_BLOCK {blockData=[blockId=conID: 1 locID: 102650153288008168 bcsId: 0,size=3145728]} | ret=SUCCESS |  
2019-08-20 16:03:56,411 | INFO  | DNAudit | user=null | ip=null | op=PUT_BLOCK {blockData=[blockId=conID: 1 locID: 102650153288008168 bcsId: 0,size=3145728]} | ret=SUCCESS |  
2019-08-20 16:03:56,412 | INFO  | DNAudit | user=null | ip=null | op=WRITE_CHUNK {blockData=conID: 1 locID: 102650153288008168 bcsId: 2050} | ret=SUCCESS |  
2019-08-20 16:03:56,412 | INFO  | DNAudit | user=null | ip=null | op=PUT_BLOCK {blockData=[blockId=conID: 1 locID: 102650153288008168 bcsId: 0,size=4194304]} | ret=SUCCESS |  
2019-08-20 16:03:56,412 [grpc-default-executor-0] INFO  client.GrpcClientProtocolClient (GrpcClientProtocolClient.java:onNext(255)) - client-EAA342753240->9a4a4c23-9ff3-4ce3-a619-2c71c0869997: receive RaftClientReply:client-EAA342753240->9a4a4c23-9ff3-4ce3-a619-2c71c0869997@group-EC4211DF0353, cid=1454, SUCCESS, logIndex=2053, commits[9a4a4c23-9ff3-4ce3-a619-2c71c0869997:c2054, 9b0072ab-15b3-4973-9bcb-7fa02f6bfea9:c2050, 9f215ef2-7d46-4cda-b695-cae1b893f75f:c2050]
2019-08-20 16:03:56,413 [grpc-default-executor-0] INFO  client.GrpcClientProtocolClient (GrpcClientProtocolClient.java:onNext(255)) - client-EAA342753240->9a4a4c23-9ff3-4ce3-a619-2c71c0869997: receive RaftClientReply:client-EAA342753240->9a4a4c23-9ff3-4ce3-a619-2c71c0869997@group-EC4211DF0353, cid=1455, SUCCESS, logIndex=2054, commits[9a4a4c23-9ff3-4ce3-a619-2c71c0869997:c2054, 9b0072ab-15b3-4973-9bcb-7fa02f6bfea9:c2050, 9f215ef2-7d46-4cda-b695-cae1b893f75f:c2050]
2019-08-20 16:03:56,417 | INFO  | SCMAudit | user=jenkins1000 | ip=192.168.69.96 | op=SEND_HEARTBEAT {datanodeUUID=9a4a4c23-9ff3-4ce3-a619-2c71c0869997, command=[]} | ret=SUCCESS |  
2019-08-20 16:03:56,417 | INFO  | SCMAudit | user=jenkins1000 | ip=192.168.69.96 | op=SEND_HEARTBEAT {datanodeUUID=9f215ef2-7d46-4cda-b695-cae1b893f75f, command=[]} | ret=SUCCESS |  
2019-08-20 16:03:56,418 | INFO  | SCMAudit | user=jenkins1000 | ip=192.168.69.96 | op=SEND_HEARTBEAT {datanodeUUID=9b0072ab-15b3-4973-9bcb-7fa02f6bfea9, command=[]} | ret=SUCCESS |  
 0.00% |█                                                                                                    |  0/1 Time: 0:00:092019-08-20 16:03:56,420 | INFO  | DNAudit | user=null | ip=null | op=WRITE_CHUNK {blockData=conID: 1 locID: 102650153288008168 bcsId: 2050} | ret=SUCCESS |  
2019-08-20 16:03:56,420 | INFO  | DNAudit | user=null | ip=null | op=WRITE_CHUNK {blockData=conID: 1 locID: 102650153288008168 bcsId: 2050} | ret=SUCCESS |  
2019-08-20 16:03:56,422 | INFO  | DNAudit | user=null | ip=null | op=PUT_BLOCK {blockData=[blockId=conID: 1 locID: 102650153288008168 bcsId: 0,size=4194304]} | ret=SUCCESS |  
2019-08-20 16:03:56,422 | INFO  | DNAudit | user=null | ip=null | op=PUT_BLOCK {blockData=[blockId=conID: 1 locID: 102650153288008168 bcsId: 0,size=4194304]} | ret=SUCCESS |  
2019-08-20 16:03:56,422 [grpc-default-executor-3] INFO  client.GrpcClientProtocolClient (GrpcClientProtocolClient.java:onNext(255)) - client-EAA342753240->9a4a4c23-9ff3-4ce3-a619-2c71c0869997: receive RaftClientReply:client-EAA342753240->9a4a4c23-9ff3-4ce3-a619-2c71c0869997@group-EC4211DF0353, cid=1456, SUCCESS, logIndex=0, commits[9a4a4c23-9ff3-4ce3-a619-2c71c0869997:c2056, 9b0072ab-15b3-4973-9bcb-7fa02f6bfea9:c2054, 9f215ef2-7d46-4cda-b695-cae1b893f75f:c2054]
2019-08-20 16:03:56,426 | INFO  | SCMAudit | user=jenkins1000 | ip=192.168.69.96 | op=ALLOCATE_BLOCK {owner=ea4851f9-218c-4af7-91b4-edb777a4888c, size=4194304, type=RATIS, factor=THREE} | ret=SUCCESS |  
2019-08-20 16:03:56,429 | INFO  | OMAudit | user=jenkins1000 | ip=127.0.0.1 | op=ALLOCATE_BLOCK {volume=vol-0-94146, bucket=bucket-0-90789, key=key-0-25609, dataSize=0, replicationType=null, replicationFactor=null, keyLocationInfo=null, clientID=102650152704082322} | ret=SUCCESS |  
2019-08-20 16:03:56,439 | INFO  | DNAudit | user=null | ip=null | op=WRITE_CHUNK {blockData=conID: 2 locID: 102650153299149289 bcsId: 0} | ret=SUCCESS |  
2019-08-20 16:03:56,442 | INFO  | DNAudit | user=null | ip=null | op=WRITE_CHUNK {blockData=conID: 2 locID: 102650153299149289 bcsId: 0} | ret=SUCCESS |  
2019-08-20 16:03:56,442 | INFO  | DNAudit | user=null | ip=null | op=WRITE_CHUNK {blockData=conID: 2 locID: 102650153299149289 bcsId: 0} | ret=SUCCESS |  
2019-08-20 16:03:56,442 | INFO  | DNAudit | user=null | ip=null | op=WRITE_CHUNK {blockData=conID: 2 locID: 102650153299149289 bcsId: 0} | ret=SUCCESS |  
2019-08-20 16:03:56,444 | INFO  | DNAudit | user=null | ip=null | op=WRITE_CHUNK {blockData=conID: 2 locID: 102650153299149289 bcsId: 0} | ret=SUCCESS |  
2019-08-20 16:03:56,444 | INFO  | DNAudit | user=null | ip=null | op=WRITE_CHUNK {blockData=conID: 2 locID: 102650153299149289 bcsId: 0} | ret=SUCCESS |  
2019-08-20 16:03:56,446 | INFO  | DNAudit | user=null | ip=null | op=WRITE_CHUNK {blockData=conID: 2 locID: 102650153299149289 bcsId: 0} | ret=SUCCESS |  
2019-08-20 16:03:56,447 | INFO  | DNAudit | user=null | ip=null | op=PUT_BLOCK {blockData=[blockId=conID: 2 locID: 102650153299149289 bcsId: 0,size=1048576]} | ret=SUCCESS |  
2019-08-20 16:03:56,447 [grpc-default-executor-3] INFO  client.GrpcClientProtocolClient (GrpcClientProtocolClient.java:onNext(255)) - client-EAA342753240->9a4a4c23-9ff3-4ce3-a619-2c71c0869997: receive RaftClientReply:client-EAA342753240->9a4a4c23-9ff3-4ce3-a619-2c71c0869997@group-EC4211DF0353, cid=1457, SUCCESS, logIndex=2057, commits[9a4a4c23-9ff3-4ce3-a619-2c71c0869997:c2060, 9b0072ab-15b3-4973-9bcb-7fa02f6bfea9:c2056, 9f215ef2-7d46-4cda-b695-cae1b893f75f:c2056]
2019-08-20 16:03:56,447 | INFO  | DNAudit | user=null | ip=null | op=WRITE_CHUNK {blockData=conID: 2 locID: 102650153299149289 bcsId: 0} | ret=SUCCESS |  
2019-08-20 16:03:56,447 [grpc-default-executor-3] INFO  client.GrpcClientProtocolClient (GrpcClientProtocolClient.java:onNext(255)) - client-EAA342753240->9a4a4c23-9ff3-4ce3-a619-2c71c0869997: receive RaftClientReply:client-EAA342753240->9a4a4c23-9ff3-4ce3-a619-2c71c0869997@group-EC4211DF0353, cid=1458, SUCCESS, logIndex=2058, commits[9a4a4c23-9ff3-4ce3-a619-2c71c0869997:c2060, 9b0072ab-15b3-4973-9bcb-7fa02f6bfea9:c2056, 9f215ef2-7d46-4cda-b695-cae1b893f75f:c2056]
2019-08-20 16:03:56,447 | INFO  | DNAudit | user=null | ip=null | op=PUT_BLOCK {blockData=[blockId=conID: 2 locID: 102650153299149289 bcsId: 0,size=2097152]} | ret=SUCCESS |  
2019-08-20 16:03:56,447 | INFO  | DNAudit | user=null | ip=null | op=WRITE_CHUNK {blockData=conID: 2 locID: 102650153299149289 bcsId: 0} | ret=SUCCESS |  
2019-08-20 16:03:56,448 [grpc-default-executor-5] INFO  client.GrpcClientProtocolClient (GrpcClientProtocolClient.java:onNext(255)) - client-EAA342753240->9a4a4c23-9ff3-4ce3-a619-2c71c0869997: receive RaftClientReply:client-EAA342753240->9a4a4c23-9ff3-4ce3-a619-2c71c0869997@group-EC4211DF0353, cid=1459, SUCCESS, logIndex=2059, commits[9a4a4c23-9ff3-4ce3-a619-2c71c0869997:c2060, 9b0072ab-15b3-4973-9bcb-7fa02f6bfea9:c2056, 9f215ef2-7d46-4cda-b695-cae1b893f75f:c2056]
2019-08-20 16:03:56,448 [grpc-default-executor-5] INFO  client.GrpcClientProtocolClient (GrpcClientProtocolClient.java:onNext(255)) - client-EAA342753240->9a4a4c23-9ff3-4ce3-a619-2c71c0869997: receive RaftClientReply:client-EAA342753240->9a4a4c23-9ff3-4ce3-a619-2c71c0869997@group-EC4211DF0353, cid=1460, SUCCESS, logIndex=2060, commits[9a4a4c23-9ff3-4ce3-a619-2c71c0869997:c2060, 9b0072ab-15b3-4973-9bcb-7fa02f6bfea9:c2057, 9f215ef2-7d46-4cda-b695-cae1b893f75f:c2056]
2019-08-20 16:03:56,448 | INFO  | DNAudit | user=null | ip=null | op=WRITE_CHUNK {blockData=conID: 2 locID: 102650153299149289 bcsId: 0} | ret=SUCCESS |  
2019-08-20 16:03:56,449 | INFO  | DNAudit | user=null | ip=null | op=PUT_BLOCK {blockData=[blockId=conID: 2 locID: 102650153299149289 bcsId: 0,size=1048576]} | ret=SUCCESS |  
2019-08-20 16:03:56,449 | INFO  | DNAudit | user=null | ip=null | op=WRITE_CHUNK {blockData=conID: 2 locID: 102650153299149289 bcsId: 0} | ret=SUCCESS |  
2019-08-20 16:03:56,449 | INFO  | DNAudit | user=null | ip=null | op=PUT_BLOCK {blockData=[blockId=conID: 2 locID: 102650153299149289 bcsId: 0,size=2097152]} | ret=SUCCESS |  
2019-08-20 16:03:56,449 | INFO  | DNAudit | user=null | ip=null | op=PUT_BLOCK {blockData=[blockId=conID: 2 locID: 102650153299149289 bcsId: 0,size=1048576]} | ret=SUCCESS |  
2019-08-20 16:03:56,449 | INFO  | DNAudit | user=null | ip=null | op=WRITE_CHUNK {blockData=conID: 2 locID: 102650153299149289 bcsId: 0} | ret=SUCCESS |  
2019-08-20 16:03:56,450 | INFO  | DNAudit | user=null | ip=null | op=PUT_BLOCK {blockData=[blockId=conID: 2 locID: 102650153299149289 bcsId: 0,size=2097152]} | ret=SUCCESS |  
2019-08-20 16:03:56,450 [grpc-default-executor-5] INFO  client.GrpcClientProtocolClient (GrpcClientProtocolClient.java:onNext(255)) - client-EAA342753240->9a4a4c23-9ff3-4ce3-a619-2c71c0869997: receive RaftClientReply:client-EAA342753240->9a4a4c23-9ff3-4ce3-a619-2c71c0869997@group-EC4211DF0353, cid=1461, SUCCESS, logIndex=0, commits[9a4a4c23-9ff3-4ce3-a619-2c71c0869997:c2064, 9b0072ab-15b3-4973-9bcb-7fa02f6bfea9:c2060, 9f215ef2-7d46-4cda-b695-cae1b893f75f:c2058]
2019-08-20 16:03:56,456 | INFO  | DNAudit | user=null | ip=null | op=WRITE_CHUNK {blockData=conID: 2 locID: 102650153299149289 bcsId: 2060} | ret=SUCCESS |  
2019-08-20 16:03:56,458 | INFO  | DNAudit | user=null | ip=null | op=WRITE_CHUNK {blockData=conID: 2 locID: 102650153299149289 bcsId: 2060} | ret=SUCCESS |  
2019-08-20 16:03:56,458 | INFO  | DNAudit | user=null | ip=null | op=WRITE_CHUNK {blockData=conID: 2 locID: 102650153299149289 bcsId: 2060} | ret=SUCCESS |  
2019-08-20 16:03:56,468 | INFO  | DNAudit | user=null | ip=null | op=WRITE_CHUNK {blockData=conID: 2 locID: 102650153299149289 bcsId: 2060} | ret=SUCCESS |  
2019-08-20 16:03:56,469 | INFO  | DNAudit | user=null | ip=null | op=PUT_BLOCK {blockData=[blockId=conID: 2 locID: 102650153299149289 bcsId: 0,size=3145728]} | ret=SUCCESS |  
2019-08-20 16:03:56,469 [grpc-default-executor-5] INFO  client.GrpcClientProtocolClient (GrpcClientProtocolClient.java:onNext(255)) - client-EAA342753240->9a4a4c23-9ff3-4ce3-a619-2c71c0869997: receive RaftClientReply:client-EAA342753240->9a4a4c23-9ff3-4ce3-a619-2c71c0869997@group-EC4211DF0353, cid=1462, SUCCESS, logIndex=2065, commits[9a4a4c23-9ff3-4ce3-a619-2c71c0869997:c2066, 9b0072ab-15b3-4973-9bcb-7fa02f6bfea9:c2064, 9f215ef2-7d46-4cda-b695-cae1b893f75f:c2064]
2019-08-20 16:03:56,469 [grpc-default-executor-5] INFO  client.GrpcClientProtocolClient (GrpcClientProtocolClient.java:onNext(255)) - client-EAA342753240->9a4a4c23-9ff3-4ce3-a619-2c71c0869997: receive RaftClientReply:client-EAA342753240->9a4a4c23-9ff3-4ce3-a619-2c71c0869997@group-EC4211DF0353, cid=1463, SUCCESS, logIndex=2066, commits[9a4a4c23-9ff3-4ce3-a619-2c71c0869997:c2066, 9b0072ab-15b3-4973-9bcb-7fa02f6bfea9:c2064, 9f215ef2-7d46-4cda-b695-cae1b893f75f:c2064]
2019-08-20 16:03:56,475 | INFO  | DNAudit | user=null | ip=null | op=WRITE_CHUNK {blockData=conID: 2 locID: 102650153299149289 bcsId: 2066} | ret=SUCCESS |  
2019-08-20 16:03:56,477 | INFO  | DNAudit | user=null | ip=null | op=WRITE_CHUNK {blockData=conID: 2 locID: 102650153299149289 bcsId: 2066} | ret=SUCCESS |  
2019-08-20 16:03:56,477 | INFO  | DNAudit | user=null | ip=null | op=WRITE_CHUNK {blockData=conID: 2 locID: 102650153299149289 bcsId: 2066} | ret=SUCCESS |  
2019-08-20 16:03:56,480 | INFO  | DNAudit | user=null | ip=null | op=WRITE_CHUNK {blockData=conID: 2 locID: 102650153299149289 bcsId: 2060} | ret=SUCCESS |  
2019-08-20 16:03:56,480 | INFO  | DNAudit | user=null | ip=null | op=WRITE_CHUNK {blockData=conID: 2 locID: 102650153299149289 bcsId: 2060} | ret=SUCCESS |  
2019-08-20 16:03:56,480 | INFO  | DNAudit | user=null | ip=null | op=PUT_BLOCK {blockData=[blockId=conID: 2 locID: 102650153299149289 bcsId: 0,size=3145728]} | ret=SUCCESS |  
2019-08-20 16:03:56,480 | INFO  | DNAudit | user=null | ip=null | op=PUT_BLOCK {blockData=[blockId=conID: 2 locID: 102650153299149289 bcsId: 0,size=3145728]} | ret=SUCCESS |  
2019-08-20 16:03:56,481 | INFO  | DNAudit | user=null | ip=null | op=WRITE_CHUNK {blockData=conID: 2 locID: 102650153299149289 bcsId: 2066} | ret=SUCCESS |  
2019-08-20 16:03:56,482 | INFO  | DNAudit | user=null | ip=null | op=PUT_BLOCK {blockData=[blockId=conID: 2 locID: 102650153299149289 bcsId: 0,size=4194304]} | ret=SUCCESS |  
2019-08-20 16:03:56,482 [grpc-default-executor-5] INFO  client.GrpcClientProtocolClient (GrpcClientProtocolClient.java:onNext(255)) - client-EAA342753240->9a4a4c23-9ff3-4ce3-a619-2c71c0869997: receive RaftClientReply:client-EAA342753240->9a4a4c23-9ff3-4ce3-a619-2c71c0869997@group-EC4211DF0353, cid=1464, SUCCESS, logIndex=2069, commits[9a4a4c23-9ff3-4ce3-a619-2c71c0869997:c2070, 9b0072ab-15b3-4973-9bcb-7fa02f6bfea9:c2066, 9f215ef2-7d46-4cda-b695-cae1b893f75f:c2066]
2019-08-20 16:03:56,482 [grpc-default-executor-5] INFO  client.GrpcClientProtocolClient (GrpcClientProtocolClient.java:onNext(255)) - client-EAA342753240->9a4a4c23-9ff3-4ce3-a619-2c71c0869997: receive RaftClientReply:client-EAA342753240->9a4a4c23-9ff3-4ce3-a619-2c71c0869997@group-EC4211DF0353, cid=1465, SUCCESS, logIndex=2070, commits[9a4a4c23-9ff3-4ce3-a619-2c71c0869997:c2070, 9b0072ab-15b3-4973-9bcb-7fa02f6bfea9:c2066, 9f215ef2-7d46-4cda-b695-cae1b893f75f:c2066]
2019-08-20 16:03:56,493 | INFO  | DNAudit | user=null | ip=null | op=WRITE_CHUNK {blockData=conID: 2 locID: 102650153299149289 bcsId: 2066} | ret=SUCCESS |  
2019-08-20 16:03:56,493 | INFO  | DNAudit | user=null | ip=null | op=WRITE_CHUNK {blockData=conID: 2 locID: 102650153299149289 bcsId: 2066} | ret=SUCCESS |  
2019-08-20 16:03:56,493 | INFO  | DNAudit | user=null | ip=null | op=PUT_BLOCK {blockData=[blockId=conID: 2 locID: 102650153299149289 bcsId: 0,size=4194304]} | ret=SUCCESS |  
2019-08-20 16:03:56,494 | INFO  | DNAudit | user=null | ip=null | op=PUT_BLOCK {blockData=[blockId=conID: 2 locID: 102650153299149289 bcsId: 0,size=4194304]} | ret=SUCCESS |  
2019-08-20 16:03:56,495 [grpc-default-executor-5] INFO  client.GrpcClientProtocolClient (GrpcClientProtocolClient.java:onNext(255)) - client-EAA342753240->9a4a4c23-9ff3-4ce3-a619-2c71c0869997: receive RaftClientReply:client-EAA342753240->9a4a4c23-9ff3-4ce3-a619-2c71c0869997@group-EC4211DF0353, cid=1466, SUCCESS, logIndex=0, commits[9a4a4c23-9ff3-4ce3-a619-2c71c0869997:c2072, 9b0072ab-15b3-4973-9bcb-7fa02f6bfea9:c2070, 9f215ef2-7d46-4cda-b695-cae1b893f75f:c2070]
2019-08-20 16:03:56,499 | INFO  | SCMAudit | user=jenkins1000 | ip=192.168.69.96 | op=ALLOCATE_BLOCK {owner=ea4851f9-218c-4af7-91b4-edb777a4888c, size=4194304, type=RATIS, factor=THREE} | ret=SUCCESS |  
2019-08-20 16:03:56,501 | INFO  | OMAudit | user=jenkins1000 | ip=127.0.0.1 | op=ALLOCATE_BLOCK {volume=vol-0-94146, bucket=bucket-0-90789, key=key-0-25609, dataSize=0, replicationType=null, replicationFactor=null, keyLocationInfo=null, clientID=102650152704082322} | ret=SUCCESS |  
2019-08-20 16:03:56,507 | INFO  | DNAudit | user=null | ip=null | op=WRITE_CHUNK {blockData=conID: 3 locID: 102650153303998954 bcsId: 0} | ret=SUCCESS |  
2019-08-20 16:03:56,509 | INFO  | DNAudit | user=null | ip=null | op=WRITE_CHUNK {blockData=conID: 3 locID: 102650153303998954 bcsId: 0} | ret=SUCCESS |  
2019-08-20 16:03:56,509 | INFO  | DNAudit | user=null | ip=null | op=WRITE_CHUNK {blockData=conID: 3 locID: 102650153303998954 bcsId: 0} | ret=SUCCESS |  
2019-08-20 16:03:56,510 | INFO  | DNAudit | user=null | ip=null | op=WRITE_CHUNK {blockData=conID: 3 locID: 102650153303998954 bcsId: 0} | ret=SUCCESS |  
2019-08-20 16:03:56,511 | INFO  | DNAudit | user=null | ip=null | op=WRITE_CHUNK {blockData=conID: 3 locID: 102650153303998954 bcsId: 0} | ret=SUCCESS |  
2019-08-20 16:03:56,511 | INFO  | DNAudit | user=null | ip=null | op=WRITE_CHUNK {blockData=conID: 3 locID: 102650153303998954 bcsId: 0} | ret=SUCCESS |  
2019-08-20 16:03:56,517 | INFO  | DNAudit | user=null | ip=null | op=WRITE_CHUNK {blockData=conID: 3 locID: 102650153303998954 bcsId: 0} | ret=SUCCESS |  
2019-08-20 16:03:56,518 | INFO  | DNAudit | user=null | ip=null | op=PUT_BLOCK {blockData=[blockId=conID: 3 locID: 102650153303998954 bcsId: 0,size=1048576]} | ret=SUCCESS |  
2019-08-20 16:03:56,518 [grpc-default-executor-0] INFO  client.GrpcClientProtocolClient (GrpcClientProtocolClient.java:onNext(255)) - client-EAA342753240->9a4a4c23-9ff3-4ce3-a619-2c71c0869997: receive RaftClientReply:client-EAA342753240->9a4a4c23-9ff3-4ce3-a619-2c71c0869997@group-EC4211DF0353, cid=1467, SUCCESS, logIndex=2073, commits[9a4a4c23-9ff3-4ce3-a619-2c71c0869997:c2074, 9b0072ab-15b3-4973-9bcb-7fa02f6bfea9:c2072, 9f215ef2-7d46-4cda-b695-cae1b893f75f:c2072]
2019-08-20 16:03:56,518 [grpc-default-executor-0] INFO  client.GrpcClientProtocolClient (GrpcClientProtocolClient.java:onNext(255)) - client-EAA342753240->9a4a4c23-9ff3-4ce3-a619-2c71c0869997: receive RaftClientReply:client-EAA342753240->9a4a4c23-9ff3-4ce3-a619-2c71c0869997@group-EC4211DF0353, cid=1468, SUCCESS, logIndex=2074, commits[9a4a4c23-9ff3-4ce3-a619-2c71c0869997:c2074, 9b0072ab-15b3-4973-9bcb-7fa02f6bfea9:c2072, 9f215ef2-7d46-4cda-b695-cae1b893f75f:c2072]
2019-08-20 16:03:56,527 | INFO  | DNAudit | user=null | ip=null | op=WRITE_CHUNK {blockData=conID: 3 locID: 102650153303998954 bcsId: 0} | ret=SUCCESS |  
2019-08-20 16:03:56,528 | INFO  | DNAudit | user=null | ip=null | op=PUT_BLOCK {blockData=[blockId=conID: 3 locID: 102650153303998954 bcsId: 0,size=2097152]} | ret=SUCCESS |  
2019-08-20 16:03:56,528 [grpc-default-executor-0] INFO  client.GrpcClientProtocolClient (GrpcClientProtocolClient.java:onNext(255)) - client-EAA342753240->9a4a4c23-9ff3-4ce3-a619-2c71c0869997: receive RaftClientReply:client-EAA342753240->9a4a4c23-9ff3-4ce3-a619-2c71c0869997@group-EC4211DF0353, cid=1469, SUCCESS, logIndex=2075, commits[9a4a4c23-9ff3-4ce3-a619-2c71c0869997:c2076, 9b0072ab-15b3-4973-9bcb-7fa02f6bfea9:c2072, 9f215ef2-7d46-4cda-b695-cae1b893f75f:c2072]
2019-08-20 16:03:56,528 | INFO  | DNAudit | user=null | ip=null | op=WRITE_CHUNK {blockData=conID: 3 locID: 102650153303998954 bcsId: 0} | ret=SUCCESS |  
2019-08-20 16:03:56,528 | INFO  | DNAudit | user=null | ip=null | op=WRITE_CHUNK {blockData=conID: 3 locID: 102650153303998954 bcsId: 0} | ret=SUCCESS |  
2019-08-20 16:03:56,528 [grpc-default-executor-3] INFO  client.GrpcClientProtocolClient (GrpcClientProtocolClient.java:onNext(255)) - client-EAA342753240->9a4a4c23-9ff3-4ce3-a619-2c71c0869997: receive RaftClientReply:client-EAA342753240->9a4a4c23-9ff3-4ce3-a619-2c71c0869997@group-EC4211DF0353, cid=1470, SUCCESS, logIndex=2076, commits[9a4a4c23-9ff3-4ce3-a619-2c71c0869997:c2076, 9b0072ab-15b3-4973-9bcb-7fa02f6bfea9:c2072, 9f215ef2-7d46-4cda-b695-cae1b893f75f:c2072]
2019-08-20 16:03:56,528 | INFO  | DNAudit | user=null | ip=null | op=PUT_BLOCK {blockData=[blockId=conID: 3 locID: 102650153303998954 bcsId: 0,size=1048576]} | ret=SUCCESS |  
2019-08-20 16:03:56,529 | INFO  | DNAudit | user=null | ip=null | op=PUT_BLOCK {blockData=[blockId=conID: 3 locID: 102650153303998954 bcsId: 0,size=1048576]} | ret=SUCCESS |  
2019-08-20 16:03:56,529 [grpc-default-executor-3] INFO  client.GrpcClientProtocolClient (GrpcClientProtocolClient.java:onNext(255)) - client-EAA342753240->9a4a4c23-9ff3-4ce3-a619-2c71c0869997: receive RaftClientReply:client-EAA342753240->9a4a4c23-9ff3-4ce3-a619-2c71c0869997@group-EC4211DF0353, cid=1471, SUCCESS, logIndex=0, commits[9a4a4c23-9ff3-4ce3-a619-2c71c0869997:c2077, 9b0072ab-15b3-4973-9bcb-7fa02f6bfea9:c2074, 9f215ef2-7d46-4cda-b695-cae1b893f75f:c2074]
2019-08-20 16:03:56,536 | INFO  | DNAudit | user=null | ip=null | op=WRITE_CHUNK {blockData=conID: 3 locID: 102650153303998954 bcsId: 2076} | ret=SUCCESS |  
2019-08-20 16:03:56,538 | INFO  | DNAudit | user=null | ip=null | op=WRITE_CHUNK {blockData=conID: 3 locID: 102650153303998954 bcsId: 2076} | ret=SUCCESS |  
2019-08-20 16:03:56,538 | INFO  | DNAudit | user=null | ip=null | op=WRITE_CHUNK {blockData=conID: 3 locID: 102650153303998954 bcsId: 2076} | ret=SUCCESS |  
2019-08-20 16:03:56,543 | INFO  | DNAudit | user=null | ip=null | op=WRITE_CHUNK {blockData=conID: 3 locID: 102650153303998954 bcsId: 0} | ret=SUCCESS |  
2019-08-20 16:03:56,543 | INFO  | DNAudit | user=null | ip=null | op=WRITE_CHUNK {blockData=conID: 3 locID: 102650153303998954 bcsId: 0} | ret=SUCCESS |  
2019-08-20 16:03:56,543 | INFO  | DNAudit | user=null | ip=null | op=PUT_BLOCK {blockData=[blockId=conID: 3 locID: 102650153303998954 bcsId: 0,size=2097152]} | ret=SUCCESS |  
2019-08-20 16:03:56,543 | INFO  | DNAudit | user=null | ip=null | op=WRITE_CHUNK {blockData=conID: 3 locID: 102650153303998954 bcsId: 2076} | ret=SUCCESS |  
2019-08-20 16:03:56,543 | INFO  | DNAudit | user=null | ip=null | op=PUT_BLOCK {blockData=[blockId=conID: 3 locID: 102650153303998954 bcsId: 0,size=2097152]} | ret=SUCCESS |  
2019-08-20 16:03:56,544 | INFO  | DNAudit | user=null | ip=null | op=PUT_BLOCK {blockData=[blockId=conID: 3 locID: 102650153303998954 bcsId: 0,size=3145728]} | ret=SUCCESS |  
2019-08-20 16:03:56,544 [grpc-default-executor-3] INFO  client.GrpcClientProtocolClient (GrpcClientProtocolClient.java:onNext(255)) - client-EAA342753240->9a4a4c23-9ff3-4ce3-a619-2c71c0869997: receive RaftClientReply:client-EAA342753240->9a4a4c23-9ff3-4ce3-a619-2c71c0869997@group-EC4211DF0353, cid=1472, SUCCESS, logIndex=2080, commits[9a4a4c23-9ff3-4ce3-a619-2c71c0869997:c2081, 9b0072ab-15b3-4973-9bcb-7fa02f6bfea9:c2079, 9f215ef2-7d46-4cda-b695-cae1b893f75f:c2079]
2019-08-20 16:03:56,544 [grpc-default-executor-3] INFO  client.GrpcClientProtocolClient (GrpcClientProtocolClient.java:onNext(255)) - client-EAA342753240->9a4a4c23-9ff3-4ce3-a619-2c71c0869997: receive RaftClientReply:client-EAA342753240->9a4a4c23-9ff3-4ce3-a619-2c71c0869997@group-EC4211DF0353, cid=1473, SUCCESS, logIndex=2081, commits[9a4a4c23-9ff3-4ce3-a619-2c71c0869997:c2081, 9b0072ab-15b3-4973-9bcb-7fa02f6bfea9:c2079, 9f215ef2-7d46-4cda-b695-cae1b893f75f:c2079]
2019-08-20 16:03:56,550 | INFO  | DNAudit | user=null | ip=null | op=WRITE_CHUNK {blockData=conID: 3 locID: 102650153303998954 bcsId: 2081} | ret=SUCCESS |  
2019-08-20 16:03:56,551 | INFO  | DNAudit | user=null | ip=null | op=WRITE_CHUNK {blockData=conID: 3 locID: 102650153303998954 bcsId: 2081} | ret=SUCCESS |  
2019-08-20 16:03:56,552 | INFO  | DNAudit | user=null | ip=null | op=WRITE_CHUNK {blockData=conID: 3 locID: 102650153303998954 bcsId: 2081} | ret=SUCCESS |  
2019-08-20 16:03:56,555 | INFO  | DNAudit | user=null | ip=null | op=WRITE_CHUNK {blockData=conID: 3 locID: 102650153303998954 bcsId: 2076} | ret=SUCCESS |  
2019-08-20 16:03:56,555 | INFO  | DNAudit | user=null | ip=null | op=WRITE_CHUNK {blockData=conID: 3 locID: 102650153303998954 bcsId: 2076} | ret=SUCCESS |  
2019-08-20 16:03:56,556 | INFO  | DNAudit | user=null | ip=null | op=PUT_BLOCK {blockData=[blockId=conID: 3 locID: 102650153303998954 bcsId: 0,size=3145728]} | ret=SUCCESS |  
2019-08-20 16:03:56,556 | INFO  | DNAudit | user=null | ip=null | op=PUT_BLOCK {blockData=[blockId=conID: 3 locID: 102650153303998954 bcsId: 0,size=3145728]} | ret=SUCCESS |  
2019-08-20 16:03:56,556 | INFO  | DNAudit | user=null | ip=null | op=WRITE_CHUNK {blockData=conID: 3 locID: 102650153303998954 bcsId: 2081} | ret=SUCCESS |  
2019-08-20 16:03:56,557 | INFO  | DNAudit | user=null | ip=null | op=PUT_BLOCK {blockData=[blockId=conID: 3 locID: 102650153303998954 bcsId: 0,size=4194304]} | ret=SUCCESS |  
2019-08-20 16:03:56,557 [grpc-default-executor-3] INFO  client.GrpcClientProtocolClient (GrpcClientProtocolClient.java:onNext(255)) - client-EAA342753240->9a4a4c23-9ff3-4ce3-a619-2c71c0869997: receive RaftClientReply:client-EAA342753240->9a4a4c23-9ff3-4ce3-a619-2c71c0869997@group-EC4211DF0353, cid=1474, SUCCESS, logIndex=2084, commits[9a4a4c23-9ff3-4ce3-a619-2c71c0869997:c2085, 9b0072ab-15b3-4973-9bcb-7fa02f6bfea9:c2081, 9f215ef2-7d46-4cda-b695-cae1b893f75f:c2081]
2019-08-20 16:03:56,557 [grpc-default-executor-3] INFO  client.GrpcClientProtocolClient (GrpcClientProtocolClient.java:onNext(255)) - client-EAA342753240->9a4a4c23-9ff3-4ce3-a619-2c71c0869997: receive RaftClientReply:client-EAA342753240->9a4a4c23-9ff3-4ce3-a619-2c71c0869997@group-EC4211DF0353, cid=1475, SUCCESS, logIndex=2085, commits[9a4a4c23-9ff3-4ce3-a619-2c71c0869997:c2085, 9b0072ab-15b3-4973-9bcb-7fa02f6bfea9:c2081, 9f215ef2-7d46-4cda-b695-cae1b893f75f:c2081]
2019-08-20 16:03:56,568 | INFO  | DNAudit | user=null | ip=null | op=WRITE_CHUNK {blockData=conID: 3 locID: 102650153303998954 bcsId: 2081} | ret=SUCCESS |  
2019-08-20 16:03:56,568 | INFO  | DNAudit | user=null | ip=null | op=WRITE_CHUNK {blockData=conID: 3 locID: 102650153303998954 bcsId: 2081} | ret=SUCCESS |  
2019-08-20 16:03:56,569 | INFO  | DNAudit | user=null | ip=null | op=PUT_BLOCK {blockData=[blockId=conID: 3 locID: 102650153303998954 bcsId: 0,size=4194304]} | ret=SUCCESS |  
2019-08-20 16:03:56,569 | INFO  | DNAudit | user=null | ip=null | op=PUT_BLOCK {blockData=[blockId=conID: 3 locID: 102650153303998954 bcsId: 0,size=4194304]} | ret=SUCCESS |  
2019-08-20 16:03:56,570 [grpc-default-executor-3] INFO  client.GrpcClientProtocolClient (GrpcClientProtocolClient.java:onNext(255)) - client-EAA342753240->9a4a4c23-9ff3-4ce3-a619-2c71c0869997: receive RaftClientReply:client-EAA342753240->9a4a4c23-9ff3-4ce3-a619-2c71c0869997@group-EC4211DF0353, cid=1476, SUCCESS, logIndex=0, commits[9a4a4c23-9ff3-4ce3-a619-2c71c0869997:c2087, 9b0072ab-15b3-4973-9bcb-7fa02f6bfea9:c2085, 9f215ef2-7d46-4cda-b695-cae1b893f75f:c2085]
2019-08-20 16:03:56,573 | INFO  | SCMAudit | user=jenkins1000 | ip=192.168.69.96 | op=ALLOCATE_BLOCK {owner=ea4851f9-218c-4af7-91b4-edb777a4888c, size=4194304, type=RATIS, factor=THREE} | ret=SUCCESS |  
2019-08-20 16:03:56,575 | INFO  | OMAudit | user=jenkins1000 | ip=127.0.0.1 | op=ALLOCATE_BLOCK {volume=vol-0-94146, bucket=bucket-0-90789, key=key-0-25609, dataSize=0, replicationType=null, replicationFactor=null, keyLocationInfo=null, clientID=102650152704082322} | ret=SUCCESS |  
2019-08-20 16:03:56,581 | INFO  | DNAudit | user=null | ip=null | op=WRITE_CHUNK {blockData=conID: 1 locID: 102650153308848619 bcsId: 0} | ret=SUCCESS |  
2019-08-20 16:03:56,583 | INFO  | DNAudit | user=null | ip=null | op=WRITE_CHUNK {blockData=conID: 1 locID: 102650153308848619 bcsId: 0} | ret=SUCCESS |  
2019-08-20 16:03:56,584 | INFO  | DNAudit | user=null | ip=null | op=WRITE_CHUNK {blockData=conID: 1 locID: 102650153308848619 bcsId: 0} | ret=SUCCESS |  
2019-08-20 16:03:56,584 | INFO  | DNAudit | user=null | ip=null | op=WRITE_CHUNK {blockData=conID: 1 locID: 102650153308848619 bcsId: 0} | ret=SUCCESS |  
2019-08-20 16:03:56,585 | INFO  | DNAudit | user=null | ip=null | op=WRITE_CHUNK {blockData=conID: 1 locID: 102650153308848619 bcsId: 0} | ret=SUCCESS |  
2019-08-20 16:03:56,586 | INFO  | DNAudit | user=null | ip=null | op=WRITE_CHUNK {blockData=conID: 1 locID: 102650153308848619 bcsId: 0} | ret=SUCCESS |  
2019-08-20 16:03:56,590 | INFO  | DNAudit | user=null | ip=null | op=WRITE_CHUNK {blockData=conID: 1 locID: 102650153308848619 bcsId: 0} | ret=SUCCESS |  
2019-08-20 16:03:56,591 | INFO  | DNAudit | user=null | ip=null | op=PUT_BLOCK {blockData=[blockId=conID: 1 locID: 102650153308848619 bcsId: 0,size=1048576]} | ret=SUCCESS |  
2019-08-20 16:03:56,591 [grpc-default-executor-3] INFO  client.GrpcClientProtocolClient (GrpcClientProtocolClient.java:onNext(255)) - client-EAA342753240->9a4a4c23-9ff3-4ce3-a619-2c71c0869997: receive RaftClientReply:client-EAA342753240->9a4a4c23-9ff3-4ce3-a619-2c71c0869997@group-EC4211DF0353, cid=1477, SUCCESS, logIndex=2088, commits[9a4a4c23-9ff3-4ce3-a619-2c71c0869997:c2090, 9b0072ab-15b3-4973-9bcb-7fa02f6bfea9:c2085, 9f215ef2-7d46-4cda-b695-cae1b893f75f:c2087]
2019-08-20 16:03:56,592 | INFO  | DNAudit | user=null | ip=null | op=WRITE_CHUNK {blockData=conID: 1 locID: 102650153308848619 bcsId: 0} | ret=SUCCESS |  
2019-08-20 16:03:56,592 [grpc-default-executor-3] INFO  client.GrpcClientProtocolClient (GrpcClientProtocolClient.java:onNext(255)) - client-EAA342753240->9a4a4c23-9ff3-4ce3-a619-2c71c0869997: receive RaftClientReply:client-EAA342753240->9a4a4c23-9ff3-4ce3-a619-2c71c0869997@group-EC4211DF0353, cid=1478, SUCCESS, logIndex=2089, commits[9a4a4c23-9ff3-4ce3-a619-2c71c0869997:c2091, 9b0072ab-15b3-4973-9bcb-7fa02f6bfea9:c2087, 9f215ef2-7d46-4cda-b695-cae1b893f75f:c2087]
2019-08-20 16:03:56,592 | INFO  | DNAudit | user=null | ip=null | op=WRITE_CHUNK {blockData=conID: 1 locID: 102650153308848619 bcsId: 0} | ret=SUCCESS |  
2019-08-20 16:03:56,592 | INFO  | DNAudit | user=null | ip=null | op=WRITE_CHUNK {blockData=conID: 1 locID: 102650153308848619 bcsId: 0} | ret=SUCCESS |  
2019-08-20 16:03:56,592 | INFO  | DNAudit | user=null | ip=null | op=PUT_BLOCK {blockData=[blockId=conID: 1 locID: 102650153308848619 bcsId: 0,size=2097152]} | ret=SUCCESS |  
2019-08-20 16:03:56,592 | INFO  | DNAudit | user=null | ip=null | op=PUT_BLOCK {blockData=[blockId=conID: 1 locID: 102650153308848619 bcsId: 0,size=1048576]} | ret=SUCCESS |  
2019-08-20 16:03:56,592 | INFO  | DNAudit | user=null | ip=null | op=PUT_BLOCK {blockData=[blockId=conID: 1 locID: 102650153308848619 bcsId: 0,size=1048576]} | ret=SUCCESS |  
2019-08-20 16:03:56,592 [grpc-default-executor-3] INFO  client.GrpcClientProtocolClient (GrpcClientProtocolClient.java:onNext(255)) - client-EAA342753240->9a4a4c23-9ff3-4ce3-a619-2c71c0869997: receive RaftClientReply:client-EAA342753240->9a4a4c23-9ff3-4ce3-a619-2c71c0869997@group-EC4211DF0353, cid=1479, SUCCESS, logIndex=2090, commits[9a4a4c23-9ff3-4ce3-a619-2c71c0869997:c2091, 9b0072ab-15b3-4973-9bcb-7fa02f6bfea9:c2087, 9f215ef2-7d46-4cda-b695-cae1b893f75f:c2087]
2019-08-20 16:03:56,592 | INFO  | DNAudit | user=null | ip=null | op=WRITE_CHUNK {blockData=conID: 1 locID: 102650153308848619 bcsId: 0} | ret=SUCCESS |  
2019-08-20 16:03:56,592 [grpc-default-executor-3] INFO  client.GrpcClientProtocolClient (GrpcClientProtocolClient.java:onNext(255)) - client-EAA342753240->9a4a4c23-9ff3-4ce3-a619-2c71c0869997: receive RaftClientReply:client-EAA342753240->9a4a4c23-9ff3-4ce3-a619-2c71c0869997@group-EC4211DF0353, cid=1480, SUCCESS, logIndex=2091, commits[9a4a4c23-9ff3-4ce3-a619-2c71c0869997:c2092, 9b0072ab-15b3-4973-9bcb-7fa02f6bfea9:c2089, 9f215ef2-7d46-4cda-b695-cae1b893f75f:c2089]
2019-08-20 16:03:56,593 | INFO  | DNAudit | user=null | ip=null | op=WRITE_CHUNK {blockData=conID: 1 locID: 102650153308848619 bcsId: 0} | ret=SUCCESS |  
2019-08-20 16:03:56,593 | INFO  | DNAudit | user=null | ip=null | op=PUT_BLOCK {blockData=[blockId=conID: 1 locID: 102650153308848619 bcsId: 0,size=2097152]} | ret=SUCCESS |  
2019-08-20 16:03:56,593 | INFO  | DNAudit | user=null | ip=null | op=PUT_BLOCK {blockData=[blockId=conID: 1 locID: 102650153308848619 bcsId: 0,size=2097152]} | ret=SUCCESS |  
2019-08-20 16:03:56,598 | INFO  | DNAudit | user=null | ip=null | op=WRITE_CHUNK {blockData=conID: 1 locID: 102650153308848619 bcsId: 2091} | ret=SUCCESS |  
2019-08-20 16:03:56,600 | INFO  | DNAudit | user=null | ip=null | op=WRITE_CHUNK {blockData=conID: 1 locID: 102650153308848619 bcsId: 2091} | ret=SUCCESS |  
2019-08-20 16:03:56,601 | INFO  | DNAudit | user=null | ip=null | op=WRITE_CHUNK {blockData=conID: 1 locID: 102650153308848619 bcsId: 2091} | ret=SUCCESS |  
2019-08-20 16:03:56,616 | INFO  | DNAudit | user=null | ip=null | op=WRITE_CHUNK {blockData=conID: 1 locID: 102650153308848619 bcsId: 2091} | ret=SUCCESS |  
2019-08-20 16:03:56,616 | INFO  | DNAudit | user=null | ip=null | op=PUT_BLOCK {blockData=[blockId=conID: 1 locID: 102650153308848619 bcsId: 0,size=3145728]} | ret=SUCCESS |  
2019-08-20 16:03:56,616 [grpc-default-executor-5] INFO  client.GrpcClientProtocolClient (GrpcClientProtocolClient.java:onNext(255)) - client-EAA342753240->9a4a4c23-9ff3-4ce3-a619-2c71c0869997: receive RaftClientReply:client-EAA342753240->9a4a4c23-9ff3-4ce3-a619-2c71c0869997@group-EC4211DF0353, cid=1481, SUCCESS, logIndex=2096, commits[9a4a4c23-9ff3-4ce3-a619-2c71c0869997:c2097, 9b0072ab-15b3-4973-9bcb-7fa02f6bfea9:c2095, 9f215ef2-7d46-4cda-b695-cae1b893f75f:c2095]
2019-08-20 16:03:56,617 [grpc-default-executor-5] INFO  client.GrpcClientProtocolClient (GrpcClientProtocolClient.java:onNext(255)) - client-EAA342753240->9a4a4c23-9ff3-4ce3-a619-2c71c0869997: receive RaftClientReply:client-EAA342753240->9a4a4c23-9ff3-4ce3-a619-2c71c0869997@group-EC4211DF0353, cid=1482, SUCCESS, logIndex=2097, commits[9a4a4c23-9ff3-4ce3-a619-2c71c0869997:c2097, 9b0072ab-15b3-4973-9bcb-7fa02f6bfea9:c2095, 9f215ef2-7d46-4cda-b695-cae1b893f75f:c2095]
2019-08-20 16:03:56,622 | INFO  | DNAudit | user=null | ip=null | op=WRITE_CHUNK {blockData=conID: 1 locID: 102650153308848619 bcsId: 2097} | ret=SUCCESS |  
2019-08-20 16:03:56,624 | INFO  | DNAudit | user=null | ip=null | op=WRITE_CHUNK {blockData=conID: 1 locID: 102650153308848619 bcsId: 2097} | ret=SUCCESS |  
2019-08-20 16:03:56,624 | INFO  | DNAudit | user=null | ip=null | op=WRITE_CHUNK {blockData=conID: 1 locID: 102650153308848619 bcsId: 2097} | ret=SUCCESS |  
2019-08-20 16:03:56,627 | INFO  | DNAudit | user=null | ip=null | op=WRITE_CHUNK {blockData=conID: 1 locID: 102650153308848619 bcsId: 2091} | ret=SUCCESS |  
2019-08-20 16:03:56,627 | INFO  | DNAudit | user=null | ip=null | op=WRITE_CHUNK {blockData=conID: 1 locID: 102650153308848619 bcsId: 2091} | ret=SUCCESS |  
2019-08-20 16:03:56,628 | INFO  | DNAudit | user=null | ip=null | op=PUT_BLOCK {blockData=[blockId=conID: 1 locID: 102650153308848619 bcsId: 0,size=3145728]} | ret=SUCCESS |  
2019-08-20 16:03:56,628 | INFO  | DNAudit | user=null | ip=null | op=PUT_BLOCK {blockData=[blockId=conID: 1 locID: 102650153308848619 bcsId: 0,size=3145728]} | ret=SUCCESS |  
2019-08-20 16:03:56,629 | INFO  | DNAudit | user=null | ip=null | op=WRITE_CHUNK {blockData=conID: 1 locID: 102650153308848619 bcsId: 2097} | ret=SUCCESS |  
2019-08-20 16:03:56,629 | INFO  | DNAudit | user=null | ip=null | op=PUT_BLOCK {blockData=[blockId=conID: 1 locID: 102650153308848619 bcsId: 0,size=4194304]} | ret=SUCCESS |  
2019-08-20 16:03:56,630 [grpc-default-executor-5] INFO  client.GrpcClientProtocolClient (GrpcClientProtocolClient.java:onNext(255)) - client-EAA342753240->9a4a4c23-9ff3-4ce3-a619-2c71c0869997: receive RaftClientReply:client-EAA342753240->9a4a4c23-9ff3-4ce3-a619-2c71c0869997@group-EC4211DF0353, cid=1483, SUCCESS, logIndex=2100, commits[9a4a4c23-9ff3-4ce3-a619-2c71c0869997:c2101, 9b0072ab-15b3-4973-9bcb-7fa02f6bfea9:c2097, 9f215ef2-7d46-4cda-b695-cae1b893f75f:c2097]
2019-08-20 16:03:56,630 [grpc-default-executor-5] INFO  client.GrpcClientProtocolClient (GrpcClientProtocolClient.java:onNext(255)) - client-EAA342753240->9a4a4c23-9ff3-4ce3-a619-2c71c0869997: receive RaftClientReply:client-EAA342753240->9a4a4c23-9ff3-4ce3-a619-2c71c0869997@group-EC4211DF0353, cid=1484, SUCCESS, logIndex=2101, commits[9a4a4c23-9ff3-4ce3-a619-2c71c0869997:c2101, 9b0072ab-15b3-4973-9bcb-7fa02f6bfea9:c2097, 9f215ef2-7d46-4cda-b695-cae1b893f75f:c2097]
2019-08-20 16:03:56,641 | INFO  | DNAudit | user=null | ip=null | op=WRITE_CHUNK {blockData=conID: 1 locID: 102650153308848619 bcsId: 2097} | ret=SUCCESS |  
2019-08-20 16:03:56,641 | INFO  | DNAudit | user=null | ip=null | op=WRITE_CHUNK {blockData=conID: 1 locID: 102650153308848619 bcsId: 2097} | ret=SUCCESS |  
2019-08-20 16:03:56,642 | INFO  | DNAudit | user=null | ip=null | op=PUT_BLOCK {blockData=[blockId=conID: 1 locID: 102650153308848619 bcsId: 0,size=4194304]} | ret=SUCCESS |  
2019-08-20 16:03:56,642 | INFO  | DNAudit | user=null | ip=null | op=PUT_BLOCK {blockData=[blockId=conID: 1 locID: 102650153308848619 bcsId: 0,size=4194304]} | ret=SUCCESS |  
2019-08-20 16:03:56,643 [grpc-default-executor-5] INFO  client.GrpcClientProtocolClient (GrpcClientProtocolClient.java:onNext(255)) - client-EAA342753240->9a4a4c23-9ff3-4ce3-a619-2c71c0869997: receive RaftClientReply:client-EAA342753240->9a4a4c23-9ff3-4ce3-a619-2c71c0869997@group-EC4211DF0353, cid=1485, SUCCESS, logIndex=0, commits[9a4a4c23-9ff3-4ce3-a619-2c71c0869997:c2103, 9b0072ab-15b3-4973-9bcb-7fa02f6bfea9:c2101, 9f215ef2-7d46-4cda-b695-cae1b893f75f:c2101]
2019-08-20 16:03:56,647 | INFO  | SCMAudit | user=jenkins1000 | ip=192.168.69.96 | op=ALLOCATE_BLOCK {owner=ea4851f9-218c-4af7-91b4-edb777a4888c, size=4194304, type=RATIS, factor=THREE} | ret=SUCCESS |  
2019-08-20 16:03:56,649 | INFO  | OMAudit | user=jenkins1000 | ip=127.0.0.1 | op=ALLOCATE_BLOCK {volume=vol-0-94146, bucket=bucket-0-90789, key=key-0-25609, dataSize=0, replicationType=null, replicationFactor=null, keyLocationInfo=null, clientID=102650152704082322} | ret=SUCCESS |  
2019-08-20 16:03:56,656 | INFO  | DNAudit | user=null | ip=null | op=WRITE_CHUNK {blockData=conID: 2 locID: 102650153313698284 bcsId: 0} | ret=SUCCESS |  
2019-08-20 16:03:56,657 | INFO  | DNAudit | user=null | ip=null | op=WRITE_CHUNK {blockData=conID: 2 locID: 102650153313698284 bcsId: 0} | ret=SUCCESS |  
2019-08-20 16:03:56,658 | INFO  | DNAudit | user=null | ip=null | op=WRITE_CHUNK {blockData=conID: 2 locID: 102650153313698284 bcsId: 0} | ret=SUCCESS |  
2019-08-20 16:03:56,658 | INFO  | DNAudit | user=null | ip=null | op=WRITE_CHUNK {blockData=conID: 2 locID: 102650153313698284 bcsId: 0} | ret=SUCCESS |  
2019-08-20 16:03:56,659 | INFO  | DNAudit | user=null | ip=null | op=WRITE_CHUNK {blockData=conID: 2 locID: 102650153313698284 bcsId: 0} | ret=SUCCESS |  
2019-08-20 16:03:56,659 | INFO  | DNAudit | user=null | ip=null | op=WRITE_CHUNK {blockData=conID: 2 locID: 102650153313698284 bcsId: 0} | ret=SUCCESS |  
2019-08-20 16:03:56,666 | INFO  | DNAudit | user=null | ip=null | op=WRITE_CHUNK {blockData=conID: 2 locID: 102650153313698284 bcsId: 0} | ret=SUCCESS |  
2019-08-20 16:03:56,667 | INFO  | DNAudit | user=null | ip=null | op=PUT_BLOCK {blockData=[blockId=conID: 2 locID: 102650153313698284 bcsId: 0,size=1048576]} | ret=SUCCESS |  
2019-08-20 16:03:56,667 [grpc-default-executor-6] INFO  client.GrpcClientProtocolClient (GrpcClientProtocolClient.java:onNext(255)) - client-EAA342753240->9a4a4c23-9ff3-4ce3-a619-2c71c0869997: receive RaftClientReply:client-EAA342753240->9a4a4c23-9ff3-4ce3-a619-2c71c0869997@group-EC4211DF0353, cid=1486, SUCCESS, logIndex=2104, commits[9a4a4c23-9ff3-4ce3-a619-2c71c0869997:c2106, 9b0072ab-15b3-4973-9bcb-7fa02f6bfea9:c2103, 9f215ef2-7d46-4cda-b695-cae1b893f75f:c2103]
2019-08-20 16:03:56,667 | INFO  | DNAudit | user=null | ip=null | op=WRITE_CHUNK {blockData=conID: 2 locID: 102650153313698284 bcsId: 0} | ret=SUCCESS |  
2019-08-20 16:03:56,667 [grpc-default-executor-6] INFO  client.GrpcClientProtocolClient (GrpcClientProtocolClient.java:onNext(255)) - client-EAA342753240->9a4a4c23-9ff3-4ce3-a619-2c71c0869997: receive RaftClientReply:client-EAA342753240->9a4a4c23-9ff3-4ce3-a619-2c71c0869997@group-EC4211DF0353, cid=1487, SUCCESS, logIndex=2105, commits[9a4a4c23-9ff3-4ce3-a619-2c71c0869997:c2107, 9b0072ab-15b3-4973-9bcb-7fa02f6bfea9:c2103, 9f215ef2-7d46-4cda-b695-cae1b893f75f:c2103]
2019-08-20 16:03:56,667 | INFO  | DNAudit | user=null | ip=null | op=PUT_BLOCK {blockData=[blockId=conID: 2 locID: 102650153313698284 bcsId: 0,size=2097152]} | ret=SUCCESS |  
2019-08-20 16:03:56,667 [grpc-default-executor-6] INFO  client.GrpcClientProtocolClient (GrpcClientProtocolClient.java:onNext(255)) - client-EAA342753240->9a4a4c23-9ff3-4ce3-a619-2c71c0869997: receive RaftClientReply:client-EAA342753240->9a4a4c23-9ff3-4ce3-a619-2c71c0869997@group-EC4211DF0353, cid=1488, SUCCESS, logIndex=2106, commits[9a4a4c23-9ff3-4ce3-a619-2c71c0869997:c2107, 9b0072ab-15b3-4973-9bcb-7fa02f6bfea9:c2103, 9f215ef2-7d46-4cda-b695-cae1b893f75f:c2103]
2019-08-20 16:03:56,668 [grpc-default-executor-6] INFO  client.GrpcClientProtocolClient (GrpcClientProtocolClient.java:onNext(255)) - client-EAA342753240->9a4a4c23-9ff3-4ce3-a619-2c71c0869997: receive RaftClientReply:client-EAA342753240->9a4a4c23-9ff3-4ce3-a619-2c71c0869997@group-EC4211DF0353, cid=1489, SUCCESS, logIndex=2107, commits[9a4a4c23-9ff3-4ce3-a619-2c71c0869997:c2107, 9b0072ab-15b3-4973-9bcb-7fa02f6bfea9:c2103, 9f215ef2-7d46-4cda-b695-cae1b893f75f:c2103]
2019-08-20 16:03:56,678 | INFO  | DNAudit | user=null | ip=null | op=WRITE_CHUNK {blockData=conID: 2 locID: 102650153313698284 bcsId: 0} | ret=SUCCESS |  
2019-08-20 16:03:56,678 | INFO  | DNAudit | user=null | ip=null | op=WRITE_CHUNK {blockData=conID: 2 locID: 102650153313698284 bcsId: 0} | ret=SUCCESS |  
2019-08-20 16:03:56,678 | INFO  | DNAudit | user=null | ip=null | op=PUT_BLOCK {blockData=[blockId=conID: 2 locID: 102650153313698284 bcsId: 0,size=1048576]} | ret=SUCCESS |  
2019-08-20 16:03:56,678 | INFO  | DNAudit | user=null | ip=null | op=PUT_BLOCK {blockData=[blockId=conID: 2 locID: 102650153313698284 bcsId: 0,size=1048576]} | ret=SUCCESS |  
2019-08-20 16:03:56,678 [grpc-default-executor-6] INFO  client.GrpcClientProtocolClient (GrpcClientProtocolClient.java:onNext(255)) - client-EAA342753240->9a4a4c23-9ff3-4ce3-a619-2c71c0869997: receive RaftClientReply:client-EAA342753240->9a4a4c23-9ff3-4ce3-a619-2c71c0869997@group-EC4211DF0353, cid=1490, SUCCESS, logIndex=0, commits[9a4a4c23-9ff3-4ce3-a619-2c71c0869997:c2108, 9b0072ab-15b3-4973-9bcb-7fa02f6bfea9:c2105, 9f215ef2-7d46-4cda-b695-cae1b893f75f:c2105]
2019-08-20 16:03:56,679 | INFO  | DNAudit | user=null | ip=null | op=WRITE_CHUNK {blockData=conID: 2 locID: 102650153313698284 bcsId: 0} | ret=SUCCESS |  
2019-08-20 16:03:56,679 | INFO  | DNAudit | user=null | ip=null | op=WRITE_CHUNK {blockData=conID: 2 locID: 102650153313698284 bcsId: 0} | ret=SUCCESS |  
2019-08-20 16:03:56,679 | INFO  | DNAudit | user=null | ip=null | op=PUT_BLOCK {blockData=[blockId=conID: 2 locID: 102650153313698284 bcsId: 0,size=2097152]} | ret=SUCCESS |  
2019-08-20 16:03:56,679 | INFO  | DNAudit | user=null | ip=null | op=PUT_BLOCK {blockData=[blockId=conID: 2 locID: 102650153313698284 bcsId: 0,size=2097152]} | ret=SUCCESS |  
2019-08-20 16:03:56,684 | INFO  | DNAudit | user=null | ip=null | op=WRITE_CHUNK {blockData=conID: 2 locID: 102650153313698284 bcsId: 2107} | ret=SUCCESS |  
2019-08-20 16:03:56,686 | INFO  | DNAudit | user=null | ip=null | op=WRITE_CHUNK {blockData=conID: 2 locID: 102650153313698284 bcsId: 2107} | ret=SUCCESS |  
2019-08-20 16:03:56,687 | INFO  | DNAudit | user=null | ip=null | op=WRITE_CHUNK {blockData=conID: 2 locID: 102650153313698284 bcsId: 2107} | ret=SUCCESS |  
2019-08-20 16:03:56,700 | INFO  | DNAudit | user=null | ip=null | op=WRITE_CHUNK {blockData=conID: 2 locID: 102650153313698284 bcsId: 2107} | ret=SUCCESS |  
2019-08-20 16:03:56,700 | INFO  | DNAudit | user=null | ip=null | op=PUT_BLOCK {blockData=[blockId=conID: 2 locID: 102650153313698284 bcsId: 0,size=3145728]} | ret=SUCCESS |  
2019-08-20 16:03:56,701 [grpc-default-executor-0] INFO  client.GrpcClientProtocolClient (GrpcClientProtocolClient.java:onNext(255)) - client-EAA342753240->9a4a4c23-9ff3-4ce3-a619-2c71c0869997: receive RaftClientReply:client-EAA342753240->9a4a4c23-9ff3-4ce3-a619-2c71c0869997@group-EC4211DF0353, cid=1491, SUCCESS, logIndex=2112, commits[9a4a4c23-9ff3-4ce3-a619-2c71c0869997:c2113, 9b0072ab-15b3-4973-9bcb-7fa02f6bfea9:c2111, 9f215ef2-7d46-4cda-b695-cae1b893f75f:c2111]
2019-08-20 16:03:56,701 [grpc-default-executor-0] INFO  client.GrpcClientProtocolClient (GrpcClientProtocolClient.java:onNext(255)) - client-EAA342753240->9a4a4c23-9ff3-4ce3-a619-2c71c0869997: receive RaftClientReply:client-EAA342753240->9a4a4c23-9ff3-4ce3-a619-2c71c0869997@group-EC4211DF0353, cid=1492, SUCCESS, logIndex=2113, commits[9a4a4c23-9ff3-4ce3-a619-2c71c0869997:c2113, 9b0072ab-15b3-4973-9bcb-7fa02f6bfea9:c2111, 9f215ef2-7d46-4cda-b695-cae1b893f75f:c2111]
2019-08-20 16:03:56,707 | INFO  | DNAudit | user=null | ip=null | op=WRITE_CHUNK {blockData=conID: 2 locID: 102650153313698284 bcsId: 2113} | ret=SUCCESS |  
2019-08-20 16:03:56,709 | INFO  | DNAudit | user=null | ip=null | op=WRITE_CHUNK {blockData=conID: 2 locID: 102650153313698284 bcsId: 2113} | ret=SUCCESS |  
2019-08-20 16:03:56,709 | INFO  | DNAudit | user=null | ip=null | op=WRITE_CHUNK {blockData=conID: 2 locID: 102650153313698284 bcsId: 2113} | ret=SUCCESS |  
2019-08-20 16:03:56,716 | INFO  | DNAudit | user=null | ip=null | op=WRITE_CHUNK {blockData=conID: 2 locID: 102650153313698284 bcsId: 2107} | ret=SUCCESS |  
2019-08-20 16:03:56,716 | INFO  | DNAudit | user=null | ip=null | op=WRITE_CHUNK {blockData=conID: 2 locID: 102650153313698284 bcsId: 2107} | ret=SUCCESS |  
2019-08-20 16:03:56,717 | INFO  | DNAudit | user=null | ip=null | op=PUT_BLOCK {blockData=[blockId=conID: 2 locID: 102650153313698284 bcsId: 0,size=3145728]} | ret=SUCCESS |  
2019-08-20 16:03:56,718 | INFO  | DNAudit | user=null | ip=null | op=PUT_BLOCK {blockData=[blockId=conID: 2 locID: 102650153313698284 bcsId: 0,size=3145728]} | ret=SUCCESS |  
2019-08-20 16:03:56,718 | INFO  | DNAudit | user=null | ip=null | op=WRITE_CHUNK {blockData=conID: 2 locID: 102650153313698284 bcsId: 2113} | ret=SUCCESS |  
2019-08-20 16:03:56,719 | INFO  | DNAudit | user=null | ip=null | op=PUT_BLOCK {blockData=[blockId=conID: 2 locID: 102650153313698284 bcsId: 0,size=4194304]} | ret=SUCCESS |  
2019-08-20 16:03:56,719 [grpc-default-executor-6] INFO  client.GrpcClientProtocolClient (GrpcClientProtocolClient.java:onNext(255)) - client-EAA342753240->9a4a4c23-9ff3-4ce3-a619-2c71c0869997: receive RaftClientReply:client-EAA342753240->9a4a4c23-9ff3-4ce3-a619-2c71c0869997@group-EC4211DF0353, cid=1493, SUCCESS, logIndex=2116, commits[9a4a4c23-9ff3-4ce3-a619-2c71c0869997:c2117, 9b0072ab-15b3-4973-9bcb-7fa02f6bfea9:c2113, 9f215ef2-7d46-4cda-b695-cae1b893f75f:c2113]
2019-08-20 16:03:56,719 [grpc-default-executor-6] INFO  client.GrpcClientProtocolClient (GrpcClientProtocolClient.java:onNext(255)) - client-EAA342753240->9a4a4c23-9ff3-4ce3-a619-2c71c0869997: receive RaftClientReply:client-EAA342753240->9a4a4c23-9ff3-4ce3-a619-2c71c0869997@group-EC4211DF0353, cid=1494, SUCCESS, logIndex=2117, commits[9a4a4c23-9ff3-4ce3-a619-2c71c0869997:c2117, 9b0072ab-15b3-4973-9bcb-7fa02f6bfea9:c2113, 9f215ef2-7d46-4cda-b695-cae1b893f75f:c2113]
2019-08-20 16:03:56,724 | INFO  | DNAudit | user=null | ip=null | op=WRITE_CHUNK {blockData=conID: 2 locID: 102650153313698284 bcsId: 2113} | ret=SUCCESS |  
2019-08-20 16:03:56,724 | INFO  | DNAudit | user=null | ip=null | op=WRITE_CHUNK {blockData=conID: 2 locID: 102650153313698284 bcsId: 2113} | ret=SUCCESS |  
2019-08-20 16:03:56,724 | INFO  | DNAudit | user=null | ip=null | op=PUT_BLOCK {blockData=[blockId=conID: 2 locID: 102650153313698284 bcsId: 0,size=4194304]} | ret=SUCCESS |  
2019-08-20 16:03:56,724 | INFO  | DNAudit | user=null | ip=null | op=PUT_BLOCK {blockData=[blockId=conID: 2 locID: 102650153313698284 bcsId: 0,size=4194304]} | ret=SUCCESS |  
2019-08-20 16:03:56,724 [grpc-default-executor-6] INFO  client.GrpcClientProtocolClient (GrpcClientProtocolClient.java:onNext(255)) - client-EAA342753240->9a4a4c23-9ff3-4ce3-a619-2c71c0869997: receive RaftClientReply:client-EAA342753240->9a4a4c23-9ff3-4ce3-a619-2c71c0869997@group-EC4211DF0353, cid=1495, SUCCESS, logIndex=0, commits[9a4a4c23-9ff3-4ce3-a619-2c71c0869997:c2118, 9b0072ab-15b3-4973-9bcb-7fa02f6bfea9:c2117, 9f215ef2-7d46-4cda-b695-cae1b893f75f:c2117]
2019-08-20 16:03:56,729 | INFO  | SCMAudit | user=jenkins1000 | ip=192.168.69.96 | op=ALLOCATE_BLOCK {owner=ea4851f9-218c-4af7-91b4-edb777a4888c, size=4194304, type=RATIS, factor=THREE} | ret=SUCCESS |  
2019-08-20 16:03:56,731 | INFO  | OMAudit | user=jenkins1000 | ip=127.0.0.1 | op=ALLOCATE_BLOCK {volume=vol-0-94146, bucket=bucket-0-90789, key=key-0-25609, dataSize=0, replicationType=null, replicationFactor=null, keyLocationInfo=null, clientID=102650152704082322} | ret=SUCCESS |  
2019-08-20 16:03:56,737 | INFO  | DNAudit | user=null | ip=null | op=WRITE_CHUNK {blockData=conID: 3 locID: 102650153319006701 bcsId: 0} | ret=SUCCESS |  
2019-08-20 16:03:56,739 | INFO  | DNAudit | user=null | ip=null | op=WRITE_CHUNK {blockData=conID: 3 locID: 102650153319006701 bcsId: 0} | ret=SUCCESS |  
2019-08-20 16:03:56,740 | INFO  | DNAudit | user=null | ip=null | op=WRITE_CHUNK {blockData=conID: 3 locID: 102650153319006701 bcsId: 0} | ret=SUCCESS |  
2019-08-20 16:03:56,740 | INFO  | DNAudit | user=null | ip=null | op=WRITE_CHUNK {blockData=conID: 3 locID: 102650153319006701 bcsId: 0} | ret=SUCCESS |  
2019-08-20 16:03:56,742 | INFO  | DNAudit | user=null | ip=null | op=WRITE_CHUNK {blockData=conID: 3 locID: 102650153319006701 bcsId: 0} | ret=SUCCESS |  
2019-08-20 16:03:56,742 | INFO  | DNAudit | user=null | ip=null | op=WRITE_CHUNK {blockData=conID: 3 locID: 102650153319006701 bcsId: 0} | ret=SUCCESS |  
2019-08-20 16:03:56,743 | INFO  | DNAudit | user=null | ip=null | op=WRITE_CHUNK {blockData=conID: 3 locID: 102650153319006701 bcsId: 0} | ret=SUCCESS |  
2019-08-20 16:03:56,743 | INFO  | DNAudit | user=null | ip=null | op=PUT_BLOCK {blockData=[blockId=conID: 3 locID: 102650153319006701 bcsId: 0,size=1048576]} | ret=SUCCESS |  
2019-08-20 16:03:56,743 [grpc-default-executor-0] INFO  client.GrpcClientProtocolClient (GrpcClientProtocolClient.java:onNext(255)) - client-EAA342753240->9a4a4c23-9ff3-4ce3-a619-2c71c0869997: receive RaftClientReply:client-EAA342753240->9a4a4c23-9ff3-4ce3-a619-2c71c0869997@group-EC4211DF0353, cid=1496, SUCCESS, logIndex=2120, commits[9a4a4c23-9ff3-4ce3-a619-2c71c0869997:c2121, 9b0072ab-15b3-4973-9bcb-7fa02f6bfea9:c2119, 9f215ef2-7d46-4cda-b695-cae1b893f75f:c2119]
2019-08-20 16:03:56,744 | INFO  | DNAudit | user=null | ip=null | op=WRITE_CHUNK {blockData=conID: 3 locID: 102650153319006701 bcsId: 0} | ret=SUCCESS |  
2019-08-20 16:03:56,744 [grpc-default-executor-0] INFO  client.GrpcClientProtocolClient (GrpcClientProtocolClient.java:onNext(255)) - client-EAA342753240->9a4a4c23-9ff3-4ce3-a619-2c71c0869997: receive RaftClientReply:client-EAA342753240->9a4a4c23-9ff3-4ce3-a619-2c71c0869997@group-EC4211DF0353, cid=1497, SUCCESS, logIndex=2121, commits[9a4a4c23-9ff3-4ce3-a619-2c71c0869997:c2121, 9b0072ab-15b3-4973-9bcb-7fa02f6bfea9:c2119, 9f215ef2-7d46-4cda-b695-cae1b893f75f:c2119]
2019-08-20 16:03:56,744 | INFO  | DNAudit | user=null | ip=null | op=PUT_BLOCK {blockData=[blockId=conID: 3 locID: 102650153319006701 bcsId: 0,size=2097152]} | ret=SUCCESS |  
2019-08-20 16:03:56,744 [grpc-default-executor-0] INFO  client.GrpcClientProtocolClient (GrpcClientProtocolClient.java:onNext(255)) - client-EAA342753240->9a4a4c23-9ff3-4ce3-a619-2c71c0869997: receive RaftClientReply:client-EAA342753240->9a4a4c23-9ff3-4ce3-a619-2c71c0869997@group-EC4211DF0353, cid=1498, SUCCESS, logIndex=2122, commits[9a4a4c23-9ff3-4ce3-a619-2c71c0869997:c2123, 9b0072ab-15b3-4973-9bcb-7fa02f6bfea9:c2119, 9f215ef2-7d46-4cda-b695-cae1b893f75f:c2119]
2019-08-20 16:03:56,745 [grpc-default-executor-0] INFO  client.GrpcClientProtocolClient (GrpcClientProtocolClient.java:onNext(255)) - client-EAA342753240->9a4a4c23-9ff3-4ce3-a619-2c71c0869997: receive RaftClientReply:client-EAA342753240->9a4a4c23-9ff3-4ce3-a619-2c71c0869997@group-EC4211DF0353, cid=1499, SUCCESS, logIndex=2123, commits[9a4a4c23-9ff3-4ce3-a619-2c71c0869997:c2123, 9b0072ab-15b3-4973-9bcb-7fa02f6bfea9:c2119, 9f215ef2-7d46-4cda-b695-cae1b893f75f:c2119]
2019-08-20 16:03:56,745 | INFO  | DNAudit | user=null | ip=null | op=WRITE_CHUNK {blockData=conID: 3 locID: 102650153319006701 bcsId: 0} | ret=SUCCESS |  
2019-08-20 16:03:56,745 | INFO  | DNAudit | user=null | ip=null | op=WRITE_CHUNK {blockData=conID: 3 locID: 102650153319006701 bcsId: 0} | ret=SUCCESS |  
2019-08-20 16:03:56,745 | INFO  | DNAudit | user=null | ip=null | op=PUT_BLOCK {blockData=[blockId=conID: 3 locID: 102650153319006701 bcsId: 0,size=1048576]} | ret=SUCCESS |  
2019-08-20 16:03:56,746 | INFO  | DNAudit | user=null | ip=null | op=PUT_BLOCK {blockData=[blockId=conID: 3 locID: 102650153319006701 bcsId: 0,size=1048576]} | ret=SUCCESS |  
2019-08-20 16:03:56,746 [grpc-default-executor-3] INFO  client.GrpcClientProtocolClient (GrpcClientProtocolClient.java:onNext(255)) - client-EAA342753240->9a4a4c23-9ff3-4ce3-a619-2c71c0869997: receive RaftClientReply:client-EAA342753240->9a4a4c23-9ff3-4ce3-a619-2c71c0869997@group-EC4211DF0353, cid=1500, SUCCESS, logIndex=0, commits[9a4a4c23-9ff3-4ce3-a619-2c71c0869997:c2124, 9b0072ab-15b3-4973-9bcb-7fa02f6bfea9:c2121, 9f215ef2-7d46-4cda-b695-cae1b893f75f:c2121]
2019-08-20 16:03:56,746 | INFO  | DNAudit | user=null | ip=null | op=WRITE_CHUNK {blockData=conID: 3 locID: 102650153319006701 bcsId: 0} | ret=SUCCESS |  
2019-08-20 16:03:56,747 | INFO  | DNAudit | user=null | ip=null | op=WRITE_CHUNK {blockData=conID: 3 locID: 102650153319006701 bcsId: 0} | ret=SUCCESS |  
2019-08-20 16:03:56,747 | INFO  | DNAudit | user=null | ip=null | op=PUT_BLOCK {blockData=[blockId=conID: 3 locID: 102650153319006701 bcsId: 0,size=2097152]} | ret=SUCCESS |  
2019-08-20 16:03:56,747 | INFO  | DNAudit | user=null | ip=null | op=PUT_BLOCK {blockData=[blockId=conID: 3 locID: 102650153319006701 bcsId: 0,size=2097152]} | ret=SUCCESS |  
2019-08-20 16:03:56,751 | INFO  | DNAudit | user=null | ip=null | op=WRITE_CHUNK {blockData=conID: 3 locID: 102650153319006701 bcsId: 2123} | ret=SUCCESS |  
2019-08-20 16:03:56,753 | INFO  | DNAudit | user=null | ip=null | op=WRITE_CHUNK {blockData=conID: 3 locID: 102650153319006701 bcsId: 2123} | ret=SUCCESS |  
2019-08-20 16:03:56,754 | INFO  | DNAudit | user=null | ip=null | op=WRITE_CHUNK {blockData=conID: 3 locID: 102650153319006701 bcsId: 2123} | ret=SUCCESS |  
2019-08-20 16:03:56,756 | INFO  | DNAudit | user=null | ip=null | op=WRITE_CHUNK {blockData=conID: 3 locID: 102650153319006701 bcsId: 2123} | ret=SUCCESS |  
2019-08-20 16:03:56,757 | INFO  | DNAudit | user=null | ip=null | op=PUT_BLOCK {blockData=[blockId=conID: 3 locID: 102650153319006701 bcsId: 0,size=3145728]} | ret=SUCCESS |  
2019-08-20 16:03:56,757 [grpc-default-executor-5] INFO  client.GrpcClientProtocolClient (GrpcClientProtocolClient.java:onNext(255)) - client-EAA342753240->9a4a4c23-9ff3-4ce3-a619-2c71c0869997: receive RaftClientReply:client-EAA342753240->9a4a4c23-9ff3-4ce3-a619-2c71c0869997@group-EC4211DF0353, cid=1501, SUCCESS, logIndex=2128, commits[9a4a4c23-9ff3-4ce3-a619-2c71c0869997:c2129, 9b0072ab-15b3-4973-9bcb-7fa02f6bfea9:c2127, 9f215ef2-7d46-4cda-b695-cae1b893f75f:c2127]
2019-08-20 16:03:56,757 [grpc-default-executor-5] INFO  client.GrpcClientProtocolClient (GrpcClientProtocolClient.java:onNext(255)) - client-EAA342753240->9a4a4c23-9ff3-4ce3-a619-2c71c0869997: receive RaftClientReply:client-EAA342753240->9a4a4c23-9ff3-4ce3-a619-2c71c0869997@group-EC4211DF0353, cid=1502, SUCCESS, logIndex=2129, commits[9a4a4c23-9ff3-4ce3-a619-2c71c0869997:c2129, 9b0072ab-15b3-4973-9bcb-7fa02f6bfea9:c2127, 9f215ef2-7d46-4cda-b695-cae1b893f75f:c2127]
2019-08-20 16:03:56,763 | INFO  | DNAudit | user=null | ip=null | op=WRITE_CHUNK {blockData=conID: 3 locID: 102650153319006701 bcsId: 2129} | ret=SUCCESS |  
2019-08-20 16:03:56,764 | INFO  | DNAudit | user=null | ip=null | op=WRITE_CHUNK {blockData=conID: 3 locID: 102650153319006701 bcsId: 2129} | ret=SUCCESS |  
2019-08-20 16:03:56,765 | INFO  | DNAudit | user=null | ip=null | op=WRITE_CHUNK {blockData=conID: 3 locID: 102650153319006701 bcsId: 2129} | ret=SUCCESS |  
2019-08-20 16:03:56,768 | INFO  | DNAudit | user=null | ip=null | op=WRITE_CHUNK {blockData=conID: 3 locID: 102650153319006701 bcsId: 2123} | ret=SUCCESS |  
2019-08-20 16:03:56,768 | INFO  | DNAudit | user=null | ip=null | op=WRITE_CHUNK {blockData=conID: 3 locID: 102650153319006701 bcsId: 2123} | ret=SUCCESS |  
2019-08-20 16:03:56,769 | INFO  | DNAudit | user=null | ip=null | op=PUT_BLOCK {blockData=[blockId=conID: 3 locID: 102650153319006701 bcsId: 0,size=3145728]} | ret=SUCCESS |  
2019-08-20 16:03:56,769 | INFO  | DNAudit | user=null | ip=null | op=PUT_BLOCK {blockData=[blockId=conID: 3 locID: 102650153319006701 bcsId: 0,size=3145728]} | ret=SUCCESS |  
2019-08-20 16:03:56,770 | INFO  | DNAudit | user=null | ip=null | op=WRITE_CHUNK {blockData=conID: 3 locID: 102650153319006701 bcsId: 2129} | ret=SUCCESS |  
2019-08-20 16:03:56,770 | INFO  | DNAudit | user=null | ip=null | op=PUT_BLOCK {blockData=[blockId=conID: 3 locID: 102650153319006701 bcsId: 0,size=4194304]} | ret=SUCCESS |  
2019-08-20 16:03:56,770 [grpc-default-executor-5] INFO  client.GrpcClientProtocolClient (GrpcClientProtocolClient.java:onNext(255)) - client-EAA342753240->9a4a4c23-9ff3-4ce3-a619-2c71c0869997: receive RaftClientReply:client-EAA342753240->9a4a4c23-9ff3-4ce3-a619-2c71c0869997@group-EC4211DF0353, cid=1503, SUCCESS, logIndex=2132, commits[9a4a4c23-9ff3-4ce3-a619-2c71c0869997:c2133, 9b0072ab-15b3-4973-9bcb-7fa02f6bfea9:c2129, 9f215ef2-7d46-4cda-b695-cae1b893f75f:c2129]
2019-08-20 16:03:56,771 [grpc-default-executor-5] INFO  client.GrpcClientProtocolClient (GrpcClientProtocolClient.java:onNext(255)) - client-EAA342753240->9a4a4c23-9ff3-4ce3-a619-2c71c0869997: receive RaftClientReply:client-EAA342753240->9a4a4c23-9ff3-4ce3-a619-2c71c0869997@group-EC4211DF0353, cid=1504, SUCCESS, logIndex=2133, commits[9a4a4c23-9ff3-4ce3-a619-2c71c0869997:c2133, 9b0072ab-15b3-4973-9bcb-7fa02f6bfea9:c2129, 9f215ef2-7d46-4cda-b695-cae1b893f75f:c2129]
2019-08-20 16:03:56,781 | INFO  | DNAudit | user=null | ip=null | op=WRITE_CHUNK {blockData=conID: 3 locID: 102650153319006701 bcsId: 2129} | ret=SUCCESS |  
2019-08-20 16:03:56,782 | INFO  | DNAudit | user=null | ip=null | op=WRITE_CHUNK {blockData=conID: 3 locID: 102650153319006701 bcsId: 2129} | ret=SUCCESS |  
2019-08-20 16:03:56,782 | INFO  | DNAudit | user=null | ip=null | op=PUT_BLOCK {blockData=[blockId=conID: 3 locID: 102650153319006701 bcsId: 0,size=4194304]} | ret=SUCCESS |  
2019-08-20 16:03:56,782 | INFO  | DNAudit | user=null | ip=null | op=PUT_BLOCK {blockData=[blockId=conID: 3 locID: 102650153319006701 bcsId: 0,size=4194304]} | ret=SUCCESS |  
2019-08-20 16:03:56,782 [grpc-default-executor-5] INFO  client.GrpcClientProtocolClient (GrpcClientProtocolClient.java:onNext(255)) - client-EAA342753240->9a4a4c23-9ff3-4ce3-a619-2c71c0869997: receive RaftClientReply:client-EAA342753240->9a4a4c23-9ff3-4ce3-a619-2c71c0869997@group-EC4211DF0353, cid=1505, SUCCESS, logIndex=0, commits[9a4a4c23-9ff3-4ce3-a619-2c71c0869997:c2134, 9b0072ab-15b3-4973-9bcb-7fa02f6bfea9:c2133, 9f215ef2-7d46-4cda-b695-cae1b893f75f:c2133]
2019-08-20 16:03:56,786 | INFO  | SCMAudit | user=jenkins1000 | ip=192.168.69.96 | op=ALLOCATE_BLOCK {owner=ea4851f9-218c-4af7-91b4-edb777a4888c, size=4194304, type=RATIS, factor=THREE} | ret=SUCCESS |  
2019-08-20 16:03:56,788 | INFO  | OMAudit | user=jenkins1000 | ip=127.0.0.1 | op=ALLOCATE_BLOCK {volume=vol-0-94146, bucket=bucket-0-90789, key=key-0-25609, dataSize=0, replicationType=null, replicationFactor=null, keyLocationInfo=null, clientID=102650152704082322} | ret=SUCCESS |  
2019-08-20 16:03:56,794 | INFO  | DNAudit | user=null | ip=null | op=WRITE_CHUNK {blockData=conID: 1 locID: 102650153322807790 bcsId: 0} | ret=SUCCESS |  
2019-08-20 16:03:56,796 | INFO  | DNAudit | user=null | ip=null | op=WRITE_CHUNK {blockData=conID: 1 locID: 102650153322807790 bcsId: 0} | ret=SUCCESS |  
2019-08-20 16:03:56,796 | INFO  | DNAudit | user=null | ip=null | op=WRITE_CHUNK {blockData=conID: 1 locID: 102650153322807790 bcsId: 0} | ret=SUCCESS |  
2019-08-20 16:03:56,796 | INFO  | DNAudit | user=null | ip=null | op=WRITE_CHUNK {blockData=conID: 1 locID: 102650153322807790 bcsId: 0} | ret=SUCCESS |  
2019-08-20 16:03:56,798 | INFO  | DNAudit | user=null | ip=null | op=WRITE_CHUNK {blockData=conID: 1 locID: 102650153322807790 bcsId: 0} | ret=SUCCESS |  
2019-08-20 16:03:56,798 | INFO  | DNAudit | user=null | ip=null | op=WRITE_CHUNK {blockData=conID: 1 locID: 102650153322807790 bcsId: 0} | ret=SUCCESS |  
2019-08-20 16:03:56,812 | INFO  | DNAudit | user=null | ip=null | op=WRITE_CHUNK {blockData=conID: 1 locID: 102650153322807790 bcsId: 0} | ret=SUCCESS |  
2019-08-20 16:03:56,812 | INFO  | DNAudit | user=null | ip=null | op=PUT_BLOCK {blockData=[blockId=conID: 1 locID: 102650153322807790 bcsId: 0,size=1048576]} | ret=SUCCESS |  
2019-08-20 16:03:56,812 [grpc-default-executor-0] INFO  client.GrpcClientProtocolClient (GrpcClientProtocolClient.java:onNext(255)) - client-EAA342753240->9a4a4c23-9ff3-4ce3-a619-2c71c0869997: receive RaftClientReply:client-EAA342753240->9a4a4c23-9ff3-4ce3-a619-2c71c0869997@group-EC4211DF0353, cid=1506, SUCCESS, logIndex=2136, commits[9a4a4c23-9ff3-4ce3-a619-2c71c0869997:c2137, 9b0072ab-15b3-4973-9bcb-7fa02f6bfea9:c2133, 9f215ef2-7d46-4cda-b695-cae1b893f75f:c2135]
2019-08-20 16:03:56,813 [grpc-default-executor-0] INFO  client.GrpcClientProtocolClient (GrpcClientProtocolClient.java:onNext(255)) - client-EAA342753240->9a4a4c23-9ff3-4ce3-a619-2c71c0869997: receive RaftClientReply:client-EAA342753240->9a4a4c23-9ff3-4ce3-a619-2c71c0869997@group-EC4211DF0353, cid=1507, SUCCESS, logIndex=2137, commits[9a4a4c23-9ff3-4ce3-a619-2c71c0869997:c2137, 9b0072ab-15b3-4973-9bcb-7fa02f6bfea9:c2133, 9f215ef2-7d46-4cda-b695-cae1b893f75f:c2135]
2019-08-20 16:03:56,826 | INFO  | DNAudit | user=null | ip=null | op=WRITE_CHUNK {blockData=conID: 1 locID: 102650153322807790 bcsId: 0} | ret=SUCCESS |  
2019-08-20 16:03:56,826 | INFO  | DNAudit | user=null | ip=null | op=PUT_BLOCK {blockData=[blockId=conID: 1 locID: 102650153322807790 bcsId: 0,size=2097152]} | ret=SUCCESS |  
2019-08-20 16:03:56,826 [grpc-default-executor-0] INFO  client.GrpcClientProtocolClient (GrpcClientProtocolClient.java:onNext(255)) - client-EAA342753240->9a4a4c23-9ff3-4ce3-a619-2c71c0869997: receive RaftClientReply:client-EAA342753240->9a4a4c23-9ff3-4ce3-a619-2c71c0869997@group-EC4211DF0353, cid=1508, SUCCESS, logIndex=2138, commits[9a4a4c23-9ff3-4ce3-a619-2c71c0869997:c2139, 9b0072ab-15b3-4973-9bcb-7fa02f6bfea9:c2133, 9f215ef2-7d46-4cda-b695-cae1b893f75f:c2135]
2019-08-20 16:03:56,827 [grpc-default-executor-0] INFO  client.GrpcClientProtocolClient (GrpcClientProtocolClient.java:onNext(255)) - client-EAA342753240->9a4a4c23-9ff3-4ce3-a619-2c71c0869997: receive RaftClientReply:client-EAA342753240->9a4a4c23-9ff3-4ce3-a619-2c71c0869997@group-EC4211DF0353, cid=1509, SUCCESS, logIndex=2139, commits[9a4a4c23-9ff3-4ce3-a619-2c71c0869997:c2139, 9b0072ab-15b3-4973-9bcb-7fa02f6bfea9:c2133, 9f215ef2-7d46-4cda-b695-cae1b893f75f:c2135]
2019-08-20 16:03:56,844 | INFO  | DNAudit | user=null | ip=null | op=WRITE_CHUNK {blockData=conID: 1 locID: 102650153322807790 bcsId: 0} | ret=SUCCESS |  
2019-08-20 16:03:56,844 | INFO  | DNAudit | user=null | ip=null | op=WRITE_CHUNK {blockData=conID: 1 locID: 102650153322807790 bcsId: 0} | ret=SUCCESS |  
2019-08-20 16:03:56,844 | INFO  | DNAudit | user=null | ip=null | op=PUT_BLOCK {blockData=[blockId=conID: 1 locID: 102650153322807790 bcsId: 0,size=1048576]} | ret=SUCCESS |  
2019-08-20 16:03:56,844 | INFO  | DNAudit | user=null | ip=null | op=PUT_BLOCK {blockData=[blockId=conID: 1 locID: 102650153322807790 bcsId: 0,size=1048576]} | ret=SUCCESS |  
2019-08-20 16:03:56,844 | INFO  | DNAudit | user=null | ip=null | op=WRITE_CHUNK {blockData=conID: 1 locID: 102650153322807790 bcsId: 0} | ret=SUCCESS |  
2019-08-20 16:03:56,844 | INFO  | DNAudit | user=null | ip=null | op=PUT_BLOCK {blockData=[blockId=conID: 1 locID: 102650153322807790 bcsId: 0,size=2097152]} | ret=SUCCESS |  
2019-08-20 16:03:56,844 [grpc-default-executor-3] INFO  client.GrpcClientProtocolClient (GrpcClientProtocolClient.java:onNext(255)) - client-EAA342753240->9a4a4c23-9ff3-4ce3-a619-2c71c0869997: receive RaftClientReply:client-EAA342753240->9a4a4c23-9ff3-4ce3-a619-2c71c0869997@group-EC4211DF0353, cid=1510, SUCCESS, logIndex=0, commits[9a4a4c23-9ff3-4ce3-a619-2c71c0869997:c2140, 9b0072ab-15b3-4973-9bcb-7fa02f6bfea9:c2137, 9f215ef2-7d46-4cda-b695-cae1b893f75f:c2137]
2019-08-20 16:03:56,851 | INFO  | DNAudit | user=null | ip=null | op=WRITE_CHUNK {blockData=conID: 1 locID: 102650153322807790 bcsId: 2139} | ret=SUCCESS |  
2019-08-20 16:03:56,854 | INFO  | DNAudit | user=null | ip=null | op=WRITE_CHUNK {blockData=conID: 1 locID: 102650153322807790 bcsId: 2139} | ret=SUCCESS |  
2019-08-20 16:03:56,854 | INFO  | DNAudit | user=null | ip=null | op=WRITE_CHUNK {blockData=conID: 1 locID: 102650153322807790 bcsId: 2139} | ret=SUCCESS |  
2019-08-20 16:03:56,855 | INFO  | DNAudit | user=null | ip=null | op=WRITE_CHUNK {blockData=conID: 1 locID: 102650153322807790 bcsId: 0} | ret=SUCCESS |  
2019-08-20 16:03:56,855 | INFO  | DNAudit | user=null | ip=null | op=PUT_BLOCK {blockData=[blockId=conID: 1 locID: 102650153322807790 bcsId: 0,size=2097152]} | ret=SUCCESS |  
2019-08-20 16:03:56,856 | INFO  | DNAudit | user=null | ip=null | op=WRITE_CHUNK {blockData=conID: 1 locID: 102650153322807790 bcsId: 2139} | ret=SUCCESS |  
2019-08-20 16:03:56,857 | INFO  | DNAudit | user=null | ip=null | op=PUT_BLOCK {blockData=[blockId=conID: 1 locID: 102650153322807790 bcsId: 0,size=3145728]} | ret=SUCCESS |  
2019-08-20 16:03:56,857 [grpc-default-executor-3] INFO  client.GrpcClientProtocolClient (GrpcClientProtocolClient.java:onNext(255)) - client-EAA342753240->9a4a4c23-9ff3-4ce3-a619-2c71c0869997: receive RaftClientReply:client-EAA342753240->9a4a4c23-9ff3-4ce3-a619-2c71c0869997@group-EC4211DF0353, cid=1511, SUCCESS, logIndex=2144, commits[9a4a4c23-9ff3-4ce3-a619-2c71c0869997:c2145, 9b0072ab-15b3-4973-9bcb-7fa02f6bfea9:c2141, 9f215ef2-7d46-4cda-b695-cae1b893f75f:c2141]
2019-08-20 16:03:56,857 [grpc-default-executor-3] INFO  client.GrpcClientProtocolClient (GrpcClientProtocolClient.java:onNext(255)) - client-EAA342753240->9a4a4c23-9ff3-4ce3-a619-2c71c0869997: receive RaftClientReply:client-EAA342753240->9a4a4c23-9ff3-4ce3-a619-2c71c0869997@group-EC4211DF0353, cid=1512, SUCCESS, logIndex=2145, commits[9a4a4c23-9ff3-4ce3-a619-2c71c0869997:c2145, 9b0072ab-15b3-4973-9bcb-7fa02f6bfea9:c2141, 9f215ef2-7d46-4cda-b695-cae1b893f75f:c2141]
2019-08-20 16:03:56,865 | INFO  | DNAudit | user=null | ip=null | op=WRITE_CHUNK {blockData=conID: 1 locID: 102650153322807790 bcsId: 2145} | ret=SUCCESS |  
2019-08-20 16:03:56,866 | INFO  | DNAudit | user=null | ip=null | op=WRITE_CHUNK {blockData=conID: 1 locID: 102650153322807790 bcsId: 2145} | ret=SUCCESS |  
2019-08-20 16:03:56,866 | INFO  | DNAudit | user=null | ip=null | op=WRITE_CHUNK {blockData=conID: 1 locID: 102650153322807790 bcsId: 2145} | ret=SUCCESS |  
2019-08-20 16:03:56,868 | INFO  | DNAudit | user=null | ip=null | op=WRITE_CHUNK {blockData=conID: 1 locID: 102650153322807790 bcsId: 2139} | ret=SUCCESS |  
2019-08-20 16:03:56,868 | INFO  | DNAudit | user=null | ip=null | op=WRITE_CHUNK {blockData=conID: 1 locID: 102650153322807790 bcsId: 2139} | ret=SUCCESS |  
2019-08-20 16:03:56,869 | INFO  | DNAudit | user=null | ip=null | op=PUT_BLOCK {blockData=[blockId=conID: 1 locID: 102650153322807790 bcsId: 0,size=3145728]} | ret=SUCCESS |  
2019-08-20 16:03:56,869 | INFO  | DNAudit | user=null | ip=null | op=PUT_BLOCK {blockData=[blockId=conID: 1 locID: 102650153322807790 bcsId: 0,size=3145728]} | ret=SUCCESS |  
2019-08-20 16:03:56,870 | INFO  | DNAudit | user=null | ip=null | op=WRITE_CHUNK {blockData=conID: 1 locID: 102650153322807790 bcsId: 2145} | ret=SUCCESS |  
2019-08-20 16:03:56,870 | INFO  | DNAudit | user=null | ip=null | op=PUT_BLOCK {blockData=[blockId=conID: 1 locID: 102650153322807790 bcsId: 0,size=4194304]} | ret=SUCCESS |  
2019-08-20 16:03:56,870 [grpc-default-executor-0] INFO  client.GrpcClientProtocolClient (GrpcClientProtocolClient.java:onNext(255)) - client-EAA342753240->9a4a4c23-9ff3-4ce3-a619-2c71c0869997: receive RaftClientReply:client-EAA342753240->9a4a4c23-9ff3-4ce3-a619-2c71c0869997@group-EC4211DF0353, cid=1513, SUCCESS, logIndex=2148, commits[9a4a4c23-9ff3-4ce3-a619-2c71c0869997:c2148, 9b0072ab-15b3-4973-9bcb-7fa02f6bfea9:c2145, 9f215ef2-7d46-4cda-b695-cae1b893f75f:c2145]
2019-08-20 16:03:56,871 [grpc-default-executor-0] INFO  client.GrpcClientProtocolClient (GrpcClientProtocolClient.java:onNext(255)) - client-EAA342753240->9a4a4c23-9ff3-4ce3-a619-2c71c0869997: receive RaftClientReply:client-EAA342753240->9a4a4c23-9ff3-4ce3-a619-2c71c0869997@group-EC4211DF0353, cid=1514, SUCCESS, logIndex=2149, commits[9a4a4c23-9ff3-4ce3-a619-2c71c0869997:c2149, 9b0072ab-15b3-4973-9bcb-7fa02f6bfea9:c2145, 9f215ef2-7d46-4cda-b695-cae1b893f75f:c2145]
2019-08-20 16:03:56,882 | INFO  | DNAudit | user=null | ip=null | op=WRITE_CHUNK {blockData=conID: 1 locID: 102650153322807790 bcsId: 2145} | ret=SUCCESS |  
2019-08-20 16:03:56,882 | INFO  | DNAudit | user=null | ip=null | op=WRITE_CHUNK {blockData=conID: 1 locID: 102650153322807790 bcsId: 2145} | ret=SUCCESS |  
2019-08-20 16:03:56,883 | INFO  | DNAudit | user=null | ip=null | op=PUT_BLOCK {blockData=[blockId=conID: 1 locID: 102650153322807790 bcsId: 0,size=4194304]} | ret=SUCCESS |  
2019-08-20 16:03:56,883 | INFO  | DNAudit | user=null | ip=null | op=PUT_BLOCK {blockData=[blockId=conID: 1 locID: 102650153322807790 bcsId: 0,size=4194304]} | ret=SUCCESS |  
2019-08-20 16:03:56,883 [grpc-default-executor-0] INFO  client.GrpcClientProtocolClient (GrpcClientProtocolClient.java:onNext(255)) - client-EAA342753240->9a4a4c23-9ff3-4ce3-a619-2c71c0869997: receive RaftClientReply:client-EAA342753240->9a4a4c23-9ff3-4ce3-a619-2c71c0869997@group-EC4211DF0353, cid=1515, SUCCESS, logIndex=0, commits[9a4a4c23-9ff3-4ce3-a619-2c71c0869997:c2151, 9b0072ab-15b3-4973-9bcb-7fa02f6bfea9:c2149, 9f215ef2-7d46-4cda-b695-cae1b893f75f:c2149]
2019-08-20 16:03:56,983 | INFO  | SCMAudit | user=jenkins1000 | ip=192.168.69.96 | op=ALLOCATE_BLOCK {owner=ea4851f9-218c-4af7-91b4-edb777a4888c, size=4194304, type=RATIS, factor=THREE} | ret=SUCCESS |  
2019-08-20 16:03:56,986 | INFO  | OMAudit | user=jenkins1000 | ip=127.0.0.1 | op=ALLOCATE_BLOCK {volume=vol-0-94146, bucket=bucket-0-90789, key=key-0-25609, dataSize=0, replicationType=null, replicationFactor=null, keyLocationInfo=null, clientID=102650152704082322} | ret=SUCCESS |  
2019-08-20 16:03:56,993 | INFO  | DNAudit | user=null | ip=null | op=WRITE_CHUNK {blockData=conID: 2 locID: 102650153335718383 bcsId: 0} | ret=SUCCESS |  
2019-08-20 16:03:56,995 | INFO  | DNAudit | user=null | ip=null | op=WRITE_CHUNK {blockData=conID: 2 locID: 102650153335718383 bcsId: 0} | ret=SUCCESS |  
2019-08-20 16:03:56,996 | INFO  | DNAudit | user=null | ip=null | op=WRITE_CHUNK {blockData=conID: 2 locID: 102650153335718383 bcsId: 0} | ret=SUCCESS |  
2019-08-20 16:03:56,997 | INFO  | DNAudit | user=null | ip=null | op=WRITE_CHUNK {blockData=conID: 2 locID: 102650153335718383 bcsId: 0} | ret=SUCCESS |  
2019-08-20 16:03:56,998 | INFO  | DNAudit | user=null | ip=null | op=WRITE_CHUNK {blockData=conID: 2 locID: 102650153335718383 bcsId: 0} | ret=SUCCESS |  
2019-08-20 16:03:56,999 | INFO  | DNAudit | user=null | ip=null | op=WRITE_CHUNK {blockData=conID: 2 locID: 102650153335718383 bcsId: 0} | ret=SUCCESS |  
2019-08-20 16:03:57,005 | INFO  | DNAudit | user=null | ip=null | op=WRITE_CHUNK {blockData=conID: 2 locID: 102650153335718383 bcsId: 0} | ret=SUCCESS |  
2019-08-20 16:03:57,006 | INFO  | DNAudit | user=null | ip=null | op=PUT_BLOCK {blockData=[blockId=conID: 2 locID: 102650153335718383 bcsId: 0,size=1048576]} | ret=SUCCESS |  
2019-08-20 16:03:57,006 [grpc-default-executor-5] INFO  client.GrpcClientProtocolClient (GrpcClientProtocolClient.java:onNext(255)) - client-EAA342753240->9a4a4c23-9ff3-4ce3-a619-2c71c0869997: receive RaftClientReply:client-EAA342753240->9a4a4c23-9ff3-4ce3-a619-2c71c0869997@group-EC4211DF0353, cid=1516, SUCCESS, logIndex=2152, commits[9a4a4c23-9ff3-4ce3-a619-2c71c0869997:c2153, 9b0072ab-15b3-4973-9bcb-7fa02f6bfea9:c2151, 9f215ef2-7d46-4cda-b695-cae1b893f75f:c2151]
2019-08-20 16:03:57,006 | INFO  | DNAudit | user=null | ip=null | op=WRITE_CHUNK {blockData=conID: 2 locID: 102650153335718383 bcsId: 0} | ret=SUCCESS |  
2019-08-20 16:03:57,006 [grpc-default-executor-5] INFO  client.GrpcClientProtocolClient (GrpcClientProtocolClient.java:onNext(255)) - client-EAA342753240->9a4a4c23-9ff3-4ce3-a619-2c71c0869997: receive RaftClientReply:client-EAA342753240->9a4a4c23-9ff3-4ce3-a619-2c71c0869997@group-EC4211DF0353, cid=1517, SUCCESS, logIndex=2153, commits[9a4a4c23-9ff3-4ce3-a619-2c71c0869997:c2154, 9b0072ab-15b3-4973-9bcb-7fa02f6bfea9:c2151, 9f215ef2-7d46-4cda-b695-cae1b893f75f:c2151]
2019-08-20 16:03:57,007 | INFO  | DNAudit | user=null | ip=null | op=PUT_BLOCK {blockData=[blockId=conID: 2 locID: 102650153335718383 bcsId: 0,size=2097152]} | ret=SUCCESS |  
2019-08-20 16:03:57,007 [grpc-default-executor-5] INFO  client.GrpcClientProtocolClient (GrpcClientProtocolClient.java:onNext(255)) - client-EAA342753240->9a4a4c23-9ff3-4ce3-a619-2c71c0869997: receive RaftClientReply:client-EAA342753240->9a4a4c23-9ff3-4ce3-a619-2c71c0869997@group-EC4211DF0353, cid=1518, SUCCESS, logIndex=2154, commits[9a4a4c23-9ff3-4ce3-a619-2c71c0869997:c2155, 9b0072ab-15b3-4973-9bcb-7fa02f6bfea9:c2151, 9f215ef2-7d46-4cda-b695-cae1b893f75f:c2151]
2019-08-20 16:03:57,007 | INFO  | DNAudit | user=null | ip=null | op=WRITE_CHUNK {blockData=conID: 2 locID: 102650153335718383 bcsId: 0} | ret=SUCCESS |  
2019-08-20 16:03:57,007 [grpc-default-executor-5] INFO  client.GrpcClientProtocolClient (GrpcClientProtocolClient.java:onNext(255)) - client-EAA342753240->9a4a4c23-9ff3-4ce3-a619-2c71c0869997: receive RaftClientReply:client-EAA342753240->9a4a4c23-9ff3-4ce3-a619-2c71c0869997@group-EC4211DF0353, cid=1519, SUCCESS, logIndex=2155, commits[9a4a4c23-9ff3-4ce3-a619-2c71c0869997:c2155, 9b0072ab-15b3-4973-9bcb-7fa02f6bfea9:c2151, 9f215ef2-7d46-4cda-b695-cae1b893f75f:c2151]
2019-08-20 16:03:57,007 | INFO  | DNAudit | user=null | ip=null | op=PUT_BLOCK {blockData=[blockId=conID: 2 locID: 102650153335718383 bcsId: 0,size=1048576]} | ret=SUCCESS |  
2019-08-20 16:03:57,008 | INFO  | DNAudit | user=null | ip=null | op=WRITE_CHUNK {blockData=conID: 2 locID: 102650153335718383 bcsId: 0} | ret=SUCCESS |  
2019-08-20 16:03:57,008 | INFO  | DNAudit | user=null | ip=null | op=PUT_BLOCK {blockData=[blockId=conID: 2 locID: 102650153335718383 bcsId: 0,size=1048576]} | ret=SUCCESS |  
2019-08-20 16:03:57,008 | INFO  | DNAudit | user=null | ip=null | op=WRITE_CHUNK {blockData=conID: 2 locID: 102650153335718383 bcsId: 0} | ret=SUCCESS |  
2019-08-20 16:03:57,008 | INFO  | DNAudit | user=null | ip=null | op=WRITE_CHUNK {blockData=conID: 2 locID: 102650153335718383 bcsId: 0} | ret=SUCCESS |  
2019-08-20 16:03:57,008 [grpc-default-executor-3] INFO  client.GrpcClientProtocolClient (GrpcClientProtocolClient.java:onNext(255)) - client-EAA342753240->9a4a4c23-9ff3-4ce3-a619-2c71c0869997: receive RaftClientReply:client-EAA342753240->9a4a4c23-9ff3-4ce3-a619-2c71c0869997@group-EC4211DF0353, cid=1520, SUCCESS, logIndex=0, commits[9a4a4c23-9ff3-4ce3-a619-2c71c0869997:c2157, 9b0072ab-15b3-4973-9bcb-7fa02f6bfea9:c2154, 9f215ef2-7d46-4cda-b695-cae1b893f75f:c2153]
2019-08-20 16:03:57,008 | INFO  | DNAudit | user=null | ip=null | op=PUT_BLOCK {blockData=[blockId=conID: 2 locID: 102650153335718383 bcsId: 0,size=2097152]} | ret=SUCCESS |  
2019-08-20 16:03:57,010 | INFO  | DNAudit | user=null | ip=null | op=PUT_BLOCK {blockData=[blockId=conID: 2 locID: 102650153335718383 bcsId: 0,size=2097152]} | ret=SUCCESS |  
2019-08-20 16:03:57,015 | INFO  | DNAudit | user=null | ip=null | op=WRITE_CHUNK {blockData=conID: 2 locID: 102650153335718383 bcsId: 2155} | ret=SUCCESS |  
2019-08-20 16:03:57,017 | INFO  | DNAudit | user=null | ip=null | op=WRITE_CHUNK {blockData=conID: 2 locID: 102650153335718383 bcsId: 2155} | ret=SUCCESS |  
2019-08-20 16:03:57,017 | INFO  | DNAudit | user=null | ip=null | op=WRITE_CHUNK {blockData=conID: 2 locID: 102650153335718383 bcsId: 2155} | ret=SUCCESS |  
2019-08-20 16:03:57,027 | INFO  | DNAudit | user=null | ip=null | op=WRITE_CHUNK {blockData=conID: 2 locID: 102650153335718383 bcsId: 2155} | ret=SUCCESS |  
2019-08-20 16:03:57,027 | INFO  | DNAudit | user=null | ip=null | op=PUT_BLOCK {blockData=[blockId=conID: 2 locID: 102650153335718383 bcsId: 0,size=3145728]} | ret=SUCCESS |  
2019-08-20 16:03:57,027 [grpc-default-executor-3] INFO  client.GrpcClientProtocolClient (GrpcClientProtocolClient.java:onNext(255)) - client-EAA342753240->9a4a4c23-9ff3-4ce3-a619-2c71c0869997: receive RaftClientReply:client-EAA342753240->9a4a4c23-9ff3-4ce3-a619-2c71c0869997@group-EC4211DF0353, cid=1521, SUCCESS, logIndex=2160, commits[9a4a4c23-9ff3-4ce3-a619-2c71c0869997:c2161, 9b0072ab-15b3-4973-9bcb-7fa02f6bfea9:c2159, 9f215ef2-7d46-4cda-b695-cae1b893f75f:c2159]
2019-08-20 16:03:57,028 [grpc-default-executor-3] INFO  client.GrpcClientProtocolClient (GrpcClientProtocolClient.java:onNext(255)) - client-EAA342753240->9a4a4c23-9ff3-4ce3-a619-2c71c0869997: receive RaftClientReply:client-EAA342753240->9a4a4c23-9ff3-4ce3-a619-2c71c0869997@group-EC4211DF0353, cid=1522, SUCCESS, logIndex=2161, commits[9a4a4c23-9ff3-4ce3-a619-2c71c0869997:c2161, 9b0072ab-15b3-4973-9bcb-7fa02f6bfea9:c2159, 9f215ef2-7d46-4cda-b695-cae1b893f75f:c2159]
2019-08-20 16:03:57,028 | INFO  | DNAudit | user=null | ip=null | op=WRITE_CHUNK {blockData=conID: 2 locID: 102650153335718383 bcsId: 2155} | ret=SUCCESS |  
2019-08-20 16:03:57,028 | INFO  | DNAudit | user=null | ip=null | op=WRITE_CHUNK {blockData=conID: 2 locID: 102650153335718383 bcsId: 2155} | ret=SUCCESS |  
2019-08-20 16:03:57,030 | INFO  | DNAudit | user=null | ip=null | op=PUT_BLOCK {blockData=[blockId=conID: 2 locID: 102650153335718383 bcsId: 0,size=3145728]} | ret=SUCCESS |  
2019-08-20 16:03:57,030 | INFO  | DNAudit | user=null | ip=null | op=PUT_BLOCK {blockData=[blockId=conID: 2 locID: 102650153335718383 bcsId: 0,size=3145728]} | ret=SUCCESS |  
2019-08-20 16:03:57,034 | INFO  | DNAudit | user=null | ip=null | op=WRITE_CHUNK {blockData=conID: 2 locID: 102650153335718383 bcsId: 2161} | ret=SUCCESS |  
2019-08-20 16:03:57,035 | INFO  | DNAudit | user=null | ip=null | op=WRITE_CHUNK {blockData=conID: 2 locID: 102650153335718383 bcsId: 2161} | ret=SUCCESS |  
2019-08-20 16:03:57,036 | INFO  | DNAudit | user=null | ip=null | op=WRITE_CHUNK {blockData=conID: 2 locID: 102650153335718383 bcsId: 2161} | ret=SUCCESS |  
2019-08-20 16:03:57,046 | INFO  | DNAudit | user=null | ip=null | op=WRITE_CHUNK {blockData=conID: 2 locID: 102650153335718383 bcsId: 2161} | ret=SUCCESS |  
2019-08-20 16:03:57,047 | INFO  | DNAudit | user=null | ip=null | op=PUT_BLOCK {blockData=[blockId=conID: 2 locID: 102650153335718383 bcsId: 0,size=4194304]} | ret=SUCCESS |  
2019-08-20 16:03:57,047 [grpc-default-executor-5] INFO  client.GrpcClientProtocolClient (GrpcClientProtocolClient.java:onNext(255)) - client-EAA342753240->9a4a4c23-9ff3-4ce3-a619-2c71c0869997: receive RaftClientReply:client-EAA342753240->9a4a4c23-9ff3-4ce3-a619-2c71c0869997@group-EC4211DF0353, cid=1523, SUCCESS, logIndex=2164, commits[9a4a4c23-9ff3-4ce3-a619-2c71c0869997:c2165, 9b0072ab-15b3-4973-9bcb-7fa02f6bfea9:c2163, 9f215ef2-7d46-4cda-b695-cae1b893f75f:c2163]
2019-08-20 16:03:57,047 [grpc-default-executor-5] INFO  client.GrpcClientProtocolClient (GrpcClientProtocolClient.java:onNext(255)) - client-EAA342753240->9a4a4c23-9ff3-4ce3-a619-2c71c0869997: receive RaftClientReply:client-EAA342753240->9a4a4c23-9ff3-4ce3-a619-2c71c0869997@group-EC4211DF0353, cid=1524, SUCCESS, logIndex=2165, commits[9a4a4c23-9ff3-4ce3-a619-2c71c0869997:c2165, 9b0072ab-15b3-4973-9bcb-7fa02f6bfea9:c2163, 9f215ef2-7d46-4cda-b695-cae1b893f75f:c2163]
2019-08-20 16:03:57,048 | INFO  | DNAudit | user=null | ip=null | op=WRITE_CHUNK {blockData=conID: 2 locID: 102650153335718383 bcsId: 2161} | ret=SUCCESS |  
2019-08-20 16:03:57,048 | INFO  | DNAudit | user=null | ip=null | op=WRITE_CHUNK {blockData=conID: 2 locID: 102650153335718383 bcsId: 2161} | ret=SUCCESS |  
2019-08-20 16:03:57,049 | INFO  | DNAudit | user=null | ip=null | op=PUT_BLOCK {blockData=[blockId=conID: 2 locID: 102650153335718383 bcsId: 0,size=4194304]} | ret=SUCCESS |  
2019-08-20 16:03:57,049 | INFO  | DNAudit | user=null | ip=null | op=PUT_BLOCK {blockData=[blockId=conID: 2 locID: 102650153335718383 bcsId: 0,size=4194304]} | ret=SUCCESS |  
2019-08-20 16:03:57,050 [grpc-default-executor-5] INFO  client.GrpcClientProtocolClient (GrpcClientProtocolClient.java:onNext(255)) - client-EAA342753240->9a4a4c23-9ff3-4ce3-a619-2c71c0869997: receive RaftClientReply:client-EAA342753240->9a4a4c23-9ff3-4ce3-a619-2c71c0869997@group-EC4211DF0353, cid=1525, SUCCESS, logIndex=0, commits[9a4a4c23-9ff3-4ce3-a619-2c71c0869997:c2167, 9b0072ab-15b3-4973-9bcb-7fa02f6bfea9:c2165, 9f215ef2-7d46-4cda-b695-cae1b893f75f:c2165]
2019-08-20 16:03:57,053 | INFO  | SCMAudit | user=jenkins1000 | ip=192.168.69.96 | op=ALLOCATE_BLOCK {owner=ea4851f9-218c-4af7-91b4-edb777a4888c, size=4194304, type=RATIS, factor=THREE} | ret=SUCCESS |  
2019-08-20 16:03:57,055 | INFO  | OMAudit | user=jenkins1000 | ip=127.0.0.1 | op=ALLOCATE_BLOCK {volume=vol-0-94146, bucket=bucket-0-90789, key=key-0-25609, dataSize=0, replicationType=null, replicationFactor=null, keyLocationInfo=null, clientID=102650152704082322} | ret=SUCCESS |  
2019-08-20 16:03:57,063 | INFO  | DNAudit | user=null | ip=null | op=WRITE_CHUNK {blockData=conID: 3 locID: 102650153340305904 bcsId: 0} | ret=SUCCESS |  
2019-08-20 16:03:57,063 | INFO  | DNAudit | user=null | ip=null | op=WRITE_CHUNK {blockData=conID: 3 locID: 102650153340305904 bcsId: 0} | ret=SUCCESS |  
2019-08-20 16:03:57,064 | INFO  | DNAudit | user=null | ip=null | op=WRITE_CHUNK {blockData=conID: 3 locID: 102650153340305904 bcsId: 0} | ret=SUCCESS |  
2019-08-20 16:03:57,065 | INFO  | DNAudit | user=null | ip=null | op=WRITE_CHUNK {blockData=conID: 3 locID: 102650153340305904 bcsId: 0} | ret=SUCCESS |  
2019-08-20 16:03:57,066 | INFO  | DNAudit | user=null | ip=null | op=WRITE_CHUNK {blockData=conID: 3 locID: 102650153340305904 bcsId: 0} | ret=SUCCESS |  
2019-08-20 16:03:57,066 | INFO  | DNAudit | user=null | ip=null | op=WRITE_CHUNK {blockData=conID: 3 locID: 102650153340305904 bcsId: 0} | ret=SUCCESS |  
2019-08-20 16:03:57,075 | INFO  | DNAudit | user=null | ip=null | op=WRITE_CHUNK {blockData=conID: 3 locID: 102650153340305904 bcsId: 0} | ret=SUCCESS |  
2019-08-20 16:03:57,076 | INFO  | DNAudit | user=null | ip=null | op=PUT_BLOCK {blockData=[blockId=conID: 3 locID: 102650153340305904 bcsId: 0,size=1048576]} | ret=SUCCESS |  
2019-08-20 16:03:57,076 [grpc-default-executor-3] INFO  client.GrpcClientProtocolClient (GrpcClientProtocolClient.java:onNext(255)) - client-EAA342753240->9a4a4c23-9ff3-4ce3-a619-2c71c0869997: receive RaftClientReply:client-EAA342753240->9a4a4c23-9ff3-4ce3-a619-2c71c0869997@group-EC4211DF0353, cid=1526, SUCCESS, logIndex=2168, commits[9a4a4c23-9ff3-4ce3-a619-2c71c0869997:c2169, 9b0072ab-15b3-4973-9bcb-7fa02f6bfea9:c2167, 9f215ef2-7d46-4cda-b695-cae1b893f75f:c2167]
2019-08-20 16:03:57,076 | INFO  | DNAudit | user=null | ip=null | op=WRITE_CHUNK {blockData=conID: 3 locID: 102650153340305904 bcsId: 0} | ret=SUCCESS |  
2019-08-20 16:03:57,076 [grpc-default-executor-3] INFO  client.GrpcClientProtocolClient (GrpcClientProtocolClient.java:onNext(255)) - client-EAA342753240->9a4a4c23-9ff3-4ce3-a619-2c71c0869997: receive RaftClientReply:client-EAA342753240->9a4a4c23-9ff3-4ce3-a619-2c71c0869997@group-EC4211DF0353, cid=1527, SUCCESS, logIndex=2169, commits[9a4a4c23-9ff3-4ce3-a619-2c71c0869997:c2169, 9b0072ab-15b3-4973-9bcb-7fa02f6bfea9:c2167, 9f215ef2-7d46-4cda-b695-cae1b893f75f:c2167]
2019-08-20 16:03:57,076 | INFO  | DNAudit | user=null | ip=null | op=PUT_BLOCK {blockData=[blockId=conID: 3 locID: 102650153340305904 bcsId: 0,size=2097152]} | ret=SUCCESS |  
2019-08-20 16:03:57,077 [grpc-default-executor-0] INFO  client.GrpcClientProtocolClient (GrpcClientProtocolClient.java:onNext(255)) - client-EAA342753240->9a4a4c23-9ff3-4ce3-a619-2c71c0869997: receive RaftClientReply:client-EAA342753240->9a4a4c23-9ff3-4ce3-a619-2c71c0869997@group-EC4211DF0353, cid=1528, SUCCESS, logIndex=2170, commits[9a4a4c23-9ff3-4ce3-a619-2c71c0869997:c2171, 9b0072ab-15b3-4973-9bcb-7fa02f6bfea9:c2167, 9f215ef2-7d46-4cda-b695-cae1b893f75f:c2167]
2019-08-20 16:03:57,077 [grpc-default-executor-3] INFO  client.GrpcClientProtocolClient (GrpcClientProtocolClient.java:onNext(255)) - client-EAA342753240->9a4a4c23-9ff3-4ce3-a619-2c71c0869997: receive RaftClientReply:client-EAA342753240->9a4a4c23-9ff3-4ce3-a619-2c71c0869997@group-EC4211DF0353, cid=1529, SUCCESS, logIndex=2171, commits[9a4a4c23-9ff3-4ce3-a619-2c71c0869997:c2171, 9b0072ab-15b3-4973-9bcb-7fa02f6bfea9:c2167, 9f215ef2-7d46-4cda-b695-cae1b893f75f:c2167]
2019-08-20 16:03:57,077 | INFO  | DNAudit | user=null | ip=null | op=WRITE_CHUNK {blockData=conID: 3 locID: 102650153340305904 bcsId: 0} | ret=SUCCESS |  
2019-08-20 16:03:57,077 | INFO  | DNAudit | user=null | ip=null | op=PUT_BLOCK {blockData=[blockId=conID: 3 locID: 102650153340305904 bcsId: 0,size=1048576]} | ret=SUCCESS |  
2019-08-20 16:03:57,078 | INFO  | DNAudit | user=null | ip=null | op=WRITE_CHUNK {blockData=conID: 3 locID: 102650153340305904 bcsId: 0} | ret=SUCCESS |  
2019-08-20 16:03:57,078 | INFO  | DNAudit | user=null | ip=null | op=PUT_BLOCK {blockData=[blockId=conID: 3 locID: 102650153340305904 bcsId: 0,size=1048576]} | ret=SUCCESS |  
2019-08-20 16:03:57,078 | INFO  | DNAudit | user=null | ip=null | op=WRITE_CHUNK {blockData=conID: 3 locID: 102650153340305904 bcsId: 0} | ret=SUCCESS |  
2019-08-20 16:03:57,078 | INFO  | DNAudit | user=null | ip=null | op=WRITE_CHUNK {blockData=conID: 3 locID: 102650153340305904 bcsId: 0} | ret=SUCCESS |  
2019-08-20 16:03:57,078 | INFO  | DNAudit | user=null | ip=null | op=PUT_BLOCK {blockData=[blockId=conID: 3 locID: 102650153340305904 bcsId: 0,size=2097152]} | ret=SUCCESS |  
2019-08-20 16:03:57,078 [grpc-default-executor-0] INFO  client.GrpcClientProtocolClient (GrpcClientProtocolClient.java:onNext(255)) - client-EAA342753240->9a4a4c23-9ff3-4ce3-a619-2c71c0869997: receive RaftClientReply:client-EAA342753240->9a4a4c23-9ff3-4ce3-a619-2c71c0869997@group-EC4211DF0353, cid=1530, SUCCESS, logIndex=0, commits[9a4a4c23-9ff3-4ce3-a619-2c71c0869997:c2173, 9b0072ab-15b3-4973-9bcb-7fa02f6bfea9:c2169, 9f215ef2-7d46-4cda-b695-cae1b893f75f:c2169]
2019-08-20 16:03:57,078 | INFO  | DNAudit | user=null | ip=null | op=PUT_BLOCK {blockData=[blockId=conID: 3 locID: 102650153340305904 bcsId: 0,size=2097152]} | ret=SUCCESS |  
2019-08-20 16:03:57,084 | INFO  | DNAudit | user=null | ip=null | op=WRITE_CHUNK {blockData=conID: 3 locID: 102650153340305904 bcsId: 2171} | ret=SUCCESS |  
2019-08-20 16:03:57,086 | INFO  | DNAudit | user=null | ip=null | op=WRITE_CHUNK {blockData=conID: 3 locID: 102650153340305904 bcsId: 2171} | ret=SUCCESS |  
2019-08-20 16:03:57,087 | INFO  | DNAudit | user=null | ip=null | op=WRITE_CHUNK {blockData=conID: 3 locID: 102650153340305904 bcsId: 2171} | ret=SUCCESS |  
2019-08-20 16:03:57,087 | INFO  | SCMAudit | user=jenkins1000 | ip=192.168.69.96 | op=SEND_HEARTBEAT {datanodeUUID=69f203df-fb09-400b-ac11-cd7a56dd70a5, command=[]} | ret=SUCCESS |  
2019-08-20 16:03:57,097 | INFO  | DNAudit | user=null | ip=null | op=WRITE_CHUNK {blockData=conID: 3 locID: 102650153340305904 bcsId: 2171} | ret=SUCCESS |  
2019-08-20 16:03:57,097 | INFO  | DNAudit | user=null | ip=null | op=PUT_BLOCK {blockData=[blockId=conID: 3 locID: 102650153340305904 bcsId: 0,size=3145728]} | ret=SUCCESS |  
2019-08-20 16:03:57,097 [grpc-default-executor-0] INFO  client.GrpcClientProtocolClient (GrpcClientProtocolClient.java:onNext(255)) - client-EAA342753240->9a4a4c23-9ff3-4ce3-a619-2c71c0869997: receive RaftClientReply:client-EAA342753240->9a4a4c23-9ff3-4ce3-a619-2c71c0869997@group-EC4211DF0353, cid=1531, SUCCESS, logIndex=2176, commits[9a4a4c23-9ff3-4ce3-a619-2c71c0869997:c2177, 9b0072ab-15b3-4973-9bcb-7fa02f6bfea9:c2175, 9f215ef2-7d46-4cda-b695-cae1b893f75f:c2175]
2019-08-20 16:03:57,098 [grpc-default-executor-0] INFO  client.GrpcClientProtocolClient (GrpcClientProtocolClient.java:onNext(255)) - client-EAA342753240->9a4a4c23-9ff3-4ce3-a619-2c71c0869997: receive RaftClientReply:client-EAA342753240->9a4a4c23-9ff3-4ce3-a619-2c71c0869997@group-EC4211DF0353, cid=1532, SUCCESS, logIndex=2177, commits[9a4a4c23-9ff3-4ce3-a619-2c71c0869997:c2177, 9b0072ab-15b3-4973-9bcb-7fa02f6bfea9:c2175, 9f215ef2-7d46-4cda-b695-cae1b893f75f:c2175]
2019-08-20 16:03:57,105 | INFO  | DNAudit | user=null | ip=null | op=WRITE_CHUNK {blockData=conID: 3 locID: 102650153340305904 bcsId: 2177} | ret=SUCCESS |  
2019-08-20 16:03:57,106 | INFO  | DNAudit | user=null | ip=null | op=WRITE_CHUNK {blockData=conID: 3 locID: 102650153340305904 bcsId: 2177} | ret=SUCCESS |  
2019-08-20 16:03:57,107 | INFO  | DNAudit | user=null | ip=null | op=WRITE_CHUNK {blockData=conID: 3 locID: 102650153340305904 bcsId: 2177} | ret=SUCCESS |  
2019-08-20 16:03:57,109 | INFO  | DNAudit | user=null | ip=null | op=WRITE_CHUNK {blockData=conID: 3 locID: 102650153340305904 bcsId: 2171} | ret=SUCCESS |  
2019-08-20 16:03:57,109 | INFO  | DNAudit | user=null | ip=null | op=WRITE_CHUNK {blockData=conID: 3 locID: 102650153340305904 bcsId: 2171} | ret=SUCCESS |  
2019-08-20 16:03:57,109 | INFO  | DNAudit | user=null | ip=null | op=PUT_BLOCK {blockData=[blockId=conID: 3 locID: 102650153340305904 bcsId: 0,size=3145728]} | ret=SUCCESS |  
2019-08-20 16:03:57,110 | INFO  | DNAudit | user=null | ip=null | op=PUT_BLOCK {blockData=[blockId=conID: 3 locID: 102650153340305904 bcsId: 0,size=3145728]} | ret=SUCCESS |  
2019-08-20 16:03:57,110 | INFO  | SCMAudit | user=jenkins1000 | ip=192.168.69.96 | op=SEND_HEARTBEAT {datanodeUUID=f1afe498-2778-451e-a3e4-8199ec337a15, command=[]} | ret=SUCCESS |  
2019-08-20 16:03:57,111 | INFO  | DNAudit | user=null | ip=null | op=WRITE_CHUNK {blockData=conID: 3 locID: 102650153340305904 bcsId: 2177} | ret=SUCCESS |  
2019-08-20 16:03:57,111 | INFO  | DNAudit | user=null | ip=null | op=PUT_BLOCK {blockData=[blockId=conID: 3 locID: 102650153340305904 bcsId: 0,size=4194304]} | ret=SUCCESS |  
2019-08-20 16:03:57,111 [grpc-default-executor-3] INFO  client.GrpcClientProtocolClient (GrpcClientProtocolClient.java:onNext(255)) - client-EAA342753240->9a4a4c23-9ff3-4ce3-a619-2c71c0869997: receive RaftClientReply:client-EAA342753240->9a4a4c23-9ff3-4ce3-a619-2c71c0869997@group-EC4211DF0353, cid=1533, SUCCESS, logIndex=2180, commits[9a4a4c23-9ff3-4ce3-a619-2c71c0869997:c2180, 9b0072ab-15b3-4973-9bcb-7fa02f6bfea9:c2177, 9f215ef2-7d46-4cda-b695-cae1b893f75f:c2177]
2019-08-20 16:03:57,111 [grpc-default-executor-3] INFO  client.GrpcClientProtocolClient (GrpcClientProtocolClient.java:onNext(255)) - client-EAA342753240->9a4a4c23-9ff3-4ce3-a619-2c71c0869997: receive RaftClientReply:client-EAA342753240->9a4a4c23-9ff3-4ce3-a619-2c71c0869997@group-EC4211DF0353, cid=1534, SUCCESS, logIndex=2181, commits[9a4a4c23-9ff3-4ce3-a619-2c71c0869997:c2181, 9b0072ab-15b3-4973-9bcb-7fa02f6bfea9:c2177, 9f215ef2-7d46-4cda-b695-cae1b893f75f:c2177]
2019-08-20 16:03:57,112 | INFO  | DNAudit | user=null | ip=null | op=WRITE_CHUNK {blockData=conID: 3 locID: 102650153340305904 bcsId: 2177} | ret=SUCCESS |  
2019-08-20 16:03:57,112 | INFO  | DNAudit | user=null | ip=null | op=WRITE_CHUNK {blockData=conID: 3 locID: 102650153340305904 bcsId: 2177} | ret=SUCCESS |  
2019-08-20 16:03:57,113 | INFO  | DNAudit | user=null | ip=null | op=PUT_BLOCK {blockData=[blockId=conID: 3 locID: 102650153340305904 bcsId: 0,size=4194304]} | ret=SUCCESS |  
2019-08-20 16:03:57,114 | INFO  | DNAudit | user=null | ip=null | op=PUT_BLOCK {blockData=[blockId=conID: 3 locID: 102650153340305904 bcsId: 0,size=4194304]} | ret=SUCCESS |  
2019-08-20 16:03:57,114 [grpc-default-executor-3] INFO  client.GrpcClientProtocolClient (GrpcClientProtocolClient.java:onNext(255)) - client-EAA342753240->9a4a4c23-9ff3-4ce3-a619-2c71c0869997: receive RaftClientReply:client-EAA342753240->9a4a4c23-9ff3-4ce3-a619-2c71c0869997@group-EC4211DF0353, cid=1535, SUCCESS, logIndex=0, commits[9a4a4c23-9ff3-4ce3-a619-2c71c0869997:c2183, 9b0072ab-15b3-4973-9bcb-7fa02f6bfea9:c2181, 9f215ef2-7d46-4cda-b695-cae1b893f75f:c2181]
2019-08-20 16:03:57,118 | INFO  | SCMAudit | user=jenkins1000 | ip=192.168.69.96 | op=ALLOCATE_BLOCK {owner=ea4851f9-218c-4af7-91b4-edb777a4888c, size=4194304, type=RATIS, factor=THREE} | ret=SUCCESS |  
2019-08-20 16:03:57,120 | INFO  | OMAudit | user=jenkins1000 | ip=127.0.0.1 | op=ALLOCATE_BLOCK {volume=vol-0-94146, bucket=bucket-0-90789, key=key-0-25609, dataSize=0, replicationType=null, replicationFactor=null, keyLocationInfo=null, clientID=102650152704082322} | ret=SUCCESS |  
2019-08-20 16:03:57,127 | INFO  | DNAudit | user=null | ip=null | op=WRITE_CHUNK {blockData=conID: 1 locID: 102650153344565745 bcsId: 0} | ret=SUCCESS |  
2019-08-20 16:03:57,128 | INFO  | DNAudit | user=null | ip=null | op=WRITE_CHUNK {blockData=conID: 1 locID: 102650153344565745 bcsId: 0} | ret=SUCCESS |  
2019-08-20 16:03:57,129 | INFO  | DNAudit | user=null | ip=null | op=WRITE_CHUNK {blockData=conID: 1 locID: 102650153344565745 bcsId: 0} | ret=SUCCESS |  
2019-08-20 16:03:57,129 | INFO  | DNAudit | user=null | ip=null | op=WRITE_CHUNK {blockData=conID: 1 locID: 102650153344565745 bcsId: 0} | ret=SUCCESS |  
2019-08-20 16:03:57,130 | INFO  | DNAudit | user=null | ip=null | op=WRITE_CHUNK {blockData=conID: 1 locID: 102650153344565745 bcsId: 0} | ret=SUCCESS |  
2019-08-20 16:03:57,130 | INFO  | DNAudit | user=null | ip=null | op=PUT_BLOCK {blockData=[blockId=conID: 1 locID: 102650153344565745 bcsId: 0,size=1048576]} | ret=SUCCESS |  
2019-08-20 16:03:57,130 [grpc-default-executor-6] INFO  client.GrpcClientProtocolClient (GrpcClientProtocolClient.java:onNext(255)) - client-EAA342753240->9a4a4c23-9ff3-4ce3-a619-2c71c0869997: receive RaftClientReply:client-EAA342753240->9a4a4c23-9ff3-4ce3-a619-2c71c0869997@group-EC4211DF0353, cid=1536, SUCCESS, logIndex=2184, commits[9a4a4c23-9ff3-4ce3-a619-2c71c0869997:c2185, 9b0072ab-15b3-4973-9bcb-7fa02f6bfea9:c2183, 9f215ef2-7d46-4cda-b695-cae1b893f75f:c2181]
2019-08-20 16:03:57,131 | INFO  | DNAudit | user=null | ip=null | op=WRITE_CHUNK {blockData=conID: 1 locID: 102650153344565745 bcsId: 0} | ret=SUCCESS |  
2019-08-20 16:03:57,131 [grpc-default-executor-6] INFO  client.GrpcClientProtocolClient (GrpcClientProtocolClient.java:onNext(255)) - client-EAA342753240->9a4a4c23-9ff3-4ce3-a619-2c71c0869997: receive RaftClientReply:client-EAA342753240->9a4a4c23-9ff3-4ce3-a619-2c71c0869997@group-EC4211DF0353, cid=1537, SUCCESS, logIndex=2185, commits[9a4a4c23-9ff3-4ce3-a619-2c71c0869997:c2185, 9b0072ab-15b3-4973-9bcb-7fa02f6bfea9:c2183, 9f215ef2-7d46-4cda-b695-cae1b893f75f:c2181]
2019-08-20 16:03:57,131 | INFO  | DNAudit | user=null | ip=null | op=WRITE_CHUNK {blockData=conID: 1 locID: 102650153344565745 bcsId: 0} | ret=SUCCESS |  
2019-08-20 16:03:57,132 | INFO  | DNAudit | user=null | ip=null | op=WRITE_CHUNK {blockData=conID: 1 locID: 102650153344565745 bcsId: 0} | ret=SUCCESS |  
2019-08-20 16:03:57,132 | INFO  | DNAudit | user=null | ip=null | op=WRITE_CHUNK {blockData=conID: 1 locID: 102650153344565745 bcsId: 0} | ret=SUCCESS |  
2019-08-20 16:03:57,133 | INFO  | DNAudit | user=null | ip=null | op=PUT_BLOCK {blockData=[blockId=conID: 1 locID: 102650153344565745 bcsId: 0,size=1048576]} | ret=SUCCESS |  
2019-08-20 16:03:57,133 | INFO  | DNAudit | user=null | ip=null | op=PUT_BLOCK {blockData=[blockId=conID: 1 locID: 102650153344565745 bcsId: 0,size=2097152]} | ret=SUCCESS |  
2019-08-20 16:03:57,133 [grpc-default-executor-6] INFO  client.GrpcClientProtocolClient (GrpcClientProtocolClient.java:onNext(255)) - client-EAA342753240->9a4a4c23-9ff3-4ce3-a619-2c71c0869997: receive RaftClientReply:client-EAA342753240->9a4a4c23-9ff3-4ce3-a619-2c71c0869997@group-EC4211DF0353, cid=1538, SUCCESS, logIndex=2186, commits[9a4a4c23-9ff3-4ce3-a619-2c71c0869997:c2189, 9b0072ab-15b3-4973-9bcb-7fa02f6bfea9:c2185, 9f215ef2-7d46-4cda-b695-cae1b893f75f:c2183]
2019-08-20 16:03:57,133 | INFO  | DNAudit | user=null | ip=null | op=WRITE_CHUNK {blockData=conID: 1 locID: 102650153344565745 bcsId: 0} | ret=SUCCESS |  
2019-08-20 16:03:57,133 [grpc-default-executor-6] INFO  client.GrpcClientProtocolClient (GrpcClientProtocolClient.java:onNext(255)) - client-EAA342753240->9a4a4c23-9ff3-4ce3-a619-2c71c0869997: receive RaftClientReply:client-EAA342753240->9a4a4c23-9ff3-4ce3-a619-2c71c0869997@group-EC4211DF0353, cid=1539, SUCCESS, logIndex=2187, commits[9a4a4c23-9ff3-4ce3-a619-2c71c0869997:c2189, 9b0072ab-15b3-4973-9bcb-7fa02f6bfea9:c2185, 9f215ef2-7d46-4cda-b695-cae1b893f75f:c2183]
2019-08-20 16:03:57,133 | INFO  | DNAudit | user=null | ip=null | op=PUT_BLOCK {blockData=[blockId=conID: 1 locID: 102650153344565745 bcsId: 0,size=1048576]} | ret=SUCCESS |  
2019-08-20 16:03:57,134 | INFO  | DNAudit | user=null | ip=null | op=WRITE_CHUNK {blockData=conID: 1 locID: 102650153344565745 bcsId: 0} | ret=SUCCESS |  
2019-08-20 16:03:57,134 | INFO  | DNAudit | user=null | ip=null | op=WRITE_CHUNK {blockData=conID: 1 locID: 102650153344565745 bcsId: 0} | ret=SUCCESS |  
2019-08-20 16:03:57,134 [grpc-default-executor-6] INFO  client.GrpcClientProtocolClient (GrpcClientProtocolClient.java:onNext(255)) - client-EAA342753240->9a4a4c23-9ff3-4ce3-a619-2c71c0869997: receive RaftClientReply:client-EAA342753240->9a4a4c23-9ff3-4ce3-a619-2c71c0869997@group-EC4211DF0353, cid=1540, SUCCESS, logIndex=0, commits[9a4a4c23-9ff3-4ce3-a619-2c71c0869997:c2189, 9b0072ab-15b3-4973-9bcb-7fa02f6bfea9:c2185, 9f215ef2-7d46-4cda-b695-cae1b893f75f:c2185]
2019-08-20 16:03:57,135 | INFO  | DNAudit | user=null | ip=null | op=PUT_BLOCK {blockData=[blockId=conID: 1 locID: 102650153344565745 bcsId: 0,size=2097152]} | ret=SUCCESS |  
2019-08-20 16:03:57,136 | INFO  | DNAudit | user=null | ip=null | op=PUT_BLOCK {blockData=[blockId=conID: 1 locID: 102650153344565745 bcsId: 0,size=2097152]} | ret=SUCCESS |  
2019-08-20 16:03:57,141 | INFO  | DNAudit | user=null | ip=null | op=WRITE_CHUNK {blockData=conID: 1 locID: 102650153344565745 bcsId: 2187} | ret=SUCCESS |  
2019-08-20 16:03:57,143 | INFO  | DNAudit | user=null | ip=null | op=WRITE_CHUNK {blockData=conID: 1 locID: 102650153344565745 bcsId: 2187} | ret=SUCCESS |  
2019-08-20 16:03:57,143 | INFO  | DNAudit | user=null | ip=null | op=WRITE_CHUNK {blockData=conID: 1 locID: 102650153344565745 bcsId: 2187} | ret=SUCCESS |  
2019-08-20 16:03:57,156 | INFO  | DNAudit | user=null | ip=null | op=WRITE_CHUNK {blockData=conID: 1 locID: 102650153344565745 bcsId: 2187} | ret=SUCCESS |  
2019-08-20 16:03:57,156 | INFO  | DNAudit | user=null | ip=null | op=PUT_BLOCK {blockData=[blockId=conID: 1 locID: 102650153344565745 bcsId: 0,size=3145728]} | ret=SUCCESS |  
2019-08-20 16:03:57,156 [grpc-default-executor-5] INFO  client.GrpcClientProtocolClient (GrpcClientProtocolClient.java:onNext(255)) - client-EAA342753240->9a4a4c23-9ff3-4ce3-a619-2c71c0869997: receive RaftClientReply:client-EAA342753240->9a4a4c23-9ff3-4ce3-a619-2c71c0869997@group-EC4211DF0353, cid=1541, SUCCESS, logIndex=2192, commits[9a4a4c23-9ff3-4ce3-a619-2c71c0869997:c2193, 9b0072ab-15b3-4973-9bcb-7fa02f6bfea9:c2191, 9f215ef2-7d46-4cda-b695-cae1b893f75f:c2191]
2019-08-20 16:03:57,157 [grpc-default-executor-5] INFO  client.GrpcClientProtocolClient (GrpcClientProtocolClient.java:onNext(255)) - client-EAA342753240->9a4a4c23-9ff3-4ce3-a619-2c71c0869997: receive RaftClientReply:client-EAA342753240->9a4a4c23-9ff3-4ce3-a619-2c71c0869997@group-EC4211DF0353, cid=1542, SUCCESS, logIndex=2193, commits[9a4a4c23-9ff3-4ce3-a619-2c71c0869997:c2193, 9b0072ab-15b3-4973-9bcb-7fa02f6bfea9:c2191, 9f215ef2-7d46-4cda-b695-cae1b893f75f:c2191]
2019-08-20 16:03:57,162 | INFO  | DNAudit | user=null | ip=null | op=WRITE_CHUNK {blockData=conID: 1 locID: 102650153344565745 bcsId: 2193} | ret=SUCCESS |  
2019-08-20 16:03:57,165 | INFO  | DNAudit | user=null | ip=null | op=WRITE_CHUNK {blockData=conID: 1 locID: 102650153344565745 bcsId: 2193} | ret=SUCCESS |  
2019-08-20 16:03:57,165 | INFO  | DNAudit | user=null | ip=null | op=WRITE_CHUNK {blockData=conID: 1 locID: 102650153344565745 bcsId: 2193} | ret=SUCCESS |  
2019-08-20 16:03:57,168 | INFO  | DNAudit | user=null | ip=null | op=WRITE_CHUNK {blockData=conID: 1 locID: 102650153344565745 bcsId: 2187} | ret=SUCCESS |  
2019-08-20 16:03:57,168 | INFO  | DNAudit | user=null | ip=null | op=WRITE_CHUNK {blockData=conID: 1 locID: 102650153344565745 bcsId: 2187} | ret=SUCCESS |  
2019-08-20 16:03:57,168 | INFO  | DNAudit | user=null | ip=null | op=PUT_BLOCK {blockData=[blockId=conID: 1 locID: 102650153344565745 bcsId: 0,size=3145728]} | ret=SUCCESS |  
2019-08-20 16:03:57,170 | INFO  | DNAudit | user=null | ip=null | op=PUT_BLOCK {blockData=[blockId=conID: 1 locID: 102650153344565745 bcsId: 0,size=3145728]} | ret=SUCCESS |  
2019-08-20 16:03:57,170 | INFO  | DNAudit | user=null | ip=null | op=WRITE_CHUNK {blockData=conID: 1 locID: 102650153344565745 bcsId: 2193} | ret=SUCCESS |  
2019-08-20 16:03:57,170 | INFO  | DNAudit | user=null | ip=null | op=PUT_BLOCK {blockData=[blockId=conID: 1 locID: 102650153344565745 bcsId: 0,size=4194304]} | ret=SUCCESS |  
2019-08-20 16:03:57,170 [grpc-default-executor-5] INFO  client.GrpcClientProtocolClient (GrpcClientProtocolClient.java:onNext(255)) - client-EAA342753240->9a4a4c23-9ff3-4ce3-a619-2c71c0869997: receive RaftClientReply:client-EAA342753240->9a4a4c23-9ff3-4ce3-a619-2c71c0869997@group-EC4211DF0353, cid=1543, SUCCESS, logIndex=2196, commits[9a4a4c23-9ff3-4ce3-a619-2c71c0869997:c2197, 9b0072ab-15b3-4973-9bcb-7fa02f6bfea9:c2193, 9f215ef2-7d46-4cda-b695-cae1b893f75f:c2193]
2019-08-20 16:03:57,171 [grpc-default-executor-5] INFO  client.GrpcClientProtocolClient (GrpcClientProtocolClient.java:onNext(255)) - client-EAA342753240->9a4a4c23-9ff3-4ce3-a619-2c71c0869997: receive RaftClientReply:client-EAA342753240->9a4a4c23-9ff3-4ce3-a619-2c71c0869997@group-EC4211DF0353, cid=1544, SUCCESS, logIndex=2197, commits[9a4a4c23-9ff3-4ce3-a619-2c71c0869997:c2197, 9b0072ab-15b3-4973-9bcb-7fa02f6bfea9:c2193, 9f215ef2-7d46-4cda-b695-cae1b893f75f:c2193]
2019-08-20 16:03:57,182 | INFO  | DNAudit | user=null | ip=null | op=WRITE_CHUNK {blockData=conID: 1 locID: 102650153344565745 bcsId: 2193} | ret=SUCCESS |  
2019-08-20 16:03:57,182 | INFO  | DNAudit | user=null | ip=null | op=WRITE_CHUNK {blockData=conID: 1 locID: 102650153344565745 bcsId: 2193} | ret=SUCCESS |  
2019-08-20 16:03:57,183 | INFO  | DNAudit | user=null | ip=null | op=PUT_BLOCK {blockData=[blockId=conID: 1 locID: 102650153344565745 bcsId: 0,size=4194304]} | ret=SUCCESS |  
2019-08-20 16:03:57,183 | INFO  | DNAudit | user=null | ip=null | op=PUT_BLOCK {blockData=[blockId=conID: 1 locID: 102650153344565745 bcsId: 0,size=4194304]} | ret=SUCCESS |  
2019-08-20 16:03:57,184 [grpc-default-executor-0] INFO  client.GrpcClientProtocolClient (GrpcClientProtocolClient.java:onNext(255)) - client-EAA342753240->9a4a4c23-9ff3-4ce3-a619-2c71c0869997: receive RaftClientReply:client-EAA342753240->9a4a4c23-9ff3-4ce3-a619-2c71c0869997@group-EC4211DF0353, cid=1545, SUCCESS, logIndex=0, commits[9a4a4c23-9ff3-4ce3-a619-2c71c0869997:c2199, 9b0072ab-15b3-4973-9bcb-7fa02f6bfea9:c2197, 9f215ef2-7d46-4cda-b695-cae1b893f75f:c2197]
2019-08-20 16:03:57,187 | INFO  | SCMAudit | user=jenkins1000 | ip=192.168.69.96 | op=ALLOCATE_BLOCK {owner=ea4851f9-218c-4af7-91b4-edb777a4888c, size=4194304, type=RATIS, factor=THREE} | ret=SUCCESS |  
2019-08-20 16:03:57,189 | INFO  | OMAudit | user=jenkins1000 | ip=127.0.0.1 | op=ALLOCATE_BLOCK {volume=vol-0-94146, bucket=bucket-0-90789, key=key-0-25609, dataSize=0, replicationType=null, replicationFactor=null, keyLocationInfo=null, clientID=102650152704082322} | ret=SUCCESS |  
2019-08-20 16:03:57,197 | INFO  | DNAudit | user=null | ip=null | op=WRITE_CHUNK {blockData=conID: 2 locID: 102650153349087730 bcsId: 0} | ret=SUCCESS |  
2019-08-20 16:03:57,200 | INFO  | DNAudit | user=null | ip=null | op=WRITE_CHUNK {blockData=conID: 2 locID: 102650153349087730 bcsId: 0} | ret=SUCCESS |  
2019-08-20 16:03:57,200 | INFO  | DNAudit | user=null | ip=null | op=WRITE_CHUNK {blockData=conID: 2 locID: 102650153349087730 bcsId: 0} | ret=SUCCESS |  
2019-08-20 16:03:57,200 | INFO  | DNAudit | user=null | ip=null | op=WRITE_CHUNK {blockData=conID: 2 locID: 102650153349087730 bcsId: 0} | ret=SUCCESS |  
2019-08-20 16:03:57,202 | INFO  | DNAudit | user=null | ip=null | op=WRITE_CHUNK {blockData=conID: 2 locID: 102650153349087730 bcsId: 0} | ret=SUCCESS |  
2019-08-20 16:03:57,202 | INFO  | DNAudit | user=null | ip=null | op=WRITE_CHUNK {blockData=conID: 2 locID: 102650153349087730 bcsId: 0} | ret=SUCCESS |  
2019-08-20 16:03:57,207 | INFO  | DNAudit | user=null | ip=null | op=WRITE_CHUNK {blockData=conID: 2 locID: 102650153349087730 bcsId: 0} | ret=SUCCESS |  
2019-08-20 16:03:57,208 | INFO  | DNAudit | user=null | ip=null | op=PUT_BLOCK {blockData=[blockId=conID: 2 locID: 102650153349087730 bcsId: 0,size=1048576]} | ret=SUCCESS |  
2019-08-20 16:03:57,208 [grpc-default-executor-0] INFO  client.GrpcClientProtocolClient (GrpcClientProtocolClient.java:onNext(255)) - client-EAA342753240->9a4a4c23-9ff3-4ce3-a619-2c71c0869997: receive RaftClientReply:client-EAA342753240->9a4a4c23-9ff3-4ce3-a619-2c71c0869997@group-EC4211DF0353, cid=1546, SUCCESS, logIndex=2200, commits[9a4a4c23-9ff3-4ce3-a619-2c71c0869997:c2201, 9b0072ab-15b3-4973-9bcb-7fa02f6bfea9:c2199, 9f215ef2-7d46-4cda-b695-cae1b893f75f:c2199]
2019-08-20 16:03:57,209 | INFO  | DNAudit | user=null | ip=null | op=WRITE_CHUNK {blockData=conID: 2 locID: 102650153349087730 bcsId: 0} | ret=SUCCESS |  
2019-08-20 16:03:57,209 [grpc-default-executor-0] INFO  client.GrpcClientProtocolClient (GrpcClientProtocolClient.java:onNext(255)) - client-EAA342753240->9a4a4c23-9ff3-4ce3-a619-2c71c0869997: receive RaftClientReply:client-EAA342753240->9a4a4c23-9ff3-4ce3-a619-2c71c0869997@group-EC4211DF0353, cid=1547, SUCCESS, logIndex=2201, commits[9a4a4c23-9ff3-4ce3-a619-2c71c0869997:c2202, 9b0072ab-15b3-4973-9bcb-7fa02f6bfea9:c2199, 9f215ef2-7d46-4cda-b695-cae1b893f75f:c2199]
2019-08-20 16:03:57,209 | INFO  | DNAudit | user=null | ip=null | op=PUT_BLOCK {blockData=[blockId=conID: 2 locID: 102650153349087730 bcsId: 0,size=2097152]} | ret=SUCCESS |  
2019-08-20 16:03:57,209 [grpc-default-executor-0] INFO  client.GrpcClientProtocolClient (GrpcClientProtocolClient.java:onNext(255)) - client-EAA342753240->9a4a4c23-9ff3-4ce3-a619-2c71c0869997: receive RaftClientReply:client-EAA342753240->9a4a4c23-9ff3-4ce3-a619-2c71c0869997@group-EC4211DF0353, cid=1548, SUCCESS, logIndex=2202, commits[9a4a4c23-9ff3-4ce3-a619-2c71c0869997:c2203, 9b0072ab-15b3-4973-9bcb-7fa02f6bfea9:c2199, 9f215ef2-7d46-4cda-b695-cae1b893f75f:c2199]
2019-08-20 16:03:57,209 | INFO  | DNAudit | user=null | ip=null | op=WRITE_CHUNK {blockData=conID: 2 locID: 102650153349087730 bcsId: 0} | ret=SUCCESS |  
2019-08-20 16:03:57,209 | INFO  | DNAudit | user=null | ip=null | op=PUT_BLOCK {blockData=[blockId=conID: 2 locID: 102650153349087730 bcsId: 0,size=1048576]} | ret=SUCCESS |  
2019-08-20 16:03:57,209 [grpc-default-executor-0] INFO  client.GrpcClientProtocolClient (GrpcClientProtocolClient.java:onNext(255)) - client-EAA342753240->9a4a4c23-9ff3-4ce3-a619-2c71c0869997: receive RaftClientReply:client-EAA342753240->9a4a4c23-9ff3-4ce3-a619-2c71c0869997@group-EC4211DF0353, cid=1549, SUCCESS, logIndex=2203, commits[9a4a4c23-9ff3-4ce3-a619-2c71c0869997:c2203, 9b0072ab-15b3-4973-9bcb-7fa02f6bfea9:c2199, 9f215ef2-7d46-4cda-b695-cae1b893f75f:c2199]
2019-08-20 16:03:57,210 | INFO  | DNAudit | user=null | ip=null | op=WRITE_CHUNK {blockData=conID: 2 locID: 102650153349087730 bcsId: 0} | ret=SUCCESS |  
2019-08-20 16:03:57,211 | INFO  | DNAudit | user=null | ip=null | op=PUT_BLOCK {blockData=[blockId=conID: 2 locID: 102650153349087730 bcsId: 0,size=1048576]} | ret=SUCCESS |  
2019-08-20 16:03:57,211 | INFO  | DNAudit | user=null | ip=null | op=WRITE_CHUNK {blockData=conID: 2 locID: 102650153349087730 bcsId: 0} | ret=SUCCESS |  
2019-08-20 16:03:57,211 [grpc-default-executor-0] INFO  client.GrpcClientProtocolClient (GrpcClientProtocolClient.java:onNext(255)) - client-EAA342753240->9a4a4c23-9ff3-4ce3-a619-2c71c0869997: receive RaftClientReply:client-EAA342753240->9a4a4c23-9ff3-4ce3-a619-2c71c0869997@group-EC4211DF0353, cid=1550, SUCCESS, logIndex=0, commits[9a4a4c23-9ff3-4ce3-a619-2c71c0869997:c2205, 9b0072ab-15b3-4973-9bcb-7fa02f6bfea9:c2201, 9f215ef2-7d46-4cda-b695-cae1b893f75f:c2201]
2019-08-20 16:03:57,211 | INFO  | DNAudit | user=null | ip=null | op=WRITE_CHUNK {blockData=conID: 2 locID: 102650153349087730 bcsId: 0} | ret=SUCCESS |  
2019-08-20 16:03:57,211 | INFO  | DNAudit | user=null | ip=null | op=PUT_BLOCK {blockData=[blockId=conID: 2 locID: 102650153349087730 bcsId: 0,size=2097152]} | ret=SUCCESS |  
2019-08-20 16:03:57,212 | INFO  | DNAudit | user=null | ip=null | op=PUT_BLOCK {blockData=[blockId=conID: 2 locID: 102650153349087730 bcsId: 0,size=2097152]} | ret=SUCCESS |  
2019-08-20 16:03:57,217 | INFO  | DNAudit | user=null | ip=null | op=WRITE_CHUNK {blockData=conID: 2 locID: 102650153349087730 bcsId: 2203} | ret=SUCCESS |  
2019-08-20 16:03:57,219 | INFO  | DNAudit | user=null | ip=null | op=WRITE_CHUNK {blockData=conID: 2 locID: 102650153349087730 bcsId: 2203} | ret=SUCCESS |  
2019-08-20 16:03:57,220 | INFO  | DNAudit | user=null | ip=null | op=WRITE_CHUNK {blockData=conID: 2 locID: 102650153349087730 bcsId: 2203} | ret=SUCCESS |  
2019-08-20 16:03:57,230 | INFO  | DNAudit | user=null | ip=null | op=WRITE_CHUNK {blockData=conID: 2 locID: 102650153349087730 bcsId: 2203} | ret=SUCCESS |  
2019-08-20 16:03:57,231 | INFO  | DNAudit | user=null | ip=null | op=PUT_BLOCK {blockData=[blockId=conID: 2 locID: 102650153349087730 bcsId: 0,size=3145728]} | ret=SUCCESS |  
2019-08-20 16:03:57,231 [grpc-default-executor-0] INFO  client.GrpcClientProtocolClient (GrpcClientProtocolClient.java:onNext(255)) - client-EAA342753240->9a4a4c23-9ff3-4ce3-a619-2c71c0869997: receive RaftClientReply:client-EAA342753240->9a4a4c23-9ff3-4ce3-a619-2c71c0869997@group-EC4211DF0353, cid=1551, SUCCESS, logIndex=2208, commits[9a4a4c23-9ff3-4ce3-a619-2c71c0869997:c2209, 9b0072ab-15b3-4973-9bcb-7fa02f6bfea9:c2207, 9f215ef2-7d46-4cda-b695-cae1b893f75f:c2207]
2019-08-20 16:03:57,231 [grpc-default-executor-0] INFO  client.GrpcClientProtocolClient (GrpcClientProtocolClient.java:onNext(255)) - client-EAA342753240->9a4a4c23-9ff3-4ce3-a619-2c71c0869997: receive RaftClientReply:client-EAA342753240->9a4a4c23-9ff3-4ce3-a619-2c71c0869997@group-EC4211DF0353, cid=1552, SUCCESS, logIndex=2209, commits[9a4a4c23-9ff3-4ce3-a619-2c71c0869997:c2209, 9b0072ab-15b3-4973-9bcb-7fa02f6bfea9:c2207, 9f215ef2-7d46-4cda-b695-cae1b893f75f:c2207]
2019-08-20 16:03:57,237 | INFO  | DNAudit | user=null | ip=null | op=WRITE_CHUNK {blockData=conID: 2 locID: 102650153349087730 bcsId: 2209} | ret=SUCCESS |  
2019-08-20 16:03:57,239 | INFO  | DNAudit | user=null | ip=null | op=WRITE_CHUNK {blockData=conID: 2 locID: 102650153349087730 bcsId: 2209} | ret=SUCCESS |  
2019-08-20 16:03:57,239 | INFO  | DNAudit | user=null | ip=null | op=WRITE_CHUNK {blockData=conID: 2 locID: 102650153349087730 bcsId: 2209} | ret=SUCCESS |  
2019-08-20 16:03:57,241 | INFO  | DNAudit | user=null | ip=null | op=WRITE_CHUNK {blockData=conID: 2 locID: 102650153349087730 bcsId: 2203} | ret=SUCCESS |  
2019-08-20 16:03:57,241 | INFO  | DNAudit | user=null | ip=null | op=WRITE_CHUNK {blockData=conID: 2 locID: 102650153349087730 bcsId: 2203} | ret=SUCCESS |  
2019-08-20 16:03:57,242 | INFO  | DNAudit | user=null | ip=null | op=PUT_BLOCK {blockData=[blockId=conID: 2 locID: 102650153349087730 bcsId: 0,size=3145728]} | ret=SUCCESS |  
2019-08-20 16:03:57,244 | INFO  | DNAudit | user=null | ip=null | op=PUT_BLOCK {blockData=[blockId=conID: 2 locID: 102650153349087730 bcsId: 0,size=3145728]} | ret=SUCCESS |  
2019-08-20 16:03:57,244 | INFO  | DNAudit | user=null | ip=null | op=WRITE_CHUNK {blockData=conID: 2 locID: 102650153349087730 bcsId: 2209} | ret=SUCCESS |  
2019-08-20 16:03:57,245 | INFO  | DNAudit | user=null | ip=null | op=PUT_BLOCK {blockData=[blockId=conID: 2 locID: 102650153349087730 bcsId: 0,size=4194304]} | ret=SUCCESS |  
2019-08-20 16:03:57,245 [grpc-default-executor-0] INFO  client.GrpcClientProtocolClient (GrpcClientProtocolClient.java:onNext(255)) - client-EAA342753240->9a4a4c23-9ff3-4ce3-a619-2c71c0869997: receive RaftClientReply:client-EAA342753240->9a4a4c23-9ff3-4ce3-a619-2c71c0869997@group-EC4211DF0353, cid=1553, SUCCESS, logIndex=2212, commits[9a4a4c23-9ff3-4ce3-a619-2c71c0869997:c2213, 9b0072ab-15b3-4973-9bcb-7fa02f6bfea9:c2209, 9f215ef2-7d46-4cda-b695-cae1b893f75f:c2209]
2019-08-20 16:03:57,245 [grpc-default-executor-0] INFO  client.GrpcClientProtocolClient (GrpcClientProtocolClient.java:onNext(255)) - client-EAA342753240->9a4a4c23-9ff3-4ce3-a619-2c71c0869997: receive RaftClientReply:client-EAA342753240->9a4a4c23-9ff3-4ce3-a619-2c71c0869997@group-EC4211DF0353, cid=1554, SUCCESS, logIndex=2213, commits[9a4a4c23-9ff3-4ce3-a619-2c71c0869997:c2213, 9b0072ab-15b3-4973-9bcb-7fa02f6bfea9:c2209, 9f215ef2-7d46-4cda-b695-cae1b893f75f:c2209]
2019-08-20 16:03:57,256 | INFO  | DNAudit | user=null | ip=null | op=WRITE_CHUNK {blockData=conID: 2 locID: 102650153349087730 bcsId: 2209} | ret=SUCCESS |  
2019-08-20 16:03:57,256 | INFO  | DNAudit | user=null | ip=null | op=WRITE_CHUNK {blockData=conID: 2 locID: 102650153349087730 bcsId: 2209} | ret=SUCCESS |  
2019-08-20 16:03:57,256 | INFO  | DNAudit | user=null | ip=null | op=PUT_BLOCK {blockData=[blockId=conID: 2 locID: 102650153349087730 bcsId: 0,size=4194304]} | ret=SUCCESS |  
2019-08-20 16:03:57,257 | INFO  | DNAudit | user=null | ip=null | op=PUT_BLOCK {blockData=[blockId=conID: 2 locID: 102650153349087730 bcsId: 0,size=4194304]} | ret=SUCCESS |  
2019-08-20 16:03:57,257 [grpc-default-executor-0] INFO  client.GrpcClientProtocolClient (GrpcClientProtocolClient.java:onNext(255)) - client-EAA342753240->9a4a4c23-9ff3-4ce3-a619-2c71c0869997: receive RaftClientReply:client-EAA342753240->9a4a4c23-9ff3-4ce3-a619-2c71c0869997@group-EC4211DF0353, cid=1555, SUCCESS, logIndex=0, commits[9a4a4c23-9ff3-4ce3-a619-2c71c0869997:c2215, 9b0072ab-15b3-4973-9bcb-7fa02f6bfea9:c2213, 9f215ef2-7d46-4cda-b695-cae1b893f75f:c2213]
2019-08-20 16:03:57,261 | INFO  | SCMAudit | user=jenkins1000 | ip=192.168.69.96 | op=ALLOCATE_BLOCK {owner=ea4851f9-218c-4af7-91b4-edb777a4888c, size=4194304, type=RATIS, factor=THREE} | ret=SUCCESS |  
2019-08-20 16:03:57,263 | INFO  | OMAudit | user=jenkins1000 | ip=127.0.0.1 | op=ALLOCATE_BLOCK {volume=vol-0-94146, bucket=bucket-0-90789, key=key-0-25609, dataSize=0, replicationType=null, replicationFactor=null, keyLocationInfo=null, clientID=102650152704082322} | ret=SUCCESS |  
2019-08-20 16:03:57,270 | INFO  | DNAudit | user=null | ip=null | op=WRITE_CHUNK {blockData=conID: 3 locID: 102650153353937395 bcsId: 0} | ret=SUCCESS |  
2019-08-20 16:03:57,273 | INFO  | DNAudit | user=null | ip=null | op=WRITE_CHUNK {blockData=conID: 3 locID: 102650153353937395 bcsId: 0} | ret=SUCCESS |  
2019-08-20 16:03:57,273 | INFO  | DNAudit | user=null | ip=null | op=WRITE_CHUNK {blockData=conID: 3 locID: 102650153353937395 bcsId: 0} | ret=SUCCESS |  
2019-08-20 16:03:57,273 | INFO  | DNAudit | user=null | ip=null | op=WRITE_CHUNK {blockData=conID: 3 locID: 102650153353937395 bcsId: 0} | ret=SUCCESS |  
2019-08-20 16:03:57,274 | INFO  | DNAudit | user=null | ip=null | op=WRITE_CHUNK {blockData=conID: 3 locID: 102650153353937395 bcsId: 0} | ret=SUCCESS |  
2019-08-20 16:03:57,274 | INFO  | DNAudit | user=null | ip=null | op=WRITE_CHUNK {blockData=conID: 3 locID: 102650153353937395 bcsId: 0} | ret=SUCCESS |  
2019-08-20 16:03:57,282 | INFO  | DNAudit | user=null | ip=null | op=WRITE_CHUNK {blockData=conID: 3 locID: 102650153353937395 bcsId: 0} | ret=SUCCESS |  
2019-08-20 16:03:57,283 | INFO  | DNAudit | user=null | ip=null | op=PUT_BLOCK {blockData=[blockId=conID: 3 locID: 102650153353937395 bcsId: 0,size=1048576]} | ret=SUCCESS |  
2019-08-20 16:03:57,283 [grpc-default-executor-6] INFO  client.GrpcClientProtocolClient (GrpcClientProtocolClient.java:onNext(255)) - client-EAA342753240->9a4a4c23-9ff3-4ce3-a619-2c71c0869997: receive RaftClientReply:client-EAA342753240->9a4a4c23-9ff3-4ce3-a619-2c71c0869997@group-EC4211DF0353, cid=1556, SUCCESS, logIndex=2216, commits[9a4a4c23-9ff3-4ce3-a619-2c71c0869997:c2218, 9b0072ab-15b3-4973-9bcb-7fa02f6bfea9:c2215, 9f215ef2-7d46-4cda-b695-cae1b893f75f:c2215]
2019-08-20 16:03:57,283 | INFO  | DNAudit | user=null | ip=null | op=WRITE_CHUNK {blockData=conID: 3 locID: 102650153353937395 bcsId: 0} | ret=SUCCESS |  
2019-08-20 16:03:57,283 | INFO  | DNAudit | user=null | ip=null | op=PUT_BLOCK {blockData=[blockId=conID: 3 locID: 102650153353937395 bcsId: 0,size=2097152]} | ret=SUCCESS |  
2019-08-20 16:03:57,283 [grpc-default-executor-6] INFO  client.GrpcClientProtocolClient (GrpcClientProtocolClient.java:onNext(255)) - client-EAA342753240->9a4a4c23-9ff3-4ce3-a619-2c71c0869997: receive RaftClientReply:client-EAA342753240->9a4a4c23-9ff3-4ce3-a619-2c71c0869997@group-EC4211DF0353, cid=1557, SUCCESS, logIndex=2217, commits[9a4a4c23-9ff3-4ce3-a619-2c71c0869997:c2219, 9b0072ab-15b3-4973-9bcb-7fa02f6bfea9:c2215, 9f215ef2-7d46-4cda-b695-cae1b893f75f:c2215]
2019-08-20 16:03:57,283 [grpc-default-executor-6] INFO  client.GrpcClientProtocolClient (GrpcClientProtocolClient.java:onNext(255)) - client-EAA342753240->9a4a4c23-9ff3-4ce3-a619-2c71c0869997: receive RaftClientReply:client-EAA342753240->9a4a4c23-9ff3-4ce3-a619-2c71c0869997@group-EC4211DF0353, cid=1558, SUCCESS, logIndex=2218, commits[9a4a4c23-9ff3-4ce3-a619-2c71c0869997:c2219, 9b0072ab-15b3-4973-9bcb-7fa02f6bfea9:c2215, 9f215ef2-7d46-4cda-b695-cae1b893f75f:c2215]
2019-08-20 16:03:57,284 | INFO  | DNAudit | user=null | ip=null | op=WRITE_CHUNK {blockData=conID: 3 locID: 102650153353937395 bcsId: 0} | ret=SUCCESS |  
2019-08-20 16:03:57,284 [grpc-default-executor-6] INFO  client.GrpcClientProtocolClient (GrpcClientProtocolClient.java:onNext(255)) - client-EAA342753240->9a4a4c23-9ff3-4ce3-a619-2c71c0869997: receive RaftClientReply:client-EAA342753240->9a4a4c23-9ff3-4ce3-a619-2c71c0869997@group-EC4211DF0353, cid=1559, SUCCESS, logIndex=2219, commits[9a4a4c23-9ff3-4ce3-a619-2c71c0869997:c2219, 9b0072ab-15b3-4973-9bcb-7fa02f6bfea9:c2215, 9f215ef2-7d46-4cda-b695-cae1b893f75f:c2215]
2019-08-20 16:03:57,284 | INFO  | DNAudit | user=null | ip=null | op=WRITE_CHUNK {blockData=conID: 3 locID: 102650153353937395 bcsId: 0} | ret=SUCCESS |  
2019-08-20 16:03:57,284 | INFO  | DNAudit | user=null | ip=null | op=PUT_BLOCK {blockData=[blockId=conID: 3 locID: 102650153353937395 bcsId: 0,size=1048576]} | ret=SUCCESS |  
2019-08-20 16:03:57,285 | INFO  | DNAudit | user=null | ip=null | op=PUT_BLOCK {blockData=[blockId=conID: 3 locID: 102650153353937395 bcsId: 0,size=1048576]} | ret=SUCCESS |  
2019-08-20 16:03:57,285 | INFO  | DNAudit | user=null | ip=null | op=WRITE_CHUNK {blockData=conID: 3 locID: 102650153353937395 bcsId: 0} | ret=SUCCESS |  
2019-08-20 16:03:57,285 | INFO  | DNAudit | user=null | ip=null | op=WRITE_CHUNK {blockData=conID: 3 locID: 102650153353937395 bcsId: 0} | ret=SUCCESS |  
2019-08-20 16:03:57,285 | INFO  | DNAudit | user=null | ip=null | op=PUT_BLOCK {blockData=[blockId=conID: 3 locID: 102650153353937395 bcsId: 0,size=2097152]} | ret=SUCCESS |  
2019-08-20 16:03:57,285 [grpc-default-executor-3] INFO  client.GrpcClientProtocolClient (GrpcClientProtocolClient.java:onNext(255)) - client-EAA342753240->9a4a4c23-9ff3-4ce3-a619-2c71c0869997: receive RaftClientReply:client-EAA342753240->9a4a4c23-9ff3-4ce3-a619-2c71c0869997@group-EC4211DF0353, cid=1560, SUCCESS, logIndex=0, commits[9a4a4c23-9ff3-4ce3-a619-2c71c0869997:c2220, 9b0072ab-15b3-4973-9bcb-7fa02f6bfea9:c2217, 9f215ef2-7d46-4cda-b695-cae1b893f75f:c2217]
2019-08-20 16:03:57,285 | INFO  | DNAudit | user=null | ip=null | op=PUT_BLOCK {blockData=[blockId=conID: 3 locID: 102650153353937395 bcsId: 0,size=2097152]} | ret=SUCCESS |  
2019-08-20 16:03:57,290 | INFO  | DNAudit | user=null | ip=null | op=WRITE_CHUNK {blockData=conID: 3 locID: 102650153353937395 bcsId: 2219} | ret=SUCCESS |  
2019-08-20 16:03:57,293 | INFO  | DNAudit | user=null | ip=null | op=WRITE_CHUNK {blockData=conID: 3 locID: 102650153353937395 bcsId: 2219} | ret=SUCCESS |  
2019-08-20 16:03:57,293 | INFO  | DNAudit | user=null | ip=null | op=WRITE_CHUNK {blockData=conID: 3 locID: 102650153353937395 bcsId: 2219} | ret=SUCCESS |  
2019-08-20 16:03:57,295 | INFO  | DNAudit | user=null | ip=null | op=WRITE_CHUNK {blockData=conID: 3 locID: 102650153353937395 bcsId: 2219} | ret=SUCCESS |  
2019-08-20 16:03:57,295 | INFO  | DNAudit | user=null | ip=null | op=PUT_BLOCK {blockData=[blockId=conID: 3 locID: 102650153353937395 bcsId: 0,size=3145728]} | ret=SUCCESS |  
2019-08-20 16:03:57,295 [grpc-default-executor-0] INFO  client.GrpcClientProtocolClient (GrpcClientProtocolClient.java:onNext(255)) - client-EAA342753240->9a4a4c23-9ff3-4ce3-a619-2c71c0869997: receive RaftClientReply:client-EAA342753240->9a4a4c23-9ff3-4ce3-a619-2c71c0869997@group-EC4211DF0353, cid=1561, SUCCESS, logIndex=2224, commits[9a4a4c23-9ff3-4ce3-a619-2c71c0869997:c2225, 9b0072ab-15b3-4973-9bcb-7fa02f6bfea9:c2223, 9f215ef2-7d46-4cda-b695-cae1b893f75f:c2219]
2019-08-20 16:03:57,296 [grpc-default-executor-0] INFO  client.GrpcClientProtocolClient (GrpcClientProtocolClient.java:onNext(255)) - client-EAA342753240->9a4a4c23-9ff3-4ce3-a619-2c71c0869997: receive RaftClientReply:client-EAA342753240->9a4a4c23-9ff3-4ce3-a619-2c71c0869997@group-EC4211DF0353, cid=1562, SUCCESS, logIndex=2225, commits[9a4a4c23-9ff3-4ce3-a619-2c71c0869997:c2225, 9b0072ab-15b3-4973-9bcb-7fa02f6bfea9:c2223, 9f215ef2-7d46-4cda-b695-cae1b893f75f:c2223]
2019-08-20 16:03:57,296 | INFO  | DNAudit | user=null | ip=null | op=WRITE_CHUNK {blockData=conID: 3 locID: 102650153353937395 bcsId: 2219} | ret=SUCCESS |  
2019-08-20 16:03:57,296 | INFO  | DNAudit | user=null | ip=null | op=WRITE_CHUNK {blockData=conID: 3 locID: 102650153353937395 bcsId: 2219} | ret=SUCCESS |  
2019-08-20 16:03:57,296 | INFO  | DNAudit | user=null | ip=null | op=PUT_BLOCK {blockData=[blockId=conID: 3 locID: 102650153353937395 bcsId: 0,size=3145728]} | ret=SUCCESS |  
2019-08-20 16:03:57,296 | INFO  | DNAudit | user=null | ip=null | op=PUT_BLOCK {blockData=[blockId=conID: 3 locID: 102650153353937395 bcsId: 0,size=3145728]} | ret=SUCCESS |  
2019-08-20 16:03:57,301 | INFO  | DNAudit | user=null | ip=null | op=WRITE_CHUNK {blockData=conID: 3 locID: 102650153353937395 bcsId: 2225} | ret=SUCCESS |  
2019-08-20 16:03:57,303 | INFO  | DNAudit | user=null | ip=null | op=WRITE_CHUNK {blockData=conID: 3 locID: 102650153353937395 bcsId: 2225} | ret=SUCCESS |  
2019-08-20 16:03:57,303 | INFO  | DNAudit | user=null | ip=null | op=WRITE_CHUNK {blockData=conID: 3 locID: 102650153353937395 bcsId: 2225} | ret=SUCCESS |  
2019-08-20 16:03:57,304 | INFO  | DNAudit | user=null | ip=null | op=WRITE_CHUNK {blockData=conID: 3 locID: 102650153353937395 bcsId: 2225} | ret=SUCCESS |  
2019-08-20 16:03:57,304 | INFO  | DNAudit | user=null | ip=null | op=PUT_BLOCK {blockData=[blockId=conID: 3 locID: 102650153353937395 bcsId: 0,size=4194304]} | ret=SUCCESS |  
2019-08-20 16:03:57,305 [grpc-default-executor-3] INFO  client.GrpcClientProtocolClient (GrpcClientProtocolClient.java:onNext(255)) - client-EAA342753240->9a4a4c23-9ff3-4ce3-a619-2c71c0869997: receive RaftClientReply:client-EAA342753240->9a4a4c23-9ff3-4ce3-a619-2c71c0869997@group-EC4211DF0353, cid=1563, SUCCESS, logIndex=2228, commits[9a4a4c23-9ff3-4ce3-a619-2c71c0869997:c2229, 9b0072ab-15b3-4973-9bcb-7fa02f6bfea9:c2227, 9f215ef2-7d46-4cda-b695-cae1b893f75f:c2227]
2019-08-20 16:03:57,305 [grpc-default-executor-3] INFO  client.GrpcClientProtocolClient (GrpcClientProtocolClient.java:onNext(255)) - client-EAA342753240->9a4a4c23-9ff3-4ce3-a619-2c71c0869997: receive RaftClientReply:client-EAA342753240->9a4a4c23-9ff3-4ce3-a619-2c71c0869997@group-EC4211DF0353, cid=1564, SUCCESS, logIndex=2229, commits[9a4a4c23-9ff3-4ce3-a619-2c71c0869997:c2229, 9b0072ab-15b3-4973-9bcb-7fa02f6bfea9:c2227, 9f215ef2-7d46-4cda-b695-cae1b893f75f:c2227]
2019-08-20 16:03:57,306 | INFO  | DNAudit | user=null | ip=null | op=WRITE_CHUNK {blockData=conID: 3 locID: 102650153353937395 bcsId: 2225} | ret=SUCCESS |  
2019-08-20 16:03:57,306 | INFO  | DNAudit | user=null | ip=null | op=WRITE_CHUNK {blockData=conID: 3 locID: 102650153353937395 bcsId: 2225} | ret=SUCCESS |  
2019-08-20 16:03:57,308 | INFO  | DNAudit | user=null | ip=null | op=PUT_BLOCK {blockData=[blockId=conID: 3 locID: 102650153353937395 bcsId: 0,size=4194304]} | ret=SUCCESS |  
2019-08-20 16:03:57,308 | INFO  | DNAudit | user=null | ip=null | op=PUT_BLOCK {blockData=[blockId=conID: 3 locID: 102650153353937395 bcsId: 0,size=4194304]} | ret=SUCCESS |  
2019-08-20 16:03:57,308 [grpc-default-executor-3] INFO  client.GrpcClientProtocolClient (GrpcClientProtocolClient.java:onNext(255)) - client-EAA342753240->9a4a4c23-9ff3-4ce3-a619-2c71c0869997: receive RaftClientReply:client-EAA342753240->9a4a4c23-9ff3-4ce3-a619-2c71c0869997@group-EC4211DF0353, cid=1565, SUCCESS, logIndex=0, commits[9a4a4c23-9ff3-4ce3-a619-2c71c0869997:c2231, 9b0072ab-15b3-4973-9bcb-7fa02f6bfea9:c2229, 9f215ef2-7d46-4cda-b695-cae1b893f75f:c2229]
2019-08-20 16:03:57,313 | INFO  | SCMAudit | user=jenkins1000 | ip=192.168.69.96 | op=ALLOCATE_BLOCK {owner=ea4851f9-218c-4af7-91b4-edb777a4888c, size=4194304, type=RATIS, factor=THREE} | ret=SUCCESS |  
2019-08-20 16:03:57,316 | INFO  | OMAudit | user=jenkins1000 | ip=127.0.0.1 | op=ALLOCATE_BLOCK {volume=vol-0-94146, bucket=bucket-0-90789, key=key-0-25609, dataSize=0, replicationType=null, replicationFactor=null, keyLocationInfo=null, clientID=102650152704082322} | ret=SUCCESS |  
2019-08-20 16:03:57,322 | INFO  | DNAudit | user=null | ip=null | op=WRITE_CHUNK {blockData=conID: 1 locID: 102650153357345268 bcsId: 0} | ret=SUCCESS |  
2019-08-20 16:03:57,325 | INFO  | DNAudit | user=null | ip=null | op=WRITE_CHUNK {blockData=conID: 1 locID: 102650153357345268 bcsId: 0} | ret=SUCCESS |  
2019-08-20 16:03:57,325 | INFO  | DNAudit | user=null | ip=null | op=WRITE_CHUNK {blockData=conID: 1 locID: 102650153357345268 bcsId: 0} | ret=SUCCESS |  
2019-08-20 16:03:57,326 | INFO  | DNAudit | user=null | ip=null | op=WRITE_CHUNK {blockData=conID: 1 locID: 102650153357345268 bcsId: 0} | ret=SUCCESS |  
2019-08-20 16:03:57,326 | INFO  | DNAudit | user=null | ip=null | op=WRITE_CHUNK {blockData=conID: 1 locID: 102650153357345268 bcsId: 0} | ret=SUCCESS |  
2019-08-20 16:03:57,327 | INFO  | DNAudit | user=null | ip=null | op=WRITE_CHUNK {blockData=conID: 1 locID: 102650153357345268 bcsId: 0} | ret=SUCCESS |  
2019-08-20 16:03:57,328 | INFO  | DNAudit | user=null | ip=null | op=WRITE_CHUNK {blockData=conID: 1 locID: 102650153357345268 bcsId: 0} | ret=SUCCESS |  
2019-08-20 16:03:57,329 | INFO  | DNAudit | user=null | ip=null | op=PUT_BLOCK {blockData=[blockId=conID: 1 locID: 102650153357345268 bcsId: 0,size=1048576]} | ret=SUCCESS |  
2019-08-20 16:03:57,329 [grpc-default-executor-5] INFO  client.GrpcClientProtocolClient (GrpcClientProtocolClient.java:onNext(255)) - client-EAA342753240->9a4a4c23-9ff3-4ce3-a619-2c71c0869997: receive RaftClientReply:client-EAA342753240->9a4a4c23-9ff3-4ce3-a619-2c71c0869997@group-EC4211DF0353, cid=1566, SUCCESS, logIndex=2232, commits[9a4a4c23-9ff3-4ce3-a619-2c71c0869997:c2235, 9b0072ab-15b3-4973-9bcb-7fa02f6bfea9:c2229, 9f215ef2-7d46-4cda-b695-cae1b893f75f:c2231]
2019-08-20 16:03:57,329 | INFO  | DNAudit | user=null | ip=null | op=WRITE_CHUNK {blockData=conID: 1 locID: 102650153357345268 bcsId: 0} | ret=SUCCESS |  
2019-08-20 16:03:57,329 | INFO  | DNAudit | user=null | ip=null | op=PUT_BLOCK {blockData=[blockId=conID: 1 locID: 102650153357345268 bcsId: 0,size=2097152]} | ret=SUCCESS |  
2019-08-20 16:03:57,329 [grpc-default-executor-5] INFO  client.GrpcClientProtocolClient (GrpcClientProtocolClient.java:onNext(255)) - client-EAA342753240->9a4a4c23-9ff3-4ce3-a619-2c71c0869997: receive RaftClientReply:client-EAA342753240->9a4a4c23-9ff3-4ce3-a619-2c71c0869997@group-EC4211DF0353, cid=1567, SUCCESS, logIndex=2233, commits[9a4a4c23-9ff3-4ce3-a619-2c71c0869997:c2235, 9b0072ab-15b3-4973-9bcb-7fa02f6bfea9:c2231, 9f215ef2-7d46-4cda-b695-cae1b893f75f:c2231]
2019-08-20 16:03:57,329 [grpc-default-executor-5] INFO  client.GrpcClientProtocolClient (GrpcClientProtocolClient.java:onNext(255)) - client-EAA342753240->9a4a4c23-9ff3-4ce3-a619-2c71c0869997: receive RaftClientReply:client-EAA342753240->9a4a4c23-9ff3-4ce3-a619-2c71c0869997@group-EC4211DF0353, cid=1568, SUCCESS, logIndex=2234, commits[9a4a4c23-9ff3-4ce3-a619-2c71c0869997:c2235, 9b0072ab-15b3-4973-9bcb-7fa02f6bfea9:c2231, 9f215ef2-7d46-4cda-b695-cae1b893f75f:c2231]
2019-08-20 16:03:57,330 | INFO  | DNAudit | user=null | ip=null | op=WRITE_CHUNK {blockData=conID: 1 locID: 102650153357345268 bcsId: 0} | ret=SUCCESS |  
2019-08-20 16:03:57,330 | INFO  | DNAudit | user=null | ip=null | op=WRITE_CHUNK {blockData=conID: 1 locID: 102650153357345268 bcsId: 0} | ret=SUCCESS |  
2019-08-20 16:03:57,330 | INFO  | DNAudit | user=null | ip=null | op=PUT_BLOCK {blockData=[blockId=conID: 1 locID: 102650153357345268 bcsId: 0,size=1048576]} | ret=SUCCESS |  
2019-08-20 16:03:57,330 [grpc-default-executor-6] INFO  client.GrpcClientProtocolClient (GrpcClientProtocolClient.java:onNext(255)) - client-EAA342753240->9a4a4c23-9ff3-4ce3-a619-2c71c0869997: receive RaftClientReply:client-EAA342753240->9a4a4c23-9ff3-4ce3-a619-2c71c0869997@group-EC4211DF0353, cid=1569, SUCCESS, logIndex=2235, commits[9a4a4c23-9ff3-4ce3-a619-2c71c0869997:c2235, 9b0072ab-15b3-4973-9bcb-7fa02f6bfea9:c2231, 9f215ef2-7d46-4cda-b695-cae1b893f75f:c2231]
2019-08-20 16:03:57,331 | INFO  | DNAudit | user=null | ip=null | op=PUT_BLOCK {blockData=[blockId=conID: 1 locID: 102650153357345268 bcsId: 0,size=1048576]} | ret=SUCCESS |  
2019-08-20 16:03:57,331 | INFO  | DNAudit | user=null | ip=null | op=WRITE_CHUNK {blockData=conID: 1 locID: 102650153357345268 bcsId: 0} | ret=SUCCESS |  
2019-08-20 16:03:57,331 | INFO  | DNAudit | user=null | ip=null | op=WRITE_CHUNK {blockData=conID: 1 locID: 102650153357345268 bcsId: 0} | ret=SUCCESS |  
2019-08-20 16:03:57,331 | INFO  | DNAudit | user=null | ip=null | op=PUT_BLOCK {blockData=[blockId=conID: 1 locID: 102650153357345268 bcsId: 0,size=2097152]} | ret=SUCCESS |  
2019-08-20 16:03:57,331 | INFO  | DNAudit | user=null | ip=null | op=PUT_BLOCK {blockData=[blockId=conID: 1 locID: 102650153357345268 bcsId: 0,size=2097152]} | ret=SUCCESS |  
2019-08-20 16:03:57,331 [grpc-default-executor-5] INFO  client.GrpcClientProtocolClient (GrpcClientProtocolClient.java:onNext(255)) - client-EAA342753240->9a4a4c23-9ff3-4ce3-a619-2c71c0869997: receive RaftClientReply:client-EAA342753240->9a4a4c23-9ff3-4ce3-a619-2c71c0869997@group-EC4211DF0353, cid=1570, SUCCESS, logIndex=0, commits[9a4a4c23-9ff3-4ce3-a619-2c71c0869997:c2236, 9b0072ab-15b3-4973-9bcb-7fa02f6bfea9:c2233, 9f215ef2-7d46-4cda-b695-cae1b893f75f:c2233]
2019-08-20 16:03:57,336 | INFO  | DNAudit | user=null | ip=null | op=WRITE_CHUNK {blockData=conID: 1 locID: 102650153357345268 bcsId: 2235} | ret=SUCCESS |  
2019-08-20 16:03:57,339 | INFO  | DNAudit | user=null | ip=null | op=WRITE_CHUNK {blockData=conID: 1 locID: 102650153357345268 bcsId: 2235} | ret=SUCCESS |  
2019-08-20 16:03:57,339 | INFO  | DNAudit | user=null | ip=null | op=WRITE_CHUNK {blockData=conID: 1 locID: 102650153357345268 bcsId: 2235} | ret=SUCCESS |  
2019-08-20 16:03:57,341 | INFO  | DNAudit | user=null | ip=null | op=WRITE_CHUNK {blockData=conID: 1 locID: 102650153357345268 bcsId: 2235} | ret=SUCCESS |  
2019-08-20 16:03:57,341 | INFO  | DNAudit | user=null | ip=null | op=PUT_BLOCK {blockData=[blockId=conID: 1 locID: 102650153357345268 bcsId: 0,size=3145728]} | ret=SUCCESS |  
2019-08-20 16:03:57,341 [grpc-default-executor-0] INFO  client.GrpcClientProtocolClient (GrpcClientProtocolClient.java:onNext(255)) - client-EAA342753240->9a4a4c23-9ff3-4ce3-a619-2c71c0869997: receive RaftClientReply:client-EAA342753240->9a4a4c23-9ff3-4ce3-a619-2c71c0869997@group-EC4211DF0353, cid=1571, SUCCESS, logIndex=2240, commits[9a4a4c23-9ff3-4ce3-a619-2c71c0869997:c2241, 9b0072ab-15b3-4973-9bcb-7fa02f6bfea9:c2239, 9f215ef2-7d46-4cda-b695-cae1b893f75f:c2239]
2019-08-20 16:03:57,341 [grpc-default-executor-0] INFO  client.GrpcClientProtocolClient (GrpcClientProtocolClient.java:onNext(255)) - client-EAA342753240->9a4a4c23-9ff3-4ce3-a619-2c71c0869997: receive RaftClientReply:client-EAA342753240->9a4a4c23-9ff3-4ce3-a619-2c71c0869997@group-EC4211DF0353, cid=1572, SUCCESS, logIndex=2241, commits[9a4a4c23-9ff3-4ce3-a619-2c71c0869997:c2241, 9b0072ab-15b3-4973-9bcb-7fa02f6bfea9:c2239, 9f215ef2-7d46-4cda-b695-cae1b893f75f:c2239]
2019-08-20 16:03:57,342 | INFO  | DNAudit | user=null | ip=null | op=WRITE_CHUNK {blockData=conID: 1 locID: 102650153357345268 bcsId: 2235} | ret=SUCCESS |  
2019-08-20 16:03:57,342 | INFO  | DNAudit | user=null | ip=null | op=WRITE_CHUNK {blockData=conID: 1 locID: 102650153357345268 bcsId: 2235} | ret=SUCCESS |  
2019-08-20 16:03:57,342 | INFO  | DNAudit | user=null | ip=null | op=PUT_BLOCK {blockData=[blockId=conID: 1 locID: 102650153357345268 bcsId: 0,size=3145728]} | ret=SUCCESS |  
2019-08-20 16:03:57,342 | INFO  | DNAudit | user=null | ip=null | op=PUT_BLOCK {blockData=[blockId=conID: 1 locID: 102650153357345268 bcsId: 0,size=3145728]} | ret=SUCCESS |  
2019-08-20 16:03:57,347 | INFO  | DNAudit | user=null | ip=null | op=WRITE_CHUNK {blockData=conID: 1 locID: 102650153357345268 bcsId: 2241} | ret=SUCCESS |  
2019-08-20 16:03:57,350 | INFO  | DNAudit | user=null | ip=null | op=WRITE_CHUNK {blockData=conID: 1 locID: 102650153357345268 bcsId: 2241} | ret=SUCCESS |  
2019-08-20 16:03:57,350 | INFO  | DNAudit | user=null | ip=null | op=WRITE_CHUNK {blockData=conID: 1 locID: 102650153357345268 bcsId: 2241} | ret=SUCCESS |  
2019-08-20 16:03:57,352 | INFO  | DNAudit | user=null | ip=null | op=WRITE_CHUNK {blockData=conID: 1 locID: 102650153357345268 bcsId: 2241} | ret=SUCCESS |  
2019-08-20 16:03:57,353 | INFO  | DNAudit | user=null | ip=null | op=PUT_BLOCK {blockData=[blockId=conID: 1 locID: 102650153357345268 bcsId: 0,size=4194304]} | ret=SUCCESS |  
2019-08-20 16:03:57,353 [grpc-default-executor-0] INFO  client.GrpcClientProtocolClient (GrpcClientProtocolClient.java:onNext(255)) - client-EAA342753240->9a4a4c23-9ff3-4ce3-a619-2c71c0869997: receive RaftClientReply:client-EAA342753240->9a4a4c23-9ff3-4ce3-a619-2c71c0869997@group-EC4211DF0353, cid=1573, SUCCESS, logIndex=2244, commits[9a4a4c23-9ff3-4ce3-a619-2c71c0869997:c2245, 9b0072ab-15b3-4973-9bcb-7fa02f6bfea9:c2241, 9f215ef2-7d46-4cda-b695-cae1b893f75f:c2243]
2019-08-20 16:03:57,353 [grpc-default-executor-0] INFO  client.GrpcClientProtocolClient (GrpcClientProtocolClient.java:onNext(255)) - client-EAA342753240->9a4a4c23-9ff3-4ce3-a619-2c71c0869997: receive RaftClientReply:client-EAA342753240->9a4a4c23-9ff3-4ce3-a619-2c71c0869997@group-EC4211DF0353, cid=1574, SUCCESS, logIndex=2245, commits[9a4a4c23-9ff3-4ce3-a619-2c71c0869997:c2245, 9b0072ab-15b3-4973-9bcb-7fa02f6bfea9:c2241, 9f215ef2-7d46-4cda-b695-cae1b893f75f:c2243]
2019-08-20 16:03:57,354 | INFO  | DNAudit | user=null | ip=null | op=WRITE_CHUNK {blockData=conID: 1 locID: 102650153357345268 bcsId: 2241} | ret=SUCCESS |  
2019-08-20 16:03:57,354 | INFO  | DNAudit | user=null | ip=null | op=WRITE_CHUNK {blockData=conID: 1 locID: 102650153357345268 bcsId: 2241} | ret=SUCCESS |  
2019-08-20 16:03:57,354 | INFO  | DNAudit | user=null | ip=null | op=PUT_BLOCK {blockData=[blockId=conID: 1 locID: 102650153357345268 bcsId: 0,size=4194304]} | ret=SUCCESS |  
2019-08-20 16:03:57,354 | INFO  | DNAudit | user=null | ip=null | op=PUT_BLOCK {blockData=[blockId=conID: 1 locID: 102650153357345268 bcsId: 0,size=4194304]} | ret=SUCCESS |  
2019-08-20 16:03:57,355 [grpc-default-executor-5] INFO  client.GrpcClientProtocolClient (GrpcClientProtocolClient.java:onNext(255)) - client-EAA342753240->9a4a4c23-9ff3-4ce3-a619-2c71c0869997: receive RaftClientReply:client-EAA342753240->9a4a4c23-9ff3-4ce3-a619-2c71c0869997@group-EC4211DF0353, cid=1575, SUCCESS, logIndex=0, commits[9a4a4c23-9ff3-4ce3-a619-2c71c0869997:c2246, 9b0072ab-15b3-4973-9bcb-7fa02f6bfea9:c2245, 9f215ef2-7d46-4cda-b695-cae1b893f75f:c2245]
2019-08-20 16:03:57,360 | INFO  | SCMAudit | user=jenkins1000 | ip=192.168.69.96 | op=ALLOCATE_BLOCK {owner=ea4851f9-218c-4af7-91b4-edb777a4888c, size=4194304, type=RATIS, factor=THREE} | ret=SUCCESS |  
2019-08-20 16:03:57,363 | INFO  | OMAudit | user=jenkins1000 | ip=127.0.0.1 | op=ALLOCATE_BLOCK {volume=vol-0-94146, bucket=bucket-0-90789, key=key-0-25609, dataSize=0, replicationType=null, replicationFactor=null, keyLocationInfo=null, clientID=102650152704082322} | ret=SUCCESS |  
2019-08-20 16:03:57,368 | INFO  | DNAudit | user=null | ip=null | op=WRITE_CHUNK {blockData=conID: 2 locID: 102650153360425461 bcsId: 0} | ret=SUCCESS |  
2019-08-20 16:03:57,371 | INFO  | DNAudit | user=null | ip=null | op=WRITE_CHUNK {blockData=conID: 2 locID: 102650153360425461 bcsId: 0} | ret=SUCCESS |  
2019-08-20 16:03:57,371 | INFO  | DNAudit | user=null | ip=null | op=WRITE_CHUNK {blockData=conID: 2 locID: 102650153360425461 bcsId: 0} | ret=SUCCESS |  
2019-08-20 16:03:57,372 | INFO  | DNAudit | user=null | ip=null | op=WRITE_CHUNK {blockData=conID: 2 locID: 102650153360425461 bcsId: 0} | ret=SUCCESS |  
2019-08-20 16:03:57,379 | INFO  | DNAudit | user=null | ip=null | op=WRITE_CHUNK {blockData=conID: 2 locID: 102650153360425461 bcsId: 0} | ret=SUCCESS |  
2019-08-20 16:03:57,379 | INFO  | DNAudit | user=null | ip=null | op=WRITE_CHUNK {blockData=conID: 2 locID: 102650153360425461 bcsId: 0} | ret=SUCCESS |  
2019-08-20 16:03:57,405 | INFO  | DNAudit | user=null | ip=null | op=WRITE_CHUNK {blockData=conID: 2 locID: 102650153360425461 bcsId: 0} | ret=SUCCESS |  
2019-08-20 16:03:57,406 | INFO  | DNAudit | user=null | ip=null | op=PUT_BLOCK {blockData=[blockId=conID: 2 locID: 102650153360425461 bcsId: 0,size=1048576]} | ret=SUCCESS |  
2019-08-20 16:03:57,406 | INFO  | DNAudit | user=null | ip=null | op=WRITE_CHUNK {blockData=conID: 2 locID: 102650153360425461 bcsId: 0} | ret=SUCCESS |  
2019-08-20 16:03:57,406 [grpc-default-executor-6] INFO  client.GrpcClientProtocolClient (GrpcClientProtocolClient.java:onNext(255)) - client-EAA342753240->9a4a4c23-9ff3-4ce3-a619-2c71c0869997: receive RaftClientReply:client-EAA342753240->9a4a4c23-9ff3-4ce3-a619-2c71c0869997@group-EC4211DF0353, cid=1576, SUCCESS, logIndex=2248, commits[9a4a4c23-9ff3-4ce3-a619-2c71c0869997:c2250, 9b0072ab-15b3-4973-9bcb-7fa02f6bfea9:c2247, 9f215ef2-7d46-4cda-b695-cae1b893f75f:c2247]
2019-08-20 16:03:57,406 | INFO  | DNAudit | user=null | ip=null | op=PUT_BLOCK {blockData=[blockId=conID: 2 locID: 102650153360425461 bcsId: 0,size=2097152]} | ret=SUCCESS |  
2019-08-20 16:03:57,406 [grpc-default-executor-6] INFO  client.GrpcClientProtocolClient (GrpcClientProtocolClient.java:onNext(255)) - client-EAA342753240->9a4a4c23-9ff3-4ce3-a619-2c71c0869997: receive RaftClientReply:client-EAA342753240->9a4a4c23-9ff3-4ce3-a619-2c71c0869997@group-EC4211DF0353, cid=1577, SUCCESS, logIndex=2249, commits[9a4a4c23-9ff3-4ce3-a619-2c71c0869997:c2251, 9b0072ab-15b3-4973-9bcb-7fa02f6bfea9:c2247, 9f215ef2-7d46-4cda-b695-cae1b893f75f:c2247]
2019-08-20 16:03:57,407 [grpc-default-executor-6] INFO  client.GrpcClientProtocolClient (GrpcClientProtocolClient.java:onNext(255)) - client-EAA342753240->9a4a4c23-9ff3-4ce3-a619-2c71c0869997: receive RaftClientReply:client-EAA342753240->9a4a4c23-9ff3-4ce3-a619-2c71c0869997@group-EC4211DF0353, cid=1578, SUCCESS, logIndex=2250, commits[9a4a4c23-9ff3-4ce3-a619-2c71c0869997:c2251, 9b0072ab-15b3-4973-9bcb-7fa02f6bfea9:c2247, 9f215ef2-7d46-4cda-b695-cae1b893f75f:c2247]
2019-08-20 16:03:57,407 [grpc-default-executor-6] INFO  client.GrpcClientProtocolClient (GrpcClientProtocolClient.java:onNext(255)) - client-EAA342753240->9a4a4c23-9ff3-4ce3-a619-2c71c0869997: receive RaftClientReply:client-EAA342753240->9a4a4c23-9ff3-4ce3-a619-2c71c0869997@group-EC4211DF0353, cid=1579, SUCCESS, logIndex=2251, commits[9a4a4c23-9ff3-4ce3-a619-2c71c0869997:c2251, 9b0072ab-15b3-4973-9bcb-7fa02f6bfea9:c2247, 9f215ef2-7d46-4cda-b695-cae1b893f75f:c2247]
2019-08-20 16:03:57,417 | INFO  | DNAudit | user=null | ip=null | op=WRITE_CHUNK {blockData=conID: 2 locID: 102650153360425461 bcsId: 0} | ret=SUCCESS |  
2019-08-20 16:03:57,417 | INFO  | SCMAudit | user=jenkins1000 | ip=192.168.69.96 | op=SEND_HEARTBEAT {datanodeUUID=9f215ef2-7d46-4cda-b695-cae1b893f75f, command=[]} | ret=SUCCESS |  
2019-08-20 16:03:57,417 | INFO  | SCMAudit | user=jenkins1000 | ip=192.168.69.96 | op=SEND_HEARTBEAT {datanodeUUID=9a4a4c23-9ff3-4ce3-a619-2c71c0869997, command=[]} | ret=SUCCESS |  
2019-08-20 16:03:57,417 | INFO  | DNAudit | user=null | ip=null | op=WRITE_CHUNK {blockData=conID: 2 locID: 102650153360425461 bcsId: 0} | ret=SUCCESS |  
2019-08-20 16:03:57,417 | INFO  | DNAudit | user=null | ip=null | op=PUT_BLOCK {blockData=[blockId=conID: 2 locID: 102650153360425461 bcsId: 0,size=1048576]} | ret=SUCCESS |  
2019-08-20 16:03:57,417 | INFO  | DNAudit | user=null | ip=null | op=PUT_BLOCK {blockData=[blockId=conID: 2 locID: 102650153360425461 bcsId: 0,size=1048576]} | ret=SUCCESS |  
2019-08-20 16:03:57,417 [grpc-default-executor-6] INFO  client.GrpcClientProtocolClient (GrpcClientProtocolClient.java:onNext(255)) - client-EAA342753240->9a4a4c23-9ff3-4ce3-a619-2c71c0869997: receive RaftClientReply:client-EAA342753240->9a4a4c23-9ff3-4ce3-a619-2c71c0869997@group-EC4211DF0353, cid=1580, SUCCESS, logIndex=0, commits[9a4a4c23-9ff3-4ce3-a619-2c71c0869997:c2252, 9b0072ab-15b3-4973-9bcb-7fa02f6bfea9:c2249, 9f215ef2-7d46-4cda-b695-cae1b893f75f:c2249]
2019-08-20 16:03:57,418 | INFO  | DNAudit | user=null | ip=null | op=WRITE_CHUNK {blockData=conID: 2 locID: 102650153360425461 bcsId: 0} | ret=SUCCESS |  
2019-08-20 16:03:57,418 | INFO  | DNAudit | user=null | ip=null | op=WRITE_CHUNK {blockData=conID: 2 locID: 102650153360425461 bcsId: 0} | ret=SUCCESS |  
2019-08-20 16:03:57,418 | INFO  | DNAudit | user=null | ip=null | op=PUT_BLOCK {blockData=[blockId=conID: 2 locID: 102650153360425461 bcsId: 0,size=2097152]} | ret=SUCCESS |  
2019-08-20 16:03:57,419 | INFO  | DNAudit | user=null | ip=null | op=PUT_BLOCK {blockData=[blockId=conID: 2 locID: 102650153360425461 bcsId: 0,size=2097152]} | ret=SUCCESS |  
2019-08-20 16:03:57,419 | INFO  | SCMAudit | user=jenkins1000 | ip=192.168.69.96 | op=SEND_HEARTBEAT {datanodeUUID=9b0072ab-15b3-4973-9bcb-7fa02f6bfea9, command=[]} | ret=SUCCESS |  
 0.00% |█                                                                                                    |  0/1 Time: 0:00:102019-08-20 16:03:57,424 | INFO  | DNAudit | user=null | ip=null | op=WRITE_CHUNK {blockData=conID: 2 locID: 102650153360425461 bcsId: 2251} | ret=SUCCESS |  
2019-08-20 16:03:57,427 | INFO  | DNAudit | user=null | ip=null | op=WRITE_CHUNK {blockData=conID: 2 locID: 102650153360425461 bcsId: 2251} | ret=SUCCESS |  
2019-08-20 16:03:57,427 | INFO  | DNAudit | user=null | ip=null | op=WRITE_CHUNK {blockData=conID: 2 locID: 102650153360425461 bcsId: 2251} | ret=SUCCESS |  
2019-08-20 16:03:57,437 | INFO  | DNAudit | user=null | ip=null | op=WRITE_CHUNK {blockData=conID: 2 locID: 102650153360425461 bcsId: 2251} | ret=SUCCESS |  
2019-08-20 16:03:57,437 | INFO  | DNAudit | user=null | ip=null | op=PUT_BLOCK {blockData=[blockId=conID: 2 locID: 102650153360425461 bcsId: 0,size=3145728]} | ret=SUCCESS |  
2019-08-20 16:03:57,437 [grpc-default-executor-6] INFO  client.GrpcClientProtocolClient (GrpcClientProtocolClient.java:onNext(255)) - client-EAA342753240->9a4a4c23-9ff3-4ce3-a619-2c71c0869997: receive RaftClientReply:client-EAA342753240->9a4a4c23-9ff3-4ce3-a619-2c71c0869997@group-EC4211DF0353, cid=1581, SUCCESS, logIndex=2256, commits[9a4a4c23-9ff3-4ce3-a619-2c71c0869997:c2257, 9b0072ab-15b3-4973-9bcb-7fa02f6bfea9:c2255, 9f215ef2-7d46-4cda-b695-cae1b893f75f:c2255]
2019-08-20 16:03:57,438 [grpc-default-executor-6] INFO  client.GrpcClientProtocolClient (GrpcClientProtocolClient.java:onNext(255)) - client-EAA342753240->9a4a4c23-9ff3-4ce3-a619-2c71c0869997: receive RaftClientReply:client-EAA342753240->9a4a4c23-9ff3-4ce3-a619-2c71c0869997@group-EC4211DF0353, cid=1582, SUCCESS, logIndex=2257, commits[9a4a4c23-9ff3-4ce3-a619-2c71c0869997:c2257, 9b0072ab-15b3-4973-9bcb-7fa02f6bfea9:c2255, 9f215ef2-7d46-4cda-b695-cae1b893f75f:c2255]
2019-08-20 16:03:57,537 | INFO  | DNAudit | user=null | ip=null | op=WRITE_CHUNK {blockData=conID: 2 locID: 102650153360425461 bcsId: 2251} | ret=SUCCESS |  
2019-08-20 16:03:57,537 | INFO  | DNAudit | user=null | ip=null | op=WRITE_CHUNK {blockData=conID: 2 locID: 102650153360425461 bcsId: 2251} | ret=SUCCESS |  
2019-08-20 16:03:57,539 | INFO  | DNAudit | user=null | ip=null | op=WRITE_CHUNK {blockData=conID: 2 locID: 102650153360425461 bcsId: 2257} | ret=SUCCESS |  
2019-08-20 16:03:57,543 | INFO  | DNAudit | user=null | ip=null | op=WRITE_CHUNK {blockData=conID: 2 locID: 102650153360425461 bcsId: 2257} | ret=SUCCESS |  
2019-08-20 16:03:57,543 | INFO  | DNAudit | user=null | ip=null | op=WRITE_CHUNK {blockData=conID: 2 locID: 102650153360425461 bcsId: 2257} | ret=SUCCESS |  
2019-08-20 16:03:57,547 | INFO  | DNAudit | user=null | ip=null | op=PUT_BLOCK {blockData=[blockId=conID: 2 locID: 102650153360425461 bcsId: 0,size=3145728]} | ret=SUCCESS |  
2019-08-20 16:03:57,548 | INFO  | DNAudit | user=null | ip=null | op=PUT_BLOCK {blockData=[blockId=conID: 2 locID: 102650153360425461 bcsId: 0,size=3145728]} | ret=SUCCESS |  
2019-08-20 16:03:57,549 | INFO  | DNAudit | user=null | ip=null | op=WRITE_CHUNK {blockData=conID: 2 locID: 102650153360425461 bcsId: 2257} | ret=SUCCESS |  
2019-08-20 16:03:57,549 | INFO  | DNAudit | user=null | ip=null | op=PUT_BLOCK {blockData=[blockId=conID: 2 locID: 102650153360425461 bcsId: 0,size=4194304]} | ret=SUCCESS |  
2019-08-20 16:03:57,549 [grpc-default-executor-0] INFO  client.GrpcClientProtocolClient (GrpcClientProtocolClient.java:onNext(255)) - client-EAA342753240->9a4a4c23-9ff3-4ce3-a619-2c71c0869997: receive RaftClientReply:client-EAA342753240->9a4a4c23-9ff3-4ce3-a619-2c71c0869997@group-EC4211DF0353, cid=1583, SUCCESS, logIndex=2260, commits[9a4a4c23-9ff3-4ce3-a619-2c71c0869997:c2261, 9b0072ab-15b3-4973-9bcb-7fa02f6bfea9:c2258, 9f215ef2-7d46-4cda-b695-cae1b893f75f:c2258]
2019-08-20 16:03:57,550 [grpc-default-executor-0] INFO  client.GrpcClientProtocolClient (GrpcClientProtocolClient.java:onNext(255)) - client-EAA342753240->9a4a4c23-9ff3-4ce3-a619-2c71c0869997: receive RaftClientReply:client-EAA342753240->9a4a4c23-9ff3-4ce3-a619-2c71c0869997@group-EC4211DF0353, cid=1584, SUCCESS, logIndex=2261, commits[9a4a4c23-9ff3-4ce3-a619-2c71c0869997:c2261, 9b0072ab-15b3-4973-9bcb-7fa02f6bfea9:c2258, 9f215ef2-7d46-4cda-b695-cae1b893f75f:c2258]
2019-08-20 16:03:57,560 | INFO  | DNAudit | user=null | ip=null | op=WRITE_CHUNK {blockData=conID: 2 locID: 102650153360425461 bcsId: 2257} | ret=SUCCESS |  
2019-08-20 16:03:57,561 | INFO  | DNAudit | user=null | ip=null | op=WRITE_CHUNK {blockData=conID: 2 locID: 102650153360425461 bcsId: 2257} | ret=SUCCESS |  
2019-08-20 16:03:57,562 | INFO  | DNAudit | user=null | ip=null | op=PUT_BLOCK {blockData=[blockId=conID: 2 locID: 102650153360425461 bcsId: 0,size=4194304]} | ret=SUCCESS |  
2019-08-20 16:03:57,562 | INFO  | DNAudit | user=null | ip=null | op=PUT_BLOCK {blockData=[blockId=conID: 2 locID: 102650153360425461 bcsId: 0,size=4194304]} | ret=SUCCESS |  
2019-08-20 16:03:57,562 [grpc-default-executor-0] INFO  client.GrpcClientProtocolClient (GrpcClientProtocolClient.java:onNext(255)) - client-EAA342753240->9a4a4c23-9ff3-4ce3-a619-2c71c0869997: receive RaftClientReply:client-EAA342753240->9a4a4c23-9ff3-4ce3-a619-2c71c0869997@group-EC4211DF0353, cid=1585, SUCCESS, logIndex=0, commits[9a4a4c23-9ff3-4ce3-a619-2c71c0869997:c2263, 9b0072ab-15b3-4973-9bcb-7fa02f6bfea9:c2261, 9f215ef2-7d46-4cda-b695-cae1b893f75f:c2261]
2019-08-20 16:03:57,566 | INFO  | SCMAudit | user=jenkins1000 | ip=192.168.69.96 | op=ALLOCATE_BLOCK {owner=ea4851f9-218c-4af7-91b4-edb777a4888c, size=4194304, type=RATIS, factor=THREE} | ret=SUCCESS |  
2019-08-20 16:03:57,569 | INFO  | OMAudit | user=jenkins1000 | ip=127.0.0.1 | op=ALLOCATE_BLOCK {volume=vol-0-94146, bucket=bucket-0-90789, key=key-0-25609, dataSize=0, replicationType=null, replicationFactor=null, keyLocationInfo=null, clientID=102650152704082322} | ret=SUCCESS |  
2019-08-20 16:03:57,575 | INFO  | DNAudit | user=null | ip=null | op=WRITE_CHUNK {blockData=conID: 3 locID: 102650153373925878 bcsId: 0} | ret=SUCCESS |  
2019-08-20 16:03:57,576 | INFO  | DNAudit | user=null | ip=null | op=WRITE_CHUNK {blockData=conID: 3 locID: 102650153373925878 bcsId: 0} | ret=SUCCESS |  
2019-08-20 16:03:57,577 | INFO  | DNAudit | user=null | ip=null | op=WRITE_CHUNK {blockData=conID: 3 locID: 102650153373925878 bcsId: 0} | ret=SUCCESS |  
2019-08-20 16:03:57,577 | INFO  | DNAudit | user=null | ip=null | op=WRITE_CHUNK {blockData=conID: 3 locID: 102650153373925878 bcsId: 0} | ret=SUCCESS |  
2019-08-20 16:03:57,578 | INFO  | DNAudit | user=null | ip=null | op=WRITE_CHUNK {blockData=conID: 3 locID: 102650153373925878 bcsId: 0} | ret=SUCCESS |  
2019-08-20 16:03:57,579 | INFO  | DNAudit | user=null | ip=null | op=WRITE_CHUNK {blockData=conID: 3 locID: 102650153373925878 bcsId: 0} | ret=SUCCESS |  
2019-08-20 16:03:57,589 | INFO  | DNAudit | user=null | ip=null | op=WRITE_CHUNK {blockData=conID: 3 locID: 102650153373925878 bcsId: 0} | ret=SUCCESS |  
2019-08-20 16:03:57,590 | INFO  | DNAudit | user=null | ip=null | op=PUT_BLOCK {blockData=[blockId=conID: 3 locID: 102650153373925878 bcsId: 0,size=1048576]} | ret=SUCCESS |  
2019-08-20 16:03:57,590 [grpc-default-executor-5] INFO  client.GrpcClientProtocolClient (GrpcClientProtocolClient.java:onNext(255)) - client-EAA342753240->9a4a4c23-9ff3-4ce3-a619-2c71c0869997: receive RaftClientReply:client-EAA342753240->9a4a4c23-9ff3-4ce3-a619-2c71c0869997@group-EC4211DF0353, cid=1586, SUCCESS, logIndex=2264, commits[9a4a4c23-9ff3-4ce3-a619-2c71c0869997:c2266, 9b0072ab-15b3-4973-9bcb-7fa02f6bfea9:c2263, 9f215ef2-7d46-4cda-b695-cae1b893f75f:c2263]
2019-08-20 16:03:57,590 | INFO  | DNAudit | user=null | ip=null | op=WRITE_CHUNK {blockData=conID: 3 locID: 102650153373925878 bcsId: 0} | ret=SUCCESS |  
2019-08-20 16:03:57,590 [grpc-default-executor-5] INFO  client.GrpcClientProtocolClient (GrpcClientProtocolClient.java:onNext(255)) - client-EAA342753240->9a4a4c23-9ff3-4ce3-a619-2c71c0869997: receive RaftClientReply:client-EAA342753240->9a4a4c23-9ff3-4ce3-a619-2c71c0869997@group-EC4211DF0353, cid=1587, SUCCESS, logIndex=2265, commits[9a4a4c23-9ff3-4ce3-a619-2c71c0869997:c2267, 9b0072ab-15b3-4973-9bcb-7fa02f6bfea9:c2263, 9f215ef2-7d46-4cda-b695-cae1b893f75f:c2263]
2019-08-20 16:03:57,591 | INFO  | DNAudit | user=null | ip=null | op=PUT_BLOCK {blockData=[blockId=conID: 3 locID: 102650153373925878 bcsId: 0,size=2097152]} | ret=SUCCESS |  
2019-08-20 16:03:57,591 [grpc-default-executor-5] INFO  client.GrpcClientProtocolClient (GrpcClientProtocolClient.java:onNext(255)) - client-EAA342753240->9a4a4c23-9ff3-4ce3-a619-2c71c0869997: receive RaftClientReply:client-EAA342753240->9a4a4c23-9ff3-4ce3-a619-2c71c0869997@group-EC4211DF0353, cid=1588, SUCCESS, logIndex=2266, commits[9a4a4c23-9ff3-4ce3-a619-2c71c0869997:c2267, 9b0072ab-15b3-4973-9bcb-7fa02f6bfea9:c2263, 9f215ef2-7d46-4cda-b695-cae1b893f75f:c2263]
2019-08-20 16:03:57,591 [grpc-default-executor-5] INFO  client.GrpcClientProtocolClient (GrpcClientProtocolClient.java:onNext(255)) - client-EAA342753240->9a4a4c23-9ff3-4ce3-a619-2c71c0869997: receive RaftClientReply:client-EAA342753240->9a4a4c23-9ff3-4ce3-a619-2c71c0869997@group-EC4211DF0353, cid=1589, SUCCESS, logIndex=2267, commits[9a4a4c23-9ff3-4ce3-a619-2c71c0869997:c2267, 9b0072ab-15b3-4973-9bcb-7fa02f6bfea9:c2263, 9f215ef2-7d46-4cda-b695-cae1b893f75f:c2263]
2019-08-20 16:03:57,601 | INFO  | DNAudit | user=null | ip=null | op=WRITE_CHUNK {blockData=conID: 3 locID: 102650153373925878 bcsId: 0} | ret=SUCCESS |  
2019-08-20 16:03:57,601 | INFO  | DNAudit | user=null | ip=null | op=WRITE_CHUNK {blockData=conID: 3 locID: 102650153373925878 bcsId: 0} | ret=SUCCESS |  
2019-08-20 16:03:57,601 | INFO  | DNAudit | user=null | ip=null | op=PUT_BLOCK {blockData=[blockId=conID: 3 locID: 102650153373925878 bcsId: 0,size=1048576]} | ret=SUCCESS |  
2019-08-20 16:03:57,601 | INFO  | DNAudit | user=null | ip=null | op=PUT_BLOCK {blockData=[blockId=conID: 3 locID: 102650153373925878 bcsId: 0,size=1048576]} | ret=SUCCESS |  
2019-08-20 16:03:57,602 [grpc-default-executor-5] INFO  client.GrpcClientProtocolClient (GrpcClientProtocolClient.java:onNext(255)) - client-EAA342753240->9a4a4c23-9ff3-4ce3-a619-2c71c0869997: receive RaftClientReply:client-EAA342753240->9a4a4c23-9ff3-4ce3-a619-2c71c0869997@group-EC4211DF0353, cid=1590, SUCCESS, logIndex=0, commits[9a4a4c23-9ff3-4ce3-a619-2c71c0869997:c2268, 9b0072ab-15b3-4973-9bcb-7fa02f6bfea9:c2265, 9f215ef2-7d46-4cda-b695-cae1b893f75f:c2265]
2019-08-20 16:03:57,603 | INFO  | DNAudit | user=null | ip=null | op=WRITE_CHUNK {blockData=conID: 3 locID: 102650153373925878 bcsId: 0} | ret=SUCCESS |  
2019-08-20 16:03:57,603 | INFO  | DNAudit | user=null | ip=null | op=WRITE_CHUNK {blockData=conID: 3 locID: 102650153373925878 bcsId: 0} | ret=SUCCESS |  
2019-08-20 16:03:57,603 | INFO  | DNAudit | user=null | ip=null | op=PUT_BLOCK {blockData=[blockId=conID: 3 locID: 102650153373925878 bcsId: 0,size=2097152]} | ret=SUCCESS |  
2019-08-20 16:03:57,603 | INFO  | DNAudit | user=null | ip=null | op=PUT_BLOCK {blockData=[blockId=conID: 3 locID: 102650153373925878 bcsId: 0,size=2097152]} | ret=SUCCESS |  
2019-08-20 16:03:57,607 | INFO  | DNAudit | user=null | ip=null | op=WRITE_CHUNK {blockData=conID: 3 locID: 102650153373925878 bcsId: 2267} | ret=SUCCESS |  
2019-08-20 16:03:57,610 | INFO  | DNAudit | user=null | ip=null | op=WRITE_CHUNK {blockData=conID: 3 locID: 102650153373925878 bcsId: 2267} | ret=SUCCESS |  
2019-08-20 16:03:57,610 | INFO  | DNAudit | user=null | ip=null | op=WRITE_CHUNK {blockData=conID: 3 locID: 102650153373925878 bcsId: 2267} | ret=SUCCESS |  
2019-08-20 16:03:57,612 | INFO  | DNAudit | user=null | ip=null | op=WRITE_CHUNK {blockData=conID: 3 locID: 102650153373925878 bcsId: 2267} | ret=SUCCESS |  
2019-08-20 16:03:57,612 [grpc-default-executor-0] INFO  client.GrpcClientProtocolClient (GrpcClientProtocolClient.java:onNext(255)) - client-EAA342753240->9a4a4c23-9ff3-4ce3-a619-2c71c0869997: receive RaftClientReply:client-EAA342753240->9a4a4c23-9ff3-4ce3-a619-2c71c0869997@group-EC4211DF0353, cid=1591, SUCCESS, logIndex=2272, commits[9a4a4c23-9ff3-4ce3-a619-2c71c0869997:c2273, 9b0072ab-15b3-4973-9bcb-7fa02f6bfea9:c2271, 9f215ef2-7d46-4cda-b695-cae1b893f75f:c2267]
2019-08-20 16:03:57,612 | INFO  | DNAudit | user=null | ip=null | op=PUT_BLOCK {blockData=[blockId=conID: 3 locID: 102650153373925878 bcsId: 0,size=3145728]} | ret=SUCCESS |  
2019-08-20 16:03:57,613 [grpc-default-executor-0] INFO  client.GrpcClientProtocolClient (GrpcClientProtocolClient.java:onNext(255)) - client-EAA342753240->9a4a4c23-9ff3-4ce3-a619-2c71c0869997: receive RaftClientReply:client-EAA342753240->9a4a4c23-9ff3-4ce3-a619-2c71c0869997@group-EC4211DF0353, cid=1592, SUCCESS, logIndex=2273, commits[9a4a4c23-9ff3-4ce3-a619-2c71c0869997:c2273, 9b0072ab-15b3-4973-9bcb-7fa02f6bfea9:c2271, 9f215ef2-7d46-4cda-b695-cae1b893f75f:c2271]
2019-08-20 16:03:57,613 | INFO  | DNAudit | user=null | ip=null | op=WRITE_CHUNK {blockData=conID: 3 locID: 102650153373925878 bcsId: 2267} | ret=SUCCESS |  
2019-08-20 16:03:57,613 | INFO  | DNAudit | user=null | ip=null | op=WRITE_CHUNK {blockData=conID: 3 locID: 102650153373925878 bcsId: 2267} | ret=SUCCESS |  
2019-08-20 16:03:57,613 | INFO  | DNAudit | user=null | ip=null | op=PUT_BLOCK {blockData=[blockId=conID: 3 locID: 102650153373925878 bcsId: 0,size=3145728]} | ret=SUCCESS |  
2019-08-20 16:03:57,613 | INFO  | DNAudit | user=null | ip=null | op=PUT_BLOCK {blockData=[blockId=conID: 3 locID: 102650153373925878 bcsId: 0,size=3145728]} | ret=SUCCESS |  
2019-08-20 16:03:57,618 | INFO  | DNAudit | user=null | ip=null | op=WRITE_CHUNK {blockData=conID: 3 locID: 102650153373925878 bcsId: 2273} | ret=SUCCESS |  
2019-08-20 16:03:57,620 | INFO  | DNAudit | user=null | ip=null | op=WRITE_CHUNK {blockData=conID: 3 locID: 102650153373925878 bcsId: 2273} | ret=SUCCESS |  
2019-08-20 16:03:57,620 | INFO  | DNAudit | user=null | ip=null | op=WRITE_CHUNK {blockData=conID: 3 locID: 102650153373925878 bcsId: 2273} | ret=SUCCESS |  
2019-08-20 16:03:57,622 | INFO  | DNAudit | user=null | ip=null | op=WRITE_CHUNK {blockData=conID: 3 locID: 102650153373925878 bcsId: 2273} | ret=SUCCESS |  
2019-08-20 16:03:57,622 | INFO  | DNAudit | user=null | ip=null | op=PUT_BLOCK {blockData=[blockId=conID: 3 locID: 102650153373925878 bcsId: 0,size=4194304]} | ret=SUCCESS |  
2019-08-20 16:03:57,622 [grpc-default-executor-3] INFO  client.GrpcClientProtocolClient (GrpcClientProtocolClient.java:onNext(255)) - client-EAA342753240->9a4a4c23-9ff3-4ce3-a619-2c71c0869997: receive RaftClientReply:client-EAA342753240->9a4a4c23-9ff3-4ce3-a619-2c71c0869997@group-EC4211DF0353, cid=1593, SUCCESS, logIndex=2276, commits[9a4a4c23-9ff3-4ce3-a619-2c71c0869997:c2277, 9b0072ab-15b3-4973-9bcb-7fa02f6bfea9:c2275, 9f215ef2-7d46-4cda-b695-cae1b893f75f:c2275]
2019-08-20 16:03:57,623 [grpc-default-executor-3] INFO  client.GrpcClientProtocolClient (GrpcClientProtocolClient.java:onNext(255)) - client-EAA342753240->9a4a4c23-9ff3-4ce3-a619-2c71c0869997: receive RaftClientReply:client-EAA342753240->9a4a4c23-9ff3-4ce3-a619-2c71c0869997@group-EC4211DF0353, cid=1594, SUCCESS, logIndex=2277, commits[9a4a4c23-9ff3-4ce3-a619-2c71c0869997:c2277, 9b0072ab-15b3-4973-9bcb-7fa02f6bfea9:c2275, 9f215ef2-7d46-4cda-b695-cae1b893f75f:c2275]
2019-08-20 16:03:57,623 | INFO  | DNAudit | user=null | ip=null | op=WRITE_CHUNK {blockData=conID: 3 locID: 102650153373925878 bcsId: 2273} | ret=SUCCESS |  
2019-08-20 16:03:57,623 | INFO  | DNAudit | user=null | ip=null | op=WRITE_CHUNK {blockData=conID: 3 locID: 102650153373925878 bcsId: 2273} | ret=SUCCESS |  
2019-08-20 16:03:57,623 | INFO  | DNAudit | user=null | ip=null | op=PUT_BLOCK {blockData=[blockId=conID: 3 locID: 102650153373925878 bcsId: 0,size=4194304]} | ret=SUCCESS |  
2019-08-20 16:03:57,623 | INFO  | DNAudit | user=null | ip=null | op=PUT_BLOCK {blockData=[blockId=conID: 3 locID: 102650153373925878 bcsId: 0,size=4194304]} | ret=SUCCESS |  
2019-08-20 16:03:57,624 [grpc-default-executor-0] INFO  client.GrpcClientProtocolClient (GrpcClientProtocolClient.java:onNext(255)) - client-EAA342753240->9a4a4c23-9ff3-4ce3-a619-2c71c0869997: receive RaftClientReply:client-EAA342753240->9a4a4c23-9ff3-4ce3-a619-2c71c0869997@group-EC4211DF0353, cid=1595, SUCCESS, logIndex=0, commits[9a4a4c23-9ff3-4ce3-a619-2c71c0869997:c2278, 9b0072ab-15b3-4973-9bcb-7fa02f6bfea9:c2277, 9f215ef2-7d46-4cda-b695-cae1b893f75f:c2277]
2019-08-20 16:03:57,627 | INFO  | SCMAudit | user=jenkins1000 | ip=192.168.69.96 | op=ALLOCATE_BLOCK {owner=ea4851f9-218c-4af7-91b4-edb777a4888c, size=4194304, type=RATIS, factor=THREE} | ret=SUCCESS |  
2019-08-20 16:03:57,629 | INFO  | OMAudit | user=jenkins1000 | ip=127.0.0.1 | op=ALLOCATE_BLOCK {volume=vol-0-94146, bucket=bucket-0-90789, key=key-0-25609, dataSize=0, replicationType=null, replicationFactor=null, keyLocationInfo=null, clientID=102650152704082322} | ret=SUCCESS |  
2019-08-20 16:03:57,635 | INFO  | DNAudit | user=null | ip=null | op=WRITE_CHUNK {blockData=conID: 1 locID: 102650153377923575 bcsId: 0} | ret=SUCCESS |  
2019-08-20 16:03:57,637 | INFO  | DNAudit | user=null | ip=null | op=WRITE_CHUNK {blockData=conID: 1 locID: 102650153377923575 bcsId: 0} | ret=SUCCESS |  
2019-08-20 16:03:57,637 | INFO  | DNAudit | user=null | ip=null | op=WRITE_CHUNK {blockData=conID: 1 locID: 102650153377923575 bcsId: 0} | ret=SUCCESS |  
2019-08-20 16:03:57,637 | INFO  | DNAudit | user=null | ip=null | op=WRITE_CHUNK {blockData=conID: 1 locID: 102650153377923575 bcsId: 0} | ret=SUCCESS |  
2019-08-20 16:03:57,639 | INFO  | DNAudit | user=null | ip=null | op=WRITE_CHUNK {blockData=conID: 1 locID: 102650153377923575 bcsId: 0} | ret=SUCCESS |  
2019-08-20 16:03:57,639 | INFO  | DNAudit | user=null | ip=null | op=WRITE_CHUNK {blockData=conID: 1 locID: 102650153377923575 bcsId: 0} | ret=SUCCESS |  
2019-08-20 16:03:57,640 | INFO  | DNAudit | user=null | ip=null | op=WRITE_CHUNK {blockData=conID: 1 locID: 102650153377923575 bcsId: 0} | ret=SUCCESS |  
2019-08-20 16:03:57,640 | INFO  | DNAudit | user=null | ip=null | op=PUT_BLOCK {blockData=[blockId=conID: 1 locID: 102650153377923575 bcsId: 0,size=1048576]} | ret=SUCCESS |  
2019-08-20 16:03:57,641 [grpc-default-executor-5] INFO  client.GrpcClientProtocolClient (GrpcClientProtocolClient.java:onNext(255)) - client-EAA342753240->9a4a4c23-9ff3-4ce3-a619-2c71c0869997: receive RaftClientReply:client-EAA342753240->9a4a4c23-9ff3-4ce3-a619-2c71c0869997@group-EC4211DF0353, cid=1596, SUCCESS, logIndex=2280, commits[9a4a4c23-9ff3-4ce3-a619-2c71c0869997:c2281, 9b0072ab-15b3-4973-9bcb-7fa02f6bfea9:c2279, 9f215ef2-7d46-4cda-b695-cae1b893f75f:c2279]
2019-08-20 16:03:57,641 | INFO  | DNAudit | user=null | ip=null | op=WRITE_CHUNK {blockData=conID: 1 locID: 102650153377923575 bcsId: 0} | ret=SUCCESS |  
2019-08-20 16:03:57,641 | INFO  | DNAudit | user=null | ip=null | op=PUT_BLOCK {blockData=[blockId=conID: 1 locID: 102650153377923575 bcsId: 0,size=2097152]} | ret=SUCCESS |  
2019-08-20 16:03:57,641 [grpc-default-executor-5] INFO  client.GrpcClientProtocolClient (GrpcClientProtocolClient.java:onNext(255)) - client-EAA342753240->9a4a4c23-9ff3-4ce3-a619-2c71c0869997: receive RaftClientReply:client-EAA342753240->9a4a4c23-9ff3-4ce3-a619-2c71c0869997@group-EC4211DF0353, cid=1597, SUCCESS, logIndex=2281, commits[9a4a4c23-9ff3-4ce3-a619-2c71c0869997:c2282, 9b0072ab-15b3-4973-9bcb-7fa02f6bfea9:c2279, 9f215ef2-7d46-4cda-b695-cae1b893f75f:c2279]
2019-08-20 16:03:57,642 [grpc-default-executor-5] INFO  client.GrpcClientProtocolClient (GrpcClientProtocolClient.java:onNext(255)) - client-EAA342753240->9a4a4c23-9ff3-4ce3-a619-2c71c0869997: receive RaftClientReply:client-EAA342753240->9a4a4c23-9ff3-4ce3-a619-2c71c0869997@group-EC4211DF0353, cid=1598, SUCCESS, logIndex=2282, commits[9a4a4c23-9ff3-4ce3-a619-2c71c0869997:c2283, 9b0072ab-15b3-4973-9bcb-7fa02f6bfea9:c2279, 9f215ef2-7d46-4cda-b695-cae1b893f75f:c2279]
2019-08-20 16:03:57,642 [grpc-default-executor-3] INFO  client.GrpcClientProtocolClient (GrpcClientProtocolClient.java:onNext(255)) - client-EAA342753240->9a4a4c23-9ff3-4ce3-a619-2c71c0869997: receive RaftClientReply:client-EAA342753240->9a4a4c23-9ff3-4ce3-a619-2c71c0869997@group-EC4211DF0353, cid=1599, SUCCESS, logIndex=2283, commits[9a4a4c23-9ff3-4ce3-a619-2c71c0869997:c2283, 9b0072ab-15b3-4973-9bcb-7fa02f6bfea9:c2279, 9f215ef2-7d46-4cda-b695-cae1b893f75f:c2279]
2019-08-20 16:03:57,642 | INFO  | DNAudit | user=null | ip=null | op=WRITE_CHUNK {blockData=conID: 1 locID: 102650153377923575 bcsId: 0} | ret=SUCCESS |  
2019-08-20 16:03:57,642 | INFO  | DNAudit | user=null | ip=null | op=PUT_BLOCK {blockData=[blockId=conID: 1 locID: 102650153377923575 bcsId: 0,size=1048576]} | ret=SUCCESS |  
2019-08-20 16:03:57,643 | INFO  | DNAudit | user=null | ip=null | op=WRITE_CHUNK {blockData=conID: 1 locID: 102650153377923575 bcsId: 0} | ret=SUCCESS |  
2019-08-20 16:03:57,643 | INFO  | DNAudit | user=null | ip=null | op=PUT_BLOCK {blockData=[blockId=conID: 1 locID: 102650153377923575 bcsId: 0,size=1048576]} | ret=SUCCESS |  
2019-08-20 16:03:57,643 | INFO  | DNAudit | user=null | ip=null | op=WRITE_CHUNK {blockData=conID: 1 locID: 102650153377923575 bcsId: 0} | ret=SUCCESS |  
2019-08-20 16:03:57,643 [grpc-default-executor-3] INFO  client.GrpcClientProtocolClient (GrpcClientProtocolClient.java:onNext(255)) - client-EAA342753240->9a4a4c23-9ff3-4ce3-a619-2c71c0869997: receive RaftClientReply:client-EAA342753240->9a4a4c23-9ff3-4ce3-a619-2c71c0869997@group-EC4211DF0353, cid=1600, SUCCESS, logIndex=0, commits[9a4a4c23-9ff3-4ce3-a619-2c71c0869997:c2285, 9b0072ab-15b3-4973-9bcb-7fa02f6bfea9:c2281, 9f215ef2-7d46-4cda-b695-cae1b893f75f:c2281]
2019-08-20 16:03:57,643 | INFO  | DNAudit | user=null | ip=null | op=WRITE_CHUNK {blockData=conID: 1 locID: 102650153377923575 bcsId: 0} | ret=SUCCESS |  
2019-08-20 16:03:57,644 | INFO  | DNAudit | user=null | ip=null | op=PUT_BLOCK {blockData=[blockId=conID: 1 locID: 102650153377923575 bcsId: 0,size=2097152]} | ret=SUCCESS |  
2019-08-20 16:03:57,644 | INFO  | DNAudit | user=null | ip=null | op=PUT_BLOCK {blockData=[blockId=conID: 1 locID: 102650153377923575 bcsId: 0,size=2097152]} | ret=SUCCESS |  
2019-08-20 16:03:57,648 | INFO  | DNAudit | user=null | ip=null | op=WRITE_CHUNK {blockData=conID: 1 locID: 102650153377923575 bcsId: 2283} | ret=SUCCESS |  
2019-08-20 16:03:57,650 | INFO  | DNAudit | user=null | ip=null | op=WRITE_CHUNK {blockData=conID: 1 locID: 102650153377923575 bcsId: 2283} | ret=SUCCESS |  
2019-08-20 16:03:57,650 | INFO  | DNAudit | user=null | ip=null | op=WRITE_CHUNK {blockData=conID: 1 locID: 102650153377923575 bcsId: 2283} | ret=SUCCESS |  
2019-08-20 16:03:57,661 | INFO  | DNAudit | user=null | ip=null | op=WRITE_CHUNK {blockData=conID: 1 locID: 102650153377923575 bcsId: 2283} | ret=SUCCESS |  
2019-08-20 16:03:57,661 | INFO  | DNAudit | user=null | ip=null | op=PUT_BLOCK {blockData=[blockId=conID: 1 locID: 102650153377923575 bcsId: 0,size=3145728]} | ret=SUCCESS |  
2019-08-20 16:03:57,661 [grpc-default-executor-6] INFO  client.GrpcClientProtocolClient (GrpcClientProtocolClient.java:onNext(255)) - client-EAA342753240->9a4a4c23-9ff3-4ce3-a619-2c71c0869997: receive RaftClientReply:client-EAA342753240->9a4a4c23-9ff3-4ce3-a619-2c71c0869997@group-EC4211DF0353, cid=1601, SUCCESS, logIndex=2288, commits[9a4a4c23-9ff3-4ce3-a619-2c71c0869997:c2289, 9b0072ab-15b3-4973-9bcb-7fa02f6bfea9:c2287, 9f215ef2-7d46-4cda-b695-cae1b893f75f:c2287]
2019-08-20 16:03:57,662 [grpc-default-executor-6] INFO  client.GrpcClientProtocolClient (GrpcClientProtocolClient.java:onNext(255)) - client-EAA342753240->9a4a4c23-9ff3-4ce3-a619-2c71c0869997: receive RaftClientReply:client-EAA342753240->9a4a4c23-9ff3-4ce3-a619-2c71c0869997@group-EC4211DF0353, cid=1602, SUCCESS, logIndex=2289, commits[9a4a4c23-9ff3-4ce3-a619-2c71c0869997:c2289, 9b0072ab-15b3-4973-9bcb-7fa02f6bfea9:c2287, 9f215ef2-7d46-4cda-b695-cae1b893f75f:c2287]
2019-08-20 16:03:57,667 | INFO  | DNAudit | user=null | ip=null | op=WRITE_CHUNK {blockData=conID: 1 locID: 102650153377923575 bcsId: 2289} | ret=SUCCESS |  
2019-08-20 16:03:57,669 | INFO  | DNAudit | user=null | ip=null | op=WRITE_CHUNK {blockData=conID: 1 locID: 102650153377923575 bcsId: 2289} | ret=SUCCESS |  
2019-08-20 16:03:57,669 | INFO  | DNAudit | user=null | ip=null | op=WRITE_CHUNK {blockData=conID: 1 locID: 102650153377923575 bcsId: 2289} | ret=SUCCESS |  
2019-08-20 16:03:57,673 | INFO  | DNAudit | user=null | ip=null | op=WRITE_CHUNK {blockData=conID: 1 locID: 102650153377923575 bcsId: 2283} | ret=SUCCESS |  
2019-08-20 16:03:57,673 | INFO  | DNAudit | user=null | ip=null | op=WRITE_CHUNK {blockData=conID: 1 locID: 102650153377923575 bcsId: 2283} | ret=SUCCESS |  
2019-08-20 16:03:57,674 | INFO  | DNAudit | user=null | ip=null | op=PUT_BLOCK {blockData=[blockId=conID: 1 locID: 102650153377923575 bcsId: 0,size=3145728]} | ret=SUCCESS |  
2019-08-20 16:03:57,674 | INFO  | DNAudit | user=null | ip=null | op=PUT_BLOCK {blockData=[blockId=conID: 1 locID: 102650153377923575 bcsId: 0,size=3145728]} | ret=SUCCESS |  
2019-08-20 16:03:57,674 | INFO  | DNAudit | user=null | ip=null | op=WRITE_CHUNK {blockData=conID: 1 locID: 102650153377923575 bcsId: 2289} | ret=SUCCESS |  
2019-08-20 16:03:57,674 | INFO  | DNAudit | user=null | ip=null | op=PUT_BLOCK {blockData=[blockId=conID: 1 locID: 102650153377923575 bcsId: 0,size=4194304]} | ret=SUCCESS |  
2019-08-20 16:03:57,674 [grpc-default-executor-6] INFO  client.GrpcClientProtocolClient (GrpcClientProtocolClient.java:onNext(255)) - client-EAA342753240->9a4a4c23-9ff3-4ce3-a619-2c71c0869997: receive RaftClientReply:client-EAA342753240->9a4a4c23-9ff3-4ce3-a619-2c71c0869997@group-EC4211DF0353, cid=1603, SUCCESS, logIndex=2292, commits[9a4a4c23-9ff3-4ce3-a619-2c71c0869997:c2293, 9b0072ab-15b3-4973-9bcb-7fa02f6bfea9:c2289, 9f215ef2-7d46-4cda-b695-cae1b893f75f:c2289]
2019-08-20 16:03:57,675 [grpc-default-executor-6] INFO  client.GrpcClientProtocolClient (GrpcClientProtocolClient.java:onNext(255)) - client-EAA342753240->9a4a4c23-9ff3-4ce3-a619-2c71c0869997: receive RaftClientReply:client-EAA342753240->9a4a4c23-9ff3-4ce3-a619-2c71c0869997@group-EC4211DF0353, cid=1604, SUCCESS, logIndex=2293, commits[9a4a4c23-9ff3-4ce3-a619-2c71c0869997:c2293, 9b0072ab-15b3-4973-9bcb-7fa02f6bfea9:c2289, 9f215ef2-7d46-4cda-b695-cae1b893f75f:c2289]
2019-08-20 16:03:57,685 | INFO  | DNAudit | user=null | ip=null | op=WRITE_CHUNK {blockData=conID: 1 locID: 102650153377923575 bcsId: 2289} | ret=SUCCESS |  
2019-08-20 16:03:57,685 | INFO  | DNAudit | user=null | ip=null | op=WRITE_CHUNK {blockData=conID: 1 locID: 102650153377923575 bcsId: 2289} | ret=SUCCESS |  
2019-08-20 16:03:57,686 | INFO  | DNAudit | user=null | ip=null | op=PUT_BLOCK {blockData=[blockId=conID: 1 locID: 102650153377923575 bcsId: 0,size=4194304]} | ret=SUCCESS |  
2019-08-20 16:03:57,686 | INFO  | DNAudit | user=null | ip=null | op=PUT_BLOCK {blockData=[blockId=conID: 1 locID: 102650153377923575 bcsId: 0,size=4194304]} | ret=SUCCESS |  
2019-08-20 16:03:57,687 [grpc-default-executor-6] INFO  client.GrpcClientProtocolClient (GrpcClientProtocolClient.java:onNext(255)) - client-EAA342753240->9a4a4c23-9ff3-4ce3-a619-2c71c0869997: receive RaftClientReply:client-EAA342753240->9a4a4c23-9ff3-4ce3-a619-2c71c0869997@group-EC4211DF0353, cid=1605, SUCCESS, logIndex=0, commits[9a4a4c23-9ff3-4ce3-a619-2c71c0869997:c2295, 9b0072ab-15b3-4973-9bcb-7fa02f6bfea9:c2293, 9f215ef2-7d46-4cda-b695-cae1b893f75f:c2293]
2019-08-20 16:03:57,690 | INFO  | SCMAudit | user=jenkins1000 | ip=192.168.69.96 | op=ALLOCATE_BLOCK {owner=ea4851f9-218c-4af7-91b4-edb777a4888c, size=4194304, type=RATIS, factor=THREE} | ret=SUCCESS |  
2019-08-20 16:03:57,692 | INFO  | OMAudit | user=jenkins1000 | ip=127.0.0.1 | op=ALLOCATE_BLOCK {volume=vol-0-94146, bucket=bucket-0-90789, key=key-0-25609, dataSize=0, replicationType=null, replicationFactor=null, keyLocationInfo=null, clientID=102650152704082322} | ret=SUCCESS |  
2019-08-20 16:03:57,698 | INFO  | DNAudit | user=null | ip=null | op=WRITE_CHUNK {blockData=conID: 2 locID: 102650153382052344 bcsId: 0} | ret=SUCCESS |  
2019-08-20 16:03:57,699 | INFO  | DNAudit | user=null | ip=null | op=WRITE_CHUNK {blockData=conID: 2 locID: 102650153382052344 bcsId: 0} | ret=SUCCESS |  
2019-08-20 16:03:57,699 | INFO  | DNAudit | user=null | ip=null | op=WRITE_CHUNK {blockData=conID: 2 locID: 102650153382052344 bcsId: 0} | ret=SUCCESS |  
2019-08-20 16:03:57,700 | INFO  | DNAudit | user=null | ip=null | op=WRITE_CHUNK {blockData=conID: 2 locID: 102650153382052344 bcsId: 0} | ret=SUCCESS |  
2019-08-20 16:03:57,701 | INFO  | DNAudit | user=null | ip=null | op=WRITE_CHUNK {blockData=conID: 2 locID: 102650153382052344 bcsId: 0} | ret=SUCCESS |  
2019-08-20 16:03:57,701 | INFO  | DNAudit | user=null | ip=null | op=WRITE_CHUNK {blockData=conID: 2 locID: 102650153382052344 bcsId: 0} | ret=SUCCESS |  
2019-08-20 16:03:57,704 | INFO  | DNAudit | user=null | ip=null | op=WRITE_CHUNK {blockData=conID: 2 locID: 102650153382052344 bcsId: 0} | ret=SUCCESS |  
2019-08-20 16:03:57,704 | INFO  | DNAudit | user=null | ip=null | op=PUT_BLOCK {blockData=[blockId=conID: 2 locID: 102650153382052344 bcsId: 0,size=1048576]} | ret=SUCCESS |  
2019-08-20 16:03:57,704 [grpc-default-executor-3] INFO  client.GrpcClientProtocolClient (GrpcClientProtocolClient.java:onNext(255)) - client-EAA342753240->9a4a4c23-9ff3-4ce3-a619-2c71c0869997: receive RaftClientReply:client-EAA342753240->9a4a4c23-9ff3-4ce3-a619-2c71c0869997@group-EC4211DF0353, cid=1606, SUCCESS, logIndex=2296, commits[9a4a4c23-9ff3-4ce3-a619-2c71c0869997:c2299, 9b0072ab-15b3-4973-9bcb-7fa02f6bfea9:c2295, 9f215ef2-7d46-4cda-b695-cae1b893f75f:c2295]
2019-08-20 16:03:57,704 | INFO  | DNAudit | user=null | ip=null | op=WRITE_CHUNK {blockData=conID: 2 locID: 102650153382052344 bcsId: 0} | ret=SUCCESS |  
2019-08-20 16:03:57,705 | INFO  | DNAudit | user=null | ip=null | op=PUT_BLOCK {blockData=[blockId=conID: 2 locID: 102650153382052344 bcsId: 0,size=2097152]} | ret=SUCCESS |  
2019-08-20 16:03:57,705 [grpc-default-executor-3] INFO  client.GrpcClientProtocolClient (GrpcClientProtocolClient.java:onNext(255)) - client-EAA342753240->9a4a4c23-9ff3-4ce3-a619-2c71c0869997: receive RaftClientReply:client-EAA342753240->9a4a4c23-9ff3-4ce3-a619-2c71c0869997@group-EC4211DF0353, cid=1607, SUCCESS, logIndex=2297, commits[9a4a4c23-9ff3-4ce3-a619-2c71c0869997:c2299, 9b0072ab-15b3-4973-9bcb-7fa02f6bfea9:c2295, 9f215ef2-7d46-4cda-b695-cae1b893f75f:c2295]
2019-08-20 16:03:57,705 [grpc-default-executor-3] INFO  client.GrpcClientProtocolClient (GrpcClientProtocolClient.java:onNext(255)) - client-EAA342753240->9a4a4c23-9ff3-4ce3-a619-2c71c0869997: receive RaftClientReply:client-EAA342753240->9a4a4c23-9ff3-4ce3-a619-2c71c0869997@group-EC4211DF0353, cid=1608, SUCCESS, logIndex=2298, commits[9a4a4c23-9ff3-4ce3-a619-2c71c0869997:c2299, 9b0072ab-15b3-4973-9bcb-7fa02f6bfea9:c2295, 9f215ef2-7d46-4cda-b695-cae1b893f75f:c2295]
2019-08-20 16:03:57,705 [grpc-default-executor-3] INFO  client.GrpcClientProtocolClient (GrpcClientProtocolClient.java:onNext(255)) - client-EAA342753240->9a4a4c23-9ff3-4ce3-a619-2c71c0869997: receive RaftClientReply:client-EAA342753240->9a4a4c23-9ff3-4ce3-a619-2c71c0869997@group-EC4211DF0353, cid=1609, SUCCESS, logIndex=2299, commits[9a4a4c23-9ff3-4ce3-a619-2c71c0869997:c2299, 9b0072ab-15b3-4973-9bcb-7fa02f6bfea9:c2295, 9f215ef2-7d46-4cda-b695-cae1b893f75f:c2295]
2019-08-20 16:03:57,715 | INFO  | DNAudit | user=null | ip=null | op=WRITE_CHUNK {blockData=conID: 2 locID: 102650153382052344 bcsId: 0} | ret=SUCCESS |  
2019-08-20 16:03:57,715 | INFO  | DNAudit | user=null | ip=null | op=WRITE_CHUNK {blockData=conID: 2 locID: 102650153382052344 bcsId: 0} | ret=SUCCESS |  
2019-08-20 16:03:57,716 | INFO  | DNAudit | user=null | ip=null | op=PUT_BLOCK {blockData=[blockId=conID: 2 locID: 102650153382052344 bcsId: 0,size=1048576]} | ret=SUCCESS |  
2019-08-20 16:03:57,716 | INFO  | DNAudit | user=null | ip=null | op=PUT_BLOCK {blockData=[blockId=conID: 2 locID: 102650153382052344 bcsId: 0,size=1048576]} | ret=SUCCESS |  
2019-08-20 16:03:57,717 | INFO  | DNAudit | user=null | ip=null | op=WRITE_CHUNK {blockData=conID: 2 locID: 102650153382052344 bcsId: 0} | ret=SUCCESS |  
2019-08-20 16:03:57,717 | INFO  | DNAudit | user=null | ip=null | op=WRITE_CHUNK {blockData=conID: 2 locID: 102650153382052344 bcsId: 0} | ret=SUCCESS |  
2019-08-20 16:03:57,717 | INFO  | DNAudit | user=null | ip=null | op=PUT_BLOCK {blockData=[blockId=conID: 2 locID: 102650153382052344 bcsId: 0,size=2097152]} | ret=SUCCESS |  
2019-08-20 16:03:57,717 | INFO  | DNAudit | user=null | ip=null | op=PUT_BLOCK {blockData=[blockId=conID: 2 locID: 102650153382052344 bcsId: 0,size=2097152]} | ret=SUCCESS |  
2019-08-20 16:03:57,717 [grpc-default-executor-3] INFO  client.GrpcClientProtocolClient (GrpcClientProtocolClient.java:onNext(255)) - client-EAA342753240->9a4a4c23-9ff3-4ce3-a619-2c71c0869997: receive RaftClientReply:client-EAA342753240->9a4a4c23-9ff3-4ce3-a619-2c71c0869997@group-EC4211DF0353, cid=1610, SUCCESS, logIndex=0, commits[9a4a4c23-9ff3-4ce3-a619-2c71c0869997:c2301, 9b0072ab-15b3-4973-9bcb-7fa02f6bfea9:c2297, 9f215ef2-7d46-4cda-b695-cae1b893f75f:c2297]
2019-08-20 16:03:57,722 | INFO  | DNAudit | user=null | ip=null | op=WRITE_CHUNK {blockData=conID: 2 locID: 102650153382052344 bcsId: 2299} | ret=SUCCESS |  
2019-08-20 16:03:57,724 | INFO  | DNAudit | user=null | ip=null | op=WRITE_CHUNK {blockData=conID: 2 locID: 102650153382052344 bcsId: 2299} | ret=SUCCESS |  
2019-08-20 16:03:57,724 | INFO  | DNAudit | user=null | ip=null | op=WRITE_CHUNK {blockData=conID: 2 locID: 102650153382052344 bcsId: 2299} | ret=SUCCESS |  
2019-08-20 16:03:57,735 | INFO  | DNAudit | user=null | ip=null | op=WRITE_CHUNK {blockData=conID: 2 locID: 102650153382052344 bcsId: 2299} | ret=SUCCESS |  
2019-08-20 16:03:57,735 | INFO  | DNAudit | user=null | ip=null | op=PUT_BLOCK {blockData=[blockId=conID: 2 locID: 102650153382052344 bcsId: 0,size=3145728]} | ret=SUCCESS |  
2019-08-20 16:03:57,735 [grpc-default-executor-3] INFO  client.GrpcClientProtocolClient (GrpcClientProtocolClient.java:onNext(255)) - client-EAA342753240->9a4a4c23-9ff3-4ce3-a619-2c71c0869997: receive RaftClientReply:client-EAA342753240->9a4a4c23-9ff3-4ce3-a619-2c71c0869997@group-EC4211DF0353, cid=1611, SUCCESS, logIndex=2304, commits[9a4a4c23-9ff3-4ce3-a619-2c71c0869997:c2305, 9b0072ab-15b3-4973-9bcb-7fa02f6bfea9:c2303, 9f215ef2-7d46-4cda-b695-cae1b893f75f:c2303]
2019-08-20 16:03:57,736 [grpc-default-executor-3] INFO  client.GrpcClientProtocolClient (GrpcClientProtocolClient.java:onNext(255)) - client-EAA342753240->9a4a4c23-9ff3-4ce3-a619-2c71c0869997: receive RaftClientReply:client-EAA342753240->9a4a4c23-9ff3-4ce3-a619-2c71c0869997@group-EC4211DF0353, cid=1612, SUCCESS, logIndex=2305, commits[9a4a4c23-9ff3-4ce3-a619-2c71c0869997:c2305, 9b0072ab-15b3-4973-9bcb-7fa02f6bfea9:c2303, 9f215ef2-7d46-4cda-b695-cae1b893f75f:c2303]
2019-08-20 16:03:57,741 | INFO  | DNAudit | user=null | ip=null | op=WRITE_CHUNK {blockData=conID: 2 locID: 102650153382052344 bcsId: 2305} | ret=SUCCESS |  
2019-08-20 16:03:57,743 | INFO  | DNAudit | user=null | ip=null | op=WRITE_CHUNK {blockData=conID: 2 locID: 102650153382052344 bcsId: 2305} | ret=SUCCESS |  
2019-08-20 16:03:57,743 | INFO  | DNAudit | user=null | ip=null | op=WRITE_CHUNK {blockData=conID: 2 locID: 102650153382052344 bcsId: 2305} | ret=SUCCESS |  
2019-08-20 16:03:57,746 | INFO  | DNAudit | user=null | ip=null | op=WRITE_CHUNK {blockData=conID: 2 locID: 102650153382052344 bcsId: 2299} | ret=SUCCESS |  
2019-08-20 16:03:57,746 | INFO  | DNAudit | user=null | ip=null | op=WRITE_CHUNK {blockData=conID: 2 locID: 102650153382052344 bcsId: 2299} | ret=SUCCESS |  
2019-08-20 16:03:57,748 | INFO  | DNAudit | user=null | ip=null | op=PUT_BLOCK {blockData=[blockId=conID: 2 locID: 102650153382052344 bcsId: 0,size=3145728]} | ret=SUCCESS |  
2019-08-20 16:03:57,748 | INFO  | DNAudit | user=null | ip=null | op=PUT_BLOCK {blockData=[blockId=conID: 2 locID: 102650153382052344 bcsId: 0,size=3145728]} | ret=SUCCESS |  
2019-08-20 16:03:57,748 | INFO  | DNAudit | user=null | ip=null | op=WRITE_CHUNK {blockData=conID: 2 locID: 102650153382052344 bcsId: 2305} | ret=SUCCESS |  
2019-08-20 16:03:57,748 | INFO  | DNAudit | user=null | ip=null | op=PUT_BLOCK {blockData=[blockId=conID: 2 locID: 102650153382052344 bcsId: 0,size=4194304]} | ret=SUCCESS |  
2019-08-20 16:03:57,748 [grpc-default-executor-3] INFO  client.GrpcClientProtocolClient (GrpcClientProtocolClient.java:onNext(255)) - client-EAA342753240->9a4a4c23-9ff3-4ce3-a619-2c71c0869997: receive RaftClientReply:client-EAA342753240->9a4a4c23-9ff3-4ce3-a619-2c71c0869997@group-EC4211DF0353, cid=1613, SUCCESS, logIndex=2308, commits[9a4a4c23-9ff3-4ce3-a619-2c71c0869997:c2309, 9b0072ab-15b3-4973-9bcb-7fa02f6bfea9:c2305, 9f215ef2-7d46-4cda-b695-cae1b893f75f:c2305]
2019-08-20 16:03:57,749 [grpc-default-executor-3] INFO  client.GrpcClientProtocolClient (GrpcClientProtocolClient.java:onNext(255)) - client-EAA342753240->9a4a4c23-9ff3-4ce3-a619-2c71c0869997: receive RaftClientReply:client-EAA342753240->9a4a4c23-9ff3-4ce3-a619-2c71c0869997@group-EC4211DF0353, cid=1614, SUCCESS, logIndex=2309, commits[9a4a4c23-9ff3-4ce3-a619-2c71c0869997:c2309, 9b0072ab-15b3-4973-9bcb-7fa02f6bfea9:c2305, 9f215ef2-7d46-4cda-b695-cae1b893f75f:c2305]
2019-08-20 16:03:57,760 | INFO  | DNAudit | user=null | ip=null | op=WRITE_CHUNK {blockData=conID: 2 locID: 102650153382052344 bcsId: 2305} | ret=SUCCESS |  
2019-08-20 16:03:57,760 | INFO  | DNAudit | user=null | ip=null | op=WRITE_CHUNK {blockData=conID: 2 locID: 102650153382052344 bcsId: 2305} | ret=SUCCESS |  
2019-08-20 16:03:57,761 | INFO  | DNAudit | user=null | ip=null | op=PUT_BLOCK {blockData=[blockId=conID: 2 locID: 102650153382052344 bcsId: 0,size=4194304]} | ret=SUCCESS |  
2019-08-20 16:03:57,761 | INFO  | DNAudit | user=null | ip=null | op=PUT_BLOCK {blockData=[blockId=conID: 2 locID: 102650153382052344 bcsId: 0,size=4194304]} | ret=SUCCESS |  
2019-08-20 16:03:57,761 [grpc-default-executor-3] INFO  client.GrpcClientProtocolClient (GrpcClientProtocolClient.java:onNext(255)) - client-EAA342753240->9a4a4c23-9ff3-4ce3-a619-2c71c0869997: receive RaftClientReply:client-EAA342753240->9a4a4c23-9ff3-4ce3-a619-2c71c0869997@group-EC4211DF0353, cid=1615, SUCCESS, logIndex=0, commits[9a4a4c23-9ff3-4ce3-a619-2c71c0869997:c2311, 9b0072ab-15b3-4973-9bcb-7fa02f6bfea9:c2309, 9f215ef2-7d46-4cda-b695-cae1b893f75f:c2309]
2019-08-20 16:03:57,764 | INFO  | SCMAudit | user=jenkins1000 | ip=192.168.69.96 | op=ALLOCATE_BLOCK {owner=ea4851f9-218c-4af7-91b4-edb777a4888c, size=4194304, type=RATIS, factor=THREE} | ret=SUCCESS |  
2019-08-20 16:03:57,767 | INFO  | OMAudit | user=jenkins1000 | ip=127.0.0.1 | op=ALLOCATE_BLOCK {volume=vol-0-94146, bucket=bucket-0-90789, key=key-0-25609, dataSize=0, replicationType=null, replicationFactor=null, keyLocationInfo=null, clientID=102650152704082322} | ret=SUCCESS |  
2019-08-20 16:03:57,772 | INFO  | DNAudit | user=null | ip=null | op=WRITE_CHUNK {blockData=conID: 3 locID: 102650153386902009 bcsId: 0} | ret=SUCCESS |  
2019-08-20 16:03:57,774 | INFO  | DNAudit | user=null | ip=null | op=WRITE_CHUNK {blockData=conID: 3 locID: 102650153386902009 bcsId: 0} | ret=SUCCESS |  
2019-08-20 16:03:57,774 | INFO  | DNAudit | user=null | ip=null | op=WRITE_CHUNK {blockData=conID: 3 locID: 102650153386902009 bcsId: 0} | ret=SUCCESS |  
2019-08-20 16:03:57,775 | INFO  | DNAudit | user=null | ip=null | op=WRITE_CHUNK {blockData=conID: 3 locID: 102650153386902009 bcsId: 0} | ret=SUCCESS |  
2019-08-20 16:03:57,776 | INFO  | DNAudit | user=null | ip=null | op=WRITE_CHUNK {blockData=conID: 3 locID: 102650153386902009 bcsId: 0} | ret=SUCCESS |  
2019-08-20 16:03:57,776 | INFO  | DNAudit | user=null | ip=null | op=WRITE_CHUNK {blockData=conID: 3 locID: 102650153386902009 bcsId: 0} | ret=SUCCESS |  
2019-08-20 16:03:57,785 | INFO  | DNAudit | user=null | ip=null | op=WRITE_CHUNK {blockData=conID: 3 locID: 102650153386902009 bcsId: 0} | ret=SUCCESS |  
2019-08-20 16:03:57,785 | INFO  | DNAudit | user=null | ip=null | op=PUT_BLOCK {blockData=[blockId=conID: 3 locID: 102650153386902009 bcsId: 0,size=1048576]} | ret=SUCCESS |  
2019-08-20 16:03:57,785 [grpc-default-executor-3] INFO  client.GrpcClientProtocolClient (GrpcClientProtocolClient.java:onNext(255)) - client-EAA342753240->9a4a4c23-9ff3-4ce3-a619-2c71c0869997: receive RaftClientReply:client-EAA342753240->9a4a4c23-9ff3-4ce3-a619-2c71c0869997@group-EC4211DF0353, cid=1616, SUCCESS, logIndex=2312, commits[9a4a4c23-9ff3-4ce3-a619-2c71c0869997:c2314, 9b0072ab-15b3-4973-9bcb-7fa02f6bfea9:c2311, 9f215ef2-7d46-4cda-b695-cae1b893f75f:c2311]
2019-08-20 16:03:57,786 | INFO  | DNAudit | user=null | ip=null | op=WRITE_CHUNK {blockData=conID: 3 locID: 102650153386902009 bcsId: 0} | ret=SUCCESS |  
2019-08-20 16:03:57,786 [grpc-default-executor-3] INFO  client.GrpcClientProtocolClient (GrpcClientProtocolClient.java:onNext(255)) - client-EAA342753240->9a4a4c23-9ff3-4ce3-a619-2c71c0869997: receive RaftClientReply:client-EAA342753240->9a4a4c23-9ff3-4ce3-a619-2c71c0869997@group-EC4211DF0353, cid=1617, SUCCESS, logIndex=2313, commits[9a4a4c23-9ff3-4ce3-a619-2c71c0869997:c2315, 9b0072ab-15b3-4973-9bcb-7fa02f6bfea9:c2311, 9f215ef2-7d46-4cda-b695-cae1b893f75f:c2311]
2019-08-20 16:03:57,786 | INFO  | DNAudit | user=null | ip=null | op=PUT_BLOCK {blockData=[blockId=conID: 3 locID: 102650153386902009 bcsId: 0,size=2097152]} | ret=SUCCESS |  
2019-08-20 16:03:57,786 | INFO  | DNAudit | user=null | ip=null | op=WRITE_CHUNK {blockData=conID: 3 locID: 102650153386902009 bcsId: 0} | ret=SUCCESS |  
2019-08-20 16:03:57,786 [grpc-default-executor-3] INFO  client.GrpcClientProtocolClient (GrpcClientProtocolClient.java:onNext(255)) - client-EAA342753240->9a4a4c23-9ff3-4ce3-a619-2c71c0869997: receive RaftClientReply:client-EAA342753240->9a4a4c23-9ff3-4ce3-a619-2c71c0869997@group-EC4211DF0353, cid=1618, SUCCESS, logIndex=2314, commits[9a4a4c23-9ff3-4ce3-a619-2c71c0869997:c2315, 9b0072ab-15b3-4973-9bcb-7fa02f6bfea9:c2311, 9f215ef2-7d46-4cda-b695-cae1b893f75f:c2311]
2019-08-20 16:03:57,786 | INFO  | DNAudit | user=null | ip=null | op=WRITE_CHUNK {blockData=conID: 3 locID: 102650153386902009 bcsId: 0} | ret=SUCCESS |  
2019-08-20 16:03:57,786 | INFO  | DNAudit | user=null | ip=null | op=PUT_BLOCK {blockData=[blockId=conID: 3 locID: 102650153386902009 bcsId: 0,size=1048576]} | ret=SUCCESS |  
2019-08-20 16:03:57,786 [grpc-default-executor-3] INFO  client.GrpcClientProtocolClient (GrpcClientProtocolClient.java:onNext(255)) - client-EAA342753240->9a4a4c23-9ff3-4ce3-a619-2c71c0869997: receive RaftClientReply:client-EAA342753240->9a4a4c23-9ff3-4ce3-a619-2c71c0869997@group-EC4211DF0353, cid=1619, SUCCESS, logIndex=2315, commits[9a4a4c23-9ff3-4ce3-a619-2c71c0869997:c2316, 9b0072ab-15b3-4973-9bcb-7fa02f6bfea9:c2313, 9f215ef2-7d46-4cda-b695-cae1b893f75f:c2311]
2019-08-20 16:03:57,786 | INFO  | DNAudit | user=null | ip=null | op=PUT_BLOCK {blockData=[blockId=conID: 3 locID: 102650153386902009 bcsId: 0,size=1048576]} | ret=SUCCESS |  
2019-08-20 16:03:57,787 [grpc-default-executor-3] INFO  client.GrpcClientProtocolClient (GrpcClientProtocolClient.java:onNext(255)) - client-EAA342753240->9a4a4c23-9ff3-4ce3-a619-2c71c0869997: receive RaftClientReply:client-EAA342753240->9a4a4c23-9ff3-4ce3-a619-2c71c0869997@group-EC4211DF0353, cid=1620, SUCCESS, logIndex=0, commits[9a4a4c23-9ff3-4ce3-a619-2c71c0869997:c2316, 9b0072ab-15b3-4973-9bcb-7fa02f6bfea9:c2313, 9f215ef2-7d46-4cda-b695-cae1b893f75f:c2313]
2019-08-20 16:03:57,787 | INFO  | DNAudit | user=null | ip=null | op=WRITE_CHUNK {blockData=conID: 3 locID: 102650153386902009 bcsId: 0} | ret=SUCCESS |  
2019-08-20 16:03:57,787 | INFO  | DNAudit | user=null | ip=null | op=PUT_BLOCK {blockData=[blockId=conID: 3 locID: 102650153386902009 bcsId: 0,size=2097152]} | ret=SUCCESS |  
2019-08-20 16:03:57,787 | INFO  | DNAudit | user=null | ip=null | op=WRITE_CHUNK {blockData=conID: 3 locID: 102650153386902009 bcsId: 0} | ret=SUCCESS |  
2019-08-20 16:03:57,788 | INFO  | DNAudit | user=null | ip=null | op=PUT_BLOCK {blockData=[blockId=conID: 3 locID: 102650153386902009 bcsId: 0,size=2097152]} | ret=SUCCESS |  
2019-08-20 16:03:57,793 | INFO  | DNAudit | user=null | ip=null | op=WRITE_CHUNK {blockData=conID: 3 locID: 102650153386902009 bcsId: 2315} | ret=SUCCESS |  
2019-08-20 16:03:57,794 | INFO  | DNAudit | user=null | ip=null | op=WRITE_CHUNK {blockData=conID: 3 locID: 102650153386902009 bcsId: 2315} | ret=SUCCESS |  
2019-08-20 16:03:57,794 | INFO  | DNAudit | user=null | ip=null | op=WRITE_CHUNK {blockData=conID: 3 locID: 102650153386902009 bcsId: 2315} | ret=SUCCESS |  
2019-08-20 16:03:57,805 | INFO  | DNAudit | user=null | ip=null | op=WRITE_CHUNK {blockData=conID: 3 locID: 102650153386902009 bcsId: 2315} | ret=SUCCESS |  
2019-08-20 16:03:57,805 | INFO  | DNAudit | user=null | ip=null | op=PUT_BLOCK {blockData=[blockId=conID: 3 locID: 102650153386902009 bcsId: 0,size=3145728]} | ret=SUCCESS |  
2019-08-20 16:03:57,805 [grpc-default-executor-3] INFO  client.GrpcClientProtocolClient (GrpcClientProtocolClient.java:onNext(255)) - client-EAA342753240->9a4a4c23-9ff3-4ce3-a619-2c71c0869997: receive RaftClientReply:client-EAA342753240->9a4a4c23-9ff3-4ce3-a619-2c71c0869997@group-EC4211DF0353, cid=1621, SUCCESS, logIndex=2320, commits[9a4a4c23-9ff3-4ce3-a619-2c71c0869997:c2321, 9b0072ab-15b3-4973-9bcb-7fa02f6bfea9:c2319, 9f215ef2-7d46-4cda-b695-cae1b893f75f:c2319]
2019-08-20 16:03:57,806 [grpc-default-executor-0] INFO  client.GrpcClientProtocolClient (GrpcClientProtocolClient.java:onNext(255)) - client-EAA342753240->9a4a4c23-9ff3-4ce3-a619-2c71c0869997: receive RaftClientReply:client-EAA342753240->9a4a4c23-9ff3-4ce3-a619-2c71c0869997@group-EC4211DF0353, cid=1622, SUCCESS, logIndex=2321, commits[9a4a4c23-9ff3-4ce3-a619-2c71c0869997:c2321, 9b0072ab-15b3-4973-9bcb-7fa02f6bfea9:c2319, 9f215ef2-7d46-4cda-b695-cae1b893f75f:c2319]
2019-08-20 16:03:57,807 | INFO  | DNAudit | user=null | ip=null | op=WRITE_CHUNK {blockData=conID: 3 locID: 102650153386902009 bcsId: 2315} | ret=SUCCESS |  
2019-08-20 16:03:57,807 | INFO  | DNAudit | user=null | ip=null | op=WRITE_CHUNK {blockData=conID: 3 locID: 102650153386902009 bcsId: 2315} | ret=SUCCESS |  
2019-08-20 16:03:57,808 | INFO  | DNAudit | user=null | ip=null | op=PUT_BLOCK {blockData=[blockId=conID: 3 locID: 102650153386902009 bcsId: 0,size=3145728]} | ret=SUCCESS |  
2019-08-20 16:03:57,808 | INFO  | DNAudit | user=null | ip=null | op=PUT_BLOCK {blockData=[blockId=conID: 3 locID: 102650153386902009 bcsId: 0,size=3145728]} | ret=SUCCESS |  
2019-08-20 16:03:57,811 | INFO  | DNAudit | user=null | ip=null | op=WRITE_CHUNK {blockData=conID: 3 locID: 102650153386902009 bcsId: 2321} | ret=SUCCESS |  
2019-08-20 16:03:57,813 | INFO  | DNAudit | user=null | ip=null | op=WRITE_CHUNK {blockData=conID: 3 locID: 102650153386902009 bcsId: 2321} | ret=SUCCESS |  
2019-08-20 16:03:57,813 | INFO  | DNAudit | user=null | ip=null | op=WRITE_CHUNK {blockData=conID: 3 locID: 102650153386902009 bcsId: 2321} | ret=SUCCESS |  
2019-08-20 16:03:57,815 | INFO  | DNAudit | user=null | ip=null | op=WRITE_CHUNK {blockData=conID: 3 locID: 102650153386902009 bcsId: 2321} | ret=SUCCESS |  
2019-08-20 16:03:57,815 | INFO  | DNAudit | user=null | ip=null | op=PUT_BLOCK {blockData=[blockId=conID: 3 locID: 102650153386902009 bcsId: 0,size=4194304]} | ret=SUCCESS |  
2019-08-20 16:03:57,815 [grpc-default-executor-0] INFO  client.GrpcClientProtocolClient (GrpcClientProtocolClient.java:onNext(255)) - client-EAA342753240->9a4a4c23-9ff3-4ce3-a619-2c71c0869997: receive RaftClientReply:client-EAA342753240->9a4a4c23-9ff3-4ce3-a619-2c71c0869997@group-EC4211DF0353, cid=1623, SUCCESS, logIndex=2324, commits[9a4a4c23-9ff3-4ce3-a619-2c71c0869997:c2325, 9b0072ab-15b3-4973-9bcb-7fa02f6bfea9:c2323, 9f215ef2-7d46-4cda-b695-cae1b893f75f:c2321]
2019-08-20 16:03:57,815 [grpc-default-executor-0] INFO  client.GrpcClientProtocolClient (GrpcClientProtocolClient.java:onNext(255)) - client-EAA342753240->9a4a4c23-9ff3-4ce3-a619-2c71c0869997: receive RaftClientReply:client-EAA342753240->9a4a4c23-9ff3-4ce3-a619-2c71c0869997@group-EC4211DF0353, cid=1624, SUCCESS, logIndex=2325, commits[9a4a4c23-9ff3-4ce3-a619-2c71c0869997:c2325, 9b0072ab-15b3-4973-9bcb-7fa02f6bfea9:c2323, 9f215ef2-7d46-4cda-b695-cae1b893f75f:c2323]
2019-08-20 16:03:57,816 | INFO  | DNAudit | user=null | ip=null | op=WRITE_CHUNK {blockData=conID: 3 locID: 102650153386902009 bcsId: 2321} | ret=SUCCESS |  
2019-08-20 16:03:57,816 | INFO  | DNAudit | user=null | ip=null | op=WRITE_CHUNK {blockData=conID: 3 locID: 102650153386902009 bcsId: 2321} | ret=SUCCESS |  
2019-08-20 16:03:57,816 | INFO  | DNAudit | user=null | ip=null | op=PUT_BLOCK {blockData=[blockId=conID: 3 locID: 102650153386902009 bcsId: 0,size=4194304]} | ret=SUCCESS |  
2019-08-20 16:03:57,816 | INFO  | DNAudit | user=null | ip=null | op=PUT_BLOCK {blockData=[blockId=conID: 3 locID: 102650153386902009 bcsId: 0,size=4194304]} | ret=SUCCESS |  
2019-08-20 16:03:57,816 [grpc-default-executor-0] INFO  client.GrpcClientProtocolClient (GrpcClientProtocolClient.java:onNext(255)) - client-EAA342753240->9a4a4c23-9ff3-4ce3-a619-2c71c0869997: receive RaftClientReply:client-EAA342753240->9a4a4c23-9ff3-4ce3-a619-2c71c0869997@group-EC4211DF0353, cid=1625, SUCCESS, logIndex=0, commits[9a4a4c23-9ff3-4ce3-a619-2c71c0869997:c2326, 9b0072ab-15b3-4973-9bcb-7fa02f6bfea9:c2325, 9f215ef2-7d46-4cda-b695-cae1b893f75f:c2325]
2019-08-20 16:03:57,820 | INFO  | SCMAudit | user=jenkins1000 | ip=192.168.69.96 | op=ALLOCATE_BLOCK {owner=ea4851f9-218c-4af7-91b4-edb777a4888c, size=4194304, type=RATIS, factor=THREE} | ret=SUCCESS |  
2019-08-20 16:03:57,822 | INFO  | OMAudit | user=jenkins1000 | ip=127.0.0.1 | op=ALLOCATE_BLOCK {volume=vol-0-94146, bucket=bucket-0-90789, key=key-0-25609, dataSize=0, replicationType=null, replicationFactor=null, keyLocationInfo=null, clientID=102650152704082322} | ret=SUCCESS |  
2019-08-20 16:03:57,827 | INFO  | DNAudit | user=null | ip=null | op=WRITE_CHUNK {blockData=conID: 1 locID: 102650153390572026 bcsId: 0} | ret=SUCCESS |  
2019-08-20 16:03:57,829 | INFO  | DNAudit | user=null | ip=null | op=WRITE_CHUNK {blockData=conID: 1 locID: 102650153390572026 bcsId: 0} | ret=SUCCESS |  
2019-08-20 16:03:57,829 | INFO  | DNAudit | user=null | ip=null | op=WRITE_CHUNK {blockData=conID: 1 locID: 102650153390572026 bcsId: 0} | ret=SUCCESS |  
2019-08-20 16:03:57,829 | INFO  | DNAudit | user=null | ip=null | op=WRITE_CHUNK {blockData=conID: 1 locID: 102650153390572026 bcsId: 0} | ret=SUCCESS |  
2019-08-20 16:03:57,831 | INFO  | DNAudit | user=null | ip=null | op=WRITE_CHUNK {blockData=conID: 1 locID: 102650153390572026 bcsId: 0} | ret=SUCCESS |  
2019-08-20 16:03:57,831 | INFO  | DNAudit | user=null | ip=null | op=WRITE_CHUNK {blockData=conID: 1 locID: 102650153390572026 bcsId: 0} | ret=SUCCESS |  
2019-08-20 16:03:57,832 | INFO  | DNAudit | user=null | ip=null | op=WRITE_CHUNK {blockData=conID: 1 locID: 102650153390572026 bcsId: 0} | ret=SUCCESS |  
2019-08-20 16:03:57,833 | INFO  | DNAudit | user=null | ip=null | op=PUT_BLOCK {blockData=[blockId=conID: 1 locID: 102650153390572026 bcsId: 0,size=1048576]} | ret=SUCCESS |  
2019-08-20 16:03:57,833 [grpc-default-executor-0] INFO  client.GrpcClientProtocolClient (GrpcClientProtocolClient.java:onNext(255)) - client-EAA342753240->9a4a4c23-9ff3-4ce3-a619-2c71c0869997: receive RaftClientReply:client-EAA342753240->9a4a4c23-9ff3-4ce3-a619-2c71c0869997@group-EC4211DF0353, cid=1626, SUCCESS, logIndex=2328, commits[9a4a4c23-9ff3-4ce3-a619-2c71c0869997:c2330, 9b0072ab-15b3-4973-9bcb-7fa02f6bfea9:c2327, 9f215ef2-7d46-4cda-b695-cae1b893f75f:c2327]
2019-08-20 16:03:57,833 | INFO  | DNAudit | user=null | ip=null | op=WRITE_CHUNK {blockData=conID: 1 locID: 102650153390572026 bcsId: 0} | ret=SUCCESS |  
2019-08-20 16:03:57,833 [grpc-default-executor-0] INFO  client.GrpcClientProtocolClient (GrpcClientProtocolClient.java:onNext(255)) - client-EAA342753240->9a4a4c23-9ff3-4ce3-a619-2c71c0869997: receive RaftClientReply:client-EAA342753240->9a4a4c23-9ff3-4ce3-a619-2c71c0869997@group-EC4211DF0353, cid=1627, SUCCESS, logIndex=2329, commits[9a4a4c23-9ff3-4ce3-a619-2c71c0869997:c2331, 9b0072ab-15b3-4973-9bcb-7fa02f6bfea9:c2327, 9f215ef2-7d46-4cda-b695-cae1b893f75f:c2327]
2019-08-20 16:03:57,833 | INFO  | DNAudit | user=null | ip=null | op=WRITE_CHUNK {blockData=conID: 1 locID: 102650153390572026 bcsId: 0} | ret=SUCCESS |  
2019-08-20 16:03:57,833 | INFO  | DNAudit | user=null | ip=null | op=PUT_BLOCK {blockData=[blockId=conID: 1 locID: 102650153390572026 bcsId: 0,size=2097152]} | ret=SUCCESS |  
2019-08-20 16:03:57,833 [grpc-default-executor-0] INFO  client.GrpcClientProtocolClient (GrpcClientProtocolClient.java:onNext(255)) - client-EAA342753240->9a4a4c23-9ff3-4ce3-a619-2c71c0869997: receive RaftClientReply:client-EAA342753240->9a4a4c23-9ff3-4ce3-a619-2c71c0869997@group-EC4211DF0353, cid=1628, SUCCESS, logIndex=2330, commits[9a4a4c23-9ff3-4ce3-a619-2c71c0869997:c2331, 9b0072ab-15b3-4973-9bcb-7fa02f6bfea9:c2327, 9f215ef2-7d46-4cda-b695-cae1b893f75f:c2327]
2019-08-20 16:03:57,833 | INFO  | DNAudit | user=null | ip=null | op=PUT_BLOCK {blockData=[blockId=conID: 1 locID: 102650153390572026 bcsId: 0,size=1048576]} | ret=SUCCESS |  
2019-08-20 16:03:57,834 [grpc-default-executor-0] INFO  client.GrpcClientProtocolClient (GrpcClientProtocolClient.java:onNext(255)) - client-EAA342753240->9a4a4c23-9ff3-4ce3-a619-2c71c0869997: receive RaftClientReply:client-EAA342753240->9a4a4c23-9ff3-4ce3-a619-2c71c0869997@group-EC4211DF0353, cid=1629, SUCCESS, logIndex=2331, commits[9a4a4c23-9ff3-4ce3-a619-2c71c0869997:c2332, 9b0072ab-15b3-4973-9bcb-7fa02f6bfea9:c2329, 9f215ef2-7d46-4cda-b695-cae1b893f75f:c2327]
2019-08-20 16:03:57,834 | INFO  | DNAudit | user=null | ip=null | op=WRITE_CHUNK {blockData=conID: 1 locID: 102650153390572026 bcsId: 0} | ret=SUCCESS |  
2019-08-20 16:03:57,834 | INFO  | DNAudit | user=null | ip=null | op=PUT_BLOCK {blockData=[blockId=conID: 1 locID: 102650153390572026 bcsId: 0,size=1048576]} | ret=SUCCESS |  
2019-08-20 16:03:57,834 | INFO  | DNAudit | user=null | ip=null | op=WRITE_CHUNK {blockData=conID: 1 locID: 102650153390572026 bcsId: 0} | ret=SUCCESS |  
2019-08-20 16:03:57,834 [grpc-default-executor-0] INFO  client.GrpcClientProtocolClient (GrpcClientProtocolClient.java:onNext(255)) - client-EAA342753240->9a4a4c23-9ff3-4ce3-a619-2c71c0869997: receive RaftClientReply:client-EAA342753240->9a4a4c23-9ff3-4ce3-a619-2c71c0869997@group-EC4211DF0353, cid=1630, SUCCESS, logIndex=0, commits[9a4a4c23-9ff3-4ce3-a619-2c71c0869997:c2332, 9b0072ab-15b3-4973-9bcb-7fa02f6bfea9:c2329, 9f215ef2-7d46-4cda-b695-cae1b893f75f:c2329]
2019-08-20 16:03:57,835 | INFO  | DNAudit | user=null | ip=null | op=WRITE_CHUNK {blockData=conID: 1 locID: 102650153390572026 bcsId: 0} | ret=SUCCESS |  
2019-08-20 16:03:57,835 | INFO  | DNAudit | user=null | ip=null | op=PUT_BLOCK {blockData=[blockId=conID: 1 locID: 102650153390572026 bcsId: 0,size=2097152]} | ret=SUCCESS |  
2019-08-20 16:03:57,835 | INFO  | DNAudit | user=null | ip=null | op=PUT_BLOCK {blockData=[blockId=conID: 1 locID: 102650153390572026 bcsId: 0,size=2097152]} | ret=SUCCESS |  
2019-08-20 16:03:57,839 | INFO  | DNAudit | user=null | ip=null | op=WRITE_CHUNK {blockData=conID: 1 locID: 102650153390572026 bcsId: 2331} | ret=SUCCESS |  
2019-08-20 16:03:57,842 | INFO  | DNAudit | user=null | ip=null | op=WRITE_CHUNK {blockData=conID: 1 locID: 102650153390572026 bcsId: 2331} | ret=SUCCESS |  
2019-08-20 16:03:57,842 | INFO  | DNAudit | user=null | ip=null | op=WRITE_CHUNK {blockData=conID: 1 locID: 102650153390572026 bcsId: 2331} | ret=SUCCESS |  
2019-08-20 16:03:57,844 | INFO  | DNAudit | user=null | ip=null | op=WRITE_CHUNK {blockData=conID: 1 locID: 102650153390572026 bcsId: 2331} | ret=SUCCESS |  
2019-08-20 16:03:57,844 | INFO  | DNAudit | user=null | ip=null | op=PUT_BLOCK {blockData=[blockId=conID: 1 locID: 102650153390572026 bcsId: 0,size=3145728]} | ret=SUCCESS |  
2019-08-20 16:03:57,844 [grpc-default-executor-3] INFO  client.GrpcClientProtocolClient (GrpcClientProtocolClient.java:onNext(255)) - client-EAA342753240->9a4a4c23-9ff3-4ce3-a619-2c71c0869997: receive RaftClientReply:client-EAA342753240->9a4a4c23-9ff3-4ce3-a619-2c71c0869997@group-EC4211DF0353, cid=1631, SUCCESS, logIndex=2336, commits[9a4a4c23-9ff3-4ce3-a619-2c71c0869997:c2337, 9b0072ab-15b3-4973-9bcb-7fa02f6bfea9:c2331, 9f215ef2-7d46-4cda-b695-cae1b893f75f:c2335]
2019-08-20 16:03:57,845 [grpc-default-executor-3] INFO  client.GrpcClientProtocolClient (GrpcClientProtocolClient.java:onNext(255)) - client-EAA342753240->9a4a4c23-9ff3-4ce3-a619-2c71c0869997: receive RaftClientReply:client-EAA342753240->9a4a4c23-9ff3-4ce3-a619-2c71c0869997@group-EC4211DF0353, cid=1632, SUCCESS, logIndex=2337, commits[9a4a4c23-9ff3-4ce3-a619-2c71c0869997:c2337, 9b0072ab-15b3-4973-9bcb-7fa02f6bfea9:c2335, 9f215ef2-7d46-4cda-b695-cae1b893f75f:c2335]
2019-08-20 16:03:57,846 | INFO  | DNAudit | user=null | ip=null | op=WRITE_CHUNK {blockData=conID: 1 locID: 102650153390572026 bcsId: 2331} | ret=SUCCESS |  
2019-08-20 16:03:57,846 | INFO  | DNAudit | user=null | ip=null | op=WRITE_CHUNK {blockData=conID: 1 locID: 102650153390572026 bcsId: 2331} | ret=SUCCESS |  
2019-08-20 16:03:57,848 | INFO  | DNAudit | user=null | ip=null | op=PUT_BLOCK {blockData=[blockId=conID: 1 locID: 102650153390572026 bcsId: 0,size=3145728]} | ret=SUCCESS |  
2019-08-20 16:03:57,848 | INFO  | DNAudit | user=null | ip=null | op=PUT_BLOCK {blockData=[blockId=conID: 1 locID: 102650153390572026 bcsId: 0,size=3145728]} | ret=SUCCESS |  
2019-08-20 16:03:57,849 | INFO  | DNAudit | user=null | ip=null | op=WRITE_CHUNK {blockData=conID: 1 locID: 102650153390572026 bcsId: 2337} | ret=SUCCESS |  
2019-08-20 16:03:57,851 | INFO  | DNAudit | user=null | ip=null | op=WRITE_CHUNK {blockData=conID: 1 locID: 102650153390572026 bcsId: 2337} | ret=SUCCESS |  
2019-08-20 16:03:57,851 | INFO  | DNAudit | user=null | ip=null | op=WRITE_CHUNK {blockData=conID: 1 locID: 102650153390572026 bcsId: 2337} | ret=SUCCESS |  
2019-08-20 16:03:57,852 | INFO  | DNAudit | user=null | ip=null | op=WRITE_CHUNK {blockData=conID: 1 locID: 102650153390572026 bcsId: 2337} | ret=SUCCESS |  
2019-08-20 16:03:57,853 | INFO  | DNAudit | user=null | ip=null | op=PUT_BLOCK {blockData=[blockId=conID: 1 locID: 102650153390572026 bcsId: 0,size=4194304]} | ret=SUCCESS |  
2019-08-20 16:03:57,853 [grpc-default-executor-0] INFO  client.GrpcClientProtocolClient (GrpcClientProtocolClient.java:onNext(255)) - client-EAA342753240->9a4a4c23-9ff3-4ce3-a619-2c71c0869997: receive RaftClientReply:client-EAA342753240->9a4a4c23-9ff3-4ce3-a619-2c71c0869997@group-EC4211DF0353, cid=1633, SUCCESS, logIndex=2340, commits[9a4a4c23-9ff3-4ce3-a619-2c71c0869997:c2341, 9b0072ab-15b3-4973-9bcb-7fa02f6bfea9:c2337, 9f215ef2-7d46-4cda-b695-cae1b893f75f:c2339]
2019-08-20 16:03:57,853 [grpc-default-executor-0] INFO  client.GrpcClientProtocolClient (GrpcClientProtocolClient.java:onNext(255)) - client-EAA342753240->9a4a4c23-9ff3-4ce3-a619-2c71c0869997: receive RaftClientReply:client-EAA342753240->9a4a4c23-9ff3-4ce3-a619-2c71c0869997@group-EC4211DF0353, cid=1634, SUCCESS, logIndex=2341, commits[9a4a4c23-9ff3-4ce3-a619-2c71c0869997:c2341, 9b0072ab-15b3-4973-9bcb-7fa02f6bfea9:c2339, 9f215ef2-7d46-4cda-b695-cae1b893f75f:c2339]
2019-08-20 16:03:57,855 | INFO  | DNAudit | user=null | ip=null | op=WRITE_CHUNK {blockData=conID: 1 locID: 102650153390572026 bcsId: 2337} | ret=SUCCESS |  
2019-08-20 16:03:57,855 | INFO  | DNAudit | user=null | ip=null | op=WRITE_CHUNK {blockData=conID: 1 locID: 102650153390572026 bcsId: 2337} | ret=SUCCESS |  
2019-08-20 16:03:57,855 | INFO  | DNAudit | user=null | ip=null | op=PUT_BLOCK {blockData=[blockId=conID: 1 locID: 102650153390572026 bcsId: 0,size=4194304]} | ret=SUCCESS |  
2019-08-20 16:03:57,855 | INFO  | DNAudit | user=null | ip=null | op=PUT_BLOCK {blockData=[blockId=conID: 1 locID: 102650153390572026 bcsId: 0,size=4194304]} | ret=SUCCESS |  
2019-08-20 16:03:57,855 [grpc-default-executor-3] INFO  client.GrpcClientProtocolClient (GrpcClientProtocolClient.java:onNext(255)) - client-EAA342753240->9a4a4c23-9ff3-4ce3-a619-2c71c0869997: receive RaftClientReply:client-EAA342753240->9a4a4c23-9ff3-4ce3-a619-2c71c0869997@group-EC4211DF0353, cid=1635, SUCCESS, logIndex=0, commits[9a4a4c23-9ff3-4ce3-a619-2c71c0869997:c2342, 9b0072ab-15b3-4973-9bcb-7fa02f6bfea9:c2341, 9f215ef2-7d46-4cda-b695-cae1b893f75f:c2341]
2019-08-20 16:03:57,858 | INFO  | SCMAudit | user=jenkins1000 | ip=192.168.69.96 | op=ALLOCATE_BLOCK {owner=ea4851f9-218c-4af7-91b4-edb777a4888c, size=4194304, type=RATIS, factor=THREE} | ret=SUCCESS |  
2019-08-20 16:03:57,860 | INFO  | OMAudit | user=jenkins1000 | ip=127.0.0.1 | op=ALLOCATE_BLOCK {volume=vol-0-94146, bucket=bucket-0-90789, key=key-0-25609, dataSize=0, replicationType=null, replicationFactor=null, keyLocationInfo=null, clientID=102650152704082322} | ret=SUCCESS |  
2019-08-20 16:03:57,865 | INFO  | DNAudit | user=null | ip=null | op=WRITE_CHUNK {blockData=conID: 2 locID: 102650153393062395 bcsId: 0} | ret=SUCCESS |  
2019-08-20 16:03:57,868 | INFO  | DNAudit | user=null | ip=null | op=WRITE_CHUNK {blockData=conID: 2 locID: 102650153393062395 bcsId: 0} | ret=SUCCESS |  
2019-08-20 16:03:57,868 | INFO  | DNAudit | user=null | ip=null | op=WRITE_CHUNK {blockData=conID: 2 locID: 102650153393062395 bcsId: 0} | ret=SUCCESS |  
2019-08-20 16:03:57,868 | INFO  | DNAudit | user=null | ip=null | op=WRITE_CHUNK {blockData=conID: 2 locID: 102650153393062395 bcsId: 0} | ret=SUCCESS |  
2019-08-20 16:03:57,869 | INFO  | DNAudit | user=null | ip=null | op=WRITE_CHUNK {blockData=conID: 2 locID: 102650153393062395 bcsId: 0} | ret=SUCCESS |  
2019-08-20 16:03:57,869 | INFO  | DNAudit | user=null | ip=null | op=WRITE_CHUNK {blockData=conID: 2 locID: 102650153393062395 bcsId: 0} | ret=SUCCESS |  
2019-08-20 16:03:57,870 | INFO  | DNAudit | user=null | ip=null | op=WRITE_CHUNK {blockData=conID: 2 locID: 102650153393062395 bcsId: 0} | ret=SUCCESS |  
2019-08-20 16:03:57,870 | INFO  | DNAudit | user=null | ip=null | op=PUT_BLOCK {blockData=[blockId=conID: 2 locID: 102650153393062395 bcsId: 0,size=1048576]} | ret=SUCCESS |  
2019-08-20 16:03:57,870 [grpc-default-executor-5] INFO  client.GrpcClientProtocolClient (GrpcClientProtocolClient.java:onNext(255)) - client-EAA342753240->9a4a4c23-9ff3-4ce3-a619-2c71c0869997: receive RaftClientReply:client-EAA342753240->9a4a4c23-9ff3-4ce3-a619-2c71c0869997@group-EC4211DF0353, cid=1636, SUCCESS, logIndex=2344, commits[9a4a4c23-9ff3-4ce3-a619-2c71c0869997:c2345, 9b0072ab-15b3-4973-9bcb-7fa02f6bfea9:c2343, 9f215ef2-7d46-4cda-b695-cae1b893f75f:c2343]
2019-08-20 16:03:57,870 [grpc-default-executor-5] INFO  client.GrpcClientProtocolClient (GrpcClientProtocolClient.java:onNext(255)) - client-EAA342753240->9a4a4c23-9ff3-4ce3-a619-2c71c0869997: receive RaftClientReply:client-EAA342753240->9a4a4c23-9ff3-4ce3-a619-2c71c0869997@group-EC4211DF0353, cid=1637, SUCCESS, logIndex=2345, commits[9a4a4c23-9ff3-4ce3-a619-2c71c0869997:c2345, 9b0072ab-15b3-4973-9bcb-7fa02f6bfea9:c2343, 9f215ef2-7d46-4cda-b695-cae1b893f75f:c2343]
2019-08-20 16:03:57,872 | INFO  | DNAudit | user=null | ip=null | op=WRITE_CHUNK {blockData=conID: 2 locID: 102650153393062395 bcsId: 0} | ret=SUCCESS |  
2019-08-20 16:03:57,872 | INFO  | DNAudit | user=null | ip=null | op=PUT_BLOCK {blockData=[blockId=conID: 2 locID: 102650153393062395 bcsId: 0,size=2097152]} | ret=SUCCESS |  
2019-08-20 16:03:57,873 [grpc-default-executor-3] INFO  client.GrpcClientProtocolClient (GrpcClientProtocolClient.java:onNext(255)) - client-EAA342753240->9a4a4c23-9ff3-4ce3-a619-2c71c0869997: receive RaftClientReply:client-EAA342753240->9a4a4c23-9ff3-4ce3-a619-2c71c0869997@group-EC4211DF0353, cid=1638, SUCCESS, logIndex=2346, commits[9a4a4c23-9ff3-4ce3-a619-2c71c0869997:c2347, 9b0072ab-15b3-4973-9bcb-7fa02f6bfea9:c2343, 9f215ef2-7d46-4cda-b695-cae1b893f75f:c2343]
2019-08-20 16:03:57,873 [grpc-default-executor-3] INFO  client.GrpcClientProtocolClient (GrpcClientProtocolClient.java:onNext(255)) - client-EAA342753240->9a4a4c23-9ff3-4ce3-a619-2c71c0869997: receive RaftClientReply:client-EAA342753240->9a4a4c23-9ff3-4ce3-a619-2c71c0869997@group-EC4211DF0353, cid=1639, SUCCESS, logIndex=2347, commits[9a4a4c23-9ff3-4ce3-a619-2c71c0869997:c2347, 9b0072ab-15b3-4973-9bcb-7fa02f6bfea9:c2343, 9f215ef2-7d46-4cda-b695-cae1b893f75f:c2343]
2019-08-20 16:03:57,874 | INFO  | DNAudit | user=null | ip=null | op=WRITE_CHUNK {blockData=conID: 2 locID: 102650153393062395 bcsId: 0} | ret=SUCCESS |  
2019-08-20 16:03:57,874 | INFO  | DNAudit | user=null | ip=null | op=WRITE_CHUNK {blockData=conID: 2 locID: 102650153393062395 bcsId: 0} | ret=SUCCESS |  
2019-08-20 16:03:57,874 | INFO  | DNAudit | user=null | ip=null | op=PUT_BLOCK {blockData=[blockId=conID: 2 locID: 102650153393062395 bcsId: 0,size=1048576]} | ret=SUCCESS |  
2019-08-20 16:03:57,874 | INFO  | DNAudit | user=null | ip=null | op=PUT_BLOCK {blockData=[blockId=conID: 2 locID: 102650153393062395 bcsId: 0,size=1048576]} | ret=SUCCESS |  
2019-08-20 16:03:57,874 [grpc-default-executor-3] INFO  client.GrpcClientProtocolClient (GrpcClientProtocolClient.java:onNext(255)) - client-EAA342753240->9a4a4c23-9ff3-4ce3-a619-2c71c0869997: receive RaftClientReply:client-EAA342753240->9a4a4c23-9ff3-4ce3-a619-2c71c0869997@group-EC4211DF0353, cid=1640, SUCCESS, logIndex=0, commits[9a4a4c23-9ff3-4ce3-a619-2c71c0869997:c2348, 9b0072ab-15b3-4973-9bcb-7fa02f6bfea9:c2345, 9f215ef2-7d46-4cda-b695-cae1b893f75f:c2345]
2019-08-20 16:03:57,876 | INFO  | DNAudit | user=null | ip=null | op=WRITE_CHUNK {blockData=conID: 2 locID: 102650153393062395 bcsId: 0} | ret=SUCCESS |  
2019-08-20 16:03:57,876 | INFO  | DNAudit | user=null | ip=null | op=WRITE_CHUNK {blockData=conID: 2 locID: 102650153393062395 bcsId: 0} | ret=SUCCESS |  
2019-08-20 16:03:57,876 | INFO  | DNAudit | user=null | ip=null | op=PUT_BLOCK {blockData=[blockId=conID: 2 locID: 102650153393062395 bcsId: 0,size=2097152]} | ret=SUCCESS |  
2019-08-20 16:03:57,876 | INFO  | DNAudit | user=null | ip=null | op=PUT_BLOCK {blockData=[blockId=conID: 2 locID: 102650153393062395 bcsId: 0,size=2097152]} | ret=SUCCESS |  
2019-08-20 16:03:57,879 | INFO  | DNAudit | user=null | ip=null | op=WRITE_CHUNK {blockData=conID: 2 locID: 102650153393062395 bcsId: 2347} | ret=SUCCESS |  
2019-08-20 16:03:57,881 | INFO  | DNAudit | user=null | ip=null | op=WRITE_CHUNK {blockData=conID: 2 locID: 102650153393062395 bcsId: 2347} | ret=SUCCESS |  
2019-08-20 16:03:57,881 | INFO  | DNAudit | user=null | ip=null | op=WRITE_CHUNK {blockData=conID: 2 locID: 102650153393062395 bcsId: 2347} | ret=SUCCESS |  
2019-08-20 16:03:57,883 | INFO  | DNAudit | user=null | ip=null | op=WRITE_CHUNK {blockData=conID: 2 locID: 102650153393062395 bcsId: 2347} | ret=SUCCESS |  
2019-08-20 16:03:57,883 | INFO  | DNAudit | user=null | ip=null | op=PUT_BLOCK {blockData=[blockId=conID: 2 locID: 102650153393062395 bcsId: 0,size=3145728]} | ret=SUCCESS |  
2019-08-20 16:03:57,883 [grpc-default-executor-0] INFO  client.GrpcClientProtocolClient (GrpcClientProtocolClient.java:onNext(255)) - client-EAA342753240->9a4a4c23-9ff3-4ce3-a619-2c71c0869997: receive RaftClientReply:client-EAA342753240->9a4a4c23-9ff3-4ce3-a619-2c71c0869997@group-EC4211DF0353, cid=1641, SUCCESS, logIndex=2352, commits[9a4a4c23-9ff3-4ce3-a619-2c71c0869997:c2353, 9b0072ab-15b3-4973-9bcb-7fa02f6bfea9:c2347, 9f215ef2-7d46-4cda-b695-cae1b893f75f:c2351]
2019-08-20 16:03:57,883 [grpc-default-executor-0] INFO  client.GrpcClientProtocolClient (GrpcClientProtocolClient.java:onNext(255)) - client-EAA342753240->9a4a4c23-9ff3-4ce3-a619-2c71c0869997: receive RaftClientReply:client-EAA342753240->9a4a4c23-9ff3-4ce3-a619-2c71c0869997@group-EC4211DF0353, cid=1642, SUCCESS, logIndex=2353, commits[9a4a4c23-9ff3-4ce3-a619-2c71c0869997:c2353, 9b0072ab-15b3-4973-9bcb-7fa02f6bfea9:c2347, 9f215ef2-7d46-4cda-b695-cae1b893f75f:c2351]
2019-08-20 16:03:57,886 | INFO  | DNAudit | user=null | ip=null | op=WRITE_CHUNK {blockData=conID: 2 locID: 102650153393062395 bcsId: 2347} | ret=SUCCESS |  
2019-08-20 16:03:57,886 | INFO  | DNAudit | user=null | ip=null | op=WRITE_CHUNK {blockData=conID: 2 locID: 102650153393062395 bcsId: 2347} | ret=SUCCESS |  
2019-08-20 16:03:57,886 | INFO  | DNAudit | user=null | ip=null | op=PUT_BLOCK {blockData=[blockId=conID: 2 locID: 102650153393062395 bcsId: 0,size=3145728]} | ret=SUCCESS |  
2019-08-20 16:03:57,886 | INFO  | DNAudit | user=null | ip=null | op=PUT_BLOCK {blockData=[blockId=conID: 2 locID: 102650153393062395 bcsId: 0,size=3145728]} | ret=SUCCESS |  
2019-08-20 16:03:57,888 | INFO  | DNAudit | user=null | ip=null | op=WRITE_CHUNK {blockData=conID: 2 locID: 102650153393062395 bcsId: 2353} | ret=SUCCESS |  
2019-08-20 16:03:57,890 | INFO  | DNAudit | user=null | ip=null | op=WRITE_CHUNK {blockData=conID: 2 locID: 102650153393062395 bcsId: 2353} | ret=SUCCESS |  
2019-08-20 16:03:57,890 | INFO  | DNAudit | user=null | ip=null | op=WRITE_CHUNK {blockData=conID: 2 locID: 102650153393062395 bcsId: 2353} | ret=SUCCESS |  
2019-08-20 16:03:57,906 | INFO  | DNAudit | user=null | ip=null | op=WRITE_CHUNK {blockData=conID: 2 locID: 102650153393062395 bcsId: 2353} | ret=SUCCESS |  
2019-08-20 16:03:57,907 | INFO  | DNAudit | user=null | ip=null | op=PUT_BLOCK {blockData=[blockId=conID: 2 locID: 102650153393062395 bcsId: 0,size=4194304]} | ret=SUCCESS |  
2019-08-20 16:03:57,907 [grpc-default-executor-0] INFO  client.GrpcClientProtocolClient (GrpcClientProtocolClient.java:onNext(255)) - client-EAA342753240->9a4a4c23-9ff3-4ce3-a619-2c71c0869997: receive RaftClientReply:client-EAA342753240->9a4a4c23-9ff3-4ce3-a619-2c71c0869997@group-EC4211DF0353, cid=1643, SUCCESS, logIndex=2356, commits[9a4a4c23-9ff3-4ce3-a619-2c71c0869997:c2357, 9b0072ab-15b3-4973-9bcb-7fa02f6bfea9:c2355, 9f215ef2-7d46-4cda-b695-cae1b893f75f:c2355]
2019-08-20 16:03:57,907 [grpc-default-executor-0] INFO  client.GrpcClientProtocolClient (GrpcClientProtocolClient.java:onNext(255)) - client-EAA342753240->9a4a4c23-9ff3-4ce3-a619-2c71c0869997: receive RaftClientReply:client-EAA342753240->9a4a4c23-9ff3-4ce3-a619-2c71c0869997@group-EC4211DF0353, cid=1644, SUCCESS, logIndex=2357, commits[9a4a4c23-9ff3-4ce3-a619-2c71c0869997:c2357, 9b0072ab-15b3-4973-9bcb-7fa02f6bfea9:c2355, 9f215ef2-7d46-4cda-b695-cae1b893f75f:c2355]
2019-08-20 16:03:57,918 | INFO  | DNAudit | user=null | ip=null | op=WRITE_CHUNK {blockData=conID: 2 locID: 102650153393062395 bcsId: 2353} | ret=SUCCESS |  
2019-08-20 16:03:57,918 | INFO  | DNAudit | user=null | ip=null | op=WRITE_CHUNK {blockData=conID: 2 locID: 102650153393062395 bcsId: 2353} | ret=SUCCESS |  
2019-08-20 16:03:57,918 | INFO  | DNAudit | user=null | ip=null | op=PUT_BLOCK {blockData=[blockId=conID: 2 locID: 102650153393062395 bcsId: 0,size=4194304]} | ret=SUCCESS |  
2019-08-20 16:03:57,918 | INFO  | DNAudit | user=null | ip=null | op=PUT_BLOCK {blockData=[blockId=conID: 2 locID: 102650153393062395 bcsId: 0,size=4194304]} | ret=SUCCESS |  
2019-08-20 16:03:57,918 [grpc-default-executor-0] INFO  client.GrpcClientProtocolClient (GrpcClientProtocolClient.java:onNext(255)) - client-EAA342753240->9a4a4c23-9ff3-4ce3-a619-2c71c0869997: receive RaftClientReply:client-EAA342753240->9a4a4c23-9ff3-4ce3-a619-2c71c0869997@group-EC4211DF0353, cid=1645, SUCCESS, logIndex=0, commits[9a4a4c23-9ff3-4ce3-a619-2c71c0869997:c2358, 9b0072ab-15b3-4973-9bcb-7fa02f6bfea9:c2357, 9f215ef2-7d46-4cda-b695-cae1b893f75f:c2357]
2019-08-20 16:03:57,921 | INFO  | SCMAudit | user=jenkins1000 | ip=192.168.69.96 | op=ALLOCATE_BLOCK {owner=ea4851f9-218c-4af7-91b4-edb777a4888c, size=4194304, type=RATIS, factor=THREE} | ret=SUCCESS |  
2019-08-20 16:03:57,924 | INFO  | OMAudit | user=jenkins1000 | ip=127.0.0.1 | op=ALLOCATE_BLOCK {volume=vol-0-94146, bucket=bucket-0-90789, key=key-0-25609, dataSize=0, replicationType=null, replicationFactor=null, keyLocationInfo=null, clientID=102650152704082322} | ret=SUCCESS |  
2019-08-20 16:03:57,929 | INFO  | DNAudit | user=null | ip=null | op=WRITE_CHUNK {blockData=conID: 3 locID: 102650153397191164 bcsId: 0} | ret=SUCCESS |  
2019-08-20 16:03:57,931 | INFO  | DNAudit | user=null | ip=null | op=WRITE_CHUNK {blockData=conID: 3 locID: 102650153397191164 bcsId: 0} | ret=SUCCESS |  
2019-08-20 16:03:57,931 | INFO  | DNAudit | user=null | ip=null | op=WRITE_CHUNK {blockData=conID: 3 locID: 102650153397191164 bcsId: 0} | ret=SUCCESS |  
2019-08-20 16:03:57,932 | INFO  | DNAudit | user=null | ip=null | op=WRITE_CHUNK {blockData=conID: 3 locID: 102650153397191164 bcsId: 0} | ret=SUCCESS |  
2019-08-20 16:03:57,945 | INFO  | DNAudit | user=null | ip=null | op=WRITE_CHUNK {blockData=conID: 3 locID: 102650153397191164 bcsId: 0} | ret=SUCCESS |  
2019-08-20 16:03:57,945 | INFO  | DNAudit | user=null | ip=null | op=WRITE_CHUNK {blockData=conID: 3 locID: 102650153397191164 bcsId: 0} | ret=SUCCESS |  
2019-08-20 16:03:57,947 | INFO  | DNAudit | user=null | ip=null | op=WRITE_CHUNK {blockData=conID: 3 locID: 102650153397191164 bcsId: 0} | ret=SUCCESS |  
2019-08-20 16:03:57,947 | INFO  | DNAudit | user=null | ip=null | op=PUT_BLOCK {blockData=[blockId=conID: 3 locID: 102650153397191164 bcsId: 0,size=1048576]} | ret=SUCCESS |  
2019-08-20 16:03:57,947 [grpc-default-executor-5] INFO  client.GrpcClientProtocolClient (GrpcClientProtocolClient.java:onNext(255)) - client-EAA342753240->9a4a4c23-9ff3-4ce3-a619-2c71c0869997: receive RaftClientReply:client-EAA342753240->9a4a4c23-9ff3-4ce3-a619-2c71c0869997@group-EC4211DF0353, cid=1646, SUCCESS, logIndex=2360, commits[9a4a4c23-9ff3-4ce3-a619-2c71c0869997:c2361, 9b0072ab-15b3-4973-9bcb-7fa02f6bfea9:c2359, 9f215ef2-7d46-4cda-b695-cae1b893f75f:c2359]
2019-08-20 16:03:57,948 [grpc-default-executor-5] INFO  client.GrpcClientProtocolClient (GrpcClientProtocolClient.java:onNext(255)) - client-EAA342753240->9a4a4c23-9ff3-4ce3-a619-2c71c0869997: receive RaftClientReply:client-EAA342753240->9a4a4c23-9ff3-4ce3-a619-2c71c0869997@group-EC4211DF0353, cid=1647, SUCCESS, logIndex=2361, commits[9a4a4c23-9ff3-4ce3-a619-2c71c0869997:c2361, 9b0072ab-15b3-4973-9bcb-7fa02f6bfea9:c2359, 9f215ef2-7d46-4cda-b695-cae1b893f75f:c2359]
2019-08-20 16:03:57,957 | INFO  | DNAudit | user=null | ip=null | op=WRITE_CHUNK {blockData=conID: 3 locID: 102650153397191164 bcsId: 0} | ret=SUCCESS |  
2019-08-20 16:03:57,957 | INFO  | DNAudit | user=null | ip=null | op=PUT_BLOCK {blockData=[blockId=conID: 3 locID: 102650153397191164 bcsId: 0,size=2097152]} | ret=SUCCESS |  
2019-08-20 16:03:57,957 [grpc-default-executor-0] INFO  client.GrpcClientProtocolClient (GrpcClientProtocolClient.java:onNext(255)) - client-EAA342753240->9a4a4c23-9ff3-4ce3-a619-2c71c0869997: receive RaftClientReply:client-EAA342753240->9a4a4c23-9ff3-4ce3-a619-2c71c0869997@group-EC4211DF0353, cid=1648, SUCCESS, logIndex=2362, commits[9a4a4c23-9ff3-4ce3-a619-2c71c0869997:c2362, 9b0072ab-15b3-4973-9bcb-7fa02f6bfea9:c2359, 9f215ef2-7d46-4cda-b695-cae1b893f75f:c2359]
2019-08-20 16:03:57,957 [grpc-default-executor-0] INFO  client.GrpcClientProtocolClient (GrpcClientProtocolClient.java:onNext(255)) - client-EAA342753240->9a4a4c23-9ff3-4ce3-a619-2c71c0869997: receive RaftClientReply:client-EAA342753240->9a4a4c23-9ff3-4ce3-a619-2c71c0869997@group-EC4211DF0353, cid=1649, SUCCESS, logIndex=2363, commits[9a4a4c23-9ff3-4ce3-a619-2c71c0869997:c2363, 9b0072ab-15b3-4973-9bcb-7fa02f6bfea9:c2359, 9f215ef2-7d46-4cda-b695-cae1b893f75f:c2359]
2019-08-20 16:03:57,958 | INFO  | DNAudit | user=null | ip=null | op=WRITE_CHUNK {blockData=conID: 3 locID: 102650153397191164 bcsId: 0} | ret=SUCCESS |  
2019-08-20 16:03:57,958 | INFO  | DNAudit | user=null | ip=null | op=WRITE_CHUNK {blockData=conID: 3 locID: 102650153397191164 bcsId: 0} | ret=SUCCESS |  
2019-08-20 16:03:57,958 | INFO  | DNAudit | user=null | ip=null | op=PUT_BLOCK {blockData=[blockId=conID: 3 locID: 102650153397191164 bcsId: 0,size=1048576]} | ret=SUCCESS |  
2019-08-20 16:03:57,958 | INFO  | DNAudit | user=null | ip=null | op=PUT_BLOCK {blockData=[blockId=conID: 3 locID: 102650153397191164 bcsId: 0,size=1048576]} | ret=SUCCESS |  
2019-08-20 16:03:57,958 [grpc-default-executor-0] INFO  client.GrpcClientProtocolClient (GrpcClientProtocolClient.java:onNext(255)) - client-EAA342753240->9a4a4c23-9ff3-4ce3-a619-2c71c0869997: receive RaftClientReply:client-EAA342753240->9a4a4c23-9ff3-4ce3-a619-2c71c0869997@group-EC4211DF0353, cid=1650, SUCCESS, logIndex=0, commits[9a4a4c23-9ff3-4ce3-a619-2c71c0869997:c2365, 9b0072ab-15b3-4973-9bcb-7fa02f6bfea9:c2361, 9f215ef2-7d46-4cda-b695-cae1b893f75f:c2361]
2019-08-20 16:03:58,036 | INFO  | DNAudit | user=null | ip=null | op=WRITE_CHUNK {blockData=conID: 3 locID: 102650153397191164 bcsId: 0} | ret=SUCCESS |  
2019-08-20 16:03:58,037 | INFO  | DNAudit | user=null | ip=null | op=WRITE_CHUNK {blockData=conID: 3 locID: 102650153397191164 bcsId: 0} | ret=SUCCESS |  
2019-08-20 16:03:58,037 | INFO  | DNAudit | user=null | ip=null | op=PUT_BLOCK {blockData=[blockId=conID: 3 locID: 102650153397191164 bcsId: 0,size=2097152]} | ret=SUCCESS |  
2019-08-20 16:03:58,037 | INFO  | DNAudit | user=null | ip=null | op=PUT_BLOCK {blockData=[blockId=conID: 3 locID: 102650153397191164 bcsId: 0,size=2097152]} | ret=SUCCESS |  
2019-08-20 16:03:58,043 | INFO  | DNAudit | user=null | ip=null | op=WRITE_CHUNK {blockData=conID: 3 locID: 102650153397191164 bcsId: 2363} | ret=SUCCESS |  
2019-08-20 16:03:58,044 | INFO  | DNAudit | user=null | ip=null | op=WRITE_CHUNK {blockData=conID: 3 locID: 102650153397191164 bcsId: 2363} | ret=SUCCESS |  
2019-08-20 16:03:58,045 | INFO  | DNAudit | user=null | ip=null | op=WRITE_CHUNK {blockData=conID: 3 locID: 102650153397191164 bcsId: 2363} | ret=SUCCESS |  
2019-08-20 16:03:58,056 | INFO  | DNAudit | user=null | ip=null | op=WRITE_CHUNK {blockData=conID: 3 locID: 102650153397191164 bcsId: 2363} | ret=SUCCESS |  
2019-08-20 16:03:58,056 | INFO  | DNAudit | user=null | ip=null | op=PUT_BLOCK {blockData=[blockId=conID: 3 locID: 102650153397191164 bcsId: 0,size=3145728]} | ret=SUCCESS |  
2019-08-20 16:03:58,057 [grpc-default-executor-5] INFO  client.GrpcClientProtocolClient (GrpcClientProtocolClient.java:onNext(255)) - client-EAA342753240->9a4a4c23-9ff3-4ce3-a619-2c71c0869997: receive RaftClientReply:client-EAA342753240->9a4a4c23-9ff3-4ce3-a619-2c71c0869997@group-EC4211DF0353, cid=1651, SUCCESS, logIndex=2368, commits[9a4a4c23-9ff3-4ce3-a619-2c71c0869997:c2369, 9b0072ab-15b3-4973-9bcb-7fa02f6bfea9:c2367, 9f215ef2-7d46-4cda-b695-cae1b893f75f:c2367]
2019-08-20 16:03:58,057 [grpc-default-executor-5] INFO  client.GrpcClientProtocolClient (GrpcClientProtocolClient.java:onNext(255)) - client-EAA342753240->9a4a4c23-9ff3-4ce3-a619-2c71c0869997: receive RaftClientReply:client-EAA342753240->9a4a4c23-9ff3-4ce3-a619-2c71c0869997@group-EC4211DF0353, cid=1652, SUCCESS, logIndex=2369, commits[9a4a4c23-9ff3-4ce3-a619-2c71c0869997:c2369, 9b0072ab-15b3-4973-9bcb-7fa02f6bfea9:c2367, 9f215ef2-7d46-4cda-b695-cae1b893f75f:c2367]
2019-08-20 16:03:58,063 | INFO  | DNAudit | user=null | ip=null | op=WRITE_CHUNK {blockData=conID: 3 locID: 102650153397191164 bcsId: 2369} | ret=SUCCESS |  
2019-08-20 16:03:58,065 | INFO  | DNAudit | user=null | ip=null | op=WRITE_CHUNK {blockData=conID: 3 locID: 102650153397191164 bcsId: 2369} | ret=SUCCESS |  
2019-08-20 16:03:58,065 | INFO  | DNAudit | user=null | ip=null | op=WRITE_CHUNK {blockData=conID: 3 locID: 102650153397191164 bcsId: 2369} | ret=SUCCESS |  
2019-08-20 16:03:58,067 | INFO  | DNAudit | user=null | ip=null | op=WRITE_CHUNK {blockData=conID: 3 locID: 102650153397191164 bcsId: 2363} | ret=SUCCESS |  
2019-08-20 16:03:58,067 | INFO  | DNAudit | user=null | ip=null | op=WRITE_CHUNK {blockData=conID: 3 locID: 102650153397191164 bcsId: 2363} | ret=SUCCESS |  
2019-08-20 16:03:58,068 | INFO  | DNAudit | user=null | ip=null | op=PUT_BLOCK {blockData=[blockId=conID: 3 locID: 102650153397191164 bcsId: 0,size=3145728]} | ret=SUCCESS |  
2019-08-20 16:03:58,068 | INFO  | DNAudit | user=null | ip=null | op=PUT_BLOCK {blockData=[blockId=conID: 3 locID: 102650153397191164 bcsId: 0,size=3145728]} | ret=SUCCESS |  
2019-08-20 16:03:58,069 | INFO  | DNAudit | user=null | ip=null | op=WRITE_CHUNK {blockData=conID: 3 locID: 102650153397191164 bcsId: 2369} | ret=SUCCESS |  
2019-08-20 16:03:58,069 | INFO  | DNAudit | user=null | ip=null | op=PUT_BLOCK {blockData=[blockId=conID: 3 locID: 102650153397191164 bcsId: 0,size=4194304]} | ret=SUCCESS |  
2019-08-20 16:03:58,069 [grpc-default-executor-5] INFO  client.GrpcClientProtocolClient (GrpcClientProtocolClient.java:onNext(255)) - client-EAA342753240->9a4a4c23-9ff3-4ce3-a619-2c71c0869997: receive RaftClientReply:client-EAA342753240->9a4a4c23-9ff3-4ce3-a619-2c71c0869997@group-EC4211DF0353, cid=1653, SUCCESS, logIndex=2372, commits[9a4a4c23-9ff3-4ce3-a619-2c71c0869997:c2372, 9b0072ab-15b3-4973-9bcb-7fa02f6bfea9:c2369, 9f215ef2-7d46-4cda-b695-cae1b893f75f:c2369]
2019-08-20 16:03:58,070 [grpc-default-executor-5] INFO  client.GrpcClientProtocolClient (GrpcClientProtocolClient.java:onNext(255)) - client-EAA342753240->9a4a4c23-9ff3-4ce3-a619-2c71c0869997: receive RaftClientReply:client-EAA342753240->9a4a4c23-9ff3-4ce3-a619-2c71c0869997@group-EC4211DF0353, cid=1654, SUCCESS, logIndex=2373, commits[9a4a4c23-9ff3-4ce3-a619-2c71c0869997:c2373, 9b0072ab-15b3-4973-9bcb-7fa02f6bfea9:c2369, 9f215ef2-7d46-4cda-b695-cae1b893f75f:c2369]
2019-08-20 16:03:58,080 | INFO  | DNAudit | user=null | ip=null | op=WRITE_CHUNK {blockData=conID: 3 locID: 102650153397191164 bcsId: 2369} | ret=SUCCESS |  
2019-08-20 16:03:58,081 | INFO  | DNAudit | user=null | ip=null | op=WRITE_CHUNK {blockData=conID: 3 locID: 102650153397191164 bcsId: 2369} | ret=SUCCESS |  
2019-08-20 16:03:58,082 | INFO  | DNAudit | user=null | ip=null | op=PUT_BLOCK {blockData=[blockId=conID: 3 locID: 102650153397191164 bcsId: 0,size=4194304]} | ret=SUCCESS |  
2019-08-20 16:03:58,082 | INFO  | DNAudit | user=null | ip=null | op=PUT_BLOCK {blockData=[blockId=conID: 3 locID: 102650153397191164 bcsId: 0,size=4194304]} | ret=SUCCESS |  
2019-08-20 16:03:58,082 [grpc-default-executor-5] INFO  client.GrpcClientProtocolClient (GrpcClientProtocolClient.java:onNext(255)) - client-EAA342753240->9a4a4c23-9ff3-4ce3-a619-2c71c0869997: receive RaftClientReply:client-EAA342753240->9a4a4c23-9ff3-4ce3-a619-2c71c0869997@group-EC4211DF0353, cid=1655, SUCCESS, logIndex=0, commits[9a4a4c23-9ff3-4ce3-a619-2c71c0869997:c2375, 9b0072ab-15b3-4973-9bcb-7fa02f6bfea9:c2373, 9f215ef2-7d46-4cda-b695-cae1b893f75f:c2373]
2019-08-20 16:03:58,087 | INFO  | SCMAudit | user=jenkins1000 | ip=192.168.69.96 | op=ALLOCATE_BLOCK {owner=ea4851f9-218c-4af7-91b4-edb777a4888c, size=4194304, type=RATIS, factor=THREE} | ret=SUCCESS |  
2019-08-20 16:03:58,087 | INFO  | SCMAudit | user=jenkins1000 | ip=192.168.69.96 | op=SEND_HEARTBEAT {datanodeUUID=69f203df-fb09-400b-ac11-cd7a56dd70a5, command=[]} | ret=SUCCESS |  
2019-08-20 16:03:58,089 | INFO  | OMAudit | user=jenkins1000 | ip=127.0.0.1 | op=ALLOCATE_BLOCK {volume=vol-0-94146, bucket=bucket-0-90789, key=key-0-25609, dataSize=0, replicationType=null, replicationFactor=null, keyLocationInfo=null, clientID=102650152704082322} | ret=SUCCESS |  
2019-08-20 16:03:58,096 | INFO  | DNAudit | user=null | ip=null | op=WRITE_CHUNK {blockData=conID: 1 locID: 102650153408070141 bcsId: 0} | ret=SUCCESS |  
2019-08-20 16:03:58,097 | INFO  | DNAudit | user=null | ip=null | op=WRITE_CHUNK {blockData=conID: 1 locID: 102650153408070141 bcsId: 0} | ret=SUCCESS |  
2019-08-20 16:03:58,098 | INFO  | DNAudit | user=null | ip=null | op=WRITE_CHUNK {blockData=conID: 1 locID: 102650153408070141 bcsId: 0} | ret=SUCCESS |  
2019-08-20 16:03:58,099 | INFO  | DNAudit | user=null | ip=null | op=WRITE_CHUNK {blockData=conID: 1 locID: 102650153408070141 bcsId: 0} | ret=SUCCESS |  
2019-08-20 16:03:58,099 | INFO  | DNAudit | user=null | ip=null | op=WRITE_CHUNK {blockData=conID: 1 locID: 102650153408070141 bcsId: 0} | ret=SUCCESS |  
2019-08-20 16:03:58,100 | INFO  | DNAudit | user=null | ip=null | op=WRITE_CHUNK {blockData=conID: 1 locID: 102650153408070141 bcsId: 0} | ret=SUCCESS |  
2019-08-20 16:03:58,110 | INFO  | DNAudit | user=null | ip=null | op=WRITE_CHUNK {blockData=conID: 1 locID: 102650153408070141 bcsId: 0} | ret=SUCCESS |  
2019-08-20 16:03:58,110 | INFO  | DNAudit | user=null | ip=null | op=PUT_BLOCK {blockData=[blockId=conID: 1 locID: 102650153408070141 bcsId: 0,size=1048576]} | ret=SUCCESS |  
2019-08-20 16:03:58,110 [grpc-default-executor-5] INFO  client.GrpcClientProtocolClient (GrpcClientProtocolClient.java:onNext(255)) - client-EAA342753240->9a4a4c23-9ff3-4ce3-a619-2c71c0869997: receive RaftClientReply:client-EAA342753240->9a4a4c23-9ff3-4ce3-a619-2c71c0869997@group-EC4211DF0353, cid=1656, SUCCESS, logIndex=2376, commits[9a4a4c23-9ff3-4ce3-a619-2c71c0869997:c2379, 9b0072ab-15b3-4973-9bcb-7fa02f6bfea9:c2375, 9f215ef2-7d46-4cda-b695-cae1b893f75f:c2375]
2019-08-20 16:03:58,110 | INFO  | SCMAudit | user=jenkins1000 | ip=192.168.69.96 | op=SEND_HEARTBEAT {datanodeUUID=f1afe498-2778-451e-a3e4-8199ec337a15, command=[]} | ret=SUCCESS |  
2019-08-20 16:03:58,111 | INFO  | DNAudit | user=null | ip=null | op=WRITE_CHUNK {blockData=conID: 1 locID: 102650153408070141 bcsId: 0} | ret=SUCCESS |  
2019-08-20 16:03:58,111 [grpc-default-executor-5] INFO  client.GrpcClientProtocolClient (GrpcClientProtocolClient.java:onNext(255)) - client-EAA342753240->9a4a4c23-9ff3-4ce3-a619-2c71c0869997: receive RaftClientReply:client-EAA342753240->9a4a4c23-9ff3-4ce3-a619-2c71c0869997@group-EC4211DF0353, cid=1657, SUCCESS, logIndex=2377, commits[9a4a4c23-9ff3-4ce3-a619-2c71c0869997:c2379, 9b0072ab-15b3-4973-9bcb-7fa02f6bfea9:c2375, 9f215ef2-7d46-4cda-b695-cae1b893f75f:c2375]
2019-08-20 16:03:58,111 | INFO  | DNAudit | user=null | ip=null | op=PUT_BLOCK {blockData=[blockId=conID: 1 locID: 102650153408070141 bcsId: 0,size=2097152]} | ret=SUCCESS |  
2019-08-20 16:03:58,111 [grpc-default-executor-5] INFO  client.GrpcClientProtocolClient (GrpcClientProtocolClient.java:onNext(255)) - client-EAA342753240->9a4a4c23-9ff3-4ce3-a619-2c71c0869997: receive RaftClientReply:client-EAA342753240->9a4a4c23-9ff3-4ce3-a619-2c71c0869997@group-EC4211DF0353, cid=1658, SUCCESS, logIndex=2378, commits[9a4a4c23-9ff3-4ce3-a619-2c71c0869997:c2379, 9b0072ab-15b3-4973-9bcb-7fa02f6bfea9:c2375, 9f215ef2-7d46-4cda-b695-cae1b893f75f:c2375]
2019-08-20 16:03:58,111 [grpc-default-executor-5] INFO  client.GrpcClientProtocolClient (GrpcClientProtocolClient.java:onNext(255)) - client-EAA342753240->9a4a4c23-9ff3-4ce3-a619-2c71c0869997: receive RaftClientReply:client-EAA342753240->9a4a4c23-9ff3-4ce3-a619-2c71c0869997@group-EC4211DF0353, cid=1659, SUCCESS, logIndex=2379, commits[9a4a4c23-9ff3-4ce3-a619-2c71c0869997:c2379, 9b0072ab-15b3-4973-9bcb-7fa02f6bfea9:c2375, 9f215ef2-7d46-4cda-b695-cae1b893f75f:c2375]
2019-08-20 16:03:58,121 | INFO  | DNAudit | user=null | ip=null | op=WRITE_CHUNK {blockData=conID: 1 locID: 102650153408070141 bcsId: 0} | ret=SUCCESS |  
2019-08-20 16:03:58,121 | INFO  | DNAudit | user=null | ip=null | op=WRITE_CHUNK {blockData=conID: 1 locID: 102650153408070141 bcsId: 0} | ret=SUCCESS |  
2019-08-20 16:03:58,121 | INFO  | DNAudit | user=null | ip=null | op=PUT_BLOCK {blockData=[blockId=conID: 1 locID: 102650153408070141 bcsId: 0,size=1048576]} | ret=SUCCESS |  
2019-08-20 16:03:58,121 | INFO  | DNAudit | user=null | ip=null | op=PUT_BLOCK {blockData=[blockId=conID: 1 locID: 102650153408070141 bcsId: 0,size=1048576]} | ret=SUCCESS |  
2019-08-20 16:03:58,122 [grpc-default-executor-5] INFO  client.GrpcClientProtocolClient (GrpcClientProtocolClient.java:onNext(255)) - client-EAA342753240->9a4a4c23-9ff3-4ce3-a619-2c71c0869997: receive RaftClientReply:client-EAA342753240->9a4a4c23-9ff3-4ce3-a619-2c71c0869997@group-EC4211DF0353, cid=1660, SUCCESS, logIndex=0, commits[9a4a4c23-9ff3-4ce3-a619-2c71c0869997:c2380, 9b0072ab-15b3-4973-9bcb-7fa02f6bfea9:c2377, 9f215ef2-7d46-4cda-b695-cae1b893f75f:c2377]
2019-08-20 16:03:58,123 | INFO  | DNAudit | user=null | ip=null | op=WRITE_CHUNK {blockData=conID: 1 locID: 102650153408070141 bcsId: 0} | ret=SUCCESS |  
2019-08-20 16:03:58,123 | INFO  | DNAudit | user=null | ip=null | op=WRITE_CHUNK {blockData=conID: 1 locID: 102650153408070141 bcsId: 0} | ret=SUCCESS |  
2019-08-20 16:03:58,123 | INFO  | DNAudit | user=null | ip=null | op=PUT_BLOCK {blockData=[blockId=conID: 1 locID: 102650153408070141 bcsId: 0,size=2097152]} | ret=SUCCESS |  
2019-08-20 16:03:58,123 | INFO  | DNAudit | user=null | ip=null | op=PUT_BLOCK {blockData=[blockId=conID: 1 locID: 102650153408070141 bcsId: 0,size=2097152]} | ret=SUCCESS |  
2019-08-20 16:03:58,128 | INFO  | DNAudit | user=null | ip=null | op=WRITE_CHUNK {blockData=conID: 1 locID: 102650153408070141 bcsId: 2379} | ret=SUCCESS |  
2019-08-20 16:03:58,129 | INFO  | DNAudit | user=null | ip=null | op=WRITE_CHUNK {blockData=conID: 1 locID: 102650153408070141 bcsId: 2379} | ret=SUCCESS |  
2019-08-20 16:03:58,130 | INFO  | DNAudit | user=null | ip=null | op=WRITE_CHUNK {blockData=conID: 1 locID: 102650153408070141 bcsId: 2379} | ret=SUCCESS |  
2019-08-20 16:03:58,130 | INFO  | DNAudit | user=null | ip=null | op=WRITE_CHUNK {blockData=conID: 1 locID: 102650153408070141 bcsId: 2379} | ret=SUCCESS |  
2019-08-20 16:03:58,131 | INFO  | DNAudit | user=null | ip=null | op=PUT_BLOCK {blockData=[blockId=conID: 1 locID: 102650153408070141 bcsId: 0,size=3145728]} | ret=SUCCESS |  
2019-08-20 16:03:58,131 [grpc-default-executor-3] INFO  client.GrpcClientProtocolClient (GrpcClientProtocolClient.java:onNext(255)) - client-EAA342753240->9a4a4c23-9ff3-4ce3-a619-2c71c0869997: receive RaftClientReply:client-EAA342753240->9a4a4c23-9ff3-4ce3-a619-2c71c0869997@group-EC4211DF0353, cid=1661, SUCCESS, logIndex=2384, commits[9a4a4c23-9ff3-4ce3-a619-2c71c0869997:c2385, 9b0072ab-15b3-4973-9bcb-7fa02f6bfea9:c2383, 9f215ef2-7d46-4cda-b695-cae1b893f75f:c2379]
2019-08-20 16:03:58,131 [grpc-default-executor-3] INFO  client.GrpcClientProtocolClient (GrpcClientProtocolClient.java:onNext(255)) - client-EAA342753240->9a4a4c23-9ff3-4ce3-a619-2c71c0869997: receive RaftClientReply:client-EAA342753240->9a4a4c23-9ff3-4ce3-a619-2c71c0869997@group-EC4211DF0353, cid=1662, SUCCESS, logIndex=2385, commits[9a4a4c23-9ff3-4ce3-a619-2c71c0869997:c2385, 9b0072ab-15b3-4973-9bcb-7fa02f6bfea9:c2383, 9f215ef2-7d46-4cda-b695-cae1b893f75f:c2379]
2019-08-20 16:03:58,131 | INFO  | DNAudit | user=null | ip=null | op=WRITE_CHUNK {blockData=conID: 1 locID: 102650153408070141 bcsId: 2379} | ret=SUCCESS |  
2019-08-20 16:03:58,132 | INFO  | DNAudit | user=null | ip=null | op=PUT_BLOCK {blockData=[blockId=conID: 1 locID: 102650153408070141 bcsId: 0,size=3145728]} | ret=SUCCESS |  
2019-08-20 16:03:58,132 | INFO  | DNAudit | user=null | ip=null | op=WRITE_CHUNK {blockData=conID: 1 locID: 102650153408070141 bcsId: 2379} | ret=SUCCESS |  
2019-08-20 16:03:58,132 | INFO  | DNAudit | user=null | ip=null | op=PUT_BLOCK {blockData=[blockId=conID: 1 locID: 102650153408070141 bcsId: 0,size=3145728]} | ret=SUCCESS |  
2019-08-20 16:03:58,137 | INFO  | DNAudit | user=null | ip=null | op=WRITE_CHUNK {blockData=conID: 1 locID: 102650153408070141 bcsId: 2385} | ret=SUCCESS |  
2019-08-20 16:03:58,139 | INFO  | DNAudit | user=null | ip=null | op=WRITE_CHUNK {blockData=conID: 1 locID: 102650153408070141 bcsId: 2385} | ret=SUCCESS |  
2019-08-20 16:03:58,139 | INFO  | DNAudit | user=null | ip=null | op=WRITE_CHUNK {blockData=conID: 1 locID: 102650153408070141 bcsId: 2385} | ret=SUCCESS |  
2019-08-20 16:03:58,140 | INFO  | DNAudit | user=null | ip=null | op=WRITE_CHUNK {blockData=conID: 1 locID: 102650153408070141 bcsId: 2385} | ret=SUCCESS |  
2019-08-20 16:03:58,141 | INFO  | DNAudit | user=null | ip=null | op=PUT_BLOCK {blockData=[blockId=conID: 1 locID: 102650153408070141 bcsId: 0,size=4194304]} | ret=SUCCESS |  
2019-08-20 16:03:58,141 [grpc-default-executor-5] INFO  client.GrpcClientProtocolClient (GrpcClientProtocolClient.java:onNext(255)) - client-EAA342753240->9a4a4c23-9ff3-4ce3-a619-2c71c0869997: receive RaftClientReply:client-EAA342753240->9a4a4c23-9ff3-4ce3-a619-2c71c0869997@group-EC4211DF0353, cid=1663, SUCCESS, logIndex=2388, commits[9a4a4c23-9ff3-4ce3-a619-2c71c0869997:c2389, 9b0072ab-15b3-4973-9bcb-7fa02f6bfea9:c2387, 9f215ef2-7d46-4cda-b695-cae1b893f75f:c2385]
2019-08-20 16:03:58,141 [grpc-default-executor-5] INFO  client.GrpcClientProtocolClient (GrpcClientProtocolClient.java:onNext(255)) - client-EAA342753240->9a4a4c23-9ff3-4ce3-a619-2c71c0869997: receive RaftClientReply:client-EAA342753240->9a4a4c23-9ff3-4ce3-a619-2c71c0869997@group-EC4211DF0353, cid=1664, SUCCESS, logIndex=2389, commits[9a4a4c23-9ff3-4ce3-a619-2c71c0869997:c2389, 9b0072ab-15b3-4973-9bcb-7fa02f6bfea9:c2387, 9f215ef2-7d46-4cda-b695-cae1b893f75f:c2385]
2019-08-20 16:03:58,141 | INFO  | DNAudit | user=null | ip=null | op=WRITE_CHUNK {blockData=conID: 1 locID: 102650153408070141 bcsId: 2385} | ret=SUCCESS |  
2019-08-20 16:03:58,142 | INFO  | DNAudit | user=null | ip=null | op=WRITE_CHUNK {blockData=conID: 1 locID: 102650153408070141 bcsId: 2385} | ret=SUCCESS |  
2019-08-20 16:03:58,142 | INFO  | DNAudit | user=null | ip=null | op=PUT_BLOCK {blockData=[blockId=conID: 1 locID: 102650153408070141 bcsId: 0,size=4194304]} | ret=SUCCESS |  
2019-08-20 16:03:58,143 | INFO  | DNAudit | user=null | ip=null | op=PUT_BLOCK {blockData=[blockId=conID: 1 locID: 102650153408070141 bcsId: 0,size=4194304]} | ret=SUCCESS |  
2019-08-20 16:03:58,143 [grpc-default-executor-3] INFO  client.GrpcClientProtocolClient (GrpcClientProtocolClient.java:onNext(255)) - client-EAA342753240->9a4a4c23-9ff3-4ce3-a619-2c71c0869997: receive RaftClientReply:client-EAA342753240->9a4a4c23-9ff3-4ce3-a619-2c71c0869997@group-EC4211DF0353, cid=1665, SUCCESS, logIndex=0, commits[9a4a4c23-9ff3-4ce3-a619-2c71c0869997:c2391, 9b0072ab-15b3-4973-9bcb-7fa02f6bfea9:c2389, 9f215ef2-7d46-4cda-b695-cae1b893f75f:c2389]
2019-08-20 16:03:58,146 | INFO  | SCMAudit | user=jenkins1000 | ip=192.168.69.96 | op=ALLOCATE_BLOCK {owner=ea4851f9-218c-4af7-91b4-edb777a4888c, size=4194304, type=RATIS, factor=THREE} | ret=SUCCESS |  
2019-08-20 16:03:58,148 | INFO  | OMAudit | user=jenkins1000 | ip=127.0.0.1 | op=ALLOCATE_BLOCK {volume=vol-0-94146, bucket=bucket-0-90789, key=key-0-25609, dataSize=0, replicationType=null, replicationFactor=null, keyLocationInfo=null, clientID=102650152704082322} | ret=SUCCESS |  
2019-08-20 16:03:58,154 | INFO  | DNAudit | user=null | ip=null | op=WRITE_CHUNK {blockData=conID: 2 locID: 102650153411936766 bcsId: 0} | ret=SUCCESS |  
2019-08-20 16:03:58,156 | INFO  | DNAudit | user=null | ip=null | op=WRITE_CHUNK {blockData=conID: 2 locID: 102650153411936766 bcsId: 0} | ret=SUCCESS |  
2019-08-20 16:03:58,156 | INFO  | DNAudit | user=null | ip=null | op=WRITE_CHUNK {blockData=conID: 2 locID: 102650153411936766 bcsId: 0} | ret=SUCCESS |  
2019-08-20 16:03:58,156 | INFO  | DNAudit | user=null | ip=null | op=WRITE_CHUNK {blockData=conID: 2 locID: 102650153411936766 bcsId: 0} | ret=SUCCESS |  
2019-08-20 16:03:58,158 | INFO  | DNAudit | user=null | ip=null | op=WRITE_CHUNK {blockData=conID: 2 locID: 102650153411936766 bcsId: 0} | ret=SUCCESS |  
2019-08-20 16:03:58,158 | INFO  | DNAudit | user=null | ip=null | op=WRITE_CHUNK {blockData=conID: 2 locID: 102650153411936766 bcsId: 0} | ret=SUCCESS |  
2019-08-20 16:03:58,168 | INFO  | DNAudit | user=null | ip=null | op=WRITE_CHUNK {blockData=conID: 2 locID: 102650153411936766 bcsId: 0} | ret=SUCCESS |  
2019-08-20 16:03:58,168 | INFO  | DNAudit | user=null | ip=null | op=PUT_BLOCK {blockData=[blockId=conID: 2 locID: 102650153411936766 bcsId: 0,size=1048576]} | ret=SUCCESS |  
2019-08-20 16:03:58,169 [grpc-default-executor-3] INFO  client.GrpcClientProtocolClient (GrpcClientProtocolClient.java:onNext(255)) - client-EAA342753240->9a4a4c23-9ff3-4ce3-a619-2c71c0869997: receive RaftClientReply:client-EAA342753240->9a4a4c23-9ff3-4ce3-a619-2c71c0869997@group-EC4211DF0353, cid=1666, SUCCESS, logIndex=2392, commits[9a4a4c23-9ff3-4ce3-a619-2c71c0869997:c2393, 9b0072ab-15b3-4973-9bcb-7fa02f6bfea9:c2391, 9f215ef2-7d46-4cda-b695-cae1b893f75f:c2391]
2019-08-20 16:03:58,169 | INFO  | DNAudit | user=null | ip=null | op=WRITE_CHUNK {blockData=conID: 2 locID: 102650153411936766 bcsId: 0} | ret=SUCCESS |  
2019-08-20 16:03:58,169 [grpc-default-executor-5] INFO  client.GrpcClientProtocolClient (GrpcClientProtocolClient.java:onNext(255)) - client-EAA342753240->9a4a4c23-9ff3-4ce3-a619-2c71c0869997: receive RaftClientReply:client-EAA342753240->9a4a4c23-9ff3-4ce3-a619-2c71c0869997@group-EC4211DF0353, cid=1667, SUCCESS, logIndex=2393, commits[9a4a4c23-9ff3-4ce3-a619-2c71c0869997:c2394, 9b0072ab-15b3-4973-9bcb-7fa02f6bfea9:c2391, 9f215ef2-7d46-4cda-b695-cae1b893f75f:c2391]
2019-08-20 16:03:58,169 | INFO  | DNAudit | user=null | ip=null | op=PUT_BLOCK {blockData=[blockId=conID: 2 locID: 102650153411936766 bcsId: 0,size=2097152]} | ret=SUCCESS |  
2019-08-20 16:03:58,170 | INFO  | DNAudit | user=null | ip=null | op=WRITE_CHUNK {blockData=conID: 2 locID: 102650153411936766 bcsId: 0} | ret=SUCCESS |  
2019-08-20 16:03:58,169 [grpc-default-executor-5] INFO  client.GrpcClientProtocolClient (GrpcClientProtocolClient.java:onNext(255)) - client-EAA342753240->9a4a4c23-9ff3-4ce3-a619-2c71c0869997: receive RaftClientReply:client-EAA342753240->9a4a4c23-9ff3-4ce3-a619-2c71c0869997@group-EC4211DF0353, cid=1668, SUCCESS, logIndex=2394, commits[9a4a4c23-9ff3-4ce3-a619-2c71c0869997:c2395, 9b0072ab-15b3-4973-9bcb-7fa02f6bfea9:c2391, 9f215ef2-7d46-4cda-b695-cae1b893f75f:c2391]
2019-08-20 16:03:58,170 | INFO  | DNAudit | user=null | ip=null | op=PUT_BLOCK {blockData=[blockId=conID: 2 locID: 102650153411936766 bcsId: 0,size=1048576]} | ret=SUCCESS |  
2019-08-20 16:03:58,170 [grpc-default-executor-1] INFO  client.GrpcClientProtocolClient (GrpcClientProtocolClient.java:onNext(255)) - client-EAA342753240->9a4a4c23-9ff3-4ce3-a619-2c71c0869997: receive RaftClientReply:client-EAA342753240->9a4a4c23-9ff3-4ce3-a619-2c71c0869997@group-EC4211DF0353, cid=1669, SUCCESS, logIndex=2395, commits[9a4a4c23-9ff3-4ce3-a619-2c71c0869997:c2395, 9b0072ab-15b3-4973-9bcb-7fa02f6bfea9:c2391, 9f215ef2-7d46-4cda-b695-cae1b893f75f:c2391]
2019-08-20 16:03:58,170 | INFO  | DNAudit | user=null | ip=null | op=WRITE_CHUNK {blockData=conID: 2 locID: 102650153411936766 bcsId: 0} | ret=SUCCESS |  
2019-08-20 16:03:58,171 | INFO  | DNAudit | user=null | ip=null | op=PUT_BLOCK {blockData=[blockId=conID: 2 locID: 102650153411936766 bcsId: 0,size=1048576]} | ret=SUCCESS |  
2019-08-20 16:03:58,171 | INFO  | DNAudit | user=null | ip=null | op=WRITE_CHUNK {blockData=conID: 2 locID: 102650153411936766 bcsId: 0} | ret=SUCCESS |  
2019-08-20 16:03:58,171 [grpc-default-executor-5] INFO  client.GrpcClientProtocolClient (GrpcClientProtocolClient.java:onNext(255)) - client-EAA342753240->9a4a4c23-9ff3-4ce3-a619-2c71c0869997: receive RaftClientReply:client-EAA342753240->9a4a4c23-9ff3-4ce3-a619-2c71c0869997@group-EC4211DF0353, cid=1670, SUCCESS, logIndex=0, commits[9a4a4c23-9ff3-4ce3-a619-2c71c0869997:c2397, 9b0072ab-15b3-4973-9bcb-7fa02f6bfea9:c2393, 9f215ef2-7d46-4cda-b695-cae1b893f75f:c2393]
2019-08-20 16:03:58,171 | INFO  | DNAudit | user=null | ip=null | op=PUT_BLOCK {blockData=[blockId=conID: 2 locID: 102650153411936766 bcsId: 0,size=2097152]} | ret=SUCCESS |  
2019-08-20 16:03:58,171 | INFO  | DNAudit | user=null | ip=null | op=WRITE_CHUNK {blockData=conID: 2 locID: 102650153411936766 bcsId: 0} | ret=SUCCESS |  
2019-08-20 16:03:58,172 | INFO  | DNAudit | user=null | ip=null | op=PUT_BLOCK {blockData=[blockId=conID: 2 locID: 102650153411936766 bcsId: 0,size=2097152]} | ret=SUCCESS |  
2019-08-20 16:03:58,177 | INFO  | DNAudit | user=null | ip=null | op=WRITE_CHUNK {blockData=conID: 2 locID: 102650153411936766 bcsId: 2395} | ret=SUCCESS |  
2019-08-20 16:03:58,179 | INFO  | DNAudit | user=null | ip=null | op=WRITE_CHUNK {blockData=conID: 2 locID: 102650153411936766 bcsId: 2395} | ret=SUCCESS |  
2019-08-20 16:03:58,179 | INFO  | DNAudit | user=null | ip=null | op=WRITE_CHUNK {blockData=conID: 2 locID: 102650153411936766 bcsId: 2395} | ret=SUCCESS |  
2019-08-20 16:03:58,189 | INFO  | DNAudit | user=null | ip=null | op=WRITE_CHUNK {blockData=conID: 2 locID: 102650153411936766 bcsId: 2395} | ret=SUCCESS |  
2019-08-20 16:03:58,190 | INFO  | DNAudit | user=null | ip=null | op=PUT_BLOCK {blockData=[blockId=conID: 2 locID: 102650153411936766 bcsId: 0,size=3145728]} | ret=SUCCESS |  
2019-08-20 16:03:58,190 [grpc-default-executor-1] INFO  client.GrpcClientProtocolClient (GrpcClientProtocolClient.java:onNext(255)) - client-EAA342753240->9a4a4c23-9ff3-4ce3-a619-2c71c0869997: receive RaftClientReply:client-EAA342753240->9a4a4c23-9ff3-4ce3-a619-2c71c0869997@group-EC4211DF0353, cid=1671, SUCCESS, logIndex=2400, commits[9a4a4c23-9ff3-4ce3-a619-2c71c0869997:c2401, 9b0072ab-15b3-4973-9bcb-7fa02f6bfea9:c2399, 9f215ef2-7d46-4cda-b695-cae1b893f75f:c2399]
2019-08-20 16:03:58,190 [grpc-default-executor-1] INFO  client.GrpcClientProtocolClient (GrpcClientProtocolClient.java:onNext(255)) - client-EAA342753240->9a4a4c23-9ff3-4ce3-a619-2c71c0869997: receive RaftClientReply:client-EAA342753240->9a4a4c23-9ff3-4ce3-a619-2c71c0869997@group-EC4211DF0353, cid=1672, SUCCESS, logIndex=2401, commits[9a4a4c23-9ff3-4ce3-a619-2c71c0869997:c2401, 9b0072ab-15b3-4973-9bcb-7fa02f6bfea9:c2399, 9f215ef2-7d46-4cda-b695-cae1b893f75f:c2399]
2019-08-20 16:03:58,196 | INFO  | DNAudit | user=null | ip=null | op=WRITE_CHUNK {blockData=conID: 2 locID: 102650153411936766 bcsId: 2401} | ret=SUCCESS |  
2019-08-20 16:03:58,198 | INFO  | DNAudit | user=null | ip=null | op=WRITE_CHUNK {blockData=conID: 2 locID: 102650153411936766 bcsId: 2401} | ret=SUCCESS |  
2019-08-20 16:03:58,198 | INFO  | DNAudit | user=null | ip=null | op=WRITE_CHUNK {blockData=conID: 2 locID: 102650153411936766 bcsId: 2401} | ret=SUCCESS |  
2019-08-20 16:03:58,201 | INFO  | DNAudit | user=null | ip=null | op=WRITE_CHUNK {blockData=conID: 2 locID: 102650153411936766 bcsId: 2395} | ret=SUCCESS |  
2019-08-20 16:03:58,201 | INFO  | DNAudit | user=null | ip=null | op=WRITE_CHUNK {blockData=conID: 2 locID: 102650153411936766 bcsId: 2395} | ret=SUCCESS |  
2019-08-20 16:03:58,202 | INFO  | DNAudit | user=null | ip=null | op=PUT_BLOCK {blockData=[blockId=conID: 2 locID: 102650153411936766 bcsId: 0,size=3145728]} | ret=SUCCESS |  
2019-08-20 16:03:58,202 | INFO  | DNAudit | user=null | ip=null | op=PUT_BLOCK {blockData=[blockId=conID: 2 locID: 102650153411936766 bcsId: 0,size=3145728]} | ret=SUCCESS |  
2019-08-20 16:03:58,203 | INFO  | DNAudit | user=null | ip=null | op=WRITE_CHUNK {blockData=conID: 2 locID: 102650153411936766 bcsId: 2401} | ret=SUCCESS |  
2019-08-20 16:03:58,203 | INFO  | DNAudit | user=null | ip=null | op=PUT_BLOCK {blockData=[blockId=conID: 2 locID: 102650153411936766 bcsId: 0,size=4194304]} | ret=SUCCESS |  
2019-08-20 16:03:58,203 [grpc-default-executor-1] INFO  client.GrpcClientProtocolClient (GrpcClientProtocolClient.java:onNext(255)) - client-EAA342753240->9a4a4c23-9ff3-4ce3-a619-2c71c0869997: receive RaftClientReply:client-EAA342753240->9a4a4c23-9ff3-4ce3-a619-2c71c0869997@group-EC4211DF0353, cid=1673, SUCCESS, logIndex=2404, commits[9a4a4c23-9ff3-4ce3-a619-2c71c0869997:c2405, 9b0072ab-15b3-4973-9bcb-7fa02f6bfea9:c2401, 9f215ef2-7d46-4cda-b695-cae1b893f75f:c2401]
2019-08-20 16:03:58,204 [grpc-default-executor-1] INFO  client.GrpcClientProtocolClient (GrpcClientProtocolClient.java:onNext(255)) - client-EAA342753240->9a4a4c23-9ff3-4ce3-a619-2c71c0869997: receive RaftClientReply:client-EAA342753240->9a4a4c23-9ff3-4ce3-a619-2c71c0869997@group-EC4211DF0353, cid=1674, SUCCESS, logIndex=2405, commits[9a4a4c23-9ff3-4ce3-a619-2c71c0869997:c2405, 9b0072ab-15b3-4973-9bcb-7fa02f6bfea9:c2401, 9f215ef2-7d46-4cda-b695-cae1b893f75f:c2401]
2019-08-20 16:03:58,214 | INFO  | DNAudit | user=null | ip=null | op=WRITE_CHUNK {blockData=conID: 2 locID: 102650153411936766 bcsId: 2401} | ret=SUCCESS |  
2019-08-20 16:03:58,214 | INFO  | DNAudit | user=null | ip=null | op=WRITE_CHUNK {blockData=conID: 2 locID: 102650153411936766 bcsId: 2401} | ret=SUCCESS |  
2019-08-20 16:03:58,215 | INFO  | DNAudit | user=null | ip=null | op=PUT_BLOCK {blockData=[blockId=conID: 2 locID: 102650153411936766 bcsId: 0,size=4194304]} | ret=SUCCESS |  
2019-08-20 16:03:58,215 | INFO  | DNAudit | user=null | ip=null | op=PUT_BLOCK {blockData=[blockId=conID: 2 locID: 102650153411936766 bcsId: 0,size=4194304]} | ret=SUCCESS |  
2019-08-20 16:03:58,216 [grpc-default-executor-3] INFO  client.GrpcClientProtocolClient (GrpcClientProtocolClient.java:onNext(255)) - client-EAA342753240->9a4a4c23-9ff3-4ce3-a619-2c71c0869997: receive RaftClientReply:client-EAA342753240->9a4a4c23-9ff3-4ce3-a619-2c71c0869997@group-EC4211DF0353, cid=1675, SUCCESS, logIndex=0, commits[9a4a4c23-9ff3-4ce3-a619-2c71c0869997:c2406, 9b0072ab-15b3-4973-9bcb-7fa02f6bfea9:c2405, 9f215ef2-7d46-4cda-b695-cae1b893f75f:c2405]
2019-08-20 16:03:58,220 | INFO  | SCMAudit | user=jenkins1000 | ip=192.168.69.96 | op=ALLOCATE_BLOCK {owner=ea4851f9-218c-4af7-91b4-edb777a4888c, size=4194304, type=RATIS, factor=THREE} | ret=SUCCESS |  
2019-08-20 16:03:58,223 | INFO  | OMAudit | user=jenkins1000 | ip=127.0.0.1 | op=ALLOCATE_BLOCK {volume=vol-0-94146, bucket=bucket-0-90789, key=key-0-25609, dataSize=0, replicationType=null, replicationFactor=null, keyLocationInfo=null, clientID=102650152704082322} | ret=SUCCESS |  
2019-08-20 16:03:58,229 | INFO  | DNAudit | user=null | ip=null | op=WRITE_CHUNK {blockData=conID: 3 locID: 102650153416786431 bcsId: 0} | ret=SUCCESS |  
2019-08-20 16:03:58,232 | INFO  | DNAudit | user=null | ip=null | op=WRITE_CHUNK {blockData=conID: 3 locID: 102650153416786431 bcsId: 0} | ret=SUCCESS |  
2019-08-20 16:03:58,233 | INFO  | DNAudit | user=null | ip=null | op=WRITE_CHUNK {blockData=conID: 3 locID: 102650153416786431 bcsId: 0} | ret=SUCCESS |  
2019-08-20 16:03:58,233 | INFO  | DNAudit | user=null | ip=null | op=WRITE_CHUNK {blockData=conID: 3 locID: 102650153416786431 bcsId: 0} | ret=SUCCESS |  
2019-08-20 16:03:58,233 | INFO  | DNAudit | user=null | ip=null | op=WRITE_CHUNK {blockData=conID: 3 locID: 102650153416786431 bcsId: 0} | ret=SUCCESS |  
2019-08-20 16:03:58,233 | INFO  | DNAudit | user=null | ip=null | op=WRITE_CHUNK {blockData=conID: 3 locID: 102650153416786431 bcsId: 0} | ret=SUCCESS |  
2019-08-20 16:03:58,241 | INFO  | DNAudit | user=null | ip=null | op=WRITE_CHUNK {blockData=conID: 3 locID: 102650153416786431 bcsId: 0} | ret=SUCCESS |  
2019-08-20 16:03:58,242 | INFO  | DNAudit | user=null | ip=null | op=PUT_BLOCK {blockData=[blockId=conID: 3 locID: 102650153416786431 bcsId: 0,size=1048576]} | ret=SUCCESS |  
2019-08-20 16:03:58,242 [grpc-default-executor-3] INFO  client.GrpcClientProtocolClient (GrpcClientProtocolClient.java:onNext(255)) - client-EAA342753240->9a4a4c23-9ff3-4ce3-a619-2c71c0869997: receive RaftClientReply:client-EAA342753240->9a4a4c23-9ff3-4ce3-a619-2c71c0869997@group-EC4211DF0353, cid=1676, SUCCESS, logIndex=2408, commits[9a4a4c23-9ff3-4ce3-a619-2c71c0869997:c2409, 9b0072ab-15b3-4973-9bcb-7fa02f6bfea9:c2407, 9f215ef2-7d46-4cda-b695-cae1b893f75f:c2407]
2019-08-20 16:03:58,242 | INFO  | DNAudit | user=null | ip=null | op=WRITE_CHUNK {blockData=conID: 3 locID: 102650153416786431 bcsId: 0} | ret=SUCCESS |  
2019-08-20 16:03:58,242 [grpc-default-executor-3] INFO  client.GrpcClientProtocolClient (GrpcClientProtocolClient.java:onNext(255)) - client-EAA342753240->9a4a4c23-9ff3-4ce3-a619-2c71c0869997: receive RaftClientReply:client-EAA342753240->9a4a4c23-9ff3-4ce3-a619-2c71c0869997@group-EC4211DF0353, cid=1677, SUCCESS, logIndex=2409, commits[9a4a4c23-9ff3-4ce3-a619-2c71c0869997:c2411, 9b0072ab-15b3-4973-9bcb-7fa02f6bfea9:c2407, 9f215ef2-7d46-4cda-b695-cae1b893f75f:c2407]
2019-08-20 16:03:58,243 | INFO  | DNAudit | user=null | ip=null | op=PUT_BLOCK {blockData=[blockId=conID: 3 locID: 102650153416786431 bcsId: 0,size=2097152]} | ret=SUCCESS |  
2019-08-20 16:03:58,243 [grpc-default-executor-3] INFO  client.GrpcClientProtocolClient (GrpcClientProtocolClient.java:onNext(255)) - client-EAA342753240->9a4a4c23-9ff3-4ce3-a619-2c71c0869997: receive RaftClientReply:client-EAA342753240->9a4a4c23-9ff3-4ce3-a619-2c71c0869997@group-EC4211DF0353, cid=1678, SUCCESS, logIndex=2410, commits[9a4a4c23-9ff3-4ce3-a619-2c71c0869997:c2411, 9b0072ab-15b3-4973-9bcb-7fa02f6bfea9:c2407, 9f215ef2-7d46-4cda-b695-cae1b893f75f:c2407]
2019-08-20 16:03:58,243 [grpc-default-executor-3] INFO  client.GrpcClientProtocolClient (GrpcClientProtocolClient.java:onNext(255)) - client-EAA342753240->9a4a4c23-9ff3-4ce3-a619-2c71c0869997: receive RaftClientReply:client-EAA342753240->9a4a4c23-9ff3-4ce3-a619-2c71c0869997@group-EC4211DF0353, cid=1679, SUCCESS, logIndex=2411, commits[9a4a4c23-9ff3-4ce3-a619-2c71c0869997:c2411, 9b0072ab-15b3-4973-9bcb-7fa02f6bfea9:c2407, 9f215ef2-7d46-4cda-b695-cae1b893f75f:c2407]
2019-08-20 16:03:58,243 | INFO  | DNAudit | user=null | ip=null | op=WRITE_CHUNK {blockData=conID: 3 locID: 102650153416786431 bcsId: 0} | ret=SUCCESS |  
2019-08-20 16:03:58,244 | INFO  | DNAudit | user=null | ip=null | op=WRITE_CHUNK {blockData=conID: 3 locID: 102650153416786431 bcsId: 0} | ret=SUCCESS |  
2019-08-20 16:03:58,244 | INFO  | DNAudit | user=null | ip=null | op=PUT_BLOCK {blockData=[blockId=conID: 3 locID: 102650153416786431 bcsId: 0,size=1048576]} | ret=SUCCESS |  
2019-08-20 16:03:58,244 | INFO  | DNAudit | user=null | ip=null | op=WRITE_CHUNK {blockData=conID: 3 locID: 102650153416786431 bcsId: 0} | ret=SUCCESS |  
2019-08-20 16:03:58,245 | INFO  | DNAudit | user=null | ip=null | op=PUT_BLOCK {blockData=[blockId=conID: 3 locID: 102650153416786431 bcsId: 0,size=2097152]} | ret=SUCCESS |  
2019-08-20 16:03:58,245 | INFO  | DNAudit | user=null | ip=null | op=PUT_BLOCK {blockData=[blockId=conID: 3 locID: 102650153416786431 bcsId: 0,size=1048576]} | ret=SUCCESS |  
2019-08-20 16:03:58,245 | INFO  | DNAudit | user=null | ip=null | op=WRITE_CHUNK {blockData=conID: 3 locID: 102650153416786431 bcsId: 0} | ret=SUCCESS |  
2019-08-20 16:03:58,245 | INFO  | DNAudit | user=null | ip=null | op=PUT_BLOCK {blockData=[blockId=conID: 3 locID: 102650153416786431 bcsId: 0,size=2097152]} | ret=SUCCESS |  
2019-08-20 16:03:58,245 [grpc-default-executor-5] INFO  client.GrpcClientProtocolClient (GrpcClientProtocolClient.java:onNext(255)) - client-EAA342753240->9a4a4c23-9ff3-4ce3-a619-2c71c0869997: receive RaftClientReply:client-EAA342753240->9a4a4c23-9ff3-4ce3-a619-2c71c0869997@group-EC4211DF0353, cid=1680, SUCCESS, logIndex=0, commits[9a4a4c23-9ff3-4ce3-a619-2c71c0869997:c2415, 9b0072ab-15b3-4973-9bcb-7fa02f6bfea9:c2409, 9f215ef2-7d46-4cda-b695-cae1b893f75f:c2411]
2019-08-20 16:03:58,250 | INFO  | DNAudit | user=null | ip=null | op=WRITE_CHUNK {blockData=conID: 3 locID: 102650153416786431 bcsId: 2411} | ret=SUCCESS |  
2019-08-20 16:03:58,252 | INFO  | DNAudit | user=null | ip=null | op=WRITE_CHUNK {blockData=conID: 3 locID: 102650153416786431 bcsId: 2411} | ret=SUCCESS |  
2019-08-20 16:03:58,253 | INFO  | DNAudit | user=null | ip=null | op=WRITE_CHUNK {blockData=conID: 3 locID: 102650153416786431 bcsId: 2411} | ret=SUCCESS |  
2019-08-20 16:03:58,263 | INFO  | DNAudit | user=null | ip=null | op=WRITE_CHUNK {blockData=conID: 3 locID: 102650153416786431 bcsId: 2411} | ret=SUCCESS |  
2019-08-20 16:03:58,263 | INFO  | DNAudit | user=null | ip=null | op=PUT_BLOCK {blockData=[blockId=conID: 3 locID: 102650153416786431 bcsId: 0,size=3145728]} | ret=SUCCESS |  
2019-08-20 16:03:58,264 [grpc-default-executor-5] INFO  client.GrpcClientProtocolClient (GrpcClientProtocolClient.java:onNext(255)) - client-EAA342753240->9a4a4c23-9ff3-4ce3-a619-2c71c0869997: receive RaftClientReply:client-EAA342753240->9a4a4c23-9ff3-4ce3-a619-2c71c0869997@group-EC4211DF0353, cid=1681, SUCCESS, logIndex=2416, commits[9a4a4c23-9ff3-4ce3-a619-2c71c0869997:c2417, 9b0072ab-15b3-4973-9bcb-7fa02f6bfea9:c2415, 9f215ef2-7d46-4cda-b695-cae1b893f75f:c2415]
2019-08-20 16:03:58,264 [grpc-default-executor-5] INFO  client.GrpcClientProtocolClient (GrpcClientProtocolClient.java:onNext(255)) - client-EAA342753240->9a4a4c23-9ff3-4ce3-a619-2c71c0869997: receive RaftClientReply:client-EAA342753240->9a4a4c23-9ff3-4ce3-a619-2c71c0869997@group-EC4211DF0353, cid=1682, SUCCESS, logIndex=2417, commits[9a4a4c23-9ff3-4ce3-a619-2c71c0869997:c2417, 9b0072ab-15b3-4973-9bcb-7fa02f6bfea9:c2415, 9f215ef2-7d46-4cda-b695-cae1b893f75f:c2415]
2019-08-20 16:03:58,269 | INFO  | DNAudit | user=null | ip=null | op=WRITE_CHUNK {blockData=conID: 3 locID: 102650153416786431 bcsId: 2417} | ret=SUCCESS |  
2019-08-20 16:03:58,271 | INFO  | DNAudit | user=null | ip=null | op=WRITE_CHUNK {blockData=conID: 3 locID: 102650153416786431 bcsId: 2417} | ret=SUCCESS |  
2019-08-20 16:03:58,271 | INFO  | DNAudit | user=null | ip=null | op=WRITE_CHUNK {blockData=conID: 3 locID: 102650153416786431 bcsId: 2417} | ret=SUCCESS |  
2019-08-20 16:03:58,275 | INFO  | DNAudit | user=null | ip=null | op=WRITE_CHUNK {blockData=conID: 3 locID: 102650153416786431 bcsId: 2411} | ret=SUCCESS |  
2019-08-20 16:03:58,275 | INFO  | DNAudit | user=null | ip=null | op=WRITE_CHUNK {blockData=conID: 3 locID: 102650153416786431 bcsId: 2411} | ret=SUCCESS |  
2019-08-20 16:03:58,276 | INFO  | DNAudit | user=null | ip=null | op=PUT_BLOCK {blockData=[blockId=conID: 3 locID: 102650153416786431 bcsId: 0,size=3145728]} | ret=SUCCESS |  
2019-08-20 16:03:58,277 | INFO  | DNAudit | user=null | ip=null | op=PUT_BLOCK {blockData=[blockId=conID: 3 locID: 102650153416786431 bcsId: 0,size=3145728]} | ret=SUCCESS |  
2019-08-20 16:03:58,277 | INFO  | DNAudit | user=null | ip=null | op=WRITE_CHUNK {blockData=conID: 3 locID: 102650153416786431 bcsId: 2417} | ret=SUCCESS |  
2019-08-20 16:03:58,277 | INFO  | DNAudit | user=null | ip=null | op=PUT_BLOCK {blockData=[blockId=conID: 3 locID: 102650153416786431 bcsId: 0,size=4194304]} | ret=SUCCESS |  
2019-08-20 16:03:58,277 [grpc-default-executor-1] INFO  client.GrpcClientProtocolClient (GrpcClientProtocolClient.java:onNext(255)) - client-EAA342753240->9a4a4c23-9ff3-4ce3-a619-2c71c0869997: receive RaftClientReply:client-EAA342753240->9a4a4c23-9ff3-4ce3-a619-2c71c0869997@group-EC4211DF0353, cid=1683, SUCCESS, logIndex=2420, commits[9a4a4c23-9ff3-4ce3-a619-2c71c0869997:c2421, 9b0072ab-15b3-4973-9bcb-7fa02f6bfea9:c2417, 9f215ef2-7d46-4cda-b695-cae1b893f75f:c2417]
2019-08-20 16:03:58,277 [grpc-default-executor-1] INFO  client.GrpcClientProtocolClient (GrpcClientProtocolClient.java:onNext(255)) - client-EAA342753240->9a4a4c23-9ff3-4ce3-a619-2c71c0869997: receive RaftClientReply:client-EAA342753240->9a4a4c23-9ff3-4ce3-a619-2c71c0869997@group-EC4211DF0353, cid=1684, SUCCESS, logIndex=2421, commits[9a4a4c23-9ff3-4ce3-a619-2c71c0869997:c2421, 9b0072ab-15b3-4973-9bcb-7fa02f6bfea9:c2417, 9f215ef2-7d46-4cda-b695-cae1b893f75f:c2417]
2019-08-20 16:03:58,278 | INFO  | DNAudit | user=null | ip=null | op=WRITE_CHUNK {blockData=conID: 3 locID: 102650153416786431 bcsId: 2417} | ret=SUCCESS |  
2019-08-20 16:03:58,278 | INFO  | DNAudit | user=null | ip=null | op=WRITE_CHUNK {blockData=conID: 3 locID: 102650153416786431 bcsId: 2417} | ret=SUCCESS |  
2019-08-20 16:03:58,280 | INFO  | DNAudit | user=null | ip=null | op=PUT_BLOCK {blockData=[blockId=conID: 3 locID: 102650153416786431 bcsId: 0,size=4194304]} | ret=SUCCESS |  
2019-08-20 16:03:58,280 | INFO  | DNAudit | user=null | ip=null | op=PUT_BLOCK {blockData=[blockId=conID: 3 locID: 102650153416786431 bcsId: 0,size=4194304]} | ret=SUCCESS |  
2019-08-20 16:03:58,280 [grpc-default-executor-1] INFO  client.GrpcClientProtocolClient (GrpcClientProtocolClient.java:onNext(255)) - client-EAA342753240->9a4a4c23-9ff3-4ce3-a619-2c71c0869997: receive RaftClientReply:client-EAA342753240->9a4a4c23-9ff3-4ce3-a619-2c71c0869997@group-EC4211DF0353, cid=1685, SUCCESS, logIndex=0, commits[9a4a4c23-9ff3-4ce3-a619-2c71c0869997:c2423, 9b0072ab-15b3-4973-9bcb-7fa02f6bfea9:c2421, 9f215ef2-7d46-4cda-b695-cae1b893f75f:c2421]
2019-08-20 16:03:58,285 | INFO  | SCMAudit | user=jenkins1000 | ip=192.168.69.96 | op=ALLOCATE_BLOCK {owner=ea4851f9-218c-4af7-91b4-edb777a4888c, size=4194304, type=RATIS, factor=THREE} | ret=SUCCESS |  
2019-08-20 16:03:58,288 | INFO  | OMAudit | user=jenkins1000 | ip=127.0.0.1 | op=ALLOCATE_BLOCK {volume=vol-0-94146, bucket=bucket-0-90789, key=key-0-25609, dataSize=0, replicationType=null, replicationFactor=null, keyLocationInfo=null, clientID=102650152704082322} | ret=SUCCESS |  
2019-08-20 16:03:58,294 | INFO  | DNAudit | user=null | ip=null | op=WRITE_CHUNK {blockData=conID: 1 locID: 102650153421046272 bcsId: 0} | ret=SUCCESS |  
2019-08-20 16:03:58,297 | INFO  | DNAudit | user=null | ip=null | op=WRITE_CHUNK {blockData=conID: 1 locID: 102650153421046272 bcsId: 0} | ret=SUCCESS |  
2019-08-20 16:03:58,297 | INFO  | DNAudit | user=null | ip=null | op=WRITE_CHUNK {blockData=conID: 1 locID: 102650153421046272 bcsId: 0} | ret=SUCCESS |  
2019-08-20 16:03:58,297 | INFO  | DNAudit | user=null | ip=null | op=WRITE_CHUNK {blockData=conID: 1 locID: 102650153421046272 bcsId: 0} | ret=SUCCESS |  
2019-08-20 16:03:58,299 | INFO  | DNAudit | user=null | ip=null | op=WRITE_CHUNK {blockData=conID: 1 locID: 102650153421046272 bcsId: 0} | ret=SUCCESS |  
2019-08-20 16:03:58,299 | INFO  | DNAudit | user=null | ip=null | op=WRITE_CHUNK {blockData=conID: 1 locID: 102650153421046272 bcsId: 0} | ret=SUCCESS |  
2019-08-20 16:03:58,299 | INFO  | DNAudit | user=null | ip=null | op=WRITE_CHUNK {blockData=conID: 1 locID: 102650153421046272 bcsId: 0} | ret=SUCCESS |  
2019-08-20 16:03:58,300 | INFO  | DNAudit | user=null | ip=null | op=PUT_BLOCK {blockData=[blockId=conID: 1 locID: 102650153421046272 bcsId: 0,size=1048576]} | ret=SUCCESS |  
2019-08-20 16:03:58,300 [grpc-default-executor-6] INFO  client.GrpcClientProtocolClient (GrpcClientProtocolClient.java:onNext(255)) - client-EAA342753240->9a4a4c23-9ff3-4ce3-a619-2c71c0869997: receive RaftClientReply:client-EAA342753240->9a4a4c23-9ff3-4ce3-a619-2c71c0869997@group-EC4211DF0353, cid=1686, SUCCESS, logIndex=2424, commits[9a4a4c23-9ff3-4ce3-a619-2c71c0869997:c2425, 9b0072ab-15b3-4973-9bcb-7fa02f6bfea9:c2421, 9f215ef2-7d46-4cda-b695-cae1b893f75f:c2423]
2019-08-20 16:03:58,300 [grpc-default-executor-6] INFO  client.GrpcClientProtocolClient (GrpcClientProtocolClient.java:onNext(255)) - client-EAA342753240->9a4a4c23-9ff3-4ce3-a619-2c71c0869997: receive RaftClientReply:client-EAA342753240->9a4a4c23-9ff3-4ce3-a619-2c71c0869997@group-EC4211DF0353, cid=1687, SUCCESS, logIndex=2425, commits[9a4a4c23-9ff3-4ce3-a619-2c71c0869997:c2425, 9b0072ab-15b3-4973-9bcb-7fa02f6bfea9:c2421, 9f215ef2-7d46-4cda-b695-cae1b893f75f:c2423]
2019-08-20 16:03:58,301 | INFO  | DNAudit | user=null | ip=null | op=WRITE_CHUNK {blockData=conID: 1 locID: 102650153421046272 bcsId: 0} | ret=SUCCESS |  
2019-08-20 16:03:58,301 | INFO  | DNAudit | user=null | ip=null | op=PUT_BLOCK {blockData=[blockId=conID: 1 locID: 102650153421046272 bcsId: 0,size=2097152]} | ret=SUCCESS |  
2019-08-20 16:03:58,301 [grpc-default-executor-6] INFO  client.GrpcClientProtocolClient (GrpcClientProtocolClient.java:onNext(255)) - client-EAA342753240->9a4a4c23-9ff3-4ce3-a619-2c71c0869997: receive RaftClientReply:client-EAA342753240->9a4a4c23-9ff3-4ce3-a619-2c71c0869997@group-EC4211DF0353, cid=1688, SUCCESS, logIndex=2426, commits[9a4a4c23-9ff3-4ce3-a619-2c71c0869997:c2427, 9b0072ab-15b3-4973-9bcb-7fa02f6bfea9:c2423, 9f215ef2-7d46-4cda-b695-cae1b893f75f:c2423]
2019-08-20 16:03:58,301 | INFO  | DNAudit | user=null | ip=null | op=WRITE_CHUNK {blockData=conID: 1 locID: 102650153421046272 bcsId: 0} | ret=SUCCESS |  
2019-08-20 16:03:58,302 | INFO  | DNAudit | user=null | ip=null | op=PUT_BLOCK {blockData=[blockId=conID: 1 locID: 102650153421046272 bcsId: 0,size=1048576]} | ret=SUCCESS |  
2019-08-20 16:03:58,302 | INFO  | DNAudit | user=null | ip=null | op=WRITE_CHUNK {blockData=conID: 1 locID: 102650153421046272 bcsId: 0} | ret=SUCCESS |  
2019-08-20 16:03:58,302 [grpc-default-executor-1] INFO  client.GrpcClientProtocolClient (GrpcClientProtocolClient.java:onNext(255)) - client-EAA342753240->9a4a4c23-9ff3-4ce3-a619-2c71c0869997: receive RaftClientReply:client-EAA342753240->9a4a4c23-9ff3-4ce3-a619-2c71c0869997@group-EC4211DF0353, cid=1689, SUCCESS, logIndex=2427, commits[9a4a4c23-9ff3-4ce3-a619-2c71c0869997:c2427, 9b0072ab-15b3-4973-9bcb-7fa02f6bfea9:c2423, 9f215ef2-7d46-4cda-b695-cae1b893f75f:c2423]
2019-08-20 16:03:58,302 | INFO  | DNAudit | user=null | ip=null | op=PUT_BLOCK {blockData=[blockId=conID: 1 locID: 102650153421046272 bcsId: 0,size=1048576]} | ret=SUCCESS |  
2019-08-20 16:03:58,302 [grpc-default-executor-1] INFO  client.GrpcClientProtocolClient (GrpcClientProtocolClient.java:onNext(255)) - client-EAA342753240->9a4a4c23-9ff3-4ce3-a619-2c71c0869997: receive RaftClientReply:client-EAA342753240->9a4a4c23-9ff3-4ce3-a619-2c71c0869997@group-EC4211DF0353, cid=1690, SUCCESS, logIndex=0, commits[9a4a4c23-9ff3-4ce3-a619-2c71c0869997:c2429, 9b0072ab-15b3-4973-9bcb-7fa02f6bfea9:c2425, 9f215ef2-7d46-4cda-b695-cae1b893f75f:c2425]
2019-08-20 16:03:58,303 | INFO  | DNAudit | user=null | ip=null | op=WRITE_CHUNK {blockData=conID: 1 locID: 102650153421046272 bcsId: 0} | ret=SUCCESS |  
2019-08-20 16:03:58,303 | INFO  | DNAudit | user=null | ip=null | op=WRITE_CHUNK {blockData=conID: 1 locID: 102650153421046272 bcsId: 0} | ret=SUCCESS |  
2019-08-20 16:03:58,303 | INFO  | DNAudit | user=null | ip=null | op=PUT_BLOCK {blockData=[blockId=conID: 1 locID: 102650153421046272 bcsId: 0,size=2097152]} | ret=SUCCESS |  
2019-08-20 16:03:58,303 | INFO  | DNAudit | user=null | ip=null | op=PUT_BLOCK {blockData=[blockId=conID: 1 locID: 102650153421046272 bcsId: 0,size=2097152]} | ret=SUCCESS |  
2019-08-20 16:03:58,308 | INFO  | DNAudit | user=null | ip=null | op=WRITE_CHUNK {blockData=conID: 1 locID: 102650153421046272 bcsId: 2427} | ret=SUCCESS |  
2019-08-20 16:03:58,309 | INFO  | DNAudit | user=null | ip=null | op=WRITE_CHUNK {blockData=conID: 1 locID: 102650153421046272 bcsId: 2427} | ret=SUCCESS |  
2019-08-20 16:03:58,310 | INFO  | DNAudit | user=null | ip=null | op=WRITE_CHUNK {blockData=conID: 1 locID: 102650153421046272 bcsId: 2427} | ret=SUCCESS |  
2019-08-20 16:03:58,312 | INFO  | DNAudit | user=null | ip=null | op=WRITE_CHUNK {blockData=conID: 1 locID: 102650153421046272 bcsId: 2427} | ret=SUCCESS |  
2019-08-20 16:03:58,313 | INFO  | DNAudit | user=null | ip=null | op=PUT_BLOCK {blockData=[blockId=conID: 1 locID: 102650153421046272 bcsId: 0,size=3145728]} | ret=SUCCESS |  
2019-08-20 16:03:58,313 [grpc-default-executor-5] INFO  client.GrpcClientProtocolClient (GrpcClientProtocolClient.java:onNext(255)) - client-EAA342753240->9a4a4c23-9ff3-4ce3-a619-2c71c0869997: receive RaftClientReply:client-EAA342753240->9a4a4c23-9ff3-4ce3-a619-2c71c0869997@group-EC4211DF0353, cid=1691, SUCCESS, logIndex=2432, commits[9a4a4c23-9ff3-4ce3-a619-2c71c0869997:c2433, 9b0072ab-15b3-4973-9bcb-7fa02f6bfea9:c2431, 9f215ef2-7d46-4cda-b695-cae1b893f75f:c2431]
2019-08-20 16:03:58,313 [grpc-default-executor-5] INFO  client.GrpcClientProtocolClient (GrpcClientProtocolClient.java:onNext(255)) - client-EAA342753240->9a4a4c23-9ff3-4ce3-a619-2c71c0869997: receive RaftClientReply:client-EAA342753240->9a4a4c23-9ff3-4ce3-a619-2c71c0869997@group-EC4211DF0353, cid=1692, SUCCESS, logIndex=2433, commits[9a4a4c23-9ff3-4ce3-a619-2c71c0869997:c2433, 9b0072ab-15b3-4973-9bcb-7fa02f6bfea9:c2431, 9f215ef2-7d46-4cda-b695-cae1b893f75f:c2431]
2019-08-20 16:03:58,314 | INFO  | DNAudit | user=null | ip=null | op=WRITE_CHUNK {blockData=conID: 1 locID: 102650153421046272 bcsId: 2427} | ret=SUCCESS |  
2019-08-20 16:03:58,314 | INFO  | DNAudit | user=null | ip=null | op=WRITE_CHUNK {blockData=conID: 1 locID: 102650153421046272 bcsId: 2427} | ret=SUCCESS |  
2019-08-20 16:03:58,314 | INFO  | DNAudit | user=null | ip=null | op=PUT_BLOCK {blockData=[blockId=conID: 1 locID: 102650153421046272 bcsId: 0,size=3145728]} | ret=SUCCESS |  
2019-08-20 16:03:58,314 | INFO  | DNAudit | user=null | ip=null | op=PUT_BLOCK {blockData=[blockId=conID: 1 locID: 102650153421046272 bcsId: 0,size=3145728]} | ret=SUCCESS |  
2019-08-20 16:03:58,319 | INFO  | DNAudit | user=null | ip=null | op=WRITE_CHUNK {blockData=conID: 1 locID: 102650153421046272 bcsId: 2433} | ret=SUCCESS |  
2019-08-20 16:03:58,321 | INFO  | DNAudit | user=null | ip=null | op=WRITE_CHUNK {blockData=conID: 1 locID: 102650153421046272 bcsId: 2433} | ret=SUCCESS |  
2019-08-20 16:03:58,321 | INFO  | DNAudit | user=null | ip=null | op=WRITE_CHUNK {blockData=conID: 1 locID: 102650153421046272 bcsId: 2433} | ret=SUCCESS |  
2019-08-20 16:03:58,323 | INFO  | DNAudit | user=null | ip=null | op=WRITE_CHUNK {blockData=conID: 1 locID: 102650153421046272 bcsId: 2433} | ret=SUCCESS |  
2019-08-20 16:03:58,324 | INFO  | DNAudit | user=null | ip=null | op=PUT_BLOCK {blockData=[blockId=conID: 1 locID: 102650153421046272 bcsId: 0,size=4194304]} | ret=SUCCESS |  
2019-08-20 16:03:58,324 [grpc-default-executor-5] INFO  client.GrpcClientProtocolClient (GrpcClientProtocolClient.java:onNext(255)) - client-EAA342753240->9a4a4c23-9ff3-4ce3-a619-2c71c0869997: receive RaftClientReply:client-EAA342753240->9a4a4c23-9ff3-4ce3-a619-2c71c0869997@group-EC4211DF0353, cid=1693, SUCCESS, logIndex=2436, commits[9a4a4c23-9ff3-4ce3-a619-2c71c0869997:c2437, 9b0072ab-15b3-4973-9bcb-7fa02f6bfea9:c2433, 9f215ef2-7d46-4cda-b695-cae1b893f75f:c2435]
2019-08-20 16:03:58,324 [grpc-default-executor-5] INFO  client.GrpcClientProtocolClient (GrpcClientProtocolClient.java:onNext(255)) - client-EAA342753240->9a4a4c23-9ff3-4ce3-a619-2c71c0869997: receive RaftClientReply:client-EAA342753240->9a4a4c23-9ff3-4ce3-a619-2c71c0869997@group-EC4211DF0353, cid=1694, SUCCESS, logIndex=2437, commits[9a4a4c23-9ff3-4ce3-a619-2c71c0869997:c2437, 9b0072ab-15b3-4973-9bcb-7fa02f6bfea9:c2433, 9f215ef2-7d46-4cda-b695-cae1b893f75f:c2435]
2019-08-20 16:03:58,326 | INFO  | DNAudit | user=null | ip=null | op=WRITE_CHUNK {blockData=conID: 1 locID: 102650153421046272 bcsId: 2433} | ret=SUCCESS |  
2019-08-20 16:03:58,326 | INFO  | DNAudit | user=null | ip=null | op=PUT_BLOCK {blockData=[blockId=conID: 1 locID: 102650153421046272 bcsId: 0,size=4194304]} | ret=SUCCESS |  
2019-08-20 16:03:58,326 | INFO  | DNAudit | user=null | ip=null | op=WRITE_CHUNK {blockData=conID: 1 locID: 102650153421046272 bcsId: 2433} | ret=SUCCESS |  
2019-08-20 16:03:58,326 | INFO  | DNAudit | user=null | ip=null | op=PUT_BLOCK {blockData=[blockId=conID: 1 locID: 102650153421046272 bcsId: 0,size=4194304]} | ret=SUCCESS |  
2019-08-20 16:03:58,327 [grpc-default-executor-5] INFO  client.GrpcClientProtocolClient (GrpcClientProtocolClient.java:onNext(255)) - client-EAA342753240->9a4a4c23-9ff3-4ce3-a619-2c71c0869997: receive RaftClientReply:client-EAA342753240->9a4a4c23-9ff3-4ce3-a619-2c71c0869997@group-EC4211DF0353, cid=1695, SUCCESS, logIndex=0, commits[9a4a4c23-9ff3-4ce3-a619-2c71c0869997:c2438, 9b0072ab-15b3-4973-9bcb-7fa02f6bfea9:c2437, 9f215ef2-7d46-4cda-b695-cae1b893f75f:c2437]
2019-08-20 16:03:58,330 | INFO  | SCMAudit | user=jenkins1000 | ip=192.168.69.96 | op=ALLOCATE_BLOCK {owner=ea4851f9-218c-4af7-91b4-edb777a4888c, size=4194304, type=RATIS, factor=THREE} | ret=SUCCESS |  
2019-08-20 16:03:58,332 | INFO  | OMAudit | user=jenkins1000 | ip=127.0.0.1 | op=ALLOCATE_BLOCK {volume=vol-0-94146, bucket=bucket-0-90789, key=key-0-25609, dataSize=0, replicationType=null, replicationFactor=null, keyLocationInfo=null, clientID=102650152704082322} | ret=SUCCESS |  
2019-08-20 16:03:58,338 | INFO  | DNAudit | user=null | ip=null | op=WRITE_CHUNK {blockData=conID: 2 locID: 102650153423995393 bcsId: 0} | ret=SUCCESS |  
2019-08-20 16:03:58,340 | INFO  | DNAudit | user=null | ip=null | op=WRITE_CHUNK {blockData=conID: 2 locID: 102650153423995393 bcsId: 0} | ret=SUCCESS |  
2019-08-20 16:03:58,340 | INFO  | DNAudit | user=null | ip=null | op=WRITE_CHUNK {blockData=conID: 2 locID: 102650153423995393 bcsId: 0} | ret=SUCCESS |  
2019-08-20 16:03:58,340 | INFO  | DNAudit | user=null | ip=null | op=WRITE_CHUNK {blockData=conID: 2 locID: 102650153423995393 bcsId: 0} | ret=SUCCESS |  
2019-08-20 16:03:58,342 | INFO  | DNAudit | user=null | ip=null | op=WRITE_CHUNK {blockData=conID: 2 locID: 102650153423995393 bcsId: 0} | ret=SUCCESS |  
2019-08-20 16:03:58,342 | INFO  | DNAudit | user=null | ip=null | op=WRITE_CHUNK {blockData=conID: 2 locID: 102650153423995393 bcsId: 0} | ret=SUCCESS |  
2019-08-20 16:03:58,342 | INFO  | DNAudit | user=null | ip=null | op=PUT_BLOCK {blockData=[blockId=conID: 2 locID: 102650153423995393 bcsId: 0,size=1048576]} | ret=SUCCESS |  
2019-08-20 16:03:58,342 [grpc-default-executor-3] INFO  client.GrpcClientProtocolClient (GrpcClientProtocolClient.java:onNext(255)) - client-EAA342753240->9a4a4c23-9ff3-4ce3-a619-2c71c0869997: receive RaftClientReply:client-EAA342753240->9a4a4c23-9ff3-4ce3-a619-2c71c0869997@group-EC4211DF0353, cid=1696, SUCCESS, logIndex=2440, commits[9a4a4c23-9ff3-4ce3-a619-2c71c0869997:c2441, 9b0072ab-15b3-4973-9bcb-7fa02f6bfea9:c2437, 9f215ef2-7d46-4cda-b695-cae1b893f75f:c2439]
2019-08-20 16:03:58,342 | INFO  | DNAudit | user=null | ip=null | op=WRITE_CHUNK {blockData=conID: 2 locID: 102650153423995393 bcsId: 0} | ret=SUCCESS |  
2019-08-20 16:03:58,343 [grpc-default-executor-3] INFO  client.GrpcClientProtocolClient (GrpcClientProtocolClient.java:onNext(255)) - client-EAA342753240->9a4a4c23-9ff3-4ce3-a619-2c71c0869997: receive RaftClientReply:client-EAA342753240->9a4a4c23-9ff3-4ce3-a619-2c71c0869997@group-EC4211DF0353, cid=1697, SUCCESS, logIndex=2441, commits[9a4a4c23-9ff3-4ce3-a619-2c71c0869997:c2441, 9b0072ab-15b3-4973-9bcb-7fa02f6bfea9:c2439, 9f215ef2-7d46-4cda-b695-cae1b893f75f:c2439]
2019-08-20 16:03:58,344 | INFO  | DNAudit | user=null | ip=null | op=WRITE_CHUNK {blockData=conID: 2 locID: 102650153423995393 bcsId: 0} | ret=SUCCESS |  
2019-08-20 16:03:58,344 | INFO  | DNAudit | user=null | ip=null | op=PUT_BLOCK {blockData=[blockId=conID: 2 locID: 102650153423995393 bcsId: 0,size=1048576]} | ret=SUCCESS |  
2019-08-20 16:03:58,344 | INFO  | DNAudit | user=null | ip=null | op=WRITE_CHUNK {blockData=conID: 2 locID: 102650153423995393 bcsId: 0} | ret=SUCCESS |  
2019-08-20 16:03:58,344 | INFO  | DNAudit | user=null | ip=null | op=PUT_BLOCK {blockData=[blockId=conID: 2 locID: 102650153423995393 bcsId: 0,size=2097152]} | ret=SUCCESS |  
2019-08-20 16:03:58,344 | INFO  | DNAudit | user=null | ip=null | op=WRITE_CHUNK {blockData=conID: 2 locID: 102650153423995393 bcsId: 0} | ret=SUCCESS |  
2019-08-20 16:03:58,344 | INFO  | DNAudit | user=null | ip=null | op=PUT_BLOCK {blockData=[blockId=conID: 2 locID: 102650153423995393 bcsId: 0,size=1048576]} | ret=SUCCESS |  
2019-08-20 16:03:58,344 [grpc-default-executor-1] INFO  client.GrpcClientProtocolClient (GrpcClientProtocolClient.java:onNext(255)) - client-EAA342753240->9a4a4c23-9ff3-4ce3-a619-2c71c0869997: receive RaftClientReply:client-EAA342753240->9a4a4c23-9ff3-4ce3-a619-2c71c0869997@group-EC4211DF0353, cid=1698, SUCCESS, logIndex=2442, commits[9a4a4c23-9ff3-4ce3-a619-2c71c0869997:c2443, 9b0072ab-15b3-4973-9bcb-7fa02f6bfea9:c2439, 9f215ef2-7d46-4cda-b695-cae1b893f75f:c2441]
2019-08-20 16:03:58,345 [grpc-default-executor-1] INFO  client.GrpcClientProtocolClient (GrpcClientProtocolClient.java:onNext(255)) - client-EAA342753240->9a4a4c23-9ff3-4ce3-a619-2c71c0869997: receive RaftClientReply:client-EAA342753240->9a4a4c23-9ff3-4ce3-a619-2c71c0869997@group-EC4211DF0353, cid=1699, SUCCESS, logIndex=2443, commits[9a4a4c23-9ff3-4ce3-a619-2c71c0869997:c2443, 9b0072ab-15b3-4973-9bcb-7fa02f6bfea9:c2440, 9f215ef2-7d46-4cda-b695-cae1b893f75f:c2441]
2019-08-20 16:03:58,345 [grpc-default-executor-1] INFO  client.GrpcClientProtocolClient (GrpcClientProtocolClient.java:onNext(255)) - client-EAA342753240->9a4a4c23-9ff3-4ce3-a619-2c71c0869997: receive RaftClientReply:client-EAA342753240->9a4a4c23-9ff3-4ce3-a619-2c71c0869997@group-EC4211DF0353, cid=1700, SUCCESS, logIndex=0, commits[9a4a4c23-9ff3-4ce3-a619-2c71c0869997:c2445, 9b0072ab-15b3-4973-9bcb-7fa02f6bfea9:c2441, 9f215ef2-7d46-4cda-b695-cae1b893f75f:c2441]
2019-08-20 16:03:58,346 | INFO  | DNAudit | user=null | ip=null | op=WRITE_CHUNK {blockData=conID: 2 locID: 102650153423995393 bcsId: 0} | ret=SUCCESS |  
2019-08-20 16:03:58,346 | INFO  | DNAudit | user=null | ip=null | op=WRITE_CHUNK {blockData=conID: 2 locID: 102650153423995393 bcsId: 0} | ret=SUCCESS |  
2019-08-20 16:03:58,346 | INFO  | DNAudit | user=null | ip=null | op=PUT_BLOCK {blockData=[blockId=conID: 2 locID: 102650153423995393 bcsId: 0,size=2097152]} | ret=SUCCESS |  
2019-08-20 16:03:58,347 | INFO  | DNAudit | user=null | ip=null | op=PUT_BLOCK {blockData=[blockId=conID: 2 locID: 102650153423995393 bcsId: 0,size=2097152]} | ret=SUCCESS |  
2019-08-20 16:03:58,351 | INFO  | DNAudit | user=null | ip=null | op=WRITE_CHUNK {blockData=conID: 2 locID: 102650153423995393 bcsId: 2443} | ret=SUCCESS |  
2019-08-20 16:03:58,353 | INFO  | DNAudit | user=null | ip=null | op=WRITE_CHUNK {blockData=conID: 2 locID: 102650153423995393 bcsId: 2443} | ret=SUCCESS |  
2019-08-20 16:03:58,353 | INFO  | DNAudit | user=null | ip=null | op=WRITE_CHUNK {blockData=conID: 2 locID: 102650153423995393 bcsId: 2443} | ret=SUCCESS |  
2019-08-20 16:03:58,355 | INFO  | DNAudit | user=null | ip=null | op=WRITE_CHUNK {blockData=conID: 2 locID: 102650153423995393 bcsId: 2443} | ret=SUCCESS |  
2019-08-20 16:03:58,355 | INFO  | DNAudit | user=null | ip=null | op=PUT_BLOCK {blockData=[blockId=conID: 2 locID: 102650153423995393 bcsId: 0,size=3145728]} | ret=SUCCESS |  
2019-08-20 16:03:58,355 [grpc-default-executor-6] INFO  client.GrpcClientProtocolClient (GrpcClientProtocolClient.java:onNext(255)) - client-EAA342753240->9a4a4c23-9ff3-4ce3-a619-2c71c0869997: receive RaftClientReply:client-EAA342753240->9a4a4c23-9ff3-4ce3-a619-2c71c0869997@group-EC4211DF0353, cid=1701, SUCCESS, logIndex=2448, commits[9a4a4c23-9ff3-4ce3-a619-2c71c0869997:c2449, 9b0072ab-15b3-4973-9bcb-7fa02f6bfea9:c2443, 9f215ef2-7d46-4cda-b695-cae1b893f75f:c2447]
2019-08-20 16:03:58,356 [grpc-default-executor-6] INFO  client.GrpcClientProtocolClient (GrpcClientProtocolClient.java:onNext(255)) - client-EAA342753240->9a4a4c23-9ff3-4ce3-a619-2c71c0869997: receive RaftClientReply:client-EAA342753240->9a4a4c23-9ff3-4ce3-a619-2c71c0869997@group-EC4211DF0353, cid=1702, SUCCESS, logIndex=2449, commits[9a4a4c23-9ff3-4ce3-a619-2c71c0869997:c2449, 9b0072ab-15b3-4973-9bcb-7fa02f6bfea9:c2447, 9f215ef2-7d46-4cda-b695-cae1b893f75f:c2447]
2019-08-20 16:03:58,356 | INFO  | DNAudit | user=null | ip=null | op=WRITE_CHUNK {blockData=conID: 2 locID: 102650153423995393 bcsId: 2443} | ret=SUCCESS |  
2019-08-20 16:03:58,356 | INFO  | DNAudit | user=null | ip=null | op=WRITE_CHUNK {blockData=conID: 2 locID: 102650153423995393 bcsId: 2443} | ret=SUCCESS |  
2019-08-20 16:03:58,356 | INFO  | DNAudit | user=null | ip=null | op=PUT_BLOCK {blockData=[blockId=conID: 2 locID: 102650153423995393 bcsId: 0,size=3145728]} | ret=SUCCESS |  
2019-08-20 16:03:58,356 | INFO  | DNAudit | user=null | ip=null | op=PUT_BLOCK {blockData=[blockId=conID: 2 locID: 102650153423995393 bcsId: 0,size=3145728]} | ret=SUCCESS |  
2019-08-20 16:03:58,360 | INFO  | DNAudit | user=null | ip=null | op=WRITE_CHUNK {blockData=conID: 2 locID: 102650153423995393 bcsId: 2449} | ret=SUCCESS |  
2019-08-20 16:03:58,362 | INFO  | DNAudit | user=null | ip=null | op=WRITE_CHUNK {blockData=conID: 2 locID: 102650153423995393 bcsId: 2449} | ret=SUCCESS |  
2019-08-20 16:03:58,362 | INFO  | DNAudit | user=null | ip=null | op=WRITE_CHUNK {blockData=conID: 2 locID: 102650153423995393 bcsId: 2449} | ret=SUCCESS |  
2019-08-20 16:03:58,363 | INFO  | DNAudit | user=null | ip=null | op=WRITE_CHUNK {blockData=conID: 2 locID: 102650153423995393 bcsId: 2449} | ret=SUCCESS |  
2019-08-20 16:03:58,364 | INFO  | DNAudit | user=null | ip=null | op=PUT_BLOCK {blockData=[blockId=conID: 2 locID: 102650153423995393 bcsId: 0,size=4194304]} | ret=SUCCESS |  
2019-08-20 16:03:58,364 [grpc-default-executor-1] INFO  client.GrpcClientProtocolClient (GrpcClientProtocolClient.java:onNext(255)) - client-EAA342753240->9a4a4c23-9ff3-4ce3-a619-2c71c0869997: receive RaftClientReply:client-EAA342753240->9a4a4c23-9ff3-4ce3-a619-2c71c0869997@group-EC4211DF0353, cid=1703, SUCCESS, logIndex=2452, commits[9a4a4c23-9ff3-4ce3-a619-2c71c0869997:c2453, 9b0072ab-15b3-4973-9bcb-7fa02f6bfea9:c2451, 9f215ef2-7d46-4cda-b695-cae1b893f75f:c2451]
2019-08-20 16:03:58,364 [grpc-default-executor-1] INFO  client.GrpcClientProtocolClient (GrpcClientProtocolClient.java:onNext(255)) - client-EAA342753240->9a4a4c23-9ff3-4ce3-a619-2c71c0869997: receive RaftClientReply:client-EAA342753240->9a4a4c23-9ff3-4ce3-a619-2c71c0869997@group-EC4211DF0353, cid=1704, SUCCESS, logIndex=2453, commits[9a4a4c23-9ff3-4ce3-a619-2c71c0869997:c2453, 9b0072ab-15b3-4973-9bcb-7fa02f6bfea9:c2451, 9f215ef2-7d46-4cda-b695-cae1b893f75f:c2451]
2019-08-20 16:03:58,365 | INFO  | DNAudit | user=null | ip=null | op=WRITE_CHUNK {blockData=conID: 2 locID: 102650153423995393 bcsId: 2449} | ret=SUCCESS |  
2019-08-20 16:03:58,365 | INFO  | DNAudit | user=null | ip=null | op=WRITE_CHUNK {blockData=conID: 2 locID: 102650153423995393 bcsId: 2449} | ret=SUCCESS |  
2019-08-20 16:03:58,366 | INFO  | DNAudit | user=null | ip=null | op=PUT_BLOCK {blockData=[blockId=conID: 2 locID: 102650153423995393 bcsId: 0,size=4194304]} | ret=SUCCESS |  
2019-08-20 16:03:58,366 | INFO  | DNAudit | user=null | ip=null | op=PUT_BLOCK {blockData=[blockId=conID: 2 locID: 102650153423995393 bcsId: 0,size=4194304]} | ret=SUCCESS |  
2019-08-20 16:03:58,367 [grpc-default-executor-1] INFO  client.GrpcClientProtocolClient (GrpcClientProtocolClient.java:onNext(255)) - client-EAA342753240->9a4a4c23-9ff3-4ce3-a619-2c71c0869997: receive RaftClientReply:client-EAA342753240->9a4a4c23-9ff3-4ce3-a619-2c71c0869997@group-EC4211DF0353, cid=1705, SUCCESS, logIndex=0, commits[9a4a4c23-9ff3-4ce3-a619-2c71c0869997:c2455, 9b0072ab-15b3-4973-9bcb-7fa02f6bfea9:c2453, 9f215ef2-7d46-4cda-b695-cae1b893f75f:c2453]
2019-08-20 16:03:58,370 | INFO  | SCMAudit | user=jenkins1000 | ip=192.168.69.96 | op=ALLOCATE_BLOCK {owner=ea4851f9-218c-4af7-91b4-edb777a4888c, size=4194304, type=RATIS, factor=THREE} | ret=SUCCESS |  
2019-08-20 16:03:58,372 | INFO  | OMAudit | user=jenkins1000 | ip=127.0.0.1 | op=ALLOCATE_BLOCK {volume=vol-0-94146, bucket=bucket-0-90789, key=key-0-25609, dataSize=0, replicationType=null, replicationFactor=null, keyLocationInfo=null, clientID=102650152704082322} | ret=SUCCESS |  
2019-08-20 16:03:58,377 | INFO  | DNAudit | user=null | ip=null | op=WRITE_CHUNK {blockData=conID: 3 locID: 102650153426616834 bcsId: 0} | ret=SUCCESS |  
2019-08-20 16:03:58,379 | INFO  | DNAudit | user=null | ip=null | op=WRITE_CHUNK {blockData=conID: 3 locID: 102650153426616834 bcsId: 0} | ret=SUCCESS |  
2019-08-20 16:03:58,380 | INFO  | DNAudit | user=null | ip=null | op=WRITE_CHUNK {blockData=conID: 3 locID: 102650153426616834 bcsId: 0} | ret=SUCCESS |  
2019-08-20 16:03:58,380 | INFO  | DNAudit | user=null | ip=null | op=WRITE_CHUNK {blockData=conID: 3 locID: 102650153426616834 bcsId: 0} | ret=SUCCESS |  
2019-08-20 16:03:58,381 | INFO  | DNAudit | user=null | ip=null | op=WRITE_CHUNK {blockData=conID: 3 locID: 102650153426616834 bcsId: 0} | ret=SUCCESS |  
2019-08-20 16:03:58,382 | INFO  | DNAudit | user=null | ip=null | op=WRITE_CHUNK {blockData=conID: 3 locID: 102650153426616834 bcsId: 0} | ret=SUCCESS |  
2019-08-20 16:03:58,382 | INFO  | DNAudit | user=null | ip=null | op=PUT_BLOCK {blockData=[blockId=conID: 3 locID: 102650153426616834 bcsId: 0,size=1048576]} | ret=SUCCESS |  
2019-08-20 16:03:58,382 [grpc-default-executor-1] INFO  client.GrpcClientProtocolClient (GrpcClientProtocolClient.java:onNext(255)) - client-EAA342753240->9a4a4c23-9ff3-4ce3-a619-2c71c0869997: receive RaftClientReply:client-EAA342753240->9a4a4c23-9ff3-4ce3-a619-2c71c0869997@group-EC4211DF0353, cid=1706, SUCCESS, logIndex=2456, commits[9a4a4c23-9ff3-4ce3-a619-2c71c0869997:c2457, 9b0072ab-15b3-4973-9bcb-7fa02f6bfea9:c2453, 9f215ef2-7d46-4cda-b695-cae1b893f75f:c2455]
2019-08-20 16:03:58,382 | INFO  | DNAudit | user=null | ip=null | op=WRITE_CHUNK {blockData=conID: 3 locID: 102650153426616834 bcsId: 0} | ret=SUCCESS |  
2019-08-20 16:03:58,382 [grpc-default-executor-1] INFO  client.GrpcClientProtocolClient (GrpcClientProtocolClient.java:onNext(255)) - client-EAA342753240->9a4a4c23-9ff3-4ce3-a619-2c71c0869997: receive RaftClientReply:client-EAA342753240->9a4a4c23-9ff3-4ce3-a619-2c71c0869997@group-EC4211DF0353, cid=1707, SUCCESS, logIndex=2457, commits[9a4a4c23-9ff3-4ce3-a619-2c71c0869997:c2457, 9b0072ab-15b3-4973-9bcb-7fa02f6bfea9:c2455, 9f215ef2-7d46-4cda-b695-cae1b893f75f:c2455]
2019-08-20 16:03:58,383 | INFO  | DNAudit | user=null | ip=null | op=WRITE_CHUNK {blockData=conID: 3 locID: 102650153426616834 bcsId: 0} | ret=SUCCESS |  
2019-08-20 16:03:58,383 | INFO  | DNAudit | user=null | ip=null | op=WRITE_CHUNK {blockData=conID: 3 locID: 102650153426616834 bcsId: 0} | ret=SUCCESS |  
2019-08-20 16:03:58,384 | INFO  | DNAudit | user=null | ip=null | op=PUT_BLOCK {blockData=[blockId=conID: 3 locID: 102650153426616834 bcsId: 0,size=1048576]} | ret=SUCCESS |  
2019-08-20 16:03:58,384 | INFO  | DNAudit | user=null | ip=null | op=WRITE_CHUNK {blockData=conID: 3 locID: 102650153426616834 bcsId: 0} | ret=SUCCESS |  
2019-08-20 16:03:58,384 | INFO  | DNAudit | user=null | ip=null | op=PUT_BLOCK {blockData=[blockId=conID: 3 locID: 102650153426616834 bcsId: 0,size=2097152]} | ret=SUCCESS |  
2019-08-20 16:03:58,384 | INFO  | DNAudit | user=null | ip=null | op=PUT_BLOCK {blockData=[blockId=conID: 3 locID: 102650153426616834 bcsId: 0,size=1048576]} | ret=SUCCESS |  
2019-08-20 16:03:58,384 [grpc-default-executor-5] INFO  client.GrpcClientProtocolClient (GrpcClientProtocolClient.java:onNext(255)) - client-EAA342753240->9a4a4c23-9ff3-4ce3-a619-2c71c0869997: receive RaftClientReply:client-EAA342753240->9a4a4c23-9ff3-4ce3-a619-2c71c0869997@group-EC4211DF0353, cid=1708, SUCCESS, logIndex=2458, commits[9a4a4c23-9ff3-4ce3-a619-2c71c0869997:c2460, 9b0072ab-15b3-4973-9bcb-7fa02f6bfea9:c2457, 9f215ef2-7d46-4cda-b695-cae1b893f75f:c2455]
2019-08-20 16:03:58,384 [grpc-default-executor-5] INFO  client.GrpcClientProtocolClient (GrpcClientProtocolClient.java:onNext(255)) - client-EAA342753240->9a4a4c23-9ff3-4ce3-a619-2c71c0869997: receive RaftClientReply:client-EAA342753240->9a4a4c23-9ff3-4ce3-a619-2c71c0869997@group-EC4211DF0353, cid=1709, SUCCESS, logIndex=2459, commits[9a4a4c23-9ff3-4ce3-a619-2c71c0869997:c2461, 9b0072ab-15b3-4973-9bcb-7fa02f6bfea9:c2457, 9f215ef2-7d46-4cda-b695-cae1b893f75f:c2457]
2019-08-20 16:03:58,385 | INFO  | DNAudit | user=null | ip=null | op=WRITE_CHUNK {blockData=conID: 3 locID: 102650153426616834 bcsId: 0} | ret=SUCCESS |  
2019-08-20 16:03:58,385 | INFO  | DNAudit | user=null | ip=null | op=PUT_BLOCK {blockData=[blockId=conID: 3 locID: 102650153426616834 bcsId: 0,size=2097152]} | ret=SUCCESS |  
2019-08-20 16:03:58,385 | INFO  | DNAudit | user=null | ip=null | op=WRITE_CHUNK {blockData=conID: 3 locID: 102650153426616834 bcsId: 0} | ret=SUCCESS |  
2019-08-20 16:03:58,386 | INFO  | DNAudit | user=null | ip=null | op=PUT_BLOCK {blockData=[blockId=conID: 3 locID: 102650153426616834 bcsId: 0,size=2097152]} | ret=SUCCESS |  
2019-08-20 16:03:58,389 | INFO  | DNAudit | user=null | ip=null | op=WRITE_CHUNK {blockData=conID: 3 locID: 102650153426616834 bcsId: 2459} | ret=SUCCESS |  
2019-08-20 16:03:58,391 | INFO  | DNAudit | user=null | ip=null | op=WRITE_CHUNK {blockData=conID: 3 locID: 102650153426616834 bcsId: 2459} | ret=SUCCESS |  
2019-08-20 16:03:58,391 | INFO  | DNAudit | user=null | ip=null | op=WRITE_CHUNK {blockData=conID: 3 locID: 102650153426616834 bcsId: 2459} | ret=SUCCESS |  
2019-08-20 16:03:58,393 | INFO  | DNAudit | user=null | ip=null | op=WRITE_CHUNK {blockData=conID: 3 locID: 102650153426616834 bcsId: 2459} | ret=SUCCESS |  
2019-08-20 16:03:58,393 | INFO  | DNAudit | user=null | ip=null | op=PUT_BLOCK {blockData=[blockId=conID: 3 locID: 102650153426616834 bcsId: 0,size=3145728]} | ret=SUCCESS |  
2019-08-20 16:03:58,394 [grpc-default-executor-5] INFO  client.GrpcClientProtocolClient (GrpcClientProtocolClient.java:onNext(255)) - client-EAA342753240->9a4a4c23-9ff3-4ce3-a619-2c71c0869997: receive RaftClientReply:client-EAA342753240->9a4a4c23-9ff3-4ce3-a619-2c71c0869997@group-EC4211DF0353, cid=1710, SUCCESS, logIndex=2464, commits[9a4a4c23-9ff3-4ce3-a619-2c71c0869997:c2465, 9b0072ab-15b3-4973-9bcb-7fa02f6bfea9:c2463, 9f215ef2-7d46-4cda-b695-cae1b893f75f:c2459]
2019-08-20 16:03:58,394 [grpc-default-executor-5] INFO  client.GrpcClientProtocolClient (GrpcClientProtocolClient.java:onNext(255)) - client-EAA342753240->9a4a4c23-9ff3-4ce3-a619-2c71c0869997: receive RaftClientReply:client-EAA342753240->9a4a4c23-9ff3-4ce3-a619-2c71c0869997@group-EC4211DF0353, cid=1711, SUCCESS, logIndex=2465, commits[9a4a4c23-9ff3-4ce3-a619-2c71c0869997:c2465, 9b0072ab-15b3-4973-9bcb-7fa02f6bfea9:c2463, 9f215ef2-7d46-4cda-b695-cae1b893f75f:c2459]
2019-08-20 16:03:58,394 | INFO  | DNAudit | user=null | ip=null | op=WRITE_CHUNK {blockData=conID: 3 locID: 102650153426616834 bcsId: 2459} | ret=SUCCESS |  
2019-08-20 16:03:58,394 | INFO  | DNAudit | user=null | ip=null | op=WRITE_CHUNK {blockData=conID: 3 locID: 102650153426616834 bcsId: 2459} | ret=SUCCESS |  
2019-08-20 16:03:58,394 | INFO  | DNAudit | user=null | ip=null | op=PUT_BLOCK {blockData=[blockId=conID: 3 locID: 102650153426616834 bcsId: 0,size=3145728]} | ret=SUCCESS |  
2019-08-20 16:03:58,395 | INFO  | DNAudit | user=null | ip=null | op=PUT_BLOCK {blockData=[blockId=conID: 3 locID: 102650153426616834 bcsId: 0,size=3145728]} | ret=SUCCESS |  
2019-08-20 16:03:58,399 | INFO  | DNAudit | user=null | ip=null | op=WRITE_CHUNK {blockData=conID: 3 locID: 102650153426616834 bcsId: 2465} | ret=SUCCESS |  
2019-08-20 16:03:58,400 | INFO  | DNAudit | user=null | ip=null | op=WRITE_CHUNK {blockData=conID: 3 locID: 102650153426616834 bcsId: 2465} | ret=SUCCESS |  
2019-08-20 16:03:58,400 | INFO  | DNAudit | user=null | ip=null | op=WRITE_CHUNK {blockData=conID: 3 locID: 102650153426616834 bcsId: 2465} | ret=SUCCESS |  
2019-08-20 16:03:58,417 | INFO  | SCMAudit | user=jenkins1000 | ip=192.168.69.96 | op=SEND_HEARTBEAT {datanodeUUID=9f215ef2-7d46-4cda-b695-cae1b893f75f, command=[]} | ret=SUCCESS |  
2019-08-20 16:03:58,417 | INFO  | SCMAudit | user=jenkins1000 | ip=192.168.69.96 | op=SEND_HEARTBEAT {datanodeUUID=9a4a4c23-9ff3-4ce3-a619-2c71c0869997, command=[]} | ret=SUCCESS |  
2019-08-20 16:03:58,418 | INFO  | DNAudit | user=null | ip=null | op=WRITE_CHUNK {blockData=conID: 3 locID: 102650153426616834 bcsId: 2465} | ret=SUCCESS |  
2019-08-20 16:03:58,418 | INFO  | DNAudit | user=null | ip=null | op=PUT_BLOCK {blockData=[blockId=conID: 3 locID: 102650153426616834 bcsId: 0,size=4194304]} | ret=SUCCESS |  
2019-08-20 16:03:58,418 [grpc-default-executor-3] INFO  client.GrpcClientProtocolClient (GrpcClientProtocolClient.java:onNext(255)) - client-EAA342753240->9a4a4c23-9ff3-4ce3-a619-2c71c0869997: receive RaftClientReply:client-EAA342753240->9a4a4c23-9ff3-4ce3-a619-2c71c0869997@group-EC4211DF0353, cid=1712, SUCCESS, logIndex=2468, commits[9a4a4c23-9ff3-4ce3-a619-2c71c0869997:c2469, 9b0072ab-15b3-4973-9bcb-7fa02f6bfea9:c2467, 9f215ef2-7d46-4cda-b695-cae1b893f75f:c2467]
2019-08-20 16:03:58,418 [grpc-default-executor-3] INFO  client.GrpcClientProtocolClient (GrpcClientProtocolClient.java:onNext(255)) - client-EAA342753240->9a4a4c23-9ff3-4ce3-a619-2c71c0869997: receive RaftClientReply:client-EAA342753240->9a4a4c23-9ff3-4ce3-a619-2c71c0869997@group-EC4211DF0353, cid=1713, SUCCESS, logIndex=2469, commits[9a4a4c23-9ff3-4ce3-a619-2c71c0869997:c2469, 9b0072ab-15b3-4973-9bcb-7fa02f6bfea9:c2467, 9f215ef2-7d46-4cda-b695-cae1b893f75f:c2467]
2019-08-20 16:03:58,418 | INFO  | SCMAudit | user=jenkins1000 | ip=192.168.69.96 | op=SEND_HEARTBEAT {datanodeUUID=9b0072ab-15b3-4973-9bcb-7fa02f6bfea9, command=[]} | ret=SUCCESS |  
 0.00% |█                                                                                                    |  0/1 Time: 0:00:112019-08-20 16:03:58,429 | INFO  | DNAudit | user=null | ip=null | op=WRITE_CHUNK {blockData=conID: 3 locID: 102650153426616834 bcsId: 2465} | ret=SUCCESS |  
2019-08-20 16:03:58,429 | INFO  | DNAudit | user=null | ip=null | op=WRITE_CHUNK {blockData=conID: 3 locID: 102650153426616834 bcsId: 2465} | ret=SUCCESS |  
2019-08-20 16:03:58,430 | INFO  | DNAudit | user=null | ip=null | op=PUT_BLOCK {blockData=[blockId=conID: 3 locID: 102650153426616834 bcsId: 0,size=4194304]} | ret=SUCCESS |  
2019-08-20 16:03:58,430 | INFO  | DNAudit | user=null | ip=null | op=PUT_BLOCK {blockData=[blockId=conID: 3 locID: 102650153426616834 bcsId: 0,size=4194304]} | ret=SUCCESS |  
2019-08-20 16:03:58,430 [grpc-default-executor-5] INFO  client.GrpcClientProtocolClient (GrpcClientProtocolClient.java:onNext(255)) - client-EAA342753240->9a4a4c23-9ff3-4ce3-a619-2c71c0869997: receive RaftClientReply:client-EAA342753240->9a4a4c23-9ff3-4ce3-a619-2c71c0869997@group-EC4211DF0353, cid=1714, SUCCESS, logIndex=0, commits[9a4a4c23-9ff3-4ce3-a619-2c71c0869997:c2471, 9b0072ab-15b3-4973-9bcb-7fa02f6bfea9:c2469, 9f215ef2-7d46-4cda-b695-cae1b893f75f:c2469]
2019-08-20 16:03:58,433 | INFO  | SCMAudit | user=jenkins1000 | ip=192.168.69.96 | op=ALLOCATE_BLOCK {owner=ea4851f9-218c-4af7-91b4-edb777a4888c, size=4194304, type=RATIS, factor=THREE} | ret=SUCCESS |  
2019-08-20 16:03:58,435 | INFO  | OMAudit | user=jenkins1000 | ip=127.0.0.1 | op=ALLOCATE_BLOCK {volume=vol-0-94146, bucket=bucket-0-90789, key=key-0-25609, dataSize=0, replicationType=null, replicationFactor=null, keyLocationInfo=null, clientID=102650152704082322} | ret=SUCCESS |  
2019-08-20 16:03:58,441 | INFO  | DNAudit | user=null | ip=null | op=WRITE_CHUNK {blockData=conID: 1 locID: 102650153430745603 bcsId: 0} | ret=SUCCESS |  
2019-08-20 16:03:58,541 | INFO  | DNAudit | user=null | ip=null | op=WRITE_CHUNK {blockData=conID: 1 locID: 102650153430745603 bcsId: 0} | ret=SUCCESS |  
2019-08-20 16:03:58,541 | INFO  | DNAudit | user=null | ip=null | op=WRITE_CHUNK {blockData=conID: 1 locID: 102650153430745603 bcsId: 0} | ret=SUCCESS |  
2019-08-20 16:03:58,542 | INFO  | DNAudit | user=null | ip=null | op=WRITE_CHUNK {blockData=conID: 1 locID: 102650153430745603 bcsId: 0} | ret=SUCCESS |  
2019-08-20 16:03:58,544 | INFO  | DNAudit | user=null | ip=null | op=WRITE_CHUNK {blockData=conID: 1 locID: 102650153430745603 bcsId: 0} | ret=SUCCESS |  
2019-08-20 16:03:58,544 | INFO  | DNAudit | user=null | ip=null | op=WRITE_CHUNK {blockData=conID: 1 locID: 102650153430745603 bcsId: 0} | ret=SUCCESS |  
2019-08-20 16:03:58,566 | INFO  | DNAudit | user=null | ip=null | op=WRITE_CHUNK {blockData=conID: 1 locID: 102650153430745603 bcsId: 0} | ret=SUCCESS |  
2019-08-20 16:03:58,566 | INFO  | DNAudit | user=null | ip=null | op=PUT_BLOCK {blockData=[blockId=conID: 1 locID: 102650153430745603 bcsId: 0,size=1048576]} | ret=SUCCESS |  
2019-08-20 16:03:58,566 [grpc-default-executor-3] INFO  client.GrpcClientProtocolClient (GrpcClientProtocolClient.java:onNext(255)) - client-EAA342753240->9a4a4c23-9ff3-4ce3-a619-2c71c0869997: receive RaftClientReply:client-EAA342753240->9a4a4c23-9ff3-4ce3-a619-2c71c0869997@group-EC4211DF0353, cid=1715, SUCCESS, logIndex=2472, commits[9a4a4c23-9ff3-4ce3-a619-2c71c0869997:c2473, 9b0072ab-15b3-4973-9bcb-7fa02f6bfea9:c2471, 9f215ef2-7d46-4cda-b695-cae1b893f75f:c2471]
2019-08-20 16:03:58,567 [grpc-default-executor-3] INFO  client.GrpcClientProtocolClient (GrpcClientProtocolClient.java:onNext(255)) - client-EAA342753240->9a4a4c23-9ff3-4ce3-a619-2c71c0869997: receive RaftClientReply:client-EAA342753240->9a4a4c23-9ff3-4ce3-a619-2c71c0869997@group-EC4211DF0353, cid=1716, SUCCESS, logIndex=2473, commits[9a4a4c23-9ff3-4ce3-a619-2c71c0869997:c2473, 9b0072ab-15b3-4973-9bcb-7fa02f6bfea9:c2471, 9f215ef2-7d46-4cda-b695-cae1b893f75f:c2471]
2019-08-20 16:03:58,577 | INFO  | DNAudit | user=null | ip=null | op=WRITE_CHUNK {blockData=conID: 1 locID: 102650153430745603 bcsId: 0} | ret=SUCCESS |  
2019-08-20 16:03:58,577 | INFO  | DNAudit | user=null | ip=null | op=PUT_BLOCK {blockData=[blockId=conID: 1 locID: 102650153430745603 bcsId: 0,size=2097152]} | ret=SUCCESS |  
2019-08-20 16:03:58,577 | INFO  | DNAudit | user=null | ip=null | op=WRITE_CHUNK {blockData=conID: 1 locID: 102650153430745603 bcsId: 0} | ret=SUCCESS |  
2019-08-20 16:03:58,577 [grpc-default-executor-1] INFO  client.GrpcClientProtocolClient (GrpcClientProtocolClient.java:onNext(255)) - client-EAA342753240->9a4a4c23-9ff3-4ce3-a619-2c71c0869997: receive RaftClientReply:client-EAA342753240->9a4a4c23-9ff3-4ce3-a619-2c71c0869997@group-EC4211DF0353, cid=1717, SUCCESS, logIndex=2474, commits[9a4a4c23-9ff3-4ce3-a619-2c71c0869997:c2475, 9b0072ab-15b3-4973-9bcb-7fa02f6bfea9:c2471, 9f215ef2-7d46-4cda-b695-cae1b893f75f:c2471]
2019-08-20 16:03:58,578 | INFO  | DNAudit | user=null | ip=null | op=PUT_BLOCK {blockData=[blockId=conID: 1 locID: 102650153430745603 bcsId: 0,size=1048576]} | ret=SUCCESS |  
2019-08-20 16:03:58,578 [grpc-default-executor-3] INFO  client.GrpcClientProtocolClient (GrpcClientProtocolClient.java:onNext(255)) - client-EAA342753240->9a4a4c23-9ff3-4ce3-a619-2c71c0869997: receive RaftClientReply:client-EAA342753240->9a4a4c23-9ff3-4ce3-a619-2c71c0869997@group-EC4211DF0353, cid=1718, SUCCESS, logIndex=2475, commits[9a4a4c23-9ff3-4ce3-a619-2c71c0869997:c2476, 9b0072ab-15b3-4973-9bcb-7fa02f6bfea9:c2472, 9f215ef2-7d46-4cda-b695-cae1b893f75f:c2471]
2019-08-20 16:03:58,579 | INFO  | DNAudit | user=null | ip=null | op=WRITE_CHUNK {blockData=conID: 1 locID: 102650153430745603 bcsId: 0} | ret=SUCCESS |  
2019-08-20 16:03:58,580 | INFO  | DNAudit | user=null | ip=null | op=PUT_BLOCK {blockData=[blockId=conID: 1 locID: 102650153430745603 bcsId: 0,size=1048576]} | ret=SUCCESS |  
2019-08-20 16:03:58,580 [grpc-default-executor-3] INFO  client.GrpcClientProtocolClient (GrpcClientProtocolClient.java:onNext(255)) - client-EAA342753240->9a4a4c23-9ff3-4ce3-a619-2c71c0869997: receive RaftClientReply:client-EAA342753240->9a4a4c23-9ff3-4ce3-a619-2c71c0869997@group-EC4211DF0353, cid=1719, SUCCESS, logIndex=0, commits[9a4a4c23-9ff3-4ce3-a619-2c71c0869997:c2477, 9b0072ab-15b3-4973-9bcb-7fa02f6bfea9:c2473, 9f215ef2-7d46-4cda-b695-cae1b893f75f:c2473]
2019-08-20 16:03:58,588 | INFO  | DNAudit | user=null | ip=null | op=WRITE_CHUNK {blockData=conID: 1 locID: 102650153430745603 bcsId: 2475} | ret=SUCCESS |  
2019-08-20 16:03:58,590 | INFO  | DNAudit | user=null | ip=null | op=WRITE_CHUNK {blockData=conID: 1 locID: 102650153430745603 bcsId: 2475} | ret=SUCCESS |  
2019-08-20 16:03:58,590 | INFO  | DNAudit | user=null | ip=null | op=WRITE_CHUNK {blockData=conID: 1 locID: 102650153430745603 bcsId: 2475} | ret=SUCCESS |  
2019-08-20 16:03:58,591 | INFO  | DNAudit | user=null | ip=null | op=WRITE_CHUNK {blockData=conID: 1 locID: 102650153430745603 bcsId: 0} | ret=SUCCESS |  
2019-08-20 16:03:58,591 | INFO  | DNAudit | user=null | ip=null | op=PUT_BLOCK {blockData=[blockId=conID: 1 locID: 102650153430745603 bcsId: 0,size=2097152]} | ret=SUCCESS |  
2019-08-20 16:03:58,591 | INFO  | DNAudit | user=null | ip=null | op=WRITE_CHUNK {blockData=conID: 1 locID: 102650153430745603 bcsId: 0} | ret=SUCCESS |  
2019-08-20 16:03:58,591 | INFO  | DNAudit | user=null | ip=null | op=PUT_BLOCK {blockData=[blockId=conID: 1 locID: 102650153430745603 bcsId: 0,size=2097152]} | ret=SUCCESS |  
2019-08-20 16:03:58,594 | INFO  | DNAudit | user=null | ip=null | op=WRITE_CHUNK {blockData=conID: 1 locID: 102650153430745603 bcsId: 2475} | ret=SUCCESS |  
2019-08-20 16:03:58,594 | INFO  | DNAudit | user=null | ip=null | op=PUT_BLOCK {blockData=[blockId=conID: 1 locID: 102650153430745603 bcsId: 0,size=3145728]} | ret=SUCCESS |  
2019-08-20 16:03:58,594 [grpc-default-executor-1] INFO  client.GrpcClientProtocolClient (GrpcClientProtocolClient.java:onNext(255)) - client-EAA342753240->9a4a4c23-9ff3-4ce3-a619-2c71c0869997: receive RaftClientReply:client-EAA342753240->9a4a4c23-9ff3-4ce3-a619-2c71c0869997@group-EC4211DF0353, cid=1720, SUCCESS, logIndex=2480, commits[9a4a4c23-9ff3-4ce3-a619-2c71c0869997:c2481, 9b0072ab-15b3-4973-9bcb-7fa02f6bfea9:c2477, 9f215ef2-7d46-4cda-b695-cae1b893f75f:c2477]
2019-08-20 16:03:58,595 [grpc-default-executor-1] INFO  client.GrpcClientProtocolClient (GrpcClientProtocolClient.java:onNext(255)) - client-EAA342753240->9a4a4c23-9ff3-4ce3-a619-2c71c0869997: receive RaftClientReply:client-EAA342753240->9a4a4c23-9ff3-4ce3-a619-2c71c0869997@group-EC4211DF0353, cid=1721, SUCCESS, logIndex=2481, commits[9a4a4c23-9ff3-4ce3-a619-2c71c0869997:c2481, 9b0072ab-15b3-4973-9bcb-7fa02f6bfea9:c2477, 9f215ef2-7d46-4cda-b695-cae1b893f75f:c2477]
2019-08-20 16:03:58,602 | INFO  | DNAudit | user=null | ip=null | op=WRITE_CHUNK {blockData=conID: 1 locID: 102650153430745603 bcsId: 2481} | ret=SUCCESS |  
2019-08-20 16:03:58,604 | INFO  | DNAudit | user=null | ip=null | op=WRITE_CHUNK {blockData=conID: 1 locID: 102650153430745603 bcsId: 2481} | ret=SUCCESS |  
2019-08-20 16:03:58,604 | INFO  | DNAudit | user=null | ip=null | op=WRITE_CHUNK {blockData=conID: 1 locID: 102650153430745603 bcsId: 2481} | ret=SUCCESS |  
2019-08-20 16:03:58,606 | INFO  | DNAudit | user=null | ip=null | op=WRITE_CHUNK {blockData=conID: 1 locID: 102650153430745603 bcsId: 2475} | ret=SUCCESS |  
2019-08-20 16:03:58,606 | INFO  | DNAudit | user=null | ip=null | op=WRITE_CHUNK {blockData=conID: 1 locID: 102650153430745603 bcsId: 2475} | ret=SUCCESS |  
2019-08-20 16:03:58,606 | INFO  | DNAudit | user=null | ip=null | op=PUT_BLOCK {blockData=[blockId=conID: 1 locID: 102650153430745603 bcsId: 0,size=3145728]} | ret=SUCCESS |  
2019-08-20 16:03:58,606 | INFO  | DNAudit | user=null | ip=null | op=PUT_BLOCK {blockData=[blockId=conID: 1 locID: 102650153430745603 bcsId: 0,size=3145728]} | ret=SUCCESS |  
2019-08-20 16:03:58,609 | INFO  | DNAudit | user=null | ip=null | op=WRITE_CHUNK {blockData=conID: 1 locID: 102650153430745603 bcsId: 2481} | ret=SUCCESS |  
2019-08-20 16:03:58,609 | INFO  | DNAudit | user=null | ip=null | op=PUT_BLOCK {blockData=[blockId=conID: 1 locID: 102650153430745603 bcsId: 0,size=4194304]} | ret=SUCCESS |  
2019-08-20 16:03:58,609 [grpc-default-executor-3] INFO  client.GrpcClientProtocolClient (GrpcClientProtocolClient.java:onNext(255)) - client-EAA342753240->9a4a4c23-9ff3-4ce3-a619-2c71c0869997: receive RaftClientReply:client-EAA342753240->9a4a4c23-9ff3-4ce3-a619-2c71c0869997@group-EC4211DF0353, cid=1722, SUCCESS, logIndex=2483, commits[9a4a4c23-9ff3-4ce3-a619-2c71c0869997:c2484, 9b0072ab-15b3-4973-9bcb-7fa02f6bfea9:c2481, 9f215ef2-7d46-4cda-b695-cae1b893f75f:c2481]
2019-08-20 16:03:58,610 [grpc-default-executor-3] INFO  client.GrpcClientProtocolClient (GrpcClientProtocolClient.java:onNext(255)) - client-EAA342753240->9a4a4c23-9ff3-4ce3-a619-2c71c0869997: receive RaftClientReply:client-EAA342753240->9a4a4c23-9ff3-4ce3-a619-2c71c0869997@group-EC4211DF0353, cid=1723, SUCCESS, logIndex=2484, commits[9a4a4c23-9ff3-4ce3-a619-2c71c0869997:c2484, 9b0072ab-15b3-4973-9bcb-7fa02f6bfea9:c2481, 9f215ef2-7d46-4cda-b695-cae1b893f75f:c2481]
2019-08-20 16:03:58,620 | INFO  | DNAudit | user=null | ip=null | op=WRITE_CHUNK {blockData=conID: 1 locID: 102650153430745603 bcsId: 2481} | ret=SUCCESS |  
2019-08-20 16:03:58,620 | INFO  | DNAudit | user=null | ip=null | op=WRITE_CHUNK {blockData=conID: 1 locID: 102650153430745603 bcsId: 2481} | ret=SUCCESS |  
2019-08-20 16:03:58,621 | INFO  | DNAudit | user=null | ip=null | op=PUT_BLOCK {blockData=[blockId=conID: 1 locID: 102650153430745603 bcsId: 0,size=4194304]} | ret=SUCCESS |  
2019-08-20 16:03:58,621 | INFO  | DNAudit | user=null | ip=null | op=PUT_BLOCK {blockData=[blockId=conID: 1 locID: 102650153430745603 bcsId: 0,size=4194304]} | ret=SUCCESS |  
2019-08-20 16:03:58,621 [grpc-default-executor-3] INFO  client.GrpcClientProtocolClient (GrpcClientProtocolClient.java:onNext(255)) - client-EAA342753240->9a4a4c23-9ff3-4ce3-a619-2c71c0869997: receive RaftClientReply:client-EAA342753240->9a4a4c23-9ff3-4ce3-a619-2c71c0869997@group-EC4211DF0353, cid=1724, SUCCESS, logIndex=0, commits[9a4a4c23-9ff3-4ce3-a619-2c71c0869997:c2486, 9b0072ab-15b3-4973-9bcb-7fa02f6bfea9:c2484, 9f215ef2-7d46-4cda-b695-cae1b893f75f:c2484]
2019-08-20 16:03:58,626 | INFO  | SCMAudit | user=jenkins1000 | ip=192.168.69.96 | op=ALLOCATE_BLOCK {owner=ea4851f9-218c-4af7-91b4-edb777a4888c, size=4194304, type=RATIS, factor=THREE} | ret=SUCCESS |  
2019-08-20 16:03:58,629 | INFO  | OMAudit | user=jenkins1000 | ip=127.0.0.1 | op=ALLOCATE_BLOCK {volume=vol-0-94146, bucket=bucket-0-90789, key=key-0-25609, dataSize=0, replicationType=null, replicationFactor=null, keyLocationInfo=null, clientID=102650152704082322} | ret=SUCCESS |  
2019-08-20 16:03:58,634 | INFO  | DNAudit | user=null | ip=null | op=WRITE_CHUNK {blockData=conID: 2 locID: 102650153443394052 bcsId: 0} | ret=SUCCESS |  
2019-08-20 16:03:58,637 | INFO  | DNAudit | user=null | ip=null | op=WRITE_CHUNK {blockData=conID: 2 locID: 102650153443394052 bcsId: 0} | ret=SUCCESS |  
2019-08-20 16:03:58,637 | INFO  | DNAudit | user=null | ip=null | op=WRITE_CHUNK {blockData=conID: 2 locID: 102650153443394052 bcsId: 0} | ret=SUCCESS |  
2019-08-20 16:03:58,638 | INFO  | DNAudit | user=null | ip=null | op=WRITE_CHUNK {blockData=conID: 2 locID: 102650153443394052 bcsId: 0} | ret=SUCCESS |  
2019-08-20 16:03:58,638 | INFO  | DNAudit | user=null | ip=null | op=WRITE_CHUNK {blockData=conID: 2 locID: 102650153443394052 bcsId: 0} | ret=SUCCESS |  
2019-08-20 16:03:58,638 | INFO  | DNAudit | user=null | ip=null | op=WRITE_CHUNK {blockData=conID: 2 locID: 102650153443394052 bcsId: 0} | ret=SUCCESS |  
2019-08-20 16:03:58,647 | INFO  | DNAudit | user=null | ip=null | op=WRITE_CHUNK {blockData=conID: 2 locID: 102650153443394052 bcsId: 0} | ret=SUCCESS |  
2019-08-20 16:03:58,648 | INFO  | DNAudit | user=null | ip=null | op=PUT_BLOCK {blockData=[blockId=conID: 2 locID: 102650153443394052 bcsId: 0,size=1048576]} | ret=SUCCESS |  
2019-08-20 16:03:58,648 [grpc-default-executor-5] INFO  client.GrpcClientProtocolClient (GrpcClientProtocolClient.java:onNext(255)) - client-EAA342753240->9a4a4c23-9ff3-4ce3-a619-2c71c0869997: receive RaftClientReply:client-EAA342753240->9a4a4c23-9ff3-4ce3-a619-2c71c0869997@group-EC4211DF0353, cid=1725, SUCCESS, logIndex=2487, commits[9a4a4c23-9ff3-4ce3-a619-2c71c0869997:c2489, 9b0072ab-15b3-4973-9bcb-7fa02f6bfea9:c2486, 9f215ef2-7d46-4cda-b695-cae1b893f75f:c2486]
2019-08-20 16:03:58,648 | INFO  | DNAudit | user=null | ip=null | op=WRITE_CHUNK {blockData=conID: 2 locID: 102650153443394052 bcsId: 0} | ret=SUCCESS |  
2019-08-20 16:03:58,648 [grpc-default-executor-5] INFO  client.GrpcClientProtocolClient (GrpcClientProtocolClient.java:onNext(255)) - client-EAA342753240->9a4a4c23-9ff3-4ce3-a619-2c71c0869997: receive RaftClientReply:client-EAA342753240->9a4a4c23-9ff3-4ce3-a619-2c71c0869997@group-EC4211DF0353, cid=1726, SUCCESS, logIndex=2488, commits[9a4a4c23-9ff3-4ce3-a619-2c71c0869997:c2490, 9b0072ab-15b3-4973-9bcb-7fa02f6bfea9:c2486, 9f215ef2-7d46-4cda-b695-cae1b893f75f:c2486]
2019-08-20 16:03:58,648 | INFO  | DNAudit | user=null | ip=null | op=WRITE_CHUNK {blockData=conID: 2 locID: 102650153443394052 bcsId: 0} | ret=SUCCESS |  
2019-08-20 16:03:58,649 | INFO  | DNAudit | user=null | ip=null | op=WRITE_CHUNK {blockData=conID: 2 locID: 102650153443394052 bcsId: 0} | ret=SUCCESS |  
2019-08-20 16:03:58,649 | INFO  | DNAudit | user=null | ip=null | op=PUT_BLOCK {blockData=[blockId=conID: 2 locID: 102650153443394052 bcsId: 0,size=2097152]} | ret=SUCCESS |  
2019-08-20 16:03:58,649 | INFO  | DNAudit | user=null | ip=null | op=PUT_BLOCK {blockData=[blockId=conID: 2 locID: 102650153443394052 bcsId: 0,size=1048576]} | ret=SUCCESS |  
2019-08-20 16:03:58,649 | INFO  | DNAudit | user=null | ip=null | op=PUT_BLOCK {blockData=[blockId=conID: 2 locID: 102650153443394052 bcsId: 0,size=1048576]} | ret=SUCCESS |  
2019-08-20 16:03:58,649 [grpc-default-executor-3] INFO  client.GrpcClientProtocolClient (GrpcClientProtocolClient.java:onNext(255)) - client-EAA342753240->9a4a4c23-9ff3-4ce3-a619-2c71c0869997: receive RaftClientReply:client-EAA342753240->9a4a4c23-9ff3-4ce3-a619-2c71c0869997@group-EC4211DF0353, cid=1727, SUCCESS, logIndex=2489, commits[9a4a4c23-9ff3-4ce3-a619-2c71c0869997:c2490, 9b0072ab-15b3-4973-9bcb-7fa02f6bfea9:c2486, 9f215ef2-7d46-4cda-b695-cae1b893f75f:c2486]
2019-08-20 16:03:58,649 [grpc-default-executor-3] INFO  client.GrpcClientProtocolClient (GrpcClientProtocolClient.java:onNext(255)) - client-EAA342753240->9a4a4c23-9ff3-4ce3-a619-2c71c0869997: receive RaftClientReply:client-EAA342753240->9a4a4c23-9ff3-4ce3-a619-2c71c0869997@group-EC4211DF0353, cid=1728, SUCCESS, logIndex=2490, commits[9a4a4c23-9ff3-4ce3-a619-2c71c0869997:c2491, 9b0072ab-15b3-4973-9bcb-7fa02f6bfea9:c2488, 9f215ef2-7d46-4cda-b695-cae1b893f75f:c2487]
2019-08-20 16:03:58,650 [grpc-default-executor-3] INFO  client.GrpcClientProtocolClient (GrpcClientProtocolClient.java:onNext(255)) - client-EAA342753240->9a4a4c23-9ff3-4ce3-a619-2c71c0869997: receive RaftClientReply:client-EAA342753240->9a4a4c23-9ff3-4ce3-a619-2c71c0869997@group-EC4211DF0353, cid=1729, SUCCESS, logIndex=0, commits[9a4a4c23-9ff3-4ce3-a619-2c71c0869997:c2492, 9b0072ab-15b3-4973-9bcb-7fa02f6bfea9:c2488, 9f215ef2-7d46-4cda-b695-cae1b893f75f:c2488]
2019-08-20 16:03:58,651 | INFO  | DNAudit | user=null | ip=null | op=WRITE_CHUNK {blockData=conID: 2 locID: 102650153443394052 bcsId: 0} | ret=SUCCESS |  
2019-08-20 16:03:58,652 | INFO  | DNAudit | user=null | ip=null | op=PUT_BLOCK {blockData=[blockId=conID: 2 locID: 102650153443394052 bcsId: 0,size=2097152]} | ret=SUCCESS |  
2019-08-20 16:03:58,653 | INFO  | DNAudit | user=null | ip=null | op=WRITE_CHUNK {blockData=conID: 2 locID: 102650153443394052 bcsId: 0} | ret=SUCCESS |  
2019-08-20 16:03:58,653 | INFO  | DNAudit | user=null | ip=null | op=PUT_BLOCK {blockData=[blockId=conID: 2 locID: 102650153443394052 bcsId: 0,size=2097152]} | ret=SUCCESS |  
2019-08-20 16:03:58,656 | INFO  | DNAudit | user=null | ip=null | op=WRITE_CHUNK {blockData=conID: 2 locID: 102650153443394052 bcsId: 2490} | ret=SUCCESS |  
2019-08-20 16:03:58,658 | INFO  | DNAudit | user=null | ip=null | op=WRITE_CHUNK {blockData=conID: 2 locID: 102650153443394052 bcsId: 2490} | ret=SUCCESS |  
2019-08-20 16:03:58,658 | INFO  | DNAudit | user=null | ip=null | op=WRITE_CHUNK {blockData=conID: 2 locID: 102650153443394052 bcsId: 2490} | ret=SUCCESS |  
2019-08-20 16:03:58,671 | INFO  | DNAudit | user=null | ip=null | op=WRITE_CHUNK {blockData=conID: 2 locID: 102650153443394052 bcsId: 2490} | ret=SUCCESS |  
2019-08-20 16:03:58,671 | INFO  | DNAudit | user=null | ip=null | op=PUT_BLOCK {blockData=[blockId=conID: 2 locID: 102650153443394052 bcsId: 0,size=3145728]} | ret=SUCCESS |  
2019-08-20 16:03:58,671 [grpc-default-executor-1] INFO  client.GrpcClientProtocolClient (GrpcClientProtocolClient.java:onNext(255)) - client-EAA342753240->9a4a4c23-9ff3-4ce3-a619-2c71c0869997: receive RaftClientReply:client-EAA342753240->9a4a4c23-9ff3-4ce3-a619-2c71c0869997@group-EC4211DF0353, cid=1730, SUCCESS, logIndex=2495, commits[9a4a4c23-9ff3-4ce3-a619-2c71c0869997:c2496, 9b0072ab-15b3-4973-9bcb-7fa02f6bfea9:c2494, 9f215ef2-7d46-4cda-b695-cae1b893f75f:c2494]
2019-08-20 16:03:58,672 [grpc-default-executor-1] INFO  client.GrpcClientProtocolClient (GrpcClientProtocolClient.java:onNext(255)) - client-EAA342753240->9a4a4c23-9ff3-4ce3-a619-2c71c0869997: receive RaftClientReply:client-EAA342753240->9a4a4c23-9ff3-4ce3-a619-2c71c0869997@group-EC4211DF0353, cid=1731, SUCCESS, logIndex=2496, commits[9a4a4c23-9ff3-4ce3-a619-2c71c0869997:c2496, 9b0072ab-15b3-4973-9bcb-7fa02f6bfea9:c2494, 9f215ef2-7d46-4cda-b695-cae1b893f75f:c2494]
2019-08-20 16:03:58,677 | INFO  | DNAudit | user=null | ip=null | op=WRITE_CHUNK {blockData=conID: 2 locID: 102650153443394052 bcsId: 2496} | ret=SUCCESS |  
2019-08-20 16:03:58,679 | INFO  | DNAudit | user=null | ip=null | op=WRITE_CHUNK {blockData=conID: 2 locID: 102650153443394052 bcsId: 2490} | ret=SUCCESS |  
2019-08-20 16:03:58,679 | INFO  | DNAudit | user=null | ip=null | op=WRITE_CHUNK {blockData=conID: 2 locID: 102650153443394052 bcsId: 2490} | ret=SUCCESS |  
2019-08-20 16:03:58,679 | INFO  | DNAudit | user=null | ip=null | op=PUT_BLOCK {blockData=[blockId=conID: 2 locID: 102650153443394052 bcsId: 0,size=3145728]} | ret=SUCCESS |  
2019-08-20 16:03:58,679 | INFO  | DNAudit | user=null | ip=null | op=PUT_BLOCK {blockData=[blockId=conID: 2 locID: 102650153443394052 bcsId: 0,size=3145728]} | ret=SUCCESS |  
2019-08-20 16:03:58,679 | INFO  | DNAudit | user=null | ip=null | op=WRITE_CHUNK {blockData=conID: 2 locID: 102650153443394052 bcsId: 2496} | ret=SUCCESS |  
2019-08-20 16:03:58,680 | INFO  | DNAudit | user=null | ip=null | op=WRITE_CHUNK {blockData=conID: 2 locID: 102650153443394052 bcsId: 2496} | ret=SUCCESS |  
2019-08-20 16:03:58,681 | INFO  | DNAudit | user=null | ip=null | op=WRITE_CHUNK {blockData=conID: 2 locID: 102650153443394052 bcsId: 2496} | ret=SUCCESS |  
2019-08-20 16:03:58,681 | INFO  | DNAudit | user=null | ip=null | op=PUT_BLOCK {blockData=[blockId=conID: 2 locID: 102650153443394052 bcsId: 0,size=4194304]} | ret=SUCCESS |  
2019-08-20 16:03:58,681 [grpc-default-executor-3] INFO  client.GrpcClientProtocolClient (GrpcClientProtocolClient.java:onNext(255)) - client-EAA342753240->9a4a4c23-9ff3-4ce3-a619-2c71c0869997: receive RaftClientReply:client-EAA342753240->9a4a4c23-9ff3-4ce3-a619-2c71c0869997@group-EC4211DF0353, cid=1732, SUCCESS, logIndex=2499, commits[9a4a4c23-9ff3-4ce3-a619-2c71c0869997:c2500, 9b0072ab-15b3-4973-9bcb-7fa02f6bfea9:c2496, 9f215ef2-7d46-4cda-b695-cae1b893f75f:c2496]
2019-08-20 16:03:58,682 [grpc-default-executor-5] INFO  client.GrpcClientProtocolClient (GrpcClientProtocolClient.java:onNext(255)) - client-EAA342753240->9a4a4c23-9ff3-4ce3-a619-2c71c0869997: receive RaftClientReply:client-EAA342753240->9a4a4c23-9ff3-4ce3-a619-2c71c0869997@group-EC4211DF0353, cid=1733, SUCCESS, logIndex=2500, commits[9a4a4c23-9ff3-4ce3-a619-2c71c0869997:c2500, 9b0072ab-15b3-4973-9bcb-7fa02f6bfea9:c2496, 9f215ef2-7d46-4cda-b695-cae1b893f75f:c2496]
2019-08-20 16:03:58,682 | INFO  | DNAudit | user=null | ip=null | op=WRITE_CHUNK {blockData=conID: 2 locID: 102650153443394052 bcsId: 2496} | ret=SUCCESS |  
2019-08-20 16:03:58,682 | INFO  | DNAudit | user=null | ip=null | op=WRITE_CHUNK {blockData=conID: 2 locID: 102650153443394052 bcsId: 2496} | ret=SUCCESS |  
2019-08-20 16:03:58,683 | INFO  | DNAudit | user=null | ip=null | op=PUT_BLOCK {blockData=[blockId=conID: 2 locID: 102650153443394052 bcsId: 0,size=4194304]} | ret=SUCCESS |  
2019-08-20 16:03:58,683 | INFO  | DNAudit | user=null | ip=null | op=PUT_BLOCK {blockData=[blockId=conID: 2 locID: 102650153443394052 bcsId: 0,size=4194304]} | ret=SUCCESS |  
2019-08-20 16:03:58,683 [grpc-default-executor-5] INFO  client.GrpcClientProtocolClient (GrpcClientProtocolClient.java:onNext(255)) - client-EAA342753240->9a4a4c23-9ff3-4ce3-a619-2c71c0869997: receive RaftClientReply:client-EAA342753240->9a4a4c23-9ff3-4ce3-a619-2c71c0869997@group-EC4211DF0353, cid=1734, SUCCESS, logIndex=0, commits[9a4a4c23-9ff3-4ce3-a619-2c71c0869997:c2500, 9b0072ab-15b3-4973-9bcb-7fa02f6bfea9:c2500, 9f215ef2-7d46-4cda-b695-cae1b893f75f:c2500]
2019-08-20 16:03:58,688 | INFO  | SCMAudit | user=jenkins1000 | ip=192.168.69.96 | op=ALLOCATE_BLOCK {owner=ea4851f9-218c-4af7-91b4-edb777a4888c, size=4194304, type=RATIS, factor=THREE} | ret=SUCCESS |  
2019-08-20 16:03:58,691 | INFO  | OMAudit | user=jenkins1000 | ip=127.0.0.1 | op=ALLOCATE_BLOCK {volume=vol-0-94146, bucket=bucket-0-90789, key=key-0-25609, dataSize=0, replicationType=null, replicationFactor=null, keyLocationInfo=null, clientID=102650152704082322} | ret=SUCCESS |  
2019-08-20 16:03:58,698 | INFO  | DNAudit | user=null | ip=null | op=WRITE_CHUNK {blockData=conID: 3 locID: 102650153447457285 bcsId: 0} | ret=SUCCESS |  
2019-08-20 16:03:58,700 | INFO  | DNAudit | user=null | ip=null | op=WRITE_CHUNK {blockData=conID: 3 locID: 102650153447457285 bcsId: 0} | ret=SUCCESS |  
2019-08-20 16:03:58,701 | INFO  | DNAudit | user=null | ip=null | op=WRITE_CHUNK {blockData=conID: 3 locID: 102650153447457285 bcsId: 0} | ret=SUCCESS |  
2019-08-20 16:03:58,701 | INFO  | DNAudit | user=null | ip=null | op=WRITE_CHUNK {blockData=conID: 3 locID: 102650153447457285 bcsId: 0} | ret=SUCCESS |  
2019-08-20 16:03:58,703 | INFO  | DNAudit | user=null | ip=null | op=WRITE_CHUNK {blockData=conID: 3 locID: 102650153447457285 bcsId: 0} | ret=SUCCESS |  
2019-08-20 16:03:58,703 | INFO  | DNAudit | user=null | ip=null | op=WRITE_CHUNK {blockData=conID: 3 locID: 102650153447457285 bcsId: 0} | ret=SUCCESS |  
2019-08-20 16:03:58,710 | INFO  | DNAudit | user=null | ip=null | op=WRITE_CHUNK {blockData=conID: 3 locID: 102650153447457285 bcsId: 0} | ret=SUCCESS |  
2019-08-20 16:03:58,711 | INFO  | DNAudit | user=null | ip=null | op=PUT_BLOCK {blockData=[blockId=conID: 3 locID: 102650153447457285 bcsId: 0,size=1048576]} | ret=SUCCESS |  
2019-08-20 16:03:58,711 [grpc-default-executor-3] INFO  client.GrpcClientProtocolClient (GrpcClientProtocolClient.java:onNext(255)) - client-EAA342753240->9a4a4c23-9ff3-4ce3-a619-2c71c0869997: receive RaftClientReply:client-EAA342753240->9a4a4c23-9ff3-4ce3-a619-2c71c0869997@group-EC4211DF0353, cid=1735, SUCCESS, logIndex=2503, commits[9a4a4c23-9ff3-4ce3-a619-2c71c0869997:c2505, 9b0072ab-15b3-4973-9bcb-7fa02f6bfea9:c2502, 9f215ef2-7d46-4cda-b695-cae1b893f75f:c2502]
2019-08-20 16:03:58,711 | INFO  | DNAudit | user=null | ip=null | op=WRITE_CHUNK {blockData=conID: 3 locID: 102650153447457285 bcsId: 0} | ret=SUCCESS |  
2019-08-20 16:03:58,711 [grpc-default-executor-3] INFO  client.GrpcClientProtocolClient (GrpcClientProtocolClient.java:onNext(255)) - client-EAA342753240->9a4a4c23-9ff3-4ce3-a619-2c71c0869997: receive RaftClientReply:client-EAA342753240->9a4a4c23-9ff3-4ce3-a619-2c71c0869997@group-EC4211DF0353, cid=1736, SUCCESS, logIndex=2504, commits[9a4a4c23-9ff3-4ce3-a619-2c71c0869997:c2506, 9b0072ab-15b3-4973-9bcb-7fa02f6bfea9:c2502, 9f215ef2-7d46-4cda-b695-cae1b893f75f:c2502]
2019-08-20 16:03:58,711 | INFO  | DNAudit | user=null | ip=null | op=PUT_BLOCK {blockData=[blockId=conID: 3 locID: 102650153447457285 bcsId: 0,size=2097152]} | ret=SUCCESS |  
2019-08-20 16:03:58,711 [grpc-default-executor-3] INFO  client.GrpcClientProtocolClient (GrpcClientProtocolClient.java:onNext(255)) - client-EAA342753240->9a4a4c23-9ff3-4ce3-a619-2c71c0869997: receive RaftClientReply:client-EAA342753240->9a4a4c23-9ff3-4ce3-a619-2c71c0869997@group-EC4211DF0353, cid=1737, SUCCESS, logIndex=2505, commits[9a4a4c23-9ff3-4ce3-a619-2c71c0869997:c2506, 9b0072ab-15b3-4973-9bcb-7fa02f6bfea9:c2502, 9f215ef2-7d46-4cda-b695-cae1b893f75f:c2502]
2019-08-20 16:03:58,712 | INFO  | DNAudit | user=null | ip=null | op=WRITE_CHUNK {blockData=conID: 3 locID: 102650153447457285 bcsId: 0} | ret=SUCCESS |  
2019-08-20 16:03:58,712 [grpc-default-executor-3] INFO  client.GrpcClientProtocolClient (GrpcClientProtocolClient.java:onNext(255)) - client-EAA342753240->9a4a4c23-9ff3-4ce3-a619-2c71c0869997: receive RaftClientReply:client-EAA342753240->9a4a4c23-9ff3-4ce3-a619-2c71c0869997@group-EC4211DF0353, cid=1738, SUCCESS, logIndex=2506, commits[9a4a4c23-9ff3-4ce3-a619-2c71c0869997:c2506, 9b0072ab-15b3-4973-9bcb-7fa02f6bfea9:c2502, 9f215ef2-7d46-4cda-b695-cae1b893f75f:c2502]
2019-08-20 16:03:58,712 | INFO  | DNAudit | user=null | ip=null | op=WRITE_CHUNK {blockData=conID: 3 locID: 102650153447457285 bcsId: 0} | ret=SUCCESS |  
2019-08-20 16:03:58,713 | INFO  | DNAudit | user=null | ip=null | op=PUT_BLOCK {blockData=[blockId=conID: 3 locID: 102650153447457285 bcsId: 0,size=1048576]} | ret=SUCCESS |  
2019-08-20 16:03:58,713 | INFO  | DNAudit | user=null | ip=null | op=PUT_BLOCK {blockData=[blockId=conID: 3 locID: 102650153447457285 bcsId: 0,size=1048576]} | ret=SUCCESS |  
2019-08-20 16:03:58,713 | INFO  | DNAudit | user=null | ip=null | op=WRITE_CHUNK {blockData=conID: 3 locID: 102650153447457285 bcsId: 0} | ret=SUCCESS |  
2019-08-20 16:03:58,713 | INFO  | DNAudit | user=null | ip=null | op=WRITE_CHUNK {blockData=conID: 3 locID: 102650153447457285 bcsId: 0} | ret=SUCCESS |  
2019-08-20 16:03:58,713 | INFO  | DNAudit | user=null | ip=null | op=PUT_BLOCK {blockData=[blockId=conID: 3 locID: 102650153447457285 bcsId: 0,size=2097152]} | ret=SUCCESS |  
2019-08-20 16:03:58,713 | INFO  | DNAudit | user=null | ip=null | op=PUT_BLOCK {blockData=[blockId=conID: 3 locID: 102650153447457285 bcsId: 0,size=2097152]} | ret=SUCCESS |  
2019-08-20 16:03:58,713 [grpc-default-executor-3] INFO  client.GrpcClientProtocolClient (GrpcClientProtocolClient.java:onNext(255)) - client-EAA342753240->9a4a4c23-9ff3-4ce3-a619-2c71c0869997: receive RaftClientReply:client-EAA342753240->9a4a4c23-9ff3-4ce3-a619-2c71c0869997@group-EC4211DF0353, cid=1739, SUCCESS, logIndex=0, commits[9a4a4c23-9ff3-4ce3-a619-2c71c0869997:c2510, 9b0072ab-15b3-4973-9bcb-7fa02f6bfea9:c2504, 9f215ef2-7d46-4cda-b695-cae1b893f75f:c2506]
2019-08-20 16:03:58,719 | INFO  | DNAudit | user=null | ip=null | op=WRITE_CHUNK {blockData=conID: 3 locID: 102650153447457285 bcsId: 2506} | ret=SUCCESS |  
2019-08-20 16:03:58,721 | INFO  | DNAudit | user=null | ip=null | op=WRITE_CHUNK {blockData=conID: 3 locID: 102650153447457285 bcsId: 2506} | ret=SUCCESS |  
2019-08-20 16:03:58,721 | INFO  | DNAudit | user=null | ip=null | op=WRITE_CHUNK {blockData=conID: 3 locID: 102650153447457285 bcsId: 2506} | ret=SUCCESS |  
2019-08-20 16:03:58,731 | INFO  | DNAudit | user=null | ip=null | op=WRITE_CHUNK {blockData=conID: 3 locID: 102650153447457285 bcsId: 2506} | ret=SUCCESS |  
2019-08-20 16:03:58,732 | INFO  | DNAudit | user=null | ip=null | op=PUT_BLOCK {blockData=[blockId=conID: 3 locID: 102650153447457285 bcsId: 0,size=3145728]} | ret=SUCCESS |  
2019-08-20 16:03:58,732 [grpc-default-executor-1] INFO  client.GrpcClientProtocolClient (GrpcClientProtocolClient.java:onNext(255)) - client-EAA342753240->9a4a4c23-9ff3-4ce3-a619-2c71c0869997: receive RaftClientReply:client-EAA342753240->9a4a4c23-9ff3-4ce3-a619-2c71c0869997@group-EC4211DF0353, cid=1740, SUCCESS, logIndex=2511, commits[9a4a4c23-9ff3-4ce3-a619-2c71c0869997:c2512, 9b0072ab-15b3-4973-9bcb-7fa02f6bfea9:c2510, 9f215ef2-7d46-4cda-b695-cae1b893f75f:c2510]
2019-08-20 16:03:58,732 [grpc-default-executor-1] INFO  client.GrpcClientProtocolClient (GrpcClientProtocolClient.java:onNext(255)) - client-EAA342753240->9a4a4c23-9ff3-4ce3-a619-2c71c0869997: receive RaftClientReply:client-EAA342753240->9a4a4c23-9ff3-4ce3-a619-2c71c0869997@group-EC4211DF0353, cid=1741, SUCCESS, logIndex=2512, commits[9a4a4c23-9ff3-4ce3-a619-2c71c0869997:c2512, 9b0072ab-15b3-4973-9bcb-7fa02f6bfea9:c2510, 9f215ef2-7d46-4cda-b695-cae1b893f75f:c2510]
2019-08-20 16:03:58,739 | INFO  | DNAudit | user=null | ip=null | op=WRITE_CHUNK {blockData=conID: 3 locID: 102650153447457285 bcsId: 2512} | ret=SUCCESS |  
2019-08-20 16:03:58,741 | INFO  | DNAudit | user=null | ip=null | op=WRITE_CHUNK {blockData=conID: 3 locID: 102650153447457285 bcsId: 2512} | ret=SUCCESS |  
2019-08-20 16:03:58,741 | INFO  | DNAudit | user=null | ip=null | op=WRITE_CHUNK {blockData=conID: 3 locID: 102650153447457285 bcsId: 2512} | ret=SUCCESS |  
2019-08-20 16:03:58,743 | INFO  | DNAudit | user=null | ip=null | op=WRITE_CHUNK {blockData=conID: 3 locID: 102650153447457285 bcsId: 2506} | ret=SUCCESS |  
2019-08-20 16:03:58,743 | INFO  | DNAudit | user=null | ip=null | op=WRITE_CHUNK {blockData=conID: 3 locID: 102650153447457285 bcsId: 2506} | ret=SUCCESS |  
2019-08-20 16:03:58,743 | INFO  | DNAudit | user=null | ip=null | op=PUT_BLOCK {blockData=[blockId=conID: 3 locID: 102650153447457285 bcsId: 0,size=3145728]} | ret=SUCCESS |  
2019-08-20 16:03:58,746 | INFO  | DNAudit | user=null | ip=null | op=PUT_BLOCK {blockData=[blockId=conID: 3 locID: 102650153447457285 bcsId: 0,size=3145728]} | ret=SUCCESS |  
2019-08-20 16:03:58,746 | INFO  | DNAudit | user=null | ip=null | op=WRITE_CHUNK {blockData=conID: 3 locID: 102650153447457285 bcsId: 2512} | ret=SUCCESS |  
2019-08-20 16:03:58,746 | INFO  | DNAudit | user=null | ip=null | op=PUT_BLOCK {blockData=[blockId=conID: 3 locID: 102650153447457285 bcsId: 0,size=4194304]} | ret=SUCCESS |  
2019-08-20 16:03:58,747 [grpc-default-executor-5] INFO  client.GrpcClientProtocolClient (GrpcClientProtocolClient.java:onNext(255)) - client-EAA342753240->9a4a4c23-9ff3-4ce3-a619-2c71c0869997: receive RaftClientReply:client-EAA342753240->9a4a4c23-9ff3-4ce3-a619-2c71c0869997@group-EC4211DF0353, cid=1742, SUCCESS, logIndex=2515, commits[9a4a4c23-9ff3-4ce3-a619-2c71c0869997:c2516, 9b0072ab-15b3-4973-9bcb-7fa02f6bfea9:c2512, 9f215ef2-7d46-4cda-b695-cae1b893f75f:c2512]
2019-08-20 16:03:58,747 [grpc-default-executor-5] INFO  client.GrpcClientProtocolClient (GrpcClientProtocolClient.java:onNext(255)) - client-EAA342753240->9a4a4c23-9ff3-4ce3-a619-2c71c0869997: receive RaftClientReply:client-EAA342753240->9a4a4c23-9ff3-4ce3-a619-2c71c0869997@group-EC4211DF0353, cid=1743, SUCCESS, logIndex=2516, commits[9a4a4c23-9ff3-4ce3-a619-2c71c0869997:c2516, 9b0072ab-15b3-4973-9bcb-7fa02f6bfea9:c2512, 9f215ef2-7d46-4cda-b695-cae1b893f75f:c2512]
2019-08-20 16:03:58,757 | INFO  | DNAudit | user=null | ip=null | op=WRITE_CHUNK {blockData=conID: 3 locID: 102650153447457285 bcsId: 2512} | ret=SUCCESS |  
2019-08-20 16:03:58,757 | INFO  | DNAudit | user=null | ip=null | op=WRITE_CHUNK {blockData=conID: 3 locID: 102650153447457285 bcsId: 2512} | ret=SUCCESS |  
2019-08-20 16:03:58,760 | INFO  | DNAudit | user=null | ip=null | op=PUT_BLOCK {blockData=[blockId=conID: 3 locID: 102650153447457285 bcsId: 0,size=4194304]} | ret=SUCCESS |  
2019-08-20 16:03:58,760 | INFO  | DNAudit | user=null | ip=null | op=PUT_BLOCK {blockData=[blockId=conID: 3 locID: 102650153447457285 bcsId: 0,size=4194304]} | ret=SUCCESS |  
2019-08-20 16:03:58,760 [grpc-default-executor-3] INFO  client.GrpcClientProtocolClient (GrpcClientProtocolClient.java:onNext(255)) - client-EAA342753240->9a4a4c23-9ff3-4ce3-a619-2c71c0869997: receive RaftClientReply:client-EAA342753240->9a4a4c23-9ff3-4ce3-a619-2c71c0869997@group-EC4211DF0353, cid=1744, SUCCESS, logIndex=0, commits[9a4a4c23-9ff3-4ce3-a619-2c71c0869997:c2518, 9b0072ab-15b3-4973-9bcb-7fa02f6bfea9:c2516, 9f215ef2-7d46-4cda-b695-cae1b893f75f:c2516]
2019-08-20 16:03:58,764 | INFO  | SCMAudit | user=jenkins1000 | ip=192.168.69.96 | op=ALLOCATE_BLOCK {owner=ea4851f9-218c-4af7-91b4-edb777a4888c, size=4194304, type=RATIS, factor=THREE} | ret=SUCCESS |  
2019-08-20 16:03:58,766 | INFO  | OMAudit | user=jenkins1000 | ip=127.0.0.1 | op=ALLOCATE_BLOCK {volume=vol-0-94146, bucket=bucket-0-90789, key=key-0-25609, dataSize=0, replicationType=null, replicationFactor=null, keyLocationInfo=null, clientID=102650152704082322} | ret=SUCCESS |  
2019-08-20 16:03:58,772 | INFO  | DNAudit | user=null | ip=null | op=WRITE_CHUNK {blockData=conID: 1 locID: 102650153452438022 bcsId: 0} | ret=SUCCESS |  
2019-08-20 16:03:58,774 | INFO  | DNAudit | user=null | ip=null | op=WRITE_CHUNK {blockData=conID: 1 locID: 102650153452438022 bcsId: 0} | ret=SUCCESS |  
2019-08-20 16:03:58,775 | INFO  | DNAudit | user=null | ip=null | op=WRITE_CHUNK {blockData=conID: 1 locID: 102650153452438022 bcsId: 0} | ret=SUCCESS |  
2019-08-20 16:03:58,775 | INFO  | DNAudit | user=null | ip=null | op=WRITE_CHUNK {blockData=conID: 1 locID: 102650153452438022 bcsId: 0} | ret=SUCCESS |  
2019-08-20 16:03:58,775 | INFO  | DNAudit | user=null | ip=null | op=WRITE_CHUNK {blockData=conID: 1 locID: 102650153452438022 bcsId: 0} | ret=SUCCESS |  
2019-08-20 16:03:58,776 | INFO  | DNAudit | user=null | ip=null | op=WRITE_CHUNK {blockData=conID: 1 locID: 102650153452438022 bcsId: 0} | ret=SUCCESS |  
2019-08-20 16:03:58,787 | INFO  | DNAudit | user=null | ip=null | op=WRITE_CHUNK {blockData=conID: 1 locID: 102650153452438022 bcsId: 0} | ret=SUCCESS |  
2019-08-20 16:03:58,787 | INFO  | DNAudit | user=null | ip=null | op=PUT_BLOCK {blockData=[blockId=conID: 1 locID: 102650153452438022 bcsId: 0,size=1048576]} | ret=SUCCESS |  
2019-08-20 16:03:58,788 [grpc-default-executor-1] INFO  client.GrpcClientProtocolClient (GrpcClientProtocolClient.java:onNext(255)) - client-EAA342753240->9a4a4c23-9ff3-4ce3-a619-2c71c0869997: receive RaftClientReply:client-EAA342753240->9a4a4c23-9ff3-4ce3-a619-2c71c0869997@group-EC4211DF0353, cid=1745, SUCCESS, logIndex=2519, commits[9a4a4c23-9ff3-4ce3-a619-2c71c0869997:c2521, 9b0072ab-15b3-4973-9bcb-7fa02f6bfea9:c2518, 9f215ef2-7d46-4cda-b695-cae1b893f75f:c2518]
2019-08-20 16:03:58,788 | INFO  | DNAudit | user=null | ip=null | op=WRITE_CHUNK {blockData=conID: 1 locID: 102650153452438022 bcsId: 0} | ret=SUCCESS |  
2019-08-20 16:03:58,788 [grpc-default-executor-1] INFO  client.GrpcClientProtocolClient (GrpcClientProtocolClient.java:onNext(255)) - client-EAA342753240->9a4a4c23-9ff3-4ce3-a619-2c71c0869997: receive RaftClientReply:client-EAA342753240->9a4a4c23-9ff3-4ce3-a619-2c71c0869997@group-EC4211DF0353, cid=1746, SUCCESS, logIndex=2520, commits[9a4a4c23-9ff3-4ce3-a619-2c71c0869997:c2522, 9b0072ab-15b3-4973-9bcb-7fa02f6bfea9:c2518, 9f215ef2-7d46-4cda-b695-cae1b893f75f:c2518]
2019-08-20 16:03:58,788 | INFO  | DNAudit | user=null | ip=null | op=PUT_BLOCK {blockData=[blockId=conID: 1 locID: 102650153452438022 bcsId: 0,size=2097152]} | ret=SUCCESS |  
2019-08-20 16:03:58,788 [grpc-default-executor-1] INFO  client.GrpcClientProtocolClient (GrpcClientProtocolClient.java:onNext(255)) - client-EAA342753240->9a4a4c23-9ff3-4ce3-a619-2c71c0869997: receive RaftClientReply:client-EAA342753240->9a4a4c23-9ff3-4ce3-a619-2c71c0869997@group-EC4211DF0353, cid=1747, SUCCESS, logIndex=2521, commits[9a4a4c23-9ff3-4ce3-a619-2c71c0869997:c2522, 9b0072ab-15b3-4973-9bcb-7fa02f6bfea9:c2518, 9f215ef2-7d46-4cda-b695-cae1b893f75f:c2518]
2019-08-20 16:03:58,789 [grpc-default-executor-1] INFO  client.GrpcClientProtocolClient (GrpcClientProtocolClient.java:onNext(255)) - client-EAA342753240->9a4a4c23-9ff3-4ce3-a619-2c71c0869997: receive RaftClientReply:client-EAA342753240->9a4a4c23-9ff3-4ce3-a619-2c71c0869997@group-EC4211DF0353, cid=1748, SUCCESS, logIndex=2522, commits[9a4a4c23-9ff3-4ce3-a619-2c71c0869997:c2522, 9b0072ab-15b3-4973-9bcb-7fa02f6bfea9:c2518, 9f215ef2-7d46-4cda-b695-cae1b893f75f:c2518]
2019-08-20 16:03:58,798 | INFO  | DNAudit | user=null | ip=null | op=WRITE_CHUNK {blockData=conID: 1 locID: 102650153452438022 bcsId: 0} | ret=SUCCESS |  
2019-08-20 16:03:58,799 | INFO  | DNAudit | user=null | ip=null | op=WRITE_CHUNK {blockData=conID: 1 locID: 102650153452438022 bcsId: 0} | ret=SUCCESS |  
2019-08-20 16:03:58,800 | INFO  | DNAudit | user=null | ip=null | op=PUT_BLOCK {blockData=[blockId=conID: 1 locID: 102650153452438022 bcsId: 0,size=1048576]} | ret=SUCCESS |  
2019-08-20 16:03:58,800 | INFO  | DNAudit | user=null | ip=null | op=PUT_BLOCK {blockData=[blockId=conID: 1 locID: 102650153452438022 bcsId: 0,size=1048576]} | ret=SUCCESS |  
2019-08-20 16:03:58,800 | INFO  | DNAudit | user=null | ip=null | op=WRITE_CHUNK {blockData=conID: 1 locID: 102650153452438022 bcsId: 0} | ret=SUCCESS |  
2019-08-20 16:03:58,800 | INFO  | DNAudit | user=null | ip=null | op=WRITE_CHUNK {blockData=conID: 1 locID: 102650153452438022 bcsId: 0} | ret=SUCCESS |  
2019-08-20 16:03:58,800 | INFO  | DNAudit | user=null | ip=null | op=PUT_BLOCK {blockData=[blockId=conID: 1 locID: 102650153452438022 bcsId: 0,size=2097152]} | ret=SUCCESS |  
2019-08-20 16:03:58,801 | INFO  | DNAudit | user=null | ip=null | op=PUT_BLOCK {blockData=[blockId=conID: 1 locID: 102650153452438022 bcsId: 0,size=2097152]} | ret=SUCCESS |  
2019-08-20 16:03:58,801 [grpc-default-executor-1] INFO  client.GrpcClientProtocolClient (GrpcClientProtocolClient.java:onNext(255)) - client-EAA342753240->9a4a4c23-9ff3-4ce3-a619-2c71c0869997: receive RaftClientReply:client-EAA342753240->9a4a4c23-9ff3-4ce3-a619-2c71c0869997@group-EC4211DF0353, cid=1749, SUCCESS, logIndex=0, commits[9a4a4c23-9ff3-4ce3-a619-2c71c0869997:c2524, 9b0072ab-15b3-4973-9bcb-7fa02f6bfea9:c2520, 9f215ef2-7d46-4cda-b695-cae1b893f75f:c2520]
2019-08-20 16:03:58,806 | INFO  | DNAudit | user=null | ip=null | op=WRITE_CHUNK {blockData=conID: 1 locID: 102650153452438022 bcsId: 2522} | ret=SUCCESS |  
2019-08-20 16:03:58,808 | INFO  | DNAudit | user=null | ip=null | op=WRITE_CHUNK {blockData=conID: 1 locID: 102650153452438022 bcsId: 2522} | ret=SUCCESS |  
2019-08-20 16:03:58,808 | INFO  | DNAudit | user=null | ip=null | op=WRITE_CHUNK {blockData=conID: 1 locID: 102650153452438022 bcsId: 2522} | ret=SUCCESS |  
2019-08-20 16:03:58,818 | INFO  | DNAudit | user=null | ip=null | op=WRITE_CHUNK {blockData=conID: 1 locID: 102650153452438022 bcsId: 2522} | ret=SUCCESS |  
2019-08-20 16:03:58,818 | INFO  | DNAudit | user=null | ip=null | op=PUT_BLOCK {blockData=[blockId=conID: 1 locID: 102650153452438022 bcsId: 0,size=3145728]} | ret=SUCCESS |  
2019-08-20 16:03:58,818 [grpc-default-executor-5] INFO  client.GrpcClientProtocolClient (GrpcClientProtocolClient.java:onNext(255)) - client-EAA342753240->9a4a4c23-9ff3-4ce3-a619-2c71c0869997: receive RaftClientReply:client-EAA342753240->9a4a4c23-9ff3-4ce3-a619-2c71c0869997@group-EC4211DF0353, cid=1750, SUCCESS, logIndex=2527, commits[9a4a4c23-9ff3-4ce3-a619-2c71c0869997:c2528, 9b0072ab-15b3-4973-9bcb-7fa02f6bfea9:c2526, 9f215ef2-7d46-4cda-b695-cae1b893f75f:c2526]
2019-08-20 16:03:58,819 [grpc-default-executor-5] INFO  client.GrpcClientProtocolClient (GrpcClientProtocolClient.java:onNext(255)) - client-EAA342753240->9a4a4c23-9ff3-4ce3-a619-2c71c0869997: receive RaftClientReply:client-EAA342753240->9a4a4c23-9ff3-4ce3-a619-2c71c0869997@group-EC4211DF0353, cid=1751, SUCCESS, logIndex=2528, commits[9a4a4c23-9ff3-4ce3-a619-2c71c0869997:c2528, 9b0072ab-15b3-4973-9bcb-7fa02f6bfea9:c2526, 9f215ef2-7d46-4cda-b695-cae1b893f75f:c2526]
2019-08-20 16:03:58,824 | INFO  | DNAudit | user=null | ip=null | op=WRITE_CHUNK {blockData=conID: 1 locID: 102650153452438022 bcsId: 2528} | ret=SUCCESS |  
2019-08-20 16:03:58,826 | INFO  | DNAudit | user=null | ip=null | op=WRITE_CHUNK {blockData=conID: 1 locID: 102650153452438022 bcsId: 2528} | ret=SUCCESS |  
2019-08-20 16:03:58,826 | INFO  | DNAudit | user=null | ip=null | op=WRITE_CHUNK {blockData=conID: 1 locID: 102650153452438022 bcsId: 2528} | ret=SUCCESS |  
2019-08-20 16:03:58,830 | INFO  | DNAudit | user=null | ip=null | op=WRITE_CHUNK {blockData=conID: 1 locID: 102650153452438022 bcsId: 2522} | ret=SUCCESS |  
2019-08-20 16:03:58,830 | INFO  | DNAudit | user=null | ip=null | op=WRITE_CHUNK {blockData=conID: 1 locID: 102650153452438022 bcsId: 2522} | ret=SUCCESS |  
2019-08-20 16:03:58,831 | INFO  | DNAudit | user=null | ip=null | op=PUT_BLOCK {blockData=[blockId=conID: 1 locID: 102650153452438022 bcsId: 0,size=3145728]} | ret=SUCCESS |  
2019-08-20 16:03:58,831 | INFO  | DNAudit | user=null | ip=null | op=PUT_BLOCK {blockData=[blockId=conID: 1 locID: 102650153452438022 bcsId: 0,size=3145728]} | ret=SUCCESS |  
2019-08-20 16:03:58,836 | INFO  | DNAudit | user=null | ip=null | op=WRITE_CHUNK {blockData=conID: 1 locID: 102650153452438022 bcsId: 2528} | ret=SUCCESS |  
2019-08-20 16:03:58,837 | INFO  | DNAudit | user=null | ip=null | op=PUT_BLOCK {blockData=[blockId=conID: 1 locID: 102650153452438022 bcsId: 0,size=4194304]} | ret=SUCCESS |  
2019-08-20 16:03:58,837 [grpc-default-executor-1] INFO  client.GrpcClientProtocolClient (GrpcClientProtocolClient.java:onNext(255)) - client-EAA342753240->9a4a4c23-9ff3-4ce3-a619-2c71c0869997: receive RaftClientReply:client-EAA342753240->9a4a4c23-9ff3-4ce3-a619-2c71c0869997@group-EC4211DF0353, cid=1752, SUCCESS, logIndex=2531, commits[9a4a4c23-9ff3-4ce3-a619-2c71c0869997:c2532, 9b0072ab-15b3-4973-9bcb-7fa02f6bfea9:c2528, 9f215ef2-7d46-4cda-b695-cae1b893f75f:c2528]
2019-08-20 16:03:58,837 [grpc-default-executor-1] INFO  client.GrpcClientProtocolClient (GrpcClientProtocolClient.java:onNext(255)) - client-EAA342753240->9a4a4c23-9ff3-4ce3-a619-2c71c0869997: receive RaftClientReply:client-EAA342753240->9a4a4c23-9ff3-4ce3-a619-2c71c0869997@group-EC4211DF0353, cid=1753, SUCCESS, logIndex=2532, commits[9a4a4c23-9ff3-4ce3-a619-2c71c0869997:c2532, 9b0072ab-15b3-4973-9bcb-7fa02f6bfea9:c2528, 9f215ef2-7d46-4cda-b695-cae1b893f75f:c2528]
2019-08-20 16:03:58,848 | INFO  | DNAudit | user=null | ip=null | op=WRITE_CHUNK {blockData=conID: 1 locID: 102650153452438022 bcsId: 2528} | ret=SUCCESS |  
2019-08-20 16:03:58,848 | INFO  | DNAudit | user=null | ip=null | op=WRITE_CHUNK {blockData=conID: 1 locID: 102650153452438022 bcsId: 2528} | ret=SUCCESS |  
2019-08-20 16:03:58,850 | INFO  | DNAudit | user=null | ip=null | op=PUT_BLOCK {blockData=[blockId=conID: 1 locID: 102650153452438022 bcsId: 0,size=4194304]} | ret=SUCCESS |  
2019-08-20 16:03:58,850 | INFO  | DNAudit | user=null | ip=null | op=PUT_BLOCK {blockData=[blockId=conID: 1 locID: 102650153452438022 bcsId: 0,size=4194304]} | ret=SUCCESS |  
2019-08-20 16:03:58,851 [grpc-default-executor-1] INFO  client.GrpcClientProtocolClient (GrpcClientProtocolClient.java:onNext(255)) - client-EAA342753240->9a4a4c23-9ff3-4ce3-a619-2c71c0869997: receive RaftClientReply:client-EAA342753240->9a4a4c23-9ff3-4ce3-a619-2c71c0869997@group-EC4211DF0353, cid=1754, SUCCESS, logIndex=0, commits[9a4a4c23-9ff3-4ce3-a619-2c71c0869997:c2534, 9b0072ab-15b3-4973-9bcb-7fa02f6bfea9:c2532, 9f215ef2-7d46-4cda-b695-cae1b893f75f:c2532]
2019-08-20 16:03:58,855 | INFO  | SCMAudit | user=jenkins1000 | ip=192.168.69.96 | op=ALLOCATE_BLOCK {owner=ea4851f9-218c-4af7-91b4-edb777a4888c, size=4194304, type=RATIS, factor=THREE} | ret=SUCCESS |  
2019-08-20 16:03:58,858 | INFO  | OMAudit | user=jenkins1000 | ip=127.0.0.1 | op=ALLOCATE_BLOCK {volume=vol-0-94146, bucket=bucket-0-90789, key=key-0-25609, dataSize=0, replicationType=null, replicationFactor=null, keyLocationInfo=null, clientID=102650152704082322} | ret=SUCCESS |  
2019-08-20 16:03:58,866 | INFO  | DNAudit | user=null | ip=null | op=WRITE_CHUNK {blockData=conID: 2 locID: 102650153458401799 bcsId: 0} | ret=SUCCESS |  
2019-08-20 16:03:58,869 | INFO  | DNAudit | user=null | ip=null | op=WRITE_CHUNK {blockData=conID: 2 locID: 102650153458401799 bcsId: 0} | ret=SUCCESS |  
2019-08-20 16:03:58,869 | INFO  | DNAudit | user=null | ip=null | op=WRITE_CHUNK {blockData=conID: 2 locID: 102650153458401799 bcsId: 0} | ret=SUCCESS |  
2019-08-20 16:03:58,870 | INFO  | DNAudit | user=null | ip=null | op=WRITE_CHUNK {blockData=conID: 2 locID: 102650153458401799 bcsId: 0} | ret=SUCCESS |  
2019-08-20 16:03:58,872 | INFO  | DNAudit | user=null | ip=null | op=WRITE_CHUNK {blockData=conID: 2 locID: 102650153458401799 bcsId: 0} | ret=SUCCESS |  
2019-08-20 16:03:58,873 | INFO  | DNAudit | user=null | ip=null | op=WRITE_CHUNK {blockData=conID: 2 locID: 102650153458401799 bcsId: 0} | ret=SUCCESS |  
2019-08-20 16:03:58,878 | INFO  | DNAudit | user=null | ip=null | op=WRITE_CHUNK {blockData=conID: 2 locID: 102650153458401799 bcsId: 0} | ret=SUCCESS |  
2019-08-20 16:03:58,878 | INFO  | DNAudit | user=null | ip=null | op=PUT_BLOCK {blockData=[blockId=conID: 2 locID: 102650153458401799 bcsId: 0,size=1048576]} | ret=SUCCESS |  
2019-08-20 16:03:58,879 [grpc-default-executor-1] INFO  client.GrpcClientProtocolClient (GrpcClientProtocolClient.java:onNext(255)) - client-EAA342753240->9a4a4c23-9ff3-4ce3-a619-2c71c0869997: receive RaftClientReply:client-EAA342753240->9a4a4c23-9ff3-4ce3-a619-2c71c0869997@group-EC4211DF0353, cid=1755, SUCCESS, logIndex=2535, commits[9a4a4c23-9ff3-4ce3-a619-2c71c0869997:c2536, 9b0072ab-15b3-4973-9bcb-7fa02f6bfea9:c2534, 9f215ef2-7d46-4cda-b695-cae1b893f75f:c2534]
2019-08-20 16:03:58,879 | INFO  | DNAudit | user=null | ip=null | op=WRITE_CHUNK {blockData=conID: 2 locID: 102650153458401799 bcsId: 0} | ret=SUCCESS |  
2019-08-20 16:03:58,879 | INFO  | DNAudit | user=null | ip=null | op=PUT_BLOCK {blockData=[blockId=conID: 2 locID: 102650153458401799 bcsId: 0,size=2097152]} | ret=SUCCESS |  
2019-08-20 16:03:58,879 [grpc-default-executor-1] INFO  client.GrpcClientProtocolClient (GrpcClientProtocolClient.java:onNext(255)) - client-EAA342753240->9a4a4c23-9ff3-4ce3-a619-2c71c0869997: receive RaftClientReply:client-EAA342753240->9a4a4c23-9ff3-4ce3-a619-2c71c0869997@group-EC4211DF0353, cid=1756, SUCCESS, logIndex=2536, commits[9a4a4c23-9ff3-4ce3-a619-2c71c0869997:c2536, 9b0072ab-15b3-4973-9bcb-7fa02f6bfea9:c2534, 9f215ef2-7d46-4cda-b695-cae1b893f75f:c2534]
2019-08-20 16:03:58,880 [grpc-default-executor-1] INFO  client.GrpcClientProtocolClient (GrpcClientProtocolClient.java:onNext(255)) - client-EAA342753240->9a4a4c23-9ff3-4ce3-a619-2c71c0869997: receive RaftClientReply:client-EAA342753240->9a4a4c23-9ff3-4ce3-a619-2c71c0869997@group-EC4211DF0353, cid=1757, SUCCESS, logIndex=2537, commits[9a4a4c23-9ff3-4ce3-a619-2c71c0869997:c2538, 9b0072ab-15b3-4973-9bcb-7fa02f6bfea9:c2534, 9f215ef2-7d46-4cda-b695-cae1b893f75f:c2534]
2019-08-20 16:03:58,880 [grpc-default-executor-1] INFO  client.GrpcClientProtocolClient (GrpcClientProtocolClient.java:onNext(255)) - client-EAA342753240->9a4a4c23-9ff3-4ce3-a619-2c71c0869997: receive RaftClientReply:client-EAA342753240->9a4a4c23-9ff3-4ce3-a619-2c71c0869997@group-EC4211DF0353, cid=1758, SUCCESS, logIndex=2538, commits[9a4a4c23-9ff3-4ce3-a619-2c71c0869997:c2538, 9b0072ab-15b3-4973-9bcb-7fa02f6bfea9:c2534, 9f215ef2-7d46-4cda-b695-cae1b893f75f:c2534]
2019-08-20 16:03:58,882 | INFO  | DNAudit | user=null | ip=null | op=WRITE_CHUNK {blockData=conID: 2 locID: 102650153458401799 bcsId: 0} | ret=SUCCESS |  
2019-08-20 16:03:58,883 | INFO  | DNAudit | user=null | ip=null | op=PUT_BLOCK {blockData=[blockId=conID: 2 locID: 102650153458401799 bcsId: 0,size=1048576]} | ret=SUCCESS |  
2019-08-20 16:03:58,883 | INFO  | DNAudit | user=null | ip=null | op=WRITE_CHUNK {blockData=conID: 2 locID: 102650153458401799 bcsId: 0} | ret=SUCCESS |  
2019-08-20 16:03:58,883 | INFO  | DNAudit | user=null | ip=null | op=PUT_BLOCK {blockData=[blockId=conID: 2 locID: 102650153458401799 bcsId: 0,size=1048576]} | ret=SUCCESS |  
2019-08-20 16:03:58,883 | INFO  | DNAudit | user=null | ip=null | op=WRITE_CHUNK {blockData=conID: 2 locID: 102650153458401799 bcsId: 0} | ret=SUCCESS |  
2019-08-20 16:03:58,883 [grpc-default-executor-1] INFO  client.GrpcClientProtocolClient (GrpcClientProtocolClient.java:onNext(255)) - client-EAA342753240->9a4a4c23-9ff3-4ce3-a619-2c71c0869997: receive RaftClientReply:client-EAA342753240->9a4a4c23-9ff3-4ce3-a619-2c71c0869997@group-EC4211DF0353, cid=1759, SUCCESS, logIndex=0, commits[9a4a4c23-9ff3-4ce3-a619-2c71c0869997:c2540, 9b0072ab-15b3-4973-9bcb-7fa02f6bfea9:c2536, 9f215ef2-7d46-4cda-b695-cae1b893f75f:c2536]
2019-08-20 16:03:58,884 | INFO  | DNAudit | user=null | ip=null | op=PUT_BLOCK {blockData=[blockId=conID: 2 locID: 102650153458401799 bcsId: 0,size=2097152]} | ret=SUCCESS |  
2019-08-20 16:03:58,884 | INFO  | DNAudit | user=null | ip=null | op=WRITE_CHUNK {blockData=conID: 2 locID: 102650153458401799 bcsId: 0} | ret=SUCCESS |  
2019-08-20 16:03:58,884 | INFO  | DNAudit | user=null | ip=null | op=PUT_BLOCK {blockData=[blockId=conID: 2 locID: 102650153458401799 bcsId: 0,size=2097152]} | ret=SUCCESS |  
2019-08-20 16:03:58,890 | INFO  | DNAudit | user=null | ip=null | op=WRITE_CHUNK {blockData=conID: 2 locID: 102650153458401799 bcsId: 2538} | ret=SUCCESS |  
2019-08-20 16:03:58,891 | INFO  | DNAudit | user=null | ip=null | op=WRITE_CHUNK {blockData=conID: 2 locID: 102650153458401799 bcsId: 2538} | ret=SUCCESS |  
2019-08-20 16:03:58,892 | INFO  | DNAudit | user=null | ip=null | op=WRITE_CHUNK {blockData=conID: 2 locID: 102650153458401799 bcsId: 2538} | ret=SUCCESS |  
2019-08-20 16:03:58,893 | INFO  | DNAudit | user=null | ip=null | op=WRITE_CHUNK {blockData=conID: 2 locID: 102650153458401799 bcsId: 2538} | ret=SUCCESS |  
2019-08-20 16:03:58,893 | INFO  | DNAudit | user=null | ip=null | op=PUT_BLOCK {blockData=[blockId=conID: 2 locID: 102650153458401799 bcsId: 0,size=3145728]} | ret=SUCCESS |  
2019-08-20 16:03:58,893 [grpc-default-executor-3] INFO  client.GrpcClientProtocolClient (GrpcClientProtocolClient.java:onNext(255)) - client-EAA342753240->9a4a4c23-9ff3-4ce3-a619-2c71c0869997: receive RaftClientReply:client-EAA342753240->9a4a4c23-9ff3-4ce3-a619-2c71c0869997@group-EC4211DF0353, cid=1760, SUCCESS, logIndex=2543, commits[9a4a4c23-9ff3-4ce3-a619-2c71c0869997:c2544, 9b0072ab-15b3-4973-9bcb-7fa02f6bfea9:c2542, 9f215ef2-7d46-4cda-b695-cae1b893f75f:c2538]
2019-08-20 16:03:58,894 [grpc-default-executor-3] INFO  client.GrpcClientProtocolClient (GrpcClientProtocolClient.java:onNext(255)) - client-EAA342753240->9a4a4c23-9ff3-4ce3-a619-2c71c0869997: receive RaftClientReply:client-EAA342753240->9a4a4c23-9ff3-4ce3-a619-2c71c0869997@group-EC4211DF0353, cid=1761, SUCCESS, logIndex=2544, commits[9a4a4c23-9ff3-4ce3-a619-2c71c0869997:c2544, 9b0072ab-15b3-4973-9bcb-7fa02f6bfea9:c2542, 9f215ef2-7d46-4cda-b695-cae1b893f75f:c2542]
2019-08-20 16:03:58,895 | INFO  | DNAudit | user=null | ip=null | op=WRITE_CHUNK {blockData=conID: 2 locID: 102650153458401799 bcsId: 2538} | ret=SUCCESS |  
2019-08-20 16:03:58,895 | INFO  | DNAudit | user=null | ip=null | op=WRITE_CHUNK {blockData=conID: 2 locID: 102650153458401799 bcsId: 2538} | ret=SUCCESS |  
2019-08-20 16:03:58,896 | INFO  | DNAudit | user=null | ip=null | op=PUT_BLOCK {blockData=[blockId=conID: 2 locID: 102650153458401799 bcsId: 0,size=3145728]} | ret=SUCCESS |  
2019-08-20 16:03:58,896 | INFO  | DNAudit | user=null | ip=null | op=PUT_BLOCK {blockData=[blockId=conID: 2 locID: 102650153458401799 bcsId: 0,size=3145728]} | ret=SUCCESS |  
2019-08-20 16:03:58,899 | INFO  | DNAudit | user=null | ip=null | op=WRITE_CHUNK {blockData=conID: 2 locID: 102650153458401799 bcsId: 2544} | ret=SUCCESS |  
2019-08-20 16:03:58,901 | INFO  | DNAudit | user=null | ip=null | op=WRITE_CHUNK {blockData=conID: 2 locID: 102650153458401799 bcsId: 2544} | ret=SUCCESS |  
2019-08-20 16:03:58,901 | INFO  | DNAudit | user=null | ip=null | op=WRITE_CHUNK {blockData=conID: 2 locID: 102650153458401799 bcsId: 2544} | ret=SUCCESS |  
2019-08-20 16:03:58,902 | INFO  | DNAudit | user=null | ip=null | op=WRITE_CHUNK {blockData=conID: 2 locID: 102650153458401799 bcsId: 2544} | ret=SUCCESS |  
2019-08-20 16:03:58,903 | INFO  | DNAudit | user=null | ip=null | op=PUT_BLOCK {blockData=[blockId=conID: 2 locID: 102650153458401799 bcsId: 0,size=4194304]} | ret=SUCCESS |  
2019-08-20 16:03:58,903 [grpc-default-executor-1] INFO  client.GrpcClientProtocolClient (GrpcClientProtocolClient.java:onNext(255)) - client-EAA342753240->9a4a4c23-9ff3-4ce3-a619-2c71c0869997: receive RaftClientReply:client-EAA342753240->9a4a4c23-9ff3-4ce3-a619-2c71c0869997@group-EC4211DF0353, cid=1762, SUCCESS, logIndex=2547, commits[9a4a4c23-9ff3-4ce3-a619-2c71c0869997:c2548, 9b0072ab-15b3-4973-9bcb-7fa02f6bfea9:c2546, 9f215ef2-7d46-4cda-b695-cae1b893f75f:c2544]
2019-08-20 16:03:58,903 [grpc-default-executor-1] INFO  client.GrpcClientProtocolClient (GrpcClientProtocolClient.java:onNext(255)) - client-EAA342753240->9a4a4c23-9ff3-4ce3-a619-2c71c0869997: receive RaftClientReply:client-EAA342753240->9a4a4c23-9ff3-4ce3-a619-2c71c0869997@group-EC4211DF0353, cid=1763, SUCCESS, logIndex=2548, commits[9a4a4c23-9ff3-4ce3-a619-2c71c0869997:c2548, 9b0072ab-15b3-4973-9bcb-7fa02f6bfea9:c2546, 9f215ef2-7d46-4cda-b695-cae1b893f75f:c2546]
2019-08-20 16:03:58,904 | INFO  | DNAudit | user=null | ip=null | op=WRITE_CHUNK {blockData=conID: 2 locID: 102650153458401799 bcsId: 2544} | ret=SUCCESS |  
2019-08-20 16:03:58,904 | INFO  | DNAudit | user=null | ip=null | op=WRITE_CHUNK {blockData=conID: 2 locID: 102650153458401799 bcsId: 2544} | ret=SUCCESS |  
2019-08-20 16:03:58,904 | INFO  | DNAudit | user=null | ip=null | op=PUT_BLOCK {blockData=[blockId=conID: 2 locID: 102650153458401799 bcsId: 0,size=4194304]} | ret=SUCCESS |  
2019-08-20 16:03:58,904 | INFO  | DNAudit | user=null | ip=null | op=PUT_BLOCK {blockData=[blockId=conID: 2 locID: 102650153458401799 bcsId: 0,size=4194304]} | ret=SUCCESS |  
2019-08-20 16:03:58,904 [grpc-default-executor-1] INFO  client.GrpcClientProtocolClient (GrpcClientProtocolClient.java:onNext(255)) - client-EAA342753240->9a4a4c23-9ff3-4ce3-a619-2c71c0869997: receive RaftClientReply:client-EAA342753240->9a4a4c23-9ff3-4ce3-a619-2c71c0869997@group-EC4211DF0353, cid=1764, SUCCESS, logIndex=0, commits[9a4a4c23-9ff3-4ce3-a619-2c71c0869997:c2549, 9b0072ab-15b3-4973-9bcb-7fa02f6bfea9:c2548, 9f215ef2-7d46-4cda-b695-cae1b893f75f:c2548]
2019-08-20 16:03:58,909 | INFO  | SCMAudit | user=jenkins1000 | ip=192.168.69.96 | op=ALLOCATE_BLOCK {owner=ea4851f9-218c-4af7-91b4-edb777a4888c, size=4194304, type=RATIS, factor=THREE} | ret=SUCCESS |  
2019-08-20 16:03:58,911 | INFO  | OMAudit | user=jenkins1000 | ip=127.0.0.1 | op=ALLOCATE_BLOCK {volume=vol-0-94146, bucket=bucket-0-90789, key=key-0-25609, dataSize=0, replicationType=null, replicationFactor=null, keyLocationInfo=null, clientID=102650152704082322} | ret=SUCCESS |  
2019-08-20 16:03:58,916 | INFO  | DNAudit | user=null | ip=null | op=WRITE_CHUNK {blockData=conID: 3 locID: 102650153461875208 bcsId: 0} | ret=SUCCESS |  
2019-08-20 16:03:58,919 | INFO  | DNAudit | user=null | ip=null | op=WRITE_CHUNK {blockData=conID: 3 locID: 102650153461875208 bcsId: 0} | ret=SUCCESS |  
2019-08-20 16:03:58,920 | INFO  | DNAudit | user=null | ip=null | op=WRITE_CHUNK {blockData=conID: 3 locID: 102650153461875208 bcsId: 0} | ret=SUCCESS |  
2019-08-20 16:03:58,920 | INFO  | DNAudit | user=null | ip=null | op=WRITE_CHUNK {blockData=conID: 3 locID: 102650153461875208 bcsId: 0} | ret=SUCCESS |  
2019-08-20 16:03:58,921 | INFO  | DNAudit | user=null | ip=null | op=WRITE_CHUNK {blockData=conID: 3 locID: 102650153461875208 bcsId: 0} | ret=SUCCESS |  
2019-08-20 16:03:58,921 | INFO  | DNAudit | user=null | ip=null | op=WRITE_CHUNK {blockData=conID: 3 locID: 102650153461875208 bcsId: 0} | ret=SUCCESS |  
2019-08-20 16:03:58,927 | INFO  | DNAudit | user=null | ip=null | op=WRITE_CHUNK {blockData=conID: 3 locID: 102650153461875208 bcsId: 0} | ret=SUCCESS |  
2019-08-20 16:03:58,927 | INFO  | DNAudit | user=null | ip=null | op=PUT_BLOCK {blockData=[blockId=conID: 3 locID: 102650153461875208 bcsId: 0,size=1048576]} | ret=SUCCESS |  
2019-08-20 16:03:58,927 | INFO  | DNAudit | user=null | ip=null | op=WRITE_CHUNK {blockData=conID: 3 locID: 102650153461875208 bcsId: 0} | ret=SUCCESS |  
2019-08-20 16:03:58,927 [grpc-default-executor-3] INFO  client.GrpcClientProtocolClient (GrpcClientProtocolClient.java:onNext(255)) - client-EAA342753240->9a4a4c23-9ff3-4ce3-a619-2c71c0869997: receive RaftClientReply:client-EAA342753240->9a4a4c23-9ff3-4ce3-a619-2c71c0869997@group-EC4211DF0353, cid=1765, SUCCESS, logIndex=2551, commits[9a4a4c23-9ff3-4ce3-a619-2c71c0869997:c2553, 9b0072ab-15b3-4973-9bcb-7fa02f6bfea9:c2550, 9f215ef2-7d46-4cda-b695-cae1b893f75f:c2550]
2019-08-20 16:03:58,928 | INFO  | DNAudit | user=null | ip=null | op=PUT_BLOCK {blockData=[blockId=conID: 3 locID: 102650153461875208 bcsId: 0,size=2097152]} | ret=SUCCESS |  
2019-08-20 16:03:58,928 [grpc-default-executor-3] INFO  client.GrpcClientProtocolClient (GrpcClientProtocolClient.java:onNext(255)) - client-EAA342753240->9a4a4c23-9ff3-4ce3-a619-2c71c0869997: receive RaftClientReply:client-EAA342753240->9a4a4c23-9ff3-4ce3-a619-2c71c0869997@group-EC4211DF0353, cid=1766, SUCCESS, logIndex=2552, commits[9a4a4c23-9ff3-4ce3-a619-2c71c0869997:c2554, 9b0072ab-15b3-4973-9bcb-7fa02f6bfea9:c2550, 9f215ef2-7d46-4cda-b695-cae1b893f75f:c2550]
2019-08-20 16:03:58,928 [grpc-default-executor-6] INFO  client.GrpcClientProtocolClient (GrpcClientProtocolClient.java:onNext(255)) - client-EAA342753240->9a4a4c23-9ff3-4ce3-a619-2c71c0869997: receive RaftClientReply:client-EAA342753240->9a4a4c23-9ff3-4ce3-a619-2c71c0869997@group-EC4211DF0353, cid=1767, SUCCESS, logIndex=2553, commits[9a4a4c23-9ff3-4ce3-a619-2c71c0869997:c2554, 9b0072ab-15b3-4973-9bcb-7fa02f6bfea9:c2550, 9f215ef2-7d46-4cda-b695-cae1b893f75f:c2550]
2019-08-20 16:03:58,928 | INFO  | DNAudit | user=null | ip=null | op=WRITE_CHUNK {blockData=conID: 3 locID: 102650153461875208 bcsId: 0} | ret=SUCCESS |  
2019-08-20 16:03:58,928 [grpc-default-executor-6] INFO  client.GrpcClientProtocolClient (GrpcClientProtocolClient.java:onNext(255)) - client-EAA342753240->9a4a4c23-9ff3-4ce3-a619-2c71c0869997: receive RaftClientReply:client-EAA342753240->9a4a4c23-9ff3-4ce3-a619-2c71c0869997@group-EC4211DF0353, cid=1768, SUCCESS, logIndex=2554, commits[9a4a4c23-9ff3-4ce3-a619-2c71c0869997:c2554, 9b0072ab-15b3-4973-9bcb-7fa02f6bfea9:c2550, 9f215ef2-7d46-4cda-b695-cae1b893f75f:c2550]
2019-08-20 16:03:58,928 | INFO  | DNAudit | user=null | ip=null | op=WRITE_CHUNK {blockData=conID: 3 locID: 102650153461875208 bcsId: 0} | ret=SUCCESS |  
2019-08-20 16:03:58,929 | INFO  | DNAudit | user=null | ip=null | op=PUT_BLOCK {blockData=[blockId=conID: 3 locID: 102650153461875208 bcsId: 0,size=1048576]} | ret=SUCCESS |  
2019-08-20 16:03:58,929 | INFO  | DNAudit | user=null | ip=null | op=WRITE_CHUNK {blockData=conID: 3 locID: 102650153461875208 bcsId: 0} | ret=SUCCESS |  
2019-08-20 16:03:58,929 | INFO  | DNAudit | user=null | ip=null | op=PUT_BLOCK {blockData=[blockId=conID: 3 locID: 102650153461875208 bcsId: 0,size=1048576]} | ret=SUCCESS |  
2019-08-20 16:03:58,929 | INFO  | DNAudit | user=null | ip=null | op=PUT_BLOCK {blockData=[blockId=conID: 3 locID: 102650153461875208 bcsId: 0,size=2097152]} | ret=SUCCESS |  
2019-08-20 16:03:58,929 [grpc-default-executor-3] INFO  client.GrpcClientProtocolClient (GrpcClientProtocolClient.java:onNext(255)) - client-EAA342753240->9a4a4c23-9ff3-4ce3-a619-2c71c0869997: receive RaftClientReply:client-EAA342753240->9a4a4c23-9ff3-4ce3-a619-2c71c0869997@group-EC4211DF0353, cid=1769, SUCCESS, logIndex=0, commits[9a4a4c23-9ff3-4ce3-a619-2c71c0869997:c2555, 9b0072ab-15b3-4973-9bcb-7fa02f6bfea9:c2552, 9f215ef2-7d46-4cda-b695-cae1b893f75f:c2552]
2019-08-20 16:03:58,930 | INFO  | DNAudit | user=null | ip=null | op=WRITE_CHUNK {blockData=conID: 3 locID: 102650153461875208 bcsId: 0} | ret=SUCCESS |  
2019-08-20 16:03:58,930 | INFO  | DNAudit | user=null | ip=null | op=PUT_BLOCK {blockData=[blockId=conID: 3 locID: 102650153461875208 bcsId: 0,size=2097152]} | ret=SUCCESS |  
2019-08-20 16:03:58,937 | INFO  | DNAudit | user=null | ip=null | op=WRITE_CHUNK {blockData=conID: 3 locID: 102650153461875208 bcsId: 2554} | ret=SUCCESS |  
2019-08-20 16:03:58,938 | INFO  | DNAudit | user=null | ip=null | op=WRITE_CHUNK {blockData=conID: 3 locID: 102650153461875208 bcsId: 2554} | ret=SUCCESS |  
2019-08-20 16:03:58,939 | INFO  | DNAudit | user=null | ip=null | op=WRITE_CHUNK {blockData=conID: 3 locID: 102650153461875208 bcsId: 2554} | ret=SUCCESS |  
2019-08-20 16:03:58,949 | INFO  | DNAudit | user=null | ip=null | op=WRITE_CHUNK {blockData=conID: 3 locID: 102650153461875208 bcsId: 2554} | ret=SUCCESS |  
2019-08-20 16:03:58,950 | INFO  | DNAudit | user=null | ip=null | op=PUT_BLOCK {blockData=[blockId=conID: 3 locID: 102650153461875208 bcsId: 0,size=3145728]} | ret=SUCCESS |  
2019-08-20 16:03:58,950 [grpc-default-executor-6] INFO  client.GrpcClientProtocolClient (GrpcClientProtocolClient.java:onNext(255)) - client-EAA342753240->9a4a4c23-9ff3-4ce3-a619-2c71c0869997: receive RaftClientReply:client-EAA342753240->9a4a4c23-9ff3-4ce3-a619-2c71c0869997@group-EC4211DF0353, cid=1770, SUCCESS, logIndex=2559, commits[9a4a4c23-9ff3-4ce3-a619-2c71c0869997:c2560, 9b0072ab-15b3-4973-9bcb-7fa02f6bfea9:c2558, 9f215ef2-7d46-4cda-b695-cae1b893f75f:c2558]
2019-08-20 16:03:58,950 [grpc-default-executor-6] INFO  client.GrpcClientProtocolClient (GrpcClientProtocolClient.java:onNext(255)) - client-EAA342753240->9a4a4c23-9ff3-4ce3-a619-2c71c0869997: receive RaftClientReply:client-EAA342753240->9a4a4c23-9ff3-4ce3-a619-2c71c0869997@group-EC4211DF0353, cid=1771, SUCCESS, logIndex=2560, commits[9a4a4c23-9ff3-4ce3-a619-2c71c0869997:c2560, 9b0072ab-15b3-4973-9bcb-7fa02f6bfea9:c2558, 9f215ef2-7d46-4cda-b695-cae1b893f75f:c2558]
2019-08-20 16:03:58,956 | INFO  | DNAudit | user=null | ip=null | op=WRITE_CHUNK {blockData=conID: 3 locID: 102650153461875208 bcsId: 2560} | ret=SUCCESS |  
2019-08-20 16:03:58,958 | INFO  | DNAudit | user=null | ip=null | op=WRITE_CHUNK {blockData=conID: 3 locID: 102650153461875208 bcsId: 2560} | ret=SUCCESS |  
2019-08-20 16:03:58,958 | INFO  | DNAudit | user=null | ip=null | op=WRITE_CHUNK {blockData=conID: 3 locID: 102650153461875208 bcsId: 2560} | ret=SUCCESS |  
2019-08-20 16:03:58,961 | INFO  | DNAudit | user=null | ip=null | op=WRITE_CHUNK {blockData=conID: 3 locID: 102650153461875208 bcsId: 2554} | ret=SUCCESS |  
2019-08-20 16:03:58,961 | INFO  | DNAudit | user=null | ip=null | op=WRITE_CHUNK {blockData=conID: 3 locID: 102650153461875208 bcsId: 2554} | ret=SUCCESS |  
2019-08-20 16:03:58,964 | INFO  | DNAudit | user=null | ip=null | op=PUT_BLOCK {blockData=[blockId=conID: 3 locID: 102650153461875208 bcsId: 0,size=3145728]} | ret=SUCCESS |  
2019-08-20 16:03:58,964 | INFO  | DNAudit | user=null | ip=null | op=PUT_BLOCK {blockData=[blockId=conID: 3 locID: 102650153461875208 bcsId: 0,size=3145728]} | ret=SUCCESS |  
2019-08-20 16:03:58,964 | INFO  | DNAudit | user=null | ip=null | op=WRITE_CHUNK {blockData=conID: 3 locID: 102650153461875208 bcsId: 2560} | ret=SUCCESS |  
2019-08-20 16:03:58,964 | INFO  | DNAudit | user=null | ip=null | op=PUT_BLOCK {blockData=[blockId=conID: 3 locID: 102650153461875208 bcsId: 0,size=4194304]} | ret=SUCCESS |  
2019-08-20 16:03:58,965 [grpc-default-executor-3] INFO  client.GrpcClientProtocolClient (GrpcClientProtocolClient.java:onNext(255)) - client-EAA342753240->9a4a4c23-9ff3-4ce3-a619-2c71c0869997: receive RaftClientReply:client-EAA342753240->9a4a4c23-9ff3-4ce3-a619-2c71c0869997@group-EC4211DF0353, cid=1772, SUCCESS, logIndex=2563, commits[9a4a4c23-9ff3-4ce3-a619-2c71c0869997:c2564, 9b0072ab-15b3-4973-9bcb-7fa02f6bfea9:c2560, 9f215ef2-7d46-4cda-b695-cae1b893f75f:c2560]
2019-08-20 16:03:58,965 [grpc-default-executor-3] INFO  client.GrpcClientProtocolClient (GrpcClientProtocolClient.java:onNext(255)) - client-EAA342753240->9a4a4c23-9ff3-4ce3-a619-2c71c0869997: receive RaftClientReply:client-EAA342753240->9a4a4c23-9ff3-4ce3-a619-2c71c0869997@group-EC4211DF0353, cid=1773, SUCCESS, logIndex=2564, commits[9a4a4c23-9ff3-4ce3-a619-2c71c0869997:c2564, 9b0072ab-15b3-4973-9bcb-7fa02f6bfea9:c2560, 9f215ef2-7d46-4cda-b695-cae1b893f75f:c2560]
2019-08-20 16:03:58,976 | INFO  | DNAudit | user=null | ip=null | op=WRITE_CHUNK {blockData=conID: 3 locID: 102650153461875208 bcsId: 2560} | ret=SUCCESS |  
2019-08-20 16:03:58,976 | INFO  | DNAudit | user=null | ip=null | op=WRITE_CHUNK {blockData=conID: 3 locID: 102650153461875208 bcsId: 2560} | ret=SUCCESS |  
2019-08-20 16:03:58,977 | INFO  | DNAudit | user=null | ip=null | op=PUT_BLOCK {blockData=[blockId=conID: 3 locID: 102650153461875208 bcsId: 0,size=4194304]} | ret=SUCCESS |  
2019-08-20 16:03:58,978 | INFO  | DNAudit | user=null | ip=null | op=PUT_BLOCK {blockData=[blockId=conID: 3 locID: 102650153461875208 bcsId: 0,size=4194304]} | ret=SUCCESS |  
2019-08-20 16:03:58,978 [grpc-default-executor-5] INFO  client.GrpcClientProtocolClient (GrpcClientProtocolClient.java:onNext(255)) - client-EAA342753240->9a4a4c23-9ff3-4ce3-a619-2c71c0869997: receive RaftClientReply:client-EAA342753240->9a4a4c23-9ff3-4ce3-a619-2c71c0869997@group-EC4211DF0353, cid=1774, SUCCESS, logIndex=0, commits[9a4a4c23-9ff3-4ce3-a619-2c71c0869997:c2566, 9b0072ab-15b3-4973-9bcb-7fa02f6bfea9:c2564, 9f215ef2-7d46-4cda-b695-cae1b893f75f:c2564]
2019-08-20 16:03:58,984 | INFO  | SCMAudit | user=jenkins1000 | ip=192.168.69.96 | op=ALLOCATE_BLOCK {owner=ea4851f9-218c-4af7-91b4-edb777a4888c, size=4194304, type=RATIS, factor=THREE} | ret=SUCCESS |  
2019-08-20 16:03:58,988 | INFO  | OMAudit | user=jenkins1000 | ip=127.0.0.1 | op=ALLOCATE_BLOCK {volume=vol-0-94146, bucket=bucket-0-90789, key=key-0-25609, dataSize=0, replicationType=null, replicationFactor=null, keyLocationInfo=null, clientID=102650152704082322} | ret=SUCCESS |  
2019-08-20 16:03:58,995 | INFO  | DNAudit | user=null | ip=null | op=WRITE_CHUNK {blockData=conID: 1 locID: 102650153466855945 bcsId: 0} | ret=SUCCESS |  
2019-08-20 16:03:58,998 | INFO  | DNAudit | user=null | ip=null | op=WRITE_CHUNK {blockData=conID: 1 locID: 102650153466855945 bcsId: 0} | ret=SUCCESS |  
2019-08-20 16:03:58,999 | INFO  | DNAudit | user=null | ip=null | op=WRITE_CHUNK {blockData=conID: 1 locID: 102650153466855945 bcsId: 0} | ret=SUCCESS |  
2019-08-20 16:03:59,000 | INFO  | DNAudit | user=null | ip=null | op=WRITE_CHUNK {blockData=conID: 1 locID: 102650153466855945 bcsId: 0} | ret=SUCCESS |  
2019-08-20 16:03:59,001 | INFO  | DNAudit | user=null | ip=null | op=WRITE_CHUNK {blockData=conID: 1 locID: 102650153466855945 bcsId: 0} | ret=SUCCESS |  
2019-08-20 16:03:59,002 | INFO  | DNAudit | user=null | ip=null | op=WRITE_CHUNK {blockData=conID: 1 locID: 102650153466855945 bcsId: 0} | ret=SUCCESS |  
2019-08-20 16:03:59,008 | INFO  | DNAudit | user=null | ip=null | op=WRITE_CHUNK {blockData=conID: 1 locID: 102650153466855945 bcsId: 0} | ret=SUCCESS |  
2019-08-20 16:03:59,008 | INFO  | DNAudit | user=null | ip=null | op=PUT_BLOCK {blockData=[blockId=conID: 1 locID: 102650153466855945 bcsId: 0,size=1048576]} | ret=SUCCESS |  
2019-08-20 16:03:59,009 | INFO  | DNAudit | user=null | ip=null | op=WRITE_CHUNK {blockData=conID: 1 locID: 102650153466855945 bcsId: 0} | ret=SUCCESS |  
2019-08-20 16:03:59,008 [grpc-default-executor-5] INFO  client.GrpcClientProtocolClient (GrpcClientProtocolClient.java:onNext(255)) - client-EAA342753240->9a4a4c23-9ff3-4ce3-a619-2c71c0869997: receive RaftClientReply:client-EAA342753240->9a4a4c23-9ff3-4ce3-a619-2c71c0869997@group-EC4211DF0353, cid=1775, SUCCESS, logIndex=2567, commits[9a4a4c23-9ff3-4ce3-a619-2c71c0869997:c2569, 9b0072ab-15b3-4973-9bcb-7fa02f6bfea9:c2566, 9f215ef2-7d46-4cda-b695-cae1b893f75f:c2566]
2019-08-20 16:03:59,009 | INFO  | DNAudit | user=null | ip=null | op=PUT_BLOCK {blockData=[blockId=conID: 1 locID: 102650153466855945 bcsId: 0,size=2097152]} | ret=SUCCESS |  
2019-08-20 16:03:59,009 [grpc-default-executor-5] INFO  client.GrpcClientProtocolClient (GrpcClientProtocolClient.java:onNext(255)) - client-EAA342753240->9a4a4c23-9ff3-4ce3-a619-2c71c0869997: receive RaftClientReply:client-EAA342753240->9a4a4c23-9ff3-4ce3-a619-2c71c0869997@group-EC4211DF0353, cid=1776, SUCCESS, logIndex=2568, commits[9a4a4c23-9ff3-4ce3-a619-2c71c0869997:c2570, 9b0072ab-15b3-4973-9bcb-7fa02f6bfea9:c2566, 9f215ef2-7d46-4cda-b695-cae1b893f75f:c2566]
2019-08-20 16:03:59,009 [grpc-default-executor-5] INFO  client.GrpcClientProtocolClient (GrpcClientProtocolClient.java:onNext(255)) - client-EAA342753240->9a4a4c23-9ff3-4ce3-a619-2c71c0869997: receive RaftClientReply:client-EAA342753240->9a4a4c23-9ff3-4ce3-a619-2c71c0869997@group-EC4211DF0353, cid=1777, SUCCESS, logIndex=2569, commits[9a4a4c23-9ff3-4ce3-a619-2c71c0869997:c2570, 9b0072ab-15b3-4973-9bcb-7fa02f6bfea9:c2566, 9f215ef2-7d46-4cda-b695-cae1b893f75f:c2566]
2019-08-20 16:03:59,009 [grpc-default-executor-5] INFO  client.GrpcClientProtocolClient (GrpcClientProtocolClient.java:onNext(255)) - client-EAA342753240->9a4a4c23-9ff3-4ce3-a619-2c71c0869997: receive RaftClientReply:client-EAA342753240->9a4a4c23-9ff3-4ce3-a619-2c71c0869997@group-EC4211DF0353, cid=1778, SUCCESS, logIndex=2570, commits[9a4a4c23-9ff3-4ce3-a619-2c71c0869997:c2570, 9b0072ab-15b3-4973-9bcb-7fa02f6bfea9:c2566, 9f215ef2-7d46-4cda-b695-cae1b893f75f:c2566]
2019-08-20 16:03:59,011 | INFO  | DNAudit | user=null | ip=null | op=WRITE_CHUNK {blockData=conID: 1 locID: 102650153466855945 bcsId: 0} | ret=SUCCESS |  
2019-08-20 16:03:59,022 | INFO  | DNAudit | user=null | ip=null | op=WRITE_CHUNK {blockData=conID: 1 locID: 102650153466855945 bcsId: 0} | ret=SUCCESS |  
2019-08-20 16:03:59,022 | INFO  | DNAudit | user=null | ip=null | op=PUT_BLOCK {blockData=[blockId=conID: 1 locID: 102650153466855945 bcsId: 0,size=1048576]} | ret=SUCCESS |  
2019-08-20 16:03:59,022 | INFO  | DNAudit | user=null | ip=null | op=WRITE_CHUNK {blockData=conID: 1 locID: 102650153466855945 bcsId: 0} | ret=SUCCESS |  
2019-08-20 16:03:59,022 | INFO  | DNAudit | user=null | ip=null | op=PUT_BLOCK {blockData=[blockId=conID: 1 locID: 102650153466855945 bcsId: 0,size=1048576]} | ret=SUCCESS |  
2019-08-20 16:03:59,023 | INFO  | DNAudit | user=null | ip=null | op=WRITE_CHUNK {blockData=conID: 1 locID: 102650153466855945 bcsId: 0} | ret=SUCCESS |  
2019-08-20 16:03:59,023 | INFO  | DNAudit | user=null | ip=null | op=PUT_BLOCK {blockData=[blockId=conID: 1 locID: 102650153466855945 bcsId: 0,size=2097152]} | ret=SUCCESS |  
2019-08-20 16:03:59,023 | INFO  | DNAudit | user=null | ip=null | op=PUT_BLOCK {blockData=[blockId=conID: 1 locID: 102650153466855945 bcsId: 0,size=2097152]} | ret=SUCCESS |  
2019-08-20 16:03:59,023 [grpc-default-executor-5] INFO  client.GrpcClientProtocolClient (GrpcClientProtocolClient.java:onNext(255)) - client-EAA342753240->9a4a4c23-9ff3-4ce3-a619-2c71c0869997: receive RaftClientReply:client-EAA342753240->9a4a4c23-9ff3-4ce3-a619-2c71c0869997@group-EC4211DF0353, cid=1779, SUCCESS, logIndex=0, commits[9a4a4c23-9ff3-4ce3-a619-2c71c0869997:c2573, 9b0072ab-15b3-4973-9bcb-7fa02f6bfea9:c2569, 9f215ef2-7d46-4cda-b695-cae1b893f75f:c2569]
2019-08-20 16:03:59,030 | INFO  | DNAudit | user=null | ip=null | op=WRITE_CHUNK {blockData=conID: 1 locID: 102650153466855945 bcsId: 2570} | ret=SUCCESS |  
2019-08-20 16:03:59,032 | INFO  | DNAudit | user=null | ip=null | op=WRITE_CHUNK {blockData=conID: 1 locID: 102650153466855945 bcsId: 2570} | ret=SUCCESS |  
2019-08-20 16:03:59,032 | INFO  | DNAudit | user=null | ip=null | op=WRITE_CHUNK {blockData=conID: 1 locID: 102650153466855945 bcsId: 2570} | ret=SUCCESS |  
2019-08-20 16:03:59,042 | INFO  | DNAudit | user=null | ip=null | op=WRITE_CHUNK {blockData=conID: 1 locID: 102650153466855945 bcsId: 2570} | ret=SUCCESS |  
2019-08-20 16:03:59,043 | INFO  | DNAudit | user=null | ip=null | op=PUT_BLOCK {blockData=[blockId=conID: 1 locID: 102650153466855945 bcsId: 0,size=3145728]} | ret=SUCCESS |  
2019-08-20 16:03:59,043 [grpc-default-executor-3] INFO  client.GrpcClientProtocolClient (GrpcClientProtocolClient.java:onNext(255)) - client-EAA342753240->9a4a4c23-9ff3-4ce3-a619-2c71c0869997: receive RaftClientReply:client-EAA342753240->9a4a4c23-9ff3-4ce3-a619-2c71c0869997@group-EC4211DF0353, cid=1780, SUCCESS, logIndex=2575, commits[9a4a4c23-9ff3-4ce3-a619-2c71c0869997:c2576, 9b0072ab-15b3-4973-9bcb-7fa02f6bfea9:c2574, 9f215ef2-7d46-4cda-b695-cae1b893f75f:c2574]
2019-08-20 16:03:59,043 [grpc-default-executor-3] INFO  client.GrpcClientProtocolClient (GrpcClientProtocolClient.java:onNext(255)) - client-EAA342753240->9a4a4c23-9ff3-4ce3-a619-2c71c0869997: receive RaftClientReply:client-EAA342753240->9a4a4c23-9ff3-4ce3-a619-2c71c0869997@group-EC4211DF0353, cid=1781, SUCCESS, logIndex=2576, commits[9a4a4c23-9ff3-4ce3-a619-2c71c0869997:c2576, 9b0072ab-15b3-4973-9bcb-7fa02f6bfea9:c2574, 9f215ef2-7d46-4cda-b695-cae1b893f75f:c2574]
2019-08-20 16:03:59,050 | INFO  | DNAudit | user=null | ip=null | op=WRITE_CHUNK {blockData=conID: 1 locID: 102650153466855945 bcsId: 2576} | ret=SUCCESS |  
2019-08-20 16:03:59,052 | INFO  | DNAudit | user=null | ip=null | op=WRITE_CHUNK {blockData=conID: 1 locID: 102650153466855945 bcsId: 2576} | ret=SUCCESS |  
2019-08-20 16:03:59,052 | INFO  | DNAudit | user=null | ip=null | op=WRITE_CHUNK {blockData=conID: 1 locID: 102650153466855945 bcsId: 2576} | ret=SUCCESS |  
2019-08-20 16:03:59,054 | INFO  | DNAudit | user=null | ip=null | op=WRITE_CHUNK {blockData=conID: 1 locID: 102650153466855945 bcsId: 2570} | ret=SUCCESS |  
2019-08-20 16:03:59,054 | INFO  | DNAudit | user=null | ip=null | op=WRITE_CHUNK {blockData=conID: 1 locID: 102650153466855945 bcsId: 2570} | ret=SUCCESS |  
2019-08-20 16:03:59,057 | INFO  | DNAudit | user=null | ip=null | op=PUT_BLOCK {blockData=[blockId=conID: 1 locID: 102650153466855945 bcsId: 0,size=3145728]} | ret=SUCCESS |  
2019-08-20 16:03:59,057 | INFO  | DNAudit | user=null | ip=null | op=PUT_BLOCK {blockData=[blockId=conID: 1 locID: 102650153466855945 bcsId: 0,size=3145728]} | ret=SUCCESS |  
 0.00% |█                                                                                                    |  0/1 Time: 0:00:122019-08-20 16:03:59,902 | INFO  | SCMAudit | user=jenkins1000 | ip=192.168.69.96 | op=SEND_HEARTBEAT {datanodeUUID=9a4a4c23-9ff3-4ce3-a619-2c71c0869997, command=[]} | ret=SUCCESS |  
2019-08-20 16:03:59,902 | INFO  | SCMAudit | user=jenkins1000 | ip=192.168.69.96 | op=SEND_HEARTBEAT {datanodeUUID=9b0072ab-15b3-4973-9bcb-7fa02f6bfea9, command=[]} | ret=SUCCESS |  
2019-08-20 16:03:59,902 | INFO  | SCMAudit | user=jenkins1000 | ip=192.168.69.96 | op=SEND_HEARTBEAT {datanodeUUID=69f203df-fb09-400b-ac11-cd7a56dd70a5, command=[]} | ret=SUCCESS |  
2019-08-20 16:03:59,902 | INFO  | SCMAudit | user=jenkins1000 | ip=192.168.69.96 | op=SEND_HEARTBEAT {datanodeUUID=9f215ef2-7d46-4cda-b695-cae1b893f75f, command=[]} | ret=SUCCESS |  
2019-08-20 16:03:59,902 | INFO  | SCMAudit | user=jenkins1000 | ip=192.168.69.96 | op=SEND_HEARTBEAT {datanodeUUID=f1afe498-2778-451e-a3e4-8199ec337a15, command=[]} | ret=SUCCESS |  
2019-08-20 16:03:59,902 | INFO  | DNAudit | user=null | ip=null | op=WRITE_CHUNK {blockData=conID: 1 locID: 102650153466855945 bcsId: 2576} | ret=SUCCESS |  
2019-08-20 16:03:59,903 | INFO  | DNAudit | user=null | ip=null | op=PUT_BLOCK {blockData=[blockId=conID: 1 locID: 102650153466855945 bcsId: 0,size=4194304]} | ret=SUCCESS |  
2019-08-20 16:03:59,903 [grpc-default-executor-1] INFO  client.GrpcClientProtocolClient (GrpcClientProtocolClient.java:onNext(255)) - client-EAA342753240->9a4a4c23-9ff3-4ce3-a619-2c71c0869997: receive RaftClientReply:client-EAA342753240->9a4a4c23-9ff3-4ce3-a619-2c71c0869997@group-EC4211DF0353, cid=1782, SUCCESS, logIndex=2579, commits[9a4a4c23-9ff3-4ce3-a619-2c71c0869997:c2580, 9b0072ab-15b3-4973-9bcb-7fa02f6bfea9:c2576, 9f215ef2-7d46-4cda-b695-cae1b893f75f:c2576]
2019-08-20 16:03:59,904 [grpc-default-executor-1] INFO  client.GrpcClientProtocolClient (GrpcClientProtocolClient.java:onNext(255)) - client-EAA342753240->9a4a4c23-9ff3-4ce3-a619-2c71c0869997: receive RaftClientReply:client-EAA342753240->9a4a4c23-9ff3-4ce3-a619-2c71c0869997@group-EC4211DF0353, cid=1783, SUCCESS, logIndex=2580, commits[9a4a4c23-9ff3-4ce3-a619-2c71c0869997:c2580, 9b0072ab-15b3-4973-9bcb-7fa02f6bfea9:c2576, 9f215ef2-7d46-4cda-b695-cae1b893f75f:c2576]
2019-08-20 16:03:59,913 | INFO  | DNAudit | user=null | ip=null | op=WRITE_CHUNK {blockData=conID: 1 locID: 102650153466855945 bcsId: 2576} | ret=SUCCESS |  
2019-08-20 16:03:59,913 | INFO  | DNAudit | user=null | ip=null | op=WRITE_CHUNK {blockData=conID: 1 locID: 102650153466855945 bcsId: 2576} | ret=SUCCESS |  
2019-08-20 16:03:59,913 | INFO  | DNAudit | user=null | ip=null | op=PUT_BLOCK {blockData=[blockId=conID: 1 locID: 102650153466855945 bcsId: 0,size=4194304]} | ret=SUCCESS |  
2019-08-20 16:03:59,914 | INFO  | DNAudit | user=null | ip=null | op=PUT_BLOCK {blockData=[blockId=conID: 1 locID: 102650153466855945 bcsId: 0,size=4194304]} | ret=SUCCESS |  
2019-08-20 16:03:59,915 [grpc-default-executor-1] INFO  client.GrpcClientProtocolClient (GrpcClientProtocolClient.java:onNext(255)) - client-EAA342753240->9a4a4c23-9ff3-4ce3-a619-2c71c0869997: receive RaftClientReply:client-EAA342753240->9a4a4c23-9ff3-4ce3-a619-2c71c0869997@group-EC4211DF0353, cid=1784, SUCCESS, logIndex=0, commits[9a4a4c23-9ff3-4ce3-a619-2c71c0869997:c2582, 9b0072ab-15b3-4973-9bcb-7fa02f6bfea9:c2580, 9f215ef2-7d46-4cda-b695-cae1b893f75f:c2580]
2019-08-20 16:03:59,920 | INFO  | SCMAudit | user=jenkins1000 | ip=192.168.69.96 | op=ALLOCATE_BLOCK {owner=ea4851f9-218c-4af7-91b4-edb777a4888c, size=4194304, type=RATIS, factor=THREE} | ret=SUCCESS |  
2019-08-20 16:03:59,924 | INFO  | OMAudit | user=jenkins1000 | ip=127.0.0.1 | op=ALLOCATE_BLOCK {volume=vol-0-94146, bucket=bucket-0-90789, key=key-0-25609, dataSize=0, replicationType=null, replicationFactor=null, keyLocationInfo=null, clientID=102650152704082322} | ret=SUCCESS |  
2019-08-20 16:03:59,932 | INFO  | DNAudit | user=null | ip=null | op=WRITE_CHUNK {blockData=conID: 2 locID: 102650153528197642 bcsId: 0} | ret=SUCCESS |  
2019-08-20 16:03:59,934 | INFO  | DNAudit | user=null | ip=null | op=WRITE_CHUNK {blockData=conID: 2 locID: 102650153528197642 bcsId: 0} | ret=SUCCESS |  
2019-08-20 16:03:59,935 | INFO  | DNAudit | user=null | ip=null | op=WRITE_CHUNK {blockData=conID: 2 locID: 102650153528197642 bcsId: 0} | ret=SUCCESS |  
2019-08-20 16:03:59,936 | INFO  | DNAudit | user=null | ip=null | op=WRITE_CHUNK {blockData=conID: 2 locID: 102650153528197642 bcsId: 0} | ret=SUCCESS |  
2019-08-20 16:03:59,936 | INFO  | DNAudit | user=null | ip=null | op=WRITE_CHUNK {blockData=conID: 2 locID: 102650153528197642 bcsId: 0} | ret=SUCCESS |  
2019-08-20 16:03:59,937 | INFO  | DNAudit | user=null | ip=null | op=WRITE_CHUNK {blockData=conID: 2 locID: 102650153528197642 bcsId: 0} | ret=SUCCESS |  
2019-08-20 16:04:00,137 | INFO  | DNAudit | user=null | ip=null | op=WRITE_CHUNK {blockData=conID: 2 locID: 102650153528197642 bcsId: 0} | ret=SUCCESS |  
2019-08-20 16:04:00,137 | INFO  | DNAudit | user=null | ip=null | op=PUT_BLOCK {blockData=[blockId=conID: 2 locID: 102650153528197642 bcsId: 0,size=1048576]} | ret=SUCCESS |  
2019-08-20 16:04:00,137 [grpc-default-executor-5] INFO  client.GrpcClientProtocolClient (GrpcClientProtocolClient.java:onNext(255)) - client-EAA342753240->9a4a4c23-9ff3-4ce3-a619-2c71c0869997: receive RaftClientReply:client-EAA342753240->9a4a4c23-9ff3-4ce3-a619-2c71c0869997@group-EC4211DF0353, cid=1785, SUCCESS, logIndex=2583, commits[9a4a4c23-9ff3-4ce3-a619-2c71c0869997:c2586, 9b0072ab-15b3-4973-9bcb-7fa02f6bfea9:c2582, 9f215ef2-7d46-4cda-b695-cae1b893f75f:c2582]
2019-08-20 16:04:00,138 | INFO  | DNAudit | user=null | ip=null | op=WRITE_CHUNK {blockData=conID: 2 locID: 102650153528197642 bcsId: 0} | ret=SUCCESS |  
2019-08-20 16:04:00,138 | INFO  | DNAudit | user=null | ip=null | op=PUT_BLOCK {blockData=[blockId=conID: 2 locID: 102650153528197642 bcsId: 0,size=2097152]} | ret=SUCCESS |  
2019-08-20 16:04:00,138 [grpc-default-executor-5] INFO  client.GrpcClientProtocolClient (GrpcClientProtocolClient.java:onNext(255)) - client-EAA342753240->9a4a4c23-9ff3-4ce3-a619-2c71c0869997: receive RaftClientReply:client-EAA342753240->9a4a4c23-9ff3-4ce3-a619-2c71c0869997@group-EC4211DF0353, cid=1786, SUCCESS, logIndex=2584, commits[9a4a4c23-9ff3-4ce3-a619-2c71c0869997:c2586, 9b0072ab-15b3-4973-9bcb-7fa02f6bfea9:c2582, 9f215ef2-7d46-4cda-b695-cae1b893f75f:c2582]
2019-08-20 16:04:00,139 [grpc-default-executor-5] INFO  client.GrpcClientProtocolClient (GrpcClientProtocolClient.java:onNext(255)) - client-EAA342753240->9a4a4c23-9ff3-4ce3-a619-2c71c0869997: receive RaftClientReply:client-EAA342753240->9a4a4c23-9ff3-4ce3-a619-2c71c0869997@group-EC4211DF0353, cid=1787, SUCCESS, logIndex=2585, commits[9a4a4c23-9ff3-4ce3-a619-2c71c0869997:c2586, 9b0072ab-15b3-4973-9bcb-7fa02f6bfea9:c2582, 9f215ef2-7d46-4cda-b695-cae1b893f75f:c2582]
2019-08-20 16:04:00,139 [grpc-default-executor-5] INFO  client.GrpcClientProtocolClient (GrpcClientProtocolClient.java:onNext(255)) - client-EAA342753240->9a4a4c23-9ff3-4ce3-a619-2c71c0869997: receive RaftClientReply:client-EAA342753240->9a4a4c23-9ff3-4ce3-a619-2c71c0869997@group-EC4211DF0353, cid=1788, SUCCESS, logIndex=2586, commits[9a4a4c23-9ff3-4ce3-a619-2c71c0869997:c2586, 9b0072ab-15b3-4973-9bcb-7fa02f6bfea9:c2582, 9f215ef2-7d46-4cda-b695-cae1b893f75f:c2582]
2019-08-20 16:04:00,148 | INFO  | DNAudit | user=null | ip=null | op=WRITE_CHUNK {blockData=conID: 2 locID: 102650153528197642 bcsId: 0} | ret=SUCCESS |  
2019-08-20 16:04:00,149 | INFO  | DNAudit | user=null | ip=null | op=WRITE_CHUNK {blockData=conID: 2 locID: 102650153528197642 bcsId: 0} | ret=SUCCESS |  
2019-08-20 16:04:00,149 | INFO  | DNAudit | user=null | ip=null | op=PUT_BLOCK {blockData=[blockId=conID: 2 locID: 102650153528197642 bcsId: 0,size=1048576]} | ret=SUCCESS |  
2019-08-20 16:04:00,149 | INFO  | DNAudit | user=null | ip=null | op=PUT_BLOCK {blockData=[blockId=conID: 2 locID: 102650153528197642 bcsId: 0,size=1048576]} | ret=SUCCESS |  
2019-08-20 16:04:00,149 [grpc-default-executor-5] INFO  client.GrpcClientProtocolClient (GrpcClientProtocolClient.java:onNext(255)) - client-EAA342753240->9a4a4c23-9ff3-4ce3-a619-2c71c0869997: receive RaftClientReply:client-EAA342753240->9a4a4c23-9ff3-4ce3-a619-2c71c0869997@group-EC4211DF0353, cid=1789, SUCCESS, logIndex=0, commits[9a4a4c23-9ff3-4ce3-a619-2c71c0869997:c2587, 9b0072ab-15b3-4973-9bcb-7fa02f6bfea9:c2584, 9f215ef2-7d46-4cda-b695-cae1b893f75f:c2584]
2019-08-20 16:04:00,150 | INFO  | DNAudit | user=null | ip=null | op=WRITE_CHUNK {blockData=conID: 2 locID: 102650153528197642 bcsId: 0} | ret=SUCCESS |  
2019-08-20 16:04:00,150 | INFO  | DNAudit | user=null | ip=null | op=WRITE_CHUNK {blockData=conID: 2 locID: 102650153528197642 bcsId: 0} | ret=SUCCESS |  
2019-08-20 16:04:00,151 | INFO  | DNAudit | user=null | ip=null | op=PUT_BLOCK {blockData=[blockId=conID: 2 locID: 102650153528197642 bcsId: 0,size=2097152]} | ret=SUCCESS |  
2019-08-20 16:04:00,151 | INFO  | DNAudit | user=null | ip=null | op=PUT_BLOCK {blockData=[blockId=conID: 2 locID: 102650153528197642 bcsId: 0,size=2097152]} | ret=SUCCESS |  
2019-08-20 16:04:00,161 | INFO  | DNAudit | user=null | ip=null | op=WRITE_CHUNK {blockData=conID: 2 locID: 102650153528197642 bcsId: 2586} | ret=SUCCESS |  
2019-08-20 16:04:00,166 | INFO  | DNAudit | user=null | ip=null | op=WRITE_CHUNK {blockData=conID: 2 locID: 102650153528197642 bcsId: 2586} | ret=SUCCESS |  
2019-08-20 16:04:00,167 | INFO  | DNAudit | user=null | ip=null | op=WRITE_CHUNK {blockData=conID: 2 locID: 102650153528197642 bcsId: 2586} | ret=SUCCESS |  
2019-08-20 16:04:00,175 | INFO  | DNAudit | user=null | ip=null | op=WRITE_CHUNK {blockData=conID: 2 locID: 102650153528197642 bcsId: 2586} | ret=SUCCESS |  
2019-08-20 16:04:00,176 | INFO  | DNAudit | user=null | ip=null | op=PUT_BLOCK {blockData=[blockId=conID: 2 locID: 102650153528197642 bcsId: 0,size=3145728]} | ret=SUCCESS |  
2019-08-20 16:04:00,176 | INFO  | DNAudit | user=null | ip=null | op=WRITE_CHUNK {blockData=conID: 2 locID: 102650153528197642 bcsId: 2586} | ret=SUCCESS |  
2019-08-20 16:04:00,176 | INFO  | DNAudit | user=null | ip=null | op=WRITE_CHUNK {blockData=conID: 2 locID: 102650153528197642 bcsId: 2586} | ret=SUCCESS |  
2019-08-20 16:04:00,176 [grpc-default-executor-3] INFO  client.GrpcClientProtocolClient (GrpcClientProtocolClient.java:onNext(255)) - client-EAA342753240->9a4a4c23-9ff3-4ce3-a619-2c71c0869997: receive RaftClientReply:client-EAA342753240->9a4a4c23-9ff3-4ce3-a619-2c71c0869997@group-EC4211DF0353, cid=1790, SUCCESS, logIndex=2591, commits[9a4a4c23-9ff3-4ce3-a619-2c71c0869997:c2592, 9b0072ab-15b3-4973-9bcb-7fa02f6bfea9:c2590, 9f215ef2-7d46-4cda-b695-cae1b893f75f:c2590]
2019-08-20 16:04:00,177 | INFO  | DNAudit | user=null | ip=null | op=PUT_BLOCK {blockData=[blockId=conID: 2 locID: 102650153528197642 bcsId: 0,size=3145728]} | ret=SUCCESS |  
2019-08-20 16:04:00,177 | INFO  | DNAudit | user=null | ip=null | op=PUT_BLOCK {blockData=[blockId=conID: 2 locID: 102650153528197642 bcsId: 0,size=3145728]} | ret=SUCCESS |  
2019-08-20 16:04:00,177 [grpc-default-executor-3] INFO  client.GrpcClientProtocolClient (GrpcClientProtocolClient.java:onNext(255)) - client-EAA342753240->9a4a4c23-9ff3-4ce3-a619-2c71c0869997: receive RaftClientReply:client-EAA342753240->9a4a4c23-9ff3-4ce3-a619-2c71c0869997@group-EC4211DF0353, cid=1791, SUCCESS, logIndex=2592, commits[9a4a4c23-9ff3-4ce3-a619-2c71c0869997:c2592, 9b0072ab-15b3-4973-9bcb-7fa02f6bfea9:c2590, 9f215ef2-7d46-4cda-b695-cae1b893f75f:c2590]
2019-08-20 16:04:00,186 | INFO  | DNAudit | user=null | ip=null | op=WRITE_CHUNK {blockData=conID: 2 locID: 102650153528197642 bcsId: 2592} | ret=SUCCESS |  
2019-08-20 16:04:00,189 | INFO  | DNAudit | user=null | ip=null | op=WRITE_CHUNK {blockData=conID: 2 locID: 102650153528197642 bcsId: 2592} | ret=SUCCESS |  
2019-08-20 16:04:00,189 | INFO  | DNAudit | user=null | ip=null | op=WRITE_CHUNK {blockData=conID: 2 locID: 102650153528197642 bcsId: 2592} | ret=SUCCESS |  
2019-08-20 16:04:00,192 | INFO  | DNAudit | user=null | ip=null | op=WRITE_CHUNK {blockData=conID: 2 locID: 102650153528197642 bcsId: 2592} | ret=SUCCESS |  
2019-08-20 16:04:00,192 | INFO  | DNAudit | user=null | ip=null | op=PUT_BLOCK {blockData=[blockId=conID: 2 locID: 102650153528197642 bcsId: 0,size=4194304]} | ret=SUCCESS |  
2019-08-20 16:04:00,193 [grpc-default-executor-6] INFO  client.GrpcClientProtocolClient (GrpcClientProtocolClient.java:onNext(255)) - client-EAA342753240->9a4a4c23-9ff3-4ce3-a619-2c71c0869997: receive RaftClientReply:client-EAA342753240->9a4a4c23-9ff3-4ce3-a619-2c71c0869997@group-EC4211DF0353, cid=1792, SUCCESS, logIndex=2595, commits[9a4a4c23-9ff3-4ce3-a619-2c71c0869997:c2596, 9b0072ab-15b3-4973-9bcb-7fa02f6bfea9:c2594, 9f215ef2-7d46-4cda-b695-cae1b893f75f:c2594]
2019-08-20 16:04:00,193 [grpc-default-executor-6] INFO  client.GrpcClientProtocolClient (GrpcClientProtocolClient.java:onNext(255)) - client-EAA342753240->9a4a4c23-9ff3-4ce3-a619-2c71c0869997: receive RaftClientReply:client-EAA342753240->9a4a4c23-9ff3-4ce3-a619-2c71c0869997@group-EC4211DF0353, cid=1793, SUCCESS, logIndex=2596, commits[9a4a4c23-9ff3-4ce3-a619-2c71c0869997:c2596, 9b0072ab-15b3-4973-9bcb-7fa02f6bfea9:c2594, 9f215ef2-7d46-4cda-b695-cae1b893f75f:c2594]
2019-08-20 16:04:00,194 | INFO  | DNAudit | user=null | ip=null | op=WRITE_CHUNK {blockData=conID: 2 locID: 102650153528197642 bcsId: 2592} | ret=SUCCESS |  
2019-08-20 16:04:00,194 | INFO  | DNAudit | user=null | ip=null | op=WRITE_CHUNK {blockData=conID: 2 locID: 102650153528197642 bcsId: 2592} | ret=SUCCESS |  
2019-08-20 16:04:00,194 | INFO  | DNAudit | user=null | ip=null | op=PUT_BLOCK {blockData=[blockId=conID: 2 locID: 102650153528197642 bcsId: 0,size=4194304]} | ret=SUCCESS |  
2019-08-20 16:04:00,195 [grpc-default-executor-6] INFO  client.GrpcClientProtocolClient (GrpcClientProtocolClient.java:onNext(255)) - client-EAA342753240->9a4a4c23-9ff3-4ce3-a619-2c71c0869997: receive RaftClientReply:client-EAA342753240->9a4a4c23-9ff3-4ce3-a619-2c71c0869997@group-EC4211DF0353, cid=1794, SUCCESS, logIndex=0, commits[9a4a4c23-9ff3-4ce3-a619-2c71c0869997:c2597, 9b0072ab-15b3-4973-9bcb-7fa02f6bfea9:c2596, 9f215ef2-7d46-4cda-b695-cae1b893f75f:c2596]
2019-08-20 16:04:00,195 | INFO  | DNAudit | user=null | ip=null | op=PUT_BLOCK {blockData=[blockId=conID: 2 locID: 102650153528197642 bcsId: 0,size=4194304]} | ret=SUCCESS |  
2019-08-20 16:04:00,200 | INFO  | SCMAudit | user=jenkins1000 | ip=192.168.69.96 | op=ALLOCATE_BLOCK {owner=ea4851f9-218c-4af7-91b4-edb777a4888c, size=4194304, type=RATIS, factor=THREE} | ret=SUCCESS |  
2019-08-20 16:04:00,203 | INFO  | OMAudit | user=jenkins1000 | ip=127.0.0.1 | op=ALLOCATE_BLOCK {volume=vol-0-94146, bucket=bucket-0-90789, key=key-0-25609, dataSize=0, replicationType=null, replicationFactor=null, keyLocationInfo=null, clientID=102650152704082322} | ret=SUCCESS |  
2019-08-20 16:04:00,212 | INFO  | DNAudit | user=null | ip=null | op=WRITE_CHUNK {blockData=conID: 3 locID: 102650153546547723 bcsId: 0} | ret=SUCCESS |  
2019-08-20 16:04:00,214 | INFO  | DNAudit | user=null | ip=null | op=WRITE_CHUNK {blockData=conID: 3 locID: 102650153546547723 bcsId: 0} | ret=SUCCESS |  
2019-08-20 16:04:00,217 | INFO  | DNAudit | user=null | ip=null | op=WRITE_CHUNK {blockData=conID: 3 locID: 102650153546547723 bcsId: 0} | ret=SUCCESS |  
2019-08-20 16:04:00,217 | INFO  | DNAudit | user=null | ip=null | op=WRITE_CHUNK {blockData=conID: 3 locID: 102650153546547723 bcsId: 0} | ret=SUCCESS |  
2019-08-20 16:04:00,217 | INFO  | DNAudit | user=null | ip=null | op=WRITE_CHUNK {blockData=conID: 3 locID: 102650153546547723 bcsId: 0} | ret=SUCCESS |  
2019-08-20 16:04:00,218 | INFO  | DNAudit | user=null | ip=null | op=PUT_BLOCK {blockData=[blockId=conID: 3 locID: 102650153546547723 bcsId: 0,size=1048576]} | ret=SUCCESS |  
2019-08-20 16:04:00,218 [grpc-default-executor-3] INFO  client.GrpcClientProtocolClient (GrpcClientProtocolClient.java:onNext(255)) - client-EAA342753240->9a4a4c23-9ff3-4ce3-a619-2c71c0869997: receive RaftClientReply:client-EAA342753240->9a4a4c23-9ff3-4ce3-a619-2c71c0869997@group-EC4211DF0353, cid=1795, SUCCESS, logIndex=2599, commits[9a4a4c23-9ff3-4ce3-a619-2c71c0869997:c2600, 9b0072ab-15b3-4973-9bcb-7fa02f6bfea9:c2596, 9f215ef2-7d46-4cda-b695-cae1b893f75f:c2598]
2019-08-20 16:04:00,219 [grpc-default-executor-6] INFO  client.GrpcClientProtocolClient (GrpcClientProtocolClient.java:onNext(255)) - client-EAA342753240->9a4a4c23-9ff3-4ce3-a619-2c71c0869997: receive RaftClientReply:client-EAA342753240->9a4a4c23-9ff3-4ce3-a619-2c71c0869997@group-EC4211DF0353, cid=1796, SUCCESS, logIndex=2600, commits[9a4a4c23-9ff3-4ce3-a619-2c71c0869997:c2600, 9b0072ab-15b3-4973-9bcb-7fa02f6bfea9:c2596, 9f215ef2-7d46-4cda-b695-cae1b893f75f:c2598]
2019-08-20 16:04:00,219 | INFO  | DNAudit | user=null | ip=null | op=WRITE_CHUNK {blockData=conID: 3 locID: 102650153546547723 bcsId: 0} | ret=SUCCESS |  
2019-08-20 16:04:00,220 | INFO  | DNAudit | user=null | ip=null | op=WRITE_CHUNK {blockData=conID: 3 locID: 102650153546547723 bcsId: 0} | ret=SUCCESS |  
2019-08-20 16:04:00,221 | INFO  | DNAudit | user=null | ip=null | op=WRITE_CHUNK {blockData=conID: 3 locID: 102650153546547723 bcsId: 0} | ret=SUCCESS |  
2019-08-20 16:04:00,221 | INFO  | DNAudit | user=null | ip=null | op=WRITE_CHUNK {blockData=conID: 3 locID: 102650153546547723 bcsId: 0} | ret=SUCCESS |  
2019-08-20 16:04:00,222 | INFO  | DNAudit | user=null | ip=null | op=PUT_BLOCK {blockData=[blockId=conID: 3 locID: 102650153546547723 bcsId: 0,size=1048576]} | ret=SUCCESS |  
2019-08-20 16:04:00,222 | INFO  | DNAudit | user=null | ip=null | op=PUT_BLOCK {blockData=[blockId=conID: 3 locID: 102650153546547723 bcsId: 0,size=2097152]} | ret=SUCCESS |  
2019-08-20 16:04:00,222 | INFO  | DNAudit | user=null | ip=null | op=WRITE_CHUNK {blockData=conID: 3 locID: 102650153546547723 bcsId: 0} | ret=SUCCESS |  
2019-08-20 16:04:00,222 [grpc-default-executor-3] INFO  client.GrpcClientProtocolClient (GrpcClientProtocolClient.java:onNext(255)) - client-EAA342753240->9a4a4c23-9ff3-4ce3-a619-2c71c0869997: receive RaftClientReply:client-EAA342753240->9a4a4c23-9ff3-4ce3-a619-2c71c0869997@group-EC4211DF0353, cid=1797, SUCCESS, logIndex=2601, commits[9a4a4c23-9ff3-4ce3-a619-2c71c0869997:c2603, 9b0072ab-15b3-4973-9bcb-7fa02f6bfea9:c2600, 9f215ef2-7d46-4cda-b695-cae1b893f75f:c2598]
2019-08-20 16:04:00,222 | INFO  | DNAudit | user=null | ip=null | op=PUT_BLOCK {blockData=[blockId=conID: 3 locID: 102650153546547723 bcsId: 0,size=1048576]} | ret=SUCCESS |  
2019-08-20 16:04:00,223 [grpc-default-executor-3] INFO  client.GrpcClientProtocolClient (GrpcClientProtocolClient.java:onNext(255)) - client-EAA342753240->9a4a4c23-9ff3-4ce3-a619-2c71c0869997: receive RaftClientReply:client-EAA342753240->9a4a4c23-9ff3-4ce3-a619-2c71c0869997@group-EC4211DF0353, cid=1798, SUCCESS, logIndex=2602, commits[9a4a4c23-9ff3-4ce3-a619-2c71c0869997:c2604, 9b0072ab-15b3-4973-9bcb-7fa02f6bfea9:c2600, 9f215ef2-7d46-4cda-b695-cae1b893f75f:c2600]
2019-08-20 16:04:00,223 | INFO  | DNAudit | user=null | ip=null | op=WRITE_CHUNK {blockData=conID: 3 locID: 102650153546547723 bcsId: 0} | ret=SUCCESS |  
2019-08-20 16:04:00,224 | INFO  | DNAudit | user=null | ip=null | op=WRITE_CHUNK {blockData=conID: 3 locID: 102650153546547723 bcsId: 0} | ret=SUCCESS |  
2019-08-20 16:04:00,224 | INFO  | DNAudit | user=null | ip=null | op=PUT_BLOCK {blockData=[blockId=conID: 3 locID: 102650153546547723 bcsId: 0,size=2097152]} | ret=SUCCESS |  
2019-08-20 16:04:00,225 | INFO  | DNAudit | user=null | ip=null | op=PUT_BLOCK {blockData=[blockId=conID: 3 locID: 102650153546547723 bcsId: 0,size=2097152]} | ret=SUCCESS |  
2019-08-20 16:04:00,230 | INFO  | DNAudit | user=null | ip=null | op=WRITE_CHUNK {blockData=conID: 3 locID: 102650153546547723 bcsId: 2602} | ret=SUCCESS |  
2019-08-20 16:04:00,233 | INFO  | DNAudit | user=null | ip=null | op=WRITE_CHUNK {blockData=conID: 3 locID: 102650153546547723 bcsId: 2602} | ret=SUCCESS |  
2019-08-20 16:04:00,233 | INFO  | DNAudit | user=null | ip=null | op=WRITE_CHUNK {blockData=conID: 3 locID: 102650153546547723 bcsId: 2602} | ret=SUCCESS |  
2019-08-20 16:04:00,257 | INFO  | DNAudit | user=null | ip=null | op=WRITE_CHUNK {blockData=conID: 3 locID: 102650153546547723 bcsId: 2602} | ret=SUCCESS |  
2019-08-20 16:04:00,257 | INFO  | DNAudit | user=null | ip=null | op=PUT_BLOCK {blockData=[blockId=conID: 3 locID: 102650153546547723 bcsId: 0,size=3145728]} | ret=SUCCESS |  
2019-08-20 16:04:00,257 [grpc-default-executor-3] INFO  client.GrpcClientProtocolClient (GrpcClientProtocolClient.java:onNext(255)) - client-EAA342753240->9a4a4c23-9ff3-4ce3-a619-2c71c0869997: receive RaftClientReply:client-EAA342753240->9a4a4c23-9ff3-4ce3-a619-2c71c0869997@group-EC4211DF0353, cid=1799, SUCCESS, logIndex=2607, commits[9a4a4c23-9ff3-4ce3-a619-2c71c0869997:c2608, 9b0072ab-15b3-4973-9bcb-7fa02f6bfea9:c2606, 9f215ef2-7d46-4cda-b695-cae1b893f75f:c2606]
2019-08-20 16:04:00,258 | INFO  | DNAudit | user=null | ip=null | op=WRITE_CHUNK {blockData=conID: 3 locID: 102650153546547723 bcsId: 2602} | ret=SUCCESS |  
2019-08-20 16:04:00,258 [grpc-default-executor-3] INFO  client.GrpcClientProtocolClient (GrpcClientProtocolClient.java:onNext(255)) - client-EAA342753240->9a4a4c23-9ff3-4ce3-a619-2c71c0869997: receive RaftClientReply:client-EAA342753240->9a4a4c23-9ff3-4ce3-a619-2c71c0869997@group-EC4211DF0353, cid=1800, SUCCESS, logIndex=2608, commits[9a4a4c23-9ff3-4ce3-a619-2c71c0869997:c2608, 9b0072ab-15b3-4973-9bcb-7fa02f6bfea9:c2606, 9f215ef2-7d46-4cda-b695-cae1b893f75f:c2606]
2019-08-20 16:04:00,258 | INFO  | DNAudit | user=null | ip=null | op=WRITE_CHUNK {blockData=conID: 3 locID: 102650153546547723 bcsId: 2602} | ret=SUCCESS |  
2019-08-20 16:04:00,266 | INFO  | DNAudit | user=null | ip=null | op=WRITE_CHUNK {blockData=conID: 3 locID: 102650153546547723 bcsId: 2608} | ret=SUCCESS |  
2019-08-20 16:04:00,268 | INFO  | DNAudit | user=null | ip=null | op=WRITE_CHUNK {blockData=conID: 3 locID: 102650153546547723 bcsId: 2608} | ret=SUCCESS |  
2019-08-20 16:04:00,268 | INFO  | DNAudit | user=null | ip=null | op=WRITE_CHUNK {blockData=conID: 3 locID: 102650153546547723 bcsId: 2608} | ret=SUCCESS |  
2019-08-20 16:04:00,273 | INFO  | DNAudit | user=null | ip=null | op=PUT_BLOCK {blockData=[blockId=conID: 3 locID: 102650153546547723 bcsId: 0,size=3145728]} | ret=SUCCESS |  
2019-08-20 16:04:00,273 | INFO  | DNAudit | user=null | ip=null | op=PUT_BLOCK {blockData=[blockId=conID: 3 locID: 102650153546547723 bcsId: 0,size=3145728]} | ret=SUCCESS |  
2019-08-20 16:04:00,275 | INFO  | DNAudit | user=null | ip=null | op=WRITE_CHUNK {blockData=conID: 3 locID: 102650153546547723 bcsId: 2608} | ret=SUCCESS |  
2019-08-20 16:04:00,275 | INFO  | DNAudit | user=null | ip=null | op=PUT_BLOCK {blockData=[blockId=conID: 3 locID: 102650153546547723 bcsId: 0,size=4194304]} | ret=SUCCESS |  
2019-08-20 16:04:00,276 [grpc-default-executor-3] INFO  client.GrpcClientProtocolClient (GrpcClientProtocolClient.java:onNext(255)) - client-EAA342753240->9a4a4c23-9ff3-4ce3-a619-2c71c0869997: receive RaftClientReply:client-EAA342753240->9a4a4c23-9ff3-4ce3-a619-2c71c0869997@group-EC4211DF0353, cid=1801, SUCCESS, logIndex=2611, commits[9a4a4c23-9ff3-4ce3-a619-2c71c0869997:c2612, 9b0072ab-15b3-4973-9bcb-7fa02f6bfea9:c2609, 9f215ef2-7d46-4cda-b695-cae1b893f75f:c2609]
2019-08-20 16:04:00,276 [grpc-default-executor-3] INFO  client.GrpcClientProtocolClient (GrpcClientProtocolClient.java:onNext(255)) - client-EAA342753240->9a4a4c23-9ff3-4ce3-a619-2c71c0869997: receive RaftClientReply:client-EAA342753240->9a4a4c23-9ff3-4ce3-a619-2c71c0869997@group-EC4211DF0353, cid=1802, SUCCESS, logIndex=2612, commits[9a4a4c23-9ff3-4ce3-a619-2c71c0869997:c2612, 9b0072ab-15b3-4973-9bcb-7fa02f6bfea9:c2609, 9f215ef2-7d46-4cda-b695-cae1b893f75f:c2609]
2019-08-20 16:04:00,287 | INFO  | DNAudit | user=null | ip=null | op=WRITE_CHUNK {blockData=conID: 3 locID: 102650153546547723 bcsId: 2608} | ret=SUCCESS |  
2019-08-20 16:04:00,288 | INFO  | DNAudit | user=null | ip=null | op=WRITE_CHUNK {blockData=conID: 3 locID: 102650153546547723 bcsId: 2608} | ret=SUCCESS |  
2019-08-20 16:04:00,289 | INFO  | DNAudit | user=null | ip=null | op=PUT_BLOCK {blockData=[blockId=conID: 3 locID: 102650153546547723 bcsId: 0,size=4194304]} | ret=SUCCESS |  
2019-08-20 16:04:00,289 | INFO  | DNAudit | user=null | ip=null | op=PUT_BLOCK {blockData=[blockId=conID: 3 locID: 102650153546547723 bcsId: 0,size=4194304]} | ret=SUCCESS |  
2019-08-20 16:04:00,289 [grpc-default-executor-3] INFO  client.GrpcClientProtocolClient (GrpcClientProtocolClient.java:onNext(255)) - client-EAA342753240->9a4a4c23-9ff3-4ce3-a619-2c71c0869997: receive RaftClientReply:client-EAA342753240->9a4a4c23-9ff3-4ce3-a619-2c71c0869997@group-EC4211DF0353, cid=1803, SUCCESS, logIndex=0, commits[9a4a4c23-9ff3-4ce3-a619-2c71c0869997:c2614, 9b0072ab-15b3-4973-9bcb-7fa02f6bfea9:c2612, 9f215ef2-7d46-4cda-b695-cae1b893f75f:c2612]
2019-08-20 16:04:00,294 | INFO  | SCMAudit | user=jenkins1000 | ip=192.168.69.96 | op=ALLOCATE_BLOCK {owner=ea4851f9-218c-4af7-91b4-edb777a4888c, size=4194304, type=RATIS, factor=THREE} | ret=SUCCESS |  
2019-08-20 16:04:00,297 | INFO  | OMAudit | user=jenkins1000 | ip=127.0.0.1 | op=ALLOCATE_BLOCK {volume=vol-0-94146, bucket=bucket-0-90789, key=key-0-25609, dataSize=0, replicationType=null, replicationFactor=null, keyLocationInfo=null, clientID=102650152704082322} | ret=SUCCESS |  
2019-08-20 16:04:00,304 | INFO  | DNAudit | user=null | ip=null | op=WRITE_CHUNK {blockData=conID: 1 locID: 102650153552708108 bcsId: 0} | ret=SUCCESS |  
2019-08-20 16:04:00,308 | INFO  | DNAudit | user=null | ip=null | op=WRITE_CHUNK {blockData=conID: 1 locID: 102650153552708108 bcsId: 0} | ret=SUCCESS |  
2019-08-20 16:04:00,308 | INFO  | DNAudit | user=null | ip=null | op=WRITE_CHUNK {blockData=conID: 1 locID: 102650153552708108 bcsId: 0} | ret=SUCCESS |  
2019-08-20 16:04:00,309 | INFO  | DNAudit | user=null | ip=null | op=WRITE_CHUNK {blockData=conID: 1 locID: 102650153552708108 bcsId: 0} | ret=SUCCESS |  
2019-08-20 16:04:00,310 | INFO  | DNAudit | user=null | ip=null | op=WRITE_CHUNK {blockData=conID: 1 locID: 102650153552708108 bcsId: 0} | ret=SUCCESS |  
2019-08-20 16:04:00,310 | INFO  | DNAudit | user=null | ip=null | op=WRITE_CHUNK {blockData=conID: 1 locID: 102650153552708108 bcsId: 0} | ret=SUCCESS |  
2019-08-20 16:04:00,316 | INFO  | DNAudit | user=null | ip=null | op=WRITE_CHUNK {blockData=conID: 1 locID: 102650153552708108 bcsId: 0} | ret=SUCCESS |  
2019-08-20 16:04:00,317 | INFO  | DNAudit | user=null | ip=null | op=PUT_BLOCK {blockData=[blockId=conID: 1 locID: 102650153552708108 bcsId: 0,size=1048576]} | ret=SUCCESS |  
2019-08-20 16:04:00,317 [grpc-default-executor-3] INFO  client.GrpcClientProtocolClient (GrpcClientProtocolClient.java:onNext(255)) - client-EAA342753240->9a4a4c23-9ff3-4ce3-a619-2c71c0869997: receive RaftClientReply:client-EAA342753240->9a4a4c23-9ff3-4ce3-a619-2c71c0869997@group-EC4211DF0353, cid=1804, SUCCESS, logIndex=2615, commits[9a4a4c23-9ff3-4ce3-a619-2c71c0869997:c2617, 9b0072ab-15b3-4973-9bcb-7fa02f6bfea9:c2614, 9f215ef2-7d46-4cda-b695-cae1b893f75f:c2614]
2019-08-20 16:04:00,317 | INFO  | DNAudit | user=null | ip=null | op=WRITE_CHUNK {blockData=conID: 1 locID: 102650153552708108 bcsId: 0} | ret=SUCCESS |  
2019-08-20 16:04:00,317 | INFO  | DNAudit | user=null | ip=null | op=PUT_BLOCK {blockData=[blockId=conID: 1 locID: 102650153552708108 bcsId: 0,size=2097152]} | ret=SUCCESS |  
2019-08-20 16:04:00,317 [grpc-default-executor-3] INFO  client.GrpcClientProtocolClient (GrpcClientProtocolClient.java:onNext(255)) - client-EAA342753240->9a4a4c23-9ff3-4ce3-a619-2c71c0869997: receive RaftClientReply:client-EAA342753240->9a4a4c23-9ff3-4ce3-a619-2c71c0869997@group-EC4211DF0353, cid=1805, SUCCESS, logIndex=2616, commits[9a4a4c23-9ff3-4ce3-a619-2c71c0869997:c2618, 9b0072ab-15b3-4973-9bcb-7fa02f6bfea9:c2614, 9f215ef2-7d46-4cda-b695-cae1b893f75f:c2614]
2019-08-20 16:04:00,318 [grpc-default-executor-3] INFO  client.GrpcClientProtocolClient (GrpcClientProtocolClient.java:onNext(255)) - client-EAA342753240->9a4a4c23-9ff3-4ce3-a619-2c71c0869997: receive RaftClientReply:client-EAA342753240->9a4a4c23-9ff3-4ce3-a619-2c71c0869997@group-EC4211DF0353, cid=1806, SUCCESS, logIndex=2617, commits[9a4a4c23-9ff3-4ce3-a619-2c71c0869997:c2618, 9b0072ab-15b3-4973-9bcb-7fa02f6bfea9:c2614, 9f215ef2-7d46-4cda-b695-cae1b893f75f:c2614]
2019-08-20 16:04:00,318 | INFO  | DNAudit | user=null | ip=null | op=WRITE_CHUNK {blockData=conID: 1 locID: 102650153552708108 bcsId: 0} | ret=SUCCESS |  
2019-08-20 16:04:00,318 [grpc-default-executor-3] INFO  client.GrpcClientProtocolClient (GrpcClientProtocolClient.java:onNext(255)) - client-EAA342753240->9a4a4c23-9ff3-4ce3-a619-2c71c0869997: receive RaftClientReply:client-EAA342753240->9a4a4c23-9ff3-4ce3-a619-2c71c0869997@group-EC4211DF0353, cid=1807, SUCCESS, logIndex=2618, commits[9a4a4c23-9ff3-4ce3-a619-2c71c0869997:c2618, 9b0072ab-15b3-4973-9bcb-7fa02f6bfea9:c2614, 9f215ef2-7d46-4cda-b695-cae1b893f75f:c2614]
2019-08-20 16:04:00,319 | INFO  | DNAudit | user=null | ip=null | op=WRITE_CHUNK {blockData=conID: 1 locID: 102650153552708108 bcsId: 0} | ret=SUCCESS |  
2019-08-20 16:04:00,319 | INFO  | DNAudit | user=null | ip=null | op=PUT_BLOCK {blockData=[blockId=conID: 1 locID: 102650153552708108 bcsId: 0,size=1048576]} | ret=SUCCESS |  
2019-08-20 16:04:00,319 | INFO  | DNAudit | user=null | ip=null | op=PUT_BLOCK {blockData=[blockId=conID: 1 locID: 102650153552708108 bcsId: 0,size=1048576]} | ret=SUCCESS |  
2019-08-20 16:04:00,319 | INFO  | DNAudit | user=null | ip=null | op=WRITE_CHUNK {blockData=conID: 1 locID: 102650153552708108 bcsId: 0} | ret=SUCCESS |  
2019-08-20 16:04:00,319 | INFO  | DNAudit | user=null | ip=null | op=WRITE_CHUNK {blockData=conID: 1 locID: 102650153552708108 bcsId: 0} | ret=SUCCESS |  
2019-08-20 16:04:00,320 [grpc-default-executor-3] INFO  client.GrpcClientProtocolClient (GrpcClientProtocolClient.java:onNext(255)) - client-EAA342753240->9a4a4c23-9ff3-4ce3-a619-2c71c0869997: receive RaftClientReply:client-EAA342753240->9a4a4c23-9ff3-4ce3-a619-2c71c0869997@group-EC4211DF0353, cid=1808, SUCCESS, logIndex=0, commits[9a4a4c23-9ff3-4ce3-a619-2c71c0869997:c2619, 9b0072ab-15b3-4973-9bcb-7fa02f6bfea9:c2617, 9f215ef2-7d46-4cda-b695-cae1b893f75f:c2616]
2019-08-20 16:04:00,320 | INFO  | DNAudit | user=null | ip=null | op=PUT_BLOCK {blockData=[blockId=conID: 1 locID: 102650153552708108 bcsId: 0,size=2097152]} | ret=SUCCESS |  
2019-08-20 16:04:00,327 | INFO  | DNAudit | user=null | ip=null | op=WRITE_CHUNK {blockData=conID: 1 locID: 102650153552708108 bcsId: 2618} | ret=SUCCESS |  
2019-08-20 16:04:00,329 | INFO  | DNAudit | user=null | ip=null | op=WRITE_CHUNK {blockData=conID: 1 locID: 102650153552708108 bcsId: 2618} | ret=SUCCESS |  
2019-08-20 16:04:00,329 | INFO  | DNAudit | user=null | ip=null | op=WRITE_CHUNK {blockData=conID: 1 locID: 102650153552708108 bcsId: 2618} | ret=SUCCESS |  
2019-08-20 16:04:00,333 | INFO  | DNAudit | user=null | ip=null | op=PUT_BLOCK {blockData=[blockId=conID: 1 locID: 102650153552708108 bcsId: 0,size=2097152]} | ret=SUCCESS |  
2019-08-20 16:04:00,334 | INFO  | DNAudit | user=null | ip=null | op=WRITE_CHUNK {blockData=conID: 1 locID: 102650153552708108 bcsId: 2618} | ret=SUCCESS |  
2019-08-20 16:04:00,335 | INFO  | DNAudit | user=null | ip=null | op=PUT_BLOCK {blockData=[blockId=conID: 1 locID: 102650153552708108 bcsId: 0,size=3145728]} | ret=SUCCESS |  
2019-08-20 16:04:00,335 [grpc-default-executor-3] INFO  client.GrpcClientProtocolClient (GrpcClientProtocolClient.java:onNext(255)) - client-EAA342753240->9a4a4c23-9ff3-4ce3-a619-2c71c0869997: receive RaftClientReply:client-EAA342753240->9a4a4c23-9ff3-4ce3-a619-2c71c0869997@group-EC4211DF0353, cid=1809, SUCCESS, logIndex=2623, commits[9a4a4c23-9ff3-4ce3-a619-2c71c0869997:c2624, 9b0072ab-15b3-4973-9bcb-7fa02f6bfea9:c2622, 9f215ef2-7d46-4cda-b695-cae1b893f75f:c2618]
2019-08-20 16:04:00,335 [grpc-default-executor-3] INFO  client.GrpcClientProtocolClient (GrpcClientProtocolClient.java:onNext(255)) - client-EAA342753240->9a4a4c23-9ff3-4ce3-a619-2c71c0869997: receive RaftClientReply:client-EAA342753240->9a4a4c23-9ff3-4ce3-a619-2c71c0869997@group-EC4211DF0353, cid=1810, SUCCESS, logIndex=2624, commits[9a4a4c23-9ff3-4ce3-a619-2c71c0869997:c2624, 9b0072ab-15b3-4973-9bcb-7fa02f6bfea9:c2622, 9f215ef2-7d46-4cda-b695-cae1b893f75f:c2622]
2019-08-20 16:04:00,336 | INFO  | DNAudit | user=null | ip=null | op=WRITE_CHUNK {blockData=conID: 1 locID: 102650153552708108 bcsId: 2618} | ret=SUCCESS |  
2019-08-20 16:04:00,336 | INFO  | DNAudit | user=null | ip=null | op=WRITE_CHUNK {blockData=conID: 1 locID: 102650153552708108 bcsId: 2618} | ret=SUCCESS |  
2019-08-20 16:04:00,336 | INFO  | DNAudit | user=null | ip=null | op=PUT_BLOCK {blockData=[blockId=conID: 1 locID: 102650153552708108 bcsId: 0,size=3145728]} | ret=SUCCESS |  
2019-08-20 16:04:00,336 | INFO  | DNAudit | user=null | ip=null | op=PUT_BLOCK {blockData=[blockId=conID: 1 locID: 102650153552708108 bcsId: 0,size=3145728]} | ret=SUCCESS |  
2019-08-20 16:04:00,342 | INFO  | DNAudit | user=null | ip=null | op=WRITE_CHUNK {blockData=conID: 1 locID: 102650153552708108 bcsId: 2624} | ret=SUCCESS |  
2019-08-20 16:04:00,344 | INFO  | DNAudit | user=null | ip=null | op=WRITE_CHUNK {blockData=conID: 1 locID: 102650153552708108 bcsId: 2624} | ret=SUCCESS |  
2019-08-20 16:04:00,345 | INFO  | DNAudit | user=null | ip=null | op=WRITE_CHUNK {blockData=conID: 1 locID: 102650153552708108 bcsId: 2624} | ret=SUCCESS |  
2019-08-20 16:04:00,351 | INFO  | DNAudit | user=null | ip=null | op=WRITE_CHUNK {blockData=conID: 1 locID: 102650153552708108 bcsId: 2624} | ret=SUCCESS |  
2019-08-20 16:04:00,352 | INFO  | DNAudit | user=null | ip=null | op=PUT_BLOCK {blockData=[blockId=conID: 1 locID: 102650153552708108 bcsId: 0,size=4194304]} | ret=SUCCESS |  
2019-08-20 16:04:00,352 [grpc-default-executor-3] INFO  client.GrpcClientProtocolClient (GrpcClientProtocolClient.java:onNext(255)) - client-EAA342753240->9a4a4c23-9ff3-4ce3-a619-2c71c0869997: receive RaftClientReply:client-EAA342753240->9a4a4c23-9ff3-4ce3-a619-2c71c0869997@group-EC4211DF0353, cid=1811, SUCCESS, logIndex=2627, commits[9a4a4c23-9ff3-4ce3-a619-2c71c0869997:c2628, 9b0072ab-15b3-4973-9bcb-7fa02f6bfea9:c2626, 9f215ef2-7d46-4cda-b695-cae1b893f75f:c2626]
2019-08-20 16:04:00,352 [grpc-default-executor-3] INFO  client.GrpcClientProtocolClient (GrpcClientProtocolClient.java:onNext(255)) - client-EAA342753240->9a4a4c23-9ff3-4ce3-a619-2c71c0869997: receive RaftClientReply:client-EAA342753240->9a4a4c23-9ff3-4ce3-a619-2c71c0869997@group-EC4211DF0353, cid=1812, SUCCESS, logIndex=2628, commits[9a4a4c23-9ff3-4ce3-a619-2c71c0869997:c2628, 9b0072ab-15b3-4973-9bcb-7fa02f6bfea9:c2626, 9f215ef2-7d46-4cda-b695-cae1b893f75f:c2626]
2019-08-20 16:04:00,363 | INFO  | DNAudit | user=null | ip=null | op=WRITE_CHUNK {blockData=conID: 1 locID: 102650153552708108 bcsId: 2624} | ret=SUCCESS |  
2019-08-20 16:04:00,363 | INFO  | DNAudit | user=null | ip=null | op=WRITE_CHUNK {blockData=conID: 1 locID: 102650153552708108 bcsId: 2624} | ret=SUCCESS |  
2019-08-20 16:04:00,363 | INFO  | DNAudit | user=null | ip=null | op=PUT_BLOCK {blockData=[blockId=conID: 1 locID: 102650153552708108 bcsId: 0,size=4194304]} | ret=SUCCESS |  
2019-08-20 16:04:00,363 | INFO  | DNAudit | user=null | ip=null | op=PUT_BLOCK {blockData=[blockId=conID: 1 locID: 102650153552708108 bcsId: 0,size=4194304]} | ret=SUCCESS |  
2019-08-20 16:04:00,364 [grpc-default-executor-3] INFO  client.GrpcClientProtocolClient (GrpcClientProtocolClient.java:onNext(255)) - client-EAA342753240->9a4a4c23-9ff3-4ce3-a619-2c71c0869997: receive RaftClientReply:client-EAA342753240->9a4a4c23-9ff3-4ce3-a619-2c71c0869997@group-EC4211DF0353, cid=1813, SUCCESS, logIndex=0, commits[9a4a4c23-9ff3-4ce3-a619-2c71c0869997:c2629, 9b0072ab-15b3-4973-9bcb-7fa02f6bfea9:c2628, 9f215ef2-7d46-4cda-b695-cae1b893f75f:c2628]
2019-08-20 16:04:00,368 | INFO  | SCMAudit | user=jenkins1000 | ip=192.168.69.96 | op=ALLOCATE_BLOCK {owner=ea4851f9-218c-4af7-91b4-edb777a4888c, size=4194304, type=RATIS, factor=THREE} | ret=SUCCESS |  
2019-08-20 16:04:00,371 | INFO  | OMAudit | user=jenkins1000 | ip=127.0.0.1 | op=ALLOCATE_BLOCK {volume=vol-0-94146, bucket=bucket-0-90789, key=key-0-25609, dataSize=0, replicationType=null, replicationFactor=null, keyLocationInfo=null, clientID=102650152704082322} | ret=SUCCESS |  
2019-08-20 16:04:00,377 | INFO  | DNAudit | user=null | ip=null | op=WRITE_CHUNK {blockData=conID: 2 locID: 102650153557557773 bcsId: 0} | ret=SUCCESS |  
2019-08-20 16:04:00,380 | INFO  | DNAudit | user=null | ip=null | op=WRITE_CHUNK {blockData=conID: 2 locID: 102650153557557773 bcsId: 0} | ret=SUCCESS |  
2019-08-20 16:04:00,380 | INFO  | DNAudit | user=null | ip=null | op=WRITE_CHUNK {blockData=conID: 2 locID: 102650153557557773 bcsId: 0} | ret=SUCCESS |  
2019-08-20 16:04:00,380 | INFO  | DNAudit | user=null | ip=null | op=WRITE_CHUNK {blockData=conID: 2 locID: 102650153557557773 bcsId: 0} | ret=SUCCESS |  
2019-08-20 16:04:00,381 | INFO  | DNAudit | user=null | ip=null | op=WRITE_CHUNK {blockData=conID: 2 locID: 102650153557557773 bcsId: 0} | ret=SUCCESS |  
2019-08-20 16:04:00,382 | INFO  | DNAudit | user=null | ip=null | op=WRITE_CHUNK {blockData=conID: 2 locID: 102650153557557773 bcsId: 0} | ret=SUCCESS |  
2019-08-20 16:04:00,390 | INFO  | DNAudit | user=null | ip=null | op=WRITE_CHUNK {blockData=conID: 2 locID: 102650153557557773 bcsId: 0} | ret=SUCCESS |  
2019-08-20 16:04:00,391 | INFO  | DNAudit | user=null | ip=null | op=PUT_BLOCK {blockData=[blockId=conID: 2 locID: 102650153557557773 bcsId: 0,size=1048576]} | ret=SUCCESS |  
2019-08-20 16:04:00,391 [grpc-default-executor-3] INFO  client.GrpcClientProtocolClient (GrpcClientProtocolClient.java:onNext(255)) - client-EAA342753240->9a4a4c23-9ff3-4ce3-a619-2c71c0869997: receive RaftClientReply:client-EAA342753240->9a4a4c23-9ff3-4ce3-a619-2c71c0869997@group-EC4211DF0353, cid=1814, SUCCESS, logIndex=2631, commits[9a4a4c23-9ff3-4ce3-a619-2c71c0869997:c2633, 9b0072ab-15b3-4973-9bcb-7fa02f6bfea9:c2630, 9f215ef2-7d46-4cda-b695-cae1b893f75f:c2630]
2019-08-20 16:04:00,391 | INFO  | DNAudit | user=null | ip=null | op=WRITE_CHUNK {blockData=conID: 2 locID: 102650153557557773 bcsId: 0} | ret=SUCCESS |  
2019-08-20 16:04:00,391 | INFO  | DNAudit | user=null | ip=null | op=WRITE_CHUNK {blockData=conID: 2 locID: 102650153557557773 bcsId: 0} | ret=SUCCESS |  
2019-08-20 16:04:00,391 | INFO  | DNAudit | user=null | ip=null | op=WRITE_CHUNK {blockData=conID: 2 locID: 102650153557557773 bcsId: 0} | ret=SUCCESS |  
2019-08-20 16:04:00,392 | INFO  | DNAudit | user=null | ip=null | op=PUT_BLOCK {blockData=[blockId=conID: 2 locID: 102650153557557773 bcsId: 0,size=1048576]} | ret=SUCCESS |  
2019-08-20 16:04:00,392 | INFO  | DNAudit | user=null | ip=null | op=PUT_BLOCK {blockData=[blockId=conID: 2 locID: 102650153557557773 bcsId: 0,size=2097152]} | ret=SUCCESS |  
2019-08-20 16:04:00,392 | INFO  | DNAudit | user=null | ip=null | op=PUT_BLOCK {blockData=[blockId=conID: 2 locID: 102650153557557773 bcsId: 0,size=1048576]} | ret=SUCCESS |  
2019-08-20 16:04:00,392 [grpc-default-executor-3] INFO  client.GrpcClientProtocolClient (GrpcClientProtocolClient.java:onNext(255)) - client-EAA342753240->9a4a4c23-9ff3-4ce3-a619-2c71c0869997: receive RaftClientReply:client-EAA342753240->9a4a4c23-9ff3-4ce3-a619-2c71c0869997@group-EC4211DF0353, cid=1815, SUCCESS, logIndex=2632, commits[9a4a4c23-9ff3-4ce3-a619-2c71c0869997:c2634, 9b0072ab-15b3-4973-9bcb-7fa02f6bfea9:c2630, 9f215ef2-7d46-4cda-b695-cae1b893f75f:c2630]
2019-08-20 16:04:00,392 [grpc-default-executor-3] INFO  client.GrpcClientProtocolClient (GrpcClientProtocolClient.java:onNext(255)) - client-EAA342753240->9a4a4c23-9ff3-4ce3-a619-2c71c0869997: receive RaftClientReply:client-EAA342753240->9a4a4c23-9ff3-4ce3-a619-2c71c0869997@group-EC4211DF0353, cid=1816, SUCCESS, logIndex=2633, commits[9a4a4c23-9ff3-4ce3-a619-2c71c0869997:c2635, 9b0072ab-15b3-4973-9bcb-7fa02f6bfea9:c2632, 9f215ef2-7d46-4cda-b695-cae1b893f75f:c2630]
2019-08-20 16:04:00,393 | INFO  | DNAudit | user=null | ip=null | op=WRITE_CHUNK {blockData=conID: 2 locID: 102650153557557773 bcsId: 0} | ret=SUCCESS |  
2019-08-20 16:04:00,393 [grpc-default-executor-3] INFO  client.GrpcClientProtocolClient (GrpcClientProtocolClient.java:onNext(255)) - client-EAA342753240->9a4a4c23-9ff3-4ce3-a619-2c71c0869997: receive RaftClientReply:client-EAA342753240->9a4a4c23-9ff3-4ce3-a619-2c71c0869997@group-EC4211DF0353, cid=1817, SUCCESS, logIndex=2634, commits[9a4a4c23-9ff3-4ce3-a619-2c71c0869997:c2635, 9b0072ab-15b3-4973-9bcb-7fa02f6bfea9:c2632, 9f215ef2-7d46-4cda-b695-cae1b893f75f:c2632]
2019-08-20 16:04:00,393 | INFO  | DNAudit | user=null | ip=null | op=PUT_BLOCK {blockData=[blockId=conID: 2 locID: 102650153557557773 bcsId: 0,size=2097152]} | ret=SUCCESS |  
2019-08-20 16:04:00,394 | INFO  | DNAudit | user=null | ip=null | op=WRITE_CHUNK {blockData=conID: 2 locID: 102650153557557773 bcsId: 0} | ret=SUCCESS |  
2019-08-20 16:04:00,395 | INFO  | DNAudit | user=null | ip=null | op=PUT_BLOCK {blockData=[blockId=conID: 2 locID: 102650153557557773 bcsId: 0,size=2097152]} | ret=SUCCESS |  
2019-08-20 16:04:00,401 | INFO  | DNAudit | user=null | ip=null | op=WRITE_CHUNK {blockData=conID: 2 locID: 102650153557557773 bcsId: 2634} | ret=SUCCESS |  
2019-08-20 16:04:00,402 | INFO  | DNAudit | user=null | ip=null | op=WRITE_CHUNK {blockData=conID: 2 locID: 102650153557557773 bcsId: 2634} | ret=SUCCESS |  
2019-08-20 16:04:00,402 | INFO  | DNAudit | user=null | ip=null | op=WRITE_CHUNK {blockData=conID: 2 locID: 102650153557557773 bcsId: 2634} | ret=SUCCESS |  
2019-08-20 16:04:00,406 | INFO  | DNAudit | user=null | ip=null | op=WRITE_CHUNK {blockData=conID: 2 locID: 102650153557557773 bcsId: 2634} | ret=SUCCESS |  
2019-08-20 16:04:00,407 | INFO  | DNAudit | user=null | ip=null | op=PUT_BLOCK {blockData=[blockId=conID: 2 locID: 102650153557557773 bcsId: 0,size=3145728]} | ret=SUCCESS |  
2019-08-20 16:04:00,407 [grpc-default-executor-3] INFO  client.GrpcClientProtocolClient (GrpcClientProtocolClient.java:onNext(255)) - client-EAA342753240->9a4a4c23-9ff3-4ce3-a619-2c71c0869997: receive RaftClientReply:client-EAA342753240->9a4a4c23-9ff3-4ce3-a619-2c71c0869997@group-EC4211DF0353, cid=1818, SUCCESS, logIndex=2639, commits[9a4a4c23-9ff3-4ce3-a619-2c71c0869997:c2640, 9b0072ab-15b3-4973-9bcb-7fa02f6bfea9:c2638, 9f215ef2-7d46-4cda-b695-cae1b893f75f:c2638]
2019-08-20 16:04:00,408 [grpc-default-executor-3] INFO  client.GrpcClientProtocolClient (GrpcClientProtocolClient.java:onNext(255)) - client-EAA342753240->9a4a4c23-9ff3-4ce3-a619-2c71c0869997: receive RaftClientReply:client-EAA342753240->9a4a4c23-9ff3-4ce3-a619-2c71c0869997@group-EC4211DF0353, cid=1819, SUCCESS, logIndex=2640, commits[9a4a4c23-9ff3-4ce3-a619-2c71c0869997:c2640, 9b0072ab-15b3-4973-9bcb-7fa02f6bfea9:c2638, 9f215ef2-7d46-4cda-b695-cae1b893f75f:c2638]
2019-08-20 16:04:00,409 | INFO  | DNAudit | user=null | ip=null | op=WRITE_CHUNK {blockData=conID: 2 locID: 102650153557557773 bcsId: 2634} | ret=SUCCESS |  
2019-08-20 16:04:00,409 | INFO  | DNAudit | user=null | ip=null | op=WRITE_CHUNK {blockData=conID: 2 locID: 102650153557557773 bcsId: 2634} | ret=SUCCESS |  
2019-08-20 16:04:00,414 | INFO  | DNAudit | user=null | ip=null | op=WRITE_CHUNK {blockData=conID: 2 locID: 102650153557557773 bcsId: 2640} | ret=SUCCESS |  
2019-08-20 16:04:00,415 | INFO  | DNAudit | user=null | ip=null | op=WRITE_CHUNK {blockData=conID: 2 locID: 102650153557557773 bcsId: 2640} | ret=SUCCESS |  
2019-08-20 16:04:00,416 | INFO  | DNAudit | user=null | ip=null | op=WRITE_CHUNK {blockData=conID: 2 locID: 102650153557557773 bcsId: 2640} | ret=SUCCESS |  
2019-08-20 16:04:00,427 | INFO  | DNAudit | user=null | ip=null | op=PUT_BLOCK {blockData=[blockId=conID: 2 locID: 102650153557557773 bcsId: 0,size=3145728]} | ret=SUCCESS |  
2019-08-20 16:04:00,427 | INFO  | DNAudit | user=null | ip=null | op=PUT_BLOCK {blockData=[blockId=conID: 2 locID: 102650153557557773 bcsId: 0,size=3145728]} | ret=SUCCESS |  
2019-08-20 16:04:00,428 | INFO  | DNAudit | user=null | ip=null | op=WRITE_CHUNK {blockData=conID: 2 locID: 102650153557557773 bcsId: 2640} | ret=SUCCESS |  
2019-08-20 16:04:00,429 | INFO  | DNAudit | user=null | ip=null | op=PUT_BLOCK {blockData=[blockId=conID: 2 locID: 102650153557557773 bcsId: 0,size=4194304]} | ret=SUCCESS |  
2019-08-20 16:04:00,429 [grpc-default-executor-3] INFO  client.GrpcClientProtocolClient (GrpcClientProtocolClient.java:onNext(255)) - client-EAA342753240->9a4a4c23-9ff3-4ce3-a619-2c71c0869997: receive RaftClientReply:client-EAA342753240->9a4a4c23-9ff3-4ce3-a619-2c71c0869997@group-EC4211DF0353, cid=1820, SUCCESS, logIndex=2643, commits[9a4a4c23-9ff3-4ce3-a619-2c71c0869997:c2644, 9b0072ab-15b3-4973-9bcb-7fa02f6bfea9:c2641, 9f215ef2-7d46-4cda-b695-cae1b893f75f:c2641]
2019-08-20 16:04:00,429 [grpc-default-executor-3] INFO  client.GrpcClientProtocolClient (GrpcClientProtocolClient.java:onNext(255)) - client-EAA342753240->9a4a4c23-9ff3-4ce3-a619-2c71c0869997: receive RaftClientReply:client-EAA342753240->9a4a4c23-9ff3-4ce3-a619-2c71c0869997@group-EC4211DF0353, cid=1821, SUCCESS, logIndex=2644, commits[9a4a4c23-9ff3-4ce3-a619-2c71c0869997:c2644, 9b0072ab-15b3-4973-9bcb-7fa02f6bfea9:c2641, 9f215ef2-7d46-4cda-b695-cae1b893f75f:c2641]
2019-08-20 16:04:00,440 | INFO  | DNAudit | user=null | ip=null | op=WRITE_CHUNK {blockData=conID: 2 locID: 102650153557557773 bcsId: 2640} | ret=SUCCESS |  
2019-08-20 16:04:00,440 | INFO  | DNAudit | user=null | ip=null | op=WRITE_CHUNK {blockData=conID: 2 locID: 102650153557557773 bcsId: 2640} | ret=SUCCESS |  
2019-08-20 16:04:00,440 | INFO  | DNAudit | user=null | ip=null | op=PUT_BLOCK {blockData=[blockId=conID: 2 locID: 102650153557557773 bcsId: 0,size=4194304]} | ret=SUCCESS |  
2019-08-20 16:04:00,441 | INFO  | DNAudit | user=null | ip=null | op=PUT_BLOCK {blockData=[blockId=conID: 2 locID: 102650153557557773 bcsId: 0,size=4194304]} | ret=SUCCESS |  
2019-08-20 16:04:00,441 [grpc-default-executor-6] INFO  client.GrpcClientProtocolClient (GrpcClientProtocolClient.java:onNext(255)) - client-EAA342753240->9a4a4c23-9ff3-4ce3-a619-2c71c0869997: receive RaftClientReply:client-EAA342753240->9a4a4c23-9ff3-4ce3-a619-2c71c0869997@group-EC4211DF0353, cid=1822, SUCCESS, logIndex=0, commits[9a4a4c23-9ff3-4ce3-a619-2c71c0869997:c2646, 9b0072ab-15b3-4973-9bcb-7fa02f6bfea9:c2644, 9f215ef2-7d46-4cda-b695-cae1b893f75f:c2644]
2019-08-20 16:04:00,447 | INFO  | SCMAudit | user=jenkins1000 | ip=192.168.69.96 | op=ALLOCATE_BLOCK {owner=ea4851f9-218c-4af7-91b4-edb777a4888c, size=4194304, type=RATIS, factor=THREE} | ret=SUCCESS |  
2019-08-20 16:04:00,449 | INFO  | OMAudit | user=jenkins1000 | ip=127.0.0.1 | op=ALLOCATE_BLOCK {volume=vol-0-94146, bucket=bucket-0-90789, key=key-0-25609, dataSize=0, replicationType=null, replicationFactor=null, keyLocationInfo=null, clientID=102650152704082322} | ret=SUCCESS |  
2019-08-20 16:04:00,456 | INFO  | DNAudit | user=null | ip=null | op=WRITE_CHUNK {blockData=conID: 3 locID: 102650153562669582 bcsId: 0} | ret=SUCCESS |  
2019-08-20 16:04:00,458 | INFO  | DNAudit | user=null | ip=null | op=WRITE_CHUNK {blockData=conID: 3 locID: 102650153562669582 bcsId: 0} | ret=SUCCESS |  
2019-08-20 16:04:00,459 | INFO  | DNAudit | user=null | ip=null | op=WRITE_CHUNK {blockData=conID: 3 locID: 102650153562669582 bcsId: 0} | ret=SUCCESS |  
2019-08-20 16:04:00,459 | INFO  | DNAudit | user=null | ip=null | op=WRITE_CHUNK {blockData=conID: 3 locID: 102650153562669582 bcsId: 0} | ret=SUCCESS |  
2019-08-20 16:04:00,460 | INFO  | DNAudit | user=null | ip=null | op=WRITE_CHUNK {blockData=conID: 3 locID: 102650153562669582 bcsId: 0} | ret=SUCCESS |  
2019-08-20 16:04:00,461 | INFO  | DNAudit | user=null | ip=null | op=WRITE_CHUNK {blockData=conID: 3 locID: 102650153562669582 bcsId: 0} | ret=SUCCESS |  
2019-08-20 16:04:00,466 | INFO  | DNAudit | user=null | ip=null | op=WRITE_CHUNK {blockData=conID: 3 locID: 102650153562669582 bcsId: 0} | ret=SUCCESS |  
2019-08-20 16:04:00,467 | INFO  | DNAudit | user=null | ip=null | op=PUT_BLOCK {blockData=[blockId=conID: 3 locID: 102650153562669582 bcsId: 0,size=1048576]} | ret=SUCCESS |  
2019-08-20 16:04:00,467 [grpc-default-executor-6] INFO  client.GrpcClientProtocolClient (GrpcClientProtocolClient.java:onNext(255)) - client-EAA342753240->9a4a4c23-9ff3-4ce3-a619-2c71c0869997: receive RaftClientReply:client-EAA342753240->9a4a4c23-9ff3-4ce3-a619-2c71c0869997@group-EC4211DF0353, cid=1823, SUCCESS, logIndex=2647, commits[9a4a4c23-9ff3-4ce3-a619-2c71c0869997:c2648, 9b0072ab-15b3-4973-9bcb-7fa02f6bfea9:c2646, 9f215ef2-7d46-4cda-b695-cae1b893f75f:c2646]
2019-08-20 16:04:00,467 | INFO  | DNAudit | user=null | ip=null | op=WRITE_CHUNK {blockData=conID: 3 locID: 102650153562669582 bcsId: 0} | ret=SUCCESS |  
2019-08-20 16:04:00,467 [grpc-default-executor-6] INFO  client.GrpcClientProtocolClient (GrpcClientProtocolClient.java:onNext(255)) - client-EAA342753240->9a4a4c23-9ff3-4ce3-a619-2c71c0869997: receive RaftClientReply:client-EAA342753240->9a4a4c23-9ff3-4ce3-a619-2c71c0869997@group-EC4211DF0353, cid=1824, SUCCESS, logIndex=2648, commits[9a4a4c23-9ff3-4ce3-a619-2c71c0869997:c2650, 9b0072ab-15b3-4973-9bcb-7fa02f6bfea9:c2646, 9f215ef2-7d46-4cda-b695-cae1b893f75f:c2646]
2019-08-20 16:04:00,468 | INFO  | DNAudit | user=null | ip=null | op=PUT_BLOCK {blockData=[blockId=conID: 3 locID: 102650153562669582 bcsId: 0,size=2097152]} | ret=SUCCESS |  
2019-08-20 16:04:00,468 [grpc-default-executor-6] INFO  client.GrpcClientProtocolClient (GrpcClientProtocolClient.java:onNext(255)) - client-EAA342753240->9a4a4c23-9ff3-4ce3-a619-2c71c0869997: receive RaftClientReply:client-EAA342753240->9a4a4c23-9ff3-4ce3-a619-2c71c0869997@group-EC4211DF0353, cid=1825, SUCCESS, logIndex=2649, commits[9a4a4c23-9ff3-4ce3-a619-2c71c0869997:c2650, 9b0072ab-15b3-4973-9bcb-7fa02f6bfea9:c2646, 9f215ef2-7d46-4cda-b695-cae1b893f75f:c2646]
2019-08-20 16:04:00,468 [grpc-default-executor-6] INFO  client.GrpcClientProtocolClient (GrpcClientProtocolClient.java:onNext(255)) - client-EAA342753240->9a4a4c23-9ff3-4ce3-a619-2c71c0869997: receive RaftClientReply:client-EAA342753240->9a4a4c23-9ff3-4ce3-a619-2c71c0869997@group-EC4211DF0353, cid=1826, SUCCESS, logIndex=2650, commits[9a4a4c23-9ff3-4ce3-a619-2c71c0869997:c2650, 9b0072ab-15b3-4973-9bcb-7fa02f6bfea9:c2646, 9f215ef2-7d46-4cda-b695-cae1b893f75f:c2646]
2019-08-20 16:04:00,469 | INFO  | DNAudit | user=null | ip=null | op=WRITE_CHUNK {blockData=conID: 3 locID: 102650153562669582 bcsId: 0} | ret=SUCCESS |  
2019-08-20 16:04:00,470 | INFO  | DNAudit | user=null | ip=null | op=WRITE_CHUNK {blockData=conID: 3 locID: 102650153562669582 bcsId: 0} | ret=SUCCESS |  
2019-08-20 16:04:00,470 | INFO  | DNAudit | user=null | ip=null | op=PUT_BLOCK {blockData=[blockId=conID: 3 locID: 102650153562669582 bcsId: 0,size=1048576]} | ret=SUCCESS |  
2019-08-20 16:04:00,470 | INFO  | DNAudit | user=null | ip=null | op=PUT_BLOCK {blockData=[blockId=conID: 3 locID: 102650153562669582 bcsId: 0,size=1048576]} | ret=SUCCESS |  
2019-08-20 16:04:00,470 [grpc-default-executor-6] INFO  client.GrpcClientProtocolClient (GrpcClientProtocolClient.java:onNext(255)) - client-EAA342753240->9a4a4c23-9ff3-4ce3-a619-2c71c0869997: receive RaftClientReply:client-EAA342753240->9a4a4c23-9ff3-4ce3-a619-2c71c0869997@group-EC4211DF0353, cid=1827, SUCCESS, logIndex=0, commits[9a4a4c23-9ff3-4ce3-a619-2c71c0869997:c2651, 9b0072ab-15b3-4973-9bcb-7fa02f6bfea9:c2648, 9f215ef2-7d46-4cda-b695-cae1b893f75f:c2648]
2019-08-20 16:04:00,476 | INFO  | DNAudit | user=null | ip=null | op=WRITE_CHUNK {blockData=conID: 3 locID: 102650153562669582 bcsId: 2650} | ret=SUCCESS |  
2019-08-20 16:04:00,478 | INFO  | DNAudit | user=null | ip=null | op=WRITE_CHUNK {blockData=conID: 3 locID: 102650153562669582 bcsId: 2650} | ret=SUCCESS |  
2019-08-20 16:04:00,478 | INFO  | DNAudit | user=null | ip=null | op=WRITE_CHUNK {blockData=conID: 3 locID: 102650153562669582 bcsId: 2650} | ret=SUCCESS |  
2019-08-20 16:04:00,482 | INFO  | DNAudit | user=null | ip=null | op=WRITE_CHUNK {blockData=conID: 3 locID: 102650153562669582 bcsId: 0} | ret=SUCCESS |  
2019-08-20 16:04:00,482 | INFO  | DNAudit | user=null | ip=null | op=WRITE_CHUNK {blockData=conID: 3 locID: 102650153562669582 bcsId: 0} | ret=SUCCESS |  
2019-08-20 16:04:00,482 | INFO  | DNAudit | user=null | ip=null | op=PUT_BLOCK {blockData=[blockId=conID: 3 locID: 102650153562669582 bcsId: 0,size=2097152]} | ret=SUCCESS |  
2019-08-20 16:04:00,482 | INFO  | DNAudit | user=null | ip=null | op=PUT_BLOCK {blockData=[blockId=conID: 3 locID: 102650153562669582 bcsId: 0,size=2097152]} | ret=SUCCESS |  
2019-08-20 16:04:00,484 | INFO  | DNAudit | user=null | ip=null | op=WRITE_CHUNK {blockData=conID: 3 locID: 102650153562669582 bcsId: 2650} | ret=SUCCESS |  
2019-08-20 16:04:00,484 | INFO  | DNAudit | user=null | ip=null | op=PUT_BLOCK {blockData=[blockId=conID: 3 locID: 102650153562669582 bcsId: 0,size=3145728]} | ret=SUCCESS |  
2019-08-20 16:04:00,484 [grpc-default-executor-1] INFO  client.GrpcClientProtocolClient (GrpcClientProtocolClient.java:onNext(255)) - client-EAA342753240->9a4a4c23-9ff3-4ce3-a619-2c71c0869997: receive RaftClientReply:client-EAA342753240->9a4a4c23-9ff3-4ce3-a619-2c71c0869997@group-EC4211DF0353, cid=1828, SUCCESS, logIndex=2654, commits[9a4a4c23-9ff3-4ce3-a619-2c71c0869997:c2655, 9b0072ab-15b3-4973-9bcb-7fa02f6bfea9:c2651, 9f215ef2-7d46-4cda-b695-cae1b893f75f:c2651]
2019-08-20 16:04:00,485 [grpc-default-executor-1] INFO  client.GrpcClientProtocolClient (GrpcClientProtocolClient.java:onNext(255)) - client-EAA342753240->9a4a4c23-9ff3-4ce3-a619-2c71c0869997: receive RaftClientReply:client-EAA342753240->9a4a4c23-9ff3-4ce3-a619-2c71c0869997@group-EC4211DF0353, cid=1829, SUCCESS, logIndex=2655, commits[9a4a4c23-9ff3-4ce3-a619-2c71c0869997:c2655, 9b0072ab-15b3-4973-9bcb-7fa02f6bfea9:c2651, 9f215ef2-7d46-4cda-b695-cae1b893f75f:c2651]
2019-08-20 16:04:00,491 | INFO  | DNAudit | user=null | ip=null | op=WRITE_CHUNK {blockData=conID: 3 locID: 102650153562669582 bcsId: 2655} | ret=SUCCESS |  
2019-08-20 16:04:00,493 | INFO  | DNAudit | user=null | ip=null | op=WRITE_CHUNK {blockData=conID: 3 locID: 102650153562669582 bcsId: 2655} | ret=SUCCESS |  
2019-08-20 16:04:00,493 | INFO  | DNAudit | user=null | ip=null | op=WRITE_CHUNK {blockData=conID: 3 locID: 102650153562669582 bcsId: 2655} | ret=SUCCESS |  
2019-08-20 16:04:00,495 | INFO  | DNAudit | user=null | ip=null | op=WRITE_CHUNK {blockData=conID: 3 locID: 102650153562669582 bcsId: 2650} | ret=SUCCESS |  
2019-08-20 16:04:00,495 | INFO  | DNAudit | user=null | ip=null | op=WRITE_CHUNK {blockData=conID: 3 locID: 102650153562669582 bcsId: 2650} | ret=SUCCESS |  
2019-08-20 16:04:00,497 | INFO  | DNAudit | user=null | ip=null | op=PUT_BLOCK {blockData=[blockId=conID: 3 locID: 102650153562669582 bcsId: 0,size=3145728]} | ret=SUCCESS |  
2019-08-20 16:04:00,497 | INFO  | DNAudit | user=null | ip=null | op=PUT_BLOCK {blockData=[blockId=conID: 3 locID: 102650153562669582 bcsId: 0,size=3145728]} | ret=SUCCESS |  
2019-08-20 16:04:00,497 | INFO  | DNAudit | user=null | ip=null | op=WRITE_CHUNK {blockData=conID: 3 locID: 102650153562669582 bcsId: 2655} | ret=SUCCESS |  
2019-08-20 16:04:00,497 | INFO  | DNAudit | user=null | ip=null | op=PUT_BLOCK {blockData=[blockId=conID: 3 locID: 102650153562669582 bcsId: 0,size=4194304]} | ret=SUCCESS |  
2019-08-20 16:04:00,498 [grpc-default-executor-1] INFO  client.GrpcClientProtocolClient (GrpcClientProtocolClient.java:onNext(255)) - client-EAA342753240->9a4a4c23-9ff3-4ce3-a619-2c71c0869997: receive RaftClientReply:client-EAA342753240->9a4a4c23-9ff3-4ce3-a619-2c71c0869997@group-EC4211DF0353, cid=1830, SUCCESS, logIndex=2658, commits[9a4a4c23-9ff3-4ce3-a619-2c71c0869997:c2659, 9b0072ab-15b3-4973-9bcb-7fa02f6bfea9:c2655, 9f215ef2-7d46-4cda-b695-cae1b893f75f:c2655]
2019-08-20 16:04:00,498 [grpc-default-executor-1] INFO  client.GrpcClientProtocolClient (GrpcClientProtocolClient.java:onNext(255)) - client-EAA342753240->9a4a4c23-9ff3-4ce3-a619-2c71c0869997: receive RaftClientReply:client-EAA342753240->9a4a4c23-9ff3-4ce3-a619-2c71c0869997@group-EC4211DF0353, cid=1831, SUCCESS, logIndex=2659, commits[9a4a4c23-9ff3-4ce3-a619-2c71c0869997:c2659, 9b0072ab-15b3-4973-9bcb-7fa02f6bfea9:c2655, 9f215ef2-7d46-4cda-b695-cae1b893f75f:c2655]
2019-08-20 16:04:00,509 | INFO  | DNAudit | user=null | ip=null | op=WRITE_CHUNK {blockData=conID: 3 locID: 102650153562669582 bcsId: 2655} | ret=SUCCESS |  
2019-08-20 16:04:00,509 | INFO  | DNAudit | user=null | ip=null | op=WRITE_CHUNK {blockData=conID: 3 locID: 102650153562669582 bcsId: 2655} | ret=SUCCESS |  
2019-08-20 16:04:00,511 | INFO  | DNAudit | user=null | ip=null | op=PUT_BLOCK {blockData=[blockId=conID: 3 locID: 102650153562669582 bcsId: 0,size=4194304]} | ret=SUCCESS |  
2019-08-20 16:04:00,511 | INFO  | DNAudit | user=null | ip=null | op=PUT_BLOCK {blockData=[blockId=conID: 3 locID: 102650153562669582 bcsId: 0,size=4194304]} | ret=SUCCESS |  
2019-08-20 16:04:00,511 [grpc-default-executor-6] INFO  client.GrpcClientProtocolClient (GrpcClientProtocolClient.java:onNext(255)) - client-EAA342753240->9a4a4c23-9ff3-4ce3-a619-2c71c0869997: receive RaftClientReply:client-EAA342753240->9a4a4c23-9ff3-4ce3-a619-2c71c0869997@group-EC4211DF0353, cid=1832, SUCCESS, logIndex=0, commits[9a4a4c23-9ff3-4ce3-a619-2c71c0869997:c2661, 9b0072ab-15b3-4973-9bcb-7fa02f6bfea9:c2659, 9f215ef2-7d46-4cda-b695-cae1b893f75f:c2659]
2019-08-20 16:04:00,515 | INFO  | SCMAudit | user=jenkins1000 | ip=192.168.69.96 | op=ALLOCATE_BLOCK {owner=ea4851f9-218c-4af7-91b4-edb777a4888c, size=4194304, type=RATIS, factor=THREE} | ret=SUCCESS |  
2019-08-20 16:04:00,517 | INFO  | OMAudit | user=jenkins1000 | ip=127.0.0.1 | op=ALLOCATE_BLOCK {volume=vol-0-94146, bucket=bucket-0-90789, key=key-0-25609, dataSize=0, replicationType=null, replicationFactor=null, keyLocationInfo=null, clientID=102650152704082322} | ret=SUCCESS |  
2019-08-20 16:04:00,525 | INFO  | DNAudit | user=null | ip=null | op=WRITE_CHUNK {blockData=conID: 1 locID: 102650153567191567 bcsId: 0} | ret=SUCCESS |  
2019-08-20 16:04:00,528 | INFO  | DNAudit | user=null | ip=null | op=WRITE_CHUNK {blockData=conID: 1 locID: 102650153567191567 bcsId: 0} | ret=SUCCESS |  
2019-08-20 16:04:00,528 | INFO  | DNAudit | user=null | ip=null | op=WRITE_CHUNK {blockData=conID: 1 locID: 102650153567191567 bcsId: 0} | ret=SUCCESS |  
2019-08-20 16:04:00,529 | INFO  | DNAudit | user=null | ip=null | op=WRITE_CHUNK {blockData=conID: 1 locID: 102650153567191567 bcsId: 0} | ret=SUCCESS |  
2019-08-20 16:04:00,531 | INFO  | DNAudit | user=null | ip=null | op=WRITE_CHUNK {blockData=conID: 1 locID: 102650153567191567 bcsId: 0} | ret=SUCCESS |  
2019-08-20 16:04:00,531 | INFO  | DNAudit | user=null | ip=null | op=WRITE_CHUNK {blockData=conID: 1 locID: 102650153567191567 bcsId: 0} | ret=SUCCESS |  
2019-08-20 16:04:00,532 | INFO  | DNAudit | user=null | ip=null | op=WRITE_CHUNK {blockData=conID: 1 locID: 102650153567191567 bcsId: 0} | ret=SUCCESS |  
2019-08-20 16:04:00,533 | INFO  | DNAudit | user=null | ip=null | op=PUT_BLOCK {blockData=[blockId=conID: 1 locID: 102650153567191567 bcsId: 0,size=1048576]} | ret=SUCCESS |  
2019-08-20 16:04:00,533 | INFO  | DNAudit | user=null | ip=null | op=WRITE_CHUNK {blockData=conID: 1 locID: 102650153567191567 bcsId: 0} | ret=SUCCESS |  
2019-08-20 16:04:00,533 [grpc-default-executor-5] INFO  client.GrpcClientProtocolClient (GrpcClientProtocolClient.java:onNext(255)) - client-EAA342753240->9a4a4c23-9ff3-4ce3-a619-2c71c0869997: receive RaftClientReply:client-EAA342753240->9a4a4c23-9ff3-4ce3-a619-2c71c0869997@group-EC4211DF0353, cid=1833, SUCCESS, logIndex=2662, commits[9a4a4c23-9ff3-4ce3-a619-2c71c0869997:c2663, 9b0072ab-15b3-4973-9bcb-7fa02f6bfea9:c2661, 9f215ef2-7d46-4cda-b695-cae1b893f75f:c2661]
2019-08-20 16:04:00,534 | INFO  | DNAudit | user=null | ip=null | op=PUT_BLOCK {blockData=[blockId=conID: 1 locID: 102650153567191567 bcsId: 0,size=2097152]} | ret=SUCCESS |  
2019-08-20 16:04:00,534 [grpc-default-executor-5] INFO  client.GrpcClientProtocolClient (GrpcClientProtocolClient.java:onNext(255)) - client-EAA342753240->9a4a4c23-9ff3-4ce3-a619-2c71c0869997: receive RaftClientReply:client-EAA342753240->9a4a4c23-9ff3-4ce3-a619-2c71c0869997@group-EC4211DF0353, cid=1834, SUCCESS, logIndex=2663, commits[9a4a4c23-9ff3-4ce3-a619-2c71c0869997:c2663, 9b0072ab-15b3-4973-9bcb-7fa02f6bfea9:c2661, 9f215ef2-7d46-4cda-b695-cae1b893f75f:c2661]
2019-08-20 16:04:00,535 [grpc-default-executor-5] INFO  client.GrpcClientProtocolClient (GrpcClientProtocolClient.java:onNext(255)) - client-EAA342753240->9a4a4c23-9ff3-4ce3-a619-2c71c0869997: receive RaftClientReply:client-EAA342753240->9a4a4c23-9ff3-4ce3-a619-2c71c0869997@group-EC4211DF0353, cid=1835, SUCCESS, logIndex=2664, commits[9a4a4c23-9ff3-4ce3-a619-2c71c0869997:c2665, 9b0072ab-15b3-4973-9bcb-7fa02f6bfea9:c2661, 9f215ef2-7d46-4cda-b695-cae1b893f75f:c2661]
2019-08-20 16:04:00,535 [grpc-default-executor-5] INFO  client.GrpcClientProtocolClient (GrpcClientProtocolClient.java:onNext(255)) - client-EAA342753240->9a4a4c23-9ff3-4ce3-a619-2c71c0869997: receive RaftClientReply:client-EAA342753240->9a4a4c23-9ff3-4ce3-a619-2c71c0869997@group-EC4211DF0353, cid=1836, SUCCESS, logIndex=2665, commits[9a4a4c23-9ff3-4ce3-a619-2c71c0869997:c2665, 9b0072ab-15b3-4973-9bcb-7fa02f6bfea9:c2661, 9f215ef2-7d46-4cda-b695-cae1b893f75f:c2661]
2019-08-20 16:04:00,536 | INFO  | DNAudit | user=null | ip=null | op=WRITE_CHUNK {blockData=conID: 1 locID: 102650153567191567 bcsId: 0} | ret=SUCCESS |  
2019-08-20 16:04:00,536 | INFO  | DNAudit | user=null | ip=null | op=PUT_BLOCK {blockData=[blockId=conID: 1 locID: 102650153567191567 bcsId: 0,size=1048576]} | ret=SUCCESS |  
2019-08-20 16:04:00,548 | INFO  | DNAudit | user=null | ip=null | op=WRITE_CHUNK {blockData=conID: 1 locID: 102650153567191567 bcsId: 0} | ret=SUCCESS |  
2019-08-20 16:04:00,548 | INFO  | DNAudit | user=null | ip=null | op=WRITE_CHUNK {blockData=conID: 1 locID: 102650153567191567 bcsId: 0} | ret=SUCCESS |  
2019-08-20 16:04:00,548 | INFO  | DNAudit | user=null | ip=null | op=PUT_BLOCK {blockData=[blockId=conID: 1 locID: 102650153567191567 bcsId: 0,size=1048576]} | ret=SUCCESS |  
2019-08-20 16:04:00,548 | INFO  | DNAudit | user=null | ip=null | op=PUT_BLOCK {blockData=[blockId=conID: 1 locID: 102650153567191567 bcsId: 0,size=2097152]} | ret=SUCCESS |  
2019-08-20 16:04:00,549 | INFO  | DNAudit | user=null | ip=null | op=WRITE_CHUNK {blockData=conID: 1 locID: 102650153567191567 bcsId: 0} | ret=SUCCESS |  
2019-08-20 16:04:00,549 | INFO  | DNAudit | user=null | ip=null | op=PUT_BLOCK {blockData=[blockId=conID: 1 locID: 102650153567191567 bcsId: 0,size=2097152]} | ret=SUCCESS |  
2019-08-20 16:04:00,550 [grpc-default-executor-5] INFO  client.GrpcClientProtocolClient (GrpcClientProtocolClient.java:onNext(255)) - client-EAA342753240->9a4a4c23-9ff3-4ce3-a619-2c71c0869997: receive RaftClientReply:client-EAA342753240->9a4a4c23-9ff3-4ce3-a619-2c71c0869997@group-EC4211DF0353, cid=1837, SUCCESS, logIndex=0, commits[9a4a4c23-9ff3-4ce3-a619-2c71c0869997:c2668, 9b0072ab-15b3-4973-9bcb-7fa02f6bfea9:c2663, 9f215ef2-7d46-4cda-b695-cae1b893f75f:c2664]
2019-08-20 16:04:00,557 | INFO  | DNAudit | user=null | ip=null | op=WRITE_CHUNK {blockData=conID: 1 locID: 102650153567191567 bcsId: 2665} | ret=SUCCESS |  
2019-08-20 16:04:00,559 | INFO  | DNAudit | user=null | ip=null | op=WRITE_CHUNK {blockData=conID: 1 locID: 102650153567191567 bcsId: 2665} | ret=SUCCESS |  
2019-08-20 16:04:00,559 | INFO  | DNAudit | user=null | ip=null | op=WRITE_CHUNK {blockData=conID: 1 locID: 102650153567191567 bcsId: 2665} | ret=SUCCESS |  
2019-08-20 16:04:00,561 | INFO  | DNAudit | user=null | ip=null | op=WRITE_CHUNK {blockData=conID: 1 locID: 102650153567191567 bcsId: 2665} | ret=SUCCESS |  
2019-08-20 16:04:00,562 | INFO  | DNAudit | user=null | ip=null | op=PUT_BLOCK {blockData=[blockId=conID: 1 locID: 102650153567191567 bcsId: 0,size=3145728]} | ret=SUCCESS |  
2019-08-20 16:04:00,562 [grpc-default-executor-5] INFO  client.GrpcClientProtocolClient (GrpcClientProtocolClient.java:onNext(255)) - client-EAA342753240->9a4a4c23-9ff3-4ce3-a619-2c71c0869997: receive RaftClientReply:client-EAA342753240->9a4a4c23-9ff3-4ce3-a619-2c71c0869997@group-EC4211DF0353, cid=1838, SUCCESS, logIndex=2670, commits[9a4a4c23-9ff3-4ce3-a619-2c71c0869997:c2671, 9b0072ab-15b3-4973-9bcb-7fa02f6bfea9:c2669, 9f215ef2-7d46-4cda-b695-cae1b893f75f:c2665]
2019-08-20 16:04:00,562 [grpc-default-executor-5] INFO  client.GrpcClientProtocolClient (GrpcClientProtocolClient.java:onNext(255)) - client-EAA342753240->9a4a4c23-9ff3-4ce3-a619-2c71c0869997: receive RaftClientReply:client-EAA342753240->9a4a4c23-9ff3-4ce3-a619-2c71c0869997@group-EC4211DF0353, cid=1839, SUCCESS, logIndex=2671, commits[9a4a4c23-9ff3-4ce3-a619-2c71c0869997:c2671, 9b0072ab-15b3-4973-9bcb-7fa02f6bfea9:c2669, 9f215ef2-7d46-4cda-b695-cae1b893f75f:c2669]
2019-08-20 16:04:00,563 | INFO  | DNAudit | user=null | ip=null | op=WRITE_CHUNK {blockData=conID: 1 locID: 102650153567191567 bcsId: 2665} | ret=SUCCESS |  
2019-08-20 16:04:00,564 | INFO  | DNAudit | user=null | ip=null | op=WRITE_CHUNK {blockData=conID: 1 locID: 102650153567191567 bcsId: 2665} | ret=SUCCESS |  
2019-08-20 16:04:00,564 | INFO  | DNAudit | user=null | ip=null | op=PUT_BLOCK {blockData=[blockId=conID: 1 locID: 102650153567191567 bcsId: 0,size=3145728]} | ret=SUCCESS |  
2019-08-20 16:04:00,564 | INFO  | DNAudit | user=null | ip=null | op=PUT_BLOCK {blockData=[blockId=conID: 1 locID: 102650153567191567 bcsId: 0,size=3145728]} | ret=SUCCESS |  
2019-08-20 16:04:00,571 | INFO  | DNAudit | user=null | ip=null | op=WRITE_CHUNK {blockData=conID: 1 locID: 102650153567191567 bcsId: 2671} | ret=SUCCESS |  
2019-08-20 16:04:00,573 | INFO  | DNAudit | user=null | ip=null | op=WRITE_CHUNK {blockData=conID: 1 locID: 102650153567191567 bcsId: 2671} | ret=SUCCESS |  
2019-08-20 16:04:00,573 | INFO  | DNAudit | user=null | ip=null | op=WRITE_CHUNK {blockData=conID: 1 locID: 102650153567191567 bcsId: 2671} | ret=SUCCESS |  
2019-08-20 16:04:00,589 | INFO  | DNAudit | user=null | ip=null | op=WRITE_CHUNK {blockData=conID: 1 locID: 102650153567191567 bcsId: 2671} | ret=SUCCESS |  
2019-08-20 16:04:00,590 | INFO  | DNAudit | user=null | ip=null | op=PUT_BLOCK {blockData=[blockId=conID: 1 locID: 102650153567191567 bcsId: 0,size=4194304]} | ret=SUCCESS |  
2019-08-20 16:04:00,590 [grpc-default-executor-1] INFO  client.GrpcClientProtocolClient (GrpcClientProtocolClient.java:onNext(255)) - client-EAA342753240->9a4a4c23-9ff3-4ce3-a619-2c71c0869997: receive RaftClientReply:client-EAA342753240->9a4a4c23-9ff3-4ce3-a619-2c71c0869997@group-EC4211DF0353, cid=1840, SUCCESS, logIndex=2674, commits[9a4a4c23-9ff3-4ce3-a619-2c71c0869997:c2675, 9b0072ab-15b3-4973-9bcb-7fa02f6bfea9:c2672, 9f215ef2-7d46-4cda-b695-cae1b893f75f:c2671]
2019-08-20 16:04:00,590 [grpc-default-executor-1] INFO  client.GrpcClientProtocolClient (GrpcClientProtocolClient.java:onNext(255)) - client-EAA342753240->9a4a4c23-9ff3-4ce3-a619-2c71c0869997: receive RaftClientReply:client-EAA342753240->9a4a4c23-9ff3-4ce3-a619-2c71c0869997@group-EC4211DF0353, cid=1841, SUCCESS, logIndex=2675, commits[9a4a4c23-9ff3-4ce3-a619-2c71c0869997:c2675, 9b0072ab-15b3-4973-9bcb-7fa02f6bfea9:c2672, 9f215ef2-7d46-4cda-b695-cae1b893f75f:c2671]
2019-08-20 16:04:00,604 | INFO  | DNAudit | user=null | ip=null | op=WRITE_CHUNK {blockData=conID: 1 locID: 102650153567191567 bcsId: 2671} | ret=SUCCESS |  
2019-08-20 16:04:00,605 | INFO  | DNAudit | user=null | ip=null | op=WRITE_CHUNK {blockData=conID: 1 locID: 102650153567191567 bcsId: 2671} | ret=SUCCESS |  
2019-08-20 16:04:00,605 | INFO  | DNAudit | user=null | ip=null | op=PUT_BLOCK {blockData=[blockId=conID: 1 locID: 102650153567191567 bcsId: 0,size=4194304]} | ret=SUCCESS |  
2019-08-20 16:04:00,605 | INFO  | DNAudit | user=null | ip=null | op=PUT_BLOCK {blockData=[blockId=conID: 1 locID: 102650153567191567 bcsId: 0,size=4194304]} | ret=SUCCESS |  
2019-08-20 16:04:00,606 [grpc-default-executor-1] INFO  client.GrpcClientProtocolClient (GrpcClientProtocolClient.java:onNext(255)) - client-EAA342753240->9a4a4c23-9ff3-4ce3-a619-2c71c0869997: receive RaftClientReply:client-EAA342753240->9a4a4c23-9ff3-4ce3-a619-2c71c0869997@group-EC4211DF0353, cid=1842, SUCCESS, logIndex=0, commits[9a4a4c23-9ff3-4ce3-a619-2c71c0869997:c2676, 9b0072ab-15b3-4973-9bcb-7fa02f6bfea9:c2675, 9f215ef2-7d46-4cda-b695-cae1b893f75f:c2675]
2019-08-20 16:04:00,611 | INFO  | SCMAudit | user=jenkins1000 | ip=192.168.69.96 | op=ALLOCATE_BLOCK {owner=ea4851f9-218c-4af7-91b4-edb777a4888c, size=4194304, type=RATIS, factor=THREE} | ret=SUCCESS |  
2019-08-20 16:04:00,614 | INFO  | OMAudit | user=jenkins1000 | ip=127.0.0.1 | op=ALLOCATE_BLOCK {volume=vol-0-94146, bucket=bucket-0-90789, key=key-0-25609, dataSize=0, replicationType=null, replicationFactor=null, keyLocationInfo=null, clientID=102650152704082322} | ret=SUCCESS |  
2019-08-20 16:04:00,622 | INFO  | DNAudit | user=null | ip=null | op=WRITE_CHUNK {blockData=conID: 2 locID: 102650153573483024 bcsId: 0} | ret=SUCCESS |  
2019-08-20 16:04:00,703 | INFO  | DNAudit | user=null | ip=null | op=WRITE_CHUNK {blockData=conID: 2 locID: 102650153573483024 bcsId: 0} | ret=SUCCESS |  
2019-08-20 16:04:00,703 | INFO  | DNAudit | user=null | ip=null | op=WRITE_CHUNK {blockData=conID: 2 locID: 102650153573483024 bcsId: 0} | ret=SUCCESS |  
2019-08-20 16:04:00,703 | INFO  | DNAudit | user=null | ip=null | op=WRITE_CHUNK {blockData=conID: 2 locID: 102650153573483024 bcsId: 0} | ret=SUCCESS |  
2019-08-20 16:04:00,706 | INFO  | DNAudit | user=null | ip=null | op=WRITE_CHUNK {blockData=conID: 2 locID: 102650153573483024 bcsId: 0} | ret=SUCCESS |  
2019-08-20 16:04:00,710 | INFO  | DNAudit | user=null | ip=null | op=WRITE_CHUNK {blockData=conID: 2 locID: 102650153573483024 bcsId: 0} | ret=SUCCESS |  
2019-08-20 16:04:00,715 | INFO  | DNAudit | user=null | ip=null | op=WRITE_CHUNK {blockData=conID: 2 locID: 102650153573483024 bcsId: 0} | ret=SUCCESS |  
2019-08-20 16:04:00,716 | INFO  | DNAudit | user=null | ip=null | op=PUT_BLOCK {blockData=[blockId=conID: 2 locID: 102650153573483024 bcsId: 0,size=1048576]} | ret=SUCCESS |  
2019-08-20 16:04:00,716 [grpc-default-executor-3] INFO  client.GrpcClientProtocolClient (GrpcClientProtocolClient.java:onNext(255)) - client-EAA342753240->9a4a4c23-9ff3-4ce3-a619-2c71c0869997: receive RaftClientReply:client-EAA342753240->9a4a4c23-9ff3-4ce3-a619-2c71c0869997@group-EC4211DF0353, cid=1843, SUCCESS, logIndex=2678, commits[9a4a4c23-9ff3-4ce3-a619-2c71c0869997:c2679, 9b0072ab-15b3-4973-9bcb-7fa02f6bfea9:c2675, 9f215ef2-7d46-4cda-b695-cae1b893f75f:c2677]
2019-08-20 16:04:00,717 [grpc-default-executor-3] INFO  client.GrpcClientProtocolClient (GrpcClientProtocolClient.java:onNext(255)) - client-EAA342753240->9a4a4c23-9ff3-4ce3-a619-2c71c0869997: receive RaftClientReply:client-EAA342753240->9a4a4c23-9ff3-4ce3-a619-2c71c0869997@group-EC4211DF0353, cid=1844, SUCCESS, logIndex=2679, commits[9a4a4c23-9ff3-4ce3-a619-2c71c0869997:c2679, 9b0072ab-15b3-4973-9bcb-7fa02f6bfea9:c2675, 9f215ef2-7d46-4cda-b695-cae1b893f75f:c2677]
2019-08-20 16:04:00,729 | INFO  | DNAudit | user=null | ip=null | op=WRITE_CHUNK {blockData=conID: 2 locID: 102650153573483024 bcsId: 0} | ret=SUCCESS |  
2019-08-20 16:04:00,729 | INFO  | DNAudit | user=null | ip=null | op=PUT_BLOCK {blockData=[blockId=conID: 2 locID: 102650153573483024 bcsId: 0,size=2097152]} | ret=SUCCESS |  
2019-08-20 16:04:00,729 | INFO  | DNAudit | user=null | ip=null | op=WRITE_CHUNK {blockData=conID: 2 locID: 102650153573483024 bcsId: 0} | ret=SUCCESS |  
2019-08-20 16:04:00,729 [grpc-default-executor-5] INFO  client.GrpcClientProtocolClient (GrpcClientProtocolClient.java:onNext(255)) - client-EAA342753240->9a4a4c23-9ff3-4ce3-a619-2c71c0869997: receive RaftClientReply:client-EAA342753240->9a4a4c23-9ff3-4ce3-a619-2c71c0869997@group-EC4211DF0353, cid=1845, SUCCESS, logIndex=2680, commits[9a4a4c23-9ff3-4ce3-a619-2c71c0869997:c2681, 9b0072ab-15b3-4973-9bcb-7fa02f6bfea9:c2677, 9f215ef2-7d46-4cda-b695-cae1b893f75f:c2677]
2019-08-20 16:04:00,730 | INFO  | DNAudit | user=null | ip=null | op=WRITE_CHUNK {blockData=conID: 2 locID: 102650153573483024 bcsId: 0} | ret=SUCCESS |  
2019-08-20 16:04:00,730 [grpc-default-executor-5] INFO  client.GrpcClientProtocolClient (GrpcClientProtocolClient.java:onNext(255)) - client-EAA342753240->9a4a4c23-9ff3-4ce3-a619-2c71c0869997: receive RaftClientReply:client-EAA342753240->9a4a4c23-9ff3-4ce3-a619-2c71c0869997@group-EC4211DF0353, cid=1846, SUCCESS, logIndex=2681, commits[9a4a4c23-9ff3-4ce3-a619-2c71c0869997:c2682, 9b0072ab-15b3-4973-9bcb-7fa02f6bfea9:c2679, 9f215ef2-7d46-4cda-b695-cae1b893f75f:c2677]
2019-08-20 16:04:00,730 | INFO  | DNAudit | user=null | ip=null | op=PUT_BLOCK {blockData=[blockId=conID: 2 locID: 102650153573483024 bcsId: 0,size=1048576]} | ret=SUCCESS |  
2019-08-20 16:04:00,730 | INFO  | DNAudit | user=null | ip=null | op=PUT_BLOCK {blockData=[blockId=conID: 2 locID: 102650153573483024 bcsId: 0,size=1048576]} | ret=SUCCESS |  
2019-08-20 16:04:00,731 [grpc-default-executor-5] INFO  client.GrpcClientProtocolClient (GrpcClientProtocolClient.java:onNext(255)) - client-EAA342753240->9a4a4c23-9ff3-4ce3-a619-2c71c0869997: receive RaftClientReply:client-EAA342753240->9a4a4c23-9ff3-4ce3-a619-2c71c0869997@group-EC4211DF0353, cid=1847, SUCCESS, logIndex=0, commits[9a4a4c23-9ff3-4ce3-a619-2c71c0869997:c2683, 9b0072ab-15b3-4973-9bcb-7fa02f6bfea9:c2679, 9f215ef2-7d46-4cda-b695-cae1b893f75f:c2679]
2019-08-20 16:04:00,732 | INFO  | DNAudit | user=null | ip=null | op=WRITE_CHUNK {blockData=conID: 2 locID: 102650153573483024 bcsId: 0} | ret=SUCCESS |  
2019-08-20 16:04:00,733 | INFO  | DNAudit | user=null | ip=null | op=WRITE_CHUNK {blockData=conID: 2 locID: 102650153573483024 bcsId: 0} | ret=SUCCESS |  
2019-08-20 16:04:00,733 | INFO  | DNAudit | user=null | ip=null | op=PUT_BLOCK {blockData=[blockId=conID: 2 locID: 102650153573483024 bcsId: 0,size=2097152]} | ret=SUCCESS |  
2019-08-20 16:04:00,733 | INFO  | DNAudit | user=null | ip=null | op=PUT_BLOCK {blockData=[blockId=conID: 2 locID: 102650153573483024 bcsId: 0,size=2097152]} | ret=SUCCESS |  
2019-08-20 16:04:00,738 | INFO  | DNAudit | user=null | ip=null | op=WRITE_CHUNK {blockData=conID: 2 locID: 102650153573483024 bcsId: 2681} | ret=SUCCESS |  
2019-08-20 16:04:00,740 | INFO  | DNAudit | user=null | ip=null | op=WRITE_CHUNK {blockData=conID: 2 locID: 102650153573483024 bcsId: 2681} | ret=SUCCESS |  
2019-08-20 16:04:00,740 | INFO  | DNAudit | user=null | ip=null | op=WRITE_CHUNK {blockData=conID: 2 locID: 102650153573483024 bcsId: 2681} | ret=SUCCESS |  
2019-08-20 16:04:00,746 | INFO  | DNAudit | user=null | ip=null | op=WRITE_CHUNK {blockData=conID: 2 locID: 102650153573483024 bcsId: 2681} | ret=SUCCESS |  
2019-08-20 16:04:00,746 | INFO  | DNAudit | user=null | ip=null | op=PUT_BLOCK {blockData=[blockId=conID: 2 locID: 102650153573483024 bcsId: 0,size=3145728]} | ret=SUCCESS |  
2019-08-20 16:04:00,746 [grpc-default-executor-3] INFO  client.GrpcClientProtocolClient (GrpcClientProtocolClient.java:onNext(255)) - client-EAA342753240->9a4a4c23-9ff3-4ce3-a619-2c71c0869997: receive RaftClientReply:client-EAA342753240->9a4a4c23-9ff3-4ce3-a619-2c71c0869997@group-EC4211DF0353, cid=1848, SUCCESS, logIndex=2686, commits[9a4a4c23-9ff3-4ce3-a619-2c71c0869997:c2687, 9b0072ab-15b3-4973-9bcb-7fa02f6bfea9:c2685, 9f215ef2-7d46-4cda-b695-cae1b893f75f:c2685]
2019-08-20 16:04:00,746 [grpc-default-executor-3] INFO  client.GrpcClientProtocolClient (GrpcClientProtocolClient.java:onNext(255)) - client-EAA342753240->9a4a4c23-9ff3-4ce3-a619-2c71c0869997: receive RaftClientReply:client-EAA342753240->9a4a4c23-9ff3-4ce3-a619-2c71c0869997@group-EC4211DF0353, cid=1849, SUCCESS, logIndex=2687, commits[9a4a4c23-9ff3-4ce3-a619-2c71c0869997:c2687, 9b0072ab-15b3-4973-9bcb-7fa02f6bfea9:c2685, 9f215ef2-7d46-4cda-b695-cae1b893f75f:c2685]
2019-08-20 16:04:00,747 | INFO  | DNAudit | user=null | ip=null | op=WRITE_CHUNK {blockData=conID: 2 locID: 102650153573483024 bcsId: 2681} | ret=SUCCESS |  
2019-08-20 16:04:00,747 | INFO  | DNAudit | user=null | ip=null | op=WRITE_CHUNK {blockData=conID: 2 locID: 102650153573483024 bcsId: 2681} | ret=SUCCESS |  
2019-08-20 16:04:00,753 | INFO  | DNAudit | user=null | ip=null | op=WRITE_CHUNK {blockData=conID: 2 locID: 102650153573483024 bcsId: 2687} | ret=SUCCESS |  
2019-08-20 16:04:00,756 | INFO  | DNAudit | user=null | ip=null | op=WRITE_CHUNK {blockData=conID: 2 locID: 102650153573483024 bcsId: 2687} | ret=SUCCESS |  
2019-08-20 16:04:00,756 | INFO  | DNAudit | user=null | ip=null | op=WRITE_CHUNK {blockData=conID: 2 locID: 102650153573483024 bcsId: 2687} | ret=SUCCESS |  
2019-08-20 16:04:00,768 | INFO  | DNAudit | user=null | ip=null | op=PUT_BLOCK {blockData=[blockId=conID: 2 locID: 102650153573483024 bcsId: 0,size=3145728]} | ret=SUCCESS |  
2019-08-20 16:04:00,768 | INFO  | DNAudit | user=null | ip=null | op=PUT_BLOCK {blockData=[blockId=conID: 2 locID: 102650153573483024 bcsId: 0,size=3145728]} | ret=SUCCESS |  
2019-08-20 16:04:00,771 | INFO  | DNAudit | user=null | ip=null | op=WRITE_CHUNK {blockData=conID: 2 locID: 102650153573483024 bcsId: 2687} | ret=SUCCESS |  
2019-08-20 16:04:00,771 | INFO  | DNAudit | user=null | ip=null | op=PUT_BLOCK {blockData=[blockId=conID: 2 locID: 102650153573483024 bcsId: 0,size=4194304]} | ret=SUCCESS |  
2019-08-20 16:04:00,771 [grpc-default-executor-3] INFO  client.GrpcClientProtocolClient (GrpcClientProtocolClient.java:onNext(255)) - client-EAA342753240->9a4a4c23-9ff3-4ce3-a619-2c71c0869997: receive RaftClientReply:client-EAA342753240->9a4a4c23-9ff3-4ce3-a619-2c71c0869997@group-EC4211DF0353, cid=1850, SUCCESS, logIndex=2690, commits[9a4a4c23-9ff3-4ce3-a619-2c71c0869997:c2691, 9b0072ab-15b3-4973-9bcb-7fa02f6bfea9:c2688, 9f215ef2-7d46-4cda-b695-cae1b893f75f:c2688]
2019-08-20 16:04:00,772 [grpc-default-executor-3] INFO  client.GrpcClientProtocolClient (GrpcClientProtocolClient.java:onNext(255)) - client-EAA342753240->9a4a4c23-9ff3-4ce3-a619-2c71c0869997: receive RaftClientReply:client-EAA342753240->9a4a4c23-9ff3-4ce3-a619-2c71c0869997@group-EC4211DF0353, cid=1851, SUCCESS, logIndex=2691, commits[9a4a4c23-9ff3-4ce3-a619-2c71c0869997:c2691, 9b0072ab-15b3-4973-9bcb-7fa02f6bfea9:c2688, 9f215ef2-7d46-4cda-b695-cae1b893f75f:c2688]
2019-08-20 16:04:00,782 | INFO  | DNAudit | user=null | ip=null | op=WRITE_CHUNK {blockData=conID: 2 locID: 102650153573483024 bcsId: 2687} | ret=SUCCESS |  
2019-08-20 16:04:00,782 | INFO  | DNAudit | user=null | ip=null | op=WRITE_CHUNK {blockData=conID: 2 locID: 102650153573483024 bcsId: 2687} | ret=SUCCESS |  
2019-08-20 16:04:00,782 | INFO  | DNAudit | user=null | ip=null | op=PUT_BLOCK {blockData=[blockId=conID: 2 locID: 102650153573483024 bcsId: 0,size=4194304]} | ret=SUCCESS |  
2019-08-20 16:04:00,783 | INFO  | DNAudit | user=null | ip=null | op=PUT_BLOCK {blockData=[blockId=conID: 2 locID: 102650153573483024 bcsId: 0,size=4194304]} | ret=SUCCESS |  
2019-08-20 16:04:00,783 [grpc-default-executor-1] INFO  client.GrpcClientProtocolClient (GrpcClientProtocolClient.java:onNext(255)) - client-EAA342753240->9a4a4c23-9ff3-4ce3-a619-2c71c0869997: receive RaftClientReply:client-EAA342753240->9a4a4c23-9ff3-4ce3-a619-2c71c0869997@group-EC4211DF0353, cid=1852, SUCCESS, logIndex=0, commits[9a4a4c23-9ff3-4ce3-a619-2c71c0869997:c2693, 9b0072ab-15b3-4973-9bcb-7fa02f6bfea9:c2691, 9f215ef2-7d46-4cda-b695-cae1b893f75f:c2691]
2019-08-20 16:04:00,788 | INFO  | SCMAudit | user=jenkins1000 | ip=192.168.69.96 | op=ALLOCATE_BLOCK {owner=ea4851f9-218c-4af7-91b4-edb777a4888c, size=4194304, type=RATIS, factor=THREE} | ret=SUCCESS |  
2019-08-20 16:04:00,790 | INFO  | OMAudit | user=jenkins1000 | ip=127.0.0.1 | op=ALLOCATE_BLOCK {volume=vol-0-94146, bucket=bucket-0-90789, key=key-0-25609, dataSize=0, replicationType=null, replicationFactor=null, keyLocationInfo=null, clientID=102650152704082322} | ret=SUCCESS |  
2019-08-20 16:04:00,797 | INFO  | DNAudit | user=null | ip=null | op=WRITE_CHUNK {blockData=conID: 3 locID: 102650153585082897 bcsId: 0} | ret=SUCCESS |  
2019-08-20 16:04:00,798 | INFO  | DNAudit | user=null | ip=null | op=WRITE_CHUNK {blockData=conID: 3 locID: 102650153585082897 bcsId: 0} | ret=SUCCESS |  
2019-08-20 16:04:00,800 | INFO  | DNAudit | user=null | ip=null | op=WRITE_CHUNK {blockData=conID: 3 locID: 102650153585082897 bcsId: 0} | ret=SUCCESS |  
2019-08-20 16:04:00,801 | INFO  | DNAudit | user=null | ip=null | op=WRITE_CHUNK {blockData=conID: 3 locID: 102650153585082897 bcsId: 0} | ret=SUCCESS |  
2019-08-20 16:04:00,802 | INFO  | DNAudit | user=null | ip=null | op=WRITE_CHUNK {blockData=conID: 3 locID: 102650153585082897 bcsId: 0} | ret=SUCCESS |  
2019-08-20 16:04:00,803 | INFO  | DNAudit | user=null | ip=null | op=WRITE_CHUNK {blockData=conID: 3 locID: 102650153585082897 bcsId: 0} | ret=SUCCESS |  
2019-08-20 16:04:00,818 | INFO  | DNAudit | user=null | ip=null | op=WRITE_CHUNK {blockData=conID: 3 locID: 102650153585082897 bcsId: 0} | ret=SUCCESS |  
2019-08-20 16:04:00,819 | INFO  | DNAudit | user=null | ip=null | op=PUT_BLOCK {blockData=[blockId=conID: 3 locID: 102650153585082897 bcsId: 0,size=1048576]} | ret=SUCCESS |  
2019-08-20 16:04:00,819 [grpc-default-executor-3] INFO  client.GrpcClientProtocolClient (GrpcClientProtocolClient.java:onNext(255)) - client-EAA342753240->9a4a4c23-9ff3-4ce3-a619-2c71c0869997: receive RaftClientReply:client-EAA342753240->9a4a4c23-9ff3-4ce3-a619-2c71c0869997@group-EC4211DF0353, cid=1853, SUCCESS, logIndex=2694, commits[9a4a4c23-9ff3-4ce3-a619-2c71c0869997:c2695, 9b0072ab-15b3-4973-9bcb-7fa02f6bfea9:c2693, 9f215ef2-7d46-4cda-b695-cae1b893f75f:c2693]
2019-08-20 16:04:00,819 [grpc-default-executor-3] INFO  client.GrpcClientProtocolClient (GrpcClientProtocolClient.java:onNext(255)) - client-EAA342753240->9a4a4c23-9ff3-4ce3-a619-2c71c0869997: receive RaftClientReply:client-EAA342753240->9a4a4c23-9ff3-4ce3-a619-2c71c0869997@group-EC4211DF0353, cid=1854, SUCCESS, logIndex=2695, commits[9a4a4c23-9ff3-4ce3-a619-2c71c0869997:c2695, 9b0072ab-15b3-4973-9bcb-7fa02f6bfea9:c2693, 9f215ef2-7d46-4cda-b695-cae1b893f75f:c2693]
2019-08-20 16:04:00,831 | INFO  | DNAudit | user=null | ip=null | op=WRITE_CHUNK {blockData=conID: 3 locID: 102650153585082897 bcsId: 0} | ret=SUCCESS |  
2019-08-20 16:04:00,831 | INFO  | DNAudit | user=null | ip=null | op=PUT_BLOCK {blockData=[blockId=conID: 3 locID: 102650153585082897 bcsId: 0,size=2097152]} | ret=SUCCESS |  
2019-08-20 16:04:00,831 [grpc-default-executor-1] INFO  client.GrpcClientProtocolClient (GrpcClientProtocolClient.java:onNext(255)) - client-EAA342753240->9a4a4c23-9ff3-4ce3-a619-2c71c0869997: receive RaftClientReply:client-EAA342753240->9a4a4c23-9ff3-4ce3-a619-2c71c0869997@group-EC4211DF0353, cid=1855, SUCCESS, logIndex=2696, commits[9a4a4c23-9ff3-4ce3-a619-2c71c0869997:c2697, 9b0072ab-15b3-4973-9bcb-7fa02f6bfea9:c2693, 9f215ef2-7d46-4cda-b695-cae1b893f75f:c2693]
2019-08-20 16:04:00,832 [grpc-default-executor-1] INFO  client.GrpcClientProtocolClient (GrpcClientProtocolClient.java:onNext(255)) - client-EAA342753240->9a4a4c23-9ff3-4ce3-a619-2c71c0869997: receive RaftClientReply:client-EAA342753240->9a4a4c23-9ff3-4ce3-a619-2c71c0869997@group-EC4211DF0353, cid=1856, SUCCESS, logIndex=2697, commits[9a4a4c23-9ff3-4ce3-a619-2c71c0869997:c2697, 9b0072ab-15b3-4973-9bcb-7fa02f6bfea9:c2693, 9f215ef2-7d46-4cda-b695-cae1b893f75f:c2693]
2019-08-20 16:04:00,843 | INFO  | DNAudit | user=null | ip=null | op=WRITE_CHUNK {blockData=conID: 3 locID: 102650153585082897 bcsId: 0} | ret=SUCCESS |  
2019-08-20 16:04:00,843 | INFO  | DNAudit | user=null | ip=null | op=WRITE_CHUNK {blockData=conID: 3 locID: 102650153585082897 bcsId: 0} | ret=SUCCESS |  
2019-08-20 16:04:00,844 | INFO  | DNAudit | user=null | ip=null | op=PUT_BLOCK {blockData=[blockId=conID: 3 locID: 102650153585082897 bcsId: 0,size=1048576]} | ret=SUCCESS |  
2019-08-20 16:04:00,844 | INFO  | DNAudit | user=null | ip=null | op=PUT_BLOCK {blockData=[blockId=conID: 3 locID: 102650153585082897 bcsId: 0,size=1048576]} | ret=SUCCESS |  
2019-08-20 16:04:00,844 [grpc-default-executor-1] INFO  client.GrpcClientProtocolClient (GrpcClientProtocolClient.java:onNext(255)) - client-EAA342753240->9a4a4c23-9ff3-4ce3-a619-2c71c0869997: receive RaftClientReply:client-EAA342753240->9a4a4c23-9ff3-4ce3-a619-2c71c0869997@group-EC4211DF0353, cid=1857, SUCCESS, logIndex=0, commits[9a4a4c23-9ff3-4ce3-a619-2c71c0869997:c2699, 9b0072ab-15b3-4973-9bcb-7fa02f6bfea9:c2695, 9f215ef2-7d46-4cda-b695-cae1b893f75f:c2695]
2019-08-20 16:04:00,849 | INFO  | DNAudit | user=null | ip=null | op=WRITE_CHUNK {blockData=conID: 3 locID: 102650153585082897 bcsId: 2697} | ret=SUCCESS |  
2019-08-20 16:04:00,852 | INFO  | DNAudit | user=null | ip=null | op=WRITE_CHUNK {blockData=conID: 3 locID: 102650153585082897 bcsId: 2697} | ret=SUCCESS |  
2019-08-20 16:04:00,853 | INFO  | DNAudit | user=null | ip=null | op=WRITE_CHUNK {blockData=conID: 3 locID: 102650153585082897 bcsId: 2697} | ret=SUCCESS |  
2019-08-20 16:04:00,862 | INFO  | DNAudit | user=null | ip=null | op=WRITE_CHUNK {blockData=conID: 3 locID: 102650153585082897 bcsId: 0} | ret=SUCCESS |  
2019-08-20 16:04:00,862 | INFO  | DNAudit | user=null | ip=null | op=WRITE_CHUNK {blockData=conID: 3 locID: 102650153585082897 bcsId: 0} | ret=SUCCESS |  
2019-08-20 16:04:00,863 | INFO  | DNAudit | user=null | ip=null | op=PUT_BLOCK {blockData=[blockId=conID: 3 locID: 102650153585082897 bcsId: 0,size=2097152]} | ret=SUCCESS |  
2019-08-20 16:04:00,863 | INFO  | DNAudit | user=null | ip=null | op=PUT_BLOCK {blockData=[blockId=conID: 3 locID: 102650153585082897 bcsId: 0,size=2097152]} | ret=SUCCESS |  
2019-08-20 16:04:00,865 | INFO  | DNAudit | user=null | ip=null | op=WRITE_CHUNK {blockData=conID: 3 locID: 102650153585082897 bcsId: 2697} | ret=SUCCESS |  
2019-08-20 16:04:00,865 | INFO  | DNAudit | user=null | ip=null | op=PUT_BLOCK {blockData=[blockId=conID: 3 locID: 102650153585082897 bcsId: 0,size=3145728]} | ret=SUCCESS |  
2019-08-20 16:04:00,865 [grpc-default-executor-3] INFO  client.GrpcClientProtocolClient (GrpcClientProtocolClient.java:onNext(255)) - client-EAA342753240->9a4a4c23-9ff3-4ce3-a619-2c71c0869997: receive RaftClientReply:client-EAA342753240->9a4a4c23-9ff3-4ce3-a619-2c71c0869997@group-EC4211DF0353, cid=1858, SUCCESS, logIndex=2702, commits[9a4a4c23-9ff3-4ce3-a619-2c71c0869997:c2703, 9b0072ab-15b3-4973-9bcb-7fa02f6bfea9:c2699, 9f215ef2-7d46-4cda-b695-cae1b893f75f:c2699]
2019-08-20 16:04:00,866 [grpc-default-executor-3] INFO  client.GrpcClientProtocolClient (GrpcClientProtocolClient.java:onNext(255)) - client-EAA342753240->9a4a4c23-9ff3-4ce3-a619-2c71c0869997: receive RaftClientReply:client-EAA342753240->9a4a4c23-9ff3-4ce3-a619-2c71c0869997@group-EC4211DF0353, cid=1859, SUCCESS, logIndex=2703, commits[9a4a4c23-9ff3-4ce3-a619-2c71c0869997:c2703, 9b0072ab-15b3-4973-9bcb-7fa02f6bfea9:c2699, 9f215ef2-7d46-4cda-b695-cae1b893f75f:c2699]
2019-08-20 16:04:00,871 | INFO  | DNAudit | user=null | ip=null | op=WRITE_CHUNK {blockData=conID: 3 locID: 102650153585082897 bcsId: 2703} | ret=SUCCESS |  
2019-08-20 16:04:00,873 | INFO  | DNAudit | user=null | ip=null | op=WRITE_CHUNK {blockData=conID: 3 locID: 102650153585082897 bcsId: 2703} | ret=SUCCESS |  
2019-08-20 16:04:00,873 | INFO  | DNAudit | user=null | ip=null | op=WRITE_CHUNK {blockData=conID: 3 locID: 102650153585082897 bcsId: 2703} | ret=SUCCESS |  
2019-08-20 16:04:00,876 | INFO  | DNAudit | user=null | ip=null | op=WRITE_CHUNK {blockData=conID: 3 locID: 102650153585082897 bcsId: 2697} | ret=SUCCESS |  
2019-08-20 16:04:00,876 | INFO  | DNAudit | user=null | ip=null | op=WRITE_CHUNK {blockData=conID: 3 locID: 102650153585082897 bcsId: 2697} | ret=SUCCESS |  
2019-08-20 16:04:00,878 | INFO  | DNAudit | user=null | ip=null | op=PUT_BLOCK {blockData=[blockId=conID: 3 locID: 102650153585082897 bcsId: 0,size=3145728]} | ret=SUCCESS |  
2019-08-20 16:04:00,879 | INFO  | DNAudit | user=null | ip=null | op=WRITE_CHUNK {blockData=conID: 3 locID: 102650153585082897 bcsId: 2703} | ret=SUCCESS |  
2019-08-20 16:04:00,879 | INFO  | DNAudit | user=null | ip=null | op=PUT_BLOCK {blockData=[blockId=conID: 3 locID: 102650153585082897 bcsId: 0,size=4194304]} | ret=SUCCESS |  
2019-08-20 16:04:00,879 [grpc-default-executor-3] INFO  client.GrpcClientProtocolClient (GrpcClientProtocolClient.java:onNext(255)) - client-EAA342753240->9a4a4c23-9ff3-4ce3-a619-2c71c0869997: receive RaftClientReply:client-EAA342753240->9a4a4c23-9ff3-4ce3-a619-2c71c0869997@group-EC4211DF0353, cid=1860, SUCCESS, logIndex=2706, commits[9a4a4c23-9ff3-4ce3-a619-2c71c0869997:c2707, 9b0072ab-15b3-4973-9bcb-7fa02f6bfea9:c2702, 9f215ef2-7d46-4cda-b695-cae1b893f75f:c2703]
2019-08-20 16:04:00,880 [grpc-default-executor-3] INFO  client.GrpcClientProtocolClient (GrpcClientProtocolClient.java:onNext(255)) - client-EAA342753240->9a4a4c23-9ff3-4ce3-a619-2c71c0869997: receive RaftClientReply:client-EAA342753240->9a4a4c23-9ff3-4ce3-a619-2c71c0869997@group-EC4211DF0353, cid=1861, SUCCESS, logIndex=2707, commits[9a4a4c23-9ff3-4ce3-a619-2c71c0869997:c2707, 9b0072ab-15b3-4973-9bcb-7fa02f6bfea9:c2702, 9f215ef2-7d46-4cda-b695-cae1b893f75f:c2703]
2019-08-20 16:04:00,889 | INFO  | DNAudit | user=null | ip=null | op=PUT_BLOCK {blockData=[blockId=conID: 3 locID: 102650153585082897 bcsId: 0,size=3145728]} | ret=SUCCESS |  
2019-08-20 16:04:00,890 | INFO  | DNAudit | user=null | ip=null | op=WRITE_CHUNK {blockData=conID: 3 locID: 102650153585082897 bcsId: 2703} | ret=SUCCESS |  
2019-08-20 16:04:00,890 [grpc-default-executor-3] INFO  client.GrpcClientProtocolClient (GrpcClientProtocolClient.java:onNext(255)) - client-EAA342753240->9a4a4c23-9ff3-4ce3-a619-2c71c0869997: receive RaftClientReply:client-EAA342753240->9a4a4c23-9ff3-4ce3-a619-2c71c0869997@group-EC4211DF0353, cid=1862, SUCCESS, logIndex=0, commits[9a4a4c23-9ff3-4ce3-a619-2c71c0869997:c2707, 9b0072ab-15b3-4973-9bcb-7fa02f6bfea9:c2703, 9f215ef2-7d46-4cda-b695-cae1b893f75f:c2703]
2019-08-20 16:04:00,890 | INFO  | DNAudit | user=null | ip=null | op=PUT_BLOCK {blockData=[blockId=conID: 3 locID: 102650153585082897 bcsId: 0,size=4194304]} | ret=SUCCESS |  
2019-08-20 16:04:00,891 | INFO  | DNAudit | user=null | ip=null | op=WRITE_CHUNK {blockData=conID: 3 locID: 102650153585082897 bcsId: 2703} | ret=SUCCESS |  
2019-08-20 16:04:00,891 | INFO  | DNAudit | user=null | ip=null | op=PUT_BLOCK {blockData=[blockId=conID: 3 locID: 102650153585082897 bcsId: 0,size=4194304]} | ret=SUCCESS |  
2019-08-20 16:04:00,891 [grpc-default-executor-3] INFO  client.GrpcClientProtocolClient (GrpcClientProtocolClient.java:onNext(255)) - client-EAA342753240->9a4a4c23-9ff3-4ce3-a619-2c71c0869997: receive RaftClientReply:client-EAA342753240->9a4a4c23-9ff3-4ce3-a619-2c71c0869997@group-EC4211DF0353, cid=1863, SUCCESS, logIndex=0, commits[9a4a4c23-9ff3-4ce3-a619-2c71c0869997:c2708, 9b0072ab-15b3-4973-9bcb-7fa02f6bfea9:c2707, 9f215ef2-7d46-4cda-b695-cae1b893f75f:c2707]
2019-08-20 16:04:00,895 | INFO  | SCMAudit | user=jenkins1000 | ip=192.168.69.96 | op=ALLOCATE_BLOCK {owner=ea4851f9-218c-4af7-91b4-edb777a4888c, size=4194304, type=RATIS, factor=THREE} | ret=SUCCESS |  
2019-08-20 16:04:00,897 | INFO  | OMAudit | user=jenkins1000 | ip=127.0.0.1 | op=ALLOCATE_BLOCK {volume=vol-0-94146, bucket=bucket-0-90789, key=key-0-25609, dataSize=0, replicationType=null, replicationFactor=null, keyLocationInfo=null, clientID=102650152704082322} | ret=SUCCESS |  
 0.00% |█                                                                                                    |  0/1 Time: 0:00:132019-08-20 16:04:00,900 | INFO  | SCMAudit | user=jenkins1000 | ip=192.168.69.96 | op=SEND_HEARTBEAT {datanodeUUID=9f215ef2-7d46-4cda-b695-cae1b893f75f, command=[]} | ret=SUCCESS |  
2019-08-20 16:04:00,900 | INFO  | SCMAudit | user=jenkins1000 | ip=192.168.69.96 | op=SEND_HEARTBEAT {datanodeUUID=9a4a4c23-9ff3-4ce3-a619-2c71c0869997, command=[]} | ret=SUCCESS |  
2019-08-20 16:04:00,900 | INFO  | SCMAudit | user=jenkins1000 | ip=192.168.69.96 | op=SEND_HEARTBEAT {datanodeUUID=9b0072ab-15b3-4973-9bcb-7fa02f6bfea9, command=[]} | ret=SUCCESS |  
2019-08-20 16:04:00,901 | INFO  | SCMAudit | user=jenkins1000 | ip=192.168.69.96 | op=SEND_HEARTBEAT {datanodeUUID=f1afe498-2778-451e-a3e4-8199ec337a15, command=[]} | ret=SUCCESS |  
2019-08-20 16:04:00,902 | INFO  | SCMAudit | user=jenkins1000 | ip=192.168.69.96 | op=SEND_HEARTBEAT {datanodeUUID=69f203df-fb09-400b-ac11-cd7a56dd70a5, command=[]} | ret=SUCCESS |  
2019-08-20 16:04:00,903 | INFO  | DNAudit | user=null | ip=null | op=WRITE_CHUNK {blockData=conID: 1 locID: 102650153592095250 bcsId: 0} | ret=SUCCESS |  
2019-08-20 16:04:00,905 | INFO  | DNAudit | user=null | ip=null | op=WRITE_CHUNK {blockData=conID: 1 locID: 102650153592095250 bcsId: 0} | ret=SUCCESS |  
2019-08-20 16:04:00,906 | INFO  | DNAudit | user=null | ip=null | op=WRITE_CHUNK {blockData=conID: 1 locID: 102650153592095250 bcsId: 0} | ret=SUCCESS |  
2019-08-20 16:04:00,906 | INFO  | DNAudit | user=null | ip=null | op=WRITE_CHUNK {blockData=conID: 1 locID: 102650153592095250 bcsId: 0} | ret=SUCCESS |  
2019-08-20 16:04:00,907 | INFO  | DNAudit | user=null | ip=null | op=WRITE_CHUNK {blockData=conID: 1 locID: 102650153592095250 bcsId: 0} | ret=SUCCESS |  
2019-08-20 16:04:00,907 | INFO  | DNAudit | user=null | ip=null | op=WRITE_CHUNK {blockData=conID: 1 locID: 102650153592095250 bcsId: 0} | ret=SUCCESS |  
2019-08-20 16:04:00,917 | INFO  | DNAudit | user=null | ip=null | op=WRITE_CHUNK {blockData=conID: 1 locID: 102650153592095250 bcsId: 0} | ret=SUCCESS |  
2019-08-20 16:04:00,917 | INFO  | DNAudit | user=null | ip=null | op=PUT_BLOCK {blockData=[blockId=conID: 1 locID: 102650153592095250 bcsId: 0,size=1048576]} | ret=SUCCESS |  
2019-08-20 16:04:00,917 [grpc-default-executor-3] INFO  client.GrpcClientProtocolClient (GrpcClientProtocolClient.java:onNext(255)) - client-EAA342753240->9a4a4c23-9ff3-4ce3-a619-2c71c0869997: receive RaftClientReply:client-EAA342753240->9a4a4c23-9ff3-4ce3-a619-2c71c0869997@group-EC4211DF0353, cid=1864, SUCCESS, logIndex=2710, commits[9a4a4c23-9ff3-4ce3-a619-2c71c0869997:c2713, 9b0072ab-15b3-4973-9bcb-7fa02f6bfea9:c2709, 9f215ef2-7d46-4cda-b695-cae1b893f75f:c2709]
2019-08-20 16:04:00,918 | INFO  | DNAudit | user=null | ip=null | op=WRITE_CHUNK {blockData=conID: 1 locID: 102650153592095250 bcsId: 0} | ret=SUCCESS |  
2019-08-20 16:04:00,918 [grpc-default-executor-3] INFO  client.GrpcClientProtocolClient (GrpcClientProtocolClient.java:onNext(255)) - client-EAA342753240->9a4a4c23-9ff3-4ce3-a619-2c71c0869997: receive RaftClientReply:client-EAA342753240->9a4a4c23-9ff3-4ce3-a619-2c71c0869997@group-EC4211DF0353, cid=1865, SUCCESS, logIndex=2711, commits[9a4a4c23-9ff3-4ce3-a619-2c71c0869997:c2713, 9b0072ab-15b3-4973-9bcb-7fa02f6bfea9:c2709, 9f215ef2-7d46-4cda-b695-cae1b893f75f:c2709]
2019-08-20 16:04:00,918 | INFO  | DNAudit | user=null | ip=null | op=PUT_BLOCK {blockData=[blockId=conID: 1 locID: 102650153592095250 bcsId: 0,size=2097152]} | ret=SUCCESS |  
2019-08-20 16:04:00,918 [grpc-default-executor-3] INFO  client.GrpcClientProtocolClient (GrpcClientProtocolClient.java:onNext(255)) - client-EAA342753240->9a4a4c23-9ff3-4ce3-a619-2c71c0869997: receive RaftClientReply:client-EAA342753240->9a4a4c23-9ff3-4ce3-a619-2c71c0869997@group-EC4211DF0353, cid=1866, SUCCESS, logIndex=2712, commits[9a4a4c23-9ff3-4ce3-a619-2c71c0869997:c2713, 9b0072ab-15b3-4973-9bcb-7fa02f6bfea9:c2709, 9f215ef2-7d46-4cda-b695-cae1b893f75f:c2709]
2019-08-20 16:04:00,918 [grpc-default-executor-3] INFO  client.GrpcClientProtocolClient (GrpcClientProtocolClient.java:onNext(255)) - client-EAA342753240->9a4a4c23-9ff3-4ce3-a619-2c71c0869997: receive RaftClientReply:client-EAA342753240->9a4a4c23-9ff3-4ce3-a619-2c71c0869997@group-EC4211DF0353, cid=1867, SUCCESS, logIndex=2713, commits[9a4a4c23-9ff3-4ce3-a619-2c71c0869997:c2713, 9b0072ab-15b3-4973-9bcb-7fa02f6bfea9:c2709, 9f215ef2-7d46-4cda-b695-cae1b893f75f:c2709]
2019-08-20 16:04:00,929 | INFO  | DNAudit | user=null | ip=null | op=WRITE_CHUNK {blockData=conID: 1 locID: 102650153592095250 bcsId: 0} | ret=SUCCESS |  
2019-08-20 16:04:00,929 | INFO  | DNAudit | user=null | ip=null | op=WRITE_CHUNK {blockData=conID: 1 locID: 102650153592095250 bcsId: 0} | ret=SUCCESS |  
2019-08-20 16:04:00,929 | INFO  | DNAudit | user=null | ip=null | op=PUT_BLOCK {blockData=[blockId=conID: 1 locID: 102650153592095250 bcsId: 0,size=1048576]} | ret=SUCCESS |  
2019-08-20 16:04:00,929 | INFO  | DNAudit | user=null | ip=null | op=PUT_BLOCK {blockData=[blockId=conID: 1 locID: 102650153592095250 bcsId: 0,size=1048576]} | ret=SUCCESS |  
2019-08-20 16:04:00,929 [grpc-default-executor-3] INFO  client.GrpcClientProtocolClient (GrpcClientProtocolClient.java:onNext(255)) - client-EAA342753240->9a4a4c23-9ff3-4ce3-a619-2c71c0869997: receive RaftClientReply:client-EAA342753240->9a4a4c23-9ff3-4ce3-a619-2c71c0869997@group-EC4211DF0353, cid=1868, SUCCESS, logIndex=0, commits[9a4a4c23-9ff3-4ce3-a619-2c71c0869997:c2714, 9b0072ab-15b3-4973-9bcb-7fa02f6bfea9:c2711, 9f215ef2-7d46-4cda-b695-cae1b893f75f:c2711]
2019-08-20 16:04:00,930 | INFO  | DNAudit | user=null | ip=null | op=WRITE_CHUNK {blockData=conID: 1 locID: 102650153592095250 bcsId: 0} | ret=SUCCESS |  
2019-08-20 16:04:00,930 | INFO  | DNAudit | user=null | ip=null | op=PUT_BLOCK {blockData=[blockId=conID: 1 locID: 102650153592095250 bcsId: 0,size=2097152]} | ret=SUCCESS |  
2019-08-20 16:04:00,931 | INFO  | DNAudit | user=null | ip=null | op=WRITE_CHUNK {blockData=conID: 1 locID: 102650153592095250 bcsId: 0} | ret=SUCCESS |  
2019-08-20 16:04:00,931 | INFO  | DNAudit | user=null | ip=null | op=PUT_BLOCK {blockData=[blockId=conID: 1 locID: 102650153592095250 bcsId: 0,size=2097152]} | ret=SUCCESS |  
2019-08-20 16:04:00,937 | INFO  | DNAudit | user=null | ip=null | op=WRITE_CHUNK {blockData=conID: 1 locID: 102650153592095250 bcsId: 2713} | ret=SUCCESS |  
2019-08-20 16:04:00,938 | INFO  | DNAudit | user=null | ip=null | op=WRITE_CHUNK {blockData=conID: 1 locID: 102650153592095250 bcsId: 2713} | ret=SUCCESS |  
2019-08-20 16:04:00,938 | INFO  | DNAudit | user=null | ip=null | op=WRITE_CHUNK {blockData=conID: 1 locID: 102650153592095250 bcsId: 2713} | ret=SUCCESS |  
2019-08-20 16:04:00,949 | INFO  | DNAudit | user=null | ip=null | op=WRITE_CHUNK {blockData=conID: 1 locID: 102650153592095250 bcsId: 2713} | ret=SUCCESS |  
2019-08-20 16:04:00,950 | INFO  | DNAudit | user=null | ip=null | op=PUT_BLOCK {blockData=[blockId=conID: 1 locID: 102650153592095250 bcsId: 0,size=3145728]} | ret=SUCCESS |  
2019-08-20 16:04:00,950 [grpc-default-executor-5] INFO  client.GrpcClientProtocolClient (GrpcClientProtocolClient.java:onNext(255)) - client-EAA342753240->9a4a4c23-9ff3-4ce3-a619-2c71c0869997: receive RaftClientReply:client-EAA342753240->9a4a4c23-9ff3-4ce3-a619-2c71c0869997@group-EC4211DF0353, cid=1869, SUCCESS, logIndex=2718, commits[9a4a4c23-9ff3-4ce3-a619-2c71c0869997:c2719, 9b0072ab-15b3-4973-9bcb-7fa02f6bfea9:c2717, 9f215ef2-7d46-4cda-b695-cae1b893f75f:c2717]
2019-08-20 16:04:00,950 [grpc-default-executor-5] INFO  client.GrpcClientProtocolClient (GrpcClientProtocolClient.java:onNext(255)) - client-EAA342753240->9a4a4c23-9ff3-4ce3-a619-2c71c0869997: receive RaftClientReply:client-EAA342753240->9a4a4c23-9ff3-4ce3-a619-2c71c0869997@group-EC4211DF0353, cid=1870, SUCCESS, logIndex=2719, commits[9a4a4c23-9ff3-4ce3-a619-2c71c0869997:c2719, 9b0072ab-15b3-4973-9bcb-7fa02f6bfea9:c2717, 9f215ef2-7d46-4cda-b695-cae1b893f75f:c2717]
2019-08-20 16:04:00,951 | INFO  | DNAudit | user=null | ip=null | op=WRITE_CHUNK {blockData=conID: 1 locID: 102650153592095250 bcsId: 2713} | ret=SUCCESS |  
2019-08-20 16:04:00,951 | INFO  | DNAudit | user=null | ip=null | op=WRITE_CHUNK {blockData=conID: 1 locID: 102650153592095250 bcsId: 2713} | ret=SUCCESS |  
2019-08-20 16:04:00,951 | INFO  | DNAudit | user=null | ip=null | op=PUT_BLOCK {blockData=[blockId=conID: 1 locID: 102650153592095250 bcsId: 0,size=3145728]} | ret=SUCCESS |  
2019-08-20 16:04:00,952 | INFO  | DNAudit | user=null | ip=null | op=PUT_BLOCK {blockData=[blockId=conID: 1 locID: 102650153592095250 bcsId: 0,size=3145728]} | ret=SUCCESS |  
2019-08-20 16:04:00,955 | INFO  | DNAudit | user=null | ip=null | op=WRITE_CHUNK {blockData=conID: 1 locID: 102650153592095250 bcsId: 2719} | ret=SUCCESS |  
2019-08-20 16:04:00,958 | INFO  | DNAudit | user=null | ip=null | op=WRITE_CHUNK {blockData=conID: 1 locID: 102650153592095250 bcsId: 2719} | ret=SUCCESS |  
2019-08-20 16:04:00,959 | INFO  | DNAudit | user=null | ip=null | op=WRITE_CHUNK {blockData=conID: 1 locID: 102650153592095250 bcsId: 2719} | ret=SUCCESS |  
2019-08-20 16:04:00,974 | INFO  | DNAudit | user=null | ip=null | op=WRITE_CHUNK {blockData=conID: 1 locID: 102650153592095250 bcsId: 2719} | ret=SUCCESS |  
2019-08-20 16:04:00,974 | INFO  | DNAudit | user=null | ip=null | op=PUT_BLOCK {blockData=[blockId=conID: 1 locID: 102650153592095250 bcsId: 0,size=4194304]} | ret=SUCCESS |  
2019-08-20 16:04:00,974 [grpc-default-executor-5] INFO  client.GrpcClientProtocolClient (GrpcClientProtocolClient.java:onNext(255)) - client-EAA342753240->9a4a4c23-9ff3-4ce3-a619-2c71c0869997: receive RaftClientReply:client-EAA342753240->9a4a4c23-9ff3-4ce3-a619-2c71c0869997@group-EC4211DF0353, cid=1871, SUCCESS, logIndex=2722, commits[9a4a4c23-9ff3-4ce3-a619-2c71c0869997:c2723, 9b0072ab-15b3-4973-9bcb-7fa02f6bfea9:c2721, 9f215ef2-7d46-4cda-b695-cae1b893f75f:c2721]
2019-08-20 16:04:00,975 [grpc-default-executor-5] INFO  client.GrpcClientProtocolClient (GrpcClientProtocolClient.java:onNext(255)) - client-EAA342753240->9a4a4c23-9ff3-4ce3-a619-2c71c0869997: receive RaftClientReply:client-EAA342753240->9a4a4c23-9ff3-4ce3-a619-2c71c0869997@group-EC4211DF0353, cid=1872, SUCCESS, logIndex=2723, commits[9a4a4c23-9ff3-4ce3-a619-2c71c0869997:c2723, 9b0072ab-15b3-4973-9bcb-7fa02f6bfea9:c2721, 9f215ef2-7d46-4cda-b695-cae1b893f75f:c2721]
2019-08-20 16:04:00,986 | INFO  | DNAudit | user=null | ip=null | op=WRITE_CHUNK {blockData=conID: 1 locID: 102650153592095250 bcsId: 2719} | ret=SUCCESS |  
2019-08-20 16:04:00,986 | INFO  | DNAudit | user=null | ip=null | op=WRITE_CHUNK {blockData=conID: 1 locID: 102650153592095250 bcsId: 2719} | ret=SUCCESS |  
2019-08-20 16:04:00,986 | INFO  | DNAudit | user=null | ip=null | op=PUT_BLOCK {blockData=[blockId=conID: 1 locID: 102650153592095250 bcsId: 0,size=4194304]} | ret=SUCCESS |  
2019-08-20 16:04:00,986 | INFO  | DNAudit | user=null | ip=null | op=PUT_BLOCK {blockData=[blockId=conID: 1 locID: 102650153592095250 bcsId: 0,size=4194304]} | ret=SUCCESS |  
2019-08-20 16:04:00,986 [grpc-default-executor-5] INFO  client.GrpcClientProtocolClient (GrpcClientProtocolClient.java:onNext(255)) - client-EAA342753240->9a4a4c23-9ff3-4ce3-a619-2c71c0869997: receive RaftClientReply:client-EAA342753240->9a4a4c23-9ff3-4ce3-a619-2c71c0869997@group-EC4211DF0353, cid=1873, SUCCESS, logIndex=0, commits[9a4a4c23-9ff3-4ce3-a619-2c71c0869997:c2724, 9b0072ab-15b3-4973-9bcb-7fa02f6bfea9:c2723, 9f215ef2-7d46-4cda-b695-cae1b893f75f:c2723]
2019-08-20 16:04:00,990 | INFO  | SCMAudit | user=jenkins1000 | ip=192.168.69.96 | op=ALLOCATE_BLOCK {owner=ea4851f9-218c-4af7-91b4-edb777a4888c, size=4194304, type=RATIS, factor=THREE} | ret=SUCCESS |  
2019-08-20 16:04:00,993 | INFO  | OMAudit | user=jenkins1000 | ip=127.0.0.1 | op=ALLOCATE_BLOCK {volume=vol-0-94146, bucket=bucket-0-90789, key=key-0-25609, dataSize=0, replicationType=null, replicationFactor=null, keyLocationInfo=null, clientID=102650152704082322} | ret=SUCCESS |  
2019-08-20 16:04:00,999 | INFO  | DNAudit | user=null | ip=null | op=WRITE_CHUNK {blockData=conID: 2 locID: 102650153598321171 bcsId: 0} | ret=SUCCESS |  
2019-08-20 16:04:01,002 | INFO  | DNAudit | user=null | ip=null | op=WRITE_CHUNK {blockData=conID: 2 locID: 102650153598321171 bcsId: 0} | ret=SUCCESS |  
2019-08-20 16:04:01,002 | INFO  | DNAudit | user=null | ip=null | op=WRITE_CHUNK {blockData=conID: 2 locID: 102650153598321171 bcsId: 0} | ret=SUCCESS |  
2019-08-20 16:04:01,003 | INFO  | DNAudit | user=null | ip=null | op=WRITE_CHUNK {blockData=conID: 2 locID: 102650153598321171 bcsId: 0} | ret=SUCCESS |  
2019-08-20 16:04:01,003 | INFO  | DNAudit | user=null | ip=null | op=WRITE_CHUNK {blockData=conID: 2 locID: 102650153598321171 bcsId: 0} | ret=SUCCESS |  
2019-08-20 16:04:01,005 | INFO  | DNAudit | user=null | ip=null | op=WRITE_CHUNK {blockData=conID: 2 locID: 102650153598321171 bcsId: 0} | ret=SUCCESS |  
2019-08-20 16:04:01,012 | INFO  | DNAudit | user=null | ip=null | op=WRITE_CHUNK {blockData=conID: 2 locID: 102650153598321171 bcsId: 0} | ret=SUCCESS |  
2019-08-20 16:04:01,013 | INFO  | DNAudit | user=null | ip=null | op=PUT_BLOCK {blockData=[blockId=conID: 2 locID: 102650153598321171 bcsId: 0,size=1048576]} | ret=SUCCESS |  
2019-08-20 16:04:01,013 | INFO  | DNAudit | user=null | ip=null | op=WRITE_CHUNK {blockData=conID: 2 locID: 102650153598321171 bcsId: 0} | ret=SUCCESS |  
2019-08-20 16:04:01,013 [grpc-default-executor-3] INFO  client.GrpcClientProtocolClient (GrpcClientProtocolClient.java:onNext(255)) - client-EAA342753240->9a4a4c23-9ff3-4ce3-a619-2c71c0869997: receive RaftClientReply:client-EAA342753240->9a4a4c23-9ff3-4ce3-a619-2c71c0869997@group-EC4211DF0353, cid=1874, SUCCESS, logIndex=2726, commits[9a4a4c23-9ff3-4ce3-a619-2c71c0869997:c2728, 9b0072ab-15b3-4973-9bcb-7fa02f6bfea9:c2725, 9f215ef2-7d46-4cda-b695-cae1b893f75f:c2725]
2019-08-20 16:04:01,013 | INFO  | DNAudit | user=null | ip=null | op=PUT_BLOCK {blockData=[blockId=conID: 2 locID: 102650153598321171 bcsId: 0,size=2097152]} | ret=SUCCESS |  
2019-08-20 16:04:01,013 | INFO  | DNAudit | user=null | ip=null | op=WRITE_CHUNK {blockData=conID: 2 locID: 102650153598321171 bcsId: 0} | ret=SUCCESS |  
2019-08-20 16:04:01,013 [grpc-default-executor-3] INFO  client.GrpcClientProtocolClient (GrpcClientProtocolClient.java:onNext(255)) - client-EAA342753240->9a4a4c23-9ff3-4ce3-a619-2c71c0869997: receive RaftClientReply:client-EAA342753240->9a4a4c23-9ff3-4ce3-a619-2c71c0869997@group-EC4211DF0353, cid=1875, SUCCESS, logIndex=2727, commits[9a4a4c23-9ff3-4ce3-a619-2c71c0869997:c2729, 9b0072ab-15b3-4973-9bcb-7fa02f6bfea9:c2725, 9f215ef2-7d46-4cda-b695-cae1b893f75f:c2725]
2019-08-20 16:04:01,013 | INFO  | DNAudit | user=null | ip=null | op=PUT_BLOCK {blockData=[blockId=conID: 2 locID: 102650153598321171 bcsId: 0,size=1048576]} | ret=SUCCESS |  
2019-08-20 16:04:01,013 [grpc-default-executor-3] INFO  client.GrpcClientProtocolClient (GrpcClientProtocolClient.java:onNext(255)) - client-EAA342753240->9a4a4c23-9ff3-4ce3-a619-2c71c0869997: receive RaftClientReply:client-EAA342753240->9a4a4c23-9ff3-4ce3-a619-2c71c0869997@group-EC4211DF0353, cid=1876, SUCCESS, logIndex=2728, commits[9a4a4c23-9ff3-4ce3-a619-2c71c0869997:c2729, 9b0072ab-15b3-4973-9bcb-7fa02f6bfea9:c2725, 9f215ef2-7d46-4cda-b695-cae1b893f75f:c2725]
2019-08-20 16:04:01,014 [grpc-default-executor-3] INFO  client.GrpcClientProtocolClient (GrpcClientProtocolClient.java:onNext(255)) - client-EAA342753240->9a4a4c23-9ff3-4ce3-a619-2c71c0869997: receive RaftClientReply:client-EAA342753240->9a4a4c23-9ff3-4ce3-a619-2c71c0869997@group-EC4211DF0353, cid=1877, SUCCESS, logIndex=2729, commits[9a4a4c23-9ff3-4ce3-a619-2c71c0869997:c2729, 9b0072ab-15b3-4973-9bcb-7fa02f6bfea9:c2725, 9f215ef2-7d46-4cda-b695-cae1b893f75f:c2725]
2019-08-20 16:04:01,015 | INFO  | DNAudit | user=null | ip=null | op=WRITE_CHUNK {blockData=conID: 2 locID: 102650153598321171 bcsId: 0} | ret=SUCCESS |  
2019-08-20 16:04:01,015 [grpc-default-executor-3] INFO  client.GrpcClientProtocolClient (GrpcClientProtocolClient.java:onNext(255)) - client-EAA342753240->9a4a4c23-9ff3-4ce3-a619-2c71c0869997: receive RaftClientReply:client-EAA342753240->9a4a4c23-9ff3-4ce3-a619-2c71c0869997@group-EC4211DF0353, cid=1878, SUCCESS, logIndex=0, commits[9a4a4c23-9ff3-4ce3-a619-2c71c0869997:c2730, 9b0072ab-15b3-4973-9bcb-7fa02f6bfea9:c2727, 9f215ef2-7d46-4cda-b695-cae1b893f75f:c2727]
2019-08-20 16:04:01,015 | INFO  | DNAudit | user=null | ip=null | op=PUT_BLOCK {blockData=[blockId=conID: 2 locID: 102650153598321171 bcsId: 0,size=1048576]} | ret=SUCCESS |  
2019-08-20 16:04:01,020 | INFO  | DNAudit | user=null | ip=null | op=WRITE_CHUNK {blockData=conID: 2 locID: 102650153598321171 bcsId: 2729} | ret=SUCCESS |  
2019-08-20 16:04:01,022 | INFO  | DNAudit | user=null | ip=null | op=WRITE_CHUNK {blockData=conID: 2 locID: 102650153598321171 bcsId: 2729} | ret=SUCCESS |  
2019-08-20 16:04:01,023 | INFO  | DNAudit | user=null | ip=null | op=WRITE_CHUNK {blockData=conID: 2 locID: 102650153598321171 bcsId: 2729} | ret=SUCCESS |  
2019-08-20 16:04:01,026 | INFO  | DNAudit | user=null | ip=null | op=WRITE_CHUNK {blockData=conID: 2 locID: 102650153598321171 bcsId: 0} | ret=SUCCESS |  
2019-08-20 16:04:01,026 | INFO  | DNAudit | user=null | ip=null | op=WRITE_CHUNK {blockData=conID: 2 locID: 102650153598321171 bcsId: 0} | ret=SUCCESS |  
2019-08-20 16:04:01,026 | INFO  | DNAudit | user=null | ip=null | op=PUT_BLOCK {blockData=[blockId=conID: 2 locID: 102650153598321171 bcsId: 0,size=2097152]} | ret=SUCCESS |  
2019-08-20 16:04:01,026 | INFO  | DNAudit | user=null | ip=null | op=PUT_BLOCK {blockData=[blockId=conID: 2 locID: 102650153598321171 bcsId: 0,size=2097152]} | ret=SUCCESS |  
2019-08-20 16:04:01,028 | INFO  | DNAudit | user=null | ip=null | op=WRITE_CHUNK {blockData=conID: 2 locID: 102650153598321171 bcsId: 2729} | ret=SUCCESS |  
2019-08-20 16:04:01,028 | INFO  | DNAudit | user=null | ip=null | op=PUT_BLOCK {blockData=[blockId=conID: 2 locID: 102650153598321171 bcsId: 0,size=3145728]} | ret=SUCCESS |  
2019-08-20 16:04:01,028 [grpc-default-executor-5] INFO  client.GrpcClientProtocolClient (GrpcClientProtocolClient.java:onNext(255)) - client-EAA342753240->9a4a4c23-9ff3-4ce3-a619-2c71c0869997: receive RaftClientReply:client-EAA342753240->9a4a4c23-9ff3-4ce3-a619-2c71c0869997@group-EC4211DF0353, cid=1879, SUCCESS, logIndex=2734, commits[9a4a4c23-9ff3-4ce3-a619-2c71c0869997:c2735, 9b0072ab-15b3-4973-9bcb-7fa02f6bfea9:c2729, 9f215ef2-7d46-4cda-b695-cae1b893f75f:c2730]
2019-08-20 16:04:01,028 [grpc-default-executor-5] INFO  client.GrpcClientProtocolClient (GrpcClientProtocolClient.java:onNext(255)) - client-EAA342753240->9a4a4c23-9ff3-4ce3-a619-2c71c0869997: receive RaftClientReply:client-EAA342753240->9a4a4c23-9ff3-4ce3-a619-2c71c0869997@group-EC4211DF0353, cid=1880, SUCCESS, logIndex=2735, commits[9a4a4c23-9ff3-4ce3-a619-2c71c0869997:c2735, 9b0072ab-15b3-4973-9bcb-7fa02f6bfea9:c2730, 9f215ef2-7d46-4cda-b695-cae1b893f75f:c2730]
2019-08-20 16:04:01,035 | INFO  | DNAudit | user=null | ip=null | op=WRITE_CHUNK {blockData=conID: 2 locID: 102650153598321171 bcsId: 2735} | ret=SUCCESS |  
2019-08-20 16:04:01,036 | INFO  | DNAudit | user=null | ip=null | op=WRITE_CHUNK {blockData=conID: 2 locID: 102650153598321171 bcsId: 2735} | ret=SUCCESS |  
2019-08-20 16:04:01,038 | INFO  | DNAudit | user=null | ip=null | op=WRITE_CHUNK {blockData=conID: 2 locID: 102650153598321171 bcsId: 2735} | ret=SUCCESS |  
2019-08-20 16:04:01,040 | INFO  | DNAudit | user=null | ip=null | op=WRITE_CHUNK {blockData=conID: 2 locID: 102650153598321171 bcsId: 2729} | ret=SUCCESS |  
2019-08-20 16:04:01,040 | INFO  | DNAudit | user=null | ip=null | op=WRITE_CHUNK {blockData=conID: 2 locID: 102650153598321171 bcsId: 2729} | ret=SUCCESS |  
2019-08-20 16:04:01,040 | INFO  | DNAudit | user=null | ip=null | op=PUT_BLOCK {blockData=[blockId=conID: 2 locID: 102650153598321171 bcsId: 0,size=3145728]} | ret=SUCCESS |  
2019-08-20 16:04:01,040 | INFO  | DNAudit | user=null | ip=null | op=PUT_BLOCK {blockData=[blockId=conID: 2 locID: 102650153598321171 bcsId: 0,size=3145728]} | ret=SUCCESS |  
2019-08-20 16:04:01,042 | INFO  | DNAudit | user=null | ip=null | op=WRITE_CHUNK {blockData=conID: 2 locID: 102650153598321171 bcsId: 2735} | ret=SUCCESS |  
2019-08-20 16:04:01,042 | INFO  | DNAudit | user=null | ip=null | op=PUT_BLOCK {blockData=[blockId=conID: 2 locID: 102650153598321171 bcsId: 0,size=4194304]} | ret=SUCCESS |  
2019-08-20 16:04:01,042 [grpc-default-executor-6] INFO  client.GrpcClientProtocolClient (GrpcClientProtocolClient.java:onNext(255)) - client-EAA342753240->9a4a4c23-9ff3-4ce3-a619-2c71c0869997: receive RaftClientReply:client-EAA342753240->9a4a4c23-9ff3-4ce3-a619-2c71c0869997@group-EC4211DF0353, cid=1881, SUCCESS, logIndex=2737, commits[9a4a4c23-9ff3-4ce3-a619-2c71c0869997:c2738, 9b0072ab-15b3-4973-9bcb-7fa02f6bfea9:c2735, 9f215ef2-7d46-4cda-b695-cae1b893f75f:c2735]
2019-08-20 16:04:01,042 [grpc-default-executor-6] INFO  client.GrpcClientProtocolClient (GrpcClientProtocolClient.java:onNext(255)) - client-EAA342753240->9a4a4c23-9ff3-4ce3-a619-2c71c0869997: receive RaftClientReply:client-EAA342753240->9a4a4c23-9ff3-4ce3-a619-2c71c0869997@group-EC4211DF0353, cid=1882, SUCCESS, logIndex=2738, commits[9a4a4c23-9ff3-4ce3-a619-2c71c0869997:c2738, 9b0072ab-15b3-4973-9bcb-7fa02f6bfea9:c2735, 9f215ef2-7d46-4cda-b695-cae1b893f75f:c2735]
2019-08-20 16:04:01,054 | INFO  | DNAudit | user=null | ip=null | op=WRITE_CHUNK {blockData=conID: 2 locID: 102650153598321171 bcsId: 2735} | ret=SUCCESS |  
2019-08-20 16:04:01,054 | INFO  | DNAudit | user=null | ip=null | op=WRITE_CHUNK {blockData=conID: 2 locID: 102650153598321171 bcsId: 2735} | ret=SUCCESS |  
2019-08-20 16:04:01,057 | INFO  | DNAudit | user=null | ip=null | op=PUT_BLOCK {blockData=[blockId=conID: 2 locID: 102650153598321171 bcsId: 0,size=4194304]} | ret=SUCCESS |  
2019-08-20 16:04:01,057 | INFO  | DNAudit | user=null | ip=null | op=PUT_BLOCK {blockData=[blockId=conID: 2 locID: 102650153598321171 bcsId: 0,size=4194304]} | ret=SUCCESS |  
2019-08-20 16:04:01,057 [grpc-default-executor-6] INFO  client.GrpcClientProtocolClient (GrpcClientProtocolClient.java:onNext(255)) - client-EAA342753240->9a4a4c23-9ff3-4ce3-a619-2c71c0869997: receive RaftClientReply:client-EAA342753240->9a4a4c23-9ff3-4ce3-a619-2c71c0869997@group-EC4211DF0353, cid=1883, SUCCESS, logIndex=0, commits[9a4a4c23-9ff3-4ce3-a619-2c71c0869997:c2740, 9b0072ab-15b3-4973-9bcb-7fa02f6bfea9:c2738, 9f215ef2-7d46-4cda-b695-cae1b893f75f:c2738]
2019-08-20 16:04:01,061 | INFO  | SCMAudit | user=jenkins1000 | ip=192.168.69.96 | op=ALLOCATE_BLOCK {owner=ea4851f9-218c-4af7-91b4-edb777a4888c, size=4194304, type=RATIS, factor=THREE} | ret=SUCCESS |  
2019-08-20 16:04:01,063 | INFO  | OMAudit | user=jenkins1000 | ip=127.0.0.1 | op=ALLOCATE_BLOCK {volume=vol-0-94146, bucket=bucket-0-90789, key=key-0-25609, dataSize=0, replicationType=null, replicationFactor=null, keyLocationInfo=null, clientID=102650152704082322} | ret=SUCCESS |  
2019-08-20 16:04:01,069 | INFO  | DNAudit | user=null | ip=null | op=WRITE_CHUNK {blockData=conID: 3 locID: 102650153602974228 bcsId: 0} | ret=SUCCESS |  
2019-08-20 16:04:01,071 | INFO  | DNAudit | user=null | ip=null | op=WRITE_CHUNK {blockData=conID: 3 locID: 102650153602974228 bcsId: 0} | ret=SUCCESS |  
2019-08-20 16:04:01,071 | INFO  | DNAudit | user=null | ip=null | op=WRITE_CHUNK {blockData=conID: 3 locID: 102650153602974228 bcsId: 0} | ret=SUCCESS |  
2019-08-20 16:04:01,072 | INFO  | DNAudit | user=null | ip=null | op=WRITE_CHUNK {blockData=conID: 3 locID: 102650153602974228 bcsId: 0} | ret=SUCCESS |  
2019-08-20 16:04:01,073 | INFO  | DNAudit | user=null | ip=null | op=WRITE_CHUNK {blockData=conID: 3 locID: 102650153602974228 bcsId: 0} | ret=SUCCESS |  
2019-08-20 16:04:01,073 | INFO  | DNAudit | user=null | ip=null | op=WRITE_CHUNK {blockData=conID: 3 locID: 102650153602974228 bcsId: 0} | ret=SUCCESS |  
2019-08-20 16:04:01,075 | INFO  | DNAudit | user=null | ip=null | op=WRITE_CHUNK {blockData=conID: 3 locID: 102650153602974228 bcsId: 0} | ret=SUCCESS |  
2019-08-20 16:04:01,075 | INFO  | DNAudit | user=null | ip=null | op=PUT_BLOCK {blockData=[blockId=conID: 3 locID: 102650153602974228 bcsId: 0,size=1048576]} | ret=SUCCESS |  
2019-08-20 16:04:01,075 [grpc-default-executor-3] INFO  client.GrpcClientProtocolClient (GrpcClientProtocolClient.java:onNext(255)) - client-EAA342753240->9a4a4c23-9ff3-4ce3-a619-2c71c0869997: receive RaftClientReply:client-EAA342753240->9a4a4c23-9ff3-4ce3-a619-2c71c0869997@group-EC4211DF0353, cid=1884, SUCCESS, logIndex=2741, commits[9a4a4c23-9ff3-4ce3-a619-2c71c0869997:c2743, 9b0072ab-15b3-4973-9bcb-7fa02f6bfea9:c2740, 9f215ef2-7d46-4cda-b695-cae1b893f75f:c2740]
2019-08-20 16:04:01,075 | INFO  | DNAudit | user=null | ip=null | op=WRITE_CHUNK {blockData=conID: 3 locID: 102650153602974228 bcsId: 0} | ret=SUCCESS |  
2019-08-20 16:04:01,075 | INFO  | DNAudit | user=null | ip=null | op=PUT_BLOCK {blockData=[blockId=conID: 3 locID: 102650153602974228 bcsId: 0,size=2097152]} | ret=SUCCESS |  
2019-08-20 16:04:01,076 [grpc-default-executor-3] INFO  client.GrpcClientProtocolClient (GrpcClientProtocolClient.java:onNext(255)) - client-EAA342753240->9a4a4c23-9ff3-4ce3-a619-2c71c0869997: receive RaftClientReply:client-EAA342753240->9a4a4c23-9ff3-4ce3-a619-2c71c0869997@group-EC4211DF0353, cid=1885, SUCCESS, logIndex=2742, commits[9a4a4c23-9ff3-4ce3-a619-2c71c0869997:c2744, 9b0072ab-15b3-4973-9bcb-7fa02f6bfea9:c2740, 9f215ef2-7d46-4cda-b695-cae1b893f75f:c2740]
2019-08-20 16:04:01,076 | INFO  | DNAudit | user=null | ip=null | op=WRITE_CHUNK {blockData=conID: 3 locID: 102650153602974228 bcsId: 0} | ret=SUCCESS |  
2019-08-20 16:04:01,076 [grpc-default-executor-3] INFO  client.GrpcClientProtocolClient (GrpcClientProtocolClient.java:onNext(255)) - client-EAA342753240->9a4a4c23-9ff3-4ce3-a619-2c71c0869997: receive RaftClientReply:client-EAA342753240->9a4a4c23-9ff3-4ce3-a619-2c71c0869997@group-EC4211DF0353, cid=1886, SUCCESS, logIndex=2743, commits[9a4a4c23-9ff3-4ce3-a619-2c71c0869997:c2744, 9b0072ab-15b3-4973-9bcb-7fa02f6bfea9:c2740, 9f215ef2-7d46-4cda-b695-cae1b893f75f:c2740]
2019-08-20 16:04:01,076 | INFO  | DNAudit | user=null | ip=null | op=PUT_BLOCK {blockData=[blockId=conID: 3 locID: 102650153602974228 bcsId: 0,size=1048576]} | ret=SUCCESS |  
2019-08-20 16:04:01,076 [grpc-default-executor-3] INFO  client.GrpcClientProtocolClient (GrpcClientProtocolClient.java:onNext(255)) - client-EAA342753240->9a4a4c23-9ff3-4ce3-a619-2c71c0869997: receive RaftClientReply:client-EAA342753240->9a4a4c23-9ff3-4ce3-a619-2c71c0869997@group-EC4211DF0353, cid=1887, SUCCESS, logIndex=2744, commits[9a4a4c23-9ff3-4ce3-a619-2c71c0869997:c2744, 9b0072ab-15b3-4973-9bcb-7fa02f6bfea9:c2740, 9f215ef2-7d46-4cda-b695-cae1b893f75f:c2740]
2019-08-20 16:04:01,078 | INFO  | DNAudit | user=null | ip=null | op=WRITE_CHUNK {blockData=conID: 3 locID: 102650153602974228 bcsId: 0} | ret=SUCCESS |  
2019-08-20 16:04:01,078 | INFO  | DNAudit | user=null | ip=null | op=PUT_BLOCK {blockData=[blockId=conID: 3 locID: 102650153602974228 bcsId: 0,size=1048576]} | ret=SUCCESS |  
2019-08-20 16:04:01,079 [grpc-default-executor-3] INFO  client.GrpcClientProtocolClient (GrpcClientProtocolClient.java:onNext(255)) - client-EAA342753240->9a4a4c23-9ff3-4ce3-a619-2c71c0869997: receive RaftClientReply:client-EAA342753240->9a4a4c23-9ff3-4ce3-a619-2c71c0869997@group-EC4211DF0353, cid=1888, SUCCESS, logIndex=0, commits[9a4a4c23-9ff3-4ce3-a619-2c71c0869997:c2745, 9b0072ab-15b3-4973-9bcb-7fa02f6bfea9:c2742, 9f215ef2-7d46-4cda-b695-cae1b893f75f:c2742]
2019-08-20 16:04:01,084 | INFO  | DNAudit | user=null | ip=null | op=WRITE_CHUNK {blockData=conID: 3 locID: 102650153602974228 bcsId: 2744} | ret=SUCCESS |  
2019-08-20 16:04:01,086 | INFO  | DNAudit | user=null | ip=null | op=WRITE_CHUNK {blockData=conID: 3 locID: 102650153602974228 bcsId: 2744} | ret=SUCCESS |  
2019-08-20 16:04:01,086 | INFO  | DNAudit | user=null | ip=null | op=WRITE_CHUNK {blockData=conID: 3 locID: 102650153602974228 bcsId: 2744} | ret=SUCCESS |  
2019-08-20 16:04:01,091 | INFO  | DNAudit | user=null | ip=null | op=WRITE_CHUNK {blockData=conID: 3 locID: 102650153602974228 bcsId: 0} | ret=SUCCESS |  
2019-08-20 16:04:01,091 | INFO  | DNAudit | user=null | ip=null | op=PUT_BLOCK {blockData=[blockId=conID: 3 locID: 102650153602974228 bcsId: 0,size=2097152]} | ret=SUCCESS |  
2019-08-20 16:04:01,091 | INFO  | DNAudit | user=null | ip=null | op=WRITE_CHUNK {blockData=conID: 3 locID: 102650153602974228 bcsId: 0} | ret=SUCCESS |  
2019-08-20 16:04:01,092 | INFO  | DNAudit | user=null | ip=null | op=PUT_BLOCK {blockData=[blockId=conID: 3 locID: 102650153602974228 bcsId: 0,size=2097152]} | ret=SUCCESS |  
2019-08-20 16:04:01,092 | INFO  | DNAudit | user=null | ip=null | op=WRITE_CHUNK {blockData=conID: 3 locID: 102650153602974228 bcsId: 2744} | ret=SUCCESS |  
2019-08-20 16:04:01,093 | INFO  | DNAudit | user=null | ip=null | op=PUT_BLOCK {blockData=[blockId=conID: 3 locID: 102650153602974228 bcsId: 0,size=3145728]} | ret=SUCCESS |  
2019-08-20 16:04:01,093 [grpc-default-executor-3] INFO  client.GrpcClientProtocolClient (GrpcClientProtocolClient.java:onNext(255)) - client-EAA342753240->9a4a4c23-9ff3-4ce3-a619-2c71c0869997: receive RaftClientReply:client-EAA342753240->9a4a4c23-9ff3-4ce3-a619-2c71c0869997@group-EC4211DF0353, cid=1889, SUCCESS, logIndex=2749, commits[9a4a4c23-9ff3-4ce3-a619-2c71c0869997:c2750, 9b0072ab-15b3-4973-9bcb-7fa02f6bfea9:c2745, 9f215ef2-7d46-4cda-b695-cae1b893f75f:c2744]
2019-08-20 16:04:01,093 [grpc-default-executor-3] INFO  client.GrpcClientProtocolClient (GrpcClientProtocolClient.java:onNext(255)) - client-EAA342753240->9a4a4c23-9ff3-4ce3-a619-2c71c0869997: receive RaftClientReply:client-EAA342753240->9a4a4c23-9ff3-4ce3-a619-2c71c0869997@group-EC4211DF0353, cid=1890, SUCCESS, logIndex=2750, commits[9a4a4c23-9ff3-4ce3-a619-2c71c0869997:c2750, 9b0072ab-15b3-4973-9bcb-7fa02f6bfea9:c2745, 9f215ef2-7d46-4cda-b695-cae1b893f75f:c2745]
2019-08-20 16:04:01,094 | INFO  | DNAudit | user=null | ip=null | op=WRITE_CHUNK {blockData=conID: 3 locID: 102650153602974228 bcsId: 2744} | ret=SUCCESS |  
2019-08-20 16:04:01,094 | INFO  | DNAudit | user=null | ip=null | op=WRITE_CHUNK {blockData=conID: 3 locID: 102650153602974228 bcsId: 2744} | ret=SUCCESS |  
2019-08-20 16:04:01,094 | INFO  | DNAudit | user=null | ip=null | op=PUT_BLOCK {blockData=[blockId=conID: 3 locID: 102650153602974228 bcsId: 0,size=3145728]} | ret=SUCCESS |  
2019-08-20 16:04:01,094 | INFO  | DNAudit | user=null | ip=null | op=PUT_BLOCK {blockData=[blockId=conID: 3 locID: 102650153602974228 bcsId: 0,size=3145728]} | ret=SUCCESS |  
2019-08-20 16:04:01,099 | INFO  | DNAudit | user=null | ip=null | op=WRITE_CHUNK {blockData=conID: 3 locID: 102650153602974228 bcsId: 2750} | ret=SUCCESS |  
2019-08-20 16:04:01,101 | INFO  | DNAudit | user=null | ip=null | op=WRITE_CHUNK {blockData=conID: 3 locID: 102650153602974228 bcsId: 2750} | ret=SUCCESS |  
2019-08-20 16:04:01,105 | INFO  | DNAudit | user=null | ip=null | op=WRITE_CHUNK {blockData=conID: 3 locID: 102650153602974228 bcsId: 2750} | ret=SUCCESS |  
2019-08-20 16:04:01,109 | INFO  | DNAudit | user=null | ip=null | op=WRITE_CHUNK {blockData=conID: 3 locID: 102650153602974228 bcsId: 2750} | ret=SUCCESS |  
2019-08-20 16:04:01,109 | INFO  | DNAudit | user=null | ip=null | op=PUT_BLOCK {blockData=[blockId=conID: 3 locID: 102650153602974228 bcsId: 0,size=4194304]} | ret=SUCCESS |  
2019-08-20 16:04:01,109 [grpc-default-executor-6] INFO  client.GrpcClientProtocolClient (GrpcClientProtocolClient.java:onNext(255)) - client-EAA342753240->9a4a4c23-9ff3-4ce3-a619-2c71c0869997: receive RaftClientReply:client-EAA342753240->9a4a4c23-9ff3-4ce3-a619-2c71c0869997@group-EC4211DF0353, cid=1891, SUCCESS, logIndex=2753, commits[9a4a4c23-9ff3-4ce3-a619-2c71c0869997:c2754, 9b0072ab-15b3-4973-9bcb-7fa02f6bfea9:c2752, 9f215ef2-7d46-4cda-b695-cae1b893f75f:c2752]
2019-08-20 16:04:01,110 [grpc-default-executor-6] INFO  client.GrpcClientProtocolClient (GrpcClientProtocolClient.java:onNext(255)) - client-EAA342753240->9a4a4c23-9ff3-4ce3-a619-2c71c0869997: receive RaftClientReply:client-EAA342753240->9a4a4c23-9ff3-4ce3-a619-2c71c0869997@group-EC4211DF0353, cid=1892, SUCCESS, logIndex=2754, commits[9a4a4c23-9ff3-4ce3-a619-2c71c0869997:c2754, 9b0072ab-15b3-4973-9bcb-7fa02f6bfea9:c2752, 9f215ef2-7d46-4cda-b695-cae1b893f75f:c2752]
2019-08-20 16:04:01,112 | INFO  | DNAudit | user=null | ip=null | op=WRITE_CHUNK {blockData=conID: 3 locID: 102650153602974228 bcsId: 2750} | ret=SUCCESS |  
2019-08-20 16:04:01,112 | INFO  | DNAudit | user=null | ip=null | op=WRITE_CHUNK {blockData=conID: 3 locID: 102650153602974228 bcsId: 2750} | ret=SUCCESS |  
2019-08-20 16:04:01,112 | INFO  | DNAudit | user=null | ip=null | op=PUT_BLOCK {blockData=[blockId=conID: 3 locID: 102650153602974228 bcsId: 0,size=4194304]} | ret=SUCCESS |  
2019-08-20 16:04:01,112 | INFO  | DNAudit | user=null | ip=null | op=PUT_BLOCK {blockData=[blockId=conID: 3 locID: 102650153602974228 bcsId: 0,size=4194304]} | ret=SUCCESS |  
2019-08-20 16:04:01,112 [grpc-default-executor-6] INFO  client.GrpcClientProtocolClient (GrpcClientProtocolClient.java:onNext(255)) - client-EAA342753240->9a4a4c23-9ff3-4ce3-a619-2c71c0869997: receive RaftClientReply:client-EAA342753240->9a4a4c23-9ff3-4ce3-a619-2c71c0869997@group-EC4211DF0353, cid=1893, SUCCESS, logIndex=0, commits[9a4a4c23-9ff3-4ce3-a619-2c71c0869997:c2755, 9b0072ab-15b3-4973-9bcb-7fa02f6bfea9:c2754, 9f215ef2-7d46-4cda-b695-cae1b893f75f:c2754]
2019-08-20 16:04:01,115 | INFO  | SCMAudit | user=jenkins1000 | ip=192.168.69.96 | op=ALLOCATE_BLOCK {owner=ea4851f9-218c-4af7-91b4-edb777a4888c, size=4194304, type=RATIS, factor=THREE} | ret=SUCCESS |  
2019-08-20 16:04:01,117 | INFO  | OMAudit | user=jenkins1000 | ip=127.0.0.1 | op=ALLOCATE_BLOCK {volume=vol-0-94146, bucket=bucket-0-90789, key=key-0-25609, dataSize=0, replicationType=null, replicationFactor=null, keyLocationInfo=null, clientID=102650152704082322} | ret=SUCCESS |  
2019-08-20 16:04:01,123 | INFO  | DNAudit | user=null | ip=null | op=WRITE_CHUNK {blockData=conID: 1 locID: 102650153606513173 bcsId: 0} | ret=SUCCESS |  
2019-08-20 16:04:01,126 | INFO  | DNAudit | user=null | ip=null | op=WRITE_CHUNK {blockData=conID: 1 locID: 102650153606513173 bcsId: 0} | ret=SUCCESS |  
2019-08-20 16:04:01,127 | INFO  | DNAudit | user=null | ip=null | op=WRITE_CHUNK {blockData=conID: 1 locID: 102650153606513173 bcsId: 0} | ret=SUCCESS |  
2019-08-20 16:04:01,127 | INFO  | DNAudit | user=null | ip=null | op=WRITE_CHUNK {blockData=conID: 1 locID: 102650153606513173 bcsId: 0} | ret=SUCCESS |  
2019-08-20 16:04:01,130 | INFO  | DNAudit | user=null | ip=null | op=WRITE_CHUNK {blockData=conID: 1 locID: 102650153606513173 bcsId: 0} | ret=SUCCESS |  
2019-08-20 16:04:01,130 | INFO  | DNAudit | user=null | ip=null | op=WRITE_CHUNK {blockData=conID: 1 locID: 102650153606513173 bcsId: 0} | ret=SUCCESS |  
2019-08-20 16:04:01,137 | INFO  | DNAudit | user=null | ip=null | op=WRITE_CHUNK {blockData=conID: 1 locID: 102650153606513173 bcsId: 0} | ret=SUCCESS |  
2019-08-20 16:04:01,137 | INFO  | DNAudit | user=null | ip=null | op=PUT_BLOCK {blockData=[blockId=conID: 1 locID: 102650153606513173 bcsId: 0,size=1048576]} | ret=SUCCESS |  
2019-08-20 16:04:01,137 [grpc-default-executor-3] INFO  client.GrpcClientProtocolClient (GrpcClientProtocolClient.java:onNext(255)) - client-EAA342753240->9a4a4c23-9ff3-4ce3-a619-2c71c0869997: receive RaftClientReply:client-EAA342753240->9a4a4c23-9ff3-4ce3-a619-2c71c0869997@group-EC4211DF0353, cid=1894, SUCCESS, logIndex=2757, commits[9a4a4c23-9ff3-4ce3-a619-2c71c0869997:c2759, 9b0072ab-15b3-4973-9bcb-7fa02f6bfea9:c2755, 9f215ef2-7d46-4cda-b695-cae1b893f75f:c2756]
2019-08-20 16:04:01,138 | INFO  | DNAudit | user=null | ip=null | op=WRITE_CHUNK {blockData=conID: 1 locID: 102650153606513173 bcsId: 0} | ret=SUCCESS |  
2019-08-20 16:04:01,138 | INFO  | DNAudit | user=null | ip=null | op=PUT_BLOCK {blockData=[blockId=conID: 1 locID: 102650153606513173 bcsId: 0,size=2097152]} | ret=SUCCESS |  
2019-08-20 16:04:01,138 [grpc-default-executor-3] INFO  client.GrpcClientProtocolClient (GrpcClientProtocolClient.java:onNext(255)) - client-EAA342753240->9a4a4c23-9ff3-4ce3-a619-2c71c0869997: receive RaftClientReply:client-EAA342753240->9a4a4c23-9ff3-4ce3-a619-2c71c0869997@group-EC4211DF0353, cid=1895, SUCCESS, logIndex=2758, commits[9a4a4c23-9ff3-4ce3-a619-2c71c0869997:c2760, 9b0072ab-15b3-4973-9bcb-7fa02f6bfea9:c2756, 9f215ef2-7d46-4cda-b695-cae1b893f75f:c2756]
2019-08-20 16:04:01,138 [grpc-default-executor-3] INFO  client.GrpcClientProtocolClient (GrpcClientProtocolClient.java:onNext(255)) - client-EAA342753240->9a4a4c23-9ff3-4ce3-a619-2c71c0869997: receive RaftClientReply:client-EAA342753240->9a4a4c23-9ff3-4ce3-a619-2c71c0869997@group-EC4211DF0353, cid=1896, SUCCESS, logIndex=2759, commits[9a4a4c23-9ff3-4ce3-a619-2c71c0869997:c2760, 9b0072ab-15b3-4973-9bcb-7fa02f6bfea9:c2756, 9f215ef2-7d46-4cda-b695-cae1b893f75f:c2756]
2019-08-20 16:04:01,138 [grpc-default-executor-3] INFO  client.GrpcClientProtocolClient (GrpcClientProtocolClient.java:onNext(255)) - client-EAA342753240->9a4a4c23-9ff3-4ce3-a619-2c71c0869997: receive RaftClientReply:client-EAA342753240->9a4a4c23-9ff3-4ce3-a619-2c71c0869997@group-EC4211DF0353, cid=1897, SUCCESS, logIndex=2760, commits[9a4a4c23-9ff3-4ce3-a619-2c71c0869997:c2760, 9b0072ab-15b3-4973-9bcb-7fa02f6bfea9:c2756, 9f215ef2-7d46-4cda-b695-cae1b893f75f:c2756]
2019-08-20 16:04:01,140 | INFO  | DNAudit | user=null | ip=null | op=WRITE_CHUNK {blockData=conID: 1 locID: 102650153606513173 bcsId: 0} | ret=SUCCESS |  
2019-08-20 16:04:01,140 | INFO  | DNAudit | user=null | ip=null | op=WRITE_CHUNK {blockData=conID: 1 locID: 102650153606513173 bcsId: 0} | ret=SUCCESS |  
2019-08-20 16:04:01,140 | INFO  | DNAudit | user=null | ip=null | op=PUT_BLOCK {blockData=[blockId=conID: 1 locID: 102650153606513173 bcsId: 0,size=1048576]} | ret=SUCCESS |  
2019-08-20 16:04:01,140 | INFO  | DNAudit | user=null | ip=null | op=PUT_BLOCK {blockData=[blockId=conID: 1 locID: 102650153606513173 bcsId: 0,size=1048576]} | ret=SUCCESS |  
2019-08-20 16:04:01,140 [grpc-default-executor-3] INFO  client.GrpcClientProtocolClient (GrpcClientProtocolClient.java:onNext(255)) - client-EAA342753240->9a4a4c23-9ff3-4ce3-a619-2c71c0869997: receive RaftClientReply:client-EAA342753240->9a4a4c23-9ff3-4ce3-a619-2c71c0869997@group-EC4211DF0353, cid=1898, SUCCESS, logIndex=0, commits[9a4a4c23-9ff3-4ce3-a619-2c71c0869997:c2761, 9b0072ab-15b3-4973-9bcb-7fa02f6bfea9:c2758, 9f215ef2-7d46-4cda-b695-cae1b893f75f:c2758]
2019-08-20 16:04:01,140 | INFO  | DNAudit | user=null | ip=null | op=WRITE_CHUNK {blockData=conID: 1 locID: 102650153606513173 bcsId: 0} | ret=SUCCESS |  
2019-08-20 16:04:01,140 | INFO  | DNAudit | user=null | ip=null | op=PUT_BLOCK {blockData=[blockId=conID: 1 locID: 102650153606513173 bcsId: 0,size=2097152]} | ret=SUCCESS |  
2019-08-20 16:04:01,146 | INFO  | DNAudit | user=null | ip=null | op=WRITE_CHUNK {blockData=conID: 1 locID: 102650153606513173 bcsId: 2760} | ret=SUCCESS |  
2019-08-20 16:04:01,148 | INFO  | DNAudit | user=null | ip=null | op=WRITE_CHUNK {blockData=conID: 1 locID: 102650153606513173 bcsId: 2760} | ret=SUCCESS |  
2019-08-20 16:04:01,151 | INFO  | DNAudit | user=null | ip=null | op=WRITE_CHUNK {blockData=conID: 1 locID: 102650153606513173 bcsId: 2760} | ret=SUCCESS |  
2019-08-20 16:04:01,152 | INFO  | DNAudit | user=null | ip=null | op=WRITE_CHUNK {blockData=conID: 1 locID: 102650153606513173 bcsId: 0} | ret=SUCCESS |  
2019-08-20 16:04:01,152 | INFO  | DNAudit | user=null | ip=null | op=PUT_BLOCK {blockData=[blockId=conID: 1 locID: 102650153606513173 bcsId: 0,size=2097152]} | ret=SUCCESS |  
2019-08-20 16:04:01,164 | INFO  | DNAudit | user=null | ip=null | op=WRITE_CHUNK {blockData=conID: 1 locID: 102650153606513173 bcsId: 2760} | ret=SUCCESS |  
2019-08-20 16:04:01,164 | INFO  | DNAudit | user=null | ip=null | op=PUT_BLOCK {blockData=[blockId=conID: 1 locID: 102650153606513173 bcsId: 0,size=3145728]} | ret=SUCCESS |  
2019-08-20 16:04:01,164 [grpc-default-executor-1] INFO  client.GrpcClientProtocolClient (GrpcClientProtocolClient.java:onNext(255)) - client-EAA342753240->9a4a4c23-9ff3-4ce3-a619-2c71c0869997: receive RaftClientReply:client-EAA342753240->9a4a4c23-9ff3-4ce3-a619-2c71c0869997@group-EC4211DF0353, cid=1899, SUCCESS, logIndex=2765, commits[9a4a4c23-9ff3-4ce3-a619-2c71c0869997:c2766, 9b0072ab-15b3-4973-9bcb-7fa02f6bfea9:c2761, 9f215ef2-7d46-4cda-b695-cae1b893f75f:c2761]
2019-08-20 16:04:01,165 [grpc-default-executor-1] INFO  client.GrpcClientProtocolClient (GrpcClientProtocolClient.java:onNext(255)) - client-EAA342753240->9a4a4c23-9ff3-4ce3-a619-2c71c0869997: receive RaftClientReply:client-EAA342753240->9a4a4c23-9ff3-4ce3-a619-2c71c0869997@group-EC4211DF0353, cid=1900, SUCCESS, logIndex=2766, commits[9a4a4c23-9ff3-4ce3-a619-2c71c0869997:c2766, 9b0072ab-15b3-4973-9bcb-7fa02f6bfea9:c2761, 9f215ef2-7d46-4cda-b695-cae1b893f75f:c2761]
2019-08-20 16:04:01,170 | INFO  | DNAudit | user=null | ip=null | op=WRITE_CHUNK {blockData=conID: 1 locID: 102650153606513173 bcsId: 2766} | ret=SUCCESS |  
2019-08-20 16:04:01,172 | INFO  | DNAudit | user=null | ip=null | op=WRITE_CHUNK {blockData=conID: 1 locID: 102650153606513173 bcsId: 2766} | ret=SUCCESS |  
2019-08-20 16:04:01,172 | INFO  | DNAudit | user=null | ip=null | op=WRITE_CHUNK {blockData=conID: 1 locID: 102650153606513173 bcsId: 2766} | ret=SUCCESS |  
2019-08-20 16:04:01,177 | INFO  | DNAudit | user=null | ip=null | op=WRITE_CHUNK {blockData=conID: 1 locID: 102650153606513173 bcsId: 2760} | ret=SUCCESS |  
2019-08-20 16:04:01,177 | INFO  | DNAudit | user=null | ip=null | op=WRITE_CHUNK {blockData=conID: 1 locID: 102650153606513173 bcsId: 2760} | ret=SUCCESS |  
2019-08-20 16:04:01,178 | INFO  | DNAudit | user=null | ip=null | op=PUT_BLOCK {blockData=[blockId=conID: 1 locID: 102650153606513173 bcsId: 0,size=3145728]} | ret=SUCCESS |  
2019-08-20 16:04:01,178 | INFO  | DNAudit | user=null | ip=null | op=PUT_BLOCK {blockData=[blockId=conID: 1 locID: 102650153606513173 bcsId: 0,size=3145728]} | ret=SUCCESS |  
2019-08-20 16:04:01,181 | INFO  | DNAudit | user=null | ip=null | op=WRITE_CHUNK {blockData=conID: 1 locID: 102650153606513173 bcsId: 2766} | ret=SUCCESS |  
2019-08-20 16:04:01,181 | INFO  | DNAudit | user=null | ip=null | op=PUT_BLOCK {blockData=[blockId=conID: 1 locID: 102650153606513173 bcsId: 0,size=4194304]} | ret=SUCCESS |  
2019-08-20 16:04:01,181 [grpc-default-executor-1] INFO  client.GrpcClientProtocolClient (GrpcClientProtocolClient.java:onNext(255)) - client-EAA342753240->9a4a4c23-9ff3-4ce3-a619-2c71c0869997: receive RaftClientReply:client-EAA342753240->9a4a4c23-9ff3-4ce3-a619-2c71c0869997@group-EC4211DF0353, cid=1901, SUCCESS, logIndex=2769, commits[9a4a4c23-9ff3-4ce3-a619-2c71c0869997:c2770, 9b0072ab-15b3-4973-9bcb-7fa02f6bfea9:c2766, 9f215ef2-7d46-4cda-b695-cae1b893f75f:c2766]
2019-08-20 16:04:01,181 [grpc-default-executor-1] INFO  client.GrpcClientProtocolClient (GrpcClientProtocolClient.java:onNext(255)) - client-EAA342753240->9a4a4c23-9ff3-4ce3-a619-2c71c0869997: receive RaftClientReply:client-EAA342753240->9a4a4c23-9ff3-4ce3-a619-2c71c0869997@group-EC4211DF0353, cid=1902, SUCCESS, logIndex=2770, commits[9a4a4c23-9ff3-4ce3-a619-2c71c0869997:c2770, 9b0072ab-15b3-4973-9bcb-7fa02f6bfea9:c2766, 9f215ef2-7d46-4cda-b695-cae1b893f75f:c2766]
2019-08-20 16:04:01,192 | INFO  | DNAudit | user=null | ip=null | op=WRITE_CHUNK {blockData=conID: 1 locID: 102650153606513173 bcsId: 2766} | ret=SUCCESS |  
2019-08-20 16:04:01,192 | INFO  | DNAudit | user=null | ip=null | op=WRITE_CHUNK {blockData=conID: 1 locID: 102650153606513173 bcsId: 2766} | ret=SUCCESS |  
2019-08-20 16:04:01,192 | INFO  | DNAudit | user=null | ip=null | op=PUT_BLOCK {blockData=[blockId=conID: 1 locID: 102650153606513173 bcsId: 0,size=4194304]} | ret=SUCCESS |  
2019-08-20 16:04:01,192 | INFO  | DNAudit | user=null | ip=null | op=PUT_BLOCK {blockData=[blockId=conID: 1 locID: 102650153606513173 bcsId: 0,size=4194304]} | ret=SUCCESS |  
2019-08-20 16:04:01,192 [grpc-default-executor-3] INFO  client.GrpcClientProtocolClient (GrpcClientProtocolClient.java:onNext(255)) - client-EAA342753240->9a4a4c23-9ff3-4ce3-a619-2c71c0869997: receive RaftClientReply:client-EAA342753240->9a4a4c23-9ff3-4ce3-a619-2c71c0869997@group-EC4211DF0353, cid=1903, SUCCESS, logIndex=0, commits[9a4a4c23-9ff3-4ce3-a619-2c71c0869997:c2771, 9b0072ab-15b3-4973-9bcb-7fa02f6bfea9:c2770, 9f215ef2-7d46-4cda-b695-cae1b893f75f:c2770]
2019-08-20 16:04:01,196 | INFO  | SCMAudit | user=jenkins1000 | ip=192.168.69.96 | op=ALLOCATE_BLOCK {owner=ea4851f9-218c-4af7-91b4-edb777a4888c, size=4194304, type=RATIS, factor=THREE} | ret=SUCCESS |  
2019-08-20 16:04:01,198 | INFO  | OMAudit | user=jenkins1000 | ip=127.0.0.1 | op=ALLOCATE_BLOCK {volume=vol-0-94146, bucket=bucket-0-90789, key=key-0-25609, dataSize=0, replicationType=null, replicationFactor=null, keyLocationInfo=null, clientID=102650152704082322} | ret=SUCCESS |  
2019-08-20 16:04:01,206 | INFO  | DNAudit | user=null | ip=null | op=WRITE_CHUNK {blockData=conID: 2 locID: 102650153611821590 bcsId: 0} | ret=SUCCESS |  
2019-08-20 16:04:01,207 | INFO  | DNAudit | user=null | ip=null | op=WRITE_CHUNK {blockData=conID: 2 locID: 102650153611821590 bcsId: 0} | ret=SUCCESS |  
2019-08-20 16:04:01,207 | INFO  | DNAudit | user=null | ip=null | op=WRITE_CHUNK {blockData=conID: 2 locID: 102650153611821590 bcsId: 0} | ret=SUCCESS |  
2019-08-20 16:04:01,208 | INFO  | DNAudit | user=null | ip=null | op=WRITE_CHUNK {blockData=conID: 2 locID: 102650153611821590 bcsId: 0} | ret=SUCCESS |  
2019-08-20 16:04:01,209 | INFO  | DNAudit | user=null | ip=null | op=WRITE_CHUNK {blockData=conID: 2 locID: 102650153611821590 bcsId: 0} | ret=SUCCESS |  
2019-08-20 16:04:01,209 | INFO  | DNAudit | user=null | ip=null | op=WRITE_CHUNK {blockData=conID: 2 locID: 102650153611821590 bcsId: 0} | ret=SUCCESS |  
2019-08-20 16:04:01,219 | INFO  | DNAudit | user=null | ip=null | op=WRITE_CHUNK {blockData=conID: 2 locID: 102650153611821590 bcsId: 0} | ret=SUCCESS |  
2019-08-20 16:04:01,220 | INFO  | DNAudit | user=null | ip=null | op=PUT_BLOCK {blockData=[blockId=conID: 2 locID: 102650153611821590 bcsId: 0,size=1048576]} | ret=SUCCESS |  
2019-08-20 16:04:01,220 | INFO  | DNAudit | user=null | ip=null | op=WRITE_CHUNK {blockData=conID: 2 locID: 102650153611821590 bcsId: 0} | ret=SUCCESS |  
2019-08-20 16:04:01,220 [grpc-default-executor-3] INFO  client.GrpcClientProtocolClient (GrpcClientProtocolClient.java:onNext(255)) - client-EAA342753240->9a4a4c23-9ff3-4ce3-a619-2c71c0869997: receive RaftClientReply:client-EAA342753240->9a4a4c23-9ff3-4ce3-a619-2c71c0869997@group-EC4211DF0353, cid=1904, SUCCESS, logIndex=2772, commits[9a4a4c23-9ff3-4ce3-a619-2c71c0869997:c2773, 9b0072ab-15b3-4973-9bcb-7fa02f6bfea9:c2771, 9f215ef2-7d46-4cda-b695-cae1b893f75f:c2771]
2019-08-20 16:04:01,220 | INFO  | DNAudit | user=null | ip=null | op=PUT_BLOCK {blockData=[blockId=conID: 2 locID: 102650153611821590 bcsId: 0,size=2097152]} | ret=SUCCESS |  
2019-08-20 16:04:01,220 [grpc-default-executor-3] INFO  client.GrpcClientProtocolClient (GrpcClientProtocolClient.java:onNext(255)) - client-EAA342753240->9a4a4c23-9ff3-4ce3-a619-2c71c0869997: receive RaftClientReply:client-EAA342753240->9a4a4c23-9ff3-4ce3-a619-2c71c0869997@group-EC4211DF0353, cid=1905, SUCCESS, logIndex=2773, commits[9a4a4c23-9ff3-4ce3-a619-2c71c0869997:c2775, 9b0072ab-15b3-4973-9bcb-7fa02f6bfea9:c2771, 9f215ef2-7d46-4cda-b695-cae1b893f75f:c2771]
2019-08-20 16:04:01,220 [grpc-default-executor-3] INFO  client.GrpcClientProtocolClient (GrpcClientProtocolClient.java:onNext(255)) - client-EAA342753240->9a4a4c23-9ff3-4ce3-a619-2c71c0869997: receive RaftClientReply:client-EAA342753240->9a4a4c23-9ff3-4ce3-a619-2c71c0869997@group-EC4211DF0353, cid=1906, SUCCESS, logIndex=2774, commits[9a4a4c23-9ff3-4ce3-a619-2c71c0869997:c2775, 9b0072ab-15b3-4973-9bcb-7fa02f6bfea9:c2771, 9f215ef2-7d46-4cda-b695-cae1b893f75f:c2771]
2019-08-20 16:04:01,220 [grpc-default-executor-3] INFO  client.GrpcClientProtocolClient (GrpcClientProtocolClient.java:onNext(255)) - client-EAA342753240->9a4a4c23-9ff3-4ce3-a619-2c71c0869997: receive RaftClientReply:client-EAA342753240->9a4a4c23-9ff3-4ce3-a619-2c71c0869997@group-EC4211DF0353, cid=1907, SUCCESS, logIndex=2775, commits[9a4a4c23-9ff3-4ce3-a619-2c71c0869997:c2775, 9b0072ab-15b3-4973-9bcb-7fa02f6bfea9:c2771, 9f215ef2-7d46-4cda-b695-cae1b893f75f:c2771]
2019-08-20 16:04:01,222 | INFO  | DNAudit | user=null | ip=null | op=WRITE_CHUNK {blockData=conID: 2 locID: 102650153611821590 bcsId: 0} | ret=SUCCESS |  
2019-08-20 16:04:01,222 | INFO  | DNAudit | user=null | ip=null | op=PUT_BLOCK {blockData=[blockId=conID: 2 locID: 102650153611821590 bcsId: 0,size=1048576]} | ret=SUCCESS |  
2019-08-20 16:04:01,222 | INFO  | DNAudit | user=null | ip=null | op=WRITE_CHUNK {blockData=conID: 2 locID: 102650153611821590 bcsId: 0} | ret=SUCCESS |  
2019-08-20 16:04:01,237 | INFO  | DNAudit | user=null | ip=null | op=WRITE_CHUNK {blockData=conID: 2 locID: 102650153611821590 bcsId: 0} | ret=SUCCESS |  
2019-08-20 16:04:01,238 | INFO  | DNAudit | user=null | ip=null | op=PUT_BLOCK {blockData=[blockId=conID: 2 locID: 102650153611821590 bcsId: 0,size=1048576]} | ret=SUCCESS |  
2019-08-20 16:04:01,238 | INFO  | DNAudit | user=null | ip=null | op=PUT_BLOCK {blockData=[blockId=conID: 2 locID: 102650153611821590 bcsId: 0,size=2097152]} | ret=SUCCESS |  
2019-08-20 16:04:01,238 | INFO  | DNAudit | user=null | ip=null | op=WRITE_CHUNK {blockData=conID: 2 locID: 102650153611821590 bcsId: 0} | ret=SUCCESS |  
2019-08-20 16:04:01,238 | INFO  | DNAudit | user=null | ip=null | op=PUT_BLOCK {blockData=[blockId=conID: 2 locID: 102650153611821590 bcsId: 0,size=2097152]} | ret=SUCCESS |  
2019-08-20 16:04:01,238 [grpc-default-executor-3] INFO  client.GrpcClientProtocolClient (GrpcClientProtocolClient.java:onNext(255)) - client-EAA342753240->9a4a4c23-9ff3-4ce3-a619-2c71c0869997: receive RaftClientReply:client-EAA342753240->9a4a4c23-9ff3-4ce3-a619-2c71c0869997@group-EC4211DF0353, cid=1908, SUCCESS, logIndex=0, commits[9a4a4c23-9ff3-4ce3-a619-2c71c0869997:c2778, 9b0072ab-15b3-4973-9bcb-7fa02f6bfea9:c2773, 9f215ef2-7d46-4cda-b695-cae1b893f75f:c2775]
2019-08-20 16:04:01,244 | INFO  | DNAudit | user=null | ip=null | op=WRITE_CHUNK {blockData=conID: 2 locID: 102650153611821590 bcsId: 2775} | ret=SUCCESS |  
2019-08-20 16:04:01,246 | INFO  | DNAudit | user=null | ip=null | op=WRITE_CHUNK {blockData=conID: 2 locID: 102650153611821590 bcsId: 2775} | ret=SUCCESS |  
2019-08-20 16:04:01,247 | INFO  | DNAudit | user=null | ip=null | op=WRITE_CHUNK {blockData=conID: 2 locID: 102650153611821590 bcsId: 2775} | ret=SUCCESS |  
2019-08-20 16:04:01,253 | INFO  | DNAudit | user=null | ip=null | op=WRITE_CHUNK {blockData=conID: 2 locID: 102650153611821590 bcsId: 2775} | ret=SUCCESS |  
2019-08-20 16:04:01,253 | INFO  | DNAudit | user=null | ip=null | op=PUT_BLOCK {blockData=[blockId=conID: 2 locID: 102650153611821590 bcsId: 0,size=3145728]} | ret=SUCCESS |  
2019-08-20 16:04:01,253 [grpc-default-executor-6] INFO  client.GrpcClientProtocolClient (GrpcClientProtocolClient.java:onNext(255)) - client-EAA342753240->9a4a4c23-9ff3-4ce3-a619-2c71c0869997: receive RaftClientReply:client-EAA342753240->9a4a4c23-9ff3-4ce3-a619-2c71c0869997@group-EC4211DF0353, cid=1909, SUCCESS, logIndex=2780, commits[9a4a4c23-9ff3-4ce3-a619-2c71c0869997:c2781, 9b0072ab-15b3-4973-9bcb-7fa02f6bfea9:c2779, 9f215ef2-7d46-4cda-b695-cae1b893f75f:c2779]
2019-08-20 16:04:01,253 [grpc-default-executor-6] INFO  client.GrpcClientProtocolClient (GrpcClientProtocolClient.java:onNext(255)) - client-EAA342753240->9a4a4c23-9ff3-4ce3-a619-2c71c0869997: receive RaftClientReply:client-EAA342753240->9a4a4c23-9ff3-4ce3-a619-2c71c0869997@group-EC4211DF0353, cid=1910, SUCCESS, logIndex=2781, commits[9a4a4c23-9ff3-4ce3-a619-2c71c0869997:c2781, 9b0072ab-15b3-4973-9bcb-7fa02f6bfea9:c2779, 9f215ef2-7d46-4cda-b695-cae1b893f75f:c2779]
2019-08-20 16:04:01,356 | INFO  | DNAudit | user=null | ip=null | op=WRITE_CHUNK {blockData=conID: 2 locID: 102650153611821590 bcsId: 2775} | ret=SUCCESS |  
2019-08-20 16:04:01,356 | INFO  | DNAudit | user=null | ip=null | op=WRITE_CHUNK {blockData=conID: 2 locID: 102650153611821590 bcsId: 2775} | ret=SUCCESS |  
2019-08-20 16:04:01,358 | INFO  | DNAudit | user=null | ip=null | op=WRITE_CHUNK {blockData=conID: 2 locID: 102650153611821590 bcsId: 2781} | ret=SUCCESS |  
2019-08-20 16:04:01,360 | INFO  | DNAudit | user=null | ip=null | op=WRITE_CHUNK {blockData=conID: 2 locID: 102650153611821590 bcsId: 2781} | ret=SUCCESS |  
2019-08-20 16:04:01,363 | INFO  | DNAudit | user=null | ip=null | op=WRITE_CHUNK {blockData=conID: 2 locID: 102650153611821590 bcsId: 2781} | ret=SUCCESS |  
2019-08-20 16:04:01,365 | INFO  | DNAudit | user=null | ip=null | op=PUT_BLOCK {blockData=[blockId=conID: 2 locID: 102650153611821590 bcsId: 0,size=3145728]} | ret=SUCCESS |  
2019-08-20 16:04:01,366 | INFO  | DNAudit | user=null | ip=null | op=PUT_BLOCK {blockData=[blockId=conID: 2 locID: 102650153611821590 bcsId: 0,size=3145728]} | ret=SUCCESS |  
2019-08-20 16:04:01,368 | INFO  | DNAudit | user=null | ip=null | op=WRITE_CHUNK {blockData=conID: 2 locID: 102650153611821590 bcsId: 2781} | ret=SUCCESS |  
2019-08-20 16:04:01,369 | INFO  | DNAudit | user=null | ip=null | op=PUT_BLOCK {blockData=[blockId=conID: 2 locID: 102650153611821590 bcsId: 0,size=4194304]} | ret=SUCCESS |  
2019-08-20 16:04:01,369 [grpc-default-executor-3] INFO  client.GrpcClientProtocolClient (GrpcClientProtocolClient.java:onNext(255)) - client-EAA342753240->9a4a4c23-9ff3-4ce3-a619-2c71c0869997: receive RaftClientReply:client-EAA342753240->9a4a4c23-9ff3-4ce3-a619-2c71c0869997@group-EC4211DF0353, cid=1911, SUCCESS, logIndex=2784, commits[9a4a4c23-9ff3-4ce3-a619-2c71c0869997:c2785, 9b0072ab-15b3-4973-9bcb-7fa02f6bfea9:c2782, 9f215ef2-7d46-4cda-b695-cae1b893f75f:c2781]
2019-08-20 16:04:01,369 [grpc-default-executor-3] INFO  client.GrpcClientProtocolClient (GrpcClientProtocolClient.java:onNext(255)) - client-EAA342753240->9a4a4c23-9ff3-4ce3-a619-2c71c0869997: receive RaftClientReply:client-EAA342753240->9a4a4c23-9ff3-4ce3-a619-2c71c0869997@group-EC4211DF0353, cid=1912, SUCCESS, logIndex=2785, commits[9a4a4c23-9ff3-4ce3-a619-2c71c0869997:c2785, 9b0072ab-15b3-4973-9bcb-7fa02f6bfea9:c2782, 9f215ef2-7d46-4cda-b695-cae1b893f75f:c2782]
2019-08-20 16:04:01,380 | INFO  | DNAudit | user=null | ip=null | op=WRITE_CHUNK {blockData=conID: 2 locID: 102650153611821590 bcsId: 2781} | ret=SUCCESS |  
2019-08-20 16:04:01,380 | INFO  | DNAudit | user=null | ip=null | op=WRITE_CHUNK {blockData=conID: 2 locID: 102650153611821590 bcsId: 2781} | ret=SUCCESS |  
2019-08-20 16:04:01,380 | INFO  | DNAudit | user=null | ip=null | op=PUT_BLOCK {blockData=[blockId=conID: 2 locID: 102650153611821590 bcsId: 0,size=4194304]} | ret=SUCCESS |  
2019-08-20 16:04:01,380 | INFO  | DNAudit | user=null | ip=null | op=PUT_BLOCK {blockData=[blockId=conID: 2 locID: 102650153611821590 bcsId: 0,size=4194304]} | ret=SUCCESS |  
2019-08-20 16:04:01,380 [grpc-default-executor-3] INFO  client.GrpcClientProtocolClient (GrpcClientProtocolClient.java:onNext(255)) - client-EAA342753240->9a4a4c23-9ff3-4ce3-a619-2c71c0869997: receive RaftClientReply:client-EAA342753240->9a4a4c23-9ff3-4ce3-a619-2c71c0869997@group-EC4211DF0353, cid=1913, SUCCESS, logIndex=0, commits[9a4a4c23-9ff3-4ce3-a619-2c71c0869997:c2786, 9b0072ab-15b3-4973-9bcb-7fa02f6bfea9:c2785, 9f215ef2-7d46-4cda-b695-cae1b893f75f:c2785]
2019-08-20 16:04:01,384 | INFO  | SCMAudit | user=jenkins1000 | ip=192.168.69.96 | op=ALLOCATE_BLOCK {owner=ea4851f9-218c-4af7-91b4-edb777a4888c, size=4194304, type=RATIS, factor=THREE} | ret=SUCCESS |  
2019-08-20 16:04:01,386 | INFO  | OMAudit | user=jenkins1000 | ip=127.0.0.1 | op=ALLOCATE_BLOCK {volume=vol-0-94146, bucket=bucket-0-90789, key=key-0-25609, dataSize=0, replicationType=null, replicationFactor=null, keyLocationInfo=null, clientID=102650152704082322} | ret=SUCCESS |  
2019-08-20 16:04:01,392 | INFO  | DNAudit | user=null | ip=null | op=WRITE_CHUNK {blockData=conID: 3 locID: 102650153624142359 bcsId: 0} | ret=SUCCESS |  
2019-08-20 16:04:01,395 | INFO  | DNAudit | user=null | ip=null | op=WRITE_CHUNK {blockData=conID: 3 locID: 102650153624142359 bcsId: 0} | ret=SUCCESS |  
2019-08-20 16:04:01,396 | INFO  | DNAudit | user=null | ip=null | op=WRITE_CHUNK {blockData=conID: 3 locID: 102650153624142359 bcsId: 0} | ret=SUCCESS |  
2019-08-20 16:04:01,396 | INFO  | DNAudit | user=null | ip=null | op=WRITE_CHUNK {blockData=conID: 3 locID: 102650153624142359 bcsId: 0} | ret=SUCCESS |  
2019-08-20 16:04:01,397 | INFO  | DNAudit | user=null | ip=null | op=WRITE_CHUNK {blockData=conID: 3 locID: 102650153624142359 bcsId: 0} | ret=SUCCESS |  
2019-08-20 16:04:01,398 | INFO  | DNAudit | user=null | ip=null | op=WRITE_CHUNK {blockData=conID: 3 locID: 102650153624142359 bcsId: 0} | ret=SUCCESS |  
2019-08-20 16:04:01,401 | INFO  | DNAudit | user=null | ip=null | op=WRITE_CHUNK {blockData=conID: 3 locID: 102650153624142359 bcsId: 0} | ret=SUCCESS |  
2019-08-20 16:04:01,402 | INFO  | DNAudit | user=null | ip=null | op=PUT_BLOCK {blockData=[blockId=conID: 3 locID: 102650153624142359 bcsId: 0,size=1048576]} | ret=SUCCESS |  
2019-08-20 16:04:01,402 | INFO  | DNAudit | user=null | ip=null | op=WRITE_CHUNK {blockData=conID: 3 locID: 102650153624142359 bcsId: 0} | ret=SUCCESS |  
2019-08-20 16:04:01,402 [grpc-default-executor-6] INFO  client.GrpcClientProtocolClient (GrpcClientProtocolClient.java:onNext(255)) - client-EAA342753240->9a4a4c23-9ff3-4ce3-a619-2c71c0869997: receive RaftClientReply:client-EAA342753240->9a4a4c23-9ff3-4ce3-a619-2c71c0869997@group-EC4211DF0353, cid=1914, SUCCESS, logIndex=2787, commits[9a4a4c23-9ff3-4ce3-a619-2c71c0869997:c2789, 9b0072ab-15b3-4973-9bcb-7fa02f6bfea9:c2786, 9f215ef2-7d46-4cda-b695-cae1b893f75f:c2786]
2019-08-20 16:04:01,402 | INFO  | DNAudit | user=null | ip=null | op=WRITE_CHUNK {blockData=conID: 3 locID: 102650153624142359 bcsId: 0} | ret=SUCCESS |  
2019-08-20 16:04:01,402 | INFO  | DNAudit | user=null | ip=null | op=PUT_BLOCK {blockData=[blockId=conID: 3 locID: 102650153624142359 bcsId: 0,size=2097152]} | ret=SUCCESS |  
2019-08-20 16:04:01,402 [grpc-default-executor-6] INFO  client.GrpcClientProtocolClient (GrpcClientProtocolClient.java:onNext(255)) - client-EAA342753240->9a4a4c23-9ff3-4ce3-a619-2c71c0869997: receive RaftClientReply:client-EAA342753240->9a4a4c23-9ff3-4ce3-a619-2c71c0869997@group-EC4211DF0353, cid=1915, SUCCESS, logIndex=2788, commits[9a4a4c23-9ff3-4ce3-a619-2c71c0869997:c2790, 9b0072ab-15b3-4973-9bcb-7fa02f6bfea9:c2786, 9f215ef2-7d46-4cda-b695-cae1b893f75f:c2786]
2019-08-20 16:04:01,403 | INFO  | DNAudit | user=null | ip=null | op=PUT_BLOCK {blockData=[blockId=conID: 3 locID: 102650153624142359 bcsId: 0,size=1048576]} | ret=SUCCESS |  
2019-08-20 16:04:01,403 | INFO  | DNAudit | user=null | ip=null | op=WRITE_CHUNK {blockData=conID: 3 locID: 102650153624142359 bcsId: 0} | ret=SUCCESS |  
2019-08-20 16:04:01,403 [grpc-default-executor-6] INFO  client.GrpcClientProtocolClient (GrpcClientProtocolClient.java:onNext(255)) - client-EAA342753240->9a4a4c23-9ff3-4ce3-a619-2c71c0869997: receive RaftClientReply:client-EAA342753240->9a4a4c23-9ff3-4ce3-a619-2c71c0869997@group-EC4211DF0353, cid=1916, SUCCESS, logIndex=2789, commits[9a4a4c23-9ff3-4ce3-a619-2c71c0869997:c2790, 9b0072ab-15b3-4973-9bcb-7fa02f6bfea9:c2786, 9f215ef2-7d46-4cda-b695-cae1b893f75f:c2786]
2019-08-20 16:04:01,403 [grpc-default-executor-6] INFO  client.GrpcClientProtocolClient (GrpcClientProtocolClient.java:onNext(255)) - client-EAA342753240->9a4a4c23-9ff3-4ce3-a619-2c71c0869997: receive RaftClientReply:client-EAA342753240->9a4a4c23-9ff3-4ce3-a619-2c71c0869997@group-EC4211DF0353, cid=1917, SUCCESS, logIndex=2790, commits[9a4a4c23-9ff3-4ce3-a619-2c71c0869997:c2791, 9b0072ab-15b3-4973-9bcb-7fa02f6bfea9:c2789, 9f215ef2-7d46-4cda-b695-cae1b893f75f:c2786]
2019-08-20 16:04:01,404 | INFO  | DNAudit | user=null | ip=null | op=WRITE_CHUNK {blockData=conID: 3 locID: 102650153624142359 bcsId: 0} | ret=SUCCESS |  
2019-08-20 16:04:01,404 | INFO  | DNAudit | user=null | ip=null | op=PUT_BLOCK {blockData=[blockId=conID: 3 locID: 102650153624142359 bcsId: 0,size=1048576]} | ret=SUCCESS |  
2019-08-20 16:04:01,405 | INFO  | DNAudit | user=null | ip=null | op=WRITE_CHUNK {blockData=conID: 3 locID: 102650153624142359 bcsId: 0} | ret=SUCCESS |  
2019-08-20 16:04:01,405 [grpc-default-executor-6] INFO  client.GrpcClientProtocolClient (GrpcClientProtocolClient.java:onNext(255)) - client-EAA342753240->9a4a4c23-9ff3-4ce3-a619-2c71c0869997: receive RaftClientReply:client-EAA342753240->9a4a4c23-9ff3-4ce3-a619-2c71c0869997@group-EC4211DF0353, cid=1918, SUCCESS, logIndex=0, commits[9a4a4c23-9ff3-4ce3-a619-2c71c0869997:c2792, 9b0072ab-15b3-4973-9bcb-7fa02f6bfea9:c2789, 9f215ef2-7d46-4cda-b695-cae1b893f75f:c2789]
2019-08-20 16:04:01,410 | INFO  | DNAudit | user=null | ip=null | op=WRITE_CHUNK {blockData=conID: 3 locID: 102650153624142359 bcsId: 2790} | ret=SUCCESS |  
2019-08-20 16:04:01,415 | INFO  | DNAudit | user=null | ip=null | op=WRITE_CHUNK {blockData=conID: 3 locID: 102650153624142359 bcsId: 2790} | ret=SUCCESS |  
2019-08-20 16:04:01,415 | INFO  | DNAudit | user=null | ip=null | op=WRITE_CHUNK {blockData=conID: 3 locID: 102650153624142359 bcsId: 2790} | ret=SUCCESS |  
2019-08-20 16:04:01,416 | INFO  | DNAudit | user=null | ip=null | op=PUT_BLOCK {blockData=[blockId=conID: 3 locID: 102650153624142359 bcsId: 0,size=2097152]} | ret=SUCCESS |  
2019-08-20 16:04:01,416 | INFO  | DNAudit | user=null | ip=null | op=PUT_BLOCK {blockData=[blockId=conID: 3 locID: 102650153624142359 bcsId: 0,size=2097152]} | ret=SUCCESS |  
2019-08-20 16:04:01,417 | INFO  | DNAudit | user=null | ip=null | op=WRITE_CHUNK {blockData=conID: 3 locID: 102650153624142359 bcsId: 2790} | ret=SUCCESS |  
2019-08-20 16:04:01,417 | INFO  | DNAudit | user=null | ip=null | op=PUT_BLOCK {blockData=[blockId=conID: 3 locID: 102650153624142359 bcsId: 0,size=3145728]} | ret=SUCCESS |  
2019-08-20 16:04:01,417 [grpc-default-executor-3] INFO  client.GrpcClientProtocolClient (GrpcClientProtocolClient.java:onNext(255)) - client-EAA342753240->9a4a4c23-9ff3-4ce3-a619-2c71c0869997: receive RaftClientReply:client-EAA342753240->9a4a4c23-9ff3-4ce3-a619-2c71c0869997@group-EC4211DF0353, cid=1919, SUCCESS, logIndex=2795, commits[9a4a4c23-9ff3-4ce3-a619-2c71c0869997:c2796, 9b0072ab-15b3-4973-9bcb-7fa02f6bfea9:c2792, 9f215ef2-7d46-4cda-b695-cae1b893f75f:c2792]
2019-08-20 16:04:01,418 [grpc-default-executor-3] INFO  client.GrpcClientProtocolClient (GrpcClientProtocolClient.java:onNext(255)) - client-EAA342753240->9a4a4c23-9ff3-4ce3-a619-2c71c0869997: receive RaftClientReply:client-EAA342753240->9a4a4c23-9ff3-4ce3-a619-2c71c0869997@group-EC4211DF0353, cid=1920, SUCCESS, logIndex=2796, commits[9a4a4c23-9ff3-4ce3-a619-2c71c0869997:c2796, 9b0072ab-15b3-4973-9bcb-7fa02f6bfea9:c2792, 9f215ef2-7d46-4cda-b695-cae1b893f75f:c2792]
2019-08-20 16:04:01,419 | INFO  | DNAudit | user=null | ip=null | op=WRITE_CHUNK {blockData=conID: 3 locID: 102650153624142359 bcsId: 2790} | ret=SUCCESS |  
2019-08-20 16:04:01,419 | INFO  | DNAudit | user=null | ip=null | op=WRITE_CHUNK {blockData=conID: 3 locID: 102650153624142359 bcsId: 2790} | ret=SUCCESS |  
2019-08-20 16:04:01,419 | INFO  | DNAudit | user=null | ip=null | op=PUT_BLOCK {blockData=[blockId=conID: 3 locID: 102650153624142359 bcsId: 0,size=3145728]} | ret=SUCCESS |  
2019-08-20 16:04:01,419 | INFO  | DNAudit | user=null | ip=null | op=PUT_BLOCK {blockData=[blockId=conID: 3 locID: 102650153624142359 bcsId: 0,size=3145728]} | ret=SUCCESS |  
2019-08-20 16:04:01,423 | INFO  | DNAudit | user=null | ip=null | op=WRITE_CHUNK {blockData=conID: 3 locID: 102650153624142359 bcsId: 2796} | ret=SUCCESS |  
2019-08-20 16:04:01,425 | INFO  | DNAudit | user=null | ip=null | op=WRITE_CHUNK {blockData=conID: 3 locID: 102650153624142359 bcsId: 2796} | ret=SUCCESS |  
2019-08-20 16:04:01,425 | INFO  | DNAudit | user=null | ip=null | op=WRITE_CHUNK {blockData=conID: 3 locID: 102650153624142359 bcsId: 2796} | ret=SUCCESS |  
2019-08-20 16:04:01,431 | INFO  | DNAudit | user=null | ip=null | op=WRITE_CHUNK {blockData=conID: 3 locID: 102650153624142359 bcsId: 2796} | ret=SUCCESS |  
2019-08-20 16:04:01,432 | INFO  | DNAudit | user=null | ip=null | op=PUT_BLOCK {blockData=[blockId=conID: 3 locID: 102650153624142359 bcsId: 0,size=4194304]} | ret=SUCCESS |  
2019-08-20 16:04:01,432 [grpc-default-executor-6] INFO  client.GrpcClientProtocolClient (GrpcClientProtocolClient.java:onNext(255)) - client-EAA342753240->9a4a4c23-9ff3-4ce3-a619-2c71c0869997: receive RaftClientReply:client-EAA342753240->9a4a4c23-9ff3-4ce3-a619-2c71c0869997@group-EC4211DF0353, cid=1921, SUCCESS, logIndex=2798, commits[9a4a4c23-9ff3-4ce3-a619-2c71c0869997:c2799, 9b0072ab-15b3-4973-9bcb-7fa02f6bfea9:c2797, 9f215ef2-7d46-4cda-b695-cae1b893f75f:c2797]
2019-08-20 16:04:01,432 [grpc-default-executor-6] INFO  client.GrpcClientProtocolClient (GrpcClientProtocolClient.java:onNext(255)) - client-EAA342753240->9a4a4c23-9ff3-4ce3-a619-2c71c0869997: receive RaftClientReply:client-EAA342753240->9a4a4c23-9ff3-4ce3-a619-2c71c0869997@group-EC4211DF0353, cid=1922, SUCCESS, logIndex=2799, commits[9a4a4c23-9ff3-4ce3-a619-2c71c0869997:c2799, 9b0072ab-15b3-4973-9bcb-7fa02f6bfea9:c2797, 9f215ef2-7d46-4cda-b695-cae1b893f75f:c2797]
2019-08-20 16:04:01,443 | INFO  | DNAudit | user=null | ip=null | op=WRITE_CHUNK {blockData=conID: 3 locID: 102650153624142359 bcsId: 2796} | ret=SUCCESS |  
2019-08-20 16:04:01,443 | INFO  | DNAudit | user=null | ip=null | op=WRITE_CHUNK {blockData=conID: 3 locID: 102650153624142359 bcsId: 2796} | ret=SUCCESS |  
2019-08-20 16:04:01,447 | INFO  | DNAudit | user=null | ip=null | op=PUT_BLOCK {blockData=[blockId=conID: 3 locID: 102650153624142359 bcsId: 0,size=4194304]} | ret=SUCCESS |  
2019-08-20 16:04:01,447 | INFO  | DNAudit | user=null | ip=null | op=PUT_BLOCK {blockData=[blockId=conID: 3 locID: 102650153624142359 bcsId: 0,size=4194304]} | ret=SUCCESS |  
2019-08-20 16:04:01,447 [grpc-default-executor-6] INFO  client.GrpcClientProtocolClient (GrpcClientProtocolClient.java:onNext(255)) - client-EAA342753240->9a4a4c23-9ff3-4ce3-a619-2c71c0869997: receive RaftClientReply:client-EAA342753240->9a4a4c23-9ff3-4ce3-a619-2c71c0869997@group-EC4211DF0353, cid=1923, SUCCESS, logIndex=0, commits[9a4a4c23-9ff3-4ce3-a619-2c71c0869997:c2801, 9b0072ab-15b3-4973-9bcb-7fa02f6bfea9:c2799, 9f215ef2-7d46-4cda-b695-cae1b893f75f:c2799]
2019-08-20 16:04:01,450 | INFO  | SCMAudit | user=jenkins1000 | ip=192.168.69.96 | op=ALLOCATE_BLOCK {owner=ea4851f9-218c-4af7-91b4-edb777a4888c, size=4194304, type=RATIS, factor=THREE} | ret=SUCCESS |  
2019-08-20 16:04:01,452 | INFO  | OMAudit | user=jenkins1000 | ip=127.0.0.1 | op=ALLOCATE_BLOCK {volume=vol-0-94146, bucket=bucket-0-90789, key=key-0-25609, dataSize=0, replicationType=null, replicationFactor=null, keyLocationInfo=null, clientID=102650152704082322} | ret=SUCCESS |  
2019-08-20 16:04:01,460 | INFO  | DNAudit | user=null | ip=null | op=WRITE_CHUNK {blockData=conID: 1 locID: 102650153628467736 bcsId: 0} | ret=SUCCESS |  
2019-08-20 16:04:01,460 | INFO  | DNAudit | user=null | ip=null | op=WRITE_CHUNK {blockData=conID: 1 locID: 102650153628467736 bcsId: 0} | ret=SUCCESS |  
2019-08-20 16:04:01,460 | INFO  | DNAudit | user=null | ip=null | op=WRITE_CHUNK {blockData=conID: 1 locID: 102650153628467736 bcsId: 0} | ret=SUCCESS |  
2019-08-20 16:04:01,461 | INFO  | DNAudit | user=null | ip=null | op=WRITE_CHUNK {blockData=conID: 1 locID: 102650153628467736 bcsId: 0} | ret=SUCCESS |  
2019-08-20 16:04:01,462 | INFO  | DNAudit | user=null | ip=null | op=WRITE_CHUNK {blockData=conID: 1 locID: 102650153628467736 bcsId: 0} | ret=SUCCESS |  
2019-08-20 16:04:01,463 | INFO  | DNAudit | user=null | ip=null | op=WRITE_CHUNK {blockData=conID: 1 locID: 102650153628467736 bcsId: 0} | ret=SUCCESS |  
2019-08-20 16:04:01,493 | INFO  | DNAudit | user=null | ip=null | op=WRITE_CHUNK {blockData=conID: 1 locID: 102650153628467736 bcsId: 0} | ret=SUCCESS |  
2019-08-20 16:04:01,494 | INFO  | DNAudit | user=null | ip=null | op=PUT_BLOCK {blockData=[blockId=conID: 1 locID: 102650153628467736 bcsId: 0,size=1048576]} | ret=SUCCESS |  
2019-08-20 16:04:01,494 [grpc-default-executor-1] INFO  client.GrpcClientProtocolClient (GrpcClientProtocolClient.java:onNext(255)) - client-EAA342753240->9a4a4c23-9ff3-4ce3-a619-2c71c0869997: receive RaftClientReply:client-EAA342753240->9a4a4c23-9ff3-4ce3-a619-2c71c0869997@group-EC4211DF0353, cid=1924, SUCCESS, logIndex=2802, commits[9a4a4c23-9ff3-4ce3-a619-2c71c0869997:c2803, 9b0072ab-15b3-4973-9bcb-7fa02f6bfea9:c2801, 9f215ef2-7d46-4cda-b695-cae1b893f75f:c2801]
2019-08-20 16:04:01,494 [grpc-default-executor-1] INFO  client.GrpcClientProtocolClient (GrpcClientProtocolClient.java:onNext(255)) - client-EAA342753240->9a4a4c23-9ff3-4ce3-a619-2c71c0869997: receive RaftClientReply:client-EAA342753240->9a4a4c23-9ff3-4ce3-a619-2c71c0869997@group-EC4211DF0353, cid=1925, SUCCESS, logIndex=2803, commits[9a4a4c23-9ff3-4ce3-a619-2c71c0869997:c2803, 9b0072ab-15b3-4973-9bcb-7fa02f6bfea9:c2801, 9f215ef2-7d46-4cda-b695-cae1b893f75f:c2801]
2019-08-20 16:04:01,496 | INFO  | DNAudit | user=null | ip=null | op=WRITE_CHUNK {blockData=conID: 1 locID: 102650153628467736 bcsId: 0} | ret=SUCCESS |  
2019-08-20 16:04:01,497 | INFO  | DNAudit | user=null | ip=null | op=PUT_BLOCK {blockData=[blockId=conID: 1 locID: 102650153628467736 bcsId: 0,size=2097152]} | ret=SUCCESS |  
2019-08-20 16:04:01,497 [grpc-default-executor-1] INFO  client.GrpcClientProtocolClient (GrpcClientProtocolClient.java:onNext(255)) - client-EAA342753240->9a4a4c23-9ff3-4ce3-a619-2c71c0869997: receive RaftClientReply:client-EAA342753240->9a4a4c23-9ff3-4ce3-a619-2c71c0869997@group-EC4211DF0353, cid=1926, SUCCESS, logIndex=2804, commits[9a4a4c23-9ff3-4ce3-a619-2c71c0869997:c2805, 9b0072ab-15b3-4973-9bcb-7fa02f6bfea9:c2801, 9f215ef2-7d46-4cda-b695-cae1b893f75f:c2801]
2019-08-20 16:04:01,497 | INFO  | DNAudit | user=null | ip=null | op=WRITE_CHUNK {blockData=conID: 1 locID: 102650153628467736 bcsId: 0} | ret=SUCCESS |  
2019-08-20 16:04:01,497 [grpc-default-executor-1] INFO  client.GrpcClientProtocolClient (GrpcClientProtocolClient.java:onNext(255)) - client-EAA342753240->9a4a4c23-9ff3-4ce3-a619-2c71c0869997: receive RaftClientReply:client-EAA342753240->9a4a4c23-9ff3-4ce3-a619-2c71c0869997@group-EC4211DF0353, cid=1927, SUCCESS, logIndex=2805, commits[9a4a4c23-9ff3-4ce3-a619-2c71c0869997:c2805, 9b0072ab-15b3-4973-9bcb-7fa02f6bfea9:c2801, 9f215ef2-7d46-4cda-b695-cae1b893f75f:c2801]
2019-08-20 16:04:01,497 | INFO  | DNAudit | user=null | ip=null | op=PUT_BLOCK {blockData=[blockId=conID: 1 locID: 102650153628467736 bcsId: 0,size=1048576]} | ret=SUCCESS |  
2019-08-20 16:04:01,498 | INFO  | DNAudit | user=null | ip=null | op=WRITE_CHUNK {blockData=conID: 1 locID: 102650153628467736 bcsId: 0} | ret=SUCCESS |  
2019-08-20 16:04:01,498 | INFO  | DNAudit | user=null | ip=null | op=PUT_BLOCK {blockData=[blockId=conID: 1 locID: 102650153628467736 bcsId: 0,size=1048576]} | ret=SUCCESS |  
2019-08-20 16:04:01,498 [grpc-default-executor-3] INFO  client.GrpcClientProtocolClient (GrpcClientProtocolClient.java:onNext(255)) - client-EAA342753240->9a4a4c23-9ff3-4ce3-a619-2c71c0869997: receive RaftClientReply:client-EAA342753240->9a4a4c23-9ff3-4ce3-a619-2c71c0869997@group-EC4211DF0353, cid=1928, SUCCESS, logIndex=0, commits[9a4a4c23-9ff3-4ce3-a619-2c71c0869997:c2807, 9b0072ab-15b3-4973-9bcb-7fa02f6bfea9:c2803, 9f215ef2-7d46-4cda-b695-cae1b893f75f:c2803]
2019-08-20 16:04:01,500 | INFO  | DNAudit | user=null | ip=null | op=WRITE_CHUNK {blockData=conID: 1 locID: 102650153628467736 bcsId: 0} | ret=SUCCESS |  
2019-08-20 16:04:01,500 | INFO  | DNAudit | user=null | ip=null | op=WRITE_CHUNK {blockData=conID: 1 locID: 102650153628467736 bcsId: 0} | ret=SUCCESS |  
2019-08-20 16:04:01,500 | INFO  | DNAudit | user=null | ip=null | op=PUT_BLOCK {blockData=[blockId=conID: 1 locID: 102650153628467736 bcsId: 0,size=2097152]} | ret=SUCCESS |  
2019-08-20 16:04:01,500 | INFO  | DNAudit | user=null | ip=null | op=PUT_BLOCK {blockData=[blockId=conID: 1 locID: 102650153628467736 bcsId: 0,size=2097152]} | ret=SUCCESS |  
2019-08-20 16:04:01,504 | INFO  | DNAudit | user=null | ip=null | op=WRITE_CHUNK {blockData=conID: 1 locID: 102650153628467736 bcsId: 2805} | ret=SUCCESS |  
2019-08-20 16:04:01,506 | INFO  | DNAudit | user=null | ip=null | op=WRITE_CHUNK {blockData=conID: 1 locID: 102650153628467736 bcsId: 2805} | ret=SUCCESS |  
2019-08-20 16:04:01,508 | INFO  | DNAudit | user=null | ip=null | op=WRITE_CHUNK {blockData=conID: 1 locID: 102650153628467736 bcsId: 2805} | ret=SUCCESS |  
2019-08-20 16:04:01,512 | INFO  | DNAudit | user=null | ip=null | op=WRITE_CHUNK {blockData=conID: 1 locID: 102650153628467736 bcsId: 2805} | ret=SUCCESS |  
2019-08-20 16:04:01,512 | INFO  | DNAudit | user=null | ip=null | op=PUT_BLOCK {blockData=[blockId=conID: 1 locID: 102650153628467736 bcsId: 0,size=3145728]} | ret=SUCCESS |  
2019-08-20 16:04:01,513 [grpc-default-executor-3] INFO  client.GrpcClientProtocolClient (GrpcClientProtocolClient.java:onNext(255)) - client-EAA342753240->9a4a4c23-9ff3-4ce3-a619-2c71c0869997: receive RaftClientReply:client-EAA342753240->9a4a4c23-9ff3-4ce3-a619-2c71c0869997@group-EC4211DF0353, cid=1929, SUCCESS, logIndex=2810, commits[9a4a4c23-9ff3-4ce3-a619-2c71c0869997:c2811, 9b0072ab-15b3-4973-9bcb-7fa02f6bfea9:c2809, 9f215ef2-7d46-4cda-b695-cae1b893f75f:c2809]
2019-08-20 16:04:01,513 [grpc-default-executor-3] INFO  client.GrpcClientProtocolClient (GrpcClientProtocolClient.java:onNext(255)) - client-EAA342753240->9a4a4c23-9ff3-4ce3-a619-2c71c0869997: receive RaftClientReply:client-EAA342753240->9a4a4c23-9ff3-4ce3-a619-2c71c0869997@group-EC4211DF0353, cid=1930, SUCCESS, logIndex=2811, commits[9a4a4c23-9ff3-4ce3-a619-2c71c0869997:c2811, 9b0072ab-15b3-4973-9bcb-7fa02f6bfea9:c2809, 9f215ef2-7d46-4cda-b695-cae1b893f75f:c2809]
2019-08-20 16:04:01,518 | INFO  | DNAudit | user=null | ip=null | op=WRITE_CHUNK {blockData=conID: 1 locID: 102650153628467736 bcsId: 2811} | ret=SUCCESS |  
2019-08-20 16:04:01,520 | INFO  | DNAudit | user=null | ip=null | op=WRITE_CHUNK {blockData=conID: 1 locID: 102650153628467736 bcsId: 2811} | ret=SUCCESS |  
2019-08-20 16:04:01,520 | INFO  | DNAudit | user=null | ip=null | op=WRITE_CHUNK {blockData=conID: 1 locID: 102650153628467736 bcsId: 2811} | ret=SUCCESS |  
2019-08-20 16:04:01,539 | INFO  | DNAudit | user=null | ip=null | op=WRITE_CHUNK {blockData=conID: 1 locID: 102650153628467736 bcsId: 2805} | ret=SUCCESS |  
2019-08-20 16:04:01,539 | INFO  | DNAudit | user=null | ip=null | op=WRITE_CHUNK {blockData=conID: 1 locID: 102650153628467736 bcsId: 2805} | ret=SUCCESS |  
2019-08-20 16:04:01,539 | INFO  | DNAudit | user=null | ip=null | op=PUT_BLOCK {blockData=[blockId=conID: 1 locID: 102650153628467736 bcsId: 0,size=3145728]} | ret=SUCCESS |  
2019-08-20 16:04:01,541 | INFO  | DNAudit | user=null | ip=null | op=PUT_BLOCK {blockData=[blockId=conID: 1 locID: 102650153628467736 bcsId: 0,size=3145728]} | ret=SUCCESS |  
2019-08-20 16:04:01,541 | INFO  | DNAudit | user=null | ip=null | op=WRITE_CHUNK {blockData=conID: 1 locID: 102650153628467736 bcsId: 2811} | ret=SUCCESS |  
2019-08-20 16:04:01,542 | INFO  | DNAudit | user=null | ip=null | op=PUT_BLOCK {blockData=[blockId=conID: 1 locID: 102650153628467736 bcsId: 0,size=4194304]} | ret=SUCCESS |  
2019-08-20 16:04:01,542 [grpc-default-executor-3] INFO  client.GrpcClientProtocolClient (GrpcClientProtocolClient.java:onNext(255)) - client-EAA342753240->9a4a4c23-9ff3-4ce3-a619-2c71c0869997: receive RaftClientReply:client-EAA342753240->9a4a4c23-9ff3-4ce3-a619-2c71c0869997@group-EC4211DF0353, cid=1931, SUCCESS, logIndex=2814, commits[9a4a4c23-9ff3-4ce3-a619-2c71c0869997:c2815, 9b0072ab-15b3-4973-9bcb-7fa02f6bfea9:c2811, 9f215ef2-7d46-4cda-b695-cae1b893f75f:c2811]
2019-08-20 16:04:01,542 [grpc-default-executor-3] INFO  client.GrpcClientProtocolClient (GrpcClientProtocolClient.java:onNext(255)) - client-EAA342753240->9a4a4c23-9ff3-4ce3-a619-2c71c0869997: receive RaftClientReply:client-EAA342753240->9a4a4c23-9ff3-4ce3-a619-2c71c0869997@group-EC4211DF0353, cid=1932, SUCCESS, logIndex=2815, commits[9a4a4c23-9ff3-4ce3-a619-2c71c0869997:c2815, 9b0072ab-15b3-4973-9bcb-7fa02f6bfea9:c2811, 9f215ef2-7d46-4cda-b695-cae1b893f75f:c2811]
2019-08-20 16:04:01,552 | INFO  | DNAudit | user=null | ip=null | op=WRITE_CHUNK {blockData=conID: 1 locID: 102650153628467736 bcsId: 2811} | ret=SUCCESS |  
2019-08-20 16:04:01,552 | INFO  | DNAudit | user=null | ip=null | op=WRITE_CHUNK {blockData=conID: 1 locID: 102650153628467736 bcsId: 2811} | ret=SUCCESS |  
2019-08-20 16:04:01,553 | INFO  | DNAudit | user=null | ip=null | op=PUT_BLOCK {blockData=[blockId=conID: 1 locID: 102650153628467736 bcsId: 0,size=4194304]} | ret=SUCCESS |  
2019-08-20 16:04:01,553 | INFO  | DNAudit | user=null | ip=null | op=PUT_BLOCK {blockData=[blockId=conID: 1 locID: 102650153628467736 bcsId: 0,size=4194304]} | ret=SUCCESS |  
2019-08-20 16:04:01,553 [grpc-default-executor-1] INFO  client.GrpcClientProtocolClient (GrpcClientProtocolClient.java:onNext(255)) - client-EAA342753240->9a4a4c23-9ff3-4ce3-a619-2c71c0869997: receive RaftClientReply:client-EAA342753240->9a4a4c23-9ff3-4ce3-a619-2c71c0869997@group-EC4211DF0353, cid=1933, SUCCESS, logIndex=0, commits[9a4a4c23-9ff3-4ce3-a619-2c71c0869997:c2816, 9b0072ab-15b3-4973-9bcb-7fa02f6bfea9:c2815, 9f215ef2-7d46-4cda-b695-cae1b893f75f:c2815]
2019-08-20 16:04:01,556 | INFO  | SCMAudit | user=jenkins1000 | ip=192.168.69.96 | op=ALLOCATE_BLOCK {owner=ea4851f9-218c-4af7-91b4-edb777a4888c, size=4194304, type=RATIS, factor=THREE} | ret=SUCCESS |  
2019-08-20 16:04:01,558 | INFO  | OMAudit | user=jenkins1000 | ip=127.0.0.1 | op=ALLOCATE_BLOCK {volume=vol-0-94146, bucket=bucket-0-90789, key=key-0-25609, dataSize=0, replicationType=null, replicationFactor=null, keyLocationInfo=null, clientID=102650152704082322} | ret=SUCCESS |  
2019-08-20 16:04:01,566 | INFO  | DNAudit | user=null | ip=null | op=WRITE_CHUNK {blockData=conID: 2 locID: 102650153635414553 bcsId: 0} | ret=SUCCESS |  
2019-08-20 16:04:01,568 | INFO  | DNAudit | user=null | ip=null | op=WRITE_CHUNK {blockData=conID: 2 locID: 102650153635414553 bcsId: 0} | ret=SUCCESS |  
2019-08-20 16:04:01,569 | INFO  | DNAudit | user=null | ip=null | op=WRITE_CHUNK {blockData=conID: 2 locID: 102650153635414553 bcsId: 0} | ret=SUCCESS |  
2019-08-20 16:04:01,569 | INFO  | DNAudit | user=null | ip=null | op=WRITE_CHUNK {blockData=conID: 2 locID: 102650153635414553 bcsId: 0} | ret=SUCCESS |  
2019-08-20 16:04:01,570 | INFO  | DNAudit | user=null | ip=null | op=WRITE_CHUNK {blockData=conID: 2 locID: 102650153635414553 bcsId: 0} | ret=SUCCESS |  
2019-08-20 16:04:01,571 | INFO  | DNAudit | user=null | ip=null | op=WRITE_CHUNK {blockData=conID: 2 locID: 102650153635414553 bcsId: 0} | ret=SUCCESS |  
2019-08-20 16:04:01,576 | INFO  | DNAudit | user=null | ip=null | op=WRITE_CHUNK {blockData=conID: 2 locID: 102650153635414553 bcsId: 0} | ret=SUCCESS |  
2019-08-20 16:04:01,576 | INFO  | DNAudit | user=null | ip=null | op=PUT_BLOCK {blockData=[blockId=conID: 2 locID: 102650153635414553 bcsId: 0,size=1048576]} | ret=SUCCESS |  
2019-08-20 16:04:01,576 [grpc-default-executor-3] INFO  client.GrpcClientProtocolClient (GrpcClientProtocolClient.java:onNext(255)) - client-EAA342753240->9a4a4c23-9ff3-4ce3-a619-2c71c0869997: receive RaftClientReply:client-EAA342753240->9a4a4c23-9ff3-4ce3-a619-2c71c0869997@group-EC4211DF0353, cid=1934, SUCCESS, logIndex=2818, commits[9a4a4c23-9ff3-4ce3-a619-2c71c0869997:c2821, 9b0072ab-15b3-4973-9bcb-7fa02f6bfea9:c2817, 9f215ef2-7d46-4cda-b695-cae1b893f75f:c2817]
2019-08-20 16:04:01,576 | INFO  | DNAudit | user=null | ip=null | op=WRITE_CHUNK {blockData=conID: 2 locID: 102650153635414553 bcsId: 0} | ret=SUCCESS |  
2019-08-20 16:04:01,577 | INFO  | DNAudit | user=null | ip=null | op=PUT_BLOCK {blockData=[blockId=conID: 2 locID: 102650153635414553 bcsId: 0,size=2097152]} | ret=SUCCESS |  
2019-08-20 16:04:01,577 [grpc-default-executor-3] INFO  client.GrpcClientProtocolClient (GrpcClientProtocolClient.java:onNext(255)) - client-EAA342753240->9a4a4c23-9ff3-4ce3-a619-2c71c0869997: receive RaftClientReply:client-EAA342753240->9a4a4c23-9ff3-4ce3-a619-2c71c0869997@group-EC4211DF0353, cid=1935, SUCCESS, logIndex=2819, commits[9a4a4c23-9ff3-4ce3-a619-2c71c0869997:c2821, 9b0072ab-15b3-4973-9bcb-7fa02f6bfea9:c2817, 9f215ef2-7d46-4cda-b695-cae1b893f75f:c2817]
2019-08-20 16:04:01,577 [grpc-default-executor-3] INFO  client.GrpcClientProtocolClient (GrpcClientProtocolClient.java:onNext(255)) - client-EAA342753240->9a4a4c23-9ff3-4ce3-a619-2c71c0869997: receive RaftClientReply:client-EAA342753240->9a4a4c23-9ff3-4ce3-a619-2c71c0869997@group-EC4211DF0353, cid=1936, SUCCESS, logIndex=2820, commits[9a4a4c23-9ff3-4ce3-a619-2c71c0869997:c2821, 9b0072ab-15b3-4973-9bcb-7fa02f6bfea9:c2817, 9f215ef2-7d46-4cda-b695-cae1b893f75f:c2817]
2019-08-20 16:04:01,577 [grpc-default-executor-3] INFO  client.GrpcClientProtocolClient (GrpcClientProtocolClient.java:onNext(255)) - client-EAA342753240->9a4a4c23-9ff3-4ce3-a619-2c71c0869997: receive RaftClientReply:client-EAA342753240->9a4a4c23-9ff3-4ce3-a619-2c71c0869997@group-EC4211DF0353, cid=1937, SUCCESS, logIndex=2821, commits[9a4a4c23-9ff3-4ce3-a619-2c71c0869997:c2821, 9b0072ab-15b3-4973-9bcb-7fa02f6bfea9:c2817, 9f215ef2-7d46-4cda-b695-cae1b893f75f:c2817]
2019-08-20 16:04:01,579 | INFO  | DNAudit | user=null | ip=null | op=WRITE_CHUNK {blockData=conID: 2 locID: 102650153635414553 bcsId: 0} | ret=SUCCESS |  
2019-08-20 16:04:01,579 | INFO  | DNAudit | user=null | ip=null | op=PUT_BLOCK {blockData=[blockId=conID: 2 locID: 102650153635414553 bcsId: 0,size=1048576]} | ret=SUCCESS |  
2019-08-20 16:04:01,590 | INFO  | DNAudit | user=null | ip=null | op=WRITE_CHUNK {blockData=conID: 2 locID: 102650153635414553 bcsId: 0} | ret=SUCCESS |  
2019-08-20 16:04:01,591 | INFO  | DNAudit | user=null | ip=null | op=PUT_BLOCK {blockData=[blockId=conID: 2 locID: 102650153635414553 bcsId: 0,size=1048576]} | ret=SUCCESS |  
2019-08-20 16:04:01,591 | INFO  | DNAudit | user=null | ip=null | op=WRITE_CHUNK {blockData=conID: 2 locID: 102650153635414553 bcsId: 0} | ret=SUCCESS |  
2019-08-20 16:04:01,591 | INFO  | DNAudit | user=null | ip=null | op=WRITE_CHUNK {blockData=conID: 2 locID: 102650153635414553 bcsId: 0} | ret=SUCCESS |  
2019-08-20 16:04:01,591 | INFO  | DNAudit | user=null | ip=null | op=PUT_BLOCK {blockData=[blockId=conID: 2 locID: 102650153635414553 bcsId: 0,size=2097152]} | ret=SUCCESS |  
2019-08-20 16:04:01,591 [grpc-default-executor-1] INFO  client.GrpcClientProtocolClient (GrpcClientProtocolClient.java:onNext(255)) - client-EAA342753240->9a4a4c23-9ff3-4ce3-a619-2c71c0869997: receive RaftClientReply:client-EAA342753240->9a4a4c23-9ff3-4ce3-a619-2c71c0869997@group-EC4211DF0353, cid=1938, SUCCESS, logIndex=0, commits[9a4a4c23-9ff3-4ce3-a619-2c71c0869997:c2822, 9b0072ab-15b3-4973-9bcb-7fa02f6bfea9:c2819, 9f215ef2-7d46-4cda-b695-cae1b893f75f:c2819]
2019-08-20 16:04:01,591 | INFO  | DNAudit | user=null | ip=null | op=PUT_BLOCK {blockData=[blockId=conID: 2 locID: 102650153635414553 bcsId: 0,size=2097152]} | ret=SUCCESS |  
2019-08-20 16:04:01,598 | INFO  | DNAudit | user=null | ip=null | op=WRITE_CHUNK {blockData=conID: 2 locID: 102650153635414553 bcsId: 2821} | ret=SUCCESS |  
2019-08-20 16:04:01,599 | INFO  | DNAudit | user=null | ip=null | op=WRITE_CHUNK {blockData=conID: 2 locID: 102650153635414553 bcsId: 2821} | ret=SUCCESS |  
2019-08-20 16:04:01,599 | INFO  | DNAudit | user=null | ip=null | op=WRITE_CHUNK {blockData=conID: 2 locID: 102650153635414553 bcsId: 2821} | ret=SUCCESS |  
2019-08-20 16:04:01,610 | INFO  | DNAudit | user=null | ip=null | op=WRITE_CHUNK {blockData=conID: 2 locID: 102650153635414553 bcsId: 2821} | ret=SUCCESS |  
2019-08-20 16:04:01,611 | INFO  | DNAudit | user=null | ip=null | op=PUT_BLOCK {blockData=[blockId=conID: 2 locID: 102650153635414553 bcsId: 0,size=3145728]} | ret=SUCCESS |  
2019-08-20 16:04:01,611 [grpc-default-executor-6] INFO  client.GrpcClientProtocolClient (GrpcClientProtocolClient.java:onNext(255)) - client-EAA342753240->9a4a4c23-9ff3-4ce3-a619-2c71c0869997: receive RaftClientReply:client-EAA342753240->9a4a4c23-9ff3-4ce3-a619-2c71c0869997@group-EC4211DF0353, cid=1939, SUCCESS, logIndex=2826, commits[9a4a4c23-9ff3-4ce3-a619-2c71c0869997:c2827, 9b0072ab-15b3-4973-9bcb-7fa02f6bfea9:c2825, 9f215ef2-7d46-4cda-b695-cae1b893f75f:c2825]
2019-08-20 16:04:01,611 [grpc-default-executor-6] INFO  client.GrpcClientProtocolClient (GrpcClientProtocolClient.java:onNext(255)) - client-EAA342753240->9a4a4c23-9ff3-4ce3-a619-2c71c0869997: receive RaftClientReply:client-EAA342753240->9a4a4c23-9ff3-4ce3-a619-2c71c0869997@group-EC4211DF0353, cid=1940, SUCCESS, logIndex=2827, commits[9a4a4c23-9ff3-4ce3-a619-2c71c0869997:c2827, 9b0072ab-15b3-4973-9bcb-7fa02f6bfea9:c2825, 9f215ef2-7d46-4cda-b695-cae1b893f75f:c2825]
2019-08-20 16:04:01,617 | INFO  | DNAudit | user=null | ip=null | op=WRITE_CHUNK {blockData=conID: 2 locID: 102650153635414553 bcsId: 2827} | ret=SUCCESS |  
2019-08-20 16:04:01,618 | INFO  | DNAudit | user=null | ip=null | op=WRITE_CHUNK {blockData=conID: 2 locID: 102650153635414553 bcsId: 2827} | ret=SUCCESS |  
2019-08-20 16:04:01,619 | INFO  | DNAudit | user=null | ip=null | op=WRITE_CHUNK {blockData=conID: 2 locID: 102650153635414553 bcsId: 2827} | ret=SUCCESS |  
2019-08-20 16:04:01,623 | INFO  | DNAudit | user=null | ip=null | op=WRITE_CHUNK {blockData=conID: 2 locID: 102650153635414553 bcsId: 2821} | ret=SUCCESS |  
2019-08-20 16:04:01,623 | INFO  | DNAudit | user=null | ip=null | op=WRITE_CHUNK {blockData=conID: 2 locID: 102650153635414553 bcsId: 2821} | ret=SUCCESS |  
2019-08-20 16:04:01,635 | INFO  | DNAudit | user=null | ip=null | op=PUT_BLOCK {blockData=[blockId=conID: 2 locID: 102650153635414553 bcsId: 0,size=3145728]} | ret=SUCCESS |  
2019-08-20 16:04:01,635 | INFO  | DNAudit | user=null | ip=null | op=PUT_BLOCK {blockData=[blockId=conID: 2 locID: 102650153635414553 bcsId: 0,size=3145728]} | ret=SUCCESS |  
2019-08-20 16:04:01,635 | INFO  | DNAudit | user=null | ip=null | op=WRITE_CHUNK {blockData=conID: 2 locID: 102650153635414553 bcsId: 2827} | ret=SUCCESS |  
2019-08-20 16:04:01,635 | INFO  | DNAudit | user=null | ip=null | op=PUT_BLOCK {blockData=[blockId=conID: 2 locID: 102650153635414553 bcsId: 0,size=4194304]} | ret=SUCCESS |  
2019-08-20 16:04:01,636 [grpc-default-executor-1] INFO  client.GrpcClientProtocolClient (GrpcClientProtocolClient.java:onNext(255)) - client-EAA342753240->9a4a4c23-9ff3-4ce3-a619-2c71c0869997: receive RaftClientReply:client-EAA342753240->9a4a4c23-9ff3-4ce3-a619-2c71c0869997@group-EC4211DF0353, cid=1941, SUCCESS, logIndex=2830, commits[9a4a4c23-9ff3-4ce3-a619-2c71c0869997:c2831, 9b0072ab-15b3-4973-9bcb-7fa02f6bfea9:c2827, 9f215ef2-7d46-4cda-b695-cae1b893f75f:c2827]
2019-08-20 16:04:01,636 [grpc-default-executor-1] INFO  client.GrpcClientProtocolClient (GrpcClientProtocolClient.java:onNext(255)) - client-EAA342753240->9a4a4c23-9ff3-4ce3-a619-2c71c0869997: receive RaftClientReply:client-EAA342753240->9a4a4c23-9ff3-4ce3-a619-2c71c0869997@group-EC4211DF0353, cid=1942, SUCCESS, logIndex=2831, commits[9a4a4c23-9ff3-4ce3-a619-2c71c0869997:c2831, 9b0072ab-15b3-4973-9bcb-7fa02f6bfea9:c2827, 9f215ef2-7d46-4cda-b695-cae1b893f75f:c2827]
2019-08-20 16:04:01,647 | INFO  | DNAudit | user=null | ip=null | op=WRITE_CHUNK {blockData=conID: 2 locID: 102650153635414553 bcsId: 2827} | ret=SUCCESS |  
2019-08-20 16:04:01,648 | INFO  | DNAudit | user=null | ip=null | op=WRITE_CHUNK {blockData=conID: 2 locID: 102650153635414553 bcsId: 2827} | ret=SUCCESS |  
2019-08-20 16:04:01,650 | INFO  | DNAudit | user=null | ip=null | op=PUT_BLOCK {blockData=[blockId=conID: 2 locID: 102650153635414553 bcsId: 0,size=4194304]} | ret=SUCCESS |  
2019-08-20 16:04:01,650 | INFO  | DNAudit | user=null | ip=null | op=PUT_BLOCK {blockData=[blockId=conID: 2 locID: 102650153635414553 bcsId: 0,size=4194304]} | ret=SUCCESS |  
2019-08-20 16:04:01,650 [grpc-default-executor-1] INFO  client.GrpcClientProtocolClient (GrpcClientProtocolClient.java:onNext(255)) - client-EAA342753240->9a4a4c23-9ff3-4ce3-a619-2c71c0869997: receive RaftClientReply:client-EAA342753240->9a4a4c23-9ff3-4ce3-a619-2c71c0869997@group-EC4211DF0353, cid=1943, SUCCESS, logIndex=0, commits[9a4a4c23-9ff3-4ce3-a619-2c71c0869997:c2833, 9b0072ab-15b3-4973-9bcb-7fa02f6bfea9:c2831, 9f215ef2-7d46-4cda-b695-cae1b893f75f:c2831]
2019-08-20 16:04:01,654 | INFO  | SCMAudit | user=jenkins1000 | ip=192.168.69.96 | op=ALLOCATE_BLOCK {owner=ea4851f9-218c-4af7-91b4-edb777a4888c, size=4194304, type=RATIS, factor=THREE} | ret=SUCCESS |  
2019-08-20 16:04:01,656 | INFO  | OMAudit | user=jenkins1000 | ip=127.0.0.1 | op=ALLOCATE_BLOCK {volume=vol-0-94146, bucket=bucket-0-90789, key=key-0-25609, dataSize=0, replicationType=null, replicationFactor=null, keyLocationInfo=null, clientID=102650152704082322} | ret=SUCCESS |  
2019-08-20 16:04:01,662 | INFO  | DNAudit | user=null | ip=null | op=WRITE_CHUNK {blockData=conID: 3 locID: 102650153641837082 bcsId: 0} | ret=SUCCESS |  
2019-08-20 16:04:01,664 | INFO  | DNAudit | user=null | ip=null | op=WRITE_CHUNK {blockData=conID: 3 locID: 102650153641837082 bcsId: 0} | ret=SUCCESS |  
2019-08-20 16:04:01,664 | INFO  | DNAudit | user=null | ip=null | op=WRITE_CHUNK {blockData=conID: 3 locID: 102650153641837082 bcsId: 0} | ret=SUCCESS |  
2019-08-20 16:04:01,665 | INFO  | DNAudit | user=null | ip=null | op=WRITE_CHUNK {blockData=conID: 3 locID: 102650153641837082 bcsId: 0} | ret=SUCCESS |  
2019-08-20 16:04:01,666 | INFO  | DNAudit | user=null | ip=null | op=WRITE_CHUNK {blockData=conID: 3 locID: 102650153641837082 bcsId: 0} | ret=SUCCESS |  
2019-08-20 16:04:01,666 | INFO  | DNAudit | user=null | ip=null | op=WRITE_CHUNK {blockData=conID: 3 locID: 102650153641837082 bcsId: 0} | ret=SUCCESS |  
2019-08-20 16:04:01,674 | INFO  | DNAudit | user=null | ip=null | op=WRITE_CHUNK {blockData=conID: 3 locID: 102650153641837082 bcsId: 0} | ret=SUCCESS |  
2019-08-20 16:04:01,674 | INFO  | DNAudit | user=null | ip=null | op=PUT_BLOCK {blockData=[blockId=conID: 3 locID: 102650153641837082 bcsId: 0,size=1048576]} | ret=SUCCESS |  
2019-08-20 16:04:01,674 | INFO  | DNAudit | user=null | ip=null | op=WRITE_CHUNK {blockData=conID: 3 locID: 102650153641837082 bcsId: 0} | ret=SUCCESS |  
2019-08-20 16:04:01,674 [grpc-default-executor-3] INFO  client.GrpcClientProtocolClient (GrpcClientProtocolClient.java:onNext(255)) - client-EAA342753240->9a4a4c23-9ff3-4ce3-a619-2c71c0869997: receive RaftClientReply:client-EAA342753240->9a4a4c23-9ff3-4ce3-a619-2c71c0869997@group-EC4211DF0353, cid=1944, SUCCESS, logIndex=2834, commits[9a4a4c23-9ff3-4ce3-a619-2c71c0869997:c2836, 9b0072ab-15b3-4973-9bcb-7fa02f6bfea9:c2833, 9f215ef2-7d46-4cda-b695-cae1b893f75f:c2833]
2019-08-20 16:04:01,674 | INFO  | DNAudit | user=null | ip=null | op=PUT_BLOCK {blockData=[blockId=conID: 3 locID: 102650153641837082 bcsId: 0,size=2097152]} | ret=SUCCESS |  
2019-08-20 16:04:01,674 [grpc-default-executor-3] INFO  client.GrpcClientProtocolClient (GrpcClientProtocolClient.java:onNext(255)) - client-EAA342753240->9a4a4c23-9ff3-4ce3-a619-2c71c0869997: receive RaftClientReply:client-EAA342753240->9a4a4c23-9ff3-4ce3-a619-2c71c0869997@group-EC4211DF0353, cid=1945, SUCCESS, logIndex=2835, commits[9a4a4c23-9ff3-4ce3-a619-2c71c0869997:c2837, 9b0072ab-15b3-4973-9bcb-7fa02f6bfea9:c2833, 9f215ef2-7d46-4cda-b695-cae1b893f75f:c2833]
2019-08-20 16:04:01,675 [grpc-default-executor-3] INFO  client.GrpcClientProtocolClient (GrpcClientProtocolClient.java:onNext(255)) - client-EAA342753240->9a4a4c23-9ff3-4ce3-a619-2c71c0869997: receive RaftClientReply:client-EAA342753240->9a4a4c23-9ff3-4ce3-a619-2c71c0869997@group-EC4211DF0353, cid=1946, SUCCESS, logIndex=2836, commits[9a4a4c23-9ff3-4ce3-a619-2c71c0869997:c2837, 9b0072ab-15b3-4973-9bcb-7fa02f6bfea9:c2833, 9f215ef2-7d46-4cda-b695-cae1b893f75f:c2833]
2019-08-20 16:04:01,675 [grpc-default-executor-3] INFO  client.GrpcClientProtocolClient (GrpcClientProtocolClient.java:onNext(255)) - client-EAA342753240->9a4a4c23-9ff3-4ce3-a619-2c71c0869997: receive RaftClientReply:client-EAA342753240->9a4a4c23-9ff3-4ce3-a619-2c71c0869997@group-EC4211DF0353, cid=1947, SUCCESS, logIndex=2837, commits[9a4a4c23-9ff3-4ce3-a619-2c71c0869997:c2837, 9b0072ab-15b3-4973-9bcb-7fa02f6bfea9:c2833, 9f215ef2-7d46-4cda-b695-cae1b893f75f:c2833]
2019-08-20 16:04:01,685 | INFO  | DNAudit | user=null | ip=null | op=WRITE_CHUNK {blockData=conID: 3 locID: 102650153641837082 bcsId: 0} | ret=SUCCESS |  
2019-08-20 16:04:01,685 | INFO  | DNAudit | user=null | ip=null | op=WRITE_CHUNK {blockData=conID: 3 locID: 102650153641837082 bcsId: 0} | ret=SUCCESS |  
2019-08-20 16:04:01,687 | INFO  | DNAudit | user=null | ip=null | op=PUT_BLOCK {blockData=[blockId=conID: 3 locID: 102650153641837082 bcsId: 0,size=1048576]} | ret=SUCCESS |  
2019-08-20 16:04:01,687 | INFO  | DNAudit | user=null | ip=null | op=PUT_BLOCK {blockData=[blockId=conID: 3 locID: 102650153641837082 bcsId: 0,size=1048576]} | ret=SUCCESS |  
2019-08-20 16:04:01,687 | INFO  | DNAudit | user=null | ip=null | op=WRITE_CHUNK {blockData=conID: 3 locID: 102650153641837082 bcsId: 0} | ret=SUCCESS |  
2019-08-20 16:04:01,687 | INFO  | DNAudit | user=null | ip=null | op=WRITE_CHUNK {blockData=conID: 3 locID: 102650153641837082 bcsId: 0} | ret=SUCCESS |  
2019-08-20 16:04:01,687 | INFO  | DNAudit | user=null | ip=null | op=PUT_BLOCK {blockData=[blockId=conID: 3 locID: 102650153641837082 bcsId: 0,size=2097152]} | ret=SUCCESS |  
2019-08-20 16:04:01,687 | INFO  | DNAudit | user=null | ip=null | op=PUT_BLOCK {blockData=[blockId=conID: 3 locID: 102650153641837082 bcsId: 0,size=2097152]} | ret=SUCCESS |  
2019-08-20 16:04:01,687 [grpc-default-executor-5] INFO  client.GrpcClientProtocolClient (GrpcClientProtocolClient.java:onNext(255)) - client-EAA342753240->9a4a4c23-9ff3-4ce3-a619-2c71c0869997: receive RaftClientReply:client-EAA342753240->9a4a4c23-9ff3-4ce3-a619-2c71c0869997@group-EC4211DF0353, cid=1948, SUCCESS, logIndex=0, commits[9a4a4c23-9ff3-4ce3-a619-2c71c0869997:c2839, 9b0072ab-15b3-4973-9bcb-7fa02f6bfea9:c2836, 9f215ef2-7d46-4cda-b695-cae1b893f75f:c2836]
2019-08-20 16:04:01,693 | INFO  | DNAudit | user=null | ip=null | op=WRITE_CHUNK {blockData=conID: 3 locID: 102650153641837082 bcsId: 2837} | ret=SUCCESS |  
2019-08-20 16:04:01,695 | INFO  | DNAudit | user=null | ip=null | op=WRITE_CHUNK {blockData=conID: 3 locID: 102650153641837082 bcsId: 2837} | ret=SUCCESS |  
2019-08-20 16:04:01,696 | INFO  | DNAudit | user=null | ip=null | op=WRITE_CHUNK {blockData=conID: 3 locID: 102650153641837082 bcsId: 2837} | ret=SUCCESS |  
2019-08-20 16:04:01,700 | INFO  | DNAudit | user=null | ip=null | op=WRITE_CHUNK {blockData=conID: 3 locID: 102650153641837082 bcsId: 2837} | ret=SUCCESS |  
2019-08-20 16:04:01,700 | INFO  | DNAudit | user=null | ip=null | op=PUT_BLOCK {blockData=[blockId=conID: 3 locID: 102650153641837082 bcsId: 0,size=3145728]} | ret=SUCCESS |  
2019-08-20 16:04:01,700 [grpc-default-executor-1] INFO  client.GrpcClientProtocolClient (GrpcClientProtocolClient.java:onNext(255)) - client-EAA342753240->9a4a4c23-9ff3-4ce3-a619-2c71c0869997: receive RaftClientReply:client-EAA342753240->9a4a4c23-9ff3-4ce3-a619-2c71c0869997@group-EC4211DF0353, cid=1949, SUCCESS, logIndex=2842, commits[9a4a4c23-9ff3-4ce3-a619-2c71c0869997:c2843, 9b0072ab-15b3-4973-9bcb-7fa02f6bfea9:c2841, 9f215ef2-7d46-4cda-b695-cae1b893f75f:c2841]
2019-08-20 16:04:01,701 [grpc-default-executor-1] INFO  client.GrpcClientProtocolClient (GrpcClientProtocolClient.java:onNext(255)) - client-EAA342753240->9a4a4c23-9ff3-4ce3-a619-2c71c0869997: receive RaftClientReply:client-EAA342753240->9a4a4c23-9ff3-4ce3-a619-2c71c0869997@group-EC4211DF0353, cid=1950, SUCCESS, logIndex=2843, commits[9a4a4c23-9ff3-4ce3-a619-2c71c0869997:c2843, 9b0072ab-15b3-4973-9bcb-7fa02f6bfea9:c2841, 9f215ef2-7d46-4cda-b695-cae1b893f75f:c2841]
2019-08-20 16:04:01,702 | INFO  | DNAudit | user=null | ip=null | op=WRITE_CHUNK {blockData=conID: 3 locID: 102650153641837082 bcsId: 2837} | ret=SUCCESS |  
2019-08-20 16:04:01,702 | INFO  | DNAudit | user=null | ip=null | op=WRITE_CHUNK {blockData=conID: 3 locID: 102650153641837082 bcsId: 2837} | ret=SUCCESS |  
2019-08-20 16:04:01,702 | INFO  | DNAudit | user=null | ip=null | op=PUT_BLOCK {blockData=[blockId=conID: 3 locID: 102650153641837082 bcsId: 0,size=3145728]} | ret=SUCCESS |  
2019-08-20 16:04:01,702 | INFO  | DNAudit | user=null | ip=null | op=PUT_BLOCK {blockData=[blockId=conID: 3 locID: 102650153641837082 bcsId: 0,size=3145728]} | ret=SUCCESS |  
2019-08-20 16:04:01,706 | INFO  | DNAudit | user=null | ip=null | op=WRITE_CHUNK {blockData=conID: 3 locID: 102650153641837082 bcsId: 2843} | ret=SUCCESS |  
2019-08-20 16:04:01,708 | INFO  | DNAudit | user=null | ip=null | op=WRITE_CHUNK {blockData=conID: 3 locID: 102650153641837082 bcsId: 2843} | ret=SUCCESS |  
2019-08-20 16:04:01,708 | INFO  | DNAudit | user=null | ip=null | op=WRITE_CHUNK {blockData=conID: 3 locID: 102650153641837082 bcsId: 2843} | ret=SUCCESS |  
2019-08-20 16:04:01,716 | INFO  | DNAudit | user=null | ip=null | op=WRITE_CHUNK {blockData=conID: 3 locID: 102650153641837082 bcsId: 2843} | ret=SUCCESS |  
2019-08-20 16:04:01,717 | INFO  | DNAudit | user=null | ip=null | op=PUT_BLOCK {blockData=[blockId=conID: 3 locID: 102650153641837082 bcsId: 0,size=4194304]} | ret=SUCCESS |  
2019-08-20 16:04:01,717 [grpc-default-executor-3] INFO  client.GrpcClientProtocolClient (GrpcClientProtocolClient.java:onNext(255)) - client-EAA342753240->9a4a4c23-9ff3-4ce3-a619-2c71c0869997: receive RaftClientReply:client-EAA342753240->9a4a4c23-9ff3-4ce3-a619-2c71c0869997@group-EC4211DF0353, cid=1951, SUCCESS, logIndex=2846, commits[9a4a4c23-9ff3-4ce3-a619-2c71c0869997:c2847, 9b0072ab-15b3-4973-9bcb-7fa02f6bfea9:c2844, 9f215ef2-7d46-4cda-b695-cae1b893f75f:c2844]
2019-08-20 16:04:01,717 [grpc-default-executor-3] INFO  client.GrpcClientProtocolClient (GrpcClientProtocolClient.java:onNext(255)) - client-EAA342753240->9a4a4c23-9ff3-4ce3-a619-2c71c0869997: receive RaftClientReply:client-EAA342753240->9a4a4c23-9ff3-4ce3-a619-2c71c0869997@group-EC4211DF0353, cid=1952, SUCCESS, logIndex=2847, commits[9a4a4c23-9ff3-4ce3-a619-2c71c0869997:c2847, 9b0072ab-15b3-4973-9bcb-7fa02f6bfea9:c2844, 9f215ef2-7d46-4cda-b695-cae1b893f75f:c2844]
2019-08-20 16:04:01,728 | INFO  | DNAudit | user=null | ip=null | op=WRITE_CHUNK {blockData=conID: 3 locID: 102650153641837082 bcsId: 2843} | ret=SUCCESS |  
2019-08-20 16:04:01,728 | INFO  | DNAudit | user=null | ip=null | op=WRITE_CHUNK {blockData=conID: 3 locID: 102650153641837082 bcsId: 2843} | ret=SUCCESS |  
2019-08-20 16:04:01,744 | INFO  | DNAudit | user=null | ip=null | op=PUT_BLOCK {blockData=[blockId=conID: 3 locID: 102650153641837082 bcsId: 0,size=4194304]} | ret=SUCCESS |  
2019-08-20 16:04:01,744 | INFO  | DNAudit | user=null | ip=null | op=PUT_BLOCK {blockData=[blockId=conID: 3 locID: 102650153641837082 bcsId: 0,size=4194304]} | ret=SUCCESS |  
2019-08-20 16:04:01,744 [grpc-default-executor-5] INFO  client.GrpcClientProtocolClient (GrpcClientProtocolClient.java:onNext(255)) - client-EAA342753240->9a4a4c23-9ff3-4ce3-a619-2c71c0869997: receive RaftClientReply:client-EAA342753240->9a4a4c23-9ff3-4ce3-a619-2c71c0869997@group-EC4211DF0353, cid=1953, SUCCESS, logIndex=0, commits[9a4a4c23-9ff3-4ce3-a619-2c71c0869997:c2849, 9b0072ab-15b3-4973-9bcb-7fa02f6bfea9:c2847, 9f215ef2-7d46-4cda-b695-cae1b893f75f:c2847]
2019-08-20 16:04:01,747 | INFO  | SCMAudit | user=jenkins1000 | ip=192.168.69.96 | op=ALLOCATE_BLOCK {owner=ea4851f9-218c-4af7-91b4-edb777a4888c, size=4194304, type=RATIS, factor=THREE} | ret=SUCCESS |  
2019-08-20 16:04:01,749 | INFO  | OMAudit | user=jenkins1000 | ip=127.0.0.1 | op=ALLOCATE_BLOCK {volume=vol-0-94146, bucket=bucket-0-90789, key=key-0-25609, dataSize=0, replicationType=null, replicationFactor=null, keyLocationInfo=null, clientID=102650152704082322} | ret=SUCCESS |  
2019-08-20 16:04:01,757 | INFO  | DNAudit | user=null | ip=null | op=WRITE_CHUNK {blockData=conID: 1 locID: 102650153647931931 bcsId: 0} | ret=SUCCESS |  
2019-08-20 16:04:01,757 | INFO  | DNAudit | user=null | ip=null | op=WRITE_CHUNK {blockData=conID: 1 locID: 102650153647931931 bcsId: 0} | ret=SUCCESS |  
2019-08-20 16:04:01,757 | INFO  | DNAudit | user=null | ip=null | op=WRITE_CHUNK {blockData=conID: 1 locID: 102650153647931931 bcsId: 0} | ret=SUCCESS |  
2019-08-20 16:04:01,758 | INFO  | DNAudit | user=null | ip=null | op=WRITE_CHUNK {blockData=conID: 1 locID: 102650153647931931 bcsId: 0} | ret=SUCCESS |  
2019-08-20 16:04:01,758 | INFO  | DNAudit | user=null | ip=null | op=WRITE_CHUNK {blockData=conID: 1 locID: 102650153647931931 bcsId: 0} | ret=SUCCESS |  
2019-08-20 16:04:01,758 | INFO  | DNAudit | user=null | ip=null | op=WRITE_CHUNK {blockData=conID: 1 locID: 102650153647931931 bcsId: 0} | ret=SUCCESS |  
2019-08-20 16:04:01,769 | INFO  | DNAudit | user=null | ip=null | op=WRITE_CHUNK {blockData=conID: 1 locID: 102650153647931931 bcsId: 0} | ret=SUCCESS |  
2019-08-20 16:04:01,770 | INFO  | DNAudit | user=null | ip=null | op=PUT_BLOCK {blockData=[blockId=conID: 1 locID: 102650153647931931 bcsId: 0,size=1048576]} | ret=SUCCESS |  
2019-08-20 16:04:01,770 [grpc-default-executor-1] INFO  client.GrpcClientProtocolClient (GrpcClientProtocolClient.java:onNext(255)) - client-EAA342753240->9a4a4c23-9ff3-4ce3-a619-2c71c0869997: receive RaftClientReply:client-EAA342753240->9a4a4c23-9ff3-4ce3-a619-2c71c0869997@group-EC4211DF0353, cid=1954, SUCCESS, logIndex=2850, commits[9a4a4c23-9ff3-4ce3-a619-2c71c0869997:c2852, 9b0072ab-15b3-4973-9bcb-7fa02f6bfea9:c2849, 9f215ef2-7d46-4cda-b695-cae1b893f75f:c2849]
2019-08-20 16:04:01,770 | INFO  | DNAudit | user=null | ip=null | op=WRITE_CHUNK {blockData=conID: 1 locID: 102650153647931931 bcsId: 0} | ret=SUCCESS |  
2019-08-20 16:04:01,770 | INFO  | DNAudit | user=null | ip=null | op=PUT_BLOCK {blockData=[blockId=conID: 1 locID: 102650153647931931 bcsId: 0,size=2097152]} | ret=SUCCESS |  
2019-08-20 16:04:01,770 [grpc-default-executor-1] INFO  client.GrpcClientProtocolClient (GrpcClientProtocolClient.java:onNext(255)) - client-EAA342753240->9a4a4c23-9ff3-4ce3-a619-2c71c0869997: receive RaftClientReply:client-EAA342753240->9a4a4c23-9ff3-4ce3-a619-2c71c0869997@group-EC4211DF0353, cid=1955, SUCCESS, logIndex=2851, commits[9a4a4c23-9ff3-4ce3-a619-2c71c0869997:c2853, 9b0072ab-15b3-4973-9bcb-7fa02f6bfea9:c2849, 9f215ef2-7d46-4cda-b695-cae1b893f75f:c2849]
2019-08-20 16:04:01,771 [grpc-default-executor-1] INFO  client.GrpcClientProtocolClient (GrpcClientProtocolClient.java:onNext(255)) - client-EAA342753240->9a4a4c23-9ff3-4ce3-a619-2c71c0869997: receive RaftClientReply:client-EAA342753240->9a4a4c23-9ff3-4ce3-a619-2c71c0869997@group-EC4211DF0353, cid=1956, SUCCESS, logIndex=2852, commits[9a4a4c23-9ff3-4ce3-a619-2c71c0869997:c2853, 9b0072ab-15b3-4973-9bcb-7fa02f6bfea9:c2849, 9f215ef2-7d46-4cda-b695-cae1b893f75f:c2849]
2019-08-20 16:04:01,771 [grpc-default-executor-1] INFO  client.GrpcClientProtocolClient (GrpcClientProtocolClient.java:onNext(255)) - client-EAA342753240->9a4a4c23-9ff3-4ce3-a619-2c71c0869997: receive RaftClientReply:client-EAA342753240->9a4a4c23-9ff3-4ce3-a619-2c71c0869997@group-EC4211DF0353, cid=1957, SUCCESS, logIndex=2853, commits[9a4a4c23-9ff3-4ce3-a619-2c71c0869997:c2853, 9b0072ab-15b3-4973-9bcb-7fa02f6bfea9:c2849, 9f215ef2-7d46-4cda-b695-cae1b893f75f:c2849]
2019-08-20 16:04:01,781 | INFO  | DNAudit | user=null | ip=null | op=WRITE_CHUNK {blockData=conID: 1 locID: 102650153647931931 bcsId: 0} | ret=SUCCESS |  
2019-08-20 16:04:01,781 | INFO  | DNAudit | user=null | ip=null | op=WRITE_CHUNK {blockData=conID: 1 locID: 102650153647931931 bcsId: 0} | ret=SUCCESS |  
2019-08-20 16:04:01,784 | INFO  | DNAudit | user=null | ip=null | op=PUT_BLOCK {blockData=[blockId=conID: 1 locID: 102650153647931931 bcsId: 0,size=1048576]} | ret=SUCCESS |  
2019-08-20 16:04:01,784 | INFO  | DNAudit | user=null | ip=null | op=PUT_BLOCK {blockData=[blockId=conID: 1 locID: 102650153647931931 bcsId: 0,size=1048576]} | ret=SUCCESS |  
2019-08-20 16:04:01,784 | INFO  | DNAudit | user=null | ip=null | op=WRITE_CHUNK {blockData=conID: 1 locID: 102650153647931931 bcsId: 0} | ret=SUCCESS |  
2019-08-20 16:04:01,784 | INFO  | DNAudit | user=null | ip=null | op=WRITE_CHUNK {blockData=conID: 1 locID: 102650153647931931 bcsId: 0} | ret=SUCCESS |  
2019-08-20 16:04:01,784 | INFO  | DNAudit | user=null | ip=null | op=PUT_BLOCK {blockData=[blockId=conID: 1 locID: 102650153647931931 bcsId: 0,size=2097152]} | ret=SUCCESS |  
2019-08-20 16:04:01,784 | INFO  | DNAudit | user=null | ip=null | op=PUT_BLOCK {blockData=[blockId=conID: 1 locID: 102650153647931931 bcsId: 0,size=2097152]} | ret=SUCCESS |  
2019-08-20 16:04:01,784 [grpc-default-executor-6] INFO  client.GrpcClientProtocolClient (GrpcClientProtocolClient.java:onNext(255)) - client-EAA342753240->9a4a4c23-9ff3-4ce3-a619-2c71c0869997: receive RaftClientReply:client-EAA342753240->9a4a4c23-9ff3-4ce3-a619-2c71c0869997@group-EC4211DF0353, cid=1958, SUCCESS, logIndex=0, commits[9a4a4c23-9ff3-4ce3-a619-2c71c0869997:c2855, 9b0072ab-15b3-4973-9bcb-7fa02f6bfea9:c2851, 9f215ef2-7d46-4cda-b695-cae1b893f75f:c2851]
2019-08-20 16:04:01,789 | INFO  | DNAudit | user=null | ip=null | op=WRITE_CHUNK {blockData=conID: 1 locID: 102650153647931931 bcsId: 2853} | ret=SUCCESS |  
2019-08-20 16:04:01,792 | INFO  | DNAudit | user=null | ip=null | op=WRITE_CHUNK {blockData=conID: 1 locID: 102650153647931931 bcsId: 2853} | ret=SUCCESS |  
2019-08-20 16:04:01,792 | INFO  | DNAudit | user=null | ip=null | op=WRITE_CHUNK {blockData=conID: 1 locID: 102650153647931931 bcsId: 2853} | ret=SUCCESS |  
2019-08-20 16:04:01,794 | INFO  | DNAudit | user=null | ip=null | op=WRITE_CHUNK {blockData=conID: 1 locID: 102650153647931931 bcsId: 2853} | ret=SUCCESS |  
2019-08-20 16:04:01,794 | INFO  | DNAudit | user=null | ip=null | op=PUT_BLOCK {blockData=[blockId=conID: 1 locID: 102650153647931931 bcsId: 0,size=3145728]} | ret=SUCCESS |  
2019-08-20 16:04:01,794 [grpc-default-executor-1] INFO  client.GrpcClientProtocolClient (GrpcClientProtocolClient.java:onNext(255)) - client-EAA342753240->9a4a4c23-9ff3-4ce3-a619-2c71c0869997: receive RaftClientReply:client-EAA342753240->9a4a4c23-9ff3-4ce3-a619-2c71c0869997@group-EC4211DF0353, cid=1959, SUCCESS, logIndex=2858, commits[9a4a4c23-9ff3-4ce3-a619-2c71c0869997:c2859, 9b0072ab-15b3-4973-9bcb-7fa02f6bfea9:c2857, 9f215ef2-7d46-4cda-b695-cae1b893f75f:c2857]
2019-08-20 16:04:01,795 [grpc-default-executor-1] INFO  client.GrpcClientProtocolClient (GrpcClientProtocolClient.java:onNext(255)) - client-EAA342753240->9a4a4c23-9ff3-4ce3-a619-2c71c0869997: receive RaftClientReply:client-EAA342753240->9a4a4c23-9ff3-4ce3-a619-2c71c0869997@group-EC4211DF0353, cid=1960, SUCCESS, logIndex=2859, commits[9a4a4c23-9ff3-4ce3-a619-2c71c0869997:c2859, 9b0072ab-15b3-4973-9bcb-7fa02f6bfea9:c2857, 9f215ef2-7d46-4cda-b695-cae1b893f75f:c2857]
2019-08-20 16:04:01,796 | INFO  | DNAudit | user=null | ip=null | op=WRITE_CHUNK {blockData=conID: 1 locID: 102650153647931931 bcsId: 2853} | ret=SUCCESS |  
2019-08-20 16:04:01,796 | INFO  | DNAudit | user=null | ip=null | op=WRITE_CHUNK {blockData=conID: 1 locID: 102650153647931931 bcsId: 2853} | ret=SUCCESS |  
2019-08-20 16:04:01,796 | INFO  | DNAudit | user=null | ip=null | op=PUT_BLOCK {blockData=[blockId=conID: 1 locID: 102650153647931931 bcsId: 0,size=3145728]} | ret=SUCCESS |  
2019-08-20 16:04:01,796 | INFO  | DNAudit | user=null | ip=null | op=PUT_BLOCK {blockData=[blockId=conID: 1 locID: 102650153647931931 bcsId: 0,size=3145728]} | ret=SUCCESS |  
2019-08-20 16:04:01,800 | INFO  | DNAudit | user=null | ip=null | op=WRITE_CHUNK {blockData=conID: 1 locID: 102650153647931931 bcsId: 2859} | ret=SUCCESS |  
2019-08-20 16:04:01,802 | INFO  | DNAudit | user=null | ip=null | op=WRITE_CHUNK {blockData=conID: 1 locID: 102650153647931931 bcsId: 2859} | ret=SUCCESS |  
2019-08-20 16:04:01,804 | INFO  | DNAudit | user=null | ip=null | op=WRITE_CHUNK {blockData=conID: 1 locID: 102650153647931931 bcsId: 2859} | ret=SUCCESS |  
2019-08-20 16:04:01,811 | INFO  | DNAudit | user=null | ip=null | op=WRITE_CHUNK {blockData=conID: 1 locID: 102650153647931931 bcsId: 2859} | ret=SUCCESS |  
2019-08-20 16:04:01,812 | INFO  | DNAudit | user=null | ip=null | op=PUT_BLOCK {blockData=[blockId=conID: 1 locID: 102650153647931931 bcsId: 0,size=4194304]} | ret=SUCCESS |  
2019-08-20 16:04:01,812 [grpc-default-executor-6] INFO  client.GrpcClientProtocolClient (GrpcClientProtocolClient.java:onNext(255)) - client-EAA342753240->9a4a4c23-9ff3-4ce3-a619-2c71c0869997: receive RaftClientReply:client-EAA342753240->9a4a4c23-9ff3-4ce3-a619-2c71c0869997@group-EC4211DF0353, cid=1961, SUCCESS, logIndex=2862, commits[9a4a4c23-9ff3-4ce3-a619-2c71c0869997:c2862, 9b0072ab-15b3-4973-9bcb-7fa02f6bfea9:c2861, 9f215ef2-7d46-4cda-b695-cae1b893f75f:c2861]
2019-08-20 16:04:01,812 [grpc-default-executor-6] INFO  client.GrpcClientProtocolClient (GrpcClientProtocolClient.java:onNext(255)) - client-EAA342753240->9a4a4c23-9ff3-4ce3-a619-2c71c0869997: receive RaftClientReply:client-EAA342753240->9a4a4c23-9ff3-4ce3-a619-2c71c0869997@group-EC4211DF0353, cid=1962, SUCCESS, logIndex=2863, commits[9a4a4c23-9ff3-4ce3-a619-2c71c0869997:c2863, 9b0072ab-15b3-4973-9bcb-7fa02f6bfea9:c2861, 9f215ef2-7d46-4cda-b695-cae1b893f75f:c2861]
2019-08-20 16:04:01,824 | INFO  | DNAudit | user=null | ip=null | op=WRITE_CHUNK {blockData=conID: 1 locID: 102650153647931931 bcsId: 2859} | ret=SUCCESS |  
2019-08-20 16:04:01,824 | INFO  | DNAudit | user=null | ip=null | op=WRITE_CHUNK {blockData=conID: 1 locID: 102650153647931931 bcsId: 2859} | ret=SUCCESS |  
2019-08-20 16:04:01,825 | INFO  | DNAudit | user=null | ip=null | op=PUT_BLOCK {blockData=[blockId=conID: 1 locID: 102650153647931931 bcsId: 0,size=4194304]} | ret=SUCCESS |  
2019-08-20 16:04:01,825 | INFO  | DNAudit | user=null | ip=null | op=PUT_BLOCK {blockData=[blockId=conID: 1 locID: 102650153647931931 bcsId: 0,size=4194304]} | ret=SUCCESS |  
2019-08-20 16:04:01,825 [grpc-default-executor-6] INFO  client.GrpcClientProtocolClient (GrpcClientProtocolClient.java:onNext(255)) - client-EAA342753240->9a4a4c23-9ff3-4ce3-a619-2c71c0869997: receive RaftClientReply:client-EAA342753240->9a4a4c23-9ff3-4ce3-a619-2c71c0869997@group-EC4211DF0353, cid=1963, SUCCESS, logIndex=0, commits[9a4a4c23-9ff3-4ce3-a619-2c71c0869997:c2865, 9b0072ab-15b3-4973-9bcb-7fa02f6bfea9:c2863, 9f215ef2-7d46-4cda-b695-cae1b893f75f:c2863]
2019-08-20 16:04:01,829 | INFO  | SCMAudit | user=jenkins1000 | ip=192.168.69.96 | op=ALLOCATE_BLOCK {owner=ea4851f9-218c-4af7-91b4-edb777a4888c, size=4194304, type=RATIS, factor=THREE} | ret=SUCCESS |  
2019-08-20 16:04:01,831 | INFO  | OMAudit | user=jenkins1000 | ip=127.0.0.1 | op=ALLOCATE_BLOCK {volume=vol-0-94146, bucket=bucket-0-90789, key=key-0-25609, dataSize=0, replicationType=null, replicationFactor=null, keyLocationInfo=null, clientID=102650152704082322} | ret=SUCCESS |  
2019-08-20 16:04:01,837 | INFO  | DNAudit | user=null | ip=null | op=WRITE_CHUNK {blockData=conID: 2 locID: 102650153653240348 bcsId: 0} | ret=SUCCESS |  
2019-08-20 16:04:01,839 | INFO  | DNAudit | user=null | ip=null | op=WRITE_CHUNK {blockData=conID: 2 locID: 102650153653240348 bcsId: 0} | ret=SUCCESS |  
2019-08-20 16:04:01,839 | INFO  | DNAudit | user=null | ip=null | op=WRITE_CHUNK {blockData=conID: 2 locID: 102650153653240348 bcsId: 0} | ret=SUCCESS |  
2019-08-20 16:04:01,840 | INFO  | DNAudit | user=null | ip=null | op=WRITE_CHUNK {blockData=conID: 2 locID: 102650153653240348 bcsId: 0} | ret=SUCCESS |  
2019-08-20 16:04:01,843 | INFO  | DNAudit | user=null | ip=null | op=WRITE_CHUNK {blockData=conID: 2 locID: 102650153653240348 bcsId: 0} | ret=SUCCESS |  
2019-08-20 16:04:01,844 | INFO  | DNAudit | user=null | ip=null | op=WRITE_CHUNK {blockData=conID: 2 locID: 102650153653240348 bcsId: 0} | ret=SUCCESS |  
2019-08-20 16:04:01,850 | INFO  | DNAudit | user=null | ip=null | op=WRITE_CHUNK {blockData=conID: 2 locID: 102650153653240348 bcsId: 0} | ret=SUCCESS |  
2019-08-20 16:04:01,851 | INFO  | DNAudit | user=null | ip=null | op=PUT_BLOCK {blockData=[blockId=conID: 2 locID: 102650153653240348 bcsId: 0,size=1048576]} | ret=SUCCESS |  
2019-08-20 16:04:01,851 [grpc-default-executor-3] INFO  client.GrpcClientProtocolClient (GrpcClientProtocolClient.java:onNext(255)) - client-EAA342753240->9a4a4c23-9ff3-4ce3-a619-2c71c0869997: receive RaftClientReply:client-EAA342753240->9a4a4c23-9ff3-4ce3-a619-2c71c0869997@group-EC4211DF0353, cid=1964, SUCCESS, logIndex=2866, commits[9a4a4c23-9ff3-4ce3-a619-2c71c0869997:c2867, 9b0072ab-15b3-4973-9bcb-7fa02f6bfea9:c2865, 9f215ef2-7d46-4cda-b695-cae1b893f75f:c2865]
2019-08-20 16:04:01,851 | INFO  | DNAudit | user=null | ip=null | op=WRITE_CHUNK {blockData=conID: 2 locID: 102650153653240348 bcsId: 0} | ret=SUCCESS |  
2019-08-20 16:04:01,851 [grpc-default-executor-3] INFO  client.GrpcClientProtocolClient (GrpcClientProtocolClient.java:onNext(255)) - client-EAA342753240->9a4a4c23-9ff3-4ce3-a619-2c71c0869997: receive RaftClientReply:client-EAA342753240->9a4a4c23-9ff3-4ce3-a619-2c71c0869997@group-EC4211DF0353, cid=1965, SUCCESS, logIndex=2867, commits[9a4a4c23-9ff3-4ce3-a619-2c71c0869997:c2869, 9b0072ab-15b3-4973-9bcb-7fa02f6bfea9:c2865, 9f215ef2-7d46-4cda-b695-cae1b893f75f:c2865]
2019-08-20 16:04:01,852 | INFO  | DNAudit | user=null | ip=null | op=PUT_BLOCK {blockData=[blockId=conID: 2 locID: 102650153653240348 bcsId: 0,size=2097152]} | ret=SUCCESS |  
2019-08-20 16:04:01,852 [grpc-default-executor-3] INFO  client.GrpcClientProtocolClient (GrpcClientProtocolClient.java:onNext(255)) - client-EAA342753240->9a4a4c23-9ff3-4ce3-a619-2c71c0869997: receive RaftClientReply:client-EAA342753240->9a4a4c23-9ff3-4ce3-a619-2c71c0869997@group-EC4211DF0353, cid=1966, SUCCESS, logIndex=2868, commits[9a4a4c23-9ff3-4ce3-a619-2c71c0869997:c2869, 9b0072ab-15b3-4973-9bcb-7fa02f6bfea9:c2865, 9f215ef2-7d46-4cda-b695-cae1b893f75f:c2865]
2019-08-20 16:04:01,852 [grpc-default-executor-3] INFO  client.GrpcClientProtocolClient (GrpcClientProtocolClient.java:onNext(255)) - client-EAA342753240->9a4a4c23-9ff3-4ce3-a619-2c71c0869997: receive RaftClientReply:client-EAA342753240->9a4a4c23-9ff3-4ce3-a619-2c71c0869997@group-EC4211DF0353, cid=1967, SUCCESS, logIndex=2869, commits[9a4a4c23-9ff3-4ce3-a619-2c71c0869997:c2869, 9b0072ab-15b3-4973-9bcb-7fa02f6bfea9:c2865, 9f215ef2-7d46-4cda-b695-cae1b893f75f:c2865]
2019-08-20 16:04:01,853 | INFO  | DNAudit | user=null | ip=null | op=WRITE_CHUNK {blockData=conID: 2 locID: 102650153653240348 bcsId: 0} | ret=SUCCESS |  
2019-08-20 16:04:01,853 | INFO  | DNAudit | user=null | ip=null | op=PUT_BLOCK {blockData=[blockId=conID: 2 locID: 102650153653240348 bcsId: 0,size=1048576]} | ret=SUCCESS |  
2019-08-20 16:04:01,864 | INFO  | DNAudit | user=null | ip=null | op=WRITE_CHUNK {blockData=conID: 2 locID: 102650153653240348 bcsId: 0} | ret=SUCCESS |  
2019-08-20 16:04:01,865 | INFO  | DNAudit | user=null | ip=null | op=PUT_BLOCK {blockData=[blockId=conID: 2 locID: 102650153653240348 bcsId: 0,size=1048576]} | ret=SUCCESS |  
2019-08-20 16:04:01,865 | INFO  | DNAudit | user=null | ip=null | op=WRITE_CHUNK {blockData=conID: 2 locID: 102650153653240348 bcsId: 0} | ret=SUCCESS |  
2019-08-20 16:04:01,865 | INFO  | DNAudit | user=null | ip=null | op=PUT_BLOCK {blockData=[blockId=conID: 2 locID: 102650153653240348 bcsId: 0,size=2097152]} | ret=SUCCESS |  
2019-08-20 16:04:01,865 [grpc-default-executor-3] INFO  client.GrpcClientProtocolClient (GrpcClientProtocolClient.java:onNext(255)) - client-EAA342753240->9a4a4c23-9ff3-4ce3-a619-2c71c0869997: receive RaftClientReply:client-EAA342753240->9a4a4c23-9ff3-4ce3-a619-2c71c0869997@group-EC4211DF0353, cid=1968, SUCCESS, logIndex=0, commits[9a4a4c23-9ff3-4ce3-a619-2c71c0869997:c2870, 9b0072ab-15b3-4973-9bcb-7fa02f6bfea9:c2867, 9f215ef2-7d46-4cda-b695-cae1b893f75f:c2867]
2019-08-20 16:04:01,865 | INFO  | DNAudit | user=null | ip=null | op=WRITE_CHUNK {blockData=conID: 2 locID: 102650153653240348 bcsId: 0} | ret=SUCCESS |  
2019-08-20 16:04:01,866 | INFO  | DNAudit | user=null | ip=null | op=PUT_BLOCK {blockData=[blockId=conID: 2 locID: 102650153653240348 bcsId: 0,size=2097152]} | ret=SUCCESS |  
2019-08-20 16:04:01,870 | INFO  | DNAudit | user=null | ip=null | op=WRITE_CHUNK {blockData=conID: 2 locID: 102650153653240348 bcsId: 2869} | ret=SUCCESS |  
2019-08-20 16:04:01,872 | INFO  | DNAudit | user=null | ip=null | op=WRITE_CHUNK {blockData=conID: 2 locID: 102650153653240348 bcsId: 2869} | ret=SUCCESS |  
2019-08-20 16:04:01,872 | INFO  | DNAudit | user=null | ip=null | op=WRITE_CHUNK {blockData=conID: 2 locID: 102650153653240348 bcsId: 2869} | ret=SUCCESS |  
2019-08-20 16:04:01,882 | INFO  | DNAudit | user=null | ip=null | op=WRITE_CHUNK {blockData=conID: 2 locID: 102650153653240348 bcsId: 2869} | ret=SUCCESS |  
2019-08-20 16:04:01,882 | INFO  | DNAudit | user=null | ip=null | op=PUT_BLOCK {blockData=[blockId=conID: 2 locID: 102650153653240348 bcsId: 0,size=3145728]} | ret=SUCCESS |  
2019-08-20 16:04:01,882 [grpc-default-executor-1] INFO  client.GrpcClientProtocolClient (GrpcClientProtocolClient.java:onNext(255)) - client-EAA342753240->9a4a4c23-9ff3-4ce3-a619-2c71c0869997: receive RaftClientReply:client-EAA342753240->9a4a4c23-9ff3-4ce3-a619-2c71c0869997@group-EC4211DF0353, cid=1969, SUCCESS, logIndex=2873, commits[9a4a4c23-9ff3-4ce3-a619-2c71c0869997:c2874, 9b0072ab-15b3-4973-9bcb-7fa02f6bfea9:c2872, 9f215ef2-7d46-4cda-b695-cae1b893f75f:c2872]
2019-08-20 16:04:01,882 [grpc-default-executor-1] INFO  client.GrpcClientProtocolClient (GrpcClientProtocolClient.java:onNext(255)) - client-EAA342753240->9a4a4c23-9ff3-4ce3-a619-2c71c0869997: receive RaftClientReply:client-EAA342753240->9a4a4c23-9ff3-4ce3-a619-2c71c0869997@group-EC4211DF0353, cid=1970, SUCCESS, logIndex=2874, commits[9a4a4c23-9ff3-4ce3-a619-2c71c0869997:c2874, 9b0072ab-15b3-4973-9bcb-7fa02f6bfea9:c2872, 9f215ef2-7d46-4cda-b695-cae1b893f75f:c2872]
2019-08-20 16:04:01,883 | INFO  | DNAudit | user=null | ip=null | op=WRITE_CHUNK {blockData=conID: 2 locID: 102650153653240348 bcsId: 2869} | ret=SUCCESS |  
2019-08-20 16:04:01,883 | INFO  | DNAudit | user=null | ip=null | op=WRITE_CHUNK {blockData=conID: 2 locID: 102650153653240348 bcsId: 2869} | ret=SUCCESS |  
2019-08-20 16:04:01,888 | INFO  | DNAudit | user=null | ip=null | op=WRITE_CHUNK {blockData=conID: 2 locID: 102650153653240348 bcsId: 2874} | ret=SUCCESS |  
2019-08-20 16:04:01,889 | INFO  | DNAudit | user=null | ip=null | op=WRITE_CHUNK {blockData=conID: 2 locID: 102650153653240348 bcsId: 2874} | ret=SUCCESS |  
2019-08-20 16:04:01,890 | INFO  | DNAudit | user=null | ip=null | op=WRITE_CHUNK {blockData=conID: 2 locID: 102650153653240348 bcsId: 2874} | ret=SUCCESS |  
2019-08-20 16:04:01,896 | INFO  | DNAudit | user=null | ip=null | op=PUT_BLOCK {blockData=[blockId=conID: 2 locID: 102650153653240348 bcsId: 0,size=3145728]} | ret=SUCCESS |  
2019-08-20 16:04:01,897 | INFO  | DNAudit | user=null | ip=null | op=PUT_BLOCK {blockData=[blockId=conID: 2 locID: 102650153653240348 bcsId: 0,size=3145728]} | ret=SUCCESS |  
2019-08-20 16:04:01,899 | INFO  | DNAudit | user=null | ip=null | op=WRITE_CHUNK {blockData=conID: 2 locID: 102650153653240348 bcsId: 2874} | ret=SUCCESS |  
2019-08-20 16:04:01,900 | INFO  | SCMAudit | user=jenkins1000 | ip=192.168.69.96 | op=SEND_HEARTBEAT {datanodeUUID=9b0072ab-15b3-4973-9bcb-7fa02f6bfea9, command=[]} | ret=SUCCESS |  
2019-08-20 16:04:01,900 | INFO  | DNAudit | user=null | ip=null | op=PUT_BLOCK {blockData=[blockId=conID: 2 locID: 102650153653240348 bcsId: 0,size=4194304]} | ret=SUCCESS |  
2019-08-20 16:04:01,900 [grpc-default-executor-1] INFO  client.GrpcClientProtocolClient (GrpcClientProtocolClient.java:onNext(255)) - client-EAA342753240->9a4a4c23-9ff3-4ce3-a619-2c71c0869997: receive RaftClientReply:client-EAA342753240->9a4a4c23-9ff3-4ce3-a619-2c71c0869997@group-EC4211DF0353, cid=1971, SUCCESS, logIndex=2877, commits[9a4a4c23-9ff3-4ce3-a619-2c71c0869997:c2878, 9b0072ab-15b3-4973-9bcb-7fa02f6bfea9:c2875, 9f215ef2-7d46-4cda-b695-cae1b893f75f:c2875]
2019-08-20 16:04:01,900 | INFO  | SCMAudit | user=jenkins1000 | ip=192.168.69.96 | op=SEND_HEARTBEAT {datanodeUUID=9f215ef2-7d46-4cda-b695-cae1b893f75f, command=[]} | ret=SUCCESS |  
2019-08-20 16:04:01,900 [grpc-default-executor-1] INFO  client.GrpcClientProtocolClient (GrpcClientProtocolClient.java:onNext(255)) - client-EAA342753240->9a4a4c23-9ff3-4ce3-a619-2c71c0869997: receive RaftClientReply:client-EAA342753240->9a4a4c23-9ff3-4ce3-a619-2c71c0869997@group-EC4211DF0353, cid=1972, SUCCESS, logIndex=2878, commits[9a4a4c23-9ff3-4ce3-a619-2c71c0869997:c2878, 9b0072ab-15b3-4973-9bcb-7fa02f6bfea9:c2875, 9f215ef2-7d46-4cda-b695-cae1b893f75f:c2875]
2019-08-20 16:04:01,900 | INFO  | SCMAudit | user=jenkins1000 | ip=192.168.69.96 | op=SEND_HEARTBEAT {datanodeUUID=9a4a4c23-9ff3-4ce3-a619-2c71c0869997, command=[]} | ret=SUCCESS |  
 0.00% |█                                                                                                    |  0/1 Time: 0:00:142019-08-20 16:04:01,901 | INFO  | SCMAudit | user=jenkins1000 | ip=192.168.69.96 | op=SEND_HEARTBEAT {datanodeUUID=f1afe498-2778-451e-a3e4-8199ec337a15, command=[]} | ret=SUCCESS |  
2019-08-20 16:04:01,901 | INFO  | SCMAudit | user=jenkins1000 | ip=192.168.69.96 | op=SEND_HEARTBEAT {datanodeUUID=69f203df-fb09-400b-ac11-cd7a56dd70a5, command=[]} | ret=SUCCESS |  
2019-08-20 16:04:01,911 | INFO  | DNAudit | user=null | ip=null | op=WRITE_CHUNK {blockData=conID: 2 locID: 102650153653240348 bcsId: 2874} | ret=SUCCESS |  
2019-08-20 16:04:01,911 | INFO  | DNAudit | user=null | ip=null | op=WRITE_CHUNK {blockData=conID: 2 locID: 102650153653240348 bcsId: 2874} | ret=SUCCESS |  
2019-08-20 16:04:01,913 | INFO  | DNAudit | user=null | ip=null | op=PUT_BLOCK {blockData=[blockId=conID: 2 locID: 102650153653240348 bcsId: 0,size=4194304]} | ret=SUCCESS |  
2019-08-20 16:04:01,913 | INFO  | DNAudit | user=null | ip=null | op=PUT_BLOCK {blockData=[blockId=conID: 2 locID: 102650153653240348 bcsId: 0,size=4194304]} | ret=SUCCESS |  
2019-08-20 16:04:01,914 [grpc-default-executor-3] INFO  client.GrpcClientProtocolClient (GrpcClientProtocolClient.java:onNext(255)) - client-EAA342753240->9a4a4c23-9ff3-4ce3-a619-2c71c0869997: receive RaftClientReply:client-EAA342753240->9a4a4c23-9ff3-4ce3-a619-2c71c0869997@group-EC4211DF0353, cid=1973, SUCCESS, logIndex=0, commits[9a4a4c23-9ff3-4ce3-a619-2c71c0869997:c2880, 9b0072ab-15b3-4973-9bcb-7fa02f6bfea9:c2878, 9f215ef2-7d46-4cda-b695-cae1b893f75f:c2878]
2019-08-20 16:04:01,917 | INFO  | SCMAudit | user=jenkins1000 | ip=192.168.69.96 | op=ALLOCATE_BLOCK {owner=ea4851f9-218c-4af7-91b4-edb777a4888c, size=4194304, type=RATIS, factor=THREE} | ret=SUCCESS |  
2019-08-20 16:04:01,919 | INFO  | OMAudit | user=jenkins1000 | ip=127.0.0.1 | op=ALLOCATE_BLOCK {volume=vol-0-94146, bucket=bucket-0-90789, key=key-0-25609, dataSize=0, replicationType=null, replicationFactor=null, keyLocationInfo=null, clientID=102650152704082322} | ret=SUCCESS |  
2019-08-20 16:04:01,924 | INFO  | DNAudit | user=null | ip=null | op=WRITE_CHUNK {blockData=conID: 3 locID: 102650153659073053 bcsId: 0} | ret=SUCCESS |  
2019-08-20 16:04:01,997 | INFO  | DNAudit | user=null | ip=null | op=WRITE_CHUNK {blockData=conID: 3 locID: 102650153659073053 bcsId: 0} | ret=SUCCESS |  
2019-08-20 16:04:01,997 | INFO  | DNAudit | user=null | ip=null | op=WRITE_CHUNK {blockData=conID: 3 locID: 102650153659073053 bcsId: 0} | ret=SUCCESS |  
2019-08-20 16:04:01,998 | INFO  | DNAudit | user=null | ip=null | op=WRITE_CHUNK {blockData=conID: 3 locID: 102650153659073053 bcsId: 0} | ret=SUCCESS |  
2019-08-20 16:04:01,999 | INFO  | DNAudit | user=null | ip=null | op=WRITE_CHUNK {blockData=conID: 3 locID: 102650153659073053 bcsId: 0} | ret=SUCCESS |  
2019-08-20 16:04:02,003 | INFO  | DNAudit | user=null | ip=null | op=WRITE_CHUNK {blockData=conID: 3 locID: 102650153659073053 bcsId: 0} | ret=SUCCESS |  
2019-08-20 16:04:02,012 | INFO  | DNAudit | user=null | ip=null | op=WRITE_CHUNK {blockData=conID: 3 locID: 102650153659073053 bcsId: 0} | ret=SUCCESS |  
2019-08-20 16:04:02,013 | INFO  | DNAudit | user=null | ip=null | op=PUT_BLOCK {blockData=[blockId=conID: 3 locID: 102650153659073053 bcsId: 0,size=1048576]} | ret=SUCCESS |  
2019-08-20 16:04:02,013 [grpc-default-executor-1] INFO  client.GrpcClientProtocolClient (GrpcClientProtocolClient.java:onNext(255)) - client-EAA342753240->9a4a4c23-9ff3-4ce3-a619-2c71c0869997: receive RaftClientReply:client-EAA342753240->9a4a4c23-9ff3-4ce3-a619-2c71c0869997@group-EC4211DF0353, cid=1974, SUCCESS, logIndex=2881, commits[9a4a4c23-9ff3-4ce3-a619-2c71c0869997:c2884, 9b0072ab-15b3-4973-9bcb-7fa02f6bfea9:c2880, 9f215ef2-7d46-4cda-b695-cae1b893f75f:c2880]
2019-08-20 16:04:02,013 | INFO  | DNAudit | user=null | ip=null | op=WRITE_CHUNK {blockData=conID: 3 locID: 102650153659073053 bcsId: 0} | ret=SUCCESS |  
2019-08-20 16:04:02,013 [grpc-default-executor-1] INFO  client.GrpcClientProtocolClient (GrpcClientProtocolClient.java:onNext(255)) - client-EAA342753240->9a4a4c23-9ff3-4ce3-a619-2c71c0869997: receive RaftClientReply:client-EAA342753240->9a4a4c23-9ff3-4ce3-a619-2c71c0869997@group-EC4211DF0353, cid=1975, SUCCESS, logIndex=2882, commits[9a4a4c23-9ff3-4ce3-a619-2c71c0869997:c2884, 9b0072ab-15b3-4973-9bcb-7fa02f6bfea9:c2880, 9f215ef2-7d46-4cda-b695-cae1b893f75f:c2880]
2019-08-20 16:04:02,014 | INFO  | DNAudit | user=null | ip=null | op=PUT_BLOCK {blockData=[blockId=conID: 3 locID: 102650153659073053 bcsId: 0,size=2097152]} | ret=SUCCESS |  
2019-08-20 16:04:02,014 [grpc-default-executor-1] INFO  client.GrpcClientProtocolClient (GrpcClientProtocolClient.java:onNext(255)) - client-EAA342753240->9a4a4c23-9ff3-4ce3-a619-2c71c0869997: receive RaftClientReply:client-EAA342753240->9a4a4c23-9ff3-4ce3-a619-2c71c0869997@group-EC4211DF0353, cid=1976, SUCCESS, logIndex=2883, commits[9a4a4c23-9ff3-4ce3-a619-2c71c0869997:c2884, 9b0072ab-15b3-4973-9bcb-7fa02f6bfea9:c2880, 9f215ef2-7d46-4cda-b695-cae1b893f75f:c2880]
2019-08-20 16:04:02,014 [grpc-default-executor-1] INFO  client.GrpcClientProtocolClient (GrpcClientProtocolClient.java:onNext(255)) - client-EAA342753240->9a4a4c23-9ff3-4ce3-a619-2c71c0869997: receive RaftClientReply:client-EAA342753240->9a4a4c23-9ff3-4ce3-a619-2c71c0869997@group-EC4211DF0353, cid=1977, SUCCESS, logIndex=2884, commits[9a4a4c23-9ff3-4ce3-a619-2c71c0869997:c2884, 9b0072ab-15b3-4973-9bcb-7fa02f6bfea9:c2880, 9f215ef2-7d46-4cda-b695-cae1b893f75f:c2880]
2019-08-20 16:04:02,023 | INFO  | DNAudit | user=null | ip=null | op=WRITE_CHUNK {blockData=conID: 3 locID: 102650153659073053 bcsId: 0} | ret=SUCCESS |  
2019-08-20 16:04:02,023 | INFO  | DNAudit | user=null | ip=null | op=WRITE_CHUNK {blockData=conID: 3 locID: 102650153659073053 bcsId: 0} | ret=SUCCESS |  
2019-08-20 16:04:02,023 | INFO  | DNAudit | user=null | ip=null | op=PUT_BLOCK {blockData=[blockId=conID: 3 locID: 102650153659073053 bcsId: 0,size=1048576]} | ret=SUCCESS |  
2019-08-20 16:04:02,024 | INFO  | DNAudit | user=null | ip=null | op=PUT_BLOCK {blockData=[blockId=conID: 3 locID: 102650153659073053 bcsId: 0,size=1048576]} | ret=SUCCESS |  
2019-08-20 16:04:02,024 [grpc-default-executor-1] INFO  client.GrpcClientProtocolClient (GrpcClientProtocolClient.java:onNext(255)) - client-EAA342753240->9a4a4c23-9ff3-4ce3-a619-2c71c0869997: receive RaftClientReply:client-EAA342753240->9a4a4c23-9ff3-4ce3-a619-2c71c0869997@group-EC4211DF0353, cid=1978, SUCCESS, logIndex=0, commits[9a4a4c23-9ff3-4ce3-a619-2c71c0869997:c2885, 9b0072ab-15b3-4973-9bcb-7fa02f6bfea9:c2882, 9f215ef2-7d46-4cda-b695-cae1b893f75f:c2882]
2019-08-20 16:04:02,025 | INFO  | DNAudit | user=null | ip=null | op=WRITE_CHUNK {blockData=conID: 3 locID: 102650153659073053 bcsId: 0} | ret=SUCCESS |  
2019-08-20 16:04:02,025 | INFO  | DNAudit | user=null | ip=null | op=WRITE_CHUNK {blockData=conID: 3 locID: 102650153659073053 bcsId: 0} | ret=SUCCESS |  
2019-08-20 16:04:02,025 | INFO  | DNAudit | user=null | ip=null | op=PUT_BLOCK {blockData=[blockId=conID: 3 locID: 102650153659073053 bcsId: 0,size=2097152]} | ret=SUCCESS |  
2019-08-20 16:04:02,025 | INFO  | DNAudit | user=null | ip=null | op=PUT_BLOCK {blockData=[blockId=conID: 3 locID: 102650153659073053 bcsId: 0,size=2097152]} | ret=SUCCESS |  
2019-08-20 16:04:02,032 | INFO  | DNAudit | user=null | ip=null | op=WRITE_CHUNK {blockData=conID: 3 locID: 102650153659073053 bcsId: 2884} | ret=SUCCESS |  
2019-08-20 16:04:02,034 | INFO  | DNAudit | user=null | ip=null | op=WRITE_CHUNK {blockData=conID: 3 locID: 102650153659073053 bcsId: 2884} | ret=SUCCESS |  
2019-08-20 16:04:02,034 | INFO  | DNAudit | user=null | ip=null | op=WRITE_CHUNK {blockData=conID: 3 locID: 102650153659073053 bcsId: 2884} | ret=SUCCESS |  
2019-08-20 16:04:02,038 | INFO  | DNAudit | user=null | ip=null | op=WRITE_CHUNK {blockData=conID: 3 locID: 102650153659073053 bcsId: 2884} | ret=SUCCESS |  
2019-08-20 16:04:02,039 | INFO  | DNAudit | user=null | ip=null | op=PUT_BLOCK {blockData=[blockId=conID: 3 locID: 102650153659073053 bcsId: 0,size=3145728]} | ret=SUCCESS |  
2019-08-20 16:04:02,039 [grpc-default-executor-3] INFO  client.GrpcClientProtocolClient (GrpcClientProtocolClient.java:onNext(255)) - client-EAA342753240->9a4a4c23-9ff3-4ce3-a619-2c71c0869997: receive RaftClientReply:client-EAA342753240->9a4a4c23-9ff3-4ce3-a619-2c71c0869997@group-EC4211DF0353, cid=1979, SUCCESS, logIndex=2889, commits[9a4a4c23-9ff3-4ce3-a619-2c71c0869997:c2890, 9b0072ab-15b3-4973-9bcb-7fa02f6bfea9:c2888, 9f215ef2-7d46-4cda-b695-cae1b893f75f:c2888]
2019-08-20 16:04:02,039 [grpc-default-executor-3] INFO  client.GrpcClientProtocolClient (GrpcClientProtocolClient.java:onNext(255)) - client-EAA342753240->9a4a4c23-9ff3-4ce3-a619-2c71c0869997: receive RaftClientReply:client-EAA342753240->9a4a4c23-9ff3-4ce3-a619-2c71c0869997@group-EC4211DF0353, cid=1980, SUCCESS, logIndex=2890, commits[9a4a4c23-9ff3-4ce3-a619-2c71c0869997:c2890, 9b0072ab-15b3-4973-9bcb-7fa02f6bfea9:c2888, 9f215ef2-7d46-4cda-b695-cae1b893f75f:c2888]
2019-08-20 16:04:02,042 | INFO  | DNAudit | user=null | ip=null | op=WRITE_CHUNK {blockData=conID: 3 locID: 102650153659073053 bcsId: 2884} | ret=SUCCESS |  
2019-08-20 16:04:02,042 | INFO  | DNAudit | user=null | ip=null | op=WRITE_CHUNK {blockData=conID: 3 locID: 102650153659073053 bcsId: 2884} | ret=SUCCESS |  
2019-08-20 16:04:02,046 | INFO  | DNAudit | user=null | ip=null | op=WRITE_CHUNK {blockData=conID: 3 locID: 102650153659073053 bcsId: 2890} | ret=SUCCESS |  
2019-08-20 16:04:02,048 | INFO  | DNAudit | user=null | ip=null | op=WRITE_CHUNK {blockData=conID: 3 locID: 102650153659073053 bcsId: 2890} | ret=SUCCESS |  
2019-08-20 16:04:02,048 | INFO  | DNAudit | user=null | ip=null | op=WRITE_CHUNK {blockData=conID: 3 locID: 102650153659073053 bcsId: 2890} | ret=SUCCESS |  
2019-08-20 16:04:02,053 | INFO  | DNAudit | user=null | ip=null | op=PUT_BLOCK {blockData=[blockId=conID: 3 locID: 102650153659073053 bcsId: 0,size=3145728]} | ret=SUCCESS |  
2019-08-20 16:04:02,053 | INFO  | DNAudit | user=null | ip=null | op=PUT_BLOCK {blockData=[blockId=conID: 3 locID: 102650153659073053 bcsId: 0,size=3145728]} | ret=SUCCESS |  
2019-08-20 16:04:02,055 | INFO  | DNAudit | user=null | ip=null | op=WRITE_CHUNK {blockData=conID: 3 locID: 102650153659073053 bcsId: 2890} | ret=SUCCESS |  
2019-08-20 16:04:02,055 | INFO  | DNAudit | user=null | ip=null | op=PUT_BLOCK {blockData=[blockId=conID: 3 locID: 102650153659073053 bcsId: 0,size=4194304]} | ret=SUCCESS |  
2019-08-20 16:04:02,055 [grpc-default-executor-6] INFO  client.GrpcClientProtocolClient (GrpcClientProtocolClient.java:onNext(255)) - client-EAA342753240->9a4a4c23-9ff3-4ce3-a619-2c71c0869997: receive RaftClientReply:client-EAA342753240->9a4a4c23-9ff3-4ce3-a619-2c71c0869997@group-EC4211DF0353, cid=1981, SUCCESS, logIndex=2893, commits[9a4a4c23-9ff3-4ce3-a619-2c71c0869997:c2894, 9b0072ab-15b3-4973-9bcb-7fa02f6bfea9:c2891, 9f215ef2-7d46-4cda-b695-cae1b893f75f:c2891]
2019-08-20 16:04:02,056 [grpc-default-executor-6] INFO  client.GrpcClientProtocolClient (GrpcClientProtocolClient.java:onNext(255)) - client-EAA342753240->9a4a4c23-9ff3-4ce3-a619-2c71c0869997: receive RaftClientReply:client-EAA342753240->9a4a4c23-9ff3-4ce3-a619-2c71c0869997@group-EC4211DF0353, cid=1982, SUCCESS, logIndex=2894, commits[9a4a4c23-9ff3-4ce3-a619-2c71c0869997:c2894, 9b0072ab-15b3-4973-9bcb-7fa02f6bfea9:c2891, 9f215ef2-7d46-4cda-b695-cae1b893f75f:c2891]
2019-08-20 16:04:02,060 | INFO  | DNAudit | user=null | ip=null | op=WRITE_CHUNK {blockData=conID: 3 locID: 102650153659073053 bcsId: 2890} | ret=SUCCESS |  
2019-08-20 16:04:02,060 | INFO  | DNAudit | user=null | ip=null | op=WRITE_CHUNK {blockData=conID: 3 locID: 102650153659073053 bcsId: 2890} | ret=SUCCESS |  
2019-08-20 16:04:02,070 | INFO  | DNAudit | user=null | ip=null | op=PUT_BLOCK {blockData=[blockId=conID: 3 locID: 102650153659073053 bcsId: 0,size=4194304]} | ret=SUCCESS |  
2019-08-20 16:04:02,070 | INFO  | DNAudit | user=null | ip=null | op=PUT_BLOCK {blockData=[blockId=conID: 3 locID: 102650153659073053 bcsId: 0,size=4194304]} | ret=SUCCESS |  
2019-08-20 16:04:02,071 [grpc-default-executor-5] INFO  client.GrpcClientProtocolClient (GrpcClientProtocolClient.java:onNext(255)) - client-EAA342753240->9a4a4c23-9ff3-4ce3-a619-2c71c0869997: receive RaftClientReply:client-EAA342753240->9a4a4c23-9ff3-4ce3-a619-2c71c0869997@group-EC4211DF0353, cid=1983, SUCCESS, logIndex=0, commits[9a4a4c23-9ff3-4ce3-a619-2c71c0869997:c2896, 9b0072ab-15b3-4973-9bcb-7fa02f6bfea9:c2894, 9f215ef2-7d46-4cda-b695-cae1b893f75f:c2894]
2019-08-20 16:04:02,077 | INFO  | SCMAudit | user=jenkins1000 | ip=192.168.69.96 | op=ALLOCATE_BLOCK {owner=ea4851f9-218c-4af7-91b4-edb777a4888c, size=4194304, type=RATIS, factor=THREE} | ret=SUCCESS |  
2019-08-20 16:04:02,079 | INFO  | OMAudit | user=jenkins1000 | ip=127.0.0.1 | op=ALLOCATE_BLOCK {volume=vol-0-94146, bucket=bucket-0-90789, key=key-0-25609, dataSize=0, replicationType=null, replicationFactor=null, keyLocationInfo=null, clientID=102650152704082322} | ret=SUCCESS |  
2019-08-20 16:04:02,086 | INFO  | DNAudit | user=null | ip=null | op=WRITE_CHUNK {blockData=conID: 1 locID: 102650153669558814 bcsId: 0} | ret=SUCCESS |  
2019-08-20 16:04:02,088 | INFO  | DNAudit | user=null | ip=null | op=WRITE_CHUNK {blockData=conID: 1 locID: 102650153669558814 bcsId: 0} | ret=SUCCESS |  
2019-08-20 16:04:02,088 | INFO  | DNAudit | user=null | ip=null | op=WRITE_CHUNK {blockData=conID: 1 locID: 102650153669558814 bcsId: 0} | ret=SUCCESS |  
2019-08-20 16:04:02,088 | INFO  | DNAudit | user=null | ip=null | op=WRITE_CHUNK {blockData=conID: 1 locID: 102650153669558814 bcsId: 0} | ret=SUCCESS |  
2019-08-20 16:04:02,089 | INFO  | DNAudit | user=null | ip=null | op=WRITE_CHUNK {blockData=conID: 1 locID: 102650153669558814 bcsId: 0} | ret=SUCCESS |  
2019-08-20 16:04:02,091 | INFO  | DNAudit | user=null | ip=null | op=WRITE_CHUNK {blockData=conID: 1 locID: 102650153669558814 bcsId: 0} | ret=SUCCESS |  
2019-08-20 16:04:02,093 | INFO  | DNAudit | user=null | ip=null | op=WRITE_CHUNK {blockData=conID: 1 locID: 102650153669558814 bcsId: 0} | ret=SUCCESS |  
2019-08-20 16:04:02,093 | INFO  | DNAudit | user=null | ip=null | op=PUT_BLOCK {blockData=[blockId=conID: 1 locID: 102650153669558814 bcsId: 0,size=1048576]} | ret=SUCCESS |  
2019-08-20 16:04:02,094 | INFO  | DNAudit | user=null | ip=null | op=WRITE_CHUNK {blockData=conID: 1 locID: 102650153669558814 bcsId: 0} | ret=SUCCESS |  
2019-08-20 16:04:02,093 [grpc-default-executor-3] INFO  client.GrpcClientProtocolClient (GrpcClientProtocolClient.java:onNext(255)) - client-EAA342753240->9a4a4c23-9ff3-4ce3-a619-2c71c0869997: receive RaftClientReply:client-EAA342753240->9a4a4c23-9ff3-4ce3-a619-2c71c0869997@group-EC4211DF0353, cid=1984, SUCCESS, logIndex=2897, commits[9a4a4c23-9ff3-4ce3-a619-2c71c0869997:c2900, 9b0072ab-15b3-4973-9bcb-7fa02f6bfea9:c2896, 9f215ef2-7d46-4cda-b695-cae1b893f75f:c2896]
2019-08-20 16:04:02,094 | INFO  | DNAudit | user=null | ip=null | op=PUT_BLOCK {blockData=[blockId=conID: 1 locID: 102650153669558814 bcsId: 0,size=2097152]} | ret=SUCCESS |  
2019-08-20 16:04:02,094 [grpc-default-executor-3] INFO  client.GrpcClientProtocolClient (GrpcClientProtocolClient.java:onNext(255)) - client-EAA342753240->9a4a4c23-9ff3-4ce3-a619-2c71c0869997: receive RaftClientReply:client-EAA342753240->9a4a4c23-9ff3-4ce3-a619-2c71c0869997@group-EC4211DF0353, cid=1985, SUCCESS, logIndex=2898, commits[9a4a4c23-9ff3-4ce3-a619-2c71c0869997:c2900, 9b0072ab-15b3-4973-9bcb-7fa02f6bfea9:c2896, 9f215ef2-7d46-4cda-b695-cae1b893f75f:c2896]
2019-08-20 16:04:02,095 [grpc-default-executor-3] INFO  client.GrpcClientProtocolClient (GrpcClientProtocolClient.java:onNext(255)) - client-EAA342753240->9a4a4c23-9ff3-4ce3-a619-2c71c0869997: receive RaftClientReply:client-EAA342753240->9a4a4c23-9ff3-4ce3-a619-2c71c0869997@group-EC4211DF0353, cid=1986, SUCCESS, logIndex=2899, commits[9a4a4c23-9ff3-4ce3-a619-2c71c0869997:c2900, 9b0072ab-15b3-4973-9bcb-7fa02f6bfea9:c2896, 9f215ef2-7d46-4cda-b695-cae1b893f75f:c2896]
2019-08-20 16:04:02,095 [grpc-default-executor-3] INFO  client.GrpcClientProtocolClient (GrpcClientProtocolClient.java:onNext(255)) - client-EAA342753240->9a4a4c23-9ff3-4ce3-a619-2c71c0869997: receive RaftClientReply:client-EAA342753240->9a4a4c23-9ff3-4ce3-a619-2c71c0869997@group-EC4211DF0353, cid=1987, SUCCESS, logIndex=2900, commits[9a4a4c23-9ff3-4ce3-a619-2c71c0869997:c2900, 9b0072ab-15b3-4973-9bcb-7fa02f6bfea9:c2896, 9f215ef2-7d46-4cda-b695-cae1b893f75f:c2896]
2019-08-20 16:04:02,097 | INFO  | DNAudit | user=null | ip=null | op=WRITE_CHUNK {blockData=conID: 1 locID: 102650153669558814 bcsId: 0} | ret=SUCCESS |  
2019-08-20 16:04:02,097 | INFO  | DNAudit | user=null | ip=null | op=PUT_BLOCK {blockData=[blockId=conID: 1 locID: 102650153669558814 bcsId: 0,size=1048576]} | ret=SUCCESS |  
2019-08-20 16:04:02,097 | INFO  | DNAudit | user=null | ip=null | op=WRITE_CHUNK {blockData=conID: 1 locID: 102650153669558814 bcsId: 0} | ret=SUCCESS |  
2019-08-20 16:04:02,109 | INFO  | DNAudit | user=null | ip=null | op=WRITE_CHUNK {blockData=conID: 1 locID: 102650153669558814 bcsId: 0} | ret=SUCCESS |  
2019-08-20 16:04:02,109 | INFO  | DNAudit | user=null | ip=null | op=PUT_BLOCK {blockData=[blockId=conID: 1 locID: 102650153669558814 bcsId: 0,size=1048576]} | ret=SUCCESS |  
2019-08-20 16:04:02,109 | INFO  | DNAudit | user=null | ip=null | op=WRITE_CHUNK {blockData=conID: 1 locID: 102650153669558814 bcsId: 0} | ret=SUCCESS |  
2019-08-20 16:04:02,109 | INFO  | DNAudit | user=null | ip=null | op=PUT_BLOCK {blockData=[blockId=conID: 1 locID: 102650153669558814 bcsId: 0,size=2097152]} | ret=SUCCESS |  
2019-08-20 16:04:02,109 | INFO  | DNAudit | user=null | ip=null | op=PUT_BLOCK {blockData=[blockId=conID: 1 locID: 102650153669558814 bcsId: 0,size=2097152]} | ret=SUCCESS |  
2019-08-20 16:04:02,109 [grpc-default-executor-6] INFO  client.GrpcClientProtocolClient (GrpcClientProtocolClient.java:onNext(255)) - client-EAA342753240->9a4a4c23-9ff3-4ce3-a619-2c71c0869997: receive RaftClientReply:client-EAA342753240->9a4a4c23-9ff3-4ce3-a619-2c71c0869997@group-EC4211DF0353, cid=1988, SUCCESS, logIndex=0, commits[9a4a4c23-9ff3-4ce3-a619-2c71c0869997:c2901, 9b0072ab-15b3-4973-9bcb-7fa02f6bfea9:c2899, 9f215ef2-7d46-4cda-b695-cae1b893f75f:c2899]
2019-08-20 16:04:02,115 | INFO  | DNAudit | user=null | ip=null | op=WRITE_CHUNK {blockData=conID: 1 locID: 102650153669558814 bcsId: 2900} | ret=SUCCESS |  
2019-08-20 16:04:02,117 | INFO  | DNAudit | user=null | ip=null | op=WRITE_CHUNK {blockData=conID: 1 locID: 102650153669558814 bcsId: 2900} | ret=SUCCESS |  
2019-08-20 16:04:02,117 | INFO  | DNAudit | user=null | ip=null | op=WRITE_CHUNK {blockData=conID: 1 locID: 102650153669558814 bcsId: 2900} | ret=SUCCESS |  
2019-08-20 16:04:02,126 | INFO  | DNAudit | user=null | ip=null | op=WRITE_CHUNK {blockData=conID: 1 locID: 102650153669558814 bcsId: 2900} | ret=SUCCESS |  
2019-08-20 16:04:02,127 | INFO  | DNAudit | user=null | ip=null | op=PUT_BLOCK {blockData=[blockId=conID: 1 locID: 102650153669558814 bcsId: 0,size=3145728]} | ret=SUCCESS |  
2019-08-20 16:04:02,127 [grpc-default-executor-3] INFO  client.GrpcClientProtocolClient (GrpcClientProtocolClient.java:onNext(255)) - client-EAA342753240->9a4a4c23-9ff3-4ce3-a619-2c71c0869997: receive RaftClientReply:client-EAA342753240->9a4a4c23-9ff3-4ce3-a619-2c71c0869997@group-EC4211DF0353, cid=1989, SUCCESS, logIndex=2905, commits[9a4a4c23-9ff3-4ce3-a619-2c71c0869997:c2906, 9b0072ab-15b3-4973-9bcb-7fa02f6bfea9:c2904, 9f215ef2-7d46-4cda-b695-cae1b893f75f:c2904]
2019-08-20 16:04:02,127 [grpc-default-executor-3] INFO  client.GrpcClientProtocolClient (GrpcClientProtocolClient.java:onNext(255)) - client-EAA342753240->9a4a4c23-9ff3-4ce3-a619-2c71c0869997: receive RaftClientReply:client-EAA342753240->9a4a4c23-9ff3-4ce3-a619-2c71c0869997@group-EC4211DF0353, cid=1990, SUCCESS, logIndex=2906, commits[9a4a4c23-9ff3-4ce3-a619-2c71c0869997:c2906, 9b0072ab-15b3-4973-9bcb-7fa02f6bfea9:c2904, 9f215ef2-7d46-4cda-b695-cae1b893f75f:c2904]
2019-08-20 16:04:02,128 | INFO  | DNAudit | user=null | ip=null | op=WRITE_CHUNK {blockData=conID: 1 locID: 102650153669558814 bcsId: 2900} | ret=SUCCESS |  
2019-08-20 16:04:02,128 | INFO  | DNAudit | user=null | ip=null | op=WRITE_CHUNK {blockData=conID: 1 locID: 102650153669558814 bcsId: 2900} | ret=SUCCESS |  
2019-08-20 16:04:02,130 | INFO  | DNAudit | user=null | ip=null | op=PUT_BLOCK {blockData=[blockId=conID: 1 locID: 102650153669558814 bcsId: 0,size=3145728]} | ret=SUCCESS |  
2019-08-20 16:04:02,130 | INFO  | DNAudit | user=null | ip=null | op=PUT_BLOCK {blockData=[blockId=conID: 1 locID: 102650153669558814 bcsId: 0,size=3145728]} | ret=SUCCESS |  
2019-08-20 16:04:02,132 | INFO  | DNAudit | user=null | ip=null | op=WRITE_CHUNK {blockData=conID: 1 locID: 102650153669558814 bcsId: 2906} | ret=SUCCESS |  
2019-08-20 16:04:02,135 | INFO  | DNAudit | user=null | ip=null | op=WRITE_CHUNK {blockData=conID: 1 locID: 102650153669558814 bcsId: 2906} | ret=SUCCESS |  
2019-08-20 16:04:02,135 | INFO  | DNAudit | user=null | ip=null | op=WRITE_CHUNK {blockData=conID: 1 locID: 102650153669558814 bcsId: 2906} | ret=SUCCESS |  
2019-08-20 16:04:02,141 | INFO  | DNAudit | user=null | ip=null | op=WRITE_CHUNK {blockData=conID: 1 locID: 102650153669558814 bcsId: 2906} | ret=SUCCESS |  
2019-08-20 16:04:02,141 | INFO  | DNAudit | user=null | ip=null | op=PUT_BLOCK {blockData=[blockId=conID: 1 locID: 102650153669558814 bcsId: 0,size=4194304]} | ret=SUCCESS |  
2019-08-20 16:04:02,141 [grpc-default-executor-3] INFO  client.GrpcClientProtocolClient (GrpcClientProtocolClient.java:onNext(255)) - client-EAA342753240->9a4a4c23-9ff3-4ce3-a619-2c71c0869997: receive RaftClientReply:client-EAA342753240->9a4a4c23-9ff3-4ce3-a619-2c71c0869997@group-EC4211DF0353, cid=1991, SUCCESS, logIndex=2909, commits[9a4a4c23-9ff3-4ce3-a619-2c71c0869997:c2910, 9b0072ab-15b3-4973-9bcb-7fa02f6bfea9:c2908, 9f215ef2-7d46-4cda-b695-cae1b893f75f:c2908]
2019-08-20 16:04:02,142 [grpc-default-executor-3] INFO  client.GrpcClientProtocolClient (GrpcClientProtocolClient.java:onNext(255)) - client-EAA342753240->9a4a4c23-9ff3-4ce3-a619-2c71c0869997: receive RaftClientReply:client-EAA342753240->9a4a4c23-9ff3-4ce3-a619-2c71c0869997@group-EC4211DF0353, cid=1992, SUCCESS, logIndex=2910, commits[9a4a4c23-9ff3-4ce3-a619-2c71c0869997:c2910, 9b0072ab-15b3-4973-9bcb-7fa02f6bfea9:c2908, 9f215ef2-7d46-4cda-b695-cae1b893f75f:c2908]
2019-08-20 16:04:02,142 | INFO  | DNAudit | user=null | ip=null | op=WRITE_CHUNK {blockData=conID: 1 locID: 102650153669558814 bcsId: 2906} | ret=SUCCESS |  
2019-08-20 16:04:02,142 | INFO  | DNAudit | user=null | ip=null | op=WRITE_CHUNK {blockData=conID: 1 locID: 102650153669558814 bcsId: 2906} | ret=SUCCESS |  
2019-08-20 16:04:02,142 | INFO  | DNAudit | user=null | ip=null | op=PUT_BLOCK {blockData=[blockId=conID: 1 locID: 102650153669558814 bcsId: 0,size=4194304]} | ret=SUCCESS |  
2019-08-20 16:04:02,142 | INFO  | DNAudit | user=null | ip=null | op=PUT_BLOCK {blockData=[blockId=conID: 1 locID: 102650153669558814 bcsId: 0,size=4194304]} | ret=SUCCESS |  
2019-08-20 16:04:02,142 [grpc-default-executor-6] INFO  client.GrpcClientProtocolClient (GrpcClientProtocolClient.java:onNext(255)) - client-EAA342753240->9a4a4c23-9ff3-4ce3-a619-2c71c0869997: receive RaftClientReply:client-EAA342753240->9a4a4c23-9ff3-4ce3-a619-2c71c0869997@group-EC4211DF0353, cid=1993, SUCCESS, logIndex=0, commits[9a4a4c23-9ff3-4ce3-a619-2c71c0869997:c2911, 9b0072ab-15b3-4973-9bcb-7fa02f6bfea9:c2910, 9f215ef2-7d46-4cda-b695-cae1b893f75f:c2910]
2019-08-20 16:04:02,146 | INFO  | SCMAudit | user=jenkins1000 | ip=192.168.69.96 | op=ALLOCATE_BLOCK {owner=ea4851f9-218c-4af7-91b4-edb777a4888c, size=4194304, type=RATIS, factor=THREE} | ret=SUCCESS |  
2019-08-20 16:04:02,148 | INFO  | OMAudit | user=jenkins1000 | ip=127.0.0.1 | op=ALLOCATE_BLOCK {volume=vol-0-94146, bucket=bucket-0-90789, key=key-0-25609, dataSize=0, replicationType=null, replicationFactor=null, keyLocationInfo=null, clientID=102650152704082322} | ret=SUCCESS |  
2019-08-20 16:04:02,154 | INFO  | DNAudit | user=null | ip=null | op=WRITE_CHUNK {blockData=conID: 2 locID: 102650153674080799 bcsId: 0} | ret=SUCCESS |  
2019-08-20 16:04:02,156 | INFO  | DNAudit | user=null | ip=null | op=WRITE_CHUNK {blockData=conID: 2 locID: 102650153674080799 bcsId: 0} | ret=SUCCESS |  
2019-08-20 16:04:02,156 | INFO  | DNAudit | user=null | ip=null | op=WRITE_CHUNK {blockData=conID: 2 locID: 102650153674080799 bcsId: 0} | ret=SUCCESS |  
2019-08-20 16:04:02,156 | INFO  | DNAudit | user=null | ip=null | op=WRITE_CHUNK {blockData=conID: 2 locID: 102650153674080799 bcsId: 0} | ret=SUCCESS |  
2019-08-20 16:04:02,157 | INFO  | DNAudit | user=null | ip=null | op=WRITE_CHUNK {blockData=conID: 2 locID: 102650153674080799 bcsId: 0} | ret=SUCCESS |  
2019-08-20 16:04:02,172 | INFO  | DNAudit | user=null | ip=null | op=WRITE_CHUNK {blockData=conID: 2 locID: 102650153674080799 bcsId: 0} | ret=SUCCESS |  
2019-08-20 16:04:02,174 | INFO  | DNAudit | user=null | ip=null | op=WRITE_CHUNK {blockData=conID: 2 locID: 102650153674080799 bcsId: 0} | ret=SUCCESS |  
2019-08-20 16:04:02,174 | INFO  | DNAudit | user=null | ip=null | op=PUT_BLOCK {blockData=[blockId=conID: 2 locID: 102650153674080799 bcsId: 0,size=1048576]} | ret=SUCCESS |  
2019-08-20 16:04:02,174 [grpc-default-executor-5] INFO  client.GrpcClientProtocolClient (GrpcClientProtocolClient.java:onNext(255)) - client-EAA342753240->9a4a4c23-9ff3-4ce3-a619-2c71c0869997: receive RaftClientReply:client-EAA342753240->9a4a4c23-9ff3-4ce3-a619-2c71c0869997@group-EC4211DF0353, cid=1994, SUCCESS, logIndex=2913, commits[9a4a4c23-9ff3-4ce3-a619-2c71c0869997:c2914, 9b0072ab-15b3-4973-9bcb-7fa02f6bfea9:c2912, 9f215ef2-7d46-4cda-b695-cae1b893f75f:c2912]
2019-08-20 16:04:02,175 [grpc-default-executor-5] INFO  client.GrpcClientProtocolClient (GrpcClientProtocolClient.java:onNext(255)) - client-EAA342753240->9a4a4c23-9ff3-4ce3-a619-2c71c0869997: receive RaftClientReply:client-EAA342753240->9a4a4c23-9ff3-4ce3-a619-2c71c0869997@group-EC4211DF0353, cid=1995, SUCCESS, logIndex=2914, commits[9a4a4c23-9ff3-4ce3-a619-2c71c0869997:c2914, 9b0072ab-15b3-4973-9bcb-7fa02f6bfea9:c2912, 9f215ef2-7d46-4cda-b695-cae1b893f75f:c2912]
2019-08-20 16:04:02,185 | INFO  | DNAudit | user=null | ip=null | op=WRITE_CHUNK {blockData=conID: 2 locID: 102650153674080799 bcsId: 0} | ret=SUCCESS |  
2019-08-20 16:04:02,186 | INFO  | DNAudit | user=null | ip=null | op=PUT_BLOCK {blockData=[blockId=conID: 2 locID: 102650153674080799 bcsId: 0,size=2097152]} | ret=SUCCESS |  
2019-08-20 16:04:02,186 [grpc-default-executor-3] INFO  client.GrpcClientProtocolClient (GrpcClientProtocolClient.java:onNext(255)) - client-EAA342753240->9a4a4c23-9ff3-4ce3-a619-2c71c0869997: receive RaftClientReply:client-EAA342753240->9a4a4c23-9ff3-4ce3-a619-2c71c0869997@group-EC4211DF0353, cid=1996, SUCCESS, logIndex=2915, commits[9a4a4c23-9ff3-4ce3-a619-2c71c0869997:c2916, 9b0072ab-15b3-4973-9bcb-7fa02f6bfea9:c2912, 9f215ef2-7d46-4cda-b695-cae1b893f75f:c2912]
2019-08-20 16:04:02,186 | INFO  | DNAudit | user=null | ip=null | op=WRITE_CHUNK {blockData=conID: 2 locID: 102650153674080799 bcsId: 0} | ret=SUCCESS |  
2019-08-20 16:04:02,186 [grpc-default-executor-3] INFO  client.GrpcClientProtocolClient (GrpcClientProtocolClient.java:onNext(255)) - client-EAA342753240->9a4a4c23-9ff3-4ce3-a619-2c71c0869997: receive RaftClientReply:client-EAA342753240->9a4a4c23-9ff3-4ce3-a619-2c71c0869997@group-EC4211DF0353, cid=1997, SUCCESS, logIndex=2916, commits[9a4a4c23-9ff3-4ce3-a619-2c71c0869997:c2916, 9b0072ab-15b3-4973-9bcb-7fa02f6bfea9:c2912, 9f215ef2-7d46-4cda-b695-cae1b893f75f:c2912]
2019-08-20 16:04:02,186 | INFO  | DNAudit | user=null | ip=null | op=PUT_BLOCK {blockData=[blockId=conID: 2 locID: 102650153674080799 bcsId: 0,size=1048576]} | ret=SUCCESS |  
2019-08-20 16:04:02,186 | INFO  | DNAudit | user=null | ip=null | op=WRITE_CHUNK {blockData=conID: 2 locID: 102650153674080799 bcsId: 0} | ret=SUCCESS |  
2019-08-20 16:04:02,186 | INFO  | DNAudit | user=null | ip=null | op=PUT_BLOCK {blockData=[blockId=conID: 2 locID: 102650153674080799 bcsId: 0,size=1048576]} | ret=SUCCESS |  
2019-08-20 16:04:02,187 [grpc-default-executor-3] INFO  client.GrpcClientProtocolClient (GrpcClientProtocolClient.java:onNext(255)) - client-EAA342753240->9a4a4c23-9ff3-4ce3-a619-2c71c0869997: receive RaftClientReply:client-EAA342753240->9a4a4c23-9ff3-4ce3-a619-2c71c0869997@group-EC4211DF0353, cid=1998, SUCCESS, logIndex=0, commits[9a4a4c23-9ff3-4ce3-a619-2c71c0869997:c2918, 9b0072ab-15b3-4973-9bcb-7fa02f6bfea9:c2914, 9f215ef2-7d46-4cda-b695-cae1b893f75f:c2914]
2019-08-20 16:04:02,187 | INFO  | DNAudit | user=null | ip=null | op=WRITE_CHUNK {blockData=conID: 2 locID: 102650153674080799 bcsId: 0} | ret=SUCCESS |  
2019-08-20 16:04:02,187 | INFO  | DNAudit | user=null | ip=null | op=PUT_BLOCK {blockData=[blockId=conID: 2 locID: 102650153674080799 bcsId: 0,size=2097152]} | ret=SUCCESS |  
2019-08-20 16:04:02,187 | INFO  | DNAudit | user=null | ip=null | op=WRITE_CHUNK {blockData=conID: 2 locID: 102650153674080799 bcsId: 0} | ret=SUCCESS |  
2019-08-20 16:04:02,188 | INFO  | DNAudit | user=null | ip=null | op=PUT_BLOCK {blockData=[blockId=conID: 2 locID: 102650153674080799 bcsId: 0,size=2097152]} | ret=SUCCESS |  
2019-08-20 16:04:02,192 | INFO  | DNAudit | user=null | ip=null | op=WRITE_CHUNK {blockData=conID: 2 locID: 102650153674080799 bcsId: 2916} | ret=SUCCESS |  
2019-08-20 16:04:02,194 | INFO  | DNAudit | user=null | ip=null | op=WRITE_CHUNK {blockData=conID: 2 locID: 102650153674080799 bcsId: 2916} | ret=SUCCESS |  
2019-08-20 16:04:02,194 | INFO  | DNAudit | user=null | ip=null | op=WRITE_CHUNK {blockData=conID: 2 locID: 102650153674080799 bcsId: 2916} | ret=SUCCESS |  
2019-08-20 16:04:02,204 | INFO  | DNAudit | user=null | ip=null | op=WRITE_CHUNK {blockData=conID: 2 locID: 102650153674080799 bcsId: 2916} | ret=SUCCESS |  
2019-08-20 16:04:02,205 | INFO  | DNAudit | user=null | ip=null | op=PUT_BLOCK {blockData=[blockId=conID: 2 locID: 102650153674080799 bcsId: 0,size=3145728]} | ret=SUCCESS |  
2019-08-20 16:04:02,205 [grpc-default-executor-5] INFO  client.GrpcClientProtocolClient (GrpcClientProtocolClient.java:onNext(255)) - client-EAA342753240->9a4a4c23-9ff3-4ce3-a619-2c71c0869997: receive RaftClientReply:client-EAA342753240->9a4a4c23-9ff3-4ce3-a619-2c71c0869997@group-EC4211DF0353, cid=1999, SUCCESS, logIndex=2921, commits[9a4a4c23-9ff3-4ce3-a619-2c71c0869997:c2922, 9b0072ab-15b3-4973-9bcb-7fa02f6bfea9:c2920, 9f215ef2-7d46-4cda-b695-cae1b893f75f:c2920]
2019-08-20 16:04:02,205 [grpc-default-executor-5] INFO  client.GrpcClientProtocolClient (GrpcClientProtocolClient.java:onNext(255)) - client-EAA342753240->9a4a4c23-9ff3-4ce3-a619-2c71c0869997: receive RaftClientReply:client-EAA342753240->9a4a4c23-9ff3-4ce3-a619-2c71c0869997@group-EC4211DF0353, cid=2000, SUCCESS, logIndex=2922, commits[9a4a4c23-9ff3-4ce3-a619-2c71c0869997:c2922, 9b0072ab-15b3-4973-9bcb-7fa02f6bfea9:c2920, 9f215ef2-7d46-4cda-b695-cae1b893f75f:c2920]
2019-08-20 16:04:02,210 | INFO  | DNAudit | user=null | ip=null | op=WRITE_CHUNK {blockData=conID: 2 locID: 102650153674080799 bcsId: 2922} | ret=SUCCESS |  
2019-08-20 16:04:02,212 | INFO  | DNAudit | user=null | ip=null | op=WRITE_CHUNK {blockData=conID: 2 locID: 102650153674080799 bcsId: 2922} | ret=SUCCESS |  
2019-08-20 16:04:02,212 | INFO  | DNAudit | user=null | ip=null | op=WRITE_CHUNK {blockData=conID: 2 locID: 102650153674080799 bcsId: 2922} | ret=SUCCESS |  
2019-08-20 16:04:02,216 | INFO  | DNAudit | user=null | ip=null | op=WRITE_CHUNK {blockData=conID: 2 locID: 102650153674080799 bcsId: 2916} | ret=SUCCESS |  
2019-08-20 16:04:02,216 | INFO  | DNAudit | user=null | ip=null | op=WRITE_CHUNK {blockData=conID: 2 locID: 102650153674080799 bcsId: 2916} | ret=SUCCESS |  
2019-08-20 16:04:02,216 | INFO  | DNAudit | user=null | ip=null | op=PUT_BLOCK {blockData=[blockId=conID: 2 locID: 102650153674080799 bcsId: 0,size=3145728]} | ret=SUCCESS |  
2019-08-20 16:04:02,216 | INFO  | DNAudit | user=null | ip=null | op=PUT_BLOCK {blockData=[blockId=conID: 2 locID: 102650153674080799 bcsId: 0,size=3145728]} | ret=SUCCESS |  
2019-08-20 16:04:02,219 | INFO  | DNAudit | user=null | ip=null | op=WRITE_CHUNK {blockData=conID: 2 locID: 102650153674080799 bcsId: 2922} | ret=SUCCESS |  
2019-08-20 16:04:02,219 | INFO  | DNAudit | user=null | ip=null | op=PUT_BLOCK {blockData=[blockId=conID: 2 locID: 102650153674080799 bcsId: 0,size=4194304]} | ret=SUCCESS |  
2019-08-20 16:04:02,219 [grpc-default-executor-6] INFO  client.GrpcClientProtocolClient (GrpcClientProtocolClient.java:onNext(255)) - client-EAA342753240->9a4a4c23-9ff3-4ce3-a619-2c71c0869997: receive RaftClientReply:client-EAA342753240->9a4a4c23-9ff3-4ce3-a619-2c71c0869997@group-EC4211DF0353, cid=2001, SUCCESS, logIndex=2925, commits[9a4a4c23-9ff3-4ce3-a619-2c71c0869997:c2926, 9b0072ab-15b3-4973-9bcb-7fa02f6bfea9:c2922, 9f215ef2-7d46-4cda-b695-cae1b893f75f:c2922]
2019-08-20 16:04:02,219 [grpc-default-executor-6] INFO  client.GrpcClientProtocolClient (GrpcClientProtocolClient.java:onNext(255)) - client-EAA342753240->9a4a4c23-9ff3-4ce3-a619-2c71c0869997: receive RaftClientReply:client-EAA342753240->9a4a4c23-9ff3-4ce3-a619-2c71c0869997@group-EC4211DF0353, cid=2002, SUCCESS, logIndex=2926, commits[9a4a4c23-9ff3-4ce3-a619-2c71c0869997:c2926, 9b0072ab-15b3-4973-9bcb-7fa02f6bfea9:c2922, 9f215ef2-7d46-4cda-b695-cae1b893f75f:c2922]
2019-08-20 16:04:02,230 | INFO  | DNAudit | user=null | ip=null | op=WRITE_CHUNK {blockData=conID: 2 locID: 102650153674080799 bcsId: 2922} | ret=SUCCESS |  
2019-08-20 16:04:02,230 | INFO  | DNAudit | user=null | ip=null | op=WRITE_CHUNK {blockData=conID: 2 locID: 102650153674080799 bcsId: 2922} | ret=SUCCESS |  
2019-08-20 16:04:02,231 | INFO  | DNAudit | user=null | ip=null | op=PUT_BLOCK {blockData=[blockId=conID: 2 locID: 102650153674080799 bcsId: 0,size=4194304]} | ret=SUCCESS |  
2019-08-20 16:04:02,232 | INFO  | DNAudit | user=null | ip=null | op=PUT_BLOCK {blockData=[blockId=conID: 2 locID: 102650153674080799 bcsId: 0,size=4194304]} | ret=SUCCESS |  
2019-08-20 16:04:02,232 [grpc-default-executor-5] INFO  client.GrpcClientProtocolClient (GrpcClientProtocolClient.java:onNext(255)) - client-EAA342753240->9a4a4c23-9ff3-4ce3-a619-2c71c0869997: receive RaftClientReply:client-EAA342753240->9a4a4c23-9ff3-4ce3-a619-2c71c0869997@group-EC4211DF0353, cid=2003, SUCCESS, logIndex=0, commits[9a4a4c23-9ff3-4ce3-a619-2c71c0869997:c2928, 9b0072ab-15b3-4973-9bcb-7fa02f6bfea9:c2926, 9f215ef2-7d46-4cda-b695-cae1b893f75f:c2926]
2019-08-20 16:04:02,235 | INFO  | SCMAudit | user=jenkins1000 | ip=192.168.69.96 | op=ALLOCATE_BLOCK {owner=ea4851f9-218c-4af7-91b4-edb777a4888c, size=4194304, type=RATIS, factor=THREE} | ret=SUCCESS |  
2019-08-20 16:04:02,237 | INFO  | OMAudit | user=jenkins1000 | ip=127.0.0.1 | op=ALLOCATE_BLOCK {volume=vol-0-94146, bucket=bucket-0-90789, key=key-0-25609, dataSize=0, replicationType=null, replicationFactor=null, keyLocationInfo=null, clientID=102650152704082322} | ret=SUCCESS |  
2019-08-20 16:04:02,243 | INFO  | DNAudit | user=null | ip=null | op=WRITE_CHUNK {blockData=conID: 3 locID: 102650153679913504 bcsId: 0} | ret=SUCCESS |  
2019-08-20 16:04:02,244 | INFO  | DNAudit | user=null | ip=null | op=WRITE_CHUNK {blockData=conID: 3 locID: 102650153679913504 bcsId: 0} | ret=SUCCESS |  
2019-08-20 16:04:02,244 | INFO  | DNAudit | user=null | ip=null | op=WRITE_CHUNK {blockData=conID: 3 locID: 102650153679913504 bcsId: 0} | ret=SUCCESS |  
2019-08-20 16:04:02,245 | INFO  | DNAudit | user=null | ip=null | op=WRITE_CHUNK {blockData=conID: 3 locID: 102650153679913504 bcsId: 0} | ret=SUCCESS |  
2019-08-20 16:04:02,246 | INFO  | DNAudit | user=null | ip=null | op=WRITE_CHUNK {blockData=conID: 3 locID: 102650153679913504 bcsId: 0} | ret=SUCCESS |  
2019-08-20 16:04:02,246 | INFO  | DNAudit | user=null | ip=null | op=WRITE_CHUNK {blockData=conID: 3 locID: 102650153679913504 bcsId: 0} | ret=SUCCESS |  
2019-08-20 16:04:02,251 | INFO  | DNAudit | user=null | ip=null | op=WRITE_CHUNK {blockData=conID: 3 locID: 102650153679913504 bcsId: 0} | ret=SUCCESS |  
2019-08-20 16:04:02,251 | INFO  | DNAudit | user=null | ip=null | op=PUT_BLOCK {blockData=[blockId=conID: 3 locID: 102650153679913504 bcsId: 0,size=1048576]} | ret=SUCCESS |  
2019-08-20 16:04:02,251 | INFO  | DNAudit | user=null | ip=null | op=WRITE_CHUNK {blockData=conID: 3 locID: 102650153679913504 bcsId: 0} | ret=SUCCESS |  
2019-08-20 16:04:02,251 [grpc-default-executor-1] INFO  client.GrpcClientProtocolClient (GrpcClientProtocolClient.java:onNext(255)) - client-EAA342753240->9a4a4c23-9ff3-4ce3-a619-2c71c0869997: receive RaftClientReply:client-EAA342753240->9a4a4c23-9ff3-4ce3-a619-2c71c0869997@group-EC4211DF0353, cid=2004, SUCCESS, logIndex=2929, commits[9a4a4c23-9ff3-4ce3-a619-2c71c0869997:c2931, 9b0072ab-15b3-4973-9bcb-7fa02f6bfea9:c2928, 9f215ef2-7d46-4cda-b695-cae1b893f75f:c2928]
2019-08-20 16:04:02,252 | INFO  | DNAudit | user=null | ip=null | op=PUT_BLOCK {blockData=[blockId=conID: 3 locID: 102650153679913504 bcsId: 0,size=2097152]} | ret=SUCCESS |  
2019-08-20 16:04:02,252 [grpc-default-executor-1] INFO  client.GrpcClientProtocolClient (GrpcClientProtocolClient.java:onNext(255)) - client-EAA342753240->9a4a4c23-9ff3-4ce3-a619-2c71c0869997: receive RaftClientReply:client-EAA342753240->9a4a4c23-9ff3-4ce3-a619-2c71c0869997@group-EC4211DF0353, cid=2005, SUCCESS, logIndex=2930, commits[9a4a4c23-9ff3-4ce3-a619-2c71c0869997:c2932, 9b0072ab-15b3-4973-9bcb-7fa02f6bfea9:c2928, 9f215ef2-7d46-4cda-b695-cae1b893f75f:c2928]
2019-08-20 16:04:02,252 [grpc-default-executor-1] INFO  client.GrpcClientProtocolClient (GrpcClientProtocolClient.java:onNext(255)) - client-EAA342753240->9a4a4c23-9ff3-4ce3-a619-2c71c0869997: receive RaftClientReply:client-EAA342753240->9a4a4c23-9ff3-4ce3-a619-2c71c0869997@group-EC4211DF0353, cid=2006, SUCCESS, logIndex=2931, commits[9a4a4c23-9ff3-4ce3-a619-2c71c0869997:c2932, 9b0072ab-15b3-4973-9bcb-7fa02f6bfea9:c2928, 9f215ef2-7d46-4cda-b695-cae1b893f75f:c2928]
2019-08-20 16:04:02,252 [grpc-default-executor-1] INFO  client.GrpcClientProtocolClient (GrpcClientProtocolClient.java:onNext(255)) - client-EAA342753240->9a4a4c23-9ff3-4ce3-a619-2c71c0869997: receive RaftClientReply:client-EAA342753240->9a4a4c23-9ff3-4ce3-a619-2c71c0869997@group-EC4211DF0353, cid=2007, SUCCESS, logIndex=2932, commits[9a4a4c23-9ff3-4ce3-a619-2c71c0869997:c2932, 9b0072ab-15b3-4973-9bcb-7fa02f6bfea9:c2928, 9f215ef2-7d46-4cda-b695-cae1b893f75f:c2928]
2019-08-20 16:04:02,254 | INFO  | DNAudit | user=null | ip=null | op=WRITE_CHUNK {blockData=conID: 3 locID: 102650153679913504 bcsId: 0} | ret=SUCCESS |  
2019-08-20 16:04:02,254 | INFO  | DNAudit | user=null | ip=null | op=WRITE_CHUNK {blockData=conID: 3 locID: 102650153679913504 bcsId: 0} | ret=SUCCESS |  
2019-08-20 16:04:02,254 | INFO  | DNAudit | user=null | ip=null | op=PUT_BLOCK {blockData=[blockId=conID: 3 locID: 102650153679913504 bcsId: 0,size=1048576]} | ret=SUCCESS |  
2019-08-20 16:04:02,255 | INFO  | DNAudit | user=null | ip=null | op=WRITE_CHUNK {blockData=conID: 3 locID: 102650153679913504 bcsId: 0} | ret=SUCCESS |  
2019-08-20 16:04:02,255 | INFO  | DNAudit | user=null | ip=null | op=PUT_BLOCK {blockData=[blockId=conID: 3 locID: 102650153679913504 bcsId: 0,size=1048576]} | ret=SUCCESS |  
2019-08-20 16:04:02,255 | INFO  | DNAudit | user=null | ip=null | op=PUT_BLOCK {blockData=[blockId=conID: 3 locID: 102650153679913504 bcsId: 0,size=2097152]} | ret=SUCCESS |  
2019-08-20 16:04:02,256 | INFO  | DNAudit | user=null | ip=null | op=WRITE_CHUNK {blockData=conID: 3 locID: 102650153679913504 bcsId: 0} | ret=SUCCESS |  
2019-08-20 16:04:02,256 | INFO  | DNAudit | user=null | ip=null | op=PUT_BLOCK {blockData=[blockId=conID: 3 locID: 102650153679913504 bcsId: 0,size=2097152]} | ret=SUCCESS |  
2019-08-20 16:04:02,256 [grpc-default-executor-5] INFO  client.GrpcClientProtocolClient (GrpcClientProtocolClient.java:onNext(255)) - client-EAA342753240->9a4a4c23-9ff3-4ce3-a619-2c71c0869997: receive RaftClientReply:client-EAA342753240->9a4a4c23-9ff3-4ce3-a619-2c71c0869997@group-EC4211DF0353, cid=2008, SUCCESS, logIndex=0, commits[9a4a4c23-9ff3-4ce3-a619-2c71c0869997:c2936, 9b0072ab-15b3-4973-9bcb-7fa02f6bfea9:c2931, 9f215ef2-7d46-4cda-b695-cae1b893f75f:c2932]
2019-08-20 16:04:02,261 | INFO  | DNAudit | user=null | ip=null | op=WRITE_CHUNK {blockData=conID: 3 locID: 102650153679913504 bcsId: 2932} | ret=SUCCESS |  
2019-08-20 16:04:02,262 | INFO  | DNAudit | user=null | ip=null | op=WRITE_CHUNK {blockData=conID: 3 locID: 102650153679913504 bcsId: 2932} | ret=SUCCESS |  
2019-08-20 16:04:02,263 | INFO  | DNAudit | user=null | ip=null | op=WRITE_CHUNK {blockData=conID: 3 locID: 102650153679913504 bcsId: 2932} | ret=SUCCESS |  
2019-08-20 16:04:02,264 | INFO  | DNAudit | user=null | ip=null | op=WRITE_CHUNK {blockData=conID: 3 locID: 102650153679913504 bcsId: 2932} | ret=SUCCESS |  
2019-08-20 16:04:02,264 | INFO  | DNAudit | user=null | ip=null | op=PUT_BLOCK {blockData=[blockId=conID: 3 locID: 102650153679913504 bcsId: 0,size=3145728]} | ret=SUCCESS |  
2019-08-20 16:04:02,264 [grpc-default-executor-5] INFO  client.GrpcClientProtocolClient (GrpcClientProtocolClient.java:onNext(255)) - client-EAA342753240->9a4a4c23-9ff3-4ce3-a619-2c71c0869997: receive RaftClientReply:client-EAA342753240->9a4a4c23-9ff3-4ce3-a619-2c71c0869997@group-EC4211DF0353, cid=2009, SUCCESS, logIndex=2937, commits[9a4a4c23-9ff3-4ce3-a619-2c71c0869997:c2938, 9b0072ab-15b3-4973-9bcb-7fa02f6bfea9:c2932, 9f215ef2-7d46-4cda-b695-cae1b893f75f:c2936]
2019-08-20 16:04:02,265 [grpc-default-executor-5] INFO  client.GrpcClientProtocolClient (GrpcClientProtocolClient.java:onNext(255)) - client-EAA342753240->9a4a4c23-9ff3-4ce3-a619-2c71c0869997: receive RaftClientReply:client-EAA342753240->9a4a4c23-9ff3-4ce3-a619-2c71c0869997@group-EC4211DF0353, cid=2010, SUCCESS, logIndex=2938, commits[9a4a4c23-9ff3-4ce3-a619-2c71c0869997:c2938, 9b0072ab-15b3-4973-9bcb-7fa02f6bfea9:c2936, 9f215ef2-7d46-4cda-b695-cae1b893f75f:c2936]
2019-08-20 16:04:02,266 | INFO  | DNAudit | user=null | ip=null | op=WRITE_CHUNK {blockData=conID: 3 locID: 102650153679913504 bcsId: 2932} | ret=SUCCESS |  
2019-08-20 16:04:02,266 | INFO  | DNAudit | user=null | ip=null | op=WRITE_CHUNK {blockData=conID: 3 locID: 102650153679913504 bcsId: 2932} | ret=SUCCESS |  
2019-08-20 16:04:02,266 | INFO  | DNAudit | user=null | ip=null | op=PUT_BLOCK {blockData=[blockId=conID: 3 locID: 102650153679913504 bcsId: 0,size=3145728]} | ret=SUCCESS |  
2019-08-20 16:04:02,266 | INFO  | DNAudit | user=null | ip=null | op=PUT_BLOCK {blockData=[blockId=conID: 3 locID: 102650153679913504 bcsId: 0,size=3145728]} | ret=SUCCESS |  
2019-08-20 16:04:02,269 | INFO  | DNAudit | user=null | ip=null | op=WRITE_CHUNK {blockData=conID: 3 locID: 102650153679913504 bcsId: 2938} | ret=SUCCESS |  
2019-08-20 16:04:02,271 | INFO  | DNAudit | user=null | ip=null | op=WRITE_CHUNK {blockData=conID: 3 locID: 102650153679913504 bcsId: 2938} | ret=SUCCESS |  
2019-08-20 16:04:02,271 | INFO  | DNAudit | user=null | ip=null | op=WRITE_CHUNK {blockData=conID: 3 locID: 102650153679913504 bcsId: 2938} | ret=SUCCESS |  
2019-08-20 16:04:02,273 | INFO  | DNAudit | user=null | ip=null | op=WRITE_CHUNK {blockData=conID: 3 locID: 102650153679913504 bcsId: 2938} | ret=SUCCESS |  
2019-08-20 16:04:02,273 | INFO  | DNAudit | user=null | ip=null | op=PUT_BLOCK {blockData=[blockId=conID: 3 locID: 102650153679913504 bcsId: 0,size=4194304]} | ret=SUCCESS |  
2019-08-20 16:04:02,273 [grpc-default-executor-6] INFO  client.GrpcClientProtocolClient (GrpcClientProtocolClient.java:onNext(255)) - client-EAA342753240->9a4a4c23-9ff3-4ce3-a619-2c71c0869997: receive RaftClientReply:client-EAA342753240->9a4a4c23-9ff3-4ce3-a619-2c71c0869997@group-EC4211DF0353, cid=2011, SUCCESS, logIndex=2941, commits[9a4a4c23-9ff3-4ce3-a619-2c71c0869997:c2942, 9b0072ab-15b3-4973-9bcb-7fa02f6bfea9:c2939, 9f215ef2-7d46-4cda-b695-cae1b893f75f:c2938]
2019-08-20 16:04:02,273 [grpc-default-executor-6] INFO  client.GrpcClientProtocolClient (GrpcClientProtocolClient.java:onNext(255)) - client-EAA342753240->9a4a4c23-9ff3-4ce3-a619-2c71c0869997: receive RaftClientReply:client-EAA342753240->9a4a4c23-9ff3-4ce3-a619-2c71c0869997@group-EC4211DF0353, cid=2012, SUCCESS, logIndex=2942, commits[9a4a4c23-9ff3-4ce3-a619-2c71c0869997:c2942, 9b0072ab-15b3-4973-9bcb-7fa02f6bfea9:c2939, 9f215ef2-7d46-4cda-b695-cae1b893f75f:c2939]
2019-08-20 16:04:02,274 | INFO  | DNAudit | user=null | ip=null | op=WRITE_CHUNK {blockData=conID: 3 locID: 102650153679913504 bcsId: 2938} | ret=SUCCESS |  
2019-08-20 16:04:02,274 | INFO  | DNAudit | user=null | ip=null | op=WRITE_CHUNK {blockData=conID: 3 locID: 102650153679913504 bcsId: 2938} | ret=SUCCESS |  
2019-08-20 16:04:02,274 | INFO  | DNAudit | user=null | ip=null | op=PUT_BLOCK {blockData=[blockId=conID: 3 locID: 102650153679913504 bcsId: 0,size=4194304]} | ret=SUCCESS |  
2019-08-20 16:04:02,274 | INFO  | DNAudit | user=null | ip=null | op=PUT_BLOCK {blockData=[blockId=conID: 3 locID: 102650153679913504 bcsId: 0,size=4194304]} | ret=SUCCESS |  
2019-08-20 16:04:02,274 [grpc-default-executor-6] INFO  client.GrpcClientProtocolClient (GrpcClientProtocolClient.java:onNext(255)) - client-EAA342753240->9a4a4c23-9ff3-4ce3-a619-2c71c0869997: receive RaftClientReply:client-EAA342753240->9a4a4c23-9ff3-4ce3-a619-2c71c0869997@group-EC4211DF0353, cid=2013, SUCCESS, logIndex=0, commits[9a4a4c23-9ff3-4ce3-a619-2c71c0869997:c2943, 9b0072ab-15b3-4973-9bcb-7fa02f6bfea9:c2942, 9f215ef2-7d46-4cda-b695-cae1b893f75f:c2942]
2019-08-20 16:04:02,278 | INFO  | SCMAudit | user=jenkins1000 | ip=192.168.69.96 | op=ALLOCATE_BLOCK {owner=ea4851f9-218c-4af7-91b4-edb777a4888c, size=4194304, type=RATIS, factor=THREE} | ret=SUCCESS |  
2019-08-20 16:04:02,280 | INFO  | OMAudit | user=jenkins1000 | ip=127.0.0.1 | op=ALLOCATE_BLOCK {volume=vol-0-94146, bucket=bucket-0-90789, key=key-0-25609, dataSize=0, replicationType=null, replicationFactor=null, keyLocationInfo=null, clientID=102650152704082322} | ret=SUCCESS |  
2019-08-20 16:04:02,285 | INFO  | DNAudit | user=null | ip=null | op=WRITE_CHUNK {blockData=conID: 1 locID: 102650153682731553 bcsId: 0} | ret=SUCCESS |  
2019-08-20 16:04:02,287 | INFO  | DNAudit | user=null | ip=null | op=WRITE_CHUNK {blockData=conID: 1 locID: 102650153682731553 bcsId: 0} | ret=SUCCESS |  
2019-08-20 16:04:02,288 | INFO  | DNAudit | user=null | ip=null | op=WRITE_CHUNK {blockData=conID: 1 locID: 102650153682731553 bcsId: 0} | ret=SUCCESS |  
2019-08-20 16:04:02,288 | INFO  | DNAudit | user=null | ip=null | op=WRITE_CHUNK {blockData=conID: 1 locID: 102650153682731553 bcsId: 0} | ret=SUCCESS |  
2019-08-20 16:04:02,288 | INFO  | DNAudit | user=null | ip=null | op=WRITE_CHUNK {blockData=conID: 1 locID: 102650153682731553 bcsId: 0} | ret=SUCCESS |  
2019-08-20 16:04:02,289 | INFO  | DNAudit | user=null | ip=null | op=WRITE_CHUNK {blockData=conID: 1 locID: 102650153682731553 bcsId: 0} | ret=SUCCESS |  
2019-08-20 16:04:02,292 | INFO  | DNAudit | user=null | ip=null | op=WRITE_CHUNK {blockData=conID: 1 locID: 102650153682731553 bcsId: 0} | ret=SUCCESS |  
2019-08-20 16:04:02,292 | INFO  | DNAudit | user=null | ip=null | op=PUT_BLOCK {blockData=[blockId=conID: 1 locID: 102650153682731553 bcsId: 0,size=1048576]} | ret=SUCCESS |  
2019-08-20 16:04:02,292 [grpc-default-executor-5] INFO  client.GrpcClientProtocolClient (GrpcClientProtocolClient.java:onNext(255)) - client-EAA342753240->9a4a4c23-9ff3-4ce3-a619-2c71c0869997: receive RaftClientReply:client-EAA342753240->9a4a4c23-9ff3-4ce3-a619-2c71c0869997@group-EC4211DF0353, cid=2014, SUCCESS, logIndex=2945, commits[9a4a4c23-9ff3-4ce3-a619-2c71c0869997:c2947, 9b0072ab-15b3-4973-9bcb-7fa02f6bfea9:c2944, 9f215ef2-7d46-4cda-b695-cae1b893f75f:c2944]
2019-08-20 16:04:02,292 | INFO  | DNAudit | user=null | ip=null | op=WRITE_CHUNK {blockData=conID: 1 locID: 102650153682731553 bcsId: 0} | ret=SUCCESS |  
2019-08-20 16:04:02,292 | INFO  | DNAudit | user=null | ip=null | op=PUT_BLOCK {blockData=[blockId=conID: 1 locID: 102650153682731553 bcsId: 0,size=2097152]} | ret=SUCCESS |  
2019-08-20 16:04:02,292 [grpc-default-executor-5] INFO  client.GrpcClientProtocolClient (GrpcClientProtocolClient.java:onNext(255)) - client-EAA342753240->9a4a4c23-9ff3-4ce3-a619-2c71c0869997: receive RaftClientReply:client-EAA342753240->9a4a4c23-9ff3-4ce3-a619-2c71c0869997@group-EC4211DF0353, cid=2015, SUCCESS, logIndex=2946, commits[9a4a4c23-9ff3-4ce3-a619-2c71c0869997:c2948, 9b0072ab-15b3-4973-9bcb-7fa02f6bfea9:c2944, 9f215ef2-7d46-4cda-b695-cae1b893f75f:c2944]
2019-08-20 16:04:02,293 [grpc-default-executor-5] INFO  client.GrpcClientProtocolClient (GrpcClientProtocolClient.java:onNext(255)) - client-EAA342753240->9a4a4c23-9ff3-4ce3-a619-2c71c0869997: receive RaftClientReply:client-EAA342753240->9a4a4c23-9ff3-4ce3-a619-2c71c0869997@group-EC4211DF0353, cid=2016, SUCCESS, logIndex=2947, commits[9a4a4c23-9ff3-4ce3-a619-2c71c0869997:c2948, 9b0072ab-15b3-4973-9bcb-7fa02f6bfea9:c2944, 9f215ef2-7d46-4cda-b695-cae1b893f75f:c2944]
2019-08-20 16:04:02,293 [grpc-default-executor-5] INFO  client.GrpcClientProtocolClient (GrpcClientProtocolClient.java:onNext(255)) - client-EAA342753240->9a4a4c23-9ff3-4ce3-a619-2c71c0869997: receive RaftClientReply:client-EAA342753240->9a4a4c23-9ff3-4ce3-a619-2c71c0869997@group-EC4211DF0353, cid=2017, SUCCESS, logIndex=2948, commits[9a4a4c23-9ff3-4ce3-a619-2c71c0869997:c2948, 9b0072ab-15b3-4973-9bcb-7fa02f6bfea9:c2944, 9f215ef2-7d46-4cda-b695-cae1b893f75f:c2944]
2019-08-20 16:04:02,295 | INFO  | DNAudit | user=null | ip=null | op=WRITE_CHUNK {blockData=conID: 1 locID: 102650153682731553 bcsId: 0} | ret=SUCCESS |  
2019-08-20 16:04:02,295 | INFO  | DNAudit | user=null | ip=null | op=WRITE_CHUNK {blockData=conID: 1 locID: 102650153682731553 bcsId: 0} | ret=SUCCESS |  
2019-08-20 16:04:02,295 | INFO  | DNAudit | user=null | ip=null | op=PUT_BLOCK {blockData=[blockId=conID: 1 locID: 102650153682731553 bcsId: 0,size=1048576]} | ret=SUCCESS |  
2019-08-20 16:04:02,295 | INFO  | DNAudit | user=null | ip=null | op=PUT_BLOCK {blockData=[blockId=conID: 1 locID: 102650153682731553 bcsId: 0,size=1048576]} | ret=SUCCESS |  
2019-08-20 16:04:02,295 [grpc-default-executor-1] INFO  client.GrpcClientProtocolClient (GrpcClientProtocolClient.java:onNext(255)) - client-EAA342753240->9a4a4c23-9ff3-4ce3-a619-2c71c0869997: receive RaftClientReply:client-EAA342753240->9a4a4c23-9ff3-4ce3-a619-2c71c0869997@group-EC4211DF0353, cid=2018, SUCCESS, logIndex=0, commits[9a4a4c23-9ff3-4ce3-a619-2c71c0869997:c2949, 9b0072ab-15b3-4973-9bcb-7fa02f6bfea9:c2946, 9f215ef2-7d46-4cda-b695-cae1b893f75f:c2946]
2019-08-20 16:04:02,296 | INFO  | DNAudit | user=null | ip=null | op=WRITE_CHUNK {blockData=conID: 1 locID: 102650153682731553 bcsId: 0} | ret=SUCCESS |  
2019-08-20 16:04:02,296 | INFO  | DNAudit | user=null | ip=null | op=PUT_BLOCK {blockData=[blockId=conID: 1 locID: 102650153682731553 bcsId: 0,size=2097152]} | ret=SUCCESS |  
2019-08-20 16:04:02,296 | INFO  | DNAudit | user=null | ip=null | op=WRITE_CHUNK {blockData=conID: 1 locID: 102650153682731553 bcsId: 0} | ret=SUCCESS |  
2019-08-20 16:04:02,297 | INFO  | DNAudit | user=null | ip=null | op=PUT_BLOCK {blockData=[blockId=conID: 1 locID: 102650153682731553 bcsId: 0,size=2097152]} | ret=SUCCESS |  
2019-08-20 16:04:02,307 | INFO  | DNAudit | user=null | ip=null | op=WRITE_CHUNK {blockData=conID: 1 locID: 102650153682731553 bcsId: 2948} | ret=SUCCESS |  
2019-08-20 16:04:02,308 | INFO  | DNAudit | user=null | ip=null | op=WRITE_CHUNK {blockData=conID: 1 locID: 102650153682731553 bcsId: 2948} | ret=SUCCESS |  
2019-08-20 16:04:02,308 | INFO  | DNAudit | user=null | ip=null | op=WRITE_CHUNK {blockData=conID: 1 locID: 102650153682731553 bcsId: 2948} | ret=SUCCESS |  
2019-08-20 16:04:02,312 | INFO  | DNAudit | user=null | ip=null | op=WRITE_CHUNK {blockData=conID: 1 locID: 102650153682731553 bcsId: 2948} | ret=SUCCESS |  
2019-08-20 16:04:02,312 [grpc-default-executor-5] INFO  client.GrpcClientProtocolClient (GrpcClientProtocolClient.java:onNext(255)) - client-EAA342753240->9a4a4c23-9ff3-4ce3-a619-2c71c0869997: receive RaftClientReply:client-EAA342753240->9a4a4c23-9ff3-4ce3-a619-2c71c0869997@group-EC4211DF0353, cid=2019, SUCCESS, logIndex=2953, commits[9a4a4c23-9ff3-4ce3-a619-2c71c0869997:c2954, 9b0072ab-15b3-4973-9bcb-7fa02f6bfea9:c2952, 9f215ef2-7d46-4cda-b695-cae1b893f75f:c2952]
2019-08-20 16:04:02,313 | INFO  | DNAudit | user=null | ip=null | op=PUT_BLOCK {blockData=[blockId=conID: 1 locID: 102650153682731553 bcsId: 0,size=3145728]} | ret=SUCCESS |  
2019-08-20 16:04:02,313 [grpc-default-executor-5] INFO  client.GrpcClientProtocolClient (GrpcClientProtocolClient.java:onNext(255)) - client-EAA342753240->9a4a4c23-9ff3-4ce3-a619-2c71c0869997: receive RaftClientReply:client-EAA342753240->9a4a4c23-9ff3-4ce3-a619-2c71c0869997@group-EC4211DF0353, cid=2020, SUCCESS, logIndex=2954, commits[9a4a4c23-9ff3-4ce3-a619-2c71c0869997:c2954, 9b0072ab-15b3-4973-9bcb-7fa02f6bfea9:c2952, 9f215ef2-7d46-4cda-b695-cae1b893f75f:c2952]
2019-08-20 16:04:02,318 | INFO  | DNAudit | user=null | ip=null | op=WRITE_CHUNK {blockData=conID: 1 locID: 102650153682731553 bcsId: 2954} | ret=SUCCESS |  
2019-08-20 16:04:02,320 | INFO  | DNAudit | user=null | ip=null | op=WRITE_CHUNK {blockData=conID: 1 locID: 102650153682731553 bcsId: 2954} | ret=SUCCESS |  
2019-08-20 16:04:02,321 | INFO  | DNAudit | user=null | ip=null | op=WRITE_CHUNK {blockData=conID: 1 locID: 102650153682731553 bcsId: 2954} | ret=SUCCESS |  
2019-08-20 16:04:02,323 | INFO  | DNAudit | user=null | ip=null | op=WRITE_CHUNK {blockData=conID: 1 locID: 102650153682731553 bcsId: 2948} | ret=SUCCESS |  
2019-08-20 16:04:02,324 | INFO  | DNAudit | user=null | ip=null | op=WRITE_CHUNK {blockData=conID: 1 locID: 102650153682731553 bcsId: 2948} | ret=SUCCESS |  
2019-08-20 16:04:02,324 | INFO  | DNAudit | user=null | ip=null | op=PUT_BLOCK {blockData=[blockId=conID: 1 locID: 102650153682731553 bcsId: 0,size=3145728]} | ret=SUCCESS |  
2019-08-20 16:04:02,324 | INFO  | DNAudit | user=null | ip=null | op=PUT_BLOCK {blockData=[blockId=conID: 1 locID: 102650153682731553 bcsId: 0,size=3145728]} | ret=SUCCESS |  
2019-08-20 16:04:02,325 | INFO  | DNAudit | user=null | ip=null | op=WRITE_CHUNK {blockData=conID: 1 locID: 102650153682731553 bcsId: 2954} | ret=SUCCESS |  
2019-08-20 16:04:02,326 | INFO  | DNAudit | user=null | ip=null | op=PUT_BLOCK {blockData=[blockId=conID: 1 locID: 102650153682731553 bcsId: 0,size=4194304]} | ret=SUCCESS |  
2019-08-20 16:04:02,326 [grpc-default-executor-5] INFO  client.GrpcClientProtocolClient (GrpcClientProtocolClient.java:onNext(255)) - client-EAA342753240->9a4a4c23-9ff3-4ce3-a619-2c71c0869997: receive RaftClientReply:client-EAA342753240->9a4a4c23-9ff3-4ce3-a619-2c71c0869997@group-EC4211DF0353, cid=2021, SUCCESS, logIndex=2957, commits[9a4a4c23-9ff3-4ce3-a619-2c71c0869997:c2958, 9b0072ab-15b3-4973-9bcb-7fa02f6bfea9:c2954, 9f215ef2-7d46-4cda-b695-cae1b893f75f:c2954]
2019-08-20 16:04:02,326 [grpc-default-executor-5] INFO  client.GrpcClientProtocolClient (GrpcClientProtocolClient.java:onNext(255)) - client-EAA342753240->9a4a4c23-9ff3-4ce3-a619-2c71c0869997: receive RaftClientReply:client-EAA342753240->9a4a4c23-9ff3-4ce3-a619-2c71c0869997@group-EC4211DF0353, cid=2022, SUCCESS, logIndex=2958, commits[9a4a4c23-9ff3-4ce3-a619-2c71c0869997:c2958, 9b0072ab-15b3-4973-9bcb-7fa02f6bfea9:c2954, 9f215ef2-7d46-4cda-b695-cae1b893f75f:c2954]
2019-08-20 16:04:02,337 | INFO  | DNAudit | user=null | ip=null | op=WRITE_CHUNK {blockData=conID: 1 locID: 102650153682731553 bcsId: 2954} | ret=SUCCESS |  
2019-08-20 16:04:02,337 | INFO  | DNAudit | user=null | ip=null | op=WRITE_CHUNK {blockData=conID: 1 locID: 102650153682731553 bcsId: 2954} | ret=SUCCESS |  
2019-08-20 16:04:02,339 | INFO  | DNAudit | user=null | ip=null | op=PUT_BLOCK {blockData=[blockId=conID: 1 locID: 102650153682731553 bcsId: 0,size=4194304]} | ret=SUCCESS |  
2019-08-20 16:04:02,339 | INFO  | DNAudit | user=null | ip=null | op=PUT_BLOCK {blockData=[blockId=conID: 1 locID: 102650153682731553 bcsId: 0,size=4194304]} | ret=SUCCESS |  
2019-08-20 16:04:02,339 [grpc-default-executor-6] INFO  client.GrpcClientProtocolClient (GrpcClientProtocolClient.java:onNext(255)) - client-EAA342753240->9a4a4c23-9ff3-4ce3-a619-2c71c0869997: receive RaftClientReply:client-EAA342753240->9a4a4c23-9ff3-4ce3-a619-2c71c0869997@group-EC4211DF0353, cid=2023, SUCCESS, logIndex=0, commits[9a4a4c23-9ff3-4ce3-a619-2c71c0869997:c2960, 9b0072ab-15b3-4973-9bcb-7fa02f6bfea9:c2958, 9f215ef2-7d46-4cda-b695-cae1b893f75f:c2958]
2019-08-20 16:04:02,344 | INFO  | SCMAudit | user=jenkins1000 | ip=192.168.69.96 | op=ALLOCATE_BLOCK {owner=ea4851f9-218c-4af7-91b4-edb777a4888c, size=4194304, type=RATIS, factor=THREE} | ret=SUCCESS |  
2019-08-20 16:04:02,346 | INFO  | OMAudit | user=jenkins1000 | ip=127.0.0.1 | op=ALLOCATE_BLOCK {volume=vol-0-94146, bucket=bucket-0-90789, key=key-0-25609, dataSize=0, replicationType=null, replicationFactor=null, keyLocationInfo=null, clientID=102650152704082322} | ret=SUCCESS |  
2019-08-20 16:04:02,353 | INFO  | DNAudit | user=null | ip=null | op=WRITE_CHUNK {blockData=conID: 2 locID: 102650153686991394 bcsId: 0} | ret=SUCCESS |  
2019-08-20 16:04:02,354 | INFO  | DNAudit | user=null | ip=null | op=WRITE_CHUNK {blockData=conID: 2 locID: 102650153686991394 bcsId: 0} | ret=SUCCESS |  
2019-08-20 16:04:02,354 | INFO  | DNAudit | user=null | ip=null | op=WRITE_CHUNK {blockData=conID: 2 locID: 102650153686991394 bcsId: 0} | ret=SUCCESS |  
2019-08-20 16:04:02,354 | INFO  | DNAudit | user=null | ip=null | op=WRITE_CHUNK {blockData=conID: 2 locID: 102650153686991394 bcsId: 0} | ret=SUCCESS |  
2019-08-20 16:04:02,365 | INFO  | DNAudit | user=null | ip=null | op=WRITE_CHUNK {blockData=conID: 2 locID: 102650153686991394 bcsId: 0} | ret=SUCCESS |  
2019-08-20 16:04:02,365 | INFO  | DNAudit | user=null | ip=null | op=WRITE_CHUNK {blockData=conID: 2 locID: 102650153686991394 bcsId: 0} | ret=SUCCESS |  
2019-08-20 16:04:02,377 | INFO  | DNAudit | user=null | ip=null | op=WRITE_CHUNK {blockData=conID: 2 locID: 102650153686991394 bcsId: 0} | ret=SUCCESS |  
2019-08-20 16:04:02,377 | INFO  | DNAudit | user=null | ip=null | op=PUT_BLOCK {blockData=[blockId=conID: 2 locID: 102650153686991394 bcsId: 0,size=1048576]} | ret=SUCCESS |  
2019-08-20 16:04:02,377 [grpc-default-executor-5] INFO  client.GrpcClientProtocolClient (GrpcClientProtocolClient.java:onNext(255)) - client-EAA342753240->9a4a4c23-9ff3-4ce3-a619-2c71c0869997: receive RaftClientReply:client-EAA342753240->9a4a4c23-9ff3-4ce3-a619-2c71c0869997@group-EC4211DF0353, cid=2024, SUCCESS, logIndex=2961, commits[9a4a4c23-9ff3-4ce3-a619-2c71c0869997:c2962, 9b0072ab-15b3-4973-9bcb-7fa02f6bfea9:c2960, 9f215ef2-7d46-4cda-b695-cae1b893f75f:c2960]
2019-08-20 16:04:02,378 | INFO  | DNAudit | user=null | ip=null | op=WRITE_CHUNK {blockData=conID: 2 locID: 102650153686991394 bcsId: 0} | ret=SUCCESS |  
2019-08-20 16:04:02,378 [grpc-default-executor-5] INFO  client.GrpcClientProtocolClient (GrpcClientProtocolClient.java:onNext(255)) - client-EAA342753240->9a4a4c23-9ff3-4ce3-a619-2c71c0869997: receive RaftClientReply:client-EAA342753240->9a4a4c23-9ff3-4ce3-a619-2c71c0869997@group-EC4211DF0353, cid=2025, SUCCESS, logIndex=2962, commits[9a4a4c23-9ff3-4ce3-a619-2c71c0869997:c2962, 9b0072ab-15b3-4973-9bcb-7fa02f6bfea9:c2960, 9f215ef2-7d46-4cda-b695-cae1b893f75f:c2960]
2019-08-20 16:04:02,378 | INFO  | DNAudit | user=null | ip=null | op=PUT_BLOCK {blockData=[blockId=conID: 2 locID: 102650153686991394 bcsId: 0,size=2097152]} | ret=SUCCESS |  
2019-08-20 16:04:02,378 [grpc-default-executor-5] INFO  client.GrpcClientProtocolClient (GrpcClientProtocolClient.java:onNext(255)) - client-EAA342753240->9a4a4c23-9ff3-4ce3-a619-2c71c0869997: receive RaftClientReply:client-EAA342753240->9a4a4c23-9ff3-4ce3-a619-2c71c0869997@group-EC4211DF0353, cid=2026, SUCCESS, logIndex=2963, commits[9a4a4c23-9ff3-4ce3-a619-2c71c0869997:c2964, 9b0072ab-15b3-4973-9bcb-7fa02f6bfea9:c2960, 9f215ef2-7d46-4cda-b695-cae1b893f75f:c2960]
2019-08-20 16:04:02,378 [grpc-default-executor-5] INFO  client.GrpcClientProtocolClient (GrpcClientProtocolClient.java:onNext(255)) - client-EAA342753240->9a4a4c23-9ff3-4ce3-a619-2c71c0869997: receive RaftClientReply:client-EAA342753240->9a4a4c23-9ff3-4ce3-a619-2c71c0869997@group-EC4211DF0353, cid=2027, SUCCESS, logIndex=2964, commits[9a4a4c23-9ff3-4ce3-a619-2c71c0869997:c2964, 9b0072ab-15b3-4973-9bcb-7fa02f6bfea9:c2960, 9f215ef2-7d46-4cda-b695-cae1b893f75f:c2960]
2019-08-20 16:04:02,389 | INFO  | DNAudit | user=null | ip=null | op=WRITE_CHUNK {blockData=conID: 2 locID: 102650153686991394 bcsId: 0} | ret=SUCCESS |  
2019-08-20 16:04:02,389 | INFO  | DNAudit | user=null | ip=null | op=PUT_BLOCK {blockData=[blockId=conID: 2 locID: 102650153686991394 bcsId: 0,size=1048576]} | ret=SUCCESS |  
2019-08-20 16:04:02,390 | INFO  | DNAudit | user=null | ip=null | op=WRITE_CHUNK {blockData=conID: 2 locID: 102650153686991394 bcsId: 0} | ret=SUCCESS |  
2019-08-20 16:04:02,391 | INFO  | DNAudit | user=null | ip=null | op=WRITE_CHUNK {blockData=conID: 2 locID: 102650153686991394 bcsId: 0} | ret=SUCCESS |  
2019-08-20 16:04:02,391 | INFO  | DNAudit | user=null | ip=null | op=PUT_BLOCK {blockData=[blockId=conID: 2 locID: 102650153686991394 bcsId: 0,size=1048576]} | ret=SUCCESS |  
2019-08-20 16:04:02,391 | INFO  | DNAudit | user=null | ip=null | op=PUT_BLOCK {blockData=[blockId=conID: 2 locID: 102650153686991394 bcsId: 0,size=2097152]} | ret=SUCCESS |  
2019-08-20 16:04:02,391 [grpc-default-executor-5] INFO  client.GrpcClientProtocolClient (GrpcClientProtocolClient.java:onNext(255)) - client-EAA342753240->9a4a4c23-9ff3-4ce3-a619-2c71c0869997: receive RaftClientReply:client-EAA342753240->9a4a4c23-9ff3-4ce3-a619-2c71c0869997@group-EC4211DF0353, cid=2028, SUCCESS, logIndex=0, commits[9a4a4c23-9ff3-4ce3-a619-2c71c0869997:c2966, 9b0072ab-15b3-4973-9bcb-7fa02f6bfea9:c2962, 9f215ef2-7d46-4cda-b695-cae1b893f75f:c2962]
2019-08-20 16:04:02,391 | INFO  | DNAudit | user=null | ip=null | op=WRITE_CHUNK {blockData=conID: 2 locID: 102650153686991394 bcsId: 0} | ret=SUCCESS |  
2019-08-20 16:04:02,391 | INFO  | DNAudit | user=null | ip=null | op=PUT_BLOCK {blockData=[blockId=conID: 2 locID: 102650153686991394 bcsId: 0,size=2097152]} | ret=SUCCESS |  
2019-08-20 16:04:02,398 | INFO  | DNAudit | user=null | ip=null | op=WRITE_CHUNK {blockData=conID: 2 locID: 102650153686991394 bcsId: 2964} | ret=SUCCESS |  
2019-08-20 16:04:02,399 | INFO  | DNAudit | user=null | ip=null | op=WRITE_CHUNK {blockData=conID: 2 locID: 102650153686991394 bcsId: 2964} | ret=SUCCESS |  
2019-08-20 16:04:02,400 | INFO  | DNAudit | user=null | ip=null | op=WRITE_CHUNK {blockData=conID: 2 locID: 102650153686991394 bcsId: 2964} | ret=SUCCESS |  
2019-08-20 16:04:02,410 | INFO  | DNAudit | user=null | ip=null | op=WRITE_CHUNK {blockData=conID: 2 locID: 102650153686991394 bcsId: 2964} | ret=SUCCESS |  
2019-08-20 16:04:02,411 | INFO  | DNAudit | user=null | ip=null | op=PUT_BLOCK {blockData=[blockId=conID: 2 locID: 102650153686991394 bcsId: 0,size=3145728]} | ret=SUCCESS |  
2019-08-20 16:04:02,411 [grpc-default-executor-1] INFO  client.GrpcClientProtocolClient (GrpcClientProtocolClient.java:onNext(255)) - client-EAA342753240->9a4a4c23-9ff3-4ce3-a619-2c71c0869997: receive RaftClientReply:client-EAA342753240->9a4a4c23-9ff3-4ce3-a619-2c71c0869997@group-EC4211DF0353, cid=2029, SUCCESS, logIndex=2969, commits[9a4a4c23-9ff3-4ce3-a619-2c71c0869997:c2970, 9b0072ab-15b3-4973-9bcb-7fa02f6bfea9:c2968, 9f215ef2-7d46-4cda-b695-cae1b893f75f:c2968]
2019-08-20 16:04:02,411 [grpc-default-executor-1] INFO  client.GrpcClientProtocolClient (GrpcClientProtocolClient.java:onNext(255)) - client-EAA342753240->9a4a4c23-9ff3-4ce3-a619-2c71c0869997: receive RaftClientReply:client-EAA342753240->9a4a4c23-9ff3-4ce3-a619-2c71c0869997@group-EC4211DF0353, cid=2030, SUCCESS, logIndex=2970, commits[9a4a4c23-9ff3-4ce3-a619-2c71c0869997:c2970, 9b0072ab-15b3-4973-9bcb-7fa02f6bfea9:c2968, 9f215ef2-7d46-4cda-b695-cae1b893f75f:c2968]
2019-08-20 16:04:02,417 | INFO  | DNAudit | user=null | ip=null | op=WRITE_CHUNK {blockData=conID: 2 locID: 102650153686991394 bcsId: 2970} | ret=SUCCESS |  
2019-08-20 16:04:02,419 | INFO  | DNAudit | user=null | ip=null | op=WRITE_CHUNK {blockData=conID: 2 locID: 102650153686991394 bcsId: 2970} | ret=SUCCESS |  
2019-08-20 16:04:02,419 | INFO  | DNAudit | user=null | ip=null | op=WRITE_CHUNK {blockData=conID: 2 locID: 102650153686991394 bcsId: 2970} | ret=SUCCESS |  
2019-08-20 16:04:02,422 | INFO  | DNAudit | user=null | ip=null | op=WRITE_CHUNK {blockData=conID: 2 locID: 102650153686991394 bcsId: 2964} | ret=SUCCESS |  
2019-08-20 16:04:02,422 | INFO  | DNAudit | user=null | ip=null | op=WRITE_CHUNK {blockData=conID: 2 locID: 102650153686991394 bcsId: 2964} | ret=SUCCESS |  
2019-08-20 16:04:02,424 | INFO  | DNAudit | user=null | ip=null | op=PUT_BLOCK {blockData=[blockId=conID: 2 locID: 102650153686991394 bcsId: 0,size=3145728]} | ret=SUCCESS |  
2019-08-20 16:04:02,424 | INFO  | DNAudit | user=null | ip=null | op=PUT_BLOCK {blockData=[blockId=conID: 2 locID: 102650153686991394 bcsId: 0,size=3145728]} | ret=SUCCESS |  
2019-08-20 16:04:02,424 | INFO  | DNAudit | user=null | ip=null | op=WRITE_CHUNK {blockData=conID: 2 locID: 102650153686991394 bcsId: 2970} | ret=SUCCESS |  
2019-08-20 16:04:02,424 | INFO  | DNAudit | user=null | ip=null | op=PUT_BLOCK {blockData=[blockId=conID: 2 locID: 102650153686991394 bcsId: 0,size=4194304]} | ret=SUCCESS |  
2019-08-20 16:04:02,425 [grpc-default-executor-6] INFO  client.GrpcClientProtocolClient (GrpcClientProtocolClient.java:onNext(255)) - client-EAA342753240->9a4a4c23-9ff3-4ce3-a619-2c71c0869997: receive RaftClientReply:client-EAA342753240->9a4a4c23-9ff3-4ce3-a619-2c71c0869997@group-EC4211DF0353, cid=2031, SUCCESS, logIndex=2973, commits[9a4a4c23-9ff3-4ce3-a619-2c71c0869997:c2974, 9b0072ab-15b3-4973-9bcb-7fa02f6bfea9:c2970, 9f215ef2-7d46-4cda-b695-cae1b893f75f:c2970]
2019-08-20 16:04:02,425 [grpc-default-executor-6] INFO  client.GrpcClientProtocolClient (GrpcClientProtocolClient.java:onNext(255)) - client-EAA342753240->9a4a4c23-9ff3-4ce3-a619-2c71c0869997: receive RaftClientReply:client-EAA342753240->9a4a4c23-9ff3-4ce3-a619-2c71c0869997@group-EC4211DF0353, cid=2032, SUCCESS, logIndex=2974, commits[9a4a4c23-9ff3-4ce3-a619-2c71c0869997:c2974, 9b0072ab-15b3-4973-9bcb-7fa02f6bfea9:c2970, 9f215ef2-7d46-4cda-b695-cae1b893f75f:c2970]
2019-08-20 16:04:02,436 | INFO  | DNAudit | user=null | ip=null | op=WRITE_CHUNK {blockData=conID: 2 locID: 102650153686991394 bcsId: 2970} | ret=SUCCESS |  
2019-08-20 16:04:02,436 | INFO  | DNAudit | user=null | ip=null | op=WRITE_CHUNK {blockData=conID: 2 locID: 102650153686991394 bcsId: 2970} | ret=SUCCESS |  
2019-08-20 16:04:02,437 | INFO  | DNAudit | user=null | ip=null | op=PUT_BLOCK {blockData=[blockId=conID: 2 locID: 102650153686991394 bcsId: 0,size=4194304]} | ret=SUCCESS |  
2019-08-20 16:04:02,438 | INFO  | DNAudit | user=null | ip=null | op=PUT_BLOCK {blockData=[blockId=conID: 2 locID: 102650153686991394 bcsId: 0,size=4194304]} | ret=SUCCESS |  
2019-08-20 16:04:02,438 [grpc-default-executor-6] INFO  client.GrpcClientProtocolClient (GrpcClientProtocolClient.java:onNext(255)) - client-EAA342753240->9a4a4c23-9ff3-4ce3-a619-2c71c0869997: receive RaftClientReply:client-EAA342753240->9a4a4c23-9ff3-4ce3-a619-2c71c0869997@group-EC4211DF0353, cid=2033, SUCCESS, logIndex=0, commits[9a4a4c23-9ff3-4ce3-a619-2c71c0869997:c2976, 9b0072ab-15b3-4973-9bcb-7fa02f6bfea9:c2974, 9f215ef2-7d46-4cda-b695-cae1b893f75f:c2974]
2019-08-20 16:04:02,441 | INFO  | SCMAudit | user=jenkins1000 | ip=192.168.69.96 | op=ALLOCATE_BLOCK {owner=ea4851f9-218c-4af7-91b4-edb777a4888c, size=4194304, type=RATIS, factor=THREE} | ret=SUCCESS |  
2019-08-20 16:04:02,444 | INFO  | OMAudit | user=jenkins1000 | ip=127.0.0.1 | op=ALLOCATE_BLOCK {volume=vol-0-94146, bucket=bucket-0-90789, key=key-0-25609, dataSize=0, replicationType=null, replicationFactor=null, keyLocationInfo=null, clientID=102650152704082322} | ret=SUCCESS |  
2019-08-20 16:04:02,451 | INFO  | DNAudit | user=null | ip=null | op=WRITE_CHUNK {blockData=conID: 3 locID: 102650153693413923 bcsId: 0} | ret=SUCCESS |  
2019-08-20 16:04:02,453 | INFO  | DNAudit | user=null | ip=null | op=WRITE_CHUNK {blockData=conID: 3 locID: 102650153693413923 bcsId: 0} | ret=SUCCESS |  
2019-08-20 16:04:02,453 | INFO  | DNAudit | user=null | ip=null | op=WRITE_CHUNK {blockData=conID: 3 locID: 102650153693413923 bcsId: 0} | ret=SUCCESS |  
2019-08-20 16:04:02,454 | INFO  | DNAudit | user=null | ip=null | op=WRITE_CHUNK {blockData=conID: 3 locID: 102650153693413923 bcsId: 0} | ret=SUCCESS |  
2019-08-20 16:04:02,456 | INFO  | DNAudit | user=null | ip=null | op=WRITE_CHUNK {blockData=conID: 3 locID: 102650153693413923 bcsId: 0} | ret=SUCCESS |  
2019-08-20 16:04:02,456 | INFO  | DNAudit | user=null | ip=null | op=WRITE_CHUNK {blockData=conID: 3 locID: 102650153693413923 bcsId: 0} | ret=SUCCESS |  
2019-08-20 16:04:02,464 | INFO  | DNAudit | user=null | ip=null | op=WRITE_CHUNK {blockData=conID: 3 locID: 102650153693413923 bcsId: 0} | ret=SUCCESS |  
2019-08-20 16:04:02,464 | INFO  | DNAudit | user=null | ip=null | op=PUT_BLOCK {blockData=[blockId=conID: 3 locID: 102650153693413923 bcsId: 0,size=1048576]} | ret=SUCCESS |  
2019-08-20 16:04:02,464 [grpc-default-executor-1] INFO  client.GrpcClientProtocolClient (GrpcClientProtocolClient.java:onNext(255)) - client-EAA342753240->9a4a4c23-9ff3-4ce3-a619-2c71c0869997: receive RaftClientReply:client-EAA342753240->9a4a4c23-9ff3-4ce3-a619-2c71c0869997@group-EC4211DF0353, cid=2034, SUCCESS, logIndex=2977, commits[9a4a4c23-9ff3-4ce3-a619-2c71c0869997:c2978, 9b0072ab-15b3-4973-9bcb-7fa02f6bfea9:c2976, 9f215ef2-7d46-4cda-b695-cae1b893f75f:c2976]
2019-08-20 16:04:02,465 [grpc-default-executor-1] INFO  client.GrpcClientProtocolClient (GrpcClientProtocolClient.java:onNext(255)) - client-EAA342753240->9a4a4c23-9ff3-4ce3-a619-2c71c0869997: receive RaftClientReply:client-EAA342753240->9a4a4c23-9ff3-4ce3-a619-2c71c0869997@group-EC4211DF0353, cid=2035, SUCCESS, logIndex=2978, commits[9a4a4c23-9ff3-4ce3-a619-2c71c0869997:c2978, 9b0072ab-15b3-4973-9bcb-7fa02f6bfea9:c2976, 9f215ef2-7d46-4cda-b695-cae1b893f75f:c2976]
2019-08-20 16:04:02,466 | INFO  | DNAudit | user=null | ip=null | op=WRITE_CHUNK {blockData=conID: 3 locID: 102650153693413923 bcsId: 0} | ret=SUCCESS |  
2019-08-20 16:04:02,467 | INFO  | DNAudit | user=null | ip=null | op=PUT_BLOCK {blockData=[blockId=conID: 3 locID: 102650153693413923 bcsId: 0,size=2097152]} | ret=SUCCESS |  
2019-08-20 16:04:02,467 [grpc-default-executor-6] INFO  client.GrpcClientProtocolClient (GrpcClientProtocolClient.java:onNext(255)) - client-EAA342753240->9a4a4c23-9ff3-4ce3-a619-2c71c0869997: receive RaftClientReply:client-EAA342753240->9a4a4c23-9ff3-4ce3-a619-2c71c0869997@group-EC4211DF0353, cid=2036, SUCCESS, logIndex=2979, commits[9a4a4c23-9ff3-4ce3-a619-2c71c0869997:c2980, 9b0072ab-15b3-4973-9bcb-7fa02f6bfea9:c2976, 9f215ef2-7d46-4cda-b695-cae1b893f75f:c2976]
2019-08-20 16:04:02,467 [grpc-default-executor-6] INFO  client.GrpcClientProtocolClient (GrpcClientProtocolClient.java:onNext(255)) - client-EAA342753240->9a4a4c23-9ff3-4ce3-a619-2c71c0869997: receive RaftClientReply:client-EAA342753240->9a4a4c23-9ff3-4ce3-a619-2c71c0869997@group-EC4211DF0353, cid=2037, SUCCESS, logIndex=2980, commits[9a4a4c23-9ff3-4ce3-a619-2c71c0869997:c2980, 9b0072ab-15b3-4973-9bcb-7fa02f6bfea9:c2976, 9f215ef2-7d46-4cda-b695-cae1b893f75f:c2976]
2019-08-20 16:04:02,468 | INFO  | DNAudit | user=null | ip=null | op=WRITE_CHUNK {blockData=conID: 3 locID: 102650153693413923 bcsId: 0} | ret=SUCCESS |  
2019-08-20 16:04:02,468 | INFO  | DNAudit | user=null | ip=null | op=PUT_BLOCK {blockData=[blockId=conID: 3 locID: 102650153693413923 bcsId: 0,size=1048576]} | ret=SUCCESS |  
2019-08-20 16:04:02,468 | INFO  | DNAudit | user=null | ip=null | op=WRITE_CHUNK {blockData=conID: 3 locID: 102650153693413923 bcsId: 0} | ret=SUCCESS |  
2019-08-20 16:04:02,468 [grpc-default-executor-6] INFO  client.GrpcClientProtocolClient (GrpcClientProtocolClient.java:onNext(255)) - client-EAA342753240->9a4a4c23-9ff3-4ce3-a619-2c71c0869997: receive RaftClientReply:client-EAA342753240->9a4a4c23-9ff3-4ce3-a619-2c71c0869997@group-EC4211DF0353, cid=2038, SUCCESS, logIndex=0, commits[9a4a4c23-9ff3-4ce3-a619-2c71c0869997:c2982, 9b0072ab-15b3-4973-9bcb-7fa02f6bfea9:c2978, 9f215ef2-7d46-4cda-b695-cae1b893f75f:c2978]
2019-08-20 16:04:02,468 | INFO  | DNAudit | user=null | ip=null | op=PUT_BLOCK {blockData=[blockId=conID: 3 locID: 102650153693413923 bcsId: 0,size=1048576]} | ret=SUCCESS |  
2019-08-20 16:04:02,470 | INFO  | DNAudit | user=null | ip=null | op=WRITE_CHUNK {blockData=conID: 3 locID: 102650153693413923 bcsId: 0} | ret=SUCCESS |  
2019-08-20 16:04:02,470 | INFO  | DNAudit | user=null | ip=null | op=WRITE_CHUNK {blockData=conID: 3 locID: 102650153693413923 bcsId: 0} | ret=SUCCESS |  
2019-08-20 16:04:02,470 | INFO  | DNAudit | user=null | ip=null | op=PUT_BLOCK {blockData=[blockId=conID: 3 locID: 102650153693413923 bcsId: 0,size=2097152]} | ret=SUCCESS |  
2019-08-20 16:04:02,470 | INFO  | DNAudit | user=null | ip=null | op=PUT_BLOCK {blockData=[blockId=conID: 3 locID: 102650153693413923 bcsId: 0,size=2097152]} | ret=SUCCESS |  
2019-08-20 16:04:02,474 | INFO  | DNAudit | user=null | ip=null | op=WRITE_CHUNK {blockData=conID: 3 locID: 102650153693413923 bcsId: 2980} | ret=SUCCESS |  
2019-08-20 16:04:02,475 | INFO  | DNAudit | user=null | ip=null | op=WRITE_CHUNK {blockData=conID: 3 locID: 102650153693413923 bcsId: 2980} | ret=SUCCESS |  
2019-08-20 16:04:02,476 | INFO  | DNAudit | user=null | ip=null | op=WRITE_CHUNK {blockData=conID: 3 locID: 102650153693413923 bcsId: 2980} | ret=SUCCESS |  
2019-08-20 16:04:02,477 | INFO  | DNAudit | user=null | ip=null | op=WRITE_CHUNK {blockData=conID: 3 locID: 102650153693413923 bcsId: 2980} | ret=SUCCESS |  
2019-08-20 16:04:02,478 | INFO  | DNAudit | user=null | ip=null | op=PUT_BLOCK {blockData=[blockId=conID: 3 locID: 102650153693413923 bcsId: 0,size=3145728]} | ret=SUCCESS |  
2019-08-20 16:04:02,478 [grpc-default-executor-1] INFO  client.GrpcClientProtocolClient (GrpcClientProtocolClient.java:onNext(255)) - client-EAA342753240->9a4a4c23-9ff3-4ce3-a619-2c71c0869997: receive RaftClientReply:client-EAA342753240->9a4a4c23-9ff3-4ce3-a619-2c71c0869997@group-EC4211DF0353, cid=2039, SUCCESS, logIndex=2985, commits[9a4a4c23-9ff3-4ce3-a619-2c71c0869997:c2986, 9b0072ab-15b3-4973-9bcb-7fa02f6bfea9:c2984, 9f215ef2-7d46-4cda-b695-cae1b893f75f:c2980]
2019-08-20 16:04:02,478 [grpc-default-executor-1] INFO  client.GrpcClientProtocolClient (GrpcClientProtocolClient.java:onNext(255)) - client-EAA342753240->9a4a4c23-9ff3-4ce3-a619-2c71c0869997: receive RaftClientReply:client-EAA342753240->9a4a4c23-9ff3-4ce3-a619-2c71c0869997@group-EC4211DF0353, cid=2040, SUCCESS, logIndex=2986, commits[9a4a4c23-9ff3-4ce3-a619-2c71c0869997:c2986, 9b0072ab-15b3-4973-9bcb-7fa02f6bfea9:c2984, 9f215ef2-7d46-4cda-b695-cae1b893f75f:c2984]
2019-08-20 16:04:02,479 | INFO  | DNAudit | user=null | ip=null | op=WRITE_CHUNK {blockData=conID: 3 locID: 102650153693413923 bcsId: 2980} | ret=SUCCESS |  
2019-08-20 16:04:02,479 | INFO  | DNAudit | user=null | ip=null | op=WRITE_CHUNK {blockData=conID: 3 locID: 102650153693413923 bcsId: 2980} | ret=SUCCESS |  
2019-08-20 16:04:02,479 | INFO  | DNAudit | user=null | ip=null | op=PUT_BLOCK {blockData=[blockId=conID: 3 locID: 102650153693413923 bcsId: 0,size=3145728]} | ret=SUCCESS |  
2019-08-20 16:04:02,479 | INFO  | DNAudit | user=null | ip=null | op=PUT_BLOCK {blockData=[blockId=conID: 3 locID: 102650153693413923 bcsId: 0,size=3145728]} | ret=SUCCESS |  
2019-08-20 16:04:02,561 | INFO  | DNAudit | user=null | ip=null | op=WRITE_CHUNK {blockData=conID: 3 locID: 102650153693413923 bcsId: 2986} | ret=SUCCESS |  
2019-08-20 16:04:02,564 | INFO  | DNAudit | user=null | ip=null | op=WRITE_CHUNK {blockData=conID: 3 locID: 102650153693413923 bcsId: 2986} | ret=SUCCESS |  
2019-08-20 16:04:02,564 | INFO  | DNAudit | user=null | ip=null | op=WRITE_CHUNK {blockData=conID: 3 locID: 102650153693413923 bcsId: 2986} | ret=SUCCESS |  
2019-08-20 16:04:02,572 | INFO  | DNAudit | user=null | ip=null | op=WRITE_CHUNK {blockData=conID: 3 locID: 102650153693413923 bcsId: 2986} | ret=SUCCESS |  
2019-08-20 16:04:02,573 | INFO  | DNAudit | user=null | ip=null | op=PUT_BLOCK {blockData=[blockId=conID: 3 locID: 102650153693413923 bcsId: 0,size=4194304]} | ret=SUCCESS |  
2019-08-20 16:04:02,573 [grpc-default-executor-6] INFO  client.GrpcClientProtocolClient (GrpcClientProtocolClient.java:onNext(255)) - client-EAA342753240->9a4a4c23-9ff3-4ce3-a619-2c71c0869997: receive RaftClientReply:client-EAA342753240->9a4a4c23-9ff3-4ce3-a619-2c71c0869997@group-EC4211DF0353, cid=2041, SUCCESS, logIndex=2989, commits[9a4a4c23-9ff3-4ce3-a619-2c71c0869997:c2990, 9b0072ab-15b3-4973-9bcb-7fa02f6bfea9:c2988, 9f215ef2-7d46-4cda-b695-cae1b893f75f:c2988]
2019-08-20 16:04:02,573 [grpc-default-executor-6] INFO  client.GrpcClientProtocolClient (GrpcClientProtocolClient.java:onNext(255)) - client-EAA342753240->9a4a4c23-9ff3-4ce3-a619-2c71c0869997: receive RaftClientReply:client-EAA342753240->9a4a4c23-9ff3-4ce3-a619-2c71c0869997@group-EC4211DF0353, cid=2042, SUCCESS, logIndex=2990, commits[9a4a4c23-9ff3-4ce3-a619-2c71c0869997:c2990, 9b0072ab-15b3-4973-9bcb-7fa02f6bfea9:c2988, 9f215ef2-7d46-4cda-b695-cae1b893f75f:c2988]
2019-08-20 16:04:02,586 | INFO  | DNAudit | user=null | ip=null | op=WRITE_CHUNK {blockData=conID: 3 locID: 102650153693413923 bcsId: 2986} | ret=SUCCESS |  
2019-08-20 16:04:02,586 | INFO  | DNAudit | user=null | ip=null | op=WRITE_CHUNK {blockData=conID: 3 locID: 102650153693413923 bcsId: 2986} | ret=SUCCESS |  
2019-08-20 16:04:02,591 | INFO  | DNAudit | user=null | ip=null | op=PUT_BLOCK {blockData=[blockId=conID: 3 locID: 102650153693413923 bcsId: 0,size=4194304]} | ret=SUCCESS |  
2019-08-20 16:04:02,591 | INFO  | DNAudit | user=null | ip=null | op=PUT_BLOCK {blockData=[blockId=conID: 3 locID: 102650153693413923 bcsId: 0,size=4194304]} | ret=SUCCESS |  
2019-08-20 16:04:02,592 [grpc-default-executor-6] INFO  client.GrpcClientProtocolClient (GrpcClientProtocolClient.java:onNext(255)) - client-EAA342753240->9a4a4c23-9ff3-4ce3-a619-2c71c0869997: receive RaftClientReply:client-EAA342753240->9a4a4c23-9ff3-4ce3-a619-2c71c0869997@group-EC4211DF0353, cid=2043, SUCCESS, logIndex=0, commits[9a4a4c23-9ff3-4ce3-a619-2c71c0869997:c2992, 9b0072ab-15b3-4973-9bcb-7fa02f6bfea9:c2990, 9f215ef2-7d46-4cda-b695-cae1b893f75f:c2990]
2019-08-20 16:04:02,598 | INFO  | SCMAudit | user=jenkins1000 | ip=192.168.69.96 | op=ALLOCATE_BLOCK {owner=ea4851f9-218c-4af7-91b4-edb777a4888c, size=4194304, type=RATIS, factor=THREE} | ret=SUCCESS |  
2019-08-20 16:04:02,602 | INFO  | OMAudit | user=jenkins1000 | ip=127.0.0.1 | op=ALLOCATE_BLOCK {volume=vol-0-94146, bucket=bucket-0-90789, key=key-0-25609, dataSize=0, replicationType=null, replicationFactor=null, keyLocationInfo=null, clientID=102650152704082322} | ret=SUCCESS |  
2019-08-20 16:04:02,608 | INFO  | DNAudit | user=null | ip=null | op=WRITE_CHUNK {blockData=conID: 1 locID: 102650153703703076 bcsId: 0} | ret=SUCCESS |  
2019-08-20 16:04:02,610 | INFO  | DNAudit | user=null | ip=null | op=WRITE_CHUNK {blockData=conID: 1 locID: 102650153703703076 bcsId: 0} | ret=SUCCESS |  
2019-08-20 16:04:02,610 | INFO  | DNAudit | user=null | ip=null | op=WRITE_CHUNK {blockData=conID: 1 locID: 102650153703703076 bcsId: 0} | ret=SUCCESS |  
2019-08-20 16:04:02,611 | INFO  | DNAudit | user=null | ip=null | op=WRITE_CHUNK {blockData=conID: 1 locID: 102650153703703076 bcsId: 0} | ret=SUCCESS |  
2019-08-20 16:04:02,612 | INFO  | DNAudit | user=null | ip=null | op=WRITE_CHUNK {blockData=conID: 1 locID: 102650153703703076 bcsId: 0} | ret=SUCCESS |  
2019-08-20 16:04:02,612 | INFO  | DNAudit | user=null | ip=null | op=WRITE_CHUNK {blockData=conID: 1 locID: 102650153703703076 bcsId: 0} | ret=SUCCESS |  
2019-08-20 16:04:02,630 | INFO  | DNAudit | user=null | ip=null | op=WRITE_CHUNK {blockData=conID: 1 locID: 102650153703703076 bcsId: 0} | ret=SUCCESS |  
2019-08-20 16:04:02,631 | INFO  | DNAudit | user=null | ip=null | op=PUT_BLOCK {blockData=[blockId=conID: 1 locID: 102650153703703076 bcsId: 0,size=1048576]} | ret=SUCCESS |  
2019-08-20 16:04:02,631 | INFO  | DNAudit | user=null | ip=null | op=WRITE_CHUNK {blockData=conID: 1 locID: 102650153703703076 bcsId: 0} | ret=SUCCESS |  
2019-08-20 16:04:02,631 [grpc-default-executor-3] INFO  client.GrpcClientProtocolClient (GrpcClientProtocolClient.java:onNext(255)) - client-EAA342753240->9a4a4c23-9ff3-4ce3-a619-2c71c0869997: receive RaftClientReply:client-EAA342753240->9a4a4c23-9ff3-4ce3-a619-2c71c0869997@group-EC4211DF0353, cid=2044, SUCCESS, logIndex=2993, commits[9a4a4c23-9ff3-4ce3-a619-2c71c0869997:c2996, 9b0072ab-15b3-4973-9bcb-7fa02f6bfea9:c2992, 9f215ef2-7d46-4cda-b695-cae1b893f75f:c2992]
2019-08-20 16:04:02,631 | INFO  | DNAudit | user=null | ip=null | op=PUT_BLOCK {blockData=[blockId=conID: 1 locID: 102650153703703076 bcsId: 0,size=2097152]} | ret=SUCCESS |  
2019-08-20 16:04:02,632 [grpc-default-executor-3] INFO  client.GrpcClientProtocolClient (GrpcClientProtocolClient.java:onNext(255)) - client-EAA342753240->9a4a4c23-9ff3-4ce3-a619-2c71c0869997: receive RaftClientReply:client-EAA342753240->9a4a4c23-9ff3-4ce3-a619-2c71c0869997@group-EC4211DF0353, cid=2045, SUCCESS, logIndex=2994, commits[9a4a4c23-9ff3-4ce3-a619-2c71c0869997:c2996, 9b0072ab-15b3-4973-9bcb-7fa02f6bfea9:c2992, 9f215ef2-7d46-4cda-b695-cae1b893f75f:c2992]
2019-08-20 16:04:02,632 [grpc-default-executor-3] INFO  client.GrpcClientProtocolClient (GrpcClientProtocolClient.java:onNext(255)) - client-EAA342753240->9a4a4c23-9ff3-4ce3-a619-2c71c0869997: receive RaftClientReply:client-EAA342753240->9a4a4c23-9ff3-4ce3-a619-2c71c0869997@group-EC4211DF0353, cid=2046, SUCCESS, logIndex=2995, commits[9a4a4c23-9ff3-4ce3-a619-2c71c0869997:c2996, 9b0072ab-15b3-4973-9bcb-7fa02f6bfea9:c2992, 9f215ef2-7d46-4cda-b695-cae1b893f75f:c2992]
2019-08-20 16:04:02,632 [grpc-default-executor-3] INFO  client.GrpcClientProtocolClient (GrpcClientProtocolClient.java:onNext(255)) - client-EAA342753240->9a4a4c23-9ff3-4ce3-a619-2c71c0869997: receive RaftClientReply:client-EAA342753240->9a4a4c23-9ff3-4ce3-a619-2c71c0869997@group-EC4211DF0353, cid=2047, SUCCESS, logIndex=2996, commits[9a4a4c23-9ff3-4ce3-a619-2c71c0869997:c2996, 9b0072ab-15b3-4973-9bcb-7fa02f6bfea9:c2992, 9f215ef2-7d46-4cda-b695-cae1b893f75f:c2992]
2019-08-20 16:04:02,642 | INFO  | DNAudit | user=null | ip=null | op=WRITE_CHUNK {blockData=conID: 1 locID: 102650153703703076 bcsId: 0} | ret=SUCCESS |  
2019-08-20 16:04:02,642 | INFO  | DNAudit | user=null | ip=null | op=WRITE_CHUNK {blockData=conID: 1 locID: 102650153703703076 bcsId: 0} | ret=SUCCESS |  
2019-08-20 16:04:02,642 | INFO  | DNAudit | user=null | ip=null | op=PUT_BLOCK {blockData=[blockId=conID: 1 locID: 102650153703703076 bcsId: 0,size=1048576]} | ret=SUCCESS |  
2019-08-20 16:04:02,643 | INFO  | DNAudit | user=null | ip=null | op=PUT_BLOCK {blockData=[blockId=conID: 1 locID: 102650153703703076 bcsId: 0,size=1048576]} | ret=SUCCESS |  
2019-08-20 16:04:02,643 | INFO  | DNAudit | user=null | ip=null | op=WRITE_CHUNK {blockData=conID: 1 locID: 102650153703703076 bcsId: 0} | ret=SUCCESS |  
2019-08-20 16:04:02,643 | INFO  | DNAudit | user=null | ip=null | op=PUT_BLOCK {blockData=[blockId=conID: 1 locID: 102650153703703076 bcsId: 0,size=2097152]} | ret=SUCCESS |  
2019-08-20 16:04:02,643 | INFO  | DNAudit | user=null | ip=null | op=WRITE_CHUNK {blockData=conID: 1 locID: 102650153703703076 bcsId: 0} | ret=SUCCESS |  
2019-08-20 16:04:02,644 | INFO  | DNAudit | user=null | ip=null | op=PUT_BLOCK {blockData=[blockId=conID: 1 locID: 102650153703703076 bcsId: 0,size=2097152]} | ret=SUCCESS |  
2019-08-20 16:04:02,644 [grpc-default-executor-6] INFO  client.GrpcClientProtocolClient (GrpcClientProtocolClient.java:onNext(255)) - client-EAA342753240->9a4a4c23-9ff3-4ce3-a619-2c71c0869997: receive RaftClientReply:client-EAA342753240->9a4a4c23-9ff3-4ce3-a619-2c71c0869997@group-EC4211DF0353, cid=2048, SUCCESS, logIndex=0, commits[9a4a4c23-9ff3-4ce3-a619-2c71c0869997:c2998, 9b0072ab-15b3-4973-9bcb-7fa02f6bfea9:c2994, 9f215ef2-7d46-4cda-b695-cae1b893f75f:c2994]
2019-08-20 16:04:02,652 | INFO  | DNAudit | user=null | ip=null | op=WRITE_CHUNK {blockData=conID: 1 locID: 102650153703703076 bcsId: 2996} | ret=SUCCESS |  
2019-08-20 16:04:02,653 | INFO  | DNAudit | user=null | ip=null | op=WRITE_CHUNK {blockData=conID: 1 locID: 102650153703703076 bcsId: 2996} | ret=SUCCESS |  
2019-08-20 16:04:02,653 | INFO  | DNAudit | user=null | ip=null | op=WRITE_CHUNK {blockData=conID: 1 locID: 102650153703703076 bcsId: 2996} | ret=SUCCESS |  
2019-08-20 16:04:02,675 | INFO  | DNAudit | user=null | ip=null | op=WRITE_CHUNK {blockData=conID: 1 locID: 102650153703703076 bcsId: 2996} | ret=SUCCESS |  
2019-08-20 16:04:02,675 | INFO  | DNAudit | user=null | ip=null | op=PUT_BLOCK {blockData=[blockId=conID: 1 locID: 102650153703703076 bcsId: 0,size=3145728]} | ret=SUCCESS |  
2019-08-20 16:04:02,676 [grpc-default-executor-3] INFO  client.GrpcClientProtocolClient (GrpcClientProtocolClient.java:onNext(255)) - client-EAA342753240->9a4a4c23-9ff3-4ce3-a619-2c71c0869997: receive RaftClientReply:client-EAA342753240->9a4a4c23-9ff3-4ce3-a619-2c71c0869997@group-EC4211DF0353, cid=2049, SUCCESS, logIndex=3001, commits[9a4a4c23-9ff3-4ce3-a619-2c71c0869997:c3002, 9b0072ab-15b3-4973-9bcb-7fa02f6bfea9:c3000, 9f215ef2-7d46-4cda-b695-cae1b893f75f:c3000]
2019-08-20 16:04:02,676 [grpc-default-executor-3] INFO  client.GrpcClientProtocolClient (GrpcClientProtocolClient.java:onNext(255)) - client-EAA342753240->9a4a4c23-9ff3-4ce3-a619-2c71c0869997: receive RaftClientReply:client-EAA342753240->9a4a4c23-9ff3-4ce3-a619-2c71c0869997@group-EC4211DF0353, cid=2050, SUCCESS, logIndex=3002, commits[9a4a4c23-9ff3-4ce3-a619-2c71c0869997:c3002, 9b0072ab-15b3-4973-9bcb-7fa02f6bfea9:c3000, 9f215ef2-7d46-4cda-b695-cae1b893f75f:c3000]
2019-08-20 16:04:02,683 | INFO  | DNAudit | user=null | ip=null | op=WRITE_CHUNK {blockData=conID: 1 locID: 102650153703703076 bcsId: 3002} | ret=SUCCESS |  
2019-08-20 16:04:02,685 | INFO  | DNAudit | user=null | ip=null | op=WRITE_CHUNK {blockData=conID: 1 locID: 102650153703703076 bcsId: 3002} | ret=SUCCESS |  
2019-08-20 16:04:02,685 | INFO  | DNAudit | user=null | ip=null | op=WRITE_CHUNK {blockData=conID: 1 locID: 102650153703703076 bcsId: 3002} | ret=SUCCESS |  
2019-08-20 16:04:02,687 | INFO  | DNAudit | user=null | ip=null | op=WRITE_CHUNK {blockData=conID: 1 locID: 102650153703703076 bcsId: 2996} | ret=SUCCESS |  
2019-08-20 16:04:02,687 | INFO  | DNAudit | user=null | ip=null | op=WRITE_CHUNK {blockData=conID: 1 locID: 102650153703703076 bcsId: 2996} | ret=SUCCESS |  
2019-08-20 16:04:02,688 | INFO  | DNAudit | user=null | ip=null | op=PUT_BLOCK {blockData=[blockId=conID: 1 locID: 102650153703703076 bcsId: 0,size=3145728]} | ret=SUCCESS |  
2019-08-20 16:04:02,690 | INFO  | DNAudit | user=null | ip=null | op=WRITE_CHUNK {blockData=conID: 1 locID: 102650153703703076 bcsId: 3002} | ret=SUCCESS |  
2019-08-20 16:04:02,690 | INFO  | DNAudit | user=null | ip=null | op=PUT_BLOCK {blockData=[blockId=conID: 1 locID: 102650153703703076 bcsId: 0,size=3145728]} | ret=SUCCESS |  
2019-08-20 16:04:02,690 | INFO  | DNAudit | user=null | ip=null | op=PUT_BLOCK {blockData=[blockId=conID: 1 locID: 102650153703703076 bcsId: 0,size=4194304]} | ret=SUCCESS |  
2019-08-20 16:04:02,690 [grpc-default-executor-3] INFO  client.GrpcClientProtocolClient (GrpcClientProtocolClient.java:onNext(255)) - client-EAA342753240->9a4a4c23-9ff3-4ce3-a619-2c71c0869997: receive RaftClientReply:client-EAA342753240->9a4a4c23-9ff3-4ce3-a619-2c71c0869997@group-EC4211DF0353, cid=2051, SUCCESS, logIndex=3005, commits[9a4a4c23-9ff3-4ce3-a619-2c71c0869997:c3006, 9b0072ab-15b3-4973-9bcb-7fa02f6bfea9:c3002, 9f215ef2-7d46-4cda-b695-cae1b893f75f:c3002]
2019-08-20 16:04:02,691 [grpc-default-executor-3] INFO  client.GrpcClientProtocolClient (GrpcClientProtocolClient.java:onNext(255)) - client-EAA342753240->9a4a4c23-9ff3-4ce3-a619-2c71c0869997: receive RaftClientReply:client-EAA342753240->9a4a4c23-9ff3-4ce3-a619-2c71c0869997@group-EC4211DF0353, cid=2052, SUCCESS, logIndex=3006, commits[9a4a4c23-9ff3-4ce3-a619-2c71c0869997:c3006, 9b0072ab-15b3-4973-9bcb-7fa02f6bfea9:c3002, 9f215ef2-7d46-4cda-b695-cae1b893f75f:c3002]
2019-08-20 16:04:02,701 | INFO  | DNAudit | user=null | ip=null | op=WRITE_CHUNK {blockData=conID: 1 locID: 102650153703703076 bcsId: 3002} | ret=SUCCESS |  
2019-08-20 16:04:02,702 | INFO  | DNAudit | user=null | ip=null | op=WRITE_CHUNK {blockData=conID: 1 locID: 102650153703703076 bcsId: 3002} | ret=SUCCESS |  
2019-08-20 16:04:02,702 | INFO  | DNAudit | user=null | ip=null | op=PUT_BLOCK {blockData=[blockId=conID: 1 locID: 102650153703703076 bcsId: 0,size=4194304]} | ret=SUCCESS |  
2019-08-20 16:04:02,702 | INFO  | DNAudit | user=null | ip=null | op=PUT_BLOCK {blockData=[blockId=conID: 1 locID: 102650153703703076 bcsId: 0,size=4194304]} | ret=SUCCESS |  
2019-08-20 16:04:02,702 [grpc-default-executor-5] INFO  client.GrpcClientProtocolClient (GrpcClientProtocolClient.java:onNext(255)) - client-EAA342753240->9a4a4c23-9ff3-4ce3-a619-2c71c0869997: receive RaftClientReply:client-EAA342753240->9a4a4c23-9ff3-4ce3-a619-2c71c0869997@group-EC4211DF0353, cid=2053, SUCCESS, logIndex=0, commits[9a4a4c23-9ff3-4ce3-a619-2c71c0869997:c3006, 9b0072ab-15b3-4973-9bcb-7fa02f6bfea9:c3006, 9f215ef2-7d46-4cda-b695-cae1b893f75f:c3006]
2019-08-20 16:04:02,706 | INFO  | SCMAudit | user=jenkins1000 | ip=192.168.69.96 | op=ALLOCATE_BLOCK {owner=ea4851f9-218c-4af7-91b4-edb777a4888c, size=4194304, type=RATIS, factor=THREE} | ret=SUCCESS |  
2019-08-20 16:04:02,707 | INFO  | OMAudit | user=jenkins1000 | ip=127.0.0.1 | op=ALLOCATE_BLOCK {volume=vol-0-94146, bucket=bucket-0-90789, key=key-0-25609, dataSize=0, replicationType=null, replicationFactor=null, keyLocationInfo=null, clientID=102650152704082322} | ret=SUCCESS |  
2019-08-20 16:04:02,715 | INFO  | DNAudit | user=null | ip=null | op=WRITE_CHUNK {blockData=conID: 2 locID: 102650153710780965 bcsId: 0} | ret=SUCCESS |  
2019-08-20 16:04:02,717 | INFO  | DNAudit | user=null | ip=null | op=WRITE_CHUNK {blockData=conID: 2 locID: 102650153710780965 bcsId: 0} | ret=SUCCESS |  
2019-08-20 16:04:02,718 | INFO  | DNAudit | user=null | ip=null | op=WRITE_CHUNK {blockData=conID: 2 locID: 102650153710780965 bcsId: 0} | ret=SUCCESS |  
2019-08-20 16:04:02,718 | INFO  | DNAudit | user=null | ip=null | op=WRITE_CHUNK {blockData=conID: 2 locID: 102650153710780965 bcsId: 0} | ret=SUCCESS |  
2019-08-20 16:04:02,720 | INFO  | DNAudit | user=null | ip=null | op=WRITE_CHUNK {blockData=conID: 2 locID: 102650153710780965 bcsId: 0} | ret=SUCCESS |  
2019-08-20 16:04:02,720 | INFO  | DNAudit | user=null | ip=null | op=WRITE_CHUNK {blockData=conID: 2 locID: 102650153710780965 bcsId: 0} | ret=SUCCESS |  
2019-08-20 16:04:02,728 | INFO  | DNAudit | user=null | ip=null | op=WRITE_CHUNK {blockData=conID: 2 locID: 102650153710780965 bcsId: 0} | ret=SUCCESS |  
2019-08-20 16:04:02,728 | INFO  | DNAudit | user=null | ip=null | op=PUT_BLOCK {blockData=[blockId=conID: 2 locID: 102650153710780965 bcsId: 0,size=1048576]} | ret=SUCCESS |  
2019-08-20 16:04:02,728 [grpc-default-executor-3] INFO  client.GrpcClientProtocolClient (GrpcClientProtocolClient.java:onNext(255)) - client-EAA342753240->9a4a4c23-9ff3-4ce3-a619-2c71c0869997: receive RaftClientReply:client-EAA342753240->9a4a4c23-9ff3-4ce3-a619-2c71c0869997@group-EC4211DF0353, cid=2054, SUCCESS, logIndex=3008, commits[9a4a4c23-9ff3-4ce3-a619-2c71c0869997:c3009, 9b0072ab-15b3-4973-9bcb-7fa02f6bfea9:c3007, 9f215ef2-7d46-4cda-b695-cae1b893f75f:c3007]
2019-08-20 16:04:02,729 [grpc-default-executor-3] INFO  client.GrpcClientProtocolClient (GrpcClientProtocolClient.java:onNext(255)) - client-EAA342753240->9a4a4c23-9ff3-4ce3-a619-2c71c0869997: receive RaftClientReply:client-EAA342753240->9a4a4c23-9ff3-4ce3-a619-2c71c0869997@group-EC4211DF0353, cid=2055, SUCCESS, logIndex=3009, commits[9a4a4c23-9ff3-4ce3-a619-2c71c0869997:c3009, 9b0072ab-15b3-4973-9bcb-7fa02f6bfea9:c3007, 9f215ef2-7d46-4cda-b695-cae1b893f75f:c3007]
2019-08-20 16:04:02,730 | INFO  | DNAudit | user=null | ip=null | op=WRITE_CHUNK {blockData=conID: 2 locID: 102650153710780965 bcsId: 0} | ret=SUCCESS |  
2019-08-20 16:04:02,731 | INFO  | DNAudit | user=null | ip=null | op=PUT_BLOCK {blockData=[blockId=conID: 2 locID: 102650153710780965 bcsId: 0,size=2097152]} | ret=SUCCESS |  
2019-08-20 16:04:02,731 [grpc-default-executor-6] INFO  client.GrpcClientProtocolClient (GrpcClientProtocolClient.java:onNext(255)) - client-EAA342753240->9a4a4c23-9ff3-4ce3-a619-2c71c0869997: receive RaftClientReply:client-EAA342753240->9a4a4c23-9ff3-4ce3-a619-2c71c0869997@group-EC4211DF0353, cid=2056, SUCCESS, logIndex=3010, commits[9a4a4c23-9ff3-4ce3-a619-2c71c0869997:c3011, 9b0072ab-15b3-4973-9bcb-7fa02f6bfea9:c3007, 9f215ef2-7d46-4cda-b695-cae1b893f75f:c3007]
2019-08-20 16:04:02,731 | INFO  | DNAudit | user=null | ip=null | op=WRITE_CHUNK {blockData=conID: 2 locID: 102650153710780965 bcsId: 0} | ret=SUCCESS |  
2019-08-20 16:04:02,731 [grpc-default-executor-6] INFO  client.GrpcClientProtocolClient (GrpcClientProtocolClient.java:onNext(255)) - client-EAA342753240->9a4a4c23-9ff3-4ce3-a619-2c71c0869997: receive RaftClientReply:client-EAA342753240->9a4a4c23-9ff3-4ce3-a619-2c71c0869997@group-EC4211DF0353, cid=2057, SUCCESS, logIndex=3011, commits[9a4a4c23-9ff3-4ce3-a619-2c71c0869997:c3011, 9b0072ab-15b3-4973-9bcb-7fa02f6bfea9:c3007, 9f215ef2-7d46-4cda-b695-cae1b893f75f:c3007]
2019-08-20 16:04:02,732 | INFO  | DNAudit | user=null | ip=null | op=PUT_BLOCK {blockData=[blockId=conID: 2 locID: 102650153710780965 bcsId: 0,size=1048576]} | ret=SUCCESS |  
2019-08-20 16:04:02,734 [grpc-default-executor-6] INFO  client.GrpcClientProtocolClient (GrpcClientProtocolClient.java:onNext(255)) - client-EAA342753240->9a4a4c23-9ff3-4ce3-a619-2c71c0869997: receive RaftClientReply:client-EAA342753240->9a4a4c23-9ff3-4ce3-a619-2c71c0869997@group-EC4211DF0353, cid=2058, SUCCESS, logIndex=0, commits[9a4a4c23-9ff3-4ce3-a619-2c71c0869997:c3013, 9b0072ab-15b3-4973-9bcb-7fa02f6bfea9:c3009, 9f215ef2-7d46-4cda-b695-cae1b893f75f:c3009]
2019-08-20 16:04:02,746 | INFO  | DNAudit | user=null | ip=null | op=WRITE_CHUNK {blockData=conID: 2 locID: 102650153710780965 bcsId: 0} | ret=SUCCESS |  
2019-08-20 16:04:02,746 | INFO  | DNAudit | user=null | ip=null | op=WRITE_CHUNK {blockData=conID: 2 locID: 102650153710780965 bcsId: 0} | ret=SUCCESS |  
2019-08-20 16:04:02,747 | INFO  | DNAudit | user=null | ip=null | op=PUT_BLOCK {blockData=[blockId=conID: 2 locID: 102650153710780965 bcsId: 0,size=1048576]} | ret=SUCCESS |  
2019-08-20 16:04:02,747 | INFO  | DNAudit | user=null | ip=null | op=PUT_BLOCK {blockData=[blockId=conID: 2 locID: 102650153710780965 bcsId: 0,size=2097152]} | ret=SUCCESS |  
2019-08-20 16:04:02,748 | INFO  | DNAudit | user=null | ip=null | op=WRITE_CHUNK {blockData=conID: 2 locID: 102650153710780965 bcsId: 3011} | ret=SUCCESS |  
2019-08-20 16:04:02,749 | INFO  | DNAudit | user=null | ip=null | op=WRITE_CHUNK {blockData=conID: 2 locID: 102650153710780965 bcsId: 3011} | ret=SUCCESS |  
2019-08-20 16:04:02,749 | INFO  | DNAudit | user=null | ip=null | op=WRITE_CHUNK {blockData=conID: 2 locID: 102650153710780965 bcsId: 3011} | ret=SUCCESS |  
2019-08-20 16:04:02,749 | INFO  | DNAudit | user=null | ip=null | op=WRITE_CHUNK {blockData=conID: 2 locID: 102650153710780965 bcsId: 0} | ret=SUCCESS |  
2019-08-20 16:04:02,749 | INFO  | DNAudit | user=null | ip=null | op=PUT_BLOCK {blockData=[blockId=conID: 2 locID: 102650153710780965 bcsId: 0,size=2097152]} | ret=SUCCESS |  
2019-08-20 16:04:02,751 | INFO  | DNAudit | user=null | ip=null | op=WRITE_CHUNK {blockData=conID: 2 locID: 102650153710780965 bcsId: 3011} | ret=SUCCESS |  
2019-08-20 16:04:02,751 | INFO  | DNAudit | user=null | ip=null | op=PUT_BLOCK {blockData=[blockId=conID: 2 locID: 102650153710780965 bcsId: 0,size=3145728]} | ret=SUCCESS |  
2019-08-20 16:04:02,751 [grpc-default-executor-6] INFO  client.GrpcClientProtocolClient (GrpcClientProtocolClient.java:onNext(255)) - client-EAA342753240->9a4a4c23-9ff3-4ce3-a619-2c71c0869997: receive RaftClientReply:client-EAA342753240->9a4a4c23-9ff3-4ce3-a619-2c71c0869997@group-EC4211DF0353, cid=2059, SUCCESS, logIndex=3016, commits[9a4a4c23-9ff3-4ce3-a619-2c71c0869997:c3017, 9b0072ab-15b3-4973-9bcb-7fa02f6bfea9:c3015, 9f215ef2-7d46-4cda-b695-cae1b893f75f:c3015]
2019-08-20 16:04:02,752 [grpc-default-executor-6] INFO  client.GrpcClientProtocolClient (GrpcClientProtocolClient.java:onNext(255)) - client-EAA342753240->9a4a4c23-9ff3-4ce3-a619-2c71c0869997: receive RaftClientReply:client-EAA342753240->9a4a4c23-9ff3-4ce3-a619-2c71c0869997@group-EC4211DF0353, cid=2060, SUCCESS, logIndex=3017, commits[9a4a4c23-9ff3-4ce3-a619-2c71c0869997:c3017, 9b0072ab-15b3-4973-9bcb-7fa02f6bfea9:c3015, 9f215ef2-7d46-4cda-b695-cae1b893f75f:c3015]
2019-08-20 16:04:02,753 | INFO  | DNAudit | user=null | ip=null | op=WRITE_CHUNK {blockData=conID: 2 locID: 102650153710780965 bcsId: 3011} | ret=SUCCESS |  
2019-08-20 16:04:02,753 | INFO  | DNAudit | user=null | ip=null | op=WRITE_CHUNK {blockData=conID: 2 locID: 102650153710780965 bcsId: 3011} | ret=SUCCESS |  
2019-08-20 16:04:02,753 | INFO  | DNAudit | user=null | ip=null | op=PUT_BLOCK {blockData=[blockId=conID: 2 locID: 102650153710780965 bcsId: 0,size=3145728]} | ret=SUCCESS |  
2019-08-20 16:04:02,753 | INFO  | DNAudit | user=null | ip=null | op=PUT_BLOCK {blockData=[blockId=conID: 2 locID: 102650153710780965 bcsId: 0,size=3145728]} | ret=SUCCESS |  
2019-08-20 16:04:02,758 | INFO  | DNAudit | user=null | ip=null | op=WRITE_CHUNK {blockData=conID: 2 locID: 102650153710780965 bcsId: 3017} | ret=SUCCESS |  
2019-08-20 16:04:02,760 | INFO  | DNAudit | user=null | ip=null | op=WRITE_CHUNK {blockData=conID: 2 locID: 102650153710780965 bcsId: 3017} | ret=SUCCESS |  
2019-08-20 16:04:02,760 | INFO  | DNAudit | user=null | ip=null | op=WRITE_CHUNK {blockData=conID: 2 locID: 102650153710780965 bcsId: 3017} | ret=SUCCESS |  
2019-08-20 16:04:02,768 | INFO  | DNAudit | user=null | ip=null | op=WRITE_CHUNK {blockData=conID: 2 locID: 102650153710780965 bcsId: 3017} | ret=SUCCESS |  
2019-08-20 16:04:02,768 | INFO  | DNAudit | user=null | ip=null | op=PUT_BLOCK {blockData=[blockId=conID: 2 locID: 102650153710780965 bcsId: 0,size=4194304]} | ret=SUCCESS |  
2019-08-20 16:04:02,769 [grpc-default-executor-6] INFO  client.GrpcClientProtocolClient (GrpcClientProtocolClient.java:onNext(255)) - client-EAA342753240->9a4a4c23-9ff3-4ce3-a619-2c71c0869997: receive RaftClientReply:client-EAA342753240->9a4a4c23-9ff3-4ce3-a619-2c71c0869997@group-EC4211DF0353, cid=2061, SUCCESS, logIndex=3019, commits[9a4a4c23-9ff3-4ce3-a619-2c71c0869997:c3020, 9b0072ab-15b3-4973-9bcb-7fa02f6bfea9:c3018, 9f215ef2-7d46-4cda-b695-cae1b893f75f:c3018]
2019-08-20 16:04:02,769 | INFO  | DNAudit | user=null | ip=null | op=WRITE_CHUNK {blockData=conID: 2 locID: 102650153710780965 bcsId: 3017} | ret=SUCCESS |  
2019-08-20 16:04:02,769 | INFO  | DNAudit | user=null | ip=null | op=WRITE_CHUNK {blockData=conID: 2 locID: 102650153710780965 bcsId: 3017} | ret=SUCCESS |  
2019-08-20 16:04:02,769 [grpc-default-executor-6] INFO  client.GrpcClientProtocolClient (GrpcClientProtocolClient.java:onNext(255)) - client-EAA342753240->9a4a4c23-9ff3-4ce3-a619-2c71c0869997: receive RaftClientReply:client-EAA342753240->9a4a4c23-9ff3-4ce3-a619-2c71c0869997@group-EC4211DF0353, cid=2062, SUCCESS, logIndex=3020, commits[9a4a4c23-9ff3-4ce3-a619-2c71c0869997:c3020, 9b0072ab-15b3-4973-9bcb-7fa02f6bfea9:c3018, 9f215ef2-7d46-4cda-b695-cae1b893f75f:c3018]
2019-08-20 16:04:02,770 | INFO  | DNAudit | user=null | ip=null | op=PUT_BLOCK {blockData=[blockId=conID: 2 locID: 102650153710780965 bcsId: 0,size=4194304]} | ret=SUCCESS |  
2019-08-20 16:04:02,770 | INFO  | DNAudit | user=null | ip=null | op=PUT_BLOCK {blockData=[blockId=conID: 2 locID: 102650153710780965 bcsId: 0,size=4194304]} | ret=SUCCESS |  
2019-08-20 16:04:02,770 [grpc-default-executor-5] INFO  client.GrpcClientProtocolClient (GrpcClientProtocolClient.java:onNext(255)) - client-EAA342753240->9a4a4c23-9ff3-4ce3-a619-2c71c0869997: receive RaftClientReply:client-EAA342753240->9a4a4c23-9ff3-4ce3-a619-2c71c0869997@group-EC4211DF0353, cid=2063, SUCCESS, logIndex=0, commits[9a4a4c23-9ff3-4ce3-a619-2c71c0869997:c3021, 9b0072ab-15b3-4973-9bcb-7fa02f6bfea9:c3020, 9f215ef2-7d46-4cda-b695-cae1b893f75f:c3020]
2019-08-20 16:04:02,776 | INFO  | SCMAudit | user=jenkins1000 | ip=192.168.69.96 | op=ALLOCATE_BLOCK {owner=ea4851f9-218c-4af7-91b4-edb777a4888c, size=4194304, type=RATIS, factor=THREE} | ret=SUCCESS |  
2019-08-20 16:04:02,778 | INFO  | OMAudit | user=jenkins1000 | ip=127.0.0.1 | op=ALLOCATE_BLOCK {volume=vol-0-94146, bucket=bucket-0-90789, key=key-0-25609, dataSize=0, replicationType=null, replicationFactor=null, keyLocationInfo=null, clientID=102650152704082322} | ret=SUCCESS |  
2019-08-20 16:04:02,785 | INFO  | DNAudit | user=null | ip=null | op=WRITE_CHUNK {blockData=conID: 3 locID: 102650153715368486 bcsId: 0} | ret=SUCCESS |  
2019-08-20 16:04:02,787 | INFO  | DNAudit | user=null | ip=null | op=WRITE_CHUNK {blockData=conID: 3 locID: 102650153715368486 bcsId: 0} | ret=SUCCESS |  
2019-08-20 16:04:02,788 | INFO  | DNAudit | user=null | ip=null | op=WRITE_CHUNK {blockData=conID: 3 locID: 102650153715368486 bcsId: 0} | ret=SUCCESS |  
2019-08-20 16:04:02,788 | INFO  | DNAudit | user=null | ip=null | op=WRITE_CHUNK {blockData=conID: 3 locID: 102650153715368486 bcsId: 0} | ret=SUCCESS |  
2019-08-20 16:04:02,801 | INFO  | DNAudit | user=null | ip=null | op=WRITE_CHUNK {blockData=conID: 3 locID: 102650153715368486 bcsId: 0} | ret=SUCCESS |  
2019-08-20 16:04:02,801 | INFO  | DNAudit | user=null | ip=null | op=WRITE_CHUNK {blockData=conID: 3 locID: 102650153715368486 bcsId: 0} | ret=SUCCESS |  
2019-08-20 16:04:02,802 | INFO  | DNAudit | user=null | ip=null | op=WRITE_CHUNK {blockData=conID: 3 locID: 102650153715368486 bcsId: 0} | ret=SUCCESS |  
2019-08-20 16:04:02,802 | INFO  | DNAudit | user=null | ip=null | op=PUT_BLOCK {blockData=[blockId=conID: 3 locID: 102650153715368486 bcsId: 0,size=1048576]} | ret=SUCCESS |  
2019-08-20 16:04:02,802 [grpc-default-executor-6] INFO  client.GrpcClientProtocolClient (GrpcClientProtocolClient.java:onNext(255)) - client-EAA342753240->9a4a4c23-9ff3-4ce3-a619-2c71c0869997: receive RaftClientReply:client-EAA342753240->9a4a4c23-9ff3-4ce3-a619-2c71c0869997@group-EC4211DF0353, cid=2064, SUCCESS, logIndex=3023, commits[9a4a4c23-9ff3-4ce3-a619-2c71c0869997:c3024, 9b0072ab-15b3-4973-9bcb-7fa02f6bfea9:c3020, 9f215ef2-7d46-4cda-b695-cae1b893f75f:c3022]
2019-08-20 16:04:02,802 [grpc-default-executor-6] INFO  client.GrpcClientProtocolClient (GrpcClientProtocolClient.java:onNext(255)) - client-EAA342753240->9a4a4c23-9ff3-4ce3-a619-2c71c0869997: receive RaftClientReply:client-EAA342753240->9a4a4c23-9ff3-4ce3-a619-2c71c0869997@group-EC4211DF0353, cid=2065, SUCCESS, logIndex=3024, commits[9a4a4c23-9ff3-4ce3-a619-2c71c0869997:c3024, 9b0072ab-15b3-4973-9bcb-7fa02f6bfea9:c3020, 9f215ef2-7d46-4cda-b695-cae1b893f75f:c3022]
2019-08-20 16:04:02,855 | INFO  | DNAudit | user=null | ip=null | op=WRITE_CHUNK {blockData=conID: 3 locID: 102650153715368486 bcsId: 0} | ret=SUCCESS |  
2019-08-20 16:04:02,856 | INFO  | DNAudit | user=null | ip=null | op=PUT_BLOCK {blockData=[blockId=conID: 3 locID: 102650153715368486 bcsId: 0,size=2097152]} | ret=SUCCESS |  
2019-08-20 16:04:02,856 [grpc-default-executor-3] INFO  client.GrpcClientProtocolClient (GrpcClientProtocolClient.java:onNext(255)) - client-EAA342753240->9a4a4c23-9ff3-4ce3-a619-2c71c0869997: receive RaftClientReply:client-EAA342753240->9a4a4c23-9ff3-4ce3-a619-2c71c0869997@group-EC4211DF0353, cid=2066, SUCCESS, logIndex=3025, commits[9a4a4c23-9ff3-4ce3-a619-2c71c0869997:c3026, 9b0072ab-15b3-4973-9bcb-7fa02f6bfea9:c3020, 9f215ef2-7d46-4cda-b695-cae1b893f75f:c3022]
2019-08-20 16:04:02,856 [grpc-default-executor-3] INFO  client.GrpcClientProtocolClient (GrpcClientProtocolClient.java:onNext(255)) - client-EAA342753240->9a4a4c23-9ff3-4ce3-a619-2c71c0869997: receive RaftClientReply:client-EAA342753240->9a4a4c23-9ff3-4ce3-a619-2c71c0869997@group-EC4211DF0353, cid=2067, SUCCESS, logIndex=3026, commits[9a4a4c23-9ff3-4ce3-a619-2c71c0869997:c3026, 9b0072ab-15b3-4973-9bcb-7fa02f6bfea9:c3020, 9f215ef2-7d46-4cda-b695-cae1b893f75f:c3022]
2019-08-20 16:04:02,857 | INFO  | DNAudit | user=null | ip=null | op=WRITE_CHUNK {blockData=conID: 3 locID: 102650153715368486 bcsId: 0} | ret=SUCCESS |  
2019-08-20 16:04:02,858 | INFO  | DNAudit | user=null | ip=null | op=PUT_BLOCK {blockData=[blockId=conID: 3 locID: 102650153715368486 bcsId: 0,size=1048576]} | ret=SUCCESS |  
2019-08-20 16:04:02,901 | INFO  | SCMAudit | user=jenkins1000 | ip=192.168.69.96 | op=SEND_HEARTBEAT {datanodeUUID=9b0072ab-15b3-4973-9bcb-7fa02f6bfea9, command=[]} | ret=SUCCESS |  
2019-08-20 16:04:02,901 | INFO  | SCMAudit | user=jenkins1000 | ip=192.168.69.96 | op=SEND_HEARTBEAT {datanodeUUID=f1afe498-2778-451e-a3e4-8199ec337a15, command=[]} | ret=SUCCESS |  
 0.00% |█                                                                                                    |  0/1 Time: 0:00:152019-08-20 16:04:02,901 | INFO  | SCMAudit | user=jenkins1000 | ip=192.168.69.96 | op=SEND_HEARTBEAT {datanodeUUID=9a4a4c23-9ff3-4ce3-a619-2c71c0869997, command=[]} | ret=SUCCESS |  
2019-08-20 16:04:02,902 | INFO  | SCMAudit | user=jenkins1000 | ip=192.168.69.96 | op=SEND_HEARTBEAT {datanodeUUID=9f215ef2-7d46-4cda-b695-cae1b893f75f, command=[]} | ret=SUCCESS |  
2019-08-20 16:04:02,902 | INFO  | SCMAudit | user=jenkins1000 | ip=192.168.69.96 | op=SEND_HEARTBEAT {datanodeUUID=69f203df-fb09-400b-ac11-cd7a56dd70a5, command=[]} | ret=SUCCESS |  
2019-08-20 16:04:03,395 [grpc-default-executor-6] INFO  client.GrpcClientProtocolClient (GrpcClientProtocolClient.java:onNext(255)) - client-EAA342753240->9a4a4c23-9ff3-4ce3-a619-2c71c0869997: receive RaftClientReply:client-EAA342753240->9a4a4c23-9ff3-4ce3-a619-2c71c0869997@group-EC4211DF0353, cid=2068, SUCCESS, logIndex=0, commits[9a4a4c23-9ff3-4ce3-a619-2c71c0869997:c3026, 9b0072ab-15b3-4973-9bcb-7fa02f6bfea9:c3026, 9f215ef2-7d46-4cda-b695-cae1b893f75f:c3024]
2019-08-20 16:04:03,402 | INFO  | DNAudit | user=null | ip=null | op=WRITE_CHUNK {blockData=conID: 3 locID: 102650153715368486 bcsId: 0} | ret=SUCCESS |  
2019-08-20 16:04:03,402 | INFO  | DNAudit | user=null | ip=null | op=WRITE_CHUNK {blockData=conID: 3 locID: 102650153715368486 bcsId: 0} | ret=SUCCESS |  
2019-08-20 16:04:03,402 | INFO  | DNAudit | user=null | ip=null | op=PUT_BLOCK {blockData=[blockId=conID: 3 locID: 102650153715368486 bcsId: 0,size=2097152]} | ret=SUCCESS |  
2019-08-20 16:04:03,403 | INFO  | DNAudit | user=null | ip=null | op=PUT_BLOCK {blockData=[blockId=conID: 3 locID: 102650153715368486 bcsId: 0,size=1048576]} | ret=SUCCESS |  
2019-08-20 16:04:03,404 | INFO  | DNAudit | user=null | ip=null | op=WRITE_CHUNK {blockData=conID: 3 locID: 102650153715368486 bcsId: 3026} | ret=SUCCESS |  
2019-08-20 16:04:03,407 | INFO  | DNAudit | user=null | ip=null | op=WRITE_CHUNK {blockData=conID: 3 locID: 102650153715368486 bcsId: 3026} | ret=SUCCESS |  
2019-08-20 16:04:03,407 | INFO  | DNAudit | user=null | ip=null | op=WRITE_CHUNK {blockData=conID: 3 locID: 102650153715368486 bcsId: 3026} | ret=SUCCESS |  
2019-08-20 16:04:03,410 | INFO  | DNAudit | user=null | ip=null | op=WRITE_CHUNK {blockData=conID: 3 locID: 102650153715368486 bcsId: 0} | ret=SUCCESS |  
2019-08-20 16:04:03,410 | INFO  | DNAudit | user=null | ip=null | op=PUT_BLOCK {blockData=[blockId=conID: 3 locID: 102650153715368486 bcsId: 0,size=2097152]} | ret=SUCCESS |  
2019-08-20 16:04:03,413 | INFO  | DNAudit | user=null | ip=null | op=WRITE_CHUNK {blockData=conID: 3 locID: 102650153715368486 bcsId: 3026} | ret=SUCCESS |  
2019-08-20 16:04:03,414 | INFO  | DNAudit | user=null | ip=null | op=PUT_BLOCK {blockData=[blockId=conID: 3 locID: 102650153715368486 bcsId: 0,size=3145728]} | ret=SUCCESS |  
2019-08-20 16:04:03,414 [grpc-default-executor-3] INFO  client.GrpcClientProtocolClient (GrpcClientProtocolClient.java:onNext(255)) - client-EAA342753240->9a4a4c23-9ff3-4ce3-a619-2c71c0869997: receive RaftClientReply:client-EAA342753240->9a4a4c23-9ff3-4ce3-a619-2c71c0869997@group-EC4211DF0353, cid=2069, SUCCESS, logIndex=3030, commits[9a4a4c23-9ff3-4ce3-a619-2c71c0869997:c3031, 9b0072ab-15b3-4973-9bcb-7fa02f6bfea9:c3028, 9f215ef2-7d46-4cda-b695-cae1b893f75f:c3028]
2019-08-20 16:04:03,414 [grpc-default-executor-3] INFO  client.GrpcClientProtocolClient (GrpcClientProtocolClient.java:onNext(255)) - client-EAA342753240->9a4a4c23-9ff3-4ce3-a619-2c71c0869997: receive RaftClientReply:client-EAA342753240->9a4a4c23-9ff3-4ce3-a619-2c71c0869997@group-EC4211DF0353, cid=2070, SUCCESS, logIndex=3031, commits[9a4a4c23-9ff3-4ce3-a619-2c71c0869997:c3031, 9b0072ab-15b3-4973-9bcb-7fa02f6bfea9:c3028, 9f215ef2-7d46-4cda-b695-cae1b893f75f:c3028]
2019-08-20 16:04:03,421 | INFO  | DNAudit | user=null | ip=null | op=WRITE_CHUNK {blockData=conID: 3 locID: 102650153715368486 bcsId: 3031} | ret=SUCCESS |  
2019-08-20 16:04:03,423 | INFO  | DNAudit | user=null | ip=null | op=WRITE_CHUNK {blockData=conID: 3 locID: 102650153715368486 bcsId: 3031} | ret=SUCCESS |  
2019-08-20 16:04:03,423 | INFO  | DNAudit | user=null | ip=null | op=WRITE_CHUNK {blockData=conID: 3 locID: 102650153715368486 bcsId: 3031} | ret=SUCCESS |  
2019-08-20 16:04:03,425 | INFO  | DNAudit | user=null | ip=null | op=WRITE_CHUNK {blockData=conID: 3 locID: 102650153715368486 bcsId: 3026} | ret=SUCCESS |  
2019-08-20 16:04:03,425 | INFO  | DNAudit | user=null | ip=null | op=WRITE_CHUNK {blockData=conID: 3 locID: 102650153715368486 bcsId: 3026} | ret=SUCCESS |  
2019-08-20 16:04:03,425 | INFO  | DNAudit | user=null | ip=null | op=PUT_BLOCK {blockData=[blockId=conID: 3 locID: 102650153715368486 bcsId: 0,size=3145728]} | ret=SUCCESS |  
2019-08-20 16:04:03,425 | INFO  | DNAudit | user=null | ip=null | op=PUT_BLOCK {blockData=[blockId=conID: 3 locID: 102650153715368486 bcsId: 0,size=3145728]} | ret=SUCCESS |  
2019-08-20 16:04:03,426 | INFO  | DNAudit | user=null | ip=null | op=WRITE_CHUNK {blockData=conID: 3 locID: 102650153715368486 bcsId: 3031} | ret=SUCCESS |  
2019-08-20 16:04:03,426 | INFO  | DNAudit | user=null | ip=null | op=PUT_BLOCK {blockData=[blockId=conID: 3 locID: 102650153715368486 bcsId: 0,size=4194304]} | ret=SUCCESS |  
2019-08-20 16:04:03,426 [grpc-default-executor-5] INFO  client.GrpcClientProtocolClient (GrpcClientProtocolClient.java:onNext(255)) - client-EAA342753240->9a4a4c23-9ff3-4ce3-a619-2c71c0869997: receive RaftClientReply:client-EAA342753240->9a4a4c23-9ff3-4ce3-a619-2c71c0869997@group-EC4211DF0353, cid=2071, SUCCESS, logIndex=3033, commits[9a4a4c23-9ff3-4ce3-a619-2c71c0869997:c3034, 9b0072ab-15b3-4973-9bcb-7fa02f6bfea9:c3031, 9f215ef2-7d46-4cda-b695-cae1b893f75f:c3031]
2019-08-20 16:04:03,427 [grpc-default-executor-5] INFO  client.GrpcClientProtocolClient (GrpcClientProtocolClient.java:onNext(255)) - client-EAA342753240->9a4a4c23-9ff3-4ce3-a619-2c71c0869997: receive RaftClientReply:client-EAA342753240->9a4a4c23-9ff3-4ce3-a619-2c71c0869997@group-EC4211DF0353, cid=2072, SUCCESS, logIndex=3034, commits[9a4a4c23-9ff3-4ce3-a619-2c71c0869997:c3034, 9b0072ab-15b3-4973-9bcb-7fa02f6bfea9:c3031, 9f215ef2-7d46-4cda-b695-cae1b893f75f:c3031]
2019-08-20 16:04:03,429 [grpc-default-executor-5] INFO  client.GrpcClientProtocolClient (GrpcClientProtocolClient.java:onNext(255)) - client-EAA342753240->9a4a4c23-9ff3-4ce3-a619-2c71c0869997: receive RaftClientReply:client-EAA342753240->9a4a4c23-9ff3-4ce3-a619-2c71c0869997@group-EC4211DF0353, cid=2073, SUCCESS, logIndex=0, commits[9a4a4c23-9ff3-4ce3-a619-2c71c0869997:c3035, 9b0072ab-15b3-4973-9bcb-7fa02f6bfea9:c3034, 9f215ef2-7d46-4cda-b695-cae1b893f75f:c3034]
2019-08-20 16:04:03,434 | INFO  | SCMAudit | user=jenkins1000 | ip=192.168.69.96 | op=ALLOCATE_BLOCK {owner=ea4851f9-218c-4af7-91b4-edb777a4888c, size=4194304, type=RATIS, factor=THREE} | ret=SUCCESS |  
2019-08-20 16:04:03,437 | INFO  | DNAudit | user=null | ip=null | op=WRITE_CHUNK {blockData=conID: 3 locID: 102650153715368486 bcsId: 3031} | ret=SUCCESS |  
2019-08-20 16:04:03,437 | INFO  | OMAudit | user=jenkins1000 | ip=127.0.0.1 | op=ALLOCATE_BLOCK {volume=vol-0-94146, bucket=bucket-0-90789, key=key-0-25609, dataSize=0, replicationType=null, replicationFactor=null, keyLocationInfo=null, clientID=102650152704082322} | ret=SUCCESS |  
2019-08-20 16:04:03,437 | INFO  | DNAudit | user=null | ip=null | op=PUT_BLOCK {blockData=[blockId=conID: 3 locID: 102650153715368486 bcsId: 0,size=4194304]} | ret=SUCCESS |  
2019-08-20 16:04:03,441 | INFO  | DNAudit | user=null | ip=null | op=WRITE_CHUNK {blockData=conID: 3 locID: 102650153715368486 bcsId: 3031} | ret=SUCCESS |  
2019-08-20 16:04:03,442 | INFO  | DNAudit | user=null | ip=null | op=PUT_BLOCK {blockData=[blockId=conID: 3 locID: 102650153715368486 bcsId: 0,size=4194304]} | ret=SUCCESS |  
2019-08-20 16:04:03,445 | INFO  | DNAudit | user=null | ip=null | op=WRITE_CHUNK {blockData=conID: 1 locID: 102650153758491175 bcsId: 0} | ret=SUCCESS |  
2019-08-20 16:04:03,448 | INFO  | DNAudit | user=null | ip=null | op=WRITE_CHUNK {blockData=conID: 1 locID: 102650153758491175 bcsId: 0} | ret=SUCCESS |  
2019-08-20 16:04:03,449 | INFO  | DNAudit | user=null | ip=null | op=WRITE_CHUNK {blockData=conID: 1 locID: 102650153758491175 bcsId: 0} | ret=SUCCESS |  
2019-08-20 16:04:03,449 | INFO  | DNAudit | user=null | ip=null | op=WRITE_CHUNK {blockData=conID: 1 locID: 102650153758491175 bcsId: 0} | ret=SUCCESS |  
2019-08-20 16:04:03,450 | INFO  | DNAudit | user=null | ip=null | op=WRITE_CHUNK {blockData=conID: 1 locID: 102650153758491175 bcsId: 0} | ret=SUCCESS |  
2019-08-20 16:04:03,450 | INFO  | DNAudit | user=null | ip=null | op=WRITE_CHUNK {blockData=conID: 1 locID: 102650153758491175 bcsId: 0} | ret=SUCCESS |  
2019-08-20 16:04:03,463 | INFO  | DNAudit | user=null | ip=null | op=WRITE_CHUNK {blockData=conID: 1 locID: 102650153758491175 bcsId: 0} | ret=SUCCESS |  
2019-08-20 16:04:03,463 | INFO  | DNAudit | user=null | ip=null | op=PUT_BLOCK {blockData=[blockId=conID: 1 locID: 102650153758491175 bcsId: 0,size=1048576]} | ret=SUCCESS |  
2019-08-20 16:04:03,463 [grpc-default-executor-6] INFO  client.GrpcClientProtocolClient (GrpcClientProtocolClient.java:onNext(255)) - client-EAA342753240->9a4a4c23-9ff3-4ce3-a619-2c71c0869997: receive RaftClientReply:client-EAA342753240->9a4a4c23-9ff3-4ce3-a619-2c71c0869997@group-EC4211DF0353, cid=2074, SUCCESS, logIndex=3037, commits[9a4a4c23-9ff3-4ce3-a619-2c71c0869997:c3039, 9b0072ab-15b3-4973-9bcb-7fa02f6bfea9:c3035, 9f215ef2-7d46-4cda-b695-cae1b893f75f:c3035]
2019-08-20 16:04:03,464 | INFO  | DNAudit | user=null | ip=null | op=WRITE_CHUNK {blockData=conID: 1 locID: 102650153758491175 bcsId: 0} | ret=SUCCESS |  
2019-08-20 16:04:03,464 | INFO  | DNAudit | user=null | ip=null | op=PUT_BLOCK {blockData=[blockId=conID: 1 locID: 102650153758491175 bcsId: 0,size=2097152]} | ret=SUCCESS |  
2019-08-20 16:04:03,464 [grpc-default-executor-6] INFO  client.GrpcClientProtocolClient (GrpcClientProtocolClient.java:onNext(255)) - client-EAA342753240->9a4a4c23-9ff3-4ce3-a619-2c71c0869997: receive RaftClientReply:client-EAA342753240->9a4a4c23-9ff3-4ce3-a619-2c71c0869997@group-EC4211DF0353, cid=2075, SUCCESS, logIndex=3038, commits[9a4a4c23-9ff3-4ce3-a619-2c71c0869997:c3040, 9b0072ab-15b3-4973-9bcb-7fa02f6bfea9:c3035, 9f215ef2-7d46-4cda-b695-cae1b893f75f:c3035]
2019-08-20 16:04:03,464 [grpc-default-executor-6] INFO  client.GrpcClientProtocolClient (GrpcClientProtocolClient.java:onNext(255)) - client-EAA342753240->9a4a4c23-9ff3-4ce3-a619-2c71c0869997: receive RaftClientReply:client-EAA342753240->9a4a4c23-9ff3-4ce3-a619-2c71c0869997@group-EC4211DF0353, cid=2076, SUCCESS, logIndex=3039, commits[9a4a4c23-9ff3-4ce3-a619-2c71c0869997:c3040, 9b0072ab-15b3-4973-9bcb-7fa02f6bfea9:c3035, 9f215ef2-7d46-4cda-b695-cae1b893f75f:c3035]
2019-08-20 16:04:03,464 [grpc-default-executor-6] INFO  client.GrpcClientProtocolClient (GrpcClientProtocolClient.java:onNext(255)) - client-EAA342753240->9a4a4c23-9ff3-4ce3-a619-2c71c0869997: receive RaftClientReply:client-EAA342753240->9a4a4c23-9ff3-4ce3-a619-2c71c0869997@group-EC4211DF0353, cid=2077, SUCCESS, logIndex=3040, commits[9a4a4c23-9ff3-4ce3-a619-2c71c0869997:c3040, 9b0072ab-15b3-4973-9bcb-7fa02f6bfea9:c3035, 9f215ef2-7d46-4cda-b695-cae1b893f75f:c3035]
2019-08-20 16:04:03,466 | INFO  | DNAudit | user=null | ip=null | op=WRITE_CHUNK {blockData=conID: 1 locID: 102650153758491175 bcsId: 0} | ret=SUCCESS |  
2019-08-20 16:04:03,466 | INFO  | DNAudit | user=null | ip=null | op=WRITE_CHUNK {blockData=conID: 1 locID: 102650153758491175 bcsId: 0} | ret=SUCCESS |  
2019-08-20 16:04:03,466 | INFO  | DNAudit | user=null | ip=null | op=PUT_BLOCK {blockData=[blockId=conID: 1 locID: 102650153758491175 bcsId: 0,size=1048576]} | ret=SUCCESS |  
2019-08-20 16:04:03,478 [grpc-default-executor-3] INFO  client.GrpcClientProtocolClient (GrpcClientProtocolClient.java:onNext(255)) - client-EAA342753240->9a4a4c23-9ff3-4ce3-a619-2c71c0869997: receive RaftClientReply:client-EAA342753240->9a4a4c23-9ff3-4ce3-a619-2c71c0869997@group-EC4211DF0353, cid=2078, SUCCESS, logIndex=0, commits[9a4a4c23-9ff3-4ce3-a619-2c71c0869997:c3042, 9b0072ab-15b3-4973-9bcb-7fa02f6bfea9:c3038, 9f215ef2-7d46-4cda-b695-cae1b893f75f:c3038]
2019-08-20 16:04:03,489 | INFO  | DNAudit | user=null | ip=null | op=WRITE_CHUNK {blockData=conID: 1 locID: 102650153758491175 bcsId: 0} | ret=SUCCESS |  
2019-08-20 16:04:03,489 | INFO  | DNAudit | user=null | ip=null | op=PUT_BLOCK {blockData=[blockId=conID: 1 locID: 102650153758491175 bcsId: 0,size=1048576]} | ret=SUCCESS |  
2019-08-20 16:04:03,489 | INFO  | DNAudit | user=null | ip=null | op=PUT_BLOCK {blockData=[blockId=conID: 1 locID: 102650153758491175 bcsId: 0,size=2097152]} | ret=SUCCESS |  
2019-08-20 16:04:03,489 | INFO  | DNAudit | user=null | ip=null | op=WRITE_CHUNK {blockData=conID: 1 locID: 102650153758491175 bcsId: 0} | ret=SUCCESS |  
2019-08-20 16:04:03,490 | INFO  | DNAudit | user=null | ip=null | op=PUT_BLOCK {blockData=[blockId=conID: 1 locID: 102650153758491175 bcsId: 0,size=2097152]} | ret=SUCCESS |  
2019-08-20 16:04:03,491 | INFO  | DNAudit | user=null | ip=null | op=WRITE_CHUNK {blockData=conID: 1 locID: 102650153758491175 bcsId: 3040} | ret=SUCCESS |  
2019-08-20 16:04:03,491 | INFO  | DNAudit | user=null | ip=null | op=WRITE_CHUNK {blockData=conID: 1 locID: 102650153758491175 bcsId: 3040} | ret=SUCCESS |  
2019-08-20 16:04:03,491 | INFO  | DNAudit | user=null | ip=null | op=WRITE_CHUNK {blockData=conID: 1 locID: 102650153758491175 bcsId: 3040} | ret=SUCCESS |  
2019-08-20 16:04:03,496 | INFO  | DNAudit | user=null | ip=null | op=WRITE_CHUNK {blockData=conID: 1 locID: 102650153758491175 bcsId: 3040} | ret=SUCCESS |  
2019-08-20 16:04:03,497 | INFO  | DNAudit | user=null | ip=null | op=PUT_BLOCK {blockData=[blockId=conID: 1 locID: 102650153758491175 bcsId: 0,size=3145728]} | ret=SUCCESS |  
2019-08-20 16:04:03,497 [grpc-default-executor-6] INFO  client.GrpcClientProtocolClient (GrpcClientProtocolClient.java:onNext(255)) - client-EAA342753240->9a4a4c23-9ff3-4ce3-a619-2c71c0869997: receive RaftClientReply:client-EAA342753240->9a4a4c23-9ff3-4ce3-a619-2c71c0869997@group-EC4211DF0353, cid=2079, SUCCESS, logIndex=3045, commits[9a4a4c23-9ff3-4ce3-a619-2c71c0869997:c3046, 9b0072ab-15b3-4973-9bcb-7fa02f6bfea9:c3044, 9f215ef2-7d46-4cda-b695-cae1b893f75f:c3044]
2019-08-20 16:04:03,497 [grpc-default-executor-6] INFO  client.GrpcClientProtocolClient (GrpcClientProtocolClient.java:onNext(255)) - client-EAA342753240->9a4a4c23-9ff3-4ce3-a619-2c71c0869997: receive RaftClientReply:client-EAA342753240->9a4a4c23-9ff3-4ce3-a619-2c71c0869997@group-EC4211DF0353, cid=2080, SUCCESS, logIndex=3046, commits[9a4a4c23-9ff3-4ce3-a619-2c71c0869997:c3046, 9b0072ab-15b3-4973-9bcb-7fa02f6bfea9:c3044, 9f215ef2-7d46-4cda-b695-cae1b893f75f:c3044]
2019-08-20 16:04:03,499 | INFO  | DNAudit | user=null | ip=null | op=WRITE_CHUNK {blockData=conID: 1 locID: 102650153758491175 bcsId: 3040} | ret=SUCCESS |  
2019-08-20 16:04:03,499 | INFO  | DNAudit | user=null | ip=null | op=WRITE_CHUNK {blockData=conID: 1 locID: 102650153758491175 bcsId: 3040} | ret=SUCCESS |  
2019-08-20 16:04:03,505 | INFO  | DNAudit | user=null | ip=null | op=WRITE_CHUNK {blockData=conID: 1 locID: 102650153758491175 bcsId: 3046} | ret=SUCCESS |  
2019-08-20 16:04:03,507 | INFO  | DNAudit | user=null | ip=null | op=WRITE_CHUNK {blockData=conID: 1 locID: 102650153758491175 bcsId: 3046} | ret=SUCCESS |  
2019-08-20 16:04:03,507 | INFO  | DNAudit | user=null | ip=null | op=WRITE_CHUNK {blockData=conID: 1 locID: 102650153758491175 bcsId: 3046} | ret=SUCCESS |  
2019-08-20 16:04:03,512 | INFO  | DNAudit | user=null | ip=null | op=PUT_BLOCK {blockData=[blockId=conID: 1 locID: 102650153758491175 bcsId: 0,size=3145728]} | ret=SUCCESS |  
2019-08-20 16:04:03,512 | INFO  | DNAudit | user=null | ip=null | op=PUT_BLOCK {blockData=[blockId=conID: 1 locID: 102650153758491175 bcsId: 0,size=3145728]} | ret=SUCCESS |  
2019-08-20 16:04:03,524 | INFO  | DNAudit | user=null | ip=null | op=WRITE_CHUNK {blockData=conID: 1 locID: 102650153758491175 bcsId: 3046} | ret=SUCCESS |  
2019-08-20 16:04:03,524 | INFO  | DNAudit | user=null | ip=null | op=PUT_BLOCK {blockData=[blockId=conID: 1 locID: 102650153758491175 bcsId: 0,size=4194304]} | ret=SUCCESS |  
2019-08-20 16:04:03,524 [grpc-default-executor-3] INFO  client.GrpcClientProtocolClient (GrpcClientProtocolClient.java:onNext(255)) - client-EAA342753240->9a4a4c23-9ff3-4ce3-a619-2c71c0869997: receive RaftClientReply:client-EAA342753240->9a4a4c23-9ff3-4ce3-a619-2c71c0869997@group-EC4211DF0353, cid=2081, SUCCESS, logIndex=3049, commits[9a4a4c23-9ff3-4ce3-a619-2c71c0869997:c3050, 9b0072ab-15b3-4973-9bcb-7fa02f6bfea9:c3047, 9f215ef2-7d46-4cda-b695-cae1b893f75f:c3047]
2019-08-20 16:04:03,524 [grpc-default-executor-3] INFO  client.GrpcClientProtocolClient (GrpcClientProtocolClient.java:onNext(255)) - client-EAA342753240->9a4a4c23-9ff3-4ce3-a619-2c71c0869997: receive RaftClientReply:client-EAA342753240->9a4a4c23-9ff3-4ce3-a619-2c71c0869997@group-EC4211DF0353, cid=2082, SUCCESS, logIndex=3050, commits[9a4a4c23-9ff3-4ce3-a619-2c71c0869997:c3050, 9b0072ab-15b3-4973-9bcb-7fa02f6bfea9:c3047, 9f215ef2-7d46-4cda-b695-cae1b893f75f:c3047]
2019-08-20 16:04:03,527 | INFO  | DNAudit | user=null | ip=null | op=WRITE_CHUNK {blockData=conID: 1 locID: 102650153758491175 bcsId: 3046} | ret=SUCCESS |  
2019-08-20 16:04:03,538 | INFO  | DNAudit | user=null | ip=null | op=WRITE_CHUNK {blockData=conID: 1 locID: 102650153758491175 bcsId: 3046} | ret=SUCCESS |  
2019-08-20 16:04:03,538 | INFO  | DNAudit | user=null | ip=null | op=PUT_BLOCK {blockData=[blockId=conID: 1 locID: 102650153758491175 bcsId: 0,size=4194304]} | ret=SUCCESS |  
2019-08-20 16:04:03,538 | INFO  | DNAudit | user=null | ip=null | op=PUT_BLOCK {blockData=[blockId=conID: 1 locID: 102650153758491175 bcsId: 0,size=4194304]} | ret=SUCCESS |  
2019-08-20 16:04:03,539 [grpc-default-executor-3] INFO  client.GrpcClientProtocolClient (GrpcClientProtocolClient.java:onNext(255)) - client-EAA342753240->9a4a4c23-9ff3-4ce3-a619-2c71c0869997: receive RaftClientReply:client-EAA342753240->9a4a4c23-9ff3-4ce3-a619-2c71c0869997@group-EC4211DF0353, cid=2083, SUCCESS, logIndex=0, commits[9a4a4c23-9ff3-4ce3-a619-2c71c0869997:c3052, 9b0072ab-15b3-4973-9bcb-7fa02f6bfea9:c3050, 9f215ef2-7d46-4cda-b695-cae1b893f75f:c3050]
2019-08-20 16:04:03,543 | INFO  | SCMAudit | user=jenkins1000 | ip=192.168.69.96 | op=ALLOCATE_BLOCK {owner=ea4851f9-218c-4af7-91b4-edb777a4888c, size=4194304, type=RATIS, factor=THREE} | ret=SUCCESS |  
2019-08-20 16:04:03,545 | INFO  | OMAudit | user=jenkins1000 | ip=127.0.0.1 | op=ALLOCATE_BLOCK {volume=vol-0-94146, bucket=bucket-0-90789, key=key-0-25609, dataSize=0, replicationType=null, replicationFactor=null, keyLocationInfo=null, clientID=102650152704082322} | ret=SUCCESS |  
2019-08-20 16:04:03,551 | INFO  | DNAudit | user=null | ip=null | op=WRITE_CHUNK {blockData=conID: 2 locID: 102650153765634600 bcsId: 0} | ret=SUCCESS |  
2019-08-20 16:04:03,552 | INFO  | DNAudit | user=null | ip=null | op=WRITE_CHUNK {blockData=conID: 2 locID: 102650153765634600 bcsId: 0} | ret=SUCCESS |  
2019-08-20 16:04:03,553 | INFO  | DNAudit | user=null | ip=null | op=WRITE_CHUNK {blockData=conID: 2 locID: 102650153765634600 bcsId: 0} | ret=SUCCESS |  
2019-08-20 16:04:03,553 | INFO  | DNAudit | user=null | ip=null | op=WRITE_CHUNK {blockData=conID: 2 locID: 102650153765634600 bcsId: 0} | ret=SUCCESS |  
2019-08-20 16:04:03,554 | INFO  | DNAudit | user=null | ip=null | op=WRITE_CHUNK {blockData=conID: 2 locID: 102650153765634600 bcsId: 0} | ret=SUCCESS |  
2019-08-20 16:04:03,555 | INFO  | DNAudit | user=null | ip=null | op=WRITE_CHUNK {blockData=conID: 2 locID: 102650153765634600 bcsId: 0} | ret=SUCCESS |  
2019-08-20 16:04:03,570 | INFO  | DNAudit | user=null | ip=null | op=WRITE_CHUNK {blockData=conID: 2 locID: 102650153765634600 bcsId: 0} | ret=SUCCESS |  
2019-08-20 16:04:03,570 | INFO  | DNAudit | user=null | ip=null | op=PUT_BLOCK {blockData=[blockId=conID: 2 locID: 102650153765634600 bcsId: 0,size=1048576]} | ret=SUCCESS |  
2019-08-20 16:04:03,570 [grpc-default-executor-6] INFO  client.GrpcClientProtocolClient (GrpcClientProtocolClient.java:onNext(255)) - client-EAA342753240->9a4a4c23-9ff3-4ce3-a619-2c71c0869997: receive RaftClientReply:client-EAA342753240->9a4a4c23-9ff3-4ce3-a619-2c71c0869997@group-EC4211DF0353, cid=2084, SUCCESS, logIndex=3053, commits[9a4a4c23-9ff3-4ce3-a619-2c71c0869997:c3054, 9b0072ab-15b3-4973-9bcb-7fa02f6bfea9:c3052, 9f215ef2-7d46-4cda-b695-cae1b893f75f:c3052]
2019-08-20 16:04:03,571 | INFO  | DNAudit | user=null | ip=null | op=WRITE_CHUNK {blockData=conID: 2 locID: 102650153765634600 bcsId: 0} | ret=SUCCESS |  
2019-08-20 16:04:03,571 [grpc-default-executor-6] INFO  client.GrpcClientProtocolClient (GrpcClientProtocolClient.java:onNext(255)) - client-EAA342753240->9a4a4c23-9ff3-4ce3-a619-2c71c0869997: receive RaftClientReply:client-EAA342753240->9a4a4c23-9ff3-4ce3-a619-2c71c0869997@group-EC4211DF0353, cid=2085, SUCCESS, logIndex=3054, commits[9a4a4c23-9ff3-4ce3-a619-2c71c0869997:c3054, 9b0072ab-15b3-4973-9bcb-7fa02f6bfea9:c3052, 9f215ef2-7d46-4cda-b695-cae1b893f75f:c3052]
2019-08-20 16:04:03,571 | INFO  | DNAudit | user=null | ip=null | op=PUT_BLOCK {blockData=[blockId=conID: 2 locID: 102650153765634600 bcsId: 0,size=2097152]} | ret=SUCCESS |  
2019-08-20 16:04:03,571 [grpc-default-executor-6] INFO  client.GrpcClientProtocolClient (GrpcClientProtocolClient.java:onNext(255)) - client-EAA342753240->9a4a4c23-9ff3-4ce3-a619-2c71c0869997: receive RaftClientReply:client-EAA342753240->9a4a4c23-9ff3-4ce3-a619-2c71c0869997@group-EC4211DF0353, cid=2086, SUCCESS, logIndex=3055, commits[9a4a4c23-9ff3-4ce3-a619-2c71c0869997:c3056, 9b0072ab-15b3-4973-9bcb-7fa02f6bfea9:c3052, 9f215ef2-7d46-4cda-b695-cae1b893f75f:c3052]
2019-08-20 16:04:03,571 [grpc-default-executor-6] INFO  client.GrpcClientProtocolClient (GrpcClientProtocolClient.java:onNext(255)) - client-EAA342753240->9a4a4c23-9ff3-4ce3-a619-2c71c0869997: receive RaftClientReply:client-EAA342753240->9a4a4c23-9ff3-4ce3-a619-2c71c0869997@group-EC4211DF0353, cid=2087, SUCCESS, logIndex=3056, commits[9a4a4c23-9ff3-4ce3-a619-2c71c0869997:c3056, 9b0072ab-15b3-4973-9bcb-7fa02f6bfea9:c3052, 9f215ef2-7d46-4cda-b695-cae1b893f75f:c3052]
2019-08-20 16:04:03,573 | INFO  | DNAudit | user=null | ip=null | op=WRITE_CHUNK {blockData=conID: 2 locID: 102650153765634600 bcsId: 0} | ret=SUCCESS |  
2019-08-20 16:04:03,573 | INFO  | DNAudit | user=null | ip=null | op=WRITE_CHUNK {blockData=conID: 2 locID: 102650153765634600 bcsId: 0} | ret=SUCCESS |  
2019-08-20 16:04:03,573 | INFO  | DNAudit | user=null | ip=null | op=PUT_BLOCK {blockData=[blockId=conID: 2 locID: 102650153765634600 bcsId: 0,size=1048576]} | ret=SUCCESS |  
2019-08-20 16:04:03,573 | INFO  | DNAudit | user=null | ip=null | op=PUT_BLOCK {blockData=[blockId=conID: 2 locID: 102650153765634600 bcsId: 0,size=1048576]} | ret=SUCCESS |  
2019-08-20 16:04:03,574 [grpc-default-executor-6] INFO  client.GrpcClientProtocolClient (GrpcClientProtocolClient.java:onNext(255)) - client-EAA342753240->9a4a4c23-9ff3-4ce3-a619-2c71c0869997: receive RaftClientReply:client-EAA342753240->9a4a4c23-9ff3-4ce3-a619-2c71c0869997@group-EC4211DF0353, cid=2088, SUCCESS, logIndex=0, commits[9a4a4c23-9ff3-4ce3-a619-2c71c0869997:c3057, 9b0072ab-15b3-4973-9bcb-7fa02f6bfea9:c3054, 9f215ef2-7d46-4cda-b695-cae1b893f75f:c3054]
2019-08-20 16:04:03,579 | INFO  | DNAudit | user=null | ip=null | op=WRITE_CHUNK {blockData=conID: 2 locID: 102650153765634600 bcsId: 3056} | ret=SUCCESS |  
2019-08-20 16:04:03,581 | INFO  | DNAudit | user=null | ip=null | op=WRITE_CHUNK {blockData=conID: 2 locID: 102650153765634600 bcsId: 3056} | ret=SUCCESS |  
2019-08-20 16:04:03,582 | INFO  | DNAudit | user=null | ip=null | op=WRITE_CHUNK {blockData=conID: 2 locID: 102650153765634600 bcsId: 3056} | ret=SUCCESS |  
2019-08-20 16:04:03,585 | INFO  | DNAudit | user=null | ip=null | op=WRITE_CHUNK {blockData=conID: 2 locID: 102650153765634600 bcsId: 0} | ret=SUCCESS |  
2019-08-20 16:04:03,585 | INFO  | DNAudit | user=null | ip=null | op=WRITE_CHUNK {blockData=conID: 2 locID: 102650153765634600 bcsId: 0} | ret=SUCCESS |  
2019-08-20 16:04:03,585 | INFO  | DNAudit | user=null | ip=null | op=PUT_BLOCK {blockData=[blockId=conID: 2 locID: 102650153765634600 bcsId: 0,size=2097152]} | ret=SUCCESS |  
2019-08-20 16:04:03,585 | INFO  | DNAudit | user=null | ip=null | op=PUT_BLOCK {blockData=[blockId=conID: 2 locID: 102650153765634600 bcsId: 0,size=2097152]} | ret=SUCCESS |  
2019-08-20 16:04:03,587 | INFO  | DNAudit | user=null | ip=null | op=WRITE_CHUNK {blockData=conID: 2 locID: 102650153765634600 bcsId: 3056} | ret=SUCCESS |  
2019-08-20 16:04:03,588 | INFO  | DNAudit | user=null | ip=null | op=PUT_BLOCK {blockData=[blockId=conID: 2 locID: 102650153765634600 bcsId: 0,size=3145728]} | ret=SUCCESS |  
2019-08-20 16:04:03,588 [grpc-default-executor-3] INFO  client.GrpcClientProtocolClient (GrpcClientProtocolClient.java:onNext(255)) - client-EAA342753240->9a4a4c23-9ff3-4ce3-a619-2c71c0869997: receive RaftClientReply:client-EAA342753240->9a4a4c23-9ff3-4ce3-a619-2c71c0869997@group-EC4211DF0353, cid=2089, SUCCESS, logIndex=3061, commits[9a4a4c23-9ff3-4ce3-a619-2c71c0869997:c3062, 9b0072ab-15b3-4973-9bcb-7fa02f6bfea9:c3057, 9f215ef2-7d46-4cda-b695-cae1b893f75f:c3057]
2019-08-20 16:04:03,588 [grpc-default-executor-3] INFO  client.GrpcClientProtocolClient (GrpcClientProtocolClient.java:onNext(255)) - client-EAA342753240->9a4a4c23-9ff3-4ce3-a619-2c71c0869997: receive RaftClientReply:client-EAA342753240->9a4a4c23-9ff3-4ce3-a619-2c71c0869997@group-EC4211DF0353, cid=2090, SUCCESS, logIndex=3062, commits[9a4a4c23-9ff3-4ce3-a619-2c71c0869997:c3062, 9b0072ab-15b3-4973-9bcb-7fa02f6bfea9:c3057, 9f215ef2-7d46-4cda-b695-cae1b893f75f:c3057]
2019-08-20 16:04:03,593 | INFO  | DNAudit | user=null | ip=null | op=WRITE_CHUNK {blockData=conID: 2 locID: 102650153765634600 bcsId: 3062} | ret=SUCCESS |  
2019-08-20 16:04:03,595 | INFO  | DNAudit | user=null | ip=null | op=WRITE_CHUNK {blockData=conID: 2 locID: 102650153765634600 bcsId: 3062} | ret=SUCCESS |  
2019-08-20 16:04:03,596 | INFO  | DNAudit | user=null | ip=null | op=WRITE_CHUNK {blockData=conID: 2 locID: 102650153765634600 bcsId: 3062} | ret=SUCCESS |  
2019-08-20 16:04:03,607 | INFO  | DNAudit | user=null | ip=null | op=WRITE_CHUNK {blockData=conID: 2 locID: 102650153765634600 bcsId: 3056} | ret=SUCCESS |  
2019-08-20 16:04:03,607 | INFO  | DNAudit | user=null | ip=null | op=WRITE_CHUNK {blockData=conID: 2 locID: 102650153765634600 bcsId: 3056} | ret=SUCCESS |  
2019-08-20 16:04:03,609 | INFO  | DNAudit | user=null | ip=null | op=PUT_BLOCK {blockData=[blockId=conID: 2 locID: 102650153765634600 bcsId: 0,size=3145728]} | ret=SUCCESS |  
2019-08-20 16:04:03,610 | INFO  | DNAudit | user=null | ip=null | op=PUT_BLOCK {blockData=[blockId=conID: 2 locID: 102650153765634600 bcsId: 0,size=3145728]} | ret=SUCCESS |  
2019-08-20 16:04:03,610 | INFO  | DNAudit | user=null | ip=null | op=WRITE_CHUNK {blockData=conID: 2 locID: 102650153765634600 bcsId: 3062} | ret=SUCCESS |  
2019-08-20 16:04:03,610 | INFO  | DNAudit | user=null | ip=null | op=PUT_BLOCK {blockData=[blockId=conID: 2 locID: 102650153765634600 bcsId: 0,size=4194304]} | ret=SUCCESS |  
2019-08-20 16:04:03,610 [grpc-default-executor-6] INFO  client.GrpcClientProtocolClient (GrpcClientProtocolClient.java:onNext(255)) - client-EAA342753240->9a4a4c23-9ff3-4ce3-a619-2c71c0869997: receive RaftClientReply:client-EAA342753240->9a4a4c23-9ff3-4ce3-a619-2c71c0869997@group-EC4211DF0353, cid=2091, SUCCESS, logIndex=3065, commits[9a4a4c23-9ff3-4ce3-a619-2c71c0869997:c3065, 9b0072ab-15b3-4973-9bcb-7fa02f6bfea9:c3062, 9f215ef2-7d46-4cda-b695-cae1b893f75f:c3062]
2019-08-20 16:04:03,610 [grpc-default-executor-6] INFO  client.GrpcClientProtocolClient (GrpcClientProtocolClient.java:onNext(255)) - client-EAA342753240->9a4a4c23-9ff3-4ce3-a619-2c71c0869997: receive RaftClientReply:client-EAA342753240->9a4a4c23-9ff3-4ce3-a619-2c71c0869997@group-EC4211DF0353, cid=2092, SUCCESS, logIndex=3066, commits[9a4a4c23-9ff3-4ce3-a619-2c71c0869997:c3066, 9b0072ab-15b3-4973-9bcb-7fa02f6bfea9:c3062, 9f215ef2-7d46-4cda-b695-cae1b893f75f:c3062]
2019-08-20 16:04:03,627 | INFO  | DNAudit | user=null | ip=null | op=WRITE_CHUNK {blockData=conID: 2 locID: 102650153765634600 bcsId: 3062} | ret=SUCCESS |  
2019-08-20 16:04:03,627 | INFO  | DNAudit | user=null | ip=null | op=WRITE_CHUNK {blockData=conID: 2 locID: 102650153765634600 bcsId: 3062} | ret=SUCCESS |  
2019-08-20 16:04:03,629 | INFO  | DNAudit | user=null | ip=null | op=PUT_BLOCK {blockData=[blockId=conID: 2 locID: 102650153765634600 bcsId: 0,size=4194304]} | ret=SUCCESS |  
2019-08-20 16:04:03,629 | INFO  | DNAudit | user=null | ip=null | op=PUT_BLOCK {blockData=[blockId=conID: 2 locID: 102650153765634600 bcsId: 0,size=4194304]} | ret=SUCCESS |  
2019-08-20 16:04:03,630 [grpc-default-executor-6] INFO  client.GrpcClientProtocolClient (GrpcClientProtocolClient.java:onNext(255)) - client-EAA342753240->9a4a4c23-9ff3-4ce3-a619-2c71c0869997: receive RaftClientReply:client-EAA342753240->9a4a4c23-9ff3-4ce3-a619-2c71c0869997@group-EC4211DF0353, cid=2093, SUCCESS, logIndex=0, commits[9a4a4c23-9ff3-4ce3-a619-2c71c0869997:c3068, 9b0072ab-15b3-4973-9bcb-7fa02f6bfea9:c3066, 9f215ef2-7d46-4cda-b695-cae1b893f75f:c3066]
2019-08-20 16:04:03,633 | INFO  | SCMAudit | user=jenkins1000 | ip=192.168.69.96 | op=ALLOCATE_BLOCK {owner=ea4851f9-218c-4af7-91b4-edb777a4888c, size=4194304, type=RATIS, factor=THREE} | ret=SUCCESS |  
2019-08-20 16:04:03,635 | INFO  | OMAudit | user=jenkins1000 | ip=127.0.0.1 | op=ALLOCATE_BLOCK {volume=vol-0-94146, bucket=bucket-0-90789, key=key-0-25609, dataSize=0, replicationType=null, replicationFactor=null, keyLocationInfo=null, clientID=102650152704082322} | ret=SUCCESS |  
2019-08-20 16:04:03,641 | INFO  | DNAudit | user=null | ip=null | op=WRITE_CHUNK {blockData=conID: 3 locID: 102650153771532841 bcsId: 0} | ret=SUCCESS |  
2019-08-20 16:04:03,642 | INFO  | DNAudit | user=null | ip=null | op=WRITE_CHUNK {blockData=conID: 3 locID: 102650153771532841 bcsId: 0} | ret=SUCCESS |  
2019-08-20 16:04:03,643 | INFO  | DNAudit | user=null | ip=null | op=WRITE_CHUNK {blockData=conID: 3 locID: 102650153771532841 bcsId: 0} | ret=SUCCESS |  
2019-08-20 16:04:03,643 | INFO  | DNAudit | user=null | ip=null | op=WRITE_CHUNK {blockData=conID: 3 locID: 102650153771532841 bcsId: 0} | ret=SUCCESS |  
2019-08-20 16:04:03,645 | INFO  | DNAudit | user=null | ip=null | op=WRITE_CHUNK {blockData=conID: 3 locID: 102650153771532841 bcsId: 0} | ret=SUCCESS |  
2019-08-20 16:04:03,645 | INFO  | DNAudit | user=null | ip=null | op=WRITE_CHUNK {blockData=conID: 3 locID: 102650153771532841 bcsId: 0} | ret=SUCCESS |  
2019-08-20 16:04:03,657 | INFO  | DNAudit | user=null | ip=null | op=WRITE_CHUNK {blockData=conID: 3 locID: 102650153771532841 bcsId: 0} | ret=SUCCESS |  
2019-08-20 16:04:03,657 | INFO  | DNAudit | user=null | ip=null | op=PUT_BLOCK {blockData=[blockId=conID: 3 locID: 102650153771532841 bcsId: 0,size=1048576]} | ret=SUCCESS |  
2019-08-20 16:04:03,658 [grpc-default-executor-5] INFO  client.GrpcClientProtocolClient (GrpcClientProtocolClient.java:onNext(255)) - client-EAA342753240->9a4a4c23-9ff3-4ce3-a619-2c71c0869997: receive RaftClientReply:client-EAA342753240->9a4a4c23-9ff3-4ce3-a619-2c71c0869997@group-EC4211DF0353, cid=2094, SUCCESS, logIndex=3069, commits[9a4a4c23-9ff3-4ce3-a619-2c71c0869997:c3070, 9b0072ab-15b3-4973-9bcb-7fa02f6bfea9:c3068, 9f215ef2-7d46-4cda-b695-cae1b893f75f:c3068]
2019-08-20 16:04:03,658 [grpc-default-executor-5] INFO  client.GrpcClientProtocolClient (GrpcClientProtocolClient.java:onNext(255)) - client-EAA342753240->9a4a4c23-9ff3-4ce3-a619-2c71c0869997: receive RaftClientReply:client-EAA342753240->9a4a4c23-9ff3-4ce3-a619-2c71c0869997@group-EC4211DF0353, cid=2095, SUCCESS, logIndex=3070, commits[9a4a4c23-9ff3-4ce3-a619-2c71c0869997:c3070, 9b0072ab-15b3-4973-9bcb-7fa02f6bfea9:c3068, 9f215ef2-7d46-4cda-b695-cae1b893f75f:c3068]
2019-08-20 16:04:03,668 | INFO  | DNAudit | user=null | ip=null | op=WRITE_CHUNK {blockData=conID: 3 locID: 102650153771532841 bcsId: 0} | ret=SUCCESS |  
2019-08-20 16:04:03,669 | INFO  | DNAudit | user=null | ip=null | op=PUT_BLOCK {blockData=[blockId=conID: 3 locID: 102650153771532841 bcsId: 0,size=2097152]} | ret=SUCCESS |  
2019-08-20 16:04:03,669 [grpc-default-executor-5] INFO  client.GrpcClientProtocolClient (GrpcClientProtocolClient.java:onNext(255)) - client-EAA342753240->9a4a4c23-9ff3-4ce3-a619-2c71c0869997: receive RaftClientReply:client-EAA342753240->9a4a4c23-9ff3-4ce3-a619-2c71c0869997@group-EC4211DF0353, cid=2096, SUCCESS, logIndex=3071, commits[9a4a4c23-9ff3-4ce3-a619-2c71c0869997:c3072, 9b0072ab-15b3-4973-9bcb-7fa02f6bfea9:c3068, 9f215ef2-7d46-4cda-b695-cae1b893f75f:c3068]
2019-08-20 16:04:03,669 [grpc-default-executor-5] INFO  client.GrpcClientProtocolClient (GrpcClientProtocolClient.java:onNext(255)) - client-EAA342753240->9a4a4c23-9ff3-4ce3-a619-2c71c0869997: receive RaftClientReply:client-EAA342753240->9a4a4c23-9ff3-4ce3-a619-2c71c0869997@group-EC4211DF0353, cid=2097, SUCCESS, logIndex=3072, commits[9a4a4c23-9ff3-4ce3-a619-2c71c0869997:c3072, 9b0072ab-15b3-4973-9bcb-7fa02f6bfea9:c3068, 9f215ef2-7d46-4cda-b695-cae1b893f75f:c3068]
2019-08-20 16:04:03,671 | INFO  | DNAudit | user=null | ip=null | op=WRITE_CHUNK {blockData=conID: 3 locID: 102650153771532841 bcsId: 0} | ret=SUCCESS |  
2019-08-20 16:04:03,671 | INFO  | DNAudit | user=null | ip=null | op=WRITE_CHUNK {blockData=conID: 3 locID: 102650153771532841 bcsId: 0} | ret=SUCCESS |  
2019-08-20 16:04:03,671 | INFO  | DNAudit | user=null | ip=null | op=PUT_BLOCK {blockData=[blockId=conID: 3 locID: 102650153771532841 bcsId: 0,size=1048576]} | ret=SUCCESS |  
2019-08-20 16:04:03,672 | INFO  | DNAudit | user=null | ip=null | op=PUT_BLOCK {blockData=[blockId=conID: 3 locID: 102650153771532841 bcsId: 0,size=1048576]} | ret=SUCCESS |  
2019-08-20 16:04:03,672 [grpc-default-executor-1] INFO  client.GrpcClientProtocolClient (GrpcClientProtocolClient.java:onNext(255)) - client-EAA342753240->9a4a4c23-9ff3-4ce3-a619-2c71c0869997: receive RaftClientReply:client-EAA342753240->9a4a4c23-9ff3-4ce3-a619-2c71c0869997@group-EC4211DF0353, cid=2098, SUCCESS, logIndex=0, commits[9a4a4c23-9ff3-4ce3-a619-2c71c0869997:c3073, 9b0072ab-15b3-4973-9bcb-7fa02f6bfea9:c3070, 9f215ef2-7d46-4cda-b695-cae1b893f75f:c3070]
2019-08-20 16:04:03,679 | INFO  | DNAudit | user=null | ip=null | op=WRITE_CHUNK {blockData=conID: 3 locID: 102650153771532841 bcsId: 3072} | ret=SUCCESS |  
2019-08-20 16:04:03,681 | INFO  | DNAudit | user=null | ip=null | op=WRITE_CHUNK {blockData=conID: 3 locID: 102650153771532841 bcsId: 3072} | ret=SUCCESS |  
2019-08-20 16:04:03,681 | INFO  | DNAudit | user=null | ip=null | op=WRITE_CHUNK {blockData=conID: 3 locID: 102650153771532841 bcsId: 3072} | ret=SUCCESS |  
2019-08-20 16:04:03,683 | INFO  | DNAudit | user=null | ip=null | op=WRITE_CHUNK {blockData=conID: 3 locID: 102650153771532841 bcsId: 0} | ret=SUCCESS |  
2019-08-20 16:04:03,683 | INFO  | DNAudit | user=null | ip=null | op=WRITE_CHUNK {blockData=conID: 3 locID: 102650153771532841 bcsId: 0} | ret=SUCCESS |  
2019-08-20 16:04:03,683 | INFO  | DNAudit | user=null | ip=null | op=PUT_BLOCK {blockData=[blockId=conID: 3 locID: 102650153771532841 bcsId: 0,size=2097152]} | ret=SUCCESS |  
2019-08-20 16:04:03,683 | INFO  | DNAudit | user=null | ip=null | op=PUT_BLOCK {blockData=[blockId=conID: 3 locID: 102650153771532841 bcsId: 0,size=2097152]} | ret=SUCCESS |  
2019-08-20 16:04:03,686 | INFO  | DNAudit | user=null | ip=null | op=WRITE_CHUNK {blockData=conID: 3 locID: 102650153771532841 bcsId: 3072} | ret=SUCCESS |  
2019-08-20 16:04:03,686 | INFO  | DNAudit | user=null | ip=null | op=PUT_BLOCK {blockData=[blockId=conID: 3 locID: 102650153771532841 bcsId: 0,size=3145728]} | ret=SUCCESS |  
2019-08-20 16:04:03,686 [grpc-default-executor-5] INFO  client.GrpcClientProtocolClient (GrpcClientProtocolClient.java:onNext(255)) - client-EAA342753240->9a4a4c23-9ff3-4ce3-a619-2c71c0869997: receive RaftClientReply:client-EAA342753240->9a4a4c23-9ff3-4ce3-a619-2c71c0869997@group-EC4211DF0353, cid=2099, SUCCESS, logIndex=3077, commits[9a4a4c23-9ff3-4ce3-a619-2c71c0869997:c3078, 9b0072ab-15b3-4973-9bcb-7fa02f6bfea9:c3074, 9f215ef2-7d46-4cda-b695-cae1b893f75f:c3074]
2019-08-20 16:04:03,686 [grpc-default-executor-5] INFO  client.GrpcClientProtocolClient (GrpcClientProtocolClient.java:onNext(255)) - client-EAA342753240->9a4a4c23-9ff3-4ce3-a619-2c71c0869997: receive RaftClientReply:client-EAA342753240->9a4a4c23-9ff3-4ce3-a619-2c71c0869997@group-EC4211DF0353, cid=2100, SUCCESS, logIndex=3078, commits[9a4a4c23-9ff3-4ce3-a619-2c71c0869997:c3078, 9b0072ab-15b3-4973-9bcb-7fa02f6bfea9:c3074, 9f215ef2-7d46-4cda-b695-cae1b893f75f:c3074]
2019-08-20 16:04:03,693 | INFO  | DNAudit | user=null | ip=null | op=WRITE_CHUNK {blockData=conID: 3 locID: 102650153771532841 bcsId: 3078} | ret=SUCCESS |  
2019-08-20 16:04:03,694 | INFO  | DNAudit | user=null | ip=null | op=WRITE_CHUNK {blockData=conID: 3 locID: 102650153771532841 bcsId: 3078} | ret=SUCCESS |  
2019-08-20 16:04:03,695 | INFO  | DNAudit | user=null | ip=null | op=WRITE_CHUNK {blockData=conID: 3 locID: 102650153771532841 bcsId: 3078} | ret=SUCCESS |  
2019-08-20 16:04:03,705 | INFO  | DNAudit | user=null | ip=null | op=WRITE_CHUNK {blockData=conID: 3 locID: 102650153771532841 bcsId: 3072} | ret=SUCCESS |  
2019-08-20 16:04:03,705 | INFO  | DNAudit | user=null | ip=null | op=WRITE_CHUNK {blockData=conID: 3 locID: 102650153771532841 bcsId: 3072} | ret=SUCCESS |  
2019-08-20 16:04:03,706 | INFO  | DNAudit | user=null | ip=null | op=PUT_BLOCK {blockData=[blockId=conID: 3 locID: 102650153771532841 bcsId: 0,size=3145728]} | ret=SUCCESS |  
2019-08-20 16:04:03,706 | INFO  | DNAudit | user=null | ip=null | op=PUT_BLOCK {blockData=[blockId=conID: 3 locID: 102650153771532841 bcsId: 0,size=3145728]} | ret=SUCCESS |  
2019-08-20 16:04:03,719 | INFO  | DNAudit | user=null | ip=null | op=WRITE_CHUNK {blockData=conID: 3 locID: 102650153771532841 bcsId: 3078} | ret=SUCCESS |  
2019-08-20 16:04:03,719 | INFO  | DNAudit | user=null | ip=null | op=PUT_BLOCK {blockData=[blockId=conID: 3 locID: 102650153771532841 bcsId: 0,size=4194304]} | ret=SUCCESS |  
2019-08-20 16:04:03,719 [grpc-default-executor-1] INFO  client.GrpcClientProtocolClient (GrpcClientProtocolClient.java:onNext(255)) - client-EAA342753240->9a4a4c23-9ff3-4ce3-a619-2c71c0869997: receive RaftClientReply:client-EAA342753240->9a4a4c23-9ff3-4ce3-a619-2c71c0869997@group-EC4211DF0353, cid=2101, SUCCESS, logIndex=3081, commits[9a4a4c23-9ff3-4ce3-a619-2c71c0869997:c3082, 9b0072ab-15b3-4973-9bcb-7fa02f6bfea9:c3078, 9f215ef2-7d46-4cda-b695-cae1b893f75f:c3078]
2019-08-20 16:04:03,719 [grpc-default-executor-1] INFO  client.GrpcClientProtocolClient (GrpcClientProtocolClient.java:onNext(255)) - client-EAA342753240->9a4a4c23-9ff3-4ce3-a619-2c71c0869997: receive RaftClientReply:client-EAA342753240->9a4a4c23-9ff3-4ce3-a619-2c71c0869997@group-EC4211DF0353, cid=2102, SUCCESS, logIndex=3082, commits[9a4a4c23-9ff3-4ce3-a619-2c71c0869997:c3082, 9b0072ab-15b3-4973-9bcb-7fa02f6bfea9:c3078, 9f215ef2-7d46-4cda-b695-cae1b893f75f:c3078]
2019-08-20 16:04:03,727 | INFO  | DNAudit | user=null | ip=null | op=WRITE_CHUNK {blockData=conID: 3 locID: 102650153771532841 bcsId: 3078} | ret=SUCCESS |  
2019-08-20 16:04:03,727 | INFO  | DNAudit | user=null | ip=null | op=WRITE_CHUNK {blockData=conID: 3 locID: 102650153771532841 bcsId: 3078} | ret=SUCCESS |  
2019-08-20 16:04:03,730 | INFO  | DNAudit | user=null | ip=null | op=PUT_BLOCK {blockData=[blockId=conID: 3 locID: 102650153771532841 bcsId: 0,size=4194304]} | ret=SUCCESS |  
2019-08-20 16:04:03,730 | INFO  | DNAudit | user=null | ip=null | op=PUT_BLOCK {blockData=[blockId=conID: 3 locID: 102650153771532841 bcsId: 0,size=4194304]} | ret=SUCCESS |  
2019-08-20 16:04:03,730 [grpc-default-executor-1] INFO  client.GrpcClientProtocolClient (GrpcClientProtocolClient.java:onNext(255)) - client-EAA342753240->9a4a4c23-9ff3-4ce3-a619-2c71c0869997: receive RaftClientReply:client-EAA342753240->9a4a4c23-9ff3-4ce3-a619-2c71c0869997@group-EC4211DF0353, cid=2103, SUCCESS, logIndex=0, commits[9a4a4c23-9ff3-4ce3-a619-2c71c0869997:c3084, 9b0072ab-15b3-4973-9bcb-7fa02f6bfea9:c3082, 9f215ef2-7d46-4cda-b695-cae1b893f75f:c3082]
2019-08-20 16:04:03,734 | INFO  | SCMAudit | user=jenkins1000 | ip=192.168.69.96 | op=ALLOCATE_BLOCK {owner=ea4851f9-218c-4af7-91b4-edb777a4888c, size=4194304, type=RATIS, factor=THREE} | ret=SUCCESS |  
2019-08-20 16:04:03,736 | INFO  | OMAudit | user=jenkins1000 | ip=127.0.0.1 | op=ALLOCATE_BLOCK {volume=vol-0-94146, bucket=bucket-0-90789, key=key-0-25609, dataSize=0, replicationType=null, replicationFactor=null, keyLocationInfo=null, clientID=102650152704082322} | ret=SUCCESS |  
2019-08-20 16:04:03,743 | INFO  | DNAudit | user=null | ip=null | op=WRITE_CHUNK {blockData=conID: 1 locID: 102650153778151978 bcsId: 0} | ret=SUCCESS |  
2019-08-20 16:04:03,744 | INFO  | DNAudit | user=null | ip=null | op=WRITE_CHUNK {blockData=conID: 1 locID: 102650153778151978 bcsId: 0} | ret=SUCCESS |  
2019-08-20 16:04:03,816 | INFO  | DNAudit | user=null | ip=null | op=WRITE_CHUNK {blockData=conID: 1 locID: 102650153778151978 bcsId: 0} | ret=SUCCESS |  
2019-08-20 16:04:03,817 | INFO  | DNAudit | user=null | ip=null | op=WRITE_CHUNK {blockData=conID: 1 locID: 102650153778151978 bcsId: 0} | ret=SUCCESS |  
2019-08-20 16:04:03,818 | INFO  | DNAudit | user=null | ip=null | op=PUT_BLOCK {blockData=[blockId=conID: 1 locID: 102650153778151978 bcsId: 0,size=1048576]} | ret=SUCCESS |  
2019-08-20 16:04:03,818 [grpc-default-executor-1] INFO  client.GrpcClientProtocolClient (GrpcClientProtocolClient.java:onNext(255)) - client-EAA342753240->9a4a4c23-9ff3-4ce3-a619-2c71c0869997: receive RaftClientReply:client-EAA342753240->9a4a4c23-9ff3-4ce3-a619-2c71c0869997@group-EC4211DF0353, cid=2104, SUCCESS, logIndex=3085, commits[9a4a4c23-9ff3-4ce3-a619-2c71c0869997:c3086, 9b0072ab-15b3-4973-9bcb-7fa02f6bfea9:c3082, 9f215ef2-7d46-4cda-b695-cae1b893f75f:c3084]
2019-08-20 16:04:03,819 | INFO  | DNAudit | user=null | ip=null | op=WRITE_CHUNK {blockData=conID: 1 locID: 102650153778151978 bcsId: 0} | ret=SUCCESS |  
2019-08-20 16:04:03,819 [grpc-default-executor-5] INFO  client.GrpcClientProtocolClient (GrpcClientProtocolClient.java:onNext(255)) - client-EAA342753240->9a4a4c23-9ff3-4ce3-a619-2c71c0869997: receive RaftClientReply:client-EAA342753240->9a4a4c23-9ff3-4ce3-a619-2c71c0869997@group-EC4211DF0353, cid=2105, SUCCESS, logIndex=3086, commits[9a4a4c23-9ff3-4ce3-a619-2c71c0869997:c3086, 9b0072ab-15b3-4973-9bcb-7fa02f6bfea9:c3082, 9f215ef2-7d46-4cda-b695-cae1b893f75f:c3084]
2019-08-20 16:04:03,821 | INFO  | DNAudit | user=null | ip=null | op=WRITE_CHUNK {blockData=conID: 1 locID: 102650153778151978 bcsId: 0} | ret=SUCCESS |  
2019-08-20 16:04:03,822 | INFO  | DNAudit | user=null | ip=null | op=WRITE_CHUNK {blockData=conID: 1 locID: 102650153778151978 bcsId: 0} | ret=SUCCESS |  
2019-08-20 16:04:03,831 | INFO  | DNAudit | user=null | ip=null | op=WRITE_CHUNK {blockData=conID: 1 locID: 102650153778151978 bcsId: 0} | ret=SUCCESS |  
2019-08-20 16:04:03,831 | INFO  | DNAudit | user=null | ip=null | op=WRITE_CHUNK {blockData=conID: 1 locID: 102650153778151978 bcsId: 0} | ret=SUCCESS |  
2019-08-20 16:04:03,832 | INFO  | DNAudit | user=null | ip=null | op=PUT_BLOCK {blockData=[blockId=conID: 1 locID: 102650153778151978 bcsId: 0,size=1048576]} | ret=SUCCESS |  
2019-08-20 16:04:03,833 | INFO  | DNAudit | user=null | ip=null | op=WRITE_CHUNK {blockData=conID: 1 locID: 102650153778151978 bcsId: 0} | ret=SUCCESS |  
2019-08-20 16:04:03,833 | INFO  | DNAudit | user=null | ip=null | op=PUT_BLOCK {blockData=[blockId=conID: 1 locID: 102650153778151978 bcsId: 0,size=1048576]} | ret=SUCCESS |  
2019-08-20 16:04:03,833 | INFO  | DNAudit | user=null | ip=null | op=PUT_BLOCK {blockData=[blockId=conID: 1 locID: 102650153778151978 bcsId: 0,size=2097152]} | ret=SUCCESS |  
2019-08-20 16:04:03,833 [grpc-default-executor-0] INFO  client.GrpcClientProtocolClient (GrpcClientProtocolClient.java:onNext(255)) - client-EAA342753240->9a4a4c23-9ff3-4ce3-a619-2c71c0869997: receive RaftClientReply:client-EAA342753240->9a4a4c23-9ff3-4ce3-a619-2c71c0869997@group-EC4211DF0353, cid=2106, SUCCESS, logIndex=3088, commits[9a4a4c23-9ff3-4ce3-a619-2c71c0869997:c3090, 9b0072ab-15b3-4973-9bcb-7fa02f6bfea9:c3086, 9f215ef2-7d46-4cda-b695-cae1b893f75f:c3085]
2019-08-20 16:04:03,833 [grpc-default-executor-0] INFO  client.GrpcClientProtocolClient (GrpcClientProtocolClient.java:onNext(255)) - client-EAA342753240->9a4a4c23-9ff3-4ce3-a619-2c71c0869997: receive RaftClientReply:client-EAA342753240->9a4a4c23-9ff3-4ce3-a619-2c71c0869997@group-EC4211DF0353, cid=2107, SUCCESS, logIndex=3090, commits[9a4a4c23-9ff3-4ce3-a619-2c71c0869997:c3090, 9b0072ab-15b3-4973-9bcb-7fa02f6bfea9:c3086, 9f215ef2-7d46-4cda-b695-cae1b893f75f:c3086]
2019-08-20 16:04:03,841 | INFO  | DNAudit | user=null | ip=null | op=WRITE_CHUNK {blockData=conID: 1 locID: 102650153778151978 bcsId: 3090} | ret=SUCCESS |  
2019-08-20 16:04:03,844 | INFO  | DNAudit | user=null | ip=null | op=WRITE_CHUNK {blockData=conID: 1 locID: 102650153778151978 bcsId: 3090} | ret=SUCCESS |  
2019-08-20 16:04:03,844 | INFO  | DNAudit | user=null | ip=null | op=WRITE_CHUNK {blockData=conID: 1 locID: 102650153778151978 bcsId: 3090} | ret=SUCCESS |  
2019-08-20 16:04:03,847 | INFO  | DNAudit | user=null | ip=null | op=WRITE_CHUNK {blockData=conID: 1 locID: 102650153778151978 bcsId: 0} | ret=SUCCESS |  
2019-08-20 16:04:03,847 | INFO  | DNAudit | user=null | ip=null | op=WRITE_CHUNK {blockData=conID: 1 locID: 102650153778151978 bcsId: 0} | ret=SUCCESS |  
2019-08-20 16:04:03,847 | INFO  | DNAudit | user=null | ip=null | op=PUT_BLOCK {blockData=[blockId=conID: 1 locID: 102650153778151978 bcsId: 0,size=2097152]} | ret=SUCCESS |  
2019-08-20 16:04:03,847 | INFO  | DNAudit | user=null | ip=null | op=PUT_BLOCK {blockData=[blockId=conID: 1 locID: 102650153778151978 bcsId: 0,size=2097152]} | ret=SUCCESS |  
2019-08-20 16:04:03,850 | INFO  | DNAudit | user=null | ip=null | op=WRITE_CHUNK {blockData=conID: 1 locID: 102650153778151978 bcsId: 3090} | ret=SUCCESS |  
2019-08-20 16:04:03,850 | INFO  | DNAudit | user=null | ip=null | op=PUT_BLOCK {blockData=[blockId=conID: 1 locID: 102650153778151978 bcsId: 0,size=3145728]} | ret=SUCCESS |  
2019-08-20 16:04:03,851 [grpc-default-executor-5] INFO  client.GrpcClientProtocolClient (GrpcClientProtocolClient.java:onNext(255)) - client-EAA342753240->9a4a4c23-9ff3-4ce3-a619-2c71c0869997: receive RaftClientReply:client-EAA342753240->9a4a4c23-9ff3-4ce3-a619-2c71c0869997@group-EC4211DF0353, cid=2108, SUCCESS, logIndex=3092, commits[9a4a4c23-9ff3-4ce3-a619-2c71c0869997:c3093, 9b0072ab-15b3-4973-9bcb-7fa02f6bfea9:c3090, 9f215ef2-7d46-4cda-b695-cae1b893f75f:c3090]
2019-08-20 16:04:03,851 [grpc-default-executor-5] INFO  client.GrpcClientProtocolClient (GrpcClientProtocolClient.java:onNext(255)) - client-EAA342753240->9a4a4c23-9ff3-4ce3-a619-2c71c0869997: receive RaftClientReply:client-EAA342753240->9a4a4c23-9ff3-4ce3-a619-2c71c0869997@group-EC4211DF0353, cid=2109, SUCCESS, logIndex=3093, commits[9a4a4c23-9ff3-4ce3-a619-2c71c0869997:c3093, 9b0072ab-15b3-4973-9bcb-7fa02f6bfea9:c3090, 9f215ef2-7d46-4cda-b695-cae1b893f75f:c3090]
2019-08-20 16:04:03,858 | INFO  | DNAudit | user=null | ip=null | op=WRITE_CHUNK {blockData=conID: 1 locID: 102650153778151978 bcsId: 3093} | ret=SUCCESS |  
2019-08-20 16:04:03,860 | INFO  | DNAudit | user=null | ip=null | op=WRITE_CHUNK {blockData=conID: 1 locID: 102650153778151978 bcsId: 3093} | ret=SUCCESS |  
2019-08-20 16:04:03,860 | INFO  | DNAudit | user=null | ip=null | op=WRITE_CHUNK {blockData=conID: 1 locID: 102650153778151978 bcsId: 3093} | ret=SUCCESS |  
2019-08-20 16:04:03,865 | INFO  | DNAudit | user=null | ip=null | op=WRITE_CHUNK {blockData=conID: 1 locID: 102650153778151978 bcsId: 3090} | ret=SUCCESS |  
2019-08-20 16:04:03,865 | INFO  | DNAudit | user=null | ip=null | op=WRITE_CHUNK {blockData=conID: 1 locID: 102650153778151978 bcsId: 3090} | ret=SUCCESS |  
2019-08-20 16:04:03,878 | INFO  | DNAudit | user=null | ip=null | op=PUT_BLOCK {blockData=[blockId=conID: 1 locID: 102650153778151978 bcsId: 0,size=3145728]} | ret=SUCCESS |  
2019-08-20 16:04:03,878 | INFO  | DNAudit | user=null | ip=null | op=PUT_BLOCK {blockData=[blockId=conID: 1 locID: 102650153778151978 bcsId: 0,size=3145728]} | ret=SUCCESS |  
2019-08-20 16:04:03,878 | INFO  | DNAudit | user=null | ip=null | op=WRITE_CHUNK {blockData=conID: 1 locID: 102650153778151978 bcsId: 3093} | ret=SUCCESS |  
2019-08-20 16:04:03,879 | INFO  | DNAudit | user=null | ip=null | op=PUT_BLOCK {blockData=[blockId=conID: 1 locID: 102650153778151978 bcsId: 0,size=4194304]} | ret=SUCCESS |  
2019-08-20 16:04:03,879 [grpc-default-executor-1] INFO  client.GrpcClientProtocolClient (GrpcClientProtocolClient.java:onNext(255)) - client-EAA342753240->9a4a4c23-9ff3-4ce3-a619-2c71c0869997: receive RaftClientReply:client-EAA342753240->9a4a4c23-9ff3-4ce3-a619-2c71c0869997@group-EC4211DF0353, cid=2110, SUCCESS, logIndex=3096, commits[9a4a4c23-9ff3-4ce3-a619-2c71c0869997:c3097, 9b0072ab-15b3-4973-9bcb-7fa02f6bfea9:c3093, 9f215ef2-7d46-4cda-b695-cae1b893f75f:c3093]
2019-08-20 16:04:03,879 [grpc-default-executor-1] INFO  client.GrpcClientProtocolClient (GrpcClientProtocolClient.java:onNext(255)) - client-EAA342753240->9a4a4c23-9ff3-4ce3-a619-2c71c0869997: receive RaftClientReply:client-EAA342753240->9a4a4c23-9ff3-4ce3-a619-2c71c0869997@group-EC4211DF0353, cid=2111, SUCCESS, logIndex=3097, commits[9a4a4c23-9ff3-4ce3-a619-2c71c0869997:c3097, 9b0072ab-15b3-4973-9bcb-7fa02f6bfea9:c3093, 9f215ef2-7d46-4cda-b695-cae1b893f75f:c3093]
2019-08-20 16:04:03,886 | INFO  | DNAudit | user=null | ip=null | op=WRITE_CHUNK {blockData=conID: 1 locID: 102650153778151978 bcsId: 3093} | ret=SUCCESS |  
2019-08-20 16:04:03,886 | INFO  | DNAudit | user=null | ip=null | op=WRITE_CHUNK {blockData=conID: 1 locID: 102650153778151978 bcsId: 3093} | ret=SUCCESS |  
2019-08-20 16:04:03,888 | INFO  | DNAudit | user=null | ip=null | op=PUT_BLOCK {blockData=[blockId=conID: 1 locID: 102650153778151978 bcsId: 0,size=4194304]} | ret=SUCCESS |  
2019-08-20 16:04:03,888 | INFO  | DNAudit | user=null | ip=null | op=PUT_BLOCK {blockData=[blockId=conID: 1 locID: 102650153778151978 bcsId: 0,size=4194304]} | ret=SUCCESS |  
2019-08-20 16:04:03,888 [grpc-default-executor-1] INFO  client.GrpcClientProtocolClient (GrpcClientProtocolClient.java:onNext(255)) - client-EAA342753240->9a4a4c23-9ff3-4ce3-a619-2c71c0869997: receive RaftClientReply:client-EAA342753240->9a4a4c23-9ff3-4ce3-a619-2c71c0869997@group-EC4211DF0353, cid=2112, SUCCESS, logIndex=0, commits[9a4a4c23-9ff3-4ce3-a619-2c71c0869997:c3099, 9b0072ab-15b3-4973-9bcb-7fa02f6bfea9:c3097, 9f215ef2-7d46-4cda-b695-cae1b893f75f:c3097]
2019-08-20 16:04:03,892 | INFO  | SCMAudit | user=jenkins1000 | ip=192.168.69.96 | op=ALLOCATE_BLOCK {owner=ea4851f9-218c-4af7-91b4-edb777a4888c, size=4194304, type=RATIS, factor=THREE} | ret=SUCCESS |  
2019-08-20 16:04:03,895 | INFO  | OMAudit | user=jenkins1000 | ip=127.0.0.1 | op=ALLOCATE_BLOCK {volume=vol-0-94146, bucket=bucket-0-90789, key=key-0-25609, dataSize=0, replicationType=null, replicationFactor=null, keyLocationInfo=null, clientID=102650152704082322} | ret=SUCCESS |  
2019-08-20 16:04:03,900 | INFO  | DNAudit | user=null | ip=null | op=WRITE_CHUNK {blockData=conID: 2 locID: 102650153788506667 bcsId: 0} | ret=SUCCESS |  
2019-08-20 16:04:03,901 | INFO  | SCMAudit | user=jenkins1000 | ip=192.168.69.96 | op=SEND_HEARTBEAT {datanodeUUID=9b0072ab-15b3-4973-9bcb-7fa02f6bfea9, command=[]} | ret=SUCCESS |  
2019-08-20 16:04:03,901 | INFO  | SCMAudit | user=jenkins1000 | ip=192.168.69.96 | op=SEND_HEARTBEAT {datanodeUUID=9f215ef2-7d46-4cda-b695-cae1b893f75f, command=[]} | ret=SUCCESS |  
2019-08-20 16:04:03,901 | INFO  | SCMAudit | user=jenkins1000 | ip=192.168.69.96 | op=SEND_HEARTBEAT {datanodeUUID=f1afe498-2778-451e-a3e4-8199ec337a15, command=[]} | ret=SUCCESS |  
2019-08-20 16:04:03,901 | INFO  | SCMAudit | user=jenkins1000 | ip=192.168.69.96 | op=SEND_HEARTBEAT {datanodeUUID=9a4a4c23-9ff3-4ce3-a619-2c71c0869997, command=[]} | ret=SUCCESS |  
 0.00% |█                                                                                                    |  0/1 Time: 0:00:162019-08-20 16:04:03,902 | INFO  | DNAudit | user=null | ip=null | op=WRITE_CHUNK {blockData=conID: 2 locID: 102650153788506667 bcsId: 0} | ret=SUCCESS |  
2019-08-20 16:04:03,902 | INFO  | SCMAudit | user=jenkins1000 | ip=192.168.69.96 | op=SEND_HEARTBEAT {datanodeUUID=69f203df-fb09-400b-ac11-cd7a56dd70a5, command=[]} | ret=SUCCESS |  
2019-08-20 16:04:03,902 | INFO  | DNAudit | user=null | ip=null | op=WRITE_CHUNK {blockData=conID: 2 locID: 102650153788506667 bcsId: 0} | ret=SUCCESS |  
2019-08-20 16:04:03,904 | INFO  | DNAudit | user=null | ip=null | op=WRITE_CHUNK {blockData=conID: 2 locID: 102650153788506667 bcsId: 0} | ret=SUCCESS |  
2019-08-20 16:04:03,904 | INFO  | DNAudit | user=null | ip=null | op=WRITE_CHUNK {blockData=conID: 2 locID: 102650153788506667 bcsId: 0} | ret=SUCCESS |  
2019-08-20 16:04:03,904 | INFO  | DNAudit | user=null | ip=null | op=WRITE_CHUNK {blockData=conID: 2 locID: 102650153788506667 bcsId: 0} | ret=SUCCESS |  
2019-08-20 16:04:03,908 | INFO  | DNAudit | user=null | ip=null | op=WRITE_CHUNK {blockData=conID: 2 locID: 102650153788506667 bcsId: 0} | ret=SUCCESS |  
2019-08-20 16:04:03,908 | INFO  | DNAudit | user=null | ip=null | op=PUT_BLOCK {blockData=[blockId=conID: 2 locID: 102650153788506667 bcsId: 0,size=1048576]} | ret=SUCCESS |  
2019-08-20 16:04:03,908 | INFO  | DNAudit | user=null | ip=null | op=WRITE_CHUNK {blockData=conID: 2 locID: 102650153788506667 bcsId: 0} | ret=SUCCESS |  
2019-08-20 16:04:03,908 [grpc-default-executor-1] INFO  client.GrpcClientProtocolClient (GrpcClientProtocolClient.java:onNext(255)) - client-EAA342753240->9a4a4c23-9ff3-4ce3-a619-2c71c0869997: receive RaftClientReply:client-EAA342753240->9a4a4c23-9ff3-4ce3-a619-2c71c0869997@group-EC4211DF0353, cid=2113, SUCCESS, logIndex=3100, commits[9a4a4c23-9ff3-4ce3-a619-2c71c0869997:c3101, 9b0072ab-15b3-4973-9bcb-7fa02f6bfea9:c3099, 9f215ef2-7d46-4cda-b695-cae1b893f75f:c3099]
2019-08-20 16:04:03,909 | INFO  | DNAudit | user=null | ip=null | op=PUT_BLOCK {blockData=[blockId=conID: 2 locID: 102650153788506667 bcsId: 0,size=2097152]} | ret=SUCCESS |  
2019-08-20 16:04:03,909 [grpc-default-executor-1] INFO  client.GrpcClientProtocolClient (GrpcClientProtocolClient.java:onNext(255)) - client-EAA342753240->9a4a4c23-9ff3-4ce3-a619-2c71c0869997: receive RaftClientReply:client-EAA342753240->9a4a4c23-9ff3-4ce3-a619-2c71c0869997@group-EC4211DF0353, cid=2114, SUCCESS, logIndex=3101, commits[9a4a4c23-9ff3-4ce3-a619-2c71c0869997:c3102, 9b0072ab-15b3-4973-9bcb-7fa02f6bfea9:c3099, 9f215ef2-7d46-4cda-b695-cae1b893f75f:c3099]
2019-08-20 16:04:03,909 | INFO  | DNAudit | user=null | ip=null | op=WRITE_CHUNK {blockData=conID: 2 locID: 102650153788506667 bcsId: 0} | ret=SUCCESS |  
2019-08-20 16:04:03,909 [grpc-default-executor-1] INFO  client.GrpcClientProtocolClient (GrpcClientProtocolClient.java:onNext(255)) - client-EAA342753240->9a4a4c23-9ff3-4ce3-a619-2c71c0869997: receive RaftClientReply:client-EAA342753240->9a4a4c23-9ff3-4ce3-a619-2c71c0869997@group-EC4211DF0353, cid=2115, SUCCESS, logIndex=3102, commits[9a4a4c23-9ff3-4ce3-a619-2c71c0869997:c3103, 9b0072ab-15b3-4973-9bcb-7fa02f6bfea9:c3099, 9f215ef2-7d46-4cda-b695-cae1b893f75f:c3099]
2019-08-20 16:04:03,910 | INFO  | DNAudit | user=null | ip=null | op=WRITE_CHUNK {blockData=conID: 2 locID: 102650153788506667 bcsId: 0} | ret=SUCCESS |  
2019-08-20 16:04:03,910 | INFO  | DNAudit | user=null | ip=null | op=PUT_BLOCK {blockData=[blockId=conID: 2 locID: 102650153788506667 bcsId: 0,size=1048576]} | ret=SUCCESS |  
2019-08-20 16:04:03,910 [grpc-default-executor-1] INFO  client.GrpcClientProtocolClient (GrpcClientProtocolClient.java:onNext(255)) - client-EAA342753240->9a4a4c23-9ff3-4ce3-a619-2c71c0869997: receive RaftClientReply:client-EAA342753240->9a4a4c23-9ff3-4ce3-a619-2c71c0869997@group-EC4211DF0353, cid=2116, SUCCESS, logIndex=3103, commits[9a4a4c23-9ff3-4ce3-a619-2c71c0869997:c3103, 9b0072ab-15b3-4973-9bcb-7fa02f6bfea9:c3099, 9f215ef2-7d46-4cda-b695-cae1b893f75f:c3099]
2019-08-20 16:04:03,910 | INFO  | DNAudit | user=null | ip=null | op=WRITE_CHUNK {blockData=conID: 2 locID: 102650153788506667 bcsId: 0} | ret=SUCCESS |  
2019-08-20 16:04:03,911 | INFO  | DNAudit | user=null | ip=null | op=PUT_BLOCK {blockData=[blockId=conID: 2 locID: 102650153788506667 bcsId: 0,size=2097152]} | ret=SUCCESS |  
2019-08-20 16:04:03,911 | INFO  | DNAudit | user=null | ip=null | op=PUT_BLOCK {blockData=[blockId=conID: 2 locID: 102650153788506667 bcsId: 0,size=1048576]} | ret=SUCCESS |  
2019-08-20 16:04:03,911 | INFO  | DNAudit | user=null | ip=null | op=WRITE_CHUNK {blockData=conID: 2 locID: 102650153788506667 bcsId: 0} | ret=SUCCESS |  
2019-08-20 16:04:03,912 [grpc-default-executor-5] INFO  client.GrpcClientProtocolClient (GrpcClientProtocolClient.java:onNext(255)) - client-EAA342753240->9a4a4c23-9ff3-4ce3-a619-2c71c0869997: receive RaftClientReply:client-EAA342753240->9a4a4c23-9ff3-4ce3-a619-2c71c0869997@group-EC4211DF0353, cid=2117, SUCCESS, logIndex=0, commits[9a4a4c23-9ff3-4ce3-a619-2c71c0869997:c3106, 9b0072ab-15b3-4973-9bcb-7fa02f6bfea9:c3101, 9f215ef2-7d46-4cda-b695-cae1b893f75f:c3103]
2019-08-20 16:04:03,912 | INFO  | DNAudit | user=null | ip=null | op=PUT_BLOCK {blockData=[blockId=conID: 2 locID: 102650153788506667 bcsId: 0,size=2097152]} | ret=SUCCESS |  
2019-08-20 16:04:03,918 | INFO  | DNAudit | user=null | ip=null | op=WRITE_CHUNK {blockData=conID: 2 locID: 102650153788506667 bcsId: 3103} | ret=SUCCESS |  
2019-08-20 16:04:03,920 | INFO  | DNAudit | user=null | ip=null | op=WRITE_CHUNK {blockData=conID: 2 locID: 102650153788506667 bcsId: 3103} | ret=SUCCESS |  
2019-08-20 16:04:03,920 | INFO  | DNAudit | user=null | ip=null | op=WRITE_CHUNK {blockData=conID: 2 locID: 102650153788506667 bcsId: 3103} | ret=SUCCESS |  
2019-08-20 16:04:03,939 | INFO  | DNAudit | user=null | ip=null | op=WRITE_CHUNK {blockData=conID: 2 locID: 102650153788506667 bcsId: 3103} | ret=SUCCESS |  
2019-08-20 16:04:03,939 | INFO  | DNAudit | user=null | ip=null | op=PUT_BLOCK {blockData=[blockId=conID: 2 locID: 102650153788506667 bcsId: 0,size=3145728]} | ret=SUCCESS |  
2019-08-20 16:04:03,939 [grpc-default-executor-1] INFO  client.GrpcClientProtocolClient (GrpcClientProtocolClient.java:onNext(255)) - client-EAA342753240->9a4a4c23-9ff3-4ce3-a619-2c71c0869997: receive RaftClientReply:client-EAA342753240->9a4a4c23-9ff3-4ce3-a619-2c71c0869997@group-EC4211DF0353, cid=2118, SUCCESS, logIndex=3108, commits[9a4a4c23-9ff3-4ce3-a619-2c71c0869997:c3109, 9b0072ab-15b3-4973-9bcb-7fa02f6bfea9:c3103, 9f215ef2-7d46-4cda-b695-cae1b893f75f:c3107]
2019-08-20 16:04:03,940 [grpc-default-executor-1] INFO  client.GrpcClientProtocolClient (GrpcClientProtocolClient.java:onNext(255)) - client-EAA342753240->9a4a4c23-9ff3-4ce3-a619-2c71c0869997: receive RaftClientReply:client-EAA342753240->9a4a4c23-9ff3-4ce3-a619-2c71c0869997@group-EC4211DF0353, cid=2119, SUCCESS, logIndex=3109, commits[9a4a4c23-9ff3-4ce3-a619-2c71c0869997:c3109, 9b0072ab-15b3-4973-9bcb-7fa02f6bfea9:c3107, 9f215ef2-7d46-4cda-b695-cae1b893f75f:c3107]
2019-08-20 16:04:03,945 | INFO  | DNAudit | user=null | ip=null | op=WRITE_CHUNK {blockData=conID: 2 locID: 102650153788506667 bcsId: 3109} | ret=SUCCESS |  
2019-08-20 16:04:03,947 | INFO  | DNAudit | user=null | ip=null | op=WRITE_CHUNK {blockData=conID: 2 locID: 102650153788506667 bcsId: 3103} | ret=SUCCESS |  
2019-08-20 16:04:03,947 | INFO  | DNAudit | user=null | ip=null | op=WRITE_CHUNK {blockData=conID: 2 locID: 102650153788506667 bcsId: 3103} | ret=SUCCESS |  
2019-08-20 16:04:03,948 | INFO  | DNAudit | user=null | ip=null | op=WRITE_CHUNK {blockData=conID: 2 locID: 102650153788506667 bcsId: 3109} | ret=SUCCESS |  
2019-08-20 16:04:03,948 | INFO  | DNAudit | user=null | ip=null | op=WRITE_CHUNK {blockData=conID: 2 locID: 102650153788506667 bcsId: 3109} | ret=SUCCESS |  
2019-08-20 16:04:03,953 | INFO  | DNAudit | user=null | ip=null | op=PUT_BLOCK {blockData=[blockId=conID: 2 locID: 102650153788506667 bcsId: 0,size=3145728]} | ret=SUCCESS |  
2019-08-20 16:04:03,953 | INFO  | DNAudit | user=null | ip=null | op=WRITE_CHUNK {blockData=conID: 2 locID: 102650153788506667 bcsId: 3109} | ret=SUCCESS |  
2019-08-20 16:04:03,954 | INFO  | DNAudit | user=null | ip=null | op=PUT_BLOCK {blockData=[blockId=conID: 2 locID: 102650153788506667 bcsId: 0,size=3145728]} | ret=SUCCESS |  
2019-08-20 16:04:03,954 | INFO  | DNAudit | user=null | ip=null | op=PUT_BLOCK {blockData=[blockId=conID: 2 locID: 102650153788506667 bcsId: 0,size=4194304]} | ret=SUCCESS |  
2019-08-20 16:04:03,954 [grpc-default-executor-0] INFO  client.GrpcClientProtocolClient (GrpcClientProtocolClient.java:onNext(255)) - client-EAA342753240->9a4a4c23-9ff3-4ce3-a619-2c71c0869997: receive RaftClientReply:client-EAA342753240->9a4a4c23-9ff3-4ce3-a619-2c71c0869997@group-EC4211DF0353, cid=2120, SUCCESS, logIndex=3112, commits[9a4a4c23-9ff3-4ce3-a619-2c71c0869997:c3113, 9b0072ab-15b3-4973-9bcb-7fa02f6bfea9:c3108, 9f215ef2-7d46-4cda-b695-cae1b893f75f:c3109]
2019-08-20 16:04:03,954 [grpc-default-executor-0] INFO  client.GrpcClientProtocolClient (GrpcClientProtocolClient.java:onNext(255)) - client-EAA342753240->9a4a4c23-9ff3-4ce3-a619-2c71c0869997: receive RaftClientReply:client-EAA342753240->9a4a4c23-9ff3-4ce3-a619-2c71c0869997@group-EC4211DF0353, cid=2121, SUCCESS, logIndex=3113, commits[9a4a4c23-9ff3-4ce3-a619-2c71c0869997:c3113, 9b0072ab-15b3-4973-9bcb-7fa02f6bfea9:c3109, 9f215ef2-7d46-4cda-b695-cae1b893f75f:c3109]
2019-08-20 16:04:03,955 | INFO  | DNAudit | user=null | ip=null | op=WRITE_CHUNK {blockData=conID: 2 locID: 102650153788506667 bcsId: 3109} | ret=SUCCESS |  
2019-08-20 16:04:03,955 | INFO  | DNAudit | user=null | ip=null | op=WRITE_CHUNK {blockData=conID: 2 locID: 102650153788506667 bcsId: 3109} | ret=SUCCESS |  
2019-08-20 16:04:03,958 | INFO  | DNAudit | user=null | ip=null | op=PUT_BLOCK {blockData=[blockId=conID: 2 locID: 102650153788506667 bcsId: 0,size=4194304]} | ret=SUCCESS |  
2019-08-20 16:04:03,958 | INFO  | DNAudit | user=null | ip=null | op=PUT_BLOCK {blockData=[blockId=conID: 2 locID: 102650153788506667 bcsId: 0,size=4194304]} | ret=SUCCESS |  
2019-08-20 16:04:03,958 [grpc-default-executor-0] INFO  client.GrpcClientProtocolClient (GrpcClientProtocolClient.java:onNext(255)) - client-EAA342753240->9a4a4c23-9ff3-4ce3-a619-2c71c0869997: receive RaftClientReply:client-EAA342753240->9a4a4c23-9ff3-4ce3-a619-2c71c0869997@group-EC4211DF0353, cid=2122, SUCCESS, logIndex=0, commits[9a4a4c23-9ff3-4ce3-a619-2c71c0869997:c3115, 9b0072ab-15b3-4973-9bcb-7fa02f6bfea9:c3113, 9f215ef2-7d46-4cda-b695-cae1b893f75f:c3113]
2019-08-20 16:04:03,962 | INFO  | SCMAudit | user=jenkins1000 | ip=192.168.69.96 | op=ALLOCATE_BLOCK {owner=ea4851f9-218c-4af7-91b4-edb777a4888c, size=4194304, type=RATIS, factor=THREE} | ret=SUCCESS |  
2019-08-20 16:04:03,964 | INFO  | OMAudit | user=jenkins1000 | ip=127.0.0.1 | op=ALLOCATE_BLOCK {volume=vol-0-94146, bucket=bucket-0-90789, key=key-0-25609, dataSize=0, replicationType=null, replicationFactor=null, keyLocationInfo=null, clientID=102650152704082322} | ret=SUCCESS |  
2019-08-20 16:04:03,969 | INFO  | DNAudit | user=null | ip=null | op=WRITE_CHUNK {blockData=conID: 3 locID: 102650153793028652 bcsId: 0} | ret=SUCCESS |  
2019-08-20 16:04:03,971 | INFO  | DNAudit | user=null | ip=null | op=WRITE_CHUNK {blockData=conID: 3 locID: 102650153793028652 bcsId: 0} | ret=SUCCESS |  
2019-08-20 16:04:03,971 | INFO  | DNAudit | user=null | ip=null | op=WRITE_CHUNK {blockData=conID: 3 locID: 102650153793028652 bcsId: 0} | ret=SUCCESS |  
2019-08-20 16:04:03,971 | INFO  | DNAudit | user=null | ip=null | op=WRITE_CHUNK {blockData=conID: 3 locID: 102650153793028652 bcsId: 0} | ret=SUCCESS |  
2019-08-20 16:04:03,973 | INFO  | DNAudit | user=null | ip=null | op=WRITE_CHUNK {blockData=conID: 3 locID: 102650153793028652 bcsId: 0} | ret=SUCCESS |  
2019-08-20 16:04:03,973 | INFO  | DNAudit | user=null | ip=null | op=WRITE_CHUNK {blockData=conID: 3 locID: 102650153793028652 bcsId: 0} | ret=SUCCESS |  
2019-08-20 16:04:03,986 | INFO  | DNAudit | user=null | ip=null | op=WRITE_CHUNK {blockData=conID: 3 locID: 102650153793028652 bcsId: 0} | ret=SUCCESS |  
2019-08-20 16:04:03,987 [grpc-default-executor-1] INFO  client.GrpcClientProtocolClient (GrpcClientProtocolClient.java:onNext(255)) - client-EAA342753240->9a4a4c23-9ff3-4ce3-a619-2c71c0869997: receive RaftClientReply:client-EAA342753240->9a4a4c23-9ff3-4ce3-a619-2c71c0869997@group-EC4211DF0353, cid=2123, SUCCESS, logIndex=3116, commits[9a4a4c23-9ff3-4ce3-a619-2c71c0869997:c3116, 9b0072ab-15b3-4973-9bcb-7fa02f6bfea9:c3113, 9f215ef2-7d46-4cda-b695-cae1b893f75f:c3115]
2019-08-20 16:04:03,988 | INFO  | DNAudit | user=null | ip=null | op=PUT_BLOCK {blockData=[blockId=conID: 3 locID: 102650153793028652 bcsId: 0,size=1048576]} | ret=SUCCESS |  
2019-08-20 16:04:03,988 | INFO  | DNAudit | user=null | ip=null | op=WRITE_CHUNK {blockData=conID: 3 locID: 102650153793028652 bcsId: 0} | ret=SUCCESS |  
2019-08-20 16:04:03,988 [grpc-default-executor-1] INFO  client.GrpcClientProtocolClient (GrpcClientProtocolClient.java:onNext(255)) - client-EAA342753240->9a4a4c23-9ff3-4ce3-a619-2c71c0869997: receive RaftClientReply:client-EAA342753240->9a4a4c23-9ff3-4ce3-a619-2c71c0869997@group-EC4211DF0353, cid=2124, SUCCESS, logIndex=3117, commits[9a4a4c23-9ff3-4ce3-a619-2c71c0869997:c3119, 9b0072ab-15b3-4973-9bcb-7fa02f6bfea9:c3115, 9f215ef2-7d46-4cda-b695-cae1b893f75f:c3115]
2019-08-20 16:04:03,988 | INFO  | DNAudit | user=null | ip=null | op=PUT_BLOCK {blockData=[blockId=conID: 3 locID: 102650153793028652 bcsId: 0,size=2097152]} | ret=SUCCESS |  
2019-08-20 16:04:03,988 [grpc-default-executor-1] INFO  client.GrpcClientProtocolClient (GrpcClientProtocolClient.java:onNext(255)) - client-EAA342753240->9a4a4c23-9ff3-4ce3-a619-2c71c0869997: receive RaftClientReply:client-EAA342753240->9a4a4c23-9ff3-4ce3-a619-2c71c0869997@group-EC4211DF0353, cid=2125, SUCCESS, logIndex=3118, commits[9a4a4c23-9ff3-4ce3-a619-2c71c0869997:c3119, 9b0072ab-15b3-4973-9bcb-7fa02f6bfea9:c3115, 9f215ef2-7d46-4cda-b695-cae1b893f75f:c3115]
2019-08-20 16:04:03,989 [grpc-default-executor-1] INFO  client.GrpcClientProtocolClient (GrpcClientProtocolClient.java:onNext(255)) - client-EAA342753240->9a4a4c23-9ff3-4ce3-a619-2c71c0869997: receive RaftClientReply:client-EAA342753240->9a4a4c23-9ff3-4ce3-a619-2c71c0869997@group-EC4211DF0353, cid=2126, SUCCESS, logIndex=3119, commits[9a4a4c23-9ff3-4ce3-a619-2c71c0869997:c3119, 9b0072ab-15b3-4973-9bcb-7fa02f6bfea9:c3115, 9f215ef2-7d46-4cda-b695-cae1b893f75f:c3115]
2019-08-20 16:04:04,000 | INFO  | DNAudit | user=null | ip=null | op=WRITE_CHUNK {blockData=conID: 3 locID: 102650153793028652 bcsId: 0} | ret=SUCCESS |  
2019-08-20 16:04:04,000 | INFO  | DNAudit | user=null | ip=null | op=WRITE_CHUNK {blockData=conID: 3 locID: 102650153793028652 bcsId: 0} | ret=SUCCESS |  
2019-08-20 16:04:04,001 | INFO  | DNAudit | user=null | ip=null | op=PUT_BLOCK {blockData=[blockId=conID: 3 locID: 102650153793028652 bcsId: 0,size=1048576]} | ret=SUCCESS |  
2019-08-20 16:04:04,001 | INFO  | DNAudit | user=null | ip=null | op=PUT_BLOCK {blockData=[blockId=conID: 3 locID: 102650153793028652 bcsId: 0,size=1048576]} | ret=SUCCESS |  
2019-08-20 16:04:04,001 [grpc-default-executor-1] INFO  client.GrpcClientProtocolClient (GrpcClientProtocolClient.java:onNext(255)) - client-EAA342753240->9a4a4c23-9ff3-4ce3-a619-2c71c0869997: receive RaftClientReply:client-EAA342753240->9a4a4c23-9ff3-4ce3-a619-2c71c0869997@group-EC4211DF0353, cid=2127, SUCCESS, logIndex=0, commits[9a4a4c23-9ff3-4ce3-a619-2c71c0869997:c3121, 9b0072ab-15b3-4973-9bcb-7fa02f6bfea9:c3117, 9f215ef2-7d46-4cda-b695-cae1b893f75f:c3117]
2019-08-20 16:04:04,003 | INFO  | DNAudit | user=null | ip=null | op=WRITE_CHUNK {blockData=conID: 3 locID: 102650153793028652 bcsId: 0} | ret=SUCCESS |  
2019-08-20 16:04:04,003 | INFO  | DNAudit | user=null | ip=null | op=WRITE_CHUNK {blockData=conID: 3 locID: 102650153793028652 bcsId: 0} | ret=SUCCESS |  
2019-08-20 16:04:04,003 | INFO  | DNAudit | user=null | ip=null | op=PUT_BLOCK {blockData=[blockId=conID: 3 locID: 102650153793028652 bcsId: 0,size=2097152]} | ret=SUCCESS |  
2019-08-20 16:04:04,004 | INFO  | DNAudit | user=null | ip=null | op=PUT_BLOCK {blockData=[blockId=conID: 3 locID: 102650153793028652 bcsId: 0,size=2097152]} | ret=SUCCESS |  
2019-08-20 16:04:04,006 | INFO  | DNAudit | user=null | ip=null | op=WRITE_CHUNK {blockData=conID: 3 locID: 102650153793028652 bcsId: 3119} | ret=SUCCESS |  
2019-08-20 16:04:04,008 | INFO  | DNAudit | user=null | ip=null | op=WRITE_CHUNK {blockData=conID: 3 locID: 102650153793028652 bcsId: 3119} | ret=SUCCESS |  
2019-08-20 16:04:04,008 | INFO  | DNAudit | user=null | ip=null | op=WRITE_CHUNK {blockData=conID: 3 locID: 102650153793028652 bcsId: 3119} | ret=SUCCESS |  
2019-08-20 16:04:04,022 | INFO  | DNAudit | user=null | ip=null | op=WRITE_CHUNK {blockData=conID: 3 locID: 102650153793028652 bcsId: 3119} | ret=SUCCESS |  
2019-08-20 16:04:04,022 | INFO  | DNAudit | user=null | ip=null | op=PUT_BLOCK {blockData=[blockId=conID: 3 locID: 102650153793028652 bcsId: 0,size=3145728]} | ret=SUCCESS |  
2019-08-20 16:04:04,022 [grpc-default-executor-5] INFO  client.GrpcClientProtocolClient (GrpcClientProtocolClient.java:onNext(255)) - client-EAA342753240->9a4a4c23-9ff3-4ce3-a619-2c71c0869997: receive RaftClientReply:client-EAA342753240->9a4a4c23-9ff3-4ce3-a619-2c71c0869997@group-EC4211DF0353, cid=2128, SUCCESS, logIndex=3124, commits[9a4a4c23-9ff3-4ce3-a619-2c71c0869997:c3125, 9b0072ab-15b3-4973-9bcb-7fa02f6bfea9:c3123, 9f215ef2-7d46-4cda-b695-cae1b893f75f:c3123]
2019-08-20 16:04:04,022 [grpc-default-executor-5] INFO  client.GrpcClientProtocolClient (GrpcClientProtocolClient.java:onNext(255)) - client-EAA342753240->9a4a4c23-9ff3-4ce3-a619-2c71c0869997: receive RaftClientReply:client-EAA342753240->9a4a4c23-9ff3-4ce3-a619-2c71c0869997@group-EC4211DF0353, cid=2129, SUCCESS, logIndex=3125, commits[9a4a4c23-9ff3-4ce3-a619-2c71c0869997:c3125, 9b0072ab-15b3-4973-9bcb-7fa02f6bfea9:c3123, 9f215ef2-7d46-4cda-b695-cae1b893f75f:c3123]
2019-08-20 16:04:04,028 | INFO  | DNAudit | user=null | ip=null | op=WRITE_CHUNK {blockData=conID: 3 locID: 102650153793028652 bcsId: 3125} | ret=SUCCESS |  
2019-08-20 16:04:04,030 | INFO  | DNAudit | user=null | ip=null | op=WRITE_CHUNK {blockData=conID: 3 locID: 102650153793028652 bcsId: 3125} | ret=SUCCESS |  
2019-08-20 16:04:04,030 | INFO  | DNAudit | user=null | ip=null | op=WRITE_CHUNK {blockData=conID: 3 locID: 102650153793028652 bcsId: 3125} | ret=SUCCESS |  
2019-08-20 16:04:04,030 | INFO  | DNAudit | user=null | ip=null | op=WRITE_CHUNK {blockData=conID: 3 locID: 102650153793028652 bcsId: 3119} | ret=SUCCESS |  
2019-08-20 16:04:04,030 | INFO  | DNAudit | user=null | ip=null | op=WRITE_CHUNK {blockData=conID: 3 locID: 102650153793028652 bcsId: 3119} | ret=SUCCESS |  
2019-08-20 16:04:04,033 | INFO  | DNAudit | user=null | ip=null | op=PUT_BLOCK {blockData=[blockId=conID: 3 locID: 102650153793028652 bcsId: 0,size=3145728]} | ret=SUCCESS |  
2019-08-20 16:04:04,033 | INFO  | DNAudit | user=null | ip=null | op=PUT_BLOCK {blockData=[blockId=conID: 3 locID: 102650153793028652 bcsId: 0,size=3145728]} | ret=SUCCESS |  
2019-08-20 16:04:04,033 | INFO  | DNAudit | user=null | ip=null | op=WRITE_CHUNK {blockData=conID: 3 locID: 102650153793028652 bcsId: 3125} | ret=SUCCESS |  
2019-08-20 16:04:04,034 | INFO  | DNAudit | user=null | ip=null | op=PUT_BLOCK {blockData=[blockId=conID: 3 locID: 102650153793028652 bcsId: 0,size=4194304]} | ret=SUCCESS |  
2019-08-20 16:04:04,034 [grpc-default-executor-1] INFO  client.GrpcClientProtocolClient (GrpcClientProtocolClient.java:onNext(255)) - client-EAA342753240->9a4a4c23-9ff3-4ce3-a619-2c71c0869997: receive RaftClientReply:client-EAA342753240->9a4a4c23-9ff3-4ce3-a619-2c71c0869997@group-EC4211DF0353, cid=2130, SUCCESS, logIndex=3128, commits[9a4a4c23-9ff3-4ce3-a619-2c71c0869997:c3129, 9b0072ab-15b3-4973-9bcb-7fa02f6bfea9:c3125, 9f215ef2-7d46-4cda-b695-cae1b893f75f:c3125]
2019-08-20 16:04:04,034 [grpc-default-executor-1] INFO  client.GrpcClientProtocolClient (GrpcClientProtocolClient.java:onNext(255)) - client-EAA342753240->9a4a4c23-9ff3-4ce3-a619-2c71c0869997: receive RaftClientReply:client-EAA342753240->9a4a4c23-9ff3-4ce3-a619-2c71c0869997@group-EC4211DF0353, cid=2131, SUCCESS, logIndex=3129, commits[9a4a4c23-9ff3-4ce3-a619-2c71c0869997:c3129, 9b0072ab-15b3-4973-9bcb-7fa02f6bfea9:c3125, 9f215ef2-7d46-4cda-b695-cae1b893f75f:c3125]
2019-08-20 16:04:04,057 | INFO  | DNAudit | user=null | ip=null | op=WRITE_CHUNK {blockData=conID: 3 locID: 102650153793028652 bcsId: 3125} | ret=SUCCESS |  
2019-08-20 16:04:04,057 | INFO  | DNAudit | user=null | ip=null | op=WRITE_CHUNK {blockData=conID: 3 locID: 102650153793028652 bcsId: 3125} | ret=SUCCESS |  
2019-08-20 16:04:04,070 | INFO  | DNAudit | user=null | ip=null | op=PUT_BLOCK {blockData=[blockId=conID: 3 locID: 102650153793028652 bcsId: 0,size=4194304]} | ret=SUCCESS |  
2019-08-20 16:04:04,071 | INFO  | DNAudit | user=null | ip=null | op=PUT_BLOCK {blockData=[blockId=conID: 3 locID: 102650153793028652 bcsId: 0,size=4194304]} | ret=SUCCESS |  
2019-08-20 16:04:04,071 [grpc-default-executor-5] INFO  client.GrpcClientProtocolClient (GrpcClientProtocolClient.java:onNext(255)) - client-EAA342753240->9a4a4c23-9ff3-4ce3-a619-2c71c0869997: receive RaftClientReply:client-EAA342753240->9a4a4c23-9ff3-4ce3-a619-2c71c0869997@group-EC4211DF0353, cid=2132, SUCCESS, logIndex=0, commits[9a4a4c23-9ff3-4ce3-a619-2c71c0869997:c3131, 9b0072ab-15b3-4973-9bcb-7fa02f6bfea9:c3129, 9f215ef2-7d46-4cda-b695-cae1b893f75f:c3129]
2019-08-20 16:04:04,075 | INFO  | SCMAudit | user=jenkins1000 | ip=192.168.69.96 | op=ALLOCATE_BLOCK {owner=ea4851f9-218c-4af7-91b4-edb777a4888c, size=4194304, type=RATIS, factor=THREE} | ret=SUCCESS |  
2019-08-20 16:04:04,077 | INFO  | OMAudit | user=jenkins1000 | ip=127.0.0.1 | op=ALLOCATE_BLOCK {volume=vol-0-94146, bucket=bucket-0-90789, key=key-0-25609, dataSize=0, replicationType=null, replicationFactor=null, keyLocationInfo=null, clientID=102650152704082322} | ret=SUCCESS |  
2019-08-20 16:04:04,084 | INFO  | DNAudit | user=null | ip=null | op=WRITE_CHUNK {blockData=conID: 1 locID: 102650153800499757 bcsId: 0} | ret=SUCCESS |  
2019-08-20 16:04:04,084 | INFO  | DNAudit | user=null | ip=null | op=WRITE_CHUNK {blockData=conID: 1 locID: 102650153800499757 bcsId: 0} | ret=SUCCESS |  
2019-08-20 16:04:04,084 | INFO  | DNAudit | user=null | ip=null | op=WRITE_CHUNK {blockData=conID: 1 locID: 102650153800499757 bcsId: 0} | ret=SUCCESS |  
2019-08-20 16:04:04,084 | INFO  | DNAudit | user=null | ip=null | op=WRITE_CHUNK {blockData=conID: 1 locID: 102650153800499757 bcsId: 0} | ret=SUCCESS |  
2019-08-20 16:04:04,086 | INFO  | DNAudit | user=null | ip=null | op=WRITE_CHUNK {blockData=conID: 1 locID: 102650153800499757 bcsId: 0} | ret=SUCCESS |  
2019-08-20 16:04:04,086 | INFO  | DNAudit | user=null | ip=null | op=WRITE_CHUNK {blockData=conID: 1 locID: 102650153800499757 bcsId: 0} | ret=SUCCESS |  
2019-08-20 16:04:04,107 | INFO  | DNAudit | user=null | ip=null | op=WRITE_CHUNK {blockData=conID: 1 locID: 102650153800499757 bcsId: 0} | ret=SUCCESS |  
2019-08-20 16:04:04,108 | INFO  | DNAudit | user=null | ip=null | op=PUT_BLOCK {blockData=[blockId=conID: 1 locID: 102650153800499757 bcsId: 0,size=1048576]} | ret=SUCCESS |  
2019-08-20 16:04:04,108 [grpc-default-executor-3] INFO  client.GrpcClientProtocolClient (GrpcClientProtocolClient.java:onNext(255)) - client-EAA342753240->9a4a4c23-9ff3-4ce3-a619-2c71c0869997: receive RaftClientReply:client-EAA342753240->9a4a4c23-9ff3-4ce3-a619-2c71c0869997@group-EC4211DF0353, cid=2133, SUCCESS, logIndex=3132, commits[9a4a4c23-9ff3-4ce3-a619-2c71c0869997:c3134, 9b0072ab-15b3-4973-9bcb-7fa02f6bfea9:c3131, 9f215ef2-7d46-4cda-b695-cae1b893f75f:c3131]
2019-08-20 16:04:04,108 | INFO  | DNAudit | user=null | ip=null | op=WRITE_CHUNK {blockData=conID: 1 locID: 102650153800499757 bcsId: 0} | ret=SUCCESS |  
2019-08-20 16:04:04,108 [grpc-default-executor-3] INFO  client.GrpcClientProtocolClient (GrpcClientProtocolClient.java:onNext(255)) - client-EAA342753240->9a4a4c23-9ff3-4ce3-a619-2c71c0869997: receive RaftClientReply:client-EAA342753240->9a4a4c23-9ff3-4ce3-a619-2c71c0869997@group-EC4211DF0353, cid=2134, SUCCESS, logIndex=3133, commits[9a4a4c23-9ff3-4ce3-a619-2c71c0869997:c3135, 9b0072ab-15b3-4973-9bcb-7fa02f6bfea9:c3131, 9f215ef2-7d46-4cda-b695-cae1b893f75f:c3131]
2019-08-20 16:04:04,109 | INFO  | DNAudit | user=null | ip=null | op=PUT_BLOCK {blockData=[blockId=conID: 1 locID: 102650153800499757 bcsId: 0,size=2097152]} | ret=SUCCESS |  
2019-08-20 16:04:04,109 [grpc-default-executor-3] INFO  client.GrpcClientProtocolClient (GrpcClientProtocolClient.java:onNext(255)) - client-EAA342753240->9a4a4c23-9ff3-4ce3-a619-2c71c0869997: receive RaftClientReply:client-EAA342753240->9a4a4c23-9ff3-4ce3-a619-2c71c0869997@group-EC4211DF0353, cid=2135, SUCCESS, logIndex=3134, commits[9a4a4c23-9ff3-4ce3-a619-2c71c0869997:c3135, 9b0072ab-15b3-4973-9bcb-7fa02f6bfea9:c3131, 9f215ef2-7d46-4cda-b695-cae1b893f75f:c3131]
2019-08-20 16:04:04,109 [grpc-default-executor-3] INFO  client.GrpcClientProtocolClient (GrpcClientProtocolClient.java:onNext(255)) - client-EAA342753240->9a4a4c23-9ff3-4ce3-a619-2c71c0869997: receive RaftClientReply:client-EAA342753240->9a4a4c23-9ff3-4ce3-a619-2c71c0869997@group-EC4211DF0353, cid=2136, SUCCESS, logIndex=3135, commits[9a4a4c23-9ff3-4ce3-a619-2c71c0869997:c3135, 9b0072ab-15b3-4973-9bcb-7fa02f6bfea9:c3131, 9f215ef2-7d46-4cda-b695-cae1b893f75f:c3131]
2019-08-20 16:04:04,114 | INFO  | DNAudit | user=null | ip=null | op=WRITE_CHUNK {blockData=conID: 1 locID: 102650153800499757 bcsId: 0} | ret=SUCCESS |  
2019-08-20 16:04:04,114 | INFO  | DNAudit | user=null | ip=null | op=WRITE_CHUNK {blockData=conID: 1 locID: 102650153800499757 bcsId: 0} | ret=SUCCESS |  
2019-08-20 16:04:04,114 | INFO  | DNAudit | user=null | ip=null | op=PUT_BLOCK {blockData=[blockId=conID: 1 locID: 102650153800499757 bcsId: 0,size=1048576]} | ret=SUCCESS |  
2019-08-20 16:04:04,115 | INFO  | DNAudit | user=null | ip=null | op=WRITE_CHUNK {blockData=conID: 1 locID: 102650153800499757 bcsId: 0} | ret=SUCCESS |  
2019-08-20 16:04:04,115 | INFO  | DNAudit | user=null | ip=null | op=PUT_BLOCK {blockData=[blockId=conID: 1 locID: 102650153800499757 bcsId: 0,size=2097152]} | ret=SUCCESS |  
2019-08-20 16:04:04,117 | INFO  | DNAudit | user=null | ip=null | op=PUT_BLOCK {blockData=[blockId=conID: 1 locID: 102650153800499757 bcsId: 0,size=1048576]} | ret=SUCCESS |  
2019-08-20 16:04:04,117 | INFO  | DNAudit | user=null | ip=null | op=WRITE_CHUNK {blockData=conID: 1 locID: 102650153800499757 bcsId: 0} | ret=SUCCESS |  
2019-08-20 16:04:04,117 | INFO  | DNAudit | user=null | ip=null | op=PUT_BLOCK {blockData=[blockId=conID: 1 locID: 102650153800499757 bcsId: 0,size=2097152]} | ret=SUCCESS |  
2019-08-20 16:04:04,117 [grpc-default-executor-3] INFO  client.GrpcClientProtocolClient (GrpcClientProtocolClient.java:onNext(255)) - client-EAA342753240->9a4a4c23-9ff3-4ce3-a619-2c71c0869997: receive RaftClientReply:client-EAA342753240->9a4a4c23-9ff3-4ce3-a619-2c71c0869997@group-EC4211DF0353, cid=2137, SUCCESS, logIndex=0, commits[9a4a4c23-9ff3-4ce3-a619-2c71c0869997:c3139, 9b0072ab-15b3-4973-9bcb-7fa02f6bfea9:c3135, 9f215ef2-7d46-4cda-b695-cae1b893f75f:c3133]
2019-08-20 16:04:04,123 | INFO  | DNAudit | user=null | ip=null | op=WRITE_CHUNK {blockData=conID: 1 locID: 102650153800499757 bcsId: 3135} | ret=SUCCESS |  
2019-08-20 16:04:04,124 | INFO  | DNAudit | user=null | ip=null | op=WRITE_CHUNK {blockData=conID: 1 locID: 102650153800499757 bcsId: 3135} | ret=SUCCESS |  
2019-08-20 16:04:04,125 | INFO  | DNAudit | user=null | ip=null | op=WRITE_CHUNK {blockData=conID: 1 locID: 102650153800499757 bcsId: 3135} | ret=SUCCESS |  
2019-08-20 16:04:04,140 | INFO  | DNAudit | user=null | ip=null | op=WRITE_CHUNK {blockData=conID: 1 locID: 102650153800499757 bcsId: 3135} | ret=SUCCESS |  
2019-08-20 16:04:04,140 | INFO  | DNAudit | user=null | ip=null | op=PUT_BLOCK {blockData=[blockId=conID: 1 locID: 102650153800499757 bcsId: 0,size=3145728]} | ret=SUCCESS |  
2019-08-20 16:04:04,140 [grpc-default-executor-1] INFO  client.GrpcClientProtocolClient (GrpcClientProtocolClient.java:onNext(255)) - client-EAA342753240->9a4a4c23-9ff3-4ce3-a619-2c71c0869997: receive RaftClientReply:client-EAA342753240->9a4a4c23-9ff3-4ce3-a619-2c71c0869997@group-EC4211DF0353, cid=2138, SUCCESS, logIndex=3140, commits[9a4a4c23-9ff3-4ce3-a619-2c71c0869997:c3141, 9b0072ab-15b3-4973-9bcb-7fa02f6bfea9:c3139, 9f215ef2-7d46-4cda-b695-cae1b893f75f:c3139]
2019-08-20 16:04:04,141 [grpc-default-executor-1] INFO  client.GrpcClientProtocolClient (GrpcClientProtocolClient.java:onNext(255)) - client-EAA342753240->9a4a4c23-9ff3-4ce3-a619-2c71c0869997: receive RaftClientReply:client-EAA342753240->9a4a4c23-9ff3-4ce3-a619-2c71c0869997@group-EC4211DF0353, cid=2139, SUCCESS, logIndex=3141, commits[9a4a4c23-9ff3-4ce3-a619-2c71c0869997:c3141, 9b0072ab-15b3-4973-9bcb-7fa02f6bfea9:c3139, 9f215ef2-7d46-4cda-b695-cae1b893f75f:c3139]
2019-08-20 16:04:04,146 | INFO  | DNAudit | user=null | ip=null | op=WRITE_CHUNK {blockData=conID: 1 locID: 102650153800499757 bcsId: 3141} | ret=SUCCESS |  
2019-08-20 16:04:04,148 | INFO  | DNAudit | user=null | ip=null | op=WRITE_CHUNK {blockData=conID: 1 locID: 102650153800499757 bcsId: 3141} | ret=SUCCESS |  
2019-08-20 16:04:04,148 | INFO  | DNAudit | user=null | ip=null | op=WRITE_CHUNK {blockData=conID: 1 locID: 102650153800499757 bcsId: 3141} | ret=SUCCESS |  
2019-08-20 16:04:04,149 | INFO  | DNAudit | user=null | ip=null | op=WRITE_CHUNK {blockData=conID: 1 locID: 102650153800499757 bcsId: 3135} | ret=SUCCESS |  
2019-08-20 16:04:04,149 | INFO  | DNAudit | user=null | ip=null | op=WRITE_CHUNK {blockData=conID: 1 locID: 102650153800499757 bcsId: 3135} | ret=SUCCESS |  
2019-08-20 16:04:04,152 | INFO  | DNAudit | user=null | ip=null | op=PUT_BLOCK {blockData=[blockId=conID: 1 locID: 102650153800499757 bcsId: 0,size=3145728]} | ret=SUCCESS |  
2019-08-20 16:04:04,152 | INFO  | DNAudit | user=null | ip=null | op=PUT_BLOCK {blockData=[blockId=conID: 1 locID: 102650153800499757 bcsId: 0,size=3145728]} | ret=SUCCESS |  
2019-08-20 16:04:04,152 | INFO  | DNAudit | user=null | ip=null | op=WRITE_CHUNK {blockData=conID: 1 locID: 102650153800499757 bcsId: 3141} | ret=SUCCESS |  
2019-08-20 16:04:04,152 | INFO  | DNAudit | user=null | ip=null | op=PUT_BLOCK {blockData=[blockId=conID: 1 locID: 102650153800499757 bcsId: 0,size=4194304]} | ret=SUCCESS |  
2019-08-20 16:04:04,152 [grpc-default-executor-3] INFO  client.GrpcClientProtocolClient (GrpcClientProtocolClient.java:onNext(255)) - client-EAA342753240->9a4a4c23-9ff3-4ce3-a619-2c71c0869997: receive RaftClientReply:client-EAA342753240->9a4a4c23-9ff3-4ce3-a619-2c71c0869997@group-EC4211DF0353, cid=2140, SUCCESS, logIndex=3144, commits[9a4a4c23-9ff3-4ce3-a619-2c71c0869997:c3145, 9b0072ab-15b3-4973-9bcb-7fa02f6bfea9:c3141, 9f215ef2-7d46-4cda-b695-cae1b893f75f:c3141]
2019-08-20 16:04:04,153 [grpc-default-executor-3] INFO  client.GrpcClientProtocolClient (GrpcClientProtocolClient.java:onNext(255)) - client-EAA342753240->9a4a4c23-9ff3-4ce3-a619-2c71c0869997: receive RaftClientReply:client-EAA342753240->9a4a4c23-9ff3-4ce3-a619-2c71c0869997@group-EC4211DF0353, cid=2141, SUCCESS, logIndex=3145, commits[9a4a4c23-9ff3-4ce3-a619-2c71c0869997:c3145, 9b0072ab-15b3-4973-9bcb-7fa02f6bfea9:c3141, 9f215ef2-7d46-4cda-b695-cae1b893f75f:c3141]
2019-08-20 16:04:04,167 | INFO  | DNAudit | user=null | ip=null | op=WRITE_CHUNK {blockData=conID: 1 locID: 102650153800499757 bcsId: 3141} | ret=SUCCESS |  
2019-08-20 16:04:04,167 | INFO  | DNAudit | user=null | ip=null | op=WRITE_CHUNK {blockData=conID: 1 locID: 102650153800499757 bcsId: 3141} | ret=SUCCESS |  
2019-08-20 16:04:04,167 | INFO  | DNAudit | user=null | ip=null | op=PUT_BLOCK {blockData=[blockId=conID: 1 locID: 102650153800499757 bcsId: 0,size=4194304]} | ret=SUCCESS |  
2019-08-20 16:04:04,167 | INFO  | DNAudit | user=null | ip=null | op=PUT_BLOCK {blockData=[blockId=conID: 1 locID: 102650153800499757 bcsId: 0,size=4194304]} | ret=SUCCESS |  
2019-08-20 16:04:04,167 [grpc-default-executor-3] INFO  client.GrpcClientProtocolClient (GrpcClientProtocolClient.java:onNext(255)) - client-EAA342753240->9a4a4c23-9ff3-4ce3-a619-2c71c0869997: receive RaftClientReply:client-EAA342753240->9a4a4c23-9ff3-4ce3-a619-2c71c0869997@group-EC4211DF0353, cid=2142, SUCCESS, logIndex=0, commits[9a4a4c23-9ff3-4ce3-a619-2c71c0869997:c3146, 9b0072ab-15b3-4973-9bcb-7fa02f6bfea9:c3145, 9f215ef2-7d46-4cda-b695-cae1b893f75f:c3145]
2019-08-20 16:04:04,171 | INFO  | SCMAudit | user=jenkins1000 | ip=192.168.69.96 | op=ALLOCATE_BLOCK {owner=ea4851f9-218c-4af7-91b4-edb777a4888c, size=4194304, type=RATIS, factor=THREE} | ret=SUCCESS |  
2019-08-20 16:04:04,173 | INFO  | OMAudit | user=jenkins1000 | ip=127.0.0.1 | op=ALLOCATE_BLOCK {volume=vol-0-94146, bucket=bucket-0-90789, key=key-0-25609, dataSize=0, replicationType=null, replicationFactor=null, keyLocationInfo=null, clientID=102650152704082322} | ret=SUCCESS |  
2019-08-20 16:04:04,179 | INFO  | DNAudit | user=null | ip=null | op=WRITE_CHUNK {blockData=conID: 2 locID: 102650153806791214 bcsId: 0} | ret=SUCCESS |  
2019-08-20 16:04:04,180 | INFO  | DNAudit | user=null | ip=null | op=WRITE_CHUNK {blockData=conID: 2 locID: 102650153806791214 bcsId: 0} | ret=SUCCESS |  
2019-08-20 16:04:04,181 | INFO  | DNAudit | user=null | ip=null | op=WRITE_CHUNK {blockData=conID: 2 locID: 102650153806791214 bcsId: 0} | ret=SUCCESS |  
2019-08-20 16:04:04,181 | INFO  | DNAudit | user=null | ip=null | op=WRITE_CHUNK {blockData=conID: 2 locID: 102650153806791214 bcsId: 0} | ret=SUCCESS |  
2019-08-20 16:04:04,182 | INFO  | DNAudit | user=null | ip=null | op=WRITE_CHUNK {blockData=conID: 2 locID: 102650153806791214 bcsId: 0} | ret=SUCCESS |  
2019-08-20 16:04:04,182 | INFO  | DNAudit | user=null | ip=null | op=WRITE_CHUNK {blockData=conID: 2 locID: 102650153806791214 bcsId: 0} | ret=SUCCESS |  
2019-08-20 16:04:04,201 | INFO  | DNAudit | user=null | ip=null | op=WRITE_CHUNK {blockData=conID: 2 locID: 102650153806791214 bcsId: 0} | ret=SUCCESS |  
2019-08-20 16:04:04,201 | INFO  | DNAudit | user=null | ip=null | op=PUT_BLOCK {blockData=[blockId=conID: 2 locID: 102650153806791214 bcsId: 0,size=1048576]} | ret=SUCCESS |  
2019-08-20 16:04:04,202 | INFO  | DNAudit | user=null | ip=null | op=WRITE_CHUNK {blockData=conID: 2 locID: 102650153806791214 bcsId: 0} | ret=SUCCESS |  
2019-08-20 16:04:04,202 [grpc-default-executor-0] INFO  client.GrpcClientProtocolClient (GrpcClientProtocolClient.java:onNext(255)) - client-EAA342753240->9a4a4c23-9ff3-4ce3-a619-2c71c0869997: receive RaftClientReply:client-EAA342753240->9a4a4c23-9ff3-4ce3-a619-2c71c0869997@group-EC4211DF0353, cid=2143, SUCCESS, logIndex=3148, commits[9a4a4c23-9ff3-4ce3-a619-2c71c0869997:c3149, 9b0072ab-15b3-4973-9bcb-7fa02f6bfea9:c3146, 9f215ef2-7d46-4cda-b695-cae1b893f75f:c3146]
2019-08-20 16:04:04,202 | INFO  | DNAudit | user=null | ip=null | op=PUT_BLOCK {blockData=[blockId=conID: 2 locID: 102650153806791214 bcsId: 0,size=2097152]} | ret=SUCCESS |  
2019-08-20 16:04:04,202 [grpc-default-executor-0] INFO  client.GrpcClientProtocolClient (GrpcClientProtocolClient.java:onNext(255)) - client-EAA342753240->9a4a4c23-9ff3-4ce3-a619-2c71c0869997: receive RaftClientReply:client-EAA342753240->9a4a4c23-9ff3-4ce3-a619-2c71c0869997@group-EC4211DF0353, cid=2144, SUCCESS, logIndex=3149, commits[9a4a4c23-9ff3-4ce3-a619-2c71c0869997:c3151, 9b0072ab-15b3-4973-9bcb-7fa02f6bfea9:c3146, 9f215ef2-7d46-4cda-b695-cae1b893f75f:c3146]
2019-08-20 16:04:04,202 [grpc-default-executor-0] INFO  client.GrpcClientProtocolClient (GrpcClientProtocolClient.java:onNext(255)) - client-EAA342753240->9a4a4c23-9ff3-4ce3-a619-2c71c0869997: receive RaftClientReply:client-EAA342753240->9a4a4c23-9ff3-4ce3-a619-2c71c0869997@group-EC4211DF0353, cid=2145, SUCCESS, logIndex=3150, commits[9a4a4c23-9ff3-4ce3-a619-2c71c0869997:c3151, 9b0072ab-15b3-4973-9bcb-7fa02f6bfea9:c3146, 9f215ef2-7d46-4cda-b695-cae1b893f75f:c3146]
2019-08-20 16:04:04,202 [grpc-default-executor-0] INFO  client.GrpcClientProtocolClient (GrpcClientProtocolClient.java:onNext(255)) - client-EAA342753240->9a4a4c23-9ff3-4ce3-a619-2c71c0869997: receive RaftClientReply:client-EAA342753240->9a4a4c23-9ff3-4ce3-a619-2c71c0869997@group-EC4211DF0353, cid=2146, SUCCESS, logIndex=3151, commits[9a4a4c23-9ff3-4ce3-a619-2c71c0869997:c3151, 9b0072ab-15b3-4973-9bcb-7fa02f6bfea9:c3146, 9f215ef2-7d46-4cda-b695-cae1b893f75f:c3146]
2019-08-20 16:04:04,210 | INFO  | DNAudit | user=null | ip=null | op=WRITE_CHUNK {blockData=conID: 2 locID: 102650153806791214 bcsId: 0} | ret=SUCCESS |  
2019-08-20 16:04:04,210 | INFO  | DNAudit | user=null | ip=null | op=WRITE_CHUNK {blockData=conID: 2 locID: 102650153806791214 bcsId: 0} | ret=SUCCESS |  
2019-08-20 16:04:04,210 | INFO  | DNAudit | user=null | ip=null | op=PUT_BLOCK {blockData=[blockId=conID: 2 locID: 102650153806791214 bcsId: 0,size=1048576]} | ret=SUCCESS |  
2019-08-20 16:04:04,211 | INFO  | DNAudit | user=null | ip=null | op=PUT_BLOCK {blockData=[blockId=conID: 2 locID: 102650153806791214 bcsId: 0,size=1048576]} | ret=SUCCESS |  
2019-08-20 16:04:04,211 [grpc-default-executor-0] INFO  client.GrpcClientProtocolClient (GrpcClientProtocolClient.java:onNext(255)) - client-EAA342753240->9a4a4c23-9ff3-4ce3-a619-2c71c0869997: receive RaftClientReply:client-EAA342753240->9a4a4c23-9ff3-4ce3-a619-2c71c0869997@group-EC4211DF0353, cid=2147, SUCCESS, logIndex=0, commits[9a4a4c23-9ff3-4ce3-a619-2c71c0869997:c3152, 9b0072ab-15b3-4973-9bcb-7fa02f6bfea9:c3149, 9f215ef2-7d46-4cda-b695-cae1b893f75f:c3149]
2019-08-20 16:04:04,213 | INFO  | DNAudit | user=null | ip=null | op=WRITE_CHUNK {blockData=conID: 2 locID: 102650153806791214 bcsId: 0} | ret=SUCCESS |  
2019-08-20 16:04:04,213 | INFO  | DNAudit | user=null | ip=null | op=WRITE_CHUNK {blockData=conID: 2 locID: 102650153806791214 bcsId: 0} | ret=SUCCESS |  
2019-08-20 16:04:04,213 | INFO  | DNAudit | user=null | ip=null | op=PUT_BLOCK {blockData=[blockId=conID: 2 locID: 102650153806791214 bcsId: 0,size=2097152]} | ret=SUCCESS |  
2019-08-20 16:04:04,213 | INFO  | DNAudit | user=null | ip=null | op=PUT_BLOCK {blockData=[blockId=conID: 2 locID: 102650153806791214 bcsId: 0,size=2097152]} | ret=SUCCESS |  
2019-08-20 16:04:04,217 | INFO  | DNAudit | user=null | ip=null | op=WRITE_CHUNK {blockData=conID: 2 locID: 102650153806791214 bcsId: 3151} | ret=SUCCESS |  
2019-08-20 16:04:04,218 | INFO  | DNAudit | user=null | ip=null | op=WRITE_CHUNK {blockData=conID: 2 locID: 102650153806791214 bcsId: 3151} | ret=SUCCESS |  
2019-08-20 16:04:04,219 | INFO  | DNAudit | user=null | ip=null | op=WRITE_CHUNK {blockData=conID: 2 locID: 102650153806791214 bcsId: 3151} | ret=SUCCESS |  
2019-08-20 16:04:04,231 | INFO  | DNAudit | user=null | ip=null | op=WRITE_CHUNK {blockData=conID: 2 locID: 102650153806791214 bcsId: 3151} | ret=SUCCESS |  
2019-08-20 16:04:04,232 | INFO  | DNAudit | user=null | ip=null | op=PUT_BLOCK {blockData=[blockId=conID: 2 locID: 102650153806791214 bcsId: 0,size=3145728]} | ret=SUCCESS |  
2019-08-20 16:04:04,232 [grpc-default-executor-0] INFO  client.GrpcClientProtocolClient (GrpcClientProtocolClient.java:onNext(255)) - client-EAA342753240->9a4a4c23-9ff3-4ce3-a619-2c71c0869997: receive RaftClientReply:client-EAA342753240->9a4a4c23-9ff3-4ce3-a619-2c71c0869997@group-EC4211DF0353, cid=2148, SUCCESS, logIndex=3154, commits[9a4a4c23-9ff3-4ce3-a619-2c71c0869997:c3155, 9b0072ab-15b3-4973-9bcb-7fa02f6bfea9:c3153, 9f215ef2-7d46-4cda-b695-cae1b893f75f:c3153]
2019-08-20 16:04:04,232 [grpc-default-executor-0] INFO  client.GrpcClientProtocolClient (GrpcClientProtocolClient.java:onNext(255)) - client-EAA342753240->9a4a4c23-9ff3-4ce3-a619-2c71c0869997: receive RaftClientReply:client-EAA342753240->9a4a4c23-9ff3-4ce3-a619-2c71c0869997@group-EC4211DF0353, cid=2149, SUCCESS, logIndex=3155, commits[9a4a4c23-9ff3-4ce3-a619-2c71c0869997:c3155, 9b0072ab-15b3-4973-9bcb-7fa02f6bfea9:c3153, 9f215ef2-7d46-4cda-b695-cae1b893f75f:c3153]
2019-08-20 16:04:04,238 | INFO  | DNAudit | user=null | ip=null | op=WRITE_CHUNK {blockData=conID: 2 locID: 102650153806791214 bcsId: 3151} | ret=SUCCESS |  
2019-08-20 16:04:04,238 | INFO  | DNAudit | user=null | ip=null | op=WRITE_CHUNK {blockData=conID: 2 locID: 102650153806791214 bcsId: 3151} | ret=SUCCESS |  
2019-08-20 16:04:04,238 | INFO  | DNAudit | user=null | ip=null | op=WRITE_CHUNK {blockData=conID: 2 locID: 102650153806791214 bcsId: 3155} | ret=SUCCESS |  
2019-08-20 16:04:04,238 | INFO  | DNAudit | user=null | ip=null | op=PUT_BLOCK {blockData=[blockId=conID: 2 locID: 102650153806791214 bcsId: 0,size=3145728]} | ret=SUCCESS |  
2019-08-20 16:04:04,238 | INFO  | DNAudit | user=null | ip=null | op=PUT_BLOCK {blockData=[blockId=conID: 2 locID: 102650153806791214 bcsId: 0,size=3145728]} | ret=SUCCESS |  
2019-08-20 16:04:04,240 | INFO  | DNAudit | user=null | ip=null | op=WRITE_CHUNK {blockData=conID: 2 locID: 102650153806791214 bcsId: 3155} | ret=SUCCESS |  
2019-08-20 16:04:04,240 | INFO  | DNAudit | user=null | ip=null | op=WRITE_CHUNK {blockData=conID: 2 locID: 102650153806791214 bcsId: 3155} | ret=SUCCESS |  
2019-08-20 16:04:04,263 | INFO  | DNAudit | user=null | ip=null | op=WRITE_CHUNK {blockData=conID: 2 locID: 102650153806791214 bcsId: 3155} | ret=SUCCESS |  
2019-08-20 16:04:04,263 | INFO  | DNAudit | user=null | ip=null | op=PUT_BLOCK {blockData=[blockId=conID: 2 locID: 102650153806791214 bcsId: 0,size=4194304]} | ret=SUCCESS |  
2019-08-20 16:04:04,263 [grpc-default-executor-1] INFO  client.GrpcClientProtocolClient (GrpcClientProtocolClient.java:onNext(255)) - client-EAA342753240->9a4a4c23-9ff3-4ce3-a619-2c71c0869997: receive RaftClientReply:client-EAA342753240->9a4a4c23-9ff3-4ce3-a619-2c71c0869997@group-EC4211DF0353, cid=2150, SUCCESS, logIndex=3158, commits[9a4a4c23-9ff3-4ce3-a619-2c71c0869997:c3159, 9b0072ab-15b3-4973-9bcb-7fa02f6bfea9:c3155, 9f215ef2-7d46-4cda-b695-cae1b893f75f:c3155]
2019-08-20 16:04:04,263 [grpc-default-executor-1] INFO  client.GrpcClientProtocolClient (GrpcClientProtocolClient.java:onNext(255)) - client-EAA342753240->9a4a4c23-9ff3-4ce3-a619-2c71c0869997: receive RaftClientReply:client-EAA342753240->9a4a4c23-9ff3-4ce3-a619-2c71c0869997@group-EC4211DF0353, cid=2151, SUCCESS, logIndex=3159, commits[9a4a4c23-9ff3-4ce3-a619-2c71c0869997:c3159, 9b0072ab-15b3-4973-9bcb-7fa02f6bfea9:c3155, 9f215ef2-7d46-4cda-b695-cae1b893f75f:c3155]
2019-08-20 16:04:04,266 | INFO  | DNAudit | user=null | ip=null | op=WRITE_CHUNK {blockData=conID: 2 locID: 102650153806791214 bcsId: 3155} | ret=SUCCESS |  
2019-08-20 16:04:04,266 | INFO  | DNAudit | user=null | ip=null | op=WRITE_CHUNK {blockData=conID: 2 locID: 102650153806791214 bcsId: 3155} | ret=SUCCESS |  
2019-08-20 16:04:04,277 | INFO  | DNAudit | user=null | ip=null | op=PUT_BLOCK {blockData=[blockId=conID: 2 locID: 102650153806791214 bcsId: 0,size=4194304]} | ret=SUCCESS |  
2019-08-20 16:04:04,277 | INFO  | DNAudit | user=null | ip=null | op=PUT_BLOCK {blockData=[blockId=conID: 2 locID: 102650153806791214 bcsId: 0,size=4194304]} | ret=SUCCESS |  
2019-08-20 16:04:04,278 [grpc-default-executor-1] INFO  client.GrpcClientProtocolClient (GrpcClientProtocolClient.java:onNext(255)) - client-EAA342753240->9a4a4c23-9ff3-4ce3-a619-2c71c0869997: receive RaftClientReply:client-EAA342753240->9a4a4c23-9ff3-4ce3-a619-2c71c0869997@group-EC4211DF0353, cid=2152, SUCCESS, logIndex=0, commits[9a4a4c23-9ff3-4ce3-a619-2c71c0869997:c3161, 9b0072ab-15b3-4973-9bcb-7fa02f6bfea9:c3159, 9f215ef2-7d46-4cda-b695-cae1b893f75f:c3159]
2019-08-20 16:04:04,281 | INFO  | SCMAudit | user=jenkins1000 | ip=192.168.69.96 | op=ALLOCATE_BLOCK {owner=ea4851f9-218c-4af7-91b4-edb777a4888c, size=4194304, type=RATIS, factor=THREE} | ret=SUCCESS |  
2019-08-20 16:04:04,283 | INFO  | OMAudit | user=jenkins1000 | ip=127.0.0.1 | op=ALLOCATE_BLOCK {volume=vol-0-94146, bucket=bucket-0-90789, key=key-0-25609, dataSize=0, replicationType=null, replicationFactor=null, keyLocationInfo=null, clientID=102650152704082322} | ret=SUCCESS |  
2019-08-20 16:04:04,289 | INFO  | DNAudit | user=null | ip=null | op=WRITE_CHUNK {blockData=conID: 3 locID: 102650153814000175 bcsId: 0} | ret=SUCCESS |  
2019-08-20 16:04:04,290 | INFO  | DNAudit | user=null | ip=null | op=WRITE_CHUNK {blockData=conID: 3 locID: 102650153814000175 bcsId: 0} | ret=SUCCESS |  
2019-08-20 16:04:04,291 | INFO  | DNAudit | user=null | ip=null | op=WRITE_CHUNK {blockData=conID: 3 locID: 102650153814000175 bcsId: 0} | ret=SUCCESS |  
2019-08-20 16:04:04,294 | INFO  | DNAudit | user=null | ip=null | op=WRITE_CHUNK {blockData=conID: 3 locID: 102650153814000175 bcsId: 0} | ret=SUCCESS |  
2019-08-20 16:04:04,294 | INFO  | DNAudit | user=null | ip=null | op=WRITE_CHUNK {blockData=conID: 3 locID: 102650153814000175 bcsId: 0} | ret=SUCCESS |  
2019-08-20 16:04:04,295 | INFO  | DNAudit | user=null | ip=null | op=WRITE_CHUNK {blockData=conID: 3 locID: 102650153814000175 bcsId: 0} | ret=SUCCESS |  
2019-08-20 16:04:04,307 | INFO  | DNAudit | user=null | ip=null | op=WRITE_CHUNK {blockData=conID: 3 locID: 102650153814000175 bcsId: 0} | ret=SUCCESS |  
2019-08-20 16:04:04,307 | INFO  | DNAudit | user=null | ip=null | op=PUT_BLOCK {blockData=[blockId=conID: 3 locID: 102650153814000175 bcsId: 0,size=1048576]} | ret=SUCCESS |  
2019-08-20 16:04:04,307 [grpc-default-executor-5] INFO  client.GrpcClientProtocolClient (GrpcClientProtocolClient.java:onNext(255)) - client-EAA342753240->9a4a4c23-9ff3-4ce3-a619-2c71c0869997: receive RaftClientReply:client-EAA342753240->9a4a4c23-9ff3-4ce3-a619-2c71c0869997@group-EC4211DF0353, cid=2153, SUCCESS, logIndex=3162, commits[9a4a4c23-9ff3-4ce3-a619-2c71c0869997:c3165, 9b0072ab-15b3-4973-9bcb-7fa02f6bfea9:c3161, 9f215ef2-7d46-4cda-b695-cae1b893f75f:c3161]
2019-08-20 16:04:04,307 | INFO  | DNAudit | user=null | ip=null | op=WRITE_CHUNK {blockData=conID: 3 locID: 102650153814000175 bcsId: 0} | ret=SUCCESS |  
2019-08-20 16:04:04,307 | INFO  | DNAudit | user=null | ip=null | op=PUT_BLOCK {blockData=[blockId=conID: 3 locID: 102650153814000175 bcsId: 0,size=2097152]} | ret=SUCCESS |  
2019-08-20 16:04:04,307 [grpc-default-executor-5] INFO  client.GrpcClientProtocolClient (GrpcClientProtocolClient.java:onNext(255)) - client-EAA342753240->9a4a4c23-9ff3-4ce3-a619-2c71c0869997: receive RaftClientReply:client-EAA342753240->9a4a4c23-9ff3-4ce3-a619-2c71c0869997@group-EC4211DF0353, cid=2154, SUCCESS, logIndex=3163, commits[9a4a4c23-9ff3-4ce3-a619-2c71c0869997:c3165, 9b0072ab-15b3-4973-9bcb-7fa02f6bfea9:c3161, 9f215ef2-7d46-4cda-b695-cae1b893f75f:c3161]
2019-08-20 16:04:04,308 [grpc-default-executor-5] INFO  client.GrpcClientProtocolClient (GrpcClientProtocolClient.java:onNext(255)) - client-EAA342753240->9a4a4c23-9ff3-4ce3-a619-2c71c0869997: receive RaftClientReply:client-EAA342753240->9a4a4c23-9ff3-4ce3-a619-2c71c0869997@group-EC4211DF0353, cid=2155, SUCCESS, logIndex=3164, commits[9a4a4c23-9ff3-4ce3-a619-2c71c0869997:c3165, 9b0072ab-15b3-4973-9bcb-7fa02f6bfea9:c3161, 9f215ef2-7d46-4cda-b695-cae1b893f75f:c3161]
2019-08-20 16:04:04,308 [grpc-default-executor-5] INFO  client.GrpcClientProtocolClient (GrpcClientProtocolClient.java:onNext(255)) - client-EAA342753240->9a4a4c23-9ff3-4ce3-a619-2c71c0869997: receive RaftClientReply:client-EAA342753240->9a4a4c23-9ff3-4ce3-a619-2c71c0869997@group-EC4211DF0353, cid=2156, SUCCESS, logIndex=3165, commits[9a4a4c23-9ff3-4ce3-a619-2c71c0869997:c3165, 9b0072ab-15b3-4973-9bcb-7fa02f6bfea9:c3161, 9f215ef2-7d46-4cda-b695-cae1b893f75f:c3161]
2019-08-20 16:04:04,315 | INFO  | DNAudit | user=null | ip=null | op=WRITE_CHUNK {blockData=conID: 3 locID: 102650153814000175 bcsId: 0} | ret=SUCCESS |  
2019-08-20 16:04:04,315 | INFO  | DNAudit | user=null | ip=null | op=PUT_BLOCK {blockData=[blockId=conID: 3 locID: 102650153814000175 bcsId: 0,size=1048576]} | ret=SUCCESS |  
2019-08-20 16:04:04,315 | INFO  | DNAudit | user=null | ip=null | op=WRITE_CHUNK {blockData=conID: 3 locID: 102650153814000175 bcsId: 0} | ret=SUCCESS |  
2019-08-20 16:04:04,315 | INFO  | DNAudit | user=null | ip=null | op=WRITE_CHUNK {blockData=conID: 3 locID: 102650153814000175 bcsId: 0} | ret=SUCCESS |  
2019-08-20 16:04:04,315 [grpc-default-executor-0] INFO  client.GrpcClientProtocolClient (GrpcClientProtocolClient.java:onNext(255)) - client-EAA342753240->9a4a4c23-9ff3-4ce3-a619-2c71c0869997: receive RaftClientReply:client-EAA342753240->9a4a4c23-9ff3-4ce3-a619-2c71c0869997@group-EC4211DF0353, cid=2157, SUCCESS, logIndex=0, commits[9a4a4c23-9ff3-4ce3-a619-2c71c0869997:c3166, 9b0072ab-15b3-4973-9bcb-7fa02f6bfea9:c3164, 9f215ef2-7d46-4cda-b695-cae1b893f75f:c3164]
2019-08-20 16:04:04,315 | INFO  | DNAudit | user=null | ip=null | op=PUT_BLOCK {blockData=[blockId=conID: 3 locID: 102650153814000175 bcsId: 0,size=1048576]} | ret=SUCCESS |  
2019-08-20 16:04:04,316 | INFO  | DNAudit | user=null | ip=null | op=WRITE_CHUNK {blockData=conID: 3 locID: 102650153814000175 bcsId: 0} | ret=SUCCESS |  
2019-08-20 16:04:04,318 | INFO  | DNAudit | user=null | ip=null | op=PUT_BLOCK {blockData=[blockId=conID: 3 locID: 102650153814000175 bcsId: 0,size=2097152]} | ret=SUCCESS |  
2019-08-20 16:04:04,318 | INFO  | DNAudit | user=null | ip=null | op=PUT_BLOCK {blockData=[blockId=conID: 3 locID: 102650153814000175 bcsId: 0,size=2097152]} | ret=SUCCESS |  
2019-08-20 16:04:04,320 | INFO  | DNAudit | user=null | ip=null | op=WRITE_CHUNK {blockData=conID: 3 locID: 102650153814000175 bcsId: 3165} | ret=SUCCESS |  
2019-08-20 16:04:04,323 | INFO  | DNAudit | user=null | ip=null | op=WRITE_CHUNK {blockData=conID: 3 locID: 102650153814000175 bcsId: 3165} | ret=SUCCESS |  
2019-08-20 16:04:04,324 | INFO  | DNAudit | user=null | ip=null | op=WRITE_CHUNK {blockData=conID: 3 locID: 102650153814000175 bcsId: 3165} | ret=SUCCESS |  
2019-08-20 16:04:04,337 | INFO  | DNAudit | user=null | ip=null | op=WRITE_CHUNK {blockData=conID: 3 locID: 102650153814000175 bcsId: 3165} | ret=SUCCESS |  
2019-08-20 16:04:04,337 | INFO  | DNAudit | user=null | ip=null | op=PUT_BLOCK {blockData=[blockId=conID: 3 locID: 102650153814000175 bcsId: 0,size=3145728]} | ret=SUCCESS |  
2019-08-20 16:04:04,338 [grpc-default-executor-1] INFO  client.GrpcClientProtocolClient (GrpcClientProtocolClient.java:onNext(255)) - client-EAA342753240->9a4a4c23-9ff3-4ce3-a619-2c71c0869997: receive RaftClientReply:client-EAA342753240->9a4a4c23-9ff3-4ce3-a619-2c71c0869997@group-EC4211DF0353, cid=2158, SUCCESS, logIndex=3169, commits[9a4a4c23-9ff3-4ce3-a619-2c71c0869997:c3170, 9b0072ab-15b3-4973-9bcb-7fa02f6bfea9:c3168, 9f215ef2-7d46-4cda-b695-cae1b893f75f:c3168]
2019-08-20 16:04:04,338 [grpc-default-executor-1] INFO  client.GrpcClientProtocolClient (GrpcClientProtocolClient.java:onNext(255)) - client-EAA342753240->9a4a4c23-9ff3-4ce3-a619-2c71c0869997: receive RaftClientReply:client-EAA342753240->9a4a4c23-9ff3-4ce3-a619-2c71c0869997@group-EC4211DF0353, cid=2159, SUCCESS, logIndex=3170, commits[9a4a4c23-9ff3-4ce3-a619-2c71c0869997:c3170, 9b0072ab-15b3-4973-9bcb-7fa02f6bfea9:c3168, 9f215ef2-7d46-4cda-b695-cae1b893f75f:c3168]
2019-08-20 16:04:04,343 | INFO  | DNAudit | user=null | ip=null | op=WRITE_CHUNK {blockData=conID: 3 locID: 102650153814000175 bcsId: 3170} | ret=SUCCESS |  
2019-08-20 16:04:04,346 | INFO  | DNAudit | user=null | ip=null | op=WRITE_CHUNK {blockData=conID: 3 locID: 102650153814000175 bcsId: 3170} | ret=SUCCESS |  
2019-08-20 16:04:04,346 | INFO  | DNAudit | user=null | ip=null | op=WRITE_CHUNK {blockData=conID: 3 locID: 102650153814000175 bcsId: 3170} | ret=SUCCESS |  
2019-08-20 16:04:04,352 | INFO  | DNAudit | user=null | ip=null | op=WRITE_CHUNK {blockData=conID: 3 locID: 102650153814000175 bcsId: 3165} | ret=SUCCESS |  
2019-08-20 16:04:04,352 | INFO  | DNAudit | user=null | ip=null | op=WRITE_CHUNK {blockData=conID: 3 locID: 102650153814000175 bcsId: 3165} | ret=SUCCESS |  
2019-08-20 16:04:04,353 | INFO  | DNAudit | user=null | ip=null | op=PUT_BLOCK {blockData=[blockId=conID: 3 locID: 102650153814000175 bcsId: 0,size=3145728]} | ret=SUCCESS |  
2019-08-20 16:04:04,353 | INFO  | DNAudit | user=null | ip=null | op=PUT_BLOCK {blockData=[blockId=conID: 3 locID: 102650153814000175 bcsId: 0,size=3145728]} | ret=SUCCESS |  
2019-08-20 16:04:04,366 | INFO  | DNAudit | user=null | ip=null | op=WRITE_CHUNK {blockData=conID: 3 locID: 102650153814000175 bcsId: 3170} | ret=SUCCESS |  
2019-08-20 16:04:04,366 | INFO  | DNAudit | user=null | ip=null | op=PUT_BLOCK {blockData=[blockId=conID: 3 locID: 102650153814000175 bcsId: 0,size=4194304]} | ret=SUCCESS |  
2019-08-20 16:04:04,367 [grpc-default-executor-0] INFO  client.GrpcClientProtocolClient (GrpcClientProtocolClient.java:onNext(255)) - client-EAA342753240->9a4a4c23-9ff3-4ce3-a619-2c71c0869997: receive RaftClientReply:client-EAA342753240->9a4a4c23-9ff3-4ce3-a619-2c71c0869997@group-EC4211DF0353, cid=2160, SUCCESS, logIndex=3173, commits[9a4a4c23-9ff3-4ce3-a619-2c71c0869997:c3174, 9b0072ab-15b3-4973-9bcb-7fa02f6bfea9:c3170, 9f215ef2-7d46-4cda-b695-cae1b893f75f:c3170]
2019-08-20 16:04:04,367 [grpc-default-executor-0] INFO  client.GrpcClientProtocolClient (GrpcClientProtocolClient.java:onNext(255)) - client-EAA342753240->9a4a4c23-9ff3-4ce3-a619-2c71c0869997: receive RaftClientReply:client-EAA342753240->9a4a4c23-9ff3-4ce3-a619-2c71c0869997@group-EC4211DF0353, cid=2161, SUCCESS, logIndex=3174, commits[9a4a4c23-9ff3-4ce3-a619-2c71c0869997:c3174, 9b0072ab-15b3-4973-9bcb-7fa02f6bfea9:c3170, 9f215ef2-7d46-4cda-b695-cae1b893f75f:c3170]
2019-08-20 16:04:04,384 | INFO  | DNAudit | user=null | ip=null | op=WRITE_CHUNK {blockData=conID: 3 locID: 102650153814000175 bcsId: 3170} | ret=SUCCESS |  
2019-08-20 16:04:04,384 | INFO  | DNAudit | user=null | ip=null | op=WRITE_CHUNK {blockData=conID: 3 locID: 102650153814000175 bcsId: 3170} | ret=SUCCESS |  
2019-08-20 16:04:04,397 | INFO  | DNAudit | user=null | ip=null | op=PUT_BLOCK {blockData=[blockId=conID: 3 locID: 102650153814000175 bcsId: 0,size=4194304]} | ret=SUCCESS |  
2019-08-20 16:04:04,397 | INFO  | DNAudit | user=null | ip=null | op=PUT_BLOCK {blockData=[blockId=conID: 3 locID: 102650153814000175 bcsId: 0,size=4194304]} | ret=SUCCESS |  
2019-08-20 16:04:04,397 [grpc-default-executor-0] INFO  client.GrpcClientProtocolClient (GrpcClientProtocolClient.java:onNext(255)) - client-EAA342753240->9a4a4c23-9ff3-4ce3-a619-2c71c0869997: receive RaftClientReply:client-EAA342753240->9a4a4c23-9ff3-4ce3-a619-2c71c0869997@group-EC4211DF0353, cid=2162, SUCCESS, logIndex=0, commits[9a4a4c23-9ff3-4ce3-a619-2c71c0869997:c3175, 9b0072ab-15b3-4973-9bcb-7fa02f6bfea9:c3174, 9f215ef2-7d46-4cda-b695-cae1b893f75f:c3174]
2019-08-20 16:04:04,404 | INFO  | SCMAudit | user=jenkins1000 | ip=192.168.69.96 | op=ALLOCATE_BLOCK {owner=ea4851f9-218c-4af7-91b4-edb777a4888c, size=4194304, type=RATIS, factor=THREE} | ret=SUCCESS |  
2019-08-20 16:04:04,410 | INFO  | OMAudit | user=jenkins1000 | ip=127.0.0.1 | op=ALLOCATE_BLOCK {volume=vol-0-94146, bucket=bucket-0-90789, key=key-0-25609, dataSize=0, replicationType=null, replicationFactor=null, keyLocationInfo=null, clientID=102650152704082322} | ret=SUCCESS |  
2019-08-20 16:04:04,416 | INFO  | DNAudit | user=null | ip=null | op=WRITE_CHUNK {blockData=conID: 1 locID: 102650153822061104 bcsId: 0} | ret=SUCCESS |  
2019-08-20 16:04:04,419 | INFO  | DNAudit | user=null | ip=null | op=WRITE_CHUNK {blockData=conID: 1 locID: 102650153822061104 bcsId: 0} | ret=SUCCESS |  
2019-08-20 16:04:04,419 | INFO  | DNAudit | user=null | ip=null | op=WRITE_CHUNK {blockData=conID: 1 locID: 102650153822061104 bcsId: 0} | ret=SUCCESS |  
2019-08-20 16:04:04,419 | INFO  | DNAudit | user=null | ip=null | op=WRITE_CHUNK {blockData=conID: 1 locID: 102650153822061104 bcsId: 0} | ret=SUCCESS |  
2019-08-20 16:04:04,421 | INFO  | DNAudit | user=null | ip=null | op=WRITE_CHUNK {blockData=conID: 1 locID: 102650153822061104 bcsId: 0} | ret=SUCCESS |  
2019-08-20 16:04:04,422 | INFO  | DNAudit | user=null | ip=null | op=WRITE_CHUNK {blockData=conID: 1 locID: 102650153822061104 bcsId: 0} | ret=SUCCESS |  
2019-08-20 16:04:04,425 | INFO  | DNAudit | user=null | ip=null | op=WRITE_CHUNK {blockData=conID: 1 locID: 102650153822061104 bcsId: 0} | ret=SUCCESS |  
2019-08-20 16:04:04,425 | INFO  | DNAudit | user=null | ip=null | op=PUT_BLOCK {blockData=[blockId=conID: 1 locID: 102650153822061104 bcsId: 0,size=1048576]} | ret=SUCCESS |  
2019-08-20 16:04:04,426 [grpc-default-executor-1] INFO  client.GrpcClientProtocolClient (GrpcClientProtocolClient.java:onNext(255)) - client-EAA342753240->9a4a4c23-9ff3-4ce3-a619-2c71c0869997: receive RaftClientReply:client-EAA342753240->9a4a4c23-9ff3-4ce3-a619-2c71c0869997@group-EC4211DF0353, cid=2163, SUCCESS, logIndex=3177, commits[9a4a4c23-9ff3-4ce3-a619-2c71c0869997:c3178, 9b0072ab-15b3-4973-9bcb-7fa02f6bfea9:c3176, 9f215ef2-7d46-4cda-b695-cae1b893f75f:c3176]
2019-08-20 16:04:04,426 [grpc-default-executor-1] INFO  client.GrpcClientProtocolClient (GrpcClientProtocolClient.java:onNext(255)) - client-EAA342753240->9a4a4c23-9ff3-4ce3-a619-2c71c0869997: receive RaftClientReply:client-EAA342753240->9a4a4c23-9ff3-4ce3-a619-2c71c0869997@group-EC4211DF0353, cid=2164, SUCCESS, logIndex=3178, commits[9a4a4c23-9ff3-4ce3-a619-2c71c0869997:c3178, 9b0072ab-15b3-4973-9bcb-7fa02f6bfea9:c3176, 9f215ef2-7d46-4cda-b695-cae1b893f75f:c3176]
2019-08-20 16:04:04,436 | INFO  | DNAudit | user=null | ip=null | op=WRITE_CHUNK {blockData=conID: 1 locID: 102650153822061104 bcsId: 0} | ret=SUCCESS |  
2019-08-20 16:04:04,437 | INFO  | DNAudit | user=null | ip=null | op=PUT_BLOCK {blockData=[blockId=conID: 1 locID: 102650153822061104 bcsId: 0,size=2097152]} | ret=SUCCESS |  
2019-08-20 16:04:04,437 [grpc-default-executor-5] INFO  client.GrpcClientProtocolClient (GrpcClientProtocolClient.java:onNext(255)) - client-EAA342753240->9a4a4c23-9ff3-4ce3-a619-2c71c0869997: receive RaftClientReply:client-EAA342753240->9a4a4c23-9ff3-4ce3-a619-2c71c0869997@group-EC4211DF0353, cid=2165, SUCCESS, logIndex=3179, commits[9a4a4c23-9ff3-4ce3-a619-2c71c0869997:c3179, 9b0072ab-15b3-4973-9bcb-7fa02f6bfea9:c3176, 9f215ef2-7d46-4cda-b695-cae1b893f75f:c3176]
2019-08-20 16:04:04,437 [grpc-default-executor-5] INFO  client.GrpcClientProtocolClient (GrpcClientProtocolClient.java:onNext(255)) - client-EAA342753240->9a4a4c23-9ff3-4ce3-a619-2c71c0869997: receive RaftClientReply:client-EAA342753240->9a4a4c23-9ff3-4ce3-a619-2c71c0869997@group-EC4211DF0353, cid=2166, SUCCESS, logIndex=3180, commits[9a4a4c23-9ff3-4ce3-a619-2c71c0869997:c3180, 9b0072ab-15b3-4973-9bcb-7fa02f6bfea9:c3176, 9f215ef2-7d46-4cda-b695-cae1b893f75f:c3176]
2019-08-20 16:04:04,449 | INFO  | DNAudit | user=null | ip=null | op=WRITE_CHUNK {blockData=conID: 1 locID: 102650153822061104 bcsId: 0} | ret=SUCCESS |  
2019-08-20 16:04:04,449 | INFO  | DNAudit | user=null | ip=null | op=PUT_BLOCK {blockData=[blockId=conID: 1 locID: 102650153822061104 bcsId: 0,size=1048576]} | ret=SUCCESS |  
2019-08-20 16:04:04,449 | INFO  | DNAudit | user=null | ip=null | op=WRITE_CHUNK {blockData=conID: 1 locID: 102650153822061104 bcsId: 0} | ret=SUCCESS |  
2019-08-20 16:04:04,450 | INFO  | DNAudit | user=null | ip=null | op=PUT_BLOCK {blockData=[blockId=conID: 1 locID: 102650153822061104 bcsId: 0,size=1048576]} | ret=SUCCESS |  
2019-08-20 16:04:04,450 [grpc-default-executor-5] INFO  client.GrpcClientProtocolClient (GrpcClientProtocolClient.java:onNext(255)) - client-EAA342753240->9a4a4c23-9ff3-4ce3-a619-2c71c0869997: receive RaftClientReply:client-EAA342753240->9a4a4c23-9ff3-4ce3-a619-2c71c0869997@group-EC4211DF0353, cid=2167, SUCCESS, logIndex=0, commits[9a4a4c23-9ff3-4ce3-a619-2c71c0869997:c3182, 9b0072ab-15b3-4973-9bcb-7fa02f6bfea9:c3178, 9f215ef2-7d46-4cda-b695-cae1b893f75f:c3178]
2019-08-20 16:04:04,457 | INFO  | DNAudit | user=null | ip=null | op=WRITE_CHUNK {blockData=conID: 1 locID: 102650153822061104 bcsId: 3180} | ret=SUCCESS |  
2019-08-20 16:04:04,459 | INFO  | DNAudit | user=null | ip=null | op=WRITE_CHUNK {blockData=conID: 1 locID: 102650153822061104 bcsId: 3180} | ret=SUCCESS |  
2019-08-20 16:04:04,460 | INFO  | DNAudit | user=null | ip=null | op=WRITE_CHUNK {blockData=conID: 1 locID: 102650153822061104 bcsId: 3180} | ret=SUCCESS |  
2019-08-20 16:04:04,463 | INFO  | DNAudit | user=null | ip=null | op=WRITE_CHUNK {blockData=conID: 1 locID: 102650153822061104 bcsId: 0} | ret=SUCCESS |  
2019-08-20 16:04:04,463 | INFO  | DNAudit | user=null | ip=null | op=WRITE_CHUNK {blockData=conID: 1 locID: 102650153822061104 bcsId: 0} | ret=SUCCESS |  
2019-08-20 16:04:04,463 | INFO  | DNAudit | user=null | ip=null | op=PUT_BLOCK {blockData=[blockId=conID: 1 locID: 102650153822061104 bcsId: 0,size=2097152]} | ret=SUCCESS |  
2019-08-20 16:04:04,463 | INFO  | DNAudit | user=null | ip=null | op=PUT_BLOCK {blockData=[blockId=conID: 1 locID: 102650153822061104 bcsId: 0,size=2097152]} | ret=SUCCESS |  
2019-08-20 16:04:04,474 | INFO  | DNAudit | user=null | ip=null | op=WRITE_CHUNK {blockData=conID: 1 locID: 102650153822061104 bcsId: 3180} | ret=SUCCESS |  
2019-08-20 16:04:04,474 | INFO  | DNAudit | user=null | ip=null | op=PUT_BLOCK {blockData=[blockId=conID: 1 locID: 102650153822061104 bcsId: 0,size=3145728]} | ret=SUCCESS |  
2019-08-20 16:04:04,475 [grpc-default-executor-1] INFO  client.GrpcClientProtocolClient (GrpcClientProtocolClient.java:onNext(255)) - client-EAA342753240->9a4a4c23-9ff3-4ce3-a619-2c71c0869997: receive RaftClientReply:client-EAA342753240->9a4a4c23-9ff3-4ce3-a619-2c71c0869997@group-EC4211DF0353, cid=2168, SUCCESS, logIndex=3185, commits[9a4a4c23-9ff3-4ce3-a619-2c71c0869997:c3186, 9b0072ab-15b3-4973-9bcb-7fa02f6bfea9:c3182, 9f215ef2-7d46-4cda-b695-cae1b893f75f:c3182]
2019-08-20 16:04:04,475 [grpc-default-executor-1] INFO  client.GrpcClientProtocolClient (GrpcClientProtocolClient.java:onNext(255)) - client-EAA342753240->9a4a4c23-9ff3-4ce3-a619-2c71c0869997: receive RaftClientReply:client-EAA342753240->9a4a4c23-9ff3-4ce3-a619-2c71c0869997@group-EC4211DF0353, cid=2169, SUCCESS, logIndex=3186, commits[9a4a4c23-9ff3-4ce3-a619-2c71c0869997:c3186, 9b0072ab-15b3-4973-9bcb-7fa02f6bfea9:c3182, 9f215ef2-7d46-4cda-b695-cae1b893f75f:c3182]
2019-08-20 16:04:04,571 | INFO  | DNAudit | user=null | ip=null | op=WRITE_CHUNK {blockData=conID: 1 locID: 102650153822061104 bcsId: 3180} | ret=SUCCESS |  
2019-08-20 16:04:04,571 | INFO  | DNAudit | user=null | ip=null | op=WRITE_CHUNK {blockData=conID: 1 locID: 102650153822061104 bcsId: 3180} | ret=SUCCESS |  
2019-08-20 16:04:04,572 | INFO  | DNAudit | user=null | ip=null | op=PUT_BLOCK {blockData=[blockId=conID: 1 locID: 102650153822061104 bcsId: 0,size=3145728]} | ret=SUCCESS |  
2019-08-20 16:04:04,572 | INFO  | DNAudit | user=null | ip=null | op=PUT_BLOCK {blockData=[blockId=conID: 1 locID: 102650153822061104 bcsId: 0,size=3145728]} | ret=SUCCESS |  
2019-08-20 16:04:04,576 | INFO  | DNAudit | user=null | ip=null | op=WRITE_CHUNK {blockData=conID: 1 locID: 102650153822061104 bcsId: 3186} | ret=SUCCESS |  
2019-08-20 16:04:04,576 | INFO  | DNAudit | user=null | ip=null | op=WRITE_CHUNK {blockData=conID: 1 locID: 102650153822061104 bcsId: 3186} | ret=SUCCESS |  
2019-08-20 16:04:04,577 | INFO  | DNAudit | user=null | ip=null | op=WRITE_CHUNK {blockData=conID: 1 locID: 102650153822061104 bcsId: 3186} | ret=SUCCESS |  
2019-08-20 16:04:04,597 | INFO  | DNAudit | user=null | ip=null | op=WRITE_CHUNK {blockData=conID: 1 locID: 102650153822061104 bcsId: 3186} | ret=SUCCESS |  
2019-08-20 16:04:04,597 | INFO  | DNAudit | user=null | ip=null | op=PUT_BLOCK {blockData=[blockId=conID: 1 locID: 102650153822061104 bcsId: 0,size=4194304]} | ret=SUCCESS |  
2019-08-20 16:04:04,597 [grpc-default-executor-1] INFO  client.GrpcClientProtocolClient (GrpcClientProtocolClient.java:onNext(255)) - client-EAA342753240->9a4a4c23-9ff3-4ce3-a619-2c71c0869997: receive RaftClientReply:client-EAA342753240->9a4a4c23-9ff3-4ce3-a619-2c71c0869997@group-EC4211DF0353, cid=2170, SUCCESS, logIndex=3189, commits[9a4a4c23-9ff3-4ce3-a619-2c71c0869997:c3190, 9b0072ab-15b3-4973-9bcb-7fa02f6bfea9:c3187, 9f215ef2-7d46-4cda-b695-cae1b893f75f:c3187]
2019-08-20 16:04:04,598 [grpc-default-executor-1] INFO  client.GrpcClientProtocolClient (GrpcClientProtocolClient.java:onNext(255)) - client-EAA342753240->9a4a4c23-9ff3-4ce3-a619-2c71c0869997: receive RaftClientReply:client-EAA342753240->9a4a4c23-9ff3-4ce3-a619-2c71c0869997@group-EC4211DF0353, cid=2171, SUCCESS, logIndex=3190, commits[9a4a4c23-9ff3-4ce3-a619-2c71c0869997:c3190, 9b0072ab-15b3-4973-9bcb-7fa02f6bfea9:c3187, 9f215ef2-7d46-4cda-b695-cae1b893f75f:c3187]
2019-08-20 16:04:04,599 | INFO  | DNAudit | user=null | ip=null | op=WRITE_CHUNK {blockData=conID: 1 locID: 102650153822061104 bcsId: 3186} | ret=SUCCESS |  
2019-08-20 16:04:04,599 | INFO  | DNAudit | user=null | ip=null | op=WRITE_CHUNK {blockData=conID: 1 locID: 102650153822061104 bcsId: 3186} | ret=SUCCESS |  
2019-08-20 16:04:04,613 | INFO  | DNAudit | user=null | ip=null | op=PUT_BLOCK {blockData=[blockId=conID: 1 locID: 102650153822061104 bcsId: 0,size=4194304]} | ret=SUCCESS |  
2019-08-20 16:04:04,613 | INFO  | DNAudit | user=null | ip=null | op=PUT_BLOCK {blockData=[blockId=conID: 1 locID: 102650153822061104 bcsId: 0,size=4194304]} | ret=SUCCESS |  
2019-08-20 16:04:04,613 [grpc-default-executor-0] INFO  client.GrpcClientProtocolClient (GrpcClientProtocolClient.java:onNext(255)) - client-EAA342753240->9a4a4c23-9ff3-4ce3-a619-2c71c0869997: receive RaftClientReply:client-EAA342753240->9a4a4c23-9ff3-4ce3-a619-2c71c0869997@group-EC4211DF0353, cid=2172, SUCCESS, logIndex=0, commits[9a4a4c23-9ff3-4ce3-a619-2c71c0869997:c3192, 9b0072ab-15b3-4973-9bcb-7fa02f6bfea9:c3190, 9f215ef2-7d46-4cda-b695-cae1b893f75f:c3190]
2019-08-20 16:04:04,620 | INFO  | SCMAudit | user=jenkins1000 | ip=192.168.69.96 | op=ALLOCATE_BLOCK {owner=ea4851f9-218c-4af7-91b4-edb777a4888c, size=4194304, type=RATIS, factor=THREE} | ret=SUCCESS |  
2019-08-20 16:04:04,624 | INFO  | OMAudit | user=jenkins1000 | ip=127.0.0.1 | op=ALLOCATE_BLOCK {volume=vol-0-94146, bucket=bucket-0-90789, key=key-0-25609, dataSize=0, replicationType=null, replicationFactor=null, keyLocationInfo=null, clientID=102650152704082322} | ret=SUCCESS |  
2019-08-20 16:04:04,631 | INFO  | DNAudit | user=null | ip=null | op=WRITE_CHUNK {blockData=conID: 2 locID: 102650153836216881 bcsId: 0} | ret=SUCCESS |  
2019-08-20 16:04:04,634 | INFO  | DNAudit | user=null | ip=null | op=WRITE_CHUNK {blockData=conID: 2 locID: 102650153836216881 bcsId: 0} | ret=SUCCESS |  
2019-08-20 16:04:04,634 | INFO  | DNAudit | user=null | ip=null | op=WRITE_CHUNK {blockData=conID: 2 locID: 102650153836216881 bcsId: 0} | ret=SUCCESS |  
2019-08-20 16:04:04,635 | INFO  | DNAudit | user=null | ip=null | op=WRITE_CHUNK {blockData=conID: 2 locID: 102650153836216881 bcsId: 0} | ret=SUCCESS |  
2019-08-20 16:04:04,635 | INFO  | DNAudit | user=null | ip=null | op=WRITE_CHUNK {blockData=conID: 2 locID: 102650153836216881 bcsId: 0} | ret=SUCCESS |  
2019-08-20 16:04:04,636 | INFO  | DNAudit | user=null | ip=null | op=WRITE_CHUNK {blockData=conID: 2 locID: 102650153836216881 bcsId: 0} | ret=SUCCESS |  
2019-08-20 16:04:04,650 | INFO  | DNAudit | user=null | ip=null | op=WRITE_CHUNK {blockData=conID: 2 locID: 102650153836216881 bcsId: 0} | ret=SUCCESS |  
2019-08-20 16:04:04,651 | INFO  | DNAudit | user=null | ip=null | op=PUT_BLOCK {blockData=[blockId=conID: 2 locID: 102650153836216881 bcsId: 0,size=1048576]} | ret=SUCCESS |  
2019-08-20 16:04:04,651 | INFO  | DNAudit | user=null | ip=null | op=WRITE_CHUNK {blockData=conID: 2 locID: 102650153836216881 bcsId: 0} | ret=SUCCESS |  
2019-08-20 16:04:04,651 [grpc-default-executor-0] INFO  client.GrpcClientProtocolClient (GrpcClientProtocolClient.java:onNext(255)) - client-EAA342753240->9a4a4c23-9ff3-4ce3-a619-2c71c0869997: receive RaftClientReply:client-EAA342753240->9a4a4c23-9ff3-4ce3-a619-2c71c0869997@group-EC4211DF0353, cid=2173, SUCCESS, logIndex=3193, commits[9a4a4c23-9ff3-4ce3-a619-2c71c0869997:c3195, 9b0072ab-15b3-4973-9bcb-7fa02f6bfea9:c3192, 9f215ef2-7d46-4cda-b695-cae1b893f75f:c3192]
2019-08-20 16:04:04,651 | INFO  | DNAudit | user=null | ip=null | op=PUT_BLOCK {blockData=[blockId=conID: 2 locID: 102650153836216881 bcsId: 0,size=2097152]} | ret=SUCCESS |  
2019-08-20 16:04:04,651 [grpc-default-executor-0] INFO  client.GrpcClientProtocolClient (GrpcClientProtocolClient.java:onNext(255)) - client-EAA342753240->9a4a4c23-9ff3-4ce3-a619-2c71c0869997: receive RaftClientReply:client-EAA342753240->9a4a4c23-9ff3-4ce3-a619-2c71c0869997@group-EC4211DF0353, cid=2174, SUCCESS, logIndex=3194, commits[9a4a4c23-9ff3-4ce3-a619-2c71c0869997:c3196, 9b0072ab-15b3-4973-9bcb-7fa02f6bfea9:c3192, 9f215ef2-7d46-4cda-b695-cae1b893f75f:c3192]
2019-08-20 16:04:04,652 [grpc-default-executor-0] INFO  client.GrpcClientProtocolClient (GrpcClientProtocolClient.java:onNext(255)) - client-EAA342753240->9a4a4c23-9ff3-4ce3-a619-2c71c0869997: receive RaftClientReply:client-EAA342753240->9a4a4c23-9ff3-4ce3-a619-2c71c0869997@group-EC4211DF0353, cid=2175, SUCCESS, logIndex=3195, commits[9a4a4c23-9ff3-4ce3-a619-2c71c0869997:c3196, 9b0072ab-15b3-4973-9bcb-7fa02f6bfea9:c3192, 9f215ef2-7d46-4cda-b695-cae1b893f75f:c3192]
2019-08-20 16:04:04,652 [grpc-default-executor-0] INFO  client.GrpcClientProtocolClient (GrpcClientProtocolClient.java:onNext(255)) - client-EAA342753240->9a4a4c23-9ff3-4ce3-a619-2c71c0869997: receive RaftClientReply:client-EAA342753240->9a4a4c23-9ff3-4ce3-a619-2c71c0869997@group-EC4211DF0353, cid=2176, SUCCESS, logIndex=3196, commits[9a4a4c23-9ff3-4ce3-a619-2c71c0869997:c3196, 9b0072ab-15b3-4973-9bcb-7fa02f6bfea9:c3192, 9f215ef2-7d46-4cda-b695-cae1b893f75f:c3192]
2019-08-20 16:04:04,657 | INFO  | DNAudit | user=null | ip=null | op=WRITE_CHUNK {blockData=conID: 2 locID: 102650153836216881 bcsId: 0} | ret=SUCCESS |  
2019-08-20 16:04:04,657 | INFO  | DNAudit | user=null | ip=null | op=WRITE_CHUNK {blockData=conID: 2 locID: 102650153836216881 bcsId: 0} | ret=SUCCESS |  
2019-08-20 16:04:04,670 | INFO  | DNAudit | user=null | ip=null | op=PUT_BLOCK {blockData=[blockId=conID: 2 locID: 102650153836216881 bcsId: 0,size=1048576]} | ret=SUCCESS |  
2019-08-20 16:04:04,670 | INFO  | DNAudit | user=null | ip=null | op=PUT_BLOCK {blockData=[blockId=conID: 2 locID: 102650153836216881 bcsId: 0,size=1048576]} | ret=SUCCESS |  
2019-08-20 16:04:04,670 | INFO  | DNAudit | user=null | ip=null | op=WRITE_CHUNK {blockData=conID: 2 locID: 102650153836216881 bcsId: 0} | ret=SUCCESS |  
2019-08-20 16:04:04,670 | INFO  | DNAudit | user=null | ip=null | op=PUT_BLOCK {blockData=[blockId=conID: 2 locID: 102650153836216881 bcsId: 0,size=2097152]} | ret=SUCCESS |  
2019-08-20 16:04:04,670 | INFO  | DNAudit | user=null | ip=null | op=WRITE_CHUNK {blockData=conID: 2 locID: 102650153836216881 bcsId: 0} | ret=SUCCESS |  
2019-08-20 16:04:04,670 | INFO  | DNAudit | user=null | ip=null | op=PUT_BLOCK {blockData=[blockId=conID: 2 locID: 102650153836216881 bcsId: 0,size=2097152]} | ret=SUCCESS |  
2019-08-20 16:04:04,670 [grpc-default-executor-0] INFO  client.GrpcClientProtocolClient (GrpcClientProtocolClient.java:onNext(255)) - client-EAA342753240->9a4a4c23-9ff3-4ce3-a619-2c71c0869997: receive RaftClientReply:client-EAA342753240->9a4a4c23-9ff3-4ce3-a619-2c71c0869997@group-EC4211DF0353, cid=2177, SUCCESS, logIndex=0, commits[9a4a4c23-9ff3-4ce3-a619-2c71c0869997:c3199, 9b0072ab-15b3-4973-9bcb-7fa02f6bfea9:c3195, 9f215ef2-7d46-4cda-b695-cae1b893f75f:c3194]
2019-08-20 16:04:04,678 | INFO  | DNAudit | user=null | ip=null | op=WRITE_CHUNK {blockData=conID: 2 locID: 102650153836216881 bcsId: 3196} | ret=SUCCESS |  
2019-08-20 16:04:04,679 | INFO  | DNAudit | user=null | ip=null | op=WRITE_CHUNK {blockData=conID: 2 locID: 102650153836216881 bcsId: 3196} | ret=SUCCESS |  
2019-08-20 16:04:04,680 | INFO  | DNAudit | user=null | ip=null | op=WRITE_CHUNK {blockData=conID: 2 locID: 102650153836216881 bcsId: 3196} | ret=SUCCESS |  
2019-08-20 16:04:04,693 | INFO  | DNAudit | user=null | ip=null | op=WRITE_CHUNK {blockData=conID: 2 locID: 102650153836216881 bcsId: 3196} | ret=SUCCESS |  
2019-08-20 16:04:04,693 | INFO  | DNAudit | user=null | ip=null | op=PUT_BLOCK {blockData=[blockId=conID: 2 locID: 102650153836216881 bcsId: 0,size=3145728]} | ret=SUCCESS |  
2019-08-20 16:04:04,693 [grpc-default-executor-3] INFO  client.GrpcClientProtocolClient (GrpcClientProtocolClient.java:onNext(255)) - client-EAA342753240->9a4a4c23-9ff3-4ce3-a619-2c71c0869997: receive RaftClientReply:client-EAA342753240->9a4a4c23-9ff3-4ce3-a619-2c71c0869997@group-EC4211DF0353, cid=2178, SUCCESS, logIndex=3201, commits[9a4a4c23-9ff3-4ce3-a619-2c71c0869997:c3202, 9b0072ab-15b3-4973-9bcb-7fa02f6bfea9:c3200, 9f215ef2-7d46-4cda-b695-cae1b893f75f:c3200]
2019-08-20 16:04:04,694 [grpc-default-executor-3] INFO  client.GrpcClientProtocolClient (GrpcClientProtocolClient.java:onNext(255)) - client-EAA342753240->9a4a4c23-9ff3-4ce3-a619-2c71c0869997: receive RaftClientReply:client-EAA342753240->9a4a4c23-9ff3-4ce3-a619-2c71c0869997@group-EC4211DF0353, cid=2179, SUCCESS, logIndex=3202, commits[9a4a4c23-9ff3-4ce3-a619-2c71c0869997:c3202, 9b0072ab-15b3-4973-9bcb-7fa02f6bfea9:c3200, 9f215ef2-7d46-4cda-b695-cae1b893f75f:c3200]
2019-08-20 16:04:04,699 | INFO  | DNAudit | user=null | ip=null | op=WRITE_CHUNK {blockData=conID: 2 locID: 102650153836216881 bcsId: 3202} | ret=SUCCESS |  
2019-08-20 16:04:04,702 | INFO  | DNAudit | user=null | ip=null | op=WRITE_CHUNK {blockData=conID: 2 locID: 102650153836216881 bcsId: 3202} | ret=SUCCESS |  
2019-08-20 16:04:04,702 | INFO  | DNAudit | user=null | ip=null | op=WRITE_CHUNK {blockData=conID: 2 locID: 102650153836216881 bcsId: 3202} | ret=SUCCESS |  
2019-08-20 16:04:04,702 | INFO  | DNAudit | user=null | ip=null | op=WRITE_CHUNK {blockData=conID: 2 locID: 102650153836216881 bcsId: 3196} | ret=SUCCESS |  
2019-08-20 16:04:04,702 | INFO  | DNAudit | user=null | ip=null | op=WRITE_CHUNK {blockData=conID: 2 locID: 102650153836216881 bcsId: 3196} | ret=SUCCESS |  
2019-08-20 16:04:04,703 | INFO  | DNAudit | user=null | ip=null | op=PUT_BLOCK {blockData=[blockId=conID: 2 locID: 102650153836216881 bcsId: 0,size=3145728]} | ret=SUCCESS |  
2019-08-20 16:04:04,703 | INFO  | DNAudit | user=null | ip=null | op=PUT_BLOCK {blockData=[blockId=conID: 2 locID: 102650153836216881 bcsId: 0,size=3145728]} | ret=SUCCESS |  
2019-08-20 16:04:04,716 | INFO  | DNAudit | user=null | ip=null | op=WRITE_CHUNK {blockData=conID: 2 locID: 102650153836216881 bcsId: 3202} | ret=SUCCESS |  
2019-08-20 16:04:04,716 | INFO  | DNAudit | user=null | ip=null | op=PUT_BLOCK {blockData=[blockId=conID: 2 locID: 102650153836216881 bcsId: 0,size=4194304]} | ret=SUCCESS |  
2019-08-20 16:04:04,716 [grpc-default-executor-0] INFO  client.GrpcClientProtocolClient (GrpcClientProtocolClient.java:onNext(255)) - client-EAA342753240->9a4a4c23-9ff3-4ce3-a619-2c71c0869997: receive RaftClientReply:client-EAA342753240->9a4a4c23-9ff3-4ce3-a619-2c71c0869997@group-EC4211DF0353, cid=2180, SUCCESS, logIndex=3205, commits[9a4a4c23-9ff3-4ce3-a619-2c71c0869997:c3206, 9b0072ab-15b3-4973-9bcb-7fa02f6bfea9:c3202, 9f215ef2-7d46-4cda-b695-cae1b893f75f:c3202]
2019-08-20 16:04:04,717 [grpc-default-executor-0] INFO  client.GrpcClientProtocolClient (GrpcClientProtocolClient.java:onNext(255)) - client-EAA342753240->9a4a4c23-9ff3-4ce3-a619-2c71c0869997: receive RaftClientReply:client-EAA342753240->9a4a4c23-9ff3-4ce3-a619-2c71c0869997@group-EC4211DF0353, cid=2181, SUCCESS, logIndex=3206, commits[9a4a4c23-9ff3-4ce3-a619-2c71c0869997:c3206, 9b0072ab-15b3-4973-9bcb-7fa02f6bfea9:c3202, 9f215ef2-7d46-4cda-b695-cae1b893f75f:c3202]
2019-08-20 16:04:04,734 | INFO  | DNAudit | user=null | ip=null | op=WRITE_CHUNK {blockData=conID: 2 locID: 102650153836216881 bcsId: 3202} | ret=SUCCESS |  
2019-08-20 16:04:04,734 | INFO  | DNAudit | user=null | ip=null | op=WRITE_CHUNK {blockData=conID: 2 locID: 102650153836216881 bcsId: 3202} | ret=SUCCESS |  
2019-08-20 16:04:04,747 | INFO  | DNAudit | user=null | ip=null | op=PUT_BLOCK {blockData=[blockId=conID: 2 locID: 102650153836216881 bcsId: 0,size=4194304]} | ret=SUCCESS |  
2019-08-20 16:04:04,747 | INFO  | DNAudit | user=null | ip=null | op=PUT_BLOCK {blockData=[blockId=conID: 2 locID: 102650153836216881 bcsId: 0,size=4194304]} | ret=SUCCESS |  
2019-08-20 16:04:04,747 [grpc-default-executor-5] INFO  client.GrpcClientProtocolClient (GrpcClientProtocolClient.java:onNext(255)) - client-EAA342753240->9a4a4c23-9ff3-4ce3-a619-2c71c0869997: receive RaftClientReply:client-EAA342753240->9a4a4c23-9ff3-4ce3-a619-2c71c0869997@group-EC4211DF0353, cid=2182, SUCCESS, logIndex=0, commits[9a4a4c23-9ff3-4ce3-a619-2c71c0869997:c3208, 9b0072ab-15b3-4973-9bcb-7fa02f6bfea9:c3206, 9f215ef2-7d46-4cda-b695-cae1b893f75f:c3206]
2019-08-20 16:04:04,753 | INFO  | SCMAudit | user=jenkins1000 | ip=192.168.69.96 | op=ALLOCATE_BLOCK {owner=ea4851f9-218c-4af7-91b4-edb777a4888c, size=4194304, type=RATIS, factor=THREE} | ret=SUCCESS |  
2019-08-20 16:04:04,756 | INFO  | OMAudit | user=jenkins1000 | ip=127.0.0.1 | op=ALLOCATE_BLOCK {volume=vol-0-94146, bucket=bucket-0-90789, key=key-0-25609, dataSize=0, replicationType=null, replicationFactor=null, keyLocationInfo=null, clientID=102650152704082322} | ret=SUCCESS |  
2019-08-20 16:04:04,762 | INFO  | DNAudit | user=null | ip=null | op=WRITE_CHUNK {blockData=conID: 3 locID: 102650153844933170 bcsId: 0} | ret=SUCCESS |  
2019-08-20 16:04:04,765 | INFO  | DNAudit | user=null | ip=null | op=WRITE_CHUNK {blockData=conID: 3 locID: 102650153844933170 bcsId: 0} | ret=SUCCESS |  
2019-08-20 16:04:04,766 | INFO  | DNAudit | user=null | ip=null | op=WRITE_CHUNK {blockData=conID: 3 locID: 102650153844933170 bcsId: 0} | ret=SUCCESS |  
2019-08-20 16:04:04,767 | INFO  | DNAudit | user=null | ip=null | op=WRITE_CHUNK {blockData=conID: 3 locID: 102650153844933170 bcsId: 0} | ret=SUCCESS |  
2019-08-20 16:04:04,768 | INFO  | DNAudit | user=null | ip=null | op=WRITE_CHUNK {blockData=conID: 3 locID: 102650153844933170 bcsId: 0} | ret=SUCCESS |  
2019-08-20 16:04:04,768 | INFO  | DNAudit | user=null | ip=null | op=WRITE_CHUNK {blockData=conID: 3 locID: 102650153844933170 bcsId: 0} | ret=SUCCESS |  
2019-08-20 16:04:04,772 | INFO  | DNAudit | user=null | ip=null | op=WRITE_CHUNK {blockData=conID: 3 locID: 102650153844933170 bcsId: 0} | ret=SUCCESS |  
2019-08-20 16:04:04,774 | INFO  | DNAudit | user=null | ip=null | op=PUT_BLOCK {blockData=[blockId=conID: 3 locID: 102650153844933170 bcsId: 0,size=1048576]} | ret=SUCCESS |  
2019-08-20 16:04:04,774 [grpc-default-executor-0] INFO  client.GrpcClientProtocolClient (GrpcClientProtocolClient.java:onNext(255)) - client-EAA342753240->9a4a4c23-9ff3-4ce3-a619-2c71c0869997: receive RaftClientReply:client-EAA342753240->9a4a4c23-9ff3-4ce3-a619-2c71c0869997@group-EC4211DF0353, cid=2183, SUCCESS, logIndex=3209, commits[9a4a4c23-9ff3-4ce3-a619-2c71c0869997:c3212, 9b0072ab-15b3-4973-9bcb-7fa02f6bfea9:c3208, 9f215ef2-7d46-4cda-b695-cae1b893f75f:c3208]
2019-08-20 16:04:04,775 | INFO  | DNAudit | user=null | ip=null | op=WRITE_CHUNK {blockData=conID: 3 locID: 102650153844933170 bcsId: 0} | ret=SUCCESS |  
2019-08-20 16:04:04,775 [grpc-default-executor-0] INFO  client.GrpcClientProtocolClient (GrpcClientProtocolClient.java:onNext(255)) - client-EAA342753240->9a4a4c23-9ff3-4ce3-a619-2c71c0869997: receive RaftClientReply:client-EAA342753240->9a4a4c23-9ff3-4ce3-a619-2c71c0869997@group-EC4211DF0353, cid=2184, SUCCESS, logIndex=3210, commits[9a4a4c23-9ff3-4ce3-a619-2c71c0869997:c3212, 9b0072ab-15b3-4973-9bcb-7fa02f6bfea9:c3208, 9f215ef2-7d46-4cda-b695-cae1b893f75f:c3208]
2019-08-20 16:04:04,775 | INFO  | DNAudit | user=null | ip=null | op=WRITE_CHUNK {blockData=conID: 3 locID: 102650153844933170 bcsId: 0} | ret=SUCCESS |  
2019-08-20 16:04:04,775 | INFO  | DNAudit | user=null | ip=null | op=WRITE_CHUNK {blockData=conID: 3 locID: 102650153844933170 bcsId: 0} | ret=SUCCESS |  
2019-08-20 16:04:04,775 | INFO  | DNAudit | user=null | ip=null | op=PUT_BLOCK {blockData=[blockId=conID: 3 locID: 102650153844933170 bcsId: 0,size=2097152]} | ret=SUCCESS |  
2019-08-20 16:04:04,775 | INFO  | DNAudit | user=null | ip=null | op=PUT_BLOCK {blockData=[blockId=conID: 3 locID: 102650153844933170 bcsId: 0,size=1048576]} | ret=SUCCESS |  
2019-08-20 16:04:04,775 [grpc-default-executor-0] INFO  client.GrpcClientProtocolClient (GrpcClientProtocolClient.java:onNext(255)) - client-EAA342753240->9a4a4c23-9ff3-4ce3-a619-2c71c0869997: receive RaftClientReply:client-EAA342753240->9a4a4c23-9ff3-4ce3-a619-2c71c0869997@group-EC4211DF0353, cid=2185, SUCCESS, logIndex=3211, commits[9a4a4c23-9ff3-4ce3-a619-2c71c0869997:c3212, 9b0072ab-15b3-4973-9bcb-7fa02f6bfea9:c3208, 9f215ef2-7d46-4cda-b695-cae1b893f75f:c3208]
2019-08-20 16:04:04,775 | INFO  | DNAudit | user=null | ip=null | op=PUT_BLOCK {blockData=[blockId=conID: 3 locID: 102650153844933170 bcsId: 0,size=1048576]} | ret=SUCCESS |  
2019-08-20 16:04:04,776 [grpc-default-executor-0] INFO  client.GrpcClientProtocolClient (GrpcClientProtocolClient.java:onNext(255)) - client-EAA342753240->9a4a4c23-9ff3-4ce3-a619-2c71c0869997: receive RaftClientReply:client-EAA342753240->9a4a4c23-9ff3-4ce3-a619-2c71c0869997@group-EC4211DF0353, cid=2186, SUCCESS, logIndex=3212, commits[9a4a4c23-9ff3-4ce3-a619-2c71c0869997:c3213, 9b0072ab-15b3-4973-9bcb-7fa02f6bfea9:c3210, 9f215ef2-7d46-4cda-b695-cae1b893f75f:c3210]
2019-08-20 16:04:04,790 | INFO  | DNAudit | user=null | ip=null | op=WRITE_CHUNK {blockData=conID: 3 locID: 102650153844933170 bcsId: 0} | ret=SUCCESS |  
2019-08-20 16:04:04,790 | INFO  | DNAudit | user=null | ip=null | op=WRITE_CHUNK {blockData=conID: 3 locID: 102650153844933170 bcsId: 0} | ret=SUCCESS |  
2019-08-20 16:04:04,790 | INFO  | DNAudit | user=null | ip=null | op=PUT_BLOCK {blockData=[blockId=conID: 3 locID: 102650153844933170 bcsId: 0,size=2097152]} | ret=SUCCESS |  
2019-08-20 16:04:04,790 | INFO  | DNAudit | user=null | ip=null | op=PUT_BLOCK {blockData=[blockId=conID: 3 locID: 102650153844933170 bcsId: 0,size=2097152]} | ret=SUCCESS |  
2019-08-20 16:04:04,791 | INFO  | DNAudit | user=null | ip=null | op=WRITE_CHUNK {blockData=conID: 3 locID: 102650153844933170 bcsId: 3212} | ret=SUCCESS |  
2019-08-20 16:04:04,791 | INFO  | DNAudit | user=null | ip=null | op=WRITE_CHUNK {blockData=conID: 3 locID: 102650153844933170 bcsId: 3212} | ret=SUCCESS |  
2019-08-20 16:04:04,791 | INFO  | DNAudit | user=null | ip=null | op=WRITE_CHUNK {blockData=conID: 3 locID: 102650153844933170 bcsId: 3212} | ret=SUCCESS |  
2019-08-20 16:04:04,799 | INFO  | DNAudit | user=null | ip=null | op=WRITE_CHUNK {blockData=conID: 3 locID: 102650153844933170 bcsId: 3212} | ret=SUCCESS |  
2019-08-20 16:04:04,800 | INFO  | DNAudit | user=null | ip=null | op=PUT_BLOCK {blockData=[blockId=conID: 3 locID: 102650153844933170 bcsId: 0,size=3145728]} | ret=SUCCESS |  
2019-08-20 16:04:04,800 [grpc-default-executor-0] INFO  client.GrpcClientProtocolClient (GrpcClientProtocolClient.java:onNext(255)) - client-EAA342753240->9a4a4c23-9ff3-4ce3-a619-2c71c0869997: receive RaftClientReply:client-EAA342753240->9a4a4c23-9ff3-4ce3-a619-2c71c0869997@group-EC4211DF0353, cid=2187, SUCCESS, logIndex=3217, commits[9a4a4c23-9ff3-4ce3-a619-2c71c0869997:c3218, 9b0072ab-15b3-4973-9bcb-7fa02f6bfea9:c3213, 9f215ef2-7d46-4cda-b695-cae1b893f75f:c3213]
2019-08-20 16:04:04,800 [grpc-default-executor-0] INFO  client.GrpcClientProtocolClient (GrpcClientProtocolClient.java:onNext(255)) - client-EAA342753240->9a4a4c23-9ff3-4ce3-a619-2c71c0869997: receive RaftClientReply:client-EAA342753240->9a4a4c23-9ff3-4ce3-a619-2c71c0869997@group-EC4211DF0353, cid=2188, SUCCESS, logIndex=3218, commits[9a4a4c23-9ff3-4ce3-a619-2c71c0869997:c3218, 9b0072ab-15b3-4973-9bcb-7fa02f6bfea9:c3213, 9f215ef2-7d46-4cda-b695-cae1b893f75f:c3213]
2019-08-20 16:04:04,806 | INFO  | DNAudit | user=null | ip=null | op=WRITE_CHUNK {blockData=conID: 3 locID: 102650153844933170 bcsId: 3218} | ret=SUCCESS |  
2019-08-20 16:04:04,808 | INFO  | DNAudit | user=null | ip=null | op=WRITE_CHUNK {blockData=conID: 3 locID: 102650153844933170 bcsId: 3218} | ret=SUCCESS |  
2019-08-20 16:04:04,808 | INFO  | DNAudit | user=null | ip=null | op=WRITE_CHUNK {blockData=conID: 3 locID: 102650153844933170 bcsId: 3218} | ret=SUCCESS |  
2019-08-20 16:04:04,813 | INFO  | DNAudit | user=null | ip=null | op=WRITE_CHUNK {blockData=conID: 3 locID: 102650153844933170 bcsId: 3212} | ret=SUCCESS |  
2019-08-20 16:04:04,814 | INFO  | DNAudit | user=null | ip=null | op=PUT_BLOCK {blockData=[blockId=conID: 3 locID: 102650153844933170 bcsId: 0,size=3145728]} | ret=SUCCESS |  
2019-08-20 16:04:04,814 | INFO  | DNAudit | user=null | ip=null | op=WRITE_CHUNK {blockData=conID: 3 locID: 102650153844933170 bcsId: 3212} | ret=SUCCESS |  
2019-08-20 16:04:04,814 | INFO  | DNAudit | user=null | ip=null | op=PUT_BLOCK {blockData=[blockId=conID: 3 locID: 102650153844933170 bcsId: 0,size=3145728]} | ret=SUCCESS |  
2019-08-20 16:04:04,817 | INFO  | DNAudit | user=null | ip=null | op=WRITE_CHUNK {blockData=conID: 3 locID: 102650153844933170 bcsId: 3218} | ret=SUCCESS |  
2019-08-20 16:04:04,817 | INFO  | DNAudit | user=null | ip=null | op=PUT_BLOCK {blockData=[blockId=conID: 3 locID: 102650153844933170 bcsId: 0,size=4194304]} | ret=SUCCESS |  
2019-08-20 16:04:04,817 [grpc-default-executor-0] INFO  client.GrpcClientProtocolClient (GrpcClientProtocolClient.java:onNext(255)) - client-EAA342753240->9a4a4c23-9ff3-4ce3-a619-2c71c0869997: receive RaftClientReply:client-EAA342753240->9a4a4c23-9ff3-4ce3-a619-2c71c0869997@group-EC4211DF0353, cid=2189, SUCCESS, logIndex=3221, commits[9a4a4c23-9ff3-4ce3-a619-2c71c0869997:c3222, 9b0072ab-15b3-4973-9bcb-7fa02f6bfea9:c3218, 9f215ef2-7d46-4cda-b695-cae1b893f75f:c3218]
2019-08-20 16:04:04,817 [grpc-default-executor-0] INFO  client.GrpcClientProtocolClient (GrpcClientProtocolClient.java:onNext(255)) - client-EAA342753240->9a4a4c23-9ff3-4ce3-a619-2c71c0869997: receive RaftClientReply:client-EAA342753240->9a4a4c23-9ff3-4ce3-a619-2c71c0869997@group-EC4211DF0353, cid=2190, SUCCESS, logIndex=3222, commits[9a4a4c23-9ff3-4ce3-a619-2c71c0869997:c3222, 9b0072ab-15b3-4973-9bcb-7fa02f6bfea9:c3218, 9f215ef2-7d46-4cda-b695-cae1b893f75f:c3218]
2019-08-20 16:04:04,824 | INFO  | DNAudit | user=null | ip=null | op=WRITE_CHUNK {blockData=conID: 3 locID: 102650153844933170 bcsId: 3218} | ret=SUCCESS |  
2019-08-20 16:04:04,824 | INFO  | DNAudit | user=null | ip=null | op=WRITE_CHUNK {blockData=conID: 3 locID: 102650153844933170 bcsId: 3218} | ret=SUCCESS |  
2019-08-20 16:04:04,837 | INFO  | DNAudit | user=null | ip=null | op=PUT_BLOCK {blockData=[blockId=conID: 3 locID: 102650153844933170 bcsId: 0,size=4194304]} | ret=SUCCESS |  
2019-08-20 16:04:04,837 | INFO  | DNAudit | user=null | ip=null | op=PUT_BLOCK {blockData=[blockId=conID: 3 locID: 102650153844933170 bcsId: 0,size=4194304]} | ret=SUCCESS |  
2019-08-20 16:04:04,837 [grpc-default-executor-0] INFO  client.GrpcClientProtocolClient (GrpcClientProtocolClient.java:onNext(255)) - client-EAA342753240->9a4a4c23-9ff3-4ce3-a619-2c71c0869997: receive RaftClientReply:client-EAA342753240->9a4a4c23-9ff3-4ce3-a619-2c71c0869997@group-EC4211DF0353, cid=2191, SUCCESS, logIndex=0, commits[9a4a4c23-9ff3-4ce3-a619-2c71c0869997:c3224, 9b0072ab-15b3-4973-9bcb-7fa02f6bfea9:c3222, 9f215ef2-7d46-4cda-b695-cae1b893f75f:c3222]
2019-08-20 16:04:04,844 | INFO  | SCMAudit | user=jenkins1000 | ip=192.168.69.96 | op=ALLOCATE_BLOCK {owner=ea4851f9-218c-4af7-91b4-edb777a4888c, size=4194304, type=RATIS, factor=THREE} | ret=SUCCESS |  
2019-08-20 16:04:04,847 | INFO  | OMAudit | user=jenkins1000 | ip=127.0.0.1 | op=ALLOCATE_BLOCK {volume=vol-0-94146, bucket=bucket-0-90789, key=key-0-25609, dataSize=0, replicationType=null, replicationFactor=null, keyLocationInfo=null, clientID=102650152704082322} | ret=SUCCESS |  
2019-08-20 16:04:04,853 | INFO  | DNAudit | user=null | ip=null | op=WRITE_CHUNK {blockData=conID: 1 locID: 102650153850896947 bcsId: 0} | ret=SUCCESS |  
2019-08-20 16:04:04,856 | INFO  | DNAudit | user=null | ip=null | op=WRITE_CHUNK {blockData=conID: 1 locID: 102650153850896947 bcsId: 0} | ret=SUCCESS |  
2019-08-20 16:04:04,856 | INFO  | DNAudit | user=null | ip=null | op=WRITE_CHUNK {blockData=conID: 1 locID: 102650153850896947 bcsId: 0} | ret=SUCCESS |  
2019-08-20 16:04:04,857 | INFO  | DNAudit | user=null | ip=null | op=WRITE_CHUNK {blockData=conID: 1 locID: 102650153850896947 bcsId: 0} | ret=SUCCESS |  
2019-08-20 16:04:04,857 | INFO  | DNAudit | user=null | ip=null | op=WRITE_CHUNK {blockData=conID: 1 locID: 102650153850896947 bcsId: 0} | ret=SUCCESS |  
2019-08-20 16:04:04,858 | INFO  | DNAudit | user=null | ip=null | op=WRITE_CHUNK {blockData=conID: 1 locID: 102650153850896947 bcsId: 0} | ret=SUCCESS |  
2019-08-20 16:04:04,862 | INFO  | DNAudit | user=null | ip=null | op=WRITE_CHUNK {blockData=conID: 1 locID: 102650153850896947 bcsId: 0} | ret=SUCCESS |  
2019-08-20 16:04:04,862 | INFO  | DNAudit | user=null | ip=null | op=PUT_BLOCK {blockData=[blockId=conID: 1 locID: 102650153850896947 bcsId: 0,size=1048576]} | ret=SUCCESS |  
2019-08-20 16:04:04,862 [grpc-default-executor-3] INFO  client.GrpcClientProtocolClient (GrpcClientProtocolClient.java:onNext(255)) - client-EAA342753240->9a4a4c23-9ff3-4ce3-a619-2c71c0869997: receive RaftClientReply:client-EAA342753240->9a4a4c23-9ff3-4ce3-a619-2c71c0869997@group-EC4211DF0353, cid=2192, SUCCESS, logIndex=3225, commits[9a4a4c23-9ff3-4ce3-a619-2c71c0869997:c3226, 9b0072ab-15b3-4973-9bcb-7fa02f6bfea9:c3224, 9f215ef2-7d46-4cda-b695-cae1b893f75f:c3224]
2019-08-20 16:04:04,862 | INFO  | DNAudit | user=null | ip=null | op=WRITE_CHUNK {blockData=conID: 1 locID: 102650153850896947 bcsId: 0} | ret=SUCCESS |  
2019-08-20 16:04:04,863 | INFO  | DNAudit | user=null | ip=null | op=PUT_BLOCK {blockData=[blockId=conID: 1 locID: 102650153850896947 bcsId: 0,size=2097152]} | ret=SUCCESS |  
2019-08-20 16:04:04,863 [grpc-default-executor-3] INFO  client.GrpcClientProtocolClient (GrpcClientProtocolClient.java:onNext(255)) - client-EAA342753240->9a4a4c23-9ff3-4ce3-a619-2c71c0869997: receive RaftClientReply:client-EAA342753240->9a4a4c23-9ff3-4ce3-a619-2c71c0869997@group-EC4211DF0353, cid=2193, SUCCESS, logIndex=3226, commits[9a4a4c23-9ff3-4ce3-a619-2c71c0869997:c3228, 9b0072ab-15b3-4973-9bcb-7fa02f6bfea9:c3224, 9f215ef2-7d46-4cda-b695-cae1b893f75f:c3224]
2019-08-20 16:04:04,863 [grpc-default-executor-3] INFO  client.GrpcClientProtocolClient (GrpcClientProtocolClient.java:onNext(255)) - client-EAA342753240->9a4a4c23-9ff3-4ce3-a619-2c71c0869997: receive RaftClientReply:client-EAA342753240->9a4a4c23-9ff3-4ce3-a619-2c71c0869997@group-EC4211DF0353, cid=2194, SUCCESS, logIndex=3227, commits[9a4a4c23-9ff3-4ce3-a619-2c71c0869997:c3228, 9b0072ab-15b3-4973-9bcb-7fa02f6bfea9:c3224, 9f215ef2-7d46-4cda-b695-cae1b893f75f:c3224]
2019-08-20 16:04:04,863 [grpc-default-executor-3] INFO  client.GrpcClientProtocolClient (GrpcClientProtocolClient.java:onNext(255)) - client-EAA342753240->9a4a4c23-9ff3-4ce3-a619-2c71c0869997: receive RaftClientReply:client-EAA342753240->9a4a4c23-9ff3-4ce3-a619-2c71c0869997@group-EC4211DF0353, cid=2195, SUCCESS, logIndex=3228, commits[9a4a4c23-9ff3-4ce3-a619-2c71c0869997:c3228, 9b0072ab-15b3-4973-9bcb-7fa02f6bfea9:c3224, 9f215ef2-7d46-4cda-b695-cae1b893f75f:c3224]
2019-08-20 16:04:04,875 | INFO  | DNAudit | user=null | ip=null | op=WRITE_CHUNK {blockData=conID: 1 locID: 102650153850896947 bcsId: 0} | ret=SUCCESS |  
2019-08-20 16:04:04,875 | INFO  | DNAudit | user=null | ip=null | op=PUT_BLOCK {blockData=[blockId=conID: 1 locID: 102650153850896947 bcsId: 0,size=1048576]} | ret=SUCCESS |  
2019-08-20 16:04:04,886 | INFO  | DNAudit | user=null | ip=null | op=WRITE_CHUNK {blockData=conID: 1 locID: 102650153850896947 bcsId: 0} | ret=SUCCESS |  
2019-08-20 16:04:04,886 | INFO  | DNAudit | user=null | ip=null | op=PUT_BLOCK {blockData=[blockId=conID: 1 locID: 102650153850896947 bcsId: 0,size=1048576]} | ret=SUCCESS |  
2019-08-20 16:04:04,886 | INFO  | DNAudit | user=null | ip=null | op=WRITE_CHUNK {blockData=conID: 1 locID: 102650153850896947 bcsId: 0} | ret=SUCCESS |  
2019-08-20 16:04:04,886 [grpc-default-executor-3] INFO  client.GrpcClientProtocolClient (GrpcClientProtocolClient.java:onNext(255)) - client-EAA342753240->9a4a4c23-9ff3-4ce3-a619-2c71c0869997: receive RaftClientReply:client-EAA342753240->9a4a4c23-9ff3-4ce3-a619-2c71c0869997@group-EC4211DF0353, cid=2196, SUCCESS, logIndex=0, commits[9a4a4c23-9ff3-4ce3-a619-2c71c0869997:c3229, 9b0072ab-15b3-4973-9bcb-7fa02f6bfea9:c3226, 9f215ef2-7d46-4cda-b695-cae1b893f75f:c3226]
2019-08-20 16:04:04,886 | INFO  | DNAudit | user=null | ip=null | op=PUT_BLOCK {blockData=[blockId=conID: 1 locID: 102650153850896947 bcsId: 0,size=2097152]} | ret=SUCCESS |  
2019-08-20 16:04:04,888 | INFO  | DNAudit | user=null | ip=null | op=WRITE_CHUNK {blockData=conID: 1 locID: 102650153850896947 bcsId: 0} | ret=SUCCESS |  
2019-08-20 16:04:04,888 | INFO  | DNAudit | user=null | ip=null | op=PUT_BLOCK {blockData=[blockId=conID: 1 locID: 102650153850896947 bcsId: 0,size=2097152]} | ret=SUCCESS |  
2019-08-20 16:04:04,892 | INFO  | DNAudit | user=null | ip=null | op=WRITE_CHUNK {blockData=conID: 1 locID: 102650153850896947 bcsId: 3228} | ret=SUCCESS |  
2019-08-20 16:04:04,895 | INFO  | DNAudit | user=null | ip=null | op=WRITE_CHUNK {blockData=conID: 1 locID: 102650153850896947 bcsId: 3228} | ret=SUCCESS |  
2019-08-20 16:04:04,896 | INFO  | DNAudit | user=null | ip=null | op=WRITE_CHUNK {blockData=conID: 1 locID: 102650153850896947 bcsId: 3228} | ret=SUCCESS |  
2019-08-20 16:04:04,900 | INFO  | SCMAudit | user=jenkins1000 | ip=192.168.69.96 | op=SEND_HEARTBEAT {datanodeUUID=9b0072ab-15b3-4973-9bcb-7fa02f6bfea9, command=[]} | ret=SUCCESS |  
2019-08-20 16:04:04,901 | INFO  | SCMAudit | user=jenkins1000 | ip=192.168.69.96 | op=SEND_HEARTBEAT {datanodeUUID=9f215ef2-7d46-4cda-b695-cae1b893f75f, command=[]} | ret=SUCCESS |  
2019-08-20 16:04:04,901 | INFO  | SCMAudit | user=jenkins1000 | ip=192.168.69.96 | op=SEND_HEARTBEAT {datanodeUUID=f1afe498-2778-451e-a3e4-8199ec337a15, command=[]} | ret=SUCCESS |  
2019-08-20 16:04:04,901 | INFO  | SCMAudit | user=jenkins1000 | ip=192.168.69.96 | op=SEND_HEARTBEAT {datanodeUUID=9a4a4c23-9ff3-4ce3-a619-2c71c0869997, command=[]} | ret=SUCCESS |  
 0.00% |█                                                                                                    |  0/1 Time: 0:00:172019-08-20 16:04:04,902 | INFO  | SCMAudit | user=jenkins1000 | ip=192.168.69.96 | op=SEND_HEARTBEAT {datanodeUUID=69f203df-fb09-400b-ac11-cd7a56dd70a5, command=[]} | ret=SUCCESS |  
2019-08-20 16:04:04,916 | INFO  | DNAudit | user=null | ip=null | op=WRITE_CHUNK {blockData=conID: 1 locID: 102650153850896947 bcsId: 3228} | ret=SUCCESS |  
2019-08-20 16:04:04,916 | INFO  | DNAudit | user=null | ip=null | op=PUT_BLOCK {blockData=[blockId=conID: 1 locID: 102650153850896947 bcsId: 0,size=3145728]} | ret=SUCCESS |  
2019-08-20 16:04:04,916 [grpc-default-executor-0] INFO  client.GrpcClientProtocolClient (GrpcClientProtocolClient.java:onNext(255)) - client-EAA342753240->9a4a4c23-9ff3-4ce3-a619-2c71c0869997: receive RaftClientReply:client-EAA342753240->9a4a4c23-9ff3-4ce3-a619-2c71c0869997@group-EC4211DF0353, cid=2197, SUCCESS, logIndex=3232, commits[9a4a4c23-9ff3-4ce3-a619-2c71c0869997:c3233, 9b0072ab-15b3-4973-9bcb-7fa02f6bfea9:c3231, 9f215ef2-7d46-4cda-b695-cae1b893f75f:c3231]
2019-08-20 16:04:04,917 [grpc-default-executor-0] INFO  client.GrpcClientProtocolClient (GrpcClientProtocolClient.java:onNext(255)) - client-EAA342753240->9a4a4c23-9ff3-4ce3-a619-2c71c0869997: receive RaftClientReply:client-EAA342753240->9a4a4c23-9ff3-4ce3-a619-2c71c0869997@group-EC4211DF0353, cid=2198, SUCCESS, logIndex=3233, commits[9a4a4c23-9ff3-4ce3-a619-2c71c0869997:c3233, 9b0072ab-15b3-4973-9bcb-7fa02f6bfea9:c3231, 9f215ef2-7d46-4cda-b695-cae1b893f75f:c3231]
2019-08-20 16:04:04,922 | INFO  | DNAudit | user=null | ip=null | op=WRITE_CHUNK {blockData=conID: 1 locID: 102650153850896947 bcsId: 3233} | ret=SUCCESS |  
2019-08-20 16:04:04,924 | INFO  | DNAudit | user=null | ip=null | op=WRITE_CHUNK {blockData=conID: 1 locID: 102650153850896947 bcsId: 3233} | ret=SUCCESS |  
2019-08-20 16:04:04,925 | INFO  | DNAudit | user=null | ip=null | op=WRITE_CHUNK {blockData=conID: 1 locID: 102650153850896947 bcsId: 3233} | ret=SUCCESS |  
2019-08-20 16:04:04,935 | INFO  | DNAudit | user=null | ip=null | op=WRITE_CHUNK {blockData=conID: 1 locID: 102650153850896947 bcsId: 3228} | ret=SUCCESS |  
2019-08-20 16:04:04,935 | INFO  | DNAudit | user=null | ip=null | op=WRITE_CHUNK {blockData=conID: 1 locID: 102650153850896947 bcsId: 3228} | ret=SUCCESS |  
2019-08-20 16:04:04,948 | INFO  | DNAudit | user=null | ip=null | op=PUT_BLOCK {blockData=[blockId=conID: 1 locID: 102650153850896947 bcsId: 0,size=3145728]} | ret=SUCCESS |  
2019-08-20 16:04:04,948 | INFO  | DNAudit | user=null | ip=null | op=PUT_BLOCK {blockData=[blockId=conID: 1 locID: 102650153850896947 bcsId: 0,size=3145728]} | ret=SUCCESS |  
2019-08-20 16:04:04,949 | INFO  | DNAudit | user=null | ip=null | op=WRITE_CHUNK {blockData=conID: 1 locID: 102650153850896947 bcsId: 3233} | ret=SUCCESS |  
2019-08-20 16:04:04,949 | INFO  | DNAudit | user=null | ip=null | op=PUT_BLOCK {blockData=[blockId=conID: 1 locID: 102650153850896947 bcsId: 0,size=4194304]} | ret=SUCCESS |  
2019-08-20 16:04:04,949 [grpc-default-executor-0] INFO  client.GrpcClientProtocolClient (GrpcClientProtocolClient.java:onNext(255)) - client-EAA342753240->9a4a4c23-9ff3-4ce3-a619-2c71c0869997: receive RaftClientReply:client-EAA342753240->9a4a4c23-9ff3-4ce3-a619-2c71c0869997@group-EC4211DF0353, cid=2199, SUCCESS, logIndex=3236, commits[9a4a4c23-9ff3-4ce3-a619-2c71c0869997:c3237, 9b0072ab-15b3-4973-9bcb-7fa02f6bfea9:c3233, 9f215ef2-7d46-4cda-b695-cae1b893f75f:c3233]
2019-08-20 16:04:04,950 [grpc-default-executor-0] INFO  client.GrpcClientProtocolClient (GrpcClientProtocolClient.java:onNext(255)) - client-EAA342753240->9a4a4c23-9ff3-4ce3-a619-2c71c0869997: receive RaftClientReply:client-EAA342753240->9a4a4c23-9ff3-4ce3-a619-2c71c0869997@group-EC4211DF0353, cid=2200, SUCCESS, logIndex=3237, commits[9a4a4c23-9ff3-4ce3-a619-2c71c0869997:c3237, 9b0072ab-15b3-4973-9bcb-7fa02f6bfea9:c3233, 9f215ef2-7d46-4cda-b695-cae1b893f75f:c3233]
2019-08-20 16:04:04,960 | INFO  | DNAudit | user=null | ip=null | op=WRITE_CHUNK {blockData=conID: 1 locID: 102650153850896947 bcsId: 3233} | ret=SUCCESS |  
2019-08-20 16:04:04,961 | INFO  | DNAudit | user=null | ip=null | op=WRITE_CHUNK {blockData=conID: 1 locID: 102650153850896947 bcsId: 3233} | ret=SUCCESS |  
2019-08-20 16:04:04,973 | INFO  | DNAudit | user=null | ip=null | op=PUT_BLOCK {blockData=[blockId=conID: 1 locID: 102650153850896947 bcsId: 0,size=4194304]} | ret=SUCCESS |  
2019-08-20 16:04:04,973 | INFO  | DNAudit | user=null | ip=null | op=PUT_BLOCK {blockData=[blockId=conID: 1 locID: 102650153850896947 bcsId: 0,size=4194304]} | ret=SUCCESS |  
2019-08-20 16:04:04,974 [grpc-default-executor-0] INFO  client.GrpcClientProtocolClient (GrpcClientProtocolClient.java:onNext(255)) - client-EAA342753240->9a4a4c23-9ff3-4ce3-a619-2c71c0869997: receive RaftClientReply:client-EAA342753240->9a4a4c23-9ff3-4ce3-a619-2c71c0869997@group-EC4211DF0353, cid=2201, SUCCESS, logIndex=0, commits[9a4a4c23-9ff3-4ce3-a619-2c71c0869997:c3239, 9b0072ab-15b3-4973-9bcb-7fa02f6bfea9:c3237, 9f215ef2-7d46-4cda-b695-cae1b893f75f:c3237]
2019-08-20 16:04:04,980 | INFO  | SCMAudit | user=jenkins1000 | ip=192.168.69.96 | op=ALLOCATE_BLOCK {owner=ea4851f9-218c-4af7-91b4-edb777a4888c, size=4194304, type=RATIS, factor=THREE} | ret=SUCCESS |  
2019-08-20 16:04:04,983 | INFO  | OMAudit | user=jenkins1000 | ip=127.0.0.1 | op=ALLOCATE_BLOCK {volume=vol-0-94146, bucket=bucket-0-90789, key=key-0-25609, dataSize=0, replicationType=null, replicationFactor=null, keyLocationInfo=null, clientID=102650152704082322} | ret=SUCCESS |  
2019-08-20 16:04:04,990 | INFO  | DNAudit | user=null | ip=null | op=WRITE_CHUNK {blockData=conID: 2 locID: 102650153859809844 bcsId: 0} | ret=SUCCESS |  
2019-08-20 16:04:04,991 | INFO  | DNAudit | user=null | ip=null | op=WRITE_CHUNK {blockData=conID: 2 locID: 102650153859809844 bcsId: 0} | ret=SUCCESS |  
2019-08-20 16:04:04,993 | INFO  | DNAudit | user=null | ip=null | op=WRITE_CHUNK {blockData=conID: 2 locID: 102650153859809844 bcsId: 0} | ret=SUCCESS |  
2019-08-20 16:04:04,993 | INFO  | DNAudit | user=null | ip=null | op=WRITE_CHUNK {blockData=conID: 2 locID: 102650153859809844 bcsId: 0} | ret=SUCCESS |  
2019-08-20 16:04:04,994 | INFO  | DNAudit | user=null | ip=null | op=WRITE_CHUNK {blockData=conID: 2 locID: 102650153859809844 bcsId: 0} | ret=SUCCESS |  
2019-08-20 16:04:04,994 | INFO  | DNAudit | user=null | ip=null | op=WRITE_CHUNK {blockData=conID: 2 locID: 102650153859809844 bcsId: 0} | ret=SUCCESS |  
2019-08-20 16:04:05,017 | INFO  | DNAudit | user=null | ip=null | op=WRITE_CHUNK {blockData=conID: 2 locID: 102650153859809844 bcsId: 0} | ret=SUCCESS |  
2019-08-20 16:04:05,017 | INFO  | DNAudit | user=null | ip=null | op=PUT_BLOCK {blockData=[blockId=conID: 2 locID: 102650153859809844 bcsId: 0,size=1048576]} | ret=SUCCESS |  
2019-08-20 16:04:05,018 | INFO  | DNAudit | user=null | ip=null | op=WRITE_CHUNK {blockData=conID: 2 locID: 102650153859809844 bcsId: 0} | ret=SUCCESS |  
2019-08-20 16:04:05,018 [grpc-default-executor-3] INFO  client.GrpcClientProtocolClient (GrpcClientProtocolClient.java:onNext(255)) - client-EAA342753240->9a4a4c23-9ff3-4ce3-a619-2c71c0869997: receive RaftClientReply:client-EAA342753240->9a4a4c23-9ff3-4ce3-a619-2c71c0869997@group-EC4211DF0353, cid=2202, SUCCESS, logIndex=3240, commits[9a4a4c23-9ff3-4ce3-a619-2c71c0869997:c3241, 9b0072ab-15b3-4973-9bcb-7fa02f6bfea9:c3239, 9f215ef2-7d46-4cda-b695-cae1b893f75f:c3239]
2019-08-20 16:04:05,018 | INFO  | DNAudit | user=null | ip=null | op=PUT_BLOCK {blockData=[blockId=conID: 2 locID: 102650153859809844 bcsId: 0,size=2097152]} | ret=SUCCESS |  
2019-08-20 16:04:05,018 [grpc-default-executor-3] INFO  client.GrpcClientProtocolClient (GrpcClientProtocolClient.java:onNext(255)) - client-EAA342753240->9a4a4c23-9ff3-4ce3-a619-2c71c0869997: receive RaftClientReply:client-EAA342753240->9a4a4c23-9ff3-4ce3-a619-2c71c0869997@group-EC4211DF0353, cid=2203, SUCCESS, logIndex=3241, commits[9a4a4c23-9ff3-4ce3-a619-2c71c0869997:c3243, 9b0072ab-15b3-4973-9bcb-7fa02f6bfea9:c3239, 9f215ef2-7d46-4cda-b695-cae1b893f75f:c3239]
2019-08-20 16:04:05,018 [grpc-default-executor-3] INFO  client.GrpcClientProtocolClient (GrpcClientProtocolClient.java:onNext(255)) - client-EAA342753240->9a4a4c23-9ff3-4ce3-a619-2c71c0869997: receive RaftClientReply:client-EAA342753240->9a4a4c23-9ff3-4ce3-a619-2c71c0869997@group-EC4211DF0353, cid=2204, SUCCESS, logIndex=3242, commits[9a4a4c23-9ff3-4ce3-a619-2c71c0869997:c3243, 9b0072ab-15b3-4973-9bcb-7fa02f6bfea9:c3239, 9f215ef2-7d46-4cda-b695-cae1b893f75f:c3239]
2019-08-20 16:04:05,018 [grpc-default-executor-3] INFO  client.GrpcClientProtocolClient (GrpcClientProtocolClient.java:onNext(255)) - client-EAA342753240->9a4a4c23-9ff3-4ce3-a619-2c71c0869997: receive RaftClientReply:client-EAA342753240->9a4a4c23-9ff3-4ce3-a619-2c71c0869997@group-EC4211DF0353, cid=2205, SUCCESS, logIndex=3243, commits[9a4a4c23-9ff3-4ce3-a619-2c71c0869997:c3243, 9b0072ab-15b3-4973-9bcb-7fa02f6bfea9:c3239, 9f215ef2-7d46-4cda-b695-cae1b893f75f:c3239]
2019-08-20 16:04:05,032 | INFO  | DNAudit | user=null | ip=null | op=WRITE_CHUNK {blockData=conID: 2 locID: 102650153859809844 bcsId: 0} | ret=SUCCESS |  
2019-08-20 16:04:05,032 | INFO  | DNAudit | user=null | ip=null | op=WRITE_CHUNK {blockData=conID: 2 locID: 102650153859809844 bcsId: 0} | ret=SUCCESS |  
2019-08-20 16:04:05,032 | INFO  | DNAudit | user=null | ip=null | op=PUT_BLOCK {blockData=[blockId=conID: 2 locID: 102650153859809844 bcsId: 0,size=1048576]} | ret=SUCCESS |  
2019-08-20 16:04:05,032 | INFO  | DNAudit | user=null | ip=null | op=PUT_BLOCK {blockData=[blockId=conID: 2 locID: 102650153859809844 bcsId: 0,size=1048576]} | ret=SUCCESS |  
2019-08-20 16:04:05,032 [grpc-default-executor-3] INFO  client.GrpcClientProtocolClient (GrpcClientProtocolClient.java:onNext(255)) - client-EAA342753240->9a4a4c23-9ff3-4ce3-a619-2c71c0869997: receive RaftClientReply:client-EAA342753240->9a4a4c23-9ff3-4ce3-a619-2c71c0869997@group-EC4211DF0353, cid=2206, SUCCESS, logIndex=0, commits[9a4a4c23-9ff3-4ce3-a619-2c71c0869997:c3244, 9b0072ab-15b3-4973-9bcb-7fa02f6bfea9:c3241, 9f215ef2-7d46-4cda-b695-cae1b893f75f:c3241]
2019-08-20 16:04:05,032 | INFO  | DNAudit | user=null | ip=null | op=WRITE_CHUNK {blockData=conID: 2 locID: 102650153859809844 bcsId: 0} | ret=SUCCESS |  
2019-08-20 16:04:05,033 | INFO  | DNAudit | user=null | ip=null | op=PUT_BLOCK {blockData=[blockId=conID: 2 locID: 102650153859809844 bcsId: 0,size=2097152]} | ret=SUCCESS |  
2019-08-20 16:04:05,040 | INFO  | DNAudit | user=null | ip=null | op=WRITE_CHUNK {blockData=conID: 2 locID: 102650153859809844 bcsId: 3243} | ret=SUCCESS |  
2019-08-20 16:04:05,040 | INFO  | DNAudit | user=null | ip=null | op=WRITE_CHUNK {blockData=conID: 2 locID: 102650153859809844 bcsId: 3243} | ret=SUCCESS |  
2019-08-20 16:04:05,040 | INFO  | DNAudit | user=null | ip=null | op=WRITE_CHUNK {blockData=conID: 2 locID: 102650153859809844 bcsId: 3243} | ret=SUCCESS |  
2019-08-20 16:04:05,044 | INFO  | DNAudit | user=null | ip=null | op=WRITE_CHUNK {blockData=conID: 2 locID: 102650153859809844 bcsId: 0} | ret=SUCCESS |  
2019-08-20 16:04:05,045 | INFO  | DNAudit | user=null | ip=null | op=PUT_BLOCK {blockData=[blockId=conID: 2 locID: 102650153859809844 bcsId: 0,size=2097152]} | ret=SUCCESS |  
2019-08-20 16:04:05,055 | INFO  | DNAudit | user=null | ip=null | op=WRITE_CHUNK {blockData=conID: 2 locID: 102650153859809844 bcsId: 3243} | ret=SUCCESS |  
2019-08-20 16:04:05,055 | INFO  | DNAudit | user=null | ip=null | op=PUT_BLOCK {blockData=[blockId=conID: 2 locID: 102650153859809844 bcsId: 0,size=3145728]} | ret=SUCCESS |  
2019-08-20 16:04:05,056 [grpc-default-executor-5] INFO  client.GrpcClientProtocolClient (GrpcClientProtocolClient.java:onNext(255)) - client-EAA342753240->9a4a4c23-9ff3-4ce3-a619-2c71c0869997: receive RaftClientReply:client-EAA342753240->9a4a4c23-9ff3-4ce3-a619-2c71c0869997@group-EC4211DF0353, cid=2207, SUCCESS, logIndex=3248, commits[9a4a4c23-9ff3-4ce3-a619-2c71c0869997:c3249, 9b0072ab-15b3-4973-9bcb-7fa02f6bfea9:c3243, 9f215ef2-7d46-4cda-b695-cae1b893f75f:c3244]
2019-08-20 16:04:05,056 [grpc-default-executor-3] INFO  client.GrpcClientProtocolClient (GrpcClientProtocolClient.java:onNext(255)) - client-EAA342753240->9a4a4c23-9ff3-4ce3-a619-2c71c0869997: receive RaftClientReply:client-EAA342753240->9a4a4c23-9ff3-4ce3-a619-2c71c0869997@group-EC4211DF0353, cid=2208, SUCCESS, logIndex=3249, commits[9a4a4c23-9ff3-4ce3-a619-2c71c0869997:c3249, 9b0072ab-15b3-4973-9bcb-7fa02f6bfea9:c3243, 9f215ef2-7d46-4cda-b695-cae1b893f75f:c3244]
2019-08-20 16:04:05,059 | INFO  | DNAudit | user=null | ip=null | op=WRITE_CHUNK {blockData=conID: 2 locID: 102650153859809844 bcsId: 3243} | ret=SUCCESS |  
2019-08-20 16:04:05,059 | INFO  | DNAudit | user=null | ip=null | op=WRITE_CHUNK {blockData=conID: 2 locID: 102650153859809844 bcsId: 3243} | ret=SUCCESS |  
2019-08-20 16:04:05,059 | INFO  | DNAudit | user=null | ip=null | op=PUT_BLOCK {blockData=[blockId=conID: 2 locID: 102650153859809844 bcsId: 0,size=3145728]} | ret=SUCCESS |  
2019-08-20 16:04:05,059 | INFO  | DNAudit | user=null | ip=null | op=PUT_BLOCK {blockData=[blockId=conID: 2 locID: 102650153859809844 bcsId: 0,size=3145728]} | ret=SUCCESS |  
2019-08-20 16:04:05,063 | INFO  | DNAudit | user=null | ip=null | op=WRITE_CHUNK {blockData=conID: 2 locID: 102650153859809844 bcsId: 3249} | ret=SUCCESS |  
2019-08-20 16:04:05,064 | INFO  | DNAudit | user=null | ip=null | op=WRITE_CHUNK {blockData=conID: 2 locID: 102650153859809844 bcsId: 3249} | ret=SUCCESS |  
2019-08-20 16:04:05,066 | INFO  | DNAudit | user=null | ip=null | op=WRITE_CHUNK {blockData=conID: 2 locID: 102650153859809844 bcsId: 3249} | ret=SUCCESS |  
2019-08-20 16:04:05,088 | INFO  | DNAudit | user=null | ip=null | op=WRITE_CHUNK {blockData=conID: 2 locID: 102650153859809844 bcsId: 3249} | ret=SUCCESS |  
2019-08-20 16:04:05,088 | INFO  | DNAudit | user=null | ip=null | op=PUT_BLOCK {blockData=[blockId=conID: 2 locID: 102650153859809844 bcsId: 0,size=4194304]} | ret=SUCCESS |  
2019-08-20 16:04:05,088 [grpc-default-executor-0] INFO  client.GrpcClientProtocolClient (GrpcClientProtocolClient.java:onNext(255)) - client-EAA342753240->9a4a4c23-9ff3-4ce3-a619-2c71c0869997: receive RaftClientReply:client-EAA342753240->9a4a4c23-9ff3-4ce3-a619-2c71c0869997@group-EC4211DF0353, cid=2209, SUCCESS, logIndex=3251, commits[9a4a4c23-9ff3-4ce3-a619-2c71c0869997:c3252, 9b0072ab-15b3-4973-9bcb-7fa02f6bfea9:c3250, 9f215ef2-7d46-4cda-b695-cae1b893f75f:c3250]
2019-08-20 16:04:05,089 [grpc-default-executor-0] INFO  client.GrpcClientProtocolClient (GrpcClientProtocolClient.java:onNext(255)) - client-EAA342753240->9a4a4c23-9ff3-4ce3-a619-2c71c0869997: receive RaftClientReply:client-EAA342753240->9a4a4c23-9ff3-4ce3-a619-2c71c0869997@group-EC4211DF0353, cid=2210, SUCCESS, logIndex=3252, commits[9a4a4c23-9ff3-4ce3-a619-2c71c0869997:c3252, 9b0072ab-15b3-4973-9bcb-7fa02f6bfea9:c3250, 9f215ef2-7d46-4cda-b695-cae1b893f75f:c3250]
2019-08-20 16:04:05,106 | INFO  | DNAudit | user=null | ip=null | op=WRITE_CHUNK {blockData=conID: 2 locID: 102650153859809844 bcsId: 3249} | ret=SUCCESS |  
2019-08-20 16:04:05,106 | INFO  | DNAudit | user=null | ip=null | op=WRITE_CHUNK {blockData=conID: 2 locID: 102650153859809844 bcsId: 3249} | ret=SUCCESS |  
2019-08-20 16:04:05,106 | INFO  | DNAudit | user=null | ip=null | op=PUT_BLOCK {blockData=[blockId=conID: 2 locID: 102650153859809844 bcsId: 0,size=4194304]} | ret=SUCCESS |  
2019-08-20 16:04:05,119 | INFO  | DNAudit | user=null | ip=null | op=PUT_BLOCK {blockData=[blockId=conID: 2 locID: 102650153859809844 bcsId: 0,size=4194304]} | ret=SUCCESS |  
2019-08-20 16:04:05,119 [grpc-default-executor-3] INFO  client.GrpcClientProtocolClient (GrpcClientProtocolClient.java:onNext(255)) - client-EAA342753240->9a4a4c23-9ff3-4ce3-a619-2c71c0869997: receive RaftClientReply:client-EAA342753240->9a4a4c23-9ff3-4ce3-a619-2c71c0869997@group-EC4211DF0353, cid=2211, SUCCESS, logIndex=0, commits[9a4a4c23-9ff3-4ce3-a619-2c71c0869997:c3254, 9b0072ab-15b3-4973-9bcb-7fa02f6bfea9:c3252, 9f215ef2-7d46-4cda-b695-cae1b893f75f:c3252]
2019-08-20 16:04:05,124 | INFO  | SCMAudit | user=jenkins1000 | ip=192.168.69.96 | op=ALLOCATE_BLOCK {owner=ea4851f9-218c-4af7-91b4-edb777a4888c, size=4194304, type=RATIS, factor=THREE} | ret=SUCCESS |  
2019-08-20 16:04:05,126 | INFO  | OMAudit | user=jenkins1000 | ip=127.0.0.1 | op=ALLOCATE_BLOCK {volume=vol-0-94146, bucket=bucket-0-90789, key=key-0-25609, dataSize=0, replicationType=null, replicationFactor=null, keyLocationInfo=null, clientID=102650152704082322} | ret=SUCCESS |  
2019-08-20 16:04:05,133 | INFO  | DNAudit | user=null | ip=null | op=WRITE_CHUNK {blockData=conID: 3 locID: 102650153869247029 bcsId: 0} | ret=SUCCESS |  
2019-08-20 16:04:05,136 | INFO  | DNAudit | user=null | ip=null | op=WRITE_CHUNK {blockData=conID: 3 locID: 102650153869247029 bcsId: 0} | ret=SUCCESS |  
2019-08-20 16:04:05,136 | INFO  | DNAudit | user=null | ip=null | op=WRITE_CHUNK {blockData=conID: 3 locID: 102650153869247029 bcsId: 0} | ret=SUCCESS |  
2019-08-20 16:04:05,136 | INFO  | DNAudit | user=null | ip=null | op=WRITE_CHUNK {blockData=conID: 3 locID: 102650153869247029 bcsId: 0} | ret=SUCCESS |  
2019-08-20 16:04:05,137 | INFO  | DNAudit | user=null | ip=null | op=WRITE_CHUNK {blockData=conID: 3 locID: 102650153869247029 bcsId: 0} | ret=SUCCESS |  
2019-08-20 16:04:05,138 | INFO  | DNAudit | user=null | ip=null | op=WRITE_CHUNK {blockData=conID: 3 locID: 102650153869247029 bcsId: 0} | ret=SUCCESS |  
2019-08-20 16:04:05,155 | INFO  | DNAudit | user=null | ip=null | op=WRITE_CHUNK {blockData=conID: 3 locID: 102650153869247029 bcsId: 0} | ret=SUCCESS |  
2019-08-20 16:04:05,155 | INFO  | DNAudit | user=null | ip=null | op=PUT_BLOCK {blockData=[blockId=conID: 3 locID: 102650153869247029 bcsId: 0,size=1048576]} | ret=SUCCESS |  
2019-08-20 16:04:05,156 | INFO  | DNAudit | user=null | ip=null | op=WRITE_CHUNK {blockData=conID: 3 locID: 102650153869247029 bcsId: 0} | ret=SUCCESS |  
2019-08-20 16:04:05,155 [grpc-default-executor-0] INFO  client.GrpcClientProtocolClient (GrpcClientProtocolClient.java:onNext(255)) - client-EAA342753240->9a4a4c23-9ff3-4ce3-a619-2c71c0869997: receive RaftClientReply:client-EAA342753240->9a4a4c23-9ff3-4ce3-a619-2c71c0869997@group-EC4211DF0353, cid=2212, SUCCESS, logIndex=3255, commits[9a4a4c23-9ff3-4ce3-a619-2c71c0869997:c3255, 9b0072ab-15b3-4973-9bcb-7fa02f6bfea9:c3254, 9f215ef2-7d46-4cda-b695-cae1b893f75f:c3254]
2019-08-20 16:04:05,156 | INFO  | DNAudit | user=null | ip=null | op=PUT_BLOCK {blockData=[blockId=conID: 3 locID: 102650153869247029 bcsId: 0,size=2097152]} | ret=SUCCESS |  
2019-08-20 16:04:05,156 | INFO  | DNAudit | user=null | ip=null | op=WRITE_CHUNK {blockData=conID: 3 locID: 102650153869247029 bcsId: 0} | ret=SUCCESS |  
2019-08-20 16:04:05,156 [grpc-default-executor-0] INFO  client.GrpcClientProtocolClient (GrpcClientProtocolClient.java:onNext(255)) - client-EAA342753240->9a4a4c23-9ff3-4ce3-a619-2c71c0869997: receive RaftClientReply:client-EAA342753240->9a4a4c23-9ff3-4ce3-a619-2c71c0869997@group-EC4211DF0353, cid=2213, SUCCESS, logIndex=3256, commits[9a4a4c23-9ff3-4ce3-a619-2c71c0869997:c3258, 9b0072ab-15b3-4973-9bcb-7fa02f6bfea9:c3254, 9f215ef2-7d46-4cda-b695-cae1b893f75f:c3254]
2019-08-20 16:04:05,156 [grpc-default-executor-0] INFO  client.GrpcClientProtocolClient (GrpcClientProtocolClient.java:onNext(255)) - client-EAA342753240->9a4a4c23-9ff3-4ce3-a619-2c71c0869997: receive RaftClientReply:client-EAA342753240->9a4a4c23-9ff3-4ce3-a619-2c71c0869997@group-EC4211DF0353, cid=2214, SUCCESS, logIndex=3257, commits[9a4a4c23-9ff3-4ce3-a619-2c71c0869997:c3258, 9b0072ab-15b3-4973-9bcb-7fa02f6bfea9:c3254, 9f215ef2-7d46-4cda-b695-cae1b893f75f:c3254]
2019-08-20 16:04:05,157 [grpc-default-executor-0] INFO  client.GrpcClientProtocolClient (GrpcClientProtocolClient.java:onNext(255)) - client-EAA342753240->9a4a4c23-9ff3-4ce3-a619-2c71c0869997: receive RaftClientReply:client-EAA342753240->9a4a4c23-9ff3-4ce3-a619-2c71c0869997@group-EC4211DF0353, cid=2215, SUCCESS, logIndex=3258, commits[9a4a4c23-9ff3-4ce3-a619-2c71c0869997:c3258, 9b0072ab-15b3-4973-9bcb-7fa02f6bfea9:c3255, 9f215ef2-7d46-4cda-b695-cae1b893f75f:c3254]
2019-08-20 16:04:05,157 | INFO  | DNAudit | user=null | ip=null | op=WRITE_CHUNK {blockData=conID: 3 locID: 102650153869247029 bcsId: 0} | ret=SUCCESS |  
2019-08-20 16:04:05,159 | INFO  | DNAudit | user=null | ip=null | op=PUT_BLOCK {blockData=[blockId=conID: 3 locID: 102650153869247029 bcsId: 0,size=1048576]} | ret=SUCCESS |  
2019-08-20 16:04:05,159 | INFO  | DNAudit | user=null | ip=null | op=WRITE_CHUNK {blockData=conID: 3 locID: 102650153869247029 bcsId: 0} | ret=SUCCESS |  
2019-08-20 16:04:05,159 | INFO  | DNAudit | user=null | ip=null | op=PUT_BLOCK {blockData=[blockId=conID: 3 locID: 102650153869247029 bcsId: 0,size=2097152]} | ret=SUCCESS |  
2019-08-20 16:04:05,170 | INFO  | DNAudit | user=null | ip=null | op=PUT_BLOCK {blockData=[blockId=conID: 3 locID: 102650153869247029 bcsId: 0,size=1048576]} | ret=SUCCESS |  
2019-08-20 16:04:05,170 | INFO  | DNAudit | user=null | ip=null | op=WRITE_CHUNK {blockData=conID: 3 locID: 102650153869247029 bcsId: 0} | ret=SUCCESS |  
2019-08-20 16:04:05,170 [grpc-default-executor-0] INFO  client.GrpcClientProtocolClient (GrpcClientProtocolClient.java:onNext(255)) - client-EAA342753240->9a4a4c23-9ff3-4ce3-a619-2c71c0869997: receive RaftClientReply:client-EAA342753240->9a4a4c23-9ff3-4ce3-a619-2c71c0869997@group-EC4211DF0353, cid=2216, SUCCESS, logIndex=0, commits[9a4a4c23-9ff3-4ce3-a619-2c71c0869997:c3262, 9b0072ab-15b3-4973-9bcb-7fa02f6bfea9:c3258, 9f215ef2-7d46-4cda-b695-cae1b893f75f:c3257]
2019-08-20 16:04:05,171 | INFO  | DNAudit | user=null | ip=null | op=PUT_BLOCK {blockData=[blockId=conID: 3 locID: 102650153869247029 bcsId: 0,size=2097152]} | ret=SUCCESS |  
2019-08-20 16:04:05,177 | INFO  | DNAudit | user=null | ip=null | op=WRITE_CHUNK {blockData=conID: 3 locID: 102650153869247029 bcsId: 3258} | ret=SUCCESS |  
2019-08-20 16:04:05,178 | INFO  | DNAudit | user=null | ip=null | op=WRITE_CHUNK {blockData=conID: 3 locID: 102650153869247029 bcsId: 3258} | ret=SUCCESS |  
2019-08-20 16:04:05,180 | INFO  | DNAudit | user=null | ip=null | op=WRITE_CHUNK {blockData=conID: 3 locID: 102650153869247029 bcsId: 3258} | ret=SUCCESS |  
2019-08-20 16:04:05,192 | INFO  | DNAudit | user=null | ip=null | op=WRITE_CHUNK {blockData=conID: 3 locID: 102650153869247029 bcsId: 3258} | ret=SUCCESS |  
2019-08-20 16:04:05,193 | INFO  | DNAudit | user=null | ip=null | op=PUT_BLOCK {blockData=[blockId=conID: 3 locID: 102650153869247029 bcsId: 0,size=3145728]} | ret=SUCCESS |  
2019-08-20 16:04:05,193 [grpc-default-executor-0] INFO  client.GrpcClientProtocolClient (GrpcClientProtocolClient.java:onNext(255)) - client-EAA342753240->9a4a4c23-9ff3-4ce3-a619-2c71c0869997: receive RaftClientReply:client-EAA342753240->9a4a4c23-9ff3-4ce3-a619-2c71c0869997@group-EC4211DF0353, cid=2217, SUCCESS, logIndex=3263, commits[9a4a4c23-9ff3-4ce3-a619-2c71c0869997:c3264, 9b0072ab-15b3-4973-9bcb-7fa02f6bfea9:c3262, 9f215ef2-7d46-4cda-b695-cae1b893f75f:c3262]
2019-08-20 16:04:05,193 [grpc-default-executor-0] INFO  client.GrpcClientProtocolClient (GrpcClientProtocolClient.java:onNext(255)) - client-EAA342753240->9a4a4c23-9ff3-4ce3-a619-2c71c0869997: receive RaftClientReply:client-EAA342753240->9a4a4c23-9ff3-4ce3-a619-2c71c0869997@group-EC4211DF0353, cid=2218, SUCCESS, logIndex=3264, commits[9a4a4c23-9ff3-4ce3-a619-2c71c0869997:c3264, 9b0072ab-15b3-4973-9bcb-7fa02f6bfea9:c3262, 9f215ef2-7d46-4cda-b695-cae1b893f75f:c3262]
2019-08-20 16:04:05,200 | INFO  | DNAudit | user=null | ip=null | op=WRITE_CHUNK {blockData=conID: 3 locID: 102650153869247029 bcsId: 3264} | ret=SUCCESS |  
2019-08-20 16:04:05,201 | INFO  | DNAudit | user=null | ip=null | op=WRITE_CHUNK {blockData=conID: 3 locID: 102650153869247029 bcsId: 3264} | ret=SUCCESS |  
2019-08-20 16:04:05,201 | INFO  | DNAudit | user=null | ip=null | op=WRITE_CHUNK {blockData=conID: 3 locID: 102650153869247029 bcsId: 3264} | ret=SUCCESS |  
2019-08-20 16:04:05,202 | INFO  | DNAudit | user=null | ip=null | op=WRITE_CHUNK {blockData=conID: 3 locID: 102650153869247029 bcsId: 3258} | ret=SUCCESS |  
2019-08-20 16:04:05,202 | INFO  | DNAudit | user=null | ip=null | op=WRITE_CHUNK {blockData=conID: 3 locID: 102650153869247029 bcsId: 3258} | ret=SUCCESS |  
2019-08-20 16:04:05,202 | INFO  | DNAudit | user=null | ip=null | op=PUT_BLOCK {blockData=[blockId=conID: 3 locID: 102650153869247029 bcsId: 0,size=3145728]} | ret=SUCCESS |  
2019-08-20 16:04:05,202 | INFO  | DNAudit | user=null | ip=null | op=PUT_BLOCK {blockData=[blockId=conID: 3 locID: 102650153869247029 bcsId: 0,size=3145728]} | ret=SUCCESS |  
2019-08-20 16:04:05,214 | INFO  | DNAudit | user=null | ip=null | op=WRITE_CHUNK {blockData=conID: 3 locID: 102650153869247029 bcsId: 3264} | ret=SUCCESS |  
2019-08-20 16:04:05,214 | INFO  | DNAudit | user=null | ip=null | op=PUT_BLOCK {blockData=[blockId=conID: 3 locID: 102650153869247029 bcsId: 0,size=4194304]} | ret=SUCCESS |  
2019-08-20 16:04:05,214 [grpc-default-executor-0] INFO  client.GrpcClientProtocolClient (GrpcClientProtocolClient.java:onNext(255)) - client-EAA342753240->9a4a4c23-9ff3-4ce3-a619-2c71c0869997: receive RaftClientReply:client-EAA342753240->9a4a4c23-9ff3-4ce3-a619-2c71c0869997@group-EC4211DF0353, cid=2219, SUCCESS, logIndex=3267, commits[9a4a4c23-9ff3-4ce3-a619-2c71c0869997:c3268, 9b0072ab-15b3-4973-9bcb-7fa02f6bfea9:c3264, 9f215ef2-7d46-4cda-b695-cae1b893f75f:c3264]
2019-08-20 16:04:05,214 [grpc-default-executor-0] INFO  client.GrpcClientProtocolClient (GrpcClientProtocolClient.java:onNext(255)) - client-EAA342753240->9a4a4c23-9ff3-4ce3-a619-2c71c0869997: receive RaftClientReply:client-EAA342753240->9a4a4c23-9ff3-4ce3-a619-2c71c0869997@group-EC4211DF0353, cid=2220, SUCCESS, logIndex=3268, commits[9a4a4c23-9ff3-4ce3-a619-2c71c0869997:c3268, 9b0072ab-15b3-4973-9bcb-7fa02f6bfea9:c3264, 9f215ef2-7d46-4cda-b695-cae1b893f75f:c3264]
2019-08-20 16:04:05,216 | INFO  | DNAudit | user=null | ip=null | op=WRITE_CHUNK {blockData=conID: 3 locID: 102650153869247029 bcsId: 3264} | ret=SUCCESS |  
2019-08-20 16:04:05,216 | INFO  | DNAudit | user=null | ip=null | op=WRITE_CHUNK {blockData=conID: 3 locID: 102650153869247029 bcsId: 3264} | ret=SUCCESS |  
2019-08-20 16:04:05,229 | INFO  | DNAudit | user=null | ip=null | op=PUT_BLOCK {blockData=[blockId=conID: 3 locID: 102650153869247029 bcsId: 0,size=4194304]} | ret=SUCCESS |  
2019-08-20 16:04:05,229 | INFO  | DNAudit | user=null | ip=null | op=PUT_BLOCK {blockData=[blockId=conID: 3 locID: 102650153869247029 bcsId: 0,size=4194304]} | ret=SUCCESS |  
2019-08-20 16:04:05,229 [grpc-default-executor-0] INFO  client.GrpcClientProtocolClient (GrpcClientProtocolClient.java:onNext(255)) - client-EAA342753240->9a4a4c23-9ff3-4ce3-a619-2c71c0869997: receive RaftClientReply:client-EAA342753240->9a4a4c23-9ff3-4ce3-a619-2c71c0869997@group-EC4211DF0353, cid=2221, SUCCESS, logIndex=0, commits[9a4a4c23-9ff3-4ce3-a619-2c71c0869997:c3270, 9b0072ab-15b3-4973-9bcb-7fa02f6bfea9:c3268, 9f215ef2-7d46-4cda-b695-cae1b893f75f:c3268]
2019-08-20 16:04:05,233 | INFO  | SCMAudit | user=jenkins1000 | ip=192.168.69.96 | op=ALLOCATE_BLOCK {owner=ea4851f9-218c-4af7-91b4-edb777a4888c, size=4194304, type=RATIS, factor=THREE} | ret=SUCCESS |  
2019-08-20 16:04:05,235 | INFO  | OMAudit | user=jenkins1000 | ip=127.0.0.1 | op=ALLOCATE_BLOCK {volume=vol-0-94146, bucket=bucket-0-90789, key=key-0-25609, dataSize=0, replicationType=null, replicationFactor=null, keyLocationInfo=null, clientID=102650152704082322} | ret=SUCCESS |  
2019-08-20 16:04:05,246 | INFO  | DNAudit | user=null | ip=null | op=WRITE_CHUNK {blockData=conID: 1 locID: 102650153876390454 bcsId: 0} | ret=SUCCESS |  
2019-08-20 16:04:05,246 | INFO  | DNAudit | user=null | ip=null | op=WRITE_CHUNK {blockData=conID: 1 locID: 102650153876390454 bcsId: 0} | ret=SUCCESS |  
2019-08-20 16:04:05,247 | INFO  | DNAudit | user=null | ip=null | op=WRITE_CHUNK {blockData=conID: 1 locID: 102650153876390454 bcsId: 0} | ret=SUCCESS |  
2019-08-20 16:04:05,247 | INFO  | DNAudit | user=null | ip=null | op=WRITE_CHUNK {blockData=conID: 1 locID: 102650153876390454 bcsId: 0} | ret=SUCCESS |  
2019-08-20 16:04:05,247 | INFO  | DNAudit | user=null | ip=null | op=WRITE_CHUNK {blockData=conID: 1 locID: 102650153876390454 bcsId: 0} | ret=SUCCESS |  
2019-08-20 16:04:05,248 | INFO  | DNAudit | user=null | ip=null | op=WRITE_CHUNK {blockData=conID: 1 locID: 102650153876390454 bcsId: 0} | ret=SUCCESS |  
2019-08-20 16:04:05,262 | INFO  | DNAudit | user=null | ip=null | op=WRITE_CHUNK {blockData=conID: 1 locID: 102650153876390454 bcsId: 0} | ret=SUCCESS |  
2019-08-20 16:04:05,263 | INFO  | DNAudit | user=null | ip=null | op=PUT_BLOCK {blockData=[blockId=conID: 1 locID: 102650153876390454 bcsId: 0,size=1048576]} | ret=SUCCESS |  
2019-08-20 16:04:05,263 | INFO  | DNAudit | user=null | ip=null | op=WRITE_CHUNK {blockData=conID: 1 locID: 102650153876390454 bcsId: 0} | ret=SUCCESS |  
2019-08-20 16:04:05,263 [grpc-default-executor-0] INFO  client.GrpcClientProtocolClient (GrpcClientProtocolClient.java:onNext(255)) - client-EAA342753240->9a4a4c23-9ff3-4ce3-a619-2c71c0869997: receive RaftClientReply:client-EAA342753240->9a4a4c23-9ff3-4ce3-a619-2c71c0869997@group-EC4211DF0353, cid=2222, SUCCESS, logIndex=3271, commits[9a4a4c23-9ff3-4ce3-a619-2c71c0869997:c3273, 9b0072ab-15b3-4973-9bcb-7fa02f6bfea9:c3270, 9f215ef2-7d46-4cda-b695-cae1b893f75f:c3270]
2019-08-20 16:04:05,263 | INFO  | DNAudit | user=null | ip=null | op=PUT_BLOCK {blockData=[blockId=conID: 1 locID: 102650153876390454 bcsId: 0,size=2097152]} | ret=SUCCESS |  
2019-08-20 16:04:05,263 [grpc-default-executor-0] INFO  client.GrpcClientProtocolClient (GrpcClientProtocolClient.java:onNext(255)) - client-EAA342753240->9a4a4c23-9ff3-4ce3-a619-2c71c0869997: receive RaftClientReply:client-EAA342753240->9a4a4c23-9ff3-4ce3-a619-2c71c0869997@group-EC4211DF0353, cid=2223, SUCCESS, logIndex=3272, commits[9a4a4c23-9ff3-4ce3-a619-2c71c0869997:c3274, 9b0072ab-15b3-4973-9bcb-7fa02f6bfea9:c3270, 9f215ef2-7d46-4cda-b695-cae1b893f75f:c3270]
2019-08-20 16:04:05,263 [grpc-default-executor-0] INFO  client.GrpcClientProtocolClient (GrpcClientProtocolClient.java:onNext(255)) - client-EAA342753240->9a4a4c23-9ff3-4ce3-a619-2c71c0869997: receive RaftClientReply:client-EAA342753240->9a4a4c23-9ff3-4ce3-a619-2c71c0869997@group-EC4211DF0353, cid=2224, SUCCESS, logIndex=3273, commits[9a4a4c23-9ff3-4ce3-a619-2c71c0869997:c3274, 9b0072ab-15b3-4973-9bcb-7fa02f6bfea9:c3270, 9f215ef2-7d46-4cda-b695-cae1b893f75f:c3270]
2019-08-20 16:04:05,264 [grpc-default-executor-0] INFO  client.GrpcClientProtocolClient (GrpcClientProtocolClient.java:onNext(255)) - client-EAA342753240->9a4a4c23-9ff3-4ce3-a619-2c71c0869997: receive RaftClientReply:client-EAA342753240->9a4a4c23-9ff3-4ce3-a619-2c71c0869997@group-EC4211DF0353, cid=2225, SUCCESS, logIndex=3274, commits[9a4a4c23-9ff3-4ce3-a619-2c71c0869997:c3274, 9b0072ab-15b3-4973-9bcb-7fa02f6bfea9:c3270, 9f215ef2-7d46-4cda-b695-cae1b893f75f:c3270]
2019-08-20 16:04:05,267 | INFO  | DNAudit | user=null | ip=null | op=WRITE_CHUNK {blockData=conID: 1 locID: 102650153876390454 bcsId: 0} | ret=SUCCESS |  
2019-08-20 16:04:05,267 | INFO  | DNAudit | user=null | ip=null | op=PUT_BLOCK {blockData=[blockId=conID: 1 locID: 102650153876390454 bcsId: 0,size=1048576]} | ret=SUCCESS |  
2019-08-20 16:04:05,267 | INFO  | DNAudit | user=null | ip=null | op=WRITE_CHUNK {blockData=conID: 1 locID: 102650153876390454 bcsId: 0} | ret=SUCCESS |  
2019-08-20 16:04:05,267 | INFO  | DNAudit | user=null | ip=null | op=PUT_BLOCK {blockData=[blockId=conID: 1 locID: 102650153876390454 bcsId: 0,size=1048576]} | ret=SUCCESS |  
2019-08-20 16:04:05,267 [grpc-default-executor-0] INFO  client.GrpcClientProtocolClient (GrpcClientProtocolClient.java:onNext(255)) - client-EAA342753240->9a4a4c23-9ff3-4ce3-a619-2c71c0869997: receive RaftClientReply:client-EAA342753240->9a4a4c23-9ff3-4ce3-a619-2c71c0869997@group-EC4211DF0353, cid=2226, SUCCESS, logIndex=0, commits[9a4a4c23-9ff3-4ce3-a619-2c71c0869997:c3275, 9b0072ab-15b3-4973-9bcb-7fa02f6bfea9:c3272, 9f215ef2-7d46-4cda-b695-cae1b893f75f:c3272]
2019-08-20 16:04:05,270 | INFO  | DNAudit | user=null | ip=null | op=WRITE_CHUNK {blockData=conID: 1 locID: 102650153876390454 bcsId: 0} | ret=SUCCESS |  
2019-08-20 16:04:05,270 | INFO  | DNAudit | user=null | ip=null | op=WRITE_CHUNK {blockData=conID: 1 locID: 102650153876390454 bcsId: 0} | ret=SUCCESS |  
2019-08-20 16:04:05,270 | INFO  | DNAudit | user=null | ip=null | op=PUT_BLOCK {blockData=[blockId=conID: 1 locID: 102650153876390454 bcsId: 0,size=2097152]} | ret=SUCCESS |  
2019-08-20 16:04:05,270 | INFO  | DNAudit | user=null | ip=null | op=PUT_BLOCK {blockData=[blockId=conID: 1 locID: 102650153876390454 bcsId: 0,size=2097152]} | ret=SUCCESS |  
2019-08-20 16:04:05,274 | INFO  | DNAudit | user=null | ip=null | op=WRITE_CHUNK {blockData=conID: 1 locID: 102650153876390454 bcsId: 3274} | ret=SUCCESS |  
2019-08-20 16:04:05,277 | INFO  | DNAudit | user=null | ip=null | op=WRITE_CHUNK {blockData=conID: 1 locID: 102650153876390454 bcsId: 3274} | ret=SUCCESS |  
2019-08-20 16:04:05,277 | INFO  | DNAudit | user=null | ip=null | op=WRITE_CHUNK {blockData=conID: 1 locID: 102650153876390454 bcsId: 3274} | ret=SUCCESS |  
2019-08-20 16:04:05,297 | INFO  | DNAudit | user=null | ip=null | op=WRITE_CHUNK {blockData=conID: 1 locID: 102650153876390454 bcsId: 3274} | ret=SUCCESS |  
2019-08-20 16:04:05,297 | INFO  | DNAudit | user=null | ip=null | op=PUT_BLOCK {blockData=[blockId=conID: 1 locID: 102650153876390454 bcsId: 0,size=3145728]} | ret=SUCCESS |  
2019-08-20 16:04:05,297 [grpc-default-executor-1] INFO  client.GrpcClientProtocolClient (GrpcClientProtocolClient.java:onNext(255)) - client-EAA342753240->9a4a4c23-9ff3-4ce3-a619-2c71c0869997: receive RaftClientReply:client-EAA342753240->9a4a4c23-9ff3-4ce3-a619-2c71c0869997@group-EC4211DF0353, cid=2227, SUCCESS, logIndex=3279, commits[9a4a4c23-9ff3-4ce3-a619-2c71c0869997:c3280, 9b0072ab-15b3-4973-9bcb-7fa02f6bfea9:c3278, 9f215ef2-7d46-4cda-b695-cae1b893f75f:c3278]
2019-08-20 16:04:05,297 [grpc-default-executor-1] INFO  client.GrpcClientProtocolClient (GrpcClientProtocolClient.java:onNext(255)) - client-EAA342753240->9a4a4c23-9ff3-4ce3-a619-2c71c0869997: receive RaftClientReply:client-EAA342753240->9a4a4c23-9ff3-4ce3-a619-2c71c0869997@group-EC4211DF0353, cid=2228, SUCCESS, logIndex=3280, commits[9a4a4c23-9ff3-4ce3-a619-2c71c0869997:c3280, 9b0072ab-15b3-4973-9bcb-7fa02f6bfea9:c3278, 9f215ef2-7d46-4cda-b695-cae1b893f75f:c3278]
2019-08-20 16:04:05,304 | INFO  | DNAudit | user=null | ip=null | op=WRITE_CHUNK {blockData=conID: 1 locID: 102650153876390454 bcsId: 3280} | ret=SUCCESS |  
2019-08-20 16:04:05,306 | INFO  | DNAudit | user=null | ip=null | op=WRITE_CHUNK {blockData=conID: 1 locID: 102650153876390454 bcsId: 3280} | ret=SUCCESS |  
2019-08-20 16:04:05,306 | INFO  | DNAudit | user=null | ip=null | op=WRITE_CHUNK {blockData=conID: 1 locID: 102650153876390454 bcsId: 3280} | ret=SUCCESS |  
2019-08-20 16:04:05,315 | INFO  | DNAudit | user=null | ip=null | op=WRITE_CHUNK {blockData=conID: 1 locID: 102650153876390454 bcsId: 3274} | ret=SUCCESS |  
2019-08-20 16:04:05,315 | INFO  | DNAudit | user=null | ip=null | op=WRITE_CHUNK {blockData=conID: 1 locID: 102650153876390454 bcsId: 3274} | ret=SUCCESS |  
2019-08-20 16:04:05,328 | INFO  | DNAudit | user=null | ip=null | op=PUT_BLOCK {blockData=[blockId=conID: 1 locID: 102650153876390454 bcsId: 0,size=3145728]} | ret=SUCCESS |  
2019-08-20 16:04:05,329 | INFO  | DNAudit | user=null | ip=null | op=PUT_BLOCK {blockData=[blockId=conID: 1 locID: 102650153876390454 bcsId: 0,size=3145728]} | ret=SUCCESS |  
2019-08-20 16:04:05,329 | INFO  | DNAudit | user=null | ip=null | op=WRITE_CHUNK {blockData=conID: 1 locID: 102650153876390454 bcsId: 3280} | ret=SUCCESS |  
2019-08-20 16:04:05,330 | INFO  | DNAudit | user=null | ip=null | op=PUT_BLOCK {blockData=[blockId=conID: 1 locID: 102650153876390454 bcsId: 0,size=4194304]} | ret=SUCCESS |  
2019-08-20 16:04:05,330 [grpc-default-executor-0] INFO  client.GrpcClientProtocolClient (GrpcClientProtocolClient.java:onNext(255)) - client-EAA342753240->9a4a4c23-9ff3-4ce3-a619-2c71c0869997: receive RaftClientReply:client-EAA342753240->9a4a4c23-9ff3-4ce3-a619-2c71c0869997@group-EC4211DF0353, cid=2229, SUCCESS, logIndex=3283, commits[9a4a4c23-9ff3-4ce3-a619-2c71c0869997:c3284, 9b0072ab-15b3-4973-9bcb-7fa02f6bfea9:c3280, 9f215ef2-7d46-4cda-b695-cae1b893f75f:c3280]
2019-08-20 16:04:05,330 [grpc-default-executor-0] INFO  client.GrpcClientProtocolClient (GrpcClientProtocolClient.java:onNext(255)) - client-EAA342753240->9a4a4c23-9ff3-4ce3-a619-2c71c0869997: receive RaftClientReply:client-EAA342753240->9a4a4c23-9ff3-4ce3-a619-2c71c0869997@group-EC4211DF0353, cid=2230, SUCCESS, logIndex=3284, commits[9a4a4c23-9ff3-4ce3-a619-2c71c0869997:c3284, 9b0072ab-15b3-4973-9bcb-7fa02f6bfea9:c3280, 9f215ef2-7d46-4cda-b695-cae1b893f75f:c3280]
2019-08-20 16:04:05,337 | INFO  | DNAudit | user=null | ip=null | op=WRITE_CHUNK {blockData=conID: 1 locID: 102650153876390454 bcsId: 3280} | ret=SUCCESS |  
2019-08-20 16:04:05,338 | INFO  | DNAudit | user=null | ip=null | op=WRITE_CHUNK {blockData=conID: 1 locID: 102650153876390454 bcsId: 3280} | ret=SUCCESS |  
2019-08-20 16:04:05,340 | INFO  | DNAudit | user=null | ip=null | op=PUT_BLOCK {blockData=[blockId=conID: 1 locID: 102650153876390454 bcsId: 0,size=4194304]} | ret=SUCCESS |  
2019-08-20 16:04:05,341 | INFO  | DNAudit | user=null | ip=null | op=PUT_BLOCK {blockData=[blockId=conID: 1 locID: 102650153876390454 bcsId: 0,size=4194304]} | ret=SUCCESS |  
2019-08-20 16:04:05,341 [grpc-default-executor-0] INFO  client.GrpcClientProtocolClient (GrpcClientProtocolClient.java:onNext(255)) - client-EAA342753240->9a4a4c23-9ff3-4ce3-a619-2c71c0869997: receive RaftClientReply:client-EAA342753240->9a4a4c23-9ff3-4ce3-a619-2c71c0869997@group-EC4211DF0353, cid=2231, SUCCESS, logIndex=0, commits[9a4a4c23-9ff3-4ce3-a619-2c71c0869997:c3286, 9b0072ab-15b3-4973-9bcb-7fa02f6bfea9:c3284, 9f215ef2-7d46-4cda-b695-cae1b893f75f:c3284]
2019-08-20 16:04:05,347 | INFO  | SCMAudit | user=jenkins1000 | ip=192.168.69.96 | op=ALLOCATE_BLOCK {owner=ea4851f9-218c-4af7-91b4-edb777a4888c, size=4194304, type=RATIS, factor=THREE} | ret=SUCCESS |  
2019-08-20 16:04:05,350 | INFO  | OMAudit | user=jenkins1000 | ip=127.0.0.1 | op=ALLOCATE_BLOCK {volume=vol-0-94146, bucket=bucket-0-90789, key=key-0-25609, dataSize=0, replicationType=null, replicationFactor=null, keyLocationInfo=null, clientID=102650152704082322} | ret=SUCCESS |  
2019-08-20 16:04:05,356 | INFO  | DNAudit | user=null | ip=null | op=WRITE_CHUNK {blockData=conID: 2 locID: 102650153883861559 bcsId: 0} | ret=SUCCESS |  
2019-08-20 16:04:05,358 | INFO  | DNAudit | user=null | ip=null | op=WRITE_CHUNK {blockData=conID: 2 locID: 102650153883861559 bcsId: 0} | ret=SUCCESS |  
2019-08-20 16:04:05,359 | INFO  | DNAudit | user=null | ip=null | op=WRITE_CHUNK {blockData=conID: 2 locID: 102650153883861559 bcsId: 0} | ret=SUCCESS |  
2019-08-20 16:04:05,360 | INFO  | DNAudit | user=null | ip=null | op=WRITE_CHUNK {blockData=conID: 2 locID: 102650153883861559 bcsId: 0} | ret=SUCCESS |  
2019-08-20 16:04:05,362 | INFO  | DNAudit | user=null | ip=null | op=WRITE_CHUNK {blockData=conID: 2 locID: 102650153883861559 bcsId: 0} | ret=SUCCESS |  
2019-08-20 16:04:05,363 | INFO  | DNAudit | user=null | ip=null | op=WRITE_CHUNK {blockData=conID: 2 locID: 102650153883861559 bcsId: 0} | ret=SUCCESS |  
2019-08-20 16:04:05,368 | INFO  | DNAudit | user=null | ip=null | op=WRITE_CHUNK {blockData=conID: 2 locID: 102650153883861559 bcsId: 0} | ret=SUCCESS |  
2019-08-20 16:04:05,369 | INFO  | DNAudit | user=null | ip=null | op=PUT_BLOCK {blockData=[blockId=conID: 2 locID: 102650153883861559 bcsId: 0,size=1048576]} | ret=SUCCESS |  
2019-08-20 16:04:05,369 [grpc-default-executor-1] INFO  client.GrpcClientProtocolClient (GrpcClientProtocolClient.java:onNext(255)) - client-EAA342753240->9a4a4c23-9ff3-4ce3-a619-2c71c0869997: receive RaftClientReply:client-EAA342753240->9a4a4c23-9ff3-4ce3-a619-2c71c0869997@group-EC4211DF0353, cid=2232, SUCCESS, logIndex=3287, commits[9a4a4c23-9ff3-4ce3-a619-2c71c0869997:c3288, 9b0072ab-15b3-4973-9bcb-7fa02f6bfea9:c3286, 9f215ef2-7d46-4cda-b695-cae1b893f75f:c3286]
2019-08-20 16:04:05,369 | INFO  | DNAudit | user=null | ip=null | op=WRITE_CHUNK {blockData=conID: 2 locID: 102650153883861559 bcsId: 0} | ret=SUCCESS |  
2019-08-20 16:04:05,369 [grpc-default-executor-1] INFO  client.GrpcClientProtocolClient (GrpcClientProtocolClient.java:onNext(255)) - client-EAA342753240->9a4a4c23-9ff3-4ce3-a619-2c71c0869997: receive RaftClientReply:client-EAA342753240->9a4a4c23-9ff3-4ce3-a619-2c71c0869997@group-EC4211DF0353, cid=2233, SUCCESS, logIndex=3288, commits[9a4a4c23-9ff3-4ce3-a619-2c71c0869997:c3290, 9b0072ab-15b3-4973-9bcb-7fa02f6bfea9:c3286, 9f215ef2-7d46-4cda-b695-cae1b893f75f:c3286]
2019-08-20 16:04:05,370 | INFO  | DNAudit | user=null | ip=null | op=PUT_BLOCK {blockData=[blockId=conID: 2 locID: 102650153883861559 bcsId: 0,size=2097152]} | ret=SUCCESS |  
2019-08-20 16:04:05,370 [grpc-default-executor-1] INFO  client.GrpcClientProtocolClient (GrpcClientProtocolClient.java:onNext(255)) - client-EAA342753240->9a4a4c23-9ff3-4ce3-a619-2c71c0869997: receive RaftClientReply:client-EAA342753240->9a4a4c23-9ff3-4ce3-a619-2c71c0869997@group-EC4211DF0353, cid=2234, SUCCESS, logIndex=3289, commits[9a4a4c23-9ff3-4ce3-a619-2c71c0869997:c3290, 9b0072ab-15b3-4973-9bcb-7fa02f6bfea9:c3286, 9f215ef2-7d46-4cda-b695-cae1b893f75f:c3286]
2019-08-20 16:04:05,370 [grpc-default-executor-1] INFO  client.GrpcClientProtocolClient (GrpcClientProtocolClient.java:onNext(255)) - client-EAA342753240->9a4a4c23-9ff3-4ce3-a619-2c71c0869997: receive RaftClientReply:client-EAA342753240->9a4a4c23-9ff3-4ce3-a619-2c71c0869997@group-EC4211DF0353, cid=2235, SUCCESS, logIndex=3290, commits[9a4a4c23-9ff3-4ce3-a619-2c71c0869997:c3290, 9b0072ab-15b3-4973-9bcb-7fa02f6bfea9:c3286, 9f215ef2-7d46-4cda-b695-cae1b893f75f:c3286]
2019-08-20 16:04:05,381 | INFO  | DNAudit | user=null | ip=null | op=WRITE_CHUNK {blockData=conID: 2 locID: 102650153883861559 bcsId: 0} | ret=SUCCESS |  
2019-08-20 16:04:05,381 | INFO  | DNAudit | user=null | ip=null | op=PUT_BLOCK {blockData=[blockId=conID: 2 locID: 102650153883861559 bcsId: 0,size=1048576]} | ret=SUCCESS |  
2019-08-20 16:04:05,383 | INFO  | DNAudit | user=null | ip=null | op=WRITE_CHUNK {blockData=conID: 2 locID: 102650153883861559 bcsId: 0} | ret=SUCCESS |  
2019-08-20 16:04:05,383 | INFO  | DNAudit | user=null | ip=null | op=PUT_BLOCK {blockData=[blockId=conID: 2 locID: 102650153883861559 bcsId: 0,size=1048576]} | ret=SUCCESS |  
2019-08-20 16:04:05,383 [grpc-default-executor-1] INFO  client.GrpcClientProtocolClient (GrpcClientProtocolClient.java:onNext(255)) - client-EAA342753240->9a4a4c23-9ff3-4ce3-a619-2c71c0869997: receive RaftClientReply:client-EAA342753240->9a4a4c23-9ff3-4ce3-a619-2c71c0869997@group-EC4211DF0353, cid=2236, SUCCESS, logIndex=0, commits[9a4a4c23-9ff3-4ce3-a619-2c71c0869997:c3292, 9b0072ab-15b3-4973-9bcb-7fa02f6bfea9:c3288, 9f215ef2-7d46-4cda-b695-cae1b893f75f:c3288]
2019-08-20 16:04:05,384 | INFO  | DNAudit | user=null | ip=null | op=WRITE_CHUNK {blockData=conID: 2 locID: 102650153883861559 bcsId: 0} | ret=SUCCESS |  
2019-08-20 16:04:05,384 | INFO  | DNAudit | user=null | ip=null | op=PUT_BLOCK {blockData=[blockId=conID: 2 locID: 102650153883861559 bcsId: 0,size=2097152]} | ret=SUCCESS |  
2019-08-20 16:04:05,391 | INFO  | DNAudit | user=null | ip=null | op=WRITE_CHUNK {blockData=conID: 2 locID: 102650153883861559 bcsId: 3290} | ret=SUCCESS |  
2019-08-20 16:04:05,393 | INFO  | DNAudit | user=null | ip=null | op=WRITE_CHUNK {blockData=conID: 2 locID: 102650153883861559 bcsId: 3290} | ret=SUCCESS |  
2019-08-20 16:04:05,393 | INFO  | DNAudit | user=null | ip=null | op=WRITE_CHUNK {blockData=conID: 2 locID: 102650153883861559 bcsId: 3290} | ret=SUCCESS |  
2019-08-20 16:04:05,394 | INFO  | DNAudit | user=null | ip=null | op=WRITE_CHUNK {blockData=conID: 2 locID: 102650153883861559 bcsId: 0} | ret=SUCCESS |  
2019-08-20 16:04:05,394 | INFO  | DNAudit | user=null | ip=null | op=PUT_BLOCK {blockData=[blockId=conID: 2 locID: 102650153883861559 bcsId: 0,size=2097152]} | ret=SUCCESS |  
2019-08-20 16:04:05,396 | INFO  | DNAudit | user=null | ip=null | op=WRITE_CHUNK {blockData=conID: 2 locID: 102650153883861559 bcsId: 3290} | ret=SUCCESS |  
2019-08-20 16:04:05,397 | INFO  | DNAudit | user=null | ip=null | op=PUT_BLOCK {blockData=[blockId=conID: 2 locID: 102650153883861559 bcsId: 0,size=3145728]} | ret=SUCCESS |  
2019-08-20 16:04:05,397 [grpc-default-executor-0] INFO  client.GrpcClientProtocolClient (GrpcClientProtocolClient.java:onNext(255)) - client-EAA342753240->9a4a4c23-9ff3-4ce3-a619-2c71c0869997: receive RaftClientReply:client-EAA342753240->9a4a4c23-9ff3-4ce3-a619-2c71c0869997@group-EC4211DF0353, cid=2237, SUCCESS, logIndex=3295, commits[9a4a4c23-9ff3-4ce3-a619-2c71c0869997:c3296, 9b0072ab-15b3-4973-9bcb-7fa02f6bfea9:c3294, 9f215ef2-7d46-4cda-b695-cae1b893f75f:c3290]
2019-08-20 16:04:05,397 [grpc-default-executor-0] INFO  client.GrpcClientProtocolClient (GrpcClientProtocolClient.java:onNext(255)) - client-EAA342753240->9a4a4c23-9ff3-4ce3-a619-2c71c0869997: receive RaftClientReply:client-EAA342753240->9a4a4c23-9ff3-4ce3-a619-2c71c0869997@group-EC4211DF0353, cid=2238, SUCCESS, logIndex=3296, commits[9a4a4c23-9ff3-4ce3-a619-2c71c0869997:c3296, 9b0072ab-15b3-4973-9bcb-7fa02f6bfea9:c3294, 9f215ef2-7d46-4cda-b695-cae1b893f75f:c3290]
2019-08-20 16:04:05,403 | INFO  | DNAudit | user=null | ip=null | op=WRITE_CHUNK {blockData=conID: 2 locID: 102650153883861559 bcsId: 3296} | ret=SUCCESS |  
2019-08-20 16:04:05,405 | INFO  | DNAudit | user=null | ip=null | op=WRITE_CHUNK {blockData=conID: 2 locID: 102650153883861559 bcsId: 3296} | ret=SUCCESS |  
2019-08-20 16:04:05,405 | INFO  | DNAudit | user=null | ip=null | op=WRITE_CHUNK {blockData=conID: 2 locID: 102650153883861559 bcsId: 3296} | ret=SUCCESS |  
2019-08-20 16:04:05,409 | INFO  | DNAudit | user=null | ip=null | op=WRITE_CHUNK {blockData=conID: 2 locID: 102650153883861559 bcsId: 3290} | ret=SUCCESS |  
2019-08-20 16:04:05,409 | INFO  | DNAudit | user=null | ip=null | op=PUT_BLOCK {blockData=[blockId=conID: 2 locID: 102650153883861559 bcsId: 0,size=3145728]} | ret=SUCCESS |  
2019-08-20 16:04:05,420 | INFO  | DNAudit | user=null | ip=null | op=WRITE_CHUNK {blockData=conID: 2 locID: 102650153883861559 bcsId: 3290} | ret=SUCCESS |  
2019-08-20 16:04:05,420 | INFO  | DNAudit | user=null | ip=null | op=PUT_BLOCK {blockData=[blockId=conID: 2 locID: 102650153883861559 bcsId: 0,size=3145728]} | ret=SUCCESS |  
2019-08-20 16:04:05,507 | INFO  | DNAudit | user=null | ip=null | op=WRITE_CHUNK {blockData=conID: 2 locID: 102650153883861559 bcsId: 3296} | ret=SUCCESS |  
2019-08-20 16:04:05,507 | INFO  | DNAudit | user=null | ip=null | op=PUT_BLOCK {blockData=[blockId=conID: 2 locID: 102650153883861559 bcsId: 0,size=4194304]} | ret=SUCCESS |  
2019-08-20 16:04:05,508 [grpc-default-executor-5] INFO  client.GrpcClientProtocolClient (GrpcClientProtocolClient.java:onNext(255)) - client-EAA342753240->9a4a4c23-9ff3-4ce3-a619-2c71c0869997: receive RaftClientReply:client-EAA342753240->9a4a4c23-9ff3-4ce3-a619-2c71c0869997@group-EC4211DF0353, cid=2239, SUCCESS, logIndex=3299, commits[9a4a4c23-9ff3-4ce3-a619-2c71c0869997:c3300, 9b0072ab-15b3-4973-9bcb-7fa02f6bfea9:c3296, 9f215ef2-7d46-4cda-b695-cae1b893f75f:c3296]
2019-08-20 16:04:05,508 [grpc-default-executor-5] INFO  client.GrpcClientProtocolClient (GrpcClientProtocolClient.java:onNext(255)) - client-EAA342753240->9a4a4c23-9ff3-4ce3-a619-2c71c0869997: receive RaftClientReply:client-EAA342753240->9a4a4c23-9ff3-4ce3-a619-2c71c0869997@group-EC4211DF0353, cid=2240, SUCCESS, logIndex=3300, commits[9a4a4c23-9ff3-4ce3-a619-2c71c0869997:c3300, 9b0072ab-15b3-4973-9bcb-7fa02f6bfea9:c3296, 9f215ef2-7d46-4cda-b695-cae1b893f75f:c3296]
2019-08-20 16:04:05,523 | INFO  | DNAudit | user=null | ip=null | op=WRITE_CHUNK {blockData=conID: 2 locID: 102650153883861559 bcsId: 3296} | ret=SUCCESS |  
2019-08-20 16:04:05,523 | INFO  | DNAudit | user=null | ip=null | op=WRITE_CHUNK {blockData=conID: 2 locID: 102650153883861559 bcsId: 3296} | ret=SUCCESS |  
2019-08-20 16:04:05,524 | INFO  | DNAudit | user=null | ip=null | op=PUT_BLOCK {blockData=[blockId=conID: 2 locID: 102650153883861559 bcsId: 0,size=4194304]} | ret=SUCCESS |  
2019-08-20 16:04:05,524 | INFO  | DNAudit | user=null | ip=null | op=PUT_BLOCK {blockData=[blockId=conID: 2 locID: 102650153883861559 bcsId: 0,size=4194304]} | ret=SUCCESS |  
2019-08-20 16:04:05,524 [grpc-default-executor-5] INFO  client.GrpcClientProtocolClient (GrpcClientProtocolClient.java:onNext(255)) - client-EAA342753240->9a4a4c23-9ff3-4ce3-a619-2c71c0869997: receive RaftClientReply:client-EAA342753240->9a4a4c23-9ff3-4ce3-a619-2c71c0869997@group-EC4211DF0353, cid=2241, SUCCESS, logIndex=0, commits[9a4a4c23-9ff3-4ce3-a619-2c71c0869997:c3301, 9b0072ab-15b3-4973-9bcb-7fa02f6bfea9:c3300, 9f215ef2-7d46-4cda-b695-cae1b893f75f:c3300]
2019-08-20 16:04:05,528 | INFO  | SCMAudit | user=jenkins1000 | ip=192.168.69.96 | op=ALLOCATE_BLOCK {owner=ea4851f9-218c-4af7-91b4-edb777a4888c, size=4194304, type=RATIS, factor=THREE} | ret=SUCCESS |  
2019-08-20 16:04:05,531 | INFO  | OMAudit | user=jenkins1000 | ip=127.0.0.1 | op=ALLOCATE_BLOCK {volume=vol-0-94146, bucket=bucket-0-90789, key=key-0-25609, dataSize=0, replicationType=null, replicationFactor=null, keyLocationInfo=null, clientID=102650152704082322} | ret=SUCCESS |  
2019-08-20 16:04:05,537 | INFO  | DNAudit | user=null | ip=null | op=WRITE_CHUNK {blockData=conID: 3 locID: 102650153895723576 bcsId: 0} | ret=SUCCESS |  
2019-08-20 16:04:05,545 | INFO  | DNAudit | user=null | ip=null | op=WRITE_CHUNK {blockData=conID: 3 locID: 102650153895723576 bcsId: 0} | ret=SUCCESS |  
2019-08-20 16:04:05,545 | INFO  | DNAudit | user=null | ip=null | op=WRITE_CHUNK {blockData=conID: 3 locID: 102650153895723576 bcsId: 0} | ret=SUCCESS |  
2019-08-20 16:04:05,545 | INFO  | DNAudit | user=null | ip=null | op=WRITE_CHUNK {blockData=conID: 3 locID: 102650153895723576 bcsId: 0} | ret=SUCCESS |  
2019-08-20 16:04:05,546 | INFO  | DNAudit | user=null | ip=null | op=WRITE_CHUNK {blockData=conID: 3 locID: 102650153895723576 bcsId: 0} | ret=SUCCESS |  
2019-08-20 16:04:05,548 | INFO  | DNAudit | user=null | ip=null | op=WRITE_CHUNK {blockData=conID: 3 locID: 102650153895723576 bcsId: 0} | ret=SUCCESS |  
2019-08-20 16:04:05,552 | INFO  | DNAudit | user=null | ip=null | op=WRITE_CHUNK {blockData=conID: 3 locID: 102650153895723576 bcsId: 0} | ret=SUCCESS |  
2019-08-20 16:04:05,553 | INFO  | DNAudit | user=null | ip=null | op=PUT_BLOCK {blockData=[blockId=conID: 3 locID: 102650153895723576 bcsId: 0,size=1048576]} | ret=SUCCESS |  
2019-08-20 16:04:05,553 [grpc-default-executor-0] INFO  client.GrpcClientProtocolClient (GrpcClientProtocolClient.java:onNext(255)) - client-EAA342753240->9a4a4c23-9ff3-4ce3-a619-2c71c0869997: receive RaftClientReply:client-EAA342753240->9a4a4c23-9ff3-4ce3-a619-2c71c0869997@group-EC4211DF0353, cid=2242, SUCCESS, logIndex=3303, commits[9a4a4c23-9ff3-4ce3-a619-2c71c0869997:c3304, 9b0072ab-15b3-4973-9bcb-7fa02f6bfea9:c3302, 9f215ef2-7d46-4cda-b695-cae1b893f75f:c3302]
2019-08-20 16:04:05,553 [grpc-default-executor-0] INFO  client.GrpcClientProtocolClient (GrpcClientProtocolClient.java:onNext(255)) - client-EAA342753240->9a4a4c23-9ff3-4ce3-a619-2c71c0869997: receive RaftClientReply:client-EAA342753240->9a4a4c23-9ff3-4ce3-a619-2c71c0869997@group-EC4211DF0353, cid=2243, SUCCESS, logIndex=3304, commits[9a4a4c23-9ff3-4ce3-a619-2c71c0869997:c3304, 9b0072ab-15b3-4973-9bcb-7fa02f6bfea9:c3302, 9f215ef2-7d46-4cda-b695-cae1b893f75f:c3302]
2019-08-20 16:04:05,563 | INFO  | DNAudit | user=null | ip=null | op=WRITE_CHUNK {blockData=conID: 3 locID: 102650153895723576 bcsId: 0} | ret=SUCCESS |  
2019-08-20 16:04:05,563 | INFO  | DNAudit | user=null | ip=null | op=PUT_BLOCK {blockData=[blockId=conID: 3 locID: 102650153895723576 bcsId: 0,size=2097152]} | ret=SUCCESS |  
2019-08-20 16:04:05,563 [grpc-default-executor-0] INFO  client.GrpcClientProtocolClient (GrpcClientProtocolClient.java:onNext(255)) - client-EAA342753240->9a4a4c23-9ff3-4ce3-a619-2c71c0869997: receive RaftClientReply:client-EAA342753240->9a4a4c23-9ff3-4ce3-a619-2c71c0869997@group-EC4211DF0353, cid=2244, SUCCESS, logIndex=3305, commits[9a4a4c23-9ff3-4ce3-a619-2c71c0869997:c3306, 9b0072ab-15b3-4973-9bcb-7fa02f6bfea9:c3302, 9f215ef2-7d46-4cda-b695-cae1b893f75f:c3302]
2019-08-20 16:04:05,564 [grpc-default-executor-0] INFO  client.GrpcClientProtocolClient (GrpcClientProtocolClient.java:onNext(255)) - client-EAA342753240->9a4a4c23-9ff3-4ce3-a619-2c71c0869997: receive RaftClientReply:client-EAA342753240->9a4a4c23-9ff3-4ce3-a619-2c71c0869997@group-EC4211DF0353, cid=2245, SUCCESS, logIndex=3306, commits[9a4a4c23-9ff3-4ce3-a619-2c71c0869997:c3306, 9b0072ab-15b3-4973-9bcb-7fa02f6bfea9:c3302, 9f215ef2-7d46-4cda-b695-cae1b893f75f:c3302]
2019-08-20 16:04:05,565 | INFO  | DNAudit | user=null | ip=null | op=WRITE_CHUNK {blockData=conID: 3 locID: 102650153895723576 bcsId: 0} | ret=SUCCESS |  
2019-08-20 16:04:05,565 | INFO  | DNAudit | user=null | ip=null | op=WRITE_CHUNK {blockData=conID: 3 locID: 102650153895723576 bcsId: 0} | ret=SUCCESS |  
2019-08-20 16:04:05,565 | INFO  | DNAudit | user=null | ip=null | op=PUT_BLOCK {blockData=[blockId=conID: 3 locID: 102650153895723576 bcsId: 0,size=1048576]} | ret=SUCCESS |  
2019-08-20 16:04:05,577 | INFO  | DNAudit | user=null | ip=null | op=PUT_BLOCK {blockData=[blockId=conID: 3 locID: 102650153895723576 bcsId: 0,size=1048576]} | ret=SUCCESS |  
2019-08-20 16:04:05,577 [grpc-default-executor-1] INFO  client.GrpcClientProtocolClient (GrpcClientProtocolClient.java:onNext(255)) - client-EAA342753240->9a4a4c23-9ff3-4ce3-a619-2c71c0869997: receive RaftClientReply:client-EAA342753240->9a4a4c23-9ff3-4ce3-a619-2c71c0869997@group-EC4211DF0353, cid=2246, SUCCESS, logIndex=0, commits[9a4a4c23-9ff3-4ce3-a619-2c71c0869997:c3308, 9b0072ab-15b3-4973-9bcb-7fa02f6bfea9:c3304, 9f215ef2-7d46-4cda-b695-cae1b893f75f:c3304]
2019-08-20 16:04:05,585 | INFO  | DNAudit | user=null | ip=null | op=WRITE_CHUNK {blockData=conID: 3 locID: 102650153895723576 bcsId: 3306} | ret=SUCCESS |  
2019-08-20 16:04:05,587 | INFO  | DNAudit | user=null | ip=null | op=WRITE_CHUNK {blockData=conID: 3 locID: 102650153895723576 bcsId: 3306} | ret=SUCCESS |  
2019-08-20 16:04:05,587 | INFO  | DNAudit | user=null | ip=null | op=WRITE_CHUNK {blockData=conID: 3 locID: 102650153895723576 bcsId: 3306} | ret=SUCCESS |  
2019-08-20 16:04:05,599 | INFO  | DNAudit | user=null | ip=null | op=WRITE_CHUNK {blockData=conID: 3 locID: 102650153895723576 bcsId: 0} | ret=SUCCESS |  
2019-08-20 16:04:05,599 | INFO  | DNAudit | user=null | ip=null | op=WRITE_CHUNK {blockData=conID: 3 locID: 102650153895723576 bcsId: 0} | ret=SUCCESS |  
2019-08-20 16:04:05,599 | INFO  | DNAudit | user=null | ip=null | op=PUT_BLOCK {blockData=[blockId=conID: 3 locID: 102650153895723576 bcsId: 0,size=2097152]} | ret=SUCCESS |  
2019-08-20 16:04:05,599 | INFO  | DNAudit | user=null | ip=null | op=WRITE_CHUNK {blockData=conID: 3 locID: 102650153895723576 bcsId: 3306} | ret=SUCCESS |  
2019-08-20 16:04:05,599 | INFO  | DNAudit | user=null | ip=null | op=PUT_BLOCK {blockData=[blockId=conID: 3 locID: 102650153895723576 bcsId: 0,size=2097152]} | ret=SUCCESS |  
2019-08-20 16:04:05,599 | INFO  | DNAudit | user=null | ip=null | op=PUT_BLOCK {blockData=[blockId=conID: 3 locID: 102650153895723576 bcsId: 0,size=3145728]} | ret=SUCCESS |  
2019-08-20 16:04:05,599 [grpc-default-executor-1] INFO  client.GrpcClientProtocolClient (GrpcClientProtocolClient.java:onNext(255)) - client-EAA342753240->9a4a4c23-9ff3-4ce3-a619-2c71c0869997: receive RaftClientReply:client-EAA342753240->9a4a4c23-9ff3-4ce3-a619-2c71c0869997@group-EC4211DF0353, cid=2247, SUCCESS, logIndex=3311, commits[9a4a4c23-9ff3-4ce3-a619-2c71c0869997:c3312, 9b0072ab-15b3-4973-9bcb-7fa02f6bfea9:c3310, 9f215ef2-7d46-4cda-b695-cae1b893f75f:c3310]
2019-08-20 16:04:05,600 [grpc-default-executor-1] INFO  client.GrpcClientProtocolClient (GrpcClientProtocolClient.java:onNext(255)) - client-EAA342753240->9a4a4c23-9ff3-4ce3-a619-2c71c0869997: receive RaftClientReply:client-EAA342753240->9a4a4c23-9ff3-4ce3-a619-2c71c0869997@group-EC4211DF0353, cid=2248, SUCCESS, logIndex=3312, commits[9a4a4c23-9ff3-4ce3-a619-2c71c0869997:c3312, 9b0072ab-15b3-4973-9bcb-7fa02f6bfea9:c3310, 9f215ef2-7d46-4cda-b695-cae1b893f75f:c3310]
2019-08-20 16:04:05,604 | INFO  | DNAudit | user=null | ip=null | op=WRITE_CHUNK {blockData=conID: 3 locID: 102650153895723576 bcsId: 3306} | ret=SUCCESS |  
2019-08-20 16:04:05,604 | INFO  | DNAudit | user=null | ip=null | op=WRITE_CHUNK {blockData=conID: 3 locID: 102650153895723576 bcsId: 3306} | ret=SUCCESS |  
2019-08-20 16:04:05,605 | INFO  | DNAudit | user=null | ip=null | op=PUT_BLOCK {blockData=[blockId=conID: 3 locID: 102650153895723576 bcsId: 0,size=3145728]} | ret=SUCCESS |  
2019-08-20 16:04:05,605 | INFO  | DNAudit | user=null | ip=null | op=PUT_BLOCK {blockData=[blockId=conID: 3 locID: 102650153895723576 bcsId: 0,size=3145728]} | ret=SUCCESS |  
2019-08-20 16:04:05,607 | INFO  | DNAudit | user=null | ip=null | op=WRITE_CHUNK {blockData=conID: 3 locID: 102650153895723576 bcsId: 3312} | ret=SUCCESS |  
2019-08-20 16:04:05,609 | INFO  | DNAudit | user=null | ip=null | op=WRITE_CHUNK {blockData=conID: 3 locID: 102650153895723576 bcsId: 3312} | ret=SUCCESS |  
2019-08-20 16:04:05,609 | INFO  | DNAudit | user=null | ip=null | op=WRITE_CHUNK {blockData=conID: 3 locID: 102650153895723576 bcsId: 3312} | ret=SUCCESS |  
2019-08-20 16:04:05,613 | INFO  | DNAudit | user=null | ip=null | op=WRITE_CHUNK {blockData=conID: 3 locID: 102650153895723576 bcsId: 3312} | ret=SUCCESS |  
2019-08-20 16:04:05,614 | INFO  | DNAudit | user=null | ip=null | op=PUT_BLOCK {blockData=[blockId=conID: 3 locID: 102650153895723576 bcsId: 0,size=4194304]} | ret=SUCCESS |  
2019-08-20 16:04:05,614 [grpc-default-executor-5] INFO  client.GrpcClientProtocolClient (GrpcClientProtocolClient.java:onNext(255)) - client-EAA342753240->9a4a4c23-9ff3-4ce3-a619-2c71c0869997: receive RaftClientReply:client-EAA342753240->9a4a4c23-9ff3-4ce3-a619-2c71c0869997@group-EC4211DF0353, cid=2249, SUCCESS, logIndex=3315, commits[9a4a4c23-9ff3-4ce3-a619-2c71c0869997:c3316, 9b0072ab-15b3-4973-9bcb-7fa02f6bfea9:c3313, 9f215ef2-7d46-4cda-b695-cae1b893f75f:c3313]
2019-08-20 16:04:05,614 [grpc-default-executor-5] INFO  client.GrpcClientProtocolClient (GrpcClientProtocolClient.java:onNext(255)) - client-EAA342753240->9a4a4c23-9ff3-4ce3-a619-2c71c0869997: receive RaftClientReply:client-EAA342753240->9a4a4c23-9ff3-4ce3-a619-2c71c0869997@group-EC4211DF0353, cid=2250, SUCCESS, logIndex=3316, commits[9a4a4c23-9ff3-4ce3-a619-2c71c0869997:c3316, 9b0072ab-15b3-4973-9bcb-7fa02f6bfea9:c3313, 9f215ef2-7d46-4cda-b695-cae1b893f75f:c3313]
2019-08-20 16:04:05,628 | INFO  | DNAudit | user=null | ip=null | op=WRITE_CHUNK {blockData=conID: 3 locID: 102650153895723576 bcsId: 3312} | ret=SUCCESS |  
2019-08-20 16:04:05,628 | INFO  | DNAudit | user=null | ip=null | op=WRITE_CHUNK {blockData=conID: 3 locID: 102650153895723576 bcsId: 3312} | ret=SUCCESS |  
2019-08-20 16:04:05,641 [grpc-default-executor-1] INFO  client.GrpcClientProtocolClient (GrpcClientProtocolClient.java:onNext(255)) - client-EAA342753240->9a4a4c23-9ff3-4ce3-a619-2c71c0869997: receive RaftClientReply:client-EAA342753240->9a4a4c23-9ff3-4ce3-a619-2c71c0869997@group-EC4211DF0353, cid=2251, SUCCESS, logIndex=0, commits[9a4a4c23-9ff3-4ce3-a619-2c71c0869997:c3317, 9b0072ab-15b3-4973-9bcb-7fa02f6bfea9:c3316, 9f215ef2-7d46-4cda-b695-cae1b893f75f:c3316]
2019-08-20 16:04:05,646 | INFO  | SCMAudit | user=jenkins1000 | ip=192.168.69.96 | op=ALLOCATE_BLOCK {owner=ea4851f9-218c-4af7-91b4-edb777a4888c, size=4194304, type=RATIS, factor=THREE} | ret=SUCCESS |  
2019-08-20 16:04:05,653 | INFO  | DNAudit | user=null | ip=null | op=PUT_BLOCK {blockData=[blockId=conID: 3 locID: 102650153895723576 bcsId: 0,size=4194304]} | ret=SUCCESS |  
2019-08-20 16:04:05,653 | INFO  | DNAudit | user=null | ip=null | op=PUT_BLOCK {blockData=[blockId=conID: 3 locID: 102650153895723576 bcsId: 0,size=4194304]} | ret=SUCCESS |  
2019-08-20 16:04:05,653 | INFO  | OMAudit | user=jenkins1000 | ip=127.0.0.1 | op=ALLOCATE_BLOCK {volume=vol-0-94146, bucket=bucket-0-90789, key=key-0-25609, dataSize=0, replicationType=null, replicationFactor=null, keyLocationInfo=null, clientID=102650152704082322} | ret=SUCCESS |  
2019-08-20 16:04:05,662 | INFO  | DNAudit | user=null | ip=null | op=WRITE_CHUNK {blockData=conID: 1 locID: 102650153903456825 bcsId: 0} | ret=SUCCESS |  
2019-08-20 16:04:05,663 | INFO  | DNAudit | user=null | ip=null | op=WRITE_CHUNK {blockData=conID: 1 locID: 102650153903456825 bcsId: 0} | ret=SUCCESS |  
2019-08-20 16:04:05,664 | INFO  | DNAudit | user=null | ip=null | op=WRITE_CHUNK {blockData=conID: 1 locID: 102650153903456825 bcsId: 0} | ret=SUCCESS |  
2019-08-20 16:04:05,665 | INFO  | DNAudit | user=null | ip=null | op=WRITE_CHUNK {blockData=conID: 1 locID: 102650153903456825 bcsId: 0} | ret=SUCCESS |  
2019-08-20 16:04:05,665 | INFO  | DNAudit | user=null | ip=null | op=WRITE_CHUNK {blockData=conID: 1 locID: 102650153903456825 bcsId: 0} | ret=SUCCESS |  
2019-08-20 16:04:05,666 | INFO  | DNAudit | user=null | ip=null | op=WRITE_CHUNK {blockData=conID: 1 locID: 102650153903456825 bcsId: 0} | ret=SUCCESS |  
2019-08-20 16:04:05,676 | INFO  | DNAudit | user=null | ip=null | op=WRITE_CHUNK {blockData=conID: 1 locID: 102650153903456825 bcsId: 0} | ret=SUCCESS |  
2019-08-20 16:04:05,677 | INFO  | DNAudit | user=null | ip=null | op=PUT_BLOCK {blockData=[blockId=conID: 1 locID: 102650153903456825 bcsId: 0,size=1048576]} | ret=SUCCESS |  
2019-08-20 16:04:05,679 | INFO  | DNAudit | user=null | ip=null | op=WRITE_CHUNK {blockData=conID: 1 locID: 102650153903456825 bcsId: 0} | ret=SUCCESS |  
2019-08-20 16:04:05,679 [grpc-default-executor-1] INFO  client.GrpcClientProtocolClient (GrpcClientProtocolClient.java:onNext(255)) - client-EAA342753240->9a4a4c23-9ff3-4ce3-a619-2c71c0869997: receive RaftClientReply:client-EAA342753240->9a4a4c23-9ff3-4ce3-a619-2c71c0869997@group-EC4211DF0353, cid=2252, SUCCESS, logIndex=3319, commits[9a4a4c23-9ff3-4ce3-a619-2c71c0869997:c3321, 9b0072ab-15b3-4973-9bcb-7fa02f6bfea9:c3318, 9f215ef2-7d46-4cda-b695-cae1b893f75f:c3318]
2019-08-20 16:04:05,680 | INFO  | DNAudit | user=null | ip=null | op=PUT_BLOCK {blockData=[blockId=conID: 1 locID: 102650153903456825 bcsId: 0,size=2097152]} | ret=SUCCESS |  
2019-08-20 16:04:05,680 | INFO  | DNAudit | user=null | ip=null | op=WRITE_CHUNK {blockData=conID: 1 locID: 102650153903456825 bcsId: 0} | ret=SUCCESS |  
2019-08-20 16:04:05,680 | INFO  | DNAudit | user=null | ip=null | op=WRITE_CHUNK {blockData=conID: 1 locID: 102650153903456825 bcsId: 0} | ret=SUCCESS |  
2019-08-20 16:04:05,680 | INFO  | DNAudit | user=null | ip=null | op=PUT_BLOCK {blockData=[blockId=conID: 1 locID: 102650153903456825 bcsId: 0,size=1048576]} | ret=SUCCESS |  
2019-08-20 16:04:05,680 | INFO  | DNAudit | user=null | ip=null | op=PUT_BLOCK {blockData=[blockId=conID: 1 locID: 102650153903456825 bcsId: 0,size=1048576]} | ret=SUCCESS |  
2019-08-20 16:04:05,680 [grpc-default-executor-5] INFO  client.GrpcClientProtocolClient (GrpcClientProtocolClient.java:onNext(255)) - client-EAA342753240->9a4a4c23-9ff3-4ce3-a619-2c71c0869997: receive RaftClientReply:client-EAA342753240->9a4a4c23-9ff3-4ce3-a619-2c71c0869997@group-EC4211DF0353, cid=2253, SUCCESS, logIndex=3320, commits[9a4a4c23-9ff3-4ce3-a619-2c71c0869997:c3322, 9b0072ab-15b3-4973-9bcb-7fa02f6bfea9:c3318, 9f215ef2-7d46-4cda-b695-cae1b893f75f:c3318]
2019-08-20 16:04:05,680 | INFO  | DNAudit | user=null | ip=null | op=WRITE_CHUNK {blockData=conID: 1 locID: 102650153903456825 bcsId: 0} | ret=SUCCESS |  
2019-08-20 16:04:05,680 [grpc-default-executor-5] INFO  client.GrpcClientProtocolClient (GrpcClientProtocolClient.java:onNext(255)) - client-EAA342753240->9a4a4c23-9ff3-4ce3-a619-2c71c0869997: receive RaftClientReply:client-EAA342753240->9a4a4c23-9ff3-4ce3-a619-2c71c0869997@group-EC4211DF0353, cid=2254, SUCCESS, logIndex=3321, commits[9a4a4c23-9ff3-4ce3-a619-2c71c0869997:c3322, 9b0072ab-15b3-4973-9bcb-7fa02f6bfea9:c3318, 9f215ef2-7d46-4cda-b695-cae1b893f75f:c3318]
2019-08-20 16:04:05,681 [grpc-default-executor-5] INFO  client.GrpcClientProtocolClient (GrpcClientProtocolClient.java:onNext(255)) - client-EAA342753240->9a4a4c23-9ff3-4ce3-a619-2c71c0869997: receive RaftClientReply:client-EAA342753240->9a4a4c23-9ff3-4ce3-a619-2c71c0869997@group-EC4211DF0353, cid=2255, SUCCESS, logIndex=3322, commits[9a4a4c23-9ff3-4ce3-a619-2c71c0869997:c3323, 9b0072ab-15b3-4973-9bcb-7fa02f6bfea9:c3320, 9f215ef2-7d46-4cda-b695-cae1b893f75f:c3318]
2019-08-20 16:04:05,681 [grpc-default-executor-5] INFO  client.GrpcClientProtocolClient (GrpcClientProtocolClient.java:onNext(255)) - client-EAA342753240->9a4a4c23-9ff3-4ce3-a619-2c71c0869997: receive RaftClientReply:client-EAA342753240->9a4a4c23-9ff3-4ce3-a619-2c71c0869997@group-EC4211DF0353, cid=2256, SUCCESS, logIndex=0, commits[9a4a4c23-9ff3-4ce3-a619-2c71c0869997:c3323, 9b0072ab-15b3-4973-9bcb-7fa02f6bfea9:c3320, 9f215ef2-7d46-4cda-b695-cae1b893f75f:c3321]
2019-08-20 16:04:05,688 | INFO  | DNAudit | user=null | ip=null | op=WRITE_CHUNK {blockData=conID: 1 locID: 102650153903456825 bcsId: 3322} | ret=SUCCESS |  
2019-08-20 16:04:05,691 | INFO  | DNAudit | user=null | ip=null | op=WRITE_CHUNK {blockData=conID: 1 locID: 102650153903456825 bcsId: 3322} | ret=SUCCESS |  
2019-08-20 16:04:05,692 | INFO  | DNAudit | user=null | ip=null | op=WRITE_CHUNK {blockData=conID: 1 locID: 102650153903456825 bcsId: 3322} | ret=SUCCESS |  
2019-08-20 16:04:05,693 | INFO  | DNAudit | user=null | ip=null | op=WRITE_CHUNK {blockData=conID: 1 locID: 102650153903456825 bcsId: 0} | ret=SUCCESS |  
2019-08-20 16:04:05,693 | INFO  | DNAudit | user=null | ip=null | op=PUT_BLOCK {blockData=[blockId=conID: 1 locID: 102650153903456825 bcsId: 0,size=2097152]} | ret=SUCCESS |  
2019-08-20 16:04:05,693 | INFO  | DNAudit | user=null | ip=null | op=PUT_BLOCK {blockData=[blockId=conID: 1 locID: 102650153903456825 bcsId: 0,size=2097152]} | ret=SUCCESS |  
2019-08-20 16:04:05,705 | INFO  | DNAudit | user=null | ip=null | op=WRITE_CHUNK {blockData=conID: 1 locID: 102650153903456825 bcsId: 3322} | ret=SUCCESS |  
2019-08-20 16:04:05,705 | INFO  | DNAudit | user=null | ip=null | op=PUT_BLOCK {blockData=[blockId=conID: 1 locID: 102650153903456825 bcsId: 0,size=3145728]} | ret=SUCCESS |  
2019-08-20 16:04:05,706 [grpc-default-executor-3] INFO  client.GrpcClientProtocolClient (GrpcClientProtocolClient.java:onNext(255)) - client-EAA342753240->9a4a4c23-9ff3-4ce3-a619-2c71c0869997: receive RaftClientReply:client-EAA342753240->9a4a4c23-9ff3-4ce3-a619-2c71c0869997@group-EC4211DF0353, cid=2257, SUCCESS, logIndex=3327, commits[9a4a4c23-9ff3-4ce3-a619-2c71c0869997:c3328, 9b0072ab-15b3-4973-9bcb-7fa02f6bfea9:c3323, 9f215ef2-7d46-4cda-b695-cae1b893f75f:c3323]
2019-08-20 16:04:05,706 [grpc-default-executor-3] INFO  client.GrpcClientProtocolClient (GrpcClientProtocolClient.java:onNext(255)) - client-EAA342753240->9a4a4c23-9ff3-4ce3-a619-2c71c0869997: receive RaftClientReply:client-EAA342753240->9a4a4c23-9ff3-4ce3-a619-2c71c0869997@group-EC4211DF0353, cid=2258, SUCCESS, logIndex=3328, commits[9a4a4c23-9ff3-4ce3-a619-2c71c0869997:c3328, 9b0072ab-15b3-4973-9bcb-7fa02f6bfea9:c3323, 9f215ef2-7d46-4cda-b695-cae1b893f75f:c3323]
2019-08-20 16:04:05,712 | INFO  | DNAudit | user=null | ip=null | op=WRITE_CHUNK {blockData=conID: 1 locID: 102650153903456825 bcsId: 3328} | ret=SUCCESS |  
2019-08-20 16:04:05,714 | INFO  | DNAudit | user=null | ip=null | op=WRITE_CHUNK {blockData=conID: 1 locID: 102650153903456825 bcsId: 3328} | ret=SUCCESS |  
2019-08-20 16:04:05,715 | INFO  | DNAudit | user=null | ip=null | op=WRITE_CHUNK {blockData=conID: 1 locID: 102650153903456825 bcsId: 3328} | ret=SUCCESS |  
2019-08-20 16:04:05,728 | INFO  | DNAudit | user=null | ip=null | op=WRITE_CHUNK {blockData=conID: 1 locID: 102650153903456825 bcsId: 3322} | ret=SUCCESS |  
2019-08-20 16:04:05,728 | INFO  | DNAudit | user=null | ip=null | op=WRITE_CHUNK {blockData=conID: 1 locID: 102650153903456825 bcsId: 3322} | ret=SUCCESS |  
2019-08-20 16:04:05,728 | INFO  | DNAudit | user=null | ip=null | op=WRITE_CHUNK {blockData=conID: 1 locID: 102650153903456825 bcsId: 3328} | ret=SUCCESS |  
2019-08-20 16:04:05,728 | INFO  | DNAudit | user=null | ip=null | op=PUT_BLOCK {blockData=[blockId=conID: 1 locID: 102650153903456825 bcsId: 0,size=3145728]} | ret=SUCCESS |  
2019-08-20 16:04:05,728 | INFO  | DNAudit | user=null | ip=null | op=PUT_BLOCK {blockData=[blockId=conID: 1 locID: 102650153903456825 bcsId: 0,size=3145728]} | ret=SUCCESS |  
2019-08-20 16:04:05,728 | INFO  | DNAudit | user=null | ip=null | op=PUT_BLOCK {blockData=[blockId=conID: 1 locID: 102650153903456825 bcsId: 0,size=4194304]} | ret=SUCCESS |  
2019-08-20 16:04:05,728 [grpc-default-executor-5] INFO  client.GrpcClientProtocolClient (GrpcClientProtocolClient.java:onNext(255)) - client-EAA342753240->9a4a4c23-9ff3-4ce3-a619-2c71c0869997: receive RaftClientReply:client-EAA342753240->9a4a4c23-9ff3-4ce3-a619-2c71c0869997@group-EC4211DF0353, cid=2259, SUCCESS, logIndex=3331, commits[9a4a4c23-9ff3-4ce3-a619-2c71c0869997:c3332, 9b0072ab-15b3-4973-9bcb-7fa02f6bfea9:c3328, 9f215ef2-7d46-4cda-b695-cae1b893f75f:c3328]
2019-08-20 16:04:05,729 [grpc-default-executor-5] INFO  client.GrpcClientProtocolClient (GrpcClientProtocolClient.java:onNext(255)) - client-EAA342753240->9a4a4c23-9ff3-4ce3-a619-2c71c0869997: receive RaftClientReply:client-EAA342753240->9a4a4c23-9ff3-4ce3-a619-2c71c0869997@group-EC4211DF0353, cid=2260, SUCCESS, logIndex=3332, commits[9a4a4c23-9ff3-4ce3-a619-2c71c0869997:c3332, 9b0072ab-15b3-4973-9bcb-7fa02f6bfea9:c3328, 9f215ef2-7d46-4cda-b695-cae1b893f75f:c3328]
2019-08-20 16:04:05,731 | INFO  | DNAudit | user=null | ip=null | op=WRITE_CHUNK {blockData=conID: 1 locID: 102650153903456825 bcsId: 3328} | ret=SUCCESS |  
2019-08-20 16:04:05,731 | INFO  | DNAudit | user=null | ip=null | op=WRITE_CHUNK {blockData=conID: 1 locID: 102650153903456825 bcsId: 3328} | ret=SUCCESS |  
2019-08-20 16:04:05,732 | INFO  | DNAudit | user=null | ip=null | op=PUT_BLOCK {blockData=[blockId=conID: 1 locID: 102650153903456825 bcsId: 0,size=4194304]} | ret=SUCCESS |  
2019-08-20 16:04:05,732 | INFO  | DNAudit | user=null | ip=null | op=PUT_BLOCK {blockData=[blockId=conID: 1 locID: 102650153903456825 bcsId: 0,size=4194304]} | ret=SUCCESS |  
2019-08-20 16:04:05,733 [grpc-default-executor-5] INFO  client.GrpcClientProtocolClient (GrpcClientProtocolClient.java:onNext(255)) - client-EAA342753240->9a4a4c23-9ff3-4ce3-a619-2c71c0869997: receive RaftClientReply:client-EAA342753240->9a4a4c23-9ff3-4ce3-a619-2c71c0869997@group-EC4211DF0353, cid=2261, SUCCESS, logIndex=0, commits[9a4a4c23-9ff3-4ce3-a619-2c71c0869997:c3334, 9b0072ab-15b3-4973-9bcb-7fa02f6bfea9:c3332, 9f215ef2-7d46-4cda-b695-cae1b893f75f:c3332]
2019-08-20 16:04:05,738 | INFO  | SCMAudit | user=jenkins1000 | ip=192.168.69.96 | op=ALLOCATE_BLOCK {owner=ea4851f9-218c-4af7-91b4-edb777a4888c, size=4194304, type=RATIS, factor=THREE} | ret=SUCCESS |  
2019-08-20 16:04:05,741 | INFO  | OMAudit | user=jenkins1000 | ip=127.0.0.1 | op=ALLOCATE_BLOCK {volume=vol-0-94146, bucket=bucket-0-90789, key=key-0-25609, dataSize=0, replicationType=null, replicationFactor=null, keyLocationInfo=null, clientID=102650152704082322} | ret=SUCCESS |  
2019-08-20 16:04:05,748 | INFO  | DNAudit | user=null | ip=null | op=WRITE_CHUNK {blockData=conID: 2 locID: 102650153909486138 bcsId: 0} | ret=SUCCESS |  
2019-08-20 16:04:05,751 | INFO  | DNAudit | user=null | ip=null | op=WRITE_CHUNK {blockData=conID: 2 locID: 102650153909486138 bcsId: 0} | ret=SUCCESS |  
2019-08-20 16:04:05,751 | INFO  | DNAudit | user=null | ip=null | op=WRITE_CHUNK {blockData=conID: 2 locID: 102650153909486138 bcsId: 0} | ret=SUCCESS |  
2019-08-20 16:04:05,751 | INFO  | DNAudit | user=null | ip=null | op=WRITE_CHUNK {blockData=conID: 2 locID: 102650153909486138 bcsId: 0} | ret=SUCCESS |  
2019-08-20 16:04:05,752 | INFO  | DNAudit | user=null | ip=null | op=WRITE_CHUNK {blockData=conID: 2 locID: 102650153909486138 bcsId: 0} | ret=SUCCESS |  
2019-08-20 16:04:05,753 | INFO  | DNAudit | user=null | ip=null | op=WRITE_CHUNK {blockData=conID: 2 locID: 102650153909486138 bcsId: 0} | ret=SUCCESS |  
2019-08-20 16:04:05,771 | INFO  | DNAudit | user=null | ip=null | op=WRITE_CHUNK {blockData=conID: 2 locID: 102650153909486138 bcsId: 0} | ret=SUCCESS |  
2019-08-20 16:04:05,771 | INFO  | DNAudit | user=null | ip=null | op=PUT_BLOCK {blockData=[blockId=conID: 2 locID: 102650153909486138 bcsId: 0,size=1048576]} | ret=SUCCESS |  
2019-08-20 16:04:05,772 | INFO  | DNAudit | user=null | ip=null | op=WRITE_CHUNK {blockData=conID: 2 locID: 102650153909486138 bcsId: 0} | ret=SUCCESS |  
2019-08-20 16:04:05,772 | INFO  | DNAudit | user=null | ip=null | op=WRITE_CHUNK {blockData=conID: 2 locID: 102650153909486138 bcsId: 0} | ret=SUCCESS |  
2019-08-20 16:04:05,772 | INFO  | DNAudit | user=null | ip=null | op=PUT_BLOCK {blockData=[blockId=conID: 2 locID: 102650153909486138 bcsId: 0,size=2097152]} | ret=SUCCESS |  
2019-08-20 16:04:05,772 [grpc-default-executor-3] INFO  client.GrpcClientProtocolClient (GrpcClientProtocolClient.java:onNext(255)) - client-EAA342753240->9a4a4c23-9ff3-4ce3-a619-2c71c0869997: receive RaftClientReply:client-EAA342753240->9a4a4c23-9ff3-4ce3-a619-2c71c0869997@group-EC4211DF0353, cid=2262, SUCCESS, logIndex=3335, commits[9a4a4c23-9ff3-4ce3-a619-2c71c0869997:c3336, 9b0072ab-15b3-4973-9bcb-7fa02f6bfea9:c3334, 9f215ef2-7d46-4cda-b695-cae1b893f75f:c3334]
2019-08-20 16:04:05,773 | INFO  | DNAudit | user=null | ip=null | op=WRITE_CHUNK {blockData=conID: 2 locID: 102650153909486138 bcsId: 0} | ret=SUCCESS |  
2019-08-20 16:04:05,773 [grpc-default-executor-3] INFO  client.GrpcClientProtocolClient (GrpcClientProtocolClient.java:onNext(255)) - client-EAA342753240->9a4a4c23-9ff3-4ce3-a619-2c71c0869997: receive RaftClientReply:client-EAA342753240->9a4a4c23-9ff3-4ce3-a619-2c71c0869997@group-EC4211DF0353, cid=2263, SUCCESS, logIndex=3336, commits[9a4a4c23-9ff3-4ce3-a619-2c71c0869997:c3336, 9b0072ab-15b3-4973-9bcb-7fa02f6bfea9:c3334, 9f215ef2-7d46-4cda-b695-cae1b893f75f:c3334]
2019-08-20 16:04:05,773 [grpc-default-executor-3] INFO  client.GrpcClientProtocolClient (GrpcClientProtocolClient.java:onNext(255)) - client-EAA342753240->9a4a4c23-9ff3-4ce3-a619-2c71c0869997: receive RaftClientReply:client-EAA342753240->9a4a4c23-9ff3-4ce3-a619-2c71c0869997@group-EC4211DF0353, cid=2264, SUCCESS, logIndex=3337, commits[9a4a4c23-9ff3-4ce3-a619-2c71c0869997:c3338, 9b0072ab-15b3-4973-9bcb-7fa02f6bfea9:c3334, 9f215ef2-7d46-4cda-b695-cae1b893f75f:c3334]
2019-08-20 16:04:05,773 [grpc-default-executor-3] INFO  client.GrpcClientProtocolClient (GrpcClientProtocolClient.java:onNext(255)) - client-EAA342753240->9a4a4c23-9ff3-4ce3-a619-2c71c0869997: receive RaftClientReply:client-EAA342753240->9a4a4c23-9ff3-4ce3-a619-2c71c0869997@group-EC4211DF0353, cid=2265, SUCCESS, logIndex=3338, commits[9a4a4c23-9ff3-4ce3-a619-2c71c0869997:c3338, 9b0072ab-15b3-4973-9bcb-7fa02f6bfea9:c3334, 9f215ef2-7d46-4cda-b695-cae1b893f75f:c3335]
2019-08-20 16:04:05,775 | INFO  | DNAudit | user=null | ip=null | op=PUT_BLOCK {blockData=[blockId=conID: 2 locID: 102650153909486138 bcsId: 0,size=1048576]} | ret=SUCCESS |  
2019-08-20 16:04:05,786 | INFO  | DNAudit | user=null | ip=null | op=PUT_BLOCK {blockData=[blockId=conID: 2 locID: 102650153909486138 bcsId: 0,size=1048576]} | ret=SUCCESS |  
2019-08-20 16:04:05,786 [grpc-default-executor-3] INFO  client.GrpcClientProtocolClient (GrpcClientProtocolClient.java:onNext(255)) - client-EAA342753240->9a4a4c23-9ff3-4ce3-a619-2c71c0869997: receive RaftClientReply:client-EAA342753240->9a4a4c23-9ff3-4ce3-a619-2c71c0869997@group-EC4211DF0353, cid=2266, SUCCESS, logIndex=0, commits[9a4a4c23-9ff3-4ce3-a619-2c71c0869997:c3342, 9b0072ab-15b3-4973-9bcb-7fa02f6bfea9:c3336, 9f215ef2-7d46-4cda-b695-cae1b893f75f:c3336]
2019-08-20 16:04:05,792 | INFO  | DNAudit | user=null | ip=null | op=WRITE_CHUNK {blockData=conID: 2 locID: 102650153909486138 bcsId: 3338} | ret=SUCCESS |  
2019-08-20 16:04:05,794 | INFO  | DNAudit | user=null | ip=null | op=WRITE_CHUNK {blockData=conID: 2 locID: 102650153909486138 bcsId: 3338} | ret=SUCCESS |  
2019-08-20 16:04:05,795 | INFO  | DNAudit | user=null | ip=null | op=WRITE_CHUNK {blockData=conID: 2 locID: 102650153909486138 bcsId: 3338} | ret=SUCCESS |  
2019-08-20 16:04:05,807 | INFO  | DNAudit | user=null | ip=null | op=WRITE_CHUNK {blockData=conID: 2 locID: 102650153909486138 bcsId: 0} | ret=SUCCESS |  
2019-08-20 16:04:05,808 | INFO  | DNAudit | user=null | ip=null | op=PUT_BLOCK {blockData=[blockId=conID: 2 locID: 102650153909486138 bcsId: 0,size=2097152]} | ret=SUCCESS |  
2019-08-20 16:04:05,808 | INFO  | DNAudit | user=null | ip=null | op=WRITE_CHUNK {blockData=conID: 2 locID: 102650153909486138 bcsId: 3338} | ret=SUCCESS |  
2019-08-20 16:04:05,808 | INFO  | DNAudit | user=null | ip=null | op=PUT_BLOCK {blockData=[blockId=conID: 2 locID: 102650153909486138 bcsId: 0,size=3145728]} | ret=SUCCESS |  
2019-08-20 16:04:05,809 | INFO  | DNAudit | user=null | ip=null | op=WRITE_CHUNK {blockData=conID: 2 locID: 102650153909486138 bcsId: 0} | ret=SUCCESS |  
2019-08-20 16:04:05,808 [grpc-default-executor-3] INFO  client.GrpcClientProtocolClient (GrpcClientProtocolClient.java:onNext(255)) - client-EAA342753240->9a4a4c23-9ff3-4ce3-a619-2c71c0869997: receive RaftClientReply:client-EAA342753240->9a4a4c23-9ff3-4ce3-a619-2c71c0869997@group-EC4211DF0353, cid=2267, SUCCESS, logIndex=3343, commits[9a4a4c23-9ff3-4ce3-a619-2c71c0869997:c3344, 9b0072ab-15b3-4973-9bcb-7fa02f6bfea9:c3342, 9f215ef2-7d46-4cda-b695-cae1b893f75f:c3336]
2019-08-20 16:04:05,809 | INFO  | DNAudit | user=null | ip=null | op=PUT_BLOCK {blockData=[blockId=conID: 2 locID: 102650153909486138 bcsId: 0,size=2097152]} | ret=SUCCESS |  
2019-08-20 16:04:05,809 [grpc-default-executor-3] INFO  client.GrpcClientProtocolClient (GrpcClientProtocolClient.java:onNext(255)) - client-EAA342753240->9a4a4c23-9ff3-4ce3-a619-2c71c0869997: receive RaftClientReply:client-EAA342753240->9a4a4c23-9ff3-4ce3-a619-2c71c0869997@group-EC4211DF0353, cid=2268, SUCCESS, logIndex=3344, commits[9a4a4c23-9ff3-4ce3-a619-2c71c0869997:c3344, 9b0072ab-15b3-4973-9bcb-7fa02f6bfea9:c3342, 9f215ef2-7d46-4cda-b695-cae1b893f75f:c3336]
2019-08-20 16:04:05,810 [grpc-default-executor-3] INFO  client.GrpcClientProtocolClient (GrpcClientProtocolClient.java:onNext(255)) - client-EAA342753240->9a4a4c23-9ff3-4ce3-a619-2c71c0869997: receive RaftClientReply:client-EAA342753240->9a4a4c23-9ff3-4ce3-a619-2c71c0869997@group-EC4211DF0353, cid=2269, SUCCESS, logIndex=0, commits[9a4a4c23-9ff3-4ce3-a619-2c71c0869997:c3344, 9b0072ab-15b3-4973-9bcb-7fa02f6bfea9:c3342, 9f215ef2-7d46-4cda-b695-cae1b893f75f:c3342]
2019-08-20 16:04:05,815 | INFO  | DNAudit | user=null | ip=null | op=WRITE_CHUNK {blockData=conID: 2 locID: 102650153909486138 bcsId: 3344} | ret=SUCCESS |  
2019-08-20 16:04:05,818 | INFO  | DNAudit | user=null | ip=null | op=WRITE_CHUNK {blockData=conID: 2 locID: 102650153909486138 bcsId: 3344} | ret=SUCCESS |  
2019-08-20 16:04:05,820 | INFO  | DNAudit | user=null | ip=null | op=WRITE_CHUNK {blockData=conID: 2 locID: 102650153909486138 bcsId: 3344} | ret=SUCCESS |  
2019-08-20 16:04:05,820 | INFO  | DNAudit | user=null | ip=null | op=WRITE_CHUNK {blockData=conID: 2 locID: 102650153909486138 bcsId: 3338} | ret=SUCCESS |  
2019-08-20 16:04:05,820 | INFO  | DNAudit | user=null | ip=null | op=WRITE_CHUNK {blockData=conID: 2 locID: 102650153909486138 bcsId: 3338} | ret=SUCCESS |  
2019-08-20 16:04:05,821 | INFO  | DNAudit | user=null | ip=null | op=PUT_BLOCK {blockData=[blockId=conID: 2 locID: 102650153909486138 bcsId: 0,size=3145728]} | ret=SUCCESS |  
2019-08-20 16:04:05,821 | INFO  | DNAudit | user=null | ip=null | op=PUT_BLOCK {blockData=[blockId=conID: 2 locID: 102650153909486138 bcsId: 0,size=3145728]} | ret=SUCCESS |  
2019-08-20 16:04:05,823 | INFO  | DNAudit | user=null | ip=null | op=WRITE_CHUNK {blockData=conID: 2 locID: 102650153909486138 bcsId: 3344} | ret=SUCCESS |  
2019-08-20 16:04:05,823 | INFO  | DNAudit | user=null | ip=null | op=PUT_BLOCK {blockData=[blockId=conID: 2 locID: 102650153909486138 bcsId: 0,size=4194304]} | ret=SUCCESS |  
2019-08-20 16:04:05,823 [grpc-default-executor-1] INFO  client.GrpcClientProtocolClient (GrpcClientProtocolClient.java:onNext(255)) - client-EAA342753240->9a4a4c23-9ff3-4ce3-a619-2c71c0869997: receive RaftClientReply:client-EAA342753240->9a4a4c23-9ff3-4ce3-a619-2c71c0869997@group-EC4211DF0353, cid=2270, SUCCESS, logIndex=3347, commits[9a4a4c23-9ff3-4ce3-a619-2c71c0869997:c3348, 9b0072ab-15b3-4973-9bcb-7fa02f6bfea9:c3344, 9f215ef2-7d46-4cda-b695-cae1b893f75f:c3344]
2019-08-20 16:04:05,824 [grpc-default-executor-1] INFO  client.GrpcClientProtocolClient (GrpcClientProtocolClient.java:onNext(255)) - client-EAA342753240->9a4a4c23-9ff3-4ce3-a619-2c71c0869997: receive RaftClientReply:client-EAA342753240->9a4a4c23-9ff3-4ce3-a619-2c71c0869997@group-EC4211DF0353, cid=2271, SUCCESS, logIndex=3348, commits[9a4a4c23-9ff3-4ce3-a619-2c71c0869997:c3348, 9b0072ab-15b3-4973-9bcb-7fa02f6bfea9:c3344, 9f215ef2-7d46-4cda-b695-cae1b893f75f:c3344]
2019-08-20 16:04:05,892 | INFO  | DNAudit | user=null | ip=null | op=WRITE_CHUNK {blockData=conID: 2 locID: 102650153909486138 bcsId: 3344} | ret=SUCCESS |  
2019-08-20 16:04:05,892 | INFO  | DNAudit | user=null | ip=null | op=WRITE_CHUNK {blockData=conID: 2 locID: 102650153909486138 bcsId: 3344} | ret=SUCCESS |  
2019-08-20 16:04:05,895 | INFO  | DNAudit | user=null | ip=null | op=PUT_BLOCK {blockData=[blockId=conID: 2 locID: 102650153909486138 bcsId: 0,size=4194304]} | ret=SUCCESS |  
2019-08-20 16:04:05,895 | INFO  | DNAudit | user=null | ip=null | op=PUT_BLOCK {blockData=[blockId=conID: 2 locID: 102650153909486138 bcsId: 0,size=4194304]} | ret=SUCCESS |  
2019-08-20 16:04:05,896 [grpc-default-executor-1] INFO  client.GrpcClientProtocolClient (GrpcClientProtocolClient.java:onNext(255)) - client-EAA342753240->9a4a4c23-9ff3-4ce3-a619-2c71c0869997: receive RaftClientReply:client-EAA342753240->9a4a4c23-9ff3-4ce3-a619-2c71c0869997@group-EC4211DF0353, cid=2272, SUCCESS, logIndex=0, commits[9a4a4c23-9ff3-4ce3-a619-2c71c0869997:c3350, 9b0072ab-15b3-4973-9bcb-7fa02f6bfea9:c3348, 9f215ef2-7d46-4cda-b695-cae1b893f75f:c3348]
2019-08-20 16:04:05,901 | INFO  | SCMAudit | user=jenkins1000 | ip=192.168.69.96 | op=SEND_HEARTBEAT {datanodeUUID=9b0072ab-15b3-4973-9bcb-7fa02f6bfea9, command=[]} | ret=SUCCESS |  
2019-08-20 16:04:05,901 | INFO  | SCMAudit | user=jenkins1000 | ip=192.168.69.96 | op=SEND_HEARTBEAT {datanodeUUID=9f215ef2-7d46-4cda-b695-cae1b893f75f, command=[]} | ret=SUCCESS |  
2019-08-20 16:04:05,901 | INFO  | SCMAudit | user=jenkins1000 | ip=192.168.69.96 | op=SEND_HEARTBEAT {datanodeUUID=9a4a4c23-9ff3-4ce3-a619-2c71c0869997, command=[]} | ret=SUCCESS |  
2019-08-20 16:04:05,901 | INFO  | SCMAudit | user=jenkins1000 | ip=192.168.69.96 | op=SEND_HEARTBEAT {datanodeUUID=f1afe498-2778-451e-a3e4-8199ec337a15, command=[]} | ret=SUCCESS |  
2019-08-20 16:04:05,902 | INFO  | SCMAudit | user=jenkins1000 | ip=192.168.69.96 | op=ALLOCATE_BLOCK {owner=ea4851f9-218c-4af7-91b4-edb777a4888c, size=4194304, type=RATIS, factor=THREE} | ret=SUCCESS |  
2019-08-20 16:04:05,902 | INFO  | SCMAudit | user=jenkins1000 | ip=192.168.69.96 | op=SEND_HEARTBEAT {datanodeUUID=69f203df-fb09-400b-ac11-cd7a56dd70a5, command=[]} | ret=SUCCESS |  
 0.00% |█                                                                                                    |  0/1 Time: 0:00:182019-08-20 16:04:05,904 | INFO  | OMAudit | user=jenkins1000 | ip=127.0.0.1 | op=ALLOCATE_BLOCK {volume=vol-0-94146, bucket=bucket-0-90789, key=key-0-25609, dataSize=0, replicationType=null, replicationFactor=null, keyLocationInfo=null, clientID=102650152704082322} | ret=SUCCESS |  
2019-08-20 16:04:05,913 | INFO  | DNAudit | user=null | ip=null | op=WRITE_CHUNK {blockData=conID: 3 locID: 102650153920168507 bcsId: 0} | ret=SUCCESS |  
2019-08-20 16:04:05,915 | INFO  | DNAudit | user=null | ip=null | op=WRITE_CHUNK {blockData=conID: 3 locID: 102650153920168507 bcsId: 0} | ret=SUCCESS |  
2019-08-20 16:04:05,916 | INFO  | DNAudit | user=null | ip=null | op=WRITE_CHUNK {blockData=conID: 3 locID: 102650153920168507 bcsId: 0} | ret=SUCCESS |  
2019-08-20 16:04:05,916 | INFO  | DNAudit | user=null | ip=null | op=WRITE_CHUNK {blockData=conID: 3 locID: 102650153920168507 bcsId: 0} | ret=SUCCESS |  
2019-08-20 16:04:05,918 | INFO  | DNAudit | user=null | ip=null | op=WRITE_CHUNK {blockData=conID: 3 locID: 102650153920168507 bcsId: 0} | ret=SUCCESS |  
2019-08-20 16:04:05,918 | INFO  | DNAudit | user=null | ip=null | op=WRITE_CHUNK {blockData=conID: 3 locID: 102650153920168507 bcsId: 0} | ret=SUCCESS |  
2019-08-20 16:04:05,929 | INFO  | DNAudit | user=null | ip=null | op=WRITE_CHUNK {blockData=conID: 3 locID: 102650153920168507 bcsId: 0} | ret=SUCCESS |  
2019-08-20 16:04:05,930 | INFO  | DNAudit | user=null | ip=null | op=PUT_BLOCK {blockData=[blockId=conID: 3 locID: 102650153920168507 bcsId: 0,size=1048576]} | ret=SUCCESS |  
2019-08-20 16:04:05,930 [grpc-default-executor-3] INFO  client.GrpcClientProtocolClient (GrpcClientProtocolClient.java:onNext(255)) - client-EAA342753240->9a4a4c23-9ff3-4ce3-a619-2c71c0869997: receive RaftClientReply:client-EAA342753240->9a4a4c23-9ff3-4ce3-a619-2c71c0869997@group-EC4211DF0353, cid=2273, SUCCESS, logIndex=3351, commits[9a4a4c23-9ff3-4ce3-a619-2c71c0869997:c3352, 9b0072ab-15b3-4973-9bcb-7fa02f6bfea9:c3350, 9f215ef2-7d46-4cda-b695-cae1b893f75f:c3348]
2019-08-20 16:04:05,930 [grpc-default-executor-3] INFO  client.GrpcClientProtocolClient (GrpcClientProtocolClient.java:onNext(255)) - client-EAA342753240->9a4a4c23-9ff3-4ce3-a619-2c71c0869997: receive RaftClientReply:client-EAA342753240->9a4a4c23-9ff3-4ce3-a619-2c71c0869997@group-EC4211DF0353, cid=2274, SUCCESS, logIndex=3352, commits[9a4a4c23-9ff3-4ce3-a619-2c71c0869997:c3352, 9b0072ab-15b3-4973-9bcb-7fa02f6bfea9:c3350, 9f215ef2-7d46-4cda-b695-cae1b893f75f:c3348]
2019-08-20 16:04:05,947 | INFO  | DNAudit | user=null | ip=null | op=WRITE_CHUNK {blockData=conID: 3 locID: 102650153920168507 bcsId: 0} | ret=SUCCESS |  
2019-08-20 16:04:05,947 | INFO  | DNAudit | user=null | ip=null | op=PUT_BLOCK {blockData=[blockId=conID: 3 locID: 102650153920168507 bcsId: 0,size=2097152]} | ret=SUCCESS |  
2019-08-20 16:04:05,948 [grpc-default-executor-3] INFO  client.GrpcClientProtocolClient (GrpcClientProtocolClient.java:onNext(255)) - client-EAA342753240->9a4a4c23-9ff3-4ce3-a619-2c71c0869997: receive RaftClientReply:client-EAA342753240->9a4a4c23-9ff3-4ce3-a619-2c71c0869997@group-EC4211DF0353, cid=2275, SUCCESS, logIndex=3353, commits[9a4a4c23-9ff3-4ce3-a619-2c71c0869997:c3354, 9b0072ab-15b3-4973-9bcb-7fa02f6bfea9:c3350, 9f215ef2-7d46-4cda-b695-cae1b893f75f:c3350]
2019-08-20 16:04:05,948 [grpc-default-executor-3] INFO  client.GrpcClientProtocolClient (GrpcClientProtocolClient.java:onNext(255)) - client-EAA342753240->9a4a4c23-9ff3-4ce3-a619-2c71c0869997: receive RaftClientReply:client-EAA342753240->9a4a4c23-9ff3-4ce3-a619-2c71c0869997@group-EC4211DF0353, cid=2276, SUCCESS, logIndex=3354, commits[9a4a4c23-9ff3-4ce3-a619-2c71c0869997:c3354, 9b0072ab-15b3-4973-9bcb-7fa02f6bfea9:c3350, 9f215ef2-7d46-4cda-b695-cae1b893f75f:c3350]
2019-08-20 16:04:05,949 | INFO  | DNAudit | user=null | ip=null | op=WRITE_CHUNK {blockData=conID: 3 locID: 102650153920168507 bcsId: 0} | ret=SUCCESS |  
2019-08-20 16:04:05,950 [grpc-default-executor-3] INFO  client.GrpcClientProtocolClient (GrpcClientProtocolClient.java:onNext(255)) - client-EAA342753240->9a4a4c23-9ff3-4ce3-a619-2c71c0869997: receive RaftClientReply:client-EAA342753240->9a4a4c23-9ff3-4ce3-a619-2c71c0869997@group-EC4211DF0353, cid=2277, SUCCESS, logIndex=0, commits[9a4a4c23-9ff3-4ce3-a619-2c71c0869997:c3355, 9b0072ab-15b3-4973-9bcb-7fa02f6bfea9:c3352, 9f215ef2-7d46-4cda-b695-cae1b893f75f:c3352]
2019-08-20 16:04:05,954 | INFO  | DNAudit | user=null | ip=null | op=WRITE_CHUNK {blockData=conID: 3 locID: 102650153920168507 bcsId: 0} | ret=SUCCESS |  
2019-08-20 16:04:05,954 | INFO  | DNAudit | user=null | ip=null | op=PUT_BLOCK {blockData=[blockId=conID: 3 locID: 102650153920168507 bcsId: 0,size=1048576]} | ret=SUCCESS |  
2019-08-20 16:04:05,954 | INFO  | DNAudit | user=null | ip=null | op=PUT_BLOCK {blockData=[blockId=conID: 3 locID: 102650153920168507 bcsId: 0,size=1048576]} | ret=SUCCESS |  
2019-08-20 16:04:05,955 | INFO  | DNAudit | user=null | ip=null | op=WRITE_CHUNK {blockData=conID: 3 locID: 102650153920168507 bcsId: 0} | ret=SUCCESS |  
2019-08-20 16:04:05,955 | INFO  | DNAudit | user=null | ip=null | op=PUT_BLOCK {blockData=[blockId=conID: 3 locID: 102650153920168507 bcsId: 0,size=2097152]} | ret=SUCCESS |  
2019-08-20 16:04:05,958 | INFO  | DNAudit | user=null | ip=null | op=WRITE_CHUNK {blockData=conID: 3 locID: 102650153920168507 bcsId: 3354} | ret=SUCCESS |  
2019-08-20 16:04:05,960 | INFO  | DNAudit | user=null | ip=null | op=WRITE_CHUNK {blockData=conID: 3 locID: 102650153920168507 bcsId: 3354} | ret=SUCCESS |  
2019-08-20 16:04:05,961 | INFO  | DNAudit | user=null | ip=null | op=WRITE_CHUNK {blockData=conID: 3 locID: 102650153920168507 bcsId: 3354} | ret=SUCCESS |  
2019-08-20 16:04:05,963 | INFO  | DNAudit | user=null | ip=null | op=WRITE_CHUNK {blockData=conID: 3 locID: 102650153920168507 bcsId: 0} | ret=SUCCESS |  
2019-08-20 16:04:05,963 | INFO  | DNAudit | user=null | ip=null | op=PUT_BLOCK {blockData=[blockId=conID: 3 locID: 102650153920168507 bcsId: 0,size=2097152]} | ret=SUCCESS |  
2019-08-20 16:04:05,964 | INFO  | DNAudit | user=null | ip=null | op=WRITE_CHUNK {blockData=conID: 3 locID: 102650153920168507 bcsId: 3354} | ret=SUCCESS |  
2019-08-20 16:04:05,964 | INFO  | DNAudit | user=null | ip=null | op=PUT_BLOCK {blockData=[blockId=conID: 3 locID: 102650153920168507 bcsId: 0,size=3145728]} | ret=SUCCESS |  
2019-08-20 16:04:05,965 [grpc-default-executor-1] INFO  client.GrpcClientProtocolClient (GrpcClientProtocolClient.java:onNext(255)) - client-EAA342753240->9a4a4c23-9ff3-4ce3-a619-2c71c0869997: receive RaftClientReply:client-EAA342753240->9a4a4c23-9ff3-4ce3-a619-2c71c0869997@group-EC4211DF0353, cid=2278, SUCCESS, logIndex=3358, commits[9a4a4c23-9ff3-4ce3-a619-2c71c0869997:c3359, 9b0072ab-15b3-4973-9bcb-7fa02f6bfea9:c3357, 9f215ef2-7d46-4cda-b695-cae1b893f75f:c3354]
2019-08-20 16:04:05,965 [grpc-default-executor-1] INFO  client.GrpcClientProtocolClient (GrpcClientProtocolClient.java:onNext(255)) - client-EAA342753240->9a4a4c23-9ff3-4ce3-a619-2c71c0869997: receive RaftClientReply:client-EAA342753240->9a4a4c23-9ff3-4ce3-a619-2c71c0869997@group-EC4211DF0353, cid=2279, SUCCESS, logIndex=3359, commits[9a4a4c23-9ff3-4ce3-a619-2c71c0869997:c3359, 9b0072ab-15b3-4973-9bcb-7fa02f6bfea9:c3357, 9f215ef2-7d46-4cda-b695-cae1b893f75f:c3357]
2019-08-20 16:04:05,966 | INFO  | DNAudit | user=null | ip=null | op=WRITE_CHUNK {blockData=conID: 3 locID: 102650153920168507 bcsId: 3354} | ret=SUCCESS |  
2019-08-20 16:04:05,966 | INFO  | DNAudit | user=null | ip=null | op=WRITE_CHUNK {blockData=conID: 3 locID: 102650153920168507 bcsId: 3354} | ret=SUCCESS |  
2019-08-20 16:04:05,966 | INFO  | DNAudit | user=null | ip=null | op=PUT_BLOCK {blockData=[blockId=conID: 3 locID: 102650153920168507 bcsId: 0,size=3145728]} | ret=SUCCESS |  
2019-08-20 16:04:05,966 | INFO  | DNAudit | user=null | ip=null | op=PUT_BLOCK {blockData=[blockId=conID: 3 locID: 102650153920168507 bcsId: 0,size=3145728]} | ret=SUCCESS |  
2019-08-20 16:04:05,972 | INFO  | DNAudit | user=null | ip=null | op=WRITE_CHUNK {blockData=conID: 3 locID: 102650153920168507 bcsId: 3359} | ret=SUCCESS |  
2019-08-20 16:04:05,975 | INFO  | DNAudit | user=null | ip=null | op=WRITE_CHUNK {blockData=conID: 3 locID: 102650153920168507 bcsId: 3359} | ret=SUCCESS |  
2019-08-20 16:04:05,976 | INFO  | DNAudit | user=null | ip=null | op=WRITE_CHUNK {blockData=conID: 3 locID: 102650153920168507 bcsId: 3359} | ret=SUCCESS |  
2019-08-20 16:04:05,978 | INFO  | DNAudit | user=null | ip=null | op=WRITE_CHUNK {blockData=conID: 3 locID: 102650153920168507 bcsId: 3359} | ret=SUCCESS |  
2019-08-20 16:04:05,978 | INFO  | DNAudit | user=null | ip=null | op=PUT_BLOCK {blockData=[blockId=conID: 3 locID: 102650153920168507 bcsId: 0,size=4194304]} | ret=SUCCESS |  
2019-08-20 16:04:05,979 [grpc-default-executor-3] INFO  client.GrpcClientProtocolClient (GrpcClientProtocolClient.java:onNext(255)) - client-EAA342753240->9a4a4c23-9ff3-4ce3-a619-2c71c0869997: receive RaftClientReply:client-EAA342753240->9a4a4c23-9ff3-4ce3-a619-2c71c0869997@group-EC4211DF0353, cid=2280, SUCCESS, logIndex=3362, commits[9a4a4c23-9ff3-4ce3-a619-2c71c0869997:c3363, 9b0072ab-15b3-4973-9bcb-7fa02f6bfea9:c3361, 9f215ef2-7d46-4cda-b695-cae1b893f75f:c3359]
2019-08-20 16:04:05,979 [grpc-default-executor-3] INFO  client.GrpcClientProtocolClient (GrpcClientProtocolClient.java:onNext(255)) - client-EAA342753240->9a4a4c23-9ff3-4ce3-a619-2c71c0869997: receive RaftClientReply:client-EAA342753240->9a4a4c23-9ff3-4ce3-a619-2c71c0869997@group-EC4211DF0353, cid=2281, SUCCESS, logIndex=3363, commits[9a4a4c23-9ff3-4ce3-a619-2c71c0869997:c3363, 9b0072ab-15b3-4973-9bcb-7fa02f6bfea9:c3361, 9f215ef2-7d46-4cda-b695-cae1b893f75f:c3361]
2019-08-20 16:04:05,999 | INFO  | DNAudit | user=null | ip=null | op=WRITE_CHUNK {blockData=conID: 3 locID: 102650153920168507 bcsId: 3359} | ret=SUCCESS |  
2019-08-20 16:04:05,999 | INFO  | DNAudit | user=null | ip=null | op=WRITE_CHUNK {blockData=conID: 3 locID: 102650153920168507 bcsId: 3359} | ret=SUCCESS |  
2019-08-20 16:04:05,999 | INFO  | DNAudit | user=null | ip=null | op=PUT_BLOCK {blockData=[blockId=conID: 3 locID: 102650153920168507 bcsId: 0,size=4194304]} | ret=SUCCESS |  
2019-08-20 16:04:06,012 | INFO  | DNAudit | user=null | ip=null | op=PUT_BLOCK {blockData=[blockId=conID: 3 locID: 102650153920168507 bcsId: 0,size=4194304]} | ret=SUCCESS |  
2019-08-20 16:04:06,013 [grpc-default-executor-5] INFO  client.GrpcClientProtocolClient (GrpcClientProtocolClient.java:onNext(255)) - client-EAA342753240->9a4a4c23-9ff3-4ce3-a619-2c71c0869997: receive RaftClientReply:client-EAA342753240->9a4a4c23-9ff3-4ce3-a619-2c71c0869997@group-EC4211DF0353, cid=2282, SUCCESS, logIndex=0, commits[9a4a4c23-9ff3-4ce3-a619-2c71c0869997:c3365, 9b0072ab-15b3-4973-9bcb-7fa02f6bfea9:c3363, 9f215ef2-7d46-4cda-b695-cae1b893f75f:c3363]
2019-08-20 16:04:06,017 | INFO  | SCMAudit | user=jenkins1000 | ip=192.168.69.96 | op=ALLOCATE_BLOCK {owner=ea4851f9-218c-4af7-91b4-edb777a4888c, size=4194304, type=RATIS, factor=THREE} | ret=SUCCESS |  
2019-08-20 16:04:06,020 | INFO  | OMAudit | user=jenkins1000 | ip=127.0.0.1 | op=ALLOCATE_BLOCK {volume=vol-0-94146, bucket=bucket-0-90789, key=key-0-25609, dataSize=0, replicationType=null, replicationFactor=null, keyLocationInfo=null, clientID=102650152704082322} | ret=SUCCESS |  
2019-08-20 16:04:06,027 | INFO  | DNAudit | user=null | ip=null | op=WRITE_CHUNK {blockData=conID: 1 locID: 102650153927770684 bcsId: 0} | ret=SUCCESS |  
2019-08-20 16:04:06,030 | INFO  | DNAudit | user=null | ip=null | op=WRITE_CHUNK {blockData=conID: 1 locID: 102650153927770684 bcsId: 0} | ret=SUCCESS |  
2019-08-20 16:04:06,030 | INFO  | DNAudit | user=null | ip=null | op=WRITE_CHUNK {blockData=conID: 1 locID: 102650153927770684 bcsId: 0} | ret=SUCCESS |  
2019-08-20 16:04:06,031 | INFO  | DNAudit | user=null | ip=null | op=WRITE_CHUNK {blockData=conID: 1 locID: 102650153927770684 bcsId: 0} | ret=SUCCESS |  
2019-08-20 16:04:06,042 | INFO  | DNAudit | user=null | ip=null | op=WRITE_CHUNK {blockData=conID: 1 locID: 102650153927770684 bcsId: 0} | ret=SUCCESS |  
2019-08-20 16:04:06,042 | INFO  | DNAudit | user=null | ip=null | op=WRITE_CHUNK {blockData=conID: 1 locID: 102650153927770684 bcsId: 0} | ret=SUCCESS |  
2019-08-20 16:04:06,061 | INFO  | DNAudit | user=null | ip=null | op=WRITE_CHUNK {blockData=conID: 1 locID: 102650153927770684 bcsId: 0} | ret=SUCCESS |  
2019-08-20 16:04:06,063 | INFO  | DNAudit | user=null | ip=null | op=PUT_BLOCK {blockData=[blockId=conID: 1 locID: 102650153927770684 bcsId: 0,size=1048576]} | ret=SUCCESS |  
2019-08-20 16:04:06,063 | INFO  | DNAudit | user=null | ip=null | op=WRITE_CHUNK {blockData=conID: 1 locID: 102650153927770684 bcsId: 0} | ret=SUCCESS |  
2019-08-20 16:04:06,063 [grpc-default-executor-1] INFO  client.GrpcClientProtocolClient (GrpcClientProtocolClient.java:onNext(255)) - client-EAA342753240->9a4a4c23-9ff3-4ce3-a619-2c71c0869997: receive RaftClientReply:client-EAA342753240->9a4a4c23-9ff3-4ce3-a619-2c71c0869997@group-EC4211DF0353, cid=2283, SUCCESS, logIndex=3366, commits[9a4a4c23-9ff3-4ce3-a619-2c71c0869997:c3369, 9b0072ab-15b3-4973-9bcb-7fa02f6bfea9:c3365, 9f215ef2-7d46-4cda-b695-cae1b893f75f:c3365]
2019-08-20 16:04:06,064 | INFO  | DNAudit | user=null | ip=null | op=PUT_BLOCK {blockData=[blockId=conID: 1 locID: 102650153927770684 bcsId: 0,size=2097152]} | ret=SUCCESS |  
2019-08-20 16:04:06,065 [grpc-default-executor-1] INFO  client.GrpcClientProtocolClient (GrpcClientProtocolClient.java:onNext(255)) - client-EAA342753240->9a4a4c23-9ff3-4ce3-a619-2c71c0869997: receive RaftClientReply:client-EAA342753240->9a4a4c23-9ff3-4ce3-a619-2c71c0869997@group-EC4211DF0353, cid=2284, SUCCESS, logIndex=3367, commits[9a4a4c23-9ff3-4ce3-a619-2c71c0869997:c3369, 9b0072ab-15b3-4973-9bcb-7fa02f6bfea9:c3365, 9f215ef2-7d46-4cda-b695-cae1b893f75f:c3365]
2019-08-20 16:04:06,065 [grpc-default-executor-1] INFO  client.GrpcClientProtocolClient (GrpcClientProtocolClient.java:onNext(255)) - client-EAA342753240->9a4a4c23-9ff3-4ce3-a619-2c71c0869997: receive RaftClientReply:client-EAA342753240->9a4a4c23-9ff3-4ce3-a619-2c71c0869997@group-EC4211DF0353, cid=2285, SUCCESS, logIndex=3368, commits[9a4a4c23-9ff3-4ce3-a619-2c71c0869997:c3369, 9b0072ab-15b3-4973-9bcb-7fa02f6bfea9:c3365, 9f215ef2-7d46-4cda-b695-cae1b893f75f:c3365]
2019-08-20 16:04:06,066 [grpc-default-executor-1] INFO  client.GrpcClientProtocolClient (GrpcClientProtocolClient.java:onNext(255)) - client-EAA342753240->9a4a4c23-9ff3-4ce3-a619-2c71c0869997: receive RaftClientReply:client-EAA342753240->9a4a4c23-9ff3-4ce3-a619-2c71c0869997@group-EC4211DF0353, cid=2286, SUCCESS, logIndex=3369, commits[9a4a4c23-9ff3-4ce3-a619-2c71c0869997:c3369, 9b0072ab-15b3-4973-9bcb-7fa02f6bfea9:c3365, 9f215ef2-7d46-4cda-b695-cae1b893f75f:c3365]
2019-08-20 16:04:06,068 | INFO  | DNAudit | user=null | ip=null | op=WRITE_CHUNK {blockData=conID: 1 locID: 102650153927770684 bcsId: 0} | ret=SUCCESS |  
2019-08-20 16:04:06,068 | INFO  | DNAudit | user=null | ip=null | op=WRITE_CHUNK {blockData=conID: 1 locID: 102650153927770684 bcsId: 0} | ret=SUCCESS |  
2019-08-20 16:04:06,068 | INFO  | DNAudit | user=null | ip=null | op=PUT_BLOCK {blockData=[blockId=conID: 1 locID: 102650153927770684 bcsId: 0,size=1048576]} | ret=SUCCESS |  
2019-08-20 16:04:06,068 | INFO  | DNAudit | user=null | ip=null | op=PUT_BLOCK {blockData=[blockId=conID: 1 locID: 102650153927770684 bcsId: 0,size=1048576]} | ret=SUCCESS |  
2019-08-20 16:04:06,069 [grpc-default-executor-5] INFO  client.GrpcClientProtocolClient (GrpcClientProtocolClient.java:onNext(255)) - client-EAA342753240->9a4a4c23-9ff3-4ce3-a619-2c71c0869997: receive RaftClientReply:client-EAA342753240->9a4a4c23-9ff3-4ce3-a619-2c71c0869997@group-EC4211DF0353, cid=2287, SUCCESS, logIndex=0, commits[9a4a4c23-9ff3-4ce3-a619-2c71c0869997:c3370, 9b0072ab-15b3-4973-9bcb-7fa02f6bfea9:c3369, 9f215ef2-7d46-4cda-b695-cae1b893f75f:c3369]
2019-08-20 16:04:06,069 | INFO  | DNAudit | user=null | ip=null | op=WRITE_CHUNK {blockData=conID: 1 locID: 102650153927770684 bcsId: 0} | ret=SUCCESS |  
2019-08-20 16:04:06,069 | INFO  | DNAudit | user=null | ip=null | op=WRITE_CHUNK {blockData=conID: 1 locID: 102650153927770684 bcsId: 0} | ret=SUCCESS |  
2019-08-20 16:04:06,069 | INFO  | DNAudit | user=null | ip=null | op=PUT_BLOCK {blockData=[blockId=conID: 1 locID: 102650153927770684 bcsId: 0,size=2097152]} | ret=SUCCESS |  
2019-08-20 16:04:06,069 | INFO  | DNAudit | user=null | ip=null | op=PUT_BLOCK {blockData=[blockId=conID: 1 locID: 102650153927770684 bcsId: 0,size=2097152]} | ret=SUCCESS |  
2019-08-20 16:04:06,078 | INFO  | DNAudit | user=null | ip=null | op=WRITE_CHUNK {blockData=conID: 1 locID: 102650153927770684 bcsId: 3369} | ret=SUCCESS |  
2019-08-20 16:04:06,081 | INFO  | DNAudit | user=null | ip=null | op=WRITE_CHUNK {blockData=conID: 1 locID: 102650153927770684 bcsId: 3369} | ret=SUCCESS |  
2019-08-20 16:04:06,081 | INFO  | DNAudit | user=null | ip=null | op=WRITE_CHUNK {blockData=conID: 1 locID: 102650153927770684 bcsId: 3369} | ret=SUCCESS |  
2019-08-20 16:04:06,095 | INFO  | DNAudit | user=null | ip=null | op=WRITE_CHUNK {blockData=conID: 1 locID: 102650153927770684 bcsId: 3369} | ret=SUCCESS |  
2019-08-20 16:04:06,096 | INFO  | DNAudit | user=null | ip=null | op=PUT_BLOCK {blockData=[blockId=conID: 1 locID: 102650153927770684 bcsId: 0,size=3145728]} | ret=SUCCESS |  
2019-08-20 16:04:06,096 [grpc-default-executor-5] INFO  client.GrpcClientProtocolClient (GrpcClientProtocolClient.java:onNext(255)) - client-EAA342753240->9a4a4c23-9ff3-4ce3-a619-2c71c0869997: receive RaftClientReply:client-EAA342753240->9a4a4c23-9ff3-4ce3-a619-2c71c0869997@group-EC4211DF0353, cid=2288, SUCCESS, logIndex=3372, commits[9a4a4c23-9ff3-4ce3-a619-2c71c0869997:c3373, 9b0072ab-15b3-4973-9bcb-7fa02f6bfea9:c3371, 9f215ef2-7d46-4cda-b695-cae1b893f75f:c3371]
2019-08-20 16:04:06,096 [grpc-default-executor-5] INFO  client.GrpcClientProtocolClient (GrpcClientProtocolClient.java:onNext(255)) - client-EAA342753240->9a4a4c23-9ff3-4ce3-a619-2c71c0869997: receive RaftClientReply:client-EAA342753240->9a4a4c23-9ff3-4ce3-a619-2c71c0869997@group-EC4211DF0353, cid=2289, SUCCESS, logIndex=3373, commits[9a4a4c23-9ff3-4ce3-a619-2c71c0869997:c3373, 9b0072ab-15b3-4973-9bcb-7fa02f6bfea9:c3371, 9f215ef2-7d46-4cda-b695-cae1b893f75f:c3371]
2019-08-20 16:04:06,097 | INFO  | DNAudit | user=null | ip=null | op=WRITE_CHUNK {blockData=conID: 1 locID: 102650153927770684 bcsId: 3369} | ret=SUCCESS |  
2019-08-20 16:04:06,097 | INFO  | DNAudit | user=null | ip=null | op=WRITE_CHUNK {blockData=conID: 1 locID: 102650153927770684 bcsId: 3369} | ret=SUCCESS |  
2019-08-20 16:04:06,104 | INFO  | DNAudit | user=null | ip=null | op=WRITE_CHUNK {blockData=conID: 1 locID: 102650153927770684 bcsId: 3373} | ret=SUCCESS |  
2019-08-20 16:04:06,106 | INFO  | DNAudit | user=null | ip=null | op=WRITE_CHUNK {blockData=conID: 1 locID: 102650153927770684 bcsId: 3373} | ret=SUCCESS |  
2019-08-20 16:04:06,107 | INFO  | DNAudit | user=null | ip=null | op=WRITE_CHUNK {blockData=conID: 1 locID: 102650153927770684 bcsId: 3373} | ret=SUCCESS |  
2019-08-20 16:04:06,110 | INFO  | DNAudit | user=null | ip=null | op=PUT_BLOCK {blockData=[blockId=conID: 1 locID: 102650153927770684 bcsId: 0,size=3145728]} | ret=SUCCESS |  
2019-08-20 16:04:06,110 | INFO  | DNAudit | user=null | ip=null | op=PUT_BLOCK {blockData=[blockId=conID: 1 locID: 102650153927770684 bcsId: 0,size=3145728]} | ret=SUCCESS |  
2019-08-20 16:04:06,123 | INFO  | DNAudit | user=null | ip=null | op=WRITE_CHUNK {blockData=conID: 1 locID: 102650153927770684 bcsId: 3373} | ret=SUCCESS |  
2019-08-20 16:04:06,123 | INFO  | DNAudit | user=null | ip=null | op=PUT_BLOCK {blockData=[blockId=conID: 1 locID: 102650153927770684 bcsId: 0,size=4194304]} | ret=SUCCESS |  
2019-08-20 16:04:06,123 [grpc-default-executor-5] INFO  client.GrpcClientProtocolClient (GrpcClientProtocolClient.java:onNext(255)) - client-EAA342753240->9a4a4c23-9ff3-4ce3-a619-2c71c0869997: receive RaftClientReply:client-EAA342753240->9a4a4c23-9ff3-4ce3-a619-2c71c0869997@group-EC4211DF0353, cid=2290, SUCCESS, logIndex=3376, commits[9a4a4c23-9ff3-4ce3-a619-2c71c0869997:c3377, 9b0072ab-15b3-4973-9bcb-7fa02f6bfea9:c3374, 9f215ef2-7d46-4cda-b695-cae1b893f75f:c3374]
2019-08-20 16:04:06,124 [grpc-default-executor-5] INFO  client.GrpcClientProtocolClient (GrpcClientProtocolClient.java:onNext(255)) - client-EAA342753240->9a4a4c23-9ff3-4ce3-a619-2c71c0869997: receive RaftClientReply:client-EAA342753240->9a4a4c23-9ff3-4ce3-a619-2c71c0869997@group-EC4211DF0353, cid=2291, SUCCESS, logIndex=3377, commits[9a4a4c23-9ff3-4ce3-a619-2c71c0869997:c3377, 9b0072ab-15b3-4973-9bcb-7fa02f6bfea9:c3374, 9f215ef2-7d46-4cda-b695-cae1b893f75f:c3374]
2019-08-20 16:04:06,124 | INFO  | DNAudit | user=null | ip=null | op=WRITE_CHUNK {blockData=conID: 1 locID: 102650153927770684 bcsId: 3373} | ret=SUCCESS |  
2019-08-20 16:04:06,124 | INFO  | DNAudit | user=null | ip=null | op=WRITE_CHUNK {blockData=conID: 1 locID: 102650153927770684 bcsId: 3373} | ret=SUCCESS |  
2019-08-20 16:04:06,124 | INFO  | DNAudit | user=null | ip=null | op=PUT_BLOCK {blockData=[blockId=conID: 1 locID: 102650153927770684 bcsId: 0,size=4194304]} | ret=SUCCESS |  
2019-08-20 16:04:06,125 | INFO  | DNAudit | user=null | ip=null | op=PUT_BLOCK {blockData=[blockId=conID: 1 locID: 102650153927770684 bcsId: 0,size=4194304]} | ret=SUCCESS |  
2019-08-20 16:04:06,126 [grpc-default-executor-3] INFO  client.GrpcClientProtocolClient (GrpcClientProtocolClient.java:onNext(255)) - client-EAA342753240->9a4a4c23-9ff3-4ce3-a619-2c71c0869997: receive RaftClientReply:client-EAA342753240->9a4a4c23-9ff3-4ce3-a619-2c71c0869997@group-EC4211DF0353, cid=2292, SUCCESS, logIndex=0, commits[9a4a4c23-9ff3-4ce3-a619-2c71c0869997:c3379, 9b0072ab-15b3-4973-9bcb-7fa02f6bfea9:c3377, 9f215ef2-7d46-4cda-b695-cae1b893f75f:c3377]
2019-08-20 16:04:06,134 | INFO  | SCMAudit | user=jenkins1000 | ip=192.168.69.96 | op=ALLOCATE_BLOCK {owner=ea4851f9-218c-4af7-91b4-edb777a4888c, size=4194304, type=RATIS, factor=THREE} | ret=SUCCESS |  
2019-08-20 16:04:06,137 | INFO  | OMAudit | user=jenkins1000 | ip=127.0.0.1 | op=ALLOCATE_BLOCK {volume=vol-0-94146, bucket=bucket-0-90789, key=key-0-25609, dataSize=0, replicationType=null, replicationFactor=null, keyLocationInfo=null, clientID=102650152704082322} | ret=SUCCESS |  
2019-08-20 16:04:06,145 | INFO  | DNAudit | user=null | ip=null | op=WRITE_CHUNK {blockData=conID: 2 locID: 102650153935438397 bcsId: 0} | ret=SUCCESS |  
2019-08-20 16:04:06,149 | INFO  | DNAudit | user=null | ip=null | op=WRITE_CHUNK {blockData=conID: 2 locID: 102650153935438397 bcsId: 0} | ret=SUCCESS |  
2019-08-20 16:04:06,149 | INFO  | DNAudit | user=null | ip=null | op=WRITE_CHUNK {blockData=conID: 2 locID: 102650153935438397 bcsId: 0} | ret=SUCCESS |  
2019-08-20 16:04:06,149 | INFO  | DNAudit | user=null | ip=null | op=WRITE_CHUNK {blockData=conID: 2 locID: 102650153935438397 bcsId: 0} | ret=SUCCESS |  
2019-08-20 16:04:06,151 | INFO  | DNAudit | user=null | ip=null | op=WRITE_CHUNK {blockData=conID: 2 locID: 102650153935438397 bcsId: 0} | ret=SUCCESS |  
2019-08-20 16:04:06,151 | INFO  | DNAudit | user=null | ip=null | op=PUT_BLOCK {blockData=[blockId=conID: 2 locID: 102650153935438397 bcsId: 0,size=1048576]} | ret=SUCCESS |  
2019-08-20 16:04:06,151 [grpc-default-executor-1] INFO  client.GrpcClientProtocolClient (GrpcClientProtocolClient.java:onNext(255)) - client-EAA342753240->9a4a4c23-9ff3-4ce3-a619-2c71c0869997: receive RaftClientReply:client-EAA342753240->9a4a4c23-9ff3-4ce3-a619-2c71c0869997@group-EC4211DF0353, cid=2293, SUCCESS, logIndex=3380, commits[9a4a4c23-9ff3-4ce3-a619-2c71c0869997:c3381, 9b0072ab-15b3-4973-9bcb-7fa02f6bfea9:c3379, 9f215ef2-7d46-4cda-b695-cae1b893f75f:c3379]
2019-08-20 16:04:06,152 [grpc-default-executor-1] INFO  client.GrpcClientProtocolClient (GrpcClientProtocolClient.java:onNext(255)) - client-EAA342753240->9a4a4c23-9ff3-4ce3-a619-2c71c0869997: receive RaftClientReply:client-EAA342753240->9a4a4c23-9ff3-4ce3-a619-2c71c0869997@group-EC4211DF0353, cid=2294, SUCCESS, logIndex=3381, commits[9a4a4c23-9ff3-4ce3-a619-2c71c0869997:c3381, 9b0072ab-15b3-4973-9bcb-7fa02f6bfea9:c3379, 9f215ef2-7d46-4cda-b695-cae1b893f75f:c3379]
2019-08-20 16:04:06,152 | INFO  | DNAudit | user=null | ip=null | op=WRITE_CHUNK {blockData=conID: 2 locID: 102650153935438397 bcsId: 0} | ret=SUCCESS |  
2019-08-20 16:04:06,152 | INFO  | DNAudit | user=null | ip=null | op=WRITE_CHUNK {blockData=conID: 2 locID: 102650153935438397 bcsId: 0} | ret=SUCCESS |  
2019-08-20 16:04:06,157 | INFO  | DNAudit | user=null | ip=null | op=WRITE_CHUNK {blockData=conID: 2 locID: 102650153935438397 bcsId: 0} | ret=SUCCESS |  
2019-08-20 16:04:06,158 | INFO  | DNAudit | user=null | ip=null | op=WRITE_CHUNK {blockData=conID: 2 locID: 102650153935438397 bcsId: 0} | ret=SUCCESS |  
2019-08-20 16:04:06,158 | INFO  | DNAudit | user=null | ip=null | op=PUT_BLOCK {blockData=[blockId=conID: 2 locID: 102650153935438397 bcsId: 0,size=1048576]} | ret=SUCCESS |  
2019-08-20 16:04:06,158 | INFO  | DNAudit | user=null | ip=null | op=WRITE_CHUNK {blockData=conID: 2 locID: 102650153935438397 bcsId: 0} | ret=SUCCESS |  
2019-08-20 16:04:06,158 | INFO  | DNAudit | user=null | ip=null | op=PUT_BLOCK {blockData=[blockId=conID: 2 locID: 102650153935438397 bcsId: 0,size=2097152]} | ret=SUCCESS |  
2019-08-20 16:04:06,158 | INFO  | DNAudit | user=null | ip=null | op=PUT_BLOCK {blockData=[blockId=conID: 2 locID: 102650153935438397 bcsId: 0,size=1048576]} | ret=SUCCESS |  
2019-08-20 16:04:06,158 [grpc-default-executor-1] INFO  client.GrpcClientProtocolClient (GrpcClientProtocolClient.java:onNext(255)) - client-EAA342753240->9a4a4c23-9ff3-4ce3-a619-2c71c0869997: receive RaftClientReply:client-EAA342753240->9a4a4c23-9ff3-4ce3-a619-2c71c0869997@group-EC4211DF0353, cid=2295, SUCCESS, logIndex=3382, commits[9a4a4c23-9ff3-4ce3-a619-2c71c0869997:c3383, 9b0072ab-15b3-4973-9bcb-7fa02f6bfea9:c3379, 9f215ef2-7d46-4cda-b695-cae1b893f75f:c3379]
2019-08-20 16:04:06,158 [grpc-default-executor-1] INFO  client.GrpcClientProtocolClient (GrpcClientProtocolClient.java:onNext(255)) - client-EAA342753240->9a4a4c23-9ff3-4ce3-a619-2c71c0869997: receive RaftClientReply:client-EAA342753240->9a4a4c23-9ff3-4ce3-a619-2c71c0869997@group-EC4211DF0353, cid=2296, SUCCESS, logIndex=3383, commits[9a4a4c23-9ff3-4ce3-a619-2c71c0869997:c3385, 9b0072ab-15b3-4973-9bcb-7fa02f6bfea9:c3381, 9f215ef2-7d46-4cda-b695-cae1b893f75f:c3380]
2019-08-20 16:04:06,159 | INFO  | DNAudit | user=null | ip=null | op=WRITE_CHUNK {blockData=conID: 2 locID: 102650153935438397 bcsId: 0} | ret=SUCCESS |  
2019-08-20 16:04:06,159 [grpc-default-executor-1] INFO  client.GrpcClientProtocolClient (GrpcClientProtocolClient.java:onNext(255)) - client-EAA342753240->9a4a4c23-9ff3-4ce3-a619-2c71c0869997: receive RaftClientReply:client-EAA342753240->9a4a4c23-9ff3-4ce3-a619-2c71c0869997@group-EC4211DF0353, cid=2297, SUCCESS, logIndex=0, commits[9a4a4c23-9ff3-4ce3-a619-2c71c0869997:c3386, 9b0072ab-15b3-4973-9bcb-7fa02f6bfea9:c3382, 9f215ef2-7d46-4cda-b695-cae1b893f75f:c3381]
2019-08-20 16:04:06,161 | INFO  | DNAudit | user=null | ip=null | op=WRITE_CHUNK {blockData=conID: 2 locID: 102650153935438397 bcsId: 0} | ret=SUCCESS |  
2019-08-20 16:04:06,161 | INFO  | DNAudit | user=null | ip=null | op=PUT_BLOCK {blockData=[blockId=conID: 2 locID: 102650153935438397 bcsId: 0,size=2097152]} | ret=SUCCESS |  
2019-08-20 16:04:06,167 | INFO  | DNAudit | user=null | ip=null | op=WRITE_CHUNK {blockData=conID: 2 locID: 102650153935438397 bcsId: 3383} | ret=SUCCESS |  
2019-08-20 16:04:06,169 | INFO  | DNAudit | user=null | ip=null | op=WRITE_CHUNK {blockData=conID: 2 locID: 102650153935438397 bcsId: 3383} | ret=SUCCESS |  
2019-08-20 16:04:06,170 | INFO  | DNAudit | user=null | ip=null | op=WRITE_CHUNK {blockData=conID: 2 locID: 102650153935438397 bcsId: 3383} | ret=SUCCESS |  
2019-08-20 16:04:06,172 | INFO  | DNAudit | user=null | ip=null | op=PUT_BLOCK {blockData=[blockId=conID: 2 locID: 102650153935438397 bcsId: 0,size=2097152]} | ret=SUCCESS |  
2019-08-20 16:04:06,175 | INFO  | DNAudit | user=null | ip=null | op=WRITE_CHUNK {blockData=conID: 2 locID: 102650153935438397 bcsId: 3383} | ret=SUCCESS |  
2019-08-20 16:04:06,175 | INFO  | DNAudit | user=null | ip=null | op=PUT_BLOCK {blockData=[blockId=conID: 2 locID: 102650153935438397 bcsId: 0,size=3145728]} | ret=SUCCESS |  
2019-08-20 16:04:06,175 [grpc-default-executor-1] INFO  client.GrpcClientProtocolClient (GrpcClientProtocolClient.java:onNext(255)) - client-EAA342753240->9a4a4c23-9ff3-4ce3-a619-2c71c0869997: receive RaftClientReply:client-EAA342753240->9a4a4c23-9ff3-4ce3-a619-2c71c0869997@group-EC4211DF0353, cid=2298, SUCCESS, logIndex=3388, commits[9a4a4c23-9ff3-4ce3-a619-2c71c0869997:c3389, 9b0072ab-15b3-4973-9bcb-7fa02f6bfea9:c3383, 9f215ef2-7d46-4cda-b695-cae1b893f75f:c3387]
2019-08-20 16:04:06,176 [grpc-default-executor-1] INFO  client.GrpcClientProtocolClient (GrpcClientProtocolClient.java:onNext(255)) - client-EAA342753240->9a4a4c23-9ff3-4ce3-a619-2c71c0869997: receive RaftClientReply:client-EAA342753240->9a4a4c23-9ff3-4ce3-a619-2c71c0869997@group-EC4211DF0353, cid=2299, SUCCESS, logIndex=3389, commits[9a4a4c23-9ff3-4ce3-a619-2c71c0869997:c3389, 9b0072ab-15b3-4973-9bcb-7fa02f6bfea9:c3383, 9f215ef2-7d46-4cda-b695-cae1b893f75f:c3387]
2019-08-20 16:04:06,183 | INFO  | DNAudit | user=null | ip=null | op=WRITE_CHUNK {blockData=conID: 2 locID: 102650153935438397 bcsId: 3389} | ret=SUCCESS |  
2019-08-20 16:04:06,185 | INFO  | DNAudit | user=null | ip=null | op=WRITE_CHUNK {blockData=conID: 2 locID: 102650153935438397 bcsId: 3389} | ret=SUCCESS |  
2019-08-20 16:04:06,185 | INFO  | DNAudit | user=null | ip=null | op=WRITE_CHUNK {blockData=conID: 2 locID: 102650153935438397 bcsId: 3389} | ret=SUCCESS |  
2019-08-20 16:04:06,188 | INFO  | DNAudit | user=null | ip=null | op=WRITE_CHUNK {blockData=conID: 2 locID: 102650153935438397 bcsId: 3383} | ret=SUCCESS |  
2019-08-20 16:04:06,188 | INFO  | DNAudit | user=null | ip=null | op=PUT_BLOCK {blockData=[blockId=conID: 2 locID: 102650153935438397 bcsId: 0,size=3145728]} | ret=SUCCESS |  
2019-08-20 16:04:06,199 | INFO  | DNAudit | user=null | ip=null | op=WRITE_CHUNK {blockData=conID: 2 locID: 102650153935438397 bcsId: 3383} | ret=SUCCESS |  
2019-08-20 16:04:06,200 | INFO  | DNAudit | user=null | ip=null | op=PUT_BLOCK {blockData=[blockId=conID: 2 locID: 102650153935438397 bcsId: 0,size=3145728]} | ret=SUCCESS |  
2019-08-20 16:04:06,200 | INFO  | DNAudit | user=null | ip=null | op=WRITE_CHUNK {blockData=conID: 2 locID: 102650153935438397 bcsId: 3389} | ret=SUCCESS |  
2019-08-20 16:04:06,200 | INFO  | DNAudit | user=null | ip=null | op=PUT_BLOCK {blockData=[blockId=conID: 2 locID: 102650153935438397 bcsId: 0,size=4194304]} | ret=SUCCESS |  
2019-08-20 16:04:06,200 [grpc-default-executor-5] INFO  client.GrpcClientProtocolClient (GrpcClientProtocolClient.java:onNext(255)) - client-EAA342753240->9a4a4c23-9ff3-4ce3-a619-2c71c0869997: receive RaftClientReply:client-EAA342753240->9a4a4c23-9ff3-4ce3-a619-2c71c0869997@group-EC4211DF0353, cid=2300, SUCCESS, logIndex=3392, commits[9a4a4c23-9ff3-4ce3-a619-2c71c0869997:c3393, 9b0072ab-15b3-4973-9bcb-7fa02f6bfea9:c3389, 9f215ef2-7d46-4cda-b695-cae1b893f75f:c3389]
2019-08-20 16:04:06,201 [grpc-default-executor-5] INFO  client.GrpcClientProtocolClient (GrpcClientProtocolClient.java:onNext(255)) - client-EAA342753240->9a4a4c23-9ff3-4ce3-a619-2c71c0869997: receive RaftClientReply:client-EAA342753240->9a4a4c23-9ff3-4ce3-a619-2c71c0869997@group-EC4211DF0353, cid=2301, SUCCESS, logIndex=3393, commits[9a4a4c23-9ff3-4ce3-a619-2c71c0869997:c3393, 9b0072ab-15b3-4973-9bcb-7fa02f6bfea9:c3389, 9f215ef2-7d46-4cda-b695-cae1b893f75f:c3389]
2019-08-20 16:04:06,201 | INFO  | DNAudit | user=null | ip=null | op=WRITE_CHUNK {blockData=conID: 2 locID: 102650153935438397 bcsId: 3389} | ret=SUCCESS |  
2019-08-20 16:04:06,202 | INFO  | DNAudit | user=null | ip=null | op=WRITE_CHUNK {blockData=conID: 2 locID: 102650153935438397 bcsId: 3389} | ret=SUCCESS |  
2019-08-20 16:04:06,213 | INFO  | DNAudit | user=null | ip=null | op=PUT_BLOCK {blockData=[blockId=conID: 2 locID: 102650153935438397 bcsId: 0,size=4194304]} | ret=SUCCESS |  
2019-08-20 16:04:06,216 | INFO  | DNAudit | user=null | ip=null | op=PUT_BLOCK {blockData=[blockId=conID: 2 locID: 102650153935438397 bcsId: 0,size=4194304]} | ret=SUCCESS |  
2019-08-20 16:04:06,216 [grpc-default-executor-5] INFO  client.GrpcClientProtocolClient (GrpcClientProtocolClient.java:onNext(255)) - client-EAA342753240->9a4a4c23-9ff3-4ce3-a619-2c71c0869997: receive RaftClientReply:client-EAA342753240->9a4a4c23-9ff3-4ce3-a619-2c71c0869997@group-EC4211DF0353, cid=2302, SUCCESS, logIndex=0, commits[9a4a4c23-9ff3-4ce3-a619-2c71c0869997:c3395, 9b0072ab-15b3-4973-9bcb-7fa02f6bfea9:c3393, 9f215ef2-7d46-4cda-b695-cae1b893f75f:c3393]
2019-08-20 16:04:06,222 | INFO  | SCMAudit | user=jenkins1000 | ip=192.168.69.96 | op=ALLOCATE_BLOCK {owner=ea4851f9-218c-4af7-91b4-edb777a4888c, size=4194304, type=RATIS, factor=THREE} | ret=SUCCESS |  
2019-08-20 16:04:06,226 | INFO  | OMAudit | user=jenkins1000 | ip=127.0.0.1 | op=ALLOCATE_BLOCK {volume=vol-0-94146, bucket=bucket-0-90789, key=key-0-25609, dataSize=0, replicationType=null, replicationFactor=null, keyLocationInfo=null, clientID=102650152704082322} | ret=SUCCESS |  
2019-08-20 16:04:06,232 | INFO  | DNAudit | user=null | ip=null | op=WRITE_CHUNK {blockData=conID: 3 locID: 102650153941205566 bcsId: 0} | ret=SUCCESS |  
2019-08-20 16:04:06,234 | INFO  | DNAudit | user=null | ip=null | op=WRITE_CHUNK {blockData=conID: 3 locID: 102650153941205566 bcsId: 0} | ret=SUCCESS |  
2019-08-20 16:04:06,234 | INFO  | DNAudit | user=null | ip=null | op=WRITE_CHUNK {blockData=conID: 3 locID: 102650153941205566 bcsId: 0} | ret=SUCCESS |  
2019-08-20 16:04:06,235 | INFO  | DNAudit | user=null | ip=null | op=WRITE_CHUNK {blockData=conID: 3 locID: 102650153941205566 bcsId: 0} | ret=SUCCESS |  
2019-08-20 16:04:06,237 | INFO  | DNAudit | user=null | ip=null | op=WRITE_CHUNK {blockData=conID: 3 locID: 102650153941205566 bcsId: 0} | ret=SUCCESS |  
2019-08-20 16:04:06,237 | INFO  | DNAudit | user=null | ip=null | op=WRITE_CHUNK {blockData=conID: 3 locID: 102650153941205566 bcsId: 0} | ret=SUCCESS |  
2019-08-20 16:04:06,248 | INFO  | DNAudit | user=null | ip=null | op=WRITE_CHUNK {blockData=conID: 3 locID: 102650153941205566 bcsId: 0} | ret=SUCCESS |  
2019-08-20 16:04:06,249 | INFO  | DNAudit | user=null | ip=null | op=PUT_BLOCK {blockData=[blockId=conID: 3 locID: 102650153941205566 bcsId: 0,size=1048576]} | ret=SUCCESS |  
2019-08-20 16:04:06,249 | INFO  | DNAudit | user=null | ip=null | op=WRITE_CHUNK {blockData=conID: 3 locID: 102650153941205566 bcsId: 0} | ret=SUCCESS |  
2019-08-20 16:04:06,249 [grpc-default-executor-1] INFO  client.GrpcClientProtocolClient (GrpcClientProtocolClient.java:onNext(255)) - client-EAA342753240->9a4a4c23-9ff3-4ce3-a619-2c71c0869997: receive RaftClientReply:client-EAA342753240->9a4a4c23-9ff3-4ce3-a619-2c71c0869997@group-EC4211DF0353, cid=2303, SUCCESS, logIndex=3396, commits[9a4a4c23-9ff3-4ce3-a619-2c71c0869997:c3397, 9b0072ab-15b3-4973-9bcb-7fa02f6bfea9:c3395, 9f215ef2-7d46-4cda-b695-cae1b893f75f:c3395]
2019-08-20 16:04:06,250 | INFO  | DNAudit | user=null | ip=null | op=PUT_BLOCK {blockData=[blockId=conID: 3 locID: 102650153941205566 bcsId: 0,size=2097152]} | ret=SUCCESS |  
2019-08-20 16:04:06,250 [grpc-default-executor-1] INFO  client.GrpcClientProtocolClient (GrpcClientProtocolClient.java:onNext(255)) - client-EAA342753240->9a4a4c23-9ff3-4ce3-a619-2c71c0869997: receive RaftClientReply:client-EAA342753240->9a4a4c23-9ff3-4ce3-a619-2c71c0869997@group-EC4211DF0353, cid=2304, SUCCESS, logIndex=3397, commits[9a4a4c23-9ff3-4ce3-a619-2c71c0869997:c3399, 9b0072ab-15b3-4973-9bcb-7fa02f6bfea9:c3395, 9f215ef2-7d46-4cda-b695-cae1b893f75f:c3395]
2019-08-20 16:04:06,250 [grpc-default-executor-1] INFO  client.GrpcClientProtocolClient (GrpcClientProtocolClient.java:onNext(255)) - client-EAA342753240->9a4a4c23-9ff3-4ce3-a619-2c71c0869997: receive RaftClientReply:client-EAA342753240->9a4a4c23-9ff3-4ce3-a619-2c71c0869997@group-EC4211DF0353, cid=2305, SUCCESS, logIndex=3398, commits[9a4a4c23-9ff3-4ce3-a619-2c71c0869997:c3399, 9b0072ab-15b3-4973-9bcb-7fa02f6bfea9:c3395, 9f215ef2-7d46-4cda-b695-cae1b893f75f:c3395]
2019-08-20 16:04:06,250 [grpc-default-executor-1] INFO  client.GrpcClientProtocolClient (GrpcClientProtocolClient.java:onNext(255)) - client-EAA342753240->9a4a4c23-9ff3-4ce3-a619-2c71c0869997: receive RaftClientReply:client-EAA342753240->9a4a4c23-9ff3-4ce3-a619-2c71c0869997@group-EC4211DF0353, cid=2306, SUCCESS, logIndex=3399, commits[9a4a4c23-9ff3-4ce3-a619-2c71c0869997:c3399, 9b0072ab-15b3-4973-9bcb-7fa02f6bfea9:c3395, 9f215ef2-7d46-4cda-b695-cae1b893f75f:c3395]
2019-08-20 16:04:06,256 | INFO  | DNAudit | user=null | ip=null | op=WRITE_CHUNK {blockData=conID: 3 locID: 102650153941205566 bcsId: 0} | ret=SUCCESS |  
2019-08-20 16:04:06,256 | INFO  | DNAudit | user=null | ip=null | op=WRITE_CHUNK {blockData=conID: 3 locID: 102650153941205566 bcsId: 0} | ret=SUCCESS |  
2019-08-20 16:04:06,257 | INFO  | DNAudit | user=null | ip=null | op=PUT_BLOCK {blockData=[blockId=conID: 3 locID: 102650153941205566 bcsId: 0,size=1048576]} | ret=SUCCESS |  
2019-08-20 16:04:06,260 | INFO  | DNAudit | user=null | ip=null | op=PUT_BLOCK {blockData=[blockId=conID: 3 locID: 102650153941205566 bcsId: 0,size=1048576]} | ret=SUCCESS |  
2019-08-20 16:04:06,260 | INFO  | DNAudit | user=null | ip=null | op=WRITE_CHUNK {blockData=conID: 3 locID: 102650153941205566 bcsId: 0} | ret=SUCCESS |  
2019-08-20 16:04:06,260 | INFO  | DNAudit | user=null | ip=null | op=PUT_BLOCK {blockData=[blockId=conID: 3 locID: 102650153941205566 bcsId: 0,size=2097152]} | ret=SUCCESS |  
2019-08-20 16:04:06,260 | INFO  | DNAudit | user=null | ip=null | op=WRITE_CHUNK {blockData=conID: 3 locID: 102650153941205566 bcsId: 0} | ret=SUCCESS |  
2019-08-20 16:04:06,260 | INFO  | DNAudit | user=null | ip=null | op=PUT_BLOCK {blockData=[blockId=conID: 3 locID: 102650153941205566 bcsId: 0,size=2097152]} | ret=SUCCESS |  
2019-08-20 16:04:06,260 [grpc-default-executor-5] INFO  client.GrpcClientProtocolClient (GrpcClientProtocolClient.java:onNext(255)) - client-EAA342753240->9a4a4c23-9ff3-4ce3-a619-2c71c0869997: receive RaftClientReply:client-EAA342753240->9a4a4c23-9ff3-4ce3-a619-2c71c0869997@group-EC4211DF0353, cid=2307, SUCCESS, logIndex=0, commits[9a4a4c23-9ff3-4ce3-a619-2c71c0869997:c3401, 9b0072ab-15b3-4973-9bcb-7fa02f6bfea9:c3397, 9f215ef2-7d46-4cda-b695-cae1b893f75f:c3397]
2019-08-20 16:04:06,267 | INFO  | DNAudit | user=null | ip=null | op=WRITE_CHUNK {blockData=conID: 3 locID: 102650153941205566 bcsId: 3399} | ret=SUCCESS |  
2019-08-20 16:04:06,270 | INFO  | DNAudit | user=null | ip=null | op=WRITE_CHUNK {blockData=conID: 3 locID: 102650153941205566 bcsId: 3399} | ret=SUCCESS |  
2019-08-20 16:04:06,270 | INFO  | DNAudit | user=null | ip=null | op=WRITE_CHUNK {blockData=conID: 3 locID: 102650153941205566 bcsId: 3399} | ret=SUCCESS |  
2019-08-20 16:04:06,283 | INFO  | DNAudit | user=null | ip=null | op=WRITE_CHUNK {blockData=conID: 3 locID: 102650153941205566 bcsId: 3399} | ret=SUCCESS |  
2019-08-20 16:04:06,283 | INFO  | DNAudit | user=null | ip=null | op=PUT_BLOCK {blockData=[blockId=conID: 3 locID: 102650153941205566 bcsId: 0,size=3145728]} | ret=SUCCESS |  
2019-08-20 16:04:06,283 [grpc-default-executor-5] INFO  client.GrpcClientProtocolClient (GrpcClientProtocolClient.java:onNext(255)) - client-EAA342753240->9a4a4c23-9ff3-4ce3-a619-2c71c0869997: receive RaftClientReply:client-EAA342753240->9a4a4c23-9ff3-4ce3-a619-2c71c0869997@group-EC4211DF0353, cid=2308, SUCCESS, logIndex=3403, commits[9a4a4c23-9ff3-4ce3-a619-2c71c0869997:c3404, 9b0072ab-15b3-4973-9bcb-7fa02f6bfea9:c3402, 9f215ef2-7d46-4cda-b695-cae1b893f75f:c3402]
2019-08-20 16:04:06,284 [grpc-default-executor-5] INFO  client.GrpcClientProtocolClient (GrpcClientProtocolClient.java:onNext(255)) - client-EAA342753240->9a4a4c23-9ff3-4ce3-a619-2c71c0869997: receive RaftClientReply:client-EAA342753240->9a4a4c23-9ff3-4ce3-a619-2c71c0869997@group-EC4211DF0353, cid=2309, SUCCESS, logIndex=3404, commits[9a4a4c23-9ff3-4ce3-a619-2c71c0869997:c3404, 9b0072ab-15b3-4973-9bcb-7fa02f6bfea9:c3402, 9f215ef2-7d46-4cda-b695-cae1b893f75f:c3402]
2019-08-20 16:04:06,290 | INFO  | DNAudit | user=null | ip=null | op=WRITE_CHUNK {blockData=conID: 3 locID: 102650153941205566 bcsId: 3404} | ret=SUCCESS |  
2019-08-20 16:04:06,292 | INFO  | DNAudit | user=null | ip=null | op=WRITE_CHUNK {blockData=conID: 3 locID: 102650153941205566 bcsId: 3404} | ret=SUCCESS |  
2019-08-20 16:04:06,292 | INFO  | DNAudit | user=null | ip=null | op=WRITE_CHUNK {blockData=conID: 3 locID: 102650153941205566 bcsId: 3404} | ret=SUCCESS |  
2019-08-20 16:04:06,297 | INFO  | DNAudit | user=null | ip=null | op=WRITE_CHUNK {blockData=conID: 3 locID: 102650153941205566 bcsId: 3399} | ret=SUCCESS |  
2019-08-20 16:04:06,297 | INFO  | DNAudit | user=null | ip=null | op=WRITE_CHUNK {blockData=conID: 3 locID: 102650153941205566 bcsId: 3399} | ret=SUCCESS |  
2019-08-20 16:04:06,297 | INFO  | DNAudit | user=null | ip=null | op=PUT_BLOCK {blockData=[blockId=conID: 3 locID: 102650153941205566 bcsId: 0,size=3145728]} | ret=SUCCESS |  
2019-08-20 16:04:06,297 | INFO  | DNAudit | user=null | ip=null | op=PUT_BLOCK {blockData=[blockId=conID: 3 locID: 102650153941205566 bcsId: 0,size=3145728]} | ret=SUCCESS |  
2019-08-20 16:04:06,310 | INFO  | DNAudit | user=null | ip=null | op=WRITE_CHUNK {blockData=conID: 3 locID: 102650153941205566 bcsId: 3404} | ret=SUCCESS |  
2019-08-20 16:04:06,310 | INFO  | DNAudit | user=null | ip=null | op=PUT_BLOCK {blockData=[blockId=conID: 3 locID: 102650153941205566 bcsId: 0,size=4194304]} | ret=SUCCESS |  
2019-08-20 16:04:06,310 [grpc-default-executor-5] INFO  client.GrpcClientProtocolClient (GrpcClientProtocolClient.java:onNext(255)) - client-EAA342753240->9a4a4c23-9ff3-4ce3-a619-2c71c0869997: receive RaftClientReply:client-EAA342753240->9a4a4c23-9ff3-4ce3-a619-2c71c0869997@group-EC4211DF0353, cid=2310, SUCCESS, logIndex=3407, commits[9a4a4c23-9ff3-4ce3-a619-2c71c0869997:c3408, 9b0072ab-15b3-4973-9bcb-7fa02f6bfea9:c3404, 9f215ef2-7d46-4cda-b695-cae1b893f75f:c3404]
2019-08-20 16:04:06,311 [grpc-default-executor-5] INFO  client.GrpcClientProtocolClient (GrpcClientProtocolClient.java:onNext(255)) - client-EAA342753240->9a4a4c23-9ff3-4ce3-a619-2c71c0869997: receive RaftClientReply:client-EAA342753240->9a4a4c23-9ff3-4ce3-a619-2c71c0869997@group-EC4211DF0353, cid=2311, SUCCESS, logIndex=3408, commits[9a4a4c23-9ff3-4ce3-a619-2c71c0869997:c3408, 9b0072ab-15b3-4973-9bcb-7fa02f6bfea9:c3404, 9f215ef2-7d46-4cda-b695-cae1b893f75f:c3404]
2019-08-20 16:04:06,318 | INFO  | DNAudit | user=null | ip=null | op=WRITE_CHUNK {blockData=conID: 3 locID: 102650153941205566 bcsId: 3404} | ret=SUCCESS |  
2019-08-20 16:04:06,318 | INFO  | DNAudit | user=null | ip=null | op=WRITE_CHUNK {blockData=conID: 3 locID: 102650153941205566 bcsId: 3404} | ret=SUCCESS |  
2019-08-20 16:04:06,319 | INFO  | DNAudit | user=null | ip=null | op=PUT_BLOCK {blockData=[blockId=conID: 3 locID: 102650153941205566 bcsId: 0,size=4194304]} | ret=SUCCESS |  
2019-08-20 16:04:06,319 | INFO  | DNAudit | user=null | ip=null | op=PUT_BLOCK {blockData=[blockId=conID: 3 locID: 102650153941205566 bcsId: 0,size=4194304]} | ret=SUCCESS |  
2019-08-20 16:04:06,319 [grpc-default-executor-1] INFO  client.GrpcClientProtocolClient (GrpcClientProtocolClient.java:onNext(255)) - client-EAA342753240->9a4a4c23-9ff3-4ce3-a619-2c71c0869997: receive RaftClientReply:client-EAA342753240->9a4a4c23-9ff3-4ce3-a619-2c71c0869997@group-EC4211DF0353, cid=2312, SUCCESS, logIndex=0, commits[9a4a4c23-9ff3-4ce3-a619-2c71c0869997:c3409, 9b0072ab-15b3-4973-9bcb-7fa02f6bfea9:c3408, 9f215ef2-7d46-4cda-b695-cae1b893f75f:c3408]
2019-08-20 16:04:06,432 | INFO  | SCMAudit | user=jenkins1000 | ip=192.168.69.96 | op=ALLOCATE_BLOCK {owner=ea4851f9-218c-4af7-91b4-edb777a4888c, size=4194304, type=RATIS, factor=THREE} | ret=SUCCESS |  
2019-08-20 16:04:06,436 | INFO  | OMAudit | user=jenkins1000 | ip=127.0.0.1 | op=ALLOCATE_BLOCK {volume=vol-0-94146, bucket=bucket-0-90789, key=key-0-25609, dataSize=0, replicationType=null, replicationFactor=null, keyLocationInfo=null, clientID=102650152704082322} | ret=SUCCESS |  
2019-08-20 16:04:06,446 | INFO  | DNAudit | user=null | ip=null | op=WRITE_CHUNK {blockData=conID: 1 locID: 102650153954968127 bcsId: 0} | ret=SUCCESS |  
2019-08-20 16:04:06,449 | INFO  | DNAudit | user=null | ip=null | op=WRITE_CHUNK {blockData=conID: 1 locID: 102650153954968127 bcsId: 0} | ret=SUCCESS |  
2019-08-20 16:04:06,450 | INFO  | DNAudit | user=null | ip=null | op=WRITE_CHUNK {blockData=conID: 1 locID: 102650153954968127 bcsId: 0} | ret=SUCCESS |  
2019-08-20 16:04:06,450 | INFO  | DNAudit | user=null | ip=null | op=WRITE_CHUNK {blockData=conID: 1 locID: 102650153954968127 bcsId: 0} | ret=SUCCESS |  
2019-08-20 16:04:06,453 | INFO  | DNAudit | user=null | ip=null | op=WRITE_CHUNK {blockData=conID: 1 locID: 102650153954968127 bcsId: 0} | ret=SUCCESS |  
2019-08-20 16:04:06,454 | INFO  | DNAudit | user=null | ip=null | op=WRITE_CHUNK {blockData=conID: 1 locID: 102650153954968127 bcsId: 0} | ret=SUCCESS |  
2019-08-20 16:04:06,457 | INFO  | DNAudit | user=null | ip=null | op=WRITE_CHUNK {blockData=conID: 1 locID: 102650153954968127 bcsId: 0} | ret=SUCCESS |  
2019-08-20 16:04:06,458 | INFO  | DNAudit | user=null | ip=null | op=PUT_BLOCK {blockData=[blockId=conID: 1 locID: 102650153954968127 bcsId: 0,size=1048576]} | ret=SUCCESS |  
2019-08-20 16:04:06,458 | INFO  | DNAudit | user=null | ip=null | op=WRITE_CHUNK {blockData=conID: 1 locID: 102650153954968127 bcsId: 0} | ret=SUCCESS |  
2019-08-20 16:04:06,458 [grpc-default-executor-5] INFO  client.GrpcClientProtocolClient (GrpcClientProtocolClient.java:onNext(255)) - client-EAA342753240->9a4a4c23-9ff3-4ce3-a619-2c71c0869997: receive RaftClientReply:client-EAA342753240->9a4a4c23-9ff3-4ce3-a619-2c71c0869997@group-EC4211DF0353, cid=2313, SUCCESS, logIndex=3411, commits[9a4a4c23-9ff3-4ce3-a619-2c71c0869997:c3412, 9b0072ab-15b3-4973-9bcb-7fa02f6bfea9:c3410, 9f215ef2-7d46-4cda-b695-cae1b893f75f:c3410]
2019-08-20 16:04:06,459 | INFO  | DNAudit | user=null | ip=null | op=PUT_BLOCK {blockData=[blockId=conID: 1 locID: 102650153954968127 bcsId: 0,size=2097152]} | ret=SUCCESS |  
2019-08-20 16:04:06,459 [grpc-default-executor-5] INFO  client.GrpcClientProtocolClient (GrpcClientProtocolClient.java:onNext(255)) - client-EAA342753240->9a4a4c23-9ff3-4ce3-a619-2c71c0869997: receive RaftClientReply:client-EAA342753240->9a4a4c23-9ff3-4ce3-a619-2c71c0869997@group-EC4211DF0353, cid=2314, SUCCESS, logIndex=3412, commits[9a4a4c23-9ff3-4ce3-a619-2c71c0869997:c3414, 9b0072ab-15b3-4973-9bcb-7fa02f6bfea9:c3410, 9f215ef2-7d46-4cda-b695-cae1b893f75f:c3410]
2019-08-20 16:04:06,460 [grpc-default-executor-5] INFO  client.GrpcClientProtocolClient (GrpcClientProtocolClient.java:onNext(255)) - client-EAA342753240->9a4a4c23-9ff3-4ce3-a619-2c71c0869997: receive RaftClientReply:client-EAA342753240->9a4a4c23-9ff3-4ce3-a619-2c71c0869997@group-EC4211DF0353, cid=2315, SUCCESS, logIndex=3413, commits[9a4a4c23-9ff3-4ce3-a619-2c71c0869997:c3414, 9b0072ab-15b3-4973-9bcb-7fa02f6bfea9:c3410, 9f215ef2-7d46-4cda-b695-cae1b893f75f:c3410]
2019-08-20 16:04:06,460 [grpc-default-executor-5] INFO  client.GrpcClientProtocolClient (GrpcClientProtocolClient.java:onNext(255)) - client-EAA342753240->9a4a4c23-9ff3-4ce3-a619-2c71c0869997: receive RaftClientReply:client-EAA342753240->9a4a4c23-9ff3-4ce3-a619-2c71c0869997@group-EC4211DF0353, cid=2316, SUCCESS, logIndex=3414, commits[9a4a4c23-9ff3-4ce3-a619-2c71c0869997:c3414, 9b0072ab-15b3-4973-9bcb-7fa02f6bfea9:c3410, 9f215ef2-7d46-4cda-b695-cae1b893f75f:c3410]
2019-08-20 16:04:06,470 | INFO  | DNAudit | user=null | ip=null | op=WRITE_CHUNK {blockData=conID: 1 locID: 102650153954968127 bcsId: 0} | ret=SUCCESS |  
2019-08-20 16:04:06,472 | INFO  | DNAudit | user=null | ip=null | op=WRITE_CHUNK {blockData=conID: 1 locID: 102650153954968127 bcsId: 0} | ret=SUCCESS |  
2019-08-20 16:04:06,473 | INFO  | DNAudit | user=null | ip=null | op=PUT_BLOCK {blockData=[blockId=conID: 1 locID: 102650153954968127 bcsId: 0,size=1048576]} | ret=SUCCESS |  
2019-08-20 16:04:06,473 | INFO  | DNAudit | user=null | ip=null | op=WRITE_CHUNK {blockData=conID: 1 locID: 102650153954968127 bcsId: 0} | ret=SUCCESS |  
2019-08-20 16:04:06,473 | INFO  | DNAudit | user=null | ip=null | op=PUT_BLOCK {blockData=[blockId=conID: 1 locID: 102650153954968127 bcsId: 0,size=2097152]} | ret=SUCCESS |  
2019-08-20 16:04:06,483 | INFO  | DNAudit | user=null | ip=null | op=PUT_BLOCK {blockData=[blockId=conID: 1 locID: 102650153954968127 bcsId: 0,size=1048576]} | ret=SUCCESS |  
2019-08-20 16:04:06,483 | INFO  | DNAudit | user=null | ip=null | op=WRITE_CHUNK {blockData=conID: 1 locID: 102650153954968127 bcsId: 0} | ret=SUCCESS |  
2019-08-20 16:04:06,484 | INFO  | DNAudit | user=null | ip=null | op=PUT_BLOCK {blockData=[blockId=conID: 1 locID: 102650153954968127 bcsId: 0,size=2097152]} | ret=SUCCESS |  
2019-08-20 16:04:06,484 [grpc-default-executor-5] INFO  client.GrpcClientProtocolClient (GrpcClientProtocolClient.java:onNext(255)) - client-EAA342753240->9a4a4c23-9ff3-4ce3-a619-2c71c0869997: receive RaftClientReply:client-EAA342753240->9a4a4c23-9ff3-4ce3-a619-2c71c0869997@group-EC4211DF0353, cid=2317, SUCCESS, logIndex=0, commits[9a4a4c23-9ff3-4ce3-a619-2c71c0869997:c3418, 9b0072ab-15b3-4973-9bcb-7fa02f6bfea9:c3414, 9f215ef2-7d46-4cda-b695-cae1b893f75f:c3412]
2019-08-20 16:04:06,492 | INFO  | DNAudit | user=null | ip=null | op=WRITE_CHUNK {blockData=conID: 1 locID: 102650153954968127 bcsId: 3414} | ret=SUCCESS |  
2019-08-20 16:04:06,494 | INFO  | DNAudit | user=null | ip=null | op=WRITE_CHUNK {blockData=conID: 1 locID: 102650153954968127 bcsId: 3414} | ret=SUCCESS |  
2019-08-20 16:04:06,495 | INFO  | DNAudit | user=null | ip=null | op=WRITE_CHUNK {blockData=conID: 1 locID: 102650153954968127 bcsId: 3414} | ret=SUCCESS |  
2019-08-20 16:04:06,498 | INFO  | DNAudit | user=null | ip=null | op=WRITE_CHUNK {blockData=conID: 1 locID: 102650153954968127 bcsId: 3414} | ret=SUCCESS |  
2019-08-20 16:04:06,499 | INFO  | DNAudit | user=null | ip=null | op=PUT_BLOCK {blockData=[blockId=conID: 1 locID: 102650153954968127 bcsId: 0,size=3145728]} | ret=SUCCESS |  
2019-08-20 16:04:06,499 [grpc-default-executor-0] INFO  client.GrpcClientProtocolClient (GrpcClientProtocolClient.java:onNext(255)) - client-EAA342753240->9a4a4c23-9ff3-4ce3-a619-2c71c0869997: receive RaftClientReply:client-EAA342753240->9a4a4c23-9ff3-4ce3-a619-2c71c0869997@group-EC4211DF0353, cid=2318, SUCCESS, logIndex=3419, commits[9a4a4c23-9ff3-4ce3-a619-2c71c0869997:c3420, 9b0072ab-15b3-4973-9bcb-7fa02f6bfea9:c3418, 9f215ef2-7d46-4cda-b695-cae1b893f75f:c3418]
2019-08-20 16:04:06,499 [grpc-default-executor-0] INFO  client.GrpcClientProtocolClient (GrpcClientProtocolClient.java:onNext(255)) - client-EAA342753240->9a4a4c23-9ff3-4ce3-a619-2c71c0869997: receive RaftClientReply:client-EAA342753240->9a4a4c23-9ff3-4ce3-a619-2c71c0869997@group-EC4211DF0353, cid=2319, SUCCESS, logIndex=3420, commits[9a4a4c23-9ff3-4ce3-a619-2c71c0869997:c3420, 9b0072ab-15b3-4973-9bcb-7fa02f6bfea9:c3418, 9f215ef2-7d46-4cda-b695-cae1b893f75f:c3418]
2019-08-20 16:04:06,507 | INFO  | DNAudit | user=null | ip=null | op=WRITE_CHUNK {blockData=conID: 1 locID: 102650153954968127 bcsId: 3420} | ret=SUCCESS |  
2019-08-20 16:04:06,510 | INFO  | DNAudit | user=null | ip=null | op=WRITE_CHUNK {blockData=conID: 1 locID: 102650153954968127 bcsId: 3420} | ret=SUCCESS |  
2019-08-20 16:04:06,510 | INFO  | DNAudit | user=null | ip=null | op=WRITE_CHUNK {blockData=conID: 1 locID: 102650153954968127 bcsId: 3420} | ret=SUCCESS |  
2019-08-20 16:04:06,521 | INFO  | DNAudit | user=null | ip=null | op=WRITE_CHUNK {blockData=conID: 1 locID: 102650153954968127 bcsId: 3414} | ret=SUCCESS |  
2019-08-20 16:04:06,521 | INFO  | DNAudit | user=null | ip=null | op=WRITE_CHUNK {blockData=conID: 1 locID: 102650153954968127 bcsId: 3414} | ret=SUCCESS |  
2019-08-20 16:04:06,524 | INFO  | DNAudit | user=null | ip=null | op=PUT_BLOCK {blockData=[blockId=conID: 1 locID: 102650153954968127 bcsId: 0,size=3145728]} | ret=SUCCESS |  
2019-08-20 16:04:06,524 | INFO  | DNAudit | user=null | ip=null | op=PUT_BLOCK {blockData=[blockId=conID: 1 locID: 102650153954968127 bcsId: 0,size=3145728]} | ret=SUCCESS |  
2019-08-20 16:04:06,524 | INFO  | DNAudit | user=null | ip=null | op=WRITE_CHUNK {blockData=conID: 1 locID: 102650153954968127 bcsId: 3420} | ret=SUCCESS |  
2019-08-20 16:04:06,525 | INFO  | DNAudit | user=null | ip=null | op=PUT_BLOCK {blockData=[blockId=conID: 1 locID: 102650153954968127 bcsId: 0,size=4194304]} | ret=SUCCESS |  
2019-08-20 16:04:06,525 [grpc-default-executor-1] INFO  client.GrpcClientProtocolClient (GrpcClientProtocolClient.java:onNext(255)) - client-EAA342753240->9a4a4c23-9ff3-4ce3-a619-2c71c0869997: receive RaftClientReply:client-EAA342753240->9a4a4c23-9ff3-4ce3-a619-2c71c0869997@group-EC4211DF0353, cid=2320, SUCCESS, logIndex=3423, commits[9a4a4c23-9ff3-4ce3-a619-2c71c0869997:c3424, 9b0072ab-15b3-4973-9bcb-7fa02f6bfea9:c3420, 9f215ef2-7d46-4cda-b695-cae1b893f75f:c3420]
2019-08-20 16:04:06,525 [grpc-default-executor-1] INFO  client.GrpcClientProtocolClient (GrpcClientProtocolClient.java:onNext(255)) - client-EAA342753240->9a4a4c23-9ff3-4ce3-a619-2c71c0869997: receive RaftClientReply:client-EAA342753240->9a4a4c23-9ff3-4ce3-a619-2c71c0869997@group-EC4211DF0353, cid=2321, SUCCESS, logIndex=3424, commits[9a4a4c23-9ff3-4ce3-a619-2c71c0869997:c3424, 9b0072ab-15b3-4973-9bcb-7fa02f6bfea9:c3420, 9f215ef2-7d46-4cda-b695-cae1b893f75f:c3420]
2019-08-20 16:04:06,533 | INFO  | DNAudit | user=null | ip=null | op=WRITE_CHUNK {blockData=conID: 1 locID: 102650153954968127 bcsId: 3420} | ret=SUCCESS |  
2019-08-20 16:04:06,533 | INFO  | DNAudit | user=null | ip=null | op=PUT_BLOCK {blockData=[blockId=conID: 1 locID: 102650153954968127 bcsId: 0,size=4194304]} | ret=SUCCESS |  
2019-08-20 16:04:06,533 | INFO  | DNAudit | user=null | ip=null | op=WRITE_CHUNK {blockData=conID: 1 locID: 102650153954968127 bcsId: 3420} | ret=SUCCESS |  
2019-08-20 16:04:06,533 | INFO  | DNAudit | user=null | ip=null | op=PUT_BLOCK {blockData=[blockId=conID: 1 locID: 102650153954968127 bcsId: 0,size=4194304]} | ret=SUCCESS |  
2019-08-20 16:04:06,533 [grpc-default-executor-1] INFO  client.GrpcClientProtocolClient (GrpcClientProtocolClient.java:onNext(255)) - client-EAA342753240->9a4a4c23-9ff3-4ce3-a619-2c71c0869997: receive RaftClientReply:client-EAA342753240->9a4a4c23-9ff3-4ce3-a619-2c71c0869997@group-EC4211DF0353, cid=2322, SUCCESS, logIndex=0, commits[9a4a4c23-9ff3-4ce3-a619-2c71c0869997:c3425, 9b0072ab-15b3-4973-9bcb-7fa02f6bfea9:c3424, 9f215ef2-7d46-4cda-b695-cae1b893f75f:c3424]
2019-08-20 16:04:06,539 | INFO  | SCMAudit | user=jenkins1000 | ip=192.168.69.96 | op=ALLOCATE_BLOCK {owner=ea4851f9-218c-4af7-91b4-edb777a4888c, size=4194304, type=RATIS, factor=THREE} | ret=SUCCESS |  
2019-08-20 16:04:06,543 | INFO  | OMAudit | user=jenkins1000 | ip=127.0.0.1 | op=ALLOCATE_BLOCK {volume=vol-0-94146, bucket=bucket-0-90789, key=key-0-25609, dataSize=0, replicationType=null, replicationFactor=null, keyLocationInfo=null, clientID=102650152704082322} | ret=SUCCESS |  
2019-08-20 16:04:06,550 | INFO  | DNAudit | user=null | ip=null | op=WRITE_CHUNK {blockData=conID: 2 locID: 102650153961980480 bcsId: 0} | ret=SUCCESS |  
2019-08-20 16:04:06,553 | INFO  | DNAudit | user=null | ip=null | op=WRITE_CHUNK {blockData=conID: 2 locID: 102650153961980480 bcsId: 0} | ret=SUCCESS |  
2019-08-20 16:04:06,553 | INFO  | DNAudit | user=null | ip=null | op=WRITE_CHUNK {blockData=conID: 2 locID: 102650153961980480 bcsId: 0} | ret=SUCCESS |  
2019-08-20 16:04:06,557 | INFO  | DNAudit | user=null | ip=null | op=WRITE_CHUNK {blockData=conID: 2 locID: 102650153961980480 bcsId: 0} | ret=SUCCESS |  
2019-08-20 16:04:06,558 | INFO  | DNAudit | user=null | ip=null | op=WRITE_CHUNK {blockData=conID: 2 locID: 102650153961980480 bcsId: 0} | ret=SUCCESS |  
2019-08-20 16:04:06,559 | INFO  | DNAudit | user=null | ip=null | op=PUT_BLOCK {blockData=[blockId=conID: 2 locID: 102650153961980480 bcsId: 0,size=1048576]} | ret=SUCCESS |  
2019-08-20 16:04:06,559 [grpc-default-executor-1] INFO  client.GrpcClientProtocolClient (GrpcClientProtocolClient.java:onNext(255)) - client-EAA342753240->9a4a4c23-9ff3-4ce3-a619-2c71c0869997: receive RaftClientReply:client-EAA342753240->9a4a4c23-9ff3-4ce3-a619-2c71c0869997@group-EC4211DF0353, cid=2323, SUCCESS, logIndex=3427, commits[9a4a4c23-9ff3-4ce3-a619-2c71c0869997:c3428, 9b0072ab-15b3-4973-9bcb-7fa02f6bfea9:c3426, 9f215ef2-7d46-4cda-b695-cae1b893f75f:c3426]
2019-08-20 16:04:06,560 [grpc-default-executor-1] INFO  client.GrpcClientProtocolClient (GrpcClientProtocolClient.java:onNext(255)) - client-EAA342753240->9a4a4c23-9ff3-4ce3-a619-2c71c0869997: receive RaftClientReply:client-EAA342753240->9a4a4c23-9ff3-4ce3-a619-2c71c0869997@group-EC4211DF0353, cid=2324, SUCCESS, logIndex=3428, commits[9a4a4c23-9ff3-4ce3-a619-2c71c0869997:c3428, 9b0072ab-15b3-4973-9bcb-7fa02f6bfea9:c3426, 9f215ef2-7d46-4cda-b695-cae1b893f75f:c3426]
2019-08-20 16:04:06,561 | INFO  | DNAudit | user=null | ip=null | op=WRITE_CHUNK {blockData=conID: 2 locID: 102650153961980480 bcsId: 0} | ret=SUCCESS |  
2019-08-20 16:04:06,561 | INFO  | DNAudit | user=null | ip=null | op=WRITE_CHUNK {blockData=conID: 2 locID: 102650153961980480 bcsId: 0} | ret=SUCCESS |  
2019-08-20 16:04:06,575 | INFO  | DNAudit | user=null | ip=null | op=WRITE_CHUNK {blockData=conID: 2 locID: 102650153961980480 bcsId: 0} | ret=SUCCESS |  
2019-08-20 16:04:06,575 | INFO  | DNAudit | user=null | ip=null | op=WRITE_CHUNK {blockData=conID: 2 locID: 102650153961980480 bcsId: 0} | ret=SUCCESS |  
2019-08-20 16:04:06,575 | INFO  | DNAudit | user=null | ip=null | op=PUT_BLOCK {blockData=[blockId=conID: 2 locID: 102650153961980480 bcsId: 0,size=1048576]} | ret=SUCCESS |  
2019-08-20 16:04:06,575 | INFO  | DNAudit | user=null | ip=null | op=PUT_BLOCK {blockData=[blockId=conID: 2 locID: 102650153961980480 bcsId: 0,size=2097152]} | ret=SUCCESS |  
2019-08-20 16:04:06,575 | INFO  | DNAudit | user=null | ip=null | op=WRITE_CHUNK {blockData=conID: 2 locID: 102650153961980480 bcsId: 0} | ret=SUCCESS |  
2019-08-20 16:04:06,576 | INFO  | DNAudit | user=null | ip=null | op=PUT_BLOCK {blockData=[blockId=conID: 2 locID: 102650153961980480 bcsId: 0,size=1048576]} | ret=SUCCESS |  
2019-08-20 16:04:06,576 [grpc-default-executor-5] INFO  client.GrpcClientProtocolClient (GrpcClientProtocolClient.java:onNext(255)) - client-EAA342753240->9a4a4c23-9ff3-4ce3-a619-2c71c0869997: receive RaftClientReply:client-EAA342753240->9a4a4c23-9ff3-4ce3-a619-2c71c0869997@group-EC4211DF0353, cid=2325, SUCCESS, logIndex=3429, commits[9a4a4c23-9ff3-4ce3-a619-2c71c0869997:c3432, 9b0072ab-15b3-4973-9bcb-7fa02f6bfea9:c3426, 9f215ef2-7d46-4cda-b695-cae1b893f75f:c3428]
2019-08-20 16:04:06,576 [grpc-default-executor-5] INFO  client.GrpcClientProtocolClient (GrpcClientProtocolClient.java:onNext(255)) - client-EAA342753240->9a4a4c23-9ff3-4ce3-a619-2c71c0869997: receive RaftClientReply:client-EAA342753240->9a4a4c23-9ff3-4ce3-a619-2c71c0869997@group-EC4211DF0353, cid=2326, SUCCESS, logIndex=3430, commits[9a4a4c23-9ff3-4ce3-a619-2c71c0869997:c3432, 9b0072ab-15b3-4973-9bcb-7fa02f6bfea9:c3428, 9f215ef2-7d46-4cda-b695-cae1b893f75f:c3428]
2019-08-20 16:04:06,578 | INFO  | DNAudit | user=null | ip=null | op=WRITE_CHUNK {blockData=conID: 2 locID: 102650153961980480 bcsId: 0} | ret=SUCCESS |  
2019-08-20 16:04:06,578 | INFO  | DNAudit | user=null | ip=null | op=WRITE_CHUNK {blockData=conID: 2 locID: 102650153961980480 bcsId: 0} | ret=SUCCESS |  
2019-08-20 16:04:06,578 | INFO  | DNAudit | user=null | ip=null | op=PUT_BLOCK {blockData=[blockId=conID: 2 locID: 102650153961980480 bcsId: 0,size=2097152]} | ret=SUCCESS |  
2019-08-20 16:04:06,578 | INFO  | DNAudit | user=null | ip=null | op=PUT_BLOCK {blockData=[blockId=conID: 2 locID: 102650153961980480 bcsId: 0,size=2097152]} | ret=SUCCESS |  
2019-08-20 16:04:06,582 | INFO  | DNAudit | user=null | ip=null | op=WRITE_CHUNK {blockData=conID: 2 locID: 102650153961980480 bcsId: 3430} | ret=SUCCESS |  
2019-08-20 16:04:06,584 | INFO  | DNAudit | user=null | ip=null | op=WRITE_CHUNK {blockData=conID: 2 locID: 102650153961980480 bcsId: 3430} | ret=SUCCESS |  
2019-08-20 16:04:06,584 | INFO  | DNAudit | user=null | ip=null | op=WRITE_CHUNK {blockData=conID: 2 locID: 102650153961980480 bcsId: 3430} | ret=SUCCESS |  
2019-08-20 16:04:06,601 | INFO  | DNAudit | user=null | ip=null | op=WRITE_CHUNK {blockData=conID: 2 locID: 102650153961980480 bcsId: 3430} | ret=SUCCESS |  
2019-08-20 16:04:06,602 | INFO  | DNAudit | user=null | ip=null | op=PUT_BLOCK {blockData=[blockId=conID: 2 locID: 102650153961980480 bcsId: 0,size=3145728]} | ret=SUCCESS |  
2019-08-20 16:04:06,602 [grpc-default-executor-0] INFO  client.GrpcClientProtocolClient (GrpcClientProtocolClient.java:onNext(255)) - client-EAA342753240->9a4a4c23-9ff3-4ce3-a619-2c71c0869997: receive RaftClientReply:client-EAA342753240->9a4a4c23-9ff3-4ce3-a619-2c71c0869997@group-EC4211DF0353, cid=2327, SUCCESS, logIndex=3434, commits[9a4a4c23-9ff3-4ce3-a619-2c71c0869997:c3435, 9b0072ab-15b3-4973-9bcb-7fa02f6bfea9:c3433, 9f215ef2-7d46-4cda-b695-cae1b893f75f:c3433]
2019-08-20 16:04:06,602 [grpc-default-executor-0] INFO  client.GrpcClientProtocolClient (GrpcClientProtocolClient.java:onNext(255)) - client-EAA342753240->9a4a4c23-9ff3-4ce3-a619-2c71c0869997: receive RaftClientReply:client-EAA342753240->9a4a4c23-9ff3-4ce3-a619-2c71c0869997@group-EC4211DF0353, cid=2328, SUCCESS, logIndex=3435, commits[9a4a4c23-9ff3-4ce3-a619-2c71c0869997:c3435, 9b0072ab-15b3-4973-9bcb-7fa02f6bfea9:c3433, 9f215ef2-7d46-4cda-b695-cae1b893f75f:c3433]
2019-08-20 16:04:06,609 | INFO  | DNAudit | user=null | ip=null | op=WRITE_CHUNK {blockData=conID: 2 locID: 102650153961980480 bcsId: 3435} | ret=SUCCESS |  
2019-08-20 16:04:06,611 | INFO  | DNAudit | user=null | ip=null | op=WRITE_CHUNK {blockData=conID: 2 locID: 102650153961980480 bcsId: 3435} | ret=SUCCESS |  
2019-08-20 16:04:06,611 | INFO  | DNAudit | user=null | ip=null | op=WRITE_CHUNK {blockData=conID: 2 locID: 102650153961980480 bcsId: 3435} | ret=SUCCESS |  
2019-08-20 16:04:06,611 | INFO  | DNAudit | user=null | ip=null | op=WRITE_CHUNK {blockData=conID: 2 locID: 102650153961980480 bcsId: 3430} | ret=SUCCESS |  
2019-08-20 16:04:06,612 | INFO  | DNAudit | user=null | ip=null | op=PUT_BLOCK {blockData=[blockId=conID: 2 locID: 102650153961980480 bcsId: 0,size=3145728]} | ret=SUCCESS |  
2019-08-20 16:04:06,612 | INFO  | DNAudit | user=null | ip=null | op=WRITE_CHUNK {blockData=conID: 2 locID: 102650153961980480 bcsId: 3430} | ret=SUCCESS |  
2019-08-20 16:04:06,612 | INFO  | DNAudit | user=null | ip=null | op=PUT_BLOCK {blockData=[blockId=conID: 2 locID: 102650153961980480 bcsId: 0,size=3145728]} | ret=SUCCESS |  
2019-08-20 16:04:06,625 | INFO  | DNAudit | user=null | ip=null | op=WRITE_CHUNK {blockData=conID: 2 locID: 102650153961980480 bcsId: 3435} | ret=SUCCESS |  
2019-08-20 16:04:06,625 | INFO  | DNAudit | user=null | ip=null | op=PUT_BLOCK {blockData=[blockId=conID: 2 locID: 102650153961980480 bcsId: 0,size=4194304]} | ret=SUCCESS |  
2019-08-20 16:04:06,625 [grpc-default-executor-5] INFO  client.GrpcClientProtocolClient (GrpcClientProtocolClient.java:onNext(255)) - client-EAA342753240->9a4a4c23-9ff3-4ce3-a619-2c71c0869997: receive RaftClientReply:client-EAA342753240->9a4a4c23-9ff3-4ce3-a619-2c71c0869997@group-EC4211DF0353, cid=2329, SUCCESS, logIndex=3438, commits[9a4a4c23-9ff3-4ce3-a619-2c71c0869997:c3439, 9b0072ab-15b3-4973-9bcb-7fa02f6bfea9:c3435, 9f215ef2-7d46-4cda-b695-cae1b893f75f:c3435]
2019-08-20 16:04:06,626 [grpc-default-executor-5] INFO  client.GrpcClientProtocolClient (GrpcClientProtocolClient.java:onNext(255)) - client-EAA342753240->9a4a4c23-9ff3-4ce3-a619-2c71c0869997: receive RaftClientReply:client-EAA342753240->9a4a4c23-9ff3-4ce3-a619-2c71c0869997@group-EC4211DF0353, cid=2330, SUCCESS, logIndex=3439, commits[9a4a4c23-9ff3-4ce3-a619-2c71c0869997:c3439, 9b0072ab-15b3-4973-9bcb-7fa02f6bfea9:c3435, 9f215ef2-7d46-4cda-b695-cae1b893f75f:c3435]
2019-08-20 16:04:06,633 | INFO  | DNAudit | user=null | ip=null | op=WRITE_CHUNK {blockData=conID: 2 locID: 102650153961980480 bcsId: 3435} | ret=SUCCESS |  
2019-08-20 16:04:06,633 | INFO  | DNAudit | user=null | ip=null | op=WRITE_CHUNK {blockData=conID: 2 locID: 102650153961980480 bcsId: 3435} | ret=SUCCESS |  
2019-08-20 16:04:06,636 | INFO  | DNAudit | user=null | ip=null | op=PUT_BLOCK {blockData=[blockId=conID: 2 locID: 102650153961980480 bcsId: 0,size=4194304]} | ret=SUCCESS |  
2019-08-20 16:04:06,636 | INFO  | DNAudit | user=null | ip=null | op=PUT_BLOCK {blockData=[blockId=conID: 2 locID: 102650153961980480 bcsId: 0,size=4194304]} | ret=SUCCESS |  
2019-08-20 16:04:06,636 [grpc-default-executor-5] INFO  client.GrpcClientProtocolClient (GrpcClientProtocolClient.java:onNext(255)) - client-EAA342753240->9a4a4c23-9ff3-4ce3-a619-2c71c0869997: receive RaftClientReply:client-EAA342753240->9a4a4c23-9ff3-4ce3-a619-2c71c0869997@group-EC4211DF0353, cid=2331, SUCCESS, logIndex=0, commits[9a4a4c23-9ff3-4ce3-a619-2c71c0869997:c3440, 9b0072ab-15b3-4973-9bcb-7fa02f6bfea9:c3439, 9f215ef2-7d46-4cda-b695-cae1b893f75f:c3439]
2019-08-20 16:04:06,641 | INFO  | SCMAudit | user=jenkins1000 | ip=192.168.69.96 | op=ALLOCATE_BLOCK {owner=ea4851f9-218c-4af7-91b4-edb777a4888c, size=4194304, type=RATIS, factor=THREE} | ret=SUCCESS |  
2019-08-20 16:04:06,644 | INFO  | OMAudit | user=jenkins1000 | ip=127.0.0.1 | op=ALLOCATE_BLOCK {volume=vol-0-94146, bucket=bucket-0-90789, key=key-0-25609, dataSize=0, replicationType=null, replicationFactor=null, keyLocationInfo=null, clientID=102650152704082322} | ret=SUCCESS |  
2019-08-20 16:04:06,651 | INFO  | DNAudit | user=null | ip=null | op=WRITE_CHUNK {blockData=conID: 3 locID: 102650153968665153 bcsId: 0} | ret=SUCCESS |  
2019-08-20 16:04:06,655 | INFO  | DNAudit | user=null | ip=null | op=WRITE_CHUNK {blockData=conID: 3 locID: 102650153968665153 bcsId: 0} | ret=SUCCESS |  
2019-08-20 16:04:06,655 | INFO  | DNAudit | user=null | ip=null | op=WRITE_CHUNK {blockData=conID: 3 locID: 102650153968665153 bcsId: 0} | ret=SUCCESS |  
2019-08-20 16:04:06,655 | INFO  | DNAudit | user=null | ip=null | op=WRITE_CHUNK {blockData=conID: 3 locID: 102650153968665153 bcsId: 0} | ret=SUCCESS |  
2019-08-20 16:04:06,657 | INFO  | DNAudit | user=null | ip=null | op=WRITE_CHUNK {blockData=conID: 3 locID: 102650153968665153 bcsId: 0} | ret=SUCCESS |  
2019-08-20 16:04:06,657 | INFO  | DNAudit | user=null | ip=null | op=PUT_BLOCK {blockData=[blockId=conID: 3 locID: 102650153968665153 bcsId: 0,size=1048576]} | ret=SUCCESS |  
2019-08-20 16:04:06,657 [grpc-default-executor-0] INFO  client.GrpcClientProtocolClient (GrpcClientProtocolClient.java:onNext(255)) - client-EAA342753240->9a4a4c23-9ff3-4ce3-a619-2c71c0869997: receive RaftClientReply:client-EAA342753240->9a4a4c23-9ff3-4ce3-a619-2c71c0869997@group-EC4211DF0353, cid=2332, SUCCESS, logIndex=3442, commits[9a4a4c23-9ff3-4ce3-a619-2c71c0869997:c3443, 9b0072ab-15b3-4973-9bcb-7fa02f6bfea9:c3439, 9f215ef2-7d46-4cda-b695-cae1b893f75f:c3441]
2019-08-20 16:04:06,657 | INFO  | DNAudit | user=null | ip=null | op=WRITE_CHUNK {blockData=conID: 3 locID: 102650153968665153 bcsId: 0} | ret=SUCCESS |  
2019-08-20 16:04:06,658 [grpc-default-executor-0] INFO  client.GrpcClientProtocolClient (GrpcClientProtocolClient.java:onNext(255)) - client-EAA342753240->9a4a4c23-9ff3-4ce3-a619-2c71c0869997: receive RaftClientReply:client-EAA342753240->9a4a4c23-9ff3-4ce3-a619-2c71c0869997@group-EC4211DF0353, cid=2333, SUCCESS, logIndex=3443, commits[9a4a4c23-9ff3-4ce3-a619-2c71c0869997:c3443, 9b0072ab-15b3-4973-9bcb-7fa02f6bfea9:c3439, 9f215ef2-7d46-4cda-b695-cae1b893f75f:c3441]
2019-08-20 16:04:06,658 | INFO  | DNAudit | user=null | ip=null | op=WRITE_CHUNK {blockData=conID: 3 locID: 102650153968665153 bcsId: 0} | ret=SUCCESS |  
2019-08-20 16:04:06,659 | INFO  | DNAudit | user=null | ip=null | op=WRITE_CHUNK {blockData=conID: 3 locID: 102650153968665153 bcsId: 0} | ret=SUCCESS |  
2019-08-20 16:04:06,659 | INFO  | DNAudit | user=null | ip=null | op=WRITE_CHUNK {blockData=conID: 3 locID: 102650153968665153 bcsId: 0} | ret=SUCCESS |  
2019-08-20 16:04:06,659 | INFO  | DNAudit | user=null | ip=null | op=PUT_BLOCK {blockData=[blockId=conID: 3 locID: 102650153968665153 bcsId: 0,size=2097152]} | ret=SUCCESS |  
2019-08-20 16:04:06,660 | INFO  | DNAudit | user=null | ip=null | op=PUT_BLOCK {blockData=[blockId=conID: 3 locID: 102650153968665153 bcsId: 0,size=1048576]} | ret=SUCCESS |  
2019-08-20 16:04:06,660 [grpc-default-executor-5] INFO  client.GrpcClientProtocolClient (GrpcClientProtocolClient.java:onNext(255)) - client-EAA342753240->9a4a4c23-9ff3-4ce3-a619-2c71c0869997: receive RaftClientReply:client-EAA342753240->9a4a4c23-9ff3-4ce3-a619-2c71c0869997@group-EC4211DF0353, cid=2334, SUCCESS, logIndex=3444, commits[9a4a4c23-9ff3-4ce3-a619-2c71c0869997:c3445, 9b0072ab-15b3-4973-9bcb-7fa02f6bfea9:c3441, 9f215ef2-7d46-4cda-b695-cae1b893f75f:c3441]
2019-08-20 16:04:06,660 | INFO  | DNAudit | user=null | ip=null | op=WRITE_CHUNK {blockData=conID: 3 locID: 102650153968665153 bcsId: 0} | ret=SUCCESS |  
2019-08-20 16:04:06,660 | INFO  | DNAudit | user=null | ip=null | op=PUT_BLOCK {blockData=[blockId=conID: 3 locID: 102650153968665153 bcsId: 0,size=1048576]} | ret=SUCCESS |  
2019-08-20 16:04:06,660 [grpc-default-executor-5] INFO  client.GrpcClientProtocolClient (GrpcClientProtocolClient.java:onNext(255)) - client-EAA342753240->9a4a4c23-9ff3-4ce3-a619-2c71c0869997: receive RaftClientReply:client-EAA342753240->9a4a4c23-9ff3-4ce3-a619-2c71c0869997@group-EC4211DF0353, cid=2335, SUCCESS, logIndex=3445, commits[9a4a4c23-9ff3-4ce3-a619-2c71c0869997:c3447, 9b0072ab-15b3-4973-9bcb-7fa02f6bfea9:c3443, 9f215ef2-7d46-4cda-b695-cae1b893f75f:c3441]
2019-08-20 16:04:06,661 [grpc-default-executor-5] INFO  client.GrpcClientProtocolClient (GrpcClientProtocolClient.java:onNext(255)) - client-EAA342753240->9a4a4c23-9ff3-4ce3-a619-2c71c0869997: receive RaftClientReply:client-EAA342753240->9a4a4c23-9ff3-4ce3-a619-2c71c0869997@group-EC4211DF0353, cid=2336, SUCCESS, logIndex=0, commits[9a4a4c23-9ff3-4ce3-a619-2c71c0869997:c3447, 9b0072ab-15b3-4973-9bcb-7fa02f6bfea9:c3443, 9f215ef2-7d46-4cda-b695-cae1b893f75f:c3443]
2019-08-20 16:04:06,662 | INFO  | DNAudit | user=null | ip=null | op=WRITE_CHUNK {blockData=conID: 3 locID: 102650153968665153 bcsId: 0} | ret=SUCCESS |  
2019-08-20 16:04:06,662 | INFO  | DNAudit | user=null | ip=null | op=PUT_BLOCK {blockData=[blockId=conID: 3 locID: 102650153968665153 bcsId: 0,size=2097152]} | ret=SUCCESS |  
2019-08-20 16:04:06,663 | INFO  | DNAudit | user=null | ip=null | op=WRITE_CHUNK {blockData=conID: 3 locID: 102650153968665153 bcsId: 0} | ret=SUCCESS |  
2019-08-20 16:04:06,668 | INFO  | DNAudit | user=null | ip=null | op=WRITE_CHUNK {blockData=conID: 3 locID: 102650153968665153 bcsId: 3445} | ret=SUCCESS |  
2019-08-20 16:04:06,670 | INFO  | DNAudit | user=null | ip=null | op=WRITE_CHUNK {blockData=conID: 3 locID: 102650153968665153 bcsId: 3445} | ret=SUCCESS |  
2019-08-20 16:04:06,670 | INFO  | DNAudit | user=null | ip=null | op=WRITE_CHUNK {blockData=conID: 3 locID: 102650153968665153 bcsId: 3445} | ret=SUCCESS |  
2019-08-20 16:04:06,674 | INFO  | DNAudit | user=null | ip=null | op=PUT_BLOCK {blockData=[blockId=conID: 3 locID: 102650153968665153 bcsId: 0,size=2097152]} | ret=SUCCESS |  
2019-08-20 16:04:06,674 | INFO  | DNAudit | user=null | ip=null | op=WRITE_CHUNK {blockData=conID: 3 locID: 102650153968665153 bcsId: 3445} | ret=SUCCESS |  
2019-08-20 16:04:06,674 | INFO  | DNAudit | user=null | ip=null | op=PUT_BLOCK {blockData=[blockId=conID: 3 locID: 102650153968665153 bcsId: 0,size=3145728]} | ret=SUCCESS |  
2019-08-20 16:04:06,675 [grpc-default-executor-5] INFO  client.GrpcClientProtocolClient (GrpcClientProtocolClient.java:onNext(255)) - client-EAA342753240->9a4a4c23-9ff3-4ce3-a619-2c71c0869997: receive RaftClientReply:client-EAA342753240->9a4a4c23-9ff3-4ce3-a619-2c71c0869997@group-EC4211DF0353, cid=2337, SUCCESS, logIndex=3450, commits[9a4a4c23-9ff3-4ce3-a619-2c71c0869997:c3451, 9b0072ab-15b3-4973-9bcb-7fa02f6bfea9:c3445, 9f215ef2-7d46-4cda-b695-cae1b893f75f:c3448]
2019-08-20 16:04:06,675 [grpc-default-executor-5] INFO  client.GrpcClientProtocolClient (GrpcClientProtocolClient.java:onNext(255)) - client-EAA342753240->9a4a4c23-9ff3-4ce3-a619-2c71c0869997: receive RaftClientReply:client-EAA342753240->9a4a4c23-9ff3-4ce3-a619-2c71c0869997@group-EC4211DF0353, cid=2338, SUCCESS, logIndex=3451, commits[9a4a4c23-9ff3-4ce3-a619-2c71c0869997:c3451, 9b0072ab-15b3-4973-9bcb-7fa02f6bfea9:c3445, 9f215ef2-7d46-4cda-b695-cae1b893f75f:c3448]
2019-08-20 16:04:06,677 | INFO  | DNAudit | user=null | ip=null | op=WRITE_CHUNK {blockData=conID: 3 locID: 102650153968665153 bcsId: 3445} | ret=SUCCESS |  
2019-08-20 16:04:06,682 | INFO  | DNAudit | user=null | ip=null | op=WRITE_CHUNK {blockData=conID: 3 locID: 102650153968665153 bcsId: 3451} | ret=SUCCESS |  
2019-08-20 16:04:06,684 | INFO  | DNAudit | user=null | ip=null | op=WRITE_CHUNK {blockData=conID: 3 locID: 102650153968665153 bcsId: 3451} | ret=SUCCESS |  
2019-08-20 16:04:06,684 | INFO  | DNAudit | user=null | ip=null | op=WRITE_CHUNK {blockData=conID: 3 locID: 102650153968665153 bcsId: 3451} | ret=SUCCESS |  
2019-08-20 16:04:06,689 | INFO  | DNAudit | user=null | ip=null | op=WRITE_CHUNK {blockData=conID: 3 locID: 102650153968665153 bcsId: 3445} | ret=SUCCESS |  
2019-08-20 16:04:06,689 | INFO  | DNAudit | user=null | ip=null | op=PUT_BLOCK {blockData=[blockId=conID: 3 locID: 102650153968665153 bcsId: 0,size=3145728]} | ret=SUCCESS |  
2019-08-20 16:04:06,689 | INFO  | DNAudit | user=null | ip=null | op=PUT_BLOCK {blockData=[blockId=conID: 3 locID: 102650153968665153 bcsId: 0,size=3145728]} | ret=SUCCESS |  
2019-08-20 16:04:06,690 | INFO  | DNAudit | user=null | ip=null | op=WRITE_CHUNK {blockData=conID: 3 locID: 102650153968665153 bcsId: 3451} | ret=SUCCESS |  
2019-08-20 16:04:06,691 | INFO  | DNAudit | user=null | ip=null | op=PUT_BLOCK {blockData=[blockId=conID: 3 locID: 102650153968665153 bcsId: 0,size=4194304]} | ret=SUCCESS |  
2019-08-20 16:04:06,691 [grpc-default-executor-1] INFO  client.GrpcClientProtocolClient (GrpcClientProtocolClient.java:onNext(255)) - client-EAA342753240->9a4a4c23-9ff3-4ce3-a619-2c71c0869997: receive RaftClientReply:client-EAA342753240->9a4a4c23-9ff3-4ce3-a619-2c71c0869997@group-EC4211DF0353, cid=2339, SUCCESS, logIndex=3454, commits[9a4a4c23-9ff3-4ce3-a619-2c71c0869997:c3455, 9b0072ab-15b3-4973-9bcb-7fa02f6bfea9:c3452, 9f215ef2-7d46-4cda-b695-cae1b893f75f:c3451]
2019-08-20 16:04:06,691 [grpc-default-executor-1] INFO  client.GrpcClientProtocolClient (GrpcClientProtocolClient.java:onNext(255)) - client-EAA342753240->9a4a4c23-9ff3-4ce3-a619-2c71c0869997: receive RaftClientReply:client-EAA342753240->9a4a4c23-9ff3-4ce3-a619-2c71c0869997@group-EC4211DF0353, cid=2340, SUCCESS, logIndex=3455, commits[9a4a4c23-9ff3-4ce3-a619-2c71c0869997:c3455, 9b0072ab-15b3-4973-9bcb-7fa02f6bfea9:c3452, 9f215ef2-7d46-4cda-b695-cae1b893f75f:c3452]
2019-08-20 16:04:06,692 | INFO  | DNAudit | user=null | ip=null | op=WRITE_CHUNK {blockData=conID: 3 locID: 102650153968665153 bcsId: 3451} | ret=SUCCESS |  
2019-08-20 16:04:06,692 | INFO  | DNAudit | user=null | ip=null | op=WRITE_CHUNK {blockData=conID: 3 locID: 102650153968665153 bcsId: 3451} | ret=SUCCESS |  
2019-08-20 16:04:06,693 | INFO  | DNAudit | user=null | ip=null | op=PUT_BLOCK {blockData=[blockId=conID: 3 locID: 102650153968665153 bcsId: 0,size=4194304]} | ret=SUCCESS |  
2019-08-20 16:04:06,693 | INFO  | DNAudit | user=null | ip=null | op=PUT_BLOCK {blockData=[blockId=conID: 3 locID: 102650153968665153 bcsId: 0,size=4194304]} | ret=SUCCESS |  
2019-08-20 16:04:06,693 [grpc-default-executor-0] INFO  client.GrpcClientProtocolClient (GrpcClientProtocolClient.java:onNext(255)) - client-EAA342753240->9a4a4c23-9ff3-4ce3-a619-2c71c0869997: receive RaftClientReply:client-EAA342753240->9a4a4c23-9ff3-4ce3-a619-2c71c0869997@group-EC4211DF0353, cid=2341, SUCCESS, logIndex=0, commits[9a4a4c23-9ff3-4ce3-a619-2c71c0869997:c3456, 9b0072ab-15b3-4973-9bcb-7fa02f6bfea9:c3455, 9f215ef2-7d46-4cda-b695-cae1b893f75f:c3455]
2019-08-20 16:04:06,702 | INFO  | SCMAudit | user=jenkins1000 | ip=192.168.69.96 | op=ALLOCATE_BLOCK {owner=ea4851f9-218c-4af7-91b4-edb777a4888c, size=4194304, type=RATIS, factor=THREE} | ret=SUCCESS |  
2019-08-20 16:04:06,705 | INFO  | OMAudit | user=jenkins1000 | ip=127.0.0.1 | op=ALLOCATE_BLOCK {volume=vol-0-94146, bucket=bucket-0-90789, key=key-0-25609, dataSize=0, replicationType=null, replicationFactor=null, keyLocationInfo=null, clientID=102650152704082322} | ret=SUCCESS |  
2019-08-20 16:04:06,711 | INFO  | DNAudit | user=null | ip=null | op=WRITE_CHUNK {blockData=conID: 1 locID: 102650153972662850 bcsId: 0} | ret=SUCCESS |  
2019-08-20 16:04:06,713 | INFO  | DNAudit | user=null | ip=null | op=WRITE_CHUNK {blockData=conID: 1 locID: 102650153972662850 bcsId: 0} | ret=SUCCESS |  
2019-08-20 16:04:06,713 | INFO  | DNAudit | user=null | ip=null | op=WRITE_CHUNK {blockData=conID: 1 locID: 102650153972662850 bcsId: 0} | ret=SUCCESS |  
2019-08-20 16:04:06,714 | INFO  | DNAudit | user=null | ip=null | op=WRITE_CHUNK {blockData=conID: 1 locID: 102650153972662850 bcsId: 0} | ret=SUCCESS |  
2019-08-20 16:04:06,715 | INFO  | DNAudit | user=null | ip=null | op=WRITE_CHUNK {blockData=conID: 1 locID: 102650153972662850 bcsId: 0} | ret=SUCCESS |  
2019-08-20 16:04:06,715 | INFO  | DNAudit | user=null | ip=null | op=WRITE_CHUNK {blockData=conID: 1 locID: 102650153972662850 bcsId: 0} | ret=SUCCESS |  
2019-08-20 16:04:06,732 | INFO  | DNAudit | user=null | ip=null | op=WRITE_CHUNK {blockData=conID: 1 locID: 102650153972662850 bcsId: 0} | ret=SUCCESS |  
2019-08-20 16:04:06,732 | INFO  | DNAudit | user=null | ip=null | op=PUT_BLOCK {blockData=[blockId=conID: 1 locID: 102650153972662850 bcsId: 0,size=1048576]} | ret=SUCCESS |  
2019-08-20 16:04:06,733 [grpc-default-executor-1] INFO  client.GrpcClientProtocolClient (GrpcClientProtocolClient.java:onNext(255)) - client-EAA342753240->9a4a4c23-9ff3-4ce3-a619-2c71c0869997: receive RaftClientReply:client-EAA342753240->9a4a4c23-9ff3-4ce3-a619-2c71c0869997@group-EC4211DF0353, cid=2342, SUCCESS, logIndex=3457, commits[9a4a4c23-9ff3-4ce3-a619-2c71c0869997:c3458, 9b0072ab-15b3-4973-9bcb-7fa02f6bfea9:c3456, 9f215ef2-7d46-4cda-b695-cae1b893f75f:c3455]
2019-08-20 16:04:06,733 [grpc-default-executor-1] INFO  client.GrpcClientProtocolClient (GrpcClientProtocolClient.java:onNext(255)) - client-EAA342753240->9a4a4c23-9ff3-4ce3-a619-2c71c0869997: receive RaftClientReply:client-EAA342753240->9a4a4c23-9ff3-4ce3-a619-2c71c0869997@group-EC4211DF0353, cid=2343, SUCCESS, logIndex=3458, commits[9a4a4c23-9ff3-4ce3-a619-2c71c0869997:c3458, 9b0072ab-15b3-4973-9bcb-7fa02f6bfea9:c3456, 9f215ef2-7d46-4cda-b695-cae1b893f75f:c3455]
2019-08-20 16:04:06,735 | INFO  | DNAudit | user=null | ip=null | op=WRITE_CHUNK {blockData=conID: 1 locID: 102650153972662850 bcsId: 0} | ret=SUCCESS |  
2019-08-20 16:04:06,736 | INFO  | DNAudit | user=null | ip=null | op=PUT_BLOCK {blockData=[blockId=conID: 1 locID: 102650153972662850 bcsId: 0,size=2097152]} | ret=SUCCESS |  
2019-08-20 16:04:06,736 [grpc-default-executor-1] INFO  client.GrpcClientProtocolClient (GrpcClientProtocolClient.java:onNext(255)) - client-EAA342753240->9a4a4c23-9ff3-4ce3-a619-2c71c0869997: receive RaftClientReply:client-EAA342753240->9a4a4c23-9ff3-4ce3-a619-2c71c0869997@group-EC4211DF0353, cid=2344, SUCCESS, logIndex=3459, commits[9a4a4c23-9ff3-4ce3-a619-2c71c0869997:c3460, 9b0072ab-15b3-4973-9bcb-7fa02f6bfea9:c3456, 9f215ef2-7d46-4cda-b695-cae1b893f75f:c3456]
2019-08-20 16:04:06,736 [grpc-default-executor-1] INFO  client.GrpcClientProtocolClient (GrpcClientProtocolClient.java:onNext(255)) - client-EAA342753240->9a4a4c23-9ff3-4ce3-a619-2c71c0869997: receive RaftClientReply:client-EAA342753240->9a4a4c23-9ff3-4ce3-a619-2c71c0869997@group-EC4211DF0353, cid=2345, SUCCESS, logIndex=3460, commits[9a4a4c23-9ff3-4ce3-a619-2c71c0869997:c3460, 9b0072ab-15b3-4973-9bcb-7fa02f6bfea9:c3456, 9f215ef2-7d46-4cda-b695-cae1b893f75f:c3456]
2019-08-20 16:04:06,744 | INFO  | DNAudit | user=null | ip=null | op=WRITE_CHUNK {blockData=conID: 1 locID: 102650153972662850 bcsId: 0} | ret=SUCCESS |  
2019-08-20 16:04:06,744 | INFO  | DNAudit | user=null | ip=null | op=PUT_BLOCK {blockData=[blockId=conID: 1 locID: 102650153972662850 bcsId: 0,size=1048576]} | ret=SUCCESS |  
2019-08-20 16:04:06,744 | INFO  | DNAudit | user=null | ip=null | op=WRITE_CHUNK {blockData=conID: 1 locID: 102650153972662850 bcsId: 0} | ret=SUCCESS |  
2019-08-20 16:04:06,745 | INFO  | DNAudit | user=null | ip=null | op=PUT_BLOCK {blockData=[blockId=conID: 1 locID: 102650153972662850 bcsId: 0,size=1048576]} | ret=SUCCESS |  
2019-08-20 16:04:06,745 [grpc-default-executor-5] INFO  client.GrpcClientProtocolClient (GrpcClientProtocolClient.java:onNext(255)) - client-EAA342753240->9a4a4c23-9ff3-4ce3-a619-2c71c0869997: receive RaftClientReply:client-EAA342753240->9a4a4c23-9ff3-4ce3-a619-2c71c0869997@group-EC4211DF0353, cid=2346, SUCCESS, logIndex=0, commits[9a4a4c23-9ff3-4ce3-a619-2c71c0869997:c3462, 9b0072ab-15b3-4973-9bcb-7fa02f6bfea9:c3458, 9f215ef2-7d46-4cda-b695-cae1b893f75f:c3458]
2019-08-20 16:04:06,745 | INFO  | DNAudit | user=null | ip=null | op=WRITE_CHUNK {blockData=conID: 1 locID: 102650153972662850 bcsId: 0} | ret=SUCCESS |  
2019-08-20 16:04:06,746 | INFO  | DNAudit | user=null | ip=null | op=WRITE_CHUNK {blockData=conID: 1 locID: 102650153972662850 bcsId: 0} | ret=SUCCESS |  
2019-08-20 16:04:06,746 | INFO  | DNAudit | user=null | ip=null | op=PUT_BLOCK {blockData=[blockId=conID: 1 locID: 102650153972662850 bcsId: 0,size=2097152]} | ret=SUCCESS |  
2019-08-20 16:04:06,746 | INFO  | DNAudit | user=null | ip=null | op=PUT_BLOCK {blockData=[blockId=conID: 1 locID: 102650153972662850 bcsId: 0,size=2097152]} | ret=SUCCESS |  
2019-08-20 16:04:06,751 | INFO  | DNAudit | user=null | ip=null | op=WRITE_CHUNK {blockData=conID: 1 locID: 102650153972662850 bcsId: 3460} | ret=SUCCESS |  
2019-08-20 16:04:06,753 | INFO  | DNAudit | user=null | ip=null | op=WRITE_CHUNK {blockData=conID: 1 locID: 102650153972662850 bcsId: 3460} | ret=SUCCESS |  
2019-08-20 16:04:06,754 | INFO  | DNAudit | user=null | ip=null | op=WRITE_CHUNK {blockData=conID: 1 locID: 102650153972662850 bcsId: 3460} | ret=SUCCESS |  
2019-08-20 16:04:06,757 | INFO  | DNAudit | user=null | ip=null | op=WRITE_CHUNK {blockData=conID: 1 locID: 102650153972662850 bcsId: 3460} | ret=SUCCESS |  
2019-08-20 16:04:06,757 | INFO  | DNAudit | user=null | ip=null | op=PUT_BLOCK {blockData=[blockId=conID: 1 locID: 102650153972662850 bcsId: 0,size=3145728]} | ret=SUCCESS |  
2019-08-20 16:04:06,757 [grpc-default-executor-5] INFO  client.GrpcClientProtocolClient (GrpcClientProtocolClient.java:onNext(255)) - client-EAA342753240->9a4a4c23-9ff3-4ce3-a619-2c71c0869997: receive RaftClientReply:client-EAA342753240->9a4a4c23-9ff3-4ce3-a619-2c71c0869997@group-EC4211DF0353, cid=2347, SUCCESS, logIndex=3465, commits[9a4a4c23-9ff3-4ce3-a619-2c71c0869997:c3466, 9b0072ab-15b3-4973-9bcb-7fa02f6bfea9:c3464, 9f215ef2-7d46-4cda-b695-cae1b893f75f:c3464]
2019-08-20 16:04:06,758 [grpc-default-executor-5] INFO  client.GrpcClientProtocolClient (GrpcClientProtocolClient.java:onNext(255)) - client-EAA342753240->9a4a4c23-9ff3-4ce3-a619-2c71c0869997: receive RaftClientReply:client-EAA342753240->9a4a4c23-9ff3-4ce3-a619-2c71c0869997@group-EC4211DF0353, cid=2348, SUCCESS, logIndex=3466, commits[9a4a4c23-9ff3-4ce3-a619-2c71c0869997:c3466, 9b0072ab-15b3-4973-9bcb-7fa02f6bfea9:c3464, 9f215ef2-7d46-4cda-b695-cae1b893f75f:c3464]
2019-08-20 16:04:06,763 | INFO  | DNAudit | user=null | ip=null | op=WRITE_CHUNK {blockData=conID: 1 locID: 102650153972662850 bcsId: 3466} | ret=SUCCESS |  
2019-08-20 16:04:06,765 | INFO  | DNAudit | user=null | ip=null | op=WRITE_CHUNK {blockData=conID: 1 locID: 102650153972662850 bcsId: 3466} | ret=SUCCESS |  
2019-08-20 16:04:06,765 | INFO  | DNAudit | user=null | ip=null | op=WRITE_CHUNK {blockData=conID: 1 locID: 102650153972662850 bcsId: 3466} | ret=SUCCESS |  
2019-08-20 16:04:06,768 | INFO  | DNAudit | user=null | ip=null | op=WRITE_CHUNK {blockData=conID: 1 locID: 102650153972662850 bcsId: 3460} | ret=SUCCESS |  
2019-08-20 16:04:06,768 | INFO  | DNAudit | user=null | ip=null | op=WRITE_CHUNK {blockData=conID: 1 locID: 102650153972662850 bcsId: 3460} | ret=SUCCESS |  
2019-08-20 16:04:06,769 | INFO  | DNAudit | user=null | ip=null | op=PUT_BLOCK {blockData=[blockId=conID: 1 locID: 102650153972662850 bcsId: 0,size=3145728]} | ret=SUCCESS |  
2019-08-20 16:04:06,771 | INFO  | DNAudit | user=null | ip=null | op=PUT_BLOCK {blockData=[blockId=conID: 1 locID: 102650153972662850 bcsId: 0,size=3145728]} | ret=SUCCESS |  
2019-08-20 16:04:06,771 | INFO  | DNAudit | user=null | ip=null | op=WRITE_CHUNK {blockData=conID: 1 locID: 102650153972662850 bcsId: 3466} | ret=SUCCESS |  
2019-08-20 16:04:06,772 | INFO  | DNAudit | user=null | ip=null | op=PUT_BLOCK {blockData=[blockId=conID: 1 locID: 102650153972662850 bcsId: 0,size=4194304]} | ret=SUCCESS |  
2019-08-20 16:04:06,772 [grpc-default-executor-1] INFO  client.GrpcClientProtocolClient (GrpcClientProtocolClient.java:onNext(255)) - client-EAA342753240->9a4a4c23-9ff3-4ce3-a619-2c71c0869997: receive RaftClientReply:client-EAA342753240->9a4a4c23-9ff3-4ce3-a619-2c71c0869997@group-EC4211DF0353, cid=2349, SUCCESS, logIndex=3469, commits[9a4a4c23-9ff3-4ce3-a619-2c71c0869997:c3470, 9b0072ab-15b3-4973-9bcb-7fa02f6bfea9:c3466, 9f215ef2-7d46-4cda-b695-cae1b893f75f:c3466]
2019-08-20 16:04:06,772 [grpc-default-executor-1] INFO  client.GrpcClientProtocolClient (GrpcClientProtocolClient.java:onNext(255)) - client-EAA342753240->9a4a4c23-9ff3-4ce3-a619-2c71c0869997: receive RaftClientReply:client-EAA342753240->9a4a4c23-9ff3-4ce3-a619-2c71c0869997@group-EC4211DF0353, cid=2350, SUCCESS, logIndex=3470, commits[9a4a4c23-9ff3-4ce3-a619-2c71c0869997:c3470, 9b0072ab-15b3-4973-9bcb-7fa02f6bfea9:c3466, 9f215ef2-7d46-4cda-b695-cae1b893f75f:c3466]
2019-08-20 16:04:06,779 | INFO  | DNAudit | user=null | ip=null | op=WRITE_CHUNK {blockData=conID: 1 locID: 102650153972662850 bcsId: 3466} | ret=SUCCESS |  
2019-08-20 16:04:06,779 | INFO  | DNAudit | user=null | ip=null | op=WRITE_CHUNK {blockData=conID: 1 locID: 102650153972662850 bcsId: 3466} | ret=SUCCESS |  
2019-08-20 16:04:06,781 | INFO  | DNAudit | user=null | ip=null | op=PUT_BLOCK {blockData=[blockId=conID: 1 locID: 102650153972662850 bcsId: 0,size=4194304]} | ret=SUCCESS |  
2019-08-20 16:04:06,781 | INFO  | DNAudit | user=null | ip=null | op=PUT_BLOCK {blockData=[blockId=conID: 1 locID: 102650153972662850 bcsId: 0,size=4194304]} | ret=SUCCESS |  
2019-08-20 16:04:06,782 [grpc-default-executor-1] INFO  client.GrpcClientProtocolClient (GrpcClientProtocolClient.java:onNext(255)) - client-EAA342753240->9a4a4c23-9ff3-4ce3-a619-2c71c0869997: receive RaftClientReply:client-EAA342753240->9a4a4c23-9ff3-4ce3-a619-2c71c0869997@group-EC4211DF0353, cid=2351, SUCCESS, logIndex=0, commits[9a4a4c23-9ff3-4ce3-a619-2c71c0869997:c3471, 9b0072ab-15b3-4973-9bcb-7fa02f6bfea9:c3470, 9f215ef2-7d46-4cda-b695-cae1b893f75f:c3470]
2019-08-20 16:04:06,786 | INFO  | SCMAudit | user=jenkins1000 | ip=192.168.69.96 | op=ALLOCATE_BLOCK {owner=ea4851f9-218c-4af7-91b4-edb777a4888c, size=4194304, type=RATIS, factor=THREE} | ret=SUCCESS |  
2019-08-20 16:04:06,789 | INFO  | OMAudit | user=jenkins1000 | ip=127.0.0.1 | op=ALLOCATE_BLOCK {volume=vol-0-94146, bucket=bucket-0-90789, key=key-0-25609, dataSize=0, replicationType=null, replicationFactor=null, keyLocationInfo=null, clientID=102650152704082322} | ret=SUCCESS |  
2019-08-20 16:04:06,794 | INFO  | DNAudit | user=null | ip=null | op=WRITE_CHUNK {blockData=conID: 2 locID: 102650153978167875 bcsId: 0} | ret=SUCCESS |  
2019-08-20 16:04:06,796 | INFO  | DNAudit | user=null | ip=null | op=WRITE_CHUNK {blockData=conID: 2 locID: 102650153978167875 bcsId: 0} | ret=SUCCESS |  
2019-08-20 16:04:06,797 | INFO  | DNAudit | user=null | ip=null | op=WRITE_CHUNK {blockData=conID: 2 locID: 102650153978167875 bcsId: 0} | ret=SUCCESS |  
2019-08-20 16:04:06,797 | INFO  | DNAudit | user=null | ip=null | op=WRITE_CHUNK {blockData=conID: 2 locID: 102650153978167875 bcsId: 0} | ret=SUCCESS |  
2019-08-20 16:04:06,798 | INFO  | DNAudit | user=null | ip=null | op=WRITE_CHUNK {blockData=conID: 2 locID: 102650153978167875 bcsId: 0} | ret=SUCCESS |  
2019-08-20 16:04:06,798 | INFO  | DNAudit | user=null | ip=null | op=WRITE_CHUNK {blockData=conID: 2 locID: 102650153978167875 bcsId: 0} | ret=SUCCESS |  
2019-08-20 16:04:06,808 | INFO  | DNAudit | user=null | ip=null | op=WRITE_CHUNK {blockData=conID: 2 locID: 102650153978167875 bcsId: 0} | ret=SUCCESS |  
2019-08-20 16:04:06,809 | INFO  | DNAudit | user=null | ip=null | op=PUT_BLOCK {blockData=[blockId=conID: 2 locID: 102650153978167875 bcsId: 0,size=1048576]} | ret=SUCCESS |  
2019-08-20 16:04:06,809 | INFO  | DNAudit | user=null | ip=null | op=WRITE_CHUNK {blockData=conID: 2 locID: 102650153978167875 bcsId: 0} | ret=SUCCESS |  
2019-08-20 16:04:06,809 [grpc-default-executor-0] INFO  client.GrpcClientProtocolClient (GrpcClientProtocolClient.java:onNext(255)) - client-EAA342753240->9a4a4c23-9ff3-4ce3-a619-2c71c0869997: receive RaftClientReply:client-EAA342753240->9a4a4c23-9ff3-4ce3-a619-2c71c0869997@group-EC4211DF0353, cid=2352, SUCCESS, logIndex=3473, commits[9a4a4c23-9ff3-4ce3-a619-2c71c0869997:c3474, 9b0072ab-15b3-4973-9bcb-7fa02f6bfea9:c3472, 9f215ef2-7d46-4cda-b695-cae1b893f75f:c3472]
2019-08-20 16:04:06,810 | INFO  | DNAudit | user=null | ip=null | op=PUT_BLOCK {blockData=[blockId=conID: 2 locID: 102650153978167875 bcsId: 0,size=2097152]} | ret=SUCCESS |  
2019-08-20 16:04:06,810 [grpc-default-executor-0] INFO  client.GrpcClientProtocolClient (GrpcClientProtocolClient.java:onNext(255)) - client-EAA342753240->9a4a4c23-9ff3-4ce3-a619-2c71c0869997: receive RaftClientReply:client-EAA342753240->9a4a4c23-9ff3-4ce3-a619-2c71c0869997@group-EC4211DF0353, cid=2353, SUCCESS, logIndex=3474, commits[9a4a4c23-9ff3-4ce3-a619-2c71c0869997:c3476, 9b0072ab-15b3-4973-9bcb-7fa02f6bfea9:c3472, 9f215ef2-7d46-4cda-b695-cae1b893f75f:c3472]
2019-08-20 16:04:06,810 [grpc-default-executor-0] INFO  client.GrpcClientProtocolClient (GrpcClientProtocolClient.java:onNext(255)) - client-EAA342753240->9a4a4c23-9ff3-4ce3-a619-2c71c0869997: receive RaftClientReply:client-EAA342753240->9a4a4c23-9ff3-4ce3-a619-2c71c0869997@group-EC4211DF0353, cid=2354, SUCCESS, logIndex=3475, commits[9a4a4c23-9ff3-4ce3-a619-2c71c0869997:c3476, 9b0072ab-15b3-4973-9bcb-7fa02f6bfea9:c3472, 9f215ef2-7d46-4cda-b695-cae1b893f75f:c3472]
2019-08-20 16:04:06,810 [grpc-default-executor-0] INFO  client.GrpcClientProtocolClient (GrpcClientProtocolClient.java:onNext(255)) - client-EAA342753240->9a4a4c23-9ff3-4ce3-a619-2c71c0869997: receive RaftClientReply:client-EAA342753240->9a4a4c23-9ff3-4ce3-a619-2c71c0869997@group-EC4211DF0353, cid=2355, SUCCESS, logIndex=3476, commits[9a4a4c23-9ff3-4ce3-a619-2c71c0869997:c3476, 9b0072ab-15b3-4973-9bcb-7fa02f6bfea9:c3472, 9f215ef2-7d46-4cda-b695-cae1b893f75f:c3472]
2019-08-20 16:04:06,820 | INFO  | DNAudit | user=null | ip=null | op=WRITE_CHUNK {blockData=conID: 2 locID: 102650153978167875 bcsId: 0} | ret=SUCCESS |  
2019-08-20 16:04:06,820 | INFO  | DNAudit | user=null | ip=null | op=PUT_BLOCK {blockData=[blockId=conID: 2 locID: 102650153978167875 bcsId: 0,size=1048576]} | ret=SUCCESS |  
2019-08-20 16:04:06,820 | INFO  | DNAudit | user=null | ip=null | op=WRITE_CHUNK {blockData=conID: 2 locID: 102650153978167875 bcsId: 0} | ret=SUCCESS |  
2019-08-20 16:04:06,820 [grpc-default-executor-1] INFO  client.GrpcClientProtocolClient (GrpcClientProtocolClient.java:onNext(255)) - client-EAA342753240->9a4a4c23-9ff3-4ce3-a619-2c71c0869997: receive RaftClientReply:client-EAA342753240->9a4a4c23-9ff3-4ce3-a619-2c71c0869997@group-EC4211DF0353, cid=2356, SUCCESS, logIndex=0, commits[9a4a4c23-9ff3-4ce3-a619-2c71c0869997:c3477, 9b0072ab-15b3-4973-9bcb-7fa02f6bfea9:c3474, 9f215ef2-7d46-4cda-b695-cae1b893f75f:c3474]
2019-08-20 16:04:06,821 | INFO  | DNAudit | user=null | ip=null | op=PUT_BLOCK {blockData=[blockId=conID: 2 locID: 102650153978167875 bcsId: 0,size=1048576]} | ret=SUCCESS |  
2019-08-20 16:04:06,823 | INFO  | DNAudit | user=null | ip=null | op=WRITE_CHUNK {blockData=conID: 2 locID: 102650153978167875 bcsId: 0} | ret=SUCCESS |  
2019-08-20 16:04:06,823 | INFO  | DNAudit | user=null | ip=null | op=PUT_BLOCK {blockData=[blockId=conID: 2 locID: 102650153978167875 bcsId: 0,size=2097152]} | ret=SUCCESS |  
2019-08-20 16:04:06,823 | INFO  | DNAudit | user=null | ip=null | op=WRITE_CHUNK {blockData=conID: 2 locID: 102650153978167875 bcsId: 0} | ret=SUCCESS |  
2019-08-20 16:04:06,824 | INFO  | DNAudit | user=null | ip=null | op=PUT_BLOCK {blockData=[blockId=conID: 2 locID: 102650153978167875 bcsId: 0,size=2097152]} | ret=SUCCESS |  
2019-08-20 16:04:06,826 | INFO  | DNAudit | user=null | ip=null | op=WRITE_CHUNK {blockData=conID: 2 locID: 102650153978167875 bcsId: 3476} | ret=SUCCESS |  
2019-08-20 16:04:06,828 | INFO  | DNAudit | user=null | ip=null | op=WRITE_CHUNK {blockData=conID: 2 locID: 102650153978167875 bcsId: 3476} | ret=SUCCESS |  
2019-08-20 16:04:06,828 | INFO  | DNAudit | user=null | ip=null | op=WRITE_CHUNK {blockData=conID: 2 locID: 102650153978167875 bcsId: 3476} | ret=SUCCESS |  
2019-08-20 16:04:06,885 | INFO  | DNAudit | user=null | ip=null | op=WRITE_CHUNK {blockData=conID: 2 locID: 102650153978167875 bcsId: 3476} | ret=SUCCESS |  
2019-08-20 16:04:06,886 | INFO  | DNAudit | user=null | ip=null | op=PUT_BLOCK {blockData=[blockId=conID: 2 locID: 102650153978167875 bcsId: 0,size=3145728]} | ret=SUCCESS |  
2019-08-20 16:04:06,886 [grpc-default-executor-5] INFO  client.GrpcClientProtocolClient (GrpcClientProtocolClient.java:onNext(255)) - client-EAA342753240->9a4a4c23-9ff3-4ce3-a619-2c71c0869997: receive RaftClientReply:client-EAA342753240->9a4a4c23-9ff3-4ce3-a619-2c71c0869997@group-EC4211DF0353, cid=2357, SUCCESS, logIndex=3481, commits[9a4a4c23-9ff3-4ce3-a619-2c71c0869997:c3482, 9b0072ab-15b3-4973-9bcb-7fa02f6bfea9:c3480, 9f215ef2-7d46-4cda-b695-cae1b893f75f:c3480]
2019-08-20 16:04:06,886 [grpc-default-executor-5] INFO  client.GrpcClientProtocolClient (GrpcClientProtocolClient.java:onNext(255)) - client-EAA342753240->9a4a4c23-9ff3-4ce3-a619-2c71c0869997: receive RaftClientReply:client-EAA342753240->9a4a4c23-9ff3-4ce3-a619-2c71c0869997@group-EC4211DF0353, cid=2358, SUCCESS, logIndex=3482, commits[9a4a4c23-9ff3-4ce3-a619-2c71c0869997:c3482, 9b0072ab-15b3-4973-9bcb-7fa02f6bfea9:c3480, 9f215ef2-7d46-4cda-b695-cae1b893f75f:c3480]
2019-08-20 16:04:06,887 | INFO  | DNAudit | user=null | ip=null | op=WRITE_CHUNK {blockData=conID: 2 locID: 102650153978167875 bcsId: 3476} | ret=SUCCESS |  
2019-08-20 16:04:06,887 | INFO  | DNAudit | user=null | ip=null | op=WRITE_CHUNK {blockData=conID: 2 locID: 102650153978167875 bcsId: 3476} | ret=SUCCESS |  
2019-08-20 16:04:06,889 | INFO  | DNAudit | user=null | ip=null | op=PUT_BLOCK {blockData=[blockId=conID: 2 locID: 102650153978167875 bcsId: 0,size=3145728]} | ret=SUCCESS |  
2019-08-20 16:04:06,890 | INFO  | DNAudit | user=null | ip=null | op=PUT_BLOCK {blockData=[blockId=conID: 2 locID: 102650153978167875 bcsId: 0,size=3145728]} | ret=SUCCESS |  
2019-08-20 16:04:06,892 | INFO  | DNAudit | user=null | ip=null | op=WRITE_CHUNK {blockData=conID: 2 locID: 102650153978167875 bcsId: 3482} | ret=SUCCESS |  
2019-08-20 16:04:06,895 | INFO  | DNAudit | user=null | ip=null | op=WRITE_CHUNK {blockData=conID: 2 locID: 102650153978167875 bcsId: 3482} | ret=SUCCESS |  
2019-08-20 16:04:06,895 | INFO  | DNAudit | user=null | ip=null | op=WRITE_CHUNK {blockData=conID: 2 locID: 102650153978167875 bcsId: 3482} | ret=SUCCESS |  
2019-08-20 16:04:06,900 | INFO  | SCMAudit | user=jenkins1000 | ip=192.168.69.96 | op=SEND_HEARTBEAT {datanodeUUID=9b0072ab-15b3-4973-9bcb-7fa02f6bfea9, command=[]} | ret=SUCCESS |  
2019-08-20 16:04:06,901 | INFO  | SCMAudit | user=jenkins1000 | ip=192.168.69.96 | op=SEND_HEARTBEAT {datanodeUUID=f1afe498-2778-451e-a3e4-8199ec337a15, command=[]} | ret=SUCCESS |  
2019-08-20 16:04:06,901 | INFO  | SCMAudit | user=jenkins1000 | ip=192.168.69.96 | op=SEND_HEARTBEAT {datanodeUUID=9a4a4c23-9ff3-4ce3-a619-2c71c0869997, command=[]} | ret=SUCCESS |  
2019-08-20 16:04:06,901 | INFO  | SCMAudit | user=jenkins1000 | ip=192.168.69.96 | op=SEND_HEARTBEAT {datanodeUUID=9f215ef2-7d46-4cda-b695-cae1b893f75f, command=[]} | ret=SUCCESS |  
2019-08-20 16:04:06,902 | INFO  | DNAudit | user=null | ip=null | op=WRITE_CHUNK {blockData=conID: 2 locID: 102650153978167875 bcsId: 3482} | ret=SUCCESS |  
2019-08-20 16:04:06,902 | INFO  | SCMAudit | user=jenkins1000 | ip=192.168.69.96 | op=SEND_HEARTBEAT {datanodeUUID=69f203df-fb09-400b-ac11-cd7a56dd70a5, command=[]} | ret=SUCCESS |  
2019-08-20 16:04:06,902 | INFO  | DNAudit | user=null | ip=null | op=PUT_BLOCK {blockData=[blockId=conID: 2 locID: 102650153978167875 bcsId: 0,size=4194304]} | ret=SUCCESS |  
2019-08-20 16:04:06,902 [grpc-default-executor-3] INFO  client.GrpcClientProtocolClient (GrpcClientProtocolClient.java:onNext(255)) - client-EAA342753240->9a4a4c23-9ff3-4ce3-a619-2c71c0869997: receive RaftClientReply:client-EAA342753240->9a4a4c23-9ff3-4ce3-a619-2c71c0869997@group-EC4211DF0353, cid=2359, SUCCESS, logIndex=3485, commits[9a4a4c23-9ff3-4ce3-a619-2c71c0869997:c3485, 9b0072ab-15b3-4973-9bcb-7fa02f6bfea9:c3484, 9f215ef2-7d46-4cda-b695-cae1b893f75f:c3484]
 0.00% |█                                                                                                    |  0/1 Time: 0:00:192019-08-20 16:04:06,903 [grpc-default-executor-3] INFO  client.GrpcClientProtocolClient (GrpcClientProtocolClient.java:onNext(255)) - client-EAA342753240->9a4a4c23-9ff3-4ce3-a619-2c71c0869997: receive RaftClientReply:client-EAA342753240->9a4a4c23-9ff3-4ce3-a619-2c71c0869997@group-EC4211DF0353, cid=2360, SUCCESS, logIndex=3486, commits[9a4a4c23-9ff3-4ce3-a619-2c71c0869997:c3486, 9b0072ab-15b3-4973-9bcb-7fa02f6bfea9:c3484, 9f215ef2-7d46-4cda-b695-cae1b893f75f:c3484]
2019-08-20 16:04:06,903 | INFO  | DNAudit | user=null | ip=null | op=WRITE_CHUNK {blockData=conID: 2 locID: 102650153978167875 bcsId: 3482} | ret=SUCCESS |  
2019-08-20 16:04:06,903 | INFO  | DNAudit | user=null | ip=null | op=WRITE_CHUNK {blockData=conID: 2 locID: 102650153978167875 bcsId: 3482} | ret=SUCCESS |  
2019-08-20 16:04:06,906 | INFO  | DNAudit | user=null | ip=null | op=PUT_BLOCK {blockData=[blockId=conID: 2 locID: 102650153978167875 bcsId: 0,size=4194304]} | ret=SUCCESS |  
2019-08-20 16:04:06,906 | INFO  | DNAudit | user=null | ip=null | op=PUT_BLOCK {blockData=[blockId=conID: 2 locID: 102650153978167875 bcsId: 0,size=4194304]} | ret=SUCCESS |  
2019-08-20 16:04:06,906 [grpc-default-executor-3] INFO  client.GrpcClientProtocolClient (GrpcClientProtocolClient.java:onNext(255)) - client-EAA342753240->9a4a4c23-9ff3-4ce3-a619-2c71c0869997: receive RaftClientReply:client-EAA342753240->9a4a4c23-9ff3-4ce3-a619-2c71c0869997@group-EC4211DF0353, cid=2361, SUCCESS, logIndex=0, commits[9a4a4c23-9ff3-4ce3-a619-2c71c0869997:c3488, 9b0072ab-15b3-4973-9bcb-7fa02f6bfea9:c3486, 9f215ef2-7d46-4cda-b695-cae1b893f75f:c3486]
2019-08-20 16:04:06,911 | INFO  | SCMAudit | user=jenkins1000 | ip=192.168.69.96 | op=ALLOCATE_BLOCK {owner=ea4851f9-218c-4af7-91b4-edb777a4888c, size=4194304, type=RATIS, factor=THREE} | ret=SUCCESS |  
2019-08-20 16:04:06,915 | INFO  | OMAudit | user=jenkins1000 | ip=127.0.0.1 | op=ALLOCATE_BLOCK {volume=vol-0-94146, bucket=bucket-0-90789, key=key-0-25609, dataSize=0, replicationType=null, replicationFactor=null, keyLocationInfo=null, clientID=102650152704082322} | ret=SUCCESS |  
2019-08-20 16:04:06,921 | INFO  | DNAudit | user=null | ip=null | op=WRITE_CHUNK {blockData=conID: 3 locID: 102650153986359876 bcsId: 0} | ret=SUCCESS |  
2019-08-20 16:04:06,922 | INFO  | DNAudit | user=null | ip=null | op=WRITE_CHUNK {blockData=conID: 3 locID: 102650153986359876 bcsId: 0} | ret=SUCCESS |  
2019-08-20 16:04:06,923 | INFO  | DNAudit | user=null | ip=null | op=WRITE_CHUNK {blockData=conID: 3 locID: 102650153986359876 bcsId: 0} | ret=SUCCESS |  
2019-08-20 16:04:06,925 | INFO  | DNAudit | user=null | ip=null | op=WRITE_CHUNK {blockData=conID: 3 locID: 102650153986359876 bcsId: 0} | ret=SUCCESS |  
2019-08-20 16:04:06,925 | INFO  | DNAudit | user=null | ip=null | op=WRITE_CHUNK {blockData=conID: 3 locID: 102650153986359876 bcsId: 0} | ret=SUCCESS |  
2019-08-20 16:04:06,925 | INFO  | DNAudit | user=null | ip=null | op=WRITE_CHUNK {blockData=conID: 3 locID: 102650153986359876 bcsId: 0} | ret=SUCCESS |  
2019-08-20 16:04:06,927 | INFO  | DNAudit | user=null | ip=null | op=WRITE_CHUNK {blockData=conID: 3 locID: 102650153986359876 bcsId: 0} | ret=SUCCESS |  
2019-08-20 16:04:06,927 | INFO  | DNAudit | user=null | ip=null | op=PUT_BLOCK {blockData=[blockId=conID: 3 locID: 102650153986359876 bcsId: 0,size=1048576]} | ret=SUCCESS |  
2019-08-20 16:04:06,928 | INFO  | DNAudit | user=null | ip=null | op=WRITE_CHUNK {blockData=conID: 3 locID: 102650153986359876 bcsId: 0} | ret=SUCCESS |  
2019-08-20 16:04:06,928 [grpc-default-executor-0] INFO  client.GrpcClientProtocolClient (GrpcClientProtocolClient.java:onNext(255)) - client-EAA342753240->9a4a4c23-9ff3-4ce3-a619-2c71c0869997: receive RaftClientReply:client-EAA342753240->9a4a4c23-9ff3-4ce3-a619-2c71c0869997@group-EC4211DF0353, cid=2362, SUCCESS, logIndex=3489, commits[9a4a4c23-9ff3-4ce3-a619-2c71c0869997:c3490, 9b0072ab-15b3-4973-9bcb-7fa02f6bfea9:c3488, 9f215ef2-7d46-4cda-b695-cae1b893f75f:c3488]
2019-08-20 16:04:06,928 | INFO  | DNAudit | user=null | ip=null | op=PUT_BLOCK {blockData=[blockId=conID: 3 locID: 102650153986359876 bcsId: 0,size=2097152]} | ret=SUCCESS |  
2019-08-20 16:04:06,928 [grpc-default-executor-0] INFO  client.GrpcClientProtocolClient (GrpcClientProtocolClient.java:onNext(255)) - client-EAA342753240->9a4a4c23-9ff3-4ce3-a619-2c71c0869997: receive RaftClientReply:client-EAA342753240->9a4a4c23-9ff3-4ce3-a619-2c71c0869997@group-EC4211DF0353, cid=2363, SUCCESS, logIndex=3490, commits[9a4a4c23-9ff3-4ce3-a619-2c71c0869997:c3492, 9b0072ab-15b3-4973-9bcb-7fa02f6bfea9:c3488, 9f215ef2-7d46-4cda-b695-cae1b893f75f:c3488]
2019-08-20 16:04:06,928 [grpc-default-executor-0] INFO  client.GrpcClientProtocolClient (GrpcClientProtocolClient.java:onNext(255)) - client-EAA342753240->9a4a4c23-9ff3-4ce3-a619-2c71c0869997: receive RaftClientReply:client-EAA342753240->9a4a4c23-9ff3-4ce3-a619-2c71c0869997@group-EC4211DF0353, cid=2364, SUCCESS, logIndex=3491, commits[9a4a4c23-9ff3-4ce3-a619-2c71c0869997:c3492, 9b0072ab-15b3-4973-9bcb-7fa02f6bfea9:c3488, 9f215ef2-7d46-4cda-b695-cae1b893f75f:c3488]
2019-08-20 16:04:06,928 [grpc-default-executor-0] INFO  client.GrpcClientProtocolClient (GrpcClientProtocolClient.java:onNext(255)) - client-EAA342753240->9a4a4c23-9ff3-4ce3-a619-2c71c0869997: receive RaftClientReply:client-EAA342753240->9a4a4c23-9ff3-4ce3-a619-2c71c0869997@group-EC4211DF0353, cid=2365, SUCCESS, logIndex=3492, commits[9a4a4c23-9ff3-4ce3-a619-2c71c0869997:c3492, 9b0072ab-15b3-4973-9bcb-7fa02f6bfea9:c3488, 9f215ef2-7d46-4cda-b695-cae1b893f75f:c3488]
2019-08-20 16:04:06,938 | INFO  | DNAudit | user=null | ip=null | op=WRITE_CHUNK {blockData=conID: 3 locID: 102650153986359876 bcsId: 0} | ret=SUCCESS |  
2019-08-20 16:04:06,939 | INFO  | DNAudit | user=null | ip=null | op=WRITE_CHUNK {blockData=conID: 3 locID: 102650153986359876 bcsId: 0} | ret=SUCCESS |  
2019-08-20 16:04:06,939 | INFO  | DNAudit | user=null | ip=null | op=PUT_BLOCK {blockData=[blockId=conID: 3 locID: 102650153986359876 bcsId: 0,size=1048576]} | ret=SUCCESS |  
2019-08-20 16:04:06,941 | INFO  | DNAudit | user=null | ip=null | op=PUT_BLOCK {blockData=[blockId=conID: 3 locID: 102650153986359876 bcsId: 0,size=1048576]} | ret=SUCCESS |  
2019-08-20 16:04:06,942 | INFO  | DNAudit | user=null | ip=null | op=WRITE_CHUNK {blockData=conID: 3 locID: 102650153986359876 bcsId: 0} | ret=SUCCESS |  
2019-08-20 16:04:06,942 | INFO  | DNAudit | user=null | ip=null | op=WRITE_CHUNK {blockData=conID: 3 locID: 102650153986359876 bcsId: 0} | ret=SUCCESS |  
2019-08-20 16:04:06,942 | INFO  | DNAudit | user=null | ip=null | op=PUT_BLOCK {blockData=[blockId=conID: 3 locID: 102650153986359876 bcsId: 0,size=2097152]} | ret=SUCCESS |  
2019-08-20 16:04:06,942 | INFO  | DNAudit | user=null | ip=null | op=PUT_BLOCK {blockData=[blockId=conID: 3 locID: 102650153986359876 bcsId: 0,size=2097152]} | ret=SUCCESS |  
2019-08-20 16:04:06,942 [grpc-default-executor-3] INFO  client.GrpcClientProtocolClient (GrpcClientProtocolClient.java:onNext(255)) - client-EAA342753240->9a4a4c23-9ff3-4ce3-a619-2c71c0869997: receive RaftClientReply:client-EAA342753240->9a4a4c23-9ff3-4ce3-a619-2c71c0869997@group-EC4211DF0353, cid=2366, SUCCESS, logIndex=0, commits[9a4a4c23-9ff3-4ce3-a619-2c71c0869997:c3494, 9b0072ab-15b3-4973-9bcb-7fa02f6bfea9:c3490, 9f215ef2-7d46-4cda-b695-cae1b893f75f:c3490]
2019-08-20 16:04:06,948 | INFO  | DNAudit | user=null | ip=null | op=WRITE_CHUNK {blockData=conID: 3 locID: 102650153986359876 bcsId: 3492} | ret=SUCCESS |  
2019-08-20 16:04:06,950 | INFO  | DNAudit | user=null | ip=null | op=WRITE_CHUNK {blockData=conID: 3 locID: 102650153986359876 bcsId: 3492} | ret=SUCCESS |  
2019-08-20 16:04:06,951 | INFO  | DNAudit | user=null | ip=null | op=WRITE_CHUNK {blockData=conID: 3 locID: 102650153986359876 bcsId: 3492} | ret=SUCCESS |  
2019-08-20 16:04:06,953 | INFO  | DNAudit | user=null | ip=null | op=WRITE_CHUNK {blockData=conID: 3 locID: 102650153986359876 bcsId: 3492} | ret=SUCCESS |  
2019-08-20 16:04:06,954 | INFO  | DNAudit | user=null | ip=null | op=PUT_BLOCK {blockData=[blockId=conID: 3 locID: 102650153986359876 bcsId: 0,size=3145728]} | ret=SUCCESS |  
2019-08-20 16:04:06,954 [grpc-default-executor-5] INFO  client.GrpcClientProtocolClient (GrpcClientProtocolClient.java:onNext(255)) - client-EAA342753240->9a4a4c23-9ff3-4ce3-a619-2c71c0869997: receive RaftClientReply:client-EAA342753240->9a4a4c23-9ff3-4ce3-a619-2c71c0869997@group-EC4211DF0353, cid=2367, SUCCESS, logIndex=3496, commits[9a4a4c23-9ff3-4ce3-a619-2c71c0869997:c3497, 9b0072ab-15b3-4973-9bcb-7fa02f6bfea9:c3495, 9f215ef2-7d46-4cda-b695-cae1b893f75f:c3495]
2019-08-20 16:04:06,954 [grpc-default-executor-5] INFO  client.GrpcClientProtocolClient (GrpcClientProtocolClient.java:onNext(255)) - client-EAA342753240->9a4a4c23-9ff3-4ce3-a619-2c71c0869997: receive RaftClientReply:client-EAA342753240->9a4a4c23-9ff3-4ce3-a619-2c71c0869997@group-EC4211DF0353, cid=2368, SUCCESS, logIndex=3497, commits[9a4a4c23-9ff3-4ce3-a619-2c71c0869997:c3497, 9b0072ab-15b3-4973-9bcb-7fa02f6bfea9:c3495, 9f215ef2-7d46-4cda-b695-cae1b893f75f:c3495]
2019-08-20 16:04:06,960 | INFO  | DNAudit | user=null | ip=null | op=WRITE_CHUNK {blockData=conID: 3 locID: 102650153986359876 bcsId: 3497} | ret=SUCCESS |  
2019-08-20 16:04:06,962 | INFO  | DNAudit | user=null | ip=null | op=WRITE_CHUNK {blockData=conID: 3 locID: 102650153986359876 bcsId: 3497} | ret=SUCCESS |  
2019-08-20 16:04:06,965 | INFO  | DNAudit | user=null | ip=null | op=WRITE_CHUNK {blockData=conID: 3 locID: 102650153986359876 bcsId: 3497} | ret=SUCCESS |  
2019-08-20 16:04:06,967 | INFO  | DNAudit | user=null | ip=null | op=WRITE_CHUNK {blockData=conID: 3 locID: 102650153986359876 bcsId: 3492} | ret=SUCCESS |  
2019-08-20 16:04:06,968 | INFO  | DNAudit | user=null | ip=null | op=WRITE_CHUNK {blockData=conID: 3 locID: 102650153986359876 bcsId: 3492} | ret=SUCCESS |  
2019-08-20 16:04:06,968 | INFO  | DNAudit | user=null | ip=null | op=PUT_BLOCK {blockData=[blockId=conID: 3 locID: 102650153986359876 bcsId: 0,size=3145728]} | ret=SUCCESS |  
2019-08-20 16:04:06,969 | INFO  | DNAudit | user=null | ip=null | op=WRITE_CHUNK {blockData=conID: 3 locID: 102650153986359876 bcsId: 3497} | ret=SUCCESS |  
2019-08-20 16:04:06,969 | INFO  | DNAudit | user=null | ip=null | op=PUT_BLOCK {blockData=[blockId=conID: 3 locID: 102650153986359876 bcsId: 0,size=3145728]} | ret=SUCCESS |  
2019-08-20 16:04:06,969 | INFO  | DNAudit | user=null | ip=null | op=PUT_BLOCK {blockData=[blockId=conID: 3 locID: 102650153986359876 bcsId: 0,size=4194304]} | ret=SUCCESS |  
2019-08-20 16:04:06,969 [grpc-default-executor-5] INFO  client.GrpcClientProtocolClient (GrpcClientProtocolClient.java:onNext(255)) - client-EAA342753240->9a4a4c23-9ff3-4ce3-a619-2c71c0869997: receive RaftClientReply:client-EAA342753240->9a4a4c23-9ff3-4ce3-a619-2c71c0869997@group-EC4211DF0353, cid=2369, SUCCESS, logIndex=3500, commits[9a4a4c23-9ff3-4ce3-a619-2c71c0869997:c3501, 9b0072ab-15b3-4973-9bcb-7fa02f6bfea9:c3496, 9f215ef2-7d46-4cda-b695-cae1b893f75f:c3497]
2019-08-20 16:04:06,970 [grpc-default-executor-5] INFO  client.GrpcClientProtocolClient (GrpcClientProtocolClient.java:onNext(255)) - client-EAA342753240->9a4a4c23-9ff3-4ce3-a619-2c71c0869997: receive RaftClientReply:client-EAA342753240->9a4a4c23-9ff3-4ce3-a619-2c71c0869997@group-EC4211DF0353, cid=2370, SUCCESS, logIndex=3501, commits[9a4a4c23-9ff3-4ce3-a619-2c71c0869997:c3501, 9b0072ab-15b3-4973-9bcb-7fa02f6bfea9:c3497, 9f215ef2-7d46-4cda-b695-cae1b893f75f:c3497]
2019-08-20 16:04:06,971 | INFO  | DNAudit | user=null | ip=null | op=WRITE_CHUNK {blockData=conID: 3 locID: 102650153986359876 bcsId: 3497} | ret=SUCCESS |  
2019-08-20 16:04:06,972 | INFO  | DNAudit | user=null | ip=null | op=WRITE_CHUNK {blockData=conID: 3 locID: 102650153986359876 bcsId: 3497} | ret=SUCCESS |  
2019-08-20 16:04:06,972 | INFO  | DNAudit | user=null | ip=null | op=PUT_BLOCK {blockData=[blockId=conID: 3 locID: 102650153986359876 bcsId: 0,size=4194304]} | ret=SUCCESS |  
2019-08-20 16:04:06,972 | INFO  | DNAudit | user=null | ip=null | op=PUT_BLOCK {blockData=[blockId=conID: 3 locID: 102650153986359876 bcsId: 0,size=4194304]} | ret=SUCCESS |  
2019-08-20 16:04:06,972 [grpc-default-executor-5] INFO  client.GrpcClientProtocolClient (GrpcClientProtocolClient.java:onNext(255)) - client-EAA342753240->9a4a4c23-9ff3-4ce3-a619-2c71c0869997: receive RaftClientReply:client-EAA342753240->9a4a4c23-9ff3-4ce3-a619-2c71c0869997@group-EC4211DF0353, cid=2371, SUCCESS, logIndex=0, commits[9a4a4c23-9ff3-4ce3-a619-2c71c0869997:c3501, 9b0072ab-15b3-4973-9bcb-7fa02f6bfea9:c3501, 9f215ef2-7d46-4cda-b695-cae1b893f75f:c3501]
2019-08-20 16:04:06,977 | INFO  | SCMAudit | user=jenkins1000 | ip=192.168.69.96 | op=ALLOCATE_BLOCK {owner=ea4851f9-218c-4af7-91b4-edb777a4888c, size=4194304, type=RATIS, factor=THREE} | ret=SUCCESS |  
2019-08-20 16:04:06,980 | INFO  | OMAudit | user=jenkins1000 | ip=127.0.0.1 | op=ALLOCATE_BLOCK {volume=vol-0-94146, bucket=bucket-0-90789, key=key-0-25609, dataSize=0, replicationType=null, replicationFactor=null, keyLocationInfo=null, clientID=102650152704082322} | ret=SUCCESS |  
2019-08-20 16:04:06,986 | INFO  | DNAudit | user=null | ip=null | op=WRITE_CHUNK {blockData=conID: 1 locID: 102650153990685253 bcsId: 0} | ret=SUCCESS |  
2019-08-20 16:04:06,989 | INFO  | DNAudit | user=null | ip=null | op=WRITE_CHUNK {blockData=conID: 1 locID: 102650153990685253 bcsId: 0} | ret=SUCCESS |  
2019-08-20 16:04:06,989 | INFO  | DNAudit | user=null | ip=null | op=WRITE_CHUNK {blockData=conID: 1 locID: 102650153990685253 bcsId: 0} | ret=SUCCESS |  
2019-08-20 16:04:06,989 | INFO  | DNAudit | user=null | ip=null | op=WRITE_CHUNK {blockData=conID: 1 locID: 102650153990685253 bcsId: 0} | ret=SUCCESS |  
2019-08-20 16:04:06,990 | INFO  | DNAudit | user=null | ip=null | op=WRITE_CHUNK {blockData=conID: 1 locID: 102650153990685253 bcsId: 0} | ret=SUCCESS |  
2019-08-20 16:04:06,990 | INFO  | DNAudit | user=null | ip=null | op=WRITE_CHUNK {blockData=conID: 1 locID: 102650153990685253 bcsId: 0} | ret=SUCCESS |  
2019-08-20 16:04:06,993 | INFO  | DNAudit | user=null | ip=null | op=WRITE_CHUNK {blockData=conID: 1 locID: 102650153990685253 bcsId: 0} | ret=SUCCESS |  
2019-08-20 16:04:06,994 | INFO  | DNAudit | user=null | ip=null | op=PUT_BLOCK {blockData=[blockId=conID: 1 locID: 102650153990685253 bcsId: 0,size=1048576]} | ret=SUCCESS |  
2019-08-20 16:04:06,994 | INFO  | DNAudit | user=null | ip=null | op=WRITE_CHUNK {blockData=conID: 1 locID: 102650153990685253 bcsId: 0} | ret=SUCCESS |  
2019-08-20 16:04:06,994 [grpc-default-executor-5] INFO  client.GrpcClientProtocolClient (GrpcClientProtocolClient.java:onNext(255)) - client-EAA342753240->9a4a4c23-9ff3-4ce3-a619-2c71c0869997: receive RaftClientReply:client-EAA342753240->9a4a4c23-9ff3-4ce3-a619-2c71c0869997@group-EC4211DF0353, cid=2372, SUCCESS, logIndex=3503, commits[9a4a4c23-9ff3-4ce3-a619-2c71c0869997:c3505, 9b0072ab-15b3-4973-9bcb-7fa02f6bfea9:c3502, 9f215ef2-7d46-4cda-b695-cae1b893f75f:c3502]
2019-08-20 16:04:06,994 | INFO  | DNAudit | user=null | ip=null | op=PUT_BLOCK {blockData=[blockId=conID: 1 locID: 102650153990685253 bcsId: 0,size=2097152]} | ret=SUCCESS |  
2019-08-20 16:04:06,995 | INFO  | DNAudit | user=null | ip=null | op=WRITE_CHUNK {blockData=conID: 1 locID: 102650153990685253 bcsId: 0} | ret=SUCCESS |  
2019-08-20 16:04:06,994 [grpc-default-executor-0] INFO  client.GrpcClientProtocolClient (GrpcClientProtocolClient.java:onNext(255)) - client-EAA342753240->9a4a4c23-9ff3-4ce3-a619-2c71c0869997: receive RaftClientReply:client-EAA342753240->9a4a4c23-9ff3-4ce3-a619-2c71c0869997@group-EC4211DF0353, cid=2373, SUCCESS, logIndex=3504, commits[9a4a4c23-9ff3-4ce3-a619-2c71c0869997:c3506, 9b0072ab-15b3-4973-9bcb-7fa02f6bfea9:c3502, 9f215ef2-7d46-4cda-b695-cae1b893f75f:c3502]
2019-08-20 16:04:06,995 [grpc-default-executor-0] INFO  client.GrpcClientProtocolClient (GrpcClientProtocolClient.java:onNext(255)) - client-EAA342753240->9a4a4c23-9ff3-4ce3-a619-2c71c0869997: receive RaftClientReply:client-EAA342753240->9a4a4c23-9ff3-4ce3-a619-2c71c0869997@group-EC4211DF0353, cid=2374, SUCCESS, logIndex=3505, commits[9a4a4c23-9ff3-4ce3-a619-2c71c0869997:c3506, 9b0072ab-15b3-4973-9bcb-7fa02f6bfea9:c3502, 9f215ef2-7d46-4cda-b695-cae1b893f75f:c3502]
2019-08-20 16:04:06,995 [grpc-default-executor-0] INFO  client.GrpcClientProtocolClient (GrpcClientProtocolClient.java:onNext(255)) - client-EAA342753240->9a4a4c23-9ff3-4ce3-a619-2c71c0869997: receive RaftClientReply:client-EAA342753240->9a4a4c23-9ff3-4ce3-a619-2c71c0869997@group-EC4211DF0353, cid=2375, SUCCESS, logIndex=3506, commits[9a4a4c23-9ff3-4ce3-a619-2c71c0869997:c3506, 9b0072ab-15b3-4973-9bcb-7fa02f6bfea9:c3502, 9f215ef2-7d46-4cda-b695-cae1b893f75f:c3502]
2019-08-20 16:04:06,997 | INFO  | DNAudit | user=null | ip=null | op=WRITE_CHUNK {blockData=conID: 1 locID: 102650153990685253 bcsId: 0} | ret=SUCCESS |  
2019-08-20 16:04:06,997 | INFO  | DNAudit | user=null | ip=null | op=PUT_BLOCK {blockData=[blockId=conID: 1 locID: 102650153990685253 bcsId: 0,size=1048576]} | ret=SUCCESS |  
2019-08-20 16:04:06,997 | INFO  | DNAudit | user=null | ip=null | op=WRITE_CHUNK {blockData=conID: 1 locID: 102650153990685253 bcsId: 0} | ret=SUCCESS |  
2019-08-20 16:04:07,008 | INFO  | DNAudit | user=null | ip=null | op=PUT_BLOCK {blockData=[blockId=conID: 1 locID: 102650153990685253 bcsId: 0,size=1048576]} | ret=SUCCESS |  
2019-08-20 16:04:07,008 | INFO  | DNAudit | user=null | ip=null | op=WRITE_CHUNK {blockData=conID: 1 locID: 102650153990685253 bcsId: 0} | ret=SUCCESS |  
2019-08-20 16:04:07,008 | INFO  | DNAudit | user=null | ip=null | op=PUT_BLOCK {blockData=[blockId=conID: 1 locID: 102650153990685253 bcsId: 0,size=2097152]} | ret=SUCCESS |  
2019-08-20 16:04:07,008 [grpc-default-executor-0] INFO  client.GrpcClientProtocolClient (GrpcClientProtocolClient.java:onNext(255)) - client-EAA342753240->9a4a4c23-9ff3-4ce3-a619-2c71c0869997: receive RaftClientReply:client-EAA342753240->9a4a4c23-9ff3-4ce3-a619-2c71c0869997@group-EC4211DF0353, cid=2376, SUCCESS, logIndex=0, commits[9a4a4c23-9ff3-4ce3-a619-2c71c0869997:c3509, 9b0072ab-15b3-4973-9bcb-7fa02f6bfea9:c3505, 9f215ef2-7d46-4cda-b695-cae1b893f75f:c3504]
2019-08-20 16:04:07,008 | INFO  | DNAudit | user=null | ip=null | op=PUT_BLOCK {blockData=[blockId=conID: 1 locID: 102650153990685253 bcsId: 0,size=2097152]} | ret=SUCCESS |  
2019-08-20 16:04:07,013 | INFO  | DNAudit | user=null | ip=null | op=WRITE_CHUNK {blockData=conID: 1 locID: 102650153990685253 bcsId: 3506} | ret=SUCCESS |  
2019-08-20 16:04:07,016 | INFO  | DNAudit | user=null | ip=null | op=WRITE_CHUNK {blockData=conID: 1 locID: 102650153990685253 bcsId: 3506} | ret=SUCCESS |  
2019-08-20 16:04:07,016 | INFO  | DNAudit | user=null | ip=null | op=WRITE_CHUNK {blockData=conID: 1 locID: 102650153990685253 bcsId: 3506} | ret=SUCCESS |  
2019-08-20 16:04:07,020 | INFO  | DNAudit | user=null | ip=null | op=WRITE_CHUNK {blockData=conID: 1 locID: 102650153990685253 bcsId: 3506} | ret=SUCCESS |  
2019-08-20 16:04:07,020 | INFO  | DNAudit | user=null | ip=null | op=PUT_BLOCK {blockData=[blockId=conID: 1 locID: 102650153990685253 bcsId: 0,size=3145728]} | ret=SUCCESS |  
2019-08-20 16:04:07,021 [grpc-default-executor-0] INFO  client.GrpcClientProtocolClient (GrpcClientProtocolClient.java:onNext(255)) - client-EAA342753240->9a4a4c23-9ff3-4ce3-a619-2c71c0869997: receive RaftClientReply:client-EAA342753240->9a4a4c23-9ff3-4ce3-a619-2c71c0869997@group-EC4211DF0353, cid=2377, SUCCESS, logIndex=3511, commits[9a4a4c23-9ff3-4ce3-a619-2c71c0869997:c3512, 9b0072ab-15b3-4973-9bcb-7fa02f6bfea9:c3510, 9f215ef2-7d46-4cda-b695-cae1b893f75f:c3510]
2019-08-20 16:04:07,021 [grpc-default-executor-0] INFO  client.GrpcClientProtocolClient (GrpcClientProtocolClient.java:onNext(255)) - client-EAA342753240->9a4a4c23-9ff3-4ce3-a619-2c71c0869997: receive RaftClientReply:client-EAA342753240->9a4a4c23-9ff3-4ce3-a619-2c71c0869997@group-EC4211DF0353, cid=2378, SUCCESS, logIndex=3512, commits[9a4a4c23-9ff3-4ce3-a619-2c71c0869997:c3512, 9b0072ab-15b3-4973-9bcb-7fa02f6bfea9:c3510, 9f215ef2-7d46-4cda-b695-cae1b893f75f:c3510]
2019-08-20 16:04:07,026 | INFO  | DNAudit | user=null | ip=null | op=WRITE_CHUNK {blockData=conID: 1 locID: 102650153990685253 bcsId: 3512} | ret=SUCCESS |  
2019-08-20 16:04:07,027 | INFO  | DNAudit | user=null | ip=null | op=WRITE_CHUNK {blockData=conID: 1 locID: 102650153990685253 bcsId: 3512} | ret=SUCCESS |  
2019-08-20 16:04:07,028 | INFO  | DNAudit | user=null | ip=null | op=WRITE_CHUNK {blockData=conID: 1 locID: 102650153990685253 bcsId: 3512} | ret=SUCCESS |  
2019-08-20 16:04:07,033 | INFO  | DNAudit | user=null | ip=null | op=WRITE_CHUNK {blockData=conID: 1 locID: 102650153990685253 bcsId: 3506} | ret=SUCCESS |  
2019-08-20 16:04:07,033 | INFO  | DNAudit | user=null | ip=null | op=PUT_BLOCK {blockData=[blockId=conID: 1 locID: 102650153990685253 bcsId: 0,size=3145728]} | ret=SUCCESS |  
2019-08-20 16:04:07,033 | INFO  | DNAudit | user=null | ip=null | op=WRITE_CHUNK {blockData=conID: 1 locID: 102650153990685253 bcsId: 3506} | ret=SUCCESS |  
2019-08-20 16:04:07,034 | INFO  | DNAudit | user=null | ip=null | op=PUT_BLOCK {blockData=[blockId=conID: 1 locID: 102650153990685253 bcsId: 0,size=3145728]} | ret=SUCCESS |  
2019-08-20 16:04:07,045 | INFO  | DNAudit | user=null | ip=null | op=WRITE_CHUNK {blockData=conID: 1 locID: 102650153990685253 bcsId: 3512} | ret=SUCCESS |  
2019-08-20 16:04:07,045 | INFO  | DNAudit | user=null | ip=null | op=PUT_BLOCK {blockData=[blockId=conID: 1 locID: 102650153990685253 bcsId: 0,size=4194304]} | ret=SUCCESS |  
2019-08-20 16:04:07,045 [grpc-default-executor-0] INFO  client.GrpcClientProtocolClient (GrpcClientProtocolClient.java:onNext(255)) - client-EAA342753240->9a4a4c23-9ff3-4ce3-a619-2c71c0869997: receive RaftClientReply:client-EAA342753240->9a4a4c23-9ff3-4ce3-a619-2c71c0869997@group-EC4211DF0353, cid=2379, SUCCESS, logIndex=3515, commits[9a4a4c23-9ff3-4ce3-a619-2c71c0869997:c3516, 9b0072ab-15b3-4973-9bcb-7fa02f6bfea9:c3512, 9f215ef2-7d46-4cda-b695-cae1b893f75f:c3512]
2019-08-20 16:04:07,046 [grpc-default-executor-0] INFO  client.GrpcClientProtocolClient (GrpcClientProtocolClient.java:onNext(255)) - client-EAA342753240->9a4a4c23-9ff3-4ce3-a619-2c71c0869997: receive RaftClientReply:client-EAA342753240->9a4a4c23-9ff3-4ce3-a619-2c71c0869997@group-EC4211DF0353, cid=2380, SUCCESS, logIndex=3516, commits[9a4a4c23-9ff3-4ce3-a619-2c71c0869997:c3516, 9b0072ab-15b3-4973-9bcb-7fa02f6bfea9:c3512, 9f215ef2-7d46-4cda-b695-cae1b893f75f:c3512]
2019-08-20 16:04:07,056 | INFO  | DNAudit | user=null | ip=null | op=WRITE_CHUNK {blockData=conID: 1 locID: 102650153990685253 bcsId: 3512} | ret=SUCCESS |  
2019-08-20 16:04:07,057 | INFO  | DNAudit | user=null | ip=null | op=PUT_BLOCK {blockData=[blockId=conID: 1 locID: 102650153990685253 bcsId: 0,size=4194304]} | ret=SUCCESS |  
2019-08-20 16:04:07,057 | INFO  | DNAudit | user=null | ip=null | op=WRITE_CHUNK {blockData=conID: 1 locID: 102650153990685253 bcsId: 3512} | ret=SUCCESS |  
2019-08-20 16:04:07,057 | INFO  | DNAudit | user=null | ip=null | op=PUT_BLOCK {blockData=[blockId=conID: 1 locID: 102650153990685253 bcsId: 0,size=4194304]} | ret=SUCCESS |  
2019-08-20 16:04:07,057 [grpc-default-executor-0] INFO  client.GrpcClientProtocolClient (GrpcClientProtocolClient.java:onNext(255)) - client-EAA342753240->9a4a4c23-9ff3-4ce3-a619-2c71c0869997: receive RaftClientReply:client-EAA342753240->9a4a4c23-9ff3-4ce3-a619-2c71c0869997@group-EC4211DF0353, cid=2381, SUCCESS, logIndex=0, commits[9a4a4c23-9ff3-4ce3-a619-2c71c0869997:c3517, 9b0072ab-15b3-4973-9bcb-7fa02f6bfea9:c3516, 9f215ef2-7d46-4cda-b695-cae1b893f75f:c3516]
2019-08-20 16:04:07,061 | INFO  | SCMAudit | user=jenkins1000 | ip=192.168.69.96 | op=ALLOCATE_BLOCK {owner=ea4851f9-218c-4af7-91b4-edb777a4888c, size=4194304, type=RATIS, factor=THREE} | ret=SUCCESS |  
2019-08-20 16:04:07,064 | INFO  | OMAudit | user=jenkins1000 | ip=127.0.0.1 | op=ALLOCATE_BLOCK {volume=vol-0-94146, bucket=bucket-0-90789, key=key-0-25609, dataSize=0, replicationType=null, replicationFactor=null, keyLocationInfo=null, clientID=102650152704082322} | ret=SUCCESS |  
2019-08-20 16:04:07,073 | INFO  | DNAudit | user=null | ip=null | op=WRITE_CHUNK {blockData=conID: 2 locID: 102650153996190278 bcsId: 0} | ret=SUCCESS |  
2019-08-20 16:04:07,073 | INFO  | DNAudit | user=null | ip=null | op=WRITE_CHUNK {blockData=conID: 2 locID: 102650153996190278 bcsId: 0} | ret=SUCCESS |  
2019-08-20 16:04:07,073 | INFO  | DNAudit | user=null | ip=null | op=WRITE_CHUNK {blockData=conID: 2 locID: 102650153996190278 bcsId: 0} | ret=SUCCESS |  
2019-08-20 16:04:07,074 | INFO  | DNAudit | user=null | ip=null | op=WRITE_CHUNK {blockData=conID: 2 locID: 102650153996190278 bcsId: 0} | ret=SUCCESS |  
2019-08-20 16:04:07,075 | INFO  | DNAudit | user=null | ip=null | op=WRITE_CHUNK {blockData=conID: 2 locID: 102650153996190278 bcsId: 0} | ret=SUCCESS |  
2019-08-20 16:04:07,077 | INFO  | DNAudit | user=null | ip=null | op=WRITE_CHUNK {blockData=conID: 2 locID: 102650153996190278 bcsId: 0} | ret=SUCCESS |  
2019-08-20 16:04:07,152 | INFO  | DNAudit | user=null | ip=null | op=WRITE_CHUNK {blockData=conID: 2 locID: 102650153996190278 bcsId: 0} | ret=SUCCESS |  
2019-08-20 16:04:07,153 | INFO  | DNAudit | user=null | ip=null | op=PUT_BLOCK {blockData=[blockId=conID: 2 locID: 102650153996190278 bcsId: 0,size=1048576]} | ret=SUCCESS |  
2019-08-20 16:04:07,153 [grpc-default-executor-0] INFO  client.GrpcClientProtocolClient (GrpcClientProtocolClient.java:onNext(255)) - client-EAA342753240->9a4a4c23-9ff3-4ce3-a619-2c71c0869997: receive RaftClientReply:client-EAA342753240->9a4a4c23-9ff3-4ce3-a619-2c71c0869997@group-EC4211DF0353, cid=2382, SUCCESS, logIndex=3519, commits[9a4a4c23-9ff3-4ce3-a619-2c71c0869997:c3520, 9b0072ab-15b3-4973-9bcb-7fa02f6bfea9:c3518, 9f215ef2-7d46-4cda-b695-cae1b893f75f:c3518]
2019-08-20 16:04:07,153 | INFO  | DNAudit | user=null | ip=null | op=WRITE_CHUNK {blockData=conID: 2 locID: 102650153996190278 bcsId: 0} | ret=SUCCESS |  
2019-08-20 16:04:07,153 | INFO  | DNAudit | user=null | ip=null | op=PUT_BLOCK {blockData=[blockId=conID: 2 locID: 102650153996190278 bcsId: 0,size=2097152]} | ret=SUCCESS |  
2019-08-20 16:04:07,153 [grpc-default-executor-3] INFO  client.GrpcClientProtocolClient (GrpcClientProtocolClient.java:onNext(255)) - client-EAA342753240->9a4a4c23-9ff3-4ce3-a619-2c71c0869997: receive RaftClientReply:client-EAA342753240->9a4a4c23-9ff3-4ce3-a619-2c71c0869997@group-EC4211DF0353, cid=2383, SUCCESS, logIndex=3520, commits[9a4a4c23-9ff3-4ce3-a619-2c71c0869997:c3522, 9b0072ab-15b3-4973-9bcb-7fa02f6bfea9:c3518, 9f215ef2-7d46-4cda-b695-cae1b893f75f:c3518]
2019-08-20 16:04:07,154 [grpc-default-executor-3] INFO  client.GrpcClientProtocolClient (GrpcClientProtocolClient.java:onNext(255)) - client-EAA342753240->9a4a4c23-9ff3-4ce3-a619-2c71c0869997: receive RaftClientReply:client-EAA342753240->9a4a4c23-9ff3-4ce3-a619-2c71c0869997@group-EC4211DF0353, cid=2384, SUCCESS, logIndex=3521, commits[9a4a4c23-9ff3-4ce3-a619-2c71c0869997:c3522, 9b0072ab-15b3-4973-9bcb-7fa02f6bfea9:c3518, 9f215ef2-7d46-4cda-b695-cae1b893f75f:c3518]
2019-08-20 16:04:07,154 [grpc-default-executor-3] INFO  client.GrpcClientProtocolClient (GrpcClientProtocolClient.java:onNext(255)) - client-EAA342753240->9a4a4c23-9ff3-4ce3-a619-2c71c0869997: receive RaftClientReply:client-EAA342753240->9a4a4c23-9ff3-4ce3-a619-2c71c0869997@group-EC4211DF0353, cid=2385, SUCCESS, logIndex=3522, commits[9a4a4c23-9ff3-4ce3-a619-2c71c0869997:c3522, 9b0072ab-15b3-4973-9bcb-7fa02f6bfea9:c3518, 9f215ef2-7d46-4cda-b695-cae1b893f75f:c3518]
2019-08-20 16:04:07,155 | INFO  | DNAudit | user=null | ip=null | op=WRITE_CHUNK {blockData=conID: 2 locID: 102650153996190278 bcsId: 0} | ret=SUCCESS |  
2019-08-20 16:04:07,155 | INFO  | DNAudit | user=null | ip=null | op=PUT_BLOCK {blockData=[blockId=conID: 2 locID: 102650153996190278 bcsId: 0,size=1048576]} | ret=SUCCESS |  
2019-08-20 16:04:07,166 | INFO  | DNAudit | user=null | ip=null | op=WRITE_CHUNK {blockData=conID: 2 locID: 102650153996190278 bcsId: 0} | ret=SUCCESS |  
2019-08-20 16:04:07,166 | INFO  | DNAudit | user=null | ip=null | op=PUT_BLOCK {blockData=[blockId=conID: 2 locID: 102650153996190278 bcsId: 0,size=1048576]} | ret=SUCCESS |  
2019-08-20 16:04:07,167 | INFO  | DNAudit | user=null | ip=null | op=WRITE_CHUNK {blockData=conID: 2 locID: 102650153996190278 bcsId: 0} | ret=SUCCESS |  
2019-08-20 16:04:07,167 [grpc-default-executor-3] INFO  client.GrpcClientProtocolClient (GrpcClientProtocolClient.java:onNext(255)) - client-EAA342753240->9a4a4c23-9ff3-4ce3-a619-2c71c0869997: receive RaftClientReply:client-EAA342753240->9a4a4c23-9ff3-4ce3-a619-2c71c0869997@group-EC4211DF0353, cid=2386, SUCCESS, logIndex=0, commits[9a4a4c23-9ff3-4ce3-a619-2c71c0869997:c3523, 9b0072ab-15b3-4973-9bcb-7fa02f6bfea9:c3520, 9f215ef2-7d46-4cda-b695-cae1b893f75f:c3520]
2019-08-20 16:04:07,167 | INFO  | DNAudit | user=null | ip=null | op=PUT_BLOCK {blockData=[blockId=conID: 2 locID: 102650153996190278 bcsId: 0,size=2097152]} | ret=SUCCESS |  
2019-08-20 16:04:07,167 | INFO  | DNAudit | user=null | ip=null | op=WRITE_CHUNK {blockData=conID: 2 locID: 102650153996190278 bcsId: 0} | ret=SUCCESS |  
2019-08-20 16:04:07,167 | INFO  | DNAudit | user=null | ip=null | op=PUT_BLOCK {blockData=[blockId=conID: 2 locID: 102650153996190278 bcsId: 0,size=2097152]} | ret=SUCCESS |  
2019-08-20 16:04:07,173 | INFO  | DNAudit | user=null | ip=null | op=WRITE_CHUNK {blockData=conID: 2 locID: 102650153996190278 bcsId: 3522} | ret=SUCCESS |  
2019-08-20 16:04:07,175 | INFO  | DNAudit | user=null | ip=null | op=WRITE_CHUNK {blockData=conID: 2 locID: 102650153996190278 bcsId: 3522} | ret=SUCCESS |  
2019-08-20 16:04:07,175 | INFO  | DNAudit | user=null | ip=null | op=WRITE_CHUNK {blockData=conID: 2 locID: 102650153996190278 bcsId: 3522} | ret=SUCCESS |  
2019-08-20 16:04:07,179 | INFO  | DNAudit | user=null | ip=null | op=WRITE_CHUNK {blockData=conID: 2 locID: 102650153996190278 bcsId: 3522} | ret=SUCCESS |  
2019-08-20 16:04:07,180 | INFO  | DNAudit | user=null | ip=null | op=PUT_BLOCK {blockData=[blockId=conID: 2 locID: 102650153996190278 bcsId: 0,size=3145728]} | ret=SUCCESS |  
2019-08-20 16:04:07,180 [grpc-default-executor-3] INFO  client.GrpcClientProtocolClient (GrpcClientProtocolClient.java:onNext(255)) - client-EAA342753240->9a4a4c23-9ff3-4ce3-a619-2c71c0869997: receive RaftClientReply:client-EAA342753240->9a4a4c23-9ff3-4ce3-a619-2c71c0869997@group-EC4211DF0353, cid=2387, SUCCESS, logIndex=3527, commits[9a4a4c23-9ff3-4ce3-a619-2c71c0869997:c3527, 9b0072ab-15b3-4973-9bcb-7fa02f6bfea9:c3526, 9f215ef2-7d46-4cda-b695-cae1b893f75f:c3526]
2019-08-20 16:04:07,180 [grpc-default-executor-3] INFO  client.GrpcClientProtocolClient (GrpcClientProtocolClient.java:onNext(255)) - client-EAA342753240->9a4a4c23-9ff3-4ce3-a619-2c71c0869997: receive RaftClientReply:client-EAA342753240->9a4a4c23-9ff3-4ce3-a619-2c71c0869997@group-EC4211DF0353, cid=2388, SUCCESS, logIndex=3528, commits[9a4a4c23-9ff3-4ce3-a619-2c71c0869997:c3528, 9b0072ab-15b3-4973-9bcb-7fa02f6bfea9:c3526, 9f215ef2-7d46-4cda-b695-cae1b893f75f:c3526]
2019-08-20 16:04:07,186 | INFO  | DNAudit | user=null | ip=null | op=WRITE_CHUNK {blockData=conID: 2 locID: 102650153996190278 bcsId: 3528} | ret=SUCCESS |  
2019-08-20 16:04:07,188 | INFO  | DNAudit | user=null | ip=null | op=WRITE_CHUNK {blockData=conID: 2 locID: 102650153996190278 bcsId: 3528} | ret=SUCCESS |  
2019-08-20 16:04:07,188 | INFO  | DNAudit | user=null | ip=null | op=WRITE_CHUNK {blockData=conID: 2 locID: 102650153996190278 bcsId: 3528} | ret=SUCCESS |  
2019-08-20 16:04:07,191 | INFO  | DNAudit | user=null | ip=null | op=WRITE_CHUNK {blockData=conID: 2 locID: 102650153996190278 bcsId: 3522} | ret=SUCCESS |  
2019-08-20 16:04:07,191 | INFO  | DNAudit | user=null | ip=null | op=WRITE_CHUNK {blockData=conID: 2 locID: 102650153996190278 bcsId: 3522} | ret=SUCCESS |  
2019-08-20 16:04:07,194 | INFO  | DNAudit | user=null | ip=null | op=PUT_BLOCK {blockData=[blockId=conID: 2 locID: 102650153996190278 bcsId: 0,size=3145728]} | ret=SUCCESS |  
2019-08-20 16:04:07,194 | INFO  | DNAudit | user=null | ip=null | op=WRITE_CHUNK {blockData=conID: 2 locID: 102650153996190278 bcsId: 3528} | ret=SUCCESS |  
2019-08-20 16:04:07,194 | INFO  | DNAudit | user=null | ip=null | op=PUT_BLOCK {blockData=[blockId=conID: 2 locID: 102650153996190278 bcsId: 0,size=3145728]} | ret=SUCCESS |  
2019-08-20 16:04:07,194 | INFO  | DNAudit | user=null | ip=null | op=PUT_BLOCK {blockData=[blockId=conID: 2 locID: 102650153996190278 bcsId: 0,size=4194304]} | ret=SUCCESS |  
2019-08-20 16:04:07,194 [grpc-default-executor-0] INFO  client.GrpcClientProtocolClient (GrpcClientProtocolClient.java:onNext(255)) - client-EAA342753240->9a4a4c23-9ff3-4ce3-a619-2c71c0869997: receive RaftClientReply:client-EAA342753240->9a4a4c23-9ff3-4ce3-a619-2c71c0869997@group-EC4211DF0353, cid=2389, SUCCESS, logIndex=3531, commits[9a4a4c23-9ff3-4ce3-a619-2c71c0869997:c3531, 9b0072ab-15b3-4973-9bcb-7fa02f6bfea9:c3528, 9f215ef2-7d46-4cda-b695-cae1b893f75f:c3528]
2019-08-20 16:04:07,195 [grpc-default-executor-0] INFO  client.GrpcClientProtocolClient (GrpcClientProtocolClient.java:onNext(255)) - client-EAA342753240->9a4a4c23-9ff3-4ce3-a619-2c71c0869997: receive RaftClientReply:client-EAA342753240->9a4a4c23-9ff3-4ce3-a619-2c71c0869997@group-EC4211DF0353, cid=2390, SUCCESS, logIndex=3532, commits[9a4a4c23-9ff3-4ce3-a619-2c71c0869997:c3532, 9b0072ab-15b3-4973-9bcb-7fa02f6bfea9:c3528, 9f215ef2-7d46-4cda-b695-cae1b893f75f:c3528]
2019-08-20 16:04:07,204 | INFO  | DNAudit | user=null | ip=null | op=WRITE_CHUNK {blockData=conID: 2 locID: 102650153996190278 bcsId: 3528} | ret=SUCCESS |  
2019-08-20 16:04:07,204 | INFO  | DNAudit | user=null | ip=null | op=WRITE_CHUNK {blockData=conID: 2 locID: 102650153996190278 bcsId: 3528} | ret=SUCCESS |  
2019-08-20 16:04:07,206 | INFO  | DNAudit | user=null | ip=null | op=PUT_BLOCK {blockData=[blockId=conID: 2 locID: 102650153996190278 bcsId: 0,size=4194304]} | ret=SUCCESS |  
2019-08-20 16:04:07,206 | INFO  | DNAudit | user=null | ip=null | op=PUT_BLOCK {blockData=[blockId=conID: 2 locID: 102650153996190278 bcsId: 0,size=4194304]} | ret=SUCCESS |  
2019-08-20 16:04:07,351 [grpc-default-executor-0] INFO  client.GrpcClientProtocolClient (GrpcClientProtocolClient.java:onNext(255)) - client-EAA342753240->9a4a4c23-9ff3-4ce3-a619-2c71c0869997: receive RaftClientReply:client-EAA342753240->9a4a4c23-9ff3-4ce3-a619-2c71c0869997@group-EC4211DF0353, cid=2391, SUCCESS, logIndex=0, commits[9a4a4c23-9ff3-4ce3-a619-2c71c0869997:c3533, 9b0072ab-15b3-4973-9bcb-7fa02f6bfea9:c3532, 9f215ef2-7d46-4cda-b695-cae1b893f75f:c3532]
2019-08-20 16:04:07,360 | INFO  | SCMAudit | user=jenkins1000 | ip=192.168.69.96 | op=ALLOCATE_BLOCK {owner=ea4851f9-218c-4af7-91b4-edb777a4888c, size=4194304, type=RATIS, factor=THREE} | ret=SUCCESS |  
2019-08-20 16:04:07,365 | INFO  | OMAudit | user=jenkins1000 | ip=127.0.0.1 | op=ALLOCATE_BLOCK {volume=vol-0-94146, bucket=bucket-0-90789, key=key-0-25609, dataSize=0, replicationType=null, replicationFactor=null, keyLocationInfo=null, clientID=102650152704082322} | ret=SUCCESS |  
2019-08-20 16:04:07,373 | INFO  | DNAudit | user=null | ip=null | op=WRITE_CHUNK {blockData=conID: 3 locID: 102650154015785543 bcsId: 0} | ret=SUCCESS |  
2019-08-20 16:04:07,376 | INFO  | DNAudit | user=null | ip=null | op=WRITE_CHUNK {blockData=conID: 3 locID: 102650154015785543 bcsId: 0} | ret=SUCCESS |  
2019-08-20 16:04:07,376 | INFO  | DNAudit | user=null | ip=null | op=WRITE_CHUNK {blockData=conID: 3 locID: 102650154015785543 bcsId: 0} | ret=SUCCESS |  
2019-08-20 16:04:07,377 | INFO  | DNAudit | user=null | ip=null | op=WRITE_CHUNK {blockData=conID: 3 locID: 102650154015785543 bcsId: 0} | ret=SUCCESS |  
2019-08-20 16:04:07,378 | INFO  | DNAudit | user=null | ip=null | op=WRITE_CHUNK {blockData=conID: 3 locID: 102650154015785543 bcsId: 0} | ret=SUCCESS |  
2019-08-20 16:04:07,378 | INFO  | DNAudit | user=null | ip=null | op=WRITE_CHUNK {blockData=conID: 3 locID: 102650154015785543 bcsId: 0} | ret=SUCCESS |  
2019-08-20 16:04:07,387 | INFO  | DNAudit | user=null | ip=null | op=WRITE_CHUNK {blockData=conID: 3 locID: 102650154015785543 bcsId: 0} | ret=SUCCESS |  
2019-08-20 16:04:07,387 | INFO  | DNAudit | user=null | ip=null | op=PUT_BLOCK {blockData=[blockId=conID: 3 locID: 102650154015785543 bcsId: 0,size=1048576]} | ret=SUCCESS |  
2019-08-20 16:04:07,388 [grpc-default-executor-5] INFO  client.GrpcClientProtocolClient (GrpcClientProtocolClient.java:onNext(255)) - client-EAA342753240->9a4a4c23-9ff3-4ce3-a619-2c71c0869997: receive RaftClientReply:client-EAA342753240->9a4a4c23-9ff3-4ce3-a619-2c71c0869997@group-EC4211DF0353, cid=2392, SUCCESS, logIndex=3535, commits[9a4a4c23-9ff3-4ce3-a619-2c71c0869997:c3536, 9b0072ab-15b3-4973-9bcb-7fa02f6bfea9:c3534, 9f215ef2-7d46-4cda-b695-cae1b893f75f:c3534]
2019-08-20 16:04:07,388 [grpc-default-executor-5] INFO  client.GrpcClientProtocolClient (GrpcClientProtocolClient.java:onNext(255)) - client-EAA342753240->9a4a4c23-9ff3-4ce3-a619-2c71c0869997: receive RaftClientReply:client-EAA342753240->9a4a4c23-9ff3-4ce3-a619-2c71c0869997@group-EC4211DF0353, cid=2393, SUCCESS, logIndex=3536, commits[9a4a4c23-9ff3-4ce3-a619-2c71c0869997:c3536, 9b0072ab-15b3-4973-9bcb-7fa02f6bfea9:c3534, 9f215ef2-7d46-4cda-b695-cae1b893f75f:c3534]
2019-08-20 16:04:07,398 | INFO  | DNAudit | user=null | ip=null | op=WRITE_CHUNK {blockData=conID: 3 locID: 102650154015785543 bcsId: 0} | ret=SUCCESS |  
2019-08-20 16:04:07,398 | INFO  | DNAudit | user=null | ip=null | op=PUT_BLOCK {blockData=[blockId=conID: 3 locID: 102650154015785543 bcsId: 0,size=2097152]} | ret=SUCCESS |  
2019-08-20 16:04:07,398 [grpc-default-executor-0] INFO  client.GrpcClientProtocolClient (GrpcClientProtocolClient.java:onNext(255)) - client-EAA342753240->9a4a4c23-9ff3-4ce3-a619-2c71c0869997: receive RaftClientReply:client-EAA342753240->9a4a4c23-9ff3-4ce3-a619-2c71c0869997@group-EC4211DF0353, cid=2394, SUCCESS, logIndex=3537, commits[9a4a4c23-9ff3-4ce3-a619-2c71c0869997:c3538, 9b0072ab-15b3-4973-9bcb-7fa02f6bfea9:c3534, 9f215ef2-7d46-4cda-b695-cae1b893f75f:c3534]
2019-08-20 16:04:07,399 [grpc-default-executor-0] INFO  client.GrpcClientProtocolClient (GrpcClientProtocolClient.java:onNext(255)) - client-EAA342753240->9a4a4c23-9ff3-4ce3-a619-2c71c0869997: receive RaftClientReply:client-EAA342753240->9a4a4c23-9ff3-4ce3-a619-2c71c0869997@group-EC4211DF0353, cid=2395, SUCCESS, logIndex=3538, commits[9a4a4c23-9ff3-4ce3-a619-2c71c0869997:c3538, 9b0072ab-15b3-4973-9bcb-7fa02f6bfea9:c3534, 9f215ef2-7d46-4cda-b695-cae1b893f75f:c3534]
2019-08-20 16:04:07,399 | INFO  | DNAudit | user=null | ip=null | op=WRITE_CHUNK {blockData=conID: 3 locID: 102650154015785543 bcsId: 0} | ret=SUCCESS |  
2019-08-20 16:04:07,399 | INFO  | DNAudit | user=null | ip=null | op=PUT_BLOCK {blockData=[blockId=conID: 3 locID: 102650154015785543 bcsId: 0,size=1048576]} | ret=SUCCESS |  
2019-08-20 16:04:07,399 | INFO  | DNAudit | user=null | ip=null | op=WRITE_CHUNK {blockData=conID: 3 locID: 102650154015785543 bcsId: 0} | ret=SUCCESS |  
2019-08-20 16:04:07,400 | INFO  | DNAudit | user=null | ip=null | op=PUT_BLOCK {blockData=[blockId=conID: 3 locID: 102650154015785543 bcsId: 0,size=1048576]} | ret=SUCCESS |  
2019-08-20 16:04:07,400 [grpc-default-executor-5] INFO  client.GrpcClientProtocolClient (GrpcClientProtocolClient.java:onNext(255)) - client-EAA342753240->9a4a4c23-9ff3-4ce3-a619-2c71c0869997: receive RaftClientReply:client-EAA342753240->9a4a4c23-9ff3-4ce3-a619-2c71c0869997@group-EC4211DF0353, cid=2396, SUCCESS, logIndex=0, commits[9a4a4c23-9ff3-4ce3-a619-2c71c0869997:c3540, 9b0072ab-15b3-4973-9bcb-7fa02f6bfea9:c3536, 9f215ef2-7d46-4cda-b695-cae1b893f75f:c3536]
2019-08-20 16:04:07,400 | INFO  | DNAudit | user=null | ip=null | op=WRITE_CHUNK {blockData=conID: 3 locID: 102650154015785543 bcsId: 0} | ret=SUCCESS |  
2019-08-20 16:04:07,400 | INFO  | DNAudit | user=null | ip=null | op=PUT_BLOCK {blockData=[blockId=conID: 3 locID: 102650154015785543 bcsId: 0,size=2097152]} | ret=SUCCESS |  
2019-08-20 16:04:07,402 | INFO  | DNAudit | user=null | ip=null | op=WRITE_CHUNK {blockData=conID: 3 locID: 102650154015785543 bcsId: 0} | ret=SUCCESS |  
2019-08-20 16:04:07,402 | INFO  | DNAudit | user=null | ip=null | op=PUT_BLOCK {blockData=[blockId=conID: 3 locID: 102650154015785543 bcsId: 0,size=2097152]} | ret=SUCCESS |  
2019-08-20 16:04:07,406 | INFO  | DNAudit | user=null | ip=null | op=WRITE_CHUNK {blockData=conID: 3 locID: 102650154015785543 bcsId: 3538} | ret=SUCCESS |  
2019-08-20 16:04:07,408 | INFO  | DNAudit | user=null | ip=null | op=WRITE_CHUNK {blockData=conID: 3 locID: 102650154015785543 bcsId: 3538} | ret=SUCCESS |  
2019-08-20 16:04:07,408 | INFO  | DNAudit | user=null | ip=null | op=WRITE_CHUNK {blockData=conID: 3 locID: 102650154015785543 bcsId: 3538} | ret=SUCCESS |  
2019-08-20 16:04:07,419 | INFO  | DNAudit | user=null | ip=null | op=WRITE_CHUNK {blockData=conID: 3 locID: 102650154015785543 bcsId: 3538} | ret=SUCCESS |  
2019-08-20 16:04:07,419 | INFO  | DNAudit | user=null | ip=null | op=PUT_BLOCK {blockData=[blockId=conID: 3 locID: 102650154015785543 bcsId: 0,size=3145728]} | ret=SUCCESS |  
2019-08-20 16:04:07,419 [grpc-default-executor-0] INFO  client.GrpcClientProtocolClient (GrpcClientProtocolClient.java:onNext(255)) - client-EAA342753240->9a4a4c23-9ff3-4ce3-a619-2c71c0869997: receive RaftClientReply:client-EAA342753240->9a4a4c23-9ff3-4ce3-a619-2c71c0869997@group-EC4211DF0353, cid=2397, SUCCESS, logIndex=3543, commits[9a4a4c23-9ff3-4ce3-a619-2c71c0869997:c3544, 9b0072ab-15b3-4973-9bcb-7fa02f6bfea9:c3542, 9f215ef2-7d46-4cda-b695-cae1b893f75f:c3542]
2019-08-20 16:04:07,420 [grpc-default-executor-0] INFO  client.GrpcClientProtocolClient (GrpcClientProtocolClient.java:onNext(255)) - client-EAA342753240->9a4a4c23-9ff3-4ce3-a619-2c71c0869997: receive RaftClientReply:client-EAA342753240->9a4a4c23-9ff3-4ce3-a619-2c71c0869997@group-EC4211DF0353, cid=2398, SUCCESS, logIndex=3544, commits[9a4a4c23-9ff3-4ce3-a619-2c71c0869997:c3544, 9b0072ab-15b3-4973-9bcb-7fa02f6bfea9:c3542, 9f215ef2-7d46-4cda-b695-cae1b893f75f:c3542]
2019-08-20 16:04:07,425 | INFO  | DNAudit | user=null | ip=null | op=WRITE_CHUNK {blockData=conID: 3 locID: 102650154015785543 bcsId: 3544} | ret=SUCCESS |  
2019-08-20 16:04:07,428 | INFO  | DNAudit | user=null | ip=null | op=WRITE_CHUNK {blockData=conID: 3 locID: 102650154015785543 bcsId: 3544} | ret=SUCCESS |  
2019-08-20 16:04:07,428 | INFO  | DNAudit | user=null | ip=null | op=WRITE_CHUNK {blockData=conID: 3 locID: 102650154015785543 bcsId: 3544} | ret=SUCCESS |  
2019-08-20 16:04:07,430 | INFO  | DNAudit | user=null | ip=null | op=WRITE_CHUNK {blockData=conID: 3 locID: 102650154015785543 bcsId: 3538} | ret=SUCCESS |  
2019-08-20 16:04:07,431 | INFO  | DNAudit | user=null | ip=null | op=WRITE_CHUNK {blockData=conID: 3 locID: 102650154015785543 bcsId: 3538} | ret=SUCCESS |  
2019-08-20 16:04:07,433 | INFO  | DNAudit | user=null | ip=null | op=PUT_BLOCK {blockData=[blockId=conID: 3 locID: 102650154015785543 bcsId: 0,size=3145728]} | ret=SUCCESS |  
2019-08-20 16:04:07,434 | INFO  | DNAudit | user=null | ip=null | op=PUT_BLOCK {blockData=[blockId=conID: 3 locID: 102650154015785543 bcsId: 0,size=3145728]} | ret=SUCCESS |  
2019-08-20 16:04:07,434 | INFO  | DNAudit | user=null | ip=null | op=WRITE_CHUNK {blockData=conID: 3 locID: 102650154015785543 bcsId: 3544} | ret=SUCCESS |  
2019-08-20 16:04:07,434 | INFO  | DNAudit | user=null | ip=null | op=PUT_BLOCK {blockData=[blockId=conID: 3 locID: 102650154015785543 bcsId: 0,size=4194304]} | ret=SUCCESS |  
2019-08-20 16:04:07,434 [grpc-default-executor-5] INFO  client.GrpcClientProtocolClient (GrpcClientProtocolClient.java:onNext(255)) - client-EAA342753240->9a4a4c23-9ff3-4ce3-a619-2c71c0869997: receive RaftClientReply:client-EAA342753240->9a4a4c23-9ff3-4ce3-a619-2c71c0869997@group-EC4211DF0353, cid=2399, SUCCESS, logIndex=3547, commits[9a4a4c23-9ff3-4ce3-a619-2c71c0869997:c3547, 9b0072ab-15b3-4973-9bcb-7fa02f6bfea9:c3544, 9f215ef2-7d46-4cda-b695-cae1b893f75f:c3544]
2019-08-20 16:04:07,435 [grpc-default-executor-5] INFO  client.GrpcClientProtocolClient (GrpcClientProtocolClient.java:onNext(255)) - client-EAA342753240->9a4a4c23-9ff3-4ce3-a619-2c71c0869997: receive RaftClientReply:client-EAA342753240->9a4a4c23-9ff3-4ce3-a619-2c71c0869997@group-EC4211DF0353, cid=2400, SUCCESS, logIndex=3548, commits[9a4a4c23-9ff3-4ce3-a619-2c71c0869997:c3548, 9b0072ab-15b3-4973-9bcb-7fa02f6bfea9:c3544, 9f215ef2-7d46-4cda-b695-cae1b893f75f:c3544]
2019-08-20 16:04:07,452 | INFO  | DNAudit | user=null | ip=null | op=WRITE_CHUNK {blockData=conID: 3 locID: 102650154015785543 bcsId: 3544} | ret=SUCCESS |  
2019-08-20 16:04:07,452 | INFO  | DNAudit | user=null | ip=null | op=WRITE_CHUNK {blockData=conID: 3 locID: 102650154015785543 bcsId: 3544} | ret=SUCCESS |  
2019-08-20 16:04:07,454 | INFO  | DNAudit | user=null | ip=null | op=PUT_BLOCK {blockData=[blockId=conID: 3 locID: 102650154015785543 bcsId: 0,size=4194304]} | ret=SUCCESS |  
2019-08-20 16:04:07,454 | INFO  | DNAudit | user=null | ip=null | op=PUT_BLOCK {blockData=[blockId=conID: 3 locID: 102650154015785543 bcsId: 0,size=4194304]} | ret=SUCCESS |  
2019-08-20 16:04:07,455 [grpc-default-executor-5] INFO  client.GrpcClientProtocolClient (GrpcClientProtocolClient.java:onNext(255)) - client-EAA342753240->9a4a4c23-9ff3-4ce3-a619-2c71c0869997: receive RaftClientReply:client-EAA342753240->9a4a4c23-9ff3-4ce3-a619-2c71c0869997@group-EC4211DF0353, cid=2401, SUCCESS, logIndex=0, commits[9a4a4c23-9ff3-4ce3-a619-2c71c0869997:c3550, 9b0072ab-15b3-4973-9bcb-7fa02f6bfea9:c3548, 9f215ef2-7d46-4cda-b695-cae1b893f75f:c3548]
2019-08-20 16:04:07,460 | INFO  | SCMAudit | user=jenkins1000 | ip=192.168.69.96 | op=ALLOCATE_BLOCK {owner=ea4851f9-218c-4af7-91b4-edb777a4888c, size=4194304, type=RATIS, factor=THREE} | ret=SUCCESS |  
2019-08-20 16:04:07,462 | INFO  | OMAudit | user=jenkins1000 | ip=127.0.0.1 | op=ALLOCATE_BLOCK {volume=vol-0-94146, bucket=bucket-0-90789, key=key-0-25609, dataSize=0, replicationType=null, replicationFactor=null, keyLocationInfo=null, clientID=102650152704082322} | ret=SUCCESS |  
2019-08-20 16:04:07,469 | INFO  | DNAudit | user=null | ip=null | op=WRITE_CHUNK {blockData=conID: 1 locID: 102650154022273608 bcsId: 0} | ret=SUCCESS |  
2019-08-20 16:04:07,470 | INFO  | DNAudit | user=null | ip=null | op=WRITE_CHUNK {blockData=conID: 1 locID: 102650154022273608 bcsId: 0} | ret=SUCCESS |  
2019-08-20 16:04:07,470 | INFO  | DNAudit | user=null | ip=null | op=WRITE_CHUNK {blockData=conID: 1 locID: 102650154022273608 bcsId: 0} | ret=SUCCESS |  
2019-08-20 16:04:07,470 | INFO  | DNAudit | user=null | ip=null | op=WRITE_CHUNK {blockData=conID: 1 locID: 102650154022273608 bcsId: 0} | ret=SUCCESS |  
2019-08-20 16:04:07,472 | INFO  | DNAudit | user=null | ip=null | op=WRITE_CHUNK {blockData=conID: 1 locID: 102650154022273608 bcsId: 0} | ret=SUCCESS |  
2019-08-20 16:04:07,472 | INFO  | DNAudit | user=null | ip=null | op=WRITE_CHUNK {blockData=conID: 1 locID: 102650154022273608 bcsId: 0} | ret=SUCCESS |  
2019-08-20 16:04:07,482 | INFO  | DNAudit | user=null | ip=null | op=WRITE_CHUNK {blockData=conID: 1 locID: 102650154022273608 bcsId: 0} | ret=SUCCESS |  
2019-08-20 16:04:07,482 | INFO  | DNAudit | user=null | ip=null | op=PUT_BLOCK {blockData=[blockId=conID: 1 locID: 102650154022273608 bcsId: 0,size=1048576]} | ret=SUCCESS |  
2019-08-20 16:04:07,482 [grpc-default-executor-5] INFO  client.GrpcClientProtocolClient (GrpcClientProtocolClient.java:onNext(255)) - client-EAA342753240->9a4a4c23-9ff3-4ce3-a619-2c71c0869997: receive RaftClientReply:client-EAA342753240->9a4a4c23-9ff3-4ce3-a619-2c71c0869997@group-EC4211DF0353, cid=2402, SUCCESS, logIndex=3551, commits[9a4a4c23-9ff3-4ce3-a619-2c71c0869997:c3552, 9b0072ab-15b3-4973-9bcb-7fa02f6bfea9:c3548, 9f215ef2-7d46-4cda-b695-cae1b893f75f:c3550]
2019-08-20 16:04:07,483 | INFO  | DNAudit | user=null | ip=null | op=WRITE_CHUNK {blockData=conID: 1 locID: 102650154022273608 bcsId: 0} | ret=SUCCESS |  
2019-08-20 16:04:07,483 | INFO  | DNAudit | user=null | ip=null | op=PUT_BLOCK {blockData=[blockId=conID: 1 locID: 102650154022273608 bcsId: 0,size=2097152]} | ret=SUCCESS |  
2019-08-20 16:04:07,483 [grpc-default-executor-5] INFO  client.GrpcClientProtocolClient (GrpcClientProtocolClient.java:onNext(255)) - client-EAA342753240->9a4a4c23-9ff3-4ce3-a619-2c71c0869997: receive RaftClientReply:client-EAA342753240->9a4a4c23-9ff3-4ce3-a619-2c71c0869997@group-EC4211DF0353, cid=2403, SUCCESS, logIndex=3552, commits[9a4a4c23-9ff3-4ce3-a619-2c71c0869997:c3552, 9b0072ab-15b3-4973-9bcb-7fa02f6bfea9:c3550, 9f215ef2-7d46-4cda-b695-cae1b893f75f:c3550]
2019-08-20 16:04:07,483 [grpc-default-executor-5] INFO  client.GrpcClientProtocolClient (GrpcClientProtocolClient.java:onNext(255)) - client-EAA342753240->9a4a4c23-9ff3-4ce3-a619-2c71c0869997: receive RaftClientReply:client-EAA342753240->9a4a4c23-9ff3-4ce3-a619-2c71c0869997@group-EC4211DF0353, cid=2404, SUCCESS, logIndex=3553, commits[9a4a4c23-9ff3-4ce3-a619-2c71c0869997:c3554, 9b0072ab-15b3-4973-9bcb-7fa02f6bfea9:c3550, 9f215ef2-7d46-4cda-b695-cae1b893f75f:c3550]
2019-08-20 16:04:07,483 [grpc-default-executor-5] INFO  client.GrpcClientProtocolClient (GrpcClientProtocolClient.java:onNext(255)) - client-EAA342753240->9a4a4c23-9ff3-4ce3-a619-2c71c0869997: receive RaftClientReply:client-EAA342753240->9a4a4c23-9ff3-4ce3-a619-2c71c0869997@group-EC4211DF0353, cid=2405, SUCCESS, logIndex=3554, commits[9a4a4c23-9ff3-4ce3-a619-2c71c0869997:c3554, 9b0072ab-15b3-4973-9bcb-7fa02f6bfea9:c3550, 9f215ef2-7d46-4cda-b695-cae1b893f75f:c3550]
2019-08-20 16:04:07,495 | INFO  | DNAudit | user=null | ip=null | op=WRITE_CHUNK {blockData=conID: 1 locID: 102650154022273608 bcsId: 0} | ret=SUCCESS |  
2019-08-20 16:04:07,495 | INFO  | DNAudit | user=null | ip=null | op=PUT_BLOCK {blockData=[blockId=conID: 1 locID: 102650154022273608 bcsId: 0,size=1048576]} | ret=SUCCESS |  
2019-08-20 16:04:07,496 | INFO  | DNAudit | user=null | ip=null | op=WRITE_CHUNK {blockData=conID: 1 locID: 102650154022273608 bcsId: 0} | ret=SUCCESS |  
2019-08-20 16:04:07,496 | INFO  | DNAudit | user=null | ip=null | op=PUT_BLOCK {blockData=[blockId=conID: 1 locID: 102650154022273608 bcsId: 0,size=1048576]} | ret=SUCCESS |  
2019-08-20 16:04:07,496 [grpc-default-executor-5] INFO  client.GrpcClientProtocolClient (GrpcClientProtocolClient.java:onNext(255)) - client-EAA342753240->9a4a4c23-9ff3-4ce3-a619-2c71c0869997: receive RaftClientReply:client-EAA342753240->9a4a4c23-9ff3-4ce3-a619-2c71c0869997@group-EC4211DF0353, cid=2406, SUCCESS, logIndex=0, commits[9a4a4c23-9ff3-4ce3-a619-2c71c0869997:c3556, 9b0072ab-15b3-4973-9bcb-7fa02f6bfea9:c3552, 9f215ef2-7d46-4cda-b695-cae1b893f75f:c3552]
2019-08-20 16:04:07,496 | INFO  | DNAudit | user=null | ip=null | op=WRITE_CHUNK {blockData=conID: 1 locID: 102650154022273608 bcsId: 0} | ret=SUCCESS |  
2019-08-20 16:04:07,496 | INFO  | DNAudit | user=null | ip=null | op=WRITE_CHUNK {blockData=conID: 1 locID: 102650154022273608 bcsId: 0} | ret=SUCCESS |  
2019-08-20 16:04:07,496 | INFO  | DNAudit | user=null | ip=null | op=PUT_BLOCK {blockData=[blockId=conID: 1 locID: 102650154022273608 bcsId: 0,size=2097152]} | ret=SUCCESS |  
2019-08-20 16:04:07,496 | INFO  | DNAudit | user=null | ip=null | op=PUT_BLOCK {blockData=[blockId=conID: 1 locID: 102650154022273608 bcsId: 0,size=2097152]} | ret=SUCCESS |  
2019-08-20 16:04:07,502 | INFO  | DNAudit | user=null | ip=null | op=WRITE_CHUNK {blockData=conID: 1 locID: 102650154022273608 bcsId: 3554} | ret=SUCCESS |  
2019-08-20 16:04:07,504 | INFO  | DNAudit | user=null | ip=null | op=WRITE_CHUNK {blockData=conID: 1 locID: 102650154022273608 bcsId: 3554} | ret=SUCCESS |  
2019-08-20 16:04:07,504 | INFO  | DNAudit | user=null | ip=null | op=WRITE_CHUNK {blockData=conID: 1 locID: 102650154022273608 bcsId: 3554} | ret=SUCCESS |  
2019-08-20 16:04:07,515 | INFO  | DNAudit | user=null | ip=null | op=WRITE_CHUNK {blockData=conID: 1 locID: 102650154022273608 bcsId: 3554} | ret=SUCCESS |  
2019-08-20 16:04:07,515 | INFO  | DNAudit | user=null | ip=null | op=PUT_BLOCK {blockData=[blockId=conID: 1 locID: 102650154022273608 bcsId: 0,size=3145728]} | ret=SUCCESS |  
2019-08-20 16:04:07,515 [grpc-default-executor-1] INFO  client.GrpcClientProtocolClient (GrpcClientProtocolClient.java:onNext(255)) - client-EAA342753240->9a4a4c23-9ff3-4ce3-a619-2c71c0869997: receive RaftClientReply:client-EAA342753240->9a4a4c23-9ff3-4ce3-a619-2c71c0869997@group-EC4211DF0353, cid=2407, SUCCESS, logIndex=3559, commits[9a4a4c23-9ff3-4ce3-a619-2c71c0869997:c3560, 9b0072ab-15b3-4973-9bcb-7fa02f6bfea9:c3558, 9f215ef2-7d46-4cda-b695-cae1b893f75f:c3558]
2019-08-20 16:04:07,516 [grpc-default-executor-1] INFO  client.GrpcClientProtocolClient (GrpcClientProtocolClient.java:onNext(255)) - client-EAA342753240->9a4a4c23-9ff3-4ce3-a619-2c71c0869997: receive RaftClientReply:client-EAA342753240->9a4a4c23-9ff3-4ce3-a619-2c71c0869997@group-EC4211DF0353, cid=2408, SUCCESS, logIndex=3560, commits[9a4a4c23-9ff3-4ce3-a619-2c71c0869997:c3560, 9b0072ab-15b3-4973-9bcb-7fa02f6bfea9:c3558, 9f215ef2-7d46-4cda-b695-cae1b893f75f:c3558]
2019-08-20 16:04:07,521 | INFO  | DNAudit | user=null | ip=null | op=WRITE_CHUNK {blockData=conID: 1 locID: 102650154022273608 bcsId: 3560} | ret=SUCCESS |  
2019-08-20 16:04:07,523 | INFO  | DNAudit | user=null | ip=null | op=WRITE_CHUNK {blockData=conID: 1 locID: 102650154022273608 bcsId: 3560} | ret=SUCCESS |  
2019-08-20 16:04:07,523 | INFO  | DNAudit | user=null | ip=null | op=WRITE_CHUNK {blockData=conID: 1 locID: 102650154022273608 bcsId: 3560} | ret=SUCCESS |  
2019-08-20 16:04:07,527 | INFO  | DNAudit | user=null | ip=null | op=WRITE_CHUNK {blockData=conID: 1 locID: 102650154022273608 bcsId: 3554} | ret=SUCCESS |  
2019-08-20 16:04:07,527 | INFO  | DNAudit | user=null | ip=null | op=WRITE_CHUNK {blockData=conID: 1 locID: 102650154022273608 bcsId: 3554} | ret=SUCCESS |  
2019-08-20 16:04:07,529 | INFO  | DNAudit | user=null | ip=null | op=PUT_BLOCK {blockData=[blockId=conID: 1 locID: 102650154022273608 bcsId: 0,size=3145728]} | ret=SUCCESS |  
2019-08-20 16:04:07,530 | INFO  | DNAudit | user=null | ip=null | op=PUT_BLOCK {blockData=[blockId=conID: 1 locID: 102650154022273608 bcsId: 0,size=3145728]} | ret=SUCCESS |  
2019-08-20 16:04:07,530 | INFO  | DNAudit | user=null | ip=null | op=WRITE_CHUNK {blockData=conID: 1 locID: 102650154022273608 bcsId: 3560} | ret=SUCCESS |  
2019-08-20 16:04:07,530 | INFO  | DNAudit | user=null | ip=null | op=PUT_BLOCK {blockData=[blockId=conID: 1 locID: 102650154022273608 bcsId: 0,size=4194304]} | ret=SUCCESS |  
2019-08-20 16:04:07,530 [grpc-default-executor-1] INFO  client.GrpcClientProtocolClient (GrpcClientProtocolClient.java:onNext(255)) - client-EAA342753240->9a4a4c23-9ff3-4ce3-a619-2c71c0869997: receive RaftClientReply:client-EAA342753240->9a4a4c23-9ff3-4ce3-a619-2c71c0869997@group-EC4211DF0353, cid=2409, SUCCESS, logIndex=3563, commits[9a4a4c23-9ff3-4ce3-a619-2c71c0869997:c3564, 9b0072ab-15b3-4973-9bcb-7fa02f6bfea9:c3560, 9f215ef2-7d46-4cda-b695-cae1b893f75f:c3560]
2019-08-20 16:04:07,531 [grpc-default-executor-1] INFO  client.GrpcClientProtocolClient (GrpcClientProtocolClient.java:onNext(255)) - client-EAA342753240->9a4a4c23-9ff3-4ce3-a619-2c71c0869997: receive RaftClientReply:client-EAA342753240->9a4a4c23-9ff3-4ce3-a619-2c71c0869997@group-EC4211DF0353, cid=2410, SUCCESS, logIndex=3564, commits[9a4a4c23-9ff3-4ce3-a619-2c71c0869997:c3564, 9b0072ab-15b3-4973-9bcb-7fa02f6bfea9:c3560, 9f215ef2-7d46-4cda-b695-cae1b893f75f:c3560]
2019-08-20 16:04:07,542 | INFO  | DNAudit | user=null | ip=null | op=WRITE_CHUNK {blockData=conID: 1 locID: 102650154022273608 bcsId: 3560} | ret=SUCCESS |  
2019-08-20 16:04:07,542 | INFO  | DNAudit | user=null | ip=null | op=WRITE_CHUNK {blockData=conID: 1 locID: 102650154022273608 bcsId: 3560} | ret=SUCCESS |  
2019-08-20 16:04:07,544 | INFO  | DNAudit | user=null | ip=null | op=PUT_BLOCK {blockData=[blockId=conID: 1 locID: 102650154022273608 bcsId: 0,size=4194304]} | ret=SUCCESS |  
2019-08-20 16:04:07,544 | INFO  | DNAudit | user=null | ip=null | op=PUT_BLOCK {blockData=[blockId=conID: 1 locID: 102650154022273608 bcsId: 0,size=4194304]} | ret=SUCCESS |  
2019-08-20 16:04:07,545 [grpc-default-executor-5] INFO  client.GrpcClientProtocolClient (GrpcClientProtocolClient.java:onNext(255)) - client-EAA342753240->9a4a4c23-9ff3-4ce3-a619-2c71c0869997: receive RaftClientReply:client-EAA342753240->9a4a4c23-9ff3-4ce3-a619-2c71c0869997@group-EC4211DF0353, cid=2411, SUCCESS, logIndex=0, commits[9a4a4c23-9ff3-4ce3-a619-2c71c0869997:c3566, 9b0072ab-15b3-4973-9bcb-7fa02f6bfea9:c3564, 9f215ef2-7d46-4cda-b695-cae1b893f75f:c3564]
2019-08-20 16:04:07,549 | INFO  | SCMAudit | user=jenkins1000 | ip=192.168.69.96 | op=ALLOCATE_BLOCK {owner=ea4851f9-218c-4af7-91b4-edb777a4888c, size=4194304, type=RATIS, factor=THREE} | ret=SUCCESS |  
2019-08-20 16:04:07,551 | INFO  | OMAudit | user=jenkins1000 | ip=127.0.0.1 | op=ALLOCATE_BLOCK {volume=vol-0-94146, bucket=bucket-0-90789, key=key-0-25609, dataSize=0, replicationType=null, replicationFactor=null, keyLocationInfo=null, clientID=102650152704082322} | ret=SUCCESS |  
2019-08-20 16:04:07,557 | INFO  | DNAudit | user=null | ip=null | op=WRITE_CHUNK {blockData=conID: 2 locID: 102650154028106313 bcsId: 0} | ret=SUCCESS |  
2019-08-20 16:04:07,560 | INFO  | DNAudit | user=null | ip=null | op=WRITE_CHUNK {blockData=conID: 2 locID: 102650154028106313 bcsId: 0} | ret=SUCCESS |  
2019-08-20 16:04:07,560 | INFO  | DNAudit | user=null | ip=null | op=WRITE_CHUNK {blockData=conID: 2 locID: 102650154028106313 bcsId: 0} | ret=SUCCESS |  
2019-08-20 16:04:07,560 | INFO  | DNAudit | user=null | ip=null | op=WRITE_CHUNK {blockData=conID: 2 locID: 102650154028106313 bcsId: 0} | ret=SUCCESS |  
2019-08-20 16:04:07,561 | INFO  | DNAudit | user=null | ip=null | op=WRITE_CHUNK {blockData=conID: 2 locID: 102650154028106313 bcsId: 0} | ret=SUCCESS |  
2019-08-20 16:04:07,561 | INFO  | DNAudit | user=null | ip=null | op=WRITE_CHUNK {blockData=conID: 2 locID: 102650154028106313 bcsId: 0} | ret=SUCCESS |  
2019-08-20 16:04:07,594 | INFO  | DNAudit | user=null | ip=null | op=WRITE_CHUNK {blockData=conID: 2 locID: 102650154028106313 bcsId: 0} | ret=SUCCESS |  
2019-08-20 16:04:07,594 | INFO  | DNAudit | user=null | ip=null | op=PUT_BLOCK {blockData=[blockId=conID: 2 locID: 102650154028106313 bcsId: 0,size=1048576]} | ret=SUCCESS |  
2019-08-20 16:04:07,594 | INFO  | DNAudit | user=null | ip=null | op=WRITE_CHUNK {blockData=conID: 2 locID: 102650154028106313 bcsId: 0} | ret=SUCCESS |  
2019-08-20 16:04:07,594 | INFO  | DNAudit | user=null | ip=null | op=PUT_BLOCK {blockData=[blockId=conID: 2 locID: 102650154028106313 bcsId: 0,size=2097152]} | ret=SUCCESS |  
2019-08-20 16:04:07,594 [grpc-default-executor-3] INFO  client.GrpcClientProtocolClient (GrpcClientProtocolClient.java:onNext(255)) - client-EAA342753240->9a4a4c23-9ff3-4ce3-a619-2c71c0869997: receive RaftClientReply:client-EAA342753240->9a4a4c23-9ff3-4ce3-a619-2c71c0869997@group-EC4211DF0353, cid=2412, SUCCESS, logIndex=3567, commits[9a4a4c23-9ff3-4ce3-a619-2c71c0869997:c3570, 9b0072ab-15b3-4973-9bcb-7fa02f6bfea9:c3566, 9f215ef2-7d46-4cda-b695-cae1b893f75f:c3566]
2019-08-20 16:04:07,595 [grpc-default-executor-3] INFO  client.GrpcClientProtocolClient (GrpcClientProtocolClient.java:onNext(255)) - client-EAA342753240->9a4a4c23-9ff3-4ce3-a619-2c71c0869997: receive RaftClientReply:client-EAA342753240->9a4a4c23-9ff3-4ce3-a619-2c71c0869997@group-EC4211DF0353, cid=2413, SUCCESS, logIndex=3568, commits[9a4a4c23-9ff3-4ce3-a619-2c71c0869997:c3570, 9b0072ab-15b3-4973-9bcb-7fa02f6bfea9:c3566, 9f215ef2-7d46-4cda-b695-cae1b893f75f:c3566]
2019-08-20 16:04:07,595 [grpc-default-executor-3] INFO  client.GrpcClientProtocolClient (GrpcClientProtocolClient.java:onNext(255)) - client-EAA342753240->9a4a4c23-9ff3-4ce3-a619-2c71c0869997: receive RaftClientReply:client-EAA342753240->9a4a4c23-9ff3-4ce3-a619-2c71c0869997@group-EC4211DF0353, cid=2414, SUCCESS, logIndex=3569, commits[9a4a4c23-9ff3-4ce3-a619-2c71c0869997:c3570, 9b0072ab-15b3-4973-9bcb-7fa02f6bfea9:c3566, 9f215ef2-7d46-4cda-b695-cae1b893f75f:c3566]
2019-08-20 16:04:07,596 [grpc-default-executor-3] INFO  client.GrpcClientProtocolClient (GrpcClientProtocolClient.java:onNext(255)) - client-EAA342753240->9a4a4c23-9ff3-4ce3-a619-2c71c0869997: receive RaftClientReply:client-EAA342753240->9a4a4c23-9ff3-4ce3-a619-2c71c0869997@group-EC4211DF0353, cid=2415, SUCCESS, logIndex=3570, commits[9a4a4c23-9ff3-4ce3-a619-2c71c0869997:c3570, 9b0072ab-15b3-4973-9bcb-7fa02f6bfea9:c3566, 9f215ef2-7d46-4cda-b695-cae1b893f75f:c3566]
2019-08-20 16:04:07,605 | INFO  | DNAudit | user=null | ip=null | op=WRITE_CHUNK {blockData=conID: 2 locID: 102650154028106313 bcsId: 0} | ret=SUCCESS |  
2019-08-20 16:04:07,605 | INFO  | DNAudit | user=null | ip=null | op=WRITE_CHUNK {blockData=conID: 2 locID: 102650154028106313 bcsId: 0} | ret=SUCCESS |  
2019-08-20 16:04:07,605 | INFO  | DNAudit | user=null | ip=null | op=PUT_BLOCK {blockData=[blockId=conID: 2 locID: 102650154028106313 bcsId: 0,size=1048576]} | ret=SUCCESS |  
2019-08-20 16:04:07,605 | INFO  | DNAudit | user=null | ip=null | op=WRITE_CHUNK {blockData=conID: 2 locID: 102650154028106313 bcsId: 0} | ret=SUCCESS |  
2019-08-20 16:04:07,605 | INFO  | DNAudit | user=null | ip=null | op=PUT_BLOCK {blockData=[blockId=conID: 2 locID: 102650154028106313 bcsId: 0,size=1048576]} | ret=SUCCESS |  
2019-08-20 16:04:07,606 | INFO  | DNAudit | user=null | ip=null | op=WRITE_CHUNK {blockData=conID: 2 locID: 102650154028106313 bcsId: 0} | ret=SUCCESS |  
2019-08-20 16:04:07,606 [grpc-default-executor-1] INFO  client.GrpcClientProtocolClient (GrpcClientProtocolClient.java:onNext(255)) - client-EAA342753240->9a4a4c23-9ff3-4ce3-a619-2c71c0869997: receive RaftClientReply:client-EAA342753240->9a4a4c23-9ff3-4ce3-a619-2c71c0869997@group-EC4211DF0353, cid=2416, SUCCESS, logIndex=0, commits[9a4a4c23-9ff3-4ce3-a619-2c71c0869997:c3570, 9b0072ab-15b3-4973-9bcb-7fa02f6bfea9:c3569, 9f215ef2-7d46-4cda-b695-cae1b893f75f:c3569]
2019-08-20 16:04:07,608 | INFO  | DNAudit | user=null | ip=null | op=PUT_BLOCK {blockData=[blockId=conID: 2 locID: 102650154028106313 bcsId: 0,size=2097152]} | ret=SUCCESS |  
2019-08-20 16:04:07,608 | INFO  | DNAudit | user=null | ip=null | op=PUT_BLOCK {blockData=[blockId=conID: 2 locID: 102650154028106313 bcsId: 0,size=2097152]} | ret=SUCCESS |  
2019-08-20 16:04:07,612 | INFO  | DNAudit | user=null | ip=null | op=WRITE_CHUNK {blockData=conID: 2 locID: 102650154028106313 bcsId: 3570} | ret=SUCCESS |  
2019-08-20 16:04:07,613 | INFO  | DNAudit | user=null | ip=null | op=WRITE_CHUNK {blockData=conID: 2 locID: 102650154028106313 bcsId: 3570} | ret=SUCCESS |  
2019-08-20 16:04:07,614 | INFO  | DNAudit | user=null | ip=null | op=WRITE_CHUNK {blockData=conID: 2 locID: 102650154028106313 bcsId: 3570} | ret=SUCCESS |  
2019-08-20 16:04:07,625 | INFO  | DNAudit | user=null | ip=null | op=WRITE_CHUNK {blockData=conID: 2 locID: 102650154028106313 bcsId: 3570} | ret=SUCCESS |  
2019-08-20 16:04:07,626 | INFO  | DNAudit | user=null | ip=null | op=PUT_BLOCK {blockData=[blockId=conID: 2 locID: 102650154028106313 bcsId: 0,size=3145728]} | ret=SUCCESS |  
2019-08-20 16:04:07,626 [grpc-default-executor-3] INFO  client.GrpcClientProtocolClient (GrpcClientProtocolClient.java:onNext(255)) - client-EAA342753240->9a4a4c23-9ff3-4ce3-a619-2c71c0869997: receive RaftClientReply:client-EAA342753240->9a4a4c23-9ff3-4ce3-a619-2c71c0869997@group-EC4211DF0353, cid=2417, SUCCESS, logIndex=3574, commits[9a4a4c23-9ff3-4ce3-a619-2c71c0869997:c3575, 9b0072ab-15b3-4973-9bcb-7fa02f6bfea9:c3573, 9f215ef2-7d46-4cda-b695-cae1b893f75f:c3573]
2019-08-20 16:04:07,626 [grpc-default-executor-3] INFO  client.GrpcClientProtocolClient (GrpcClientProtocolClient.java:onNext(255)) - client-EAA342753240->9a4a4c23-9ff3-4ce3-a619-2c71c0869997: receive RaftClientReply:client-EAA342753240->9a4a4c23-9ff3-4ce3-a619-2c71c0869997@group-EC4211DF0353, cid=2418, SUCCESS, logIndex=3575, commits[9a4a4c23-9ff3-4ce3-a619-2c71c0869997:c3575, 9b0072ab-15b3-4973-9bcb-7fa02f6bfea9:c3573, 9f215ef2-7d46-4cda-b695-cae1b893f75f:c3573]
2019-08-20 16:04:07,633 | INFO  | DNAudit | user=null | ip=null | op=WRITE_CHUNK {blockData=conID: 2 locID: 102650154028106313 bcsId: 3575} | ret=SUCCESS |  
2019-08-20 16:04:07,635 | INFO  | DNAudit | user=null | ip=null | op=WRITE_CHUNK {blockData=conID: 2 locID: 102650154028106313 bcsId: 3575} | ret=SUCCESS |  
2019-08-20 16:04:07,636 | INFO  | DNAudit | user=null | ip=null | op=WRITE_CHUNK {blockData=conID: 2 locID: 102650154028106313 bcsId: 3575} | ret=SUCCESS |  
2019-08-20 16:04:07,636 | INFO  | DNAudit | user=null | ip=null | op=WRITE_CHUNK {blockData=conID: 2 locID: 102650154028106313 bcsId: 3570} | ret=SUCCESS |  
2019-08-20 16:04:07,636 | INFO  | DNAudit | user=null | ip=null | op=WRITE_CHUNK {blockData=conID: 2 locID: 102650154028106313 bcsId: 3570} | ret=SUCCESS |  
2019-08-20 16:04:07,639 | INFO  | DNAudit | user=null | ip=null | op=PUT_BLOCK {blockData=[blockId=conID: 2 locID: 102650154028106313 bcsId: 0,size=3145728]} | ret=SUCCESS |  
2019-08-20 16:04:07,639 | INFO  | DNAudit | user=null | ip=null | op=PUT_BLOCK {blockData=[blockId=conID: 2 locID: 102650154028106313 bcsId: 0,size=3145728]} | ret=SUCCESS |  
2019-08-20 16:04:07,640 | INFO  | DNAudit | user=null | ip=null | op=WRITE_CHUNK {blockData=conID: 2 locID: 102650154028106313 bcsId: 3575} | ret=SUCCESS |  
2019-08-20 16:04:07,640 | INFO  | DNAudit | user=null | ip=null | op=PUT_BLOCK {blockData=[blockId=conID: 2 locID: 102650154028106313 bcsId: 0,size=4194304]} | ret=SUCCESS |  
2019-08-20 16:04:07,640 [grpc-default-executor-5] INFO  client.GrpcClientProtocolClient (GrpcClientProtocolClient.java:onNext(255)) - client-EAA342753240->9a4a4c23-9ff3-4ce3-a619-2c71c0869997: receive RaftClientReply:client-EAA342753240->9a4a4c23-9ff3-4ce3-a619-2c71c0869997@group-EC4211DF0353, cid=2419, SUCCESS, logIndex=3578, commits[9a4a4c23-9ff3-4ce3-a619-2c71c0869997:c3578, 9b0072ab-15b3-4973-9bcb-7fa02f6bfea9:c3575, 9f215ef2-7d46-4cda-b695-cae1b893f75f:c3575]
2019-08-20 16:04:07,641 [grpc-default-executor-5] INFO  client.GrpcClientProtocolClient (GrpcClientProtocolClient.java:onNext(255)) - client-EAA342753240->9a4a4c23-9ff3-4ce3-a619-2c71c0869997: receive RaftClientReply:client-EAA342753240->9a4a4c23-9ff3-4ce3-a619-2c71c0869997@group-EC4211DF0353, cid=2420, SUCCESS, logIndex=3579, commits[9a4a4c23-9ff3-4ce3-a619-2c71c0869997:c3579, 9b0072ab-15b3-4973-9bcb-7fa02f6bfea9:c3575, 9f215ef2-7d46-4cda-b695-cae1b893f75f:c3575]
2019-08-20 16:04:07,652 | INFO  | DNAudit | user=null | ip=null | op=WRITE_CHUNK {blockData=conID: 2 locID: 102650154028106313 bcsId: 3575} | ret=SUCCESS |  
2019-08-20 16:04:07,653 | INFO  | DNAudit | user=null | ip=null | op=WRITE_CHUNK {blockData=conID: 2 locID: 102650154028106313 bcsId: 3575} | ret=SUCCESS |  
2019-08-20 16:04:07,654 | INFO  | DNAudit | user=null | ip=null | op=PUT_BLOCK {blockData=[blockId=conID: 2 locID: 102650154028106313 bcsId: 0,size=4194304]} | ret=SUCCESS |  
2019-08-20 16:04:07,654 | INFO  | DNAudit | user=null | ip=null | op=PUT_BLOCK {blockData=[blockId=conID: 2 locID: 102650154028106313 bcsId: 0,size=4194304]} | ret=SUCCESS |  
2019-08-20 16:04:07,655 [grpc-default-executor-5] INFO  client.GrpcClientProtocolClient (GrpcClientProtocolClient.java:onNext(255)) - client-EAA342753240->9a4a4c23-9ff3-4ce3-a619-2c71c0869997: receive RaftClientReply:client-EAA342753240->9a4a4c23-9ff3-4ce3-a619-2c71c0869997@group-EC4211DF0353, cid=2421, SUCCESS, logIndex=0, commits[9a4a4c23-9ff3-4ce3-a619-2c71c0869997:c3581, 9b0072ab-15b3-4973-9bcb-7fa02f6bfea9:c3579, 9f215ef2-7d46-4cda-b695-cae1b893f75f:c3579]
2019-08-20 16:04:07,663 | INFO  | SCMAudit | user=jenkins1000 | ip=192.168.69.96 | op=ALLOCATE_BLOCK {owner=ea4851f9-218c-4af7-91b4-edb777a4888c, size=4194304, type=RATIS, factor=THREE} | ret=SUCCESS |  
2019-08-20 16:04:07,668 | INFO  | OMAudit | user=jenkins1000 | ip=127.0.0.1 | op=ALLOCATE_BLOCK {volume=vol-0-94146, bucket=bucket-0-90789, key=key-0-25609, dataSize=0, replicationType=null, replicationFactor=null, keyLocationInfo=null, clientID=102650152704082322} | ret=SUCCESS |  
2019-08-20 16:04:07,676 | INFO  | DNAudit | user=null | ip=null | op=WRITE_CHUNK {blockData=conID: 3 locID: 102650154035642954 bcsId: 0} | ret=SUCCESS |  
2019-08-20 16:04:07,678 | INFO  | DNAudit | user=null | ip=null | op=WRITE_CHUNK {blockData=conID: 3 locID: 102650154035642954 bcsId: 0} | ret=SUCCESS |  
2019-08-20 16:04:07,678 | INFO  | DNAudit | user=null | ip=null | op=WRITE_CHUNK {blockData=conID: 3 locID: 102650154035642954 bcsId: 0} | ret=SUCCESS |  
2019-08-20 16:04:07,679 | INFO  | DNAudit | user=null | ip=null | op=WRITE_CHUNK {blockData=conID: 3 locID: 102650154035642954 bcsId: 0} | ret=SUCCESS |  
2019-08-20 16:04:07,680 | INFO  | DNAudit | user=null | ip=null | op=WRITE_CHUNK {blockData=conID: 3 locID: 102650154035642954 bcsId: 0} | ret=SUCCESS |  
2019-08-20 16:04:07,680 | INFO  | DNAudit | user=null | ip=null | op=WRITE_CHUNK {blockData=conID: 3 locID: 102650154035642954 bcsId: 0} | ret=SUCCESS |  
2019-08-20 16:04:07,688 | INFO  | DNAudit | user=null | ip=null | op=WRITE_CHUNK {blockData=conID: 3 locID: 102650154035642954 bcsId: 0} | ret=SUCCESS |  
2019-08-20 16:04:07,689 | INFO  | DNAudit | user=null | ip=null | op=PUT_BLOCK {blockData=[blockId=conID: 3 locID: 102650154035642954 bcsId: 0,size=1048576]} | ret=SUCCESS |  
2019-08-20 16:04:07,689 [grpc-default-executor-3] INFO  client.GrpcClientProtocolClient (GrpcClientProtocolClient.java:onNext(255)) - client-EAA342753240->9a4a4c23-9ff3-4ce3-a619-2c71c0869997: receive RaftClientReply:client-EAA342753240->9a4a4c23-9ff3-4ce3-a619-2c71c0869997@group-EC4211DF0353, cid=2422, SUCCESS, logIndex=3582, commits[9a4a4c23-9ff3-4ce3-a619-2c71c0869997:c3583, 9b0072ab-15b3-4973-9bcb-7fa02f6bfea9:c3581, 9f215ef2-7d46-4cda-b695-cae1b893f75f:c3581]
2019-08-20 16:04:07,689 | INFO  | DNAudit | user=null | ip=null | op=WRITE_CHUNK {blockData=conID: 3 locID: 102650154035642954 bcsId: 0} | ret=SUCCESS |  
2019-08-20 16:04:07,689 [grpc-default-executor-3] INFO  client.GrpcClientProtocolClient (GrpcClientProtocolClient.java:onNext(255)) - client-EAA342753240->9a4a4c23-9ff3-4ce3-a619-2c71c0869997: receive RaftClientReply:client-EAA342753240->9a4a4c23-9ff3-4ce3-a619-2c71c0869997@group-EC4211DF0353, cid=2423, SUCCESS, logIndex=3583, commits[9a4a4c23-9ff3-4ce3-a619-2c71c0869997:c3585, 9b0072ab-15b3-4973-9bcb-7fa02f6bfea9:c3581, 9f215ef2-7d46-4cda-b695-cae1b893f75f:c3581]
2019-08-20 16:04:07,690 | INFO  | DNAudit | user=null | ip=null | op=PUT_BLOCK {blockData=[blockId=conID: 3 locID: 102650154035642954 bcsId: 0,size=2097152]} | ret=SUCCESS |  
2019-08-20 16:04:07,690 [grpc-default-executor-3] INFO  client.GrpcClientProtocolClient (GrpcClientProtocolClient.java:onNext(255)) - client-EAA342753240->9a4a4c23-9ff3-4ce3-a619-2c71c0869997: receive RaftClientReply:client-EAA342753240->9a4a4c23-9ff3-4ce3-a619-2c71c0869997@group-EC4211DF0353, cid=2424, SUCCESS, logIndex=3584, commits[9a4a4c23-9ff3-4ce3-a619-2c71c0869997:c3585, 9b0072ab-15b3-4973-9bcb-7fa02f6bfea9:c3581, 9f215ef2-7d46-4cda-b695-cae1b893f75f:c3581]
2019-08-20 16:04:07,690 [grpc-default-executor-3] INFO  client.GrpcClientProtocolClient (GrpcClientProtocolClient.java:onNext(255)) - client-EAA342753240->9a4a4c23-9ff3-4ce3-a619-2c71c0869997: receive RaftClientReply:client-EAA342753240->9a4a4c23-9ff3-4ce3-a619-2c71c0869997@group-EC4211DF0353, cid=2425, SUCCESS, logIndex=3585, commits[9a4a4c23-9ff3-4ce3-a619-2c71c0869997:c3585, 9b0072ab-15b3-4973-9bcb-7fa02f6bfea9:c3581, 9f215ef2-7d46-4cda-b695-cae1b893f75f:c3581]
2019-08-20 16:04:07,702 | INFO  | DNAudit | user=null | ip=null | op=WRITE_CHUNK {blockData=conID: 3 locID: 102650154035642954 bcsId: 0} | ret=SUCCESS |  
2019-08-20 16:04:07,703 | INFO  | DNAudit | user=null | ip=null | op=PUT_BLOCK {blockData=[blockId=conID: 3 locID: 102650154035642954 bcsId: 0,size=1048576]} | ret=SUCCESS |  
2019-08-20 16:04:07,703 | INFO  | DNAudit | user=null | ip=null | op=WRITE_CHUNK {blockData=conID: 3 locID: 102650154035642954 bcsId: 0} | ret=SUCCESS |  
2019-08-20 16:04:07,703 | INFO  | DNAudit | user=null | ip=null | op=PUT_BLOCK {blockData=[blockId=conID: 3 locID: 102650154035642954 bcsId: 0,size=1048576]} | ret=SUCCESS |  
2019-08-20 16:04:07,703 [grpc-default-executor-3] INFO  client.GrpcClientProtocolClient (GrpcClientProtocolClient.java:onNext(255)) - client-EAA342753240->9a4a4c23-9ff3-4ce3-a619-2c71c0869997: receive RaftClientReply:client-EAA342753240->9a4a4c23-9ff3-4ce3-a619-2c71c0869997@group-EC4211DF0353, cid=2426, SUCCESS, logIndex=0, commits[9a4a4c23-9ff3-4ce3-a619-2c71c0869997:c3587, 9b0072ab-15b3-4973-9bcb-7fa02f6bfea9:c3583, 9f215ef2-7d46-4cda-b695-cae1b893f75f:c3583]
2019-08-20 16:04:07,703 | INFO  | DNAudit | user=null | ip=null | op=WRITE_CHUNK {blockData=conID: 3 locID: 102650154035642954 bcsId: 0} | ret=SUCCESS |  
2019-08-20 16:04:07,703 | INFO  | DNAudit | user=null | ip=null | op=WRITE_CHUNK {blockData=conID: 3 locID: 102650154035642954 bcsId: 0} | ret=SUCCESS |  
2019-08-20 16:04:07,704 | INFO  | DNAudit | user=null | ip=null | op=PUT_BLOCK {blockData=[blockId=conID: 3 locID: 102650154035642954 bcsId: 0,size=2097152]} | ret=SUCCESS |  
2019-08-20 16:04:07,704 | INFO  | DNAudit | user=null | ip=null | op=PUT_BLOCK {blockData=[blockId=conID: 3 locID: 102650154035642954 bcsId: 0,size=2097152]} | ret=SUCCESS |  
2019-08-20 16:04:07,710 | INFO  | DNAudit | user=null | ip=null | op=WRITE_CHUNK {blockData=conID: 3 locID: 102650154035642954 bcsId: 3585} | ret=SUCCESS |  
2019-08-20 16:04:07,712 | INFO  | DNAudit | user=null | ip=null | op=WRITE_CHUNK {blockData=conID: 3 locID: 102650154035642954 bcsId: 3585} | ret=SUCCESS |  
2019-08-20 16:04:07,712 | INFO  | DNAudit | user=null | ip=null | op=WRITE_CHUNK {blockData=conID: 3 locID: 102650154035642954 bcsId: 3585} | ret=SUCCESS |  
2019-08-20 16:04:07,722 | INFO  | DNAudit | user=null | ip=null | op=WRITE_CHUNK {blockData=conID: 3 locID: 102650154035642954 bcsId: 3585} | ret=SUCCESS |  
2019-08-20 16:04:07,723 | INFO  | DNAudit | user=null | ip=null | op=PUT_BLOCK {blockData=[blockId=conID: 3 locID: 102650154035642954 bcsId: 0,size=3145728]} | ret=SUCCESS |  
2019-08-20 16:04:07,723 [grpc-default-executor-1] INFO  client.GrpcClientProtocolClient (GrpcClientProtocolClient.java:onNext(255)) - client-EAA342753240->9a4a4c23-9ff3-4ce3-a619-2c71c0869997: receive RaftClientReply:client-EAA342753240->9a4a4c23-9ff3-4ce3-a619-2c71c0869997@group-EC4211DF0353, cid=2427, SUCCESS, logIndex=3590, commits[9a4a4c23-9ff3-4ce3-a619-2c71c0869997:c3591, 9b0072ab-15b3-4973-9bcb-7fa02f6bfea9:c3589, 9f215ef2-7d46-4cda-b695-cae1b893f75f:c3589]
2019-08-20 16:04:07,723 [grpc-default-executor-1] INFO  client.GrpcClientProtocolClient (GrpcClientProtocolClient.java:onNext(255)) - client-EAA342753240->9a4a4c23-9ff3-4ce3-a619-2c71c0869997: receive RaftClientReply:client-EAA342753240->9a4a4c23-9ff3-4ce3-a619-2c71c0869997@group-EC4211DF0353, cid=2428, SUCCESS, logIndex=3591, commits[9a4a4c23-9ff3-4ce3-a619-2c71c0869997:c3591, 9b0072ab-15b3-4973-9bcb-7fa02f6bfea9:c3589, 9f215ef2-7d46-4cda-b695-cae1b893f75f:c3589]
2019-08-20 16:04:07,729 | INFO  | DNAudit | user=null | ip=null | op=WRITE_CHUNK {blockData=conID: 3 locID: 102650154035642954 bcsId: 3591} | ret=SUCCESS |  
2019-08-20 16:04:07,731 | INFO  | DNAudit | user=null | ip=null | op=WRITE_CHUNK {blockData=conID: 3 locID: 102650154035642954 bcsId: 3591} | ret=SUCCESS |  
2019-08-20 16:04:07,731 | INFO  | DNAudit | user=null | ip=null | op=WRITE_CHUNK {blockData=conID: 3 locID: 102650154035642954 bcsId: 3591} | ret=SUCCESS |  
2019-08-20 16:04:07,735 | INFO  | DNAudit | user=null | ip=null | op=WRITE_CHUNK {blockData=conID: 3 locID: 102650154035642954 bcsId: 3585} | ret=SUCCESS |  
2019-08-20 16:04:07,735 | INFO  | DNAudit | user=null | ip=null | op=WRITE_CHUNK {blockData=conID: 3 locID: 102650154035642954 bcsId: 3585} | ret=SUCCESS |  
2019-08-20 16:04:07,747 | INFO  | DNAudit | user=null | ip=null | op=PUT_BLOCK {blockData=[blockId=conID: 3 locID: 102650154035642954 bcsId: 0,size=3145728]} | ret=SUCCESS |  
2019-08-20 16:04:07,747 | INFO  | DNAudit | user=null | ip=null | op=PUT_BLOCK {blockData=[blockId=conID: 3 locID: 102650154035642954 bcsId: 0,size=3145728]} | ret=SUCCESS |  
2019-08-20 16:04:07,747 | INFO  | DNAudit | user=null | ip=null | op=WRITE_CHUNK {blockData=conID: 3 locID: 102650154035642954 bcsId: 3591} | ret=SUCCESS |  
2019-08-20 16:04:07,747 | INFO  | DNAudit | user=null | ip=null | op=PUT_BLOCK {blockData=[blockId=conID: 3 locID: 102650154035642954 bcsId: 0,size=4194304]} | ret=SUCCESS |  
2019-08-20 16:04:07,747 [grpc-default-executor-0] INFO  client.GrpcClientProtocolClient (GrpcClientProtocolClient.java:onNext(255)) - client-EAA342753240->9a4a4c23-9ff3-4ce3-a619-2c71c0869997: receive RaftClientReply:client-EAA342753240->9a4a4c23-9ff3-4ce3-a619-2c71c0869997@group-EC4211DF0353, cid=2429, SUCCESS, logIndex=3594, commits[9a4a4c23-9ff3-4ce3-a619-2c71c0869997:c3595, 9b0072ab-15b3-4973-9bcb-7fa02f6bfea9:c3591, 9f215ef2-7d46-4cda-b695-cae1b893f75f:c3591]
2019-08-20 16:04:07,748 [grpc-default-executor-0] INFO  client.GrpcClientProtocolClient (GrpcClientProtocolClient.java:onNext(255)) - client-EAA342753240->9a4a4c23-9ff3-4ce3-a619-2c71c0869997: receive RaftClientReply:client-EAA342753240->9a4a4c23-9ff3-4ce3-a619-2c71c0869997@group-EC4211DF0353, cid=2430, SUCCESS, logIndex=3595, commits[9a4a4c23-9ff3-4ce3-a619-2c71c0869997:c3595, 9b0072ab-15b3-4973-9bcb-7fa02f6bfea9:c3591, 9f215ef2-7d46-4cda-b695-cae1b893f75f:c3591]
2019-08-20 16:04:07,759 | INFO  | DNAudit | user=null | ip=null | op=WRITE_CHUNK {blockData=conID: 3 locID: 102650154035642954 bcsId: 3591} | ret=SUCCESS |  
2019-08-20 16:04:07,759 | INFO  | DNAudit | user=null | ip=null | op=WRITE_CHUNK {blockData=conID: 3 locID: 102650154035642954 bcsId: 3591} | ret=SUCCESS |  
2019-08-20 16:04:07,759 | INFO  | DNAudit | user=null | ip=null | op=PUT_BLOCK {blockData=[blockId=conID: 3 locID: 102650154035642954 bcsId: 0,size=4194304]} | ret=SUCCESS |  
2019-08-20 16:04:07,759 | INFO  | DNAudit | user=null | ip=null | op=PUT_BLOCK {blockData=[blockId=conID: 3 locID: 102650154035642954 bcsId: 0,size=4194304]} | ret=SUCCESS |  
2019-08-20 16:04:07,759 [grpc-default-executor-0] INFO  client.GrpcClientProtocolClient (GrpcClientProtocolClient.java:onNext(255)) - client-EAA342753240->9a4a4c23-9ff3-4ce3-a619-2c71c0869997: receive RaftClientReply:client-EAA342753240->9a4a4c23-9ff3-4ce3-a619-2c71c0869997@group-EC4211DF0353, cid=2431, SUCCESS, logIndex=0, commits[9a4a4c23-9ff3-4ce3-a619-2c71c0869997:c3595, 9b0072ab-15b3-4973-9bcb-7fa02f6bfea9:c3595, 9f215ef2-7d46-4cda-b695-cae1b893f75f:c3595]
2019-08-20 16:04:07,764 | INFO  | SCMAudit | user=jenkins1000 | ip=192.168.69.96 | op=ALLOCATE_BLOCK {owner=ea4851f9-218c-4af7-91b4-edb777a4888c, size=4194304, type=RATIS, factor=THREE} | ret=SUCCESS |  
2019-08-20 16:04:07,767 | INFO  | OMAudit | user=jenkins1000 | ip=127.0.0.1 | op=ALLOCATE_BLOCK {volume=vol-0-94146, bucket=bucket-0-90789, key=key-0-25609, dataSize=0, replicationType=null, replicationFactor=null, keyLocationInfo=null, clientID=102650152704082322} | ret=SUCCESS |  
2019-08-20 16:04:07,774 | INFO  | DNAudit | user=null | ip=null | op=WRITE_CHUNK {blockData=conID: 1 locID: 102650154042262091 bcsId: 0} | ret=SUCCESS |  
2019-08-20 16:04:07,775 | INFO  | DNAudit | user=null | ip=null | op=WRITE_CHUNK {blockData=conID: 1 locID: 102650154042262091 bcsId: 0} | ret=SUCCESS |  
2019-08-20 16:04:07,776 | INFO  | DNAudit | user=null | ip=null | op=WRITE_CHUNK {blockData=conID: 1 locID: 102650154042262091 bcsId: 0} | ret=SUCCESS |  
2019-08-20 16:04:07,776 | INFO  | DNAudit | user=null | ip=null | op=WRITE_CHUNK {blockData=conID: 1 locID: 102650154042262091 bcsId: 0} | ret=SUCCESS |  
2019-08-20 16:04:07,777 | INFO  | DNAudit | user=null | ip=null | op=WRITE_CHUNK {blockData=conID: 1 locID: 102650154042262091 bcsId: 0} | ret=SUCCESS |  
2019-08-20 16:04:07,777 | INFO  | DNAudit | user=null | ip=null | op=WRITE_CHUNK {blockData=conID: 1 locID: 102650154042262091 bcsId: 0} | ret=SUCCESS |  
2019-08-20 16:04:07,788 | INFO  | DNAudit | user=null | ip=null | op=WRITE_CHUNK {blockData=conID: 1 locID: 102650154042262091 bcsId: 0} | ret=SUCCESS |  
2019-08-20 16:04:07,789 | INFO  | DNAudit | user=null | ip=null | op=PUT_BLOCK {blockData=[blockId=conID: 1 locID: 102650154042262091 bcsId: 0,size=1048576]} | ret=SUCCESS |  
2019-08-20 16:04:07,789 | INFO  | DNAudit | user=null | ip=null | op=WRITE_CHUNK {blockData=conID: 1 locID: 102650154042262091 bcsId: 0} | ret=SUCCESS |  
2019-08-20 16:04:07,789 [grpc-default-executor-3] INFO  client.GrpcClientProtocolClient (GrpcClientProtocolClient.java:onNext(255)) - client-EAA342753240->9a4a4c23-9ff3-4ce3-a619-2c71c0869997: receive RaftClientReply:client-EAA342753240->9a4a4c23-9ff3-4ce3-a619-2c71c0869997@group-EC4211DF0353, cid=2432, SUCCESS, logIndex=3598, commits[9a4a4c23-9ff3-4ce3-a619-2c71c0869997:c3601, 9b0072ab-15b3-4973-9bcb-7fa02f6bfea9:c3597, 9f215ef2-7d46-4cda-b695-cae1b893f75f:c3597]
2019-08-20 16:04:07,789 | INFO  | DNAudit | user=null | ip=null | op=PUT_BLOCK {blockData=[blockId=conID: 1 locID: 102650154042262091 bcsId: 0,size=2097152]} | ret=SUCCESS |  
2019-08-20 16:04:07,789 [grpc-default-executor-3] INFO  client.GrpcClientProtocolClient (GrpcClientProtocolClient.java:onNext(255)) - client-EAA342753240->9a4a4c23-9ff3-4ce3-a619-2c71c0869997: receive RaftClientReply:client-EAA342753240->9a4a4c23-9ff3-4ce3-a619-2c71c0869997@group-EC4211DF0353, cid=2433, SUCCESS, logIndex=3599, commits[9a4a4c23-9ff3-4ce3-a619-2c71c0869997:c3601, 9b0072ab-15b3-4973-9bcb-7fa02f6bfea9:c3597, 9f215ef2-7d46-4cda-b695-cae1b893f75f:c3597]
2019-08-20 16:04:07,789 [grpc-default-executor-3] INFO  client.GrpcClientProtocolClient (GrpcClientProtocolClient.java:onNext(255)) - client-EAA342753240->9a4a4c23-9ff3-4ce3-a619-2c71c0869997: receive RaftClientReply:client-EAA342753240->9a4a4c23-9ff3-4ce3-a619-2c71c0869997@group-EC4211DF0353, cid=2434, SUCCESS, logIndex=3600, commits[9a4a4c23-9ff3-4ce3-a619-2c71c0869997:c3601, 9b0072ab-15b3-4973-9bcb-7fa02f6bfea9:c3597, 9f215ef2-7d46-4cda-b695-cae1b893f75f:c3597]
2019-08-20 16:04:07,790 [grpc-default-executor-3] INFO  client.GrpcClientProtocolClient (GrpcClientProtocolClient.java:onNext(255)) - client-EAA342753240->9a4a4c23-9ff3-4ce3-a619-2c71c0869997: receive RaftClientReply:client-EAA342753240->9a4a4c23-9ff3-4ce3-a619-2c71c0869997@group-EC4211DF0353, cid=2435, SUCCESS, logIndex=3601, commits[9a4a4c23-9ff3-4ce3-a619-2c71c0869997:c3601, 9b0072ab-15b3-4973-9bcb-7fa02f6bfea9:c3597, 9f215ef2-7d46-4cda-b695-cae1b893f75f:c3597]
2019-08-20 16:04:07,799 | INFO  | DNAudit | user=null | ip=null | op=WRITE_CHUNK {blockData=conID: 1 locID: 102650154042262091 bcsId: 0} | ret=SUCCESS |  
2019-08-20 16:04:07,799 | INFO  | DNAudit | user=null | ip=null | op=WRITE_CHUNK {blockData=conID: 1 locID: 102650154042262091 bcsId: 0} | ret=SUCCESS |  
2019-08-20 16:04:07,799 | INFO  | DNAudit | user=null | ip=null | op=PUT_BLOCK {blockData=[blockId=conID: 1 locID: 102650154042262091 bcsId: 0,size=1048576]} | ret=SUCCESS |  
2019-08-20 16:04:07,799 [grpc-default-executor-3] INFO  client.GrpcClientProtocolClient (GrpcClientProtocolClient.java:onNext(255)) - client-EAA342753240->9a4a4c23-9ff3-4ce3-a619-2c71c0869997: receive RaftClientReply:client-EAA342753240->9a4a4c23-9ff3-4ce3-a619-2c71c0869997@group-EC4211DF0353, cid=2436, SUCCESS, logIndex=0, commits[9a4a4c23-9ff3-4ce3-a619-2c71c0869997:c3602, 9b0072ab-15b3-4973-9bcb-7fa02f6bfea9:c3599, 9f215ef2-7d46-4cda-b695-cae1b893f75f:c3599]
2019-08-20 16:04:07,800 | INFO  | DNAudit | user=null | ip=null | op=PUT_BLOCK {blockData=[blockId=conID: 1 locID: 102650154042262091 bcsId: 0,size=1048576]} | ret=SUCCESS |  
2019-08-20 16:04:07,802 | INFO  | DNAudit | user=null | ip=null | op=WRITE_CHUNK {blockData=conID: 1 locID: 102650154042262091 bcsId: 0} | ret=SUCCESS |  
2019-08-20 16:04:07,802 | INFO  | DNAudit | user=null | ip=null | op=PUT_BLOCK {blockData=[blockId=conID: 1 locID: 102650154042262091 bcsId: 0,size=2097152]} | ret=SUCCESS |  
2019-08-20 16:04:07,802 | INFO  | DNAudit | user=null | ip=null | op=WRITE_CHUNK {blockData=conID: 1 locID: 102650154042262091 bcsId: 0} | ret=SUCCESS |  
2019-08-20 16:04:07,802 | INFO  | DNAudit | user=null | ip=null | op=PUT_BLOCK {blockData=[blockId=conID: 1 locID: 102650154042262091 bcsId: 0,size=2097152]} | ret=SUCCESS |  
2019-08-20 16:04:07,805 | INFO  | DNAudit | user=null | ip=null | op=WRITE_CHUNK {blockData=conID: 1 locID: 102650154042262091 bcsId: 3601} | ret=SUCCESS |  
2019-08-20 16:04:07,808 | INFO  | DNAudit | user=null | ip=null | op=WRITE_CHUNK {blockData=conID: 1 locID: 102650154042262091 bcsId: 3601} | ret=SUCCESS |  
2019-08-20 16:04:07,808 | INFO  | DNAudit | user=null | ip=null | op=WRITE_CHUNK {blockData=conID: 1 locID: 102650154042262091 bcsId: 3601} | ret=SUCCESS |  
2019-08-20 16:04:07,817 | INFO  | DNAudit | user=null | ip=null | op=WRITE_CHUNK {blockData=conID: 1 locID: 102650154042262091 bcsId: 3601} | ret=SUCCESS |  
2019-08-20 16:04:07,818 | INFO  | DNAudit | user=null | ip=null | op=PUT_BLOCK {blockData=[blockId=conID: 1 locID: 102650154042262091 bcsId: 0,size=3145728]} | ret=SUCCESS |  
2019-08-20 16:04:07,818 [grpc-default-executor-0] INFO  client.GrpcClientProtocolClient (GrpcClientProtocolClient.java:onNext(255)) - client-EAA342753240->9a4a4c23-9ff3-4ce3-a619-2c71c0869997: receive RaftClientReply:client-EAA342753240->9a4a4c23-9ff3-4ce3-a619-2c71c0869997@group-EC4211DF0353, cid=2437, SUCCESS, logIndex=3606, commits[9a4a4c23-9ff3-4ce3-a619-2c71c0869997:c3607, 9b0072ab-15b3-4973-9bcb-7fa02f6bfea9:c3605, 9f215ef2-7d46-4cda-b695-cae1b893f75f:c3605]
2019-08-20 16:04:07,818 [grpc-default-executor-0] INFO  client.GrpcClientProtocolClient (GrpcClientProtocolClient.java:onNext(255)) - client-EAA342753240->9a4a4c23-9ff3-4ce3-a619-2c71c0869997: receive RaftClientReply:client-EAA342753240->9a4a4c23-9ff3-4ce3-a619-2c71c0869997@group-EC4211DF0353, cid=2438, SUCCESS, logIndex=3607, commits[9a4a4c23-9ff3-4ce3-a619-2c71c0869997:c3607, 9b0072ab-15b3-4973-9bcb-7fa02f6bfea9:c3605, 9f215ef2-7d46-4cda-b695-cae1b893f75f:c3605]
2019-08-20 16:04:07,824 | INFO  | DNAudit | user=null | ip=null | op=WRITE_CHUNK {blockData=conID: 1 locID: 102650154042262091 bcsId: 3607} | ret=SUCCESS |  
2019-08-20 16:04:07,826 | INFO  | DNAudit | user=null | ip=null | op=WRITE_CHUNK {blockData=conID: 1 locID: 102650154042262091 bcsId: 3607} | ret=SUCCESS |  
2019-08-20 16:04:07,826 | INFO  | DNAudit | user=null | ip=null | op=WRITE_CHUNK {blockData=conID: 1 locID: 102650154042262091 bcsId: 3607} | ret=SUCCESS |  
2019-08-20 16:04:07,830 | INFO  | DNAudit | user=null | ip=null | op=WRITE_CHUNK {blockData=conID: 1 locID: 102650154042262091 bcsId: 3601} | ret=SUCCESS |  
2019-08-20 16:04:07,831 | INFO  | DNAudit | user=null | ip=null | op=WRITE_CHUNK {blockData=conID: 1 locID: 102650154042262091 bcsId: 3601} | ret=SUCCESS |  
2019-08-20 16:04:07,831 | INFO  | DNAudit | user=null | ip=null | op=PUT_BLOCK {blockData=[blockId=conID: 1 locID: 102650154042262091 bcsId: 0,size=3145728]} | ret=SUCCESS |  
2019-08-20 16:04:07,831 | INFO  | DNAudit | user=null | ip=null | op=PUT_BLOCK {blockData=[blockId=conID: 1 locID: 102650154042262091 bcsId: 0,size=3145728]} | ret=SUCCESS |  
2019-08-20 16:04:07,843 | INFO  | DNAudit | user=null | ip=null | op=WRITE_CHUNK {blockData=conID: 1 locID: 102650154042262091 bcsId: 3607} | ret=SUCCESS |  
2019-08-20 16:04:07,844 | INFO  | DNAudit | user=null | ip=null | op=PUT_BLOCK {blockData=[blockId=conID: 1 locID: 102650154042262091 bcsId: 0,size=4194304]} | ret=SUCCESS |  
2019-08-20 16:04:07,844 [grpc-default-executor-5] INFO  client.GrpcClientProtocolClient (GrpcClientProtocolClient.java:onNext(255)) - client-EAA342753240->9a4a4c23-9ff3-4ce3-a619-2c71c0869997: receive RaftClientReply:client-EAA342753240->9a4a4c23-9ff3-4ce3-a619-2c71c0869997@group-EC4211DF0353, cid=2439, SUCCESS, logIndex=3610, commits[9a4a4c23-9ff3-4ce3-a619-2c71c0869997:c3611, 9b0072ab-15b3-4973-9bcb-7fa02f6bfea9:c3607, 9f215ef2-7d46-4cda-b695-cae1b893f75f:c3607]
2019-08-20 16:04:07,844 [grpc-default-executor-5] INFO  client.GrpcClientProtocolClient (GrpcClientProtocolClient.java:onNext(255)) - client-EAA342753240->9a4a4c23-9ff3-4ce3-a619-2c71c0869997: receive RaftClientReply:client-EAA342753240->9a4a4c23-9ff3-4ce3-a619-2c71c0869997@group-EC4211DF0353, cid=2440, SUCCESS, logIndex=3611, commits[9a4a4c23-9ff3-4ce3-a619-2c71c0869997:c3611, 9b0072ab-15b3-4973-9bcb-7fa02f6bfea9:c3607, 9f215ef2-7d46-4cda-b695-cae1b893f75f:c3607]
2019-08-20 16:04:07,845 | INFO  | DNAudit | user=null | ip=null | op=WRITE_CHUNK {blockData=conID: 1 locID: 102650154042262091 bcsId: 3607} | ret=SUCCESS |  
2019-08-20 16:04:07,846 | INFO  | DNAudit | user=null | ip=null | op=WRITE_CHUNK {blockData=conID: 1 locID: 102650154042262091 bcsId: 3607} | ret=SUCCESS |  
2019-08-20 16:04:07,848 | INFO  | DNAudit | user=null | ip=null | op=PUT_BLOCK {blockData=[blockId=conID: 1 locID: 102650154042262091 bcsId: 0,size=4194304]} | ret=SUCCESS |  
2019-08-20 16:04:07,848 | INFO  | DNAudit | user=null | ip=null | op=PUT_BLOCK {blockData=[blockId=conID: 1 locID: 102650154042262091 bcsId: 0,size=4194304]} | ret=SUCCESS |  
2019-08-20 16:04:07,849 [grpc-default-executor-5] INFO  client.GrpcClientProtocolClient (GrpcClientProtocolClient.java:onNext(255)) - client-EAA342753240->9a4a4c23-9ff3-4ce3-a619-2c71c0869997: receive RaftClientReply:client-EAA342753240->9a4a4c23-9ff3-4ce3-a619-2c71c0869997@group-EC4211DF0353, cid=2441, SUCCESS, logIndex=0, commits[9a4a4c23-9ff3-4ce3-a619-2c71c0869997:c3613, 9b0072ab-15b3-4973-9bcb-7fa02f6bfea9:c3611, 9f215ef2-7d46-4cda-b695-cae1b893f75f:c3611]
2019-08-20 16:04:07,853 | INFO  | SCMAudit | user=jenkins1000 | ip=192.168.69.96 | op=ALLOCATE_BLOCK {owner=ea4851f9-218c-4af7-91b4-edb777a4888c, size=4194304, type=RATIS, factor=THREE} | ret=SUCCESS |  
2019-08-20 16:04:07,856 | INFO  | OMAudit | user=jenkins1000 | ip=127.0.0.1 | op=ALLOCATE_BLOCK {volume=vol-0-94146, bucket=bucket-0-90789, key=key-0-25609, dataSize=0, replicationType=null, replicationFactor=null, keyLocationInfo=null, clientID=102650152704082322} | ret=SUCCESS |  
2019-08-20 16:04:07,864 | INFO  | DNAudit | user=null | ip=null | op=WRITE_CHUNK {blockData=conID: 2 locID: 102650154048094796 bcsId: 0} | ret=SUCCESS |  
2019-08-20 16:04:07,866 | INFO  | DNAudit | user=null | ip=null | op=WRITE_CHUNK {blockData=conID: 2 locID: 102650154048094796 bcsId: 0} | ret=SUCCESS |  
2019-08-20 16:04:07,866 | INFO  | DNAudit | user=null | ip=null | op=WRITE_CHUNK {blockData=conID: 2 locID: 102650154048094796 bcsId: 0} | ret=SUCCESS |  
2019-08-20 16:04:07,866 | INFO  | DNAudit | user=null | ip=null | op=WRITE_CHUNK {blockData=conID: 2 locID: 102650154048094796 bcsId: 0} | ret=SUCCESS |  
2019-08-20 16:04:07,867 | INFO  | DNAudit | user=null | ip=null | op=WRITE_CHUNK {blockData=conID: 2 locID: 102650154048094796 bcsId: 0} | ret=SUCCESS |  
2019-08-20 16:04:07,867 | INFO  | DNAudit | user=null | ip=null | op=WRITE_CHUNK {blockData=conID: 2 locID: 102650154048094796 bcsId: 0} | ret=SUCCESS |  
2019-08-20 16:04:07,869 | INFO  | DNAudit | user=null | ip=null | op=WRITE_CHUNK {blockData=conID: 2 locID: 102650154048094796 bcsId: 0} | ret=SUCCESS |  
2019-08-20 16:04:07,870 | INFO  | DNAudit | user=null | ip=null | op=PUT_BLOCK {blockData=[blockId=conID: 2 locID: 102650154048094796 bcsId: 0,size=1048576]} | ret=SUCCESS |  
2019-08-20 16:04:07,870 | INFO  | DNAudit | user=null | ip=null | op=WRITE_CHUNK {blockData=conID: 2 locID: 102650154048094796 bcsId: 0} | ret=SUCCESS |  
2019-08-20 16:04:07,870 [grpc-default-executor-5] INFO  client.GrpcClientProtocolClient (GrpcClientProtocolClient.java:onNext(255)) - client-EAA342753240->9a4a4c23-9ff3-4ce3-a619-2c71c0869997: receive RaftClientReply:client-EAA342753240->9a4a4c23-9ff3-4ce3-a619-2c71c0869997@group-EC4211DF0353, cid=2442, SUCCESS, logIndex=3614, commits[9a4a4c23-9ff3-4ce3-a619-2c71c0869997:c3617, 9b0072ab-15b3-4973-9bcb-7fa02f6bfea9:c3613, 9f215ef2-7d46-4cda-b695-cae1b893f75f:c3613]
2019-08-20 16:04:07,870 | INFO  | DNAudit | user=null | ip=null | op=PUT_BLOCK {blockData=[blockId=conID: 2 locID: 102650154048094796 bcsId: 0,size=2097152]} | ret=SUCCESS |  
2019-08-20 16:04:07,871 [grpc-default-executor-5] INFO  client.GrpcClientProtocolClient (GrpcClientProtocolClient.java:onNext(255)) - client-EAA342753240->9a4a4c23-9ff3-4ce3-a619-2c71c0869997: receive RaftClientReply:client-EAA342753240->9a4a4c23-9ff3-4ce3-a619-2c71c0869997@group-EC4211DF0353, cid=2443, SUCCESS, logIndex=3615, commits[9a4a4c23-9ff3-4ce3-a619-2c71c0869997:c3617, 9b0072ab-15b3-4973-9bcb-7fa02f6bfea9:c3613, 9f215ef2-7d46-4cda-b695-cae1b893f75f:c3613]
2019-08-20 16:04:07,871 [grpc-default-executor-5] INFO  client.GrpcClientProtocolClient (GrpcClientProtocolClient.java:onNext(255)) - client-EAA342753240->9a4a4c23-9ff3-4ce3-a619-2c71c0869997: receive RaftClientReply:client-EAA342753240->9a4a4c23-9ff3-4ce3-a619-2c71c0869997@group-EC4211DF0353, cid=2444, SUCCESS, logIndex=3616, commits[9a4a4c23-9ff3-4ce3-a619-2c71c0869997:c3617, 9b0072ab-15b3-4973-9bcb-7fa02f6bfea9:c3613, 9f215ef2-7d46-4cda-b695-cae1b893f75f:c3613]
2019-08-20 16:04:07,871 [grpc-default-executor-5] INFO  client.GrpcClientProtocolClient (GrpcClientProtocolClient.java:onNext(255)) - client-EAA342753240->9a4a4c23-9ff3-4ce3-a619-2c71c0869997: receive RaftClientReply:client-EAA342753240->9a4a4c23-9ff3-4ce3-a619-2c71c0869997@group-EC4211DF0353, cid=2445, SUCCESS, logIndex=3617, commits[9a4a4c23-9ff3-4ce3-a619-2c71c0869997:c3617, 9b0072ab-15b3-4973-9bcb-7fa02f6bfea9:c3613, 9f215ef2-7d46-4cda-b695-cae1b893f75f:c3613]
2019-08-20 16:04:07,873 | INFO  | DNAudit | user=null | ip=null | op=WRITE_CHUNK {blockData=conID: 2 locID: 102650154048094796 bcsId: 0} | ret=SUCCESS |  
2019-08-20 16:04:07,873 | INFO  | DNAudit | user=null | ip=null | op=WRITE_CHUNK {blockData=conID: 2 locID: 102650154048094796 bcsId: 0} | ret=SUCCESS |  
2019-08-20 16:04:07,873 | INFO  | DNAudit | user=null | ip=null | op=PUT_BLOCK {blockData=[blockId=conID: 2 locID: 102650154048094796 bcsId: 0,size=1048576]} | ret=SUCCESS |  
2019-08-20 16:04:07,873 | INFO  | DNAudit | user=null | ip=null | op=WRITE_CHUNK {blockData=conID: 2 locID: 102650154048094796 bcsId: 0} | ret=SUCCESS |  
2019-08-20 16:04:07,875 | INFO  | DNAudit | user=null | ip=null | op=PUT_BLOCK {blockData=[blockId=conID: 2 locID: 102650154048094796 bcsId: 0,size=2097152]} | ret=SUCCESS |  
2019-08-20 16:04:07,875 | INFO  | DNAudit | user=null | ip=null | op=PUT_BLOCK {blockData=[blockId=conID: 2 locID: 102650154048094796 bcsId: 0,size=1048576]} | ret=SUCCESS |  
2019-08-20 16:04:07,875 | INFO  | DNAudit | user=null | ip=null | op=WRITE_CHUNK {blockData=conID: 2 locID: 102650154048094796 bcsId: 0} | ret=SUCCESS |  
2019-08-20 16:04:07,875 [grpc-default-executor-3] INFO  client.GrpcClientProtocolClient (GrpcClientProtocolClient.java:onNext(255)) - client-EAA342753240->9a4a4c23-9ff3-4ce3-a619-2c71c0869997: receive RaftClientReply:client-EAA342753240->9a4a4c23-9ff3-4ce3-a619-2c71c0869997@group-EC4211DF0353, cid=2446, SUCCESS, logIndex=0, commits[9a4a4c23-9ff3-4ce3-a619-2c71c0869997:c3618, 9b0072ab-15b3-4973-9bcb-7fa02f6bfea9:c3616, 9f215ef2-7d46-4cda-b695-cae1b893f75f:c3616]
2019-08-20 16:04:07,875 | INFO  | DNAudit | user=null | ip=null | op=PUT_BLOCK {blockData=[blockId=conID: 2 locID: 102650154048094796 bcsId: 0,size=2097152]} | ret=SUCCESS |  
2019-08-20 16:04:07,882 | INFO  | DNAudit | user=null | ip=null | op=WRITE_CHUNK {blockData=conID: 2 locID: 102650154048094796 bcsId: 3617} | ret=SUCCESS |  
2019-08-20 16:04:07,884 | INFO  | DNAudit | user=null | ip=null | op=WRITE_CHUNK {blockData=conID: 2 locID: 102650154048094796 bcsId: 3617} | ret=SUCCESS |  
2019-08-20 16:04:07,884 | INFO  | DNAudit | user=null | ip=null | op=WRITE_CHUNK {blockData=conID: 2 locID: 102650154048094796 bcsId: 3617} | ret=SUCCESS |  
2019-08-20 16:04:07,886 | INFO  | DNAudit | user=null | ip=null | op=WRITE_CHUNK {blockData=conID: 2 locID: 102650154048094796 bcsId: 3617} | ret=SUCCESS |  
2019-08-20 16:04:07,887 | INFO  | DNAudit | user=null | ip=null | op=PUT_BLOCK {blockData=[blockId=conID: 2 locID: 102650154048094796 bcsId: 0,size=3145728]} | ret=SUCCESS |  
2019-08-20 16:04:07,887 [grpc-default-executor-5] INFO  client.GrpcClientProtocolClient (GrpcClientProtocolClient.java:onNext(255)) - client-EAA342753240->9a4a4c23-9ff3-4ce3-a619-2c71c0869997: receive RaftClientReply:client-EAA342753240->9a4a4c23-9ff3-4ce3-a619-2c71c0869997@group-EC4211DF0353, cid=2447, SUCCESS, logIndex=3621, commits[9a4a4c23-9ff3-4ce3-a619-2c71c0869997:c3622, 9b0072ab-15b3-4973-9bcb-7fa02f6bfea9:c3620, 9f215ef2-7d46-4cda-b695-cae1b893f75f:c3620]
2019-08-20 16:04:07,887 [grpc-default-executor-5] INFO  client.GrpcClientProtocolClient (GrpcClientProtocolClient.java:onNext(255)) - client-EAA342753240->9a4a4c23-9ff3-4ce3-a619-2c71c0869997: receive RaftClientReply:client-EAA342753240->9a4a4c23-9ff3-4ce3-a619-2c71c0869997@group-EC4211DF0353, cid=2448, SUCCESS, logIndex=3622, commits[9a4a4c23-9ff3-4ce3-a619-2c71c0869997:c3622, 9b0072ab-15b3-4973-9bcb-7fa02f6bfea9:c3620, 9f215ef2-7d46-4cda-b695-cae1b893f75f:c3620]
2019-08-20 16:04:07,888 | INFO  | DNAudit | user=null | ip=null | op=WRITE_CHUNK {blockData=conID: 2 locID: 102650154048094796 bcsId: 3617} | ret=SUCCESS |  
2019-08-20 16:04:07,888 | INFO  | DNAudit | user=null | ip=null | op=WRITE_CHUNK {blockData=conID: 2 locID: 102650154048094796 bcsId: 3617} | ret=SUCCESS |  
2019-08-20 16:04:07,888 | INFO  | DNAudit | user=null | ip=null | op=PUT_BLOCK {blockData=[blockId=conID: 2 locID: 102650154048094796 bcsId: 0,size=3145728]} | ret=SUCCESS |  
2019-08-20 16:04:07,888 | INFO  | DNAudit | user=null | ip=null | op=PUT_BLOCK {blockData=[blockId=conID: 2 locID: 102650154048094796 bcsId: 0,size=3145728]} | ret=SUCCESS |  
2019-08-20 16:04:07,894 | INFO  | DNAudit | user=null | ip=null | op=WRITE_CHUNK {blockData=conID: 2 locID: 102650154048094796 bcsId: 3622} | ret=SUCCESS |  
2019-08-20 16:04:07,895 | INFO  | DNAudit | user=null | ip=null | op=WRITE_CHUNK {blockData=conID: 2 locID: 102650154048094796 bcsId: 3622} | ret=SUCCESS |  
2019-08-20 16:04:07,896 | INFO  | DNAudit | user=null | ip=null | op=WRITE_CHUNK {blockData=conID: 2 locID: 102650154048094796 bcsId: 3622} | ret=SUCCESS |  
2019-08-20 16:04:07,897 | INFO  | DNAudit | user=null | ip=null | op=WRITE_CHUNK {blockData=conID: 2 locID: 102650154048094796 bcsId: 3622} | ret=SUCCESS |  
2019-08-20 16:04:07,898 | INFO  | DNAudit | user=null | ip=null | op=PUT_BLOCK {blockData=[blockId=conID: 2 locID: 102650154048094796 bcsId: 0,size=4194304]} | ret=SUCCESS |  
2019-08-20 16:04:07,898 [grpc-default-executor-5] INFO  client.GrpcClientProtocolClient (GrpcClientProtocolClient.java:onNext(255)) - client-EAA342753240->9a4a4c23-9ff3-4ce3-a619-2c71c0869997: receive RaftClientReply:client-EAA342753240->9a4a4c23-9ff3-4ce3-a619-2c71c0869997@group-EC4211DF0353, cid=2449, SUCCESS, logIndex=3624, commits[9a4a4c23-9ff3-4ce3-a619-2c71c0869997:c3625, 9b0072ab-15b3-4973-9bcb-7fa02f6bfea9:c3622, 9f215ef2-7d46-4cda-b695-cae1b893f75f:c3623]
2019-08-20 16:04:07,898 [grpc-default-executor-5] INFO  client.GrpcClientProtocolClient (GrpcClientProtocolClient.java:onNext(255)) - client-EAA342753240->9a4a4c23-9ff3-4ce3-a619-2c71c0869997: receive RaftClientReply:client-EAA342753240->9a4a4c23-9ff3-4ce3-a619-2c71c0869997@group-EC4211DF0353, cid=2450, SUCCESS, logIndex=3625, commits[9a4a4c23-9ff3-4ce3-a619-2c71c0869997:c3625, 9b0072ab-15b3-4973-9bcb-7fa02f6bfea9:c3623, 9f215ef2-7d46-4cda-b695-cae1b893f75f:c3623]
2019-08-20 16:04:07,900 | INFO  | SCMAudit | user=jenkins1000 | ip=192.168.69.96 | op=SEND_HEARTBEAT {datanodeUUID=9b0072ab-15b3-4973-9bcb-7fa02f6bfea9, command=[]} | ret=SUCCESS |  
2019-08-20 16:04:07,901 | INFO  | DNAudit | user=null | ip=null | op=WRITE_CHUNK {blockData=conID: 2 locID: 102650154048094796 bcsId: 3622} | ret=SUCCESS |  
2019-08-20 16:04:07,901 | INFO  | SCMAudit | user=jenkins1000 | ip=192.168.69.96 | op=SEND_HEARTBEAT {datanodeUUID=f1afe498-2778-451e-a3e4-8199ec337a15, command=[]} | ret=SUCCESS |  
2019-08-20 16:04:07,901 | INFO  | SCMAudit | user=jenkins1000 | ip=192.168.69.96 | op=SEND_HEARTBEAT {datanodeUUID=9f215ef2-7d46-4cda-b695-cae1b893f75f, command=[]} | ret=SUCCESS |  
2019-08-20 16:04:07,901 | INFO  | SCMAudit | user=jenkins1000 | ip=192.168.69.96 | op=SEND_HEARTBEAT {datanodeUUID=9a4a4c23-9ff3-4ce3-a619-2c71c0869997, command=[]} | ret=SUCCESS |  
2019-08-20 16:04:07,902 | INFO  | SCMAudit | user=jenkins1000 | ip=192.168.69.96 | op=SEND_HEARTBEAT {datanodeUUID=69f203df-fb09-400b-ac11-cd7a56dd70a5, command=[]} | ret=SUCCESS |  
2019-08-20 16:04:07,903 | INFO  | DNAudit | user=null | ip=null | op=WRITE_CHUNK {blockData=conID: 2 locID: 102650154048094796 bcsId: 3622} | ret=SUCCESS |  
 0.00% |█                                                                                                    |  0/1 Time: 0:00:202019-08-20 16:04:07,904 | INFO  | DNAudit | user=null | ip=null | op=PUT_BLOCK {blockData=[blockId=conID: 2 locID: 102650154048094796 bcsId: 0,size=4194304]} | ret=SUCCESS |  
2019-08-20 16:04:07,905 | INFO  | DNAudit | user=null | ip=null | op=PUT_BLOCK {blockData=[blockId=conID: 2 locID: 102650154048094796 bcsId: 0,size=4194304]} | ret=SUCCESS |  
2019-08-20 16:04:07,906 [grpc-default-executor-5] INFO  client.GrpcClientProtocolClient (GrpcClientProtocolClient.java:onNext(255)) - client-EAA342753240->9a4a4c23-9ff3-4ce3-a619-2c71c0869997: receive RaftClientReply:client-EAA342753240->9a4a4c23-9ff3-4ce3-a619-2c71c0869997@group-EC4211DF0353, cid=2451, SUCCESS, logIndex=0, commits[9a4a4c23-9ff3-4ce3-a619-2c71c0869997:c3627, 9b0072ab-15b3-4973-9bcb-7fa02f6bfea9:c3625, 9f215ef2-7d46-4cda-b695-cae1b893f75f:c3625]
2019-08-20 16:04:07,910 | INFO  | SCMAudit | user=jenkins1000 | ip=192.168.69.96 | op=ALLOCATE_BLOCK {owner=ea4851f9-218c-4af7-91b4-edb777a4888c, size=4194304, type=RATIS, factor=THREE} | ret=SUCCESS |  
2019-08-20 16:04:07,913 | INFO  | OMAudit | user=jenkins1000 | ip=127.0.0.1 | op=ALLOCATE_BLOCK {volume=vol-0-94146, bucket=bucket-0-90789, key=key-0-25609, dataSize=0, replicationType=null, replicationFactor=null, keyLocationInfo=null, clientID=102650152704082322} | ret=SUCCESS |  
2019-08-20 16:04:07,919 | INFO  | DNAudit | user=null | ip=null | op=WRITE_CHUNK {blockData=conID: 3 locID: 102650154051830349 bcsId: 0} | ret=SUCCESS |  
2019-08-20 16:04:07,920 | INFO  | DNAudit | user=null | ip=null | op=WRITE_CHUNK {blockData=conID: 3 locID: 102650154051830349 bcsId: 0} | ret=SUCCESS |  
2019-08-20 16:04:07,921 | INFO  | DNAudit | user=null | ip=null | op=WRITE_CHUNK {blockData=conID: 3 locID: 102650154051830349 bcsId: 0} | ret=SUCCESS |  
2019-08-20 16:04:07,922 | INFO  | DNAudit | user=null | ip=null | op=WRITE_CHUNK {blockData=conID: 3 locID: 102650154051830349 bcsId: 0} | ret=SUCCESS |  
2019-08-20 16:04:07,922 | INFO  | DNAudit | user=null | ip=null | op=WRITE_CHUNK {blockData=conID: 3 locID: 102650154051830349 bcsId: 0} | ret=SUCCESS |  
2019-08-20 16:04:07,923 | INFO  | DNAudit | user=null | ip=null | op=WRITE_CHUNK {blockData=conID: 3 locID: 102650154051830349 bcsId: 0} | ret=SUCCESS |  
2019-08-20 16:04:07,924 | INFO  | DNAudit | user=null | ip=null | op=WRITE_CHUNK {blockData=conID: 3 locID: 102650154051830349 bcsId: 0} | ret=SUCCESS |  
2019-08-20 16:04:07,924 | INFO  | DNAudit | user=null | ip=null | op=PUT_BLOCK {blockData=[blockId=conID: 3 locID: 102650154051830349 bcsId: 0,size=1048576]} | ret=SUCCESS |  
2019-08-20 16:04:07,924 [grpc-default-executor-3] INFO  client.GrpcClientProtocolClient (GrpcClientProtocolClient.java:onNext(255)) - client-EAA342753240->9a4a4c23-9ff3-4ce3-a619-2c71c0869997: receive RaftClientReply:client-EAA342753240->9a4a4c23-9ff3-4ce3-a619-2c71c0869997@group-EC4211DF0353, cid=2452, SUCCESS, logIndex=3628, commits[9a4a4c23-9ff3-4ce3-a619-2c71c0869997:c3631, 9b0072ab-15b3-4973-9bcb-7fa02f6bfea9:c3625, 9f215ef2-7d46-4cda-b695-cae1b893f75f:c3627]
2019-08-20 16:04:07,925 | INFO  | DNAudit | user=null | ip=null | op=WRITE_CHUNK {blockData=conID: 3 locID: 102650154051830349 bcsId: 0} | ret=SUCCESS |  
2019-08-20 16:04:07,925 [grpc-default-executor-3] INFO  client.GrpcClientProtocolClient (GrpcClientProtocolClient.java:onNext(255)) - client-EAA342753240->9a4a4c23-9ff3-4ce3-a619-2c71c0869997: receive RaftClientReply:client-EAA342753240->9a4a4c23-9ff3-4ce3-a619-2c71c0869997@group-EC4211DF0353, cid=2453, SUCCESS, logIndex=3629, commits[9a4a4c23-9ff3-4ce3-a619-2c71c0869997:c3631, 9b0072ab-15b3-4973-9bcb-7fa02f6bfea9:c3627, 9f215ef2-7d46-4cda-b695-cae1b893f75f:c3627]
2019-08-20 16:04:07,925 | INFO  | DNAudit | user=null | ip=null | op=PUT_BLOCK {blockData=[blockId=conID: 3 locID: 102650154051830349 bcsId: 0,size=2097152]} | ret=SUCCESS |  
2019-08-20 16:04:07,925 [grpc-default-executor-3] INFO  client.GrpcClientProtocolClient (GrpcClientProtocolClient.java:onNext(255)) - client-EAA342753240->9a4a4c23-9ff3-4ce3-a619-2c71c0869997: receive RaftClientReply:client-EAA342753240->9a4a4c23-9ff3-4ce3-a619-2c71c0869997@group-EC4211DF0353, cid=2454, SUCCESS, logIndex=3630, commits[9a4a4c23-9ff3-4ce3-a619-2c71c0869997:c3631, 9b0072ab-15b3-4973-9bcb-7fa02f6bfea9:c3627, 9f215ef2-7d46-4cda-b695-cae1b893f75f:c3627]
2019-08-20 16:04:07,925 [grpc-default-executor-3] INFO  client.GrpcClientProtocolClient (GrpcClientProtocolClient.java:onNext(255)) - client-EAA342753240->9a4a4c23-9ff3-4ce3-a619-2c71c0869997: receive RaftClientReply:client-EAA342753240->9a4a4c23-9ff3-4ce3-a619-2c71c0869997@group-EC4211DF0353, cid=2455, SUCCESS, logIndex=3631, commits[9a4a4c23-9ff3-4ce3-a619-2c71c0869997:c3631, 9b0072ab-15b3-4973-9bcb-7fa02f6bfea9:c3627, 9f215ef2-7d46-4cda-b695-cae1b893f75f:c3627]
2019-08-20 16:04:07,926 | INFO  | DNAudit | user=null | ip=null | op=WRITE_CHUNK {blockData=conID: 3 locID: 102650154051830349 bcsId: 0} | ret=SUCCESS |  
2019-08-20 16:04:07,927 | INFO  | DNAudit | user=null | ip=null | op=WRITE_CHUNK {blockData=conID: 3 locID: 102650154051830349 bcsId: 0} | ret=SUCCESS |  
2019-08-20 16:04:07,927 | INFO  | DNAudit | user=null | ip=null | op=PUT_BLOCK {blockData=[blockId=conID: 3 locID: 102650154051830349 bcsId: 0,size=1048576]} | ret=SUCCESS |  
2019-08-20 16:04:07,927 | INFO  | DNAudit | user=null | ip=null | op=PUT_BLOCK {blockData=[blockId=conID: 3 locID: 102650154051830349 bcsId: 0,size=1048576]} | ret=SUCCESS |  
2019-08-20 16:04:07,927 [grpc-default-executor-3] INFO  client.GrpcClientProtocolClient (GrpcClientProtocolClient.java:onNext(255)) - client-EAA342753240->9a4a4c23-9ff3-4ce3-a619-2c71c0869997: receive RaftClientReply:client-EAA342753240->9a4a4c23-9ff3-4ce3-a619-2c71c0869997@group-EC4211DF0353, cid=2456, SUCCESS, logIndex=0, commits[9a4a4c23-9ff3-4ce3-a619-2c71c0869997:c3632, 9b0072ab-15b3-4973-9bcb-7fa02f6bfea9:c3629, 9f215ef2-7d46-4cda-b695-cae1b893f75f:c3629]
2019-08-20 16:04:07,928 | INFO  | DNAudit | user=null | ip=null | op=WRITE_CHUNK {blockData=conID: 3 locID: 102650154051830349 bcsId: 0} | ret=SUCCESS |  
2019-08-20 16:04:07,929 | INFO  | DNAudit | user=null | ip=null | op=WRITE_CHUNK {blockData=conID: 3 locID: 102650154051830349 bcsId: 0} | ret=SUCCESS |  
2019-08-20 16:04:07,929 | INFO  | DNAudit | user=null | ip=null | op=PUT_BLOCK {blockData=[blockId=conID: 3 locID: 102650154051830349 bcsId: 0,size=2097152]} | ret=SUCCESS |  
2019-08-20 16:04:07,929 | INFO  | DNAudit | user=null | ip=null | op=PUT_BLOCK {blockData=[blockId=conID: 3 locID: 102650154051830349 bcsId: 0,size=2097152]} | ret=SUCCESS |  
2019-08-20 16:04:07,933 | INFO  | DNAudit | user=null | ip=null | op=WRITE_CHUNK {blockData=conID: 3 locID: 102650154051830349 bcsId: 3631} | ret=SUCCESS |  
2019-08-20 16:04:07,935 | INFO  | DNAudit | user=null | ip=null | op=WRITE_CHUNK {blockData=conID: 3 locID: 102650154051830349 bcsId: 3631} | ret=SUCCESS |  
2019-08-20 16:04:07,937 | INFO  | DNAudit | user=null | ip=null | op=WRITE_CHUNK {blockData=conID: 3 locID: 102650154051830349 bcsId: 3631} | ret=SUCCESS |  
2019-08-20 16:04:07,955 | INFO  | DNAudit | user=null | ip=null | op=WRITE_CHUNK {blockData=conID: 3 locID: 102650154051830349 bcsId: 3631} | ret=SUCCESS |  
2019-08-20 16:04:07,956 | INFO  | DNAudit | user=null | ip=null | op=PUT_BLOCK {blockData=[blockId=conID: 3 locID: 102650154051830349 bcsId: 0,size=3145728]} | ret=SUCCESS |  
2019-08-20 16:04:07,956 [grpc-default-executor-5] INFO  client.GrpcClientProtocolClient (GrpcClientProtocolClient.java:onNext(255)) - client-EAA342753240->9a4a4c23-9ff3-4ce3-a619-2c71c0869997: receive RaftClientReply:client-EAA342753240->9a4a4c23-9ff3-4ce3-a619-2c71c0869997@group-EC4211DF0353, cid=2457, SUCCESS, logIndex=3636, commits[9a4a4c23-9ff3-4ce3-a619-2c71c0869997:c3637, 9b0072ab-15b3-4973-9bcb-7fa02f6bfea9:c3635, 9f215ef2-7d46-4cda-b695-cae1b893f75f:c3635]
2019-08-20 16:04:07,957 [grpc-default-executor-5] INFO  client.GrpcClientProtocolClient (GrpcClientProtocolClient.java:onNext(255)) - client-EAA342753240->9a4a4c23-9ff3-4ce3-a619-2c71c0869997: receive RaftClientReply:client-EAA342753240->9a4a4c23-9ff3-4ce3-a619-2c71c0869997@group-EC4211DF0353, cid=2458, SUCCESS, logIndex=3637, commits[9a4a4c23-9ff3-4ce3-a619-2c71c0869997:c3637, 9b0072ab-15b3-4973-9bcb-7fa02f6bfea9:c3635, 9f215ef2-7d46-4cda-b695-cae1b893f75f:c3635]
2019-08-20 16:04:07,963 | INFO  | DNAudit | user=null | ip=null | op=WRITE_CHUNK {blockData=conID: 3 locID: 102650154051830349 bcsId: 3637} | ret=SUCCESS |  
2019-08-20 16:04:07,965 | INFO  | DNAudit | user=null | ip=null | op=WRITE_CHUNK {blockData=conID: 3 locID: 102650154051830349 bcsId: 3637} | ret=SUCCESS |  
2019-08-20 16:04:07,966 | INFO  | DNAudit | user=null | ip=null | op=WRITE_CHUNK {blockData=conID: 3 locID: 102650154051830349 bcsId: 3637} | ret=SUCCESS |  
2019-08-20 16:04:07,967 | INFO  | DNAudit | user=null | ip=null | op=WRITE_CHUNK {blockData=conID: 3 locID: 102650154051830349 bcsId: 3631} | ret=SUCCESS |  
2019-08-20 16:04:07,967 | INFO  | DNAudit | user=null | ip=null | op=WRITE_CHUNK {blockData=conID: 3 locID: 102650154051830349 bcsId: 3631} | ret=SUCCESS |  
2019-08-20 16:04:07,967 | INFO  | DNAudit | user=null | ip=null | op=PUT_BLOCK {blockData=[blockId=conID: 3 locID: 102650154051830349 bcsId: 0,size=3145728]} | ret=SUCCESS |  
2019-08-20 16:04:07,967 | INFO  | DNAudit | user=null | ip=null | op=PUT_BLOCK {blockData=[blockId=conID: 3 locID: 102650154051830349 bcsId: 0,size=3145728]} | ret=SUCCESS |  
2019-08-20 16:04:07,969 | INFO  | DNAudit | user=null | ip=null | op=WRITE_CHUNK {blockData=conID: 3 locID: 102650154051830349 bcsId: 3637} | ret=SUCCESS |  
2019-08-20 16:04:07,970 | INFO  | DNAudit | user=null | ip=null | op=PUT_BLOCK {blockData=[blockId=conID: 3 locID: 102650154051830349 bcsId: 0,size=4194304]} | ret=SUCCESS |  
2019-08-20 16:04:07,970 [grpc-default-executor-3] INFO  client.GrpcClientProtocolClient (GrpcClientProtocolClient.java:onNext(255)) - client-EAA342753240->9a4a4c23-9ff3-4ce3-a619-2c71c0869997: receive RaftClientReply:client-EAA342753240->9a4a4c23-9ff3-4ce3-a619-2c71c0869997@group-EC4211DF0353, cid=2459, SUCCESS, logIndex=3639, commits[9a4a4c23-9ff3-4ce3-a619-2c71c0869997:c3640, 9b0072ab-15b3-4973-9bcb-7fa02f6bfea9:c3637, 9f215ef2-7d46-4cda-b695-cae1b893f75f:c3637]
2019-08-20 16:04:07,970 [grpc-default-executor-3] INFO  client.GrpcClientProtocolClient (GrpcClientProtocolClient.java:onNext(255)) - client-EAA342753240->9a4a4c23-9ff3-4ce3-a619-2c71c0869997: receive RaftClientReply:client-EAA342753240->9a4a4c23-9ff3-4ce3-a619-2c71c0869997@group-EC4211DF0353, cid=2460, SUCCESS, logIndex=3640, commits[9a4a4c23-9ff3-4ce3-a619-2c71c0869997:c3640, 9b0072ab-15b3-4973-9bcb-7fa02f6bfea9:c3637, 9f215ef2-7d46-4cda-b695-cae1b893f75f:c3637]
2019-08-20 16:04:07,981 | INFO  | DNAudit | user=null | ip=null | op=WRITE_CHUNK {blockData=conID: 3 locID: 102650154051830349 bcsId: 3637} | ret=SUCCESS |  
2019-08-20 16:04:07,981 | INFO  | DNAudit | user=null | ip=null | op=WRITE_CHUNK {blockData=conID: 3 locID: 102650154051830349 bcsId: 3637} | ret=SUCCESS |  
2019-08-20 16:04:07,981 | INFO  | DNAudit | user=null | ip=null | op=PUT_BLOCK {blockData=[blockId=conID: 3 locID: 102650154051830349 bcsId: 0,size=4194304]} | ret=SUCCESS |  
2019-08-20 16:04:07,981 | INFO  | DNAudit | user=null | ip=null | op=PUT_BLOCK {blockData=[blockId=conID: 3 locID: 102650154051830349 bcsId: 0,size=4194304]} | ret=SUCCESS |  
2019-08-20 16:04:07,982 [grpc-default-executor-3] INFO  client.GrpcClientProtocolClient (GrpcClientProtocolClient.java:onNext(255)) - client-EAA342753240->9a4a4c23-9ff3-4ce3-a619-2c71c0869997: receive RaftClientReply:client-EAA342753240->9a4a4c23-9ff3-4ce3-a619-2c71c0869997@group-EC4211DF0353, cid=2461, SUCCESS, logIndex=0, commits[9a4a4c23-9ff3-4ce3-a619-2c71c0869997:c3641, 9b0072ab-15b3-4973-9bcb-7fa02f6bfea9:c3640, 9f215ef2-7d46-4cda-b695-cae1b893f75f:c3640]
2019-08-20 16:04:07,987 | INFO  | SCMAudit | user=jenkins1000 | ip=192.168.69.96 | op=ALLOCATE_BLOCK {owner=ea4851f9-218c-4af7-91b4-edb777a4888c, size=4194304, type=RATIS, factor=THREE} | ret=SUCCESS |  
2019-08-20 16:04:07,990 | INFO  | OMAudit | user=jenkins1000 | ip=127.0.0.1 | op=ALLOCATE_BLOCK {volume=vol-0-94146, bucket=bucket-0-90789, key=key-0-25609, dataSize=0, replicationType=null, replicationFactor=null, keyLocationInfo=null, clientID=102650152704082322} | ret=SUCCESS |  
2019-08-20 16:04:07,997 | INFO  | DNAudit | user=null | ip=null | op=WRITE_CHUNK {blockData=conID: 1 locID: 102650154056876622 bcsId: 0} | ret=SUCCESS |  
2019-08-20 16:04:07,999 | INFO  | DNAudit | user=null | ip=null | op=WRITE_CHUNK {blockData=conID: 1 locID: 102650154056876622 bcsId: 0} | ret=SUCCESS |  
2019-08-20 16:04:07,999 | INFO  | DNAudit | user=null | ip=null | op=WRITE_CHUNK {blockData=conID: 1 locID: 102650154056876622 bcsId: 0} | ret=SUCCESS |  
2019-08-20 16:04:07,999 | INFO  | DNAudit | user=null | ip=null | op=WRITE_CHUNK {blockData=conID: 1 locID: 102650154056876622 bcsId: 0} | ret=SUCCESS |  
2019-08-20 16:04:08,001 | INFO  | DNAudit | user=null | ip=null | op=WRITE_CHUNK {blockData=conID: 1 locID: 102650154056876622 bcsId: 0} | ret=SUCCESS |  
2019-08-20 16:04:08,001 | INFO  | DNAudit | user=null | ip=null | op=WRITE_CHUNK {blockData=conID: 1 locID: 102650154056876622 bcsId: 0} | ret=SUCCESS |  
2019-08-20 16:04:08,011 | INFO  | DNAudit | user=null | ip=null | op=WRITE_CHUNK {blockData=conID: 1 locID: 102650154056876622 bcsId: 0} | ret=SUCCESS |  
2019-08-20 16:04:08,011 | INFO  | DNAudit | user=null | ip=null | op=PUT_BLOCK {blockData=[blockId=conID: 1 locID: 102650154056876622 bcsId: 0,size=1048576]} | ret=SUCCESS |  
2019-08-20 16:04:08,012 [grpc-default-executor-5] INFO  client.GrpcClientProtocolClient (GrpcClientProtocolClient.java:onNext(255)) - client-EAA342753240->9a4a4c23-9ff3-4ce3-a619-2c71c0869997: receive RaftClientReply:client-EAA342753240->9a4a4c23-9ff3-4ce3-a619-2c71c0869997@group-EC4211DF0353, cid=2462, SUCCESS, logIndex=3643, commits[9a4a4c23-9ff3-4ce3-a619-2c71c0869997:c3644, 9b0072ab-15b3-4973-9bcb-7fa02f6bfea9:c3642, 9f215ef2-7d46-4cda-b695-cae1b893f75f:c3642]
2019-08-20 16:04:08,012 [grpc-default-executor-5] INFO  client.GrpcClientProtocolClient (GrpcClientProtocolClient.java:onNext(255)) - client-EAA342753240->9a4a4c23-9ff3-4ce3-a619-2c71c0869997: receive RaftClientReply:client-EAA342753240->9a4a4c23-9ff3-4ce3-a619-2c71c0869997@group-EC4211DF0353, cid=2463, SUCCESS, logIndex=3644, commits[9a4a4c23-9ff3-4ce3-a619-2c71c0869997:c3644, 9b0072ab-15b3-4973-9bcb-7fa02f6bfea9:c3642, 9f215ef2-7d46-4cda-b695-cae1b893f75f:c3642]
2019-08-20 16:04:08,021 | INFO  | DNAudit | user=null | ip=null | op=WRITE_CHUNK {blockData=conID: 1 locID: 102650154056876622 bcsId: 0} | ret=SUCCESS |  
2019-08-20 16:04:08,021 | INFO  | DNAudit | user=null | ip=null | op=PUT_BLOCK {blockData=[blockId=conID: 1 locID: 102650154056876622 bcsId: 0,size=2097152]} | ret=SUCCESS |  
2019-08-20 16:04:08,022 [grpc-default-executor-5] INFO  client.GrpcClientProtocolClient (GrpcClientProtocolClient.java:onNext(255)) - client-EAA342753240->9a4a4c23-9ff3-4ce3-a619-2c71c0869997: receive RaftClientReply:client-EAA342753240->9a4a4c23-9ff3-4ce3-a619-2c71c0869997@group-EC4211DF0353, cid=2464, SUCCESS, logIndex=3645, commits[9a4a4c23-9ff3-4ce3-a619-2c71c0869997:c3646, 9b0072ab-15b3-4973-9bcb-7fa02f6bfea9:c3642, 9f215ef2-7d46-4cda-b695-cae1b893f75f:c3642]
2019-08-20 16:04:08,022 | INFO  | DNAudit | user=null | ip=null | op=WRITE_CHUNK {blockData=conID: 1 locID: 102650154056876622 bcsId: 0} | ret=SUCCESS |  
2019-08-20 16:04:08,022 [grpc-default-executor-5] INFO  client.GrpcClientProtocolClient (GrpcClientProtocolClient.java:onNext(255)) - client-EAA342753240->9a4a4c23-9ff3-4ce3-a619-2c71c0869997: receive RaftClientReply:client-EAA342753240->9a4a4c23-9ff3-4ce3-a619-2c71c0869997@group-EC4211DF0353, cid=2465, SUCCESS, logIndex=3646, commits[9a4a4c23-9ff3-4ce3-a619-2c71c0869997:c3646, 9b0072ab-15b3-4973-9bcb-7fa02f6bfea9:c3642, 9f215ef2-7d46-4cda-b695-cae1b893f75f:c3642]
2019-08-20 16:04:08,023 | INFO  | DNAudit | user=null | ip=null | op=WRITE_CHUNK {blockData=conID: 1 locID: 102650154056876622 bcsId: 0} | ret=SUCCESS |  
2019-08-20 16:04:08,023 | INFO  | DNAudit | user=null | ip=null | op=PUT_BLOCK {blockData=[blockId=conID: 1 locID: 102650154056876622 bcsId: 0,size=1048576]} | ret=SUCCESS |  
2019-08-20 16:04:08,023 | INFO  | DNAudit | user=null | ip=null | op=PUT_BLOCK {blockData=[blockId=conID: 1 locID: 102650154056876622 bcsId: 0,size=1048576]} | ret=SUCCESS |  
2019-08-20 16:04:08,023 | INFO  | DNAudit | user=null | ip=null | op=WRITE_CHUNK {blockData=conID: 1 locID: 102650154056876622 bcsId: 0} | ret=SUCCESS |  
2019-08-20 16:04:08,024 | INFO  | DNAudit | user=null | ip=null | op=PUT_BLOCK {blockData=[blockId=conID: 1 locID: 102650154056876622 bcsId: 0,size=2097152]} | ret=SUCCESS |  
2019-08-20 16:04:08,024 | INFO  | DNAudit | user=null | ip=null | op=WRITE_CHUNK {blockData=conID: 1 locID: 102650154056876622 bcsId: 0} | ret=SUCCESS |  
2019-08-20 16:04:08,024 | INFO  | DNAudit | user=null | ip=null | op=PUT_BLOCK {blockData=[blockId=conID: 1 locID: 102650154056876622 bcsId: 0,size=2097152]} | ret=SUCCESS |  
2019-08-20 16:04:08,024 [grpc-default-executor-1] INFO  client.GrpcClientProtocolClient (GrpcClientProtocolClient.java:onNext(255)) - client-EAA342753240->9a4a4c23-9ff3-4ce3-a619-2c71c0869997: receive RaftClientReply:client-EAA342753240->9a4a4c23-9ff3-4ce3-a619-2c71c0869997@group-EC4211DF0353, cid=2466, SUCCESS, logIndex=0, commits[9a4a4c23-9ff3-4ce3-a619-2c71c0869997:c3648, 9b0072ab-15b3-4973-9bcb-7fa02f6bfea9:c3644, 9f215ef2-7d46-4cda-b695-cae1b893f75f:c3644]
2019-08-20 16:04:08,030 | INFO  | DNAudit | user=null | ip=null | op=WRITE_CHUNK {blockData=conID: 1 locID: 102650154056876622 bcsId: 3646} | ret=SUCCESS |  
2019-08-20 16:04:08,032 | INFO  | DNAudit | user=null | ip=null | op=WRITE_CHUNK {blockData=conID: 1 locID: 102650154056876622 bcsId: 3646} | ret=SUCCESS |  
2019-08-20 16:04:08,032 | INFO  | DNAudit | user=null | ip=null | op=WRITE_CHUNK {blockData=conID: 1 locID: 102650154056876622 bcsId: 3646} | ret=SUCCESS |  
2019-08-20 16:04:08,042 | INFO  | DNAudit | user=null | ip=null | op=WRITE_CHUNK {blockData=conID: 1 locID: 102650154056876622 bcsId: 3646} | ret=SUCCESS |  
2019-08-20 16:04:08,042 | INFO  | DNAudit | user=null | ip=null | op=PUT_BLOCK {blockData=[blockId=conID: 1 locID: 102650154056876622 bcsId: 0,size=3145728]} | ret=SUCCESS |  
2019-08-20 16:04:08,042 [grpc-default-executor-1] INFO  client.GrpcClientProtocolClient (GrpcClientProtocolClient.java:onNext(255)) - client-EAA342753240->9a4a4c23-9ff3-4ce3-a619-2c71c0869997: receive RaftClientReply:client-EAA342753240->9a4a4c23-9ff3-4ce3-a619-2c71c0869997@group-EC4211DF0353, cid=2467, SUCCESS, logIndex=3650, commits[9a4a4c23-9ff3-4ce3-a619-2c71c0869997:c3651, 9b0072ab-15b3-4973-9bcb-7fa02f6bfea9:c3649, 9f215ef2-7d46-4cda-b695-cae1b893f75f:c3649]
2019-08-20 16:04:08,043 [grpc-default-executor-1] INFO  client.GrpcClientProtocolClient (GrpcClientProtocolClient.java:onNext(255)) - client-EAA342753240->9a4a4c23-9ff3-4ce3-a619-2c71c0869997: receive RaftClientReply:client-EAA342753240->9a4a4c23-9ff3-4ce3-a619-2c71c0869997@group-EC4211DF0353, cid=2468, SUCCESS, logIndex=3651, commits[9a4a4c23-9ff3-4ce3-a619-2c71c0869997:c3651, 9b0072ab-15b3-4973-9bcb-7fa02f6bfea9:c3649, 9f215ef2-7d46-4cda-b695-cae1b893f75f:c3649]
2019-08-20 16:04:08,049 | INFO  | DNAudit | user=null | ip=null | op=WRITE_CHUNK {blockData=conID: 1 locID: 102650154056876622 bcsId: 3651} | ret=SUCCESS |  
2019-08-20 16:04:08,051 | INFO  | DNAudit | user=null | ip=null | op=WRITE_CHUNK {blockData=conID: 1 locID: 102650154056876622 bcsId: 3651} | ret=SUCCESS |  
2019-08-20 16:04:08,051 | INFO  | DNAudit | user=null | ip=null | op=WRITE_CHUNK {blockData=conID: 1 locID: 102650154056876622 bcsId: 3651} | ret=SUCCESS |  
2019-08-20 16:04:08,153 | INFO  | DNAudit | user=null | ip=null | op=WRITE_CHUNK {blockData=conID: 1 locID: 102650154056876622 bcsId: 3646} | ret=SUCCESS |  
2019-08-20 16:04:08,154 | INFO  | DNAudit | user=null | ip=null | op=WRITE_CHUNK {blockData=conID: 1 locID: 102650154056876622 bcsId: 3646} | ret=SUCCESS |  
2019-08-20 16:04:08,155 | INFO  | DNAudit | user=null | ip=null | op=PUT_BLOCK {blockData=[blockId=conID: 1 locID: 102650154056876622 bcsId: 0,size=3145728]} | ret=SUCCESS |  
2019-08-20 16:04:08,155 | INFO  | DNAudit | user=null | ip=null | op=PUT_BLOCK {blockData=[blockId=conID: 1 locID: 102650154056876622 bcsId: 0,size=3145728]} | ret=SUCCESS |  
2019-08-20 16:04:08,158 | INFO  | DNAudit | user=null | ip=null | op=WRITE_CHUNK {blockData=conID: 1 locID: 102650154056876622 bcsId: 3651} | ret=SUCCESS |  
2019-08-20 16:04:08,158 | INFO  | DNAudit | user=null | ip=null | op=PUT_BLOCK {blockData=[blockId=conID: 1 locID: 102650154056876622 bcsId: 0,size=4194304]} | ret=SUCCESS |  
2019-08-20 16:04:08,159 [grpc-default-executor-1] INFO  client.GrpcClientProtocolClient (GrpcClientProtocolClient.java:onNext(255)) - client-EAA342753240->9a4a4c23-9ff3-4ce3-a619-2c71c0869997: receive RaftClientReply:client-EAA342753240->9a4a4c23-9ff3-4ce3-a619-2c71c0869997@group-EC4211DF0353, cid=2469, SUCCESS, logIndex=3654, commits[9a4a4c23-9ff3-4ce3-a619-2c71c0869997:c3655, 9b0072ab-15b3-4973-9bcb-7fa02f6bfea9:c3651, 9f215ef2-7d46-4cda-b695-cae1b893f75f:c3651]
2019-08-20 16:04:08,159 [grpc-default-executor-1] INFO  client.GrpcClientProtocolClient (GrpcClientProtocolClient.java:onNext(255)) - client-EAA342753240->9a4a4c23-9ff3-4ce3-a619-2c71c0869997: receive RaftClientReply:client-EAA342753240->9a4a4c23-9ff3-4ce3-a619-2c71c0869997@group-EC4211DF0353, cid=2470, SUCCESS, logIndex=3655, commits[9a4a4c23-9ff3-4ce3-a619-2c71c0869997:c3655, 9b0072ab-15b3-4973-9bcb-7fa02f6bfea9:c3651, 9f215ef2-7d46-4cda-b695-cae1b893f75f:c3651]
2019-08-20 16:04:08,166 | INFO  | DNAudit | user=null | ip=null | op=WRITE_CHUNK {blockData=conID: 1 locID: 102650154056876622 bcsId: 3651} | ret=SUCCESS |  
2019-08-20 16:04:08,167 | INFO  | DNAudit | user=null | ip=null | op=WRITE_CHUNK {blockData=conID: 1 locID: 102650154056876622 bcsId: 3651} | ret=SUCCESS |  
2019-08-20 16:04:08,167 | INFO  | DNAudit | user=null | ip=null | op=PUT_BLOCK {blockData=[blockId=conID: 1 locID: 102650154056876622 bcsId: 0,size=4194304]} | ret=SUCCESS |  
2019-08-20 16:04:08,167 | INFO  | DNAudit | user=null | ip=null | op=PUT_BLOCK {blockData=[blockId=conID: 1 locID: 102650154056876622 bcsId: 0,size=4194304]} | ret=SUCCESS |  
2019-08-20 16:04:08,170 [grpc-default-executor-1] INFO  client.GrpcClientProtocolClient (GrpcClientProtocolClient.java:onNext(255)) - client-EAA342753240->9a4a4c23-9ff3-4ce3-a619-2c71c0869997: receive RaftClientReply:client-EAA342753240->9a4a4c23-9ff3-4ce3-a619-2c71c0869997@group-EC4211DF0353, cid=2471, SUCCESS, logIndex=0, commits[9a4a4c23-9ff3-4ce3-a619-2c71c0869997:c3656, 9b0072ab-15b3-4973-9bcb-7fa02f6bfea9:c3655, 9f215ef2-7d46-4cda-b695-cae1b893f75f:c3655]
2019-08-20 16:04:08,176 | INFO  | SCMAudit | user=jenkins1000 | ip=192.168.69.96 | op=ALLOCATE_BLOCK {owner=ea4851f9-218c-4af7-91b4-edb777a4888c, size=4194304, type=RATIS, factor=THREE} | ret=SUCCESS |  
2019-08-20 16:04:08,180 | INFO  | OMAudit | user=jenkins1000 | ip=127.0.0.1 | op=ALLOCATE_BLOCK {volume=vol-0-94146, bucket=bucket-0-90789, key=key-0-25609, dataSize=0, replicationType=null, replicationFactor=null, keyLocationInfo=null, clientID=102650152704082322} | ret=SUCCESS |  
2019-08-20 16:04:08,187 | INFO  | DNAudit | user=null | ip=null | op=WRITE_CHUNK {blockData=conID: 2 locID: 102650154069262927 bcsId: 0} | ret=SUCCESS |  
2019-08-20 16:04:08,189 | INFO  | DNAudit | user=null | ip=null | op=WRITE_CHUNK {blockData=conID: 2 locID: 102650154069262927 bcsId: 0} | ret=SUCCESS |  
2019-08-20 16:04:08,190 | INFO  | DNAudit | user=null | ip=null | op=WRITE_CHUNK {blockData=conID: 2 locID: 102650154069262927 bcsId: 0} | ret=SUCCESS |  
2019-08-20 16:04:08,192 | INFO  | DNAudit | user=null | ip=null | op=WRITE_CHUNK {blockData=conID: 2 locID: 102650154069262927 bcsId: 0} | ret=SUCCESS |  
2019-08-20 16:04:08,193 | INFO  | DNAudit | user=null | ip=null | op=WRITE_CHUNK {blockData=conID: 2 locID: 102650154069262927 bcsId: 0} | ret=SUCCESS |  
2019-08-20 16:04:08,193 | INFO  | DNAudit | user=null | ip=null | op=WRITE_CHUNK {blockData=conID: 2 locID: 102650154069262927 bcsId: 0} | ret=SUCCESS |  
2019-08-20 16:04:08,201 | INFO  | DNAudit | user=null | ip=null | op=WRITE_CHUNK {blockData=conID: 2 locID: 102650154069262927 bcsId: 0} | ret=SUCCESS |  
2019-08-20 16:04:08,201 | INFO  | DNAudit | user=null | ip=null | op=PUT_BLOCK {blockData=[blockId=conID: 2 locID: 102650154069262927 bcsId: 0,size=1048576]} | ret=SUCCESS |  
2019-08-20 16:04:08,202 [grpc-default-executor-3] INFO  client.GrpcClientProtocolClient (GrpcClientProtocolClient.java:onNext(255)) - client-EAA342753240->9a4a4c23-9ff3-4ce3-a619-2c71c0869997: receive RaftClientReply:client-EAA342753240->9a4a4c23-9ff3-4ce3-a619-2c71c0869997@group-EC4211DF0353, cid=2472, SUCCESS, logIndex=3658, commits[9a4a4c23-9ff3-4ce3-a619-2c71c0869997:c3659, 9b0072ab-15b3-4973-9bcb-7fa02f6bfea9:c3657, 9f215ef2-7d46-4cda-b695-cae1b893f75f:c3657]
2019-08-20 16:04:08,202 [grpc-default-executor-3] INFO  client.GrpcClientProtocolClient (GrpcClientProtocolClient.java:onNext(255)) - client-EAA342753240->9a4a4c23-9ff3-4ce3-a619-2c71c0869997: receive RaftClientReply:client-EAA342753240->9a4a4c23-9ff3-4ce3-a619-2c71c0869997@group-EC4211DF0353, cid=2473, SUCCESS, logIndex=3659, commits[9a4a4c23-9ff3-4ce3-a619-2c71c0869997:c3659, 9b0072ab-15b3-4973-9bcb-7fa02f6bfea9:c3657, 9f215ef2-7d46-4cda-b695-cae1b893f75f:c3657]
2019-08-20 16:04:08,212 | INFO  | DNAudit | user=null | ip=null | op=WRITE_CHUNK {blockData=conID: 2 locID: 102650154069262927 bcsId: 0} | ret=SUCCESS |  
2019-08-20 16:04:08,212 | INFO  | DNAudit | user=null | ip=null | op=PUT_BLOCK {blockData=[blockId=conID: 2 locID: 102650154069262927 bcsId: 0,size=2097152]} | ret=SUCCESS |  
2019-08-20 16:04:08,212 | INFO  | DNAudit | user=null | ip=null | op=WRITE_CHUNK {blockData=conID: 2 locID: 102650154069262927 bcsId: 0} | ret=SUCCESS |  
2019-08-20 16:04:08,212 [grpc-default-executor-3] INFO  client.GrpcClientProtocolClient (GrpcClientProtocolClient.java:onNext(255)) - client-EAA342753240->9a4a4c23-9ff3-4ce3-a619-2c71c0869997: receive RaftClientReply:client-EAA342753240->9a4a4c23-9ff3-4ce3-a619-2c71c0869997@group-EC4211DF0353, cid=2474, SUCCESS, logIndex=3660, commits[9a4a4c23-9ff3-4ce3-a619-2c71c0869997:c3661, 9b0072ab-15b3-4973-9bcb-7fa02f6bfea9:c3657, 9f215ef2-7d46-4cda-b695-cae1b893f75f:c3657]
2019-08-20 16:04:08,212 | INFO  | DNAudit | user=null | ip=null | op=WRITE_CHUNK {blockData=conID: 2 locID: 102650154069262927 bcsId: 0} | ret=SUCCESS |  
2019-08-20 16:04:08,212 | INFO  | DNAudit | user=null | ip=null | op=PUT_BLOCK {blockData=[blockId=conID: 2 locID: 102650154069262927 bcsId: 0,size=1048576]} | ret=SUCCESS |  
2019-08-20 16:04:08,212 | INFO  | DNAudit | user=null | ip=null | op=PUT_BLOCK {blockData=[blockId=conID: 2 locID: 102650154069262927 bcsId: 0,size=1048576]} | ret=SUCCESS |  
2019-08-20 16:04:08,212 [grpc-default-executor-3] INFO  client.GrpcClientProtocolClient (GrpcClientProtocolClient.java:onNext(255)) - client-EAA342753240->9a4a4c23-9ff3-4ce3-a619-2c71c0869997: receive RaftClientReply:client-EAA342753240->9a4a4c23-9ff3-4ce3-a619-2c71c0869997@group-EC4211DF0353, cid=2475, SUCCESS, logIndex=3661, commits[9a4a4c23-9ff3-4ce3-a619-2c71c0869997:c3661, 9b0072ab-15b3-4973-9bcb-7fa02f6bfea9:c3657, 9f215ef2-7d46-4cda-b695-cae1b893f75f:c3657]
2019-08-20 16:04:08,213 [grpc-default-executor-3] INFO  client.GrpcClientProtocolClient (GrpcClientProtocolClient.java:onNext(255)) - client-EAA342753240->9a4a4c23-9ff3-4ce3-a619-2c71c0869997: receive RaftClientReply:client-EAA342753240->9a4a4c23-9ff3-4ce3-a619-2c71c0869997@group-EC4211DF0353, cid=2476, SUCCESS, logIndex=0, commits[9a4a4c23-9ff3-4ce3-a619-2c71c0869997:c3662, 9b0072ab-15b3-4973-9bcb-7fa02f6bfea9:c3659, 9f215ef2-7d46-4cda-b695-cae1b893f75f:c3659]
2019-08-20 16:04:08,219 | INFO  | DNAudit | user=null | ip=null | op=WRITE_CHUNK {blockData=conID: 2 locID: 102650154069262927 bcsId: 3661} | ret=SUCCESS |  
2019-08-20 16:04:08,221 | INFO  | DNAudit | user=null | ip=null | op=WRITE_CHUNK {blockData=conID: 2 locID: 102650154069262927 bcsId: 3661} | ret=SUCCESS |  
2019-08-20 16:04:08,221 | INFO  | DNAudit | user=null | ip=null | op=WRITE_CHUNK {blockData=conID: 2 locID: 102650154069262927 bcsId: 3661} | ret=SUCCESS |  
2019-08-20 16:04:08,238 | INFO  | DNAudit | user=null | ip=null | op=WRITE_CHUNK {blockData=conID: 2 locID: 102650154069262927 bcsId: 0} | ret=SUCCESS |  
2019-08-20 16:04:08,238 | INFO  | DNAudit | user=null | ip=null | op=WRITE_CHUNK {blockData=conID: 2 locID: 102650154069262927 bcsId: 0} | ret=SUCCESS |  
2019-08-20 16:04:08,238 | INFO  | DNAudit | user=null | ip=null | op=PUT_BLOCK {blockData=[blockId=conID: 2 locID: 102650154069262927 bcsId: 0,size=2097152]} | ret=SUCCESS |  
2019-08-20 16:04:08,238 | INFO  | DNAudit | user=null | ip=null | op=WRITE_CHUNK {blockData=conID: 2 locID: 102650154069262927 bcsId: 3661} | ret=SUCCESS |  
2019-08-20 16:04:08,238 | INFO  | DNAudit | user=null | ip=null | op=PUT_BLOCK {blockData=[blockId=conID: 2 locID: 102650154069262927 bcsId: 0,size=2097152]} | ret=SUCCESS |  
2019-08-20 16:04:08,239 | INFO  | DNAudit | user=null | ip=null | op=PUT_BLOCK {blockData=[blockId=conID: 2 locID: 102650154069262927 bcsId: 0,size=3145728]} | ret=SUCCESS |  
2019-08-20 16:04:08,239 [grpc-default-executor-5] INFO  client.GrpcClientProtocolClient (GrpcClientProtocolClient.java:onNext(255)) - client-EAA342753240->9a4a4c23-9ff3-4ce3-a619-2c71c0869997: receive RaftClientReply:client-EAA342753240->9a4a4c23-9ff3-4ce3-a619-2c71c0869997@group-EC4211DF0353, cid=2477, SUCCESS, logIndex=3666, commits[9a4a4c23-9ff3-4ce3-a619-2c71c0869997:c3667, 9b0072ab-15b3-4973-9bcb-7fa02f6bfea9:c3665, 9f215ef2-7d46-4cda-b695-cae1b893f75f:c3665]
2019-08-20 16:04:08,239 [grpc-default-executor-5] INFO  client.GrpcClientProtocolClient (GrpcClientProtocolClient.java:onNext(255)) - client-EAA342753240->9a4a4c23-9ff3-4ce3-a619-2c71c0869997: receive RaftClientReply:client-EAA342753240->9a4a4c23-9ff3-4ce3-a619-2c71c0869997@group-EC4211DF0353, cid=2478, SUCCESS, logIndex=3667, commits[9a4a4c23-9ff3-4ce3-a619-2c71c0869997:c3667, 9b0072ab-15b3-4973-9bcb-7fa02f6bfea9:c3665, 9f215ef2-7d46-4cda-b695-cae1b893f75f:c3665]
2019-08-20 16:04:08,246 | INFO  | DNAudit | user=null | ip=null | op=WRITE_CHUNK {blockData=conID: 2 locID: 102650154069262927 bcsId: 3667} | ret=SUCCESS |  
2019-08-20 16:04:08,248 | INFO  | DNAudit | user=null | ip=null | op=WRITE_CHUNK {blockData=conID: 2 locID: 102650154069262927 bcsId: 3667} | ret=SUCCESS |  
2019-08-20 16:04:08,249 | INFO  | DNAudit | user=null | ip=null | op=WRITE_CHUNK {blockData=conID: 2 locID: 102650154069262927 bcsId: 3667} | ret=SUCCESS |  
2019-08-20 16:04:08,250 | INFO  | DNAudit | user=null | ip=null | op=WRITE_CHUNK {blockData=conID: 2 locID: 102650154069262927 bcsId: 3661} | ret=SUCCESS |  
2019-08-20 16:04:08,250 | INFO  | DNAudit | user=null | ip=null | op=WRITE_CHUNK {blockData=conID: 2 locID: 102650154069262927 bcsId: 3661} | ret=SUCCESS |  
2019-08-20 16:04:08,250 | INFO  | DNAudit | user=null | ip=null | op=PUT_BLOCK {blockData=[blockId=conID: 2 locID: 102650154069262927 bcsId: 0,size=3145728]} | ret=SUCCESS |  
2019-08-20 16:04:08,250 | INFO  | DNAudit | user=null | ip=null | op=PUT_BLOCK {blockData=[blockId=conID: 2 locID: 102650154069262927 bcsId: 0,size=3145728]} | ret=SUCCESS |  
2019-08-20 16:04:08,253 | INFO  | DNAudit | user=null | ip=null | op=WRITE_CHUNK {blockData=conID: 2 locID: 102650154069262927 bcsId: 3667} | ret=SUCCESS |  
2019-08-20 16:04:08,253 | INFO  | DNAudit | user=null | ip=null | op=PUT_BLOCK {blockData=[blockId=conID: 2 locID: 102650154069262927 bcsId: 0,size=4194304]} | ret=SUCCESS |  
2019-08-20 16:04:08,254 [grpc-default-executor-1] INFO  client.GrpcClientProtocolClient (GrpcClientProtocolClient.java:onNext(255)) - client-EAA342753240->9a4a4c23-9ff3-4ce3-a619-2c71c0869997: receive RaftClientReply:client-EAA342753240->9a4a4c23-9ff3-4ce3-a619-2c71c0869997@group-EC4211DF0353, cid=2479, SUCCESS, logIndex=3670, commits[9a4a4c23-9ff3-4ce3-a619-2c71c0869997:c3671, 9b0072ab-15b3-4973-9bcb-7fa02f6bfea9:c3667, 9f215ef2-7d46-4cda-b695-cae1b893f75f:c3667]
2019-08-20 16:04:08,254 [grpc-default-executor-1] INFO  client.GrpcClientProtocolClient (GrpcClientProtocolClient.java:onNext(255)) - client-EAA342753240->9a4a4c23-9ff3-4ce3-a619-2c71c0869997: receive RaftClientReply:client-EAA342753240->9a4a4c23-9ff3-4ce3-a619-2c71c0869997@group-EC4211DF0353, cid=2480, SUCCESS, logIndex=3671, commits[9a4a4c23-9ff3-4ce3-a619-2c71c0869997:c3671, 9b0072ab-15b3-4973-9bcb-7fa02f6bfea9:c3667, 9f215ef2-7d46-4cda-b695-cae1b893f75f:c3667]
2019-08-20 16:04:08,263 | INFO  | DNAudit | user=null | ip=null | op=WRITE_CHUNK {blockData=conID: 2 locID: 102650154069262927 bcsId: 3667} | ret=SUCCESS |  
2019-08-20 16:04:08,263 | INFO  | DNAudit | user=null | ip=null | op=WRITE_CHUNK {blockData=conID: 2 locID: 102650154069262927 bcsId: 3667} | ret=SUCCESS |  
2019-08-20 16:04:08,266 | INFO  | DNAudit | user=null | ip=null | op=PUT_BLOCK {blockData=[blockId=conID: 2 locID: 102650154069262927 bcsId: 0,size=4194304]} | ret=SUCCESS |  
2019-08-20 16:04:08,266 | INFO  | DNAudit | user=null | ip=null | op=PUT_BLOCK {blockData=[blockId=conID: 2 locID: 102650154069262927 bcsId: 0,size=4194304]} | ret=SUCCESS |  
2019-08-20 16:04:08,266 [grpc-default-executor-3] INFO  client.GrpcClientProtocolClient (GrpcClientProtocolClient.java:onNext(255)) - client-EAA342753240->9a4a4c23-9ff3-4ce3-a619-2c71c0869997: receive RaftClientReply:client-EAA342753240->9a4a4c23-9ff3-4ce3-a619-2c71c0869997@group-EC4211DF0353, cid=2481, SUCCESS, logIndex=0, commits[9a4a4c23-9ff3-4ce3-a619-2c71c0869997:c3672, 9b0072ab-15b3-4973-9bcb-7fa02f6bfea9:c3671, 9f215ef2-7d46-4cda-b695-cae1b893f75f:c3671]
2019-08-20 16:04:08,271 | INFO  | SCMAudit | user=jenkins1000 | ip=192.168.69.96 | op=ALLOCATE_BLOCK {owner=ea4851f9-218c-4af7-91b4-edb777a4888c, size=4194304, type=RATIS, factor=THREE} | ret=SUCCESS |  
2019-08-20 16:04:08,273 | INFO  | OMAudit | user=jenkins1000 | ip=127.0.0.1 | op=ALLOCATE_BLOCK {volume=vol-0-94146, bucket=bucket-0-90789, key=key-0-25609, dataSize=0, replicationType=null, replicationFactor=null, keyLocationInfo=null, clientID=102650152704082322} | ret=SUCCESS |  
2019-08-20 16:04:08,279 | INFO  | DNAudit | user=null | ip=null | op=WRITE_CHUNK {blockData=conID: 3 locID: 102650154075488848 bcsId: 0} | ret=SUCCESS |  
2019-08-20 16:04:08,279 | INFO  | DNAudit | user=null | ip=null | op=WRITE_CHUNK {blockData=conID: 3 locID: 102650154075488848 bcsId: 0} | ret=SUCCESS |  
2019-08-20 16:04:08,281 | INFO  | DNAudit | user=null | ip=null | op=WRITE_CHUNK {blockData=conID: 3 locID: 102650154075488848 bcsId: 0} | ret=SUCCESS |  
2019-08-20 16:04:08,281 | INFO  | DNAudit | user=null | ip=null | op=WRITE_CHUNK {blockData=conID: 3 locID: 102650154075488848 bcsId: 0} | ret=SUCCESS |  
2019-08-20 16:04:08,282 | INFO  | DNAudit | user=null | ip=null | op=WRITE_CHUNK {blockData=conID: 3 locID: 102650154075488848 bcsId: 0} | ret=SUCCESS |  
2019-08-20 16:04:08,282 | INFO  | DNAudit | user=null | ip=null | op=WRITE_CHUNK {blockData=conID: 3 locID: 102650154075488848 bcsId: 0} | ret=SUCCESS |  
2019-08-20 16:04:08,319 | INFO  | DNAudit | user=null | ip=null | op=WRITE_CHUNK {blockData=conID: 3 locID: 102650154075488848 bcsId: 0} | ret=SUCCESS |  
2019-08-20 16:04:08,319 | INFO  | DNAudit | user=null | ip=null | op=PUT_BLOCK {blockData=[blockId=conID: 3 locID: 102650154075488848 bcsId: 0,size=1048576]} | ret=SUCCESS |  
2019-08-20 16:04:08,320 | INFO  | DNAudit | user=null | ip=null | op=WRITE_CHUNK {blockData=conID: 3 locID: 102650154075488848 bcsId: 0} | ret=SUCCESS |  
2019-08-20 16:04:08,320 [grpc-default-executor-3] INFO  client.GrpcClientProtocolClient (GrpcClientProtocolClient.java:onNext(255)) - client-EAA342753240->9a4a4c23-9ff3-4ce3-a619-2c71c0869997: receive RaftClientReply:client-EAA342753240->9a4a4c23-9ff3-4ce3-a619-2c71c0869997@group-EC4211DF0353, cid=2482, SUCCESS, logIndex=3674, commits[9a4a4c23-9ff3-4ce3-a619-2c71c0869997:c3675, 9b0072ab-15b3-4973-9bcb-7fa02f6bfea9:c3673, 9f215ef2-7d46-4cda-b695-cae1b893f75f:c3673]
2019-08-20 16:04:08,320 | INFO  | DNAudit | user=null | ip=null | op=PUT_BLOCK {blockData=[blockId=conID: 3 locID: 102650154075488848 bcsId: 0,size=2097152]} | ret=SUCCESS |  
2019-08-20 16:04:08,320 [grpc-default-executor-3] INFO  client.GrpcClientProtocolClient (GrpcClientProtocolClient.java:onNext(255)) - client-EAA342753240->9a4a4c23-9ff3-4ce3-a619-2c71c0869997: receive RaftClientReply:client-EAA342753240->9a4a4c23-9ff3-4ce3-a619-2c71c0869997@group-EC4211DF0353, cid=2483, SUCCESS, logIndex=3675, commits[9a4a4c23-9ff3-4ce3-a619-2c71c0869997:c3677, 9b0072ab-15b3-4973-9bcb-7fa02f6bfea9:c3673, 9f215ef2-7d46-4cda-b695-cae1b893f75f:c3673]
2019-08-20 16:04:08,321 [grpc-default-executor-3] INFO  client.GrpcClientProtocolClient (GrpcClientProtocolClient.java:onNext(255)) - client-EAA342753240->9a4a4c23-9ff3-4ce3-a619-2c71c0869997: receive RaftClientReply:client-EAA342753240->9a4a4c23-9ff3-4ce3-a619-2c71c0869997@group-EC4211DF0353, cid=2484, SUCCESS, logIndex=3676, commits[9a4a4c23-9ff3-4ce3-a619-2c71c0869997:c3677, 9b0072ab-15b3-4973-9bcb-7fa02f6bfea9:c3673, 9f215ef2-7d46-4cda-b695-cae1b893f75f:c3673]
2019-08-20 16:04:08,321 [grpc-default-executor-3] INFO  client.GrpcClientProtocolClient (GrpcClientProtocolClient.java:onNext(255)) - client-EAA342753240->9a4a4c23-9ff3-4ce3-a619-2c71c0869997: receive RaftClientReply:client-EAA342753240->9a4a4c23-9ff3-4ce3-a619-2c71c0869997@group-EC4211DF0353, cid=2485, SUCCESS, logIndex=3677, commits[9a4a4c23-9ff3-4ce3-a619-2c71c0869997:c3677, 9b0072ab-15b3-4973-9bcb-7fa02f6bfea9:c3673, 9f215ef2-7d46-4cda-b695-cae1b893f75f:c3673]
2019-08-20 16:04:08,380 | INFO  | DNAudit | user=null | ip=null | op=WRITE_CHUNK {blockData=conID: 3 locID: 102650154075488848 bcsId: 0} | ret=SUCCESS |  
2019-08-20 16:04:08,382 | INFO  | DNAudit | user=null | ip=null | op=WRITE_CHUNK {blockData=conID: 3 locID: 102650154075488848 bcsId: 0} | ret=SUCCESS |  
2019-08-20 16:04:08,383 | INFO  | DNAudit | user=null | ip=null | op=PUT_BLOCK {blockData=[blockId=conID: 3 locID: 102650154075488848 bcsId: 0,size=1048576]} | ret=SUCCESS |  
2019-08-20 16:04:08,900 | INFO  | SCMAudit | user=jenkins1000 | ip=192.168.69.96 | op=SEND_HEARTBEAT {datanodeUUID=9b0072ab-15b3-4973-9bcb-7fa02f6bfea9, command=[]} | ret=SUCCESS |  
2019-08-20 16:04:08,901 | INFO  | SCMAudit | user=jenkins1000 | ip=192.168.69.96 | op=SEND_HEARTBEAT {datanodeUUID=f1afe498-2778-451e-a3e4-8199ec337a15, command=[]} | ret=SUCCESS |  
2019-08-20 16:04:08,901 | INFO  | SCMAudit | user=jenkins1000 | ip=192.168.69.96 | op=SEND_HEARTBEAT {datanodeUUID=9a4a4c23-9ff3-4ce3-a619-2c71c0869997, command=[]} | ret=SUCCESS |  
2019-08-20 16:04:08,902 | INFO  | SCMAudit | user=jenkins1000 | ip=192.168.69.96 | op=SEND_HEARTBEAT {datanodeUUID=9f215ef2-7d46-4cda-b695-cae1b893f75f, command=[]} | ret=SUCCESS |  
2019-08-20 16:04:08,902 | INFO  | SCMAudit | user=jenkins1000 | ip=192.168.69.96 | op=SEND_HEARTBEAT {datanodeUUID=69f203df-fb09-400b-ac11-cd7a56dd70a5, command=[]} | ret=SUCCESS |  
 0.00% |█                                                                                                    |  0/1 Time: 0:00:212019-08-20 16:04:09,901 | INFO  | SCMAudit | user=jenkins1000 | ip=192.168.69.96 | op=SEND_HEARTBEAT {datanodeUUID=f1afe498-2778-451e-a3e4-8199ec337a15, command=[]} | ret=SUCCESS |  
2019-08-20 16:04:09,901 | INFO  | SCMAudit | user=jenkins1000 | ip=192.168.69.96 | op=SEND_HEARTBEAT {datanodeUUID=9a4a4c23-9ff3-4ce3-a619-2c71c0869997, command=[]} | ret=SUCCESS |  
2019-08-20 16:04:09,901 | INFO  | SCMAudit | user=jenkins1000 | ip=192.168.69.96 | op=SEND_HEARTBEAT {datanodeUUID=9b0072ab-15b3-4973-9bcb-7fa02f6bfea9, command=[]} | ret=SUCCESS |  
2019-08-20 16:04:09,902 | INFO  | SCMAudit | user=jenkins1000 | ip=192.168.69.96 | op=SEND_HEARTBEAT {datanodeUUID=69f203df-fb09-400b-ac11-cd7a56dd70a5, command=[]} | ret=SUCCESS |  
2019-08-20 16:04:09,902 | INFO  | SCMAudit | user=jenkins1000 | ip=192.168.69.96 | op=SEND_HEARTBEAT {datanodeUUID=9f215ef2-7d46-4cda-b695-cae1b893f75f, command=[]} | ret=SUCCESS |  
 0.00% |█                                                                                                    |  0/1 Time: 0:00:222019-08-20 16:04:10,883 | INFO  | DNAudit | user=null | ip=null | op=PUT_BLOCK {blockData=[blockId=conID: 3 locID: 102650154075488848 bcsId: 0,size=1048576]} | ret=SUCCESS |  
2019-08-20 16:04:10,883 | INFO  | DNAudit | user=null | ip=null | op=WRITE_CHUNK {blockData=conID: 3 locID: 102650154075488848 bcsId: 0} | ret=SUCCESS |  
2019-08-20 16:04:10,884 | INFO  | DNAudit | user=null | ip=null | op=WRITE_CHUNK {blockData=conID: 3 locID: 102650154075488848 bcsId: 0} | ret=SUCCESS |  
2019-08-20 16:04:10,884 | INFO  | DNAudit | user=null | ip=null | op=PUT_BLOCK {blockData=[blockId=conID: 3 locID: 102650154075488848 bcsId: 0,size=2097152]} | ret=SUCCESS |  
2019-08-20 16:04:10,884 | INFO  | DNAudit | user=null | ip=null | op=PUT_BLOCK {blockData=[blockId=conID: 3 locID: 102650154075488848 bcsId: 0,size=2097152]} | ret=SUCCESS |  
2019-08-20 16:04:10,900 | INFO  | SCMAudit | user=jenkins1000 | ip=192.168.69.96 | op=SEND_HEARTBEAT {datanodeUUID=9b0072ab-15b3-4973-9bcb-7fa02f6bfea9, command=[]} | ret=SUCCESS |  
2019-08-20 16:04:10,901 | INFO  | SCMAudit | user=jenkins1000 | ip=192.168.69.96 | op=SEND_HEARTBEAT {datanodeUUID=f1afe498-2778-451e-a3e4-8199ec337a15, command=[]} | ret=SUCCESS |  
2019-08-20 16:04:10,901 | INFO  | SCMAudit | user=jenkins1000 | ip=192.168.69.96 | op=SEND_HEARTBEAT {datanodeUUID=9a4a4c23-9ff3-4ce3-a619-2c71c0869997, command=[]} | ret=SUCCESS |  
2019-08-20 16:04:10,902 | INFO  | SCMAudit | user=jenkins1000 | ip=192.168.69.96 | op=SEND_HEARTBEAT {datanodeUUID=69f203df-fb09-400b-ac11-cd7a56dd70a5, command=[]} | ret=SUCCESS |  
2019-08-20 16:04:10,902 | INFO  | SCMAudit | user=jenkins1000 | ip=192.168.69.96 | op=SEND_HEARTBEAT {datanodeUUID=9f215ef2-7d46-4cda-b695-cae1b893f75f, command=[]} | ret=SUCCESS |  
 0.00% |█                                                                                                    |  0/1 Time: 0:00:232019-08-20 16:04:11,063 [grpc-default-executor-3] INFO  client.GrpcClientProtocolClient (GrpcClientProtocolClient.java:onNext(255)) - client-EAA342753240->9a4a4c23-9ff3-4ce3-a619-2c71c0869997: receive RaftClientReply:client-EAA342753240->9a4a4c23-9ff3-4ce3-a619-2c71c0869997@group-EC4211DF0353, cid=2486, SUCCESS, logIndex=0, commits[9a4a4c23-9ff3-4ce3-a619-2c71c0869997:c3679, 9b0072ab-15b3-4973-9bcb-7fa02f6bfea9:c3675, 9f215ef2-7d46-4cda-b695-cae1b893f75f:c3678]
2019-08-20 16:04:11,072 | INFO  | DNAudit | user=null | ip=null | op=WRITE_CHUNK {blockData=conID: 3 locID: 102650154075488848 bcsId: 3677} | ret=SUCCESS |  
2019-08-20 16:04:11,074 | INFO  | DNAudit | user=null | ip=null | op=WRITE_CHUNK {blockData=conID: 3 locID: 102650154075488848 bcsId: 3677} | ret=SUCCESS |  
2019-08-20 16:04:11,074 | INFO  | DNAudit | user=null | ip=null | op=WRITE_CHUNK {blockData=conID: 3 locID: 102650154075488848 bcsId: 3677} | ret=SUCCESS |  
2019-08-20 16:04:11,098 | INFO  | DNAudit | user=null | ip=null | op=WRITE_CHUNK {blockData=conID: 3 locID: 102650154075488848 bcsId: 3677} | ret=SUCCESS |  
2019-08-20 16:04:11,099 | INFO  | DNAudit | user=null | ip=null | op=PUT_BLOCK {blockData=[blockId=conID: 3 locID: 102650154075488848 bcsId: 0,size=3145728]} | ret=SUCCESS |  
2019-08-20 16:04:11,099 [grpc-default-executor-3] INFO  client.GrpcClientProtocolClient (GrpcClientProtocolClient.java:onNext(255)) - client-EAA342753240->9a4a4c23-9ff3-4ce3-a619-2c71c0869997: receive RaftClientReply:client-EAA342753240->9a4a4c23-9ff3-4ce3-a619-2c71c0869997@group-EC4211DF0353, cid=2487, SUCCESS, logIndex=3682, commits[9a4a4c23-9ff3-4ce3-a619-2c71c0869997:c3683, 9b0072ab-15b3-4973-9bcb-7fa02f6bfea9:c3681, 9f215ef2-7d46-4cda-b695-cae1b893f75f:c3681]
2019-08-20 16:04:11,100 [grpc-default-executor-3] INFO  client.GrpcClientProtocolClient (GrpcClientProtocolClient.java:onNext(255)) - client-EAA342753240->9a4a4c23-9ff3-4ce3-a619-2c71c0869997: receive RaftClientReply:client-EAA342753240->9a4a4c23-9ff3-4ce3-a619-2c71c0869997@group-EC4211DF0353, cid=2488, SUCCESS, logIndex=3683, commits[9a4a4c23-9ff3-4ce3-a619-2c71c0869997:c3683, 9b0072ab-15b3-4973-9bcb-7fa02f6bfea9:c3681, 9f215ef2-7d46-4cda-b695-cae1b893f75f:c3681]
2019-08-20 16:04:11,109 | INFO  | DNAudit | user=null | ip=null | op=WRITE_CHUNK {blockData=conID: 3 locID: 102650154075488848 bcsId: 3683} | ret=SUCCESS |  
2019-08-20 16:04:11,111 | INFO  | DNAudit | user=null | ip=null | op=WRITE_CHUNK {blockData=conID: 3 locID: 102650154075488848 bcsId: 3683} | ret=SUCCESS |  
2019-08-20 16:04:11,112 | INFO  | DNAudit | user=null | ip=null | op=WRITE_CHUNK {blockData=conID: 3 locID: 102650154075488848 bcsId: 3683} | ret=SUCCESS |  
2019-08-20 16:04:11,139 | INFO  | DNAudit | user=null | ip=null | op=WRITE_CHUNK {blockData=conID: 3 locID: 102650154075488848 bcsId: 3677} | ret=SUCCESS |  
2019-08-20 16:04:11,139 | INFO  | DNAudit | user=null | ip=null | op=WRITE_CHUNK {blockData=conID: 3 locID: 102650154075488848 bcsId: 3677} | ret=SUCCESS |  
2019-08-20 16:04:11,139 | INFO  | DNAudit | user=null | ip=null | op=PUT_BLOCK {blockData=[blockId=conID: 3 locID: 102650154075488848 bcsId: 0,size=3145728]} | ret=SUCCESS |  
2019-08-20 16:04:11,141 | INFO  | DNAudit | user=null | ip=null | op=PUT_BLOCK {blockData=[blockId=conID: 3 locID: 102650154075488848 bcsId: 0,size=3145728]} | ret=SUCCESS |  
2019-08-20 16:04:11,142 | INFO  | DNAudit | user=null | ip=null | op=WRITE_CHUNK {blockData=conID: 3 locID: 102650154075488848 bcsId: 3683} | ret=SUCCESS |  
2019-08-20 16:04:11,143 | INFO  | DNAudit | user=null | ip=null | op=PUT_BLOCK {blockData=[blockId=conID: 3 locID: 102650154075488848 bcsId: 0,size=4194304]} | ret=SUCCESS |  
2019-08-20 16:04:11,143 [grpc-default-executor-3] INFO  client.GrpcClientProtocolClient (GrpcClientProtocolClient.java:onNext(255)) - client-EAA342753240->9a4a4c23-9ff3-4ce3-a619-2c71c0869997: receive RaftClientReply:client-EAA342753240->9a4a4c23-9ff3-4ce3-a619-2c71c0869997@group-EC4211DF0353, cid=2489, SUCCESS, logIndex=3686, commits[9a4a4c23-9ff3-4ce3-a619-2c71c0869997:c3687, 9b0072ab-15b3-4973-9bcb-7fa02f6bfea9:c3683, 9f215ef2-7d46-4cda-b695-cae1b893f75f:c3683]
2019-08-20 16:04:11,144 [grpc-default-executor-3] INFO  client.GrpcClientProtocolClient (GrpcClientProtocolClient.java:onNext(255)) - client-EAA342753240->9a4a4c23-9ff3-4ce3-a619-2c71c0869997: receive RaftClientReply:client-EAA342753240->9a4a4c23-9ff3-4ce3-a619-2c71c0869997@group-EC4211DF0353, cid=2490, SUCCESS, logIndex=3687, commits[9a4a4c23-9ff3-4ce3-a619-2c71c0869997:c3687, 9b0072ab-15b3-4973-9bcb-7fa02f6bfea9:c3683, 9f215ef2-7d46-4cda-b695-cae1b893f75f:c3683]
2019-08-20 16:04:11,151 | INFO  | DNAudit | user=null | ip=null | op=WRITE_CHUNK {blockData=conID: 3 locID: 102650154075488848 bcsId: 3683} | ret=SUCCESS |  
2019-08-20 16:04:11,151 | INFO  | DNAudit | user=null | ip=null | op=WRITE_CHUNK {blockData=conID: 3 locID: 102650154075488848 bcsId: 3683} | ret=SUCCESS |  
2019-08-20 16:04:11,151 | INFO  | DNAudit | user=null | ip=null | op=PUT_BLOCK {blockData=[blockId=conID: 3 locID: 102650154075488848 bcsId: 0,size=4194304]} | ret=SUCCESS |  
2019-08-20 16:04:11,151 | INFO  | DNAudit | user=null | ip=null | op=PUT_BLOCK {blockData=[blockId=conID: 3 locID: 102650154075488848 bcsId: 0,size=4194304]} | ret=SUCCESS |  
2019-08-20 16:04:11,151 [grpc-default-executor-1] INFO  client.GrpcClientProtocolClient (GrpcClientProtocolClient.java:onNext(255)) - client-EAA342753240->9a4a4c23-9ff3-4ce3-a619-2c71c0869997: receive RaftClientReply:client-EAA342753240->9a4a4c23-9ff3-4ce3-a619-2c71c0869997@group-EC4211DF0353, cid=2491, SUCCESS, logIndex=0, commits[9a4a4c23-9ff3-4ce3-a619-2c71c0869997:c3687, 9b0072ab-15b3-4973-9bcb-7fa02f6bfea9:c3687, 9f215ef2-7d46-4cda-b695-cae1b893f75f:c3687]
2019-08-20 16:04:11,159 | INFO  | SCMAudit | user=jenkins1000 | ip=192.168.69.96 | op=ALLOCATE_BLOCK {owner=ea4851f9-218c-4af7-91b4-edb777a4888c, size=4194304, type=RATIS, factor=THREE} | ret=SUCCESS |  
2019-08-20 16:04:11,162 | INFO  | OMAudit | user=jenkins1000 | ip=127.0.0.1 | op=ALLOCATE_BLOCK {volume=vol-0-94146, bucket=bucket-0-90789, key=key-0-25609, dataSize=0, replicationType=null, replicationFactor=null, keyLocationInfo=null, clientID=102650152704082322} | ret=SUCCESS |  
2019-08-20 16:04:11,170 | INFO  | DNAudit | user=null | ip=null | op=WRITE_CHUNK {blockData=conID: 1 locID: 102650154264691281 bcsId: 0} | ret=SUCCESS |  
2019-08-20 16:04:11,173 | INFO  | DNAudit | user=null | ip=null | op=WRITE_CHUNK {blockData=conID: 1 locID: 102650154264691281 bcsId: 0} | ret=SUCCESS |  
2019-08-20 16:04:11,173 | INFO  | DNAudit | user=null | ip=null | op=WRITE_CHUNK {blockData=conID: 1 locID: 102650154264691281 bcsId: 0} | ret=SUCCESS |  
2019-08-20 16:04:11,173 | INFO  | DNAudit | user=null | ip=null | op=WRITE_CHUNK {blockData=conID: 1 locID: 102650154264691281 bcsId: 0} | ret=SUCCESS |  
2019-08-20 16:04:11,175 | INFO  | DNAudit | user=null | ip=null | op=WRITE_CHUNK {blockData=conID: 1 locID: 102650154264691281 bcsId: 0} | ret=SUCCESS |  
2019-08-20 16:04:11,176 | INFO  | DNAudit | user=null | ip=null | op=WRITE_CHUNK {blockData=conID: 1 locID: 102650154264691281 bcsId: 0} | ret=SUCCESS |  
2019-08-20 16:04:11,206 | INFO  | DNAudit | user=null | ip=null | op=WRITE_CHUNK {blockData=conID: 1 locID: 102650154264691281 bcsId: 0} | ret=SUCCESS |  
2019-08-20 16:04:11,207 | INFO  | DNAudit | user=null | ip=null | op=PUT_BLOCK {blockData=[blockId=conID: 1 locID: 102650154264691281 bcsId: 0,size=1048576]} | ret=SUCCESS |  
2019-08-20 16:04:11,207 [grpc-default-executor-3] INFO  client.GrpcClientProtocolClient (GrpcClientProtocolClient.java:onNext(255)) - client-EAA342753240->9a4a4c23-9ff3-4ce3-a619-2c71c0869997: receive RaftClientReply:client-EAA342753240->9a4a4c23-9ff3-4ce3-a619-2c71c0869997@group-EC4211DF0353, cid=2492, SUCCESS, logIndex=3690, commits[9a4a4c23-9ff3-4ce3-a619-2c71c0869997:c3691, 9b0072ab-15b3-4973-9bcb-7fa02f6bfea9:c3689, 9f215ef2-7d46-4cda-b695-cae1b893f75f:c3689]
2019-08-20 16:04:11,208 | INFO  | DNAudit | user=null | ip=null | op=WRITE_CHUNK {blockData=conID: 1 locID: 102650154264691281 bcsId: 0} | ret=SUCCESS |  
2019-08-20 16:04:11,208 [grpc-default-executor-3] INFO  client.GrpcClientProtocolClient (GrpcClientProtocolClient.java:onNext(255)) - client-EAA342753240->9a4a4c23-9ff3-4ce3-a619-2c71c0869997: receive RaftClientReply:client-EAA342753240->9a4a4c23-9ff3-4ce3-a619-2c71c0869997@group-EC4211DF0353, cid=2493, SUCCESS, logIndex=3691, commits[9a4a4c23-9ff3-4ce3-a619-2c71c0869997:c3691, 9b0072ab-15b3-4973-9bcb-7fa02f6bfea9:c3689, 9f215ef2-7d46-4cda-b695-cae1b893f75f:c3689]
2019-08-20 16:04:11,208 | INFO  | DNAudit | user=null | ip=null | op=PUT_BLOCK {blockData=[blockId=conID: 1 locID: 102650154264691281 bcsId: 0,size=2097152]} | ret=SUCCESS |  
2019-08-20 16:04:11,208 | INFO  | DNAudit | user=null | ip=null | op=WRITE_CHUNK {blockData=conID: 1 locID: 102650154264691281 bcsId: 0} | ret=SUCCESS |  
2019-08-20 16:04:11,209 | INFO  | DNAudit | user=null | ip=null | op=PUT_BLOCK {blockData=[blockId=conID: 1 locID: 102650154264691281 bcsId: 0,size=1048576]} | ret=SUCCESS |  
2019-08-20 16:04:11,208 [grpc-default-executor-3] INFO  client.GrpcClientProtocolClient (GrpcClientProtocolClient.java:onNext(255)) - client-EAA342753240->9a4a4c23-9ff3-4ce3-a619-2c71c0869997: receive RaftClientReply:client-EAA342753240->9a4a4c23-9ff3-4ce3-a619-2c71c0869997@group-EC4211DF0353, cid=2494, SUCCESS, logIndex=3692, commits[9a4a4c23-9ff3-4ce3-a619-2c71c0869997:c3693, 9b0072ab-15b3-4973-9bcb-7fa02f6bfea9:c3689, 9f215ef2-7d46-4cda-b695-cae1b893f75f:c3689]
2019-08-20 16:04:11,209 | INFO  | DNAudit | user=null | ip=null | op=WRITE_CHUNK {blockData=conID: 1 locID: 102650154264691281 bcsId: 0} | ret=SUCCESS |  
2019-08-20 16:04:11,209 [grpc-default-executor-5] INFO  client.GrpcClientProtocolClient (GrpcClientProtocolClient.java:onNext(255)) - client-EAA342753240->9a4a4c23-9ff3-4ce3-a619-2c71c0869997: receive RaftClientReply:client-EAA342753240->9a4a4c23-9ff3-4ce3-a619-2c71c0869997@group-EC4211DF0353, cid=2495, SUCCESS, logIndex=3693, commits[9a4a4c23-9ff3-4ce3-a619-2c71c0869997:c3693, 9b0072ab-15b3-4973-9bcb-7fa02f6bfea9:c3689, 9f215ef2-7d46-4cda-b695-cae1b893f75f:c3689]
2019-08-20 16:04:11,210 | INFO  | DNAudit | user=null | ip=null | op=PUT_BLOCK {blockData=[blockId=conID: 1 locID: 102650154264691281 bcsId: 0,size=1048576]} | ret=SUCCESS |  
2019-08-20 16:04:11,210 | INFO  | DNAudit | user=null | ip=null | op=WRITE_CHUNK {blockData=conID: 1 locID: 102650154264691281 bcsId: 0} | ret=SUCCESS |  
2019-08-20 16:04:11,210 | INFO  | DNAudit | user=null | ip=null | op=PUT_BLOCK {blockData=[blockId=conID: 1 locID: 102650154264691281 bcsId: 0,size=2097152]} | ret=SUCCESS |  
2019-08-20 16:04:11,211 [grpc-default-executor-5] INFO  client.GrpcClientProtocolClient (GrpcClientProtocolClient.java:onNext(255)) - client-EAA342753240->9a4a4c23-9ff3-4ce3-a619-2c71c0869997: receive RaftClientReply:client-EAA342753240->9a4a4c23-9ff3-4ce3-a619-2c71c0869997@group-EC4211DF0353, cid=2496, SUCCESS, logIndex=0, commits[9a4a4c23-9ff3-4ce3-a619-2c71c0869997:c3695, 9b0072ab-15b3-4973-9bcb-7fa02f6bfea9:c3691, 9f215ef2-7d46-4cda-b695-cae1b893f75f:c3691]
2019-08-20 16:04:11,211 | INFO  | DNAudit | user=null | ip=null | op=WRITE_CHUNK {blockData=conID: 1 locID: 102650154264691281 bcsId: 0} | ret=SUCCESS |  
2019-08-20 16:04:11,212 | INFO  | DNAudit | user=null | ip=null | op=PUT_BLOCK {blockData=[blockId=conID: 1 locID: 102650154264691281 bcsId: 0,size=2097152]} | ret=SUCCESS |  
2019-08-20 16:04:11,220 | INFO  | DNAudit | user=null | ip=null | op=WRITE_CHUNK {blockData=conID: 1 locID: 102650154264691281 bcsId: 3693} | ret=SUCCESS |  
2019-08-20 16:04:11,223 | INFO  | DNAudit | user=null | ip=null | op=WRITE_CHUNK {blockData=conID: 1 locID: 102650154264691281 bcsId: 3693} | ret=SUCCESS |  
2019-08-20 16:04:11,223 | INFO  | DNAudit | user=null | ip=null | op=WRITE_CHUNK {blockData=conID: 1 locID: 102650154264691281 bcsId: 3693} | ret=SUCCESS |  
2019-08-20 16:04:11,232 | INFO  | DNAudit | user=null | ip=null | op=WRITE_CHUNK {blockData=conID: 1 locID: 102650154264691281 bcsId: 3693} | ret=SUCCESS |  
2019-08-20 16:04:11,233 | INFO  | DNAudit | user=null | ip=null | op=PUT_BLOCK {blockData=[blockId=conID: 1 locID: 102650154264691281 bcsId: 0,size=3145728]} | ret=SUCCESS |  
2019-08-20 16:04:11,233 [grpc-default-executor-3] INFO  client.GrpcClientProtocolClient (GrpcClientProtocolClient.java:onNext(255)) - client-EAA342753240->9a4a4c23-9ff3-4ce3-a619-2c71c0869997: receive RaftClientReply:client-EAA342753240->9a4a4c23-9ff3-4ce3-a619-2c71c0869997@group-EC4211DF0353, cid=2497, SUCCESS, logIndex=3698, commits[9a4a4c23-9ff3-4ce3-a619-2c71c0869997:c3699, 9b0072ab-15b3-4973-9bcb-7fa02f6bfea9:c3697, 9f215ef2-7d46-4cda-b695-cae1b893f75f:c3697]
2019-08-20 16:04:11,233 [grpc-default-executor-3] INFO  client.GrpcClientProtocolClient (GrpcClientProtocolClient.java:onNext(255)) - client-EAA342753240->9a4a4c23-9ff3-4ce3-a619-2c71c0869997: receive RaftClientReply:client-EAA342753240->9a4a4c23-9ff3-4ce3-a619-2c71c0869997@group-EC4211DF0353, cid=2498, SUCCESS, logIndex=3699, commits[9a4a4c23-9ff3-4ce3-a619-2c71c0869997:c3699, 9b0072ab-15b3-4973-9bcb-7fa02f6bfea9:c3697, 9f215ef2-7d46-4cda-b695-cae1b893f75f:c3697]
2019-08-20 16:04:11,244 | INFO  | DNAudit | user=null | ip=null | op=WRITE_CHUNK {blockData=conID: 1 locID: 102650154264691281 bcsId: 3699} | ret=SUCCESS |  
2019-08-20 16:04:11,246 | INFO  | DNAudit | user=null | ip=null | op=WRITE_CHUNK {blockData=conID: 1 locID: 102650154264691281 bcsId: 3699} | ret=SUCCESS |  
2019-08-20 16:04:11,246 | INFO  | DNAudit | user=null | ip=null | op=WRITE_CHUNK {blockData=conID: 1 locID: 102650154264691281 bcsId: 3699} | ret=SUCCESS |  
2019-08-20 16:04:11,249 | INFO  | DNAudit | user=null | ip=null | op=WRITE_CHUNK {blockData=conID: 1 locID: 102650154264691281 bcsId: 3693} | ret=SUCCESS |  
2019-08-20 16:04:11,249 | INFO  | DNAudit | user=null | ip=null | op=WRITE_CHUNK {blockData=conID: 1 locID: 102650154264691281 bcsId: 3693} | ret=SUCCESS |  
2019-08-20 16:04:11,250 | INFO  | DNAudit | user=null | ip=null | op=PUT_BLOCK {blockData=[blockId=conID: 1 locID: 102650154264691281 bcsId: 0,size=3145728]} | ret=SUCCESS |  
2019-08-20 16:04:11,250 | INFO  | DNAudit | user=null | ip=null | op=WRITE_CHUNK {blockData=conID: 1 locID: 102650154264691281 bcsId: 3699} | ret=SUCCESS |  
2019-08-20 16:04:11,250 | INFO  | DNAudit | user=null | ip=null | op=PUT_BLOCK {blockData=[blockId=conID: 1 locID: 102650154264691281 bcsId: 0,size=3145728]} | ret=SUCCESS |  
2019-08-20 16:04:11,251 | INFO  | DNAudit | user=null | ip=null | op=PUT_BLOCK {blockData=[blockId=conID: 1 locID: 102650154264691281 bcsId: 0,size=4194304]} | ret=SUCCESS |  
2019-08-20 16:04:11,251 [grpc-default-executor-0] INFO  client.GrpcClientProtocolClient (GrpcClientProtocolClient.java:onNext(255)) - client-EAA342753240->9a4a4c23-9ff3-4ce3-a619-2c71c0869997: receive RaftClientReply:client-EAA342753240->9a4a4c23-9ff3-4ce3-a619-2c71c0869997@group-EC4211DF0353, cid=2499, SUCCESS, logIndex=3702, commits[9a4a4c23-9ff3-4ce3-a619-2c71c0869997:c3703, 9b0072ab-15b3-4973-9bcb-7fa02f6bfea9:c3698, 9f215ef2-7d46-4cda-b695-cae1b893f75f:c3699]
2019-08-20 16:04:11,251 | INFO  | DNAudit | user=null | ip=null | op=WRITE_CHUNK {blockData=conID: 1 locID: 102650154264691281 bcsId: 3699} | ret=SUCCESS |  
2019-08-20 16:04:11,252 | INFO  | DNAudit | user=null | ip=null | op=PUT_BLOCK {blockData=[blockId=conID: 1 locID: 102650154264691281 bcsId: 0,size=4194304]} | ret=SUCCESS |  
2019-08-20 16:04:11,252 [grpc-default-executor-0] INFO  client.GrpcClientProtocolClient (GrpcClientProtocolClient.java:onNext(255)) - client-EAA342753240->9a4a4c23-9ff3-4ce3-a619-2c71c0869997: receive RaftClientReply:client-EAA342753240->9a4a4c23-9ff3-4ce3-a619-2c71c0869997@group-EC4211DF0353, cid=2500, SUCCESS, logIndex=3703, commits[9a4a4c23-9ff3-4ce3-a619-2c71c0869997:c3703, 9b0072ab-15b3-4973-9bcb-7fa02f6bfea9:c3699, 9f215ef2-7d46-4cda-b695-cae1b893f75f:c3699]
2019-08-20 16:04:11,252 | INFO  | DNAudit | user=null | ip=null | op=WRITE_CHUNK {blockData=conID: 1 locID: 102650154264691281 bcsId: 3699} | ret=SUCCESS |  
2019-08-20 16:04:11,252 | INFO  | DNAudit | user=null | ip=null | op=PUT_BLOCK {blockData=[blockId=conID: 1 locID: 102650154264691281 bcsId: 0,size=4194304]} | ret=SUCCESS |  
2019-08-20 16:04:11,253 [grpc-default-executor-0] INFO  client.GrpcClientProtocolClient (GrpcClientProtocolClient.java:onNext(255)) - client-EAA342753240->9a4a4c23-9ff3-4ce3-a619-2c71c0869997: receive RaftClientReply:client-EAA342753240->9a4a4c23-9ff3-4ce3-a619-2c71c0869997@group-EC4211DF0353, cid=2501, SUCCESS, logIndex=0, commits[9a4a4c23-9ff3-4ce3-a619-2c71c0869997:c3705, 9b0072ab-15b3-4973-9bcb-7fa02f6bfea9:c3703, 9f215ef2-7d46-4cda-b695-cae1b893f75f:c3703]
2019-08-20 16:04:11,260 | INFO  | SCMAudit | user=jenkins1000 | ip=192.168.69.96 | op=ALLOCATE_BLOCK {owner=ea4851f9-218c-4af7-91b4-edb777a4888c, size=4194304, type=RATIS, factor=THREE} | ret=SUCCESS |  
2019-08-20 16:04:11,263 | INFO  | OMAudit | user=jenkins1000 | ip=127.0.0.1 | op=ALLOCATE_BLOCK {volume=vol-0-94146, bucket=bucket-0-90789, key=key-0-25609, dataSize=0, replicationType=null, replicationFactor=null, keyLocationInfo=null, clientID=102650152704082322} | ret=SUCCESS |  
2019-08-20 16:04:11,273 | INFO  | DNAudit | user=null | ip=null | op=WRITE_CHUNK {blockData=conID: 2 locID: 102650154271375954 bcsId: 0} | ret=SUCCESS |  
2019-08-20 16:04:11,275 | INFO  | DNAudit | user=null | ip=null | op=WRITE_CHUNK {blockData=conID: 2 locID: 102650154271375954 bcsId: 0} | ret=SUCCESS |  
2019-08-20 16:04:11,276 | INFO  | DNAudit | user=null | ip=null | op=WRITE_CHUNK {blockData=conID: 2 locID: 102650154271375954 bcsId: 0} | ret=SUCCESS |  
2019-08-20 16:04:11,276 | INFO  | DNAudit | user=null | ip=null | op=WRITE_CHUNK {blockData=conID: 2 locID: 102650154271375954 bcsId: 0} | ret=SUCCESS |  
2019-08-20 16:04:11,277 | INFO  | DNAudit | user=null | ip=null | op=WRITE_CHUNK {blockData=conID: 2 locID: 102650154271375954 bcsId: 0} | ret=SUCCESS |  
2019-08-20 16:04:11,277 | INFO  | DNAudit | user=null | ip=null | op=WRITE_CHUNK {blockData=conID: 2 locID: 102650154271375954 bcsId: 0} | ret=SUCCESS |  
2019-08-20 16:04:11,277 | INFO  | DNAudit | user=null | ip=null | op=WRITE_CHUNK {blockData=conID: 2 locID: 102650154271375954 bcsId: 0} | ret=SUCCESS |  
2019-08-20 16:04:11,277 | INFO  | DNAudit | user=null | ip=null | op=PUT_BLOCK {blockData=[blockId=conID: 2 locID: 102650154271375954 bcsId: 0,size=1048576]} | ret=SUCCESS |  
2019-08-20 16:04:11,278 [grpc-default-executor-5] INFO  client.GrpcClientProtocolClient (GrpcClientProtocolClient.java:onNext(255)) - client-EAA342753240->9a4a4c23-9ff3-4ce3-a619-2c71c0869997: receive RaftClientReply:client-EAA342753240->9a4a4c23-9ff3-4ce3-a619-2c71c0869997@group-EC4211DF0353, cid=2502, SUCCESS, logIndex=3706, commits[9a4a4c23-9ff3-4ce3-a619-2c71c0869997:c3707, 9b0072ab-15b3-4973-9bcb-7fa02f6bfea9:c3703, 9f215ef2-7d46-4cda-b695-cae1b893f75f:c3705]
2019-08-20 16:04:11,278 [grpc-default-executor-5] INFO  client.GrpcClientProtocolClient (GrpcClientProtocolClient.java:onNext(255)) - client-EAA342753240->9a4a4c23-9ff3-4ce3-a619-2c71c0869997: receive RaftClientReply:client-EAA342753240->9a4a4c23-9ff3-4ce3-a619-2c71c0869997@group-EC4211DF0353, cid=2503, SUCCESS, logIndex=3707, commits[9a4a4c23-9ff3-4ce3-a619-2c71c0869997:c3707, 9b0072ab-15b3-4973-9bcb-7fa02f6bfea9:c3703, 9f215ef2-7d46-4cda-b695-cae1b893f75f:c3705]
2019-08-20 16:04:11,291 | INFO  | DNAudit | user=null | ip=null | op=WRITE_CHUNK {blockData=conID: 2 locID: 102650154271375954 bcsId: 0} | ret=SUCCESS |  
2019-08-20 16:04:11,292 | INFO  | DNAudit | user=null | ip=null | op=WRITE_CHUNK {blockData=conID: 2 locID: 102650154271375954 bcsId: 0} | ret=SUCCESS |  
2019-08-20 16:04:11,292 | INFO  | DNAudit | user=null | ip=null | op=PUT_BLOCK {blockData=[blockId=conID: 2 locID: 102650154271375954 bcsId: 0,size=1048576]} | ret=SUCCESS |  
2019-08-20 16:04:11,292 | INFO  | DNAudit | user=null | ip=null | op=PUT_BLOCK {blockData=[blockId=conID: 2 locID: 102650154271375954 bcsId: 0,size=2097152]} | ret=SUCCESS |  
2019-08-20 16:04:11,292 [grpc-default-executor-5] INFO  client.GrpcClientProtocolClient (GrpcClientProtocolClient.java:onNext(255)) - client-EAA342753240->9a4a4c23-9ff3-4ce3-a619-2c71c0869997: receive RaftClientReply:client-EAA342753240->9a4a4c23-9ff3-4ce3-a619-2c71c0869997@group-EC4211DF0353, cid=2504, SUCCESS, logIndex=3708, commits[9a4a4c23-9ff3-4ce3-a619-2c71c0869997:c3709, 9b0072ab-15b3-4973-9bcb-7fa02f6bfea9:c3705, 9f215ef2-7d46-4cda-b695-cae1b893f75f:c3705]
2019-08-20 16:04:11,292 | INFO  | DNAudit | user=null | ip=null | op=WRITE_CHUNK {blockData=conID: 2 locID: 102650154271375954 bcsId: 0} | ret=SUCCESS |  
2019-08-20 16:04:11,292 | INFO  | DNAudit | user=null | ip=null | op=PUT_BLOCK {blockData=[blockId=conID: 2 locID: 102650154271375954 bcsId: 0,size=1048576]} | ret=SUCCESS |  
2019-08-20 16:04:11,292 [grpc-default-executor-5] INFO  client.GrpcClientProtocolClient (GrpcClientProtocolClient.java:onNext(255)) - client-EAA342753240->9a4a4c23-9ff3-4ce3-a619-2c71c0869997: receive RaftClientReply:client-EAA342753240->9a4a4c23-9ff3-4ce3-a619-2c71c0869997@group-EC4211DF0353, cid=2505, SUCCESS, logIndex=3709, commits[9a4a4c23-9ff3-4ce3-a619-2c71c0869997:c3710, 9b0072ab-15b3-4973-9bcb-7fa02f6bfea9:c3705, 9f215ef2-7d46-4cda-b695-cae1b893f75f:c3707]
2019-08-20 16:04:11,293 [grpc-default-executor-5] INFO  client.GrpcClientProtocolClient (GrpcClientProtocolClient.java:onNext(255)) - client-EAA342753240->9a4a4c23-9ff3-4ce3-a619-2c71c0869997: receive RaftClientReply:client-EAA342753240->9a4a4c23-9ff3-4ce3-a619-2c71c0869997@group-EC4211DF0353, cid=2506, SUCCESS, logIndex=0, commits[9a4a4c23-9ff3-4ce3-a619-2c71c0869997:c3711, 9b0072ab-15b3-4973-9bcb-7fa02f6bfea9:c3707, 9f215ef2-7d46-4cda-b695-cae1b893f75f:c3707]
2019-08-20 16:04:11,294 | INFO  | DNAudit | user=null | ip=null | op=WRITE_CHUNK {blockData=conID: 2 locID: 102650154271375954 bcsId: 0} | ret=SUCCESS |  
2019-08-20 16:04:11,295 | INFO  | DNAudit | user=null | ip=null | op=PUT_BLOCK {blockData=[blockId=conID: 2 locID: 102650154271375954 bcsId: 0,size=2097152]} | ret=SUCCESS |  
2019-08-20 16:04:11,295 | INFO  | DNAudit | user=null | ip=null | op=WRITE_CHUNK {blockData=conID: 2 locID: 102650154271375954 bcsId: 0} | ret=SUCCESS |  
2019-08-20 16:04:11,295 | INFO  | DNAudit | user=null | ip=null | op=PUT_BLOCK {blockData=[blockId=conID: 2 locID: 102650154271375954 bcsId: 0,size=2097152]} | ret=SUCCESS |  
2019-08-20 16:04:11,300 | INFO  | DNAudit | user=null | ip=null | op=WRITE_CHUNK {blockData=conID: 2 locID: 102650154271375954 bcsId: 3709} | ret=SUCCESS |  
2019-08-20 16:04:11,302 | INFO  | DNAudit | user=null | ip=null | op=WRITE_CHUNK {blockData=conID: 2 locID: 102650154271375954 bcsId: 3709} | ret=SUCCESS |  
2019-08-20 16:04:11,303 | INFO  | DNAudit | user=null | ip=null | op=WRITE_CHUNK {blockData=conID: 2 locID: 102650154271375954 bcsId: 3709} | ret=SUCCESS |  
2019-08-20 16:04:11,317 | INFO  | DNAudit | user=null | ip=null | op=WRITE_CHUNK {blockData=conID: 2 locID: 102650154271375954 bcsId: 3709} | ret=SUCCESS |  
2019-08-20 16:04:11,318 | INFO  | DNAudit | user=null | ip=null | op=PUT_BLOCK {blockData=[blockId=conID: 2 locID: 102650154271375954 bcsId: 0,size=3145728]} | ret=SUCCESS |  
2019-08-20 16:04:11,318 [grpc-default-executor-5] INFO  client.GrpcClientProtocolClient (GrpcClientProtocolClient.java:onNext(255)) - client-EAA342753240->9a4a4c23-9ff3-4ce3-a619-2c71c0869997: receive RaftClientReply:client-EAA342753240->9a4a4c23-9ff3-4ce3-a619-2c71c0869997@group-EC4211DF0353, cid=2507, SUCCESS, logIndex=3714, commits[9a4a4c23-9ff3-4ce3-a619-2c71c0869997:c3715, 9b0072ab-15b3-4973-9bcb-7fa02f6bfea9:c3713, 9f215ef2-7d46-4cda-b695-cae1b893f75f:c3713]
2019-08-20 16:04:11,318 [grpc-default-executor-5] INFO  client.GrpcClientProtocolClient (GrpcClientProtocolClient.java:onNext(255)) - client-EAA342753240->9a4a4c23-9ff3-4ce3-a619-2c71c0869997: receive RaftClientReply:client-EAA342753240->9a4a4c23-9ff3-4ce3-a619-2c71c0869997@group-EC4211DF0353, cid=2508, SUCCESS, logIndex=3715, commits[9a4a4c23-9ff3-4ce3-a619-2c71c0869997:c3715, 9b0072ab-15b3-4973-9bcb-7fa02f6bfea9:c3713, 9f215ef2-7d46-4cda-b695-cae1b893f75f:c3713]
2019-08-20 16:04:11,326 | INFO  | DNAudit | user=null | ip=null | op=WRITE_CHUNK {blockData=conID: 2 locID: 102650154271375954 bcsId: 3709} | ret=SUCCESS |  
2019-08-20 16:04:11,327 | INFO  | DNAudit | user=null | ip=null | op=WRITE_CHUNK {blockData=conID: 2 locID: 102650154271375954 bcsId: 3709} | ret=SUCCESS |  
2019-08-20 16:04:11,327 | INFO  | DNAudit | user=null | ip=null | op=PUT_BLOCK {blockData=[blockId=conID: 2 locID: 102650154271375954 bcsId: 0,size=3145728]} | ret=SUCCESS |  
2019-08-20 16:04:11,327 | INFO  | DNAudit | user=null | ip=null | op=PUT_BLOCK {blockData=[blockId=conID: 2 locID: 102650154271375954 bcsId: 0,size=3145728]} | ret=SUCCESS |  
2019-08-20 16:04:11,328 | INFO  | DNAudit | user=null | ip=null | op=WRITE_CHUNK {blockData=conID: 2 locID: 102650154271375954 bcsId: 3715} | ret=SUCCESS |  
2019-08-20 16:04:11,331 | INFO  | DNAudit | user=null | ip=null | op=WRITE_CHUNK {blockData=conID: 2 locID: 102650154271375954 bcsId: 3715} | ret=SUCCESS |  
2019-08-20 16:04:11,331 | INFO  | DNAudit | user=null | ip=null | op=WRITE_CHUNK {blockData=conID: 2 locID: 102650154271375954 bcsId: 3715} | ret=SUCCESS |  
2019-08-20 16:04:11,353 | INFO  | DNAudit | user=null | ip=null | op=WRITE_CHUNK {blockData=conID: 2 locID: 102650154271375954 bcsId: 3715} | ret=SUCCESS |  
2019-08-20 16:04:11,353 | INFO  | DNAudit | user=null | ip=null | op=PUT_BLOCK {blockData=[blockId=conID: 2 locID: 102650154271375954 bcsId: 0,size=4194304]} | ret=SUCCESS |  
2019-08-20 16:04:11,353 [grpc-default-executor-5] INFO  client.GrpcClientProtocolClient (GrpcClientProtocolClient.java:onNext(255)) - client-EAA342753240->9a4a4c23-9ff3-4ce3-a619-2c71c0869997: receive RaftClientReply:client-EAA342753240->9a4a4c23-9ff3-4ce3-a619-2c71c0869997@group-EC4211DF0353, cid=2509, SUCCESS, logIndex=3718, commits[9a4a4c23-9ff3-4ce3-a619-2c71c0869997:c3719, 9b0072ab-15b3-4973-9bcb-7fa02f6bfea9:c3715, 9f215ef2-7d46-4cda-b695-cae1b893f75f:c3716]
2019-08-20 16:04:11,354 | INFO  | DNAudit | user=null | ip=null | op=WRITE_CHUNK {blockData=conID: 2 locID: 102650154271375954 bcsId: 3715} | ret=SUCCESS |  
2019-08-20 16:04:11,354 [grpc-default-executor-5] INFO  client.GrpcClientProtocolClient (GrpcClientProtocolClient.java:onNext(255)) - client-EAA342753240->9a4a4c23-9ff3-4ce3-a619-2c71c0869997: receive RaftClientReply:client-EAA342753240->9a4a4c23-9ff3-4ce3-a619-2c71c0869997@group-EC4211DF0353, cid=2510, SUCCESS, logIndex=3719, commits[9a4a4c23-9ff3-4ce3-a619-2c71c0869997:c3719, 9b0072ab-15b3-4973-9bcb-7fa02f6bfea9:c3715, 9f215ef2-7d46-4cda-b695-cae1b893f75f:c3716]
2019-08-20 16:04:11,354 | INFO  | DNAudit | user=null | ip=null | op=WRITE_CHUNK {blockData=conID: 2 locID: 102650154271375954 bcsId: 3715} | ret=SUCCESS |  
2019-08-20 16:04:11,354 | INFO  | DNAudit | user=null | ip=null | op=PUT_BLOCK {blockData=[blockId=conID: 2 locID: 102650154271375954 bcsId: 0,size=4194304]} | ret=SUCCESS |  
2019-08-20 16:04:11,354 | INFO  | DNAudit | user=null | ip=null | op=PUT_BLOCK {blockData=[blockId=conID: 2 locID: 102650154271375954 bcsId: 0,size=4194304]} | ret=SUCCESS |  
2019-08-20 16:04:11,355 [grpc-default-executor-5] INFO  client.GrpcClientProtocolClient (GrpcClientProtocolClient.java:onNext(255)) - client-EAA342753240->9a4a4c23-9ff3-4ce3-a619-2c71c0869997: receive RaftClientReply:client-EAA342753240->9a4a4c23-9ff3-4ce3-a619-2c71c0869997@group-EC4211DF0353, cid=2511, SUCCESS, logIndex=0, commits[9a4a4c23-9ff3-4ce3-a619-2c71c0869997:c3720, 9b0072ab-15b3-4973-9bcb-7fa02f6bfea9:c3719, 9f215ef2-7d46-4cda-b695-cae1b893f75f:c3719]
2019-08-20 16:04:11,363 | INFO  | SCMAudit | user=jenkins1000 | ip=192.168.69.96 | op=ALLOCATE_BLOCK {owner=ea4851f9-218c-4af7-91b4-edb777a4888c, size=4194304, type=RATIS, factor=THREE} | ret=SUCCESS |  
2019-08-20 16:04:11,367 | INFO  | OMAudit | user=jenkins1000 | ip=127.0.0.1 | op=ALLOCATE_BLOCK {volume=vol-0-94146, bucket=bucket-0-90789, key=key-0-25609, dataSize=0, replicationType=null, replicationFactor=null, keyLocationInfo=null, clientID=102650152704082322} | ret=SUCCESS |  
2019-08-20 16:04:11,374 | INFO  | DNAudit | user=null | ip=null | op=WRITE_CHUNK {blockData=conID: 3 locID: 102650154278126163 bcsId: 0} | ret=SUCCESS |  
2019-08-20 16:04:11,376 | INFO  | DNAudit | user=null | ip=null | op=WRITE_CHUNK {blockData=conID: 3 locID: 102650154278126163 bcsId: 0} | ret=SUCCESS |  
2019-08-20 16:04:11,377 | INFO  | DNAudit | user=null | ip=null | op=WRITE_CHUNK {blockData=conID: 3 locID: 102650154278126163 bcsId: 0} | ret=SUCCESS |  
2019-08-20 16:04:11,377 | INFO  | DNAudit | user=null | ip=null | op=WRITE_CHUNK {blockData=conID: 3 locID: 102650154278126163 bcsId: 0} | ret=SUCCESS |  
2019-08-20 16:04:11,378 | INFO  | DNAudit | user=null | ip=null | op=WRITE_CHUNK {blockData=conID: 3 locID: 102650154278126163 bcsId: 0} | ret=SUCCESS |  
2019-08-20 16:04:11,380 | INFO  | DNAudit | user=null | ip=null | op=WRITE_CHUNK {blockData=conID: 3 locID: 102650154278126163 bcsId: 0} | ret=SUCCESS |  
2019-08-20 16:04:11,380 | INFO  | DNAudit | user=null | ip=null | op=WRITE_CHUNK {blockData=conID: 3 locID: 102650154278126163 bcsId: 0} | ret=SUCCESS |  
2019-08-20 16:04:11,380 | INFO  | DNAudit | user=null | ip=null | op=PUT_BLOCK {blockData=[blockId=conID: 3 locID: 102650154278126163 bcsId: 0,size=1048576]} | ret=SUCCESS |  
2019-08-20 16:04:11,381 [grpc-default-executor-5] INFO  client.GrpcClientProtocolClient (GrpcClientProtocolClient.java:onNext(255)) - client-EAA342753240->9a4a4c23-9ff3-4ce3-a619-2c71c0869997: receive RaftClientReply:client-EAA342753240->9a4a4c23-9ff3-4ce3-a619-2c71c0869997@group-EC4211DF0353, cid=2512, SUCCESS, logIndex=3722, commits[9a4a4c23-9ff3-4ce3-a619-2c71c0869997:c3723, 9b0072ab-15b3-4973-9bcb-7fa02f6bfea9:c3721, 9f215ef2-7d46-4cda-b695-cae1b893f75f:c3721]
2019-08-20 16:04:11,381 | INFO  | DNAudit | user=null | ip=null | op=WRITE_CHUNK {blockData=conID: 3 locID: 102650154278126163 bcsId: 0} | ret=SUCCESS |  
2019-08-20 16:04:11,381 [grpc-default-executor-5] INFO  client.GrpcClientProtocolClient (GrpcClientProtocolClient.java:onNext(255)) - client-EAA342753240->9a4a4c23-9ff3-4ce3-a619-2c71c0869997: receive RaftClientReply:client-EAA342753240->9a4a4c23-9ff3-4ce3-a619-2c71c0869997@group-EC4211DF0353, cid=2513, SUCCESS, logIndex=3723, commits[9a4a4c23-9ff3-4ce3-a619-2c71c0869997:c3723, 9b0072ab-15b3-4973-9bcb-7fa02f6bfea9:c3721, 9f215ef2-7d46-4cda-b695-cae1b893f75f:c3721]
2019-08-20 16:04:11,381 | INFO  | DNAudit | user=null | ip=null | op=PUT_BLOCK {blockData=[blockId=conID: 3 locID: 102650154278126163 bcsId: 0,size=2097152]} | ret=SUCCESS |  
2019-08-20 16:04:11,381 [grpc-default-executor-5] INFO  client.GrpcClientProtocolClient (GrpcClientProtocolClient.java:onNext(255)) - client-EAA342753240->9a4a4c23-9ff3-4ce3-a619-2c71c0869997: receive RaftClientReply:client-EAA342753240->9a4a4c23-9ff3-4ce3-a619-2c71c0869997@group-EC4211DF0353, cid=2514, SUCCESS, logIndex=3724, commits[9a4a4c23-9ff3-4ce3-a619-2c71c0869997:c3725, 9b0072ab-15b3-4973-9bcb-7fa02f6bfea9:c3721, 9f215ef2-7d46-4cda-b695-cae1b893f75f:c3721]
2019-08-20 16:04:11,382 [grpc-default-executor-5] INFO  client.GrpcClientProtocolClient (GrpcClientProtocolClient.java:onNext(255)) - client-EAA342753240->9a4a4c23-9ff3-4ce3-a619-2c71c0869997: receive RaftClientReply:client-EAA342753240->9a4a4c23-9ff3-4ce3-a619-2c71c0869997@group-EC4211DF0353, cid=2515, SUCCESS, logIndex=3725, commits[9a4a4c23-9ff3-4ce3-a619-2c71c0869997:c3725, 9b0072ab-15b3-4973-9bcb-7fa02f6bfea9:c3721, 9f215ef2-7d46-4cda-b695-cae1b893f75f:c3721]
2019-08-20 16:04:11,394 | INFO  | DNAudit | user=null | ip=null | op=WRITE_CHUNK {blockData=conID: 3 locID: 102650154278126163 bcsId: 0} | ret=SUCCESS |  
2019-08-20 16:04:11,394 | INFO  | DNAudit | user=null | ip=null | op=PUT_BLOCK {blockData=[blockId=conID: 3 locID: 102650154278126163 bcsId: 0,size=1048576]} | ret=SUCCESS |  
2019-08-20 16:04:11,394 | INFO  | DNAudit | user=null | ip=null | op=WRITE_CHUNK {blockData=conID: 3 locID: 102650154278126163 bcsId: 0} | ret=SUCCESS |  
2019-08-20 16:04:11,395 | INFO  | DNAudit | user=null | ip=null | op=PUT_BLOCK {blockData=[blockId=conID: 3 locID: 102650154278126163 bcsId: 0,size=1048576]} | ret=SUCCESS |  
2019-08-20 16:04:11,395 | INFO  | DNAudit | user=null | ip=null | op=WRITE_CHUNK {blockData=conID: 3 locID: 102650154278126163 bcsId: 0} | ret=SUCCESS |  
2019-08-20 16:04:11,395 [grpc-default-executor-5] INFO  client.GrpcClientProtocolClient (GrpcClientProtocolClient.java:onNext(255)) - client-EAA342753240->9a4a4c23-9ff3-4ce3-a619-2c71c0869997: receive RaftClientReply:client-EAA342753240->9a4a4c23-9ff3-4ce3-a619-2c71c0869997@group-EC4211DF0353, cid=2516, SUCCESS, logIndex=0, commits[9a4a4c23-9ff3-4ce3-a619-2c71c0869997:c3727, 9b0072ab-15b3-4973-9bcb-7fa02f6bfea9:c3723, 9f215ef2-7d46-4cda-b695-cae1b893f75f:c3723]
2019-08-20 16:04:11,395 | INFO  | DNAudit | user=null | ip=null | op=WRITE_CHUNK {blockData=conID: 3 locID: 102650154278126163 bcsId: 0} | ret=SUCCESS |  
2019-08-20 16:04:11,395 | INFO  | DNAudit | user=null | ip=null | op=PUT_BLOCK {blockData=[blockId=conID: 3 locID: 102650154278126163 bcsId: 0,size=2097152]} | ret=SUCCESS |  
2019-08-20 16:04:11,395 | INFO  | DNAudit | user=null | ip=null | op=PUT_BLOCK {blockData=[blockId=conID: 3 locID: 102650154278126163 bcsId: 0,size=2097152]} | ret=SUCCESS |  
2019-08-20 16:04:11,401 | INFO  | DNAudit | user=null | ip=null | op=WRITE_CHUNK {blockData=conID: 3 locID: 102650154278126163 bcsId: 3725} | ret=SUCCESS |  
2019-08-20 16:04:11,403 | INFO  | DNAudit | user=null | ip=null | op=WRITE_CHUNK {blockData=conID: 3 locID: 102650154278126163 bcsId: 3725} | ret=SUCCESS |  
2019-08-20 16:04:11,403 | INFO  | DNAudit | user=null | ip=null | op=WRITE_CHUNK {blockData=conID: 3 locID: 102650154278126163 bcsId: 3725} | ret=SUCCESS |  
2019-08-20 16:04:11,408 | INFO  | DNAudit | user=null | ip=null | op=WRITE_CHUNK {blockData=conID: 3 locID: 102650154278126163 bcsId: 3725} | ret=SUCCESS |  
2019-08-20 16:04:11,408 | INFO  | DNAudit | user=null | ip=null | op=PUT_BLOCK {blockData=[blockId=conID: 3 locID: 102650154278126163 bcsId: 0,size=3145728]} | ret=SUCCESS |  
2019-08-20 16:04:11,408 [grpc-default-executor-5] INFO  client.GrpcClientProtocolClient (GrpcClientProtocolClient.java:onNext(255)) - client-EAA342753240->9a4a4c23-9ff3-4ce3-a619-2c71c0869997: receive RaftClientReply:client-EAA342753240->9a4a4c23-9ff3-4ce3-a619-2c71c0869997@group-EC4211DF0353, cid=2517, SUCCESS, logIndex=3730, commits[9a4a4c23-9ff3-4ce3-a619-2c71c0869997:c3731, 9b0072ab-15b3-4973-9bcb-7fa02f6bfea9:c3729, 9f215ef2-7d46-4cda-b695-cae1b893f75f:c3729]
2019-08-20 16:04:11,409 [grpc-default-executor-5] INFO  client.GrpcClientProtocolClient (GrpcClientProtocolClient.java:onNext(255)) - client-EAA342753240->9a4a4c23-9ff3-4ce3-a619-2c71c0869997: receive RaftClientReply:client-EAA342753240->9a4a4c23-9ff3-4ce3-a619-2c71c0869997@group-EC4211DF0353, cid=2518, SUCCESS, logIndex=3731, commits[9a4a4c23-9ff3-4ce3-a619-2c71c0869997:c3731, 9b0072ab-15b3-4973-9bcb-7fa02f6bfea9:c3729, 9f215ef2-7d46-4cda-b695-cae1b893f75f:c3729]
2019-08-20 16:04:11,414 | INFO  | DNAudit | user=null | ip=null | op=WRITE_CHUNK {blockData=conID: 3 locID: 102650154278126163 bcsId: 3731} | ret=SUCCESS |  
2019-08-20 16:04:11,416 | INFO  | DNAudit | user=null | ip=null | op=WRITE_CHUNK {blockData=conID: 3 locID: 102650154278126163 bcsId: 3731} | ret=SUCCESS |  
2019-08-20 16:04:11,417 | INFO  | DNAudit | user=null | ip=null | op=WRITE_CHUNK {blockData=conID: 3 locID: 102650154278126163 bcsId: 3731} | ret=SUCCESS |  
2019-08-20 16:04:11,422 | INFO  | DNAudit | user=null | ip=null | op=WRITE_CHUNK {blockData=conID: 3 locID: 102650154278126163 bcsId: 3725} | ret=SUCCESS |  
2019-08-20 16:04:11,422 | INFO  | DNAudit | user=null | ip=null | op=WRITE_CHUNK {blockData=conID: 3 locID: 102650154278126163 bcsId: 3725} | ret=SUCCESS |  
2019-08-20 16:04:11,422 | INFO  | DNAudit | user=null | ip=null | op=PUT_BLOCK {blockData=[blockId=conID: 3 locID: 102650154278126163 bcsId: 0,size=3145728]} | ret=SUCCESS |  
2019-08-20 16:04:11,422 | INFO  | DNAudit | user=null | ip=null | op=PUT_BLOCK {blockData=[blockId=conID: 3 locID: 102650154278126163 bcsId: 0,size=3145728]} | ret=SUCCESS |  
2019-08-20 16:04:11,423 | INFO  | DNAudit | user=null | ip=null | op=WRITE_CHUNK {blockData=conID: 3 locID: 102650154278126163 bcsId: 3731} | ret=SUCCESS |  
2019-08-20 16:04:11,424 | INFO  | DNAudit | user=null | ip=null | op=PUT_BLOCK {blockData=[blockId=conID: 3 locID: 102650154278126163 bcsId: 0,size=4194304]} | ret=SUCCESS |  
2019-08-20 16:04:11,424 [grpc-default-executor-0] INFO  client.GrpcClientProtocolClient (GrpcClientProtocolClient.java:onNext(255)) - client-EAA342753240->9a4a4c23-9ff3-4ce3-a619-2c71c0869997: receive RaftClientReply:client-EAA342753240->9a4a4c23-9ff3-4ce3-a619-2c71c0869997@group-EC4211DF0353, cid=2519, SUCCESS, logIndex=3734, commits[9a4a4c23-9ff3-4ce3-a619-2c71c0869997:c3735, 9b0072ab-15b3-4973-9bcb-7fa02f6bfea9:c3731, 9f215ef2-7d46-4cda-b695-cae1b893f75f:c3731]
2019-08-20 16:04:11,424 [grpc-default-executor-0] INFO  client.GrpcClientProtocolClient (GrpcClientProtocolClient.java:onNext(255)) - client-EAA342753240->9a4a4c23-9ff3-4ce3-a619-2c71c0869997: receive RaftClientReply:client-EAA342753240->9a4a4c23-9ff3-4ce3-a619-2c71c0869997@group-EC4211DF0353, cid=2520, SUCCESS, logIndex=3735, commits[9a4a4c23-9ff3-4ce3-a619-2c71c0869997:c3735, 9b0072ab-15b3-4973-9bcb-7fa02f6bfea9:c3731, 9f215ef2-7d46-4cda-b695-cae1b893f75f:c3731]
2019-08-20 16:04:11,435 | INFO  | DNAudit | user=null | ip=null | op=WRITE_CHUNK {blockData=conID: 3 locID: 102650154278126163 bcsId: 3731} | ret=SUCCESS |  
2019-08-20 16:04:11,435 | INFO  | DNAudit | user=null | ip=null | op=WRITE_CHUNK {blockData=conID: 3 locID: 102650154278126163 bcsId: 3731} | ret=SUCCESS |  
2019-08-20 16:04:11,438 | INFO  | DNAudit | user=null | ip=null | op=PUT_BLOCK {blockData=[blockId=conID: 3 locID: 102650154278126163 bcsId: 0,size=4194304]} | ret=SUCCESS |  
2019-08-20 16:04:11,438 | INFO  | DNAudit | user=null | ip=null | op=PUT_BLOCK {blockData=[blockId=conID: 3 locID: 102650154278126163 bcsId: 0,size=4194304]} | ret=SUCCESS |  
2019-08-20 16:04:11,438 [grpc-default-executor-0] INFO  client.GrpcClientProtocolClient (GrpcClientProtocolClient.java:onNext(255)) - client-EAA342753240->9a4a4c23-9ff3-4ce3-a619-2c71c0869997: receive RaftClientReply:client-EAA342753240->9a4a4c23-9ff3-4ce3-a619-2c71c0869997@group-EC4211DF0353, cid=2521, SUCCESS, logIndex=0, commits[9a4a4c23-9ff3-4ce3-a619-2c71c0869997:c3737, 9b0072ab-15b3-4973-9bcb-7fa02f6bfea9:c3735, 9f215ef2-7d46-4cda-b695-cae1b893f75f:c3735]
2019-08-20 16:04:11,442 | INFO  | SCMAudit | user=jenkins1000 | ip=192.168.69.96 | op=ALLOCATE_BLOCK {owner=ea4851f9-218c-4af7-91b4-edb777a4888c, size=4194304, type=RATIS, factor=THREE} | ret=SUCCESS |  
2019-08-20 16:04:11,444 | INFO  | OMAudit | user=jenkins1000 | ip=127.0.0.1 | op=ALLOCATE_BLOCK {volume=vol-0-94146, bucket=bucket-0-90789, key=key-0-25609, dataSize=0, replicationType=null, replicationFactor=null, keyLocationInfo=null, clientID=102650152704082322} | ret=SUCCESS |  
2019-08-20 16:04:11,450 | INFO  | DNAudit | user=null | ip=null | op=WRITE_CHUNK {blockData=conID: 1 locID: 102650154283303508 bcsId: 0} | ret=SUCCESS |  
2019-08-20 16:04:11,451 | INFO  | DNAudit | user=null | ip=null | op=WRITE_CHUNK {blockData=conID: 1 locID: 102650154283303508 bcsId: 0} | ret=SUCCESS |  
2019-08-20 16:04:11,452 | INFO  | DNAudit | user=null | ip=null | op=WRITE_CHUNK {blockData=conID: 1 locID: 102650154283303508 bcsId: 0} | ret=SUCCESS |  
2019-08-20 16:04:11,452 | INFO  | DNAudit | user=null | ip=null | op=WRITE_CHUNK {blockData=conID: 1 locID: 102650154283303508 bcsId: 0} | ret=SUCCESS |  
2019-08-20 16:04:11,454 | INFO  | DNAudit | user=null | ip=null | op=WRITE_CHUNK {blockData=conID: 1 locID: 102650154283303508 bcsId: 0} | ret=SUCCESS |  
2019-08-20 16:04:11,454 | INFO  | DNAudit | user=null | ip=null | op=WRITE_CHUNK {blockData=conID: 1 locID: 102650154283303508 bcsId: 0} | ret=SUCCESS |  
2019-08-20 16:04:11,522 | INFO  | DNAudit | user=null | ip=null | op=WRITE_CHUNK {blockData=conID: 1 locID: 102650154283303508 bcsId: 0} | ret=SUCCESS |  
2019-08-20 16:04:11,522 | INFO  | DNAudit | user=null | ip=null | op=PUT_BLOCK {blockData=[blockId=conID: 1 locID: 102650154283303508 bcsId: 0,size=1048576]} | ret=SUCCESS |  
2019-08-20 16:04:11,522 [grpc-default-executor-0] INFO  client.GrpcClientProtocolClient (GrpcClientProtocolClient.java:onNext(255)) - client-EAA342753240->9a4a4c23-9ff3-4ce3-a619-2c71c0869997: receive RaftClientReply:client-EAA342753240->9a4a4c23-9ff3-4ce3-a619-2c71c0869997@group-EC4211DF0353, cid=2522, SUCCESS, logIndex=3738, commits[9a4a4c23-9ff3-4ce3-a619-2c71c0869997:c3739, 9b0072ab-15b3-4973-9bcb-7fa02f6bfea9:c3737, 9f215ef2-7d46-4cda-b695-cae1b893f75f:c3737]
2019-08-20 16:04:11,523 [grpc-default-executor-0] INFO  client.GrpcClientProtocolClient (GrpcClientProtocolClient.java:onNext(255)) - client-EAA342753240->9a4a4c23-9ff3-4ce3-a619-2c71c0869997: receive RaftClientReply:client-EAA342753240->9a4a4c23-9ff3-4ce3-a619-2c71c0869997@group-EC4211DF0353, cid=2523, SUCCESS, logIndex=3739, commits[9a4a4c23-9ff3-4ce3-a619-2c71c0869997:c3739, 9b0072ab-15b3-4973-9bcb-7fa02f6bfea9:c3737, 9f215ef2-7d46-4cda-b695-cae1b893f75f:c3737]
2019-08-20 16:04:11,558 | INFO  | DNAudit | user=null | ip=null | op=WRITE_CHUNK {blockData=conID: 1 locID: 102650154283303508 bcsId: 0} | ret=SUCCESS |  
2019-08-20 16:04:11,558 | INFO  | DNAudit | user=null | ip=null | op=WRITE_CHUNK {blockData=conID: 1 locID: 102650154283303508 bcsId: 0} | ret=SUCCESS |  
2019-08-20 16:04:11,558 | INFO  | DNAudit | user=null | ip=null | op=PUT_BLOCK {blockData=[blockId=conID: 1 locID: 102650154283303508 bcsId: 0,size=1048576]} | ret=SUCCESS |  
2019-08-20 16:04:11,558 | INFO  | DNAudit | user=null | ip=null | op=PUT_BLOCK {blockData=[blockId=conID: 1 locID: 102650154283303508 bcsId: 0,size=2097152]} | ret=SUCCESS |  
2019-08-20 16:04:11,558 [grpc-default-executor-1] INFO  client.GrpcClientProtocolClient (GrpcClientProtocolClient.java:onNext(255)) - client-EAA342753240->9a4a4c23-9ff3-4ce3-a619-2c71c0869997: receive RaftClientReply:client-EAA342753240->9a4a4c23-9ff3-4ce3-a619-2c71c0869997@group-EC4211DF0353, cid=2524, SUCCESS, logIndex=3740, commits[9a4a4c23-9ff3-4ce3-a619-2c71c0869997:c3741, 9b0072ab-15b3-4973-9bcb-7fa02f6bfea9:c3739, 9f215ef2-7d46-4cda-b695-cae1b893f75f:c3737]
2019-08-20 16:04:11,559 | INFO  | DNAudit | user=null | ip=null | op=WRITE_CHUNK {blockData=conID: 1 locID: 102650154283303508 bcsId: 0} | ret=SUCCESS |  
2019-08-20 16:04:11,559 | INFO  | DNAudit | user=null | ip=null | op=PUT_BLOCK {blockData=[blockId=conID: 1 locID: 102650154283303508 bcsId: 0,size=1048576]} | ret=SUCCESS |  
2019-08-20 16:04:11,559 [grpc-default-executor-1] INFO  client.GrpcClientProtocolClient (GrpcClientProtocolClient.java:onNext(255)) - client-EAA342753240->9a4a4c23-9ff3-4ce3-a619-2c71c0869997: receive RaftClientReply:client-EAA342753240->9a4a4c23-9ff3-4ce3-a619-2c71c0869997@group-EC4211DF0353, cid=2525, SUCCESS, logIndex=3741, commits[9a4a4c23-9ff3-4ce3-a619-2c71c0869997:c3741, 9b0072ab-15b3-4973-9bcb-7fa02f6bfea9:c3739, 9f215ef2-7d46-4cda-b695-cae1b893f75f:c3737]
2019-08-20 16:04:11,560 [grpc-default-executor-1] INFO  client.GrpcClientProtocolClient (GrpcClientProtocolClient.java:onNext(255)) - client-EAA342753240->9a4a4c23-9ff3-4ce3-a619-2c71c0869997: receive RaftClientReply:client-EAA342753240->9a4a4c23-9ff3-4ce3-a619-2c71c0869997@group-EC4211DF0353, cid=2526, SUCCESS, logIndex=0, commits[9a4a4c23-9ff3-4ce3-a619-2c71c0869997:c3741, 9b0072ab-15b3-4973-9bcb-7fa02f6bfea9:c3739, 9f215ef2-7d46-4cda-b695-cae1b893f75f:c3739]
2019-08-20 16:04:11,560 | INFO  | DNAudit | user=null | ip=null | op=WRITE_CHUNK {blockData=conID: 1 locID: 102650154283303508 bcsId: 0} | ret=SUCCESS |  
2019-08-20 16:04:11,560 | INFO  | DNAudit | user=null | ip=null | op=PUT_BLOCK {blockData=[blockId=conID: 1 locID: 102650154283303508 bcsId: 0,size=2097152]} | ret=SUCCESS |  
2019-08-20 16:04:11,562 | INFO  | DNAudit | user=null | ip=null | op=WRITE_CHUNK {blockData=conID: 1 locID: 102650154283303508 bcsId: 0} | ret=SUCCESS |  
2019-08-20 16:04:11,563 | INFO  | DNAudit | user=null | ip=null | op=PUT_BLOCK {blockData=[blockId=conID: 1 locID: 102650154283303508 bcsId: 0,size=2097152]} | ret=SUCCESS |  
2019-08-20 16:04:11,566 | INFO  | DNAudit | user=null | ip=null | op=WRITE_CHUNK {blockData=conID: 1 locID: 102650154283303508 bcsId: 3741} | ret=SUCCESS |  
2019-08-20 16:04:11,569 | INFO  | DNAudit | user=null | ip=null | op=WRITE_CHUNK {blockData=conID: 1 locID: 102650154283303508 bcsId: 3741} | ret=SUCCESS |  
2019-08-20 16:04:11,569 | INFO  | DNAudit | user=null | ip=null | op=WRITE_CHUNK {blockData=conID: 1 locID: 102650154283303508 bcsId: 3741} | ret=SUCCESS |  
2019-08-20 16:04:11,670 | INFO  | DNAudit | user=null | ip=null | op=WRITE_CHUNK {blockData=conID: 1 locID: 102650154283303508 bcsId: 3741} | ret=SUCCESS |  
2019-08-20 16:04:11,671 | INFO  | DNAudit | user=null | ip=null | op=PUT_BLOCK {blockData=[blockId=conID: 1 locID: 102650154283303508 bcsId: 0,size=3145728]} | ret=SUCCESS |  
2019-08-20 16:04:11,671 [grpc-default-executor-0] INFO  client.GrpcClientProtocolClient (GrpcClientProtocolClient.java:onNext(255)) - client-EAA342753240->9a4a4c23-9ff3-4ce3-a619-2c71c0869997: receive RaftClientReply:client-EAA342753240->9a4a4c23-9ff3-4ce3-a619-2c71c0869997@group-EC4211DF0353, cid=2527, SUCCESS, logIndex=3746, commits[9a4a4c23-9ff3-4ce3-a619-2c71c0869997:c3747, 9b0072ab-15b3-4973-9bcb-7fa02f6bfea9:c3745, 9f215ef2-7d46-4cda-b695-cae1b893f75f:c3745]
2019-08-20 16:04:11,671 [grpc-default-executor-0] INFO  client.GrpcClientProtocolClient (GrpcClientProtocolClient.java:onNext(255)) - client-EAA342753240->9a4a4c23-9ff3-4ce3-a619-2c71c0869997: receive RaftClientReply:client-EAA342753240->9a4a4c23-9ff3-4ce3-a619-2c71c0869997@group-EC4211DF0353, cid=2528, SUCCESS, logIndex=3747, commits[9a4a4c23-9ff3-4ce3-a619-2c71c0869997:c3747, 9b0072ab-15b3-4973-9bcb-7fa02f6bfea9:c3745, 9f215ef2-7d46-4cda-b695-cae1b893f75f:c3745]
2019-08-20 16:04:11,680 | INFO  | DNAudit | user=null | ip=null | op=WRITE_CHUNK {blockData=conID: 1 locID: 102650154283303508 bcsId: 3747} | ret=SUCCESS |  
2019-08-20 16:04:11,682 | INFO  | DNAudit | user=null | ip=null | op=WRITE_CHUNK {blockData=conID: 1 locID: 102650154283303508 bcsId: 3747} | ret=SUCCESS |  
2019-08-20 16:04:11,683 | INFO  | DNAudit | user=null | ip=null | op=WRITE_CHUNK {blockData=conID: 1 locID: 102650154283303508 bcsId: 3747} | ret=SUCCESS |  
2019-08-20 16:04:11,687 | INFO  | DNAudit | user=null | ip=null | op=WRITE_CHUNK {blockData=conID: 1 locID: 102650154283303508 bcsId: 3741} | ret=SUCCESS |  
2019-08-20 16:04:11,687 | INFO  | DNAudit | user=null | ip=null | op=WRITE_CHUNK {blockData=conID: 1 locID: 102650154283303508 bcsId: 3741} | ret=SUCCESS |  
2019-08-20 16:04:11,690 | INFO  | DNAudit | user=null | ip=null | op=PUT_BLOCK {blockData=[blockId=conID: 1 locID: 102650154283303508 bcsId: 0,size=3145728]} | ret=SUCCESS |  
2019-08-20 16:04:11,690 | INFO  | DNAudit | user=null | ip=null | op=PUT_BLOCK {blockData=[blockId=conID: 1 locID: 102650154283303508 bcsId: 0,size=3145728]} | ret=SUCCESS |  
2019-08-20 16:04:11,690 | INFO  | DNAudit | user=null | ip=null | op=WRITE_CHUNK {blockData=conID: 1 locID: 102650154283303508 bcsId: 3747} | ret=SUCCESS |  
2019-08-20 16:04:11,691 | INFO  | DNAudit | user=null | ip=null | op=PUT_BLOCK {blockData=[blockId=conID: 1 locID: 102650154283303508 bcsId: 0,size=4194304]} | ret=SUCCESS |  
2019-08-20 16:04:11,691 [grpc-default-executor-0] INFO  client.GrpcClientProtocolClient (GrpcClientProtocolClient.java:onNext(255)) - client-EAA342753240->9a4a4c23-9ff3-4ce3-a619-2c71c0869997: receive RaftClientReply:client-EAA342753240->9a4a4c23-9ff3-4ce3-a619-2c71c0869997@group-EC4211DF0353, cid=2529, SUCCESS, logIndex=3750, commits[9a4a4c23-9ff3-4ce3-a619-2c71c0869997:c3751, 9b0072ab-15b3-4973-9bcb-7fa02f6bfea9:c3747, 9f215ef2-7d46-4cda-b695-cae1b893f75f:c3747]
2019-08-20 16:04:11,692 [grpc-default-executor-0] INFO  client.GrpcClientProtocolClient (GrpcClientProtocolClient.java:onNext(255)) - client-EAA342753240->9a4a4c23-9ff3-4ce3-a619-2c71c0869997: receive RaftClientReply:client-EAA342753240->9a4a4c23-9ff3-4ce3-a619-2c71c0869997@group-EC4211DF0353, cid=2530, SUCCESS, logIndex=3751, commits[9a4a4c23-9ff3-4ce3-a619-2c71c0869997:c3751, 9b0072ab-15b3-4973-9bcb-7fa02f6bfea9:c3747, 9f215ef2-7d46-4cda-b695-cae1b893f75f:c3747]
2019-08-20 16:04:11,701 | INFO  | DNAudit | user=null | ip=null | op=WRITE_CHUNK {blockData=conID: 1 locID: 102650154283303508 bcsId: 3747} | ret=SUCCESS |  
2019-08-20 16:04:11,701 | INFO  | DNAudit | user=null | ip=null | op=WRITE_CHUNK {blockData=conID: 1 locID: 102650154283303508 bcsId: 3747} | ret=SUCCESS |  
2019-08-20 16:04:11,704 | INFO  | DNAudit | user=null | ip=null | op=PUT_BLOCK {blockData=[blockId=conID: 1 locID: 102650154283303508 bcsId: 0,size=4194304]} | ret=SUCCESS |  
2019-08-20 16:04:11,704 | INFO  | DNAudit | user=null | ip=null | op=PUT_BLOCK {blockData=[blockId=conID: 1 locID: 102650154283303508 bcsId: 0,size=4194304]} | ret=SUCCESS |  
2019-08-20 16:04:11,704 [grpc-default-executor-3] INFO  client.GrpcClientProtocolClient (GrpcClientProtocolClient.java:onNext(255)) - client-EAA342753240->9a4a4c23-9ff3-4ce3-a619-2c71c0869997: receive RaftClientReply:client-EAA342753240->9a4a4c23-9ff3-4ce3-a619-2c71c0869997@group-EC4211DF0353, cid=2531, SUCCESS, logIndex=0, commits[9a4a4c23-9ff3-4ce3-a619-2c71c0869997:c3752, 9b0072ab-15b3-4973-9bcb-7fa02f6bfea9:c3751, 9f215ef2-7d46-4cda-b695-cae1b893f75f:c3751]
2019-08-20 16:04:11,710 | INFO  | SCMAudit | user=jenkins1000 | ip=192.168.69.96 | op=ALLOCATE_BLOCK {owner=ea4851f9-218c-4af7-91b4-edb777a4888c, size=4194304, type=RATIS, factor=THREE} | ret=SUCCESS |  
2019-08-20 16:04:11,713 | INFO  | OMAudit | user=jenkins1000 | ip=127.0.0.1 | op=ALLOCATE_BLOCK {volume=vol-0-94146, bucket=bucket-0-90789, key=key-0-25609, dataSize=0, replicationType=null, replicationFactor=null, keyLocationInfo=null, clientID=102650152704082322} | ret=SUCCESS |  
2019-08-20 16:04:11,721 | INFO  | DNAudit | user=null | ip=null | op=WRITE_CHUNK {blockData=conID: 2 locID: 102650154300867157 bcsId: 0} | ret=SUCCESS |  
2019-08-20 16:04:11,724 | INFO  | DNAudit | user=null | ip=null | op=WRITE_CHUNK {blockData=conID: 2 locID: 102650154300867157 bcsId: 0} | ret=SUCCESS |  
2019-08-20 16:04:11,725 | INFO  | DNAudit | user=null | ip=null | op=WRITE_CHUNK {blockData=conID: 2 locID: 102650154300867157 bcsId: 0} | ret=SUCCESS |  
2019-08-20 16:04:11,725 | INFO  | DNAudit | user=null | ip=null | op=WRITE_CHUNK {blockData=conID: 2 locID: 102650154300867157 bcsId: 0} | ret=SUCCESS |  
2019-08-20 16:04:11,726 | INFO  | DNAudit | user=null | ip=null | op=WRITE_CHUNK {blockData=conID: 2 locID: 102650154300867157 bcsId: 0} | ret=SUCCESS |  
2019-08-20 16:04:11,727 | INFO  | DNAudit | user=null | ip=null | op=WRITE_CHUNK {blockData=conID: 2 locID: 102650154300867157 bcsId: 0} | ret=SUCCESS |  
2019-08-20 16:04:11,733 | INFO  | DNAudit | user=null | ip=null | op=WRITE_CHUNK {blockData=conID: 2 locID: 102650154300867157 bcsId: 0} | ret=SUCCESS |  
2019-08-20 16:04:11,734 | INFO  | DNAudit | user=null | ip=null | op=PUT_BLOCK {blockData=[blockId=conID: 2 locID: 102650154300867157 bcsId: 0,size=1048576]} | ret=SUCCESS |  
2019-08-20 16:04:11,734 [grpc-default-executor-0] INFO  client.GrpcClientProtocolClient (GrpcClientProtocolClient.java:onNext(255)) - client-EAA342753240->9a4a4c23-9ff3-4ce3-a619-2c71c0869997: receive RaftClientReply:client-EAA342753240->9a4a4c23-9ff3-4ce3-a619-2c71c0869997@group-EC4211DF0353, cid=2532, SUCCESS, logIndex=3754, commits[9a4a4c23-9ff3-4ce3-a619-2c71c0869997:c3756, 9b0072ab-15b3-4973-9bcb-7fa02f6bfea9:c3753, 9f215ef2-7d46-4cda-b695-cae1b893f75f:c3753]
2019-08-20 16:04:11,734 | INFO  | DNAudit | user=null | ip=null | op=WRITE_CHUNK {blockData=conID: 2 locID: 102650154300867157 bcsId: 0} | ret=SUCCESS |  
2019-08-20 16:04:11,735 | INFO  | DNAudit | user=null | ip=null | op=PUT_BLOCK {blockData=[blockId=conID: 2 locID: 102650154300867157 bcsId: 0,size=2097152]} | ret=SUCCESS |  
2019-08-20 16:04:11,735 [grpc-default-executor-0] INFO  client.GrpcClientProtocolClient (GrpcClientProtocolClient.java:onNext(255)) - client-EAA342753240->9a4a4c23-9ff3-4ce3-a619-2c71c0869997: receive RaftClientReply:client-EAA342753240->9a4a4c23-9ff3-4ce3-a619-2c71c0869997@group-EC4211DF0353, cid=2533, SUCCESS, logIndex=3755, commits[9a4a4c23-9ff3-4ce3-a619-2c71c0869997:c3757, 9b0072ab-15b3-4973-9bcb-7fa02f6bfea9:c3753, 9f215ef2-7d46-4cda-b695-cae1b893f75f:c3753]
2019-08-20 16:04:11,735 [grpc-default-executor-0] INFO  client.GrpcClientProtocolClient (GrpcClientProtocolClient.java:onNext(255)) - client-EAA342753240->9a4a4c23-9ff3-4ce3-a619-2c71c0869997: receive RaftClientReply:client-EAA342753240->9a4a4c23-9ff3-4ce3-a619-2c71c0869997@group-EC4211DF0353, cid=2534, SUCCESS, logIndex=3756, commits[9a4a4c23-9ff3-4ce3-a619-2c71c0869997:c3757, 9b0072ab-15b3-4973-9bcb-7fa02f6bfea9:c3753, 9f215ef2-7d46-4cda-b695-cae1b893f75f:c3753]
2019-08-20 16:04:11,735 | INFO  | DNAudit | user=null | ip=null | op=WRITE_CHUNK {blockData=conID: 2 locID: 102650154300867157 bcsId: 0} | ret=SUCCESS |  
2019-08-20 16:04:11,736 [grpc-default-executor-0] INFO  client.GrpcClientProtocolClient (GrpcClientProtocolClient.java:onNext(255)) - client-EAA342753240->9a4a4c23-9ff3-4ce3-a619-2c71c0869997: receive RaftClientReply:client-EAA342753240->9a4a4c23-9ff3-4ce3-a619-2c71c0869997@group-EC4211DF0353, cid=2535, SUCCESS, logIndex=3757, commits[9a4a4c23-9ff3-4ce3-a619-2c71c0869997:c3757, 9b0072ab-15b3-4973-9bcb-7fa02f6bfea9:c3753, 9f215ef2-7d46-4cda-b695-cae1b893f75f:c3753]
2019-08-20 16:04:11,736 | INFO  | DNAudit | user=null | ip=null | op=PUT_BLOCK {blockData=[blockId=conID: 2 locID: 102650154300867157 bcsId: 0,size=1048576]} | ret=SUCCESS |  
2019-08-20 16:04:11,736 | INFO  | DNAudit | user=null | ip=null | op=WRITE_CHUNK {blockData=conID: 2 locID: 102650154300867157 bcsId: 0} | ret=SUCCESS |  
2019-08-20 16:04:11,736 | INFO  | DNAudit | user=null | ip=null | op=WRITE_CHUNK {blockData=conID: 2 locID: 102650154300867157 bcsId: 0} | ret=SUCCESS |  
2019-08-20 16:04:11,736 | INFO  | DNAudit | user=null | ip=null | op=PUT_BLOCK {blockData=[blockId=conID: 2 locID: 102650154300867157 bcsId: 0,size=2097152]} | ret=SUCCESS |  
2019-08-20 16:04:11,737 | INFO  | DNAudit | user=null | ip=null | op=PUT_BLOCK {blockData=[blockId=conID: 2 locID: 102650154300867157 bcsId: 0,size=1048576]} | ret=SUCCESS |  
2019-08-20 16:04:11,737 | INFO  | DNAudit | user=null | ip=null | op=WRITE_CHUNK {blockData=conID: 2 locID: 102650154300867157 bcsId: 0} | ret=SUCCESS |  
2019-08-20 16:04:11,737 | INFO  | DNAudit | user=null | ip=null | op=PUT_BLOCK {blockData=[blockId=conID: 2 locID: 102650154300867157 bcsId: 0,size=2097152]} | ret=SUCCESS |  
2019-08-20 16:04:11,737 [grpc-default-executor-0] INFO  client.GrpcClientProtocolClient (GrpcClientProtocolClient.java:onNext(255)) - client-EAA342753240->9a4a4c23-9ff3-4ce3-a619-2c71c0869997: receive RaftClientReply:client-EAA342753240->9a4a4c23-9ff3-4ce3-a619-2c71c0869997@group-EC4211DF0353, cid=2536, SUCCESS, logIndex=0, commits[9a4a4c23-9ff3-4ce3-a619-2c71c0869997:c3760, 9b0072ab-15b3-4973-9bcb-7fa02f6bfea9:c3755, 9f215ef2-7d46-4cda-b695-cae1b893f75f:c3757]
2019-08-20 16:04:11,744 | INFO  | DNAudit | user=null | ip=null | op=WRITE_CHUNK {blockData=conID: 2 locID: 102650154300867157 bcsId: 3757} | ret=SUCCESS |  
2019-08-20 16:04:11,747 | INFO  | DNAudit | user=null | ip=null | op=WRITE_CHUNK {blockData=conID: 2 locID: 102650154300867157 bcsId: 3757} | ret=SUCCESS |  
2019-08-20 16:04:11,747 | INFO  | DNAudit | user=null | ip=null | op=WRITE_CHUNK {blockData=conID: 2 locID: 102650154300867157 bcsId: 3757} | ret=SUCCESS |  
2019-08-20 16:04:11,839 | INFO  | DNAudit | user=null | ip=null | op=WRITE_CHUNK {blockData=conID: 2 locID: 102650154300867157 bcsId: 3757} | ret=SUCCESS |  
2019-08-20 16:04:11,840 | INFO  | DNAudit | user=null | ip=null | op=PUT_BLOCK {blockData=[blockId=conID: 2 locID: 102650154300867157 bcsId: 0,size=3145728]} | ret=SUCCESS |  
2019-08-20 16:04:11,840 [grpc-default-executor-3] INFO  client.GrpcClientProtocolClient (GrpcClientProtocolClient.java:onNext(255)) - client-EAA342753240->9a4a4c23-9ff3-4ce3-a619-2c71c0869997: receive RaftClientReply:client-EAA342753240->9a4a4c23-9ff3-4ce3-a619-2c71c0869997@group-EC4211DF0353, cid=2537, SUCCESS, logIndex=3762, commits[9a4a4c23-9ff3-4ce3-a619-2c71c0869997:c3763, 9b0072ab-15b3-4973-9bcb-7fa02f6bfea9:c3761, 9f215ef2-7d46-4cda-b695-cae1b893f75f:c3761]
2019-08-20 16:04:11,840 [grpc-default-executor-3] INFO  client.GrpcClientProtocolClient (GrpcClientProtocolClient.java:onNext(255)) - client-EAA342753240->9a4a4c23-9ff3-4ce3-a619-2c71c0869997: receive RaftClientReply:client-EAA342753240->9a4a4c23-9ff3-4ce3-a619-2c71c0869997@group-EC4211DF0353, cid=2538, SUCCESS, logIndex=3763, commits[9a4a4c23-9ff3-4ce3-a619-2c71c0869997:c3763, 9b0072ab-15b3-4973-9bcb-7fa02f6bfea9:c3761, 9f215ef2-7d46-4cda-b695-cae1b893f75f:c3761]
2019-08-20 16:04:11,847 | INFO  | DNAudit | user=null | ip=null | op=WRITE_CHUNK {blockData=conID: 2 locID: 102650154300867157 bcsId: 3757} | ret=SUCCESS |  
2019-08-20 16:04:11,847 | INFO  | DNAudit | user=null | ip=null | op=WRITE_CHUNK {blockData=conID: 2 locID: 102650154300867157 bcsId: 3757} | ret=SUCCESS |  
2019-08-20 16:04:11,847 | INFO  | DNAudit | user=null | ip=null | op=PUT_BLOCK {blockData=[blockId=conID: 2 locID: 102650154300867157 bcsId: 0,size=3145728]} | ret=SUCCESS |  
2019-08-20 16:04:11,847 | INFO  | DNAudit | user=null | ip=null | op=PUT_BLOCK {blockData=[blockId=conID: 2 locID: 102650154300867157 bcsId: 0,size=3145728]} | ret=SUCCESS |  
2019-08-20 16:04:11,848 | INFO  | DNAudit | user=null | ip=null | op=WRITE_CHUNK {blockData=conID: 2 locID: 102650154300867157 bcsId: 3763} | ret=SUCCESS |  
2019-08-20 16:04:11,850 | INFO  | DNAudit | user=null | ip=null | op=WRITE_CHUNK {blockData=conID: 2 locID: 102650154300867157 bcsId: 3763} | ret=SUCCESS |  
2019-08-20 16:04:11,850 | INFO  | DNAudit | user=null | ip=null | op=WRITE_CHUNK {blockData=conID: 2 locID: 102650154300867157 bcsId: 3763} | ret=SUCCESS |  
2019-08-20 16:04:11,868 | INFO  | DNAudit | user=null | ip=null | op=WRITE_CHUNK {blockData=conID: 2 locID: 102650154300867157 bcsId: 3763} | ret=SUCCESS |  
2019-08-20 16:04:11,868 | INFO  | DNAudit | user=null | ip=null | op=PUT_BLOCK {blockData=[blockId=conID: 2 locID: 102650154300867157 bcsId: 0,size=4194304]} | ret=SUCCESS |  
2019-08-20 16:04:11,868 [grpc-default-executor-5] INFO  client.GrpcClientProtocolClient (GrpcClientProtocolClient.java:onNext(255)) - client-EAA342753240->9a4a4c23-9ff3-4ce3-a619-2c71c0869997: receive RaftClientReply:client-EAA342753240->9a4a4c23-9ff3-4ce3-a619-2c71c0869997@group-EC4211DF0353, cid=2539, SUCCESS, logIndex=3766, commits[9a4a4c23-9ff3-4ce3-a619-2c71c0869997:c3767, 9b0072ab-15b3-4973-9bcb-7fa02f6bfea9:c3763, 9f215ef2-7d46-4cda-b695-cae1b893f75f:c3763]
2019-08-20 16:04:11,869 [grpc-default-executor-5] INFO  client.GrpcClientProtocolClient (GrpcClientProtocolClient.java:onNext(255)) - client-EAA342753240->9a4a4c23-9ff3-4ce3-a619-2c71c0869997: receive RaftClientReply:client-EAA342753240->9a4a4c23-9ff3-4ce3-a619-2c71c0869997@group-EC4211DF0353, cid=2540, SUCCESS, logIndex=3767, commits[9a4a4c23-9ff3-4ce3-a619-2c71c0869997:c3767, 9b0072ab-15b3-4973-9bcb-7fa02f6bfea9:c3763, 9f215ef2-7d46-4cda-b695-cae1b893f75f:c3763]
2019-08-20 16:04:11,869 | INFO  | DNAudit | user=null | ip=null | op=WRITE_CHUNK {blockData=conID: 2 locID: 102650154300867157 bcsId: 3763} | ret=SUCCESS |  
2019-08-20 16:04:11,869 | INFO  | DNAudit | user=null | ip=null | op=PUT_BLOCK {blockData=[blockId=conID: 2 locID: 102650154300867157 bcsId: 0,size=4194304]} | ret=SUCCESS |  
2019-08-20 16:04:11,869 | INFO  | DNAudit | user=null | ip=null | op=WRITE_CHUNK {blockData=conID: 2 locID: 102650154300867157 bcsId: 3763} | ret=SUCCESS |  
2019-08-20 16:04:11,869 | INFO  | DNAudit | user=null | ip=null | op=PUT_BLOCK {blockData=[blockId=conID: 2 locID: 102650154300867157 bcsId: 0,size=4194304]} | ret=SUCCESS |  
2019-08-20 16:04:11,870 [grpc-default-executor-3] INFO  client.GrpcClientProtocolClient (GrpcClientProtocolClient.java:onNext(255)) - client-EAA342753240->9a4a4c23-9ff3-4ce3-a619-2c71c0869997: receive RaftClientReply:client-EAA342753240->9a4a4c23-9ff3-4ce3-a619-2c71c0869997@group-EC4211DF0353, cid=2541, SUCCESS, logIndex=0, commits[9a4a4c23-9ff3-4ce3-a619-2c71c0869997:c3768, 9b0072ab-15b3-4973-9bcb-7fa02f6bfea9:c3767, 9f215ef2-7d46-4cda-b695-cae1b893f75f:c3767]
2019-08-20 16:04:11,876 | INFO  | SCMAudit | user=jenkins1000 | ip=192.168.69.96 | op=ALLOCATE_BLOCK {owner=ea4851f9-218c-4af7-91b4-edb777a4888c, size=4194304, type=RATIS, factor=THREE} | ret=SUCCESS |  
2019-08-20 16:04:11,878 | INFO  | OMAudit | user=jenkins1000 | ip=127.0.0.1 | op=ALLOCATE_BLOCK {volume=vol-0-94146, bucket=bucket-0-90789, key=key-0-25609, dataSize=0, replicationType=null, replicationFactor=null, keyLocationInfo=null, clientID=102650152704082322} | ret=SUCCESS |  
2019-08-20 16:04:11,886 | INFO  | DNAudit | user=null | ip=null | op=WRITE_CHUNK {blockData=conID: 3 locID: 102650154311746134 bcsId: 0} | ret=SUCCESS |  
2019-08-20 16:04:11,888 | INFO  | DNAudit | user=null | ip=null | op=WRITE_CHUNK {blockData=conID: 3 locID: 102650154311746134 bcsId: 0} | ret=SUCCESS |  
2019-08-20 16:04:11,889 | INFO  | DNAudit | user=null | ip=null | op=WRITE_CHUNK {blockData=conID: 3 locID: 102650154311746134 bcsId: 0} | ret=SUCCESS |  
2019-08-20 16:04:11,890 | INFO  | DNAudit | user=null | ip=null | op=WRITE_CHUNK {blockData=conID: 3 locID: 102650154311746134 bcsId: 0} | ret=SUCCESS |  
2019-08-20 16:04:11,891 | INFO  | DNAudit | user=null | ip=null | op=WRITE_CHUNK {blockData=conID: 3 locID: 102650154311746134 bcsId: 0} | ret=SUCCESS |  
2019-08-20 16:04:11,891 | INFO  | DNAudit | user=null | ip=null | op=WRITE_CHUNK {blockData=conID: 3 locID: 102650154311746134 bcsId: 0} | ret=SUCCESS |  
2019-08-20 16:04:11,900 | INFO  | DNAudit | user=null | ip=null | op=WRITE_CHUNK {blockData=conID: 3 locID: 102650154311746134 bcsId: 0} | ret=SUCCESS |  
2019-08-20 16:04:11,901 | INFO  | DNAudit | user=null | ip=null | op=PUT_BLOCK {blockData=[blockId=conID: 3 locID: 102650154311746134 bcsId: 0,size=1048576]} | ret=SUCCESS |  
2019-08-20 16:04:11,901 | INFO  | DNAudit | user=null | ip=null | op=WRITE_CHUNK {blockData=conID: 3 locID: 102650154311746134 bcsId: 0} | ret=SUCCESS |  
2019-08-20 16:04:11,901 [grpc-default-executor-5] INFO  client.GrpcClientProtocolClient (GrpcClientProtocolClient.java:onNext(255)) - client-EAA342753240->9a4a4c23-9ff3-4ce3-a619-2c71c0869997: receive RaftClientReply:client-EAA342753240->9a4a4c23-9ff3-4ce3-a619-2c71c0869997@group-EC4211DF0353, cid=2542, SUCCESS, logIndex=3770, commits[9a4a4c23-9ff3-4ce3-a619-2c71c0869997:c3771, 9b0072ab-15b3-4973-9bcb-7fa02f6bfea9:c3769, 9f215ef2-7d46-4cda-b695-cae1b893f75f:c3769]
2019-08-20 16:04:11,901 | INFO  | SCMAudit | user=jenkins1000 | ip=192.168.69.96 | op=SEND_HEARTBEAT {datanodeUUID=9b0072ab-15b3-4973-9bcb-7fa02f6bfea9, command=[]} | ret=SUCCESS |  
2019-08-20 16:04:11,901 | INFO  | SCMAudit | user=jenkins1000 | ip=192.168.69.96 | op=SEND_HEARTBEAT {datanodeUUID=f1afe498-2778-451e-a3e4-8199ec337a15, command=[]} | ret=SUCCESS |  
2019-08-20 16:04:11,901 | INFO  | SCMAudit | user=jenkins1000 | ip=192.168.69.96 | op=SEND_HEARTBEAT {datanodeUUID=9a4a4c23-9ff3-4ce3-a619-2c71c0869997, command=[]} | ret=SUCCESS |  
2019-08-20 16:04:11,901 | INFO  | DNAudit | user=null | ip=null | op=PUT_BLOCK {blockData=[blockId=conID: 3 locID: 102650154311746134 bcsId: 0,size=2097152]} | ret=SUCCESS |  
2019-08-20 16:04:11,901 [grpc-default-executor-5] INFO  client.GrpcClientProtocolClient (GrpcClientProtocolClient.java:onNext(255)) - client-EAA342753240->9a4a4c23-9ff3-4ce3-a619-2c71c0869997: receive RaftClientReply:client-EAA342753240->9a4a4c23-9ff3-4ce3-a619-2c71c0869997@group-EC4211DF0353, cid=2543, SUCCESS, logIndex=3771, commits[9a4a4c23-9ff3-4ce3-a619-2c71c0869997:c3771, 9b0072ab-15b3-4973-9bcb-7fa02f6bfea9:c3769, 9f215ef2-7d46-4cda-b695-cae1b893f75f:c3769]
2019-08-20 16:04:11,902 [grpc-default-executor-5] INFO  client.GrpcClientProtocolClient (GrpcClientProtocolClient.java:onNext(255)) - client-EAA342753240->9a4a4c23-9ff3-4ce3-a619-2c71c0869997: receive RaftClientReply:client-EAA342753240->9a4a4c23-9ff3-4ce3-a619-2c71c0869997@group-EC4211DF0353, cid=2544, SUCCESS, logIndex=3772, commits[9a4a4c23-9ff3-4ce3-a619-2c71c0869997:c3773, 9b0072ab-15b3-4973-9bcb-7fa02f6bfea9:c3769, 9f215ef2-7d46-4cda-b695-cae1b893f75f:c3769]
2019-08-20 16:04:11,902 [grpc-default-executor-5] INFO  client.GrpcClientProtocolClient (GrpcClientProtocolClient.java:onNext(255)) - client-EAA342753240->9a4a4c23-9ff3-4ce3-a619-2c71c0869997: receive RaftClientReply:client-EAA342753240->9a4a4c23-9ff3-4ce3-a619-2c71c0869997@group-EC4211DF0353, cid=2545, SUCCESS, logIndex=3773, commits[9a4a4c23-9ff3-4ce3-a619-2c71c0869997:c3773, 9b0072ab-15b3-4973-9bcb-7fa02f6bfea9:c3769, 9f215ef2-7d46-4cda-b695-cae1b893f75f:c3769]
2019-08-20 16:04:11,902 | INFO  | SCMAudit | user=jenkins1000 | ip=192.168.69.96 | op=SEND_HEARTBEAT {datanodeUUID=69f203df-fb09-400b-ac11-cd7a56dd70a5, command=[]} | ret=SUCCESS |  
2019-08-20 16:04:11,902 | INFO  | SCMAudit | user=jenkins1000 | ip=192.168.69.96 | op=SEND_HEARTBEAT {datanodeUUID=9f215ef2-7d46-4cda-b695-cae1b893f75f, command=[]} | ret=SUCCESS |  
 0.00% |█                                                                                                    |  0/1 Time: 0:00:242019-08-20 16:04:11,913 | INFO  | DNAudit | user=null | ip=null | op=WRITE_CHUNK {blockData=conID: 3 locID: 102650154311746134 bcsId: 0} | ret=SUCCESS |  
2019-08-20 16:04:11,914 | INFO  | DNAudit | user=null | ip=null | op=PUT_BLOCK {blockData=[blockId=conID: 3 locID: 102650154311746134 bcsId: 0,size=1048576]} | ret=SUCCESS |  
2019-08-20 16:04:11,915 | INFO  | DNAudit | user=null | ip=null | op=WRITE_CHUNK {blockData=conID: 3 locID: 102650154311746134 bcsId: 0} | ret=SUCCESS |  
2019-08-20 16:04:11,915 | INFO  | DNAudit | user=null | ip=null | op=WRITE_CHUNK {blockData=conID: 3 locID: 102650154311746134 bcsId: 0} | ret=SUCCESS |  
2019-08-20 16:04:11,915 | INFO  | DNAudit | user=null | ip=null | op=PUT_BLOCK {blockData=[blockId=conID: 3 locID: 102650154311746134 bcsId: 0,size=1048576]} | ret=SUCCESS |  
2019-08-20 16:04:11,915 | INFO  | DNAudit | user=null | ip=null | op=PUT_BLOCK {blockData=[blockId=conID: 3 locID: 102650154311746134 bcsId: 0,size=2097152]} | ret=SUCCESS |  
2019-08-20 16:04:11,915 | INFO  | DNAudit | user=null | ip=null | op=WRITE_CHUNK {blockData=conID: 3 locID: 102650154311746134 bcsId: 0} | ret=SUCCESS |  
2019-08-20 16:04:11,915 | INFO  | DNAudit | user=null | ip=null | op=PUT_BLOCK {blockData=[blockId=conID: 3 locID: 102650154311746134 bcsId: 0,size=2097152]} | ret=SUCCESS |  
2019-08-20 16:04:11,915 [grpc-default-executor-5] INFO  client.GrpcClientProtocolClient (GrpcClientProtocolClient.java:onNext(255)) - client-EAA342753240->9a4a4c23-9ff3-4ce3-a619-2c71c0869997: receive RaftClientReply:client-EAA342753240->9a4a4c23-9ff3-4ce3-a619-2c71c0869997@group-EC4211DF0353, cid=2546, SUCCESS, logIndex=0, commits[9a4a4c23-9ff3-4ce3-a619-2c71c0869997:c3776, 9b0072ab-15b3-4973-9bcb-7fa02f6bfea9:c3771, 9f215ef2-7d46-4cda-b695-cae1b893f75f:c3773]
2019-08-20 16:04:11,922 | INFO  | DNAudit | user=null | ip=null | op=WRITE_CHUNK {blockData=conID: 3 locID: 102650154311746134 bcsId: 3773} | ret=SUCCESS |  
2019-08-20 16:04:11,924 | INFO  | DNAudit | user=null | ip=null | op=WRITE_CHUNK {blockData=conID: 3 locID: 102650154311746134 bcsId: 3773} | ret=SUCCESS |  
2019-08-20 16:04:11,924 | INFO  | DNAudit | user=null | ip=null | op=WRITE_CHUNK {blockData=conID: 3 locID: 102650154311746134 bcsId: 3773} | ret=SUCCESS |  
2019-08-20 16:04:11,937 | INFO  | DNAudit | user=null | ip=null | op=WRITE_CHUNK {blockData=conID: 3 locID: 102650154311746134 bcsId: 3773} | ret=SUCCESS |  
2019-08-20 16:04:11,938 | INFO  | DNAudit | user=null | ip=null | op=PUT_BLOCK {blockData=[blockId=conID: 3 locID: 102650154311746134 bcsId: 0,size=3145728]} | ret=SUCCESS |  
2019-08-20 16:04:11,938 [grpc-default-executor-5] INFO  client.GrpcClientProtocolClient (GrpcClientProtocolClient.java:onNext(255)) - client-EAA342753240->9a4a4c23-9ff3-4ce3-a619-2c71c0869997: receive RaftClientReply:client-EAA342753240->9a4a4c23-9ff3-4ce3-a619-2c71c0869997@group-EC4211DF0353, cid=2547, SUCCESS, logIndex=3777, commits[9a4a4c23-9ff3-4ce3-a619-2c71c0869997:c3778, 9b0072ab-15b3-4973-9bcb-7fa02f6bfea9:c3776, 9f215ef2-7d46-4cda-b695-cae1b893f75f:c3776]
2019-08-20 16:04:11,938 [grpc-default-executor-5] INFO  client.GrpcClientProtocolClient (GrpcClientProtocolClient.java:onNext(255)) - client-EAA342753240->9a4a4c23-9ff3-4ce3-a619-2c71c0869997: receive RaftClientReply:client-EAA342753240->9a4a4c23-9ff3-4ce3-a619-2c71c0869997@group-EC4211DF0353, cid=2548, SUCCESS, logIndex=3778, commits[9a4a4c23-9ff3-4ce3-a619-2c71c0869997:c3778, 9b0072ab-15b3-4973-9bcb-7fa02f6bfea9:c3776, 9f215ef2-7d46-4cda-b695-cae1b893f75f:c3776]
2019-08-20 16:04:11,940 | INFO  | DNAudit | user=null | ip=null | op=WRITE_CHUNK {blockData=conID: 3 locID: 102650154311746134 bcsId: 3773} | ret=SUCCESS |  
2019-08-20 16:04:11,941 | INFO  | DNAudit | user=null | ip=null | op=WRITE_CHUNK {blockData=conID: 3 locID: 102650154311746134 bcsId: 3773} | ret=SUCCESS |  
2019-08-20 16:04:11,941 | INFO  | DNAudit | user=null | ip=null | op=PUT_BLOCK {blockData=[blockId=conID: 3 locID: 102650154311746134 bcsId: 0,size=3145728]} | ret=SUCCESS |  
2019-08-20 16:04:11,941 | INFO  | DNAudit | user=null | ip=null | op=PUT_BLOCK {blockData=[blockId=conID: 3 locID: 102650154311746134 bcsId: 0,size=3145728]} | ret=SUCCESS |  
2019-08-20 16:04:11,944 | INFO  | DNAudit | user=null | ip=null | op=WRITE_CHUNK {blockData=conID: 3 locID: 102650154311746134 bcsId: 3778} | ret=SUCCESS |  
2019-08-20 16:04:11,946 | INFO  | DNAudit | user=null | ip=null | op=WRITE_CHUNK {blockData=conID: 3 locID: 102650154311746134 bcsId: 3778} | ret=SUCCESS |  
2019-08-20 16:04:11,947 | INFO  | DNAudit | user=null | ip=null | op=WRITE_CHUNK {blockData=conID: 3 locID: 102650154311746134 bcsId: 3778} | ret=SUCCESS |  
2019-08-20 16:04:11,954 | INFO  | DNAudit | user=null | ip=null | op=WRITE_CHUNK {blockData=conID: 3 locID: 102650154311746134 bcsId: 3778} | ret=SUCCESS |  
2019-08-20 16:04:11,954 | INFO  | DNAudit | user=null | ip=null | op=PUT_BLOCK {blockData=[blockId=conID: 3 locID: 102650154311746134 bcsId: 0,size=4194304]} | ret=SUCCESS |  
2019-08-20 16:04:11,954 [grpc-default-executor-5] INFO  client.GrpcClientProtocolClient (GrpcClientProtocolClient.java:onNext(255)) - client-EAA342753240->9a4a4c23-9ff3-4ce3-a619-2c71c0869997: receive RaftClientReply:client-EAA342753240->9a4a4c23-9ff3-4ce3-a619-2c71c0869997@group-EC4211DF0353, cid=2549, SUCCESS, logIndex=3781, commits[9a4a4c23-9ff3-4ce3-a619-2c71c0869997:c3782, 9b0072ab-15b3-4973-9bcb-7fa02f6bfea9:c3779, 9f215ef2-7d46-4cda-b695-cae1b893f75f:c3779]
2019-08-20 16:04:11,955 [grpc-default-executor-5] INFO  client.GrpcClientProtocolClient (GrpcClientProtocolClient.java:onNext(255)) - client-EAA342753240->9a4a4c23-9ff3-4ce3-a619-2c71c0869997: receive RaftClientReply:client-EAA342753240->9a4a4c23-9ff3-4ce3-a619-2c71c0869997@group-EC4211DF0353, cid=2550, SUCCESS, logIndex=3782, commits[9a4a4c23-9ff3-4ce3-a619-2c71c0869997:c3782, 9b0072ab-15b3-4973-9bcb-7fa02f6bfea9:c3779, 9f215ef2-7d46-4cda-b695-cae1b893f75f:c3779]
2019-08-20 16:04:11,955 | INFO  | DNAudit | user=null | ip=null | op=WRITE_CHUNK {blockData=conID: 3 locID: 102650154311746134 bcsId: 3778} | ret=SUCCESS |  
2019-08-20 16:04:11,955 | INFO  | DNAudit | user=null | ip=null | op=WRITE_CHUNK {blockData=conID: 3 locID: 102650154311746134 bcsId: 3778} | ret=SUCCESS |  
2019-08-20 16:04:11,956 | INFO  | DNAudit | user=null | ip=null | op=PUT_BLOCK {blockData=[blockId=conID: 3 locID: 102650154311746134 bcsId: 0,size=4194304]} | ret=SUCCESS |  
2019-08-20 16:04:11,956 | INFO  | DNAudit | user=null | ip=null | op=PUT_BLOCK {blockData=[blockId=conID: 3 locID: 102650154311746134 bcsId: 0,size=4194304]} | ret=SUCCESS |  
2019-08-20 16:04:11,957 [grpc-default-executor-3] INFO  client.GrpcClientProtocolClient (GrpcClientProtocolClient.java:onNext(255)) - client-EAA342753240->9a4a4c23-9ff3-4ce3-a619-2c71c0869997: receive RaftClientReply:client-EAA342753240->9a4a4c23-9ff3-4ce3-a619-2c71c0869997@group-EC4211DF0353, cid=2551, SUCCESS, logIndex=0, commits[9a4a4c23-9ff3-4ce3-a619-2c71c0869997:c3784, 9b0072ab-15b3-4973-9bcb-7fa02f6bfea9:c3782, 9f215ef2-7d46-4cda-b695-cae1b893f75f:c3782]
2019-08-20 16:04:11,961 | INFO  | SCMAudit | user=jenkins1000 | ip=192.168.69.96 | op=ALLOCATE_BLOCK {owner=ea4851f9-218c-4af7-91b4-edb777a4888c, size=4194304, type=RATIS, factor=THREE} | ret=SUCCESS |  
2019-08-20 16:04:11,963 | INFO  | OMAudit | user=jenkins1000 | ip=127.0.0.1 | op=ALLOCATE_BLOCK {volume=vol-0-94146, bucket=bucket-0-90789, key=key-0-25609, dataSize=0, replicationType=null, replicationFactor=null, keyLocationInfo=null, clientID=102650152704082322} | ret=SUCCESS |  
2019-08-20 16:04:11,969 | INFO  | DNAudit | user=null | ip=null | op=WRITE_CHUNK {blockData=conID: 1 locID: 102650154317316695 bcsId: 0} | ret=SUCCESS |  
2019-08-20 16:04:11,972 | INFO  | DNAudit | user=null | ip=null | op=WRITE_CHUNK {blockData=conID: 1 locID: 102650154317316695 bcsId: 0} | ret=SUCCESS |  
2019-08-20 16:04:11,972 | INFO  | DNAudit | user=null | ip=null | op=WRITE_CHUNK {blockData=conID: 1 locID: 102650154317316695 bcsId: 0} | ret=SUCCESS |  
2019-08-20 16:04:11,972 | INFO  | DNAudit | user=null | ip=null | op=WRITE_CHUNK {blockData=conID: 1 locID: 102650154317316695 bcsId: 0} | ret=SUCCESS |  
2019-08-20 16:04:12,056 | INFO  | DNAudit | user=null | ip=null | op=WRITE_CHUNK {blockData=conID: 1 locID: 102650154317316695 bcsId: 0} | ret=SUCCESS |  
2019-08-20 16:04:12,056 | INFO  | DNAudit | user=null | ip=null | op=WRITE_CHUNK {blockData=conID: 1 locID: 102650154317316695 bcsId: 0} | ret=SUCCESS |  
2019-08-20 16:04:12,110 | INFO  | DNAudit | user=null | ip=null | op=WRITE_CHUNK {blockData=conID: 1 locID: 102650154317316695 bcsId: 0} | ret=SUCCESS |  
2019-08-20 16:04:12,111 | INFO  | DNAudit | user=null | ip=null | op=PUT_BLOCK {blockData=[blockId=conID: 1 locID: 102650154317316695 bcsId: 0,size=1048576]} | ret=SUCCESS |  
2019-08-20 16:04:12,111 | INFO  | DNAudit | user=null | ip=null | op=WRITE_CHUNK {blockData=conID: 1 locID: 102650154317316695 bcsId: 0} | ret=SUCCESS |  
2019-08-20 16:04:12,111 [grpc-default-executor-0] INFO  client.GrpcClientProtocolClient (GrpcClientProtocolClient.java:onNext(255)) - client-EAA342753240->9a4a4c23-9ff3-4ce3-a619-2c71c0869997: receive RaftClientReply:client-EAA342753240->9a4a4c23-9ff3-4ce3-a619-2c71c0869997@group-EC4211DF0353, cid=2552, SUCCESS, logIndex=3785, commits[9a4a4c23-9ff3-4ce3-a619-2c71c0869997:c3787, 9b0072ab-15b3-4973-9bcb-7fa02f6bfea9:c3784, 9f215ef2-7d46-4cda-b695-cae1b893f75f:c3784]
2019-08-20 16:04:12,112 | INFO  | DNAudit | user=null | ip=null | op=PUT_BLOCK {blockData=[blockId=conID: 1 locID: 102650154317316695 bcsId: 0,size=2097152]} | ret=SUCCESS |  
2019-08-20 16:04:12,112 [grpc-default-executor-0] INFO  client.GrpcClientProtocolClient (GrpcClientProtocolClient.java:onNext(255)) - client-EAA342753240->9a4a4c23-9ff3-4ce3-a619-2c71c0869997: receive RaftClientReply:client-EAA342753240->9a4a4c23-9ff3-4ce3-a619-2c71c0869997@group-EC4211DF0353, cid=2553, SUCCESS, logIndex=3786, commits[9a4a4c23-9ff3-4ce3-a619-2c71c0869997:c3788, 9b0072ab-15b3-4973-9bcb-7fa02f6bfea9:c3784, 9f215ef2-7d46-4cda-b695-cae1b893f75f:c3784]
2019-08-20 16:04:12,112 | INFO  | DNAudit | user=null | ip=null | op=WRITE_CHUNK {blockData=conID: 1 locID: 102650154317316695 bcsId: 0} | ret=SUCCESS |  
2019-08-20 16:04:12,112 [grpc-default-executor-0] INFO  client.GrpcClientProtocolClient (GrpcClientProtocolClient.java:onNext(255)) - client-EAA342753240->9a4a4c23-9ff3-4ce3-a619-2c71c0869997: receive RaftClientReply:client-EAA342753240->9a4a4c23-9ff3-4ce3-a619-2c71c0869997@group-EC4211DF0353, cid=2554, SUCCESS, logIndex=3787, commits[9a4a4c23-9ff3-4ce3-a619-2c71c0869997:c3788, 9b0072ab-15b3-4973-9bcb-7fa02f6bfea9:c3784, 9f215ef2-7d46-4cda-b695-cae1b893f75f:c3784]
2019-08-20 16:04:12,112 | INFO  | DNAudit | user=null | ip=null | op=PUT_BLOCK {blockData=[blockId=conID: 1 locID: 102650154317316695 bcsId: 0,size=1048576]} | ret=SUCCESS |  
2019-08-20 16:04:12,112 | INFO  | DNAudit | user=null | ip=null | op=WRITE_CHUNK {blockData=conID: 1 locID: 102650154317316695 bcsId: 0} | ret=SUCCESS |  
2019-08-20 16:04:12,113 [grpc-default-executor-0] INFO  client.GrpcClientProtocolClient (GrpcClientProtocolClient.java:onNext(255)) - client-EAA342753240->9a4a4c23-9ff3-4ce3-a619-2c71c0869997: receive RaftClientReply:client-EAA342753240->9a4a4c23-9ff3-4ce3-a619-2c71c0869997@group-EC4211DF0353, cid=2555, SUCCESS, logIndex=3788, commits[9a4a4c23-9ff3-4ce3-a619-2c71c0869997:c3788, 9b0072ab-15b3-4973-9bcb-7fa02f6bfea9:c3784, 9f215ef2-7d46-4cda-b695-cae1b893f75f:c3784]
2019-08-20 16:04:12,113 | INFO  | DNAudit | user=null | ip=null | op=PUT_BLOCK {blockData=[blockId=conID: 1 locID: 102650154317316695 bcsId: 0,size=1048576]} | ret=SUCCESS |  
2019-08-20 16:04:12,113 [grpc-default-executor-0] INFO  client.GrpcClientProtocolClient (GrpcClientProtocolClient.java:onNext(255)) - client-EAA342753240->9a4a4c23-9ff3-4ce3-a619-2c71c0869997: receive RaftClientReply:client-EAA342753240->9a4a4c23-9ff3-4ce3-a619-2c71c0869997@group-EC4211DF0353, cid=2556, SUCCESS, logIndex=0, commits[9a4a4c23-9ff3-4ce3-a619-2c71c0869997:c3789, 9b0072ab-15b3-4973-9bcb-7fa02f6bfea9:c3786, 9f215ef2-7d46-4cda-b695-cae1b893f75f:c3786]
2019-08-20 16:04:12,114 | INFO  | DNAudit | user=null | ip=null | op=WRITE_CHUNK {blockData=conID: 1 locID: 102650154317316695 bcsId: 0} | ret=SUCCESS |  
2019-08-20 16:04:12,115 | INFO  | DNAudit | user=null | ip=null | op=WRITE_CHUNK {blockData=conID: 1 locID: 102650154317316695 bcsId: 0} | ret=SUCCESS |  
2019-08-20 16:04:12,115 | INFO  | DNAudit | user=null | ip=null | op=PUT_BLOCK {blockData=[blockId=conID: 1 locID: 102650154317316695 bcsId: 0,size=2097152]} | ret=SUCCESS |  
2019-08-20 16:04:12,115 | INFO  | DNAudit | user=null | ip=null | op=PUT_BLOCK {blockData=[blockId=conID: 1 locID: 102650154317316695 bcsId: 0,size=2097152]} | ret=SUCCESS |  
2019-08-20 16:04:12,120 | INFO  | DNAudit | user=null | ip=null | op=WRITE_CHUNK {blockData=conID: 1 locID: 102650154317316695 bcsId: 3788} | ret=SUCCESS |  
2019-08-20 16:04:12,122 | INFO  | DNAudit | user=null | ip=null | op=WRITE_CHUNK {blockData=conID: 1 locID: 102650154317316695 bcsId: 3788} | ret=SUCCESS |  
2019-08-20 16:04:12,124 | INFO  | DNAudit | user=null | ip=null | op=WRITE_CHUNK {blockData=conID: 1 locID: 102650154317316695 bcsId: 3788} | ret=SUCCESS |  
2019-08-20 16:04:12,132 | INFO  | DNAudit | user=null | ip=null | op=WRITE_CHUNK {blockData=conID: 1 locID: 102650154317316695 bcsId: 3788} | ret=SUCCESS |  
2019-08-20 16:04:12,133 | INFO  | DNAudit | user=null | ip=null | op=PUT_BLOCK {blockData=[blockId=conID: 1 locID: 102650154317316695 bcsId: 0,size=3145728]} | ret=SUCCESS |  
2019-08-20 16:04:12,133 [grpc-default-executor-5] INFO  client.GrpcClientProtocolClient (GrpcClientProtocolClient.java:onNext(255)) - client-EAA342753240->9a4a4c23-9ff3-4ce3-a619-2c71c0869997: receive RaftClientReply:client-EAA342753240->9a4a4c23-9ff3-4ce3-a619-2c71c0869997@group-EC4211DF0353, cid=2557, SUCCESS, logIndex=3793, commits[9a4a4c23-9ff3-4ce3-a619-2c71c0869997:c3794, 9b0072ab-15b3-4973-9bcb-7fa02f6bfea9:c3792, 9f215ef2-7d46-4cda-b695-cae1b893f75f:c3792]
2019-08-20 16:04:12,133 [grpc-default-executor-5] INFO  client.GrpcClientProtocolClient (GrpcClientProtocolClient.java:onNext(255)) - client-EAA342753240->9a4a4c23-9ff3-4ce3-a619-2c71c0869997: receive RaftClientReply:client-EAA342753240->9a4a4c23-9ff3-4ce3-a619-2c71c0869997@group-EC4211DF0353, cid=2558, SUCCESS, logIndex=3794, commits[9a4a4c23-9ff3-4ce3-a619-2c71c0869997:c3794, 9b0072ab-15b3-4973-9bcb-7fa02f6bfea9:c3792, 9f215ef2-7d46-4cda-b695-cae1b893f75f:c3792]
2019-08-20 16:04:12,134 | INFO  | DNAudit | user=null | ip=null | op=WRITE_CHUNK {blockData=conID: 1 locID: 102650154317316695 bcsId: 3788} | ret=SUCCESS |  
2019-08-20 16:04:12,134 | INFO  | DNAudit | user=null | ip=null | op=WRITE_CHUNK {blockData=conID: 1 locID: 102650154317316695 bcsId: 3788} | ret=SUCCESS |  
2019-08-20 16:04:12,135 | INFO  | DNAudit | user=null | ip=null | op=PUT_BLOCK {blockData=[blockId=conID: 1 locID: 102650154317316695 bcsId: 0,size=3145728]} | ret=SUCCESS |  
2019-08-20 16:04:12,135 | INFO  | DNAudit | user=null | ip=null | op=PUT_BLOCK {blockData=[blockId=conID: 1 locID: 102650154317316695 bcsId: 0,size=3145728]} | ret=SUCCESS |  
2019-08-20 16:04:12,140 | INFO  | DNAudit | user=null | ip=null | op=WRITE_CHUNK {blockData=conID: 1 locID: 102650154317316695 bcsId: 3794} | ret=SUCCESS |  
2019-08-20 16:04:12,142 | INFO  | DNAudit | user=null | ip=null | op=WRITE_CHUNK {blockData=conID: 1 locID: 102650154317316695 bcsId: 3794} | ret=SUCCESS |  
2019-08-20 16:04:12,142 | INFO  | DNAudit | user=null | ip=null | op=WRITE_CHUNK {blockData=conID: 1 locID: 102650154317316695 bcsId: 3794} | ret=SUCCESS |  
2019-08-20 16:04:12,147 | INFO  | DNAudit | user=null | ip=null | op=WRITE_CHUNK {blockData=conID: 1 locID: 102650154317316695 bcsId: 3794} | ret=SUCCESS |  
2019-08-20 16:04:12,147 | INFO  | DNAudit | user=null | ip=null | op=PUT_BLOCK {blockData=[blockId=conID: 1 locID: 102650154317316695 bcsId: 0,size=4194304]} | ret=SUCCESS |  
2019-08-20 16:04:12,148 [grpc-default-executor-5] INFO  client.GrpcClientProtocolClient (GrpcClientProtocolClient.java:onNext(255)) - client-EAA342753240->9a4a4c23-9ff3-4ce3-a619-2c71c0869997: receive RaftClientReply:client-EAA342753240->9a4a4c23-9ff3-4ce3-a619-2c71c0869997@group-EC4211DF0353, cid=2559, SUCCESS, logIndex=3797, commits[9a4a4c23-9ff3-4ce3-a619-2c71c0869997:c3798, 9b0072ab-15b3-4973-9bcb-7fa02f6bfea9:c3796, 9f215ef2-7d46-4cda-b695-cae1b893f75f:c3796]
2019-08-20 16:04:12,148 [grpc-default-executor-5] INFO  client.GrpcClientProtocolClient (GrpcClientProtocolClient.java:onNext(255)) - client-EAA342753240->9a4a4c23-9ff3-4ce3-a619-2c71c0869997: receive RaftClientReply:client-EAA342753240->9a4a4c23-9ff3-4ce3-a619-2c71c0869997@group-EC4211DF0353, cid=2560, SUCCESS, logIndex=3798, commits[9a4a4c23-9ff3-4ce3-a619-2c71c0869997:c3798, 9b0072ab-15b3-4973-9bcb-7fa02f6bfea9:c3796, 9f215ef2-7d46-4cda-b695-cae1b893f75f:c3796]
2019-08-20 16:04:12,158 | INFO  | DNAudit | user=null | ip=null | op=WRITE_CHUNK {blockData=conID: 1 locID: 102650154317316695 bcsId: 3794} | ret=SUCCESS |  
2019-08-20 16:04:12,158 | INFO  | DNAudit | user=null | ip=null | op=WRITE_CHUNK {blockData=conID: 1 locID: 102650154317316695 bcsId: 3794} | ret=SUCCESS |  
2019-08-20 16:04:12,161 | INFO  | DNAudit | user=null | ip=null | op=PUT_BLOCK {blockData=[blockId=conID: 1 locID: 102650154317316695 bcsId: 0,size=4194304]} | ret=SUCCESS |  
2019-08-20 16:04:12,161 | INFO  | DNAudit | user=null | ip=null | op=PUT_BLOCK {blockData=[blockId=conID: 1 locID: 102650154317316695 bcsId: 0,size=4194304]} | ret=SUCCESS |  
2019-08-20 16:04:12,161 [grpc-default-executor-5] INFO  client.GrpcClientProtocolClient (GrpcClientProtocolClient.java:onNext(255)) - client-EAA342753240->9a4a4c23-9ff3-4ce3-a619-2c71c0869997: receive RaftClientReply:client-EAA342753240->9a4a4c23-9ff3-4ce3-a619-2c71c0869997@group-EC4211DF0353, cid=2561, SUCCESS, logIndex=0, commits[9a4a4c23-9ff3-4ce3-a619-2c71c0869997:c3800, 9b0072ab-15b3-4973-9bcb-7fa02f6bfea9:c3798, 9f215ef2-7d46-4cda-b695-cae1b893f75f:c3798]
2019-08-20 16:04:12,166 | INFO  | SCMAudit | user=jenkins1000 | ip=192.168.69.96 | op=ALLOCATE_BLOCK {owner=ea4851f9-218c-4af7-91b4-edb777a4888c, size=4194304, type=RATIS, factor=THREE} | ret=SUCCESS |  
2019-08-20 16:04:12,169 | INFO  | OMAudit | user=jenkins1000 | ip=127.0.0.1 | op=ALLOCATE_BLOCK {volume=vol-0-94146, bucket=bucket-0-90789, key=key-0-25609, dataSize=0, replicationType=null, replicationFactor=null, keyLocationInfo=null, clientID=102650152704082322} | ret=SUCCESS |  
2019-08-20 16:04:12,179 | INFO  | DNAudit | user=null | ip=null | op=WRITE_CHUNK {blockData=conID: 2 locID: 102650154330751576 bcsId: 0} | ret=SUCCESS |  
2019-08-20 16:04:12,180 | INFO  | DNAudit | user=null | ip=null | op=WRITE_CHUNK {blockData=conID: 2 locID: 102650154330751576 bcsId: 0} | ret=SUCCESS |  
2019-08-20 16:04:12,181 | INFO  | DNAudit | user=null | ip=null | op=WRITE_CHUNK {blockData=conID: 2 locID: 102650154330751576 bcsId: 0} | ret=SUCCESS |  
2019-08-20 16:04:12,182 | INFO  | DNAudit | user=null | ip=null | op=WRITE_CHUNK {blockData=conID: 2 locID: 102650154330751576 bcsId: 0} | ret=SUCCESS |  
2019-08-20 16:04:12,182 | INFO  | DNAudit | user=null | ip=null | op=WRITE_CHUNK {blockData=conID: 2 locID: 102650154330751576 bcsId: 0} | ret=SUCCESS |  
2019-08-20 16:04:12,182 | INFO  | DNAudit | user=null | ip=null | op=WRITE_CHUNK {blockData=conID: 2 locID: 102650154330751576 bcsId: 0} | ret=SUCCESS |  
2019-08-20 16:04:12,191 | INFO  | DNAudit | user=null | ip=null | op=WRITE_CHUNK {blockData=conID: 2 locID: 102650154330751576 bcsId: 0} | ret=SUCCESS |  
2019-08-20 16:04:12,191 | INFO  | DNAudit | user=null | ip=null | op=PUT_BLOCK {blockData=[blockId=conID: 2 locID: 102650154330751576 bcsId: 0,size=1048576]} | ret=SUCCESS |  
2019-08-20 16:04:12,191 | INFO  | DNAudit | user=null | ip=null | op=WRITE_CHUNK {blockData=conID: 2 locID: 102650154330751576 bcsId: 0} | ret=SUCCESS |  
2019-08-20 16:04:12,191 [grpc-default-executor-5] INFO  client.GrpcClientProtocolClient (GrpcClientProtocolClient.java:onNext(255)) - client-EAA342753240->9a4a4c23-9ff3-4ce3-a619-2c71c0869997: receive RaftClientReply:client-EAA342753240->9a4a4c23-9ff3-4ce3-a619-2c71c0869997@group-EC4211DF0353, cid=2562, SUCCESS, logIndex=3801, commits[9a4a4c23-9ff3-4ce3-a619-2c71c0869997:c3803, 9b0072ab-15b3-4973-9bcb-7fa02f6bfea9:c3800, 9f215ef2-7d46-4cda-b695-cae1b893f75f:c3800]
2019-08-20 16:04:12,192 | INFO  | DNAudit | user=null | ip=null | op=PUT_BLOCK {blockData=[blockId=conID: 2 locID: 102650154330751576 bcsId: 0,size=2097152]} | ret=SUCCESS |  
2019-08-20 16:04:12,192 [grpc-default-executor-5] INFO  client.GrpcClientProtocolClient (GrpcClientProtocolClient.java:onNext(255)) - client-EAA342753240->9a4a4c23-9ff3-4ce3-a619-2c71c0869997: receive RaftClientReply:client-EAA342753240->9a4a4c23-9ff3-4ce3-a619-2c71c0869997@group-EC4211DF0353, cid=2563, SUCCESS, logIndex=3802, commits[9a4a4c23-9ff3-4ce3-a619-2c71c0869997:c3804, 9b0072ab-15b3-4973-9bcb-7fa02f6bfea9:c3800, 9f215ef2-7d46-4cda-b695-cae1b893f75f:c3800]
2019-08-20 16:04:12,192 [grpc-default-executor-5] INFO  client.GrpcClientProtocolClient (GrpcClientProtocolClient.java:onNext(255)) - client-EAA342753240->9a4a4c23-9ff3-4ce3-a619-2c71c0869997: receive RaftClientReply:client-EAA342753240->9a4a4c23-9ff3-4ce3-a619-2c71c0869997@group-EC4211DF0353, cid=2564, SUCCESS, logIndex=3803, commits[9a4a4c23-9ff3-4ce3-a619-2c71c0869997:c3804, 9b0072ab-15b3-4973-9bcb-7fa02f6bfea9:c3800, 9f215ef2-7d46-4cda-b695-cae1b893f75f:c3800]
2019-08-20 16:04:12,192 [grpc-default-executor-5] INFO  client.GrpcClientProtocolClient (GrpcClientProtocolClient.java:onNext(255)) - client-EAA342753240->9a4a4c23-9ff3-4ce3-a619-2c71c0869997: receive RaftClientReply:client-EAA342753240->9a4a4c23-9ff3-4ce3-a619-2c71c0869997@group-EC4211DF0353, cid=2565, SUCCESS, logIndex=3804, commits[9a4a4c23-9ff3-4ce3-a619-2c71c0869997:c3804, 9b0072ab-15b3-4973-9bcb-7fa02f6bfea9:c3800, 9f215ef2-7d46-4cda-b695-cae1b893f75f:c3800]
2019-08-20 16:04:12,202 | INFO  | DNAudit | user=null | ip=null | op=WRITE_CHUNK {blockData=conID: 2 locID: 102650154330751576 bcsId: 0} | ret=SUCCESS |  
2019-08-20 16:04:12,202 | INFO  | DNAudit | user=null | ip=null | op=WRITE_CHUNK {blockData=conID: 2 locID: 102650154330751576 bcsId: 0} | ret=SUCCESS |  
2019-08-20 16:04:12,202 | INFO  | DNAudit | user=null | ip=null | op=PUT_BLOCK {blockData=[blockId=conID: 2 locID: 102650154330751576 bcsId: 0,size=1048576]} | ret=SUCCESS |  
2019-08-20 16:04:12,202 | INFO  | DNAudit | user=null | ip=null | op=PUT_BLOCK {blockData=[blockId=conID: 2 locID: 102650154330751576 bcsId: 0,size=1048576]} | ret=SUCCESS |  
2019-08-20 16:04:12,202 | INFO  | DNAudit | user=null | ip=null | op=WRITE_CHUNK {blockData=conID: 2 locID: 102650154330751576 bcsId: 0} | ret=SUCCESS |  
2019-08-20 16:04:12,203 | INFO  | DNAudit | user=null | ip=null | op=PUT_BLOCK {blockData=[blockId=conID: 2 locID: 102650154330751576 bcsId: 0,size=2097152]} | ret=SUCCESS |  
2019-08-20 16:04:12,203 [grpc-default-executor-0] INFO  client.GrpcClientProtocolClient (GrpcClientProtocolClient.java:onNext(255)) - client-EAA342753240->9a4a4c23-9ff3-4ce3-a619-2c71c0869997: receive RaftClientReply:client-EAA342753240->9a4a4c23-9ff3-4ce3-a619-2c71c0869997@group-EC4211DF0353, cid=2566, SUCCESS, logIndex=0, commits[9a4a4c23-9ff3-4ce3-a619-2c71c0869997:c3805, 9b0072ab-15b3-4973-9bcb-7fa02f6bfea9:c3802, 9f215ef2-7d46-4cda-b695-cae1b893f75f:c3802]
2019-08-20 16:04:12,203 | INFO  | DNAudit | user=null | ip=null | op=WRITE_CHUNK {blockData=conID: 2 locID: 102650154330751576 bcsId: 0} | ret=SUCCESS |  
2019-08-20 16:04:12,203 | INFO  | DNAudit | user=null | ip=null | op=PUT_BLOCK {blockData=[blockId=conID: 2 locID: 102650154330751576 bcsId: 0,size=2097152]} | ret=SUCCESS |  
2019-08-20 16:04:12,208 | INFO  | DNAudit | user=null | ip=null | op=WRITE_CHUNK {blockData=conID: 2 locID: 102650154330751576 bcsId: 3804} | ret=SUCCESS |  
2019-08-20 16:04:12,210 | INFO  | DNAudit | user=null | ip=null | op=WRITE_CHUNK {blockData=conID: 2 locID: 102650154330751576 bcsId: 3804} | ret=SUCCESS |  
2019-08-20 16:04:12,210 | INFO  | DNAudit | user=null | ip=null | op=WRITE_CHUNK {blockData=conID: 2 locID: 102650154330751576 bcsId: 3804} | ret=SUCCESS |  
2019-08-20 16:04:12,214 | INFO  | DNAudit | user=null | ip=null | op=WRITE_CHUNK {blockData=conID: 2 locID: 102650154330751576 bcsId: 3804} | ret=SUCCESS |  
2019-08-20 16:04:12,214 | INFO  | DNAudit | user=null | ip=null | op=PUT_BLOCK {blockData=[blockId=conID: 2 locID: 102650154330751576 bcsId: 0,size=3145728]} | ret=SUCCESS |  
2019-08-20 16:04:12,214 [grpc-default-executor-0] INFO  client.GrpcClientProtocolClient (GrpcClientProtocolClient.java:onNext(255)) - client-EAA342753240->9a4a4c23-9ff3-4ce3-a619-2c71c0869997: receive RaftClientReply:client-EAA342753240->9a4a4c23-9ff3-4ce3-a619-2c71c0869997@group-EC4211DF0353, cid=2567, SUCCESS, logIndex=3809, commits[9a4a4c23-9ff3-4ce3-a619-2c71c0869997:c3810, 9b0072ab-15b3-4973-9bcb-7fa02f6bfea9:c3808, 9f215ef2-7d46-4cda-b695-cae1b893f75f:c3808]
2019-08-20 16:04:12,214 [grpc-default-executor-0] INFO  client.GrpcClientProtocolClient (GrpcClientProtocolClient.java:onNext(255)) - client-EAA342753240->9a4a4c23-9ff3-4ce3-a619-2c71c0869997: receive RaftClientReply:client-EAA342753240->9a4a4c23-9ff3-4ce3-a619-2c71c0869997@group-EC4211DF0353, cid=2568, SUCCESS, logIndex=3810, commits[9a4a4c23-9ff3-4ce3-a619-2c71c0869997:c3810, 9b0072ab-15b3-4973-9bcb-7fa02f6bfea9:c3808, 9f215ef2-7d46-4cda-b695-cae1b893f75f:c3808]
2019-08-20 16:04:12,216 | INFO  | DNAudit | user=null | ip=null | op=WRITE_CHUNK {blockData=conID: 2 locID: 102650154330751576 bcsId: 3804} | ret=SUCCESS |  
2019-08-20 16:04:12,216 | INFO  | DNAudit | user=null | ip=null | op=WRITE_CHUNK {blockData=conID: 2 locID: 102650154330751576 bcsId: 3804} | ret=SUCCESS |  
2019-08-20 16:04:12,218 | INFO  | DNAudit | user=null | ip=null | op=PUT_BLOCK {blockData=[blockId=conID: 2 locID: 102650154330751576 bcsId: 0,size=3145728]} | ret=SUCCESS |  
2019-08-20 16:04:12,218 | INFO  | DNAudit | user=null | ip=null | op=PUT_BLOCK {blockData=[blockId=conID: 2 locID: 102650154330751576 bcsId: 0,size=3145728]} | ret=SUCCESS |  
2019-08-20 16:04:12,221 | INFO  | DNAudit | user=null | ip=null | op=WRITE_CHUNK {blockData=conID: 2 locID: 102650154330751576 bcsId: 3810} | ret=SUCCESS |  
2019-08-20 16:04:12,222 | INFO  | DNAudit | user=null | ip=null | op=WRITE_CHUNK {blockData=conID: 2 locID: 102650154330751576 bcsId: 3810} | ret=SUCCESS |  
2019-08-20 16:04:12,223 | INFO  | DNAudit | user=null | ip=null | op=WRITE_CHUNK {blockData=conID: 2 locID: 102650154330751576 bcsId: 3810} | ret=SUCCESS |  
2019-08-20 16:04:12,237 | INFO  | DNAudit | user=null | ip=null | op=WRITE_CHUNK {blockData=conID: 2 locID: 102650154330751576 bcsId: 3810} | ret=SUCCESS |  
2019-08-20 16:04:12,237 | INFO  | DNAudit | user=null | ip=null | op=PUT_BLOCK {blockData=[blockId=conID: 2 locID: 102650154330751576 bcsId: 0,size=4194304]} | ret=SUCCESS |  
2019-08-20 16:04:12,237 [grpc-default-executor-0] INFO  client.GrpcClientProtocolClient (GrpcClientProtocolClient.java:onNext(255)) - client-EAA342753240->9a4a4c23-9ff3-4ce3-a619-2c71c0869997: receive RaftClientReply:client-EAA342753240->9a4a4c23-9ff3-4ce3-a619-2c71c0869997@group-EC4211DF0353, cid=2569, SUCCESS, logIndex=3813, commits[9a4a4c23-9ff3-4ce3-a619-2c71c0869997:c3814, 9b0072ab-15b3-4973-9bcb-7fa02f6bfea9:c3812, 9f215ef2-7d46-4cda-b695-cae1b893f75f:c3812]
2019-08-20 16:04:12,237 [grpc-default-executor-0] INFO  client.GrpcClientProtocolClient (GrpcClientProtocolClient.java:onNext(255)) - client-EAA342753240->9a4a4c23-9ff3-4ce3-a619-2c71c0869997: receive RaftClientReply:client-EAA342753240->9a4a4c23-9ff3-4ce3-a619-2c71c0869997@group-EC4211DF0353, cid=2570, SUCCESS, logIndex=3814, commits[9a4a4c23-9ff3-4ce3-a619-2c71c0869997:c3814, 9b0072ab-15b3-4973-9bcb-7fa02f6bfea9:c3812, 9f215ef2-7d46-4cda-b695-cae1b893f75f:c3812]
2019-08-20 16:04:12,261 | INFO  | DNAudit | user=null | ip=null | op=WRITE_CHUNK {blockData=conID: 2 locID: 102650154330751576 bcsId: 3810} | ret=SUCCESS |  
2019-08-20 16:04:12,261 | INFO  | DNAudit | user=null | ip=null | op=WRITE_CHUNK {blockData=conID: 2 locID: 102650154330751576 bcsId: 3810} | ret=SUCCESS |  
2019-08-20 16:04:12,274 | INFO  | DNAudit | user=null | ip=null | op=PUT_BLOCK {blockData=[blockId=conID: 2 locID: 102650154330751576 bcsId: 0,size=4194304]} | ret=SUCCESS |  
2019-08-20 16:04:12,274 | INFO  | DNAudit | user=null | ip=null | op=PUT_BLOCK {blockData=[blockId=conID: 2 locID: 102650154330751576 bcsId: 0,size=4194304]} | ret=SUCCESS |  
2019-08-20 16:04:12,274 [grpc-default-executor-0] INFO  client.GrpcClientProtocolClient (GrpcClientProtocolClient.java:onNext(255)) - client-EAA342753240->9a4a4c23-9ff3-4ce3-a619-2c71c0869997: receive RaftClientReply:client-EAA342753240->9a4a4c23-9ff3-4ce3-a619-2c71c0869997@group-EC4211DF0353, cid=2571, SUCCESS, logIndex=0, commits[9a4a4c23-9ff3-4ce3-a619-2c71c0869997:c3816, 9b0072ab-15b3-4973-9bcb-7fa02f6bfea9:c3814, 9f215ef2-7d46-4cda-b695-cae1b893f75f:c3814]
2019-08-20 16:04:12,280 | INFO  | SCMAudit | user=jenkins1000 | ip=192.168.69.96 | op=ALLOCATE_BLOCK {owner=ea4851f9-218c-4af7-91b4-edb777a4888c, size=4194304, type=RATIS, factor=THREE} | ret=SUCCESS |  
2019-08-20 16:04:12,282 | INFO  | OMAudit | user=jenkins1000 | ip=127.0.0.1 | op=ALLOCATE_BLOCK {volume=vol-0-94146, bucket=bucket-0-90789, key=key-0-25609, dataSize=0, replicationType=null, replicationFactor=null, keyLocationInfo=null, clientID=102650152704082322} | ret=SUCCESS |  
2019-08-20 16:04:12,289 | INFO  | DNAudit | user=null | ip=null | op=WRITE_CHUNK {blockData=conID: 3 locID: 102650154338222681 bcsId: 0} | ret=SUCCESS |  
2019-08-20 16:04:12,291 | INFO  | DNAudit | user=null | ip=null | op=WRITE_CHUNK {blockData=conID: 3 locID: 102650154338222681 bcsId: 0} | ret=SUCCESS |  
2019-08-20 16:04:12,292 | INFO  | DNAudit | user=null | ip=null | op=WRITE_CHUNK {blockData=conID: 3 locID: 102650154338222681 bcsId: 0} | ret=SUCCESS |  
2019-08-20 16:04:12,293 | INFO  | DNAudit | user=null | ip=null | op=WRITE_CHUNK {blockData=conID: 3 locID: 102650154338222681 bcsId: 0} | ret=SUCCESS |  
2019-08-20 16:04:12,293 | INFO  | DNAudit | user=null | ip=null | op=WRITE_CHUNK {blockData=conID: 3 locID: 102650154338222681 bcsId: 0} | ret=SUCCESS |  
2019-08-20 16:04:12,293 | INFO  | DNAudit | user=null | ip=null | op=WRITE_CHUNK {blockData=conID: 3 locID: 102650154338222681 bcsId: 0} | ret=SUCCESS |  
2019-08-20 16:04:12,309 | INFO  | DNAudit | user=null | ip=null | op=WRITE_CHUNK {blockData=conID: 3 locID: 102650154338222681 bcsId: 0} | ret=SUCCESS |  
2019-08-20 16:04:12,309 | INFO  | DNAudit | user=null | ip=null | op=PUT_BLOCK {blockData=[blockId=conID: 3 locID: 102650154338222681 bcsId: 0,size=1048576]} | ret=SUCCESS |  
2019-08-20 16:04:12,309 [grpc-default-executor-0] INFO  client.GrpcClientProtocolClient (GrpcClientProtocolClient.java:onNext(255)) - client-EAA342753240->9a4a4c23-9ff3-4ce3-a619-2c71c0869997: receive RaftClientReply:client-EAA342753240->9a4a4c23-9ff3-4ce3-a619-2c71c0869997@group-EC4211DF0353, cid=2572, SUCCESS, logIndex=3817, commits[9a4a4c23-9ff3-4ce3-a619-2c71c0869997:c3819, 9b0072ab-15b3-4973-9bcb-7fa02f6bfea9:c3816, 9f215ef2-7d46-4cda-b695-cae1b893f75f:c3816]
2019-08-20 16:04:12,310 | INFO  | DNAudit | user=null | ip=null | op=WRITE_CHUNK {blockData=conID: 3 locID: 102650154338222681 bcsId: 0} | ret=SUCCESS |  
2019-08-20 16:04:12,310 | INFO  | DNAudit | user=null | ip=null | op=WRITE_CHUNK {blockData=conID: 3 locID: 102650154338222681 bcsId: 0} | ret=SUCCESS |  
2019-08-20 16:04:12,310 | INFO  | DNAudit | user=null | ip=null | op=PUT_BLOCK {blockData=[blockId=conID: 3 locID: 102650154338222681 bcsId: 0,size=1048576]} | ret=SUCCESS |  
2019-08-20 16:04:12,310 | INFO  | DNAudit | user=null | ip=null | op=WRITE_CHUNK {blockData=conID: 3 locID: 102650154338222681 bcsId: 0} | ret=SUCCESS |  
2019-08-20 16:04:12,310 [grpc-default-executor-0] INFO  client.GrpcClientProtocolClient (GrpcClientProtocolClient.java:onNext(255)) - client-EAA342753240->9a4a4c23-9ff3-4ce3-a619-2c71c0869997: receive RaftClientReply:client-EAA342753240->9a4a4c23-9ff3-4ce3-a619-2c71c0869997@group-EC4211DF0353, cid=2573, SUCCESS, logIndex=3818, commits[9a4a4c23-9ff3-4ce3-a619-2c71c0869997:c3820, 9b0072ab-15b3-4973-9bcb-7fa02f6bfea9:c3816, 9f215ef2-7d46-4cda-b695-cae1b893f75f:c3816]
2019-08-20 16:04:12,310 | INFO  | DNAudit | user=null | ip=null | op=PUT_BLOCK {blockData=[blockId=conID: 3 locID: 102650154338222681 bcsId: 0,size=2097152]} | ret=SUCCESS |  
2019-08-20 16:04:12,310 [grpc-default-executor-0] INFO  client.GrpcClientProtocolClient (GrpcClientProtocolClient.java:onNext(255)) - client-EAA342753240->9a4a4c23-9ff3-4ce3-a619-2c71c0869997: receive RaftClientReply:client-EAA342753240->9a4a4c23-9ff3-4ce3-a619-2c71c0869997@group-EC4211DF0353, cid=2574, SUCCESS, logIndex=3819, commits[9a4a4c23-9ff3-4ce3-a619-2c71c0869997:c3821, 9b0072ab-15b3-4973-9bcb-7fa02f6bfea9:c3816, 9f215ef2-7d46-4cda-b695-cae1b893f75f:c3818]
2019-08-20 16:04:12,310 [grpc-default-executor-0] INFO  client.GrpcClientProtocolClient (GrpcClientProtocolClient.java:onNext(255)) - client-EAA342753240->9a4a4c23-9ff3-4ce3-a619-2c71c0869997: receive RaftClientReply:client-EAA342753240->9a4a4c23-9ff3-4ce3-a619-2c71c0869997@group-EC4211DF0353, cid=2575, SUCCESS, logIndex=3820, commits[9a4a4c23-9ff3-4ce3-a619-2c71c0869997:c3822, 9b0072ab-15b3-4973-9bcb-7fa02f6bfea9:c3816, 9f215ef2-7d46-4cda-b695-cae1b893f75f:c3819]
2019-08-20 16:04:12,311 | INFO  | DNAudit | user=null | ip=null | op=WRITE_CHUNK {blockData=conID: 3 locID: 102650154338222681 bcsId: 0} | ret=SUCCESS |  
2019-08-20 16:04:12,311 | INFO  | DNAudit | user=null | ip=null | op=PUT_BLOCK {blockData=[blockId=conID: 3 locID: 102650154338222681 bcsId: 0,size=1048576]} | ret=SUCCESS |  
2019-08-20 16:04:12,311 | INFO  | DNAudit | user=null | ip=null | op=WRITE_CHUNK {blockData=conID: 3 locID: 102650154338222681 bcsId: 0} | ret=SUCCESS |  
2019-08-20 16:04:12,311 [grpc-default-executor-0] INFO  client.GrpcClientProtocolClient (GrpcClientProtocolClient.java:onNext(255)) - client-EAA342753240->9a4a4c23-9ff3-4ce3-a619-2c71c0869997: receive RaftClientReply:client-EAA342753240->9a4a4c23-9ff3-4ce3-a619-2c71c0869997@group-EC4211DF0353, cid=2576, SUCCESS, logIndex=0, commits[9a4a4c23-9ff3-4ce3-a619-2c71c0869997:c3822, 9b0072ab-15b3-4973-9bcb-7fa02f6bfea9:c3819, 9f215ef2-7d46-4cda-b695-cae1b893f75f:c3819]
2019-08-20 16:04:12,313 | INFO  | DNAudit | user=null | ip=null | op=PUT_BLOCK {blockData=[blockId=conID: 3 locID: 102650154338222681 bcsId: 0,size=2097152]} | ret=SUCCESS |  
2019-08-20 16:04:12,317 | INFO  | DNAudit | user=null | ip=null | op=WRITE_CHUNK {blockData=conID: 3 locID: 102650154338222681 bcsId: 3820} | ret=SUCCESS |  
2019-08-20 16:04:12,319 | INFO  | DNAudit | user=null | ip=null | op=WRITE_CHUNK {blockData=conID: 3 locID: 102650154338222681 bcsId: 3820} | ret=SUCCESS |  
2019-08-20 16:04:12,319 | INFO  | DNAudit | user=null | ip=null | op=WRITE_CHUNK {blockData=conID: 3 locID: 102650154338222681 bcsId: 3820} | ret=SUCCESS |  
2019-08-20 16:04:12,323 | INFO  | DNAudit | user=null | ip=null | op=PUT_BLOCK {blockData=[blockId=conID: 3 locID: 102650154338222681 bcsId: 0,size=2097152]} | ret=SUCCESS |  
2019-08-20 16:04:12,326 | INFO  | DNAudit | user=null | ip=null | op=WRITE_CHUNK {blockData=conID: 3 locID: 102650154338222681 bcsId: 3820} | ret=SUCCESS |  
2019-08-20 16:04:12,326 | INFO  | DNAudit | user=null | ip=null | op=PUT_BLOCK {blockData=[blockId=conID: 3 locID: 102650154338222681 bcsId: 0,size=3145728]} | ret=SUCCESS |  
2019-08-20 16:04:12,326 [grpc-default-executor-5] INFO  client.GrpcClientProtocolClient (GrpcClientProtocolClient.java:onNext(255)) - client-EAA342753240->9a4a4c23-9ff3-4ce3-a619-2c71c0869997: receive RaftClientReply:client-EAA342753240->9a4a4c23-9ff3-4ce3-a619-2c71c0869997@group-EC4211DF0353, cid=2577, SUCCESS, logIndex=3825, commits[9a4a4c23-9ff3-4ce3-a619-2c71c0869997:c3826, 9b0072ab-15b3-4973-9bcb-7fa02f6bfea9:c3820, 9f215ef2-7d46-4cda-b695-cae1b893f75f:c3824]
2019-08-20 16:04:12,327 [grpc-default-executor-5] INFO  client.GrpcClientProtocolClient (GrpcClientProtocolClient.java:onNext(255)) - client-EAA342753240->9a4a4c23-9ff3-4ce3-a619-2c71c0869997: receive RaftClientReply:client-EAA342753240->9a4a4c23-9ff3-4ce3-a619-2c71c0869997@group-EC4211DF0353, cid=2578, SUCCESS, logIndex=3826, commits[9a4a4c23-9ff3-4ce3-a619-2c71c0869997:c3826, 9b0072ab-15b3-4973-9bcb-7fa02f6bfea9:c3820, 9f215ef2-7d46-4cda-b695-cae1b893f75f:c3824]
2019-08-20 16:04:12,332 | INFO  | DNAudit | user=null | ip=null | op=WRITE_CHUNK {blockData=conID: 3 locID: 102650154338222681 bcsId: 3826} | ret=SUCCESS |  
2019-08-20 16:04:12,334 | INFO  | DNAudit | user=null | ip=null | op=WRITE_CHUNK {blockData=conID: 3 locID: 102650154338222681 bcsId: 3826} | ret=SUCCESS |  
2019-08-20 16:04:12,334 | INFO  | DNAudit | user=null | ip=null | op=WRITE_CHUNK {blockData=conID: 3 locID: 102650154338222681 bcsId: 3826} | ret=SUCCESS |  
2019-08-20 16:04:12,339 | INFO  | DNAudit | user=null | ip=null | op=WRITE_CHUNK {blockData=conID: 3 locID: 102650154338222681 bcsId: 3820} | ret=SUCCESS |  
2019-08-20 16:04:12,339 | INFO  | DNAudit | user=null | ip=null | op=PUT_BLOCK {blockData=[blockId=conID: 3 locID: 102650154338222681 bcsId: 0,size=3145728]} | ret=SUCCESS |  
2019-08-20 16:04:12,349 | INFO  | DNAudit | user=null | ip=null | op=WRITE_CHUNK {blockData=conID: 3 locID: 102650154338222681 bcsId: 3820} | ret=SUCCESS |  
2019-08-20 16:04:12,349 | INFO  | DNAudit | user=null | ip=null | op=PUT_BLOCK {blockData=[blockId=conID: 3 locID: 102650154338222681 bcsId: 0,size=3145728]} | ret=SUCCESS |  
2019-08-20 16:04:12,351 | INFO  | DNAudit | user=null | ip=null | op=WRITE_CHUNK {blockData=conID: 3 locID: 102650154338222681 bcsId: 3826} | ret=SUCCESS |  
2019-08-20 16:04:12,352 | INFO  | DNAudit | user=null | ip=null | op=PUT_BLOCK {blockData=[blockId=conID: 3 locID: 102650154338222681 bcsId: 0,size=4194304]} | ret=SUCCESS |  
2019-08-20 16:04:12,352 [grpc-default-executor-5] INFO  client.GrpcClientProtocolClient (GrpcClientProtocolClient.java:onNext(255)) - client-EAA342753240->9a4a4c23-9ff3-4ce3-a619-2c71c0869997: receive RaftClientReply:client-EAA342753240->9a4a4c23-9ff3-4ce3-a619-2c71c0869997@group-EC4211DF0353, cid=2579, SUCCESS, logIndex=3829, commits[9a4a4c23-9ff3-4ce3-a619-2c71c0869997:c3830, 9b0072ab-15b3-4973-9bcb-7fa02f6bfea9:c3826, 9f215ef2-7d46-4cda-b695-cae1b893f75f:c3826]
2019-08-20 16:04:12,352 [grpc-default-executor-5] INFO  client.GrpcClientProtocolClient (GrpcClientProtocolClient.java:onNext(255)) - client-EAA342753240->9a4a4c23-9ff3-4ce3-a619-2c71c0869997: receive RaftClientReply:client-EAA342753240->9a4a4c23-9ff3-4ce3-a619-2c71c0869997@group-EC4211DF0353, cid=2580, SUCCESS, logIndex=3830, commits[9a4a4c23-9ff3-4ce3-a619-2c71c0869997:c3830, 9b0072ab-15b3-4973-9bcb-7fa02f6bfea9:c3826, 9f215ef2-7d46-4cda-b695-cae1b893f75f:c3826]
2019-08-20 16:04:12,355 | INFO  | DNAudit | user=null | ip=null | op=WRITE_CHUNK {blockData=conID: 3 locID: 102650154338222681 bcsId: 3826} | ret=SUCCESS |  
2019-08-20 16:04:12,355 | INFO  | DNAudit | user=null | ip=null | op=PUT_BLOCK {blockData=[blockId=conID: 3 locID: 102650154338222681 bcsId: 0,size=4194304]} | ret=SUCCESS |  
2019-08-20 16:04:12,355 | INFO  | DNAudit | user=null | ip=null | op=WRITE_CHUNK {blockData=conID: 3 locID: 102650154338222681 bcsId: 3826} | ret=SUCCESS |  
2019-08-20 16:04:12,355 | INFO  | DNAudit | user=null | ip=null | op=PUT_BLOCK {blockData=[blockId=conID: 3 locID: 102650154338222681 bcsId: 0,size=4194304]} | ret=SUCCESS |  
2019-08-20 16:04:12,355 [grpc-default-executor-3] INFO  client.GrpcClientProtocolClient (GrpcClientProtocolClient.java:onNext(255)) - client-EAA342753240->9a4a4c23-9ff3-4ce3-a619-2c71c0869997: receive RaftClientReply:client-EAA342753240->9a4a4c23-9ff3-4ce3-a619-2c71c0869997@group-EC4211DF0353, cid=2581, SUCCESS, logIndex=0, commits[9a4a4c23-9ff3-4ce3-a619-2c71c0869997:c3830, 9b0072ab-15b3-4973-9bcb-7fa02f6bfea9:c3830, 9f215ef2-7d46-4cda-b695-cae1b893f75f:c3830]
2019-08-20 16:04:12,359 | INFO  | SCMAudit | user=jenkins1000 | ip=192.168.69.96 | op=ALLOCATE_BLOCK {owner=ea4851f9-218c-4af7-91b4-edb777a4888c, size=4194304, type=RATIS, factor=THREE} | ret=SUCCESS |  
2019-08-20 16:04:12,362 | INFO  | OMAudit | user=jenkins1000 | ip=127.0.0.1 | op=ALLOCATE_BLOCK {volume=vol-0-94146, bucket=bucket-0-90789, key=key-0-25609, dataSize=0, replicationType=null, replicationFactor=null, keyLocationInfo=null, clientID=102650152704082322} | ret=SUCCESS |  
2019-08-20 16:04:12,367 | INFO  | DNAudit | user=null | ip=null | op=WRITE_CHUNK {blockData=conID: 1 locID: 102650154343400026 bcsId: 0} | ret=SUCCESS |  
2019-08-20 16:04:12,370 | INFO  | DNAudit | user=null | ip=null | op=WRITE_CHUNK {blockData=conID: 1 locID: 102650154343400026 bcsId: 0} | ret=SUCCESS |  
2019-08-20 16:04:12,370 | INFO  | DNAudit | user=null | ip=null | op=WRITE_CHUNK {blockData=conID: 1 locID: 102650154343400026 bcsId: 0} | ret=SUCCESS |  
2019-08-20 16:04:12,370 | INFO  | DNAudit | user=null | ip=null | op=WRITE_CHUNK {blockData=conID: 1 locID: 102650154343400026 bcsId: 0} | ret=SUCCESS |  
2019-08-20 16:04:12,371 | INFO  | DNAudit | user=null | ip=null | op=WRITE_CHUNK {blockData=conID: 1 locID: 102650154343400026 bcsId: 0} | ret=SUCCESS |  
2019-08-20 16:04:12,371 | INFO  | DNAudit | user=null | ip=null | op=WRITE_CHUNK {blockData=conID: 1 locID: 102650154343400026 bcsId: 0} | ret=SUCCESS |  
2019-08-20 16:04:12,373 | INFO  | DNAudit | user=null | ip=null | op=WRITE_CHUNK {blockData=conID: 1 locID: 102650154343400026 bcsId: 0} | ret=SUCCESS |  
2019-08-20 16:04:12,373 | INFO  | DNAudit | user=null | ip=null | op=PUT_BLOCK {blockData=[blockId=conID: 1 locID: 102650154343400026 bcsId: 0,size=1048576]} | ret=SUCCESS |  
2019-08-20 16:04:12,373 [grpc-default-executor-5] INFO  client.GrpcClientProtocolClient (GrpcClientProtocolClient.java:onNext(255)) - client-EAA342753240->9a4a4c23-9ff3-4ce3-a619-2c71c0869997: receive RaftClientReply:client-EAA342753240->9a4a4c23-9ff3-4ce3-a619-2c71c0869997@group-EC4211DF0353, cid=2582, SUCCESS, logIndex=3832, commits[9a4a4c23-9ff3-4ce3-a619-2c71c0869997:c3833, 9b0072ab-15b3-4973-9bcb-7fa02f6bfea9:c3831, 9f215ef2-7d46-4cda-b695-cae1b893f75f:c3831]
2019-08-20 16:04:12,374 [grpc-default-executor-5] INFO  client.GrpcClientProtocolClient (GrpcClientProtocolClient.java:onNext(255)) - client-EAA342753240->9a4a4c23-9ff3-4ce3-a619-2c71c0869997: receive RaftClientReply:client-EAA342753240->9a4a4c23-9ff3-4ce3-a619-2c71c0869997@group-EC4211DF0353, cid=2583, SUCCESS, logIndex=3833, commits[9a4a4c23-9ff3-4ce3-a619-2c71c0869997:c3833, 9b0072ab-15b3-4973-9bcb-7fa02f6bfea9:c3831, 9f215ef2-7d46-4cda-b695-cae1b893f75f:c3831]
2019-08-20 16:04:12,375 | INFO  | DNAudit | user=null | ip=null | op=WRITE_CHUNK {blockData=conID: 1 locID: 102650154343400026 bcsId: 0} | ret=SUCCESS |  
2019-08-20 16:04:12,376 | INFO  | DNAudit | user=null | ip=null | op=PUT_BLOCK {blockData=[blockId=conID: 1 locID: 102650154343400026 bcsId: 0,size=2097152]} | ret=SUCCESS |  
2019-08-20 16:04:12,376 [grpc-default-executor-0] INFO  client.GrpcClientProtocolClient (GrpcClientProtocolClient.java:onNext(255)) - client-EAA342753240->9a4a4c23-9ff3-4ce3-a619-2c71c0869997: receive RaftClientReply:client-EAA342753240->9a4a4c23-9ff3-4ce3-a619-2c71c0869997@group-EC4211DF0353, cid=2584, SUCCESS, logIndex=3834, commits[9a4a4c23-9ff3-4ce3-a619-2c71c0869997:c3835, 9b0072ab-15b3-4973-9bcb-7fa02f6bfea9:c3831, 9f215ef2-7d46-4cda-b695-cae1b893f75f:c3831]
2019-08-20 16:04:12,376 [grpc-default-executor-0] INFO  client.GrpcClientProtocolClient (GrpcClientProtocolClient.java:onNext(255)) - client-EAA342753240->9a4a4c23-9ff3-4ce3-a619-2c71c0869997: receive RaftClientReply:client-EAA342753240->9a4a4c23-9ff3-4ce3-a619-2c71c0869997@group-EC4211DF0353, cid=2585, SUCCESS, logIndex=3835, commits[9a4a4c23-9ff3-4ce3-a619-2c71c0869997:c3835, 9b0072ab-15b3-4973-9bcb-7fa02f6bfea9:c3831, 9f215ef2-7d46-4cda-b695-cae1b893f75f:c3831]
2019-08-20 16:04:12,388 | INFO  | DNAudit | user=null | ip=null | op=WRITE_CHUNK {blockData=conID: 1 locID: 102650154343400026 bcsId: 0} | ret=SUCCESS |  
2019-08-20 16:04:12,388 | INFO  | DNAudit | user=null | ip=null | op=WRITE_CHUNK {blockData=conID: 1 locID: 102650154343400026 bcsId: 0} | ret=SUCCESS |  
2019-08-20 16:04:12,388 | INFO  | DNAudit | user=null | ip=null | op=PUT_BLOCK {blockData=[blockId=conID: 1 locID: 102650154343400026 bcsId: 0,size=1048576]} | ret=SUCCESS |  
2019-08-20 16:04:12,388 | INFO  | DNAudit | user=null | ip=null | op=PUT_BLOCK {blockData=[blockId=conID: 1 locID: 102650154343400026 bcsId: 0,size=1048576]} | ret=SUCCESS |  
2019-08-20 16:04:12,389 [grpc-default-executor-3] INFO  client.GrpcClientProtocolClient (GrpcClientProtocolClient.java:onNext(255)) - client-EAA342753240->9a4a4c23-9ff3-4ce3-a619-2c71c0869997: receive RaftClientReply:client-EAA342753240->9a4a4c23-9ff3-4ce3-a619-2c71c0869997@group-EC4211DF0353, cid=2586, SUCCESS, logIndex=0, commits[9a4a4c23-9ff3-4ce3-a619-2c71c0869997:c3837, 9b0072ab-15b3-4973-9bcb-7fa02f6bfea9:c3833, 9f215ef2-7d46-4cda-b695-cae1b893f75f:c3833]
2019-08-20 16:04:12,395 | INFO  | DNAudit | user=null | ip=null | op=WRITE_CHUNK {blockData=conID: 1 locID: 102650154343400026 bcsId: 3835} | ret=SUCCESS |  
2019-08-20 16:04:12,397 | INFO  | DNAudit | user=null | ip=null | op=WRITE_CHUNK {blockData=conID: 1 locID: 102650154343400026 bcsId: 3835} | ret=SUCCESS |  
2019-08-20 16:04:12,397 | INFO  | DNAudit | user=null | ip=null | op=WRITE_CHUNK {blockData=conID: 1 locID: 102650154343400026 bcsId: 3835} | ret=SUCCESS |  
2019-08-20 16:04:12,401 | INFO  | DNAudit | user=null | ip=null | op=WRITE_CHUNK {blockData=conID: 1 locID: 102650154343400026 bcsId: 0} | ret=SUCCESS |  
2019-08-20 16:04:12,401 | INFO  | DNAudit | user=null | ip=null | op=WRITE_CHUNK {blockData=conID: 1 locID: 102650154343400026 bcsId: 0} | ret=SUCCESS |  
2019-08-20 16:04:12,401 | INFO  | DNAudit | user=null | ip=null | op=PUT_BLOCK {blockData=[blockId=conID: 1 locID: 102650154343400026 bcsId: 0,size=2097152]} | ret=SUCCESS |  
2019-08-20 16:04:12,402 | INFO  | DNAudit | user=null | ip=null | op=PUT_BLOCK {blockData=[blockId=conID: 1 locID: 102650154343400026 bcsId: 0,size=2097152]} | ret=SUCCESS |  
2019-08-20 16:04:12,414 | INFO  | DNAudit | user=null | ip=null | op=WRITE_CHUNK {blockData=conID: 1 locID: 102650154343400026 bcsId: 3835} | ret=SUCCESS |  
2019-08-20 16:04:12,415 | INFO  | DNAudit | user=null | ip=null | op=PUT_BLOCK {blockData=[blockId=conID: 1 locID: 102650154343400026 bcsId: 0,size=3145728]} | ret=SUCCESS |  
2019-08-20 16:04:12,415 [grpc-default-executor-5] INFO  client.GrpcClientProtocolClient (GrpcClientProtocolClient.java:onNext(255)) - client-EAA342753240->9a4a4c23-9ff3-4ce3-a619-2c71c0869997: receive RaftClientReply:client-EAA342753240->9a4a4c23-9ff3-4ce3-a619-2c71c0869997@group-EC4211DF0353, cid=2587, SUCCESS, logIndex=3840, commits[9a4a4c23-9ff3-4ce3-a619-2c71c0869997:c3840, 9b0072ab-15b3-4973-9bcb-7fa02f6bfea9:c3837, 9f215ef2-7d46-4cda-b695-cae1b893f75f:c3837]
2019-08-20 16:04:12,416 [grpc-default-executor-5] INFO  client.GrpcClientProtocolClient (GrpcClientProtocolClient.java:onNext(255)) - client-EAA342753240->9a4a4c23-9ff3-4ce3-a619-2c71c0869997: receive RaftClientReply:client-EAA342753240->9a4a4c23-9ff3-4ce3-a619-2c71c0869997@group-EC4211DF0353, cid=2588, SUCCESS, logIndex=3841, commits[9a4a4c23-9ff3-4ce3-a619-2c71c0869997:c3841, 9b0072ab-15b3-4973-9bcb-7fa02f6bfea9:c3837, 9f215ef2-7d46-4cda-b695-cae1b893f75f:c3837]
2019-08-20 16:04:12,423 | INFO  | DNAudit | user=null | ip=null | op=WRITE_CHUNK {blockData=conID: 1 locID: 102650154343400026 bcsId: 3841} | ret=SUCCESS |  
2019-08-20 16:04:12,424 | INFO  | DNAudit | user=null | ip=null | op=WRITE_CHUNK {blockData=conID: 1 locID: 102650154343400026 bcsId: 3841} | ret=SUCCESS |  
2019-08-20 16:04:12,424 | INFO  | DNAudit | user=null | ip=null | op=WRITE_CHUNK {blockData=conID: 1 locID: 102650154343400026 bcsId: 3841} | ret=SUCCESS |  
2019-08-20 16:04:12,426 | INFO  | DNAudit | user=null | ip=null | op=WRITE_CHUNK {blockData=conID: 1 locID: 102650154343400026 bcsId: 3835} | ret=SUCCESS |  
2019-08-20 16:04:12,426 | INFO  | DNAudit | user=null | ip=null | op=WRITE_CHUNK {blockData=conID: 1 locID: 102650154343400026 bcsId: 3835} | ret=SUCCESS |  
2019-08-20 16:04:12,438 | INFO  | DNAudit | user=null | ip=null | op=PUT_BLOCK {blockData=[blockId=conID: 1 locID: 102650154343400026 bcsId: 0,size=3145728]} | ret=SUCCESS |  
2019-08-20 16:04:12,438 | INFO  | DNAudit | user=null | ip=null | op=PUT_BLOCK {blockData=[blockId=conID: 1 locID: 102650154343400026 bcsId: 0,size=3145728]} | ret=SUCCESS |  
2019-08-20 16:04:12,438 | INFO  | DNAudit | user=null | ip=null | op=WRITE_CHUNK {blockData=conID: 1 locID: 102650154343400026 bcsId: 3841} | ret=SUCCESS |  
2019-08-20 16:04:12,438 | INFO  | DNAudit | user=null | ip=null | op=PUT_BLOCK {blockData=[blockId=conID: 1 locID: 102650154343400026 bcsId: 0,size=4194304]} | ret=SUCCESS |  
2019-08-20 16:04:12,438 [grpc-default-executor-5] INFO  client.GrpcClientProtocolClient (GrpcClientProtocolClient.java:onNext(255)) - client-EAA342753240->9a4a4c23-9ff3-4ce3-a619-2c71c0869997: receive RaftClientReply:client-EAA342753240->9a4a4c23-9ff3-4ce3-a619-2c71c0869997@group-EC4211DF0353, cid=2589, SUCCESS, logIndex=3844, commits[9a4a4c23-9ff3-4ce3-a619-2c71c0869997:c3845, 9b0072ab-15b3-4973-9bcb-7fa02f6bfea9:c3841, 9f215ef2-7d46-4cda-b695-cae1b893f75f:c3841]
2019-08-20 16:04:12,439 [grpc-default-executor-5] INFO  client.GrpcClientProtocolClient (GrpcClientProtocolClient.java:onNext(255)) - client-EAA342753240->9a4a4c23-9ff3-4ce3-a619-2c71c0869997: receive RaftClientReply:client-EAA342753240->9a4a4c23-9ff3-4ce3-a619-2c71c0869997@group-EC4211DF0353, cid=2590, SUCCESS, logIndex=3845, commits[9a4a4c23-9ff3-4ce3-a619-2c71c0869997:c3845, 9b0072ab-15b3-4973-9bcb-7fa02f6bfea9:c3841, 9f215ef2-7d46-4cda-b695-cae1b893f75f:c3841]
2019-08-20 16:04:12,451 | INFO  | DNAudit | user=null | ip=null | op=WRITE_CHUNK {blockData=conID: 1 locID: 102650154343400026 bcsId: 3841} | ret=SUCCESS |  
2019-08-20 16:04:12,452 | INFO  | DNAudit | user=null | ip=null | op=WRITE_CHUNK {blockData=conID: 1 locID: 102650154343400026 bcsId: 3841} | ret=SUCCESS |  
2019-08-20 16:04:12,465 | INFO  | DNAudit | user=null | ip=null | op=PUT_BLOCK {blockData=[blockId=conID: 1 locID: 102650154343400026 bcsId: 0,size=4194304]} | ret=SUCCESS |  
2019-08-20 16:04:12,465 | INFO  | DNAudit | user=null | ip=null | op=PUT_BLOCK {blockData=[blockId=conID: 1 locID: 102650154343400026 bcsId: 0,size=4194304]} | ret=SUCCESS |  
2019-08-20 16:04:12,465 [grpc-default-executor-0] INFO  client.GrpcClientProtocolClient (GrpcClientProtocolClient.java:onNext(255)) - client-EAA342753240->9a4a4c23-9ff3-4ce3-a619-2c71c0869997: receive RaftClientReply:client-EAA342753240->9a4a4c23-9ff3-4ce3-a619-2c71c0869997@group-EC4211DF0353, cid=2591, SUCCESS, logIndex=0, commits[9a4a4c23-9ff3-4ce3-a619-2c71c0869997:c3847, 9b0072ab-15b3-4973-9bcb-7fa02f6bfea9:c3845, 9f215ef2-7d46-4cda-b695-cae1b893f75f:c3845]
2019-08-20 16:04:12,472 | INFO  | SCMAudit | user=jenkins1000 | ip=192.168.69.96 | op=ALLOCATE_BLOCK {owner=ea4851f9-218c-4af7-91b4-edb777a4888c, size=4194304, type=RATIS, factor=THREE} | ret=SUCCESS |  
2019-08-20 16:04:12,476 | INFO  | OMAudit | user=jenkins1000 | ip=127.0.0.1 | op=ALLOCATE_BLOCK {volume=vol-0-94146, bucket=bucket-0-90789, key=key-0-25609, dataSize=0, replicationType=null, replicationFactor=null, keyLocationInfo=null, clientID=102650152704082322} | ret=SUCCESS |  
2019-08-20 16:04:12,483 | INFO  | DNAudit | user=null | ip=null | op=WRITE_CHUNK {blockData=conID: 2 locID: 102650154350805595 bcsId: 0} | ret=SUCCESS |  
2019-08-20 16:04:12,485 | INFO  | DNAudit | user=null | ip=null | op=WRITE_CHUNK {blockData=conID: 2 locID: 102650154350805595 bcsId: 0} | ret=SUCCESS |  
2019-08-20 16:04:12,485 | INFO  | DNAudit | user=null | ip=null | op=WRITE_CHUNK {blockData=conID: 2 locID: 102650154350805595 bcsId: 0} | ret=SUCCESS |  
2019-08-20 16:04:12,486 | INFO  | DNAudit | user=null | ip=null | op=WRITE_CHUNK {blockData=conID: 2 locID: 102650154350805595 bcsId: 0} | ret=SUCCESS |  
2019-08-20 16:04:12,487 | INFO  | DNAudit | user=null | ip=null | op=WRITE_CHUNK {blockData=conID: 2 locID: 102650154350805595 bcsId: 0} | ret=SUCCESS |  
2019-08-20 16:04:12,488 | INFO  | DNAudit | user=null | ip=null | op=WRITE_CHUNK {blockData=conID: 2 locID: 102650154350805595 bcsId: 0} | ret=SUCCESS |  
2019-08-20 16:04:12,500 | INFO  | DNAudit | user=null | ip=null | op=WRITE_CHUNK {blockData=conID: 2 locID: 102650154350805595 bcsId: 0} | ret=SUCCESS |  
2019-08-20 16:04:12,500 | INFO  | DNAudit | user=null | ip=null | op=PUT_BLOCK {blockData=[blockId=conID: 2 locID: 102650154350805595 bcsId: 0,size=1048576]} | ret=SUCCESS |  
2019-08-20 16:04:12,501 [grpc-default-executor-0] INFO  client.GrpcClientProtocolClient (GrpcClientProtocolClient.java:onNext(255)) - client-EAA342753240->9a4a4c23-9ff3-4ce3-a619-2c71c0869997: receive RaftClientReply:client-EAA342753240->9a4a4c23-9ff3-4ce3-a619-2c71c0869997@group-EC4211DF0353, cid=2592, SUCCESS, logIndex=3848, commits[9a4a4c23-9ff3-4ce3-a619-2c71c0869997:c3849, 9b0072ab-15b3-4973-9bcb-7fa02f6bfea9:c3847, 9f215ef2-7d46-4cda-b695-cae1b893f75f:c3847]
2019-08-20 16:04:12,501 [grpc-default-executor-0] INFO  client.GrpcClientProtocolClient (GrpcClientProtocolClient.java:onNext(255)) - client-EAA342753240->9a4a4c23-9ff3-4ce3-a619-2c71c0869997: receive RaftClientReply:client-EAA342753240->9a4a4c23-9ff3-4ce3-a619-2c71c0869997@group-EC4211DF0353, cid=2593, SUCCESS, logIndex=3849, commits[9a4a4c23-9ff3-4ce3-a619-2c71c0869997:c3849, 9b0072ab-15b3-4973-9bcb-7fa02f6bfea9:c3847, 9f215ef2-7d46-4cda-b695-cae1b893f75f:c3847]
2019-08-20 16:04:12,513 | INFO  | DNAudit | user=null | ip=null | op=WRITE_CHUNK {blockData=conID: 2 locID: 102650154350805595 bcsId: 0} | ret=SUCCESS |  
2019-08-20 16:04:12,514 | INFO  | DNAudit | user=null | ip=null | op=PUT_BLOCK {blockData=[blockId=conID: 2 locID: 102650154350805595 bcsId: 0,size=2097152]} | ret=SUCCESS |  
2019-08-20 16:04:12,514 [grpc-default-executor-0] INFO  client.GrpcClientProtocolClient (GrpcClientProtocolClient.java:onNext(255)) - client-EAA342753240->9a4a4c23-9ff3-4ce3-a619-2c71c0869997: receive RaftClientReply:client-EAA342753240->9a4a4c23-9ff3-4ce3-a619-2c71c0869997@group-EC4211DF0353, cid=2594, SUCCESS, logIndex=3850, commits[9a4a4c23-9ff3-4ce3-a619-2c71c0869997:c3851, 9b0072ab-15b3-4973-9bcb-7fa02f6bfea9:c3847, 9f215ef2-7d46-4cda-b695-cae1b893f75f:c3847]
2019-08-20 16:04:12,514 [grpc-default-executor-0] INFO  client.GrpcClientProtocolClient (GrpcClientProtocolClient.java:onNext(255)) - client-EAA342753240->9a4a4c23-9ff3-4ce3-a619-2c71c0869997: receive RaftClientReply:client-EAA342753240->9a4a4c23-9ff3-4ce3-a619-2c71c0869997@group-EC4211DF0353, cid=2595, SUCCESS, logIndex=3851, commits[9a4a4c23-9ff3-4ce3-a619-2c71c0869997:c3851, 9b0072ab-15b3-4973-9bcb-7fa02f6bfea9:c3847, 9f215ef2-7d46-4cda-b695-cae1b893f75f:c3847]
2019-08-20 16:04:12,527 | INFO  | DNAudit | user=null | ip=null | op=WRITE_CHUNK {blockData=conID: 2 locID: 102650154350805595 bcsId: 0} | ret=SUCCESS |  
2019-08-20 16:04:12,527 | INFO  | DNAudit | user=null | ip=null | op=WRITE_CHUNK {blockData=conID: 2 locID: 102650154350805595 bcsId: 0} | ret=SUCCESS |  
2019-08-20 16:04:12,527 | INFO  | DNAudit | user=null | ip=null | op=PUT_BLOCK {blockData=[blockId=conID: 2 locID: 102650154350805595 bcsId: 0,size=1048576]} | ret=SUCCESS |  
2019-08-20 16:04:12,527 | INFO  | DNAudit | user=null | ip=null | op=PUT_BLOCK {blockData=[blockId=conID: 2 locID: 102650154350805595 bcsId: 0,size=1048576]} | ret=SUCCESS |  
2019-08-20 16:04:12,527 [grpc-default-executor-0] INFO  client.GrpcClientProtocolClient (GrpcClientProtocolClient.java:onNext(255)) - client-EAA342753240->9a4a4c23-9ff3-4ce3-a619-2c71c0869997: receive RaftClientReply:client-EAA342753240->9a4a4c23-9ff3-4ce3-a619-2c71c0869997@group-EC4211DF0353, cid=2596, SUCCESS, logIndex=0, commits[9a4a4c23-9ff3-4ce3-a619-2c71c0869997:c3853, 9b0072ab-15b3-4973-9bcb-7fa02f6bfea9:c3849, 9f215ef2-7d46-4cda-b695-cae1b893f75f:c3849]
2019-08-20 16:04:12,530 | INFO  | DNAudit | user=null | ip=null | op=WRITE_CHUNK {blockData=conID: 2 locID: 102650154350805595 bcsId: 0} | ret=SUCCESS |  
2019-08-20 16:04:12,530 | INFO  | DNAudit | user=null | ip=null | op=WRITE_CHUNK {blockData=conID: 2 locID: 102650154350805595 bcsId: 0} | ret=SUCCESS |  
2019-08-20 16:04:12,530 | INFO  | DNAudit | user=null | ip=null | op=PUT_BLOCK {blockData=[blockId=conID: 2 locID: 102650154350805595 bcsId: 0,size=2097152]} | ret=SUCCESS |  
2019-08-20 16:04:12,530 | INFO  | DNAudit | user=null | ip=null | op=PUT_BLOCK {blockData=[blockId=conID: 2 locID: 102650154350805595 bcsId: 0,size=2097152]} | ret=SUCCESS |  
2019-08-20 16:04:12,534 | INFO  | DNAudit | user=null | ip=null | op=WRITE_CHUNK {blockData=conID: 2 locID: 102650154350805595 bcsId: 3851} | ret=SUCCESS |  
2019-08-20 16:04:12,535 | INFO  | DNAudit | user=null | ip=null | op=WRITE_CHUNK {blockData=conID: 2 locID: 102650154350805595 bcsId: 3851} | ret=SUCCESS |  
2019-08-20 16:04:12,535 | INFO  | DNAudit | user=null | ip=null | op=WRITE_CHUNK {blockData=conID: 2 locID: 102650154350805595 bcsId: 3851} | ret=SUCCESS |  
2019-08-20 16:04:12,542 | INFO  | DNAudit | user=null | ip=null | op=WRITE_CHUNK {blockData=conID: 2 locID: 102650154350805595 bcsId: 3851} | ret=SUCCESS |  
2019-08-20 16:04:12,542 | INFO  | DNAudit | user=null | ip=null | op=PUT_BLOCK {blockData=[blockId=conID: 2 locID: 102650154350805595 bcsId: 0,size=3145728]} | ret=SUCCESS |  
2019-08-20 16:04:12,542 [grpc-default-executor-0] INFO  client.GrpcClientProtocolClient (GrpcClientProtocolClient.java:onNext(255)) - client-EAA342753240->9a4a4c23-9ff3-4ce3-a619-2c71c0869997: receive RaftClientReply:client-EAA342753240->9a4a4c23-9ff3-4ce3-a619-2c71c0869997@group-EC4211DF0353, cid=2597, SUCCESS, logIndex=3856, commits[9a4a4c23-9ff3-4ce3-a619-2c71c0869997:c3857, 9b0072ab-15b3-4973-9bcb-7fa02f6bfea9:c3855, 9f215ef2-7d46-4cda-b695-cae1b893f75f:c3855]
2019-08-20 16:04:12,542 [grpc-default-executor-0] INFO  client.GrpcClientProtocolClient (GrpcClientProtocolClient.java:onNext(255)) - client-EAA342753240->9a4a4c23-9ff3-4ce3-a619-2c71c0869997: receive RaftClientReply:client-EAA342753240->9a4a4c23-9ff3-4ce3-a619-2c71c0869997@group-EC4211DF0353, cid=2598, SUCCESS, logIndex=3857, commits[9a4a4c23-9ff3-4ce3-a619-2c71c0869997:c3857, 9b0072ab-15b3-4973-9bcb-7fa02f6bfea9:c3855, 9f215ef2-7d46-4cda-b695-cae1b893f75f:c3855]
2019-08-20 16:04:12,549 | INFO  | DNAudit | user=null | ip=null | op=WRITE_CHUNK {blockData=conID: 2 locID: 102650154350805595 bcsId: 3857} | ret=SUCCESS |  
2019-08-20 16:04:12,550 | INFO  | DNAudit | user=null | ip=null | op=WRITE_CHUNK {blockData=conID: 2 locID: 102650154350805595 bcsId: 3857} | ret=SUCCESS |  
2019-08-20 16:04:12,550 | INFO  | DNAudit | user=null | ip=null | op=WRITE_CHUNK {blockData=conID: 2 locID: 102650154350805595 bcsId: 3857} | ret=SUCCESS |  
2019-08-20 16:04:12,555 | INFO  | DNAudit | user=null | ip=null | op=WRITE_CHUNK {blockData=conID: 2 locID: 102650154350805595 bcsId: 3851} | ret=SUCCESS |  
2019-08-20 16:04:12,555 | INFO  | DNAudit | user=null | ip=null | op=WRITE_CHUNK {blockData=conID: 2 locID: 102650154350805595 bcsId: 3851} | ret=SUCCESS |  
2019-08-20 16:04:12,555 | INFO  | DNAudit | user=null | ip=null | op=PUT_BLOCK {blockData=[blockId=conID: 2 locID: 102650154350805595 bcsId: 0,size=3145728]} | ret=SUCCESS |  
2019-08-20 16:04:12,555 | INFO  | DNAudit | user=null | ip=null | op=PUT_BLOCK {blockData=[blockId=conID: 2 locID: 102650154350805595 bcsId: 0,size=3145728]} | ret=SUCCESS |  
2019-08-20 16:04:12,567 | INFO  | DNAudit | user=null | ip=null | op=WRITE_CHUNK {blockData=conID: 2 locID: 102650154350805595 bcsId: 3857} | ret=SUCCESS |  
2019-08-20 16:04:12,567 | INFO  | DNAudit | user=null | ip=null | op=PUT_BLOCK {blockData=[blockId=conID: 2 locID: 102650154350805595 bcsId: 0,size=4194304]} | ret=SUCCESS |  
2019-08-20 16:04:12,567 [grpc-default-executor-0] INFO  client.GrpcClientProtocolClient (GrpcClientProtocolClient.java:onNext(255)) - client-EAA342753240->9a4a4c23-9ff3-4ce3-a619-2c71c0869997: receive RaftClientReply:client-EAA342753240->9a4a4c23-9ff3-4ce3-a619-2c71c0869997@group-EC4211DF0353, cid=2599, SUCCESS, logIndex=3860, commits[9a4a4c23-9ff3-4ce3-a619-2c71c0869997:c3861, 9b0072ab-15b3-4973-9bcb-7fa02f6bfea9:c3857, 9f215ef2-7d46-4cda-b695-cae1b893f75f:c3857]
2019-08-20 16:04:12,568 [grpc-default-executor-0] INFO  client.GrpcClientProtocolClient (GrpcClientProtocolClient.java:onNext(255)) - client-EAA342753240->9a4a4c23-9ff3-4ce3-a619-2c71c0869997: receive RaftClientReply:client-EAA342753240->9a4a4c23-9ff3-4ce3-a619-2c71c0869997@group-EC4211DF0353, cid=2600, SUCCESS, logIndex=3861, commits[9a4a4c23-9ff3-4ce3-a619-2c71c0869997:c3861, 9b0072ab-15b3-4973-9bcb-7fa02f6bfea9:c3857, 9f215ef2-7d46-4cda-b695-cae1b893f75f:c3857]
2019-08-20 16:04:12,580 | INFO  | DNAudit | user=null | ip=null | op=WRITE_CHUNK {blockData=conID: 2 locID: 102650154350805595 bcsId: 3857} | ret=SUCCESS |  
2019-08-20 16:04:12,580 | INFO  | DNAudit | user=null | ip=null | op=WRITE_CHUNK {blockData=conID: 2 locID: 102650154350805595 bcsId: 3857} | ret=SUCCESS |  
2019-08-20 16:04:12,584 | INFO  | DNAudit | user=null | ip=null | op=PUT_BLOCK {blockData=[blockId=conID: 2 locID: 102650154350805595 bcsId: 0,size=4194304]} | ret=SUCCESS |  
2019-08-20 16:04:12,584 | INFO  | DNAudit | user=null | ip=null | op=PUT_BLOCK {blockData=[blockId=conID: 2 locID: 102650154350805595 bcsId: 0,size=4194304]} | ret=SUCCESS |  
2019-08-20 16:04:12,584 [grpc-default-executor-0] INFO  client.GrpcClientProtocolClient (GrpcClientProtocolClient.java:onNext(255)) - client-EAA342753240->9a4a4c23-9ff3-4ce3-a619-2c71c0869997: receive RaftClientReply:client-EAA342753240->9a4a4c23-9ff3-4ce3-a619-2c71c0869997@group-EC4211DF0353, cid=2601, SUCCESS, logIndex=0, commits[9a4a4c23-9ff3-4ce3-a619-2c71c0869997:c3863, 9b0072ab-15b3-4973-9bcb-7fa02f6bfea9:c3861, 9f215ef2-7d46-4cda-b695-cae1b893f75f:c3861]
2019-08-20 16:04:12,588 | INFO  | SCMAudit | user=jenkins1000 | ip=192.168.69.96 | op=ALLOCATE_BLOCK {owner=ea4851f9-218c-4af7-91b4-edb777a4888c, size=4194304, type=RATIS, factor=THREE} | ret=SUCCESS |  
2019-08-20 16:04:12,591 | INFO  | OMAudit | user=jenkins1000 | ip=127.0.0.1 | op=ALLOCATE_BLOCK {volume=vol-0-94146, bucket=bucket-0-90789, key=key-0-25609, dataSize=0, replicationType=null, replicationFactor=null, keyLocationInfo=null, clientID=102650152704082322} | ret=SUCCESS |  
2019-08-20 16:04:12,597 | INFO  | DNAudit | user=null | ip=null | op=WRITE_CHUNK {blockData=conID: 3 locID: 102650154358407772 bcsId: 0} | ret=SUCCESS |  
2019-08-20 16:04:12,599 | INFO  | DNAudit | user=null | ip=null | op=WRITE_CHUNK {blockData=conID: 3 locID: 102650154358407772 bcsId: 0} | ret=SUCCESS |  
2019-08-20 16:04:12,600 | INFO  | DNAudit | user=null | ip=null | op=WRITE_CHUNK {blockData=conID: 3 locID: 102650154358407772 bcsId: 0} | ret=SUCCESS |  
2019-08-20 16:04:12,600 | INFO  | DNAudit | user=null | ip=null | op=WRITE_CHUNK {blockData=conID: 3 locID: 102650154358407772 bcsId: 0} | ret=SUCCESS |  
2019-08-20 16:04:12,601 | INFO  | DNAudit | user=null | ip=null | op=WRITE_CHUNK {blockData=conID: 3 locID: 102650154358407772 bcsId: 0} | ret=SUCCESS |  
2019-08-20 16:04:12,602 | INFO  | DNAudit | user=null | ip=null | op=WRITE_CHUNK {blockData=conID: 3 locID: 102650154358407772 bcsId: 0} | ret=SUCCESS |  
2019-08-20 16:04:12,611 | INFO  | DNAudit | user=null | ip=null | op=WRITE_CHUNK {blockData=conID: 3 locID: 102650154358407772 bcsId: 0} | ret=SUCCESS |  
2019-08-20 16:04:12,611 | INFO  | DNAudit | user=null | ip=null | op=PUT_BLOCK {blockData=[blockId=conID: 3 locID: 102650154358407772 bcsId: 0,size=1048576]} | ret=SUCCESS |  
2019-08-20 16:04:12,612 | INFO  | DNAudit | user=null | ip=null | op=WRITE_CHUNK {blockData=conID: 3 locID: 102650154358407772 bcsId: 0} | ret=SUCCESS |  
2019-08-20 16:04:12,612 [grpc-default-executor-5] INFO  client.GrpcClientProtocolClient (GrpcClientProtocolClient.java:onNext(255)) - client-EAA342753240->9a4a4c23-9ff3-4ce3-a619-2c71c0869997: receive RaftClientReply:client-EAA342753240->9a4a4c23-9ff3-4ce3-a619-2c71c0869997@group-EC4211DF0353, cid=2602, SUCCESS, logIndex=3864, commits[9a4a4c23-9ff3-4ce3-a619-2c71c0869997:c3865, 9b0072ab-15b3-4973-9bcb-7fa02f6bfea9:c3863, 9f215ef2-7d46-4cda-b695-cae1b893f75f:c3863]
2019-08-20 16:04:12,612 | INFO  | DNAudit | user=null | ip=null | op=PUT_BLOCK {blockData=[blockId=conID: 3 locID: 102650154358407772 bcsId: 0,size=2097152]} | ret=SUCCESS |  
2019-08-20 16:04:12,612 [grpc-default-executor-5] INFO  client.GrpcClientProtocolClient (GrpcClientProtocolClient.java:onNext(255)) - client-EAA342753240->9a4a4c23-9ff3-4ce3-a619-2c71c0869997: receive RaftClientReply:client-EAA342753240->9a4a4c23-9ff3-4ce3-a619-2c71c0869997@group-EC4211DF0353, cid=2603, SUCCESS, logIndex=3865, commits[9a4a4c23-9ff3-4ce3-a619-2c71c0869997:c3867, 9b0072ab-15b3-4973-9bcb-7fa02f6bfea9:c3863, 9f215ef2-7d46-4cda-b695-cae1b893f75f:c3863]
2019-08-20 16:04:12,612 [grpc-default-executor-5] INFO  client.GrpcClientProtocolClient (GrpcClientProtocolClient.java:onNext(255)) - client-EAA342753240->9a4a4c23-9ff3-4ce3-a619-2c71c0869997: receive RaftClientReply:client-EAA342753240->9a4a4c23-9ff3-4ce3-a619-2c71c0869997@group-EC4211DF0353, cid=2604, SUCCESS, logIndex=3866, commits[9a4a4c23-9ff3-4ce3-a619-2c71c0869997:c3867, 9b0072ab-15b3-4973-9bcb-7fa02f6bfea9:c3863, 9f215ef2-7d46-4cda-b695-cae1b893f75f:c3863]
2019-08-20 16:04:12,612 [grpc-default-executor-5] INFO  client.GrpcClientProtocolClient (GrpcClientProtocolClient.java:onNext(255)) - client-EAA342753240->9a4a4c23-9ff3-4ce3-a619-2c71c0869997: receive RaftClientReply:client-EAA342753240->9a4a4c23-9ff3-4ce3-a619-2c71c0869997@group-EC4211DF0353, cid=2605, SUCCESS, logIndex=3867, commits[9a4a4c23-9ff3-4ce3-a619-2c71c0869997:c3867, 9b0072ab-15b3-4973-9bcb-7fa02f6bfea9:c3863, 9f215ef2-7d46-4cda-b695-cae1b893f75f:c3863]
2019-08-20 16:04:12,623 | INFO  | DNAudit | user=null | ip=null | op=WRITE_CHUNK {blockData=conID: 3 locID: 102650154358407772 bcsId: 0} | ret=SUCCESS |  
2019-08-20 16:04:12,623 | INFO  | DNAudit | user=null | ip=null | op=PUT_BLOCK {blockData=[blockId=conID: 3 locID: 102650154358407772 bcsId: 0,size=1048576]} | ret=SUCCESS |  
2019-08-20 16:04:12,634 | INFO  | DNAudit | user=null | ip=null | op=WRITE_CHUNK {blockData=conID: 3 locID: 102650154358407772 bcsId: 0} | ret=SUCCESS |  
2019-08-20 16:04:12,634 | INFO  | DNAudit | user=null | ip=null | op=PUT_BLOCK {blockData=[blockId=conID: 3 locID: 102650154358407772 bcsId: 0,size=1048576]} | ret=SUCCESS |  
2019-08-20 16:04:12,634 | INFO  | DNAudit | user=null | ip=null | op=WRITE_CHUNK {blockData=conID: 3 locID: 102650154358407772 bcsId: 0} | ret=SUCCESS |  
2019-08-20 16:04:12,634 [grpc-default-executor-5] INFO  client.GrpcClientProtocolClient (GrpcClientProtocolClient.java:onNext(255)) - client-EAA342753240->9a4a4c23-9ff3-4ce3-a619-2c71c0869997: receive RaftClientReply:client-EAA342753240->9a4a4c23-9ff3-4ce3-a619-2c71c0869997@group-EC4211DF0353, cid=2606, SUCCESS, logIndex=0, commits[9a4a4c23-9ff3-4ce3-a619-2c71c0869997:c3868, 9b0072ab-15b3-4973-9bcb-7fa02f6bfea9:c3865, 9f215ef2-7d46-4cda-b695-cae1b893f75f:c3865]
2019-08-20 16:04:12,635 | INFO  | DNAudit | user=null | ip=null | op=PUT_BLOCK {blockData=[blockId=conID: 3 locID: 102650154358407772 bcsId: 0,size=2097152]} | ret=SUCCESS |  
2019-08-20 16:04:12,636 | INFO  | DNAudit | user=null | ip=null | op=WRITE_CHUNK {blockData=conID: 3 locID: 102650154358407772 bcsId: 0} | ret=SUCCESS |  
2019-08-20 16:04:12,636 | INFO  | DNAudit | user=null | ip=null | op=PUT_BLOCK {blockData=[blockId=conID: 3 locID: 102650154358407772 bcsId: 0,size=2097152]} | ret=SUCCESS |  
2019-08-20 16:04:12,640 | INFO  | DNAudit | user=null | ip=null | op=WRITE_CHUNK {blockData=conID: 3 locID: 102650154358407772 bcsId: 3867} | ret=SUCCESS |  
2019-08-20 16:04:12,642 | INFO  | DNAudit | user=null | ip=null | op=WRITE_CHUNK {blockData=conID: 3 locID: 102650154358407772 bcsId: 3867} | ret=SUCCESS |  
2019-08-20 16:04:12,642 | INFO  | DNAudit | user=null | ip=null | op=WRITE_CHUNK {blockData=conID: 3 locID: 102650154358407772 bcsId: 3867} | ret=SUCCESS |  
2019-08-20 16:04:12,655 | INFO  | DNAudit | user=null | ip=null | op=WRITE_CHUNK {blockData=conID: 3 locID: 102650154358407772 bcsId: 3867} | ret=SUCCESS |  
2019-08-20 16:04:12,656 | INFO  | DNAudit | user=null | ip=null | op=PUT_BLOCK {blockData=[blockId=conID: 3 locID: 102650154358407772 bcsId: 0,size=3145728]} | ret=SUCCESS |  
2019-08-20 16:04:12,656 [grpc-default-executor-0] INFO  client.GrpcClientProtocolClient (GrpcClientProtocolClient.java:onNext(255)) - client-EAA342753240->9a4a4c23-9ff3-4ce3-a619-2c71c0869997: receive RaftClientReply:client-EAA342753240->9a4a4c23-9ff3-4ce3-a619-2c71c0869997@group-EC4211DF0353, cid=2607, SUCCESS, logIndex=3871, commits[9a4a4c23-9ff3-4ce3-a619-2c71c0869997:c3872, 9b0072ab-15b3-4973-9bcb-7fa02f6bfea9:c3870, 9f215ef2-7d46-4cda-b695-cae1b893f75f:c3870]
2019-08-20 16:04:12,656 [grpc-default-executor-0] INFO  client.GrpcClientProtocolClient (GrpcClientProtocolClient.java:onNext(255)) - client-EAA342753240->9a4a4c23-9ff3-4ce3-a619-2c71c0869997: receive RaftClientReply:client-EAA342753240->9a4a4c23-9ff3-4ce3-a619-2c71c0869997@group-EC4211DF0353, cid=2608, SUCCESS, logIndex=3872, commits[9a4a4c23-9ff3-4ce3-a619-2c71c0869997:c3872, 9b0072ab-15b3-4973-9bcb-7fa02f6bfea9:c3870, 9f215ef2-7d46-4cda-b695-cae1b893f75f:c3870]
2019-08-20 16:04:12,662 | INFO  | DNAudit | user=null | ip=null | op=WRITE_CHUNK {blockData=conID: 3 locID: 102650154358407772 bcsId: 3867} | ret=SUCCESS |  
2019-08-20 16:04:12,662 | INFO  | DNAudit | user=null | ip=null | op=WRITE_CHUNK {blockData=conID: 3 locID: 102650154358407772 bcsId: 3867} | ret=SUCCESS |  
2019-08-20 16:04:12,663 | INFO  | DNAudit | user=null | ip=null | op=PUT_BLOCK {blockData=[blockId=conID: 3 locID: 102650154358407772 bcsId: 0,size=3145728]} | ret=SUCCESS |  
2019-08-20 16:04:12,663 | INFO  | DNAudit | user=null | ip=null | op=PUT_BLOCK {blockData=[blockId=conID: 3 locID: 102650154358407772 bcsId: 0,size=3145728]} | ret=SUCCESS |  
2019-08-20 16:04:12,663 | INFO  | DNAudit | user=null | ip=null | op=WRITE_CHUNK {blockData=conID: 3 locID: 102650154358407772 bcsId: 3872} | ret=SUCCESS |  
2019-08-20 16:04:12,664 | INFO  | DNAudit | user=null | ip=null | op=WRITE_CHUNK {blockData=conID: 3 locID: 102650154358407772 bcsId: 3872} | ret=SUCCESS |  
2019-08-20 16:04:12,665 | INFO  | DNAudit | user=null | ip=null | op=WRITE_CHUNK {blockData=conID: 3 locID: 102650154358407772 bcsId: 3872} | ret=SUCCESS |  
2019-08-20 16:04:12,687 | INFO  | DNAudit | user=null | ip=null | op=WRITE_CHUNK {blockData=conID: 3 locID: 102650154358407772 bcsId: 3872} | ret=SUCCESS |  
2019-08-20 16:04:12,687 | INFO  | DNAudit | user=null | ip=null | op=PUT_BLOCK {blockData=[blockId=conID: 3 locID: 102650154358407772 bcsId: 0,size=4194304]} | ret=SUCCESS |  
2019-08-20 16:04:12,687 [grpc-default-executor-3] INFO  client.GrpcClientProtocolClient (GrpcClientProtocolClient.java:onNext(255)) - client-EAA342753240->9a4a4c23-9ff3-4ce3-a619-2c71c0869997: receive RaftClientReply:client-EAA342753240->9a4a4c23-9ff3-4ce3-a619-2c71c0869997@group-EC4211DF0353, cid=2609, SUCCESS, logIndex=3875, commits[9a4a4c23-9ff3-4ce3-a619-2c71c0869997:c3876, 9b0072ab-15b3-4973-9bcb-7fa02f6bfea9:c3872, 9f215ef2-7d46-4cda-b695-cae1b893f75f:c3872]
2019-08-20 16:04:12,688 [grpc-default-executor-3] INFO  client.GrpcClientProtocolClient (GrpcClientProtocolClient.java:onNext(255)) - client-EAA342753240->9a4a4c23-9ff3-4ce3-a619-2c71c0869997: receive RaftClientReply:client-EAA342753240->9a4a4c23-9ff3-4ce3-a619-2c71c0869997@group-EC4211DF0353, cid=2610, SUCCESS, logIndex=3876, commits[9a4a4c23-9ff3-4ce3-a619-2c71c0869997:c3876, 9b0072ab-15b3-4973-9bcb-7fa02f6bfea9:c3872, 9f215ef2-7d46-4cda-b695-cae1b893f75f:c3872]
2019-08-20 16:04:12,689 | INFO  | DNAudit | user=null | ip=null | op=WRITE_CHUNK {blockData=conID: 3 locID: 102650154358407772 bcsId: 3872} | ret=SUCCESS |  
2019-08-20 16:04:12,689 | INFO  | DNAudit | user=null | ip=null | op=WRITE_CHUNK {blockData=conID: 3 locID: 102650154358407772 bcsId: 3872} | ret=SUCCESS |  
2019-08-20 16:04:12,689 | INFO  | DNAudit | user=null | ip=null | op=PUT_BLOCK {blockData=[blockId=conID: 3 locID: 102650154358407772 bcsId: 0,size=4194304]} | ret=SUCCESS |  
2019-08-20 16:04:12,689 | INFO  | DNAudit | user=null | ip=null | op=PUT_BLOCK {blockData=[blockId=conID: 3 locID: 102650154358407772 bcsId: 0,size=4194304]} | ret=SUCCESS |  
2019-08-20 16:04:12,689 [grpc-default-executor-3] INFO  client.GrpcClientProtocolClient (GrpcClientProtocolClient.java:onNext(255)) - client-EAA342753240->9a4a4c23-9ff3-4ce3-a619-2c71c0869997: receive RaftClientReply:client-EAA342753240->9a4a4c23-9ff3-4ce3-a619-2c71c0869997@group-EC4211DF0353, cid=2611, SUCCESS, logIndex=0, commits[9a4a4c23-9ff3-4ce3-a619-2c71c0869997:c3877, 9b0072ab-15b3-4973-9bcb-7fa02f6bfea9:c3876, 9f215ef2-7d46-4cda-b695-cae1b893f75f:c3876]
2019-08-20 16:04:12,694 | INFO  | SCMAudit | user=jenkins1000 | ip=192.168.69.96 | op=ALLOCATE_BLOCK {owner=ea4851f9-218c-4af7-91b4-edb777a4888c, size=4194304, type=RATIS, factor=THREE} | ret=SUCCESS |  
2019-08-20 16:04:12,698 | INFO  | OMAudit | user=jenkins1000 | ip=127.0.0.1 | op=ALLOCATE_BLOCK {volume=vol-0-94146, bucket=bucket-0-90789, key=key-0-25609, dataSize=0, replicationType=null, replicationFactor=null, keyLocationInfo=null, clientID=102650152704082322} | ret=SUCCESS |  
2019-08-20 16:04:12,705 | INFO  | DNAudit | user=null | ip=null | op=WRITE_CHUNK {blockData=conID: 1 locID: 102650154365354589 bcsId: 0} | ret=SUCCESS |  
2019-08-20 16:04:12,707 | INFO  | DNAudit | user=null | ip=null | op=WRITE_CHUNK {blockData=conID: 1 locID: 102650154365354589 bcsId: 0} | ret=SUCCESS |  
2019-08-20 16:04:12,707 | INFO  | DNAudit | user=null | ip=null | op=WRITE_CHUNK {blockData=conID: 1 locID: 102650154365354589 bcsId: 0} | ret=SUCCESS |  
2019-08-20 16:04:12,708 | INFO  | DNAudit | user=null | ip=null | op=WRITE_CHUNK {blockData=conID: 1 locID: 102650154365354589 bcsId: 0} | ret=SUCCESS |  
2019-08-20 16:04:12,710 | INFO  | DNAudit | user=null | ip=null | op=WRITE_CHUNK {blockData=conID: 1 locID: 102650154365354589 bcsId: 0} | ret=SUCCESS |  
2019-08-20 16:04:12,710 | INFO  | DNAudit | user=null | ip=null | op=WRITE_CHUNK {blockData=conID: 1 locID: 102650154365354589 bcsId: 0} | ret=SUCCESS |  
2019-08-20 16:04:12,714 | INFO  | DNAudit | user=null | ip=null | op=WRITE_CHUNK {blockData=conID: 1 locID: 102650154365354589 bcsId: 0} | ret=SUCCESS |  
2019-08-20 16:04:12,714 | INFO  | DNAudit | user=null | ip=null | op=PUT_BLOCK {blockData=[blockId=conID: 1 locID: 102650154365354589 bcsId: 0,size=1048576]} | ret=SUCCESS |  
2019-08-20 16:04:12,714 [grpc-default-executor-1] INFO  client.GrpcClientProtocolClient (GrpcClientProtocolClient.java:onNext(255)) - client-EAA342753240->9a4a4c23-9ff3-4ce3-a619-2c71c0869997: receive RaftClientReply:client-EAA342753240->9a4a4c23-9ff3-4ce3-a619-2c71c0869997@group-EC4211DF0353, cid=2612, SUCCESS, logIndex=3879, commits[9a4a4c23-9ff3-4ce3-a619-2c71c0869997:c3880, 9b0072ab-15b3-4973-9bcb-7fa02f6bfea9:c3878, 9f215ef2-7d46-4cda-b695-cae1b893f75f:c3878]
2019-08-20 16:04:12,715 [grpc-default-executor-1] INFO  client.GrpcClientProtocolClient (GrpcClientProtocolClient.java:onNext(255)) - client-EAA342753240->9a4a4c23-9ff3-4ce3-a619-2c71c0869997: receive RaftClientReply:client-EAA342753240->9a4a4c23-9ff3-4ce3-a619-2c71c0869997@group-EC4211DF0353, cid=2613, SUCCESS, logIndex=3880, commits[9a4a4c23-9ff3-4ce3-a619-2c71c0869997:c3880, 9b0072ab-15b3-4973-9bcb-7fa02f6bfea9:c3878, 9f215ef2-7d46-4cda-b695-cae1b893f75f:c3878]
2019-08-20 16:04:12,726 | INFO  | DNAudit | user=null | ip=null | op=WRITE_CHUNK {blockData=conID: 1 locID: 102650154365354589 bcsId: 0} | ret=SUCCESS |  
2019-08-20 16:04:12,727 | INFO  | DNAudit | user=null | ip=null | op=PUT_BLOCK {blockData=[blockId=conID: 1 locID: 102650154365354589 bcsId: 0,size=2097152]} | ret=SUCCESS |  
2019-08-20 16:04:12,727 [grpc-default-executor-1] INFO  client.GrpcClientProtocolClient (GrpcClientProtocolClient.java:onNext(255)) - client-EAA342753240->9a4a4c23-9ff3-4ce3-a619-2c71c0869997: receive RaftClientReply:client-EAA342753240->9a4a4c23-9ff3-4ce3-a619-2c71c0869997@group-EC4211DF0353, cid=2614, SUCCESS, logIndex=3881, commits[9a4a4c23-9ff3-4ce3-a619-2c71c0869997:c3882, 9b0072ab-15b3-4973-9bcb-7fa02f6bfea9:c3878, 9f215ef2-7d46-4cda-b695-cae1b893f75f:c3878]
2019-08-20 16:04:12,727 [grpc-default-executor-1] INFO  client.GrpcClientProtocolClient (GrpcClientProtocolClient.java:onNext(255)) - client-EAA342753240->9a4a4c23-9ff3-4ce3-a619-2c71c0869997: receive RaftClientReply:client-EAA342753240->9a4a4c23-9ff3-4ce3-a619-2c71c0869997@group-EC4211DF0353, cid=2615, SUCCESS, logIndex=3882, commits[9a4a4c23-9ff3-4ce3-a619-2c71c0869997:c3882, 9b0072ab-15b3-4973-9bcb-7fa02f6bfea9:c3878, 9f215ef2-7d46-4cda-b695-cae1b893f75f:c3878]
2019-08-20 16:04:12,739 | INFO  | DNAudit | user=null | ip=null | op=WRITE_CHUNK {blockData=conID: 1 locID: 102650154365354589 bcsId: 0} | ret=SUCCESS |  
2019-08-20 16:04:12,739 | INFO  | DNAudit | user=null | ip=null | op=PUT_BLOCK {blockData=[blockId=conID: 1 locID: 102650154365354589 bcsId: 0,size=1048576]} | ret=SUCCESS |  
2019-08-20 16:04:12,739 | INFO  | DNAudit | user=null | ip=null | op=WRITE_CHUNK {blockData=conID: 1 locID: 102650154365354589 bcsId: 0} | ret=SUCCESS |  
2019-08-20 16:04:12,739 | INFO  | DNAudit | user=null | ip=null | op=PUT_BLOCK {blockData=[blockId=conID: 1 locID: 102650154365354589 bcsId: 0,size=1048576]} | ret=SUCCESS |  
2019-08-20 16:04:12,740 [grpc-default-executor-1] INFO  client.GrpcClientProtocolClient (GrpcClientProtocolClient.java:onNext(255)) - client-EAA342753240->9a4a4c23-9ff3-4ce3-a619-2c71c0869997: receive RaftClientReply:client-EAA342753240->9a4a4c23-9ff3-4ce3-a619-2c71c0869997@group-EC4211DF0353, cid=2616, SUCCESS, logIndex=0, commits[9a4a4c23-9ff3-4ce3-a619-2c71c0869997:c3884, 9b0072ab-15b3-4973-9bcb-7fa02f6bfea9:c3880, 9f215ef2-7d46-4cda-b695-cae1b893f75f:c3880]
2019-08-20 16:04:12,746 | INFO  | DNAudit | user=null | ip=null | op=WRITE_CHUNK {blockData=conID: 1 locID: 102650154365354589 bcsId: 3882} | ret=SUCCESS |  
2019-08-20 16:04:12,748 | INFO  | DNAudit | user=null | ip=null | op=WRITE_CHUNK {blockData=conID: 1 locID: 102650154365354589 bcsId: 3882} | ret=SUCCESS |  
2019-08-20 16:04:12,748 | INFO  | DNAudit | user=null | ip=null | op=WRITE_CHUNK {blockData=conID: 1 locID: 102650154365354589 bcsId: 3882} | ret=SUCCESS |  
2019-08-20 16:04:12,752 | INFO  | DNAudit | user=null | ip=null | op=WRITE_CHUNK {blockData=conID: 1 locID: 102650154365354589 bcsId: 0} | ret=SUCCESS |  
2019-08-20 16:04:12,753 | INFO  | DNAudit | user=null | ip=null | op=PUT_BLOCK {blockData=[blockId=conID: 1 locID: 102650154365354589 bcsId: 0,size=2097152]} | ret=SUCCESS |  
2019-08-20 16:04:12,753 | INFO  | DNAudit | user=null | ip=null | op=WRITE_CHUNK {blockData=conID: 1 locID: 102650154365354589 bcsId: 0} | ret=SUCCESS |  
2019-08-20 16:04:12,753 | INFO  | DNAudit | user=null | ip=null | op=PUT_BLOCK {blockData=[blockId=conID: 1 locID: 102650154365354589 bcsId: 0,size=2097152]} | ret=SUCCESS |  
2019-08-20 16:04:12,766 | INFO  | DNAudit | user=null | ip=null | op=WRITE_CHUNK {blockData=conID: 1 locID: 102650154365354589 bcsId: 3882} | ret=SUCCESS |  
2019-08-20 16:04:12,766 | INFO  | DNAudit | user=null | ip=null | op=PUT_BLOCK {blockData=[blockId=conID: 1 locID: 102650154365354589 bcsId: 0,size=3145728]} | ret=SUCCESS |  
2019-08-20 16:04:12,766 [grpc-default-executor-5] INFO  client.GrpcClientProtocolClient (GrpcClientProtocolClient.java:onNext(255)) - client-EAA342753240->9a4a4c23-9ff3-4ce3-a619-2c71c0869997: receive RaftClientReply:client-EAA342753240->9a4a4c23-9ff3-4ce3-a619-2c71c0869997@group-EC4211DF0353, cid=2617, SUCCESS, logIndex=3887, commits[9a4a4c23-9ff3-4ce3-a619-2c71c0869997:c3888, 9b0072ab-15b3-4973-9bcb-7fa02f6bfea9:c3884, 9f215ef2-7d46-4cda-b695-cae1b893f75f:c3884]
2019-08-20 16:04:12,766 [grpc-default-executor-5] INFO  client.GrpcClientProtocolClient (GrpcClientProtocolClient.java:onNext(255)) - client-EAA342753240->9a4a4c23-9ff3-4ce3-a619-2c71c0869997: receive RaftClientReply:client-EAA342753240->9a4a4c23-9ff3-4ce3-a619-2c71c0869997@group-EC4211DF0353, cid=2618, SUCCESS, logIndex=3888, commits[9a4a4c23-9ff3-4ce3-a619-2c71c0869997:c3888, 9b0072ab-15b3-4973-9bcb-7fa02f6bfea9:c3884, 9f215ef2-7d46-4cda-b695-cae1b893f75f:c3884]
2019-08-20 16:04:12,774 | INFO  | DNAudit | user=null | ip=null | op=WRITE_CHUNK {blockData=conID: 1 locID: 102650154365354589 bcsId: 3888} | ret=SUCCESS |  
2019-08-20 16:04:12,774 | INFO  | DNAudit | user=null | ip=null | op=WRITE_CHUNK {blockData=conID: 1 locID: 102650154365354589 bcsId: 3888} | ret=SUCCESS |  
2019-08-20 16:04:12,774 | INFO  | DNAudit | user=null | ip=null | op=WRITE_CHUNK {blockData=conID: 1 locID: 102650154365354589 bcsId: 3888} | ret=SUCCESS |  
2019-08-20 16:04:12,777 | INFO  | DNAudit | user=null | ip=null | op=WRITE_CHUNK {blockData=conID: 1 locID: 102650154365354589 bcsId: 3882} | ret=SUCCESS |  
2019-08-20 16:04:12,777 | INFO  | DNAudit | user=null | ip=null | op=WRITE_CHUNK {blockData=conID: 1 locID: 102650154365354589 bcsId: 3882} | ret=SUCCESS |  
2019-08-20 16:04:12,790 | INFO  | DNAudit | user=null | ip=null | op=PUT_BLOCK {blockData=[blockId=conID: 1 locID: 102650154365354589 bcsId: 0,size=3145728]} | ret=SUCCESS |  
2019-08-20 16:04:12,790 | INFO  | DNAudit | user=null | ip=null | op=PUT_BLOCK {blockData=[blockId=conID: 1 locID: 102650154365354589 bcsId: 0,size=3145728]} | ret=SUCCESS |  
2019-08-20 16:04:12,791 | INFO  | DNAudit | user=null | ip=null | op=WRITE_CHUNK {blockData=conID: 1 locID: 102650154365354589 bcsId: 3888} | ret=SUCCESS |  
2019-08-20 16:04:12,791 | INFO  | DNAudit | user=null | ip=null | op=PUT_BLOCK {blockData=[blockId=conID: 1 locID: 102650154365354589 bcsId: 0,size=4194304]} | ret=SUCCESS |  
2019-08-20 16:04:12,792 [grpc-default-executor-3] INFO  client.GrpcClientProtocolClient (GrpcClientProtocolClient.java:onNext(255)) - client-EAA342753240->9a4a4c23-9ff3-4ce3-a619-2c71c0869997: receive RaftClientReply:client-EAA342753240->9a4a4c23-9ff3-4ce3-a619-2c71c0869997@group-EC4211DF0353, cid=2619, SUCCESS, logIndex=3891, commits[9a4a4c23-9ff3-4ce3-a619-2c71c0869997:c3892, 9b0072ab-15b3-4973-9bcb-7fa02f6bfea9:c3888, 9f215ef2-7d46-4cda-b695-cae1b893f75f:c3888]
2019-08-20 16:04:12,792 [grpc-default-executor-3] INFO  client.GrpcClientProtocolClient (GrpcClientProtocolClient.java:onNext(255)) - client-EAA342753240->9a4a4c23-9ff3-4ce3-a619-2c71c0869997: receive RaftClientReply:client-EAA342753240->9a4a4c23-9ff3-4ce3-a619-2c71c0869997@group-EC4211DF0353, cid=2620, SUCCESS, logIndex=3892, commits[9a4a4c23-9ff3-4ce3-a619-2c71c0869997:c3892, 9b0072ab-15b3-4973-9bcb-7fa02f6bfea9:c3888, 9f215ef2-7d46-4cda-b695-cae1b893f75f:c3888]
2019-08-20 16:04:12,809 | INFO  | DNAudit | user=null | ip=null | op=WRITE_CHUNK {blockData=conID: 1 locID: 102650154365354589 bcsId: 3888} | ret=SUCCESS |  
2019-08-20 16:04:12,809 | INFO  | DNAudit | user=null | ip=null | op=WRITE_CHUNK {blockData=conID: 1 locID: 102650154365354589 bcsId: 3888} | ret=SUCCESS |  
2019-08-20 16:04:12,809 | INFO  | DNAudit | user=null | ip=null | op=PUT_BLOCK {blockData=[blockId=conID: 1 locID: 102650154365354589 bcsId: 0,size=4194304]} | ret=SUCCESS |  
2019-08-20 16:04:12,809 | INFO  | DNAudit | user=null | ip=null | op=PUT_BLOCK {blockData=[blockId=conID: 1 locID: 102650154365354589 bcsId: 0,size=4194304]} | ret=SUCCESS |  
2019-08-20 16:04:12,809 [grpc-default-executor-3] INFO  client.GrpcClientProtocolClient (GrpcClientProtocolClient.java:onNext(255)) - client-EAA342753240->9a4a4c23-9ff3-4ce3-a619-2c71c0869997: receive RaftClientReply:client-EAA342753240->9a4a4c23-9ff3-4ce3-a619-2c71c0869997@group-EC4211DF0353, cid=2621, SUCCESS, logIndex=0, commits[9a4a4c23-9ff3-4ce3-a619-2c71c0869997:c3893, 9b0072ab-15b3-4973-9bcb-7fa02f6bfea9:c3892, 9f215ef2-7d46-4cda-b695-cae1b893f75f:c3892]
2019-08-20 16:04:12,815 | INFO  | SCMAudit | user=jenkins1000 | ip=192.168.69.96 | op=ALLOCATE_BLOCK {owner=ea4851f9-218c-4af7-91b4-edb777a4888c, size=4194304, type=RATIS, factor=THREE} | ret=SUCCESS |  
2019-08-20 16:04:12,819 | INFO  | OMAudit | user=jenkins1000 | ip=127.0.0.1 | op=ALLOCATE_BLOCK {volume=vol-0-94146, bucket=bucket-0-90789, key=key-0-25609, dataSize=0, replicationType=null, replicationFactor=null, keyLocationInfo=null, clientID=102650152704082322} | ret=SUCCESS |  
2019-08-20 16:04:12,825 | INFO  | DNAudit | user=null | ip=null | op=WRITE_CHUNK {blockData=conID: 2 locID: 102650154373284446 bcsId: 0} | ret=SUCCESS |  
2019-08-20 16:04:12,828 | INFO  | DNAudit | user=null | ip=null | op=WRITE_CHUNK {blockData=conID: 2 locID: 102650154373284446 bcsId: 0} | ret=SUCCESS |  
2019-08-20 16:04:12,829 | INFO  | DNAudit | user=null | ip=null | op=WRITE_CHUNK {blockData=conID: 2 locID: 102650154373284446 bcsId: 0} | ret=SUCCESS |  
2019-08-20 16:04:12,829 | INFO  | DNAudit | user=null | ip=null | op=WRITE_CHUNK {blockData=conID: 2 locID: 102650154373284446 bcsId: 0} | ret=SUCCESS |  
2019-08-20 16:04:12,832 | INFO  | DNAudit | user=null | ip=null | op=WRITE_CHUNK {blockData=conID: 2 locID: 102650154373284446 bcsId: 0} | ret=SUCCESS |  
2019-08-20 16:04:12,832 | INFO  | DNAudit | user=null | ip=null | op=WRITE_CHUNK {blockData=conID: 2 locID: 102650154373284446 bcsId: 0} | ret=SUCCESS |  
2019-08-20 16:04:12,870 | INFO  | DNAudit | user=null | ip=null | op=WRITE_CHUNK {blockData=conID: 2 locID: 102650154373284446 bcsId: 0} | ret=SUCCESS |  
2019-08-20 16:04:12,870 | INFO  | DNAudit | user=null | ip=null | op=PUT_BLOCK {blockData=[blockId=conID: 2 locID: 102650154373284446 bcsId: 0,size=1048576]} | ret=SUCCESS |  
2019-08-20 16:04:12,871 [grpc-default-executor-0] INFO  client.GrpcClientProtocolClient (GrpcClientProtocolClient.java:onNext(255)) - client-EAA342753240->9a4a4c23-9ff3-4ce3-a619-2c71c0869997: receive RaftClientReply:client-EAA342753240->9a4a4c23-9ff3-4ce3-a619-2c71c0869997@group-EC4211DF0353, cid=2622, SUCCESS, logIndex=3895, commits[9a4a4c23-9ff3-4ce3-a619-2c71c0869997:c3896, 9b0072ab-15b3-4973-9bcb-7fa02f6bfea9:c3894, 9f215ef2-7d46-4cda-b695-cae1b893f75f:c3894]
2019-08-20 16:04:12,872 | INFO  | DNAudit | user=null | ip=null | op=WRITE_CHUNK {blockData=conID: 2 locID: 102650154373284446 bcsId: 0} | ret=SUCCESS |  
2019-08-20 16:04:12,871 [grpc-default-executor-0] INFO  client.GrpcClientProtocolClient (GrpcClientProtocolClient.java:onNext(255)) - client-EAA342753240->9a4a4c23-9ff3-4ce3-a619-2c71c0869997: receive RaftClientReply:client-EAA342753240->9a4a4c23-9ff3-4ce3-a619-2c71c0869997@group-EC4211DF0353, cid=2623, SUCCESS, logIndex=3896, commits[9a4a4c23-9ff3-4ce3-a619-2c71c0869997:c3896, 9b0072ab-15b3-4973-9bcb-7fa02f6bfea9:c3894, 9f215ef2-7d46-4cda-b695-cae1b893f75f:c3894]
2019-08-20 16:04:12,872 | INFO  | DNAudit | user=null | ip=null | op=PUT_BLOCK {blockData=[blockId=conID: 2 locID: 102650154373284446 bcsId: 0,size=2097152]} | ret=SUCCESS |  
2019-08-20 16:04:12,872 [grpc-default-executor-3] INFO  client.GrpcClientProtocolClient (GrpcClientProtocolClient.java:onNext(255)) - client-EAA342753240->9a4a4c23-9ff3-4ce3-a619-2c71c0869997: receive RaftClientReply:client-EAA342753240->9a4a4c23-9ff3-4ce3-a619-2c71c0869997@group-EC4211DF0353, cid=2624, SUCCESS, logIndex=3897, commits[9a4a4c23-9ff3-4ce3-a619-2c71c0869997:c3898, 9b0072ab-15b3-4973-9bcb-7fa02f6bfea9:c3894, 9f215ef2-7d46-4cda-b695-cae1b893f75f:c3894]
2019-08-20 16:04:12,872 [grpc-default-executor-3] INFO  client.GrpcClientProtocolClient (GrpcClientProtocolClient.java:onNext(255)) - client-EAA342753240->9a4a4c23-9ff3-4ce3-a619-2c71c0869997: receive RaftClientReply:client-EAA342753240->9a4a4c23-9ff3-4ce3-a619-2c71c0869997@group-EC4211DF0353, cid=2625, SUCCESS, logIndex=3898, commits[9a4a4c23-9ff3-4ce3-a619-2c71c0869997:c3898, 9b0072ab-15b3-4973-9bcb-7fa02f6bfea9:c3894, 9f215ef2-7d46-4cda-b695-cae1b893f75f:c3894]
2019-08-20 16:04:12,878 | INFO  | DNAudit | user=null | ip=null | op=WRITE_CHUNK {blockData=conID: 2 locID: 102650154373284446 bcsId: 0} | ret=SUCCESS |  
2019-08-20 16:04:12,878 | INFO  | DNAudit | user=null | ip=null | op=WRITE_CHUNK {blockData=conID: 2 locID: 102650154373284446 bcsId: 0} | ret=SUCCESS |  
2019-08-20 16:04:12,878 | INFO  | DNAudit | user=null | ip=null | op=PUT_BLOCK {blockData=[blockId=conID: 2 locID: 102650154373284446 bcsId: 0,size=1048576]} | ret=SUCCESS |  
2019-08-20 16:04:12,878 | INFO  | DNAudit | user=null | ip=null | op=PUT_BLOCK {blockData=[blockId=conID: 2 locID: 102650154373284446 bcsId: 0,size=1048576]} | ret=SUCCESS |  
2019-08-20 16:04:12,878 | INFO  | DNAudit | user=null | ip=null | op=WRITE_CHUNK {blockData=conID: 2 locID: 102650154373284446 bcsId: 0} | ret=SUCCESS |  
2019-08-20 16:04:12,878 [grpc-default-executor-3] INFO  client.GrpcClientProtocolClient (GrpcClientProtocolClient.java:onNext(255)) - client-EAA342753240->9a4a4c23-9ff3-4ce3-a619-2c71c0869997: receive RaftClientReply:client-EAA342753240->9a4a4c23-9ff3-4ce3-a619-2c71c0869997@group-EC4211DF0353, cid=2626, SUCCESS, logIndex=0, commits[9a4a4c23-9ff3-4ce3-a619-2c71c0869997:c3900, 9b0072ab-15b3-4973-9bcb-7fa02f6bfea9:c3896, 9f215ef2-7d46-4cda-b695-cae1b893f75f:c3896]
2019-08-20 16:04:12,878 | INFO  | DNAudit | user=null | ip=null | op=PUT_BLOCK {blockData=[blockId=conID: 2 locID: 102650154373284446 bcsId: 0,size=2097152]} | ret=SUCCESS |  
2019-08-20 16:04:12,885 | INFO  | DNAudit | user=null | ip=null | op=WRITE_CHUNK {blockData=conID: 2 locID: 102650154373284446 bcsId: 3898} | ret=SUCCESS |  
2019-08-20 16:04:12,887 | INFO  | DNAudit | user=null | ip=null | op=WRITE_CHUNK {blockData=conID: 2 locID: 102650154373284446 bcsId: 3898} | ret=SUCCESS |  
2019-08-20 16:04:12,887 | INFO  | DNAudit | user=null | ip=null | op=WRITE_CHUNK {blockData=conID: 2 locID: 102650154373284446 bcsId: 3898} | ret=SUCCESS |  
2019-08-20 16:04:12,891 | INFO  | DNAudit | user=null | ip=null | op=WRITE_CHUNK {blockData=conID: 2 locID: 102650154373284446 bcsId: 0} | ret=SUCCESS |  
2019-08-20 16:04:12,891 | INFO  | DNAudit | user=null | ip=null | op=PUT_BLOCK {blockData=[blockId=conID: 2 locID: 102650154373284446 bcsId: 0,size=2097152]} | ret=SUCCESS |  
2019-08-20 16:04:12,901 | INFO  | SCMAudit | user=jenkins1000 | ip=192.168.69.96 | op=SEND_HEARTBEAT {datanodeUUID=9b0072ab-15b3-4973-9bcb-7fa02f6bfea9, command=[]} | ret=SUCCESS |  
2019-08-20 16:04:12,901 | INFO  | SCMAudit | user=jenkins1000 | ip=192.168.69.96 | op=SEND_HEARTBEAT {datanodeUUID=9a4a4c23-9ff3-4ce3-a619-2c71c0869997, command=[]} | ret=SUCCESS |  
2019-08-20 16:04:12,901 | INFO  | SCMAudit | user=jenkins1000 | ip=192.168.69.96 | op=SEND_HEARTBEAT {datanodeUUID=f1afe498-2778-451e-a3e4-8199ec337a15, command=[]} | ret=SUCCESS |  
2019-08-20 16:04:12,901 | INFO  | DNAudit | user=null | ip=null | op=WRITE_CHUNK {blockData=conID: 2 locID: 102650154373284446 bcsId: 3898} | ret=SUCCESS |  
2019-08-20 16:04:12,902 | INFO  | DNAudit | user=null | ip=null | op=PUT_BLOCK {blockData=[blockId=conID: 2 locID: 102650154373284446 bcsId: 0,size=3145728]} | ret=SUCCESS |  
2019-08-20 16:04:12,902 | INFO  | SCMAudit | user=jenkins1000 | ip=192.168.69.96 | op=SEND_HEARTBEAT {datanodeUUID=9f215ef2-7d46-4cda-b695-cae1b893f75f, command=[]} | ret=SUCCESS |  
2019-08-20 16:04:12,902 | INFO  | SCMAudit | user=jenkins1000 | ip=192.168.69.96 | op=SEND_HEARTBEAT {datanodeUUID=69f203df-fb09-400b-ac11-cd7a56dd70a5, command=[]} | ret=SUCCESS |  
2019-08-20 16:04:12,902 [grpc-default-executor-3] INFO  client.GrpcClientProtocolClient (GrpcClientProtocolClient.java:onNext(255)) - client-EAA342753240->9a4a4c23-9ff3-4ce3-a619-2c71c0869997: receive RaftClientReply:client-EAA342753240->9a4a4c23-9ff3-4ce3-a619-2c71c0869997@group-EC4211DF0353, cid=2627, SUCCESS, logIndex=3903, commits[9a4a4c23-9ff3-4ce3-a619-2c71c0869997:c3904, 9b0072ab-15b3-4973-9bcb-7fa02f6bfea9:c3900, 9f215ef2-7d46-4cda-b695-cae1b893f75f:c3898]
2019-08-20 16:04:12,903 [grpc-default-executor-3] INFO  client.GrpcClientProtocolClient (GrpcClientProtocolClient.java:onNext(255)) - client-EAA342753240->9a4a4c23-9ff3-4ce3-a619-2c71c0869997: receive RaftClientReply:client-EAA342753240->9a4a4c23-9ff3-4ce3-a619-2c71c0869997@group-EC4211DF0353, cid=2628, SUCCESS, logIndex=3904, commits[9a4a4c23-9ff3-4ce3-a619-2c71c0869997:c3904, 9b0072ab-15b3-4973-9bcb-7fa02f6bfea9:c3900, 9f215ef2-7d46-4cda-b695-cae1b893f75f:c3898]
 0.00% |█                                                                                                    |  0/1 Time: 0:00:252019-08-20 16:04:12,910 | INFO  | DNAudit | user=null | ip=null | op=WRITE_CHUNK {blockData=conID: 2 locID: 102650154373284446 bcsId: 3904} | ret=SUCCESS |  
2019-08-20 16:04:12,911 | INFO  | DNAudit | user=null | ip=null | op=WRITE_CHUNK {blockData=conID: 2 locID: 102650154373284446 bcsId: 3904} | ret=SUCCESS |  
2019-08-20 16:04:12,912 | INFO  | DNAudit | user=null | ip=null | op=WRITE_CHUNK {blockData=conID: 2 locID: 102650154373284446 bcsId: 3904} | ret=SUCCESS |  
2019-08-20 16:04:12,915 | INFO  | DNAudit | user=null | ip=null | op=WRITE_CHUNK {blockData=conID: 2 locID: 102650154373284446 bcsId: 3898} | ret=SUCCESS |  
2019-08-20 16:04:12,915 | INFO  | DNAudit | user=null | ip=null | op=PUT_BLOCK {blockData=[blockId=conID: 2 locID: 102650154373284446 bcsId: 0,size=3145728]} | ret=SUCCESS |  
2019-08-20 16:04:12,917 | INFO  | DNAudit | user=null | ip=null | op=WRITE_CHUNK {blockData=conID: 2 locID: 102650154373284446 bcsId: 3898} | ret=SUCCESS |  
2019-08-20 16:04:12,917 | INFO  | DNAudit | user=null | ip=null | op=PUT_BLOCK {blockData=[blockId=conID: 2 locID: 102650154373284446 bcsId: 0,size=3145728]} | ret=SUCCESS |  
2019-08-20 16:04:12,928 | INFO  | DNAudit | user=null | ip=null | op=WRITE_CHUNK {blockData=conID: 2 locID: 102650154373284446 bcsId: 3904} | ret=SUCCESS |  
2019-08-20 16:04:12,928 | INFO  | DNAudit | user=null | ip=null | op=PUT_BLOCK {blockData=[blockId=conID: 2 locID: 102650154373284446 bcsId: 0,size=4194304]} | ret=SUCCESS |  
2019-08-20 16:04:12,928 [grpc-default-executor-0] INFO  client.GrpcClientProtocolClient (GrpcClientProtocolClient.java:onNext(255)) - client-EAA342753240->9a4a4c23-9ff3-4ce3-a619-2c71c0869997: receive RaftClientReply:client-EAA342753240->9a4a4c23-9ff3-4ce3-a619-2c71c0869997@group-EC4211DF0353, cid=2629, SUCCESS, logIndex=3906, commits[9a4a4c23-9ff3-4ce3-a619-2c71c0869997:c3907, 9b0072ab-15b3-4973-9bcb-7fa02f6bfea9:c3904, 9f215ef2-7d46-4cda-b695-cae1b893f75f:c3904]
2019-08-20 16:04:12,929 [grpc-default-executor-0] INFO  client.GrpcClientProtocolClient (GrpcClientProtocolClient.java:onNext(255)) - client-EAA342753240->9a4a4c23-9ff3-4ce3-a619-2c71c0869997: receive RaftClientReply:client-EAA342753240->9a4a4c23-9ff3-4ce3-a619-2c71c0869997@group-EC4211DF0353, cid=2630, SUCCESS, logIndex=3907, commits[9a4a4c23-9ff3-4ce3-a619-2c71c0869997:c3907, 9b0072ab-15b3-4973-9bcb-7fa02f6bfea9:c3904, 9f215ef2-7d46-4cda-b695-cae1b893f75f:c3904]
2019-08-20 16:04:12,929 | INFO  | DNAudit | user=null | ip=null | op=WRITE_CHUNK {blockData=conID: 2 locID: 102650154373284446 bcsId: 3904} | ret=SUCCESS |  
2019-08-20 16:04:12,929 | INFO  | DNAudit | user=null | ip=null | op=WRITE_CHUNK {blockData=conID: 2 locID: 102650154373284446 bcsId: 3904} | ret=SUCCESS |  
2019-08-20 16:04:12,929 | INFO  | DNAudit | user=null | ip=null | op=PUT_BLOCK {blockData=[blockId=conID: 2 locID: 102650154373284446 bcsId: 0,size=4194304]} | ret=SUCCESS |  
2019-08-20 16:04:12,929 | INFO  | DNAudit | user=null | ip=null | op=PUT_BLOCK {blockData=[blockId=conID: 2 locID: 102650154373284446 bcsId: 0,size=4194304]} | ret=SUCCESS |  
2019-08-20 16:04:12,930 [grpc-default-executor-3] INFO  client.GrpcClientProtocolClient (GrpcClientProtocolClient.java:onNext(255)) - client-EAA342753240->9a4a4c23-9ff3-4ce3-a619-2c71c0869997: receive RaftClientReply:client-EAA342753240->9a4a4c23-9ff3-4ce3-a619-2c71c0869997@group-EC4211DF0353, cid=2631, SUCCESS, logIndex=0, commits[9a4a4c23-9ff3-4ce3-a619-2c71c0869997:c3908, 9b0072ab-15b3-4973-9bcb-7fa02f6bfea9:c3907, 9f215ef2-7d46-4cda-b695-cae1b893f75f:c3907]
2019-08-20 16:04:12,934 | INFO  | SCMAudit | user=jenkins1000 | ip=192.168.69.96 | op=ALLOCATE_BLOCK {owner=ea4851f9-218c-4af7-91b4-edb777a4888c, size=4194304, type=RATIS, factor=THREE} | ret=SUCCESS |  
2019-08-20 16:04:12,937 | INFO  | OMAudit | user=jenkins1000 | ip=127.0.0.1 | op=ALLOCATE_BLOCK {volume=vol-0-94146, bucket=bucket-0-90789, key=key-0-25609, dataSize=0, replicationType=null, replicationFactor=null, keyLocationInfo=null, clientID=102650152704082322} | ret=SUCCESS |  
2019-08-20 16:04:12,943 | INFO  | DNAudit | user=null | ip=null | op=WRITE_CHUNK {blockData=conID: 3 locID: 102650154381083231 bcsId: 0} | ret=SUCCESS |  
2019-08-20 16:04:12,945 | INFO  | DNAudit | user=null | ip=null | op=WRITE_CHUNK {blockData=conID: 3 locID: 102650154381083231 bcsId: 0} | ret=SUCCESS |  
2019-08-20 16:04:12,945 | INFO  | DNAudit | user=null | ip=null | op=WRITE_CHUNK {blockData=conID: 3 locID: 102650154381083231 bcsId: 0} | ret=SUCCESS |  
2019-08-20 16:04:12,946 | INFO  | DNAudit | user=null | ip=null | op=WRITE_CHUNK {blockData=conID: 3 locID: 102650154381083231 bcsId: 0} | ret=SUCCESS |  
2019-08-20 16:04:12,947 | INFO  | DNAudit | user=null | ip=null | op=WRITE_CHUNK {blockData=conID: 3 locID: 102650154381083231 bcsId: 0} | ret=SUCCESS |  
2019-08-20 16:04:12,947 | INFO  | DNAudit | user=null | ip=null | op=WRITE_CHUNK {blockData=conID: 3 locID: 102650154381083231 bcsId: 0} | ret=SUCCESS |  
2019-08-20 16:04:12,965 | INFO  | DNAudit | user=null | ip=null | op=WRITE_CHUNK {blockData=conID: 3 locID: 102650154381083231 bcsId: 0} | ret=SUCCESS |  
2019-08-20 16:04:12,965 | INFO  | DNAudit | user=null | ip=null | op=PUT_BLOCK {blockData=[blockId=conID: 3 locID: 102650154381083231 bcsId: 0,size=1048576]} | ret=SUCCESS |  
2019-08-20 16:04:12,965 [grpc-default-executor-3] INFO  client.GrpcClientProtocolClient (GrpcClientProtocolClient.java:onNext(255)) - client-EAA342753240->9a4a4c23-9ff3-4ce3-a619-2c71c0869997: receive RaftClientReply:client-EAA342753240->9a4a4c23-9ff3-4ce3-a619-2c71c0869997@group-EC4211DF0353, cid=2632, SUCCESS, logIndex=3910, commits[9a4a4c23-9ff3-4ce3-a619-2c71c0869997:c3911, 9b0072ab-15b3-4973-9bcb-7fa02f6bfea9:c3909, 9f215ef2-7d46-4cda-b695-cae1b893f75f:c3909]
2019-08-20 16:04:12,966 [grpc-default-executor-3] INFO  client.GrpcClientProtocolClient (GrpcClientProtocolClient.java:onNext(255)) - client-EAA342753240->9a4a4c23-9ff3-4ce3-a619-2c71c0869997: receive RaftClientReply:client-EAA342753240->9a4a4c23-9ff3-4ce3-a619-2c71c0869997@group-EC4211DF0353, cid=2633, SUCCESS, logIndex=3911, commits[9a4a4c23-9ff3-4ce3-a619-2c71c0869997:c3911, 9b0072ab-15b3-4973-9bcb-7fa02f6bfea9:c3909, 9f215ef2-7d46-4cda-b695-cae1b893f75f:c3909]
2019-08-20 16:04:12,977 | INFO  | DNAudit | user=null | ip=null | op=WRITE_CHUNK {blockData=conID: 3 locID: 102650154381083231 bcsId: 0} | ret=SUCCESS |  
2019-08-20 16:04:12,977 | INFO  | DNAudit | user=null | ip=null | op=PUT_BLOCK {blockData=[blockId=conID: 3 locID: 102650154381083231 bcsId: 0,size=2097152]} | ret=SUCCESS |  
2019-08-20 16:04:12,978 [grpc-default-executor-1] INFO  client.GrpcClientProtocolClient (GrpcClientProtocolClient.java:onNext(255)) - client-EAA342753240->9a4a4c23-9ff3-4ce3-a619-2c71c0869997: receive RaftClientReply:client-EAA342753240->9a4a4c23-9ff3-4ce3-a619-2c71c0869997@group-EC4211DF0353, cid=2634, SUCCESS, logIndex=3912, commits[9a4a4c23-9ff3-4ce3-a619-2c71c0869997:c3913, 9b0072ab-15b3-4973-9bcb-7fa02f6bfea9:c3909, 9f215ef2-7d46-4cda-b695-cae1b893f75f:c3909]
2019-08-20 16:04:12,978 [grpc-default-executor-1] INFO  client.GrpcClientProtocolClient (GrpcClientProtocolClient.java:onNext(255)) - client-EAA342753240->9a4a4c23-9ff3-4ce3-a619-2c71c0869997: receive RaftClientReply:client-EAA342753240->9a4a4c23-9ff3-4ce3-a619-2c71c0869997@group-EC4211DF0353, cid=2635, SUCCESS, logIndex=3913, commits[9a4a4c23-9ff3-4ce3-a619-2c71c0869997:c3913, 9b0072ab-15b3-4973-9bcb-7fa02f6bfea9:c3909, 9f215ef2-7d46-4cda-b695-cae1b893f75f:c3909]
2019-08-20 16:04:12,990 | INFO  | DNAudit | user=null | ip=null | op=WRITE_CHUNK {blockData=conID: 3 locID: 102650154381083231 bcsId: 0} | ret=SUCCESS |  
2019-08-20 16:04:12,990 | INFO  | DNAudit | user=null | ip=null | op=WRITE_CHUNK {blockData=conID: 3 locID: 102650154381083231 bcsId: 0} | ret=SUCCESS |  
2019-08-20 16:04:12,990 | INFO  | DNAudit | user=null | ip=null | op=PUT_BLOCK {blockData=[blockId=conID: 3 locID: 102650154381083231 bcsId: 0,size=1048576]} | ret=SUCCESS |  
2019-08-20 16:04:12,991 | INFO  | DNAudit | user=null | ip=null | op=PUT_BLOCK {blockData=[blockId=conID: 3 locID: 102650154381083231 bcsId: 0,size=1048576]} | ret=SUCCESS |  
2019-08-20 16:04:12,991 [grpc-default-executor-1] INFO  client.GrpcClientProtocolClient (GrpcClientProtocolClient.java:onNext(255)) - client-EAA342753240->9a4a4c23-9ff3-4ce3-a619-2c71c0869997: receive RaftClientReply:client-EAA342753240->9a4a4c23-9ff3-4ce3-a619-2c71c0869997@group-EC4211DF0353, cid=2636, SUCCESS, logIndex=0, commits[9a4a4c23-9ff3-4ce3-a619-2c71c0869997:c3915, 9b0072ab-15b3-4973-9bcb-7fa02f6bfea9:c3911, 9f215ef2-7d46-4cda-b695-cae1b893f75f:c3911]
2019-08-20 16:04:12,992 | INFO  | DNAudit | user=null | ip=null | op=WRITE_CHUNK {blockData=conID: 3 locID: 102650154381083231 bcsId: 0} | ret=SUCCESS |  
2019-08-20 16:04:12,992 | INFO  | DNAudit | user=null | ip=null | op=PUT_BLOCK {blockData=[blockId=conID: 3 locID: 102650154381083231 bcsId: 0,size=2097152]} | ret=SUCCESS |  
2019-08-20 16:04:12,992 | INFO  | DNAudit | user=null | ip=null | op=WRITE_CHUNK {blockData=conID: 3 locID: 102650154381083231 bcsId: 0} | ret=SUCCESS |  
2019-08-20 16:04:12,992 | INFO  | DNAudit | user=null | ip=null | op=PUT_BLOCK {blockData=[blockId=conID: 3 locID: 102650154381083231 bcsId: 0,size=2097152]} | ret=SUCCESS |  
2019-08-20 16:04:12,997 | INFO  | DNAudit | user=null | ip=null | op=WRITE_CHUNK {blockData=conID: 3 locID: 102650154381083231 bcsId: 3913} | ret=SUCCESS |  
2019-08-20 16:04:12,998 | INFO  | DNAudit | user=null | ip=null | op=WRITE_CHUNK {blockData=conID: 3 locID: 102650154381083231 bcsId: 3913} | ret=SUCCESS |  
2019-08-20 16:04:12,998 | INFO  | DNAudit | user=null | ip=null | op=WRITE_CHUNK {blockData=conID: 3 locID: 102650154381083231 bcsId: 3913} | ret=SUCCESS |  
2019-08-20 16:04:13,004 | INFO  | DNAudit | user=null | ip=null | op=WRITE_CHUNK {blockData=conID: 3 locID: 102650154381083231 bcsId: 3913} | ret=SUCCESS |  
2019-08-20 16:04:13,004 | INFO  | DNAudit | user=null | ip=null | op=PUT_BLOCK {blockData=[blockId=conID: 3 locID: 102650154381083231 bcsId: 0,size=3145728]} | ret=SUCCESS |  
2019-08-20 16:04:13,004 [grpc-default-executor-1] INFO  client.GrpcClientProtocolClient (GrpcClientProtocolClient.java:onNext(255)) - client-EAA342753240->9a4a4c23-9ff3-4ce3-a619-2c71c0869997: receive RaftClientReply:client-EAA342753240->9a4a4c23-9ff3-4ce3-a619-2c71c0869997@group-EC4211DF0353, cid=2637, SUCCESS, logIndex=3918, commits[9a4a4c23-9ff3-4ce3-a619-2c71c0869997:c3919, 9b0072ab-15b3-4973-9bcb-7fa02f6bfea9:c3917, 9f215ef2-7d46-4cda-b695-cae1b893f75f:c3917]
2019-08-20 16:04:13,005 [grpc-default-executor-1] INFO  client.GrpcClientProtocolClient (GrpcClientProtocolClient.java:onNext(255)) - client-EAA342753240->9a4a4c23-9ff3-4ce3-a619-2c71c0869997: receive RaftClientReply:client-EAA342753240->9a4a4c23-9ff3-4ce3-a619-2c71c0869997@group-EC4211DF0353, cid=2638, SUCCESS, logIndex=3919, commits[9a4a4c23-9ff3-4ce3-a619-2c71c0869997:c3919, 9b0072ab-15b3-4973-9bcb-7fa02f6bfea9:c3917, 9f215ef2-7d46-4cda-b695-cae1b893f75f:c3917]
2019-08-20 16:04:13,010 | INFO  | DNAudit | user=null | ip=null | op=WRITE_CHUNK {blockData=conID: 3 locID: 102650154381083231 bcsId: 3919} | ret=SUCCESS |  
2019-08-20 16:04:13,012 | INFO  | DNAudit | user=null | ip=null | op=WRITE_CHUNK {blockData=conID: 3 locID: 102650154381083231 bcsId: 3919} | ret=SUCCESS |  
2019-08-20 16:04:13,013 | INFO  | DNAudit | user=null | ip=null | op=WRITE_CHUNK {blockData=conID: 3 locID: 102650154381083231 bcsId: 3919} | ret=SUCCESS |  
2019-08-20 16:04:13,017 | INFO  | DNAudit | user=null | ip=null | op=WRITE_CHUNK {blockData=conID: 3 locID: 102650154381083231 bcsId: 3913} | ret=SUCCESS |  
2019-08-20 16:04:13,017 | INFO  | DNAudit | user=null | ip=null | op=WRITE_CHUNK {blockData=conID: 3 locID: 102650154381083231 bcsId: 3913} | ret=SUCCESS |  
2019-08-20 16:04:13,126 | INFO  | DNAudit | user=null | ip=null | op=PUT_BLOCK {blockData=[blockId=conID: 3 locID: 102650154381083231 bcsId: 0,size=3145728]} | ret=SUCCESS |  
2019-08-20 16:04:13,126 | INFO  | DNAudit | user=null | ip=null | op=PUT_BLOCK {blockData=[blockId=conID: 3 locID: 102650154381083231 bcsId: 0,size=3145728]} | ret=SUCCESS |  
2019-08-20 16:04:13,127 | INFO  | DNAudit | user=null | ip=null | op=WRITE_CHUNK {blockData=conID: 3 locID: 102650154381083231 bcsId: 3919} | ret=SUCCESS |  
2019-08-20 16:04:13,127 | INFO  | DNAudit | user=null | ip=null | op=PUT_BLOCK {blockData=[blockId=conID: 3 locID: 102650154381083231 bcsId: 0,size=4194304]} | ret=SUCCESS |  
2019-08-20 16:04:13,128 [grpc-default-executor-3] INFO  client.GrpcClientProtocolClient (GrpcClientProtocolClient.java:onNext(255)) - client-EAA342753240->9a4a4c23-9ff3-4ce3-a619-2c71c0869997: receive RaftClientReply:client-EAA342753240->9a4a4c23-9ff3-4ce3-a619-2c71c0869997@group-EC4211DF0353, cid=2639, SUCCESS, logIndex=3922, commits[9a4a4c23-9ff3-4ce3-a619-2c71c0869997:c3923, 9b0072ab-15b3-4973-9bcb-7fa02f6bfea9:c3919, 9f215ef2-7d46-4cda-b695-cae1b893f75f:c3919]
2019-08-20 16:04:13,128 [grpc-default-executor-3] INFO  client.GrpcClientProtocolClient (GrpcClientProtocolClient.java:onNext(255)) - client-EAA342753240->9a4a4c23-9ff3-4ce3-a619-2c71c0869997: receive RaftClientReply:client-EAA342753240->9a4a4c23-9ff3-4ce3-a619-2c71c0869997@group-EC4211DF0353, cid=2640, SUCCESS, logIndex=3923, commits[9a4a4c23-9ff3-4ce3-a619-2c71c0869997:c3923, 9b0072ab-15b3-4973-9bcb-7fa02f6bfea9:c3919, 9f215ef2-7d46-4cda-b695-cae1b893f75f:c3919]
2019-08-20 16:04:13,149 | INFO  | DNAudit | user=null | ip=null | op=WRITE_CHUNK {blockData=conID: 3 locID: 102650154381083231 bcsId: 3919} | ret=SUCCESS |  
2019-08-20 16:04:13,149 | INFO  | DNAudit | user=null | ip=null | op=WRITE_CHUNK {blockData=conID: 3 locID: 102650154381083231 bcsId: 3919} | ret=SUCCESS |  
2019-08-20 16:04:13,149 | INFO  | DNAudit | user=null | ip=null | op=PUT_BLOCK {blockData=[blockId=conID: 3 locID: 102650154381083231 bcsId: 0,size=4194304]} | ret=SUCCESS |  
2019-08-20 16:04:13,149 | INFO  | DNAudit | user=null | ip=null | op=PUT_BLOCK {blockData=[blockId=conID: 3 locID: 102650154381083231 bcsId: 0,size=4194304]} | ret=SUCCESS |  
2019-08-20 16:04:13,149 [grpc-default-executor-3] INFO  client.GrpcClientProtocolClient (GrpcClientProtocolClient.java:onNext(255)) - client-EAA342753240->9a4a4c23-9ff3-4ce3-a619-2c71c0869997: receive RaftClientReply:client-EAA342753240->9a4a4c23-9ff3-4ce3-a619-2c71c0869997@group-EC4211DF0353, cid=2641, SUCCESS, logIndex=0, commits[9a4a4c23-9ff3-4ce3-a619-2c71c0869997:c3924, 9b0072ab-15b3-4973-9bcb-7fa02f6bfea9:c3923, 9f215ef2-7d46-4cda-b695-cae1b893f75f:c3923]
2019-08-20 16:04:13,156 | INFO  | SCMAudit | user=jenkins1000 | ip=192.168.69.96 | op=ALLOCATE_BLOCK {owner=ea4851f9-218c-4af7-91b4-edb777a4888c, size=4194304, type=RATIS, factor=THREE} | ret=SUCCESS |  
2019-08-20 16:04:13,160 | INFO  | OMAudit | user=jenkins1000 | ip=127.0.0.1 | op=ALLOCATE_BLOCK {volume=vol-0-94146, bucket=bucket-0-90789, key=key-0-25609, dataSize=0, replicationType=null, replicationFactor=null, keyLocationInfo=null, clientID=102650152704082322} | ret=SUCCESS |  
2019-08-20 16:04:13,168 | INFO  | DNAudit | user=null | ip=null | op=WRITE_CHUNK {blockData=conID: 1 locID: 102650154395566688 bcsId: 0} | ret=SUCCESS |  
2019-08-20 16:04:13,169 | INFO  | DNAudit | user=null | ip=null | op=WRITE_CHUNK {blockData=conID: 1 locID: 102650154395566688 bcsId: 0} | ret=SUCCESS |  
2019-08-20 16:04:13,171 | INFO  | DNAudit | user=null | ip=null | op=WRITE_CHUNK {blockData=conID: 1 locID: 102650154395566688 bcsId: 0} | ret=SUCCESS |  
2019-08-20 16:04:13,172 | INFO  | DNAudit | user=null | ip=null | op=WRITE_CHUNK {blockData=conID: 1 locID: 102650154395566688 bcsId: 0} | ret=SUCCESS |  
2019-08-20 16:04:13,172 | INFO  | DNAudit | user=null | ip=null | op=WRITE_CHUNK {blockData=conID: 1 locID: 102650154395566688 bcsId: 0} | ret=SUCCESS |  
2019-08-20 16:04:13,174 | INFO  | DNAudit | user=null | ip=null | op=WRITE_CHUNK {blockData=conID: 1 locID: 102650154395566688 bcsId: 0} | ret=SUCCESS |  
2019-08-20 16:04:13,179 | INFO  | DNAudit | user=null | ip=null | op=WRITE_CHUNK {blockData=conID: 1 locID: 102650154395566688 bcsId: 0} | ret=SUCCESS |  
2019-08-20 16:04:13,179 | INFO  | DNAudit | user=null | ip=null | op=PUT_BLOCK {blockData=[blockId=conID: 1 locID: 102650154395566688 bcsId: 0,size=1048576]} | ret=SUCCESS |  
2019-08-20 16:04:13,179 [grpc-default-executor-0] INFO  client.GrpcClientProtocolClient (GrpcClientProtocolClient.java:onNext(255)) - client-EAA342753240->9a4a4c23-9ff3-4ce3-a619-2c71c0869997: receive RaftClientReply:client-EAA342753240->9a4a4c23-9ff3-4ce3-a619-2c71c0869997@group-EC4211DF0353, cid=2642, SUCCESS, logIndex=3926, commits[9a4a4c23-9ff3-4ce3-a619-2c71c0869997:c3928, 9b0072ab-15b3-4973-9bcb-7fa02f6bfea9:c3925, 9f215ef2-7d46-4cda-b695-cae1b893f75f:c3925]
2019-08-20 16:04:13,180 | INFO  | DNAudit | user=null | ip=null | op=WRITE_CHUNK {blockData=conID: 1 locID: 102650154395566688 bcsId: 0} | ret=SUCCESS |  
2019-08-20 16:04:13,180 | INFO  | DNAudit | user=null | ip=null | op=PUT_BLOCK {blockData=[blockId=conID: 1 locID: 102650154395566688 bcsId: 0,size=2097152]} | ret=SUCCESS |  
2019-08-20 16:04:13,180 [grpc-default-executor-0] INFO  client.GrpcClientProtocolClient (GrpcClientProtocolClient.java:onNext(255)) - client-EAA342753240->9a4a4c23-9ff3-4ce3-a619-2c71c0869997: receive RaftClientReply:client-EAA342753240->9a4a4c23-9ff3-4ce3-a619-2c71c0869997@group-EC4211DF0353, cid=2643, SUCCESS, logIndex=3927, commits[9a4a4c23-9ff3-4ce3-a619-2c71c0869997:c3929, 9b0072ab-15b3-4973-9bcb-7fa02f6bfea9:c3925, 9f215ef2-7d46-4cda-b695-cae1b893f75f:c3925]
2019-08-20 16:04:13,180 [grpc-default-executor-0] INFO  client.GrpcClientProtocolClient (GrpcClientProtocolClient.java:onNext(255)) - client-EAA342753240->9a4a4c23-9ff3-4ce3-a619-2c71c0869997: receive RaftClientReply:client-EAA342753240->9a4a4c23-9ff3-4ce3-a619-2c71c0869997@group-EC4211DF0353, cid=2644, SUCCESS, logIndex=3928, commits[9a4a4c23-9ff3-4ce3-a619-2c71c0869997:c3929, 9b0072ab-15b3-4973-9bcb-7fa02f6bfea9:c3925, 9f215ef2-7d46-4cda-b695-cae1b893f75f:c3925]
2019-08-20 16:04:13,180 [grpc-default-executor-0] INFO  client.GrpcClientProtocolClient (GrpcClientProtocolClient.java:onNext(255)) - client-EAA342753240->9a4a4c23-9ff3-4ce3-a619-2c71c0869997: receive RaftClientReply:client-EAA342753240->9a4a4c23-9ff3-4ce3-a619-2c71c0869997@group-EC4211DF0353, cid=2645, SUCCESS, logIndex=3929, commits[9a4a4c23-9ff3-4ce3-a619-2c71c0869997:c3929, 9b0072ab-15b3-4973-9bcb-7fa02f6bfea9:c3925, 9f215ef2-7d46-4cda-b695-cae1b893f75f:c3925]
2019-08-20 16:04:13,194 | INFO  | DNAudit | user=null | ip=null | op=WRITE_CHUNK {blockData=conID: 1 locID: 102650154395566688 bcsId: 0} | ret=SUCCESS |  
2019-08-20 16:04:13,194 | INFO  | DNAudit | user=null | ip=null | op=WRITE_CHUNK {blockData=conID: 1 locID: 102650154395566688 bcsId: 0} | ret=SUCCESS |  
2019-08-20 16:04:13,194 | INFO  | DNAudit | user=null | ip=null | op=PUT_BLOCK {blockData=[blockId=conID: 1 locID: 102650154395566688 bcsId: 0,size=1048576]} | ret=SUCCESS |  
2019-08-20 16:04:13,194 | INFO  | DNAudit | user=null | ip=null | op=WRITE_CHUNK {blockData=conID: 1 locID: 102650154395566688 bcsId: 0} | ret=SUCCESS |  
2019-08-20 16:04:13,194 | INFO  | DNAudit | user=null | ip=null | op=PUT_BLOCK {blockData=[blockId=conID: 1 locID: 102650154395566688 bcsId: 0,size=2097152]} | ret=SUCCESS |  
2019-08-20 16:04:13,205 | INFO  | DNAudit | user=null | ip=null | op=PUT_BLOCK {blockData=[blockId=conID: 1 locID: 102650154395566688 bcsId: 0,size=1048576]} | ret=SUCCESS |  
2019-08-20 16:04:13,205 | INFO  | DNAudit | user=null | ip=null | op=WRITE_CHUNK {blockData=conID: 1 locID: 102650154395566688 bcsId: 0} | ret=SUCCESS |  
2019-08-20 16:04:13,206 | INFO  | DNAudit | user=null | ip=null | op=PUT_BLOCK {blockData=[blockId=conID: 1 locID: 102650154395566688 bcsId: 0,size=2097152]} | ret=SUCCESS |  
2019-08-20 16:04:13,206 [grpc-default-executor-3] INFO  client.GrpcClientProtocolClient (GrpcClientProtocolClient.java:onNext(255)) - client-EAA342753240->9a4a4c23-9ff3-4ce3-a619-2c71c0869997: receive RaftClientReply:client-EAA342753240->9a4a4c23-9ff3-4ce3-a619-2c71c0869997@group-EC4211DF0353, cid=2646, SUCCESS, logIndex=0, commits[9a4a4c23-9ff3-4ce3-a619-2c71c0869997:c3933, 9b0072ab-15b3-4973-9bcb-7fa02f6bfea9:c3927, 9f215ef2-7d46-4cda-b695-cae1b893f75f:c3929]
2019-08-20 16:04:13,212 | INFO  | DNAudit | user=null | ip=null | op=WRITE_CHUNK {blockData=conID: 1 locID: 102650154395566688 bcsId: 3929} | ret=SUCCESS |  
2019-08-20 16:04:13,214 | INFO  | DNAudit | user=null | ip=null | op=WRITE_CHUNK {blockData=conID: 1 locID: 102650154395566688 bcsId: 3929} | ret=SUCCESS |  
2019-08-20 16:04:13,215 | INFO  | DNAudit | user=null | ip=null | op=WRITE_CHUNK {blockData=conID: 1 locID: 102650154395566688 bcsId: 3929} | ret=SUCCESS |  
2019-08-20 16:04:13,220 | INFO  | DNAudit | user=null | ip=null | op=WRITE_CHUNK {blockData=conID: 1 locID: 102650154395566688 bcsId: 3929} | ret=SUCCESS |  
2019-08-20 16:04:13,220 | INFO  | DNAudit | user=null | ip=null | op=PUT_BLOCK {blockData=[blockId=conID: 1 locID: 102650154395566688 bcsId: 0,size=3145728]} | ret=SUCCESS |  
2019-08-20 16:04:13,220 [grpc-default-executor-0] INFO  client.GrpcClientProtocolClient (GrpcClientProtocolClient.java:onNext(255)) - client-EAA342753240->9a4a4c23-9ff3-4ce3-a619-2c71c0869997: receive RaftClientReply:client-EAA342753240->9a4a4c23-9ff3-4ce3-a619-2c71c0869997@group-EC4211DF0353, cid=2647, SUCCESS, logIndex=3934, commits[9a4a4c23-9ff3-4ce3-a619-2c71c0869997:c3935, 9b0072ab-15b3-4973-9bcb-7fa02f6bfea9:c3933, 9f215ef2-7d46-4cda-b695-cae1b893f75f:c3933]
2019-08-20 16:04:13,221 [grpc-default-executor-0] INFO  client.GrpcClientProtocolClient (GrpcClientProtocolClient.java:onNext(255)) - client-EAA342753240->9a4a4c23-9ff3-4ce3-a619-2c71c0869997: receive RaftClientReply:client-EAA342753240->9a4a4c23-9ff3-4ce3-a619-2c71c0869997@group-EC4211DF0353, cid=2648, SUCCESS, logIndex=3935, commits[9a4a4c23-9ff3-4ce3-a619-2c71c0869997:c3935, 9b0072ab-15b3-4973-9bcb-7fa02f6bfea9:c3933, 9f215ef2-7d46-4cda-b695-cae1b893f75f:c3933]
2019-08-20 16:04:13,228 | INFO  | DNAudit | user=null | ip=null | op=WRITE_CHUNK {blockData=conID: 1 locID: 102650154395566688 bcsId: 3935} | ret=SUCCESS |  
2019-08-20 16:04:13,229 | INFO  | DNAudit | user=null | ip=null | op=WRITE_CHUNK {blockData=conID: 1 locID: 102650154395566688 bcsId: 3935} | ret=SUCCESS |  
2019-08-20 16:04:13,230 | INFO  | DNAudit | user=null | ip=null | op=WRITE_CHUNK {blockData=conID: 1 locID: 102650154395566688 bcsId: 3935} | ret=SUCCESS |  
2019-08-20 16:04:13,233 | INFO  | DNAudit | user=null | ip=null | op=WRITE_CHUNK {blockData=conID: 1 locID: 102650154395566688 bcsId: 3929} | ret=SUCCESS |  
2019-08-20 16:04:13,233 | INFO  | DNAudit | user=null | ip=null | op=WRITE_CHUNK {blockData=conID: 1 locID: 102650154395566688 bcsId: 3929} | ret=SUCCESS |  
2019-08-20 16:04:13,246 | INFO  | DNAudit | user=null | ip=null | op=PUT_BLOCK {blockData=[blockId=conID: 1 locID: 102650154395566688 bcsId: 0,size=3145728]} | ret=SUCCESS |  
2019-08-20 16:04:13,246 | INFO  | DNAudit | user=null | ip=null | op=PUT_BLOCK {blockData=[blockId=conID: 1 locID: 102650154395566688 bcsId: 0,size=3145728]} | ret=SUCCESS |  
2019-08-20 16:04:13,246 | INFO  | DNAudit | user=null | ip=null | op=WRITE_CHUNK {blockData=conID: 1 locID: 102650154395566688 bcsId: 3935} | ret=SUCCESS |  
2019-08-20 16:04:13,247 | INFO  | DNAudit | user=null | ip=null | op=PUT_BLOCK {blockData=[blockId=conID: 1 locID: 102650154395566688 bcsId: 0,size=4194304]} | ret=SUCCESS |  
2019-08-20 16:04:13,247 [grpc-default-executor-3] INFO  client.GrpcClientProtocolClient (GrpcClientProtocolClient.java:onNext(255)) - client-EAA342753240->9a4a4c23-9ff3-4ce3-a619-2c71c0869997: receive RaftClientReply:client-EAA342753240->9a4a4c23-9ff3-4ce3-a619-2c71c0869997@group-EC4211DF0353, cid=2649, SUCCESS, logIndex=3938, commits[9a4a4c23-9ff3-4ce3-a619-2c71c0869997:c3939, 9b0072ab-15b3-4973-9bcb-7fa02f6bfea9:c3935, 9f215ef2-7d46-4cda-b695-cae1b893f75f:c3935]
2019-08-20 16:04:13,247 [grpc-default-executor-3] INFO  client.GrpcClientProtocolClient (GrpcClientProtocolClient.java:onNext(255)) - client-EAA342753240->9a4a4c23-9ff3-4ce3-a619-2c71c0869997: receive RaftClientReply:client-EAA342753240->9a4a4c23-9ff3-4ce3-a619-2c71c0869997@group-EC4211DF0353, cid=2650, SUCCESS, logIndex=3939, commits[9a4a4c23-9ff3-4ce3-a619-2c71c0869997:c3939, 9b0072ab-15b3-4973-9bcb-7fa02f6bfea9:c3935, 9f215ef2-7d46-4cda-b695-cae1b893f75f:c3935]
2019-08-20 16:04:13,257 | INFO  | DNAudit | user=null | ip=null | op=WRITE_CHUNK {blockData=conID: 1 locID: 102650154395566688 bcsId: 3935} | ret=SUCCESS |  
2019-08-20 16:04:13,257 | INFO  | DNAudit | user=null | ip=null | op=WRITE_CHUNK {blockData=conID: 1 locID: 102650154395566688 bcsId: 3935} | ret=SUCCESS |  
2019-08-20 16:04:13,270 | INFO  | DNAudit | user=null | ip=null | op=PUT_BLOCK {blockData=[blockId=conID: 1 locID: 102650154395566688 bcsId: 0,size=4194304]} | ret=SUCCESS |  
2019-08-20 16:04:13,270 | INFO  | DNAudit | user=null | ip=null | op=PUT_BLOCK {blockData=[blockId=conID: 1 locID: 102650154395566688 bcsId: 0,size=4194304]} | ret=SUCCESS |  
2019-08-20 16:04:13,271 [grpc-default-executor-3] INFO  client.GrpcClientProtocolClient (GrpcClientProtocolClient.java:onNext(255)) - client-EAA342753240->9a4a4c23-9ff3-4ce3-a619-2c71c0869997: receive RaftClientReply:client-EAA342753240->9a4a4c23-9ff3-4ce3-a619-2c71c0869997@group-EC4211DF0353, cid=2651, SUCCESS, logIndex=0, commits[9a4a4c23-9ff3-4ce3-a619-2c71c0869997:c3941, 9b0072ab-15b3-4973-9bcb-7fa02f6bfea9:c3939, 9f215ef2-7d46-4cda-b695-cae1b893f75f:c3939]
2019-08-20 16:04:13,275 | INFO  | SCMAudit | user=jenkins1000 | ip=192.168.69.96 | op=ALLOCATE_BLOCK {owner=ea4851f9-218c-4af7-91b4-edb777a4888c, size=4194304, type=RATIS, factor=THREE} | ret=SUCCESS |  
2019-08-20 16:04:13,278 | INFO  | OMAudit | user=jenkins1000 | ip=127.0.0.1 | op=ALLOCATE_BLOCK {volume=vol-0-94146, bucket=bucket-0-90789, key=key-0-25609, dataSize=0, replicationType=null, replicationFactor=null, keyLocationInfo=null, clientID=102650152704082322} | ret=SUCCESS |  
2019-08-20 16:04:13,286 | INFO  | DNAudit | user=null | ip=null | op=WRITE_CHUNK {blockData=conID: 2 locID: 102650154403431009 bcsId: 0} | ret=SUCCESS |  
2019-08-20 16:04:13,288 | INFO  | DNAudit | user=null | ip=null | op=WRITE_CHUNK {blockData=conID: 2 locID: 102650154403431009 bcsId: 0} | ret=SUCCESS |  
2019-08-20 16:04:13,289 | INFO  | DNAudit | user=null | ip=null | op=WRITE_CHUNK {blockData=conID: 2 locID: 102650154403431009 bcsId: 0} | ret=SUCCESS |  
2019-08-20 16:04:13,290 | INFO  | DNAudit | user=null | ip=null | op=WRITE_CHUNK {blockData=conID: 2 locID: 102650154403431009 bcsId: 0} | ret=SUCCESS |  
2019-08-20 16:04:13,292 | INFO  | DNAudit | user=null | ip=null | op=WRITE_CHUNK {blockData=conID: 2 locID: 102650154403431009 bcsId: 0} | ret=SUCCESS |  
2019-08-20 16:04:13,292 | INFO  | DNAudit | user=null | ip=null | op=WRITE_CHUNK {blockData=conID: 2 locID: 102650154403431009 bcsId: 0} | ret=SUCCESS |  
2019-08-20 16:04:13,292 | INFO  | DNAudit | user=null | ip=null | op=WRITE_CHUNK {blockData=conID: 2 locID: 102650154403431009 bcsId: 0} | ret=SUCCESS |  
2019-08-20 16:04:13,293 | INFO  | DNAudit | user=null | ip=null | op=PUT_BLOCK {blockData=[blockId=conID: 2 locID: 102650154403431009 bcsId: 0,size=1048576]} | ret=SUCCESS |  
2019-08-20 16:04:13,293 [grpc-default-executor-3] INFO  client.GrpcClientProtocolClient (GrpcClientProtocolClient.java:onNext(255)) - client-EAA342753240->9a4a4c23-9ff3-4ce3-a619-2c71c0869997: receive RaftClientReply:client-EAA342753240->9a4a4c23-9ff3-4ce3-a619-2c71c0869997@group-EC4211DF0353, cid=2652, SUCCESS, logIndex=3942, commits[9a4a4c23-9ff3-4ce3-a619-2c71c0869997:c3943, 9b0072ab-15b3-4973-9bcb-7fa02f6bfea9:c3941, 9f215ef2-7d46-4cda-b695-cae1b893f75f:c3941]
2019-08-20 16:04:13,293 [grpc-default-executor-3] INFO  client.GrpcClientProtocolClient (GrpcClientProtocolClient.java:onNext(255)) - client-EAA342753240->9a4a4c23-9ff3-4ce3-a619-2c71c0869997: receive RaftClientReply:client-EAA342753240->9a4a4c23-9ff3-4ce3-a619-2c71c0869997@group-EC4211DF0353, cid=2653, SUCCESS, logIndex=3943, commits[9a4a4c23-9ff3-4ce3-a619-2c71c0869997:c3943, 9b0072ab-15b3-4973-9bcb-7fa02f6bfea9:c3941, 9f215ef2-7d46-4cda-b695-cae1b893f75f:c3941]
2019-08-20 16:04:13,295 | INFO  | DNAudit | user=null | ip=null | op=WRITE_CHUNK {blockData=conID: 2 locID: 102650154403431009 bcsId: 0} | ret=SUCCESS |  
2019-08-20 16:04:13,295 | INFO  | DNAudit | user=null | ip=null | op=PUT_BLOCK {blockData=[blockId=conID: 2 locID: 102650154403431009 bcsId: 0,size=2097152]} | ret=SUCCESS |  
2019-08-20 16:04:13,295 [grpc-default-executor-3] INFO  client.GrpcClientProtocolClient (GrpcClientProtocolClient.java:onNext(255)) - client-EAA342753240->9a4a4c23-9ff3-4ce3-a619-2c71c0869997: receive RaftClientReply:client-EAA342753240->9a4a4c23-9ff3-4ce3-a619-2c71c0869997@group-EC4211DF0353, cid=2654, SUCCESS, logIndex=3944, commits[9a4a4c23-9ff3-4ce3-a619-2c71c0869997:c3945, 9b0072ab-15b3-4973-9bcb-7fa02f6bfea9:c3941, 9f215ef2-7d46-4cda-b695-cae1b893f75f:c3941]
2019-08-20 16:04:13,295 [grpc-default-executor-3] INFO  client.GrpcClientProtocolClient (GrpcClientProtocolClient.java:onNext(255)) - client-EAA342753240->9a4a4c23-9ff3-4ce3-a619-2c71c0869997: receive RaftClientReply:client-EAA342753240->9a4a4c23-9ff3-4ce3-a619-2c71c0869997@group-EC4211DF0353, cid=2655, SUCCESS, logIndex=3945, commits[9a4a4c23-9ff3-4ce3-a619-2c71c0869997:c3945, 9b0072ab-15b3-4973-9bcb-7fa02f6bfea9:c3941, 9f215ef2-7d46-4cda-b695-cae1b893f75f:c3941]
2019-08-20 16:04:13,305 | INFO  | DNAudit | user=null | ip=null | op=WRITE_CHUNK {blockData=conID: 2 locID: 102650154403431009 bcsId: 0} | ret=SUCCESS |  
2019-08-20 16:04:13,306 | INFO  | DNAudit | user=null | ip=null | op=PUT_BLOCK {blockData=[blockId=conID: 2 locID: 102650154403431009 bcsId: 0,size=1048576]} | ret=SUCCESS |  
2019-08-20 16:04:13,306 | INFO  | DNAudit | user=null | ip=null | op=WRITE_CHUNK {blockData=conID: 2 locID: 102650154403431009 bcsId: 0} | ret=SUCCESS |  
2019-08-20 16:04:13,306 | INFO  | DNAudit | user=null | ip=null | op=PUT_BLOCK {blockData=[blockId=conID: 2 locID: 102650154403431009 bcsId: 0,size=1048576]} | ret=SUCCESS |  
2019-08-20 16:04:13,306 [grpc-default-executor-3] INFO  client.GrpcClientProtocolClient (GrpcClientProtocolClient.java:onNext(255)) - client-EAA342753240->9a4a4c23-9ff3-4ce3-a619-2c71c0869997: receive RaftClientReply:client-EAA342753240->9a4a4c23-9ff3-4ce3-a619-2c71c0869997@group-EC4211DF0353, cid=2656, SUCCESS, logIndex=0, commits[9a4a4c23-9ff3-4ce3-a619-2c71c0869997:c3947, 9b0072ab-15b3-4973-9bcb-7fa02f6bfea9:c3943, 9f215ef2-7d46-4cda-b695-cae1b893f75f:c3943]
2019-08-20 16:04:13,307 | INFO  | DNAudit | user=null | ip=null | op=WRITE_CHUNK {blockData=conID: 2 locID: 102650154403431009 bcsId: 0} | ret=SUCCESS |  
2019-08-20 16:04:13,307 | INFO  | DNAudit | user=null | ip=null | op=PUT_BLOCK {blockData=[blockId=conID: 2 locID: 102650154403431009 bcsId: 0,size=2097152]} | ret=SUCCESS |  
2019-08-20 16:04:13,309 | INFO  | DNAudit | user=null | ip=null | op=WRITE_CHUNK {blockData=conID: 2 locID: 102650154403431009 bcsId: 0} | ret=SUCCESS |  
2019-08-20 16:04:13,309 | INFO  | DNAudit | user=null | ip=null | op=PUT_BLOCK {blockData=[blockId=conID: 2 locID: 102650154403431009 bcsId: 0,size=2097152]} | ret=SUCCESS |  
2019-08-20 16:04:13,314 | INFO  | DNAudit | user=null | ip=null | op=WRITE_CHUNK {blockData=conID: 2 locID: 102650154403431009 bcsId: 3945} | ret=SUCCESS |  
2019-08-20 16:04:13,315 | INFO  | DNAudit | user=null | ip=null | op=WRITE_CHUNK {blockData=conID: 2 locID: 102650154403431009 bcsId: 3945} | ret=SUCCESS |  
2019-08-20 16:04:13,315 | INFO  | DNAudit | user=null | ip=null | op=WRITE_CHUNK {blockData=conID: 2 locID: 102650154403431009 bcsId: 3945} | ret=SUCCESS |  
2019-08-20 16:04:13,321 | INFO  | DNAudit | user=null | ip=null | op=WRITE_CHUNK {blockData=conID: 2 locID: 102650154403431009 bcsId: 3945} | ret=SUCCESS |  
2019-08-20 16:04:13,321 | INFO  | DNAudit | user=null | ip=null | op=PUT_BLOCK {blockData=[blockId=conID: 2 locID: 102650154403431009 bcsId: 0,size=3145728]} | ret=SUCCESS |  
2019-08-20 16:04:13,321 [grpc-default-executor-0] INFO  client.GrpcClientProtocolClient (GrpcClientProtocolClient.java:onNext(255)) - client-EAA342753240->9a4a4c23-9ff3-4ce3-a619-2c71c0869997: receive RaftClientReply:client-EAA342753240->9a4a4c23-9ff3-4ce3-a619-2c71c0869997@group-EC4211DF0353, cid=2657, SUCCESS, logIndex=3950, commits[9a4a4c23-9ff3-4ce3-a619-2c71c0869997:c3951, 9b0072ab-15b3-4973-9bcb-7fa02f6bfea9:c3949, 9f215ef2-7d46-4cda-b695-cae1b893f75f:c3949]
2019-08-20 16:04:13,322 [grpc-default-executor-0] INFO  client.GrpcClientProtocolClient (GrpcClientProtocolClient.java:onNext(255)) - client-EAA342753240->9a4a4c23-9ff3-4ce3-a619-2c71c0869997: receive RaftClientReply:client-EAA342753240->9a4a4c23-9ff3-4ce3-a619-2c71c0869997@group-EC4211DF0353, cid=2658, SUCCESS, logIndex=3951, commits[9a4a4c23-9ff3-4ce3-a619-2c71c0869997:c3951, 9b0072ab-15b3-4973-9bcb-7fa02f6bfea9:c3949, 9f215ef2-7d46-4cda-b695-cae1b893f75f:c3949]
2019-08-20 16:04:13,328 | INFO  | DNAudit | user=null | ip=null | op=WRITE_CHUNK {blockData=conID: 2 locID: 102650154403431009 bcsId: 3951} | ret=SUCCESS |  
2019-08-20 16:04:13,330 | INFO  | DNAudit | user=null | ip=null | op=WRITE_CHUNK {blockData=conID: 2 locID: 102650154403431009 bcsId: 3951} | ret=SUCCESS |  
2019-08-20 16:04:13,331 | INFO  | DNAudit | user=null | ip=null | op=WRITE_CHUNK {blockData=conID: 2 locID: 102650154403431009 bcsId: 3951} | ret=SUCCESS |  
2019-08-20 16:04:13,333 | INFO  | DNAudit | user=null | ip=null | op=WRITE_CHUNK {blockData=conID: 2 locID: 102650154403431009 bcsId: 3945} | ret=SUCCESS |  
2019-08-20 16:04:13,333 | INFO  | DNAudit | user=null | ip=null | op=WRITE_CHUNK {blockData=conID: 2 locID: 102650154403431009 bcsId: 3945} | ret=SUCCESS |  
2019-08-20 16:04:13,335 | INFO  | DNAudit | user=null | ip=null | op=PUT_BLOCK {blockData=[blockId=conID: 2 locID: 102650154403431009 bcsId: 0,size=3145728]} | ret=SUCCESS |  
2019-08-20 16:04:13,335 | INFO  | DNAudit | user=null | ip=null | op=PUT_BLOCK {blockData=[blockId=conID: 2 locID: 102650154403431009 bcsId: 0,size=3145728]} | ret=SUCCESS |  
2019-08-20 16:04:13,336 | INFO  | DNAudit | user=null | ip=null | op=WRITE_CHUNK {blockData=conID: 2 locID: 102650154403431009 bcsId: 3951} | ret=SUCCESS |  
2019-08-20 16:04:13,336 | INFO  | DNAudit | user=null | ip=null | op=PUT_BLOCK {blockData=[blockId=conID: 2 locID: 102650154403431009 bcsId: 0,size=4194304]} | ret=SUCCESS |  
2019-08-20 16:04:13,336 [grpc-default-executor-1] INFO  client.GrpcClientProtocolClient (GrpcClientProtocolClient.java:onNext(255)) - client-EAA342753240->9a4a4c23-9ff3-4ce3-a619-2c71c0869997: receive RaftClientReply:client-EAA342753240->9a4a4c23-9ff3-4ce3-a619-2c71c0869997@group-EC4211DF0353, cid=2659, SUCCESS, logIndex=3954, commits[9a4a4c23-9ff3-4ce3-a619-2c71c0869997:c3955, 9b0072ab-15b3-4973-9bcb-7fa02f6bfea9:c3951, 9f215ef2-7d46-4cda-b695-cae1b893f75f:c3951]
2019-08-20 16:04:13,337 [grpc-default-executor-1] INFO  client.GrpcClientProtocolClient (GrpcClientProtocolClient.java:onNext(255)) - client-EAA342753240->9a4a4c23-9ff3-4ce3-a619-2c71c0869997: receive RaftClientReply:client-EAA342753240->9a4a4c23-9ff3-4ce3-a619-2c71c0869997@group-EC4211DF0353, cid=2660, SUCCESS, logIndex=3955, commits[9a4a4c23-9ff3-4ce3-a619-2c71c0869997:c3955, 9b0072ab-15b3-4973-9bcb-7fa02f6bfea9:c3951, 9f215ef2-7d46-4cda-b695-cae1b893f75f:c3951]
2019-08-20 16:04:13,345 | INFO  | DNAudit | user=null | ip=null | op=WRITE_CHUNK {blockData=conID: 2 locID: 102650154403431009 bcsId: 3951} | ret=SUCCESS |  
2019-08-20 16:04:13,345 | INFO  | DNAudit | user=null | ip=null | op=PUT_BLOCK {blockData=[blockId=conID: 2 locID: 102650154403431009 bcsId: 0,size=4194304]} | ret=SUCCESS |  
2019-08-20 16:04:13,345 | INFO  | DNAudit | user=null | ip=null | op=WRITE_CHUNK {blockData=conID: 2 locID: 102650154403431009 bcsId: 3951} | ret=SUCCESS |  
2019-08-20 16:04:13,346 | INFO  | DNAudit | user=null | ip=null | op=PUT_BLOCK {blockData=[blockId=conID: 2 locID: 102650154403431009 bcsId: 0,size=4194304]} | ret=SUCCESS |  
2019-08-20 16:04:13,346 [grpc-default-executor-1] INFO  client.GrpcClientProtocolClient (GrpcClientProtocolClient.java:onNext(255)) - client-EAA342753240->9a4a4c23-9ff3-4ce3-a619-2c71c0869997: receive RaftClientReply:client-EAA342753240->9a4a4c23-9ff3-4ce3-a619-2c71c0869997@group-EC4211DF0353, cid=2661, SUCCESS, logIndex=0, commits[9a4a4c23-9ff3-4ce3-a619-2c71c0869997:c3956, 9b0072ab-15b3-4973-9bcb-7fa02f6bfea9:c3955, 9f215ef2-7d46-4cda-b695-cae1b893f75f:c3955]
2019-08-20 16:04:13,350 | INFO  | SCMAudit | user=jenkins1000 | ip=192.168.69.96 | op=ALLOCATE_BLOCK {owner=ea4851f9-218c-4af7-91b4-edb777a4888c, size=4194304, type=RATIS, factor=THREE} | ret=SUCCESS |  
2019-08-20 16:04:13,353 | INFO  | OMAudit | user=jenkins1000 | ip=127.0.0.1 | op=ALLOCATE_BLOCK {volume=vol-0-94146, bucket=bucket-0-90789, key=key-0-25609, dataSize=0, replicationType=null, replicationFactor=null, keyLocationInfo=null, clientID=102650152704082322} | ret=SUCCESS |  
2019-08-20 16:04:13,360 | INFO  | DNAudit | user=null | ip=null | op=WRITE_CHUNK {blockData=conID: 3 locID: 102650154408346210 bcsId: 0} | ret=SUCCESS |  
2019-08-20 16:04:13,362 | INFO  | DNAudit | user=null | ip=null | op=WRITE_CHUNK {blockData=conID: 3 locID: 102650154408346210 bcsId: 0} | ret=SUCCESS |  
2019-08-20 16:04:13,362 | INFO  | DNAudit | user=null | ip=null | op=WRITE_CHUNK {blockData=conID: 3 locID: 102650154408346210 bcsId: 0} | ret=SUCCESS |  
2019-08-20 16:04:13,363 | INFO  | DNAudit | user=null | ip=null | op=WRITE_CHUNK {blockData=conID: 3 locID: 102650154408346210 bcsId: 0} | ret=SUCCESS |  
2019-08-20 16:04:13,364 | INFO  | DNAudit | user=null | ip=null | op=WRITE_CHUNK {blockData=conID: 3 locID: 102650154408346210 bcsId: 0} | ret=SUCCESS |  
2019-08-20 16:04:13,365 | INFO  | DNAudit | user=null | ip=null | op=WRITE_CHUNK {blockData=conID: 3 locID: 102650154408346210 bcsId: 0} | ret=SUCCESS |  
2019-08-20 16:04:13,373 | INFO  | DNAudit | user=null | ip=null | op=WRITE_CHUNK {blockData=conID: 3 locID: 102650154408346210 bcsId: 0} | ret=SUCCESS |  
2019-08-20 16:04:13,373 | INFO  | DNAudit | user=null | ip=null | op=PUT_BLOCK {blockData=[blockId=conID: 3 locID: 102650154408346210 bcsId: 0,size=1048576]} | ret=SUCCESS |  
2019-08-20 16:04:13,373 | INFO  | DNAudit | user=null | ip=null | op=WRITE_CHUNK {blockData=conID: 3 locID: 102650154408346210 bcsId: 0} | ret=SUCCESS |  
2019-08-20 16:04:13,373 [grpc-default-executor-0] INFO  client.GrpcClientProtocolClient (GrpcClientProtocolClient.java:onNext(255)) - client-EAA342753240->9a4a4c23-9ff3-4ce3-a619-2c71c0869997: receive RaftClientReply:client-EAA342753240->9a4a4c23-9ff3-4ce3-a619-2c71c0869997@group-EC4211DF0353, cid=2662, SUCCESS, logIndex=3958, commits[9a4a4c23-9ff3-4ce3-a619-2c71c0869997:c3959, 9b0072ab-15b3-4973-9bcb-7fa02f6bfea9:c3957, 9f215ef2-7d46-4cda-b695-cae1b893f75f:c3957]
2019-08-20 16:04:13,374 | INFO  | DNAudit | user=null | ip=null | op=PUT_BLOCK {blockData=[blockId=conID: 3 locID: 102650154408346210 bcsId: 0,size=2097152]} | ret=SUCCESS |  
2019-08-20 16:04:13,374 [grpc-default-executor-0] INFO  client.GrpcClientProtocolClient (GrpcClientProtocolClient.java:onNext(255)) - client-EAA342753240->9a4a4c23-9ff3-4ce3-a619-2c71c0869997: receive RaftClientReply:client-EAA342753240->9a4a4c23-9ff3-4ce3-a619-2c71c0869997@group-EC4211DF0353, cid=2663, SUCCESS, logIndex=3959, commits[9a4a4c23-9ff3-4ce3-a619-2c71c0869997:c3961, 9b0072ab-15b3-4973-9bcb-7fa02f6bfea9:c3957, 9f215ef2-7d46-4cda-b695-cae1b893f75f:c3957]
2019-08-20 16:04:13,374 [grpc-default-executor-0] INFO  client.GrpcClientProtocolClient (GrpcClientProtocolClient.java:onNext(255)) - client-EAA342753240->9a4a4c23-9ff3-4ce3-a619-2c71c0869997: receive RaftClientReply:client-EAA342753240->9a4a4c23-9ff3-4ce3-a619-2c71c0869997@group-EC4211DF0353, cid=2664, SUCCESS, logIndex=3960, commits[9a4a4c23-9ff3-4ce3-a619-2c71c0869997:c3961, 9b0072ab-15b3-4973-9bcb-7fa02f6bfea9:c3957, 9f215ef2-7d46-4cda-b695-cae1b893f75f:c3957]
2019-08-20 16:04:13,374 [grpc-default-executor-0] INFO  client.GrpcClientProtocolClient (GrpcClientProtocolClient.java:onNext(255)) - client-EAA342753240->9a4a4c23-9ff3-4ce3-a619-2c71c0869997: receive RaftClientReply:client-EAA342753240->9a4a4c23-9ff3-4ce3-a619-2c71c0869997@group-EC4211DF0353, cid=2665, SUCCESS, logIndex=3961, commits[9a4a4c23-9ff3-4ce3-a619-2c71c0869997:c3961, 9b0072ab-15b3-4973-9bcb-7fa02f6bfea9:c3957, 9f215ef2-7d46-4cda-b695-cae1b893f75f:c3957]
2019-08-20 16:04:13,386 | INFO  | DNAudit | user=null | ip=null | op=WRITE_CHUNK {blockData=conID: 3 locID: 102650154408346210 bcsId: 0} | ret=SUCCESS |  
2019-08-20 16:04:13,386 | INFO  | DNAudit | user=null | ip=null | op=PUT_BLOCK {blockData=[blockId=conID: 3 locID: 102650154408346210 bcsId: 0,size=1048576]} | ret=SUCCESS |  
2019-08-20 16:04:13,387 | INFO  | DNAudit | user=null | ip=null | op=WRITE_CHUNK {blockData=conID: 3 locID: 102650154408346210 bcsId: 0} | ret=SUCCESS |  
2019-08-20 16:04:13,387 | INFO  | DNAudit | user=null | ip=null | op=PUT_BLOCK {blockData=[blockId=conID: 3 locID: 102650154408346210 bcsId: 0,size=1048576]} | ret=SUCCESS |  
2019-08-20 16:04:13,387 | INFO  | DNAudit | user=null | ip=null | op=WRITE_CHUNK {blockData=conID: 3 locID: 102650154408346210 bcsId: 0} | ret=SUCCESS |  
2019-08-20 16:04:13,387 | INFO  | DNAudit | user=null | ip=null | op=PUT_BLOCK {blockData=[blockId=conID: 3 locID: 102650154408346210 bcsId: 0,size=2097152]} | ret=SUCCESS |  
2019-08-20 16:04:13,387 | INFO  | DNAudit | user=null | ip=null | op=WRITE_CHUNK {blockData=conID: 3 locID: 102650154408346210 bcsId: 0} | ret=SUCCESS |  
2019-08-20 16:04:13,387 [grpc-default-executor-1] INFO  client.GrpcClientProtocolClient (GrpcClientProtocolClient.java:onNext(255)) - client-EAA342753240->9a4a4c23-9ff3-4ce3-a619-2c71c0869997: receive RaftClientReply:client-EAA342753240->9a4a4c23-9ff3-4ce3-a619-2c71c0869997@group-EC4211DF0353, cid=2666, SUCCESS, logIndex=0, commits[9a4a4c23-9ff3-4ce3-a619-2c71c0869997:c3963, 9b0072ab-15b3-4973-9bcb-7fa02f6bfea9:c3959, 9f215ef2-7d46-4cda-b695-cae1b893f75f:c3959]
2019-08-20 16:04:13,387 | INFO  | DNAudit | user=null | ip=null | op=PUT_BLOCK {blockData=[blockId=conID: 3 locID: 102650154408346210 bcsId: 0,size=2097152]} | ret=SUCCESS |  
2019-08-20 16:04:13,394 | INFO  | DNAudit | user=null | ip=null | op=WRITE_CHUNK {blockData=conID: 3 locID: 102650154408346210 bcsId: 3961} | ret=SUCCESS |  
2019-08-20 16:04:13,397 | INFO  | DNAudit | user=null | ip=null | op=WRITE_CHUNK {blockData=conID: 3 locID: 102650154408346210 bcsId: 3961} | ret=SUCCESS |  
2019-08-20 16:04:13,397 | INFO  | DNAudit | user=null | ip=null | op=WRITE_CHUNK {blockData=conID: 3 locID: 102650154408346210 bcsId: 3961} | ret=SUCCESS |  
2019-08-20 16:04:13,419 | INFO  | DNAudit | user=null | ip=null | op=WRITE_CHUNK {blockData=conID: 3 locID: 102650154408346210 bcsId: 3961} | ret=SUCCESS |  
2019-08-20 16:04:13,420 | INFO  | DNAudit | user=null | ip=null | op=PUT_BLOCK {blockData=[blockId=conID: 3 locID: 102650154408346210 bcsId: 0,size=3145728]} | ret=SUCCESS |  
2019-08-20 16:04:13,420 [grpc-default-executor-1] INFO  client.GrpcClientProtocolClient (GrpcClientProtocolClient.java:onNext(255)) - client-EAA342753240->9a4a4c23-9ff3-4ce3-a619-2c71c0869997: receive RaftClientReply:client-EAA342753240->9a4a4c23-9ff3-4ce3-a619-2c71c0869997@group-EC4211DF0353, cid=2667, SUCCESS, logIndex=3966, commits[9a4a4c23-9ff3-4ce3-a619-2c71c0869997:c3967, 9b0072ab-15b3-4973-9bcb-7fa02f6bfea9:c3965, 9f215ef2-7d46-4cda-b695-cae1b893f75f:c3965]
2019-08-20 16:04:13,420 [grpc-default-executor-1] INFO  client.GrpcClientProtocolClient (GrpcClientProtocolClient.java:onNext(255)) - client-EAA342753240->9a4a4c23-9ff3-4ce3-a619-2c71c0869997: receive RaftClientReply:client-EAA342753240->9a4a4c23-9ff3-4ce3-a619-2c71c0869997@group-EC4211DF0353, cid=2668, SUCCESS, logIndex=3967, commits[9a4a4c23-9ff3-4ce3-a619-2c71c0869997:c3967, 9b0072ab-15b3-4973-9bcb-7fa02f6bfea9:c3965, 9f215ef2-7d46-4cda-b695-cae1b893f75f:c3965]
2019-08-20 16:04:13,426 | INFO  | DNAudit | user=null | ip=null | op=WRITE_CHUNK {blockData=conID: 3 locID: 102650154408346210 bcsId: 3967} | ret=SUCCESS |  
2019-08-20 16:04:13,428 | INFO  | DNAudit | user=null | ip=null | op=WRITE_CHUNK {blockData=conID: 3 locID: 102650154408346210 bcsId: 3967} | ret=SUCCESS |  
2019-08-20 16:04:13,428 | INFO  | DNAudit | user=null | ip=null | op=WRITE_CHUNK {blockData=conID: 3 locID: 102650154408346210 bcsId: 3967} | ret=SUCCESS |  
2019-08-20 16:04:13,433 | INFO  | DNAudit | user=null | ip=null | op=WRITE_CHUNK {blockData=conID: 3 locID: 102650154408346210 bcsId: 3961} | ret=SUCCESS |  
2019-08-20 16:04:13,433 | INFO  | DNAudit | user=null | ip=null | op=WRITE_CHUNK {blockData=conID: 3 locID: 102650154408346210 bcsId: 3961} | ret=SUCCESS |  
2019-08-20 16:04:13,446 | INFO  | DNAudit | user=null | ip=null | op=PUT_BLOCK {blockData=[blockId=conID: 3 locID: 102650154408346210 bcsId: 0,size=3145728]} | ret=SUCCESS |  
2019-08-20 16:04:13,446 | INFO  | DNAudit | user=null | ip=null | op=PUT_BLOCK {blockData=[blockId=conID: 3 locID: 102650154408346210 bcsId: 0,size=3145728]} | ret=SUCCESS |  
2019-08-20 16:04:13,447 | INFO  | DNAudit | user=null | ip=null | op=WRITE_CHUNK {blockData=conID: 3 locID: 102650154408346210 bcsId: 3967} | ret=SUCCESS |  
2019-08-20 16:04:13,447 | INFO  | DNAudit | user=null | ip=null | op=PUT_BLOCK {blockData=[blockId=conID: 3 locID: 102650154408346210 bcsId: 0,size=4194304]} | ret=SUCCESS |  
2019-08-20 16:04:13,447 [grpc-default-executor-0] INFO  client.GrpcClientProtocolClient (GrpcClientProtocolClient.java:onNext(255)) - client-EAA342753240->9a4a4c23-9ff3-4ce3-a619-2c71c0869997: receive RaftClientReply:client-EAA342753240->9a4a4c23-9ff3-4ce3-a619-2c71c0869997@group-EC4211DF0353, cid=2669, SUCCESS, logIndex=3970, commits[9a4a4c23-9ff3-4ce3-a619-2c71c0869997:c3971, 9b0072ab-15b3-4973-9bcb-7fa02f6bfea9:c3967, 9f215ef2-7d46-4cda-b695-cae1b893f75f:c3967]
2019-08-20 16:04:13,447 [grpc-default-executor-0] INFO  client.GrpcClientProtocolClient (GrpcClientProtocolClient.java:onNext(255)) - client-EAA342753240->9a4a4c23-9ff3-4ce3-a619-2c71c0869997: receive RaftClientReply:client-EAA342753240->9a4a4c23-9ff3-4ce3-a619-2c71c0869997@group-EC4211DF0353, cid=2670, SUCCESS, logIndex=3971, commits[9a4a4c23-9ff3-4ce3-a619-2c71c0869997:c3971, 9b0072ab-15b3-4973-9bcb-7fa02f6bfea9:c3967, 9f215ef2-7d46-4cda-b695-cae1b893f75f:c3967]
2019-08-20 16:04:13,459 | INFO  | DNAudit | user=null | ip=null | op=WRITE_CHUNK {blockData=conID: 3 locID: 102650154408346210 bcsId: 3967} | ret=SUCCESS |  
2019-08-20 16:04:13,459 | INFO  | DNAudit | user=null | ip=null | op=WRITE_CHUNK {blockData=conID: 3 locID: 102650154408346210 bcsId: 3967} | ret=SUCCESS |  
2019-08-20 16:04:13,472 | INFO  | DNAudit | user=null | ip=null | op=PUT_BLOCK {blockData=[blockId=conID: 3 locID: 102650154408346210 bcsId: 0,size=4194304]} | ret=SUCCESS |  
2019-08-20 16:04:13,472 | INFO  | DNAudit | user=null | ip=null | op=PUT_BLOCK {blockData=[blockId=conID: 3 locID: 102650154408346210 bcsId: 0,size=4194304]} | ret=SUCCESS |  
2019-08-20 16:04:13,473 [grpc-default-executor-0] INFO  client.GrpcClientProtocolClient (GrpcClientProtocolClient.java:onNext(255)) - client-EAA342753240->9a4a4c23-9ff3-4ce3-a619-2c71c0869997: receive RaftClientReply:client-EAA342753240->9a4a4c23-9ff3-4ce3-a619-2c71c0869997@group-EC4211DF0353, cid=2671, SUCCESS, logIndex=0, commits[9a4a4c23-9ff3-4ce3-a619-2c71c0869997:c3973, 9b0072ab-15b3-4973-9bcb-7fa02f6bfea9:c3971, 9f215ef2-7d46-4cda-b695-cae1b893f75f:c3971]
2019-08-20 16:04:13,479 | INFO  | SCMAudit | user=jenkins1000 | ip=192.168.69.96 | op=ALLOCATE_BLOCK {owner=ea4851f9-218c-4af7-91b4-edb777a4888c, size=4194304, type=RATIS, factor=THREE} | ret=SUCCESS |  
2019-08-20 16:04:13,484 | INFO  | OMAudit | user=jenkins1000 | ip=127.0.0.1 | op=ALLOCATE_BLOCK {volume=vol-0-94146, bucket=bucket-0-90789, key=key-0-25609, dataSize=0, replicationType=null, replicationFactor=null, keyLocationInfo=null, clientID=102650152704082322} | ret=SUCCESS |  
2019-08-20 16:04:13,491 | INFO  | DNAudit | user=null | ip=null | op=WRITE_CHUNK {blockData=conID: 1 locID: 102650154416800355 bcsId: 0} | ret=SUCCESS |  
2019-08-20 16:04:13,493 | INFO  | DNAudit | user=null | ip=null | op=WRITE_CHUNK {blockData=conID: 1 locID: 102650154416800355 bcsId: 0} | ret=SUCCESS |  
2019-08-20 16:04:13,494 | INFO  | DNAudit | user=null | ip=null | op=WRITE_CHUNK {blockData=conID: 1 locID: 102650154416800355 bcsId: 0} | ret=SUCCESS |  
2019-08-20 16:04:13,494 | INFO  | DNAudit | user=null | ip=null | op=WRITE_CHUNK {blockData=conID: 1 locID: 102650154416800355 bcsId: 0} | ret=SUCCESS |  
2019-08-20 16:04:13,497 | INFO  | DNAudit | user=null | ip=null | op=WRITE_CHUNK {blockData=conID: 1 locID: 102650154416800355 bcsId: 0} | ret=SUCCESS |  
2019-08-20 16:04:13,497 | INFO  | DNAudit | user=null | ip=null | op=WRITE_CHUNK {blockData=conID: 1 locID: 102650154416800355 bcsId: 0} | ret=SUCCESS |  
2019-08-20 16:04:13,506 | INFO  | DNAudit | user=null | ip=null | op=WRITE_CHUNK {blockData=conID: 1 locID: 102650154416800355 bcsId: 0} | ret=SUCCESS |  
2019-08-20 16:04:13,506 | INFO  | DNAudit | user=null | ip=null | op=PUT_BLOCK {blockData=[blockId=conID: 1 locID: 102650154416800355 bcsId: 0,size=1048576]} | ret=SUCCESS |  
2019-08-20 16:04:13,506 [grpc-default-executor-1] INFO  client.GrpcClientProtocolClient (GrpcClientProtocolClient.java:onNext(255)) - client-EAA342753240->9a4a4c23-9ff3-4ce3-a619-2c71c0869997: receive RaftClientReply:client-EAA342753240->9a4a4c23-9ff3-4ce3-a619-2c71c0869997@group-EC4211DF0353, cid=2672, SUCCESS, logIndex=3974, commits[9a4a4c23-9ff3-4ce3-a619-2c71c0869997:c3975, 9b0072ab-15b3-4973-9bcb-7fa02f6bfea9:c3973, 9f215ef2-7d46-4cda-b695-cae1b893f75f:c3973]
2019-08-20 16:04:13,507 [grpc-default-executor-1] INFO  client.GrpcClientProtocolClient (GrpcClientProtocolClient.java:onNext(255)) - client-EAA342753240->9a4a4c23-9ff3-4ce3-a619-2c71c0869997: receive RaftClientReply:client-EAA342753240->9a4a4c23-9ff3-4ce3-a619-2c71c0869997@group-EC4211DF0353, cid=2673, SUCCESS, logIndex=3975, commits[9a4a4c23-9ff3-4ce3-a619-2c71c0869997:c3975, 9b0072ab-15b3-4973-9bcb-7fa02f6bfea9:c3973, 9f215ef2-7d46-4cda-b695-cae1b893f75f:c3973]
2019-08-20 16:04:13,518 | INFO  | DNAudit | user=null | ip=null | op=WRITE_CHUNK {blockData=conID: 1 locID: 102650154416800355 bcsId: 0} | ret=SUCCESS |  
2019-08-20 16:04:13,519 | INFO  | DNAudit | user=null | ip=null | op=PUT_BLOCK {blockData=[blockId=conID: 1 locID: 102650154416800355 bcsId: 0,size=2097152]} | ret=SUCCESS |  
2019-08-20 16:04:13,519 [grpc-default-executor-1] INFO  client.GrpcClientProtocolClient (GrpcClientProtocolClient.java:onNext(255)) - client-EAA342753240->9a4a4c23-9ff3-4ce3-a619-2c71c0869997: receive RaftClientReply:client-EAA342753240->9a4a4c23-9ff3-4ce3-a619-2c71c0869997@group-EC4211DF0353, cid=2674, SUCCESS, logIndex=3976, commits[9a4a4c23-9ff3-4ce3-a619-2c71c0869997:c3977, 9b0072ab-15b3-4973-9bcb-7fa02f6bfea9:c3973, 9f215ef2-7d46-4cda-b695-cae1b893f75f:c3973]
2019-08-20 16:04:13,519 [grpc-default-executor-1] INFO  client.GrpcClientProtocolClient (GrpcClientProtocolClient.java:onNext(255)) - client-EAA342753240->9a4a4c23-9ff3-4ce3-a619-2c71c0869997: receive RaftClientReply:client-EAA342753240->9a4a4c23-9ff3-4ce3-a619-2c71c0869997@group-EC4211DF0353, cid=2675, SUCCESS, logIndex=3977, commits[9a4a4c23-9ff3-4ce3-a619-2c71c0869997:c3977, 9b0072ab-15b3-4973-9bcb-7fa02f6bfea9:c3973, 9f215ef2-7d46-4cda-b695-cae1b893f75f:c3973]
2019-08-20 16:04:13,522 | INFO  | DNAudit | user=null | ip=null | op=WRITE_CHUNK {blockData=conID: 1 locID: 102650154416800355 bcsId: 0} | ret=SUCCESS |  
2019-08-20 16:04:13,522 | INFO  | DNAudit | user=null | ip=null | op=PUT_BLOCK {blockData=[blockId=conID: 1 locID: 102650154416800355 bcsId: 0,size=1048576]} | ret=SUCCESS |  
2019-08-20 16:04:13,522 | INFO  | DNAudit | user=null | ip=null | op=WRITE_CHUNK {blockData=conID: 1 locID: 102650154416800355 bcsId: 0} | ret=SUCCESS |  
2019-08-20 16:04:13,522 | INFO  | DNAudit | user=null | ip=null | op=PUT_BLOCK {blockData=[blockId=conID: 1 locID: 102650154416800355 bcsId: 0,size=1048576]} | ret=SUCCESS |  
2019-08-20 16:04:13,523 [grpc-default-executor-0] INFO  client.GrpcClientProtocolClient (GrpcClientProtocolClient.java:onNext(255)) - client-EAA342753240->9a4a4c23-9ff3-4ce3-a619-2c71c0869997: receive RaftClientReply:client-EAA342753240->9a4a4c23-9ff3-4ce3-a619-2c71c0869997@group-EC4211DF0353, cid=2676, SUCCESS, logIndex=0, commits[9a4a4c23-9ff3-4ce3-a619-2c71c0869997:c3979, 9b0072ab-15b3-4973-9bcb-7fa02f6bfea9:c3975, 9f215ef2-7d46-4cda-b695-cae1b893f75f:c3975]
2019-08-20 16:04:13,525 | INFO  | DNAudit | user=null | ip=null | op=WRITE_CHUNK {blockData=conID: 1 locID: 102650154416800355 bcsId: 0} | ret=SUCCESS |  
2019-08-20 16:04:13,525 | INFO  | DNAudit | user=null | ip=null | op=PUT_BLOCK {blockData=[blockId=conID: 1 locID: 102650154416800355 bcsId: 0,size=2097152]} | ret=SUCCESS |  
2019-08-20 16:04:13,525 | INFO  | DNAudit | user=null | ip=null | op=WRITE_CHUNK {blockData=conID: 1 locID: 102650154416800355 bcsId: 0} | ret=SUCCESS |  
2019-08-20 16:04:13,526 | INFO  | DNAudit | user=null | ip=null | op=PUT_BLOCK {blockData=[blockId=conID: 1 locID: 102650154416800355 bcsId: 0,size=2097152]} | ret=SUCCESS |  
2019-08-20 16:04:13,530 | INFO  | DNAudit | user=null | ip=null | op=WRITE_CHUNK {blockData=conID: 1 locID: 102650154416800355 bcsId: 3977} | ret=SUCCESS |  
2019-08-20 16:04:13,532 | INFO  | DNAudit | user=null | ip=null | op=WRITE_CHUNK {blockData=conID: 1 locID: 102650154416800355 bcsId: 3977} | ret=SUCCESS |  
2019-08-20 16:04:13,532 | INFO  | DNAudit | user=null | ip=null | op=WRITE_CHUNK {blockData=conID: 1 locID: 102650154416800355 bcsId: 3977} | ret=SUCCESS |  
2019-08-20 16:04:13,534 | INFO  | DNAudit | user=null | ip=null | op=WRITE_CHUNK {blockData=conID: 1 locID: 102650154416800355 bcsId: 3977} | ret=SUCCESS |  
2019-08-20 16:04:13,535 | INFO  | DNAudit | user=null | ip=null | op=PUT_BLOCK {blockData=[blockId=conID: 1 locID: 102650154416800355 bcsId: 0,size=3145728]} | ret=SUCCESS |  
2019-08-20 16:04:13,535 [grpc-default-executor-0] INFO  client.GrpcClientProtocolClient (GrpcClientProtocolClient.java:onNext(255)) - client-EAA342753240->9a4a4c23-9ff3-4ce3-a619-2c71c0869997: receive RaftClientReply:client-EAA342753240->9a4a4c23-9ff3-4ce3-a619-2c71c0869997@group-EC4211DF0353, cid=2677, SUCCESS, logIndex=3982, commits[9a4a4c23-9ff3-4ce3-a619-2c71c0869997:c3983, 9b0072ab-15b3-4973-9bcb-7fa02f6bfea9:c3981, 9f215ef2-7d46-4cda-b695-cae1b893f75f:c3977]
2019-08-20 16:04:13,535 [grpc-default-executor-0] INFO  client.GrpcClientProtocolClient (GrpcClientProtocolClient.java:onNext(255)) - client-EAA342753240->9a4a4c23-9ff3-4ce3-a619-2c71c0869997: receive RaftClientReply:client-EAA342753240->9a4a4c23-9ff3-4ce3-a619-2c71c0869997@group-EC4211DF0353, cid=2678, SUCCESS, logIndex=3983, commits[9a4a4c23-9ff3-4ce3-a619-2c71c0869997:c3983, 9b0072ab-15b3-4973-9bcb-7fa02f6bfea9:c3981, 9f215ef2-7d46-4cda-b695-cae1b893f75f:c3981]
2019-08-20 16:04:13,537 | INFO  | DNAudit | user=null | ip=null | op=WRITE_CHUNK {blockData=conID: 1 locID: 102650154416800355 bcsId: 3977} | ret=SUCCESS |  
2019-08-20 16:04:13,537 | INFO  | DNAudit | user=null | ip=null | op=WRITE_CHUNK {blockData=conID: 1 locID: 102650154416800355 bcsId: 3977} | ret=SUCCESS |  
2019-08-20 16:04:13,537 | INFO  | DNAudit | user=null | ip=null | op=PUT_BLOCK {blockData=[blockId=conID: 1 locID: 102650154416800355 bcsId: 0,size=3145728]} | ret=SUCCESS |  
2019-08-20 16:04:13,537 | INFO  | DNAudit | user=null | ip=null | op=PUT_BLOCK {blockData=[blockId=conID: 1 locID: 102650154416800355 bcsId: 0,size=3145728]} | ret=SUCCESS |  
2019-08-20 16:04:13,542 | INFO  | DNAudit | user=null | ip=null | op=WRITE_CHUNK {blockData=conID: 1 locID: 102650154416800355 bcsId: 3983} | ret=SUCCESS |  
2019-08-20 16:04:13,544 | INFO  | DNAudit | user=null | ip=null | op=WRITE_CHUNK {blockData=conID: 1 locID: 102650154416800355 bcsId: 3983} | ret=SUCCESS |  
2019-08-20 16:04:13,544 | INFO  | DNAudit | user=null | ip=null | op=WRITE_CHUNK {blockData=conID: 1 locID: 102650154416800355 bcsId: 3983} | ret=SUCCESS |  
2019-08-20 16:04:13,546 | INFO  | DNAudit | user=null | ip=null | op=WRITE_CHUNK {blockData=conID: 1 locID: 102650154416800355 bcsId: 3983} | ret=SUCCESS |  
2019-08-20 16:04:13,547 | INFO  | DNAudit | user=null | ip=null | op=PUT_BLOCK {blockData=[blockId=conID: 1 locID: 102650154416800355 bcsId: 0,size=4194304]} | ret=SUCCESS |  
2019-08-20 16:04:13,547 [grpc-default-executor-1] INFO  client.GrpcClientProtocolClient (GrpcClientProtocolClient.java:onNext(255)) - client-EAA342753240->9a4a4c23-9ff3-4ce3-a619-2c71c0869997: receive RaftClientReply:client-EAA342753240->9a4a4c23-9ff3-4ce3-a619-2c71c0869997@group-EC4211DF0353, cid=2679, SUCCESS, logIndex=3986, commits[9a4a4c23-9ff3-4ce3-a619-2c71c0869997:c3987, 9b0072ab-15b3-4973-9bcb-7fa02f6bfea9:c3983, 9f215ef2-7d46-4cda-b695-cae1b893f75f:c3985]
2019-08-20 16:04:13,547 [grpc-default-executor-0] INFO  client.GrpcClientProtocolClient (GrpcClientProtocolClient.java:onNext(255)) - client-EAA342753240->9a4a4c23-9ff3-4ce3-a619-2c71c0869997: receive RaftClientReply:client-EAA342753240->9a4a4c23-9ff3-4ce3-a619-2c71c0869997@group-EC4211DF0353, cid=2680, SUCCESS, logIndex=3987, commits[9a4a4c23-9ff3-4ce3-a619-2c71c0869997:c3987, 9b0072ab-15b3-4973-9bcb-7fa02f6bfea9:c3985, 9f215ef2-7d46-4cda-b695-cae1b893f75f:c3985]
2019-08-20 16:04:13,548 | INFO  | DNAudit | user=null | ip=null | op=WRITE_CHUNK {blockData=conID: 1 locID: 102650154416800355 bcsId: 3983} | ret=SUCCESS |  
2019-08-20 16:04:13,548 | INFO  | DNAudit | user=null | ip=null | op=WRITE_CHUNK {blockData=conID: 1 locID: 102650154416800355 bcsId: 3983} | ret=SUCCESS |  
2019-08-20 16:04:13,551 | INFO  | DNAudit | user=null | ip=null | op=PUT_BLOCK {blockData=[blockId=conID: 1 locID: 102650154416800355 bcsId: 0,size=4194304]} | ret=SUCCESS |  
2019-08-20 16:04:13,552 | INFO  | DNAudit | user=null | ip=null | op=PUT_BLOCK {blockData=[blockId=conID: 1 locID: 102650154416800355 bcsId: 0,size=4194304]} | ret=SUCCESS |  
2019-08-20 16:04:13,552 [grpc-default-executor-0] INFO  client.GrpcClientProtocolClient (GrpcClientProtocolClient.java:onNext(255)) - client-EAA342753240->9a4a4c23-9ff3-4ce3-a619-2c71c0869997: receive RaftClientReply:client-EAA342753240->9a4a4c23-9ff3-4ce3-a619-2c71c0869997@group-EC4211DF0353, cid=2681, SUCCESS, logIndex=0, commits[9a4a4c23-9ff3-4ce3-a619-2c71c0869997:c3989, 9b0072ab-15b3-4973-9bcb-7fa02f6bfea9:c3987, 9f215ef2-7d46-4cda-b695-cae1b893f75f:c3987]
2019-08-20 16:04:13,556 | INFO  | SCMAudit | user=jenkins1000 | ip=192.168.69.96 | op=ALLOCATE_BLOCK {owner=ea4851f9-218c-4af7-91b4-edb777a4888c, size=4194304, type=RATIS, factor=THREE} | ret=SUCCESS |  
2019-08-20 16:04:13,559 | INFO  | OMAudit | user=jenkins1000 | ip=127.0.0.1 | op=ALLOCATE_BLOCK {volume=vol-0-94146, bucket=bucket-0-90789, key=key-0-25609, dataSize=0, replicationType=null, replicationFactor=null, keyLocationInfo=null, clientID=102650152704082322} | ret=SUCCESS |  
2019-08-20 16:04:13,567 | INFO  | DNAudit | user=null | ip=null | op=WRITE_CHUNK {blockData=conID: 2 locID: 102650154421846628 bcsId: 0} | ret=SUCCESS |  
2019-08-20 16:04:13,567 | INFO  | DNAudit | user=null | ip=null | op=WRITE_CHUNK {blockData=conID: 2 locID: 102650154421846628 bcsId: 0} | ret=SUCCESS |  
2019-08-20 16:04:13,568 | INFO  | DNAudit | user=null | ip=null | op=WRITE_CHUNK {blockData=conID: 2 locID: 102650154421846628 bcsId: 0} | ret=SUCCESS |  
2019-08-20 16:04:13,568 | INFO  | DNAudit | user=null | ip=null | op=WRITE_CHUNK {blockData=conID: 2 locID: 102650154421846628 bcsId: 0} | ret=SUCCESS |  
2019-08-20 16:04:13,570 | INFO  | DNAudit | user=null | ip=null | op=WRITE_CHUNK {blockData=conID: 2 locID: 102650154421846628 bcsId: 0} | ret=SUCCESS |  
2019-08-20 16:04:13,570 | INFO  | DNAudit | user=null | ip=null | op=WRITE_CHUNK {blockData=conID: 2 locID: 102650154421846628 bcsId: 0} | ret=SUCCESS |  
2019-08-20 16:04:13,572 | INFO  | DNAudit | user=null | ip=null | op=WRITE_CHUNK {blockData=conID: 2 locID: 102650154421846628 bcsId: 0} | ret=SUCCESS |  
2019-08-20 16:04:13,572 | INFO  | DNAudit | user=null | ip=null | op=PUT_BLOCK {blockData=[blockId=conID: 2 locID: 102650154421846628 bcsId: 0,size=1048576]} | ret=SUCCESS |  
2019-08-20 16:04:13,572 [grpc-default-executor-0] INFO  client.GrpcClientProtocolClient (GrpcClientProtocolClient.java:onNext(255)) - client-EAA342753240->9a4a4c23-9ff3-4ce3-a619-2c71c0869997: receive RaftClientReply:client-EAA342753240->9a4a4c23-9ff3-4ce3-a619-2c71c0869997@group-EC4211DF0353, cid=2682, SUCCESS, logIndex=3990, commits[9a4a4c23-9ff3-4ce3-a619-2c71c0869997:c3991, 9b0072ab-15b3-4973-9bcb-7fa02f6bfea9:c3987, 9f215ef2-7d46-4cda-b695-cae1b893f75f:c3989]
2019-08-20 16:04:13,573 [grpc-default-executor-0] INFO  client.GrpcClientProtocolClient (GrpcClientProtocolClient.java:onNext(255)) - client-EAA342753240->9a4a4c23-9ff3-4ce3-a619-2c71c0869997: receive RaftClientReply:client-EAA342753240->9a4a4c23-9ff3-4ce3-a619-2c71c0869997@group-EC4211DF0353, cid=2683, SUCCESS, logIndex=3991, commits[9a4a4c23-9ff3-4ce3-a619-2c71c0869997:c3991, 9b0072ab-15b3-4973-9bcb-7fa02f6bfea9:c3989, 9f215ef2-7d46-4cda-b695-cae1b893f75f:c3989]
2019-08-20 16:04:13,573 | INFO  | DNAudit | user=null | ip=null | op=WRITE_CHUNK {blockData=conID: 2 locID: 102650154421846628 bcsId: 0} | ret=SUCCESS |  
2019-08-20 16:04:13,573 | INFO  | DNAudit | user=null | ip=null | op=PUT_BLOCK {blockData=[blockId=conID: 2 locID: 102650154421846628 bcsId: 0,size=2097152]} | ret=SUCCESS |  
2019-08-20 16:04:13,574 [grpc-default-executor-0] INFO  client.GrpcClientProtocolClient (GrpcClientProtocolClient.java:onNext(255)) - client-EAA342753240->9a4a4c23-9ff3-4ce3-a619-2c71c0869997: receive RaftClientReply:client-EAA342753240->9a4a4c23-9ff3-4ce3-a619-2c71c0869997@group-EC4211DF0353, cid=2684, SUCCESS, logIndex=3992, commits[9a4a4c23-9ff3-4ce3-a619-2c71c0869997:c3993, 9b0072ab-15b3-4973-9bcb-7fa02f6bfea9:c3989, 9f215ef2-7d46-4cda-b695-cae1b893f75f:c3989]
2019-08-20 16:04:13,574 [grpc-default-executor-0] INFO  client.GrpcClientProtocolClient (GrpcClientProtocolClient.java:onNext(255)) - client-EAA342753240->9a4a4c23-9ff3-4ce3-a619-2c71c0869997: receive RaftClientReply:client-EAA342753240->9a4a4c23-9ff3-4ce3-a619-2c71c0869997@group-EC4211DF0353, cid=2685, SUCCESS, logIndex=3993, commits[9a4a4c23-9ff3-4ce3-a619-2c71c0869997:c3993, 9b0072ab-15b3-4973-9bcb-7fa02f6bfea9:c3989, 9f215ef2-7d46-4cda-b695-cae1b893f75f:c3989]
2019-08-20 16:04:13,579 | INFO  | DNAudit | user=null | ip=null | op=WRITE_CHUNK {blockData=conID: 2 locID: 102650154421846628 bcsId: 0} | ret=SUCCESS |  
2019-08-20 16:04:13,579 | INFO  | DNAudit | user=null | ip=null | op=WRITE_CHUNK {blockData=conID: 2 locID: 102650154421846628 bcsId: 0} | ret=SUCCESS |  
2019-08-20 16:04:13,579 | INFO  | DNAudit | user=null | ip=null | op=PUT_BLOCK {blockData=[blockId=conID: 2 locID: 102650154421846628 bcsId: 0,size=1048576]} | ret=SUCCESS |  
2019-08-20 16:04:13,579 | INFO  | DNAudit | user=null | ip=null | op=PUT_BLOCK {blockData=[blockId=conID: 2 locID: 102650154421846628 bcsId: 0,size=1048576]} | ret=SUCCESS |  
2019-08-20 16:04:13,579 | INFO  | DNAudit | user=null | ip=null | op=WRITE_CHUNK {blockData=conID: 2 locID: 102650154421846628 bcsId: 0} | ret=SUCCESS |  
2019-08-20 16:04:13,579 [grpc-default-executor-0] INFO  client.GrpcClientProtocolClient (GrpcClientProtocolClient.java:onNext(255)) - client-EAA342753240->9a4a4c23-9ff3-4ce3-a619-2c71c0869997: receive RaftClientReply:client-EAA342753240->9a4a4c23-9ff3-4ce3-a619-2c71c0869997@group-EC4211DF0353, cid=2686, SUCCESS, logIndex=0, commits[9a4a4c23-9ff3-4ce3-a619-2c71c0869997:c3994, 9b0072ab-15b3-4973-9bcb-7fa02f6bfea9:c3991, 9f215ef2-7d46-4cda-b695-cae1b893f75f:c3991]
2019-08-20 16:04:13,579 | INFO  | DNAudit | user=null | ip=null | op=PUT_BLOCK {blockData=[blockId=conID: 2 locID: 102650154421846628 bcsId: 0,size=2097152]} | ret=SUCCESS |  
2019-08-20 16:04:13,580 | INFO  | DNAudit | user=null | ip=null | op=WRITE_CHUNK {blockData=conID: 2 locID: 102650154421846628 bcsId: 0} | ret=SUCCESS |  
2019-08-20 16:04:13,580 | INFO  | DNAudit | user=null | ip=null | op=PUT_BLOCK {blockData=[blockId=conID: 2 locID: 102650154421846628 bcsId: 0,size=2097152]} | ret=SUCCESS |  
2019-08-20 16:04:13,585 | INFO  | DNAudit | user=null | ip=null | op=WRITE_CHUNK {blockData=conID: 2 locID: 102650154421846628 bcsId: 3993} | ret=SUCCESS |  
2019-08-20 16:04:13,587 | INFO  | DNAudit | user=null | ip=null | op=WRITE_CHUNK {blockData=conID: 2 locID: 102650154421846628 bcsId: 3993} | ret=SUCCESS |  
2019-08-20 16:04:13,587 | INFO  | DNAudit | user=null | ip=null | op=WRITE_CHUNK {blockData=conID: 2 locID: 102650154421846628 bcsId: 3993} | ret=SUCCESS |  
2019-08-20 16:04:13,589 | INFO  | DNAudit | user=null | ip=null | op=WRITE_CHUNK {blockData=conID: 2 locID: 102650154421846628 bcsId: 3993} | ret=SUCCESS |  
2019-08-20 16:04:13,589 | INFO  | DNAudit | user=null | ip=null | op=PUT_BLOCK {blockData=[blockId=conID: 2 locID: 102650154421846628 bcsId: 0,size=3145728]} | ret=SUCCESS |  
2019-08-20 16:04:13,589 [grpc-default-executor-0] INFO  client.GrpcClientProtocolClient (GrpcClientProtocolClient.java:onNext(255)) - client-EAA342753240->9a4a4c23-9ff3-4ce3-a619-2c71c0869997: receive RaftClientReply:client-EAA342753240->9a4a4c23-9ff3-4ce3-a619-2c71c0869997@group-EC4211DF0353, cid=2687, SUCCESS, logIndex=3997, commits[9a4a4c23-9ff3-4ce3-a619-2c71c0869997:c3998, 9b0072ab-15b3-4973-9bcb-7fa02f6bfea9:c3993, 9f215ef2-7d46-4cda-b695-cae1b893f75f:c3996]
2019-08-20 16:04:13,589 [grpc-default-executor-0] INFO  client.GrpcClientProtocolClient (GrpcClientProtocolClient.java:onNext(255)) - client-EAA342753240->9a4a4c23-9ff3-4ce3-a619-2c71c0869997: receive RaftClientReply:client-EAA342753240->9a4a4c23-9ff3-4ce3-a619-2c71c0869997@group-EC4211DF0353, cid=2688, SUCCESS, logIndex=3998, commits[9a4a4c23-9ff3-4ce3-a619-2c71c0869997:c3998, 9b0072ab-15b3-4973-9bcb-7fa02f6bfea9:c3996, 9f215ef2-7d46-4cda-b695-cae1b893f75f:c3996]
2019-08-20 16:04:13,592 | INFO  | DNAudit | user=null | ip=null | op=WRITE_CHUNK {blockData=conID: 2 locID: 102650154421846628 bcsId: 3993} | ret=SUCCESS |  
2019-08-20 16:04:13,592 | INFO  | DNAudit | user=null | ip=null | op=WRITE_CHUNK {blockData=conID: 2 locID: 102650154421846628 bcsId: 3993} | ret=SUCCESS |  
2019-08-20 16:04:13,592 | INFO  | DNAudit | user=null | ip=null | op=PUT_BLOCK {blockData=[blockId=conID: 2 locID: 102650154421846628 bcsId: 0,size=3145728]} | ret=SUCCESS |  
2019-08-20 16:04:13,592 | INFO  | DNAudit | user=null | ip=null | op=PUT_BLOCK {blockData=[blockId=conID: 2 locID: 102650154421846628 bcsId: 0,size=3145728]} | ret=SUCCESS |  
2019-08-20 16:04:13,595 | INFO  | DNAudit | user=null | ip=null | op=WRITE_CHUNK {blockData=conID: 2 locID: 102650154421846628 bcsId: 3998} | ret=SUCCESS |  
2019-08-20 16:04:13,597 | INFO  | DNAudit | user=null | ip=null | op=WRITE_CHUNK {blockData=conID: 2 locID: 102650154421846628 bcsId: 3998} | ret=SUCCESS |  
2019-08-20 16:04:13,597 | INFO  | DNAudit | user=null | ip=null | op=WRITE_CHUNK {blockData=conID: 2 locID: 102650154421846628 bcsId: 3998} | ret=SUCCESS |  
2019-08-20 16:04:13,599 | INFO  | DNAudit | user=null | ip=null | op=WRITE_CHUNK {blockData=conID: 2 locID: 102650154421846628 bcsId: 3998} | ret=SUCCESS |  
2019-08-20 16:04:13,600 | INFO  | DNAudit | user=null | ip=null | op=PUT_BLOCK {blockData=[blockId=conID: 2 locID: 102650154421846628 bcsId: 0,size=4194304]} | ret=SUCCESS |  
2019-08-20 16:04:13,600 [grpc-default-executor-3] INFO  client.GrpcClientProtocolClient (GrpcClientProtocolClient.java:onNext(255)) - client-EAA342753240->9a4a4c23-9ff3-4ce3-a619-2c71c0869997: receive RaftClientReply:client-EAA342753240->9a4a4c23-9ff3-4ce3-a619-2c71c0869997@group-EC4211DF0353, cid=2689, SUCCESS, logIndex=4001, commits[9a4a4c23-9ff3-4ce3-a619-2c71c0869997:c4002, 9b0072ab-15b3-4973-9bcb-7fa02f6bfea9:c3998, 9f215ef2-7d46-4cda-b695-cae1b893f75f:c3999]
2019-08-20 16:04:13,600 [grpc-default-executor-3] INFO  client.GrpcClientProtocolClient (GrpcClientProtocolClient.java:onNext(255)) - client-EAA342753240->9a4a4c23-9ff3-4ce3-a619-2c71c0869997: receive RaftClientReply:client-EAA342753240->9a4a4c23-9ff3-4ce3-a619-2c71c0869997@group-EC4211DF0353, cid=2690, SUCCESS, logIndex=4002, commits[9a4a4c23-9ff3-4ce3-a619-2c71c0869997:c4002, 9b0072ab-15b3-4973-9bcb-7fa02f6bfea9:c3999, 9f215ef2-7d46-4cda-b695-cae1b893f75f:c3999]
2019-08-20 16:04:13,602 | INFO  | DNAudit | user=null | ip=null | op=WRITE_CHUNK {blockData=conID: 2 locID: 102650154421846628 bcsId: 3998} | ret=SUCCESS |  
2019-08-20 16:04:13,602 | INFO  | DNAudit | user=null | ip=null | op=PUT_BLOCK {blockData=[blockId=conID: 2 locID: 102650154421846628 bcsId: 0,size=4194304]} | ret=SUCCESS |  
2019-08-20 16:04:13,604 | INFO  | DNAudit | user=null | ip=null | op=WRITE_CHUNK {blockData=conID: 2 locID: 102650154421846628 bcsId: 3998} | ret=SUCCESS |  
2019-08-20 16:04:13,604 | INFO  | DNAudit | user=null | ip=null | op=PUT_BLOCK {blockData=[blockId=conID: 2 locID: 102650154421846628 bcsId: 0,size=4194304]} | ret=SUCCESS |  
2019-08-20 16:04:13,604 [grpc-default-executor-3] INFO  client.GrpcClientProtocolClient (GrpcClientProtocolClient.java:onNext(255)) - client-EAA342753240->9a4a4c23-9ff3-4ce3-a619-2c71c0869997: receive RaftClientReply:client-EAA342753240->9a4a4c23-9ff3-4ce3-a619-2c71c0869997@group-EC4211DF0353, cid=2691, SUCCESS, logIndex=0, commits[9a4a4c23-9ff3-4ce3-a619-2c71c0869997:c4003, 9b0072ab-15b3-4973-9bcb-7fa02f6bfea9:c4002, 9f215ef2-7d46-4cda-b695-cae1b893f75f:c4002]
2019-08-20 16:04:13,608 | INFO  | SCMAudit | user=jenkins1000 | ip=192.168.69.96 | op=ALLOCATE_BLOCK {owner=ea4851f9-218c-4af7-91b4-edb777a4888c, size=4194304, type=RATIS, factor=THREE} | ret=SUCCESS |  
2019-08-20 16:04:13,611 | INFO  | OMAudit | user=jenkins1000 | ip=127.0.0.1 | op=ALLOCATE_BLOCK {volume=vol-0-94146, bucket=bucket-0-90789, key=key-0-25609, dataSize=0, replicationType=null, replicationFactor=null, keyLocationInfo=null, clientID=102650152704082322} | ret=SUCCESS |  
2019-08-20 16:04:13,616 | INFO  | DNAudit | user=null | ip=null | op=WRITE_CHUNK {blockData=conID: 3 locID: 102650154425254501 bcsId: 0} | ret=SUCCESS |  
2019-08-20 16:04:13,618 | INFO  | DNAudit | user=null | ip=null | op=WRITE_CHUNK {blockData=conID: 3 locID: 102650154425254501 bcsId: 0} | ret=SUCCESS |  
2019-08-20 16:04:13,618 | INFO  | DNAudit | user=null | ip=null | op=WRITE_CHUNK {blockData=conID: 3 locID: 102650154425254501 bcsId: 0} | ret=SUCCESS |  
2019-08-20 16:04:13,619 | INFO  | DNAudit | user=null | ip=null | op=WRITE_CHUNK {blockData=conID: 3 locID: 102650154425254501 bcsId: 0} | ret=SUCCESS |  
2019-08-20 16:04:13,620 | INFO  | DNAudit | user=null | ip=null | op=WRITE_CHUNK {blockData=conID: 3 locID: 102650154425254501 bcsId: 0} | ret=SUCCESS |  
2019-08-20 16:04:13,620 | INFO  | DNAudit | user=null | ip=null | op=PUT_BLOCK {blockData=[blockId=conID: 3 locID: 102650154425254501 bcsId: 0,size=1048576]} | ret=SUCCESS |  
2019-08-20 16:04:13,620 | INFO  | DNAudit | user=null | ip=null | op=WRITE_CHUNK {blockData=conID: 3 locID: 102650154425254501 bcsId: 0} | ret=SUCCESS |  
2019-08-20 16:04:13,620 | INFO  | DNAudit | user=null | ip=null | op=WRITE_CHUNK {blockData=conID: 3 locID: 102650154425254501 bcsId: 0} | ret=SUCCESS |  
2019-08-20 16:04:13,620 [grpc-default-executor-1] INFO  client.GrpcClientProtocolClient (GrpcClientProtocolClient.java:onNext(255)) - client-EAA342753240->9a4a4c23-9ff3-4ce3-a619-2c71c0869997: receive RaftClientReply:client-EAA342753240->9a4a4c23-9ff3-4ce3-a619-2c71c0869997@group-EC4211DF0353, cid=2692, SUCCESS, logIndex=4005, commits[9a4a4c23-9ff3-4ce3-a619-2c71c0869997:c4006, 9b0072ab-15b3-4973-9bcb-7fa02f6bfea9:c4002, 9f215ef2-7d46-4cda-b695-cae1b893f75f:c4004]
2019-08-20 16:04:13,621 [grpc-default-executor-1] INFO  client.GrpcClientProtocolClient (GrpcClientProtocolClient.java:onNext(255)) - client-EAA342753240->9a4a4c23-9ff3-4ce3-a619-2c71c0869997: receive RaftClientReply:client-EAA342753240->9a4a4c23-9ff3-4ce3-a619-2c71c0869997@group-EC4211DF0353, cid=2693, SUCCESS, logIndex=4006, commits[9a4a4c23-9ff3-4ce3-a619-2c71c0869997:c4006, 9b0072ab-15b3-4973-9bcb-7fa02f6bfea9:c4002, 9f215ef2-7d46-4cda-b695-cae1b893f75f:c4004]
2019-08-20 16:04:13,635 | INFO  | DNAudit | user=null | ip=null | op=WRITE_CHUNK {blockData=conID: 3 locID: 102650154425254501 bcsId: 0} | ret=SUCCESS |  
2019-08-20 16:04:13,635 | INFO  | DNAudit | user=null | ip=null | op=WRITE_CHUNK {blockData=conID: 3 locID: 102650154425254501 bcsId: 0} | ret=SUCCESS |  
2019-08-20 16:04:13,635 [grpc-default-executor-0] INFO  client.GrpcClientProtocolClient (GrpcClientProtocolClient.java:onNext(255)) - client-EAA342753240->9a4a4c23-9ff3-4ce3-a619-2c71c0869997: receive RaftClientReply:client-EAA342753240->9a4a4c23-9ff3-4ce3-a619-2c71c0869997@group-EC4211DF0353, cid=2694, SUCCESS, logIndex=4007, commits[9a4a4c23-9ff3-4ce3-a619-2c71c0869997:c4008, 9b0072ab-15b3-4973-9bcb-7fa02f6bfea9:c4004, 9f215ef2-7d46-4cda-b695-cae1b893f75f:c4006]
2019-08-20 16:04:13,646 | INFO  | DNAudit | user=null | ip=null | op=PUT_BLOCK {blockData=[blockId=conID: 3 locID: 102650154425254501 bcsId: 0,size=1048576]} | ret=SUCCESS |  
2019-08-20 16:04:13,646 | INFO  | DNAudit | user=null | ip=null | op=PUT_BLOCK {blockData=[blockId=conID: 3 locID: 102650154425254501 bcsId: 0,size=2097152]} | ret=SUCCESS |  
2019-08-20 16:04:13,646 [grpc-default-executor-0] INFO  client.GrpcClientProtocolClient (GrpcClientProtocolClient.java:onNext(255)) - client-EAA342753240->9a4a4c23-9ff3-4ce3-a619-2c71c0869997: receive RaftClientReply:client-EAA342753240->9a4a4c23-9ff3-4ce3-a619-2c71c0869997@group-EC4211DF0353, cid=2695, SUCCESS, logIndex=4008, commits[9a4a4c23-9ff3-4ce3-a619-2c71c0869997:c4010, 9b0072ab-15b3-4973-9bcb-7fa02f6bfea9:c4004, 9f215ef2-7d46-4cda-b695-cae1b893f75f:c4006]
2019-08-20 16:04:13,647 | INFO  | DNAudit | user=null | ip=null | op=WRITE_CHUNK {blockData=conID: 3 locID: 102650154425254501 bcsId: 0} | ret=SUCCESS |  
2019-08-20 16:04:13,647 [grpc-default-executor-1] INFO  client.GrpcClientProtocolClient (GrpcClientProtocolClient.java:onNext(255)) - client-EAA342753240->9a4a4c23-9ff3-4ce3-a619-2c71c0869997: receive RaftClientReply:client-EAA342753240->9a4a4c23-9ff3-4ce3-a619-2c71c0869997@group-EC4211DF0353, cid=2696, SUCCESS, logIndex=0, commits[9a4a4c23-9ff3-4ce3-a619-2c71c0869997:c4010, 9b0072ab-15b3-4973-9bcb-7fa02f6bfea9:c4006, 9f215ef2-7d46-4cda-b695-cae1b893f75f:c4006]
2019-08-20 16:04:13,647 | INFO  | DNAudit | user=null | ip=null | op=PUT_BLOCK {blockData=[blockId=conID: 3 locID: 102650154425254501 bcsId: 0,size=1048576]} | ret=SUCCESS |  
2019-08-20 16:04:13,653 | INFO  | DNAudit | user=null | ip=null | op=WRITE_CHUNK {blockData=conID: 3 locID: 102650154425254501 bcsId: 4008} | ret=SUCCESS |  
2019-08-20 16:04:13,654 | INFO  | DNAudit | user=null | ip=null | op=WRITE_CHUNK {blockData=conID: 3 locID: 102650154425254501 bcsId: 4008} | ret=SUCCESS |  
2019-08-20 16:04:13,654 | INFO  | DNAudit | user=null | ip=null | op=WRITE_CHUNK {blockData=conID: 3 locID: 102650154425254501 bcsId: 0} | ret=SUCCESS |  
2019-08-20 16:04:13,654 | INFO  | DNAudit | user=null | ip=null | op=WRITE_CHUNK {blockData=conID: 3 locID: 102650154425254501 bcsId: 4008} | ret=SUCCESS |  
2019-08-20 16:04:13,655 | INFO  | DNAudit | user=null | ip=null | op=WRITE_CHUNK {blockData=conID: 3 locID: 102650154425254501 bcsId: 0} | ret=SUCCESS |  
2019-08-20 16:04:13,655 | INFO  | DNAudit | user=null | ip=null | op=PUT_BLOCK {blockData=[blockId=conID: 3 locID: 102650154425254501 bcsId: 0,size=2097152]} | ret=SUCCESS |  
2019-08-20 16:04:13,656 | INFO  | DNAudit | user=null | ip=null | op=PUT_BLOCK {blockData=[blockId=conID: 3 locID: 102650154425254501 bcsId: 0,size=2097152]} | ret=SUCCESS |  
2019-08-20 16:04:13,657 | INFO  | DNAudit | user=null | ip=null | op=WRITE_CHUNK {blockData=conID: 3 locID: 102650154425254501 bcsId: 4008} | ret=SUCCESS |  
2019-08-20 16:04:13,657 | INFO  | DNAudit | user=null | ip=null | op=PUT_BLOCK {blockData=[blockId=conID: 3 locID: 102650154425254501 bcsId: 0,size=3145728]} | ret=SUCCESS |  
2019-08-20 16:04:13,657 [grpc-default-executor-3] INFO  client.GrpcClientProtocolClient (GrpcClientProtocolClient.java:onNext(255)) - client-EAA342753240->9a4a4c23-9ff3-4ce3-a619-2c71c0869997: receive RaftClientReply:client-EAA342753240->9a4a4c23-9ff3-4ce3-a619-2c71c0869997@group-EC4211DF0353, cid=2697, SUCCESS, logIndex=4013, commits[9a4a4c23-9ff3-4ce3-a619-2c71c0869997:c4014, 9b0072ab-15b3-4973-9bcb-7fa02f6bfea9:c4010, 9f215ef2-7d46-4cda-b695-cae1b893f75f:c4010]
2019-08-20 16:04:13,658 [grpc-default-executor-3] INFO  client.GrpcClientProtocolClient (GrpcClientProtocolClient.java:onNext(255)) - client-EAA342753240->9a4a4c23-9ff3-4ce3-a619-2c71c0869997: receive RaftClientReply:client-EAA342753240->9a4a4c23-9ff3-4ce3-a619-2c71c0869997@group-EC4211DF0353, cid=2698, SUCCESS, logIndex=4014, commits[9a4a4c23-9ff3-4ce3-a619-2c71c0869997:c4014, 9b0072ab-15b3-4973-9bcb-7fa02f6bfea9:c4010, 9f215ef2-7d46-4cda-b695-cae1b893f75f:c4010]
2019-08-20 16:04:13,663 | INFO  | DNAudit | user=null | ip=null | op=WRITE_CHUNK {blockData=conID: 3 locID: 102650154425254501 bcsId: 4014} | ret=SUCCESS |  
2019-08-20 16:04:13,664 | INFO  | DNAudit | user=null | ip=null | op=WRITE_CHUNK {blockData=conID: 3 locID: 102650154425254501 bcsId: 4014} | ret=SUCCESS |  
2019-08-20 16:04:13,665 | INFO  | DNAudit | user=null | ip=null | op=WRITE_CHUNK {blockData=conID: 3 locID: 102650154425254501 bcsId: 4014} | ret=SUCCESS |  
2019-08-20 16:04:13,670 | INFO  | DNAudit | user=null | ip=null | op=WRITE_CHUNK {blockData=conID: 3 locID: 102650154425254501 bcsId: 4008} | ret=SUCCESS |  
2019-08-20 16:04:13,671 | INFO  | DNAudit | user=null | ip=null | op=WRITE_CHUNK {blockData=conID: 3 locID: 102650154425254501 bcsId: 4008} | ret=SUCCESS |  
2019-08-20 16:04:13,671 | INFO  | DNAudit | user=null | ip=null | op=PUT_BLOCK {blockData=[blockId=conID: 3 locID: 102650154425254501 bcsId: 0,size=3145728]} | ret=SUCCESS |  
2019-08-20 16:04:13,671 | INFO  | DNAudit | user=null | ip=null | op=PUT_BLOCK {blockData=[blockId=conID: 3 locID: 102650154425254501 bcsId: 0,size=3145728]} | ret=SUCCESS |  
2019-08-20 16:04:13,684 | INFO  | DNAudit | user=null | ip=null | op=WRITE_CHUNK {blockData=conID: 3 locID: 102650154425254501 bcsId: 4014} | ret=SUCCESS |  
2019-08-20 16:04:13,684 | INFO  | DNAudit | user=null | ip=null | op=PUT_BLOCK {blockData=[blockId=conID: 3 locID: 102650154425254501 bcsId: 0,size=4194304]} | ret=SUCCESS |  
2019-08-20 16:04:13,684 [grpc-default-executor-3] INFO  client.GrpcClientProtocolClient (GrpcClientProtocolClient.java:onNext(255)) - client-EAA342753240->9a4a4c23-9ff3-4ce3-a619-2c71c0869997: receive RaftClientReply:client-EAA342753240->9a4a4c23-9ff3-4ce3-a619-2c71c0869997@group-EC4211DF0353, cid=2699, SUCCESS, logIndex=4016, commits[9a4a4c23-9ff3-4ce3-a619-2c71c0869997:c4017, 9b0072ab-15b3-4973-9bcb-7fa02f6bfea9:c4014, 9f215ef2-7d46-4cda-b695-cae1b893f75f:c4014]
2019-08-20 16:04:13,685 [grpc-default-executor-3] INFO  client.GrpcClientProtocolClient (GrpcClientProtocolClient.java:onNext(255)) - client-EAA342753240->9a4a4c23-9ff3-4ce3-a619-2c71c0869997: receive RaftClientReply:client-EAA342753240->9a4a4c23-9ff3-4ce3-a619-2c71c0869997@group-EC4211DF0353, cid=2700, SUCCESS, logIndex=4017, commits[9a4a4c23-9ff3-4ce3-a619-2c71c0869997:c4017, 9b0072ab-15b3-4973-9bcb-7fa02f6bfea9:c4014, 9f215ef2-7d46-4cda-b695-cae1b893f75f:c4014]
2019-08-20 16:04:13,697 | INFO  | DNAudit | user=null | ip=null | op=WRITE_CHUNK {blockData=conID: 3 locID: 102650154425254501 bcsId: 4014} | ret=SUCCESS |  
2019-08-20 16:04:13,697 | INFO  | DNAudit | user=null | ip=null | op=WRITE_CHUNK {blockData=conID: 3 locID: 102650154425254501 bcsId: 4014} | ret=SUCCESS |  
2019-08-20 16:04:13,710 | INFO  | DNAudit | user=null | ip=null | op=PUT_BLOCK {blockData=[blockId=conID: 3 locID: 102650154425254501 bcsId: 0,size=4194304]} | ret=SUCCESS |  
2019-08-20 16:04:13,710 | INFO  | DNAudit | user=null | ip=null | op=PUT_BLOCK {blockData=[blockId=conID: 3 locID: 102650154425254501 bcsId: 0,size=4194304]} | ret=SUCCESS |  
2019-08-20 16:04:13,710 [grpc-default-executor-0] INFO  client.GrpcClientProtocolClient (GrpcClientProtocolClient.java:onNext(255)) - client-EAA342753240->9a4a4c23-9ff3-4ce3-a619-2c71c0869997: receive RaftClientReply:client-EAA342753240->9a4a4c23-9ff3-4ce3-a619-2c71c0869997@group-EC4211DF0353, cid=2701, SUCCESS, logIndex=0, commits[9a4a4c23-9ff3-4ce3-a619-2c71c0869997:c4019, 9b0072ab-15b3-4973-9bcb-7fa02f6bfea9:c4017, 9f215ef2-7d46-4cda-b695-cae1b893f75f:c4017]
2019-08-20 16:04:13,715 | INFO  | SCMAudit | user=jenkins1000 | ip=192.168.69.96 | op=ALLOCATE_BLOCK {owner=ea4851f9-218c-4af7-91b4-edb777a4888c, size=4194304, type=RATIS, factor=THREE} | ret=SUCCESS |  
2019-08-20 16:04:13,719 | INFO  | OMAudit | user=jenkins1000 | ip=127.0.0.1 | op=ALLOCATE_BLOCK {volume=vol-0-94146, bucket=bucket-0-90789, key=key-0-25609, dataSize=0, replicationType=null, replicationFactor=null, keyLocationInfo=null, clientID=102650152704082322} | ret=SUCCESS |  
2019-08-20 16:04:13,724 | INFO  | DNAudit | user=null | ip=null | op=WRITE_CHUNK {blockData=conID: 1 locID: 102650154432266854 bcsId: 0} | ret=SUCCESS |  
2019-08-20 16:04:13,726 | INFO  | DNAudit | user=null | ip=null | op=WRITE_CHUNK {blockData=conID: 1 locID: 102650154432266854 bcsId: 0} | ret=SUCCESS |  
2019-08-20 16:04:13,726 | INFO  | DNAudit | user=null | ip=null | op=WRITE_CHUNK {blockData=conID: 1 locID: 102650154432266854 bcsId: 0} | ret=SUCCESS |  
2019-08-20 16:04:13,727 | INFO  | DNAudit | user=null | ip=null | op=WRITE_CHUNK {blockData=conID: 1 locID: 102650154432266854 bcsId: 0} | ret=SUCCESS |  
2019-08-20 16:04:13,729 | INFO  | DNAudit | user=null | ip=null | op=WRITE_CHUNK {blockData=conID: 1 locID: 102650154432266854 bcsId: 0} | ret=SUCCESS |  
2019-08-20 16:04:13,729 | INFO  | DNAudit | user=null | ip=null | op=WRITE_CHUNK {blockData=conID: 1 locID: 102650154432266854 bcsId: 0} | ret=SUCCESS |  
2019-08-20 16:04:13,737 | INFO  | DNAudit | user=null | ip=null | op=WRITE_CHUNK {blockData=conID: 1 locID: 102650154432266854 bcsId: 0} | ret=SUCCESS |  
2019-08-20 16:04:13,737 | INFO  | DNAudit | user=null | ip=null | op=PUT_BLOCK {blockData=[blockId=conID: 1 locID: 102650154432266854 bcsId: 0,size=1048576]} | ret=SUCCESS |  
2019-08-20 16:04:13,737 [grpc-default-executor-3] INFO  client.GrpcClientProtocolClient (GrpcClientProtocolClient.java:onNext(255)) - client-EAA342753240->9a4a4c23-9ff3-4ce3-a619-2c71c0869997: receive RaftClientReply:client-EAA342753240->9a4a4c23-9ff3-4ce3-a619-2c71c0869997@group-EC4211DF0353, cid=2702, SUCCESS, logIndex=4020, commits[9a4a4c23-9ff3-4ce3-a619-2c71c0869997:c4021, 9b0072ab-15b3-4973-9bcb-7fa02f6bfea9:c4019, 9f215ef2-7d46-4cda-b695-cae1b893f75f:c4019]
2019-08-20 16:04:13,738 | INFO  | DNAudit | user=null | ip=null | op=WRITE_CHUNK {blockData=conID: 1 locID: 102650154432266854 bcsId: 0} | ret=SUCCESS |  
2019-08-20 16:04:13,738 | INFO  | DNAudit | user=null | ip=null | op=PUT_BLOCK {blockData=[blockId=conID: 1 locID: 102650154432266854 bcsId: 0,size=2097152]} | ret=SUCCESS |  
2019-08-20 16:04:13,738 [grpc-default-executor-3] INFO  client.GrpcClientProtocolClient (GrpcClientProtocolClient.java:onNext(255)) - client-EAA342753240->9a4a4c23-9ff3-4ce3-a619-2c71c0869997: receive RaftClientReply:client-EAA342753240->9a4a4c23-9ff3-4ce3-a619-2c71c0869997@group-EC4211DF0353, cid=2703, SUCCESS, logIndex=4021, commits[9a4a4c23-9ff3-4ce3-a619-2c71c0869997:c4021, 9b0072ab-15b3-4973-9bcb-7fa02f6bfea9:c4019, 9f215ef2-7d46-4cda-b695-cae1b893f75f:c4019]
2019-08-20 16:04:13,738 [grpc-default-executor-3] INFO  client.GrpcClientProtocolClient (GrpcClientProtocolClient.java:onNext(255)) - client-EAA342753240->9a4a4c23-9ff3-4ce3-a619-2c71c0869997: receive RaftClientReply:client-EAA342753240->9a4a4c23-9ff3-4ce3-a619-2c71c0869997@group-EC4211DF0353, cid=2704, SUCCESS, logIndex=4022, commits[9a4a4c23-9ff3-4ce3-a619-2c71c0869997:c4023, 9b0072ab-15b3-4973-9bcb-7fa02f6bfea9:c4019, 9f215ef2-7d46-4cda-b695-cae1b893f75f:c4019]
2019-08-20 16:04:13,738 [grpc-default-executor-3] INFO  client.GrpcClientProtocolClient (GrpcClientProtocolClient.java:onNext(255)) - client-EAA342753240->9a4a4c23-9ff3-4ce3-a619-2c71c0869997: receive RaftClientReply:client-EAA342753240->9a4a4c23-9ff3-4ce3-a619-2c71c0869997@group-EC4211DF0353, cid=2705, SUCCESS, logIndex=4023, commits[9a4a4c23-9ff3-4ce3-a619-2c71c0869997:c4023, 9b0072ab-15b3-4973-9bcb-7fa02f6bfea9:c4019, 9f215ef2-7d46-4cda-b695-cae1b893f75f:c4019]
2019-08-20 16:04:13,751 | INFO  | DNAudit | user=null | ip=null | op=WRITE_CHUNK {blockData=conID: 1 locID: 102650154432266854 bcsId: 0} | ret=SUCCESS |  
2019-08-20 16:04:13,751 | INFO  | DNAudit | user=null | ip=null | op=PUT_BLOCK {blockData=[blockId=conID: 1 locID: 102650154432266854 bcsId: 0,size=1048576]} | ret=SUCCESS |  
2019-08-20 16:04:13,753 | INFO  | DNAudit | user=null | ip=null | op=WRITE_CHUNK {blockData=conID: 1 locID: 102650154432266854 bcsId: 0} | ret=SUCCESS |  
2019-08-20 16:04:13,753 | INFO  | DNAudit | user=null | ip=null | op=PUT_BLOCK {blockData=[blockId=conID: 1 locID: 102650154432266854 bcsId: 0,size=1048576]} | ret=SUCCESS |  
2019-08-20 16:04:13,753 | INFO  | DNAudit | user=null | ip=null | op=WRITE_CHUNK {blockData=conID: 1 locID: 102650154432266854 bcsId: 0} | ret=SUCCESS |  
2019-08-20 16:04:13,753 | INFO  | DNAudit | user=null | ip=null | op=PUT_BLOCK {blockData=[blockId=conID: 1 locID: 102650154432266854 bcsId: 0,size=2097152]} | ret=SUCCESS |  
2019-08-20 16:04:13,753 [grpc-default-executor-3] INFO  client.GrpcClientProtocolClient (GrpcClientProtocolClient.java:onNext(255)) - client-EAA342753240->9a4a4c23-9ff3-4ce3-a619-2c71c0869997: receive RaftClientReply:client-EAA342753240->9a4a4c23-9ff3-4ce3-a619-2c71c0869997@group-EC4211DF0353, cid=2706, SUCCESS, logIndex=0, commits[9a4a4c23-9ff3-4ce3-a619-2c71c0869997:c4025, 9b0072ab-15b3-4973-9bcb-7fa02f6bfea9:c4021, 9f215ef2-7d46-4cda-b695-cae1b893f75f:c4021]
2019-08-20 16:04:13,754 | INFO  | DNAudit | user=null | ip=null | op=WRITE_CHUNK {blockData=conID: 1 locID: 102650154432266854 bcsId: 0} | ret=SUCCESS |  
2019-08-20 16:04:13,754 | INFO  | DNAudit | user=null | ip=null | op=PUT_BLOCK {blockData=[blockId=conID: 1 locID: 102650154432266854 bcsId: 0,size=2097152]} | ret=SUCCESS |  
2019-08-20 16:04:13,759 | INFO  | DNAudit | user=null | ip=null | op=WRITE_CHUNK {blockData=conID: 1 locID: 102650154432266854 bcsId: 4023} | ret=SUCCESS |  
2019-08-20 16:04:13,761 | INFO  | DNAudit | user=null | ip=null | op=WRITE_CHUNK {blockData=conID: 1 locID: 102650154432266854 bcsId: 4023} | ret=SUCCESS |  
2019-08-20 16:04:13,762 | INFO  | DNAudit | user=null | ip=null | op=WRITE_CHUNK {blockData=conID: 1 locID: 102650154432266854 bcsId: 4023} | ret=SUCCESS |  
2019-08-20 16:04:13,763 | INFO  | DNAudit | user=null | ip=null | op=WRITE_CHUNK {blockData=conID: 1 locID: 102650154432266854 bcsId: 4023} | ret=SUCCESS |  
2019-08-20 16:04:13,763 | INFO  | DNAudit | user=null | ip=null | op=PUT_BLOCK {blockData=[blockId=conID: 1 locID: 102650154432266854 bcsId: 0,size=3145728]} | ret=SUCCESS |  
2019-08-20 16:04:13,764 [grpc-default-executor-1] INFO  client.GrpcClientProtocolClient (GrpcClientProtocolClient.java:onNext(255)) - client-EAA342753240->9a4a4c23-9ff3-4ce3-a619-2c71c0869997: receive RaftClientReply:client-EAA342753240->9a4a4c23-9ff3-4ce3-a619-2c71c0869997@group-EC4211DF0353, cid=2707, SUCCESS, logIndex=4028, commits[9a4a4c23-9ff3-4ce3-a619-2c71c0869997:c4029, 9b0072ab-15b3-4973-9bcb-7fa02f6bfea9:c4023, 9f215ef2-7d46-4cda-b695-cae1b893f75f:c4027]
2019-08-20 16:04:13,764 [grpc-default-executor-1] INFO  client.GrpcClientProtocolClient (GrpcClientProtocolClient.java:onNext(255)) - client-EAA342753240->9a4a4c23-9ff3-4ce3-a619-2c71c0869997: receive RaftClientReply:client-EAA342753240->9a4a4c23-9ff3-4ce3-a619-2c71c0869997@group-EC4211DF0353, cid=2708, SUCCESS, logIndex=4029, commits[9a4a4c23-9ff3-4ce3-a619-2c71c0869997:c4029, 9b0072ab-15b3-4973-9bcb-7fa02f6bfea9:c4023, 9f215ef2-7d46-4cda-b695-cae1b893f75f:c4027]
2019-08-20 16:04:13,766 | INFO  | DNAudit | user=null | ip=null | op=WRITE_CHUNK {blockData=conID: 1 locID: 102650154432266854 bcsId: 4023} | ret=SUCCESS |  
2019-08-20 16:04:13,766 | INFO  | DNAudit | user=null | ip=null | op=PUT_BLOCK {blockData=[blockId=conID: 1 locID: 102650154432266854 bcsId: 0,size=3145728]} | ret=SUCCESS |  
2019-08-20 16:04:13,767 | INFO  | DNAudit | user=null | ip=null | op=WRITE_CHUNK {blockData=conID: 1 locID: 102650154432266854 bcsId: 4023} | ret=SUCCESS |  
2019-08-20 16:04:13,767 | INFO  | DNAudit | user=null | ip=null | op=PUT_BLOCK {blockData=[blockId=conID: 1 locID: 102650154432266854 bcsId: 0,size=3145728]} | ret=SUCCESS |  
2019-08-20 16:04:13,769 | INFO  | DNAudit | user=null | ip=null | op=WRITE_CHUNK {blockData=conID: 1 locID: 102650154432266854 bcsId: 4029} | ret=SUCCESS |  
2019-08-20 16:04:13,771 | INFO  | DNAudit | user=null | ip=null | op=WRITE_CHUNK {blockData=conID: 1 locID: 102650154432266854 bcsId: 4029} | ret=SUCCESS |  
2019-08-20 16:04:13,771 | INFO  | DNAudit | user=null | ip=null | op=WRITE_CHUNK {blockData=conID: 1 locID: 102650154432266854 bcsId: 4029} | ret=SUCCESS |  
2019-08-20 16:04:13,773 | INFO  | DNAudit | user=null | ip=null | op=WRITE_CHUNK {blockData=conID: 1 locID: 102650154432266854 bcsId: 4029} | ret=SUCCESS |  
2019-08-20 16:04:13,774 | INFO  | DNAudit | user=null | ip=null | op=PUT_BLOCK {blockData=[blockId=conID: 1 locID: 102650154432266854 bcsId: 0,size=4194304]} | ret=SUCCESS |  
2019-08-20 16:04:13,774 [grpc-default-executor-3] INFO  client.GrpcClientProtocolClient (GrpcClientProtocolClient.java:onNext(255)) - client-EAA342753240->9a4a4c23-9ff3-4ce3-a619-2c71c0869997: receive RaftClientReply:client-EAA342753240->9a4a4c23-9ff3-4ce3-a619-2c71c0869997@group-EC4211DF0353, cid=2709, SUCCESS, logIndex=4031, commits[9a4a4c23-9ff3-4ce3-a619-2c71c0869997:c4032, 9b0072ab-15b3-4973-9bcb-7fa02f6bfea9:c4030, 9f215ef2-7d46-4cda-b695-cae1b893f75f:c4030]
2019-08-20 16:04:13,774 [grpc-default-executor-3] INFO  client.GrpcClientProtocolClient (GrpcClientProtocolClient.java:onNext(255)) - client-EAA342753240->9a4a4c23-9ff3-4ce3-a619-2c71c0869997: receive RaftClientReply:client-EAA342753240->9a4a4c23-9ff3-4ce3-a619-2c71c0869997@group-EC4211DF0353, cid=2710, SUCCESS, logIndex=4032, commits[9a4a4c23-9ff3-4ce3-a619-2c71c0869997:c4032, 9b0072ab-15b3-4973-9bcb-7fa02f6bfea9:c4030, 9f215ef2-7d46-4cda-b695-cae1b893f75f:c4030]
2019-08-20 16:04:13,776 | INFO  | DNAudit | user=null | ip=null | op=WRITE_CHUNK {blockData=conID: 1 locID: 102650154432266854 bcsId: 4029} | ret=SUCCESS |  
2019-08-20 16:04:13,776 | INFO  | DNAudit | user=null | ip=null | op=WRITE_CHUNK {blockData=conID: 1 locID: 102650154432266854 bcsId: 4029} | ret=SUCCESS |  
2019-08-20 16:04:13,776 | INFO  | DNAudit | user=null | ip=null | op=PUT_BLOCK {blockData=[blockId=conID: 1 locID: 102650154432266854 bcsId: 0,size=4194304]} | ret=SUCCESS |  
2019-08-20 16:04:13,777 | INFO  | DNAudit | user=null | ip=null | op=PUT_BLOCK {blockData=[blockId=conID: 1 locID: 102650154432266854 bcsId: 0,size=4194304]} | ret=SUCCESS |  
2019-08-20 16:04:13,777 [grpc-default-executor-3] INFO  client.GrpcClientProtocolClient (GrpcClientProtocolClient.java:onNext(255)) - client-EAA342753240->9a4a4c23-9ff3-4ce3-a619-2c71c0869997: receive RaftClientReply:client-EAA342753240->9a4a4c23-9ff3-4ce3-a619-2c71c0869997@group-EC4211DF0353, cid=2711, SUCCESS, logIndex=0, commits[9a4a4c23-9ff3-4ce3-a619-2c71c0869997:c4033, 9b0072ab-15b3-4973-9bcb-7fa02f6bfea9:c4032, 9f215ef2-7d46-4cda-b695-cae1b893f75f:c4032]
2019-08-20 16:04:13,781 | INFO  | SCMAudit | user=jenkins1000 | ip=192.168.69.96 | op=ALLOCATE_BLOCK {owner=ea4851f9-218c-4af7-91b4-edb777a4888c, size=4194304, type=RATIS, factor=THREE} | ret=SUCCESS |  
2019-08-20 16:04:13,784 | INFO  | OMAudit | user=jenkins1000 | ip=127.0.0.1 | op=ALLOCATE_BLOCK {volume=vol-0-94146, bucket=bucket-0-90789, key=key-0-25609, dataSize=0, replicationType=null, replicationFactor=null, keyLocationInfo=null, clientID=102650152704082322} | ret=SUCCESS |  
2019-08-20 16:04:13,790 | INFO  | DNAudit | user=null | ip=null | op=WRITE_CHUNK {blockData=conID: 2 locID: 102650154436592231 bcsId: 0} | ret=SUCCESS |  
2019-08-20 16:04:13,793 | INFO  | DNAudit | user=null | ip=null | op=WRITE_CHUNK {blockData=conID: 2 locID: 102650154436592231 bcsId: 0} | ret=SUCCESS |  
2019-08-20 16:04:13,793 | INFO  | DNAudit | user=null | ip=null | op=WRITE_CHUNK {blockData=conID: 2 locID: 102650154436592231 bcsId: 0} | ret=SUCCESS |  
2019-08-20 16:04:13,793 | INFO  | DNAudit | user=null | ip=null | op=WRITE_CHUNK {blockData=conID: 2 locID: 102650154436592231 bcsId: 0} | ret=SUCCESS |  
2019-08-20 16:04:13,794 | INFO  | DNAudit | user=null | ip=null | op=WRITE_CHUNK {blockData=conID: 2 locID: 102650154436592231 bcsId: 0} | ret=SUCCESS |  
2019-08-20 16:04:13,795 | INFO  | DNAudit | user=null | ip=null | op=WRITE_CHUNK {blockData=conID: 2 locID: 102650154436592231 bcsId: 0} | ret=SUCCESS |  
2019-08-20 16:04:13,796 | INFO  | DNAudit | user=null | ip=null | op=WRITE_CHUNK {blockData=conID: 2 locID: 102650154436592231 bcsId: 0} | ret=SUCCESS |  
2019-08-20 16:04:13,797 | INFO  | DNAudit | user=null | ip=null | op=PUT_BLOCK {blockData=[blockId=conID: 2 locID: 102650154436592231 bcsId: 0,size=1048576]} | ret=SUCCESS |  
2019-08-20 16:04:13,797 | INFO  | DNAudit | user=null | ip=null | op=WRITE_CHUNK {blockData=conID: 2 locID: 102650154436592231 bcsId: 0} | ret=SUCCESS |  
2019-08-20 16:04:13,797 [grpc-default-executor-3] INFO  client.GrpcClientProtocolClient (GrpcClientProtocolClient.java:onNext(255)) - client-EAA342753240->9a4a4c23-9ff3-4ce3-a619-2c71c0869997: receive RaftClientReply:client-EAA342753240->9a4a4c23-9ff3-4ce3-a619-2c71c0869997@group-EC4211DF0353, cid=2712, SUCCESS, logIndex=4035, commits[9a4a4c23-9ff3-4ce3-a619-2c71c0869997:c4038, 9b0072ab-15b3-4973-9bcb-7fa02f6bfea9:c4032, 9f215ef2-7d46-4cda-b695-cae1b893f75f:c4034]
2019-08-20 16:04:13,797 | INFO  | DNAudit | user=null | ip=null | op=PUT_BLOCK {blockData=[blockId=conID: 2 locID: 102650154436592231 bcsId: 0,size=2097152]} | ret=SUCCESS |  
2019-08-20 16:04:13,797 [grpc-default-executor-3] INFO  client.GrpcClientProtocolClient (GrpcClientProtocolClient.java:onNext(255)) - client-EAA342753240->9a4a4c23-9ff3-4ce3-a619-2c71c0869997: receive RaftClientReply:client-EAA342753240->9a4a4c23-9ff3-4ce3-a619-2c71c0869997@group-EC4211DF0353, cid=2713, SUCCESS, logIndex=4036, commits[9a4a4c23-9ff3-4ce3-a619-2c71c0869997:c4038, 9b0072ab-15b3-4973-9bcb-7fa02f6bfea9:c4034, 9f215ef2-7d46-4cda-b695-cae1b893f75f:c4034]
2019-08-20 16:04:13,797 [grpc-default-executor-3] INFO  client.GrpcClientProtocolClient (GrpcClientProtocolClient.java:onNext(255)) - client-EAA342753240->9a4a4c23-9ff3-4ce3-a619-2c71c0869997: receive RaftClientReply:client-EAA342753240->9a4a4c23-9ff3-4ce3-a619-2c71c0869997@group-EC4211DF0353, cid=2714, SUCCESS, logIndex=4037, commits[9a4a4c23-9ff3-4ce3-a619-2c71c0869997:c4038, 9b0072ab-15b3-4973-9bcb-7fa02f6bfea9:c4034, 9f215ef2-7d46-4cda-b695-cae1b893f75f:c4034]
2019-08-20 16:04:13,798 [grpc-default-executor-3] INFO  client.GrpcClientProtocolClient (GrpcClientProtocolClient.java:onNext(255)) - client-EAA342753240->9a4a4c23-9ff3-4ce3-a619-2c71c0869997: receive RaftClientReply:client-EAA342753240->9a4a4c23-9ff3-4ce3-a619-2c71c0869997@group-EC4211DF0353, cid=2715, SUCCESS, logIndex=4038, commits[9a4a4c23-9ff3-4ce3-a619-2c71c0869997:c4038, 9b0072ab-15b3-4973-9bcb-7fa02f6bfea9:c4034, 9f215ef2-7d46-4cda-b695-cae1b893f75f:c4034]
2019-08-20 16:04:13,798 | INFO  | DNAudit | user=null | ip=null | op=WRITE_CHUNK {blockData=conID: 2 locID: 102650154436592231 bcsId: 0} | ret=SUCCESS |  
2019-08-20 16:04:13,798 | INFO  | DNAudit | user=null | ip=null | op=PUT_BLOCK {blockData=[blockId=conID: 2 locID: 102650154436592231 bcsId: 0,size=1048576]} | ret=SUCCESS |  
2019-08-20 16:04:13,800 | INFO  | DNAudit | user=null | ip=null | op=WRITE_CHUNK {blockData=conID: 2 locID: 102650154436592231 bcsId: 0} | ret=SUCCESS |  
2019-08-20 16:04:13,800 | INFO  | DNAudit | user=null | ip=null | op=PUT_BLOCK {blockData=[blockId=conID: 2 locID: 102650154436592231 bcsId: 0,size=1048576]} | ret=SUCCESS |  
2019-08-20 16:04:13,800 | INFO  | DNAudit | user=null | ip=null | op=WRITE_CHUNK {blockData=conID: 2 locID: 102650154436592231 bcsId: 0} | ret=SUCCESS |  
2019-08-20 16:04:13,800 | INFO  | DNAudit | user=null | ip=null | op=PUT_BLOCK {blockData=[blockId=conID: 2 locID: 102650154436592231 bcsId: 0,size=2097152]} | ret=SUCCESS |  
2019-08-20 16:04:13,800 [grpc-default-executor-0] INFO  client.GrpcClientProtocolClient (GrpcClientProtocolClient.java:onNext(255)) - client-EAA342753240->9a4a4c23-9ff3-4ce3-a619-2c71c0869997: receive RaftClientReply:client-EAA342753240->9a4a4c23-9ff3-4ce3-a619-2c71c0869997@group-EC4211DF0353, cid=2716, SUCCESS, logIndex=0, commits[9a4a4c23-9ff3-4ce3-a619-2c71c0869997:c4039, 9b0072ab-15b3-4973-9bcb-7fa02f6bfea9:c4036, 9f215ef2-7d46-4cda-b695-cae1b893f75f:c4036]
2019-08-20 16:04:13,801 | INFO  | DNAudit | user=null | ip=null | op=WRITE_CHUNK {blockData=conID: 2 locID: 102650154436592231 bcsId: 0} | ret=SUCCESS |  
2019-08-20 16:04:13,802 | INFO  | DNAudit | user=null | ip=null | op=PUT_BLOCK {blockData=[blockId=conID: 2 locID: 102650154436592231 bcsId: 0,size=2097152]} | ret=SUCCESS |  
2019-08-20 16:04:13,806 | INFO  | DNAudit | user=null | ip=null | op=WRITE_CHUNK {blockData=conID: 2 locID: 102650154436592231 bcsId: 4038} | ret=SUCCESS |  
2019-08-20 16:04:13,807 | INFO  | DNAudit | user=null | ip=null | op=WRITE_CHUNK {blockData=conID: 2 locID: 102650154436592231 bcsId: 4038} | ret=SUCCESS |  
2019-08-20 16:04:13,807 | INFO  | DNAudit | user=null | ip=null | op=WRITE_CHUNK {blockData=conID: 2 locID: 102650154436592231 bcsId: 4038} | ret=SUCCESS |  
2019-08-20 16:04:13,811 | INFO  | DNAudit | user=null | ip=null | op=WRITE_CHUNK {blockData=conID: 2 locID: 102650154436592231 bcsId: 4038} | ret=SUCCESS |  
2019-08-20 16:04:13,811 | INFO  | DNAudit | user=null | ip=null | op=PUT_BLOCK {blockData=[blockId=conID: 2 locID: 102650154436592231 bcsId: 0,size=3145728]} | ret=SUCCESS |  
2019-08-20 16:04:13,811 [grpc-default-executor-1] INFO  client.GrpcClientProtocolClient (GrpcClientProtocolClient.java:onNext(255)) - client-EAA342753240->9a4a4c23-9ff3-4ce3-a619-2c71c0869997: receive RaftClientReply:client-EAA342753240->9a4a4c23-9ff3-4ce3-a619-2c71c0869997@group-EC4211DF0353, cid=2717, SUCCESS, logIndex=4043, commits[9a4a4c23-9ff3-4ce3-a619-2c71c0869997:c4044, 9b0072ab-15b3-4973-9bcb-7fa02f6bfea9:c4042, 9f215ef2-7d46-4cda-b695-cae1b893f75f:c4042]
2019-08-20 16:04:13,811 [grpc-default-executor-1] INFO  client.GrpcClientProtocolClient (GrpcClientProtocolClient.java:onNext(255)) - client-EAA342753240->9a4a4c23-9ff3-4ce3-a619-2c71c0869997: receive RaftClientReply:client-EAA342753240->9a4a4c23-9ff3-4ce3-a619-2c71c0869997@group-EC4211DF0353, cid=2718, SUCCESS, logIndex=4044, commits[9a4a4c23-9ff3-4ce3-a619-2c71c0869997:c4044, 9b0072ab-15b3-4973-9bcb-7fa02f6bfea9:c4042, 9f215ef2-7d46-4cda-b695-cae1b893f75f:c4042]
2019-08-20 16:04:13,814 | INFO  | DNAudit | user=null | ip=null | op=WRITE_CHUNK {blockData=conID: 2 locID: 102650154436592231 bcsId: 4038} | ret=SUCCESS |  
2019-08-20 16:04:13,814 | INFO  | DNAudit | user=null | ip=null | op=WRITE_CHUNK {blockData=conID: 2 locID: 102650154436592231 bcsId: 4038} | ret=SUCCESS |  
2019-08-20 16:04:13,816 | INFO  | DNAudit | user=null | ip=null | op=PUT_BLOCK {blockData=[blockId=conID: 2 locID: 102650154436592231 bcsId: 0,size=3145728]} | ret=SUCCESS |  
2019-08-20 16:04:13,816 | INFO  | DNAudit | user=null | ip=null | op=PUT_BLOCK {blockData=[blockId=conID: 2 locID: 102650154436592231 bcsId: 0,size=3145728]} | ret=SUCCESS |  
2019-08-20 16:04:13,817 | INFO  | DNAudit | user=null | ip=null | op=WRITE_CHUNK {blockData=conID: 2 locID: 102650154436592231 bcsId: 4044} | ret=SUCCESS |  
2019-08-20 16:04:13,819 | INFO  | DNAudit | user=null | ip=null | op=WRITE_CHUNK {blockData=conID: 2 locID: 102650154436592231 bcsId: 4044} | ret=SUCCESS |  
2019-08-20 16:04:13,819 | INFO  | DNAudit | user=null | ip=null | op=WRITE_CHUNK {blockData=conID: 2 locID: 102650154436592231 bcsId: 4044} | ret=SUCCESS |  
2019-08-20 16:04:13,820 | INFO  | DNAudit | user=null | ip=null | op=WRITE_CHUNK {blockData=conID: 2 locID: 102650154436592231 bcsId: 4044} | ret=SUCCESS |  
2019-08-20 16:04:13,820 | INFO  | DNAudit | user=null | ip=null | op=PUT_BLOCK {blockData=[blockId=conID: 2 locID: 102650154436592231 bcsId: 0,size=4194304]} | ret=SUCCESS |  
2019-08-20 16:04:13,821 [grpc-default-executor-5] INFO  client.GrpcClientProtocolClient (GrpcClientProtocolClient.java:onNext(255)) - client-EAA342753240->9a4a4c23-9ff3-4ce3-a619-2c71c0869997: receive RaftClientReply:client-EAA342753240->9a4a4c23-9ff3-4ce3-a619-2c71c0869997@group-EC4211DF0353, cid=2719, SUCCESS, logIndex=4047, commits[9a4a4c23-9ff3-4ce3-a619-2c71c0869997:c4048, 9b0072ab-15b3-4973-9bcb-7fa02f6bfea9:c4045, 9f215ef2-7d46-4cda-b695-cae1b893f75f:c4044]
2019-08-20 16:04:13,821 [grpc-default-executor-5] INFO  client.GrpcClientProtocolClient (GrpcClientProtocolClient.java:onNext(255)) - client-EAA342753240->9a4a4c23-9ff3-4ce3-a619-2c71c0869997: receive RaftClientReply:client-EAA342753240->9a4a4c23-9ff3-4ce3-a619-2c71c0869997@group-EC4211DF0353, cid=2720, SUCCESS, logIndex=4048, commits[9a4a4c23-9ff3-4ce3-a619-2c71c0869997:c4048, 9b0072ab-15b3-4973-9bcb-7fa02f6bfea9:c4045, 9f215ef2-7d46-4cda-b695-cae1b893f75f:c4044]
2019-08-20 16:04:13,826 | INFO  | DNAudit | user=null | ip=null | op=WRITE_CHUNK {blockData=conID: 2 locID: 102650154436592231 bcsId: 4044} | ret=SUCCESS |  
2019-08-20 16:04:13,826 | INFO  | DNAudit | user=null | ip=null | op=WRITE_CHUNK {blockData=conID: 2 locID: 102650154436592231 bcsId: 4044} | ret=SUCCESS |  
2019-08-20 16:04:13,826 | INFO  | DNAudit | user=null | ip=null | op=PUT_BLOCK {blockData=[blockId=conID: 2 locID: 102650154436592231 bcsId: 0,size=4194304]} | ret=SUCCESS |  
2019-08-20 16:04:13,828 | INFO  | DNAudit | user=null | ip=null | op=PUT_BLOCK {blockData=[blockId=conID: 2 locID: 102650154436592231 bcsId: 0,size=4194304]} | ret=SUCCESS |  
2019-08-20 16:04:13,828 [grpc-default-executor-5] INFO  client.GrpcClientProtocolClient (GrpcClientProtocolClient.java:onNext(255)) - client-EAA342753240->9a4a4c23-9ff3-4ce3-a619-2c71c0869997: receive RaftClientReply:client-EAA342753240->9a4a4c23-9ff3-4ce3-a619-2c71c0869997@group-EC4211DF0353, cid=2721, SUCCESS, logIndex=0, commits[9a4a4c23-9ff3-4ce3-a619-2c71c0869997:c4050, 9b0072ab-15b3-4973-9bcb-7fa02f6bfea9:c4048, 9f215ef2-7d46-4cda-b695-cae1b893f75f:c4048]
2019-08-20 16:04:13,833 | INFO  | SCMAudit | user=jenkins1000 | ip=192.168.69.96 | op=ALLOCATE_BLOCK {owner=ea4851f9-218c-4af7-91b4-edb777a4888c, size=4194304, type=RATIS, factor=THREE} | ret=SUCCESS |  
2019-08-20 16:04:13,836 | INFO  | OMAudit | user=jenkins1000 | ip=127.0.0.1 | op=ALLOCATE_BLOCK {volume=vol-0-94146, bucket=bucket-0-90789, key=key-0-25609, dataSize=0, replicationType=null, replicationFactor=null, keyLocationInfo=null, clientID=102650152704082322} | ret=SUCCESS |  
2019-08-20 16:04:13,842 | INFO  | DNAudit | user=null | ip=null | op=WRITE_CHUNK {blockData=conID: 3 locID: 102650154440000104 bcsId: 0} | ret=SUCCESS |  
2019-08-20 16:04:13,844 | INFO  | DNAudit | user=null | ip=null | op=WRITE_CHUNK {blockData=conID: 3 locID: 102650154440000104 bcsId: 0} | ret=SUCCESS |  
2019-08-20 16:04:13,844 | INFO  | DNAudit | user=null | ip=null | op=WRITE_CHUNK {blockData=conID: 3 locID: 102650154440000104 bcsId: 0} | ret=SUCCESS |  
2019-08-20 16:04:13,845 | INFO  | DNAudit | user=null | ip=null | op=WRITE_CHUNK {blockData=conID: 3 locID: 102650154440000104 bcsId: 0} | ret=SUCCESS |  
2019-08-20 16:04:13,846 | INFO  | DNAudit | user=null | ip=null | op=WRITE_CHUNK {blockData=conID: 3 locID: 102650154440000104 bcsId: 0} | ret=SUCCESS |  
2019-08-20 16:04:13,846 | INFO  | DNAudit | user=null | ip=null | op=WRITE_CHUNK {blockData=conID: 3 locID: 102650154440000104 bcsId: 0} | ret=SUCCESS |  
2019-08-20 16:04:13,847 | INFO  | DNAudit | user=null | ip=null | op=WRITE_CHUNK {blockData=conID: 3 locID: 102650154440000104 bcsId: 0} | ret=SUCCESS |  
2019-08-20 16:04:13,848 | INFO  | DNAudit | user=null | ip=null | op=PUT_BLOCK {blockData=[blockId=conID: 3 locID: 102650154440000104 bcsId: 0,size=1048576]} | ret=SUCCESS |  
2019-08-20 16:04:13,848 [grpc-default-executor-1] INFO  client.GrpcClientProtocolClient (GrpcClientProtocolClient.java:onNext(255)) - client-EAA342753240->9a4a4c23-9ff3-4ce3-a619-2c71c0869997: receive RaftClientReply:client-EAA342753240->9a4a4c23-9ff3-4ce3-a619-2c71c0869997@group-EC4211DF0353, cid=2722, SUCCESS, logIndex=4051, commits[9a4a4c23-9ff3-4ce3-a619-2c71c0869997:c4054, 9b0072ab-15b3-4973-9bcb-7fa02f6bfea9:c4048, 9f215ef2-7d46-4cda-b695-cae1b893f75f:c4050]
2019-08-20 16:04:13,848 | INFO  | DNAudit | user=null | ip=null | op=WRITE_CHUNK {blockData=conID: 3 locID: 102650154440000104 bcsId: 0} | ret=SUCCESS |  
2019-08-20 16:04:13,848 | INFO  | DNAudit | user=null | ip=null | op=PUT_BLOCK {blockData=[blockId=conID: 3 locID: 102650154440000104 bcsId: 0,size=2097152]} | ret=SUCCESS |  
2019-08-20 16:04:13,848 [grpc-default-executor-1] INFO  client.GrpcClientProtocolClient (GrpcClientProtocolClient.java:onNext(255)) - client-EAA342753240->9a4a4c23-9ff3-4ce3-a619-2c71c0869997: receive RaftClientReply:client-EAA342753240->9a4a4c23-9ff3-4ce3-a619-2c71c0869997@group-EC4211DF0353, cid=2723, SUCCESS, logIndex=4052, commits[9a4a4c23-9ff3-4ce3-a619-2c71c0869997:c4054, 9b0072ab-15b3-4973-9bcb-7fa02f6bfea9:c4048, 9f215ef2-7d46-4cda-b695-cae1b893f75f:c4050]
2019-08-20 16:04:13,849 [grpc-default-executor-1] INFO  client.GrpcClientProtocolClient (GrpcClientProtocolClient.java:onNext(255)) - client-EAA342753240->9a4a4c23-9ff3-4ce3-a619-2c71c0869997: receive RaftClientReply:client-EAA342753240->9a4a4c23-9ff3-4ce3-a619-2c71c0869997@group-EC4211DF0353, cid=2724, SUCCESS, logIndex=4053, commits[9a4a4c23-9ff3-4ce3-a619-2c71c0869997:c4054, 9b0072ab-15b3-4973-9bcb-7fa02f6bfea9:c4048, 9f215ef2-7d46-4cda-b695-cae1b893f75f:c4050]
2019-08-20 16:04:13,849 [grpc-default-executor-1] INFO  client.GrpcClientProtocolClient (GrpcClientProtocolClient.java:onNext(255)) - client-EAA342753240->9a4a4c23-9ff3-4ce3-a619-2c71c0869997: receive RaftClientReply:client-EAA342753240->9a4a4c23-9ff3-4ce3-a619-2c71c0869997@group-EC4211DF0353, cid=2725, SUCCESS, logIndex=4054, commits[9a4a4c23-9ff3-4ce3-a619-2c71c0869997:c4054, 9b0072ab-15b3-4973-9bcb-7fa02f6bfea9:c4048, 9f215ef2-7d46-4cda-b695-cae1b893f75f:c4050]
2019-08-20 16:04:13,852 | INFO  | DNAudit | user=null | ip=null | op=WRITE_CHUNK {blockData=conID: 3 locID: 102650154440000104 bcsId: 0} | ret=SUCCESS |  
2019-08-20 16:04:13,852 | INFO  | DNAudit | user=null | ip=null | op=PUT_BLOCK {blockData=[blockId=conID: 3 locID: 102650154440000104 bcsId: 0,size=1048576]} | ret=SUCCESS |  
2019-08-20 16:04:13,852 | INFO  | DNAudit | user=null | ip=null | op=WRITE_CHUNK {blockData=conID: 3 locID: 102650154440000104 bcsId: 0} | ret=SUCCESS |  
2019-08-20 16:04:13,852 | INFO  | DNAudit | user=null | ip=null | op=PUT_BLOCK {blockData=[blockId=conID: 3 locID: 102650154440000104 bcsId: 0,size=1048576]} | ret=SUCCESS |  
2019-08-20 16:04:13,852 | INFO  | DNAudit | user=null | ip=null | op=WRITE_CHUNK {blockData=conID: 3 locID: 102650154440000104 bcsId: 0} | ret=SUCCESS |  
2019-08-20 16:04:13,852 [grpc-default-executor-0] INFO  client.GrpcClientProtocolClient (GrpcClientProtocolClient.java:onNext(255)) - client-EAA342753240->9a4a4c23-9ff3-4ce3-a619-2c71c0869997: receive RaftClientReply:client-EAA342753240->9a4a4c23-9ff3-4ce3-a619-2c71c0869997@group-EC4211DF0353, cid=2726, SUCCESS, logIndex=0, commits[9a4a4c23-9ff3-4ce3-a619-2c71c0869997:c4055, 9b0072ab-15b3-4973-9bcb-7fa02f6bfea9:c4052, 9f215ef2-7d46-4cda-b695-cae1b893f75f:c4052]
2019-08-20 16:04:13,852 | INFO  | DNAudit | user=null | ip=null | op=PUT_BLOCK {blockData=[blockId=conID: 3 locID: 102650154440000104 bcsId: 0,size=2097152]} | ret=SUCCESS |  
2019-08-20 16:04:13,854 | INFO  | DNAudit | user=null | ip=null | op=WRITE_CHUNK {blockData=conID: 3 locID: 102650154440000104 bcsId: 0} | ret=SUCCESS |  
2019-08-20 16:04:13,854 | INFO  | DNAudit | user=null | ip=null | op=PUT_BLOCK {blockData=[blockId=conID: 3 locID: 102650154440000104 bcsId: 0,size=2097152]} | ret=SUCCESS |  
2019-08-20 16:04:13,858 | INFO  | DNAudit | user=null | ip=null | op=WRITE_CHUNK {blockData=conID: 3 locID: 102650154440000104 bcsId: 4054} | ret=SUCCESS |  
2019-08-20 16:04:13,860 | INFO  | DNAudit | user=null | ip=null | op=WRITE_CHUNK {blockData=conID: 3 locID: 102650154440000104 bcsId: 4054} | ret=SUCCESS |  
2019-08-20 16:04:13,860 | INFO  | DNAudit | user=null | ip=null | op=WRITE_CHUNK {blockData=conID: 3 locID: 102650154440000104 bcsId: 4054} | ret=SUCCESS |  
2019-08-20 16:04:13,862 | INFO  | DNAudit | user=null | ip=null | op=WRITE_CHUNK {blockData=conID: 3 locID: 102650154440000104 bcsId: 4054} | ret=SUCCESS |  
2019-08-20 16:04:13,863 | INFO  | DNAudit | user=null | ip=null | op=PUT_BLOCK {blockData=[blockId=conID: 3 locID: 102650154440000104 bcsId: 0,size=3145728]} | ret=SUCCESS |  
2019-08-20 16:04:13,863 [grpc-default-executor-0] INFO  client.GrpcClientProtocolClient (GrpcClientProtocolClient.java:onNext(255)) - client-EAA342753240->9a4a4c23-9ff3-4ce3-a619-2c71c0869997: receive RaftClientReply:client-EAA342753240->9a4a4c23-9ff3-4ce3-a619-2c71c0869997@group-EC4211DF0353, cid=2727, SUCCESS, logIndex=4059, commits[9a4a4c23-9ff3-4ce3-a619-2c71c0869997:c4060, 9b0072ab-15b3-4973-9bcb-7fa02f6bfea9:c4058, 9f215ef2-7d46-4cda-b695-cae1b893f75f:c4058]
2019-08-20 16:04:13,863 [grpc-default-executor-0] INFO  client.GrpcClientProtocolClient (GrpcClientProtocolClient.java:onNext(255)) - client-EAA342753240->9a4a4c23-9ff3-4ce3-a619-2c71c0869997: receive RaftClientReply:client-EAA342753240->9a4a4c23-9ff3-4ce3-a619-2c71c0869997@group-EC4211DF0353, cid=2728, SUCCESS, logIndex=4060, commits[9a4a4c23-9ff3-4ce3-a619-2c71c0869997:c4060, 9b0072ab-15b3-4973-9bcb-7fa02f6bfea9:c4058, 9f215ef2-7d46-4cda-b695-cae1b893f75f:c4058]
2019-08-20 16:04:13,863 | INFO  | DNAudit | user=null | ip=null | op=WRITE_CHUNK {blockData=conID: 3 locID: 102650154440000104 bcsId: 4054} | ret=SUCCESS |  
2019-08-20 16:04:13,864 | INFO  | DNAudit | user=null | ip=null | op=PUT_BLOCK {blockData=[blockId=conID: 3 locID: 102650154440000104 bcsId: 0,size=3145728]} | ret=SUCCESS |  
2019-08-20 16:04:13,864 | INFO  | DNAudit | user=null | ip=null | op=WRITE_CHUNK {blockData=conID: 3 locID: 102650154440000104 bcsId: 4054} | ret=SUCCESS |  
2019-08-20 16:04:13,864 | INFO  | DNAudit | user=null | ip=null | op=PUT_BLOCK {blockData=[blockId=conID: 3 locID: 102650154440000104 bcsId: 0,size=3145728]} | ret=SUCCESS |  
 0.00% |█                                                                                                    |  0/1 Time: 0:00:262019-08-20 16:04:13,972 | INFO  | SCMAudit | user=jenkins1000 | ip=192.168.69.96 | op=SEND_HEARTBEAT {datanodeUUID=9f215ef2-7d46-4cda-b695-cae1b893f75f, command=[]} | ret=SUCCESS |  
2019-08-20 16:04:13,973 | INFO  | SCMAudit | user=jenkins1000 | ip=192.168.69.96 | op=SEND_HEARTBEAT {datanodeUUID=9a4a4c23-9ff3-4ce3-a619-2c71c0869997, command=[]} | ret=SUCCESS |  
2019-08-20 16:04:13,973 | INFO  | DNAudit | user=null | ip=null | op=WRITE_CHUNK {blockData=conID: 3 locID: 102650154440000104 bcsId: 4060} | ret=SUCCESS |  
2019-08-20 16:04:13,973 | INFO  | SCMAudit | user=jenkins1000 | ip=192.168.69.96 | op=SEND_HEARTBEAT {datanodeUUID=69f203df-fb09-400b-ac11-cd7a56dd70a5, command=[]} | ret=SUCCESS |  
2019-08-20 16:04:13,973 | INFO  | SCMAudit | user=jenkins1000 | ip=192.168.69.96 | op=SEND_HEARTBEAT {datanodeUUID=9b0072ab-15b3-4973-9bcb-7fa02f6bfea9, command=[]} | ret=SUCCESS |  
2019-08-20 16:04:13,973 | INFO  | SCMAudit | user=jenkins1000 | ip=192.168.69.96 | op=SEND_HEARTBEAT {datanodeUUID=f1afe498-2778-451e-a3e4-8199ec337a15, command=[]} | ret=SUCCESS |  
2019-08-20 16:04:13,974 | INFO  | DNAudit | user=null | ip=null | op=WRITE_CHUNK {blockData=conID: 3 locID: 102650154440000104 bcsId: 4060} | ret=SUCCESS |  
2019-08-20 16:04:13,976 | INFO  | DNAudit | user=null | ip=null | op=WRITE_CHUNK {blockData=conID: 3 locID: 102650154440000104 bcsId: 4060} | ret=SUCCESS |  
2019-08-20 16:04:13,985 | INFO  | DNAudit | user=null | ip=null | op=WRITE_CHUNK {blockData=conID: 3 locID: 102650154440000104 bcsId: 4060} | ret=SUCCESS |  
2019-08-20 16:04:13,986 | INFO  | DNAudit | user=null | ip=null | op=PUT_BLOCK {blockData=[blockId=conID: 3 locID: 102650154440000104 bcsId: 0,size=4194304]} | ret=SUCCESS |  
2019-08-20 16:04:13,986 [grpc-default-executor-1] INFO  client.GrpcClientProtocolClient (GrpcClientProtocolClient.java:onNext(255)) - client-EAA342753240->9a4a4c23-9ff3-4ce3-a619-2c71c0869997: receive RaftClientReply:client-EAA342753240->9a4a4c23-9ff3-4ce3-a619-2c71c0869997@group-EC4211DF0353, cid=2729, SUCCESS, logIndex=4063, commits[9a4a4c23-9ff3-4ce3-a619-2c71c0869997:c4064, 9b0072ab-15b3-4973-9bcb-7fa02f6bfea9:c4062, 9f215ef2-7d46-4cda-b695-cae1b893f75f:c4062]
2019-08-20 16:04:13,986 [grpc-default-executor-1] INFO  client.GrpcClientProtocolClient (GrpcClientProtocolClient.java:onNext(255)) - client-EAA342753240->9a4a4c23-9ff3-4ce3-a619-2c71c0869997: receive RaftClientReply:client-EAA342753240->9a4a4c23-9ff3-4ce3-a619-2c71c0869997@group-EC4211DF0353, cid=2730, SUCCESS, logIndex=4064, commits[9a4a4c23-9ff3-4ce3-a619-2c71c0869997:c4064, 9b0072ab-15b3-4973-9bcb-7fa02f6bfea9:c4062, 9f215ef2-7d46-4cda-b695-cae1b893f75f:c4062]
2019-08-20 16:04:13,998 | INFO  | DNAudit | user=null | ip=null | op=WRITE_CHUNK {blockData=conID: 3 locID: 102650154440000104 bcsId: 4060} | ret=SUCCESS |  
2019-08-20 16:04:13,998 | INFO  | DNAudit | user=null | ip=null | op=WRITE_CHUNK {blockData=conID: 3 locID: 102650154440000104 bcsId: 4060} | ret=SUCCESS |  
2019-08-20 16:04:14,011 | INFO  | DNAudit | user=null | ip=null | op=PUT_BLOCK {blockData=[blockId=conID: 3 locID: 102650154440000104 bcsId: 0,size=4194304]} | ret=SUCCESS |  
2019-08-20 16:04:14,011 | INFO  | DNAudit | user=null | ip=null | op=PUT_BLOCK {blockData=[blockId=conID: 3 locID: 102650154440000104 bcsId: 0,size=4194304]} | ret=SUCCESS |  
2019-08-20 16:04:14,012 [grpc-default-executor-1] INFO  client.GrpcClientProtocolClient (GrpcClientProtocolClient.java:onNext(255)) - client-EAA342753240->9a4a4c23-9ff3-4ce3-a619-2c71c0869997: receive RaftClientReply:client-EAA342753240->9a4a4c23-9ff3-4ce3-a619-2c71c0869997@group-EC4211DF0353, cid=2731, SUCCESS, logIndex=0, commits[9a4a4c23-9ff3-4ce3-a619-2c71c0869997:c4066, 9b0072ab-15b3-4973-9bcb-7fa02f6bfea9:c4064, 9f215ef2-7d46-4cda-b695-cae1b893f75f:c4064]
2019-08-20 16:04:14,019 | INFO  | SCMAudit | user=jenkins1000 | ip=192.168.69.96 | op=ALLOCATE_BLOCK {owner=ea4851f9-218c-4af7-91b4-edb777a4888c, size=4194304, type=RATIS, factor=THREE} | ret=SUCCESS |  
2019-08-20 16:04:14,024 | INFO  | OMAudit | user=jenkins1000 | ip=127.0.0.1 | op=ALLOCATE_BLOCK {volume=vol-0-94146, bucket=bucket-0-90789, key=key-0-25609, dataSize=0, replicationType=null, replicationFactor=null, keyLocationInfo=null, clientID=102650152704082322} | ret=SUCCESS |  
2019-08-20 16:04:14,033 | INFO  | DNAudit | user=null | ip=null | op=WRITE_CHUNK {blockData=conID: 1 locID: 102650154452189801 bcsId: 0} | ret=SUCCESS |  
2019-08-20 16:04:14,036 | INFO  | DNAudit | user=null | ip=null | op=WRITE_CHUNK {blockData=conID: 1 locID: 102650154452189801 bcsId: 0} | ret=SUCCESS |  
2019-08-20 16:04:14,036 | INFO  | DNAudit | user=null | ip=null | op=WRITE_CHUNK {blockData=conID: 1 locID: 102650154452189801 bcsId: 0} | ret=SUCCESS |  
2019-08-20 16:04:14,036 | INFO  | DNAudit | user=null | ip=null | op=WRITE_CHUNK {blockData=conID: 1 locID: 102650154452189801 bcsId: 0} | ret=SUCCESS |  
2019-08-20 16:04:14,038 | INFO  | DNAudit | user=null | ip=null | op=WRITE_CHUNK {blockData=conID: 1 locID: 102650154452189801 bcsId: 0} | ret=SUCCESS |  
2019-08-20 16:04:14,038 | INFO  | DNAudit | user=null | ip=null | op=WRITE_CHUNK {blockData=conID: 1 locID: 102650154452189801 bcsId: 0} | ret=SUCCESS |  
2019-08-20 16:04:14,047 | INFO  | DNAudit | user=null | ip=null | op=WRITE_CHUNK {blockData=conID: 1 locID: 102650154452189801 bcsId: 0} | ret=SUCCESS |  
2019-08-20 16:04:14,047 | INFO  | DNAudit | user=null | ip=null | op=PUT_BLOCK {blockData=[blockId=conID: 1 locID: 102650154452189801 bcsId: 0,size=1048576]} | ret=SUCCESS |  
2019-08-20 16:04:14,048 [grpc-default-executor-0] INFO  client.GrpcClientProtocolClient (GrpcClientProtocolClient.java:onNext(255)) - client-EAA342753240->9a4a4c23-9ff3-4ce3-a619-2c71c0869997: receive RaftClientReply:client-EAA342753240->9a4a4c23-9ff3-4ce3-a619-2c71c0869997@group-EC4211DF0353, cid=2732, SUCCESS, logIndex=4067, commits[9a4a4c23-9ff3-4ce3-a619-2c71c0869997:c4068, 9b0072ab-15b3-4973-9bcb-7fa02f6bfea9:c4066, 9f215ef2-7d46-4cda-b695-cae1b893f75f:c4066]
2019-08-20 16:04:14,048 [grpc-default-executor-0] INFO  client.GrpcClientProtocolClient (GrpcClientProtocolClient.java:onNext(255)) - client-EAA342753240->9a4a4c23-9ff3-4ce3-a619-2c71c0869997: receive RaftClientReply:client-EAA342753240->9a4a4c23-9ff3-4ce3-a619-2c71c0869997@group-EC4211DF0353, cid=2733, SUCCESS, logIndex=4068, commits[9a4a4c23-9ff3-4ce3-a619-2c71c0869997:c4068, 9b0072ab-15b3-4973-9bcb-7fa02f6bfea9:c4066, 9f215ef2-7d46-4cda-b695-cae1b893f75f:c4066]
2019-08-20 16:04:14,057 | INFO  | DNAudit | user=null | ip=null | op=WRITE_CHUNK {blockData=conID: 1 locID: 102650154452189801 bcsId: 0} | ret=SUCCESS |  
2019-08-20 16:04:14,057 | INFO  | DNAudit | user=null | ip=null | op=PUT_BLOCK {blockData=[blockId=conID: 1 locID: 102650154452189801 bcsId: 0,size=2097152]} | ret=SUCCESS |  
2019-08-20 16:04:14,058 [grpc-default-executor-5] INFO  client.GrpcClientProtocolClient (GrpcClientProtocolClient.java:onNext(255)) - client-EAA342753240->9a4a4c23-9ff3-4ce3-a619-2c71c0869997: receive RaftClientReply:client-EAA342753240->9a4a4c23-9ff3-4ce3-a619-2c71c0869997@group-EC4211DF0353, cid=2734, SUCCESS, logIndex=4069, commits[9a4a4c23-9ff3-4ce3-a619-2c71c0869997:c4070, 9b0072ab-15b3-4973-9bcb-7fa02f6bfea9:c4066, 9f215ef2-7d46-4cda-b695-cae1b893f75f:c4066]
2019-08-20 16:04:14,058 [grpc-default-executor-5] INFO  client.GrpcClientProtocolClient (GrpcClientProtocolClient.java:onNext(255)) - client-EAA342753240->9a4a4c23-9ff3-4ce3-a619-2c71c0869997: receive RaftClientReply:client-EAA342753240->9a4a4c23-9ff3-4ce3-a619-2c71c0869997@group-EC4211DF0353, cid=2735, SUCCESS, logIndex=4070, commits[9a4a4c23-9ff3-4ce3-a619-2c71c0869997:c4070, 9b0072ab-15b3-4973-9bcb-7fa02f6bfea9:c4066, 9f215ef2-7d46-4cda-b695-cae1b893f75f:c4066]
2019-08-20 16:04:14,059 | INFO  | DNAudit | user=null | ip=null | op=WRITE_CHUNK {blockData=conID: 1 locID: 102650154452189801 bcsId: 0} | ret=SUCCESS |  
2019-08-20 16:04:14,071 | INFO  | DNAudit | user=null | ip=null | op=WRITE_CHUNK {blockData=conID: 1 locID: 102650154452189801 bcsId: 0} | ret=SUCCESS |  
2019-08-20 16:04:14,071 | INFO  | DNAudit | user=null | ip=null | op=PUT_BLOCK {blockData=[blockId=conID: 1 locID: 102650154452189801 bcsId: 0,size=1048576]} | ret=SUCCESS |  
2019-08-20 16:04:14,071 | INFO  | DNAudit | user=null | ip=null | op=PUT_BLOCK {blockData=[blockId=conID: 1 locID: 102650154452189801 bcsId: 0,size=1048576]} | ret=SUCCESS |  
2019-08-20 16:04:14,071 | INFO  | DNAudit | user=null | ip=null | op=WRITE_CHUNK {blockData=conID: 1 locID: 102650154452189801 bcsId: 0} | ret=SUCCESS |  
2019-08-20 16:04:14,072 | INFO  | DNAudit | user=null | ip=null | op=WRITE_CHUNK {blockData=conID: 1 locID: 102650154452189801 bcsId: 0} | ret=SUCCESS |  
2019-08-20 16:04:14,072 | INFO  | DNAudit | user=null | ip=null | op=PUT_BLOCK {blockData=[blockId=conID: 1 locID: 102650154452189801 bcsId: 0,size=2097152]} | ret=SUCCESS |  
2019-08-20 16:04:14,072 | INFO  | DNAudit | user=null | ip=null | op=PUT_BLOCK {blockData=[blockId=conID: 1 locID: 102650154452189801 bcsId: 0,size=2097152]} | ret=SUCCESS |  
2019-08-20 16:04:14,072 [grpc-default-executor-5] INFO  client.GrpcClientProtocolClient (GrpcClientProtocolClient.java:onNext(255)) - client-EAA342753240->9a4a4c23-9ff3-4ce3-a619-2c71c0869997: receive RaftClientReply:client-EAA342753240->9a4a4c23-9ff3-4ce3-a619-2c71c0869997@group-EC4211DF0353, cid=2736, SUCCESS, logIndex=0, commits[9a4a4c23-9ff3-4ce3-a619-2c71c0869997:c4072, 9b0072ab-15b3-4973-9bcb-7fa02f6bfea9:c4068, 9f215ef2-7d46-4cda-b695-cae1b893f75f:c4068]
2019-08-20 16:04:14,080 | INFO  | DNAudit | user=null | ip=null | op=WRITE_CHUNK {blockData=conID: 1 locID: 102650154452189801 bcsId: 4070} | ret=SUCCESS |  
2019-08-20 16:04:14,085 | INFO  | DNAudit | user=null | ip=null | op=WRITE_CHUNK {blockData=conID: 1 locID: 102650154452189801 bcsId: 4070} | ret=SUCCESS |  
2019-08-20 16:04:14,085 | INFO  | DNAudit | user=null | ip=null | op=WRITE_CHUNK {blockData=conID: 1 locID: 102650154452189801 bcsId: 4070} | ret=SUCCESS |  
2019-08-20 16:04:14,088 | INFO  | DNAudit | user=null | ip=null | op=WRITE_CHUNK {blockData=conID: 1 locID: 102650154452189801 bcsId: 4070} | ret=SUCCESS |  
2019-08-20 16:04:14,089 | INFO  | DNAudit | user=null | ip=null | op=PUT_BLOCK {blockData=[blockId=conID: 1 locID: 102650154452189801 bcsId: 0,size=3145728]} | ret=SUCCESS |  
2019-08-20 16:04:14,089 [grpc-default-executor-5] INFO  client.GrpcClientProtocolClient (GrpcClientProtocolClient.java:onNext(255)) - client-EAA342753240->9a4a4c23-9ff3-4ce3-a619-2c71c0869997: receive RaftClientReply:client-EAA342753240->9a4a4c23-9ff3-4ce3-a619-2c71c0869997@group-EC4211DF0353, cid=2737, SUCCESS, logIndex=4074, commits[9a4a4c23-9ff3-4ce3-a619-2c71c0869997:c4075, 9b0072ab-15b3-4973-9bcb-7fa02f6bfea9:c4073, 9f215ef2-7d46-4cda-b695-cae1b893f75f:c4073]
2019-08-20 16:04:14,090 [grpc-default-executor-5] INFO  client.GrpcClientProtocolClient (GrpcClientProtocolClient.java:onNext(255)) - client-EAA342753240->9a4a4c23-9ff3-4ce3-a619-2c71c0869997: receive RaftClientReply:client-EAA342753240->9a4a4c23-9ff3-4ce3-a619-2c71c0869997@group-EC4211DF0353, cid=2738, SUCCESS, logIndex=4075, commits[9a4a4c23-9ff3-4ce3-a619-2c71c0869997:c4075, 9b0072ab-15b3-4973-9bcb-7fa02f6bfea9:c4073, 9f215ef2-7d46-4cda-b695-cae1b893f75f:c4073]
2019-08-20 16:04:14,090 | INFO  | DNAudit | user=null | ip=null | op=WRITE_CHUNK {blockData=conID: 1 locID: 102650154452189801 bcsId: 4070} | ret=SUCCESS |  
2019-08-20 16:04:14,090 | INFO  | DNAudit | user=null | ip=null | op=PUT_BLOCK {blockData=[blockId=conID: 1 locID: 102650154452189801 bcsId: 0,size=3145728]} | ret=SUCCESS |  
2019-08-20 16:04:14,093 | INFO  | DNAudit | user=null | ip=null | op=WRITE_CHUNK {blockData=conID: 1 locID: 102650154452189801 bcsId: 4070} | ret=SUCCESS |  
2019-08-20 16:04:14,093 | INFO  | DNAudit | user=null | ip=null | op=PUT_BLOCK {blockData=[blockId=conID: 1 locID: 102650154452189801 bcsId: 0,size=3145728]} | ret=SUCCESS |  
2019-08-20 16:04:14,097 | INFO  | DNAudit | user=null | ip=null | op=WRITE_CHUNK {blockData=conID: 1 locID: 102650154452189801 bcsId: 4075} | ret=SUCCESS |  
2019-08-20 16:04:14,100 | INFO  | DNAudit | user=null | ip=null | op=WRITE_CHUNK {blockData=conID: 1 locID: 102650154452189801 bcsId: 4075} | ret=SUCCESS |  
2019-08-20 16:04:14,101 | INFO  | DNAudit | user=null | ip=null | op=WRITE_CHUNK {blockData=conID: 1 locID: 102650154452189801 bcsId: 4075} | ret=SUCCESS |  
2019-08-20 16:04:14,103 | INFO  | DNAudit | user=null | ip=null | op=WRITE_CHUNK {blockData=conID: 1 locID: 102650154452189801 bcsId: 4075} | ret=SUCCESS |  
2019-08-20 16:04:14,103 | INFO  | DNAudit | user=null | ip=null | op=PUT_BLOCK {blockData=[blockId=conID: 1 locID: 102650154452189801 bcsId: 0,size=4194304]} | ret=SUCCESS |  
2019-08-20 16:04:14,103 [grpc-default-executor-1] INFO  client.GrpcClientProtocolClient (GrpcClientProtocolClient.java:onNext(255)) - client-EAA342753240->9a4a4c23-9ff3-4ce3-a619-2c71c0869997: receive RaftClientReply:client-EAA342753240->9a4a4c23-9ff3-4ce3-a619-2c71c0869997@group-EC4211DF0353, cid=2739, SUCCESS, logIndex=4078, commits[9a4a4c23-9ff3-4ce3-a619-2c71c0869997:c4079, 9b0072ab-15b3-4973-9bcb-7fa02f6bfea9:c4075, 9f215ef2-7d46-4cda-b695-cae1b893f75f:c4077]
2019-08-20 16:04:14,104 [grpc-default-executor-1] INFO  client.GrpcClientProtocolClient (GrpcClientProtocolClient.java:onNext(255)) - client-EAA342753240->9a4a4c23-9ff3-4ce3-a619-2c71c0869997: receive RaftClientReply:client-EAA342753240->9a4a4c23-9ff3-4ce3-a619-2c71c0869997@group-EC4211DF0353, cid=2740, SUCCESS, logIndex=4079, commits[9a4a4c23-9ff3-4ce3-a619-2c71c0869997:c4079, 9b0072ab-15b3-4973-9bcb-7fa02f6bfea9:c4077, 9f215ef2-7d46-4cda-b695-cae1b893f75f:c4077]
2019-08-20 16:04:14,105 | INFO  | DNAudit | user=null | ip=null | op=WRITE_CHUNK {blockData=conID: 1 locID: 102650154452189801 bcsId: 4075} | ret=SUCCESS |  
2019-08-20 16:04:14,106 | INFO  | DNAudit | user=null | ip=null | op=WRITE_CHUNK {blockData=conID: 1 locID: 102650154452189801 bcsId: 4075} | ret=SUCCESS |  
2019-08-20 16:04:14,106 | INFO  | DNAudit | user=null | ip=null | op=PUT_BLOCK {blockData=[blockId=conID: 1 locID: 102650154452189801 bcsId: 0,size=4194304]} | ret=SUCCESS |  
2019-08-20 16:04:14,108 | INFO  | DNAudit | user=null | ip=null | op=PUT_BLOCK {blockData=[blockId=conID: 1 locID: 102650154452189801 bcsId: 0,size=4194304]} | ret=SUCCESS |  
2019-08-20 16:04:14,108 [grpc-default-executor-0] INFO  client.GrpcClientProtocolClient (GrpcClientProtocolClient.java:onNext(255)) - client-EAA342753240->9a4a4c23-9ff3-4ce3-a619-2c71c0869997: receive RaftClientReply:client-EAA342753240->9a4a4c23-9ff3-4ce3-a619-2c71c0869997@group-EC4211DF0353, cid=2741, SUCCESS, logIndex=0, commits[9a4a4c23-9ff3-4ce3-a619-2c71c0869997:c4081, 9b0072ab-15b3-4973-9bcb-7fa02f6bfea9:c4079, 9f215ef2-7d46-4cda-b695-cae1b893f75f:c4079]
2019-08-20 16:04:14,115 | INFO  | SCMAudit | user=jenkins1000 | ip=192.168.69.96 | op=ALLOCATE_BLOCK {owner=ea4851f9-218c-4af7-91b4-edb777a4888c, size=4194304, type=RATIS, factor=THREE} | ret=SUCCESS |  
2019-08-20 16:04:14,118 | INFO  | OMAudit | user=jenkins1000 | ip=127.0.0.1 | op=ALLOCATE_BLOCK {volume=vol-0-94146, bucket=bucket-0-90789, key=key-0-25609, dataSize=0, replicationType=null, replicationFactor=null, keyLocationInfo=null, clientID=102650152704082322} | ret=SUCCESS |  
2019-08-20 16:04:14,126 | INFO  | DNAudit | user=null | ip=null | op=WRITE_CHUNK {blockData=conID: 2 locID: 102650154458481258 bcsId: 0} | ret=SUCCESS |  
2019-08-20 16:04:14,129 | INFO  | DNAudit | user=null | ip=null | op=WRITE_CHUNK {blockData=conID: 2 locID: 102650154458481258 bcsId: 0} | ret=SUCCESS |  
2019-08-20 16:04:14,130 | INFO  | DNAudit | user=null | ip=null | op=WRITE_CHUNK {blockData=conID: 2 locID: 102650154458481258 bcsId: 0} | ret=SUCCESS |  
2019-08-20 16:04:14,131 | INFO  | DNAudit | user=null | ip=null | op=WRITE_CHUNK {blockData=conID: 2 locID: 102650154458481258 bcsId: 0} | ret=SUCCESS |  
2019-08-20 16:04:14,132 | INFO  | DNAudit | user=null | ip=null | op=WRITE_CHUNK {blockData=conID: 2 locID: 102650154458481258 bcsId: 0} | ret=SUCCESS |  
2019-08-20 16:04:14,132 | INFO  | DNAudit | user=null | ip=null | op=WRITE_CHUNK {blockData=conID: 2 locID: 102650154458481258 bcsId: 0} | ret=SUCCESS |  
2019-08-20 16:04:14,133 | INFO  | DNAudit | user=null | ip=null | op=WRITE_CHUNK {blockData=conID: 2 locID: 102650154458481258 bcsId: 0} | ret=SUCCESS |  
2019-08-20 16:04:14,133 | INFO  | DNAudit | user=null | ip=null | op=PUT_BLOCK {blockData=[blockId=conID: 2 locID: 102650154458481258 bcsId: 0,size=1048576]} | ret=SUCCESS |  
2019-08-20 16:04:14,133 [grpc-default-executor-0] INFO  client.GrpcClientProtocolClient (GrpcClientProtocolClient.java:onNext(255)) - client-EAA342753240->9a4a4c23-9ff3-4ce3-a619-2c71c0869997: receive RaftClientReply:client-EAA342753240->9a4a4c23-9ff3-4ce3-a619-2c71c0869997@group-EC4211DF0353, cid=2742, SUCCESS, logIndex=4082, commits[9a4a4c23-9ff3-4ce3-a619-2c71c0869997:c4083, 9b0072ab-15b3-4973-9bcb-7fa02f6bfea9:c4079, 9f215ef2-7d46-4cda-b695-cae1b893f75f:c4081]
2019-08-20 16:04:14,134 [grpc-default-executor-0] INFO  client.GrpcClientProtocolClient (GrpcClientProtocolClient.java:onNext(255)) - client-EAA342753240->9a4a4c23-9ff3-4ce3-a619-2c71c0869997: receive RaftClientReply:client-EAA342753240->9a4a4c23-9ff3-4ce3-a619-2c71c0869997@group-EC4211DF0353, cid=2743, SUCCESS, logIndex=4083, commits[9a4a4c23-9ff3-4ce3-a619-2c71c0869997:c4083, 9b0072ab-15b3-4973-9bcb-7fa02f6bfea9:c4081, 9f215ef2-7d46-4cda-b695-cae1b893f75f:c4081]
2019-08-20 16:04:14,136 | INFO  | DNAudit | user=null | ip=null | op=WRITE_CHUNK {blockData=conID: 2 locID: 102650154458481258 bcsId: 0} | ret=SUCCESS |  
2019-08-20 16:04:14,136 | INFO  | DNAudit | user=null | ip=null | op=WRITE_CHUNK {blockData=conID: 2 locID: 102650154458481258 bcsId: 0} | ret=SUCCESS |  
2019-08-20 16:04:14,136 | INFO  | DNAudit | user=null | ip=null | op=PUT_BLOCK {blockData=[blockId=conID: 2 locID: 102650154458481258 bcsId: 0,size=1048576]} | ret=SUCCESS |  
2019-08-20 16:04:14,137 | INFO  | DNAudit | user=null | ip=null | op=PUT_BLOCK {blockData=[blockId=conID: 2 locID: 102650154458481258 bcsId: 0,size=2097152]} | ret=SUCCESS |  
2019-08-20 16:04:14,137 [grpc-default-executor-3] INFO  client.GrpcClientProtocolClient (GrpcClientProtocolClient.java:onNext(255)) - client-EAA342753240->9a4a4c23-9ff3-4ce3-a619-2c71c0869997: receive RaftClientReply:client-EAA342753240->9a4a4c23-9ff3-4ce3-a619-2c71c0869997@group-EC4211DF0353, cid=2744, SUCCESS, logIndex=4084, commits[9a4a4c23-9ff3-4ce3-a619-2c71c0869997:c4086, 9b0072ab-15b3-4973-9bcb-7fa02f6bfea9:c4083, 9f215ef2-7d46-4cda-b695-cae1b893f75f:c4081]
2019-08-20 16:04:14,137 [grpc-default-executor-3] INFO  client.GrpcClientProtocolClient (GrpcClientProtocolClient.java:onNext(255)) - client-EAA342753240->9a4a4c23-9ff3-4ce3-a619-2c71c0869997: receive RaftClientReply:client-EAA342753240->9a4a4c23-9ff3-4ce3-a619-2c71c0869997@group-EC4211DF0353, cid=2745, SUCCESS, logIndex=4085, commits[9a4a4c23-9ff3-4ce3-a619-2c71c0869997:c4086, 9b0072ab-15b3-4973-9bcb-7fa02f6bfea9:c4083, 9f215ef2-7d46-4cda-b695-cae1b893f75f:c4081]
2019-08-20 16:04:14,138 | INFO  | DNAudit | user=null | ip=null | op=WRITE_CHUNK {blockData=conID: 2 locID: 102650154458481258 bcsId: 0} | ret=SUCCESS |  
2019-08-20 16:04:14,139 | INFO  | DNAudit | user=null | ip=null | op=PUT_BLOCK {blockData=[blockId=conID: 2 locID: 102650154458481258 bcsId: 0,size=1048576]} | ret=SUCCESS |  
2019-08-20 16:04:14,139 [grpc-default-executor-0] INFO  client.GrpcClientProtocolClient (GrpcClientProtocolClient.java:onNext(255)) - client-EAA342753240->9a4a4c23-9ff3-4ce3-a619-2c71c0869997: receive RaftClientReply:client-EAA342753240->9a4a4c23-9ff3-4ce3-a619-2c71c0869997@group-EC4211DF0353, cid=2746, SUCCESS, logIndex=0, commits[9a4a4c23-9ff3-4ce3-a619-2c71c0869997:c4086, 9b0072ab-15b3-4973-9bcb-7fa02f6bfea9:c4083, 9f215ef2-7d46-4cda-b695-cae1b893f75f:c4083]
2019-08-20 16:04:14,140 | INFO  | DNAudit | user=null | ip=null | op=WRITE_CHUNK {blockData=conID: 2 locID: 102650154458481258 bcsId: 0} | ret=SUCCESS |  
2019-08-20 16:04:14,141 | INFO  | DNAudit | user=null | ip=null | op=PUT_BLOCK {blockData=[blockId=conID: 2 locID: 102650154458481258 bcsId: 0,size=2097152]} | ret=SUCCESS |  
2019-08-20 16:04:14,141 | INFO  | DNAudit | user=null | ip=null | op=WRITE_CHUNK {blockData=conID: 2 locID: 102650154458481258 bcsId: 0} | ret=SUCCESS |  
2019-08-20 16:04:14,141 | INFO  | DNAudit | user=null | ip=null | op=PUT_BLOCK {blockData=[blockId=conID: 2 locID: 102650154458481258 bcsId: 0,size=2097152]} | ret=SUCCESS |  
2019-08-20 16:04:14,147 | INFO  | DNAudit | user=null | ip=null | op=WRITE_CHUNK {blockData=conID: 2 locID: 102650154458481258 bcsId: 4085} | ret=SUCCESS |  
2019-08-20 16:04:14,149 | INFO  | DNAudit | user=null | ip=null | op=WRITE_CHUNK {blockData=conID: 2 locID: 102650154458481258 bcsId: 4085} | ret=SUCCESS |  
2019-08-20 16:04:14,149 | INFO  | DNAudit | user=null | ip=null | op=WRITE_CHUNK {blockData=conID: 2 locID: 102650154458481258 bcsId: 4085} | ret=SUCCESS |  
2019-08-20 16:04:14,151 | INFO  | DNAudit | user=null | ip=null | op=WRITE_CHUNK {blockData=conID: 2 locID: 102650154458481258 bcsId: 4085} | ret=SUCCESS |  
2019-08-20 16:04:14,152 | INFO  | DNAudit | user=null | ip=null | op=PUT_BLOCK {blockData=[blockId=conID: 2 locID: 102650154458481258 bcsId: 0,size=3145728]} | ret=SUCCESS |  
2019-08-20 16:04:14,152 [grpc-default-executor-0] INFO  client.GrpcClientProtocolClient (GrpcClientProtocolClient.java:onNext(255)) - client-EAA342753240->9a4a4c23-9ff3-4ce3-a619-2c71c0869997: receive RaftClientReply:client-EAA342753240->9a4a4c23-9ff3-4ce3-a619-2c71c0869997@group-EC4211DF0353, cid=2747, SUCCESS, logIndex=4090, commits[9a4a4c23-9ff3-4ce3-a619-2c71c0869997:c4091, 9b0072ab-15b3-4973-9bcb-7fa02f6bfea9:c4089, 9f215ef2-7d46-4cda-b695-cae1b893f75f:c4089]
2019-08-20 16:04:14,152 [grpc-default-executor-0] INFO  client.GrpcClientProtocolClient (GrpcClientProtocolClient.java:onNext(255)) - client-EAA342753240->9a4a4c23-9ff3-4ce3-a619-2c71c0869997: receive RaftClientReply:client-EAA342753240->9a4a4c23-9ff3-4ce3-a619-2c71c0869997@group-EC4211DF0353, cid=2748, SUCCESS, logIndex=4091, commits[9a4a4c23-9ff3-4ce3-a619-2c71c0869997:c4091, 9b0072ab-15b3-4973-9bcb-7fa02f6bfea9:c4089, 9f215ef2-7d46-4cda-b695-cae1b893f75f:c4089]
2019-08-20 16:04:14,154 | INFO  | DNAudit | user=null | ip=null | op=WRITE_CHUNK {blockData=conID: 2 locID: 102650154458481258 bcsId: 4085} | ret=SUCCESS |  
2019-08-20 16:04:14,155 | INFO  | DNAudit | user=null | ip=null | op=WRITE_CHUNK {blockData=conID: 2 locID: 102650154458481258 bcsId: 4085} | ret=SUCCESS |  
2019-08-20 16:04:14,158 | INFO  | DNAudit | user=null | ip=null | op=PUT_BLOCK {blockData=[blockId=conID: 2 locID: 102650154458481258 bcsId: 0,size=3145728]} | ret=SUCCESS |  
2019-08-20 16:04:14,158 | INFO  | DNAudit | user=null | ip=null | op=PUT_BLOCK {blockData=[blockId=conID: 2 locID: 102650154458481258 bcsId: 0,size=3145728]} | ret=SUCCESS |  
2019-08-20 16:04:14,160 | INFO  | DNAudit | user=null | ip=null | op=WRITE_CHUNK {blockData=conID: 2 locID: 102650154458481258 bcsId: 4091} | ret=SUCCESS |  
2019-08-20 16:04:14,162 | INFO  | DNAudit | user=null | ip=null | op=WRITE_CHUNK {blockData=conID: 2 locID: 102650154458481258 bcsId: 4091} | ret=SUCCESS |  
2019-08-20 16:04:14,162 | INFO  | DNAudit | user=null | ip=null | op=WRITE_CHUNK {blockData=conID: 2 locID: 102650154458481258 bcsId: 4091} | ret=SUCCESS |  
2019-08-20 16:04:14,165 | INFO  | DNAudit | user=null | ip=null | op=WRITE_CHUNK {blockData=conID: 2 locID: 102650154458481258 bcsId: 4091} | ret=SUCCESS |  
2019-08-20 16:04:14,165 | INFO  | DNAudit | user=null | ip=null | op=PUT_BLOCK {blockData=[blockId=conID: 2 locID: 102650154458481258 bcsId: 0,size=4194304]} | ret=SUCCESS |  
2019-08-20 16:04:14,166 [grpc-default-executor-0] INFO  client.GrpcClientProtocolClient (GrpcClientProtocolClient.java:onNext(255)) - client-EAA342753240->9a4a4c23-9ff3-4ce3-a619-2c71c0869997: receive RaftClientReply:client-EAA342753240->9a4a4c23-9ff3-4ce3-a619-2c71c0869997@group-EC4211DF0353, cid=2749, SUCCESS, logIndex=4094, commits[9a4a4c23-9ff3-4ce3-a619-2c71c0869997:c4095, 9b0072ab-15b3-4973-9bcb-7fa02f6bfea9:c4093, 9f215ef2-7d46-4cda-b695-cae1b893f75f:c4093]
2019-08-20 16:04:14,166 [grpc-default-executor-0] INFO  client.GrpcClientProtocolClient (GrpcClientProtocolClient.java:onNext(255)) - client-EAA342753240->9a4a4c23-9ff3-4ce3-a619-2c71c0869997: receive RaftClientReply:client-EAA342753240->9a4a4c23-9ff3-4ce3-a619-2c71c0869997@group-EC4211DF0353, cid=2750, SUCCESS, logIndex=4095, commits[9a4a4c23-9ff3-4ce3-a619-2c71c0869997:c4095, 9b0072ab-15b3-4973-9bcb-7fa02f6bfea9:c4093, 9f215ef2-7d46-4cda-b695-cae1b893f75f:c4093]
2019-08-20 16:04:14,166 | INFO  | DNAudit | user=null | ip=null | op=WRITE_CHUNK {blockData=conID: 2 locID: 102650154458481258 bcsId: 4091} | ret=SUCCESS |  
2019-08-20 16:04:14,168 | INFO  | DNAudit | user=null | ip=null | op=WRITE_CHUNK {blockData=conID: 2 locID: 102650154458481258 bcsId: 4091} | ret=SUCCESS |  
2019-08-20 16:04:14,168 | INFO  | DNAudit | user=null | ip=null | op=PUT_BLOCK {blockData=[blockId=conID: 2 locID: 102650154458481258 bcsId: 0,size=4194304]} | ret=SUCCESS |  
2019-08-20 16:04:14,169 | INFO  | DNAudit | user=null | ip=null | op=PUT_BLOCK {blockData=[blockId=conID: 2 locID: 102650154458481258 bcsId: 0,size=4194304]} | ret=SUCCESS |  
2019-08-20 16:04:14,169 [grpc-default-executor-0] INFO  client.GrpcClientProtocolClient (GrpcClientProtocolClient.java:onNext(255)) - client-EAA342753240->9a4a4c23-9ff3-4ce3-a619-2c71c0869997: receive RaftClientReply:client-EAA342753240->9a4a4c23-9ff3-4ce3-a619-2c71c0869997@group-EC4211DF0353, cid=2751, SUCCESS, logIndex=0, commits[9a4a4c23-9ff3-4ce3-a619-2c71c0869997:c4097, 9b0072ab-15b3-4973-9bcb-7fa02f6bfea9:c4095, 9f215ef2-7d46-4cda-b695-cae1b893f75f:c4095]
2019-08-20 16:04:14,176 | INFO  | SCMAudit | user=jenkins1000 | ip=192.168.69.96 | op=ALLOCATE_BLOCK {owner=ea4851f9-218c-4af7-91b4-edb777a4888c, size=4194304, type=RATIS, factor=THREE} | ret=SUCCESS |  
2019-08-20 16:04:14,180 | INFO  | OMAudit | user=jenkins1000 | ip=127.0.0.1 | op=ALLOCATE_BLOCK {volume=vol-0-94146, bucket=bucket-0-90789, key=key-0-25609, dataSize=0, replicationType=null, replicationFactor=null, keyLocationInfo=null, clientID=102650152704082322} | ret=SUCCESS |  
2019-08-20 16:04:14,188 | INFO  | DNAudit | user=null | ip=null | op=WRITE_CHUNK {blockData=conID: 3 locID: 102650154462478955 bcsId: 0} | ret=SUCCESS |  
2019-08-20 16:04:14,191 | INFO  | DNAudit | user=null | ip=null | op=WRITE_CHUNK {blockData=conID: 3 locID: 102650154462478955 bcsId: 0} | ret=SUCCESS |  
2019-08-20 16:04:14,191 | INFO  | DNAudit | user=null | ip=null | op=WRITE_CHUNK {blockData=conID: 3 locID: 102650154462478955 bcsId: 0} | ret=SUCCESS |  
2019-08-20 16:04:14,192 | INFO  | DNAudit | user=null | ip=null | op=WRITE_CHUNK {blockData=conID: 3 locID: 102650154462478955 bcsId: 0} | ret=SUCCESS |  
2019-08-20 16:04:14,193 | INFO  | DNAudit | user=null | ip=null | op=WRITE_CHUNK {blockData=conID: 3 locID: 102650154462478955 bcsId: 0} | ret=SUCCESS |  
2019-08-20 16:04:14,193 | INFO  | DNAudit | user=null | ip=null | op=WRITE_CHUNK {blockData=conID: 3 locID: 102650154462478955 bcsId: 0} | ret=SUCCESS |  
2019-08-20 16:04:14,200 | INFO  | DNAudit | user=null | ip=null | op=WRITE_CHUNK {blockData=conID: 3 locID: 102650154462478955 bcsId: 0} | ret=SUCCESS |  
2019-08-20 16:04:14,200 | INFO  | DNAudit | user=null | ip=null | op=PUT_BLOCK {blockData=[blockId=conID: 3 locID: 102650154462478955 bcsId: 0,size=1048576]} | ret=SUCCESS |  
2019-08-20 16:04:14,201 | INFO  | DNAudit | user=null | ip=null | op=WRITE_CHUNK {blockData=conID: 3 locID: 102650154462478955 bcsId: 0} | ret=SUCCESS |  
2019-08-20 16:04:14,200 [grpc-default-executor-0] INFO  client.GrpcClientProtocolClient (GrpcClientProtocolClient.java:onNext(255)) - client-EAA342753240->9a4a4c23-9ff3-4ce3-a619-2c71c0869997: receive RaftClientReply:client-EAA342753240->9a4a4c23-9ff3-4ce3-a619-2c71c0869997@group-EC4211DF0353, cid=2752, SUCCESS, logIndex=4098, commits[9a4a4c23-9ff3-4ce3-a619-2c71c0869997:c4100, 9b0072ab-15b3-4973-9bcb-7fa02f6bfea9:c4097, 9f215ef2-7d46-4cda-b695-cae1b893f75f:c4097]
2019-08-20 16:04:14,201 | INFO  | DNAudit | user=null | ip=null | op=PUT_BLOCK {blockData=[blockId=conID: 3 locID: 102650154462478955 bcsId: 0,size=2097152]} | ret=SUCCESS |  
2019-08-20 16:04:14,201 [grpc-default-executor-0] INFO  client.GrpcClientProtocolClient (GrpcClientProtocolClient.java:onNext(255)) - client-EAA342753240->9a4a4c23-9ff3-4ce3-a619-2c71c0869997: receive RaftClientReply:client-EAA342753240->9a4a4c23-9ff3-4ce3-a619-2c71c0869997@group-EC4211DF0353, cid=2753, SUCCESS, logIndex=4099, commits[9a4a4c23-9ff3-4ce3-a619-2c71c0869997:c4101, 9b0072ab-15b3-4973-9bcb-7fa02f6bfea9:c4097, 9f215ef2-7d46-4cda-b695-cae1b893f75f:c4097]
2019-08-20 16:04:14,201 | INFO  | DNAudit | user=null | ip=null | op=WRITE_CHUNK {blockData=conID: 3 locID: 102650154462478955 bcsId: 0} | ret=SUCCESS |  
2019-08-20 16:04:14,202 [grpc-default-executor-0] INFO  client.GrpcClientProtocolClient (GrpcClientProtocolClient.java:onNext(255)) - client-EAA342753240->9a4a4c23-9ff3-4ce3-a619-2c71c0869997: receive RaftClientReply:client-EAA342753240->9a4a4c23-9ff3-4ce3-a619-2c71c0869997@group-EC4211DF0353, cid=2754, SUCCESS, logIndex=4100, commits[9a4a4c23-9ff3-4ce3-a619-2c71c0869997:c4101, 9b0072ab-15b3-4973-9bcb-7fa02f6bfea9:c4097, 9f215ef2-7d46-4cda-b695-cae1b893f75f:c4097]
2019-08-20 16:04:14,202 | INFO  | DNAudit | user=null | ip=null | op=WRITE_CHUNK {blockData=conID: 3 locID: 102650154462478955 bcsId: 0} | ret=SUCCESS |  
2019-08-20 16:04:14,202 [grpc-default-executor-5] INFO  client.GrpcClientProtocolClient (GrpcClientProtocolClient.java:onNext(255)) - client-EAA342753240->9a4a4c23-9ff3-4ce3-a619-2c71c0869997: receive RaftClientReply:client-EAA342753240->9a4a4c23-9ff3-4ce3-a619-2c71c0869997@group-EC4211DF0353, cid=2755, SUCCESS, logIndex=4101, commits[9a4a4c23-9ff3-4ce3-a619-2c71c0869997:c4101, 9b0072ab-15b3-4973-9bcb-7fa02f6bfea9:c4097, 9f215ef2-7d46-4cda-b695-cae1b893f75f:c4097]
2019-08-20 16:04:14,202 | INFO  | DNAudit | user=null | ip=null | op=PUT_BLOCK {blockData=[blockId=conID: 3 locID: 102650154462478955 bcsId: 0,size=1048576]} | ret=SUCCESS |  
2019-08-20 16:04:14,203 | INFO  | DNAudit | user=null | ip=null | op=PUT_BLOCK {blockData=[blockId=conID: 3 locID: 102650154462478955 bcsId: 0,size=1048576]} | ret=SUCCESS |  
2019-08-20 16:04:14,203 | INFO  | DNAudit | user=null | ip=null | op=WRITE_CHUNK {blockData=conID: 3 locID: 102650154462478955 bcsId: 0} | ret=SUCCESS |  
2019-08-20 16:04:14,203 | INFO  | DNAudit | user=null | ip=null | op=PUT_BLOCK {blockData=[blockId=conID: 3 locID: 102650154462478955 bcsId: 0,size=2097152]} | ret=SUCCESS |  
2019-08-20 16:04:14,203 | INFO  | DNAudit | user=null | ip=null | op=WRITE_CHUNK {blockData=conID: 3 locID: 102650154462478955 bcsId: 0} | ret=SUCCESS |  
2019-08-20 16:04:14,204 | INFO  | DNAudit | user=null | ip=null | op=PUT_BLOCK {blockData=[blockId=conID: 3 locID: 102650154462478955 bcsId: 0,size=2097152]} | ret=SUCCESS |  
2019-08-20 16:04:14,204 [grpc-default-executor-1] INFO  client.GrpcClientProtocolClient (GrpcClientProtocolClient.java:onNext(255)) - client-EAA342753240->9a4a4c23-9ff3-4ce3-a619-2c71c0869997: receive RaftClientReply:client-EAA342753240->9a4a4c23-9ff3-4ce3-a619-2c71c0869997@group-EC4211DF0353, cid=2756, SUCCESS, logIndex=0, commits[9a4a4c23-9ff3-4ce3-a619-2c71c0869997:c4102, 9b0072ab-15b3-4973-9bcb-7fa02f6bfea9:c4099, 9f215ef2-7d46-4cda-b695-cae1b893f75f:c4099]
2019-08-20 16:04:14,210 | INFO  | DNAudit | user=null | ip=null | op=WRITE_CHUNK {blockData=conID: 3 locID: 102650154462478955 bcsId: 4101} | ret=SUCCESS |  
2019-08-20 16:04:14,213 | INFO  | DNAudit | user=null | ip=null | op=WRITE_CHUNK {blockData=conID: 3 locID: 102650154462478955 bcsId: 4101} | ret=SUCCESS |  
2019-08-20 16:04:14,213 | INFO  | DNAudit | user=null | ip=null | op=WRITE_CHUNK {blockData=conID: 3 locID: 102650154462478955 bcsId: 4101} | ret=SUCCESS |  
2019-08-20 16:04:14,223 | INFO  | DNAudit | user=null | ip=null | op=WRITE_CHUNK {blockData=conID: 3 locID: 102650154462478955 bcsId: 4101} | ret=SUCCESS |  
2019-08-20 16:04:14,223 | INFO  | DNAudit | user=null | ip=null | op=PUT_BLOCK {blockData=[blockId=conID: 3 locID: 102650154462478955 bcsId: 0,size=3145728]} | ret=SUCCESS |  
2019-08-20 16:04:14,223 [grpc-default-executor-5] INFO  client.GrpcClientProtocolClient (GrpcClientProtocolClient.java:onNext(255)) - client-EAA342753240->9a4a4c23-9ff3-4ce3-a619-2c71c0869997: receive RaftClientReply:client-EAA342753240->9a4a4c23-9ff3-4ce3-a619-2c71c0869997@group-EC4211DF0353, cid=2757, SUCCESS, logIndex=4106, commits[9a4a4c23-9ff3-4ce3-a619-2c71c0869997:c4107, 9b0072ab-15b3-4973-9bcb-7fa02f6bfea9:c4105, 9f215ef2-7d46-4cda-b695-cae1b893f75f:c4105]
2019-08-20 16:04:14,224 [grpc-default-executor-5] INFO  client.GrpcClientProtocolClient (GrpcClientProtocolClient.java:onNext(255)) - client-EAA342753240->9a4a4c23-9ff3-4ce3-a619-2c71c0869997: receive RaftClientReply:client-EAA342753240->9a4a4c23-9ff3-4ce3-a619-2c71c0869997@group-EC4211DF0353, cid=2758, SUCCESS, logIndex=4107, commits[9a4a4c23-9ff3-4ce3-a619-2c71c0869997:c4107, 9b0072ab-15b3-4973-9bcb-7fa02f6bfea9:c4105, 9f215ef2-7d46-4cda-b695-cae1b893f75f:c4105]
2019-08-20 16:04:14,230 | INFO  | DNAudit | user=null | ip=null | op=WRITE_CHUNK {blockData=conID: 3 locID: 102650154462478955 bcsId: 4107} | ret=SUCCESS |  
2019-08-20 16:04:14,232 | INFO  | DNAudit | user=null | ip=null | op=WRITE_CHUNK {blockData=conID: 3 locID: 102650154462478955 bcsId: 4107} | ret=SUCCESS |  
2019-08-20 16:04:14,232 | INFO  | DNAudit | user=null | ip=null | op=WRITE_CHUNK {blockData=conID: 3 locID: 102650154462478955 bcsId: 4107} | ret=SUCCESS |  
2019-08-20 16:04:14,383 | INFO  | DNAudit | user=null | ip=null | op=WRITE_CHUNK {blockData=conID: 3 locID: 102650154462478955 bcsId: 4101} | ret=SUCCESS |  
2019-08-20 16:04:14,383 | INFO  | DNAudit | user=null | ip=null | op=WRITE_CHUNK {blockData=conID: 3 locID: 102650154462478955 bcsId: 4101} | ret=SUCCESS |  
2019-08-20 16:04:14,397 | INFO  | DNAudit | user=null | ip=null | op=PUT_BLOCK {blockData=[blockId=conID: 3 locID: 102650154462478955 bcsId: 0,size=3145728]} | ret=SUCCESS |  
2019-08-20 16:04:14,397 | INFO  | DNAudit | user=null | ip=null | op=PUT_BLOCK {blockData=[blockId=conID: 3 locID: 102650154462478955 bcsId: 0,size=3145728]} | ret=SUCCESS |  
2019-08-20 16:04:14,397 | INFO  | DNAudit | user=null | ip=null | op=WRITE_CHUNK {blockData=conID: 3 locID: 102650154462478955 bcsId: 4107} | ret=SUCCESS |  
2019-08-20 16:04:14,398 | INFO  | DNAudit | user=null | ip=null | op=PUT_BLOCK {blockData=[blockId=conID: 3 locID: 102650154462478955 bcsId: 0,size=4194304]} | ret=SUCCESS |  
2019-08-20 16:04:14,398 [grpc-default-executor-1] INFO  client.GrpcClientProtocolClient (GrpcClientProtocolClient.java:onNext(255)) - client-EAA342753240->9a4a4c23-9ff3-4ce3-a619-2c71c0869997: receive RaftClientReply:client-EAA342753240->9a4a4c23-9ff3-4ce3-a619-2c71c0869997@group-EC4211DF0353, cid=2759, SUCCESS, logIndex=4110, commits[9a4a4c23-9ff3-4ce3-a619-2c71c0869997:c4111, 9b0072ab-15b3-4973-9bcb-7fa02f6bfea9:c4107, 9f215ef2-7d46-4cda-b695-cae1b893f75f:c4107]
2019-08-20 16:04:14,398 [grpc-default-executor-1] INFO  client.GrpcClientProtocolClient (GrpcClientProtocolClient.java:onNext(255)) - client-EAA342753240->9a4a4c23-9ff3-4ce3-a619-2c71c0869997: receive RaftClientReply:client-EAA342753240->9a4a4c23-9ff3-4ce3-a619-2c71c0869997@group-EC4211DF0353, cid=2760, SUCCESS, logIndex=4111, commits[9a4a4c23-9ff3-4ce3-a619-2c71c0869997:c4111, 9b0072ab-15b3-4973-9bcb-7fa02f6bfea9:c4107, 9f215ef2-7d46-4cda-b695-cae1b893f75f:c4107]
2019-08-20 16:04:14,409 | INFO  | DNAudit | user=null | ip=null | op=WRITE_CHUNK {blockData=conID: 3 locID: 102650154462478955 bcsId: 4107} | ret=SUCCESS |  
2019-08-20 16:04:14,409 | INFO  | DNAudit | user=null | ip=null | op=WRITE_CHUNK {blockData=conID: 3 locID: 102650154462478955 bcsId: 4107} | ret=SUCCESS |  
2019-08-20 16:04:14,409 | INFO  | DNAudit | user=null | ip=null | op=PUT_BLOCK {blockData=[blockId=conID: 3 locID: 102650154462478955 bcsId: 0,size=4194304]} | ret=SUCCESS |  
2019-08-20 16:04:14,409 | INFO  | DNAudit | user=null | ip=null | op=PUT_BLOCK {blockData=[blockId=conID: 3 locID: 102650154462478955 bcsId: 0,size=4194304]} | ret=SUCCESS |  
2019-08-20 16:04:14,410 [grpc-default-executor-1] INFO  client.GrpcClientProtocolClient (GrpcClientProtocolClient.java:onNext(255)) - client-EAA342753240->9a4a4c23-9ff3-4ce3-a619-2c71c0869997: receive RaftClientReply:client-EAA342753240->9a4a4c23-9ff3-4ce3-a619-2c71c0869997@group-EC4211DF0353, cid=2761, SUCCESS, logIndex=0, commits[9a4a4c23-9ff3-4ce3-a619-2c71c0869997:c4112, 9b0072ab-15b3-4973-9bcb-7fa02f6bfea9:c4111, 9f215ef2-7d46-4cda-b695-cae1b893f75f:c4111]
2019-08-20 16:04:14,416 | INFO  | SCMAudit | user=jenkins1000 | ip=192.168.69.96 | op=ALLOCATE_BLOCK {owner=ea4851f9-218c-4af7-91b4-edb777a4888c, size=4194304, type=RATIS, factor=THREE} | ret=SUCCESS |  
2019-08-20 16:04:14,421 | INFO  | OMAudit | user=jenkins1000 | ip=127.0.0.1 | op=ALLOCATE_BLOCK {volume=vol-0-94146, bucket=bucket-0-90789, key=key-0-25609, dataSize=0, replicationType=null, replicationFactor=null, keyLocationInfo=null, clientID=102650152704082322} | ret=SUCCESS |  
2019-08-20 16:04:14,429 | INFO  | DNAudit | user=null | ip=null | op=WRITE_CHUNK {blockData=conID: 1 locID: 102650154478207596 bcsId: 0} | ret=SUCCESS |  
2019-08-20 16:04:14,432 | INFO  | DNAudit | user=null | ip=null | op=WRITE_CHUNK {blockData=conID: 1 locID: 102650154478207596 bcsId: 0} | ret=SUCCESS |  
2019-08-20 16:04:14,433 | INFO  | DNAudit | user=null | ip=null | op=WRITE_CHUNK {blockData=conID: 1 locID: 102650154478207596 bcsId: 0} | ret=SUCCESS |  
2019-08-20 16:04:14,433 | INFO  | DNAudit | user=null | ip=null | op=WRITE_CHUNK {blockData=conID: 1 locID: 102650154478207596 bcsId: 0} | ret=SUCCESS |  
2019-08-20 16:04:14,433 | INFO  | DNAudit | user=null | ip=null | op=WRITE_CHUNK {blockData=conID: 1 locID: 102650154478207596 bcsId: 0} | ret=SUCCESS |  
2019-08-20 16:04:14,434 | INFO  | DNAudit | user=null | ip=null | op=WRITE_CHUNK {blockData=conID: 1 locID: 102650154478207596 bcsId: 0} | ret=SUCCESS |  
2019-08-20 16:04:14,800 | INFO  | DNAudit | user=null | ip=null | op=WRITE_CHUNK {blockData=conID: 1 locID: 102650154478207596 bcsId: 0} | ret=SUCCESS |  
2019-08-20 16:04:14,801 | INFO  | DNAudit | user=null | ip=null | op=PUT_BLOCK {blockData=[blockId=conID: 1 locID: 102650154478207596 bcsId: 0,size=1048576]} | ret=SUCCESS |  
2019-08-20 16:04:14,801 | INFO  | DNAudit | user=null | ip=null | op=WRITE_CHUNK {blockData=conID: 1 locID: 102650154478207596 bcsId: 0} | ret=SUCCESS |  
2019-08-20 16:04:14,801 [grpc-default-executor-5] INFO  client.GrpcClientProtocolClient (GrpcClientProtocolClient.java:onNext(255)) - client-EAA342753240->9a4a4c23-9ff3-4ce3-a619-2c71c0869997: receive RaftClientReply:client-EAA342753240->9a4a4c23-9ff3-4ce3-a619-2c71c0869997@group-EC4211DF0353, cid=2762, SUCCESS, logIndex=4114, commits[9a4a4c23-9ff3-4ce3-a619-2c71c0869997:c4117, 9b0072ab-15b3-4973-9bcb-7fa02f6bfea9:c4113, 9f215ef2-7d46-4cda-b695-cae1b893f75f:c4113]
2019-08-20 16:04:14,802 | INFO  | DNAudit | user=null | ip=null | op=PUT_BLOCK {blockData=[blockId=conID: 1 locID: 102650154478207596 bcsId: 0,size=2097152]} | ret=SUCCESS |  
2019-08-20 16:04:14,802 [grpc-default-executor-5] INFO  client.GrpcClientProtocolClient (GrpcClientProtocolClient.java:onNext(255)) - client-EAA342753240->9a4a4c23-9ff3-4ce3-a619-2c71c0869997: receive RaftClientReply:client-EAA342753240->9a4a4c23-9ff3-4ce3-a619-2c71c0869997@group-EC4211DF0353, cid=2763, SUCCESS, logIndex=4115, commits[9a4a4c23-9ff3-4ce3-a619-2c71c0869997:c4117, 9b0072ab-15b3-4973-9bcb-7fa02f6bfea9:c4113, 9f215ef2-7d46-4cda-b695-cae1b893f75f:c4113]
2019-08-20 16:04:14,802 | INFO  | DNAudit | user=null | ip=null | op=WRITE_CHUNK {blockData=conID: 1 locID: 102650154478207596 bcsId: 0} | ret=SUCCESS |  
2019-08-20 16:04:14,802 [grpc-default-executor-1] INFO  client.GrpcClientProtocolClient (GrpcClientProtocolClient.java:onNext(255)) - client-EAA342753240->9a4a4c23-9ff3-4ce3-a619-2c71c0869997: receive RaftClientReply:client-EAA342753240->9a4a4c23-9ff3-4ce3-a619-2c71c0869997@group-EC4211DF0353, cid=2764, SUCCESS, logIndex=4116, commits[9a4a4c23-9ff3-4ce3-a619-2c71c0869997:c4117, 9b0072ab-15b3-4973-9bcb-7fa02f6bfea9:c4113, 9f215ef2-7d46-4cda-b695-cae1b893f75f:c4113]
2019-08-20 16:04:14,803 | INFO  | DNAudit | user=null | ip=null | op=PUT_BLOCK {blockData=[blockId=conID: 1 locID: 102650154478207596 bcsId: 0,size=1048576]} | ret=SUCCESS |  
2019-08-20 16:04:14,803 | INFO  | DNAudit | user=null | ip=null | op=WRITE_CHUNK {blockData=conID: 1 locID: 102650154478207596 bcsId: 0} | ret=SUCCESS |  
2019-08-20 16:04:14,803 [grpc-default-executor-5] INFO  client.GrpcClientProtocolClient (GrpcClientProtocolClient.java:onNext(255)) - client-EAA342753240->9a4a4c23-9ff3-4ce3-a619-2c71c0869997: receive RaftClientReply:client-EAA342753240->9a4a4c23-9ff3-4ce3-a619-2c71c0869997@group-EC4211DF0353, cid=2765, SUCCESS, logIndex=4117, commits[9a4a4c23-9ff3-4ce3-a619-2c71c0869997:c4117, 9b0072ab-15b3-4973-9bcb-7fa02f6bfea9:c4113, 9f215ef2-7d46-4cda-b695-cae1b893f75f:c4113]
2019-08-20 16:04:14,803 | INFO  | DNAudit | user=null | ip=null | op=PUT_BLOCK {blockData=[blockId=conID: 1 locID: 102650154478207596 bcsId: 0,size=1048576]} | ret=SUCCESS |  
2019-08-20 16:04:14,803 | INFO  | DNAudit | user=null | ip=null | op=WRITE_CHUNK {blockData=conID: 1 locID: 102650154478207596 bcsId: 0} | ret=SUCCESS |  
2019-08-20 16:04:14,804 | INFO  | DNAudit | user=null | ip=null | op=PUT_BLOCK {blockData=[blockId=conID: 1 locID: 102650154478207596 bcsId: 0,size=2097152]} | ret=SUCCESS |  
2019-08-20 16:04:14,804 [grpc-default-executor-5] INFO  client.GrpcClientProtocolClient (GrpcClientProtocolClient.java:onNext(255)) - client-EAA342753240->9a4a4c23-9ff3-4ce3-a619-2c71c0869997: receive RaftClientReply:client-EAA342753240->9a4a4c23-9ff3-4ce3-a619-2c71c0869997@group-EC4211DF0353, cid=2766, SUCCESS, logIndex=0, commits[9a4a4c23-9ff3-4ce3-a619-2c71c0869997:c4118, 9b0072ab-15b3-4973-9bcb-7fa02f6bfea9:c4115, 9f215ef2-7d46-4cda-b695-cae1b893f75f:c4115]
2019-08-20 16:04:14,804 | INFO  | DNAudit | user=null | ip=null | op=WRITE_CHUNK {blockData=conID: 1 locID: 102650154478207596 bcsId: 0} | ret=SUCCESS |  
2019-08-20 16:04:14,805 | INFO  | DNAudit | user=null | ip=null | op=PUT_BLOCK {blockData=[blockId=conID: 1 locID: 102650154478207596 bcsId: 0,size=2097152]} | ret=SUCCESS |  
2019-08-20 16:04:14,812 | INFO  | DNAudit | user=null | ip=null | op=WRITE_CHUNK {blockData=conID: 1 locID: 102650154478207596 bcsId: 4117} | ret=SUCCESS |  
2019-08-20 16:04:14,815 | INFO  | DNAudit | user=null | ip=null | op=WRITE_CHUNK {blockData=conID: 1 locID: 102650154478207596 bcsId: 4117} | ret=SUCCESS |  
2019-08-20 16:04:14,815 | INFO  | DNAudit | user=null | ip=null | op=WRITE_CHUNK {blockData=conID: 1 locID: 102650154478207596 bcsId: 4117} | ret=SUCCESS |  
2019-08-20 16:04:14,817 | INFO  | DNAudit | user=null | ip=null | op=WRITE_CHUNK {blockData=conID: 1 locID: 102650154478207596 bcsId: 4117} | ret=SUCCESS |  
2019-08-20 16:04:14,818 | INFO  | DNAudit | user=null | ip=null | op=PUT_BLOCK {blockData=[blockId=conID: 1 locID: 102650154478207596 bcsId: 0,size=3145728]} | ret=SUCCESS |  
2019-08-20 16:04:14,818 [grpc-default-executor-1] INFO  client.GrpcClientProtocolClient (GrpcClientProtocolClient.java:onNext(255)) - client-EAA342753240->9a4a4c23-9ff3-4ce3-a619-2c71c0869997: receive RaftClientReply:client-EAA342753240->9a4a4c23-9ff3-4ce3-a619-2c71c0869997@group-EC4211DF0353, cid=2767, SUCCESS, logIndex=4122, commits[9a4a4c23-9ff3-4ce3-a619-2c71c0869997:c4123, 9b0072ab-15b3-4973-9bcb-7fa02f6bfea9:c4121, 9f215ef2-7d46-4cda-b695-cae1b893f75f:c4121]
2019-08-20 16:04:14,819 [grpc-default-executor-1] INFO  client.GrpcClientProtocolClient (GrpcClientProtocolClient.java:onNext(255)) - client-EAA342753240->9a4a4c23-9ff3-4ce3-a619-2c71c0869997: receive RaftClientReply:client-EAA342753240->9a4a4c23-9ff3-4ce3-a619-2c71c0869997@group-EC4211DF0353, cid=2768, SUCCESS, logIndex=4123, commits[9a4a4c23-9ff3-4ce3-a619-2c71c0869997:c4123, 9b0072ab-15b3-4973-9bcb-7fa02f6bfea9:c4121, 9f215ef2-7d46-4cda-b695-cae1b893f75f:c4121]
2019-08-20 16:04:14,819 | INFO  | DNAudit | user=null | ip=null | op=WRITE_CHUNK {blockData=conID: 1 locID: 102650154478207596 bcsId: 4117} | ret=SUCCESS |  
2019-08-20 16:04:14,820 | INFO  | DNAudit | user=null | ip=null | op=WRITE_CHUNK {blockData=conID: 1 locID: 102650154478207596 bcsId: 4117} | ret=SUCCESS |  
2019-08-20 16:04:14,820 | INFO  | DNAudit | user=null | ip=null | op=PUT_BLOCK {blockData=[blockId=conID: 1 locID: 102650154478207596 bcsId: 0,size=3145728]} | ret=SUCCESS |  
2019-08-20 16:04:14,820 | INFO  | DNAudit | user=null | ip=null | op=PUT_BLOCK {blockData=[blockId=conID: 1 locID: 102650154478207596 bcsId: 0,size=3145728]} | ret=SUCCESS |  
2019-08-20 16:04:14,826 | INFO  | DNAudit | user=null | ip=null | op=WRITE_CHUNK {blockData=conID: 1 locID: 102650154478207596 bcsId: 4123} | ret=SUCCESS |  
2019-08-20 16:04:14,829 | INFO  | DNAudit | user=null | ip=null | op=WRITE_CHUNK {blockData=conID: 1 locID: 102650154478207596 bcsId: 4123} | ret=SUCCESS |  
2019-08-20 16:04:14,829 | INFO  | DNAudit | user=null | ip=null | op=WRITE_CHUNK {blockData=conID: 1 locID: 102650154478207596 bcsId: 4123} | ret=SUCCESS |  
2019-08-20 16:04:14,831 | INFO  | DNAudit | user=null | ip=null | op=WRITE_CHUNK {blockData=conID: 1 locID: 102650154478207596 bcsId: 4123} | ret=SUCCESS |  
2019-08-20 16:04:14,832 | INFO  | DNAudit | user=null | ip=null | op=PUT_BLOCK {blockData=[blockId=conID: 1 locID: 102650154478207596 bcsId: 0,size=4194304]} | ret=SUCCESS |  
2019-08-20 16:04:14,832 [grpc-default-executor-0] INFO  client.GrpcClientProtocolClient (GrpcClientProtocolClient.java:onNext(255)) - client-EAA342753240->9a4a4c23-9ff3-4ce3-a619-2c71c0869997: receive RaftClientReply:client-EAA342753240->9a4a4c23-9ff3-4ce3-a619-2c71c0869997@group-EC4211DF0353, cid=2769, SUCCESS, logIndex=4126, commits[9a4a4c23-9ff3-4ce3-a619-2c71c0869997:c4127, 9b0072ab-15b3-4973-9bcb-7fa02f6bfea9:c4123, 9f215ef2-7d46-4cda-b695-cae1b893f75f:c4125]
2019-08-20 16:04:14,833 [grpc-default-executor-0] INFO  client.GrpcClientProtocolClient (GrpcClientProtocolClient.java:onNext(255)) - client-EAA342753240->9a4a4c23-9ff3-4ce3-a619-2c71c0869997: receive RaftClientReply:client-EAA342753240->9a4a4c23-9ff3-4ce3-a619-2c71c0869997@group-EC4211DF0353, cid=2770, SUCCESS, logIndex=4127, commits[9a4a4c23-9ff3-4ce3-a619-2c71c0869997:c4127, 9b0072ab-15b3-4973-9bcb-7fa02f6bfea9:c4125, 9f215ef2-7d46-4cda-b695-cae1b893f75f:c4125]
2019-08-20 16:04:14,833 | INFO  | DNAudit | user=null | ip=null | op=WRITE_CHUNK {blockData=conID: 1 locID: 102650154478207596 bcsId: 4123} | ret=SUCCESS |  
2019-08-20 16:04:14,834 | INFO  | DNAudit | user=null | ip=null | op=PUT_BLOCK {blockData=[blockId=conID: 1 locID: 102650154478207596 bcsId: 0,size=4194304]} | ret=SUCCESS |  
2019-08-20 16:04:14,834 | INFO  | DNAudit | user=null | ip=null | op=WRITE_CHUNK {blockData=conID: 1 locID: 102650154478207596 bcsId: 4123} | ret=SUCCESS |  
2019-08-20 16:04:14,834 | INFO  | DNAudit | user=null | ip=null | op=PUT_BLOCK {blockData=[blockId=conID: 1 locID: 102650154478207596 bcsId: 0,size=4194304]} | ret=SUCCESS |  
2019-08-20 16:04:14,835 [grpc-default-executor-0] INFO  client.GrpcClientProtocolClient (GrpcClientProtocolClient.java:onNext(255)) - client-EAA342753240->9a4a4c23-9ff3-4ce3-a619-2c71c0869997: receive RaftClientReply:client-EAA342753240->9a4a4c23-9ff3-4ce3-a619-2c71c0869997@group-EC4211DF0353, cid=2771, SUCCESS, logIndex=0, commits[9a4a4c23-9ff3-4ce3-a619-2c71c0869997:c4128, 9b0072ab-15b3-4973-9bcb-7fa02f6bfea9:c4127, 9f215ef2-7d46-4cda-b695-cae1b893f75f:c4127]
2019-08-20 16:04:14,841 | INFO  | SCMAudit | user=jenkins1000 | ip=192.168.69.96 | op=ALLOCATE_BLOCK {owner=ea4851f9-218c-4af7-91b4-edb777a4888c, size=4194304, type=RATIS, factor=THREE} | ret=SUCCESS |  
2019-08-20 16:04:14,845 | INFO  | OMAudit | user=jenkins1000 | ip=127.0.0.1 | op=ALLOCATE_BLOCK {volume=vol-0-94146, bucket=bucket-0-90789, key=key-0-25609, dataSize=0, replicationType=null, replicationFactor=null, keyLocationInfo=null, clientID=102650152704082322} | ret=SUCCESS |  
2019-08-20 16:04:14,852 | INFO  | DNAudit | user=null | ip=null | op=WRITE_CHUNK {blockData=conID: 2 locID: 102650154506060397 bcsId: 0} | ret=SUCCESS |  
2019-08-20 16:04:14,855 | INFO  | DNAudit | user=null | ip=null | op=WRITE_CHUNK {blockData=conID: 2 locID: 102650154506060397 bcsId: 0} | ret=SUCCESS |  
2019-08-20 16:04:14,856 | INFO  | DNAudit | user=null | ip=null | op=WRITE_CHUNK {blockData=conID: 2 locID: 102650154506060397 bcsId: 0} | ret=SUCCESS |  
2019-08-20 16:04:14,856 | INFO  | DNAudit | user=null | ip=null | op=WRITE_CHUNK {blockData=conID: 2 locID: 102650154506060397 bcsId: 0} | ret=SUCCESS |  
2019-08-20 16:04:14,858 | INFO  | DNAudit | user=null | ip=null | op=WRITE_CHUNK {blockData=conID: 2 locID: 102650154506060397 bcsId: 0} | ret=SUCCESS |  
2019-08-20 16:04:14,859 | INFO  | DNAudit | user=null | ip=null | op=WRITE_CHUNK {blockData=conID: 2 locID: 102650154506060397 bcsId: 0} | ret=SUCCESS |  
2019-08-20 16:04:14,859 | INFO  | DNAudit | user=null | ip=null | op=PUT_BLOCK {blockData=[blockId=conID: 2 locID: 102650154506060397 bcsId: 0,size=1048576]} | ret=SUCCESS |  
2019-08-20 16:04:14,860 [grpc-default-executor-1] INFO  client.GrpcClientProtocolClient (GrpcClientProtocolClient.java:onNext(255)) - client-EAA342753240->9a4a4c23-9ff3-4ce3-a619-2c71c0869997: receive RaftClientReply:client-EAA342753240->9a4a4c23-9ff3-4ce3-a619-2c71c0869997@group-EC4211DF0353, cid=2772, SUCCESS, logIndex=4130, commits[9a4a4c23-9ff3-4ce3-a619-2c71c0869997:c4131, 9b0072ab-15b3-4973-9bcb-7fa02f6bfea9:c4127, 9f215ef2-7d46-4cda-b695-cae1b893f75f:c4129]
2019-08-20 16:04:14,860 [grpc-default-executor-1] INFO  client.GrpcClientProtocolClient (GrpcClientProtocolClient.java:onNext(255)) - client-EAA342753240->9a4a4c23-9ff3-4ce3-a619-2c71c0869997: receive RaftClientReply:client-EAA342753240->9a4a4c23-9ff3-4ce3-a619-2c71c0869997@group-EC4211DF0353, cid=2773, SUCCESS, logIndex=4131, commits[9a4a4c23-9ff3-4ce3-a619-2c71c0869997:c4131, 9b0072ab-15b3-4973-9bcb-7fa02f6bfea9:c4129, 9f215ef2-7d46-4cda-b695-cae1b893f75f:c4129]
2019-08-20 16:04:14,861 | INFO  | DNAudit | user=null | ip=null | op=WRITE_CHUNK {blockData=conID: 2 locID: 102650154506060397 bcsId: 0} | ret=SUCCESS |  
2019-08-20 16:04:14,861 | INFO  | DNAudit | user=null | ip=null | op=WRITE_CHUNK {blockData=conID: 2 locID: 102650154506060397 bcsId: 0} | ret=SUCCESS |  
2019-08-20 16:04:14,861 | INFO  | DNAudit | user=null | ip=null | op=WRITE_CHUNK {blockData=conID: 2 locID: 102650154506060397 bcsId: 0} | ret=SUCCESS |  
2019-08-20 16:04:14,861 | INFO  | DNAudit | user=null | ip=null | op=PUT_BLOCK {blockData=[blockId=conID: 2 locID: 102650154506060397 bcsId: 0,size=2097152]} | ret=SUCCESS |  
2019-08-20 16:04:14,861 | INFO  | DNAudit | user=null | ip=null | op=PUT_BLOCK {blockData=[blockId=conID: 2 locID: 102650154506060397 bcsId: 0,size=1048576]} | ret=SUCCESS |  
2019-08-20 16:04:14,861 [grpc-default-executor-0] INFO  client.GrpcClientProtocolClient (GrpcClientProtocolClient.java:onNext(255)) - client-EAA342753240->9a4a4c23-9ff3-4ce3-a619-2c71c0869997: receive RaftClientReply:client-EAA342753240->9a4a4c23-9ff3-4ce3-a619-2c71c0869997@group-EC4211DF0353, cid=2774, SUCCESS, logIndex=4132, commits[9a4a4c23-9ff3-4ce3-a619-2c71c0869997:c4134, 9b0072ab-15b3-4973-9bcb-7fa02f6bfea9:c4129, 9f215ef2-7d46-4cda-b695-cae1b893f75f:c4131]
2019-08-20 16:04:14,862 [grpc-default-executor-0] INFO  client.GrpcClientProtocolClient (GrpcClientProtocolClient.java:onNext(255)) - client-EAA342753240->9a4a4c23-9ff3-4ce3-a619-2c71c0869997: receive RaftClientReply:client-EAA342753240->9a4a4c23-9ff3-4ce3-a619-2c71c0869997@group-EC4211DF0353, cid=2775, SUCCESS, logIndex=4133, commits[9a4a4c23-9ff3-4ce3-a619-2c71c0869997:c4134, 9b0072ab-15b3-4973-9bcb-7fa02f6bfea9:c4129, 9f215ef2-7d46-4cda-b695-cae1b893f75f:c4131]
2019-08-20 16:04:14,863 | INFO  | DNAudit | user=null | ip=null | op=WRITE_CHUNK {blockData=conID: 2 locID: 102650154506060397 bcsId: 0} | ret=SUCCESS |  
2019-08-20 16:04:14,864 | INFO  | DNAudit | user=null | ip=null | op=PUT_BLOCK {blockData=[blockId=conID: 2 locID: 102650154506060397 bcsId: 0,size=1048576]} | ret=SUCCESS |  
2019-08-20 16:04:14,864 | INFO  | DNAudit | user=null | ip=null | op=WRITE_CHUNK {blockData=conID: 2 locID: 102650154506060397 bcsId: 0} | ret=SUCCESS |  
2019-08-20 16:04:14,864 | INFO  | DNAudit | user=null | ip=null | op=PUT_BLOCK {blockData=[blockId=conID: 2 locID: 102650154506060397 bcsId: 0,size=2097152]} | ret=SUCCESS |  
2019-08-20 16:04:14,864 [grpc-default-executor-1] INFO  client.GrpcClientProtocolClient (GrpcClientProtocolClient.java:onNext(255)) - client-EAA342753240->9a4a4c23-9ff3-4ce3-a619-2c71c0869997: receive RaftClientReply:client-EAA342753240->9a4a4c23-9ff3-4ce3-a619-2c71c0869997@group-EC4211DF0353, cid=2776, SUCCESS, logIndex=0, commits[9a4a4c23-9ff3-4ce3-a619-2c71c0869997:c4135, 9b0072ab-15b3-4973-9bcb-7fa02f6bfea9:c4131, 9f215ef2-7d46-4cda-b695-cae1b893f75f:c4131]
2019-08-20 16:04:14,864 | INFO  | DNAudit | user=null | ip=null | op=WRITE_CHUNK {blockData=conID: 2 locID: 102650154506060397 bcsId: 0} | ret=SUCCESS |  
2019-08-20 16:04:14,865 | INFO  | DNAudit | user=null | ip=null | op=PUT_BLOCK {blockData=[blockId=conID: 2 locID: 102650154506060397 bcsId: 0,size=2097152]} | ret=SUCCESS |  
2019-08-20 16:04:14,871 | INFO  | DNAudit | user=null | ip=null | op=WRITE_CHUNK {blockData=conID: 2 locID: 102650154506060397 bcsId: 4133} | ret=SUCCESS |  
2019-08-20 16:04:14,873 | INFO  | DNAudit | user=null | ip=null | op=WRITE_CHUNK {blockData=conID: 2 locID: 102650154506060397 bcsId: 4133} | ret=SUCCESS |  
2019-08-20 16:04:14,874 | INFO  | DNAudit | user=null | ip=null | op=WRITE_CHUNK {blockData=conID: 2 locID: 102650154506060397 bcsId: 4133} | ret=SUCCESS |  
2019-08-20 16:04:14,926 | INFO  | DNAudit | user=null | ip=null | op=WRITE_CHUNK {blockData=conID: 2 locID: 102650154506060397 bcsId: 4133} | ret=SUCCESS |  
2019-08-20 16:04:14,926 | INFO  | DNAudit | user=null | ip=null | op=PUT_BLOCK {blockData=[blockId=conID: 2 locID: 102650154506060397 bcsId: 0,size=3145728]} | ret=SUCCESS |  
2019-08-20 16:04:14,926 [grpc-default-executor-1] INFO  client.GrpcClientProtocolClient (GrpcClientProtocolClient.java:onNext(255)) - client-EAA342753240->9a4a4c23-9ff3-4ce3-a619-2c71c0869997: receive RaftClientReply:client-EAA342753240->9a4a4c23-9ff3-4ce3-a619-2c71c0869997@group-EC4211DF0353, cid=2777, SUCCESS, logIndex=4138, commits[9a4a4c23-9ff3-4ce3-a619-2c71c0869997:c4139, 9b0072ab-15b3-4973-9bcb-7fa02f6bfea9:c4137, 9f215ef2-7d46-4cda-b695-cae1b893f75f:c4137]
2019-08-20 16:04:14,927 [grpc-default-executor-1] INFO  client.GrpcClientProtocolClient (GrpcClientProtocolClient.java:onNext(255)) - client-EAA342753240->9a4a4c23-9ff3-4ce3-a619-2c71c0869997: receive RaftClientReply:client-EAA342753240->9a4a4c23-9ff3-4ce3-a619-2c71c0869997@group-EC4211DF0353, cid=2778, SUCCESS, logIndex=4139, commits[9a4a4c23-9ff3-4ce3-a619-2c71c0869997:c4139, 9b0072ab-15b3-4973-9bcb-7fa02f6bfea9:c4137, 9f215ef2-7d46-4cda-b695-cae1b893f75f:c4137]
2019-08-20 16:04:14,927 | INFO  | DNAudit | user=null | ip=null | op=WRITE_CHUNK {blockData=conID: 2 locID: 102650154506060397 bcsId: 4133} | ret=SUCCESS |  
2019-08-20 16:04:14,928 | INFO  | DNAudit | user=null | ip=null | op=WRITE_CHUNK {blockData=conID: 2 locID: 102650154506060397 bcsId: 4133} | ret=SUCCESS |  
2019-08-20 16:04:14,930 | INFO  | DNAudit | user=null | ip=null | op=PUT_BLOCK {blockData=[blockId=conID: 2 locID: 102650154506060397 bcsId: 0,size=3145728]} | ret=SUCCESS |  
2019-08-20 16:04:14,930 | INFO  | DNAudit | user=null | ip=null | op=PUT_BLOCK {blockData=[blockId=conID: 2 locID: 102650154506060397 bcsId: 0,size=3145728]} | ret=SUCCESS |  
2019-08-20 16:04:14,935 | INFO  | DNAudit | user=null | ip=null | op=WRITE_CHUNK {blockData=conID: 2 locID: 102650154506060397 bcsId: 4139} | ret=SUCCESS |  
2019-08-20 16:04:14,937 | INFO  | DNAudit | user=null | ip=null | op=WRITE_CHUNK {blockData=conID: 2 locID: 102650154506060397 bcsId: 4139} | ret=SUCCESS |  
2019-08-20 16:04:14,938 | INFO  | DNAudit | user=null | ip=null | op=WRITE_CHUNK {blockData=conID: 2 locID: 102650154506060397 bcsId: 4139} | ret=SUCCESS |  
2019-08-20 16:04:14,965 | INFO  | DNAudit | user=null | ip=null | op=WRITE_CHUNK {blockData=conID: 2 locID: 102650154506060397 bcsId: 4139} | ret=SUCCESS |  
2019-08-20 16:04:14,966 | INFO  | DNAudit | user=null | ip=null | op=PUT_BLOCK {blockData=[blockId=conID: 2 locID: 102650154506060397 bcsId: 0,size=4194304]} | ret=SUCCESS |  
2019-08-20 16:04:14,966 [grpc-default-executor-1] INFO  client.GrpcClientProtocolClient (GrpcClientProtocolClient.java:onNext(255)) - client-EAA342753240->9a4a4c23-9ff3-4ce3-a619-2c71c0869997: receive RaftClientReply:client-EAA342753240->9a4a4c23-9ff3-4ce3-a619-2c71c0869997@group-EC4211DF0353, cid=2779, SUCCESS, logIndex=4142, commits[9a4a4c23-9ff3-4ce3-a619-2c71c0869997:c4143, 9b0072ab-15b3-4973-9bcb-7fa02f6bfea9:c4141, 9f215ef2-7d46-4cda-b695-cae1b893f75f:c4141]
2019-08-20 16:04:14,966 [grpc-default-executor-1] INFO  client.GrpcClientProtocolClient (GrpcClientProtocolClient.java:onNext(255)) - client-EAA342753240->9a4a4c23-9ff3-4ce3-a619-2c71c0869997: receive RaftClientReply:client-EAA342753240->9a4a4c23-9ff3-4ce3-a619-2c71c0869997@group-EC4211DF0353, cid=2780, SUCCESS, logIndex=4143, commits[9a4a4c23-9ff3-4ce3-a619-2c71c0869997:c4143, 9b0072ab-15b3-4973-9bcb-7fa02f6bfea9:c4141, 9f215ef2-7d46-4cda-b695-cae1b893f75f:c4141]
2019-08-20 16:04:14,966 | INFO  | DNAudit | user=null | ip=null | op=WRITE_CHUNK {blockData=conID: 2 locID: 102650154506060397 bcsId: 4139} | ret=SUCCESS |  
2019-08-20 16:04:14,967 | INFO  | DNAudit | user=null | ip=null | op=WRITE_CHUNK {blockData=conID: 2 locID: 102650154506060397 bcsId: 4139} | ret=SUCCESS |  
2019-08-20 16:04:14,967 | INFO  | DNAudit | user=null | ip=null | op=PUT_BLOCK {blockData=[blockId=conID: 2 locID: 102650154506060397 bcsId: 0,size=4194304]} | ret=SUCCESS |  
2019-08-20 16:04:14,968 | INFO  | DNAudit | user=null | ip=null | op=PUT_BLOCK {blockData=[blockId=conID: 2 locID: 102650154506060397 bcsId: 0,size=4194304]} | ret=SUCCESS |  
2019-08-20 16:04:14,968 [grpc-default-executor-0] INFO  client.GrpcClientProtocolClient (GrpcClientProtocolClient.java:onNext(255)) - client-EAA342753240->9a4a4c23-9ff3-4ce3-a619-2c71c0869997: receive RaftClientReply:client-EAA342753240->9a4a4c23-9ff3-4ce3-a619-2c71c0869997@group-EC4211DF0353, cid=2781, SUCCESS, logIndex=0, commits[9a4a4c23-9ff3-4ce3-a619-2c71c0869997:c4145, 9b0072ab-15b3-4973-9bcb-7fa02f6bfea9:c4143, 9f215ef2-7d46-4cda-b695-cae1b893f75f:c4143]
 0.00% |█                                                                                                    |  0/1 Time: 0:00:272019-08-20 16:04:14,974 | INFO  | SCMAudit | user=jenkins1000 | ip=192.168.69.96 | op=SEND_HEARTBEAT {datanodeUUID=9a4a4c23-9ff3-4ce3-a619-2c71c0869997, command=[]} | ret=SUCCESS |  
2019-08-20 16:04:14,974 | INFO  | SCMAudit | user=jenkins1000 | ip=192.168.69.96 | op=SEND_HEARTBEAT {datanodeUUID=9b0072ab-15b3-4973-9bcb-7fa02f6bfea9, command=[]} | ret=SUCCESS |  
2019-08-20 16:04:14,974 | INFO  | SCMAudit | user=jenkins1000 | ip=192.168.69.96 | op=SEND_HEARTBEAT {datanodeUUID=f1afe498-2778-451e-a3e4-8199ec337a15, command=[]} | ret=SUCCESS |  
2019-08-20 16:04:14,974 | INFO  | SCMAudit | user=jenkins1000 | ip=192.168.69.96 | op=SEND_HEARTBEAT {datanodeUUID=9f215ef2-7d46-4cda-b695-cae1b893f75f, command=[]} | ret=SUCCESS |  
2019-08-20 16:04:14,974 | INFO  | SCMAudit | user=jenkins1000 | ip=192.168.69.96 | op=SEND_HEARTBEAT {datanodeUUID=69f203df-fb09-400b-ac11-cd7a56dd70a5, command=[]} | ret=SUCCESS |  
2019-08-20 16:04:14,979 | INFO  | SCMAudit | user=jenkins1000 | ip=192.168.69.96 | op=ALLOCATE_BLOCK {owner=ea4851f9-218c-4af7-91b4-edb777a4888c, size=4194304, type=RATIS, factor=THREE} | ret=SUCCESS |  
2019-08-20 16:04:14,984 | INFO  | OMAudit | user=jenkins1000 | ip=127.0.0.1 | op=ALLOCATE_BLOCK {volume=vol-0-94146, bucket=bucket-0-90789, key=key-0-25609, dataSize=0, replicationType=null, replicationFactor=null, keyLocationInfo=null, clientID=102650152704082322} | ret=SUCCESS |  
2019-08-20 16:04:14,991 | INFO  | DNAudit | user=null | ip=null | op=WRITE_CHUNK {blockData=conID: 3 locID: 102650154515104366 bcsId: 0} | ret=SUCCESS |  
2019-08-20 16:04:14,993 | INFO  | DNAudit | user=null | ip=null | op=WRITE_CHUNK {blockData=conID: 3 locID: 102650154515104366 bcsId: 0} | ret=SUCCESS |  
2019-08-20 16:04:14,994 | INFO  | DNAudit | user=null | ip=null | op=WRITE_CHUNK {blockData=conID: 3 locID: 102650154515104366 bcsId: 0} | ret=SUCCESS |  
2019-08-20 16:04:14,995 | INFO  | DNAudit | user=null | ip=null | op=WRITE_CHUNK {blockData=conID: 3 locID: 102650154515104366 bcsId: 0} | ret=SUCCESS |  
2019-08-20 16:04:14,995 | INFO  | DNAudit | user=null | ip=null | op=WRITE_CHUNK {blockData=conID: 3 locID: 102650154515104366 bcsId: 0} | ret=SUCCESS |  
2019-08-20 16:04:14,995 | INFO  | DNAudit | user=null | ip=null | op=PUT_BLOCK {blockData=[blockId=conID: 3 locID: 102650154515104366 bcsId: 0,size=1048576]} | ret=SUCCESS |  
2019-08-20 16:04:14,996 [grpc-default-executor-1] INFO  client.GrpcClientProtocolClient (GrpcClientProtocolClient.java:onNext(255)) - client-EAA342753240->9a4a4c23-9ff3-4ce3-a619-2c71c0869997: receive RaftClientReply:client-EAA342753240->9a4a4c23-9ff3-4ce3-a619-2c71c0869997@group-EC4211DF0353, cid=2782, SUCCESS, logIndex=4146, commits[9a4a4c23-9ff3-4ce3-a619-2c71c0869997:c4147, 9b0072ab-15b3-4973-9bcb-7fa02f6bfea9:c4143, 9f215ef2-7d46-4cda-b695-cae1b893f75f:c4145]
2019-08-20 16:04:14,996 [grpc-default-executor-1] INFO  client.GrpcClientProtocolClient (GrpcClientProtocolClient.java:onNext(255)) - client-EAA342753240->9a4a4c23-9ff3-4ce3-a619-2c71c0869997: receive RaftClientReply:client-EAA342753240->9a4a4c23-9ff3-4ce3-a619-2c71c0869997@group-EC4211DF0353, cid=2783, SUCCESS, logIndex=4147, commits[9a4a4c23-9ff3-4ce3-a619-2c71c0869997:c4147, 9b0072ab-15b3-4973-9bcb-7fa02f6bfea9:c4143, 9f215ef2-7d46-4cda-b695-cae1b893f75f:c4145]
2019-08-20 16:04:14,997 | INFO  | DNAudit | user=null | ip=null | op=WRITE_CHUNK {blockData=conID: 3 locID: 102650154515104366 bcsId: 0} | ret=SUCCESS |  
2019-08-20 16:04:14,998 | INFO  | DNAudit | user=null | ip=null | op=WRITE_CHUNK {blockData=conID: 3 locID: 102650154515104366 bcsId: 0} | ret=SUCCESS |  
2019-08-20 16:04:14,999 | INFO  | DNAudit | user=null | ip=null | op=WRITE_CHUNK {blockData=conID: 3 locID: 102650154515104366 bcsId: 0} | ret=SUCCESS |  
2019-08-20 16:04:14,999 | INFO  | DNAudit | user=null | ip=null | op=PUT_BLOCK {blockData=[blockId=conID: 3 locID: 102650154515104366 bcsId: 0,size=1048576]} | ret=SUCCESS |  
2019-08-20 16:04:14,999 | INFO  | DNAudit | user=null | ip=null | op=WRITE_CHUNK {blockData=conID: 3 locID: 102650154515104366 bcsId: 0} | ret=SUCCESS |  
2019-08-20 16:04:15,000 | INFO  | DNAudit | user=null | ip=null | op=PUT_BLOCK {blockData=[blockId=conID: 3 locID: 102650154515104366 bcsId: 0,size=2097152]} | ret=SUCCESS |  
2019-08-20 16:04:15,000 [grpc-default-executor-0] INFO  client.GrpcClientProtocolClient (GrpcClientProtocolClient.java:onNext(255)) - client-EAA342753240->9a4a4c23-9ff3-4ce3-a619-2c71c0869997: receive RaftClientReply:client-EAA342753240->9a4a4c23-9ff3-4ce3-a619-2c71c0869997@group-EC4211DF0353, cid=2784, SUCCESS, logIndex=4148, commits[9a4a4c23-9ff3-4ce3-a619-2c71c0869997:c4151, 9b0072ab-15b3-4973-9bcb-7fa02f6bfea9:c4145, 9f215ef2-7d46-4cda-b695-cae1b893f75f:c4147]
2019-08-20 16:04:15,000 | INFO  | DNAudit | user=null | ip=null | op=WRITE_CHUNK {blockData=conID: 3 locID: 102650154515104366 bcsId: 0} | ret=SUCCESS |  
2019-08-20 16:04:15,001 | INFO  | DNAudit | user=null | ip=null | op=PUT_BLOCK {blockData=[blockId=conID: 3 locID: 102650154515104366 bcsId: 0,size=1048576]} | ret=SUCCESS |  
2019-08-20 16:04:15,001 [grpc-default-executor-0] INFO  client.GrpcClientProtocolClient (GrpcClientProtocolClient.java:onNext(255)) - client-EAA342753240->9a4a4c23-9ff3-4ce3-a619-2c71c0869997: receive RaftClientReply:client-EAA342753240->9a4a4c23-9ff3-4ce3-a619-2c71c0869997@group-EC4211DF0353, cid=2785, SUCCESS, logIndex=4149, commits[9a4a4c23-9ff3-4ce3-a619-2c71c0869997:c4151, 9b0072ab-15b3-4973-9bcb-7fa02f6bfea9:c4145, 9f215ef2-7d46-4cda-b695-cae1b893f75f:c4147]
2019-08-20 16:04:15,001 | INFO  | DNAudit | user=null | ip=null | op=WRITE_CHUNK {blockData=conID: 3 locID: 102650154515104366 bcsId: 0} | ret=SUCCESS |  
2019-08-20 16:04:15,001 | INFO  | DNAudit | user=null | ip=null | op=PUT_BLOCK {blockData=[blockId=conID: 3 locID: 102650154515104366 bcsId: 0,size=2097152]} | ret=SUCCESS |  
2019-08-20 16:04:15,001 | INFO  | DNAudit | user=null | ip=null | op=WRITE_CHUNK {blockData=conID: 3 locID: 102650154515104366 bcsId: 0} | ret=SUCCESS |  
2019-08-20 16:04:15,002 [grpc-default-executor-0] INFO  client.GrpcClientProtocolClient (GrpcClientProtocolClient.java:onNext(255)) - client-EAA342753240->9a4a4c23-9ff3-4ce3-a619-2c71c0869997: receive RaftClientReply:client-EAA342753240->9a4a4c23-9ff3-4ce3-a619-2c71c0869997@group-EC4211DF0353, cid=2786, SUCCESS, logIndex=0, commits[9a4a4c23-9ff3-4ce3-a619-2c71c0869997:c4152, 9b0072ab-15b3-4973-9bcb-7fa02f6bfea9:c4147, 9f215ef2-7d46-4cda-b695-cae1b893f75f:c4149]
2019-08-20 16:04:15,002 | INFO  | DNAudit | user=null | ip=null | op=PUT_BLOCK {blockData=[blockId=conID: 3 locID: 102650154515104366 bcsId: 0,size=2097152]} | ret=SUCCESS |  
2019-08-20 16:04:15,009 | INFO  | DNAudit | user=null | ip=null | op=WRITE_CHUNK {blockData=conID: 3 locID: 102650154515104366 bcsId: 4149} | ret=SUCCESS |  
2019-08-20 16:04:15,010 | INFO  | DNAudit | user=null | ip=null | op=WRITE_CHUNK {blockData=conID: 3 locID: 102650154515104366 bcsId: 4149} | ret=SUCCESS |  
2019-08-20 16:04:15,010 | INFO  | DNAudit | user=null | ip=null | op=WRITE_CHUNK {blockData=conID: 3 locID: 102650154515104366 bcsId: 4149} | ret=SUCCESS |  
2019-08-20 16:04:15,021 | INFO  | DNAudit | user=null | ip=null | op=WRITE_CHUNK {blockData=conID: 3 locID: 102650154515104366 bcsId: 4149} | ret=SUCCESS |  
2019-08-20 16:04:15,022 | INFO  | DNAudit | user=null | ip=null | op=PUT_BLOCK {blockData=[blockId=conID: 3 locID: 102650154515104366 bcsId: 0,size=3145728]} | ret=SUCCESS |  
2019-08-20 16:04:15,022 [grpc-default-executor-5] INFO  client.GrpcClientProtocolClient (GrpcClientProtocolClient.java:onNext(255)) - client-EAA342753240->9a4a4c23-9ff3-4ce3-a619-2c71c0869997: receive RaftClientReply:client-EAA342753240->9a4a4c23-9ff3-4ce3-a619-2c71c0869997@group-EC4211DF0353, cid=2787, SUCCESS, logIndex=4154, commits[9a4a4c23-9ff3-4ce3-a619-2c71c0869997:c4154, 9b0072ab-15b3-4973-9bcb-7fa02f6bfea9:c4153, 9f215ef2-7d46-4cda-b695-cae1b893f75f:c4153]
2019-08-20 16:04:15,022 [grpc-default-executor-5] INFO  client.GrpcClientProtocolClient (GrpcClientProtocolClient.java:onNext(255)) - client-EAA342753240->9a4a4c23-9ff3-4ce3-a619-2c71c0869997: receive RaftClientReply:client-EAA342753240->9a4a4c23-9ff3-4ce3-a619-2c71c0869997@group-EC4211DF0353, cid=2788, SUCCESS, logIndex=4155, commits[9a4a4c23-9ff3-4ce3-a619-2c71c0869997:c4155, 9b0072ab-15b3-4973-9bcb-7fa02f6bfea9:c4153, 9f215ef2-7d46-4cda-b695-cae1b893f75f:c4153]
2019-08-20 16:04:15,028 | INFO  | DNAudit | user=null | ip=null | op=WRITE_CHUNK {blockData=conID: 3 locID: 102650154515104366 bcsId: 4155} | ret=SUCCESS |  
2019-08-20 16:04:15,031 | INFO  | DNAudit | user=null | ip=null | op=WRITE_CHUNK {blockData=conID: 3 locID: 102650154515104366 bcsId: 4155} | ret=SUCCESS |  
2019-08-20 16:04:15,031 | INFO  | DNAudit | user=null | ip=null | op=WRITE_CHUNK {blockData=conID: 3 locID: 102650154515104366 bcsId: 4155} | ret=SUCCESS |  
2019-08-20 16:04:15,033 | INFO  | DNAudit | user=null | ip=null | op=WRITE_CHUNK {blockData=conID: 3 locID: 102650154515104366 bcsId: 4149} | ret=SUCCESS |  
2019-08-20 16:04:15,033 | INFO  | DNAudit | user=null | ip=null | op=WRITE_CHUNK {blockData=conID: 3 locID: 102650154515104366 bcsId: 4149} | ret=SUCCESS |  
2019-08-20 16:04:15,035 | INFO  | DNAudit | user=null | ip=null | op=PUT_BLOCK {blockData=[blockId=conID: 3 locID: 102650154515104366 bcsId: 0,size=3145728]} | ret=SUCCESS |  
2019-08-20 16:04:15,036 | INFO  | DNAudit | user=null | ip=null | op=PUT_BLOCK {blockData=[blockId=conID: 3 locID: 102650154515104366 bcsId: 0,size=3145728]} | ret=SUCCESS |  
2019-08-20 16:04:15,036 | INFO  | DNAudit | user=null | ip=null | op=WRITE_CHUNK {blockData=conID: 3 locID: 102650154515104366 bcsId: 4155} | ret=SUCCESS |  
2019-08-20 16:04:15,036 | INFO  | DNAudit | user=null | ip=null | op=PUT_BLOCK {blockData=[blockId=conID: 3 locID: 102650154515104366 bcsId: 0,size=4194304]} | ret=SUCCESS |  
2019-08-20 16:04:15,036 [grpc-default-executor-5] INFO  client.GrpcClientProtocolClient (GrpcClientProtocolClient.java:onNext(255)) - client-EAA342753240->9a4a4c23-9ff3-4ce3-a619-2c71c0869997: receive RaftClientReply:client-EAA342753240->9a4a4c23-9ff3-4ce3-a619-2c71c0869997@group-EC4211DF0353, cid=2789, SUCCESS, logIndex=4158, commits[9a4a4c23-9ff3-4ce3-a619-2c71c0869997:c4159, 9b0072ab-15b3-4973-9bcb-7fa02f6bfea9:c4155, 9f215ef2-7d46-4cda-b695-cae1b893f75f:c4155]
2019-08-20 16:04:15,037 [grpc-default-executor-5] INFO  client.GrpcClientProtocolClient (GrpcClientProtocolClient.java:onNext(255)) - client-EAA342753240->9a4a4c23-9ff3-4ce3-a619-2c71c0869997: receive RaftClientReply:client-EAA342753240->9a4a4c23-9ff3-4ce3-a619-2c71c0869997@group-EC4211DF0353, cid=2790, SUCCESS, logIndex=4159, commits[9a4a4c23-9ff3-4ce3-a619-2c71c0869997:c4159, 9b0072ab-15b3-4973-9bcb-7fa02f6bfea9:c4155, 9f215ef2-7d46-4cda-b695-cae1b893f75f:c4155]
2019-08-20 16:04:15,048 | INFO  | DNAudit | user=null | ip=null | op=WRITE_CHUNK {blockData=conID: 3 locID: 102650154515104366 bcsId: 4155} | ret=SUCCESS |  
2019-08-20 16:04:15,048 | INFO  | DNAudit | user=null | ip=null | op=WRITE_CHUNK {blockData=conID: 3 locID: 102650154515104366 bcsId: 4155} | ret=SUCCESS |  
2019-08-20 16:04:15,050 | INFO  | DNAudit | user=null | ip=null | op=PUT_BLOCK {blockData=[blockId=conID: 3 locID: 102650154515104366 bcsId: 0,size=4194304]} | ret=SUCCESS |  
2019-08-20 16:04:15,050 | INFO  | DNAudit | user=null | ip=null | op=PUT_BLOCK {blockData=[blockId=conID: 3 locID: 102650154515104366 bcsId: 0,size=4194304]} | ret=SUCCESS |  
2019-08-20 16:04:15,051 [grpc-default-executor-5] INFO  client.GrpcClientProtocolClient (GrpcClientProtocolClient.java:onNext(255)) - client-EAA342753240->9a4a4c23-9ff3-4ce3-a619-2c71c0869997: receive RaftClientReply:client-EAA342753240->9a4a4c23-9ff3-4ce3-a619-2c71c0869997@group-EC4211DF0353, cid=2791, SUCCESS, logIndex=0, commits[9a4a4c23-9ff3-4ce3-a619-2c71c0869997:c4161, 9b0072ab-15b3-4973-9bcb-7fa02f6bfea9:c4159, 9f215ef2-7d46-4cda-b695-cae1b893f75f:c4159]
2019-08-20 16:04:15,056 | INFO  | SCMAudit | user=jenkins1000 | ip=192.168.69.96 | op=ALLOCATE_BLOCK {owner=ea4851f9-218c-4af7-91b4-edb777a4888c, size=4194304, type=RATIS, factor=THREE} | ret=SUCCESS |  
2019-08-20 16:04:15,059 | INFO  | OMAudit | user=jenkins1000 | ip=127.0.0.1 | op=ALLOCATE_BLOCK {volume=vol-0-94146, bucket=bucket-0-90789, key=key-0-25609, dataSize=0, replicationType=null, replicationFactor=null, keyLocationInfo=null, clientID=102650152704082322} | ret=SUCCESS |  
2019-08-20 16:04:15,065 | INFO  | DNAudit | user=null | ip=null | op=WRITE_CHUNK {blockData=conID: 1 locID: 102650154520150639 bcsId: 0} | ret=SUCCESS |  
2019-08-20 16:04:15,068 | INFO  | DNAudit | user=null | ip=null | op=WRITE_CHUNK {blockData=conID: 1 locID: 102650154520150639 bcsId: 0} | ret=SUCCESS |  
2019-08-20 16:04:15,068 | INFO  | DNAudit | user=null | ip=null | op=WRITE_CHUNK {blockData=conID: 1 locID: 102650154520150639 bcsId: 0} | ret=SUCCESS |  
2019-08-20 16:04:15,068 | INFO  | DNAudit | user=null | ip=null | op=WRITE_CHUNK {blockData=conID: 1 locID: 102650154520150639 bcsId: 0} | ret=SUCCESS |  
2019-08-20 16:04:15,070 | INFO  | DNAudit | user=null | ip=null | op=WRITE_CHUNK {blockData=conID: 1 locID: 102650154520150639 bcsId: 0} | ret=SUCCESS |  
2019-08-20 16:04:15,070 | INFO  | DNAudit | user=null | ip=null | op=WRITE_CHUNK {blockData=conID: 1 locID: 102650154520150639 bcsId: 0} | ret=SUCCESS |  
2019-08-20 16:04:15,078 | INFO  | DNAudit | user=null | ip=null | op=WRITE_CHUNK {blockData=conID: 1 locID: 102650154520150639 bcsId: 0} | ret=SUCCESS |  
2019-08-20 16:04:15,078 | INFO  | DNAudit | user=null | ip=null | op=PUT_BLOCK {blockData=[blockId=conID: 1 locID: 102650154520150639 bcsId: 0,size=1048576]} | ret=SUCCESS |  
2019-08-20 16:04:15,078 [grpc-default-executor-0] INFO  client.GrpcClientProtocolClient (GrpcClientProtocolClient.java:onNext(255)) - client-EAA342753240->9a4a4c23-9ff3-4ce3-a619-2c71c0869997: receive RaftClientReply:client-EAA342753240->9a4a4c23-9ff3-4ce3-a619-2c71c0869997@group-EC4211DF0353, cid=2792, SUCCESS, logIndex=4162, commits[9a4a4c23-9ff3-4ce3-a619-2c71c0869997:c4163, 9b0072ab-15b3-4973-9bcb-7fa02f6bfea9:c4161, 9f215ef2-7d46-4cda-b695-cae1b893f75f:c4161]
2019-08-20 16:04:15,079 | INFO  | DNAudit | user=null | ip=null | op=WRITE_CHUNK {blockData=conID: 1 locID: 102650154520150639 bcsId: 0} | ret=SUCCESS |  
2019-08-20 16:04:15,079 [grpc-default-executor-0] INFO  client.GrpcClientProtocolClient (GrpcClientProtocolClient.java:onNext(255)) - client-EAA342753240->9a4a4c23-9ff3-4ce3-a619-2c71c0869997: receive RaftClientReply:client-EAA342753240->9a4a4c23-9ff3-4ce3-a619-2c71c0869997@group-EC4211DF0353, cid=2793, SUCCESS, logIndex=4163, commits[9a4a4c23-9ff3-4ce3-a619-2c71c0869997:c4163, 9b0072ab-15b3-4973-9bcb-7fa02f6bfea9:c4161, 9f215ef2-7d46-4cda-b695-cae1b893f75f:c4161]
2019-08-20 16:04:15,079 | INFO  | DNAudit | user=null | ip=null | op=PUT_BLOCK {blockData=[blockId=conID: 1 locID: 102650154520150639 bcsId: 0,size=2097152]} | ret=SUCCESS |  
2019-08-20 16:04:15,079 [grpc-default-executor-5] INFO  client.GrpcClientProtocolClient (GrpcClientProtocolClient.java:onNext(255)) - client-EAA342753240->9a4a4c23-9ff3-4ce3-a619-2c71c0869997: receive RaftClientReply:client-EAA342753240->9a4a4c23-9ff3-4ce3-a619-2c71c0869997@group-EC4211DF0353, cid=2794, SUCCESS, logIndex=4164, commits[9a4a4c23-9ff3-4ce3-a619-2c71c0869997:c4165, 9b0072ab-15b3-4973-9bcb-7fa02f6bfea9:c4161, 9f215ef2-7d46-4cda-b695-cae1b893f75f:c4161]
2019-08-20 16:04:15,080 | INFO  | DNAudit | user=null | ip=null | op=WRITE_CHUNK {blockData=conID: 1 locID: 102650154520150639 bcsId: 0} | ret=SUCCESS |  
2019-08-20 16:04:15,080 [grpc-default-executor-5] INFO  client.GrpcClientProtocolClient (GrpcClientProtocolClient.java:onNext(255)) - client-EAA342753240->9a4a4c23-9ff3-4ce3-a619-2c71c0869997: receive RaftClientReply:client-EAA342753240->9a4a4c23-9ff3-4ce3-a619-2c71c0869997@group-EC4211DF0353, cid=2795, SUCCESS, logIndex=4165, commits[9a4a4c23-9ff3-4ce3-a619-2c71c0869997:c4165, 9b0072ab-15b3-4973-9bcb-7fa02f6bfea9:c4161, 9f215ef2-7d46-4cda-b695-cae1b893f75f:c4161]
2019-08-20 16:04:15,080 | INFO  | DNAudit | user=null | ip=null | op=PUT_BLOCK {blockData=[blockId=conID: 1 locID: 102650154520150639 bcsId: 0,size=1048576]} | ret=SUCCESS |  
2019-08-20 16:04:15,080 | INFO  | DNAudit | user=null | ip=null | op=WRITE_CHUNK {blockData=conID: 1 locID: 102650154520150639 bcsId: 0} | ret=SUCCESS |  
2019-08-20 16:04:15,080 | INFO  | DNAudit | user=null | ip=null | op=PUT_BLOCK {blockData=[blockId=conID: 1 locID: 102650154520150639 bcsId: 0,size=1048576]} | ret=SUCCESS |  
2019-08-20 16:04:15,081 | INFO  | DNAudit | user=null | ip=null | op=WRITE_CHUNK {blockData=conID: 1 locID: 102650154520150639 bcsId: 0} | ret=SUCCESS |  
2019-08-20 16:04:15,081 | INFO  | DNAudit | user=null | ip=null | op=PUT_BLOCK {blockData=[blockId=conID: 1 locID: 102650154520150639 bcsId: 0,size=2097152]} | ret=SUCCESS |  
2019-08-20 16:04:15,081 [grpc-default-executor-0] INFO  client.GrpcClientProtocolClient (GrpcClientProtocolClient.java:onNext(255)) - client-EAA342753240->9a4a4c23-9ff3-4ce3-a619-2c71c0869997: receive RaftClientReply:client-EAA342753240->9a4a4c23-9ff3-4ce3-a619-2c71c0869997@group-EC4211DF0353, cid=2796, SUCCESS, logIndex=0, commits[9a4a4c23-9ff3-4ce3-a619-2c71c0869997:c4167, 9b0072ab-15b3-4973-9bcb-7fa02f6bfea9:c4163, 9f215ef2-7d46-4cda-b695-cae1b893f75f:c4163]
2019-08-20 16:04:15,081 | INFO  | DNAudit | user=null | ip=null | op=WRITE_CHUNK {blockData=conID: 1 locID: 102650154520150639 bcsId: 0} | ret=SUCCESS |  
2019-08-20 16:04:15,081 | INFO  | DNAudit | user=null | ip=null | op=PUT_BLOCK {blockData=[blockId=conID: 1 locID: 102650154520150639 bcsId: 0,size=2097152]} | ret=SUCCESS |  
2019-08-20 16:04:15,087 | INFO  | DNAudit | user=null | ip=null | op=WRITE_CHUNK {blockData=conID: 1 locID: 102650154520150639 bcsId: 4165} | ret=SUCCESS |  
2019-08-20 16:04:15,088 | INFO  | DNAudit | user=null | ip=null | op=WRITE_CHUNK {blockData=conID: 1 locID: 102650154520150639 bcsId: 4165} | ret=SUCCESS |  
2019-08-20 16:04:15,089 | INFO  | DNAudit | user=null | ip=null | op=WRITE_CHUNK {blockData=conID: 1 locID: 102650154520150639 bcsId: 4165} | ret=SUCCESS |  
2019-08-20 16:04:15,099 | INFO  | DNAudit | user=null | ip=null | op=WRITE_CHUNK {blockData=conID: 1 locID: 102650154520150639 bcsId: 4165} | ret=SUCCESS |  
2019-08-20 16:04:15,100 | INFO  | DNAudit | user=null | ip=null | op=PUT_BLOCK {blockData=[blockId=conID: 1 locID: 102650154520150639 bcsId: 0,size=3145728]} | ret=SUCCESS |  
2019-08-20 16:04:15,100 [grpc-default-executor-1] INFO  client.GrpcClientProtocolClient (GrpcClientProtocolClient.java:onNext(255)) - client-EAA342753240->9a4a4c23-9ff3-4ce3-a619-2c71c0869997: receive RaftClientReply:client-EAA342753240->9a4a4c23-9ff3-4ce3-a619-2c71c0869997@group-EC4211DF0353, cid=2797, SUCCESS, logIndex=4170, commits[9a4a4c23-9ff3-4ce3-a619-2c71c0869997:c4171, 9b0072ab-15b3-4973-9bcb-7fa02f6bfea9:c4169, 9f215ef2-7d46-4cda-b695-cae1b893f75f:c4169]
2019-08-20 16:04:15,100 [grpc-default-executor-1] INFO  client.GrpcClientProtocolClient (GrpcClientProtocolClient.java:onNext(255)) - client-EAA342753240->9a4a4c23-9ff3-4ce3-a619-2c71c0869997: receive RaftClientReply:client-EAA342753240->9a4a4c23-9ff3-4ce3-a619-2c71c0869997@group-EC4211DF0353, cid=2798, SUCCESS, logIndex=4171, commits[9a4a4c23-9ff3-4ce3-a619-2c71c0869997:c4171, 9b0072ab-15b3-4973-9bcb-7fa02f6bfea9:c4169, 9f215ef2-7d46-4cda-b695-cae1b893f75f:c4169]
2019-08-20 16:04:15,106 | INFO  | DNAudit | user=null | ip=null | op=WRITE_CHUNK {blockData=conID: 1 locID: 102650154520150639 bcsId: 4171} | ret=SUCCESS |  
2019-08-20 16:04:15,108 | INFO  | DNAudit | user=null | ip=null | op=WRITE_CHUNK {blockData=conID: 1 locID: 102650154520150639 bcsId: 4171} | ret=SUCCESS |  
2019-08-20 16:04:15,108 | INFO  | DNAudit | user=null | ip=null | op=WRITE_CHUNK {blockData=conID: 1 locID: 102650154520150639 bcsId: 4171} | ret=SUCCESS |  
2019-08-20 16:04:15,111 | INFO  | DNAudit | user=null | ip=null | op=WRITE_CHUNK {blockData=conID: 1 locID: 102650154520150639 bcsId: 4165} | ret=SUCCESS |  
2019-08-20 16:04:15,111 | INFO  | DNAudit | user=null | ip=null | op=WRITE_CHUNK {blockData=conID: 1 locID: 102650154520150639 bcsId: 4165} | ret=SUCCESS |  
2019-08-20 16:04:15,112 | INFO  | DNAudit | user=null | ip=null | op=PUT_BLOCK {blockData=[blockId=conID: 1 locID: 102650154520150639 bcsId: 0,size=3145728]} | ret=SUCCESS |  
2019-08-20 16:04:15,112 | INFO  | DNAudit | user=null | ip=null | op=PUT_BLOCK {blockData=[blockId=conID: 1 locID: 102650154520150639 bcsId: 0,size=3145728]} | ret=SUCCESS |  
2019-08-20 16:04:15,113 | INFO  | DNAudit | user=null | ip=null | op=WRITE_CHUNK {blockData=conID: 1 locID: 102650154520150639 bcsId: 4171} | ret=SUCCESS |  
2019-08-20 16:04:15,113 | INFO  | DNAudit | user=null | ip=null | op=PUT_BLOCK {blockData=[blockId=conID: 1 locID: 102650154520150639 bcsId: 0,size=4194304]} | ret=SUCCESS |  
2019-08-20 16:04:15,113 [grpc-default-executor-5] INFO  client.GrpcClientProtocolClient (GrpcClientProtocolClient.java:onNext(255)) - client-EAA342753240->9a4a4c23-9ff3-4ce3-a619-2c71c0869997: receive RaftClientReply:client-EAA342753240->9a4a4c23-9ff3-4ce3-a619-2c71c0869997@group-EC4211DF0353, cid=2799, SUCCESS, logIndex=4174, commits[9a4a4c23-9ff3-4ce3-a619-2c71c0869997:c4174, 9b0072ab-15b3-4973-9bcb-7fa02f6bfea9:c4171, 9f215ef2-7d46-4cda-b695-cae1b893f75f:c4171]
2019-08-20 16:04:15,113 [grpc-default-executor-5] INFO  client.GrpcClientProtocolClient (GrpcClientProtocolClient.java:onNext(255)) - client-EAA342753240->9a4a4c23-9ff3-4ce3-a619-2c71c0869997: receive RaftClientReply:client-EAA342753240->9a4a4c23-9ff3-4ce3-a619-2c71c0869997@group-EC4211DF0353, cid=2800, SUCCESS, logIndex=4175, commits[9a4a4c23-9ff3-4ce3-a619-2c71c0869997:c4175, 9b0072ab-15b3-4973-9bcb-7fa02f6bfea9:c4171, 9f215ef2-7d46-4cda-b695-cae1b893f75f:c4171]
2019-08-20 16:04:15,124 | INFO  | DNAudit | user=null | ip=null | op=WRITE_CHUNK {blockData=conID: 1 locID: 102650154520150639 bcsId: 4171} | ret=SUCCESS |  
2019-08-20 16:04:15,124 | INFO  | DNAudit | user=null | ip=null | op=WRITE_CHUNK {blockData=conID: 1 locID: 102650154520150639 bcsId: 4171} | ret=SUCCESS |  
2019-08-20 16:04:15,127 | INFO  | DNAudit | user=null | ip=null | op=PUT_BLOCK {blockData=[blockId=conID: 1 locID: 102650154520150639 bcsId: 0,size=4194304]} | ret=SUCCESS |  
2019-08-20 16:04:15,127 | INFO  | DNAudit | user=null | ip=null | op=PUT_BLOCK {blockData=[blockId=conID: 1 locID: 102650154520150639 bcsId: 0,size=4194304]} | ret=SUCCESS |  
2019-08-20 16:04:15,127 [grpc-default-executor-5] INFO  client.GrpcClientProtocolClient (GrpcClientProtocolClient.java:onNext(255)) - client-EAA342753240->9a4a4c23-9ff3-4ce3-a619-2c71c0869997: receive RaftClientReply:client-EAA342753240->9a4a4c23-9ff3-4ce3-a619-2c71c0869997@group-EC4211DF0353, cid=2801, SUCCESS, logIndex=0, commits[9a4a4c23-9ff3-4ce3-a619-2c71c0869997:c4177, 9b0072ab-15b3-4973-9bcb-7fa02f6bfea9:c4175, 9f215ef2-7d46-4cda-b695-cae1b893f75f:c4175]
2019-08-20 16:04:15,132 | INFO  | SCMAudit | user=jenkins1000 | ip=192.168.69.96 | op=ALLOCATE_BLOCK {owner=ea4851f9-218c-4af7-91b4-edb777a4888c, size=4194304, type=RATIS, factor=THREE} | ret=SUCCESS |  
2019-08-20 16:04:15,135 | INFO  | OMAudit | user=jenkins1000 | ip=127.0.0.1 | op=ALLOCATE_BLOCK {volume=vol-0-94146, bucket=bucket-0-90789, key=key-0-25609, dataSize=0, replicationType=null, replicationFactor=null, keyLocationInfo=null, clientID=102650152704082322} | ret=SUCCESS |  
2019-08-20 16:04:15,142 | INFO  | DNAudit | user=null | ip=null | op=WRITE_CHUNK {blockData=conID: 2 locID: 102650154525131376 bcsId: 0} | ret=SUCCESS |  
2019-08-20 16:04:15,144 | INFO  | DNAudit | user=null | ip=null | op=WRITE_CHUNK {blockData=conID: 2 locID: 102650154525131376 bcsId: 0} | ret=SUCCESS |  
2019-08-20 16:04:15,145 | INFO  | DNAudit | user=null | ip=null | op=WRITE_CHUNK {blockData=conID: 2 locID: 102650154525131376 bcsId: 0} | ret=SUCCESS |  
2019-08-20 16:04:15,146 | INFO  | DNAudit | user=null | ip=null | op=WRITE_CHUNK {blockData=conID: 2 locID: 102650154525131376 bcsId: 0} | ret=SUCCESS |  
2019-08-20 16:04:15,147 | INFO  | DNAudit | user=null | ip=null | op=WRITE_CHUNK {blockData=conID: 2 locID: 102650154525131376 bcsId: 0} | ret=SUCCESS |  
2019-08-20 16:04:15,148 | INFO  | DNAudit | user=null | ip=null | op=WRITE_CHUNK {blockData=conID: 2 locID: 102650154525131376 bcsId: 0} | ret=SUCCESS |  
2019-08-20 16:04:15,154 | INFO  | DNAudit | user=null | ip=null | op=WRITE_CHUNK {blockData=conID: 2 locID: 102650154525131376 bcsId: 0} | ret=SUCCESS |  
2019-08-20 16:04:15,155 | INFO  | DNAudit | user=null | ip=null | op=PUT_BLOCK {blockData=[blockId=conID: 2 locID: 102650154525131376 bcsId: 0,size=1048576]} | ret=SUCCESS |  
2019-08-20 16:04:15,155 [grpc-default-executor-5] INFO  client.GrpcClientProtocolClient (GrpcClientProtocolClient.java:onNext(255)) - client-EAA342753240->9a4a4c23-9ff3-4ce3-a619-2c71c0869997: receive RaftClientReply:client-EAA342753240->9a4a4c23-9ff3-4ce3-a619-2c71c0869997@group-EC4211DF0353, cid=2802, SUCCESS, logIndex=4178, commits[9a4a4c23-9ff3-4ce3-a619-2c71c0869997:c4179, 9b0072ab-15b3-4973-9bcb-7fa02f6bfea9:c4177, 9f215ef2-7d46-4cda-b695-cae1b893f75f:c4177]
2019-08-20 16:04:15,155 [grpc-default-executor-5] INFO  client.GrpcClientProtocolClient (GrpcClientProtocolClient.java:onNext(255)) - client-EAA342753240->9a4a4c23-9ff3-4ce3-a619-2c71c0869997: receive RaftClientReply:client-EAA342753240->9a4a4c23-9ff3-4ce3-a619-2c71c0869997@group-EC4211DF0353, cid=2803, SUCCESS, logIndex=4179, commits[9a4a4c23-9ff3-4ce3-a619-2c71c0869997:c4179, 9b0072ab-15b3-4973-9bcb-7fa02f6bfea9:c4177, 9f215ef2-7d46-4cda-b695-cae1b893f75f:c4177]
2019-08-20 16:04:15,166 | INFO  | DNAudit | user=null | ip=null | op=WRITE_CHUNK {blockData=conID: 2 locID: 102650154525131376 bcsId: 0} | ret=SUCCESS |  
2019-08-20 16:04:15,166 | INFO  | DNAudit | user=null | ip=null | op=PUT_BLOCK {blockData=[blockId=conID: 2 locID: 102650154525131376 bcsId: 0,size=2097152]} | ret=SUCCESS |  
2019-08-20 16:04:15,166 [grpc-default-executor-1] INFO  client.GrpcClientProtocolClient (GrpcClientProtocolClient.java:onNext(255)) - client-EAA342753240->9a4a4c23-9ff3-4ce3-a619-2c71c0869997: receive RaftClientReply:client-EAA342753240->9a4a4c23-9ff3-4ce3-a619-2c71c0869997@group-EC4211DF0353, cid=2804, SUCCESS, logIndex=4180, commits[9a4a4c23-9ff3-4ce3-a619-2c71c0869997:c4181, 9b0072ab-15b3-4973-9bcb-7fa02f6bfea9:c4177, 9f215ef2-7d46-4cda-b695-cae1b893f75f:c4177]
2019-08-20 16:04:15,166 [grpc-default-executor-1] INFO  client.GrpcClientProtocolClient (GrpcClientProtocolClient.java:onNext(255)) - client-EAA342753240->9a4a4c23-9ff3-4ce3-a619-2c71c0869997: receive RaftClientReply:client-EAA342753240->9a4a4c23-9ff3-4ce3-a619-2c71c0869997@group-EC4211DF0353, cid=2805, SUCCESS, logIndex=4181, commits[9a4a4c23-9ff3-4ce3-a619-2c71c0869997:c4181, 9b0072ab-15b3-4973-9bcb-7fa02f6bfea9:c4177, 9f215ef2-7d46-4cda-b695-cae1b893f75f:c4177]
2019-08-20 16:04:15,167 | INFO  | DNAudit | user=null | ip=null | op=WRITE_CHUNK {blockData=conID: 2 locID: 102650154525131376 bcsId: 0} | ret=SUCCESS |  
2019-08-20 16:04:15,167 | INFO  | DNAudit | user=null | ip=null | op=PUT_BLOCK {blockData=[blockId=conID: 2 locID: 102650154525131376 bcsId: 0,size=1048576]} | ret=SUCCESS |  
2019-08-20 16:04:15,169 | INFO  | DNAudit | user=null | ip=null | op=WRITE_CHUNK {blockData=conID: 2 locID: 102650154525131376 bcsId: 0} | ret=SUCCESS |  
2019-08-20 16:04:15,169 | INFO  | DNAudit | user=null | ip=null | op=PUT_BLOCK {blockData=[blockId=conID: 2 locID: 102650154525131376 bcsId: 0,size=1048576]} | ret=SUCCESS |  
2019-08-20 16:04:15,169 | INFO  | DNAudit | user=null | ip=null | op=WRITE_CHUNK {blockData=conID: 2 locID: 102650154525131376 bcsId: 0} | ret=SUCCESS |  
2019-08-20 16:04:15,169 | INFO  | DNAudit | user=null | ip=null | op=PUT_BLOCK {blockData=[blockId=conID: 2 locID: 102650154525131376 bcsId: 0,size=2097152]} | ret=SUCCESS |  
2019-08-20 16:04:15,169 [grpc-default-executor-1] INFO  client.GrpcClientProtocolClient (GrpcClientProtocolClient.java:onNext(255)) - client-EAA342753240->9a4a4c23-9ff3-4ce3-a619-2c71c0869997: receive RaftClientReply:client-EAA342753240->9a4a4c23-9ff3-4ce3-a619-2c71c0869997@group-EC4211DF0353, cid=2806, SUCCESS, logIndex=0, commits[9a4a4c23-9ff3-4ce3-a619-2c71c0869997:c4183, 9b0072ab-15b3-4973-9bcb-7fa02f6bfea9:c4179, 9f215ef2-7d46-4cda-b695-cae1b893f75f:c4179]
2019-08-20 16:04:15,176 | INFO  | DNAudit | user=null | ip=null | op=WRITE_CHUNK {blockData=conID: 2 locID: 102650154525131376 bcsId: 4181} | ret=SUCCESS |  
2019-08-20 16:04:15,178 | INFO  | DNAudit | user=null | ip=null | op=WRITE_CHUNK {blockData=conID: 2 locID: 102650154525131376 bcsId: 4181} | ret=SUCCESS |  
2019-08-20 16:04:15,179 | INFO  | DNAudit | user=null | ip=null | op=WRITE_CHUNK {blockData=conID: 2 locID: 102650154525131376 bcsId: 4181} | ret=SUCCESS |  
2019-08-20 16:04:15,180 | INFO  | DNAudit | user=null | ip=null | op=WRITE_CHUNK {blockData=conID: 2 locID: 102650154525131376 bcsId: 0} | ret=SUCCESS |  
2019-08-20 16:04:15,180 | INFO  | DNAudit | user=null | ip=null | op=PUT_BLOCK {blockData=[blockId=conID: 2 locID: 102650154525131376 bcsId: 0,size=2097152]} | ret=SUCCESS |  
2019-08-20 16:04:15,180 | INFO  | DNAudit | user=null | ip=null | op=WRITE_CHUNK {blockData=conID: 2 locID: 102650154525131376 bcsId: 4181} | ret=SUCCESS |  
2019-08-20 16:04:15,181 | INFO  | DNAudit | user=null | ip=null | op=PUT_BLOCK {blockData=[blockId=conID: 2 locID: 102650154525131376 bcsId: 0,size=3145728]} | ret=SUCCESS |  
2019-08-20 16:04:15,181 [grpc-default-executor-5] INFO  client.GrpcClientProtocolClient (GrpcClientProtocolClient.java:onNext(255)) - client-EAA342753240->9a4a4c23-9ff3-4ce3-a619-2c71c0869997: receive RaftClientReply:client-EAA342753240->9a4a4c23-9ff3-4ce3-a619-2c71c0869997@group-EC4211DF0353, cid=2807, SUCCESS, logIndex=4186, commits[9a4a4c23-9ff3-4ce3-a619-2c71c0869997:c4187, 9b0072ab-15b3-4973-9bcb-7fa02f6bfea9:c4185, 9f215ef2-7d46-4cda-b695-cae1b893f75f:c4181]
2019-08-20 16:04:15,181 [grpc-default-executor-5] INFO  client.GrpcClientProtocolClient (GrpcClientProtocolClient.java:onNext(255)) - client-EAA342753240->9a4a4c23-9ff3-4ce3-a619-2c71c0869997: receive RaftClientReply:client-EAA342753240->9a4a4c23-9ff3-4ce3-a619-2c71c0869997@group-EC4211DF0353, cid=2808, SUCCESS, logIndex=4187, commits[9a4a4c23-9ff3-4ce3-a619-2c71c0869997:c4187, 9b0072ab-15b3-4973-9bcb-7fa02f6bfea9:c4185, 9f215ef2-7d46-4cda-b695-cae1b893f75f:c4185]
2019-08-20 16:04:15,182 | INFO  | DNAudit | user=null | ip=null | op=WRITE_CHUNK {blockData=conID: 2 locID: 102650154525131376 bcsId: 4181} | ret=SUCCESS |  
2019-08-20 16:04:15,182 | INFO  | DNAudit | user=null | ip=null | op=PUT_BLOCK {blockData=[blockId=conID: 2 locID: 102650154525131376 bcsId: 0,size=3145728]} | ret=SUCCESS |  
2019-08-20 16:04:15,182 | INFO  | DNAudit | user=null | ip=null | op=WRITE_CHUNK {blockData=conID: 2 locID: 102650154525131376 bcsId: 4181} | ret=SUCCESS |  
2019-08-20 16:04:15,182 | INFO  | DNAudit | user=null | ip=null | op=PUT_BLOCK {blockData=[blockId=conID: 2 locID: 102650154525131376 bcsId: 0,size=3145728]} | ret=SUCCESS |  
2019-08-20 16:04:15,188 | INFO  | DNAudit | user=null | ip=null | op=WRITE_CHUNK {blockData=conID: 2 locID: 102650154525131376 bcsId: 4187} | ret=SUCCESS |  
2019-08-20 16:04:15,190 | INFO  | DNAudit | user=null | ip=null | op=WRITE_CHUNK {blockData=conID: 2 locID: 102650154525131376 bcsId: 4187} | ret=SUCCESS |  
2019-08-20 16:04:15,190 | INFO  | DNAudit | user=null | ip=null | op=WRITE_CHUNK {blockData=conID: 2 locID: 102650154525131376 bcsId: 4187} | ret=SUCCESS |  
2019-08-20 16:04:15,193 | INFO  | DNAudit | user=null | ip=null | op=WRITE_CHUNK {blockData=conID: 2 locID: 102650154525131376 bcsId: 4187} | ret=SUCCESS |  
2019-08-20 16:04:15,193 | INFO  | DNAudit | user=null | ip=null | op=PUT_BLOCK {blockData=[blockId=conID: 2 locID: 102650154525131376 bcsId: 0,size=4194304]} | ret=SUCCESS |  
2019-08-20 16:04:15,193 [grpc-default-executor-5] INFO  client.GrpcClientProtocolClient (GrpcClientProtocolClient.java:onNext(255)) - client-EAA342753240->9a4a4c23-9ff3-4ce3-a619-2c71c0869997: receive RaftClientReply:client-EAA342753240->9a4a4c23-9ff3-4ce3-a619-2c71c0869997@group-EC4211DF0353, cid=2809, SUCCESS, logIndex=4190, commits[9a4a4c23-9ff3-4ce3-a619-2c71c0869997:c4191, 9b0072ab-15b3-4973-9bcb-7fa02f6bfea9:c4189, 9f215ef2-7d46-4cda-b695-cae1b893f75f:c4189]
2019-08-20 16:04:15,194 [grpc-default-executor-5] INFO  client.GrpcClientProtocolClient (GrpcClientProtocolClient.java:onNext(255)) - client-EAA342753240->9a4a4c23-9ff3-4ce3-a619-2c71c0869997: receive RaftClientReply:client-EAA342753240->9a4a4c23-9ff3-4ce3-a619-2c71c0869997@group-EC4211DF0353, cid=2810, SUCCESS, logIndex=4191, commits[9a4a4c23-9ff3-4ce3-a619-2c71c0869997:c4191, 9b0072ab-15b3-4973-9bcb-7fa02f6bfea9:c4189, 9f215ef2-7d46-4cda-b695-cae1b893f75f:c4189]
2019-08-20 16:04:15,194 | INFO  | DNAudit | user=null | ip=null | op=WRITE_CHUNK {blockData=conID: 2 locID: 102650154525131376 bcsId: 4187} | ret=SUCCESS |  
2019-08-20 16:04:15,194 | INFO  | DNAudit | user=null | ip=null | op=WRITE_CHUNK {blockData=conID: 2 locID: 102650154525131376 bcsId: 4187} | ret=SUCCESS |  
2019-08-20 16:04:15,194 | INFO  | DNAudit | user=null | ip=null | op=PUT_BLOCK {blockData=[blockId=conID: 2 locID: 102650154525131376 bcsId: 0,size=4194304]} | ret=SUCCESS |  
2019-08-20 16:04:15,195 | INFO  | DNAudit | user=null | ip=null | op=PUT_BLOCK {blockData=[blockId=conID: 2 locID: 102650154525131376 bcsId: 0,size=4194304]} | ret=SUCCESS |  
2019-08-20 16:04:15,195 [grpc-default-executor-1] INFO  client.GrpcClientProtocolClient (GrpcClientProtocolClient.java:onNext(255)) - client-EAA342753240->9a4a4c23-9ff3-4ce3-a619-2c71c0869997: receive RaftClientReply:client-EAA342753240->9a4a4c23-9ff3-4ce3-a619-2c71c0869997@group-EC4211DF0353, cid=2811, SUCCESS, logIndex=0, commits[9a4a4c23-9ff3-4ce3-a619-2c71c0869997:c4192, 9b0072ab-15b3-4973-9bcb-7fa02f6bfea9:c4191, 9f215ef2-7d46-4cda-b695-cae1b893f75f:c4191]
2019-08-20 16:04:15,199 | INFO  | SCMAudit | user=jenkins1000 | ip=192.168.69.96 | op=ALLOCATE_BLOCK {owner=ea4851f9-218c-4af7-91b4-edb777a4888c, size=4194304, type=RATIS, factor=THREE} | ret=SUCCESS |  
2019-08-20 16:04:15,202 | INFO  | OMAudit | user=jenkins1000 | ip=127.0.0.1 | op=ALLOCATE_BLOCK {volume=vol-0-94146, bucket=bucket-0-90789, key=key-0-25609, dataSize=0, replicationType=null, replicationFactor=null, keyLocationInfo=null, clientID=102650152704082322} | ret=SUCCESS |  
2019-08-20 16:04:15,208 | INFO  | DNAudit | user=null | ip=null | op=WRITE_CHUNK {blockData=conID: 3 locID: 102650154529522289 bcsId: 0} | ret=SUCCESS |  
2019-08-20 16:04:15,210 | INFO  | DNAudit | user=null | ip=null | op=WRITE_CHUNK {blockData=conID: 3 locID: 102650154529522289 bcsId: 0} | ret=SUCCESS |  
2019-08-20 16:04:15,210 | INFO  | DNAudit | user=null | ip=null | op=WRITE_CHUNK {blockData=conID: 3 locID: 102650154529522289 bcsId: 0} | ret=SUCCESS |  
2019-08-20 16:04:15,210 | INFO  | DNAudit | user=null | ip=null | op=WRITE_CHUNK {blockData=conID: 3 locID: 102650154529522289 bcsId: 0} | ret=SUCCESS |  
2019-08-20 16:04:15,211 | INFO  | DNAudit | user=null | ip=null | op=WRITE_CHUNK {blockData=conID: 3 locID: 102650154529522289 bcsId: 0} | ret=SUCCESS |  
2019-08-20 16:04:15,212 | INFO  | DNAudit | user=null | ip=null | op=WRITE_CHUNK {blockData=conID: 3 locID: 102650154529522289 bcsId: 0} | ret=SUCCESS |  
2019-08-20 16:04:15,212 | INFO  | DNAudit | user=null | ip=null | op=WRITE_CHUNK {blockData=conID: 3 locID: 102650154529522289 bcsId: 0} | ret=SUCCESS |  
2019-08-20 16:04:15,212 | INFO  | DNAudit | user=null | ip=null | op=PUT_BLOCK {blockData=[blockId=conID: 3 locID: 102650154529522289 bcsId: 0,size=1048576]} | ret=SUCCESS |  
2019-08-20 16:04:15,212 [grpc-default-executor-5] INFO  client.GrpcClientProtocolClient (GrpcClientProtocolClient.java:onNext(255)) - client-EAA342753240->9a4a4c23-9ff3-4ce3-a619-2c71c0869997: receive RaftClientReply:client-EAA342753240->9a4a4c23-9ff3-4ce3-a619-2c71c0869997@group-EC4211DF0353, cid=2812, SUCCESS, logIndex=4194, commits[9a4a4c23-9ff3-4ce3-a619-2c71c0869997:c4195, 9b0072ab-15b3-4973-9bcb-7fa02f6bfea9:c4191, 9f215ef2-7d46-4cda-b695-cae1b893f75f:c4193]
2019-08-20 16:04:15,213 | INFO  | DNAudit | user=null | ip=null | op=WRITE_CHUNK {blockData=conID: 3 locID: 102650154529522289 bcsId: 0} | ret=SUCCESS |  
2019-08-20 16:04:15,213 [grpc-default-executor-5] INFO  client.GrpcClientProtocolClient (GrpcClientProtocolClient.java:onNext(255)) - client-EAA342753240->9a4a4c23-9ff3-4ce3-a619-2c71c0869997: receive RaftClientReply:client-EAA342753240->9a4a4c23-9ff3-4ce3-a619-2c71c0869997@group-EC4211DF0353, cid=2813, SUCCESS, logIndex=4195, commits[9a4a4c23-9ff3-4ce3-a619-2c71c0869997:c4195, 9b0072ab-15b3-4973-9bcb-7fa02f6bfea9:c4191, 9f215ef2-7d46-4cda-b695-cae1b893f75f:c4193]
2019-08-20 16:04:15,213 | INFO  | DNAudit | user=null | ip=null | op=PUT_BLOCK {blockData=[blockId=conID: 3 locID: 102650154529522289 bcsId: 0,size=2097152]} | ret=SUCCESS |  
2019-08-20 16:04:15,213 [grpc-default-executor-3] INFO  client.GrpcClientProtocolClient (GrpcClientProtocolClient.java:onNext(255)) - client-EAA342753240->9a4a4c23-9ff3-4ce3-a619-2c71c0869997: receive RaftClientReply:client-EAA342753240->9a4a4c23-9ff3-4ce3-a619-2c71c0869997@group-EC4211DF0353, cid=2814, SUCCESS, logIndex=4196, commits[9a4a4c23-9ff3-4ce3-a619-2c71c0869997:c4197, 9b0072ab-15b3-4973-9bcb-7fa02f6bfea9:c4191, 9f215ef2-7d46-4cda-b695-cae1b893f75f:c4193]
2019-08-20 16:04:15,214 | INFO  | DNAudit | user=null | ip=null | op=WRITE_CHUNK {blockData=conID: 3 locID: 102650154529522289 bcsId: 0} | ret=SUCCESS |  
2019-08-20 16:04:15,214 [grpc-default-executor-5] INFO  client.GrpcClientProtocolClient (GrpcClientProtocolClient.java:onNext(255)) - client-EAA342753240->9a4a4c23-9ff3-4ce3-a619-2c71c0869997: receive RaftClientReply:client-EAA342753240->9a4a4c23-9ff3-4ce3-a619-2c71c0869997@group-EC4211DF0353, cid=2815, SUCCESS, logIndex=4197, commits[9a4a4c23-9ff3-4ce3-a619-2c71c0869997:c4197, 9b0072ab-15b3-4973-9bcb-7fa02f6bfea9:c4191, 9f215ef2-7d46-4cda-b695-cae1b893f75f:c4193]
2019-08-20 16:04:15,214 | INFO  | DNAudit | user=null | ip=null | op=PUT_BLOCK {blockData=[blockId=conID: 3 locID: 102650154529522289 bcsId: 0,size=1048576]} | ret=SUCCESS |  
2019-08-20 16:04:15,214 | INFO  | DNAudit | user=null | ip=null | op=WRITE_CHUNK {blockData=conID: 3 locID: 102650154529522289 bcsId: 0} | ret=SUCCESS |  
2019-08-20 16:04:15,214 | INFO  | DNAudit | user=null | ip=null | op=PUT_BLOCK {blockData=[blockId=conID: 3 locID: 102650154529522289 bcsId: 0,size=1048576]} | ret=SUCCESS |  
2019-08-20 16:04:15,214 [grpc-default-executor-3] INFO  client.GrpcClientProtocolClient (GrpcClientProtocolClient.java:onNext(255)) - client-EAA342753240->9a4a4c23-9ff3-4ce3-a619-2c71c0869997: receive RaftClientReply:client-EAA342753240->9a4a4c23-9ff3-4ce3-a619-2c71c0869997@group-EC4211DF0353, cid=2816, SUCCESS, logIndex=0, commits[9a4a4c23-9ff3-4ce3-a619-2c71c0869997:c4199, 9b0072ab-15b3-4973-9bcb-7fa02f6bfea9:c4195, 9f215ef2-7d46-4cda-b695-cae1b893f75f:c4195]
2019-08-20 16:04:15,215 | INFO  | DNAudit | user=null | ip=null | op=WRITE_CHUNK {blockData=conID: 3 locID: 102650154529522289 bcsId: 0} | ret=SUCCESS |  
2019-08-20 16:04:15,215 | INFO  | DNAudit | user=null | ip=null | op=PUT_BLOCK {blockData=[blockId=conID: 3 locID: 102650154529522289 bcsId: 0,size=2097152]} | ret=SUCCESS |  
2019-08-20 16:04:15,216 | INFO  | DNAudit | user=null | ip=null | op=WRITE_CHUNK {blockData=conID: 3 locID: 102650154529522289 bcsId: 0} | ret=SUCCESS |  
2019-08-20 16:04:15,326 | INFO  | DNAudit | user=null | ip=null | op=PUT_BLOCK {blockData=[blockId=conID: 3 locID: 102650154529522289 bcsId: 0,size=2097152]} | ret=SUCCESS |  
2019-08-20 16:04:15,330 | INFO  | DNAudit | user=null | ip=null | op=WRITE_CHUNK {blockData=conID: 3 locID: 102650154529522289 bcsId: 4197} | ret=SUCCESS |  
2019-08-20 16:04:15,332 | INFO  | DNAudit | user=null | ip=null | op=WRITE_CHUNK {blockData=conID: 3 locID: 102650154529522289 bcsId: 4197} | ret=SUCCESS |  
2019-08-20 16:04:15,332 | INFO  | DNAudit | user=null | ip=null | op=WRITE_CHUNK {blockData=conID: 3 locID: 102650154529522289 bcsId: 4197} | ret=SUCCESS |  
2019-08-20 16:04:15,342 | INFO  | DNAudit | user=null | ip=null | op=WRITE_CHUNK {blockData=conID: 3 locID: 102650154529522289 bcsId: 4197} | ret=SUCCESS |  
2019-08-20 16:04:15,343 | INFO  | DNAudit | user=null | ip=null | op=PUT_BLOCK {blockData=[blockId=conID: 3 locID: 102650154529522289 bcsId: 0,size=3145728]} | ret=SUCCESS |  
2019-08-20 16:04:15,343 [grpc-default-executor-3] INFO  client.GrpcClientProtocolClient (GrpcClientProtocolClient.java:onNext(255)) - client-EAA342753240->9a4a4c23-9ff3-4ce3-a619-2c71c0869997: receive RaftClientReply:client-EAA342753240->9a4a4c23-9ff3-4ce3-a619-2c71c0869997@group-EC4211DF0353, cid=2817, SUCCESS, logIndex=4202, commits[9a4a4c23-9ff3-4ce3-a619-2c71c0869997:c4203, 9b0072ab-15b3-4973-9bcb-7fa02f6bfea9:c4201, 9f215ef2-7d46-4cda-b695-cae1b893f75f:c4201]
2019-08-20 16:04:15,343 [grpc-default-executor-3] INFO  client.GrpcClientProtocolClient (GrpcClientProtocolClient.java:onNext(255)) - client-EAA342753240->9a4a4c23-9ff3-4ce3-a619-2c71c0869997: receive RaftClientReply:client-EAA342753240->9a4a4c23-9ff3-4ce3-a619-2c71c0869997@group-EC4211DF0353, cid=2818, SUCCESS, logIndex=4203, commits[9a4a4c23-9ff3-4ce3-a619-2c71c0869997:c4203, 9b0072ab-15b3-4973-9bcb-7fa02f6bfea9:c4201, 9f215ef2-7d46-4cda-b695-cae1b893f75f:c4201]
2019-08-20 16:04:15,349 | INFO  | DNAudit | user=null | ip=null | op=WRITE_CHUNK {blockData=conID: 3 locID: 102650154529522289 bcsId: 4203} | ret=SUCCESS |  
2019-08-20 16:04:15,351 | INFO  | DNAudit | user=null | ip=null | op=WRITE_CHUNK {blockData=conID: 3 locID: 102650154529522289 bcsId: 4203} | ret=SUCCESS |  
2019-08-20 16:04:15,352 | INFO  | DNAudit | user=null | ip=null | op=WRITE_CHUNK {blockData=conID: 3 locID: 102650154529522289 bcsId: 4203} | ret=SUCCESS |  
2019-08-20 16:04:15,354 | INFO  | DNAudit | user=null | ip=null | op=WRITE_CHUNK {blockData=conID: 3 locID: 102650154529522289 bcsId: 4197} | ret=SUCCESS |  
2019-08-20 16:04:15,354 | INFO  | DNAudit | user=null | ip=null | op=WRITE_CHUNK {blockData=conID: 3 locID: 102650154529522289 bcsId: 4197} | ret=SUCCESS |  
2019-08-20 16:04:15,355 | INFO  | DNAudit | user=null | ip=null | op=PUT_BLOCK {blockData=[blockId=conID: 3 locID: 102650154529522289 bcsId: 0,size=3145728]} | ret=SUCCESS |  
2019-08-20 16:04:15,356 | INFO  | DNAudit | user=null | ip=null | op=PUT_BLOCK {blockData=[blockId=conID: 3 locID: 102650154529522289 bcsId: 0,size=3145728]} | ret=SUCCESS |  
2019-08-20 16:04:15,356 | INFO  | DNAudit | user=null | ip=null | op=WRITE_CHUNK {blockData=conID: 3 locID: 102650154529522289 bcsId: 4203} | ret=SUCCESS |  
2019-08-20 16:04:15,356 | INFO  | DNAudit | user=null | ip=null | op=PUT_BLOCK {blockData=[blockId=conID: 3 locID: 102650154529522289 bcsId: 0,size=4194304]} | ret=SUCCESS |  
2019-08-20 16:04:15,356 [grpc-default-executor-0] INFO  client.GrpcClientProtocolClient (GrpcClientProtocolClient.java:onNext(255)) - client-EAA342753240->9a4a4c23-9ff3-4ce3-a619-2c71c0869997: receive RaftClientReply:client-EAA342753240->9a4a4c23-9ff3-4ce3-a619-2c71c0869997@group-EC4211DF0353, cid=2819, SUCCESS, logIndex=4206, commits[9a4a4c23-9ff3-4ce3-a619-2c71c0869997:c4207, 9b0072ab-15b3-4973-9bcb-7fa02f6bfea9:c4203, 9f215ef2-7d46-4cda-b695-cae1b893f75f:c4203]
2019-08-20 16:04:15,357 [grpc-default-executor-0] INFO  client.GrpcClientProtocolClient (GrpcClientProtocolClient.java:onNext(255)) - client-EAA342753240->9a4a4c23-9ff3-4ce3-a619-2c71c0869997: receive RaftClientReply:client-EAA342753240->9a4a4c23-9ff3-4ce3-a619-2c71c0869997@group-EC4211DF0353, cid=2820, SUCCESS, logIndex=4207, commits[9a4a4c23-9ff3-4ce3-a619-2c71c0869997:c4207, 9b0072ab-15b3-4973-9bcb-7fa02f6bfea9:c4203, 9f215ef2-7d46-4cda-b695-cae1b893f75f:c4203]
2019-08-20 16:04:15,367 | INFO  | DNAudit | user=null | ip=null | op=WRITE_CHUNK {blockData=conID: 3 locID: 102650154529522289 bcsId: 4203} | ret=SUCCESS |  
2019-08-20 16:04:15,367 | INFO  | DNAudit | user=null | ip=null | op=WRITE_CHUNK {blockData=conID: 3 locID: 102650154529522289 bcsId: 4203} | ret=SUCCESS |  
2019-08-20 16:04:15,370 | INFO  | DNAudit | user=null | ip=null | op=PUT_BLOCK {blockData=[blockId=conID: 3 locID: 102650154529522289 bcsId: 0,size=4194304]} | ret=SUCCESS |  
2019-08-20 16:04:15,370 | INFO  | DNAudit | user=null | ip=null | op=PUT_BLOCK {blockData=[blockId=conID: 3 locID: 102650154529522289 bcsId: 0,size=4194304]} | ret=SUCCESS |  
2019-08-20 16:04:15,370 [grpc-default-executor-5] INFO  client.GrpcClientProtocolClient (GrpcClientProtocolClient.java:onNext(255)) - client-EAA342753240->9a4a4c23-9ff3-4ce3-a619-2c71c0869997: receive RaftClientReply:client-EAA342753240->9a4a4c23-9ff3-4ce3-a619-2c71c0869997@group-EC4211DF0353, cid=2821, SUCCESS, logIndex=0, commits[9a4a4c23-9ff3-4ce3-a619-2c71c0869997:c4209, 9b0072ab-15b3-4973-9bcb-7fa02f6bfea9:c4207, 9f215ef2-7d46-4cda-b695-cae1b893f75f:c4207]
2019-08-20 16:04:15,376 | INFO  | SCMAudit | user=jenkins1000 | ip=192.168.69.96 | op=ALLOCATE_BLOCK {owner=ea4851f9-218c-4af7-91b4-edb777a4888c, size=4194304, type=RATIS, factor=THREE} | ret=SUCCESS |  
2019-08-20 16:04:15,380 | INFO  | OMAudit | user=jenkins1000 | ip=127.0.0.1 | op=ALLOCATE_BLOCK {volume=vol-0-94146, bucket=bucket-0-90789, key=key-0-25609, dataSize=0, replicationType=null, replicationFactor=null, keyLocationInfo=null, clientID=102650152704082322} | ret=SUCCESS |  
2019-08-20 16:04:15,387 | INFO  | DNAudit | user=null | ip=null | op=WRITE_CHUNK {blockData=conID: 1 locID: 102650154541122162 bcsId: 0} | ret=SUCCESS |  
2019-08-20 16:04:15,389 | INFO  | DNAudit | user=null | ip=null | op=WRITE_CHUNK {blockData=conID: 1 locID: 102650154541122162 bcsId: 0} | ret=SUCCESS |  
2019-08-20 16:04:15,389 | INFO  | DNAudit | user=null | ip=null | op=WRITE_CHUNK {blockData=conID: 1 locID: 102650154541122162 bcsId: 0} | ret=SUCCESS |  
2019-08-20 16:04:15,389 | INFO  | DNAudit | user=null | ip=null | op=WRITE_CHUNK {blockData=conID: 1 locID: 102650154541122162 bcsId: 0} | ret=SUCCESS |  
2019-08-20 16:04:15,390 | INFO  | DNAudit | user=null | ip=null | op=WRITE_CHUNK {blockData=conID: 1 locID: 102650154541122162 bcsId: 0} | ret=SUCCESS |  
2019-08-20 16:04:15,391 | INFO  | DNAudit | user=null | ip=null | op=WRITE_CHUNK {blockData=conID: 1 locID: 102650154541122162 bcsId: 0} | ret=SUCCESS |  
2019-08-20 16:04:15,400 | INFO  | DNAudit | user=null | ip=null | op=WRITE_CHUNK {blockData=conID: 1 locID: 102650154541122162 bcsId: 0} | ret=SUCCESS |  
2019-08-20 16:04:15,400 | INFO  | DNAudit | user=null | ip=null | op=PUT_BLOCK {blockData=[blockId=conID: 1 locID: 102650154541122162 bcsId: 0,size=1048576]} | ret=SUCCESS |  
2019-08-20 16:04:15,400 | INFO  | DNAudit | user=null | ip=null | op=WRITE_CHUNK {blockData=conID: 1 locID: 102650154541122162 bcsId: 0} | ret=SUCCESS |  
2019-08-20 16:04:15,400 [grpc-default-executor-3] INFO  client.GrpcClientProtocolClient (GrpcClientProtocolClient.java:onNext(255)) - client-EAA342753240->9a4a4c23-9ff3-4ce3-a619-2c71c0869997: receive RaftClientReply:client-EAA342753240->9a4a4c23-9ff3-4ce3-a619-2c71c0869997@group-EC4211DF0353, cid=2822, SUCCESS, logIndex=4210, commits[9a4a4c23-9ff3-4ce3-a619-2c71c0869997:c4211, 9b0072ab-15b3-4973-9bcb-7fa02f6bfea9:c4209, 9f215ef2-7d46-4cda-b695-cae1b893f75f:c4209]
2019-08-20 16:04:15,401 | INFO  | DNAudit | user=null | ip=null | op=PUT_BLOCK {blockData=[blockId=conID: 1 locID: 102650154541122162 bcsId: 0,size=2097152]} | ret=SUCCESS |  
2019-08-20 16:04:15,401 [grpc-default-executor-3] INFO  client.GrpcClientProtocolClient (GrpcClientProtocolClient.java:onNext(255)) - client-EAA342753240->9a4a4c23-9ff3-4ce3-a619-2c71c0869997: receive RaftClientReply:client-EAA342753240->9a4a4c23-9ff3-4ce3-a619-2c71c0869997@group-EC4211DF0353, cid=2823, SUCCESS, logIndex=4211, commits[9a4a4c23-9ff3-4ce3-a619-2c71c0869997:c4212, 9b0072ab-15b3-4973-9bcb-7fa02f6bfea9:c4209, 9f215ef2-7d46-4cda-b695-cae1b893f75f:c4209]
2019-08-20 16:04:15,401 | INFO  | DNAudit | user=null | ip=null | op=WRITE_CHUNK {blockData=conID: 1 locID: 102650154541122162 bcsId: 0} | ret=SUCCESS |  
2019-08-20 16:04:15,401 [grpc-default-executor-3] INFO  client.GrpcClientProtocolClient (GrpcClientProtocolClient.java:onNext(255)) - client-EAA342753240->9a4a4c23-9ff3-4ce3-a619-2c71c0869997: receive RaftClientReply:client-EAA342753240->9a4a4c23-9ff3-4ce3-a619-2c71c0869997@group-EC4211DF0353, cid=2824, SUCCESS, logIndex=4212, commits[9a4a4c23-9ff3-4ce3-a619-2c71c0869997:c4213, 9b0072ab-15b3-4973-9bcb-7fa02f6bfea9:c4209, 9f215ef2-7d46-4cda-b695-cae1b893f75f:c4209]
2019-08-20 16:04:15,401 [grpc-default-executor-3] INFO  client.GrpcClientProtocolClient (GrpcClientProtocolClient.java:onNext(255)) - client-EAA342753240->9a4a4c23-9ff3-4ce3-a619-2c71c0869997: receive RaftClientReply:client-EAA342753240->9a4a4c23-9ff3-4ce3-a619-2c71c0869997@group-EC4211DF0353, cid=2825, SUCCESS, logIndex=4213, commits[9a4a4c23-9ff3-4ce3-a619-2c71c0869997:c4213, 9b0072ab-15b3-4973-9bcb-7fa02f6bfea9:c4209, 9f215ef2-7d46-4cda-b695-cae1b893f75f:c4209]
2019-08-20 16:04:15,404 | INFO  | DNAudit | user=null | ip=null | op=PUT_BLOCK {blockData=[blockId=conID: 1 locID: 102650154541122162 bcsId: 0,size=1048576]} | ret=SUCCESS |  
2019-08-20 16:04:15,404 | INFO  | DNAudit | user=null | ip=null | op=WRITE_CHUNK {blockData=conID: 1 locID: 102650154541122162 bcsId: 0} | ret=SUCCESS |  
2019-08-20 16:04:15,404 | INFO  | DNAudit | user=null | ip=null | op=WRITE_CHUNK {blockData=conID: 1 locID: 102650154541122162 bcsId: 0} | ret=SUCCESS |  
2019-08-20 16:04:15,404 | INFO  | DNAudit | user=null | ip=null | op=PUT_BLOCK {blockData=[blockId=conID: 1 locID: 102650154541122162 bcsId: 0,size=1048576]} | ret=SUCCESS |  
2019-08-20 16:04:15,405 | INFO  | DNAudit | user=null | ip=null | op=WRITE_CHUNK {blockData=conID: 1 locID: 102650154541122162 bcsId: 0} | ret=SUCCESS |  
2019-08-20 16:04:15,405 | INFO  | DNAudit | user=null | ip=null | op=PUT_BLOCK {blockData=[blockId=conID: 1 locID: 102650154541122162 bcsId: 0,size=2097152]} | ret=SUCCESS |  
2019-08-20 16:04:15,405 | INFO  | DNAudit | user=null | ip=null | op=PUT_BLOCK {blockData=[blockId=conID: 1 locID: 102650154541122162 bcsId: 0,size=2097152]} | ret=SUCCESS |  
2019-08-20 16:04:15,405 [grpc-default-executor-3] INFO  client.GrpcClientProtocolClient (GrpcClientProtocolClient.java:onNext(255)) - client-EAA342753240->9a4a4c23-9ff3-4ce3-a619-2c71c0869997: receive RaftClientReply:client-EAA342753240->9a4a4c23-9ff3-4ce3-a619-2c71c0869997@group-EC4211DF0353, cid=2826, SUCCESS, logIndex=0, commits[9a4a4c23-9ff3-4ce3-a619-2c71c0869997:c4216, 9b0072ab-15b3-4973-9bcb-7fa02f6bfea9:c4211, 9f215ef2-7d46-4cda-b695-cae1b893f75f:c4212]
2019-08-20 16:04:15,411 | INFO  | DNAudit | user=null | ip=null | op=WRITE_CHUNK {blockData=conID: 1 locID: 102650154541122162 bcsId: 4213} | ret=SUCCESS |  
2019-08-20 16:04:15,413 | INFO  | DNAudit | user=null | ip=null | op=WRITE_CHUNK {blockData=conID: 1 locID: 102650154541122162 bcsId: 4213} | ret=SUCCESS |  
2019-08-20 16:04:15,414 | INFO  | DNAudit | user=null | ip=null | op=WRITE_CHUNK {blockData=conID: 1 locID: 102650154541122162 bcsId: 4213} | ret=SUCCESS |  
2019-08-20 16:04:15,424 | INFO  | DNAudit | user=null | ip=null | op=WRITE_CHUNK {blockData=conID: 1 locID: 102650154541122162 bcsId: 4213} | ret=SUCCESS |  
2019-08-20 16:04:15,425 | INFO  | DNAudit | user=null | ip=null | op=PUT_BLOCK {blockData=[blockId=conID: 1 locID: 102650154541122162 bcsId: 0,size=3145728]} | ret=SUCCESS |  
2019-08-20 16:04:15,425 [grpc-default-executor-3] INFO  client.GrpcClientProtocolClient (GrpcClientProtocolClient.java:onNext(255)) - client-EAA342753240->9a4a4c23-9ff3-4ce3-a619-2c71c0869997: receive RaftClientReply:client-EAA342753240->9a4a4c23-9ff3-4ce3-a619-2c71c0869997@group-EC4211DF0353, cid=2827, SUCCESS, logIndex=4218, commits[9a4a4c23-9ff3-4ce3-a619-2c71c0869997:c4219, 9b0072ab-15b3-4973-9bcb-7fa02f6bfea9:c4217, 9f215ef2-7d46-4cda-b695-cae1b893f75f:c4217]
2019-08-20 16:04:15,425 [grpc-default-executor-3] INFO  client.GrpcClientProtocolClient (GrpcClientProtocolClient.java:onNext(255)) - client-EAA342753240->9a4a4c23-9ff3-4ce3-a619-2c71c0869997: receive RaftClientReply:client-EAA342753240->9a4a4c23-9ff3-4ce3-a619-2c71c0869997@group-EC4211DF0353, cid=2828, SUCCESS, logIndex=4219, commits[9a4a4c23-9ff3-4ce3-a619-2c71c0869997:c4219, 9b0072ab-15b3-4973-9bcb-7fa02f6bfea9:c4217, 9f215ef2-7d46-4cda-b695-cae1b893f75f:c4217]
2019-08-20 16:04:15,432 | INFO  | DNAudit | user=null | ip=null | op=WRITE_CHUNK {blockData=conID: 1 locID: 102650154541122162 bcsId: 4219} | ret=SUCCESS |  
2019-08-20 16:04:15,433 | INFO  | DNAudit | user=null | ip=null | op=WRITE_CHUNK {blockData=conID: 1 locID: 102650154541122162 bcsId: 4219} | ret=SUCCESS |  
2019-08-20 16:04:15,434 | INFO  | DNAudit | user=null | ip=null | op=WRITE_CHUNK {blockData=conID: 1 locID: 102650154541122162 bcsId: 4219} | ret=SUCCESS |  
2019-08-20 16:04:15,444 | INFO  | DNAudit | user=null | ip=null | op=WRITE_CHUNK {blockData=conID: 1 locID: 102650154541122162 bcsId: 4213} | ret=SUCCESS |  
2019-08-20 16:04:15,444 | INFO  | DNAudit | user=null | ip=null | op=WRITE_CHUNK {blockData=conID: 1 locID: 102650154541122162 bcsId: 4213} | ret=SUCCESS |  
2019-08-20 16:04:15,446 | INFO  | DNAudit | user=null | ip=null | op=PUT_BLOCK {blockData=[blockId=conID: 1 locID: 102650154541122162 bcsId: 0,size=3145728]} | ret=SUCCESS |  
2019-08-20 16:04:15,446 | INFO  | DNAudit | user=null | ip=null | op=PUT_BLOCK {blockData=[blockId=conID: 1 locID: 102650154541122162 bcsId: 0,size=3145728]} | ret=SUCCESS |  
2019-08-20 16:04:15,447 | INFO  | DNAudit | user=null | ip=null | op=WRITE_CHUNK {blockData=conID: 1 locID: 102650154541122162 bcsId: 4219} | ret=SUCCESS |  
2019-08-20 16:04:15,447 | INFO  | DNAudit | user=null | ip=null | op=PUT_BLOCK {blockData=[blockId=conID: 1 locID: 102650154541122162 bcsId: 0,size=4194304]} | ret=SUCCESS |  
2019-08-20 16:04:15,447 [grpc-default-executor-3] INFO  client.GrpcClientProtocolClient (GrpcClientProtocolClient.java:onNext(255)) - client-EAA342753240->9a4a4c23-9ff3-4ce3-a619-2c71c0869997: receive RaftClientReply:client-EAA342753240->9a4a4c23-9ff3-4ce3-a619-2c71c0869997@group-EC4211DF0353, cid=2829, SUCCESS, logIndex=4222, commits[9a4a4c23-9ff3-4ce3-a619-2c71c0869997:c4223, 9b0072ab-15b3-4973-9bcb-7fa02f6bfea9:c4219, 9f215ef2-7d46-4cda-b695-cae1b893f75f:c4219]
2019-08-20 16:04:15,448 [grpc-default-executor-3] INFO  client.GrpcClientProtocolClient (GrpcClientProtocolClient.java:onNext(255)) - client-EAA342753240->9a4a4c23-9ff3-4ce3-a619-2c71c0869997: receive RaftClientReply:client-EAA342753240->9a4a4c23-9ff3-4ce3-a619-2c71c0869997@group-EC4211DF0353, cid=2830, SUCCESS, logIndex=4223, commits[9a4a4c23-9ff3-4ce3-a619-2c71c0869997:c4223, 9b0072ab-15b3-4973-9bcb-7fa02f6bfea9:c4219, 9f215ef2-7d46-4cda-b695-cae1b893f75f:c4219]
2019-08-20 16:04:15,458 | INFO  | DNAudit | user=null | ip=null | op=WRITE_CHUNK {blockData=conID: 1 locID: 102650154541122162 bcsId: 4219} | ret=SUCCESS |  
2019-08-20 16:04:15,458 | INFO  | DNAudit | user=null | ip=null | op=WRITE_CHUNK {blockData=conID: 1 locID: 102650154541122162 bcsId: 4219} | ret=SUCCESS |  
2019-08-20 16:04:15,461 | INFO  | DNAudit | user=null | ip=null | op=PUT_BLOCK {blockData=[blockId=conID: 1 locID: 102650154541122162 bcsId: 0,size=4194304]} | ret=SUCCESS |  
2019-08-20 16:04:15,461 | INFO  | DNAudit | user=null | ip=null | op=PUT_BLOCK {blockData=[blockId=conID: 1 locID: 102650154541122162 bcsId: 0,size=4194304]} | ret=SUCCESS |  
2019-08-20 16:04:15,462 [grpc-default-executor-5] INFO  client.GrpcClientProtocolClient (GrpcClientProtocolClient.java:onNext(255)) - client-EAA342753240->9a4a4c23-9ff3-4ce3-a619-2c71c0869997: receive RaftClientReply:client-EAA342753240->9a4a4c23-9ff3-4ce3-a619-2c71c0869997@group-EC4211DF0353, cid=2831, SUCCESS, logIndex=0, commits[9a4a4c23-9ff3-4ce3-a619-2c71c0869997:c4225, 9b0072ab-15b3-4973-9bcb-7fa02f6bfea9:c4223, 9f215ef2-7d46-4cda-b695-cae1b893f75f:c4223]
2019-08-20 16:04:15,469 | INFO  | SCMAudit | user=jenkins1000 | ip=192.168.69.96 | op=ALLOCATE_BLOCK {owner=ea4851f9-218c-4af7-91b4-edb777a4888c, size=4194304, type=RATIS, factor=THREE} | ret=SUCCESS |  
2019-08-20 16:04:15,474 | INFO  | OMAudit | user=jenkins1000 | ip=127.0.0.1 | op=ALLOCATE_BLOCK {volume=vol-0-94146, bucket=bucket-0-90789, key=key-0-25609, dataSize=0, replicationType=null, replicationFactor=null, keyLocationInfo=null, clientID=102650152704082322} | ret=SUCCESS |  
2019-08-20 16:04:15,480 | INFO  | DNAudit | user=null | ip=null | op=WRITE_CHUNK {blockData=conID: 2 locID: 102650154547217011 bcsId: 0} | ret=SUCCESS |  
2019-08-20 16:04:15,482 | INFO  | DNAudit | user=null | ip=null | op=WRITE_CHUNK {blockData=conID: 2 locID: 102650154547217011 bcsId: 0} | ret=SUCCESS |  
2019-08-20 16:04:15,483 | INFO  | DNAudit | user=null | ip=null | op=WRITE_CHUNK {blockData=conID: 2 locID: 102650154547217011 bcsId: 0} | ret=SUCCESS |  
2019-08-20 16:04:15,483 | INFO  | DNAudit | user=null | ip=null | op=WRITE_CHUNK {blockData=conID: 2 locID: 102650154547217011 bcsId: 0} | ret=SUCCESS |  
2019-08-20 16:04:15,485 | INFO  | DNAudit | user=null | ip=null | op=WRITE_CHUNK {blockData=conID: 2 locID: 102650154547217011 bcsId: 0} | ret=SUCCESS |  
2019-08-20 16:04:15,485 | INFO  | DNAudit | user=null | ip=null | op=WRITE_CHUNK {blockData=conID: 2 locID: 102650154547217011 bcsId: 0} | ret=SUCCESS |  
2019-08-20 16:04:15,781 | INFO  | DNAudit | user=null | ip=null | op=WRITE_CHUNK {blockData=conID: 2 locID: 102650154547217011 bcsId: 0} | ret=SUCCESS |  
2019-08-20 16:04:15,781 | INFO  | DNAudit | user=null | ip=null | op=PUT_BLOCK {blockData=[blockId=conID: 2 locID: 102650154547217011 bcsId: 0,size=1048576]} | ret=SUCCESS |  
2019-08-20 16:04:15,782 [grpc-default-executor-1] INFO  client.GrpcClientProtocolClient (GrpcClientProtocolClient.java:onNext(255)) - client-EAA342753240->9a4a4c23-9ff3-4ce3-a619-2c71c0869997: receive RaftClientReply:client-EAA342753240->9a4a4c23-9ff3-4ce3-a619-2c71c0869997@group-EC4211DF0353, cid=2832, SUCCESS, logIndex=4226, commits[9a4a4c23-9ff3-4ce3-a619-2c71c0869997:c4227, 9b0072ab-15b3-4973-9bcb-7fa02f6bfea9:c4225, 9f215ef2-7d46-4cda-b695-cae1b893f75f:c4225]
2019-08-20 16:04:15,782 [grpc-default-executor-1] INFO  client.GrpcClientProtocolClient (GrpcClientProtocolClient.java:onNext(255)) - client-EAA342753240->9a4a4c23-9ff3-4ce3-a619-2c71c0869997: receive RaftClientReply:client-EAA342753240->9a4a4c23-9ff3-4ce3-a619-2c71c0869997@group-EC4211DF0353, cid=2833, SUCCESS, logIndex=4227, commits[9a4a4c23-9ff3-4ce3-a619-2c71c0869997:c4227, 9b0072ab-15b3-4973-9bcb-7fa02f6bfea9:c4225, 9f215ef2-7d46-4cda-b695-cae1b893f75f:c4225]
2019-08-20 16:04:15,829 | INFO  | DNAudit | user=null | ip=null | op=WRITE_CHUNK {blockData=conID: 2 locID: 102650154547217011 bcsId: 0} | ret=SUCCESS |  
2019-08-20 16:04:15,829 | INFO  | DNAudit | user=null | ip=null | op=PUT_BLOCK {blockData=[blockId=conID: 2 locID: 102650154547217011 bcsId: 0,size=2097152]} | ret=SUCCESS |  
2019-08-20 16:04:15,829 [grpc-default-executor-3] INFO  client.GrpcClientProtocolClient (GrpcClientProtocolClient.java:onNext(255)) - client-EAA342753240->9a4a4c23-9ff3-4ce3-a619-2c71c0869997: receive RaftClientReply:client-EAA342753240->9a4a4c23-9ff3-4ce3-a619-2c71c0869997@group-EC4211DF0353, cid=2834, SUCCESS, logIndex=4228, commits[9a4a4c23-9ff3-4ce3-a619-2c71c0869997:c4229, 9b0072ab-15b3-4973-9bcb-7fa02f6bfea9:c4225, 9f215ef2-7d46-4cda-b695-cae1b893f75f:c4225]
2019-08-20 16:04:15,830 [grpc-default-executor-3] INFO  client.GrpcClientProtocolClient (GrpcClientProtocolClient.java:onNext(255)) - client-EAA342753240->9a4a4c23-9ff3-4ce3-a619-2c71c0869997: receive RaftClientReply:client-EAA342753240->9a4a4c23-9ff3-4ce3-a619-2c71c0869997@group-EC4211DF0353, cid=2835, SUCCESS, logIndex=4229, commits[9a4a4c23-9ff3-4ce3-a619-2c71c0869997:c4229, 9b0072ab-15b3-4973-9bcb-7fa02f6bfea9:c4225, 9f215ef2-7d46-4cda-b695-cae1b893f75f:c4225]
2019-08-20 16:04:15,844 | INFO  | DNAudit | user=null | ip=null | op=WRITE_CHUNK {blockData=conID: 2 locID: 102650154547217011 bcsId: 0} | ret=SUCCESS |  
2019-08-20 16:04:15,844 | INFO  | DNAudit | user=null | ip=null | op=WRITE_CHUNK {blockData=conID: 2 locID: 102650154547217011 bcsId: 0} | ret=SUCCESS |  
2019-08-20 16:04:15,844 | INFO  | DNAudit | user=null | ip=null | op=PUT_BLOCK {blockData=[blockId=conID: 2 locID: 102650154547217011 bcsId: 0,size=1048576]} | ret=SUCCESS |  
2019-08-20 16:04:15,844 | INFO  | DNAudit | user=null | ip=null | op=PUT_BLOCK {blockData=[blockId=conID: 2 locID: 102650154547217011 bcsId: 0,size=1048576]} | ret=SUCCESS |  
2019-08-20 16:04:15,845 | INFO  | DNAudit | user=null | ip=null | op=WRITE_CHUNK {blockData=conID: 2 locID: 102650154547217011 bcsId: 0} | ret=SUCCESS |  
2019-08-20 16:04:15,845 | INFO  | DNAudit | user=null | ip=null | op=WRITE_CHUNK {blockData=conID: 2 locID: 102650154547217011 bcsId: 0} | ret=SUCCESS |  
2019-08-20 16:04:15,845 | INFO  | DNAudit | user=null | ip=null | op=PUT_BLOCK {blockData=[blockId=conID: 2 locID: 102650154547217011 bcsId: 0,size=2097152]} | ret=SUCCESS |  
2019-08-20 16:04:15,845 | INFO  | DNAudit | user=null | ip=null | op=PUT_BLOCK {blockData=[blockId=conID: 2 locID: 102650154547217011 bcsId: 0,size=2097152]} | ret=SUCCESS |  
2019-08-20 16:04:15,845 [grpc-default-executor-3] INFO  client.GrpcClientProtocolClient (GrpcClientProtocolClient.java:onNext(255)) - client-EAA342753240->9a4a4c23-9ff3-4ce3-a619-2c71c0869997: receive RaftClientReply:client-EAA342753240->9a4a4c23-9ff3-4ce3-a619-2c71c0869997@group-EC4211DF0353, cid=2836, SUCCESS, logIndex=0, commits[9a4a4c23-9ff3-4ce3-a619-2c71c0869997:c4231, 9b0072ab-15b3-4973-9bcb-7fa02f6bfea9:c4227, 9f215ef2-7d46-4cda-b695-cae1b893f75f:c4227]
2019-08-20 16:04:15,855 | INFO  | DNAudit | user=null | ip=null | op=WRITE_CHUNK {blockData=conID: 2 locID: 102650154547217011 bcsId: 4229} | ret=SUCCESS |  
2019-08-20 16:04:15,859 | INFO  | DNAudit | user=null | ip=null | op=WRITE_CHUNK {blockData=conID: 2 locID: 102650154547217011 bcsId: 4229} | ret=SUCCESS |  
2019-08-20 16:04:15,859 | INFO  | DNAudit | user=null | ip=null | op=WRITE_CHUNK {blockData=conID: 2 locID: 102650154547217011 bcsId: 4229} | ret=SUCCESS |  
2019-08-20 16:04:15,869 | INFO  | DNAudit | user=null | ip=null | op=WRITE_CHUNK {blockData=conID: 2 locID: 102650154547217011 bcsId: 4229} | ret=SUCCESS |  
2019-08-20 16:04:15,870 | INFO  | DNAudit | user=null | ip=null | op=PUT_BLOCK {blockData=[blockId=conID: 2 locID: 102650154547217011 bcsId: 0,size=3145728]} | ret=SUCCESS |  
2019-08-20 16:04:15,870 [grpc-default-executor-5] INFO  client.GrpcClientProtocolClient (GrpcClientProtocolClient.java:onNext(255)) - client-EAA342753240->9a4a4c23-9ff3-4ce3-a619-2c71c0869997: receive RaftClientReply:client-EAA342753240->9a4a4c23-9ff3-4ce3-a619-2c71c0869997@group-EC4211DF0353, cid=2837, SUCCESS, logIndex=4234, commits[9a4a4c23-9ff3-4ce3-a619-2c71c0869997:c4235, 9b0072ab-15b3-4973-9bcb-7fa02f6bfea9:c4233, 9f215ef2-7d46-4cda-b695-cae1b893f75f:c4229]
2019-08-20 16:04:15,870 [grpc-default-executor-5] INFO  client.GrpcClientProtocolClient (GrpcClientProtocolClient.java:onNext(255)) - client-EAA342753240->9a4a4c23-9ff3-4ce3-a619-2c71c0869997: receive RaftClientReply:client-EAA342753240->9a4a4c23-9ff3-4ce3-a619-2c71c0869997@group-EC4211DF0353, cid=2838, SUCCESS, logIndex=4235, commits[9a4a4c23-9ff3-4ce3-a619-2c71c0869997:c4235, 9b0072ab-15b3-4973-9bcb-7fa02f6bfea9:c4233, 9f215ef2-7d46-4cda-b695-cae1b893f75f:c4233]
2019-08-20 16:04:15,871 | INFO  | DNAudit | user=null | ip=null | op=WRITE_CHUNK {blockData=conID: 2 locID: 102650154547217011 bcsId: 4229} | ret=SUCCESS |  
2019-08-20 16:04:15,871 | INFO  | DNAudit | user=null | ip=null | op=WRITE_CHUNK {blockData=conID: 2 locID: 102650154547217011 bcsId: 4229} | ret=SUCCESS |  
2019-08-20 16:04:15,871 | INFO  | DNAudit | user=null | ip=null | op=PUT_BLOCK {blockData=[blockId=conID: 2 locID: 102650154547217011 bcsId: 0,size=3145728]} | ret=SUCCESS |  
2019-08-20 16:04:15,871 | INFO  | DNAudit | user=null | ip=null | op=PUT_BLOCK {blockData=[blockId=conID: 2 locID: 102650154547217011 bcsId: 0,size=3145728]} | ret=SUCCESS |  
2019-08-20 16:04:15,879 | INFO  | DNAudit | user=null | ip=null | op=WRITE_CHUNK {blockData=conID: 2 locID: 102650154547217011 bcsId: 4235} | ret=SUCCESS |  
2019-08-20 16:04:15,885 | INFO  | DNAudit | user=null | ip=null | op=WRITE_CHUNK {blockData=conID: 2 locID: 102650154547217011 bcsId: 4235} | ret=SUCCESS |  
2019-08-20 16:04:15,885 | INFO  | DNAudit | user=null | ip=null | op=WRITE_CHUNK {blockData=conID: 2 locID: 102650154547217011 bcsId: 4235} | ret=SUCCESS |  
2019-08-20 16:04:15,888 | INFO  | DNAudit | user=null | ip=null | op=WRITE_CHUNK {blockData=conID: 2 locID: 102650154547217011 bcsId: 4235} | ret=SUCCESS |  
2019-08-20 16:04:15,888 | INFO  | DNAudit | user=null | ip=null | op=PUT_BLOCK {blockData=[blockId=conID: 2 locID: 102650154547217011 bcsId: 0,size=4194304]} | ret=SUCCESS |  
2019-08-20 16:04:15,888 [grpc-default-executor-1] INFO  client.GrpcClientProtocolClient (GrpcClientProtocolClient.java:onNext(255)) - client-EAA342753240->9a4a4c23-9ff3-4ce3-a619-2c71c0869997: receive RaftClientReply:client-EAA342753240->9a4a4c23-9ff3-4ce3-a619-2c71c0869997@group-EC4211DF0353, cid=2839, SUCCESS, logIndex=4238, commits[9a4a4c23-9ff3-4ce3-a619-2c71c0869997:c4239, 9b0072ab-15b3-4973-9bcb-7fa02f6bfea9:c4237, 9f215ef2-7d46-4cda-b695-cae1b893f75f:c4237]
2019-08-20 16:04:15,889 [grpc-default-executor-1] INFO  client.GrpcClientProtocolClient (GrpcClientProtocolClient.java:onNext(255)) - client-EAA342753240->9a4a4c23-9ff3-4ce3-a619-2c71c0869997: receive RaftClientReply:client-EAA342753240->9a4a4c23-9ff3-4ce3-a619-2c71c0869997@group-EC4211DF0353, cid=2840, SUCCESS, logIndex=4239, commits[9a4a4c23-9ff3-4ce3-a619-2c71c0869997:c4239, 9b0072ab-15b3-4973-9bcb-7fa02f6bfea9:c4237, 9f215ef2-7d46-4cda-b695-cae1b893f75f:c4237]
2019-08-20 16:04:15,899 | INFO  | DNAudit | user=null | ip=null | op=WRITE_CHUNK {blockData=conID: 2 locID: 102650154547217011 bcsId: 4235} | ret=SUCCESS |  
2019-08-20 16:04:15,899 | INFO  | DNAudit | user=null | ip=null | op=WRITE_CHUNK {blockData=conID: 2 locID: 102650154547217011 bcsId: 4235} | ret=SUCCESS |  
2019-08-20 16:04:15,899 | INFO  | DNAudit | user=null | ip=null | op=PUT_BLOCK {blockData=[blockId=conID: 2 locID: 102650154547217011 bcsId: 0,size=4194304]} | ret=SUCCESS |  
2019-08-20 16:04:15,900 | INFO  | DNAudit | user=null | ip=null | op=PUT_BLOCK {blockData=[blockId=conID: 2 locID: 102650154547217011 bcsId: 0,size=4194304]} | ret=SUCCESS |  
2019-08-20 16:04:15,900 [grpc-default-executor-1] INFO  client.GrpcClientProtocolClient (GrpcClientProtocolClient.java:onNext(255)) - client-EAA342753240->9a4a4c23-9ff3-4ce3-a619-2c71c0869997: receive RaftClientReply:client-EAA342753240->9a4a4c23-9ff3-4ce3-a619-2c71c0869997@group-EC4211DF0353, cid=2841, SUCCESS, logIndex=0, commits[9a4a4c23-9ff3-4ce3-a619-2c71c0869997:c4240, 9b0072ab-15b3-4973-9bcb-7fa02f6bfea9:c4239, 9f215ef2-7d46-4cda-b695-cae1b893f75f:c4239]
2019-08-20 16:04:15,908 | INFO  | SCMAudit | user=jenkins1000 | ip=192.168.69.96 | op=ALLOCATE_BLOCK {owner=ea4851f9-218c-4af7-91b4-edb777a4888c, size=4194304, type=RATIS, factor=THREE} | ret=SUCCESS |  
2019-08-20 16:04:15,913 | INFO  | OMAudit | user=jenkins1000 | ip=127.0.0.1 | op=ALLOCATE_BLOCK {volume=vol-0-94146, bucket=bucket-0-90789, key=key-0-25609, dataSize=0, replicationType=null, replicationFactor=null, keyLocationInfo=null, clientID=102650152704082322} | ret=SUCCESS |  
2019-08-20 16:04:15,922 | INFO  | DNAudit | user=null | ip=null | op=WRITE_CHUNK {blockData=conID: 3 locID: 102650154575987316 bcsId: 0} | ret=SUCCESS |  
2019-08-20 16:04:15,924 | INFO  | DNAudit | user=null | ip=null | op=WRITE_CHUNK {blockData=conID: 3 locID: 102650154575987316 bcsId: 0} | ret=SUCCESS |  
2019-08-20 16:04:15,925 | INFO  | DNAudit | user=null | ip=null | op=WRITE_CHUNK {blockData=conID: 3 locID: 102650154575987316 bcsId: 0} | ret=SUCCESS |  
2019-08-20 16:04:15,925 | INFO  | DNAudit | user=null | ip=null | op=WRITE_CHUNK {blockData=conID: 3 locID: 102650154575987316 bcsId: 0} | ret=SUCCESS |  
2019-08-20 16:04:15,927 | INFO  | DNAudit | user=null | ip=null | op=WRITE_CHUNK {blockData=conID: 3 locID: 102650154575987316 bcsId: 0} | ret=SUCCESS |  
2019-08-20 16:04:15,927 | INFO  | DNAudit | user=null | ip=null | op=WRITE_CHUNK {blockData=conID: 3 locID: 102650154575987316 bcsId: 0} | ret=SUCCESS |  
2019-08-20 16:04:15,936 | INFO  | DNAudit | user=null | ip=null | op=WRITE_CHUNK {blockData=conID: 3 locID: 102650154575987316 bcsId: 0} | ret=SUCCESS |  
2019-08-20 16:04:15,936 | INFO  | DNAudit | user=null | ip=null | op=PUT_BLOCK {blockData=[blockId=conID: 3 locID: 102650154575987316 bcsId: 0,size=1048576]} | ret=SUCCESS |  
2019-08-20 16:04:15,937 [grpc-default-executor-5] INFO  client.GrpcClientProtocolClient (GrpcClientProtocolClient.java:onNext(255)) - client-EAA342753240->9a4a4c23-9ff3-4ce3-a619-2c71c0869997: receive RaftClientReply:client-EAA342753240->9a4a4c23-9ff3-4ce3-a619-2c71c0869997@group-EC4211DF0353, cid=2842, SUCCESS, logIndex=4242, commits[9a4a4c23-9ff3-4ce3-a619-2c71c0869997:c4243, 9b0072ab-15b3-4973-9bcb-7fa02f6bfea9:c4241, 9f215ef2-7d46-4cda-b695-cae1b893f75f:c4241]
2019-08-20 16:04:15,937 | INFO  | DNAudit | user=null | ip=null | op=WRITE_CHUNK {blockData=conID: 3 locID: 102650154575987316 bcsId: 0} | ret=SUCCESS |  
2019-08-20 16:04:15,937 | INFO  | DNAudit | user=null | ip=null | op=PUT_BLOCK {blockData=[blockId=conID: 3 locID: 102650154575987316 bcsId: 0,size=2097152]} | ret=SUCCESS |  
2019-08-20 16:04:15,937 [grpc-default-executor-5] INFO  client.GrpcClientProtocolClient (GrpcClientProtocolClient.java:onNext(255)) - client-EAA342753240->9a4a4c23-9ff3-4ce3-a619-2c71c0869997: receive RaftClientReply:client-EAA342753240->9a4a4c23-9ff3-4ce3-a619-2c71c0869997@group-EC4211DF0353, cid=2843, SUCCESS, logIndex=4243, commits[9a4a4c23-9ff3-4ce3-a619-2c71c0869997:c4245, 9b0072ab-15b3-4973-9bcb-7fa02f6bfea9:c4241, 9f215ef2-7d46-4cda-b695-cae1b893f75f:c4241]
2019-08-20 16:04:15,938 [grpc-default-executor-5] INFO  client.GrpcClientProtocolClient (GrpcClientProtocolClient.java:onNext(255)) - client-EAA342753240->9a4a4c23-9ff3-4ce3-a619-2c71c0869997: receive RaftClientReply:client-EAA342753240->9a4a4c23-9ff3-4ce3-a619-2c71c0869997@group-EC4211DF0353, cid=2844, SUCCESS, logIndex=4244, commits[9a4a4c23-9ff3-4ce3-a619-2c71c0869997:c4245, 9b0072ab-15b3-4973-9bcb-7fa02f6bfea9:c4241, 9f215ef2-7d46-4cda-b695-cae1b893f75f:c4241]
2019-08-20 16:04:15,938 [grpc-default-executor-5] INFO  client.GrpcClientProtocolClient (GrpcClientProtocolClient.java:onNext(255)) - client-EAA342753240->9a4a4c23-9ff3-4ce3-a619-2c71c0869997: receive RaftClientReply:client-EAA342753240->9a4a4c23-9ff3-4ce3-a619-2c71c0869997@group-EC4211DF0353, cid=2845, SUCCESS, logIndex=4245, commits[9a4a4c23-9ff3-4ce3-a619-2c71c0869997:c4245, 9b0072ab-15b3-4973-9bcb-7fa02f6bfea9:c4241, 9f215ef2-7d46-4cda-b695-cae1b893f75f:c4241]
2019-08-20 16:04:15,939 | INFO  | DNAudit | user=null | ip=null | op=WRITE_CHUNK {blockData=conID: 3 locID: 102650154575987316 bcsId: 0} | ret=SUCCESS |  
2019-08-20 16:04:15,950 | INFO  | DNAudit | user=null | ip=null | op=WRITE_CHUNK {blockData=conID: 3 locID: 102650154575987316 bcsId: 0} | ret=SUCCESS |  
2019-08-20 16:04:15,950 | INFO  | DNAudit | user=null | ip=null | op=PUT_BLOCK {blockData=[blockId=conID: 3 locID: 102650154575987316 bcsId: 0,size=1048576]} | ret=SUCCESS |  
2019-08-20 16:04:15,950 | INFO  | DNAudit | user=null | ip=null | op=WRITE_CHUNK {blockData=conID: 3 locID: 102650154575987316 bcsId: 0} | ret=SUCCESS |  
2019-08-20 16:04:15,950 | INFO  | DNAudit | user=null | ip=null | op=PUT_BLOCK {blockData=[blockId=conID: 3 locID: 102650154575987316 bcsId: 0,size=2097152]} | ret=SUCCESS |  
2019-08-20 16:04:15,950 | INFO  | DNAudit | user=null | ip=null | op=PUT_BLOCK {blockData=[blockId=conID: 3 locID: 102650154575987316 bcsId: 0,size=1048576]} | ret=SUCCESS |  
2019-08-20 16:04:15,951 | INFO  | DNAudit | user=null | ip=null | op=WRITE_CHUNK {blockData=conID: 3 locID: 102650154575987316 bcsId: 0} | ret=SUCCESS |  
2019-08-20 16:04:15,951 [grpc-default-executor-5] INFO  client.GrpcClientProtocolClient (GrpcClientProtocolClient.java:onNext(255)) - client-EAA342753240->9a4a4c23-9ff3-4ce3-a619-2c71c0869997: receive RaftClientReply:client-EAA342753240->9a4a4c23-9ff3-4ce3-a619-2c71c0869997@group-EC4211DF0353, cid=2846, SUCCESS, logIndex=0, commits[9a4a4c23-9ff3-4ce3-a619-2c71c0869997:c4249, 9b0072ab-15b3-4973-9bcb-7fa02f6bfea9:c4243, 9f215ef2-7d46-4cda-b695-cae1b893f75f:c4245]
2019-08-20 16:04:15,951 | INFO  | DNAudit | user=null | ip=null | op=PUT_BLOCK {blockData=[blockId=conID: 3 locID: 102650154575987316 bcsId: 0,size=2097152]} | ret=SUCCESS |  
2019-08-20 16:04:15,958 | INFO  | DNAudit | user=null | ip=null | op=WRITE_CHUNK {blockData=conID: 3 locID: 102650154575987316 bcsId: 4245} | ret=SUCCESS |  
2019-08-20 16:04:15,960 | INFO  | DNAudit | user=null | ip=null | op=WRITE_CHUNK {blockData=conID: 3 locID: 102650154575987316 bcsId: 4245} | ret=SUCCESS |  
2019-08-20 16:04:15,961 | INFO  | DNAudit | user=null | ip=null | op=WRITE_CHUNK {blockData=conID: 3 locID: 102650154575987316 bcsId: 4245} | ret=SUCCESS |  
2019-08-20 16:04:15,971 | INFO  | DNAudit | user=null | ip=null | op=WRITE_CHUNK {blockData=conID: 3 locID: 102650154575987316 bcsId: 4245} | ret=SUCCESS |  
2019-08-20 16:04:15,971 | INFO  | DNAudit | user=null | ip=null | op=PUT_BLOCK {blockData=[blockId=conID: 3 locID: 102650154575987316 bcsId: 0,size=3145728]} | ret=SUCCESS |  
2019-08-20 16:04:15,971 [grpc-default-executor-5] INFO  client.GrpcClientProtocolClient (GrpcClientProtocolClient.java:onNext(255)) - client-EAA342753240->9a4a4c23-9ff3-4ce3-a619-2c71c0869997: receive RaftClientReply:client-EAA342753240->9a4a4c23-9ff3-4ce3-a619-2c71c0869997@group-EC4211DF0353, cid=2847, SUCCESS, logIndex=4250, commits[9a4a4c23-9ff3-4ce3-a619-2c71c0869997:c4251, 9b0072ab-15b3-4973-9bcb-7fa02f6bfea9:c4249, 9f215ef2-7d46-4cda-b695-cae1b893f75f:c4249]
2019-08-20 16:04:15,972 [grpc-default-executor-5] INFO  client.GrpcClientProtocolClient (GrpcClientProtocolClient.java:onNext(255)) - client-EAA342753240->9a4a4c23-9ff3-4ce3-a619-2c71c0869997: receive RaftClientReply:client-EAA342753240->9a4a4c23-9ff3-4ce3-a619-2c71c0869997@group-EC4211DF0353, cid=2848, SUCCESS, logIndex=4251, commits[9a4a4c23-9ff3-4ce3-a619-2c71c0869997:c4251, 9b0072ab-15b3-4973-9bcb-7fa02f6bfea9:c4249, 9f215ef2-7d46-4cda-b695-cae1b893f75f:c4249]
 0.00% |█                                                                                                    |  0/1 Time: 0:00:282019-08-20 16:04:15,978 | INFO  | SCMAudit | user=jenkins1000 | ip=192.168.69.96 | op=SEND_HEARTBEAT {datanodeUUID=f1afe498-2778-451e-a3e4-8199ec337a15, command=[]} | ret=SUCCESS |  
2019-08-20 16:04:15,978 | INFO  | SCMAudit | user=jenkins1000 | ip=192.168.69.96 | op=SEND_HEARTBEAT {datanodeUUID=9b0072ab-15b3-4973-9bcb-7fa02f6bfea9, command=[]} | ret=SUCCESS |  
2019-08-20 16:04:15,978 | INFO  | SCMAudit | user=jenkins1000 | ip=192.168.69.96 | op=SEND_HEARTBEAT {datanodeUUID=9a4a4c23-9ff3-4ce3-a619-2c71c0869997, command=[]} | ret=SUCCESS |  
2019-08-20 16:04:15,979 | INFO  | SCMAudit | user=jenkins1000 | ip=192.168.69.96 | op=SEND_HEARTBEAT {datanodeUUID=69f203df-fb09-400b-ac11-cd7a56dd70a5, command=[]} | ret=SUCCESS |  
2019-08-20 16:04:15,980 | INFO  | SCMAudit | user=jenkins1000 | ip=192.168.69.96 | op=SEND_HEARTBEAT {datanodeUUID=9f215ef2-7d46-4cda-b695-cae1b893f75f, command=[]} | ret=SUCCESS |  
2019-08-20 16:04:15,982 | INFO  | DNAudit | user=null | ip=null | op=WRITE_CHUNK {blockData=conID: 3 locID: 102650154575987316 bcsId: 4251} | ret=SUCCESS |  
2019-08-20 16:04:15,982 | INFO  | DNAudit | user=null | ip=null | op=WRITE_CHUNK {blockData=conID: 3 locID: 102650154575987316 bcsId: 4245} | ret=SUCCESS |  
2019-08-20 16:04:15,982 | INFO  | DNAudit | user=null | ip=null | op=WRITE_CHUNK {blockData=conID: 3 locID: 102650154575987316 bcsId: 4245} | ret=SUCCESS |  
2019-08-20 16:04:15,982 | INFO  | DNAudit | user=null | ip=null | op=PUT_BLOCK {blockData=[blockId=conID: 3 locID: 102650154575987316 bcsId: 0,size=3145728]} | ret=SUCCESS |  
2019-08-20 16:04:15,983 | INFO  | DNAudit | user=null | ip=null | op=PUT_BLOCK {blockData=[blockId=conID: 3 locID: 102650154575987316 bcsId: 0,size=3145728]} | ret=SUCCESS |  
2019-08-20 16:04:15,984 | INFO  | DNAudit | user=null | ip=null | op=WRITE_CHUNK {blockData=conID: 3 locID: 102650154575987316 bcsId: 4251} | ret=SUCCESS |  
2019-08-20 16:04:15,984 | INFO  | DNAudit | user=null | ip=null | op=WRITE_CHUNK {blockData=conID: 3 locID: 102650154575987316 bcsId: 4251} | ret=SUCCESS |  
2019-08-20 16:04:15,996 | INFO  | DNAudit | user=null | ip=null | op=WRITE_CHUNK {blockData=conID: 3 locID: 102650154575987316 bcsId: 4251} | ret=SUCCESS |  
2019-08-20 16:04:15,996 | INFO  | DNAudit | user=null | ip=null | op=PUT_BLOCK {blockData=[blockId=conID: 3 locID: 102650154575987316 bcsId: 0,size=4194304]} | ret=SUCCESS |  
2019-08-20 16:04:15,997 [grpc-default-executor-1] INFO  client.GrpcClientProtocolClient (GrpcClientProtocolClient.java:onNext(255)) - client-EAA342753240->9a4a4c23-9ff3-4ce3-a619-2c71c0869997: receive RaftClientReply:client-EAA342753240->9a4a4c23-9ff3-4ce3-a619-2c71c0869997@group-EC4211DF0353, cid=2849, SUCCESS, logIndex=4254, commits[9a4a4c23-9ff3-4ce3-a619-2c71c0869997:c4255, 9b0072ab-15b3-4973-9bcb-7fa02f6bfea9:c4251, 9f215ef2-7d46-4cda-b695-cae1b893f75f:c4251]
2019-08-20 16:04:15,997 [grpc-default-executor-1] INFO  client.GrpcClientProtocolClient (GrpcClientProtocolClient.java:onNext(255)) - client-EAA342753240->9a4a4c23-9ff3-4ce3-a619-2c71c0869997: receive RaftClientReply:client-EAA342753240->9a4a4c23-9ff3-4ce3-a619-2c71c0869997@group-EC4211DF0353, cid=2850, SUCCESS, logIndex=4255, commits[9a4a4c23-9ff3-4ce3-a619-2c71c0869997:c4255, 9b0072ab-15b3-4973-9bcb-7fa02f6bfea9:c4251, 9f215ef2-7d46-4cda-b695-cae1b893f75f:c4251]
2019-08-20 16:04:15,998 | INFO  | DNAudit | user=null | ip=null | op=WRITE_CHUNK {blockData=conID: 3 locID: 102650154575987316 bcsId: 4251} | ret=SUCCESS |  
2019-08-20 16:04:15,998 | INFO  | DNAudit | user=null | ip=null | op=PUT_BLOCK {blockData=[blockId=conID: 3 locID: 102650154575987316 bcsId: 0,size=4194304]} | ret=SUCCESS |  
2019-08-20 16:04:15,998 | INFO  | DNAudit | user=null | ip=null | op=WRITE_CHUNK {blockData=conID: 3 locID: 102650154575987316 bcsId: 4251} | ret=SUCCESS |  
2019-08-20 16:04:15,998 | INFO  | DNAudit | user=null | ip=null | op=PUT_BLOCK {blockData=[blockId=conID: 3 locID: 102650154575987316 bcsId: 0,size=4194304]} | ret=SUCCESS |  
2019-08-20 16:04:15,999 [grpc-default-executor-1] INFO  client.GrpcClientProtocolClient (GrpcClientProtocolClient.java:onNext(255)) - client-EAA342753240->9a4a4c23-9ff3-4ce3-a619-2c71c0869997: receive RaftClientReply:client-EAA342753240->9a4a4c23-9ff3-4ce3-a619-2c71c0869997@group-EC4211DF0353, cid=2851, SUCCESS, logIndex=0, commits[9a4a4c23-9ff3-4ce3-a619-2c71c0869997:c4256, 9b0072ab-15b3-4973-9bcb-7fa02f6bfea9:c4255, 9f215ef2-7d46-4cda-b695-cae1b893f75f:c4255]
2019-08-20 16:04:16,006 | INFO  | SCMAudit | user=jenkins1000 | ip=192.168.69.96 | op=ALLOCATE_BLOCK {owner=ea4851f9-218c-4af7-91b4-edb777a4888c, size=4194304, type=RATIS, factor=THREE} | ret=SUCCESS |  
2019-08-20 16:04:16,011 | INFO  | OMAudit | user=jenkins1000 | ip=127.0.0.1 | op=ALLOCATE_BLOCK {volume=vol-0-94146, bucket=bucket-0-90789, key=key-0-25609, dataSize=0, replicationType=null, replicationFactor=null, keyLocationInfo=null, clientID=102650152704082322} | ret=SUCCESS |  
2019-08-20 16:04:16,019 | INFO  | DNAudit | user=null | ip=null | op=WRITE_CHUNK {blockData=conID: 1 locID: 102650154582409845 bcsId: 0} | ret=SUCCESS |  
2019-08-20 16:04:16,023 | INFO  | DNAudit | user=null | ip=null | op=WRITE_CHUNK {blockData=conID: 1 locID: 102650154582409845 bcsId: 0} | ret=SUCCESS |  
2019-08-20 16:04:16,023 | INFO  | DNAudit | user=null | ip=null | op=WRITE_CHUNK {blockData=conID: 1 locID: 102650154582409845 bcsId: 0} | ret=SUCCESS |  
2019-08-20 16:04:16,023 | INFO  | DNAudit | user=null | ip=null | op=WRITE_CHUNK {blockData=conID: 1 locID: 102650154582409845 bcsId: 0} | ret=SUCCESS |  
2019-08-20 16:04:16,025 | INFO  | DNAudit | user=null | ip=null | op=WRITE_CHUNK {blockData=conID: 1 locID: 102650154582409845 bcsId: 0} | ret=SUCCESS |  
2019-08-20 16:04:16,026 | INFO  | DNAudit | user=null | ip=null | op=WRITE_CHUNK {blockData=conID: 1 locID: 102650154582409845 bcsId: 0} | ret=SUCCESS |  
2019-08-20 16:04:16,032 | INFO  | DNAudit | user=null | ip=null | op=WRITE_CHUNK {blockData=conID: 1 locID: 102650154582409845 bcsId: 0} | ret=SUCCESS |  
2019-08-20 16:04:16,032 | INFO  | DNAudit | user=null | ip=null | op=PUT_BLOCK {blockData=[blockId=conID: 1 locID: 102650154582409845 bcsId: 0,size=1048576]} | ret=SUCCESS |  
2019-08-20 16:04:16,033 [grpc-default-executor-1] INFO  client.GrpcClientProtocolClient (GrpcClientProtocolClient.java:onNext(255)) - client-EAA342753240->9a4a4c23-9ff3-4ce3-a619-2c71c0869997: receive RaftClientReply:client-EAA342753240->9a4a4c23-9ff3-4ce3-a619-2c71c0869997@group-EC4211DF0353, cid=2852, SUCCESS, logIndex=4258, commits[9a4a4c23-9ff3-4ce3-a619-2c71c0869997:c4259, 9b0072ab-15b3-4973-9bcb-7fa02f6bfea9:c4257, 9f215ef2-7d46-4cda-b695-cae1b893f75f:c4257]
2019-08-20 16:04:16,033 | INFO  | DNAudit | user=null | ip=null | op=WRITE_CHUNK {blockData=conID: 1 locID: 102650154582409845 bcsId: 0} | ret=SUCCESS |  
2019-08-20 16:04:16,033 [grpc-default-executor-1] INFO  client.GrpcClientProtocolClient (GrpcClientProtocolClient.java:onNext(255)) - client-EAA342753240->9a4a4c23-9ff3-4ce3-a619-2c71c0869997: receive RaftClientReply:client-EAA342753240->9a4a4c23-9ff3-4ce3-a619-2c71c0869997@group-EC4211DF0353, cid=2853, SUCCESS, logIndex=4259, commits[9a4a4c23-9ff3-4ce3-a619-2c71c0869997:c4259, 9b0072ab-15b3-4973-9bcb-7fa02f6bfea9:c4257, 9f215ef2-7d46-4cda-b695-cae1b893f75f:c4257]
2019-08-20 16:04:16,033 | INFO  | DNAudit | user=null | ip=null | op=PUT_BLOCK {blockData=[blockId=conID: 1 locID: 102650154582409845 bcsId: 0,size=2097152]} | ret=SUCCESS |  
2019-08-20 16:04:16,034 | INFO  | DNAudit | user=null | ip=null | op=WRITE_CHUNK {blockData=conID: 1 locID: 102650154582409845 bcsId: 0} | ret=SUCCESS |  
2019-08-20 16:04:16,034 | INFO  | DNAudit | user=null | ip=null | op=PUT_BLOCK {blockData=[blockId=conID: 1 locID: 102650154582409845 bcsId: 0,size=1048576]} | ret=SUCCESS |  
2019-08-20 16:04:16,034 [grpc-default-executor-1] INFO  client.GrpcClientProtocolClient (GrpcClientProtocolClient.java:onNext(255)) - client-EAA342753240->9a4a4c23-9ff3-4ce3-a619-2c71c0869997: receive RaftClientReply:client-EAA342753240->9a4a4c23-9ff3-4ce3-a619-2c71c0869997@group-EC4211DF0353, cid=2854, SUCCESS, logIndex=4260, commits[9a4a4c23-9ff3-4ce3-a619-2c71c0869997:c4261, 9b0072ab-15b3-4973-9bcb-7fa02f6bfea9:c4257, 9f215ef2-7d46-4cda-b695-cae1b893f75f:c4257]
2019-08-20 16:04:16,034 | INFO  | DNAudit | user=null | ip=null | op=WRITE_CHUNK {blockData=conID: 1 locID: 102650154582409845 bcsId: 0} | ret=SUCCESS |  
2019-08-20 16:04:16,034 | INFO  | DNAudit | user=null | ip=null | op=PUT_BLOCK {blockData=[blockId=conID: 1 locID: 102650154582409845 bcsId: 0,size=1048576]} | ret=SUCCESS |  
2019-08-20 16:04:16,035 | INFO  | DNAudit | user=null | ip=null | op=WRITE_CHUNK {blockData=conID: 1 locID: 102650154582409845 bcsId: 0} | ret=SUCCESS |  
2019-08-20 16:04:16,035 [grpc-default-executor-0] INFO  client.GrpcClientProtocolClient (GrpcClientProtocolClient.java:onNext(255)) - client-EAA342753240->9a4a4c23-9ff3-4ce3-a619-2c71c0869997: receive RaftClientReply:client-EAA342753240->9a4a4c23-9ff3-4ce3-a619-2c71c0869997@group-EC4211DF0353, cid=2855, SUCCESS, logIndex=4261, commits[9a4a4c23-9ff3-4ce3-a619-2c71c0869997:c4261, 9b0072ab-15b3-4973-9bcb-7fa02f6bfea9:c4257, 9f215ef2-7d46-4cda-b695-cae1b893f75f:c4257]
2019-08-20 16:04:16,035 | INFO  | DNAudit | user=null | ip=null | op=PUT_BLOCK {blockData=[blockId=conID: 1 locID: 102650154582409845 bcsId: 0,size=2097152]} | ret=SUCCESS |  
2019-08-20 16:04:16,035 | INFO  | DNAudit | user=null | ip=null | op=WRITE_CHUNK {blockData=conID: 1 locID: 102650154582409845 bcsId: 0} | ret=SUCCESS |  
2019-08-20 16:04:16,035 | INFO  | DNAudit | user=null | ip=null | op=PUT_BLOCK {blockData=[blockId=conID: 1 locID: 102650154582409845 bcsId: 0,size=2097152]} | ret=SUCCESS |  
2019-08-20 16:04:16,036 [grpc-default-executor-1] INFO  client.GrpcClientProtocolClient (GrpcClientProtocolClient.java:onNext(255)) - client-EAA342753240->9a4a4c23-9ff3-4ce3-a619-2c71c0869997: receive RaftClientReply:client-EAA342753240->9a4a4c23-9ff3-4ce3-a619-2c71c0869997@group-EC4211DF0353, cid=2856, SUCCESS, logIndex=0, commits[9a4a4c23-9ff3-4ce3-a619-2c71c0869997:c4264, 9b0072ab-15b3-4973-9bcb-7fa02f6bfea9:c4261, 9f215ef2-7d46-4cda-b695-cae1b893f75f:c4259]
2019-08-20 16:04:16,042 | INFO  | DNAudit | user=null | ip=null | op=WRITE_CHUNK {blockData=conID: 1 locID: 102650154582409845 bcsId: 4261} | ret=SUCCESS |  
2019-08-20 16:04:16,045 | INFO  | DNAudit | user=null | ip=null | op=WRITE_CHUNK {blockData=conID: 1 locID: 102650154582409845 bcsId: 4261} | ret=SUCCESS |  
2019-08-20 16:04:16,046 | INFO  | DNAudit | user=null | ip=null | op=WRITE_CHUNK {blockData=conID: 1 locID: 102650154582409845 bcsId: 4261} | ret=SUCCESS |  
2019-08-20 16:04:16,055 | INFO  | DNAudit | user=null | ip=null | op=WRITE_CHUNK {blockData=conID: 1 locID: 102650154582409845 bcsId: 4261} | ret=SUCCESS |  
2019-08-20 16:04:16,055 | INFO  | DNAudit | user=null | ip=null | op=PUT_BLOCK {blockData=[blockId=conID: 1 locID: 102650154582409845 bcsId: 0,size=3145728]} | ret=SUCCESS |  
2019-08-20 16:04:16,056 [grpc-default-executor-0] INFO  client.GrpcClientProtocolClient (GrpcClientProtocolClient.java:onNext(255)) - client-EAA342753240->9a4a4c23-9ff3-4ce3-a619-2c71c0869997: receive RaftClientReply:client-EAA342753240->9a4a4c23-9ff3-4ce3-a619-2c71c0869997@group-EC4211DF0353, cid=2857, SUCCESS, logIndex=4265, commits[9a4a4c23-9ff3-4ce3-a619-2c71c0869997:c4266, 9b0072ab-15b3-4973-9bcb-7fa02f6bfea9:c4264, 9f215ef2-7d46-4cda-b695-cae1b893f75f:c4264]
2019-08-20 16:04:16,056 [grpc-default-executor-0] INFO  client.GrpcClientProtocolClient (GrpcClientProtocolClient.java:onNext(255)) - client-EAA342753240->9a4a4c23-9ff3-4ce3-a619-2c71c0869997: receive RaftClientReply:client-EAA342753240->9a4a4c23-9ff3-4ce3-a619-2c71c0869997@group-EC4211DF0353, cid=2858, SUCCESS, logIndex=4266, commits[9a4a4c23-9ff3-4ce3-a619-2c71c0869997:c4266, 9b0072ab-15b3-4973-9bcb-7fa02f6bfea9:c4264, 9f215ef2-7d46-4cda-b695-cae1b893f75f:c4264]
2019-08-20 16:04:16,057 | INFO  | DNAudit | user=null | ip=null | op=WRITE_CHUNK {blockData=conID: 1 locID: 102650154582409845 bcsId: 4261} | ret=SUCCESS |  
2019-08-20 16:04:16,057 | INFO  | DNAudit | user=null | ip=null | op=WRITE_CHUNK {blockData=conID: 1 locID: 102650154582409845 bcsId: 4261} | ret=SUCCESS |  
2019-08-20 16:04:16,057 | INFO  | DNAudit | user=null | ip=null | op=PUT_BLOCK {blockData=[blockId=conID: 1 locID: 102650154582409845 bcsId: 0,size=3145728]} | ret=SUCCESS |  
2019-08-20 16:04:16,058 | INFO  | DNAudit | user=null | ip=null | op=PUT_BLOCK {blockData=[blockId=conID: 1 locID: 102650154582409845 bcsId: 0,size=3145728]} | ret=SUCCESS |  
2019-08-20 16:04:16,063 | INFO  | DNAudit | user=null | ip=null | op=WRITE_CHUNK {blockData=conID: 1 locID: 102650154582409845 bcsId: 4266} | ret=SUCCESS |  
2019-08-20 16:04:16,066 | INFO  | DNAudit | user=null | ip=null | op=WRITE_CHUNK {blockData=conID: 1 locID: 102650154582409845 bcsId: 4266} | ret=SUCCESS |  
2019-08-20 16:04:16,066 | INFO  | DNAudit | user=null | ip=null | op=WRITE_CHUNK {blockData=conID: 1 locID: 102650154582409845 bcsId: 4266} | ret=SUCCESS |  
2019-08-20 16:04:16,068 | INFO  | DNAudit | user=null | ip=null | op=WRITE_CHUNK {blockData=conID: 1 locID: 102650154582409845 bcsId: 4266} | ret=SUCCESS |  
2019-08-20 16:04:16,068 | INFO  | DNAudit | user=null | ip=null | op=PUT_BLOCK {blockData=[blockId=conID: 1 locID: 102650154582409845 bcsId: 0,size=4194304]} | ret=SUCCESS |  
2019-08-20 16:04:16,069 [grpc-default-executor-1] INFO  client.GrpcClientProtocolClient (GrpcClientProtocolClient.java:onNext(255)) - client-EAA342753240->9a4a4c23-9ff3-4ce3-a619-2c71c0869997: receive RaftClientReply:client-EAA342753240->9a4a4c23-9ff3-4ce3-a619-2c71c0869997@group-EC4211DF0353, cid=2859, SUCCESS, logIndex=4269, commits[9a4a4c23-9ff3-4ce3-a619-2c71c0869997:c4270, 9b0072ab-15b3-4973-9bcb-7fa02f6bfea9:c4268, 9f215ef2-7d46-4cda-b695-cae1b893f75f:c4268]
2019-08-20 16:04:16,069 [grpc-default-executor-1] INFO  client.GrpcClientProtocolClient (GrpcClientProtocolClient.java:onNext(255)) - client-EAA342753240->9a4a4c23-9ff3-4ce3-a619-2c71c0869997: receive RaftClientReply:client-EAA342753240->9a4a4c23-9ff3-4ce3-a619-2c71c0869997@group-EC4211DF0353, cid=2860, SUCCESS, logIndex=4270, commits[9a4a4c23-9ff3-4ce3-a619-2c71c0869997:c4270, 9b0072ab-15b3-4973-9bcb-7fa02f6bfea9:c4268, 9f215ef2-7d46-4cda-b695-cae1b893f75f:c4268]
2019-08-20 16:04:16,069 | INFO  | DNAudit | user=null | ip=null | op=WRITE_CHUNK {blockData=conID: 1 locID: 102650154582409845 bcsId: 4266} | ret=SUCCESS |  
2019-08-20 16:04:16,069 | INFO  | DNAudit | user=null | ip=null | op=PUT_BLOCK {blockData=[blockId=conID: 1 locID: 102650154582409845 bcsId: 0,size=4194304]} | ret=SUCCESS |  
2019-08-20 16:04:16,070 | INFO  | DNAudit | user=null | ip=null | op=WRITE_CHUNK {blockData=conID: 1 locID: 102650154582409845 bcsId: 4266} | ret=SUCCESS |  
2019-08-20 16:04:16,070 | INFO  | DNAudit | user=null | ip=null | op=PUT_BLOCK {blockData=[blockId=conID: 1 locID: 102650154582409845 bcsId: 0,size=4194304]} | ret=SUCCESS |  
2019-08-20 16:04:16,070 [grpc-default-executor-1] INFO  client.GrpcClientProtocolClient (GrpcClientProtocolClient.java:onNext(255)) - client-EAA342753240->9a4a4c23-9ff3-4ce3-a619-2c71c0869997: receive RaftClientReply:client-EAA342753240->9a4a4c23-9ff3-4ce3-a619-2c71c0869997@group-EC4211DF0353, cid=2861, SUCCESS, logIndex=0, commits[9a4a4c23-9ff3-4ce3-a619-2c71c0869997:c4271, 9b0072ab-15b3-4973-9bcb-7fa02f6bfea9:c4270, 9f215ef2-7d46-4cda-b695-cae1b893f75f:c4270]
2019-08-20 16:04:16,076 | INFO  | SCMAudit | user=jenkins1000 | ip=192.168.69.96 | op=ALLOCATE_BLOCK {owner=ea4851f9-218c-4af7-91b4-edb777a4888c, size=4194304, type=RATIS, factor=THREE} | ret=SUCCESS |  
2019-08-20 16:04:16,079 | INFO  | OMAudit | user=jenkins1000 | ip=127.0.0.1 | op=ALLOCATE_BLOCK {volume=vol-0-94146, bucket=bucket-0-90789, key=key-0-25609, dataSize=0, replicationType=null, replicationFactor=null, keyLocationInfo=null, clientID=102650152704082322} | ret=SUCCESS |  
2019-08-20 16:04:16,087 | INFO  | DNAudit | user=null | ip=null | op=WRITE_CHUNK {blockData=conID: 2 locID: 102650154586997366 bcsId: 0} | ret=SUCCESS |  
2019-08-20 16:04:16,090 | INFO  | DNAudit | user=null | ip=null | op=WRITE_CHUNK {blockData=conID: 2 locID: 102650154586997366 bcsId: 0} | ret=SUCCESS |  
2019-08-20 16:04:16,090 | INFO  | DNAudit | user=null | ip=null | op=WRITE_CHUNK {blockData=conID: 2 locID: 102650154586997366 bcsId: 0} | ret=SUCCESS |  
2019-08-20 16:04:16,090 | INFO  | DNAudit | user=null | ip=null | op=WRITE_CHUNK {blockData=conID: 2 locID: 102650154586997366 bcsId: 0} | ret=SUCCESS |  
2019-08-20 16:04:16,092 | INFO  | DNAudit | user=null | ip=null | op=WRITE_CHUNK {blockData=conID: 2 locID: 102650154586997366 bcsId: 0} | ret=SUCCESS |  
2019-08-20 16:04:16,092 | INFO  | DNAudit | user=null | ip=null | op=PUT_BLOCK {blockData=[blockId=conID: 2 locID: 102650154586997366 bcsId: 0,size=1048576]} | ret=SUCCESS |  
2019-08-20 16:04:16,092 [grpc-default-executor-0] INFO  client.GrpcClientProtocolClient (GrpcClientProtocolClient.java:onNext(255)) - client-EAA342753240->9a4a4c23-9ff3-4ce3-a619-2c71c0869997: receive RaftClientReply:client-EAA342753240->9a4a4c23-9ff3-4ce3-a619-2c71c0869997@group-EC4211DF0353, cid=2862, SUCCESS, logIndex=4273, commits[9a4a4c23-9ff3-4ce3-a619-2c71c0869997:c4274, 9b0072ab-15b3-4973-9bcb-7fa02f6bfea9:c4270, 9f215ef2-7d46-4cda-b695-cae1b893f75f:c4272]
2019-08-20 16:04:16,093 | INFO  | DNAudit | user=null | ip=null | op=WRITE_CHUNK {blockData=conID: 2 locID: 102650154586997366 bcsId: 0} | ret=SUCCESS |  
2019-08-20 16:04:16,093 | INFO  | DNAudit | user=null | ip=null | op=WRITE_CHUNK {blockData=conID: 2 locID: 102650154586997366 bcsId: 0} | ret=SUCCESS |  
2019-08-20 16:04:16,093 [grpc-default-executor-0] INFO  client.GrpcClientProtocolClient (GrpcClientProtocolClient.java:onNext(255)) - client-EAA342753240->9a4a4c23-9ff3-4ce3-a619-2c71c0869997: receive RaftClientReply:client-EAA342753240->9a4a4c23-9ff3-4ce3-a619-2c71c0869997@group-EC4211DF0353, cid=2863, SUCCESS, logIndex=4274, commits[9a4a4c23-9ff3-4ce3-a619-2c71c0869997:c4274, 9b0072ab-15b3-4973-9bcb-7fa02f6bfea9:c4270, 9f215ef2-7d46-4cda-b695-cae1b893f75f:c4272]
2019-08-20 16:04:16,094 | INFO  | DNAudit | user=null | ip=null | op=WRITE_CHUNK {blockData=conID: 2 locID: 102650154586997366 bcsId: 0} | ret=SUCCESS |  
2019-08-20 16:04:16,094 | INFO  | DNAudit | user=null | ip=null | op=WRITE_CHUNK {blockData=conID: 2 locID: 102650154586997366 bcsId: 0} | ret=SUCCESS |  
2019-08-20 16:04:16,094 | INFO  | DNAudit | user=null | ip=null | op=PUT_BLOCK {blockData=[blockId=conID: 2 locID: 102650154586997366 bcsId: 0,size=1048576]} | ret=SUCCESS |  
2019-08-20 16:04:16,094 | INFO  | DNAudit | user=null | ip=null | op=PUT_BLOCK {blockData=[blockId=conID: 2 locID: 102650154586997366 bcsId: 0,size=2097152]} | ret=SUCCESS |  
2019-08-20 16:04:16,095 [grpc-default-executor-1] INFO  client.GrpcClientProtocolClient (GrpcClientProtocolClient.java:onNext(255)) - client-EAA342753240->9a4a4c23-9ff3-4ce3-a619-2c71c0869997: receive RaftClientReply:client-EAA342753240->9a4a4c23-9ff3-4ce3-a619-2c71c0869997@group-EC4211DF0353, cid=2864, SUCCESS, logIndex=4275, commits[9a4a4c23-9ff3-4ce3-a619-2c71c0869997:c4277, 9b0072ab-15b3-4973-9bcb-7fa02f6bfea9:c4270, 9f215ef2-7d46-4cda-b695-cae1b893f75f:c4273]
2019-08-20 16:04:16,095 [grpc-default-executor-1] INFO  client.GrpcClientProtocolClient (GrpcClientProtocolClient.java:onNext(255)) - client-EAA342753240->9a4a4c23-9ff3-4ce3-a619-2c71c0869997: receive RaftClientReply:client-EAA342753240->9a4a4c23-9ff3-4ce3-a619-2c71c0869997@group-EC4211DF0353, cid=2865, SUCCESS, logIndex=4276, commits[9a4a4c23-9ff3-4ce3-a619-2c71c0869997:c4278, 9b0072ab-15b3-4973-9bcb-7fa02f6bfea9:c4272, 9f215ef2-7d46-4cda-b695-cae1b893f75f:c4274]
2019-08-20 16:04:16,095 | INFO  | DNAudit | user=null | ip=null | op=WRITE_CHUNK {blockData=conID: 2 locID: 102650154586997366 bcsId: 0} | ret=SUCCESS |  
2019-08-20 16:04:16,096 | INFO  | DNAudit | user=null | ip=null | op=PUT_BLOCK {blockData=[blockId=conID: 2 locID: 102650154586997366 bcsId: 0,size=1048576]} | ret=SUCCESS |  
2019-08-20 16:04:16,096 | INFO  | DNAudit | user=null | ip=null | op=WRITE_CHUNK {blockData=conID: 2 locID: 102650154586997366 bcsId: 0} | ret=SUCCESS |  
2019-08-20 16:04:16,096 [grpc-default-executor-5] INFO  client.GrpcClientProtocolClient (GrpcClientProtocolClient.java:onNext(255)) - client-EAA342753240->9a4a4c23-9ff3-4ce3-a619-2c71c0869997: receive RaftClientReply:client-EAA342753240->9a4a4c23-9ff3-4ce3-a619-2c71c0869997@group-EC4211DF0353, cid=2866, SUCCESS, logIndex=0, commits[9a4a4c23-9ff3-4ce3-a619-2c71c0869997:c4278, 9b0072ab-15b3-4973-9bcb-7fa02f6bfea9:c4274, 9f215ef2-7d46-4cda-b695-cae1b893f75f:c4274]
2019-08-20 16:04:16,097 | INFO  | DNAudit | user=null | ip=null | op=PUT_BLOCK {blockData=[blockId=conID: 2 locID: 102650154586997366 bcsId: 0,size=2097152]} | ret=SUCCESS |  
2019-08-20 16:04:16,097 | INFO  | DNAudit | user=null | ip=null | op=WRITE_CHUNK {blockData=conID: 2 locID: 102650154586997366 bcsId: 0} | ret=SUCCESS |  
2019-08-20 16:04:16,097 | INFO  | DNAudit | user=null | ip=null | op=PUT_BLOCK {blockData=[blockId=conID: 2 locID: 102650154586997366 bcsId: 0,size=2097152]} | ret=SUCCESS |  
2019-08-20 16:04:16,102 | INFO  | DNAudit | user=null | ip=null | op=WRITE_CHUNK {blockData=conID: 2 locID: 102650154586997366 bcsId: 4276} | ret=SUCCESS |  
2019-08-20 16:04:16,106 | INFO  | DNAudit | user=null | ip=null | op=WRITE_CHUNK {blockData=conID: 2 locID: 102650154586997366 bcsId: 4276} | ret=SUCCESS |  
2019-08-20 16:04:16,106 | INFO  | DNAudit | user=null | ip=null | op=WRITE_CHUNK {blockData=conID: 2 locID: 102650154586997366 bcsId: 4276} | ret=SUCCESS |  
2019-08-20 16:04:16,118 | INFO  | DNAudit | user=null | ip=null | op=WRITE_CHUNK {blockData=conID: 2 locID: 102650154586997366 bcsId: 4276} | ret=SUCCESS |  
2019-08-20 16:04:16,119 | INFO  | DNAudit | user=null | ip=null | op=PUT_BLOCK {blockData=[blockId=conID: 2 locID: 102650154586997366 bcsId: 0,size=3145728]} | ret=SUCCESS |  
2019-08-20 16:04:16,119 [grpc-default-executor-1] INFO  client.GrpcClientProtocolClient (GrpcClientProtocolClient.java:onNext(255)) - client-EAA342753240->9a4a4c23-9ff3-4ce3-a619-2c71c0869997: receive RaftClientReply:client-EAA342753240->9a4a4c23-9ff3-4ce3-a619-2c71c0869997@group-EC4211DF0353, cid=2867, SUCCESS, logIndex=4281, commits[9a4a4c23-9ff3-4ce3-a619-2c71c0869997:c4282, 9b0072ab-15b3-4973-9bcb-7fa02f6bfea9:c4280, 9f215ef2-7d46-4cda-b695-cae1b893f75f:c4280]
2019-08-20 16:04:16,119 [grpc-default-executor-1] INFO  client.GrpcClientProtocolClient (GrpcClientProtocolClient.java:onNext(255)) - client-EAA342753240->9a4a4c23-9ff3-4ce3-a619-2c71c0869997: receive RaftClientReply:client-EAA342753240->9a4a4c23-9ff3-4ce3-a619-2c71c0869997@group-EC4211DF0353, cid=2868, SUCCESS, logIndex=4282, commits[9a4a4c23-9ff3-4ce3-a619-2c71c0869997:c4282, 9b0072ab-15b3-4973-9bcb-7fa02f6bfea9:c4280, 9f215ef2-7d46-4cda-b695-cae1b893f75f:c4280]
2019-08-20 16:04:16,120 | INFO  | DNAudit | user=null | ip=null | op=WRITE_CHUNK {blockData=conID: 2 locID: 102650154586997366 bcsId: 4276} | ret=SUCCESS |  
2019-08-20 16:04:16,120 | INFO  | DNAudit | user=null | ip=null | op=WRITE_CHUNK {blockData=conID: 2 locID: 102650154586997366 bcsId: 4276} | ret=SUCCESS |  
2019-08-20 16:04:16,120 | INFO  | DNAudit | user=null | ip=null | op=PUT_BLOCK {blockData=[blockId=conID: 2 locID: 102650154586997366 bcsId: 0,size=3145728]} | ret=SUCCESS |  
2019-08-20 16:04:16,120 | INFO  | DNAudit | user=null | ip=null | op=PUT_BLOCK {blockData=[blockId=conID: 2 locID: 102650154586997366 bcsId: 0,size=3145728]} | ret=SUCCESS |  
2019-08-20 16:04:16,126 | INFO  | DNAudit | user=null | ip=null | op=WRITE_CHUNK {blockData=conID: 2 locID: 102650154586997366 bcsId: 4282} | ret=SUCCESS |  
2019-08-20 16:04:16,128 | INFO  | DNAudit | user=null | ip=null | op=WRITE_CHUNK {blockData=conID: 2 locID: 102650154586997366 bcsId: 4282} | ret=SUCCESS |  
2019-08-20 16:04:16,128 | INFO  | DNAudit | user=null | ip=null | op=WRITE_CHUNK {blockData=conID: 2 locID: 102650154586997366 bcsId: 4282} | ret=SUCCESS |  
2019-08-20 16:04:16,138 | INFO  | DNAudit | user=null | ip=null | op=WRITE_CHUNK {blockData=conID: 2 locID: 102650154586997366 bcsId: 4282} | ret=SUCCESS |  
2019-08-20 16:04:16,138 | INFO  | DNAudit | user=null | ip=null | op=PUT_BLOCK {blockData=[blockId=conID: 2 locID: 102650154586997366 bcsId: 0,size=4194304]} | ret=SUCCESS |  
2019-08-20 16:04:16,138 [grpc-default-executor-5] INFO  client.GrpcClientProtocolClient (GrpcClientProtocolClient.java:onNext(255)) - client-EAA342753240->9a4a4c23-9ff3-4ce3-a619-2c71c0869997: receive RaftClientReply:client-EAA342753240->9a4a4c23-9ff3-4ce3-a619-2c71c0869997@group-EC4211DF0353, cid=2869, SUCCESS, logIndex=4285, commits[9a4a4c23-9ff3-4ce3-a619-2c71c0869997:c4286, 9b0072ab-15b3-4973-9bcb-7fa02f6bfea9:c4284, 9f215ef2-7d46-4cda-b695-cae1b893f75f:c4284]
2019-08-20 16:04:16,139 [grpc-default-executor-5] INFO  client.GrpcClientProtocolClient (GrpcClientProtocolClient.java:onNext(255)) - client-EAA342753240->9a4a4c23-9ff3-4ce3-a619-2c71c0869997: receive RaftClientReply:client-EAA342753240->9a4a4c23-9ff3-4ce3-a619-2c71c0869997@group-EC4211DF0353, cid=2870, SUCCESS, logIndex=4286, commits[9a4a4c23-9ff3-4ce3-a619-2c71c0869997:c4286, 9b0072ab-15b3-4973-9bcb-7fa02f6bfea9:c4284, 9f215ef2-7d46-4cda-b695-cae1b893f75f:c4284]
2019-08-20 16:04:16,150 | INFO  | DNAudit | user=null | ip=null | op=WRITE_CHUNK {blockData=conID: 2 locID: 102650154586997366 bcsId: 4282} | ret=SUCCESS |  
2019-08-20 16:04:16,150 | INFO  | DNAudit | user=null | ip=null | op=WRITE_CHUNK {blockData=conID: 2 locID: 102650154586997366 bcsId: 4282} | ret=SUCCESS |  
2019-08-20 16:04:16,151 | INFO  | DNAudit | user=null | ip=null | op=PUT_BLOCK {blockData=[blockId=conID: 2 locID: 102650154586997366 bcsId: 0,size=4194304]} | ret=SUCCESS |  
2019-08-20 16:04:16,151 | INFO  | DNAudit | user=null | ip=null | op=PUT_BLOCK {blockData=[blockId=conID: 2 locID: 102650154586997366 bcsId: 0,size=4194304]} | ret=SUCCESS |  
2019-08-20 16:04:16,152 [grpc-default-executor-5] INFO  client.GrpcClientProtocolClient (GrpcClientProtocolClient.java:onNext(255)) - client-EAA342753240->9a4a4c23-9ff3-4ce3-a619-2c71c0869997: receive RaftClientReply:client-EAA342753240->9a4a4c23-9ff3-4ce3-a619-2c71c0869997@group-EC4211DF0353, cid=2871, SUCCESS, logIndex=0, commits[9a4a4c23-9ff3-4ce3-a619-2c71c0869997:c4287, 9b0072ab-15b3-4973-9bcb-7fa02f6bfea9:c4286, 9f215ef2-7d46-4cda-b695-cae1b893f75f:c4286]
2019-08-20 16:04:16,158 | INFO  | SCMAudit | user=jenkins1000 | ip=192.168.69.96 | op=ALLOCATE_BLOCK {owner=ea4851f9-218c-4af7-91b4-edb777a4888c, size=4194304, type=RATIS, factor=THREE} | ret=SUCCESS |  
2019-08-20 16:04:16,163 | INFO  | OMAudit | user=jenkins1000 | ip=127.0.0.1 | op=ALLOCATE_BLOCK {volume=vol-0-94146, bucket=bucket-0-90789, key=key-0-25609, dataSize=0, replicationType=null, replicationFactor=null, keyLocationInfo=null, clientID=102650152704082322} | ret=SUCCESS |  
2019-08-20 16:04:16,170 | INFO  | DNAudit | user=null | ip=null | op=WRITE_CHUNK {blockData=conID: 3 locID: 102650154592371319 bcsId: 0} | ret=SUCCESS |  
2019-08-20 16:04:16,173 | INFO  | DNAudit | user=null | ip=null | op=WRITE_CHUNK {blockData=conID: 3 locID: 102650154592371319 bcsId: 0} | ret=SUCCESS |  
2019-08-20 16:04:16,173 | INFO  | DNAudit | user=null | ip=null | op=WRITE_CHUNK {blockData=conID: 3 locID: 102650154592371319 bcsId: 0} | ret=SUCCESS |  
2019-08-20 16:04:16,173 | INFO  | DNAudit | user=null | ip=null | op=WRITE_CHUNK {blockData=conID: 3 locID: 102650154592371319 bcsId: 0} | ret=SUCCESS |  
2019-08-20 16:04:16,174 | INFO  | DNAudit | user=null | ip=null | op=WRITE_CHUNK {blockData=conID: 3 locID: 102650154592371319 bcsId: 0} | ret=SUCCESS |  
2019-08-20 16:04:16,175 | INFO  | DNAudit | user=null | ip=null | op=WRITE_CHUNK {blockData=conID: 3 locID: 102650154592371319 bcsId: 0} | ret=SUCCESS |  
2019-08-20 16:04:16,176 | INFO  | DNAudit | user=null | ip=null | op=WRITE_CHUNK {blockData=conID: 3 locID: 102650154592371319 bcsId: 0} | ret=SUCCESS |  
2019-08-20 16:04:16,177 | INFO  | DNAudit | user=null | ip=null | op=PUT_BLOCK {blockData=[blockId=conID: 3 locID: 102650154592371319 bcsId: 0,size=1048576]} | ret=SUCCESS |  
2019-08-20 16:04:16,177 [grpc-default-executor-1] INFO  client.GrpcClientProtocolClient (GrpcClientProtocolClient.java:onNext(255)) - client-EAA342753240->9a4a4c23-9ff3-4ce3-a619-2c71c0869997: receive RaftClientReply:client-EAA342753240->9a4a4c23-9ff3-4ce3-a619-2c71c0869997@group-EC4211DF0353, cid=2872, SUCCESS, logIndex=4289, commits[9a4a4c23-9ff3-4ce3-a619-2c71c0869997:c4290, 9b0072ab-15b3-4973-9bcb-7fa02f6bfea9:c4288, 9f215ef2-7d46-4cda-b695-cae1b893f75f:c4288]
2019-08-20 16:04:16,177 | INFO  | DNAudit | user=null | ip=null | op=WRITE_CHUNK {blockData=conID: 3 locID: 102650154592371319 bcsId: 0} | ret=SUCCESS |  
2019-08-20 16:04:16,177 [grpc-default-executor-1] INFO  client.GrpcClientProtocolClient (GrpcClientProtocolClient.java:onNext(255)) - client-EAA342753240->9a4a4c23-9ff3-4ce3-a619-2c71c0869997: receive RaftClientReply:client-EAA342753240->9a4a4c23-9ff3-4ce3-a619-2c71c0869997@group-EC4211DF0353, cid=2873, SUCCESS, logIndex=4290, commits[9a4a4c23-9ff3-4ce3-a619-2c71c0869997:c4290, 9b0072ab-15b3-4973-9bcb-7fa02f6bfea9:c4288, 9f215ef2-7d46-4cda-b695-cae1b893f75f:c4288]
2019-08-20 16:04:16,178 | INFO  | DNAudit | user=null | ip=null | op=PUT_BLOCK {blockData=[blockId=conID: 3 locID: 102650154592371319 bcsId: 0,size=2097152]} | ret=SUCCESS |  
2019-08-20 16:04:16,178 [grpc-default-executor-3] INFO  client.GrpcClientProtocolClient (GrpcClientProtocolClient.java:onNext(255)) - client-EAA342753240->9a4a4c23-9ff3-4ce3-a619-2c71c0869997: receive RaftClientReply:client-EAA342753240->9a4a4c23-9ff3-4ce3-a619-2c71c0869997@group-EC4211DF0353, cid=2874, SUCCESS, logIndex=4291, commits[9a4a4c23-9ff3-4ce3-a619-2c71c0869997:c4291, 9b0072ab-15b3-4973-9bcb-7fa02f6bfea9:c4288, 9f215ef2-7d46-4cda-b695-cae1b893f75f:c4288]
2019-08-20 16:04:16,178 | INFO  | DNAudit | user=null | ip=null | op=WRITE_CHUNK {blockData=conID: 3 locID: 102650154592371319 bcsId: 0} | ret=SUCCESS |  
2019-08-20 16:04:16,178 [grpc-default-executor-3] INFO  client.GrpcClientProtocolClient (GrpcClientProtocolClient.java:onNext(255)) - client-EAA342753240->9a4a4c23-9ff3-4ce3-a619-2c71c0869997: receive RaftClientReply:client-EAA342753240->9a4a4c23-9ff3-4ce3-a619-2c71c0869997@group-EC4211DF0353, cid=2875, SUCCESS, logIndex=4292, commits[9a4a4c23-9ff3-4ce3-a619-2c71c0869997:c4292, 9b0072ab-15b3-4973-9bcb-7fa02f6bfea9:c4288, 9f215ef2-7d46-4cda-b695-cae1b893f75f:c4288]
2019-08-20 16:04:16,179 | INFO  | DNAudit | user=null | ip=null | op=PUT_BLOCK {blockData=[blockId=conID: 3 locID: 102650154592371319 bcsId: 0,size=1048576]} | ret=SUCCESS |  
2019-08-20 16:04:16,179 | INFO  | DNAudit | user=null | ip=null | op=WRITE_CHUNK {blockData=conID: 3 locID: 102650154592371319 bcsId: 0} | ret=SUCCESS |  
2019-08-20 16:04:16,179 | INFO  | DNAudit | user=null | ip=null | op=PUT_BLOCK {blockData=[blockId=conID: 3 locID: 102650154592371319 bcsId: 0,size=1048576]} | ret=SUCCESS |  
2019-08-20 16:04:16,180 | INFO  | DNAudit | user=null | ip=null | op=WRITE_CHUNK {blockData=conID: 3 locID: 102650154592371319 bcsId: 0} | ret=SUCCESS |  
2019-08-20 16:04:16,179 [grpc-default-executor-3] INFO  client.GrpcClientProtocolClient (GrpcClientProtocolClient.java:onNext(255)) - client-EAA342753240->9a4a4c23-9ff3-4ce3-a619-2c71c0869997: receive RaftClientReply:client-EAA342753240->9a4a4c23-9ff3-4ce3-a619-2c71c0869997@group-EC4211DF0353, cid=2876, SUCCESS, logIndex=0, commits[9a4a4c23-9ff3-4ce3-a619-2c71c0869997:c4294, 9b0072ab-15b3-4973-9bcb-7fa02f6bfea9:c4290, 9f215ef2-7d46-4cda-b695-cae1b893f75f:c4290]
2019-08-20 16:04:16,180 | INFO  | DNAudit | user=null | ip=null | op=WRITE_CHUNK {blockData=conID: 3 locID: 102650154592371319 bcsId: 0} | ret=SUCCESS |  
2019-08-20 16:04:16,180 | INFO  | DNAudit | user=null | ip=null | op=PUT_BLOCK {blockData=[blockId=conID: 3 locID: 102650154592371319 bcsId: 0,size=2097152]} | ret=SUCCESS |  
2019-08-20 16:04:16,182 | INFO  | DNAudit | user=null | ip=null | op=PUT_BLOCK {blockData=[blockId=conID: 3 locID: 102650154592371319 bcsId: 0,size=2097152]} | ret=SUCCESS |  
2019-08-20 16:04:16,185 | INFO  | DNAudit | user=null | ip=null | op=WRITE_CHUNK {blockData=conID: 3 locID: 102650154592371319 bcsId: 4292} | ret=SUCCESS |  
2019-08-20 16:04:16,187 | INFO  | DNAudit | user=null | ip=null | op=WRITE_CHUNK {blockData=conID: 3 locID: 102650154592371319 bcsId: 4292} | ret=SUCCESS |  
2019-08-20 16:04:16,187 | INFO  | DNAudit | user=null | ip=null | op=WRITE_CHUNK {blockData=conID: 3 locID: 102650154592371319 bcsId: 4292} | ret=SUCCESS |  
2019-08-20 16:04:16,198 | INFO  | DNAudit | user=null | ip=null | op=WRITE_CHUNK {blockData=conID: 3 locID: 102650154592371319 bcsId: 4292} | ret=SUCCESS |  
2019-08-20 16:04:16,198 | INFO  | DNAudit | user=null | ip=null | op=PUT_BLOCK {blockData=[blockId=conID: 3 locID: 102650154592371319 bcsId: 0,size=3145728]} | ret=SUCCESS |  
2019-08-20 16:04:16,198 [grpc-default-executor-0] INFO  client.GrpcClientProtocolClient (GrpcClientProtocolClient.java:onNext(255)) - client-EAA342753240->9a4a4c23-9ff3-4ce3-a619-2c71c0869997: receive RaftClientReply:client-EAA342753240->9a4a4c23-9ff3-4ce3-a619-2c71c0869997@group-EC4211DF0353, cid=2877, SUCCESS, logIndex=4297, commits[9a4a4c23-9ff3-4ce3-a619-2c71c0869997:c4297, 9b0072ab-15b3-4973-9bcb-7fa02f6bfea9:c4296, 9f215ef2-7d46-4cda-b695-cae1b893f75f:c4296]
2019-08-20 16:04:16,199 [grpc-default-executor-0] INFO  client.GrpcClientProtocolClient (GrpcClientProtocolClient.java:onNext(255)) - client-EAA342753240->9a4a4c23-9ff3-4ce3-a619-2c71c0869997: receive RaftClientReply:client-EAA342753240->9a4a4c23-9ff3-4ce3-a619-2c71c0869997@group-EC4211DF0353, cid=2878, SUCCESS, logIndex=4298, commits[9a4a4c23-9ff3-4ce3-a619-2c71c0869997:c4298, 9b0072ab-15b3-4973-9bcb-7fa02f6bfea9:c4296, 9f215ef2-7d46-4cda-b695-cae1b893f75f:c4296]
2019-08-20 16:04:16,204 | INFO  | DNAudit | user=null | ip=null | op=WRITE_CHUNK {blockData=conID: 3 locID: 102650154592371319 bcsId: 4298} | ret=SUCCESS |  
2019-08-20 16:04:16,206 | INFO  | DNAudit | user=null | ip=null | op=WRITE_CHUNK {blockData=conID: 3 locID: 102650154592371319 bcsId: 4298} | ret=SUCCESS |  
2019-08-20 16:04:16,206 | INFO  | DNAudit | user=null | ip=null | op=WRITE_CHUNK {blockData=conID: 3 locID: 102650154592371319 bcsId: 4298} | ret=SUCCESS |  
2019-08-20 16:04:16,209 | INFO  | DNAudit | user=null | ip=null | op=WRITE_CHUNK {blockData=conID: 3 locID: 102650154592371319 bcsId: 4292} | ret=SUCCESS |  
2019-08-20 16:04:16,209 | INFO  | DNAudit | user=null | ip=null | op=WRITE_CHUNK {blockData=conID: 3 locID: 102650154592371319 bcsId: 4292} | ret=SUCCESS |  
2019-08-20 16:04:16,210 | INFO  | DNAudit | user=null | ip=null | op=PUT_BLOCK {blockData=[blockId=conID: 3 locID: 102650154592371319 bcsId: 0,size=3145728]} | ret=SUCCESS |  
2019-08-20 16:04:16,210 | INFO  | DNAudit | user=null | ip=null | op=PUT_BLOCK {blockData=[blockId=conID: 3 locID: 102650154592371319 bcsId: 0,size=3145728]} | ret=SUCCESS |  
2019-08-20 16:04:16,211 | INFO  | DNAudit | user=null | ip=null | op=WRITE_CHUNK {blockData=conID: 3 locID: 102650154592371319 bcsId: 4298} | ret=SUCCESS |  
2019-08-20 16:04:16,211 | INFO  | DNAudit | user=null | ip=null | op=PUT_BLOCK {blockData=[blockId=conID: 3 locID: 102650154592371319 bcsId: 0,size=4194304]} | ret=SUCCESS |  
2019-08-20 16:04:16,211 [grpc-default-executor-1] INFO  client.GrpcClientProtocolClient (GrpcClientProtocolClient.java:onNext(255)) - client-EAA342753240->9a4a4c23-9ff3-4ce3-a619-2c71c0869997: receive RaftClientReply:client-EAA342753240->9a4a4c23-9ff3-4ce3-a619-2c71c0869997@group-EC4211DF0353, cid=2879, SUCCESS, logIndex=4301, commits[9a4a4c23-9ff3-4ce3-a619-2c71c0869997:c4302, 9b0072ab-15b3-4973-9bcb-7fa02f6bfea9:c4298, 9f215ef2-7d46-4cda-b695-cae1b893f75f:c4298]
2019-08-20 16:04:16,212 [grpc-default-executor-1] INFO  client.GrpcClientProtocolClient (GrpcClientProtocolClient.java:onNext(255)) - client-EAA342753240->9a4a4c23-9ff3-4ce3-a619-2c71c0869997: receive RaftClientReply:client-EAA342753240->9a4a4c23-9ff3-4ce3-a619-2c71c0869997@group-EC4211DF0353, cid=2880, SUCCESS, logIndex=4302, commits[9a4a4c23-9ff3-4ce3-a619-2c71c0869997:c4302, 9b0072ab-15b3-4973-9bcb-7fa02f6bfea9:c4298, 9f215ef2-7d46-4cda-b695-cae1b893f75f:c4298]
2019-08-20 16:04:16,223 | INFO  | DNAudit | user=null | ip=null | op=WRITE_CHUNK {blockData=conID: 3 locID: 102650154592371319 bcsId: 4298} | ret=SUCCESS |  
2019-08-20 16:04:16,223 | INFO  | DNAudit | user=null | ip=null | op=WRITE_CHUNK {blockData=conID: 3 locID: 102650154592371319 bcsId: 4298} | ret=SUCCESS |  
2019-08-20 16:04:16,224 | INFO  | DNAudit | user=null | ip=null | op=PUT_BLOCK {blockData=[blockId=conID: 3 locID: 102650154592371319 bcsId: 0,size=4194304]} | ret=SUCCESS |  
2019-08-20 16:04:16,224 | INFO  | DNAudit | user=null | ip=null | op=PUT_BLOCK {blockData=[blockId=conID: 3 locID: 102650154592371319 bcsId: 0,size=4194304]} | ret=SUCCESS |  
2019-08-20 16:04:16,224 [grpc-default-executor-1] INFO  client.GrpcClientProtocolClient (GrpcClientProtocolClient.java:onNext(255)) - client-EAA342753240->9a4a4c23-9ff3-4ce3-a619-2c71c0869997: receive RaftClientReply:client-EAA342753240->9a4a4c23-9ff3-4ce3-a619-2c71c0869997@group-EC4211DF0353, cid=2881, SUCCESS, logIndex=0, commits[9a4a4c23-9ff3-4ce3-a619-2c71c0869997:c4304, 9b0072ab-15b3-4973-9bcb-7fa02f6bfea9:c4302, 9f215ef2-7d46-4cda-b695-cae1b893f75f:c4302]
2019-08-20 16:04:16,229 | INFO  | SCMAudit | user=jenkins1000 | ip=192.168.69.96 | op=ALLOCATE_BLOCK {owner=ea4851f9-218c-4af7-91b4-edb777a4888c, size=4194304, type=RATIS, factor=THREE} | ret=SUCCESS |  
2019-08-20 16:04:16,232 | INFO  | OMAudit | user=jenkins1000 | ip=127.0.0.1 | op=ALLOCATE_BLOCK {volume=vol-0-94146, bucket=bucket-0-90789, key=key-0-25609, dataSize=0, replicationType=null, replicationFactor=null, keyLocationInfo=null, clientID=102650152704082322} | ret=SUCCESS |  
2019-08-20 16:04:16,238 | INFO  | DNAudit | user=null | ip=null | op=WRITE_CHUNK {blockData=conID: 1 locID: 102650154597024376 bcsId: 0} | ret=SUCCESS |  
2019-08-20 16:04:16,241 | INFO  | DNAudit | user=null | ip=null | op=WRITE_CHUNK {blockData=conID: 1 locID: 102650154597024376 bcsId: 0} | ret=SUCCESS |  
2019-08-20 16:04:16,241 | INFO  | DNAudit | user=null | ip=null | op=WRITE_CHUNK {blockData=conID: 1 locID: 102650154597024376 bcsId: 0} | ret=SUCCESS |  
2019-08-20 16:04:16,241 | INFO  | DNAudit | user=null | ip=null | op=WRITE_CHUNK {blockData=conID: 1 locID: 102650154597024376 bcsId: 0} | ret=SUCCESS |  
2019-08-20 16:04:16,243 | INFO  | DNAudit | user=null | ip=null | op=WRITE_CHUNK {blockData=conID: 1 locID: 102650154597024376 bcsId: 0} | ret=SUCCESS |  
2019-08-20 16:04:16,244 | INFO  | DNAudit | user=null | ip=null | op=WRITE_CHUNK {blockData=conID: 1 locID: 102650154597024376 bcsId: 0} | ret=SUCCESS |  
2019-08-20 16:04:16,248 | INFO  | DNAudit | user=null | ip=null | op=WRITE_CHUNK {blockData=conID: 1 locID: 102650154597024376 bcsId: 0} | ret=SUCCESS |  
2019-08-20 16:04:16,248 | INFO  | DNAudit | user=null | ip=null | op=PUT_BLOCK {blockData=[blockId=conID: 1 locID: 102650154597024376 bcsId: 0,size=1048576]} | ret=SUCCESS |  
2019-08-20 16:04:16,248 [grpc-default-executor-0] INFO  client.GrpcClientProtocolClient (GrpcClientProtocolClient.java:onNext(255)) - client-EAA342753240->9a4a4c23-9ff3-4ce3-a619-2c71c0869997: receive RaftClientReply:client-EAA342753240->9a4a4c23-9ff3-4ce3-a619-2c71c0869997@group-EC4211DF0353, cid=2882, SUCCESS, logIndex=4305, commits[9a4a4c23-9ff3-4ce3-a619-2c71c0869997:c4306, 9b0072ab-15b3-4973-9bcb-7fa02f6bfea9:c4304, 9f215ef2-7d46-4cda-b695-cae1b893f75f:c4304]
2019-08-20 16:04:16,248 | INFO  | DNAudit | user=null | ip=null | op=WRITE_CHUNK {blockData=conID: 1 locID: 102650154597024376 bcsId: 0} | ret=SUCCESS |  
2019-08-20 16:04:16,249 [grpc-default-executor-0] INFO  client.GrpcClientProtocolClient (GrpcClientProtocolClient.java:onNext(255)) - client-EAA342753240->9a4a4c23-9ff3-4ce3-a619-2c71c0869997: receive RaftClientReply:client-EAA342753240->9a4a4c23-9ff3-4ce3-a619-2c71c0869997@group-EC4211DF0353, cid=2883, SUCCESS, logIndex=4306, commits[9a4a4c23-9ff3-4ce3-a619-2c71c0869997:c4306, 9b0072ab-15b3-4973-9bcb-7fa02f6bfea9:c4304, 9f215ef2-7d46-4cda-b695-cae1b893f75f:c4304]
2019-08-20 16:04:16,249 | INFO  | DNAudit | user=null | ip=null | op=PUT_BLOCK {blockData=[blockId=conID: 1 locID: 102650154597024376 bcsId: 0,size=2097152]} | ret=SUCCESS |  
2019-08-20 16:04:16,249 [grpc-default-executor-0] INFO  client.GrpcClientProtocolClient (GrpcClientProtocolClient.java:onNext(255)) - client-EAA342753240->9a4a4c23-9ff3-4ce3-a619-2c71c0869997: receive RaftClientReply:client-EAA342753240->9a4a4c23-9ff3-4ce3-a619-2c71c0869997@group-EC4211DF0353, cid=2884, SUCCESS, logIndex=4307, commits[9a4a4c23-9ff3-4ce3-a619-2c71c0869997:c4308, 9b0072ab-15b3-4973-9bcb-7fa02f6bfea9:c4304, 9f215ef2-7d46-4cda-b695-cae1b893f75f:c4304]
2019-08-20 16:04:16,249 [grpc-default-executor-0] INFO  client.GrpcClientProtocolClient (GrpcClientProtocolClient.java:onNext(255)) - client-EAA342753240->9a4a4c23-9ff3-4ce3-a619-2c71c0869997: receive RaftClientReply:client-EAA342753240->9a4a4c23-9ff3-4ce3-a619-2c71c0869997@group-EC4211DF0353, cid=2885, SUCCESS, logIndex=4308, commits[9a4a4c23-9ff3-4ce3-a619-2c71c0869997:c4308, 9b0072ab-15b3-4973-9bcb-7fa02f6bfea9:c4304, 9f215ef2-7d46-4cda-b695-cae1b893f75f:c4304]
2019-08-20 16:04:16,250 | INFO  | DNAudit | user=null | ip=null | op=WRITE_CHUNK {blockData=conID: 1 locID: 102650154597024376 bcsId: 0} | ret=SUCCESS |  
2019-08-20 16:04:16,250 | INFO  | DNAudit | user=null | ip=null | op=PUT_BLOCK {blockData=[blockId=conID: 1 locID: 102650154597024376 bcsId: 0,size=1048576]} | ret=SUCCESS |  
2019-08-20 16:04:16,250 | INFO  | DNAudit | user=null | ip=null | op=WRITE_CHUNK {blockData=conID: 1 locID: 102650154597024376 bcsId: 0} | ret=SUCCESS |  
2019-08-20 16:04:16,250 | INFO  | DNAudit | user=null | ip=null | op=PUT_BLOCK {blockData=[blockId=conID: 1 locID: 102650154597024376 bcsId: 0,size=1048576]} | ret=SUCCESS |  
2019-08-20 16:04:16,250 | INFO  | DNAudit | user=null | ip=null | op=WRITE_CHUNK {blockData=conID: 1 locID: 102650154597024376 bcsId: 0} | ret=SUCCESS |  
2019-08-20 16:04:16,251 | INFO  | DNAudit | user=null | ip=null | op=PUT_BLOCK {blockData=[blockId=conID: 1 locID: 102650154597024376 bcsId: 0,size=2097152]} | ret=SUCCESS |  
2019-08-20 16:04:16,251 | INFO  | DNAudit | user=null | ip=null | op=WRITE_CHUNK {blockData=conID: 1 locID: 102650154597024376 bcsId: 0} | ret=SUCCESS |  
2019-08-20 16:04:16,251 [grpc-default-executor-0] INFO  client.GrpcClientProtocolClient (GrpcClientProtocolClient.java:onNext(255)) - client-EAA342753240->9a4a4c23-9ff3-4ce3-a619-2c71c0869997: receive RaftClientReply:client-EAA342753240->9a4a4c23-9ff3-4ce3-a619-2c71c0869997@group-EC4211DF0353, cid=2886, SUCCESS, logIndex=0, commits[9a4a4c23-9ff3-4ce3-a619-2c71c0869997:c4310, 9b0072ab-15b3-4973-9bcb-7fa02f6bfea9:c4306, 9f215ef2-7d46-4cda-b695-cae1b893f75f:c4306]
2019-08-20 16:04:16,251 | INFO  | DNAudit | user=null | ip=null | op=PUT_BLOCK {blockData=[blockId=conID: 1 locID: 102650154597024376 bcsId: 0,size=2097152]} | ret=SUCCESS |  
2019-08-20 16:04:16,256 | INFO  | DNAudit | user=null | ip=null | op=WRITE_CHUNK {blockData=conID: 1 locID: 102650154597024376 bcsId: 4308} | ret=SUCCESS |  
2019-08-20 16:04:16,260 | INFO  | DNAudit | user=null | ip=null | op=WRITE_CHUNK {blockData=conID: 1 locID: 102650154597024376 bcsId: 4308} | ret=SUCCESS |  
2019-08-20 16:04:16,260 | INFO  | DNAudit | user=null | ip=null | op=WRITE_CHUNK {blockData=conID: 1 locID: 102650154597024376 bcsId: 4308} | ret=SUCCESS |  
2019-08-20 16:04:16,265 | INFO  | DNAudit | user=null | ip=null | op=WRITE_CHUNK {blockData=conID: 1 locID: 102650154597024376 bcsId: 4308} | ret=SUCCESS |  
2019-08-20 16:04:16,265 | INFO  | DNAudit | user=null | ip=null | op=PUT_BLOCK {blockData=[blockId=conID: 1 locID: 102650154597024376 bcsId: 0,size=3145728]} | ret=SUCCESS |  
2019-08-20 16:04:16,265 [grpc-default-executor-0] INFO  client.GrpcClientProtocolClient (GrpcClientProtocolClient.java:onNext(255)) - client-EAA342753240->9a4a4c23-9ff3-4ce3-a619-2c71c0869997: receive RaftClientReply:client-EAA342753240->9a4a4c23-9ff3-4ce3-a619-2c71c0869997@group-EC4211DF0353, cid=2887, SUCCESS, logIndex=4313, commits[9a4a4c23-9ff3-4ce3-a619-2c71c0869997:c4314, 9b0072ab-15b3-4973-9bcb-7fa02f6bfea9:c4312, 9f215ef2-7d46-4cda-b695-cae1b893f75f:c4312]
2019-08-20 16:04:16,265 [grpc-default-executor-0] INFO  client.GrpcClientProtocolClient (GrpcClientProtocolClient.java:onNext(255)) - client-EAA342753240->9a4a4c23-9ff3-4ce3-a619-2c71c0869997: receive RaftClientReply:client-EAA342753240->9a4a4c23-9ff3-4ce3-a619-2c71c0869997@group-EC4211DF0353, cid=2888, SUCCESS, logIndex=4314, commits[9a4a4c23-9ff3-4ce3-a619-2c71c0869997:c4314, 9b0072ab-15b3-4973-9bcb-7fa02f6bfea9:c4312, 9f215ef2-7d46-4cda-b695-cae1b893f75f:c4312]
2019-08-20 16:04:16,266 | INFO  | DNAudit | user=null | ip=null | op=WRITE_CHUNK {blockData=conID: 1 locID: 102650154597024376 bcsId: 4308} | ret=SUCCESS |  
2019-08-20 16:04:16,266 | INFO  | DNAudit | user=null | ip=null | op=WRITE_CHUNK {blockData=conID: 1 locID: 102650154597024376 bcsId: 4308} | ret=SUCCESS |  
2019-08-20 16:04:16,266 | INFO  | DNAudit | user=null | ip=null | op=PUT_BLOCK {blockData=[blockId=conID: 1 locID: 102650154597024376 bcsId: 0,size=3145728]} | ret=SUCCESS |  
2019-08-20 16:04:16,268 | INFO  | DNAudit | user=null | ip=null | op=PUT_BLOCK {blockData=[blockId=conID: 1 locID: 102650154597024376 bcsId: 0,size=3145728]} | ret=SUCCESS |  
2019-08-20 16:04:16,272 | INFO  | DNAudit | user=null | ip=null | op=WRITE_CHUNK {blockData=conID: 1 locID: 102650154597024376 bcsId: 4314} | ret=SUCCESS |  
2019-08-20 16:04:16,274 | INFO  | DNAudit | user=null | ip=null | op=WRITE_CHUNK {blockData=conID: 1 locID: 102650154597024376 bcsId: 4314} | ret=SUCCESS |  
2019-08-20 16:04:16,274 | INFO  | DNAudit | user=null | ip=null | op=WRITE_CHUNK {blockData=conID: 1 locID: 102650154597024376 bcsId: 4314} | ret=SUCCESS |  
2019-08-20 16:04:16,282 | INFO  | DNAudit | user=null | ip=null | op=WRITE_CHUNK {blockData=conID: 1 locID: 102650154597024376 bcsId: 4314} | ret=SUCCESS |  
2019-08-20 16:04:16,282 | INFO  | DNAudit | user=null | ip=null | op=PUT_BLOCK {blockData=[blockId=conID: 1 locID: 102650154597024376 bcsId: 0,size=4194304]} | ret=SUCCESS |  
2019-08-20 16:04:16,282 [grpc-default-executor-3] INFO  client.GrpcClientProtocolClient (GrpcClientProtocolClient.java:onNext(255)) - client-EAA342753240->9a4a4c23-9ff3-4ce3-a619-2c71c0869997: receive RaftClientReply:client-EAA342753240->9a4a4c23-9ff3-4ce3-a619-2c71c0869997@group-EC4211DF0353, cid=2889, SUCCESS, logIndex=4317, commits[9a4a4c23-9ff3-4ce3-a619-2c71c0869997:c4318, 9b0072ab-15b3-4973-9bcb-7fa02f6bfea9:c4316, 9f215ef2-7d46-4cda-b695-cae1b893f75f:c4316]
2019-08-20 16:04:16,282 [grpc-default-executor-3] INFO  client.GrpcClientProtocolClient (GrpcClientProtocolClient.java:onNext(255)) - client-EAA342753240->9a4a4c23-9ff3-4ce3-a619-2c71c0869997: receive RaftClientReply:client-EAA342753240->9a4a4c23-9ff3-4ce3-a619-2c71c0869997@group-EC4211DF0353, cid=2890, SUCCESS, logIndex=4318, commits[9a4a4c23-9ff3-4ce3-a619-2c71c0869997:c4318, 9b0072ab-15b3-4973-9bcb-7fa02f6bfea9:c4316, 9f215ef2-7d46-4cda-b695-cae1b893f75f:c4316]
2019-08-20 16:04:16,283 | INFO  | DNAudit | user=null | ip=null | op=WRITE_CHUNK {blockData=conID: 1 locID: 102650154597024376 bcsId: 4314} | ret=SUCCESS |  
2019-08-20 16:04:16,283 | INFO  | DNAudit | user=null | ip=null | op=WRITE_CHUNK {blockData=conID: 1 locID: 102650154597024376 bcsId: 4314} | ret=SUCCESS |  
2019-08-20 16:04:16,301 | INFO  | DNAudit | user=null | ip=null | op=PUT_BLOCK {blockData=[blockId=conID: 1 locID: 102650154597024376 bcsId: 0,size=4194304]} | ret=SUCCESS |  
2019-08-20 16:04:16,302 | INFO  | DNAudit | user=null | ip=null | op=PUT_BLOCK {blockData=[blockId=conID: 1 locID: 102650154597024376 bcsId: 0,size=4194304]} | ret=SUCCESS |  
2019-08-20 16:04:16,302 [grpc-default-executor-0] INFO  client.GrpcClientProtocolClient (GrpcClientProtocolClient.java:onNext(255)) - client-EAA342753240->9a4a4c23-9ff3-4ce3-a619-2c71c0869997: receive RaftClientReply:client-EAA342753240->9a4a4c23-9ff3-4ce3-a619-2c71c0869997@group-EC4211DF0353, cid=2891, SUCCESS, logIndex=0, commits[9a4a4c23-9ff3-4ce3-a619-2c71c0869997:c4319, 9b0072ab-15b3-4973-9bcb-7fa02f6bfea9:c4318, 9f215ef2-7d46-4cda-b695-cae1b893f75f:c4318]
2019-08-20 16:04:16,307 | INFO  | SCMAudit | user=jenkins1000 | ip=192.168.69.96 | op=ALLOCATE_BLOCK {owner=ea4851f9-218c-4af7-91b4-edb777a4888c, size=4194304, type=RATIS, factor=THREE} | ret=SUCCESS |  
2019-08-20 16:04:16,310 | INFO  | OMAudit | user=jenkins1000 | ip=127.0.0.1 | op=ALLOCATE_BLOCK {volume=vol-0-94146, bucket=bucket-0-90789, key=key-0-25609, dataSize=0, replicationType=null, replicationFactor=null, keyLocationInfo=null, clientID=102650152704082322} | ret=SUCCESS |  
2019-08-20 16:04:16,317 | INFO  | DNAudit | user=null | ip=null | op=WRITE_CHUNK {blockData=conID: 2 locID: 102650154602136185 bcsId: 0} | ret=SUCCESS |  
2019-08-20 16:04:16,318 | INFO  | DNAudit | user=null | ip=null | op=WRITE_CHUNK {blockData=conID: 2 locID: 102650154602136185 bcsId: 0} | ret=SUCCESS |  
2019-08-20 16:04:16,318 | INFO  | DNAudit | user=null | ip=null | op=WRITE_CHUNK {blockData=conID: 2 locID: 102650154602136185 bcsId: 0} | ret=SUCCESS |  
2019-08-20 16:04:16,319 | INFO  | DNAudit | user=null | ip=null | op=WRITE_CHUNK {blockData=conID: 2 locID: 102650154602136185 bcsId: 0} | ret=SUCCESS |  
2019-08-20 16:04:16,321 | INFO  | DNAudit | user=null | ip=null | op=WRITE_CHUNK {blockData=conID: 2 locID: 102650154602136185 bcsId: 0} | ret=SUCCESS |  
2019-08-20 16:04:16,321 | INFO  | DNAudit | user=null | ip=null | op=WRITE_CHUNK {blockData=conID: 2 locID: 102650154602136185 bcsId: 0} | ret=SUCCESS |  
2019-08-20 16:04:16,330 | INFO  | DNAudit | user=null | ip=null | op=WRITE_CHUNK {blockData=conID: 2 locID: 102650154602136185 bcsId: 0} | ret=SUCCESS |  
2019-08-20 16:04:16,330 | INFO  | DNAudit | user=null | ip=null | op=PUT_BLOCK {blockData=[blockId=conID: 2 locID: 102650154602136185 bcsId: 0,size=1048576]} | ret=SUCCESS |  
2019-08-20 16:04:16,330 [grpc-default-executor-0] INFO  client.GrpcClientProtocolClient (GrpcClientProtocolClient.java:onNext(255)) - client-EAA342753240->9a4a4c23-9ff3-4ce3-a619-2c71c0869997: receive RaftClientReply:client-EAA342753240->9a4a4c23-9ff3-4ce3-a619-2c71c0869997@group-EC4211DF0353, cid=2892, SUCCESS, logIndex=4321, commits[9a4a4c23-9ff3-4ce3-a619-2c71c0869997:c4322, 9b0072ab-15b3-4973-9bcb-7fa02f6bfea9:c4320, 9f215ef2-7d46-4cda-b695-cae1b893f75f:c4320]
2019-08-20 16:04:16,331 [grpc-default-executor-0] INFO  client.GrpcClientProtocolClient (GrpcClientProtocolClient.java:onNext(255)) - client-EAA342753240->9a4a4c23-9ff3-4ce3-a619-2c71c0869997: receive RaftClientReply:client-EAA342753240->9a4a4c23-9ff3-4ce3-a619-2c71c0869997@group-EC4211DF0353, cid=2893, SUCCESS, logIndex=4322, commits[9a4a4c23-9ff3-4ce3-a619-2c71c0869997:c4322, 9b0072ab-15b3-4973-9bcb-7fa02f6bfea9:c4320, 9f215ef2-7d46-4cda-b695-cae1b893f75f:c4320]
2019-08-20 16:04:16,343 | INFO  | DNAudit | user=null | ip=null | op=WRITE_CHUNK {blockData=conID: 2 locID: 102650154602136185 bcsId: 0} | ret=SUCCESS |  
2019-08-20 16:04:16,343 | INFO  | DNAudit | user=null | ip=null | op=PUT_BLOCK {blockData=[blockId=conID: 2 locID: 102650154602136185 bcsId: 0,size=2097152]} | ret=SUCCESS |  
2019-08-20 16:04:16,343 [grpc-default-executor-0] INFO  client.GrpcClientProtocolClient (GrpcClientProtocolClient.java:onNext(255)) - client-EAA342753240->9a4a4c23-9ff3-4ce3-a619-2c71c0869997: receive RaftClientReply:client-EAA342753240->9a4a4c23-9ff3-4ce3-a619-2c71c0869997@group-EC4211DF0353, cid=2894, SUCCESS, logIndex=4323, commits[9a4a4c23-9ff3-4ce3-a619-2c71c0869997:c4324, 9b0072ab-15b3-4973-9bcb-7fa02f6bfea9:c4320, 9f215ef2-7d46-4cda-b695-cae1b893f75f:c4320]
2019-08-20 16:04:16,343 [grpc-default-executor-0] INFO  client.GrpcClientProtocolClient (GrpcClientProtocolClient.java:onNext(255)) - client-EAA342753240->9a4a4c23-9ff3-4ce3-a619-2c71c0869997: receive RaftClientReply:client-EAA342753240->9a4a4c23-9ff3-4ce3-a619-2c71c0869997@group-EC4211DF0353, cid=2895, SUCCESS, logIndex=4324, commits[9a4a4c23-9ff3-4ce3-a619-2c71c0869997:c4324, 9b0072ab-15b3-4973-9bcb-7fa02f6bfea9:c4320, 9f215ef2-7d46-4cda-b695-cae1b893f75f:c4320]
2019-08-20 16:04:16,355 | INFO  | DNAudit | user=null | ip=null | op=WRITE_CHUNK {blockData=conID: 2 locID: 102650154602136185 bcsId: 0} | ret=SUCCESS |  
2019-08-20 16:04:16,355 | INFO  | DNAudit | user=null | ip=null | op=WRITE_CHUNK {blockData=conID: 2 locID: 102650154602136185 bcsId: 0} | ret=SUCCESS |  
2019-08-20 16:04:16,355 | INFO  | DNAudit | user=null | ip=null | op=PUT_BLOCK {blockData=[blockId=conID: 2 locID: 102650154602136185 bcsId: 0,size=1048576]} | ret=SUCCESS |  
2019-08-20 16:04:16,355 | INFO  | DNAudit | user=null | ip=null | op=PUT_BLOCK {blockData=[blockId=conID: 2 locID: 102650154602136185 bcsId: 0,size=1048576]} | ret=SUCCESS |  
2019-08-20 16:04:16,356 [grpc-default-executor-3] INFO  client.GrpcClientProtocolClient (GrpcClientProtocolClient.java:onNext(255)) - client-EAA342753240->9a4a4c23-9ff3-4ce3-a619-2c71c0869997: receive RaftClientReply:client-EAA342753240->9a4a4c23-9ff3-4ce3-a619-2c71c0869997@group-EC4211DF0353, cid=2896, SUCCESS, logIndex=0, commits[9a4a4c23-9ff3-4ce3-a619-2c71c0869997:c4326, 9b0072ab-15b3-4973-9bcb-7fa02f6bfea9:c4322, 9f215ef2-7d46-4cda-b695-cae1b893f75f:c4322]
2019-08-20 16:04:16,362 | INFO  | DNAudit | user=null | ip=null | op=WRITE_CHUNK {blockData=conID: 2 locID: 102650154602136185 bcsId: 4324} | ret=SUCCESS |  
2019-08-20 16:04:16,364 | INFO  | DNAudit | user=null | ip=null | op=WRITE_CHUNK {blockData=conID: 2 locID: 102650154602136185 bcsId: 4324} | ret=SUCCESS |  
2019-08-20 16:04:16,365 | INFO  | DNAudit | user=null | ip=null | op=WRITE_CHUNK {blockData=conID: 2 locID: 102650154602136185 bcsId: 4324} | ret=SUCCESS |  
2019-08-20 16:04:16,368 | INFO  | DNAudit | user=null | ip=null | op=WRITE_CHUNK {blockData=conID: 2 locID: 102650154602136185 bcsId: 0} | ret=SUCCESS |  
2019-08-20 16:04:16,369 | INFO  | DNAudit | user=null | ip=null | op=WRITE_CHUNK {blockData=conID: 2 locID: 102650154602136185 bcsId: 0} | ret=SUCCESS |  
2019-08-20 16:04:16,369 | INFO  | DNAudit | user=null | ip=null | op=PUT_BLOCK {blockData=[blockId=conID: 2 locID: 102650154602136185 bcsId: 0,size=2097152]} | ret=SUCCESS |  
2019-08-20 16:04:16,369 | INFO  | DNAudit | user=null | ip=null | op=PUT_BLOCK {blockData=[blockId=conID: 2 locID: 102650154602136185 bcsId: 0,size=2097152]} | ret=SUCCESS |  
2019-08-20 16:04:16,380 | INFO  | DNAudit | user=null | ip=null | op=WRITE_CHUNK {blockData=conID: 2 locID: 102650154602136185 bcsId: 4324} | ret=SUCCESS |  
2019-08-20 16:04:16,381 | INFO  | DNAudit | user=null | ip=null | op=PUT_BLOCK {blockData=[blockId=conID: 2 locID: 102650154602136185 bcsId: 0,size=3145728]} | ret=SUCCESS |  
2019-08-20 16:04:16,381 [grpc-default-executor-0] INFO  client.GrpcClientProtocolClient (GrpcClientProtocolClient.java:onNext(255)) - client-EAA342753240->9a4a4c23-9ff3-4ce3-a619-2c71c0869997: receive RaftClientReply:client-EAA342753240->9a4a4c23-9ff3-4ce3-a619-2c71c0869997@group-EC4211DF0353, cid=2897, SUCCESS, logIndex=4329, commits[9a4a4c23-9ff3-4ce3-a619-2c71c0869997:c4330, 9b0072ab-15b3-4973-9bcb-7fa02f6bfea9:c4326, 9f215ef2-7d46-4cda-b695-cae1b893f75f:c4326]
2019-08-20 16:04:16,381 [grpc-default-executor-0] INFO  client.GrpcClientProtocolClient (GrpcClientProtocolClient.java:onNext(255)) - client-EAA342753240->9a4a4c23-9ff3-4ce3-a619-2c71c0869997: receive RaftClientReply:client-EAA342753240->9a4a4c23-9ff3-4ce3-a619-2c71c0869997@group-EC4211DF0353, cid=2898, SUCCESS, logIndex=4330, commits[9a4a4c23-9ff3-4ce3-a619-2c71c0869997:c4330, 9b0072ab-15b3-4973-9bcb-7fa02f6bfea9:c4326, 9f215ef2-7d46-4cda-b695-cae1b893f75f:c4326]
2019-08-20 16:04:16,384 | INFO  | DNAudit | user=null | ip=null | op=WRITE_CHUNK {blockData=conID: 2 locID: 102650154602136185 bcsId: 4324} | ret=SUCCESS |  
2019-08-20 16:04:16,384 | INFO  | DNAudit | user=null | ip=null | op=WRITE_CHUNK {blockData=conID: 2 locID: 102650154602136185 bcsId: 4324} | ret=SUCCESS |  
2019-08-20 16:04:16,387 | INFO  | DNAudit | user=null | ip=null | op=PUT_BLOCK {blockData=[blockId=conID: 2 locID: 102650154602136185 bcsId: 0,size=3145728]} | ret=SUCCESS |  
2019-08-20 16:04:16,387 | INFO  | DNAudit | user=null | ip=null | op=PUT_BLOCK {blockData=[blockId=conID: 2 locID: 102650154602136185 bcsId: 0,size=3145728]} | ret=SUCCESS |  
2019-08-20 16:04:16,388 | INFO  | DNAudit | user=null | ip=null | op=WRITE_CHUNK {blockData=conID: 2 locID: 102650154602136185 bcsId: 4330} | ret=SUCCESS |  
2019-08-20 16:04:16,390 | INFO  | DNAudit | user=null | ip=null | op=WRITE_CHUNK {blockData=conID: 2 locID: 102650154602136185 bcsId: 4330} | ret=SUCCESS |  
2019-08-20 16:04:16,390 | INFO  | DNAudit | user=null | ip=null | op=WRITE_CHUNK {blockData=conID: 2 locID: 102650154602136185 bcsId: 4330} | ret=SUCCESS |  
2019-08-20 16:04:16,393 | INFO  | DNAudit | user=null | ip=null | op=WRITE_CHUNK {blockData=conID: 2 locID: 102650154602136185 bcsId: 4330} | ret=SUCCESS |  
2019-08-20 16:04:16,393 | INFO  | DNAudit | user=null | ip=null | op=PUT_BLOCK {blockData=[blockId=conID: 2 locID: 102650154602136185 bcsId: 0,size=4194304]} | ret=SUCCESS |  
2019-08-20 16:04:16,394 [grpc-default-executor-3] INFO  client.GrpcClientProtocolClient (GrpcClientProtocolClient.java:onNext(255)) - client-EAA342753240->9a4a4c23-9ff3-4ce3-a619-2c71c0869997: receive RaftClientReply:client-EAA342753240->9a4a4c23-9ff3-4ce3-a619-2c71c0869997@group-EC4211DF0353, cid=2899, SUCCESS, logIndex=4333, commits[9a4a4c23-9ff3-4ce3-a619-2c71c0869997:c4334, 9b0072ab-15b3-4973-9bcb-7fa02f6bfea9:c4331, 9f215ef2-7d46-4cda-b695-cae1b893f75f:c4330]
2019-08-20 16:04:16,394 [grpc-default-executor-3] INFO  client.GrpcClientProtocolClient (GrpcClientProtocolClient.java:onNext(255)) - client-EAA342753240->9a4a4c23-9ff3-4ce3-a619-2c71c0869997: receive RaftClientReply:client-EAA342753240->9a4a4c23-9ff3-4ce3-a619-2c71c0869997@group-EC4211DF0353, cid=2900, SUCCESS, logIndex=4334, commits[9a4a4c23-9ff3-4ce3-a619-2c71c0869997:c4334, 9b0072ab-15b3-4973-9bcb-7fa02f6bfea9:c4331, 9f215ef2-7d46-4cda-b695-cae1b893f75f:c4331]
2019-08-20 16:04:16,394 | INFO  | DNAudit | user=null | ip=null | op=WRITE_CHUNK {blockData=conID: 2 locID: 102650154602136185 bcsId: 4330} | ret=SUCCESS |  
2019-08-20 16:04:16,394 | INFO  | DNAudit | user=null | ip=null | op=PUT_BLOCK {blockData=[blockId=conID: 2 locID: 102650154602136185 bcsId: 0,size=4194304]} | ret=SUCCESS |  
2019-08-20 16:04:16,395 | INFO  | DNAudit | user=null | ip=null | op=WRITE_CHUNK {blockData=conID: 2 locID: 102650154602136185 bcsId: 4330} | ret=SUCCESS |  
2019-08-20 16:04:16,395 | INFO  | DNAudit | user=null | ip=null | op=PUT_BLOCK {blockData=[blockId=conID: 2 locID: 102650154602136185 bcsId: 0,size=4194304]} | ret=SUCCESS |  
2019-08-20 16:04:16,395 [grpc-default-executor-3] INFO  client.GrpcClientProtocolClient (GrpcClientProtocolClient.java:onNext(255)) - client-EAA342753240->9a4a4c23-9ff3-4ce3-a619-2c71c0869997: receive RaftClientReply:client-EAA342753240->9a4a4c23-9ff3-4ce3-a619-2c71c0869997@group-EC4211DF0353, cid=2901, SUCCESS, logIndex=0, commits[9a4a4c23-9ff3-4ce3-a619-2c71c0869997:c4335, 9b0072ab-15b3-4973-9bcb-7fa02f6bfea9:c4334, 9f215ef2-7d46-4cda-b695-cae1b893f75f:c4334]
2019-08-20 16:04:16,401 | INFO  | SCMAudit | user=jenkins1000 | ip=192.168.69.96 | op=ALLOCATE_BLOCK {owner=ea4851f9-218c-4af7-91b4-edb777a4888c, size=4194304, type=RATIS, factor=THREE} | ret=SUCCESS |  
2019-08-20 16:04:16,405 | INFO  | OMAudit | user=jenkins1000 | ip=127.0.0.1 | op=ALLOCATE_BLOCK {volume=vol-0-94146, bucket=bucket-0-90789, key=key-0-25609, dataSize=0, replicationType=null, replicationFactor=null, keyLocationInfo=null, clientID=102650152704082322} | ret=SUCCESS |  
2019-08-20 16:04:16,515 | INFO  | DNAudit | user=null | ip=null | op=WRITE_CHUNK {blockData=conID: 3 locID: 102650154608296570 bcsId: 0} | ret=SUCCESS |  
2019-08-20 16:04:16,517 | INFO  | DNAudit | user=null | ip=null | op=WRITE_CHUNK {blockData=conID: 3 locID: 102650154608296570 bcsId: 0} | ret=SUCCESS |  
2019-08-20 16:04:16,519 | INFO  | DNAudit | user=null | ip=null | op=WRITE_CHUNK {blockData=conID: 3 locID: 102650154608296570 bcsId: 0} | ret=SUCCESS |  
2019-08-20 16:04:16,519 | INFO  | DNAudit | user=null | ip=null | op=WRITE_CHUNK {blockData=conID: 3 locID: 102650154608296570 bcsId: 0} | ret=SUCCESS |  
2019-08-20 16:04:16,521 | INFO  | DNAudit | user=null | ip=null | op=WRITE_CHUNK {blockData=conID: 3 locID: 102650154608296570 bcsId: 0} | ret=SUCCESS |  
2019-08-20 16:04:16,521 | INFO  | DNAudit | user=null | ip=null | op=WRITE_CHUNK {blockData=conID: 3 locID: 102650154608296570 bcsId: 0} | ret=SUCCESS |  
2019-08-20 16:04:16,532 | INFO  | DNAudit | user=null | ip=null | op=WRITE_CHUNK {blockData=conID: 3 locID: 102650154608296570 bcsId: 0} | ret=SUCCESS |  
2019-08-20 16:04:16,533 [grpc-default-executor-0] INFO  client.GrpcClientProtocolClient (GrpcClientProtocolClient.java:onNext(255)) - client-EAA342753240->9a4a4c23-9ff3-4ce3-a619-2c71c0869997: receive RaftClientReply:client-EAA342753240->9a4a4c23-9ff3-4ce3-a619-2c71c0869997@group-EC4211DF0353, cid=2902, SUCCESS, logIndex=4337, commits[9a4a4c23-9ff3-4ce3-a619-2c71c0869997:c4338, 9b0072ab-15b3-4973-9bcb-7fa02f6bfea9:c4336, 9f215ef2-7d46-4cda-b695-cae1b893f75f:c4336]
2019-08-20 16:04:16,974 | INFO  | SCMAudit | user=jenkins1000 | ip=192.168.69.96 | op=SEND_HEARTBEAT {datanodeUUID=9f215ef2-7d46-4cda-b695-cae1b893f75f, command=[]} | ret=SUCCESS |  
2019-08-20 16:04:16,974 | INFO  | SCMAudit | user=jenkins1000 | ip=192.168.69.96 | op=SEND_HEARTBEAT {datanodeUUID=69f203df-fb09-400b-ac11-cd7a56dd70a5, command=[]} | ret=SUCCESS |  
2019-08-20 16:04:16,974 | INFO  | SCMAudit | user=jenkins1000 | ip=192.168.69.96 | op=SEND_HEARTBEAT {datanodeUUID=9b0072ab-15b3-4973-9bcb-7fa02f6bfea9, command=[]} | ret=SUCCESS |  
2019-08-20 16:04:16,974 | INFO  | SCMAudit | user=jenkins1000 | ip=192.168.69.96 | op=SEND_HEARTBEAT {datanodeUUID=9a4a4c23-9ff3-4ce3-a619-2c71c0869997, command=[]} | ret=SUCCESS |  
 0.00% |█                                                                                                    |  0/1 Time: 0:00:292019-08-20 16:04:16,978 | INFO  | SCMAudit | user=jenkins1000 | ip=192.168.69.96 | op=SEND_HEARTBEAT {datanodeUUID=f1afe498-2778-451e-a3e4-8199ec337a15, command=[]} | ret=SUCCESS |  
 0.00% |█                                                                                                    |  0/1 Time: 0:00:302019-08-20 16:04:18,462 | INFO  | DNAudit | user=null | ip=null | op=PUT_BLOCK {blockData=[blockId=conID: 3 locID: 102650154608296570 bcsId: 0,size=1048576]} | ret=SUCCESS |  
2019-08-20 16:04:18,796 | INFO  | SCMAudit | user=jenkins1000 | ip=192.168.69.96 | op=SEND_HEARTBEAT {datanodeUUID=9a4a4c23-9ff3-4ce3-a619-2c71c0869997, command=[]} | ret=SUCCESS |  
2019-08-20 16:04:18,796 | INFO  | SCMAudit | user=jenkins1000 | ip=192.168.69.96 | op=SEND_HEARTBEAT {datanodeUUID=69f203df-fb09-400b-ac11-cd7a56dd70a5, command=[]} | ret=SUCCESS |  
2019-08-20 16:04:18,796 | INFO  | SCMAudit | user=jenkins1000 | ip=192.168.69.96 | op=SEND_HEARTBEAT {datanodeUUID=9b0072ab-15b3-4973-9bcb-7fa02f6bfea9, command=[]} | ret=SUCCESS |  
2019-08-20 16:04:18,796 | INFO  | SCMAudit | user=jenkins1000 | ip=192.168.69.96 | op=SEND_HEARTBEAT {datanodeUUID=f1afe498-2778-451e-a3e4-8199ec337a15, command=[]} | ret=SUCCESS |  
2019-08-20 16:04:18,796 | INFO  | SCMAudit | user=jenkins1000 | ip=192.168.69.96 | op=SEND_HEARTBEAT {datanodeUUID=9f215ef2-7d46-4cda-b695-cae1b893f75f, command=[]} | ret=SUCCESS |  
2019-08-20 16:04:18,796 [grpc-default-executor-0] INFO  client.GrpcClientProtocolClient (GrpcClientProtocolClient.java:onNext(255)) - client-EAA342753240->9a4a4c23-9ff3-4ce3-a619-2c71c0869997: receive RaftClientReply:client-EAA342753240->9a4a4c23-9ff3-4ce3-a619-2c71c0869997@group-EC4211DF0353, cid=2903, SUCCESS, logIndex=4338, commits[9a4a4c23-9ff3-4ce3-a619-2c71c0869997:c4338, 9b0072ab-15b3-4973-9bcb-7fa02f6bfea9:c4336, 9f215ef2-7d46-4cda-b695-cae1b893f75f:c4336]
2019-08-20 16:04:18,954 | INFO  | DNAudit | user=null | ip=null | op=WRITE_CHUNK {blockData=conID: 3 locID: 102650154608296570 bcsId: 0} | ret=SUCCESS |  
2019-08-20 16:04:18,955 [grpc-default-executor-0] INFO  client.GrpcClientProtocolClient (GrpcClientProtocolClient.java:onNext(255)) - client-EAA342753240->9a4a4c23-9ff3-4ce3-a619-2c71c0869997: receive RaftClientReply:client-EAA342753240->9a4a4c23-9ff3-4ce3-a619-2c71c0869997@group-EC4211DF0353, cid=2904, SUCCESS, logIndex=4339, commits[9a4a4c23-9ff3-4ce3-a619-2c71c0869997:c4340, 9b0072ab-15b3-4973-9bcb-7fa02f6bfea9:c4336, 9f215ef2-7d46-4cda-b695-cae1b893f75f:c4336]
2019-08-20 16:04:18,973 | INFO  | SCMAudit | user=jenkins1000 | ip=192.168.69.96 | op=SEND_HEARTBEAT {datanodeUUID=69f203df-fb09-400b-ac11-cd7a56dd70a5, command=[]} | ret=SUCCESS |  
2019-08-20 16:04:18,973 | INFO  | SCMAudit | user=jenkins1000 | ip=192.168.69.96 | op=SEND_HEARTBEAT {datanodeUUID=9f215ef2-7d46-4cda-b695-cae1b893f75f, command=[]} | ret=SUCCESS |  
2019-08-20 16:04:18,973 | INFO  | SCMAudit | user=jenkins1000 | ip=192.168.69.96 | op=SEND_HEARTBEAT {datanodeUUID=9b0072ab-15b3-4973-9bcb-7fa02f6bfea9, command=[]} | ret=SUCCESS |  
2019-08-20 16:04:18,974 | INFO  | SCMAudit | user=jenkins1000 | ip=192.168.69.96 | op=SEND_HEARTBEAT {datanodeUUID=9a4a4c23-9ff3-4ce3-a619-2c71c0869997, command=[]} | ret=SUCCESS |  
2019-08-20 16:04:18,978 | INFO  | SCMAudit | user=jenkins1000 | ip=192.168.69.96 | op=SEND_HEARTBEAT {datanodeUUID=f1afe498-2778-451e-a3e4-8199ec337a15, command=[]} | ret=SUCCESS |  
 0.00% |█                                                                                                    |  0/1 Time: 0:00:312019-08-20 16:04:19,132 | INFO  | DNAudit | user=null | ip=null | op=WRITE_CHUNK {blockData=conID: 3 locID: 102650154608296570 bcsId: 0} | ret=SUCCESS |  
2019-08-20 16:04:19,132 | INFO  | DNAudit | user=null | ip=null | op=PUT_BLOCK {blockData=[blockId=conID: 3 locID: 102650154608296570 bcsId: 0,size=2097152]} | ret=SUCCESS |  
2019-08-20 16:04:19,132 | INFO  | DNAudit | user=null | ip=null | op=PUT_BLOCK {blockData=[blockId=conID: 3 locID: 102650154608296570 bcsId: 0,size=1048576]} | ret=SUCCESS |  
2019-08-20 16:04:19,133 | INFO  | DNAudit | user=null | ip=null | op=WRITE_CHUNK {blockData=conID: 3 locID: 102650154608296570 bcsId: 0} | ret=SUCCESS |  
2019-08-20 16:04:19,133 | INFO  | DNAudit | user=null | ip=null | op=PUT_BLOCK {blockData=[blockId=conID: 3 locID: 102650154608296570 bcsId: 0,size=2097152]} | ret=SUCCESS |  
2019-08-20 16:04:19,133 [grpc-default-executor-0] INFO  client.GrpcClientProtocolClient (GrpcClientProtocolClient.java:onNext(255)) - client-EAA342753240->9a4a4c23-9ff3-4ce3-a619-2c71c0869997: receive RaftClientReply:client-EAA342753240->9a4a4c23-9ff3-4ce3-a619-2c71c0869997@group-EC4211DF0353, cid=2905, SUCCESS, logIndex=4340, commits[9a4a4c23-9ff3-4ce3-a619-2c71c0869997:c4344, 9b0072ab-15b3-4973-9bcb-7fa02f6bfea9:c4336, 9f215ef2-7d46-4cda-b695-cae1b893f75f:c4340]
2019-08-20 16:04:19,519 [java.util.concurrent.ThreadPoolExecutor$Worker@350e4c3f[State = -1, empty queue]] WARN  server.GrpcLogAppender (GrpcLogAppender.java:timeoutAppendRequest(200)) - GrpcLogAppender(9a4a4c23-9ff3-4ce3-a619-2c71c0869997->9b0072ab-15b3-4973-9bcb-7fa02f6bfea9): appendEntries Timeout, request=9a4a4c23-9ff3-4ce3-a619-2c71c0869997->9b0072ab-15b3-4973-9bcb-7fa02f6bfea9#4345-t1, previous=(t:1, i:4338), leaderCommit=4336, initializing? false, entries: size=1, first=(t:1, i:4339), STATEMACHINELOGENTRY, client-EAA342753240, cid=2904
2019-08-20 16:04:19,519 [java.util.concurrent.ThreadPoolExecutor$Worker@350e4c3f[State = -1, empty queue]] WARN  server.GrpcLogAppender (GrpcLogAppender.java:timeoutAppendRequest(200)) - GrpcLogAppender(9a4a4c23-9ff3-4ce3-a619-2c71c0869997->9b0072ab-15b3-4973-9bcb-7fa02f6bfea9): appendEntries Timeout, request=9a4a4c23-9ff3-4ce3-a619-2c71c0869997->9b0072ab-15b3-4973-9bcb-7fa02f6bfea9#4346-t1, previous=(t:1, i:4339), leaderCommit=4336, initializing? false, entries: size=1, first=(t:1, i:4340), STATEMACHINELOGENTRY, client-EAA342753240, cid=2905
2019-08-20 16:04:19,523 [java.util.concurrent.ThreadPoolExecutor$Worker@350e4c3f[State = -1, empty queue]] WARN  server.GrpcLogAppender (GrpcLogAppender.java:timeoutAppendRequest(200)) - GrpcLogAppender(9a4a4c23-9ff3-4ce3-a619-2c71c0869997->9b0072ab-15b3-4973-9bcb-7fa02f6bfea9): appendEntries Timeout, request=9a4a4c23-9ff3-4ce3-a619-2c71c0869997->9b0072ab-15b3-4973-9bcb-7fa02f6bfea9#4347-t1, previous=(t:1, i:4340), leaderCommit=4337, initializing? false, entries: size=1, first=(t:1, i:4341), METADATAENTRY(c4337)
2019-08-20 16:04:19,523 [java.util.concurrent.ThreadPoolExecutor$Worker@350e4c3f[State = -1, empty queue]] WARN  server.GrpcLogAppender (GrpcLogAppender.java:timeoutAppendRequest(200)) - GrpcLogAppender(9a4a4c23-9ff3-4ce3-a619-2c71c0869997->9b0072ab-15b3-4973-9bcb-7fa02f6bfea9): appendEntries Timeout, request=9a4a4c23-9ff3-4ce3-a619-2c71c0869997->9b0072ab-15b3-4973-9bcb-7fa02f6bfea9#4348-t1, previous=(t:1, i:4341), leaderCommit=4338, initializing? false, entries: size=1, first=(t:1, i:4342), METADATAENTRY(c4338)
2019-08-20 16:04:19,973 | INFO  | SCMAudit | user=jenkins1000 | ip=192.168.69.96 | op=SEND_HEARTBEAT {datanodeUUID=9f215ef2-7d46-4cda-b695-cae1b893f75f, command=[]} | ret=SUCCESS |  
2019-08-20 16:04:19,974 | INFO  | SCMAudit | user=jenkins1000 | ip=192.168.69.96 | op=SEND_HEARTBEAT {datanodeUUID=69f203df-fb09-400b-ac11-cd7a56dd70a5, command=[]} | ret=SUCCESS |  
2019-08-20 16:04:19,974 | INFO  | SCMAudit | user=jenkins1000 | ip=192.168.69.96 | op=SEND_HEARTBEAT {datanodeUUID=9b0072ab-15b3-4973-9bcb-7fa02f6bfea9, command=[]} | ret=SUCCESS |  
2019-08-20 16:04:19,974 | INFO  | SCMAudit | user=jenkins1000 | ip=192.168.69.96 | op=SEND_HEARTBEAT {datanodeUUID=9a4a4c23-9ff3-4ce3-a619-2c71c0869997, command=[]} | ret=SUCCESS |  
2019-08-20 16:04:19,978 | INFO  | SCMAudit | user=jenkins1000 | ip=192.168.69.96 | op=SEND_HEARTBEAT {datanodeUUID=f1afe498-2778-451e-a3e4-8199ec337a15, command=[]} | ret=SUCCESS |  
 0.00% |█                                                                                                    |  0/1 Time: 0:00:322019-08-20 16:04:20,975 | INFO  | SCMAudit | user=jenkins1000 | ip=192.168.69.96 | op=SEND_HEARTBEAT {datanodeUUID=9f215ef2-7d46-4cda-b695-cae1b893f75f, command=[]} | ret=SUCCESS |  
2019-08-20 16:04:20,975 | INFO  | SCMAudit | user=jenkins1000 | ip=192.168.69.96 | op=SEND_HEARTBEAT {datanodeUUID=9b0072ab-15b3-4973-9bcb-7fa02f6bfea9, command=[]} | ret=SUCCESS |  
2019-08-20 16:04:20,975 | INFO  | SCMAudit | user=jenkins1000 | ip=192.168.69.96 | op=SEND_HEARTBEAT {datanodeUUID=69f203df-fb09-400b-ac11-cd7a56dd70a5, command=[]} | ret=SUCCESS |  
2019-08-20 16:04:20,975 | INFO  | SCMAudit | user=jenkins1000 | ip=192.168.69.96 | op=SEND_HEARTBEAT {datanodeUUID=9a4a4c23-9ff3-4ce3-a619-2c71c0869997, command=[]} | ret=SUCCESS |  
2019-08-20 16:04:20,978 | INFO  | SCMAudit | user=jenkins1000 | ip=192.168.69.96 | op=SEND_HEARTBEAT {datanodeUUID=f1afe498-2778-451e-a3e4-8199ec337a15, command=[]} | ret=SUCCESS |  
 0.00% |█                                                                                                    |  0/1 Time: 0:00:332019-08-20 16:04:21,316 | INFO  | DNAudit | user=null | ip=null | op=WRITE_CHUNK {blockData=conID: 3 locID: 102650154608296570 bcsId: 0} | ret=SUCCESS |  
2019-08-20 16:04:21,316 | INFO  | DNAudit | user=null | ip=null | op=PUT_BLOCK {blockData=[blockId=conID: 3 locID: 102650154608296570 bcsId: 0,size=1048576]} | ret=SUCCESS |  
2019-08-20 16:04:21,814 [java.util.concurrent.ThreadPoolExecutor$Worker@350e4c3f[State = -1, empty queue]] WARN  server.GrpcLogAppender (GrpcLogAppender.java:timeoutAppendRequest(200)) - GrpcLogAppender(9a4a4c23-9ff3-4ce3-a619-2c71c0869997->9b0072ab-15b3-4973-9bcb-7fa02f6bfea9): appendEntries Timeout, request=9a4a4c23-9ff3-4ce3-a619-2c71c0869997->9b0072ab-15b3-4973-9bcb-7fa02f6bfea9#4349-t1, previous=(t:1, i:4342), leaderCommit=4340, initializing? false, entries: size=1, first=(t:1, i:4343), METADATAENTRY(c4339)
2019-08-20 16:04:21,814 [java.util.concurrent.ThreadPoolExecutor$Worker@350e4c3f[State = -1, empty queue]] WARN  server.GrpcLogAppender (GrpcLogAppender.java:timeoutAppendRequest(200)) - GrpcLogAppender(9a4a4c23-9ff3-4ce3-a619-2c71c0869997->9b0072ab-15b3-4973-9bcb-7fa02f6bfea9): appendEntries Timeout, request=9a4a4c23-9ff3-4ce3-a619-2c71c0869997->9b0072ab-15b3-4973-9bcb-7fa02f6bfea9#4350-t1, previous=(t:1, i:4343), leaderCommit=4340, initializing? false, entries: size=1, first=(t:1, i:4344), METADATAENTRY(c4340)
2019-08-20 16:04:21,974 | INFO  | SCMAudit | user=jenkins1000 | ip=192.168.69.96 | op=SEND_HEARTBEAT {datanodeUUID=9f215ef2-7d46-4cda-b695-cae1b893f75f, command=[]} | ret=SUCCESS |  
2019-08-20 16:04:21,974 | INFO  | SCMAudit | user=jenkins1000 | ip=192.168.69.96 | op=SEND_HEARTBEAT {datanodeUUID=69f203df-fb09-400b-ac11-cd7a56dd70a5, command=[]} | ret=SUCCESS |  
2019-08-20 16:04:21,974 | INFO  | SCMAudit | user=jenkins1000 | ip=192.168.69.96 | op=SEND_HEARTBEAT {datanodeUUID=9a4a4c23-9ff3-4ce3-a619-2c71c0869997, command=[]} | ret=SUCCESS |  
2019-08-20 16:04:21,975 | INFO  | SCMAudit | user=jenkins1000 | ip=192.168.69.96 | op=SEND_HEARTBEAT {datanodeUUID=9b0072ab-15b3-4973-9bcb-7fa02f6bfea9, command=[]} | ret=SUCCESS |  
2019-08-20 16:04:21,978 | INFO  | SCMAudit | user=jenkins1000 | ip=192.168.69.96 | op=SEND_HEARTBEAT {datanodeUUID=f1afe498-2778-451e-a3e4-8199ec337a15, command=[]} | ret=SUCCESS |  
 0.00% |█                                                                                                    |  0/1 Time: 0:00:342019-08-20 16:04:22,975 | INFO  | SCMAudit | user=jenkins1000 | ip=192.168.69.96 | op=SEND_HEARTBEAT {datanodeUUID=9a4a4c23-9ff3-4ce3-a619-2c71c0869997, command=[]} | ret=SUCCESS |  
2019-08-20 16:04:22,975 | INFO  | SCMAudit | user=jenkins1000 | ip=192.168.69.96 | op=SEND_HEARTBEAT {datanodeUUID=69f203df-fb09-400b-ac11-cd7a56dd70a5, command=[]} | ret=SUCCESS |  
2019-08-20 16:04:22,975 | INFO  | SCMAudit | user=jenkins1000 | ip=192.168.69.96 | op=SEND_HEARTBEAT {datanodeUUID=9f215ef2-7d46-4cda-b695-cae1b893f75f, command=[]} | ret=SUCCESS |  
2019-08-20 16:04:22,975 | INFO  | SCMAudit | user=jenkins1000 | ip=192.168.69.96 | op=SEND_HEARTBEAT {datanodeUUID=9b0072ab-15b3-4973-9bcb-7fa02f6bfea9, command=[]} | ret=SUCCESS |  
2019-08-20 16:04:22,978 | INFO  | SCMAudit | user=jenkins1000 | ip=192.168.69.96 | op=SEND_HEARTBEAT {datanodeUUID=f1afe498-2778-451e-a3e4-8199ec337a15, command=[]} | ret=SUCCESS |  
 0.00% |█                                                                                                    |  0/1 Time: 0:00:352019-08-20 16:04:23,974 | INFO  | SCMAudit | user=jenkins1000 | ip=192.168.69.96 | op=SEND_HEARTBEAT {datanodeUUID=69f203df-fb09-400b-ac11-cd7a56dd70a5, command=[]} | ret=SUCCESS |  
2019-08-20 16:04:23,974 | INFO  | SCMAudit | user=jenkins1000 | ip=192.168.69.96 | op=SEND_HEARTBEAT {datanodeUUID=9f215ef2-7d46-4cda-b695-cae1b893f75f, command=[]} | ret=SUCCESS |  
2019-08-20 16:04:23,974 | INFO  | SCMAudit | user=jenkins1000 | ip=192.168.69.96 | op=SEND_HEARTBEAT {datanodeUUID=9a4a4c23-9ff3-4ce3-a619-2c71c0869997, command=[]} | ret=SUCCESS |  
2019-08-20 16:04:23,975 | INFO  | SCMAudit | user=jenkins1000 | ip=192.168.69.96 | op=SEND_HEARTBEAT {datanodeUUID=9b0072ab-15b3-4973-9bcb-7fa02f6bfea9, command=[]} | ret=SUCCESS |  
2019-08-20 16:04:23,978 | INFO  | SCMAudit | user=jenkins1000 | ip=192.168.69.96 | op=SEND_HEARTBEAT {datanodeUUID=f1afe498-2778-451e-a3e4-8199ec337a15, command=[]} | ret=SUCCESS |  
 0.00% |█                                                                                                    |  0/1 Time: 0:00:362019-08-20 16:04:24,136 [pool-282-thread-1] WARN  scm.XceiverClientRatis (XceiverClientRatis.java:watchForCommit(262)) - 3 way commit failed on pipeline Pipeline[ Id: 20cc1541-57fe-468c-a367-ec4211df0353, Nodes: 9a4a4c23-9ff3-4ce3-a619-2c71c0869997{ip: 192.168.69.96, host: pr-hdds-1946lgncr-3764977478, networkLocation: /default-rack, certSerialId: null}9b0072ab-15b3-4973-9bcb-7fa02f6bfea9{ip: 192.168.69.96, host: pr-hdds-1946lgncr-3764977478, networkLocation: /default-rack, certSerialId: null}9f215ef2-7d46-4cda-b695-cae1b893f75f{ip: 192.168.69.96, host: pr-hdds-1946lgncr-3764977478, networkLocation: /default-rack, certSerialId: null}, Type:RATIS, Factor:THREE, State:OPEN]
java.util.concurrent.TimeoutException
	at java.util.concurrent.CompletableFuture.timedGet(CompletableFuture.java:1771)
	at java.util.concurrent.CompletableFuture.get(CompletableFuture.java:1915)
	at org.apache.hadoop.hdds.scm.XceiverClientRatis.watchForCommit(XceiverClientRatis.java:259)
	at org.apache.hadoop.hdds.scm.storage.CommitWatcher.watchForCommit(CommitWatcher.java:194)
	at org.apache.hadoop.hdds.scm.storage.CommitWatcher.watchOnFirstIndex(CommitWatcher.java:135)
	at org.apache.hadoop.hdds.scm.storage.BlockOutputStream.watchForCommit(BlockOutputStream.java:347)
	at org.apache.hadoop.hdds.scm.storage.BlockOutputStream.handleFullBuffer(BlockOutputStream.java:324)
	at org.apache.hadoop.hdds.scm.storage.BlockOutputStream.write(BlockOutputStream.java:251)
	at org.apache.hadoop.ozone.client.io.BlockOutputStreamEntry.write(BlockOutputStreamEntry.java:129)
	at org.apache.hadoop.ozone.client.io.KeyOutputStream.handleWrite(KeyOutputStream.java:211)
	at org.apache.hadoop.ozone.client.io.KeyOutputStream.write(KeyOutputStream.java:193)
	at org.apache.hadoop.ozone.client.io.OzoneOutputStream.write(OzoneOutputStream.java:49)
	at org.apache.hadoop.ozone.freon.RandomKeyGenerator.createKey(RandomKeyGenerator.java:699)
	at org.apache.hadoop.ozone.freon.RandomKeyGenerator.access$1100(RandomKeyGenerator.java:87)
	at org.apache.hadoop.ozone.freon.RandomKeyGenerator$ObjectCreator.run(RandomKeyGenerator.java:606)
	at java.util.concurrent.Executors$RunnableAdapter.call(Executors.java:511)
	at java.util.concurrent.FutureTask.run(FutureTask.java:266)
	at java.util.concurrent.ThreadPoolExecutor.runWorker(ThreadPoolExecutor.java:1149)
	at java.util.concurrent.ThreadPoolExecutor$Worker.run(ThreadPoolExecutor.java:624)
	at java.lang.Thread.run(Thread.java:748)
2019-08-20 16:04:24,143 [grpc-default-executor-0] INFO  client.GrpcClientProtocolClient (GrpcClientProtocolClient.java:onNext(255)) - client-EAA342753240->9a4a4c23-9ff3-4ce3-a619-2c71c0869997: receive RaftClientReply:client-EAA342753240->9a4a4c23-9ff3-4ce3-a619-2c71c0869997@group-EC4211DF0353, cid=2907, SUCCESS, logIndex=0, commits[9a4a4c23-9ff3-4ce3-a619-2c71c0869997:c4344, 9b0072ab-15b3-4973-9bcb-7fa02f6bfea9:c4336, 9f215ef2-7d46-4cda-b695-cae1b893f75f:c4344]
2019-08-20 16:04:24,148 [pool-282-thread-1] INFO  scm.XceiverClientRatis (XceiverClientRatis.java:lambda$watchForCommit$7(280)) - Could not commit index 4338 on pipeline Pipeline[ Id: 20cc1541-57fe-468c-a367-ec4211df0353, Nodes: 9a4a4c23-9ff3-4ce3-a619-2c71c0869997{ip: 192.168.69.96, host: pr-hdds-1946lgncr-3764977478, networkLocation: /default-rack, certSerialId: null}9b0072ab-15b3-4973-9bcb-7fa02f6bfea9{ip: 192.168.69.96, host: pr-hdds-1946lgncr-3764977478, networkLocation: /default-rack, certSerialId: null}9f215ef2-7d46-4cda-b695-cae1b893f75f{ip: 192.168.69.96, host: pr-hdds-1946lgncr-3764977478, networkLocation: /default-rack, certSerialId: null}, Type:RATIS, Factor:THREE, State:OPEN] to all the nodes. Server 9b0072ab-15b3-4973-9bcb-7fa02f6bfea9 has failed. Committed by majority.
2019-08-20 16:04:24,150 [pool-282-thread-1] WARN  storage.BlockOutputStream (BlockOutputStream.java:watchForCommit(353)) - Failed to commit BlockId conID: 3 locID: 102650154608296570 bcsId: 4340 on Pipeline[ Id: 20cc1541-57fe-468c-a367-ec4211df0353, Nodes: 9a4a4c23-9ff3-4ce3-a619-2c71c0869997{ip: 192.168.69.96, host: pr-hdds-1946lgncr-3764977478, networkLocation: /default-rack, certSerialId: null}9b0072ab-15b3-4973-9bcb-7fa02f6bfea9{ip: 192.168.69.96, host: pr-hdds-1946lgncr-3764977478, networkLocation: /default-rack, certSerialId: null}9f215ef2-7d46-4cda-b695-cae1b893f75f{ip: 192.168.69.96, host: pr-hdds-1946lgncr-3764977478, networkLocation: /default-rack, certSerialId: null}, Type:RATIS, Factor:THREE, State:OPEN]. Failed nodes: [9b0072ab-15b3-4973-9bcb-7fa02f6bfea9{ip: null, host: null, networkLocation: /default-rack, certSerialId: null}]
2019-08-20 16:04:24,159 | INFO  | DNAudit | user=null | ip=null | op=WRITE_CHUNK {blockData=conID: 3 locID: 102650154608296570 bcsId: 4340} | ret=SUCCESS |  
2019-08-20 16:04:24,162 | INFO  | DNAudit | user=null | ip=null | op=WRITE_CHUNK {blockData=conID: 3 locID: 102650154608296570 bcsId: 4340} | ret=SUCCESS |  
2019-08-20 16:04:24,162 | INFO  | DNAudit | user=null | ip=null | op=WRITE_CHUNK {blockData=conID: 3 locID: 102650154608296570 bcsId: 4340} | ret=SUCCESS |  
2019-08-20 16:04:24,172 | INFO  | DNAudit | user=null | ip=null | op=WRITE_CHUNK {blockData=conID: 3 locID: 102650154608296570 bcsId: 4340} | ret=SUCCESS |  
2019-08-20 16:04:24,172 | INFO  | DNAudit | user=null | ip=null | op=PUT_BLOCK {blockData=[blockId=conID: 3 locID: 102650154608296570 bcsId: 0,size=3145728]} | ret=SUCCESS |  
2019-08-20 16:04:24,173 [grpc-default-executor-0] INFO  client.GrpcClientProtocolClient (GrpcClientProtocolClient.java:onNext(255)) - client-EAA342753240->9a4a4c23-9ff3-4ce3-a619-2c71c0869997: receive RaftClientReply:client-EAA342753240->9a4a4c23-9ff3-4ce3-a619-2c71c0869997@group-EC4211DF0353, cid=2908, SUCCESS, logIndex=4345, commits[9a4a4c23-9ff3-4ce3-a619-2c71c0869997:c4346, 9b0072ab-15b3-4973-9bcb-7fa02f6bfea9:c4336, 9f215ef2-7d46-4cda-b695-cae1b893f75f:c4344]
2019-08-20 16:04:24,176 | INFO  | DNAudit | user=null | ip=null | op=WRITE_CHUNK {blockData=conID: 3 locID: 102650154608296570 bcsId: 4340} | ret=SUCCESS |  
2019-08-20 16:04:24,176 [grpc-default-executor-0] INFO  client.GrpcClientProtocolClient (GrpcClientProtocolClient.java:onNext(255)) - client-EAA342753240->9a4a4c23-9ff3-4ce3-a619-2c71c0869997: receive RaftClientReply:client-EAA342753240->9a4a4c23-9ff3-4ce3-a619-2c71c0869997@group-EC4211DF0353, cid=2909, SUCCESS, logIndex=4346, commits[9a4a4c23-9ff3-4ce3-a619-2c71c0869997:c4346, 9b0072ab-15b3-4973-9bcb-7fa02f6bfea9:c4336, 9f215ef2-7d46-4cda-b695-cae1b893f75f:c4344]
2019-08-20 16:04:24,178 | INFO  | DNAudit | user=null | ip=null | op=PUT_BLOCK {blockData=[blockId=conID: 3 locID: 102650154608296570 bcsId: 0,size=3145728]} | ret=SUCCESS |  
2019-08-20 16:04:24,185 | INFO  | DNAudit | user=null | ip=null | op=WRITE_CHUNK {blockData=conID: 3 locID: 102650154608296570 bcsId: 4346} | ret=SUCCESS |  
2019-08-20 16:04:24,188 | INFO  | DNAudit | user=null | ip=null | op=WRITE_CHUNK {blockData=conID: 3 locID: 102650154608296570 bcsId: 4346} | ret=SUCCESS |  
2019-08-20 16:04:24,188 | INFO  | DNAudit | user=null | ip=null | op=WRITE_CHUNK {blockData=conID: 3 locID: 102650154608296570 bcsId: 4346} | ret=SUCCESS |  
2019-08-20 16:04:24,190 | INFO  | DNAudit | user=null | ip=null | op=WRITE_CHUNK {blockData=conID: 3 locID: 102650154608296570 bcsId: 4346} | ret=SUCCESS |  
2019-08-20 16:04:24,191 | INFO  | DNAudit | user=null | ip=null | op=PUT_BLOCK {blockData=[blockId=conID: 3 locID: 102650154608296570 bcsId: 0,size=4194304]} | ret=SUCCESS |  
2019-08-20 16:04:24,191 [grpc-default-executor-3] INFO  client.GrpcClientProtocolClient (GrpcClientProtocolClient.java:onNext(255)) - client-EAA342753240->9a4a4c23-9ff3-4ce3-a619-2c71c0869997: receive RaftClientReply:client-EAA342753240->9a4a4c23-9ff3-4ce3-a619-2c71c0869997@group-EC4211DF0353, cid=2910, SUCCESS, logIndex=4349, commits[9a4a4c23-9ff3-4ce3-a619-2c71c0869997:c4350, 9b0072ab-15b3-4973-9bcb-7fa02f6bfea9:c4336, 9f215ef2-7d46-4cda-b695-cae1b893f75f:c4348]
2019-08-20 16:04:24,194 | INFO  | DNAudit | user=null | ip=null | op=WRITE_CHUNK {blockData=conID: 3 locID: 102650154608296570 bcsId: 4346} | ret=SUCCESS |  
2019-08-20 16:04:24,194 [grpc-default-executor-3] INFO  client.GrpcClientProtocolClient (GrpcClientProtocolClient.java:onNext(255)) - client-EAA342753240->9a4a4c23-9ff3-4ce3-a619-2c71c0869997: receive RaftClientReply:client-EAA342753240->9a4a4c23-9ff3-4ce3-a619-2c71c0869997@group-EC4211DF0353, cid=2911, SUCCESS, logIndex=4350, commits[9a4a4c23-9ff3-4ce3-a619-2c71c0869997:c4350, 9b0072ab-15b3-4973-9bcb-7fa02f6bfea9:c4336, 9f215ef2-7d46-4cda-b695-cae1b893f75f:c4348]
2019-08-20 16:04:24,194 | INFO  | DNAudit | user=null | ip=null | op=PUT_BLOCK {blockData=[blockId=conID: 3 locID: 102650154608296570 bcsId: 0,size=4194304]} | ret=SUCCESS |  
2019-08-20 16:04:24,314 [java.util.concurrent.ThreadPoolExecutor$Worker@350e4c3f[State = -1, empty queue]] WARN  server.GrpcLogAppender (GrpcLogAppender.java:timeoutAppendRequest(200)) - GrpcLogAppender(9a4a4c23-9ff3-4ce3-a619-2c71c0869997->9b0072ab-15b3-4973-9bcb-7fa02f6bfea9): appendEntries Timeout, request=9a4a4c23-9ff3-4ce3-a619-2c71c0869997->9b0072ab-15b3-4973-9bcb-7fa02f6bfea9#4351-t1, previous=(t:1, i:4344), leaderCommit=4344, initializing? false, entries: <empty>
2019-08-20 16:04:24,512 [grpc-default-executor-3] WARN  server.GrpcLogAppender (GrpcLogAppender.java:onNextImpl(250)) - org.apache.ratis.grpc.server.GrpcLogAppender$AppendLogResponseHandler@676196e4: Request not found, ignoring reply: 9a4a4c23-9ff3-4ce3-a619-2c71c0869997<-9b0072ab-15b3-4973-9bcb-7fa02f6bfea9#4345:OK,SUCCESS,nextIndex:4340,term:1,followerCommit:4338
2019-08-20 16:04:24,516 [grpc-default-executor-3] WARN  server.GrpcLogAppender (GrpcLogAppender.java:onNextImpl(250)) - org.apache.ratis.grpc.server.GrpcLogAppender$AppendLogResponseHandler@676196e4: Request not found, ignoring reply: 9a4a4c23-9ff3-4ce3-a619-2c71c0869997<-9b0072ab-15b3-4973-9bcb-7fa02f6bfea9#4346:OK,SUCCESS,nextIndex:4341,term:1,followerCommit:4338
2019-08-20 16:04:24,519 [grpc-default-executor-3] WARN  server.GrpcLogAppender (GrpcLogAppender.java:onNextImpl(250)) - org.apache.ratis.grpc.server.GrpcLogAppender$AppendLogResponseHandler@676196e4: Request not found, ignoring reply: 9a4a4c23-9ff3-4ce3-a619-2c71c0869997<-9b0072ab-15b3-4973-9bcb-7fa02f6bfea9#4347:OK,SUCCESS,nextIndex:4342,term:1,followerCommit:4338
2019-08-20 16:04:24,520 [grpc-default-executor-3] WARN  server.GrpcLogAppender (GrpcLogAppender.java:onNextImpl(250)) - org.apache.ratis.grpc.server.GrpcLogAppender$AppendLogResponseHandler@676196e4: Request not found, ignoring reply: 9a4a4c23-9ff3-4ce3-a619-2c71c0869997<-9b0072ab-15b3-4973-9bcb-7fa02f6bfea9#4348:OK,SUCCESS,nextIndex:4343,term:1,followerCommit:4338
2019-08-20 16:04:24,520 [grpc-default-executor-3] WARN  server.GrpcLogAppender (GrpcLogAppender.java:onNextImpl(250)) - org.apache.ratis.grpc.server.GrpcLogAppender$AppendLogResponseHandler@676196e4: Request not found, ignoring reply: 9a4a4c23-9ff3-4ce3-a619-2c71c0869997<-9b0072ab-15b3-4973-9bcb-7fa02f6bfea9#4349:OK,SUCCESS,nextIndex:4344,term:1,followerCommit:4340
2019-08-20 16:04:24,520 [grpc-default-executor-3] WARN  server.GrpcLogAppender (GrpcLogAppender.java:onNextImpl(250)) - org.apache.ratis.grpc.server.GrpcLogAppender$AppendLogResponseHandler@676196e4: Request not found, ignoring reply: 9a4a4c23-9ff3-4ce3-a619-2c71c0869997<-9b0072ab-15b3-4973-9bcb-7fa02f6bfea9#4350:OK,SUCCESS,nextIndex:4345,term:1,followerCommit:4340
2019-08-20 16:04:24,520 [grpc-default-executor-3] WARN  server.GrpcLogAppender (GrpcLogAppender.java:onNextImpl(250)) - org.apache.ratis.grpc.server.GrpcLogAppender$AppendLogResponseHandler@676196e4: Request not found, ignoring reply: 9a4a4c23-9ff3-4ce3-a619-2c71c0869997<-9b0072ab-15b3-4973-9bcb-7fa02f6bfea9#4351:OK,SUCCESS,nextIndex:4345,term:1,followerCommit:4338
2019-08-20 16:04:24,522 [grpc-default-executor-3] INFO  client.GrpcClientProtocolClient (GrpcClientProtocolClient.java:onNext(255)) - client-EAA342753240->9a4a4c23-9ff3-4ce3-a619-2c71c0869997: receive RaftClientReply:client-EAA342753240->9a4a4c23-9ff3-4ce3-a619-2c71c0869997@group-EC4211DF0353, cid=2906, SUCCESS, logIndex=0, commits[9a4a4c23-9ff3-4ce3-a619-2c71c0869997:c4352, 9b0072ab-15b3-4973-9bcb-7fa02f6bfea9:c4338, 9f215ef2-7d46-4cda-b695-cae1b893f75f:c4350]
2019-08-20 16:04:24,522 [grpc-default-executor-3] INFO  client.GrpcClientProtocolClient (GrpcClientProtocolClient.java:onNext(255)) - client-EAA342753240->9a4a4c23-9ff3-4ce3-a619-2c71c0869997: receive RaftClientReply:client-EAA342753240->9a4a4c23-9ff3-4ce3-a619-2c71c0869997@group-EC4211DF0353, cid=2906, SUCCESS, logIndex=0, commits[9a4a4c23-9ff3-4ce3-a619-2c71c0869997:c4352, 9b0072ab-15b3-4973-9bcb-7fa02f6bfea9:c4338, 9f215ef2-7d46-4cda-b695-cae1b893f75f:c4350]
2019-08-20 16:04:24,523 [grpc-default-executor-3] INFO  client.GrpcClientProtocolClient (GrpcClientProtocolClient.java:onNext(255)) - client-EAA342753240->9a4a4c23-9ff3-4ce3-a619-2c71c0869997: receive RaftClientReply:client-EAA342753240->9a4a4c23-9ff3-4ce3-a619-2c71c0869997@group-EC4211DF0353, cid=2912, SUCCESS, logIndex=0, commits[9a4a4c23-9ff3-4ce3-a619-2c71c0869997:c4352, 9b0072ab-15b3-4973-9bcb-7fa02f6bfea9:c4350, 9f215ef2-7d46-4cda-b695-cae1b893f75f:c4350]
2019-08-20 16:04:24,538 [IPC Server handler 5 on 39360] WARN  block.BlockManagerImpl (BlockManagerImpl.java:allocateBlock(192)) - Pipeline creation failed for type:RATIS factor:THREE. Retrying get pipelines call once.
org.apache.hadoop.hdds.scm.pipeline.InsufficientDatanodesException: Cannot create pipeline of factor 3 using 2 nodes.
	at org.apache.hadoop.hdds.scm.pipeline.RatisPipelineProvider.create(RatisPipelineProvider.java:151)
	at org.apache.hadoop.hdds.scm.pipeline.PipelineFactory.create(PipelineFactory.java:57)
	at org.apache.hadoop.hdds.scm.pipeline.SCMPipelineManager.createPipeline(SCMPipelineManager.java:149)
	at org.apache.hadoop.hdds.scm.block.BlockManagerImpl.allocateBlock(BlockManagerImpl.java:190)
	at org.apache.hadoop.hdds.scm.server.SCMBlockProtocolServer.allocateBlock(SCMBlockProtocolServer.java:175)
	at org.apache.hadoop.ozone.protocolPB.ScmBlockLocationProtocolServerSideTranslatorPB.allocateScmBlock(ScmBlockLocationProtocolServerSideTranslatorPB.java:153)
	at org.apache.hadoop.ozone.protocolPB.ScmBlockLocationProtocolServerSideTranslatorPB.send(ScmBlockLocationProtocolServerSideTranslatorPB.java:112)
	at org.apache.hadoop.hdds.protocol.proto.ScmBlockLocationProtocolProtos$ScmBlockLocationProtocolService$2.callBlockingMethod(ScmBlockLocationProtocolProtos.java:13157)
	at org.apache.hadoop.ipc.ProtobufRpcEngine$Server$ProtoBufRpcInvoker.call(ProtobufRpcEngine.java:524)
	at org.apache.hadoop.ipc.RPC$Server.call(RPC.java:1025)
	at org.apache.hadoop.ipc.Server$RpcCall.run(Server.java:876)
	at org.apache.hadoop.ipc.Server$RpcCall.run(Server.java:822)
	at java.security.AccessController.doPrivileged(Native Method)
	at javax.security.auth.Subject.doAs(Subject.java:422)
	at org.apache.hadoop.security.UserGroupInformation.doAs(UserGroupInformation.java:1730)
	at org.apache.hadoop.ipc.Server$Handler.run(Server.java:2682)
2019-08-20 16:04:24,539 [IPC Server handler 5 on 39360] INFO  block.BlockManagerImpl (BlockManagerImpl.java:allocateBlock(198)) - Could not find available pipeline of type:RATIS and factor:THREE even after retrying
2019-08-20 16:04:24,539 [IPC Server handler 5 on 39360] ERROR block.BlockManagerImpl (BlockManagerImpl.java:allocateBlock(222)) - Unable to allocate a block for the size: 4194304, type: RATIS, factor: THREE
2019-08-20 16:04:24,540 | INFO  | SCMAudit | user=jenkins1000 | ip=192.168.69.96 | op=ALLOCATE_BLOCK {owner=ea4851f9-218c-4af7-91b4-edb777a4888c, size=4194304, type=RATIS, factor=THREE} | ret=SUCCESS |  
2019-08-20 16:04:24,542 | ERROR | OMAudit | user=jenkins1000 | ip=127.0.0.1 | op=ALLOCATE_BLOCK {volume=vol-0-94146, bucket=bucket-0-90789, key=key-0-25609, dataSize=0, replicationType=null, replicationFactor=null, keyLocationInfo=null, clientID=102650152704082322} | ret=FAILURE | org.apache.hadoop.hdds.scm.exceptions.SCMException: Allocated 0 blocks. Requested 1 blocks
	at org.apache.hadoop.hdds.scm.protocolPB.ScmBlockLocationProtocolClientSideTranslatorPB.handleError(ScmBlockLocationProtocolClientSideTranslatorPB.java:118)
	at org.apache.hadoop.hdds.scm.protocolPB.ScmBlockLocationProtocolClientSideTranslatorPB.allocateBlock(ScmBlockLocationProtocolClientSideTranslatorPB.java:156) 
2019-08-20 16:04:24,547 [pool-282-thread-1] ERROR io.BlockOutputStreamEntryPool (BlockOutputStreamEntryPool.java:allocateBlockIfNeeded(299)) - Try to allocate more blocks for write failed, already allocated 0 blocks for this write.
INTERNAL_ERROR org.apache.hadoop.ozone.om.exceptions.OMException: Allocated 0 blocks. Requested 1 blocks
	at org.apache.hadoop.ozone.om.protocolPB.OzoneManagerProtocolClientSideTranslatorPB.handleError(OzoneManagerProtocolClientSideTranslatorPB.java:720)
	at org.apache.hadoop.ozone.om.protocolPB.OzoneManagerProtocolClientSideTranslatorPB.allocateBlock(OzoneManagerProtocolClientSideTranslatorPB.java:752)
	at org.apache.hadoop.ozone.client.io.BlockOutputStreamEntryPool.allocateNewBlock(BlockOutputStreamEntryPool.java:248)
	at org.apache.hadoop.ozone.client.io.BlockOutputStreamEntryPool.allocateBlockIfNeeded(BlockOutputStreamEntryPool.java:296)
	at org.apache.hadoop.ozone.client.io.KeyOutputStream.handleWrite(KeyOutputStream.java:201)
	at org.apache.hadoop.ozone.client.io.KeyOutputStream.write(KeyOutputStream.java:193)
	at org.apache.hadoop.ozone.client.io.OzoneOutputStream.write(OzoneOutputStream.java:49)
	at org.apache.hadoop.ozone.freon.RandomKeyGenerator.createKey(RandomKeyGenerator.java:699)
	at org.apache.hadoop.ozone.freon.RandomKeyGenerator.access$1100(RandomKeyGenerator.java:87)
	at org.apache.hadoop.ozone.freon.RandomKeyGenerator$ObjectCreator.run(RandomKeyGenerator.java:606)
	at java.util.concurrent.Executors$RunnableAdapter.call(Executors.java:511)
	at java.util.concurrent.FutureTask.run(FutureTask.java:266)
	at java.util.concurrent.ThreadPoolExecutor.runWorker(ThreadPoolExecutor.java:1149)
	at java.util.concurrent.ThreadPoolExecutor$Worker.run(ThreadPoolExecutor.java:624)
	at java.lang.Thread.run(Thread.java:748)
2019-08-20 16:04:24,548 [pool-282-thread-1] ERROR freon.RandomKeyGenerator (RandomKeyGenerator.java:createKey(724)) - Exception while adding key: key-0-25609 in bucket: bucket-0-90789 of volume: vol-0-94146.
INTERNAL_ERROR org.apache.hadoop.ozone.om.exceptions.OMException: Allocated 0 blocks. Requested 1 blocks
	at org.apache.hadoop.ozone.om.protocolPB.OzoneManagerProtocolClientSideTranslatorPB.handleError(OzoneManagerProtocolClientSideTranslatorPB.java:720)
	at org.apache.hadoop.ozone.om.protocolPB.OzoneManagerProtocolClientSideTranslatorPB.allocateBlock(OzoneManagerProtocolClientSideTranslatorPB.java:752)
	at org.apache.hadoop.ozone.client.io.BlockOutputStreamEntryPool.allocateNewBlock(BlockOutputStreamEntryPool.java:248)
	at org.apache.hadoop.ozone.client.io.BlockOutputStreamEntryPool.allocateBlockIfNeeded(BlockOutputStreamEntryPool.java:296)
	at org.apache.hadoop.ozone.client.io.KeyOutputStream.handleWrite(KeyOutputStream.java:201)
	at org.apache.hadoop.ozone.client.io.KeyOutputStream.write(KeyOutputStream.java:193)
	at org.apache.hadoop.ozone.client.io.OzoneOutputStream.write(OzoneOutputStream.java:49)
	at org.apache.hadoop.ozone.freon.RandomKeyGenerator.createKey(RandomKeyGenerator.java:699)
	at org.apache.hadoop.ozone.freon.RandomKeyGenerator.access$1100(RandomKeyGenerator.java:87)
	at org.apache.hadoop.ozone.freon.RandomKeyGenerator$ObjectCreator.run(RandomKeyGenerator.java:606)
	at java.util.concurrent.Executors$RunnableAdapter.call(Executors.java:511)
	at java.util.concurrent.FutureTask.run(FutureTask.java:266)
	at java.util.concurrent.ThreadPoolExecutor.runWorker(ThreadPoolExecutor.java:1149)
	at java.util.concurrent.ThreadPoolExecutor$Worker.run(ThreadPoolExecutor.java:624)
	at java.lang.Thread.run(Thread.java:748)
2019-08-20 16:04:24,797 | INFO  | DNAudit | user=null | ip=null | op=WRITE_CHUNK {blockData=conID: 3 locID: 102650154608296570 bcsId: 0} | ret=SUCCESS |  
2019-08-20 16:04:24,798 | INFO  | DNAudit | user=null | ip=null | op=PUT_BLOCK {blockData=[blockId=conID: 3 locID: 102650154608296570 bcsId: 0,size=2097152]} | ret=SUCCESS |  
2019-08-20 16:04:24,798 | INFO  | DNAudit | user=null | ip=null | op=WRITE_CHUNK {blockData=conID: 3 locID: 102650154608296570 bcsId: 4340} | ret=SUCCESS |  
2019-08-20 16:04:24,799 | INFO  | DNAudit | user=null | ip=null | op=PUT_BLOCK {blockData=[blockId=conID: 3 locID: 102650154608296570 bcsId: 0,size=3145728]} | ret=SUCCESS |  
2019-08-20 16:04:24,799 | INFO  | DNAudit | user=null | ip=null | op=WRITE_CHUNK {blockData=conID: 3 locID: 102650154608296570 bcsId: 4346} | ret=SUCCESS |  
2019-08-20 16:04:24,799 | INFO  | DNAudit | user=null | ip=null | op=PUT_BLOCK {blockData=[blockId=conID: 3 locID: 102650154608296570 bcsId: 0,size=4194304]} | ret=SUCCESS |  
2019-08-20 16:04:24,974 | INFO  | SCMAudit | user=jenkins1000 | ip=192.168.69.96 | op=SEND_HEARTBEAT {datanodeUUID=9f215ef2-7d46-4cda-b695-cae1b893f75f, command=[]} | ret=SUCCESS |  
2019-08-20 16:04:24,974 | INFO  | SCMAudit | user=jenkins1000 | ip=192.168.69.96 | op=SEND_HEARTBEAT {datanodeUUID=9a4a4c23-9ff3-4ce3-a619-2c71c0869997, command=[]} | ret=SUCCESS |  
2019-08-20 16:04:24,975 | INFO  | SCMAudit | user=jenkins1000 | ip=192.168.69.96 | op=SEND_HEARTBEAT {datanodeUUID=69f203df-fb09-400b-ac11-cd7a56dd70a5, command=[]} | ret=SUCCESS |  
2019-08-20 16:04:24,975 | INFO  | SCMAudit | user=jenkins1000 | ip=192.168.69.96 | op=SEND_HEARTBEAT {datanodeUUID=9b0072ab-15b3-4973-9bcb-7fa02f6bfea9, command=[]} | ret=SUCCESS |  
2019-08-20 16:04:24,979 | INFO  | SCMAudit | user=jenkins1000 | ip=192.168.69.96 | op=SEND_HEARTBEAT {datanodeUUID=f1afe498-2778-451e-a3e4-8199ec337a15, command=[]} | ret=SUCCESS |  
 0.00% |█                                                                                                    |  0/1 Time: 0:00:372019-08-20 16:04:25,974 | INFO  | SCMAudit | user=jenkins1000 | ip=192.168.69.96 | op=SEND_HEARTBEAT {datanodeUUID=69f203df-fb09-400b-ac11-cd7a56dd70a5, command=[]} | ret=SUCCESS |  
2019-08-20 16:04:25,975 | INFO  | SCMAudit | user=jenkins1000 | ip=192.168.69.96 | op=SEND_HEARTBEAT {datanodeUUID=9b0072ab-15b3-4973-9bcb-7fa02f6bfea9, command=[]} | ret=SUCCESS |  
2019-08-20 16:04:25,975 | INFO  | SCMAudit | user=jenkins1000 | ip=192.168.69.96 | op=SEND_HEARTBEAT {datanodeUUID=9a4a4c23-9ff3-4ce3-a619-2c71c0869997, command=[]} | ret=SUCCESS |  
2019-08-20 16:04:25,975 | INFO  | SCMAudit | user=jenkins1000 | ip=192.168.69.96 | op=SEND_HEARTBEAT {datanodeUUID=9f215ef2-7d46-4cda-b695-cae1b893f75f, command=[]} | ret=SUCCESS |  
2019-08-20 16:04:25,979 | INFO  | SCMAudit | user=jenkins1000 | ip=192.168.69.96 | op=SEND_HEARTBEAT {datanodeUUID=f1afe498-2778-451e-a3e4-8199ec337a15, command=[]} | ret=SUCCESS |  
 0.00% |█                                                                                                    |  0/1 Time: 0:00:382019-08-20 16:04:26,974 | INFO  | SCMAudit | user=jenkins1000 | ip=192.168.69.96 | op=SEND_HEARTBEAT {datanodeUUID=9a4a4c23-9ff3-4ce3-a619-2c71c0869997, command=[]} | ret=SUCCESS |  
2019-08-20 16:04:26,974 | INFO  | SCMAudit | user=jenkins1000 | ip=192.168.69.96 | op=SEND_HEARTBEAT {datanodeUUID=69f203df-fb09-400b-ac11-cd7a56dd70a5, command=[]} | ret=SUCCESS |  
2019-08-20 16:04:26,975 | INFO  | SCMAudit | user=jenkins1000 | ip=192.168.69.96 | op=SEND_HEARTBEAT {datanodeUUID=9b0072ab-15b3-4973-9bcb-7fa02f6bfea9, command=[]} | ret=SUCCESS |  
2019-08-20 16:04:26,975 | INFO  | SCMAudit | user=jenkins1000 | ip=192.168.69.96 | op=SEND_HEARTBEAT {datanodeUUID=9f215ef2-7d46-4cda-b695-cae1b893f75f, command=[]} | ret=SUCCESS |  
2019-08-20 16:04:26,979 | INFO  | SCMAudit | user=jenkins1000 | ip=192.168.69.96 | op=SEND_HEARTBEAT {datanodeUUID=f1afe498-2778-451e-a3e4-8199ec337a15, command=[]} | ret=SUCCESS |  
 0.00% |█                                                                                                    |  0/1 Time: 0:00:392019-08-20 16:04:27,975 | INFO  | SCMAudit | user=jenkins1000 | ip=192.168.69.96 | op=SEND_HEARTBEAT {datanodeUUID=9b0072ab-15b3-4973-9bcb-7fa02f6bfea9, command=[]} | ret=SUCCESS |  
2019-08-20 16:04:27,975 | INFO  | SCMAudit | user=jenkins1000 | ip=192.168.69.96 | op=SEND_HEARTBEAT {datanodeUUID=69f203df-fb09-400b-ac11-cd7a56dd70a5, command=[]} | ret=SUCCESS |  
2019-08-20 16:04:27,975 | INFO  | SCMAudit | user=jenkins1000 | ip=192.168.69.96 | op=SEND_HEARTBEAT {datanodeUUID=9a4a4c23-9ff3-4ce3-a619-2c71c0869997, command=[]} | ret=SUCCESS |  
2019-08-20 16:04:27,975 | INFO  | SCMAudit | user=jenkins1000 | ip=192.168.69.96 | op=SEND_HEARTBEAT {datanodeUUID=9f215ef2-7d46-4cda-b695-cae1b893f75f, command=[]} | ret=SUCCESS |  
2019-08-20 16:04:27,979 | INFO  | SCMAudit | user=jenkins1000 | ip=192.168.69.96 | op=SEND_HEARTBEAT {datanodeUUID=f1afe498-2778-451e-a3e4-8199ec337a15, command=[]} | ret=SUCCESS |  
 100.00% |█████████████████████████████████████████████████████████████████████████████████████████████████████|  1/1 Time: 0:00:40
]]></system-out>
  </testcase>
  <testcase name="fileWithSizeZero" classname="org.apache.hadoop.ozone.freon.TestRandomKeyGenerator" time="5.05"/>
  <testcase name="multiThread" classname="org.apache.hadoop.ozone.freon.TestRandomKeyGenerator" time="10.03"/>
</testsuite>