<?xml version="1.0" encoding="UTF-8"?>
<testsuite xmlns:xsi="http://www.w3.org/2001/XMLSchema-instance" xsi:noNamespaceSchemaLocation="https://maven.apache.org/surefire/maven-surefire-plugin/xsd/surefire-test-report.xsd" name="org.apache.hadoop.ozone.freon.TestDataValidateWithSafeByteOperations" time="58.996" tests="3" errors="3" skipped="0" failures="0">
  <properties>
    <property name="awt.toolkit" value="sun.awt.X11.XToolkit"/>
    <property name="file.encoding.pkg" value="sun.io"/>
    <property name="java.specification.version" value="1.8"/>
    <property name="sun.cpu.isalist" value=""/>
    <property name="sun.jnu.encoding" value="UTF-8"/>
    <property name="java.class.path" value="/workdir/hadoop-ozone/tools/target/test-classes:/workdir/hadoop-ozone/tools/target/classes:/home/user/.m2/repository/org/apache/hadoop/hadoop-ozone-ozone-manager/0.5.0-SNAPSHOT/hadoop-ozone-ozone-manager-0.5.0-SNAPSHOT.jar:/home/user/.m2/repository/org/apache/hadoop/hadoop-hdds-docs/0.5.0-SNAPSHOT/hadoop-hdds-docs-0.5.0-SNAPSHOT.jar:/home/user/.m2/repository/org/bouncycastle/bcprov-jdk15on/1.60/bcprov-jdk15on-1.60.jar:/home/user/.m2/repository/org/apache/hadoop/hadoop-ozone-common/0.5.0-SNAPSHOT/hadoop-ozone-common-0.5.0-SNAPSHOT.jar:/home/user/.m2/repository/org/apache/commons/commons-compress/1.4.1/commons-compress-1.4.1.jar:/home/user/.m2/repository/org/tukaani/xz/1.0/xz-1.0.jar:/home/user/.m2/repository/org/apache/hadoop/hadoop-hdfs-client/3.2.0/hadoop-hdfs-client-3.2.0.jar:/home/user/.m2/repository/com/fasterxml/jackson/core/jackson-annotations/2.9.5/jackson-annotations-2.9.5.jar:/home/user/.m2/repository/org/apache/hadoop/hadoop-hdds-common/0.5.0-SNAPSHOT/hadoop-hdds-common-0.5.0-SNAPSHOT.jar:/home/user/.m2/repository/org/apache/hadoop/hadoop-hdds-config/0.5.0-SNAPSHOT/hadoop-hdds-config-0.5.0-SNAPSHOT.jar:/home/user/.m2/repository/javax/annotation/javax.annotation-api/1.2/javax.annotation-api-1.2.jar:/home/user/.m2/repository/org/apache/ratis/ratis-server/0.4.0-2337318-SNAPSHOT/ratis-server-0.4.0-2337318-SNAPSHOT.jar:/home/user/.m2/repository/org/apache/ratis/ratis-thirdparty-misc/0.2.0/ratis-thirdparty-misc-0.2.0.jar:/home/user/.m2/repository/org/apache/ratis/ratis-proto/0.4.0-2337318-SNAPSHOT/ratis-proto-0.4.0-2337318-SNAPSHOT.jar:/home/user/.m2/repository/org/apache/ratis/ratis-common/0.4.0-2337318-SNAPSHOT/ratis-common-0.4.0-2337318-SNAPSHOT.jar:/home/user/.m2/repository/org/apache/ratis/ratis-client/0.4.0-2337318-SNAPSHOT/ratis-client-0.4.0-2337318-SNAPSHOT.jar:/home/user/.m2/repository/org/apache/ratis/ratis-metrics/0.4.0-2337318-SNAPSHOT/ratis-metrics-0.4.0-2337318-SNAPSHOT.jar:/home/user/.m2/repository/org/apache/ratis/ratis-netty/0.4.0-2337318-SNAPSHOT/ratis-netty-0.4.0-2337318-SNAPSHOT.jar:/home/user/.m2/repository/org/apache/ratis/ratis-grpc/0.4.0-2337318-SNAPSHOT/ratis-grpc-0.4.0-2337318-SNAPSHOT.jar:/home/user/.m2/repository/org/rocksdb/rocksdbjni/6.0.1/rocksdbjni-6.0.1.jar:/home/user/.m2/repository/org/apache/logging/log4j/log4j-api/2.11.0/log4j-api-2.11.0.jar:/home/user/.m2/repository/org/apache/logging/log4j/log4j-core/2.11.0/log4j-core-2.11.0.jar:/home/user/.m2/repository/com/lmax/disruptor/3.4.2/disruptor-3.4.2.jar:/home/user/.m2/repository/org/apache/commons/commons-pool2/2.6.0/commons-pool2-2.6.0.jar:/home/user/.m2/repository/org/bouncycastle/bcpkix-jdk15on/1.60/bcpkix-jdk15on-1.60.jar:/home/user/.m2/repository/commons-validator/commons-validator/1.6/commons-validator-1.6.jar:/home/user/.m2/repository/commons-digester/commons-digester/1.8.1/commons-digester-1.8.1.jar:/home/user/.m2/repository/io/jaegertracing/jaeger-client/0.33.1/jaeger-client-0.33.1.jar:/home/user/.m2/repository/io/jaegertracing/jaeger-thrift/0.33.1/jaeger-thrift-0.33.1.jar:/home/user/.m2/repository/org/apache/thrift/libthrift/0.11.0/libthrift-0.11.0.jar:/home/user/.m2/repository/com/squareup/okhttp3/okhttp/3.9.0/okhttp-3.9.0.jar:/home/user/.m2/repository/com/squareup/okio/okio/1.13.0/okio-1.13.0.jar:/home/user/.m2/repository/io/jaegertracing/jaeger-core/0.33.1/jaeger-core-0.33.1.jar:/home/user/.m2/repository/io/jaegertracing/jaeger-tracerresolver/0.33.1/jaeger-tracerresolver-0.33.1.jar:/home/user/.m2/repository/io/opentracing/contrib/opentracing-tracerresolver/0.1.5/opentracing-tracerresolver-0.1.5.jar:/home/user/.m2/repository/io/opentracing/opentracing-util/0.31.0/opentracing-util-0.31.0.jar:/home/user/.m2/repository/io/opentracing/opentracing-api/0.31.0/opentracing-api-0.31.0.jar:/home/user/.m2/repository/io/opentracing/opentracing-noop/0.31.0/opentracing-noop-0.31.0.jar:/home/user/.m2/repository/org/yaml/snakeyaml/1.16/snakeyaml-1.16.jar:/home/user/.m2/repository/org/apache/hadoop/hadoop-hdds-container-service/0.5.0-SNAPSHOT/hadoop-hdds-container-service-0.5.0-SNAPSHOT.jar:/home/user/.m2/repository/org/apache/hadoop/hadoop-hdds-client/0.5.0-SNAPSHOT/hadoop-hdds-client-0.5.0-SNAPSHOT.jar:/home/user/.m2/repository/org/apache/hadoop/hadoop-hdds-tools/0.5.0-SNAPSHOT/hadoop-hdds-tools-0.5.0-SNAPSHOT.jar:/home/user/.m2/repository/org/xerial/sqlite-jdbc/3.25.2/sqlite-jdbc-3.25.2.jar:/home/user/.m2/repository/org/apache/hadoop/hadoop-hdds-server-scm/0.5.0-SNAPSHOT/hadoop-hdds-server-scm-0.5.0-SNAPSHOT.jar:/home/user/.m2/repository/org/hamcrest/hamcrest-all/1.3/hamcrest-all-1.3.jar:/home/user/.m2/repository/info/picocli/picocli/3.9.6/picocli-3.9.6.jar:/home/user/.m2/repository/com/google/protobuf/protobuf-java/2.5.0/protobuf-java-2.5.0.jar:/home/user/.m2/repository/com/google/guava/guava/11.0.2/guava-11.0.2.jar:/home/user/.m2/repository/org/apache/hadoop/hadoop-ozone-client/0.5.0-SNAPSHOT/hadoop-ozone-client-0.5.0-SNAPSHOT.jar:/workdir/hadoop-ozone/ozonefs/target/classes:/home/user/.m2/repository/org/apache/hadoop/hadoop-hdds-server-framework/0.5.0-SNAPSHOT/hadoop-hdds-server-framework-0.5.0-SNAPSHOT.jar:/home/user/.m2/repository/org/apache/hadoop/hadoop-common/3.2.0/hadoop-common-3.2.0.jar:/home/user/.m2/repository/org/apache/hadoop/hadoop-annotations/3.2.0/hadoop-annotations-3.2.0.jar:/usr/lib/jvm/java-1.8-openjdk/jre/../lib/tools.jar:/home/user/.m2/repository/commons-cli/commons-cli/1.2/commons-cli-1.2.jar:/home/user/.m2/repository/org/apache/commons/commons-math3/3.1.1/commons-math3-3.1.1.jar:/home/user/.m2/repository/org/apache/httpcomponents/httpclient/4.5.2/httpclient-4.5.2.jar:/home/user/.m2/repository/org/apache/httpcomponents/httpcore/4.4.4/httpcore-4.4.4.jar:/home/user/.m2/repository/commons-codec/commons-codec/1.11/commons-codec-1.11.jar:/home/user/.m2/repository/commons-io/commons-io/2.5/commons-io-2.5.jar:/home/user/.m2/repository/commons-net/commons-net/3.6/commons-net-3.6.jar:/home/user/.m2/repository/commons-collections/commons-collections/3.2.2/commons-collections-3.2.2.jar:/home/user/.m2/repository/javax/servlet/javax.servlet-api/3.1.0/javax.servlet-api-3.1.0.jar:/home/user/.m2/repository/org/eclipse/jetty/jetty-server/9.3.24.v20180605/jetty-server-9.3.24.v20180605.jar:/home/user/.m2/repository/org/eclipse/jetty/jetty-http/9.3.24.v20180605/jetty-http-9.3.24.v20180605.jar:/home/user/.m2/repository/org/eclipse/jetty/jetty-io/9.3.24.v20180605/jetty-io-9.3.24.v20180605.jar:/home/user/.m2/repository/org/eclipse/jetty/jetty-util/9.3.24.v20180605/jetty-util-9.3.24.v20180605.jar:/home/user/.m2/repository/org/eclipse/jetty/jetty-servlet/9.3.24.v20180605/jetty-servlet-9.3.24.v20180605.jar:/home/user/.m2/repository/org/eclipse/jetty/jetty-security/9.3.24.v20180605/jetty-security-9.3.24.v20180605.jar:/home/user/.m2/repository/org/eclipse/jetty/jetty-webapp/9.3.24.v20180605/jetty-webapp-9.3.24.v20180605.jar:/home/user/.m2/repository/org/eclipse/jetty/jetty-xml/9.3.24.v20180605/jetty-xml-9.3.24.v20180605.jar:/home/user/.m2/repository/javax/servlet/jsp/jsp-api/2.1/jsp-api-2.1.jar:/home/user/.m2/repository/com/sun/jersey/jersey-core/1.19/jersey-core-1.19.jar:/home/user/.m2/repository/javax/ws/rs/jsr311-api/1.1.1/jsr311-api-1.1.1.jar:/home/user/.m2/repository/com/sun/jersey/jersey-servlet/1.19/jersey-servlet-1.19.jar:/home/user/.m2/repository/com/sun/jersey/jersey-json/1.19/jersey-json-1.19.jar:/home/user/.m2/repository/org/codehaus/jettison/jettison/1.1/jettison-1.1.jar:/home/user/.m2/repository/com/sun/xml/bind/jaxb-impl/2.3.0.1/jaxb-impl-2.3.0.1.jar:/home/user/.m2/repository/org/codehaus/jackson/jackson-core-asl/1.9.13/jackson-core-asl-1.9.13.jar:/home/user/.m2/repository/org/codehaus/jackson/jackson-mapper-asl/1.9.13/jackson-mapper-asl-1.9.13.jar:/home/user/.m2/repository/org/codehaus/jackson/jackson-jaxrs/1.9.13/jackson-jaxrs-1.9.13.jar:/home/user/.m2/repository/org/codehaus/jackson/jackson-xc/1.9.13/jackson-xc-1.9.13.jar:/home/user/.m2/repository/com/sun/jersey/jersey-server/1.19/jersey-server-1.19.jar:/home/user/.m2/repository/commons-logging/commons-logging/1.1.3/commons-logging-1.1.3.jar:/home/user/.m2/repository/log4j/log4j/1.2.17/log4j-1.2.17.jar:/home/user/.m2/repository/commons-beanutils/commons-beanutils/1.9.3/commons-beanutils-1.9.3.jar:/home/user/.m2/repository/org/apache/commons/commons-configuration2/2.1.1/commons-configuration2-2.1.1.jar:/home/user/.m2/repository/org/apache/commons/commons-lang3/3.7/commons-lang3-3.7.jar:/home/user/.m2/repository/org/apache/commons/commons-text/1.4/commons-text-1.4.jar:/home/user/.m2/repository/org/slf4j/slf4j-api/1.7.25/slf4j-api-1.7.25.jar:/home/user/.m2/repository/org/slf4j/slf4j-log4j12/1.7.25/slf4j-log4j12-1.7.25.jar:/home/user/.m2/repository/org/apache/avro/avro/1.7.7/avro-1.7.7.jar:/home/user/.m2/repository/com/thoughtworks/paranamer/paranamer/2.3/paranamer-2.3.jar:/home/user/.m2/repository/org/xerial/snappy/snappy-java/1.0.5/snappy-java-1.0.5.jar:/home/user/.m2/repository/com/google/re2j/re2j/1.1/re2j-1.1.jar:/home/user/.m2/repository/com/google/code/gson/gson/2.2.4/gson-2.2.4.jar:/home/user/.m2/repository/org/apache/hadoop/hadoop-auth/3.2.0/hadoop-auth-3.2.0.jar:/home/user/.m2/repository/com/nimbusds/nimbus-jose-jwt/4.41.1/nimbus-jose-jwt-4.41.1.jar:/home/user/.m2/repository/com/github/stephenc/jcip/jcip-annotations/1.0-1/jcip-annotations-1.0-1.jar:/home/user/.m2/repository/net/minidev/json-smart/2.3/json-smart-2.3.jar:/home/user/.m2/repository/net/minidev/accessors-smart/1.2/accessors-smart-1.2.jar:/home/user/.m2/repository/org/apache/curator/curator-framework/2.12.0/curator-framework-2.12.0.jar:/home/user/.m2/repository/com/jcraft/jsch/0.1.54/jsch-0.1.54.jar:/home/user/.m2/repository/org/apache/curator/curator-client/2.12.0/curator-client-2.12.0.jar:/home/user/.m2/repository/org/apache/curator/curator-recipes/2.12.0/curator-recipes-2.12.0.jar:/home/user/.m2/repository/com/google/code/findbugs/jsr305/3.0.0/jsr305-3.0.0.jar:/home/user/.m2/repository/org/apache/htrace/htrace-core4/4.1.0-incubating/htrace-core4-4.1.0-incubating.jar:/home/user/.m2/repository/org/apache/zookeeper/zookeeper/3.4.13/zookeeper-3.4.13.jar:/home/user/.m2/repository/org/apache/yetus/audience-annotations/0.5.0/audience-annotations-0.5.0.jar:/home/user/.m2/repository/org/apache/kerby/kerb-simplekdc/1.0.1/kerb-simplekdc-1.0.1.jar:/home/user/.m2/repository/org/apache/kerby/kerb-client/1.0.1/kerb-client-1.0.1.jar:/home/user/.m2/repository/org/apache/kerby/kerby-config/1.0.1/kerby-config-1.0.1.jar:/home/user/.m2/repository/org/apache/kerby/kerb-core/1.0.1/kerb-core-1.0.1.jar:/home/user/.m2/repository/org/apache/kerby/kerby-pkix/1.0.1/kerby-pkix-1.0.1.jar:/home/user/.m2/repository/org/apache/kerby/kerby-asn1/1.0.1/kerby-asn1-1.0.1.jar:/home/user/.m2/repository/org/apache/kerby/kerby-util/1.0.1/kerby-util-1.0.1.jar:/home/user/.m2/repository/org/apache/kerby/kerb-common/1.0.1/kerb-common-1.0.1.jar:/home/user/.m2/repository/org/apache/kerby/kerb-crypto/1.0.1/kerb-crypto-1.0.1.jar:/home/user/.m2/repository/org/apache/kerby/kerb-util/1.0.1/kerb-util-1.0.1.jar:/home/user/.m2/repository/org/apache/kerby/token-provider/1.0.1/token-provider-1.0.1.jar:/home/user/.m2/repository/org/apache/kerby/kerb-admin/1.0.1/kerb-admin-1.0.1.jar:/home/user/.m2/repository/org/apache/kerby/kerb-server/1.0.1/kerb-server-1.0.1.jar:/home/user/.m2/repository/org/apache/kerby/kerb-identity/1.0.1/kerb-identity-1.0.1.jar:/home/user/.m2/repository/org/apache/kerby/kerby-xdr/1.0.1/kerby-xdr-1.0.1.jar:/home/user/.m2/repository/com/fasterxml/jackson/core/jackson-databind/2.9.5/jackson-databind-2.9.5.jar:/home/user/.m2/repository/com/fasterxml/jackson/core/jackson-core/2.9.5/jackson-core-2.9.5.jar:/home/user/.m2/repository/org/codehaus/woodstox/stax2-api/3.1.4/stax2-api-3.1.4.jar:/home/user/.m2/repository/com/fasterxml/woodstox/woodstox-core/5.0.3/woodstox-core-5.0.3.jar:/home/user/.m2/repository/dnsjava/dnsjava/2.1.7/dnsjava-2.1.7.jar:/home/user/.m2/repository/org/apache/hadoop/hadoop-hdfs/3.2.0/hadoop-hdfs-3.2.0.jar:/home/user/.m2/repository/org/eclipse/jetty/jetty-util-ajax/9.3.24.v20180605/jetty-util-ajax-9.3.24.v20180605.jar:/home/user/.m2/repository/commons-daemon/commons-daemon/1.0.13/commons-daemon-1.0.13.jar:/home/user/.m2/repository/io/netty/netty/3.10.5.Final/netty-3.10.5.Final.jar:/home/user/.m2/repository/io/netty/netty-all/4.0.52.Final/netty-all-4.0.52.Final.jar:/home/user/.m2/repository/org/fusesource/leveldbjni/leveldbjni-all/1.8/leveldbjni-all-1.8.jar:/home/user/.m2/repository/com/sun/xml/bind/jaxb-core/2.3.0.1/jaxb-core-2.3.0.1.jar:/home/user/.m2/repository/javax/xml/bind/jaxb-api/2.3.0/jaxb-api-2.3.0.jar:/home/user/.m2/repository/javax/activation/activation/1.1.1/activation-1.1.1.jar:/home/user/.m2/repository/io/dropwizard/metrics/metrics-core/3.2.4/metrics-core-3.2.4.jar:/home/user/.m2/repository/org/openjdk/jmh/jmh-core/1.19/jmh-core-1.19.jar:/home/user/.m2/repository/net/sf/jopt-simple/jopt-simple/4.6/jopt-simple-4.6.jar:/home/user/.m2/repository/org/openjdk/jmh/jmh-generator-annprocess/1.19/jmh-generator-annprocess-1.19.jar:/home/user/.m2/repository/com/google/code/findbugs/findbugs/3.0.1/findbugs-3.0.1.jar:/home/user/.m2/repository/net/jcip/jcip-annotations/1.0/jcip-annotations-1.0.jar:/home/user/.m2/repository/com/google/code/findbugs/bcel-findbugs/6.0/bcel-findbugs-6.0.jar:/home/user/.m2/repository/com/google/code/findbugs/jFormatString/2.0.1/jFormatString-2.0.1.jar:/home/user/.m2/repository/dom4j/dom4j/1.6.1/dom4j-1.6.1.jar:/home/user/.m2/repository/xml-apis/xml-apis/1.0.b2/xml-apis-1.0.b2.jar:/home/user/.m2/repository/org/ow2/asm/asm-debug-all/5.0.2/asm-debug-all-5.0.2.jar:/home/user/.m2/repository/org/ow2/asm/asm-commons/5.0.2/asm-commons-5.0.2.jar:/home/user/.m2/repository/org/ow2/asm/asm-tree/5.0.2/asm-tree-5.0.2.jar:/home/user/.m2/repository/org/ow2/asm/asm/5.0.4/asm-5.0.4.jar:/home/user/.m2/repository/commons-lang/commons-lang/2.6/commons-lang-2.6.jar:/home/user/.m2/repository/com/apple/AppleJavaExtensions/1.4/AppleJavaExtensions-1.4.jar:/home/user/.m2/repository/jaxen/jaxen/1.1.6/jaxen-1.1.6.jar:/home/user/.m2/repository/junit/junit/4.11/junit-4.11.jar:/home/user/.m2/repository/org/hamcrest/hamcrest-core/1.3/hamcrest-core-1.3.jar:/home/user/.m2/repository/org/apache/hadoop/hadoop-common/3.2.0/hadoop-common-3.2.0-tests.jar:/workdir/hadoop-ozone/integration-test/target/test-classes:/home/user/.m2/repository/org/apache/hadoop/hadoop-ozone-objectstore-service/0.5.0-SNAPSHOT/hadoop-ozone-objectstore-service-0.5.0-SNAPSHOT.jar:/home/user/.m2/repository/org/apache/hadoop/hadoop-ozone-s3gateway/0.5.0-SNAPSHOT/hadoop-ozone-s3gateway-0.5.0-SNAPSHOT.jar:/home/user/.m2/repository/org/jboss/weld/servlet/weld-servlet/2.4.7.Final/weld-servlet-2.4.7.Final.jar:/home/user/.m2/repository/org/glassfish/jersey/containers/jersey-container-servlet-core/2.27/jersey-container-servlet-core-2.27.jar:/home/user/.m2/repository/org/glassfish/hk2/external/javax.inject/2.5.0-b42/javax.inject-2.5.0-b42.jar:/home/user/.m2/repository/org/glassfish/jersey/core/jersey-common/2.27/jersey-common-2.27.jar:/home/user/.m2/repository/org/glassfish/hk2/osgi-resource-locator/1.0.1/osgi-resource-locator-1.0.1.jar:/home/user/.m2/repository/javax/ws/rs/javax.ws.rs-api/2.1/javax.ws.rs-api-2.1.jar:/home/user/.m2/repository/org/glassfish/jersey/ext/cdi/jersey-cdi1x/2.27/jersey-cdi1x-2.27.jar:/home/user/.m2/repository/org/glassfish/jersey/inject/jersey-hk2/2.27/jersey-hk2-2.27.jar:/home/user/.m2/repository/org/glassfish/hk2/hk2-locator/2.5.0-b42/hk2-locator-2.5.0-b42.jar:/home/user/.m2/repository/org/javassist/javassist/3.22.0-CR2/javassist-3.22.0-CR2.jar:/home/user/.m2/repository/org/glassfish/hk2/hk2-api/2.5.0/hk2-api-2.5.0.jar:/home/user/.m2/repository/org/glassfish/hk2/external/jakarta.inject/2.5.0/jakarta.inject-2.5.0.jar:/home/user/.m2/repository/org/glassfish/hk2/hk2-utils/2.5.0/hk2-utils-2.5.0.jar:/home/user/.m2/repository/jakarta/annotation/jakarta.annotation-api/1.3.4/jakarta.annotation-api-1.3.4.jar:/home/user/.m2/repository/org/glassfish/hk2/external/aopalliance-repackaged/2.5.0/aopalliance-repackaged-2.5.0.jar:/home/user/.m2/repository/com/fasterxml/jackson/dataformat/jackson-dataformat-xml/2.9.0/jackson-dataformat-xml-2.9.0.jar:/home/user/.m2/repository/com/fasterxml/jackson/module/jackson-module-jaxb-annotations/2.9.5/jackson-module-jaxb-annotations-2.9.5.jar:/home/user/.m2/repository/javax/enterprise/cdi-api/1.2/cdi-api-1.2.jar:/home/user/.m2/repository/javax/el/javax.el-api/3.0.0/javax.el-api-3.0.0.jar:/home/user/.m2/repository/javax/interceptor/javax.interceptor-api/1.2/javax.interceptor-api-1.2.jar:/home/user/.m2/repository/javax/inject/javax.inject/1/javax.inject-1.jar:/home/user/.m2/repository/org/apache/hadoop/hadoop-ozone-csi/0.5.0-SNAPSHOT/hadoop-ozone-csi-0.5.0-SNAPSHOT.jar:/home/user/.m2/repository/com/google/protobuf/protobuf-java-util/3.5.1/protobuf-java-util-3.5.1.jar:/home/user/.m2/repository/io/grpc/grpc-netty/1.17.1/grpc-netty-1.17.1.jar:/home/user/.m2/repository/io/grpc/grpc-core/1.17.1/grpc-core-1.17.1.jar:/home/user/.m2/repository/io/grpc/grpc-context/1.17.1/grpc-context-1.17.1.jar:/home/user/.m2/repository/com/google/errorprone/error_prone_annotations/2.2.0/error_prone_annotations-2.2.0.jar:/home/user/.m2/repository/org/codehaus/mojo/animal-sniffer-annotations/1.17/animal-sniffer-annotations-1.17.jar:/home/user/.m2/repository/io/opencensus/opencensus-api/0.17.0/opencensus-api-0.17.0.jar:/home/user/.m2/repository/io/opencensus/opencensus-contrib-grpc-metrics/0.17.0/opencensus-contrib-grpc-metrics-0.17.0.jar:/home/user/.m2/repository/io/netty/netty-codec-http2/4.1.30.Final/netty-codec-http2-4.1.30.Final.jar:/home/user/.m2/repository/io/netty/netty-codec-http/4.1.30.Final/netty-codec-http-4.1.30.Final.jar:/home/user/.m2/repository/io/netty/netty-codec/4.1.30.Final/netty-codec-4.1.30.Final.jar:/home/user/.m2/repository/io/netty/netty-handler/4.1.30.Final/netty-handler-4.1.30.Final.jar:/home/user/.m2/repository/io/netty/netty-handler-proxy/4.1.30.Final/netty-handler-proxy-4.1.30.Final.jar:/home/user/.m2/repository/io/netty/netty-codec-socks/4.1.30.Final/netty-codec-socks-4.1.30.Final.jar:/home/user/.m2/repository/io/netty/netty-transport-native-epoll/4.1.30.Final/netty-transport-native-epoll-4.1.30.Final.jar:/home/user/.m2/repository/io/netty/netty-common/4.1.30.Final/netty-common-4.1.30.Final.jar:/home/user/.m2/repository/io/netty/netty-buffer/4.1.30.Final/netty-buffer-4.1.30.Final.jar:/home/user/.m2/repository/io/netty/netty-transport/4.1.30.Final/netty-transport-4.1.30.Final.jar:/home/user/.m2/repository/io/netty/netty-resolver/4.1.30.Final/netty-resolver-4.1.30.Final.jar:/home/user/.m2/repository/io/netty/netty-transport-native-unix-common/4.1.30.Final/netty-transport-native-unix-common-4.1.30.Final.jar:/home/user/.m2/repository/io/grpc/grpc-protobuf/1.17.1/grpc-protobuf-1.17.1.jar:/home/user/.m2/repository/com/google/api/grpc/proto-google-common-protos/1.0.0/proto-google-common-protos-1.0.0.jar:/home/user/.m2/repository/io/grpc/grpc-protobuf-lite/1.17.1/grpc-protobuf-lite-1.17.1.jar:/home/user/.m2/repository/io/grpc/grpc-stub/1.17.1/grpc-stub-1.17.1.jar:/home/user/.m2/repository/org/apache/hadoop/hadoop-ozone-recon/0.5.0-SNAPSHOT/hadoop-ozone-recon-0.5.0-SNAPSHOT.jar:/home/user/.m2/repository/org/apache/hadoop/hadoop-ozone-reconcodegen/0.5.0-SNAPSHOT/hadoop-ozone-reconcodegen-0.5.0-SNAPSHOT.jar:/home/user/.m2/repository/com/google/inject/extensions/guice-multibindings/4.0/guice-multibindings-4.0.jar:/home/user/.m2/repository/com/google/inject/guice/4.0/guice-4.0.jar:/home/user/.m2/repository/aopalliance/aopalliance/1.0/aopalliance-1.0.jar:/home/user/.m2/repository/com/google/inject/extensions/guice-servlet/4.0/guice-servlet-4.0.jar:/home/user/.m2/repository/org/glassfish/jersey/containers/jersey-container-servlet/2.27/jersey-container-servlet-2.27.jar:/home/user/.m2/repository/org/glassfish/hk2/guice-bridge/2.5.0/guice-bridge-2.5.0.jar:/home/user/.m2/repository/org/glassfish/jersey/core/jersey-server/2.27/jersey-server-2.27.jar:/home/user/.m2/repository/org/glassfish/jersey/core/jersey-client/2.27/jersey-client-2.27.jar:/home/user/.m2/repository/org/glassfish/jersey/media/jersey-media-jaxb/2.27/jersey-media-jaxb-2.27.jar:/home/user/.m2/repository/javax/validation/validation-api/1.1.0.Final/validation-api-1.1.0.Final.jar:/home/user/.m2/repository/org/glassfish/jersey/media/jersey-media-json-jackson/2.27/jersey-media-json-jackson-2.27.jar:/home/user/.m2/repository/org/glassfish/jersey/ext/jersey-entity-filtering/2.27/jersey-entity-filtering-2.27.jar:/home/user/.m2/repository/com/google/inject/extensions/guice-assistedinject/4.0/guice-assistedinject-4.0.jar:/home/user/.m2/repository/org/jooq/jooq/3.11.10/jooq-3.11.10.jar:/home/user/.m2/repository/org/jooq/jooq-meta/3.11.10/jooq-meta-3.11.10.jar:/home/user/.m2/repository/org/jooq/jooq-codegen/3.11.10/jooq-codegen-3.11.10.jar:/home/user/.m2/repository/com/jolbox/bonecp/0.8.0.RELEASE/bonecp-0.8.0.RELEASE.jar:/home/user/.m2/repository/org/springframework/spring-jdbc/5.1.3.RELEASE/spring-jdbc-5.1.3.RELEASE.jar:/home/user/.m2/repository/org/springframework/spring-beans/5.1.3.RELEASE/spring-beans-5.1.3.RELEASE.jar:/home/user/.m2/repository/org/springframework/spring-core/5.1.3.RELEASE/spring-core-5.1.3.RELEASE.jar:/home/user/.m2/repository/org/springframework/spring-jcl/5.1.3.RELEASE/spring-jcl-5.1.3.RELEASE.jar:/home/user/.m2/repository/org/springframework/spring-tx/5.1.3.RELEASE/spring-tx-5.1.3.RELEASE.jar:/home/user/.m2/repository/org/mockito/mockito-core/2.15.0/mockito-core-2.15.0.jar:/home/user/.m2/repository/net/bytebuddy/byte-buddy/1.7.9/byte-buddy-1.7.9.jar:/home/user/.m2/repository/net/bytebuddy/byte-buddy-agent/1.7.9/byte-buddy-agent-1.7.9.jar:/home/user/.m2/repository/org/objenesis/objenesis/1.0/objenesis-1.0.jar:"/>
    <property name="java.vm.vendor" value="IcedTea"/>
    <property name="sun.arch.data.model" value="64"/>
    <property name="test.build.dir" value="/workdir/hadoop-ozone/tools/target/test-dir"/>
    <property name="test.cache.data" value=""/>
    <property name="java.vendor.url" value="https://icedtea.classpath.org"/>
    <property name="user.timezone" value=""/>
    <property name="java.vm.specification.version" value="1.8"/>
    <property name="os.name" value="Linux"/>
    <property name="test.build.data" value="/workdir/hadoop-ozone/tools/target/test-dir"/>
    <property name="user.country" value="US"/>
    <property name="sun.java.launcher" value="SUN_STANDARD"/>
    <property name="sun.boot.library.path" value="/usr/lib/jvm/java-1.8-openjdk/jre/lib/amd64"/>
    <property name="sun.java.command" value="/workdir/hadoop-ozone/tools/target/surefire/surefirebooter9083630879877607072.jar /workdir/hadoop-ozone/tools/target/surefire 2019-09-19T11-05-02_939-jvmRun1 surefire6068852152629016635tmp surefire_1157706094245992416636tmp"/>
    <property name="test" value="!TestMiniChaosOzoneCluster"/>
    <property name="surefire.test.class.path" value="/workdir/hadoop-ozone/tools/target/test-classes:/workdir/hadoop-ozone/tools/target/classes:/home/user/.m2/repository/org/apache/hadoop/hadoop-ozone-ozone-manager/0.5.0-SNAPSHOT/hadoop-ozone-ozone-manager-0.5.0-SNAPSHOT.jar:/home/user/.m2/repository/org/apache/hadoop/hadoop-hdds-docs/0.5.0-SNAPSHOT/hadoop-hdds-docs-0.5.0-SNAPSHOT.jar:/home/user/.m2/repository/org/bouncycastle/bcprov-jdk15on/1.60/bcprov-jdk15on-1.60.jar:/home/user/.m2/repository/org/apache/hadoop/hadoop-ozone-common/0.5.0-SNAPSHOT/hadoop-ozone-common-0.5.0-SNAPSHOT.jar:/home/user/.m2/repository/org/apache/commons/commons-compress/1.4.1/commons-compress-1.4.1.jar:/home/user/.m2/repository/org/tukaani/xz/1.0/xz-1.0.jar:/home/user/.m2/repository/org/apache/hadoop/hadoop-hdfs-client/3.2.0/hadoop-hdfs-client-3.2.0.jar:/home/user/.m2/repository/com/fasterxml/jackson/core/jackson-annotations/2.9.5/jackson-annotations-2.9.5.jar:/home/user/.m2/repository/org/apache/hadoop/hadoop-hdds-common/0.5.0-SNAPSHOT/hadoop-hdds-common-0.5.0-SNAPSHOT.jar:/home/user/.m2/repository/org/apache/hadoop/hadoop-hdds-config/0.5.0-SNAPSHOT/hadoop-hdds-config-0.5.0-SNAPSHOT.jar:/home/user/.m2/repository/javax/annotation/javax.annotation-api/1.2/javax.annotation-api-1.2.jar:/home/user/.m2/repository/org/apache/ratis/ratis-server/0.4.0-2337318-SNAPSHOT/ratis-server-0.4.0-2337318-SNAPSHOT.jar:/home/user/.m2/repository/org/apache/ratis/ratis-thirdparty-misc/0.2.0/ratis-thirdparty-misc-0.2.0.jar:/home/user/.m2/repository/org/apache/ratis/ratis-proto/0.4.0-2337318-SNAPSHOT/ratis-proto-0.4.0-2337318-SNAPSHOT.jar:/home/user/.m2/repository/org/apache/ratis/ratis-common/0.4.0-2337318-SNAPSHOT/ratis-common-0.4.0-2337318-SNAPSHOT.jar:/home/user/.m2/repository/org/apache/ratis/ratis-client/0.4.0-2337318-SNAPSHOT/ratis-client-0.4.0-2337318-SNAPSHOT.jar:/home/user/.m2/repository/org/apache/ratis/ratis-metrics/0.4.0-2337318-SNAPSHOT/ratis-metrics-0.4.0-2337318-SNAPSHOT.jar:/home/user/.m2/repository/org/apache/ratis/ratis-netty/0.4.0-2337318-SNAPSHOT/ratis-netty-0.4.0-2337318-SNAPSHOT.jar:/home/user/.m2/repository/org/apache/ratis/ratis-grpc/0.4.0-2337318-SNAPSHOT/ratis-grpc-0.4.0-2337318-SNAPSHOT.jar:/home/user/.m2/repository/org/rocksdb/rocksdbjni/6.0.1/rocksdbjni-6.0.1.jar:/home/user/.m2/repository/org/apache/logging/log4j/log4j-api/2.11.0/log4j-api-2.11.0.jar:/home/user/.m2/repository/org/apache/logging/log4j/log4j-core/2.11.0/log4j-core-2.11.0.jar:/home/user/.m2/repository/com/lmax/disruptor/3.4.2/disruptor-3.4.2.jar:/home/user/.m2/repository/org/apache/commons/commons-pool2/2.6.0/commons-pool2-2.6.0.jar:/home/user/.m2/repository/org/bouncycastle/bcpkix-jdk15on/1.60/bcpkix-jdk15on-1.60.jar:/home/user/.m2/repository/commons-validator/commons-validator/1.6/commons-validator-1.6.jar:/home/user/.m2/repository/commons-digester/commons-digester/1.8.1/commons-digester-1.8.1.jar:/home/user/.m2/repository/io/jaegertracing/jaeger-client/0.33.1/jaeger-client-0.33.1.jar:/home/user/.m2/repository/io/jaegertracing/jaeger-thrift/0.33.1/jaeger-thrift-0.33.1.jar:/home/user/.m2/repository/org/apache/thrift/libthrift/0.11.0/libthrift-0.11.0.jar:/home/user/.m2/repository/com/squareup/okhttp3/okhttp/3.9.0/okhttp-3.9.0.jar:/home/user/.m2/repository/com/squareup/okio/okio/1.13.0/okio-1.13.0.jar:/home/user/.m2/repository/io/jaegertracing/jaeger-core/0.33.1/jaeger-core-0.33.1.jar:/home/user/.m2/repository/io/jaegertracing/jaeger-tracerresolver/0.33.1/jaeger-tracerresolver-0.33.1.jar:/home/user/.m2/repository/io/opentracing/contrib/opentracing-tracerresolver/0.1.5/opentracing-tracerresolver-0.1.5.jar:/home/user/.m2/repository/io/opentracing/opentracing-util/0.31.0/opentracing-util-0.31.0.jar:/home/user/.m2/repository/io/opentracing/opentracing-api/0.31.0/opentracing-api-0.31.0.jar:/home/user/.m2/repository/io/opentracing/opentracing-noop/0.31.0/opentracing-noop-0.31.0.jar:/home/user/.m2/repository/org/yaml/snakeyaml/1.16/snakeyaml-1.16.jar:/home/user/.m2/repository/org/apache/hadoop/hadoop-hdds-container-service/0.5.0-SNAPSHOT/hadoop-hdds-container-service-0.5.0-SNAPSHOT.jar:/home/user/.m2/repository/org/apache/hadoop/hadoop-hdds-client/0.5.0-SNAPSHOT/hadoop-hdds-client-0.5.0-SNAPSHOT.jar:/home/user/.m2/repository/org/apache/hadoop/hadoop-hdds-tools/0.5.0-SNAPSHOT/hadoop-hdds-tools-0.5.0-SNAPSHOT.jar:/home/user/.m2/repository/org/xerial/sqlite-jdbc/3.25.2/sqlite-jdbc-3.25.2.jar:/home/user/.m2/repository/org/apache/hadoop/hadoop-hdds-server-scm/0.5.0-SNAPSHOT/hadoop-hdds-server-scm-0.5.0-SNAPSHOT.jar:/home/user/.m2/repository/org/hamcrest/hamcrest-all/1.3/hamcrest-all-1.3.jar:/home/user/.m2/repository/info/picocli/picocli/3.9.6/picocli-3.9.6.jar:/home/user/.m2/repository/com/google/protobuf/protobuf-java/2.5.0/protobuf-java-2.5.0.jar:/home/user/.m2/repository/com/google/guava/guava/11.0.2/guava-11.0.2.jar:/home/user/.m2/repository/org/apache/hadoop/hadoop-ozone-client/0.5.0-SNAPSHOT/hadoop-ozone-client-0.5.0-SNAPSHOT.jar:/workdir/hadoop-ozone/ozonefs/target/classes:/home/user/.m2/repository/org/apache/hadoop/hadoop-hdds-server-framework/0.5.0-SNAPSHOT/hadoop-hdds-server-framework-0.5.0-SNAPSHOT.jar:/home/user/.m2/repository/org/apache/hadoop/hadoop-common/3.2.0/hadoop-common-3.2.0.jar:/home/user/.m2/repository/org/apache/hadoop/hadoop-annotations/3.2.0/hadoop-annotations-3.2.0.jar:/usr/lib/jvm/java-1.8-openjdk/jre/../lib/tools.jar:/home/user/.m2/repository/commons-cli/commons-cli/1.2/commons-cli-1.2.jar:/home/user/.m2/repository/org/apache/commons/commons-math3/3.1.1/commons-math3-3.1.1.jar:/home/user/.m2/repository/org/apache/httpcomponents/httpclient/4.5.2/httpclient-4.5.2.jar:/home/user/.m2/repository/org/apache/httpcomponents/httpcore/4.4.4/httpcore-4.4.4.jar:/home/user/.m2/repository/commons-codec/commons-codec/1.11/commons-codec-1.11.jar:/home/user/.m2/repository/commons-io/commons-io/2.5/commons-io-2.5.jar:/home/user/.m2/repository/commons-net/commons-net/3.6/commons-net-3.6.jar:/home/user/.m2/repository/commons-collections/commons-collections/3.2.2/commons-collections-3.2.2.jar:/home/user/.m2/repository/javax/servlet/javax.servlet-api/3.1.0/javax.servlet-api-3.1.0.jar:/home/user/.m2/repository/org/eclipse/jetty/jetty-server/9.3.24.v20180605/jetty-server-9.3.24.v20180605.jar:/home/user/.m2/repository/org/eclipse/jetty/jetty-http/9.3.24.v20180605/jetty-http-9.3.24.v20180605.jar:/home/user/.m2/repository/org/eclipse/jetty/jetty-io/9.3.24.v20180605/jetty-io-9.3.24.v20180605.jar:/home/user/.m2/repository/org/eclipse/jetty/jetty-util/9.3.24.v20180605/jetty-util-9.3.24.v20180605.jar:/home/user/.m2/repository/org/eclipse/jetty/jetty-servlet/9.3.24.v20180605/jetty-servlet-9.3.24.v20180605.jar:/home/user/.m2/repository/org/eclipse/jetty/jetty-security/9.3.24.v20180605/jetty-security-9.3.24.v20180605.jar:/home/user/.m2/repository/org/eclipse/jetty/jetty-webapp/9.3.24.v20180605/jetty-webapp-9.3.24.v20180605.jar:/home/user/.m2/repository/org/eclipse/jetty/jetty-xml/9.3.24.v20180605/jetty-xml-9.3.24.v20180605.jar:/home/user/.m2/repository/javax/servlet/jsp/jsp-api/2.1/jsp-api-2.1.jar:/home/user/.m2/repository/com/sun/jersey/jersey-core/1.19/jersey-core-1.19.jar:/home/user/.m2/repository/javax/ws/rs/jsr311-api/1.1.1/jsr311-api-1.1.1.jar:/home/user/.m2/repository/com/sun/jersey/jersey-servlet/1.19/jersey-servlet-1.19.jar:/home/user/.m2/repository/com/sun/jersey/jersey-json/1.19/jersey-json-1.19.jar:/home/user/.m2/repository/org/codehaus/jettison/jettison/1.1/jettison-1.1.jar:/home/user/.m2/repository/com/sun/xml/bind/jaxb-impl/2.3.0.1/jaxb-impl-2.3.0.1.jar:/home/user/.m2/repository/org/codehaus/jackson/jackson-core-asl/1.9.13/jackson-core-asl-1.9.13.jar:/home/user/.m2/repository/org/codehaus/jackson/jackson-mapper-asl/1.9.13/jackson-mapper-asl-1.9.13.jar:/home/user/.m2/repository/org/codehaus/jackson/jackson-jaxrs/1.9.13/jackson-jaxrs-1.9.13.jar:/home/user/.m2/repository/org/codehaus/jackson/jackson-xc/1.9.13/jackson-xc-1.9.13.jar:/home/user/.m2/repository/com/sun/jersey/jersey-server/1.19/jersey-server-1.19.jar:/home/user/.m2/repository/commons-logging/commons-logging/1.1.3/commons-logging-1.1.3.jar:/home/user/.m2/repository/log4j/log4j/1.2.17/log4j-1.2.17.jar:/home/user/.m2/repository/commons-beanutils/commons-beanutils/1.9.3/commons-beanutils-1.9.3.jar:/home/user/.m2/repository/org/apache/commons/commons-configuration2/2.1.1/commons-configuration2-2.1.1.jar:/home/user/.m2/repository/org/apache/commons/commons-lang3/3.7/commons-lang3-3.7.jar:/home/user/.m2/repository/org/apache/commons/commons-text/1.4/commons-text-1.4.jar:/home/user/.m2/repository/org/slf4j/slf4j-api/1.7.25/slf4j-api-1.7.25.jar:/home/user/.m2/repository/org/slf4j/slf4j-log4j12/1.7.25/slf4j-log4j12-1.7.25.jar:/home/user/.m2/repository/org/apache/avro/avro/1.7.7/avro-1.7.7.jar:/home/user/.m2/repository/com/thoughtworks/paranamer/paranamer/2.3/paranamer-2.3.jar:/home/user/.m2/repository/org/xerial/snappy/snappy-java/1.0.5/snappy-java-1.0.5.jar:/home/user/.m2/repository/com/google/re2j/re2j/1.1/re2j-1.1.jar:/home/user/.m2/repository/com/google/code/gson/gson/2.2.4/gson-2.2.4.jar:/home/user/.m2/repository/org/apache/hadoop/hadoop-auth/3.2.0/hadoop-auth-3.2.0.jar:/home/user/.m2/repository/com/nimbusds/nimbus-jose-jwt/4.41.1/nimbus-jose-jwt-4.41.1.jar:/home/user/.m2/repository/com/github/stephenc/jcip/jcip-annotations/1.0-1/jcip-annotations-1.0-1.jar:/home/user/.m2/repository/net/minidev/json-smart/2.3/json-smart-2.3.jar:/home/user/.m2/repository/net/minidev/accessors-smart/1.2/accessors-smart-1.2.jar:/home/user/.m2/repository/org/apache/curator/curator-framework/2.12.0/curator-framework-2.12.0.jar:/home/user/.m2/repository/com/jcraft/jsch/0.1.54/jsch-0.1.54.jar:/home/user/.m2/repository/org/apache/curator/curator-client/2.12.0/curator-client-2.12.0.jar:/home/user/.m2/repository/org/apache/curator/curator-recipes/2.12.0/curator-recipes-2.12.0.jar:/home/user/.m2/repository/com/google/code/findbugs/jsr305/3.0.0/jsr305-3.0.0.jar:/home/user/.m2/repository/org/apache/htrace/htrace-core4/4.1.0-incubating/htrace-core4-4.1.0-incubating.jar:/home/user/.m2/repository/org/apache/zookeeper/zookeeper/3.4.13/zookeeper-3.4.13.jar:/home/user/.m2/repository/org/apache/yetus/audience-annotations/0.5.0/audience-annotations-0.5.0.jar:/home/user/.m2/repository/org/apache/kerby/kerb-simplekdc/1.0.1/kerb-simplekdc-1.0.1.jar:/home/user/.m2/repository/org/apache/kerby/kerb-client/1.0.1/kerb-client-1.0.1.jar:/home/user/.m2/repository/org/apache/kerby/kerby-config/1.0.1/kerby-config-1.0.1.jar:/home/user/.m2/repository/org/apache/kerby/kerb-core/1.0.1/kerb-core-1.0.1.jar:/home/user/.m2/repository/org/apache/kerby/kerby-pkix/1.0.1/kerby-pkix-1.0.1.jar:/home/user/.m2/repository/org/apache/kerby/kerby-asn1/1.0.1/kerby-asn1-1.0.1.jar:/home/user/.m2/repository/org/apache/kerby/kerby-util/1.0.1/kerby-util-1.0.1.jar:/home/user/.m2/repository/org/apache/kerby/kerb-common/1.0.1/kerb-common-1.0.1.jar:/home/user/.m2/repository/org/apache/kerby/kerb-crypto/1.0.1/kerb-crypto-1.0.1.jar:/home/user/.m2/repository/org/apache/kerby/kerb-util/1.0.1/kerb-util-1.0.1.jar:/home/user/.m2/repository/org/apache/kerby/token-provider/1.0.1/token-provider-1.0.1.jar:/home/user/.m2/repository/org/apache/kerby/kerb-admin/1.0.1/kerb-admin-1.0.1.jar:/home/user/.m2/repository/org/apache/kerby/kerb-server/1.0.1/kerb-server-1.0.1.jar:/home/user/.m2/repository/org/apache/kerby/kerb-identity/1.0.1/kerb-identity-1.0.1.jar:/home/user/.m2/repository/org/apache/kerby/kerby-xdr/1.0.1/kerby-xdr-1.0.1.jar:/home/user/.m2/repository/com/fasterxml/jackson/core/jackson-databind/2.9.5/jackson-databind-2.9.5.jar:/home/user/.m2/repository/com/fasterxml/jackson/core/jackson-core/2.9.5/jackson-core-2.9.5.jar:/home/user/.m2/repository/org/codehaus/woodstox/stax2-api/3.1.4/stax2-api-3.1.4.jar:/home/user/.m2/repository/com/fasterxml/woodstox/woodstox-core/5.0.3/woodstox-core-5.0.3.jar:/home/user/.m2/repository/dnsjava/dnsjava/2.1.7/dnsjava-2.1.7.jar:/home/user/.m2/repository/org/apache/hadoop/hadoop-hdfs/3.2.0/hadoop-hdfs-3.2.0.jar:/home/user/.m2/repository/org/eclipse/jetty/jetty-util-ajax/9.3.24.v20180605/jetty-util-ajax-9.3.24.v20180605.jar:/home/user/.m2/repository/commons-daemon/commons-daemon/1.0.13/commons-daemon-1.0.13.jar:/home/user/.m2/repository/io/netty/netty/3.10.5.Final/netty-3.10.5.Final.jar:/home/user/.m2/repository/io/netty/netty-all/4.0.52.Final/netty-all-4.0.52.Final.jar:/home/user/.m2/repository/org/fusesource/leveldbjni/leveldbjni-all/1.8/leveldbjni-all-1.8.jar:/home/user/.m2/repository/com/sun/xml/bind/jaxb-core/2.3.0.1/jaxb-core-2.3.0.1.jar:/home/user/.m2/repository/javax/xml/bind/jaxb-api/2.3.0/jaxb-api-2.3.0.jar:/home/user/.m2/repository/javax/activation/activation/1.1.1/activation-1.1.1.jar:/home/user/.m2/repository/io/dropwizard/metrics/metrics-core/3.2.4/metrics-core-3.2.4.jar:/home/user/.m2/repository/org/openjdk/jmh/jmh-core/1.19/jmh-core-1.19.jar:/home/user/.m2/repository/net/sf/jopt-simple/jopt-simple/4.6/jopt-simple-4.6.jar:/home/user/.m2/repository/org/openjdk/jmh/jmh-generator-annprocess/1.19/jmh-generator-annprocess-1.19.jar:/home/user/.m2/repository/com/google/code/findbugs/findbugs/3.0.1/findbugs-3.0.1.jar:/home/user/.m2/repository/net/jcip/jcip-annotations/1.0/jcip-annotations-1.0.jar:/home/user/.m2/repository/com/google/code/findbugs/bcel-findbugs/6.0/bcel-findbugs-6.0.jar:/home/user/.m2/repository/com/google/code/findbugs/jFormatString/2.0.1/jFormatString-2.0.1.jar:/home/user/.m2/repository/dom4j/dom4j/1.6.1/dom4j-1.6.1.jar:/home/user/.m2/repository/xml-apis/xml-apis/1.0.b2/xml-apis-1.0.b2.jar:/home/user/.m2/repository/org/ow2/asm/asm-debug-all/5.0.2/asm-debug-all-5.0.2.jar:/home/user/.m2/repository/org/ow2/asm/asm-commons/5.0.2/asm-commons-5.0.2.jar:/home/user/.m2/repository/org/ow2/asm/asm-tree/5.0.2/asm-tree-5.0.2.jar:/home/user/.m2/repository/org/ow2/asm/asm/5.0.4/asm-5.0.4.jar:/home/user/.m2/repository/commons-lang/commons-lang/2.6/commons-lang-2.6.jar:/home/user/.m2/repository/com/apple/AppleJavaExtensions/1.4/AppleJavaExtensions-1.4.jar:/home/user/.m2/repository/jaxen/jaxen/1.1.6/jaxen-1.1.6.jar:/home/user/.m2/repository/junit/junit/4.11/junit-4.11.jar:/home/user/.m2/repository/org/hamcrest/hamcrest-core/1.3/hamcrest-core-1.3.jar:/home/user/.m2/repository/org/apache/hadoop/hadoop-common/3.2.0/hadoop-common-3.2.0-tests.jar:/workdir/hadoop-ozone/integration-test/target/test-classes:/home/user/.m2/repository/org/apache/hadoop/hadoop-ozone-objectstore-service/0.5.0-SNAPSHOT/hadoop-ozone-objectstore-service-0.5.0-SNAPSHOT.jar:/home/user/.m2/repository/org/apache/hadoop/hadoop-ozone-s3gateway/0.5.0-SNAPSHOT/hadoop-ozone-s3gateway-0.5.0-SNAPSHOT.jar:/home/user/.m2/repository/org/jboss/weld/servlet/weld-servlet/2.4.7.Final/weld-servlet-2.4.7.Final.jar:/home/user/.m2/repository/org/glassfish/jersey/containers/jersey-container-servlet-core/2.27/jersey-container-servlet-core-2.27.jar:/home/user/.m2/repository/org/glassfish/hk2/external/javax.inject/2.5.0-b42/javax.inject-2.5.0-b42.jar:/home/user/.m2/repository/org/glassfish/jersey/core/jersey-common/2.27/jersey-common-2.27.jar:/home/user/.m2/repository/org/glassfish/hk2/osgi-resource-locator/1.0.1/osgi-resource-locator-1.0.1.jar:/home/user/.m2/repository/javax/ws/rs/javax.ws.rs-api/2.1/javax.ws.rs-api-2.1.jar:/home/user/.m2/repository/org/glassfish/jersey/ext/cdi/jersey-cdi1x/2.27/jersey-cdi1x-2.27.jar:/home/user/.m2/repository/org/glassfish/jersey/inject/jersey-hk2/2.27/jersey-hk2-2.27.jar:/home/user/.m2/repository/org/glassfish/hk2/hk2-locator/2.5.0-b42/hk2-locator-2.5.0-b42.jar:/home/user/.m2/repository/org/javassist/javassist/3.22.0-CR2/javassist-3.22.0-CR2.jar:/home/user/.m2/repository/org/glassfish/hk2/hk2-api/2.5.0/hk2-api-2.5.0.jar:/home/user/.m2/repository/org/glassfish/hk2/external/jakarta.inject/2.5.0/jakarta.inject-2.5.0.jar:/home/user/.m2/repository/org/glassfish/hk2/hk2-utils/2.5.0/hk2-utils-2.5.0.jar:/home/user/.m2/repository/jakarta/annotation/jakarta.annotation-api/1.3.4/jakarta.annotation-api-1.3.4.jar:/home/user/.m2/repository/org/glassfish/hk2/external/aopalliance-repackaged/2.5.0/aopalliance-repackaged-2.5.0.jar:/home/user/.m2/repository/com/fasterxml/jackson/dataformat/jackson-dataformat-xml/2.9.0/jackson-dataformat-xml-2.9.0.jar:/home/user/.m2/repository/com/fasterxml/jackson/module/jackson-module-jaxb-annotations/2.9.5/jackson-module-jaxb-annotations-2.9.5.jar:/home/user/.m2/repository/javax/enterprise/cdi-api/1.2/cdi-api-1.2.jar:/home/user/.m2/repository/javax/el/javax.el-api/3.0.0/javax.el-api-3.0.0.jar:/home/user/.m2/repository/javax/interceptor/javax.interceptor-api/1.2/javax.interceptor-api-1.2.jar:/home/user/.m2/repository/javax/inject/javax.inject/1/javax.inject-1.jar:/home/user/.m2/repository/org/apache/hadoop/hadoop-ozone-csi/0.5.0-SNAPSHOT/hadoop-ozone-csi-0.5.0-SNAPSHOT.jar:/home/user/.m2/repository/com/google/protobuf/protobuf-java-util/3.5.1/protobuf-java-util-3.5.1.jar:/home/user/.m2/repository/io/grpc/grpc-netty/1.17.1/grpc-netty-1.17.1.jar:/home/user/.m2/repository/io/grpc/grpc-core/1.17.1/grpc-core-1.17.1.jar:/home/user/.m2/repository/io/grpc/grpc-context/1.17.1/grpc-context-1.17.1.jar:/home/user/.m2/repository/com/google/errorprone/error_prone_annotations/2.2.0/error_prone_annotations-2.2.0.jar:/home/user/.m2/repository/org/codehaus/mojo/animal-sniffer-annotations/1.17/animal-sniffer-annotations-1.17.jar:/home/user/.m2/repository/io/opencensus/opencensus-api/0.17.0/opencensus-api-0.17.0.jar:/home/user/.m2/repository/io/opencensus/opencensus-contrib-grpc-metrics/0.17.0/opencensus-contrib-grpc-metrics-0.17.0.jar:/home/user/.m2/repository/io/netty/netty-codec-http2/4.1.30.Final/netty-codec-http2-4.1.30.Final.jar:/home/user/.m2/repository/io/netty/netty-codec-http/4.1.30.Final/netty-codec-http-4.1.30.Final.jar:/home/user/.m2/repository/io/netty/netty-codec/4.1.30.Final/netty-codec-4.1.30.Final.jar:/home/user/.m2/repository/io/netty/netty-handler/4.1.30.Final/netty-handler-4.1.30.Final.jar:/home/user/.m2/repository/io/netty/netty-handler-proxy/4.1.30.Final/netty-handler-proxy-4.1.30.Final.jar:/home/user/.m2/repository/io/netty/netty-codec-socks/4.1.30.Final/netty-codec-socks-4.1.30.Final.jar:/home/user/.m2/repository/io/netty/netty-transport-native-epoll/4.1.30.Final/netty-transport-native-epoll-4.1.30.Final.jar:/home/user/.m2/repository/io/netty/netty-common/4.1.30.Final/netty-common-4.1.30.Final.jar:/home/user/.m2/repository/io/netty/netty-buffer/4.1.30.Final/netty-buffer-4.1.30.Final.jar:/home/user/.m2/repository/io/netty/netty-transport/4.1.30.Final/netty-transport-4.1.30.Final.jar:/home/user/.m2/repository/io/netty/netty-resolver/4.1.30.Final/netty-resolver-4.1.30.Final.jar:/home/user/.m2/repository/io/netty/netty-transport-native-unix-common/4.1.30.Final/netty-transport-native-unix-common-4.1.30.Final.jar:/home/user/.m2/repository/io/grpc/grpc-protobuf/1.17.1/grpc-protobuf-1.17.1.jar:/home/user/.m2/repository/com/google/api/grpc/proto-google-common-protos/1.0.0/proto-google-common-protos-1.0.0.jar:/home/user/.m2/repository/io/grpc/grpc-protobuf-lite/1.17.1/grpc-protobuf-lite-1.17.1.jar:/home/user/.m2/repository/io/grpc/grpc-stub/1.17.1/grpc-stub-1.17.1.jar:/home/user/.m2/repository/org/apache/hadoop/hadoop-ozone-recon/0.5.0-SNAPSHOT/hadoop-ozone-recon-0.5.0-SNAPSHOT.jar:/home/user/.m2/repository/org/apache/hadoop/hadoop-ozone-reconcodegen/0.5.0-SNAPSHOT/hadoop-ozone-reconcodegen-0.5.0-SNAPSHOT.jar:/home/user/.m2/repository/com/google/inject/extensions/guice-multibindings/4.0/guice-multibindings-4.0.jar:/home/user/.m2/repository/com/google/inject/guice/4.0/guice-4.0.jar:/home/user/.m2/repository/aopalliance/aopalliance/1.0/aopalliance-1.0.jar:/home/user/.m2/repository/com/google/inject/extensions/guice-servlet/4.0/guice-servlet-4.0.jar:/home/user/.m2/repository/org/glassfish/jersey/containers/jersey-container-servlet/2.27/jersey-container-servlet-2.27.jar:/home/user/.m2/repository/org/glassfish/hk2/guice-bridge/2.5.0/guice-bridge-2.5.0.jar:/home/user/.m2/repository/org/glassfish/jersey/core/jersey-server/2.27/jersey-server-2.27.jar:/home/user/.m2/repository/org/glassfish/jersey/core/jersey-client/2.27/jersey-client-2.27.jar:/home/user/.m2/repository/org/glassfish/jersey/media/jersey-media-jaxb/2.27/jersey-media-jaxb-2.27.jar:/home/user/.m2/repository/javax/validation/validation-api/1.1.0.Final/validation-api-1.1.0.Final.jar:/home/user/.m2/repository/org/glassfish/jersey/media/jersey-media-json-jackson/2.27/jersey-media-json-jackson-2.27.jar:/home/user/.m2/repository/org/glassfish/jersey/ext/jersey-entity-filtering/2.27/jersey-entity-filtering-2.27.jar:/home/user/.m2/repository/com/google/inject/extensions/guice-assistedinject/4.0/guice-assistedinject-4.0.jar:/home/user/.m2/repository/org/jooq/jooq/3.11.10/jooq-3.11.10.jar:/home/user/.m2/repository/org/jooq/jooq-meta/3.11.10/jooq-meta-3.11.10.jar:/home/user/.m2/repository/org/jooq/jooq-codegen/3.11.10/jooq-codegen-3.11.10.jar:/home/user/.m2/repository/com/jolbox/bonecp/0.8.0.RELEASE/bonecp-0.8.0.RELEASE.jar:/home/user/.m2/repository/org/springframework/spring-jdbc/5.1.3.RELEASE/spring-jdbc-5.1.3.RELEASE.jar:/home/user/.m2/repository/org/springframework/spring-beans/5.1.3.RELEASE/spring-beans-5.1.3.RELEASE.jar:/home/user/.m2/repository/org/springframework/spring-core/5.1.3.RELEASE/spring-core-5.1.3.RELEASE.jar:/home/user/.m2/repository/org/springframework/spring-jcl/5.1.3.RELEASE/spring-jcl-5.1.3.RELEASE.jar:/home/user/.m2/repository/org/springframework/spring-tx/5.1.3.RELEASE/spring-tx-5.1.3.RELEASE.jar:/home/user/.m2/repository/org/mockito/mockito-core/2.15.0/mockito-core-2.15.0.jar:/home/user/.m2/repository/net/bytebuddy/byte-buddy/1.7.9/byte-buddy-1.7.9.jar:/home/user/.m2/repository/net/bytebuddy/byte-buddy-agent/1.7.9/byte-buddy-agent-1.7.9.jar:/home/user/.m2/repository/org/objenesis/objenesis/1.0/objenesis-1.0.jar:"/>
    <property name="sun.cpu.endian" value="little"/>
    <property name="user.home" value="/home/user"/>
    <property name="user.language" value="en"/>
    <property name="java.specification.vendor" value="Oracle Corporation"/>
    <property name="java.home" value="/usr/lib/jvm/java-1.8-openjdk/jre"/>
    <property name="java.security.krb5.conf" value="/workdir/hadoop-ozone/tools/target/test-classes/krb5.conf"/>
    <property name="basedir" value="/workdir/hadoop-ozone/tools"/>
    <property name="file.separator" value="/"/>
    <property name="line.separator" value="&#10;"/>
    <property name="java.vm.specification.vendor" value="Oracle Corporation"/>
    <property name="java.specification.name" value="Java Platform API Specification"/>
    <property name="java.awt.graphicsenv" value="sun.awt.X11GraphicsEnvironment"/>
    <property name="surefire.real.class.path" value="/workdir/hadoop-ozone/tools/target/surefire/surefirebooter9083630879877607072.jar"/>
    <property name="hadoop.log.dir" value="/workdir/hadoop-ozone/tools/target/log"/>
    <property name="sun.boot.class.path" value="/usr/lib/jvm/java-1.8-openjdk/jre/lib/resources.jar:/usr/lib/jvm/java-1.8-openjdk/jre/lib/rt.jar:/usr/lib/jvm/java-1.8-openjdk/jre/lib/sunrsasign.jar:/usr/lib/jvm/java-1.8-openjdk/jre/lib/jsse.jar:/usr/lib/jvm/java-1.8-openjdk/jre/lib/jce.jar:/usr/lib/jvm/java-1.8-openjdk/jre/lib/charsets.jar:/usr/lib/jvm/java-1.8-openjdk/jre/lib/jfr.jar:/usr/lib/jvm/java-1.8-openjdk/jre/classes"/>
    <property name="sun.management.compiler" value="HotSpot 64-Bit Tiered Compilers"/>
    <property name="java.runtime.version" value="1.8.0_212-b04"/>
    <property name="java.net.preferIPv4Stack" value="true"/>
    <property name="user.name" value="jenkins1000"/>
    <property name="path.separator" value=":"/>
    <property name="java.security.egd" value="file:///dev/urandom"/>
    <property name="os.version" value="3.10.0-957.12.2.el7.x86_64"/>
    <property name="java.endorsed.dirs" value="/usr/lib/jvm/java-1.8-openjdk/jre/lib/endorsed"/>
    <property name="java.runtime.name" value="OpenJDK Runtime Environment"/>
    <property name="file.encoding" value="UTF-8"/>
    <property name="java.vm.name" value="OpenJDK 64-Bit Server VM"/>
    <property name="test.build.webapps" value=""/>
    <property name="localRepository" value="/home/user/.m2/repository"/>
    <property name="java.vendor.url.bug" value="https://icedtea.classpath.org/bugzilla"/>
    <property name="java.io.tmpdir" value="/tmp"/>
    <property name="require.test.libhadoop" value=""/>
    <property name="java.version" value="1.8.0_212"/>
    <property name="user.dir" value="/workdir/hadoop-ozone/tools"/>
    <property name="os.arch" value="amd64"/>
    <property name="java.vm.specification.name" value="Java Virtual Machine Specification"/>
    <property name="test.build.classes" value="/workdir/hadoop-ozone/tools/target/test-classes"/>
    <property name="java.awt.printerjob" value="sun.print.PSPrinterJob"/>
    <property name="sun.os.patch.level" value="unknown"/>
    <property name="hadoop.tmp.dir" value="/workdir/hadoop-ozone/tools/target/tmp"/>
    <property name="java.library.path" value="/usr/lib/jvm/java-1.8-openjdk/jre/lib/amd64/server:/usr/lib/jvm/java-1.8-openjdk/jre/lib/amd64:/usr/lib/jvm/java-1.8-openjdk/jre/../lib/amd64:/workdir/hadoop-ozone/tools/target/native/target/usr/local/lib:/workdir/hadoop-ozone/tools/../../hadoop-common-project/hadoop-common/target/native/target/usr/local/lib:/usr/java/packages/lib/amd64:/usr/lib64:/lib64:/lib:/usr/lib"/>
    <property name="java.vm.info" value="mixed mode"/>
    <property name="java.vendor" value="IcedTea"/>
    <property name="java.vm.version" value="25.212-b04"/>
    <property name="java.ext.dirs" value="/usr/lib/jvm/java-1.8-openjdk/jre/lib/ext:/usr/java/packages/lib/ext"/>
    <property name="sun.io.unicode.encoding" value="UnicodeLittle"/>
    <property name="java.class.version" value="52.0"/>
  </properties>
  <testcase name="ratisTestLargeKey" classname="org.apache.hadoop.ozone.freon.TestDataValidateWithSafeByteOperations" time="10.55">
    <error message="Allocated 0 blocks. Requested 5 blocks" type="INTERNAL_ERROR org.apache.hadoop.ozone.om.exceptions.OMException">INTERNAL_ERROR org.apache.hadoop.ozone.om.exceptions.OMException: Allocated 0 blocks. Requested 5 blocks
	at org.apache.hadoop.ozone.om.protocolPB.OzoneManagerProtocolClientSideTranslatorPB.handleError(OzoneManagerProtocolClientSideTranslatorPB.java:725)
	at org.apache.hadoop.ozone.om.protocolPB.OzoneManagerProtocolClientSideTranslatorPB.openKey(OzoneManagerProtocolClientSideTranslatorPB.java:716)
	at org.apache.hadoop.ozone.client.rpc.RpcClient.createKey(RpcClient.java:615)
	at org.apache.hadoop.ozone.client.OzoneBucket.createKey(OzoneBucket.java:323)
	at org.apache.hadoop.ozone.freon.RandomKeyGenerator.createKey(RandomKeyGenerator.java:686)
	at org.apache.hadoop.ozone.freon.RandomKeyGenerator.access$1100(RandomKeyGenerator.java:87)
	at org.apache.hadoop.ozone.freon.RandomKeyGenerator$ObjectCreator.run(RandomKeyGenerator.java:606)
	at java.util.concurrent.Executors$RunnableAdapter.call(Executors.java:511)
	at java.util.concurrent.FutureTask.run(FutureTask.java:266)
	at java.util.concurrent.ThreadPoolExecutor.runWorker(ThreadPoolExecutor.java:1149)
	at java.util.concurrent.ThreadPoolExecutor$Worker.run(ThreadPoolExecutor.java:624)
	at java.lang.Thread.run(Thread.java:748)
</error>
    <system-out><![CDATA[2019-09-19 16:57:56,313 [main] WARN  server.ServerUtils (ServerUtils.java:getScmDbDir(145)) - ozone.scm.db.dirs is not configured. We recommend adding this setting. Falling back to ozone.metadata.dirs instead.
2019-09-19 16:57:56,440 [main] WARN  server.ServerUtils (ServerUtils.java:getScmDbDir(145)) - ozone.scm.db.dirs is not configured. We recommend adding this setting. Falling back to ozone.metadata.dirs instead.
2019-09-19 16:57:56,443 [main] WARN  server.ServerUtils (ServerUtils.java:getScmDbDir(145)) - ozone.scm.db.dirs is not configured. We recommend adding this setting. Falling back to ozone.metadata.dirs instead.
2019-09-19 16:57:56,461 [main] INFO  util.log (Log.java:initialized(192)) - Logging initialized @930ms
2019-09-19 16:57:56,577 [main] INFO  db.DBStoreBuilder (DBStoreBuilder.java:addTable(110)) - using custom profile for table: deletedBlocks
2019-09-19 16:57:56,578 [main] INFO  db.DBStoreBuilder (DBStoreBuilder.java:processTables(161)) - Using default column profile:DBProfile.DISK for Table:deletedBlocks
2019-09-19 16:57:56,579 [main] INFO  db.DBStoreBuilder (DBStoreBuilder.java:addTable(110)) - using custom profile for table: validCerts
2019-09-19 16:57:56,580 [main] INFO  db.DBStoreBuilder (DBStoreBuilder.java:processTables(161)) - Using default column profile:DBProfile.DISK for Table:validCerts
2019-09-19 16:57:56,580 [main] INFO  db.DBStoreBuilder (DBStoreBuilder.java:addTable(110)) - using custom profile for table: revokedCerts
2019-09-19 16:57:56,580 [main] INFO  db.DBStoreBuilder (DBStoreBuilder.java:processTables(161)) - Using default column profile:DBProfile.DISK for Table:revokedCerts
2019-09-19 16:57:56,595 [main] INFO  db.DBStoreBuilder (DBStoreBuilder.java:addTable(110)) - using custom profile for table: default
2019-09-19 16:57:56,595 [main] INFO  db.DBStoreBuilder (DBStoreBuilder.java:processTables(167)) - Using default column profile:DBProfile.DISK for Table:default
2019-09-19 16:57:56,597 [main] INFO  db.DBStoreBuilder (DBStoreBuilder.java:getDbProfile(198)) - Using default options. DBProfile.DISK
2019-09-19 16:57:56,803 [main] INFO  net.NodeSchemaLoader (NodeSchemaLoader.java:loadSchemaFromFile(125)) - Loading file from sun.misc.CompoundEnumeration@3835c46
2019-09-19 16:57:56,806 [main] INFO  net.NodeSchemaLoader (NodeSchemaLoader.java:loadSchema(171)) - Loading network topology layer schema file
2019-09-19 16:57:56,888 [main] WARN  server.ServerUtils (ServerUtils.java:sanitizeUserArgs(70)) - ozone.scm.stale.node.interval value = 300000 is larger than max = 100000 based on the key value of ozone.scm.heartbeat.thread.interval, reset to the max value 100000.
2019-09-19 16:57:56,892 [main] WARN  server.ServerUtils (ServerUtils.java:sanitizeUserArgs(70)) - ozone.scm.stale.node.interval value = 300000 is larger than max = 100000 based on the key value of ozone.scm.heartbeat.thread.interval, reset to the max value 100000.
2019-09-19 16:57:56,896 [main] INFO  node.SCMNodeManager (SCMNodeManager.java:<init>(121)) - Entering startup safe mode.
2019-09-19 16:57:57,014 [main] INFO  algorithms.ContainerPlacementPolicyFactory (ContainerPlacementPolicyFactory.java:getPolicy(56)) - Create container placement policy of type org.apache.hadoop.hdds.scm.container.placement.algorithms.SCMContainerPlacementRandom
2019-09-19 16:57:57,034 [main] WARN  server.ServerUtils (ServerUtils.java:getScmDbDir(145)) - ozone.scm.db.dirs is not configured. We recommend adding this setting. Falling back to ozone.metadata.dirs instead.
2019-09-19 16:57:57,099 [main] INFO  pipeline.SCMPipelineManager (SCMPipelineManager.java:initializePipelineState(126)) - No pipeline exists in current db
2019-09-19 16:57:57,102 [main] WARN  server.ServerUtils (ServerUtils.java:getScmDbDir(145)) - ozone.scm.db.dirs is not configured. We recommend adding this setting. Falling back to ozone.metadata.dirs instead.
2019-09-19 16:57:57,240 [main] WARN  events.EventQueue (EventQueue.java:fireEvent(175)) - No event handler registered for event TypedEvent{payloadType=SafeModeStatus, name='SafeModeStatus'}
2019-09-19 16:57:57,823 [main] INFO  ipc.CallQueueManager (CallQueueManager.java:<init>(84)) - Using callQueue: class java.util.concurrent.LinkedBlockingQueue, queueCapacity: 2000, scheduler: class org.apache.hadoop.ipc.DefaultRpcScheduler, ipcBackoff: false.
2019-09-19 16:57:58,236 [Socket Reader #1 for port 35928] INFO  ipc.Server (Server.java:run(1074)) - Starting Socket Reader #1 for port 35928
2019-09-19 16:57:58,272 [main] INFO  ipc.CallQueueManager (CallQueueManager.java:<init>(84)) - Using callQueue: class java.util.concurrent.LinkedBlockingQueue, queueCapacity: 2000, scheduler: class org.apache.hadoop.ipc.DefaultRpcScheduler, ipcBackoff: false.
2019-09-19 16:57:58,273 [Socket Reader #1 for port 42928] INFO  ipc.Server (Server.java:run(1074)) - Starting Socket Reader #1 for port 42928
2019-09-19 16:57:58,283 [main] INFO  ipc.CallQueueManager (CallQueueManager.java:<init>(84)) - Using callQueue: class java.util.concurrent.LinkedBlockingQueue, queueCapacity: 2000, scheduler: class org.apache.hadoop.ipc.DefaultRpcScheduler, ipcBackoff: false.
2019-09-19 16:57:58,284 [Socket Reader #1 for port 43978] INFO  ipc.Server (Server.java:run(1074)) - Starting Socket Reader #1 for port 43978
2019-09-19 16:57:58,310 [main] INFO  hdfs.DFSUtil (DFSUtil.java:httpServerTemplateForNNAndJN(1641)) - Starting Web-server for scm at: http://0.0.0.0:0
2019-09-19 16:57:58,469 [main] INFO  server.AuthenticationFilter (AuthenticationFilter.java:constructSecretProvider(240)) - Unable to initialize FileSignerSecretProvider, falling back to use random secrets.
2019-09-19 16:57:58,491 [main] WARN  http.HttpRequestLog (HttpRequestLog.java:getRequestLog(97)) - Jetty request log can only be enabled using Log4j
2019-09-19 16:57:58,503 [main] INFO  http.HttpServer2 (HttpServer2.java:addGlobalFilter(975)) - Added global filter 'safety' (class=org.apache.hadoop.http.HttpServer2$QuotingInputFilter)
2019-09-19 16:57:58,507 [main] INFO  http.HttpServer2 (HttpServer2.java:addFilter(948)) - Added filter static_user_filter (class=org.apache.hadoop.http.lib.StaticUserWebFilter$StaticUserFilter) to context scm
2019-09-19 16:57:58,507 [main] INFO  http.HttpServer2 (HttpServer2.java:addFilter(958)) - Added filter static_user_filter (class=org.apache.hadoop.http.lib.StaticUserWebFilter$StaticUserFilter) to context logs
2019-09-19 16:57:58,508 [main] INFO  http.HttpServer2 (HttpServer2.java:addFilter(958)) - Added filter static_user_filter (class=org.apache.hadoop.http.lib.StaticUserWebFilter$StaticUserFilter) to context static
2019-09-19 16:57:58,538 [main] INFO  server.StorageContainerManager (StorageContainerManager.java:start(759)) - StorageContainerLocationProtocol RPC server is listening at /0.0.0.0:43978
2019-09-19 16:57:58,595 [main] WARN  impl.MetricsConfig (MetricsConfig.java:loadFirst(134)) - Cannot locate configuration: tried hadoop-metrics2-storagecontainermanager.properties,hadoop-metrics2.properties
2019-09-19 16:57:58,609 [main] INFO  impl.MetricsSystemImpl (MetricsSystemImpl.java:startTimer(374)) - Scheduled Metric snapshot period at 10 second(s).
2019-09-19 16:57:58,609 [main] INFO  impl.MetricsSystemImpl (MetricsSystemImpl.java:start(191)) - StorageContainerManager metrics system started
2019-09-19 16:57:58,856 [main] INFO  server.SCMClientProtocolServer (SCMClientProtocolServer.java:start(151)) - RPC server for Client  is listening at /0.0.0.0:43978
2019-09-19 16:57:58,856 [IPC Server Responder] INFO  ipc.Server (Server.java:run(1314)) - IPC Server Responder: starting
2019-09-19 16:57:58,856 [IPC Server listener on 43978] INFO  ipc.Server (Server.java:run(1153)) - IPC Server listener on 43978: starting
2019-09-19 16:57:58,860 [main] INFO  server.StorageContainerManager (StorageContainerManager.java:start(769)) - ScmBlockLocationProtocol RPC server is listening at /0.0.0.0:42928
2019-09-19 16:57:58,860 [main] INFO  server.SCMBlockProtocolServer (SCMBlockProtocolServer.java:start(140)) - RPC server for Block Protocol is listening at /0.0.0.0:42928
2019-09-19 16:57:58,861 [IPC Server Responder] INFO  ipc.Server (Server.java:run(1314)) - IPC Server Responder: starting
2019-09-19 16:57:58,861 [IPC Server listener on 42928] INFO  ipc.Server (Server.java:run(1153)) - IPC Server listener on 42928: starting
2019-09-19 16:57:58,863 [main] INFO  server.StorageContainerManager (StorageContainerManager.java:start(773)) - ScmDatanodeProtocl RPC server is listening at /0.0.0.0:35928
2019-09-19 16:57:58,864 [main] INFO  server.SCMDatanodeProtocolServer (SCMDatanodeProtocolServer.java:start(191)) - RPC server for DataNodes is listening at /0.0.0.0:35928
2019-09-19 16:57:58,864 [IPC Server Responder] INFO  ipc.Server (Server.java:run(1314)) - IPC Server Responder: starting
2019-09-19 16:57:58,864 [IPC Server listener on 35928] INFO  ipc.Server (Server.java:run(1153)) - IPC Server listener on 35928: starting
2019-09-19 16:57:58,869 [main] INFO  http.HttpServer2 (HttpServer2.java:bindListener(1191)) - Jetty bound to port 44666
2019-09-19 16:57:58,870 [main] INFO  server.Server (Server.java:doStart(351)) - jetty-9.3.24.v20180605, build timestamp: 2018-06-05T17:11:56Z, git hash: 84205aa28f11a4f31f2a3b86d1bba2cc8ab69827
2019-09-19 16:57:58,906 [main] INFO  handler.ContextHandler (ContextHandler.java:doStart(781)) - Started o.e.j.s.ServletContextHandler@4e70a728{/logs,file:///workdir/hadoop-ozone/tools/target/log,AVAILABLE}
2019-09-19 16:57:58,906 [main] INFO  handler.ContextHandler (ContextHandler.java:doStart(781)) - Started o.e.j.s.ServletContextHandler@1c3146bc{/static,jar:file:/home/user/.m2/repository/org/apache/hadoop/hadoop-hdds-server-scm/0.5.0-SNAPSHOT/hadoop-hdds-server-scm-0.5.0-SNAPSHOT.jar!/webapps/static,AVAILABLE}
2019-09-19 16:57:58,980 [main] INFO  handler.ContextHandler (ContextHandler.java:doStart(781)) - Started o.e.j.w.WebAppContext@72efb5c1{/,file:///tmp/jetty-0.0.0.0-44666-scm-_-any-6624739749128782931.dir/webapp/,AVAILABLE}{/scm}
2019-09-19 16:57:58,986 [main] INFO  server.AbstractConnector (AbstractConnector.java:doStart(278)) - Started ServerConnector@7a0e1b5e{HTTP/1.1,[http/1.1]}{0.0.0.0:44666}
2019-09-19 16:57:58,986 [main] INFO  server.Server (Server.java:doStart(419)) - Started @3455ms
2019-09-19 16:57:58,988 [main] INFO  server.BaseHttpServer (BaseHttpServer.java:updateConnectorAddress(213)) - HTTP server of SCM is listening at http://0.0.0.0:44666
2019-09-19 16:57:58,997 [org.apache.hadoop.util.JvmPauseMonitor$Monitor@15bcf458] INFO  util.JvmPauseMonitor (JvmPauseMonitor.java:run(188)) - Starting JVM pause monitor
2019-09-19 16:57:59,003 [main] WARN  server.ServerUtils (ServerUtils.java:getDBPath(222)) - ozone.om.db.dirs is not configured. We recommend adding this setting. Falling back to ozone.metadata.dirs instead.
2019-09-19 16:57:59,119 [main] WARN  server.ServerUtils (ServerUtils.java:getDBPath(222)) - ozone.om.db.dirs is not configured. We recommend adding this setting. Falling back to ozone.metadata.dirs instead.
2019-09-19 16:57:59,120 [main] WARN  server.ServerUtils (ServerUtils.java:getDBPath(222)) - ozone.om.db.dirs is not configured. We recommend adding this setting. Falling back to ozone.metadata.dirs instead.
2019-09-19 16:57:59,121 [main] INFO  om.OzoneManager (OzoneManager.java:setOMNodeDetails(645)) - OM Service ID is not set. Setting it to the default ID: omServiceIdDefault
2019-09-19 16:57:59,121 [main] INFO  om.OzoneManager (OzoneManager.java:setOMNodeDetails(651)) - OM Node ID is not set. Setting it to the OmStorage's OmID: 2974780c-d6de-4d42-bdb1-00fcce2214f5
2019-09-19 16:57:59,122 [main] INFO  om.OzoneManager (OzoneManager.java:loadOMHAConfigs(602)) - Found matching OM address with OMServiceId: null, OMNodeId: null, RPC Address: localhost:0 and Ratis port: 9872
2019-09-19 16:57:59,352 | INFO  | SCMAudit | user=jenkins1000 | ip=192.168.157.226 | op=GET_SCM_INFO null | ret=SUCCESS |  
2019-09-19 16:57:59,826 [main] WARN  server.ServerUtils (ServerUtils.java:getDBPath(222)) - ozone.om.db.dirs is not configured. We recommend adding this setting. Falling back to ozone.metadata.dirs instead.
2019-09-19 16:57:59,834 [main] INFO  db.DBStoreBuilder (DBStoreBuilder.java:addTable(110)) - using custom profile for table: userTable
2019-09-19 16:57:59,834 [main] INFO  db.DBStoreBuilder (DBStoreBuilder.java:processTables(161)) - Using default column profile:DBProfile.DISK for Table:userTable
2019-09-19 16:57:59,835 [main] INFO  db.DBStoreBuilder (DBStoreBuilder.java:addTable(110)) - using custom profile for table: volumeTable
2019-09-19 16:57:59,835 [main] INFO  db.DBStoreBuilder (DBStoreBuilder.java:processTables(161)) - Using default column profile:DBProfile.DISK for Table:volumeTable
2019-09-19 16:57:59,835 [main] INFO  db.DBStoreBuilder (DBStoreBuilder.java:addTable(110)) - using custom profile for table: bucketTable
2019-09-19 16:57:59,835 [main] INFO  db.DBStoreBuilder (DBStoreBuilder.java:processTables(161)) - Using default column profile:DBProfile.DISK for Table:bucketTable
2019-09-19 16:57:59,835 [main] INFO  db.DBStoreBuilder (DBStoreBuilder.java:addTable(110)) - using custom profile for table: keyTable
2019-09-19 16:57:59,836 [main] INFO  db.DBStoreBuilder (DBStoreBuilder.java:processTables(161)) - Using default column profile:DBProfile.DISK for Table:keyTable
2019-09-19 16:57:59,836 [main] INFO  db.DBStoreBuilder (DBStoreBuilder.java:addTable(110)) - using custom profile for table: deletedTable
2019-09-19 16:57:59,836 [main] INFO  db.DBStoreBuilder (DBStoreBuilder.java:processTables(161)) - Using default column profile:DBProfile.DISK for Table:deletedTable
2019-09-19 16:57:59,836 [main] INFO  db.DBStoreBuilder (DBStoreBuilder.java:addTable(110)) - using custom profile for table: openKeyTable
2019-09-19 16:57:59,837 [main] INFO  db.DBStoreBuilder (DBStoreBuilder.java:processTables(161)) - Using default column profile:DBProfile.DISK for Table:openKeyTable
2019-09-19 16:57:59,837 [main] INFO  db.DBStoreBuilder (DBStoreBuilder.java:addTable(110)) - using custom profile for table: s3Table
2019-09-19 16:57:59,837 [main] INFO  db.DBStoreBuilder (DBStoreBuilder.java:processTables(161)) - Using default column profile:DBProfile.DISK for Table:s3Table
2019-09-19 16:57:59,837 [main] INFO  db.DBStoreBuilder (DBStoreBuilder.java:addTable(110)) - using custom profile for table: multipartInfoTable
2019-09-19 16:57:59,838 [main] INFO  db.DBStoreBuilder (DBStoreBuilder.java:processTables(161)) - Using default column profile:DBProfile.DISK for Table:multipartInfoTable
2019-09-19 16:57:59,838 [main] INFO  db.DBStoreBuilder (DBStoreBuilder.java:addTable(110)) - using custom profile for table: dTokenTable
2019-09-19 16:57:59,838 [main] INFO  db.DBStoreBuilder (DBStoreBuilder.java:processTables(161)) - Using default column profile:DBProfile.DISK for Table:dTokenTable
2019-09-19 16:57:59,838 [main] INFO  db.DBStoreBuilder (DBStoreBuilder.java:addTable(110)) - using custom profile for table: s3SecretTable
2019-09-19 16:57:59,839 [main] INFO  db.DBStoreBuilder (DBStoreBuilder.java:processTables(161)) - Using default column profile:DBProfile.DISK for Table:s3SecretTable
2019-09-19 16:57:59,839 [main] INFO  db.DBStoreBuilder (DBStoreBuilder.java:addTable(110)) - using custom profile for table: prefixTable
2019-09-19 16:57:59,839 [main] INFO  db.DBStoreBuilder (DBStoreBuilder.java:processTables(161)) - Using default column profile:DBProfile.DISK for Table:prefixTable
2019-09-19 16:57:59,839 [main] INFO  db.DBStoreBuilder (DBStoreBuilder.java:addTable(110)) - using custom profile for table: default
2019-09-19 16:57:59,840 [main] INFO  db.DBStoreBuilder (DBStoreBuilder.java:processTables(167)) - Using default column profile:DBProfile.DISK for Table:default
2019-09-19 16:57:59,840 [main] INFO  db.DBStoreBuilder (DBStoreBuilder.java:getDbProfile(198)) - Using default options. DBProfile.DISK
2019-09-19 16:58:00,303 [main] INFO  ipc.CallQueueManager (CallQueueManager.java:<init>(84)) - Using callQueue: class java.util.concurrent.LinkedBlockingQueue, queueCapacity: 2000, scheduler: class org.apache.hadoop.ipc.DefaultRpcScheduler, ipcBackoff: false.
2019-09-19 16:58:00,304 [Socket Reader #1 for port 39209] INFO  ipc.Server (Server.java:run(1074)) - Starting Socket Reader #1 for port 39209
2019-09-19 16:58:00,340 [main] INFO  om.OzoneManager (OzoneManager.java:start(1256)) - OzoneManager RPC server is listening at localhost/127.0.0.1:39209
2019-09-19 16:58:00,342 [main] INFO  impl.MetricsSystemImpl (MetricsSystemImpl.java:init(158)) - OzoneManager metrics system started (again)
2019-09-19 16:58:00,346 [IPC Server Responder] INFO  ipc.Server (Server.java:run(1314)) - IPC Server Responder: starting
2019-09-19 16:58:00,347 [IPC Server listener on 39209] INFO  ipc.Server (Server.java:run(1153)) - IPC Server listener on 39209: starting
2019-09-19 16:58:00,357 [main] INFO  hdfs.DFSUtil (DFSUtil.java:httpServerTemplateForNNAndJN(1641)) - Starting Web-server for ozoneManager at: http://0.0.0.0:0
2019-09-19 16:58:00,362 [main] INFO  server.AuthenticationFilter (AuthenticationFilter.java:constructSecretProvider(240)) - Unable to initialize FileSignerSecretProvider, falling back to use random secrets.
2019-09-19 16:58:00,364 [main] WARN  http.HttpRequestLog (HttpRequestLog.java:getRequestLog(97)) - Jetty request log can only be enabled using Log4j
2019-09-19 16:58:00,367 [main] INFO  http.HttpServer2 (HttpServer2.java:addGlobalFilter(975)) - Added global filter 'safety' (class=org.apache.hadoop.http.HttpServer2$QuotingInputFilter)
2019-09-19 16:58:00,368 [main] INFO  http.HttpServer2 (HttpServer2.java:addFilter(948)) - Added filter static_user_filter (class=org.apache.hadoop.http.lib.StaticUserWebFilter$StaticUserFilter) to context ozoneManager
2019-09-19 16:58:00,368 [main] INFO  http.HttpServer2 (HttpServer2.java:addFilter(958)) - Added filter static_user_filter (class=org.apache.hadoop.http.lib.StaticUserWebFilter$StaticUserFilter) to context logs
2019-09-19 16:58:00,368 [main] INFO  http.HttpServer2 (HttpServer2.java:addFilter(958)) - Added filter static_user_filter (class=org.apache.hadoop.http.lib.StaticUserWebFilter$StaticUserFilter) to context static
2019-09-19 16:58:00,372 [main] INFO  http.HttpServer2 (HttpServer2.java:bindListener(1191)) - Jetty bound to port 45778
2019-09-19 16:58:00,372 [main] INFO  server.Server (Server.java:doStart(351)) - jetty-9.3.24.v20180605, build timestamp: 2018-06-05T17:11:56Z, git hash: 84205aa28f11a4f31f2a3b86d1bba2cc8ab69827
2019-09-19 16:58:00,376 [main] INFO  handler.ContextHandler (ContextHandler.java:doStart(781)) - Started o.e.j.s.ServletContextHandler@782168b7{/logs,file:///workdir/hadoop-ozone/tools/target/log,AVAILABLE}
2019-09-19 16:58:00,377 [main] INFO  handler.ContextHandler (ContextHandler.java:doStart(781)) - Started o.e.j.s.ServletContextHandler@7435a578{/static,jar:file:/home/user/.m2/repository/org/apache/hadoop/hadoop-ozone-ozone-manager/0.5.0-SNAPSHOT/hadoop-ozone-ozone-manager-0.5.0-SNAPSHOT.jar!/webapps/static,AVAILABLE}
2019-09-19 16:58:00,508 [main] INFO  handler.ContextHandler (ContextHandler.java:doStart(781)) - Started o.e.j.w.WebAppContext@10876a6{/,file:///tmp/jetty-0.0.0.0-45778-ozoneManager-_-any-7354276268517189244.dir/webapp/,AVAILABLE}{/ozoneManager}
2019-09-19 16:58:00,510 [main] INFO  server.AbstractConnector (AbstractConnector.java:doStart(278)) - Started ServerConnector@71870da7{HTTP/1.1,[http/1.1]}{0.0.0.0:45778}
2019-09-19 16:58:00,511 [main] INFO  server.Server (Server.java:doStart(419)) - Started @4980ms
2019-09-19 16:58:00,512 [main] INFO  server.BaseHttpServer (BaseHttpServer.java:updateConnectorAddress(213)) - HTTP server of OZONEMANAGER is listening at http://0.0.0.0:45778
2019-09-19 16:58:00,892 [main] INFO  impl.MetricsSystemImpl (MetricsSystemImpl.java:init(158)) - HddsDatanode metrics system started (again)
2019-09-19 16:58:01,002 [main] INFO  ozone.HddsDatanodeService (HddsDatanodeService.java:start(184)) - HddsDatanodeService host:pr-hdds-1569-swxfz-3172132826 ip:192.168.157.226
2019-09-19 16:58:01,051 [main] INFO  volume.HddsVolume (HddsVolume.java:<init>(176)) - Creating Volume: /workdir/hadoop-ozone/tools/target/test-dir/MiniOzoneClusterImpl-07aed8b0-4e05-46c5-ad79-a4210fff6c42/datanode-0/data/containers/hdds of  storage type : DISK and capacity : 1482555576320
2019-09-19 16:58:01,053 [main] INFO  volume.VolumeSet (VolumeSet.java:initializeVolumeSet(170)) - Added Volume : /workdir/hadoop-ozone/tools/target/test-dir/MiniOzoneClusterImpl-07aed8b0-4e05-46c5-ad79-a4210fff6c42/datanode-0/data/containers/hdds to VolumeSet
2019-09-19 16:58:01,056 [main] INFO  volume.ThrottledAsyncChecker (ThrottledAsyncChecker.java:schedule(140)) - Scheduling a check for org.apache.hadoop.ozone.container.common.volume.HddsVolume@ce9b9a9
2019-09-19 16:58:01,078 [main] INFO  volume.HddsVolumeChecker (HddsVolumeChecker.java:checkAllVolumes(203)) - Scheduled health check for volume org.apache.hadoop.ozone.container.common.volume.HddsVolume@ce9b9a9
2019-09-19 16:58:01,205 [main] INFO  impl.RaftServerProxy (ConfUtils.java:logGet(43)) - raft.rpc.type = GRPC (default)
2019-09-19 16:58:01,275 [main] INFO  grpc.GrpcFactory (GrpcFactory.java:checkPooledByteBufAllocatorUseCacheForAllThreads(45)) - PERFORMANCE WARNING: useCacheForAllThreads is true that may cause Netty to create a lot garbage objects and, as a result, trigger GC.
	It is recommended to disable useCacheForAllThreads by setting -Dorg.apache.ratis.thirdparty.io.netty.allocator.useCacheForAllThreads=false in command line.
2019-09-19 16:58:01,280 [main] INFO  grpc.GrpcConfigKeys$Server (ConfUtils.java:logGet(43)) - raft.grpc.server.port = 0 (default)
2019-09-19 16:58:01,281 [main] INFO  server.GrpcService (ConfUtils.java:logGet(43)) - raft.grpc.message.size.max = 33570816 (custom)
2019-09-19 16:58:01,282 [main] INFO  server.RaftServerConfigKeys (ConfUtils.java:logGet(43)) - raft.server.log.appender.buffer.byte-limit = 33554432 (custom)
2019-09-19 16:58:01,283 [main] INFO  server.GrpcService (ConfUtils.java:logGet(43)) - raft.grpc.flow.control.window = 1MB (=1048576) (default)
2019-09-19 16:58:01,284 [main] INFO  server.RaftServerConfigKeys (ConfUtils.java:logGet(43)) - raft.server.rpc.request.timeout = 3000ms (default)
2019-09-19 16:58:01,447 [main] INFO  server.RaftServerConfigKeys (ConfUtils.java:logGet(43)) - raft.server.storage.dir = [/workdir/hadoop-ozone/tools/target/test-dir/MiniOzoneClusterImpl-07aed8b0-4e05-46c5-ad79-a4210fff6c42/datanode-0/data/ratis] (custom)
2019-09-19 16:58:01,483 [main] INFO  replication.SimpleContainerDownloader (SimpleContainerDownloader.java:<init>(72)) - Starting container downloader service to copy containers to replicate.
2019-09-19 16:58:01,496 [main] INFO  hdfs.DFSUtil (DFSUtil.java:httpServerTemplateForNNAndJN(1641)) - Starting Web-server for hddsDatanode at: http://0.0.0.0:0
2019-09-19 16:58:01,497 [main] INFO  server.AuthenticationFilter (AuthenticationFilter.java:constructSecretProvider(240)) - Unable to initialize FileSignerSecretProvider, falling back to use random secrets.
2019-09-19 16:58:01,498 [main] WARN  http.HttpRequestLog (HttpRequestLog.java:getRequestLog(97)) - Jetty request log can only be enabled using Log4j
2019-09-19 16:58:01,499 [main] INFO  http.HttpServer2 (HttpServer2.java:addGlobalFilter(975)) - Added global filter 'safety' (class=org.apache.hadoop.http.HttpServer2$QuotingInputFilter)
2019-09-19 16:58:01,500 [main] INFO  http.HttpServer2 (HttpServer2.java:addFilter(948)) - Added filter static_user_filter (class=org.apache.hadoop.http.lib.StaticUserWebFilter$StaticUserFilter) to context hddsDatanode
2019-09-19 16:58:01,500 [main] INFO  http.HttpServer2 (HttpServer2.java:addFilter(958)) - Added filter static_user_filter (class=org.apache.hadoop.http.lib.StaticUserWebFilter$StaticUserFilter) to context logs
2019-09-19 16:58:01,500 [main] INFO  http.HttpServer2 (HttpServer2.java:addFilter(958)) - Added filter static_user_filter (class=org.apache.hadoop.http.lib.StaticUserWebFilter$StaticUserFilter) to context static
2019-09-19 16:58:01,501 [main] INFO  http.HttpServer2 (HttpServer2.java:bindListener(1191)) - Jetty bound to port 33760
2019-09-19 16:58:01,501 [main] INFO  server.Server (Server.java:doStart(351)) - jetty-9.3.24.v20180605, build timestamp: 2018-06-05T17:11:56Z, git hash: 84205aa28f11a4f31f2a3b86d1bba2cc8ab69827
2019-09-19 16:58:01,504 [main] INFO  handler.ContextHandler (ContextHandler.java:doStart(781)) - Started o.e.j.s.ServletContextHandler@75d982d3{/logs,file:///workdir/hadoop-ozone/tools/target/log,AVAILABLE}
2019-09-19 16:58:01,504 [main] INFO  handler.ContextHandler (ContextHandler.java:doStart(781)) - Started o.e.j.s.ServletContextHandler@618ff5c2{/static,jar:file:/home/user/.m2/repository/org/apache/hadoop/hadoop-hdds-container-service/0.5.0-SNAPSHOT/hadoop-hdds-container-service-0.5.0-SNAPSHOT.jar!/webapps/static,AVAILABLE}
2019-09-19 16:58:01,532 [main] INFO  handler.ContextHandler (ContextHandler.java:doStart(781)) - Started o.e.j.w.WebAppContext@74ea46e2{/,file:///tmp/jetty-0.0.0.0-33760-hddsDatanode-_-any-2289350672387311963.dir/webapp/,AVAILABLE}{/hddsDatanode}
2019-09-19 16:58:01,532 [main] INFO  server.AbstractConnector (AbstractConnector.java:doStart(278)) - Started ServerConnector@6f911326{HTTP/1.1,[http/1.1]}{0.0.0.0:33760}
2019-09-19 16:58:01,533 [main] INFO  server.Server (Server.java:doStart(419)) - Started @6003ms
2019-09-19 16:58:01,535 [main] INFO  server.BaseHttpServer (BaseHttpServer.java:updateConnectorAddress(213)) - HTTP server of HDDSDATANODE is listening at http://0.0.0.0:33760
2019-09-19 16:58:02,554 | INFO  | ObjectStoreRestHttpServer | Listening HDDS REST traffic on /0.0.0.0:34431 |  
2019-09-19 16:58:02,556 [main] INFO  ozone.HddsDatanodeService (HddsDatanodeService.java:startPlugins(395)) - Started plug-in org.apache.hadoop.ozone.web.OzoneHddsDatanodeService@644d1b61
2019-09-19 16:58:02,557 [main] INFO  impl.MetricsSystemImpl (MetricsSystemImpl.java:init(158)) - HddsDatanode metrics system started (again)
2019-09-19 16:58:02,560 [main] INFO  ozone.HddsDatanodeService (HddsDatanodeService.java:start(184)) - HddsDatanodeService host:pr-hdds-1569-swxfz-3172132826 ip:192.168.157.226
2019-09-19 16:58:02,565 [org.apache.hadoop.util.JvmPauseMonitor$Monitor@7074a8e7] INFO  util.JvmPauseMonitor (JvmPauseMonitor.java:run(188)) - Starting JVM pause monitor
2019-09-19 16:58:02,570 [main] INFO  volume.HddsVolume (HddsVolume.java:<init>(176)) - Creating Volume: /workdir/hadoop-ozone/tools/target/test-dir/MiniOzoneClusterImpl-07aed8b0-4e05-46c5-ad79-a4210fff6c42/datanode-1/data/containers/hdds of  storage type : DISK and capacity : 1482555576320
2019-09-19 16:58:02,571 [main] INFO  volume.VolumeSet (VolumeSet.java:initializeVolumeSet(170)) - Added Volume : /workdir/hadoop-ozone/tools/target/test-dir/MiniOzoneClusterImpl-07aed8b0-4e05-46c5-ad79-a4210fff6c42/datanode-1/data/containers/hdds to VolumeSet
2019-09-19 16:58:02,571 [main] INFO  volume.ThrottledAsyncChecker (ThrottledAsyncChecker.java:schedule(140)) - Scheduling a check for org.apache.hadoop.ozone.container.common.volume.HddsVolume@79627d27
2019-09-19 16:58:02,572 [main] INFO  volume.HddsVolumeChecker (HddsVolumeChecker.java:checkAllVolumes(203)) - Scheduled health check for volume org.apache.hadoop.ozone.container.common.volume.HddsVolume@79627d27
2019-09-19 16:58:02,593 [main] INFO  impl.RaftServerProxy (ConfUtils.java:logGet(43)) - raft.rpc.type = GRPC (default)
2019-09-19 16:58:02,593 [main] INFO  grpc.GrpcFactory (GrpcFactory.java:checkPooledByteBufAllocatorUseCacheForAllThreads(45)) - PERFORMANCE WARNING: useCacheForAllThreads is true that may cause Netty to create a lot garbage objects and, as a result, trigger GC.
	It is recommended to disable useCacheForAllThreads by setting -Dorg.apache.ratis.thirdparty.io.netty.allocator.useCacheForAllThreads=false in command line.
2019-09-19 16:58:02,594 [main] INFO  grpc.GrpcConfigKeys$Server (ConfUtils.java:logGet(43)) - raft.grpc.server.port = 0 (default)
2019-09-19 16:58:02,594 [main] INFO  server.GrpcService (ConfUtils.java:logGet(43)) - raft.grpc.message.size.max = 33570816 (custom)
2019-09-19 16:58:02,594 [main] INFO  server.RaftServerConfigKeys (ConfUtils.java:logGet(43)) - raft.server.log.appender.buffer.byte-limit = 33554432 (custom)
2019-09-19 16:58:02,594 [main] INFO  server.GrpcService (ConfUtils.java:logGet(43)) - raft.grpc.flow.control.window = 1MB (=1048576) (default)
2019-09-19 16:58:02,595 [main] INFO  server.RaftServerConfigKeys (ConfUtils.java:logGet(43)) - raft.server.rpc.request.timeout = 3000ms (default)
2019-09-19 16:58:02,595 [main] INFO  server.RaftServerConfigKeys (ConfUtils.java:logGet(43)) - raft.server.storage.dir = [/workdir/hadoop-ozone/tools/target/test-dir/MiniOzoneClusterImpl-07aed8b0-4e05-46c5-ad79-a4210fff6c42/datanode-1/data/ratis] (custom)
2019-09-19 16:58:02,596 [main] INFO  replication.SimpleContainerDownloader (SimpleContainerDownloader.java:<init>(72)) - Starting container downloader service to copy containers to replicate.
2019-09-19 16:58:02,597 [main] INFO  hdfs.DFSUtil (DFSUtil.java:httpServerTemplateForNNAndJN(1641)) - Starting Web-server for hddsDatanode at: http://0.0.0.0:0
2019-09-19 16:58:02,599 [main] INFO  server.AuthenticationFilter (AuthenticationFilter.java:constructSecretProvider(240)) - Unable to initialize FileSignerSecretProvider, falling back to use random secrets.
2019-09-19 16:58:02,601 [main] WARN  http.HttpRequestLog (HttpRequestLog.java:getRequestLog(97)) - Jetty request log can only be enabled using Log4j
2019-09-19 16:58:02,603 [main] INFO  http.HttpServer2 (HttpServer2.java:addGlobalFilter(975)) - Added global filter 'safety' (class=org.apache.hadoop.http.HttpServer2$QuotingInputFilter)
2019-09-19 16:58:02,604 [main] INFO  http.HttpServer2 (HttpServer2.java:addFilter(948)) - Added filter static_user_filter (class=org.apache.hadoop.http.lib.StaticUserWebFilter$StaticUserFilter) to context hddsDatanode
2019-09-19 16:58:02,604 [main] INFO  http.HttpServer2 (HttpServer2.java:addFilter(958)) - Added filter static_user_filter (class=org.apache.hadoop.http.lib.StaticUserWebFilter$StaticUserFilter) to context logs
2019-09-19 16:58:02,605 [main] INFO  http.HttpServer2 (HttpServer2.java:addFilter(958)) - Added filter static_user_filter (class=org.apache.hadoop.http.lib.StaticUserWebFilter$StaticUserFilter) to context static
2019-09-19 16:58:02,606 [main] INFO  http.HttpServer2 (HttpServer2.java:bindListener(1191)) - Jetty bound to port 40845
2019-09-19 16:58:02,606 [main] INFO  server.Server (Server.java:doStart(351)) - jetty-9.3.24.v20180605, build timestamp: 2018-06-05T17:11:56Z, git hash: 84205aa28f11a4f31f2a3b86d1bba2cc8ab69827
2019-09-19 16:58:02,611 [main] INFO  handler.ContextHandler (ContextHandler.java:doStart(781)) - Started o.e.j.s.ServletContextHandler@608cd501{/logs,file:///workdir/hadoop-ozone/tools/target/log,AVAILABLE}
2019-09-19 16:58:02,612 [main] INFO  handler.ContextHandler (ContextHandler.java:doStart(781)) - Started o.e.j.s.ServletContextHandler@59096b66{/static,jar:file:/home/user/.m2/repository/org/apache/hadoop/hadoop-hdds-container-service/0.5.0-SNAPSHOT/hadoop-hdds-container-service-0.5.0-SNAPSHOT.jar!/webapps/static,AVAILABLE}
2019-09-19 16:58:02,652 [main] INFO  handler.ContextHandler (ContextHandler.java:doStart(781)) - Started o.e.j.w.WebAppContext@6fa02932{/,file:///tmp/jetty-0.0.0.0-40845-hddsDatanode-_-any-820526794787700369.dir/webapp/,AVAILABLE}{/hddsDatanode}
2019-09-19 16:58:02,653 [main] INFO  server.AbstractConnector (AbstractConnector.java:doStart(278)) - Started ServerConnector@61608e1a{HTTP/1.1,[http/1.1]}{0.0.0.0:40845}
2019-09-19 16:58:02,654 [main] INFO  server.Server (Server.java:doStart(419)) - Started @7123ms
2019-09-19 16:58:02,655 [main] INFO  server.BaseHttpServer (BaseHttpServer.java:updateConnectorAddress(213)) - HTTP server of HDDSDATANODE is listening at http://0.0.0.0:40845
2019-09-19 16:58:02,695 [Datanode State Machine Thread - 0] INFO  datanode.InitDatanodeState (InitDatanodeState.java:persistContainerDatanodeDetails(140)) - DatanodeDetails is persisted to /workdir/hadoop-ozone/tools/target/test-dir/MiniOzoneClusterImpl-07aed8b0-4e05-46c5-ad79-a4210fff6c42/datanode-0/meta/datanode.id
2019-09-19 16:58:02,843 | INFO  | ObjectStoreRestHttpServer | Listening HDDS REST traffic on /0.0.0.0:38688 |  
2019-09-19 16:58:02,843 [main] INFO  ozone.HddsDatanodeService (HddsDatanodeService.java:startPlugins(395)) - Started plug-in org.apache.hadoop.ozone.web.OzoneHddsDatanodeService@68ea253b
2019-09-19 16:58:02,844 [main] INFO  impl.MetricsSystemImpl (MetricsSystemImpl.java:init(158)) - HddsDatanode metrics system started (again)
2019-09-19 16:58:02,847 [main] INFO  ozone.HddsDatanodeService (HddsDatanodeService.java:start(184)) - HddsDatanodeService host:pr-hdds-1569-swxfz-3172132826 ip:192.168.157.226
2019-09-19 16:58:02,847 [org.apache.hadoop.util.JvmPauseMonitor$Monitor@7d733d9b] INFO  util.JvmPauseMonitor (JvmPauseMonitor.java:run(188)) - Starting JVM pause monitor
2019-09-19 16:58:02,855 [main] INFO  volume.HddsVolume (HddsVolume.java:<init>(176)) - Creating Volume: /workdir/hadoop-ozone/tools/target/test-dir/MiniOzoneClusterImpl-07aed8b0-4e05-46c5-ad79-a4210fff6c42/datanode-2/data/containers/hdds of  storage type : DISK and capacity : 1482555576320
2019-09-19 16:58:02,856 [main] INFO  volume.VolumeSet (VolumeSet.java:initializeVolumeSet(170)) - Added Volume : /workdir/hadoop-ozone/tools/target/test-dir/MiniOzoneClusterImpl-07aed8b0-4e05-46c5-ad79-a4210fff6c42/datanode-2/data/containers/hdds to VolumeSet
2019-09-19 16:58:02,857 [main] INFO  volume.ThrottledAsyncChecker (ThrottledAsyncChecker.java:schedule(140)) - Scheduling a check for org.apache.hadoop.ozone.container.common.volume.HddsVolume@474749b8
2019-09-19 16:58:02,857 [Datanode State Machine Thread - 0] INFO  datanode.InitDatanodeState (InitDatanodeState.java:persistContainerDatanodeDetails(140)) - DatanodeDetails is persisted to /workdir/hadoop-ozone/tools/target/test-dir/MiniOzoneClusterImpl-07aed8b0-4e05-46c5-ad79-a4210fff6c42/datanode-1/meta/datanode.id
2019-09-19 16:58:02,858 [main] INFO  volume.HddsVolumeChecker (HddsVolumeChecker.java:checkAllVolumes(203)) - Scheduled health check for volume org.apache.hadoop.ozone.container.common.volume.HddsVolume@474749b8
2019-09-19 16:58:02,884 [main] INFO  impl.RaftServerProxy (ConfUtils.java:logGet(43)) - raft.rpc.type = GRPC (default)
2019-09-19 16:58:02,885 [main] INFO  grpc.GrpcFactory (GrpcFactory.java:checkPooledByteBufAllocatorUseCacheForAllThreads(45)) - PERFORMANCE WARNING: useCacheForAllThreads is true that may cause Netty to create a lot garbage objects and, as a result, trigger GC.
	It is recommended to disable useCacheForAllThreads by setting -Dorg.apache.ratis.thirdparty.io.netty.allocator.useCacheForAllThreads=false in command line.
2019-09-19 16:58:02,885 [main] INFO  grpc.GrpcConfigKeys$Server (ConfUtils.java:logGet(43)) - raft.grpc.server.port = 0 (default)
2019-09-19 16:58:02,885 [main] INFO  server.GrpcService (ConfUtils.java:logGet(43)) - raft.grpc.message.size.max = 33570816 (custom)
2019-09-19 16:58:02,886 [main] INFO  server.RaftServerConfigKeys (ConfUtils.java:logGet(43)) - raft.server.log.appender.buffer.byte-limit = 33554432 (custom)
2019-09-19 16:58:02,886 [main] INFO  server.GrpcService (ConfUtils.java:logGet(43)) - raft.grpc.flow.control.window = 1MB (=1048576) (default)
2019-09-19 16:58:02,886 [main] INFO  server.RaftServerConfigKeys (ConfUtils.java:logGet(43)) - raft.server.rpc.request.timeout = 3000ms (default)
2019-09-19 16:58:02,887 [main] INFO  server.RaftServerConfigKeys (ConfUtils.java:logGet(43)) - raft.server.storage.dir = [/workdir/hadoop-ozone/tools/target/test-dir/MiniOzoneClusterImpl-07aed8b0-4e05-46c5-ad79-a4210fff6c42/datanode-2/data/ratis] (custom)
2019-09-19 16:58:02,888 [main] INFO  replication.SimpleContainerDownloader (SimpleContainerDownloader.java:<init>(72)) - Starting container downloader service to copy containers to replicate.
2019-09-19 16:58:02,890 [main] INFO  hdfs.DFSUtil (DFSUtil.java:httpServerTemplateForNNAndJN(1641)) - Starting Web-server for hddsDatanode at: http://0.0.0.0:0
2019-09-19 16:58:02,892 [main] INFO  server.AuthenticationFilter (AuthenticationFilter.java:constructSecretProvider(240)) - Unable to initialize FileSignerSecretProvider, falling back to use random secrets.
2019-09-19 16:58:02,893 [main] WARN  http.HttpRequestLog (HttpRequestLog.java:getRequestLog(97)) - Jetty request log can only be enabled using Log4j
2019-09-19 16:58:02,895 [main] INFO  http.HttpServer2 (HttpServer2.java:addGlobalFilter(975)) - Added global filter 'safety' (class=org.apache.hadoop.http.HttpServer2$QuotingInputFilter)
2019-09-19 16:58:02,896 [main] INFO  http.HttpServer2 (HttpServer2.java:addFilter(948)) - Added filter static_user_filter (class=org.apache.hadoop.http.lib.StaticUserWebFilter$StaticUserFilter) to context hddsDatanode
2019-09-19 16:58:02,896 [main] INFO  http.HttpServer2 (HttpServer2.java:addFilter(958)) - Added filter static_user_filter (class=org.apache.hadoop.http.lib.StaticUserWebFilter$StaticUserFilter) to context logs
2019-09-19 16:58:02,896 [main] INFO  http.HttpServer2 (HttpServer2.java:addFilter(958)) - Added filter static_user_filter (class=org.apache.hadoop.http.lib.StaticUserWebFilter$StaticUserFilter) to context static
2019-09-19 16:58:02,897 [main] INFO  http.HttpServer2 (HttpServer2.java:bindListener(1191)) - Jetty bound to port 41020
2019-09-19 16:58:02,898 [main] INFO  server.Server (Server.java:doStart(351)) - jetty-9.3.24.v20180605, build timestamp: 2018-06-05T17:11:56Z, git hash: 84205aa28f11a4f31f2a3b86d1bba2cc8ab69827
2019-09-19 16:58:02,900 [main] INFO  handler.ContextHandler (ContextHandler.java:doStart(781)) - Started o.e.j.s.ServletContextHandler@5db948c9{/logs,file:///workdir/hadoop-ozone/tools/target/log,AVAILABLE}
2019-09-19 16:58:02,901 [main] INFO  handler.ContextHandler (ContextHandler.java:doStart(781)) - Started o.e.j.s.ServletContextHandler@357c9bd9{/static,jar:file:/home/user/.m2/repository/org/apache/hadoop/hadoop-hdds-container-service/0.5.0-SNAPSHOT/hadoop-hdds-container-service-0.5.0-SNAPSHOT.jar!/webapps/static,AVAILABLE}
2019-09-19 16:58:02,939 [main] INFO  handler.ContextHandler (ContextHandler.java:doStart(781)) - Started o.e.j.w.WebAppContext@3a3b10f4{/,file:///tmp/jetty-0.0.0.0-41020-hddsDatanode-_-any-7995782713169231895.dir/webapp/,AVAILABLE}{/hddsDatanode}
2019-09-19 16:58:02,941 [main] INFO  server.AbstractConnector (AbstractConnector.java:doStart(278)) - Started ServerConnector@49580ca8{HTTP/1.1,[http/1.1]}{0.0.0.0:41020}
2019-09-19 16:58:02,941 [main] INFO  server.Server (Server.java:doStart(419)) - Started @7411ms
2019-09-19 16:58:02,942 [main] INFO  server.BaseHttpServer (BaseHttpServer.java:updateConnectorAddress(213)) - HTTP server of HDDSDATANODE is listening at http://0.0.0.0:41020
2019-09-19 16:58:03,150 | INFO  | ObjectStoreRestHttpServer | Listening HDDS REST traffic on /0.0.0.0:35925 |  
2019-09-19 16:58:03,151 [main] INFO  ozone.HddsDatanodeService (HddsDatanodeService.java:startPlugins(395)) - Started plug-in org.apache.hadoop.ozone.web.OzoneHddsDatanodeService@637c840d
2019-09-19 16:58:03,151 [main] INFO  impl.MetricsSystemImpl (MetricsSystemImpl.java:init(158)) - HddsDatanode metrics system started (again)
2019-09-19 16:58:03,155 [main] INFO  ozone.HddsDatanodeService (HddsDatanodeService.java:start(184)) - HddsDatanodeService host:pr-hdds-1569-swxfz-3172132826 ip:192.168.157.226
2019-09-19 16:58:03,155 [org.apache.hadoop.util.JvmPauseMonitor$Monitor@1f83d8c0] INFO  util.JvmPauseMonitor (JvmPauseMonitor.java:run(188)) - Starting JVM pause monitor
2019-09-19 16:58:03,159 [Datanode State Machine Thread - 0] INFO  datanode.InitDatanodeState (InitDatanodeState.java:persistContainerDatanodeDetails(140)) - DatanodeDetails is persisted to /workdir/hadoop-ozone/tools/target/test-dir/MiniOzoneClusterImpl-07aed8b0-4e05-46c5-ad79-a4210fff6c42/datanode-2/meta/datanode.id
2019-09-19 16:58:03,165 [main] INFO  volume.HddsVolume (HddsVolume.java:<init>(176)) - Creating Volume: /workdir/hadoop-ozone/tools/target/test-dir/MiniOzoneClusterImpl-07aed8b0-4e05-46c5-ad79-a4210fff6c42/datanode-3/data/containers/hdds of  storage type : DISK and capacity : 1482555576320
2019-09-19 16:58:03,165 [main] INFO  volume.VolumeSet (VolumeSet.java:initializeVolumeSet(170)) - Added Volume : /workdir/hadoop-ozone/tools/target/test-dir/MiniOzoneClusterImpl-07aed8b0-4e05-46c5-ad79-a4210fff6c42/datanode-3/data/containers/hdds to VolumeSet
2019-09-19 16:58:03,165 [main] INFO  volume.ThrottledAsyncChecker (ThrottledAsyncChecker.java:schedule(140)) - Scheduling a check for org.apache.hadoop.ozone.container.common.volume.HddsVolume@615db358
2019-09-19 16:58:03,166 [main] INFO  volume.HddsVolumeChecker (HddsVolumeChecker.java:checkAllVolumes(203)) - Scheduled health check for volume org.apache.hadoop.ozone.container.common.volume.HddsVolume@615db358
2019-09-19 16:58:03,184 [main] INFO  impl.RaftServerProxy (ConfUtils.java:logGet(43)) - raft.rpc.type = GRPC (default)
2019-09-19 16:58:03,184 [main] INFO  grpc.GrpcFactory (GrpcFactory.java:checkPooledByteBufAllocatorUseCacheForAllThreads(45)) - PERFORMANCE WARNING: useCacheForAllThreads is true that may cause Netty to create a lot garbage objects and, as a result, trigger GC.
	It is recommended to disable useCacheForAllThreads by setting -Dorg.apache.ratis.thirdparty.io.netty.allocator.useCacheForAllThreads=false in command line.
2019-09-19 16:58:03,184 [main] INFO  grpc.GrpcConfigKeys$Server (ConfUtils.java:logGet(43)) - raft.grpc.server.port = 0 (default)
2019-09-19 16:58:03,185 [main] INFO  server.GrpcService (ConfUtils.java:logGet(43)) - raft.grpc.message.size.max = 33570816 (custom)
2019-09-19 16:58:03,185 [main] INFO  server.RaftServerConfigKeys (ConfUtils.java:logGet(43)) - raft.server.log.appender.buffer.byte-limit = 33554432 (custom)
2019-09-19 16:58:03,185 [main] INFO  server.GrpcService (ConfUtils.java:logGet(43)) - raft.grpc.flow.control.window = 1MB (=1048576) (default)
2019-09-19 16:58:03,185 [main] INFO  server.RaftServerConfigKeys (ConfUtils.java:logGet(43)) - raft.server.rpc.request.timeout = 3000ms (default)
2019-09-19 16:58:03,186 [main] INFO  server.RaftServerConfigKeys (ConfUtils.java:logGet(43)) - raft.server.storage.dir = [/workdir/hadoop-ozone/tools/target/test-dir/MiniOzoneClusterImpl-07aed8b0-4e05-46c5-ad79-a4210fff6c42/datanode-3/data/ratis] (custom)
2019-09-19 16:58:03,187 [main] INFO  replication.SimpleContainerDownloader (SimpleContainerDownloader.java:<init>(72)) - Starting container downloader service to copy containers to replicate.
2019-09-19 16:58:03,188 [main] INFO  hdfs.DFSUtil (DFSUtil.java:httpServerTemplateForNNAndJN(1641)) - Starting Web-server for hddsDatanode at: http://0.0.0.0:0
2019-09-19 16:58:03,190 [main] INFO  server.AuthenticationFilter (AuthenticationFilter.java:constructSecretProvider(240)) - Unable to initialize FileSignerSecretProvider, falling back to use random secrets.
2019-09-19 16:58:03,192 [main] WARN  http.HttpRequestLog (HttpRequestLog.java:getRequestLog(97)) - Jetty request log can only be enabled using Log4j
2019-09-19 16:58:03,194 [main] INFO  http.HttpServer2 (HttpServer2.java:addGlobalFilter(975)) - Added global filter 'safety' (class=org.apache.hadoop.http.HttpServer2$QuotingInputFilter)
2019-09-19 16:58:03,196 [main] INFO  http.HttpServer2 (HttpServer2.java:addFilter(948)) - Added filter static_user_filter (class=org.apache.hadoop.http.lib.StaticUserWebFilter$StaticUserFilter) to context hddsDatanode
2019-09-19 16:58:03,196 [main] INFO  http.HttpServer2 (HttpServer2.java:addFilter(958)) - Added filter static_user_filter (class=org.apache.hadoop.http.lib.StaticUserWebFilter$StaticUserFilter) to context logs
2019-09-19 16:58:03,196 [main] INFO  http.HttpServer2 (HttpServer2.java:addFilter(958)) - Added filter static_user_filter (class=org.apache.hadoop.http.lib.StaticUserWebFilter$StaticUserFilter) to context static
2019-09-19 16:58:03,198 [main] INFO  http.HttpServer2 (HttpServer2.java:bindListener(1191)) - Jetty bound to port 34435
2019-09-19 16:58:03,198 [main] INFO  server.Server (Server.java:doStart(351)) - jetty-9.3.24.v20180605, build timestamp: 2018-06-05T17:11:56Z, git hash: 84205aa28f11a4f31f2a3b86d1bba2cc8ab69827
2019-09-19 16:58:03,203 [main] INFO  handler.ContextHandler (ContextHandler.java:doStart(781)) - Started o.e.j.s.ServletContextHandler@de77146{/logs,file:///workdir/hadoop-ozone/tools/target/log,AVAILABLE}
2019-09-19 16:58:03,204 [main] INFO  handler.ContextHandler (ContextHandler.java:doStart(781)) - Started o.e.j.s.ServletContextHandler@5cfed0ba{/static,jar:file:/home/user/.m2/repository/org/apache/hadoop/hadoop-hdds-container-service/0.5.0-SNAPSHOT/hadoop-hdds-container-service-0.5.0-SNAPSHOT.jar!/webapps/static,AVAILABLE}
2019-09-19 16:58:03,247 [main] INFO  handler.ContextHandler (ContextHandler.java:doStart(781)) - Started o.e.j.w.WebAppContext@6de43bc1{/,file:///tmp/jetty-0.0.0.0-34435-hddsDatanode-_-any-5809705055851911659.dir/webapp/,AVAILABLE}{/hddsDatanode}
2019-09-19 16:58:03,248 [main] INFO  server.AbstractConnector (AbstractConnector.java:doStart(278)) - Started ServerConnector@27a9f025{HTTP/1.1,[http/1.1]}{0.0.0.0:34435}
2019-09-19 16:58:03,248 [main] INFO  server.Server (Server.java:doStart(419)) - Started @7718ms
2019-09-19 16:58:03,249 [main] INFO  server.BaseHttpServer (BaseHttpServer.java:updateConnectorAddress(213)) - HTTP server of HDDSDATANODE is listening at http://0.0.0.0:34435
2019-09-19 16:58:03,410 | INFO  | ObjectStoreRestHttpServer | Listening HDDS REST traffic on /0.0.0.0:42911 |  
2019-09-19 16:58:03,410 [main] INFO  ozone.HddsDatanodeService (HddsDatanodeService.java:startPlugins(395)) - Started plug-in org.apache.hadoop.ozone.web.OzoneHddsDatanodeService@50e5032c
2019-09-19 16:58:03,411 [main] INFO  impl.MetricsSystemImpl (MetricsSystemImpl.java:init(158)) - HddsDatanode metrics system started (again)
2019-09-19 16:58:03,415 [org.apache.hadoop.util.JvmPauseMonitor$Monitor@386e7209] INFO  util.JvmPauseMonitor (JvmPauseMonitor.java:run(188)) - Starting JVM pause monitor
2019-09-19 16:58:03,415 [main] INFO  ozone.HddsDatanodeService (HddsDatanodeService.java:start(184)) - HddsDatanodeService host:pr-hdds-1569-swxfz-3172132826 ip:192.168.157.226
2019-09-19 16:58:03,418 [Datanode State Machine Thread - 0] INFO  datanode.InitDatanodeState (InitDatanodeState.java:persistContainerDatanodeDetails(140)) - DatanodeDetails is persisted to /workdir/hadoop-ozone/tools/target/test-dir/MiniOzoneClusterImpl-07aed8b0-4e05-46c5-ad79-a4210fff6c42/datanode-3/meta/datanode.id
2019-09-19 16:58:03,424 [main] INFO  volume.HddsVolume (HddsVolume.java:<init>(176)) - Creating Volume: /workdir/hadoop-ozone/tools/target/test-dir/MiniOzoneClusterImpl-07aed8b0-4e05-46c5-ad79-a4210fff6c42/datanode-4/data/containers/hdds of  storage type : DISK and capacity : 1482555576320
2019-09-19 16:58:03,425 [main] INFO  volume.VolumeSet (VolumeSet.java:initializeVolumeSet(170)) - Added Volume : /workdir/hadoop-ozone/tools/target/test-dir/MiniOzoneClusterImpl-07aed8b0-4e05-46c5-ad79-a4210fff6c42/datanode-4/data/containers/hdds to VolumeSet
2019-09-19 16:58:03,425 [main] INFO  volume.ThrottledAsyncChecker (ThrottledAsyncChecker.java:schedule(140)) - Scheduling a check for org.apache.hadoop.ozone.container.common.volume.HddsVolume@284990de
2019-09-19 16:58:03,426 [main] INFO  volume.HddsVolumeChecker (HddsVolumeChecker.java:checkAllVolumes(203)) - Scheduled health check for volume org.apache.hadoop.ozone.container.common.volume.HddsVolume@284990de
2019-09-19 16:58:03,446 [main] INFO  impl.RaftServerProxy (ConfUtils.java:logGet(43)) - raft.rpc.type = GRPC (default)
2019-09-19 16:58:03,446 [main] INFO  grpc.GrpcFactory (GrpcFactory.java:checkPooledByteBufAllocatorUseCacheForAllThreads(45)) - PERFORMANCE WARNING: useCacheForAllThreads is true that may cause Netty to create a lot garbage objects and, as a result, trigger GC.
	It is recommended to disable useCacheForAllThreads by setting -Dorg.apache.ratis.thirdparty.io.netty.allocator.useCacheForAllThreads=false in command line.
2019-09-19 16:58:03,447 [main] INFO  grpc.GrpcConfigKeys$Server (ConfUtils.java:logGet(43)) - raft.grpc.server.port = 0 (default)
2019-09-19 16:58:03,447 [main] INFO  server.GrpcService (ConfUtils.java:logGet(43)) - raft.grpc.message.size.max = 33570816 (custom)
2019-09-19 16:58:03,447 [main] INFO  server.RaftServerConfigKeys (ConfUtils.java:logGet(43)) - raft.server.log.appender.buffer.byte-limit = 33554432 (custom)
2019-09-19 16:58:03,447 [main] INFO  server.GrpcService (ConfUtils.java:logGet(43)) - raft.grpc.flow.control.window = 1MB (=1048576) (default)
2019-09-19 16:58:03,448 [main] INFO  server.RaftServerConfigKeys (ConfUtils.java:logGet(43)) - raft.server.rpc.request.timeout = 3000ms (default)
2019-09-19 16:58:03,448 [main] INFO  server.RaftServerConfigKeys (ConfUtils.java:logGet(43)) - raft.server.storage.dir = [/workdir/hadoop-ozone/tools/target/test-dir/MiniOzoneClusterImpl-07aed8b0-4e05-46c5-ad79-a4210fff6c42/datanode-4/data/ratis] (custom)
2019-09-19 16:58:03,449 [main] INFO  replication.SimpleContainerDownloader (SimpleContainerDownloader.java:<init>(72)) - Starting container downloader service to copy containers to replicate.
2019-09-19 16:58:03,450 [main] INFO  hdfs.DFSUtil (DFSUtil.java:httpServerTemplateForNNAndJN(1641)) - Starting Web-server for hddsDatanode at: http://0.0.0.0:0
2019-09-19 16:58:03,452 [main] INFO  server.AuthenticationFilter (AuthenticationFilter.java:constructSecretProvider(240)) - Unable to initialize FileSignerSecretProvider, falling back to use random secrets.
2019-09-19 16:58:03,453 [main] WARN  http.HttpRequestLog (HttpRequestLog.java:getRequestLog(97)) - Jetty request log can only be enabled using Log4j
2019-09-19 16:58:03,456 [main] INFO  http.HttpServer2 (HttpServer2.java:addGlobalFilter(975)) - Added global filter 'safety' (class=org.apache.hadoop.http.HttpServer2$QuotingInputFilter)
2019-09-19 16:58:03,457 [main] INFO  http.HttpServer2 (HttpServer2.java:addFilter(948)) - Added filter static_user_filter (class=org.apache.hadoop.http.lib.StaticUserWebFilter$StaticUserFilter) to context hddsDatanode
2019-09-19 16:58:03,457 [main] INFO  http.HttpServer2 (HttpServer2.java:addFilter(958)) - Added filter static_user_filter (class=org.apache.hadoop.http.lib.StaticUserWebFilter$StaticUserFilter) to context static
2019-09-19 16:58:03,458 [main] INFO  http.HttpServer2 (HttpServer2.java:addFilter(958)) - Added filter static_user_filter (class=org.apache.hadoop.http.lib.StaticUserWebFilter$StaticUserFilter) to context logs
2019-09-19 16:58:03,459 [main] INFO  http.HttpServer2 (HttpServer2.java:bindListener(1191)) - Jetty bound to port 43750
2019-09-19 16:58:03,459 [main] INFO  server.Server (Server.java:doStart(351)) - jetty-9.3.24.v20180605, build timestamp: 2018-06-05T17:11:56Z, git hash: 84205aa28f11a4f31f2a3b86d1bba2cc8ab69827
2019-09-19 16:58:03,462 [main] INFO  handler.ContextHandler (ContextHandler.java:doStart(781)) - Started o.e.j.s.ServletContextHandler@723742b2{/logs,file:///workdir/hadoop-ozone/tools/target/log,AVAILABLE}
2019-09-19 16:58:03,463 [main] INFO  handler.ContextHandler (ContextHandler.java:doStart(781)) - Started o.e.j.s.ServletContextHandler@34c76167{/static,jar:file:/home/user/.m2/repository/org/apache/hadoop/hadoop-hdds-container-service/0.5.0-SNAPSHOT/hadoop-hdds-container-service-0.5.0-SNAPSHOT.jar!/webapps/static,AVAILABLE}
2019-09-19 16:58:03,506 [main] INFO  handler.ContextHandler (ContextHandler.java:doStart(781)) - Started o.e.j.w.WebAppContext@4bc9ca97{/,file:///tmp/jetty-0.0.0.0-43750-hddsDatanode-_-any-6656638249660939203.dir/webapp/,AVAILABLE}{/hddsDatanode}
2019-09-19 16:58:03,507 [main] INFO  server.AbstractConnector (AbstractConnector.java:doStart(278)) - Started ServerConnector@3e43f049{HTTP/1.1,[http/1.1]}{0.0.0.0:43750}
2019-09-19 16:58:03,507 [main] INFO  server.Server (Server.java:doStart(419)) - Started @7977ms
2019-09-19 16:58:03,508 [main] INFO  server.BaseHttpServer (BaseHttpServer.java:updateConnectorAddress(213)) - HTTP server of HDDSDATANODE is listening at http://0.0.0.0:43750
2019-09-19 16:58:03,652 | INFO  | ObjectStoreRestHttpServer | Listening HDDS REST traffic on /0.0.0.0:35663 |  
2019-09-19 16:58:03,652 [main] INFO  ozone.HddsDatanodeService (HddsDatanodeService.java:startPlugins(395)) - Started plug-in org.apache.hadoop.ozone.web.OzoneHddsDatanodeService@7db5b890
2019-09-19 16:58:03,655 [main] INFO  ozone.MiniOzoneClusterImpl (MiniOzoneClusterImpl.java:lambda$waitForClusterToBeReady$0(142)) - Waiting for cluster to be ready. Got 0 of 5 DN Heartbeats.
2019-09-19 16:58:03,656 [org.apache.hadoop.util.JvmPauseMonitor$Monitor@377cc0d9] INFO  util.JvmPauseMonitor (JvmPauseMonitor.java:run(188)) - Starting JVM pause monitor
2019-09-19 16:58:03,659 [Datanode State Machine Thread - 0] INFO  datanode.InitDatanodeState (InitDatanodeState.java:persistContainerDatanodeDetails(140)) - DatanodeDetails is persisted to /workdir/hadoop-ozone/tools/target/test-dir/MiniOzoneClusterImpl-07aed8b0-4e05-46c5-ad79-a4210fff6c42/datanode-4/meta/datanode.id
2019-09-19 16:58:04,589 | INFO  | SCMAudit | user=jenkins1000 | ip=192.168.157.226 | op=GET_VERSION null | ret=SUCCESS |  
2019-09-19 16:58:04,610 [Datanode State Machine Thread - 0] INFO  ozoneimpl.OzoneContainer (OzoneContainer.java:start(186)) - Attempting to start container services.
2019-09-19 16:58:04,612 [Datanode State Machine Thread - 0] INFO  ozoneimpl.OzoneContainer (OzoneContainer.java:startContainerScrub(160)) - Background container scrubber has been disabled by hdds.containerscrub.enabled
2019-09-19 16:58:04,612 [Datanode State Machine Thread - 0] INFO  ratis.XceiverServerRatis (XceiverServerRatis.java:start(404)) - Starting XceiverServerRatis d3f68efe-c22b-404c-9d92-5b3617bd70f9 at port 0
2019-09-19 16:58:04,636 [Datanode State Machine Thread - 0] INFO  impl.RaftServerProxy (RaftServerProxy.java:lambda$start$3(299)) - d3f68efe-c22b-404c-9d92-5b3617bd70f9: start RPC server
2019-09-19 16:58:04,655 [main] INFO  ozone.MiniOzoneClusterImpl (MiniOzoneClusterImpl.java:lambda$waitForClusterToBeReady$0(142)) - Waiting for cluster to be ready. Got 0 of 5 DN Heartbeats.
2019-09-19 16:58:04,777 [Datanode State Machine Thread - 0] INFO  server.GrpcService (GrpcService.java:startImpl(149)) - d3f68efe-c22b-404c-9d92-5b3617bd70f9: GrpcService started, listening on 0.0.0.0/0.0.0.0:42155
2019-09-19 16:58:04,778 [Datanode State Machine Thread - 0] INFO  ratis.XceiverServerRatis (XceiverServerRatis.java:start(414)) - XceiverServerRatis d3f68efe-c22b-404c-9d92-5b3617bd70f9 is started using port 42155
2019-09-19 16:58:04,780 [Datanode State Machine Thread - 0] INFO  server.XceiverServerGrpc (XceiverServerGrpc.java:start(163)) - XceiverServerGrpc d3f68efe-c22b-404c-9d92-5b3617bd70f9 is started using port 35202
2019-09-19 16:58:04,849 | INFO  | SCMAudit | user=jenkins1000 | ip=192.168.157.226 | op=GET_VERSION null | ret=SUCCESS |  
2019-09-19 16:58:04,865 [Datanode State Machine Thread - 0] INFO  ozoneimpl.OzoneContainer (OzoneContainer.java:start(186)) - Attempting to start container services.
2019-09-19 16:58:04,867 [Datanode State Machine Thread - 0] INFO  ozoneimpl.OzoneContainer (OzoneContainer.java:startContainerScrub(160)) - Background container scrubber has been disabled by hdds.containerscrub.enabled
2019-09-19 16:58:04,868 [Datanode State Machine Thread - 0] INFO  ratis.XceiverServerRatis (XceiverServerRatis.java:start(404)) - Starting XceiverServerRatis e29bd0e7-6604-4c9e-a288-0e166e01d87e at port 0
2019-09-19 16:58:04,933 [Datanode State Machine Thread - 0] INFO  impl.RaftServerProxy (RaftServerProxy.java:lambda$start$3(299)) - e29bd0e7-6604-4c9e-a288-0e166e01d87e: start RPC server
2019-09-19 16:58:04,936 [Datanode State Machine Thread - 0] INFO  server.GrpcService (GrpcService.java:startImpl(149)) - e29bd0e7-6604-4c9e-a288-0e166e01d87e: GrpcService started, listening on 0.0.0.0/0.0.0.0:38132
2019-09-19 16:58:04,936 [Datanode State Machine Thread - 0] INFO  ratis.XceiverServerRatis (XceiverServerRatis.java:start(414)) - XceiverServerRatis e29bd0e7-6604-4c9e-a288-0e166e01d87e is started using port 38132
2019-09-19 16:58:04,938 [Datanode State Machine Thread - 0] INFO  server.XceiverServerGrpc (XceiverServerGrpc.java:start(163)) - XceiverServerGrpc e29bd0e7-6604-4c9e-a288-0e166e01d87e is started using port 41326
2019-09-19 16:58:05,159 | INFO  | SCMAudit | user=jenkins1000 | ip=192.168.157.226 | op=GET_VERSION null | ret=SUCCESS |  
2019-09-19 16:58:05,186 [Datanode State Machine Thread - 0] INFO  ozoneimpl.OzoneContainer (OzoneContainer.java:start(186)) - Attempting to start container services.
2019-09-19 16:58:05,189 [Datanode State Machine Thread - 0] INFO  ozoneimpl.OzoneContainer (OzoneContainer.java:startContainerScrub(160)) - Background container scrubber has been disabled by hdds.containerscrub.enabled
2019-09-19 16:58:05,189 [Datanode State Machine Thread - 0] INFO  ratis.XceiverServerRatis (XceiverServerRatis.java:start(404)) - Starting XceiverServerRatis 1bc78e45-ac19-4b52-81ed-8b591e5dbc69 at port 0
2019-09-19 16:58:05,199 [Datanode State Machine Thread - 0] INFO  impl.RaftServerProxy (RaftServerProxy.java:lambda$start$3(299)) - 1bc78e45-ac19-4b52-81ed-8b591e5dbc69: start RPC server
2019-09-19 16:58:05,203 [Datanode State Machine Thread - 0] INFO  server.GrpcService (GrpcService.java:startImpl(149)) - 1bc78e45-ac19-4b52-81ed-8b591e5dbc69: GrpcService started, listening on 0.0.0.0/0.0.0.0:45895
2019-09-19 16:58:05,203 [Datanode State Machine Thread - 0] INFO  ratis.XceiverServerRatis (XceiverServerRatis.java:start(414)) - XceiverServerRatis 1bc78e45-ac19-4b52-81ed-8b591e5dbc69 is started using port 45895
2019-09-19 16:58:05,206 [Datanode State Machine Thread - 0] INFO  server.XceiverServerGrpc (XceiverServerGrpc.java:start(163)) - XceiverServerGrpc 1bc78e45-ac19-4b52-81ed-8b591e5dbc69 is started using port 35642
2019-09-19 16:58:05,417 | INFO  | SCMAudit | user=jenkins1000 | ip=192.168.157.226 | op=GET_VERSION null | ret=SUCCESS |  
2019-09-19 16:58:05,433 [Datanode State Machine Thread - 0] INFO  ozoneimpl.OzoneContainer (OzoneContainer.java:start(186)) - Attempting to start container services.
2019-09-19 16:58:05,435 [Datanode State Machine Thread - 0] INFO  ozoneimpl.OzoneContainer (OzoneContainer.java:startContainerScrub(160)) - Background container scrubber has been disabled by hdds.containerscrub.enabled
2019-09-19 16:58:05,436 [Datanode State Machine Thread - 0] INFO  ratis.XceiverServerRatis (XceiverServerRatis.java:start(404)) - Starting XceiverServerRatis b4d11adf-473e-4712-a75b-8cc25b77f0f4 at port 0
2019-09-19 16:58:05,447 [Datanode State Machine Thread - 0] INFO  impl.RaftServerProxy (RaftServerProxy.java:lambda$start$3(299)) - b4d11adf-473e-4712-a75b-8cc25b77f0f4: start RPC server
2019-09-19 16:58:05,450 [Datanode State Machine Thread - 0] INFO  server.GrpcService (GrpcService.java:startImpl(149)) - b4d11adf-473e-4712-a75b-8cc25b77f0f4: GrpcService started, listening on 0.0.0.0/0.0.0.0:36538
2019-09-19 16:58:05,450 [Datanode State Machine Thread - 0] INFO  ratis.XceiverServerRatis (XceiverServerRatis.java:start(414)) - XceiverServerRatis b4d11adf-473e-4712-a75b-8cc25b77f0f4 is started using port 36538
2019-09-19 16:58:05,454 [Datanode State Machine Thread - 0] INFO  server.XceiverServerGrpc (XceiverServerGrpc.java:start(163)) - XceiverServerGrpc b4d11adf-473e-4712-a75b-8cc25b77f0f4 is started using port 33940
2019-09-19 16:58:05,656 [main] INFO  ozone.MiniOzoneClusterImpl (MiniOzoneClusterImpl.java:lambda$waitForClusterToBeReady$0(142)) - Waiting for cluster to be ready. Got 0 of 5 DN Heartbeats.
2019-09-19 16:58:05,660 | INFO  | SCMAudit | user=jenkins1000 | ip=192.168.157.226 | op=GET_VERSION null | ret=SUCCESS |  
2019-09-19 16:58:05,674 [Datanode State Machine Thread - 0] INFO  ozoneimpl.OzoneContainer (OzoneContainer.java:start(186)) - Attempting to start container services.
2019-09-19 16:58:05,681 [Datanode State Machine Thread - 0] INFO  ozoneimpl.OzoneContainer (OzoneContainer.java:startContainerScrub(160)) - Background container scrubber has been disabled by hdds.containerscrub.enabled
2019-09-19 16:58:05,681 [Datanode State Machine Thread - 0] INFO  ratis.XceiverServerRatis (XceiverServerRatis.java:start(404)) - Starting XceiverServerRatis 293fb764-8d0a-4a2a-b0d4-e27863ca0d27 at port 0
2019-09-19 16:58:05,690 [Datanode State Machine Thread - 0] INFO  impl.RaftServerProxy (RaftServerProxy.java:lambda$start$3(299)) - 293fb764-8d0a-4a2a-b0d4-e27863ca0d27: start RPC server
2019-09-19 16:58:05,694 [Datanode State Machine Thread - 0] INFO  server.GrpcService (GrpcService.java:startImpl(149)) - 293fb764-8d0a-4a2a-b0d4-e27863ca0d27: GrpcService started, listening on 0.0.0.0/0.0.0.0:35657
2019-09-19 16:58:05,694 [Datanode State Machine Thread - 0] INFO  ratis.XceiverServerRatis (XceiverServerRatis.java:start(414)) - XceiverServerRatis 293fb764-8d0a-4a2a-b0d4-e27863ca0d27 is started using port 35657
2019-09-19 16:58:05,698 [Datanode State Machine Thread - 0] INFO  server.XceiverServerGrpc (XceiverServerGrpc.java:start(163)) - XceiverServerGrpc 293fb764-8d0a-4a2a-b0d4-e27863ca0d27 is started using port 33375
2019-09-19 16:58:06,610 [IPC Server handler 2 on 35928] INFO  net.NetworkTopology (NetworkTopologyImpl.java:add(110)) - Added a new node: /default-rack/d3f68efe-c22b-404c-9d92-5b3617bd70f9
2019-09-19 16:58:06,611 [IPC Server handler 2 on 35928] INFO  node.SCMNodeManager (SCMNodeManager.java:register(273)) - Registered Data node : d3f68efe-c22b-404c-9d92-5b3617bd70f9{ip: 192.168.157.226, host: pr-hdds-1569-swxfz-3172132826, networkLocation: /default-rack, certSerialId: null}
2019-09-19 16:58:06,616 [EventQueue-NodeRegistrationContainerReportForDataNodeSafeModeRule] INFO  safemode.SCMSafeModeManager (DataNodeSafeModeRule.java:process(71)) - SCM in safe mode. 1 DataNodes registered, 1 required.
2019-09-19 16:58:06,617 [EventQueue-NodeRegistrationContainerReportForDataNodeSafeModeRule] INFO  safemode.SCMSafeModeManager (SCMSafeModeManager.java:validateSafeModeExitRules(177)) - ScmSafeModeManager, all rules are successfully validated
2019-09-19 16:58:06,617 [EventQueue-NodeRegistrationContainerReportForDataNodeSafeModeRule] INFO  safemode.SCMSafeModeManager (SCMSafeModeManager.java:exitSafeMode(193)) - SCM exiting safe mode.
2019-09-19 16:58:06,626 | INFO  | SCMAudit | user=jenkins1000 | ip=192.168.157.226 | op=REGISTER {datanodeDetails=d3f68efe-c22b-404c-9d92-5b3617bd70f9{ip: 192.168.157.226, host: pr-hdds-1569-swxfz-3172132826, networkLocation: /default-rack, certSerialId: null}} | ret=SUCCESS |  
2019-09-19 16:58:06,657 [main] INFO  ozone.MiniOzoneClusterImpl (MiniOzoneClusterImpl.java:lambda$waitForClusterToBeReady$0(142)) - Waiting for cluster to be ready. Got 1 of 5 DN Heartbeats.
2019-09-19 16:58:06,858 [IPC Server handler 7 on 35928] INFO  net.NetworkTopology (NetworkTopologyImpl.java:add(110)) - Added a new node: /default-rack/e29bd0e7-6604-4c9e-a288-0e166e01d87e
2019-09-19 16:58:06,858 [IPC Server handler 7 on 35928] INFO  node.SCMNodeManager (SCMNodeManager.java:register(273)) - Registered Data node : e29bd0e7-6604-4c9e-a288-0e166e01d87e{ip: 192.168.157.226, host: pr-hdds-1569-swxfz-3172132826, networkLocation: /default-rack, certSerialId: null}
2019-09-19 16:58:06,858 | INFO  | SCMAudit | user=jenkins1000 | ip=192.168.157.226 | op=REGISTER {datanodeDetails=e29bd0e7-6604-4c9e-a288-0e166e01d87e{ip: 192.168.157.226, host: pr-hdds-1569-swxfz-3172132826, networkLocation: /default-rack, certSerialId: null}} | ret=SUCCESS |  
2019-09-19 16:58:07,158 [IPC Server handler 0 on 35928] INFO  net.NetworkTopology (NetworkTopologyImpl.java:add(110)) - Added a new node: /default-rack/1bc78e45-ac19-4b52-81ed-8b591e5dbc69
2019-09-19 16:58:07,159 [IPC Server handler 0 on 35928] INFO  node.SCMNodeManager (SCMNodeManager.java:register(273)) - Registered Data node : 1bc78e45-ac19-4b52-81ed-8b591e5dbc69{ip: 192.168.157.226, host: pr-hdds-1569-swxfz-3172132826, networkLocation: /default-rack, certSerialId: null}
2019-09-19 16:58:07,159 [grpc-default-executor-0] INFO  impl.RaftServerProxy (RaftServerProxy.java:addNew(89)) - d3f68efe-c22b-404c-9d92-5b3617bd70f9: addNew group-5E53ECA2A03A:[d3f68efe-c22b-404c-9d92-5b3617bd70f9:192.168.157.226:42155] returns group-5E53ECA2A03A:java.util.concurrent.CompletableFuture@681424f3[Not completed]
2019-09-19 16:58:07,159 | INFO  | SCMAudit | user=jenkins1000 | ip=192.168.157.226 | op=REGISTER {datanodeDetails=1bc78e45-ac19-4b52-81ed-8b591e5dbc69{ip: 192.168.157.226, host: pr-hdds-1569-swxfz-3172132826, networkLocation: /default-rack, certSerialId: null}} | ret=SUCCESS |  
2019-09-19 16:58:07,181 [pool-27-thread-1] INFO  impl.RaftServerImpl (RaftServerImpl.java:<init>(93)) - d3f68efe-c22b-404c-9d92-5b3617bd70f9: new RaftServerImpl for group-5E53ECA2A03A:[d3f68efe-c22b-404c-9d92-5b3617bd70f9:192.168.157.226:42155] with ContainerStateMachine:uninitialized
2019-09-19 16:58:07,183 [pool-27-thread-1] INFO  server.RaftServerConfigKeys (ConfUtils.java:logGet(43)) - raft.server.rpc.timeout.min = 5s (custom)
2019-09-19 16:58:07,185 [pool-27-thread-1] INFO  server.RaftServerConfigKeys (ConfUtils.java:logGet(43)) - raft.server.rpc.timeout.max = 5200ms (custom)
2019-09-19 16:58:07,185 [pool-27-thread-1] INFO  server.RaftServerConfigKeys (ConfUtils.java:logGet(43)) - raft.server.rpcslowness.timeout = 120s (custom)
2019-09-19 16:58:07,186 [pool-27-thread-1] INFO  server.RaftServerConfigKeys (ConfUtils.java:logGet(43)) - raft.server.sleep.deviation.threshold = 300 (default)
2019-09-19 16:58:07,187 [pool-27-thread-1] INFO  server.RaftServerConfigKeys (ConfUtils.java:logGet(43)) - raft.server.log.appender.install.snapshot.enabled = false (custom)
2019-09-19 16:58:07,635 [IPC Server handler 7 on 35928] INFO  net.NetworkTopology (NetworkTopologyImpl.java:add(110)) - Added a new node: /default-rack/b4d11adf-473e-4712-a75b-8cc25b77f0f4
2019-09-19 16:58:07,636 [IPC Server handler 7 on 35928] INFO  node.SCMNodeManager (SCMNodeManager.java:register(273)) - Registered Data node : b4d11adf-473e-4712-a75b-8cc25b77f0f4{ip: 192.168.157.226, host: pr-hdds-1569-swxfz-3172132826, networkLocation: /default-rack, certSerialId: null}
2019-09-19 16:58:07,637 | INFO  | SCMAudit | user=jenkins1000 | ip=192.168.157.226 | op=REGISTER {datanodeDetails=b4d11adf-473e-4712-a75b-8cc25b77f0f4{ip: 192.168.157.226, host: pr-hdds-1569-swxfz-3172132826, networkLocation: /default-rack, certSerialId: null}} | ret=SUCCESS |  
2019-09-19 16:58:07,648 [pool-27-thread-1] INFO  impl.RaftServerImpl (ServerState.java:<init>(105)) - d3f68efe-c22b-404c-9d92-5b3617bd70f9:group-5E53ECA2A03A ConfigurationManager, init=-1: [d3f68efe-c22b-404c-9d92-5b3617bd70f9:192.168.157.226:42155], old=null, confs=<EMPTY_MAP>
2019-09-19 16:58:07,649 [pool-27-thread-1] INFO  server.RaftServerConfigKeys (ConfUtils.java:logGet(43)) - raft.server.storage.dir = [/workdir/hadoop-ozone/tools/target/test-dir/MiniOzoneClusterImpl-07aed8b0-4e05-46c5-ad79-a4210fff6c42/datanode-0/data/ratis] (custom)
2019-09-19 16:58:07,657 [main] INFO  ozone.MiniOzoneClusterImpl (MiniOzoneClusterImpl.java:lambda$waitForClusterToBeReady$0(142)) - Waiting for cluster to be ready. Got 4 of 5 DN Heartbeats.
2019-09-19 16:58:07,660 [IPC Server handler 8 on 35928] INFO  net.NetworkTopology (NetworkTopologyImpl.java:add(110)) - Added a new node: /default-rack/293fb764-8d0a-4a2a-b0d4-e27863ca0d27
2019-09-19 16:58:07,661 [IPC Server handler 8 on 35928] INFO  node.SCMNodeManager (SCMNodeManager.java:register(273)) - Registered Data node : 293fb764-8d0a-4a2a-b0d4-e27863ca0d27{ip: 192.168.157.226, host: pr-hdds-1569-swxfz-3172132826, networkLocation: /default-rack, certSerialId: null}
2019-09-19 16:58:07,661 | INFO  | SCMAudit | user=jenkins1000 | ip=192.168.157.226 | op=REGISTER {datanodeDetails=293fb764-8d0a-4a2a-b0d4-e27863ca0d27{ip: 192.168.157.226, host: pr-hdds-1569-swxfz-3172132826, networkLocation: /default-rack, certSerialId: null}} | ret=SUCCESS |  
2019-09-19 16:58:07,663 [pool-27-thread-1] INFO  storage.RaftStorageDirectory (RaftStorageDirectory.java:analyzeStorage(246)) - The storage directory /workdir/hadoop-ozone/tools/target/test-dir/MiniOzoneClusterImpl-07aed8b0-4e05-46c5-ad79-a4210fff6c42/datanode-0/data/ratis/83649b16-14c6-4743-83fe-5e53eca2a03a does not exist. Creating ...
2019-09-19 16:58:07,695 [pool-27-thread-1] INFO  storage.RaftStorageDirectory (RaftStorageDirectory.java:tryLock(328)) - Lock on /workdir/hadoop-ozone/tools/target/test-dir/MiniOzoneClusterImpl-07aed8b0-4e05-46c5-ad79-a4210fff6c42/datanode-0/data/ratis/83649b16-14c6-4743-83fe-5e53eca2a03a/in_use.lock acquired by nodename 22412@pr-hdds-1569-swxfz-3172132826
2019-09-19 16:58:07,724 [pool-27-thread-1] INFO  storage.RaftStorage (RaftStorage.java:format(72)) - Storage directory /workdir/hadoop-ozone/tools/target/test-dir/MiniOzoneClusterImpl-07aed8b0-4e05-46c5-ad79-a4210fff6c42/datanode-0/data/ratis/83649b16-14c6-4743-83fe-5e53eca2a03a has been successfully formatted.
2019-09-19 16:58:07,728 [pool-27-thread-1] INFO  ratis.ContainerStateMachine (ContainerStateMachine.java:loadSnapshot(226)) - group-5E53ECA2A03A: The snapshot info is null. Setting the last applied indexto:(t:0, i:~)
2019-09-19 16:58:07,728 [pool-27-thread-1] INFO  server.RaftServerConfigKeys (ConfUtils.java:logGet(43)) - raft.server.leader.election.timeout = 120s (custom)
2019-09-19 16:58:07,731 [pool-27-thread-1] INFO  server.RaftServerConfigKeys (ConfUtils.java:logGet(43)) - raft.server.log.use.memory = false (default)
2019-09-19 16:58:07,736 [pool-27-thread-1] INFO  server.RaftServerConfigKeys (ConfUtils.java:logGet(43)) - raft.server.log.purge.gap = 1000000 (custom)
2019-09-19 16:58:07,736 [pool-27-thread-1] INFO  server.RaftServerConfigKeys (ConfUtils.java:logGet(43)) - raft.server.log.appender.buffer.byte-limit = 33554432 (custom)
2019-09-19 16:58:07,738 [pool-27-thread-1] INFO  server.RaftServerConfigKeys (ConfUtils.java:logGet(43)) - raft.server.log.segment.size.max = 1048576 (custom)
2019-09-19 16:58:07,742 [pool-27-thread-1] INFO  server.RaftServerConfigKeys (ConfUtils.java:logGet(43)) - raft.server.log.segment.cache.num.max = 2 (custom)
2019-09-19 16:58:07,748 [pool-27-thread-1] INFO  segmented.SegmentedRaftLogWorker (SegmentedRaftLogWorker.java:<init>(172)) - new d3f68efe-c22b-404c-9d92-5b3617bd70f9-SegmentedRaftLogWorker:Storage Directory /workdir/hadoop-ozone/tools/target/test-dir/MiniOzoneClusterImpl-07aed8b0-4e05-46c5-ad79-a4210fff6c42/datanode-0/data/ratis/83649b16-14c6-4743-83fe-5e53eca2a03a for RaftStorage:Storage Directory /workdir/hadoop-ozone/tools/target/test-dir/MiniOzoneClusterImpl-07aed8b0-4e05-46c5-ad79-a4210fff6c42/datanode-0/data/ratis/83649b16-14c6-4743-83fe-5e53eca2a03a
2019-09-19 16:58:07,761 [pool-27-thread-1] INFO  server.RaftServerConfigKeys (ConfUtils.java:logGet(43)) - raft.server.log.queue.byte-limit = 2147483647 (custom)
2019-09-19 16:58:07,762 [pool-27-thread-1] INFO  server.RaftServerConfigKeys (ConfUtils.java:logGet(43)) - raft.server.log.queue.element-limit = 1024 (custom)
2019-09-19 16:58:07,767 [pool-27-thread-1] INFO  server.RaftServerConfigKeys (ConfUtils.java:logGet(43)) - raft.server.log.segment.size.max = 1048576 (custom)
2019-09-19 16:58:07,767 [pool-27-thread-1] INFO  server.RaftServerConfigKeys (ConfUtils.java:logGet(43)) - raft.server.log.preallocated.size = 16384 (custom)
2019-09-19 16:58:07,768 [pool-27-thread-1] INFO  server.RaftServerConfigKeys (ConfUtils.java:logGet(43)) - raft.server.log.write.buffer.size = 33554432 (custom)
2019-09-19 16:58:07,768 [pool-27-thread-1] INFO  server.RaftServerConfigKeys (ConfUtils.java:logGet(43)) - raft.server.log.force.sync.num = 128 (default)
2019-09-19 16:58:07,769 [pool-27-thread-1] INFO  server.RaftServerConfigKeys (ConfUtils.java:logGet(43)) - raft.server.log.statemachine.data.sync = true (default)
2019-09-19 16:58:07,769 [pool-27-thread-1] INFO  server.RaftServerConfigKeys (ConfUtils.java:logGet(43)) - raft.server.log.statemachine.data.sync.timeout = 10s (default)
2019-09-19 16:58:07,770 [pool-27-thread-1] INFO  server.RaftServerConfigKeys (ConfUtils.java:logGet(43)) - raft.server.log.statemachine.data.sync.timeout.retry = -1 (default)
2019-09-19 16:58:07,781 [pool-27-thread-1] INFO  server.RaftServerConfigKeys (ConfUtils.java:logGet(43)) - raft.server.log.statemachine.data.caching.enabled = true (custom)
2019-09-19 16:58:07,786 [pool-27-thread-1] INFO  segmented.SegmentedRaftLogWorker (SegmentedRaftLogWorker.java:lambda$new$0(132)) - d3f68efe-c22b-404c-9d92-5b3617bd70f9-SegmentedRaftLogWorker:Storage Directory /workdir/hadoop-ozone/tools/target/test-dir/MiniOzoneClusterImpl-07aed8b0-4e05-46c5-ad79-a4210fff6c42/datanode-0/data/ratis/83649b16-14c6-4743-83fe-5e53eca2a03a: flushIndex: setUnconditionally 0 -> -1
2019-09-19 16:58:07,791 [pool-27-thread-1] INFO  server.RaftServerConfigKeys (ConfUtils.java:logGet(43)) - raft.server.snapshot.auto.trigger.enabled = true (custom)
2019-09-19 16:58:07,791 [pool-27-thread-1] INFO  server.RaftServerConfigKeys (ConfUtils.java:logGet(43)) - raft.server.snapshot.auto.trigger.threshold = 10000 (custom)
2019-09-19 16:58:07,792 [pool-27-thread-1] INFO  server.RaftServerConfigKeys (ConfUtils.java:logGet(43)) - raft.server.retrycache.expirytime = 600000ms (custom)
2019-09-19 16:58:07,814 [pool-27-thread-1] INFO  impl.RaftServerImpl (RaftServerImpl.java:start(180)) - d3f68efe-c22b-404c-9d92-5b3617bd70f9: start group-5E53ECA2A03A
2019-09-19 16:58:07,815 [pool-27-thread-1] INFO  impl.RaftServerImpl (RaftServerImpl.java:setRole(171)) - d3f68efe-c22b-404c-9d92-5b3617bd70f9:group-5E53ECA2A03A changes role from null to FOLLOWER at term 0 for startAsFollower
2019-09-19 16:58:07,817 [pool-27-thread-1] INFO  impl.RoleInfo (RoleInfo.java:updateAndGet(143)) - d3f68efe-c22b-404c-9d92-5b3617bd70f9: start FollowerState
2019-09-19 16:58:07,818 [pool-27-thread-1] INFO  util.JmxRegister (JmxRegister.java:tryRegister(44)) - Successfully registered JMX Bean with object name Ratis:service=RaftServer,group=group-5E53ECA2A03A,id=d3f68efe-c22b-404c-9d92-5b3617bd70f9
2019-09-19 16:58:07,877 [RatisPipelineUtilsThread] INFO  pipeline.PipelineStateManager (PipelineStateManager.java:addPipeline(56)) - Created pipeline Pipeline[ Id: 83649b16-14c6-4743-83fe-5e53eca2a03a, Nodes: d3f68efe-c22b-404c-9d92-5b3617bd70f9{ip: 192.168.157.226, host: pr-hdds-1569-swxfz-3172132826, networkLocation: /default-rack, certSerialId: null}, Type:RATIS, Factor:ONE, State:OPEN]
2019-09-19 16:58:07,904 [grpc-default-executor-0] INFO  impl.RaftServerProxy (RaftServerProxy.java:addNew(89)) - e29bd0e7-6604-4c9e-a288-0e166e01d87e: addNew group-5563E1354AE8:[e29bd0e7-6604-4c9e-a288-0e166e01d87e:192.168.157.226:38132] returns group-5563E1354AE8:java.util.concurrent.CompletableFuture@6abc4710[Not completed]
2019-09-19 16:58:07,949 [pool-38-thread-1] INFO  impl.RaftServerImpl (RaftServerImpl.java:<init>(93)) - e29bd0e7-6604-4c9e-a288-0e166e01d87e: new RaftServerImpl for group-5563E1354AE8:[e29bd0e7-6604-4c9e-a288-0e166e01d87e:192.168.157.226:38132] with ContainerStateMachine:uninitialized
2019-09-19 16:58:07,951 [pool-38-thread-1] INFO  server.RaftServerConfigKeys (ConfUtils.java:logGet(43)) - raft.server.rpc.timeout.min = 5s (custom)
2019-09-19 16:58:07,951 [pool-38-thread-1] INFO  server.RaftServerConfigKeys (ConfUtils.java:logGet(43)) - raft.server.rpc.timeout.max = 5200ms (custom)
2019-09-19 16:58:07,951 [pool-38-thread-1] INFO  server.RaftServerConfigKeys (ConfUtils.java:logGet(43)) - raft.server.rpcslowness.timeout = 120s (custom)
2019-09-19 16:58:07,951 [pool-38-thread-1] INFO  server.RaftServerConfigKeys (ConfUtils.java:logGet(43)) - raft.server.sleep.deviation.threshold = 300 (default)
2019-09-19 16:58:07,952 [pool-38-thread-1] INFO  server.RaftServerConfigKeys (ConfUtils.java:logGet(43)) - raft.server.log.appender.install.snapshot.enabled = false (custom)
2019-09-19 16:58:07,952 [pool-38-thread-1] INFO  impl.RaftServerImpl (ServerState.java:<init>(105)) - e29bd0e7-6604-4c9e-a288-0e166e01d87e:group-5563E1354AE8 ConfigurationManager, init=-1: [e29bd0e7-6604-4c9e-a288-0e166e01d87e:192.168.157.226:38132], old=null, confs=<EMPTY_MAP>
2019-09-19 16:58:07,952 [pool-38-thread-1] INFO  server.RaftServerConfigKeys (ConfUtils.java:logGet(43)) - raft.server.storage.dir = [/workdir/hadoop-ozone/tools/target/test-dir/MiniOzoneClusterImpl-07aed8b0-4e05-46c5-ad79-a4210fff6c42/datanode-1/data/ratis] (custom)
2019-09-19 16:58:07,953 [pool-38-thread-1] INFO  storage.RaftStorageDirectory (RaftStorageDirectory.java:analyzeStorage(246)) - The storage directory /workdir/hadoop-ozone/tools/target/test-dir/MiniOzoneClusterImpl-07aed8b0-4e05-46c5-ad79-a4210fff6c42/datanode-1/data/ratis/57fe929c-5020-4652-82fc-5563e1354ae8 does not exist. Creating ...
2019-09-19 16:58:07,986 [pool-38-thread-1] INFO  storage.RaftStorageDirectory (RaftStorageDirectory.java:tryLock(328)) - Lock on /workdir/hadoop-ozone/tools/target/test-dir/MiniOzoneClusterImpl-07aed8b0-4e05-46c5-ad79-a4210fff6c42/datanode-1/data/ratis/57fe929c-5020-4652-82fc-5563e1354ae8/in_use.lock acquired by nodename 22412@pr-hdds-1569-swxfz-3172132826
2019-09-19 16:58:08,000 [pool-38-thread-1] INFO  storage.RaftStorage (RaftStorage.java:format(72)) - Storage directory /workdir/hadoop-ozone/tools/target/test-dir/MiniOzoneClusterImpl-07aed8b0-4e05-46c5-ad79-a4210fff6c42/datanode-1/data/ratis/57fe929c-5020-4652-82fc-5563e1354ae8 has been successfully formatted.
2019-09-19 16:58:08,002 [pool-38-thread-1] INFO  ratis.ContainerStateMachine (ContainerStateMachine.java:loadSnapshot(226)) - group-5563E1354AE8: The snapshot info is null. Setting the last applied indexto:(t:0, i:~)
2019-09-19 16:58:08,003 [pool-38-thread-1] INFO  server.RaftServerConfigKeys (ConfUtils.java:logGet(43)) - raft.server.leader.election.timeout = 120s (custom)
2019-09-19 16:58:08,004 [pool-38-thread-1] INFO  server.RaftServerConfigKeys (ConfUtils.java:logGet(43)) - raft.server.log.use.memory = false (default)
2019-09-19 16:58:08,004 [pool-38-thread-1] INFO  server.RaftServerConfigKeys (ConfUtils.java:logGet(43)) - raft.server.log.purge.gap = 1000000 (custom)
2019-09-19 16:58:08,004 [pool-38-thread-1] INFO  server.RaftServerConfigKeys (ConfUtils.java:logGet(43)) - raft.server.log.appender.buffer.byte-limit = 33554432 (custom)
2019-09-19 16:58:08,005 [pool-38-thread-1] INFO  server.RaftServerConfigKeys (ConfUtils.java:logGet(43)) - raft.server.log.segment.size.max = 1048576 (custom)
2019-09-19 16:58:08,005 [pool-38-thread-1] INFO  server.RaftServerConfigKeys (ConfUtils.java:logGet(43)) - raft.server.log.segment.cache.num.max = 2 (custom)
2019-09-19 16:58:08,005 [pool-38-thread-1] INFO  segmented.SegmentedRaftLogWorker (SegmentedRaftLogWorker.java:<init>(172)) - new e29bd0e7-6604-4c9e-a288-0e166e01d87e-SegmentedRaftLogWorker:Storage Directory /workdir/hadoop-ozone/tools/target/test-dir/MiniOzoneClusterImpl-07aed8b0-4e05-46c5-ad79-a4210fff6c42/datanode-1/data/ratis/57fe929c-5020-4652-82fc-5563e1354ae8 for RaftStorage:Storage Directory /workdir/hadoop-ozone/tools/target/test-dir/MiniOzoneClusterImpl-07aed8b0-4e05-46c5-ad79-a4210fff6c42/datanode-1/data/ratis/57fe929c-5020-4652-82fc-5563e1354ae8
2019-09-19 16:58:08,007 [pool-38-thread-1] INFO  server.RaftServerConfigKeys (ConfUtils.java:logGet(43)) - raft.server.log.queue.byte-limit = 2147483647 (custom)
2019-09-19 16:58:08,008 [pool-38-thread-1] INFO  server.RaftServerConfigKeys (ConfUtils.java:logGet(43)) - raft.server.log.queue.element-limit = 1024 (custom)
2019-09-19 16:58:08,008 [pool-38-thread-1] INFO  server.RaftServerConfigKeys (ConfUtils.java:logGet(43)) - raft.server.log.segment.size.max = 1048576 (custom)
2019-09-19 16:58:08,008 [pool-38-thread-1] INFO  server.RaftServerConfigKeys (ConfUtils.java:logGet(43)) - raft.server.log.preallocated.size = 16384 (custom)
2019-09-19 16:58:08,009 [pool-38-thread-1] INFO  server.RaftServerConfigKeys (ConfUtils.java:logGet(43)) - raft.server.log.write.buffer.size = 33554432 (custom)
2019-09-19 16:58:08,009 [pool-38-thread-1] INFO  server.RaftServerConfigKeys (ConfUtils.java:logGet(43)) - raft.server.log.force.sync.num = 128 (default)
2019-09-19 16:58:08,010 [pool-38-thread-1] INFO  server.RaftServerConfigKeys (ConfUtils.java:logGet(43)) - raft.server.log.statemachine.data.sync = true (default)
2019-09-19 16:58:08,010 [pool-38-thread-1] INFO  server.RaftServerConfigKeys (ConfUtils.java:logGet(43)) - raft.server.log.statemachine.data.sync.timeout = 10s (default)
2019-09-19 16:58:08,010 [pool-38-thread-1] INFO  server.RaftServerConfigKeys (ConfUtils.java:logGet(43)) - raft.server.log.statemachine.data.sync.timeout.retry = -1 (default)
2019-09-19 16:58:08,011 [pool-38-thread-1] INFO  server.RaftServerConfigKeys (ConfUtils.java:logGet(43)) - raft.server.log.statemachine.data.caching.enabled = true (custom)
2019-09-19 16:58:08,011 [pool-38-thread-1] INFO  segmented.SegmentedRaftLogWorker (SegmentedRaftLogWorker.java:lambda$new$0(132)) - e29bd0e7-6604-4c9e-a288-0e166e01d87e-SegmentedRaftLogWorker:Storage Directory /workdir/hadoop-ozone/tools/target/test-dir/MiniOzoneClusterImpl-07aed8b0-4e05-46c5-ad79-a4210fff6c42/datanode-1/data/ratis/57fe929c-5020-4652-82fc-5563e1354ae8: flushIndex: setUnconditionally 0 -> -1
2019-09-19 16:58:08,012 [pool-38-thread-1] INFO  server.RaftServerConfigKeys (ConfUtils.java:logGet(43)) - raft.server.snapshot.auto.trigger.enabled = true (custom)
2019-09-19 16:58:08,012 [pool-38-thread-1] INFO  server.RaftServerConfigKeys (ConfUtils.java:logGet(43)) - raft.server.snapshot.auto.trigger.threshold = 10000 (custom)
2019-09-19 16:58:08,013 [pool-38-thread-1] INFO  server.RaftServerConfigKeys (ConfUtils.java:logGet(43)) - raft.server.retrycache.expirytime = 600000ms (custom)
2019-09-19 16:58:08,013 [pool-38-thread-1] INFO  impl.RaftServerImpl (RaftServerImpl.java:start(180)) - e29bd0e7-6604-4c9e-a288-0e166e01d87e: start group-5563E1354AE8
2019-09-19 16:58:08,014 [pool-38-thread-1] INFO  impl.RaftServerImpl (RaftServerImpl.java:setRole(171)) - e29bd0e7-6604-4c9e-a288-0e166e01d87e:group-5563E1354AE8 changes role from null to FOLLOWER at term 0 for startAsFollower
2019-09-19 16:58:08,014 [pool-38-thread-1] INFO  impl.RoleInfo (RoleInfo.java:updateAndGet(143)) - e29bd0e7-6604-4c9e-a288-0e166e01d87e: start FollowerState
2019-09-19 16:58:08,016 [pool-38-thread-1] INFO  util.JmxRegister (JmxRegister.java:tryRegister(44)) - Successfully registered JMX Bean with object name Ratis:service=RaftServer,group=group-5563E1354AE8,id=e29bd0e7-6604-4c9e-a288-0e166e01d87e
2019-09-19 16:58:08,037 [RatisPipelineUtilsThread] INFO  pipeline.PipelineStateManager (PipelineStateManager.java:addPipeline(56)) - Created pipeline Pipeline[ Id: 57fe929c-5020-4652-82fc-5563e1354ae8, Nodes: e29bd0e7-6604-4c9e-a288-0e166e01d87e{ip: 192.168.157.226, host: pr-hdds-1569-swxfz-3172132826, networkLocation: /default-rack, certSerialId: null}, Type:RATIS, Factor:ONE, State:OPEN]
2019-09-19 16:58:08,059 [grpc-default-executor-0] INFO  impl.RaftServerProxy (RaftServerProxy.java:addNew(89)) - e29bd0e7-6604-4c9e-a288-0e166e01d87e: addNew group-F666BEBD4950:[e29bd0e7-6604-4c9e-a288-0e166e01d87e:192.168.157.226:38132] returns group-F666BEBD4950:java.util.concurrent.CompletableFuture@321f8639[Not completed]
2019-09-19 16:58:08,061 [pool-38-thread-1] INFO  impl.RaftServerImpl (RaftServerImpl.java:<init>(93)) - e29bd0e7-6604-4c9e-a288-0e166e01d87e: new RaftServerImpl for group-F666BEBD4950:[e29bd0e7-6604-4c9e-a288-0e166e01d87e:192.168.157.226:38132] with ContainerStateMachine:uninitialized
2019-09-19 16:58:08,061 [pool-38-thread-1] INFO  server.RaftServerConfigKeys (ConfUtils.java:logGet(43)) - raft.server.rpc.timeout.min = 5s (custom)
2019-09-19 16:58:08,061 [pool-38-thread-1] INFO  server.RaftServerConfigKeys (ConfUtils.java:logGet(43)) - raft.server.rpc.timeout.max = 5200ms (custom)
2019-09-19 16:58:08,061 [pool-38-thread-1] INFO  server.RaftServerConfigKeys (ConfUtils.java:logGet(43)) - raft.server.rpcslowness.timeout = 120s (custom)
2019-09-19 16:58:08,062 [pool-38-thread-1] INFO  server.RaftServerConfigKeys (ConfUtils.java:logGet(43)) - raft.server.sleep.deviation.threshold = 300 (default)
2019-09-19 16:58:08,062 [pool-38-thread-1] INFO  server.RaftServerConfigKeys (ConfUtils.java:logGet(43)) - raft.server.log.appender.install.snapshot.enabled = false (custom)
2019-09-19 16:58:08,062 [pool-38-thread-1] INFO  impl.RaftServerImpl (ServerState.java:<init>(105)) - e29bd0e7-6604-4c9e-a288-0e166e01d87e:group-F666BEBD4950 ConfigurationManager, init=-1: [e29bd0e7-6604-4c9e-a288-0e166e01d87e:192.168.157.226:38132], old=null, confs=<EMPTY_MAP>
2019-09-19 16:58:08,062 [pool-38-thread-1] INFO  server.RaftServerConfigKeys (ConfUtils.java:logGet(43)) - raft.server.storage.dir = [/workdir/hadoop-ozone/tools/target/test-dir/MiniOzoneClusterImpl-07aed8b0-4e05-46c5-ad79-a4210fff6c42/datanode-1/data/ratis] (custom)
2019-09-19 16:58:08,063 [pool-38-thread-1] INFO  storage.RaftStorageDirectory (RaftStorageDirectory.java:analyzeStorage(246)) - The storage directory /workdir/hadoop-ozone/tools/target/test-dir/MiniOzoneClusterImpl-07aed8b0-4e05-46c5-ad79-a4210fff6c42/datanode-1/data/ratis/73a092c0-d2c3-45b8-a0d7-f666bebd4950 does not exist. Creating ...
2019-09-19 16:58:08,088 [pool-38-thread-1] INFO  storage.RaftStorageDirectory (RaftStorageDirectory.java:tryLock(328)) - Lock on /workdir/hadoop-ozone/tools/target/test-dir/MiniOzoneClusterImpl-07aed8b0-4e05-46c5-ad79-a4210fff6c42/datanode-1/data/ratis/73a092c0-d2c3-45b8-a0d7-f666bebd4950/in_use.lock acquired by nodename 22412@pr-hdds-1569-swxfz-3172132826
2019-09-19 16:58:08,101 [pool-38-thread-1] INFO  storage.RaftStorage (RaftStorage.java:format(72)) - Storage directory /workdir/hadoop-ozone/tools/target/test-dir/MiniOzoneClusterImpl-07aed8b0-4e05-46c5-ad79-a4210fff6c42/datanode-1/data/ratis/73a092c0-d2c3-45b8-a0d7-f666bebd4950 has been successfully formatted.
2019-09-19 16:58:08,102 [pool-38-thread-1] INFO  ratis.ContainerStateMachine (ContainerStateMachine.java:loadSnapshot(226)) - group-F666BEBD4950: The snapshot info is null. Setting the last applied indexto:(t:0, i:~)
2019-09-19 16:58:08,102 [pool-38-thread-1] INFO  server.RaftServerConfigKeys (ConfUtils.java:logGet(43)) - raft.server.leader.election.timeout = 120s (custom)
2019-09-19 16:58:08,102 [pool-38-thread-1] INFO  server.RaftServerConfigKeys (ConfUtils.java:logGet(43)) - raft.server.log.use.memory = false (default)
2019-09-19 16:58:08,102 [pool-38-thread-1] INFO  server.RaftServerConfigKeys (ConfUtils.java:logGet(43)) - raft.server.log.purge.gap = 1000000 (custom)
2019-09-19 16:58:08,103 [pool-38-thread-1] INFO  server.RaftServerConfigKeys (ConfUtils.java:logGet(43)) - raft.server.log.appender.buffer.byte-limit = 33554432 (custom)
2019-09-19 16:58:08,103 [pool-38-thread-1] INFO  server.RaftServerConfigKeys (ConfUtils.java:logGet(43)) - raft.server.log.segment.size.max = 1048576 (custom)
2019-09-19 16:58:08,103 [pool-38-thread-1] INFO  server.RaftServerConfigKeys (ConfUtils.java:logGet(43)) - raft.server.log.segment.cache.num.max = 2 (custom)
2019-09-19 16:58:08,103 [pool-38-thread-1] INFO  segmented.SegmentedRaftLogWorker (SegmentedRaftLogWorker.java:<init>(172)) - new e29bd0e7-6604-4c9e-a288-0e166e01d87e-SegmentedRaftLogWorker:Storage Directory /workdir/hadoop-ozone/tools/target/test-dir/MiniOzoneClusterImpl-07aed8b0-4e05-46c5-ad79-a4210fff6c42/datanode-1/data/ratis/73a092c0-d2c3-45b8-a0d7-f666bebd4950 for RaftStorage:Storage Directory /workdir/hadoop-ozone/tools/target/test-dir/MiniOzoneClusterImpl-07aed8b0-4e05-46c5-ad79-a4210fff6c42/datanode-1/data/ratis/73a092c0-d2c3-45b8-a0d7-f666bebd4950
2019-09-19 16:58:08,104 [pool-38-thread-1] INFO  server.RaftServerConfigKeys (ConfUtils.java:logGet(43)) - raft.server.log.queue.byte-limit = 2147483647 (custom)
2019-09-19 16:58:08,104 [pool-38-thread-1] INFO  server.RaftServerConfigKeys (ConfUtils.java:logGet(43)) - raft.server.log.queue.element-limit = 1024 (custom)
2019-09-19 16:58:08,104 [pool-38-thread-1] INFO  server.RaftServerConfigKeys (ConfUtils.java:logGet(43)) - raft.server.log.segment.size.max = 1048576 (custom)
2019-09-19 16:58:08,104 [pool-38-thread-1] INFO  server.RaftServerConfigKeys (ConfUtils.java:logGet(43)) - raft.server.log.preallocated.size = 16384 (custom)
2019-09-19 16:58:08,104 [pool-38-thread-1] INFO  server.RaftServerConfigKeys (ConfUtils.java:logGet(43)) - raft.server.log.write.buffer.size = 33554432 (custom)
2019-09-19 16:58:08,105 [pool-38-thread-1] INFO  server.RaftServerConfigKeys (ConfUtils.java:logGet(43)) - raft.server.log.force.sync.num = 128 (default)
2019-09-19 16:58:08,105 [pool-38-thread-1] INFO  server.RaftServerConfigKeys (ConfUtils.java:logGet(43)) - raft.server.log.statemachine.data.sync = true (default)
2019-09-19 16:58:08,105 [pool-38-thread-1] INFO  server.RaftServerConfigKeys (ConfUtils.java:logGet(43)) - raft.server.log.statemachine.data.sync.timeout = 10s (default)
2019-09-19 16:58:08,105 [pool-38-thread-1] INFO  server.RaftServerConfigKeys (ConfUtils.java:logGet(43)) - raft.server.log.statemachine.data.sync.timeout.retry = -1 (default)
2019-09-19 16:58:08,106 [pool-38-thread-1] INFO  server.RaftServerConfigKeys (ConfUtils.java:logGet(43)) - raft.server.log.statemachine.data.caching.enabled = true (custom)
2019-09-19 16:58:08,106 [pool-38-thread-1] INFO  segmented.SegmentedRaftLogWorker (SegmentedRaftLogWorker.java:lambda$new$0(132)) - e29bd0e7-6604-4c9e-a288-0e166e01d87e-SegmentedRaftLogWorker:Storage Directory /workdir/hadoop-ozone/tools/target/test-dir/MiniOzoneClusterImpl-07aed8b0-4e05-46c5-ad79-a4210fff6c42/datanode-1/data/ratis/73a092c0-d2c3-45b8-a0d7-f666bebd4950: flushIndex: setUnconditionally 0 -> -1
2019-09-19 16:58:08,106 [pool-38-thread-1] INFO  server.RaftServerConfigKeys (ConfUtils.java:logGet(43)) - raft.server.snapshot.auto.trigger.enabled = true (custom)
2019-09-19 16:58:08,107 [pool-38-thread-1] INFO  server.RaftServerConfigKeys (ConfUtils.java:logGet(43)) - raft.server.snapshot.auto.trigger.threshold = 10000 (custom)
2019-09-19 16:58:08,107 [pool-38-thread-1] INFO  server.RaftServerConfigKeys (ConfUtils.java:logGet(43)) - raft.server.retrycache.expirytime = 600000ms (custom)
2019-09-19 16:58:08,107 [pool-38-thread-1] INFO  impl.RaftServerImpl (RaftServerImpl.java:start(180)) - e29bd0e7-6604-4c9e-a288-0e166e01d87e: start group-F666BEBD4950
2019-09-19 16:58:08,107 [pool-38-thread-1] INFO  impl.RaftServerImpl (RaftServerImpl.java:setRole(171)) - e29bd0e7-6604-4c9e-a288-0e166e01d87e:group-F666BEBD4950 changes role from null to FOLLOWER at term 0 for startAsFollower
2019-09-19 16:58:08,108 [pool-38-thread-1] INFO  impl.RoleInfo (RoleInfo.java:updateAndGet(143)) - e29bd0e7-6604-4c9e-a288-0e166e01d87e: start FollowerState
2019-09-19 16:58:08,108 [pool-38-thread-1] INFO  util.JmxRegister (JmxRegister.java:tryRegister(44)) - Successfully registered JMX Bean with object name Ratis:service=RaftServer,group=group-F666BEBD4950,id=e29bd0e7-6604-4c9e-a288-0e166e01d87e
2019-09-19 16:58:08,122 [RatisPipelineUtilsThread] INFO  pipeline.PipelineStateManager (PipelineStateManager.java:addPipeline(56)) - Created pipeline Pipeline[ Id: 73a092c0-d2c3-45b8-a0d7-f666bebd4950, Nodes: e29bd0e7-6604-4c9e-a288-0e166e01d87e{ip: 192.168.157.226, host: pr-hdds-1569-swxfz-3172132826, networkLocation: /default-rack, certSerialId: null}, Type:RATIS, Factor:ONE, State:OPEN]
2019-09-19 16:58:08,144 [grpc-default-executor-0] INFO  impl.RaftServerProxy (RaftServerProxy.java:addNew(89)) - d3f68efe-c22b-404c-9d92-5b3617bd70f9: addNew group-AB7AE3DD3632:[d3f68efe-c22b-404c-9d92-5b3617bd70f9:192.168.157.226:42155] returns group-AB7AE3DD3632:java.util.concurrent.CompletableFuture@43e3b552[Not completed]
2019-09-19 16:58:08,157 [pool-27-thread-1] INFO  impl.RaftServerImpl (RaftServerImpl.java:<init>(93)) - d3f68efe-c22b-404c-9d92-5b3617bd70f9: new RaftServerImpl for group-AB7AE3DD3632:[d3f68efe-c22b-404c-9d92-5b3617bd70f9:192.168.157.226:42155] with ContainerStateMachine:uninitialized
2019-09-19 16:58:08,158 [pool-27-thread-1] INFO  server.RaftServerConfigKeys (ConfUtils.java:logGet(43)) - raft.server.rpc.timeout.min = 5s (custom)
2019-09-19 16:58:08,158 [pool-27-thread-1] INFO  server.RaftServerConfigKeys (ConfUtils.java:logGet(43)) - raft.server.rpc.timeout.max = 5200ms (custom)
2019-09-19 16:58:08,158 [pool-27-thread-1] INFO  server.RaftServerConfigKeys (ConfUtils.java:logGet(43)) - raft.server.rpcslowness.timeout = 120s (custom)
2019-09-19 16:58:08,158 [pool-27-thread-1] INFO  server.RaftServerConfigKeys (ConfUtils.java:logGet(43)) - raft.server.sleep.deviation.threshold = 300 (default)
2019-09-19 16:58:08,158 [pool-27-thread-1] INFO  server.RaftServerConfigKeys (ConfUtils.java:logGet(43)) - raft.server.log.appender.install.snapshot.enabled = false (custom)
2019-09-19 16:58:08,158 [pool-27-thread-1] INFO  impl.RaftServerImpl (ServerState.java:<init>(105)) - d3f68efe-c22b-404c-9d92-5b3617bd70f9:group-AB7AE3DD3632 ConfigurationManager, init=-1: [d3f68efe-c22b-404c-9d92-5b3617bd70f9:192.168.157.226:42155], old=null, confs=<EMPTY_MAP>
2019-09-19 16:58:08,159 [pool-27-thread-1] INFO  server.RaftServerConfigKeys (ConfUtils.java:logGet(43)) - raft.server.storage.dir = [/workdir/hadoop-ozone/tools/target/test-dir/MiniOzoneClusterImpl-07aed8b0-4e05-46c5-ad79-a4210fff6c42/datanode-0/data/ratis] (custom)
2019-09-19 16:58:08,159 [pool-27-thread-1] INFO  storage.RaftStorageDirectory (RaftStorageDirectory.java:analyzeStorage(246)) - The storage directory /workdir/hadoop-ozone/tools/target/test-dir/MiniOzoneClusterImpl-07aed8b0-4e05-46c5-ad79-a4210fff6c42/datanode-0/data/ratis/aa94096b-5523-43ed-8cb9-ab7ae3dd3632 does not exist. Creating ...
2019-09-19 16:58:08,171 [pool-27-thread-1] INFO  storage.RaftStorageDirectory (RaftStorageDirectory.java:tryLock(328)) - Lock on /workdir/hadoop-ozone/tools/target/test-dir/MiniOzoneClusterImpl-07aed8b0-4e05-46c5-ad79-a4210fff6c42/datanode-0/data/ratis/aa94096b-5523-43ed-8cb9-ab7ae3dd3632/in_use.lock acquired by nodename 22412@pr-hdds-1569-swxfz-3172132826
2019-09-19 16:58:08,184 [pool-27-thread-1] INFO  storage.RaftStorage (RaftStorage.java:format(72)) - Storage directory /workdir/hadoop-ozone/tools/target/test-dir/MiniOzoneClusterImpl-07aed8b0-4e05-46c5-ad79-a4210fff6c42/datanode-0/data/ratis/aa94096b-5523-43ed-8cb9-ab7ae3dd3632 has been successfully formatted.
2019-09-19 16:58:08,185 [pool-27-thread-1] INFO  ratis.ContainerStateMachine (ContainerStateMachine.java:loadSnapshot(226)) - group-AB7AE3DD3632: The snapshot info is null. Setting the last applied indexto:(t:0, i:~)
2019-09-19 16:58:08,185 [pool-27-thread-1] INFO  server.RaftServerConfigKeys (ConfUtils.java:logGet(43)) - raft.server.leader.election.timeout = 120s (custom)
2019-09-19 16:58:08,185 [pool-27-thread-1] INFO  server.RaftServerConfigKeys (ConfUtils.java:logGet(43)) - raft.server.log.use.memory = false (default)
2019-09-19 16:58:08,185 [pool-27-thread-1] INFO  server.RaftServerConfigKeys (ConfUtils.java:logGet(43)) - raft.server.log.purge.gap = 1000000 (custom)
2019-09-19 16:58:08,185 [pool-27-thread-1] INFO  server.RaftServerConfigKeys (ConfUtils.java:logGet(43)) - raft.server.log.appender.buffer.byte-limit = 33554432 (custom)
2019-09-19 16:58:08,186 [pool-27-thread-1] INFO  server.RaftServerConfigKeys (ConfUtils.java:logGet(43)) - raft.server.log.segment.size.max = 1048576 (custom)
2019-09-19 16:58:08,186 [pool-27-thread-1] INFO  server.RaftServerConfigKeys (ConfUtils.java:logGet(43)) - raft.server.log.segment.cache.num.max = 2 (custom)
2019-09-19 16:58:08,186 [pool-27-thread-1] INFO  segmented.SegmentedRaftLogWorker (SegmentedRaftLogWorker.java:<init>(172)) - new d3f68efe-c22b-404c-9d92-5b3617bd70f9-SegmentedRaftLogWorker:Storage Directory /workdir/hadoop-ozone/tools/target/test-dir/MiniOzoneClusterImpl-07aed8b0-4e05-46c5-ad79-a4210fff6c42/datanode-0/data/ratis/aa94096b-5523-43ed-8cb9-ab7ae3dd3632 for RaftStorage:Storage Directory /workdir/hadoop-ozone/tools/target/test-dir/MiniOzoneClusterImpl-07aed8b0-4e05-46c5-ad79-a4210fff6c42/datanode-0/data/ratis/aa94096b-5523-43ed-8cb9-ab7ae3dd3632
2019-09-19 16:58:08,186 [pool-27-thread-1] INFO  server.RaftServerConfigKeys (ConfUtils.java:logGet(43)) - raft.server.log.queue.byte-limit = 2147483647 (custom)
2019-09-19 16:58:08,186 [pool-27-thread-1] INFO  server.RaftServerConfigKeys (ConfUtils.java:logGet(43)) - raft.server.log.queue.element-limit = 1024 (custom)
2019-09-19 16:58:08,187 [pool-27-thread-1] INFO  server.RaftServerConfigKeys (ConfUtils.java:logGet(43)) - raft.server.log.segment.size.max = 1048576 (custom)
2019-09-19 16:58:08,187 [pool-27-thread-1] INFO  server.RaftServerConfigKeys (ConfUtils.java:logGet(43)) - raft.server.log.preallocated.size = 16384 (custom)
2019-09-19 16:58:08,187 [pool-27-thread-1] INFO  server.RaftServerConfigKeys (ConfUtils.java:logGet(43)) - raft.server.log.write.buffer.size = 33554432 (custom)
2019-09-19 16:58:08,187 [pool-27-thread-1] INFO  server.RaftServerConfigKeys (ConfUtils.java:logGet(43)) - raft.server.log.force.sync.num = 128 (default)
2019-09-19 16:58:08,187 [pool-27-thread-1] INFO  server.RaftServerConfigKeys (ConfUtils.java:logGet(43)) - raft.server.log.statemachine.data.sync = true (default)
2019-09-19 16:58:08,188 [pool-27-thread-1] INFO  server.RaftServerConfigKeys (ConfUtils.java:logGet(43)) - raft.server.log.statemachine.data.sync.timeout = 10s (default)
2019-09-19 16:58:08,188 [pool-27-thread-1] INFO  server.RaftServerConfigKeys (ConfUtils.java:logGet(43)) - raft.server.log.statemachine.data.sync.timeout.retry = -1 (default)
2019-09-19 16:58:08,188 [pool-27-thread-1] INFO  server.RaftServerConfigKeys (ConfUtils.java:logGet(43)) - raft.server.log.statemachine.data.caching.enabled = true (custom)
2019-09-19 16:58:08,188 [pool-27-thread-1] INFO  segmented.SegmentedRaftLogWorker (SegmentedRaftLogWorker.java:lambda$new$0(132)) - d3f68efe-c22b-404c-9d92-5b3617bd70f9-SegmentedRaftLogWorker:Storage Directory /workdir/hadoop-ozone/tools/target/test-dir/MiniOzoneClusterImpl-07aed8b0-4e05-46c5-ad79-a4210fff6c42/datanode-0/data/ratis/aa94096b-5523-43ed-8cb9-ab7ae3dd3632: flushIndex: setUnconditionally 0 -> -1
2019-09-19 16:58:08,189 [pool-27-thread-1] INFO  server.RaftServerConfigKeys (ConfUtils.java:logGet(43)) - raft.server.snapshot.auto.trigger.enabled = true (custom)
2019-09-19 16:58:08,189 [pool-27-thread-1] INFO  server.RaftServerConfigKeys (ConfUtils.java:logGet(43)) - raft.server.snapshot.auto.trigger.threshold = 10000 (custom)
2019-09-19 16:58:08,189 [pool-27-thread-1] INFO  server.RaftServerConfigKeys (ConfUtils.java:logGet(43)) - raft.server.retrycache.expirytime = 600000ms (custom)
2019-09-19 16:58:08,190 [pool-27-thread-1] INFO  impl.RaftServerImpl (RaftServerImpl.java:start(180)) - d3f68efe-c22b-404c-9d92-5b3617bd70f9: start group-AB7AE3DD3632
2019-09-19 16:58:08,190 [pool-27-thread-1] INFO  impl.RaftServerImpl (RaftServerImpl.java:setRole(171)) - d3f68efe-c22b-404c-9d92-5b3617bd70f9:group-AB7AE3DD3632 changes role from null to FOLLOWER at term 0 for startAsFollower
2019-09-19 16:58:08,190 [pool-27-thread-1] INFO  impl.RoleInfo (RoleInfo.java:updateAndGet(143)) - d3f68efe-c22b-404c-9d92-5b3617bd70f9: start FollowerState
2019-09-19 16:58:08,191 [pool-27-thread-1] INFO  util.JmxRegister (JmxRegister.java:tryRegister(44)) - Successfully registered JMX Bean with object name Ratis:service=RaftServer,group=group-AB7AE3DD3632,id=d3f68efe-c22b-404c-9d92-5b3617bd70f9
2019-09-19 16:58:08,204 [RatisPipelineUtilsThread] INFO  pipeline.PipelineStateManager (PipelineStateManager.java:addPipeline(56)) - Created pipeline Pipeline[ Id: aa94096b-5523-43ed-8cb9-ab7ae3dd3632, Nodes: d3f68efe-c22b-404c-9d92-5b3617bd70f9{ip: 192.168.157.226, host: pr-hdds-1569-swxfz-3172132826, networkLocation: /default-rack, certSerialId: null}, Type:RATIS, Factor:ONE, State:OPEN]
2019-09-19 16:58:08,228 [grpc-default-executor-0] INFO  impl.RaftServerProxy (RaftServerProxy.java:addNew(89)) - e29bd0e7-6604-4c9e-a288-0e166e01d87e: addNew group-5E0C18807813:[e29bd0e7-6604-4c9e-a288-0e166e01d87e:192.168.157.226:38132] returns group-5E0C18807813:java.util.concurrent.CompletableFuture@65df97b[Not completed]
2019-09-19 16:58:08,230 [pool-38-thread-1] INFO  impl.RaftServerImpl (RaftServerImpl.java:<init>(93)) - e29bd0e7-6604-4c9e-a288-0e166e01d87e: new RaftServerImpl for group-5E0C18807813:[e29bd0e7-6604-4c9e-a288-0e166e01d87e:192.168.157.226:38132] with ContainerStateMachine:uninitialized
2019-09-19 16:58:08,231 [pool-38-thread-1] INFO  server.RaftServerConfigKeys (ConfUtils.java:logGet(43)) - raft.server.rpc.timeout.min = 5s (custom)
2019-09-19 16:58:08,231 [pool-38-thread-1] INFO  server.RaftServerConfigKeys (ConfUtils.java:logGet(43)) - raft.server.rpc.timeout.max = 5200ms (custom)
2019-09-19 16:58:08,231 [pool-38-thread-1] INFO  server.RaftServerConfigKeys (ConfUtils.java:logGet(43)) - raft.server.rpcslowness.timeout = 120s (custom)
2019-09-19 16:58:08,231 [pool-38-thread-1] INFO  server.RaftServerConfigKeys (ConfUtils.java:logGet(43)) - raft.server.sleep.deviation.threshold = 300 (default)
2019-09-19 16:58:08,231 [pool-38-thread-1] INFO  server.RaftServerConfigKeys (ConfUtils.java:logGet(43)) - raft.server.log.appender.install.snapshot.enabled = false (custom)
2019-09-19 16:58:08,232 [pool-38-thread-1] INFO  impl.RaftServerImpl (ServerState.java:<init>(105)) - e29bd0e7-6604-4c9e-a288-0e166e01d87e:group-5E0C18807813 ConfigurationManager, init=-1: [e29bd0e7-6604-4c9e-a288-0e166e01d87e:192.168.157.226:38132], old=null, confs=<EMPTY_MAP>
2019-09-19 16:58:08,232 [pool-38-thread-1] INFO  server.RaftServerConfigKeys (ConfUtils.java:logGet(43)) - raft.server.storage.dir = [/workdir/hadoop-ozone/tools/target/test-dir/MiniOzoneClusterImpl-07aed8b0-4e05-46c5-ad79-a4210fff6c42/datanode-1/data/ratis] (custom)
2019-09-19 16:58:08,232 [pool-38-thread-1] INFO  storage.RaftStorageDirectory (RaftStorageDirectory.java:analyzeStorage(246)) - The storage directory /workdir/hadoop-ozone/tools/target/test-dir/MiniOzoneClusterImpl-07aed8b0-4e05-46c5-ad79-a4210fff6c42/datanode-1/data/ratis/3dbba961-52dc-4b57-b6a5-5e0c18807813 does not exist. Creating ...
2019-09-19 16:58:08,245 [pool-38-thread-1] INFO  storage.RaftStorageDirectory (RaftStorageDirectory.java:tryLock(328)) - Lock on /workdir/hadoop-ozone/tools/target/test-dir/MiniOzoneClusterImpl-07aed8b0-4e05-46c5-ad79-a4210fff6c42/datanode-1/data/ratis/3dbba961-52dc-4b57-b6a5-5e0c18807813/in_use.lock acquired by nodename 22412@pr-hdds-1569-swxfz-3172132826
2019-09-19 16:58:08,279 [pool-38-thread-1] INFO  storage.RaftStorage (RaftStorage.java:format(72)) - Storage directory /workdir/hadoop-ozone/tools/target/test-dir/MiniOzoneClusterImpl-07aed8b0-4e05-46c5-ad79-a4210fff6c42/datanode-1/data/ratis/3dbba961-52dc-4b57-b6a5-5e0c18807813 has been successfully formatted.
2019-09-19 16:58:08,279 [pool-38-thread-1] INFO  ratis.ContainerStateMachine (ContainerStateMachine.java:loadSnapshot(226)) - group-5E0C18807813: The snapshot info is null. Setting the last applied indexto:(t:0, i:~)
2019-09-19 16:58:08,280 [pool-38-thread-1] INFO  server.RaftServerConfigKeys (ConfUtils.java:logGet(43)) - raft.server.leader.election.timeout = 120s (custom)
2019-09-19 16:58:08,280 [pool-38-thread-1] INFO  server.RaftServerConfigKeys (ConfUtils.java:logGet(43)) - raft.server.log.use.memory = false (default)
2019-09-19 16:58:08,280 [pool-38-thread-1] INFO  server.RaftServerConfigKeys (ConfUtils.java:logGet(43)) - raft.server.log.purge.gap = 1000000 (custom)
2019-09-19 16:58:08,280 [pool-38-thread-1] INFO  server.RaftServerConfigKeys (ConfUtils.java:logGet(43)) - raft.server.log.appender.buffer.byte-limit = 33554432 (custom)
2019-09-19 16:58:08,281 [pool-38-thread-1] INFO  server.RaftServerConfigKeys (ConfUtils.java:logGet(43)) - raft.server.log.segment.size.max = 1048576 (custom)
2019-09-19 16:58:08,281 [pool-38-thread-1] INFO  server.RaftServerConfigKeys (ConfUtils.java:logGet(43)) - raft.server.log.segment.cache.num.max = 2 (custom)
2019-09-19 16:58:08,281 [pool-38-thread-1] INFO  segmented.SegmentedRaftLogWorker (SegmentedRaftLogWorker.java:<init>(172)) - new e29bd0e7-6604-4c9e-a288-0e166e01d87e-SegmentedRaftLogWorker:Storage Directory /workdir/hadoop-ozone/tools/target/test-dir/MiniOzoneClusterImpl-07aed8b0-4e05-46c5-ad79-a4210fff6c42/datanode-1/data/ratis/3dbba961-52dc-4b57-b6a5-5e0c18807813 for RaftStorage:Storage Directory /workdir/hadoop-ozone/tools/target/test-dir/MiniOzoneClusterImpl-07aed8b0-4e05-46c5-ad79-a4210fff6c42/datanode-1/data/ratis/3dbba961-52dc-4b57-b6a5-5e0c18807813
2019-09-19 16:58:08,281 [pool-38-thread-1] INFO  server.RaftServerConfigKeys (ConfUtils.java:logGet(43)) - raft.server.log.queue.byte-limit = 2147483647 (custom)
2019-09-19 16:58:08,281 [pool-38-thread-1] INFO  server.RaftServerConfigKeys (ConfUtils.java:logGet(43)) - raft.server.log.queue.element-limit = 1024 (custom)
2019-09-19 16:58:08,282 [pool-38-thread-1] INFO  server.RaftServerConfigKeys (ConfUtils.java:logGet(43)) - raft.server.log.segment.size.max = 1048576 (custom)
2019-09-19 16:58:08,282 [pool-38-thread-1] INFO  server.RaftServerConfigKeys (ConfUtils.java:logGet(43)) - raft.server.log.preallocated.size = 16384 (custom)
2019-09-19 16:58:08,282 [pool-38-thread-1] INFO  server.RaftServerConfigKeys (ConfUtils.java:logGet(43)) - raft.server.log.write.buffer.size = 33554432 (custom)
2019-09-19 16:58:08,282 [pool-38-thread-1] INFO  server.RaftServerConfigKeys (ConfUtils.java:logGet(43)) - raft.server.log.force.sync.num = 128 (default)
2019-09-19 16:58:08,282 [pool-38-thread-1] INFO  server.RaftServerConfigKeys (ConfUtils.java:logGet(43)) - raft.server.log.statemachine.data.sync = true (default)
2019-09-19 16:58:08,283 [pool-38-thread-1] INFO  server.RaftServerConfigKeys (ConfUtils.java:logGet(43)) - raft.server.log.statemachine.data.sync.timeout = 10s (default)
2019-09-19 16:58:08,283 [pool-38-thread-1] INFO  server.RaftServerConfigKeys (ConfUtils.java:logGet(43)) - raft.server.log.statemachine.data.sync.timeout.retry = -1 (default)
2019-09-19 16:58:08,283 [pool-38-thread-1] INFO  server.RaftServerConfigKeys (ConfUtils.java:logGet(43)) - raft.server.log.statemachine.data.caching.enabled = true (custom)
2019-09-19 16:58:08,284 [pool-38-thread-1] INFO  segmented.SegmentedRaftLogWorker (SegmentedRaftLogWorker.java:lambda$new$0(132)) - e29bd0e7-6604-4c9e-a288-0e166e01d87e-SegmentedRaftLogWorker:Storage Directory /workdir/hadoop-ozone/tools/target/test-dir/MiniOzoneClusterImpl-07aed8b0-4e05-46c5-ad79-a4210fff6c42/datanode-1/data/ratis/3dbba961-52dc-4b57-b6a5-5e0c18807813: flushIndex: setUnconditionally 0 -> -1
2019-09-19 16:58:08,284 [pool-38-thread-1] INFO  server.RaftServerConfigKeys (ConfUtils.java:logGet(43)) - raft.server.snapshot.auto.trigger.enabled = true (custom)
2019-09-19 16:58:08,284 [pool-38-thread-1] INFO  server.RaftServerConfigKeys (ConfUtils.java:logGet(43)) - raft.server.snapshot.auto.trigger.threshold = 10000 (custom)
2019-09-19 16:58:08,285 [pool-38-thread-1] INFO  server.RaftServerConfigKeys (ConfUtils.java:logGet(43)) - raft.server.retrycache.expirytime = 600000ms (custom)
2019-09-19 16:58:08,285 [pool-38-thread-1] INFO  impl.RaftServerImpl (RaftServerImpl.java:start(180)) - e29bd0e7-6604-4c9e-a288-0e166e01d87e: start group-5E0C18807813
2019-09-19 16:58:08,285 [pool-38-thread-1] INFO  impl.RaftServerImpl (RaftServerImpl.java:setRole(171)) - e29bd0e7-6604-4c9e-a288-0e166e01d87e:group-5E0C18807813 changes role from null to FOLLOWER at term 0 for startAsFollower
2019-09-19 16:58:08,285 [pool-38-thread-1] INFO  impl.RoleInfo (RoleInfo.java:updateAndGet(143)) - e29bd0e7-6604-4c9e-a288-0e166e01d87e: start FollowerState
2019-09-19 16:58:08,286 [pool-38-thread-1] INFO  util.JmxRegister (JmxRegister.java:tryRegister(44)) - Successfully registered JMX Bean with object name Ratis:service=RaftServer,group=group-5E0C18807813,id=e29bd0e7-6604-4c9e-a288-0e166e01d87e
2019-09-19 16:58:08,299 [RatisPipelineUtilsThread] INFO  pipeline.PipelineStateManager (PipelineStateManager.java:addPipeline(56)) - Created pipeline Pipeline[ Id: 3dbba961-52dc-4b57-b6a5-5e0c18807813, Nodes: e29bd0e7-6604-4c9e-a288-0e166e01d87e{ip: 192.168.157.226, host: pr-hdds-1569-swxfz-3172132826, networkLocation: /default-rack, certSerialId: null}, Type:RATIS, Factor:ONE, State:OPEN]
2019-09-19 16:58:08,321 [grpc-default-executor-0] INFO  impl.RaftServerProxy (RaftServerProxy.java:addNew(89)) - e29bd0e7-6604-4c9e-a288-0e166e01d87e: addNew group-68D30C0B41BF:[e29bd0e7-6604-4c9e-a288-0e166e01d87e:192.168.157.226:38132] returns group-68D30C0B41BF:java.util.concurrent.CompletableFuture@6c6e3cdf[Not completed]
2019-09-19 16:58:08,323 [pool-38-thread-1] INFO  impl.RaftServerImpl (RaftServerImpl.java:<init>(93)) - e29bd0e7-6604-4c9e-a288-0e166e01d87e: new RaftServerImpl for group-68D30C0B41BF:[e29bd0e7-6604-4c9e-a288-0e166e01d87e:192.168.157.226:38132] with ContainerStateMachine:uninitialized
2019-09-19 16:58:08,323 [pool-38-thread-1] INFO  server.RaftServerConfigKeys (ConfUtils.java:logGet(43)) - raft.server.rpc.timeout.min = 5s (custom)
2019-09-19 16:58:08,323 [pool-38-thread-1] INFO  server.RaftServerConfigKeys (ConfUtils.java:logGet(43)) - raft.server.rpc.timeout.max = 5200ms (custom)
2019-09-19 16:58:08,324 [pool-38-thread-1] INFO  server.RaftServerConfigKeys (ConfUtils.java:logGet(43)) - raft.server.rpcslowness.timeout = 120s (custom)
2019-09-19 16:58:08,324 [pool-38-thread-1] INFO  server.RaftServerConfigKeys (ConfUtils.java:logGet(43)) - raft.server.sleep.deviation.threshold = 300 (default)
2019-09-19 16:58:08,324 [pool-38-thread-1] INFO  server.RaftServerConfigKeys (ConfUtils.java:logGet(43)) - raft.server.log.appender.install.snapshot.enabled = false (custom)
2019-09-19 16:58:08,324 [pool-38-thread-1] INFO  impl.RaftServerImpl (ServerState.java:<init>(105)) - e29bd0e7-6604-4c9e-a288-0e166e01d87e:group-68D30C0B41BF ConfigurationManager, init=-1: [e29bd0e7-6604-4c9e-a288-0e166e01d87e:192.168.157.226:38132], old=null, confs=<EMPTY_MAP>
2019-09-19 16:58:08,324 [pool-38-thread-1] INFO  server.RaftServerConfigKeys (ConfUtils.java:logGet(43)) - raft.server.storage.dir = [/workdir/hadoop-ozone/tools/target/test-dir/MiniOzoneClusterImpl-07aed8b0-4e05-46c5-ad79-a4210fff6c42/datanode-1/data/ratis] (custom)
2019-09-19 16:58:08,325 [pool-38-thread-1] INFO  storage.RaftStorageDirectory (RaftStorageDirectory.java:analyzeStorage(246)) - The storage directory /workdir/hadoop-ozone/tools/target/test-dir/MiniOzoneClusterImpl-07aed8b0-4e05-46c5-ad79-a4210fff6c42/datanode-1/data/ratis/71d90bc7-4f30-4824-8aec-68d30c0b41bf does not exist. Creating ...
2019-09-19 16:58:08,349 [pool-38-thread-1] INFO  storage.RaftStorageDirectory (RaftStorageDirectory.java:tryLock(328)) - Lock on /workdir/hadoop-ozone/tools/target/test-dir/MiniOzoneClusterImpl-07aed8b0-4e05-46c5-ad79-a4210fff6c42/datanode-1/data/ratis/71d90bc7-4f30-4824-8aec-68d30c0b41bf/in_use.lock acquired by nodename 22412@pr-hdds-1569-swxfz-3172132826
2019-09-19 16:58:08,363 [pool-38-thread-1] INFO  storage.RaftStorage (RaftStorage.java:format(72)) - Storage directory /workdir/hadoop-ozone/tools/target/test-dir/MiniOzoneClusterImpl-07aed8b0-4e05-46c5-ad79-a4210fff6c42/datanode-1/data/ratis/71d90bc7-4f30-4824-8aec-68d30c0b41bf has been successfully formatted.
2019-09-19 16:58:08,363 [pool-38-thread-1] INFO  ratis.ContainerStateMachine (ContainerStateMachine.java:loadSnapshot(226)) - group-68D30C0B41BF: The snapshot info is null. Setting the last applied indexto:(t:0, i:~)
2019-09-19 16:58:08,363 [pool-38-thread-1] INFO  server.RaftServerConfigKeys (ConfUtils.java:logGet(43)) - raft.server.leader.election.timeout = 120s (custom)
2019-09-19 16:58:08,363 [pool-38-thread-1] INFO  server.RaftServerConfigKeys (ConfUtils.java:logGet(43)) - raft.server.log.use.memory = false (default)
2019-09-19 16:58:08,364 [pool-38-thread-1] INFO  server.RaftServerConfigKeys (ConfUtils.java:logGet(43)) - raft.server.log.purge.gap = 1000000 (custom)
2019-09-19 16:58:08,364 [pool-38-thread-1] INFO  server.RaftServerConfigKeys (ConfUtils.java:logGet(43)) - raft.server.log.appender.buffer.byte-limit = 33554432 (custom)
2019-09-19 16:58:08,364 [pool-38-thread-1] INFO  server.RaftServerConfigKeys (ConfUtils.java:logGet(43)) - raft.server.log.segment.size.max = 1048576 (custom)
2019-09-19 16:58:08,364 [pool-38-thread-1] INFO  server.RaftServerConfigKeys (ConfUtils.java:logGet(43)) - raft.server.log.segment.cache.num.max = 2 (custom)
2019-09-19 16:58:08,365 [pool-38-thread-1] INFO  segmented.SegmentedRaftLogWorker (SegmentedRaftLogWorker.java:<init>(172)) - new e29bd0e7-6604-4c9e-a288-0e166e01d87e-SegmentedRaftLogWorker:Storage Directory /workdir/hadoop-ozone/tools/target/test-dir/MiniOzoneClusterImpl-07aed8b0-4e05-46c5-ad79-a4210fff6c42/datanode-1/data/ratis/71d90bc7-4f30-4824-8aec-68d30c0b41bf for RaftStorage:Storage Directory /workdir/hadoop-ozone/tools/target/test-dir/MiniOzoneClusterImpl-07aed8b0-4e05-46c5-ad79-a4210fff6c42/datanode-1/data/ratis/71d90bc7-4f30-4824-8aec-68d30c0b41bf
2019-09-19 16:58:08,365 [pool-38-thread-1] INFO  server.RaftServerConfigKeys (ConfUtils.java:logGet(43)) - raft.server.log.queue.byte-limit = 2147483647 (custom)
2019-09-19 16:58:08,365 [pool-38-thread-1] INFO  server.RaftServerConfigKeys (ConfUtils.java:logGet(43)) - raft.server.log.queue.element-limit = 1024 (custom)
2019-09-19 16:58:08,365 [pool-38-thread-1] INFO  server.RaftServerConfigKeys (ConfUtils.java:logGet(43)) - raft.server.log.segment.size.max = 1048576 (custom)
2019-09-19 16:58:08,365 [pool-38-thread-1] INFO  server.RaftServerConfigKeys (ConfUtils.java:logGet(43)) - raft.server.log.preallocated.size = 16384 (custom)
2019-09-19 16:58:08,365 [pool-38-thread-1] INFO  server.RaftServerConfigKeys (ConfUtils.java:logGet(43)) - raft.server.log.write.buffer.size = 33554432 (custom)
2019-09-19 16:58:08,366 [pool-38-thread-1] INFO  server.RaftServerConfigKeys (ConfUtils.java:logGet(43)) - raft.server.log.force.sync.num = 128 (default)
2019-09-19 16:58:08,366 [pool-38-thread-1] INFO  server.RaftServerConfigKeys (ConfUtils.java:logGet(43)) - raft.server.log.statemachine.data.sync = true (default)
2019-09-19 16:58:08,366 [pool-38-thread-1] INFO  server.RaftServerConfigKeys (ConfUtils.java:logGet(43)) - raft.server.log.statemachine.data.sync.timeout = 10s (default)
2019-09-19 16:58:08,366 [pool-38-thread-1] INFO  server.RaftServerConfigKeys (ConfUtils.java:logGet(43)) - raft.server.log.statemachine.data.sync.timeout.retry = -1 (default)
2019-09-19 16:58:08,367 [pool-38-thread-1] INFO  server.RaftServerConfigKeys (ConfUtils.java:logGet(43)) - raft.server.log.statemachine.data.caching.enabled = true (custom)
2019-09-19 16:58:08,367 [pool-38-thread-1] INFO  segmented.SegmentedRaftLogWorker (SegmentedRaftLogWorker.java:lambda$new$0(132)) - e29bd0e7-6604-4c9e-a288-0e166e01d87e-SegmentedRaftLogWorker:Storage Directory /workdir/hadoop-ozone/tools/target/test-dir/MiniOzoneClusterImpl-07aed8b0-4e05-46c5-ad79-a4210fff6c42/datanode-1/data/ratis/71d90bc7-4f30-4824-8aec-68d30c0b41bf: flushIndex: setUnconditionally 0 -> -1
2019-09-19 16:58:08,367 [pool-38-thread-1] INFO  server.RaftServerConfigKeys (ConfUtils.java:logGet(43)) - raft.server.snapshot.auto.trigger.enabled = true (custom)
2019-09-19 16:58:08,368 [pool-38-thread-1] INFO  server.RaftServerConfigKeys (ConfUtils.java:logGet(43)) - raft.server.snapshot.auto.trigger.threshold = 10000 (custom)
2019-09-19 16:58:08,368 [pool-38-thread-1] INFO  server.RaftServerConfigKeys (ConfUtils.java:logGet(43)) - raft.server.retrycache.expirytime = 600000ms (custom)
2019-09-19 16:58:08,368 [pool-38-thread-1] INFO  impl.RaftServerImpl (RaftServerImpl.java:start(180)) - e29bd0e7-6604-4c9e-a288-0e166e01d87e: start group-68D30C0B41BF
2019-09-19 16:58:08,368 [pool-38-thread-1] INFO  impl.RaftServerImpl (RaftServerImpl.java:setRole(171)) - e29bd0e7-6604-4c9e-a288-0e166e01d87e:group-68D30C0B41BF changes role from null to FOLLOWER at term 0 for startAsFollower
2019-09-19 16:58:08,368 [pool-38-thread-1] INFO  impl.RoleInfo (RoleInfo.java:updateAndGet(143)) - e29bd0e7-6604-4c9e-a288-0e166e01d87e: start FollowerState
2019-09-19 16:58:08,369 [pool-38-thread-1] INFO  util.JmxRegister (JmxRegister.java:tryRegister(44)) - Successfully registered JMX Bean with object name Ratis:service=RaftServer,group=group-68D30C0B41BF,id=e29bd0e7-6604-4c9e-a288-0e166e01d87e
2019-09-19 16:58:08,386 [RatisPipelineUtilsThread] INFO  pipeline.PipelineStateManager (PipelineStateManager.java:addPipeline(56)) - Created pipeline Pipeline[ Id: 71d90bc7-4f30-4824-8aec-68d30c0b41bf, Nodes: e29bd0e7-6604-4c9e-a288-0e166e01d87e{ip: 192.168.157.226, host: pr-hdds-1569-swxfz-3172132826, networkLocation: /default-rack, certSerialId: null}, Type:RATIS, Factor:ONE, State:OPEN]
2019-09-19 16:58:08,403 [grpc-default-executor-0] INFO  impl.RaftServerProxy (RaftServerProxy.java:addNew(89)) - 293fb764-8d0a-4a2a-b0d4-e27863ca0d27: addNew group-DD1D4D872E5F:[293fb764-8d0a-4a2a-b0d4-e27863ca0d27:192.168.157.226:35657] returns group-DD1D4D872E5F:java.util.concurrent.CompletableFuture@593edefd[Not completed]
2019-09-19 16:58:08,407 [pool-71-thread-1] INFO  impl.RaftServerImpl (RaftServerImpl.java:<init>(93)) - 293fb764-8d0a-4a2a-b0d4-e27863ca0d27: new RaftServerImpl for group-DD1D4D872E5F:[293fb764-8d0a-4a2a-b0d4-e27863ca0d27:192.168.157.226:35657] with ContainerStateMachine:uninitialized
2019-09-19 16:58:08,407 [pool-71-thread-1] INFO  server.RaftServerConfigKeys (ConfUtils.java:logGet(43)) - raft.server.rpc.timeout.min = 5s (custom)
2019-09-19 16:58:08,407 [pool-71-thread-1] INFO  server.RaftServerConfigKeys (ConfUtils.java:logGet(43)) - raft.server.rpc.timeout.max = 5200ms (custom)
2019-09-19 16:58:08,407 [pool-71-thread-1] INFO  server.RaftServerConfigKeys (ConfUtils.java:logGet(43)) - raft.server.rpcslowness.timeout = 120s (custom)
2019-09-19 16:58:08,407 [pool-71-thread-1] INFO  server.RaftServerConfigKeys (ConfUtils.java:logGet(43)) - raft.server.sleep.deviation.threshold = 300 (default)
2019-09-19 16:58:08,408 [pool-71-thread-1] INFO  server.RaftServerConfigKeys (ConfUtils.java:logGet(43)) - raft.server.log.appender.install.snapshot.enabled = false (custom)
2019-09-19 16:58:08,408 [pool-71-thread-1] INFO  impl.RaftServerImpl (ServerState.java:<init>(105)) - 293fb764-8d0a-4a2a-b0d4-e27863ca0d27:group-DD1D4D872E5F ConfigurationManager, init=-1: [293fb764-8d0a-4a2a-b0d4-e27863ca0d27:192.168.157.226:35657], old=null, confs=<EMPTY_MAP>
2019-09-19 16:58:08,408 [pool-71-thread-1] INFO  server.RaftServerConfigKeys (ConfUtils.java:logGet(43)) - raft.server.storage.dir = [/workdir/hadoop-ozone/tools/target/test-dir/MiniOzoneClusterImpl-07aed8b0-4e05-46c5-ad79-a4210fff6c42/datanode-4/data/ratis] (custom)
2019-09-19 16:58:08,408 [pool-71-thread-1] INFO  storage.RaftStorageDirectory (RaftStorageDirectory.java:analyzeStorage(246)) - The storage directory /workdir/hadoop-ozone/tools/target/test-dir/MiniOzoneClusterImpl-07aed8b0-4e05-46c5-ad79-a4210fff6c42/datanode-4/data/ratis/5ecb802a-8cf0-445c-840f-dd1d4d872e5f does not exist. Creating ...
2019-09-19 16:58:08,421 [pool-71-thread-1] INFO  storage.RaftStorageDirectory (RaftStorageDirectory.java:tryLock(328)) - Lock on /workdir/hadoop-ozone/tools/target/test-dir/MiniOzoneClusterImpl-07aed8b0-4e05-46c5-ad79-a4210fff6c42/datanode-4/data/ratis/5ecb802a-8cf0-445c-840f-dd1d4d872e5f/in_use.lock acquired by nodename 22412@pr-hdds-1569-swxfz-3172132826
2019-09-19 16:58:08,434 [pool-71-thread-1] INFO  storage.RaftStorage (RaftStorage.java:format(72)) - Storage directory /workdir/hadoop-ozone/tools/target/test-dir/MiniOzoneClusterImpl-07aed8b0-4e05-46c5-ad79-a4210fff6c42/datanode-4/data/ratis/5ecb802a-8cf0-445c-840f-dd1d4d872e5f has been successfully formatted.
2019-09-19 16:58:08,435 [pool-71-thread-1] INFO  ratis.ContainerStateMachine (ContainerStateMachine.java:loadSnapshot(226)) - group-DD1D4D872E5F: The snapshot info is null. Setting the last applied indexto:(t:0, i:~)
2019-09-19 16:58:08,435 [pool-71-thread-1] INFO  server.RaftServerConfigKeys (ConfUtils.java:logGet(43)) - raft.server.leader.election.timeout = 120s (custom)
2019-09-19 16:58:08,435 [pool-71-thread-1] INFO  server.RaftServerConfigKeys (ConfUtils.java:logGet(43)) - raft.server.log.use.memory = false (default)
2019-09-19 16:58:08,435 [pool-71-thread-1] INFO  server.RaftServerConfigKeys (ConfUtils.java:logGet(43)) - raft.server.log.purge.gap = 1000000 (custom)
2019-09-19 16:58:08,436 [pool-71-thread-1] INFO  server.RaftServerConfigKeys (ConfUtils.java:logGet(43)) - raft.server.log.appender.buffer.byte-limit = 33554432 (custom)
2019-09-19 16:58:08,436 [pool-71-thread-1] INFO  server.RaftServerConfigKeys (ConfUtils.java:logGet(43)) - raft.server.log.segment.size.max = 1048576 (custom)
2019-09-19 16:58:08,436 [pool-71-thread-1] INFO  server.RaftServerConfigKeys (ConfUtils.java:logGet(43)) - raft.server.log.segment.cache.num.max = 2 (custom)
2019-09-19 16:58:08,436 [pool-71-thread-1] INFO  segmented.SegmentedRaftLogWorker (SegmentedRaftLogWorker.java:<init>(172)) - new 293fb764-8d0a-4a2a-b0d4-e27863ca0d27-SegmentedRaftLogWorker:Storage Directory /workdir/hadoop-ozone/tools/target/test-dir/MiniOzoneClusterImpl-07aed8b0-4e05-46c5-ad79-a4210fff6c42/datanode-4/data/ratis/5ecb802a-8cf0-445c-840f-dd1d4d872e5f for RaftStorage:Storage Directory /workdir/hadoop-ozone/tools/target/test-dir/MiniOzoneClusterImpl-07aed8b0-4e05-46c5-ad79-a4210fff6c42/datanode-4/data/ratis/5ecb802a-8cf0-445c-840f-dd1d4d872e5f
2019-09-19 16:58:08,436 [pool-71-thread-1] INFO  server.RaftServerConfigKeys (ConfUtils.java:logGet(43)) - raft.server.log.queue.byte-limit = 2147483647 (custom)
2019-09-19 16:58:08,437 [pool-71-thread-1] INFO  server.RaftServerConfigKeys (ConfUtils.java:logGet(43)) - raft.server.log.queue.element-limit = 1024 (custom)
2019-09-19 16:58:08,437 [pool-71-thread-1] INFO  server.RaftServerConfigKeys (ConfUtils.java:logGet(43)) - raft.server.log.segment.size.max = 1048576 (custom)
2019-09-19 16:58:08,437 [pool-71-thread-1] INFO  server.RaftServerConfigKeys (ConfUtils.java:logGet(43)) - raft.server.log.preallocated.size = 16384 (custom)
2019-09-19 16:58:08,437 [pool-71-thread-1] INFO  server.RaftServerConfigKeys (ConfUtils.java:logGet(43)) - raft.server.log.write.buffer.size = 33554432 (custom)
2019-09-19 16:58:08,438 [pool-71-thread-1] INFO  server.RaftServerConfigKeys (ConfUtils.java:logGet(43)) - raft.server.log.force.sync.num = 128 (default)
2019-09-19 16:58:08,438 [pool-71-thread-1] INFO  server.RaftServerConfigKeys (ConfUtils.java:logGet(43)) - raft.server.log.statemachine.data.sync = true (default)
2019-09-19 16:58:08,438 [pool-71-thread-1] INFO  server.RaftServerConfigKeys (ConfUtils.java:logGet(43)) - raft.server.log.statemachine.data.sync.timeout = 10s (default)
2019-09-19 16:58:08,438 [pool-71-thread-1] INFO  server.RaftServerConfigKeys (ConfUtils.java:logGet(43)) - raft.server.log.statemachine.data.sync.timeout.retry = -1 (default)
2019-09-19 16:58:08,439 [pool-71-thread-1] INFO  server.RaftServerConfigKeys (ConfUtils.java:logGet(43)) - raft.server.log.statemachine.data.caching.enabled = true (custom)
2019-09-19 16:58:08,439 [pool-71-thread-1] INFO  segmented.SegmentedRaftLogWorker (SegmentedRaftLogWorker.java:lambda$new$0(132)) - 293fb764-8d0a-4a2a-b0d4-e27863ca0d27-SegmentedRaftLogWorker:Storage Directory /workdir/hadoop-ozone/tools/target/test-dir/MiniOzoneClusterImpl-07aed8b0-4e05-46c5-ad79-a4210fff6c42/datanode-4/data/ratis/5ecb802a-8cf0-445c-840f-dd1d4d872e5f: flushIndex: setUnconditionally 0 -> -1
2019-09-19 16:58:08,439 [pool-71-thread-1] INFO  server.RaftServerConfigKeys (ConfUtils.java:logGet(43)) - raft.server.snapshot.auto.trigger.enabled = true (custom)
2019-09-19 16:58:08,440 [pool-71-thread-1] INFO  server.RaftServerConfigKeys (ConfUtils.java:logGet(43)) - raft.server.snapshot.auto.trigger.threshold = 10000 (custom)
2019-09-19 16:58:08,440 [pool-71-thread-1] INFO  server.RaftServerConfigKeys (ConfUtils.java:logGet(43)) - raft.server.retrycache.expirytime = 600000ms (custom)
2019-09-19 16:58:08,440 [pool-71-thread-1] INFO  impl.RaftServerImpl (RaftServerImpl.java:start(180)) - 293fb764-8d0a-4a2a-b0d4-e27863ca0d27: start group-DD1D4D872E5F
2019-09-19 16:58:08,440 [pool-71-thread-1] INFO  impl.RaftServerImpl (RaftServerImpl.java:setRole(171)) - 293fb764-8d0a-4a2a-b0d4-e27863ca0d27:group-DD1D4D872E5F changes role from null to FOLLOWER at term 0 for startAsFollower
2019-09-19 16:58:08,440 [pool-71-thread-1] INFO  impl.RoleInfo (RoleInfo.java:updateAndGet(143)) - 293fb764-8d0a-4a2a-b0d4-e27863ca0d27: start FollowerState
2019-09-19 16:58:08,441 [pool-71-thread-1] INFO  util.JmxRegister (JmxRegister.java:tryRegister(44)) - Successfully registered JMX Bean with object name Ratis:service=RaftServer,group=group-DD1D4D872E5F,id=293fb764-8d0a-4a2a-b0d4-e27863ca0d27
2019-09-19 16:58:08,456 [RatisPipelineUtilsThread] INFO  pipeline.PipelineStateManager (PipelineStateManager.java:addPipeline(56)) - Created pipeline Pipeline[ Id: 5ecb802a-8cf0-445c-840f-dd1d4d872e5f, Nodes: 293fb764-8d0a-4a2a-b0d4-e27863ca0d27{ip: 192.168.157.226, host: pr-hdds-1569-swxfz-3172132826, networkLocation: /default-rack, certSerialId: null}, Type:RATIS, Factor:ONE, State:OPEN]
2019-09-19 16:58:08,471 [grpc-default-executor-0] INFO  impl.RaftServerProxy (RaftServerProxy.java:addNew(89)) - e29bd0e7-6604-4c9e-a288-0e166e01d87e: addNew group-DC4353C7823E:[e29bd0e7-6604-4c9e-a288-0e166e01d87e:192.168.157.226:38132] returns group-DC4353C7823E:java.util.concurrent.CompletableFuture@320e1e09[Not completed]
2019-09-19 16:58:08,473 [pool-38-thread-1] INFO  impl.RaftServerImpl (RaftServerImpl.java:<init>(93)) - e29bd0e7-6604-4c9e-a288-0e166e01d87e: new RaftServerImpl for group-DC4353C7823E:[e29bd0e7-6604-4c9e-a288-0e166e01d87e:192.168.157.226:38132] with ContainerStateMachine:uninitialized
2019-09-19 16:58:08,473 [pool-38-thread-1] INFO  server.RaftServerConfigKeys (ConfUtils.java:logGet(43)) - raft.server.rpc.timeout.min = 5s (custom)
2019-09-19 16:58:08,473 [pool-38-thread-1] INFO  server.RaftServerConfigKeys (ConfUtils.java:logGet(43)) - raft.server.rpc.timeout.max = 5200ms (custom)
2019-09-19 16:58:08,474 [pool-38-thread-1] INFO  server.RaftServerConfigKeys (ConfUtils.java:logGet(43)) - raft.server.rpcslowness.timeout = 120s (custom)
2019-09-19 16:58:08,474 [pool-38-thread-1] INFO  server.RaftServerConfigKeys (ConfUtils.java:logGet(43)) - raft.server.sleep.deviation.threshold = 300 (default)
2019-09-19 16:58:08,474 [pool-38-thread-1] INFO  server.RaftServerConfigKeys (ConfUtils.java:logGet(43)) - raft.server.log.appender.install.snapshot.enabled = false (custom)
2019-09-19 16:58:08,474 [pool-38-thread-1] INFO  impl.RaftServerImpl (ServerState.java:<init>(105)) - e29bd0e7-6604-4c9e-a288-0e166e01d87e:group-DC4353C7823E ConfigurationManager, init=-1: [e29bd0e7-6604-4c9e-a288-0e166e01d87e:192.168.157.226:38132], old=null, confs=<EMPTY_MAP>
2019-09-19 16:58:08,474 [pool-38-thread-1] INFO  server.RaftServerConfigKeys (ConfUtils.java:logGet(43)) - raft.server.storage.dir = [/workdir/hadoop-ozone/tools/target/test-dir/MiniOzoneClusterImpl-07aed8b0-4e05-46c5-ad79-a4210fff6c42/datanode-1/data/ratis] (custom)
2019-09-19 16:58:08,475 [pool-38-thread-1] INFO  storage.RaftStorageDirectory (RaftStorageDirectory.java:analyzeStorage(246)) - The storage directory /workdir/hadoop-ozone/tools/target/test-dir/MiniOzoneClusterImpl-07aed8b0-4e05-46c5-ad79-a4210fff6c42/datanode-1/data/ratis/72225933-d34d-4f03-ace1-dc4353c7823e does not exist. Creating ...
2019-09-19 16:58:08,488 [pool-38-thread-1] INFO  storage.RaftStorageDirectory (RaftStorageDirectory.java:tryLock(328)) - Lock on /workdir/hadoop-ozone/tools/target/test-dir/MiniOzoneClusterImpl-07aed8b0-4e05-46c5-ad79-a4210fff6c42/datanode-1/data/ratis/72225933-d34d-4f03-ace1-dc4353c7823e/in_use.lock acquired by nodename 22412@pr-hdds-1569-swxfz-3172132826
2019-09-19 16:58:08,521 [pool-38-thread-1] INFO  storage.RaftStorage (RaftStorage.java:format(72)) - Storage directory /workdir/hadoop-ozone/tools/target/test-dir/MiniOzoneClusterImpl-07aed8b0-4e05-46c5-ad79-a4210fff6c42/datanode-1/data/ratis/72225933-d34d-4f03-ace1-dc4353c7823e has been successfully formatted.
2019-09-19 16:58:08,522 [pool-38-thread-1] INFO  ratis.ContainerStateMachine (ContainerStateMachine.java:loadSnapshot(226)) - group-DC4353C7823E: The snapshot info is null. Setting the last applied indexto:(t:0, i:~)
2019-09-19 16:58:08,522 [pool-38-thread-1] INFO  server.RaftServerConfigKeys (ConfUtils.java:logGet(43)) - raft.server.leader.election.timeout = 120s (custom)
2019-09-19 16:58:08,522 [pool-38-thread-1] INFO  server.RaftServerConfigKeys (ConfUtils.java:logGet(43)) - raft.server.log.use.memory = false (default)
2019-09-19 16:58:08,522 [pool-38-thread-1] INFO  server.RaftServerConfigKeys (ConfUtils.java:logGet(43)) - raft.server.log.purge.gap = 1000000 (custom)
2019-09-19 16:58:08,523 [pool-38-thread-1] INFO  server.RaftServerConfigKeys (ConfUtils.java:logGet(43)) - raft.server.log.appender.buffer.byte-limit = 33554432 (custom)
2019-09-19 16:58:08,523 [pool-38-thread-1] INFO  server.RaftServerConfigKeys (ConfUtils.java:logGet(43)) - raft.server.log.segment.size.max = 1048576 (custom)
2019-09-19 16:58:08,523 [pool-38-thread-1] INFO  server.RaftServerConfigKeys (ConfUtils.java:logGet(43)) - raft.server.log.segment.cache.num.max = 2 (custom)
2019-09-19 16:58:08,523 [pool-38-thread-1] INFO  segmented.SegmentedRaftLogWorker (SegmentedRaftLogWorker.java:<init>(172)) - new e29bd0e7-6604-4c9e-a288-0e166e01d87e-SegmentedRaftLogWorker:Storage Directory /workdir/hadoop-ozone/tools/target/test-dir/MiniOzoneClusterImpl-07aed8b0-4e05-46c5-ad79-a4210fff6c42/datanode-1/data/ratis/72225933-d34d-4f03-ace1-dc4353c7823e for RaftStorage:Storage Directory /workdir/hadoop-ozone/tools/target/test-dir/MiniOzoneClusterImpl-07aed8b0-4e05-46c5-ad79-a4210fff6c42/datanode-1/data/ratis/72225933-d34d-4f03-ace1-dc4353c7823e
2019-09-19 16:58:08,523 [pool-38-thread-1] INFO  server.RaftServerConfigKeys (ConfUtils.java:logGet(43)) - raft.server.log.queue.byte-limit = 2147483647 (custom)
2019-09-19 16:58:08,524 [pool-38-thread-1] INFO  server.RaftServerConfigKeys (ConfUtils.java:logGet(43)) - raft.server.log.queue.element-limit = 1024 (custom)
2019-09-19 16:58:08,524 [pool-38-thread-1] INFO  server.RaftServerConfigKeys (ConfUtils.java:logGet(43)) - raft.server.log.segment.size.max = 1048576 (custom)
2019-09-19 16:58:08,524 [pool-38-thread-1] INFO  server.RaftServerConfigKeys (ConfUtils.java:logGet(43)) - raft.server.log.preallocated.size = 16384 (custom)
2019-09-19 16:58:08,524 [pool-38-thread-1] INFO  server.RaftServerConfigKeys (ConfUtils.java:logGet(43)) - raft.server.log.write.buffer.size = 33554432 (custom)
2019-09-19 16:58:08,525 [pool-38-thread-1] INFO  server.RaftServerConfigKeys (ConfUtils.java:logGet(43)) - raft.server.log.force.sync.num = 128 (default)
2019-09-19 16:58:08,525 [pool-38-thread-1] INFO  server.RaftServerConfigKeys (ConfUtils.java:logGet(43)) - raft.server.log.statemachine.data.sync = true (default)
2019-09-19 16:58:08,525 [pool-38-thread-1] INFO  server.RaftServerConfigKeys (ConfUtils.java:logGet(43)) - raft.server.log.statemachine.data.sync.timeout = 10s (default)
2019-09-19 16:58:08,525 [pool-38-thread-1] INFO  server.RaftServerConfigKeys (ConfUtils.java:logGet(43)) - raft.server.log.statemachine.data.sync.timeout.retry = -1 (default)
2019-09-19 16:58:08,525 [pool-38-thread-1] INFO  server.RaftServerConfigKeys (ConfUtils.java:logGet(43)) - raft.server.log.statemachine.data.caching.enabled = true (custom)
2019-09-19 16:58:08,526 [pool-38-thread-1] INFO  segmented.SegmentedRaftLogWorker (SegmentedRaftLogWorker.java:lambda$new$0(132)) - e29bd0e7-6604-4c9e-a288-0e166e01d87e-SegmentedRaftLogWorker:Storage Directory /workdir/hadoop-ozone/tools/target/test-dir/MiniOzoneClusterImpl-07aed8b0-4e05-46c5-ad79-a4210fff6c42/datanode-1/data/ratis/72225933-d34d-4f03-ace1-dc4353c7823e: flushIndex: setUnconditionally 0 -> -1
2019-09-19 16:58:08,526 [pool-38-thread-1] INFO  server.RaftServerConfigKeys (ConfUtils.java:logGet(43)) - raft.server.snapshot.auto.trigger.enabled = true (custom)
2019-09-19 16:58:08,527 [pool-38-thread-1] INFO  server.RaftServerConfigKeys (ConfUtils.java:logGet(43)) - raft.server.snapshot.auto.trigger.threshold = 10000 (custom)
2019-09-19 16:58:08,527 [pool-38-thread-1] INFO  server.RaftServerConfigKeys (ConfUtils.java:logGet(43)) - raft.server.retrycache.expirytime = 600000ms (custom)
2019-09-19 16:58:08,527 [pool-38-thread-1] INFO  impl.RaftServerImpl (RaftServerImpl.java:start(180)) - e29bd0e7-6604-4c9e-a288-0e166e01d87e: start group-DC4353C7823E
2019-09-19 16:58:08,527 [pool-38-thread-1] INFO  impl.RaftServerImpl (RaftServerImpl.java:setRole(171)) - e29bd0e7-6604-4c9e-a288-0e166e01d87e:group-DC4353C7823E changes role from null to FOLLOWER at term 0 for startAsFollower
2019-09-19 16:58:08,528 [pool-38-thread-1] INFO  impl.RoleInfo (RoleInfo.java:updateAndGet(143)) - e29bd0e7-6604-4c9e-a288-0e166e01d87e: start FollowerState
2019-09-19 16:58:08,528 [pool-38-thread-1] INFO  util.JmxRegister (JmxRegister.java:tryRegister(44)) - Successfully registered JMX Bean with object name Ratis:service=RaftServer,group=group-DC4353C7823E,id=e29bd0e7-6604-4c9e-a288-0e166e01d87e
2019-09-19 16:58:08,540 [RatisPipelineUtilsThread] INFO  pipeline.PipelineStateManager (PipelineStateManager.java:addPipeline(56)) - Created pipeline Pipeline[ Id: 72225933-d34d-4f03-ace1-dc4353c7823e, Nodes: e29bd0e7-6604-4c9e-a288-0e166e01d87e{ip: 192.168.157.226, host: pr-hdds-1569-swxfz-3172132826, networkLocation: /default-rack, certSerialId: null}, Type:RATIS, Factor:ONE, State:OPEN]
2019-09-19 16:58:08,555 [grpc-default-executor-0] INFO  impl.RaftServerProxy (RaftServerProxy.java:addNew(89)) - e29bd0e7-6604-4c9e-a288-0e166e01d87e: addNew group-170A3B927773:[e29bd0e7-6604-4c9e-a288-0e166e01d87e:192.168.157.226:38132] returns group-170A3B927773:java.util.concurrent.CompletableFuture@7f54e192[Not completed]
2019-09-19 16:58:08,557 [pool-38-thread-1] INFO  impl.RaftServerImpl (RaftServerImpl.java:<init>(93)) - e29bd0e7-6604-4c9e-a288-0e166e01d87e: new RaftServerImpl for group-170A3B927773:[e29bd0e7-6604-4c9e-a288-0e166e01d87e:192.168.157.226:38132] with ContainerStateMachine:uninitialized
2019-09-19 16:58:08,557 [pool-38-thread-1] INFO  server.RaftServerConfigKeys (ConfUtils.java:logGet(43)) - raft.server.rpc.timeout.min = 5s (custom)
2019-09-19 16:58:08,557 [pool-38-thread-1] INFO  server.RaftServerConfigKeys (ConfUtils.java:logGet(43)) - raft.server.rpc.timeout.max = 5200ms (custom)
2019-09-19 16:58:08,557 [pool-38-thread-1] INFO  server.RaftServerConfigKeys (ConfUtils.java:logGet(43)) - raft.server.rpcslowness.timeout = 120s (custom)
2019-09-19 16:58:08,557 [pool-38-thread-1] INFO  server.RaftServerConfigKeys (ConfUtils.java:logGet(43)) - raft.server.sleep.deviation.threshold = 300 (default)
2019-09-19 16:58:08,558 [pool-38-thread-1] INFO  server.RaftServerConfigKeys (ConfUtils.java:logGet(43)) - raft.server.log.appender.install.snapshot.enabled = false (custom)
2019-09-19 16:58:08,558 [pool-38-thread-1] INFO  impl.RaftServerImpl (ServerState.java:<init>(105)) - e29bd0e7-6604-4c9e-a288-0e166e01d87e:group-170A3B927773 ConfigurationManager, init=-1: [e29bd0e7-6604-4c9e-a288-0e166e01d87e:192.168.157.226:38132], old=null, confs=<EMPTY_MAP>
2019-09-19 16:58:08,558 [pool-38-thread-1] INFO  server.RaftServerConfigKeys (ConfUtils.java:logGet(43)) - raft.server.storage.dir = [/workdir/hadoop-ozone/tools/target/test-dir/MiniOzoneClusterImpl-07aed8b0-4e05-46c5-ad79-a4210fff6c42/datanode-1/data/ratis] (custom)
2019-09-19 16:58:08,559 [pool-38-thread-1] INFO  storage.RaftStorageDirectory (RaftStorageDirectory.java:analyzeStorage(246)) - The storage directory /workdir/hadoop-ozone/tools/target/test-dir/MiniOzoneClusterImpl-07aed8b0-4e05-46c5-ad79-a4210fff6c42/datanode-1/data/ratis/005dfbc9-3485-4d5f-8f4e-170a3b927773 does not exist. Creating ...
2019-09-19 16:58:08,583 [pool-38-thread-1] INFO  storage.RaftStorageDirectory (RaftStorageDirectory.java:tryLock(328)) - Lock on /workdir/hadoop-ozone/tools/target/test-dir/MiniOzoneClusterImpl-07aed8b0-4e05-46c5-ad79-a4210fff6c42/datanode-1/data/ratis/005dfbc9-3485-4d5f-8f4e-170a3b927773/in_use.lock acquired by nodename 22412@pr-hdds-1569-swxfz-3172132826
2019-09-19 16:58:08,584 | INFO  | SCMAudit | user=jenkins1000 | ip=192.168.157.226 | op=SEND_HEARTBEAT {datanodeUUID=d3f68efe-c22b-404c-9d92-5b3617bd70f9, command=[]} | ret=SUCCESS |  
2019-09-19 16:58:08,596 [pool-38-thread-1] INFO  storage.RaftStorage (RaftStorage.java:format(72)) - Storage directory /workdir/hadoop-ozone/tools/target/test-dir/MiniOzoneClusterImpl-07aed8b0-4e05-46c5-ad79-a4210fff6c42/datanode-1/data/ratis/005dfbc9-3485-4d5f-8f4e-170a3b927773 has been successfully formatted.
2019-09-19 16:58:08,597 [pool-38-thread-1] INFO  ratis.ContainerStateMachine (ContainerStateMachine.java:loadSnapshot(226)) - group-170A3B927773: The snapshot info is null. Setting the last applied indexto:(t:0, i:~)
2019-09-19 16:58:08,597 [pool-38-thread-1] INFO  server.RaftServerConfigKeys (ConfUtils.java:logGet(43)) - raft.server.leader.election.timeout = 120s (custom)
2019-09-19 16:58:08,597 [pool-38-thread-1] INFO  server.RaftServerConfigKeys (ConfUtils.java:logGet(43)) - raft.server.log.use.memory = false (default)
2019-09-19 16:58:08,597 [pool-38-thread-1] INFO  server.RaftServerConfigKeys (ConfUtils.java:logGet(43)) - raft.server.log.purge.gap = 1000000 (custom)
2019-09-19 16:58:08,597 [pool-38-thread-1] INFO  server.RaftServerConfigKeys (ConfUtils.java:logGet(43)) - raft.server.log.appender.buffer.byte-limit = 33554432 (custom)
2019-09-19 16:58:08,598 [pool-38-thread-1] INFO  server.RaftServerConfigKeys (ConfUtils.java:logGet(43)) - raft.server.log.segment.size.max = 1048576 (custom)
2019-09-19 16:58:08,598 [pool-38-thread-1] INFO  server.RaftServerConfigKeys (ConfUtils.java:logGet(43)) - raft.server.log.segment.cache.num.max = 2 (custom)
2019-09-19 16:58:08,598 [pool-38-thread-1] INFO  segmented.SegmentedRaftLogWorker (SegmentedRaftLogWorker.java:<init>(172)) - new e29bd0e7-6604-4c9e-a288-0e166e01d87e-SegmentedRaftLogWorker:Storage Directory /workdir/hadoop-ozone/tools/target/test-dir/MiniOzoneClusterImpl-07aed8b0-4e05-46c5-ad79-a4210fff6c42/datanode-1/data/ratis/005dfbc9-3485-4d5f-8f4e-170a3b927773 for RaftStorage:Storage Directory /workdir/hadoop-ozone/tools/target/test-dir/MiniOzoneClusterImpl-07aed8b0-4e05-46c5-ad79-a4210fff6c42/datanode-1/data/ratis/005dfbc9-3485-4d5f-8f4e-170a3b927773
2019-09-19 16:58:08,598 [pool-38-thread-1] INFO  server.RaftServerConfigKeys (ConfUtils.java:logGet(43)) - raft.server.log.queue.byte-limit = 2147483647 (custom)
2019-09-19 16:58:08,598 [pool-38-thread-1] INFO  server.RaftServerConfigKeys (ConfUtils.java:logGet(43)) - raft.server.log.queue.element-limit = 1024 (custom)
2019-09-19 16:58:08,599 [pool-38-thread-1] INFO  server.RaftServerConfigKeys (ConfUtils.java:logGet(43)) - raft.server.log.segment.size.max = 1048576 (custom)
2019-09-19 16:58:08,599 [pool-38-thread-1] INFO  server.RaftServerConfigKeys (ConfUtils.java:logGet(43)) - raft.server.log.preallocated.size = 16384 (custom)
2019-09-19 16:58:08,599 [pool-38-thread-1] INFO  server.RaftServerConfigKeys (ConfUtils.java:logGet(43)) - raft.server.log.write.buffer.size = 33554432 (custom)
2019-09-19 16:58:08,599 [pool-38-thread-1] INFO  server.RaftServerConfigKeys (ConfUtils.java:logGet(43)) - raft.server.log.force.sync.num = 128 (default)
2019-09-19 16:58:08,599 [pool-38-thread-1] INFO  server.RaftServerConfigKeys (ConfUtils.java:logGet(43)) - raft.server.log.statemachine.data.sync = true (default)
2019-09-19 16:58:08,600 [pool-38-thread-1] INFO  server.RaftServerConfigKeys (ConfUtils.java:logGet(43)) - raft.server.log.statemachine.data.sync.timeout = 10s (default)
2019-09-19 16:58:08,600 [pool-38-thread-1] INFO  server.RaftServerConfigKeys (ConfUtils.java:logGet(43)) - raft.server.log.statemachine.data.sync.timeout.retry = -1 (default)
2019-09-19 16:58:08,600 [pool-38-thread-1] INFO  server.RaftServerConfigKeys (ConfUtils.java:logGet(43)) - raft.server.log.statemachine.data.caching.enabled = true (custom)
2019-09-19 16:58:08,601 [pool-38-thread-1] INFO  segmented.SegmentedRaftLogWorker (SegmentedRaftLogWorker.java:lambda$new$0(132)) - e29bd0e7-6604-4c9e-a288-0e166e01d87e-SegmentedRaftLogWorker:Storage Directory /workdir/hadoop-ozone/tools/target/test-dir/MiniOzoneClusterImpl-07aed8b0-4e05-46c5-ad79-a4210fff6c42/datanode-1/data/ratis/005dfbc9-3485-4d5f-8f4e-170a3b927773: flushIndex: setUnconditionally 0 -> -1
2019-09-19 16:58:08,601 [pool-38-thread-1] INFO  server.RaftServerConfigKeys (ConfUtils.java:logGet(43)) - raft.server.snapshot.auto.trigger.enabled = true (custom)
2019-09-19 16:58:08,602 [pool-38-thread-1] INFO  server.RaftServerConfigKeys (ConfUtils.java:logGet(43)) - raft.server.snapshot.auto.trigger.threshold = 10000 (custom)
2019-09-19 16:58:08,602 [pool-38-thread-1] INFO  server.RaftServerConfigKeys (ConfUtils.java:logGet(43)) - raft.server.retrycache.expirytime = 600000ms (custom)
2019-09-19 16:58:08,602 [pool-38-thread-1] INFO  impl.RaftServerImpl (RaftServerImpl.java:start(180)) - e29bd0e7-6604-4c9e-a288-0e166e01d87e: start group-170A3B927773
2019-09-19 16:58:08,603 [pool-38-thread-1] INFO  impl.RaftServerImpl (RaftServerImpl.java:setRole(171)) - e29bd0e7-6604-4c9e-a288-0e166e01d87e:group-170A3B927773 changes role from null to FOLLOWER at term 0 for startAsFollower
2019-09-19 16:58:08,603 [pool-38-thread-1] INFO  impl.RoleInfo (RoleInfo.java:updateAndGet(143)) - e29bd0e7-6604-4c9e-a288-0e166e01d87e: start FollowerState
2019-09-19 16:58:08,604 [pool-38-thread-1] INFO  util.JmxRegister (JmxRegister.java:tryRegister(44)) - Successfully registered JMX Bean with object name Ratis:service=RaftServer,group=group-170A3B927773,id=e29bd0e7-6604-4c9e-a288-0e166e01d87e
2019-09-19 16:58:08,614 [RatisPipelineUtilsThread] INFO  pipeline.PipelineStateManager (PipelineStateManager.java:addPipeline(56)) - Created pipeline Pipeline[ Id: 005dfbc9-3485-4d5f-8f4e-170a3b927773, Nodes: e29bd0e7-6604-4c9e-a288-0e166e01d87e{ip: 192.168.157.226, host: pr-hdds-1569-swxfz-3172132826, networkLocation: /default-rack, certSerialId: null}, Type:RATIS, Factor:ONE, State:OPEN]
2019-09-19 16:58:08,616 [RatisPipelineUtilsThread] ERROR pipeline.PipelinePlacementPolicy (PipelinePlacementPolicy.java:meetCriteria(91)) - Pipeline Placement: Doesn't meet the criteria to be viable node. Heaviness: 6
2019-09-19 16:58:08,629 [grpc-default-executor-0] INFO  impl.RaftServerProxy (RaftServerProxy.java:addNew(89)) - d3f68efe-c22b-404c-9d92-5b3617bd70f9: addNew group-D575373D9064:[d3f68efe-c22b-404c-9d92-5b3617bd70f9:192.168.157.226:42155] returns group-D575373D9064:java.util.concurrent.CompletableFuture@25152e92[Not completed]
2019-09-19 16:58:08,631 [pool-27-thread-1] INFO  impl.RaftServerImpl (RaftServerImpl.java:<init>(93)) - d3f68efe-c22b-404c-9d92-5b3617bd70f9: new RaftServerImpl for group-D575373D9064:[d3f68efe-c22b-404c-9d92-5b3617bd70f9:192.168.157.226:42155] with ContainerStateMachine:uninitialized
2019-09-19 16:58:08,631 [pool-27-thread-1] INFO  server.RaftServerConfigKeys (ConfUtils.java:logGet(43)) - raft.server.rpc.timeout.min = 5s (custom)
2019-09-19 16:58:08,631 [pool-27-thread-1] INFO  server.RaftServerConfigKeys (ConfUtils.java:logGet(43)) - raft.server.rpc.timeout.max = 5200ms (custom)
2019-09-19 16:58:08,632 [pool-27-thread-1] INFO  server.RaftServerConfigKeys (ConfUtils.java:logGet(43)) - raft.server.rpcslowness.timeout = 120s (custom)
2019-09-19 16:58:08,632 [pool-27-thread-1] INFO  server.RaftServerConfigKeys (ConfUtils.java:logGet(43)) - raft.server.sleep.deviation.threshold = 300 (default)
2019-09-19 16:58:08,632 [pool-27-thread-1] INFO  server.RaftServerConfigKeys (ConfUtils.java:logGet(43)) - raft.server.log.appender.install.snapshot.enabled = false (custom)
2019-09-19 16:58:08,632 [pool-27-thread-1] INFO  impl.RaftServerImpl (ServerState.java:<init>(105)) - d3f68efe-c22b-404c-9d92-5b3617bd70f9:group-D575373D9064 ConfigurationManager, init=-1: [d3f68efe-c22b-404c-9d92-5b3617bd70f9:192.168.157.226:42155], old=null, confs=<EMPTY_MAP>
2019-09-19 16:58:08,632 [pool-27-thread-1] INFO  server.RaftServerConfigKeys (ConfUtils.java:logGet(43)) - raft.server.storage.dir = [/workdir/hadoop-ozone/tools/target/test-dir/MiniOzoneClusterImpl-07aed8b0-4e05-46c5-ad79-a4210fff6c42/datanode-0/data/ratis] (custom)
2019-09-19 16:58:08,633 [pool-27-thread-1] INFO  storage.RaftStorageDirectory (RaftStorageDirectory.java:analyzeStorage(246)) - The storage directory /workdir/hadoop-ozone/tools/target/test-dir/MiniOzoneClusterImpl-07aed8b0-4e05-46c5-ad79-a4210fff6c42/datanode-0/data/ratis/9a662c02-526b-46f5-9b83-d575373d9064 does not exist. Creating ...
2019-09-19 16:58:08,645 [pool-27-thread-1] INFO  storage.RaftStorageDirectory (RaftStorageDirectory.java:tryLock(328)) - Lock on /workdir/hadoop-ozone/tools/target/test-dir/MiniOzoneClusterImpl-07aed8b0-4e05-46c5-ad79-a4210fff6c42/datanode-0/data/ratis/9a662c02-526b-46f5-9b83-d575373d9064/in_use.lock acquired by nodename 22412@pr-hdds-1569-swxfz-3172132826
2019-09-19 16:58:08,660 [pool-27-thread-1] INFO  storage.RaftStorage (RaftStorage.java:format(72)) - Storage directory /workdir/hadoop-ozone/tools/target/test-dir/MiniOzoneClusterImpl-07aed8b0-4e05-46c5-ad79-a4210fff6c42/datanode-0/data/ratis/9a662c02-526b-46f5-9b83-d575373d9064 has been successfully formatted.
2019-09-19 16:58:08,660 [main] INFO  ozone.MiniOzoneClusterImpl (MiniOzoneClusterImpl.java:lambda$waitForClusterToBeReady$0(142)) - Cluster is ready. Got 5 of 5 DN Heartbeats.
2019-09-19 16:58:08,660 [pool-27-thread-1] INFO  ratis.ContainerStateMachine (ContainerStateMachine.java:loadSnapshot(226)) - group-D575373D9064: The snapshot info is null. Setting the last applied indexto:(t:0, i:~)
2019-09-19 16:58:08,661 [pool-27-thread-1] INFO  server.RaftServerConfigKeys (ConfUtils.java:logGet(43)) - raft.server.leader.election.timeout = 120s (custom)
2019-09-19 16:58:08,661 [pool-27-thread-1] INFO  server.RaftServerConfigKeys (ConfUtils.java:logGet(43)) - raft.server.log.use.memory = false (default)
2019-09-19 16:58:08,661 [pool-27-thread-1] INFO  server.RaftServerConfigKeys (ConfUtils.java:logGet(43)) - raft.server.log.purge.gap = 1000000 (custom)
2019-09-19 16:58:08,661 [pool-27-thread-1] INFO  server.RaftServerConfigKeys (ConfUtils.java:logGet(43)) - raft.server.log.appender.buffer.byte-limit = 33554432 (custom)
2019-09-19 16:58:08,661 [pool-27-thread-1] INFO  server.RaftServerConfigKeys (ConfUtils.java:logGet(43)) - raft.server.log.segment.size.max = 1048576 (custom)
2019-09-19 16:58:08,662 [pool-27-thread-1] INFO  server.RaftServerConfigKeys (ConfUtils.java:logGet(43)) - raft.server.log.segment.cache.num.max = 2 (custom)
2019-09-19 16:58:08,662 [pool-27-thread-1] INFO  segmented.SegmentedRaftLogWorker (SegmentedRaftLogWorker.java:<init>(172)) - new d3f68efe-c22b-404c-9d92-5b3617bd70f9-SegmentedRaftLogWorker:Storage Directory /workdir/hadoop-ozone/tools/target/test-dir/MiniOzoneClusterImpl-07aed8b0-4e05-46c5-ad79-a4210fff6c42/datanode-0/data/ratis/9a662c02-526b-46f5-9b83-d575373d9064 for RaftStorage:Storage Directory /workdir/hadoop-ozone/tools/target/test-dir/MiniOzoneClusterImpl-07aed8b0-4e05-46c5-ad79-a4210fff6c42/datanode-0/data/ratis/9a662c02-526b-46f5-9b83-d575373d9064
2019-09-19 16:58:08,662 [pool-27-thread-1] INFO  server.RaftServerConfigKeys (ConfUtils.java:logGet(43)) - raft.server.log.queue.byte-limit = 2147483647 (custom)
2019-09-19 16:58:08,662 [pool-27-thread-1] INFO  server.RaftServerConfigKeys (ConfUtils.java:logGet(43)) - raft.server.log.queue.element-limit = 1024 (custom)
2019-09-19 16:58:08,662 [pool-27-thread-1] INFO  server.RaftServerConfigKeys (ConfUtils.java:logGet(43)) - raft.server.log.segment.size.max = 1048576 (custom)
2019-09-19 16:58:08,663 [pool-27-thread-1] INFO  server.RaftServerConfigKeys (ConfUtils.java:logGet(43)) - raft.server.log.preallocated.size = 16384 (custom)
2019-09-19 16:58:08,663 [pool-27-thread-1] INFO  server.RaftServerConfigKeys (ConfUtils.java:logGet(43)) - raft.server.log.write.buffer.size = 33554432 (custom)
2019-09-19 16:58:08,663 [pool-27-thread-1] INFO  server.RaftServerConfigKeys (ConfUtils.java:logGet(43)) - raft.server.log.force.sync.num = 128 (default)
2019-09-19 16:58:08,663 [pool-27-thread-1] INFO  server.RaftServerConfigKeys (ConfUtils.java:logGet(43)) - raft.server.log.statemachine.data.sync = true (default)
2019-09-19 16:58:08,664 [pool-27-thread-1] INFO  server.RaftServerConfigKeys (ConfUtils.java:logGet(43)) - raft.server.log.statemachine.data.sync.timeout = 10s (default)
2019-09-19 16:58:08,664 [pool-27-thread-1] INFO  server.RaftServerConfigKeys (ConfUtils.java:logGet(43)) - raft.server.log.statemachine.data.sync.timeout.retry = -1 (default)
2019-09-19 16:58:08,664 [pool-27-thread-1] INFO  server.RaftServerConfigKeys (ConfUtils.java:logGet(43)) - raft.server.log.statemachine.data.caching.enabled = true (custom)
2019-09-19 16:58:08,664 [pool-27-thread-1] INFO  segmented.SegmentedRaftLogWorker (SegmentedRaftLogWorker.java:lambda$new$0(132)) - d3f68efe-c22b-404c-9d92-5b3617bd70f9-SegmentedRaftLogWorker:Storage Directory /workdir/hadoop-ozone/tools/target/test-dir/MiniOzoneClusterImpl-07aed8b0-4e05-46c5-ad79-a4210fff6c42/datanode-0/data/ratis/9a662c02-526b-46f5-9b83-d575373d9064: flushIndex: setUnconditionally 0 -> -1
2019-09-19 16:58:08,665 [pool-27-thread-1] INFO  server.RaftServerConfigKeys (ConfUtils.java:logGet(43)) - raft.server.snapshot.auto.trigger.enabled = true (custom)
2019-09-19 16:58:08,665 [pool-27-thread-1] INFO  server.RaftServerConfigKeys (ConfUtils.java:logGet(43)) - raft.server.snapshot.auto.trigger.threshold = 10000 (custom)
2019-09-19 16:58:08,665 [pool-27-thread-1] INFO  server.RaftServerConfigKeys (ConfUtils.java:logGet(43)) - raft.server.retrycache.expirytime = 600000ms (custom)
2019-09-19 16:58:08,666 [pool-27-thread-1] INFO  impl.RaftServerImpl (RaftServerImpl.java:start(180)) - d3f68efe-c22b-404c-9d92-5b3617bd70f9: start group-D575373D9064
2019-09-19 16:58:08,666 [pool-27-thread-1] INFO  impl.RaftServerImpl (RaftServerImpl.java:setRole(171)) - d3f68efe-c22b-404c-9d92-5b3617bd70f9:group-D575373D9064 changes role from null to FOLLOWER at term 0 for startAsFollower
2019-09-19 16:58:08,666 [pool-27-thread-1] INFO  impl.RoleInfo (RoleInfo.java:updateAndGet(143)) - d3f68efe-c22b-404c-9d92-5b3617bd70f9: start FollowerState
2019-09-19 16:58:08,667 [pool-27-thread-1] INFO  util.JmxRegister (JmxRegister.java:tryRegister(44)) - Successfully registered JMX Bean with object name Ratis:service=RaftServer,group=group-D575373D9064,id=d3f68efe-c22b-404c-9d92-5b3617bd70f9
2019-09-19 16:58:08,682 [RatisPipelineUtilsThread] INFO  pipeline.PipelineStateManager (PipelineStateManager.java:addPipeline(56)) - Created pipeline Pipeline[ Id: 9a662c02-526b-46f5-9b83-d575373d9064, Nodes: d3f68efe-c22b-404c-9d92-5b3617bd70f9{ip: 192.168.157.226, host: pr-hdds-1569-swxfz-3172132826, networkLocation: /default-rack, certSerialId: null}, Type:RATIS, Factor:ONE, State:OPEN]
2019-09-19 16:58:08,684 [RatisPipelineUtilsThread] ERROR pipeline.PipelinePlacementPolicy (PipelinePlacementPolicy.java:meetCriteria(91)) - Pipeline Placement: Doesn't meet the criteria to be viable node. Heaviness: 6
2019-09-19 16:58:08,700 [grpc-default-executor-0] INFO  impl.RaftServerProxy (RaftServerProxy.java:addNew(89)) - 293fb764-8d0a-4a2a-b0d4-e27863ca0d27: addNew group-2D8D46572413:[293fb764-8d0a-4a2a-b0d4-e27863ca0d27:192.168.157.226:35657] returns group-2D8D46572413:java.util.concurrent.CompletableFuture@3d4563c8[Not completed]
2019-09-19 16:58:08,702 [pool-71-thread-1] INFO  impl.RaftServerImpl (RaftServerImpl.java:<init>(93)) - 293fb764-8d0a-4a2a-b0d4-e27863ca0d27: new RaftServerImpl for group-2D8D46572413:[293fb764-8d0a-4a2a-b0d4-e27863ca0d27:192.168.157.226:35657] with ContainerStateMachine:uninitialized
2019-09-19 16:58:08,702 [pool-71-thread-1] INFO  server.RaftServerConfigKeys (ConfUtils.java:logGet(43)) - raft.server.rpc.timeout.min = 5s (custom)
2019-09-19 16:58:08,702 [pool-71-thread-1] INFO  server.RaftServerConfigKeys (ConfUtils.java:logGet(43)) - raft.server.rpc.timeout.max = 5200ms (custom)
2019-09-19 16:58:08,702 [pool-71-thread-1] INFO  server.RaftServerConfigKeys (ConfUtils.java:logGet(43)) - raft.server.rpcslowness.timeout = 120s (custom)
2019-09-19 16:58:08,703 [pool-71-thread-1] INFO  server.RaftServerConfigKeys (ConfUtils.java:logGet(43)) - raft.server.sleep.deviation.threshold = 300 (default)
2019-09-19 16:58:08,703 [pool-71-thread-1] INFO  server.RaftServerConfigKeys (ConfUtils.java:logGet(43)) - raft.server.log.appender.install.snapshot.enabled = false (custom)
2019-09-19 16:58:08,703 [pool-71-thread-1] INFO  impl.RaftServerImpl (ServerState.java:<init>(105)) - 293fb764-8d0a-4a2a-b0d4-e27863ca0d27:group-2D8D46572413 ConfigurationManager, init=-1: [293fb764-8d0a-4a2a-b0d4-e27863ca0d27:192.168.157.226:35657], old=null, confs=<EMPTY_MAP>
2019-09-19 16:58:08,703 [pool-71-thread-1] INFO  server.RaftServerConfigKeys (ConfUtils.java:logGet(43)) - raft.server.storage.dir = [/workdir/hadoop-ozone/tools/target/test-dir/MiniOzoneClusterImpl-07aed8b0-4e05-46c5-ad79-a4210fff6c42/datanode-4/data/ratis] (custom)
2019-09-19 16:58:08,704 [pool-71-thread-1] INFO  storage.RaftStorageDirectory (RaftStorageDirectory.java:analyzeStorage(246)) - The storage directory /workdir/hadoop-ozone/tools/target/test-dir/MiniOzoneClusterImpl-07aed8b0-4e05-46c5-ad79-a4210fff6c42/datanode-4/data/ratis/6602a387-48f8-4ea3-8729-2d8d46572413 does not exist. Creating ...
2019-09-19 16:58:08,716 [pool-71-thread-1] INFO  storage.RaftStorageDirectory (RaftStorageDirectory.java:tryLock(328)) - Lock on /workdir/hadoop-ozone/tools/target/test-dir/MiniOzoneClusterImpl-07aed8b0-4e05-46c5-ad79-a4210fff6c42/datanode-4/data/ratis/6602a387-48f8-4ea3-8729-2d8d46572413/in_use.lock acquired by nodename 22412@pr-hdds-1569-swxfz-3172132826
2019-09-19 16:58:08,733 [pool-71-thread-1] INFO  storage.RaftStorage (RaftStorage.java:format(72)) - Storage directory /workdir/hadoop-ozone/tools/target/test-dir/MiniOzoneClusterImpl-07aed8b0-4e05-46c5-ad79-a4210fff6c42/datanode-4/data/ratis/6602a387-48f8-4ea3-8729-2d8d46572413 has been successfully formatted.
2019-09-19 16:58:08,734 [pool-71-thread-1] INFO  ratis.ContainerStateMachine (ContainerStateMachine.java:loadSnapshot(226)) - group-2D8D46572413: The snapshot info is null. Setting the last applied indexto:(t:0, i:~)
2019-09-19 16:58:08,734 [pool-71-thread-1] INFO  server.RaftServerConfigKeys (ConfUtils.java:logGet(43)) - raft.server.leader.election.timeout = 120s (custom)
2019-09-19 16:58:08,734 [pool-71-thread-1] INFO  server.RaftServerConfigKeys (ConfUtils.java:logGet(43)) - raft.server.log.use.memory = false (default)
2019-09-19 16:58:08,734 [pool-71-thread-1] INFO  server.RaftServerConfigKeys (ConfUtils.java:logGet(43)) - raft.server.log.purge.gap = 1000000 (custom)
2019-09-19 16:58:08,734 [pool-71-thread-1] INFO  server.RaftServerConfigKeys (ConfUtils.java:logGet(43)) - raft.server.log.appender.buffer.byte-limit = 33554432 (custom)
2019-09-19 16:58:08,735 [pool-71-thread-1] INFO  server.RaftServerConfigKeys (ConfUtils.java:logGet(43)) - raft.server.log.segment.size.max = 1048576 (custom)
2019-09-19 16:58:08,735 [pool-71-thread-1] INFO  server.RaftServerConfigKeys (ConfUtils.java:logGet(43)) - raft.server.log.segment.cache.num.max = 2 (custom)
2019-09-19 16:58:08,735 [pool-71-thread-1] INFO  segmented.SegmentedRaftLogWorker (SegmentedRaftLogWorker.java:<init>(172)) - new 293fb764-8d0a-4a2a-b0d4-e27863ca0d27-SegmentedRaftLogWorker:Storage Directory /workdir/hadoop-ozone/tools/target/test-dir/MiniOzoneClusterImpl-07aed8b0-4e05-46c5-ad79-a4210fff6c42/datanode-4/data/ratis/6602a387-48f8-4ea3-8729-2d8d46572413 for RaftStorage:Storage Directory /workdir/hadoop-ozone/tools/target/test-dir/MiniOzoneClusterImpl-07aed8b0-4e05-46c5-ad79-a4210fff6c42/datanode-4/data/ratis/6602a387-48f8-4ea3-8729-2d8d46572413
2019-09-19 16:58:08,735 [pool-71-thread-1] INFO  server.RaftServerConfigKeys (ConfUtils.java:logGet(43)) - raft.server.log.queue.byte-limit = 2147483647 (custom)
2019-09-19 16:58:08,735 [pool-71-thread-1] INFO  server.RaftServerConfigKeys (ConfUtils.java:logGet(43)) - raft.server.log.queue.element-limit = 1024 (custom)
2019-09-19 16:58:08,736 [pool-71-thread-1] INFO  server.RaftServerConfigKeys (ConfUtils.java:logGet(43)) - raft.server.log.segment.size.max = 1048576 (custom)
2019-09-19 16:58:08,736 [pool-71-thread-1] INFO  server.RaftServerConfigKeys (ConfUtils.java:logGet(43)) - raft.server.log.preallocated.size = 16384 (custom)
2019-09-19 16:58:08,736 [pool-71-thread-1] INFO  server.RaftServerConfigKeys (ConfUtils.java:logGet(43)) - raft.server.log.write.buffer.size = 33554432 (custom)
2019-09-19 16:58:08,736 [pool-71-thread-1] INFO  server.RaftServerConfigKeys (ConfUtils.java:logGet(43)) - raft.server.log.force.sync.num = 128 (default)
2019-09-19 16:58:08,736 [pool-71-thread-1] INFO  server.RaftServerConfigKeys (ConfUtils.java:logGet(43)) - raft.server.log.statemachine.data.sync = true (default)
2019-09-19 16:58:08,736 [pool-71-thread-1] INFO  server.RaftServerConfigKeys (ConfUtils.java:logGet(43)) - raft.server.log.statemachine.data.sync.timeout = 10s (default)
2019-09-19 16:58:08,737 [pool-71-thread-1] INFO  server.RaftServerConfigKeys (ConfUtils.java:logGet(43)) - raft.server.log.statemachine.data.sync.timeout.retry = -1 (default)
2019-09-19 16:58:08,737 [pool-71-thread-1] INFO  server.RaftServerConfigKeys (ConfUtils.java:logGet(43)) - raft.server.log.statemachine.data.caching.enabled = true (custom)
2019-09-19 16:58:08,737 [pool-71-thread-1] INFO  segmented.SegmentedRaftLogWorker (SegmentedRaftLogWorker.java:lambda$new$0(132)) - 293fb764-8d0a-4a2a-b0d4-e27863ca0d27-SegmentedRaftLogWorker:Storage Directory /workdir/hadoop-ozone/tools/target/test-dir/MiniOzoneClusterImpl-07aed8b0-4e05-46c5-ad79-a4210fff6c42/datanode-4/data/ratis/6602a387-48f8-4ea3-8729-2d8d46572413: flushIndex: setUnconditionally 0 -> -1
2019-09-19 16:58:08,738 [pool-71-thread-1] INFO  server.RaftServerConfigKeys (ConfUtils.java:logGet(43)) - raft.server.snapshot.auto.trigger.enabled = true (custom)
2019-09-19 16:58:08,738 [pool-71-thread-1] INFO  server.RaftServerConfigKeys (ConfUtils.java:logGet(43)) - raft.server.snapshot.auto.trigger.threshold = 10000 (custom)
2019-09-19 16:58:08,738 [pool-71-thread-1] INFO  server.RaftServerConfigKeys (ConfUtils.java:logGet(43)) - raft.server.retrycache.expirytime = 600000ms (custom)
2019-09-19 16:58:08,738 [pool-71-thread-1] INFO  impl.RaftServerImpl (RaftServerImpl.java:start(180)) - 293fb764-8d0a-4a2a-b0d4-e27863ca0d27: start group-2D8D46572413
2019-09-19 16:58:08,738 [pool-71-thread-1] INFO  impl.RaftServerImpl (RaftServerImpl.java:setRole(171)) - 293fb764-8d0a-4a2a-b0d4-e27863ca0d27:group-2D8D46572413 changes role from null to FOLLOWER at term 0 for startAsFollower
2019-09-19 16:58:08,739 [pool-71-thread-1] INFO  impl.RoleInfo (RoleInfo.java:updateAndGet(143)) - 293fb764-8d0a-4a2a-b0d4-e27863ca0d27: start FollowerState
2019-09-19 16:58:08,739 [pool-71-thread-1] INFO  util.JmxRegister (JmxRegister.java:tryRegister(44)) - Successfully registered JMX Bean with object name Ratis:service=RaftServer,group=group-2D8D46572413,id=293fb764-8d0a-4a2a-b0d4-e27863ca0d27
2019-09-19 16:58:08,752 [RatisPipelineUtilsThread] INFO  pipeline.PipelineStateManager (PipelineStateManager.java:addPipeline(56)) - Created pipeline Pipeline[ Id: 6602a387-48f8-4ea3-8729-2d8d46572413, Nodes: 293fb764-8d0a-4a2a-b0d4-e27863ca0d27{ip: 192.168.157.226, host: pr-hdds-1569-swxfz-3172132826, networkLocation: /default-rack, certSerialId: null}, Type:RATIS, Factor:ONE, State:OPEN]
2019-09-19 16:58:08,754 [RatisPipelineUtilsThread] ERROR pipeline.PipelinePlacementPolicy (PipelinePlacementPolicy.java:meetCriteria(91)) - Pipeline Placement: Doesn't meet the criteria to be viable node. Heaviness: 6
2019-09-19 16:58:08,768 [grpc-default-executor-0] INFO  impl.RaftServerProxy (RaftServerProxy.java:addNew(89)) - 1bc78e45-ac19-4b52-81ed-8b591e5dbc69: addNew group-BA2E9C7C9066:[1bc78e45-ac19-4b52-81ed-8b591e5dbc69:192.168.157.226:45895] returns group-BA2E9C7C9066:java.util.concurrent.CompletableFuture@554527fe[Not completed]
2019-09-19 16:58:08,769 [pool-49-thread-1] INFO  impl.RaftServerImpl (RaftServerImpl.java:<init>(93)) - 1bc78e45-ac19-4b52-81ed-8b591e5dbc69: new RaftServerImpl for group-BA2E9C7C9066:[1bc78e45-ac19-4b52-81ed-8b591e5dbc69:192.168.157.226:45895] with ContainerStateMachine:uninitialized
2019-09-19 16:58:08,770 [pool-49-thread-1] INFO  server.RaftServerConfigKeys (ConfUtils.java:logGet(43)) - raft.server.rpc.timeout.min = 5s (custom)
2019-09-19 16:58:08,770 [pool-49-thread-1] INFO  server.RaftServerConfigKeys (ConfUtils.java:logGet(43)) - raft.server.rpc.timeout.max = 5200ms (custom)
2019-09-19 16:58:08,770 [pool-49-thread-1] INFO  server.RaftServerConfigKeys (ConfUtils.java:logGet(43)) - raft.server.rpcslowness.timeout = 120s (custom)
2019-09-19 16:58:08,770 [pool-49-thread-1] INFO  server.RaftServerConfigKeys (ConfUtils.java:logGet(43)) - raft.server.sleep.deviation.threshold = 300 (default)
2019-09-19 16:58:08,770 [pool-49-thread-1] INFO  server.RaftServerConfigKeys (ConfUtils.java:logGet(43)) - raft.server.log.appender.install.snapshot.enabled = false (custom)
2019-09-19 16:58:08,770 [pool-49-thread-1] INFO  impl.RaftServerImpl (ServerState.java:<init>(105)) - 1bc78e45-ac19-4b52-81ed-8b591e5dbc69:group-BA2E9C7C9066 ConfigurationManager, init=-1: [1bc78e45-ac19-4b52-81ed-8b591e5dbc69:192.168.157.226:45895], old=null, confs=<EMPTY_MAP>
2019-09-19 16:58:08,770 [pool-49-thread-1] INFO  server.RaftServerConfigKeys (ConfUtils.java:logGet(43)) - raft.server.storage.dir = [/workdir/hadoop-ozone/tools/target/test-dir/MiniOzoneClusterImpl-07aed8b0-4e05-46c5-ad79-a4210fff6c42/datanode-2/data/ratis] (custom)
2019-09-19 16:58:08,771 [pool-49-thread-1] INFO  storage.RaftStorageDirectory (RaftStorageDirectory.java:analyzeStorage(246)) - The storage directory /workdir/hadoop-ozone/tools/target/test-dir/MiniOzoneClusterImpl-07aed8b0-4e05-46c5-ad79-a4210fff6c42/datanode-2/data/ratis/a0884f58-a6b7-4857-8f85-ba2e9c7c9066 does not exist. Creating ...
2019-09-19 16:58:08,810 [pool-49-thread-1] INFO  storage.RaftStorageDirectory (RaftStorageDirectory.java:tryLock(328)) - Lock on /workdir/hadoop-ozone/tools/target/test-dir/MiniOzoneClusterImpl-07aed8b0-4e05-46c5-ad79-a4210fff6c42/datanode-2/data/ratis/a0884f58-a6b7-4857-8f85-ba2e9c7c9066/in_use.lock acquired by nodename 22412@pr-hdds-1569-swxfz-3172132826
2019-09-19 16:58:08,823 [pool-49-thread-1] INFO  storage.RaftStorage (RaftStorage.java:format(72)) - Storage directory /workdir/hadoop-ozone/tools/target/test-dir/MiniOzoneClusterImpl-07aed8b0-4e05-46c5-ad79-a4210fff6c42/datanode-2/data/ratis/a0884f58-a6b7-4857-8f85-ba2e9c7c9066 has been successfully formatted.
2019-09-19 16:58:08,823 [pool-49-thread-1] INFO  ratis.ContainerStateMachine (ContainerStateMachine.java:loadSnapshot(226)) - group-BA2E9C7C9066: The snapshot info is null. Setting the last applied indexto:(t:0, i:~)
2019-09-19 16:58:08,824 [pool-49-thread-1] INFO  server.RaftServerConfigKeys (ConfUtils.java:logGet(43)) - raft.server.leader.election.timeout = 120s (custom)
2019-09-19 16:58:08,824 [pool-49-thread-1] INFO  server.RaftServerConfigKeys (ConfUtils.java:logGet(43)) - raft.server.log.use.memory = false (default)
2019-09-19 16:58:08,824 [pool-49-thread-1] INFO  server.RaftServerConfigKeys (ConfUtils.java:logGet(43)) - raft.server.log.purge.gap = 1000000 (custom)
2019-09-19 16:58:08,824 [pool-49-thread-1] INFO  server.RaftServerConfigKeys (ConfUtils.java:logGet(43)) - raft.server.log.appender.buffer.byte-limit = 33554432 (custom)
2019-09-19 16:58:08,824 [pool-49-thread-1] INFO  server.RaftServerConfigKeys (ConfUtils.java:logGet(43)) - raft.server.log.segment.size.max = 1048576 (custom)
2019-09-19 16:58:08,824 [pool-49-thread-1] INFO  server.RaftServerConfigKeys (ConfUtils.java:logGet(43)) - raft.server.log.segment.cache.num.max = 2 (custom)
2019-09-19 16:58:08,825 [pool-49-thread-1] INFO  segmented.SegmentedRaftLogWorker (SegmentedRaftLogWorker.java:<init>(172)) - new 1bc78e45-ac19-4b52-81ed-8b591e5dbc69-SegmentedRaftLogWorker:Storage Directory /workdir/hadoop-ozone/tools/target/test-dir/MiniOzoneClusterImpl-07aed8b0-4e05-46c5-ad79-a4210fff6c42/datanode-2/data/ratis/a0884f58-a6b7-4857-8f85-ba2e9c7c9066 for RaftStorage:Storage Directory /workdir/hadoop-ozone/tools/target/test-dir/MiniOzoneClusterImpl-07aed8b0-4e05-46c5-ad79-a4210fff6c42/datanode-2/data/ratis/a0884f58-a6b7-4857-8f85-ba2e9c7c9066
2019-09-19 16:58:08,825 [pool-49-thread-1] INFO  server.RaftServerConfigKeys (ConfUtils.java:logGet(43)) - raft.server.log.queue.byte-limit = 2147483647 (custom)
2019-09-19 16:58:08,825 [pool-49-thread-1] INFO  server.RaftServerConfigKeys (ConfUtils.java:logGet(43)) - raft.server.log.queue.element-limit = 1024 (custom)
2019-09-19 16:58:08,825 [pool-49-thread-1] INFO  server.RaftServerConfigKeys (ConfUtils.java:logGet(43)) - raft.server.log.segment.size.max = 1048576 (custom)
2019-09-19 16:58:08,826 [pool-49-thread-1] INFO  server.RaftServerConfigKeys (ConfUtils.java:logGet(43)) - raft.server.log.preallocated.size = 16384 (custom)
2019-09-19 16:58:08,826 [pool-49-thread-1] INFO  server.RaftServerConfigKeys (ConfUtils.java:logGet(43)) - raft.server.log.write.buffer.size = 33554432 (custom)
2019-09-19 16:58:08,826 [pool-49-thread-1] INFO  server.RaftServerConfigKeys (ConfUtils.java:logGet(43)) - raft.server.log.force.sync.num = 128 (default)
2019-09-19 16:58:08,826 [pool-49-thread-1] INFO  server.RaftServerConfigKeys (ConfUtils.java:logGet(43)) - raft.server.log.statemachine.data.sync = true (default)
2019-09-19 16:58:08,826 [pool-49-thread-1] INFO  server.RaftServerConfigKeys (ConfUtils.java:logGet(43)) - raft.server.log.statemachine.data.sync.timeout = 10s (default)
2019-09-19 16:58:08,826 [pool-49-thread-1] INFO  server.RaftServerConfigKeys (ConfUtils.java:logGet(43)) - raft.server.log.statemachine.data.sync.timeout.retry = -1 (default)
2019-09-19 16:58:08,827 [pool-49-thread-1] INFO  server.RaftServerConfigKeys (ConfUtils.java:logGet(43)) - raft.server.log.statemachine.data.caching.enabled = true (custom)
2019-09-19 16:58:08,827 [pool-49-thread-1] INFO  segmented.SegmentedRaftLogWorker (SegmentedRaftLogWorker.java:lambda$new$0(132)) - 1bc78e45-ac19-4b52-81ed-8b591e5dbc69-SegmentedRaftLogWorker:Storage Directory /workdir/hadoop-ozone/tools/target/test-dir/MiniOzoneClusterImpl-07aed8b0-4e05-46c5-ad79-a4210fff6c42/datanode-2/data/ratis/a0884f58-a6b7-4857-8f85-ba2e9c7c9066: flushIndex: setUnconditionally 0 -> -1
2019-09-19 16:58:08,828 [pool-49-thread-1] INFO  server.RaftServerConfigKeys (ConfUtils.java:logGet(43)) - raft.server.snapshot.auto.trigger.enabled = true (custom)
2019-09-19 16:58:08,828 [pool-49-thread-1] INFO  server.RaftServerConfigKeys (ConfUtils.java:logGet(43)) - raft.server.snapshot.auto.trigger.threshold = 10000 (custom)
2019-09-19 16:58:08,828 [pool-49-thread-1] INFO  server.RaftServerConfigKeys (ConfUtils.java:logGet(43)) - raft.server.retrycache.expirytime = 600000ms (custom)
2019-09-19 16:58:08,828 [pool-49-thread-1] INFO  impl.RaftServerImpl (RaftServerImpl.java:start(180)) - 1bc78e45-ac19-4b52-81ed-8b591e5dbc69: start group-BA2E9C7C9066
2019-09-19 16:58:08,829 [pool-49-thread-1] INFO  impl.RaftServerImpl (RaftServerImpl.java:setRole(171)) - 1bc78e45-ac19-4b52-81ed-8b591e5dbc69:group-BA2E9C7C9066 changes role from null to FOLLOWER at term 0 for startAsFollower
2019-09-19 16:58:08,829 [pool-49-thread-1] INFO  impl.RoleInfo (RoleInfo.java:updateAndGet(143)) - 1bc78e45-ac19-4b52-81ed-8b591e5dbc69: start FollowerState
2019-09-19 16:58:08,829 [pool-49-thread-1] INFO  util.JmxRegister (JmxRegister.java:tryRegister(44)) - Successfully registered JMX Bean with object name Ratis:service=RaftServer,group=group-BA2E9C7C9066,id=1bc78e45-ac19-4b52-81ed-8b591e5dbc69
2019-09-19 16:58:08,840 [RatisPipelineUtilsThread] INFO  pipeline.PipelineStateManager (PipelineStateManager.java:addPipeline(56)) - Created pipeline Pipeline[ Id: a0884f58-a6b7-4857-8f85-ba2e9c7c9066, Nodes: 1bc78e45-ac19-4b52-81ed-8b591e5dbc69{ip: 192.168.157.226, host: pr-hdds-1569-swxfz-3172132826, networkLocation: /default-rack, certSerialId: null}, Type:RATIS, Factor:ONE, State:OPEN]
2019-09-19 16:58:08,842 [RatisPipelineUtilsThread] ERROR pipeline.PipelinePlacementPolicy (PipelinePlacementPolicy.java:meetCriteria(91)) - Pipeline Placement: Doesn't meet the criteria to be viable node. Heaviness: 6
2019-09-19 16:58:08,857 [grpc-default-executor-0] INFO  impl.RaftServerProxy (RaftServerProxy.java:addNew(89)) - d3f68efe-c22b-404c-9d92-5b3617bd70f9: addNew group-4BB5A64F3A96:[d3f68efe-c22b-404c-9d92-5b3617bd70f9:192.168.157.226:42155] returns group-4BB5A64F3A96:java.util.concurrent.CompletableFuture@630a3998[Not completed]
2019-09-19 16:58:08,858 | INFO  | SCMAudit | user=jenkins1000 | ip=192.168.157.226 | op=SEND_HEARTBEAT {datanodeUUID=e29bd0e7-6604-4c9e-a288-0e166e01d87e, command=[]} | ret=SUCCESS |  
2019-09-19 16:58:08,859 [pool-27-thread-1] INFO  impl.RaftServerImpl (RaftServerImpl.java:<init>(93)) - d3f68efe-c22b-404c-9d92-5b3617bd70f9: new RaftServerImpl for group-4BB5A64F3A96:[d3f68efe-c22b-404c-9d92-5b3617bd70f9:192.168.157.226:42155] with ContainerStateMachine:uninitialized
2019-09-19 16:58:08,859 [pool-27-thread-1] INFO  server.RaftServerConfigKeys (ConfUtils.java:logGet(43)) - raft.server.rpc.timeout.min = 5s (custom)
2019-09-19 16:58:08,859 [pool-27-thread-1] INFO  server.RaftServerConfigKeys (ConfUtils.java:logGet(43)) - raft.server.rpc.timeout.max = 5200ms (custom)
2019-09-19 16:58:08,859 [pool-27-thread-1] INFO  server.RaftServerConfigKeys (ConfUtils.java:logGet(43)) - raft.server.rpcslowness.timeout = 120s (custom)
2019-09-19 16:58:08,859 [pool-27-thread-1] INFO  server.RaftServerConfigKeys (ConfUtils.java:logGet(43)) - raft.server.sleep.deviation.threshold = 300 (default)
2019-09-19 16:58:08,859 [pool-27-thread-1] INFO  server.RaftServerConfigKeys (ConfUtils.java:logGet(43)) - raft.server.log.appender.install.snapshot.enabled = false (custom)
2019-09-19 16:58:08,859 [pool-27-thread-1] INFO  impl.RaftServerImpl (ServerState.java:<init>(105)) - d3f68efe-c22b-404c-9d92-5b3617bd70f9:group-4BB5A64F3A96 ConfigurationManager, init=-1: [d3f68efe-c22b-404c-9d92-5b3617bd70f9:192.168.157.226:42155], old=null, confs=<EMPTY_MAP>
2019-09-19 16:58:08,860 [pool-27-thread-1] INFO  server.RaftServerConfigKeys (ConfUtils.java:logGet(43)) - raft.server.storage.dir = [/workdir/hadoop-ozone/tools/target/test-dir/MiniOzoneClusterImpl-07aed8b0-4e05-46c5-ad79-a4210fff6c42/datanode-0/data/ratis] (custom)
2019-09-19 16:58:08,860 [pool-27-thread-1] INFO  storage.RaftStorageDirectory (RaftStorageDirectory.java:analyzeStorage(246)) - The storage directory /workdir/hadoop-ozone/tools/target/test-dir/MiniOzoneClusterImpl-07aed8b0-4e05-46c5-ad79-a4210fff6c42/datanode-0/data/ratis/e867a308-5791-4568-8f3a-4bb5a64f3a96 does not exist. Creating ...
2019-09-19 16:58:08,881 [pool-27-thread-1] INFO  storage.RaftStorageDirectory (RaftStorageDirectory.java:tryLock(328)) - Lock on /workdir/hadoop-ozone/tools/target/test-dir/MiniOzoneClusterImpl-07aed8b0-4e05-46c5-ad79-a4210fff6c42/datanode-0/data/ratis/e867a308-5791-4568-8f3a-4bb5a64f3a96/in_use.lock acquired by nodename 22412@pr-hdds-1569-swxfz-3172132826
2019-09-19 16:58:08,895 [pool-27-thread-1] INFO  storage.RaftStorage (RaftStorage.java:format(72)) - Storage directory /workdir/hadoop-ozone/tools/target/test-dir/MiniOzoneClusterImpl-07aed8b0-4e05-46c5-ad79-a4210fff6c42/datanode-0/data/ratis/e867a308-5791-4568-8f3a-4bb5a64f3a96 has been successfully formatted.
2019-09-19 16:58:08,895 [pool-27-thread-1] INFO  ratis.ContainerStateMachine (ContainerStateMachine.java:loadSnapshot(226)) - group-4BB5A64F3A96: The snapshot info is null. Setting the last applied indexto:(t:0, i:~)
2019-09-19 16:58:08,895 [pool-27-thread-1] INFO  server.RaftServerConfigKeys (ConfUtils.java:logGet(43)) - raft.server.leader.election.timeout = 120s (custom)
2019-09-19 16:58:08,895 [pool-27-thread-1] INFO  server.RaftServerConfigKeys (ConfUtils.java:logGet(43)) - raft.server.log.use.memory = false (default)
2019-09-19 16:58:08,896 [pool-27-thread-1] INFO  server.RaftServerConfigKeys (ConfUtils.java:logGet(43)) - raft.server.log.purge.gap = 1000000 (custom)
2019-09-19 16:58:08,896 [pool-27-thread-1] INFO  server.RaftServerConfigKeys (ConfUtils.java:logGet(43)) - raft.server.log.appender.buffer.byte-limit = 33554432 (custom)
2019-09-19 16:58:08,896 [pool-27-thread-1] INFO  server.RaftServerConfigKeys (ConfUtils.java:logGet(43)) - raft.server.log.segment.size.max = 1048576 (custom)
2019-09-19 16:58:08,896 [pool-27-thread-1] INFO  server.RaftServerConfigKeys (ConfUtils.java:logGet(43)) - raft.server.log.segment.cache.num.max = 2 (custom)
2019-09-19 16:58:08,896 [pool-27-thread-1] INFO  segmented.SegmentedRaftLogWorker (SegmentedRaftLogWorker.java:<init>(172)) - new d3f68efe-c22b-404c-9d92-5b3617bd70f9-SegmentedRaftLogWorker:Storage Directory /workdir/hadoop-ozone/tools/target/test-dir/MiniOzoneClusterImpl-07aed8b0-4e05-46c5-ad79-a4210fff6c42/datanode-0/data/ratis/e867a308-5791-4568-8f3a-4bb5a64f3a96 for RaftStorage:Storage Directory /workdir/hadoop-ozone/tools/target/test-dir/MiniOzoneClusterImpl-07aed8b0-4e05-46c5-ad79-a4210fff6c42/datanode-0/data/ratis/e867a308-5791-4568-8f3a-4bb5a64f3a96
2019-09-19 16:58:08,896 [pool-27-thread-1] INFO  server.RaftServerConfigKeys (ConfUtils.java:logGet(43)) - raft.server.log.queue.byte-limit = 2147483647 (custom)
2019-09-19 16:58:08,897 [pool-27-thread-1] INFO  server.RaftServerConfigKeys (ConfUtils.java:logGet(43)) - raft.server.log.queue.element-limit = 1024 (custom)
2019-09-19 16:58:08,897 [pool-27-thread-1] INFO  server.RaftServerConfigKeys (ConfUtils.java:logGet(43)) - raft.server.log.segment.size.max = 1048576 (custom)
2019-09-19 16:58:08,897 [pool-27-thread-1] INFO  server.RaftServerConfigKeys (ConfUtils.java:logGet(43)) - raft.server.log.preallocated.size = 16384 (custom)
2019-09-19 16:58:08,897 [pool-27-thread-1] INFO  server.RaftServerConfigKeys (ConfUtils.java:logGet(43)) - raft.server.log.write.buffer.size = 33554432 (custom)
2019-09-19 16:58:08,897 [pool-27-thread-1] INFO  server.RaftServerConfigKeys (ConfUtils.java:logGet(43)) - raft.server.log.force.sync.num = 128 (default)
2019-09-19 16:58:08,897 [pool-27-thread-1] INFO  server.RaftServerConfigKeys (ConfUtils.java:logGet(43)) - raft.server.log.statemachine.data.sync = true (default)
2019-09-19 16:58:08,898 [pool-27-thread-1] INFO  server.RaftServerConfigKeys (ConfUtils.java:logGet(43)) - raft.server.log.statemachine.data.sync.timeout = 10s (default)
2019-09-19 16:58:08,898 [pool-27-thread-1] INFO  server.RaftServerConfigKeys (ConfUtils.java:logGet(43)) - raft.server.log.statemachine.data.sync.timeout.retry = -1 (default)
2019-09-19 16:58:08,898 [pool-27-thread-1] INFO  server.RaftServerConfigKeys (ConfUtils.java:logGet(43)) - raft.server.log.statemachine.data.caching.enabled = true (custom)
2019-09-19 16:58:08,898 [pool-27-thread-1] INFO  segmented.SegmentedRaftLogWorker (SegmentedRaftLogWorker.java:lambda$new$0(132)) - d3f68efe-c22b-404c-9d92-5b3617bd70f9-SegmentedRaftLogWorker:Storage Directory /workdir/hadoop-ozone/tools/target/test-dir/MiniOzoneClusterImpl-07aed8b0-4e05-46c5-ad79-a4210fff6c42/datanode-0/data/ratis/e867a308-5791-4568-8f3a-4bb5a64f3a96: flushIndex: setUnconditionally 0 -> -1
2019-09-19 16:58:08,899 [pool-27-thread-1] INFO  server.RaftServerConfigKeys (ConfUtils.java:logGet(43)) - raft.server.snapshot.auto.trigger.enabled = true (custom)
2019-09-19 16:58:08,899 [pool-27-thread-1] INFO  server.RaftServerConfigKeys (ConfUtils.java:logGet(43)) - raft.server.snapshot.auto.trigger.threshold = 10000 (custom)
2019-09-19 16:58:08,899 [pool-27-thread-1] INFO  server.RaftServerConfigKeys (ConfUtils.java:logGet(43)) - raft.server.retrycache.expirytime = 600000ms (custom)
2019-09-19 16:58:08,899 [pool-27-thread-1] INFO  impl.RaftServerImpl (RaftServerImpl.java:start(180)) - d3f68efe-c22b-404c-9d92-5b3617bd70f9: start group-4BB5A64F3A96
2019-09-19 16:58:08,899 [pool-27-thread-1] INFO  impl.RaftServerImpl (RaftServerImpl.java:setRole(171)) - d3f68efe-c22b-404c-9d92-5b3617bd70f9:group-4BB5A64F3A96 changes role from null to FOLLOWER at term 0 for startAsFollower
2019-09-19 16:58:08,900 [pool-27-thread-1] INFO  impl.RoleInfo (RoleInfo.java:updateAndGet(143)) - d3f68efe-c22b-404c-9d92-5b3617bd70f9: start FollowerState
2019-09-19 16:58:08,900 [pool-27-thread-1] INFO  util.JmxRegister (JmxRegister.java:tryRegister(44)) - Successfully registered JMX Bean with object name Ratis:service=RaftServer,group=group-4BB5A64F3A96,id=d3f68efe-c22b-404c-9d92-5b3617bd70f9
2019-09-19 16:58:08,911 [RatisPipelineUtilsThread] INFO  pipeline.PipelineStateManager (PipelineStateManager.java:addPipeline(56)) - Created pipeline Pipeline[ Id: e867a308-5791-4568-8f3a-4bb5a64f3a96, Nodes: d3f68efe-c22b-404c-9d92-5b3617bd70f9{ip: 192.168.157.226, host: pr-hdds-1569-swxfz-3172132826, networkLocation: /default-rack, certSerialId: null}, Type:RATIS, Factor:ONE, State:OPEN]
2019-09-19 16:58:08,912 [RatisPipelineUtilsThread] ERROR pipeline.PipelinePlacementPolicy (PipelinePlacementPolicy.java:meetCriteria(91)) - Pipeline Placement: Doesn't meet the criteria to be viable node. Heaviness: 6
2019-09-19 16:58:08,925 [grpc-default-executor-0] INFO  impl.RaftServerProxy (RaftServerProxy.java:addNew(89)) - 1bc78e45-ac19-4b52-81ed-8b591e5dbc69: addNew group-431E0498E4CF:[1bc78e45-ac19-4b52-81ed-8b591e5dbc69:192.168.157.226:45895] returns group-431E0498E4CF:java.util.concurrent.CompletableFuture@5deec7ea[Not completed]
2019-09-19 16:58:08,927 [pool-49-thread-1] INFO  impl.RaftServerImpl (RaftServerImpl.java:<init>(93)) - 1bc78e45-ac19-4b52-81ed-8b591e5dbc69: new RaftServerImpl for group-431E0498E4CF:[1bc78e45-ac19-4b52-81ed-8b591e5dbc69:192.168.157.226:45895] with ContainerStateMachine:uninitialized
2019-09-19 16:58:08,927 [pool-49-thread-1] INFO  server.RaftServerConfigKeys (ConfUtils.java:logGet(43)) - raft.server.rpc.timeout.min = 5s (custom)
2019-09-19 16:58:08,927 [pool-49-thread-1] INFO  server.RaftServerConfigKeys (ConfUtils.java:logGet(43)) - raft.server.rpc.timeout.max = 5200ms (custom)
2019-09-19 16:58:08,928 [pool-49-thread-1] INFO  server.RaftServerConfigKeys (ConfUtils.java:logGet(43)) - raft.server.rpcslowness.timeout = 120s (custom)
2019-09-19 16:58:08,928 [pool-49-thread-1] INFO  server.RaftServerConfigKeys (ConfUtils.java:logGet(43)) - raft.server.sleep.deviation.threshold = 300 (default)
2019-09-19 16:58:08,928 [pool-49-thread-1] INFO  server.RaftServerConfigKeys (ConfUtils.java:logGet(43)) - raft.server.log.appender.install.snapshot.enabled = false (custom)
2019-09-19 16:58:08,928 [pool-49-thread-1] INFO  impl.RaftServerImpl (ServerState.java:<init>(105)) - 1bc78e45-ac19-4b52-81ed-8b591e5dbc69:group-431E0498E4CF ConfigurationManager, init=-1: [1bc78e45-ac19-4b52-81ed-8b591e5dbc69:192.168.157.226:45895], old=null, confs=<EMPTY_MAP>
2019-09-19 16:58:08,928 [pool-49-thread-1] INFO  server.RaftServerConfigKeys (ConfUtils.java:logGet(43)) - raft.server.storage.dir = [/workdir/hadoop-ozone/tools/target/test-dir/MiniOzoneClusterImpl-07aed8b0-4e05-46c5-ad79-a4210fff6c42/datanode-2/data/ratis] (custom)
2019-09-19 16:58:08,928 [pool-49-thread-1] INFO  storage.RaftStorageDirectory (RaftStorageDirectory.java:analyzeStorage(246)) - The storage directory /workdir/hadoop-ozone/tools/target/test-dir/MiniOzoneClusterImpl-07aed8b0-4e05-46c5-ad79-a4210fff6c42/datanode-2/data/ratis/90b17ee5-8530-48a6-b7d8-431e0498e4cf does not exist. Creating ...
2019-09-19 16:58:08,943 [pool-49-thread-1] INFO  storage.RaftStorageDirectory (RaftStorageDirectory.java:tryLock(328)) - Lock on /workdir/hadoop-ozone/tools/target/test-dir/MiniOzoneClusterImpl-07aed8b0-4e05-46c5-ad79-a4210fff6c42/datanode-2/data/ratis/90b17ee5-8530-48a6-b7d8-431e0498e4cf/in_use.lock acquired by nodename 22412@pr-hdds-1569-swxfz-3172132826
2019-09-19 16:58:08,957 [pool-49-thread-1] INFO  storage.RaftStorage (RaftStorage.java:format(72)) - Storage directory /workdir/hadoop-ozone/tools/target/test-dir/MiniOzoneClusterImpl-07aed8b0-4e05-46c5-ad79-a4210fff6c42/datanode-2/data/ratis/90b17ee5-8530-48a6-b7d8-431e0498e4cf has been successfully formatted.
2019-09-19 16:58:08,961 [pool-49-thread-1] INFO  ratis.ContainerStateMachine (ContainerStateMachine.java:loadSnapshot(226)) - group-431E0498E4CF: The snapshot info is null. Setting the last applied indexto:(t:0, i:~)
2019-09-19 16:58:08,961 [pool-49-thread-1] INFO  server.RaftServerConfigKeys (ConfUtils.java:logGet(43)) - raft.server.leader.election.timeout = 120s (custom)
2019-09-19 16:58:08,961 [pool-49-thread-1] INFO  server.RaftServerConfigKeys (ConfUtils.java:logGet(43)) - raft.server.log.use.memory = false (default)
2019-09-19 16:58:08,961 [pool-49-thread-1] INFO  server.RaftServerConfigKeys (ConfUtils.java:logGet(43)) - raft.server.log.purge.gap = 1000000 (custom)
2019-09-19 16:58:08,962 [pool-49-thread-1] INFO  server.RaftServerConfigKeys (ConfUtils.java:logGet(43)) - raft.server.log.appender.buffer.byte-limit = 33554432 (custom)
2019-09-19 16:58:08,962 [pool-49-thread-1] INFO  server.RaftServerConfigKeys (ConfUtils.java:logGet(43)) - raft.server.log.segment.size.max = 1048576 (custom)
2019-09-19 16:58:08,962 [pool-49-thread-1] INFO  server.RaftServerConfigKeys (ConfUtils.java:logGet(43)) - raft.server.log.segment.cache.num.max = 2 (custom)
2019-09-19 16:58:08,962 [pool-49-thread-1] INFO  segmented.SegmentedRaftLogWorker (SegmentedRaftLogWorker.java:<init>(172)) - new 1bc78e45-ac19-4b52-81ed-8b591e5dbc69-SegmentedRaftLogWorker:Storage Directory /workdir/hadoop-ozone/tools/target/test-dir/MiniOzoneClusterImpl-07aed8b0-4e05-46c5-ad79-a4210fff6c42/datanode-2/data/ratis/90b17ee5-8530-48a6-b7d8-431e0498e4cf for RaftStorage:Storage Directory /workdir/hadoop-ozone/tools/target/test-dir/MiniOzoneClusterImpl-07aed8b0-4e05-46c5-ad79-a4210fff6c42/datanode-2/data/ratis/90b17ee5-8530-48a6-b7d8-431e0498e4cf
2019-09-19 16:58:08,962 [pool-49-thread-1] INFO  server.RaftServerConfigKeys (ConfUtils.java:logGet(43)) - raft.server.log.queue.byte-limit = 2147483647 (custom)
2019-09-19 16:58:08,962 [pool-49-thread-1] INFO  server.RaftServerConfigKeys (ConfUtils.java:logGet(43)) - raft.server.log.queue.element-limit = 1024 (custom)
2019-09-19 16:58:08,963 [pool-49-thread-1] INFO  server.RaftServerConfigKeys (ConfUtils.java:logGet(43)) - raft.server.log.segment.size.max = 1048576 (custom)
2019-09-19 16:58:08,963 [pool-49-thread-1] INFO  server.RaftServerConfigKeys (ConfUtils.java:logGet(43)) - raft.server.log.preallocated.size = 16384 (custom)
2019-09-19 16:58:08,963 [pool-49-thread-1] INFO  server.RaftServerConfigKeys (ConfUtils.java:logGet(43)) - raft.server.log.write.buffer.size = 33554432 (custom)
2019-09-19 16:58:08,963 [pool-49-thread-1] INFO  server.RaftServerConfigKeys (ConfUtils.java:logGet(43)) - raft.server.log.force.sync.num = 128 (default)
2019-09-19 16:58:08,963 [pool-49-thread-1] INFO  server.RaftServerConfigKeys (ConfUtils.java:logGet(43)) - raft.server.log.statemachine.data.sync = true (default)
2019-09-19 16:58:08,963 [pool-49-thread-1] INFO  server.RaftServerConfigKeys (ConfUtils.java:logGet(43)) - raft.server.log.statemachine.data.sync.timeout = 10s (default)
2019-09-19 16:58:08,964 [pool-49-thread-1] INFO  server.RaftServerConfigKeys (ConfUtils.java:logGet(43)) - raft.server.log.statemachine.data.sync.timeout.retry = -1 (default)
2019-09-19 16:58:08,964 [pool-49-thread-1] INFO  server.RaftServerConfigKeys (ConfUtils.java:logGet(43)) - raft.server.log.statemachine.data.caching.enabled = true (custom)
2019-09-19 16:58:08,964 [pool-49-thread-1] INFO  segmented.SegmentedRaftLogWorker (SegmentedRaftLogWorker.java:lambda$new$0(132)) - 1bc78e45-ac19-4b52-81ed-8b591e5dbc69-SegmentedRaftLogWorker:Storage Directory /workdir/hadoop-ozone/tools/target/test-dir/MiniOzoneClusterImpl-07aed8b0-4e05-46c5-ad79-a4210fff6c42/datanode-2/data/ratis/90b17ee5-8530-48a6-b7d8-431e0498e4cf: flushIndex: setUnconditionally 0 -> -1
2019-09-19 16:58:08,965 [pool-49-thread-1] INFO  server.RaftServerConfigKeys (ConfUtils.java:logGet(43)) - raft.server.snapshot.auto.trigger.enabled = true (custom)
2019-09-19 16:58:08,965 [pool-49-thread-1] INFO  server.RaftServerConfigKeys (ConfUtils.java:logGet(43)) - raft.server.snapshot.auto.trigger.threshold = 10000 (custom)
2019-09-19 16:58:08,965 [pool-49-thread-1] INFO  server.RaftServerConfigKeys (ConfUtils.java:logGet(43)) - raft.server.retrycache.expirytime = 600000ms (custom)
2019-09-19 16:58:08,965 [pool-49-thread-1] INFO  impl.RaftServerImpl (RaftServerImpl.java:start(180)) - 1bc78e45-ac19-4b52-81ed-8b591e5dbc69: start group-431E0498E4CF
2019-09-19 16:58:08,965 [pool-49-thread-1] INFO  impl.RaftServerImpl (RaftServerImpl.java:setRole(171)) - 1bc78e45-ac19-4b52-81ed-8b591e5dbc69:group-431E0498E4CF changes role from null to FOLLOWER at term 0 for startAsFollower
2019-09-19 16:58:08,965 [pool-49-thread-1] INFO  impl.RoleInfo (RoleInfo.java:updateAndGet(143)) - 1bc78e45-ac19-4b52-81ed-8b591e5dbc69: start FollowerState
2019-09-19 16:58:08,966 [pool-49-thread-1] INFO  util.JmxRegister (JmxRegister.java:tryRegister(44)) - Successfully registered JMX Bean with object name Ratis:service=RaftServer,group=group-431E0498E4CF,id=1bc78e45-ac19-4b52-81ed-8b591e5dbc69
2019-09-19 16:58:08,977 [RatisPipelineUtilsThread] INFO  pipeline.PipelineStateManager (PipelineStateManager.java:addPipeline(56)) - Created pipeline Pipeline[ Id: 90b17ee5-8530-48a6-b7d8-431e0498e4cf, Nodes: 1bc78e45-ac19-4b52-81ed-8b591e5dbc69{ip: 192.168.157.226, host: pr-hdds-1569-swxfz-3172132826, networkLocation: /default-rack, certSerialId: null}, Type:RATIS, Factor:ONE, State:OPEN]
2019-09-19 16:58:08,979 [RatisPipelineUtilsThread] ERROR pipeline.PipelinePlacementPolicy (PipelinePlacementPolicy.java:meetCriteria(91)) - Pipeline Placement: Doesn't meet the criteria to be viable node. Heaviness: 6
2019-09-19 16:58:08,994 [grpc-default-executor-0] INFO  impl.RaftServerProxy (RaftServerProxy.java:addNew(89)) - 1bc78e45-ac19-4b52-81ed-8b591e5dbc69: addNew group-DB16FD013606:[1bc78e45-ac19-4b52-81ed-8b591e5dbc69:192.168.157.226:45895] returns group-DB16FD013606:java.util.concurrent.CompletableFuture@6e3ee0bf[Not completed]
2019-09-19 16:58:08,996 [pool-49-thread-1] INFO  impl.RaftServerImpl (RaftServerImpl.java:<init>(93)) - 1bc78e45-ac19-4b52-81ed-8b591e5dbc69: new RaftServerImpl for group-DB16FD013606:[1bc78e45-ac19-4b52-81ed-8b591e5dbc69:192.168.157.226:45895] with ContainerStateMachine:uninitialized
2019-09-19 16:58:08,996 [pool-49-thread-1] INFO  server.RaftServerConfigKeys (ConfUtils.java:logGet(43)) - raft.server.rpc.timeout.min = 5s (custom)
2019-09-19 16:58:08,996 [pool-49-thread-1] INFO  server.RaftServerConfigKeys (ConfUtils.java:logGet(43)) - raft.server.rpc.timeout.max = 5200ms (custom)
2019-09-19 16:58:08,996 [pool-49-thread-1] INFO  server.RaftServerConfigKeys (ConfUtils.java:logGet(43)) - raft.server.rpcslowness.timeout = 120s (custom)
2019-09-19 16:58:08,996 [pool-49-thread-1] INFO  server.RaftServerConfigKeys (ConfUtils.java:logGet(43)) - raft.server.sleep.deviation.threshold = 300 (default)
2019-09-19 16:58:08,996 [pool-49-thread-1] INFO  server.RaftServerConfigKeys (ConfUtils.java:logGet(43)) - raft.server.log.appender.install.snapshot.enabled = false (custom)
2019-09-19 16:58:08,997 [pool-49-thread-1] INFO  impl.RaftServerImpl (ServerState.java:<init>(105)) - 1bc78e45-ac19-4b52-81ed-8b591e5dbc69:group-DB16FD013606 ConfigurationManager, init=-1: [1bc78e45-ac19-4b52-81ed-8b591e5dbc69:192.168.157.226:45895], old=null, confs=<EMPTY_MAP>
2019-09-19 16:58:08,997 [pool-49-thread-1] INFO  server.RaftServerConfigKeys (ConfUtils.java:logGet(43)) - raft.server.storage.dir = [/workdir/hadoop-ozone/tools/target/test-dir/MiniOzoneClusterImpl-07aed8b0-4e05-46c5-ad79-a4210fff6c42/datanode-2/data/ratis] (custom)
2019-09-19 16:58:08,997 [pool-49-thread-1] INFO  storage.RaftStorageDirectory (RaftStorageDirectory.java:analyzeStorage(246)) - The storage directory /workdir/hadoop-ozone/tools/target/test-dir/MiniOzoneClusterImpl-07aed8b0-4e05-46c5-ad79-a4210fff6c42/datanode-2/data/ratis/31ce0732-ccd4-4b18-9017-db16fd013606 does not exist. Creating ...
2019-09-19 16:58:09,010 [pool-49-thread-1] INFO  storage.RaftStorageDirectory (RaftStorageDirectory.java:tryLock(328)) - Lock on /workdir/hadoop-ozone/tools/target/test-dir/MiniOzoneClusterImpl-07aed8b0-4e05-46c5-ad79-a4210fff6c42/datanode-2/data/ratis/31ce0732-ccd4-4b18-9017-db16fd013606/in_use.lock acquired by nodename 22412@pr-hdds-1569-swxfz-3172132826
2019-09-19 16:58:09,027 [pool-49-thread-1] INFO  storage.RaftStorage (RaftStorage.java:format(72)) - Storage directory /workdir/hadoop-ozone/tools/target/test-dir/MiniOzoneClusterImpl-07aed8b0-4e05-46c5-ad79-a4210fff6c42/datanode-2/data/ratis/31ce0732-ccd4-4b18-9017-db16fd013606 has been successfully formatted.
2019-09-19 16:58:09,027 [pool-49-thread-1] INFO  ratis.ContainerStateMachine (ContainerStateMachine.java:loadSnapshot(226)) - group-DB16FD013606: The snapshot info is null. Setting the last applied indexto:(t:0, i:~)
2019-09-19 16:58:09,027 [pool-49-thread-1] INFO  server.RaftServerConfigKeys (ConfUtils.java:logGet(43)) - raft.server.leader.election.timeout = 120s (custom)
2019-09-19 16:58:09,028 [pool-49-thread-1] INFO  server.RaftServerConfigKeys (ConfUtils.java:logGet(43)) - raft.server.log.use.memory = false (default)
2019-09-19 16:58:09,028 [pool-49-thread-1] INFO  server.RaftServerConfigKeys (ConfUtils.java:logGet(43)) - raft.server.log.purge.gap = 1000000 (custom)
2019-09-19 16:58:09,028 [pool-49-thread-1] INFO  server.RaftServerConfigKeys (ConfUtils.java:logGet(43)) - raft.server.log.appender.buffer.byte-limit = 33554432 (custom)
2019-09-19 16:58:09,028 [pool-49-thread-1] INFO  server.RaftServerConfigKeys (ConfUtils.java:logGet(43)) - raft.server.log.segment.size.max = 1048576 (custom)
2019-09-19 16:58:09,028 [pool-49-thread-1] INFO  server.RaftServerConfigKeys (ConfUtils.java:logGet(43)) - raft.server.log.segment.cache.num.max = 2 (custom)
2019-09-19 16:58:09,028 [pool-49-thread-1] INFO  segmented.SegmentedRaftLogWorker (SegmentedRaftLogWorker.java:<init>(172)) - new 1bc78e45-ac19-4b52-81ed-8b591e5dbc69-SegmentedRaftLogWorker:Storage Directory /workdir/hadoop-ozone/tools/target/test-dir/MiniOzoneClusterImpl-07aed8b0-4e05-46c5-ad79-a4210fff6c42/datanode-2/data/ratis/31ce0732-ccd4-4b18-9017-db16fd013606 for RaftStorage:Storage Directory /workdir/hadoop-ozone/tools/target/test-dir/MiniOzoneClusterImpl-07aed8b0-4e05-46c5-ad79-a4210fff6c42/datanode-2/data/ratis/31ce0732-ccd4-4b18-9017-db16fd013606
2019-09-19 16:58:09,029 [pool-49-thread-1] INFO  server.RaftServerConfigKeys (ConfUtils.java:logGet(43)) - raft.server.log.queue.byte-limit = 2147483647 (custom)
2019-09-19 16:58:09,029 [pool-49-thread-1] INFO  server.RaftServerConfigKeys (ConfUtils.java:logGet(43)) - raft.server.log.queue.element-limit = 1024 (custom)
2019-09-19 16:58:09,029 [pool-49-thread-1] INFO  server.RaftServerConfigKeys (ConfUtils.java:logGet(43)) - raft.server.log.segment.size.max = 1048576 (custom)
2019-09-19 16:58:09,029 [pool-49-thread-1] INFO  server.RaftServerConfigKeys (ConfUtils.java:logGet(43)) - raft.server.log.preallocated.size = 16384 (custom)
2019-09-19 16:58:09,029 [pool-49-thread-1] INFO  server.RaftServerConfigKeys (ConfUtils.java:logGet(43)) - raft.server.log.write.buffer.size = 33554432 (custom)
2019-09-19 16:58:09,030 [pool-49-thread-1] INFO  server.RaftServerConfigKeys (ConfUtils.java:logGet(43)) - raft.server.log.force.sync.num = 128 (default)
2019-09-19 16:58:09,030 [pool-49-thread-1] INFO  server.RaftServerConfigKeys (ConfUtils.java:logGet(43)) - raft.server.log.statemachine.data.sync = true (default)
2019-09-19 16:58:09,030 [pool-49-thread-1] INFO  server.RaftServerConfigKeys (ConfUtils.java:logGet(43)) - raft.server.log.statemachine.data.sync.timeout = 10s (default)
2019-09-19 16:58:09,030 [pool-49-thread-1] INFO  server.RaftServerConfigKeys (ConfUtils.java:logGet(43)) - raft.server.log.statemachine.data.sync.timeout.retry = -1 (default)
2019-09-19 16:58:09,030 [pool-49-thread-1] INFO  server.RaftServerConfigKeys (ConfUtils.java:logGet(43)) - raft.server.log.statemachine.data.caching.enabled = true (custom)
2019-09-19 16:58:09,031 [pool-49-thread-1] INFO  segmented.SegmentedRaftLogWorker (SegmentedRaftLogWorker.java:lambda$new$0(132)) - 1bc78e45-ac19-4b52-81ed-8b591e5dbc69-SegmentedRaftLogWorker:Storage Directory /workdir/hadoop-ozone/tools/target/test-dir/MiniOzoneClusterImpl-07aed8b0-4e05-46c5-ad79-a4210fff6c42/datanode-2/data/ratis/31ce0732-ccd4-4b18-9017-db16fd013606: flushIndex: setUnconditionally 0 -> -1
2019-09-19 16:58:09,031 [pool-49-thread-1] INFO  server.RaftServerConfigKeys (ConfUtils.java:logGet(43)) - raft.server.snapshot.auto.trigger.enabled = true (custom)
2019-09-19 16:58:09,031 [pool-49-thread-1] INFO  server.RaftServerConfigKeys (ConfUtils.java:logGet(43)) - raft.server.snapshot.auto.trigger.threshold = 10000 (custom)
2019-09-19 16:58:09,032 [pool-49-thread-1] INFO  server.RaftServerConfigKeys (ConfUtils.java:logGet(43)) - raft.server.retrycache.expirytime = 600000ms (custom)
2019-09-19 16:58:09,032 [pool-49-thread-1] INFO  impl.RaftServerImpl (RaftServerImpl.java:start(180)) - 1bc78e45-ac19-4b52-81ed-8b591e5dbc69: start group-DB16FD013606
2019-09-19 16:58:09,032 [pool-49-thread-1] INFO  impl.RaftServerImpl (RaftServerImpl.java:setRole(171)) - 1bc78e45-ac19-4b52-81ed-8b591e5dbc69:group-DB16FD013606 changes role from null to FOLLOWER at term 0 for startAsFollower
2019-09-19 16:58:09,032 [pool-49-thread-1] INFO  impl.RoleInfo (RoleInfo.java:updateAndGet(143)) - 1bc78e45-ac19-4b52-81ed-8b591e5dbc69: start FollowerState
2019-09-19 16:58:09,033 [pool-49-thread-1] INFO  util.JmxRegister (JmxRegister.java:tryRegister(44)) - Successfully registered JMX Bean with object name Ratis:service=RaftServer,group=group-DB16FD013606,id=1bc78e45-ac19-4b52-81ed-8b591e5dbc69
2019-09-19 16:58:09,039 [RatisPipelineUtilsThread] INFO  pipeline.PipelineStateManager (PipelineStateManager.java:addPipeline(56)) - Created pipeline Pipeline[ Id: 31ce0732-ccd4-4b18-9017-db16fd013606, Nodes: 1bc78e45-ac19-4b52-81ed-8b591e5dbc69{ip: 192.168.157.226, host: pr-hdds-1569-swxfz-3172132826, networkLocation: /default-rack, certSerialId: null}, Type:RATIS, Factor:ONE, State:OPEN]
2019-09-19 16:58:09,040 [RatisPipelineUtilsThread] ERROR pipeline.PipelinePlacementPolicy (PipelinePlacementPolicy.java:meetCriteria(91)) - Pipeline Placement: Doesn't meet the criteria to be viable node. Heaviness: 6
2019-09-19 16:58:09,051 [grpc-default-executor-0] INFO  impl.RaftServerProxy (RaftServerProxy.java:addNew(89)) - d3f68efe-c22b-404c-9d92-5b3617bd70f9: addNew group-7094857150EC:[d3f68efe-c22b-404c-9d92-5b3617bd70f9:192.168.157.226:42155] returns group-7094857150EC:java.util.concurrent.CompletableFuture@34f90d3d[Not completed]
2019-09-19 16:58:09,053 [pool-27-thread-1] INFO  impl.RaftServerImpl (RaftServerImpl.java:<init>(93)) - d3f68efe-c22b-404c-9d92-5b3617bd70f9: new RaftServerImpl for group-7094857150EC:[d3f68efe-c22b-404c-9d92-5b3617bd70f9:192.168.157.226:42155] with ContainerStateMachine:uninitialized
2019-09-19 16:58:09,053 [pool-27-thread-1] INFO  server.RaftServerConfigKeys (ConfUtils.java:logGet(43)) - raft.server.rpc.timeout.min = 5s (custom)
2019-09-19 16:58:09,054 [pool-27-thread-1] INFO  server.RaftServerConfigKeys (ConfUtils.java:logGet(43)) - raft.server.rpc.timeout.max = 5200ms (custom)
2019-09-19 16:58:09,054 [pool-27-thread-1] INFO  server.RaftServerConfigKeys (ConfUtils.java:logGet(43)) - raft.server.rpcslowness.timeout = 120s (custom)
2019-09-19 16:58:09,054 [pool-27-thread-1] INFO  server.RaftServerConfigKeys (ConfUtils.java:logGet(43)) - raft.server.sleep.deviation.threshold = 300 (default)
2019-09-19 16:58:09,054 [pool-27-thread-1] INFO  server.RaftServerConfigKeys (ConfUtils.java:logGet(43)) - raft.server.log.appender.install.snapshot.enabled = false (custom)
2019-09-19 16:58:09,054 [pool-27-thread-1] INFO  impl.RaftServerImpl (ServerState.java:<init>(105)) - d3f68efe-c22b-404c-9d92-5b3617bd70f9:group-7094857150EC ConfigurationManager, init=-1: [d3f68efe-c22b-404c-9d92-5b3617bd70f9:192.168.157.226:42155], old=null, confs=<EMPTY_MAP>
2019-09-19 16:58:09,055 [pool-27-thread-1] INFO  server.RaftServerConfigKeys (ConfUtils.java:logGet(43)) - raft.server.storage.dir = [/workdir/hadoop-ozone/tools/target/test-dir/MiniOzoneClusterImpl-07aed8b0-4e05-46c5-ad79-a4210fff6c42/datanode-0/data/ratis] (custom)
2019-09-19 16:58:09,055 [pool-27-thread-1] INFO  storage.RaftStorageDirectory (RaftStorageDirectory.java:analyzeStorage(246)) - The storage directory /workdir/hadoop-ozone/tools/target/test-dir/MiniOzoneClusterImpl-07aed8b0-4e05-46c5-ad79-a4210fff6c42/datanode-0/data/ratis/eed7f8b9-3053-44f3-a6ef-7094857150ec does not exist. Creating ...
2019-09-19 16:58:09,076 [pool-27-thread-1] INFO  storage.RaftStorageDirectory (RaftStorageDirectory.java:tryLock(328)) - Lock on /workdir/hadoop-ozone/tools/target/test-dir/MiniOzoneClusterImpl-07aed8b0-4e05-46c5-ad79-a4210fff6c42/datanode-0/data/ratis/eed7f8b9-3053-44f3-a6ef-7094857150ec/in_use.lock acquired by nodename 22412@pr-hdds-1569-swxfz-3172132826
2019-09-19 16:58:09,090 [pool-27-thread-1] INFO  storage.RaftStorage (RaftStorage.java:format(72)) - Storage directory /workdir/hadoop-ozone/tools/target/test-dir/MiniOzoneClusterImpl-07aed8b0-4e05-46c5-ad79-a4210fff6c42/datanode-0/data/ratis/eed7f8b9-3053-44f3-a6ef-7094857150ec has been successfully formatted.
2019-09-19 16:58:09,090 [pool-27-thread-1] INFO  ratis.ContainerStateMachine (ContainerStateMachine.java:loadSnapshot(226)) - group-7094857150EC: The snapshot info is null. Setting the last applied indexto:(t:0, i:~)
2019-09-19 16:58:09,091 [pool-27-thread-1] INFO  server.RaftServerConfigKeys (ConfUtils.java:logGet(43)) - raft.server.leader.election.timeout = 120s (custom)
2019-09-19 16:58:09,091 [pool-27-thread-1] INFO  server.RaftServerConfigKeys (ConfUtils.java:logGet(43)) - raft.server.log.use.memory = false (default)
2019-09-19 16:58:09,091 [pool-27-thread-1] INFO  server.RaftServerConfigKeys (ConfUtils.java:logGet(43)) - raft.server.log.purge.gap = 1000000 (custom)
2019-09-19 16:58:09,091 [pool-27-thread-1] INFO  server.RaftServerConfigKeys (ConfUtils.java:logGet(43)) - raft.server.log.appender.buffer.byte-limit = 33554432 (custom)
2019-09-19 16:58:09,092 [pool-27-thread-1] INFO  server.RaftServerConfigKeys (ConfUtils.java:logGet(43)) - raft.server.log.segment.size.max = 1048576 (custom)
2019-09-19 16:58:09,092 [pool-27-thread-1] INFO  server.RaftServerConfigKeys (ConfUtils.java:logGet(43)) - raft.server.log.segment.cache.num.max = 2 (custom)
2019-09-19 16:58:09,092 [pool-27-thread-1] INFO  segmented.SegmentedRaftLogWorker (SegmentedRaftLogWorker.java:<init>(172)) - new d3f68efe-c22b-404c-9d92-5b3617bd70f9-SegmentedRaftLogWorker:Storage Directory /workdir/hadoop-ozone/tools/target/test-dir/MiniOzoneClusterImpl-07aed8b0-4e05-46c5-ad79-a4210fff6c42/datanode-0/data/ratis/eed7f8b9-3053-44f3-a6ef-7094857150ec for RaftStorage:Storage Directory /workdir/hadoop-ozone/tools/target/test-dir/MiniOzoneClusterImpl-07aed8b0-4e05-46c5-ad79-a4210fff6c42/datanode-0/data/ratis/eed7f8b9-3053-44f3-a6ef-7094857150ec
2019-09-19 16:58:09,092 [pool-27-thread-1] INFO  server.RaftServerConfigKeys (ConfUtils.java:logGet(43)) - raft.server.log.queue.byte-limit = 2147483647 (custom)
2019-09-19 16:58:09,092 [pool-27-thread-1] INFO  server.RaftServerConfigKeys (ConfUtils.java:logGet(43)) - raft.server.log.queue.element-limit = 1024 (custom)
2019-09-19 16:58:09,093 [pool-27-thread-1] INFO  server.RaftServerConfigKeys (ConfUtils.java:logGet(43)) - raft.server.log.segment.size.max = 1048576 (custom)
2019-09-19 16:58:09,093 [pool-27-thread-1] INFO  server.RaftServerConfigKeys (ConfUtils.java:logGet(43)) - raft.server.log.preallocated.size = 16384 (custom)
2019-09-19 16:58:09,093 [pool-27-thread-1] INFO  server.RaftServerConfigKeys (ConfUtils.java:logGet(43)) - raft.server.log.write.buffer.size = 33554432 (custom)
2019-09-19 16:58:09,093 [pool-27-thread-1] INFO  server.RaftServerConfigKeys (ConfUtils.java:logGet(43)) - raft.server.log.force.sync.num = 128 (default)
2019-09-19 16:58:09,093 [pool-27-thread-1] INFO  server.RaftServerConfigKeys (ConfUtils.java:logGet(43)) - raft.server.log.statemachine.data.sync = true (default)
2019-09-19 16:58:09,094 [pool-27-thread-1] INFO  server.RaftServerConfigKeys (ConfUtils.java:logGet(43)) - raft.server.log.statemachine.data.sync.timeout = 10s (default)
2019-09-19 16:58:09,094 [pool-27-thread-1] INFO  server.RaftServerConfigKeys (ConfUtils.java:logGet(43)) - raft.server.log.statemachine.data.sync.timeout.retry = -1 (default)
2019-09-19 16:58:09,094 [pool-27-thread-1] INFO  server.RaftServerConfigKeys (ConfUtils.java:logGet(43)) - raft.server.log.statemachine.data.caching.enabled = true (custom)
2019-09-19 16:58:09,095 [pool-27-thread-1] INFO  segmented.SegmentedRaftLogWorker (SegmentedRaftLogWorker.java:lambda$new$0(132)) - d3f68efe-c22b-404c-9d92-5b3617bd70f9-SegmentedRaftLogWorker:Storage Directory /workdir/hadoop-ozone/tools/target/test-dir/MiniOzoneClusterImpl-07aed8b0-4e05-46c5-ad79-a4210fff6c42/datanode-0/data/ratis/eed7f8b9-3053-44f3-a6ef-7094857150ec: flushIndex: setUnconditionally 0 -> -1
2019-09-19 16:58:09,095 [pool-27-thread-1] INFO  server.RaftServerConfigKeys (ConfUtils.java:logGet(43)) - raft.server.snapshot.auto.trigger.enabled = true (custom)
2019-09-19 16:58:09,095 [pool-27-thread-1] INFO  server.RaftServerConfigKeys (ConfUtils.java:logGet(43)) - raft.server.snapshot.auto.trigger.threshold = 10000 (custom)
2019-09-19 16:58:09,096 [pool-27-thread-1] INFO  server.RaftServerConfigKeys (ConfUtils.java:logGet(43)) - raft.server.retrycache.expirytime = 600000ms (custom)
2019-09-19 16:58:09,096 [pool-27-thread-1] INFO  impl.RaftServerImpl (RaftServerImpl.java:start(180)) - d3f68efe-c22b-404c-9d92-5b3617bd70f9: start group-7094857150EC
2019-09-19 16:58:09,096 [pool-27-thread-1] INFO  impl.RaftServerImpl (RaftServerImpl.java:setRole(171)) - d3f68efe-c22b-404c-9d92-5b3617bd70f9:group-7094857150EC changes role from null to FOLLOWER at term 0 for startAsFollower
2019-09-19 16:58:09,096 [pool-27-thread-1] INFO  impl.RoleInfo (RoleInfo.java:updateAndGet(143)) - d3f68efe-c22b-404c-9d92-5b3617bd70f9: start FollowerState
2019-09-19 16:58:09,097 [pool-27-thread-1] INFO  util.JmxRegister (JmxRegister.java:tryRegister(44)) - Successfully registered JMX Bean with object name Ratis:service=RaftServer,group=group-7094857150EC,id=d3f68efe-c22b-404c-9d92-5b3617bd70f9
2019-09-19 16:58:09,104 [RatisPipelineUtilsThread] INFO  pipeline.PipelineStateManager (PipelineStateManager.java:addPipeline(56)) - Created pipeline Pipeline[ Id: eed7f8b9-3053-44f3-a6ef-7094857150ec, Nodes: d3f68efe-c22b-404c-9d92-5b3617bd70f9{ip: 192.168.157.226, host: pr-hdds-1569-swxfz-3172132826, networkLocation: /default-rack, certSerialId: null}, Type:RATIS, Factor:ONE, State:OPEN]
2019-09-19 16:58:09,105 [RatisPipelineUtilsThread] ERROR pipeline.PipelinePlacementPolicy (PipelinePlacementPolicy.java:meetCriteria(91)) - Pipeline Placement: Doesn't meet the criteria to be viable node. Heaviness: 6
2019-09-19 16:58:09,116 [grpc-default-executor-0] INFO  impl.RaftServerProxy (RaftServerProxy.java:addNew(89)) - d3f68efe-c22b-404c-9d92-5b3617bd70f9: addNew group-D3B8B4EC5BA4:[d3f68efe-c22b-404c-9d92-5b3617bd70f9:192.168.157.226:42155] returns group-D3B8B4EC5BA4:java.util.concurrent.CompletableFuture@4d4525d1[Not completed]
2019-09-19 16:58:09,118 [pool-27-thread-1] INFO  impl.RaftServerImpl (RaftServerImpl.java:<init>(93)) - d3f68efe-c22b-404c-9d92-5b3617bd70f9: new RaftServerImpl for group-D3B8B4EC5BA4:[d3f68efe-c22b-404c-9d92-5b3617bd70f9:192.168.157.226:42155] with ContainerStateMachine:uninitialized
2019-09-19 16:58:09,118 [pool-27-thread-1] INFO  server.RaftServerConfigKeys (ConfUtils.java:logGet(43)) - raft.server.rpc.timeout.min = 5s (custom)
2019-09-19 16:58:09,118 [pool-27-thread-1] INFO  server.RaftServerConfigKeys (ConfUtils.java:logGet(43)) - raft.server.rpc.timeout.max = 5200ms (custom)
2019-09-19 16:58:09,118 [pool-27-thread-1] INFO  server.RaftServerConfigKeys (ConfUtils.java:logGet(43)) - raft.server.rpcslowness.timeout = 120s (custom)
2019-09-19 16:58:09,118 [pool-27-thread-1] INFO  server.RaftServerConfigKeys (ConfUtils.java:logGet(43)) - raft.server.sleep.deviation.threshold = 300 (default)
2019-09-19 16:58:09,119 [pool-27-thread-1] INFO  server.RaftServerConfigKeys (ConfUtils.java:logGet(43)) - raft.server.log.appender.install.snapshot.enabled = false (custom)
2019-09-19 16:58:09,119 [pool-27-thread-1] INFO  impl.RaftServerImpl (ServerState.java:<init>(105)) - d3f68efe-c22b-404c-9d92-5b3617bd70f9:group-D3B8B4EC5BA4 ConfigurationManager, init=-1: [d3f68efe-c22b-404c-9d92-5b3617bd70f9:192.168.157.226:42155], old=null, confs=<EMPTY_MAP>
2019-09-19 16:58:09,119 [pool-27-thread-1] INFO  server.RaftServerConfigKeys (ConfUtils.java:logGet(43)) - raft.server.storage.dir = [/workdir/hadoop-ozone/tools/target/test-dir/MiniOzoneClusterImpl-07aed8b0-4e05-46c5-ad79-a4210fff6c42/datanode-0/data/ratis] (custom)
2019-09-19 16:58:09,120 [pool-27-thread-1] INFO  storage.RaftStorageDirectory (RaftStorageDirectory.java:analyzeStorage(246)) - The storage directory /workdir/hadoop-ozone/tools/target/test-dir/MiniOzoneClusterImpl-07aed8b0-4e05-46c5-ad79-a4210fff6c42/datanode-0/data/ratis/38045659-0faf-48f6-a66e-d3b8b4ec5ba4 does not exist. Creating ...
2019-09-19 16:58:09,133 [pool-27-thread-1] INFO  storage.RaftStorageDirectory (RaftStorageDirectory.java:tryLock(328)) - Lock on /workdir/hadoop-ozone/tools/target/test-dir/MiniOzoneClusterImpl-07aed8b0-4e05-46c5-ad79-a4210fff6c42/datanode-0/data/ratis/38045659-0faf-48f6-a66e-d3b8b4ec5ba4/in_use.lock acquired by nodename 22412@pr-hdds-1569-swxfz-3172132826
2019-09-19 16:58:09,147 [pool-27-thread-1] INFO  storage.RaftStorage (RaftStorage.java:format(72)) - Storage directory /workdir/hadoop-ozone/tools/target/test-dir/MiniOzoneClusterImpl-07aed8b0-4e05-46c5-ad79-a4210fff6c42/datanode-0/data/ratis/38045659-0faf-48f6-a66e-d3b8b4ec5ba4 has been successfully formatted.
2019-09-19 16:58:09,148 [pool-27-thread-1] INFO  ratis.ContainerStateMachine (ContainerStateMachine.java:loadSnapshot(226)) - group-D3B8B4EC5BA4: The snapshot info is null. Setting the last applied indexto:(t:0, i:~)
2019-09-19 16:58:09,148 [pool-27-thread-1] INFO  server.RaftServerConfigKeys (ConfUtils.java:logGet(43)) - raft.server.leader.election.timeout = 120s (custom)
2019-09-19 16:58:09,148 [pool-27-thread-1] INFO  server.RaftServerConfigKeys (ConfUtils.java:logGet(43)) - raft.server.log.use.memory = false (default)
2019-09-19 16:58:09,148 [pool-27-thread-1] INFO  server.RaftServerConfigKeys (ConfUtils.java:logGet(43)) - raft.server.log.purge.gap = 1000000 (custom)
2019-09-19 16:58:09,148 [pool-27-thread-1] INFO  server.RaftServerConfigKeys (ConfUtils.java:logGet(43)) - raft.server.log.appender.buffer.byte-limit = 33554432 (custom)
2019-09-19 16:58:09,149 [pool-27-thread-1] INFO  server.RaftServerConfigKeys (ConfUtils.java:logGet(43)) - raft.server.log.segment.size.max = 1048576 (custom)
2019-09-19 16:58:09,149 [pool-27-thread-1] INFO  server.RaftServerConfigKeys (ConfUtils.java:logGet(43)) - raft.server.log.segment.cache.num.max = 2 (custom)
2019-09-19 16:58:09,149 [pool-27-thread-1] INFO  segmented.SegmentedRaftLogWorker (SegmentedRaftLogWorker.java:<init>(172)) - new d3f68efe-c22b-404c-9d92-5b3617bd70f9-SegmentedRaftLogWorker:Storage Directory /workdir/hadoop-ozone/tools/target/test-dir/MiniOzoneClusterImpl-07aed8b0-4e05-46c5-ad79-a4210fff6c42/datanode-0/data/ratis/38045659-0faf-48f6-a66e-d3b8b4ec5ba4 for RaftStorage:Storage Directory /workdir/hadoop-ozone/tools/target/test-dir/MiniOzoneClusterImpl-07aed8b0-4e05-46c5-ad79-a4210fff6c42/datanode-0/data/ratis/38045659-0faf-48f6-a66e-d3b8b4ec5ba4
2019-09-19 16:58:09,149 [pool-27-thread-1] INFO  server.RaftServerConfigKeys (ConfUtils.java:logGet(43)) - raft.server.log.queue.byte-limit = 2147483647 (custom)
2019-09-19 16:58:09,149 [pool-27-thread-1] INFO  server.RaftServerConfigKeys (ConfUtils.java:logGet(43)) - raft.server.log.queue.element-limit = 1024 (custom)
2019-09-19 16:58:09,149 [pool-27-thread-1] INFO  server.RaftServerConfigKeys (ConfUtils.java:logGet(43)) - raft.server.log.segment.size.max = 1048576 (custom)
2019-09-19 16:58:09,149 [pool-27-thread-1] INFO  server.RaftServerConfigKeys (ConfUtils.java:logGet(43)) - raft.server.log.preallocated.size = 16384 (custom)
2019-09-19 16:58:09,150 [pool-27-thread-1] INFO  server.RaftServerConfigKeys (ConfUtils.java:logGet(43)) - raft.server.log.write.buffer.size = 33554432 (custom)
2019-09-19 16:58:09,150 [pool-27-thread-1] INFO  server.RaftServerConfigKeys (ConfUtils.java:logGet(43)) - raft.server.log.force.sync.num = 128 (default)
2019-09-19 16:58:09,150 [pool-27-thread-1] INFO  server.RaftServerConfigKeys (ConfUtils.java:logGet(43)) - raft.server.log.statemachine.data.sync = true (default)
2019-09-19 16:58:09,150 [pool-27-thread-1] INFO  server.RaftServerConfigKeys (ConfUtils.java:logGet(43)) - raft.server.log.statemachine.data.sync.timeout = 10s (default)
2019-09-19 16:58:09,150 [pool-27-thread-1] INFO  server.RaftServerConfigKeys (ConfUtils.java:logGet(43)) - raft.server.log.statemachine.data.sync.timeout.retry = -1 (default)
2019-09-19 16:58:09,150 [pool-27-thread-1] INFO  server.RaftServerConfigKeys (ConfUtils.java:logGet(43)) - raft.server.log.statemachine.data.caching.enabled = true (custom)
2019-09-19 16:58:09,151 [pool-27-thread-1] INFO  segmented.SegmentedRaftLogWorker (SegmentedRaftLogWorker.java:lambda$new$0(132)) - d3f68efe-c22b-404c-9d92-5b3617bd70f9-SegmentedRaftLogWorker:Storage Directory /workdir/hadoop-ozone/tools/target/test-dir/MiniOzoneClusterImpl-07aed8b0-4e05-46c5-ad79-a4210fff6c42/datanode-0/data/ratis/38045659-0faf-48f6-a66e-d3b8b4ec5ba4: flushIndex: setUnconditionally 0 -> -1
2019-09-19 16:58:09,151 [pool-27-thread-1] INFO  server.RaftServerConfigKeys (ConfUtils.java:logGet(43)) - raft.server.snapshot.auto.trigger.enabled = true (custom)
2019-09-19 16:58:09,151 [pool-27-thread-1] INFO  server.RaftServerConfigKeys (ConfUtils.java:logGet(43)) - raft.server.snapshot.auto.trigger.threshold = 10000 (custom)
2019-09-19 16:58:09,151 [pool-27-thread-1] INFO  server.RaftServerConfigKeys (ConfUtils.java:logGet(43)) - raft.server.retrycache.expirytime = 600000ms (custom)
2019-09-19 16:58:09,152 [pool-27-thread-1] INFO  impl.RaftServerImpl (RaftServerImpl.java:start(180)) - d3f68efe-c22b-404c-9d92-5b3617bd70f9: start group-D3B8B4EC5BA4
2019-09-19 16:58:09,152 [pool-27-thread-1] INFO  impl.RaftServerImpl (RaftServerImpl.java:setRole(171)) - d3f68efe-c22b-404c-9d92-5b3617bd70f9:group-D3B8B4EC5BA4 changes role from null to FOLLOWER at term 0 for startAsFollower
2019-09-19 16:58:09,152 [pool-27-thread-1] INFO  impl.RoleInfo (RoleInfo.java:updateAndGet(143)) - d3f68efe-c22b-404c-9d92-5b3617bd70f9: start FollowerState
2019-09-19 16:58:09,152 [pool-27-thread-1] INFO  util.JmxRegister (JmxRegister.java:tryRegister(44)) - Successfully registered JMX Bean with object name Ratis:service=RaftServer,group=group-D3B8B4EC5BA4,id=d3f68efe-c22b-404c-9d92-5b3617bd70f9
2019-09-19 16:58:09,161 | INFO  | SCMAudit | user=jenkins1000 | ip=192.168.157.226 | op=SEND_HEARTBEAT {datanodeUUID=1bc78e45-ac19-4b52-81ed-8b591e5dbc69, command=[]} | ret=SUCCESS |  
2019-09-19 16:58:09,159 [RatisPipelineUtilsThread] INFO  pipeline.PipelineStateManager (PipelineStateManager.java:addPipeline(56)) - Created pipeline Pipeline[ Id: 38045659-0faf-48f6-a66e-d3b8b4ec5ba4, Nodes: d3f68efe-c22b-404c-9d92-5b3617bd70f9{ip: 192.168.157.226, host: pr-hdds-1569-swxfz-3172132826, networkLocation: /default-rack, certSerialId: null}, Type:RATIS, Factor:ONE, State:OPEN]
2019-09-19 16:58:09,161 [RatisPipelineUtilsThread] ERROR pipeline.PipelinePlacementPolicy (PipelinePlacementPolicy.java:meetCriteria(91)) - Pipeline Placement: Doesn't meet the criteria to be viable node. Heaviness: 6
2019-09-19 16:58:09,162 [RatisPipelineUtilsThread] ERROR pipeline.PipelinePlacementPolicy (PipelinePlacementPolicy.java:meetCriteria(91)) - Pipeline Placement: Doesn't meet the criteria to be viable node. Heaviness: 6
2019-09-19 16:58:09,175 [grpc-default-executor-0] INFO  impl.RaftServerProxy (RaftServerProxy.java:addNew(89)) - 1bc78e45-ac19-4b52-81ed-8b591e5dbc69: addNew group-FC9DB4D0EA12:[1bc78e45-ac19-4b52-81ed-8b591e5dbc69:192.168.157.226:45895] returns group-FC9DB4D0EA12:java.util.concurrent.CompletableFuture@45df6f95[Not completed]
2019-09-19 16:58:09,176 [main] INFO  freon.RandomKeyGenerator (RandomKeyGenerator.java:call(275)) - Number of Threads: 10
2019-09-19 16:58:09,176 [pool-49-thread-1] INFO  impl.RaftServerImpl (RaftServerImpl.java:<init>(93)) - 1bc78e45-ac19-4b52-81ed-8b591e5dbc69: new RaftServerImpl for group-FC9DB4D0EA12:[1bc78e45-ac19-4b52-81ed-8b591e5dbc69:192.168.157.226:45895] with ContainerStateMachine:uninitialized
2019-09-19 16:58:09,177 [pool-49-thread-1] INFO  server.RaftServerConfigKeys (ConfUtils.java:logGet(43)) - raft.server.rpc.timeout.min = 5s (custom)
2019-09-19 16:58:09,177 [pool-49-thread-1] INFO  server.RaftServerConfigKeys (ConfUtils.java:logGet(43)) - raft.server.rpc.timeout.max = 5200ms (custom)
2019-09-19 16:58:09,177 [pool-49-thread-1] INFO  server.RaftServerConfigKeys (ConfUtils.java:logGet(43)) - raft.server.rpcslowness.timeout = 120s (custom)
2019-09-19 16:58:09,177 [pool-49-thread-1] INFO  server.RaftServerConfigKeys (ConfUtils.java:logGet(43)) - raft.server.sleep.deviation.threshold = 300 (default)
2019-09-19 16:58:09,177 [pool-49-thread-1] INFO  server.RaftServerConfigKeys (ConfUtils.java:logGet(43)) - raft.server.log.appender.install.snapshot.enabled = false (custom)
2019-09-19 16:58:09,177 [pool-49-thread-1] INFO  impl.RaftServerImpl (ServerState.java:<init>(105)) - 1bc78e45-ac19-4b52-81ed-8b591e5dbc69:group-FC9DB4D0EA12 ConfigurationManager, init=-1: [1bc78e45-ac19-4b52-81ed-8b591e5dbc69:192.168.157.226:45895], old=null, confs=<EMPTY_MAP>
2019-09-19 16:58:09,177 [main] INFO  freon.RandomKeyGenerator (RandomKeyGenerator.java:call(280)) - Number of Volumes: 1.
2019-09-19 16:58:09,177 [pool-49-thread-1] INFO  server.RaftServerConfigKeys (ConfUtils.java:logGet(43)) - raft.server.storage.dir = [/workdir/hadoop-ozone/tools/target/test-dir/MiniOzoneClusterImpl-07aed8b0-4e05-46c5-ad79-a4210fff6c42/datanode-2/data/ratis] (custom)
2019-09-19 16:58:09,177 [main] INFO  freon.RandomKeyGenerator (RandomKeyGenerator.java:call(281)) - Number of Buckets per Volume: 1.
2019-09-19 16:58:09,178 [main] INFO  freon.RandomKeyGenerator (RandomKeyGenerator.java:call(282)) - Number of Keys per Bucket: 1.
2019-09-19 16:58:09,178 [pool-49-thread-1] INFO  storage.RaftStorageDirectory (RaftStorageDirectory.java:analyzeStorage(246)) - The storage directory /workdir/hadoop-ozone/tools/target/test-dir/MiniOzoneClusterImpl-07aed8b0-4e05-46c5-ad79-a4210fff6c42/datanode-2/data/ratis/b57bb4db-4683-4d98-81c3-fc9db4d0ea12 does not exist. Creating ...
2019-09-19 16:58:09,178 [main] INFO  freon.RandomKeyGenerator (RandomKeyGenerator.java:call(283)) - Key size: 20971520 bytes
2019-09-19 16:58:09,178 [main] INFO  freon.RandomKeyGenerator (RandomKeyGenerator.java:call(284)) - Buffer size: 4096 bytes
2019-09-19 16:58:09,183 [main] INFO  freon.RandomKeyGenerator (RandomKeyGenerator.java:call(298)) - Data validation is enabled.
2019-09-19 16:58:09,185 [main] INFO  freon.RandomKeyGenerator (RandomKeyGenerator.java:call(304)) - Starting progress bar Thread.

 0.00% |█                                                                                                    |  0/1 Time: 0:00:002019-09-19 16:58:09,190 [pool-49-thread-1] INFO  storage.RaftStorageDirectory (RaftStorageDirectory.java:tryLock(328)) - Lock on /workdir/hadoop-ozone/tools/target/test-dir/MiniOzoneClusterImpl-07aed8b0-4e05-46c5-ad79-a4210fff6c42/datanode-2/data/ratis/b57bb4db-4683-4d98-81c3-fc9db4d0ea12/in_use.lock acquired by nodename 22412@pr-hdds-1569-swxfz-3172132826
2019-09-19 16:58:09,207 [pool-49-thread-1] INFO  storage.RaftStorage (RaftStorage.java:format(72)) - Storage directory /workdir/hadoop-ozone/tools/target/test-dir/MiniOzoneClusterImpl-07aed8b0-4e05-46c5-ad79-a4210fff6c42/datanode-2/data/ratis/b57bb4db-4683-4d98-81c3-fc9db4d0ea12 has been successfully formatted.
2019-09-19 16:58:09,207 [pool-49-thread-1] INFO  ratis.ContainerStateMachine (ContainerStateMachine.java:loadSnapshot(226)) - group-FC9DB4D0EA12: The snapshot info is null. Setting the last applied indexto:(t:0, i:~)
2019-09-19 16:58:09,207 [pool-49-thread-1] INFO  server.RaftServerConfigKeys (ConfUtils.java:logGet(43)) - raft.server.leader.election.timeout = 120s (custom)
2019-09-19 16:58:09,207 [pool-49-thread-1] INFO  server.RaftServerConfigKeys (ConfUtils.java:logGet(43)) - raft.server.log.use.memory = false (default)
2019-09-19 16:58:09,208 [pool-49-thread-1] INFO  server.RaftServerConfigKeys (ConfUtils.java:logGet(43)) - raft.server.log.purge.gap = 1000000 (custom)
2019-09-19 16:58:09,208 [pool-49-thread-1] INFO  server.RaftServerConfigKeys (ConfUtils.java:logGet(43)) - raft.server.log.appender.buffer.byte-limit = 33554432 (custom)
2019-09-19 16:58:09,208 [pool-49-thread-1] INFO  server.RaftServerConfigKeys (ConfUtils.java:logGet(43)) - raft.server.log.segment.size.max = 1048576 (custom)
2019-09-19 16:58:09,208 [pool-49-thread-1] INFO  server.RaftServerConfigKeys (ConfUtils.java:logGet(43)) - raft.server.log.segment.cache.num.max = 2 (custom)
2019-09-19 16:58:09,208 [pool-49-thread-1] INFO  segmented.SegmentedRaftLogWorker (SegmentedRaftLogWorker.java:<init>(172)) - new 1bc78e45-ac19-4b52-81ed-8b591e5dbc69-SegmentedRaftLogWorker:Storage Directory /workdir/hadoop-ozone/tools/target/test-dir/MiniOzoneClusterImpl-07aed8b0-4e05-46c5-ad79-a4210fff6c42/datanode-2/data/ratis/b57bb4db-4683-4d98-81c3-fc9db4d0ea12 for RaftStorage:Storage Directory /workdir/hadoop-ozone/tools/target/test-dir/MiniOzoneClusterImpl-07aed8b0-4e05-46c5-ad79-a4210fff6c42/datanode-2/data/ratis/b57bb4db-4683-4d98-81c3-fc9db4d0ea12
2019-09-19 16:58:09,208 [pool-49-thread-1] INFO  server.RaftServerConfigKeys (ConfUtils.java:logGet(43)) - raft.server.log.queue.byte-limit = 2147483647 (custom)
2019-09-19 16:58:09,208 [pool-49-thread-1] INFO  server.RaftServerConfigKeys (ConfUtils.java:logGet(43)) - raft.server.log.queue.element-limit = 1024 (custom)
2019-09-19 16:58:09,208 [pool-49-thread-1] INFO  server.RaftServerConfigKeys (ConfUtils.java:logGet(43)) - raft.server.log.segment.size.max = 1048576 (custom)
2019-09-19 16:58:09,209 [pool-49-thread-1] INFO  server.RaftServerConfigKeys (ConfUtils.java:logGet(43)) - raft.server.log.preallocated.size = 16384 (custom)
2019-09-19 16:58:09,209 [pool-49-thread-1] INFO  server.RaftServerConfigKeys (ConfUtils.java:logGet(43)) - raft.server.log.write.buffer.size = 33554432 (custom)
2019-09-19 16:58:09,209 [pool-49-thread-1] INFO  server.RaftServerConfigKeys (ConfUtils.java:logGet(43)) - raft.server.log.force.sync.num = 128 (default)
2019-09-19 16:58:09,209 [pool-49-thread-1] INFO  server.RaftServerConfigKeys (ConfUtils.java:logGet(43)) - raft.server.log.statemachine.data.sync = true (default)
2019-09-19 16:58:09,209 [pool-49-thread-1] INFO  server.RaftServerConfigKeys (ConfUtils.java:logGet(43)) - raft.server.log.statemachine.data.sync.timeout = 10s (default)
2019-09-19 16:58:09,209 [pool-49-thread-1] INFO  server.RaftServerConfigKeys (ConfUtils.java:logGet(43)) - raft.server.log.statemachine.data.sync.timeout.retry = -1 (default)
2019-09-19 16:58:09,209 [pool-49-thread-1] INFO  server.RaftServerConfigKeys (ConfUtils.java:logGet(43)) - raft.server.log.statemachine.data.caching.enabled = true (custom)
2019-09-19 16:58:09,210 [pool-49-thread-1] INFO  segmented.SegmentedRaftLogWorker (SegmentedRaftLogWorker.java:lambda$new$0(132)) - 1bc78e45-ac19-4b52-81ed-8b591e5dbc69-SegmentedRaftLogWorker:Storage Directory /workdir/hadoop-ozone/tools/target/test-dir/MiniOzoneClusterImpl-07aed8b0-4e05-46c5-ad79-a4210fff6c42/datanode-2/data/ratis/b57bb4db-4683-4d98-81c3-fc9db4d0ea12: flushIndex: setUnconditionally 0 -> -1
2019-09-19 16:58:09,210 [pool-49-thread-1] INFO  server.RaftServerConfigKeys (ConfUtils.java:logGet(43)) - raft.server.snapshot.auto.trigger.enabled = true (custom)
2019-09-19 16:58:09,210 [pool-49-thread-1] INFO  server.RaftServerConfigKeys (ConfUtils.java:logGet(43)) - raft.server.snapshot.auto.trigger.threshold = 10000 (custom)
2019-09-19 16:58:09,210 [pool-49-thread-1] INFO  server.RaftServerConfigKeys (ConfUtils.java:logGet(43)) - raft.server.retrycache.expirytime = 600000ms (custom)
2019-09-19 16:58:09,210 [pool-49-thread-1] INFO  impl.RaftServerImpl (RaftServerImpl.java:start(180)) - 1bc78e45-ac19-4b52-81ed-8b591e5dbc69: start group-FC9DB4D0EA12
2019-09-19 16:58:09,210 [pool-49-thread-1] INFO  impl.RaftServerImpl (RaftServerImpl.java:setRole(171)) - 1bc78e45-ac19-4b52-81ed-8b591e5dbc69:group-FC9DB4D0EA12 changes role from null to FOLLOWER at term 0 for startAsFollower
2019-09-19 16:58:09,211 [pool-49-thread-1] INFO  impl.RoleInfo (RoleInfo.java:updateAndGet(143)) - 1bc78e45-ac19-4b52-81ed-8b591e5dbc69: start FollowerState
2019-09-19 16:58:09,211 [pool-49-thread-1] INFO  util.JmxRegister (JmxRegister.java:tryRegister(44)) - Successfully registered JMX Bean with object name Ratis:service=RaftServer,group=group-FC9DB4D0EA12,id=1bc78e45-ac19-4b52-81ed-8b591e5dbc69
2019-09-19 16:58:09,212 [pool-78-thread-1] INFO  rpc.RpcClient (RpcClient.java:createVolume(293)) - Creating Volume: vol-0-84052, with jenkins1000 as owner.
2019-09-19 16:58:09,217 [RatisPipelineUtilsThread] INFO  pipeline.PipelineStateManager (PipelineStateManager.java:addPipeline(56)) - Created pipeline Pipeline[ Id: b57bb4db-4683-4d98-81c3-fc9db4d0ea12, Nodes: 1bc78e45-ac19-4b52-81ed-8b591e5dbc69{ip: 192.168.157.226, host: pr-hdds-1569-swxfz-3172132826, networkLocation: /default-rack, certSerialId: null}, Type:RATIS, Factor:ONE, State:OPEN]
2019-09-19 16:58:09,218 [RatisPipelineUtilsThread] ERROR pipeline.PipelinePlacementPolicy (PipelinePlacementPolicy.java:meetCriteria(91)) - Pipeline Placement: Doesn't meet the criteria to be viable node. Heaviness: 6
2019-09-19 16:58:09,218 [RatisPipelineUtilsThread] ERROR pipeline.PipelinePlacementPolicy (PipelinePlacementPolicy.java:meetCriteria(91)) - Pipeline Placement: Doesn't meet the criteria to be viable node. Heaviness: 6
2019-09-19 16:58:09,230 [grpc-default-executor-0] INFO  impl.RaftServerProxy (RaftServerProxy.java:addNew(89)) - 1bc78e45-ac19-4b52-81ed-8b591e5dbc69: addNew group-6678C07A913D:[1bc78e45-ac19-4b52-81ed-8b591e5dbc69:192.168.157.226:45895] returns group-6678C07A913D:java.util.concurrent.CompletableFuture@4ed2fdbb[Not completed]
2019-09-19 16:58:09,231 [pool-49-thread-1] INFO  impl.RaftServerImpl (RaftServerImpl.java:<init>(93)) - 1bc78e45-ac19-4b52-81ed-8b591e5dbc69: new RaftServerImpl for group-6678C07A913D:[1bc78e45-ac19-4b52-81ed-8b591e5dbc69:192.168.157.226:45895] with ContainerStateMachine:uninitialized
2019-09-19 16:58:09,231 [pool-49-thread-1] INFO  server.RaftServerConfigKeys (ConfUtils.java:logGet(43)) - raft.server.rpc.timeout.min = 5s (custom)
2019-09-19 16:58:09,231 [pool-49-thread-1] INFO  server.RaftServerConfigKeys (ConfUtils.java:logGet(43)) - raft.server.rpc.timeout.max = 5200ms (custom)
2019-09-19 16:58:09,231 [pool-49-thread-1] INFO  server.RaftServerConfigKeys (ConfUtils.java:logGet(43)) - raft.server.rpcslowness.timeout = 120s (custom)
2019-09-19 16:58:09,231 [pool-49-thread-1] INFO  server.RaftServerConfigKeys (ConfUtils.java:logGet(43)) - raft.server.sleep.deviation.threshold = 300 (default)
2019-09-19 16:58:09,232 [pool-49-thread-1] INFO  server.RaftServerConfigKeys (ConfUtils.java:logGet(43)) - raft.server.log.appender.install.snapshot.enabled = false (custom)
2019-09-19 16:58:09,232 [pool-49-thread-1] INFO  impl.RaftServerImpl (ServerState.java:<init>(105)) - 1bc78e45-ac19-4b52-81ed-8b591e5dbc69:group-6678C07A913D ConfigurationManager, init=-1: [1bc78e45-ac19-4b52-81ed-8b591e5dbc69:192.168.157.226:45895], old=null, confs=<EMPTY_MAP>
2019-09-19 16:58:09,232 [pool-49-thread-1] INFO  server.RaftServerConfigKeys (ConfUtils.java:logGet(43)) - raft.server.storage.dir = [/workdir/hadoop-ozone/tools/target/test-dir/MiniOzoneClusterImpl-07aed8b0-4e05-46c5-ad79-a4210fff6c42/datanode-2/data/ratis] (custom)
2019-09-19 16:58:09,232 [pool-49-thread-1] INFO  storage.RaftStorageDirectory (RaftStorageDirectory.java:analyzeStorage(246)) - The storage directory /workdir/hadoop-ozone/tools/target/test-dir/MiniOzoneClusterImpl-07aed8b0-4e05-46c5-ad79-a4210fff6c42/datanode-2/data/ratis/adf69af2-56d4-4e8f-96c3-6678c07a913d does not exist. Creating ...
2019-09-19 16:58:09,245 [pool-49-thread-1] INFO  storage.RaftStorageDirectory (RaftStorageDirectory.java:tryLock(328)) - Lock on /workdir/hadoop-ozone/tools/target/test-dir/MiniOzoneClusterImpl-07aed8b0-4e05-46c5-ad79-a4210fff6c42/datanode-2/data/ratis/adf69af2-56d4-4e8f-96c3-6678c07a913d/in_use.lock acquired by nodename 22412@pr-hdds-1569-swxfz-3172132826
2019-09-19 16:58:09,243 | INFO  | OMAudit | user=jenkins1000 | ip=127.0.0.1 | op=CREATE_VOLUME {admin=jenkins1000, owner=jenkins1000, volume=vol-0-84052, creationTime=1568912289237, quotaInBytes=1152921504606846976} | ret=SUCCESS |  
2019-09-19 16:58:09,258 [pool-49-thread-1] INFO  storage.RaftStorage (RaftStorage.java:format(72)) - Storage directory /workdir/hadoop-ozone/tools/target/test-dir/MiniOzoneClusterImpl-07aed8b0-4e05-46c5-ad79-a4210fff6c42/datanode-2/data/ratis/adf69af2-56d4-4e8f-96c3-6678c07a913d has been successfully formatted.
2019-09-19 16:58:09,258 | INFO  | OMAudit | user=jenkins1000 | ip=127.0.0.1 | op=READ_VOLUME {volume=vol-0-84052} | ret=SUCCESS |  
2019-09-19 16:58:09,258 [pool-49-thread-1] INFO  ratis.ContainerStateMachine (ContainerStateMachine.java:loadSnapshot(226)) - group-6678C07A913D: The snapshot info is null. Setting the last applied indexto:(t:0, i:~)
2019-09-19 16:58:09,258 [pool-49-thread-1] INFO  server.RaftServerConfigKeys (ConfUtils.java:logGet(43)) - raft.server.leader.election.timeout = 120s (custom)
2019-09-19 16:58:09,258 [pool-49-thread-1] INFO  server.RaftServerConfigKeys (ConfUtils.java:logGet(43)) - raft.server.log.use.memory = false (default)
2019-09-19 16:58:09,258 [pool-49-thread-1] INFO  server.RaftServerConfigKeys (ConfUtils.java:logGet(43)) - raft.server.log.purge.gap = 1000000 (custom)
2019-09-19 16:58:09,258 [pool-49-thread-1] INFO  server.RaftServerConfigKeys (ConfUtils.java:logGet(43)) - raft.server.log.appender.buffer.byte-limit = 33554432 (custom)
2019-09-19 16:58:09,259 [pool-49-thread-1] INFO  server.RaftServerConfigKeys (ConfUtils.java:logGet(43)) - raft.server.log.segment.size.max = 1048576 (custom)
2019-09-19 16:58:09,259 [pool-49-thread-1] INFO  server.RaftServerConfigKeys (ConfUtils.java:logGet(43)) - raft.server.log.segment.cache.num.max = 2 (custom)
2019-09-19 16:58:09,259 [pool-49-thread-1] INFO  segmented.SegmentedRaftLogWorker (SegmentedRaftLogWorker.java:<init>(172)) - new 1bc78e45-ac19-4b52-81ed-8b591e5dbc69-SegmentedRaftLogWorker:Storage Directory /workdir/hadoop-ozone/tools/target/test-dir/MiniOzoneClusterImpl-07aed8b0-4e05-46c5-ad79-a4210fff6c42/datanode-2/data/ratis/adf69af2-56d4-4e8f-96c3-6678c07a913d for RaftStorage:Storage Directory /workdir/hadoop-ozone/tools/target/test-dir/MiniOzoneClusterImpl-07aed8b0-4e05-46c5-ad79-a4210fff6c42/datanode-2/data/ratis/adf69af2-56d4-4e8f-96c3-6678c07a913d
2019-09-19 16:58:09,259 [pool-49-thread-1] INFO  server.RaftServerConfigKeys (ConfUtils.java:logGet(43)) - raft.server.log.queue.byte-limit = 2147483647 (custom)
2019-09-19 16:58:09,259 [pool-49-thread-1] INFO  server.RaftServerConfigKeys (ConfUtils.java:logGet(43)) - raft.server.log.queue.element-limit = 1024 (custom)
2019-09-19 16:58:09,259 [pool-49-thread-1] INFO  server.RaftServerConfigKeys (ConfUtils.java:logGet(43)) - raft.server.log.segment.size.max = 1048576 (custom)
2019-09-19 16:58:09,259 [pool-49-thread-1] INFO  server.RaftServerConfigKeys (ConfUtils.java:logGet(43)) - raft.server.log.preallocated.size = 16384 (custom)
2019-09-19 16:58:09,259 [pool-49-thread-1] INFO  server.RaftServerConfigKeys (ConfUtils.java:logGet(43)) - raft.server.log.write.buffer.size = 33554432 (custom)
2019-09-19 16:58:09,260 [pool-49-thread-1] INFO  server.RaftServerConfigKeys (ConfUtils.java:logGet(43)) - raft.server.log.force.sync.num = 128 (default)
2019-09-19 16:58:09,260 [pool-49-thread-1] INFO  server.RaftServerConfigKeys (ConfUtils.java:logGet(43)) - raft.server.log.statemachine.data.sync = true (default)
2019-09-19 16:58:09,260 [pool-49-thread-1] INFO  server.RaftServerConfigKeys (ConfUtils.java:logGet(43)) - raft.server.log.statemachine.data.sync.timeout = 10s (default)
2019-09-19 16:58:09,260 [pool-49-thread-1] INFO  server.RaftServerConfigKeys (ConfUtils.java:logGet(43)) - raft.server.log.statemachine.data.sync.timeout.retry = -1 (default)
2019-09-19 16:58:09,260 [pool-49-thread-1] INFO  server.RaftServerConfigKeys (ConfUtils.java:logGet(43)) - raft.server.log.statemachine.data.caching.enabled = true (custom)
2019-09-19 16:58:09,262 [pool-49-thread-1] INFO  segmented.SegmentedRaftLogWorker (SegmentedRaftLogWorker.java:lambda$new$0(132)) - 1bc78e45-ac19-4b52-81ed-8b591e5dbc69-SegmentedRaftLogWorker:Storage Directory /workdir/hadoop-ozone/tools/target/test-dir/MiniOzoneClusterImpl-07aed8b0-4e05-46c5-ad79-a4210fff6c42/datanode-2/data/ratis/adf69af2-56d4-4e8f-96c3-6678c07a913d: flushIndex: setUnconditionally 0 -> -1
2019-09-19 16:58:09,263 [pool-49-thread-1] INFO  server.RaftServerConfigKeys (ConfUtils.java:logGet(43)) - raft.server.snapshot.auto.trigger.enabled = true (custom)
2019-09-19 16:58:09,263 [pool-49-thread-1] INFO  server.RaftServerConfigKeys (ConfUtils.java:logGet(43)) - raft.server.snapshot.auto.trigger.threshold = 10000 (custom)
2019-09-19 16:58:09,263 [pool-49-thread-1] INFO  server.RaftServerConfigKeys (ConfUtils.java:logGet(43)) - raft.server.retrycache.expirytime = 600000ms (custom)
2019-09-19 16:58:09,263 [pool-49-thread-1] INFO  impl.RaftServerImpl (RaftServerImpl.java:start(180)) - 1bc78e45-ac19-4b52-81ed-8b591e5dbc69: start group-6678C07A913D
2019-09-19 16:58:09,263 [pool-49-thread-1] INFO  impl.RaftServerImpl (RaftServerImpl.java:setRole(171)) - 1bc78e45-ac19-4b52-81ed-8b591e5dbc69:group-6678C07A913D changes role from null to FOLLOWER at term 0 for startAsFollower
2019-09-19 16:58:09,263 [pool-49-thread-1] INFO  impl.RoleInfo (RoleInfo.java:updateAndGet(143)) - 1bc78e45-ac19-4b52-81ed-8b591e5dbc69: start FollowerState
2019-09-19 16:58:09,264 [pool-49-thread-1] INFO  util.JmxRegister (JmxRegister.java:tryRegister(44)) - Successfully registered JMX Bean with object name Ratis:service=RaftServer,group=group-6678C07A913D,id=1bc78e45-ac19-4b52-81ed-8b591e5dbc69
2019-09-19 16:58:09,268 [RatisPipelineUtilsThread] INFO  pipeline.PipelineStateManager (PipelineStateManager.java:addPipeline(56)) - Created pipeline Pipeline[ Id: adf69af2-56d4-4e8f-96c3-6678c07a913d, Nodes: 1bc78e45-ac19-4b52-81ed-8b591e5dbc69{ip: 192.168.157.226, host: pr-hdds-1569-swxfz-3172132826, networkLocation: /default-rack, certSerialId: null}, Type:RATIS, Factor:ONE, State:OPEN]
2019-09-19 16:58:09,270 [RatisPipelineUtilsThread] ERROR pipeline.PipelinePlacementPolicy (PipelinePlacementPolicy.java:meetCriteria(91)) - Pipeline Placement: Doesn't meet the criteria to be viable node. Heaviness: 6
2019-09-19 16:58:09,270 [RatisPipelineUtilsThread] ERROR pipeline.PipelinePlacementPolicy (PipelinePlacementPolicy.java:meetCriteria(91)) - Pipeline Placement: Doesn't meet the criteria to be viable node. Heaviness: 6
2019-09-19 16:58:09,275 [pool-78-thread-2] INFO  rpc.RpcClient (RpcClient.java:createBucket(432)) - Creating Bucket: vol-0-84052/bucket-0-62205, with Versioning false and Storage Type set to DISK and Encryption set to false 
2019-09-19 16:58:09,288 [grpc-default-executor-0] INFO  impl.RaftServerProxy (RaftServerProxy.java:addNew(89)) - 293fb764-8d0a-4a2a-b0d4-e27863ca0d27: addNew group-0CDD37277AEE:[293fb764-8d0a-4a2a-b0d4-e27863ca0d27:192.168.157.226:35657] returns group-0CDD37277AEE:java.util.concurrent.CompletableFuture@51b610e8[Not completed]
2019-09-19 16:58:09,290 [pool-71-thread-1] INFO  impl.RaftServerImpl (RaftServerImpl.java:<init>(93)) - 293fb764-8d0a-4a2a-b0d4-e27863ca0d27: new RaftServerImpl for group-0CDD37277AEE:[293fb764-8d0a-4a2a-b0d4-e27863ca0d27:192.168.157.226:35657] with ContainerStateMachine:uninitialized
2019-09-19 16:58:09,291 [pool-71-thread-1] INFO  server.RaftServerConfigKeys (ConfUtils.java:logGet(43)) - raft.server.rpc.timeout.min = 5s (custom)
2019-09-19 16:58:09,291 [pool-71-thread-1] INFO  server.RaftServerConfigKeys (ConfUtils.java:logGet(43)) - raft.server.rpc.timeout.max = 5200ms (custom)
2019-09-19 16:58:09,291 [pool-71-thread-1] INFO  server.RaftServerConfigKeys (ConfUtils.java:logGet(43)) - raft.server.rpcslowness.timeout = 120s (custom)
2019-09-19 16:58:09,291 [pool-71-thread-1] INFO  server.RaftServerConfigKeys (ConfUtils.java:logGet(43)) - raft.server.sleep.deviation.threshold = 300 (default)
2019-09-19 16:58:09,291 [pool-71-thread-1] INFO  server.RaftServerConfigKeys (ConfUtils.java:logGet(43)) - raft.server.log.appender.install.snapshot.enabled = false (custom)
2019-09-19 16:58:09,291 [pool-71-thread-1] INFO  impl.RaftServerImpl (ServerState.java:<init>(105)) - 293fb764-8d0a-4a2a-b0d4-e27863ca0d27:group-0CDD37277AEE ConfigurationManager, init=-1: [293fb764-8d0a-4a2a-b0d4-e27863ca0d27:192.168.157.226:35657], old=null, confs=<EMPTY_MAP>
2019-09-19 16:58:09,292 [pool-71-thread-1] INFO  server.RaftServerConfigKeys (ConfUtils.java:logGet(43)) - raft.server.storage.dir = [/workdir/hadoop-ozone/tools/target/test-dir/MiniOzoneClusterImpl-07aed8b0-4e05-46c5-ad79-a4210fff6c42/datanode-4/data/ratis] (custom)
2019-09-19 16:58:09,292 [pool-71-thread-1] INFO  storage.RaftStorageDirectory (RaftStorageDirectory.java:analyzeStorage(246)) - The storage directory /workdir/hadoop-ozone/tools/target/test-dir/MiniOzoneClusterImpl-07aed8b0-4e05-46c5-ad79-a4210fff6c42/datanode-4/data/ratis/3630b15a-e6df-459a-b10d-0cdd37277aee does not exist. Creating ...
2019-09-19 16:58:09,302 | INFO  | OMAudit | user=jenkins1000 | ip=127.0.0.1 | op=CREATE_BUCKET {volume=vol-0-84052, bucket=bucket-0-62205, acls=[user:jenkins1000:a[ACCESS], group:default:a[ACCESS]], isVersionEnabled=false, storageType=DISK, creationTime=0} | ret=SUCCESS |  
2019-09-19 16:58:09,306 [pool-71-thread-1] INFO  storage.RaftStorageDirectory (RaftStorageDirectory.java:tryLock(328)) - Lock on /workdir/hadoop-ozone/tools/target/test-dir/MiniOzoneClusterImpl-07aed8b0-4e05-46c5-ad79-a4210fff6c42/datanode-4/data/ratis/3630b15a-e6df-459a-b10d-0cdd37277aee/in_use.lock acquired by nodename 22412@pr-hdds-1569-swxfz-3172132826
2019-09-19 16:58:09,309 | INFO  | OMAudit | user=jenkins1000 | ip=127.0.0.1 | op=READ_BUCKET {volume=vol-0-84052, bucket=bucket-0-62205} | ret=SUCCESS |  
2019-09-19 16:58:09,324 [pool-71-thread-1] INFO  storage.RaftStorage (RaftStorage.java:format(72)) - Storage directory /workdir/hadoop-ozone/tools/target/test-dir/MiniOzoneClusterImpl-07aed8b0-4e05-46c5-ad79-a4210fff6c42/datanode-4/data/ratis/3630b15a-e6df-459a-b10d-0cdd37277aee has been successfully formatted.
2019-09-19 16:58:09,324 [pool-71-thread-1] INFO  ratis.ContainerStateMachine (ContainerStateMachine.java:loadSnapshot(226)) - group-0CDD37277AEE: The snapshot info is null. Setting the last applied indexto:(t:0, i:~)
2019-09-19 16:58:09,324 [pool-71-thread-1] INFO  server.RaftServerConfigKeys (ConfUtils.java:logGet(43)) - raft.server.leader.election.timeout = 120s (custom)
2019-09-19 16:58:09,324 [pool-71-thread-1] INFO  server.RaftServerConfigKeys (ConfUtils.java:logGet(43)) - raft.server.log.use.memory = false (default)
2019-09-19 16:58:09,324 [pool-71-thread-1] INFO  server.RaftServerConfigKeys (ConfUtils.java:logGet(43)) - raft.server.log.purge.gap = 1000000 (custom)
2019-09-19 16:58:09,324 [pool-71-thread-1] INFO  server.RaftServerConfigKeys (ConfUtils.java:logGet(43)) - raft.server.log.appender.buffer.byte-limit = 33554432 (custom)
2019-09-19 16:58:09,325 [pool-71-thread-1] INFO  server.RaftServerConfigKeys (ConfUtils.java:logGet(43)) - raft.server.log.segment.size.max = 1048576 (custom)
2019-09-19 16:58:09,325 [pool-71-thread-1] INFO  server.RaftServerConfigKeys (ConfUtils.java:logGet(43)) - raft.server.log.segment.cache.num.max = 2 (custom)
2019-09-19 16:58:09,325 [pool-71-thread-1] INFO  segmented.SegmentedRaftLogWorker (SegmentedRaftLogWorker.java:<init>(172)) - new 293fb764-8d0a-4a2a-b0d4-e27863ca0d27-SegmentedRaftLogWorker:Storage Directory /workdir/hadoop-ozone/tools/target/test-dir/MiniOzoneClusterImpl-07aed8b0-4e05-46c5-ad79-a4210fff6c42/datanode-4/data/ratis/3630b15a-e6df-459a-b10d-0cdd37277aee for RaftStorage:Storage Directory /workdir/hadoop-ozone/tools/target/test-dir/MiniOzoneClusterImpl-07aed8b0-4e05-46c5-ad79-a4210fff6c42/datanode-4/data/ratis/3630b15a-e6df-459a-b10d-0cdd37277aee
2019-09-19 16:58:09,325 [pool-71-thread-1] INFO  server.RaftServerConfigKeys (ConfUtils.java:logGet(43)) - raft.server.log.queue.byte-limit = 2147483647 (custom)
2019-09-19 16:58:09,325 [pool-71-thread-1] INFO  server.RaftServerConfigKeys (ConfUtils.java:logGet(43)) - raft.server.log.queue.element-limit = 1024 (custom)
2019-09-19 16:58:09,325 [pool-71-thread-1] INFO  server.RaftServerConfigKeys (ConfUtils.java:logGet(43)) - raft.server.log.segment.size.max = 1048576 (custom)
2019-09-19 16:58:09,325 [pool-71-thread-1] INFO  server.RaftServerConfigKeys (ConfUtils.java:logGet(43)) - raft.server.log.preallocated.size = 16384 (custom)
2019-09-19 16:58:09,325 [pool-71-thread-1] INFO  server.RaftServerConfigKeys (ConfUtils.java:logGet(43)) - raft.server.log.write.buffer.size = 33554432 (custom)
2019-09-19 16:58:09,326 [pool-71-thread-1] INFO  server.RaftServerConfigKeys (ConfUtils.java:logGet(43)) - raft.server.log.force.sync.num = 128 (default)
2019-09-19 16:58:09,326 [pool-71-thread-1] INFO  server.RaftServerConfigKeys (ConfUtils.java:logGet(43)) - raft.server.log.statemachine.data.sync = true (default)
2019-09-19 16:58:09,326 [pool-71-thread-1] INFO  server.RaftServerConfigKeys (ConfUtils.java:logGet(43)) - raft.server.log.statemachine.data.sync.timeout = 10s (default)
2019-09-19 16:58:09,326 [pool-71-thread-1] INFO  server.RaftServerConfigKeys (ConfUtils.java:logGet(43)) - raft.server.log.statemachine.data.sync.timeout.retry = -1 (default)
2019-09-19 16:58:09,326 [pool-71-thread-1] INFO  server.RaftServerConfigKeys (ConfUtils.java:logGet(43)) - raft.server.log.statemachine.data.caching.enabled = true (custom)
2019-09-19 16:58:09,326 [pool-71-thread-1] INFO  segmented.SegmentedRaftLogWorker (SegmentedRaftLogWorker.java:lambda$new$0(132)) - 293fb764-8d0a-4a2a-b0d4-e27863ca0d27-SegmentedRaftLogWorker:Storage Directory /workdir/hadoop-ozone/tools/target/test-dir/MiniOzoneClusterImpl-07aed8b0-4e05-46c5-ad79-a4210fff6c42/datanode-4/data/ratis/3630b15a-e6df-459a-b10d-0cdd37277aee: flushIndex: setUnconditionally 0 -> -1
2019-09-19 16:58:09,327 [pool-71-thread-1] INFO  server.RaftServerConfigKeys (ConfUtils.java:logGet(43)) - raft.server.snapshot.auto.trigger.enabled = true (custom)
2019-09-19 16:58:09,327 [pool-71-thread-1] INFO  server.RaftServerConfigKeys (ConfUtils.java:logGet(43)) - raft.server.snapshot.auto.trigger.threshold = 10000 (custom)
2019-09-19 16:58:09,327 [pool-71-thread-1] INFO  server.RaftServerConfigKeys (ConfUtils.java:logGet(43)) - raft.server.retrycache.expirytime = 600000ms (custom)
2019-09-19 16:58:09,327 [pool-71-thread-1] INFO  impl.RaftServerImpl (RaftServerImpl.java:start(180)) - 293fb764-8d0a-4a2a-b0d4-e27863ca0d27: start group-0CDD37277AEE
2019-09-19 16:58:09,327 [pool-71-thread-1] INFO  impl.RaftServerImpl (RaftServerImpl.java:setRole(171)) - 293fb764-8d0a-4a2a-b0d4-e27863ca0d27:group-0CDD37277AEE changes role from null to FOLLOWER at term 0 for startAsFollower
2019-09-19 16:58:09,327 [pool-71-thread-1] INFO  impl.RoleInfo (RoleInfo.java:updateAndGet(143)) - 293fb764-8d0a-4a2a-b0d4-e27863ca0d27: start FollowerState
2019-09-19 16:58:09,331 [pool-71-thread-1] INFO  util.JmxRegister (JmxRegister.java:tryRegister(44)) - Successfully registered JMX Bean with object name Ratis:service=RaftServer,group=group-0CDD37277AEE,id=293fb764-8d0a-4a2a-b0d4-e27863ca0d27
2019-09-19 16:58:09,348 [RatisPipelineUtilsThread] INFO  pipeline.PipelineStateManager (PipelineStateManager.java:addPipeline(56)) - Created pipeline Pipeline[ Id: 3630b15a-e6df-459a-b10d-0cdd37277aee, Nodes: 293fb764-8d0a-4a2a-b0d4-e27863ca0d27{ip: 192.168.157.226, host: pr-hdds-1569-swxfz-3172132826, networkLocation: /default-rack, certSerialId: null}, Type:RATIS, Factor:ONE, State:OPEN]
2019-09-19 16:58:09,351 [RatisPipelineUtilsThread] ERROR pipeline.PipelinePlacementPolicy (PipelinePlacementPolicy.java:meetCriteria(91)) - Pipeline Placement: Doesn't meet the criteria to be viable node. Heaviness: 6
2019-09-19 16:58:09,352 [RatisPipelineUtilsThread] ERROR pipeline.PipelinePlacementPolicy (PipelinePlacementPolicy.java:meetCriteria(91)) - Pipeline Placement: Doesn't meet the criteria to be viable node. Heaviness: 6
2019-09-19 16:58:09,361 [grpc-default-executor-0] INFO  impl.RaftServerProxy (RaftServerProxy.java:addNew(89)) - 1bc78e45-ac19-4b52-81ed-8b591e5dbc69: addNew group-26E9713D28FB:[1bc78e45-ac19-4b52-81ed-8b591e5dbc69:192.168.157.226:45895] returns group-26E9713D28FB:java.util.concurrent.CompletableFuture@4bbae549[Not completed]
2019-09-19 16:58:09,365 [pool-49-thread-1] INFO  impl.RaftServerImpl (RaftServerImpl.java:<init>(93)) - 1bc78e45-ac19-4b52-81ed-8b591e5dbc69: new RaftServerImpl for group-26E9713D28FB:[1bc78e45-ac19-4b52-81ed-8b591e5dbc69:192.168.157.226:45895] with ContainerStateMachine:uninitialized
2019-09-19 16:58:09,365 [pool-49-thread-1] INFO  server.RaftServerConfigKeys (ConfUtils.java:logGet(43)) - raft.server.rpc.timeout.min = 5s (custom)
2019-09-19 16:58:09,365 [pool-49-thread-1] INFO  server.RaftServerConfigKeys (ConfUtils.java:logGet(43)) - raft.server.rpc.timeout.max = 5200ms (custom)
2019-09-19 16:58:09,365 [pool-49-thread-1] INFO  server.RaftServerConfigKeys (ConfUtils.java:logGet(43)) - raft.server.rpcslowness.timeout = 120s (custom)
2019-09-19 16:58:09,366 [pool-49-thread-1] INFO  server.RaftServerConfigKeys (ConfUtils.java:logGet(43)) - raft.server.sleep.deviation.threshold = 300 (default)
2019-09-19 16:58:09,366 [pool-49-thread-1] INFO  server.RaftServerConfigKeys (ConfUtils.java:logGet(43)) - raft.server.log.appender.install.snapshot.enabled = false (custom)
2019-09-19 16:58:09,366 [pool-49-thread-1] INFO  impl.RaftServerImpl (ServerState.java:<init>(105)) - 1bc78e45-ac19-4b52-81ed-8b591e5dbc69:group-26E9713D28FB ConfigurationManager, init=-1: [1bc78e45-ac19-4b52-81ed-8b591e5dbc69:192.168.157.226:45895], old=null, confs=<EMPTY_MAP>
2019-09-19 16:58:09,366 [pool-49-thread-1] INFO  server.RaftServerConfigKeys (ConfUtils.java:logGet(43)) - raft.server.storage.dir = [/workdir/hadoop-ozone/tools/target/test-dir/MiniOzoneClusterImpl-07aed8b0-4e05-46c5-ad79-a4210fff6c42/datanode-2/data/ratis] (custom)
2019-09-19 16:58:09,366 [pool-49-thread-1] INFO  storage.RaftStorageDirectory (RaftStorageDirectory.java:analyzeStorage(246)) - The storage directory /workdir/hadoop-ozone/tools/target/test-dir/MiniOzoneClusterImpl-07aed8b0-4e05-46c5-ad79-a4210fff6c42/datanode-2/data/ratis/761c453a-2314-4a81-9784-26e9713d28fb does not exist. Creating ...
2019-09-19 16:58:09,379 [pool-49-thread-1] INFO  storage.RaftStorageDirectory (RaftStorageDirectory.java:tryLock(328)) - Lock on /workdir/hadoop-ozone/tools/target/test-dir/MiniOzoneClusterImpl-07aed8b0-4e05-46c5-ad79-a4210fff6c42/datanode-2/data/ratis/761c453a-2314-4a81-9784-26e9713d28fb/in_use.lock acquired by nodename 22412@pr-hdds-1569-swxfz-3172132826
2019-09-19 16:58:09,393 [pool-49-thread-1] INFO  storage.RaftStorage (RaftStorage.java:format(72)) - Storage directory /workdir/hadoop-ozone/tools/target/test-dir/MiniOzoneClusterImpl-07aed8b0-4e05-46c5-ad79-a4210fff6c42/datanode-2/data/ratis/761c453a-2314-4a81-9784-26e9713d28fb has been successfully formatted.
2019-09-19 16:58:09,393 [pool-49-thread-1] INFO  ratis.ContainerStateMachine (ContainerStateMachine.java:loadSnapshot(226)) - group-26E9713D28FB: The snapshot info is null. Setting the last applied indexto:(t:0, i:~)
2019-09-19 16:58:09,394 [pool-49-thread-1] INFO  server.RaftServerConfigKeys (ConfUtils.java:logGet(43)) - raft.server.leader.election.timeout = 120s (custom)
2019-09-19 16:58:09,394 [pool-49-thread-1] INFO  server.RaftServerConfigKeys (ConfUtils.java:logGet(43)) - raft.server.log.use.memory = false (default)
2019-09-19 16:58:09,394 [pool-49-thread-1] INFO  server.RaftServerConfigKeys (ConfUtils.java:logGet(43)) - raft.server.log.purge.gap = 1000000 (custom)
2019-09-19 16:58:09,394 [pool-49-thread-1] INFO  server.RaftServerConfigKeys (ConfUtils.java:logGet(43)) - raft.server.log.appender.buffer.byte-limit = 33554432 (custom)
2019-09-19 16:58:09,394 [pool-49-thread-1] INFO  server.RaftServerConfigKeys (ConfUtils.java:logGet(43)) - raft.server.log.segment.size.max = 1048576 (custom)
2019-09-19 16:58:09,394 [pool-49-thread-1] INFO  server.RaftServerConfigKeys (ConfUtils.java:logGet(43)) - raft.server.log.segment.cache.num.max = 2 (custom)
2019-09-19 16:58:09,395 [pool-49-thread-1] INFO  segmented.SegmentedRaftLogWorker (SegmentedRaftLogWorker.java:<init>(172)) - new 1bc78e45-ac19-4b52-81ed-8b591e5dbc69-SegmentedRaftLogWorker:Storage Directory /workdir/hadoop-ozone/tools/target/test-dir/MiniOzoneClusterImpl-07aed8b0-4e05-46c5-ad79-a4210fff6c42/datanode-2/data/ratis/761c453a-2314-4a81-9784-26e9713d28fb for RaftStorage:Storage Directory /workdir/hadoop-ozone/tools/target/test-dir/MiniOzoneClusterImpl-07aed8b0-4e05-46c5-ad79-a4210fff6c42/datanode-2/data/ratis/761c453a-2314-4a81-9784-26e9713d28fb
2019-09-19 16:58:09,395 [pool-49-thread-1] INFO  server.RaftServerConfigKeys (ConfUtils.java:logGet(43)) - raft.server.log.queue.byte-limit = 2147483647 (custom)
2019-09-19 16:58:09,395 [pool-49-thread-1] INFO  server.RaftServerConfigKeys (ConfUtils.java:logGet(43)) - raft.server.log.queue.element-limit = 1024 (custom)
2019-09-19 16:58:09,395 [pool-49-thread-1] INFO  server.RaftServerConfigKeys (ConfUtils.java:logGet(43)) - raft.server.log.segment.size.max = 1048576 (custom)
2019-09-19 16:58:09,395 [pool-49-thread-1] INFO  server.RaftServerConfigKeys (ConfUtils.java:logGet(43)) - raft.server.log.preallocated.size = 16384 (custom)
2019-09-19 16:58:09,395 [pool-49-thread-1] INFO  server.RaftServerConfigKeys (ConfUtils.java:logGet(43)) - raft.server.log.write.buffer.size = 33554432 (custom)
2019-09-19 16:58:09,396 [pool-49-thread-1] INFO  server.RaftServerConfigKeys (ConfUtils.java:logGet(43)) - raft.server.log.force.sync.num = 128 (default)
2019-09-19 16:58:09,396 [pool-49-thread-1] INFO  server.RaftServerConfigKeys (ConfUtils.java:logGet(43)) - raft.server.log.statemachine.data.sync = true (default)
2019-09-19 16:58:09,396 [pool-49-thread-1] INFO  server.RaftServerConfigKeys (ConfUtils.java:logGet(43)) - raft.server.log.statemachine.data.sync.timeout = 10s (default)
2019-09-19 16:58:09,396 [pool-49-thread-1] INFO  server.RaftServerConfigKeys (ConfUtils.java:logGet(43)) - raft.server.log.statemachine.data.sync.timeout.retry = -1 (default)
2019-09-19 16:58:09,396 [pool-49-thread-1] INFO  server.RaftServerConfigKeys (ConfUtils.java:logGet(43)) - raft.server.log.statemachine.data.caching.enabled = true (custom)
2019-09-19 16:58:09,397 [pool-49-thread-1] INFO  segmented.SegmentedRaftLogWorker (SegmentedRaftLogWorker.java:lambda$new$0(132)) - 1bc78e45-ac19-4b52-81ed-8b591e5dbc69-SegmentedRaftLogWorker:Storage Directory /workdir/hadoop-ozone/tools/target/test-dir/MiniOzoneClusterImpl-07aed8b0-4e05-46c5-ad79-a4210fff6c42/datanode-2/data/ratis/761c453a-2314-4a81-9784-26e9713d28fb: flushIndex: setUnconditionally 0 -> -1
2019-09-19 16:58:09,397 [pool-49-thread-1] INFO  server.RaftServerConfigKeys (ConfUtils.java:logGet(43)) - raft.server.snapshot.auto.trigger.enabled = true (custom)
2019-09-19 16:58:09,397 [pool-49-thread-1] INFO  server.RaftServerConfigKeys (ConfUtils.java:logGet(43)) - raft.server.snapshot.auto.trigger.threshold = 10000 (custom)
2019-09-19 16:58:09,397 [pool-49-thread-1] INFO  server.RaftServerConfigKeys (ConfUtils.java:logGet(43)) - raft.server.retrycache.expirytime = 600000ms (custom)
2019-09-19 16:58:09,398 [pool-49-thread-1] INFO  impl.RaftServerImpl (RaftServerImpl.java:start(180)) - 1bc78e45-ac19-4b52-81ed-8b591e5dbc69: start group-26E9713D28FB
2019-09-19 16:58:09,398 [pool-49-thread-1] INFO  impl.RaftServerImpl (RaftServerImpl.java:setRole(171)) - 1bc78e45-ac19-4b52-81ed-8b591e5dbc69:group-26E9713D28FB changes role from null to FOLLOWER at term 0 for startAsFollower
2019-09-19 16:58:09,398 [pool-49-thread-1] INFO  impl.RoleInfo (RoleInfo.java:updateAndGet(143)) - 1bc78e45-ac19-4b52-81ed-8b591e5dbc69: start FollowerState
2019-09-19 16:58:09,398 [pool-49-thread-1] INFO  util.JmxRegister (JmxRegister.java:tryRegister(44)) - Successfully registered JMX Bean with object name Ratis:service=RaftServer,group=group-26E9713D28FB,id=1bc78e45-ac19-4b52-81ed-8b591e5dbc69
2019-09-19 16:58:09,403 [RatisPipelineUtilsThread] INFO  pipeline.PipelineStateManager (PipelineStateManager.java:addPipeline(56)) - Created pipeline Pipeline[ Id: 761c453a-2314-4a81-9784-26e9713d28fb, Nodes: 1bc78e45-ac19-4b52-81ed-8b591e5dbc69{ip: 192.168.157.226, host: pr-hdds-1569-swxfz-3172132826, networkLocation: /default-rack, certSerialId: null}, Type:RATIS, Factor:ONE, State:OPEN]
2019-09-19 16:58:09,405 [RatisPipelineUtilsThread] ERROR pipeline.PipelinePlacementPolicy (PipelinePlacementPolicy.java:meetCriteria(91)) - Pipeline Placement: Doesn't meet the criteria to be viable node. Heaviness: 6
2019-09-19 16:58:09,405 [RatisPipelineUtilsThread] ERROR pipeline.PipelinePlacementPolicy (PipelinePlacementPolicy.java:meetCriteria(91)) - Pipeline Placement: Doesn't meet the criteria to be viable node. Heaviness: 6
2019-09-19 16:58:09,406 [RatisPipelineUtilsThread] ERROR pipeline.PipelinePlacementPolicy (PipelinePlacementPolicy.java:meetCriteria(91)) - Pipeline Placement: Doesn't meet the criteria to be viable node. Heaviness: 6
2019-09-19 16:58:09,417 [grpc-default-executor-0] INFO  impl.RaftServerProxy (RaftServerProxy.java:addNew(89)) - b4d11adf-473e-4712-a75b-8cc25b77f0f4: addNew group-B30D37E38E16:[b4d11adf-473e-4712-a75b-8cc25b77f0f4:192.168.157.226:36538] returns group-B30D37E38E16:java.util.concurrent.CompletableFuture@6b7a5c73[Not completed]
2019-09-19 16:58:09,419 [pool-60-thread-1] INFO  impl.RaftServerImpl (RaftServerImpl.java:<init>(93)) - b4d11adf-473e-4712-a75b-8cc25b77f0f4: new RaftServerImpl for group-B30D37E38E16:[b4d11adf-473e-4712-a75b-8cc25b77f0f4:192.168.157.226:36538] with ContainerStateMachine:uninitialized
2019-09-19 16:58:09,419 [pool-60-thread-1] INFO  server.RaftServerConfigKeys (ConfUtils.java:logGet(43)) - raft.server.rpc.timeout.min = 5s (custom)
2019-09-19 16:58:09,419 [pool-60-thread-1] INFO  server.RaftServerConfigKeys (ConfUtils.java:logGet(43)) - raft.server.rpc.timeout.max = 5200ms (custom)
2019-09-19 16:58:09,420 [pool-60-thread-1] INFO  server.RaftServerConfigKeys (ConfUtils.java:logGet(43)) - raft.server.rpcslowness.timeout = 120s (custom)
2019-09-19 16:58:09,420 [pool-60-thread-1] INFO  server.RaftServerConfigKeys (ConfUtils.java:logGet(43)) - raft.server.sleep.deviation.threshold = 300 (default)
2019-09-19 16:58:09,420 [pool-60-thread-1] INFO  server.RaftServerConfigKeys (ConfUtils.java:logGet(43)) - raft.server.log.appender.install.snapshot.enabled = false (custom)
2019-09-19 16:58:09,420 [pool-60-thread-1] INFO  impl.RaftServerImpl (ServerState.java:<init>(105)) - b4d11adf-473e-4712-a75b-8cc25b77f0f4:group-B30D37E38E16 ConfigurationManager, init=-1: [b4d11adf-473e-4712-a75b-8cc25b77f0f4:192.168.157.226:36538], old=null, confs=<EMPTY_MAP>
2019-09-19 16:58:09,420 [pool-60-thread-1] INFO  server.RaftServerConfigKeys (ConfUtils.java:logGet(43)) - raft.server.storage.dir = [/workdir/hadoop-ozone/tools/target/test-dir/MiniOzoneClusterImpl-07aed8b0-4e05-46c5-ad79-a4210fff6c42/datanode-3/data/ratis] (custom)
2019-09-19 16:58:09,421 [pool-60-thread-1] INFO  storage.RaftStorageDirectory (RaftStorageDirectory.java:analyzeStorage(246)) - The storage directory /workdir/hadoop-ozone/tools/target/test-dir/MiniOzoneClusterImpl-07aed8b0-4e05-46c5-ad79-a4210fff6c42/datanode-3/data/ratis/3c689087-5000-43f7-979d-b30d37e38e16 does not exist. Creating ...
2019-09-19 16:58:09,434 [pool-60-thread-1] INFO  storage.RaftStorageDirectory (RaftStorageDirectory.java:tryLock(328)) - Lock on /workdir/hadoop-ozone/tools/target/test-dir/MiniOzoneClusterImpl-07aed8b0-4e05-46c5-ad79-a4210fff6c42/datanode-3/data/ratis/3c689087-5000-43f7-979d-b30d37e38e16/in_use.lock acquired by nodename 22412@pr-hdds-1569-swxfz-3172132826
2019-09-19 16:58:09,447 [pool-60-thread-1] INFO  storage.RaftStorage (RaftStorage.java:format(72)) - Storage directory /workdir/hadoop-ozone/tools/target/test-dir/MiniOzoneClusterImpl-07aed8b0-4e05-46c5-ad79-a4210fff6c42/datanode-3/data/ratis/3c689087-5000-43f7-979d-b30d37e38e16 has been successfully formatted.
2019-09-19 16:58:09,447 [pool-60-thread-1] INFO  ratis.ContainerStateMachine (ContainerStateMachine.java:loadSnapshot(226)) - group-B30D37E38E16: The snapshot info is null. Setting the last applied indexto:(t:0, i:~)
2019-09-19 16:58:09,447 [pool-60-thread-1] INFO  server.RaftServerConfigKeys (ConfUtils.java:logGet(43)) - raft.server.leader.election.timeout = 120s (custom)
2019-09-19 16:58:09,447 [pool-60-thread-1] INFO  server.RaftServerConfigKeys (ConfUtils.java:logGet(43)) - raft.server.log.use.memory = false (default)
2019-09-19 16:58:09,447 [pool-60-thread-1] INFO  server.RaftServerConfigKeys (ConfUtils.java:logGet(43)) - raft.server.log.purge.gap = 1000000 (custom)
2019-09-19 16:58:09,448 [pool-60-thread-1] INFO  server.RaftServerConfigKeys (ConfUtils.java:logGet(43)) - raft.server.log.appender.buffer.byte-limit = 33554432 (custom)
2019-09-19 16:58:09,448 [pool-60-thread-1] INFO  server.RaftServerConfigKeys (ConfUtils.java:logGet(43)) - raft.server.log.segment.size.max = 1048576 (custom)
2019-09-19 16:58:09,448 [pool-60-thread-1] INFO  server.RaftServerConfigKeys (ConfUtils.java:logGet(43)) - raft.server.log.segment.cache.num.max = 2 (custom)
2019-09-19 16:58:09,448 [pool-60-thread-1] INFO  segmented.SegmentedRaftLogWorker (SegmentedRaftLogWorker.java:<init>(172)) - new b4d11adf-473e-4712-a75b-8cc25b77f0f4-SegmentedRaftLogWorker:Storage Directory /workdir/hadoop-ozone/tools/target/test-dir/MiniOzoneClusterImpl-07aed8b0-4e05-46c5-ad79-a4210fff6c42/datanode-3/data/ratis/3c689087-5000-43f7-979d-b30d37e38e16 for RaftStorage:Storage Directory /workdir/hadoop-ozone/tools/target/test-dir/MiniOzoneClusterImpl-07aed8b0-4e05-46c5-ad79-a4210fff6c42/datanode-3/data/ratis/3c689087-5000-43f7-979d-b30d37e38e16
2019-09-19 16:58:09,448 [pool-60-thread-1] INFO  server.RaftServerConfigKeys (ConfUtils.java:logGet(43)) - raft.server.log.queue.byte-limit = 2147483647 (custom)
2019-09-19 16:58:09,449 [pool-60-thread-1] INFO  server.RaftServerConfigKeys (ConfUtils.java:logGet(43)) - raft.server.log.queue.element-limit = 1024 (custom)
2019-09-19 16:58:09,449 [pool-60-thread-1] INFO  server.RaftServerConfigKeys (ConfUtils.java:logGet(43)) - raft.server.log.segment.size.max = 1048576 (custom)
2019-09-19 16:58:09,449 [pool-60-thread-1] INFO  server.RaftServerConfigKeys (ConfUtils.java:logGet(43)) - raft.server.log.preallocated.size = 16384 (custom)
2019-09-19 16:58:09,449 [pool-60-thread-1] INFO  server.RaftServerConfigKeys (ConfUtils.java:logGet(43)) - raft.server.log.write.buffer.size = 33554432 (custom)
2019-09-19 16:58:09,449 [pool-60-thread-1] INFO  server.RaftServerConfigKeys (ConfUtils.java:logGet(43)) - raft.server.log.force.sync.num = 128 (default)
2019-09-19 16:58:09,450 [pool-60-thread-1] INFO  server.RaftServerConfigKeys (ConfUtils.java:logGet(43)) - raft.server.log.statemachine.data.sync = true (default)
2019-09-19 16:58:09,450 [pool-60-thread-1] INFO  server.RaftServerConfigKeys (ConfUtils.java:logGet(43)) - raft.server.log.statemachine.data.sync.timeout = 10s (default)
2019-09-19 16:58:09,450 [pool-60-thread-1] INFO  server.RaftServerConfigKeys (ConfUtils.java:logGet(43)) - raft.server.log.statemachine.data.sync.timeout.retry = -1 (default)
2019-09-19 16:58:09,451 [pool-60-thread-1] INFO  server.RaftServerConfigKeys (ConfUtils.java:logGet(43)) - raft.server.log.statemachine.data.caching.enabled = true (custom)
2019-09-19 16:58:09,451 [pool-60-thread-1] INFO  segmented.SegmentedRaftLogWorker (SegmentedRaftLogWorker.java:lambda$new$0(132)) - b4d11adf-473e-4712-a75b-8cc25b77f0f4-SegmentedRaftLogWorker:Storage Directory /workdir/hadoop-ozone/tools/target/test-dir/MiniOzoneClusterImpl-07aed8b0-4e05-46c5-ad79-a4210fff6c42/datanode-3/data/ratis/3c689087-5000-43f7-979d-b30d37e38e16: flushIndex: setUnconditionally 0 -> -1
2019-09-19 16:58:09,452 [pool-60-thread-1] INFO  server.RaftServerConfigKeys (ConfUtils.java:logGet(43)) - raft.server.snapshot.auto.trigger.enabled = true (custom)
2019-09-19 16:58:09,452 [pool-60-thread-1] INFO  server.RaftServerConfigKeys (ConfUtils.java:logGet(43)) - raft.server.snapshot.auto.trigger.threshold = 10000 (custom)
2019-09-19 16:58:09,452 [pool-60-thread-1] INFO  server.RaftServerConfigKeys (ConfUtils.java:logGet(43)) - raft.server.retrycache.expirytime = 600000ms (custom)
2019-09-19 16:58:09,452 [pool-60-thread-1] INFO  impl.RaftServerImpl (RaftServerImpl.java:start(180)) - b4d11adf-473e-4712-a75b-8cc25b77f0f4: start group-B30D37E38E16
2019-09-19 16:58:09,453 [pool-60-thread-1] INFO  impl.RaftServerImpl (RaftServerImpl.java:setRole(171)) - b4d11adf-473e-4712-a75b-8cc25b77f0f4:group-B30D37E38E16 changes role from null to FOLLOWER at term 0 for startAsFollower
2019-09-19 16:58:09,453 [pool-60-thread-1] INFO  impl.RoleInfo (RoleInfo.java:updateAndGet(143)) - b4d11adf-473e-4712-a75b-8cc25b77f0f4: start FollowerState
2019-09-19 16:58:09,453 [pool-60-thread-1] INFO  util.JmxRegister (JmxRegister.java:tryRegister(44)) - Successfully registered JMX Bean with object name Ratis:service=RaftServer,group=group-B30D37E38E16,id=b4d11adf-473e-4712-a75b-8cc25b77f0f4
2019-09-19 16:58:09,458 [RatisPipelineUtilsThread] INFO  pipeline.PipelineStateManager (PipelineStateManager.java:addPipeline(56)) - Created pipeline Pipeline[ Id: 3c689087-5000-43f7-979d-b30d37e38e16, Nodes: b4d11adf-473e-4712-a75b-8cc25b77f0f4{ip: 192.168.157.226, host: pr-hdds-1569-swxfz-3172132826, networkLocation: /default-rack, certSerialId: null}, Type:RATIS, Factor:ONE, State:OPEN]
2019-09-19 16:58:09,460 [RatisPipelineUtilsThread] ERROR pipeline.PipelinePlacementPolicy (PipelinePlacementPolicy.java:meetCriteria(91)) - Pipeline Placement: Doesn't meet the criteria to be viable node. Heaviness: 6
2019-09-19 16:58:09,460 [RatisPipelineUtilsThread] ERROR pipeline.PipelinePlacementPolicy (PipelinePlacementPolicy.java:meetCriteria(91)) - Pipeline Placement: Doesn't meet the criteria to be viable node. Heaviness: 6
2019-09-19 16:58:09,461 [RatisPipelineUtilsThread] ERROR pipeline.PipelinePlacementPolicy (PipelinePlacementPolicy.java:meetCriteria(91)) - Pipeline Placement: Doesn't meet the criteria to be viable node. Heaviness: 6
2019-09-19 16:58:09,471 [grpc-default-executor-0] INFO  impl.RaftServerProxy (RaftServerProxy.java:addNew(89)) - 293fb764-8d0a-4a2a-b0d4-e27863ca0d27: addNew group-C25139C1355B:[293fb764-8d0a-4a2a-b0d4-e27863ca0d27:192.168.157.226:35657] returns group-C25139C1355B:java.util.concurrent.CompletableFuture@70fd626a[Not completed]
2019-09-19 16:58:09,473 [pool-71-thread-1] INFO  impl.RaftServerImpl (RaftServerImpl.java:<init>(93)) - 293fb764-8d0a-4a2a-b0d4-e27863ca0d27: new RaftServerImpl for group-C25139C1355B:[293fb764-8d0a-4a2a-b0d4-e27863ca0d27:192.168.157.226:35657] with ContainerStateMachine:uninitialized
2019-09-19 16:58:09,473 [pool-71-thread-1] INFO  server.RaftServerConfigKeys (ConfUtils.java:logGet(43)) - raft.server.rpc.timeout.min = 5s (custom)
2019-09-19 16:58:09,473 [pool-71-thread-1] INFO  server.RaftServerConfigKeys (ConfUtils.java:logGet(43)) - raft.server.rpc.timeout.max = 5200ms (custom)
2019-09-19 16:58:09,474 [pool-71-thread-1] INFO  server.RaftServerConfigKeys (ConfUtils.java:logGet(43)) - raft.server.rpcslowness.timeout = 120s (custom)
2019-09-19 16:58:09,474 [pool-71-thread-1] INFO  server.RaftServerConfigKeys (ConfUtils.java:logGet(43)) - raft.server.sleep.deviation.threshold = 300 (default)
2019-09-19 16:58:09,474 [pool-71-thread-1] INFO  server.RaftServerConfigKeys (ConfUtils.java:logGet(43)) - raft.server.log.appender.install.snapshot.enabled = false (custom)
2019-09-19 16:58:09,474 [pool-71-thread-1] INFO  impl.RaftServerImpl (ServerState.java:<init>(105)) - 293fb764-8d0a-4a2a-b0d4-e27863ca0d27:group-C25139C1355B ConfigurationManager, init=-1: [293fb764-8d0a-4a2a-b0d4-e27863ca0d27:192.168.157.226:35657], old=null, confs=<EMPTY_MAP>
2019-09-19 16:58:09,474 [pool-71-thread-1] INFO  server.RaftServerConfigKeys (ConfUtils.java:logGet(43)) - raft.server.storage.dir = [/workdir/hadoop-ozone/tools/target/test-dir/MiniOzoneClusterImpl-07aed8b0-4e05-46c5-ad79-a4210fff6c42/datanode-4/data/ratis] (custom)
2019-09-19 16:58:09,475 [pool-71-thread-1] INFO  storage.RaftStorageDirectory (RaftStorageDirectory.java:analyzeStorage(246)) - The storage directory /workdir/hadoop-ozone/tools/target/test-dir/MiniOzoneClusterImpl-07aed8b0-4e05-46c5-ad79-a4210fff6c42/datanode-4/data/ratis/0e2e1b0f-3888-4f38-a63a-c25139c1355b does not exist. Creating ...
2019-09-19 16:58:09,489 [pool-71-thread-1] INFO  storage.RaftStorageDirectory (RaftStorageDirectory.java:tryLock(328)) - Lock on /workdir/hadoop-ozone/tools/target/test-dir/MiniOzoneClusterImpl-07aed8b0-4e05-46c5-ad79-a4210fff6c42/datanode-4/data/ratis/0e2e1b0f-3888-4f38-a63a-c25139c1355b/in_use.lock acquired by nodename 22412@pr-hdds-1569-swxfz-3172132826
2019-09-19 16:58:09,502 [pool-71-thread-1] INFO  storage.RaftStorage (RaftStorage.java:format(72)) - Storage directory /workdir/hadoop-ozone/tools/target/test-dir/MiniOzoneClusterImpl-07aed8b0-4e05-46c5-ad79-a4210fff6c42/datanode-4/data/ratis/0e2e1b0f-3888-4f38-a63a-c25139c1355b has been successfully formatted.
2019-09-19 16:58:09,502 [pool-71-thread-1] INFO  ratis.ContainerStateMachine (ContainerStateMachine.java:loadSnapshot(226)) - group-C25139C1355B: The snapshot info is null. Setting the last applied indexto:(t:0, i:~)
2019-09-19 16:58:09,502 [pool-71-thread-1] INFO  server.RaftServerConfigKeys (ConfUtils.java:logGet(43)) - raft.server.leader.election.timeout = 120s (custom)
2019-09-19 16:58:09,502 [pool-71-thread-1] INFO  server.RaftServerConfigKeys (ConfUtils.java:logGet(43)) - raft.server.log.use.memory = false (default)
2019-09-19 16:58:09,502 [pool-71-thread-1] INFO  server.RaftServerConfigKeys (ConfUtils.java:logGet(43)) - raft.server.log.purge.gap = 1000000 (custom)
2019-09-19 16:58:09,503 [pool-71-thread-1] INFO  server.RaftServerConfigKeys (ConfUtils.java:logGet(43)) - raft.server.log.appender.buffer.byte-limit = 33554432 (custom)
2019-09-19 16:58:09,503 [pool-71-thread-1] INFO  server.RaftServerConfigKeys (ConfUtils.java:logGet(43)) - raft.server.log.segment.size.max = 1048576 (custom)
2019-09-19 16:58:09,503 [pool-71-thread-1] INFO  server.RaftServerConfigKeys (ConfUtils.java:logGet(43)) - raft.server.log.segment.cache.num.max = 2 (custom)
2019-09-19 16:58:09,503 [pool-71-thread-1] INFO  segmented.SegmentedRaftLogWorker (SegmentedRaftLogWorker.java:<init>(172)) - new 293fb764-8d0a-4a2a-b0d4-e27863ca0d27-SegmentedRaftLogWorker:Storage Directory /workdir/hadoop-ozone/tools/target/test-dir/MiniOzoneClusterImpl-07aed8b0-4e05-46c5-ad79-a4210fff6c42/datanode-4/data/ratis/0e2e1b0f-3888-4f38-a63a-c25139c1355b for RaftStorage:Storage Directory /workdir/hadoop-ozone/tools/target/test-dir/MiniOzoneClusterImpl-07aed8b0-4e05-46c5-ad79-a4210fff6c42/datanode-4/data/ratis/0e2e1b0f-3888-4f38-a63a-c25139c1355b
2019-09-19 16:58:09,503 [pool-71-thread-1] INFO  server.RaftServerConfigKeys (ConfUtils.java:logGet(43)) - raft.server.log.queue.byte-limit = 2147483647 (custom)
2019-09-19 16:58:09,503 [pool-71-thread-1] INFO  server.RaftServerConfigKeys (ConfUtils.java:logGet(43)) - raft.server.log.queue.element-limit = 1024 (custom)
2019-09-19 16:58:09,503 [pool-71-thread-1] INFO  server.RaftServerConfigKeys (ConfUtils.java:logGet(43)) - raft.server.log.segment.size.max = 1048576 (custom)
2019-09-19 16:58:09,504 [pool-71-thread-1] INFO  server.RaftServerConfigKeys (ConfUtils.java:logGet(43)) - raft.server.log.preallocated.size = 16384 (custom)
2019-09-19 16:58:09,504 [pool-71-thread-1] INFO  server.RaftServerConfigKeys (ConfUtils.java:logGet(43)) - raft.server.log.write.buffer.size = 33554432 (custom)
2019-09-19 16:58:09,504 [pool-71-thread-1] INFO  server.RaftServerConfigKeys (ConfUtils.java:logGet(43)) - raft.server.log.force.sync.num = 128 (default)
2019-09-19 16:58:09,504 [pool-71-thread-1] INFO  server.RaftServerConfigKeys (ConfUtils.java:logGet(43)) - raft.server.log.statemachine.data.sync = true (default)
2019-09-19 16:58:09,504 [pool-71-thread-1] INFO  server.RaftServerConfigKeys (ConfUtils.java:logGet(43)) - raft.server.log.statemachine.data.sync.timeout = 10s (default)
2019-09-19 16:58:09,504 [pool-71-thread-1] INFO  server.RaftServerConfigKeys (ConfUtils.java:logGet(43)) - raft.server.log.statemachine.data.sync.timeout.retry = -1 (default)
2019-09-19 16:58:09,505 [pool-71-thread-1] INFO  server.RaftServerConfigKeys (ConfUtils.java:logGet(43)) - raft.server.log.statemachine.data.caching.enabled = true (custom)
2019-09-19 16:58:09,505 [pool-71-thread-1] INFO  segmented.SegmentedRaftLogWorker (SegmentedRaftLogWorker.java:lambda$new$0(132)) - 293fb764-8d0a-4a2a-b0d4-e27863ca0d27-SegmentedRaftLogWorker:Storage Directory /workdir/hadoop-ozone/tools/target/test-dir/MiniOzoneClusterImpl-07aed8b0-4e05-46c5-ad79-a4210fff6c42/datanode-4/data/ratis/0e2e1b0f-3888-4f38-a63a-c25139c1355b: flushIndex: setUnconditionally 0 -> -1
2019-09-19 16:58:09,505 [pool-71-thread-1] INFO  server.RaftServerConfigKeys (ConfUtils.java:logGet(43)) - raft.server.snapshot.auto.trigger.enabled = true (custom)
2019-09-19 16:58:09,505 [pool-71-thread-1] INFO  server.RaftServerConfigKeys (ConfUtils.java:logGet(43)) - raft.server.snapshot.auto.trigger.threshold = 10000 (custom)
2019-09-19 16:58:09,505 [pool-71-thread-1] INFO  server.RaftServerConfigKeys (ConfUtils.java:logGet(43)) - raft.server.retrycache.expirytime = 600000ms (custom)
2019-09-19 16:58:09,506 [pool-71-thread-1] INFO  impl.RaftServerImpl (RaftServerImpl.java:start(180)) - 293fb764-8d0a-4a2a-b0d4-e27863ca0d27: start group-C25139C1355B
2019-09-19 16:58:09,506 [pool-71-thread-1] INFO  impl.RaftServerImpl (RaftServerImpl.java:setRole(171)) - 293fb764-8d0a-4a2a-b0d4-e27863ca0d27:group-C25139C1355B changes role from null to FOLLOWER at term 0 for startAsFollower
2019-09-19 16:58:09,506 [pool-71-thread-1] INFO  impl.RoleInfo (RoleInfo.java:updateAndGet(143)) - 293fb764-8d0a-4a2a-b0d4-e27863ca0d27: start FollowerState
2019-09-19 16:58:09,506 [pool-71-thread-1] INFO  util.JmxRegister (JmxRegister.java:tryRegister(44)) - Successfully registered JMX Bean with object name Ratis:service=RaftServer,group=group-C25139C1355B,id=293fb764-8d0a-4a2a-b0d4-e27863ca0d27
2019-09-19 16:58:09,512 [RatisPipelineUtilsThread] INFO  pipeline.PipelineStateManager (PipelineStateManager.java:addPipeline(56)) - Created pipeline Pipeline[ Id: 0e2e1b0f-3888-4f38-a63a-c25139c1355b, Nodes: 293fb764-8d0a-4a2a-b0d4-e27863ca0d27{ip: 192.168.157.226, host: pr-hdds-1569-swxfz-3172132826, networkLocation: /default-rack, certSerialId: null}, Type:RATIS, Factor:ONE, State:OPEN]
2019-09-19 16:58:09,514 [RatisPipelineUtilsThread] ERROR pipeline.PipelinePlacementPolicy (PipelinePlacementPolicy.java:meetCriteria(91)) - Pipeline Placement: Doesn't meet the criteria to be viable node. Heaviness: 6
2019-09-19 16:58:09,514 [RatisPipelineUtilsThread] ERROR pipeline.PipelinePlacementPolicy (PipelinePlacementPolicy.java:meetCriteria(91)) - Pipeline Placement: Doesn't meet the criteria to be viable node. Heaviness: 6
2019-09-19 16:58:09,514 [RatisPipelineUtilsThread] ERROR pipeline.PipelinePlacementPolicy (PipelinePlacementPolicy.java:meetCriteria(91)) - Pipeline Placement: Doesn't meet the criteria to be viable node. Heaviness: 6
2019-09-19 16:58:09,524 [grpc-default-executor-0] INFO  impl.RaftServerProxy (RaftServerProxy.java:addNew(89)) - 293fb764-8d0a-4a2a-b0d4-e27863ca0d27: addNew group-E45BF6CC6BD9:[293fb764-8d0a-4a2a-b0d4-e27863ca0d27:192.168.157.226:35657] returns group-E45BF6CC6BD9:java.util.concurrent.CompletableFuture@2c16470b[Not completed]
2019-09-19 16:58:09,525 [pool-71-thread-1] INFO  impl.RaftServerImpl (RaftServerImpl.java:<init>(93)) - 293fb764-8d0a-4a2a-b0d4-e27863ca0d27: new RaftServerImpl for group-E45BF6CC6BD9:[293fb764-8d0a-4a2a-b0d4-e27863ca0d27:192.168.157.226:35657] with ContainerStateMachine:uninitialized
2019-09-19 16:58:09,526 [pool-71-thread-1] INFO  server.RaftServerConfigKeys (ConfUtils.java:logGet(43)) - raft.server.rpc.timeout.min = 5s (custom)
2019-09-19 16:58:09,526 [pool-71-thread-1] INFO  server.RaftServerConfigKeys (ConfUtils.java:logGet(43)) - raft.server.rpc.timeout.max = 5200ms (custom)
2019-09-19 16:58:09,526 [pool-71-thread-1] INFO  server.RaftServerConfigKeys (ConfUtils.java:logGet(43)) - raft.server.rpcslowness.timeout = 120s (custom)
2019-09-19 16:58:09,526 [pool-71-thread-1] INFO  server.RaftServerConfigKeys (ConfUtils.java:logGet(43)) - raft.server.sleep.deviation.threshold = 300 (default)
2019-09-19 16:58:09,526 [pool-71-thread-1] INFO  server.RaftServerConfigKeys (ConfUtils.java:logGet(43)) - raft.server.log.appender.install.snapshot.enabled = false (custom)
2019-09-19 16:58:09,526 [pool-71-thread-1] INFO  impl.RaftServerImpl (ServerState.java:<init>(105)) - 293fb764-8d0a-4a2a-b0d4-e27863ca0d27:group-E45BF6CC6BD9 ConfigurationManager, init=-1: [293fb764-8d0a-4a2a-b0d4-e27863ca0d27:192.168.157.226:35657], old=null, confs=<EMPTY_MAP>
2019-09-19 16:58:09,526 [pool-71-thread-1] INFO  server.RaftServerConfigKeys (ConfUtils.java:logGet(43)) - raft.server.storage.dir = [/workdir/hadoop-ozone/tools/target/test-dir/MiniOzoneClusterImpl-07aed8b0-4e05-46c5-ad79-a4210fff6c42/datanode-4/data/ratis] (custom)
2019-09-19 16:58:09,527 [pool-71-thread-1] INFO  storage.RaftStorageDirectory (RaftStorageDirectory.java:analyzeStorage(246)) - The storage directory /workdir/hadoop-ozone/tools/target/test-dir/MiniOzoneClusterImpl-07aed8b0-4e05-46c5-ad79-a4210fff6c42/datanode-4/data/ratis/c748482d-9f95-4a81-854e-e45bf6cc6bd9 does not exist. Creating ...
2019-09-19 16:58:09,539 [pool-71-thread-1] INFO  storage.RaftStorageDirectory (RaftStorageDirectory.java:tryLock(328)) - Lock on /workdir/hadoop-ozone/tools/target/test-dir/MiniOzoneClusterImpl-07aed8b0-4e05-46c5-ad79-a4210fff6c42/datanode-4/data/ratis/c748482d-9f95-4a81-854e-e45bf6cc6bd9/in_use.lock acquired by nodename 22412@pr-hdds-1569-swxfz-3172132826
2019-09-19 16:58:09,552 [pool-71-thread-1] INFO  storage.RaftStorage (RaftStorage.java:format(72)) - Storage directory /workdir/hadoop-ozone/tools/target/test-dir/MiniOzoneClusterImpl-07aed8b0-4e05-46c5-ad79-a4210fff6c42/datanode-4/data/ratis/c748482d-9f95-4a81-854e-e45bf6cc6bd9 has been successfully formatted.
2019-09-19 16:58:09,552 [pool-71-thread-1] INFO  ratis.ContainerStateMachine (ContainerStateMachine.java:loadSnapshot(226)) - group-E45BF6CC6BD9: The snapshot info is null. Setting the last applied indexto:(t:0, i:~)
2019-09-19 16:58:09,553 [pool-71-thread-1] INFO  server.RaftServerConfigKeys (ConfUtils.java:logGet(43)) - raft.server.leader.election.timeout = 120s (custom)
2019-09-19 16:58:09,553 [pool-71-thread-1] INFO  server.RaftServerConfigKeys (ConfUtils.java:logGet(43)) - raft.server.log.use.memory = false (default)
2019-09-19 16:58:09,553 [pool-71-thread-1] INFO  server.RaftServerConfigKeys (ConfUtils.java:logGet(43)) - raft.server.log.purge.gap = 1000000 (custom)
2019-09-19 16:58:09,553 [pool-71-thread-1] INFO  server.RaftServerConfigKeys (ConfUtils.java:logGet(43)) - raft.server.log.appender.buffer.byte-limit = 33554432 (custom)
2019-09-19 16:58:09,553 [pool-71-thread-1] INFO  server.RaftServerConfigKeys (ConfUtils.java:logGet(43)) - raft.server.log.segment.size.max = 1048576 (custom)
2019-09-19 16:58:09,553 [pool-71-thread-1] INFO  server.RaftServerConfigKeys (ConfUtils.java:logGet(43)) - raft.server.log.segment.cache.num.max = 2 (custom)
2019-09-19 16:58:09,554 [pool-71-thread-1] INFO  segmented.SegmentedRaftLogWorker (SegmentedRaftLogWorker.java:<init>(172)) - new 293fb764-8d0a-4a2a-b0d4-e27863ca0d27-SegmentedRaftLogWorker:Storage Directory /workdir/hadoop-ozone/tools/target/test-dir/MiniOzoneClusterImpl-07aed8b0-4e05-46c5-ad79-a4210fff6c42/datanode-4/data/ratis/c748482d-9f95-4a81-854e-e45bf6cc6bd9 for RaftStorage:Storage Directory /workdir/hadoop-ozone/tools/target/test-dir/MiniOzoneClusterImpl-07aed8b0-4e05-46c5-ad79-a4210fff6c42/datanode-4/data/ratis/c748482d-9f95-4a81-854e-e45bf6cc6bd9
2019-09-19 16:58:09,554 [pool-71-thread-1] INFO  server.RaftServerConfigKeys (ConfUtils.java:logGet(43)) - raft.server.log.queue.byte-limit = 2147483647 (custom)
2019-09-19 16:58:09,554 [pool-71-thread-1] INFO  server.RaftServerConfigKeys (ConfUtils.java:logGet(43)) - raft.server.log.queue.element-limit = 1024 (custom)
2019-09-19 16:58:09,554 [pool-71-thread-1] INFO  server.RaftServerConfigKeys (ConfUtils.java:logGet(43)) - raft.server.log.segment.size.max = 1048576 (custom)
2019-09-19 16:58:09,554 [pool-71-thread-1] INFO  server.RaftServerConfigKeys (ConfUtils.java:logGet(43)) - raft.server.log.preallocated.size = 16384 (custom)
2019-09-19 16:58:09,554 [pool-71-thread-1] INFO  server.RaftServerConfigKeys (ConfUtils.java:logGet(43)) - raft.server.log.write.buffer.size = 33554432 (custom)
2019-09-19 16:58:09,555 [pool-71-thread-1] INFO  server.RaftServerConfigKeys (ConfUtils.java:logGet(43)) - raft.server.log.force.sync.num = 128 (default)
2019-09-19 16:58:09,555 [pool-71-thread-1] INFO  server.RaftServerConfigKeys (ConfUtils.java:logGet(43)) - raft.server.log.statemachine.data.sync = true (default)
2019-09-19 16:58:09,555 [pool-71-thread-1] INFO  server.RaftServerConfigKeys (ConfUtils.java:logGet(43)) - raft.server.log.statemachine.data.sync.timeout = 10s (default)
2019-09-19 16:58:09,555 [pool-71-thread-1] INFO  server.RaftServerConfigKeys (ConfUtils.java:logGet(43)) - raft.server.log.statemachine.data.sync.timeout.retry = -1 (default)
2019-09-19 16:58:09,555 [pool-71-thread-1] INFO  server.RaftServerConfigKeys (ConfUtils.java:logGet(43)) - raft.server.log.statemachine.data.caching.enabled = true (custom)
2019-09-19 16:58:09,556 [pool-71-thread-1] INFO  segmented.SegmentedRaftLogWorker (SegmentedRaftLogWorker.java:lambda$new$0(132)) - 293fb764-8d0a-4a2a-b0d4-e27863ca0d27-SegmentedRaftLogWorker:Storage Directory /workdir/hadoop-ozone/tools/target/test-dir/MiniOzoneClusterImpl-07aed8b0-4e05-46c5-ad79-a4210fff6c42/datanode-4/data/ratis/c748482d-9f95-4a81-854e-e45bf6cc6bd9: flushIndex: setUnconditionally 0 -> -1
2019-09-19 16:58:09,556 [pool-71-thread-1] INFO  server.RaftServerConfigKeys (ConfUtils.java:logGet(43)) - raft.server.snapshot.auto.trigger.enabled = true (custom)
2019-09-19 16:58:09,556 [pool-71-thread-1] INFO  server.RaftServerConfigKeys (ConfUtils.java:logGet(43)) - raft.server.snapshot.auto.trigger.threshold = 10000 (custom)
2019-09-19 16:58:09,557 [pool-71-thread-1] INFO  server.RaftServerConfigKeys (ConfUtils.java:logGet(43)) - raft.server.retrycache.expirytime = 600000ms (custom)
2019-09-19 16:58:09,557 [pool-71-thread-1] INFO  impl.RaftServerImpl (RaftServerImpl.java:start(180)) - 293fb764-8d0a-4a2a-b0d4-e27863ca0d27: start group-E45BF6CC6BD9
2019-09-19 16:58:09,557 [pool-71-thread-1] INFO  impl.RaftServerImpl (RaftServerImpl.java:setRole(171)) - 293fb764-8d0a-4a2a-b0d4-e27863ca0d27:group-E45BF6CC6BD9 changes role from null to FOLLOWER at term 0 for startAsFollower
2019-09-19 16:58:09,557 [pool-71-thread-1] INFO  impl.RoleInfo (RoleInfo.java:updateAndGet(143)) - 293fb764-8d0a-4a2a-b0d4-e27863ca0d27: start FollowerState
2019-09-19 16:58:09,558 [pool-71-thread-1] INFO  util.JmxRegister (JmxRegister.java:tryRegister(44)) - Successfully registered JMX Bean with object name Ratis:service=RaftServer,group=group-E45BF6CC6BD9,id=293fb764-8d0a-4a2a-b0d4-e27863ca0d27
2019-09-19 16:58:09,563 [RatisPipelineUtilsThread] INFO  pipeline.PipelineStateManager (PipelineStateManager.java:addPipeline(56)) - Created pipeline Pipeline[ Id: c748482d-9f95-4a81-854e-e45bf6cc6bd9, Nodes: 293fb764-8d0a-4a2a-b0d4-e27863ca0d27{ip: 192.168.157.226, host: pr-hdds-1569-swxfz-3172132826, networkLocation: /default-rack, certSerialId: null}, Type:RATIS, Factor:ONE, State:OPEN]
2019-09-19 16:58:09,565 [RatisPipelineUtilsThread] ERROR pipeline.PipelinePlacementPolicy (PipelinePlacementPolicy.java:meetCriteria(91)) - Pipeline Placement: Doesn't meet the criteria to be viable node. Heaviness: 6
2019-09-19 16:58:09,567 [RatisPipelineUtilsThread] ERROR pipeline.PipelinePlacementPolicy (PipelinePlacementPolicy.java:meetCriteria(91)) - Pipeline Placement: Doesn't meet the criteria to be viable node. Heaviness: 6
2019-09-19 16:58:09,567 [RatisPipelineUtilsThread] ERROR pipeline.PipelinePlacementPolicy (PipelinePlacementPolicy.java:meetCriteria(91)) - Pipeline Placement: Doesn't meet the criteria to be viable node. Heaviness: 6
2019-09-19 16:58:09,568 | INFO  | SCMAudit | user=jenkins1000 | ip=192.168.157.226 | op=SEND_HEARTBEAT {datanodeUUID=d3f68efe-c22b-404c-9d92-5b3617bd70f9, command=[]} | ret=SUCCESS |  
2019-09-19 16:58:09,577 [grpc-default-executor-0] INFO  impl.RaftServerProxy (RaftServerProxy.java:addNew(89)) - 293fb764-8d0a-4a2a-b0d4-e27863ca0d27: addNew group-B24366B8851A:[293fb764-8d0a-4a2a-b0d4-e27863ca0d27:192.168.157.226:35657] returns group-B24366B8851A:java.util.concurrent.CompletableFuture@73362e8d[Not completed]
2019-09-19 16:58:09,578 [pool-71-thread-1] INFO  impl.RaftServerImpl (RaftServerImpl.java:<init>(93)) - 293fb764-8d0a-4a2a-b0d4-e27863ca0d27: new RaftServerImpl for group-B24366B8851A:[293fb764-8d0a-4a2a-b0d4-e27863ca0d27:192.168.157.226:35657] with ContainerStateMachine:uninitialized
2019-09-19 16:58:09,578 [pool-71-thread-1] INFO  server.RaftServerConfigKeys (ConfUtils.java:logGet(43)) - raft.server.rpc.timeout.min = 5s (custom)
2019-09-19 16:58:09,578 [pool-71-thread-1] INFO  server.RaftServerConfigKeys (ConfUtils.java:logGet(43)) - raft.server.rpc.timeout.max = 5200ms (custom)
2019-09-19 16:58:09,578 [pool-71-thread-1] INFO  server.RaftServerConfigKeys (ConfUtils.java:logGet(43)) - raft.server.rpcslowness.timeout = 120s (custom)
2019-09-19 16:58:09,579 [pool-71-thread-1] INFO  server.RaftServerConfigKeys (ConfUtils.java:logGet(43)) - raft.server.sleep.deviation.threshold = 300 (default)
2019-09-19 16:58:09,579 [pool-71-thread-1] INFO  server.RaftServerConfigKeys (ConfUtils.java:logGet(43)) - raft.server.log.appender.install.snapshot.enabled = false (custom)
2019-09-19 16:58:09,579 [pool-71-thread-1] INFO  impl.RaftServerImpl (ServerState.java:<init>(105)) - 293fb764-8d0a-4a2a-b0d4-e27863ca0d27:group-B24366B8851A ConfigurationManager, init=-1: [293fb764-8d0a-4a2a-b0d4-e27863ca0d27:192.168.157.226:35657], old=null, confs=<EMPTY_MAP>
2019-09-19 16:58:09,579 [pool-71-thread-1] INFO  server.RaftServerConfigKeys (ConfUtils.java:logGet(43)) - raft.server.storage.dir = [/workdir/hadoop-ozone/tools/target/test-dir/MiniOzoneClusterImpl-07aed8b0-4e05-46c5-ad79-a4210fff6c42/datanode-4/data/ratis] (custom)
2019-09-19 16:58:09,579 [pool-71-thread-1] INFO  storage.RaftStorageDirectory (RaftStorageDirectory.java:analyzeStorage(246)) - The storage directory /workdir/hadoop-ozone/tools/target/test-dir/MiniOzoneClusterImpl-07aed8b0-4e05-46c5-ad79-a4210fff6c42/datanode-4/data/ratis/aa6c4303-2d4e-48f3-81f3-b24366b8851a does not exist. Creating ...
2019-09-19 16:58:09,605 [pool-71-thread-1] INFO  storage.RaftStorageDirectory (RaftStorageDirectory.java:tryLock(328)) - Lock on /workdir/hadoop-ozone/tools/target/test-dir/MiniOzoneClusterImpl-07aed8b0-4e05-46c5-ad79-a4210fff6c42/datanode-4/data/ratis/aa6c4303-2d4e-48f3-81f3-b24366b8851a/in_use.lock acquired by nodename 22412@pr-hdds-1569-swxfz-3172132826
2019-09-19 16:58:09,618 [pool-71-thread-1] INFO  storage.RaftStorage (RaftStorage.java:format(72)) - Storage directory /workdir/hadoop-ozone/tools/target/test-dir/MiniOzoneClusterImpl-07aed8b0-4e05-46c5-ad79-a4210fff6c42/datanode-4/data/ratis/aa6c4303-2d4e-48f3-81f3-b24366b8851a has been successfully formatted.
2019-09-19 16:58:09,618 [pool-71-thread-1] INFO  ratis.ContainerStateMachine (ContainerStateMachine.java:loadSnapshot(226)) - group-B24366B8851A: The snapshot info is null. Setting the last applied indexto:(t:0, i:~)
2019-09-19 16:58:09,618 [pool-71-thread-1] INFO  server.RaftServerConfigKeys (ConfUtils.java:logGet(43)) - raft.server.leader.election.timeout = 120s (custom)
2019-09-19 16:58:09,618 [pool-71-thread-1] INFO  server.RaftServerConfigKeys (ConfUtils.java:logGet(43)) - raft.server.log.use.memory = false (default)
2019-09-19 16:58:09,619 [pool-71-thread-1] INFO  server.RaftServerConfigKeys (ConfUtils.java:logGet(43)) - raft.server.log.purge.gap = 1000000 (custom)
2019-09-19 16:58:09,619 [pool-71-thread-1] INFO  server.RaftServerConfigKeys (ConfUtils.java:logGet(43)) - raft.server.log.appender.buffer.byte-limit = 33554432 (custom)
2019-09-19 16:58:09,619 [pool-71-thread-1] INFO  server.RaftServerConfigKeys (ConfUtils.java:logGet(43)) - raft.server.log.segment.size.max = 1048576 (custom)
2019-09-19 16:58:09,619 [pool-71-thread-1] INFO  server.RaftServerConfigKeys (ConfUtils.java:logGet(43)) - raft.server.log.segment.cache.num.max = 2 (custom)
2019-09-19 16:58:09,619 [Thread-207] INFO  container.ReplicationManager (ReplicationManager.java:start(151)) - Starting Replication Monitor Thread.
2019-09-19 16:58:09,619 [pool-71-thread-1] INFO  segmented.SegmentedRaftLogWorker (SegmentedRaftLogWorker.java:<init>(172)) - new 293fb764-8d0a-4a2a-b0d4-e27863ca0d27-SegmentedRaftLogWorker:Storage Directory /workdir/hadoop-ozone/tools/target/test-dir/MiniOzoneClusterImpl-07aed8b0-4e05-46c5-ad79-a4210fff6c42/datanode-4/data/ratis/aa6c4303-2d4e-48f3-81f3-b24366b8851a for RaftStorage:Storage Directory /workdir/hadoop-ozone/tools/target/test-dir/MiniOzoneClusterImpl-07aed8b0-4e05-46c5-ad79-a4210fff6c42/datanode-4/data/ratis/aa6c4303-2d4e-48f3-81f3-b24366b8851a
2019-09-19 16:58:09,619 [pool-71-thread-1] INFO  server.RaftServerConfigKeys (ConfUtils.java:logGet(43)) - raft.server.log.queue.byte-limit = 2147483647 (custom)
2019-09-19 16:58:09,620 [pool-71-thread-1] INFO  server.RaftServerConfigKeys (ConfUtils.java:logGet(43)) - raft.server.log.queue.element-limit = 1024 (custom)
2019-09-19 16:58:09,620 [pool-71-thread-1] INFO  server.RaftServerConfigKeys (ConfUtils.java:logGet(43)) - raft.server.log.segment.size.max = 1048576 (custom)
2019-09-19 16:58:09,620 [pool-71-thread-1] INFO  server.RaftServerConfigKeys (ConfUtils.java:logGet(43)) - raft.server.log.preallocated.size = 16384 (custom)
2019-09-19 16:58:09,620 [pool-71-thread-1] INFO  server.RaftServerConfigKeys (ConfUtils.java:logGet(43)) - raft.server.log.write.buffer.size = 33554432 (custom)
2019-09-19 16:58:09,620 [pool-71-thread-1] INFO  server.RaftServerConfigKeys (ConfUtils.java:logGet(43)) - raft.server.log.force.sync.num = 128 (default)
2019-09-19 16:58:09,620 [pool-71-thread-1] INFO  server.RaftServerConfigKeys (ConfUtils.java:logGet(43)) - raft.server.log.statemachine.data.sync = true (default)
2019-09-19 16:58:09,620 [pool-71-thread-1] INFO  server.RaftServerConfigKeys (ConfUtils.java:logGet(43)) - raft.server.log.statemachine.data.sync.timeout = 10s (default)
2019-09-19 16:58:09,620 [pool-71-thread-1] INFO  server.RaftServerConfigKeys (ConfUtils.java:logGet(43)) - raft.server.log.statemachine.data.sync.timeout.retry = -1 (default)
2019-09-19 16:58:09,621 [pool-71-thread-1] INFO  server.RaftServerConfigKeys (ConfUtils.java:logGet(43)) - raft.server.log.statemachine.data.caching.enabled = true (custom)
2019-09-19 16:58:09,621 [pool-71-thread-1] INFO  segmented.SegmentedRaftLogWorker (SegmentedRaftLogWorker.java:lambda$new$0(132)) - 293fb764-8d0a-4a2a-b0d4-e27863ca0d27-SegmentedRaftLogWorker:Storage Directory /workdir/hadoop-ozone/tools/target/test-dir/MiniOzoneClusterImpl-07aed8b0-4e05-46c5-ad79-a4210fff6c42/datanode-4/data/ratis/aa6c4303-2d4e-48f3-81f3-b24366b8851a: flushIndex: setUnconditionally 0 -> -1
2019-09-19 16:58:09,621 [pool-71-thread-1] INFO  server.RaftServerConfigKeys (ConfUtils.java:logGet(43)) - raft.server.snapshot.auto.trigger.enabled = true (custom)
2019-09-19 16:58:09,621 [pool-71-thread-1] INFO  server.RaftServerConfigKeys (ConfUtils.java:logGet(43)) - raft.server.snapshot.auto.trigger.threshold = 10000 (custom)
2019-09-19 16:58:09,621 [ReplicationMonitor] INFO  container.ReplicationManager (ReplicationManager.java:run(214)) - Replication Monitor Thread took 1 milliseconds for processing 0 containers.
2019-09-19 16:58:09,623 [pool-71-thread-1] INFO  server.RaftServerConfigKeys (ConfUtils.java:logGet(43)) - raft.server.retrycache.expirytime = 600000ms (custom)
2019-09-19 16:58:09,623 [pool-71-thread-1] INFO  impl.RaftServerImpl (RaftServerImpl.java:start(180)) - 293fb764-8d0a-4a2a-b0d4-e27863ca0d27: start group-B24366B8851A
2019-09-19 16:58:09,624 [pool-71-thread-1] INFO  impl.RaftServerImpl (RaftServerImpl.java:setRole(171)) - 293fb764-8d0a-4a2a-b0d4-e27863ca0d27:group-B24366B8851A changes role from null to FOLLOWER at term 0 for startAsFollower
2019-09-19 16:58:09,624 [pool-71-thread-1] INFO  impl.RoleInfo (RoleInfo.java:updateAndGet(143)) - 293fb764-8d0a-4a2a-b0d4-e27863ca0d27: start FollowerState
2019-09-19 16:58:09,624 [pool-71-thread-1] INFO  util.JmxRegister (JmxRegister.java:tryRegister(44)) - Successfully registered JMX Bean with object name Ratis:service=RaftServer,group=group-B24366B8851A,id=293fb764-8d0a-4a2a-b0d4-e27863ca0d27
2019-09-19 16:58:09,629 [RatisPipelineUtilsThread] INFO  pipeline.PipelineStateManager (PipelineStateManager.java:addPipeline(56)) - Created pipeline Pipeline[ Id: aa6c4303-2d4e-48f3-81f3-b24366b8851a, Nodes: 293fb764-8d0a-4a2a-b0d4-e27863ca0d27{ip: 192.168.157.226, host: pr-hdds-1569-swxfz-3172132826, networkLocation: /default-rack, certSerialId: null}, Type:RATIS, Factor:ONE, State:OPEN]
2019-09-19 16:58:09,630 [RatisPipelineUtilsThread] ERROR pipeline.PipelinePlacementPolicy (PipelinePlacementPolicy.java:meetCriteria(91)) - Pipeline Placement: Doesn't meet the criteria to be viable node. Heaviness: 6
2019-09-19 16:58:09,630 [RatisPipelineUtilsThread] ERROR pipeline.PipelinePlacementPolicy (PipelinePlacementPolicy.java:meetCriteria(91)) - Pipeline Placement: Doesn't meet the criteria to be viable node. Heaviness: 6
2019-09-19 16:58:09,630 [RatisPipelineUtilsThread] ERROR pipeline.PipelinePlacementPolicy (PipelinePlacementPolicy.java:meetCriteria(91)) - Pipeline Placement: Doesn't meet the criteria to be viable node. Heaviness: 6
2019-09-19 16:58:09,630 [RatisPipelineUtilsThread] ERROR pipeline.PipelinePlacementPolicy (PipelinePlacementPolicy.java:meetCriteria(91)) - Pipeline Placement: Doesn't meet the criteria to be viable node. Heaviness: 6
2019-09-19 16:58:09,633 | INFO  | SCMAudit | user=jenkins1000 | ip=192.168.157.226 | op=SEND_HEARTBEAT {datanodeUUID=b4d11adf-473e-4712-a75b-8cc25b77f0f4, command=[]} | ret=SUCCESS |  
2019-09-19 16:58:09,642 [grpc-default-executor-0] INFO  impl.RaftServerProxy (RaftServerProxy.java:addNew(89)) - b4d11adf-473e-4712-a75b-8cc25b77f0f4: addNew group-D26EBADC6BA2:[b4d11adf-473e-4712-a75b-8cc25b77f0f4:192.168.157.226:36538] returns group-D26EBADC6BA2:java.util.concurrent.CompletableFuture@48d5b5f1[Not completed]
2019-09-19 16:58:09,644 [pool-60-thread-1] INFO  impl.RaftServerImpl (RaftServerImpl.java:<init>(93)) - b4d11adf-473e-4712-a75b-8cc25b77f0f4: new RaftServerImpl for group-D26EBADC6BA2:[b4d11adf-473e-4712-a75b-8cc25b77f0f4:192.168.157.226:36538] with ContainerStateMachine:uninitialized
2019-09-19 16:58:09,644 [pool-60-thread-1] INFO  server.RaftServerConfigKeys (ConfUtils.java:logGet(43)) - raft.server.rpc.timeout.min = 5s (custom)
2019-09-19 16:58:09,644 [pool-60-thread-1] INFO  server.RaftServerConfigKeys (ConfUtils.java:logGet(43)) - raft.server.rpc.timeout.max = 5200ms (custom)
2019-09-19 16:58:09,644 [pool-60-thread-1] INFO  server.RaftServerConfigKeys (ConfUtils.java:logGet(43)) - raft.server.rpcslowness.timeout = 120s (custom)
2019-09-19 16:58:09,644 [pool-60-thread-1] INFO  server.RaftServerConfigKeys (ConfUtils.java:logGet(43)) - raft.server.sleep.deviation.threshold = 300 (default)
2019-09-19 16:58:09,644 [pool-60-thread-1] INFO  server.RaftServerConfigKeys (ConfUtils.java:logGet(43)) - raft.server.log.appender.install.snapshot.enabled = false (custom)
2019-09-19 16:58:09,645 [pool-60-thread-1] INFO  impl.RaftServerImpl (ServerState.java:<init>(105)) - b4d11adf-473e-4712-a75b-8cc25b77f0f4:group-D26EBADC6BA2 ConfigurationManager, init=-1: [b4d11adf-473e-4712-a75b-8cc25b77f0f4:192.168.157.226:36538], old=null, confs=<EMPTY_MAP>
2019-09-19 16:58:09,645 [pool-60-thread-1] INFO  server.RaftServerConfigKeys (ConfUtils.java:logGet(43)) - raft.server.storage.dir = [/workdir/hadoop-ozone/tools/target/test-dir/MiniOzoneClusterImpl-07aed8b0-4e05-46c5-ad79-a4210fff6c42/datanode-3/data/ratis] (custom)
2019-09-19 16:58:09,645 [pool-60-thread-1] INFO  storage.RaftStorageDirectory (RaftStorageDirectory.java:analyzeStorage(246)) - The storage directory /workdir/hadoop-ozone/tools/target/test-dir/MiniOzoneClusterImpl-07aed8b0-4e05-46c5-ad79-a4210fff6c42/datanode-3/data/ratis/35077f84-7373-43d2-9e91-d26ebadc6ba2 does not exist. Creating ...
2019-09-19 16:58:09,659 [pool-60-thread-1] INFO  storage.RaftStorageDirectory (RaftStorageDirectory.java:tryLock(328)) - Lock on /workdir/hadoop-ozone/tools/target/test-dir/MiniOzoneClusterImpl-07aed8b0-4e05-46c5-ad79-a4210fff6c42/datanode-3/data/ratis/35077f84-7373-43d2-9e91-d26ebadc6ba2/in_use.lock acquired by nodename 22412@pr-hdds-1569-swxfz-3172132826
2019-09-19 16:58:09,660 | INFO  | SCMAudit | user=jenkins1000 | ip=192.168.157.226 | op=SEND_HEARTBEAT {datanodeUUID=293fb764-8d0a-4a2a-b0d4-e27863ca0d27, command=[]} | ret=SUCCESS |  
2019-09-19 16:58:09,673 [pool-60-thread-1] INFO  storage.RaftStorage (RaftStorage.java:format(72)) - Storage directory /workdir/hadoop-ozone/tools/target/test-dir/MiniOzoneClusterImpl-07aed8b0-4e05-46c5-ad79-a4210fff6c42/datanode-3/data/ratis/35077f84-7373-43d2-9e91-d26ebadc6ba2 has been successfully formatted.
2019-09-19 16:58:09,673 [pool-60-thread-1] INFO  ratis.ContainerStateMachine (ContainerStateMachine.java:loadSnapshot(226)) - group-D26EBADC6BA2: The snapshot info is null. Setting the last applied indexto:(t:0, i:~)
2019-09-19 16:58:09,674 [pool-60-thread-1] INFO  server.RaftServerConfigKeys (ConfUtils.java:logGet(43)) - raft.server.leader.election.timeout = 120s (custom)
2019-09-19 16:58:09,674 [pool-60-thread-1] INFO  server.RaftServerConfigKeys (ConfUtils.java:logGet(43)) - raft.server.log.use.memory = false (default)
2019-09-19 16:58:09,674 [pool-60-thread-1] INFO  server.RaftServerConfigKeys (ConfUtils.java:logGet(43)) - raft.server.log.purge.gap = 1000000 (custom)
2019-09-19 16:58:09,674 [pool-60-thread-1] INFO  server.RaftServerConfigKeys (ConfUtils.java:logGet(43)) - raft.server.log.appender.buffer.byte-limit = 33554432 (custom)
2019-09-19 16:58:09,674 [pool-60-thread-1] INFO  server.RaftServerConfigKeys (ConfUtils.java:logGet(43)) - raft.server.log.segment.size.max = 1048576 (custom)
2019-09-19 16:58:09,674 [pool-60-thread-1] INFO  server.RaftServerConfigKeys (ConfUtils.java:logGet(43)) - raft.server.log.segment.cache.num.max = 2 (custom)
2019-09-19 16:58:09,674 [pool-60-thread-1] INFO  segmented.SegmentedRaftLogWorker (SegmentedRaftLogWorker.java:<init>(172)) - new b4d11adf-473e-4712-a75b-8cc25b77f0f4-SegmentedRaftLogWorker:Storage Directory /workdir/hadoop-ozone/tools/target/test-dir/MiniOzoneClusterImpl-07aed8b0-4e05-46c5-ad79-a4210fff6c42/datanode-3/data/ratis/35077f84-7373-43d2-9e91-d26ebadc6ba2 for RaftStorage:Storage Directory /workdir/hadoop-ozone/tools/target/test-dir/MiniOzoneClusterImpl-07aed8b0-4e05-46c5-ad79-a4210fff6c42/datanode-3/data/ratis/35077f84-7373-43d2-9e91-d26ebadc6ba2
2019-09-19 16:58:09,674 [pool-60-thread-1] INFO  server.RaftServerConfigKeys (ConfUtils.java:logGet(43)) - raft.server.log.queue.byte-limit = 2147483647 (custom)
2019-09-19 16:58:09,674 [pool-60-thread-1] INFO  server.RaftServerConfigKeys (ConfUtils.java:logGet(43)) - raft.server.log.queue.element-limit = 1024 (custom)
2019-09-19 16:58:09,675 [pool-60-thread-1] INFO  server.RaftServerConfigKeys (ConfUtils.java:logGet(43)) - raft.server.log.segment.size.max = 1048576 (custom)
2019-09-19 16:58:09,675 [pool-60-thread-1] INFO  server.RaftServerConfigKeys (ConfUtils.java:logGet(43)) - raft.server.log.preallocated.size = 16384 (custom)
2019-09-19 16:58:09,675 [pool-60-thread-1] INFO  server.RaftServerConfigKeys (ConfUtils.java:logGet(43)) - raft.server.log.write.buffer.size = 33554432 (custom)
2019-09-19 16:58:09,675 [pool-60-thread-1] INFO  server.RaftServerConfigKeys (ConfUtils.java:logGet(43)) - raft.server.log.force.sync.num = 128 (default)
2019-09-19 16:58:09,675 [pool-60-thread-1] INFO  server.RaftServerConfigKeys (ConfUtils.java:logGet(43)) - raft.server.log.statemachine.data.sync = true (default)
2019-09-19 16:58:09,675 [pool-60-thread-1] INFO  server.RaftServerConfigKeys (ConfUtils.java:logGet(43)) - raft.server.log.statemachine.data.sync.timeout = 10s (default)
2019-09-19 16:58:09,675 [pool-60-thread-1] INFO  server.RaftServerConfigKeys (ConfUtils.java:logGet(43)) - raft.server.log.statemachine.data.sync.timeout.retry = -1 (default)
2019-09-19 16:58:09,675 [pool-60-thread-1] INFO  server.RaftServerConfigKeys (ConfUtils.java:logGet(43)) - raft.server.log.statemachine.data.caching.enabled = true (custom)
2019-09-19 16:58:09,676 [pool-60-thread-1] INFO  segmented.SegmentedRaftLogWorker (SegmentedRaftLogWorker.java:lambda$new$0(132)) - b4d11adf-473e-4712-a75b-8cc25b77f0f4-SegmentedRaftLogWorker:Storage Directory /workdir/hadoop-ozone/tools/target/test-dir/MiniOzoneClusterImpl-07aed8b0-4e05-46c5-ad79-a4210fff6c42/datanode-3/data/ratis/35077f84-7373-43d2-9e91-d26ebadc6ba2: flushIndex: setUnconditionally 0 -> -1
2019-09-19 16:58:09,676 [pool-60-thread-1] INFO  server.RaftServerConfigKeys (ConfUtils.java:logGet(43)) - raft.server.snapshot.auto.trigger.enabled = true (custom)
2019-09-19 16:58:09,676 [pool-60-thread-1] INFO  server.RaftServerConfigKeys (ConfUtils.java:logGet(43)) - raft.server.snapshot.auto.trigger.threshold = 10000 (custom)
2019-09-19 16:58:09,676 [pool-60-thread-1] INFO  server.RaftServerConfigKeys (ConfUtils.java:logGet(43)) - raft.server.retrycache.expirytime = 600000ms (custom)
2019-09-19 16:58:09,676 [pool-60-thread-1] INFO  impl.RaftServerImpl (RaftServerImpl.java:start(180)) - b4d11adf-473e-4712-a75b-8cc25b77f0f4: start group-D26EBADC6BA2
2019-09-19 16:58:09,676 [pool-60-thread-1] INFO  impl.RaftServerImpl (RaftServerImpl.java:setRole(171)) - b4d11adf-473e-4712-a75b-8cc25b77f0f4:group-D26EBADC6BA2 changes role from null to FOLLOWER at term 0 for startAsFollower
2019-09-19 16:58:09,676 [pool-60-thread-1] INFO  impl.RoleInfo (RoleInfo.java:updateAndGet(143)) - b4d11adf-473e-4712-a75b-8cc25b77f0f4: start FollowerState
2019-09-19 16:58:09,677 [pool-60-thread-1] INFO  util.JmxRegister (JmxRegister.java:tryRegister(44)) - Successfully registered JMX Bean with object name Ratis:service=RaftServer,group=group-D26EBADC6BA2,id=b4d11adf-473e-4712-a75b-8cc25b77f0f4
2019-09-19 16:58:09,682 [RatisPipelineUtilsThread] INFO  pipeline.PipelineStateManager (PipelineStateManager.java:addPipeline(56)) - Created pipeline Pipeline[ Id: 35077f84-7373-43d2-9e91-d26ebadc6ba2, Nodes: b4d11adf-473e-4712-a75b-8cc25b77f0f4{ip: 192.168.157.226, host: pr-hdds-1569-swxfz-3172132826, networkLocation: /default-rack, certSerialId: null}, Type:RATIS, Factor:ONE, State:OPEN]
2019-09-19 16:58:09,684 [RatisPipelineUtilsThread] ERROR pipeline.PipelinePlacementPolicy (PipelinePlacementPolicy.java:meetCriteria(91)) - Pipeline Placement: Doesn't meet the criteria to be viable node. Heaviness: 6
2019-09-19 16:58:09,684 [RatisPipelineUtilsThread] ERROR pipeline.PipelinePlacementPolicy (PipelinePlacementPolicy.java:meetCriteria(91)) - Pipeline Placement: Doesn't meet the criteria to be viable node. Heaviness: 6
2019-09-19 16:58:09,684 [RatisPipelineUtilsThread] ERROR pipeline.PipelinePlacementPolicy (PipelinePlacementPolicy.java:meetCriteria(91)) - Pipeline Placement: Doesn't meet the criteria to be viable node. Heaviness: 6
2019-09-19 16:58:09,684 [RatisPipelineUtilsThread] ERROR pipeline.PipelinePlacementPolicy (PipelinePlacementPolicy.java:meetCriteria(91)) - Pipeline Placement: Doesn't meet the criteria to be viable node. Heaviness: 6
2019-09-19 16:58:09,694 [grpc-default-executor-0] INFO  impl.RaftServerProxy (RaftServerProxy.java:addNew(89)) - b4d11adf-473e-4712-a75b-8cc25b77f0f4: addNew group-DD1CA8AC2534:[b4d11adf-473e-4712-a75b-8cc25b77f0f4:192.168.157.226:36538] returns group-DD1CA8AC2534:java.util.concurrent.CompletableFuture@7d1f1509[Not completed]
2019-09-19 16:58:09,696 [pool-60-thread-1] INFO  impl.RaftServerImpl (RaftServerImpl.java:<init>(93)) - b4d11adf-473e-4712-a75b-8cc25b77f0f4: new RaftServerImpl for group-DD1CA8AC2534:[b4d11adf-473e-4712-a75b-8cc25b77f0f4:192.168.157.226:36538] with ContainerStateMachine:uninitialized
2019-09-19 16:58:09,696 [pool-60-thread-1] INFO  server.RaftServerConfigKeys (ConfUtils.java:logGet(43)) - raft.server.rpc.timeout.min = 5s (custom)
2019-09-19 16:58:09,696 [pool-60-thread-1] INFO  server.RaftServerConfigKeys (ConfUtils.java:logGet(43)) - raft.server.rpc.timeout.max = 5200ms (custom)
2019-09-19 16:58:09,696 [pool-60-thread-1] INFO  server.RaftServerConfigKeys (ConfUtils.java:logGet(43)) - raft.server.rpcslowness.timeout = 120s (custom)
2019-09-19 16:58:09,696 [pool-60-thread-1] INFO  server.RaftServerConfigKeys (ConfUtils.java:logGet(43)) - raft.server.sleep.deviation.threshold = 300 (default)
2019-09-19 16:58:09,696 [pool-60-thread-1] INFO  server.RaftServerConfigKeys (ConfUtils.java:logGet(43)) - raft.server.log.appender.install.snapshot.enabled = false (custom)
2019-09-19 16:58:09,697 [pool-60-thread-1] INFO  impl.RaftServerImpl (ServerState.java:<init>(105)) - b4d11adf-473e-4712-a75b-8cc25b77f0f4:group-DD1CA8AC2534 ConfigurationManager, init=-1: [b4d11adf-473e-4712-a75b-8cc25b77f0f4:192.168.157.226:36538], old=null, confs=<EMPTY_MAP>
2019-09-19 16:58:09,697 [pool-60-thread-1] INFO  server.RaftServerConfigKeys (ConfUtils.java:logGet(43)) - raft.server.storage.dir = [/workdir/hadoop-ozone/tools/target/test-dir/MiniOzoneClusterImpl-07aed8b0-4e05-46c5-ad79-a4210fff6c42/datanode-3/data/ratis] (custom)
2019-09-19 16:58:09,697 [pool-60-thread-1] INFO  storage.RaftStorageDirectory (RaftStorageDirectory.java:analyzeStorage(246)) - The storage directory /workdir/hadoop-ozone/tools/target/test-dir/MiniOzoneClusterImpl-07aed8b0-4e05-46c5-ad79-a4210fff6c42/datanode-3/data/ratis/730ea8f9-8c50-4679-b59a-dd1ca8ac2534 does not exist. Creating ...
2019-09-19 16:58:09,711 [pool-60-thread-1] INFO  storage.RaftStorageDirectory (RaftStorageDirectory.java:tryLock(328)) - Lock on /workdir/hadoop-ozone/tools/target/test-dir/MiniOzoneClusterImpl-07aed8b0-4e05-46c5-ad79-a4210fff6c42/datanode-3/data/ratis/730ea8f9-8c50-4679-b59a-dd1ca8ac2534/in_use.lock acquired by nodename 22412@pr-hdds-1569-swxfz-3172132826
2019-09-19 16:58:09,725 [pool-60-thread-1] INFO  storage.RaftStorage (RaftStorage.java:format(72)) - Storage directory /workdir/hadoop-ozone/tools/target/test-dir/MiniOzoneClusterImpl-07aed8b0-4e05-46c5-ad79-a4210fff6c42/datanode-3/data/ratis/730ea8f9-8c50-4679-b59a-dd1ca8ac2534 has been successfully formatted.
2019-09-19 16:58:09,725 [pool-60-thread-1] INFO  ratis.ContainerStateMachine (ContainerStateMachine.java:loadSnapshot(226)) - group-DD1CA8AC2534: The snapshot info is null. Setting the last applied indexto:(t:0, i:~)
2019-09-19 16:58:09,725 [pool-60-thread-1] INFO  server.RaftServerConfigKeys (ConfUtils.java:logGet(43)) - raft.server.leader.election.timeout = 120s (custom)
2019-09-19 16:58:09,725 [pool-60-thread-1] INFO  server.RaftServerConfigKeys (ConfUtils.java:logGet(43)) - raft.server.log.use.memory = false (default)
2019-09-19 16:58:09,725 [pool-60-thread-1] INFO  server.RaftServerConfigKeys (ConfUtils.java:logGet(43)) - raft.server.log.purge.gap = 1000000 (custom)
2019-09-19 16:58:09,725 [pool-60-thread-1] INFO  server.RaftServerConfigKeys (ConfUtils.java:logGet(43)) - raft.server.log.appender.buffer.byte-limit = 33554432 (custom)
2019-09-19 16:58:09,726 [pool-60-thread-1] INFO  server.RaftServerConfigKeys (ConfUtils.java:logGet(43)) - raft.server.log.segment.size.max = 1048576 (custom)
2019-09-19 16:58:09,726 [pool-60-thread-1] INFO  server.RaftServerConfigKeys (ConfUtils.java:logGet(43)) - raft.server.log.segment.cache.num.max = 2 (custom)
2019-09-19 16:58:09,726 [pool-60-thread-1] INFO  segmented.SegmentedRaftLogWorker (SegmentedRaftLogWorker.java:<init>(172)) - new b4d11adf-473e-4712-a75b-8cc25b77f0f4-SegmentedRaftLogWorker:Storage Directory /workdir/hadoop-ozone/tools/target/test-dir/MiniOzoneClusterImpl-07aed8b0-4e05-46c5-ad79-a4210fff6c42/datanode-3/data/ratis/730ea8f9-8c50-4679-b59a-dd1ca8ac2534 for RaftStorage:Storage Directory /workdir/hadoop-ozone/tools/target/test-dir/MiniOzoneClusterImpl-07aed8b0-4e05-46c5-ad79-a4210fff6c42/datanode-3/data/ratis/730ea8f9-8c50-4679-b59a-dd1ca8ac2534
2019-09-19 16:58:09,726 [pool-60-thread-1] INFO  server.RaftServerConfigKeys (ConfUtils.java:logGet(43)) - raft.server.log.queue.byte-limit = 2147483647 (custom)
2019-09-19 16:58:09,726 [pool-60-thread-1] INFO  server.RaftServerConfigKeys (ConfUtils.java:logGet(43)) - raft.server.log.queue.element-limit = 1024 (custom)
2019-09-19 16:58:09,726 [pool-60-thread-1] INFO  server.RaftServerConfigKeys (ConfUtils.java:logGet(43)) - raft.server.log.segment.size.max = 1048576 (custom)
2019-09-19 16:58:09,726 [pool-60-thread-1] INFO  server.RaftServerConfigKeys (ConfUtils.java:logGet(43)) - raft.server.log.preallocated.size = 16384 (custom)
2019-09-19 16:58:09,726 [pool-60-thread-1] INFO  server.RaftServerConfigKeys (ConfUtils.java:logGet(43)) - raft.server.log.write.buffer.size = 33554432 (custom)
2019-09-19 16:58:09,726 [pool-60-thread-1] INFO  server.RaftServerConfigKeys (ConfUtils.java:logGet(43)) - raft.server.log.force.sync.num = 128 (default)
2019-09-19 16:58:09,727 [pool-60-thread-1] INFO  server.RaftServerConfigKeys (ConfUtils.java:logGet(43)) - raft.server.log.statemachine.data.sync = true (default)
2019-09-19 16:58:09,727 [pool-60-thread-1] INFO  server.RaftServerConfigKeys (ConfUtils.java:logGet(43)) - raft.server.log.statemachine.data.sync.timeout = 10s (default)
2019-09-19 16:58:09,727 [pool-60-thread-1] INFO  server.RaftServerConfigKeys (ConfUtils.java:logGet(43)) - raft.server.log.statemachine.data.sync.timeout.retry = -1 (default)
2019-09-19 16:58:09,727 [pool-60-thread-1] INFO  server.RaftServerConfigKeys (ConfUtils.java:logGet(43)) - raft.server.log.statemachine.data.caching.enabled = true (custom)
2019-09-19 16:58:09,727 [pool-60-thread-1] INFO  segmented.SegmentedRaftLogWorker (SegmentedRaftLogWorker.java:lambda$new$0(132)) - b4d11adf-473e-4712-a75b-8cc25b77f0f4-SegmentedRaftLogWorker:Storage Directory /workdir/hadoop-ozone/tools/target/test-dir/MiniOzoneClusterImpl-07aed8b0-4e05-46c5-ad79-a4210fff6c42/datanode-3/data/ratis/730ea8f9-8c50-4679-b59a-dd1ca8ac2534: flushIndex: setUnconditionally 0 -> -1
2019-09-19 16:58:09,728 [pool-60-thread-1] INFO  server.RaftServerConfigKeys (ConfUtils.java:logGet(43)) - raft.server.snapshot.auto.trigger.enabled = true (custom)
2019-09-19 16:58:09,728 [pool-60-thread-1] INFO  server.RaftServerConfigKeys (ConfUtils.java:logGet(43)) - raft.server.snapshot.auto.trigger.threshold = 10000 (custom)
2019-09-19 16:58:09,728 [pool-60-thread-1] INFO  server.RaftServerConfigKeys (ConfUtils.java:logGet(43)) - raft.server.retrycache.expirytime = 600000ms (custom)
2019-09-19 16:58:09,728 [pool-60-thread-1] INFO  impl.RaftServerImpl (RaftServerImpl.java:start(180)) - b4d11adf-473e-4712-a75b-8cc25b77f0f4: start group-DD1CA8AC2534
2019-09-19 16:58:09,728 [pool-60-thread-1] INFO  impl.RaftServerImpl (RaftServerImpl.java:setRole(171)) - b4d11adf-473e-4712-a75b-8cc25b77f0f4:group-DD1CA8AC2534 changes role from null to FOLLOWER at term 0 for startAsFollower
2019-09-19 16:58:09,728 [pool-60-thread-1] INFO  impl.RoleInfo (RoleInfo.java:updateAndGet(143)) - b4d11adf-473e-4712-a75b-8cc25b77f0f4: start FollowerState
2019-09-19 16:58:09,729 [pool-60-thread-1] INFO  util.JmxRegister (JmxRegister.java:tryRegister(44)) - Successfully registered JMX Bean with object name Ratis:service=RaftServer,group=group-DD1CA8AC2534,id=b4d11adf-473e-4712-a75b-8cc25b77f0f4
2019-09-19 16:58:09,734 [RatisPipelineUtilsThread] INFO  pipeline.PipelineStateManager (PipelineStateManager.java:addPipeline(56)) - Created pipeline Pipeline[ Id: 730ea8f9-8c50-4679-b59a-dd1ca8ac2534, Nodes: b4d11adf-473e-4712-a75b-8cc25b77f0f4{ip: 192.168.157.226, host: pr-hdds-1569-swxfz-3172132826, networkLocation: /default-rack, certSerialId: null}, Type:RATIS, Factor:ONE, State:OPEN]
2019-09-19 16:58:09,736 [RatisPipelineUtilsThread] ERROR pipeline.PipelinePlacementPolicy (PipelinePlacementPolicy.java:meetCriteria(91)) - Pipeline Placement: Doesn't meet the criteria to be viable node. Heaviness: 6
2019-09-19 16:58:09,736 [RatisPipelineUtilsThread] ERROR pipeline.PipelinePlacementPolicy (PipelinePlacementPolicy.java:meetCriteria(91)) - Pipeline Placement: Doesn't meet the criteria to be viable node. Heaviness: 6
2019-09-19 16:58:09,736 [RatisPipelineUtilsThread] ERROR pipeline.PipelinePlacementPolicy (PipelinePlacementPolicy.java:meetCriteria(91)) - Pipeline Placement: Doesn't meet the criteria to be viable node. Heaviness: 6
2019-09-19 16:58:09,737 [RatisPipelineUtilsThread] ERROR pipeline.PipelinePlacementPolicy (PipelinePlacementPolicy.java:meetCriteria(91)) - Pipeline Placement: Doesn't meet the criteria to be viable node. Heaviness: 6
2019-09-19 16:58:09,746 [grpc-default-executor-0] INFO  impl.RaftServerProxy (RaftServerProxy.java:addNew(89)) - b4d11adf-473e-4712-a75b-8cc25b77f0f4: addNew group-1751A56FF375:[b4d11adf-473e-4712-a75b-8cc25b77f0f4:192.168.157.226:36538] returns group-1751A56FF375:java.util.concurrent.CompletableFuture@62ee0f77[Not completed]
2019-09-19 16:58:09,747 [pool-60-thread-1] INFO  impl.RaftServerImpl (RaftServerImpl.java:<init>(93)) - b4d11adf-473e-4712-a75b-8cc25b77f0f4: new RaftServerImpl for group-1751A56FF375:[b4d11adf-473e-4712-a75b-8cc25b77f0f4:192.168.157.226:36538] with ContainerStateMachine:uninitialized
2019-09-19 16:58:09,747 [pool-60-thread-1] INFO  server.RaftServerConfigKeys (ConfUtils.java:logGet(43)) - raft.server.rpc.timeout.min = 5s (custom)
2019-09-19 16:58:09,748 [pool-60-thread-1] INFO  server.RaftServerConfigKeys (ConfUtils.java:logGet(43)) - raft.server.rpc.timeout.max = 5200ms (custom)
2019-09-19 16:58:09,748 [pool-60-thread-1] INFO  server.RaftServerConfigKeys (ConfUtils.java:logGet(43)) - raft.server.rpcslowness.timeout = 120s (custom)
2019-09-19 16:58:09,748 [pool-60-thread-1] INFO  server.RaftServerConfigKeys (ConfUtils.java:logGet(43)) - raft.server.sleep.deviation.threshold = 300 (default)
2019-09-19 16:58:09,748 [pool-60-thread-1] INFO  server.RaftServerConfigKeys (ConfUtils.java:logGet(43)) - raft.server.log.appender.install.snapshot.enabled = false (custom)
2019-09-19 16:58:09,748 [pool-60-thread-1] INFO  impl.RaftServerImpl (ServerState.java:<init>(105)) - b4d11adf-473e-4712-a75b-8cc25b77f0f4:group-1751A56FF375 ConfigurationManager, init=-1: [b4d11adf-473e-4712-a75b-8cc25b77f0f4:192.168.157.226:36538], old=null, confs=<EMPTY_MAP>
2019-09-19 16:58:09,748 [pool-60-thread-1] INFO  server.RaftServerConfigKeys (ConfUtils.java:logGet(43)) - raft.server.storage.dir = [/workdir/hadoop-ozone/tools/target/test-dir/MiniOzoneClusterImpl-07aed8b0-4e05-46c5-ad79-a4210fff6c42/datanode-3/data/ratis] (custom)
2019-09-19 16:58:09,749 [pool-60-thread-1] INFO  storage.RaftStorageDirectory (RaftStorageDirectory.java:analyzeStorage(246)) - The storage directory /workdir/hadoop-ozone/tools/target/test-dir/MiniOzoneClusterImpl-07aed8b0-4e05-46c5-ad79-a4210fff6c42/datanode-3/data/ratis/c96418e6-28cf-48dc-8deb-1751a56ff375 does not exist. Creating ...
2019-09-19 16:58:09,761 [pool-60-thread-1] INFO  storage.RaftStorageDirectory (RaftStorageDirectory.java:tryLock(328)) - Lock on /workdir/hadoop-ozone/tools/target/test-dir/MiniOzoneClusterImpl-07aed8b0-4e05-46c5-ad79-a4210fff6c42/datanode-3/data/ratis/c96418e6-28cf-48dc-8deb-1751a56ff375/in_use.lock acquired by nodename 22412@pr-hdds-1569-swxfz-3172132826
2019-09-19 16:58:09,774 [pool-60-thread-1] INFO  storage.RaftStorage (RaftStorage.java:format(72)) - Storage directory /workdir/hadoop-ozone/tools/target/test-dir/MiniOzoneClusterImpl-07aed8b0-4e05-46c5-ad79-a4210fff6c42/datanode-3/data/ratis/c96418e6-28cf-48dc-8deb-1751a56ff375 has been successfully formatted.
2019-09-19 16:58:09,774 [pool-60-thread-1] INFO  ratis.ContainerStateMachine (ContainerStateMachine.java:loadSnapshot(226)) - group-1751A56FF375: The snapshot info is null. Setting the last applied indexto:(t:0, i:~)
2019-09-19 16:58:09,774 [pool-60-thread-1] INFO  server.RaftServerConfigKeys (ConfUtils.java:logGet(43)) - raft.server.leader.election.timeout = 120s (custom)
2019-09-19 16:58:09,774 [pool-60-thread-1] INFO  server.RaftServerConfigKeys (ConfUtils.java:logGet(43)) - raft.server.log.use.memory = false (default)
2019-09-19 16:58:09,774 [pool-60-thread-1] INFO  server.RaftServerConfigKeys (ConfUtils.java:logGet(43)) - raft.server.log.purge.gap = 1000000 (custom)
2019-09-19 16:58:09,775 [pool-60-thread-1] INFO  server.RaftServerConfigKeys (ConfUtils.java:logGet(43)) - raft.server.log.appender.buffer.byte-limit = 33554432 (custom)
2019-09-19 16:58:09,775 [pool-60-thread-1] INFO  server.RaftServerConfigKeys (ConfUtils.java:logGet(43)) - raft.server.log.segment.size.max = 1048576 (custom)
2019-09-19 16:58:09,775 [pool-60-thread-1] INFO  server.RaftServerConfigKeys (ConfUtils.java:logGet(43)) - raft.server.log.segment.cache.num.max = 2 (custom)
2019-09-19 16:58:09,775 [pool-60-thread-1] INFO  segmented.SegmentedRaftLogWorker (SegmentedRaftLogWorker.java:<init>(172)) - new b4d11adf-473e-4712-a75b-8cc25b77f0f4-SegmentedRaftLogWorker:Storage Directory /workdir/hadoop-ozone/tools/target/test-dir/MiniOzoneClusterImpl-07aed8b0-4e05-46c5-ad79-a4210fff6c42/datanode-3/data/ratis/c96418e6-28cf-48dc-8deb-1751a56ff375 for RaftStorage:Storage Directory /workdir/hadoop-ozone/tools/target/test-dir/MiniOzoneClusterImpl-07aed8b0-4e05-46c5-ad79-a4210fff6c42/datanode-3/data/ratis/c96418e6-28cf-48dc-8deb-1751a56ff375
2019-09-19 16:58:09,775 [pool-60-thread-1] INFO  server.RaftServerConfigKeys (ConfUtils.java:logGet(43)) - raft.server.log.queue.byte-limit = 2147483647 (custom)
2019-09-19 16:58:09,775 [pool-60-thread-1] INFO  server.RaftServerConfigKeys (ConfUtils.java:logGet(43)) - raft.server.log.queue.element-limit = 1024 (custom)
2019-09-19 16:58:09,775 [pool-60-thread-1] INFO  server.RaftServerConfigKeys (ConfUtils.java:logGet(43)) - raft.server.log.segment.size.max = 1048576 (custom)
2019-09-19 16:58:09,775 [pool-60-thread-1] INFO  server.RaftServerConfigKeys (ConfUtils.java:logGet(43)) - raft.server.log.preallocated.size = 16384 (custom)
2019-09-19 16:58:09,776 [pool-60-thread-1] INFO  server.RaftServerConfigKeys (ConfUtils.java:logGet(43)) - raft.server.log.write.buffer.size = 33554432 (custom)
2019-09-19 16:58:09,776 [pool-60-thread-1] INFO  server.RaftServerConfigKeys (ConfUtils.java:logGet(43)) - raft.server.log.force.sync.num = 128 (default)
2019-09-19 16:58:09,776 [pool-60-thread-1] INFO  server.RaftServerConfigKeys (ConfUtils.java:logGet(43)) - raft.server.log.statemachine.data.sync = true (default)
2019-09-19 16:58:09,776 [pool-60-thread-1] INFO  server.RaftServerConfigKeys (ConfUtils.java:logGet(43)) - raft.server.log.statemachine.data.sync.timeout = 10s (default)
2019-09-19 16:58:09,776 [pool-60-thread-1] INFO  server.RaftServerConfigKeys (ConfUtils.java:logGet(43)) - raft.server.log.statemachine.data.sync.timeout.retry = -1 (default)
2019-09-19 16:58:09,776 [pool-60-thread-1] INFO  server.RaftServerConfigKeys (ConfUtils.java:logGet(43)) - raft.server.log.statemachine.data.caching.enabled = true (custom)
2019-09-19 16:58:09,777 [pool-60-thread-1] INFO  segmented.SegmentedRaftLogWorker (SegmentedRaftLogWorker.java:lambda$new$0(132)) - b4d11adf-473e-4712-a75b-8cc25b77f0f4-SegmentedRaftLogWorker:Storage Directory /workdir/hadoop-ozone/tools/target/test-dir/MiniOzoneClusterImpl-07aed8b0-4e05-46c5-ad79-a4210fff6c42/datanode-3/data/ratis/c96418e6-28cf-48dc-8deb-1751a56ff375: flushIndex: setUnconditionally 0 -> -1
2019-09-19 16:58:09,777 [pool-60-thread-1] INFO  server.RaftServerConfigKeys (ConfUtils.java:logGet(43)) - raft.server.snapshot.auto.trigger.enabled = true (custom)
2019-09-19 16:58:09,777 [pool-60-thread-1] INFO  server.RaftServerConfigKeys (ConfUtils.java:logGet(43)) - raft.server.snapshot.auto.trigger.threshold = 10000 (custom)
2019-09-19 16:58:09,777 [pool-60-thread-1] INFO  server.RaftServerConfigKeys (ConfUtils.java:logGet(43)) - raft.server.retrycache.expirytime = 600000ms (custom)
2019-09-19 16:58:09,778 [pool-60-thread-1] INFO  impl.RaftServerImpl (RaftServerImpl.java:start(180)) - b4d11adf-473e-4712-a75b-8cc25b77f0f4: start group-1751A56FF375
2019-09-19 16:58:09,778 [pool-60-thread-1] INFO  impl.RaftServerImpl (RaftServerImpl.java:setRole(171)) - b4d11adf-473e-4712-a75b-8cc25b77f0f4:group-1751A56FF375 changes role from null to FOLLOWER at term 0 for startAsFollower
2019-09-19 16:58:09,778 [pool-60-thread-1] INFO  impl.RoleInfo (RoleInfo.java:updateAndGet(143)) - b4d11adf-473e-4712-a75b-8cc25b77f0f4: start FollowerState
2019-09-19 16:58:09,778 [pool-60-thread-1] INFO  util.JmxRegister (JmxRegister.java:tryRegister(44)) - Successfully registered JMX Bean with object name Ratis:service=RaftServer,group=group-1751A56FF375,id=b4d11adf-473e-4712-a75b-8cc25b77f0f4
2019-09-19 16:58:09,784 [RatisPipelineUtilsThread] INFO  pipeline.PipelineStateManager (PipelineStateManager.java:addPipeline(56)) - Created pipeline Pipeline[ Id: c96418e6-28cf-48dc-8deb-1751a56ff375, Nodes: b4d11adf-473e-4712-a75b-8cc25b77f0f4{ip: 192.168.157.226, host: pr-hdds-1569-swxfz-3172132826, networkLocation: /default-rack, certSerialId: null}, Type:RATIS, Factor:ONE, State:OPEN]
2019-09-19 16:58:09,786 [RatisPipelineUtilsThread] ERROR pipeline.PipelinePlacementPolicy (PipelinePlacementPolicy.java:meetCriteria(91)) - Pipeline Placement: Doesn't meet the criteria to be viable node. Heaviness: 6
2019-09-19 16:58:09,786 [RatisPipelineUtilsThread] ERROR pipeline.PipelinePlacementPolicy (PipelinePlacementPolicy.java:meetCriteria(91)) - Pipeline Placement: Doesn't meet the criteria to be viable node. Heaviness: 6
2019-09-19 16:58:09,786 [RatisPipelineUtilsThread] ERROR pipeline.PipelinePlacementPolicy (PipelinePlacementPolicy.java:meetCriteria(91)) - Pipeline Placement: Doesn't meet the criteria to be viable node. Heaviness: 6
2019-09-19 16:58:09,786 [RatisPipelineUtilsThread] ERROR pipeline.PipelinePlacementPolicy (PipelinePlacementPolicy.java:meetCriteria(91)) - Pipeline Placement: Doesn't meet the criteria to be viable node. Heaviness: 6
2019-09-19 16:58:09,795 [grpc-default-executor-0] INFO  impl.RaftServerProxy (RaftServerProxy.java:addNew(89)) - b4d11adf-473e-4712-a75b-8cc25b77f0f4: addNew group-43E320AB38BD:[b4d11adf-473e-4712-a75b-8cc25b77f0f4:192.168.157.226:36538] returns group-43E320AB38BD:java.util.concurrent.CompletableFuture@20b54df1[Not completed]
2019-09-19 16:58:09,797 [pool-60-thread-1] INFO  impl.RaftServerImpl (RaftServerImpl.java:<init>(93)) - b4d11adf-473e-4712-a75b-8cc25b77f0f4: new RaftServerImpl for group-43E320AB38BD:[b4d11adf-473e-4712-a75b-8cc25b77f0f4:192.168.157.226:36538] with ContainerStateMachine:uninitialized
2019-09-19 16:58:09,797 [pool-60-thread-1] INFO  server.RaftServerConfigKeys (ConfUtils.java:logGet(43)) - raft.server.rpc.timeout.min = 5s (custom)
2019-09-19 16:58:09,797 [pool-60-thread-1] INFO  server.RaftServerConfigKeys (ConfUtils.java:logGet(43)) - raft.server.rpc.timeout.max = 5200ms (custom)
2019-09-19 16:58:09,797 [pool-60-thread-1] INFO  server.RaftServerConfigKeys (ConfUtils.java:logGet(43)) - raft.server.rpcslowness.timeout = 120s (custom)
2019-09-19 16:58:09,797 [pool-60-thread-1] INFO  server.RaftServerConfigKeys (ConfUtils.java:logGet(43)) - raft.server.sleep.deviation.threshold = 300 (default)
2019-09-19 16:58:09,797 [pool-60-thread-1] INFO  server.RaftServerConfigKeys (ConfUtils.java:logGet(43)) - raft.server.log.appender.install.snapshot.enabled = false (custom)
2019-09-19 16:58:09,797 [pool-60-thread-1] INFO  impl.RaftServerImpl (ServerState.java:<init>(105)) - b4d11adf-473e-4712-a75b-8cc25b77f0f4:group-43E320AB38BD ConfigurationManager, init=-1: [b4d11adf-473e-4712-a75b-8cc25b77f0f4:192.168.157.226:36538], old=null, confs=<EMPTY_MAP>
2019-09-19 16:58:09,798 [pool-60-thread-1] INFO  server.RaftServerConfigKeys (ConfUtils.java:logGet(43)) - raft.server.storage.dir = [/workdir/hadoop-ozone/tools/target/test-dir/MiniOzoneClusterImpl-07aed8b0-4e05-46c5-ad79-a4210fff6c42/datanode-3/data/ratis] (custom)
2019-09-19 16:58:09,798 [pool-60-thread-1] INFO  storage.RaftStorageDirectory (RaftStorageDirectory.java:analyzeStorage(246)) - The storage directory /workdir/hadoop-ozone/tools/target/test-dir/MiniOzoneClusterImpl-07aed8b0-4e05-46c5-ad79-a4210fff6c42/datanode-3/data/ratis/c980a62e-b063-410f-b7b6-43e320ab38bd does not exist. Creating ...
2019-09-19 16:58:09,810 [pool-60-thread-1] INFO  storage.RaftStorageDirectory (RaftStorageDirectory.java:tryLock(328)) - Lock on /workdir/hadoop-ozone/tools/target/test-dir/MiniOzoneClusterImpl-07aed8b0-4e05-46c5-ad79-a4210fff6c42/datanode-3/data/ratis/c980a62e-b063-410f-b7b6-43e320ab38bd/in_use.lock acquired by nodename 22412@pr-hdds-1569-swxfz-3172132826
2019-09-19 16:58:09,831 [pool-60-thread-1] INFO  storage.RaftStorage (RaftStorage.java:format(72)) - Storage directory /workdir/hadoop-ozone/tools/target/test-dir/MiniOzoneClusterImpl-07aed8b0-4e05-46c5-ad79-a4210fff6c42/datanode-3/data/ratis/c980a62e-b063-410f-b7b6-43e320ab38bd has been successfully formatted.
2019-09-19 16:58:09,831 [pool-60-thread-1] INFO  ratis.ContainerStateMachine (ContainerStateMachine.java:loadSnapshot(226)) - group-43E320AB38BD: The snapshot info is null. Setting the last applied indexto:(t:0, i:~)
2019-09-19 16:58:09,831 [pool-60-thread-1] INFO  server.RaftServerConfigKeys (ConfUtils.java:logGet(43)) - raft.server.leader.election.timeout = 120s (custom)
2019-09-19 16:58:09,831 [pool-60-thread-1] INFO  server.RaftServerConfigKeys (ConfUtils.java:logGet(43)) - raft.server.log.use.memory = false (default)
2019-09-19 16:58:09,832 [pool-60-thread-1] INFO  server.RaftServerConfigKeys (ConfUtils.java:logGet(43)) - raft.server.log.purge.gap = 1000000 (custom)
2019-09-19 16:58:09,832 [pool-60-thread-1] INFO  server.RaftServerConfigKeys (ConfUtils.java:logGet(43)) - raft.server.log.appender.buffer.byte-limit = 33554432 (custom)
2019-09-19 16:58:09,832 [pool-60-thread-1] INFO  server.RaftServerConfigKeys (ConfUtils.java:logGet(43)) - raft.server.log.segment.size.max = 1048576 (custom)
2019-09-19 16:58:09,832 [pool-60-thread-1] INFO  server.RaftServerConfigKeys (ConfUtils.java:logGet(43)) - raft.server.log.segment.cache.num.max = 2 (custom)
2019-09-19 16:58:09,832 [pool-60-thread-1] INFO  segmented.SegmentedRaftLogWorker (SegmentedRaftLogWorker.java:<init>(172)) - new b4d11adf-473e-4712-a75b-8cc25b77f0f4-SegmentedRaftLogWorker:Storage Directory /workdir/hadoop-ozone/tools/target/test-dir/MiniOzoneClusterImpl-07aed8b0-4e05-46c5-ad79-a4210fff6c42/datanode-3/data/ratis/c980a62e-b063-410f-b7b6-43e320ab38bd for RaftStorage:Storage Directory /workdir/hadoop-ozone/tools/target/test-dir/MiniOzoneClusterImpl-07aed8b0-4e05-46c5-ad79-a4210fff6c42/datanode-3/data/ratis/c980a62e-b063-410f-b7b6-43e320ab38bd
2019-09-19 16:58:09,832 [pool-60-thread-1] INFO  server.RaftServerConfigKeys (ConfUtils.java:logGet(43)) - raft.server.log.queue.byte-limit = 2147483647 (custom)
2019-09-19 16:58:09,832 [pool-60-thread-1] INFO  server.RaftServerConfigKeys (ConfUtils.java:logGet(43)) - raft.server.log.queue.element-limit = 1024 (custom)
2019-09-19 16:58:09,833 [pool-60-thread-1] INFO  server.RaftServerConfigKeys (ConfUtils.java:logGet(43)) - raft.server.log.segment.size.max = 1048576 (custom)
2019-09-19 16:58:09,833 [pool-60-thread-1] INFO  server.RaftServerConfigKeys (ConfUtils.java:logGet(43)) - raft.server.log.preallocated.size = 16384 (custom)
2019-09-19 16:58:09,833 [pool-60-thread-1] INFO  server.RaftServerConfigKeys (ConfUtils.java:logGet(43)) - raft.server.log.write.buffer.size = 33554432 (custom)
2019-09-19 16:58:09,833 [pool-60-thread-1] INFO  server.RaftServerConfigKeys (ConfUtils.java:logGet(43)) - raft.server.log.force.sync.num = 128 (default)
2019-09-19 16:58:09,833 [pool-60-thread-1] INFO  server.RaftServerConfigKeys (ConfUtils.java:logGet(43)) - raft.server.log.statemachine.data.sync = true (default)
2019-09-19 16:58:09,833 [pool-60-thread-1] INFO  server.RaftServerConfigKeys (ConfUtils.java:logGet(43)) - raft.server.log.statemachine.data.sync.timeout = 10s (default)
2019-09-19 16:58:09,833 [pool-60-thread-1] INFO  server.RaftServerConfigKeys (ConfUtils.java:logGet(43)) - raft.server.log.statemachine.data.sync.timeout.retry = -1 (default)
2019-09-19 16:58:09,834 [pool-60-thread-1] INFO  server.RaftServerConfigKeys (ConfUtils.java:logGet(43)) - raft.server.log.statemachine.data.caching.enabled = true (custom)
2019-09-19 16:58:09,834 [pool-60-thread-1] INFO  segmented.SegmentedRaftLogWorker (SegmentedRaftLogWorker.java:lambda$new$0(132)) - b4d11adf-473e-4712-a75b-8cc25b77f0f4-SegmentedRaftLogWorker:Storage Directory /workdir/hadoop-ozone/tools/target/test-dir/MiniOzoneClusterImpl-07aed8b0-4e05-46c5-ad79-a4210fff6c42/datanode-3/data/ratis/c980a62e-b063-410f-b7b6-43e320ab38bd: flushIndex: setUnconditionally 0 -> -1
2019-09-19 16:58:09,834 [pool-60-thread-1] INFO  server.RaftServerConfigKeys (ConfUtils.java:logGet(43)) - raft.server.snapshot.auto.trigger.enabled = true (custom)
2019-09-19 16:58:09,835 [pool-60-thread-1] INFO  server.RaftServerConfigKeys (ConfUtils.java:logGet(43)) - raft.server.snapshot.auto.trigger.threshold = 10000 (custom)
2019-09-19 16:58:09,835 [pool-60-thread-1] INFO  server.RaftServerConfigKeys (ConfUtils.java:logGet(43)) - raft.server.retrycache.expirytime = 600000ms (custom)
2019-09-19 16:58:09,835 [pool-60-thread-1] INFO  impl.RaftServerImpl (RaftServerImpl.java:start(180)) - b4d11adf-473e-4712-a75b-8cc25b77f0f4: start group-43E320AB38BD
2019-09-19 16:58:09,835 [pool-60-thread-1] INFO  impl.RaftServerImpl (RaftServerImpl.java:setRole(171)) - b4d11adf-473e-4712-a75b-8cc25b77f0f4:group-43E320AB38BD changes role from null to FOLLOWER at term 0 for startAsFollower
2019-09-19 16:58:09,835 [pool-60-thread-1] INFO  impl.RoleInfo (RoleInfo.java:updateAndGet(143)) - b4d11adf-473e-4712-a75b-8cc25b77f0f4: start FollowerState
2019-09-19 16:58:09,836 [pool-60-thread-1] INFO  util.JmxRegister (JmxRegister.java:tryRegister(44)) - Successfully registered JMX Bean with object name Ratis:service=RaftServer,group=group-43E320AB38BD,id=b4d11adf-473e-4712-a75b-8cc25b77f0f4
2019-09-19 16:58:09,841 [RatisPipelineUtilsThread] INFO  pipeline.PipelineStateManager (PipelineStateManager.java:addPipeline(56)) - Created pipeline Pipeline[ Id: c980a62e-b063-410f-b7b6-43e320ab38bd, Nodes: b4d11adf-473e-4712-a75b-8cc25b77f0f4{ip: 192.168.157.226, host: pr-hdds-1569-swxfz-3172132826, networkLocation: /default-rack, certSerialId: null}, Type:RATIS, Factor:ONE, State:OPEN]
2019-09-19 16:58:09,843 [RatisPipelineUtilsThread] ERROR pipeline.PipelinePlacementPolicy (PipelinePlacementPolicy.java:meetCriteria(91)) - Pipeline Placement: Doesn't meet the criteria to be viable node. Heaviness: 6
2019-09-19 16:58:09,843 [RatisPipelineUtilsThread] ERROR pipeline.PipelinePlacementPolicy (PipelinePlacementPolicy.java:meetCriteria(91)) - Pipeline Placement: Doesn't meet the criteria to be viable node. Heaviness: 6
2019-09-19 16:58:09,843 [RatisPipelineUtilsThread] ERROR pipeline.PipelinePlacementPolicy (PipelinePlacementPolicy.java:meetCriteria(91)) - Pipeline Placement: Doesn't meet the criteria to be viable node. Heaviness: 6
2019-09-19 16:58:09,843 [RatisPipelineUtilsThread] ERROR pipeline.PipelinePlacementPolicy (PipelinePlacementPolicy.java:meetCriteria(91)) - Pipeline Placement: Doesn't meet the criteria to be viable node. Heaviness: 6
2019-09-19 16:58:09,852 [grpc-default-executor-0] INFO  impl.RaftServerProxy (RaftServerProxy.java:addNew(89)) - b4d11adf-473e-4712-a75b-8cc25b77f0f4: addNew group-4F96547E690D:[b4d11adf-473e-4712-a75b-8cc25b77f0f4:192.168.157.226:36538] returns group-4F96547E690D:java.util.concurrent.CompletableFuture@3f8c2d23[Not completed]
2019-09-19 16:58:09,853 [pool-60-thread-1] INFO  impl.RaftServerImpl (RaftServerImpl.java:<init>(93)) - b4d11adf-473e-4712-a75b-8cc25b77f0f4: new RaftServerImpl for group-4F96547E690D:[b4d11adf-473e-4712-a75b-8cc25b77f0f4:192.168.157.226:36538] with ContainerStateMachine:uninitialized
2019-09-19 16:58:09,853 [pool-60-thread-1] INFO  server.RaftServerConfigKeys (ConfUtils.java:logGet(43)) - raft.server.rpc.timeout.min = 5s (custom)
2019-09-19 16:58:09,854 [pool-60-thread-1] INFO  server.RaftServerConfigKeys (ConfUtils.java:logGet(43)) - raft.server.rpc.timeout.max = 5200ms (custom)
2019-09-19 16:58:09,854 [pool-60-thread-1] INFO  server.RaftServerConfigKeys (ConfUtils.java:logGet(43)) - raft.server.rpcslowness.timeout = 120s (custom)
2019-09-19 16:58:09,854 [pool-60-thread-1] INFO  server.RaftServerConfigKeys (ConfUtils.java:logGet(43)) - raft.server.sleep.deviation.threshold = 300 (default)
2019-09-19 16:58:09,854 [pool-60-thread-1] INFO  server.RaftServerConfigKeys (ConfUtils.java:logGet(43)) - raft.server.log.appender.install.snapshot.enabled = false (custom)
2019-09-19 16:58:09,854 [pool-60-thread-1] INFO  impl.RaftServerImpl (ServerState.java:<init>(105)) - b4d11adf-473e-4712-a75b-8cc25b77f0f4:group-4F96547E690D ConfigurationManager, init=-1: [b4d11adf-473e-4712-a75b-8cc25b77f0f4:192.168.157.226:36538], old=null, confs=<EMPTY_MAP>
2019-09-19 16:58:09,854 [pool-60-thread-1] INFO  server.RaftServerConfigKeys (ConfUtils.java:logGet(43)) - raft.server.storage.dir = [/workdir/hadoop-ozone/tools/target/test-dir/MiniOzoneClusterImpl-07aed8b0-4e05-46c5-ad79-a4210fff6c42/datanode-3/data/ratis] (custom)
2019-09-19 16:58:09,855 [pool-60-thread-1] INFO  storage.RaftStorageDirectory (RaftStorageDirectory.java:analyzeStorage(246)) - The storage directory /workdir/hadoop-ozone/tools/target/test-dir/MiniOzoneClusterImpl-07aed8b0-4e05-46c5-ad79-a4210fff6c42/datanode-3/data/ratis/4c4b0c8f-da6b-4d44-be0c-4f96547e690d does not exist. Creating ...
2019-09-19 16:58:09,859 | INFO  | SCMAudit | user=jenkins1000 | ip=192.168.157.226 | op=SEND_HEARTBEAT {datanodeUUID=e29bd0e7-6604-4c9e-a288-0e166e01d87e, command=[]} | ret=SUCCESS |  
2019-09-19 16:58:09,867 [pool-60-thread-1] INFO  storage.RaftStorageDirectory (RaftStorageDirectory.java:tryLock(328)) - Lock on /workdir/hadoop-ozone/tools/target/test-dir/MiniOzoneClusterImpl-07aed8b0-4e05-46c5-ad79-a4210fff6c42/datanode-3/data/ratis/4c4b0c8f-da6b-4d44-be0c-4f96547e690d/in_use.lock acquired by nodename 22412@pr-hdds-1569-swxfz-3172132826
2019-09-19 16:58:09,880 [pool-60-thread-1] INFO  storage.RaftStorage (RaftStorage.java:format(72)) - Storage directory /workdir/hadoop-ozone/tools/target/test-dir/MiniOzoneClusterImpl-07aed8b0-4e05-46c5-ad79-a4210fff6c42/datanode-3/data/ratis/4c4b0c8f-da6b-4d44-be0c-4f96547e690d has been successfully formatted.
2019-09-19 16:58:09,881 [pool-60-thread-1] INFO  ratis.ContainerStateMachine (ContainerStateMachine.java:loadSnapshot(226)) - group-4F96547E690D: The snapshot info is null. Setting the last applied indexto:(t:0, i:~)
2019-09-19 16:58:09,881 [pool-60-thread-1] INFO  server.RaftServerConfigKeys (ConfUtils.java:logGet(43)) - raft.server.leader.election.timeout = 120s (custom)
2019-09-19 16:58:09,881 [pool-60-thread-1] INFO  server.RaftServerConfigKeys (ConfUtils.java:logGet(43)) - raft.server.log.use.memory = false (default)
2019-09-19 16:58:09,881 [pool-60-thread-1] INFO  server.RaftServerConfigKeys (ConfUtils.java:logGet(43)) - raft.server.log.purge.gap = 1000000 (custom)
2019-09-19 16:58:09,881 [pool-60-thread-1] INFO  server.RaftServerConfigKeys (ConfUtils.java:logGet(43)) - raft.server.log.appender.buffer.byte-limit = 33554432 (custom)
2019-09-19 16:58:09,881 [pool-60-thread-1] INFO  server.RaftServerConfigKeys (ConfUtils.java:logGet(43)) - raft.server.log.segment.size.max = 1048576 (custom)
2019-09-19 16:58:09,881 [pool-60-thread-1] INFO  server.RaftServerConfigKeys (ConfUtils.java:logGet(43)) - raft.server.log.segment.cache.num.max = 2 (custom)
2019-09-19 16:58:09,882 [pool-60-thread-1] INFO  segmented.SegmentedRaftLogWorker (SegmentedRaftLogWorker.java:<init>(172)) - new b4d11adf-473e-4712-a75b-8cc25b77f0f4-SegmentedRaftLogWorker:Storage Directory /workdir/hadoop-ozone/tools/target/test-dir/MiniOzoneClusterImpl-07aed8b0-4e05-46c5-ad79-a4210fff6c42/datanode-3/data/ratis/4c4b0c8f-da6b-4d44-be0c-4f96547e690d for RaftStorage:Storage Directory /workdir/hadoop-ozone/tools/target/test-dir/MiniOzoneClusterImpl-07aed8b0-4e05-46c5-ad79-a4210fff6c42/datanode-3/data/ratis/4c4b0c8f-da6b-4d44-be0c-4f96547e690d
2019-09-19 16:58:09,882 [pool-60-thread-1] INFO  server.RaftServerConfigKeys (ConfUtils.java:logGet(43)) - raft.server.log.queue.byte-limit = 2147483647 (custom)
2019-09-19 16:58:09,882 [pool-60-thread-1] INFO  server.RaftServerConfigKeys (ConfUtils.java:logGet(43)) - raft.server.log.queue.element-limit = 1024 (custom)
2019-09-19 16:58:09,882 [pool-60-thread-1] INFO  server.RaftServerConfigKeys (ConfUtils.java:logGet(43)) - raft.server.log.segment.size.max = 1048576 (custom)
2019-09-19 16:58:09,882 [pool-60-thread-1] INFO  server.RaftServerConfigKeys (ConfUtils.java:logGet(43)) - raft.server.log.preallocated.size = 16384 (custom)
2019-09-19 16:58:09,882 [pool-60-thread-1] INFO  server.RaftServerConfigKeys (ConfUtils.java:logGet(43)) - raft.server.log.write.buffer.size = 33554432 (custom)
2019-09-19 16:58:09,882 [pool-60-thread-1] INFO  server.RaftServerConfigKeys (ConfUtils.java:logGet(43)) - raft.server.log.force.sync.num = 128 (default)
2019-09-19 16:58:09,882 [pool-60-thread-1] INFO  server.RaftServerConfigKeys (ConfUtils.java:logGet(43)) - raft.server.log.statemachine.data.sync = true (default)
2019-09-19 16:58:09,883 [pool-60-thread-1] INFO  server.RaftServerConfigKeys (ConfUtils.java:logGet(43)) - raft.server.log.statemachine.data.sync.timeout = 10s (default)
2019-09-19 16:58:09,883 [pool-60-thread-1] INFO  server.RaftServerConfigKeys (ConfUtils.java:logGet(43)) - raft.server.log.statemachine.data.sync.timeout.retry = -1 (default)
2019-09-19 16:58:09,883 [pool-60-thread-1] INFO  server.RaftServerConfigKeys (ConfUtils.java:logGet(43)) - raft.server.log.statemachine.data.caching.enabled = true (custom)
2019-09-19 16:58:09,883 [pool-60-thread-1] INFO  segmented.SegmentedRaftLogWorker (SegmentedRaftLogWorker.java:lambda$new$0(132)) - b4d11adf-473e-4712-a75b-8cc25b77f0f4-SegmentedRaftLogWorker:Storage Directory /workdir/hadoop-ozone/tools/target/test-dir/MiniOzoneClusterImpl-07aed8b0-4e05-46c5-ad79-a4210fff6c42/datanode-3/data/ratis/4c4b0c8f-da6b-4d44-be0c-4f96547e690d: flushIndex: setUnconditionally 0 -> -1
2019-09-19 16:58:09,884 [pool-60-thread-1] INFO  server.RaftServerConfigKeys (ConfUtils.java:logGet(43)) - raft.server.snapshot.auto.trigger.enabled = true (custom)
2019-09-19 16:58:09,884 [pool-60-thread-1] INFO  server.RaftServerConfigKeys (ConfUtils.java:logGet(43)) - raft.server.snapshot.auto.trigger.threshold = 10000 (custom)
2019-09-19 16:58:09,884 [pool-60-thread-1] INFO  server.RaftServerConfigKeys (ConfUtils.java:logGet(43)) - raft.server.retrycache.expirytime = 600000ms (custom)
2019-09-19 16:58:09,884 [pool-60-thread-1] INFO  impl.RaftServerImpl (RaftServerImpl.java:start(180)) - b4d11adf-473e-4712-a75b-8cc25b77f0f4: start group-4F96547E690D
2019-09-19 16:58:09,884 [pool-60-thread-1] INFO  impl.RaftServerImpl (RaftServerImpl.java:setRole(171)) - b4d11adf-473e-4712-a75b-8cc25b77f0f4:group-4F96547E690D changes role from null to FOLLOWER at term 0 for startAsFollower
2019-09-19 16:58:09,884 [pool-60-thread-1] INFO  impl.RoleInfo (RoleInfo.java:updateAndGet(143)) - b4d11adf-473e-4712-a75b-8cc25b77f0f4: start FollowerState
2019-09-19 16:58:09,885 [pool-60-thread-1] INFO  util.JmxRegister (JmxRegister.java:tryRegister(44)) - Successfully registered JMX Bean with object name Ratis:service=RaftServer,group=group-4F96547E690D,id=b4d11adf-473e-4712-a75b-8cc25b77f0f4
2019-09-19 16:58:09,890 [RatisPipelineUtilsThread] INFO  pipeline.PipelineStateManager (PipelineStateManager.java:addPipeline(56)) - Created pipeline Pipeline[ Id: 4c4b0c8f-da6b-4d44-be0c-4f96547e690d, Nodes: b4d11adf-473e-4712-a75b-8cc25b77f0f4{ip: 192.168.157.226, host: pr-hdds-1569-swxfz-3172132826, networkLocation: /default-rack, certSerialId: null}, Type:RATIS, Factor:ONE, State:OPEN]
2019-09-19 16:58:09,892 [RatisPipelineUtilsThread] ERROR pipeline.PipelinePlacementPolicy (PipelinePlacementPolicy.java:meetCriteria(91)) - Pipeline Placement: Doesn't meet the criteria to be viable node. Heaviness: 6
2019-09-19 16:58:09,892 [RatisPipelineUtilsThread] ERROR pipeline.PipelinePlacementPolicy (PipelinePlacementPolicy.java:meetCriteria(91)) - Pipeline Placement: Doesn't meet the criteria to be viable node. Heaviness: 6
2019-09-19 16:58:09,892 [RatisPipelineUtilsThread] ERROR pipeline.PipelinePlacementPolicy (PipelinePlacementPolicy.java:meetCriteria(91)) - Pipeline Placement: Doesn't meet the criteria to be viable node. Heaviness: 6
2019-09-19 16:58:09,892 [RatisPipelineUtilsThread] ERROR pipeline.PipelinePlacementPolicy (PipelinePlacementPolicy.java:meetCriteria(91)) - Pipeline Placement: Doesn't meet the criteria to be viable node. Heaviness: 6
2019-09-19 16:58:09,892 [RatisPipelineUtilsThread] ERROR pipeline.PipelinePlacementPolicy (PipelinePlacementPolicy.java:meetCriteria(91)) - Pipeline Placement: Doesn't meet the criteria to be viable node. Heaviness: 6
2019-09-19 16:58:09,893 [RatisPipelineUtilsThread] ERROR pipeline.PipelinePlacementPolicy (PipelinePlacementPolicy.java:filterViableNodes(146)) - Unable to find enough nodes that meet the criteria that cannot engage in more than 5 pipelines. Nodes required: 1 Found: 0, healthy nodes count inNodeManager: 5.
2019-09-19 16:58:09,894 [RatisPipelineUtilsThread] ERROR pipeline.SCMPipelineManager (SCMPipelineManager.java:createPipeline(161)) - Pipeline creation failed due to exception: Unable to find enough nodes that meet the criteria that cannot engage in more than 5 pipelines. Nodes required: 1 Found: 0, healthy nodes count inNodeManager: 5.
2019-09-19 16:58:09,894 [RatisPipelineUtilsThread] ERROR pipeline.PipelinePlacementPolicy (PipelinePlacementPolicy.java:meetCriteria(91)) - Pipeline Placement: Doesn't meet the criteria to be viable node. Heaviness: 6
2019-09-19 16:58:09,895 [RatisPipelineUtilsThread] ERROR pipeline.PipelinePlacementPolicy (PipelinePlacementPolicy.java:meetCriteria(91)) - Pipeline Placement: Doesn't meet the criteria to be viable node. Heaviness: 6
2019-09-19 16:58:09,895 [RatisPipelineUtilsThread] ERROR pipeline.PipelinePlacementPolicy (PipelinePlacementPolicy.java:meetCriteria(91)) - Pipeline Placement: Doesn't meet the criteria to be viable node. Heaviness: 6
2019-09-19 16:58:09,895 [RatisPipelineUtilsThread] ERROR pipeline.PipelinePlacementPolicy (PipelinePlacementPolicy.java:meetCriteria(91)) - Pipeline Placement: Doesn't meet the criteria to be viable node. Heaviness: 6
2019-09-19 16:58:09,895 [RatisPipelineUtilsThread] ERROR pipeline.PipelinePlacementPolicy (PipelinePlacementPolicy.java:meetCriteria(91)) - Pipeline Placement: Doesn't meet the criteria to be viable node. Heaviness: 6
2019-09-19 16:58:09,895 [RatisPipelineUtilsThread] ERROR pipeline.PipelinePlacementPolicy (PipelinePlacementPolicy.java:filterViableNodes(146)) - Unable to find enough nodes that meet the criteria that cannot engage in more than 5 pipelines. Nodes required: 3 Found: 0, healthy nodes count inNodeManager: 5.
2019-09-19 16:58:09,895 [RatisPipelineUtilsThread] ERROR pipeline.SCMPipelineManager (SCMPipelineManager.java:createPipeline(161)) - Pipeline creation failed due to exception: Unable to find enough nodes that meet the criteria that cannot engage in more than 5 pipelines. Nodes required: 3 Found: 0, healthy nodes count inNodeManager: 5.
2019-09-19 16:58:09,897 [RatisPipelineUtilsThread] ERROR pipeline.PipelinePlacementPolicy (PipelinePlacementPolicy.java:meetCriteria(91)) - Pipeline Placement: Doesn't meet the criteria to be viable node. Heaviness: 6
2019-09-19 16:58:09,898 [RatisPipelineUtilsThread] ERROR pipeline.PipelinePlacementPolicy (PipelinePlacementPolicy.java:meetCriteria(91)) - Pipeline Placement: Doesn't meet the criteria to be viable node. Heaviness: 6
2019-09-19 16:58:09,898 [RatisPipelineUtilsThread] ERROR pipeline.PipelinePlacementPolicy (PipelinePlacementPolicy.java:meetCriteria(91)) - Pipeline Placement: Doesn't meet the criteria to be viable node. Heaviness: 6
2019-09-19 16:58:09,898 [RatisPipelineUtilsThread] ERROR pipeline.PipelinePlacementPolicy (PipelinePlacementPolicy.java:meetCriteria(91)) - Pipeline Placement: Doesn't meet the criteria to be viable node. Heaviness: 6
2019-09-19 16:58:09,898 [RatisPipelineUtilsThread] ERROR pipeline.PipelinePlacementPolicy (PipelinePlacementPolicy.java:meetCriteria(91)) - Pipeline Placement: Doesn't meet the criteria to be viable node. Heaviness: 6
2019-09-19 16:58:09,898 [RatisPipelineUtilsThread] ERROR pipeline.PipelinePlacementPolicy (PipelinePlacementPolicy.java:filterViableNodes(146)) - Unable to find enough nodes that meet the criteria that cannot engage in more than 5 pipelines. Nodes required: 1 Found: 0, healthy nodes count inNodeManager: 5.
2019-09-19 16:58:09,898 [RatisPipelineUtilsThread] ERROR pipeline.SCMPipelineManager (SCMPipelineManager.java:createPipeline(161)) - Pipeline creation failed due to exception: Unable to find enough nodes that meet the criteria that cannot engage in more than 5 pipelines. Nodes required: 1 Found: 0, healthy nodes count inNodeManager: 5.
2019-09-19 16:58:09,898 [RatisPipelineUtilsThread] ERROR pipeline.PipelinePlacementPolicy (PipelinePlacementPolicy.java:meetCriteria(91)) - Pipeline Placement: Doesn't meet the criteria to be viable node. Heaviness: 6
2019-09-19 16:58:09,899 [RatisPipelineUtilsThread] ERROR pipeline.PipelinePlacementPolicy (PipelinePlacementPolicy.java:meetCriteria(91)) - Pipeline Placement: Doesn't meet the criteria to be viable node. Heaviness: 6
2019-09-19 16:58:09,899 [RatisPipelineUtilsThread] ERROR pipeline.PipelinePlacementPolicy (PipelinePlacementPolicy.java:meetCriteria(91)) - Pipeline Placement: Doesn't meet the criteria to be viable node. Heaviness: 6
2019-09-19 16:58:09,899 [RatisPipelineUtilsThread] ERROR pipeline.PipelinePlacementPolicy (PipelinePlacementPolicy.java:meetCriteria(91)) - Pipeline Placement: Doesn't meet the criteria to be viable node. Heaviness: 6
2019-09-19 16:58:09,899 [RatisPipelineUtilsThread] ERROR pipeline.PipelinePlacementPolicy (PipelinePlacementPolicy.java:meetCriteria(91)) - Pipeline Placement: Doesn't meet the criteria to be viable node. Heaviness: 6
2019-09-19 16:58:09,899 [RatisPipelineUtilsThread] ERROR pipeline.PipelinePlacementPolicy (PipelinePlacementPolicy.java:filterViableNodes(146)) - Unable to find enough nodes that meet the criteria that cannot engage in more than 5 pipelines. Nodes required: 3 Found: 0, healthy nodes count inNodeManager: 5.
2019-09-19 16:58:09,899 [RatisPipelineUtilsThread] ERROR pipeline.SCMPipelineManager (SCMPipelineManager.java:createPipeline(161)) - Pipeline creation failed due to exception: Unable to find enough nodes that meet the criteria that cannot engage in more than 5 pipelines. Nodes required: 3 Found: 0, healthy nodes count inNodeManager: 5.
2019-09-19 16:58:09,899 [IPC Server handler 0 on 42928] ERROR pipeline.PipelinePlacementPolicy (PipelinePlacementPolicy.java:meetCriteria(91)) - Pipeline Placement: Doesn't meet the criteria to be viable node. Heaviness: 6
2019-09-19 16:58:09,900 [IPC Server handler 0 on 42928] ERROR pipeline.PipelinePlacementPolicy (PipelinePlacementPolicy.java:meetCriteria(91)) - Pipeline Placement: Doesn't meet the criteria to be viable node. Heaviness: 6
2019-09-19 16:58:09,900 [IPC Server handler 0 on 42928] ERROR pipeline.PipelinePlacementPolicy (PipelinePlacementPolicy.java:meetCriteria(91)) - Pipeline Placement: Doesn't meet the criteria to be viable node. Heaviness: 6
2019-09-19 16:58:09,900 [IPC Server handler 0 on 42928] ERROR pipeline.PipelinePlacementPolicy (PipelinePlacementPolicy.java:meetCriteria(91)) - Pipeline Placement: Doesn't meet the criteria to be viable node. Heaviness: 6
2019-09-19 16:58:09,900 [IPC Server handler 0 on 42928] ERROR pipeline.PipelinePlacementPolicy (PipelinePlacementPolicy.java:meetCriteria(91)) - Pipeline Placement: Doesn't meet the criteria to be viable node. Heaviness: 6
2019-09-19 16:58:09,901 [IPC Server handler 0 on 42928] ERROR pipeline.PipelinePlacementPolicy (PipelinePlacementPolicy.java:filterViableNodes(146)) - Unable to find enough nodes that meet the criteria that cannot engage in more than 5 pipelines. Nodes required: 3 Found: 0, healthy nodes count inNodeManager: 5.
2019-09-19 16:58:09,901 [IPC Server handler 0 on 42928] ERROR pipeline.SCMPipelineManager (SCMPipelineManager.java:createPipeline(161)) - Pipeline creation failed due to exception: Unable to find enough nodes that meet the criteria that cannot engage in more than 5 pipelines. Nodes required: 3 Found: 0, healthy nodes count inNodeManager: 5.
2019-09-19 16:58:09,902 [IPC Server handler 0 on 42928] WARN  block.BlockManagerImpl (BlockManagerImpl.java:allocateBlock(192)) - Pipeline creation failed for type:RATIS factor:THREE. Retrying get pipelines call once.
org.apache.hadoop.hdds.scm.exceptions.SCMException: Unable to find enough nodes that meet the criteria that cannot engage in more than 5 pipelines. Nodes required: 3 Found: 0, healthy nodes count inNodeManager: 5.
	at org.apache.hadoop.hdds.scm.pipeline.PipelinePlacementPolicy.filterViableNodes(PipelinePlacementPolicy.java:147)
	at org.apache.hadoop.hdds.scm.pipeline.PipelinePlacementPolicy.chooseDatanodes(PipelinePlacementPolicy.java:170)
	at org.apache.hadoop.hdds.scm.pipeline.RatisPipelineProvider.create(RatisPipelineProvider.java:92)
	at org.apache.hadoop.hdds.scm.pipeline.PipelineFactory.create(PipelineFactory.java:57)
	at org.apache.hadoop.hdds.scm.pipeline.SCMPipelineManager.createPipeline(SCMPipelineManager.java:149)
	at org.apache.hadoop.hdds.scm.block.BlockManagerImpl.allocateBlock(BlockManagerImpl.java:190)
	at org.apache.hadoop.hdds.scm.server.SCMBlockProtocolServer.allocateBlock(SCMBlockProtocolServer.java:175)
	at org.apache.hadoop.ozone.protocolPB.ScmBlockLocationProtocolServerSideTranslatorPB.allocateScmBlock(ScmBlockLocationProtocolServerSideTranslatorPB.java:153)
	at org.apache.hadoop.ozone.protocolPB.ScmBlockLocationProtocolServerSideTranslatorPB.send(ScmBlockLocationProtocolServerSideTranslatorPB.java:112)
	at org.apache.hadoop.hdds.protocol.proto.ScmBlockLocationProtocolProtos$ScmBlockLocationProtocolService$2.callBlockingMethod(ScmBlockLocationProtocolProtos.java:13157)
	at org.apache.hadoop.ipc.ProtobufRpcEngine$Server$ProtoBufRpcInvoker.call(ProtobufRpcEngine.java:524)
	at org.apache.hadoop.ipc.RPC$Server.call(RPC.java:1025)
	at org.apache.hadoop.ipc.Server$RpcCall.run(Server.java:876)
	at org.apache.hadoop.ipc.Server$RpcCall.run(Server.java:822)
	at java.security.AccessController.doPrivileged(Native Method)
	at javax.security.auth.Subject.doAs(Subject.java:422)
	at org.apache.hadoop.security.UserGroupInformation.doAs(UserGroupInformation.java:1730)
	at org.apache.hadoop.ipc.Server$Handler.run(Server.java:2682)
2019-09-19 16:58:09,904 [IPC Server handler 0 on 42928] INFO  block.BlockManagerImpl (BlockManagerImpl.java:allocateBlock(198)) - Could not find available pipeline of type:RATIS and factor:THREE even after retrying
2019-09-19 16:58:09,904 [IPC Server handler 0 on 42928] ERROR block.BlockManagerImpl (BlockManagerImpl.java:allocateBlock(222)) - Unable to allocate a block for the size: 4194304, type: RATIS, factor: THREE
2019-09-19 16:58:09,904 [IPC Server handler 0 on 42928] ERROR pipeline.PipelinePlacementPolicy (PipelinePlacementPolicy.java:meetCriteria(91)) - Pipeline Placement: Doesn't meet the criteria to be viable node. Heaviness: 6
2019-09-19 16:58:09,905 [IPC Server handler 0 on 42928] ERROR pipeline.PipelinePlacementPolicy (PipelinePlacementPolicy.java:meetCriteria(91)) - Pipeline Placement: Doesn't meet the criteria to be viable node. Heaviness: 6
2019-09-19 16:58:09,905 [IPC Server handler 0 on 42928] ERROR pipeline.PipelinePlacementPolicy (PipelinePlacementPolicy.java:meetCriteria(91)) - Pipeline Placement: Doesn't meet the criteria to be viable node. Heaviness: 6
2019-09-19 16:58:09,905 [IPC Server handler 0 on 42928] ERROR pipeline.PipelinePlacementPolicy (PipelinePlacementPolicy.java:meetCriteria(91)) - Pipeline Placement: Doesn't meet the criteria to be viable node. Heaviness: 6
2019-09-19 16:58:09,905 [IPC Server handler 0 on 42928] ERROR pipeline.PipelinePlacementPolicy (PipelinePlacementPolicy.java:meetCriteria(91)) - Pipeline Placement: Doesn't meet the criteria to be viable node. Heaviness: 6
2019-09-19 16:58:09,905 [IPC Server handler 0 on 42928] ERROR pipeline.PipelinePlacementPolicy (PipelinePlacementPolicy.java:filterViableNodes(146)) - Unable to find enough nodes that meet the criteria that cannot engage in more than 5 pipelines. Nodes required: 3 Found: 0, healthy nodes count inNodeManager: 5.
2019-09-19 16:58:09,906 [IPC Server handler 0 on 42928] ERROR pipeline.SCMPipelineManager (SCMPipelineManager.java:createPipeline(161)) - Pipeline creation failed due to exception: Unable to find enough nodes that meet the criteria that cannot engage in more than 5 pipelines. Nodes required: 3 Found: 0, healthy nodes count inNodeManager: 5.
2019-09-19 16:58:09,906 [IPC Server handler 0 on 42928] WARN  block.BlockManagerImpl (BlockManagerImpl.java:allocateBlock(192)) - Pipeline creation failed for type:RATIS factor:THREE. Retrying get pipelines call once.
org.apache.hadoop.hdds.scm.exceptions.SCMException: Unable to find enough nodes that meet the criteria that cannot engage in more than 5 pipelines. Nodes required: 3 Found: 0, healthy nodes count inNodeManager: 5.
	at org.apache.hadoop.hdds.scm.pipeline.PipelinePlacementPolicy.filterViableNodes(PipelinePlacementPolicy.java:147)
	at org.apache.hadoop.hdds.scm.pipeline.PipelinePlacementPolicy.chooseDatanodes(PipelinePlacementPolicy.java:170)
	at org.apache.hadoop.hdds.scm.pipeline.RatisPipelineProvider.create(RatisPipelineProvider.java:92)
	at org.apache.hadoop.hdds.scm.pipeline.PipelineFactory.create(PipelineFactory.java:57)
	at org.apache.hadoop.hdds.scm.pipeline.SCMPipelineManager.createPipeline(SCMPipelineManager.java:149)
	at org.apache.hadoop.hdds.scm.block.BlockManagerImpl.allocateBlock(BlockManagerImpl.java:190)
	at org.apache.hadoop.hdds.scm.server.SCMBlockProtocolServer.allocateBlock(SCMBlockProtocolServer.java:175)
	at org.apache.hadoop.ozone.protocolPB.ScmBlockLocationProtocolServerSideTranslatorPB.allocateScmBlock(ScmBlockLocationProtocolServerSideTranslatorPB.java:153)
	at org.apache.hadoop.ozone.protocolPB.ScmBlockLocationProtocolServerSideTranslatorPB.send(ScmBlockLocationProtocolServerSideTranslatorPB.java:112)
	at org.apache.hadoop.hdds.protocol.proto.ScmBlockLocationProtocolProtos$ScmBlockLocationProtocolService$2.callBlockingMethod(ScmBlockLocationProtocolProtos.java:13157)
	at org.apache.hadoop.ipc.ProtobufRpcEngine$Server$ProtoBufRpcInvoker.call(ProtobufRpcEngine.java:524)
	at org.apache.hadoop.ipc.RPC$Server.call(RPC.java:1025)
	at org.apache.hadoop.ipc.Server$RpcCall.run(Server.java:876)
	at org.apache.hadoop.ipc.Server$RpcCall.run(Server.java:822)
	at java.security.AccessController.doPrivileged(Native Method)
	at javax.security.auth.Subject.doAs(Subject.java:422)
	at org.apache.hadoop.security.UserGroupInformation.doAs(UserGroupInformation.java:1730)
	at org.apache.hadoop.ipc.Server$Handler.run(Server.java:2682)
2019-09-19 16:58:09,906 [IPC Server handler 0 on 42928] INFO  block.BlockManagerImpl (BlockManagerImpl.java:allocateBlock(198)) - Could not find available pipeline of type:RATIS and factor:THREE even after retrying
2019-09-19 16:58:09,906 [IPC Server handler 0 on 42928] ERROR block.BlockManagerImpl (BlockManagerImpl.java:allocateBlock(222)) - Unable to allocate a block for the size: 4194304, type: RATIS, factor: THREE
2019-09-19 16:58:09,907 [IPC Server handler 0 on 42928] ERROR pipeline.PipelinePlacementPolicy (PipelinePlacementPolicy.java:meetCriteria(91)) - Pipeline Placement: Doesn't meet the criteria to be viable node. Heaviness: 6
2019-09-19 16:58:09,907 [IPC Server handler 0 on 42928] ERROR pipeline.PipelinePlacementPolicy (PipelinePlacementPolicy.java:meetCriteria(91)) - Pipeline Placement: Doesn't meet the criteria to be viable node. Heaviness: 6
2019-09-19 16:58:09,907 [IPC Server handler 0 on 42928] ERROR pipeline.PipelinePlacementPolicy (PipelinePlacementPolicy.java:meetCriteria(91)) - Pipeline Placement: Doesn't meet the criteria to be viable node. Heaviness: 6
2019-09-19 16:58:09,907 [IPC Server handler 0 on 42928] ERROR pipeline.PipelinePlacementPolicy (PipelinePlacementPolicy.java:meetCriteria(91)) - Pipeline Placement: Doesn't meet the criteria to be viable node. Heaviness: 6
2019-09-19 16:58:09,907 [IPC Server handler 0 on 42928] ERROR pipeline.PipelinePlacementPolicy (PipelinePlacementPolicy.java:meetCriteria(91)) - Pipeline Placement: Doesn't meet the criteria to be viable node. Heaviness: 6
2019-09-19 16:58:09,908 [IPC Server handler 0 on 42928] ERROR pipeline.PipelinePlacementPolicy (PipelinePlacementPolicy.java:filterViableNodes(146)) - Unable to find enough nodes that meet the criteria that cannot engage in more than 5 pipelines. Nodes required: 3 Found: 0, healthy nodes count inNodeManager: 5.
2019-09-19 16:58:09,908 [IPC Server handler 0 on 42928] ERROR pipeline.SCMPipelineManager (SCMPipelineManager.java:createPipeline(161)) - Pipeline creation failed due to exception: Unable to find enough nodes that meet the criteria that cannot engage in more than 5 pipelines. Nodes required: 3 Found: 0, healthy nodes count inNodeManager: 5.
2019-09-19 16:58:09,908 [IPC Server handler 0 on 42928] WARN  block.BlockManagerImpl (BlockManagerImpl.java:allocateBlock(192)) - Pipeline creation failed for type:RATIS factor:THREE. Retrying get pipelines call once.
org.apache.hadoop.hdds.scm.exceptions.SCMException: Unable to find enough nodes that meet the criteria that cannot engage in more than 5 pipelines. Nodes required: 3 Found: 0, healthy nodes count inNodeManager: 5.
	at org.apache.hadoop.hdds.scm.pipeline.PipelinePlacementPolicy.filterViableNodes(PipelinePlacementPolicy.java:147)
	at org.apache.hadoop.hdds.scm.pipeline.PipelinePlacementPolicy.chooseDatanodes(PipelinePlacementPolicy.java:170)
	at org.apache.hadoop.hdds.scm.pipeline.RatisPipelineProvider.create(RatisPipelineProvider.java:92)
	at org.apache.hadoop.hdds.scm.pipeline.PipelineFactory.create(PipelineFactory.java:57)
	at org.apache.hadoop.hdds.scm.pipeline.SCMPipelineManager.createPipeline(SCMPipelineManager.java:149)
	at org.apache.hadoop.hdds.scm.block.BlockManagerImpl.allocateBlock(BlockManagerImpl.java:190)
	at org.apache.hadoop.hdds.scm.server.SCMBlockProtocolServer.allocateBlock(SCMBlockProtocolServer.java:175)
	at org.apache.hadoop.ozone.protocolPB.ScmBlockLocationProtocolServerSideTranslatorPB.allocateScmBlock(ScmBlockLocationProtocolServerSideTranslatorPB.java:153)
	at org.apache.hadoop.ozone.protocolPB.ScmBlockLocationProtocolServerSideTranslatorPB.send(ScmBlockLocationProtocolServerSideTranslatorPB.java:112)
	at org.apache.hadoop.hdds.protocol.proto.ScmBlockLocationProtocolProtos$ScmBlockLocationProtocolService$2.callBlockingMethod(ScmBlockLocationProtocolProtos.java:13157)
	at org.apache.hadoop.ipc.ProtobufRpcEngine$Server$ProtoBufRpcInvoker.call(ProtobufRpcEngine.java:524)
	at org.apache.hadoop.ipc.RPC$Server.call(RPC.java:1025)
	at org.apache.hadoop.ipc.Server$RpcCall.run(Server.java:876)
	at org.apache.hadoop.ipc.Server$RpcCall.run(Server.java:822)
	at java.security.AccessController.doPrivileged(Native Method)
	at javax.security.auth.Subject.doAs(Subject.java:422)
	at org.apache.hadoop.security.UserGroupInformation.doAs(UserGroupInformation.java:1730)
	at org.apache.hadoop.ipc.Server$Handler.run(Server.java:2682)
2019-09-19 16:58:09,909 [IPC Server handler 0 on 42928] INFO  block.BlockManagerImpl (BlockManagerImpl.java:allocateBlock(198)) - Could not find available pipeline of type:RATIS and factor:THREE even after retrying
2019-09-19 16:58:09,909 [IPC Server handler 0 on 42928] ERROR block.BlockManagerImpl (BlockManagerImpl.java:allocateBlock(222)) - Unable to allocate a block for the size: 4194304, type: RATIS, factor: THREE
2019-09-19 16:58:09,909 [IPC Server handler 0 on 42928] ERROR pipeline.PipelinePlacementPolicy (PipelinePlacementPolicy.java:meetCriteria(91)) - Pipeline Placement: Doesn't meet the criteria to be viable node. Heaviness: 6
2019-09-19 16:58:09,909 [IPC Server handler 0 on 42928] ERROR pipeline.PipelinePlacementPolicy (PipelinePlacementPolicy.java:meetCriteria(91)) - Pipeline Placement: Doesn't meet the criteria to be viable node. Heaviness: 6
2019-09-19 16:58:09,909 [IPC Server handler 0 on 42928] ERROR pipeline.PipelinePlacementPolicy (PipelinePlacementPolicy.java:meetCriteria(91)) - Pipeline Placement: Doesn't meet the criteria to be viable node. Heaviness: 6
2019-09-19 16:58:09,909 [IPC Server handler 0 on 42928] ERROR pipeline.PipelinePlacementPolicy (PipelinePlacementPolicy.java:meetCriteria(91)) - Pipeline Placement: Doesn't meet the criteria to be viable node. Heaviness: 6
2019-09-19 16:58:09,910 [IPC Server handler 0 on 42928] ERROR pipeline.PipelinePlacementPolicy (PipelinePlacementPolicy.java:meetCriteria(91)) - Pipeline Placement: Doesn't meet the criteria to be viable node. Heaviness: 6
2019-09-19 16:58:09,910 [IPC Server handler 0 on 42928] ERROR pipeline.PipelinePlacementPolicy (PipelinePlacementPolicy.java:filterViableNodes(146)) - Unable to find enough nodes that meet the criteria that cannot engage in more than 5 pipelines. Nodes required: 3 Found: 0, healthy nodes count inNodeManager: 5.
2019-09-19 16:58:09,910 [IPC Server handler 0 on 42928] ERROR pipeline.SCMPipelineManager (SCMPipelineManager.java:createPipeline(161)) - Pipeline creation failed due to exception: Unable to find enough nodes that meet the criteria that cannot engage in more than 5 pipelines. Nodes required: 3 Found: 0, healthy nodes count inNodeManager: 5.
2019-09-19 16:58:09,910 [IPC Server handler 0 on 42928] WARN  block.BlockManagerImpl (BlockManagerImpl.java:allocateBlock(192)) - Pipeline creation failed for type:RATIS factor:THREE. Retrying get pipelines call once.
org.apache.hadoop.hdds.scm.exceptions.SCMException: Unable to find enough nodes that meet the criteria that cannot engage in more than 5 pipelines. Nodes required: 3 Found: 0, healthy nodes count inNodeManager: 5.
	at org.apache.hadoop.hdds.scm.pipeline.PipelinePlacementPolicy.filterViableNodes(PipelinePlacementPolicy.java:147)
	at org.apache.hadoop.hdds.scm.pipeline.PipelinePlacementPolicy.chooseDatanodes(PipelinePlacementPolicy.java:170)
	at org.apache.hadoop.hdds.scm.pipeline.RatisPipelineProvider.create(RatisPipelineProvider.java:92)
	at org.apache.hadoop.hdds.scm.pipeline.PipelineFactory.create(PipelineFactory.java:57)
	at org.apache.hadoop.hdds.scm.pipeline.SCMPipelineManager.createPipeline(SCMPipelineManager.java:149)
	at org.apache.hadoop.hdds.scm.block.BlockManagerImpl.allocateBlock(BlockManagerImpl.java:190)
	at org.apache.hadoop.hdds.scm.server.SCMBlockProtocolServer.allocateBlock(SCMBlockProtocolServer.java:175)
	at org.apache.hadoop.ozone.protocolPB.ScmBlockLocationProtocolServerSideTranslatorPB.allocateScmBlock(ScmBlockLocationProtocolServerSideTranslatorPB.java:153)
	at org.apache.hadoop.ozone.protocolPB.ScmBlockLocationProtocolServerSideTranslatorPB.send(ScmBlockLocationProtocolServerSideTranslatorPB.java:112)
	at org.apache.hadoop.hdds.protocol.proto.ScmBlockLocationProtocolProtos$ScmBlockLocationProtocolService$2.callBlockingMethod(ScmBlockLocationProtocolProtos.java:13157)
	at org.apache.hadoop.ipc.ProtobufRpcEngine$Server$ProtoBufRpcInvoker.call(ProtobufRpcEngine.java:524)
	at org.apache.hadoop.ipc.RPC$Server.call(RPC.java:1025)
	at org.apache.hadoop.ipc.Server$RpcCall.run(Server.java:876)
	at org.apache.hadoop.ipc.Server$RpcCall.run(Server.java:822)
	at java.security.AccessController.doPrivileged(Native Method)
	at javax.security.auth.Subject.doAs(Subject.java:422)
	at org.apache.hadoop.security.UserGroupInformation.doAs(UserGroupInformation.java:1730)
	at org.apache.hadoop.ipc.Server$Handler.run(Server.java:2682)
2019-09-19 16:58:09,911 [IPC Server handler 0 on 42928] INFO  block.BlockManagerImpl (BlockManagerImpl.java:allocateBlock(198)) - Could not find available pipeline of type:RATIS and factor:THREE even after retrying
2019-09-19 16:58:09,911 [IPC Server handler 0 on 42928] ERROR block.BlockManagerImpl (BlockManagerImpl.java:allocateBlock(222)) - Unable to allocate a block for the size: 4194304, type: RATIS, factor: THREE
2019-09-19 16:58:09,911 [IPC Server handler 0 on 42928] ERROR pipeline.PipelinePlacementPolicy (PipelinePlacementPolicy.java:meetCriteria(91)) - Pipeline Placement: Doesn't meet the criteria to be viable node. Heaviness: 6
2019-09-19 16:58:09,911 [IPC Server handler 0 on 42928] ERROR pipeline.PipelinePlacementPolicy (PipelinePlacementPolicy.java:meetCriteria(91)) - Pipeline Placement: Doesn't meet the criteria to be viable node. Heaviness: 6
2019-09-19 16:58:09,912 [IPC Server handler 0 on 42928] ERROR pipeline.PipelinePlacementPolicy (PipelinePlacementPolicy.java:meetCriteria(91)) - Pipeline Placement: Doesn't meet the criteria to be viable node. Heaviness: 6
2019-09-19 16:58:09,912 [IPC Server handler 0 on 42928] ERROR pipeline.PipelinePlacementPolicy (PipelinePlacementPolicy.java:meetCriteria(91)) - Pipeline Placement: Doesn't meet the criteria to be viable node. Heaviness: 6
2019-09-19 16:58:09,912 [IPC Server handler 0 on 42928] ERROR pipeline.PipelinePlacementPolicy (PipelinePlacementPolicy.java:meetCriteria(91)) - Pipeline Placement: Doesn't meet the criteria to be viable node. Heaviness: 6
2019-09-19 16:58:09,912 [IPC Server handler 0 on 42928] ERROR pipeline.PipelinePlacementPolicy (PipelinePlacementPolicy.java:filterViableNodes(146)) - Unable to find enough nodes that meet the criteria that cannot engage in more than 5 pipelines. Nodes required: 3 Found: 0, healthy nodes count inNodeManager: 5.
2019-09-19 16:58:09,912 [IPC Server handler 0 on 42928] ERROR pipeline.SCMPipelineManager (SCMPipelineManager.java:createPipeline(161)) - Pipeline creation failed due to exception: Unable to find enough nodes that meet the criteria that cannot engage in more than 5 pipelines. Nodes required: 3 Found: 0, healthy nodes count inNodeManager: 5.
2019-09-19 16:58:09,912 [IPC Server handler 0 on 42928] WARN  block.BlockManagerImpl (BlockManagerImpl.java:allocateBlock(192)) - Pipeline creation failed for type:RATIS factor:THREE. Retrying get pipelines call once.
org.apache.hadoop.hdds.scm.exceptions.SCMException: Unable to find enough nodes that meet the criteria that cannot engage in more than 5 pipelines. Nodes required: 3 Found: 0, healthy nodes count inNodeManager: 5.
	at org.apache.hadoop.hdds.scm.pipeline.PipelinePlacementPolicy.filterViableNodes(PipelinePlacementPolicy.java:147)
	at org.apache.hadoop.hdds.scm.pipeline.PipelinePlacementPolicy.chooseDatanodes(PipelinePlacementPolicy.java:170)
	at org.apache.hadoop.hdds.scm.pipeline.RatisPipelineProvider.create(RatisPipelineProvider.java:92)
	at org.apache.hadoop.hdds.scm.pipeline.PipelineFactory.create(PipelineFactory.java:57)
	at org.apache.hadoop.hdds.scm.pipeline.SCMPipelineManager.createPipeline(SCMPipelineManager.java:149)
	at org.apache.hadoop.hdds.scm.block.BlockManagerImpl.allocateBlock(BlockManagerImpl.java:190)
	at org.apache.hadoop.hdds.scm.server.SCMBlockProtocolServer.allocateBlock(SCMBlockProtocolServer.java:175)
	at org.apache.hadoop.ozone.protocolPB.ScmBlockLocationProtocolServerSideTranslatorPB.allocateScmBlock(ScmBlockLocationProtocolServerSideTranslatorPB.java:153)
	at org.apache.hadoop.ozone.protocolPB.ScmBlockLocationProtocolServerSideTranslatorPB.send(ScmBlockLocationProtocolServerSideTranslatorPB.java:112)
	at org.apache.hadoop.hdds.protocol.proto.ScmBlockLocationProtocolProtos$ScmBlockLocationProtocolService$2.callBlockingMethod(ScmBlockLocationProtocolProtos.java:13157)
	at org.apache.hadoop.ipc.ProtobufRpcEngine$Server$ProtoBufRpcInvoker.call(ProtobufRpcEngine.java:524)
	at org.apache.hadoop.ipc.RPC$Server.call(RPC.java:1025)
	at org.apache.hadoop.ipc.Server$RpcCall.run(Server.java:876)
	at org.apache.hadoop.ipc.Server$RpcCall.run(Server.java:822)
	at java.security.AccessController.doPrivileged(Native Method)
	at javax.security.auth.Subject.doAs(Subject.java:422)
	at org.apache.hadoop.security.UserGroupInformation.doAs(UserGroupInformation.java:1730)
	at org.apache.hadoop.ipc.Server$Handler.run(Server.java:2682)
2019-09-19 16:58:09,913 [IPC Server handler 0 on 42928] INFO  block.BlockManagerImpl (BlockManagerImpl.java:allocateBlock(198)) - Could not find available pipeline of type:RATIS and factor:THREE even after retrying
2019-09-19 16:58:09,913 [IPC Server handler 0 on 42928] ERROR block.BlockManagerImpl (BlockManagerImpl.java:allocateBlock(222)) - Unable to allocate a block for the size: 4194304, type: RATIS, factor: THREE
2019-09-19 16:58:09,914 | INFO  | SCMAudit | user=jenkins1000 | ip=192.168.157.226 | op=ALLOCATE_BLOCK {owner=2974780c-d6de-4d42-bdb1-00fcce2214f5, size=4194304, type=RATIS, factor=THREE} | ret=SUCCESS |  
2019-09-19 16:58:09,919 | ERROR | OMAudit | user=jenkins1000 | ip=127.0.0.1 | op=ALLOCATE_KEY {volume=vol-0-84052, bucket=bucket-0-62205, key=key-0-56561, dataSize=20971520, replicationType=RATIS, replicationFactor=THREE, keyLocationInfo=null} | ret=FAILURE | org.apache.hadoop.hdds.scm.exceptions.SCMException: Allocated 0 blocks. Requested 5 blocks
	at org.apache.hadoop.hdds.scm.protocolPB.ScmBlockLocationProtocolClientSideTranslatorPB.handleError(ScmBlockLocationProtocolClientSideTranslatorPB.java:118)
	at org.apache.hadoop.hdds.scm.protocolPB.ScmBlockLocationProtocolClientSideTranslatorPB.allocateBlock(ScmBlockLocationProtocolClientSideTranslatorPB.java:156) 
2019-09-19 16:58:09,924 [pool-78-thread-3] ERROR freon.RandomKeyGenerator (RandomKeyGenerator.java:createKey(724)) - Exception while adding key: key-0-56561 in bucket: bucket-0-62205 of volume: vol-0-84052.
INTERNAL_ERROR org.apache.hadoop.ozone.om.exceptions.OMException: Allocated 0 blocks. Requested 5 blocks
	at org.apache.hadoop.ozone.om.protocolPB.OzoneManagerProtocolClientSideTranslatorPB.handleError(OzoneManagerProtocolClientSideTranslatorPB.java:725)
	at org.apache.hadoop.ozone.om.protocolPB.OzoneManagerProtocolClientSideTranslatorPB.openKey(OzoneManagerProtocolClientSideTranslatorPB.java:716)
	at org.apache.hadoop.ozone.client.rpc.RpcClient.createKey(RpcClient.java:615)
	at org.apache.hadoop.ozone.client.OzoneBucket.createKey(OzoneBucket.java:323)
	at org.apache.hadoop.ozone.freon.RandomKeyGenerator.createKey(RandomKeyGenerator.java:686)
	at org.apache.hadoop.ozone.freon.RandomKeyGenerator.access$1100(RandomKeyGenerator.java:87)
	at org.apache.hadoop.ozone.freon.RandomKeyGenerator$ObjectCreator.run(RandomKeyGenerator.java:606)
	at java.util.concurrent.Executors$RunnableAdapter.call(Executors.java:511)
	at java.util.concurrent.FutureTask.run(FutureTask.java:266)
	at java.util.concurrent.ThreadPoolExecutor.runWorker(ThreadPoolExecutor.java:1149)
	at java.util.concurrent.ThreadPoolExecutor$Worker.run(ThreadPoolExecutor.java:624)
	at java.lang.Thread.run(Thread.java:748)
2019-09-19 16:58:10,159 | INFO  | SCMAudit | user=jenkins1000 | ip=192.168.157.226 | op=SEND_HEARTBEAT {datanodeUUID=1bc78e45-ac19-4b52-81ed-8b591e5dbc69, command=[]} | ret=SUCCESS |  
 0.00% |█                                                                                                    |  0/1 Time: 0:00:012019-09-19 16:58:10,569 | INFO  | SCMAudit | user=jenkins1000 | ip=192.168.157.226 | op=SEND_HEARTBEAT {datanodeUUID=d3f68efe-c22b-404c-9d92-5b3617bd70f9, command=[]} | ret=SUCCESS |  
2019-09-19 16:58:10,634 | INFO  | SCMAudit | user=jenkins1000 | ip=192.168.157.226 | op=SEND_HEARTBEAT {datanodeUUID=b4d11adf-473e-4712-a75b-8cc25b77f0f4, command=[]} | ret=SUCCESS |  
2019-09-19 16:58:10,660 | INFO  | SCMAudit | user=jenkins1000 | ip=192.168.157.226 | op=SEND_HEARTBEAT {datanodeUUID=293fb764-8d0a-4a2a-b0d4-e27863ca0d27, command=[]} | ret=SUCCESS |  
2019-09-19 16:58:10,861 | INFO  | SCMAudit | user=jenkins1000 | ip=192.168.157.226 | op=SEND_HEARTBEAT {datanodeUUID=e29bd0e7-6604-4c9e-a288-0e166e01d87e, command=[]} | ret=SUCCESS |  
2019-09-19 16:58:11,160 | INFO  | SCMAudit | user=jenkins1000 | ip=192.168.157.226 | op=SEND_HEARTBEAT {datanodeUUID=1bc78e45-ac19-4b52-81ed-8b591e5dbc69, command=[]} | ret=SUCCESS |  
 0.00% |█                                                                                                    |  0/1 Time: 0:00:022019-09-19 16:58:11,568 | INFO  | SCMAudit | user=jenkins1000 | ip=192.168.157.226 | op=SEND_HEARTBEAT {datanodeUUID=d3f68efe-c22b-404c-9d92-5b3617bd70f9, command=[]} | ret=SUCCESS |  
2019-09-19 16:58:11,633 | INFO  | SCMAudit | user=jenkins1000 | ip=192.168.157.226 | op=SEND_HEARTBEAT {datanodeUUID=b4d11adf-473e-4712-a75b-8cc25b77f0f4, command=[]} | ret=SUCCESS |  
2019-09-19 16:58:11,661 | INFO  | SCMAudit | user=jenkins1000 | ip=192.168.157.226 | op=SEND_HEARTBEAT {datanodeUUID=293fb764-8d0a-4a2a-b0d4-e27863ca0d27, command=[]} | ret=SUCCESS |  
2019-09-19 16:58:11,859 | INFO  | SCMAudit | user=jenkins1000 | ip=192.168.157.226 | op=SEND_HEARTBEAT {datanodeUUID=e29bd0e7-6604-4c9e-a288-0e166e01d87e, command=[]} | ret=SUCCESS |  
2019-09-19 16:58:12,160 | INFO  | SCMAudit | user=jenkins1000 | ip=192.168.157.226 | op=SEND_HEARTBEAT {datanodeUUID=1bc78e45-ac19-4b52-81ed-8b591e5dbc69, command=[]} | ret=SUCCESS |  
 0.00% |█                                                                                                    |  0/1 Time: 0:00:032019-09-19 16:58:12,569 | INFO  | SCMAudit | user=jenkins1000 | ip=192.168.157.226 | op=SEND_HEARTBEAT {datanodeUUID=d3f68efe-c22b-404c-9d92-5b3617bd70f9, command=[]} | ret=SUCCESS |  
2019-09-19 16:58:12,634 | INFO  | SCMAudit | user=jenkins1000 | ip=192.168.157.226 | op=SEND_HEARTBEAT {datanodeUUID=b4d11adf-473e-4712-a75b-8cc25b77f0f4, command=[]} | ret=SUCCESS |  
2019-09-19 16:58:12,660 | INFO  | SCMAudit | user=jenkins1000 | ip=192.168.157.226 | op=SEND_HEARTBEAT {datanodeUUID=293fb764-8d0a-4a2a-b0d4-e27863ca0d27, command=[]} | ret=SUCCESS |  
2019-09-19 16:58:12,874 | INFO  | SCMAudit | user=jenkins1000 | ip=192.168.157.226 | op=SEND_HEARTBEAT {datanodeUUID=e29bd0e7-6604-4c9e-a288-0e166e01d87e, command=[]} | ret=SUCCESS |  
2019-09-19 16:58:12,943 [Thread-209] INFO  impl.FollowerState (FollowerState.java:run(106)) - d3f68efe-c22b-404c-9d92-5b3617bd70f9:group-5E53ECA2A03A changes to CANDIDATE, lastRpcTime:5127, electionTimeout:5126ms
2019-09-19 16:58:12,944 [Thread-209] INFO  impl.RoleInfo (RoleInfo.java:shutdownFollowerState(121)) - d3f68efe-c22b-404c-9d92-5b3617bd70f9: shutdown FollowerState
2019-09-19 16:58:12,944 [Thread-209] INFO  impl.RaftServerImpl (RaftServerImpl.java:setRole(171)) - d3f68efe-c22b-404c-9d92-5b3617bd70f9:group-5E53ECA2A03A changes role from FOLLOWER to CANDIDATE at term 0 for changeToCandidate
2019-09-19 16:58:12,951 [Thread-209] INFO  impl.RoleInfo (RoleInfo.java:updateAndGet(143)) - d3f68efe-c22b-404c-9d92-5b3617bd70f9: start LeaderElection
2019-09-19 16:58:12,971 [d3f68efe-c22b-404c-9d92-5b3617bd70f9:group-5E53ECA2A03A:LeaderElection1] INFO  impl.LeaderElection (LeaderElection.java:askForVotes(181)) - d3f68efe-c22b-404c-9d92-5b3617bd70f9:group-5E53ECA2A03A:LeaderElection1: begin an election at term 1 for -1: [d3f68efe-c22b-404c-9d92-5b3617bd70f9:192.168.157.226:42155], old=null
2019-09-19 16:58:12,973 [d3f68efe-c22b-404c-9d92-5b3617bd70f9:group-5E53ECA2A03A:LeaderElection1] INFO  impl.RoleInfo (RoleInfo.java:shutdownLeaderElection(134)) - d3f68efe-c22b-404c-9d92-5b3617bd70f9: shutdown LeaderElection
2019-09-19 16:58:12,974 [d3f68efe-c22b-404c-9d92-5b3617bd70f9:group-5E53ECA2A03A:LeaderElection1] INFO  impl.RaftServerImpl (RaftServerImpl.java:setRole(171)) - d3f68efe-c22b-404c-9d92-5b3617bd70f9:group-5E53ECA2A03A changes role from CANDIDATE to LEADER at term 1 for changeToLeader
2019-09-19 16:58:12,974 [d3f68efe-c22b-404c-9d92-5b3617bd70f9:group-5E53ECA2A03A:LeaderElection1] INFO  impl.RaftServerImpl (ServerState.java:setLeader(263)) - d3f68efe-c22b-404c-9d92-5b3617bd70f9:group-5E53ECA2A03A change Leader from null to d3f68efe-c22b-404c-9d92-5b3617bd70f9 at term 1 for becomeLeader, leader elected after 5245ms
2019-09-19 16:58:12,984 [d3f68efe-c22b-404c-9d92-5b3617bd70f9:group-5E53ECA2A03A:LeaderElection1] INFO  server.RaftServerConfigKeys (ConfUtils.java:logGet(43)) - raft.server.staging.catchup.gap = 1000 (default)
2019-09-19 16:58:12,984 [d3f68efe-c22b-404c-9d92-5b3617bd70f9:group-5E53ECA2A03A:LeaderElection1] INFO  server.RaftServerConfigKeys (ConfUtils.java:logGet(43)) - raft.server.rpc.sleep.time = 25ms (default)
2019-09-19 16:58:12,988 [d3f68efe-c22b-404c-9d92-5b3617bd70f9:group-5E53ECA2A03A:LeaderElection1] INFO  server.RaftServerConfigKeys (ConfUtils.java:logGet(43)) - raft.server.write.element-limit = 4096 (default)
2019-09-19 16:58:12,991 [d3f68efe-c22b-404c-9d92-5b3617bd70f9:group-5E53ECA2A03A:LeaderElection1] INFO  server.RaftServerConfigKeys (ConfUtils.java:logGet(43)) - raft.server.watch.timeout = 10s (default)
2019-09-19 16:58:12,991 [d3f68efe-c22b-404c-9d92-5b3617bd70f9:group-5E53ECA2A03A:LeaderElection1] INFO  server.RaftServerConfigKeys (ConfUtils.java:logGet(43)) - raft.server.watch.timeout.denomination = 1s (default)
2019-09-19 16:58:12,992 [d3f68efe-c22b-404c-9d92-5b3617bd70f9:group-5E53ECA2A03A:LeaderElection1] INFO  server.RaftServerConfigKeys (ConfUtils.java:logGet(43)) - raft.server.watch.element-limit = 65536 (default)
2019-09-19 16:58:13,003 [d3f68efe-c22b-404c-9d92-5b3617bd70f9:group-5E53ECA2A03A:LeaderElection1] INFO  impl.RoleInfo (RoleInfo.java:updateAndGet(143)) - d3f68efe-c22b-404c-9d92-5b3617bd70f9: start LeaderState
2019-09-19 16:58:13,028 [d3f68efe-c22b-404c-9d92-5b3617bd70f9:group-5E53ECA2A03A:LeaderElection1] INFO  segmented.SegmentedRaftLogWorker (SegmentedRaftLogWorker.java:startLogSegment(380)) - d3f68efe-c22b-404c-9d92-5b3617bd70f9-SegmentedRaftLogWorker:Storage Directory /workdir/hadoop-ozone/tools/target/test-dir/MiniOzoneClusterImpl-07aed8b0-4e05-46c5-ad79-a4210fff6c42/datanode-0/data/ratis/83649b16-14c6-4743-83fe-5e53eca2a03a: Starting segment from index:0
2019-09-19 16:58:13,038 [d3f68efe-c22b-404c-9d92-5b3617bd70f9:group-5E53ECA2A03A:LeaderElection1] INFO  impl.RaftServerImpl (ServerState.java:setRaftConf(361)) - d3f68efe-c22b-404c-9d92-5b3617bd70f9:group-5E53ECA2A03A set configuration 0: [d3f68efe-c22b-404c-9d92-5b3617bd70f9:192.168.157.226:42155], old=null at 0
2019-09-19 16:58:13,115 [Thread-212] INFO  impl.FollowerState (FollowerState.java:run(106)) - e29bd0e7-6604-4c9e-a288-0e166e01d87e:group-5563E1354AE8 changes to CANDIDATE, lastRpcTime:5101, electionTimeout:5099ms
2019-09-19 16:58:13,118 [Thread-215] INFO  impl.FollowerState (FollowerState.java:run(106)) - e29bd0e7-6604-4c9e-a288-0e166e01d87e:group-F666BEBD4950 changes to CANDIDATE, lastRpcTime:5009, electionTimeout:5009ms
2019-09-19 16:58:13,118 [Thread-212] INFO  impl.RoleInfo (RoleInfo.java:shutdownFollowerState(121)) - e29bd0e7-6604-4c9e-a288-0e166e01d87e: shutdown FollowerState
2019-09-19 16:58:13,118 [Thread-215] INFO  impl.RoleInfo (RoleInfo.java:shutdownFollowerState(121)) - e29bd0e7-6604-4c9e-a288-0e166e01d87e: shutdown FollowerState
2019-09-19 16:58:13,118 [Thread-212] INFO  impl.RaftServerImpl (RaftServerImpl.java:setRole(171)) - e29bd0e7-6604-4c9e-a288-0e166e01d87e:group-5563E1354AE8 changes role from FOLLOWER to CANDIDATE at term 0 for changeToCandidate
2019-09-19 16:58:13,118 [Thread-215] INFO  impl.RaftServerImpl (RaftServerImpl.java:setRole(171)) - e29bd0e7-6604-4c9e-a288-0e166e01d87e:group-F666BEBD4950 changes role from FOLLOWER to CANDIDATE at term 0 for changeToCandidate
2019-09-19 16:58:13,119 [Thread-212] INFO  impl.RoleInfo (RoleInfo.java:updateAndGet(143)) - e29bd0e7-6604-4c9e-a288-0e166e01d87e: start LeaderElection
2019-09-19 16:58:13,119 [Thread-215] INFO  impl.RoleInfo (RoleInfo.java:updateAndGet(143)) - e29bd0e7-6604-4c9e-a288-0e166e01d87e: start LeaderElection
2019-09-19 16:58:13,151 [e29bd0e7-6604-4c9e-a288-0e166e01d87e:group-F666BEBD4950:LeaderElection3] INFO  impl.LeaderElection (LeaderElection.java:askForVotes(181)) - e29bd0e7-6604-4c9e-a288-0e166e01d87e:group-F666BEBD4950:LeaderElection3: begin an election at term 1 for -1: [e29bd0e7-6604-4c9e-a288-0e166e01d87e:192.168.157.226:38132], old=null
2019-09-19 16:58:13,151 [e29bd0e7-6604-4c9e-a288-0e166e01d87e:group-5563E1354AE8:LeaderElection2] INFO  impl.LeaderElection (LeaderElection.java:askForVotes(181)) - e29bd0e7-6604-4c9e-a288-0e166e01d87e:group-5563E1354AE8:LeaderElection2: begin an election at term 1 for -1: [e29bd0e7-6604-4c9e-a288-0e166e01d87e:192.168.157.226:38132], old=null
2019-09-19 16:58:13,153 [e29bd0e7-6604-4c9e-a288-0e166e01d87e:group-F666BEBD4950:LeaderElection3] INFO  impl.RoleInfo (RoleInfo.java:shutdownLeaderElection(134)) - e29bd0e7-6604-4c9e-a288-0e166e01d87e: shutdown LeaderElection
2019-09-19 16:58:13,153 [e29bd0e7-6604-4c9e-a288-0e166e01d87e:group-5563E1354AE8:LeaderElection2] INFO  impl.RoleInfo (RoleInfo.java:shutdownLeaderElection(134)) - e29bd0e7-6604-4c9e-a288-0e166e01d87e: shutdown LeaderElection
2019-09-19 16:58:13,153 [e29bd0e7-6604-4c9e-a288-0e166e01d87e:group-F666BEBD4950:LeaderElection3] INFO  impl.RaftServerImpl (RaftServerImpl.java:setRole(171)) - e29bd0e7-6604-4c9e-a288-0e166e01d87e:group-F666BEBD4950 changes role from CANDIDATE to LEADER at term 1 for changeToLeader
2019-09-19 16:58:13,153 [e29bd0e7-6604-4c9e-a288-0e166e01d87e:group-5563E1354AE8:LeaderElection2] INFO  impl.RaftServerImpl (RaftServerImpl.java:setRole(171)) - e29bd0e7-6604-4c9e-a288-0e166e01d87e:group-5563E1354AE8 changes role from CANDIDATE to LEADER at term 1 for changeToLeader
2019-09-19 16:58:13,153 [e29bd0e7-6604-4c9e-a288-0e166e01d87e:group-F666BEBD4950:LeaderElection3] INFO  impl.RaftServerImpl (ServerState.java:setLeader(263)) - e29bd0e7-6604-4c9e-a288-0e166e01d87e:group-F666BEBD4950 change Leader from null to e29bd0e7-6604-4c9e-a288-0e166e01d87e at term 1 for becomeLeader, leader elected after 5051ms
2019-09-19 16:58:13,153 [e29bd0e7-6604-4c9e-a288-0e166e01d87e:group-5563E1354AE8:LeaderElection2] INFO  impl.RaftServerImpl (ServerState.java:setLeader(263)) - e29bd0e7-6604-4c9e-a288-0e166e01d87e:group-5563E1354AE8 change Leader from null to e29bd0e7-6604-4c9e-a288-0e166e01d87e at term 1 for becomeLeader, leader elected after 5150ms
2019-09-19 16:58:13,155 [e29bd0e7-6604-4c9e-a288-0e166e01d87e:group-F666BEBD4950:LeaderElection3] INFO  server.RaftServerConfigKeys (ConfUtils.java:logGet(43)) - raft.server.staging.catchup.gap = 1000 (default)
2019-09-19 16:58:13,155 [e29bd0e7-6604-4c9e-a288-0e166e01d87e:group-5563E1354AE8:LeaderElection2] INFO  server.RaftServerConfigKeys (ConfUtils.java:logGet(43)) - raft.server.staging.catchup.gap = 1000 (default)
2019-09-19 16:58:13,155 [e29bd0e7-6604-4c9e-a288-0e166e01d87e:group-F666BEBD4950:LeaderElection3] INFO  server.RaftServerConfigKeys (ConfUtils.java:logGet(43)) - raft.server.rpc.sleep.time = 25ms (default)
2019-09-19 16:58:13,155 [e29bd0e7-6604-4c9e-a288-0e166e01d87e:group-5563E1354AE8:LeaderElection2] INFO  server.RaftServerConfigKeys (ConfUtils.java:logGet(43)) - raft.server.rpc.sleep.time = 25ms (default)
2019-09-19 16:58:13,155 [e29bd0e7-6604-4c9e-a288-0e166e01d87e:group-F666BEBD4950:LeaderElection3] INFO  server.RaftServerConfigKeys (ConfUtils.java:logGet(43)) - raft.server.write.element-limit = 4096 (default)
2019-09-19 16:58:13,155 [e29bd0e7-6604-4c9e-a288-0e166e01d87e:group-5563E1354AE8:LeaderElection2] INFO  server.RaftServerConfigKeys (ConfUtils.java:logGet(43)) - raft.server.write.element-limit = 4096 (default)
2019-09-19 16:58:13,155 [e29bd0e7-6604-4c9e-a288-0e166e01d87e:group-F666BEBD4950:LeaderElection3] INFO  server.RaftServerConfigKeys (ConfUtils.java:logGet(43)) - raft.server.watch.timeout = 10s (default)
2019-09-19 16:58:13,155 [e29bd0e7-6604-4c9e-a288-0e166e01d87e:group-5563E1354AE8:LeaderElection2] INFO  server.RaftServerConfigKeys (ConfUtils.java:logGet(43)) - raft.server.watch.timeout = 10s (default)
2019-09-19 16:58:13,156 [e29bd0e7-6604-4c9e-a288-0e166e01d87e:group-F666BEBD4950:LeaderElection3] INFO  server.RaftServerConfigKeys (ConfUtils.java:logGet(43)) - raft.server.watch.timeout.denomination = 1s (default)
2019-09-19 16:58:13,156 [e29bd0e7-6604-4c9e-a288-0e166e01d87e:group-5563E1354AE8:LeaderElection2] INFO  server.RaftServerConfigKeys (ConfUtils.java:logGet(43)) - raft.server.watch.timeout.denomination = 1s (default)
2019-09-19 16:58:13,156 [e29bd0e7-6604-4c9e-a288-0e166e01d87e:group-F666BEBD4950:LeaderElection3] INFO  server.RaftServerConfigKeys (ConfUtils.java:logGet(43)) - raft.server.watch.element-limit = 65536 (default)
2019-09-19 16:58:13,156 [e29bd0e7-6604-4c9e-a288-0e166e01d87e:group-5563E1354AE8:LeaderElection2] INFO  server.RaftServerConfigKeys (ConfUtils.java:logGet(43)) - raft.server.watch.element-limit = 65536 (default)
2019-09-19 16:58:13,156 [e29bd0e7-6604-4c9e-a288-0e166e01d87e:group-F666BEBD4950:LeaderElection3] INFO  impl.RoleInfo (RoleInfo.java:updateAndGet(143)) - e29bd0e7-6604-4c9e-a288-0e166e01d87e: start LeaderState
2019-09-19 16:58:13,156 [e29bd0e7-6604-4c9e-a288-0e166e01d87e:group-5563E1354AE8:LeaderElection2] INFO  impl.RoleInfo (RoleInfo.java:updateAndGet(143)) - e29bd0e7-6604-4c9e-a288-0e166e01d87e: start LeaderState
2019-09-19 16:58:13,157 [e29bd0e7-6604-4c9e-a288-0e166e01d87e:group-5563E1354AE8:LeaderElection2] INFO  segmented.SegmentedRaftLogWorker (SegmentedRaftLogWorker.java:startLogSegment(380)) - e29bd0e7-6604-4c9e-a288-0e166e01d87e-SegmentedRaftLogWorker:Storage Directory /workdir/hadoop-ozone/tools/target/test-dir/MiniOzoneClusterImpl-07aed8b0-4e05-46c5-ad79-a4210fff6c42/datanode-1/data/ratis/57fe929c-5020-4652-82fc-5563e1354ae8: Starting segment from index:0
2019-09-19 16:58:13,157 [e29bd0e7-6604-4c9e-a288-0e166e01d87e:group-F666BEBD4950:LeaderElection3] INFO  segmented.SegmentedRaftLogWorker (SegmentedRaftLogWorker.java:startLogSegment(380)) - e29bd0e7-6604-4c9e-a288-0e166e01d87e-SegmentedRaftLogWorker:Storage Directory /workdir/hadoop-ozone/tools/target/test-dir/MiniOzoneClusterImpl-07aed8b0-4e05-46c5-ad79-a4210fff6c42/datanode-1/data/ratis/73a092c0-d2c3-45b8-a0d7-f666bebd4950: Starting segment from index:0
2019-09-19 16:58:13,157 [e29bd0e7-6604-4c9e-a288-0e166e01d87e:group-5563E1354AE8:LeaderElection2] INFO  impl.RaftServerImpl (ServerState.java:setRaftConf(361)) - e29bd0e7-6604-4c9e-a288-0e166e01d87e:group-5563E1354AE8 set configuration 0: [e29bd0e7-6604-4c9e-a288-0e166e01d87e:192.168.157.226:38132], old=null at 0
2019-09-19 16:58:13,159 [e29bd0e7-6604-4c9e-a288-0e166e01d87e:group-F666BEBD4950:LeaderElection3] INFO  impl.RaftServerImpl (ServerState.java:setRaftConf(361)) - e29bd0e7-6604-4c9e-a288-0e166e01d87e:group-F666BEBD4950 set configuration 0: [e29bd0e7-6604-4c9e-a288-0e166e01d87e:192.168.157.226:38132], old=null at 0
2019-09-19 16:58:13,158 | INFO  | SCMAudit | user=jenkins1000 | ip=192.168.157.226 | op=SEND_HEARTBEAT {datanodeUUID=1bc78e45-ac19-4b52-81ed-8b591e5dbc69, command=[]} | ret=SUCCESS |  
 0.00% |█                                                                                                    |  0/1 Time: 0:00:042019-09-19 16:58:13,276 [Thread-218] INFO  impl.FollowerState (FollowerState.java:run(106)) - d3f68efe-c22b-404c-9d92-5b3617bd70f9:group-AB7AE3DD3632 changes to CANDIDATE, lastRpcTime:5085, electionTimeout:5085ms
2019-09-19 16:58:13,276 [Thread-218] INFO  impl.RoleInfo (RoleInfo.java:shutdownFollowerState(121)) - d3f68efe-c22b-404c-9d92-5b3617bd70f9: shutdown FollowerState
2019-09-19 16:58:13,276 [Thread-218] INFO  impl.RaftServerImpl (RaftServerImpl.java:setRole(171)) - d3f68efe-c22b-404c-9d92-5b3617bd70f9:group-AB7AE3DD3632 changes role from FOLLOWER to CANDIDATE at term 0 for changeToCandidate
2019-09-19 16:58:13,276 [Thread-218] INFO  impl.RoleInfo (RoleInfo.java:updateAndGet(143)) - d3f68efe-c22b-404c-9d92-5b3617bd70f9: start LeaderElection
2019-09-19 16:58:13,288 [e29bd0e7-6604-4c9e-a288-0e166e01d87e-SegmentedRaftLogWorker:Storage Directory /workdir/hadoop-ozone/tools/target/test-dir/MiniOzoneClusterImpl-07aed8b0-4e05-46c5-ad79-a4210fff6c42/datanode-1/data/ratis/73a092c0-d2c3-45b8-a0d7-f666bebd4950] INFO  segmented.SegmentedRaftLogWorker (SegmentedRaftLogWorker.java:execute(569)) - e29bd0e7-6604-4c9e-a288-0e166e01d87e-SegmentedRaftLogWorker:Storage Directory /workdir/hadoop-ozone/tools/target/test-dir/MiniOzoneClusterImpl-07aed8b0-4e05-46c5-ad79-a4210fff6c42/datanode-1/data/ratis/73a092c0-d2c3-45b8-a0d7-f666bebd4950: created new log segment /workdir/hadoop-ozone/tools/target/test-dir/MiniOzoneClusterImpl-07aed8b0-4e05-46c5-ad79-a4210fff6c42/datanode-1/data/ratis/73a092c0-d2c3-45b8-a0d7-f666bebd4950/current/log_inprogress_0
2019-09-19 16:58:13,288 [e29bd0e7-6604-4c9e-a288-0e166e01d87e-SegmentedRaftLogWorker:Storage Directory /workdir/hadoop-ozone/tools/target/test-dir/MiniOzoneClusterImpl-07aed8b0-4e05-46c5-ad79-a4210fff6c42/datanode-1/data/ratis/57fe929c-5020-4652-82fc-5563e1354ae8] INFO  segmented.SegmentedRaftLogWorker (SegmentedRaftLogWorker.java:execute(569)) - e29bd0e7-6604-4c9e-a288-0e166e01d87e-SegmentedRaftLogWorker:Storage Directory /workdir/hadoop-ozone/tools/target/test-dir/MiniOzoneClusterImpl-07aed8b0-4e05-46c5-ad79-a4210fff6c42/datanode-1/data/ratis/57fe929c-5020-4652-82fc-5563e1354ae8: created new log segment /workdir/hadoop-ozone/tools/target/test-dir/MiniOzoneClusterImpl-07aed8b0-4e05-46c5-ad79-a4210fff6c42/datanode-1/data/ratis/57fe929c-5020-4652-82fc-5563e1354ae8/current/log_inprogress_0
2019-09-19 16:58:13,288 [d3f68efe-c22b-404c-9d92-5b3617bd70f9-SegmentedRaftLogWorker:Storage Directory /workdir/hadoop-ozone/tools/target/test-dir/MiniOzoneClusterImpl-07aed8b0-4e05-46c5-ad79-a4210fff6c42/datanode-0/data/ratis/83649b16-14c6-4743-83fe-5e53eca2a03a] INFO  segmented.SegmentedRaftLogWorker (SegmentedRaftLogWorker.java:execute(569)) - d3f68efe-c22b-404c-9d92-5b3617bd70f9-SegmentedRaftLogWorker:Storage Directory /workdir/hadoop-ozone/tools/target/test-dir/MiniOzoneClusterImpl-07aed8b0-4e05-46c5-ad79-a4210fff6c42/datanode-0/data/ratis/83649b16-14c6-4743-83fe-5e53eca2a03a: created new log segment /workdir/hadoop-ozone/tools/target/test-dir/MiniOzoneClusterImpl-07aed8b0-4e05-46c5-ad79-a4210fff6c42/datanode-0/data/ratis/83649b16-14c6-4743-83fe-5e53eca2a03a/current/log_inprogress_0
2019-09-19 16:58:13,290 [d3f68efe-c22b-404c-9d92-5b3617bd70f9:group-AB7AE3DD3632:LeaderElection4] INFO  impl.LeaderElection (LeaderElection.java:askForVotes(181)) - d3f68efe-c22b-404c-9d92-5b3617bd70f9:group-AB7AE3DD3632:LeaderElection4: begin an election at term 1 for -1: [d3f68efe-c22b-404c-9d92-5b3617bd70f9:192.168.157.226:42155], old=null
2019-09-19 16:58:13,292 [d3f68efe-c22b-404c-9d92-5b3617bd70f9:group-AB7AE3DD3632:LeaderElection4] INFO  impl.RoleInfo (RoleInfo.java:shutdownLeaderElection(134)) - d3f68efe-c22b-404c-9d92-5b3617bd70f9: shutdown LeaderElection
2019-09-19 16:58:13,292 [d3f68efe-c22b-404c-9d92-5b3617bd70f9:group-AB7AE3DD3632:LeaderElection4] INFO  impl.RaftServerImpl (RaftServerImpl.java:setRole(171)) - d3f68efe-c22b-404c-9d92-5b3617bd70f9:group-AB7AE3DD3632 changes role from CANDIDATE to LEADER at term 1 for changeToLeader
2019-09-19 16:58:13,292 [d3f68efe-c22b-404c-9d92-5b3617bd70f9:group-AB7AE3DD3632:LeaderElection4] INFO  impl.RaftServerImpl (ServerState.java:setLeader(263)) - d3f68efe-c22b-404c-9d92-5b3617bd70f9:group-AB7AE3DD3632 change Leader from null to d3f68efe-c22b-404c-9d92-5b3617bd70f9 at term 1 for becomeLeader, leader elected after 5107ms
2019-09-19 16:58:13,292 [d3f68efe-c22b-404c-9d92-5b3617bd70f9:group-AB7AE3DD3632:LeaderElection4] INFO  server.RaftServerConfigKeys (ConfUtils.java:logGet(43)) - raft.server.staging.catchup.gap = 1000 (default)
2019-09-19 16:58:13,293 [d3f68efe-c22b-404c-9d92-5b3617bd70f9:group-AB7AE3DD3632:LeaderElection4] INFO  server.RaftServerConfigKeys (ConfUtils.java:logGet(43)) - raft.server.rpc.sleep.time = 25ms (default)
2019-09-19 16:58:13,293 [d3f68efe-c22b-404c-9d92-5b3617bd70f9:group-AB7AE3DD3632:LeaderElection4] INFO  server.RaftServerConfigKeys (ConfUtils.java:logGet(43)) - raft.server.write.element-limit = 4096 (default)
2019-09-19 16:58:13,293 [d3f68efe-c22b-404c-9d92-5b3617bd70f9:group-AB7AE3DD3632:LeaderElection4] INFO  server.RaftServerConfigKeys (ConfUtils.java:logGet(43)) - raft.server.watch.timeout = 10s (default)
2019-09-19 16:58:13,293 [d3f68efe-c22b-404c-9d92-5b3617bd70f9:group-AB7AE3DD3632:LeaderElection4] INFO  server.RaftServerConfigKeys (ConfUtils.java:logGet(43)) - raft.server.watch.timeout.denomination = 1s (default)
2019-09-19 16:58:13,293 [d3f68efe-c22b-404c-9d92-5b3617bd70f9:group-AB7AE3DD3632:LeaderElection4] INFO  server.RaftServerConfigKeys (ConfUtils.java:logGet(43)) - raft.server.watch.element-limit = 65536 (default)
2019-09-19 16:58:13,294 [d3f68efe-c22b-404c-9d92-5b3617bd70f9:group-AB7AE3DD3632:LeaderElection4] INFO  impl.RoleInfo (RoleInfo.java:updateAndGet(143)) - d3f68efe-c22b-404c-9d92-5b3617bd70f9: start LeaderState
2019-09-19 16:58:13,294 [d3f68efe-c22b-404c-9d92-5b3617bd70f9:group-AB7AE3DD3632:LeaderElection4] INFO  segmented.SegmentedRaftLogWorker (SegmentedRaftLogWorker.java:startLogSegment(380)) - d3f68efe-c22b-404c-9d92-5b3617bd70f9-SegmentedRaftLogWorker:Storage Directory /workdir/hadoop-ozone/tools/target/test-dir/MiniOzoneClusterImpl-07aed8b0-4e05-46c5-ad79-a4210fff6c42/datanode-0/data/ratis/aa94096b-5523-43ed-8cb9-ab7ae3dd3632: Starting segment from index:0
2019-09-19 16:58:13,295 [d3f68efe-c22b-404c-9d92-5b3617bd70f9:group-AB7AE3DD3632:LeaderElection4] INFO  impl.RaftServerImpl (ServerState.java:setRaftConf(361)) - d3f68efe-c22b-404c-9d92-5b3617bd70f9:group-AB7AE3DD3632 set configuration 0: [d3f68efe-c22b-404c-9d92-5b3617bd70f9:192.168.157.226:42155], old=null at 0
2019-09-19 16:58:13,323 [Thread-221] INFO  impl.FollowerState (FollowerState.java:run(106)) - e29bd0e7-6604-4c9e-a288-0e166e01d87e:group-5E0C18807813 changes to CANDIDATE, lastRpcTime:5037, electionTimeout:5037ms
2019-09-19 16:58:13,325 [Thread-221] INFO  impl.RoleInfo (RoleInfo.java:shutdownFollowerState(121)) - e29bd0e7-6604-4c9e-a288-0e166e01d87e: shutdown FollowerState
2019-09-19 16:58:13,325 [Thread-221] INFO  impl.RaftServerImpl (RaftServerImpl.java:setRole(171)) - e29bd0e7-6604-4c9e-a288-0e166e01d87e:group-5E0C18807813 changes role from FOLLOWER to CANDIDATE at term 0 for changeToCandidate
2019-09-19 16:58:13,325 [Thread-221] INFO  impl.RoleInfo (RoleInfo.java:updateAndGet(143)) - e29bd0e7-6604-4c9e-a288-0e166e01d87e: start LeaderElection
2019-09-19 16:58:13,335 [d3f68efe-c22b-404c-9d92-5b3617bd70f9-SegmentedRaftLogWorker:Storage Directory /workdir/hadoop-ozone/tools/target/test-dir/MiniOzoneClusterImpl-07aed8b0-4e05-46c5-ad79-a4210fff6c42/datanode-0/data/ratis/aa94096b-5523-43ed-8cb9-ab7ae3dd3632] INFO  segmented.SegmentedRaftLogWorker (SegmentedRaftLogWorker.java:execute(569)) - d3f68efe-c22b-404c-9d92-5b3617bd70f9-SegmentedRaftLogWorker:Storage Directory /workdir/hadoop-ozone/tools/target/test-dir/MiniOzoneClusterImpl-07aed8b0-4e05-46c5-ad79-a4210fff6c42/datanode-0/data/ratis/aa94096b-5523-43ed-8cb9-ab7ae3dd3632: created new log segment /workdir/hadoop-ozone/tools/target/test-dir/MiniOzoneClusterImpl-07aed8b0-4e05-46c5-ad79-a4210fff6c42/datanode-0/data/ratis/aa94096b-5523-43ed-8cb9-ab7ae3dd3632/current/log_inprogress_0
2019-09-19 16:58:13,335 [e29bd0e7-6604-4c9e-a288-0e166e01d87e:group-5E0C18807813:LeaderElection5] INFO  impl.LeaderElection (LeaderElection.java:askForVotes(181)) - e29bd0e7-6604-4c9e-a288-0e166e01d87e:group-5E0C18807813:LeaderElection5: begin an election at term 1 for -1: [e29bd0e7-6604-4c9e-a288-0e166e01d87e:192.168.157.226:38132], old=null
2019-09-19 16:58:13,336 [e29bd0e7-6604-4c9e-a288-0e166e01d87e:group-5E0C18807813:LeaderElection5] INFO  impl.RoleInfo (RoleInfo.java:shutdownLeaderElection(134)) - e29bd0e7-6604-4c9e-a288-0e166e01d87e: shutdown LeaderElection
2019-09-19 16:58:13,336 [e29bd0e7-6604-4c9e-a288-0e166e01d87e:group-5E0C18807813:LeaderElection5] INFO  impl.RaftServerImpl (RaftServerImpl.java:setRole(171)) - e29bd0e7-6604-4c9e-a288-0e166e01d87e:group-5E0C18807813 changes role from CANDIDATE to LEADER at term 1 for changeToLeader
2019-09-19 16:58:13,336 [e29bd0e7-6604-4c9e-a288-0e166e01d87e:group-5E0C18807813:LeaderElection5] INFO  impl.RaftServerImpl (ServerState.java:setLeader(263)) - e29bd0e7-6604-4c9e-a288-0e166e01d87e:group-5E0C18807813 change Leader from null to e29bd0e7-6604-4c9e-a288-0e166e01d87e at term 1 for becomeLeader, leader elected after 5056ms
2019-09-19 16:58:13,336 [e29bd0e7-6604-4c9e-a288-0e166e01d87e:group-5E0C18807813:LeaderElection5] INFO  server.RaftServerConfigKeys (ConfUtils.java:logGet(43)) - raft.server.staging.catchup.gap = 1000 (default)
2019-09-19 16:58:13,336 [e29bd0e7-6604-4c9e-a288-0e166e01d87e:group-5E0C18807813:LeaderElection5] INFO  server.RaftServerConfigKeys (ConfUtils.java:logGet(43)) - raft.server.rpc.sleep.time = 25ms (default)
2019-09-19 16:58:13,337 [e29bd0e7-6604-4c9e-a288-0e166e01d87e:group-5E0C18807813:LeaderElection5] INFO  server.RaftServerConfigKeys (ConfUtils.java:logGet(43)) - raft.server.write.element-limit = 4096 (default)
2019-09-19 16:58:13,337 [e29bd0e7-6604-4c9e-a288-0e166e01d87e:group-5E0C18807813:LeaderElection5] INFO  server.RaftServerConfigKeys (ConfUtils.java:logGet(43)) - raft.server.watch.timeout = 10s (default)
2019-09-19 16:58:13,337 [e29bd0e7-6604-4c9e-a288-0e166e01d87e:group-5E0C18807813:LeaderElection5] INFO  server.RaftServerConfigKeys (ConfUtils.java:logGet(43)) - raft.server.watch.timeout.denomination = 1s (default)
2019-09-19 16:58:13,337 [e29bd0e7-6604-4c9e-a288-0e166e01d87e:group-5E0C18807813:LeaderElection5] INFO  server.RaftServerConfigKeys (ConfUtils.java:logGet(43)) - raft.server.watch.element-limit = 65536 (default)
2019-09-19 16:58:13,338 [e29bd0e7-6604-4c9e-a288-0e166e01d87e:group-5E0C18807813:LeaderElection5] INFO  impl.RoleInfo (RoleInfo.java:updateAndGet(143)) - e29bd0e7-6604-4c9e-a288-0e166e01d87e: start LeaderState
2019-09-19 16:58:13,338 [e29bd0e7-6604-4c9e-a288-0e166e01d87e:group-5E0C18807813:LeaderElection5] INFO  segmented.SegmentedRaftLogWorker (SegmentedRaftLogWorker.java:startLogSegment(380)) - e29bd0e7-6604-4c9e-a288-0e166e01d87e-SegmentedRaftLogWorker:Storage Directory /workdir/hadoop-ozone/tools/target/test-dir/MiniOzoneClusterImpl-07aed8b0-4e05-46c5-ad79-a4210fff6c42/datanode-1/data/ratis/3dbba961-52dc-4b57-b6a5-5e0c18807813: Starting segment from index:0
2019-09-19 16:58:13,339 [e29bd0e7-6604-4c9e-a288-0e166e01d87e:group-5E0C18807813:LeaderElection5] INFO  impl.RaftServerImpl (ServerState.java:setRaftConf(361)) - e29bd0e7-6604-4c9e-a288-0e166e01d87e:group-5E0C18807813 set configuration 0: [e29bd0e7-6604-4c9e-a288-0e166e01d87e:192.168.157.226:38132], old=null at 0
2019-09-19 16:58:13,389 [e29bd0e7-6604-4c9e-a288-0e166e01d87e-SegmentedRaftLogWorker:Storage Directory /workdir/hadoop-ozone/tools/target/test-dir/MiniOzoneClusterImpl-07aed8b0-4e05-46c5-ad79-a4210fff6c42/datanode-1/data/ratis/3dbba961-52dc-4b57-b6a5-5e0c18807813] INFO  segmented.SegmentedRaftLogWorker (SegmentedRaftLogWorker.java:execute(569)) - e29bd0e7-6604-4c9e-a288-0e166e01d87e-SegmentedRaftLogWorker:Storage Directory /workdir/hadoop-ozone/tools/target/test-dir/MiniOzoneClusterImpl-07aed8b0-4e05-46c5-ad79-a4210fff6c42/datanode-1/data/ratis/3dbba961-52dc-4b57-b6a5-5e0c18807813: created new log segment /workdir/hadoop-ozone/tools/target/test-dir/MiniOzoneClusterImpl-07aed8b0-4e05-46c5-ad79-a4210fff6c42/datanode-1/data/ratis/3dbba961-52dc-4b57-b6a5-5e0c18807813/current/log_inprogress_0
2019-09-19 16:58:13,472 [Thread-224] INFO  impl.FollowerState (FollowerState.java:run(106)) - e29bd0e7-6604-4c9e-a288-0e166e01d87e:group-68D30C0B41BF changes to CANDIDATE, lastRpcTime:5103, electionTimeout:5103ms
2019-09-19 16:58:13,472 [Thread-224] INFO  impl.RoleInfo (RoleInfo.java:shutdownFollowerState(121)) - e29bd0e7-6604-4c9e-a288-0e166e01d87e: shutdown FollowerState
2019-09-19 16:58:13,472 [Thread-224] INFO  impl.RaftServerImpl (RaftServerImpl.java:setRole(171)) - e29bd0e7-6604-4c9e-a288-0e166e01d87e:group-68D30C0B41BF changes role from FOLLOWER to CANDIDATE at term 0 for changeToCandidate
2019-09-19 16:58:13,473 [Thread-224] INFO  impl.RoleInfo (RoleInfo.java:updateAndGet(143)) - e29bd0e7-6604-4c9e-a288-0e166e01d87e: start LeaderElection
2019-09-19 16:58:13,487 [Thread-227] INFO  impl.FollowerState (FollowerState.java:run(106)) - 293fb764-8d0a-4a2a-b0d4-e27863ca0d27:group-DD1D4D872E5F changes to CANDIDATE, lastRpcTime:5046, electionTimeout:5046ms
2019-09-19 16:58:13,489 [Thread-227] INFO  impl.RoleInfo (RoleInfo.java:shutdownFollowerState(121)) - 293fb764-8d0a-4a2a-b0d4-e27863ca0d27: shutdown FollowerState
2019-09-19 16:58:13,489 [Thread-227] INFO  impl.RaftServerImpl (RaftServerImpl.java:setRole(171)) - 293fb764-8d0a-4a2a-b0d4-e27863ca0d27:group-DD1D4D872E5F changes role from FOLLOWER to CANDIDATE at term 0 for changeToCandidate
2019-09-19 16:58:13,489 [Thread-227] INFO  impl.RoleInfo (RoleInfo.java:updateAndGet(143)) - 293fb764-8d0a-4a2a-b0d4-e27863ca0d27: start LeaderElection
2019-09-19 16:58:13,493 [e29bd0e7-6604-4c9e-a288-0e166e01d87e:group-68D30C0B41BF:LeaderElection6] INFO  impl.LeaderElection (LeaderElection.java:askForVotes(181)) - e29bd0e7-6604-4c9e-a288-0e166e01d87e:group-68D30C0B41BF:LeaderElection6: begin an election at term 1 for -1: [e29bd0e7-6604-4c9e-a288-0e166e01d87e:192.168.157.226:38132], old=null
2019-09-19 16:58:13,494 [e29bd0e7-6604-4c9e-a288-0e166e01d87e:group-68D30C0B41BF:LeaderElection6] INFO  impl.RoleInfo (RoleInfo.java:shutdownLeaderElection(134)) - e29bd0e7-6604-4c9e-a288-0e166e01d87e: shutdown LeaderElection
2019-09-19 16:58:13,495 [e29bd0e7-6604-4c9e-a288-0e166e01d87e:group-68D30C0B41BF:LeaderElection6] INFO  impl.RaftServerImpl (RaftServerImpl.java:setRole(171)) - e29bd0e7-6604-4c9e-a288-0e166e01d87e:group-68D30C0B41BF changes role from CANDIDATE to LEADER at term 1 for changeToLeader
2019-09-19 16:58:13,495 [e29bd0e7-6604-4c9e-a288-0e166e01d87e:group-68D30C0B41BF:LeaderElection6] INFO  impl.RaftServerImpl (ServerState.java:setLeader(263)) - e29bd0e7-6604-4c9e-a288-0e166e01d87e:group-68D30C0B41BF change Leader from null to e29bd0e7-6604-4c9e-a288-0e166e01d87e at term 1 for becomeLeader, leader elected after 5131ms
2019-09-19 16:58:13,495 [e29bd0e7-6604-4c9e-a288-0e166e01d87e:group-68D30C0B41BF:LeaderElection6] INFO  server.RaftServerConfigKeys (ConfUtils.java:logGet(43)) - raft.server.staging.catchup.gap = 1000 (default)
2019-09-19 16:58:13,495 [e29bd0e7-6604-4c9e-a288-0e166e01d87e:group-68D30C0B41BF:LeaderElection6] INFO  server.RaftServerConfigKeys (ConfUtils.java:logGet(43)) - raft.server.rpc.sleep.time = 25ms (default)
2019-09-19 16:58:13,496 [e29bd0e7-6604-4c9e-a288-0e166e01d87e:group-68D30C0B41BF:LeaderElection6] INFO  server.RaftServerConfigKeys (ConfUtils.java:logGet(43)) - raft.server.write.element-limit = 4096 (default)
2019-09-19 16:58:13,496 [e29bd0e7-6604-4c9e-a288-0e166e01d87e:group-68D30C0B41BF:LeaderElection6] INFO  server.RaftServerConfigKeys (ConfUtils.java:logGet(43)) - raft.server.watch.timeout = 10s (default)
2019-09-19 16:58:13,496 [e29bd0e7-6604-4c9e-a288-0e166e01d87e:group-68D30C0B41BF:LeaderElection6] INFO  server.RaftServerConfigKeys (ConfUtils.java:logGet(43)) - raft.server.watch.timeout.denomination = 1s (default)
2019-09-19 16:58:13,496 [e29bd0e7-6604-4c9e-a288-0e166e01d87e:group-68D30C0B41BF:LeaderElection6] INFO  server.RaftServerConfigKeys (ConfUtils.java:logGet(43)) - raft.server.watch.element-limit = 65536 (default)
2019-09-19 16:58:13,496 [e29bd0e7-6604-4c9e-a288-0e166e01d87e:group-68D30C0B41BF:LeaderElection6] INFO  impl.RoleInfo (RoleInfo.java:updateAndGet(143)) - e29bd0e7-6604-4c9e-a288-0e166e01d87e: start LeaderState
2019-09-19 16:58:13,497 [e29bd0e7-6604-4c9e-a288-0e166e01d87e:group-68D30C0B41BF:LeaderElection6] INFO  segmented.SegmentedRaftLogWorker (SegmentedRaftLogWorker.java:startLogSegment(380)) - e29bd0e7-6604-4c9e-a288-0e166e01d87e-SegmentedRaftLogWorker:Storage Directory /workdir/hadoop-ozone/tools/target/test-dir/MiniOzoneClusterImpl-07aed8b0-4e05-46c5-ad79-a4210fff6c42/datanode-1/data/ratis/71d90bc7-4f30-4824-8aec-68d30c0b41bf: Starting segment from index:0
2019-09-19 16:58:13,498 [e29bd0e7-6604-4c9e-a288-0e166e01d87e:group-68D30C0B41BF:LeaderElection6] INFO  impl.RaftServerImpl (ServerState.java:setRaftConf(361)) - e29bd0e7-6604-4c9e-a288-0e166e01d87e:group-68D30C0B41BF set configuration 0: [e29bd0e7-6604-4c9e-a288-0e166e01d87e:192.168.157.226:38132], old=null at 0
2019-09-19 16:58:13,537 [293fb764-8d0a-4a2a-b0d4-e27863ca0d27:group-DD1D4D872E5F:LeaderElection7] INFO  impl.LeaderElection (LeaderElection.java:askForVotes(181)) - 293fb764-8d0a-4a2a-b0d4-e27863ca0d27:group-DD1D4D872E5F:LeaderElection7: begin an election at term 1 for -1: [293fb764-8d0a-4a2a-b0d4-e27863ca0d27:192.168.157.226:35657], old=null
2019-09-19 16:58:13,538 [293fb764-8d0a-4a2a-b0d4-e27863ca0d27:group-DD1D4D872E5F:LeaderElection7] INFO  impl.RoleInfo (RoleInfo.java:shutdownLeaderElection(134)) - 293fb764-8d0a-4a2a-b0d4-e27863ca0d27: shutdown LeaderElection
2019-09-19 16:58:13,538 [293fb764-8d0a-4a2a-b0d4-e27863ca0d27:group-DD1D4D872E5F:LeaderElection7] INFO  impl.RaftServerImpl (RaftServerImpl.java:setRole(171)) - 293fb764-8d0a-4a2a-b0d4-e27863ca0d27:group-DD1D4D872E5F changes role from CANDIDATE to LEADER at term 1 for changeToLeader
2019-09-19 16:58:13,538 [293fb764-8d0a-4a2a-b0d4-e27863ca0d27:group-DD1D4D872E5F:LeaderElection7] INFO  impl.RaftServerImpl (ServerState.java:setLeader(263)) - 293fb764-8d0a-4a2a-b0d4-e27863ca0d27:group-DD1D4D872E5F change Leader from null to 293fb764-8d0a-4a2a-b0d4-e27863ca0d27 at term 1 for becomeLeader, leader elected after 5103ms
2019-09-19 16:58:13,540 [293fb764-8d0a-4a2a-b0d4-e27863ca0d27:group-DD1D4D872E5F:LeaderElection7] INFO  server.RaftServerConfigKeys (ConfUtils.java:logGet(43)) - raft.server.staging.catchup.gap = 1000 (default)
2019-09-19 16:58:13,540 [293fb764-8d0a-4a2a-b0d4-e27863ca0d27:group-DD1D4D872E5F:LeaderElection7] INFO  server.RaftServerConfigKeys (ConfUtils.java:logGet(43)) - raft.server.rpc.sleep.time = 25ms (default)
2019-09-19 16:58:13,541 [293fb764-8d0a-4a2a-b0d4-e27863ca0d27:group-DD1D4D872E5F:LeaderElection7] INFO  server.RaftServerConfigKeys (ConfUtils.java:logGet(43)) - raft.server.write.element-limit = 4096 (default)
2019-09-19 16:58:13,541 [293fb764-8d0a-4a2a-b0d4-e27863ca0d27:group-DD1D4D872E5F:LeaderElection7] INFO  server.RaftServerConfigKeys (ConfUtils.java:logGet(43)) - raft.server.watch.timeout = 10s (default)
2019-09-19 16:58:13,541 [293fb764-8d0a-4a2a-b0d4-e27863ca0d27:group-DD1D4D872E5F:LeaderElection7] INFO  server.RaftServerConfigKeys (ConfUtils.java:logGet(43)) - raft.server.watch.timeout.denomination = 1s (default)
2019-09-19 16:58:13,541 [293fb764-8d0a-4a2a-b0d4-e27863ca0d27:group-DD1D4D872E5F:LeaderElection7] INFO  server.RaftServerConfigKeys (ConfUtils.java:logGet(43)) - raft.server.watch.element-limit = 65536 (default)
2019-09-19 16:58:13,542 [293fb764-8d0a-4a2a-b0d4-e27863ca0d27:group-DD1D4D872E5F:LeaderElection7] INFO  impl.RoleInfo (RoleInfo.java:updateAndGet(143)) - 293fb764-8d0a-4a2a-b0d4-e27863ca0d27: start LeaderState
2019-09-19 16:58:13,542 [293fb764-8d0a-4a2a-b0d4-e27863ca0d27:group-DD1D4D872E5F:LeaderElection7] INFO  segmented.SegmentedRaftLogWorker (SegmentedRaftLogWorker.java:startLogSegment(380)) - 293fb764-8d0a-4a2a-b0d4-e27863ca0d27-SegmentedRaftLogWorker:Storage Directory /workdir/hadoop-ozone/tools/target/test-dir/MiniOzoneClusterImpl-07aed8b0-4e05-46c5-ad79-a4210fff6c42/datanode-4/data/ratis/5ecb802a-8cf0-445c-840f-dd1d4d872e5f: Starting segment from index:0
2019-09-19 16:58:13,543 [293fb764-8d0a-4a2a-b0d4-e27863ca0d27:group-DD1D4D872E5F:LeaderElection7] INFO  impl.RaftServerImpl (ServerState.java:setRaftConf(361)) - 293fb764-8d0a-4a2a-b0d4-e27863ca0d27:group-DD1D4D872E5F set configuration 0: [293fb764-8d0a-4a2a-b0d4-e27863ca0d27:192.168.157.226:35657], old=null at 0
2019-09-19 16:58:13,583 [e29bd0e7-6604-4c9e-a288-0e166e01d87e-SegmentedRaftLogWorker:Storage Directory /workdir/hadoop-ozone/tools/target/test-dir/MiniOzoneClusterImpl-07aed8b0-4e05-46c5-ad79-a4210fff6c42/datanode-1/data/ratis/71d90bc7-4f30-4824-8aec-68d30c0b41bf] INFO  segmented.SegmentedRaftLogWorker (SegmentedRaftLogWorker.java:execute(569)) - e29bd0e7-6604-4c9e-a288-0e166e01d87e-SegmentedRaftLogWorker:Storage Directory /workdir/hadoop-ozone/tools/target/test-dir/MiniOzoneClusterImpl-07aed8b0-4e05-46c5-ad79-a4210fff6c42/datanode-1/data/ratis/71d90bc7-4f30-4824-8aec-68d30c0b41bf: created new log segment /workdir/hadoop-ozone/tools/target/test-dir/MiniOzoneClusterImpl-07aed8b0-4e05-46c5-ad79-a4210fff6c42/datanode-1/data/ratis/71d90bc7-4f30-4824-8aec-68d30c0b41bf/current/log_inprogress_0
2019-09-19 16:58:13,585 | INFO  | SCMAudit | user=jenkins1000 | ip=192.168.157.226 | op=SEND_HEARTBEAT {datanodeUUID=d3f68efe-c22b-404c-9d92-5b3617bd70f9, command=[]} | ret=SUCCESS |  
2019-09-19 16:58:13,608 [293fb764-8d0a-4a2a-b0d4-e27863ca0d27-SegmentedRaftLogWorker:Storage Directory /workdir/hadoop-ozone/tools/target/test-dir/MiniOzoneClusterImpl-07aed8b0-4e05-46c5-ad79-a4210fff6c42/datanode-4/data/ratis/5ecb802a-8cf0-445c-840f-dd1d4d872e5f] INFO  segmented.SegmentedRaftLogWorker (SegmentedRaftLogWorker.java:execute(569)) - 293fb764-8d0a-4a2a-b0d4-e27863ca0d27-SegmentedRaftLogWorker:Storage Directory /workdir/hadoop-ozone/tools/target/test-dir/MiniOzoneClusterImpl-07aed8b0-4e05-46c5-ad79-a4210fff6c42/datanode-4/data/ratis/5ecb802a-8cf0-445c-840f-dd1d4d872e5f: created new log segment /workdir/hadoop-ozone/tools/target/test-dir/MiniOzoneClusterImpl-07aed8b0-4e05-46c5-ad79-a4210fff6c42/datanode-4/data/ratis/5ecb802a-8cf0-445c-840f-dd1d4d872e5f/current/log_inprogress_0
2019-09-19 16:58:13,611 [Thread-230] INFO  impl.FollowerState (FollowerState.java:run(106)) - e29bd0e7-6604-4c9e-a288-0e166e01d87e:group-DC4353C7823E changes to CANDIDATE, lastRpcTime:5083, electionTimeout:5083ms
2019-09-19 16:58:13,615 [Thread-230] INFO  impl.RoleInfo (RoleInfo.java:shutdownFollowerState(121)) - e29bd0e7-6604-4c9e-a288-0e166e01d87e: shutdown FollowerState
2019-09-19 16:58:13,615 [Thread-230] INFO  impl.RaftServerImpl (RaftServerImpl.java:setRole(171)) - e29bd0e7-6604-4c9e-a288-0e166e01d87e:group-DC4353C7823E changes role from FOLLOWER to CANDIDATE at term 0 for changeToCandidate
2019-09-19 16:58:13,616 [Thread-230] INFO  impl.RoleInfo (RoleInfo.java:updateAndGet(143)) - e29bd0e7-6604-4c9e-a288-0e166e01d87e: start LeaderElection
2019-09-19 16:58:13,633 | INFO  | SCMAudit | user=jenkins1000 | ip=192.168.157.226 | op=SEND_HEARTBEAT {datanodeUUID=b4d11adf-473e-4712-a75b-8cc25b77f0f4, command=[]} | ret=SUCCESS |  
2019-09-19 16:58:13,635 [e29bd0e7-6604-4c9e-a288-0e166e01d87e:group-DC4353C7823E:LeaderElection8] INFO  impl.LeaderElection (LeaderElection.java:askForVotes(181)) - e29bd0e7-6604-4c9e-a288-0e166e01d87e:group-DC4353C7823E:LeaderElection8: begin an election at term 1 for -1: [e29bd0e7-6604-4c9e-a288-0e166e01d87e:192.168.157.226:38132], old=null
2019-09-19 16:58:13,638 [e29bd0e7-6604-4c9e-a288-0e166e01d87e:group-DC4353C7823E:LeaderElection8] INFO  impl.RoleInfo (RoleInfo.java:shutdownLeaderElection(134)) - e29bd0e7-6604-4c9e-a288-0e166e01d87e: shutdown LeaderElection
2019-09-19 16:58:13,638 [e29bd0e7-6604-4c9e-a288-0e166e01d87e:group-DC4353C7823E:LeaderElection8] INFO  impl.RaftServerImpl (RaftServerImpl.java:setRole(171)) - e29bd0e7-6604-4c9e-a288-0e166e01d87e:group-DC4353C7823E changes role from CANDIDATE to LEADER at term 1 for changeToLeader
2019-09-19 16:58:13,638 [e29bd0e7-6604-4c9e-a288-0e166e01d87e:group-DC4353C7823E:LeaderElection8] INFO  impl.RaftServerImpl (ServerState.java:setLeader(263)) - e29bd0e7-6604-4c9e-a288-0e166e01d87e:group-DC4353C7823E change Leader from null to e29bd0e7-6604-4c9e-a288-0e166e01d87e at term 1 for becomeLeader, leader elected after 5115ms
2019-09-19 16:58:13,638 [e29bd0e7-6604-4c9e-a288-0e166e01d87e:group-DC4353C7823E:LeaderElection8] INFO  server.RaftServerConfigKeys (ConfUtils.java:logGet(43)) - raft.server.staging.catchup.gap = 1000 (default)
2019-09-19 16:58:13,638 [e29bd0e7-6604-4c9e-a288-0e166e01d87e:group-DC4353C7823E:LeaderElection8] INFO  server.RaftServerConfigKeys (ConfUtils.java:logGet(43)) - raft.server.rpc.sleep.time = 25ms (default)
2019-09-19 16:58:13,638 [e29bd0e7-6604-4c9e-a288-0e166e01d87e:group-DC4353C7823E:LeaderElection8] INFO  server.RaftServerConfigKeys (ConfUtils.java:logGet(43)) - raft.server.write.element-limit = 4096 (default)
2019-09-19 16:58:13,638 [e29bd0e7-6604-4c9e-a288-0e166e01d87e:group-DC4353C7823E:LeaderElection8] INFO  server.RaftServerConfigKeys (ConfUtils.java:logGet(43)) - raft.server.watch.timeout = 10s (default)
2019-09-19 16:58:13,639 [e29bd0e7-6604-4c9e-a288-0e166e01d87e:group-DC4353C7823E:LeaderElection8] INFO  server.RaftServerConfigKeys (ConfUtils.java:logGet(43)) - raft.server.watch.timeout.denomination = 1s (default)
2019-09-19 16:58:13,639 [e29bd0e7-6604-4c9e-a288-0e166e01d87e:group-DC4353C7823E:LeaderElection8] INFO  server.RaftServerConfigKeys (ConfUtils.java:logGet(43)) - raft.server.watch.element-limit = 65536 (default)
2019-09-19 16:58:13,639 [e29bd0e7-6604-4c9e-a288-0e166e01d87e:group-DC4353C7823E:LeaderElection8] INFO  impl.RoleInfo (RoleInfo.java:updateAndGet(143)) - e29bd0e7-6604-4c9e-a288-0e166e01d87e: start LeaderState
2019-09-19 16:58:13,639 [e29bd0e7-6604-4c9e-a288-0e166e01d87e:group-DC4353C7823E:LeaderElection8] INFO  segmented.SegmentedRaftLogWorker (SegmentedRaftLogWorker.java:startLogSegment(380)) - e29bd0e7-6604-4c9e-a288-0e166e01d87e-SegmentedRaftLogWorker:Storage Directory /workdir/hadoop-ozone/tools/target/test-dir/MiniOzoneClusterImpl-07aed8b0-4e05-46c5-ad79-a4210fff6c42/datanode-1/data/ratis/72225933-d34d-4f03-ace1-dc4353c7823e: Starting segment from index:0
2019-09-19 16:58:13,640 [e29bd0e7-6604-4c9e-a288-0e166e01d87e:group-DC4353C7823E:LeaderElection8] INFO  impl.RaftServerImpl (ServerState.java:setRaftConf(361)) - e29bd0e7-6604-4c9e-a288-0e166e01d87e:group-DC4353C7823E set configuration 0: [e29bd0e7-6604-4c9e-a288-0e166e01d87e:192.168.157.226:38132], old=null at 0
2019-09-19 16:58:13,659 | INFO  | SCMAudit | user=jenkins1000 | ip=192.168.157.226 | op=SEND_HEARTBEAT {datanodeUUID=293fb764-8d0a-4a2a-b0d4-e27863ca0d27, command=[]} | ret=SUCCESS |  
2019-09-19 16:58:13,690 [Thread-233] INFO  impl.FollowerState (FollowerState.java:run(106)) - e29bd0e7-6604-4c9e-a288-0e166e01d87e:group-170A3B927773 changes to CANDIDATE, lastRpcTime:5086, electionTimeout:5086ms
2019-09-19 16:58:13,690 [Thread-233] INFO  impl.RoleInfo (RoleInfo.java:shutdownFollowerState(121)) - e29bd0e7-6604-4c9e-a288-0e166e01d87e: shutdown FollowerState
2019-09-19 16:58:13,690 [Thread-233] INFO  impl.RaftServerImpl (RaftServerImpl.java:setRole(171)) - e29bd0e7-6604-4c9e-a288-0e166e01d87e:group-170A3B927773 changes role from FOLLOWER to CANDIDATE at term 0 for changeToCandidate
2019-09-19 16:58:13,690 [Thread-233] INFO  impl.RoleInfo (RoleInfo.java:updateAndGet(143)) - e29bd0e7-6604-4c9e-a288-0e166e01d87e: start LeaderElection
2019-09-19 16:58:13,697 [e29bd0e7-6604-4c9e-a288-0e166e01d87e-SegmentedRaftLogWorker:Storage Directory /workdir/hadoop-ozone/tools/target/test-dir/MiniOzoneClusterImpl-07aed8b0-4e05-46c5-ad79-a4210fff6c42/datanode-1/data/ratis/72225933-d34d-4f03-ace1-dc4353c7823e] INFO  segmented.SegmentedRaftLogWorker (SegmentedRaftLogWorker.java:execute(569)) - e29bd0e7-6604-4c9e-a288-0e166e01d87e-SegmentedRaftLogWorker:Storage Directory /workdir/hadoop-ozone/tools/target/test-dir/MiniOzoneClusterImpl-07aed8b0-4e05-46c5-ad79-a4210fff6c42/datanode-1/data/ratis/72225933-d34d-4f03-ace1-dc4353c7823e: created new log segment /workdir/hadoop-ozone/tools/target/test-dir/MiniOzoneClusterImpl-07aed8b0-4e05-46c5-ad79-a4210fff6c42/datanode-1/data/ratis/72225933-d34d-4f03-ace1-dc4353c7823e/current/log_inprogress_0
2019-09-19 16:58:13,710 [e29bd0e7-6604-4c9e-a288-0e166e01d87e:group-170A3B927773:LeaderElection9] INFO  impl.LeaderElection (LeaderElection.java:askForVotes(181)) - e29bd0e7-6604-4c9e-a288-0e166e01d87e:group-170A3B927773:LeaderElection9: begin an election at term 1 for -1: [e29bd0e7-6604-4c9e-a288-0e166e01d87e:192.168.157.226:38132], old=null
2019-09-19 16:58:13,710 [e29bd0e7-6604-4c9e-a288-0e166e01d87e:group-170A3B927773:LeaderElection9] INFO  impl.RoleInfo (RoleInfo.java:shutdownLeaderElection(134)) - e29bd0e7-6604-4c9e-a288-0e166e01d87e: shutdown LeaderElection
2019-09-19 16:58:13,710 [e29bd0e7-6604-4c9e-a288-0e166e01d87e:group-170A3B927773:LeaderElection9] INFO  impl.RaftServerImpl (RaftServerImpl.java:setRole(171)) - e29bd0e7-6604-4c9e-a288-0e166e01d87e:group-170A3B927773 changes role from CANDIDATE to LEADER at term 1 for changeToLeader
2019-09-19 16:58:13,710 [e29bd0e7-6604-4c9e-a288-0e166e01d87e:group-170A3B927773:LeaderElection9] INFO  impl.RaftServerImpl (ServerState.java:setLeader(263)) - e29bd0e7-6604-4c9e-a288-0e166e01d87e:group-170A3B927773 change Leader from null to e29bd0e7-6604-4c9e-a288-0e166e01d87e at term 1 for becomeLeader, leader elected after 5113ms
2019-09-19 16:58:13,711 [e29bd0e7-6604-4c9e-a288-0e166e01d87e:group-170A3B927773:LeaderElection9] INFO  server.RaftServerConfigKeys (ConfUtils.java:logGet(43)) - raft.server.staging.catchup.gap = 1000 (default)
2019-09-19 16:58:13,711 [e29bd0e7-6604-4c9e-a288-0e166e01d87e:group-170A3B927773:LeaderElection9] INFO  server.RaftServerConfigKeys (ConfUtils.java:logGet(43)) - raft.server.rpc.sleep.time = 25ms (default)
2019-09-19 16:58:13,711 [e29bd0e7-6604-4c9e-a288-0e166e01d87e:group-170A3B927773:LeaderElection9] INFO  server.RaftServerConfigKeys (ConfUtils.java:logGet(43)) - raft.server.write.element-limit = 4096 (default)
2019-09-19 16:58:13,711 [e29bd0e7-6604-4c9e-a288-0e166e01d87e:group-170A3B927773:LeaderElection9] INFO  server.RaftServerConfigKeys (ConfUtils.java:logGet(43)) - raft.server.watch.timeout = 10s (default)
2019-09-19 16:58:13,711 [e29bd0e7-6604-4c9e-a288-0e166e01d87e:group-170A3B927773:LeaderElection9] INFO  server.RaftServerConfigKeys (ConfUtils.java:logGet(43)) - raft.server.watch.timeout.denomination = 1s (default)
2019-09-19 16:58:13,711 [e29bd0e7-6604-4c9e-a288-0e166e01d87e:group-170A3B927773:LeaderElection9] INFO  server.RaftServerConfigKeys (ConfUtils.java:logGet(43)) - raft.server.watch.element-limit = 65536 (default)
2019-09-19 16:58:13,712 [e29bd0e7-6604-4c9e-a288-0e166e01d87e:group-170A3B927773:LeaderElection9] INFO  impl.RoleInfo (RoleInfo.java:updateAndGet(143)) - e29bd0e7-6604-4c9e-a288-0e166e01d87e: start LeaderState
2019-09-19 16:58:13,712 [e29bd0e7-6604-4c9e-a288-0e166e01d87e:group-170A3B927773:LeaderElection9] INFO  segmented.SegmentedRaftLogWorker (SegmentedRaftLogWorker.java:startLogSegment(380)) - e29bd0e7-6604-4c9e-a288-0e166e01d87e-SegmentedRaftLogWorker:Storage Directory /workdir/hadoop-ozone/tools/target/test-dir/MiniOzoneClusterImpl-07aed8b0-4e05-46c5-ad79-a4210fff6c42/datanode-1/data/ratis/005dfbc9-3485-4d5f-8f4e-170a3b927773: Starting segment from index:0
2019-09-19 16:58:13,713 [e29bd0e7-6604-4c9e-a288-0e166e01d87e:group-170A3B927773:LeaderElection9] INFO  impl.RaftServerImpl (ServerState.java:setRaftConf(361)) - e29bd0e7-6604-4c9e-a288-0e166e01d87e:group-170A3B927773 set configuration 0: [e29bd0e7-6604-4c9e-a288-0e166e01d87e:192.168.157.226:38132], old=null at 0
2019-09-19 16:58:13,743 [Thread-236] INFO  impl.FollowerState (FollowerState.java:run(106)) - d3f68efe-c22b-404c-9d92-5b3617bd70f9:group-D575373D9064 changes to CANDIDATE, lastRpcTime:5077, electionTimeout:5062ms
2019-09-19 16:58:13,745 [Thread-236] INFO  impl.RoleInfo (RoleInfo.java:shutdownFollowerState(121)) - d3f68efe-c22b-404c-9d92-5b3617bd70f9: shutdown FollowerState
2019-09-19 16:58:13,745 [Thread-236] INFO  impl.RaftServerImpl (RaftServerImpl.java:setRole(171)) - d3f68efe-c22b-404c-9d92-5b3617bd70f9:group-D575373D9064 changes role from FOLLOWER to CANDIDATE at term 0 for changeToCandidate
2019-09-19 16:58:13,745 [Thread-236] INFO  impl.RoleInfo (RoleInfo.java:updateAndGet(143)) - d3f68efe-c22b-404c-9d92-5b3617bd70f9: start LeaderElection
2019-09-19 16:58:13,784 [e29bd0e7-6604-4c9e-a288-0e166e01d87e-SegmentedRaftLogWorker:Storage Directory /workdir/hadoop-ozone/tools/target/test-dir/MiniOzoneClusterImpl-07aed8b0-4e05-46c5-ad79-a4210fff6c42/datanode-1/data/ratis/005dfbc9-3485-4d5f-8f4e-170a3b927773] INFO  segmented.SegmentedRaftLogWorker (SegmentedRaftLogWorker.java:execute(569)) - e29bd0e7-6604-4c9e-a288-0e166e01d87e-SegmentedRaftLogWorker:Storage Directory /workdir/hadoop-ozone/tools/target/test-dir/MiniOzoneClusterImpl-07aed8b0-4e05-46c5-ad79-a4210fff6c42/datanode-1/data/ratis/005dfbc9-3485-4d5f-8f4e-170a3b927773: created new log segment /workdir/hadoop-ozone/tools/target/test-dir/MiniOzoneClusterImpl-07aed8b0-4e05-46c5-ad79-a4210fff6c42/datanode-1/data/ratis/005dfbc9-3485-4d5f-8f4e-170a3b927773/current/log_inprogress_0
2019-09-19 16:58:13,784 [d3f68efe-c22b-404c-9d92-5b3617bd70f9:group-D575373D9064:LeaderElection10] INFO  impl.LeaderElection (LeaderElection.java:askForVotes(181)) - d3f68efe-c22b-404c-9d92-5b3617bd70f9:group-D575373D9064:LeaderElection10: begin an election at term 1 for -1: [d3f68efe-c22b-404c-9d92-5b3617bd70f9:192.168.157.226:42155], old=null
2019-09-19 16:58:13,784 [d3f68efe-c22b-404c-9d92-5b3617bd70f9:group-D575373D9064:LeaderElection10] INFO  impl.RoleInfo (RoleInfo.java:shutdownLeaderElection(134)) - d3f68efe-c22b-404c-9d92-5b3617bd70f9: shutdown LeaderElection
2019-09-19 16:58:13,785 [d3f68efe-c22b-404c-9d92-5b3617bd70f9:group-D575373D9064:LeaderElection10] INFO  impl.RaftServerImpl (RaftServerImpl.java:setRole(171)) - d3f68efe-c22b-404c-9d92-5b3617bd70f9:group-D575373D9064 changes role from CANDIDATE to LEADER at term 1 for changeToLeader
2019-09-19 16:58:13,785 [d3f68efe-c22b-404c-9d92-5b3617bd70f9:group-D575373D9064:LeaderElection10] INFO  impl.RaftServerImpl (ServerState.java:setLeader(263)) - d3f68efe-c22b-404c-9d92-5b3617bd70f9:group-D575373D9064 change Leader from null to d3f68efe-c22b-404c-9d92-5b3617bd70f9 at term 1 for becomeLeader, leader elected after 5124ms
2019-09-19 16:58:13,785 [d3f68efe-c22b-404c-9d92-5b3617bd70f9:group-D575373D9064:LeaderElection10] INFO  server.RaftServerConfigKeys (ConfUtils.java:logGet(43)) - raft.server.staging.catchup.gap = 1000 (default)
2019-09-19 16:58:13,785 [d3f68efe-c22b-404c-9d92-5b3617bd70f9:group-D575373D9064:LeaderElection10] INFO  server.RaftServerConfigKeys (ConfUtils.java:logGet(43)) - raft.server.rpc.sleep.time = 25ms (default)
2019-09-19 16:58:13,785 [d3f68efe-c22b-404c-9d92-5b3617bd70f9:group-D575373D9064:LeaderElection10] INFO  server.RaftServerConfigKeys (ConfUtils.java:logGet(43)) - raft.server.write.element-limit = 4096 (default)
2019-09-19 16:58:13,785 [d3f68efe-c22b-404c-9d92-5b3617bd70f9:group-D575373D9064:LeaderElection10] INFO  server.RaftServerConfigKeys (ConfUtils.java:logGet(43)) - raft.server.watch.timeout = 10s (default)
2019-09-19 16:58:13,786 [d3f68efe-c22b-404c-9d92-5b3617bd70f9:group-D575373D9064:LeaderElection10] INFO  server.RaftServerConfigKeys (ConfUtils.java:logGet(43)) - raft.server.watch.timeout.denomination = 1s (default)
2019-09-19 16:58:13,786 [d3f68efe-c22b-404c-9d92-5b3617bd70f9:group-D575373D9064:LeaderElection10] INFO  server.RaftServerConfigKeys (ConfUtils.java:logGet(43)) - raft.server.watch.element-limit = 65536 (default)
2019-09-19 16:58:13,786 [d3f68efe-c22b-404c-9d92-5b3617bd70f9:group-D575373D9064:LeaderElection10] INFO  impl.RoleInfo (RoleInfo.java:updateAndGet(143)) - d3f68efe-c22b-404c-9d92-5b3617bd70f9: start LeaderState
2019-09-19 16:58:13,786 [d3f68efe-c22b-404c-9d92-5b3617bd70f9:group-D575373D9064:LeaderElection10] INFO  segmented.SegmentedRaftLogWorker (SegmentedRaftLogWorker.java:startLogSegment(380)) - d3f68efe-c22b-404c-9d92-5b3617bd70f9-SegmentedRaftLogWorker:Storage Directory /workdir/hadoop-ozone/tools/target/test-dir/MiniOzoneClusterImpl-07aed8b0-4e05-46c5-ad79-a4210fff6c42/datanode-0/data/ratis/9a662c02-526b-46f5-9b83-d575373d9064: Starting segment from index:0
2019-09-19 16:58:13,787 [d3f68efe-c22b-404c-9d92-5b3617bd70f9:group-D575373D9064:LeaderElection10] INFO  impl.RaftServerImpl (ServerState.java:setRaftConf(361)) - d3f68efe-c22b-404c-9d92-5b3617bd70f9:group-D575373D9064 set configuration 0: [d3f68efe-c22b-404c-9d92-5b3617bd70f9:192.168.157.226:42155], old=null at 0
2019-09-19 16:58:13,813 [Thread-240] INFO  impl.FollowerState (FollowerState.java:run(106)) - 293fb764-8d0a-4a2a-b0d4-e27863ca0d27:group-2D8D46572413 changes to CANDIDATE, lastRpcTime:5074, electionTimeout:5063ms
2019-09-19 16:58:13,819 [Thread-240] INFO  impl.RoleInfo (RoleInfo.java:shutdownFollowerState(121)) - 293fb764-8d0a-4a2a-b0d4-e27863ca0d27: shutdown FollowerState
2019-09-19 16:58:13,819 [Thread-240] INFO  impl.RaftServerImpl (RaftServerImpl.java:setRole(171)) - 293fb764-8d0a-4a2a-b0d4-e27863ca0d27:group-2D8D46572413 changes role from FOLLOWER to CANDIDATE at term 0 for changeToCandidate
2019-09-19 16:58:13,819 [Thread-240] INFO  impl.RoleInfo (RoleInfo.java:updateAndGet(143)) - 293fb764-8d0a-4a2a-b0d4-e27863ca0d27: start LeaderElection
2019-09-19 16:58:13,827 [d3f68efe-c22b-404c-9d92-5b3617bd70f9-SegmentedRaftLogWorker:Storage Directory /workdir/hadoop-ozone/tools/target/test-dir/MiniOzoneClusterImpl-07aed8b0-4e05-46c5-ad79-a4210fff6c42/datanode-0/data/ratis/9a662c02-526b-46f5-9b83-d575373d9064] INFO  segmented.SegmentedRaftLogWorker (SegmentedRaftLogWorker.java:execute(569)) - d3f68efe-c22b-404c-9d92-5b3617bd70f9-SegmentedRaftLogWorker:Storage Directory /workdir/hadoop-ozone/tools/target/test-dir/MiniOzoneClusterImpl-07aed8b0-4e05-46c5-ad79-a4210fff6c42/datanode-0/data/ratis/9a662c02-526b-46f5-9b83-d575373d9064: created new log segment /workdir/hadoop-ozone/tools/target/test-dir/MiniOzoneClusterImpl-07aed8b0-4e05-46c5-ad79-a4210fff6c42/datanode-0/data/ratis/9a662c02-526b-46f5-9b83-d575373d9064/current/log_inprogress_0
2019-09-19 16:58:13,839 [293fb764-8d0a-4a2a-b0d4-e27863ca0d27:group-2D8D46572413:LeaderElection11] INFO  impl.LeaderElection (LeaderElection.java:askForVotes(181)) - 293fb764-8d0a-4a2a-b0d4-e27863ca0d27:group-2D8D46572413:LeaderElection11: begin an election at term 1 for -1: [293fb764-8d0a-4a2a-b0d4-e27863ca0d27:192.168.157.226:35657], old=null
2019-09-19 16:58:13,839 [293fb764-8d0a-4a2a-b0d4-e27863ca0d27:group-2D8D46572413:LeaderElection11] INFO  impl.RoleInfo (RoleInfo.java:shutdownLeaderElection(134)) - 293fb764-8d0a-4a2a-b0d4-e27863ca0d27: shutdown LeaderElection
2019-09-19 16:58:13,839 [293fb764-8d0a-4a2a-b0d4-e27863ca0d27:group-2D8D46572413:LeaderElection11] INFO  impl.RaftServerImpl (RaftServerImpl.java:setRole(171)) - 293fb764-8d0a-4a2a-b0d4-e27863ca0d27:group-2D8D46572413 changes role from CANDIDATE to LEADER at term 1 for changeToLeader
2019-09-19 16:58:13,839 [293fb764-8d0a-4a2a-b0d4-e27863ca0d27:group-2D8D46572413:LeaderElection11] INFO  impl.RaftServerImpl (ServerState.java:setLeader(263)) - 293fb764-8d0a-4a2a-b0d4-e27863ca0d27:group-2D8D46572413 change Leader from null to 293fb764-8d0a-4a2a-b0d4-e27863ca0d27 at term 1 for becomeLeader, leader elected after 5105ms
2019-09-19 16:58:13,839 [293fb764-8d0a-4a2a-b0d4-e27863ca0d27:group-2D8D46572413:LeaderElection11] INFO  server.RaftServerConfigKeys (ConfUtils.java:logGet(43)) - raft.server.staging.catchup.gap = 1000 (default)
2019-09-19 16:58:13,839 [293fb764-8d0a-4a2a-b0d4-e27863ca0d27:group-2D8D46572413:LeaderElection11] INFO  server.RaftServerConfigKeys (ConfUtils.java:logGet(43)) - raft.server.rpc.sleep.time = 25ms (default)
2019-09-19 16:58:13,840 [293fb764-8d0a-4a2a-b0d4-e27863ca0d27:group-2D8D46572413:LeaderElection11] INFO  server.RaftServerConfigKeys (ConfUtils.java:logGet(43)) - raft.server.write.element-limit = 4096 (default)
2019-09-19 16:58:13,840 [293fb764-8d0a-4a2a-b0d4-e27863ca0d27:group-2D8D46572413:LeaderElection11] INFO  server.RaftServerConfigKeys (ConfUtils.java:logGet(43)) - raft.server.watch.timeout = 10s (default)
2019-09-19 16:58:13,840 [293fb764-8d0a-4a2a-b0d4-e27863ca0d27:group-2D8D46572413:LeaderElection11] INFO  server.RaftServerConfigKeys (ConfUtils.java:logGet(43)) - raft.server.watch.timeout.denomination = 1s (default)
2019-09-19 16:58:13,840 [293fb764-8d0a-4a2a-b0d4-e27863ca0d27:group-2D8D46572413:LeaderElection11] INFO  server.RaftServerConfigKeys (ConfUtils.java:logGet(43)) - raft.server.watch.element-limit = 65536 (default)
2019-09-19 16:58:13,840 [293fb764-8d0a-4a2a-b0d4-e27863ca0d27:group-2D8D46572413:LeaderElection11] INFO  impl.RoleInfo (RoleInfo.java:updateAndGet(143)) - 293fb764-8d0a-4a2a-b0d4-e27863ca0d27: start LeaderState
2019-09-19 16:58:13,840 [293fb764-8d0a-4a2a-b0d4-e27863ca0d27:group-2D8D46572413:LeaderElection11] INFO  segmented.SegmentedRaftLogWorker (SegmentedRaftLogWorker.java:startLogSegment(380)) - 293fb764-8d0a-4a2a-b0d4-e27863ca0d27-SegmentedRaftLogWorker:Storage Directory /workdir/hadoop-ozone/tools/target/test-dir/MiniOzoneClusterImpl-07aed8b0-4e05-46c5-ad79-a4210fff6c42/datanode-4/data/ratis/6602a387-48f8-4ea3-8729-2d8d46572413: Starting segment from index:0
2019-09-19 16:58:13,841 [293fb764-8d0a-4a2a-b0d4-e27863ca0d27:group-2D8D46572413:LeaderElection11] INFO  impl.RaftServerImpl (ServerState.java:setRaftConf(361)) - 293fb764-8d0a-4a2a-b0d4-e27863ca0d27:group-2D8D46572413 set configuration 0: [293fb764-8d0a-4a2a-b0d4-e27863ca0d27:192.168.157.226:35657], old=null at 0
2019-09-19 16:58:13,872 | INFO  | SCMAudit | user=jenkins1000 | ip=192.168.157.226 | op=SEND_HEARTBEAT {datanodeUUID=e29bd0e7-6604-4c9e-a288-0e166e01d87e, command=[]} | ret=SUCCESS |  
2019-09-19 16:58:13,882 [293fb764-8d0a-4a2a-b0d4-e27863ca0d27-SegmentedRaftLogWorker:Storage Directory /workdir/hadoop-ozone/tools/target/test-dir/MiniOzoneClusterImpl-07aed8b0-4e05-46c5-ad79-a4210fff6c42/datanode-4/data/ratis/6602a387-48f8-4ea3-8729-2d8d46572413] INFO  segmented.SegmentedRaftLogWorker (SegmentedRaftLogWorker.java:execute(569)) - 293fb764-8d0a-4a2a-b0d4-e27863ca0d27-SegmentedRaftLogWorker:Storage Directory /workdir/hadoop-ozone/tools/target/test-dir/MiniOzoneClusterImpl-07aed8b0-4e05-46c5-ad79-a4210fff6c42/datanode-4/data/ratis/6602a387-48f8-4ea3-8729-2d8d46572413: created new log segment /workdir/hadoop-ozone/tools/target/test-dir/MiniOzoneClusterImpl-07aed8b0-4e05-46c5-ad79-a4210fff6c42/datanode-4/data/ratis/6602a387-48f8-4ea3-8729-2d8d46572413/current/log_inprogress_0
2019-09-19 16:58:13,999 [Thread-243] INFO  impl.FollowerState (FollowerState.java:run(106)) - 1bc78e45-ac19-4b52-81ed-8b591e5dbc69:group-BA2E9C7C9066 changes to CANDIDATE, lastRpcTime:5170, electionTimeout:5170ms
2019-09-19 16:58:14,000 [Thread-243] INFO  impl.RoleInfo (RoleInfo.java:shutdownFollowerState(121)) - 1bc78e45-ac19-4b52-81ed-8b591e5dbc69: shutdown FollowerState
2019-09-19 16:58:14,000 [Thread-243] INFO  impl.RaftServerImpl (RaftServerImpl.java:setRole(171)) - 1bc78e45-ac19-4b52-81ed-8b591e5dbc69:group-BA2E9C7C9066 changes role from FOLLOWER to CANDIDATE at term 0 for changeToCandidate
2019-09-19 16:58:14,000 [Thread-243] INFO  impl.RoleInfo (RoleInfo.java:updateAndGet(143)) - 1bc78e45-ac19-4b52-81ed-8b591e5dbc69: start LeaderElection
2019-09-19 16:58:14,019 [1bc78e45-ac19-4b52-81ed-8b591e5dbc69:group-BA2E9C7C9066:LeaderElection12] INFO  impl.LeaderElection (LeaderElection.java:askForVotes(181)) - 1bc78e45-ac19-4b52-81ed-8b591e5dbc69:group-BA2E9C7C9066:LeaderElection12: begin an election at term 1 for -1: [1bc78e45-ac19-4b52-81ed-8b591e5dbc69:192.168.157.226:45895], old=null
2019-09-19 16:58:14,019 [1bc78e45-ac19-4b52-81ed-8b591e5dbc69:group-BA2E9C7C9066:LeaderElection12] INFO  impl.RoleInfo (RoleInfo.java:shutdownLeaderElection(134)) - 1bc78e45-ac19-4b52-81ed-8b591e5dbc69: shutdown LeaderElection
2019-09-19 16:58:14,020 [1bc78e45-ac19-4b52-81ed-8b591e5dbc69:group-BA2E9C7C9066:LeaderElection12] INFO  impl.RaftServerImpl (RaftServerImpl.java:setRole(171)) - 1bc78e45-ac19-4b52-81ed-8b591e5dbc69:group-BA2E9C7C9066 changes role from CANDIDATE to LEADER at term 1 for changeToLeader
2019-09-19 16:58:14,020 [1bc78e45-ac19-4b52-81ed-8b591e5dbc69:group-BA2E9C7C9066:LeaderElection12] INFO  impl.RaftServerImpl (ServerState.java:setLeader(263)) - 1bc78e45-ac19-4b52-81ed-8b591e5dbc69:group-BA2E9C7C9066 change Leader from null to 1bc78e45-ac19-4b52-81ed-8b591e5dbc69 at term 1 for becomeLeader, leader elected after 5196ms
2019-09-19 16:58:14,021 [1bc78e45-ac19-4b52-81ed-8b591e5dbc69:group-BA2E9C7C9066:LeaderElection12] INFO  server.RaftServerConfigKeys (ConfUtils.java:logGet(43)) - raft.server.staging.catchup.gap = 1000 (default)
2019-09-19 16:58:14,022 [1bc78e45-ac19-4b52-81ed-8b591e5dbc69:group-BA2E9C7C9066:LeaderElection12] INFO  server.RaftServerConfigKeys (ConfUtils.java:logGet(43)) - raft.server.rpc.sleep.time = 25ms (default)
2019-09-19 16:58:14,022 [1bc78e45-ac19-4b52-81ed-8b591e5dbc69:group-BA2E9C7C9066:LeaderElection12] INFO  server.RaftServerConfigKeys (ConfUtils.java:logGet(43)) - raft.server.write.element-limit = 4096 (default)
2019-09-19 16:58:14,022 [1bc78e45-ac19-4b52-81ed-8b591e5dbc69:group-BA2E9C7C9066:LeaderElection12] INFO  server.RaftServerConfigKeys (ConfUtils.java:logGet(43)) - raft.server.watch.timeout = 10s (default)
2019-09-19 16:58:14,022 [1bc78e45-ac19-4b52-81ed-8b591e5dbc69:group-BA2E9C7C9066:LeaderElection12] INFO  server.RaftServerConfigKeys (ConfUtils.java:logGet(43)) - raft.server.watch.timeout.denomination = 1s (default)
2019-09-19 16:58:14,022 [1bc78e45-ac19-4b52-81ed-8b591e5dbc69:group-BA2E9C7C9066:LeaderElection12] INFO  server.RaftServerConfigKeys (ConfUtils.java:logGet(43)) - raft.server.watch.element-limit = 65536 (default)
2019-09-19 16:58:14,023 [1bc78e45-ac19-4b52-81ed-8b591e5dbc69:group-BA2E9C7C9066:LeaderElection12] INFO  impl.RoleInfo (RoleInfo.java:updateAndGet(143)) - 1bc78e45-ac19-4b52-81ed-8b591e5dbc69: start LeaderState
2019-09-19 16:58:14,023 [1bc78e45-ac19-4b52-81ed-8b591e5dbc69:group-BA2E9C7C9066:LeaderElection12] INFO  segmented.SegmentedRaftLogWorker (SegmentedRaftLogWorker.java:startLogSegment(380)) - 1bc78e45-ac19-4b52-81ed-8b591e5dbc69-SegmentedRaftLogWorker:Storage Directory /workdir/hadoop-ozone/tools/target/test-dir/MiniOzoneClusterImpl-07aed8b0-4e05-46c5-ad79-a4210fff6c42/datanode-2/data/ratis/a0884f58-a6b7-4857-8f85-ba2e9c7c9066: Starting segment from index:0
2019-09-19 16:58:14,024 [1bc78e45-ac19-4b52-81ed-8b591e5dbc69:group-BA2E9C7C9066:LeaderElection12] INFO  impl.RaftServerImpl (ServerState.java:setRaftConf(361)) - 1bc78e45-ac19-4b52-81ed-8b591e5dbc69:group-BA2E9C7C9066 set configuration 0: [1bc78e45-ac19-4b52-81ed-8b591e5dbc69:192.168.157.226:45895], old=null at 0
2019-09-19 16:58:14,059 [Thread-253] INFO  impl.FollowerState (FollowerState.java:run(106)) - 1bc78e45-ac19-4b52-81ed-8b591e5dbc69:group-DB16FD013606 changes to CANDIDATE, lastRpcTime:5026, electionTimeout:5002ms
2019-09-19 16:58:14,059 [Thread-253] INFO  impl.RoleInfo (RoleInfo.java:shutdownFollowerState(121)) - 1bc78e45-ac19-4b52-81ed-8b591e5dbc69: shutdown FollowerState
2019-09-19 16:58:14,059 [Thread-253] INFO  impl.RaftServerImpl (RaftServerImpl.java:setRole(171)) - 1bc78e45-ac19-4b52-81ed-8b591e5dbc69:group-DB16FD013606 changes role from FOLLOWER to CANDIDATE at term 0 for changeToCandidate
2019-09-19 16:58:14,059 [Thread-253] INFO  impl.RoleInfo (RoleInfo.java:updateAndGet(143)) - 1bc78e45-ac19-4b52-81ed-8b591e5dbc69: start LeaderElection
2019-09-19 16:58:14,072 [1bc78e45-ac19-4b52-81ed-8b591e5dbc69-SegmentedRaftLogWorker:Storage Directory /workdir/hadoop-ozone/tools/target/test-dir/MiniOzoneClusterImpl-07aed8b0-4e05-46c5-ad79-a4210fff6c42/datanode-2/data/ratis/a0884f58-a6b7-4857-8f85-ba2e9c7c9066] INFO  segmented.SegmentedRaftLogWorker (SegmentedRaftLogWorker.java:execute(569)) - 1bc78e45-ac19-4b52-81ed-8b591e5dbc69-SegmentedRaftLogWorker:Storage Directory /workdir/hadoop-ozone/tools/target/test-dir/MiniOzoneClusterImpl-07aed8b0-4e05-46c5-ad79-a4210fff6c42/datanode-2/data/ratis/a0884f58-a6b7-4857-8f85-ba2e9c7c9066: created new log segment /workdir/hadoop-ozone/tools/target/test-dir/MiniOzoneClusterImpl-07aed8b0-4e05-46c5-ad79-a4210fff6c42/datanode-2/data/ratis/a0884f58-a6b7-4857-8f85-ba2e9c7c9066/current/log_inprogress_0
2019-09-19 16:58:14,072 [1bc78e45-ac19-4b52-81ed-8b591e5dbc69:group-DB16FD013606:LeaderElection13] INFO  impl.LeaderElection (LeaderElection.java:askForVotes(181)) - 1bc78e45-ac19-4b52-81ed-8b591e5dbc69:group-DB16FD013606:LeaderElection13: begin an election at term 1 for -1: [1bc78e45-ac19-4b52-81ed-8b591e5dbc69:192.168.157.226:45895], old=null
2019-09-19 16:58:14,072 [1bc78e45-ac19-4b52-81ed-8b591e5dbc69:group-DB16FD013606:LeaderElection13] INFO  impl.RoleInfo (RoleInfo.java:shutdownLeaderElection(134)) - 1bc78e45-ac19-4b52-81ed-8b591e5dbc69: shutdown LeaderElection
2019-09-19 16:58:14,073 [1bc78e45-ac19-4b52-81ed-8b591e5dbc69:group-DB16FD013606:LeaderElection13] INFO  impl.RaftServerImpl (RaftServerImpl.java:setRole(171)) - 1bc78e45-ac19-4b52-81ed-8b591e5dbc69:group-DB16FD013606 changes role from CANDIDATE to LEADER at term 1 for changeToLeader
2019-09-19 16:58:14,073 [1bc78e45-ac19-4b52-81ed-8b591e5dbc69:group-DB16FD013606:LeaderElection13] INFO  impl.RaftServerImpl (ServerState.java:setLeader(263)) - 1bc78e45-ac19-4b52-81ed-8b591e5dbc69:group-DB16FD013606 change Leader from null to 1bc78e45-ac19-4b52-81ed-8b591e5dbc69 at term 1 for becomeLeader, leader elected after 5045ms
2019-09-19 16:58:14,073 [1bc78e45-ac19-4b52-81ed-8b591e5dbc69:group-DB16FD013606:LeaderElection13] INFO  server.RaftServerConfigKeys (ConfUtils.java:logGet(43)) - raft.server.staging.catchup.gap = 1000 (default)
2019-09-19 16:58:14,073 [1bc78e45-ac19-4b52-81ed-8b591e5dbc69:group-DB16FD013606:LeaderElection13] INFO  server.RaftServerConfigKeys (ConfUtils.java:logGet(43)) - raft.server.rpc.sleep.time = 25ms (default)
2019-09-19 16:58:14,073 [1bc78e45-ac19-4b52-81ed-8b591e5dbc69:group-DB16FD013606:LeaderElection13] INFO  server.RaftServerConfigKeys (ConfUtils.java:logGet(43)) - raft.server.write.element-limit = 4096 (default)
2019-09-19 16:58:14,074 [1bc78e45-ac19-4b52-81ed-8b591e5dbc69:group-DB16FD013606:LeaderElection13] INFO  server.RaftServerConfigKeys (ConfUtils.java:logGet(43)) - raft.server.watch.timeout = 10s (default)
2019-09-19 16:58:14,074 [1bc78e45-ac19-4b52-81ed-8b591e5dbc69:group-DB16FD013606:LeaderElection13] INFO  server.RaftServerConfigKeys (ConfUtils.java:logGet(43)) - raft.server.watch.timeout.denomination = 1s (default)
2019-09-19 16:58:14,074 [1bc78e45-ac19-4b52-81ed-8b591e5dbc69:group-DB16FD013606:LeaderElection13] INFO  server.RaftServerConfigKeys (ConfUtils.java:logGet(43)) - raft.server.watch.element-limit = 65536 (default)
2019-09-19 16:58:14,074 [1bc78e45-ac19-4b52-81ed-8b591e5dbc69:group-DB16FD013606:LeaderElection13] INFO  impl.RoleInfo (RoleInfo.java:updateAndGet(143)) - 1bc78e45-ac19-4b52-81ed-8b591e5dbc69: start LeaderState
2019-09-19 16:58:14,075 [1bc78e45-ac19-4b52-81ed-8b591e5dbc69:group-DB16FD013606:LeaderElection13] INFO  segmented.SegmentedRaftLogWorker (SegmentedRaftLogWorker.java:startLogSegment(380)) - 1bc78e45-ac19-4b52-81ed-8b591e5dbc69-SegmentedRaftLogWorker:Storage Directory /workdir/hadoop-ozone/tools/target/test-dir/MiniOzoneClusterImpl-07aed8b0-4e05-46c5-ad79-a4210fff6c42/datanode-2/data/ratis/31ce0732-ccd4-4b18-9017-db16fd013606: Starting segment from index:0
2019-09-19 16:58:14,075 [1bc78e45-ac19-4b52-81ed-8b591e5dbc69:group-DB16FD013606:LeaderElection13] INFO  impl.RaftServerImpl (ServerState.java:setRaftConf(361)) - 1bc78e45-ac19-4b52-81ed-8b591e5dbc69:group-DB16FD013606 set configuration 0: [1bc78e45-ac19-4b52-81ed-8b591e5dbc69:192.168.157.226:45895], old=null at 0
2019-09-19 16:58:14,112 [Thread-246] INFO  impl.FollowerState (FollowerState.java:run(106)) - d3f68efe-c22b-404c-9d92-5b3617bd70f9:group-4BB5A64F3A96 changes to CANDIDATE, lastRpcTime:5211, electionTimeout:5196ms
2019-09-19 16:58:14,112 [Thread-246] INFO  impl.RoleInfo (RoleInfo.java:shutdownFollowerState(121)) - d3f68efe-c22b-404c-9d92-5b3617bd70f9: shutdown FollowerState
2019-09-19 16:58:14,112 [Thread-246] INFO  impl.RaftServerImpl (RaftServerImpl.java:setRole(171)) - d3f68efe-c22b-404c-9d92-5b3617bd70f9:group-4BB5A64F3A96 changes role from FOLLOWER to CANDIDATE at term 0 for changeToCandidate
2019-09-19 16:58:14,112 [Thread-246] INFO  impl.RoleInfo (RoleInfo.java:updateAndGet(143)) - d3f68efe-c22b-404c-9d92-5b3617bd70f9: start LeaderElection
2019-09-19 16:58:14,126 [Thread-250] INFO  impl.FollowerState (FollowerState.java:run(106)) - 1bc78e45-ac19-4b52-81ed-8b591e5dbc69:group-431E0498E4CF changes to CANDIDATE, lastRpcTime:5160, electionTimeout:5160ms
2019-09-19 16:58:14,126 [Thread-250] INFO  impl.RoleInfo (RoleInfo.java:shutdownFollowerState(121)) - 1bc78e45-ac19-4b52-81ed-8b591e5dbc69: shutdown FollowerState
2019-09-19 16:58:14,126 [Thread-250] INFO  impl.RaftServerImpl (RaftServerImpl.java:setRole(171)) - 1bc78e45-ac19-4b52-81ed-8b591e5dbc69:group-431E0498E4CF changes role from FOLLOWER to CANDIDATE at term 0 for changeToCandidate
2019-09-19 16:58:14,127 [Thread-250] INFO  impl.RoleInfo (RoleInfo.java:updateAndGet(143)) - 1bc78e45-ac19-4b52-81ed-8b591e5dbc69: start LeaderElection
2019-09-19 16:58:14,139 [1bc78e45-ac19-4b52-81ed-8b591e5dbc69-SegmentedRaftLogWorker:Storage Directory /workdir/hadoop-ozone/tools/target/test-dir/MiniOzoneClusterImpl-07aed8b0-4e05-46c5-ad79-a4210fff6c42/datanode-2/data/ratis/31ce0732-ccd4-4b18-9017-db16fd013606] INFO  segmented.SegmentedRaftLogWorker (SegmentedRaftLogWorker.java:execute(569)) - 1bc78e45-ac19-4b52-81ed-8b591e5dbc69-SegmentedRaftLogWorker:Storage Directory /workdir/hadoop-ozone/tools/target/test-dir/MiniOzoneClusterImpl-07aed8b0-4e05-46c5-ad79-a4210fff6c42/datanode-2/data/ratis/31ce0732-ccd4-4b18-9017-db16fd013606: created new log segment /workdir/hadoop-ozone/tools/target/test-dir/MiniOzoneClusterImpl-07aed8b0-4e05-46c5-ad79-a4210fff6c42/datanode-2/data/ratis/31ce0732-ccd4-4b18-9017-db16fd013606/current/log_inprogress_0
2019-09-19 16:58:14,149 [d3f68efe-c22b-404c-9d92-5b3617bd70f9:group-4BB5A64F3A96:LeaderElection14] INFO  impl.LeaderElection (LeaderElection.java:askForVotes(181)) - d3f68efe-c22b-404c-9d92-5b3617bd70f9:group-4BB5A64F3A96:LeaderElection14: begin an election at term 1 for -1: [d3f68efe-c22b-404c-9d92-5b3617bd70f9:192.168.157.226:42155], old=null
2019-09-19 16:58:14,149 [d3f68efe-c22b-404c-9d92-5b3617bd70f9:group-4BB5A64F3A96:LeaderElection14] INFO  impl.RoleInfo (RoleInfo.java:shutdownLeaderElection(134)) - d3f68efe-c22b-404c-9d92-5b3617bd70f9: shutdown LeaderElection
2019-09-19 16:58:14,150 [d3f68efe-c22b-404c-9d92-5b3617bd70f9:group-4BB5A64F3A96:LeaderElection14] INFO  impl.RaftServerImpl (RaftServerImpl.java:setRole(171)) - d3f68efe-c22b-404c-9d92-5b3617bd70f9:group-4BB5A64F3A96 changes role from CANDIDATE to LEADER at term 1 for changeToLeader
2019-09-19 16:58:14,150 [d3f68efe-c22b-404c-9d92-5b3617bd70f9:group-4BB5A64F3A96:LeaderElection14] INFO  impl.RaftServerImpl (ServerState.java:setLeader(263)) - d3f68efe-c22b-404c-9d92-5b3617bd70f9:group-4BB5A64F3A96 change Leader from null to d3f68efe-c22b-404c-9d92-5b3617bd70f9 at term 1 for becomeLeader, leader elected after 5254ms
2019-09-19 16:58:14,150 [d3f68efe-c22b-404c-9d92-5b3617bd70f9:group-4BB5A64F3A96:LeaderElection14] INFO  server.RaftServerConfigKeys (ConfUtils.java:logGet(43)) - raft.server.staging.catchup.gap = 1000 (default)
2019-09-19 16:58:14,151 [d3f68efe-c22b-404c-9d92-5b3617bd70f9:group-4BB5A64F3A96:LeaderElection14] INFO  server.RaftServerConfigKeys (ConfUtils.java:logGet(43)) - raft.server.rpc.sleep.time = 25ms (default)
2019-09-19 16:58:14,151 [1bc78e45-ac19-4b52-81ed-8b591e5dbc69:group-431E0498E4CF:LeaderElection15] INFO  impl.LeaderElection (LeaderElection.java:askForVotes(181)) - 1bc78e45-ac19-4b52-81ed-8b591e5dbc69:group-431E0498E4CF:LeaderElection15: begin an election at term 1 for -1: [1bc78e45-ac19-4b52-81ed-8b591e5dbc69:192.168.157.226:45895], old=null
2019-09-19 16:58:14,151 [d3f68efe-c22b-404c-9d92-5b3617bd70f9:group-4BB5A64F3A96:LeaderElection14] INFO  server.RaftServerConfigKeys (ConfUtils.java:logGet(43)) - raft.server.write.element-limit = 4096 (default)
2019-09-19 16:58:14,152 [1bc78e45-ac19-4b52-81ed-8b591e5dbc69:group-431E0498E4CF:LeaderElection15] INFO  impl.RoleInfo (RoleInfo.java:shutdownLeaderElection(134)) - 1bc78e45-ac19-4b52-81ed-8b591e5dbc69: shutdown LeaderElection
2019-09-19 16:58:14,152 [d3f68efe-c22b-404c-9d92-5b3617bd70f9:group-4BB5A64F3A96:LeaderElection14] INFO  server.RaftServerConfigKeys (ConfUtils.java:logGet(43)) - raft.server.watch.timeout = 10s (default)
2019-09-19 16:58:14,152 [d3f68efe-c22b-404c-9d92-5b3617bd70f9:group-4BB5A64F3A96:LeaderElection14] INFO  server.RaftServerConfigKeys (ConfUtils.java:logGet(43)) - raft.server.watch.timeout.denomination = 1s (default)
2019-09-19 16:58:14,153 [d3f68efe-c22b-404c-9d92-5b3617bd70f9:group-4BB5A64F3A96:LeaderElection14] INFO  server.RaftServerConfigKeys (ConfUtils.java:logGet(43)) - raft.server.watch.element-limit = 65536 (default)
2019-09-19 16:58:14,153 [d3f68efe-c22b-404c-9d92-5b3617bd70f9:group-4BB5A64F3A96:LeaderElection14] INFO  impl.RoleInfo (RoleInfo.java:updateAndGet(143)) - d3f68efe-c22b-404c-9d92-5b3617bd70f9: start LeaderState
2019-09-19 16:58:14,153 [d3f68efe-c22b-404c-9d92-5b3617bd70f9:group-4BB5A64F3A96:LeaderElection14] INFO  segmented.SegmentedRaftLogWorker (SegmentedRaftLogWorker.java:startLogSegment(380)) - d3f68efe-c22b-404c-9d92-5b3617bd70f9-SegmentedRaftLogWorker:Storage Directory /workdir/hadoop-ozone/tools/target/test-dir/MiniOzoneClusterImpl-07aed8b0-4e05-46c5-ad79-a4210fff6c42/datanode-0/data/ratis/e867a308-5791-4568-8f3a-4bb5a64f3a96: Starting segment from index:0
2019-09-19 16:58:14,152 [1bc78e45-ac19-4b52-81ed-8b591e5dbc69:group-431E0498E4CF:LeaderElection15] INFO  impl.RaftServerImpl (RaftServerImpl.java:setRole(171)) - 1bc78e45-ac19-4b52-81ed-8b591e5dbc69:group-431E0498E4CF changes role from CANDIDATE to LEADER at term 1 for changeToLeader
2019-09-19 16:58:14,154 [d3f68efe-c22b-404c-9d92-5b3617bd70f9:group-4BB5A64F3A96:LeaderElection14] INFO  impl.RaftServerImpl (ServerState.java:setRaftConf(361)) - d3f68efe-c22b-404c-9d92-5b3617bd70f9:group-4BB5A64F3A96 set configuration 0: [d3f68efe-c22b-404c-9d92-5b3617bd70f9:192.168.157.226:42155], old=null at 0
2019-09-19 16:58:14,154 [1bc78e45-ac19-4b52-81ed-8b591e5dbc69:group-431E0498E4CF:LeaderElection15] INFO  impl.RaftServerImpl (ServerState.java:setLeader(263)) - 1bc78e45-ac19-4b52-81ed-8b591e5dbc69:group-431E0498E4CF change Leader from null to 1bc78e45-ac19-4b52-81ed-8b591e5dbc69 at term 1 for becomeLeader, leader elected after 5193ms
2019-09-19 16:58:14,189 [1bc78e45-ac19-4b52-81ed-8b591e5dbc69:group-431E0498E4CF:LeaderElection15] INFO  server.RaftServerConfigKeys (ConfUtils.java:logGet(43)) - raft.server.staging.catchup.gap = 1000 (default)
 100.00% |█████████████████████████████████████████████████████████████████████████████████████████████████████|  1/1 Time: 0:00:052019-09-19 16:58:14,189 [1bc78e45-ac19-4b52-81ed-8b591e5dbc69:group-431E0498E4CF:LeaderElection15] INFO  server.RaftServerConfigKeys (ConfUtils.java:logGet(43)) - raft.server.rpc.sleep.time = 25ms (default)

2019-09-19 16:58:14,190 [1bc78e45-ac19-4b52-81ed-8b591e5dbc69:group-431E0498E4CF:LeaderElection15] INFO  server.RaftServerConfigKeys (ConfUtils.java:logGet(43)) - raft.server.write.element-limit = 4096 (default)
2019-09-19 16:58:14,190 | INFO  | SCMAudit | user=jenkins1000 | ip=192.168.157.226 | op=SEND_HEARTBEAT {datanodeUUID=1bc78e45-ac19-4b52-81ed-8b591e5dbc69, command=[]} | ret=SUCCESS |  
2019-09-19 16:58:14,190 [1bc78e45-ac19-4b52-81ed-8b591e5dbc69:group-431E0498E4CF:LeaderElection15] INFO  server.RaftServerConfigKeys (ConfUtils.java:logGet(43)) - raft.server.watch.timeout = 10s (default)
2019-09-19 16:58:14,190 [1bc78e45-ac19-4b52-81ed-8b591e5dbc69:group-431E0498E4CF:LeaderElection15] INFO  server.RaftServerConfigKeys (ConfUtils.java:logGet(43)) - raft.server.watch.timeout.denomination = 1s (default)
2019-09-19 16:58:14,190 [1bc78e45-ac19-4b52-81ed-8b591e5dbc69:group-431E0498E4CF:LeaderElection15] INFO  server.RaftServerConfigKeys (ConfUtils.java:logGet(43)) - raft.server.watch.element-limit = 65536 (default)
2019-09-19 16:58:14,191 [1bc78e45-ac19-4b52-81ed-8b591e5dbc69:group-431E0498E4CF:LeaderElection15] INFO  impl.RoleInfo (RoleInfo.java:updateAndGet(143)) - 1bc78e45-ac19-4b52-81ed-8b591e5dbc69: start LeaderState
2019-09-19 16:58:14,191 [1bc78e45-ac19-4b52-81ed-8b591e5dbc69:group-431E0498E4CF:LeaderElection15] INFO  segmented.SegmentedRaftLogWorker (SegmentedRaftLogWorker.java:startLogSegment(380)) - 1bc78e45-ac19-4b52-81ed-8b591e5dbc69-SegmentedRaftLogWorker:Storage Directory /workdir/hadoop-ozone/tools/target/test-dir/MiniOzoneClusterImpl-07aed8b0-4e05-46c5-ad79-a4210fff6c42/datanode-2/data/ratis/90b17ee5-8530-48a6-b7d8-431e0498e4cf: Starting segment from index:0
2019-09-19 16:58:14,192 [1bc78e45-ac19-4b52-81ed-8b591e5dbc69:group-431E0498E4CF:LeaderElection15] INFO  impl.RaftServerImpl (ServerState.java:setRaftConf(361)) - 1bc78e45-ac19-4b52-81ed-8b591e5dbc69:group-431E0498E4CF set configuration 0: [1bc78e45-ac19-4b52-81ed-8b591e5dbc69:192.168.157.226:45895], old=null at 0
2019-09-19 16:58:14,218 [d3f68efe-c22b-404c-9d92-5b3617bd70f9-SegmentedRaftLogWorker:Storage Directory /workdir/hadoop-ozone/tools/target/test-dir/MiniOzoneClusterImpl-07aed8b0-4e05-46c5-ad79-a4210fff6c42/datanode-0/data/ratis/e867a308-5791-4568-8f3a-4bb5a64f3a96] INFO  segmented.SegmentedRaftLogWorker (SegmentedRaftLogWorker.java:execute(569)) - d3f68efe-c22b-404c-9d92-5b3617bd70f9-SegmentedRaftLogWorker:Storage Directory /workdir/hadoop-ozone/tools/target/test-dir/MiniOzoneClusterImpl-07aed8b0-4e05-46c5-ad79-a4210fff6c42/datanode-0/data/ratis/e867a308-5791-4568-8f3a-4bb5a64f3a96: created new log segment /workdir/hadoop-ozone/tools/target/test-dir/MiniOzoneClusterImpl-07aed8b0-4e05-46c5-ad79-a4210fff6c42/datanode-0/data/ratis/e867a308-5791-4568-8f3a-4bb5a64f3a96/current/log_inprogress_0
2019-09-19 16:58:14,239 [Thread-256] INFO  impl.FollowerState (FollowerState.java:run(106)) - d3f68efe-c22b-404c-9d92-5b3617bd70f9:group-7094857150EC changes to CANDIDATE, lastRpcTime:5142, electionTimeout:5142ms
2019-09-19 16:58:14,239 [Thread-256] INFO  impl.RoleInfo (RoleInfo.java:shutdownFollowerState(121)) - d3f68efe-c22b-404c-9d92-5b3617bd70f9: shutdown FollowerState
2019-09-19 16:58:14,239 [Thread-256] INFO  impl.RaftServerImpl (RaftServerImpl.java:setRole(171)) - d3f68efe-c22b-404c-9d92-5b3617bd70f9:group-7094857150EC changes role from FOLLOWER to CANDIDATE at term 0 for changeToCandidate
2019-09-19 16:58:14,239 [Thread-256] INFO  impl.RoleInfo (RoleInfo.java:updateAndGet(143)) - d3f68efe-c22b-404c-9d92-5b3617bd70f9: start LeaderElection
2019-09-19 16:58:14,245 [1bc78e45-ac19-4b52-81ed-8b591e5dbc69-SegmentedRaftLogWorker:Storage Directory /workdir/hadoop-ozone/tools/target/test-dir/MiniOzoneClusterImpl-07aed8b0-4e05-46c5-ad79-a4210fff6c42/datanode-2/data/ratis/90b17ee5-8530-48a6-b7d8-431e0498e4cf] INFO  segmented.SegmentedRaftLogWorker (SegmentedRaftLogWorker.java:execute(569)) - 1bc78e45-ac19-4b52-81ed-8b591e5dbc69-SegmentedRaftLogWorker:Storage Directory /workdir/hadoop-ozone/tools/target/test-dir/MiniOzoneClusterImpl-07aed8b0-4e05-46c5-ad79-a4210fff6c42/datanode-2/data/ratis/90b17ee5-8530-48a6-b7d8-431e0498e4cf: created new log segment /workdir/hadoop-ozone/tools/target/test-dir/MiniOzoneClusterImpl-07aed8b0-4e05-46c5-ad79-a4210fff6c42/datanode-2/data/ratis/90b17ee5-8530-48a6-b7d8-431e0498e4cf/current/log_inprogress_0
2019-09-19 16:58:14,258 [d3f68efe-c22b-404c-9d92-5b3617bd70f9:group-7094857150EC:LeaderElection16] INFO  impl.LeaderElection (LeaderElection.java:askForVotes(181)) - d3f68efe-c22b-404c-9d92-5b3617bd70f9:group-7094857150EC:LeaderElection16: begin an election at term 1 for -1: [d3f68efe-c22b-404c-9d92-5b3617bd70f9:192.168.157.226:42155], old=null
2019-09-19 16:58:14,258 [d3f68efe-c22b-404c-9d92-5b3617bd70f9:group-7094857150EC:LeaderElection16] INFO  impl.RoleInfo (RoleInfo.java:shutdownLeaderElection(134)) - d3f68efe-c22b-404c-9d92-5b3617bd70f9: shutdown LeaderElection
2019-09-19 16:58:14,259 [d3f68efe-c22b-404c-9d92-5b3617bd70f9:group-7094857150EC:LeaderElection16] INFO  impl.RaftServerImpl (RaftServerImpl.java:setRole(171)) - d3f68efe-c22b-404c-9d92-5b3617bd70f9:group-7094857150EC changes role from CANDIDATE to LEADER at term 1 for changeToLeader
2019-09-19 16:58:14,259 [d3f68efe-c22b-404c-9d92-5b3617bd70f9:group-7094857150EC:LeaderElection16] INFO  impl.RaftServerImpl (ServerState.java:setLeader(263)) - d3f68efe-c22b-404c-9d92-5b3617bd70f9:group-7094857150EC change Leader from null to d3f68efe-c22b-404c-9d92-5b3617bd70f9 at term 1 for becomeLeader, leader elected after 5168ms
2019-09-19 16:58:14,259 [d3f68efe-c22b-404c-9d92-5b3617bd70f9:group-7094857150EC:LeaderElection16] INFO  server.RaftServerConfigKeys (ConfUtils.java:logGet(43)) - raft.server.staging.catchup.gap = 1000 (default)
2019-09-19 16:58:14,259 [d3f68efe-c22b-404c-9d92-5b3617bd70f9:group-7094857150EC:LeaderElection16] INFO  server.RaftServerConfigKeys (ConfUtils.java:logGet(43)) - raft.server.rpc.sleep.time = 25ms (default)
2019-09-19 16:58:14,259 [d3f68efe-c22b-404c-9d92-5b3617bd70f9:group-7094857150EC:LeaderElection16] INFO  server.RaftServerConfigKeys (ConfUtils.java:logGet(43)) - raft.server.write.element-limit = 4096 (default)
2019-09-19 16:58:14,259 [d3f68efe-c22b-404c-9d92-5b3617bd70f9:group-7094857150EC:LeaderElection16] INFO  server.RaftServerConfigKeys (ConfUtils.java:logGet(43)) - raft.server.watch.timeout = 10s (default)
2019-09-19 16:58:14,259 [d3f68efe-c22b-404c-9d92-5b3617bd70f9:group-7094857150EC:LeaderElection16] INFO  server.RaftServerConfigKeys (ConfUtils.java:logGet(43)) - raft.server.watch.timeout.denomination = 1s (default)
2019-09-19 16:58:14,260 [d3f68efe-c22b-404c-9d92-5b3617bd70f9:group-7094857150EC:LeaderElection16] INFO  server.RaftServerConfigKeys (ConfUtils.java:logGet(43)) - raft.server.watch.element-limit = 65536 (default)
2019-09-19 16:58:14,260 [d3f68efe-c22b-404c-9d92-5b3617bd70f9:group-7094857150EC:LeaderElection16] INFO  impl.RoleInfo (RoleInfo.java:updateAndGet(143)) - d3f68efe-c22b-404c-9d92-5b3617bd70f9: start LeaderState
2019-09-19 16:58:14,260 [d3f68efe-c22b-404c-9d92-5b3617bd70f9:group-7094857150EC:LeaderElection16] INFO  segmented.SegmentedRaftLogWorker (SegmentedRaftLogWorker.java:startLogSegment(380)) - d3f68efe-c22b-404c-9d92-5b3617bd70f9-SegmentedRaftLogWorker:Storage Directory /workdir/hadoop-ozone/tools/target/test-dir/MiniOzoneClusterImpl-07aed8b0-4e05-46c5-ad79-a4210fff6c42/datanode-0/data/ratis/eed7f8b9-3053-44f3-a6ef-7094857150ec: Starting segment from index:0
2019-09-19 16:58:14,261 [d3f68efe-c22b-404c-9d92-5b3617bd70f9:group-7094857150EC:LeaderElection16] INFO  impl.RaftServerImpl (ServerState.java:setRaftConf(361)) - d3f68efe-c22b-404c-9d92-5b3617bd70f9:group-7094857150EC set configuration 0: [d3f68efe-c22b-404c-9d92-5b3617bd70f9:192.168.157.226:42155], old=null at 0
2019-09-19 16:58:14,297 [Thread-266] INFO  impl.FollowerState (FollowerState.java:run(106)) - 1bc78e45-ac19-4b52-81ed-8b591e5dbc69:group-FC9DB4D0EA12 changes to CANDIDATE, lastRpcTime:5086, electionTimeout:5074ms
2019-09-19 16:58:14,297 [Thread-259] INFO  impl.FollowerState (FollowerState.java:run(106)) - d3f68efe-c22b-404c-9d92-5b3617bd70f9:group-D3B8B4EC5BA4 changes to CANDIDATE, lastRpcTime:5144, electionTimeout:5116ms
2019-09-19 16:58:14,297 [Thread-266] INFO  impl.RoleInfo (RoleInfo.java:shutdownFollowerState(121)) - 1bc78e45-ac19-4b52-81ed-8b591e5dbc69: shutdown FollowerState
2019-09-19 16:58:14,297 [Thread-259] INFO  impl.RoleInfo (RoleInfo.java:shutdownFollowerState(121)) - d3f68efe-c22b-404c-9d92-5b3617bd70f9: shutdown FollowerState
2019-09-19 16:58:14,297 [Thread-266] INFO  impl.RaftServerImpl (RaftServerImpl.java:setRole(171)) - 1bc78e45-ac19-4b52-81ed-8b591e5dbc69:group-FC9DB4D0EA12 changes role from FOLLOWER to CANDIDATE at term 0 for changeToCandidate
2019-09-19 16:58:14,298 [Thread-259] INFO  impl.RaftServerImpl (RaftServerImpl.java:setRole(171)) - d3f68efe-c22b-404c-9d92-5b3617bd70f9:group-D3B8B4EC5BA4 changes role from FOLLOWER to CANDIDATE at term 0 for changeToCandidate
2019-09-19 16:58:14,298 [Thread-266] INFO  impl.RoleInfo (RoleInfo.java:updateAndGet(143)) - 1bc78e45-ac19-4b52-81ed-8b591e5dbc69: start LeaderElection
2019-09-19 16:58:14,298 [Thread-259] INFO  impl.RoleInfo (RoleInfo.java:updateAndGet(143)) - d3f68efe-c22b-404c-9d92-5b3617bd70f9: start LeaderElection
2019-09-19 16:58:14,321 [d3f68efe-c22b-404c-9d92-5b3617bd70f9-SegmentedRaftLogWorker:Storage Directory /workdir/hadoop-ozone/tools/target/test-dir/MiniOzoneClusterImpl-07aed8b0-4e05-46c5-ad79-a4210fff6c42/datanode-0/data/ratis/eed7f8b9-3053-44f3-a6ef-7094857150ec] INFO  segmented.SegmentedRaftLogWorker (SegmentedRaftLogWorker.java:execute(569)) - d3f68efe-c22b-404c-9d92-5b3617bd70f9-SegmentedRaftLogWorker:Storage Directory /workdir/hadoop-ozone/tools/target/test-dir/MiniOzoneClusterImpl-07aed8b0-4e05-46c5-ad79-a4210fff6c42/datanode-0/data/ratis/eed7f8b9-3053-44f3-a6ef-7094857150ec: created new log segment /workdir/hadoop-ozone/tools/target/test-dir/MiniOzoneClusterImpl-07aed8b0-4e05-46c5-ad79-a4210fff6c42/datanode-0/data/ratis/eed7f8b9-3053-44f3-a6ef-7094857150ec/current/log_inprogress_0
2019-09-19 16:58:14,321 [d3f68efe-c22b-404c-9d92-5b3617bd70f9:group-D3B8B4EC5BA4:LeaderElection18] INFO  impl.LeaderElection (LeaderElection.java:askForVotes(181)) - d3f68efe-c22b-404c-9d92-5b3617bd70f9:group-D3B8B4EC5BA4:LeaderElection18: begin an election at term 1 for -1: [d3f68efe-c22b-404c-9d92-5b3617bd70f9:192.168.157.226:42155], old=null
2019-09-19 16:58:14,321 [1bc78e45-ac19-4b52-81ed-8b591e5dbc69:group-FC9DB4D0EA12:LeaderElection17] INFO  impl.LeaderElection (LeaderElection.java:askForVotes(181)) - 1bc78e45-ac19-4b52-81ed-8b591e5dbc69:group-FC9DB4D0EA12:LeaderElection17: begin an election at term 1 for -1: [1bc78e45-ac19-4b52-81ed-8b591e5dbc69:192.168.157.226:45895], old=null
2019-09-19 16:58:14,321 [d3f68efe-c22b-404c-9d92-5b3617bd70f9:group-D3B8B4EC5BA4:LeaderElection18] INFO  impl.RoleInfo (RoleInfo.java:shutdownLeaderElection(134)) - d3f68efe-c22b-404c-9d92-5b3617bd70f9: shutdown LeaderElection
2019-09-19 16:58:14,322 [1bc78e45-ac19-4b52-81ed-8b591e5dbc69:group-FC9DB4D0EA12:LeaderElection17] INFO  impl.RoleInfo (RoleInfo.java:shutdownLeaderElection(134)) - 1bc78e45-ac19-4b52-81ed-8b591e5dbc69: shutdown LeaderElection
2019-09-19 16:58:14,322 [d3f68efe-c22b-404c-9d92-5b3617bd70f9:group-D3B8B4EC5BA4:LeaderElection18] INFO  impl.RaftServerImpl (RaftServerImpl.java:setRole(171)) - d3f68efe-c22b-404c-9d92-5b3617bd70f9:group-D3B8B4EC5BA4 changes role from CANDIDATE to LEADER at term 1 for changeToLeader
2019-09-19 16:58:14,322 [1bc78e45-ac19-4b52-81ed-8b591e5dbc69:group-FC9DB4D0EA12:LeaderElection17] INFO  impl.RaftServerImpl (RaftServerImpl.java:setRole(171)) - 1bc78e45-ac19-4b52-81ed-8b591e5dbc69:group-FC9DB4D0EA12 changes role from CANDIDATE to LEADER at term 1 for changeToLeader
2019-09-19 16:58:14,322 [d3f68efe-c22b-404c-9d92-5b3617bd70f9:group-D3B8B4EC5BA4:LeaderElection18] INFO  impl.RaftServerImpl (ServerState.java:setLeader(263)) - d3f68efe-c22b-404c-9d92-5b3617bd70f9:group-D3B8B4EC5BA4 change Leader from null to d3f68efe-c22b-404c-9d92-5b3617bd70f9 at term 1 for becomeLeader, leader elected after 5174ms
2019-09-19 16:58:14,322 [1bc78e45-ac19-4b52-81ed-8b591e5dbc69:group-FC9DB4D0EA12:LeaderElection17] INFO  impl.RaftServerImpl (ServerState.java:setLeader(263)) - 1bc78e45-ac19-4b52-81ed-8b591e5dbc69:group-FC9DB4D0EA12 change Leader from null to 1bc78e45-ac19-4b52-81ed-8b591e5dbc69 at term 1 for becomeLeader, leader elected after 5114ms
2019-09-19 16:58:14,322 [d3f68efe-c22b-404c-9d92-5b3617bd70f9:group-D3B8B4EC5BA4:LeaderElection18] INFO  server.RaftServerConfigKeys (ConfUtils.java:logGet(43)) - raft.server.staging.catchup.gap = 1000 (default)
2019-09-19 16:58:14,322 [1bc78e45-ac19-4b52-81ed-8b591e5dbc69:group-FC9DB4D0EA12:LeaderElection17] INFO  server.RaftServerConfigKeys (ConfUtils.java:logGet(43)) - raft.server.staging.catchup.gap = 1000 (default)
2019-09-19 16:58:14,323 [d3f68efe-c22b-404c-9d92-5b3617bd70f9:group-D3B8B4EC5BA4:LeaderElection18] INFO  server.RaftServerConfigKeys (ConfUtils.java:logGet(43)) - raft.server.rpc.sleep.time = 25ms (default)
2019-09-19 16:58:14,323 [1bc78e45-ac19-4b52-81ed-8b591e5dbc69:group-FC9DB4D0EA12:LeaderElection17] INFO  server.RaftServerConfigKeys (ConfUtils.java:logGet(43)) - raft.server.rpc.sleep.time = 25ms (default)
2019-09-19 16:58:14,323 [d3f68efe-c22b-404c-9d92-5b3617bd70f9:group-D3B8B4EC5BA4:LeaderElection18] INFO  server.RaftServerConfigKeys (ConfUtils.java:logGet(43)) - raft.server.write.element-limit = 4096 (default)
2019-09-19 16:58:14,323 [1bc78e45-ac19-4b52-81ed-8b591e5dbc69:group-FC9DB4D0EA12:LeaderElection17] INFO  server.RaftServerConfigKeys (ConfUtils.java:logGet(43)) - raft.server.write.element-limit = 4096 (default)
2019-09-19 16:58:14,323 [d3f68efe-c22b-404c-9d92-5b3617bd70f9:group-D3B8B4EC5BA4:LeaderElection18] INFO  server.RaftServerConfigKeys (ConfUtils.java:logGet(43)) - raft.server.watch.timeout = 10s (default)
2019-09-19 16:58:14,323 [1bc78e45-ac19-4b52-81ed-8b591e5dbc69:group-FC9DB4D0EA12:LeaderElection17] INFO  server.RaftServerConfigKeys (ConfUtils.java:logGet(43)) - raft.server.watch.timeout = 10s (default)
2019-09-19 16:58:14,323 [d3f68efe-c22b-404c-9d92-5b3617bd70f9:group-D3B8B4EC5BA4:LeaderElection18] INFO  server.RaftServerConfigKeys (ConfUtils.java:logGet(43)) - raft.server.watch.timeout.denomination = 1s (default)
2019-09-19 16:58:14,324 [1bc78e45-ac19-4b52-81ed-8b591e5dbc69:group-FC9DB4D0EA12:LeaderElection17] INFO  server.RaftServerConfigKeys (ConfUtils.java:logGet(43)) - raft.server.watch.timeout.denomination = 1s (default)
2019-09-19 16:58:14,324 [d3f68efe-c22b-404c-9d92-5b3617bd70f9:group-D3B8B4EC5BA4:LeaderElection18] INFO  server.RaftServerConfigKeys (ConfUtils.java:logGet(43)) - raft.server.watch.element-limit = 65536 (default)
2019-09-19 16:58:14,324 [1bc78e45-ac19-4b52-81ed-8b591e5dbc69:group-FC9DB4D0EA12:LeaderElection17] INFO  server.RaftServerConfigKeys (ConfUtils.java:logGet(43)) - raft.server.watch.element-limit = 65536 (default)
2019-09-19 16:58:14,324 [d3f68efe-c22b-404c-9d92-5b3617bd70f9:group-D3B8B4EC5BA4:LeaderElection18] INFO  impl.RoleInfo (RoleInfo.java:updateAndGet(143)) - d3f68efe-c22b-404c-9d92-5b3617bd70f9: start LeaderState
2019-09-19 16:58:14,324 [1bc78e45-ac19-4b52-81ed-8b591e5dbc69:group-FC9DB4D0EA12:LeaderElection17] INFO  impl.RoleInfo (RoleInfo.java:updateAndGet(143)) - 1bc78e45-ac19-4b52-81ed-8b591e5dbc69: start LeaderState
2019-09-19 16:58:14,325 [d3f68efe-c22b-404c-9d92-5b3617bd70f9:group-D3B8B4EC5BA4:LeaderElection18] INFO  segmented.SegmentedRaftLogWorker (SegmentedRaftLogWorker.java:startLogSegment(380)) - d3f68efe-c22b-404c-9d92-5b3617bd70f9-SegmentedRaftLogWorker:Storage Directory /workdir/hadoop-ozone/tools/target/test-dir/MiniOzoneClusterImpl-07aed8b0-4e05-46c5-ad79-a4210fff6c42/datanode-0/data/ratis/38045659-0faf-48f6-a66e-d3b8b4ec5ba4: Starting segment from index:0
2019-09-19 16:58:14,325 [1bc78e45-ac19-4b52-81ed-8b591e5dbc69:group-FC9DB4D0EA12:LeaderElection17] INFO  segmented.SegmentedRaftLogWorker (SegmentedRaftLogWorker.java:startLogSegment(380)) - 1bc78e45-ac19-4b52-81ed-8b591e5dbc69-SegmentedRaftLogWorker:Storage Directory /workdir/hadoop-ozone/tools/target/test-dir/MiniOzoneClusterImpl-07aed8b0-4e05-46c5-ad79-a4210fff6c42/datanode-2/data/ratis/b57bb4db-4683-4d98-81c3-fc9db4d0ea12: Starting segment from index:0
2019-09-19 16:58:14,325 [d3f68efe-c22b-404c-9d92-5b3617bd70f9:group-D3B8B4EC5BA4:LeaderElection18] INFO  impl.RaftServerImpl (ServerState.java:setRaftConf(361)) - d3f68efe-c22b-404c-9d92-5b3617bd70f9:group-D3B8B4EC5BA4 set configuration 0: [d3f68efe-c22b-404c-9d92-5b3617bd70f9:192.168.157.226:42155], old=null at 0
2019-09-19 16:58:14,326 [1bc78e45-ac19-4b52-81ed-8b591e5dbc69:group-FC9DB4D0EA12:LeaderElection17] INFO  impl.RaftServerImpl (ServerState.java:setRaftConf(361)) - 1bc78e45-ac19-4b52-81ed-8b591e5dbc69:group-FC9DB4D0EA12 set configuration 0: [1bc78e45-ac19-4b52-81ed-8b591e5dbc69:192.168.157.226:45895], old=null at 0
2019-09-19 16:58:14,379 [d3f68efe-c22b-404c-9d92-5b3617bd70f9-SegmentedRaftLogWorker:Storage Directory /workdir/hadoop-ozone/tools/target/test-dir/MiniOzoneClusterImpl-07aed8b0-4e05-46c5-ad79-a4210fff6c42/datanode-0/data/ratis/38045659-0faf-48f6-a66e-d3b8b4ec5ba4] INFO  segmented.SegmentedRaftLogWorker (SegmentedRaftLogWorker.java:execute(569)) - d3f68efe-c22b-404c-9d92-5b3617bd70f9-SegmentedRaftLogWorker:Storage Directory /workdir/hadoop-ozone/tools/target/test-dir/MiniOzoneClusterImpl-07aed8b0-4e05-46c5-ad79-a4210fff6c42/datanode-0/data/ratis/38045659-0faf-48f6-a66e-d3b8b4ec5ba4: created new log segment /workdir/hadoop-ozone/tools/target/test-dir/MiniOzoneClusterImpl-07aed8b0-4e05-46c5-ad79-a4210fff6c42/datanode-0/data/ratis/38045659-0faf-48f6-a66e-d3b8b4ec5ba4/current/log_inprogress_0
2019-09-19 16:58:14,379 [1bc78e45-ac19-4b52-81ed-8b591e5dbc69-SegmentedRaftLogWorker:Storage Directory /workdir/hadoop-ozone/tools/target/test-dir/MiniOzoneClusterImpl-07aed8b0-4e05-46c5-ad79-a4210fff6c42/datanode-2/data/ratis/b57bb4db-4683-4d98-81c3-fc9db4d0ea12] INFO  segmented.SegmentedRaftLogWorker (SegmentedRaftLogWorker.java:execute(569)) - 1bc78e45-ac19-4b52-81ed-8b591e5dbc69-SegmentedRaftLogWorker:Storage Directory /workdir/hadoop-ozone/tools/target/test-dir/MiniOzoneClusterImpl-07aed8b0-4e05-46c5-ad79-a4210fff6c42/datanode-2/data/ratis/b57bb4db-4683-4d98-81c3-fc9db4d0ea12: created new log segment /workdir/hadoop-ozone/tools/target/test-dir/MiniOzoneClusterImpl-07aed8b0-4e05-46c5-ad79-a4210fff6c42/datanode-2/data/ratis/b57bb4db-4683-4d98-81c3-fc9db4d0ea12/current/log_inprogress_0
2019-09-19 16:58:14,381 [Thread-269] INFO  impl.FollowerState (FollowerState.java:run(106)) - 1bc78e45-ac19-4b52-81ed-8b591e5dbc69:group-6678C07A913D changes to CANDIDATE, lastRpcTime:5117, electionTimeout:5117ms
2019-09-19 16:58:14,381 [Thread-269] INFO  impl.RoleInfo (RoleInfo.java:shutdownFollowerState(121)) - 1bc78e45-ac19-4b52-81ed-8b591e5dbc69: shutdown FollowerState
2019-09-19 16:58:14,381 [Thread-269] INFO  impl.RaftServerImpl (RaftServerImpl.java:setRole(171)) - 1bc78e45-ac19-4b52-81ed-8b591e5dbc69:group-6678C07A913D changes role from FOLLOWER to CANDIDATE at term 0 for changeToCandidate
2019-09-19 16:58:14,381 [Thread-269] INFO  impl.RoleInfo (RoleInfo.java:updateAndGet(143)) - 1bc78e45-ac19-4b52-81ed-8b591e5dbc69: start LeaderElection
2019-09-19 16:58:14,392 [1bc78e45-ac19-4b52-81ed-8b591e5dbc69:group-6678C07A913D:LeaderElection19] INFO  impl.LeaderElection (LeaderElection.java:askForVotes(181)) - 1bc78e45-ac19-4b52-81ed-8b591e5dbc69:group-6678C07A913D:LeaderElection19: begin an election at term 1 for -1: [1bc78e45-ac19-4b52-81ed-8b591e5dbc69:192.168.157.226:45895], old=null
2019-09-19 16:58:14,392 [1bc78e45-ac19-4b52-81ed-8b591e5dbc69:group-6678C07A913D:LeaderElection19] INFO  impl.RoleInfo (RoleInfo.java:shutdownLeaderElection(134)) - 1bc78e45-ac19-4b52-81ed-8b591e5dbc69: shutdown LeaderElection
2019-09-19 16:58:14,392 [1bc78e45-ac19-4b52-81ed-8b591e5dbc69:group-6678C07A913D:LeaderElection19] INFO  impl.RaftServerImpl (RaftServerImpl.java:setRole(171)) - 1bc78e45-ac19-4b52-81ed-8b591e5dbc69:group-6678C07A913D changes role from CANDIDATE to LEADER at term 1 for changeToLeader
2019-09-19 16:58:14,392 [1bc78e45-ac19-4b52-81ed-8b591e5dbc69:group-6678C07A913D:LeaderElection19] INFO  impl.RaftServerImpl (ServerState.java:setLeader(263)) - 1bc78e45-ac19-4b52-81ed-8b591e5dbc69:group-6678C07A913D change Leader from null to 1bc78e45-ac19-4b52-81ed-8b591e5dbc69 at term 1 for becomeLeader, leader elected after 5134ms
2019-09-19 16:58:14,392 [1bc78e45-ac19-4b52-81ed-8b591e5dbc69:group-6678C07A913D:LeaderElection19] INFO  server.RaftServerConfigKeys (ConfUtils.java:logGet(43)) - raft.server.staging.catchup.gap = 1000 (default)
2019-09-19 16:58:14,393 [1bc78e45-ac19-4b52-81ed-8b591e5dbc69:group-6678C07A913D:LeaderElection19] INFO  server.RaftServerConfigKeys (ConfUtils.java:logGet(43)) - raft.server.rpc.sleep.time = 25ms (default)
2019-09-19 16:58:14,393 [1bc78e45-ac19-4b52-81ed-8b591e5dbc69:group-6678C07A913D:LeaderElection19] INFO  server.RaftServerConfigKeys (ConfUtils.java:logGet(43)) - raft.server.write.element-limit = 4096 (default)
2019-09-19 16:58:14,393 [1bc78e45-ac19-4b52-81ed-8b591e5dbc69:group-6678C07A913D:LeaderElection19] INFO  server.RaftServerConfigKeys (ConfUtils.java:logGet(43)) - raft.server.watch.timeout = 10s (default)
2019-09-19 16:58:14,393 [1bc78e45-ac19-4b52-81ed-8b591e5dbc69:group-6678C07A913D:LeaderElection19] INFO  server.RaftServerConfigKeys (ConfUtils.java:logGet(43)) - raft.server.watch.timeout.denomination = 1s (default)
2019-09-19 16:58:14,393 [1bc78e45-ac19-4b52-81ed-8b591e5dbc69:group-6678C07A913D:LeaderElection19] INFO  server.RaftServerConfigKeys (ConfUtils.java:logGet(43)) - raft.server.watch.element-limit = 65536 (default)
2019-09-19 16:58:14,394 [1bc78e45-ac19-4b52-81ed-8b591e5dbc69:group-6678C07A913D:LeaderElection19] INFO  impl.RoleInfo (RoleInfo.java:updateAndGet(143)) - 1bc78e45-ac19-4b52-81ed-8b591e5dbc69: start LeaderState
2019-09-19 16:58:14,394 [1bc78e45-ac19-4b52-81ed-8b591e5dbc69:group-6678C07A913D:LeaderElection19] INFO  segmented.SegmentedRaftLogWorker (SegmentedRaftLogWorker.java:startLogSegment(380)) - 1bc78e45-ac19-4b52-81ed-8b591e5dbc69-SegmentedRaftLogWorker:Storage Directory /workdir/hadoop-ozone/tools/target/test-dir/MiniOzoneClusterImpl-07aed8b0-4e05-46c5-ad79-a4210fff6c42/datanode-2/data/ratis/adf69af2-56d4-4e8f-96c3-6678c07a913d: Starting segment from index:0
2019-09-19 16:58:14,395 [1bc78e45-ac19-4b52-81ed-8b591e5dbc69:group-6678C07A913D:LeaderElection19] INFO  impl.RaftServerImpl (ServerState.java:setRaftConf(361)) - 1bc78e45-ac19-4b52-81ed-8b591e5dbc69:group-6678C07A913D set configuration 0: [1bc78e45-ac19-4b52-81ed-8b591e5dbc69:192.168.157.226:45895], old=null at 0
2019-09-19 16:58:14,430 [Thread-272] INFO  impl.FollowerState (FollowerState.java:run(106)) - 293fb764-8d0a-4a2a-b0d4-e27863ca0d27:group-0CDD37277AEE changes to CANDIDATE, lastRpcTime:5102, electionTimeout:5078ms
2019-09-19 16:58:14,430 [Thread-272] INFO  impl.RoleInfo (RoleInfo.java:shutdownFollowerState(121)) - 293fb764-8d0a-4a2a-b0d4-e27863ca0d27: shutdown FollowerState
2019-09-19 16:58:14,430 [Thread-272] INFO  impl.RaftServerImpl (RaftServerImpl.java:setRole(171)) - 293fb764-8d0a-4a2a-b0d4-e27863ca0d27:group-0CDD37277AEE changes role from FOLLOWER to CANDIDATE at term 0 for changeToCandidate
2019-09-19 16:58:14,431 [Thread-272] INFO  impl.RoleInfo (RoleInfo.java:updateAndGet(143)) - 293fb764-8d0a-4a2a-b0d4-e27863ca0d27: start LeaderElection
2019-09-19 16:58:14,454 [1bc78e45-ac19-4b52-81ed-8b591e5dbc69-SegmentedRaftLogWorker:Storage Directory /workdir/hadoop-ozone/tools/target/test-dir/MiniOzoneClusterImpl-07aed8b0-4e05-46c5-ad79-a4210fff6c42/datanode-2/data/ratis/adf69af2-56d4-4e8f-96c3-6678c07a913d] INFO  segmented.SegmentedRaftLogWorker (SegmentedRaftLogWorker.java:execute(569)) - 1bc78e45-ac19-4b52-81ed-8b591e5dbc69-SegmentedRaftLogWorker:Storage Directory /workdir/hadoop-ozone/tools/target/test-dir/MiniOzoneClusterImpl-07aed8b0-4e05-46c5-ad79-a4210fff6c42/datanode-2/data/ratis/adf69af2-56d4-4e8f-96c3-6678c07a913d: created new log segment /workdir/hadoop-ozone/tools/target/test-dir/MiniOzoneClusterImpl-07aed8b0-4e05-46c5-ad79-a4210fff6c42/datanode-2/data/ratis/adf69af2-56d4-4e8f-96c3-6678c07a913d/current/log_inprogress_0
2019-09-19 16:58:14,457 [293fb764-8d0a-4a2a-b0d4-e27863ca0d27:group-0CDD37277AEE:LeaderElection20] INFO  impl.LeaderElection (LeaderElection.java:askForVotes(181)) - 293fb764-8d0a-4a2a-b0d4-e27863ca0d27:group-0CDD37277AEE:LeaderElection20: begin an election at term 1 for -1: [293fb764-8d0a-4a2a-b0d4-e27863ca0d27:192.168.157.226:35657], old=null
2019-09-19 16:58:14,457 [293fb764-8d0a-4a2a-b0d4-e27863ca0d27:group-0CDD37277AEE:LeaderElection20] INFO  impl.RoleInfo (RoleInfo.java:shutdownLeaderElection(134)) - 293fb764-8d0a-4a2a-b0d4-e27863ca0d27: shutdown LeaderElection
2019-09-19 16:58:14,458 [293fb764-8d0a-4a2a-b0d4-e27863ca0d27:group-0CDD37277AEE:LeaderElection20] INFO  impl.RaftServerImpl (RaftServerImpl.java:setRole(171)) - 293fb764-8d0a-4a2a-b0d4-e27863ca0d27:group-0CDD37277AEE changes role from CANDIDATE to LEADER at term 1 for changeToLeader
2019-09-19 16:58:14,458 [293fb764-8d0a-4a2a-b0d4-e27863ca0d27:group-0CDD37277AEE:LeaderElection20] INFO  impl.RaftServerImpl (ServerState.java:setLeader(263)) - 293fb764-8d0a-4a2a-b0d4-e27863ca0d27:group-0CDD37277AEE change Leader from null to 293fb764-8d0a-4a2a-b0d4-e27863ca0d27 at term 1 for becomeLeader, leader elected after 5133ms
2019-09-19 16:58:14,458 [293fb764-8d0a-4a2a-b0d4-e27863ca0d27:group-0CDD37277AEE:LeaderElection20] INFO  server.RaftServerConfigKeys (ConfUtils.java:logGet(43)) - raft.server.staging.catchup.gap = 1000 (default)
2019-09-19 16:58:14,458 [293fb764-8d0a-4a2a-b0d4-e27863ca0d27:group-0CDD37277AEE:LeaderElection20] INFO  server.RaftServerConfigKeys (ConfUtils.java:logGet(43)) - raft.server.rpc.sleep.time = 25ms (default)
2019-09-19 16:58:14,459 [293fb764-8d0a-4a2a-b0d4-e27863ca0d27:group-0CDD37277AEE:LeaderElection20] INFO  server.RaftServerConfigKeys (ConfUtils.java:logGet(43)) - raft.server.write.element-limit = 4096 (default)
2019-09-19 16:58:14,459 [293fb764-8d0a-4a2a-b0d4-e27863ca0d27:group-0CDD37277AEE:LeaderElection20] INFO  server.RaftServerConfigKeys (ConfUtils.java:logGet(43)) - raft.server.watch.timeout = 10s (default)
2019-09-19 16:58:14,459 [293fb764-8d0a-4a2a-b0d4-e27863ca0d27:group-0CDD37277AEE:LeaderElection20] INFO  server.RaftServerConfigKeys (ConfUtils.java:logGet(43)) - raft.server.watch.timeout.denomination = 1s (default)
2019-09-19 16:58:14,459 [293fb764-8d0a-4a2a-b0d4-e27863ca0d27:group-0CDD37277AEE:LeaderElection20] INFO  server.RaftServerConfigKeys (ConfUtils.java:logGet(43)) - raft.server.watch.element-limit = 65536 (default)
2019-09-19 16:58:14,460 [293fb764-8d0a-4a2a-b0d4-e27863ca0d27:group-0CDD37277AEE:LeaderElection20] INFO  impl.RoleInfo (RoleInfo.java:updateAndGet(143)) - 293fb764-8d0a-4a2a-b0d4-e27863ca0d27: start LeaderState
2019-09-19 16:58:14,460 [293fb764-8d0a-4a2a-b0d4-e27863ca0d27:group-0CDD37277AEE:LeaderElection20] INFO  segmented.SegmentedRaftLogWorker (SegmentedRaftLogWorker.java:startLogSegment(380)) - 293fb764-8d0a-4a2a-b0d4-e27863ca0d27-SegmentedRaftLogWorker:Storage Directory /workdir/hadoop-ozone/tools/target/test-dir/MiniOzoneClusterImpl-07aed8b0-4e05-46c5-ad79-a4210fff6c42/datanode-4/data/ratis/3630b15a-e6df-459a-b10d-0cdd37277aee: Starting segment from index:0
2019-09-19 16:58:14,461 [293fb764-8d0a-4a2a-b0d4-e27863ca0d27:group-0CDD37277AEE:LeaderElection20] INFO  impl.RaftServerImpl (ServerState.java:setRaftConf(361)) - 293fb764-8d0a-4a2a-b0d4-e27863ca0d27:group-0CDD37277AEE set configuration 0: [293fb764-8d0a-4a2a-b0d4-e27863ca0d27:192.168.157.226:35657], old=null at 0
2019-09-19 16:58:14,521 [Thread-282] INFO  impl.FollowerState (FollowerState.java:run(106)) - 293fb764-8d0a-4a2a-b0d4-e27863ca0d27:group-C25139C1355B changes to CANDIDATE, lastRpcTime:5014, electionTimeout:5014ms
2019-09-19 16:58:14,521 [Thread-282] INFO  impl.RoleInfo (RoleInfo.java:shutdownFollowerState(121)) - 293fb764-8d0a-4a2a-b0d4-e27863ca0d27: shutdown FollowerState
2019-09-19 16:58:14,521 [Thread-282] INFO  impl.RaftServerImpl (RaftServerImpl.java:setRole(171)) - 293fb764-8d0a-4a2a-b0d4-e27863ca0d27:group-C25139C1355B changes role from FOLLOWER to CANDIDATE at term 0 for changeToCandidate
2019-09-19 16:58:14,521 [Thread-282] INFO  impl.RoleInfo (RoleInfo.java:updateAndGet(143)) - 293fb764-8d0a-4a2a-b0d4-e27863ca0d27: start LeaderElection
2019-09-19 16:58:14,526 [293fb764-8d0a-4a2a-b0d4-e27863ca0d27-SegmentedRaftLogWorker:Storage Directory /workdir/hadoop-ozone/tools/target/test-dir/MiniOzoneClusterImpl-07aed8b0-4e05-46c5-ad79-a4210fff6c42/datanode-4/data/ratis/3630b15a-e6df-459a-b10d-0cdd37277aee] INFO  segmented.SegmentedRaftLogWorker (SegmentedRaftLogWorker.java:execute(569)) - 293fb764-8d0a-4a2a-b0d4-e27863ca0d27-SegmentedRaftLogWorker:Storage Directory /workdir/hadoop-ozone/tools/target/test-dir/MiniOzoneClusterImpl-07aed8b0-4e05-46c5-ad79-a4210fff6c42/datanode-4/data/ratis/3630b15a-e6df-459a-b10d-0cdd37277aee: created new log segment /workdir/hadoop-ozone/tools/target/test-dir/MiniOzoneClusterImpl-07aed8b0-4e05-46c5-ad79-a4210fff6c42/datanode-4/data/ratis/3630b15a-e6df-459a-b10d-0cdd37277aee/current/log_inprogress_0
2019-09-19 16:58:14,529 [293fb764-8d0a-4a2a-b0d4-e27863ca0d27:group-C25139C1355B:LeaderElection21] INFO  impl.LeaderElection (LeaderElection.java:askForVotes(181)) - 293fb764-8d0a-4a2a-b0d4-e27863ca0d27:group-C25139C1355B:LeaderElection21: begin an election at term 1 for -1: [293fb764-8d0a-4a2a-b0d4-e27863ca0d27:192.168.157.226:35657], old=null
2019-09-19 16:58:14,529 [293fb764-8d0a-4a2a-b0d4-e27863ca0d27:group-C25139C1355B:LeaderElection21] INFO  impl.RoleInfo (RoleInfo.java:shutdownLeaderElection(134)) - 293fb764-8d0a-4a2a-b0d4-e27863ca0d27: shutdown LeaderElection
2019-09-19 16:58:14,529 [293fb764-8d0a-4a2a-b0d4-e27863ca0d27:group-C25139C1355B:LeaderElection21] INFO  impl.RaftServerImpl (RaftServerImpl.java:setRole(171)) - 293fb764-8d0a-4a2a-b0d4-e27863ca0d27:group-C25139C1355B changes role from CANDIDATE to LEADER at term 1 for changeToLeader
2019-09-19 16:58:14,530 [293fb764-8d0a-4a2a-b0d4-e27863ca0d27:group-C25139C1355B:LeaderElection21] INFO  impl.RaftServerImpl (ServerState.java:setLeader(263)) - 293fb764-8d0a-4a2a-b0d4-e27863ca0d27:group-C25139C1355B change Leader from null to 293fb764-8d0a-4a2a-b0d4-e27863ca0d27 at term 1 for becomeLeader, leader elected after 5027ms
2019-09-19 16:58:14,530 [293fb764-8d0a-4a2a-b0d4-e27863ca0d27:group-C25139C1355B:LeaderElection21] INFO  server.RaftServerConfigKeys (ConfUtils.java:logGet(43)) - raft.server.staging.catchup.gap = 1000 (default)
2019-09-19 16:58:14,530 [293fb764-8d0a-4a2a-b0d4-e27863ca0d27:group-C25139C1355B:LeaderElection21] INFO  server.RaftServerConfigKeys (ConfUtils.java:logGet(43)) - raft.server.rpc.sleep.time = 25ms (default)
2019-09-19 16:58:14,530 [293fb764-8d0a-4a2a-b0d4-e27863ca0d27:group-C25139C1355B:LeaderElection21] INFO  server.RaftServerConfigKeys (ConfUtils.java:logGet(43)) - raft.server.write.element-limit = 4096 (default)
2019-09-19 16:58:14,530 [293fb764-8d0a-4a2a-b0d4-e27863ca0d27:group-C25139C1355B:LeaderElection21] INFO  server.RaftServerConfigKeys (ConfUtils.java:logGet(43)) - raft.server.watch.timeout = 10s (default)
2019-09-19 16:58:14,531 [293fb764-8d0a-4a2a-b0d4-e27863ca0d27:group-C25139C1355B:LeaderElection21] INFO  server.RaftServerConfigKeys (ConfUtils.java:logGet(43)) - raft.server.watch.timeout.denomination = 1s (default)
2019-09-19 16:58:14,531 [293fb764-8d0a-4a2a-b0d4-e27863ca0d27:group-C25139C1355B:LeaderElection21] INFO  server.RaftServerConfigKeys (ConfUtils.java:logGet(43)) - raft.server.watch.element-limit = 65536 (default)
2019-09-19 16:58:14,531 [293fb764-8d0a-4a2a-b0d4-e27863ca0d27:group-C25139C1355B:LeaderElection21] INFO  impl.RoleInfo (RoleInfo.java:updateAndGet(143)) - 293fb764-8d0a-4a2a-b0d4-e27863ca0d27: start LeaderState
2019-09-19 16:58:14,531 [293fb764-8d0a-4a2a-b0d4-e27863ca0d27:group-C25139C1355B:LeaderElection21] INFO  segmented.SegmentedRaftLogWorker (SegmentedRaftLogWorker.java:startLogSegment(380)) - 293fb764-8d0a-4a2a-b0d4-e27863ca0d27-SegmentedRaftLogWorker:Storage Directory /workdir/hadoop-ozone/tools/target/test-dir/MiniOzoneClusterImpl-07aed8b0-4e05-46c5-ad79-a4210fff6c42/datanode-4/data/ratis/0e2e1b0f-3888-4f38-a63a-c25139c1355b: Starting segment from index:0
2019-09-19 16:58:14,532 [293fb764-8d0a-4a2a-b0d4-e27863ca0d27:group-C25139C1355B:LeaderElection21] INFO  impl.RaftServerImpl (ServerState.java:setRaftConf(361)) - 293fb764-8d0a-4a2a-b0d4-e27863ca0d27:group-C25139C1355B set configuration 0: [293fb764-8d0a-4a2a-b0d4-e27863ca0d27:192.168.157.226:35657], old=null at 0
2019-09-19 16:58:14,578 [Thread-276] INFO  impl.FollowerState (FollowerState.java:run(106)) - 1bc78e45-ac19-4b52-81ed-8b591e5dbc69:group-26E9713D28FB changes to CANDIDATE, lastRpcTime:5179, electionTimeout:5144ms
2019-09-19 16:58:14,578 [Thread-276] INFO  impl.RoleInfo (RoleInfo.java:shutdownFollowerState(121)) - 1bc78e45-ac19-4b52-81ed-8b591e5dbc69: shutdown FollowerState
2019-09-19 16:58:14,578 [Thread-276] INFO  impl.RaftServerImpl (RaftServerImpl.java:setRole(171)) - 1bc78e45-ac19-4b52-81ed-8b591e5dbc69:group-26E9713D28FB changes role from FOLLOWER to CANDIDATE at term 0 for changeToCandidate
2019-09-19 16:58:14,579 [Thread-276] INFO  impl.RoleInfo (RoleInfo.java:updateAndGet(143)) - 1bc78e45-ac19-4b52-81ed-8b591e5dbc69: start LeaderElection
2019-09-19 16:58:14,585 | INFO  | SCMAudit | user=jenkins1000 | ip=192.168.157.226 | op=SEND_HEARTBEAT {datanodeUUID=d3f68efe-c22b-404c-9d92-5b3617bd70f9, command=[]} | ret=SUCCESS |  
2019-09-19 16:58:14,591 [293fb764-8d0a-4a2a-b0d4-e27863ca0d27-SegmentedRaftLogWorker:Storage Directory /workdir/hadoop-ozone/tools/target/test-dir/MiniOzoneClusterImpl-07aed8b0-4e05-46c5-ad79-a4210fff6c42/datanode-4/data/ratis/0e2e1b0f-3888-4f38-a63a-c25139c1355b] INFO  segmented.SegmentedRaftLogWorker (SegmentedRaftLogWorker.java:execute(569)) - 293fb764-8d0a-4a2a-b0d4-e27863ca0d27-SegmentedRaftLogWorker:Storage Directory /workdir/hadoop-ozone/tools/target/test-dir/MiniOzoneClusterImpl-07aed8b0-4e05-46c5-ad79-a4210fff6c42/datanode-4/data/ratis/0e2e1b0f-3888-4f38-a63a-c25139c1355b: created new log segment /workdir/hadoop-ozone/tools/target/test-dir/MiniOzoneClusterImpl-07aed8b0-4e05-46c5-ad79-a4210fff6c42/datanode-4/data/ratis/0e2e1b0f-3888-4f38-a63a-c25139c1355b/current/log_inprogress_0
2019-09-19 16:58:14,591 [1bc78e45-ac19-4b52-81ed-8b591e5dbc69:group-26E9713D28FB:LeaderElection22] INFO  impl.LeaderElection (LeaderElection.java:askForVotes(181)) - 1bc78e45-ac19-4b52-81ed-8b591e5dbc69:group-26E9713D28FB:LeaderElection22: begin an election at term 1 for -1: [1bc78e45-ac19-4b52-81ed-8b591e5dbc69:192.168.157.226:45895], old=null
2019-09-19 16:58:14,592 [1bc78e45-ac19-4b52-81ed-8b591e5dbc69:group-26E9713D28FB:LeaderElection22] INFO  impl.RoleInfo (RoleInfo.java:shutdownLeaderElection(134)) - 1bc78e45-ac19-4b52-81ed-8b591e5dbc69: shutdown LeaderElection
2019-09-19 16:58:14,592 [1bc78e45-ac19-4b52-81ed-8b591e5dbc69:group-26E9713D28FB:LeaderElection22] INFO  impl.RaftServerImpl (RaftServerImpl.java:setRole(171)) - 1bc78e45-ac19-4b52-81ed-8b591e5dbc69:group-26E9713D28FB changes role from CANDIDATE to LEADER at term 1 for changeToLeader
2019-09-19 16:58:14,592 [1bc78e45-ac19-4b52-81ed-8b591e5dbc69:group-26E9713D28FB:LeaderElection22] INFO  impl.RaftServerImpl (ServerState.java:setLeader(263)) - 1bc78e45-ac19-4b52-81ed-8b591e5dbc69:group-26E9713D28FB change Leader from null to 1bc78e45-ac19-4b52-81ed-8b591e5dbc69 at term 1 for becomeLeader, leader elected after 5198ms
2019-09-19 16:58:14,592 [1bc78e45-ac19-4b52-81ed-8b591e5dbc69:group-26E9713D28FB:LeaderElection22] INFO  server.RaftServerConfigKeys (ConfUtils.java:logGet(43)) - raft.server.staging.catchup.gap = 1000 (default)
2019-09-19 16:58:14,592 [1bc78e45-ac19-4b52-81ed-8b591e5dbc69:group-26E9713D28FB:LeaderElection22] INFO  server.RaftServerConfigKeys (ConfUtils.java:logGet(43)) - raft.server.rpc.sleep.time = 25ms (default)
2019-09-19 16:58:14,593 [1bc78e45-ac19-4b52-81ed-8b591e5dbc69:group-26E9713D28FB:LeaderElection22] INFO  server.RaftServerConfigKeys (ConfUtils.java:logGet(43)) - raft.server.write.element-limit = 4096 (default)
2019-09-19 16:58:14,593 [1bc78e45-ac19-4b52-81ed-8b591e5dbc69:group-26E9713D28FB:LeaderElection22] INFO  server.RaftServerConfigKeys (ConfUtils.java:logGet(43)) - raft.server.watch.timeout = 10s (default)
2019-09-19 16:58:14,593 [1bc78e45-ac19-4b52-81ed-8b591e5dbc69:group-26E9713D28FB:LeaderElection22] INFO  server.RaftServerConfigKeys (ConfUtils.java:logGet(43)) - raft.server.watch.timeout.denomination = 1s (default)
2019-09-19 16:58:14,593 [1bc78e45-ac19-4b52-81ed-8b591e5dbc69:group-26E9713D28FB:LeaderElection22] INFO  server.RaftServerConfigKeys (ConfUtils.java:logGet(43)) - raft.server.watch.element-limit = 65536 (default)
2019-09-19 16:58:14,594 [1bc78e45-ac19-4b52-81ed-8b591e5dbc69:group-26E9713D28FB:LeaderElection22] INFO  impl.RoleInfo (RoleInfo.java:updateAndGet(143)) - 1bc78e45-ac19-4b52-81ed-8b591e5dbc69: start LeaderState
2019-09-19 16:58:14,594 [1bc78e45-ac19-4b52-81ed-8b591e5dbc69:group-26E9713D28FB:LeaderElection22] INFO  segmented.SegmentedRaftLogWorker (SegmentedRaftLogWorker.java:startLogSegment(380)) - 1bc78e45-ac19-4b52-81ed-8b591e5dbc69-SegmentedRaftLogWorker:Storage Directory /workdir/hadoop-ozone/tools/target/test-dir/MiniOzoneClusterImpl-07aed8b0-4e05-46c5-ad79-a4210fff6c42/datanode-2/data/ratis/761c453a-2314-4a81-9784-26e9713d28fb: Starting segment from index:0
2019-09-19 16:58:14,595 [1bc78e45-ac19-4b52-81ed-8b591e5dbc69:group-26E9713D28FB:LeaderElection22] INFO  impl.RaftServerImpl (ServerState.java:setRaftConf(361)) - 1bc78e45-ac19-4b52-81ed-8b591e5dbc69:group-26E9713D28FB set configuration 0: [1bc78e45-ac19-4b52-81ed-8b591e5dbc69:192.168.157.226:45895], old=null at 0
2019-09-19 16:58:14,634 [Thread-279] INFO  impl.FollowerState (FollowerState.java:run(106)) - b4d11adf-473e-4712-a75b-8cc25b77f0f4:group-B30D37E38E16 changes to CANDIDATE, lastRpcTime:5181, electionTimeout:5152ms
2019-09-19 16:58:14,635 [Thread-279] INFO  impl.RoleInfo (RoleInfo.java:shutdownFollowerState(121)) - b4d11adf-473e-4712-a75b-8cc25b77f0f4: shutdown FollowerState
2019-09-19 16:58:14,635 [Thread-279] INFO  impl.RaftServerImpl (RaftServerImpl.java:setRole(171)) - b4d11adf-473e-4712-a75b-8cc25b77f0f4:group-B30D37E38E16 changes role from FOLLOWER to CANDIDATE at term 0 for changeToCandidate
2019-09-19 16:58:14,635 [Thread-279] INFO  impl.RoleInfo (RoleInfo.java:updateAndGet(143)) - b4d11adf-473e-4712-a75b-8cc25b77f0f4: start LeaderElection
2019-09-19 16:58:14,638 | INFO  | SCMAudit | user=jenkins1000 | ip=192.168.157.226 | op=SEND_HEARTBEAT {datanodeUUID=b4d11adf-473e-4712-a75b-8cc25b77f0f4, command=[]} | ret=SUCCESS |  
2019-09-19 16:58:14,647 [1bc78e45-ac19-4b52-81ed-8b591e5dbc69-SegmentedRaftLogWorker:Storage Directory /workdir/hadoop-ozone/tools/target/test-dir/MiniOzoneClusterImpl-07aed8b0-4e05-46c5-ad79-a4210fff6c42/datanode-2/data/ratis/761c453a-2314-4a81-9784-26e9713d28fb] INFO  segmented.SegmentedRaftLogWorker (SegmentedRaftLogWorker.java:execute(569)) - 1bc78e45-ac19-4b52-81ed-8b591e5dbc69-SegmentedRaftLogWorker:Storage Directory /workdir/hadoop-ozone/tools/target/test-dir/MiniOzoneClusterImpl-07aed8b0-4e05-46c5-ad79-a4210fff6c42/datanode-2/data/ratis/761c453a-2314-4a81-9784-26e9713d28fb: created new log segment /workdir/hadoop-ozone/tools/target/test-dir/MiniOzoneClusterImpl-07aed8b0-4e05-46c5-ad79-a4210fff6c42/datanode-2/data/ratis/761c453a-2314-4a81-9784-26e9713d28fb/current/log_inprogress_0
2019-09-19 16:58:14,647 [b4d11adf-473e-4712-a75b-8cc25b77f0f4:group-B30D37E38E16:LeaderElection23] INFO  impl.LeaderElection (LeaderElection.java:askForVotes(181)) - b4d11adf-473e-4712-a75b-8cc25b77f0f4:group-B30D37E38E16:LeaderElection23: begin an election at term 1 for -1: [b4d11adf-473e-4712-a75b-8cc25b77f0f4:192.168.157.226:36538], old=null
2019-09-19 16:58:14,647 [b4d11adf-473e-4712-a75b-8cc25b77f0f4:group-B30D37E38E16:LeaderElection23] INFO  impl.RoleInfo (RoleInfo.java:shutdownLeaderElection(134)) - b4d11adf-473e-4712-a75b-8cc25b77f0f4: shutdown LeaderElection
2019-09-19 16:58:14,648 [b4d11adf-473e-4712-a75b-8cc25b77f0f4:group-B30D37E38E16:LeaderElection23] INFO  impl.RaftServerImpl (RaftServerImpl.java:setRole(171)) - b4d11adf-473e-4712-a75b-8cc25b77f0f4:group-B30D37E38E16 changes role from CANDIDATE to LEADER at term 1 for changeToLeader
2019-09-19 16:58:14,648 [b4d11adf-473e-4712-a75b-8cc25b77f0f4:group-B30D37E38E16:LeaderElection23] INFO  impl.RaftServerImpl (ServerState.java:setLeader(263)) - b4d11adf-473e-4712-a75b-8cc25b77f0f4:group-B30D37E38E16 change Leader from null to b4d11adf-473e-4712-a75b-8cc25b77f0f4 at term 1 for becomeLeader, leader elected after 5200ms
2019-09-19 16:58:14,650 [b4d11adf-473e-4712-a75b-8cc25b77f0f4:group-B30D37E38E16:LeaderElection23] INFO  server.RaftServerConfigKeys (ConfUtils.java:logGet(43)) - raft.server.staging.catchup.gap = 1000 (default)
2019-09-19 16:58:14,650 [b4d11adf-473e-4712-a75b-8cc25b77f0f4:group-B30D37E38E16:LeaderElection23] INFO  server.RaftServerConfigKeys (ConfUtils.java:logGet(43)) - raft.server.rpc.sleep.time = 25ms (default)
2019-09-19 16:58:14,650 [b4d11adf-473e-4712-a75b-8cc25b77f0f4:group-B30D37E38E16:LeaderElection23] INFO  server.RaftServerConfigKeys (ConfUtils.java:logGet(43)) - raft.server.write.element-limit = 4096 (default)
2019-09-19 16:58:14,650 [b4d11adf-473e-4712-a75b-8cc25b77f0f4:group-B30D37E38E16:LeaderElection23] INFO  server.RaftServerConfigKeys (ConfUtils.java:logGet(43)) - raft.server.watch.timeout = 10s (default)
2019-09-19 16:58:14,651 [b4d11adf-473e-4712-a75b-8cc25b77f0f4:group-B30D37E38E16:LeaderElection23] INFO  server.RaftServerConfigKeys (ConfUtils.java:logGet(43)) - raft.server.watch.timeout.denomination = 1s (default)
2019-09-19 16:58:14,651 [b4d11adf-473e-4712-a75b-8cc25b77f0f4:group-B30D37E38E16:LeaderElection23] INFO  server.RaftServerConfigKeys (ConfUtils.java:logGet(43)) - raft.server.watch.element-limit = 65536 (default)
2019-09-19 16:58:14,651 [b4d11adf-473e-4712-a75b-8cc25b77f0f4:group-B30D37E38E16:LeaderElection23] INFO  impl.RoleInfo (RoleInfo.java:updateAndGet(143)) - b4d11adf-473e-4712-a75b-8cc25b77f0f4: start LeaderState
2019-09-19 16:58:14,651 [b4d11adf-473e-4712-a75b-8cc25b77f0f4:group-B30D37E38E16:LeaderElection23] INFO  segmented.SegmentedRaftLogWorker (SegmentedRaftLogWorker.java:startLogSegment(380)) - b4d11adf-473e-4712-a75b-8cc25b77f0f4-SegmentedRaftLogWorker:Storage Directory /workdir/hadoop-ozone/tools/target/test-dir/MiniOzoneClusterImpl-07aed8b0-4e05-46c5-ad79-a4210fff6c42/datanode-3/data/ratis/3c689087-5000-43f7-979d-b30d37e38e16: Starting segment from index:0
2019-09-19 16:58:14,652 [b4d11adf-473e-4712-a75b-8cc25b77f0f4:group-B30D37E38E16:LeaderElection23] INFO  impl.RaftServerImpl (ServerState.java:setRaftConf(361)) - b4d11adf-473e-4712-a75b-8cc25b77f0f4:group-B30D37E38E16 set configuration 0: [b4d11adf-473e-4712-a75b-8cc25b77f0f4:192.168.157.226:36538], old=null at 0
2019-09-19 16:58:14,691 [Thread-289] INFO  impl.FollowerState (FollowerState.java:run(106)) - 293fb764-8d0a-4a2a-b0d4-e27863ca0d27:group-B24366B8851A changes to CANDIDATE, lastRpcTime:5066, electionTimeout:5047ms
2019-09-19 16:58:14,691 [Thread-289] INFO  impl.RoleInfo (RoleInfo.java:shutdownFollowerState(121)) - 293fb764-8d0a-4a2a-b0d4-e27863ca0d27: shutdown FollowerState
2019-09-19 16:58:14,691 [Thread-289] INFO  impl.RaftServerImpl (RaftServerImpl.java:setRole(171)) - 293fb764-8d0a-4a2a-b0d4-e27863ca0d27:group-B24366B8851A changes role from FOLLOWER to CANDIDATE at term 0 for changeToCandidate
2019-09-19 16:58:14,691 [Thread-289] INFO  impl.RoleInfo (RoleInfo.java:updateAndGet(143)) - 293fb764-8d0a-4a2a-b0d4-e27863ca0d27: start LeaderElection
2019-09-19 16:58:14,692 | INFO  | SCMAudit | user=jenkins1000 | ip=192.168.157.226 | op=SEND_HEARTBEAT {datanodeUUID=293fb764-8d0a-4a2a-b0d4-e27863ca0d27, command=[]} | ret=SUCCESS |  
2019-09-19 16:58:14,705 [b4d11adf-473e-4712-a75b-8cc25b77f0f4-SegmentedRaftLogWorker:Storage Directory /workdir/hadoop-ozone/tools/target/test-dir/MiniOzoneClusterImpl-07aed8b0-4e05-46c5-ad79-a4210fff6c42/datanode-3/data/ratis/3c689087-5000-43f7-979d-b30d37e38e16] INFO  segmented.SegmentedRaftLogWorker (SegmentedRaftLogWorker.java:execute(569)) - b4d11adf-473e-4712-a75b-8cc25b77f0f4-SegmentedRaftLogWorker:Storage Directory /workdir/hadoop-ozone/tools/target/test-dir/MiniOzoneClusterImpl-07aed8b0-4e05-46c5-ad79-a4210fff6c42/datanode-3/data/ratis/3c689087-5000-43f7-979d-b30d37e38e16: created new log segment /workdir/hadoop-ozone/tools/target/test-dir/MiniOzoneClusterImpl-07aed8b0-4e05-46c5-ad79-a4210fff6c42/datanode-3/data/ratis/3c689087-5000-43f7-979d-b30d37e38e16/current/log_inprogress_0
2019-09-19 16:58:14,705 [293fb764-8d0a-4a2a-b0d4-e27863ca0d27:group-B24366B8851A:LeaderElection24] INFO  impl.LeaderElection (LeaderElection.java:askForVotes(181)) - 293fb764-8d0a-4a2a-b0d4-e27863ca0d27:group-B24366B8851A:LeaderElection24: begin an election at term 1 for -1: [293fb764-8d0a-4a2a-b0d4-e27863ca0d27:192.168.157.226:35657], old=null
2019-09-19 16:58:14,706 [293fb764-8d0a-4a2a-b0d4-e27863ca0d27:group-B24366B8851A:LeaderElection24] INFO  impl.RoleInfo (RoleInfo.java:shutdownLeaderElection(134)) - 293fb764-8d0a-4a2a-b0d4-e27863ca0d27: shutdown LeaderElection
2019-09-19 16:58:14,706 [293fb764-8d0a-4a2a-b0d4-e27863ca0d27:group-B24366B8851A:LeaderElection24] INFO  impl.RaftServerImpl (RaftServerImpl.java:setRole(171)) - 293fb764-8d0a-4a2a-b0d4-e27863ca0d27:group-B24366B8851A changes role from CANDIDATE to LEADER at term 1 for changeToLeader
2019-09-19 16:58:14,706 [293fb764-8d0a-4a2a-b0d4-e27863ca0d27:group-B24366B8851A:LeaderElection24] INFO  impl.RaftServerImpl (ServerState.java:setLeader(263)) - 293fb764-8d0a-4a2a-b0d4-e27863ca0d27:group-B24366B8851A change Leader from null to 293fb764-8d0a-4a2a-b0d4-e27863ca0d27 at term 1 for becomeLeader, leader elected after 5087ms
2019-09-19 16:58:14,706 [293fb764-8d0a-4a2a-b0d4-e27863ca0d27:group-B24366B8851A:LeaderElection24] INFO  server.RaftServerConfigKeys (ConfUtils.java:logGet(43)) - raft.server.staging.catchup.gap = 1000 (default)
2019-09-19 16:58:14,706 [293fb764-8d0a-4a2a-b0d4-e27863ca0d27:group-B24366B8851A:LeaderElection24] INFO  server.RaftServerConfigKeys (ConfUtils.java:logGet(43)) - raft.server.rpc.sleep.time = 25ms (default)
2019-09-19 16:58:14,707 [293fb764-8d0a-4a2a-b0d4-e27863ca0d27:group-B24366B8851A:LeaderElection24] INFO  server.RaftServerConfigKeys (ConfUtils.java:logGet(43)) - raft.server.write.element-limit = 4096 (default)
2019-09-19 16:58:14,707 [293fb764-8d0a-4a2a-b0d4-e27863ca0d27:group-B24366B8851A:LeaderElection24] INFO  server.RaftServerConfigKeys (ConfUtils.java:logGet(43)) - raft.server.watch.timeout = 10s (default)
2019-09-19 16:58:14,707 [293fb764-8d0a-4a2a-b0d4-e27863ca0d27:group-B24366B8851A:LeaderElection24] INFO  server.RaftServerConfigKeys (ConfUtils.java:logGet(43)) - raft.server.watch.timeout.denomination = 1s (default)
2019-09-19 16:58:14,707 [293fb764-8d0a-4a2a-b0d4-e27863ca0d27:group-B24366B8851A:LeaderElection24] INFO  server.RaftServerConfigKeys (ConfUtils.java:logGet(43)) - raft.server.watch.element-limit = 65536 (default)
2019-09-19 16:58:14,708 [293fb764-8d0a-4a2a-b0d4-e27863ca0d27:group-B24366B8851A:LeaderElection24] INFO  impl.RoleInfo (RoleInfo.java:updateAndGet(143)) - 293fb764-8d0a-4a2a-b0d4-e27863ca0d27: start LeaderState
2019-09-19 16:58:14,708 [293fb764-8d0a-4a2a-b0d4-e27863ca0d27:group-B24366B8851A:LeaderElection24] INFO  segmented.SegmentedRaftLogWorker (SegmentedRaftLogWorker.java:startLogSegment(380)) - 293fb764-8d0a-4a2a-b0d4-e27863ca0d27-SegmentedRaftLogWorker:Storage Directory /workdir/hadoop-ozone/tools/target/test-dir/MiniOzoneClusterImpl-07aed8b0-4e05-46c5-ad79-a4210fff6c42/datanode-4/data/ratis/aa6c4303-2d4e-48f3-81f3-b24366b8851a: Starting segment from index:0
2019-09-19 16:58:14,709 [293fb764-8d0a-4a2a-b0d4-e27863ca0d27:group-B24366B8851A:LeaderElection24] INFO  impl.RaftServerImpl (ServerState.java:setRaftConf(361)) - 293fb764-8d0a-4a2a-b0d4-e27863ca0d27:group-B24366B8851A set configuration 0: [293fb764-8d0a-4a2a-b0d4-e27863ca0d27:192.168.157.226:35657], old=null at 0
2019-09-19 16:58:14,751 [Thread-285] INFO  impl.FollowerState (FollowerState.java:run(106)) - 293fb764-8d0a-4a2a-b0d4-e27863ca0d27:group-E45BF6CC6BD9 changes to CANDIDATE, lastRpcTime:5193, electionTimeout:5168ms
2019-09-19 16:58:14,751 [Thread-285] INFO  impl.RoleInfo (RoleInfo.java:shutdownFollowerState(121)) - 293fb764-8d0a-4a2a-b0d4-e27863ca0d27: shutdown FollowerState
2019-09-19 16:58:14,752 [Thread-285] INFO  impl.RaftServerImpl (RaftServerImpl.java:setRole(171)) - 293fb764-8d0a-4a2a-b0d4-e27863ca0d27:group-E45BF6CC6BD9 changes role from FOLLOWER to CANDIDATE at term 0 for changeToCandidate
2019-09-19 16:58:14,752 [Thread-285] INFO  impl.RoleInfo (RoleInfo.java:updateAndGet(143)) - 293fb764-8d0a-4a2a-b0d4-e27863ca0d27: start LeaderElection
2019-09-19 16:58:14,764 [293fb764-8d0a-4a2a-b0d4-e27863ca0d27-SegmentedRaftLogWorker:Storage Directory /workdir/hadoop-ozone/tools/target/test-dir/MiniOzoneClusterImpl-07aed8b0-4e05-46c5-ad79-a4210fff6c42/datanode-4/data/ratis/aa6c4303-2d4e-48f3-81f3-b24366b8851a] INFO  segmented.SegmentedRaftLogWorker (SegmentedRaftLogWorker.java:execute(569)) - 293fb764-8d0a-4a2a-b0d4-e27863ca0d27-SegmentedRaftLogWorker:Storage Directory /workdir/hadoop-ozone/tools/target/test-dir/MiniOzoneClusterImpl-07aed8b0-4e05-46c5-ad79-a4210fff6c42/datanode-4/data/ratis/aa6c4303-2d4e-48f3-81f3-b24366b8851a: created new log segment /workdir/hadoop-ozone/tools/target/test-dir/MiniOzoneClusterImpl-07aed8b0-4e05-46c5-ad79-a4210fff6c42/datanode-4/data/ratis/aa6c4303-2d4e-48f3-81f3-b24366b8851a/current/log_inprogress_0
2019-09-19 16:58:14,764 [293fb764-8d0a-4a2a-b0d4-e27863ca0d27:group-E45BF6CC6BD9:LeaderElection25] INFO  impl.LeaderElection (LeaderElection.java:askForVotes(181)) - 293fb764-8d0a-4a2a-b0d4-e27863ca0d27:group-E45BF6CC6BD9:LeaderElection25: begin an election at term 1 for -1: [293fb764-8d0a-4a2a-b0d4-e27863ca0d27:192.168.157.226:35657], old=null
2019-09-19 16:58:14,764 [293fb764-8d0a-4a2a-b0d4-e27863ca0d27:group-E45BF6CC6BD9:LeaderElection25] INFO  impl.RoleInfo (RoleInfo.java:shutdownLeaderElection(134)) - 293fb764-8d0a-4a2a-b0d4-e27863ca0d27: shutdown LeaderElection
2019-09-19 16:58:14,765 [293fb764-8d0a-4a2a-b0d4-e27863ca0d27:group-E45BF6CC6BD9:LeaderElection25] INFO  impl.RaftServerImpl (RaftServerImpl.java:setRole(171)) - 293fb764-8d0a-4a2a-b0d4-e27863ca0d27:group-E45BF6CC6BD9 changes role from CANDIDATE to LEADER at term 1 for changeToLeader
2019-09-19 16:58:14,765 [293fb764-8d0a-4a2a-b0d4-e27863ca0d27:group-E45BF6CC6BD9:LeaderElection25] INFO  impl.RaftServerImpl (ServerState.java:setLeader(263)) - 293fb764-8d0a-4a2a-b0d4-e27863ca0d27:group-E45BF6CC6BD9 change Leader from null to 293fb764-8d0a-4a2a-b0d4-e27863ca0d27 at term 1 for becomeLeader, leader elected after 5212ms
2019-09-19 16:58:14,765 [293fb764-8d0a-4a2a-b0d4-e27863ca0d27:group-E45BF6CC6BD9:LeaderElection25] INFO  server.RaftServerConfigKeys (ConfUtils.java:logGet(43)) - raft.server.staging.catchup.gap = 1000 (default)
2019-09-19 16:58:14,765 [293fb764-8d0a-4a2a-b0d4-e27863ca0d27:group-E45BF6CC6BD9:LeaderElection25] INFO  server.RaftServerConfigKeys (ConfUtils.java:logGet(43)) - raft.server.rpc.sleep.time = 25ms (default)
2019-09-19 16:58:14,766 [293fb764-8d0a-4a2a-b0d4-e27863ca0d27:group-E45BF6CC6BD9:LeaderElection25] INFO  server.RaftServerConfigKeys (ConfUtils.java:logGet(43)) - raft.server.write.element-limit = 4096 (default)
2019-09-19 16:58:14,766 [293fb764-8d0a-4a2a-b0d4-e27863ca0d27:group-E45BF6CC6BD9:LeaderElection25] INFO  server.RaftServerConfigKeys (ConfUtils.java:logGet(43)) - raft.server.watch.timeout = 10s (default)
2019-09-19 16:58:14,766 [293fb764-8d0a-4a2a-b0d4-e27863ca0d27:group-E45BF6CC6BD9:LeaderElection25] INFO  server.RaftServerConfigKeys (ConfUtils.java:logGet(43)) - raft.server.watch.timeout.denomination = 1s (default)
2019-09-19 16:58:14,766 [293fb764-8d0a-4a2a-b0d4-e27863ca0d27:group-E45BF6CC6BD9:LeaderElection25] INFO  server.RaftServerConfigKeys (ConfUtils.java:logGet(43)) - raft.server.watch.element-limit = 65536 (default)
2019-09-19 16:58:14,767 [293fb764-8d0a-4a2a-b0d4-e27863ca0d27:group-E45BF6CC6BD9:LeaderElection25] INFO  impl.RoleInfo (RoleInfo.java:updateAndGet(143)) - 293fb764-8d0a-4a2a-b0d4-e27863ca0d27: start LeaderState
2019-09-19 16:58:14,767 [293fb764-8d0a-4a2a-b0d4-e27863ca0d27:group-E45BF6CC6BD9:LeaderElection25] INFO  segmented.SegmentedRaftLogWorker (SegmentedRaftLogWorker.java:startLogSegment(380)) - 293fb764-8d0a-4a2a-b0d4-e27863ca0d27-SegmentedRaftLogWorker:Storage Directory /workdir/hadoop-ozone/tools/target/test-dir/MiniOzoneClusterImpl-07aed8b0-4e05-46c5-ad79-a4210fff6c42/datanode-4/data/ratis/c748482d-9f95-4a81-854e-e45bf6cc6bd9: Starting segment from index:0
2019-09-19 16:58:14,768 [293fb764-8d0a-4a2a-b0d4-e27863ca0d27:group-E45BF6CC6BD9:LeaderElection25] INFO  impl.RaftServerImpl (ServerState.java:setRaftConf(361)) - 293fb764-8d0a-4a2a-b0d4-e27863ca0d27:group-E45BF6CC6BD9 set configuration 0: [293fb764-8d0a-4a2a-b0d4-e27863ca0d27:192.168.157.226:35657], old=null at 0
2019-09-19 16:58:14,807 [Thread-292] INFO  impl.FollowerState (FollowerState.java:run(106)) - b4d11adf-473e-4712-a75b-8cc25b77f0f4:group-D26EBADC6BA2 changes to CANDIDATE, lastRpcTime:5130, electionTimeout:5101ms
2019-09-19 16:58:14,810 [Thread-292] INFO  impl.RoleInfo (RoleInfo.java:shutdownFollowerState(121)) - b4d11adf-473e-4712-a75b-8cc25b77f0f4: shutdown FollowerState
2019-09-19 16:58:14,811 [Thread-292] INFO  impl.RaftServerImpl (RaftServerImpl.java:setRole(171)) - b4d11adf-473e-4712-a75b-8cc25b77f0f4:group-D26EBADC6BA2 changes role from FOLLOWER to CANDIDATE at term 0 for changeToCandidate
2019-09-19 16:58:14,811 [Thread-292] INFO  impl.RoleInfo (RoleInfo.java:updateAndGet(143)) - b4d11adf-473e-4712-a75b-8cc25b77f0f4: start LeaderElection
2019-09-19 16:58:14,820 [293fb764-8d0a-4a2a-b0d4-e27863ca0d27-SegmentedRaftLogWorker:Storage Directory /workdir/hadoop-ozone/tools/target/test-dir/MiniOzoneClusterImpl-07aed8b0-4e05-46c5-ad79-a4210fff6c42/datanode-4/data/ratis/c748482d-9f95-4a81-854e-e45bf6cc6bd9] INFO  segmented.SegmentedRaftLogWorker (SegmentedRaftLogWorker.java:execute(569)) - 293fb764-8d0a-4a2a-b0d4-e27863ca0d27-SegmentedRaftLogWorker:Storage Directory /workdir/hadoop-ozone/tools/target/test-dir/MiniOzoneClusterImpl-07aed8b0-4e05-46c5-ad79-a4210fff6c42/datanode-4/data/ratis/c748482d-9f95-4a81-854e-e45bf6cc6bd9: created new log segment /workdir/hadoop-ozone/tools/target/test-dir/MiniOzoneClusterImpl-07aed8b0-4e05-46c5-ad79-a4210fff6c42/datanode-4/data/ratis/c748482d-9f95-4a81-854e-e45bf6cc6bd9/current/log_inprogress_0
2019-09-19 16:58:14,820 [b4d11adf-473e-4712-a75b-8cc25b77f0f4:group-D26EBADC6BA2:LeaderElection26] INFO  impl.LeaderElection (LeaderElection.java:askForVotes(181)) - b4d11adf-473e-4712-a75b-8cc25b77f0f4:group-D26EBADC6BA2:LeaderElection26: begin an election at term 1 for -1: [b4d11adf-473e-4712-a75b-8cc25b77f0f4:192.168.157.226:36538], old=null
2019-09-19 16:58:14,820 [b4d11adf-473e-4712-a75b-8cc25b77f0f4:group-D26EBADC6BA2:LeaderElection26] INFO  impl.RoleInfo (RoleInfo.java:shutdownLeaderElection(134)) - b4d11adf-473e-4712-a75b-8cc25b77f0f4: shutdown LeaderElection
2019-09-19 16:58:14,821 [b4d11adf-473e-4712-a75b-8cc25b77f0f4:group-D26EBADC6BA2:LeaderElection26] INFO  impl.RaftServerImpl (RaftServerImpl.java:setRole(171)) - b4d11adf-473e-4712-a75b-8cc25b77f0f4:group-D26EBADC6BA2 changes role from CANDIDATE to LEADER at term 1 for changeToLeader
2019-09-19 16:58:14,821 [b4d11adf-473e-4712-a75b-8cc25b77f0f4:group-D26EBADC6BA2:LeaderElection26] INFO  impl.RaftServerImpl (ServerState.java:setLeader(263)) - b4d11adf-473e-4712-a75b-8cc25b77f0f4:group-D26EBADC6BA2 change Leader from null to b4d11adf-473e-4712-a75b-8cc25b77f0f4 at term 1 for becomeLeader, leader elected after 5147ms
2019-09-19 16:58:14,821 [b4d11adf-473e-4712-a75b-8cc25b77f0f4:group-D26EBADC6BA2:LeaderElection26] INFO  server.RaftServerConfigKeys (ConfUtils.java:logGet(43)) - raft.server.staging.catchup.gap = 1000 (default)
2019-09-19 16:58:14,821 [b4d11adf-473e-4712-a75b-8cc25b77f0f4:group-D26EBADC6BA2:LeaderElection26] INFO  server.RaftServerConfigKeys (ConfUtils.java:logGet(43)) - raft.server.rpc.sleep.time = 25ms (default)
2019-09-19 16:58:14,822 [b4d11adf-473e-4712-a75b-8cc25b77f0f4:group-D26EBADC6BA2:LeaderElection26] INFO  server.RaftServerConfigKeys (ConfUtils.java:logGet(43)) - raft.server.write.element-limit = 4096 (default)
2019-09-19 16:58:14,822 [b4d11adf-473e-4712-a75b-8cc25b77f0f4:group-D26EBADC6BA2:LeaderElection26] INFO  server.RaftServerConfigKeys (ConfUtils.java:logGet(43)) - raft.server.watch.timeout = 10s (default)
2019-09-19 16:58:14,822 [b4d11adf-473e-4712-a75b-8cc25b77f0f4:group-D26EBADC6BA2:LeaderElection26] INFO  server.RaftServerConfigKeys (ConfUtils.java:logGet(43)) - raft.server.watch.timeout.denomination = 1s (default)
2019-09-19 16:58:14,822 [b4d11adf-473e-4712-a75b-8cc25b77f0f4:group-D26EBADC6BA2:LeaderElection26] INFO  server.RaftServerConfigKeys (ConfUtils.java:logGet(43)) - raft.server.watch.element-limit = 65536 (default)
2019-09-19 16:58:14,823 [b4d11adf-473e-4712-a75b-8cc25b77f0f4:group-D26EBADC6BA2:LeaderElection26] INFO  impl.RoleInfo (RoleInfo.java:updateAndGet(143)) - b4d11adf-473e-4712-a75b-8cc25b77f0f4: start LeaderState
2019-09-19 16:58:14,823 [b4d11adf-473e-4712-a75b-8cc25b77f0f4:group-D26EBADC6BA2:LeaderElection26] INFO  segmented.SegmentedRaftLogWorker (SegmentedRaftLogWorker.java:startLogSegment(380)) - b4d11adf-473e-4712-a75b-8cc25b77f0f4-SegmentedRaftLogWorker:Storage Directory /workdir/hadoop-ozone/tools/target/test-dir/MiniOzoneClusterImpl-07aed8b0-4e05-46c5-ad79-a4210fff6c42/datanode-3/data/ratis/35077f84-7373-43d2-9e91-d26ebadc6ba2: Starting segment from index:0
2019-09-19 16:58:14,824 [b4d11adf-473e-4712-a75b-8cc25b77f0f4:group-D26EBADC6BA2:LeaderElection26] INFO  impl.RaftServerImpl (ServerState.java:setRaftConf(361)) - b4d11adf-473e-4712-a75b-8cc25b77f0f4:group-D26EBADC6BA2 set configuration 0: [b4d11adf-473e-4712-a75b-8cc25b77f0f4:192.168.157.226:36538], old=null at 0
2019-09-19 16:58:14,863 [Thread-295] INFO  impl.FollowerState (FollowerState.java:run(106)) - b4d11adf-473e-4712-a75b-8cc25b77f0f4:group-DD1CA8AC2534 changes to CANDIDATE, lastRpcTime:5134, electionTimeout:5109ms
2019-09-19 16:58:14,863 [Thread-295] INFO  impl.RoleInfo (RoleInfo.java:shutdownFollowerState(121)) - b4d11adf-473e-4712-a75b-8cc25b77f0f4: shutdown FollowerState
2019-09-19 16:58:14,863 [Thread-295] INFO  impl.RaftServerImpl (RaftServerImpl.java:setRole(171)) - b4d11adf-473e-4712-a75b-8cc25b77f0f4:group-DD1CA8AC2534 changes role from FOLLOWER to CANDIDATE at term 0 for changeToCandidate
2019-09-19 16:58:14,863 [Thread-295] INFO  impl.RoleInfo (RoleInfo.java:updateAndGet(143)) - b4d11adf-473e-4712-a75b-8cc25b77f0f4: start LeaderElection
2019-09-19 16:58:14,871 | INFO  | SCMAudit | user=jenkins1000 | ip=192.168.157.226 | op=SEND_HEARTBEAT {datanodeUUID=e29bd0e7-6604-4c9e-a288-0e166e01d87e, command=[]} | ret=SUCCESS |  
2019-09-19 16:58:14,876 [b4d11adf-473e-4712-a75b-8cc25b77f0f4-SegmentedRaftLogWorker:Storage Directory /workdir/hadoop-ozone/tools/target/test-dir/MiniOzoneClusterImpl-07aed8b0-4e05-46c5-ad79-a4210fff6c42/datanode-3/data/ratis/35077f84-7373-43d2-9e91-d26ebadc6ba2] INFO  segmented.SegmentedRaftLogWorker (SegmentedRaftLogWorker.java:execute(569)) - b4d11adf-473e-4712-a75b-8cc25b77f0f4-SegmentedRaftLogWorker:Storage Directory /workdir/hadoop-ozone/tools/target/test-dir/MiniOzoneClusterImpl-07aed8b0-4e05-46c5-ad79-a4210fff6c42/datanode-3/data/ratis/35077f84-7373-43d2-9e91-d26ebadc6ba2: created new log segment /workdir/hadoop-ozone/tools/target/test-dir/MiniOzoneClusterImpl-07aed8b0-4e05-46c5-ad79-a4210fff6c42/datanode-3/data/ratis/35077f84-7373-43d2-9e91-d26ebadc6ba2/current/log_inprogress_0
2019-09-19 16:58:14,876 [b4d11adf-473e-4712-a75b-8cc25b77f0f4:group-DD1CA8AC2534:LeaderElection27] INFO  impl.LeaderElection (LeaderElection.java:askForVotes(181)) - b4d11adf-473e-4712-a75b-8cc25b77f0f4:group-DD1CA8AC2534:LeaderElection27: begin an election at term 1 for -1: [b4d11adf-473e-4712-a75b-8cc25b77f0f4:192.168.157.226:36538], old=null
2019-09-19 16:58:14,877 [b4d11adf-473e-4712-a75b-8cc25b77f0f4:group-DD1CA8AC2534:LeaderElection27] INFO  impl.RoleInfo (RoleInfo.java:shutdownLeaderElection(134)) - b4d11adf-473e-4712-a75b-8cc25b77f0f4: shutdown LeaderElection
2019-09-19 16:58:14,877 [b4d11adf-473e-4712-a75b-8cc25b77f0f4:group-DD1CA8AC2534:LeaderElection27] INFO  impl.RaftServerImpl (RaftServerImpl.java:setRole(171)) - b4d11adf-473e-4712-a75b-8cc25b77f0f4:group-DD1CA8AC2534 changes role from CANDIDATE to LEADER at term 1 for changeToLeader
2019-09-19 16:58:14,877 [b4d11adf-473e-4712-a75b-8cc25b77f0f4:group-DD1CA8AC2534:LeaderElection27] INFO  impl.RaftServerImpl (ServerState.java:setLeader(263)) - b4d11adf-473e-4712-a75b-8cc25b77f0f4:group-DD1CA8AC2534 change Leader from null to b4d11adf-473e-4712-a75b-8cc25b77f0f4 at term 1 for becomeLeader, leader elected after 5151ms
2019-09-19 16:58:14,877 [b4d11adf-473e-4712-a75b-8cc25b77f0f4:group-DD1CA8AC2534:LeaderElection27] INFO  server.RaftServerConfigKeys (ConfUtils.java:logGet(43)) - raft.server.staging.catchup.gap = 1000 (default)
2019-09-19 16:58:14,878 [b4d11adf-473e-4712-a75b-8cc25b77f0f4:group-DD1CA8AC2534:LeaderElection27] INFO  server.RaftServerConfigKeys (ConfUtils.java:logGet(43)) - raft.server.rpc.sleep.time = 25ms (default)
2019-09-19 16:58:14,878 [b4d11adf-473e-4712-a75b-8cc25b77f0f4:group-DD1CA8AC2534:LeaderElection27] INFO  server.RaftServerConfigKeys (ConfUtils.java:logGet(43)) - raft.server.write.element-limit = 4096 (default)
2019-09-19 16:58:14,878 [b4d11adf-473e-4712-a75b-8cc25b77f0f4:group-DD1CA8AC2534:LeaderElection27] INFO  server.RaftServerConfigKeys (ConfUtils.java:logGet(43)) - raft.server.watch.timeout = 10s (default)
2019-09-19 16:58:14,878 [b4d11adf-473e-4712-a75b-8cc25b77f0f4:group-DD1CA8AC2534:LeaderElection27] INFO  server.RaftServerConfigKeys (ConfUtils.java:logGet(43)) - raft.server.watch.timeout.denomination = 1s (default)
2019-09-19 16:58:14,879 [b4d11adf-473e-4712-a75b-8cc25b77f0f4:group-DD1CA8AC2534:LeaderElection27] INFO  server.RaftServerConfigKeys (ConfUtils.java:logGet(43)) - raft.server.watch.element-limit = 65536 (default)
2019-09-19 16:58:14,879 [b4d11adf-473e-4712-a75b-8cc25b77f0f4:group-DD1CA8AC2534:LeaderElection27] INFO  impl.RoleInfo (RoleInfo.java:updateAndGet(143)) - b4d11adf-473e-4712-a75b-8cc25b77f0f4: start LeaderState
2019-09-19 16:58:14,879 [b4d11adf-473e-4712-a75b-8cc25b77f0f4:group-DD1CA8AC2534:LeaderElection27] INFO  segmented.SegmentedRaftLogWorker (SegmentedRaftLogWorker.java:startLogSegment(380)) - b4d11adf-473e-4712-a75b-8cc25b77f0f4-SegmentedRaftLogWorker:Storage Directory /workdir/hadoop-ozone/tools/target/test-dir/MiniOzoneClusterImpl-07aed8b0-4e05-46c5-ad79-a4210fff6c42/datanode-3/data/ratis/730ea8f9-8c50-4679-b59a-dd1ca8ac2534: Starting segment from index:0
2019-09-19 16:58:14,880 [b4d11adf-473e-4712-a75b-8cc25b77f0f4:group-DD1CA8AC2534:LeaderElection27] INFO  impl.RaftServerImpl (ServerState.java:setRaftConf(361)) - b4d11adf-473e-4712-a75b-8cc25b77f0f4:group-DD1CA8AC2534 set configuration 0: [b4d11adf-473e-4712-a75b-8cc25b77f0f4:192.168.157.226:36538], old=null at 0
2019-09-19 16:58:14,931 [Thread-298] INFO  impl.FollowerState (FollowerState.java:run(106)) - b4d11adf-473e-4712-a75b-8cc25b77f0f4:group-1751A56FF375 changes to CANDIDATE, lastRpcTime:5153, electionTimeout:5153ms
2019-09-19 16:58:14,932 [Thread-298] INFO  impl.RoleInfo (RoleInfo.java:shutdownFollowerState(121)) - b4d11adf-473e-4712-a75b-8cc25b77f0f4: shutdown FollowerState
2019-09-19 16:58:14,932 [Thread-298] INFO  impl.RaftServerImpl (RaftServerImpl.java:setRole(171)) - b4d11adf-473e-4712-a75b-8cc25b77f0f4:group-1751A56FF375 changes role from FOLLOWER to CANDIDATE at term 0 for changeToCandidate
2019-09-19 16:58:14,932 [Thread-298] INFO  impl.RoleInfo (RoleInfo.java:updateAndGet(143)) - b4d11adf-473e-4712-a75b-8cc25b77f0f4: start LeaderElection
2019-09-19 16:58:14,942 [b4d11adf-473e-4712-a75b-8cc25b77f0f4-SegmentedRaftLogWorker:Storage Directory /workdir/hadoop-ozone/tools/target/test-dir/MiniOzoneClusterImpl-07aed8b0-4e05-46c5-ad79-a4210fff6c42/datanode-3/data/ratis/730ea8f9-8c50-4679-b59a-dd1ca8ac2534] INFO  segmented.SegmentedRaftLogWorker (SegmentedRaftLogWorker.java:execute(569)) - b4d11adf-473e-4712-a75b-8cc25b77f0f4-SegmentedRaftLogWorker:Storage Directory /workdir/hadoop-ozone/tools/target/test-dir/MiniOzoneClusterImpl-07aed8b0-4e05-46c5-ad79-a4210fff6c42/datanode-3/data/ratis/730ea8f9-8c50-4679-b59a-dd1ca8ac2534: created new log segment /workdir/hadoop-ozone/tools/target/test-dir/MiniOzoneClusterImpl-07aed8b0-4e05-46c5-ad79-a4210fff6c42/datanode-3/data/ratis/730ea8f9-8c50-4679-b59a-dd1ca8ac2534/current/log_inprogress_0
2019-09-19 16:58:14,944 [b4d11adf-473e-4712-a75b-8cc25b77f0f4:group-1751A56FF375:LeaderElection28] INFO  impl.LeaderElection (LeaderElection.java:askForVotes(181)) - b4d11adf-473e-4712-a75b-8cc25b77f0f4:group-1751A56FF375:LeaderElection28: begin an election at term 1 for -1: [b4d11adf-473e-4712-a75b-8cc25b77f0f4:192.168.157.226:36538], old=null
2019-09-19 16:58:14,944 [b4d11adf-473e-4712-a75b-8cc25b77f0f4:group-1751A56FF375:LeaderElection28] INFO  impl.RoleInfo (RoleInfo.java:shutdownLeaderElection(134)) - b4d11adf-473e-4712-a75b-8cc25b77f0f4: shutdown LeaderElection
2019-09-19 16:58:14,945 [b4d11adf-473e-4712-a75b-8cc25b77f0f4:group-1751A56FF375:LeaderElection28] INFO  impl.RaftServerImpl (RaftServerImpl.java:setRole(171)) - b4d11adf-473e-4712-a75b-8cc25b77f0f4:group-1751A56FF375 changes role from CANDIDATE to LEADER at term 1 for changeToLeader
2019-09-19 16:58:14,945 [b4d11adf-473e-4712-a75b-8cc25b77f0f4:group-1751A56FF375:LeaderElection28] INFO  impl.RaftServerImpl (ServerState.java:setLeader(263)) - b4d11adf-473e-4712-a75b-8cc25b77f0f4:group-1751A56FF375 change Leader from null to b4d11adf-473e-4712-a75b-8cc25b77f0f4 at term 1 for becomeLeader, leader elected after 5170ms
2019-09-19 16:58:14,945 [b4d11adf-473e-4712-a75b-8cc25b77f0f4:group-1751A56FF375:LeaderElection28] INFO  server.RaftServerConfigKeys (ConfUtils.java:logGet(43)) - raft.server.staging.catchup.gap = 1000 (default)
2019-09-19 16:58:14,945 [b4d11adf-473e-4712-a75b-8cc25b77f0f4:group-1751A56FF375:LeaderElection28] INFO  server.RaftServerConfigKeys (ConfUtils.java:logGet(43)) - raft.server.rpc.sleep.time = 25ms (default)
2019-09-19 16:58:14,945 [b4d11adf-473e-4712-a75b-8cc25b77f0f4:group-1751A56FF375:LeaderElection28] INFO  server.RaftServerConfigKeys (ConfUtils.java:logGet(43)) - raft.server.write.element-limit = 4096 (default)
2019-09-19 16:58:14,946 [b4d11adf-473e-4712-a75b-8cc25b77f0f4:group-1751A56FF375:LeaderElection28] INFO  server.RaftServerConfigKeys (ConfUtils.java:logGet(43)) - raft.server.watch.timeout = 10s (default)
2019-09-19 16:58:14,946 [b4d11adf-473e-4712-a75b-8cc25b77f0f4:group-1751A56FF375:LeaderElection28] INFO  server.RaftServerConfigKeys (ConfUtils.java:logGet(43)) - raft.server.watch.timeout.denomination = 1s (default)
2019-09-19 16:58:14,946 [b4d11adf-473e-4712-a75b-8cc25b77f0f4:group-1751A56FF375:LeaderElection28] INFO  server.RaftServerConfigKeys (ConfUtils.java:logGet(43)) - raft.server.watch.element-limit = 65536 (default)
2019-09-19 16:58:14,946 [b4d11adf-473e-4712-a75b-8cc25b77f0f4:group-1751A56FF375:LeaderElection28] INFO  impl.RoleInfo (RoleInfo.java:updateAndGet(143)) - b4d11adf-473e-4712-a75b-8cc25b77f0f4: start LeaderState
2019-09-19 16:58:14,947 [b4d11adf-473e-4712-a75b-8cc25b77f0f4:group-1751A56FF375:LeaderElection28] INFO  segmented.SegmentedRaftLogWorker (SegmentedRaftLogWorker.java:startLogSegment(380)) - b4d11adf-473e-4712-a75b-8cc25b77f0f4-SegmentedRaftLogWorker:Storage Directory /workdir/hadoop-ozone/tools/target/test-dir/MiniOzoneClusterImpl-07aed8b0-4e05-46c5-ad79-a4210fff6c42/datanode-3/data/ratis/c96418e6-28cf-48dc-8deb-1751a56ff375: Starting segment from index:0
2019-09-19 16:58:14,947 [b4d11adf-473e-4712-a75b-8cc25b77f0f4:group-1751A56FF375:LeaderElection28] INFO  impl.RaftServerImpl (ServerState.java:setRaftConf(361)) - b4d11adf-473e-4712-a75b-8cc25b77f0f4:group-1751A56FF375 set configuration 0: [b4d11adf-473e-4712-a75b-8cc25b77f0f4:192.168.157.226:36538], old=null at 0
2019-09-19 16:58:14,986 [Thread-301] INFO  impl.FollowerState (FollowerState.java:run(106)) - b4d11adf-473e-4712-a75b-8cc25b77f0f4:group-43E320AB38BD changes to CANDIDATE, lastRpcTime:5150, electionTimeout:5141ms
2019-09-19 16:58:14,987 [Thread-301] INFO  impl.RoleInfo (RoleInfo.java:shutdownFollowerState(121)) - b4d11adf-473e-4712-a75b-8cc25b77f0f4: shutdown FollowerState
2019-09-19 16:58:14,987 [Thread-301] INFO  impl.RaftServerImpl (RaftServerImpl.java:setRole(171)) - b4d11adf-473e-4712-a75b-8cc25b77f0f4:group-43E320AB38BD changes role from FOLLOWER to CANDIDATE at term 0 for changeToCandidate
2019-09-19 16:58:14,987 [Thread-301] INFO  impl.RoleInfo (RoleInfo.java:updateAndGet(143)) - b4d11adf-473e-4712-a75b-8cc25b77f0f4: start LeaderElection
2019-09-19 16:58:15,010 [b4d11adf-473e-4712-a75b-8cc25b77f0f4-SegmentedRaftLogWorker:Storage Directory /workdir/hadoop-ozone/tools/target/test-dir/MiniOzoneClusterImpl-07aed8b0-4e05-46c5-ad79-a4210fff6c42/datanode-3/data/ratis/c96418e6-28cf-48dc-8deb-1751a56ff375] INFO  segmented.SegmentedRaftLogWorker (SegmentedRaftLogWorker.java:execute(569)) - b4d11adf-473e-4712-a75b-8cc25b77f0f4-SegmentedRaftLogWorker:Storage Directory /workdir/hadoop-ozone/tools/target/test-dir/MiniOzoneClusterImpl-07aed8b0-4e05-46c5-ad79-a4210fff6c42/datanode-3/data/ratis/c96418e6-28cf-48dc-8deb-1751a56ff375: created new log segment /workdir/hadoop-ozone/tools/target/test-dir/MiniOzoneClusterImpl-07aed8b0-4e05-46c5-ad79-a4210fff6c42/datanode-3/data/ratis/c96418e6-28cf-48dc-8deb-1751a56ff375/current/log_inprogress_0
2019-09-19 16:58:15,011 [b4d11adf-473e-4712-a75b-8cc25b77f0f4:group-43E320AB38BD:LeaderElection29] INFO  impl.LeaderElection (LeaderElection.java:askForVotes(181)) - b4d11adf-473e-4712-a75b-8cc25b77f0f4:group-43E320AB38BD:LeaderElection29: begin an election at term 1 for -1: [b4d11adf-473e-4712-a75b-8cc25b77f0f4:192.168.157.226:36538], old=null
2019-09-19 16:58:15,011 [b4d11adf-473e-4712-a75b-8cc25b77f0f4:group-43E320AB38BD:LeaderElection29] INFO  impl.RoleInfo (RoleInfo.java:shutdownLeaderElection(134)) - b4d11adf-473e-4712-a75b-8cc25b77f0f4: shutdown LeaderElection
2019-09-19 16:58:15,011 [b4d11adf-473e-4712-a75b-8cc25b77f0f4:group-43E320AB38BD:LeaderElection29] INFO  impl.RaftServerImpl (RaftServerImpl.java:setRole(171)) - b4d11adf-473e-4712-a75b-8cc25b77f0f4:group-43E320AB38BD changes role from CANDIDATE to LEADER at term 1 for changeToLeader
2019-09-19 16:58:15,011 [b4d11adf-473e-4712-a75b-8cc25b77f0f4:group-43E320AB38BD:LeaderElection29] INFO  impl.RaftServerImpl (ServerState.java:setLeader(263)) - b4d11adf-473e-4712-a75b-8cc25b77f0f4:group-43E320AB38BD change Leader from null to b4d11adf-473e-4712-a75b-8cc25b77f0f4 at term 1 for becomeLeader, leader elected after 5180ms
2019-09-19 16:58:15,012 [b4d11adf-473e-4712-a75b-8cc25b77f0f4:group-43E320AB38BD:LeaderElection29] INFO  server.RaftServerConfigKeys (ConfUtils.java:logGet(43)) - raft.server.staging.catchup.gap = 1000 (default)
2019-09-19 16:58:15,012 [b4d11adf-473e-4712-a75b-8cc25b77f0f4:group-43E320AB38BD:LeaderElection29] INFO  server.RaftServerConfigKeys (ConfUtils.java:logGet(43)) - raft.server.rpc.sleep.time = 25ms (default)
2019-09-19 16:58:15,012 [b4d11adf-473e-4712-a75b-8cc25b77f0f4:group-43E320AB38BD:LeaderElection29] INFO  server.RaftServerConfigKeys (ConfUtils.java:logGet(43)) - raft.server.write.element-limit = 4096 (default)
2019-09-19 16:58:15,012 [b4d11adf-473e-4712-a75b-8cc25b77f0f4:group-43E320AB38BD:LeaderElection29] INFO  server.RaftServerConfigKeys (ConfUtils.java:logGet(43)) - raft.server.watch.timeout = 10s (default)
2019-09-19 16:58:15,012 [b4d11adf-473e-4712-a75b-8cc25b77f0f4:group-43E320AB38BD:LeaderElection29] INFO  server.RaftServerConfigKeys (ConfUtils.java:logGet(43)) - raft.server.watch.timeout.denomination = 1s (default)
2019-09-19 16:58:15,013 [b4d11adf-473e-4712-a75b-8cc25b77f0f4:group-43E320AB38BD:LeaderElection29] INFO  server.RaftServerConfigKeys (ConfUtils.java:logGet(43)) - raft.server.watch.element-limit = 65536 (default)
2019-09-19 16:58:15,013 [b4d11adf-473e-4712-a75b-8cc25b77f0f4:group-43E320AB38BD:LeaderElection29] INFO  impl.RoleInfo (RoleInfo.java:updateAndGet(143)) - b4d11adf-473e-4712-a75b-8cc25b77f0f4: start LeaderState
2019-09-19 16:58:15,013 [b4d11adf-473e-4712-a75b-8cc25b77f0f4:group-43E320AB38BD:LeaderElection29] INFO  segmented.SegmentedRaftLogWorker (SegmentedRaftLogWorker.java:startLogSegment(380)) - b4d11adf-473e-4712-a75b-8cc25b77f0f4-SegmentedRaftLogWorker:Storage Directory /workdir/hadoop-ozone/tools/target/test-dir/MiniOzoneClusterImpl-07aed8b0-4e05-46c5-ad79-a4210fff6c42/datanode-3/data/ratis/c980a62e-b063-410f-b7b6-43e320ab38bd: Starting segment from index:0
2019-09-19 16:58:15,014 [b4d11adf-473e-4712-a75b-8cc25b77f0f4:group-43E320AB38BD:LeaderElection29] INFO  impl.RaftServerImpl (ServerState.java:setRaftConf(361)) - b4d11adf-473e-4712-a75b-8cc25b77f0f4:group-43E320AB38BD set configuration 0: [b4d11adf-473e-4712-a75b-8cc25b77f0f4:192.168.157.226:36538], old=null at 0
2019-09-19 16:58:15,054 [Thread-304] INFO  impl.FollowerState (FollowerState.java:run(106)) - b4d11adf-473e-4712-a75b-8cc25b77f0f4:group-4F96547E690D changes to CANDIDATE, lastRpcTime:5170, electionTimeout:5131ms
2019-09-19 16:58:15,055 [Thread-304] INFO  impl.RoleInfo (RoleInfo.java:shutdownFollowerState(121)) - b4d11adf-473e-4712-a75b-8cc25b77f0f4: shutdown FollowerState
2019-09-19 16:58:15,055 [Thread-304] INFO  impl.RaftServerImpl (RaftServerImpl.java:setRole(171)) - b4d11adf-473e-4712-a75b-8cc25b77f0f4:group-4F96547E690D changes role from FOLLOWER to CANDIDATE at term 0 for changeToCandidate
2019-09-19 16:58:15,055 [Thread-304] INFO  impl.RoleInfo (RoleInfo.java:updateAndGet(143)) - b4d11adf-473e-4712-a75b-8cc25b77f0f4: start LeaderElection
2019-09-19 16:58:15,076 [b4d11adf-473e-4712-a75b-8cc25b77f0f4-SegmentedRaftLogWorker:Storage Directory /workdir/hadoop-ozone/tools/target/test-dir/MiniOzoneClusterImpl-07aed8b0-4e05-46c5-ad79-a4210fff6c42/datanode-3/data/ratis/c980a62e-b063-410f-b7b6-43e320ab38bd] INFO  segmented.SegmentedRaftLogWorker (SegmentedRaftLogWorker.java:execute(569)) - b4d11adf-473e-4712-a75b-8cc25b77f0f4-SegmentedRaftLogWorker:Storage Directory /workdir/hadoop-ozone/tools/target/test-dir/MiniOzoneClusterImpl-07aed8b0-4e05-46c5-ad79-a4210fff6c42/datanode-3/data/ratis/c980a62e-b063-410f-b7b6-43e320ab38bd: created new log segment /workdir/hadoop-ozone/tools/target/test-dir/MiniOzoneClusterImpl-07aed8b0-4e05-46c5-ad79-a4210fff6c42/datanode-3/data/ratis/c980a62e-b063-410f-b7b6-43e320ab38bd/current/log_inprogress_0
2019-09-19 16:58:15,076 [b4d11adf-473e-4712-a75b-8cc25b77f0f4:group-4F96547E690D:LeaderElection30] INFO  impl.LeaderElection (LeaderElection.java:askForVotes(181)) - b4d11adf-473e-4712-a75b-8cc25b77f0f4:group-4F96547E690D:LeaderElection30: begin an election at term 1 for -1: [b4d11adf-473e-4712-a75b-8cc25b77f0f4:192.168.157.226:36538], old=null
2019-09-19 16:58:15,077 [b4d11adf-473e-4712-a75b-8cc25b77f0f4:group-4F96547E690D:LeaderElection30] INFO  impl.RoleInfo (RoleInfo.java:shutdownLeaderElection(134)) - b4d11adf-473e-4712-a75b-8cc25b77f0f4: shutdown LeaderElection
2019-09-19 16:58:15,077 [b4d11adf-473e-4712-a75b-8cc25b77f0f4:group-4F96547E690D:LeaderElection30] INFO  impl.RaftServerImpl (RaftServerImpl.java:setRole(171)) - b4d11adf-473e-4712-a75b-8cc25b77f0f4:group-4F96547E690D changes role from CANDIDATE to LEADER at term 1 for changeToLeader
2019-09-19 16:58:15,077 [b4d11adf-473e-4712-a75b-8cc25b77f0f4:group-4F96547E690D:LeaderElection30] INFO  impl.RaftServerImpl (ServerState.java:setLeader(263)) - b4d11adf-473e-4712-a75b-8cc25b77f0f4:group-4F96547E690D change Leader from null to b4d11adf-473e-4712-a75b-8cc25b77f0f4 at term 1 for becomeLeader, leader elected after 5196ms
2019-09-19 16:58:15,077 [b4d11adf-473e-4712-a75b-8cc25b77f0f4:group-4F96547E690D:LeaderElection30] INFO  server.RaftServerConfigKeys (ConfUtils.java:logGet(43)) - raft.server.staging.catchup.gap = 1000 (default)
2019-09-19 16:58:15,078 [b4d11adf-473e-4712-a75b-8cc25b77f0f4:group-4F96547E690D:LeaderElection30] INFO  server.RaftServerConfigKeys (ConfUtils.java:logGet(43)) - raft.server.rpc.sleep.time = 25ms (default)
2019-09-19 16:58:15,078 [b4d11adf-473e-4712-a75b-8cc25b77f0f4:group-4F96547E690D:LeaderElection30] INFO  server.RaftServerConfigKeys (ConfUtils.java:logGet(43)) - raft.server.write.element-limit = 4096 (default)
2019-09-19 16:58:15,078 [b4d11adf-473e-4712-a75b-8cc25b77f0f4:group-4F96547E690D:LeaderElection30] INFO  server.RaftServerConfigKeys (ConfUtils.java:logGet(43)) - raft.server.watch.timeout = 10s (default)
2019-09-19 16:58:15,078 [b4d11adf-473e-4712-a75b-8cc25b77f0f4:group-4F96547E690D:LeaderElection30] INFO  server.RaftServerConfigKeys (ConfUtils.java:logGet(43)) - raft.server.watch.timeout.denomination = 1s (default)
2019-09-19 16:58:15,078 [b4d11adf-473e-4712-a75b-8cc25b77f0f4:group-4F96547E690D:LeaderElection30] INFO  server.RaftServerConfigKeys (ConfUtils.java:logGet(43)) - raft.server.watch.element-limit = 65536 (default)
2019-09-19 16:58:15,079 [b4d11adf-473e-4712-a75b-8cc25b77f0f4:group-4F96547E690D:LeaderElection30] INFO  impl.RoleInfo (RoleInfo.java:updateAndGet(143)) - b4d11adf-473e-4712-a75b-8cc25b77f0f4: start LeaderState
2019-09-19 16:58:15,079 [b4d11adf-473e-4712-a75b-8cc25b77f0f4:group-4F96547E690D:LeaderElection30] INFO  segmented.SegmentedRaftLogWorker (SegmentedRaftLogWorker.java:startLogSegment(380)) - b4d11adf-473e-4712-a75b-8cc25b77f0f4-SegmentedRaftLogWorker:Storage Directory /workdir/hadoop-ozone/tools/target/test-dir/MiniOzoneClusterImpl-07aed8b0-4e05-46c5-ad79-a4210fff6c42/datanode-3/data/ratis/4c4b0c8f-da6b-4d44-be0c-4f96547e690d: Starting segment from index:0
2019-09-19 16:58:15,080 [b4d11adf-473e-4712-a75b-8cc25b77f0f4:group-4F96547E690D:LeaderElection30] INFO  impl.RaftServerImpl (ServerState.java:setRaftConf(361)) - b4d11adf-473e-4712-a75b-8cc25b77f0f4:group-4F96547E690D set configuration 0: [b4d11adf-473e-4712-a75b-8cc25b77f0f4:192.168.157.226:36538], old=null at 0
2019-09-19 16:58:15,142 [b4d11adf-473e-4712-a75b-8cc25b77f0f4-SegmentedRaftLogWorker:Storage Directory /workdir/hadoop-ozone/tools/target/test-dir/MiniOzoneClusterImpl-07aed8b0-4e05-46c5-ad79-a4210fff6c42/datanode-3/data/ratis/4c4b0c8f-da6b-4d44-be0c-4f96547e690d] INFO  segmented.SegmentedRaftLogWorker (SegmentedRaftLogWorker.java:execute(569)) - b4d11adf-473e-4712-a75b-8cc25b77f0f4-SegmentedRaftLogWorker:Storage Directory /workdir/hadoop-ozone/tools/target/test-dir/MiniOzoneClusterImpl-07aed8b0-4e05-46c5-ad79-a4210fff6c42/datanode-3/data/ratis/4c4b0c8f-da6b-4d44-be0c-4f96547e690d: created new log segment /workdir/hadoop-ozone/tools/target/test-dir/MiniOzoneClusterImpl-07aed8b0-4e05-46c5-ad79-a4210fff6c42/datanode-3/data/ratis/4c4b0c8f-da6b-4d44-be0c-4f96547e690d/current/log_inprogress_0
2019-09-19 16:58:15,192 | INFO  | SCMAudit | user=jenkins1000 | ip=192.168.157.226 | op=SEND_HEARTBEAT {datanodeUUID=1bc78e45-ac19-4b52-81ed-8b591e5dbc69, command=[]} | ret=SUCCESS |  
2019-09-19 16:58:15,585 | INFO  | SCMAudit | user=jenkins1000 | ip=192.168.157.226 | op=SEND_HEARTBEAT {datanodeUUID=d3f68efe-c22b-404c-9d92-5b3617bd70f9, command=[]} | ret=SUCCESS |  
2019-09-19 16:58:15,636 | INFO  | SCMAudit | user=jenkins1000 | ip=192.168.157.226 | op=SEND_HEARTBEAT {datanodeUUID=b4d11adf-473e-4712-a75b-8cc25b77f0f4, command=[]} | ret=SUCCESS |  
2019-09-19 16:58:15,692 | INFO  | SCMAudit | user=jenkins1000 | ip=192.168.157.226 | op=SEND_HEARTBEAT {datanodeUUID=293fb764-8d0a-4a2a-b0d4-e27863ca0d27, command=[]} | ret=SUCCESS |  
2019-09-19 16:58:15,872 | INFO  | SCMAudit | user=jenkins1000 | ip=192.168.157.226 | op=SEND_HEARTBEAT {datanodeUUID=e29bd0e7-6604-4c9e-a288-0e166e01d87e, command=[]} | ret=SUCCESS |  
2019-09-19 16:58:16,192 | INFO  | SCMAudit | user=jenkins1000 | ip=192.168.157.226 | op=SEND_HEARTBEAT {datanodeUUID=1bc78e45-ac19-4b52-81ed-8b591e5dbc69, command=[]} | ret=SUCCESS |  
2019-09-19 16:58:16,585 | INFO  | SCMAudit | user=jenkins1000 | ip=192.168.157.226 | op=SEND_HEARTBEAT {datanodeUUID=d3f68efe-c22b-404c-9d92-5b3617bd70f9, command=[]} | ret=SUCCESS |  
2019-09-19 16:58:16,636 | INFO  | SCMAudit | user=jenkins1000 | ip=192.168.157.226 | op=SEND_HEARTBEAT {datanodeUUID=b4d11adf-473e-4712-a75b-8cc25b77f0f4, command=[]} | ret=SUCCESS |  
2019-09-19 16:58:16,692 | INFO  | SCMAudit | user=jenkins1000 | ip=192.168.157.226 | op=SEND_HEARTBEAT {datanodeUUID=293fb764-8d0a-4a2a-b0d4-e27863ca0d27, command=[]} | ret=SUCCESS |  
2019-09-19 16:58:16,871 | INFO  | SCMAudit | user=jenkins1000 | ip=192.168.157.226 | op=SEND_HEARTBEAT {datanodeUUID=e29bd0e7-6604-4c9e-a288-0e166e01d87e, command=[]} | ret=SUCCESS |  
2019-09-19 16:58:17,192 | INFO  | SCMAudit | user=jenkins1000 | ip=192.168.157.226 | op=SEND_HEARTBEAT {datanodeUUID=1bc78e45-ac19-4b52-81ed-8b591e5dbc69, command=[]} | ret=SUCCESS |  
2019-09-19 16:58:17,585 | INFO  | SCMAudit | user=jenkins1000 | ip=192.168.157.226 | op=SEND_HEARTBEAT {datanodeUUID=d3f68efe-c22b-404c-9d92-5b3617bd70f9, command=[]} | ret=SUCCESS |  
2019-09-19 16:58:17,636 | INFO  | SCMAudit | user=jenkins1000 | ip=192.168.157.226 | op=SEND_HEARTBEAT {datanodeUUID=b4d11adf-473e-4712-a75b-8cc25b77f0f4, command=[]} | ret=SUCCESS |  
2019-09-19 16:58:17,693 | INFO  | SCMAudit | user=jenkins1000 | ip=192.168.157.226 | op=SEND_HEARTBEAT {datanodeUUID=293fb764-8d0a-4a2a-b0d4-e27863ca0d27, command=[]} | ret=SUCCESS |  
2019-09-19 16:58:17,871 | INFO  | SCMAudit | user=jenkins1000 | ip=192.168.157.226 | op=SEND_HEARTBEAT {datanodeUUID=e29bd0e7-6604-4c9e-a288-0e166e01d87e, command=[]} | ret=SUCCESS |  
2019-09-19 16:58:18,191 | INFO  | SCMAudit | user=jenkins1000 | ip=192.168.157.226 | op=SEND_HEARTBEAT {datanodeUUID=1bc78e45-ac19-4b52-81ed-8b591e5dbc69, command=[]} | ret=SUCCESS |  
2019-09-19 16:58:18,585 | INFO  | SCMAudit | user=jenkins1000 | ip=192.168.157.226 | op=SEND_HEARTBEAT {datanodeUUID=d3f68efe-c22b-404c-9d92-5b3617bd70f9, command=[]} | ret=SUCCESS |  
2019-09-19 16:58:18,636 | INFO  | SCMAudit | user=jenkins1000 | ip=192.168.157.226 | op=SEND_HEARTBEAT {datanodeUUID=b4d11adf-473e-4712-a75b-8cc25b77f0f4, command=[]} | ret=SUCCESS |  
2019-09-19 16:58:18,693 | INFO  | SCMAudit | user=jenkins1000 | ip=192.168.157.226 | op=SEND_HEARTBEAT {datanodeUUID=293fb764-8d0a-4a2a-b0d4-e27863ca0d27, command=[]} | ret=SUCCESS |  
2019-09-19 16:58:18,871 | INFO  | SCMAudit | user=jenkins1000 | ip=192.168.157.226 | op=SEND_HEARTBEAT {datanodeUUID=e29bd0e7-6604-4c9e-a288-0e166e01d87e, command=[]} | ret=SUCCESS |  
2019-09-19 16:58:19,191 | INFO  | SCMAudit | user=jenkins1000 | ip=192.168.157.226 | op=SEND_HEARTBEAT {datanodeUUID=1bc78e45-ac19-4b52-81ed-8b591e5dbc69, command=[]} | ret=SUCCESS |  
]]></system-out>
    <system-err><![CDATA[Sep 19, 2019 4:58:01 PM com.sun.jersey.server.impl.application.WebApplicationImpl _initiate
INFO: Initiating Jersey application, version 'Jersey: 1.19 02/11/2015 03:25 AM'
Sep 19, 2019 4:58:02 PM com.sun.jersey.server.impl.application.WebApplicationImpl _initiate
INFO: Initiating Jersey application, version 'Jersey: 1.19 02/11/2015 03:25 AM'
Sep 19, 2019 4:58:02 PM com.sun.jersey.server.impl.application.WebApplicationImpl _initiate
INFO: Initiating Jersey application, version 'Jersey: 1.19 02/11/2015 03:25 AM'
Sep 19, 2019 4:58:03 PM com.sun.jersey.server.impl.application.WebApplicationImpl _initiate
INFO: Initiating Jersey application, version 'Jersey: 1.19 02/11/2015 03:25 AM'
Sep 19, 2019 4:58:03 PM com.sun.jersey.server.impl.application.WebApplicationImpl _initiate
INFO: Initiating Jersey application, version 'Jersey: 1.19 02/11/2015 03:25 AM'
]]></system-err>
  </testcase>
  <testcase name="standaloneTestLargeKey" classname="org.apache.hadoop.ozone.freon.TestDataValidateWithSafeByteOperations" time="10.117">
    <error message="Allocated 0 blocks. Requested 5 blocks" type="INTERNAL_ERROR org.apache.hadoop.ozone.om.exceptions.OMException">INTERNAL_ERROR org.apache.hadoop.ozone.om.exceptions.OMException: Allocated 0 blocks. Requested 5 blocks
	at org.apache.hadoop.ozone.om.protocolPB.OzoneManagerProtocolClientSideTranslatorPB.handleError(OzoneManagerProtocolClientSideTranslatorPB.java:725)
	at org.apache.hadoop.ozone.om.protocolPB.OzoneManagerProtocolClientSideTranslatorPB.openKey(OzoneManagerProtocolClientSideTranslatorPB.java:716)
	at org.apache.hadoop.ozone.client.rpc.RpcClient.createKey(RpcClient.java:615)
	at org.apache.hadoop.ozone.client.OzoneBucket.createKey(OzoneBucket.java:323)
	at org.apache.hadoop.ozone.freon.RandomKeyGenerator.createKey(RandomKeyGenerator.java:686)
	at org.apache.hadoop.ozone.freon.RandomKeyGenerator.access$1100(RandomKeyGenerator.java:87)
	at org.apache.hadoop.ozone.freon.RandomKeyGenerator$ObjectCreator.run(RandomKeyGenerator.java:606)
	at java.util.concurrent.Executors$RunnableAdapter.call(Executors.java:511)
	at java.util.concurrent.FutureTask.run(FutureTask.java:266)
	at java.util.concurrent.ThreadPoolExecutor.runWorker(ThreadPoolExecutor.java:1149)
	at java.util.concurrent.ThreadPoolExecutor$Worker.run(ThreadPoolExecutor.java:624)
	at java.lang.Thread.run(Thread.java:748)
</error>
    <system-out><![CDATA[2019-09-19 16:58:19,328 [main] INFO  freon.RandomKeyGenerator (RandomKeyGenerator.java:call(275)) - Number of Threads: 10
2019-09-19 16:58:19,328 [main] INFO  freon.RandomKeyGenerator (RandomKeyGenerator.java:call(280)) - Number of Volumes: 1.
2019-09-19 16:58:19,328 [main] INFO  freon.RandomKeyGenerator (RandomKeyGenerator.java:call(281)) - Number of Buckets per Volume: 1.
2019-09-19 16:58:19,328 [main] INFO  freon.RandomKeyGenerator (RandomKeyGenerator.java:call(282)) - Number of Keys per Bucket: 1.
2019-09-19 16:58:19,328 [main] INFO  freon.RandomKeyGenerator (RandomKeyGenerator.java:call(283)) - Key size: 20971520 bytes
2019-09-19 16:58:19,329 [main] INFO  freon.RandomKeyGenerator (RandomKeyGenerator.java:call(284)) - Buffer size: 4096 bytes
2019-09-19 16:58:19,330 [pool-79-thread-1] INFO  rpc.RpcClient (RpcClient.java:createVolume(293)) - Creating Volume: vol-0-84867, with jenkins1000 as owner.
2019-09-19 16:58:19,331 [main] INFO  freon.RandomKeyGenerator (RandomKeyGenerator.java:call(298)) - Data validation is enabled.
2019-09-19 16:58:19,331 [main] INFO  freon.RandomKeyGenerator (RandomKeyGenerator.java:call(304)) - Starting progress bar Thread.

 0.00% |█                                                                                                    |  0/1 Time: 0:00:002019-09-19 16:58:19,335 | INFO  | OMAudit | user=jenkins1000 | ip=127.0.0.1 | op=CREATE_VOLUME {admin=jenkins1000, owner=jenkins1000, volume=vol-0-84867, creationTime=1568912299334, quotaInBytes=1152921504606846976} | ret=SUCCESS |  
2019-09-19 16:58:19,337 | INFO  | OMAudit | user=jenkins1000 | ip=127.0.0.1 | op=READ_VOLUME {volume=vol-0-84867} | ret=SUCCESS |  
2019-09-19 16:58:19,350 [pool-79-thread-2] INFO  rpc.RpcClient (RpcClient.java:createBucket(432)) - Creating Bucket: vol-0-84867/bucket-0-12624, with Versioning false and Storage Type set to DISK and Encryption set to false 
2019-09-19 16:58:19,353 | INFO  | OMAudit | user=jenkins1000 | ip=127.0.0.1 | op=CREATE_BUCKET {volume=vol-0-84867, bucket=bucket-0-12624, acls=[user:jenkins1000:a[ACCESS], group:default:a[ACCESS]], isVersionEnabled=false, storageType=DISK, creationTime=0} | ret=SUCCESS |  
2019-09-19 16:58:19,355 | INFO  | OMAudit | user=jenkins1000 | ip=127.0.0.1 | op=READ_BUCKET {volume=vol-0-84867, bucket=bucket-0-12624} | ret=SUCCESS |  
2019-09-19 16:58:19,366 [IPC Server handler 17 on 42928] ERROR pipeline.PipelinePlacementPolicy (PipelinePlacementPolicy.java:meetCriteria(91)) - Pipeline Placement: Doesn't meet the criteria to be viable node. Heaviness: 6
2019-09-19 16:58:19,366 [IPC Server handler 17 on 42928] ERROR pipeline.PipelinePlacementPolicy (PipelinePlacementPolicy.java:meetCriteria(91)) - Pipeline Placement: Doesn't meet the criteria to be viable node. Heaviness: 6
2019-09-19 16:58:19,366 [IPC Server handler 17 on 42928] ERROR pipeline.PipelinePlacementPolicy (PipelinePlacementPolicy.java:meetCriteria(91)) - Pipeline Placement: Doesn't meet the criteria to be viable node. Heaviness: 6
2019-09-19 16:58:19,366 [IPC Server handler 17 on 42928] ERROR pipeline.PipelinePlacementPolicy (PipelinePlacementPolicy.java:meetCriteria(91)) - Pipeline Placement: Doesn't meet the criteria to be viable node. Heaviness: 6
2019-09-19 16:58:19,367 [IPC Server handler 17 on 42928] ERROR pipeline.PipelinePlacementPolicy (PipelinePlacementPolicy.java:meetCriteria(91)) - Pipeline Placement: Doesn't meet the criteria to be viable node. Heaviness: 6
2019-09-19 16:58:19,367 [IPC Server handler 17 on 42928] ERROR pipeline.PipelinePlacementPolicy (PipelinePlacementPolicy.java:filterViableNodes(146)) - Unable to find enough nodes that meet the criteria that cannot engage in more than 5 pipelines. Nodes required: 3 Found: 0, healthy nodes count inNodeManager: 5.
2019-09-19 16:58:19,367 [IPC Server handler 17 on 42928] ERROR pipeline.SCMPipelineManager (SCMPipelineManager.java:createPipeline(161)) - Pipeline creation failed due to exception: Unable to find enough nodes that meet the criteria that cannot engage in more than 5 pipelines. Nodes required: 3 Found: 0, healthy nodes count inNodeManager: 5.
2019-09-19 16:58:19,367 [IPC Server handler 17 on 42928] WARN  block.BlockManagerImpl (BlockManagerImpl.java:allocateBlock(192)) - Pipeline creation failed for type:RATIS factor:THREE. Retrying get pipelines call once.
org.apache.hadoop.hdds.scm.exceptions.SCMException: Unable to find enough nodes that meet the criteria that cannot engage in more than 5 pipelines. Nodes required: 3 Found: 0, healthy nodes count inNodeManager: 5.
	at org.apache.hadoop.hdds.scm.pipeline.PipelinePlacementPolicy.filterViableNodes(PipelinePlacementPolicy.java:147)
	at org.apache.hadoop.hdds.scm.pipeline.PipelinePlacementPolicy.chooseDatanodes(PipelinePlacementPolicy.java:170)
	at org.apache.hadoop.hdds.scm.pipeline.RatisPipelineProvider.create(RatisPipelineProvider.java:92)
	at org.apache.hadoop.hdds.scm.pipeline.PipelineFactory.create(PipelineFactory.java:57)
	at org.apache.hadoop.hdds.scm.pipeline.SCMPipelineManager.createPipeline(SCMPipelineManager.java:149)
	at org.apache.hadoop.hdds.scm.block.BlockManagerImpl.allocateBlock(BlockManagerImpl.java:190)
	at org.apache.hadoop.hdds.scm.server.SCMBlockProtocolServer.allocateBlock(SCMBlockProtocolServer.java:175)
	at org.apache.hadoop.ozone.protocolPB.ScmBlockLocationProtocolServerSideTranslatorPB.allocateScmBlock(ScmBlockLocationProtocolServerSideTranslatorPB.java:153)
	at org.apache.hadoop.ozone.protocolPB.ScmBlockLocationProtocolServerSideTranslatorPB.send(ScmBlockLocationProtocolServerSideTranslatorPB.java:112)
	at org.apache.hadoop.hdds.protocol.proto.ScmBlockLocationProtocolProtos$ScmBlockLocationProtocolService$2.callBlockingMethod(ScmBlockLocationProtocolProtos.java:13157)
	at org.apache.hadoop.ipc.ProtobufRpcEngine$Server$ProtoBufRpcInvoker.call(ProtobufRpcEngine.java:524)
	at org.apache.hadoop.ipc.RPC$Server.call(RPC.java:1025)
	at org.apache.hadoop.ipc.Server$RpcCall.run(Server.java:876)
	at org.apache.hadoop.ipc.Server$RpcCall.run(Server.java:822)
	at java.security.AccessController.doPrivileged(Native Method)
	at javax.security.auth.Subject.doAs(Subject.java:422)
	at org.apache.hadoop.security.UserGroupInformation.doAs(UserGroupInformation.java:1730)
	at org.apache.hadoop.ipc.Server$Handler.run(Server.java:2682)
2019-09-19 16:58:19,368 [IPC Server handler 17 on 42928] INFO  block.BlockManagerImpl (BlockManagerImpl.java:allocateBlock(198)) - Could not find available pipeline of type:RATIS and factor:THREE even after retrying
2019-09-19 16:58:19,368 [IPC Server handler 17 on 42928] ERROR block.BlockManagerImpl (BlockManagerImpl.java:allocateBlock(222)) - Unable to allocate a block for the size: 4194304, type: RATIS, factor: THREE
2019-09-19 16:58:19,368 [IPC Server handler 17 on 42928] ERROR pipeline.PipelinePlacementPolicy (PipelinePlacementPolicy.java:meetCriteria(91)) - Pipeline Placement: Doesn't meet the criteria to be viable node. Heaviness: 6
2019-09-19 16:58:19,369 [IPC Server handler 17 on 42928] ERROR pipeline.PipelinePlacementPolicy (PipelinePlacementPolicy.java:meetCriteria(91)) - Pipeline Placement: Doesn't meet the criteria to be viable node. Heaviness: 6
2019-09-19 16:58:19,369 [IPC Server handler 17 on 42928] ERROR pipeline.PipelinePlacementPolicy (PipelinePlacementPolicy.java:meetCriteria(91)) - Pipeline Placement: Doesn't meet the criteria to be viable node. Heaviness: 6
2019-09-19 16:58:19,369 [IPC Server handler 17 on 42928] ERROR pipeline.PipelinePlacementPolicy (PipelinePlacementPolicy.java:meetCriteria(91)) - Pipeline Placement: Doesn't meet the criteria to be viable node. Heaviness: 6
2019-09-19 16:58:19,369 [IPC Server handler 17 on 42928] ERROR pipeline.PipelinePlacementPolicy (PipelinePlacementPolicy.java:meetCriteria(91)) - Pipeline Placement: Doesn't meet the criteria to be viable node. Heaviness: 6
2019-09-19 16:58:19,370 [IPC Server handler 17 on 42928] ERROR pipeline.PipelinePlacementPolicy (PipelinePlacementPolicy.java:filterViableNodes(146)) - Unable to find enough nodes that meet the criteria that cannot engage in more than 5 pipelines. Nodes required: 3 Found: 0, healthy nodes count inNodeManager: 5.
2019-09-19 16:58:19,370 [IPC Server handler 17 on 42928] ERROR pipeline.SCMPipelineManager (SCMPipelineManager.java:createPipeline(161)) - Pipeline creation failed due to exception: Unable to find enough nodes that meet the criteria that cannot engage in more than 5 pipelines. Nodes required: 3 Found: 0, healthy nodes count inNodeManager: 5.
2019-09-19 16:58:19,370 [IPC Server handler 17 on 42928] WARN  block.BlockManagerImpl (BlockManagerImpl.java:allocateBlock(192)) - Pipeline creation failed for type:RATIS factor:THREE. Retrying get pipelines call once.
org.apache.hadoop.hdds.scm.exceptions.SCMException: Unable to find enough nodes that meet the criteria that cannot engage in more than 5 pipelines. Nodes required: 3 Found: 0, healthy nodes count inNodeManager: 5.
	at org.apache.hadoop.hdds.scm.pipeline.PipelinePlacementPolicy.filterViableNodes(PipelinePlacementPolicy.java:147)
	at org.apache.hadoop.hdds.scm.pipeline.PipelinePlacementPolicy.chooseDatanodes(PipelinePlacementPolicy.java:170)
	at org.apache.hadoop.hdds.scm.pipeline.RatisPipelineProvider.create(RatisPipelineProvider.java:92)
	at org.apache.hadoop.hdds.scm.pipeline.PipelineFactory.create(PipelineFactory.java:57)
	at org.apache.hadoop.hdds.scm.pipeline.SCMPipelineManager.createPipeline(SCMPipelineManager.java:149)
	at org.apache.hadoop.hdds.scm.block.BlockManagerImpl.allocateBlock(BlockManagerImpl.java:190)
	at org.apache.hadoop.hdds.scm.server.SCMBlockProtocolServer.allocateBlock(SCMBlockProtocolServer.java:175)
	at org.apache.hadoop.ozone.protocolPB.ScmBlockLocationProtocolServerSideTranslatorPB.allocateScmBlock(ScmBlockLocationProtocolServerSideTranslatorPB.java:153)
	at org.apache.hadoop.ozone.protocolPB.ScmBlockLocationProtocolServerSideTranslatorPB.send(ScmBlockLocationProtocolServerSideTranslatorPB.java:112)
	at org.apache.hadoop.hdds.protocol.proto.ScmBlockLocationProtocolProtos$ScmBlockLocationProtocolService$2.callBlockingMethod(ScmBlockLocationProtocolProtos.java:13157)
	at org.apache.hadoop.ipc.ProtobufRpcEngine$Server$ProtoBufRpcInvoker.call(ProtobufRpcEngine.java:524)
	at org.apache.hadoop.ipc.RPC$Server.call(RPC.java:1025)
	at org.apache.hadoop.ipc.Server$RpcCall.run(Server.java:876)
	at org.apache.hadoop.ipc.Server$RpcCall.run(Server.java:822)
	at java.security.AccessController.doPrivileged(Native Method)
	at javax.security.auth.Subject.doAs(Subject.java:422)
	at org.apache.hadoop.security.UserGroupInformation.doAs(UserGroupInformation.java:1730)
	at org.apache.hadoop.ipc.Server$Handler.run(Server.java:2682)
2019-09-19 16:58:19,372 [IPC Server handler 17 on 42928] INFO  block.BlockManagerImpl (BlockManagerImpl.java:allocateBlock(198)) - Could not find available pipeline of type:RATIS and factor:THREE even after retrying
2019-09-19 16:58:19,372 [IPC Server handler 17 on 42928] ERROR block.BlockManagerImpl (BlockManagerImpl.java:allocateBlock(222)) - Unable to allocate a block for the size: 4194304, type: RATIS, factor: THREE
2019-09-19 16:58:19,373 [IPC Server handler 17 on 42928] ERROR pipeline.PipelinePlacementPolicy (PipelinePlacementPolicy.java:meetCriteria(91)) - Pipeline Placement: Doesn't meet the criteria to be viable node. Heaviness: 6
2019-09-19 16:58:19,373 [IPC Server handler 17 on 42928] ERROR pipeline.PipelinePlacementPolicy (PipelinePlacementPolicy.java:meetCriteria(91)) - Pipeline Placement: Doesn't meet the criteria to be viable node. Heaviness: 6
2019-09-19 16:58:19,373 [IPC Server handler 17 on 42928] ERROR pipeline.PipelinePlacementPolicy (PipelinePlacementPolicy.java:meetCriteria(91)) - Pipeline Placement: Doesn't meet the criteria to be viable node. Heaviness: 6
2019-09-19 16:58:19,373 [IPC Server handler 17 on 42928] ERROR pipeline.PipelinePlacementPolicy (PipelinePlacementPolicy.java:meetCriteria(91)) - Pipeline Placement: Doesn't meet the criteria to be viable node. Heaviness: 6
2019-09-19 16:58:19,374 [IPC Server handler 17 on 42928] ERROR pipeline.PipelinePlacementPolicy (PipelinePlacementPolicy.java:meetCriteria(91)) - Pipeline Placement: Doesn't meet the criteria to be viable node. Heaviness: 6
2019-09-19 16:58:19,374 [IPC Server handler 17 on 42928] ERROR pipeline.PipelinePlacementPolicy (PipelinePlacementPolicy.java:filterViableNodes(146)) - Unable to find enough nodes that meet the criteria that cannot engage in more than 5 pipelines. Nodes required: 3 Found: 0, healthy nodes count inNodeManager: 5.
2019-09-19 16:58:19,374 [IPC Server handler 17 on 42928] ERROR pipeline.SCMPipelineManager (SCMPipelineManager.java:createPipeline(161)) - Pipeline creation failed due to exception: Unable to find enough nodes that meet the criteria that cannot engage in more than 5 pipelines. Nodes required: 3 Found: 0, healthy nodes count inNodeManager: 5.
2019-09-19 16:58:19,374 [IPC Server handler 17 on 42928] WARN  block.BlockManagerImpl (BlockManagerImpl.java:allocateBlock(192)) - Pipeline creation failed for type:RATIS factor:THREE. Retrying get pipelines call once.
org.apache.hadoop.hdds.scm.exceptions.SCMException: Unable to find enough nodes that meet the criteria that cannot engage in more than 5 pipelines. Nodes required: 3 Found: 0, healthy nodes count inNodeManager: 5.
	at org.apache.hadoop.hdds.scm.pipeline.PipelinePlacementPolicy.filterViableNodes(PipelinePlacementPolicy.java:147)
	at org.apache.hadoop.hdds.scm.pipeline.PipelinePlacementPolicy.chooseDatanodes(PipelinePlacementPolicy.java:170)
	at org.apache.hadoop.hdds.scm.pipeline.RatisPipelineProvider.create(RatisPipelineProvider.java:92)
	at org.apache.hadoop.hdds.scm.pipeline.PipelineFactory.create(PipelineFactory.java:57)
	at org.apache.hadoop.hdds.scm.pipeline.SCMPipelineManager.createPipeline(SCMPipelineManager.java:149)
	at org.apache.hadoop.hdds.scm.block.BlockManagerImpl.allocateBlock(BlockManagerImpl.java:190)
	at org.apache.hadoop.hdds.scm.server.SCMBlockProtocolServer.allocateBlock(SCMBlockProtocolServer.java:175)
	at org.apache.hadoop.ozone.protocolPB.ScmBlockLocationProtocolServerSideTranslatorPB.allocateScmBlock(ScmBlockLocationProtocolServerSideTranslatorPB.java:153)
	at org.apache.hadoop.ozone.protocolPB.ScmBlockLocationProtocolServerSideTranslatorPB.send(ScmBlockLocationProtocolServerSideTranslatorPB.java:112)
	at org.apache.hadoop.hdds.protocol.proto.ScmBlockLocationProtocolProtos$ScmBlockLocationProtocolService$2.callBlockingMethod(ScmBlockLocationProtocolProtos.java:13157)
	at org.apache.hadoop.ipc.ProtobufRpcEngine$Server$ProtoBufRpcInvoker.call(ProtobufRpcEngine.java:524)
	at org.apache.hadoop.ipc.RPC$Server.call(RPC.java:1025)
	at org.apache.hadoop.ipc.Server$RpcCall.run(Server.java:876)
	at org.apache.hadoop.ipc.Server$RpcCall.run(Server.java:822)
	at java.security.AccessController.doPrivileged(Native Method)
	at javax.security.auth.Subject.doAs(Subject.java:422)
	at org.apache.hadoop.security.UserGroupInformation.doAs(UserGroupInformation.java:1730)
	at org.apache.hadoop.ipc.Server$Handler.run(Server.java:2682)
2019-09-19 16:58:19,375 [IPC Server handler 17 on 42928] INFO  block.BlockManagerImpl (BlockManagerImpl.java:allocateBlock(198)) - Could not find available pipeline of type:RATIS and factor:THREE even after retrying
2019-09-19 16:58:19,375 [IPC Server handler 17 on 42928] ERROR block.BlockManagerImpl (BlockManagerImpl.java:allocateBlock(222)) - Unable to allocate a block for the size: 4194304, type: RATIS, factor: THREE
2019-09-19 16:58:19,375 [IPC Server handler 17 on 42928] ERROR pipeline.PipelinePlacementPolicy (PipelinePlacementPolicy.java:meetCriteria(91)) - Pipeline Placement: Doesn't meet the criteria to be viable node. Heaviness: 6
2019-09-19 16:58:19,375 [IPC Server handler 17 on 42928] ERROR pipeline.PipelinePlacementPolicy (PipelinePlacementPolicy.java:meetCriteria(91)) - Pipeline Placement: Doesn't meet the criteria to be viable node. Heaviness: 6
2019-09-19 16:58:19,376 [IPC Server handler 17 on 42928] ERROR pipeline.PipelinePlacementPolicy (PipelinePlacementPolicy.java:meetCriteria(91)) - Pipeline Placement: Doesn't meet the criteria to be viable node. Heaviness: 6
2019-09-19 16:58:19,376 [IPC Server handler 17 on 42928] ERROR pipeline.PipelinePlacementPolicy (PipelinePlacementPolicy.java:meetCriteria(91)) - Pipeline Placement: Doesn't meet the criteria to be viable node. Heaviness: 6
2019-09-19 16:58:19,376 [IPC Server handler 17 on 42928] ERROR pipeline.PipelinePlacementPolicy (PipelinePlacementPolicy.java:meetCriteria(91)) - Pipeline Placement: Doesn't meet the criteria to be viable node. Heaviness: 6
2019-09-19 16:58:19,376 [IPC Server handler 17 on 42928] ERROR pipeline.PipelinePlacementPolicy (PipelinePlacementPolicy.java:filterViableNodes(146)) - Unable to find enough nodes that meet the criteria that cannot engage in more than 5 pipelines. Nodes required: 3 Found: 0, healthy nodes count inNodeManager: 5.
2019-09-19 16:58:19,376 [IPC Server handler 17 on 42928] ERROR pipeline.SCMPipelineManager (SCMPipelineManager.java:createPipeline(161)) - Pipeline creation failed due to exception: Unable to find enough nodes that meet the criteria that cannot engage in more than 5 pipelines. Nodes required: 3 Found: 0, healthy nodes count inNodeManager: 5.
2019-09-19 16:58:19,377 [IPC Server handler 17 on 42928] WARN  block.BlockManagerImpl (BlockManagerImpl.java:allocateBlock(192)) - Pipeline creation failed for type:RATIS factor:THREE. Retrying get pipelines call once.
org.apache.hadoop.hdds.scm.exceptions.SCMException: Unable to find enough nodes that meet the criteria that cannot engage in more than 5 pipelines. Nodes required: 3 Found: 0, healthy nodes count inNodeManager: 5.
	at org.apache.hadoop.hdds.scm.pipeline.PipelinePlacementPolicy.filterViableNodes(PipelinePlacementPolicy.java:147)
	at org.apache.hadoop.hdds.scm.pipeline.PipelinePlacementPolicy.chooseDatanodes(PipelinePlacementPolicy.java:170)
	at org.apache.hadoop.hdds.scm.pipeline.RatisPipelineProvider.create(RatisPipelineProvider.java:92)
	at org.apache.hadoop.hdds.scm.pipeline.PipelineFactory.create(PipelineFactory.java:57)
	at org.apache.hadoop.hdds.scm.pipeline.SCMPipelineManager.createPipeline(SCMPipelineManager.java:149)
	at org.apache.hadoop.hdds.scm.block.BlockManagerImpl.allocateBlock(BlockManagerImpl.java:190)
	at org.apache.hadoop.hdds.scm.server.SCMBlockProtocolServer.allocateBlock(SCMBlockProtocolServer.java:175)
	at org.apache.hadoop.ozone.protocolPB.ScmBlockLocationProtocolServerSideTranslatorPB.allocateScmBlock(ScmBlockLocationProtocolServerSideTranslatorPB.java:153)
	at org.apache.hadoop.ozone.protocolPB.ScmBlockLocationProtocolServerSideTranslatorPB.send(ScmBlockLocationProtocolServerSideTranslatorPB.java:112)
	at org.apache.hadoop.hdds.protocol.proto.ScmBlockLocationProtocolProtos$ScmBlockLocationProtocolService$2.callBlockingMethod(ScmBlockLocationProtocolProtos.java:13157)
	at org.apache.hadoop.ipc.ProtobufRpcEngine$Server$ProtoBufRpcInvoker.call(ProtobufRpcEngine.java:524)
	at org.apache.hadoop.ipc.RPC$Server.call(RPC.java:1025)
	at org.apache.hadoop.ipc.Server$RpcCall.run(Server.java:876)
	at org.apache.hadoop.ipc.Server$RpcCall.run(Server.java:822)
	at java.security.AccessController.doPrivileged(Native Method)
	at javax.security.auth.Subject.doAs(Subject.java:422)
	at org.apache.hadoop.security.UserGroupInformation.doAs(UserGroupInformation.java:1730)
	at org.apache.hadoop.ipc.Server$Handler.run(Server.java:2682)
2019-09-19 16:58:19,377 [IPC Server handler 17 on 42928] INFO  block.BlockManagerImpl (BlockManagerImpl.java:allocateBlock(198)) - Could not find available pipeline of type:RATIS and factor:THREE even after retrying
2019-09-19 16:58:19,377 [IPC Server handler 17 on 42928] ERROR block.BlockManagerImpl (BlockManagerImpl.java:allocateBlock(222)) - Unable to allocate a block for the size: 4194304, type: RATIS, factor: THREE
2019-09-19 16:58:19,378 [IPC Server handler 17 on 42928] ERROR pipeline.PipelinePlacementPolicy (PipelinePlacementPolicy.java:meetCriteria(91)) - Pipeline Placement: Doesn't meet the criteria to be viable node. Heaviness: 6
2019-09-19 16:58:19,378 [IPC Server handler 17 on 42928] ERROR pipeline.PipelinePlacementPolicy (PipelinePlacementPolicy.java:meetCriteria(91)) - Pipeline Placement: Doesn't meet the criteria to be viable node. Heaviness: 6
2019-09-19 16:58:19,378 [IPC Server handler 17 on 42928] ERROR pipeline.PipelinePlacementPolicy (PipelinePlacementPolicy.java:meetCriteria(91)) - Pipeline Placement: Doesn't meet the criteria to be viable node. Heaviness: 6
2019-09-19 16:58:19,378 [IPC Server handler 17 on 42928] ERROR pipeline.PipelinePlacementPolicy (PipelinePlacementPolicy.java:meetCriteria(91)) - Pipeline Placement: Doesn't meet the criteria to be viable node. Heaviness: 6
2019-09-19 16:58:19,378 [IPC Server handler 17 on 42928] ERROR pipeline.PipelinePlacementPolicy (PipelinePlacementPolicy.java:meetCriteria(91)) - Pipeline Placement: Doesn't meet the criteria to be viable node. Heaviness: 6
2019-09-19 16:58:19,379 [IPC Server handler 17 on 42928] ERROR pipeline.PipelinePlacementPolicy (PipelinePlacementPolicy.java:filterViableNodes(146)) - Unable to find enough nodes that meet the criteria that cannot engage in more than 5 pipelines. Nodes required: 3 Found: 0, healthy nodes count inNodeManager: 5.
2019-09-19 16:58:19,379 [IPC Server handler 17 on 42928] ERROR pipeline.SCMPipelineManager (SCMPipelineManager.java:createPipeline(161)) - Pipeline creation failed due to exception: Unable to find enough nodes that meet the criteria that cannot engage in more than 5 pipelines. Nodes required: 3 Found: 0, healthy nodes count inNodeManager: 5.
2019-09-19 16:58:19,379 [IPC Server handler 17 on 42928] WARN  block.BlockManagerImpl (BlockManagerImpl.java:allocateBlock(192)) - Pipeline creation failed for type:RATIS factor:THREE. Retrying get pipelines call once.
org.apache.hadoop.hdds.scm.exceptions.SCMException: Unable to find enough nodes that meet the criteria that cannot engage in more than 5 pipelines. Nodes required: 3 Found: 0, healthy nodes count inNodeManager: 5.
	at org.apache.hadoop.hdds.scm.pipeline.PipelinePlacementPolicy.filterViableNodes(PipelinePlacementPolicy.java:147)
	at org.apache.hadoop.hdds.scm.pipeline.PipelinePlacementPolicy.chooseDatanodes(PipelinePlacementPolicy.java:170)
	at org.apache.hadoop.hdds.scm.pipeline.RatisPipelineProvider.create(RatisPipelineProvider.java:92)
	at org.apache.hadoop.hdds.scm.pipeline.PipelineFactory.create(PipelineFactory.java:57)
	at org.apache.hadoop.hdds.scm.pipeline.SCMPipelineManager.createPipeline(SCMPipelineManager.java:149)
	at org.apache.hadoop.hdds.scm.block.BlockManagerImpl.allocateBlock(BlockManagerImpl.java:190)
	at org.apache.hadoop.hdds.scm.server.SCMBlockProtocolServer.allocateBlock(SCMBlockProtocolServer.java:175)
	at org.apache.hadoop.ozone.protocolPB.ScmBlockLocationProtocolServerSideTranslatorPB.allocateScmBlock(ScmBlockLocationProtocolServerSideTranslatorPB.java:153)
	at org.apache.hadoop.ozone.protocolPB.ScmBlockLocationProtocolServerSideTranslatorPB.send(ScmBlockLocationProtocolServerSideTranslatorPB.java:112)
	at org.apache.hadoop.hdds.protocol.proto.ScmBlockLocationProtocolProtos$ScmBlockLocationProtocolService$2.callBlockingMethod(ScmBlockLocationProtocolProtos.java:13157)
	at org.apache.hadoop.ipc.ProtobufRpcEngine$Server$ProtoBufRpcInvoker.call(ProtobufRpcEngine.java:524)
	at org.apache.hadoop.ipc.RPC$Server.call(RPC.java:1025)
	at org.apache.hadoop.ipc.Server$RpcCall.run(Server.java:876)
	at org.apache.hadoop.ipc.Server$RpcCall.run(Server.java:822)
	at java.security.AccessController.doPrivileged(Native Method)
	at javax.security.auth.Subject.doAs(Subject.java:422)
	at org.apache.hadoop.security.UserGroupInformation.doAs(UserGroupInformation.java:1730)
	at org.apache.hadoop.ipc.Server$Handler.run(Server.java:2682)
2019-09-19 16:58:19,380 [IPC Server handler 17 on 42928] INFO  block.BlockManagerImpl (BlockManagerImpl.java:allocateBlock(198)) - Could not find available pipeline of type:RATIS and factor:THREE even after retrying
2019-09-19 16:58:19,380 [IPC Server handler 17 on 42928] ERROR block.BlockManagerImpl (BlockManagerImpl.java:allocateBlock(222)) - Unable to allocate a block for the size: 4194304, type: RATIS, factor: THREE
2019-09-19 16:58:19,380 | INFO  | SCMAudit | user=jenkins1000 | ip=192.168.157.226 | op=ALLOCATE_BLOCK {owner=2974780c-d6de-4d42-bdb1-00fcce2214f5, size=4194304, type=RATIS, factor=THREE} | ret=SUCCESS |  
2019-09-19 16:58:19,382 | ERROR | OMAudit | user=jenkins1000 | ip=127.0.0.1 | op=ALLOCATE_KEY {volume=vol-0-84867, bucket=bucket-0-12624, key=key-0-08970, dataSize=20971520, replicationType=RATIS, replicationFactor=THREE, keyLocationInfo=null} | ret=FAILURE | org.apache.hadoop.hdds.scm.exceptions.SCMException: Allocated 0 blocks. Requested 5 blocks
	at org.apache.hadoop.hdds.scm.protocolPB.ScmBlockLocationProtocolClientSideTranslatorPB.handleError(ScmBlockLocationProtocolClientSideTranslatorPB.java:118)
	at org.apache.hadoop.hdds.scm.protocolPB.ScmBlockLocationProtocolClientSideTranslatorPB.allocateBlock(ScmBlockLocationProtocolClientSideTranslatorPB.java:156) 
2019-09-19 16:58:19,385 [pool-79-thread-3] ERROR freon.RandomKeyGenerator (RandomKeyGenerator.java:createKey(724)) - Exception while adding key: key-0-08970 in bucket: bucket-0-12624 of volume: vol-0-84867.
INTERNAL_ERROR org.apache.hadoop.ozone.om.exceptions.OMException: Allocated 0 blocks. Requested 5 blocks
	at org.apache.hadoop.ozone.om.protocolPB.OzoneManagerProtocolClientSideTranslatorPB.handleError(OzoneManagerProtocolClientSideTranslatorPB.java:725)
	at org.apache.hadoop.ozone.om.protocolPB.OzoneManagerProtocolClientSideTranslatorPB.openKey(OzoneManagerProtocolClientSideTranslatorPB.java:716)
	at org.apache.hadoop.ozone.client.rpc.RpcClient.createKey(RpcClient.java:615)
	at org.apache.hadoop.ozone.client.OzoneBucket.createKey(OzoneBucket.java:323)
	at org.apache.hadoop.ozone.freon.RandomKeyGenerator.createKey(RandomKeyGenerator.java:686)
	at org.apache.hadoop.ozone.freon.RandomKeyGenerator.access$1100(RandomKeyGenerator.java:87)
	at org.apache.hadoop.ozone.freon.RandomKeyGenerator$ObjectCreator.run(RandomKeyGenerator.java:606)
	at java.util.concurrent.Executors$RunnableAdapter.call(Executors.java:511)
	at java.util.concurrent.FutureTask.run(FutureTask.java:266)
	at java.util.concurrent.ThreadPoolExecutor.runWorker(ThreadPoolExecutor.java:1149)
	at java.util.concurrent.ThreadPoolExecutor$Worker.run(ThreadPoolExecutor.java:624)
	at java.lang.Thread.run(Thread.java:748)
2019-09-19 16:58:19,586 | INFO  | SCMAudit | user=jenkins1000 | ip=192.168.157.226 | op=SEND_HEARTBEAT {datanodeUUID=d3f68efe-c22b-404c-9d92-5b3617bd70f9, command=[]} | ret=SUCCESS |  
2019-09-19 16:58:19,636 | INFO  | SCMAudit | user=jenkins1000 | ip=192.168.157.226 | op=SEND_HEARTBEAT {datanodeUUID=b4d11adf-473e-4712-a75b-8cc25b77f0f4, command=[]} | ret=SUCCESS |  
2019-09-19 16:58:19,693 | INFO  | SCMAudit | user=jenkins1000 | ip=192.168.157.226 | op=SEND_HEARTBEAT {datanodeUUID=293fb764-8d0a-4a2a-b0d4-e27863ca0d27, command=[]} | ret=SUCCESS |  
2019-09-19 16:58:19,872 | INFO  | SCMAudit | user=jenkins1000 | ip=192.168.157.226 | op=SEND_HEARTBEAT {datanodeUUID=e29bd0e7-6604-4c9e-a288-0e166e01d87e, command=[]} | ret=SUCCESS |  
2019-09-19 16:58:20,191 | INFO  | SCMAudit | user=jenkins1000 | ip=192.168.157.226 | op=SEND_HEARTBEAT {datanodeUUID=1bc78e45-ac19-4b52-81ed-8b591e5dbc69, command=[]} | ret=SUCCESS |  
 0.00% |█                                                                                                    |  0/1 Time: 0:00:012019-09-19 16:58:20,586 | INFO  | SCMAudit | user=jenkins1000 | ip=192.168.157.226 | op=SEND_HEARTBEAT {datanodeUUID=d3f68efe-c22b-404c-9d92-5b3617bd70f9, command=[]} | ret=SUCCESS |  
2019-09-19 16:58:20,636 | INFO  | SCMAudit | user=jenkins1000 | ip=192.168.157.226 | op=SEND_HEARTBEAT {datanodeUUID=b4d11adf-473e-4712-a75b-8cc25b77f0f4, command=[]} | ret=SUCCESS |  
2019-09-19 16:58:20,692 | INFO  | SCMAudit | user=jenkins1000 | ip=192.168.157.226 | op=SEND_HEARTBEAT {datanodeUUID=293fb764-8d0a-4a2a-b0d4-e27863ca0d27, command=[]} | ret=SUCCESS |  
2019-09-19 16:58:20,875 | INFO  | SCMAudit | user=jenkins1000 | ip=192.168.157.226 | op=SEND_HEARTBEAT {datanodeUUID=e29bd0e7-6604-4c9e-a288-0e166e01d87e, command=[]} | ret=SUCCESS |  
2019-09-19 16:58:21,191 | INFO  | SCMAudit | user=jenkins1000 | ip=192.168.157.226 | op=SEND_HEARTBEAT {datanodeUUID=1bc78e45-ac19-4b52-81ed-8b591e5dbc69, command=[]} | ret=SUCCESS |  
 0.00% |█                                                                                                    |  0/1 Time: 0:00:022019-09-19 16:58:21,587 | INFO  | SCMAudit | user=jenkins1000 | ip=192.168.157.226 | op=SEND_HEARTBEAT {datanodeUUID=d3f68efe-c22b-404c-9d92-5b3617bd70f9, command=[]} | ret=SUCCESS |  
2019-09-19 16:58:21,637 | INFO  | SCMAudit | user=jenkins1000 | ip=192.168.157.226 | op=SEND_HEARTBEAT {datanodeUUID=b4d11adf-473e-4712-a75b-8cc25b77f0f4, command=[]} | ret=SUCCESS |  
2019-09-19 16:58:21,692 | INFO  | SCMAudit | user=jenkins1000 | ip=192.168.157.226 | op=SEND_HEARTBEAT {datanodeUUID=293fb764-8d0a-4a2a-b0d4-e27863ca0d27, command=[]} | ret=SUCCESS |  
2019-09-19 16:58:21,875 | INFO  | SCMAudit | user=jenkins1000 | ip=192.168.157.226 | op=SEND_HEARTBEAT {datanodeUUID=e29bd0e7-6604-4c9e-a288-0e166e01d87e, command=[]} | ret=SUCCESS |  
2019-09-19 16:58:22,191 | INFO  | SCMAudit | user=jenkins1000 | ip=192.168.157.226 | op=SEND_HEARTBEAT {datanodeUUID=1bc78e45-ac19-4b52-81ed-8b591e5dbc69, command=[]} | ret=SUCCESS |  
 0.00% |█                                                                                                    |  0/1 Time: 0:00:032019-09-19 16:58:22,587 | INFO  | SCMAudit | user=jenkins1000 | ip=192.168.157.226 | op=SEND_HEARTBEAT {datanodeUUID=d3f68efe-c22b-404c-9d92-5b3617bd70f9, command=[]} | ret=SUCCESS |  
2019-09-19 16:58:22,637 | INFO  | SCMAudit | user=jenkins1000 | ip=192.168.157.226 | op=SEND_HEARTBEAT {datanodeUUID=b4d11adf-473e-4712-a75b-8cc25b77f0f4, command=[]} | ret=SUCCESS |  
2019-09-19 16:58:22,692 | INFO  | SCMAudit | user=jenkins1000 | ip=192.168.157.226 | op=SEND_HEARTBEAT {datanodeUUID=293fb764-8d0a-4a2a-b0d4-e27863ca0d27, command=[]} | ret=SUCCESS |  
2019-09-19 16:58:22,875 | INFO  | SCMAudit | user=jenkins1000 | ip=192.168.157.226 | op=SEND_HEARTBEAT {datanodeUUID=e29bd0e7-6604-4c9e-a288-0e166e01d87e, command=[]} | ret=SUCCESS |  
2019-09-19 16:58:23,191 | INFO  | SCMAudit | user=jenkins1000 | ip=192.168.157.226 | op=SEND_HEARTBEAT {datanodeUUID=1bc78e45-ac19-4b52-81ed-8b591e5dbc69, command=[]} | ret=SUCCESS |  
 0.00% |█                                                                                                    |  0/1 Time: 0:00:042019-09-19 16:58:23,591 | INFO  | SCMAudit | user=jenkins1000 | ip=192.168.157.226 | op=SEND_HEARTBEAT {datanodeUUID=d3f68efe-c22b-404c-9d92-5b3617bd70f9, command=[]} | ret=SUCCESS |  
2019-09-19 16:58:23,638 | INFO  | SCMAudit | user=jenkins1000 | ip=192.168.157.226 | op=SEND_HEARTBEAT {datanodeUUID=b4d11adf-473e-4712-a75b-8cc25b77f0f4, command=[]} | ret=SUCCESS |  
2019-09-19 16:58:23,693 | INFO  | SCMAudit | user=jenkins1000 | ip=192.168.157.226 | op=SEND_HEARTBEAT {datanodeUUID=293fb764-8d0a-4a2a-b0d4-e27863ca0d27, command=[]} | ret=SUCCESS |  
2019-09-19 16:58:23,875 | INFO  | SCMAudit | user=jenkins1000 | ip=192.168.157.226 | op=SEND_HEARTBEAT {datanodeUUID=e29bd0e7-6604-4c9e-a288-0e166e01d87e, command=[]} | ret=SUCCESS |  
2019-09-19 16:58:24,191 | INFO  | SCMAudit | user=jenkins1000 | ip=192.168.157.226 | op=SEND_HEARTBEAT {datanodeUUID=1bc78e45-ac19-4b52-81ed-8b591e5dbc69, command=[]} | ret=SUCCESS |  
 100.00% |█████████████████████████████████████████████████████████████████████████████████████████████████████|  1/1 Time: 0:00:05
2019-09-19 16:58:24,586 | INFO  | SCMAudit | user=jenkins1000 | ip=192.168.157.226 | op=SEND_HEARTBEAT {datanodeUUID=d3f68efe-c22b-404c-9d92-5b3617bd70f9, command=[]} | ret=SUCCESS |  
2019-09-19 16:58:24,638 | INFO  | SCMAudit | user=jenkins1000 | ip=192.168.157.226 | op=SEND_HEARTBEAT {datanodeUUID=b4d11adf-473e-4712-a75b-8cc25b77f0f4, command=[]} | ret=SUCCESS |  
2019-09-19 16:58:24,693 | INFO  | SCMAudit | user=jenkins1000 | ip=192.168.157.226 | op=SEND_HEARTBEAT {datanodeUUID=293fb764-8d0a-4a2a-b0d4-e27863ca0d27, command=[]} | ret=SUCCESS |  
2019-09-19 16:58:24,875 | INFO  | SCMAudit | user=jenkins1000 | ip=192.168.157.226 | op=SEND_HEARTBEAT {datanodeUUID=e29bd0e7-6604-4c9e-a288-0e166e01d87e, command=[]} | ret=SUCCESS |  
2019-09-19 16:58:25,191 | INFO  | SCMAudit | user=jenkins1000 | ip=192.168.157.226 | op=SEND_HEARTBEAT {datanodeUUID=1bc78e45-ac19-4b52-81ed-8b591e5dbc69, command=[]} | ret=SUCCESS |  
2019-09-19 16:58:25,587 | INFO  | SCMAudit | user=jenkins1000 | ip=192.168.157.226 | op=SEND_HEARTBEAT {datanodeUUID=d3f68efe-c22b-404c-9d92-5b3617bd70f9, command=[]} | ret=SUCCESS |  
2019-09-19 16:58:25,638 | INFO  | SCMAudit | user=jenkins1000 | ip=192.168.157.226 | op=SEND_HEARTBEAT {datanodeUUID=b4d11adf-473e-4712-a75b-8cc25b77f0f4, command=[]} | ret=SUCCESS |  
2019-09-19 16:58:25,693 | INFO  | SCMAudit | user=jenkins1000 | ip=192.168.157.226 | op=SEND_HEARTBEAT {datanodeUUID=293fb764-8d0a-4a2a-b0d4-e27863ca0d27, command=[]} | ret=SUCCESS |  
2019-09-19 16:58:25,874 | INFO  | SCMAudit | user=jenkins1000 | ip=192.168.157.226 | op=SEND_HEARTBEAT {datanodeUUID=e29bd0e7-6604-4c9e-a288-0e166e01d87e, command=[]} | ret=SUCCESS |  
2019-09-19 16:58:26,192 | INFO  | SCMAudit | user=jenkins1000 | ip=192.168.157.226 | op=SEND_HEARTBEAT {datanodeUUID=1bc78e45-ac19-4b52-81ed-8b591e5dbc69, command=[]} | ret=SUCCESS |  
2019-09-19 16:58:26,588 | INFO  | SCMAudit | user=jenkins1000 | ip=192.168.157.226 | op=SEND_HEARTBEAT {datanodeUUID=d3f68efe-c22b-404c-9d92-5b3617bd70f9, command=[]} | ret=SUCCESS |  
2019-09-19 16:58:26,638 | INFO  | SCMAudit | user=jenkins1000 | ip=192.168.157.226 | op=SEND_HEARTBEAT {datanodeUUID=b4d11adf-473e-4712-a75b-8cc25b77f0f4, command=[]} | ret=SUCCESS |  
2019-09-19 16:58:26,693 | INFO  | SCMAudit | user=jenkins1000 | ip=192.168.157.226 | op=SEND_HEARTBEAT {datanodeUUID=293fb764-8d0a-4a2a-b0d4-e27863ca0d27, command=[]} | ret=SUCCESS |  
2019-09-19 16:58:26,875 | INFO  | SCMAudit | user=jenkins1000 | ip=192.168.157.226 | op=SEND_HEARTBEAT {datanodeUUID=e29bd0e7-6604-4c9e-a288-0e166e01d87e, command=[]} | ret=SUCCESS |  
2019-09-19 16:58:27,191 | INFO  | SCMAudit | user=jenkins1000 | ip=192.168.157.226 | op=SEND_HEARTBEAT {datanodeUUID=1bc78e45-ac19-4b52-81ed-8b591e5dbc69, command=[]} | ret=SUCCESS |  
2019-09-19 16:58:27,587 | INFO  | SCMAudit | user=jenkins1000 | ip=192.168.157.226 | op=SEND_HEARTBEAT {datanodeUUID=d3f68efe-c22b-404c-9d92-5b3617bd70f9, command=[]} | ret=SUCCESS |  
2019-09-19 16:58:27,638 | INFO  | SCMAudit | user=jenkins1000 | ip=192.168.157.226 | op=SEND_HEARTBEAT {datanodeUUID=b4d11adf-473e-4712-a75b-8cc25b77f0f4, command=[]} | ret=SUCCESS |  
2019-09-19 16:58:27,694 | INFO  | SCMAudit | user=jenkins1000 | ip=192.168.157.226 | op=SEND_HEARTBEAT {datanodeUUID=293fb764-8d0a-4a2a-b0d4-e27863ca0d27, command=[]} | ret=SUCCESS |  
2019-09-19 16:58:27,875 | INFO  | SCMAudit | user=jenkins1000 | ip=192.168.157.226 | op=SEND_HEARTBEAT {datanodeUUID=e29bd0e7-6604-4c9e-a288-0e166e01d87e, command=[]} | ret=SUCCESS |  
2019-09-19 16:58:28,191 | INFO  | SCMAudit | user=jenkins1000 | ip=192.168.157.226 | op=SEND_HEARTBEAT {datanodeUUID=1bc78e45-ac19-4b52-81ed-8b591e5dbc69, command=[]} | ret=SUCCESS |  
2019-09-19 16:58:28,587 | INFO  | SCMAudit | user=jenkins1000 | ip=192.168.157.226 | op=SEND_HEARTBEAT {datanodeUUID=d3f68efe-c22b-404c-9d92-5b3617bd70f9, command=[]} | ret=SUCCESS |  
2019-09-19 16:58:28,639 | INFO  | SCMAudit | user=jenkins1000 | ip=192.168.157.226 | op=SEND_HEARTBEAT {datanodeUUID=b4d11adf-473e-4712-a75b-8cc25b77f0f4, command=[]} | ret=SUCCESS |  
2019-09-19 16:58:28,694 | INFO  | SCMAudit | user=jenkins1000 | ip=192.168.157.226 | op=SEND_HEARTBEAT {datanodeUUID=293fb764-8d0a-4a2a-b0d4-e27863ca0d27, command=[]} | ret=SUCCESS |  
2019-09-19 16:58:28,875 | INFO  | SCMAudit | user=jenkins1000 | ip=192.168.157.226 | op=SEND_HEARTBEAT {datanodeUUID=e29bd0e7-6604-4c9e-a288-0e166e01d87e, command=[]} | ret=SUCCESS |  
2019-09-19 16:58:29,191 | INFO  | SCMAudit | user=jenkins1000 | ip=192.168.157.226 | op=SEND_HEARTBEAT {datanodeUUID=1bc78e45-ac19-4b52-81ed-8b591e5dbc69, command=[]} | ret=SUCCESS |  
]]></system-out>
  </testcase>
  <testcase name="validateWriteTest" classname="org.apache.hadoop.ozone.freon.TestDataValidateWithSafeByteOperations" time="10.02">
    <error message="Allocated 0 blocks. Requested 1 blocks" type="INTERNAL_ERROR org.apache.hadoop.ozone.om.exceptions.OMException">INTERNAL_ERROR org.apache.hadoop.ozone.om.exceptions.OMException: Allocated 0 blocks. Requested 1 blocks
	at org.apache.hadoop.ozone.om.protocolPB.OzoneManagerProtocolClientSideTranslatorPB.handleError(OzoneManagerProtocolClientSideTranslatorPB.java:725)
	at org.apache.hadoop.ozone.om.protocolPB.OzoneManagerProtocolClientSideTranslatorPB.openKey(OzoneManagerProtocolClientSideTranslatorPB.java:716)
	at org.apache.hadoop.ozone.client.rpc.RpcClient.createKey(RpcClient.java:615)
	at org.apache.hadoop.ozone.client.OzoneBucket.createKey(OzoneBucket.java:323)
	at org.apache.hadoop.ozone.freon.RandomKeyGenerator.createKey(RandomKeyGenerator.java:686)
	at org.apache.hadoop.ozone.freon.RandomKeyGenerator.access$1100(RandomKeyGenerator.java:87)
	at org.apache.hadoop.ozone.freon.RandomKeyGenerator$ObjectCreator.run(RandomKeyGenerator.java:606)
	at java.util.concurrent.Executors$RunnableAdapter.call(Executors.java:511)
	at java.util.concurrent.FutureTask.run(FutureTask.java:266)
	at java.util.concurrent.ThreadPoolExecutor.runWorker(ThreadPoolExecutor.java:1149)
	at java.util.concurrent.ThreadPoolExecutor$Worker.run(ThreadPoolExecutor.java:624)
	at java.lang.Thread.run(Thread.java:748)
</error>
    <system-out><![CDATA[2019-09-19 16:58:29,349 [main] INFO  freon.RandomKeyGenerator (RandomKeyGenerator.java:call(275)) - Number of Threads: 10
2019-09-19 16:58:29,349 [main] INFO  freon.RandomKeyGenerator (RandomKeyGenerator.java:call(280)) - Number of Volumes: 2.
2019-09-19 16:58:29,349 [main] INFO  freon.RandomKeyGenerator (RandomKeyGenerator.java:call(281)) - Number of Buckets per Volume: 5.
2019-09-19 16:58:29,349 [main] INFO  freon.RandomKeyGenerator (RandomKeyGenerator.java:call(282)) - Number of Keys per Bucket: 10.
2019-09-19 16:58:29,350 [main] INFO  freon.RandomKeyGenerator (RandomKeyGenerator.java:call(283)) - Key size: 10240 bytes
2019-09-19 16:58:29,350 [main] INFO  freon.RandomKeyGenerator (RandomKeyGenerator.java:call(284)) - Buffer size: 4096 bytes
2019-09-19 16:58:29,351 [pool-80-thread-1] INFO  rpc.RpcClient (RpcClient.java:createVolume(293)) - Creating Volume: vol-0-71510, with jenkins1000 as owner.
2019-09-19 16:58:29,351 [main] INFO  freon.RandomKeyGenerator (RandomKeyGenerator.java:call(298)) - Data validation is enabled.
2019-09-19 16:58:29,351 [pool-80-thread-2] INFO  rpc.RpcClient (RpcClient.java:createVolume(293)) - Creating Volume: vol-1-11430, with jenkins1000 as owner.
2019-09-19 16:58:29,352 [main] INFO  freon.RandomKeyGenerator (RandomKeyGenerator.java:call(304)) - Starting progress bar Thread.

 0.00% |█                                                                                                    |  0/100 Time: 0:00:002019-09-19 16:58:29,355 | INFO  | OMAudit | user=jenkins1000 | ip=127.0.0.1 | op=CREATE_VOLUME {admin=jenkins1000, owner=jenkins1000, volume=vol-0-71510, creationTime=1568912309355, quotaInBytes=1152921504606846976} | ret=SUCCESS |  
2019-09-19 16:58:29,356 | INFO  | OMAudit | user=jenkins1000 | ip=127.0.0.1 | op=CREATE_VOLUME {admin=jenkins1000, owner=jenkins1000, volume=vol-1-11430, creationTime=1568912309355, quotaInBytes=1152921504606846976} | ret=SUCCESS |  
2019-09-19 16:58:29,360 | INFO  | OMAudit | user=jenkins1000 | ip=127.0.0.1 | op=READ_VOLUME {volume=vol-0-71510} | ret=SUCCESS |  
2019-09-19 16:58:29,360 | INFO  | OMAudit | user=jenkins1000 | ip=127.0.0.1 | op=READ_VOLUME {volume=vol-1-11430} | ret=SUCCESS |  
2019-09-19 16:58:29,363 [pool-80-thread-1] INFO  rpc.RpcClient (RpcClient.java:createBucket(432)) - Creating Bucket: vol-0-71510/bucket-4-00860, with Versioning false and Storage Type set to DISK and Encryption set to false 
2019-09-19 16:58:29,364 [pool-80-thread-3] INFO  rpc.RpcClient (RpcClient.java:createBucket(432)) - Creating Bucket: vol-0-71510/bucket-0-30888, with Versioning false and Storage Type set to DISK and Encryption set to false 
2019-09-19 16:58:29,364 [pool-80-thread-5] INFO  rpc.RpcClient (RpcClient.java:createBucket(432)) - Creating Bucket: vol-0-71510/bucket-1-79482, with Versioning false and Storage Type set to DISK and Encryption set to false 
2019-09-19 16:58:29,363 [pool-80-thread-7] INFO  rpc.RpcClient (RpcClient.java:createBucket(432)) - Creating Bucket: vol-0-71510/bucket-2-31294, with Versioning false and Storage Type set to DISK and Encryption set to false 
2019-09-19 16:58:29,364 [pool-80-thread-2] INFO  rpc.RpcClient (RpcClient.java:createBucket(432)) - Creating Bucket: vol-1-11430/bucket-4-87949, with Versioning false and Storage Type set to DISK and Encryption set to false 
2019-09-19 16:58:29,367 | INFO  | OMAudit | user=jenkins1000 | ip=127.0.0.1 | op=CREATE_BUCKET {volume=vol-0-71510, bucket=bucket-2-31294, acls=[user:jenkins1000:a[ACCESS], group:default:a[ACCESS]], isVersionEnabled=false, storageType=DISK, creationTime=0} | ret=SUCCESS |  
2019-09-19 16:58:29,367 | INFO  | OMAudit | user=jenkins1000 | ip=127.0.0.1 | op=CREATE_BUCKET {volume=vol-1-11430, bucket=bucket-4-87949, acls=[user:jenkins1000:a[ACCESS], group:default:a[ACCESS]], isVersionEnabled=false, storageType=DISK, creationTime=0} | ret=SUCCESS |  
2019-09-19 16:58:29,368 | INFO  | OMAudit | user=jenkins1000 | ip=127.0.0.1 | op=CREATE_BUCKET {volume=vol-0-71510, bucket=bucket-0-30888, acls=[user:jenkins1000:a[ACCESS], group:default:a[ACCESS]], isVersionEnabled=false, storageType=DISK, creationTime=0} | ret=SUCCESS |  
2019-09-19 16:58:29,368 | INFO  | OMAudit | user=jenkins1000 | ip=127.0.0.1 | op=CREATE_BUCKET {volume=vol-0-71510, bucket=bucket-1-79482, acls=[user:jenkins1000:a[ACCESS], group:default:a[ACCESS]], isVersionEnabled=false, storageType=DISK, creationTime=0} | ret=SUCCESS |  
2019-09-19 16:58:29,369 | INFO  | OMAudit | user=jenkins1000 | ip=127.0.0.1 | op=CREATE_BUCKET {volume=vol-0-71510, bucket=bucket-4-00860, acls=[user:jenkins1000:a[ACCESS], group:default:a[ACCESS]], isVersionEnabled=false, storageType=DISK, creationTime=0} | ret=SUCCESS |  
2019-09-19 16:58:29,369 | INFO  | OMAudit | user=jenkins1000 | ip=127.0.0.1 | op=READ_BUCKET {volume=vol-0-71510, bucket=bucket-2-31294} | ret=SUCCESS |  
2019-09-19 16:58:29,369 | INFO  | OMAudit | user=jenkins1000 | ip=127.0.0.1 | op=READ_BUCKET {volume=vol-1-11430, bucket=bucket-4-87949} | ret=SUCCESS |  
2019-09-19 16:58:29,370 | INFO  | OMAudit | user=jenkins1000 | ip=127.0.0.1 | op=READ_BUCKET {volume=vol-0-71510, bucket=bucket-0-30888} | ret=SUCCESS |  
2019-09-19 16:58:29,370 | INFO  | OMAudit | user=jenkins1000 | ip=127.0.0.1 | op=READ_BUCKET {volume=vol-0-71510, bucket=bucket-1-79482} | ret=SUCCESS |  
2019-09-19 16:58:29,370 | INFO  | OMAudit | user=jenkins1000 | ip=127.0.0.1 | op=READ_BUCKET {volume=vol-0-71510, bucket=bucket-4-00860} | ret=SUCCESS |  
2019-09-19 16:58:29,373 [pool-80-thread-8] INFO  rpc.RpcClient (RpcClient.java:createBucket(432)) - Creating Bucket: vol-1-11430/bucket-2-17360, with Versioning false and Storage Type set to DISK and Encryption set to false 
2019-09-19 16:58:29,379 [pool-80-thread-9] INFO  rpc.RpcClient (RpcClient.java:createBucket(432)) - Creating Bucket: vol-0-71510/bucket-3-99004, with Versioning false and Storage Type set to DISK and Encryption set to false 
2019-09-19 16:58:29,379 [pool-80-thread-10] INFO  rpc.RpcClient (RpcClient.java:createBucket(432)) - Creating Bucket: vol-1-11430/bucket-3-27860, with Versioning false and Storage Type set to DISK and Encryption set to false 
2019-09-19 16:58:29,379 [pool-80-thread-4] INFO  rpc.RpcClient (RpcClient.java:createBucket(432)) - Creating Bucket: vol-1-11430/bucket-0-37820, with Versioning false and Storage Type set to DISK and Encryption set to false 
2019-09-19 16:58:29,379 [pool-80-thread-6] INFO  rpc.RpcClient (RpcClient.java:createBucket(432)) - Creating Bucket: vol-1-11430/bucket-1-78575, with Versioning false and Storage Type set to DISK and Encryption set to false 
2019-09-19 16:58:29,379 [IPC Server handler 17 on 42928] ERROR pipeline.PipelinePlacementPolicy (PipelinePlacementPolicy.java:meetCriteria(91)) - Pipeline Placement: Doesn't meet the criteria to be viable node. Heaviness: 6
2019-09-19 16:58:29,380 [IPC Server handler 17 on 42928] ERROR pipeline.PipelinePlacementPolicy (PipelinePlacementPolicy.java:meetCriteria(91)) - Pipeline Placement: Doesn't meet the criteria to be viable node. Heaviness: 6
2019-09-19 16:58:29,381 | INFO  | OMAudit | user=jenkins1000 | ip=127.0.0.1 | op=CREATE_BUCKET {volume=vol-0-71510, bucket=bucket-3-99004, acls=[user:jenkins1000:a[ACCESS], group:default:a[ACCESS]], isVersionEnabled=false, storageType=DISK, creationTime=0} | ret=SUCCESS |  
2019-09-19 16:58:29,381 | INFO  | OMAudit | user=jenkins1000 | ip=127.0.0.1 | op=CREATE_BUCKET {volume=vol-1-11430, bucket=bucket-2-17360, acls=[user:jenkins1000:a[ACCESS], group:default:a[ACCESS]], isVersionEnabled=false, storageType=DISK, creationTime=0} | ret=SUCCESS |  
2019-09-19 16:58:29,381 [IPC Server handler 17 on 42928] ERROR pipeline.PipelinePlacementPolicy (PipelinePlacementPolicy.java:meetCriteria(91)) - Pipeline Placement: Doesn't meet the criteria to be viable node. Heaviness: 6
2019-09-19 16:58:29,382 | INFO  | OMAudit | user=jenkins1000 | ip=127.0.0.1 | op=CREATE_BUCKET {volume=vol-1-11430, bucket=bucket-3-27860, acls=[user:jenkins1000:a[ACCESS], group:default:a[ACCESS]], isVersionEnabled=false, storageType=DISK, creationTime=0} | ret=SUCCESS |  
2019-09-19 16:58:29,382 [IPC Server handler 17 on 42928] ERROR pipeline.PipelinePlacementPolicy (PipelinePlacementPolicy.java:meetCriteria(91)) - Pipeline Placement: Doesn't meet the criteria to be viable node. Heaviness: 6
2019-09-19 16:58:29,382 [IPC Server handler 17 on 42928] ERROR pipeline.PipelinePlacementPolicy (PipelinePlacementPolicy.java:meetCriteria(91)) - Pipeline Placement: Doesn't meet the criteria to be viable node. Heaviness: 6
2019-09-19 16:58:29,382 [IPC Server handler 17 on 42928] ERROR pipeline.PipelinePlacementPolicy (PipelinePlacementPolicy.java:filterViableNodes(146)) - Unable to find enough nodes that meet the criteria that cannot engage in more than 5 pipelines. Nodes required: 3 Found: 0, healthy nodes count inNodeManager: 5.
2019-09-19 16:58:29,382 | INFO  | OMAudit | user=jenkins1000 | ip=127.0.0.1 | op=CREATE_BUCKET {volume=vol-1-11430, bucket=bucket-1-78575, acls=[user:jenkins1000:a[ACCESS], group:default:a[ACCESS]], isVersionEnabled=false, storageType=DISK, creationTime=0} | ret=SUCCESS |  
2019-09-19 16:58:29,382 [IPC Server handler 17 on 42928] ERROR pipeline.SCMPipelineManager (SCMPipelineManager.java:createPipeline(161)) - Pipeline creation failed due to exception: Unable to find enough nodes that meet the criteria that cannot engage in more than 5 pipelines. Nodes required: 3 Found: 0, healthy nodes count inNodeManager: 5.
2019-09-19 16:58:29,383 | INFO  | OMAudit | user=jenkins1000 | ip=127.0.0.1 | op=READ_BUCKET {volume=vol-1-11430, bucket=bucket-2-17360} | ret=SUCCESS |  
2019-09-19 16:58:29,383 | INFO  | OMAudit | user=jenkins1000 | ip=127.0.0.1 | op=CREATE_BUCKET {volume=vol-1-11430, bucket=bucket-0-37820, acls=[user:jenkins1000:a[ACCESS], group:default:a[ACCESS]], isVersionEnabled=false, storageType=DISK, creationTime=0} | ret=SUCCESS |  
2019-09-19 16:58:29,383 | INFO  | OMAudit | user=jenkins1000 | ip=127.0.0.1 | op=READ_BUCKET {volume=vol-0-71510, bucket=bucket-3-99004} | ret=SUCCESS |  
2019-09-19 16:58:29,383 | INFO  | OMAudit | user=jenkins1000 | ip=127.0.0.1 | op=READ_BUCKET {volume=vol-1-11430, bucket=bucket-3-27860} | ret=SUCCESS |  
2019-09-19 16:58:29,383 | INFO  | OMAudit | user=jenkins1000 | ip=127.0.0.1 | op=READ_BUCKET {volume=vol-1-11430, bucket=bucket-1-78575} | ret=SUCCESS |  
2019-09-19 16:58:29,383 [IPC Server handler 17 on 42928] WARN  block.BlockManagerImpl (BlockManagerImpl.java:allocateBlock(192)) - Pipeline creation failed for type:RATIS factor:THREE. Retrying get pipelines call once.
org.apache.hadoop.hdds.scm.exceptions.SCMException: Unable to find enough nodes that meet the criteria that cannot engage in more than 5 pipelines. Nodes required: 3 Found: 0, healthy nodes count inNodeManager: 5.
	at org.apache.hadoop.hdds.scm.pipeline.PipelinePlacementPolicy.filterViableNodes(PipelinePlacementPolicy.java:147)
	at org.apache.hadoop.hdds.scm.pipeline.PipelinePlacementPolicy.chooseDatanodes(PipelinePlacementPolicy.java:170)
	at org.apache.hadoop.hdds.scm.pipeline.RatisPipelineProvider.create(RatisPipelineProvider.java:92)
	at org.apache.hadoop.hdds.scm.pipeline.PipelineFactory.create(PipelineFactory.java:57)
	at org.apache.hadoop.hdds.scm.pipeline.SCMPipelineManager.createPipeline(SCMPipelineManager.java:149)
	at org.apache.hadoop.hdds.scm.block.BlockManagerImpl.allocateBlock(BlockManagerImpl.java:190)
	at org.apache.hadoop.hdds.scm.server.SCMBlockProtocolServer.allocateBlock(SCMBlockProtocolServer.java:175)
	at org.apache.hadoop.ozone.protocolPB.ScmBlockLocationProtocolServerSideTranslatorPB.allocateScmBlock(ScmBlockLocationProtocolServerSideTranslatorPB.java:153)
	at org.apache.hadoop.ozone.protocolPB.ScmBlockLocationProtocolServerSideTranslatorPB.send(ScmBlockLocationProtocolServerSideTranslatorPB.java:112)
	at org.apache.hadoop.hdds.protocol.proto.ScmBlockLocationProtocolProtos$ScmBlockLocationProtocolService$2.callBlockingMethod(ScmBlockLocationProtocolProtos.java:13157)
	at org.apache.hadoop.ipc.ProtobufRpcEngine$Server$ProtoBufRpcInvoker.call(ProtobufRpcEngine.java:524)
	at org.apache.hadoop.ipc.RPC$Server.call(RPC.java:1025)
	at org.apache.hadoop.ipc.Server$RpcCall.run(Server.java:876)
	at org.apache.hadoop.ipc.Server$RpcCall.run(Server.java:822)
	at java.security.AccessController.doPrivileged(Native Method)
	at javax.security.auth.Subject.doAs(Subject.java:422)
	at org.apache.hadoop.security.UserGroupInformation.doAs(UserGroupInformation.java:1730)
	at org.apache.hadoop.ipc.Server$Handler.run(Server.java:2682)
2019-09-19 16:58:29,383 [IPC Server handler 6 on 42928] ERROR pipeline.PipelinePlacementPolicy (PipelinePlacementPolicy.java:meetCriteria(91)) - Pipeline Placement: Doesn't meet the criteria to be viable node. Heaviness: 6
2019-09-19 16:58:29,384 [IPC Server handler 6 on 42928] ERROR pipeline.PipelinePlacementPolicy (PipelinePlacementPolicy.java:meetCriteria(91)) - Pipeline Placement: Doesn't meet the criteria to be viable node. Heaviness: 6
2019-09-19 16:58:29,384 [IPC Server handler 6 on 42928] ERROR pipeline.PipelinePlacementPolicy (PipelinePlacementPolicy.java:meetCriteria(91)) - Pipeline Placement: Doesn't meet the criteria to be viable node. Heaviness: 6
2019-09-19 16:58:29,384 [IPC Server handler 6 on 42928] ERROR pipeline.PipelinePlacementPolicy (PipelinePlacementPolicy.java:meetCriteria(91)) - Pipeline Placement: Doesn't meet the criteria to be viable node. Heaviness: 6
2019-09-19 16:58:29,384 [IPC Server handler 6 on 42928] ERROR pipeline.PipelinePlacementPolicy (PipelinePlacementPolicy.java:meetCriteria(91)) - Pipeline Placement: Doesn't meet the criteria to be viable node. Heaviness: 6
2019-09-19 16:58:29,384 [IPC Server handler 6 on 42928] ERROR pipeline.PipelinePlacementPolicy (PipelinePlacementPolicy.java:filterViableNodes(146)) - Unable to find enough nodes that meet the criteria that cannot engage in more than 5 pipelines. Nodes required: 3 Found: 0, healthy nodes count inNodeManager: 5.
2019-09-19 16:58:29,384 | INFO  | OMAudit | user=jenkins1000 | ip=127.0.0.1 | op=READ_BUCKET {volume=vol-1-11430, bucket=bucket-0-37820} | ret=SUCCESS |  
2019-09-19 16:58:29,385 [IPC Server handler 6 on 42928] ERROR pipeline.SCMPipelineManager (SCMPipelineManager.java:createPipeline(161)) - Pipeline creation failed due to exception: Unable to find enough nodes that meet the criteria that cannot engage in more than 5 pipelines. Nodes required: 3 Found: 0, healthy nodes count inNodeManager: 5.
2019-09-19 16:58:29,385 [IPC Server handler 6 on 42928] WARN  block.BlockManagerImpl (BlockManagerImpl.java:allocateBlock(192)) - Pipeline creation failed for type:RATIS factor:THREE. Retrying get pipelines call once.
org.apache.hadoop.hdds.scm.exceptions.SCMException: Unable to find enough nodes that meet the criteria that cannot engage in more than 5 pipelines. Nodes required: 3 Found: 0, healthy nodes count inNodeManager: 5.
	at org.apache.hadoop.hdds.scm.pipeline.PipelinePlacementPolicy.filterViableNodes(PipelinePlacementPolicy.java:147)
	at org.apache.hadoop.hdds.scm.pipeline.PipelinePlacementPolicy.chooseDatanodes(PipelinePlacementPolicy.java:170)
	at org.apache.hadoop.hdds.scm.pipeline.RatisPipelineProvider.create(RatisPipelineProvider.java:92)
	at org.apache.hadoop.hdds.scm.pipeline.PipelineFactory.create(PipelineFactory.java:57)
	at org.apache.hadoop.hdds.scm.pipeline.SCMPipelineManager.createPipeline(SCMPipelineManager.java:149)
	at org.apache.hadoop.hdds.scm.block.BlockManagerImpl.allocateBlock(BlockManagerImpl.java:190)
	at org.apache.hadoop.hdds.scm.server.SCMBlockProtocolServer.allocateBlock(SCMBlockProtocolServer.java:175)
	at org.apache.hadoop.ozone.protocolPB.ScmBlockLocationProtocolServerSideTranslatorPB.allocateScmBlock(ScmBlockLocationProtocolServerSideTranslatorPB.java:153)
	at org.apache.hadoop.ozone.protocolPB.ScmBlockLocationProtocolServerSideTranslatorPB.send(ScmBlockLocationProtocolServerSideTranslatorPB.java:112)
	at org.apache.hadoop.hdds.protocol.proto.ScmBlockLocationProtocolProtos$ScmBlockLocationProtocolService$2.callBlockingMethod(ScmBlockLocationProtocolProtos.java:13157)
	at org.apache.hadoop.ipc.ProtobufRpcEngine$Server$ProtoBufRpcInvoker.call(ProtobufRpcEngine.java:524)
	at org.apache.hadoop.ipc.RPC$Server.call(RPC.java:1025)
	at org.apache.hadoop.ipc.Server$RpcCall.run(Server.java:876)
	at org.apache.hadoop.ipc.Server$RpcCall.run(Server.java:822)
	at java.security.AccessController.doPrivileged(Native Method)
	at javax.security.auth.Subject.doAs(Subject.java:422)
	at org.apache.hadoop.security.UserGroupInformation.doAs(UserGroupInformation.java:1730)
	at org.apache.hadoop.ipc.Server$Handler.run(Server.java:2682)
2019-09-19 16:58:29,385 [IPC Server handler 1 on 42928] ERROR pipeline.PipelinePlacementPolicy (PipelinePlacementPolicy.java:meetCriteria(91)) - Pipeline Placement: Doesn't meet the criteria to be viable node. Heaviness: 6
2019-09-19 16:58:29,385 [IPC Server handler 17 on 42928] INFO  block.BlockManagerImpl (BlockManagerImpl.java:allocateBlock(198)) - Could not find available pipeline of type:RATIS and factor:THREE even after retrying
2019-09-19 16:58:29,385 [IPC Server handler 1 on 42928] ERROR pipeline.PipelinePlacementPolicy (PipelinePlacementPolicy.java:meetCriteria(91)) - Pipeline Placement: Doesn't meet the criteria to be viable node. Heaviness: 6
2019-09-19 16:58:29,386 [IPC Server handler 17 on 42928] ERROR block.BlockManagerImpl (BlockManagerImpl.java:allocateBlock(222)) - Unable to allocate a block for the size: 4194304, type: RATIS, factor: THREE
2019-09-19 16:58:29,386 | INFO  | SCMAudit | user=jenkins1000 | ip=192.168.157.226 | op=ALLOCATE_BLOCK {owner=2974780c-d6de-4d42-bdb1-00fcce2214f5, size=4194304, type=RATIS, factor=THREE} | ret=SUCCESS |  
2019-09-19 16:58:29,386 [IPC Server handler 1 on 42928] ERROR pipeline.PipelinePlacementPolicy (PipelinePlacementPolicy.java:meetCriteria(91)) - Pipeline Placement: Doesn't meet the criteria to be viable node. Heaviness: 6
2019-09-19 16:58:29,386 [IPC Server handler 1 on 42928] ERROR pipeline.PipelinePlacementPolicy (PipelinePlacementPolicy.java:meetCriteria(91)) - Pipeline Placement: Doesn't meet the criteria to be viable node. Heaviness: 6
2019-09-19 16:58:29,387 [IPC Server handler 1 on 42928] ERROR pipeline.PipelinePlacementPolicy (PipelinePlacementPolicy.java:meetCriteria(91)) - Pipeline Placement: Doesn't meet the criteria to be viable node. Heaviness: 6
2019-09-19 16:58:29,387 [IPC Server handler 1 on 42928] ERROR pipeline.PipelinePlacementPolicy (PipelinePlacementPolicy.java:filterViableNodes(146)) - Unable to find enough nodes that meet the criteria that cannot engage in more than 5 pipelines. Nodes required: 3 Found: 0, healthy nodes count inNodeManager: 5.
2019-09-19 16:58:29,387 [IPC Server handler 1 on 42928] ERROR pipeline.SCMPipelineManager (SCMPipelineManager.java:createPipeline(161)) - Pipeline creation failed due to exception: Unable to find enough nodes that meet the criteria that cannot engage in more than 5 pipelines. Nodes required: 3 Found: 0, healthy nodes count inNodeManager: 5.
2019-09-19 16:58:29,387 | ERROR | OMAudit | user=jenkins1000 | ip=127.0.0.1 | op=ALLOCATE_KEY {volume=vol-0-71510, bucket=bucket-1-79482, key=key-0-39710, dataSize=10240, replicationType=RATIS, replicationFactor=THREE, keyLocationInfo=null} | ret=FAILURE | org.apache.hadoop.hdds.scm.exceptions.SCMException: Allocated 0 blocks. Requested 1 blocks
	at org.apache.hadoop.hdds.scm.protocolPB.ScmBlockLocationProtocolClientSideTranslatorPB.handleError(ScmBlockLocationProtocolClientSideTranslatorPB.java:118)
	at org.apache.hadoop.hdds.scm.protocolPB.ScmBlockLocationProtocolClientSideTranslatorPB.allocateBlock(ScmBlockLocationProtocolClientSideTranslatorPB.java:156) 
2019-09-19 16:58:29,388 [IPC Server handler 1 on 42928] WARN  block.BlockManagerImpl (BlockManagerImpl.java:allocateBlock(192)) - Pipeline creation failed for type:RATIS factor:THREE. Retrying get pipelines call once.
org.apache.hadoop.hdds.scm.exceptions.SCMException: Unable to find enough nodes that meet the criteria that cannot engage in more than 5 pipelines. Nodes required: 3 Found: 0, healthy nodes count inNodeManager: 5.
	at org.apache.hadoop.hdds.scm.pipeline.PipelinePlacementPolicy.filterViableNodes(PipelinePlacementPolicy.java:147)
	at org.apache.hadoop.hdds.scm.pipeline.PipelinePlacementPolicy.chooseDatanodes(PipelinePlacementPolicy.java:170)
	at org.apache.hadoop.hdds.scm.pipeline.RatisPipelineProvider.create(RatisPipelineProvider.java:92)
	at org.apache.hadoop.hdds.scm.pipeline.PipelineFactory.create(PipelineFactory.java:57)
	at org.apache.hadoop.hdds.scm.pipeline.SCMPipelineManager.createPipeline(SCMPipelineManager.java:149)
	at org.apache.hadoop.hdds.scm.block.BlockManagerImpl.allocateBlock(BlockManagerImpl.java:190)
	at org.apache.hadoop.hdds.scm.server.SCMBlockProtocolServer.allocateBlock(SCMBlockProtocolServer.java:175)
	at org.apache.hadoop.ozone.protocolPB.ScmBlockLocationProtocolServerSideTranslatorPB.allocateScmBlock(ScmBlockLocationProtocolServerSideTranslatorPB.java:153)
	at org.apache.hadoop.ozone.protocolPB.ScmBlockLocationProtocolServerSideTranslatorPB.send(ScmBlockLocationProtocolServerSideTranslatorPB.java:112)
	at org.apache.hadoop.hdds.protocol.proto.ScmBlockLocationProtocolProtos$ScmBlockLocationProtocolService$2.callBlockingMethod(ScmBlockLocationProtocolProtos.java:13157)
	at org.apache.hadoop.ipc.ProtobufRpcEngine$Server$ProtoBufRpcInvoker.call(ProtobufRpcEngine.java:524)
	at org.apache.hadoop.ipc.RPC$Server.call(RPC.java:1025)
	at org.apache.hadoop.ipc.Server$RpcCall.run(Server.java:876)
	at org.apache.hadoop.ipc.Server$RpcCall.run(Server.java:822)
	at java.security.AccessController.doPrivileged(Native Method)
	at javax.security.auth.Subject.doAs(Subject.java:422)
	at org.apache.hadoop.security.UserGroupInformation.doAs(UserGroupInformation.java:1730)
	at org.apache.hadoop.ipc.Server$Handler.run(Server.java:2682)
2019-09-19 16:58:29,389 [pool-80-thread-5] ERROR freon.RandomKeyGenerator (RandomKeyGenerator.java:createKey(724)) - Exception while adding key: key-0-39710 in bucket: bucket-1-79482 of volume: vol-0-71510.
INTERNAL_ERROR org.apache.hadoop.ozone.om.exceptions.OMException: Allocated 0 blocks. Requested 1 blocks
	at org.apache.hadoop.ozone.om.protocolPB.OzoneManagerProtocolClientSideTranslatorPB.handleError(OzoneManagerProtocolClientSideTranslatorPB.java:725)
	at org.apache.hadoop.ozone.om.protocolPB.OzoneManagerProtocolClientSideTranslatorPB.openKey(OzoneManagerProtocolClientSideTranslatorPB.java:716)
	at org.apache.hadoop.ozone.client.rpc.RpcClient.createKey(RpcClient.java:615)
	at org.apache.hadoop.ozone.client.OzoneBucket.createKey(OzoneBucket.java:323)
	at org.apache.hadoop.ozone.freon.RandomKeyGenerator.createKey(RandomKeyGenerator.java:686)
	at org.apache.hadoop.ozone.freon.RandomKeyGenerator.access$1100(RandomKeyGenerator.java:87)
	at org.apache.hadoop.ozone.freon.RandomKeyGenerator$ObjectCreator.run(RandomKeyGenerator.java:606)
	at java.util.concurrent.Executors$RunnableAdapter.call(Executors.java:511)
	at java.util.concurrent.FutureTask.run(FutureTask.java:266)
	at java.util.concurrent.ThreadPoolExecutor.runWorker(ThreadPoolExecutor.java:1149)
	at java.util.concurrent.ThreadPoolExecutor$Worker.run(ThreadPoolExecutor.java:624)
	at java.lang.Thread.run(Thread.java:748)
2019-09-19 16:58:29,389 [IPC Server handler 7 on 42928] ERROR pipeline.PipelinePlacementPolicy (PipelinePlacementPolicy.java:meetCriteria(91)) - Pipeline Placement: Doesn't meet the criteria to be viable node. Heaviness: 6
2019-09-19 16:58:29,388 [IPC Server handler 6 on 42928] INFO  block.BlockManagerImpl (BlockManagerImpl.java:allocateBlock(198)) - Could not find available pipeline of type:RATIS and factor:THREE even after retrying
2019-09-19 16:58:29,390 [IPC Server handler 7 on 42928] ERROR pipeline.PipelinePlacementPolicy (PipelinePlacementPolicy.java:meetCriteria(91)) - Pipeline Placement: Doesn't meet the criteria to be viable node. Heaviness: 6
2019-09-19 16:58:29,390 [IPC Server handler 6 on 42928] ERROR block.BlockManagerImpl (BlockManagerImpl.java:allocateBlock(222)) - Unable to allocate a block for the size: 4194304, type: RATIS, factor: THREE
2019-09-19 16:58:29,390 [IPC Server handler 7 on 42928] ERROR pipeline.PipelinePlacementPolicy (PipelinePlacementPolicy.java:meetCriteria(91)) - Pipeline Placement: Doesn't meet the criteria to be viable node. Heaviness: 6
2019-09-19 16:58:29,390 | INFO  | SCMAudit | user=jenkins1000 | ip=192.168.157.226 | op=ALLOCATE_BLOCK {owner=2974780c-d6de-4d42-bdb1-00fcce2214f5, size=4194304, type=RATIS, factor=THREE} | ret=SUCCESS |  
2019-09-19 16:58:29,390 [IPC Server handler 7 on 42928] ERROR pipeline.PipelinePlacementPolicy (PipelinePlacementPolicy.java:meetCriteria(91)) - Pipeline Placement: Doesn't meet the criteria to be viable node. Heaviness: 6
2019-09-19 16:58:29,390 [IPC Server handler 7 on 42928] ERROR pipeline.PipelinePlacementPolicy (PipelinePlacementPolicy.java:meetCriteria(91)) - Pipeline Placement: Doesn't meet the criteria to be viable node. Heaviness: 6
2019-09-19 16:58:29,392 [IPC Server handler 7 on 42928] ERROR pipeline.PipelinePlacementPolicy (PipelinePlacementPolicy.java:filterViableNodes(146)) - Unable to find enough nodes that meet the criteria that cannot engage in more than 5 pipelines. Nodes required: 3 Found: 0, healthy nodes count inNodeManager: 5.
2019-09-19 16:58:29,392 [IPC Server handler 7 on 42928] ERROR pipeline.SCMPipelineManager (SCMPipelineManager.java:createPipeline(161)) - Pipeline creation failed due to exception: Unable to find enough nodes that meet the criteria that cannot engage in more than 5 pipelines. Nodes required: 3 Found: 0, healthy nodes count inNodeManager: 5.
2019-09-19 16:58:29,392 [IPC Server handler 7 on 42928] WARN  block.BlockManagerImpl (BlockManagerImpl.java:allocateBlock(192)) - Pipeline creation failed for type:RATIS factor:THREE. Retrying get pipelines call once.
org.apache.hadoop.hdds.scm.exceptions.SCMException: Unable to find enough nodes that meet the criteria that cannot engage in more than 5 pipelines. Nodes required: 3 Found: 0, healthy nodes count inNodeManager: 5.
	at org.apache.hadoop.hdds.scm.pipeline.PipelinePlacementPolicy.filterViableNodes(PipelinePlacementPolicy.java:147)
	at org.apache.hadoop.hdds.scm.pipeline.PipelinePlacementPolicy.chooseDatanodes(PipelinePlacementPolicy.java:170)
	at org.apache.hadoop.hdds.scm.pipeline.RatisPipelineProvider.create(RatisPipelineProvider.java:92)
	at org.apache.hadoop.hdds.scm.pipeline.PipelineFactory.create(PipelineFactory.java:57)
	at org.apache.hadoop.hdds.scm.pipeline.SCMPipelineManager.createPipeline(SCMPipelineManager.java:149)
	at org.apache.hadoop.hdds.scm.block.BlockManagerImpl.allocateBlock(BlockManagerImpl.java:190)
	at org.apache.hadoop.hdds.scm.server.SCMBlockProtocolServer.allocateBlock(SCMBlockProtocolServer.java:175)
	at org.apache.hadoop.ozone.protocolPB.ScmBlockLocationProtocolServerSideTranslatorPB.allocateScmBlock(ScmBlockLocationProtocolServerSideTranslatorPB.java:153)
	at org.apache.hadoop.ozone.protocolPB.ScmBlockLocationProtocolServerSideTranslatorPB.send(ScmBlockLocationProtocolServerSideTranslatorPB.java:112)
	at org.apache.hadoop.hdds.protocol.proto.ScmBlockLocationProtocolProtos$ScmBlockLocationProtocolService$2.callBlockingMethod(ScmBlockLocationProtocolProtos.java:13157)
	at org.apache.hadoop.ipc.ProtobufRpcEngine$Server$ProtoBufRpcInvoker.call(ProtobufRpcEngine.java:524)
	at org.apache.hadoop.ipc.RPC$Server.call(RPC.java:1025)
	at org.apache.hadoop.ipc.Server$RpcCall.run(Server.java:876)
	at org.apache.hadoop.ipc.Server$RpcCall.run(Server.java:822)
	at java.security.AccessController.doPrivileged(Native Method)
	at javax.security.auth.Subject.doAs(Subject.java:422)
	at org.apache.hadoop.security.UserGroupInformation.doAs(UserGroupInformation.java:1730)
	at org.apache.hadoop.ipc.Server$Handler.run(Server.java:2682)
2019-09-19 16:58:29,399 [IPC Server handler 9 on 42928] ERROR pipeline.PipelinePlacementPolicy (PipelinePlacementPolicy.java:meetCriteria(91)) - Pipeline Placement: Doesn't meet the criteria to be viable node. Heaviness: 6
2019-09-19 16:58:29,392 | ERROR | OMAudit | user=jenkins1000 | ip=127.0.0.1 | op=ALLOCATE_KEY {volume=vol-0-71510, bucket=bucket-2-31294, key=key-0-26489, dataSize=10240, replicationType=RATIS, replicationFactor=THREE, keyLocationInfo=null} | ret=FAILURE | org.apache.hadoop.hdds.scm.exceptions.SCMException: Allocated 0 blocks. Requested 1 blocks
	at org.apache.hadoop.hdds.scm.protocolPB.ScmBlockLocationProtocolClientSideTranslatorPB.handleError(ScmBlockLocationProtocolClientSideTranslatorPB.java:118)
	at org.apache.hadoop.hdds.scm.protocolPB.ScmBlockLocationProtocolClientSideTranslatorPB.allocateBlock(ScmBlockLocationProtocolClientSideTranslatorPB.java:156) 
2019-09-19 16:58:29,399 [IPC Server handler 9 on 42928] ERROR pipeline.PipelinePlacementPolicy (PipelinePlacementPolicy.java:meetCriteria(91)) - Pipeline Placement: Doesn't meet the criteria to be viable node. Heaviness: 6
2019-09-19 16:58:29,392 [IPC Server handler 1 on 42928] INFO  block.BlockManagerImpl (BlockManagerImpl.java:allocateBlock(198)) - Could not find available pipeline of type:RATIS and factor:THREE even after retrying
2019-09-19 16:58:29,399 [IPC Server handler 9 on 42928] ERROR pipeline.PipelinePlacementPolicy (PipelinePlacementPolicy.java:meetCriteria(91)) - Pipeline Placement: Doesn't meet the criteria to be viable node. Heaviness: 6
2019-09-19 16:58:29,399 [pool-80-thread-1] ERROR freon.RandomKeyGenerator (RandomKeyGenerator.java:createKey(724)) - Exception while adding key: key-0-26489 in bucket: bucket-2-31294 of volume: vol-0-71510.
INTERNAL_ERROR org.apache.hadoop.ozone.om.exceptions.OMException: Allocated 0 blocks. Requested 1 blocks
	at org.apache.hadoop.ozone.om.protocolPB.OzoneManagerProtocolClientSideTranslatorPB.handleError(OzoneManagerProtocolClientSideTranslatorPB.java:725)
	at org.apache.hadoop.ozone.om.protocolPB.OzoneManagerProtocolClientSideTranslatorPB.openKey(OzoneManagerProtocolClientSideTranslatorPB.java:716)
	at org.apache.hadoop.ozone.client.rpc.RpcClient.createKey(RpcClient.java:615)
	at org.apache.hadoop.ozone.client.OzoneBucket.createKey(OzoneBucket.java:323)
	at org.apache.hadoop.ozone.freon.RandomKeyGenerator.createKey(RandomKeyGenerator.java:686)
	at org.apache.hadoop.ozone.freon.RandomKeyGenerator.access$1100(RandomKeyGenerator.java:87)
	at org.apache.hadoop.ozone.freon.RandomKeyGenerator$ObjectCreator.run(RandomKeyGenerator.java:606)
	at java.util.concurrent.Executors$RunnableAdapter.call(Executors.java:511)
	at java.util.concurrent.FutureTask.run(FutureTask.java:266)
	at java.util.concurrent.ThreadPoolExecutor.runWorker(ThreadPoolExecutor.java:1149)
	at java.util.concurrent.ThreadPoolExecutor$Worker.run(ThreadPoolExecutor.java:624)
	at java.lang.Thread.run(Thread.java:748)
2019-09-19 16:58:29,399 [IPC Server handler 1 on 42928] ERROR block.BlockManagerImpl (BlockManagerImpl.java:allocateBlock(222)) - Unable to allocate a block for the size: 4194304, type: RATIS, factor: THREE
2019-09-19 16:58:29,399 [IPC Server handler 9 on 42928] ERROR pipeline.PipelinePlacementPolicy (PipelinePlacementPolicy.java:meetCriteria(91)) - Pipeline Placement: Doesn't meet the criteria to be viable node. Heaviness: 6
2019-09-19 16:58:29,400 [IPC Server handler 9 on 42928] ERROR pipeline.PipelinePlacementPolicy (PipelinePlacementPolicy.java:meetCriteria(91)) - Pipeline Placement: Doesn't meet the criteria to be viable node. Heaviness: 6
2019-09-19 16:58:29,400 | INFO  | SCMAudit | user=jenkins1000 | ip=192.168.157.226 | op=ALLOCATE_BLOCK {owner=2974780c-d6de-4d42-bdb1-00fcce2214f5, size=4194304, type=RATIS, factor=THREE} | ret=SUCCESS |  
2019-09-19 16:58:29,400 [IPC Server handler 9 on 42928] ERROR pipeline.PipelinePlacementPolicy (PipelinePlacementPolicy.java:filterViableNodes(146)) - Unable to find enough nodes that meet the criteria that cannot engage in more than 5 pipelines. Nodes required: 3 Found: 0, healthy nodes count inNodeManager: 5.
2019-09-19 16:58:29,400 [IPC Server handler 9 on 42928] ERROR pipeline.SCMPipelineManager (SCMPipelineManager.java:createPipeline(161)) - Pipeline creation failed due to exception: Unable to find enough nodes that meet the criteria that cannot engage in more than 5 pipelines. Nodes required: 3 Found: 0, healthy nodes count inNodeManager: 5.
2019-09-19 16:58:29,400 [IPC Server handler 9 on 42928] WARN  block.BlockManagerImpl (BlockManagerImpl.java:allocateBlock(192)) - Pipeline creation failed for type:RATIS factor:THREE. Retrying get pipelines call once.
org.apache.hadoop.hdds.scm.exceptions.SCMException: Unable to find enough nodes that meet the criteria that cannot engage in more than 5 pipelines. Nodes required: 3 Found: 0, healthy nodes count inNodeManager: 5.
	at org.apache.hadoop.hdds.scm.pipeline.PipelinePlacementPolicy.filterViableNodes(PipelinePlacementPolicy.java:147)
	at org.apache.hadoop.hdds.scm.pipeline.PipelinePlacementPolicy.chooseDatanodes(PipelinePlacementPolicy.java:170)
	at org.apache.hadoop.hdds.scm.pipeline.RatisPipelineProvider.create(RatisPipelineProvider.java:92)
	at org.apache.hadoop.hdds.scm.pipeline.PipelineFactory.create(PipelineFactory.java:57)
	at org.apache.hadoop.hdds.scm.pipeline.SCMPipelineManager.createPipeline(SCMPipelineManager.java:149)
	at org.apache.hadoop.hdds.scm.block.BlockManagerImpl.allocateBlock(BlockManagerImpl.java:190)
	at org.apache.hadoop.hdds.scm.server.SCMBlockProtocolServer.allocateBlock(SCMBlockProtocolServer.java:175)
	at org.apache.hadoop.ozone.protocolPB.ScmBlockLocationProtocolServerSideTranslatorPB.allocateScmBlock(ScmBlockLocationProtocolServerSideTranslatorPB.java:153)
	at org.apache.hadoop.ozone.protocolPB.ScmBlockLocationProtocolServerSideTranslatorPB.send(ScmBlockLocationProtocolServerSideTranslatorPB.java:112)
	at org.apache.hadoop.hdds.protocol.proto.ScmBlockLocationProtocolProtos$ScmBlockLocationProtocolService$2.callBlockingMethod(ScmBlockLocationProtocolProtos.java:13157)
	at org.apache.hadoop.ipc.ProtobufRpcEngine$Server$ProtoBufRpcInvoker.call(ProtobufRpcEngine.java:524)
	at org.apache.hadoop.ipc.RPC$Server.call(RPC.java:1025)
	at org.apache.hadoop.ipc.Server$RpcCall.run(Server.java:876)
	at org.apache.hadoop.ipc.Server$RpcCall.run(Server.java:822)
	at java.security.AccessController.doPrivileged(Native Method)
	at javax.security.auth.Subject.doAs(Subject.java:422)
	at org.apache.hadoop.security.UserGroupInformation.doAs(UserGroupInformation.java:1730)
	at org.apache.hadoop.ipc.Server$Handler.run(Server.java:2682)
2019-09-19 16:58:29,401 [IPC Server handler 14 on 42928] ERROR pipeline.PipelinePlacementPolicy (PipelinePlacementPolicy.java:meetCriteria(91)) - Pipeline Placement: Doesn't meet the criteria to be viable node. Heaviness: 6
2019-09-19 16:58:29,401 | ERROR | OMAudit | user=jenkins1000 | ip=127.0.0.1 | op=ALLOCATE_KEY {volume=vol-0-71510, bucket=bucket-0-30888, key=key-0-58243, dataSize=10240, replicationType=RATIS, replicationFactor=THREE, keyLocationInfo=null} | ret=FAILURE | org.apache.hadoop.hdds.scm.exceptions.SCMException: Allocated 0 blocks. Requested 1 blocks
	at org.apache.hadoop.hdds.scm.protocolPB.ScmBlockLocationProtocolClientSideTranslatorPB.handleError(ScmBlockLocationProtocolClientSideTranslatorPB.java:118)
	at org.apache.hadoop.hdds.scm.protocolPB.ScmBlockLocationProtocolClientSideTranslatorPB.allocateBlock(ScmBlockLocationProtocolClientSideTranslatorPB.java:156) 
2019-09-19 16:58:29,400 [IPC Server handler 7 on 42928] INFO  block.BlockManagerImpl (BlockManagerImpl.java:allocateBlock(198)) - Could not find available pipeline of type:RATIS and factor:THREE even after retrying
2019-09-19 16:58:29,401 [IPC Server handler 14 on 42928] ERROR pipeline.PipelinePlacementPolicy (PipelinePlacementPolicy.java:meetCriteria(91)) - Pipeline Placement: Doesn't meet the criteria to be viable node. Heaviness: 6
2019-09-19 16:58:29,401 [IPC Server handler 7 on 42928] ERROR block.BlockManagerImpl (BlockManagerImpl.java:allocateBlock(222)) - Unable to allocate a block for the size: 4194304, type: RATIS, factor: THREE
2019-09-19 16:58:29,401 | INFO  | SCMAudit | user=jenkins1000 | ip=192.168.157.226 | op=ALLOCATE_BLOCK {owner=2974780c-d6de-4d42-bdb1-00fcce2214f5, size=4194304, type=RATIS, factor=THREE} | ret=SUCCESS |  
2019-09-19 16:58:29,401 [IPC Server handler 14 on 42928] ERROR pipeline.PipelinePlacementPolicy (PipelinePlacementPolicy.java:meetCriteria(91)) - Pipeline Placement: Doesn't meet the criteria to be viable node. Heaviness: 6
2019-09-19 16:58:29,401 [pool-80-thread-7] ERROR freon.RandomKeyGenerator (RandomKeyGenerator.java:createKey(724)) - Exception while adding key: key-0-58243 in bucket: bucket-0-30888 of volume: vol-0-71510.
INTERNAL_ERROR org.apache.hadoop.ozone.om.exceptions.OMException: Allocated 0 blocks. Requested 1 blocks
	at org.apache.hadoop.ozone.om.protocolPB.OzoneManagerProtocolClientSideTranslatorPB.handleError(OzoneManagerProtocolClientSideTranslatorPB.java:725)
	at org.apache.hadoop.ozone.om.protocolPB.OzoneManagerProtocolClientSideTranslatorPB.openKey(OzoneManagerProtocolClientSideTranslatorPB.java:716)
	at org.apache.hadoop.ozone.client.rpc.RpcClient.createKey(RpcClient.java:615)
	at org.apache.hadoop.ozone.client.OzoneBucket.createKey(OzoneBucket.java:323)
	at org.apache.hadoop.ozone.freon.RandomKeyGenerator.createKey(RandomKeyGenerator.java:686)
	at org.apache.hadoop.ozone.freon.RandomKeyGenerator.access$1100(RandomKeyGenerator.java:87)
	at org.apache.hadoop.ozone.freon.RandomKeyGenerator$ObjectCreator.run(RandomKeyGenerator.java:606)
	at java.util.concurrent.Executors$RunnableAdapter.call(Executors.java:511)
	at java.util.concurrent.FutureTask.run(FutureTask.java:266)
	at java.util.concurrent.ThreadPoolExecutor.runWorker(ThreadPoolExecutor.java:1149)
	at java.util.concurrent.ThreadPoolExecutor$Worker.run(ThreadPoolExecutor.java:624)
	at java.lang.Thread.run(Thread.java:748)
2019-09-19 16:58:29,402 [IPC Server handler 14 on 42928] ERROR pipeline.PipelinePlacementPolicy (PipelinePlacementPolicy.java:meetCriteria(91)) - Pipeline Placement: Doesn't meet the criteria to be viable node. Heaviness: 6
2019-09-19 16:58:29,402 [IPC Server handler 14 on 42928] ERROR pipeline.PipelinePlacementPolicy (PipelinePlacementPolicy.java:meetCriteria(91)) - Pipeline Placement: Doesn't meet the criteria to be viable node. Heaviness: 6
2019-09-19 16:58:29,402 | ERROR | OMAudit | user=jenkins1000 | ip=127.0.0.1 | op=ALLOCATE_KEY {volume=vol-1-11430, bucket=bucket-2-17360, key=key-0-82208, dataSize=10240, replicationType=RATIS, replicationFactor=THREE, keyLocationInfo=null} | ret=FAILURE | org.apache.hadoop.hdds.scm.exceptions.SCMException: Allocated 0 blocks. Requested 1 blocks
	at org.apache.hadoop.hdds.scm.protocolPB.ScmBlockLocationProtocolClientSideTranslatorPB.handleError(ScmBlockLocationProtocolClientSideTranslatorPB.java:118)
	at org.apache.hadoop.hdds.scm.protocolPB.ScmBlockLocationProtocolClientSideTranslatorPB.allocateBlock(ScmBlockLocationProtocolClientSideTranslatorPB.java:156) 
2019-09-19 16:58:29,402 [IPC Server handler 14 on 42928] ERROR pipeline.PipelinePlacementPolicy (PipelinePlacementPolicy.java:filterViableNodes(146)) - Unable to find enough nodes that meet the criteria that cannot engage in more than 5 pipelines. Nodes required: 3 Found: 0, healthy nodes count inNodeManager: 5.
2019-09-19 16:58:29,403 [IPC Server handler 14 on 42928] ERROR pipeline.SCMPipelineManager (SCMPipelineManager.java:createPipeline(161)) - Pipeline creation failed due to exception: Unable to find enough nodes that meet the criteria that cannot engage in more than 5 pipelines. Nodes required: 3 Found: 0, healthy nodes count inNodeManager: 5.
2019-09-19 16:58:29,403 [IPC Server handler 14 on 42928] WARN  block.BlockManagerImpl (BlockManagerImpl.java:allocateBlock(192)) - Pipeline creation failed for type:RATIS factor:THREE. Retrying get pipelines call once.
org.apache.hadoop.hdds.scm.exceptions.SCMException: Unable to find enough nodes that meet the criteria that cannot engage in more than 5 pipelines. Nodes required: 3 Found: 0, healthy nodes count inNodeManager: 5.
	at org.apache.hadoop.hdds.scm.pipeline.PipelinePlacementPolicy.filterViableNodes(PipelinePlacementPolicy.java:147)
	at org.apache.hadoop.hdds.scm.pipeline.PipelinePlacementPolicy.chooseDatanodes(PipelinePlacementPolicy.java:170)
	at org.apache.hadoop.hdds.scm.pipeline.RatisPipelineProvider.create(RatisPipelineProvider.java:92)
	at org.apache.hadoop.hdds.scm.pipeline.PipelineFactory.create(PipelineFactory.java:57)
	at org.apache.hadoop.hdds.scm.pipeline.SCMPipelineManager.createPipeline(SCMPipelineManager.java:149)
	at org.apache.hadoop.hdds.scm.block.BlockManagerImpl.allocateBlock(BlockManagerImpl.java:190)
	at org.apache.hadoop.hdds.scm.server.SCMBlockProtocolServer.allocateBlock(SCMBlockProtocolServer.java:175)
	at org.apache.hadoop.ozone.protocolPB.ScmBlockLocationProtocolServerSideTranslatorPB.allocateScmBlock(ScmBlockLocationProtocolServerSideTranslatorPB.java:153)
	at org.apache.hadoop.ozone.protocolPB.ScmBlockLocationProtocolServerSideTranslatorPB.send(ScmBlockLocationProtocolServerSideTranslatorPB.java:112)
	at org.apache.hadoop.hdds.protocol.proto.ScmBlockLocationProtocolProtos$ScmBlockLocationProtocolService$2.callBlockingMethod(ScmBlockLocationProtocolProtos.java:13157)
	at org.apache.hadoop.ipc.ProtobufRpcEngine$Server$ProtoBufRpcInvoker.call(ProtobufRpcEngine.java:524)
	at org.apache.hadoop.ipc.RPC$Server.call(RPC.java:1025)
	at org.apache.hadoop.ipc.Server$RpcCall.run(Server.java:876)
	at org.apache.hadoop.ipc.Server$RpcCall.run(Server.java:822)
	at java.security.AccessController.doPrivileged(Native Method)
	at javax.security.auth.Subject.doAs(Subject.java:422)
	at org.apache.hadoop.security.UserGroupInformation.doAs(UserGroupInformation.java:1730)
	at org.apache.hadoop.ipc.Server$Handler.run(Server.java:2682)
2019-09-19 16:58:29,403 [IPC Server handler 2 on 42928] ERROR pipeline.PipelinePlacementPolicy (PipelinePlacementPolicy.java:meetCriteria(91)) - Pipeline Placement: Doesn't meet the criteria to be viable node. Heaviness: 6
2019-09-19 16:58:29,403 [pool-80-thread-8] ERROR freon.RandomKeyGenerator (RandomKeyGenerator.java:createKey(724)) - Exception while adding key: key-0-82208 in bucket: bucket-2-17360 of volume: vol-1-11430.
INTERNAL_ERROR org.apache.hadoop.ozone.om.exceptions.OMException: Allocated 0 blocks. Requested 1 blocks
	at org.apache.hadoop.ozone.om.protocolPB.OzoneManagerProtocolClientSideTranslatorPB.handleError(OzoneManagerProtocolClientSideTranslatorPB.java:725)
	at org.apache.hadoop.ozone.om.protocolPB.OzoneManagerProtocolClientSideTranslatorPB.openKey(OzoneManagerProtocolClientSideTranslatorPB.java:716)
	at org.apache.hadoop.ozone.client.rpc.RpcClient.createKey(RpcClient.java:615)
	at org.apache.hadoop.ozone.client.OzoneBucket.createKey(OzoneBucket.java:323)
	at org.apache.hadoop.ozone.freon.RandomKeyGenerator.createKey(RandomKeyGenerator.java:686)
	at org.apache.hadoop.ozone.freon.RandomKeyGenerator.access$1100(RandomKeyGenerator.java:87)
	at org.apache.hadoop.ozone.freon.RandomKeyGenerator$ObjectCreator.run(RandomKeyGenerator.java:606)
	at java.util.concurrent.Executors$RunnableAdapter.call(Executors.java:511)
	at java.util.concurrent.FutureTask.run(FutureTask.java:266)
	at java.util.concurrent.ThreadPoolExecutor.runWorker(ThreadPoolExecutor.java:1149)
	at java.util.concurrent.ThreadPoolExecutor$Worker.run(ThreadPoolExecutor.java:624)
	at java.lang.Thread.run(Thread.java:748)
2019-09-19 16:58:29,403 [IPC Server handler 9 on 42928] INFO  block.BlockManagerImpl (BlockManagerImpl.java:allocateBlock(198)) - Could not find available pipeline of type:RATIS and factor:THREE even after retrying
2019-09-19 16:58:29,404 [IPC Server handler 9 on 42928] ERROR block.BlockManagerImpl (BlockManagerImpl.java:allocateBlock(222)) - Unable to allocate a block for the size: 4194304, type: RATIS, factor: THREE
2019-09-19 16:58:29,404 | INFO  | SCMAudit | user=jenkins1000 | ip=192.168.157.226 | op=ALLOCATE_BLOCK {owner=2974780c-d6de-4d42-bdb1-00fcce2214f5, size=4194304, type=RATIS, factor=THREE} | ret=SUCCESS |  
2019-09-19 16:58:29,404 [IPC Server handler 2 on 42928] ERROR pipeline.PipelinePlacementPolicy (PipelinePlacementPolicy.java:meetCriteria(91)) - Pipeline Placement: Doesn't meet the criteria to be viable node. Heaviness: 6
2019-09-19 16:58:29,404 [IPC Server handler 2 on 42928] ERROR pipeline.PipelinePlacementPolicy (PipelinePlacementPolicy.java:meetCriteria(91)) - Pipeline Placement: Doesn't meet the criteria to be viable node. Heaviness: 6
2019-09-19 16:58:29,405 [IPC Server handler 2 on 42928] ERROR pipeline.PipelinePlacementPolicy (PipelinePlacementPolicy.java:meetCriteria(91)) - Pipeline Placement: Doesn't meet the criteria to be viable node. Heaviness: 6
2019-09-19 16:58:29,405 [IPC Server handler 2 on 42928] ERROR pipeline.PipelinePlacementPolicy (PipelinePlacementPolicy.java:meetCriteria(91)) - Pipeline Placement: Doesn't meet the criteria to be viable node. Heaviness: 6
2019-09-19 16:58:29,405 | ERROR | OMAudit | user=jenkins1000 | ip=127.0.0.1 | op=ALLOCATE_KEY {volume=vol-1-11430, bucket=bucket-3-27860, key=key-0-48676, dataSize=10240, replicationType=RATIS, replicationFactor=THREE, keyLocationInfo=null} | ret=FAILURE | org.apache.hadoop.hdds.scm.exceptions.SCMException: Allocated 0 blocks. Requested 1 blocks
	at org.apache.hadoop.hdds.scm.protocolPB.ScmBlockLocationProtocolClientSideTranslatorPB.handleError(ScmBlockLocationProtocolClientSideTranslatorPB.java:118)
	at org.apache.hadoop.hdds.scm.protocolPB.ScmBlockLocationProtocolClientSideTranslatorPB.allocateBlock(ScmBlockLocationProtocolClientSideTranslatorPB.java:156) 
2019-09-19 16:58:29,405 [IPC Server handler 2 on 42928] ERROR pipeline.PipelinePlacementPolicy (PipelinePlacementPolicy.java:filterViableNodes(146)) - Unable to find enough nodes that meet the criteria that cannot engage in more than 5 pipelines. Nodes required: 3 Found: 0, healthy nodes count inNodeManager: 5.
2019-09-19 16:58:29,405 [IPC Server handler 2 on 42928] ERROR pipeline.SCMPipelineManager (SCMPipelineManager.java:createPipeline(161)) - Pipeline creation failed due to exception: Unable to find enough nodes that meet the criteria that cannot engage in more than 5 pipelines. Nodes required: 3 Found: 0, healthy nodes count inNodeManager: 5.
2019-09-19 16:58:29,405 [IPC Server handler 2 on 42928] WARN  block.BlockManagerImpl (BlockManagerImpl.java:allocateBlock(192)) - Pipeline creation failed for type:RATIS factor:THREE. Retrying get pipelines call once.
org.apache.hadoop.hdds.scm.exceptions.SCMException: Unable to find enough nodes that meet the criteria that cannot engage in more than 5 pipelines. Nodes required: 3 Found: 0, healthy nodes count inNodeManager: 5.
	at org.apache.hadoop.hdds.scm.pipeline.PipelinePlacementPolicy.filterViableNodes(PipelinePlacementPolicy.java:147)
	at org.apache.hadoop.hdds.scm.pipeline.PipelinePlacementPolicy.chooseDatanodes(PipelinePlacementPolicy.java:170)
	at org.apache.hadoop.hdds.scm.pipeline.RatisPipelineProvider.create(RatisPipelineProvider.java:92)
	at org.apache.hadoop.hdds.scm.pipeline.PipelineFactory.create(PipelineFactory.java:57)
	at org.apache.hadoop.hdds.scm.pipeline.SCMPipelineManager.createPipeline(SCMPipelineManager.java:149)
	at org.apache.hadoop.hdds.scm.block.BlockManagerImpl.allocateBlock(BlockManagerImpl.java:190)
	at org.apache.hadoop.hdds.scm.server.SCMBlockProtocolServer.allocateBlock(SCMBlockProtocolServer.java:175)
	at org.apache.hadoop.ozone.protocolPB.ScmBlockLocationProtocolServerSideTranslatorPB.allocateScmBlock(ScmBlockLocationProtocolServerSideTranslatorPB.java:153)
	at org.apache.hadoop.ozone.protocolPB.ScmBlockLocationProtocolServerSideTranslatorPB.send(ScmBlockLocationProtocolServerSideTranslatorPB.java:112)
	at org.apache.hadoop.hdds.protocol.proto.ScmBlockLocationProtocolProtos$ScmBlockLocationProtocolService$2.callBlockingMethod(ScmBlockLocationProtocolProtos.java:13157)
	at org.apache.hadoop.ipc.ProtobufRpcEngine$Server$ProtoBufRpcInvoker.call(ProtobufRpcEngine.java:524)
	at org.apache.hadoop.ipc.RPC$Server.call(RPC.java:1025)
	at org.apache.hadoop.ipc.Server$RpcCall.run(Server.java:876)
	at org.apache.hadoop.ipc.Server$RpcCall.run(Server.java:822)
	at java.security.AccessController.doPrivileged(Native Method)
	at javax.security.auth.Subject.doAs(Subject.java:422)
	at org.apache.hadoop.security.UserGroupInformation.doAs(UserGroupInformation.java:1730)
	at org.apache.hadoop.ipc.Server$Handler.run(Server.java:2682)
2019-09-19 16:58:29,406 [pool-80-thread-10] ERROR freon.RandomKeyGenerator (RandomKeyGenerator.java:createKey(724)) - Exception while adding key: key-0-48676 in bucket: bucket-3-27860 of volume: vol-1-11430.
INTERNAL_ERROR org.apache.hadoop.ozone.om.exceptions.OMException: Allocated 0 blocks. Requested 1 blocks
	at org.apache.hadoop.ozone.om.protocolPB.OzoneManagerProtocolClientSideTranslatorPB.handleError(OzoneManagerProtocolClientSideTranslatorPB.java:725)
	at org.apache.hadoop.ozone.om.protocolPB.OzoneManagerProtocolClientSideTranslatorPB.openKey(OzoneManagerProtocolClientSideTranslatorPB.java:716)
	at org.apache.hadoop.ozone.client.rpc.RpcClient.createKey(RpcClient.java:615)
	at org.apache.hadoop.ozone.client.OzoneBucket.createKey(OzoneBucket.java:323)
	at org.apache.hadoop.ozone.freon.RandomKeyGenerator.createKey(RandomKeyGenerator.java:686)
	at org.apache.hadoop.ozone.freon.RandomKeyGenerator.access$1100(RandomKeyGenerator.java:87)
	at org.apache.hadoop.ozone.freon.RandomKeyGenerator$ObjectCreator.run(RandomKeyGenerator.java:606)
	at java.util.concurrent.Executors$RunnableAdapter.call(Executors.java:511)
	at java.util.concurrent.FutureTask.run(FutureTask.java:266)
	at java.util.concurrent.ThreadPoolExecutor.runWorker(ThreadPoolExecutor.java:1149)
	at java.util.concurrent.ThreadPoolExecutor$Worker.run(ThreadPoolExecutor.java:624)
	at java.lang.Thread.run(Thread.java:748)
2019-09-19 16:58:29,406 [IPC Server handler 5 on 42928] ERROR pipeline.PipelinePlacementPolicy (PipelinePlacementPolicy.java:meetCriteria(91)) - Pipeline Placement: Doesn't meet the criteria to be viable node. Heaviness: 6
2019-09-19 16:58:29,407 [IPC Server handler 5 on 42928] ERROR pipeline.PipelinePlacementPolicy (PipelinePlacementPolicy.java:meetCriteria(91)) - Pipeline Placement: Doesn't meet the criteria to be viable node. Heaviness: 6
2019-09-19 16:58:29,407 [IPC Server handler 5 on 42928] ERROR pipeline.PipelinePlacementPolicy (PipelinePlacementPolicy.java:meetCriteria(91)) - Pipeline Placement: Doesn't meet the criteria to be viable node. Heaviness: 6
2019-09-19 16:58:29,407 [IPC Server handler 5 on 42928] ERROR pipeline.PipelinePlacementPolicy (PipelinePlacementPolicy.java:meetCriteria(91)) - Pipeline Placement: Doesn't meet the criteria to be viable node. Heaviness: 6
2019-09-19 16:58:29,407 [IPC Server handler 5 on 42928] ERROR pipeline.PipelinePlacementPolicy (PipelinePlacementPolicy.java:meetCriteria(91)) - Pipeline Placement: Doesn't meet the criteria to be viable node. Heaviness: 6
2019-09-19 16:58:29,407 [IPC Server handler 5 on 42928] ERROR pipeline.PipelinePlacementPolicy (PipelinePlacementPolicy.java:filterViableNodes(146)) - Unable to find enough nodes that meet the criteria that cannot engage in more than 5 pipelines. Nodes required: 3 Found: 0, healthy nodes count inNodeManager: 5.
2019-09-19 16:58:29,407 [IPC Server handler 5 on 42928] ERROR pipeline.SCMPipelineManager (SCMPipelineManager.java:createPipeline(161)) - Pipeline creation failed due to exception: Unable to find enough nodes that meet the criteria that cannot engage in more than 5 pipelines. Nodes required: 3 Found: 0, healthy nodes count inNodeManager: 5.
2019-09-19 16:58:29,408 [IPC Server handler 5 on 42928] WARN  block.BlockManagerImpl (BlockManagerImpl.java:allocateBlock(192)) - Pipeline creation failed for type:RATIS factor:THREE. Retrying get pipelines call once.
org.apache.hadoop.hdds.scm.exceptions.SCMException: Unable to find enough nodes that meet the criteria that cannot engage in more than 5 pipelines. Nodes required: 3 Found: 0, healthy nodes count inNodeManager: 5.
	at org.apache.hadoop.hdds.scm.pipeline.PipelinePlacementPolicy.filterViableNodes(PipelinePlacementPolicy.java:147)
	at org.apache.hadoop.hdds.scm.pipeline.PipelinePlacementPolicy.chooseDatanodes(PipelinePlacementPolicy.java:170)
	at org.apache.hadoop.hdds.scm.pipeline.RatisPipelineProvider.create(RatisPipelineProvider.java:92)
	at org.apache.hadoop.hdds.scm.pipeline.PipelineFactory.create(PipelineFactory.java:57)
	at org.apache.hadoop.hdds.scm.pipeline.SCMPipelineManager.createPipeline(SCMPipelineManager.java:149)
	at org.apache.hadoop.hdds.scm.block.BlockManagerImpl.allocateBlock(BlockManagerImpl.java:190)
	at org.apache.hadoop.hdds.scm.server.SCMBlockProtocolServer.allocateBlock(SCMBlockProtocolServer.java:175)
	at org.apache.hadoop.ozone.protocolPB.ScmBlockLocationProtocolServerSideTranslatorPB.allocateScmBlock(ScmBlockLocationProtocolServerSideTranslatorPB.java:153)
	at org.apache.hadoop.ozone.protocolPB.ScmBlockLocationProtocolServerSideTranslatorPB.send(ScmBlockLocationProtocolServerSideTranslatorPB.java:112)
	at org.apache.hadoop.hdds.protocol.proto.ScmBlockLocationProtocolProtos$ScmBlockLocationProtocolService$2.callBlockingMethod(ScmBlockLocationProtocolProtos.java:13157)
	at org.apache.hadoop.ipc.ProtobufRpcEngine$Server$ProtoBufRpcInvoker.call(ProtobufRpcEngine.java:524)
	at org.apache.hadoop.ipc.RPC$Server.call(RPC.java:1025)
	at org.apache.hadoop.ipc.Server$RpcCall.run(Server.java:876)
	at org.apache.hadoop.ipc.Server$RpcCall.run(Server.java:822)
	at java.security.AccessController.doPrivileged(Native Method)
	at javax.security.auth.Subject.doAs(Subject.java:422)
	at org.apache.hadoop.security.UserGroupInformation.doAs(UserGroupInformation.java:1730)
	at org.apache.hadoop.ipc.Server$Handler.run(Server.java:2682)
2019-09-19 16:58:29,408 [IPC Server handler 11 on 42928] ERROR pipeline.PipelinePlacementPolicy (PipelinePlacementPolicy.java:meetCriteria(91)) - Pipeline Placement: Doesn't meet the criteria to be viable node. Heaviness: 6
2019-09-19 16:58:29,408 [IPC Server handler 11 on 42928] ERROR pipeline.PipelinePlacementPolicy (PipelinePlacementPolicy.java:meetCriteria(91)) - Pipeline Placement: Doesn't meet the criteria to be viable node. Heaviness: 6
2019-09-19 16:58:29,408 [IPC Server handler 11 on 42928] ERROR pipeline.PipelinePlacementPolicy (PipelinePlacementPolicy.java:meetCriteria(91)) - Pipeline Placement: Doesn't meet the criteria to be viable node. Heaviness: 6
2019-09-19 16:58:29,408 [IPC Server handler 11 on 42928] ERROR pipeline.PipelinePlacementPolicy (PipelinePlacementPolicy.java:meetCriteria(91)) - Pipeline Placement: Doesn't meet the criteria to be viable node. Heaviness: 6
2019-09-19 16:58:29,408 [IPC Server handler 11 on 42928] ERROR pipeline.PipelinePlacementPolicy (PipelinePlacementPolicy.java:meetCriteria(91)) - Pipeline Placement: Doesn't meet the criteria to be viable node. Heaviness: 6
2019-09-19 16:58:29,409 [IPC Server handler 11 on 42928] ERROR pipeline.PipelinePlacementPolicy (PipelinePlacementPolicy.java:filterViableNodes(146)) - Unable to find enough nodes that meet the criteria that cannot engage in more than 5 pipelines. Nodes required: 3 Found: 0, healthy nodes count inNodeManager: 5.
2019-09-19 16:58:29,409 [IPC Server handler 11 on 42928] ERROR pipeline.SCMPipelineManager (SCMPipelineManager.java:createPipeline(161)) - Pipeline creation failed due to exception: Unable to find enough nodes that meet the criteria that cannot engage in more than 5 pipelines. Nodes required: 3 Found: 0, healthy nodes count inNodeManager: 5.
2019-09-19 16:58:29,409 [IPC Server handler 11 on 42928] WARN  block.BlockManagerImpl (BlockManagerImpl.java:allocateBlock(192)) - Pipeline creation failed for type:RATIS factor:THREE. Retrying get pipelines call once.
org.apache.hadoop.hdds.scm.exceptions.SCMException: Unable to find enough nodes that meet the criteria that cannot engage in more than 5 pipelines. Nodes required: 3 Found: 0, healthy nodes count inNodeManager: 5.
	at org.apache.hadoop.hdds.scm.pipeline.PipelinePlacementPolicy.filterViableNodes(PipelinePlacementPolicy.java:147)
	at org.apache.hadoop.hdds.scm.pipeline.PipelinePlacementPolicy.chooseDatanodes(PipelinePlacementPolicy.java:170)
	at org.apache.hadoop.hdds.scm.pipeline.RatisPipelineProvider.create(RatisPipelineProvider.java:92)
	at org.apache.hadoop.hdds.scm.pipeline.PipelineFactory.create(PipelineFactory.java:57)
	at org.apache.hadoop.hdds.scm.pipeline.SCMPipelineManager.createPipeline(SCMPipelineManager.java:149)
	at org.apache.hadoop.hdds.scm.block.BlockManagerImpl.allocateBlock(BlockManagerImpl.java:190)
	at org.apache.hadoop.hdds.scm.server.SCMBlockProtocolServer.allocateBlock(SCMBlockProtocolServer.java:175)
	at org.apache.hadoop.ozone.protocolPB.ScmBlockLocationProtocolServerSideTranslatorPB.allocateScmBlock(ScmBlockLocationProtocolServerSideTranslatorPB.java:153)
	at org.apache.hadoop.ozone.protocolPB.ScmBlockLocationProtocolServerSideTranslatorPB.send(ScmBlockLocationProtocolServerSideTranslatorPB.java:112)
	at org.apache.hadoop.hdds.protocol.proto.ScmBlockLocationProtocolProtos$ScmBlockLocationProtocolService$2.callBlockingMethod(ScmBlockLocationProtocolProtos.java:13157)
	at org.apache.hadoop.ipc.ProtobufRpcEngine$Server$ProtoBufRpcInvoker.call(ProtobufRpcEngine.java:524)
	at org.apache.hadoop.ipc.RPC$Server.call(RPC.java:1025)
	at org.apache.hadoop.ipc.Server$RpcCall.run(Server.java:876)
	at org.apache.hadoop.ipc.Server$RpcCall.run(Server.java:822)
	at java.security.AccessController.doPrivileged(Native Method)
	at javax.security.auth.Subject.doAs(Subject.java:422)
	at org.apache.hadoop.security.UserGroupInformation.doAs(UserGroupInformation.java:1730)
	at org.apache.hadoop.ipc.Server$Handler.run(Server.java:2682)
2019-09-19 16:58:29,409 [IPC Server handler 4 on 42928] ERROR pipeline.PipelinePlacementPolicy (PipelinePlacementPolicy.java:meetCriteria(91)) - Pipeline Placement: Doesn't meet the criteria to be viable node. Heaviness: 6
2019-09-19 16:58:29,409 [IPC Server handler 4 on 42928] ERROR pipeline.PipelinePlacementPolicy (PipelinePlacementPolicy.java:meetCriteria(91)) - Pipeline Placement: Doesn't meet the criteria to be viable node. Heaviness: 6
2019-09-19 16:58:29,409 [IPC Server handler 5 on 42928] INFO  block.BlockManagerImpl (BlockManagerImpl.java:allocateBlock(198)) - Could not find available pipeline of type:RATIS and factor:THREE even after retrying
2019-09-19 16:58:29,410 [IPC Server handler 5 on 42928] ERROR block.BlockManagerImpl (BlockManagerImpl.java:allocateBlock(222)) - Unable to allocate a block for the size: 4194304, type: RATIS, factor: THREE
2019-09-19 16:58:29,410 | INFO  | SCMAudit | user=jenkins1000 | ip=192.168.157.226 | op=ALLOCATE_BLOCK {owner=2974780c-d6de-4d42-bdb1-00fcce2214f5, size=4194304, type=RATIS, factor=THREE} | ret=SUCCESS |  
2019-09-19 16:58:29,409 [IPC Server handler 2 on 42928] INFO  block.BlockManagerImpl (BlockManagerImpl.java:allocateBlock(198)) - Could not find available pipeline of type:RATIS and factor:THREE even after retrying
2019-09-19 16:58:29,409 [IPC Server handler 14 on 42928] INFO  block.BlockManagerImpl (BlockManagerImpl.java:allocateBlock(198)) - Could not find available pipeline of type:RATIS and factor:THREE even after retrying
2019-09-19 16:58:29,410 [IPC Server handler 2 on 42928] ERROR block.BlockManagerImpl (BlockManagerImpl.java:allocateBlock(222)) - Unable to allocate a block for the size: 4194304, type: RATIS, factor: THREE
2019-09-19 16:58:29,411 | INFO  | SCMAudit | user=jenkins1000 | ip=192.168.157.226 | op=ALLOCATE_BLOCK {owner=2974780c-d6de-4d42-bdb1-00fcce2214f5, size=4194304, type=RATIS, factor=THREE} | ret=SUCCESS |  
2019-09-19 16:58:29,410 | ERROR | OMAudit | user=jenkins1000 | ip=127.0.0.1 | op=ALLOCATE_KEY {volume=vol-1-11430, bucket=bucket-0-37820, key=key-0-49240, dataSize=10240, replicationType=RATIS, replicationFactor=THREE, keyLocationInfo=null} | ret=FAILURE | org.apache.hadoop.hdds.scm.exceptions.SCMException: Allocated 0 blocks. Requested 1 blocks
	at org.apache.hadoop.hdds.scm.protocolPB.ScmBlockLocationProtocolClientSideTranslatorPB.handleError(ScmBlockLocationProtocolClientSideTranslatorPB.java:118)
	at org.apache.hadoop.hdds.scm.protocolPB.ScmBlockLocationProtocolClientSideTranslatorPB.allocateBlock(ScmBlockLocationProtocolClientSideTranslatorPB.java:156) 
2019-09-19 16:58:29,410 [IPC Server handler 4 on 42928] ERROR pipeline.PipelinePlacementPolicy (PipelinePlacementPolicy.java:meetCriteria(91)) - Pipeline Placement: Doesn't meet the criteria to be viable node. Heaviness: 6
2019-09-19 16:58:29,411 [IPC Server handler 4 on 42928] ERROR pipeline.PipelinePlacementPolicy (PipelinePlacementPolicy.java:meetCriteria(91)) - Pipeline Placement: Doesn't meet the criteria to be viable node. Heaviness: 6
2019-09-19 16:58:29,410 [IPC Server handler 14 on 42928] ERROR block.BlockManagerImpl (BlockManagerImpl.java:allocateBlock(222)) - Unable to allocate a block for the size: 4194304, type: RATIS, factor: THREE
2019-09-19 16:58:29,411 | INFO  | SCMAudit | user=jenkins1000 | ip=192.168.157.226 | op=ALLOCATE_BLOCK {owner=2974780c-d6de-4d42-bdb1-00fcce2214f5, size=4194304, type=RATIS, factor=THREE} | ret=SUCCESS |  
2019-09-19 16:58:29,411 [pool-80-thread-2] ERROR freon.RandomKeyGenerator (RandomKeyGenerator.java:createKey(724)) - Exception while adding key: key-0-49240 in bucket: bucket-0-37820 of volume: vol-1-11430.
INTERNAL_ERROR org.apache.hadoop.ozone.om.exceptions.OMException: Allocated 0 blocks. Requested 1 blocks
	at org.apache.hadoop.ozone.om.protocolPB.OzoneManagerProtocolClientSideTranslatorPB.handleError(OzoneManagerProtocolClientSideTranslatorPB.java:725)
	at org.apache.hadoop.ozone.om.protocolPB.OzoneManagerProtocolClientSideTranslatorPB.openKey(OzoneManagerProtocolClientSideTranslatorPB.java:716)
	at org.apache.hadoop.ozone.client.rpc.RpcClient.createKey(RpcClient.java:615)
	at org.apache.hadoop.ozone.client.OzoneBucket.createKey(OzoneBucket.java:323)
	at org.apache.hadoop.ozone.freon.RandomKeyGenerator.createKey(RandomKeyGenerator.java:686)
	at org.apache.hadoop.ozone.freon.RandomKeyGenerator.access$1100(RandomKeyGenerator.java:87)
	at org.apache.hadoop.ozone.freon.RandomKeyGenerator$ObjectCreator.run(RandomKeyGenerator.java:606)
	at java.util.concurrent.Executors$RunnableAdapter.call(Executors.java:511)
	at java.util.concurrent.FutureTask.run(FutureTask.java:266)
	at java.util.concurrent.ThreadPoolExecutor.runWorker(ThreadPoolExecutor.java:1149)
	at java.util.concurrent.ThreadPoolExecutor$Worker.run(ThreadPoolExecutor.java:624)
	at java.lang.Thread.run(Thread.java:748)
2019-09-19 16:58:29,411 | ERROR | OMAudit | user=jenkins1000 | ip=127.0.0.1 | op=ALLOCATE_KEY {volume=vol-0-71510, bucket=bucket-3-99004, key=key-0-74092, dataSize=10240, replicationType=RATIS, replicationFactor=THREE, keyLocationInfo=null} | ret=FAILURE | org.apache.hadoop.hdds.scm.exceptions.SCMException: Allocated 0 blocks. Requested 1 blocks
	at org.apache.hadoop.hdds.scm.protocolPB.ScmBlockLocationProtocolClientSideTranslatorPB.handleError(ScmBlockLocationProtocolClientSideTranslatorPB.java:118)
	at org.apache.hadoop.hdds.scm.protocolPB.ScmBlockLocationProtocolClientSideTranslatorPB.allocateBlock(ScmBlockLocationProtocolClientSideTranslatorPB.java:156) 
2019-09-19 16:58:29,412 | ERROR | OMAudit | user=jenkins1000 | ip=127.0.0.1 | op=ALLOCATE_KEY {volume=vol-0-71510, bucket=bucket-4-00860, key=key-0-06745, dataSize=10240, replicationType=RATIS, replicationFactor=THREE, keyLocationInfo=null} | ret=FAILURE | org.apache.hadoop.hdds.scm.exceptions.SCMException: Allocated 0 blocks. Requested 1 blocks
	at org.apache.hadoop.hdds.scm.protocolPB.ScmBlockLocationProtocolClientSideTranslatorPB.handleError(ScmBlockLocationProtocolClientSideTranslatorPB.java:118)
	at org.apache.hadoop.hdds.scm.protocolPB.ScmBlockLocationProtocolClientSideTranslatorPB.allocateBlock(ScmBlockLocationProtocolClientSideTranslatorPB.java:156) 
2019-09-19 16:58:29,411 [IPC Server handler 4 on 42928] ERROR pipeline.PipelinePlacementPolicy (PipelinePlacementPolicy.java:meetCriteria(91)) - Pipeline Placement: Doesn't meet the criteria to be viable node. Heaviness: 6
2019-09-19 16:58:29,412 [pool-80-thread-9] ERROR freon.RandomKeyGenerator (RandomKeyGenerator.java:createKey(724)) - Exception while adding key: key-0-74092 in bucket: bucket-3-99004 of volume: vol-0-71510.
INTERNAL_ERROR org.apache.hadoop.ozone.om.exceptions.OMException: Allocated 0 blocks. Requested 1 blocks
	at org.apache.hadoop.ozone.om.protocolPB.OzoneManagerProtocolClientSideTranslatorPB.handleError(OzoneManagerProtocolClientSideTranslatorPB.java:725)
	at org.apache.hadoop.ozone.om.protocolPB.OzoneManagerProtocolClientSideTranslatorPB.openKey(OzoneManagerProtocolClientSideTranslatorPB.java:716)
	at org.apache.hadoop.ozone.client.rpc.RpcClient.createKey(RpcClient.java:615)
	at org.apache.hadoop.ozone.client.OzoneBucket.createKey(OzoneBucket.java:323)
	at org.apache.hadoop.ozone.freon.RandomKeyGenerator.createKey(RandomKeyGenerator.java:686)
	at org.apache.hadoop.ozone.freon.RandomKeyGenerator.access$1100(RandomKeyGenerator.java:87)
	at org.apache.hadoop.ozone.freon.RandomKeyGenerator$ObjectCreator.run(RandomKeyGenerator.java:606)
	at java.util.concurrent.Executors$RunnableAdapter.call(Executors.java:511)
	at java.util.concurrent.FutureTask.run(FutureTask.java:266)
	at java.util.concurrent.ThreadPoolExecutor.runWorker(ThreadPoolExecutor.java:1149)
	at java.util.concurrent.ThreadPoolExecutor$Worker.run(ThreadPoolExecutor.java:624)
	at java.lang.Thread.run(Thread.java:748)
2019-09-19 16:58:29,412 [pool-80-thread-6] ERROR freon.RandomKeyGenerator (RandomKeyGenerator.java:createKey(724)) - Exception while adding key: key-0-06745 in bucket: bucket-4-00860 of volume: vol-0-71510.
INTERNAL_ERROR org.apache.hadoop.ozone.om.exceptions.OMException: Allocated 0 blocks. Requested 1 blocks
	at org.apache.hadoop.ozone.om.protocolPB.OzoneManagerProtocolClientSideTranslatorPB.handleError(OzoneManagerProtocolClientSideTranslatorPB.java:725)
	at org.apache.hadoop.ozone.om.protocolPB.OzoneManagerProtocolClientSideTranslatorPB.openKey(OzoneManagerProtocolClientSideTranslatorPB.java:716)
	at org.apache.hadoop.ozone.client.rpc.RpcClient.createKey(RpcClient.java:615)
	at org.apache.hadoop.ozone.client.OzoneBucket.createKey(OzoneBucket.java:323)
	at org.apache.hadoop.ozone.freon.RandomKeyGenerator.createKey(RandomKeyGenerator.java:686)
	at org.apache.hadoop.ozone.freon.RandomKeyGenerator.access$1100(RandomKeyGenerator.java:87)
	at org.apache.hadoop.ozone.freon.RandomKeyGenerator$ObjectCreator.run(RandomKeyGenerator.java:606)
	at java.util.concurrent.Executors$RunnableAdapter.call(Executors.java:511)
	at java.util.concurrent.FutureTask.run(FutureTask.java:266)
	at java.util.concurrent.ThreadPoolExecutor.runWorker(ThreadPoolExecutor.java:1149)
	at java.util.concurrent.ThreadPoolExecutor$Worker.run(ThreadPoolExecutor.java:624)
	at java.lang.Thread.run(Thread.java:748)
2019-09-19 16:58:29,412 [IPC Server handler 4 on 42928] ERROR pipeline.PipelinePlacementPolicy (PipelinePlacementPolicy.java:filterViableNodes(146)) - Unable to find enough nodes that meet the criteria that cannot engage in more than 5 pipelines. Nodes required: 3 Found: 0, healthy nodes count inNodeManager: 5.
2019-09-19 16:58:29,413 [IPC Server handler 4 on 42928] ERROR pipeline.SCMPipelineManager (SCMPipelineManager.java:createPipeline(161)) - Pipeline creation failed due to exception: Unable to find enough nodes that meet the criteria that cannot engage in more than 5 pipelines. Nodes required: 3 Found: 0, healthy nodes count inNodeManager: 5.
2019-09-19 16:58:29,413 [IPC Server handler 4 on 42928] WARN  block.BlockManagerImpl (BlockManagerImpl.java:allocateBlock(192)) - Pipeline creation failed for type:RATIS factor:THREE. Retrying get pipelines call once.
org.apache.hadoop.hdds.scm.exceptions.SCMException: Unable to find enough nodes that meet the criteria that cannot engage in more than 5 pipelines. Nodes required: 3 Found: 0, healthy nodes count inNodeManager: 5.
	at org.apache.hadoop.hdds.scm.pipeline.PipelinePlacementPolicy.filterViableNodes(PipelinePlacementPolicy.java:147)
	at org.apache.hadoop.hdds.scm.pipeline.PipelinePlacementPolicy.chooseDatanodes(PipelinePlacementPolicy.java:170)
	at org.apache.hadoop.hdds.scm.pipeline.RatisPipelineProvider.create(RatisPipelineProvider.java:92)
	at org.apache.hadoop.hdds.scm.pipeline.PipelineFactory.create(PipelineFactory.java:57)
	at org.apache.hadoop.hdds.scm.pipeline.SCMPipelineManager.createPipeline(SCMPipelineManager.java:149)
	at org.apache.hadoop.hdds.scm.block.BlockManagerImpl.allocateBlock(BlockManagerImpl.java:190)
	at org.apache.hadoop.hdds.scm.server.SCMBlockProtocolServer.allocateBlock(SCMBlockProtocolServer.java:175)
	at org.apache.hadoop.ozone.protocolPB.ScmBlockLocationProtocolServerSideTranslatorPB.allocateScmBlock(ScmBlockLocationProtocolServerSideTranslatorPB.java:153)
	at org.apache.hadoop.ozone.protocolPB.ScmBlockLocationProtocolServerSideTranslatorPB.send(ScmBlockLocationProtocolServerSideTranslatorPB.java:112)
	at org.apache.hadoop.hdds.protocol.proto.ScmBlockLocationProtocolProtos$ScmBlockLocationProtocolService$2.callBlockingMethod(ScmBlockLocationProtocolProtos.java:13157)
	at org.apache.hadoop.ipc.ProtobufRpcEngine$Server$ProtoBufRpcInvoker.call(ProtobufRpcEngine.java:524)
	at org.apache.hadoop.ipc.RPC$Server.call(RPC.java:1025)
	at org.apache.hadoop.ipc.Server$RpcCall.run(Server.java:876)
	at org.apache.hadoop.ipc.Server$RpcCall.run(Server.java:822)
	at java.security.AccessController.doPrivileged(Native Method)
	at javax.security.auth.Subject.doAs(Subject.java:422)
	at org.apache.hadoop.security.UserGroupInformation.doAs(UserGroupInformation.java:1730)
	at org.apache.hadoop.ipc.Server$Handler.run(Server.java:2682)
2019-09-19 16:58:29,413 [IPC Server handler 11 on 42928] INFO  block.BlockManagerImpl (BlockManagerImpl.java:allocateBlock(198)) - Could not find available pipeline of type:RATIS and factor:THREE even after retrying
2019-09-19 16:58:29,414 [IPC Server handler 4 on 42928] INFO  block.BlockManagerImpl (BlockManagerImpl.java:allocateBlock(198)) - Could not find available pipeline of type:RATIS and factor:THREE even after retrying
2019-09-19 16:58:29,414 [IPC Server handler 11 on 42928] ERROR block.BlockManagerImpl (BlockManagerImpl.java:allocateBlock(222)) - Unable to allocate a block for the size: 4194304, type: RATIS, factor: THREE
2019-09-19 16:58:29,415 | INFO  | SCMAudit | user=jenkins1000 | ip=192.168.157.226 | op=ALLOCATE_BLOCK {owner=2974780c-d6de-4d42-bdb1-00fcce2214f5, size=4194304, type=RATIS, factor=THREE} | ret=SUCCESS |  
2019-09-19 16:58:29,414 [IPC Server handler 4 on 42928] ERROR block.BlockManagerImpl (BlockManagerImpl.java:allocateBlock(222)) - Unable to allocate a block for the size: 4194304, type: RATIS, factor: THREE
2019-09-19 16:58:29,415 | INFO  | SCMAudit | user=jenkins1000 | ip=192.168.157.226 | op=ALLOCATE_BLOCK {owner=2974780c-d6de-4d42-bdb1-00fcce2214f5, size=4194304, type=RATIS, factor=THREE} | ret=SUCCESS |  
2019-09-19 16:58:29,415 | ERROR | OMAudit | user=jenkins1000 | ip=127.0.0.1 | op=ALLOCATE_KEY {volume=vol-1-11430, bucket=bucket-1-78575, key=key-0-42979, dataSize=10240, replicationType=RATIS, replicationFactor=THREE, keyLocationInfo=null} | ret=FAILURE | org.apache.hadoop.hdds.scm.exceptions.SCMException: Allocated 0 blocks. Requested 1 blocks
	at org.apache.hadoop.hdds.scm.protocolPB.ScmBlockLocationProtocolClientSideTranslatorPB.handleError(ScmBlockLocationProtocolClientSideTranslatorPB.java:118)
	at org.apache.hadoop.hdds.scm.protocolPB.ScmBlockLocationProtocolClientSideTranslatorPB.allocateBlock(ScmBlockLocationProtocolClientSideTranslatorPB.java:156) 
2019-09-19 16:58:29,415 | ERROR | OMAudit | user=jenkins1000 | ip=127.0.0.1 | op=ALLOCATE_KEY {volume=vol-1-11430, bucket=bucket-4-87949, key=key-0-42441, dataSize=10240, replicationType=RATIS, replicationFactor=THREE, keyLocationInfo=null} | ret=FAILURE | org.apache.hadoop.hdds.scm.exceptions.SCMException: Allocated 0 blocks. Requested 1 blocks
	at org.apache.hadoop.hdds.scm.protocolPB.ScmBlockLocationProtocolClientSideTranslatorPB.handleError(ScmBlockLocationProtocolClientSideTranslatorPB.java:118)
	at org.apache.hadoop.hdds.scm.protocolPB.ScmBlockLocationProtocolClientSideTranslatorPB.allocateBlock(ScmBlockLocationProtocolClientSideTranslatorPB.java:156) 
2019-09-19 16:58:29,416 [pool-80-thread-3] ERROR freon.RandomKeyGenerator (RandomKeyGenerator.java:createKey(724)) - Exception while adding key: key-0-42979 in bucket: bucket-1-78575 of volume: vol-1-11430.
INTERNAL_ERROR org.apache.hadoop.ozone.om.exceptions.OMException: Allocated 0 blocks. Requested 1 blocks
	at org.apache.hadoop.ozone.om.protocolPB.OzoneManagerProtocolClientSideTranslatorPB.handleError(OzoneManagerProtocolClientSideTranslatorPB.java:725)
	at org.apache.hadoop.ozone.om.protocolPB.OzoneManagerProtocolClientSideTranslatorPB.openKey(OzoneManagerProtocolClientSideTranslatorPB.java:716)
	at org.apache.hadoop.ozone.client.rpc.RpcClient.createKey(RpcClient.java:615)
	at org.apache.hadoop.ozone.client.OzoneBucket.createKey(OzoneBucket.java:323)
	at org.apache.hadoop.ozone.freon.RandomKeyGenerator.createKey(RandomKeyGenerator.java:686)
	at org.apache.hadoop.ozone.freon.RandomKeyGenerator.access$1100(RandomKeyGenerator.java:87)
	at org.apache.hadoop.ozone.freon.RandomKeyGenerator$ObjectCreator.run(RandomKeyGenerator.java:606)
	at java.util.concurrent.Executors$RunnableAdapter.call(Executors.java:511)
	at java.util.concurrent.FutureTask.run(FutureTask.java:266)
	at java.util.concurrent.ThreadPoolExecutor.runWorker(ThreadPoolExecutor.java:1149)
	at java.util.concurrent.ThreadPoolExecutor$Worker.run(ThreadPoolExecutor.java:624)
	at java.lang.Thread.run(Thread.java:748)
2019-09-19 16:58:29,416 [pool-80-thread-4] ERROR freon.RandomKeyGenerator (RandomKeyGenerator.java:createKey(724)) - Exception while adding key: key-0-42441 in bucket: bucket-4-87949 of volume: vol-1-11430.
INTERNAL_ERROR org.apache.hadoop.ozone.om.exceptions.OMException: Allocated 0 blocks. Requested 1 blocks
	at org.apache.hadoop.ozone.om.protocolPB.OzoneManagerProtocolClientSideTranslatorPB.handleError(OzoneManagerProtocolClientSideTranslatorPB.java:725)
	at org.apache.hadoop.ozone.om.protocolPB.OzoneManagerProtocolClientSideTranslatorPB.openKey(OzoneManagerProtocolClientSideTranslatorPB.java:716)
	at org.apache.hadoop.ozone.client.rpc.RpcClient.createKey(RpcClient.java:615)
	at org.apache.hadoop.ozone.client.OzoneBucket.createKey(OzoneBucket.java:323)
	at org.apache.hadoop.ozone.freon.RandomKeyGenerator.createKey(RandomKeyGenerator.java:686)
	at org.apache.hadoop.ozone.freon.RandomKeyGenerator.access$1100(RandomKeyGenerator.java:87)
	at org.apache.hadoop.ozone.freon.RandomKeyGenerator$ObjectCreator.run(RandomKeyGenerator.java:606)
	at java.util.concurrent.Executors$RunnableAdapter.call(Executors.java:511)
	at java.util.concurrent.FutureTask.run(FutureTask.java:266)
	at java.util.concurrent.ThreadPoolExecutor.runWorker(ThreadPoolExecutor.java:1149)
	at java.util.concurrent.ThreadPoolExecutor$Worker.run(ThreadPoolExecutor.java:624)
	at java.lang.Thread.run(Thread.java:748)
2019-09-19 16:58:29,586 | INFO  | SCMAudit | user=jenkins1000 | ip=192.168.157.226 | op=SEND_HEARTBEAT {datanodeUUID=d3f68efe-c22b-404c-9d92-5b3617bd70f9, command=[]} | ret=SUCCESS |  
2019-09-19 16:58:29,638 | INFO  | SCMAudit | user=jenkins1000 | ip=192.168.157.226 | op=SEND_HEARTBEAT {datanodeUUID=b4d11adf-473e-4712-a75b-8cc25b77f0f4, command=[]} | ret=SUCCESS |  
2019-09-19 16:58:29,693 | INFO  | SCMAudit | user=jenkins1000 | ip=192.168.157.226 | op=SEND_HEARTBEAT {datanodeUUID=293fb764-8d0a-4a2a-b0d4-e27863ca0d27, command=[]} | ret=SUCCESS |  
2019-09-19 16:58:29,875 | INFO  | SCMAudit | user=jenkins1000 | ip=192.168.157.226 | op=SEND_HEARTBEAT {datanodeUUID=e29bd0e7-6604-4c9e-a288-0e166e01d87e, command=[]} | ret=SUCCESS |  
2019-09-19 16:58:30,190 | INFO  | SCMAudit | user=jenkins1000 | ip=192.168.157.226 | op=SEND_HEARTBEAT {datanodeUUID=1bc78e45-ac19-4b52-81ed-8b591e5dbc69, command=[]} | ret=SUCCESS |  
 0.00% |█                                                                                                    |  0/100 Time: 0:00:012019-09-19 16:58:30,587 | INFO  | SCMAudit | user=jenkins1000 | ip=192.168.157.226 | op=SEND_HEARTBEAT {datanodeUUID=d3f68efe-c22b-404c-9d92-5b3617bd70f9, command=[]} | ret=SUCCESS |  
2019-09-19 16:58:30,639 | INFO  | SCMAudit | user=jenkins1000 | ip=192.168.157.226 | op=SEND_HEARTBEAT {datanodeUUID=b4d11adf-473e-4712-a75b-8cc25b77f0f4, command=[]} | ret=SUCCESS |  
2019-09-19 16:58:30,693 | INFO  | SCMAudit | user=jenkins1000 | ip=192.168.157.226 | op=SEND_HEARTBEAT {datanodeUUID=293fb764-8d0a-4a2a-b0d4-e27863ca0d27, command=[]} | ret=SUCCESS |  
2019-09-19 16:58:30,875 | INFO  | SCMAudit | user=jenkins1000 | ip=192.168.157.226 | op=SEND_HEARTBEAT {datanodeUUID=e29bd0e7-6604-4c9e-a288-0e166e01d87e, command=[]} | ret=SUCCESS |  
2019-09-19 16:58:31,191 | INFO  | SCMAudit | user=jenkins1000 | ip=192.168.157.226 | op=SEND_HEARTBEAT {datanodeUUID=1bc78e45-ac19-4b52-81ed-8b591e5dbc69, command=[]} | ret=SUCCESS |  
 0.00% |█                                                                                                    |  0/100 Time: 0:00:022019-09-19 16:58:31,587 | INFO  | SCMAudit | user=jenkins1000 | ip=192.168.157.226 | op=SEND_HEARTBEAT {datanodeUUID=d3f68efe-c22b-404c-9d92-5b3617bd70f9, command=[]} | ret=SUCCESS |  
2019-09-19 16:58:31,639 | INFO  | SCMAudit | user=jenkins1000 | ip=192.168.157.226 | op=SEND_HEARTBEAT {datanodeUUID=b4d11adf-473e-4712-a75b-8cc25b77f0f4, command=[]} | ret=SUCCESS |  
2019-09-19 16:58:31,693 | INFO  | SCMAudit | user=jenkins1000 | ip=192.168.157.226 | op=SEND_HEARTBEAT {datanodeUUID=293fb764-8d0a-4a2a-b0d4-e27863ca0d27, command=[]} | ret=SUCCESS |  
2019-09-19 16:58:31,875 | INFO  | SCMAudit | user=jenkins1000 | ip=192.168.157.226 | op=SEND_HEARTBEAT {datanodeUUID=e29bd0e7-6604-4c9e-a288-0e166e01d87e, command=[]} | ret=SUCCESS |  
2019-09-19 16:58:32,191 | INFO  | SCMAudit | user=jenkins1000 | ip=192.168.157.226 | op=SEND_HEARTBEAT {datanodeUUID=1bc78e45-ac19-4b52-81ed-8b591e5dbc69, command=[]} | ret=SUCCESS |  
 0.00% |█                                                                                                    |  0/100 Time: 0:00:032019-09-19 16:58:32,587 | INFO  | SCMAudit | user=jenkins1000 | ip=192.168.157.226 | op=SEND_HEARTBEAT {datanodeUUID=d3f68efe-c22b-404c-9d92-5b3617bd70f9, command=[]} | ret=SUCCESS |  
2019-09-19 16:58:32,639 | INFO  | SCMAudit | user=jenkins1000 | ip=192.168.157.226 | op=SEND_HEARTBEAT {datanodeUUID=b4d11adf-473e-4712-a75b-8cc25b77f0f4, command=[]} | ret=SUCCESS |  
2019-09-19 16:58:32,694 | INFO  | SCMAudit | user=jenkins1000 | ip=192.168.157.226 | op=SEND_HEARTBEAT {datanodeUUID=293fb764-8d0a-4a2a-b0d4-e27863ca0d27, command=[]} | ret=SUCCESS |  
2019-09-19 16:58:32,875 | INFO  | SCMAudit | user=jenkins1000 | ip=192.168.157.226 | op=SEND_HEARTBEAT {datanodeUUID=e29bd0e7-6604-4c9e-a288-0e166e01d87e, command=[]} | ret=SUCCESS |  
2019-09-19 16:58:33,191 | INFO  | SCMAudit | user=jenkins1000 | ip=192.168.157.226 | op=SEND_HEARTBEAT {datanodeUUID=1bc78e45-ac19-4b52-81ed-8b591e5dbc69, command=[]} | ret=SUCCESS |  
 0.00% |█                                                                                                    |  0/100 Time: 0:00:042019-09-19 16:58:33,588 | INFO  | SCMAudit | user=jenkins1000 | ip=192.168.157.226 | op=SEND_HEARTBEAT {datanodeUUID=d3f68efe-c22b-404c-9d92-5b3617bd70f9, command=[]} | ret=SUCCESS |  
2019-09-19 16:58:33,639 | INFO  | SCMAudit | user=jenkins1000 | ip=192.168.157.226 | op=SEND_HEARTBEAT {datanodeUUID=b4d11adf-473e-4712-a75b-8cc25b77f0f4, command=[]} | ret=SUCCESS |  
2019-09-19 16:58:33,695 | INFO  | SCMAudit | user=jenkins1000 | ip=192.168.157.226 | op=SEND_HEARTBEAT {datanodeUUID=293fb764-8d0a-4a2a-b0d4-e27863ca0d27, command=[]} | ret=SUCCESS |  
2019-09-19 16:58:33,875 | INFO  | SCMAudit | user=jenkins1000 | ip=192.168.157.226 | op=SEND_HEARTBEAT {datanodeUUID=e29bd0e7-6604-4c9e-a288-0e166e01d87e, command=[]} | ret=SUCCESS |  
2019-09-19 16:58:34,192 | INFO  | SCMAudit | user=jenkins1000 | ip=192.168.157.226 | op=SEND_HEARTBEAT {datanodeUUID=1bc78e45-ac19-4b52-81ed-8b591e5dbc69, command=[]} | ret=SUCCESS |  
 100.00% |█████████████████████████████████████████████████████████████████████████████████████████████████████|  100/100 Time: 0:00:05
2019-09-19 16:58:34,587 | INFO  | SCMAudit | user=jenkins1000 | ip=192.168.157.226 | op=SEND_HEARTBEAT {datanodeUUID=d3f68efe-c22b-404c-9d92-5b3617bd70f9, command=[]} | ret=SUCCESS |  
2019-09-19 16:58:34,639 | INFO  | SCMAudit | user=jenkins1000 | ip=192.168.157.226 | op=SEND_HEARTBEAT {datanodeUUID=b4d11adf-473e-4712-a75b-8cc25b77f0f4, command=[]} | ret=SUCCESS |  
2019-09-19 16:58:34,694 | INFO  | SCMAudit | user=jenkins1000 | ip=192.168.157.226 | op=SEND_HEARTBEAT {datanodeUUID=293fb764-8d0a-4a2a-b0d4-e27863ca0d27, command=[]} | ret=SUCCESS |  
2019-09-19 16:58:34,875 | INFO  | SCMAudit | user=jenkins1000 | ip=192.168.157.226 | op=SEND_HEARTBEAT {datanodeUUID=e29bd0e7-6604-4c9e-a288-0e166e01d87e, command=[]} | ret=SUCCESS |  
2019-09-19 16:58:35,191 | INFO  | SCMAudit | user=jenkins1000 | ip=192.168.157.226 | op=SEND_HEARTBEAT {datanodeUUID=1bc78e45-ac19-4b52-81ed-8b591e5dbc69, command=[]} | ret=SUCCESS |  
2019-09-19 16:58:35,588 | INFO  | SCMAudit | user=jenkins1000 | ip=192.168.157.226 | op=SEND_HEARTBEAT {datanodeUUID=d3f68efe-c22b-404c-9d92-5b3617bd70f9, command=[]} | ret=SUCCESS |  
2019-09-19 16:58:35,639 | INFO  | SCMAudit | user=jenkins1000 | ip=192.168.157.226 | op=SEND_HEARTBEAT {datanodeUUID=b4d11adf-473e-4712-a75b-8cc25b77f0f4, command=[]} | ret=SUCCESS |  
2019-09-19 16:58:35,694 | INFO  | SCMAudit | user=jenkins1000 | ip=192.168.157.226 | op=SEND_HEARTBEAT {datanodeUUID=293fb764-8d0a-4a2a-b0d4-e27863ca0d27, command=[]} | ret=SUCCESS |  
2019-09-19 16:58:35,876 | INFO  | SCMAudit | user=jenkins1000 | ip=192.168.157.226 | op=SEND_HEARTBEAT {datanodeUUID=e29bd0e7-6604-4c9e-a288-0e166e01d87e, command=[]} | ret=SUCCESS |  
2019-09-19 16:58:36,190 | INFO  | SCMAudit | user=jenkins1000 | ip=192.168.157.226 | op=SEND_HEARTBEAT {datanodeUUID=1bc78e45-ac19-4b52-81ed-8b591e5dbc69, command=[]} | ret=SUCCESS |  
2019-09-19 16:58:36,588 | INFO  | SCMAudit | user=jenkins1000 | ip=192.168.157.226 | op=SEND_HEARTBEAT {datanodeUUID=d3f68efe-c22b-404c-9d92-5b3617bd70f9, command=[]} | ret=SUCCESS |  
2019-09-19 16:58:36,639 | INFO  | SCMAudit | user=jenkins1000 | ip=192.168.157.226 | op=SEND_HEARTBEAT {datanodeUUID=b4d11adf-473e-4712-a75b-8cc25b77f0f4, command=[]} | ret=SUCCESS |  
2019-09-19 16:58:36,695 | INFO  | SCMAudit | user=jenkins1000 | ip=192.168.157.226 | op=SEND_HEARTBEAT {datanodeUUID=293fb764-8d0a-4a2a-b0d4-e27863ca0d27, command=[]} | ret=SUCCESS |  
2019-09-19 16:58:36,876 | INFO  | SCMAudit | user=jenkins1000 | ip=192.168.157.226 | op=SEND_HEARTBEAT {datanodeUUID=e29bd0e7-6604-4c9e-a288-0e166e01d87e, command=[]} | ret=SUCCESS |  
2019-09-19 16:58:37,191 | INFO  | SCMAudit | user=jenkins1000 | ip=192.168.157.226 | op=SEND_HEARTBEAT {datanodeUUID=1bc78e45-ac19-4b52-81ed-8b591e5dbc69, command=[]} | ret=SUCCESS |  
2019-09-19 16:58:37,589 | INFO  | SCMAudit | user=jenkins1000 | ip=192.168.157.226 | op=SEND_HEARTBEAT {datanodeUUID=d3f68efe-c22b-404c-9d92-5b3617bd70f9, command=[]} | ret=SUCCESS |  
2019-09-19 16:58:37,640 | INFO  | SCMAudit | user=jenkins1000 | ip=192.168.157.226 | op=SEND_HEARTBEAT {datanodeUUID=b4d11adf-473e-4712-a75b-8cc25b77f0f4, command=[]} | ret=SUCCESS |  
2019-09-19 16:58:37,695 | INFO  | SCMAudit | user=jenkins1000 | ip=192.168.157.226 | op=SEND_HEARTBEAT {datanodeUUID=293fb764-8d0a-4a2a-b0d4-e27863ca0d27, command=[]} | ret=SUCCESS |  
2019-09-19 16:58:37,876 | INFO  | SCMAudit | user=jenkins1000 | ip=192.168.157.226 | op=SEND_HEARTBEAT {datanodeUUID=e29bd0e7-6604-4c9e-a288-0e166e01d87e, command=[]} | ret=SUCCESS |  
2019-09-19 16:58:38,191 | INFO  | SCMAudit | user=jenkins1000 | ip=192.168.157.226 | op=SEND_HEARTBEAT {datanodeUUID=1bc78e45-ac19-4b52-81ed-8b591e5dbc69, command=[]} | ret=SUCCESS |  
2019-09-19 16:58:38,589 | INFO  | SCMAudit | user=jenkins1000 | ip=192.168.157.226 | op=SEND_HEARTBEAT {datanodeUUID=d3f68efe-c22b-404c-9d92-5b3617bd70f9, command=[]} | ret=SUCCESS |  
2019-09-19 16:58:38,640 | INFO  | SCMAudit | user=jenkins1000 | ip=192.168.157.226 | op=SEND_HEARTBEAT {datanodeUUID=b4d11adf-473e-4712-a75b-8cc25b77f0f4, command=[]} | ret=SUCCESS |  
2019-09-19 16:58:38,695 | INFO  | SCMAudit | user=jenkins1000 | ip=192.168.157.226 | op=SEND_HEARTBEAT {datanodeUUID=293fb764-8d0a-4a2a-b0d4-e27863ca0d27, command=[]} | ret=SUCCESS |  
2019-09-19 16:58:38,877 | INFO  | SCMAudit | user=jenkins1000 | ip=192.168.157.226 | op=SEND_HEARTBEAT {datanodeUUID=e29bd0e7-6604-4c9e-a288-0e166e01d87e, command=[]} | ret=SUCCESS |  
2019-09-19 16:58:39,191 | INFO  | SCMAudit | user=jenkins1000 | ip=192.168.157.226 | op=SEND_HEARTBEAT {datanodeUUID=1bc78e45-ac19-4b52-81ed-8b591e5dbc69, command=[]} | ret=SUCCESS |  
]]></system-out>
  </testcase>
</testsuite>