<?xml version="1.0" encoding="UTF-8"?>
<testsuite xmlns:xsi="http://www.w3.org/2001/XMLSchema-instance" xsi:noNamespaceSchemaLocation="https://maven.apache.org/surefire/maven-surefire-plugin/xsd/surefire-test-report.xsd" name="org.apache.hadoop.ozone.freon.TestFreonWithPipelineDestroy" time="33.267" tests="1" errors="1" skipped="0" failures="0">
  <properties>
    <property name="awt.toolkit" value="sun.awt.X11.XToolkit"/>
    <property name="file.encoding.pkg" value="sun.io"/>
    <property name="java.specification.version" value="1.8"/>
    <property name="sun.cpu.isalist" value=""/>
    <property name="sun.jnu.encoding" value="UTF-8"/>
    <property name="java.class.path" value="/workdir/hadoop-ozone/tools/target/test-classes:/workdir/hadoop-ozone/tools/target/classes:/home/user/.m2/repository/org/apache/hadoop/hadoop-ozone-ozone-manager/0.5.0-SNAPSHOT/hadoop-ozone-ozone-manager-0.5.0-SNAPSHOT.jar:/home/user/.m2/repository/org/apache/hadoop/hadoop-hdds-docs/0.5.0-SNAPSHOT/hadoop-hdds-docs-0.5.0-SNAPSHOT.jar:/home/user/.m2/repository/org/bouncycastle/bcprov-jdk15on/1.60/bcprov-jdk15on-1.60.jar:/home/user/.m2/repository/org/apache/hadoop/hadoop-ozone-common/0.5.0-SNAPSHOT/hadoop-ozone-common-0.5.0-SNAPSHOT.jar:/home/user/.m2/repository/org/apache/commons/commons-compress/1.4.1/commons-compress-1.4.1.jar:/home/user/.m2/repository/org/tukaani/xz/1.0/xz-1.0.jar:/home/user/.m2/repository/org/apache/hadoop/hadoop-hdfs-client/3.2.0/hadoop-hdfs-client-3.2.0.jar:/home/user/.m2/repository/com/fasterxml/jackson/core/jackson-annotations/2.9.5/jackson-annotations-2.9.5.jar:/home/user/.m2/repository/org/apache/hadoop/hadoop-hdds-common/0.5.0-SNAPSHOT/hadoop-hdds-common-0.5.0-SNAPSHOT.jar:/home/user/.m2/repository/org/apache/hadoop/hadoop-hdds-config/0.5.0-SNAPSHOT/hadoop-hdds-config-0.5.0-SNAPSHOT.jar:/home/user/.m2/repository/javax/annotation/javax.annotation-api/1.2/javax.annotation-api-1.2.jar:/home/user/.m2/repository/org/apache/ratis/ratis-server/0.4.0-2337318-SNAPSHOT/ratis-server-0.4.0-2337318-SNAPSHOT.jar:/home/user/.m2/repository/org/apache/ratis/ratis-thirdparty-misc/0.2.0/ratis-thirdparty-misc-0.2.0.jar:/home/user/.m2/repository/org/apache/ratis/ratis-proto/0.4.0-2337318-SNAPSHOT/ratis-proto-0.4.0-2337318-SNAPSHOT.jar:/home/user/.m2/repository/org/apache/ratis/ratis-common/0.4.0-2337318-SNAPSHOT/ratis-common-0.4.0-2337318-SNAPSHOT.jar:/home/user/.m2/repository/org/apache/ratis/ratis-client/0.4.0-2337318-SNAPSHOT/ratis-client-0.4.0-2337318-SNAPSHOT.jar:/home/user/.m2/repository/org/apache/ratis/ratis-metrics/0.4.0-2337318-SNAPSHOT/ratis-metrics-0.4.0-2337318-SNAPSHOT.jar:/home/user/.m2/repository/org/apache/ratis/ratis-netty/0.4.0-2337318-SNAPSHOT/ratis-netty-0.4.0-2337318-SNAPSHOT.jar:/home/user/.m2/repository/org/apache/ratis/ratis-grpc/0.4.0-2337318-SNAPSHOT/ratis-grpc-0.4.0-2337318-SNAPSHOT.jar:/home/user/.m2/repository/org/rocksdb/rocksdbjni/6.0.1/rocksdbjni-6.0.1.jar:/home/user/.m2/repository/org/apache/logging/log4j/log4j-api/2.11.0/log4j-api-2.11.0.jar:/home/user/.m2/repository/org/apache/logging/log4j/log4j-core/2.11.0/log4j-core-2.11.0.jar:/home/user/.m2/repository/com/lmax/disruptor/3.4.2/disruptor-3.4.2.jar:/home/user/.m2/repository/org/apache/commons/commons-pool2/2.6.0/commons-pool2-2.6.0.jar:/home/user/.m2/repository/org/bouncycastle/bcpkix-jdk15on/1.60/bcpkix-jdk15on-1.60.jar:/home/user/.m2/repository/commons-validator/commons-validator/1.6/commons-validator-1.6.jar:/home/user/.m2/repository/commons-digester/commons-digester/1.8.1/commons-digester-1.8.1.jar:/home/user/.m2/repository/io/jaegertracing/jaeger-client/0.33.1/jaeger-client-0.33.1.jar:/home/user/.m2/repository/io/jaegertracing/jaeger-thrift/0.33.1/jaeger-thrift-0.33.1.jar:/home/user/.m2/repository/org/apache/thrift/libthrift/0.11.0/libthrift-0.11.0.jar:/home/user/.m2/repository/com/squareup/okhttp3/okhttp/3.9.0/okhttp-3.9.0.jar:/home/user/.m2/repository/com/squareup/okio/okio/1.13.0/okio-1.13.0.jar:/home/user/.m2/repository/io/jaegertracing/jaeger-core/0.33.1/jaeger-core-0.33.1.jar:/home/user/.m2/repository/io/jaegertracing/jaeger-tracerresolver/0.33.1/jaeger-tracerresolver-0.33.1.jar:/home/user/.m2/repository/io/opentracing/contrib/opentracing-tracerresolver/0.1.5/opentracing-tracerresolver-0.1.5.jar:/home/user/.m2/repository/io/opentracing/opentracing-util/0.31.0/opentracing-util-0.31.0.jar:/home/user/.m2/repository/io/opentracing/opentracing-api/0.31.0/opentracing-api-0.31.0.jar:/home/user/.m2/repository/io/opentracing/opentracing-noop/0.31.0/opentracing-noop-0.31.0.jar:/home/user/.m2/repository/org/yaml/snakeyaml/1.16/snakeyaml-1.16.jar:/home/user/.m2/repository/org/apache/hadoop/hadoop-hdds-container-service/0.5.0-SNAPSHOT/hadoop-hdds-container-service-0.5.0-SNAPSHOT.jar:/home/user/.m2/repository/org/apache/hadoop/hadoop-hdds-client/0.5.0-SNAPSHOT/hadoop-hdds-client-0.5.0-SNAPSHOT.jar:/home/user/.m2/repository/org/apache/hadoop/hadoop-hdds-tools/0.5.0-SNAPSHOT/hadoop-hdds-tools-0.5.0-SNAPSHOT.jar:/home/user/.m2/repository/org/xerial/sqlite-jdbc/3.25.2/sqlite-jdbc-3.25.2.jar:/home/user/.m2/repository/org/apache/hadoop/hadoop-hdds-server-scm/0.5.0-SNAPSHOT/hadoop-hdds-server-scm-0.5.0-SNAPSHOT.jar:/home/user/.m2/repository/org/hamcrest/hamcrest-all/1.3/hamcrest-all-1.3.jar:/home/user/.m2/repository/info/picocli/picocli/3.9.6/picocli-3.9.6.jar:/home/user/.m2/repository/com/google/protobuf/protobuf-java/2.5.0/protobuf-java-2.5.0.jar:/home/user/.m2/repository/com/google/guava/guava/11.0.2/guava-11.0.2.jar:/home/user/.m2/repository/org/apache/hadoop/hadoop-ozone-client/0.5.0-SNAPSHOT/hadoop-ozone-client-0.5.0-SNAPSHOT.jar:/workdir/hadoop-ozone/ozonefs/target/classes:/home/user/.m2/repository/org/apache/hadoop/hadoop-hdds-server-framework/0.5.0-SNAPSHOT/hadoop-hdds-server-framework-0.5.0-SNAPSHOT.jar:/home/user/.m2/repository/org/apache/hadoop/hadoop-common/3.2.0/hadoop-common-3.2.0.jar:/home/user/.m2/repository/org/apache/hadoop/hadoop-annotations/3.2.0/hadoop-annotations-3.2.0.jar:/usr/lib/jvm/java-1.8-openjdk/jre/../lib/tools.jar:/home/user/.m2/repository/commons-cli/commons-cli/1.2/commons-cli-1.2.jar:/home/user/.m2/repository/org/apache/commons/commons-math3/3.1.1/commons-math3-3.1.1.jar:/home/user/.m2/repository/org/apache/httpcomponents/httpclient/4.5.2/httpclient-4.5.2.jar:/home/user/.m2/repository/org/apache/httpcomponents/httpcore/4.4.4/httpcore-4.4.4.jar:/home/user/.m2/repository/commons-codec/commons-codec/1.11/commons-codec-1.11.jar:/home/user/.m2/repository/commons-io/commons-io/2.5/commons-io-2.5.jar:/home/user/.m2/repository/commons-net/commons-net/3.6/commons-net-3.6.jar:/home/user/.m2/repository/commons-collections/commons-collections/3.2.2/commons-collections-3.2.2.jar:/home/user/.m2/repository/javax/servlet/javax.servlet-api/3.1.0/javax.servlet-api-3.1.0.jar:/home/user/.m2/repository/org/eclipse/jetty/jetty-server/9.3.24.v20180605/jetty-server-9.3.24.v20180605.jar:/home/user/.m2/repository/org/eclipse/jetty/jetty-http/9.3.24.v20180605/jetty-http-9.3.24.v20180605.jar:/home/user/.m2/repository/org/eclipse/jetty/jetty-io/9.3.24.v20180605/jetty-io-9.3.24.v20180605.jar:/home/user/.m2/repository/org/eclipse/jetty/jetty-util/9.3.24.v20180605/jetty-util-9.3.24.v20180605.jar:/home/user/.m2/repository/org/eclipse/jetty/jetty-servlet/9.3.24.v20180605/jetty-servlet-9.3.24.v20180605.jar:/home/user/.m2/repository/org/eclipse/jetty/jetty-security/9.3.24.v20180605/jetty-security-9.3.24.v20180605.jar:/home/user/.m2/repository/org/eclipse/jetty/jetty-webapp/9.3.24.v20180605/jetty-webapp-9.3.24.v20180605.jar:/home/user/.m2/repository/org/eclipse/jetty/jetty-xml/9.3.24.v20180605/jetty-xml-9.3.24.v20180605.jar:/home/user/.m2/repository/javax/servlet/jsp/jsp-api/2.1/jsp-api-2.1.jar:/home/user/.m2/repository/com/sun/jersey/jersey-core/1.19/jersey-core-1.19.jar:/home/user/.m2/repository/javax/ws/rs/jsr311-api/1.1.1/jsr311-api-1.1.1.jar:/home/user/.m2/repository/com/sun/jersey/jersey-servlet/1.19/jersey-servlet-1.19.jar:/home/user/.m2/repository/com/sun/jersey/jersey-json/1.19/jersey-json-1.19.jar:/home/user/.m2/repository/org/codehaus/jettison/jettison/1.1/jettison-1.1.jar:/home/user/.m2/repository/com/sun/xml/bind/jaxb-impl/2.3.0.1/jaxb-impl-2.3.0.1.jar:/home/user/.m2/repository/org/codehaus/jackson/jackson-core-asl/1.9.13/jackson-core-asl-1.9.13.jar:/home/user/.m2/repository/org/codehaus/jackson/jackson-mapper-asl/1.9.13/jackson-mapper-asl-1.9.13.jar:/home/user/.m2/repository/org/codehaus/jackson/jackson-jaxrs/1.9.13/jackson-jaxrs-1.9.13.jar:/home/user/.m2/repository/org/codehaus/jackson/jackson-xc/1.9.13/jackson-xc-1.9.13.jar:/home/user/.m2/repository/com/sun/jersey/jersey-server/1.19/jersey-server-1.19.jar:/home/user/.m2/repository/commons-logging/commons-logging/1.1.3/commons-logging-1.1.3.jar:/home/user/.m2/repository/log4j/log4j/1.2.17/log4j-1.2.17.jar:/home/user/.m2/repository/commons-beanutils/commons-beanutils/1.9.3/commons-beanutils-1.9.3.jar:/home/user/.m2/repository/org/apache/commons/commons-configuration2/2.1.1/commons-configuration2-2.1.1.jar:/home/user/.m2/repository/org/apache/commons/commons-lang3/3.7/commons-lang3-3.7.jar:/home/user/.m2/repository/org/apache/commons/commons-text/1.4/commons-text-1.4.jar:/home/user/.m2/repository/org/slf4j/slf4j-api/1.7.25/slf4j-api-1.7.25.jar:/home/user/.m2/repository/org/slf4j/slf4j-log4j12/1.7.25/slf4j-log4j12-1.7.25.jar:/home/user/.m2/repository/org/apache/avro/avro/1.7.7/avro-1.7.7.jar:/home/user/.m2/repository/com/thoughtworks/paranamer/paranamer/2.3/paranamer-2.3.jar:/home/user/.m2/repository/org/xerial/snappy/snappy-java/1.0.5/snappy-java-1.0.5.jar:/home/user/.m2/repository/com/google/re2j/re2j/1.1/re2j-1.1.jar:/home/user/.m2/repository/com/google/code/gson/gson/2.2.4/gson-2.2.4.jar:/home/user/.m2/repository/org/apache/hadoop/hadoop-auth/3.2.0/hadoop-auth-3.2.0.jar:/home/user/.m2/repository/com/nimbusds/nimbus-jose-jwt/4.41.1/nimbus-jose-jwt-4.41.1.jar:/home/user/.m2/repository/com/github/stephenc/jcip/jcip-annotations/1.0-1/jcip-annotations-1.0-1.jar:/home/user/.m2/repository/net/minidev/json-smart/2.3/json-smart-2.3.jar:/home/user/.m2/repository/net/minidev/accessors-smart/1.2/accessors-smart-1.2.jar:/home/user/.m2/repository/org/apache/curator/curator-framework/2.12.0/curator-framework-2.12.0.jar:/home/user/.m2/repository/com/jcraft/jsch/0.1.54/jsch-0.1.54.jar:/home/user/.m2/repository/org/apache/curator/curator-client/2.12.0/curator-client-2.12.0.jar:/home/user/.m2/repository/org/apache/curator/curator-recipes/2.12.0/curator-recipes-2.12.0.jar:/home/user/.m2/repository/com/google/code/findbugs/jsr305/3.0.0/jsr305-3.0.0.jar:/home/user/.m2/repository/org/apache/htrace/htrace-core4/4.1.0-incubating/htrace-core4-4.1.0-incubating.jar:/home/user/.m2/repository/org/apache/zookeeper/zookeeper/3.4.13/zookeeper-3.4.13.jar:/home/user/.m2/repository/org/apache/yetus/audience-annotations/0.5.0/audience-annotations-0.5.0.jar:/home/user/.m2/repository/org/apache/kerby/kerb-simplekdc/1.0.1/kerb-simplekdc-1.0.1.jar:/home/user/.m2/repository/org/apache/kerby/kerb-client/1.0.1/kerb-client-1.0.1.jar:/home/user/.m2/repository/org/apache/kerby/kerby-config/1.0.1/kerby-config-1.0.1.jar:/home/user/.m2/repository/org/apache/kerby/kerb-core/1.0.1/kerb-core-1.0.1.jar:/home/user/.m2/repository/org/apache/kerby/kerby-pkix/1.0.1/kerby-pkix-1.0.1.jar:/home/user/.m2/repository/org/apache/kerby/kerby-asn1/1.0.1/kerby-asn1-1.0.1.jar:/home/user/.m2/repository/org/apache/kerby/kerby-util/1.0.1/kerby-util-1.0.1.jar:/home/user/.m2/repository/org/apache/kerby/kerb-common/1.0.1/kerb-common-1.0.1.jar:/home/user/.m2/repository/org/apache/kerby/kerb-crypto/1.0.1/kerb-crypto-1.0.1.jar:/home/user/.m2/repository/org/apache/kerby/kerb-util/1.0.1/kerb-util-1.0.1.jar:/home/user/.m2/repository/org/apache/kerby/token-provider/1.0.1/token-provider-1.0.1.jar:/home/user/.m2/repository/org/apache/kerby/kerb-admin/1.0.1/kerb-admin-1.0.1.jar:/home/user/.m2/repository/org/apache/kerby/kerb-server/1.0.1/kerb-server-1.0.1.jar:/home/user/.m2/repository/org/apache/kerby/kerb-identity/1.0.1/kerb-identity-1.0.1.jar:/home/user/.m2/repository/org/apache/kerby/kerby-xdr/1.0.1/kerby-xdr-1.0.1.jar:/home/user/.m2/repository/com/fasterxml/jackson/core/jackson-databind/2.9.5/jackson-databind-2.9.5.jar:/home/user/.m2/repository/com/fasterxml/jackson/core/jackson-core/2.9.5/jackson-core-2.9.5.jar:/home/user/.m2/repository/org/codehaus/woodstox/stax2-api/3.1.4/stax2-api-3.1.4.jar:/home/user/.m2/repository/com/fasterxml/woodstox/woodstox-core/5.0.3/woodstox-core-5.0.3.jar:/home/user/.m2/repository/dnsjava/dnsjava/2.1.7/dnsjava-2.1.7.jar:/home/user/.m2/repository/org/apache/hadoop/hadoop-hdfs/3.2.0/hadoop-hdfs-3.2.0.jar:/home/user/.m2/repository/org/eclipse/jetty/jetty-util-ajax/9.3.24.v20180605/jetty-util-ajax-9.3.24.v20180605.jar:/home/user/.m2/repository/commons-daemon/commons-daemon/1.0.13/commons-daemon-1.0.13.jar:/home/user/.m2/repository/io/netty/netty/3.10.5.Final/netty-3.10.5.Final.jar:/home/user/.m2/repository/io/netty/netty-all/4.0.52.Final/netty-all-4.0.52.Final.jar:/home/user/.m2/repository/org/fusesource/leveldbjni/leveldbjni-all/1.8/leveldbjni-all-1.8.jar:/home/user/.m2/repository/com/sun/xml/bind/jaxb-core/2.3.0.1/jaxb-core-2.3.0.1.jar:/home/user/.m2/repository/javax/xml/bind/jaxb-api/2.3.0/jaxb-api-2.3.0.jar:/home/user/.m2/repository/javax/activation/activation/1.1.1/activation-1.1.1.jar:/home/user/.m2/repository/io/dropwizard/metrics/metrics-core/3.2.4/metrics-core-3.2.4.jar:/home/user/.m2/repository/org/openjdk/jmh/jmh-core/1.19/jmh-core-1.19.jar:/home/user/.m2/repository/net/sf/jopt-simple/jopt-simple/4.6/jopt-simple-4.6.jar:/home/user/.m2/repository/org/openjdk/jmh/jmh-generator-annprocess/1.19/jmh-generator-annprocess-1.19.jar:/home/user/.m2/repository/com/google/code/findbugs/findbugs/3.0.1/findbugs-3.0.1.jar:/home/user/.m2/repository/net/jcip/jcip-annotations/1.0/jcip-annotations-1.0.jar:/home/user/.m2/repository/com/google/code/findbugs/bcel-findbugs/6.0/bcel-findbugs-6.0.jar:/home/user/.m2/repository/com/google/code/findbugs/jFormatString/2.0.1/jFormatString-2.0.1.jar:/home/user/.m2/repository/dom4j/dom4j/1.6.1/dom4j-1.6.1.jar:/home/user/.m2/repository/xml-apis/xml-apis/1.0.b2/xml-apis-1.0.b2.jar:/home/user/.m2/repository/org/ow2/asm/asm-debug-all/5.0.2/asm-debug-all-5.0.2.jar:/home/user/.m2/repository/org/ow2/asm/asm-commons/5.0.2/asm-commons-5.0.2.jar:/home/user/.m2/repository/org/ow2/asm/asm-tree/5.0.2/asm-tree-5.0.2.jar:/home/user/.m2/repository/org/ow2/asm/asm/5.0.4/asm-5.0.4.jar:/home/user/.m2/repository/commons-lang/commons-lang/2.6/commons-lang-2.6.jar:/home/user/.m2/repository/com/apple/AppleJavaExtensions/1.4/AppleJavaExtensions-1.4.jar:/home/user/.m2/repository/jaxen/jaxen/1.1.6/jaxen-1.1.6.jar:/home/user/.m2/repository/junit/junit/4.11/junit-4.11.jar:/home/user/.m2/repository/org/hamcrest/hamcrest-core/1.3/hamcrest-core-1.3.jar:/home/user/.m2/repository/org/apache/hadoop/hadoop-common/3.2.0/hadoop-common-3.2.0-tests.jar:/workdir/hadoop-ozone/integration-test/target/test-classes:/home/user/.m2/repository/org/apache/hadoop/hadoop-ozone-objectstore-service/0.5.0-SNAPSHOT/hadoop-ozone-objectstore-service-0.5.0-SNAPSHOT.jar:/home/user/.m2/repository/org/apache/hadoop/hadoop-ozone-s3gateway/0.5.0-SNAPSHOT/hadoop-ozone-s3gateway-0.5.0-SNAPSHOT.jar:/home/user/.m2/repository/org/jboss/weld/servlet/weld-servlet/2.4.7.Final/weld-servlet-2.4.7.Final.jar:/home/user/.m2/repository/org/glassfish/jersey/containers/jersey-container-servlet-core/2.27/jersey-container-servlet-core-2.27.jar:/home/user/.m2/repository/org/glassfish/hk2/external/javax.inject/2.5.0-b42/javax.inject-2.5.0-b42.jar:/home/user/.m2/repository/org/glassfish/jersey/core/jersey-common/2.27/jersey-common-2.27.jar:/home/user/.m2/repository/org/glassfish/hk2/osgi-resource-locator/1.0.1/osgi-resource-locator-1.0.1.jar:/home/user/.m2/repository/javax/ws/rs/javax.ws.rs-api/2.1/javax.ws.rs-api-2.1.jar:/home/user/.m2/repository/org/glassfish/jersey/ext/cdi/jersey-cdi1x/2.27/jersey-cdi1x-2.27.jar:/home/user/.m2/repository/org/glassfish/jersey/inject/jersey-hk2/2.27/jersey-hk2-2.27.jar:/home/user/.m2/repository/org/glassfish/hk2/hk2-locator/2.5.0-b42/hk2-locator-2.5.0-b42.jar:/home/user/.m2/repository/org/javassist/javassist/3.22.0-CR2/javassist-3.22.0-CR2.jar:/home/user/.m2/repository/org/glassfish/hk2/hk2-api/2.5.0/hk2-api-2.5.0.jar:/home/user/.m2/repository/org/glassfish/hk2/external/jakarta.inject/2.5.0/jakarta.inject-2.5.0.jar:/home/user/.m2/repository/org/glassfish/hk2/hk2-utils/2.5.0/hk2-utils-2.5.0.jar:/home/user/.m2/repository/jakarta/annotation/jakarta.annotation-api/1.3.4/jakarta.annotation-api-1.3.4.jar:/home/user/.m2/repository/org/glassfish/hk2/external/aopalliance-repackaged/2.5.0/aopalliance-repackaged-2.5.0.jar:/home/user/.m2/repository/com/fasterxml/jackson/dataformat/jackson-dataformat-xml/2.9.0/jackson-dataformat-xml-2.9.0.jar:/home/user/.m2/repository/com/fasterxml/jackson/module/jackson-module-jaxb-annotations/2.9.5/jackson-module-jaxb-annotations-2.9.5.jar:/home/user/.m2/repository/javax/enterprise/cdi-api/1.2/cdi-api-1.2.jar:/home/user/.m2/repository/javax/el/javax.el-api/3.0.0/javax.el-api-3.0.0.jar:/home/user/.m2/repository/javax/interceptor/javax.interceptor-api/1.2/javax.interceptor-api-1.2.jar:/home/user/.m2/repository/javax/inject/javax.inject/1/javax.inject-1.jar:/home/user/.m2/repository/org/apache/hadoop/hadoop-ozone-csi/0.5.0-SNAPSHOT/hadoop-ozone-csi-0.5.0-SNAPSHOT.jar:/home/user/.m2/repository/com/google/protobuf/protobuf-java-util/3.5.1/protobuf-java-util-3.5.1.jar:/home/user/.m2/repository/io/grpc/grpc-netty/1.17.1/grpc-netty-1.17.1.jar:/home/user/.m2/repository/io/grpc/grpc-core/1.17.1/grpc-core-1.17.1.jar:/home/user/.m2/repository/io/grpc/grpc-context/1.17.1/grpc-context-1.17.1.jar:/home/user/.m2/repository/com/google/errorprone/error_prone_annotations/2.2.0/error_prone_annotations-2.2.0.jar:/home/user/.m2/repository/org/codehaus/mojo/animal-sniffer-annotations/1.17/animal-sniffer-annotations-1.17.jar:/home/user/.m2/repository/io/opencensus/opencensus-api/0.17.0/opencensus-api-0.17.0.jar:/home/user/.m2/repository/io/opencensus/opencensus-contrib-grpc-metrics/0.17.0/opencensus-contrib-grpc-metrics-0.17.0.jar:/home/user/.m2/repository/io/netty/netty-codec-http2/4.1.30.Final/netty-codec-http2-4.1.30.Final.jar:/home/user/.m2/repository/io/netty/netty-codec-http/4.1.30.Final/netty-codec-http-4.1.30.Final.jar:/home/user/.m2/repository/io/netty/netty-codec/4.1.30.Final/netty-codec-4.1.30.Final.jar:/home/user/.m2/repository/io/netty/netty-handler/4.1.30.Final/netty-handler-4.1.30.Final.jar:/home/user/.m2/repository/io/netty/netty-handler-proxy/4.1.30.Final/netty-handler-proxy-4.1.30.Final.jar:/home/user/.m2/repository/io/netty/netty-codec-socks/4.1.30.Final/netty-codec-socks-4.1.30.Final.jar:/home/user/.m2/repository/io/netty/netty-transport-native-epoll/4.1.30.Final/netty-transport-native-epoll-4.1.30.Final.jar:/home/user/.m2/repository/io/netty/netty-common/4.1.30.Final/netty-common-4.1.30.Final.jar:/home/user/.m2/repository/io/netty/netty-buffer/4.1.30.Final/netty-buffer-4.1.30.Final.jar:/home/user/.m2/repository/io/netty/netty-transport/4.1.30.Final/netty-transport-4.1.30.Final.jar:/home/user/.m2/repository/io/netty/netty-resolver/4.1.30.Final/netty-resolver-4.1.30.Final.jar:/home/user/.m2/repository/io/netty/netty-transport-native-unix-common/4.1.30.Final/netty-transport-native-unix-common-4.1.30.Final.jar:/home/user/.m2/repository/io/grpc/grpc-protobuf/1.17.1/grpc-protobuf-1.17.1.jar:/home/user/.m2/repository/com/google/api/grpc/proto-google-common-protos/1.0.0/proto-google-common-protos-1.0.0.jar:/home/user/.m2/repository/io/grpc/grpc-protobuf-lite/1.17.1/grpc-protobuf-lite-1.17.1.jar:/home/user/.m2/repository/io/grpc/grpc-stub/1.17.1/grpc-stub-1.17.1.jar:/home/user/.m2/repository/org/apache/hadoop/hadoop-ozone-recon/0.5.0-SNAPSHOT/hadoop-ozone-recon-0.5.0-SNAPSHOT.jar:/home/user/.m2/repository/org/apache/hadoop/hadoop-ozone-reconcodegen/0.5.0-SNAPSHOT/hadoop-ozone-reconcodegen-0.5.0-SNAPSHOT.jar:/home/user/.m2/repository/com/google/inject/extensions/guice-multibindings/4.0/guice-multibindings-4.0.jar:/home/user/.m2/repository/com/google/inject/guice/4.0/guice-4.0.jar:/home/user/.m2/repository/aopalliance/aopalliance/1.0/aopalliance-1.0.jar:/home/user/.m2/repository/com/google/inject/extensions/guice-servlet/4.0/guice-servlet-4.0.jar:/home/user/.m2/repository/org/glassfish/jersey/containers/jersey-container-servlet/2.27/jersey-container-servlet-2.27.jar:/home/user/.m2/repository/org/glassfish/hk2/guice-bridge/2.5.0/guice-bridge-2.5.0.jar:/home/user/.m2/repository/org/glassfish/jersey/core/jersey-server/2.27/jersey-server-2.27.jar:/home/user/.m2/repository/org/glassfish/jersey/core/jersey-client/2.27/jersey-client-2.27.jar:/home/user/.m2/repository/org/glassfish/jersey/media/jersey-media-jaxb/2.27/jersey-media-jaxb-2.27.jar:/home/user/.m2/repository/javax/validation/validation-api/1.1.0.Final/validation-api-1.1.0.Final.jar:/home/user/.m2/repository/org/glassfish/jersey/media/jersey-media-json-jackson/2.27/jersey-media-json-jackson-2.27.jar:/home/user/.m2/repository/org/glassfish/jersey/ext/jersey-entity-filtering/2.27/jersey-entity-filtering-2.27.jar:/home/user/.m2/repository/com/google/inject/extensions/guice-assistedinject/4.0/guice-assistedinject-4.0.jar:/home/user/.m2/repository/org/jooq/jooq/3.11.10/jooq-3.11.10.jar:/home/user/.m2/repository/org/jooq/jooq-meta/3.11.10/jooq-meta-3.11.10.jar:/home/user/.m2/repository/org/jooq/jooq-codegen/3.11.10/jooq-codegen-3.11.10.jar:/home/user/.m2/repository/com/jolbox/bonecp/0.8.0.RELEASE/bonecp-0.8.0.RELEASE.jar:/home/user/.m2/repository/org/springframework/spring-jdbc/5.1.3.RELEASE/spring-jdbc-5.1.3.RELEASE.jar:/home/user/.m2/repository/org/springframework/spring-beans/5.1.3.RELEASE/spring-beans-5.1.3.RELEASE.jar:/home/user/.m2/repository/org/springframework/spring-core/5.1.3.RELEASE/spring-core-5.1.3.RELEASE.jar:/home/user/.m2/repository/org/springframework/spring-jcl/5.1.3.RELEASE/spring-jcl-5.1.3.RELEASE.jar:/home/user/.m2/repository/org/springframework/spring-tx/5.1.3.RELEASE/spring-tx-5.1.3.RELEASE.jar:/home/user/.m2/repository/org/mockito/mockito-core/2.15.0/mockito-core-2.15.0.jar:/home/user/.m2/repository/net/bytebuddy/byte-buddy/1.7.9/byte-buddy-1.7.9.jar:/home/user/.m2/repository/net/bytebuddy/byte-buddy-agent/1.7.9/byte-buddy-agent-1.7.9.jar:/home/user/.m2/repository/org/objenesis/objenesis/1.0/objenesis-1.0.jar:"/>
    <property name="java.vm.vendor" value="IcedTea"/>
    <property name="sun.arch.data.model" value="64"/>
    <property name="test.build.dir" value="/workdir/hadoop-ozone/tools/target/test-dir"/>
    <property name="test.cache.data" value=""/>
    <property name="java.vendor.url" value="https://icedtea.classpath.org"/>
    <property name="user.timezone" value=""/>
    <property name="java.vm.specification.version" value="1.8"/>
    <property name="os.name" value="Linux"/>
    <property name="test.build.data" value="/workdir/hadoop-ozone/tools/target/test-dir"/>
    <property name="user.country" value="US"/>
    <property name="sun.java.launcher" value="SUN_STANDARD"/>
    <property name="sun.boot.library.path" value="/usr/lib/jvm/java-1.8-openjdk/jre/lib/amd64"/>
    <property name="sun.java.command" value="/workdir/hadoop-ozone/tools/target/surefire/surefirebooter3146365305142387210.jar /workdir/hadoop-ozone/tools/target/surefire 2019-09-19T11-05-02_939-jvmRun1 surefire6808104980357045496tmp surefire_1167727492790635695981tmp"/>
    <property name="test" value="!TestMiniChaosOzoneCluster"/>
    <property name="surefire.test.class.path" value="/workdir/hadoop-ozone/tools/target/test-classes:/workdir/hadoop-ozone/tools/target/classes:/home/user/.m2/repository/org/apache/hadoop/hadoop-ozone-ozone-manager/0.5.0-SNAPSHOT/hadoop-ozone-ozone-manager-0.5.0-SNAPSHOT.jar:/home/user/.m2/repository/org/apache/hadoop/hadoop-hdds-docs/0.5.0-SNAPSHOT/hadoop-hdds-docs-0.5.0-SNAPSHOT.jar:/home/user/.m2/repository/org/bouncycastle/bcprov-jdk15on/1.60/bcprov-jdk15on-1.60.jar:/home/user/.m2/repository/org/apache/hadoop/hadoop-ozone-common/0.5.0-SNAPSHOT/hadoop-ozone-common-0.5.0-SNAPSHOT.jar:/home/user/.m2/repository/org/apache/commons/commons-compress/1.4.1/commons-compress-1.4.1.jar:/home/user/.m2/repository/org/tukaani/xz/1.0/xz-1.0.jar:/home/user/.m2/repository/org/apache/hadoop/hadoop-hdfs-client/3.2.0/hadoop-hdfs-client-3.2.0.jar:/home/user/.m2/repository/com/fasterxml/jackson/core/jackson-annotations/2.9.5/jackson-annotations-2.9.5.jar:/home/user/.m2/repository/org/apache/hadoop/hadoop-hdds-common/0.5.0-SNAPSHOT/hadoop-hdds-common-0.5.0-SNAPSHOT.jar:/home/user/.m2/repository/org/apache/hadoop/hadoop-hdds-config/0.5.0-SNAPSHOT/hadoop-hdds-config-0.5.0-SNAPSHOT.jar:/home/user/.m2/repository/javax/annotation/javax.annotation-api/1.2/javax.annotation-api-1.2.jar:/home/user/.m2/repository/org/apache/ratis/ratis-server/0.4.0-2337318-SNAPSHOT/ratis-server-0.4.0-2337318-SNAPSHOT.jar:/home/user/.m2/repository/org/apache/ratis/ratis-thirdparty-misc/0.2.0/ratis-thirdparty-misc-0.2.0.jar:/home/user/.m2/repository/org/apache/ratis/ratis-proto/0.4.0-2337318-SNAPSHOT/ratis-proto-0.4.0-2337318-SNAPSHOT.jar:/home/user/.m2/repository/org/apache/ratis/ratis-common/0.4.0-2337318-SNAPSHOT/ratis-common-0.4.0-2337318-SNAPSHOT.jar:/home/user/.m2/repository/org/apache/ratis/ratis-client/0.4.0-2337318-SNAPSHOT/ratis-client-0.4.0-2337318-SNAPSHOT.jar:/home/user/.m2/repository/org/apache/ratis/ratis-metrics/0.4.0-2337318-SNAPSHOT/ratis-metrics-0.4.0-2337318-SNAPSHOT.jar:/home/user/.m2/repository/org/apache/ratis/ratis-netty/0.4.0-2337318-SNAPSHOT/ratis-netty-0.4.0-2337318-SNAPSHOT.jar:/home/user/.m2/repository/org/apache/ratis/ratis-grpc/0.4.0-2337318-SNAPSHOT/ratis-grpc-0.4.0-2337318-SNAPSHOT.jar:/home/user/.m2/repository/org/rocksdb/rocksdbjni/6.0.1/rocksdbjni-6.0.1.jar:/home/user/.m2/repository/org/apache/logging/log4j/log4j-api/2.11.0/log4j-api-2.11.0.jar:/home/user/.m2/repository/org/apache/logging/log4j/log4j-core/2.11.0/log4j-core-2.11.0.jar:/home/user/.m2/repository/com/lmax/disruptor/3.4.2/disruptor-3.4.2.jar:/home/user/.m2/repository/org/apache/commons/commons-pool2/2.6.0/commons-pool2-2.6.0.jar:/home/user/.m2/repository/org/bouncycastle/bcpkix-jdk15on/1.60/bcpkix-jdk15on-1.60.jar:/home/user/.m2/repository/commons-validator/commons-validator/1.6/commons-validator-1.6.jar:/home/user/.m2/repository/commons-digester/commons-digester/1.8.1/commons-digester-1.8.1.jar:/home/user/.m2/repository/io/jaegertracing/jaeger-client/0.33.1/jaeger-client-0.33.1.jar:/home/user/.m2/repository/io/jaegertracing/jaeger-thrift/0.33.1/jaeger-thrift-0.33.1.jar:/home/user/.m2/repository/org/apache/thrift/libthrift/0.11.0/libthrift-0.11.0.jar:/home/user/.m2/repository/com/squareup/okhttp3/okhttp/3.9.0/okhttp-3.9.0.jar:/home/user/.m2/repository/com/squareup/okio/okio/1.13.0/okio-1.13.0.jar:/home/user/.m2/repository/io/jaegertracing/jaeger-core/0.33.1/jaeger-core-0.33.1.jar:/home/user/.m2/repository/io/jaegertracing/jaeger-tracerresolver/0.33.1/jaeger-tracerresolver-0.33.1.jar:/home/user/.m2/repository/io/opentracing/contrib/opentracing-tracerresolver/0.1.5/opentracing-tracerresolver-0.1.5.jar:/home/user/.m2/repository/io/opentracing/opentracing-util/0.31.0/opentracing-util-0.31.0.jar:/home/user/.m2/repository/io/opentracing/opentracing-api/0.31.0/opentracing-api-0.31.0.jar:/home/user/.m2/repository/io/opentracing/opentracing-noop/0.31.0/opentracing-noop-0.31.0.jar:/home/user/.m2/repository/org/yaml/snakeyaml/1.16/snakeyaml-1.16.jar:/home/user/.m2/repository/org/apache/hadoop/hadoop-hdds-container-service/0.5.0-SNAPSHOT/hadoop-hdds-container-service-0.5.0-SNAPSHOT.jar:/home/user/.m2/repository/org/apache/hadoop/hadoop-hdds-client/0.5.0-SNAPSHOT/hadoop-hdds-client-0.5.0-SNAPSHOT.jar:/home/user/.m2/repository/org/apache/hadoop/hadoop-hdds-tools/0.5.0-SNAPSHOT/hadoop-hdds-tools-0.5.0-SNAPSHOT.jar:/home/user/.m2/repository/org/xerial/sqlite-jdbc/3.25.2/sqlite-jdbc-3.25.2.jar:/home/user/.m2/repository/org/apache/hadoop/hadoop-hdds-server-scm/0.5.0-SNAPSHOT/hadoop-hdds-server-scm-0.5.0-SNAPSHOT.jar:/home/user/.m2/repository/org/hamcrest/hamcrest-all/1.3/hamcrest-all-1.3.jar:/home/user/.m2/repository/info/picocli/picocli/3.9.6/picocli-3.9.6.jar:/home/user/.m2/repository/com/google/protobuf/protobuf-java/2.5.0/protobuf-java-2.5.0.jar:/home/user/.m2/repository/com/google/guava/guava/11.0.2/guava-11.0.2.jar:/home/user/.m2/repository/org/apache/hadoop/hadoop-ozone-client/0.5.0-SNAPSHOT/hadoop-ozone-client-0.5.0-SNAPSHOT.jar:/workdir/hadoop-ozone/ozonefs/target/classes:/home/user/.m2/repository/org/apache/hadoop/hadoop-hdds-server-framework/0.5.0-SNAPSHOT/hadoop-hdds-server-framework-0.5.0-SNAPSHOT.jar:/home/user/.m2/repository/org/apache/hadoop/hadoop-common/3.2.0/hadoop-common-3.2.0.jar:/home/user/.m2/repository/org/apache/hadoop/hadoop-annotations/3.2.0/hadoop-annotations-3.2.0.jar:/usr/lib/jvm/java-1.8-openjdk/jre/../lib/tools.jar:/home/user/.m2/repository/commons-cli/commons-cli/1.2/commons-cli-1.2.jar:/home/user/.m2/repository/org/apache/commons/commons-math3/3.1.1/commons-math3-3.1.1.jar:/home/user/.m2/repository/org/apache/httpcomponents/httpclient/4.5.2/httpclient-4.5.2.jar:/home/user/.m2/repository/org/apache/httpcomponents/httpcore/4.4.4/httpcore-4.4.4.jar:/home/user/.m2/repository/commons-codec/commons-codec/1.11/commons-codec-1.11.jar:/home/user/.m2/repository/commons-io/commons-io/2.5/commons-io-2.5.jar:/home/user/.m2/repository/commons-net/commons-net/3.6/commons-net-3.6.jar:/home/user/.m2/repository/commons-collections/commons-collections/3.2.2/commons-collections-3.2.2.jar:/home/user/.m2/repository/javax/servlet/javax.servlet-api/3.1.0/javax.servlet-api-3.1.0.jar:/home/user/.m2/repository/org/eclipse/jetty/jetty-server/9.3.24.v20180605/jetty-server-9.3.24.v20180605.jar:/home/user/.m2/repository/org/eclipse/jetty/jetty-http/9.3.24.v20180605/jetty-http-9.3.24.v20180605.jar:/home/user/.m2/repository/org/eclipse/jetty/jetty-io/9.3.24.v20180605/jetty-io-9.3.24.v20180605.jar:/home/user/.m2/repository/org/eclipse/jetty/jetty-util/9.3.24.v20180605/jetty-util-9.3.24.v20180605.jar:/home/user/.m2/repository/org/eclipse/jetty/jetty-servlet/9.3.24.v20180605/jetty-servlet-9.3.24.v20180605.jar:/home/user/.m2/repository/org/eclipse/jetty/jetty-security/9.3.24.v20180605/jetty-security-9.3.24.v20180605.jar:/home/user/.m2/repository/org/eclipse/jetty/jetty-webapp/9.3.24.v20180605/jetty-webapp-9.3.24.v20180605.jar:/home/user/.m2/repository/org/eclipse/jetty/jetty-xml/9.3.24.v20180605/jetty-xml-9.3.24.v20180605.jar:/home/user/.m2/repository/javax/servlet/jsp/jsp-api/2.1/jsp-api-2.1.jar:/home/user/.m2/repository/com/sun/jersey/jersey-core/1.19/jersey-core-1.19.jar:/home/user/.m2/repository/javax/ws/rs/jsr311-api/1.1.1/jsr311-api-1.1.1.jar:/home/user/.m2/repository/com/sun/jersey/jersey-servlet/1.19/jersey-servlet-1.19.jar:/home/user/.m2/repository/com/sun/jersey/jersey-json/1.19/jersey-json-1.19.jar:/home/user/.m2/repository/org/codehaus/jettison/jettison/1.1/jettison-1.1.jar:/home/user/.m2/repository/com/sun/xml/bind/jaxb-impl/2.3.0.1/jaxb-impl-2.3.0.1.jar:/home/user/.m2/repository/org/codehaus/jackson/jackson-core-asl/1.9.13/jackson-core-asl-1.9.13.jar:/home/user/.m2/repository/org/codehaus/jackson/jackson-mapper-asl/1.9.13/jackson-mapper-asl-1.9.13.jar:/home/user/.m2/repository/org/codehaus/jackson/jackson-jaxrs/1.9.13/jackson-jaxrs-1.9.13.jar:/home/user/.m2/repository/org/codehaus/jackson/jackson-xc/1.9.13/jackson-xc-1.9.13.jar:/home/user/.m2/repository/com/sun/jersey/jersey-server/1.19/jersey-server-1.19.jar:/home/user/.m2/repository/commons-logging/commons-logging/1.1.3/commons-logging-1.1.3.jar:/home/user/.m2/repository/log4j/log4j/1.2.17/log4j-1.2.17.jar:/home/user/.m2/repository/commons-beanutils/commons-beanutils/1.9.3/commons-beanutils-1.9.3.jar:/home/user/.m2/repository/org/apache/commons/commons-configuration2/2.1.1/commons-configuration2-2.1.1.jar:/home/user/.m2/repository/org/apache/commons/commons-lang3/3.7/commons-lang3-3.7.jar:/home/user/.m2/repository/org/apache/commons/commons-text/1.4/commons-text-1.4.jar:/home/user/.m2/repository/org/slf4j/slf4j-api/1.7.25/slf4j-api-1.7.25.jar:/home/user/.m2/repository/org/slf4j/slf4j-log4j12/1.7.25/slf4j-log4j12-1.7.25.jar:/home/user/.m2/repository/org/apache/avro/avro/1.7.7/avro-1.7.7.jar:/home/user/.m2/repository/com/thoughtworks/paranamer/paranamer/2.3/paranamer-2.3.jar:/home/user/.m2/repository/org/xerial/snappy/snappy-java/1.0.5/snappy-java-1.0.5.jar:/home/user/.m2/repository/com/google/re2j/re2j/1.1/re2j-1.1.jar:/home/user/.m2/repository/com/google/code/gson/gson/2.2.4/gson-2.2.4.jar:/home/user/.m2/repository/org/apache/hadoop/hadoop-auth/3.2.0/hadoop-auth-3.2.0.jar:/home/user/.m2/repository/com/nimbusds/nimbus-jose-jwt/4.41.1/nimbus-jose-jwt-4.41.1.jar:/home/user/.m2/repository/com/github/stephenc/jcip/jcip-annotations/1.0-1/jcip-annotations-1.0-1.jar:/home/user/.m2/repository/net/minidev/json-smart/2.3/json-smart-2.3.jar:/home/user/.m2/repository/net/minidev/accessors-smart/1.2/accessors-smart-1.2.jar:/home/user/.m2/repository/org/apache/curator/curator-framework/2.12.0/curator-framework-2.12.0.jar:/home/user/.m2/repository/com/jcraft/jsch/0.1.54/jsch-0.1.54.jar:/home/user/.m2/repository/org/apache/curator/curator-client/2.12.0/curator-client-2.12.0.jar:/home/user/.m2/repository/org/apache/curator/curator-recipes/2.12.0/curator-recipes-2.12.0.jar:/home/user/.m2/repository/com/google/code/findbugs/jsr305/3.0.0/jsr305-3.0.0.jar:/home/user/.m2/repository/org/apache/htrace/htrace-core4/4.1.0-incubating/htrace-core4-4.1.0-incubating.jar:/home/user/.m2/repository/org/apache/zookeeper/zookeeper/3.4.13/zookeeper-3.4.13.jar:/home/user/.m2/repository/org/apache/yetus/audience-annotations/0.5.0/audience-annotations-0.5.0.jar:/home/user/.m2/repository/org/apache/kerby/kerb-simplekdc/1.0.1/kerb-simplekdc-1.0.1.jar:/home/user/.m2/repository/org/apache/kerby/kerb-client/1.0.1/kerb-client-1.0.1.jar:/home/user/.m2/repository/org/apache/kerby/kerby-config/1.0.1/kerby-config-1.0.1.jar:/home/user/.m2/repository/org/apache/kerby/kerb-core/1.0.1/kerb-core-1.0.1.jar:/home/user/.m2/repository/org/apache/kerby/kerby-pkix/1.0.1/kerby-pkix-1.0.1.jar:/home/user/.m2/repository/org/apache/kerby/kerby-asn1/1.0.1/kerby-asn1-1.0.1.jar:/home/user/.m2/repository/org/apache/kerby/kerby-util/1.0.1/kerby-util-1.0.1.jar:/home/user/.m2/repository/org/apache/kerby/kerb-common/1.0.1/kerb-common-1.0.1.jar:/home/user/.m2/repository/org/apache/kerby/kerb-crypto/1.0.1/kerb-crypto-1.0.1.jar:/home/user/.m2/repository/org/apache/kerby/kerb-util/1.0.1/kerb-util-1.0.1.jar:/home/user/.m2/repository/org/apache/kerby/token-provider/1.0.1/token-provider-1.0.1.jar:/home/user/.m2/repository/org/apache/kerby/kerb-admin/1.0.1/kerb-admin-1.0.1.jar:/home/user/.m2/repository/org/apache/kerby/kerb-server/1.0.1/kerb-server-1.0.1.jar:/home/user/.m2/repository/org/apache/kerby/kerb-identity/1.0.1/kerb-identity-1.0.1.jar:/home/user/.m2/repository/org/apache/kerby/kerby-xdr/1.0.1/kerby-xdr-1.0.1.jar:/home/user/.m2/repository/com/fasterxml/jackson/core/jackson-databind/2.9.5/jackson-databind-2.9.5.jar:/home/user/.m2/repository/com/fasterxml/jackson/core/jackson-core/2.9.5/jackson-core-2.9.5.jar:/home/user/.m2/repository/org/codehaus/woodstox/stax2-api/3.1.4/stax2-api-3.1.4.jar:/home/user/.m2/repository/com/fasterxml/woodstox/woodstox-core/5.0.3/woodstox-core-5.0.3.jar:/home/user/.m2/repository/dnsjava/dnsjava/2.1.7/dnsjava-2.1.7.jar:/home/user/.m2/repository/org/apache/hadoop/hadoop-hdfs/3.2.0/hadoop-hdfs-3.2.0.jar:/home/user/.m2/repository/org/eclipse/jetty/jetty-util-ajax/9.3.24.v20180605/jetty-util-ajax-9.3.24.v20180605.jar:/home/user/.m2/repository/commons-daemon/commons-daemon/1.0.13/commons-daemon-1.0.13.jar:/home/user/.m2/repository/io/netty/netty/3.10.5.Final/netty-3.10.5.Final.jar:/home/user/.m2/repository/io/netty/netty-all/4.0.52.Final/netty-all-4.0.52.Final.jar:/home/user/.m2/repository/org/fusesource/leveldbjni/leveldbjni-all/1.8/leveldbjni-all-1.8.jar:/home/user/.m2/repository/com/sun/xml/bind/jaxb-core/2.3.0.1/jaxb-core-2.3.0.1.jar:/home/user/.m2/repository/javax/xml/bind/jaxb-api/2.3.0/jaxb-api-2.3.0.jar:/home/user/.m2/repository/javax/activation/activation/1.1.1/activation-1.1.1.jar:/home/user/.m2/repository/io/dropwizard/metrics/metrics-core/3.2.4/metrics-core-3.2.4.jar:/home/user/.m2/repository/org/openjdk/jmh/jmh-core/1.19/jmh-core-1.19.jar:/home/user/.m2/repository/net/sf/jopt-simple/jopt-simple/4.6/jopt-simple-4.6.jar:/home/user/.m2/repository/org/openjdk/jmh/jmh-generator-annprocess/1.19/jmh-generator-annprocess-1.19.jar:/home/user/.m2/repository/com/google/code/findbugs/findbugs/3.0.1/findbugs-3.0.1.jar:/home/user/.m2/repository/net/jcip/jcip-annotations/1.0/jcip-annotations-1.0.jar:/home/user/.m2/repository/com/google/code/findbugs/bcel-findbugs/6.0/bcel-findbugs-6.0.jar:/home/user/.m2/repository/com/google/code/findbugs/jFormatString/2.0.1/jFormatString-2.0.1.jar:/home/user/.m2/repository/dom4j/dom4j/1.6.1/dom4j-1.6.1.jar:/home/user/.m2/repository/xml-apis/xml-apis/1.0.b2/xml-apis-1.0.b2.jar:/home/user/.m2/repository/org/ow2/asm/asm-debug-all/5.0.2/asm-debug-all-5.0.2.jar:/home/user/.m2/repository/org/ow2/asm/asm-commons/5.0.2/asm-commons-5.0.2.jar:/home/user/.m2/repository/org/ow2/asm/asm-tree/5.0.2/asm-tree-5.0.2.jar:/home/user/.m2/repository/org/ow2/asm/asm/5.0.4/asm-5.0.4.jar:/home/user/.m2/repository/commons-lang/commons-lang/2.6/commons-lang-2.6.jar:/home/user/.m2/repository/com/apple/AppleJavaExtensions/1.4/AppleJavaExtensions-1.4.jar:/home/user/.m2/repository/jaxen/jaxen/1.1.6/jaxen-1.1.6.jar:/home/user/.m2/repository/junit/junit/4.11/junit-4.11.jar:/home/user/.m2/repository/org/hamcrest/hamcrest-core/1.3/hamcrest-core-1.3.jar:/home/user/.m2/repository/org/apache/hadoop/hadoop-common/3.2.0/hadoop-common-3.2.0-tests.jar:/workdir/hadoop-ozone/integration-test/target/test-classes:/home/user/.m2/repository/org/apache/hadoop/hadoop-ozone-objectstore-service/0.5.0-SNAPSHOT/hadoop-ozone-objectstore-service-0.5.0-SNAPSHOT.jar:/home/user/.m2/repository/org/apache/hadoop/hadoop-ozone-s3gateway/0.5.0-SNAPSHOT/hadoop-ozone-s3gateway-0.5.0-SNAPSHOT.jar:/home/user/.m2/repository/org/jboss/weld/servlet/weld-servlet/2.4.7.Final/weld-servlet-2.4.7.Final.jar:/home/user/.m2/repository/org/glassfish/jersey/containers/jersey-container-servlet-core/2.27/jersey-container-servlet-core-2.27.jar:/home/user/.m2/repository/org/glassfish/hk2/external/javax.inject/2.5.0-b42/javax.inject-2.5.0-b42.jar:/home/user/.m2/repository/org/glassfish/jersey/core/jersey-common/2.27/jersey-common-2.27.jar:/home/user/.m2/repository/org/glassfish/hk2/osgi-resource-locator/1.0.1/osgi-resource-locator-1.0.1.jar:/home/user/.m2/repository/javax/ws/rs/javax.ws.rs-api/2.1/javax.ws.rs-api-2.1.jar:/home/user/.m2/repository/org/glassfish/jersey/ext/cdi/jersey-cdi1x/2.27/jersey-cdi1x-2.27.jar:/home/user/.m2/repository/org/glassfish/jersey/inject/jersey-hk2/2.27/jersey-hk2-2.27.jar:/home/user/.m2/repository/org/glassfish/hk2/hk2-locator/2.5.0-b42/hk2-locator-2.5.0-b42.jar:/home/user/.m2/repository/org/javassist/javassist/3.22.0-CR2/javassist-3.22.0-CR2.jar:/home/user/.m2/repository/org/glassfish/hk2/hk2-api/2.5.0/hk2-api-2.5.0.jar:/home/user/.m2/repository/org/glassfish/hk2/external/jakarta.inject/2.5.0/jakarta.inject-2.5.0.jar:/home/user/.m2/repository/org/glassfish/hk2/hk2-utils/2.5.0/hk2-utils-2.5.0.jar:/home/user/.m2/repository/jakarta/annotation/jakarta.annotation-api/1.3.4/jakarta.annotation-api-1.3.4.jar:/home/user/.m2/repository/org/glassfish/hk2/external/aopalliance-repackaged/2.5.0/aopalliance-repackaged-2.5.0.jar:/home/user/.m2/repository/com/fasterxml/jackson/dataformat/jackson-dataformat-xml/2.9.0/jackson-dataformat-xml-2.9.0.jar:/home/user/.m2/repository/com/fasterxml/jackson/module/jackson-module-jaxb-annotations/2.9.5/jackson-module-jaxb-annotations-2.9.5.jar:/home/user/.m2/repository/javax/enterprise/cdi-api/1.2/cdi-api-1.2.jar:/home/user/.m2/repository/javax/el/javax.el-api/3.0.0/javax.el-api-3.0.0.jar:/home/user/.m2/repository/javax/interceptor/javax.interceptor-api/1.2/javax.interceptor-api-1.2.jar:/home/user/.m2/repository/javax/inject/javax.inject/1/javax.inject-1.jar:/home/user/.m2/repository/org/apache/hadoop/hadoop-ozone-csi/0.5.0-SNAPSHOT/hadoop-ozone-csi-0.5.0-SNAPSHOT.jar:/home/user/.m2/repository/com/google/protobuf/protobuf-java-util/3.5.1/protobuf-java-util-3.5.1.jar:/home/user/.m2/repository/io/grpc/grpc-netty/1.17.1/grpc-netty-1.17.1.jar:/home/user/.m2/repository/io/grpc/grpc-core/1.17.1/grpc-core-1.17.1.jar:/home/user/.m2/repository/io/grpc/grpc-context/1.17.1/grpc-context-1.17.1.jar:/home/user/.m2/repository/com/google/errorprone/error_prone_annotations/2.2.0/error_prone_annotations-2.2.0.jar:/home/user/.m2/repository/org/codehaus/mojo/animal-sniffer-annotations/1.17/animal-sniffer-annotations-1.17.jar:/home/user/.m2/repository/io/opencensus/opencensus-api/0.17.0/opencensus-api-0.17.0.jar:/home/user/.m2/repository/io/opencensus/opencensus-contrib-grpc-metrics/0.17.0/opencensus-contrib-grpc-metrics-0.17.0.jar:/home/user/.m2/repository/io/netty/netty-codec-http2/4.1.30.Final/netty-codec-http2-4.1.30.Final.jar:/home/user/.m2/repository/io/netty/netty-codec-http/4.1.30.Final/netty-codec-http-4.1.30.Final.jar:/home/user/.m2/repository/io/netty/netty-codec/4.1.30.Final/netty-codec-4.1.30.Final.jar:/home/user/.m2/repository/io/netty/netty-handler/4.1.30.Final/netty-handler-4.1.30.Final.jar:/home/user/.m2/repository/io/netty/netty-handler-proxy/4.1.30.Final/netty-handler-proxy-4.1.30.Final.jar:/home/user/.m2/repository/io/netty/netty-codec-socks/4.1.30.Final/netty-codec-socks-4.1.30.Final.jar:/home/user/.m2/repository/io/netty/netty-transport-native-epoll/4.1.30.Final/netty-transport-native-epoll-4.1.30.Final.jar:/home/user/.m2/repository/io/netty/netty-common/4.1.30.Final/netty-common-4.1.30.Final.jar:/home/user/.m2/repository/io/netty/netty-buffer/4.1.30.Final/netty-buffer-4.1.30.Final.jar:/home/user/.m2/repository/io/netty/netty-transport/4.1.30.Final/netty-transport-4.1.30.Final.jar:/home/user/.m2/repository/io/netty/netty-resolver/4.1.30.Final/netty-resolver-4.1.30.Final.jar:/home/user/.m2/repository/io/netty/netty-transport-native-unix-common/4.1.30.Final/netty-transport-native-unix-common-4.1.30.Final.jar:/home/user/.m2/repository/io/grpc/grpc-protobuf/1.17.1/grpc-protobuf-1.17.1.jar:/home/user/.m2/repository/com/google/api/grpc/proto-google-common-protos/1.0.0/proto-google-common-protos-1.0.0.jar:/home/user/.m2/repository/io/grpc/grpc-protobuf-lite/1.17.1/grpc-protobuf-lite-1.17.1.jar:/home/user/.m2/repository/io/grpc/grpc-stub/1.17.1/grpc-stub-1.17.1.jar:/home/user/.m2/repository/org/apache/hadoop/hadoop-ozone-recon/0.5.0-SNAPSHOT/hadoop-ozone-recon-0.5.0-SNAPSHOT.jar:/home/user/.m2/repository/org/apache/hadoop/hadoop-ozone-reconcodegen/0.5.0-SNAPSHOT/hadoop-ozone-reconcodegen-0.5.0-SNAPSHOT.jar:/home/user/.m2/repository/com/google/inject/extensions/guice-multibindings/4.0/guice-multibindings-4.0.jar:/home/user/.m2/repository/com/google/inject/guice/4.0/guice-4.0.jar:/home/user/.m2/repository/aopalliance/aopalliance/1.0/aopalliance-1.0.jar:/home/user/.m2/repository/com/google/inject/extensions/guice-servlet/4.0/guice-servlet-4.0.jar:/home/user/.m2/repository/org/glassfish/jersey/containers/jersey-container-servlet/2.27/jersey-container-servlet-2.27.jar:/home/user/.m2/repository/org/glassfish/hk2/guice-bridge/2.5.0/guice-bridge-2.5.0.jar:/home/user/.m2/repository/org/glassfish/jersey/core/jersey-server/2.27/jersey-server-2.27.jar:/home/user/.m2/repository/org/glassfish/jersey/core/jersey-client/2.27/jersey-client-2.27.jar:/home/user/.m2/repository/org/glassfish/jersey/media/jersey-media-jaxb/2.27/jersey-media-jaxb-2.27.jar:/home/user/.m2/repository/javax/validation/validation-api/1.1.0.Final/validation-api-1.1.0.Final.jar:/home/user/.m2/repository/org/glassfish/jersey/media/jersey-media-json-jackson/2.27/jersey-media-json-jackson-2.27.jar:/home/user/.m2/repository/org/glassfish/jersey/ext/jersey-entity-filtering/2.27/jersey-entity-filtering-2.27.jar:/home/user/.m2/repository/com/google/inject/extensions/guice-assistedinject/4.0/guice-assistedinject-4.0.jar:/home/user/.m2/repository/org/jooq/jooq/3.11.10/jooq-3.11.10.jar:/home/user/.m2/repository/org/jooq/jooq-meta/3.11.10/jooq-meta-3.11.10.jar:/home/user/.m2/repository/org/jooq/jooq-codegen/3.11.10/jooq-codegen-3.11.10.jar:/home/user/.m2/repository/com/jolbox/bonecp/0.8.0.RELEASE/bonecp-0.8.0.RELEASE.jar:/home/user/.m2/repository/org/springframework/spring-jdbc/5.1.3.RELEASE/spring-jdbc-5.1.3.RELEASE.jar:/home/user/.m2/repository/org/springframework/spring-beans/5.1.3.RELEASE/spring-beans-5.1.3.RELEASE.jar:/home/user/.m2/repository/org/springframework/spring-core/5.1.3.RELEASE/spring-core-5.1.3.RELEASE.jar:/home/user/.m2/repository/org/springframework/spring-jcl/5.1.3.RELEASE/spring-jcl-5.1.3.RELEASE.jar:/home/user/.m2/repository/org/springframework/spring-tx/5.1.3.RELEASE/spring-tx-5.1.3.RELEASE.jar:/home/user/.m2/repository/org/mockito/mockito-core/2.15.0/mockito-core-2.15.0.jar:/home/user/.m2/repository/net/bytebuddy/byte-buddy/1.7.9/byte-buddy-1.7.9.jar:/home/user/.m2/repository/net/bytebuddy/byte-buddy-agent/1.7.9/byte-buddy-agent-1.7.9.jar:/home/user/.m2/repository/org/objenesis/objenesis/1.0/objenesis-1.0.jar:"/>
    <property name="sun.cpu.endian" value="little"/>
    <property name="user.home" value="/home/user"/>
    <property name="user.language" value="en"/>
    <property name="java.specification.vendor" value="Oracle Corporation"/>
    <property name="java.home" value="/usr/lib/jvm/java-1.8-openjdk/jre"/>
    <property name="java.security.krb5.conf" value="/workdir/hadoop-ozone/tools/target/test-classes/krb5.conf"/>
    <property name="basedir" value="/workdir/hadoop-ozone/tools"/>
    <property name="file.separator" value="/"/>
    <property name="line.separator" value="&#10;"/>
    <property name="java.vm.specification.vendor" value="Oracle Corporation"/>
    <property name="java.specification.name" value="Java Platform API Specification"/>
    <property name="java.awt.graphicsenv" value="sun.awt.X11GraphicsEnvironment"/>
    <property name="surefire.real.class.path" value="/workdir/hadoop-ozone/tools/target/surefire/surefirebooter3146365305142387210.jar"/>
    <property name="hadoop.log.dir" value="/workdir/hadoop-ozone/tools/target/log"/>
    <property name="sun.boot.class.path" value="/usr/lib/jvm/java-1.8-openjdk/jre/lib/resources.jar:/usr/lib/jvm/java-1.8-openjdk/jre/lib/rt.jar:/usr/lib/jvm/java-1.8-openjdk/jre/lib/sunrsasign.jar:/usr/lib/jvm/java-1.8-openjdk/jre/lib/jsse.jar:/usr/lib/jvm/java-1.8-openjdk/jre/lib/jce.jar:/usr/lib/jvm/java-1.8-openjdk/jre/lib/charsets.jar:/usr/lib/jvm/java-1.8-openjdk/jre/lib/jfr.jar:/usr/lib/jvm/java-1.8-openjdk/jre/classes"/>
    <property name="sun.management.compiler" value="HotSpot 64-Bit Tiered Compilers"/>
    <property name="java.runtime.version" value="1.8.0_212-b04"/>
    <property name="java.net.preferIPv4Stack" value="true"/>
    <property name="user.name" value="jenkins1000"/>
    <property name="path.separator" value=":"/>
    <property name="java.security.egd" value="file:///dev/urandom"/>
    <property name="os.version" value="3.10.0-957.12.2.el7.x86_64"/>
    <property name="java.endorsed.dirs" value="/usr/lib/jvm/java-1.8-openjdk/jre/lib/endorsed"/>
    <property name="java.runtime.name" value="OpenJDK Runtime Environment"/>
    <property name="file.encoding" value="UTF-8"/>
    <property name="java.vm.name" value="OpenJDK 64-Bit Server VM"/>
    <property name="test.build.webapps" value=""/>
    <property name="localRepository" value="/home/user/.m2/repository"/>
    <property name="java.vendor.url.bug" value="https://icedtea.classpath.org/bugzilla"/>
    <property name="java.io.tmpdir" value="/tmp"/>
    <property name="require.test.libhadoop" value=""/>
    <property name="java.version" value="1.8.0_212"/>
    <property name="user.dir" value="/workdir/hadoop-ozone/tools"/>
    <property name="os.arch" value="amd64"/>
    <property name="java.vm.specification.name" value="Java Virtual Machine Specification"/>
    <property name="test.build.classes" value="/workdir/hadoop-ozone/tools/target/test-classes"/>
    <property name="java.awt.printerjob" value="sun.print.PSPrinterJob"/>
    <property name="sun.os.patch.level" value="unknown"/>
    <property name="hadoop.tmp.dir" value="/workdir/hadoop-ozone/tools/target/tmp"/>
    <property name="java.library.path" value="/usr/lib/jvm/java-1.8-openjdk/jre/lib/amd64/server:/usr/lib/jvm/java-1.8-openjdk/jre/lib/amd64:/usr/lib/jvm/java-1.8-openjdk/jre/../lib/amd64:/workdir/hadoop-ozone/tools/target/native/target/usr/local/lib:/workdir/hadoop-ozone/tools/../../hadoop-common-project/hadoop-common/target/native/target/usr/local/lib:/usr/java/packages/lib/amd64:/usr/lib64:/lib64:/lib:/usr/lib"/>
    <property name="java.vm.info" value="mixed mode"/>
    <property name="java.vendor" value="IcedTea"/>
    <property name="java.vm.version" value="25.212-b04"/>
    <property name="java.ext.dirs" value="/usr/lib/jvm/java-1.8-openjdk/jre/lib/ext:/usr/java/packages/lib/ext"/>
    <property name="sun.io.unicode.encoding" value="UnicodeLittle"/>
    <property name="java.class.version" value="52.0"/>
  </properties>
  <testcase name="testRestart" classname="org.apache.hadoop.ozone.freon.TestFreonWithPipelineDestroy" time="10.494">
    <error message="Allocated 0 blocks. Requested 5 blocks" type="INTERNAL_ERROR org.apache.hadoop.ozone.om.exceptions.OMException">INTERNAL_ERROR org.apache.hadoop.ozone.om.exceptions.OMException: Allocated 0 blocks. Requested 5 blocks
	at org.apache.hadoop.ozone.om.protocolPB.OzoneManagerProtocolClientSideTranslatorPB.handleError(OzoneManagerProtocolClientSideTranslatorPB.java:725)
	at org.apache.hadoop.ozone.om.protocolPB.OzoneManagerProtocolClientSideTranslatorPB.openKey(OzoneManagerProtocolClientSideTranslatorPB.java:716)
	at org.apache.hadoop.ozone.client.rpc.RpcClient.createKey(RpcClient.java:615)
	at org.apache.hadoop.ozone.client.OzoneBucket.createKey(OzoneBucket.java:323)
	at org.apache.hadoop.ozone.freon.RandomKeyGenerator.createKey(RandomKeyGenerator.java:686)
	at org.apache.hadoop.ozone.freon.RandomKeyGenerator.access$1100(RandomKeyGenerator.java:87)
	at org.apache.hadoop.ozone.freon.RandomKeyGenerator$ObjectCreator.run(RandomKeyGenerator.java:606)
	at java.util.concurrent.Executors$RunnableAdapter.call(Executors.java:511)
	at java.util.concurrent.FutureTask.run(FutureTask.java:266)
	at java.util.concurrent.ThreadPoolExecutor.runWorker(ThreadPoolExecutor.java:1149)
	at java.util.concurrent.ThreadPoolExecutor$Worker.run(ThreadPoolExecutor.java:624)
	at java.lang.Thread.run(Thread.java:748)
</error>
    <system-out><![CDATA[2019-09-19 16:58:56,367 [main] WARN  server.ServerUtils (ServerUtils.java:getScmDbDir(145)) - ozone.scm.db.dirs is not configured. We recommend adding this setting. Falling back to ozone.metadata.dirs instead.
2019-09-19 16:58:56,481 [main] WARN  server.ServerUtils (ServerUtils.java:getScmDbDir(145)) - ozone.scm.db.dirs is not configured. We recommend adding this setting. Falling back to ozone.metadata.dirs instead.
2019-09-19 16:58:56,485 [main] WARN  server.ServerUtils (ServerUtils.java:getScmDbDir(145)) - ozone.scm.db.dirs is not configured. We recommend adding this setting. Falling back to ozone.metadata.dirs instead.
2019-09-19 16:58:56,511 [main] INFO  util.log (Log.java:initialized(192)) - Logging initialized @923ms
2019-09-19 16:58:56,635 [main] INFO  db.DBStoreBuilder (DBStoreBuilder.java:addTable(110)) - using custom profile for table: deletedBlocks
2019-09-19 16:58:56,636 [main] INFO  db.DBStoreBuilder (DBStoreBuilder.java:processTables(161)) - Using default column profile:DBProfile.DISK for Table:deletedBlocks
2019-09-19 16:58:56,636 [main] INFO  db.DBStoreBuilder (DBStoreBuilder.java:addTable(110)) - using custom profile for table: validCerts
2019-09-19 16:58:56,637 [main] INFO  db.DBStoreBuilder (DBStoreBuilder.java:processTables(161)) - Using default column profile:DBProfile.DISK for Table:validCerts
2019-09-19 16:58:56,637 [main] INFO  db.DBStoreBuilder (DBStoreBuilder.java:addTable(110)) - using custom profile for table: revokedCerts
2019-09-19 16:58:56,637 [main] INFO  db.DBStoreBuilder (DBStoreBuilder.java:processTables(161)) - Using default column profile:DBProfile.DISK for Table:revokedCerts
2019-09-19 16:58:56,651 [main] INFO  db.DBStoreBuilder (DBStoreBuilder.java:addTable(110)) - using custom profile for table: default
2019-09-19 16:58:56,652 [main] INFO  db.DBStoreBuilder (DBStoreBuilder.java:processTables(167)) - Using default column profile:DBProfile.DISK for Table:default
2019-09-19 16:58:56,653 [main] INFO  db.DBStoreBuilder (DBStoreBuilder.java:getDbProfile(198)) - Using default options. DBProfile.DISK
2019-09-19 16:58:56,879 [main] INFO  net.NodeSchemaLoader (NodeSchemaLoader.java:loadSchemaFromFile(125)) - Loading file from sun.misc.CompoundEnumeration@20deea7f
2019-09-19 16:58:56,881 [main] INFO  net.NodeSchemaLoader (NodeSchemaLoader.java:loadSchema(171)) - Loading network topology layer schema file
2019-09-19 16:58:56,957 [main] INFO  node.SCMNodeManager (SCMNodeManager.java:<init>(121)) - Entering startup safe mode.
2019-09-19 16:58:57,031 [main] INFO  algorithms.ContainerPlacementPolicyFactory (ContainerPlacementPolicyFactory.java:getPolicy(56)) - Create container placement policy of type org.apache.hadoop.hdds.scm.container.placement.algorithms.SCMContainerPlacementRandom
2019-09-19 16:58:57,047 [main] WARN  server.ServerUtils (ServerUtils.java:getScmDbDir(145)) - ozone.scm.db.dirs is not configured. We recommend adding this setting. Falling back to ozone.metadata.dirs instead.
2019-09-19 16:58:57,126 [main] INFO  pipeline.SCMPipelineManager (SCMPipelineManager.java:initializePipelineState(126)) - No pipeline exists in current db
2019-09-19 16:58:57,129 [main] WARN  server.ServerUtils (ServerUtils.java:getScmDbDir(145)) - ozone.scm.db.dirs is not configured. We recommend adding this setting. Falling back to ozone.metadata.dirs instead.
2019-09-19 16:58:57,271 [main] WARN  events.EventQueue (EventQueue.java:fireEvent(175)) - No event handler registered for event TypedEvent{payloadType=SafeModeStatus, name='SafeModeStatus'}
2019-09-19 16:58:57,816 [main] INFO  ipc.CallQueueManager (CallQueueManager.java:<init>(84)) - Using callQueue: class java.util.concurrent.LinkedBlockingQueue, queueCapacity: 2000, scheduler: class org.apache.hadoop.ipc.DefaultRpcScheduler, ipcBackoff: false.
2019-09-19 16:58:58,190 [Socket Reader #1 for port 43601] INFO  ipc.Server (Server.java:run(1074)) - Starting Socket Reader #1 for port 43601
2019-09-19 16:58:58,227 [main] INFO  ipc.CallQueueManager (CallQueueManager.java:<init>(84)) - Using callQueue: class java.util.concurrent.LinkedBlockingQueue, queueCapacity: 2000, scheduler: class org.apache.hadoop.ipc.DefaultRpcScheduler, ipcBackoff: false.
2019-09-19 16:58:58,228 [Socket Reader #1 for port 36020] INFO  ipc.Server (Server.java:run(1074)) - Starting Socket Reader #1 for port 36020
2019-09-19 16:58:58,237 [main] INFO  ipc.CallQueueManager (CallQueueManager.java:<init>(84)) - Using callQueue: class java.util.concurrent.LinkedBlockingQueue, queueCapacity: 2000, scheduler: class org.apache.hadoop.ipc.DefaultRpcScheduler, ipcBackoff: false.
2019-09-19 16:58:58,238 [Socket Reader #1 for port 36861] INFO  ipc.Server (Server.java:run(1074)) - Starting Socket Reader #1 for port 36861
2019-09-19 16:58:58,265 [main] INFO  hdfs.DFSUtil (DFSUtil.java:httpServerTemplateForNNAndJN(1641)) - Starting Web-server for scm at: http://0.0.0.0:0
2019-09-19 16:58:58,423 [main] INFO  server.AuthenticationFilter (AuthenticationFilter.java:constructSecretProvider(240)) - Unable to initialize FileSignerSecretProvider, falling back to use random secrets.
2019-09-19 16:58:58,439 [main] WARN  http.HttpRequestLog (HttpRequestLog.java:getRequestLog(97)) - Jetty request log can only be enabled using Log4j
2019-09-19 16:58:58,449 [main] INFO  http.HttpServer2 (HttpServer2.java:addGlobalFilter(975)) - Added global filter 'safety' (class=org.apache.hadoop.http.HttpServer2$QuotingInputFilter)
2019-09-19 16:58:58,452 [main] INFO  http.HttpServer2 (HttpServer2.java:addFilter(948)) - Added filter static_user_filter (class=org.apache.hadoop.http.lib.StaticUserWebFilter$StaticUserFilter) to context scm
2019-09-19 16:58:58,452 [main] INFO  http.HttpServer2 (HttpServer2.java:addFilter(958)) - Added filter static_user_filter (class=org.apache.hadoop.http.lib.StaticUserWebFilter$StaticUserFilter) to context logs
2019-09-19 16:58:58,452 [main] INFO  http.HttpServer2 (HttpServer2.java:addFilter(958)) - Added filter static_user_filter (class=org.apache.hadoop.http.lib.StaticUserWebFilter$StaticUserFilter) to context static
2019-09-19 16:58:58,483 [main] INFO  server.StorageContainerManager (StorageContainerManager.java:start(759)) - StorageContainerLocationProtocol RPC server is listening at /0.0.0.0:36861
2019-09-19 16:58:58,539 [main] WARN  impl.MetricsConfig (MetricsConfig.java:loadFirst(134)) - Cannot locate configuration: tried hadoop-metrics2-storagecontainermanager.properties,hadoop-metrics2.properties
2019-09-19 16:58:58,552 [main] INFO  impl.MetricsSystemImpl (MetricsSystemImpl.java:startTimer(374)) - Scheduled Metric snapshot period at 10 second(s).
2019-09-19 16:58:58,552 [main] INFO  impl.MetricsSystemImpl (MetricsSystemImpl.java:start(191)) - StorageContainerManager metrics system started
2019-09-19 16:58:58,793 [main] INFO  server.SCMClientProtocolServer (SCMClientProtocolServer.java:start(151)) - RPC server for Client  is listening at /0.0.0.0:36861
2019-09-19 16:58:58,794 [IPC Server listener on 36861] INFO  ipc.Server (Server.java:run(1153)) - IPC Server listener on 36861: starting
2019-09-19 16:58:58,794 [IPC Server Responder] INFO  ipc.Server (Server.java:run(1314)) - IPC Server Responder: starting
2019-09-19 16:58:58,797 [main] INFO  server.StorageContainerManager (StorageContainerManager.java:start(769)) - ScmBlockLocationProtocol RPC server is listening at /0.0.0.0:36020
2019-09-19 16:58:58,797 [main] INFO  server.SCMBlockProtocolServer (SCMBlockProtocolServer.java:start(140)) - RPC server for Block Protocol is listening at /0.0.0.0:36020
2019-09-19 16:58:58,798 [IPC Server listener on 36020] INFO  ipc.Server (Server.java:run(1153)) - IPC Server listener on 36020: starting
2019-09-19 16:58:58,798 [IPC Server Responder] INFO  ipc.Server (Server.java:run(1314)) - IPC Server Responder: starting
2019-09-19 16:58:58,801 [main] INFO  server.StorageContainerManager (StorageContainerManager.java:start(773)) - ScmDatanodeProtocl RPC server is listening at /0.0.0.0:43601
2019-09-19 16:58:58,801 [main] INFO  server.SCMDatanodeProtocolServer (SCMDatanodeProtocolServer.java:start(191)) - RPC server for DataNodes is listening at /0.0.0.0:43601
2019-09-19 16:58:58,801 [IPC Server Responder] INFO  ipc.Server (Server.java:run(1314)) - IPC Server Responder: starting
2019-09-19 16:58:58,801 [IPC Server listener on 43601] INFO  ipc.Server (Server.java:run(1153)) - IPC Server listener on 43601: starting
2019-09-19 16:58:58,805 [main] INFO  http.HttpServer2 (HttpServer2.java:bindListener(1191)) - Jetty bound to port 39928
2019-09-19 16:58:58,807 [main] INFO  server.Server (Server.java:doStart(351)) - jetty-9.3.24.v20180605, build timestamp: 2018-06-05T17:11:56Z, git hash: 84205aa28f11a4f31f2a3b86d1bba2cc8ab69827
2019-09-19 16:58:58,844 [main] INFO  handler.ContextHandler (ContextHandler.java:doStart(781)) - Started o.e.j.s.ServletContextHandler@4e70a728{/logs,file:///workdir/hadoop-ozone/tools/target/log,AVAILABLE}
2019-09-19 16:58:58,845 [main] INFO  handler.ContextHandler (ContextHandler.java:doStart(781)) - Started o.e.j.s.ServletContextHandler@1c3146bc{/static,jar:file:/home/user/.m2/repository/org/apache/hadoop/hadoop-hdds-server-scm/0.5.0-SNAPSHOT/hadoop-hdds-server-scm-0.5.0-SNAPSHOT.jar!/webapps/static,AVAILABLE}
2019-09-19 16:58:58,921 [main] INFO  handler.ContextHandler (ContextHandler.java:doStart(781)) - Started o.e.j.w.WebAppContext@72efb5c1{/,file:///tmp/jetty-0.0.0.0-39928-scm-_-any-5702073040261384084.dir/webapp/,AVAILABLE}{/scm}
2019-09-19 16:58:58,926 [main] INFO  server.AbstractConnector (AbstractConnector.java:doStart(278)) - Started ServerConnector@7a0e1b5e{HTTP/1.1,[http/1.1]}{0.0.0.0:39928}
2019-09-19 16:58:58,926 [main] INFO  server.Server (Server.java:doStart(419)) - Started @3339ms
2019-09-19 16:58:58,927 [main] INFO  server.BaseHttpServer (BaseHttpServer.java:updateConnectorAddress(213)) - HTTP server of SCM is listening at http://0.0.0.0:39928
2019-09-19 16:58:58,933 [org.apache.hadoop.util.JvmPauseMonitor$Monitor@15bcf458] INFO  util.JvmPauseMonitor (JvmPauseMonitor.java:run(188)) - Starting JVM pause monitor
2019-09-19 16:58:58,937 [main] WARN  server.ServerUtils (ServerUtils.java:getDBPath(222)) - ozone.om.db.dirs is not configured. We recommend adding this setting. Falling back to ozone.metadata.dirs instead.
2019-09-19 16:58:59,062 [main] WARN  server.ServerUtils (ServerUtils.java:getDBPath(222)) - ozone.om.db.dirs is not configured. We recommend adding this setting. Falling back to ozone.metadata.dirs instead.
2019-09-19 16:58:59,063 [main] WARN  server.ServerUtils (ServerUtils.java:getDBPath(222)) - ozone.om.db.dirs is not configured. We recommend adding this setting. Falling back to ozone.metadata.dirs instead.
2019-09-19 16:58:59,064 [main] INFO  om.OzoneManager (OzoneManager.java:setOMNodeDetails(645)) - OM Service ID is not set. Setting it to the default ID: omServiceIdDefault
2019-09-19 16:58:59,064 [main] INFO  om.OzoneManager (OzoneManager.java:setOMNodeDetails(651)) - OM Node ID is not set. Setting it to the OmStorage's OmID: 2f306355-e09c-4a8e-ad37-f9bc2c3286fd
2019-09-19 16:58:59,065 [main] INFO  om.OzoneManager (OzoneManager.java:loadOMHAConfigs(602)) - Found matching OM address with OMServiceId: null, OMNodeId: null, RPC Address: localhost:0 and Ratis port: 9872
2019-09-19 16:58:59,361 | INFO  | SCMAudit | user=jenkins1000 | ip=192.168.157.226 | op=GET_SCM_INFO null | ret=SUCCESS |  
2019-09-19 16:58:59,851 [main] WARN  server.ServerUtils (ServerUtils.java:getDBPath(222)) - ozone.om.db.dirs is not configured. We recommend adding this setting. Falling back to ozone.metadata.dirs instead.
2019-09-19 16:58:59,859 [main] INFO  db.DBStoreBuilder (DBStoreBuilder.java:addTable(110)) - using custom profile for table: userTable
2019-09-19 16:58:59,860 [main] INFO  db.DBStoreBuilder (DBStoreBuilder.java:processTables(161)) - Using default column profile:DBProfile.DISK for Table:userTable
2019-09-19 16:58:59,860 [main] INFO  db.DBStoreBuilder (DBStoreBuilder.java:addTable(110)) - using custom profile for table: volumeTable
2019-09-19 16:58:59,860 [main] INFO  db.DBStoreBuilder (DBStoreBuilder.java:processTables(161)) - Using default column profile:DBProfile.DISK for Table:volumeTable
2019-09-19 16:58:59,861 [main] INFO  db.DBStoreBuilder (DBStoreBuilder.java:addTable(110)) - using custom profile for table: bucketTable
2019-09-19 16:58:59,861 [main] INFO  db.DBStoreBuilder (DBStoreBuilder.java:processTables(161)) - Using default column profile:DBProfile.DISK for Table:bucketTable
2019-09-19 16:58:59,861 [main] INFO  db.DBStoreBuilder (DBStoreBuilder.java:addTable(110)) - using custom profile for table: keyTable
2019-09-19 16:58:59,861 [main] INFO  db.DBStoreBuilder (DBStoreBuilder.java:processTables(161)) - Using default column profile:DBProfile.DISK for Table:keyTable
2019-09-19 16:58:59,862 [main] INFO  db.DBStoreBuilder (DBStoreBuilder.java:addTable(110)) - using custom profile for table: deletedTable
2019-09-19 16:58:59,862 [main] INFO  db.DBStoreBuilder (DBStoreBuilder.java:processTables(161)) - Using default column profile:DBProfile.DISK for Table:deletedTable
2019-09-19 16:58:59,862 [main] INFO  db.DBStoreBuilder (DBStoreBuilder.java:addTable(110)) - using custom profile for table: openKeyTable
2019-09-19 16:58:59,862 [main] INFO  db.DBStoreBuilder (DBStoreBuilder.java:processTables(161)) - Using default column profile:DBProfile.DISK for Table:openKeyTable
2019-09-19 16:58:59,863 [main] INFO  db.DBStoreBuilder (DBStoreBuilder.java:addTable(110)) - using custom profile for table: s3Table
2019-09-19 16:58:59,863 [main] INFO  db.DBStoreBuilder (DBStoreBuilder.java:processTables(161)) - Using default column profile:DBProfile.DISK for Table:s3Table
2019-09-19 16:58:59,863 [main] INFO  db.DBStoreBuilder (DBStoreBuilder.java:addTable(110)) - using custom profile for table: multipartInfoTable
2019-09-19 16:58:59,863 [main] INFO  db.DBStoreBuilder (DBStoreBuilder.java:processTables(161)) - Using default column profile:DBProfile.DISK for Table:multipartInfoTable
2019-09-19 16:58:59,863 [main] INFO  db.DBStoreBuilder (DBStoreBuilder.java:addTable(110)) - using custom profile for table: dTokenTable
2019-09-19 16:58:59,864 [main] INFO  db.DBStoreBuilder (DBStoreBuilder.java:processTables(161)) - Using default column profile:DBProfile.DISK for Table:dTokenTable
2019-09-19 16:58:59,864 [main] INFO  db.DBStoreBuilder (DBStoreBuilder.java:addTable(110)) - using custom profile for table: s3SecretTable
2019-09-19 16:58:59,864 [main] INFO  db.DBStoreBuilder (DBStoreBuilder.java:processTables(161)) - Using default column profile:DBProfile.DISK for Table:s3SecretTable
2019-09-19 16:58:59,865 [main] INFO  db.DBStoreBuilder (DBStoreBuilder.java:addTable(110)) - using custom profile for table: prefixTable
2019-09-19 16:58:59,865 [main] INFO  db.DBStoreBuilder (DBStoreBuilder.java:processTables(161)) - Using default column profile:DBProfile.DISK for Table:prefixTable
2019-09-19 16:58:59,865 [main] INFO  db.DBStoreBuilder (DBStoreBuilder.java:addTable(110)) - using custom profile for table: default
2019-09-19 16:58:59,865 [main] INFO  db.DBStoreBuilder (DBStoreBuilder.java:processTables(167)) - Using default column profile:DBProfile.DISK for Table:default
2019-09-19 16:58:59,865 [main] INFO  db.DBStoreBuilder (DBStoreBuilder.java:getDbProfile(198)) - Using default options. DBProfile.DISK
2019-09-19 16:59:00,343 [main] INFO  ipc.CallQueueManager (CallQueueManager.java:<init>(84)) - Using callQueue: class java.util.concurrent.LinkedBlockingQueue, queueCapacity: 2000, scheduler: class org.apache.hadoop.ipc.DefaultRpcScheduler, ipcBackoff: false.
2019-09-19 16:59:00,344 [Socket Reader #1 for port 33233] INFO  ipc.Server (Server.java:run(1074)) - Starting Socket Reader #1 for port 33233
2019-09-19 16:59:00,376 [main] INFO  om.OzoneManager (OzoneManager.java:start(1256)) - OzoneManager RPC server is listening at localhost/127.0.0.1:33233
2019-09-19 16:59:00,377 [main] INFO  impl.MetricsSystemImpl (MetricsSystemImpl.java:init(158)) - OzoneManager metrics system started (again)
2019-09-19 16:59:00,378 [IPC Server Responder] INFO  ipc.Server (Server.java:run(1314)) - IPC Server Responder: starting
2019-09-19 16:59:00,378 [IPC Server listener on 33233] INFO  ipc.Server (Server.java:run(1153)) - IPC Server listener on 33233: starting
2019-09-19 16:59:00,387 [main] INFO  hdfs.DFSUtil (DFSUtil.java:httpServerTemplateForNNAndJN(1641)) - Starting Web-server for ozoneManager at: http://0.0.0.0:0
2019-09-19 16:59:00,389 [main] INFO  server.AuthenticationFilter (AuthenticationFilter.java:constructSecretProvider(240)) - Unable to initialize FileSignerSecretProvider, falling back to use random secrets.
2019-09-19 16:59:00,390 [main] WARN  http.HttpRequestLog (HttpRequestLog.java:getRequestLog(97)) - Jetty request log can only be enabled using Log4j
2019-09-19 16:59:00,393 [main] INFO  http.HttpServer2 (HttpServer2.java:addGlobalFilter(975)) - Added global filter 'safety' (class=org.apache.hadoop.http.HttpServer2$QuotingInputFilter)
2019-09-19 16:59:00,394 [main] INFO  http.HttpServer2 (HttpServer2.java:addFilter(948)) - Added filter static_user_filter (class=org.apache.hadoop.http.lib.StaticUserWebFilter$StaticUserFilter) to context ozoneManager
2019-09-19 16:59:00,394 [main] INFO  http.HttpServer2 (HttpServer2.java:addFilter(958)) - Added filter static_user_filter (class=org.apache.hadoop.http.lib.StaticUserWebFilter$StaticUserFilter) to context logs
2019-09-19 16:59:00,395 [main] INFO  http.HttpServer2 (HttpServer2.java:addFilter(958)) - Added filter static_user_filter (class=org.apache.hadoop.http.lib.StaticUserWebFilter$StaticUserFilter) to context static
2019-09-19 16:59:00,574 [main] INFO  http.HttpServer2 (HttpServer2.java:bindListener(1191)) - Jetty bound to port 39495
2019-09-19 16:59:00,575 [main] INFO  server.Server (Server.java:doStart(351)) - jetty-9.3.24.v20180605, build timestamp: 2018-06-05T17:11:56Z, git hash: 84205aa28f11a4f31f2a3b86d1bba2cc8ab69827
2019-09-19 16:59:00,578 [main] INFO  handler.ContextHandler (ContextHandler.java:doStart(781)) - Started o.e.j.s.ServletContextHandler@782168b7{/logs,file:///workdir/hadoop-ozone/tools/target/log,AVAILABLE}
2019-09-19 16:59:00,583 [main] INFO  handler.ContextHandler (ContextHandler.java:doStart(781)) - Started o.e.j.s.ServletContextHandler@7435a578{/static,jar:file:/home/user/.m2/repository/org/apache/hadoop/hadoop-ozone-ozone-manager/0.5.0-SNAPSHOT/hadoop-ozone-ozone-manager-0.5.0-SNAPSHOT.jar!/webapps/static,AVAILABLE}
2019-09-19 16:59:00,638 [main] INFO  handler.ContextHandler (ContextHandler.java:doStart(781)) - Started o.e.j.w.WebAppContext@10876a6{/,file:///tmp/jetty-0.0.0.0-39495-ozoneManager-_-any-8087808783975812112.dir/webapp/,AVAILABLE}{/ozoneManager}
2019-09-19 16:59:00,639 [main] INFO  server.AbstractConnector (AbstractConnector.java:doStart(278)) - Started ServerConnector@71870da7{HTTP/1.1,[http/1.1]}{0.0.0.0:39495}
2019-09-19 16:59:00,639 [main] INFO  server.Server (Server.java:doStart(419)) - Started @5052ms
2019-09-19 16:59:00,640 [main] INFO  server.BaseHttpServer (BaseHttpServer.java:updateConnectorAddress(213)) - HTTP server of OZONEMANAGER is listening at http://0.0.0.0:39495
2019-09-19 16:59:00,782 [main] INFO  impl.MetricsSystemImpl (MetricsSystemImpl.java:init(158)) - HddsDatanode metrics system started (again)
2019-09-19 16:59:00,912 [main] INFO  ozone.HddsDatanodeService (HddsDatanodeService.java:start(184)) - HddsDatanodeService host:pr-hdds-1569-swxfz-3172132826 ip:192.168.157.226
2019-09-19 16:59:00,953 [main] INFO  volume.HddsVolume (HddsVolume.java:<init>(176)) - Creating Volume: /workdir/hadoop-ozone/tools/target/test-dir/MiniOzoneClusterImpl-a5ac6908-1030-4589-81cf-eb895152b587/datanode-0/data/containers/hdds of  storage type : DISK and capacity : 1482555576320
2019-09-19 16:59:00,955 [main] INFO  volume.VolumeSet (VolumeSet.java:initializeVolumeSet(170)) - Added Volume : /workdir/hadoop-ozone/tools/target/test-dir/MiniOzoneClusterImpl-a5ac6908-1030-4589-81cf-eb895152b587/datanode-0/data/containers/hdds to VolumeSet
2019-09-19 16:59:00,958 [main] INFO  volume.ThrottledAsyncChecker (ThrottledAsyncChecker.java:schedule(140)) - Scheduling a check for org.apache.hadoop.ozone.container.common.volume.HddsVolume@4b869331
2019-09-19 16:59:00,977 [main] INFO  volume.HddsVolumeChecker (HddsVolumeChecker.java:checkAllVolumes(203)) - Scheduled health check for volume org.apache.hadoop.ozone.container.common.volume.HddsVolume@4b869331
2019-09-19 16:59:01,132 [main] INFO  impl.RaftServerProxy (ConfUtils.java:logGet(43)) - raft.rpc.type = GRPC (default)
2019-09-19 16:59:01,206 [main] INFO  grpc.GrpcFactory (GrpcFactory.java:checkPooledByteBufAllocatorUseCacheForAllThreads(45)) - PERFORMANCE WARNING: useCacheForAllThreads is true that may cause Netty to create a lot garbage objects and, as a result, trigger GC.
	It is recommended to disable useCacheForAllThreads by setting -Dorg.apache.ratis.thirdparty.io.netty.allocator.useCacheForAllThreads=false in command line.
2019-09-19 16:59:01,211 [main] INFO  grpc.GrpcConfigKeys$Server (ConfUtils.java:logGet(43)) - raft.grpc.server.port = 0 (default)
2019-09-19 16:59:01,212 [main] INFO  server.GrpcService (ConfUtils.java:logGet(43)) - raft.grpc.message.size.max = 33570816 (custom)
2019-09-19 16:59:01,214 [main] INFO  server.RaftServerConfigKeys (ConfUtils.java:logGet(43)) - raft.server.log.appender.buffer.byte-limit = 33554432 (custom)
2019-09-19 16:59:01,214 [main] INFO  server.GrpcService (ConfUtils.java:logGet(43)) - raft.grpc.flow.control.window = 1MB (=1048576) (default)
2019-09-19 16:59:01,215 [main] INFO  server.RaftServerConfigKeys (ConfUtils.java:logGet(43)) - raft.server.rpc.request.timeout = 3000ms (default)
2019-09-19 16:59:01,378 [main] INFO  server.RaftServerConfigKeys (ConfUtils.java:logGet(43)) - raft.server.storage.dir = [/workdir/hadoop-ozone/tools/target/test-dir/MiniOzoneClusterImpl-a5ac6908-1030-4589-81cf-eb895152b587/datanode-0/data/ratis] (custom)
2019-09-19 16:59:01,438 [main] INFO  replication.SimpleContainerDownloader (SimpleContainerDownloader.java:<init>(72)) - Starting container downloader service to copy containers to replicate.
2019-09-19 16:59:01,456 [main] INFO  hdfs.DFSUtil (DFSUtil.java:httpServerTemplateForNNAndJN(1641)) - Starting Web-server for hddsDatanode at: http://0.0.0.0:0
2019-09-19 16:59:01,460 [main] INFO  server.AuthenticationFilter (AuthenticationFilter.java:constructSecretProvider(240)) - Unable to initialize FileSignerSecretProvider, falling back to use random secrets.
2019-09-19 16:59:01,461 [main] WARN  http.HttpRequestLog (HttpRequestLog.java:getRequestLog(97)) - Jetty request log can only be enabled using Log4j
2019-09-19 16:59:01,464 [main] INFO  http.HttpServer2 (HttpServer2.java:addGlobalFilter(975)) - Added global filter 'safety' (class=org.apache.hadoop.http.HttpServer2$QuotingInputFilter)
2019-09-19 16:59:01,465 [main] INFO  http.HttpServer2 (HttpServer2.java:addFilter(948)) - Added filter static_user_filter (class=org.apache.hadoop.http.lib.StaticUserWebFilter$StaticUserFilter) to context hddsDatanode
2019-09-19 16:59:01,465 [main] INFO  http.HttpServer2 (HttpServer2.java:addFilter(958)) - Added filter static_user_filter (class=org.apache.hadoop.http.lib.StaticUserWebFilter$StaticUserFilter) to context logs
2019-09-19 16:59:01,466 [main] INFO  http.HttpServer2 (HttpServer2.java:addFilter(958)) - Added filter static_user_filter (class=org.apache.hadoop.http.lib.StaticUserWebFilter$StaticUserFilter) to context static
2019-09-19 16:59:01,468 [main] INFO  http.HttpServer2 (HttpServer2.java:bindListener(1191)) - Jetty bound to port 41269
2019-09-19 16:59:01,468 [main] INFO  server.Server (Server.java:doStart(351)) - jetty-9.3.24.v20180605, build timestamp: 2018-06-05T17:11:56Z, git hash: 84205aa28f11a4f31f2a3b86d1bba2cc8ab69827
2019-09-19 16:59:01,471 [main] INFO  handler.ContextHandler (ContextHandler.java:doStart(781)) - Started o.e.j.s.ServletContextHandler@3bd2af5b{/logs,file:///workdir/hadoop-ozone/tools/target/log,AVAILABLE}
2019-09-19 16:59:01,472 [main] INFO  handler.ContextHandler (ContextHandler.java:doStart(781)) - Started o.e.j.s.ServletContextHandler@75d982d3{/static,jar:file:/home/user/.m2/repository/org/apache/hadoop/hadoop-hdds-container-service/0.5.0-SNAPSHOT/hadoop-hdds-container-service-0.5.0-SNAPSHOT.jar!/webapps/static,AVAILABLE}
2019-09-19 16:59:01,515 [main] INFO  handler.ContextHandler (ContextHandler.java:doStart(781)) - Started o.e.j.w.WebAppContext@2b7962a2{/,file:///tmp/jetty-0.0.0.0-41269-hddsDatanode-_-any-8016551658011816157.dir/webapp/,AVAILABLE}{/hddsDatanode}
2019-09-19 16:59:01,516 [main] INFO  server.AbstractConnector (AbstractConnector.java:doStart(278)) - Started ServerConnector@6ad16c5d{HTTP/1.1,[http/1.1]}{0.0.0.0:41269}
2019-09-19 16:59:01,516 [main] INFO  server.Server (Server.java:doStart(419)) - Started @5929ms
2019-09-19 16:59:01,518 [main] INFO  server.BaseHttpServer (BaseHttpServer.java:updateConnectorAddress(213)) - HTTP server of HDDSDATANODE is listening at http://0.0.0.0:41269
2019-09-19 16:59:02,739 | INFO  | ObjectStoreRestHttpServer | Listening HDDS REST traffic on /0.0.0.0:41091 |  
2019-09-19 16:59:02,741 [main] INFO  ozone.HddsDatanodeService (HddsDatanodeService.java:startPlugins(395)) - Started plug-in org.apache.hadoop.ozone.web.OzoneHddsDatanodeService@2bb62414
2019-09-19 16:59:02,742 [main] INFO  impl.MetricsSystemImpl (MetricsSystemImpl.java:init(158)) - HddsDatanode metrics system started (again)
2019-09-19 16:59:02,745 [main] INFO  ozone.HddsDatanodeService (HddsDatanodeService.java:start(184)) - HddsDatanodeService host:pr-hdds-1569-swxfz-3172132826 ip:192.168.157.226
2019-09-19 16:59:02,751 [org.apache.hadoop.util.JvmPauseMonitor$Monitor@5c44336a] INFO  util.JvmPauseMonitor (JvmPauseMonitor.java:run(188)) - Starting JVM pause monitor
2019-09-19 16:59:02,757 [main] INFO  volume.HddsVolume (HddsVolume.java:<init>(176)) - Creating Volume: /workdir/hadoop-ozone/tools/target/test-dir/MiniOzoneClusterImpl-a5ac6908-1030-4589-81cf-eb895152b587/datanode-1/data/containers/hdds of  storage type : DISK and capacity : 1482555576320
2019-09-19 16:59:02,758 [main] INFO  volume.VolumeSet (VolumeSet.java:initializeVolumeSet(170)) - Added Volume : /workdir/hadoop-ozone/tools/target/test-dir/MiniOzoneClusterImpl-a5ac6908-1030-4589-81cf-eb895152b587/datanode-1/data/containers/hdds to VolumeSet
2019-09-19 16:59:02,760 [main] INFO  volume.ThrottledAsyncChecker (ThrottledAsyncChecker.java:schedule(140)) - Scheduling a check for org.apache.hadoop.ozone.container.common.volume.HddsVolume@64518270
2019-09-19 16:59:02,761 [main] INFO  volume.HddsVolumeChecker (HddsVolumeChecker.java:checkAllVolumes(203)) - Scheduled health check for volume org.apache.hadoop.ozone.container.common.volume.HddsVolume@64518270
2019-09-19 16:59:02,789 [main] INFO  impl.RaftServerProxy (ConfUtils.java:logGet(43)) - raft.rpc.type = GRPC (default)
2019-09-19 16:59:02,789 [main] INFO  grpc.GrpcFactory (GrpcFactory.java:checkPooledByteBufAllocatorUseCacheForAllThreads(45)) - PERFORMANCE WARNING: useCacheForAllThreads is true that may cause Netty to create a lot garbage objects and, as a result, trigger GC.
	It is recommended to disable useCacheForAllThreads by setting -Dorg.apache.ratis.thirdparty.io.netty.allocator.useCacheForAllThreads=false in command line.
2019-09-19 16:59:02,790 [main] INFO  grpc.GrpcConfigKeys$Server (ConfUtils.java:logGet(43)) - raft.grpc.server.port = 0 (default)
2019-09-19 16:59:02,790 [main] INFO  server.GrpcService (ConfUtils.java:logGet(43)) - raft.grpc.message.size.max = 33570816 (custom)
2019-09-19 16:59:02,791 [main] INFO  server.RaftServerConfigKeys (ConfUtils.java:logGet(43)) - raft.server.log.appender.buffer.byte-limit = 33554432 (custom)
2019-09-19 16:59:02,791 [main] INFO  server.GrpcService (ConfUtils.java:logGet(43)) - raft.grpc.flow.control.window = 1MB (=1048576) (default)
2019-09-19 16:59:02,791 [main] INFO  server.RaftServerConfigKeys (ConfUtils.java:logGet(43)) - raft.server.rpc.request.timeout = 3000ms (default)
2019-09-19 16:59:02,792 [main] INFO  server.RaftServerConfigKeys (ConfUtils.java:logGet(43)) - raft.server.storage.dir = [/workdir/hadoop-ozone/tools/target/test-dir/MiniOzoneClusterImpl-a5ac6908-1030-4589-81cf-eb895152b587/datanode-1/data/ratis] (custom)
2019-09-19 16:59:02,793 [main] INFO  replication.SimpleContainerDownloader (SimpleContainerDownloader.java:<init>(72)) - Starting container downloader service to copy containers to replicate.
2019-09-19 16:59:02,796 [main] INFO  hdfs.DFSUtil (DFSUtil.java:httpServerTemplateForNNAndJN(1641)) - Starting Web-server for hddsDatanode at: http://0.0.0.0:0
2019-09-19 16:59:02,798 [main] INFO  server.AuthenticationFilter (AuthenticationFilter.java:constructSecretProvider(240)) - Unable to initialize FileSignerSecretProvider, falling back to use random secrets.
2019-09-19 16:59:02,800 [main] WARN  http.HttpRequestLog (HttpRequestLog.java:getRequestLog(97)) - Jetty request log can only be enabled using Log4j
2019-09-19 16:59:02,802 [main] INFO  http.HttpServer2 (HttpServer2.java:addGlobalFilter(975)) - Added global filter 'safety' (class=org.apache.hadoop.http.HttpServer2$QuotingInputFilter)
2019-09-19 16:59:02,803 [main] INFO  http.HttpServer2 (HttpServer2.java:addFilter(948)) - Added filter static_user_filter (class=org.apache.hadoop.http.lib.StaticUserWebFilter$StaticUserFilter) to context hddsDatanode
2019-09-19 16:59:02,803 [main] INFO  http.HttpServer2 (HttpServer2.java:addFilter(958)) - Added filter static_user_filter (class=org.apache.hadoop.http.lib.StaticUserWebFilter$StaticUserFilter) to context logs
2019-09-19 16:59:02,803 [main] INFO  http.HttpServer2 (HttpServer2.java:addFilter(958)) - Added filter static_user_filter (class=org.apache.hadoop.http.lib.StaticUserWebFilter$StaticUserFilter) to context static
2019-09-19 16:59:02,804 [main] INFO  http.HttpServer2 (HttpServer2.java:bindListener(1191)) - Jetty bound to port 45711
2019-09-19 16:59:02,805 [main] INFO  server.Server (Server.java:doStart(351)) - jetty-9.3.24.v20180605, build timestamp: 2018-06-05T17:11:56Z, git hash: 84205aa28f11a4f31f2a3b86d1bba2cc8ab69827
2019-09-19 16:59:02,808 [main] INFO  handler.ContextHandler (ContextHandler.java:doStart(781)) - Started o.e.j.s.ServletContextHandler@38fb50f8{/logs,file:///workdir/hadoop-ozone/tools/target/log,AVAILABLE}
2019-09-19 16:59:02,809 [main] INFO  handler.ContextHandler (ContextHandler.java:doStart(781)) - Started o.e.j.s.ServletContextHandler@608cd501{/static,jar:file:/home/user/.m2/repository/org/apache/hadoop/hadoop-hdds-container-service/0.5.0-SNAPSHOT/hadoop-hdds-container-service-0.5.0-SNAPSHOT.jar!/webapps/static,AVAILABLE}
2019-09-19 16:59:02,847 [main] INFO  handler.ContextHandler (ContextHandler.java:doStart(781)) - Started o.e.j.w.WebAppContext@437bd805{/,file:///tmp/jetty-0.0.0.0-45711-hddsDatanode-_-any-1581644783996274162.dir/webapp/,AVAILABLE}{/hddsDatanode}
2019-09-19 16:59:02,848 [main] INFO  server.AbstractConnector (AbstractConnector.java:doStart(278)) - Started ServerConnector@4b88ca8e{HTTP/1.1,[http/1.1]}{0.0.0.0:45711}
2019-09-19 16:59:02,849 [main] INFO  server.Server (Server.java:doStart(419)) - Started @7262ms
2019-09-19 16:59:02,850 [main] INFO  server.BaseHttpServer (BaseHttpServer.java:updateConnectorAddress(213)) - HTTP server of HDDSDATANODE is listening at http://0.0.0.0:45711
2019-09-19 16:59:02,871 [Datanode State Machine Thread - 0] INFO  datanode.InitDatanodeState (InitDatanodeState.java:persistContainerDatanodeDetails(140)) - DatanodeDetails is persisted to /workdir/hadoop-ozone/tools/target/test-dir/MiniOzoneClusterImpl-a5ac6908-1030-4589-81cf-eb895152b587/datanode-0/meta/datanode.id
2019-09-19 16:59:02,998 | INFO  | ObjectStoreRestHttpServer | Listening HDDS REST traffic on /0.0.0.0:42995 |  
2019-09-19 16:59:02,998 [main] INFO  ozone.HddsDatanodeService (HddsDatanodeService.java:startPlugins(395)) - Started plug-in org.apache.hadoop.ozone.web.OzoneHddsDatanodeService@7436364d
2019-09-19 16:59:02,999 [main] INFO  impl.MetricsSystemImpl (MetricsSystemImpl.java:init(158)) - HddsDatanode metrics system started (again)
2019-09-19 16:59:03,001 [org.apache.hadoop.util.JvmPauseMonitor$Monitor@b1de54a] INFO  util.JvmPauseMonitor (JvmPauseMonitor.java:run(188)) - Starting JVM pause monitor
2019-09-19 16:59:03,002 [main] INFO  ozone.HddsDatanodeService (HddsDatanodeService.java:start(184)) - HddsDatanodeService host:pr-hdds-1569-swxfz-3172132826 ip:192.168.157.226
2019-09-19 16:59:03,007 [Datanode State Machine Thread - 0] INFO  datanode.InitDatanodeState (InitDatanodeState.java:persistContainerDatanodeDetails(140)) - DatanodeDetails is persisted to /workdir/hadoop-ozone/tools/target/test-dir/MiniOzoneClusterImpl-a5ac6908-1030-4589-81cf-eb895152b587/datanode-1/meta/datanode.id
2019-09-19 16:59:03,012 [main] INFO  volume.HddsVolume (HddsVolume.java:<init>(176)) - Creating Volume: /workdir/hadoop-ozone/tools/target/test-dir/MiniOzoneClusterImpl-a5ac6908-1030-4589-81cf-eb895152b587/datanode-2/data/containers/hdds of  storage type : DISK and capacity : 1482555576320
2019-09-19 16:59:03,012 [main] INFO  volume.VolumeSet (VolumeSet.java:initializeVolumeSet(170)) - Added Volume : /workdir/hadoop-ozone/tools/target/test-dir/MiniOzoneClusterImpl-a5ac6908-1030-4589-81cf-eb895152b587/datanode-2/data/containers/hdds to VolumeSet
2019-09-19 16:59:03,012 [main] INFO  volume.ThrottledAsyncChecker (ThrottledAsyncChecker.java:schedule(140)) - Scheduling a check for org.apache.hadoop.ozone.container.common.volume.HddsVolume@4f081b5d
2019-09-19 16:59:03,013 [main] INFO  volume.HddsVolumeChecker (HddsVolumeChecker.java:checkAllVolumes(203)) - Scheduled health check for volume org.apache.hadoop.ozone.container.common.volume.HddsVolume@4f081b5d
2019-09-19 16:59:03,028 [main] INFO  impl.RaftServerProxy (ConfUtils.java:logGet(43)) - raft.rpc.type = GRPC (default)
2019-09-19 16:59:03,028 [main] INFO  grpc.GrpcFactory (GrpcFactory.java:checkPooledByteBufAllocatorUseCacheForAllThreads(45)) - PERFORMANCE WARNING: useCacheForAllThreads is true that may cause Netty to create a lot garbage objects and, as a result, trigger GC.
	It is recommended to disable useCacheForAllThreads by setting -Dorg.apache.ratis.thirdparty.io.netty.allocator.useCacheForAllThreads=false in command line.
2019-09-19 16:59:03,028 [main] INFO  grpc.GrpcConfigKeys$Server (ConfUtils.java:logGet(43)) - raft.grpc.server.port = 0 (default)
2019-09-19 16:59:03,028 [main] INFO  server.GrpcService (ConfUtils.java:logGet(43)) - raft.grpc.message.size.max = 33570816 (custom)
2019-09-19 16:59:03,029 [main] INFO  server.RaftServerConfigKeys (ConfUtils.java:logGet(43)) - raft.server.log.appender.buffer.byte-limit = 33554432 (custom)
2019-09-19 16:59:03,029 [main] INFO  server.GrpcService (ConfUtils.java:logGet(43)) - raft.grpc.flow.control.window = 1MB (=1048576) (default)
2019-09-19 16:59:03,029 [main] INFO  server.RaftServerConfigKeys (ConfUtils.java:logGet(43)) - raft.server.rpc.request.timeout = 3000ms (default)
2019-09-19 16:59:03,030 [main] INFO  server.RaftServerConfigKeys (ConfUtils.java:logGet(43)) - raft.server.storage.dir = [/workdir/hadoop-ozone/tools/target/test-dir/MiniOzoneClusterImpl-a5ac6908-1030-4589-81cf-eb895152b587/datanode-2/data/ratis] (custom)
2019-09-19 16:59:03,031 [main] INFO  replication.SimpleContainerDownloader (SimpleContainerDownloader.java:<init>(72)) - Starting container downloader service to copy containers to replicate.
2019-09-19 16:59:03,032 [main] INFO  hdfs.DFSUtil (DFSUtil.java:httpServerTemplateForNNAndJN(1641)) - Starting Web-server for hddsDatanode at: http://0.0.0.0:0
2019-09-19 16:59:03,033 [main] INFO  server.AuthenticationFilter (AuthenticationFilter.java:constructSecretProvider(240)) - Unable to initialize FileSignerSecretProvider, falling back to use random secrets.
2019-09-19 16:59:03,033 [main] WARN  http.HttpRequestLog (HttpRequestLog.java:getRequestLog(97)) - Jetty request log can only be enabled using Log4j
2019-09-19 16:59:03,035 [main] INFO  http.HttpServer2 (HttpServer2.java:addGlobalFilter(975)) - Added global filter 'safety' (class=org.apache.hadoop.http.HttpServer2$QuotingInputFilter)
2019-09-19 16:59:03,035 [main] INFO  http.HttpServer2 (HttpServer2.java:addFilter(948)) - Added filter static_user_filter (class=org.apache.hadoop.http.lib.StaticUserWebFilter$StaticUserFilter) to context hddsDatanode
2019-09-19 16:59:03,035 [main] INFO  http.HttpServer2 (HttpServer2.java:addFilter(958)) - Added filter static_user_filter (class=org.apache.hadoop.http.lib.StaticUserWebFilter$StaticUserFilter) to context logs
2019-09-19 16:59:03,036 [main] INFO  http.HttpServer2 (HttpServer2.java:addFilter(958)) - Added filter static_user_filter (class=org.apache.hadoop.http.lib.StaticUserWebFilter$StaticUserFilter) to context static
2019-09-19 16:59:03,036 [main] INFO  http.HttpServer2 (HttpServer2.java:bindListener(1191)) - Jetty bound to port 37370
2019-09-19 16:59:03,036 [main] INFO  server.Server (Server.java:doStart(351)) - jetty-9.3.24.v20180605, build timestamp: 2018-06-05T17:11:56Z, git hash: 84205aa28f11a4f31f2a3b86d1bba2cc8ab69827
2019-09-19 16:59:03,038 [main] INFO  handler.ContextHandler (ContextHandler.java:doStart(781)) - Started o.e.j.s.ServletContextHandler@217dc48e{/logs,file:///workdir/hadoop-ozone/tools/target/log,AVAILABLE}
2019-09-19 16:59:03,039 [main] INFO  handler.ContextHandler (ContextHandler.java:doStart(781)) - Started o.e.j.s.ServletContextHandler@296edc75{/static,jar:file:/home/user/.m2/repository/org/apache/hadoop/hadoop-hdds-container-service/0.5.0-SNAPSHOT/hadoop-hdds-container-service-0.5.0-SNAPSHOT.jar!/webapps/static,AVAILABLE}
2019-09-19 16:59:03,075 [main] INFO  handler.ContextHandler (ContextHandler.java:doStart(781)) - Started o.e.j.w.WebAppContext@3554bdc0{/,file:///tmp/jetty-0.0.0.0-37370-hddsDatanode-_-any-7738634383595621039.dir/webapp/,AVAILABLE}{/hddsDatanode}
2019-09-19 16:59:03,077 [main] INFO  server.AbstractConnector (AbstractConnector.java:doStart(278)) - Started ServerConnector@3a3b10f4{HTTP/1.1,[http/1.1]}{0.0.0.0:37370}
2019-09-19 16:59:03,079 [main] INFO  server.Server (Server.java:doStart(419)) - Started @7492ms
2019-09-19 16:59:03,080 [main] INFO  server.BaseHttpServer (BaseHttpServer.java:updateConnectorAddress(213)) - HTTP server of HDDSDATANODE is listening at http://0.0.0.0:37370
2019-09-19 16:59:03,233 | INFO  | ObjectStoreRestHttpServer | Listening HDDS REST traffic on /0.0.0.0:42348 |  
2019-09-19 16:59:03,233 [main] INFO  ozone.HddsDatanodeService (HddsDatanodeService.java:startPlugins(395)) - Started plug-in org.apache.hadoop.ozone.web.OzoneHddsDatanodeService@76396509
2019-09-19 16:59:03,235 [main] INFO  ozone.MiniOzoneClusterImpl (MiniOzoneClusterImpl.java:lambda$waitForClusterToBeReady$0(142)) - Waiting for cluster to be ready. Got 0 of 3 DN Heartbeats.
2019-09-19 16:59:03,237 [org.apache.hadoop.util.JvmPauseMonitor$Monitor@2d94946a] INFO  util.JvmPauseMonitor (JvmPauseMonitor.java:run(188)) - Starting JVM pause monitor
2019-09-19 16:59:03,239 [Datanode State Machine Thread - 0] INFO  datanode.InitDatanodeState (InitDatanodeState.java:persistContainerDatanodeDetails(140)) - DatanodeDetails is persisted to /workdir/hadoop-ozone/tools/target/test-dir/MiniOzoneClusterImpl-a5ac6908-1030-4589-81cf-eb895152b587/datanode-2/meta/datanode.id
2019-09-19 16:59:04,236 [main] INFO  ozone.MiniOzoneClusterImpl (MiniOzoneClusterImpl.java:lambda$waitForClusterToBeReady$0(142)) - Waiting for cluster to be ready. Got 0 of 3 DN Heartbeats.
2019-09-19 16:59:04,787 | INFO  | SCMAudit | user=jenkins1000 | ip=192.168.157.226 | op=GET_VERSION null | ret=SUCCESS |  
2019-09-19 16:59:04,808 [Datanode State Machine Thread - 0] INFO  ozoneimpl.OzoneContainer (OzoneContainer.java:start(186)) - Attempting to start container services.
2019-09-19 16:59:04,810 [Datanode State Machine Thread - 0] INFO  ozoneimpl.OzoneContainer (OzoneContainer.java:startContainerScrub(160)) - Background container scrubber has been disabled by hdds.containerscrub.enabled
2019-09-19 16:59:04,810 [Datanode State Machine Thread - 0] INFO  ratis.XceiverServerRatis (XceiverServerRatis.java:start(404)) - Starting XceiverServerRatis de9189f1-401c-48ab-a01e-1e33ebb6cd5b at port 0
2019-09-19 16:59:04,834 [Datanode State Machine Thread - 0] INFO  impl.RaftServerProxy (RaftServerProxy.java:lambda$start$3(299)) - de9189f1-401c-48ab-a01e-1e33ebb6cd5b: start RPC server
2019-09-19 16:59:04,965 [Datanode State Machine Thread - 0] INFO  server.GrpcService (GrpcService.java:startImpl(149)) - de9189f1-401c-48ab-a01e-1e33ebb6cd5b: GrpcService started, listening on 0.0.0.0/0.0.0.0:40088
2019-09-19 16:59:04,966 [Datanode State Machine Thread - 0] INFO  ratis.XceiverServerRatis (XceiverServerRatis.java:start(414)) - XceiverServerRatis de9189f1-401c-48ab-a01e-1e33ebb6cd5b is started using port 40088
2019-09-19 16:59:04,968 [Datanode State Machine Thread - 0] INFO  server.XceiverServerGrpc (XceiverServerGrpc.java:start(163)) - XceiverServerGrpc de9189f1-401c-48ab-a01e-1e33ebb6cd5b is started using port 34153
2019-09-19 16:59:05,004 | INFO  | SCMAudit | user=jenkins1000 | ip=192.168.157.226 | op=GET_VERSION null | ret=SUCCESS |  
2019-09-19 16:59:05,032 [Datanode State Machine Thread - 0] INFO  ozoneimpl.OzoneContainer (OzoneContainer.java:start(186)) - Attempting to start container services.
2019-09-19 16:59:05,035 [Datanode State Machine Thread - 0] INFO  ozoneimpl.OzoneContainer (OzoneContainer.java:startContainerScrub(160)) - Background container scrubber has been disabled by hdds.containerscrub.enabled
2019-09-19 16:59:05,035 [Datanode State Machine Thread - 0] INFO  ratis.XceiverServerRatis (XceiverServerRatis.java:start(404)) - Starting XceiverServerRatis 85f39efa-eef7-4cc0-b720-9885e028acae at port 0
2019-09-19 16:59:05,044 [Datanode State Machine Thread - 0] INFO  impl.RaftServerProxy (RaftServerProxy.java:lambda$start$3(299)) - 85f39efa-eef7-4cc0-b720-9885e028acae: start RPC server
2019-09-19 16:59:05,047 [Datanode State Machine Thread - 0] INFO  server.GrpcService (GrpcService.java:startImpl(149)) - 85f39efa-eef7-4cc0-b720-9885e028acae: GrpcService started, listening on 0.0.0.0/0.0.0.0:41642
2019-09-19 16:59:05,047 [Datanode State Machine Thread - 0] INFO  ratis.XceiverServerRatis (XceiverServerRatis.java:start(414)) - XceiverServerRatis 85f39efa-eef7-4cc0-b720-9885e028acae is started using port 41642
2019-09-19 16:59:05,050 [Datanode State Machine Thread - 0] INFO  server.XceiverServerGrpc (XceiverServerGrpc.java:start(163)) - XceiverServerGrpc 85f39efa-eef7-4cc0-b720-9885e028acae is started using port 35761
2019-09-19 16:59:05,236 [main] INFO  ozone.MiniOzoneClusterImpl (MiniOzoneClusterImpl.java:lambda$waitForClusterToBeReady$0(142)) - Waiting for cluster to be ready. Got 0 of 3 DN Heartbeats.
2019-09-19 16:59:05,239 | INFO  | SCMAudit | user=jenkins1000 | ip=192.168.157.226 | op=GET_VERSION null | ret=SUCCESS |  
2019-09-19 16:59:05,255 [Datanode State Machine Thread - 0] INFO  ozoneimpl.OzoneContainer (OzoneContainer.java:start(186)) - Attempting to start container services.
2019-09-19 16:59:05,257 [Datanode State Machine Thread - 0] INFO  ozoneimpl.OzoneContainer (OzoneContainer.java:startContainerScrub(160)) - Background container scrubber has been disabled by hdds.containerscrub.enabled
2019-09-19 16:59:05,257 [Datanode State Machine Thread - 0] INFO  ratis.XceiverServerRatis (XceiverServerRatis.java:start(404)) - Starting XceiverServerRatis b3bdbde1-aba2-47af-9538-bc5ccd76a2e7 at port 0
2019-09-19 16:59:05,266 [Datanode State Machine Thread - 0] INFO  impl.RaftServerProxy (RaftServerProxy.java:lambda$start$3(299)) - b3bdbde1-aba2-47af-9538-bc5ccd76a2e7: start RPC server
2019-09-19 16:59:05,268 [Datanode State Machine Thread - 0] INFO  server.GrpcService (GrpcService.java:startImpl(149)) - b3bdbde1-aba2-47af-9538-bc5ccd76a2e7: GrpcService started, listening on 0.0.0.0/0.0.0.0:45771
2019-09-19 16:59:05,269 [Datanode State Machine Thread - 0] INFO  ratis.XceiverServerRatis (XceiverServerRatis.java:start(414)) - XceiverServerRatis b3bdbde1-aba2-47af-9538-bc5ccd76a2e7 is started using port 45771
2019-09-19 16:59:05,271 [Datanode State Machine Thread - 0] INFO  server.XceiverServerGrpc (XceiverServerGrpc.java:start(163)) - XceiverServerGrpc b3bdbde1-aba2-47af-9538-bc5ccd76a2e7 is started using port 41302
2019-09-19 16:59:06,237 [main] INFO  ozone.MiniOzoneClusterImpl (MiniOzoneClusterImpl.java:lambda$waitForClusterToBeReady$0(142)) - Waiting for cluster to be ready. Got 0 of 3 DN Heartbeats.
2019-09-19 16:59:06,802 [IPC Server handler 2 on 43601] INFO  net.NetworkTopology (NetworkTopologyImpl.java:add(110)) - Added a new node: /default-rack/de9189f1-401c-48ab-a01e-1e33ebb6cd5b
2019-09-19 16:59:06,803 [IPC Server handler 2 on 43601] INFO  node.SCMNodeManager (SCMNodeManager.java:register(273)) - Registered Data node : de9189f1-401c-48ab-a01e-1e33ebb6cd5b{ip: 192.168.157.226, host: pr-hdds-1569-swxfz-3172132826, networkLocation: /default-rack, certSerialId: null}
2019-09-19 16:59:06,808 [EventQueue-NodeRegistrationContainerReportForDataNodeSafeModeRule] INFO  safemode.SCMSafeModeManager (DataNodeSafeModeRule.java:process(71)) - SCM in safe mode. 1 DataNodes registered, 1 required.
2019-09-19 16:59:06,809 [EventQueue-NodeRegistrationContainerReportForDataNodeSafeModeRule] INFO  safemode.SCMSafeModeManager (SCMSafeModeManager.java:validateSafeModeExitRules(177)) - ScmSafeModeManager, all rules are successfully validated
2019-09-19 16:59:06,809 [EventQueue-NodeRegistrationContainerReportForDataNodeSafeModeRule] INFO  safemode.SCMSafeModeManager (SCMSafeModeManager.java:exitSafeMode(193)) - SCM exiting safe mode.
2019-09-19 16:59:06,819 | INFO  | SCMAudit | user=jenkins1000 | ip=192.168.157.226 | op=REGISTER {datanodeDetails=de9189f1-401c-48ab-a01e-1e33ebb6cd5b{ip: 192.168.157.226, host: pr-hdds-1569-swxfz-3172132826, networkLocation: /default-rack, certSerialId: null}} | ret=SUCCESS |  
2019-09-19 16:59:07,005 [IPC Server handler 0 on 43601] INFO  net.NetworkTopology (NetworkTopologyImpl.java:add(110)) - Added a new node: /default-rack/85f39efa-eef7-4cc0-b720-9885e028acae
2019-09-19 16:59:07,005 [IPC Server handler 0 on 43601] INFO  node.SCMNodeManager (SCMNodeManager.java:register(273)) - Registered Data node : 85f39efa-eef7-4cc0-b720-9885e028acae{ip: 192.168.157.226, host: pr-hdds-1569-swxfz-3172132826, networkLocation: /default-rack, certSerialId: null}
2019-09-19 16:59:07,005 | INFO  | SCMAudit | user=jenkins1000 | ip=192.168.157.226 | op=REGISTER {datanodeDetails=85f39efa-eef7-4cc0-b720-9885e028acae{ip: 192.168.157.226, host: pr-hdds-1569-swxfz-3172132826, networkLocation: /default-rack, certSerialId: null}} | ret=SUCCESS |  
2019-09-19 16:59:07,237 [main] INFO  ozone.MiniOzoneClusterImpl (MiniOzoneClusterImpl.java:lambda$waitForClusterToBeReady$0(142)) - Waiting for cluster to be ready. Got 2 of 3 DN Heartbeats.
2019-09-19 16:59:07,245 [IPC Server handler 10 on 43601] INFO  net.NetworkTopology (NetworkTopologyImpl.java:add(110)) - Added a new node: /default-rack/b3bdbde1-aba2-47af-9538-bc5ccd76a2e7
2019-09-19 16:59:07,245 [IPC Server handler 10 on 43601] INFO  node.SCMNodeManager (SCMNodeManager.java:register(273)) - Registered Data node : b3bdbde1-aba2-47af-9538-bc5ccd76a2e7{ip: 192.168.157.226, host: pr-hdds-1569-swxfz-3172132826, networkLocation: /default-rack, certSerialId: null}
2019-09-19 16:59:07,246 | INFO  | SCMAudit | user=jenkins1000 | ip=192.168.157.226 | op=REGISTER {datanodeDetails=b3bdbde1-aba2-47af-9538-bc5ccd76a2e7{ip: 192.168.157.226, host: pr-hdds-1569-swxfz-3172132826, networkLocation: /default-rack, certSerialId: null}} | ret=SUCCESS |  
2019-09-19 16:59:07,784 [grpc-default-executor-0] INFO  impl.RaftServerProxy (RaftServerProxy.java:addNew(89)) - de9189f1-401c-48ab-a01e-1e33ebb6cd5b: addNew group-035744759CE9:[de9189f1-401c-48ab-a01e-1e33ebb6cd5b:192.168.157.226:40088] returns group-035744759CE9:java.util.concurrent.CompletableFuture@5464796b[Not completed]
2019-09-19 16:59:07,802 [pool-27-thread-1] INFO  impl.RaftServerImpl (RaftServerImpl.java:<init>(93)) - de9189f1-401c-48ab-a01e-1e33ebb6cd5b: new RaftServerImpl for group-035744759CE9:[de9189f1-401c-48ab-a01e-1e33ebb6cd5b:192.168.157.226:40088] with ContainerStateMachine:uninitialized
2019-09-19 16:59:07,805 [pool-27-thread-1] INFO  server.RaftServerConfigKeys (ConfUtils.java:logGet(43)) - raft.server.rpc.timeout.min = 5s (custom)
2019-09-19 16:59:07,807 [pool-27-thread-1] INFO  server.RaftServerConfigKeys (ConfUtils.java:logGet(43)) - raft.server.rpc.timeout.max = 5200ms (custom)
2019-09-19 16:59:07,807 [pool-27-thread-1] INFO  server.RaftServerConfigKeys (ConfUtils.java:logGet(43)) - raft.server.rpcslowness.timeout = 120s (custom)
2019-09-19 16:59:07,808 [pool-27-thread-1] INFO  server.RaftServerConfigKeys (ConfUtils.java:logGet(43)) - raft.server.sleep.deviation.threshold = 300 (default)
2019-09-19 16:59:07,809 [pool-27-thread-1] INFO  server.RaftServerConfigKeys (ConfUtils.java:logGet(43)) - raft.server.log.appender.install.snapshot.enabled = false (custom)
2019-09-19 16:59:07,819 [pool-27-thread-1] INFO  impl.RaftServerImpl (ServerState.java:<init>(105)) - de9189f1-401c-48ab-a01e-1e33ebb6cd5b:group-035744759CE9 ConfigurationManager, init=-1: [de9189f1-401c-48ab-a01e-1e33ebb6cd5b:192.168.157.226:40088], old=null, confs=<EMPTY_MAP>
2019-09-19 16:59:07,819 [pool-27-thread-1] INFO  server.RaftServerConfigKeys (ConfUtils.java:logGet(43)) - raft.server.storage.dir = [/workdir/hadoop-ozone/tools/target/test-dir/MiniOzoneClusterImpl-a5ac6908-1030-4589-81cf-eb895152b587/datanode-0/data/ratis] (custom)
2019-09-19 16:59:07,830 [pool-27-thread-1] INFO  storage.RaftStorageDirectory (RaftStorageDirectory.java:analyzeStorage(246)) - The storage directory /workdir/hadoop-ozone/tools/target/test-dir/MiniOzoneClusterImpl-a5ac6908-1030-4589-81cf-eb895152b587/datanode-0/data/ratis/7008f42d-47b3-41a7-b79b-035744759ce9 does not exist. Creating ...
2019-09-19 16:59:07,848 [pool-27-thread-1] INFO  storage.RaftStorageDirectory (RaftStorageDirectory.java:tryLock(328)) - Lock on /workdir/hadoop-ozone/tools/target/test-dir/MiniOzoneClusterImpl-a5ac6908-1030-4589-81cf-eb895152b587/datanode-0/data/ratis/7008f42d-47b3-41a7-b79b-035744759ce9/in_use.lock acquired by nodename 23424@pr-hdds-1569-swxfz-3172132826
2019-09-19 16:59:07,863 [pool-27-thread-1] INFO  storage.RaftStorage (RaftStorage.java:format(72)) - Storage directory /workdir/hadoop-ozone/tools/target/test-dir/MiniOzoneClusterImpl-a5ac6908-1030-4589-81cf-eb895152b587/datanode-0/data/ratis/7008f42d-47b3-41a7-b79b-035744759ce9 has been successfully formatted.
2019-09-19 16:59:07,866 [pool-27-thread-1] INFO  ratis.ContainerStateMachine (ContainerStateMachine.java:loadSnapshot(226)) - group-035744759CE9: The snapshot info is null. Setting the last applied indexto:(t:0, i:~)
2019-09-19 16:59:07,866 [pool-27-thread-1] INFO  server.RaftServerConfigKeys (ConfUtils.java:logGet(43)) - raft.server.leader.election.timeout = 120s (custom)
2019-09-19 16:59:07,869 [pool-27-thread-1] INFO  server.RaftServerConfigKeys (ConfUtils.java:logGet(43)) - raft.server.log.use.memory = false (default)
2019-09-19 16:59:07,876 [pool-27-thread-1] INFO  server.RaftServerConfigKeys (ConfUtils.java:logGet(43)) - raft.server.log.purge.gap = 1000000 (custom)
2019-09-19 16:59:07,876 [pool-27-thread-1] INFO  server.RaftServerConfigKeys (ConfUtils.java:logGet(43)) - raft.server.log.appender.buffer.byte-limit = 33554432 (custom)
2019-09-19 16:59:07,878 [pool-27-thread-1] INFO  server.RaftServerConfigKeys (ConfUtils.java:logGet(43)) - raft.server.log.segment.size.max = 1048576 (custom)
2019-09-19 16:59:07,883 [pool-27-thread-1] INFO  server.RaftServerConfigKeys (ConfUtils.java:logGet(43)) - raft.server.log.segment.cache.num.max = 2 (custom)
2019-09-19 16:59:07,889 [pool-27-thread-1] INFO  segmented.SegmentedRaftLogWorker (SegmentedRaftLogWorker.java:<init>(172)) - new de9189f1-401c-48ab-a01e-1e33ebb6cd5b-SegmentedRaftLogWorker:Storage Directory /workdir/hadoop-ozone/tools/target/test-dir/MiniOzoneClusterImpl-a5ac6908-1030-4589-81cf-eb895152b587/datanode-0/data/ratis/7008f42d-47b3-41a7-b79b-035744759ce9 for RaftStorage:Storage Directory /workdir/hadoop-ozone/tools/target/test-dir/MiniOzoneClusterImpl-a5ac6908-1030-4589-81cf-eb895152b587/datanode-0/data/ratis/7008f42d-47b3-41a7-b79b-035744759ce9
2019-09-19 16:59:07,904 [pool-27-thread-1] INFO  server.RaftServerConfigKeys (ConfUtils.java:logGet(43)) - raft.server.log.queue.byte-limit = 2147483647 (custom)
2019-09-19 16:59:07,904 [pool-27-thread-1] INFO  server.RaftServerConfigKeys (ConfUtils.java:logGet(43)) - raft.server.log.queue.element-limit = 1024 (custom)
2019-09-19 16:59:07,910 [pool-27-thread-1] INFO  server.RaftServerConfigKeys (ConfUtils.java:logGet(43)) - raft.server.log.segment.size.max = 1048576 (custom)
2019-09-19 16:59:07,910 [pool-27-thread-1] INFO  server.RaftServerConfigKeys (ConfUtils.java:logGet(43)) - raft.server.log.preallocated.size = 16384 (custom)
2019-09-19 16:59:07,911 [pool-27-thread-1] INFO  server.RaftServerConfigKeys (ConfUtils.java:logGet(43)) - raft.server.log.write.buffer.size = 33554432 (custom)
2019-09-19 16:59:07,911 [pool-27-thread-1] INFO  server.RaftServerConfigKeys (ConfUtils.java:logGet(43)) - raft.server.log.force.sync.num = 128 (default)
2019-09-19 16:59:07,912 [pool-27-thread-1] INFO  server.RaftServerConfigKeys (ConfUtils.java:logGet(43)) - raft.server.log.statemachine.data.sync = true (default)
2019-09-19 16:59:07,912 [pool-27-thread-1] INFO  server.RaftServerConfigKeys (ConfUtils.java:logGet(43)) - raft.server.log.statemachine.data.sync.timeout = 10s (default)
2019-09-19 16:59:07,913 [pool-27-thread-1] INFO  server.RaftServerConfigKeys (ConfUtils.java:logGet(43)) - raft.server.log.statemachine.data.sync.timeout.retry = -1 (default)
2019-09-19 16:59:07,922 [pool-27-thread-1] INFO  server.RaftServerConfigKeys (ConfUtils.java:logGet(43)) - raft.server.log.statemachine.data.caching.enabled = true (custom)
2019-09-19 16:59:07,927 [pool-27-thread-1] INFO  segmented.SegmentedRaftLogWorker (SegmentedRaftLogWorker.java:lambda$new$0(132)) - de9189f1-401c-48ab-a01e-1e33ebb6cd5b-SegmentedRaftLogWorker:Storage Directory /workdir/hadoop-ozone/tools/target/test-dir/MiniOzoneClusterImpl-a5ac6908-1030-4589-81cf-eb895152b587/datanode-0/data/ratis/7008f42d-47b3-41a7-b79b-035744759ce9: flushIndex: setUnconditionally 0 -> -1
2019-09-19 16:59:07,931 [pool-27-thread-1] INFO  server.RaftServerConfigKeys (ConfUtils.java:logGet(43)) - raft.server.snapshot.auto.trigger.enabled = true (custom)
2019-09-19 16:59:07,931 [pool-27-thread-1] INFO  server.RaftServerConfigKeys (ConfUtils.java:logGet(43)) - raft.server.snapshot.auto.trigger.threshold = 10000 (custom)
2019-09-19 16:59:07,932 [pool-27-thread-1] INFO  server.RaftServerConfigKeys (ConfUtils.java:logGet(43)) - raft.server.retrycache.expirytime = 600000ms (custom)
2019-09-19 16:59:07,951 [pool-27-thread-1] INFO  impl.RaftServerImpl (RaftServerImpl.java:start(180)) - de9189f1-401c-48ab-a01e-1e33ebb6cd5b: start group-035744759CE9
2019-09-19 16:59:07,951 [pool-27-thread-1] INFO  impl.RaftServerImpl (RaftServerImpl.java:setRole(171)) - de9189f1-401c-48ab-a01e-1e33ebb6cd5b:group-035744759CE9 changes role from null to FOLLOWER at term 0 for startAsFollower
2019-09-19 16:59:07,953 [pool-27-thread-1] INFO  impl.RoleInfo (RoleInfo.java:updateAndGet(143)) - de9189f1-401c-48ab-a01e-1e33ebb6cd5b: start FollowerState
2019-09-19 16:59:07,954 [pool-27-thread-1] INFO  util.JmxRegister (JmxRegister.java:tryRegister(44)) - Successfully registered JMX Bean with object name Ratis:service=RaftServer,group=group-035744759CE9,id=de9189f1-401c-48ab-a01e-1e33ebb6cd5b
2019-09-19 16:59:08,012 [RatisPipelineUtilsThread] INFO  pipeline.PipelineStateManager (PipelineStateManager.java:addPipeline(56)) - Created pipeline Pipeline[ Id: 7008f42d-47b3-41a7-b79b-035744759ce9, Nodes: de9189f1-401c-48ab-a01e-1e33ebb6cd5b{ip: 192.168.157.226, host: pr-hdds-1569-swxfz-3172132826, networkLocation: /default-rack, certSerialId: null}, Type:RATIS, Factor:ONE, State:OPEN]
2019-09-19 16:59:08,036 [grpc-default-executor-0] INFO  impl.RaftServerProxy (RaftServerProxy.java:addNew(89)) - de9189f1-401c-48ab-a01e-1e33ebb6cd5b: addNew group-E00EEC5C59A3:[de9189f1-401c-48ab-a01e-1e33ebb6cd5b:192.168.157.226:40088] returns group-E00EEC5C59A3:java.util.concurrent.CompletableFuture@2bd78563[Not completed]
2019-09-19 16:59:08,038 [pool-27-thread-1] INFO  impl.RaftServerImpl (RaftServerImpl.java:<init>(93)) - de9189f1-401c-48ab-a01e-1e33ebb6cd5b: new RaftServerImpl for group-E00EEC5C59A3:[de9189f1-401c-48ab-a01e-1e33ebb6cd5b:192.168.157.226:40088] with ContainerStateMachine:uninitialized
2019-09-19 16:59:08,039 [pool-27-thread-1] INFO  server.RaftServerConfigKeys (ConfUtils.java:logGet(43)) - raft.server.rpc.timeout.min = 5s (custom)
2019-09-19 16:59:08,039 [pool-27-thread-1] INFO  server.RaftServerConfigKeys (ConfUtils.java:logGet(43)) - raft.server.rpc.timeout.max = 5200ms (custom)
2019-09-19 16:59:08,039 [pool-27-thread-1] INFO  server.RaftServerConfigKeys (ConfUtils.java:logGet(43)) - raft.server.rpcslowness.timeout = 120s (custom)
2019-09-19 16:59:08,039 [pool-27-thread-1] INFO  server.RaftServerConfigKeys (ConfUtils.java:logGet(43)) - raft.server.sleep.deviation.threshold = 300 (default)
2019-09-19 16:59:08,039 [pool-27-thread-1] INFO  server.RaftServerConfigKeys (ConfUtils.java:logGet(43)) - raft.server.log.appender.install.snapshot.enabled = false (custom)
2019-09-19 16:59:08,039 [pool-27-thread-1] INFO  impl.RaftServerImpl (ServerState.java:<init>(105)) - de9189f1-401c-48ab-a01e-1e33ebb6cd5b:group-E00EEC5C59A3 ConfigurationManager, init=-1: [de9189f1-401c-48ab-a01e-1e33ebb6cd5b:192.168.157.226:40088], old=null, confs=<EMPTY_MAP>
2019-09-19 16:59:08,040 [pool-27-thread-1] INFO  server.RaftServerConfigKeys (ConfUtils.java:logGet(43)) - raft.server.storage.dir = [/workdir/hadoop-ozone/tools/target/test-dir/MiniOzoneClusterImpl-a5ac6908-1030-4589-81cf-eb895152b587/datanode-0/data/ratis] (custom)
2019-09-19 16:59:08,040 [pool-27-thread-1] INFO  storage.RaftStorageDirectory (RaftStorageDirectory.java:analyzeStorage(246)) - The storage directory /workdir/hadoop-ozone/tools/target/test-dir/MiniOzoneClusterImpl-a5ac6908-1030-4589-81cf-eb895152b587/datanode-0/data/ratis/8b2edba7-2ab9-4b08-841f-e00eec5c59a3 does not exist. Creating ...
2019-09-19 16:59:08,054 [pool-27-thread-1] INFO  storage.RaftStorageDirectory (RaftStorageDirectory.java:tryLock(328)) - Lock on /workdir/hadoop-ozone/tools/target/test-dir/MiniOzoneClusterImpl-a5ac6908-1030-4589-81cf-eb895152b587/datanode-0/data/ratis/8b2edba7-2ab9-4b08-841f-e00eec5c59a3/in_use.lock acquired by nodename 23424@pr-hdds-1569-swxfz-3172132826
2019-09-19 16:59:08,067 [pool-27-thread-1] INFO  storage.RaftStorage (RaftStorage.java:format(72)) - Storage directory /workdir/hadoop-ozone/tools/target/test-dir/MiniOzoneClusterImpl-a5ac6908-1030-4589-81cf-eb895152b587/datanode-0/data/ratis/8b2edba7-2ab9-4b08-841f-e00eec5c59a3 has been successfully formatted.
2019-09-19 16:59:08,067 [pool-27-thread-1] INFO  ratis.ContainerStateMachine (ContainerStateMachine.java:loadSnapshot(226)) - group-E00EEC5C59A3: The snapshot info is null. Setting the last applied indexto:(t:0, i:~)
2019-09-19 16:59:08,067 [pool-27-thread-1] INFO  server.RaftServerConfigKeys (ConfUtils.java:logGet(43)) - raft.server.leader.election.timeout = 120s (custom)
2019-09-19 16:59:08,068 [pool-27-thread-1] INFO  server.RaftServerConfigKeys (ConfUtils.java:logGet(43)) - raft.server.log.use.memory = false (default)
2019-09-19 16:59:08,068 [pool-27-thread-1] INFO  server.RaftServerConfigKeys (ConfUtils.java:logGet(43)) - raft.server.log.purge.gap = 1000000 (custom)
2019-09-19 16:59:08,068 [pool-27-thread-1] INFO  server.RaftServerConfigKeys (ConfUtils.java:logGet(43)) - raft.server.log.appender.buffer.byte-limit = 33554432 (custom)
2019-09-19 16:59:08,068 [pool-27-thread-1] INFO  server.RaftServerConfigKeys (ConfUtils.java:logGet(43)) - raft.server.log.segment.size.max = 1048576 (custom)
2019-09-19 16:59:08,068 [pool-27-thread-1] INFO  server.RaftServerConfigKeys (ConfUtils.java:logGet(43)) - raft.server.log.segment.cache.num.max = 2 (custom)
2019-09-19 16:59:08,069 [pool-27-thread-1] INFO  segmented.SegmentedRaftLogWorker (SegmentedRaftLogWorker.java:<init>(172)) - new de9189f1-401c-48ab-a01e-1e33ebb6cd5b-SegmentedRaftLogWorker:Storage Directory /workdir/hadoop-ozone/tools/target/test-dir/MiniOzoneClusterImpl-a5ac6908-1030-4589-81cf-eb895152b587/datanode-0/data/ratis/8b2edba7-2ab9-4b08-841f-e00eec5c59a3 for RaftStorage:Storage Directory /workdir/hadoop-ozone/tools/target/test-dir/MiniOzoneClusterImpl-a5ac6908-1030-4589-81cf-eb895152b587/datanode-0/data/ratis/8b2edba7-2ab9-4b08-841f-e00eec5c59a3
2019-09-19 16:59:08,069 [pool-27-thread-1] INFO  server.RaftServerConfigKeys (ConfUtils.java:logGet(43)) - raft.server.log.queue.byte-limit = 2147483647 (custom)
2019-09-19 16:59:08,069 [pool-27-thread-1] INFO  server.RaftServerConfigKeys (ConfUtils.java:logGet(43)) - raft.server.log.queue.element-limit = 1024 (custom)
2019-09-19 16:59:08,069 [pool-27-thread-1] INFO  server.RaftServerConfigKeys (ConfUtils.java:logGet(43)) - raft.server.log.segment.size.max = 1048576 (custom)
2019-09-19 16:59:08,070 [pool-27-thread-1] INFO  server.RaftServerConfigKeys (ConfUtils.java:logGet(43)) - raft.server.log.preallocated.size = 16384 (custom)
2019-09-19 16:59:08,070 [pool-27-thread-1] INFO  server.RaftServerConfigKeys (ConfUtils.java:logGet(43)) - raft.server.log.write.buffer.size = 33554432 (custom)
2019-09-19 16:59:08,070 [pool-27-thread-1] INFO  server.RaftServerConfigKeys (ConfUtils.java:logGet(43)) - raft.server.log.force.sync.num = 128 (default)
2019-09-19 16:59:08,070 [pool-27-thread-1] INFO  server.RaftServerConfigKeys (ConfUtils.java:logGet(43)) - raft.server.log.statemachine.data.sync = true (default)
2019-09-19 16:59:08,070 [pool-27-thread-1] INFO  server.RaftServerConfigKeys (ConfUtils.java:logGet(43)) - raft.server.log.statemachine.data.sync.timeout = 10s (default)
2019-09-19 16:59:08,071 [pool-27-thread-1] INFO  server.RaftServerConfigKeys (ConfUtils.java:logGet(43)) - raft.server.log.statemachine.data.sync.timeout.retry = -1 (default)
2019-09-19 16:59:08,071 [pool-27-thread-1] INFO  server.RaftServerConfigKeys (ConfUtils.java:logGet(43)) - raft.server.log.statemachine.data.caching.enabled = true (custom)
2019-09-19 16:59:08,071 [pool-27-thread-1] INFO  segmented.SegmentedRaftLogWorker (SegmentedRaftLogWorker.java:lambda$new$0(132)) - de9189f1-401c-48ab-a01e-1e33ebb6cd5b-SegmentedRaftLogWorker:Storage Directory /workdir/hadoop-ozone/tools/target/test-dir/MiniOzoneClusterImpl-a5ac6908-1030-4589-81cf-eb895152b587/datanode-0/data/ratis/8b2edba7-2ab9-4b08-841f-e00eec5c59a3: flushIndex: setUnconditionally 0 -> -1
2019-09-19 16:59:08,072 [pool-27-thread-1] INFO  server.RaftServerConfigKeys (ConfUtils.java:logGet(43)) - raft.server.snapshot.auto.trigger.enabled = true (custom)
2019-09-19 16:59:08,072 [pool-27-thread-1] INFO  server.RaftServerConfigKeys (ConfUtils.java:logGet(43)) - raft.server.snapshot.auto.trigger.threshold = 10000 (custom)
2019-09-19 16:59:08,072 [pool-27-thread-1] INFO  server.RaftServerConfigKeys (ConfUtils.java:logGet(43)) - raft.server.retrycache.expirytime = 600000ms (custom)
2019-09-19 16:59:08,073 [pool-27-thread-1] INFO  impl.RaftServerImpl (RaftServerImpl.java:start(180)) - de9189f1-401c-48ab-a01e-1e33ebb6cd5b: start group-E00EEC5C59A3
2019-09-19 16:59:08,073 [pool-27-thread-1] INFO  impl.RaftServerImpl (RaftServerImpl.java:setRole(171)) - de9189f1-401c-48ab-a01e-1e33ebb6cd5b:group-E00EEC5C59A3 changes role from null to FOLLOWER at term 0 for startAsFollower
2019-09-19 16:59:08,073 [pool-27-thread-1] INFO  impl.RoleInfo (RoleInfo.java:updateAndGet(143)) - de9189f1-401c-48ab-a01e-1e33ebb6cd5b: start FollowerState
2019-09-19 16:59:08,073 [pool-27-thread-1] INFO  util.JmxRegister (JmxRegister.java:tryRegister(44)) - Successfully registered JMX Bean with object name Ratis:service=RaftServer,group=group-E00EEC5C59A3,id=de9189f1-401c-48ab-a01e-1e33ebb6cd5b
2019-09-19 16:59:08,087 [RatisPipelineUtilsThread] INFO  pipeline.PipelineStateManager (PipelineStateManager.java:addPipeline(56)) - Created pipeline Pipeline[ Id: 8b2edba7-2ab9-4b08-841f-e00eec5c59a3, Nodes: de9189f1-401c-48ab-a01e-1e33ebb6cd5b{ip: 192.168.157.226, host: pr-hdds-1569-swxfz-3172132826, networkLocation: /default-rack, certSerialId: null}, Type:RATIS, Factor:ONE, State:OPEN]
2019-09-19 16:59:08,107 [grpc-default-executor-0] INFO  impl.RaftServerProxy (RaftServerProxy.java:addNew(89)) - b3bdbde1-aba2-47af-9538-bc5ccd76a2e7: addNew group-9D6BE7A02AE6:[b3bdbde1-aba2-47af-9538-bc5ccd76a2e7:192.168.157.226:45771] returns group-9D6BE7A02AE6:java.util.concurrent.CompletableFuture@5731083d[Not completed]
2019-09-19 16:59:08,138 [pool-49-thread-1] INFO  impl.RaftServerImpl (RaftServerImpl.java:<init>(93)) - b3bdbde1-aba2-47af-9538-bc5ccd76a2e7: new RaftServerImpl for group-9D6BE7A02AE6:[b3bdbde1-aba2-47af-9538-bc5ccd76a2e7:192.168.157.226:45771] with ContainerStateMachine:uninitialized
2019-09-19 16:59:08,139 [pool-49-thread-1] INFO  server.RaftServerConfigKeys (ConfUtils.java:logGet(43)) - raft.server.rpc.timeout.min = 5s (custom)
2019-09-19 16:59:08,139 [pool-49-thread-1] INFO  server.RaftServerConfigKeys (ConfUtils.java:logGet(43)) - raft.server.rpc.timeout.max = 5200ms (custom)
2019-09-19 16:59:08,140 [pool-49-thread-1] INFO  server.RaftServerConfigKeys (ConfUtils.java:logGet(43)) - raft.server.rpcslowness.timeout = 120s (custom)
2019-09-19 16:59:08,140 [pool-49-thread-1] INFO  server.RaftServerConfigKeys (ConfUtils.java:logGet(43)) - raft.server.sleep.deviation.threshold = 300 (default)
2019-09-19 16:59:08,140 [pool-49-thread-1] INFO  server.RaftServerConfigKeys (ConfUtils.java:logGet(43)) - raft.server.log.appender.install.snapshot.enabled = false (custom)
2019-09-19 16:59:08,140 [pool-49-thread-1] INFO  impl.RaftServerImpl (ServerState.java:<init>(105)) - b3bdbde1-aba2-47af-9538-bc5ccd76a2e7:group-9D6BE7A02AE6 ConfigurationManager, init=-1: [b3bdbde1-aba2-47af-9538-bc5ccd76a2e7:192.168.157.226:45771], old=null, confs=<EMPTY_MAP>
2019-09-19 16:59:08,140 [pool-49-thread-1] INFO  server.RaftServerConfigKeys (ConfUtils.java:logGet(43)) - raft.server.storage.dir = [/workdir/hadoop-ozone/tools/target/test-dir/MiniOzoneClusterImpl-a5ac6908-1030-4589-81cf-eb895152b587/datanode-2/data/ratis] (custom)
2019-09-19 16:59:08,141 [pool-49-thread-1] INFO  storage.RaftStorageDirectory (RaftStorageDirectory.java:analyzeStorage(246)) - The storage directory /workdir/hadoop-ozone/tools/target/test-dir/MiniOzoneClusterImpl-a5ac6908-1030-4589-81cf-eb895152b587/datanode-2/data/ratis/59bdc7fd-3aa7-44a0-9523-9d6be7a02ae6 does not exist. Creating ...
2019-09-19 16:59:08,154 [pool-49-thread-1] INFO  storage.RaftStorageDirectory (RaftStorageDirectory.java:tryLock(328)) - Lock on /workdir/hadoop-ozone/tools/target/test-dir/MiniOzoneClusterImpl-a5ac6908-1030-4589-81cf-eb895152b587/datanode-2/data/ratis/59bdc7fd-3aa7-44a0-9523-9d6be7a02ae6/in_use.lock acquired by nodename 23424@pr-hdds-1569-swxfz-3172132826
2019-09-19 16:59:08,168 [pool-49-thread-1] INFO  storage.RaftStorage (RaftStorage.java:format(72)) - Storage directory /workdir/hadoop-ozone/tools/target/test-dir/MiniOzoneClusterImpl-a5ac6908-1030-4589-81cf-eb895152b587/datanode-2/data/ratis/59bdc7fd-3aa7-44a0-9523-9d6be7a02ae6 has been successfully formatted.
2019-09-19 16:59:08,170 [pool-49-thread-1] INFO  ratis.ContainerStateMachine (ContainerStateMachine.java:loadSnapshot(226)) - group-9D6BE7A02AE6: The snapshot info is null. Setting the last applied indexto:(t:0, i:~)
2019-09-19 16:59:08,171 [pool-49-thread-1] INFO  server.RaftServerConfigKeys (ConfUtils.java:logGet(43)) - raft.server.leader.election.timeout = 120s (custom)
2019-09-19 16:59:08,171 [pool-49-thread-1] INFO  server.RaftServerConfigKeys (ConfUtils.java:logGet(43)) - raft.server.log.use.memory = false (default)
2019-09-19 16:59:08,171 [pool-49-thread-1] INFO  server.RaftServerConfigKeys (ConfUtils.java:logGet(43)) - raft.server.log.purge.gap = 1000000 (custom)
2019-09-19 16:59:08,171 [pool-49-thread-1] INFO  server.RaftServerConfigKeys (ConfUtils.java:logGet(43)) - raft.server.log.appender.buffer.byte-limit = 33554432 (custom)
2019-09-19 16:59:08,171 [pool-49-thread-1] INFO  server.RaftServerConfigKeys (ConfUtils.java:logGet(43)) - raft.server.log.segment.size.max = 1048576 (custom)
2019-09-19 16:59:08,172 [pool-49-thread-1] INFO  server.RaftServerConfigKeys (ConfUtils.java:logGet(43)) - raft.server.log.segment.cache.num.max = 2 (custom)
2019-09-19 16:59:08,172 [pool-49-thread-1] INFO  segmented.SegmentedRaftLogWorker (SegmentedRaftLogWorker.java:<init>(172)) - new b3bdbde1-aba2-47af-9538-bc5ccd76a2e7-SegmentedRaftLogWorker:Storage Directory /workdir/hadoop-ozone/tools/target/test-dir/MiniOzoneClusterImpl-a5ac6908-1030-4589-81cf-eb895152b587/datanode-2/data/ratis/59bdc7fd-3aa7-44a0-9523-9d6be7a02ae6 for RaftStorage:Storage Directory /workdir/hadoop-ozone/tools/target/test-dir/MiniOzoneClusterImpl-a5ac6908-1030-4589-81cf-eb895152b587/datanode-2/data/ratis/59bdc7fd-3aa7-44a0-9523-9d6be7a02ae6
2019-09-19 16:59:08,173 [pool-49-thread-1] INFO  server.RaftServerConfigKeys (ConfUtils.java:logGet(43)) - raft.server.log.queue.byte-limit = 2147483647 (custom)
2019-09-19 16:59:08,173 [pool-49-thread-1] INFO  server.RaftServerConfigKeys (ConfUtils.java:logGet(43)) - raft.server.log.queue.element-limit = 1024 (custom)
2019-09-19 16:59:08,173 [pool-49-thread-1] INFO  server.RaftServerConfigKeys (ConfUtils.java:logGet(43)) - raft.server.log.segment.size.max = 1048576 (custom)
2019-09-19 16:59:08,173 [pool-49-thread-1] INFO  server.RaftServerConfigKeys (ConfUtils.java:logGet(43)) - raft.server.log.preallocated.size = 16384 (custom)
2019-09-19 16:59:08,174 [pool-49-thread-1] INFO  server.RaftServerConfigKeys (ConfUtils.java:logGet(43)) - raft.server.log.write.buffer.size = 33554432 (custom)
2019-09-19 16:59:08,174 [pool-49-thread-1] INFO  server.RaftServerConfigKeys (ConfUtils.java:logGet(43)) - raft.server.log.force.sync.num = 128 (default)
2019-09-19 16:59:08,174 [pool-49-thread-1] INFO  server.RaftServerConfigKeys (ConfUtils.java:logGet(43)) - raft.server.log.statemachine.data.sync = true (default)
2019-09-19 16:59:08,174 [pool-49-thread-1] INFO  server.RaftServerConfigKeys (ConfUtils.java:logGet(43)) - raft.server.log.statemachine.data.sync.timeout = 10s (default)
2019-09-19 16:59:08,174 [pool-49-thread-1] INFO  server.RaftServerConfigKeys (ConfUtils.java:logGet(43)) - raft.server.log.statemachine.data.sync.timeout.retry = -1 (default)
2019-09-19 16:59:08,175 [pool-49-thread-1] INFO  server.RaftServerConfigKeys (ConfUtils.java:logGet(43)) - raft.server.log.statemachine.data.caching.enabled = true (custom)
2019-09-19 16:59:08,175 [pool-49-thread-1] INFO  segmented.SegmentedRaftLogWorker (SegmentedRaftLogWorker.java:lambda$new$0(132)) - b3bdbde1-aba2-47af-9538-bc5ccd76a2e7-SegmentedRaftLogWorker:Storage Directory /workdir/hadoop-ozone/tools/target/test-dir/MiniOzoneClusterImpl-a5ac6908-1030-4589-81cf-eb895152b587/datanode-2/data/ratis/59bdc7fd-3aa7-44a0-9523-9d6be7a02ae6: flushIndex: setUnconditionally 0 -> -1
2019-09-19 16:59:08,176 [pool-49-thread-1] INFO  server.RaftServerConfigKeys (ConfUtils.java:logGet(43)) - raft.server.snapshot.auto.trigger.enabled = true (custom)
2019-09-19 16:59:08,176 [pool-49-thread-1] INFO  server.RaftServerConfigKeys (ConfUtils.java:logGet(43)) - raft.server.snapshot.auto.trigger.threshold = 10000 (custom)
2019-09-19 16:59:08,176 [pool-49-thread-1] INFO  server.RaftServerConfigKeys (ConfUtils.java:logGet(43)) - raft.server.retrycache.expirytime = 600000ms (custom)
2019-09-19 16:59:08,176 [pool-49-thread-1] INFO  impl.RaftServerImpl (RaftServerImpl.java:start(180)) - b3bdbde1-aba2-47af-9538-bc5ccd76a2e7: start group-9D6BE7A02AE6
2019-09-19 16:59:08,176 [pool-49-thread-1] INFO  impl.RaftServerImpl (RaftServerImpl.java:setRole(171)) - b3bdbde1-aba2-47af-9538-bc5ccd76a2e7:group-9D6BE7A02AE6 changes role from null to FOLLOWER at term 0 for startAsFollower
2019-09-19 16:59:08,177 [pool-49-thread-1] INFO  impl.RoleInfo (RoleInfo.java:updateAndGet(143)) - b3bdbde1-aba2-47af-9538-bc5ccd76a2e7: start FollowerState
2019-09-19 16:59:08,178 [pool-49-thread-1] INFO  util.JmxRegister (JmxRegister.java:tryRegister(44)) - Successfully registered JMX Bean with object name Ratis:service=RaftServer,group=group-9D6BE7A02AE6,id=b3bdbde1-aba2-47af-9538-bc5ccd76a2e7
2019-09-19 16:59:08,187 [RatisPipelineUtilsThread] INFO  pipeline.PipelineStateManager (PipelineStateManager.java:addPipeline(56)) - Created pipeline Pipeline[ Id: 59bdc7fd-3aa7-44a0-9523-9d6be7a02ae6, Nodes: b3bdbde1-aba2-47af-9538-bc5ccd76a2e7{ip: 192.168.157.226, host: pr-hdds-1569-swxfz-3172132826, networkLocation: /default-rack, certSerialId: null}, Type:RATIS, Factor:ONE, State:OPEN]
2019-09-19 16:59:08,203 [grpc-default-executor-0] INFO  impl.RaftServerProxy (RaftServerProxy.java:addNew(89)) - 85f39efa-eef7-4cc0-b720-9885e028acae: addNew group-265593F526F7:[85f39efa-eef7-4cc0-b720-9885e028acae:192.168.157.226:41642] returns group-265593F526F7:java.util.concurrent.CompletableFuture@2a2ef3a8[Not completed]
2019-09-19 16:59:08,211 [pool-38-thread-1] INFO  impl.RaftServerImpl (RaftServerImpl.java:<init>(93)) - 85f39efa-eef7-4cc0-b720-9885e028acae: new RaftServerImpl for group-265593F526F7:[85f39efa-eef7-4cc0-b720-9885e028acae:192.168.157.226:41642] with ContainerStateMachine:uninitialized
2019-09-19 16:59:08,212 [pool-38-thread-1] INFO  server.RaftServerConfigKeys (ConfUtils.java:logGet(43)) - raft.server.rpc.timeout.min = 5s (custom)
2019-09-19 16:59:08,212 [pool-38-thread-1] INFO  server.RaftServerConfigKeys (ConfUtils.java:logGet(43)) - raft.server.rpc.timeout.max = 5200ms (custom)
2019-09-19 16:59:08,212 [pool-38-thread-1] INFO  server.RaftServerConfigKeys (ConfUtils.java:logGet(43)) - raft.server.rpcslowness.timeout = 120s (custom)
2019-09-19 16:59:08,213 [pool-38-thread-1] INFO  server.RaftServerConfigKeys (ConfUtils.java:logGet(43)) - raft.server.sleep.deviation.threshold = 300 (default)
2019-09-19 16:59:08,213 [pool-38-thread-1] INFO  server.RaftServerConfigKeys (ConfUtils.java:logGet(43)) - raft.server.log.appender.install.snapshot.enabled = false (custom)
2019-09-19 16:59:08,213 [pool-38-thread-1] INFO  impl.RaftServerImpl (ServerState.java:<init>(105)) - 85f39efa-eef7-4cc0-b720-9885e028acae:group-265593F526F7 ConfigurationManager, init=-1: [85f39efa-eef7-4cc0-b720-9885e028acae:192.168.157.226:41642], old=null, confs=<EMPTY_MAP>
2019-09-19 16:59:08,213 [pool-38-thread-1] INFO  server.RaftServerConfigKeys (ConfUtils.java:logGet(43)) - raft.server.storage.dir = [/workdir/hadoop-ozone/tools/target/test-dir/MiniOzoneClusterImpl-a5ac6908-1030-4589-81cf-eb895152b587/datanode-1/data/ratis] (custom)
2019-09-19 16:59:08,214 [pool-38-thread-1] INFO  storage.RaftStorageDirectory (RaftStorageDirectory.java:analyzeStorage(246)) - The storage directory /workdir/hadoop-ozone/tools/target/test-dir/MiniOzoneClusterImpl-a5ac6908-1030-4589-81cf-eb895152b587/datanode-1/data/ratis/3d0cb933-03c7-49e3-a11c-265593f526f7 does not exist. Creating ...
2019-09-19 16:59:08,226 [pool-38-thread-1] INFO  storage.RaftStorageDirectory (RaftStorageDirectory.java:tryLock(328)) - Lock on /workdir/hadoop-ozone/tools/target/test-dir/MiniOzoneClusterImpl-a5ac6908-1030-4589-81cf-eb895152b587/datanode-1/data/ratis/3d0cb933-03c7-49e3-a11c-265593f526f7/in_use.lock acquired by nodename 23424@pr-hdds-1569-swxfz-3172132826
2019-09-19 16:59:08,244 [main] INFO  ozone.MiniOzoneClusterImpl (MiniOzoneClusterImpl.java:lambda$waitForClusterToBeReady$0(142)) - Cluster is ready. Got 3 of 3 DN Heartbeats.
2019-09-19 16:59:08,244 [pool-38-thread-1] INFO  storage.RaftStorage (RaftStorage.java:format(72)) - Storage directory /workdir/hadoop-ozone/tools/target/test-dir/MiniOzoneClusterImpl-a5ac6908-1030-4589-81cf-eb895152b587/datanode-1/data/ratis/3d0cb933-03c7-49e3-a11c-265593f526f7 has been successfully formatted.
2019-09-19 16:59:08,245 [pool-38-thread-1] INFO  ratis.ContainerStateMachine (ContainerStateMachine.java:loadSnapshot(226)) - group-265593F526F7: The snapshot info is null. Setting the last applied indexto:(t:0, i:~)
2019-09-19 16:59:08,245 [pool-38-thread-1] INFO  server.RaftServerConfigKeys (ConfUtils.java:logGet(43)) - raft.server.leader.election.timeout = 120s (custom)
2019-09-19 16:59:08,245 [pool-38-thread-1] INFO  server.RaftServerConfigKeys (ConfUtils.java:logGet(43)) - raft.server.log.use.memory = false (default)
2019-09-19 16:59:08,246 [pool-38-thread-1] INFO  server.RaftServerConfigKeys (ConfUtils.java:logGet(43)) - raft.server.log.purge.gap = 1000000 (custom)
2019-09-19 16:59:08,246 [pool-38-thread-1] INFO  server.RaftServerConfigKeys (ConfUtils.java:logGet(43)) - raft.server.log.appender.buffer.byte-limit = 33554432 (custom)
2019-09-19 16:59:08,246 [pool-38-thread-1] INFO  server.RaftServerConfigKeys (ConfUtils.java:logGet(43)) - raft.server.log.segment.size.max = 1048576 (custom)
2019-09-19 16:59:08,246 [pool-38-thread-1] INFO  server.RaftServerConfigKeys (ConfUtils.java:logGet(43)) - raft.server.log.segment.cache.num.max = 2 (custom)
2019-09-19 16:59:08,247 [pool-38-thread-1] INFO  segmented.SegmentedRaftLogWorker (SegmentedRaftLogWorker.java:<init>(172)) - new 85f39efa-eef7-4cc0-b720-9885e028acae-SegmentedRaftLogWorker:Storage Directory /workdir/hadoop-ozone/tools/target/test-dir/MiniOzoneClusterImpl-a5ac6908-1030-4589-81cf-eb895152b587/datanode-1/data/ratis/3d0cb933-03c7-49e3-a11c-265593f526f7 for RaftStorage:Storage Directory /workdir/hadoop-ozone/tools/target/test-dir/MiniOzoneClusterImpl-a5ac6908-1030-4589-81cf-eb895152b587/datanode-1/data/ratis/3d0cb933-03c7-49e3-a11c-265593f526f7
2019-09-19 16:59:08,247 [pool-38-thread-1] INFO  server.RaftServerConfigKeys (ConfUtils.java:logGet(43)) - raft.server.log.queue.byte-limit = 2147483647 (custom)
2019-09-19 16:59:08,247 [pool-38-thread-1] INFO  server.RaftServerConfigKeys (ConfUtils.java:logGet(43)) - raft.server.log.queue.element-limit = 1024 (custom)
2019-09-19 16:59:08,248 [pool-38-thread-1] INFO  server.RaftServerConfigKeys (ConfUtils.java:logGet(43)) - raft.server.log.segment.size.max = 1048576 (custom)
2019-09-19 16:59:08,248 [pool-38-thread-1] INFO  server.RaftServerConfigKeys (ConfUtils.java:logGet(43)) - raft.server.log.preallocated.size = 16384 (custom)
2019-09-19 16:59:08,248 [pool-38-thread-1] INFO  server.RaftServerConfigKeys (ConfUtils.java:logGet(43)) - raft.server.log.write.buffer.size = 33554432 (custom)
2019-09-19 16:59:08,249 [pool-38-thread-1] INFO  server.RaftServerConfigKeys (ConfUtils.java:logGet(43)) - raft.server.log.force.sync.num = 128 (default)
2019-09-19 16:59:08,249 [pool-38-thread-1] INFO  server.RaftServerConfigKeys (ConfUtils.java:logGet(43)) - raft.server.log.statemachine.data.sync = true (default)
2019-09-19 16:59:08,249 [pool-38-thread-1] INFO  server.RaftServerConfigKeys (ConfUtils.java:logGet(43)) - raft.server.log.statemachine.data.sync.timeout = 10s (default)
2019-09-19 16:59:08,250 [pool-38-thread-1] INFO  server.RaftServerConfigKeys (ConfUtils.java:logGet(43)) - raft.server.log.statemachine.data.sync.timeout.retry = -1 (default)
2019-09-19 16:59:08,250 [pool-38-thread-1] INFO  server.RaftServerConfigKeys (ConfUtils.java:logGet(43)) - raft.server.log.statemachine.data.caching.enabled = true (custom)
2019-09-19 16:59:08,251 [pool-38-thread-1] INFO  segmented.SegmentedRaftLogWorker (SegmentedRaftLogWorker.java:lambda$new$0(132)) - 85f39efa-eef7-4cc0-b720-9885e028acae-SegmentedRaftLogWorker:Storage Directory /workdir/hadoop-ozone/tools/target/test-dir/MiniOzoneClusterImpl-a5ac6908-1030-4589-81cf-eb895152b587/datanode-1/data/ratis/3d0cb933-03c7-49e3-a11c-265593f526f7: flushIndex: setUnconditionally 0 -> -1
2019-09-19 16:59:08,252 [pool-38-thread-1] INFO  server.RaftServerConfigKeys (ConfUtils.java:logGet(43)) - raft.server.snapshot.auto.trigger.enabled = true (custom)
2019-09-19 16:59:08,255 [pool-38-thread-1] INFO  server.RaftServerConfigKeys (ConfUtils.java:logGet(43)) - raft.server.snapshot.auto.trigger.threshold = 10000 (custom)
2019-09-19 16:59:08,255 [pool-38-thread-1] INFO  server.RaftServerConfigKeys (ConfUtils.java:logGet(43)) - raft.server.retrycache.expirytime = 600000ms (custom)
2019-09-19 16:59:08,256 [pool-38-thread-1] INFO  impl.RaftServerImpl (RaftServerImpl.java:start(180)) - 85f39efa-eef7-4cc0-b720-9885e028acae: start group-265593F526F7
2019-09-19 16:59:08,256 [pool-38-thread-1] INFO  impl.RaftServerImpl (RaftServerImpl.java:setRole(171)) - 85f39efa-eef7-4cc0-b720-9885e028acae:group-265593F526F7 changes role from null to FOLLOWER at term 0 for startAsFollower
2019-09-19 16:59:08,256 [pool-38-thread-1] INFO  impl.RoleInfo (RoleInfo.java:updateAndGet(143)) - 85f39efa-eef7-4cc0-b720-9885e028acae: start FollowerState
2019-09-19 16:59:08,257 [pool-38-thread-1] INFO  util.JmxRegister (JmxRegister.java:tryRegister(44)) - Successfully registered JMX Bean with object name Ratis:service=RaftServer,group=group-265593F526F7,id=85f39efa-eef7-4cc0-b720-9885e028acae
2019-09-19 16:59:08,267 [RatisPipelineUtilsThread] INFO  pipeline.PipelineStateManager (PipelineStateManager.java:addPipeline(56)) - Created pipeline Pipeline[ Id: 3d0cb933-03c7-49e3-a11c-265593f526f7, Nodes: 85f39efa-eef7-4cc0-b720-9885e028acae{ip: 192.168.157.226, host: pr-hdds-1569-swxfz-3172132826, networkLocation: /default-rack, certSerialId: null}, Type:RATIS, Factor:ONE, State:OPEN]
2019-09-19 16:59:08,291 [grpc-default-executor-0] INFO  impl.RaftServerProxy (RaftServerProxy.java:addNew(89)) - 85f39efa-eef7-4cc0-b720-9885e028acae: addNew group-F69A5280F9D8:[85f39efa-eef7-4cc0-b720-9885e028acae:192.168.157.226:41642] returns group-F69A5280F9D8:java.util.concurrent.CompletableFuture@66d1f0ee[Not completed]
2019-09-19 16:59:08,292 [pool-38-thread-1] INFO  impl.RaftServerImpl (RaftServerImpl.java:<init>(93)) - 85f39efa-eef7-4cc0-b720-9885e028acae: new RaftServerImpl for group-F69A5280F9D8:[85f39efa-eef7-4cc0-b720-9885e028acae:192.168.157.226:41642] with ContainerStateMachine:uninitialized
2019-09-19 16:59:08,292 [pool-38-thread-1] INFO  server.RaftServerConfigKeys (ConfUtils.java:logGet(43)) - raft.server.rpc.timeout.min = 5s (custom)
2019-09-19 16:59:08,293 [pool-38-thread-1] INFO  server.RaftServerConfigKeys (ConfUtils.java:logGet(43)) - raft.server.rpc.timeout.max = 5200ms (custom)
2019-09-19 16:59:08,293 [pool-38-thread-1] INFO  server.RaftServerConfigKeys (ConfUtils.java:logGet(43)) - raft.server.rpcslowness.timeout = 120s (custom)
2019-09-19 16:59:08,293 [pool-38-thread-1] INFO  server.RaftServerConfigKeys (ConfUtils.java:logGet(43)) - raft.server.sleep.deviation.threshold = 300 (default)
2019-09-19 16:59:08,293 [pool-38-thread-1] INFO  server.RaftServerConfigKeys (ConfUtils.java:logGet(43)) - raft.server.log.appender.install.snapshot.enabled = false (custom)
2019-09-19 16:59:08,293 [pool-38-thread-1] INFO  impl.RaftServerImpl (ServerState.java:<init>(105)) - 85f39efa-eef7-4cc0-b720-9885e028acae:group-F69A5280F9D8 ConfigurationManager, init=-1: [85f39efa-eef7-4cc0-b720-9885e028acae:192.168.157.226:41642], old=null, confs=<EMPTY_MAP>
2019-09-19 16:59:08,293 [pool-38-thread-1] INFO  server.RaftServerConfigKeys (ConfUtils.java:logGet(43)) - raft.server.storage.dir = [/workdir/hadoop-ozone/tools/target/test-dir/MiniOzoneClusterImpl-a5ac6908-1030-4589-81cf-eb895152b587/datanode-1/data/ratis] (custom)
2019-09-19 16:59:08,294 [pool-38-thread-1] INFO  storage.RaftStorageDirectory (RaftStorageDirectory.java:analyzeStorage(246)) - The storage directory /workdir/hadoop-ozone/tools/target/test-dir/MiniOzoneClusterImpl-a5ac6908-1030-4589-81cf-eb895152b587/datanode-1/data/ratis/1a580696-e158-41b6-981c-f69a5280f9d8 does not exist. Creating ...
2019-09-19 16:59:08,318 [pool-38-thread-1] INFO  storage.RaftStorageDirectory (RaftStorageDirectory.java:tryLock(328)) - Lock on /workdir/hadoop-ozone/tools/target/test-dir/MiniOzoneClusterImpl-a5ac6908-1030-4589-81cf-eb895152b587/datanode-1/data/ratis/1a580696-e158-41b6-981c-f69a5280f9d8/in_use.lock acquired by nodename 23424@pr-hdds-1569-swxfz-3172132826
2019-09-19 16:59:08,331 [pool-38-thread-1] INFO  storage.RaftStorage (RaftStorage.java:format(72)) - Storage directory /workdir/hadoop-ozone/tools/target/test-dir/MiniOzoneClusterImpl-a5ac6908-1030-4589-81cf-eb895152b587/datanode-1/data/ratis/1a580696-e158-41b6-981c-f69a5280f9d8 has been successfully formatted.
2019-09-19 16:59:08,331 [pool-38-thread-1] INFO  ratis.ContainerStateMachine (ContainerStateMachine.java:loadSnapshot(226)) - group-F69A5280F9D8: The snapshot info is null. Setting the last applied indexto:(t:0, i:~)
2019-09-19 16:59:08,331 [pool-38-thread-1] INFO  server.RaftServerConfigKeys (ConfUtils.java:logGet(43)) - raft.server.leader.election.timeout = 120s (custom)
2019-09-19 16:59:08,332 [pool-38-thread-1] INFO  server.RaftServerConfigKeys (ConfUtils.java:logGet(43)) - raft.server.log.use.memory = false (default)
2019-09-19 16:59:08,332 [pool-38-thread-1] INFO  server.RaftServerConfigKeys (ConfUtils.java:logGet(43)) - raft.server.log.purge.gap = 1000000 (custom)
2019-09-19 16:59:08,332 [pool-38-thread-1] INFO  server.RaftServerConfigKeys (ConfUtils.java:logGet(43)) - raft.server.log.appender.buffer.byte-limit = 33554432 (custom)
2019-09-19 16:59:08,332 [pool-38-thread-1] INFO  server.RaftServerConfigKeys (ConfUtils.java:logGet(43)) - raft.server.log.segment.size.max = 1048576 (custom)
2019-09-19 16:59:08,332 [pool-38-thread-1] INFO  server.RaftServerConfigKeys (ConfUtils.java:logGet(43)) - raft.server.log.segment.cache.num.max = 2 (custom)
2019-09-19 16:59:08,332 [pool-38-thread-1] INFO  segmented.SegmentedRaftLogWorker (SegmentedRaftLogWorker.java:<init>(172)) - new 85f39efa-eef7-4cc0-b720-9885e028acae-SegmentedRaftLogWorker:Storage Directory /workdir/hadoop-ozone/tools/target/test-dir/MiniOzoneClusterImpl-a5ac6908-1030-4589-81cf-eb895152b587/datanode-1/data/ratis/1a580696-e158-41b6-981c-f69a5280f9d8 for RaftStorage:Storage Directory /workdir/hadoop-ozone/tools/target/test-dir/MiniOzoneClusterImpl-a5ac6908-1030-4589-81cf-eb895152b587/datanode-1/data/ratis/1a580696-e158-41b6-981c-f69a5280f9d8
2019-09-19 16:59:08,332 [pool-38-thread-1] INFO  server.RaftServerConfigKeys (ConfUtils.java:logGet(43)) - raft.server.log.queue.byte-limit = 2147483647 (custom)
2019-09-19 16:59:08,333 [pool-38-thread-1] INFO  server.RaftServerConfigKeys (ConfUtils.java:logGet(43)) - raft.server.log.queue.element-limit = 1024 (custom)
2019-09-19 16:59:08,333 [pool-38-thread-1] INFO  server.RaftServerConfigKeys (ConfUtils.java:logGet(43)) - raft.server.log.segment.size.max = 1048576 (custom)
2019-09-19 16:59:08,333 [pool-38-thread-1] INFO  server.RaftServerConfigKeys (ConfUtils.java:logGet(43)) - raft.server.log.preallocated.size = 16384 (custom)
2019-09-19 16:59:08,333 [pool-38-thread-1] INFO  server.RaftServerConfigKeys (ConfUtils.java:logGet(43)) - raft.server.log.write.buffer.size = 33554432 (custom)
2019-09-19 16:59:08,333 [pool-38-thread-1] INFO  server.RaftServerConfigKeys (ConfUtils.java:logGet(43)) - raft.server.log.force.sync.num = 128 (default)
2019-09-19 16:59:08,333 [pool-38-thread-1] INFO  server.RaftServerConfigKeys (ConfUtils.java:logGet(43)) - raft.server.log.statemachine.data.sync = true (default)
2019-09-19 16:59:08,333 [pool-38-thread-1] INFO  server.RaftServerConfigKeys (ConfUtils.java:logGet(43)) - raft.server.log.statemachine.data.sync.timeout = 10s (default)
2019-09-19 16:59:08,334 [pool-38-thread-1] INFO  server.RaftServerConfigKeys (ConfUtils.java:logGet(43)) - raft.server.log.statemachine.data.sync.timeout.retry = -1 (default)
2019-09-19 16:59:08,334 [pool-38-thread-1] INFO  server.RaftServerConfigKeys (ConfUtils.java:logGet(43)) - raft.server.log.statemachine.data.caching.enabled = true (custom)
2019-09-19 16:59:08,334 [pool-38-thread-1] INFO  segmented.SegmentedRaftLogWorker (SegmentedRaftLogWorker.java:lambda$new$0(132)) - 85f39efa-eef7-4cc0-b720-9885e028acae-SegmentedRaftLogWorker:Storage Directory /workdir/hadoop-ozone/tools/target/test-dir/MiniOzoneClusterImpl-a5ac6908-1030-4589-81cf-eb895152b587/datanode-1/data/ratis/1a580696-e158-41b6-981c-f69a5280f9d8: flushIndex: setUnconditionally 0 -> -1
2019-09-19 16:59:08,334 [pool-38-thread-1] INFO  server.RaftServerConfigKeys (ConfUtils.java:logGet(43)) - raft.server.snapshot.auto.trigger.enabled = true (custom)
2019-09-19 16:59:08,335 [pool-38-thread-1] INFO  server.RaftServerConfigKeys (ConfUtils.java:logGet(43)) - raft.server.snapshot.auto.trigger.threshold = 10000 (custom)
2019-09-19 16:59:08,335 [pool-38-thread-1] INFO  server.RaftServerConfigKeys (ConfUtils.java:logGet(43)) - raft.server.retrycache.expirytime = 600000ms (custom)
2019-09-19 16:59:08,335 [pool-38-thread-1] INFO  impl.RaftServerImpl (RaftServerImpl.java:start(180)) - 85f39efa-eef7-4cc0-b720-9885e028acae: start group-F69A5280F9D8
2019-09-19 16:59:08,335 [pool-38-thread-1] INFO  impl.RaftServerImpl (RaftServerImpl.java:setRole(171)) - 85f39efa-eef7-4cc0-b720-9885e028acae:group-F69A5280F9D8 changes role from null to FOLLOWER at term 0 for startAsFollower
2019-09-19 16:59:08,335 [pool-38-thread-1] INFO  impl.RoleInfo (RoleInfo.java:updateAndGet(143)) - 85f39efa-eef7-4cc0-b720-9885e028acae: start FollowerState
2019-09-19 16:59:08,336 [pool-38-thread-1] INFO  util.JmxRegister (JmxRegister.java:tryRegister(44)) - Successfully registered JMX Bean with object name Ratis:service=RaftServer,group=group-F69A5280F9D8,id=85f39efa-eef7-4cc0-b720-9885e028acae
2019-09-19 16:59:08,350 [RatisPipelineUtilsThread] INFO  pipeline.PipelineStateManager (PipelineStateManager.java:addPipeline(56)) - Created pipeline Pipeline[ Id: 1a580696-e158-41b6-981c-f69a5280f9d8, Nodes: 85f39efa-eef7-4cc0-b720-9885e028acae{ip: 192.168.157.226, host: pr-hdds-1569-swxfz-3172132826, networkLocation: /default-rack, certSerialId: null}, Type:RATIS, Factor:ONE, State:OPEN]
2019-09-19 16:59:08,364 [grpc-default-executor-0] INFO  impl.RaftServerProxy (RaftServerProxy.java:addNew(89)) - de9189f1-401c-48ab-a01e-1e33ebb6cd5b: addNew group-C58B23824DB6:[de9189f1-401c-48ab-a01e-1e33ebb6cd5b:192.168.157.226:40088] returns group-C58B23824DB6:java.util.concurrent.CompletableFuture@7d6a74fa[Not completed]
2019-09-19 16:59:08,366 [pool-27-thread-1] INFO  impl.RaftServerImpl (RaftServerImpl.java:<init>(93)) - de9189f1-401c-48ab-a01e-1e33ebb6cd5b: new RaftServerImpl for group-C58B23824DB6:[de9189f1-401c-48ab-a01e-1e33ebb6cd5b:192.168.157.226:40088] with ContainerStateMachine:uninitialized
2019-09-19 16:59:08,366 [pool-27-thread-1] INFO  server.RaftServerConfigKeys (ConfUtils.java:logGet(43)) - raft.server.rpc.timeout.min = 5s (custom)
2019-09-19 16:59:08,366 [pool-27-thread-1] INFO  server.RaftServerConfigKeys (ConfUtils.java:logGet(43)) - raft.server.rpc.timeout.max = 5200ms (custom)
2019-09-19 16:59:08,367 [pool-27-thread-1] INFO  server.RaftServerConfigKeys (ConfUtils.java:logGet(43)) - raft.server.rpcslowness.timeout = 120s (custom)
2019-09-19 16:59:08,367 [pool-27-thread-1] INFO  server.RaftServerConfigKeys (ConfUtils.java:logGet(43)) - raft.server.sleep.deviation.threshold = 300 (default)
2019-09-19 16:59:08,367 [pool-27-thread-1] INFO  server.RaftServerConfigKeys (ConfUtils.java:logGet(43)) - raft.server.log.appender.install.snapshot.enabled = false (custom)
2019-09-19 16:59:08,367 [pool-27-thread-1] INFO  impl.RaftServerImpl (ServerState.java:<init>(105)) - de9189f1-401c-48ab-a01e-1e33ebb6cd5b:group-C58B23824DB6 ConfigurationManager, init=-1: [de9189f1-401c-48ab-a01e-1e33ebb6cd5b:192.168.157.226:40088], old=null, confs=<EMPTY_MAP>
2019-09-19 16:59:08,367 [pool-27-thread-1] INFO  server.RaftServerConfigKeys (ConfUtils.java:logGet(43)) - raft.server.storage.dir = [/workdir/hadoop-ozone/tools/target/test-dir/MiniOzoneClusterImpl-a5ac6908-1030-4589-81cf-eb895152b587/datanode-0/data/ratis] (custom)
2019-09-19 16:59:08,368 [pool-27-thread-1] INFO  storage.RaftStorageDirectory (RaftStorageDirectory.java:analyzeStorage(246)) - The storage directory /workdir/hadoop-ozone/tools/target/test-dir/MiniOzoneClusterImpl-a5ac6908-1030-4589-81cf-eb895152b587/datanode-0/data/ratis/76f8d515-c6bb-4f3f-bc54-c58b23824db6 does not exist. Creating ...
2019-09-19 16:59:08,380 [pool-27-thread-1] INFO  storage.RaftStorageDirectory (RaftStorageDirectory.java:tryLock(328)) - Lock on /workdir/hadoop-ozone/tools/target/test-dir/MiniOzoneClusterImpl-a5ac6908-1030-4589-81cf-eb895152b587/datanode-0/data/ratis/76f8d515-c6bb-4f3f-bc54-c58b23824db6/in_use.lock acquired by nodename 23424@pr-hdds-1569-swxfz-3172132826
2019-09-19 16:59:08,394 [pool-27-thread-1] INFO  storage.RaftStorage (RaftStorage.java:format(72)) - Storage directory /workdir/hadoop-ozone/tools/target/test-dir/MiniOzoneClusterImpl-a5ac6908-1030-4589-81cf-eb895152b587/datanode-0/data/ratis/76f8d515-c6bb-4f3f-bc54-c58b23824db6 has been successfully formatted.
2019-09-19 16:59:08,394 [pool-27-thread-1] INFO  ratis.ContainerStateMachine (ContainerStateMachine.java:loadSnapshot(226)) - group-C58B23824DB6: The snapshot info is null. Setting the last applied indexto:(t:0, i:~)
2019-09-19 16:59:08,394 [pool-27-thread-1] INFO  server.RaftServerConfigKeys (ConfUtils.java:logGet(43)) - raft.server.leader.election.timeout = 120s (custom)
2019-09-19 16:59:08,394 [pool-27-thread-1] INFO  server.RaftServerConfigKeys (ConfUtils.java:logGet(43)) - raft.server.log.use.memory = false (default)
2019-09-19 16:59:08,395 [pool-27-thread-1] INFO  server.RaftServerConfigKeys (ConfUtils.java:logGet(43)) - raft.server.log.purge.gap = 1000000 (custom)
2019-09-19 16:59:08,395 [pool-27-thread-1] INFO  server.RaftServerConfigKeys (ConfUtils.java:logGet(43)) - raft.server.log.appender.buffer.byte-limit = 33554432 (custom)
2019-09-19 16:59:08,395 [pool-27-thread-1] INFO  server.RaftServerConfigKeys (ConfUtils.java:logGet(43)) - raft.server.log.segment.size.max = 1048576 (custom)
2019-09-19 16:59:08,395 [pool-27-thread-1] INFO  server.RaftServerConfigKeys (ConfUtils.java:logGet(43)) - raft.server.log.segment.cache.num.max = 2 (custom)
2019-09-19 16:59:08,395 [pool-27-thread-1] INFO  segmented.SegmentedRaftLogWorker (SegmentedRaftLogWorker.java:<init>(172)) - new de9189f1-401c-48ab-a01e-1e33ebb6cd5b-SegmentedRaftLogWorker:Storage Directory /workdir/hadoop-ozone/tools/target/test-dir/MiniOzoneClusterImpl-a5ac6908-1030-4589-81cf-eb895152b587/datanode-0/data/ratis/76f8d515-c6bb-4f3f-bc54-c58b23824db6 for RaftStorage:Storage Directory /workdir/hadoop-ozone/tools/target/test-dir/MiniOzoneClusterImpl-a5ac6908-1030-4589-81cf-eb895152b587/datanode-0/data/ratis/76f8d515-c6bb-4f3f-bc54-c58b23824db6
2019-09-19 16:59:08,395 [pool-27-thread-1] INFO  server.RaftServerConfigKeys (ConfUtils.java:logGet(43)) - raft.server.log.queue.byte-limit = 2147483647 (custom)
2019-09-19 16:59:08,396 [pool-27-thread-1] INFO  server.RaftServerConfigKeys (ConfUtils.java:logGet(43)) - raft.server.log.queue.element-limit = 1024 (custom)
2019-09-19 16:59:08,396 [pool-27-thread-1] INFO  server.RaftServerConfigKeys (ConfUtils.java:logGet(43)) - raft.server.log.segment.size.max = 1048576 (custom)
2019-09-19 16:59:08,396 [pool-27-thread-1] INFO  server.RaftServerConfigKeys (ConfUtils.java:logGet(43)) - raft.server.log.preallocated.size = 16384 (custom)
2019-09-19 16:59:08,396 [pool-27-thread-1] INFO  server.RaftServerConfigKeys (ConfUtils.java:logGet(43)) - raft.server.log.write.buffer.size = 33554432 (custom)
2019-09-19 16:59:08,396 [pool-27-thread-1] INFO  server.RaftServerConfigKeys (ConfUtils.java:logGet(43)) - raft.server.log.force.sync.num = 128 (default)
2019-09-19 16:59:08,397 [pool-27-thread-1] INFO  server.RaftServerConfigKeys (ConfUtils.java:logGet(43)) - raft.server.log.statemachine.data.sync = true (default)
2019-09-19 16:59:08,397 [pool-27-thread-1] INFO  server.RaftServerConfigKeys (ConfUtils.java:logGet(43)) - raft.server.log.statemachine.data.sync.timeout = 10s (default)
2019-09-19 16:59:08,397 [pool-27-thread-1] INFO  server.RaftServerConfigKeys (ConfUtils.java:logGet(43)) - raft.server.log.statemachine.data.sync.timeout.retry = -1 (default)
2019-09-19 16:59:08,397 [pool-27-thread-1] INFO  server.RaftServerConfigKeys (ConfUtils.java:logGet(43)) - raft.server.log.statemachine.data.caching.enabled = true (custom)
2019-09-19 16:59:08,398 [pool-27-thread-1] INFO  segmented.SegmentedRaftLogWorker (SegmentedRaftLogWorker.java:lambda$new$0(132)) - de9189f1-401c-48ab-a01e-1e33ebb6cd5b-SegmentedRaftLogWorker:Storage Directory /workdir/hadoop-ozone/tools/target/test-dir/MiniOzoneClusterImpl-a5ac6908-1030-4589-81cf-eb895152b587/datanode-0/data/ratis/76f8d515-c6bb-4f3f-bc54-c58b23824db6: flushIndex: setUnconditionally 0 -> -1
2019-09-19 16:59:08,398 [pool-27-thread-1] INFO  server.RaftServerConfigKeys (ConfUtils.java:logGet(43)) - raft.server.snapshot.auto.trigger.enabled = true (custom)
2019-09-19 16:59:08,398 [pool-27-thread-1] INFO  server.RaftServerConfigKeys (ConfUtils.java:logGet(43)) - raft.server.snapshot.auto.trigger.threshold = 10000 (custom)
2019-09-19 16:59:08,398 [pool-27-thread-1] INFO  server.RaftServerConfigKeys (ConfUtils.java:logGet(43)) - raft.server.retrycache.expirytime = 600000ms (custom)
2019-09-19 16:59:08,399 [pool-27-thread-1] INFO  impl.RaftServerImpl (RaftServerImpl.java:start(180)) - de9189f1-401c-48ab-a01e-1e33ebb6cd5b: start group-C58B23824DB6
2019-09-19 16:59:08,399 [pool-27-thread-1] INFO  impl.RaftServerImpl (RaftServerImpl.java:setRole(171)) - de9189f1-401c-48ab-a01e-1e33ebb6cd5b:group-C58B23824DB6 changes role from null to FOLLOWER at term 0 for startAsFollower
2019-09-19 16:59:08,399 [pool-27-thread-1] INFO  impl.RoleInfo (RoleInfo.java:updateAndGet(143)) - de9189f1-401c-48ab-a01e-1e33ebb6cd5b: start FollowerState
2019-09-19 16:59:08,399 [pool-27-thread-1] INFO  util.JmxRegister (JmxRegister.java:tryRegister(44)) - Successfully registered JMX Bean with object name Ratis:service=RaftServer,group=group-C58B23824DB6,id=de9189f1-401c-48ab-a01e-1e33ebb6cd5b
2019-09-19 16:59:08,410 [RatisPipelineUtilsThread] INFO  pipeline.PipelineStateManager (PipelineStateManager.java:addPipeline(56)) - Created pipeline Pipeline[ Id: 76f8d515-c6bb-4f3f-bc54-c58b23824db6, Nodes: de9189f1-401c-48ab-a01e-1e33ebb6cd5b{ip: 192.168.157.226, host: pr-hdds-1569-swxfz-3172132826, networkLocation: /default-rack, certSerialId: null}, Type:RATIS, Factor:ONE, State:OPEN]
2019-09-19 16:59:08,431 [grpc-default-executor-0] INFO  impl.RaftServerProxy (RaftServerProxy.java:addNew(89)) - 85f39efa-eef7-4cc0-b720-9885e028acae: addNew group-01D37AD81B90:[85f39efa-eef7-4cc0-b720-9885e028acae:192.168.157.226:41642] returns group-01D37AD81B90:java.util.concurrent.CompletableFuture@6a9beb8b[Not completed]
2019-09-19 16:59:08,433 [pool-38-thread-1] INFO  impl.RaftServerImpl (RaftServerImpl.java:<init>(93)) - 85f39efa-eef7-4cc0-b720-9885e028acae: new RaftServerImpl for group-01D37AD81B90:[85f39efa-eef7-4cc0-b720-9885e028acae:192.168.157.226:41642] with ContainerStateMachine:uninitialized
2019-09-19 16:59:08,434 [pool-38-thread-1] INFO  server.RaftServerConfigKeys (ConfUtils.java:logGet(43)) - raft.server.rpc.timeout.min = 5s (custom)
2019-09-19 16:59:08,434 [pool-38-thread-1] INFO  server.RaftServerConfigKeys (ConfUtils.java:logGet(43)) - raft.server.rpc.timeout.max = 5200ms (custom)
2019-09-19 16:59:08,434 [pool-38-thread-1] INFO  server.RaftServerConfigKeys (ConfUtils.java:logGet(43)) - raft.server.rpcslowness.timeout = 120s (custom)
2019-09-19 16:59:08,434 [pool-38-thread-1] INFO  server.RaftServerConfigKeys (ConfUtils.java:logGet(43)) - raft.server.sleep.deviation.threshold = 300 (default)
2019-09-19 16:59:08,435 [pool-38-thread-1] INFO  server.RaftServerConfigKeys (ConfUtils.java:logGet(43)) - raft.server.log.appender.install.snapshot.enabled = false (custom)
2019-09-19 16:59:08,435 [pool-38-thread-1] INFO  impl.RaftServerImpl (ServerState.java:<init>(105)) - 85f39efa-eef7-4cc0-b720-9885e028acae:group-01D37AD81B90 ConfigurationManager, init=-1: [85f39efa-eef7-4cc0-b720-9885e028acae:192.168.157.226:41642], old=null, confs=<EMPTY_MAP>
2019-09-19 16:59:08,435 [pool-38-thread-1] INFO  server.RaftServerConfigKeys (ConfUtils.java:logGet(43)) - raft.server.storage.dir = [/workdir/hadoop-ozone/tools/target/test-dir/MiniOzoneClusterImpl-a5ac6908-1030-4589-81cf-eb895152b587/datanode-1/data/ratis] (custom)
2019-09-19 16:59:08,436 [pool-38-thread-1] INFO  storage.RaftStorageDirectory (RaftStorageDirectory.java:analyzeStorage(246)) - The storage directory /workdir/hadoop-ozone/tools/target/test-dir/MiniOzoneClusterImpl-a5ac6908-1030-4589-81cf-eb895152b587/datanode-1/data/ratis/8f85ecb8-5ab4-483d-b464-01d37ad81b90 does not exist. Creating ...
2019-09-19 16:59:08,449 [pool-38-thread-1] INFO  storage.RaftStorageDirectory (RaftStorageDirectory.java:tryLock(328)) - Lock on /workdir/hadoop-ozone/tools/target/test-dir/MiniOzoneClusterImpl-a5ac6908-1030-4589-81cf-eb895152b587/datanode-1/data/ratis/8f85ecb8-5ab4-483d-b464-01d37ad81b90/in_use.lock acquired by nodename 23424@pr-hdds-1569-swxfz-3172132826
2019-09-19 16:59:08,462 [pool-38-thread-1] INFO  storage.RaftStorage (RaftStorage.java:format(72)) - Storage directory /workdir/hadoop-ozone/tools/target/test-dir/MiniOzoneClusterImpl-a5ac6908-1030-4589-81cf-eb895152b587/datanode-1/data/ratis/8f85ecb8-5ab4-483d-b464-01d37ad81b90 has been successfully formatted.
2019-09-19 16:59:08,462 [pool-38-thread-1] INFO  ratis.ContainerStateMachine (ContainerStateMachine.java:loadSnapshot(226)) - group-01D37AD81B90: The snapshot info is null. Setting the last applied indexto:(t:0, i:~)
2019-09-19 16:59:08,463 [pool-38-thread-1] INFO  server.RaftServerConfigKeys (ConfUtils.java:logGet(43)) - raft.server.leader.election.timeout = 120s (custom)
2019-09-19 16:59:08,463 [pool-38-thread-1] INFO  server.RaftServerConfigKeys (ConfUtils.java:logGet(43)) - raft.server.log.use.memory = false (default)
2019-09-19 16:59:08,463 [pool-38-thread-1] INFO  server.RaftServerConfigKeys (ConfUtils.java:logGet(43)) - raft.server.log.purge.gap = 1000000 (custom)
2019-09-19 16:59:08,463 [pool-38-thread-1] INFO  server.RaftServerConfigKeys (ConfUtils.java:logGet(43)) - raft.server.log.appender.buffer.byte-limit = 33554432 (custom)
2019-09-19 16:59:08,463 [pool-38-thread-1] INFO  server.RaftServerConfigKeys (ConfUtils.java:logGet(43)) - raft.server.log.segment.size.max = 1048576 (custom)
2019-09-19 16:59:08,464 [pool-38-thread-1] INFO  server.RaftServerConfigKeys (ConfUtils.java:logGet(43)) - raft.server.log.segment.cache.num.max = 2 (custom)
2019-09-19 16:59:08,464 [pool-38-thread-1] INFO  segmented.SegmentedRaftLogWorker (SegmentedRaftLogWorker.java:<init>(172)) - new 85f39efa-eef7-4cc0-b720-9885e028acae-SegmentedRaftLogWorker:Storage Directory /workdir/hadoop-ozone/tools/target/test-dir/MiniOzoneClusterImpl-a5ac6908-1030-4589-81cf-eb895152b587/datanode-1/data/ratis/8f85ecb8-5ab4-483d-b464-01d37ad81b90 for RaftStorage:Storage Directory /workdir/hadoop-ozone/tools/target/test-dir/MiniOzoneClusterImpl-a5ac6908-1030-4589-81cf-eb895152b587/datanode-1/data/ratis/8f85ecb8-5ab4-483d-b464-01d37ad81b90
2019-09-19 16:59:08,464 [pool-38-thread-1] INFO  server.RaftServerConfigKeys (ConfUtils.java:logGet(43)) - raft.server.log.queue.byte-limit = 2147483647 (custom)
2019-09-19 16:59:08,464 [pool-38-thread-1] INFO  server.RaftServerConfigKeys (ConfUtils.java:logGet(43)) - raft.server.log.queue.element-limit = 1024 (custom)
2019-09-19 16:59:08,464 [pool-38-thread-1] INFO  server.RaftServerConfigKeys (ConfUtils.java:logGet(43)) - raft.server.log.segment.size.max = 1048576 (custom)
2019-09-19 16:59:08,465 [pool-38-thread-1] INFO  server.RaftServerConfigKeys (ConfUtils.java:logGet(43)) - raft.server.log.preallocated.size = 16384 (custom)
2019-09-19 16:59:08,465 [pool-38-thread-1] INFO  server.RaftServerConfigKeys (ConfUtils.java:logGet(43)) - raft.server.log.write.buffer.size = 33554432 (custom)
2019-09-19 16:59:08,465 [pool-38-thread-1] INFO  server.RaftServerConfigKeys (ConfUtils.java:logGet(43)) - raft.server.log.force.sync.num = 128 (default)
2019-09-19 16:59:08,465 [pool-38-thread-1] INFO  server.RaftServerConfigKeys (ConfUtils.java:logGet(43)) - raft.server.log.statemachine.data.sync = true (default)
2019-09-19 16:59:08,465 [pool-38-thread-1] INFO  server.RaftServerConfigKeys (ConfUtils.java:logGet(43)) - raft.server.log.statemachine.data.sync.timeout = 10s (default)
2019-09-19 16:59:08,466 [pool-38-thread-1] INFO  server.RaftServerConfigKeys (ConfUtils.java:logGet(43)) - raft.server.log.statemachine.data.sync.timeout.retry = -1 (default)
2019-09-19 16:59:08,466 [pool-38-thread-1] INFO  server.RaftServerConfigKeys (ConfUtils.java:logGet(43)) - raft.server.log.statemachine.data.caching.enabled = true (custom)
2019-09-19 16:59:08,466 [pool-38-thread-1] INFO  segmented.SegmentedRaftLogWorker (SegmentedRaftLogWorker.java:lambda$new$0(132)) - 85f39efa-eef7-4cc0-b720-9885e028acae-SegmentedRaftLogWorker:Storage Directory /workdir/hadoop-ozone/tools/target/test-dir/MiniOzoneClusterImpl-a5ac6908-1030-4589-81cf-eb895152b587/datanode-1/data/ratis/8f85ecb8-5ab4-483d-b464-01d37ad81b90: flushIndex: setUnconditionally 0 -> -1
2019-09-19 16:59:08,467 [pool-38-thread-1] INFO  server.RaftServerConfigKeys (ConfUtils.java:logGet(43)) - raft.server.snapshot.auto.trigger.enabled = true (custom)
2019-09-19 16:59:08,467 [pool-38-thread-1] INFO  server.RaftServerConfigKeys (ConfUtils.java:logGet(43)) - raft.server.snapshot.auto.trigger.threshold = 10000 (custom)
2019-09-19 16:59:08,467 [pool-38-thread-1] INFO  server.RaftServerConfigKeys (ConfUtils.java:logGet(43)) - raft.server.retrycache.expirytime = 600000ms (custom)
2019-09-19 16:59:08,468 [pool-38-thread-1] INFO  impl.RaftServerImpl (RaftServerImpl.java:start(180)) - 85f39efa-eef7-4cc0-b720-9885e028acae: start group-01D37AD81B90
2019-09-19 16:59:08,468 [pool-38-thread-1] INFO  impl.RaftServerImpl (RaftServerImpl.java:setRole(171)) - 85f39efa-eef7-4cc0-b720-9885e028acae:group-01D37AD81B90 changes role from null to FOLLOWER at term 0 for startAsFollower
2019-09-19 16:59:08,468 [pool-38-thread-1] INFO  impl.RoleInfo (RoleInfo.java:updateAndGet(143)) - 85f39efa-eef7-4cc0-b720-9885e028acae: start FollowerState
2019-09-19 16:59:08,469 [pool-38-thread-1] INFO  util.JmxRegister (JmxRegister.java:tryRegister(44)) - Successfully registered JMX Bean with object name Ratis:service=RaftServer,group=group-01D37AD81B90,id=85f39efa-eef7-4cc0-b720-9885e028acae
2019-09-19 16:59:08,487 [RatisPipelineUtilsThread] INFO  pipeline.PipelineStateManager (PipelineStateManager.java:addPipeline(56)) - Created pipeline Pipeline[ Id: 8f85ecb8-5ab4-483d-b464-01d37ad81b90, Nodes: 85f39efa-eef7-4cc0-b720-9885e028acae{ip: 192.168.157.226, host: pr-hdds-1569-swxfz-3172132826, networkLocation: /default-rack, certSerialId: null}, Type:RATIS, Factor:ONE, State:OPEN]
2019-09-19 16:59:08,501 [grpc-default-executor-0] INFO  impl.RaftServerProxy (RaftServerProxy.java:addNew(89)) - de9189f1-401c-48ab-a01e-1e33ebb6cd5b: addNew group-7423AD50529D:[de9189f1-401c-48ab-a01e-1e33ebb6cd5b:192.168.157.226:40088] returns group-7423AD50529D:java.util.concurrent.CompletableFuture@477879bc[Not completed]
2019-09-19 16:59:08,502 [pool-27-thread-1] INFO  impl.RaftServerImpl (RaftServerImpl.java:<init>(93)) - de9189f1-401c-48ab-a01e-1e33ebb6cd5b: new RaftServerImpl for group-7423AD50529D:[de9189f1-401c-48ab-a01e-1e33ebb6cd5b:192.168.157.226:40088] with ContainerStateMachine:uninitialized
2019-09-19 16:59:08,502 [pool-27-thread-1] INFO  server.RaftServerConfigKeys (ConfUtils.java:logGet(43)) - raft.server.rpc.timeout.min = 5s (custom)
2019-09-19 16:59:08,502 [pool-27-thread-1] INFO  server.RaftServerConfigKeys (ConfUtils.java:logGet(43)) - raft.server.rpc.timeout.max = 5200ms (custom)
2019-09-19 16:59:08,503 [pool-27-thread-1] INFO  server.RaftServerConfigKeys (ConfUtils.java:logGet(43)) - raft.server.rpcslowness.timeout = 120s (custom)
2019-09-19 16:59:08,503 [pool-27-thread-1] INFO  server.RaftServerConfigKeys (ConfUtils.java:logGet(43)) - raft.server.sleep.deviation.threshold = 300 (default)
2019-09-19 16:59:08,503 [pool-27-thread-1] INFO  server.RaftServerConfigKeys (ConfUtils.java:logGet(43)) - raft.server.log.appender.install.snapshot.enabled = false (custom)
2019-09-19 16:59:08,503 [pool-27-thread-1] INFO  impl.RaftServerImpl (ServerState.java:<init>(105)) - de9189f1-401c-48ab-a01e-1e33ebb6cd5b:group-7423AD50529D ConfigurationManager, init=-1: [de9189f1-401c-48ab-a01e-1e33ebb6cd5b:192.168.157.226:40088], old=null, confs=<EMPTY_MAP>
2019-09-19 16:59:08,503 [pool-27-thread-1] INFO  server.RaftServerConfigKeys (ConfUtils.java:logGet(43)) - raft.server.storage.dir = [/workdir/hadoop-ozone/tools/target/test-dir/MiniOzoneClusterImpl-a5ac6908-1030-4589-81cf-eb895152b587/datanode-0/data/ratis] (custom)
2019-09-19 16:59:08,504 [pool-27-thread-1] INFO  storage.RaftStorageDirectory (RaftStorageDirectory.java:analyzeStorage(246)) - The storage directory /workdir/hadoop-ozone/tools/target/test-dir/MiniOzoneClusterImpl-a5ac6908-1030-4589-81cf-eb895152b587/datanode-0/data/ratis/1168f876-bb62-45a1-a680-7423ad50529d does not exist. Creating ...
2019-09-19 16:59:08,528 [pool-27-thread-1] INFO  storage.RaftStorageDirectory (RaftStorageDirectory.java:tryLock(328)) - Lock on /workdir/hadoop-ozone/tools/target/test-dir/MiniOzoneClusterImpl-a5ac6908-1030-4589-81cf-eb895152b587/datanode-0/data/ratis/1168f876-bb62-45a1-a680-7423ad50529d/in_use.lock acquired by nodename 23424@pr-hdds-1569-swxfz-3172132826
2019-09-19 16:59:08,541 [pool-27-thread-1] INFO  storage.RaftStorage (RaftStorage.java:format(72)) - Storage directory /workdir/hadoop-ozone/tools/target/test-dir/MiniOzoneClusterImpl-a5ac6908-1030-4589-81cf-eb895152b587/datanode-0/data/ratis/1168f876-bb62-45a1-a680-7423ad50529d has been successfully formatted.
2019-09-19 16:59:08,541 [pool-27-thread-1] INFO  ratis.ContainerStateMachine (ContainerStateMachine.java:loadSnapshot(226)) - group-7423AD50529D: The snapshot info is null. Setting the last applied indexto:(t:0, i:~)
2019-09-19 16:59:08,541 [pool-27-thread-1] INFO  server.RaftServerConfigKeys (ConfUtils.java:logGet(43)) - raft.server.leader.election.timeout = 120s (custom)
2019-09-19 16:59:08,542 [pool-27-thread-1] INFO  server.RaftServerConfigKeys (ConfUtils.java:logGet(43)) - raft.server.log.use.memory = false (default)
2019-09-19 16:59:08,542 [pool-27-thread-1] INFO  server.RaftServerConfigKeys (ConfUtils.java:logGet(43)) - raft.server.log.purge.gap = 1000000 (custom)
2019-09-19 16:59:08,542 [pool-27-thread-1] INFO  server.RaftServerConfigKeys (ConfUtils.java:logGet(43)) - raft.server.log.appender.buffer.byte-limit = 33554432 (custom)
2019-09-19 16:59:08,542 [pool-27-thread-1] INFO  server.RaftServerConfigKeys (ConfUtils.java:logGet(43)) - raft.server.log.segment.size.max = 1048576 (custom)
2019-09-19 16:59:08,542 [pool-27-thread-1] INFO  server.RaftServerConfigKeys (ConfUtils.java:logGet(43)) - raft.server.log.segment.cache.num.max = 2 (custom)
2019-09-19 16:59:08,543 [pool-27-thread-1] INFO  segmented.SegmentedRaftLogWorker (SegmentedRaftLogWorker.java:<init>(172)) - new de9189f1-401c-48ab-a01e-1e33ebb6cd5b-SegmentedRaftLogWorker:Storage Directory /workdir/hadoop-ozone/tools/target/test-dir/MiniOzoneClusterImpl-a5ac6908-1030-4589-81cf-eb895152b587/datanode-0/data/ratis/1168f876-bb62-45a1-a680-7423ad50529d for RaftStorage:Storage Directory /workdir/hadoop-ozone/tools/target/test-dir/MiniOzoneClusterImpl-a5ac6908-1030-4589-81cf-eb895152b587/datanode-0/data/ratis/1168f876-bb62-45a1-a680-7423ad50529d
2019-09-19 16:59:08,543 [pool-27-thread-1] INFO  server.RaftServerConfigKeys (ConfUtils.java:logGet(43)) - raft.server.log.queue.byte-limit = 2147483647 (custom)
2019-09-19 16:59:08,543 [pool-27-thread-1] INFO  server.RaftServerConfigKeys (ConfUtils.java:logGet(43)) - raft.server.log.queue.element-limit = 1024 (custom)
2019-09-19 16:59:08,543 [pool-27-thread-1] INFO  server.RaftServerConfigKeys (ConfUtils.java:logGet(43)) - raft.server.log.segment.size.max = 1048576 (custom)
2019-09-19 16:59:08,543 [pool-27-thread-1] INFO  server.RaftServerConfigKeys (ConfUtils.java:logGet(43)) - raft.server.log.preallocated.size = 16384 (custom)
2019-09-19 16:59:08,543 [pool-27-thread-1] INFO  server.RaftServerConfigKeys (ConfUtils.java:logGet(43)) - raft.server.log.write.buffer.size = 33554432 (custom)
2019-09-19 16:59:08,544 [pool-27-thread-1] INFO  server.RaftServerConfigKeys (ConfUtils.java:logGet(43)) - raft.server.log.force.sync.num = 128 (default)
2019-09-19 16:59:08,544 [pool-27-thread-1] INFO  server.RaftServerConfigKeys (ConfUtils.java:logGet(43)) - raft.server.log.statemachine.data.sync = true (default)
2019-09-19 16:59:08,544 [pool-27-thread-1] INFO  server.RaftServerConfigKeys (ConfUtils.java:logGet(43)) - raft.server.log.statemachine.data.sync.timeout = 10s (default)
2019-09-19 16:59:08,544 [pool-27-thread-1] INFO  server.RaftServerConfigKeys (ConfUtils.java:logGet(43)) - raft.server.log.statemachine.data.sync.timeout.retry = -1 (default)
2019-09-19 16:59:08,545 [pool-27-thread-1] INFO  server.RaftServerConfigKeys (ConfUtils.java:logGet(43)) - raft.server.log.statemachine.data.caching.enabled = true (custom)
2019-09-19 16:59:08,547 [pool-27-thread-1] INFO  segmented.SegmentedRaftLogWorker (SegmentedRaftLogWorker.java:lambda$new$0(132)) - de9189f1-401c-48ab-a01e-1e33ebb6cd5b-SegmentedRaftLogWorker:Storage Directory /workdir/hadoop-ozone/tools/target/test-dir/MiniOzoneClusterImpl-a5ac6908-1030-4589-81cf-eb895152b587/datanode-0/data/ratis/1168f876-bb62-45a1-a680-7423ad50529d: flushIndex: setUnconditionally 0 -> -1
2019-09-19 16:59:08,547 [pool-27-thread-1] INFO  server.RaftServerConfigKeys (ConfUtils.java:logGet(43)) - raft.server.snapshot.auto.trigger.enabled = true (custom)
2019-09-19 16:59:08,547 [pool-27-thread-1] INFO  server.RaftServerConfigKeys (ConfUtils.java:logGet(43)) - raft.server.snapshot.auto.trigger.threshold = 10000 (custom)
2019-09-19 16:59:08,547 [pool-27-thread-1] INFO  server.RaftServerConfigKeys (ConfUtils.java:logGet(43)) - raft.server.retrycache.expirytime = 600000ms (custom)
2019-09-19 16:59:08,548 [pool-27-thread-1] INFO  impl.RaftServerImpl (RaftServerImpl.java:start(180)) - de9189f1-401c-48ab-a01e-1e33ebb6cd5b: start group-7423AD50529D
2019-09-19 16:59:08,548 [pool-27-thread-1] INFO  impl.RaftServerImpl (RaftServerImpl.java:setRole(171)) - de9189f1-401c-48ab-a01e-1e33ebb6cd5b:group-7423AD50529D changes role from null to FOLLOWER at term 0 for startAsFollower
2019-09-19 16:59:08,548 [pool-27-thread-1] INFO  impl.RoleInfo (RoleInfo.java:updateAndGet(143)) - de9189f1-401c-48ab-a01e-1e33ebb6cd5b: start FollowerState
2019-09-19 16:59:08,548 [pool-27-thread-1] INFO  util.JmxRegister (JmxRegister.java:tryRegister(44)) - Successfully registered JMX Bean with object name Ratis:service=RaftServer,group=group-7423AD50529D,id=de9189f1-401c-48ab-a01e-1e33ebb6cd5b
2019-09-19 16:59:08,557 [RatisPipelineUtilsThread] INFO  pipeline.PipelineStateManager (PipelineStateManager.java:addPipeline(56)) - Created pipeline Pipeline[ Id: 1168f876-bb62-45a1-a680-7423ad50529d, Nodes: de9189f1-401c-48ab-a01e-1e33ebb6cd5b{ip: 192.168.157.226, host: pr-hdds-1569-swxfz-3172132826, networkLocation: /default-rack, certSerialId: null}, Type:RATIS, Factor:ONE, State:OPEN]
2019-09-19 16:59:08,568 [grpc-default-executor-0] INFO  impl.RaftServerProxy (RaftServerProxy.java:addNew(89)) - b3bdbde1-aba2-47af-9538-bc5ccd76a2e7: addNew group-CF4CD7D0DD2A:[b3bdbde1-aba2-47af-9538-bc5ccd76a2e7:192.168.157.226:45771] returns group-CF4CD7D0DD2A:java.util.concurrent.CompletableFuture@50e0747d[Not completed]
2019-09-19 16:59:08,571 [pool-49-thread-1] INFO  impl.RaftServerImpl (RaftServerImpl.java:<init>(93)) - b3bdbde1-aba2-47af-9538-bc5ccd76a2e7: new RaftServerImpl for group-CF4CD7D0DD2A:[b3bdbde1-aba2-47af-9538-bc5ccd76a2e7:192.168.157.226:45771] with ContainerStateMachine:uninitialized
2019-09-19 16:59:08,571 [pool-49-thread-1] INFO  server.RaftServerConfigKeys (ConfUtils.java:logGet(43)) - raft.server.rpc.timeout.min = 5s (custom)
2019-09-19 16:59:08,571 [pool-49-thread-1] INFO  server.RaftServerConfigKeys (ConfUtils.java:logGet(43)) - raft.server.rpc.timeout.max = 5200ms (custom)
2019-09-19 16:59:08,571 [pool-49-thread-1] INFO  server.RaftServerConfigKeys (ConfUtils.java:logGet(43)) - raft.server.rpcslowness.timeout = 120s (custom)
2019-09-19 16:59:08,572 [pool-49-thread-1] INFO  server.RaftServerConfigKeys (ConfUtils.java:logGet(43)) - raft.server.sleep.deviation.threshold = 300 (default)
2019-09-19 16:59:08,572 [pool-49-thread-1] INFO  server.RaftServerConfigKeys (ConfUtils.java:logGet(43)) - raft.server.log.appender.install.snapshot.enabled = false (custom)
2019-09-19 16:59:08,572 [pool-49-thread-1] INFO  impl.RaftServerImpl (ServerState.java:<init>(105)) - b3bdbde1-aba2-47af-9538-bc5ccd76a2e7:group-CF4CD7D0DD2A ConfigurationManager, init=-1: [b3bdbde1-aba2-47af-9538-bc5ccd76a2e7:192.168.157.226:45771], old=null, confs=<EMPTY_MAP>
2019-09-19 16:59:08,572 [pool-49-thread-1] INFO  server.RaftServerConfigKeys (ConfUtils.java:logGet(43)) - raft.server.storage.dir = [/workdir/hadoop-ozone/tools/target/test-dir/MiniOzoneClusterImpl-a5ac6908-1030-4589-81cf-eb895152b587/datanode-2/data/ratis] (custom)
2019-09-19 16:59:08,573 [pool-49-thread-1] INFO  storage.RaftStorageDirectory (RaftStorageDirectory.java:analyzeStorage(246)) - The storage directory /workdir/hadoop-ozone/tools/target/test-dir/MiniOzoneClusterImpl-a5ac6908-1030-4589-81cf-eb895152b587/datanode-2/data/ratis/5dc86f1d-2424-4822-b2cd-cf4cd7d0dd2a does not exist. Creating ...
2019-09-19 16:59:08,586 [pool-49-thread-1] INFO  storage.RaftStorageDirectory (RaftStorageDirectory.java:tryLock(328)) - Lock on /workdir/hadoop-ozone/tools/target/test-dir/MiniOzoneClusterImpl-a5ac6908-1030-4589-81cf-eb895152b587/datanode-2/data/ratis/5dc86f1d-2424-4822-b2cd-cf4cd7d0dd2a/in_use.lock acquired by nodename 23424@pr-hdds-1569-swxfz-3172132826
2019-09-19 16:59:08,600 [pool-49-thread-1] INFO  storage.RaftStorage (RaftStorage.java:format(72)) - Storage directory /workdir/hadoop-ozone/tools/target/test-dir/MiniOzoneClusterImpl-a5ac6908-1030-4589-81cf-eb895152b587/datanode-2/data/ratis/5dc86f1d-2424-4822-b2cd-cf4cd7d0dd2a has been successfully formatted.
2019-09-19 16:59:08,600 [pool-49-thread-1] INFO  ratis.ContainerStateMachine (ContainerStateMachine.java:loadSnapshot(226)) - group-CF4CD7D0DD2A: The snapshot info is null. Setting the last applied indexto:(t:0, i:~)
2019-09-19 16:59:08,600 [pool-49-thread-1] INFO  server.RaftServerConfigKeys (ConfUtils.java:logGet(43)) - raft.server.leader.election.timeout = 120s (custom)
2019-09-19 16:59:08,600 [pool-49-thread-1] INFO  server.RaftServerConfigKeys (ConfUtils.java:logGet(43)) - raft.server.log.use.memory = false (default)
2019-09-19 16:59:08,601 [pool-49-thread-1] INFO  server.RaftServerConfigKeys (ConfUtils.java:logGet(43)) - raft.server.log.purge.gap = 1000000 (custom)
2019-09-19 16:59:08,601 [pool-49-thread-1] INFO  server.RaftServerConfigKeys (ConfUtils.java:logGet(43)) - raft.server.log.appender.buffer.byte-limit = 33554432 (custom)
2019-09-19 16:59:08,601 [pool-49-thread-1] INFO  server.RaftServerConfigKeys (ConfUtils.java:logGet(43)) - raft.server.log.segment.size.max = 1048576 (custom)
2019-09-19 16:59:08,601 [pool-49-thread-1] INFO  server.RaftServerConfigKeys (ConfUtils.java:logGet(43)) - raft.server.log.segment.cache.num.max = 2 (custom)
2019-09-19 16:59:08,601 [pool-49-thread-1] INFO  segmented.SegmentedRaftLogWorker (SegmentedRaftLogWorker.java:<init>(172)) - new b3bdbde1-aba2-47af-9538-bc5ccd76a2e7-SegmentedRaftLogWorker:Storage Directory /workdir/hadoop-ozone/tools/target/test-dir/MiniOzoneClusterImpl-a5ac6908-1030-4589-81cf-eb895152b587/datanode-2/data/ratis/5dc86f1d-2424-4822-b2cd-cf4cd7d0dd2a for RaftStorage:Storage Directory /workdir/hadoop-ozone/tools/target/test-dir/MiniOzoneClusterImpl-a5ac6908-1030-4589-81cf-eb895152b587/datanode-2/data/ratis/5dc86f1d-2424-4822-b2cd-cf4cd7d0dd2a
2019-09-19 16:59:08,601 [pool-49-thread-1] INFO  server.RaftServerConfigKeys (ConfUtils.java:logGet(43)) - raft.server.log.queue.byte-limit = 2147483647 (custom)
2019-09-19 16:59:08,602 [pool-49-thread-1] INFO  server.RaftServerConfigKeys (ConfUtils.java:logGet(43)) - raft.server.log.queue.element-limit = 1024 (custom)
2019-09-19 16:59:08,602 [pool-49-thread-1] INFO  server.RaftServerConfigKeys (ConfUtils.java:logGet(43)) - raft.server.log.segment.size.max = 1048576 (custom)
2019-09-19 16:59:08,602 [pool-49-thread-1] INFO  server.RaftServerConfigKeys (ConfUtils.java:logGet(43)) - raft.server.log.preallocated.size = 16384 (custom)
2019-09-19 16:59:08,602 [pool-49-thread-1] INFO  server.RaftServerConfigKeys (ConfUtils.java:logGet(43)) - raft.server.log.write.buffer.size = 33554432 (custom)
2019-09-19 16:59:08,602 [pool-49-thread-1] INFO  server.RaftServerConfigKeys (ConfUtils.java:logGet(43)) - raft.server.log.force.sync.num = 128 (default)
2019-09-19 16:59:08,602 [pool-49-thread-1] INFO  server.RaftServerConfigKeys (ConfUtils.java:logGet(43)) - raft.server.log.statemachine.data.sync = true (default)
2019-09-19 16:59:08,603 [pool-49-thread-1] INFO  server.RaftServerConfigKeys (ConfUtils.java:logGet(43)) - raft.server.log.statemachine.data.sync.timeout = 10s (default)
2019-09-19 16:59:08,603 [pool-49-thread-1] INFO  server.RaftServerConfigKeys (ConfUtils.java:logGet(43)) - raft.server.log.statemachine.data.sync.timeout.retry = -1 (default)
2019-09-19 16:59:08,603 [pool-49-thread-1] INFO  server.RaftServerConfigKeys (ConfUtils.java:logGet(43)) - raft.server.log.statemachine.data.caching.enabled = true (custom)
2019-09-19 16:59:08,603 [pool-49-thread-1] INFO  segmented.SegmentedRaftLogWorker (SegmentedRaftLogWorker.java:lambda$new$0(132)) - b3bdbde1-aba2-47af-9538-bc5ccd76a2e7-SegmentedRaftLogWorker:Storage Directory /workdir/hadoop-ozone/tools/target/test-dir/MiniOzoneClusterImpl-a5ac6908-1030-4589-81cf-eb895152b587/datanode-2/data/ratis/5dc86f1d-2424-4822-b2cd-cf4cd7d0dd2a: flushIndex: setUnconditionally 0 -> -1
2019-09-19 16:59:08,604 [pool-49-thread-1] INFO  server.RaftServerConfigKeys (ConfUtils.java:logGet(43)) - raft.server.snapshot.auto.trigger.enabled = true (custom)
2019-09-19 16:59:08,604 [pool-49-thread-1] INFO  server.RaftServerConfigKeys (ConfUtils.java:logGet(43)) - raft.server.snapshot.auto.trigger.threshold = 10000 (custom)
2019-09-19 16:59:08,604 [pool-49-thread-1] INFO  server.RaftServerConfigKeys (ConfUtils.java:logGet(43)) - raft.server.retrycache.expirytime = 600000ms (custom)
2019-09-19 16:59:08,605 [pool-49-thread-1] INFO  impl.RaftServerImpl (RaftServerImpl.java:start(180)) - b3bdbde1-aba2-47af-9538-bc5ccd76a2e7: start group-CF4CD7D0DD2A
2019-09-19 16:59:08,605 [pool-49-thread-1] INFO  impl.RaftServerImpl (RaftServerImpl.java:setRole(171)) - b3bdbde1-aba2-47af-9538-bc5ccd76a2e7:group-CF4CD7D0DD2A changes role from null to FOLLOWER at term 0 for startAsFollower
2019-09-19 16:59:08,605 [pool-49-thread-1] INFO  impl.RoleInfo (RoleInfo.java:updateAndGet(143)) - b3bdbde1-aba2-47af-9538-bc5ccd76a2e7: start FollowerState
2019-09-19 16:59:08,605 [pool-49-thread-1] INFO  util.JmxRegister (JmxRegister.java:tryRegister(44)) - Successfully registered JMX Bean with object name Ratis:service=RaftServer,group=group-CF4CD7D0DD2A,id=b3bdbde1-aba2-47af-9538-bc5ccd76a2e7
2019-09-19 16:59:08,612 [RatisPipelineUtilsThread] INFO  pipeline.PipelineStateManager (PipelineStateManager.java:addPipeline(56)) - Created pipeline Pipeline[ Id: 5dc86f1d-2424-4822-b2cd-cf4cd7d0dd2a, Nodes: b3bdbde1-aba2-47af-9538-bc5ccd76a2e7{ip: 192.168.157.226, host: pr-hdds-1569-swxfz-3172132826, networkLocation: /default-rack, certSerialId: null}, Type:RATIS, Factor:ONE, State:OPEN]
2019-09-19 16:59:08,623 [grpc-default-executor-0] INFO  impl.RaftServerProxy (RaftServerProxy.java:addNew(89)) - de9189f1-401c-48ab-a01e-1e33ebb6cd5b: addNew group-A8E36C8625DF:[de9189f1-401c-48ab-a01e-1e33ebb6cd5b:192.168.157.226:40088] returns group-A8E36C8625DF:java.util.concurrent.CompletableFuture@6515ae24[Not completed]
2019-09-19 16:59:08,625 [pool-27-thread-1] INFO  impl.RaftServerImpl (RaftServerImpl.java:<init>(93)) - de9189f1-401c-48ab-a01e-1e33ebb6cd5b: new RaftServerImpl for group-A8E36C8625DF:[de9189f1-401c-48ab-a01e-1e33ebb6cd5b:192.168.157.226:40088] with ContainerStateMachine:uninitialized
2019-09-19 16:59:08,625 [pool-27-thread-1] INFO  server.RaftServerConfigKeys (ConfUtils.java:logGet(43)) - raft.server.rpc.timeout.min = 5s (custom)
2019-09-19 16:59:08,626 [pool-27-thread-1] INFO  server.RaftServerConfigKeys (ConfUtils.java:logGet(43)) - raft.server.rpc.timeout.max = 5200ms (custom)
2019-09-19 16:59:08,626 [pool-27-thread-1] INFO  server.RaftServerConfigKeys (ConfUtils.java:logGet(43)) - raft.server.rpcslowness.timeout = 120s (custom)
2019-09-19 16:59:08,626 [pool-27-thread-1] INFO  server.RaftServerConfigKeys (ConfUtils.java:logGet(43)) - raft.server.sleep.deviation.threshold = 300 (default)
2019-09-19 16:59:08,626 [pool-27-thread-1] INFO  server.RaftServerConfigKeys (ConfUtils.java:logGet(43)) - raft.server.log.appender.install.snapshot.enabled = false (custom)
2019-09-19 16:59:08,626 [pool-27-thread-1] INFO  impl.RaftServerImpl (ServerState.java:<init>(105)) - de9189f1-401c-48ab-a01e-1e33ebb6cd5b:group-A8E36C8625DF ConfigurationManager, init=-1: [de9189f1-401c-48ab-a01e-1e33ebb6cd5b:192.168.157.226:40088], old=null, confs=<EMPTY_MAP>
2019-09-19 16:59:08,627 [pool-27-thread-1] INFO  server.RaftServerConfigKeys (ConfUtils.java:logGet(43)) - raft.server.storage.dir = [/workdir/hadoop-ozone/tools/target/test-dir/MiniOzoneClusterImpl-a5ac6908-1030-4589-81cf-eb895152b587/datanode-0/data/ratis] (custom)
2019-09-19 16:59:08,627 [pool-27-thread-1] INFO  storage.RaftStorageDirectory (RaftStorageDirectory.java:analyzeStorage(246)) - The storage directory /workdir/hadoop-ozone/tools/target/test-dir/MiniOzoneClusterImpl-a5ac6908-1030-4589-81cf-eb895152b587/datanode-0/data/ratis/b2bea119-1f25-43fd-be5f-a8e36c8625df does not exist. Creating ...
2019-09-19 16:59:08,639 [pool-27-thread-1] INFO  storage.RaftStorageDirectory (RaftStorageDirectory.java:tryLock(328)) - Lock on /workdir/hadoop-ozone/tools/target/test-dir/MiniOzoneClusterImpl-a5ac6908-1030-4589-81cf-eb895152b587/datanode-0/data/ratis/b2bea119-1f25-43fd-be5f-a8e36c8625df/in_use.lock acquired by nodename 23424@pr-hdds-1569-swxfz-3172132826
2019-09-19 16:59:08,652 [pool-27-thread-1] INFO  storage.RaftStorage (RaftStorage.java:format(72)) - Storage directory /workdir/hadoop-ozone/tools/target/test-dir/MiniOzoneClusterImpl-a5ac6908-1030-4589-81cf-eb895152b587/datanode-0/data/ratis/b2bea119-1f25-43fd-be5f-a8e36c8625df has been successfully formatted.
2019-09-19 16:59:08,652 [pool-27-thread-1] INFO  ratis.ContainerStateMachine (ContainerStateMachine.java:loadSnapshot(226)) - group-A8E36C8625DF: The snapshot info is null. Setting the last applied indexto:(t:0, i:~)
2019-09-19 16:59:08,653 [pool-27-thread-1] INFO  server.RaftServerConfigKeys (ConfUtils.java:logGet(43)) - raft.server.leader.election.timeout = 120s (custom)
2019-09-19 16:59:08,653 [pool-27-thread-1] INFO  server.RaftServerConfigKeys (ConfUtils.java:logGet(43)) - raft.server.log.use.memory = false (default)
2019-09-19 16:59:08,653 [pool-27-thread-1] INFO  server.RaftServerConfigKeys (ConfUtils.java:logGet(43)) - raft.server.log.purge.gap = 1000000 (custom)
2019-09-19 16:59:08,653 [pool-27-thread-1] INFO  server.RaftServerConfigKeys (ConfUtils.java:logGet(43)) - raft.server.log.appender.buffer.byte-limit = 33554432 (custom)
2019-09-19 16:59:08,653 [pool-27-thread-1] INFO  server.RaftServerConfigKeys (ConfUtils.java:logGet(43)) - raft.server.log.segment.size.max = 1048576 (custom)
2019-09-19 16:59:08,653 [pool-27-thread-1] INFO  server.RaftServerConfigKeys (ConfUtils.java:logGet(43)) - raft.server.log.segment.cache.num.max = 2 (custom)
2019-09-19 16:59:08,653 [pool-27-thread-1] INFO  segmented.SegmentedRaftLogWorker (SegmentedRaftLogWorker.java:<init>(172)) - new de9189f1-401c-48ab-a01e-1e33ebb6cd5b-SegmentedRaftLogWorker:Storage Directory /workdir/hadoop-ozone/tools/target/test-dir/MiniOzoneClusterImpl-a5ac6908-1030-4589-81cf-eb895152b587/datanode-0/data/ratis/b2bea119-1f25-43fd-be5f-a8e36c8625df for RaftStorage:Storage Directory /workdir/hadoop-ozone/tools/target/test-dir/MiniOzoneClusterImpl-a5ac6908-1030-4589-81cf-eb895152b587/datanode-0/data/ratis/b2bea119-1f25-43fd-be5f-a8e36c8625df
2019-09-19 16:59:08,654 [pool-27-thread-1] INFO  server.RaftServerConfigKeys (ConfUtils.java:logGet(43)) - raft.server.log.queue.byte-limit = 2147483647 (custom)
2019-09-19 16:59:08,654 [pool-27-thread-1] INFO  server.RaftServerConfigKeys (ConfUtils.java:logGet(43)) - raft.server.log.queue.element-limit = 1024 (custom)
2019-09-19 16:59:08,654 [pool-27-thread-1] INFO  server.RaftServerConfigKeys (ConfUtils.java:logGet(43)) - raft.server.log.segment.size.max = 1048576 (custom)
2019-09-19 16:59:08,654 [pool-27-thread-1] INFO  server.RaftServerConfigKeys (ConfUtils.java:logGet(43)) - raft.server.log.preallocated.size = 16384 (custom)
2019-09-19 16:59:08,654 [pool-27-thread-1] INFO  server.RaftServerConfigKeys (ConfUtils.java:logGet(43)) - raft.server.log.write.buffer.size = 33554432 (custom)
2019-09-19 16:59:08,654 [pool-27-thread-1] INFO  server.RaftServerConfigKeys (ConfUtils.java:logGet(43)) - raft.server.log.force.sync.num = 128 (default)
2019-09-19 16:59:08,654 [pool-27-thread-1] INFO  server.RaftServerConfigKeys (ConfUtils.java:logGet(43)) - raft.server.log.statemachine.data.sync = true (default)
2019-09-19 16:59:08,655 [pool-27-thread-1] INFO  server.RaftServerConfigKeys (ConfUtils.java:logGet(43)) - raft.server.log.statemachine.data.sync.timeout = 10s (default)
2019-09-19 16:59:08,655 [pool-27-thread-1] INFO  server.RaftServerConfigKeys (ConfUtils.java:logGet(43)) - raft.server.log.statemachine.data.sync.timeout.retry = -1 (default)
2019-09-19 16:59:08,655 [pool-27-thread-1] INFO  server.RaftServerConfigKeys (ConfUtils.java:logGet(43)) - raft.server.log.statemachine.data.caching.enabled = true (custom)
2019-09-19 16:59:08,655 [pool-27-thread-1] INFO  segmented.SegmentedRaftLogWorker (SegmentedRaftLogWorker.java:lambda$new$0(132)) - de9189f1-401c-48ab-a01e-1e33ebb6cd5b-SegmentedRaftLogWorker:Storage Directory /workdir/hadoop-ozone/tools/target/test-dir/MiniOzoneClusterImpl-a5ac6908-1030-4589-81cf-eb895152b587/datanode-0/data/ratis/b2bea119-1f25-43fd-be5f-a8e36c8625df: flushIndex: setUnconditionally 0 -> -1
2019-09-19 16:59:08,656 [pool-27-thread-1] INFO  server.RaftServerConfigKeys (ConfUtils.java:logGet(43)) - raft.server.snapshot.auto.trigger.enabled = true (custom)
2019-09-19 16:59:08,656 [pool-27-thread-1] INFO  server.RaftServerConfigKeys (ConfUtils.java:logGet(43)) - raft.server.snapshot.auto.trigger.threshold = 10000 (custom)
2019-09-19 16:59:08,656 [pool-27-thread-1] INFO  server.RaftServerConfigKeys (ConfUtils.java:logGet(43)) - raft.server.retrycache.expirytime = 600000ms (custom)
2019-09-19 16:59:08,656 [pool-27-thread-1] INFO  impl.RaftServerImpl (RaftServerImpl.java:start(180)) - de9189f1-401c-48ab-a01e-1e33ebb6cd5b: start group-A8E36C8625DF
2019-09-19 16:59:08,656 [pool-27-thread-1] INFO  impl.RaftServerImpl (RaftServerImpl.java:setRole(171)) - de9189f1-401c-48ab-a01e-1e33ebb6cd5b:group-A8E36C8625DF changes role from null to FOLLOWER at term 0 for startAsFollower
2019-09-19 16:59:08,656 [pool-27-thread-1] INFO  impl.RoleInfo (RoleInfo.java:updateAndGet(143)) - de9189f1-401c-48ab-a01e-1e33ebb6cd5b: start FollowerState
2019-09-19 16:59:08,657 [pool-27-thread-1] INFO  util.JmxRegister (JmxRegister.java:tryRegister(44)) - Successfully registered JMX Bean with object name Ratis:service=RaftServer,group=group-A8E36C8625DF,id=de9189f1-401c-48ab-a01e-1e33ebb6cd5b
2019-09-19 16:59:08,664 [RatisPipelineUtilsThread] INFO  pipeline.PipelineStateManager (PipelineStateManager.java:addPipeline(56)) - Created pipeline Pipeline[ Id: b2bea119-1f25-43fd-be5f-a8e36c8625df, Nodes: de9189f1-401c-48ab-a01e-1e33ebb6cd5b{ip: 192.168.157.226, host: pr-hdds-1569-swxfz-3172132826, networkLocation: /default-rack, certSerialId: null}, Type:RATIS, Factor:ONE, State:OPEN]
2019-09-19 16:59:08,676 [grpc-default-executor-0] INFO  impl.RaftServerProxy (RaftServerProxy.java:addNew(89)) - 85f39efa-eef7-4cc0-b720-9885e028acae: addNew group-861D535F2DDE:[85f39efa-eef7-4cc0-b720-9885e028acae:192.168.157.226:41642] returns group-861D535F2DDE:java.util.concurrent.CompletableFuture@4305ae36[Not completed]
2019-09-19 16:59:08,678 [pool-38-thread-1] INFO  impl.RaftServerImpl (RaftServerImpl.java:<init>(93)) - 85f39efa-eef7-4cc0-b720-9885e028acae: new RaftServerImpl for group-861D535F2DDE:[85f39efa-eef7-4cc0-b720-9885e028acae:192.168.157.226:41642] with ContainerStateMachine:uninitialized
2019-09-19 16:59:08,678 [pool-38-thread-1] INFO  server.RaftServerConfigKeys (ConfUtils.java:logGet(43)) - raft.server.rpc.timeout.min = 5s (custom)
2019-09-19 16:59:08,678 [pool-38-thread-1] INFO  server.RaftServerConfigKeys (ConfUtils.java:logGet(43)) - raft.server.rpc.timeout.max = 5200ms (custom)
2019-09-19 16:59:08,678 [pool-38-thread-1] INFO  server.RaftServerConfigKeys (ConfUtils.java:logGet(43)) - raft.server.rpcslowness.timeout = 120s (custom)
2019-09-19 16:59:08,678 [pool-38-thread-1] INFO  server.RaftServerConfigKeys (ConfUtils.java:logGet(43)) - raft.server.sleep.deviation.threshold = 300 (default)
2019-09-19 16:59:08,678 [pool-38-thread-1] INFO  server.RaftServerConfigKeys (ConfUtils.java:logGet(43)) - raft.server.log.appender.install.snapshot.enabled = false (custom)
2019-09-19 16:59:08,679 [pool-38-thread-1] INFO  impl.RaftServerImpl (ServerState.java:<init>(105)) - 85f39efa-eef7-4cc0-b720-9885e028acae:group-861D535F2DDE ConfigurationManager, init=-1: [85f39efa-eef7-4cc0-b720-9885e028acae:192.168.157.226:41642], old=null, confs=<EMPTY_MAP>
2019-09-19 16:59:08,679 [pool-38-thread-1] INFO  server.RaftServerConfigKeys (ConfUtils.java:logGet(43)) - raft.server.storage.dir = [/workdir/hadoop-ozone/tools/target/test-dir/MiniOzoneClusterImpl-a5ac6908-1030-4589-81cf-eb895152b587/datanode-1/data/ratis] (custom)
2019-09-19 16:59:08,679 [pool-38-thread-1] INFO  storage.RaftStorageDirectory (RaftStorageDirectory.java:analyzeStorage(246)) - The storage directory /workdir/hadoop-ozone/tools/target/test-dir/MiniOzoneClusterImpl-a5ac6908-1030-4589-81cf-eb895152b587/datanode-1/data/ratis/521a28c8-8761-4b4f-bb2e-861d535f2dde does not exist. Creating ...
2019-09-19 16:59:08,692 [pool-38-thread-1] INFO  storage.RaftStorageDirectory (RaftStorageDirectory.java:tryLock(328)) - Lock on /workdir/hadoop-ozone/tools/target/test-dir/MiniOzoneClusterImpl-a5ac6908-1030-4589-81cf-eb895152b587/datanode-1/data/ratis/521a28c8-8761-4b4f-bb2e-861d535f2dde/in_use.lock acquired by nodename 23424@pr-hdds-1569-swxfz-3172132826
2019-09-19 16:59:08,696 [main] INFO  freon.RandomKeyGenerator (RandomKeyGenerator.java:call(275)) - Number of Threads: 10
2019-09-19 16:59:08,697 [main] INFO  freon.RandomKeyGenerator (RandomKeyGenerator.java:call(280)) - Number of Volumes: 1.
2019-09-19 16:59:08,697 [main] INFO  freon.RandomKeyGenerator (RandomKeyGenerator.java:call(281)) - Number of Buckets per Volume: 1.
2019-09-19 16:59:08,697 [main] INFO  freon.RandomKeyGenerator (RandomKeyGenerator.java:call(282)) - Number of Keys per Bucket: 1.
2019-09-19 16:59:08,697 [main] INFO  freon.RandomKeyGenerator (RandomKeyGenerator.java:call(283)) - Key size: 20971520 bytes
2019-09-19 16:59:08,698 [main] INFO  freon.RandomKeyGenerator (RandomKeyGenerator.java:call(284)) - Buffer size: 4096 bytes
2019-09-19 16:59:08,702 [main] INFO  freon.RandomKeyGenerator (RandomKeyGenerator.java:call(298)) - Data validation is enabled.
2019-09-19 16:59:08,703 [main] INFO  freon.RandomKeyGenerator (RandomKeyGenerator.java:call(304)) - Starting progress bar Thread.

2019-09-19 16:59:08,705 [pool-38-thread-1] INFO  storage.RaftStorage (RaftStorage.java:format(72)) - Storage directory /workdir/hadoop-ozone/tools/target/test-dir/MiniOzoneClusterImpl-a5ac6908-1030-4589-81cf-eb895152b587/datanode-1/data/ratis/521a28c8-8761-4b4f-bb2e-861d535f2dde has been successfully formatted.
2019-09-19 16:59:08,705 [pool-38-thread-1] INFO  ratis.ContainerStateMachine (ContainerStateMachine.java:loadSnapshot(226)) - group-861D535F2DDE: The snapshot info is null. Setting the last applied indexto:(t:0, i:~)
2019-09-19 16:59:08,705 [pool-38-thread-1] INFO  server.RaftServerConfigKeys (ConfUtils.java:logGet(43)) - raft.server.leader.election.timeout = 120s (custom)
 0.00% |█                                                                                                    |  0/1 Time: 0:00:002019-09-19 16:59:08,706 [pool-38-thread-1] INFO  server.RaftServerConfigKeys (ConfUtils.java:logGet(43)) - raft.server.log.use.memory = false (default)
2019-09-19 16:59:08,706 [pool-38-thread-1] INFO  server.RaftServerConfigKeys (ConfUtils.java:logGet(43)) - raft.server.log.purge.gap = 1000000 (custom)
2019-09-19 16:59:08,706 [pool-38-thread-1] INFO  server.RaftServerConfigKeys (ConfUtils.java:logGet(43)) - raft.server.log.appender.buffer.byte-limit = 33554432 (custom)
2019-09-19 16:59:08,706 [pool-38-thread-1] INFO  server.RaftServerConfigKeys (ConfUtils.java:logGet(43)) - raft.server.log.segment.size.max = 1048576 (custom)
2019-09-19 16:59:08,707 [pool-38-thread-1] INFO  server.RaftServerConfigKeys (ConfUtils.java:logGet(43)) - raft.server.log.segment.cache.num.max = 2 (custom)
2019-09-19 16:59:08,707 [pool-38-thread-1] INFO  segmented.SegmentedRaftLogWorker (SegmentedRaftLogWorker.java:<init>(172)) - new 85f39efa-eef7-4cc0-b720-9885e028acae-SegmentedRaftLogWorker:Storage Directory /workdir/hadoop-ozone/tools/target/test-dir/MiniOzoneClusterImpl-a5ac6908-1030-4589-81cf-eb895152b587/datanode-1/data/ratis/521a28c8-8761-4b4f-bb2e-861d535f2dde for RaftStorage:Storage Directory /workdir/hadoop-ozone/tools/target/test-dir/MiniOzoneClusterImpl-a5ac6908-1030-4589-81cf-eb895152b587/datanode-1/data/ratis/521a28c8-8761-4b4f-bb2e-861d535f2dde
2019-09-19 16:59:08,707 [pool-38-thread-1] INFO  server.RaftServerConfigKeys (ConfUtils.java:logGet(43)) - raft.server.log.queue.byte-limit = 2147483647 (custom)
2019-09-19 16:59:08,707 [pool-38-thread-1] INFO  server.RaftServerConfigKeys (ConfUtils.java:logGet(43)) - raft.server.log.queue.element-limit = 1024 (custom)
2019-09-19 16:59:08,707 [pool-38-thread-1] INFO  server.RaftServerConfigKeys (ConfUtils.java:logGet(43)) - raft.server.log.segment.size.max = 1048576 (custom)
2019-09-19 16:59:08,708 [pool-38-thread-1] INFO  server.RaftServerConfigKeys (ConfUtils.java:logGet(43)) - raft.server.log.preallocated.size = 16384 (custom)
2019-09-19 16:59:08,708 [pool-38-thread-1] INFO  server.RaftServerConfigKeys (ConfUtils.java:logGet(43)) - raft.server.log.write.buffer.size = 33554432 (custom)
2019-09-19 16:59:08,708 [pool-38-thread-1] INFO  server.RaftServerConfigKeys (ConfUtils.java:logGet(43)) - raft.server.log.force.sync.num = 128 (default)
2019-09-19 16:59:08,708 [pool-38-thread-1] INFO  server.RaftServerConfigKeys (ConfUtils.java:logGet(43)) - raft.server.log.statemachine.data.sync = true (default)
2019-09-19 16:59:08,709 [pool-38-thread-1] INFO  server.RaftServerConfigKeys (ConfUtils.java:logGet(43)) - raft.server.log.statemachine.data.sync.timeout = 10s (default)
2019-09-19 16:59:08,709 [pool-38-thread-1] INFO  server.RaftServerConfigKeys (ConfUtils.java:logGet(43)) - raft.server.log.statemachine.data.sync.timeout.retry = -1 (default)
2019-09-19 16:59:08,709 [pool-38-thread-1] INFO  server.RaftServerConfigKeys (ConfUtils.java:logGet(43)) - raft.server.log.statemachine.data.caching.enabled = true (custom)
2019-09-19 16:59:08,710 [pool-38-thread-1] INFO  segmented.SegmentedRaftLogWorker (SegmentedRaftLogWorker.java:lambda$new$0(132)) - 85f39efa-eef7-4cc0-b720-9885e028acae-SegmentedRaftLogWorker:Storage Directory /workdir/hadoop-ozone/tools/target/test-dir/MiniOzoneClusterImpl-a5ac6908-1030-4589-81cf-eb895152b587/datanode-1/data/ratis/521a28c8-8761-4b4f-bb2e-861d535f2dde: flushIndex: setUnconditionally 0 -> -1
2019-09-19 16:59:08,710 [pool-38-thread-1] INFO  server.RaftServerConfigKeys (ConfUtils.java:logGet(43)) - raft.server.snapshot.auto.trigger.enabled = true (custom)
2019-09-19 16:59:08,710 [pool-38-thread-1] INFO  server.RaftServerConfigKeys (ConfUtils.java:logGet(43)) - raft.server.snapshot.auto.trigger.threshold = 10000 (custom)
2019-09-19 16:59:08,711 [pool-38-thread-1] INFO  server.RaftServerConfigKeys (ConfUtils.java:logGet(43)) - raft.server.retrycache.expirytime = 600000ms (custom)
2019-09-19 16:59:08,711 [pool-38-thread-1] INFO  impl.RaftServerImpl (RaftServerImpl.java:start(180)) - 85f39efa-eef7-4cc0-b720-9885e028acae: start group-861D535F2DDE
2019-09-19 16:59:08,711 [pool-38-thread-1] INFO  impl.RaftServerImpl (RaftServerImpl.java:setRole(171)) - 85f39efa-eef7-4cc0-b720-9885e028acae:group-861D535F2DDE changes role from null to FOLLOWER at term 0 for startAsFollower
2019-09-19 16:59:08,711 [pool-38-thread-1] INFO  impl.RoleInfo (RoleInfo.java:updateAndGet(143)) - 85f39efa-eef7-4cc0-b720-9885e028acae: start FollowerState
2019-09-19 16:59:08,712 [pool-38-thread-1] INFO  util.JmxRegister (JmxRegister.java:tryRegister(44)) - Successfully registered JMX Bean with object name Ratis:service=RaftServer,group=group-861D535F2DDE,id=85f39efa-eef7-4cc0-b720-9885e028acae
2019-09-19 16:59:08,720 [RatisPipelineUtilsThread] INFO  pipeline.PipelineStateManager (PipelineStateManager.java:addPipeline(56)) - Created pipeline Pipeline[ Id: 521a28c8-8761-4b4f-bb2e-861d535f2dde, Nodes: 85f39efa-eef7-4cc0-b720-9885e028acae{ip: 192.168.157.226, host: pr-hdds-1569-swxfz-3172132826, networkLocation: /default-rack, certSerialId: null}, Type:RATIS, Factor:ONE, State:OPEN]
2019-09-19 16:59:08,734 [grpc-default-executor-0] INFO  impl.RaftServerProxy (RaftServerProxy.java:addNew(89)) - de9189f1-401c-48ab-a01e-1e33ebb6cd5b: addNew group-696240B919C1:[de9189f1-401c-48ab-a01e-1e33ebb6cd5b:192.168.157.226:40088] returns group-696240B919C1:java.util.concurrent.CompletableFuture@4eb93fad[Not completed]
2019-09-19 16:59:08,734 [pool-56-thread-1] INFO  rpc.RpcClient (RpcClient.java:createVolume(293)) - Creating Volume: vol-0-22585, with jenkins1000 as owner.
2019-09-19 16:59:08,736 [pool-27-thread-1] INFO  impl.RaftServerImpl (RaftServerImpl.java:<init>(93)) - de9189f1-401c-48ab-a01e-1e33ebb6cd5b: new RaftServerImpl for group-696240B919C1:[de9189f1-401c-48ab-a01e-1e33ebb6cd5b:192.168.157.226:40088] with ContainerStateMachine:uninitialized
2019-09-19 16:59:08,736 [pool-27-thread-1] INFO  server.RaftServerConfigKeys (ConfUtils.java:logGet(43)) - raft.server.rpc.timeout.min = 5s (custom)
2019-09-19 16:59:08,737 [pool-27-thread-1] INFO  server.RaftServerConfigKeys (ConfUtils.java:logGet(43)) - raft.server.rpc.timeout.max = 5200ms (custom)
2019-09-19 16:59:08,737 [pool-27-thread-1] INFO  server.RaftServerConfigKeys (ConfUtils.java:logGet(43)) - raft.server.rpcslowness.timeout = 120s (custom)
2019-09-19 16:59:08,737 [pool-27-thread-1] INFO  server.RaftServerConfigKeys (ConfUtils.java:logGet(43)) - raft.server.sleep.deviation.threshold = 300 (default)
2019-09-19 16:59:08,737 [pool-27-thread-1] INFO  server.RaftServerConfigKeys (ConfUtils.java:logGet(43)) - raft.server.log.appender.install.snapshot.enabled = false (custom)
2019-09-19 16:59:08,737 [pool-27-thread-1] INFO  impl.RaftServerImpl (ServerState.java:<init>(105)) - de9189f1-401c-48ab-a01e-1e33ebb6cd5b:group-696240B919C1 ConfigurationManager, init=-1: [de9189f1-401c-48ab-a01e-1e33ebb6cd5b:192.168.157.226:40088], old=null, confs=<EMPTY_MAP>
2019-09-19 16:59:08,737 [pool-27-thread-1] INFO  server.RaftServerConfigKeys (ConfUtils.java:logGet(43)) - raft.server.storage.dir = [/workdir/hadoop-ozone/tools/target/test-dir/MiniOzoneClusterImpl-a5ac6908-1030-4589-81cf-eb895152b587/datanode-0/data/ratis] (custom)
2019-09-19 16:59:08,738 [pool-27-thread-1] INFO  storage.RaftStorageDirectory (RaftStorageDirectory.java:analyzeStorage(246)) - The storage directory /workdir/hadoop-ozone/tools/target/test-dir/MiniOzoneClusterImpl-a5ac6908-1030-4589-81cf-eb895152b587/datanode-0/data/ratis/870ed9f3-845b-4180-a3d9-696240b919c1 does not exist. Creating ...
2019-09-19 16:59:08,750 [pool-27-thread-1] INFO  storage.RaftStorageDirectory (RaftStorageDirectory.java:tryLock(328)) - Lock on /workdir/hadoop-ozone/tools/target/test-dir/MiniOzoneClusterImpl-a5ac6908-1030-4589-81cf-eb895152b587/datanode-0/data/ratis/870ed9f3-845b-4180-a3d9-696240b919c1/in_use.lock acquired by nodename 23424@pr-hdds-1569-swxfz-3172132826
2019-09-19 16:59:08,763 [pool-27-thread-1] INFO  storage.RaftStorage (RaftStorage.java:format(72)) - Storage directory /workdir/hadoop-ozone/tools/target/test-dir/MiniOzoneClusterImpl-a5ac6908-1030-4589-81cf-eb895152b587/datanode-0/data/ratis/870ed9f3-845b-4180-a3d9-696240b919c1 has been successfully formatted.
2019-09-19 16:59:08,764 [pool-27-thread-1] INFO  ratis.ContainerStateMachine (ContainerStateMachine.java:loadSnapshot(226)) - group-696240B919C1: The snapshot info is null. Setting the last applied indexto:(t:0, i:~)
2019-09-19 16:59:08,764 [pool-27-thread-1] INFO  server.RaftServerConfigKeys (ConfUtils.java:logGet(43)) - raft.server.leader.election.timeout = 120s (custom)
2019-09-19 16:59:08,764 [pool-27-thread-1] INFO  server.RaftServerConfigKeys (ConfUtils.java:logGet(43)) - raft.server.log.use.memory = false (default)
2019-09-19 16:59:08,764 [pool-27-thread-1] INFO  server.RaftServerConfigKeys (ConfUtils.java:logGet(43)) - raft.server.log.purge.gap = 1000000 (custom)
2019-09-19 16:59:08,764 [pool-27-thread-1] INFO  server.RaftServerConfigKeys (ConfUtils.java:logGet(43)) - raft.server.log.appender.buffer.byte-limit = 33554432 (custom)
2019-09-19 16:59:08,764 [pool-27-thread-1] INFO  server.RaftServerConfigKeys (ConfUtils.java:logGet(43)) - raft.server.log.segment.size.max = 1048576 (custom)
2019-09-19 16:59:08,765 [pool-27-thread-1] INFO  server.RaftServerConfigKeys (ConfUtils.java:logGet(43)) - raft.server.log.segment.cache.num.max = 2 (custom)
2019-09-19 16:59:08,765 [pool-27-thread-1] INFO  segmented.SegmentedRaftLogWorker (SegmentedRaftLogWorker.java:<init>(172)) - new de9189f1-401c-48ab-a01e-1e33ebb6cd5b-SegmentedRaftLogWorker:Storage Directory /workdir/hadoop-ozone/tools/target/test-dir/MiniOzoneClusterImpl-a5ac6908-1030-4589-81cf-eb895152b587/datanode-0/data/ratis/870ed9f3-845b-4180-a3d9-696240b919c1 for RaftStorage:Storage Directory /workdir/hadoop-ozone/tools/target/test-dir/MiniOzoneClusterImpl-a5ac6908-1030-4589-81cf-eb895152b587/datanode-0/data/ratis/870ed9f3-845b-4180-a3d9-696240b919c1
2019-09-19 16:59:08,765 [pool-27-thread-1] INFO  server.RaftServerConfigKeys (ConfUtils.java:logGet(43)) - raft.server.log.queue.byte-limit = 2147483647 (custom)
2019-09-19 16:59:08,765 [pool-27-thread-1] INFO  server.RaftServerConfigKeys (ConfUtils.java:logGet(43)) - raft.server.log.queue.element-limit = 1024 (custom)
2019-09-19 16:59:08,763 | INFO  | OMAudit | user=jenkins1000 | ip=127.0.0.1 | op=CREATE_VOLUME {admin=jenkins1000, owner=jenkins1000, volume=vol-0-22585, creationTime=1568912348757, quotaInBytes=1152921504606846976} | ret=SUCCESS |  
2019-09-19 16:59:08,765 [pool-27-thread-1] INFO  server.RaftServerConfigKeys (ConfUtils.java:logGet(43)) - raft.server.log.segment.size.max = 1048576 (custom)
2019-09-19 16:59:08,766 [pool-27-thread-1] INFO  server.RaftServerConfigKeys (ConfUtils.java:logGet(43)) - raft.server.log.preallocated.size = 16384 (custom)
2019-09-19 16:59:08,766 [pool-27-thread-1] INFO  server.RaftServerConfigKeys (ConfUtils.java:logGet(43)) - raft.server.log.write.buffer.size = 33554432 (custom)
2019-09-19 16:59:08,766 [pool-27-thread-1] INFO  server.RaftServerConfigKeys (ConfUtils.java:logGet(43)) - raft.server.log.force.sync.num = 128 (default)
2019-09-19 16:59:08,766 [pool-27-thread-1] INFO  server.RaftServerConfigKeys (ConfUtils.java:logGet(43)) - raft.server.log.statemachine.data.sync = true (default)
2019-09-19 16:59:08,766 [pool-27-thread-1] INFO  server.RaftServerConfigKeys (ConfUtils.java:logGet(43)) - raft.server.log.statemachine.data.sync.timeout = 10s (default)
2019-09-19 16:59:08,766 [pool-27-thread-1] INFO  server.RaftServerConfigKeys (ConfUtils.java:logGet(43)) - raft.server.log.statemachine.data.sync.timeout.retry = -1 (default)
2019-09-19 16:59:08,767 [pool-27-thread-1] INFO  server.RaftServerConfigKeys (ConfUtils.java:logGet(43)) - raft.server.log.statemachine.data.caching.enabled = true (custom)
2019-09-19 16:59:08,768 [pool-27-thread-1] INFO  segmented.SegmentedRaftLogWorker (SegmentedRaftLogWorker.java:lambda$new$0(132)) - de9189f1-401c-48ab-a01e-1e33ebb6cd5b-SegmentedRaftLogWorker:Storage Directory /workdir/hadoop-ozone/tools/target/test-dir/MiniOzoneClusterImpl-a5ac6908-1030-4589-81cf-eb895152b587/datanode-0/data/ratis/870ed9f3-845b-4180-a3d9-696240b919c1: flushIndex: setUnconditionally 0 -> -1
2019-09-19 16:59:08,769 [pool-27-thread-1] INFO  server.RaftServerConfigKeys (ConfUtils.java:logGet(43)) - raft.server.snapshot.auto.trigger.enabled = true (custom)
2019-09-19 16:59:08,769 [pool-27-thread-1] INFO  server.RaftServerConfigKeys (ConfUtils.java:logGet(43)) - raft.server.snapshot.auto.trigger.threshold = 10000 (custom)
2019-09-19 16:59:08,769 [pool-27-thread-1] INFO  server.RaftServerConfigKeys (ConfUtils.java:logGet(43)) - raft.server.retrycache.expirytime = 600000ms (custom)
2019-09-19 16:59:08,770 [pool-27-thread-1] INFO  impl.RaftServerImpl (RaftServerImpl.java:start(180)) - de9189f1-401c-48ab-a01e-1e33ebb6cd5b: start group-696240B919C1
2019-09-19 16:59:08,770 [pool-27-thread-1] INFO  impl.RaftServerImpl (RaftServerImpl.java:setRole(171)) - de9189f1-401c-48ab-a01e-1e33ebb6cd5b:group-696240B919C1 changes role from null to FOLLOWER at term 0 for startAsFollower
2019-09-19 16:59:08,770 [pool-27-thread-1] INFO  impl.RoleInfo (RoleInfo.java:updateAndGet(143)) - de9189f1-401c-48ab-a01e-1e33ebb6cd5b: start FollowerState
2019-09-19 16:59:08,770 [pool-27-thread-1] INFO  util.JmxRegister (JmxRegister.java:tryRegister(44)) - Successfully registered JMX Bean with object name Ratis:service=RaftServer,group=group-696240B919C1,id=de9189f1-401c-48ab-a01e-1e33ebb6cd5b
2019-09-19 16:59:08,771 | INFO  | SCMAudit | user=jenkins1000 | ip=192.168.157.226 | op=SEND_HEARTBEAT {datanodeUUID=de9189f1-401c-48ab-a01e-1e33ebb6cd5b, command=[]} | ret=SUCCESS |  
2019-09-19 16:59:08,779 | INFO  | OMAudit | user=jenkins1000 | ip=127.0.0.1 | op=READ_VOLUME {volume=vol-0-22585} | ret=SUCCESS |  
2019-09-19 16:59:08,781 [RatisPipelineUtilsThread] INFO  pipeline.PipelineStateManager (PipelineStateManager.java:addPipeline(56)) - Created pipeline Pipeline[ Id: 870ed9f3-845b-4180-a3d9-696240b919c1, Nodes: de9189f1-401c-48ab-a01e-1e33ebb6cd5b{ip: 192.168.157.226, host: pr-hdds-1569-swxfz-3172132826, networkLocation: /default-rack, certSerialId: null}, Type:RATIS, Factor:ONE, State:OPEN]
2019-09-19 16:59:08,783 [RatisPipelineUtilsThread] ERROR pipeline.PipelinePlacementPolicy (PipelinePlacementPolicy.java:meetCriteria(91)) - Pipeline Placement: Doesn't meet the criteria to be viable node. Heaviness: 6
2019-09-19 16:59:08,794 [grpc-default-executor-0] INFO  impl.RaftServerProxy (RaftServerProxy.java:addNew(89)) - b3bdbde1-aba2-47af-9538-bc5ccd76a2e7: addNew group-EBB3FB7F1985:[b3bdbde1-aba2-47af-9538-bc5ccd76a2e7:192.168.157.226:45771] returns group-EBB3FB7F1985:java.util.concurrent.CompletableFuture@1b9312ed[Not completed]
2019-09-19 16:59:08,795 [pool-56-thread-2] INFO  rpc.RpcClient (RpcClient.java:createBucket(432)) - Creating Bucket: vol-0-22585/bucket-0-70622, with Versioning false and Storage Type set to DISK and Encryption set to false 
2019-09-19 16:59:08,797 [pool-49-thread-1] INFO  impl.RaftServerImpl (RaftServerImpl.java:<init>(93)) - b3bdbde1-aba2-47af-9538-bc5ccd76a2e7: new RaftServerImpl for group-EBB3FB7F1985:[b3bdbde1-aba2-47af-9538-bc5ccd76a2e7:192.168.157.226:45771] with ContainerStateMachine:uninitialized
2019-09-19 16:59:08,797 [pool-49-thread-1] INFO  server.RaftServerConfigKeys (ConfUtils.java:logGet(43)) - raft.server.rpc.timeout.min = 5s (custom)
2019-09-19 16:59:08,797 [pool-49-thread-1] INFO  server.RaftServerConfigKeys (ConfUtils.java:logGet(43)) - raft.server.rpc.timeout.max = 5200ms (custom)
2019-09-19 16:59:08,797 [pool-49-thread-1] INFO  server.RaftServerConfigKeys (ConfUtils.java:logGet(43)) - raft.server.rpcslowness.timeout = 120s (custom)
2019-09-19 16:59:08,798 [pool-49-thread-1] INFO  server.RaftServerConfigKeys (ConfUtils.java:logGet(43)) - raft.server.sleep.deviation.threshold = 300 (default)
2019-09-19 16:59:08,798 [pool-49-thread-1] INFO  server.RaftServerConfigKeys (ConfUtils.java:logGet(43)) - raft.server.log.appender.install.snapshot.enabled = false (custom)
2019-09-19 16:59:08,798 [pool-49-thread-1] INFO  impl.RaftServerImpl (ServerState.java:<init>(105)) - b3bdbde1-aba2-47af-9538-bc5ccd76a2e7:group-EBB3FB7F1985 ConfigurationManager, init=-1: [b3bdbde1-aba2-47af-9538-bc5ccd76a2e7:192.168.157.226:45771], old=null, confs=<EMPTY_MAP>
2019-09-19 16:59:08,798 [pool-49-thread-1] INFO  server.RaftServerConfigKeys (ConfUtils.java:logGet(43)) - raft.server.storage.dir = [/workdir/hadoop-ozone/tools/target/test-dir/MiniOzoneClusterImpl-a5ac6908-1030-4589-81cf-eb895152b587/datanode-2/data/ratis] (custom)
2019-09-19 16:59:08,798 [pool-49-thread-1] INFO  storage.RaftStorageDirectory (RaftStorageDirectory.java:analyzeStorage(246)) - The storage directory /workdir/hadoop-ozone/tools/target/test-dir/MiniOzoneClusterImpl-a5ac6908-1030-4589-81cf-eb895152b587/datanode-2/data/ratis/1a6da506-b415-4460-8be8-ebb3fb7f1985 does not exist. Creating ...
2019-09-19 16:59:08,816 | INFO  | OMAudit | user=jenkins1000 | ip=127.0.0.1 | op=CREATE_BUCKET {volume=vol-0-22585, bucket=bucket-0-70622, acls=[user:jenkins1000:a[ACCESS], group:default:a[ACCESS]], isVersionEnabled=false, storageType=DISK, creationTime=0} | ret=SUCCESS |  
2019-09-19 16:59:08,823 | INFO  | OMAudit | user=jenkins1000 | ip=127.0.0.1 | op=READ_BUCKET {volume=vol-0-22585, bucket=bucket-0-70622} | ret=SUCCESS |  
2019-09-19 16:59:08,831 [pool-49-thread-1] INFO  storage.RaftStorageDirectory (RaftStorageDirectory.java:tryLock(328)) - Lock on /workdir/hadoop-ozone/tools/target/test-dir/MiniOzoneClusterImpl-a5ac6908-1030-4589-81cf-eb895152b587/datanode-2/data/ratis/1a6da506-b415-4460-8be8-ebb3fb7f1985/in_use.lock acquired by nodename 23424@pr-hdds-1569-swxfz-3172132826
2019-09-19 16:59:08,844 [pool-49-thread-1] INFO  storage.RaftStorage (RaftStorage.java:format(72)) - Storage directory /workdir/hadoop-ozone/tools/target/test-dir/MiniOzoneClusterImpl-a5ac6908-1030-4589-81cf-eb895152b587/datanode-2/data/ratis/1a6da506-b415-4460-8be8-ebb3fb7f1985 has been successfully formatted.
2019-09-19 16:59:08,844 [pool-49-thread-1] INFO  ratis.ContainerStateMachine (ContainerStateMachine.java:loadSnapshot(226)) - group-EBB3FB7F1985: The snapshot info is null. Setting the last applied indexto:(t:0, i:~)
2019-09-19 16:59:08,845 [pool-49-thread-1] INFO  server.RaftServerConfigKeys (ConfUtils.java:logGet(43)) - raft.server.leader.election.timeout = 120s (custom)
2019-09-19 16:59:08,845 [pool-49-thread-1] INFO  server.RaftServerConfigKeys (ConfUtils.java:logGet(43)) - raft.server.log.use.memory = false (default)
2019-09-19 16:59:08,845 [pool-49-thread-1] INFO  server.RaftServerConfigKeys (ConfUtils.java:logGet(43)) - raft.server.log.purge.gap = 1000000 (custom)
2019-09-19 16:59:08,845 [pool-49-thread-1] INFO  server.RaftServerConfigKeys (ConfUtils.java:logGet(43)) - raft.server.log.appender.buffer.byte-limit = 33554432 (custom)
2019-09-19 16:59:08,846 [pool-49-thread-1] INFO  server.RaftServerConfigKeys (ConfUtils.java:logGet(43)) - raft.server.log.segment.size.max = 1048576 (custom)
2019-09-19 16:59:08,846 [pool-49-thread-1] INFO  server.RaftServerConfigKeys (ConfUtils.java:logGet(43)) - raft.server.log.segment.cache.num.max = 2 (custom)
2019-09-19 16:59:08,846 [pool-49-thread-1] INFO  segmented.SegmentedRaftLogWorker (SegmentedRaftLogWorker.java:<init>(172)) - new b3bdbde1-aba2-47af-9538-bc5ccd76a2e7-SegmentedRaftLogWorker:Storage Directory /workdir/hadoop-ozone/tools/target/test-dir/MiniOzoneClusterImpl-a5ac6908-1030-4589-81cf-eb895152b587/datanode-2/data/ratis/1a6da506-b415-4460-8be8-ebb3fb7f1985 for RaftStorage:Storage Directory /workdir/hadoop-ozone/tools/target/test-dir/MiniOzoneClusterImpl-a5ac6908-1030-4589-81cf-eb895152b587/datanode-2/data/ratis/1a6da506-b415-4460-8be8-ebb3fb7f1985
2019-09-19 16:59:08,847 [pool-49-thread-1] INFO  server.RaftServerConfigKeys (ConfUtils.java:logGet(43)) - raft.server.log.queue.byte-limit = 2147483647 (custom)
2019-09-19 16:59:08,847 [pool-49-thread-1] INFO  server.RaftServerConfigKeys (ConfUtils.java:logGet(43)) - raft.server.log.queue.element-limit = 1024 (custom)
2019-09-19 16:59:08,847 [pool-49-thread-1] INFO  server.RaftServerConfigKeys (ConfUtils.java:logGet(43)) - raft.server.log.segment.size.max = 1048576 (custom)
2019-09-19 16:59:08,847 [pool-49-thread-1] INFO  server.RaftServerConfigKeys (ConfUtils.java:logGet(43)) - raft.server.log.preallocated.size = 16384 (custom)
2019-09-19 16:59:08,847 [pool-49-thread-1] INFO  server.RaftServerConfigKeys (ConfUtils.java:logGet(43)) - raft.server.log.write.buffer.size = 33554432 (custom)
2019-09-19 16:59:08,848 [pool-49-thread-1] INFO  server.RaftServerConfigKeys (ConfUtils.java:logGet(43)) - raft.server.log.force.sync.num = 128 (default)
2019-09-19 16:59:08,848 [pool-49-thread-1] INFO  server.RaftServerConfigKeys (ConfUtils.java:logGet(43)) - raft.server.log.statemachine.data.sync = true (default)
2019-09-19 16:59:08,848 [pool-49-thread-1] INFO  server.RaftServerConfigKeys (ConfUtils.java:logGet(43)) - raft.server.log.statemachine.data.sync.timeout = 10s (default)
2019-09-19 16:59:08,848 [pool-49-thread-1] INFO  server.RaftServerConfigKeys (ConfUtils.java:logGet(43)) - raft.server.log.statemachine.data.sync.timeout.retry = -1 (default)
2019-09-19 16:59:08,849 [pool-49-thread-1] INFO  server.RaftServerConfigKeys (ConfUtils.java:logGet(43)) - raft.server.log.statemachine.data.caching.enabled = true (custom)
2019-09-19 16:59:08,849 [pool-49-thread-1] INFO  segmented.SegmentedRaftLogWorker (SegmentedRaftLogWorker.java:lambda$new$0(132)) - b3bdbde1-aba2-47af-9538-bc5ccd76a2e7-SegmentedRaftLogWorker:Storage Directory /workdir/hadoop-ozone/tools/target/test-dir/MiniOzoneClusterImpl-a5ac6908-1030-4589-81cf-eb895152b587/datanode-2/data/ratis/1a6da506-b415-4460-8be8-ebb3fb7f1985: flushIndex: setUnconditionally 0 -> -1
2019-09-19 16:59:08,850 [pool-49-thread-1] INFO  server.RaftServerConfigKeys (ConfUtils.java:logGet(43)) - raft.server.snapshot.auto.trigger.enabled = true (custom)
2019-09-19 16:59:08,850 [pool-49-thread-1] INFO  server.RaftServerConfigKeys (ConfUtils.java:logGet(43)) - raft.server.snapshot.auto.trigger.threshold = 10000 (custom)
2019-09-19 16:59:08,850 [pool-49-thread-1] INFO  server.RaftServerConfigKeys (ConfUtils.java:logGet(43)) - raft.server.retrycache.expirytime = 600000ms (custom)
2019-09-19 16:59:08,851 [pool-49-thread-1] INFO  impl.RaftServerImpl (RaftServerImpl.java:start(180)) - b3bdbde1-aba2-47af-9538-bc5ccd76a2e7: start group-EBB3FB7F1985
2019-09-19 16:59:08,851 [pool-49-thread-1] INFO  impl.RaftServerImpl (RaftServerImpl.java:setRole(171)) - b3bdbde1-aba2-47af-9538-bc5ccd76a2e7:group-EBB3FB7F1985 changes role from null to FOLLOWER at term 0 for startAsFollower
2019-09-19 16:59:08,851 [pool-49-thread-1] INFO  impl.RoleInfo (RoleInfo.java:updateAndGet(143)) - b3bdbde1-aba2-47af-9538-bc5ccd76a2e7: start FollowerState
2019-09-19 16:59:08,852 [pool-49-thread-1] INFO  util.JmxRegister (JmxRegister.java:tryRegister(44)) - Successfully registered JMX Bean with object name Ratis:service=RaftServer,group=group-EBB3FB7F1985,id=b3bdbde1-aba2-47af-9538-bc5ccd76a2e7
2019-09-19 16:59:08,861 [RatisPipelineUtilsThread] INFO  pipeline.PipelineStateManager (PipelineStateManager.java:addPipeline(56)) - Created pipeline Pipeline[ Id: 1a6da506-b415-4460-8be8-ebb3fb7f1985, Nodes: b3bdbde1-aba2-47af-9538-bc5ccd76a2e7{ip: 192.168.157.226, host: pr-hdds-1569-swxfz-3172132826, networkLocation: /default-rack, certSerialId: null}, Type:RATIS, Factor:ONE, State:OPEN]
2019-09-19 16:59:08,863 [RatisPipelineUtilsThread] ERROR pipeline.PipelinePlacementPolicy (PipelinePlacementPolicy.java:meetCriteria(91)) - Pipeline Placement: Doesn't meet the criteria to be viable node. Heaviness: 6
2019-09-19 16:59:08,875 [grpc-default-executor-0] INFO  impl.RaftServerProxy (RaftServerProxy.java:addNew(89)) - b3bdbde1-aba2-47af-9538-bc5ccd76a2e7: addNew group-6AFD5A52B623:[b3bdbde1-aba2-47af-9538-bc5ccd76a2e7:192.168.157.226:45771] returns group-6AFD5A52B623:java.util.concurrent.CompletableFuture@3443d23d[Not completed]
2019-09-19 16:59:08,877 [pool-49-thread-1] INFO  impl.RaftServerImpl (RaftServerImpl.java:<init>(93)) - b3bdbde1-aba2-47af-9538-bc5ccd76a2e7: new RaftServerImpl for group-6AFD5A52B623:[b3bdbde1-aba2-47af-9538-bc5ccd76a2e7:192.168.157.226:45771] with ContainerStateMachine:uninitialized
2019-09-19 16:59:08,877 [pool-49-thread-1] INFO  server.RaftServerConfigKeys (ConfUtils.java:logGet(43)) - raft.server.rpc.timeout.min = 5s (custom)
2019-09-19 16:59:08,877 [pool-49-thread-1] INFO  server.RaftServerConfigKeys (ConfUtils.java:logGet(43)) - raft.server.rpc.timeout.max = 5200ms (custom)
2019-09-19 16:59:08,877 [pool-49-thread-1] INFO  server.RaftServerConfigKeys (ConfUtils.java:logGet(43)) - raft.server.rpcslowness.timeout = 120s (custom)
2019-09-19 16:59:08,878 [pool-49-thread-1] INFO  server.RaftServerConfigKeys (ConfUtils.java:logGet(43)) - raft.server.sleep.deviation.threshold = 300 (default)
2019-09-19 16:59:08,878 [pool-49-thread-1] INFO  server.RaftServerConfigKeys (ConfUtils.java:logGet(43)) - raft.server.log.appender.install.snapshot.enabled = false (custom)
2019-09-19 16:59:08,878 [pool-49-thread-1] INFO  impl.RaftServerImpl (ServerState.java:<init>(105)) - b3bdbde1-aba2-47af-9538-bc5ccd76a2e7:group-6AFD5A52B623 ConfigurationManager, init=-1: [b3bdbde1-aba2-47af-9538-bc5ccd76a2e7:192.168.157.226:45771], old=null, confs=<EMPTY_MAP>
2019-09-19 16:59:08,878 [pool-49-thread-1] INFO  server.RaftServerConfigKeys (ConfUtils.java:logGet(43)) - raft.server.storage.dir = [/workdir/hadoop-ozone/tools/target/test-dir/MiniOzoneClusterImpl-a5ac6908-1030-4589-81cf-eb895152b587/datanode-2/data/ratis] (custom)
2019-09-19 16:59:08,878 [pool-49-thread-1] INFO  storage.RaftStorageDirectory (RaftStorageDirectory.java:analyzeStorage(246)) - The storage directory /workdir/hadoop-ozone/tools/target/test-dir/MiniOzoneClusterImpl-a5ac6908-1030-4589-81cf-eb895152b587/datanode-2/data/ratis/c6a5cb90-ab79-445d-bc5e-6afd5a52b623 does not exist. Creating ...
2019-09-19 16:59:08,891 [pool-49-thread-1] INFO  storage.RaftStorageDirectory (RaftStorageDirectory.java:tryLock(328)) - Lock on /workdir/hadoop-ozone/tools/target/test-dir/MiniOzoneClusterImpl-a5ac6908-1030-4589-81cf-eb895152b587/datanode-2/data/ratis/c6a5cb90-ab79-445d-bc5e-6afd5a52b623/in_use.lock acquired by nodename 23424@pr-hdds-1569-swxfz-3172132826
2019-09-19 16:59:08,904 [pool-49-thread-1] INFO  storage.RaftStorage (RaftStorage.java:format(72)) - Storage directory /workdir/hadoop-ozone/tools/target/test-dir/MiniOzoneClusterImpl-a5ac6908-1030-4589-81cf-eb895152b587/datanode-2/data/ratis/c6a5cb90-ab79-445d-bc5e-6afd5a52b623 has been successfully formatted.
2019-09-19 16:59:08,904 [pool-49-thread-1] INFO  ratis.ContainerStateMachine (ContainerStateMachine.java:loadSnapshot(226)) - group-6AFD5A52B623: The snapshot info is null. Setting the last applied indexto:(t:0, i:~)
2019-09-19 16:59:08,904 [pool-49-thread-1] INFO  server.RaftServerConfigKeys (ConfUtils.java:logGet(43)) - raft.server.leader.election.timeout = 120s (custom)
2019-09-19 16:59:08,904 [pool-49-thread-1] INFO  server.RaftServerConfigKeys (ConfUtils.java:logGet(43)) - raft.server.log.use.memory = false (default)
2019-09-19 16:59:08,905 [pool-49-thread-1] INFO  server.RaftServerConfigKeys (ConfUtils.java:logGet(43)) - raft.server.log.purge.gap = 1000000 (custom)
2019-09-19 16:59:08,905 [pool-49-thread-1] INFO  server.RaftServerConfigKeys (ConfUtils.java:logGet(43)) - raft.server.log.appender.buffer.byte-limit = 33554432 (custom)
2019-09-19 16:59:08,905 [pool-49-thread-1] INFO  server.RaftServerConfigKeys (ConfUtils.java:logGet(43)) - raft.server.log.segment.size.max = 1048576 (custom)
2019-09-19 16:59:08,905 [pool-49-thread-1] INFO  server.RaftServerConfigKeys (ConfUtils.java:logGet(43)) - raft.server.log.segment.cache.num.max = 2 (custom)
2019-09-19 16:59:08,905 [pool-49-thread-1] INFO  segmented.SegmentedRaftLogWorker (SegmentedRaftLogWorker.java:<init>(172)) - new b3bdbde1-aba2-47af-9538-bc5ccd76a2e7-SegmentedRaftLogWorker:Storage Directory /workdir/hadoop-ozone/tools/target/test-dir/MiniOzoneClusterImpl-a5ac6908-1030-4589-81cf-eb895152b587/datanode-2/data/ratis/c6a5cb90-ab79-445d-bc5e-6afd5a52b623 for RaftStorage:Storage Directory /workdir/hadoop-ozone/tools/target/test-dir/MiniOzoneClusterImpl-a5ac6908-1030-4589-81cf-eb895152b587/datanode-2/data/ratis/c6a5cb90-ab79-445d-bc5e-6afd5a52b623
2019-09-19 16:59:08,905 [pool-49-thread-1] INFO  server.RaftServerConfigKeys (ConfUtils.java:logGet(43)) - raft.server.log.queue.byte-limit = 2147483647 (custom)
2019-09-19 16:59:08,906 [pool-49-thread-1] INFO  server.RaftServerConfigKeys (ConfUtils.java:logGet(43)) - raft.server.log.queue.element-limit = 1024 (custom)
2019-09-19 16:59:08,906 [pool-49-thread-1] INFO  server.RaftServerConfigKeys (ConfUtils.java:logGet(43)) - raft.server.log.segment.size.max = 1048576 (custom)
2019-09-19 16:59:08,906 [pool-49-thread-1] INFO  server.RaftServerConfigKeys (ConfUtils.java:logGet(43)) - raft.server.log.preallocated.size = 16384 (custom)
2019-09-19 16:59:08,906 [pool-49-thread-1] INFO  server.RaftServerConfigKeys (ConfUtils.java:logGet(43)) - raft.server.log.write.buffer.size = 33554432 (custom)
2019-09-19 16:59:08,906 [pool-49-thread-1] INFO  server.RaftServerConfigKeys (ConfUtils.java:logGet(43)) - raft.server.log.force.sync.num = 128 (default)
2019-09-19 16:59:08,906 [pool-49-thread-1] INFO  server.RaftServerConfigKeys (ConfUtils.java:logGet(43)) - raft.server.log.statemachine.data.sync = true (default)
2019-09-19 16:59:08,907 [pool-49-thread-1] INFO  server.RaftServerConfigKeys (ConfUtils.java:logGet(43)) - raft.server.log.statemachine.data.sync.timeout = 10s (default)
2019-09-19 16:59:08,907 [pool-49-thread-1] INFO  server.RaftServerConfigKeys (ConfUtils.java:logGet(43)) - raft.server.log.statemachine.data.sync.timeout.retry = -1 (default)
2019-09-19 16:59:08,907 [pool-49-thread-1] INFO  server.RaftServerConfigKeys (ConfUtils.java:logGet(43)) - raft.server.log.statemachine.data.caching.enabled = true (custom)
2019-09-19 16:59:08,907 [pool-49-thread-1] INFO  segmented.SegmentedRaftLogWorker (SegmentedRaftLogWorker.java:lambda$new$0(132)) - b3bdbde1-aba2-47af-9538-bc5ccd76a2e7-SegmentedRaftLogWorker:Storage Directory /workdir/hadoop-ozone/tools/target/test-dir/MiniOzoneClusterImpl-a5ac6908-1030-4589-81cf-eb895152b587/datanode-2/data/ratis/c6a5cb90-ab79-445d-bc5e-6afd5a52b623: flushIndex: setUnconditionally 0 -> -1
2019-09-19 16:59:08,908 [pool-49-thread-1] INFO  server.RaftServerConfigKeys (ConfUtils.java:logGet(43)) - raft.server.snapshot.auto.trigger.enabled = true (custom)
2019-09-19 16:59:08,908 [pool-49-thread-1] INFO  server.RaftServerConfigKeys (ConfUtils.java:logGet(43)) - raft.server.snapshot.auto.trigger.threshold = 10000 (custom)
2019-09-19 16:59:08,908 [pool-49-thread-1] INFO  server.RaftServerConfigKeys (ConfUtils.java:logGet(43)) - raft.server.retrycache.expirytime = 600000ms (custom)
2019-09-19 16:59:08,909 [pool-49-thread-1] INFO  impl.RaftServerImpl (RaftServerImpl.java:start(180)) - b3bdbde1-aba2-47af-9538-bc5ccd76a2e7: start group-6AFD5A52B623
2019-09-19 16:59:08,909 [pool-49-thread-1] INFO  impl.RaftServerImpl (RaftServerImpl.java:setRole(171)) - b3bdbde1-aba2-47af-9538-bc5ccd76a2e7:group-6AFD5A52B623 changes role from null to FOLLOWER at term 0 for startAsFollower
2019-09-19 16:59:08,909 [pool-49-thread-1] INFO  impl.RoleInfo (RoleInfo.java:updateAndGet(143)) - b3bdbde1-aba2-47af-9538-bc5ccd76a2e7: start FollowerState
2019-09-19 16:59:08,909 [pool-49-thread-1] INFO  util.JmxRegister (JmxRegister.java:tryRegister(44)) - Successfully registered JMX Bean with object name Ratis:service=RaftServer,group=group-6AFD5A52B623,id=b3bdbde1-aba2-47af-9538-bc5ccd76a2e7
2019-09-19 16:59:08,919 [RatisPipelineUtilsThread] INFO  pipeline.PipelineStateManager (PipelineStateManager.java:addPipeline(56)) - Created pipeline Pipeline[ Id: c6a5cb90-ab79-445d-bc5e-6afd5a52b623, Nodes: b3bdbde1-aba2-47af-9538-bc5ccd76a2e7{ip: 192.168.157.226, host: pr-hdds-1569-swxfz-3172132826, networkLocation: /default-rack, certSerialId: null}, Type:RATIS, Factor:ONE, State:OPEN]
2019-09-19 16:59:08,920 [RatisPipelineUtilsThread] ERROR pipeline.PipelinePlacementPolicy (PipelinePlacementPolicy.java:meetCriteria(91)) - Pipeline Placement: Doesn't meet the criteria to be viable node. Heaviness: 6
2019-09-19 16:59:08,932 [grpc-default-executor-0] INFO  impl.RaftServerProxy (RaftServerProxy.java:addNew(89)) - b3bdbde1-aba2-47af-9538-bc5ccd76a2e7: addNew group-3FE5631D2C00:[b3bdbde1-aba2-47af-9538-bc5ccd76a2e7:192.168.157.226:45771] returns group-3FE5631D2C00:java.util.concurrent.CompletableFuture@940c7d8[Not completed]
2019-09-19 16:59:08,934 [pool-49-thread-1] INFO  impl.RaftServerImpl (RaftServerImpl.java:<init>(93)) - b3bdbde1-aba2-47af-9538-bc5ccd76a2e7: new RaftServerImpl for group-3FE5631D2C00:[b3bdbde1-aba2-47af-9538-bc5ccd76a2e7:192.168.157.226:45771] with ContainerStateMachine:uninitialized
2019-09-19 16:59:08,934 [pool-49-thread-1] INFO  server.RaftServerConfigKeys (ConfUtils.java:logGet(43)) - raft.server.rpc.timeout.min = 5s (custom)
2019-09-19 16:59:08,934 [pool-49-thread-1] INFO  server.RaftServerConfigKeys (ConfUtils.java:logGet(43)) - raft.server.rpc.timeout.max = 5200ms (custom)
2019-09-19 16:59:08,934 [pool-49-thread-1] INFO  server.RaftServerConfigKeys (ConfUtils.java:logGet(43)) - raft.server.rpcslowness.timeout = 120s (custom)
2019-09-19 16:59:08,935 [pool-49-thread-1] INFO  server.RaftServerConfigKeys (ConfUtils.java:logGet(43)) - raft.server.sleep.deviation.threshold = 300 (default)
2019-09-19 16:59:08,935 [pool-49-thread-1] INFO  server.RaftServerConfigKeys (ConfUtils.java:logGet(43)) - raft.server.log.appender.install.snapshot.enabled = false (custom)
2019-09-19 16:59:08,935 [pool-49-thread-1] INFO  impl.RaftServerImpl (ServerState.java:<init>(105)) - b3bdbde1-aba2-47af-9538-bc5ccd76a2e7:group-3FE5631D2C00 ConfigurationManager, init=-1: [b3bdbde1-aba2-47af-9538-bc5ccd76a2e7:192.168.157.226:45771], old=null, confs=<EMPTY_MAP>
2019-09-19 16:59:08,935 [pool-49-thread-1] INFO  server.RaftServerConfigKeys (ConfUtils.java:logGet(43)) - raft.server.storage.dir = [/workdir/hadoop-ozone/tools/target/test-dir/MiniOzoneClusterImpl-a5ac6908-1030-4589-81cf-eb895152b587/datanode-2/data/ratis] (custom)
2019-09-19 16:59:08,936 [pool-49-thread-1] INFO  storage.RaftStorageDirectory (RaftStorageDirectory.java:analyzeStorage(246)) - The storage directory /workdir/hadoop-ozone/tools/target/test-dir/MiniOzoneClusterImpl-a5ac6908-1030-4589-81cf-eb895152b587/datanode-2/data/ratis/b3dc0756-5023-40d8-a265-3fe5631d2c00 does not exist. Creating ...
2019-09-19 16:59:08,960 [pool-49-thread-1] INFO  storage.RaftStorageDirectory (RaftStorageDirectory.java:tryLock(328)) - Lock on /workdir/hadoop-ozone/tools/target/test-dir/MiniOzoneClusterImpl-a5ac6908-1030-4589-81cf-eb895152b587/datanode-2/data/ratis/b3dc0756-5023-40d8-a265-3fe5631d2c00/in_use.lock acquired by nodename 23424@pr-hdds-1569-swxfz-3172132826
2019-09-19 16:59:08,974 [pool-49-thread-1] INFO  storage.RaftStorage (RaftStorage.java:format(72)) - Storage directory /workdir/hadoop-ozone/tools/target/test-dir/MiniOzoneClusterImpl-a5ac6908-1030-4589-81cf-eb895152b587/datanode-2/data/ratis/b3dc0756-5023-40d8-a265-3fe5631d2c00 has been successfully formatted.
2019-09-19 16:59:08,974 [pool-49-thread-1] INFO  ratis.ContainerStateMachine (ContainerStateMachine.java:loadSnapshot(226)) - group-3FE5631D2C00: The snapshot info is null. Setting the last applied indexto:(t:0, i:~)
2019-09-19 16:59:08,974 [pool-49-thread-1] INFO  server.RaftServerConfigKeys (ConfUtils.java:logGet(43)) - raft.server.leader.election.timeout = 120s (custom)
2019-09-19 16:59:08,974 [pool-49-thread-1] INFO  server.RaftServerConfigKeys (ConfUtils.java:logGet(43)) - raft.server.log.use.memory = false (default)
2019-09-19 16:59:08,975 [pool-49-thread-1] INFO  server.RaftServerConfigKeys (ConfUtils.java:logGet(43)) - raft.server.log.purge.gap = 1000000 (custom)
2019-09-19 16:59:08,975 [pool-49-thread-1] INFO  server.RaftServerConfigKeys (ConfUtils.java:logGet(43)) - raft.server.log.appender.buffer.byte-limit = 33554432 (custom)
2019-09-19 16:59:08,975 [pool-49-thread-1] INFO  server.RaftServerConfigKeys (ConfUtils.java:logGet(43)) - raft.server.log.segment.size.max = 1048576 (custom)
2019-09-19 16:59:08,975 [pool-49-thread-1] INFO  server.RaftServerConfigKeys (ConfUtils.java:logGet(43)) - raft.server.log.segment.cache.num.max = 2 (custom)
2019-09-19 16:59:08,975 [pool-49-thread-1] INFO  segmented.SegmentedRaftLogWorker (SegmentedRaftLogWorker.java:<init>(172)) - new b3bdbde1-aba2-47af-9538-bc5ccd76a2e7-SegmentedRaftLogWorker:Storage Directory /workdir/hadoop-ozone/tools/target/test-dir/MiniOzoneClusterImpl-a5ac6908-1030-4589-81cf-eb895152b587/datanode-2/data/ratis/b3dc0756-5023-40d8-a265-3fe5631d2c00 for RaftStorage:Storage Directory /workdir/hadoop-ozone/tools/target/test-dir/MiniOzoneClusterImpl-a5ac6908-1030-4589-81cf-eb895152b587/datanode-2/data/ratis/b3dc0756-5023-40d8-a265-3fe5631d2c00
2019-09-19 16:59:08,976 [pool-49-thread-1] INFO  server.RaftServerConfigKeys (ConfUtils.java:logGet(43)) - raft.server.log.queue.byte-limit = 2147483647 (custom)
2019-09-19 16:59:08,976 [pool-49-thread-1] INFO  server.RaftServerConfigKeys (ConfUtils.java:logGet(43)) - raft.server.log.queue.element-limit = 1024 (custom)
2019-09-19 16:59:08,976 [pool-49-thread-1] INFO  server.RaftServerConfigKeys (ConfUtils.java:logGet(43)) - raft.server.log.segment.size.max = 1048576 (custom)
2019-09-19 16:59:08,976 [pool-49-thread-1] INFO  server.RaftServerConfigKeys (ConfUtils.java:logGet(43)) - raft.server.log.preallocated.size = 16384 (custom)
2019-09-19 16:59:08,976 [pool-49-thread-1] INFO  server.RaftServerConfigKeys (ConfUtils.java:logGet(43)) - raft.server.log.write.buffer.size = 33554432 (custom)
2019-09-19 16:59:08,976 [pool-49-thread-1] INFO  server.RaftServerConfigKeys (ConfUtils.java:logGet(43)) - raft.server.log.force.sync.num = 128 (default)
2019-09-19 16:59:08,977 [pool-49-thread-1] INFO  server.RaftServerConfigKeys (ConfUtils.java:logGet(43)) - raft.server.log.statemachine.data.sync = true (default)
2019-09-19 16:59:08,977 [pool-49-thread-1] INFO  server.RaftServerConfigKeys (ConfUtils.java:logGet(43)) - raft.server.log.statemachine.data.sync.timeout = 10s (default)
2019-09-19 16:59:08,977 [pool-49-thread-1] INFO  server.RaftServerConfigKeys (ConfUtils.java:logGet(43)) - raft.server.log.statemachine.data.sync.timeout.retry = -1 (default)
2019-09-19 16:59:08,977 [pool-49-thread-1] INFO  server.RaftServerConfigKeys (ConfUtils.java:logGet(43)) - raft.server.log.statemachine.data.caching.enabled = true (custom)
2019-09-19 16:59:08,978 [pool-49-thread-1] INFO  segmented.SegmentedRaftLogWorker (SegmentedRaftLogWorker.java:lambda$new$0(132)) - b3bdbde1-aba2-47af-9538-bc5ccd76a2e7-SegmentedRaftLogWorker:Storage Directory /workdir/hadoop-ozone/tools/target/test-dir/MiniOzoneClusterImpl-a5ac6908-1030-4589-81cf-eb895152b587/datanode-2/data/ratis/b3dc0756-5023-40d8-a265-3fe5631d2c00: flushIndex: setUnconditionally 0 -> -1
2019-09-19 16:59:08,978 [pool-49-thread-1] INFO  server.RaftServerConfigKeys (ConfUtils.java:logGet(43)) - raft.server.snapshot.auto.trigger.enabled = true (custom)
2019-09-19 16:59:08,978 [pool-49-thread-1] INFO  server.RaftServerConfigKeys (ConfUtils.java:logGet(43)) - raft.server.snapshot.auto.trigger.threshold = 10000 (custom)
2019-09-19 16:59:08,978 [pool-49-thread-1] INFO  server.RaftServerConfigKeys (ConfUtils.java:logGet(43)) - raft.server.retrycache.expirytime = 600000ms (custom)
2019-09-19 16:59:08,979 [pool-49-thread-1] INFO  impl.RaftServerImpl (RaftServerImpl.java:start(180)) - b3bdbde1-aba2-47af-9538-bc5ccd76a2e7: start group-3FE5631D2C00
2019-09-19 16:59:08,979 [pool-49-thread-1] INFO  impl.RaftServerImpl (RaftServerImpl.java:setRole(171)) - b3bdbde1-aba2-47af-9538-bc5ccd76a2e7:group-3FE5631D2C00 changes role from null to FOLLOWER at term 0 for startAsFollower
2019-09-19 16:59:08,979 [pool-49-thread-1] INFO  impl.RoleInfo (RoleInfo.java:updateAndGet(143)) - b3bdbde1-aba2-47af-9538-bc5ccd76a2e7: start FollowerState
2019-09-19 16:59:08,980 [pool-49-thread-1] INFO  util.JmxRegister (JmxRegister.java:tryRegister(44)) - Successfully registered JMX Bean with object name Ratis:service=RaftServer,group=group-3FE5631D2C00,id=b3bdbde1-aba2-47af-9538-bc5ccd76a2e7
2019-09-19 16:59:08,985 [RatisPipelineUtilsThread] INFO  pipeline.PipelineStateManager (PipelineStateManager.java:addPipeline(56)) - Created pipeline Pipeline[ Id: b3dc0756-5023-40d8-a265-3fe5631d2c00, Nodes: b3bdbde1-aba2-47af-9538-bc5ccd76a2e7{ip: 192.168.157.226, host: pr-hdds-1569-swxfz-3172132826, networkLocation: /default-rack, certSerialId: null}, Type:RATIS, Factor:ONE, State:OPEN]
2019-09-19 16:59:08,986 [RatisPipelineUtilsThread] ERROR pipeline.PipelinePlacementPolicy (PipelinePlacementPolicy.java:meetCriteria(91)) - Pipeline Placement: Doesn't meet the criteria to be viable node. Heaviness: 6
2019-09-19 16:59:09,000 [grpc-default-executor-0] INFO  impl.RaftServerProxy (RaftServerProxy.java:addNew(89)) - b3bdbde1-aba2-47af-9538-bc5ccd76a2e7: addNew group-0B3C6D7EC3C0:[b3bdbde1-aba2-47af-9538-bc5ccd76a2e7:192.168.157.226:45771] returns group-0B3C6D7EC3C0:java.util.concurrent.CompletableFuture@2e719308[Not completed]
2019-09-19 16:59:09,001 [pool-49-thread-1] INFO  impl.RaftServerImpl (RaftServerImpl.java:<init>(93)) - b3bdbde1-aba2-47af-9538-bc5ccd76a2e7: new RaftServerImpl for group-0B3C6D7EC3C0:[b3bdbde1-aba2-47af-9538-bc5ccd76a2e7:192.168.157.226:45771] with ContainerStateMachine:uninitialized
2019-09-19 16:59:09,002 [pool-49-thread-1] INFO  server.RaftServerConfigKeys (ConfUtils.java:logGet(43)) - raft.server.rpc.timeout.min = 5s (custom)
2019-09-19 16:59:09,002 [pool-49-thread-1] INFO  server.RaftServerConfigKeys (ConfUtils.java:logGet(43)) - raft.server.rpc.timeout.max = 5200ms (custom)
2019-09-19 16:59:09,002 [pool-49-thread-1] INFO  server.RaftServerConfigKeys (ConfUtils.java:logGet(43)) - raft.server.rpcslowness.timeout = 120s (custom)
2019-09-19 16:59:09,002 [pool-49-thread-1] INFO  server.RaftServerConfigKeys (ConfUtils.java:logGet(43)) - raft.server.sleep.deviation.threshold = 300 (default)
2019-09-19 16:59:09,004 [pool-49-thread-1] INFO  server.RaftServerConfigKeys (ConfUtils.java:logGet(43)) - raft.server.log.appender.install.snapshot.enabled = false (custom)
2019-09-19 16:59:09,004 [pool-49-thread-1] INFO  impl.RaftServerImpl (ServerState.java:<init>(105)) - b3bdbde1-aba2-47af-9538-bc5ccd76a2e7:group-0B3C6D7EC3C0 ConfigurationManager, init=-1: [b3bdbde1-aba2-47af-9538-bc5ccd76a2e7:192.168.157.226:45771], old=null, confs=<EMPTY_MAP>
2019-09-19 16:59:09,004 [pool-49-thread-1] INFO  server.RaftServerConfigKeys (ConfUtils.java:logGet(43)) - raft.server.storage.dir = [/workdir/hadoop-ozone/tools/target/test-dir/MiniOzoneClusterImpl-a5ac6908-1030-4589-81cf-eb895152b587/datanode-2/data/ratis] (custom)
2019-09-19 16:59:09,004 | INFO  | SCMAudit | user=jenkins1000 | ip=192.168.157.226 | op=SEND_HEARTBEAT {datanodeUUID=85f39efa-eef7-4cc0-b720-9885e028acae, command=[]} | ret=SUCCESS |  
2019-09-19 16:59:09,004 [pool-49-thread-1] INFO  storage.RaftStorageDirectory (RaftStorageDirectory.java:analyzeStorage(246)) - The storage directory /workdir/hadoop-ozone/tools/target/test-dir/MiniOzoneClusterImpl-a5ac6908-1030-4589-81cf-eb895152b587/datanode-2/data/ratis/9700a8fe-1be3-4a3f-a295-0b3c6d7ec3c0 does not exist. Creating ...
2019-09-19 16:59:09,017 [pool-49-thread-1] INFO  storage.RaftStorageDirectory (RaftStorageDirectory.java:tryLock(328)) - Lock on /workdir/hadoop-ozone/tools/target/test-dir/MiniOzoneClusterImpl-a5ac6908-1030-4589-81cf-eb895152b587/datanode-2/data/ratis/9700a8fe-1be3-4a3f-a295-0b3c6d7ec3c0/in_use.lock acquired by nodename 23424@pr-hdds-1569-swxfz-3172132826
2019-09-19 16:59:09,048 [pool-49-thread-1] INFO  storage.RaftStorage (RaftStorage.java:format(72)) - Storage directory /workdir/hadoop-ozone/tools/target/test-dir/MiniOzoneClusterImpl-a5ac6908-1030-4589-81cf-eb895152b587/datanode-2/data/ratis/9700a8fe-1be3-4a3f-a295-0b3c6d7ec3c0 has been successfully formatted.
2019-09-19 16:59:09,049 [pool-49-thread-1] INFO  ratis.ContainerStateMachine (ContainerStateMachine.java:loadSnapshot(226)) - group-0B3C6D7EC3C0: The snapshot info is null. Setting the last applied indexto:(t:0, i:~)
2019-09-19 16:59:09,049 [pool-49-thread-1] INFO  server.RaftServerConfigKeys (ConfUtils.java:logGet(43)) - raft.server.leader.election.timeout = 120s (custom)
2019-09-19 16:59:09,049 [pool-49-thread-1] INFO  server.RaftServerConfigKeys (ConfUtils.java:logGet(43)) - raft.server.log.use.memory = false (default)
2019-09-19 16:59:09,049 [pool-49-thread-1] INFO  server.RaftServerConfigKeys (ConfUtils.java:logGet(43)) - raft.server.log.purge.gap = 1000000 (custom)
2019-09-19 16:59:09,049 [pool-49-thread-1] INFO  server.RaftServerConfigKeys (ConfUtils.java:logGet(43)) - raft.server.log.appender.buffer.byte-limit = 33554432 (custom)
2019-09-19 16:59:09,049 [pool-49-thread-1] INFO  server.RaftServerConfigKeys (ConfUtils.java:logGet(43)) - raft.server.log.segment.size.max = 1048576 (custom)
2019-09-19 16:59:09,050 [pool-49-thread-1] INFO  server.RaftServerConfigKeys (ConfUtils.java:logGet(43)) - raft.server.log.segment.cache.num.max = 2 (custom)
2019-09-19 16:59:09,050 [pool-49-thread-1] INFO  segmented.SegmentedRaftLogWorker (SegmentedRaftLogWorker.java:<init>(172)) - new b3bdbde1-aba2-47af-9538-bc5ccd76a2e7-SegmentedRaftLogWorker:Storage Directory /workdir/hadoop-ozone/tools/target/test-dir/MiniOzoneClusterImpl-a5ac6908-1030-4589-81cf-eb895152b587/datanode-2/data/ratis/9700a8fe-1be3-4a3f-a295-0b3c6d7ec3c0 for RaftStorage:Storage Directory /workdir/hadoop-ozone/tools/target/test-dir/MiniOzoneClusterImpl-a5ac6908-1030-4589-81cf-eb895152b587/datanode-2/data/ratis/9700a8fe-1be3-4a3f-a295-0b3c6d7ec3c0
2019-09-19 16:59:09,050 [pool-49-thread-1] INFO  server.RaftServerConfigKeys (ConfUtils.java:logGet(43)) - raft.server.log.queue.byte-limit = 2147483647 (custom)
2019-09-19 16:59:09,050 [pool-49-thread-1] INFO  server.RaftServerConfigKeys (ConfUtils.java:logGet(43)) - raft.server.log.queue.element-limit = 1024 (custom)
2019-09-19 16:59:09,050 [pool-49-thread-1] INFO  server.RaftServerConfigKeys (ConfUtils.java:logGet(43)) - raft.server.log.segment.size.max = 1048576 (custom)
2019-09-19 16:59:09,050 [pool-49-thread-1] INFO  server.RaftServerConfigKeys (ConfUtils.java:logGet(43)) - raft.server.log.preallocated.size = 16384 (custom)
2019-09-19 16:59:09,051 [pool-49-thread-1] INFO  server.RaftServerConfigKeys (ConfUtils.java:logGet(43)) - raft.server.log.write.buffer.size = 33554432 (custom)
2019-09-19 16:59:09,051 [pool-49-thread-1] INFO  server.RaftServerConfigKeys (ConfUtils.java:logGet(43)) - raft.server.log.force.sync.num = 128 (default)
2019-09-19 16:59:09,051 [pool-49-thread-1] INFO  server.RaftServerConfigKeys (ConfUtils.java:logGet(43)) - raft.server.log.statemachine.data.sync = true (default)
2019-09-19 16:59:09,051 [pool-49-thread-1] INFO  server.RaftServerConfigKeys (ConfUtils.java:logGet(43)) - raft.server.log.statemachine.data.sync.timeout = 10s (default)
2019-09-19 16:59:09,051 [pool-49-thread-1] INFO  server.RaftServerConfigKeys (ConfUtils.java:logGet(43)) - raft.server.log.statemachine.data.sync.timeout.retry = -1 (default)
2019-09-19 16:59:09,051 [pool-49-thread-1] INFO  server.RaftServerConfigKeys (ConfUtils.java:logGet(43)) - raft.server.log.statemachine.data.caching.enabled = true (custom)
2019-09-19 16:59:09,052 [pool-49-thread-1] INFO  segmented.SegmentedRaftLogWorker (SegmentedRaftLogWorker.java:lambda$new$0(132)) - b3bdbde1-aba2-47af-9538-bc5ccd76a2e7-SegmentedRaftLogWorker:Storage Directory /workdir/hadoop-ozone/tools/target/test-dir/MiniOzoneClusterImpl-a5ac6908-1030-4589-81cf-eb895152b587/datanode-2/data/ratis/9700a8fe-1be3-4a3f-a295-0b3c6d7ec3c0: flushIndex: setUnconditionally 0 -> -1
2019-09-19 16:59:09,052 [pool-49-thread-1] INFO  server.RaftServerConfigKeys (ConfUtils.java:logGet(43)) - raft.server.snapshot.auto.trigger.enabled = true (custom)
2019-09-19 16:59:09,052 [pool-49-thread-1] INFO  server.RaftServerConfigKeys (ConfUtils.java:logGet(43)) - raft.server.snapshot.auto.trigger.threshold = 10000 (custom)
2019-09-19 16:59:09,053 [pool-49-thread-1] INFO  server.RaftServerConfigKeys (ConfUtils.java:logGet(43)) - raft.server.retrycache.expirytime = 600000ms (custom)
2019-09-19 16:59:09,053 [pool-49-thread-1] INFO  impl.RaftServerImpl (RaftServerImpl.java:start(180)) - b3bdbde1-aba2-47af-9538-bc5ccd76a2e7: start group-0B3C6D7EC3C0
2019-09-19 16:59:09,053 [pool-49-thread-1] INFO  impl.RaftServerImpl (RaftServerImpl.java:setRole(171)) - b3bdbde1-aba2-47af-9538-bc5ccd76a2e7:group-0B3C6D7EC3C0 changes role from null to FOLLOWER at term 0 for startAsFollower
2019-09-19 16:59:09,053 [pool-49-thread-1] INFO  impl.RoleInfo (RoleInfo.java:updateAndGet(143)) - b3bdbde1-aba2-47af-9538-bc5ccd76a2e7: start FollowerState
2019-09-19 16:59:09,054 [pool-49-thread-1] INFO  util.JmxRegister (JmxRegister.java:tryRegister(44)) - Successfully registered JMX Bean with object name Ratis:service=RaftServer,group=group-0B3C6D7EC3C0,id=b3bdbde1-aba2-47af-9538-bc5ccd76a2e7
2019-09-19 16:59:09,059 [RatisPipelineUtilsThread] INFO  pipeline.PipelineStateManager (PipelineStateManager.java:addPipeline(56)) - Created pipeline Pipeline[ Id: 9700a8fe-1be3-4a3f-a295-0b3c6d7ec3c0, Nodes: b3bdbde1-aba2-47af-9538-bc5ccd76a2e7{ip: 192.168.157.226, host: pr-hdds-1569-swxfz-3172132826, networkLocation: /default-rack, certSerialId: null}, Type:RATIS, Factor:ONE, State:OPEN]
2019-09-19 16:59:09,061 [RatisPipelineUtilsThread] ERROR pipeline.PipelinePlacementPolicy (PipelinePlacementPolicy.java:meetCriteria(91)) - Pipeline Placement: Doesn't meet the criteria to be viable node. Heaviness: 6
2019-09-19 16:59:09,061 [RatisPipelineUtilsThread] ERROR pipeline.PipelinePlacementPolicy (PipelinePlacementPolicy.java:meetCriteria(91)) - Pipeline Placement: Doesn't meet the criteria to be viable node. Heaviness: 6
2019-09-19 16:59:09,076 [grpc-default-executor-0] INFO  impl.RaftServerProxy (RaftServerProxy.java:addNew(89)) - 85f39efa-eef7-4cc0-b720-9885e028acae: addNew group-1A11BC7B3C40:[85f39efa-eef7-4cc0-b720-9885e028acae:192.168.157.226:41642] returns group-1A11BC7B3C40:java.util.concurrent.CompletableFuture@4318079b[Not completed]
2019-09-19 16:59:09,078 [pool-38-thread-1] INFO  impl.RaftServerImpl (RaftServerImpl.java:<init>(93)) - 85f39efa-eef7-4cc0-b720-9885e028acae: new RaftServerImpl for group-1A11BC7B3C40:[85f39efa-eef7-4cc0-b720-9885e028acae:192.168.157.226:41642] with ContainerStateMachine:uninitialized
2019-09-19 16:59:09,079 [pool-38-thread-1] INFO  server.RaftServerConfigKeys (ConfUtils.java:logGet(43)) - raft.server.rpc.timeout.min = 5s (custom)
2019-09-19 16:59:09,079 [pool-38-thread-1] INFO  server.RaftServerConfigKeys (ConfUtils.java:logGet(43)) - raft.server.rpc.timeout.max = 5200ms (custom)
2019-09-19 16:59:09,079 [pool-38-thread-1] INFO  server.RaftServerConfigKeys (ConfUtils.java:logGet(43)) - raft.server.rpcslowness.timeout = 120s (custom)
2019-09-19 16:59:09,079 [pool-38-thread-1] INFO  server.RaftServerConfigKeys (ConfUtils.java:logGet(43)) - raft.server.sleep.deviation.threshold = 300 (default)
2019-09-19 16:59:09,079 [pool-38-thread-1] INFO  server.RaftServerConfigKeys (ConfUtils.java:logGet(43)) - raft.server.log.appender.install.snapshot.enabled = false (custom)
2019-09-19 16:59:09,080 [pool-38-thread-1] INFO  impl.RaftServerImpl (ServerState.java:<init>(105)) - 85f39efa-eef7-4cc0-b720-9885e028acae:group-1A11BC7B3C40 ConfigurationManager, init=-1: [85f39efa-eef7-4cc0-b720-9885e028acae:192.168.157.226:41642], old=null, confs=<EMPTY_MAP>
2019-09-19 16:59:09,080 [pool-38-thread-1] INFO  server.RaftServerConfigKeys (ConfUtils.java:logGet(43)) - raft.server.storage.dir = [/workdir/hadoop-ozone/tools/target/test-dir/MiniOzoneClusterImpl-a5ac6908-1030-4589-81cf-eb895152b587/datanode-1/data/ratis] (custom)
2019-09-19 16:59:09,080 [pool-38-thread-1] INFO  storage.RaftStorageDirectory (RaftStorageDirectory.java:analyzeStorage(246)) - The storage directory /workdir/hadoop-ozone/tools/target/test-dir/MiniOzoneClusterImpl-a5ac6908-1030-4589-81cf-eb895152b587/datanode-1/data/ratis/24a95864-cf29-4702-a147-1a11bc7b3c40 does not exist. Creating ...
2019-09-19 16:59:09,094 [pool-38-thread-1] INFO  storage.RaftStorageDirectory (RaftStorageDirectory.java:tryLock(328)) - Lock on /workdir/hadoop-ozone/tools/target/test-dir/MiniOzoneClusterImpl-a5ac6908-1030-4589-81cf-eb895152b587/datanode-1/data/ratis/24a95864-cf29-4702-a147-1a11bc7b3c40/in_use.lock acquired by nodename 23424@pr-hdds-1569-swxfz-3172132826
2019-09-19 16:59:09,107 [pool-38-thread-1] INFO  storage.RaftStorage (RaftStorage.java:format(72)) - Storage directory /workdir/hadoop-ozone/tools/target/test-dir/MiniOzoneClusterImpl-a5ac6908-1030-4589-81cf-eb895152b587/datanode-1/data/ratis/24a95864-cf29-4702-a147-1a11bc7b3c40 has been successfully formatted.
2019-09-19 16:59:09,107 [pool-38-thread-1] INFO  ratis.ContainerStateMachine (ContainerStateMachine.java:loadSnapshot(226)) - group-1A11BC7B3C40: The snapshot info is null. Setting the last applied indexto:(t:0, i:~)
2019-09-19 16:59:09,108 [pool-38-thread-1] INFO  server.RaftServerConfigKeys (ConfUtils.java:logGet(43)) - raft.server.leader.election.timeout = 120s (custom)
2019-09-19 16:59:09,108 [pool-38-thread-1] INFO  server.RaftServerConfigKeys (ConfUtils.java:logGet(43)) - raft.server.log.use.memory = false (default)
2019-09-19 16:59:09,108 [pool-38-thread-1] INFO  server.RaftServerConfigKeys (ConfUtils.java:logGet(43)) - raft.server.log.purge.gap = 1000000 (custom)
2019-09-19 16:59:09,108 [pool-38-thread-1] INFO  server.RaftServerConfigKeys (ConfUtils.java:logGet(43)) - raft.server.log.appender.buffer.byte-limit = 33554432 (custom)
2019-09-19 16:59:09,108 [pool-38-thread-1] INFO  server.RaftServerConfigKeys (ConfUtils.java:logGet(43)) - raft.server.log.segment.size.max = 1048576 (custom)
2019-09-19 16:59:09,108 [pool-38-thread-1] INFO  server.RaftServerConfigKeys (ConfUtils.java:logGet(43)) - raft.server.log.segment.cache.num.max = 2 (custom)
2019-09-19 16:59:09,109 [pool-38-thread-1] INFO  segmented.SegmentedRaftLogWorker (SegmentedRaftLogWorker.java:<init>(172)) - new 85f39efa-eef7-4cc0-b720-9885e028acae-SegmentedRaftLogWorker:Storage Directory /workdir/hadoop-ozone/tools/target/test-dir/MiniOzoneClusterImpl-a5ac6908-1030-4589-81cf-eb895152b587/datanode-1/data/ratis/24a95864-cf29-4702-a147-1a11bc7b3c40 for RaftStorage:Storage Directory /workdir/hadoop-ozone/tools/target/test-dir/MiniOzoneClusterImpl-a5ac6908-1030-4589-81cf-eb895152b587/datanode-1/data/ratis/24a95864-cf29-4702-a147-1a11bc7b3c40
2019-09-19 16:59:09,109 [pool-38-thread-1] INFO  server.RaftServerConfigKeys (ConfUtils.java:logGet(43)) - raft.server.log.queue.byte-limit = 2147483647 (custom)
2019-09-19 16:59:09,109 [pool-38-thread-1] INFO  server.RaftServerConfigKeys (ConfUtils.java:logGet(43)) - raft.server.log.queue.element-limit = 1024 (custom)
2019-09-19 16:59:09,109 [pool-38-thread-1] INFO  server.RaftServerConfigKeys (ConfUtils.java:logGet(43)) - raft.server.log.segment.size.max = 1048576 (custom)
2019-09-19 16:59:09,109 [pool-38-thread-1] INFO  server.RaftServerConfigKeys (ConfUtils.java:logGet(43)) - raft.server.log.preallocated.size = 16384 (custom)
2019-09-19 16:59:09,110 [pool-38-thread-1] INFO  server.RaftServerConfigKeys (ConfUtils.java:logGet(43)) - raft.server.log.write.buffer.size = 33554432 (custom)
2019-09-19 16:59:09,110 [pool-38-thread-1] INFO  server.RaftServerConfigKeys (ConfUtils.java:logGet(43)) - raft.server.log.force.sync.num = 128 (default)
2019-09-19 16:59:09,110 [pool-38-thread-1] INFO  server.RaftServerConfigKeys (ConfUtils.java:logGet(43)) - raft.server.log.statemachine.data.sync = true (default)
2019-09-19 16:59:09,110 [pool-38-thread-1] INFO  server.RaftServerConfigKeys (ConfUtils.java:logGet(43)) - raft.server.log.statemachine.data.sync.timeout = 10s (default)
2019-09-19 16:59:09,110 [pool-38-thread-1] INFO  server.RaftServerConfigKeys (ConfUtils.java:logGet(43)) - raft.server.log.statemachine.data.sync.timeout.retry = -1 (default)
2019-09-19 16:59:09,111 [pool-38-thread-1] INFO  server.RaftServerConfigKeys (ConfUtils.java:logGet(43)) - raft.server.log.statemachine.data.caching.enabled = true (custom)
2019-09-19 16:59:09,111 [pool-38-thread-1] INFO  segmented.SegmentedRaftLogWorker (SegmentedRaftLogWorker.java:lambda$new$0(132)) - 85f39efa-eef7-4cc0-b720-9885e028acae-SegmentedRaftLogWorker:Storage Directory /workdir/hadoop-ozone/tools/target/test-dir/MiniOzoneClusterImpl-a5ac6908-1030-4589-81cf-eb895152b587/datanode-1/data/ratis/24a95864-cf29-4702-a147-1a11bc7b3c40: flushIndex: setUnconditionally 0 -> -1
2019-09-19 16:59:09,111 [pool-38-thread-1] INFO  server.RaftServerConfigKeys (ConfUtils.java:logGet(43)) - raft.server.snapshot.auto.trigger.enabled = true (custom)
2019-09-19 16:59:09,112 [pool-38-thread-1] INFO  server.RaftServerConfigKeys (ConfUtils.java:logGet(43)) - raft.server.snapshot.auto.trigger.threshold = 10000 (custom)
2019-09-19 16:59:09,112 [pool-38-thread-1] INFO  server.RaftServerConfigKeys (ConfUtils.java:logGet(43)) - raft.server.retrycache.expirytime = 600000ms (custom)
2019-09-19 16:59:09,112 [pool-38-thread-1] INFO  impl.RaftServerImpl (RaftServerImpl.java:start(180)) - 85f39efa-eef7-4cc0-b720-9885e028acae: start group-1A11BC7B3C40
2019-09-19 16:59:09,112 [pool-38-thread-1] INFO  impl.RaftServerImpl (RaftServerImpl.java:setRole(171)) - 85f39efa-eef7-4cc0-b720-9885e028acae:group-1A11BC7B3C40 changes role from null to FOLLOWER at term 0 for startAsFollower
2019-09-19 16:59:09,113 [pool-38-thread-1] INFO  impl.RoleInfo (RoleInfo.java:updateAndGet(143)) - 85f39efa-eef7-4cc0-b720-9885e028acae: start FollowerState
2019-09-19 16:59:09,113 [pool-38-thread-1] INFO  util.JmxRegister (JmxRegister.java:tryRegister(44)) - Successfully registered JMX Bean with object name Ratis:service=RaftServer,group=group-1A11BC7B3C40,id=85f39efa-eef7-4cc0-b720-9885e028acae
2019-09-19 16:59:09,119 [RatisPipelineUtilsThread] INFO  pipeline.PipelineStateManager (PipelineStateManager.java:addPipeline(56)) - Created pipeline Pipeline[ Id: 24a95864-cf29-4702-a147-1a11bc7b3c40, Nodes: 85f39efa-eef7-4cc0-b720-9885e028acae{ip: 192.168.157.226, host: pr-hdds-1569-swxfz-3172132826, networkLocation: /default-rack, certSerialId: null}, Type:RATIS, Factor:ONE, State:OPEN]
2019-09-19 16:59:09,121 [RatisPipelineUtilsThread] ERROR pipeline.PipelinePlacementPolicy (PipelinePlacementPolicy.java:meetCriteria(91)) - Pipeline Placement: Doesn't meet the criteria to be viable node. Heaviness: 6
2019-09-19 16:59:09,122 [RatisPipelineUtilsThread] ERROR pipeline.PipelinePlacementPolicy (PipelinePlacementPolicy.java:meetCriteria(91)) - Pipeline Placement: Doesn't meet the criteria to be viable node. Heaviness: 6
2019-09-19 16:59:09,137 [grpc-default-executor-0] INFO  impl.RaftServerProxy (RaftServerProxy.java:addNew(89)) - 85f39efa-eef7-4cc0-b720-9885e028acae: addNew group-3BCEFC4BF2B9:[85f39efa-eef7-4cc0-b720-9885e028acae:192.168.157.226:41642] returns group-3BCEFC4BF2B9:java.util.concurrent.CompletableFuture@478298bb[Not completed]
2019-09-19 16:59:09,140 [pool-38-thread-1] INFO  impl.RaftServerImpl (RaftServerImpl.java:<init>(93)) - 85f39efa-eef7-4cc0-b720-9885e028acae: new RaftServerImpl for group-3BCEFC4BF2B9:[85f39efa-eef7-4cc0-b720-9885e028acae:192.168.157.226:41642] with ContainerStateMachine:uninitialized
2019-09-19 16:59:09,140 [pool-38-thread-1] INFO  server.RaftServerConfigKeys (ConfUtils.java:logGet(43)) - raft.server.rpc.timeout.min = 5s (custom)
2019-09-19 16:59:09,140 [pool-38-thread-1] INFO  server.RaftServerConfigKeys (ConfUtils.java:logGet(43)) - raft.server.rpc.timeout.max = 5200ms (custom)
2019-09-19 16:59:09,141 [pool-38-thread-1] INFO  server.RaftServerConfigKeys (ConfUtils.java:logGet(43)) - raft.server.rpcslowness.timeout = 120s (custom)
2019-09-19 16:59:09,141 [pool-38-thread-1] INFO  server.RaftServerConfigKeys (ConfUtils.java:logGet(43)) - raft.server.sleep.deviation.threshold = 300 (default)
2019-09-19 16:59:09,141 [pool-38-thread-1] INFO  server.RaftServerConfigKeys (ConfUtils.java:logGet(43)) - raft.server.log.appender.install.snapshot.enabled = false (custom)
2019-09-19 16:59:09,141 [pool-38-thread-1] INFO  impl.RaftServerImpl (ServerState.java:<init>(105)) - 85f39efa-eef7-4cc0-b720-9885e028acae:group-3BCEFC4BF2B9 ConfigurationManager, init=-1: [85f39efa-eef7-4cc0-b720-9885e028acae:192.168.157.226:41642], old=null, confs=<EMPTY_MAP>
2019-09-19 16:59:09,141 [pool-38-thread-1] INFO  server.RaftServerConfigKeys (ConfUtils.java:logGet(43)) - raft.server.storage.dir = [/workdir/hadoop-ozone/tools/target/test-dir/MiniOzoneClusterImpl-a5ac6908-1030-4589-81cf-eb895152b587/datanode-1/data/ratis] (custom)
2019-09-19 16:59:09,142 [pool-38-thread-1] INFO  storage.RaftStorageDirectory (RaftStorageDirectory.java:analyzeStorage(246)) - The storage directory /workdir/hadoop-ozone/tools/target/test-dir/MiniOzoneClusterImpl-a5ac6908-1030-4589-81cf-eb895152b587/datanode-1/data/ratis/452df44a-9f94-4668-9829-3bcefc4bf2b9 does not exist. Creating ...
2019-09-19 16:59:09,156 [pool-38-thread-1] INFO  storage.RaftStorageDirectory (RaftStorageDirectory.java:tryLock(328)) - Lock on /workdir/hadoop-ozone/tools/target/test-dir/MiniOzoneClusterImpl-a5ac6908-1030-4589-81cf-eb895152b587/datanode-1/data/ratis/452df44a-9f94-4668-9829-3bcefc4bf2b9/in_use.lock acquired by nodename 23424@pr-hdds-1569-swxfz-3172132826
2019-09-19 16:59:09,168 [pool-38-thread-1] INFO  storage.RaftStorage (RaftStorage.java:format(72)) - Storage directory /workdir/hadoop-ozone/tools/target/test-dir/MiniOzoneClusterImpl-a5ac6908-1030-4589-81cf-eb895152b587/datanode-1/data/ratis/452df44a-9f94-4668-9829-3bcefc4bf2b9 has been successfully formatted.
2019-09-19 16:59:09,169 [pool-38-thread-1] INFO  ratis.ContainerStateMachine (ContainerStateMachine.java:loadSnapshot(226)) - group-3BCEFC4BF2B9: The snapshot info is null. Setting the last applied indexto:(t:0, i:~)
2019-09-19 16:59:09,169 [pool-38-thread-1] INFO  server.RaftServerConfigKeys (ConfUtils.java:logGet(43)) - raft.server.leader.election.timeout = 120s (custom)
2019-09-19 16:59:09,169 [pool-38-thread-1] INFO  server.RaftServerConfigKeys (ConfUtils.java:logGet(43)) - raft.server.log.use.memory = false (default)
2019-09-19 16:59:09,169 [pool-38-thread-1] INFO  server.RaftServerConfigKeys (ConfUtils.java:logGet(43)) - raft.server.log.purge.gap = 1000000 (custom)
2019-09-19 16:59:09,169 [pool-38-thread-1] INFO  server.RaftServerConfigKeys (ConfUtils.java:logGet(43)) - raft.server.log.appender.buffer.byte-limit = 33554432 (custom)
2019-09-19 16:59:09,170 [pool-38-thread-1] INFO  server.RaftServerConfigKeys (ConfUtils.java:logGet(43)) - raft.server.log.segment.size.max = 1048576 (custom)
2019-09-19 16:59:09,170 [pool-38-thread-1] INFO  server.RaftServerConfigKeys (ConfUtils.java:logGet(43)) - raft.server.log.segment.cache.num.max = 2 (custom)
2019-09-19 16:59:09,170 [pool-38-thread-1] INFO  segmented.SegmentedRaftLogWorker (SegmentedRaftLogWorker.java:<init>(172)) - new 85f39efa-eef7-4cc0-b720-9885e028acae-SegmentedRaftLogWorker:Storage Directory /workdir/hadoop-ozone/tools/target/test-dir/MiniOzoneClusterImpl-a5ac6908-1030-4589-81cf-eb895152b587/datanode-1/data/ratis/452df44a-9f94-4668-9829-3bcefc4bf2b9 for RaftStorage:Storage Directory /workdir/hadoop-ozone/tools/target/test-dir/MiniOzoneClusterImpl-a5ac6908-1030-4589-81cf-eb895152b587/datanode-1/data/ratis/452df44a-9f94-4668-9829-3bcefc4bf2b9
2019-09-19 16:59:09,170 [pool-38-thread-1] INFO  server.RaftServerConfigKeys (ConfUtils.java:logGet(43)) - raft.server.log.queue.byte-limit = 2147483647 (custom)
2019-09-19 16:59:09,170 [pool-38-thread-1] INFO  server.RaftServerConfigKeys (ConfUtils.java:logGet(43)) - raft.server.log.queue.element-limit = 1024 (custom)
2019-09-19 16:59:09,170 [pool-38-thread-1] INFO  server.RaftServerConfigKeys (ConfUtils.java:logGet(43)) - raft.server.log.segment.size.max = 1048576 (custom)
2019-09-19 16:59:09,170 [pool-38-thread-1] INFO  server.RaftServerConfigKeys (ConfUtils.java:logGet(43)) - raft.server.log.preallocated.size = 16384 (custom)
2019-09-19 16:59:09,171 [pool-38-thread-1] INFO  server.RaftServerConfigKeys (ConfUtils.java:logGet(43)) - raft.server.log.write.buffer.size = 33554432 (custom)
2019-09-19 16:59:09,171 [pool-38-thread-1] INFO  server.RaftServerConfigKeys (ConfUtils.java:logGet(43)) - raft.server.log.force.sync.num = 128 (default)
2019-09-19 16:59:09,171 [pool-38-thread-1] INFO  server.RaftServerConfigKeys (ConfUtils.java:logGet(43)) - raft.server.log.statemachine.data.sync = true (default)
2019-09-19 16:59:09,171 [pool-38-thread-1] INFO  server.RaftServerConfigKeys (ConfUtils.java:logGet(43)) - raft.server.log.statemachine.data.sync.timeout = 10s (default)
2019-09-19 16:59:09,171 [pool-38-thread-1] INFO  server.RaftServerConfigKeys (ConfUtils.java:logGet(43)) - raft.server.log.statemachine.data.sync.timeout.retry = -1 (default)
2019-09-19 16:59:09,171 [pool-38-thread-1] INFO  server.RaftServerConfigKeys (ConfUtils.java:logGet(43)) - raft.server.log.statemachine.data.caching.enabled = true (custom)
2019-09-19 16:59:09,172 [pool-38-thread-1] INFO  segmented.SegmentedRaftLogWorker (SegmentedRaftLogWorker.java:lambda$new$0(132)) - 85f39efa-eef7-4cc0-b720-9885e028acae-SegmentedRaftLogWorker:Storage Directory /workdir/hadoop-ozone/tools/target/test-dir/MiniOzoneClusterImpl-a5ac6908-1030-4589-81cf-eb895152b587/datanode-1/data/ratis/452df44a-9f94-4668-9829-3bcefc4bf2b9: flushIndex: setUnconditionally 0 -> -1
2019-09-19 16:59:09,172 [pool-38-thread-1] INFO  server.RaftServerConfigKeys (ConfUtils.java:logGet(43)) - raft.server.snapshot.auto.trigger.enabled = true (custom)
2019-09-19 16:59:09,172 [pool-38-thread-1] INFO  server.RaftServerConfigKeys (ConfUtils.java:logGet(43)) - raft.server.snapshot.auto.trigger.threshold = 10000 (custom)
2019-09-19 16:59:09,172 [pool-38-thread-1] INFO  server.RaftServerConfigKeys (ConfUtils.java:logGet(43)) - raft.server.retrycache.expirytime = 600000ms (custom)
2019-09-19 16:59:09,173 [pool-38-thread-1] INFO  impl.RaftServerImpl (RaftServerImpl.java:start(180)) - 85f39efa-eef7-4cc0-b720-9885e028acae: start group-3BCEFC4BF2B9
2019-09-19 16:59:09,173 [pool-38-thread-1] INFO  impl.RaftServerImpl (RaftServerImpl.java:setRole(171)) - 85f39efa-eef7-4cc0-b720-9885e028acae:group-3BCEFC4BF2B9 changes role from null to FOLLOWER at term 0 for startAsFollower
2019-09-19 16:59:09,173 [pool-38-thread-1] INFO  impl.RoleInfo (RoleInfo.java:updateAndGet(143)) - 85f39efa-eef7-4cc0-b720-9885e028acae: start FollowerState
2019-09-19 16:59:09,173 [pool-38-thread-1] INFO  util.JmxRegister (JmxRegister.java:tryRegister(44)) - Successfully registered JMX Bean with object name Ratis:service=RaftServer,group=group-3BCEFC4BF2B9,id=85f39efa-eef7-4cc0-b720-9885e028acae
2019-09-19 16:59:09,179 [RatisPipelineUtilsThread] INFO  pipeline.PipelineStateManager (PipelineStateManager.java:addPipeline(56)) - Created pipeline Pipeline[ Id: 452df44a-9f94-4668-9829-3bcefc4bf2b9, Nodes: 85f39efa-eef7-4cc0-b720-9885e028acae{ip: 192.168.157.226, host: pr-hdds-1569-swxfz-3172132826, networkLocation: /default-rack, certSerialId: null}, Type:RATIS, Factor:ONE, State:OPEN]
2019-09-19 16:59:09,180 [RatisPipelineUtilsThread] ERROR pipeline.PipelinePlacementPolicy (PipelinePlacementPolicy.java:meetCriteria(91)) - Pipeline Placement: Doesn't meet the criteria to be viable node. Heaviness: 6
2019-09-19 16:59:09,180 [RatisPipelineUtilsThread] ERROR pipeline.PipelinePlacementPolicy (PipelinePlacementPolicy.java:meetCriteria(91)) - Pipeline Placement: Doesn't meet the criteria to be viable node. Heaviness: 6
2019-09-19 16:59:09,180 [RatisPipelineUtilsThread] ERROR pipeline.PipelinePlacementPolicy (PipelinePlacementPolicy.java:meetCriteria(91)) - Pipeline Placement: Doesn't meet the criteria to be viable node. Heaviness: 6
2019-09-19 16:59:09,181 [RatisPipelineUtilsThread] ERROR pipeline.PipelinePlacementPolicy (PipelinePlacementPolicy.java:filterViableNodes(146)) - Unable to find enough nodes that meet the criteria that cannot engage in more than 5 pipelines. Nodes required: 1 Found: 0, healthy nodes count inNodeManager: 3.
2019-09-19 16:59:09,182 [RatisPipelineUtilsThread] ERROR pipeline.SCMPipelineManager (SCMPipelineManager.java:createPipeline(161)) - Pipeline creation failed due to exception: Unable to find enough nodes that meet the criteria that cannot engage in more than 5 pipelines. Nodes required: 1 Found: 0, healthy nodes count inNodeManager: 3.
2019-09-19 16:59:09,182 [RatisPipelineUtilsThread] ERROR pipeline.PipelinePlacementPolicy (PipelinePlacementPolicy.java:meetCriteria(91)) - Pipeline Placement: Doesn't meet the criteria to be viable node. Heaviness: 6
2019-09-19 16:59:09,182 [RatisPipelineUtilsThread] ERROR pipeline.PipelinePlacementPolicy (PipelinePlacementPolicy.java:meetCriteria(91)) - Pipeline Placement: Doesn't meet the criteria to be viable node. Heaviness: 6
2019-09-19 16:59:09,182 [RatisPipelineUtilsThread] ERROR pipeline.PipelinePlacementPolicy (PipelinePlacementPolicy.java:meetCriteria(91)) - Pipeline Placement: Doesn't meet the criteria to be viable node. Heaviness: 6
2019-09-19 16:59:09,183 [RatisPipelineUtilsThread] ERROR pipeline.PipelinePlacementPolicy (PipelinePlacementPolicy.java:filterViableNodes(146)) - Unable to find enough nodes that meet the criteria that cannot engage in more than 5 pipelines. Nodes required: 3 Found: 0, healthy nodes count inNodeManager: 3.
2019-09-19 16:59:09,183 [RatisPipelineUtilsThread] ERROR pipeline.SCMPipelineManager (SCMPipelineManager.java:createPipeline(161)) - Pipeline creation failed due to exception: Unable to find enough nodes that meet the criteria that cannot engage in more than 5 pipelines. Nodes required: 3 Found: 0, healthy nodes count inNodeManager: 3.
2019-09-19 16:59:09,185 [RatisPipelineUtilsThread] ERROR pipeline.PipelinePlacementPolicy (PipelinePlacementPolicy.java:meetCriteria(91)) - Pipeline Placement: Doesn't meet the criteria to be viable node. Heaviness: 6
2019-09-19 16:59:09,185 [RatisPipelineUtilsThread] ERROR pipeline.PipelinePlacementPolicy (PipelinePlacementPolicy.java:meetCriteria(91)) - Pipeline Placement: Doesn't meet the criteria to be viable node. Heaviness: 6
2019-09-19 16:59:09,185 [RatisPipelineUtilsThread] ERROR pipeline.PipelinePlacementPolicy (PipelinePlacementPolicy.java:meetCriteria(91)) - Pipeline Placement: Doesn't meet the criteria to be viable node. Heaviness: 6
2019-09-19 16:59:09,185 [RatisPipelineUtilsThread] ERROR pipeline.PipelinePlacementPolicy (PipelinePlacementPolicy.java:filterViableNodes(146)) - Unable to find enough nodes that meet the criteria that cannot engage in more than 5 pipelines. Nodes required: 1 Found: 0, healthy nodes count inNodeManager: 3.
2019-09-19 16:59:09,185 [RatisPipelineUtilsThread] ERROR pipeline.SCMPipelineManager (SCMPipelineManager.java:createPipeline(161)) - Pipeline creation failed due to exception: Unable to find enough nodes that meet the criteria that cannot engage in more than 5 pipelines. Nodes required: 1 Found: 0, healthy nodes count inNodeManager: 3.
2019-09-19 16:59:09,186 [RatisPipelineUtilsThread] ERROR pipeline.PipelinePlacementPolicy (PipelinePlacementPolicy.java:meetCriteria(91)) - Pipeline Placement: Doesn't meet the criteria to be viable node. Heaviness: 6
2019-09-19 16:59:09,186 [RatisPipelineUtilsThread] ERROR pipeline.PipelinePlacementPolicy (PipelinePlacementPolicy.java:meetCriteria(91)) - Pipeline Placement: Doesn't meet the criteria to be viable node. Heaviness: 6
2019-09-19 16:59:09,186 [RatisPipelineUtilsThread] ERROR pipeline.PipelinePlacementPolicy (PipelinePlacementPolicy.java:meetCriteria(91)) - Pipeline Placement: Doesn't meet the criteria to be viable node. Heaviness: 6
2019-09-19 16:59:09,186 [RatisPipelineUtilsThread] ERROR pipeline.PipelinePlacementPolicy (PipelinePlacementPolicy.java:filterViableNodes(146)) - Unable to find enough nodes that meet the criteria that cannot engage in more than 5 pipelines. Nodes required: 3 Found: 0, healthy nodes count inNodeManager: 3.
2019-09-19 16:59:09,186 [RatisPipelineUtilsThread] ERROR pipeline.SCMPipelineManager (SCMPipelineManager.java:createPipeline(161)) - Pipeline creation failed due to exception: Unable to find enough nodes that meet the criteria that cannot engage in more than 5 pipelines. Nodes required: 3 Found: 0, healthy nodes count inNodeManager: 3.
2019-09-19 16:59:09,186 [IPC Server handler 0 on 36020] ERROR pipeline.PipelinePlacementPolicy (PipelinePlacementPolicy.java:meetCriteria(91)) - Pipeline Placement: Doesn't meet the criteria to be viable node. Heaviness: 6
2019-09-19 16:59:09,187 [IPC Server handler 0 on 36020] ERROR pipeline.PipelinePlacementPolicy (PipelinePlacementPolicy.java:meetCriteria(91)) - Pipeline Placement: Doesn't meet the criteria to be viable node. Heaviness: 6
2019-09-19 16:59:09,187 [IPC Server handler 0 on 36020] ERROR pipeline.PipelinePlacementPolicy (PipelinePlacementPolicy.java:meetCriteria(91)) - Pipeline Placement: Doesn't meet the criteria to be viable node. Heaviness: 6
2019-09-19 16:59:09,187 [IPC Server handler 0 on 36020] ERROR pipeline.PipelinePlacementPolicy (PipelinePlacementPolicy.java:filterViableNodes(146)) - Unable to find enough nodes that meet the criteria that cannot engage in more than 5 pipelines. Nodes required: 3 Found: 0, healthy nodes count inNodeManager: 3.
2019-09-19 16:59:09,187 [IPC Server handler 0 on 36020] ERROR pipeline.SCMPipelineManager (SCMPipelineManager.java:createPipeline(161)) - Pipeline creation failed due to exception: Unable to find enough nodes that meet the criteria that cannot engage in more than 5 pipelines. Nodes required: 3 Found: 0, healthy nodes count inNodeManager: 3.
2019-09-19 16:59:09,188 [IPC Server handler 0 on 36020] WARN  block.BlockManagerImpl (BlockManagerImpl.java:allocateBlock(192)) - Pipeline creation failed for type:RATIS factor:THREE. Retrying get pipelines call once.
org.apache.hadoop.hdds.scm.exceptions.SCMException: Unable to find enough nodes that meet the criteria that cannot engage in more than 5 pipelines. Nodes required: 3 Found: 0, healthy nodes count inNodeManager: 3.
	at org.apache.hadoop.hdds.scm.pipeline.PipelinePlacementPolicy.filterViableNodes(PipelinePlacementPolicy.java:147)
	at org.apache.hadoop.hdds.scm.pipeline.PipelinePlacementPolicy.chooseDatanodes(PipelinePlacementPolicy.java:170)
	at org.apache.hadoop.hdds.scm.pipeline.RatisPipelineProvider.create(RatisPipelineProvider.java:92)
	at org.apache.hadoop.hdds.scm.pipeline.PipelineFactory.create(PipelineFactory.java:57)
	at org.apache.hadoop.hdds.scm.pipeline.SCMPipelineManager.createPipeline(SCMPipelineManager.java:149)
	at org.apache.hadoop.hdds.scm.block.BlockManagerImpl.allocateBlock(BlockManagerImpl.java:190)
	at org.apache.hadoop.hdds.scm.server.SCMBlockProtocolServer.allocateBlock(SCMBlockProtocolServer.java:175)
	at org.apache.hadoop.ozone.protocolPB.ScmBlockLocationProtocolServerSideTranslatorPB.allocateScmBlock(ScmBlockLocationProtocolServerSideTranslatorPB.java:153)
	at org.apache.hadoop.ozone.protocolPB.ScmBlockLocationProtocolServerSideTranslatorPB.send(ScmBlockLocationProtocolServerSideTranslatorPB.java:112)
	at org.apache.hadoop.hdds.protocol.proto.ScmBlockLocationProtocolProtos$ScmBlockLocationProtocolService$2.callBlockingMethod(ScmBlockLocationProtocolProtos.java:13157)
	at org.apache.hadoop.ipc.ProtobufRpcEngine$Server$ProtoBufRpcInvoker.call(ProtobufRpcEngine.java:524)
	at org.apache.hadoop.ipc.RPC$Server.call(RPC.java:1025)
	at org.apache.hadoop.ipc.Server$RpcCall.run(Server.java:876)
	at org.apache.hadoop.ipc.Server$RpcCall.run(Server.java:822)
	at java.security.AccessController.doPrivileged(Native Method)
	at javax.security.auth.Subject.doAs(Subject.java:422)
	at org.apache.hadoop.security.UserGroupInformation.doAs(UserGroupInformation.java:1730)
	at org.apache.hadoop.ipc.Server$Handler.run(Server.java:2682)
2019-09-19 16:59:09,190 [IPC Server handler 0 on 36020] INFO  block.BlockManagerImpl (BlockManagerImpl.java:allocateBlock(198)) - Could not find available pipeline of type:RATIS and factor:THREE even after retrying
2019-09-19 16:59:09,190 [IPC Server handler 0 on 36020] ERROR block.BlockManagerImpl (BlockManagerImpl.java:allocateBlock(222)) - Unable to allocate a block for the size: 4194304, type: RATIS, factor: THREE
2019-09-19 16:59:09,190 [IPC Server handler 0 on 36020] ERROR pipeline.PipelinePlacementPolicy (PipelinePlacementPolicy.java:meetCriteria(91)) - Pipeline Placement: Doesn't meet the criteria to be viable node. Heaviness: 6
2019-09-19 16:59:09,190 [IPC Server handler 0 on 36020] ERROR pipeline.PipelinePlacementPolicy (PipelinePlacementPolicy.java:meetCriteria(91)) - Pipeline Placement: Doesn't meet the criteria to be viable node. Heaviness: 6
2019-09-19 16:59:09,190 [IPC Server handler 0 on 36020] ERROR pipeline.PipelinePlacementPolicy (PipelinePlacementPolicy.java:meetCriteria(91)) - Pipeline Placement: Doesn't meet the criteria to be viable node. Heaviness: 6
2019-09-19 16:59:09,191 [IPC Server handler 0 on 36020] ERROR pipeline.PipelinePlacementPolicy (PipelinePlacementPolicy.java:filterViableNodes(146)) - Unable to find enough nodes that meet the criteria that cannot engage in more than 5 pipelines. Nodes required: 3 Found: 0, healthy nodes count inNodeManager: 3.
2019-09-19 16:59:09,191 [IPC Server handler 0 on 36020] ERROR pipeline.SCMPipelineManager (SCMPipelineManager.java:createPipeline(161)) - Pipeline creation failed due to exception: Unable to find enough nodes that meet the criteria that cannot engage in more than 5 pipelines. Nodes required: 3 Found: 0, healthy nodes count inNodeManager: 3.
2019-09-19 16:59:09,191 [IPC Server handler 0 on 36020] WARN  block.BlockManagerImpl (BlockManagerImpl.java:allocateBlock(192)) - Pipeline creation failed for type:RATIS factor:THREE. Retrying get pipelines call once.
org.apache.hadoop.hdds.scm.exceptions.SCMException: Unable to find enough nodes that meet the criteria that cannot engage in more than 5 pipelines. Nodes required: 3 Found: 0, healthy nodes count inNodeManager: 3.
	at org.apache.hadoop.hdds.scm.pipeline.PipelinePlacementPolicy.filterViableNodes(PipelinePlacementPolicy.java:147)
	at org.apache.hadoop.hdds.scm.pipeline.PipelinePlacementPolicy.chooseDatanodes(PipelinePlacementPolicy.java:170)
	at org.apache.hadoop.hdds.scm.pipeline.RatisPipelineProvider.create(RatisPipelineProvider.java:92)
	at org.apache.hadoop.hdds.scm.pipeline.PipelineFactory.create(PipelineFactory.java:57)
	at org.apache.hadoop.hdds.scm.pipeline.SCMPipelineManager.createPipeline(SCMPipelineManager.java:149)
	at org.apache.hadoop.hdds.scm.block.BlockManagerImpl.allocateBlock(BlockManagerImpl.java:190)
	at org.apache.hadoop.hdds.scm.server.SCMBlockProtocolServer.allocateBlock(SCMBlockProtocolServer.java:175)
	at org.apache.hadoop.ozone.protocolPB.ScmBlockLocationProtocolServerSideTranslatorPB.allocateScmBlock(ScmBlockLocationProtocolServerSideTranslatorPB.java:153)
	at org.apache.hadoop.ozone.protocolPB.ScmBlockLocationProtocolServerSideTranslatorPB.send(ScmBlockLocationProtocolServerSideTranslatorPB.java:112)
	at org.apache.hadoop.hdds.protocol.proto.ScmBlockLocationProtocolProtos$ScmBlockLocationProtocolService$2.callBlockingMethod(ScmBlockLocationProtocolProtos.java:13157)
	at org.apache.hadoop.ipc.ProtobufRpcEngine$Server$ProtoBufRpcInvoker.call(ProtobufRpcEngine.java:524)
	at org.apache.hadoop.ipc.RPC$Server.call(RPC.java:1025)
	at org.apache.hadoop.ipc.Server$RpcCall.run(Server.java:876)
	at org.apache.hadoop.ipc.Server$RpcCall.run(Server.java:822)
	at java.security.AccessController.doPrivileged(Native Method)
	at javax.security.auth.Subject.doAs(Subject.java:422)
	at org.apache.hadoop.security.UserGroupInformation.doAs(UserGroupInformation.java:1730)
	at org.apache.hadoop.ipc.Server$Handler.run(Server.java:2682)
2019-09-19 16:59:09,191 [IPC Server handler 0 on 36020] INFO  block.BlockManagerImpl (BlockManagerImpl.java:allocateBlock(198)) - Could not find available pipeline of type:RATIS and factor:THREE even after retrying
2019-09-19 16:59:09,191 [IPC Server handler 0 on 36020] ERROR block.BlockManagerImpl (BlockManagerImpl.java:allocateBlock(222)) - Unable to allocate a block for the size: 4194304, type: RATIS, factor: THREE
2019-09-19 16:59:09,192 [IPC Server handler 0 on 36020] ERROR pipeline.PipelinePlacementPolicy (PipelinePlacementPolicy.java:meetCriteria(91)) - Pipeline Placement: Doesn't meet the criteria to be viable node. Heaviness: 6
2019-09-19 16:59:09,192 [IPC Server handler 0 on 36020] ERROR pipeline.PipelinePlacementPolicy (PipelinePlacementPolicy.java:meetCriteria(91)) - Pipeline Placement: Doesn't meet the criteria to be viable node. Heaviness: 6
2019-09-19 16:59:09,192 [IPC Server handler 0 on 36020] ERROR pipeline.PipelinePlacementPolicy (PipelinePlacementPolicy.java:meetCriteria(91)) - Pipeline Placement: Doesn't meet the criteria to be viable node. Heaviness: 6
2019-09-19 16:59:09,192 [IPC Server handler 0 on 36020] ERROR pipeline.PipelinePlacementPolicy (PipelinePlacementPolicy.java:filterViableNodes(146)) - Unable to find enough nodes that meet the criteria that cannot engage in more than 5 pipelines. Nodes required: 3 Found: 0, healthy nodes count inNodeManager: 3.
2019-09-19 16:59:09,192 [IPC Server handler 0 on 36020] ERROR pipeline.SCMPipelineManager (SCMPipelineManager.java:createPipeline(161)) - Pipeline creation failed due to exception: Unable to find enough nodes that meet the criteria that cannot engage in more than 5 pipelines. Nodes required: 3 Found: 0, healthy nodes count inNodeManager: 3.
2019-09-19 16:59:09,192 [IPC Server handler 0 on 36020] WARN  block.BlockManagerImpl (BlockManagerImpl.java:allocateBlock(192)) - Pipeline creation failed for type:RATIS factor:THREE. Retrying get pipelines call once.
org.apache.hadoop.hdds.scm.exceptions.SCMException: Unable to find enough nodes that meet the criteria that cannot engage in more than 5 pipelines. Nodes required: 3 Found: 0, healthy nodes count inNodeManager: 3.
	at org.apache.hadoop.hdds.scm.pipeline.PipelinePlacementPolicy.filterViableNodes(PipelinePlacementPolicy.java:147)
	at org.apache.hadoop.hdds.scm.pipeline.PipelinePlacementPolicy.chooseDatanodes(PipelinePlacementPolicy.java:170)
	at org.apache.hadoop.hdds.scm.pipeline.RatisPipelineProvider.create(RatisPipelineProvider.java:92)
	at org.apache.hadoop.hdds.scm.pipeline.PipelineFactory.create(PipelineFactory.java:57)
	at org.apache.hadoop.hdds.scm.pipeline.SCMPipelineManager.createPipeline(SCMPipelineManager.java:149)
	at org.apache.hadoop.hdds.scm.block.BlockManagerImpl.allocateBlock(BlockManagerImpl.java:190)
	at org.apache.hadoop.hdds.scm.server.SCMBlockProtocolServer.allocateBlock(SCMBlockProtocolServer.java:175)
	at org.apache.hadoop.ozone.protocolPB.ScmBlockLocationProtocolServerSideTranslatorPB.allocateScmBlock(ScmBlockLocationProtocolServerSideTranslatorPB.java:153)
	at org.apache.hadoop.ozone.protocolPB.ScmBlockLocationProtocolServerSideTranslatorPB.send(ScmBlockLocationProtocolServerSideTranslatorPB.java:112)
	at org.apache.hadoop.hdds.protocol.proto.ScmBlockLocationProtocolProtos$ScmBlockLocationProtocolService$2.callBlockingMethod(ScmBlockLocationProtocolProtos.java:13157)
	at org.apache.hadoop.ipc.ProtobufRpcEngine$Server$ProtoBufRpcInvoker.call(ProtobufRpcEngine.java:524)
	at org.apache.hadoop.ipc.RPC$Server.call(RPC.java:1025)
	at org.apache.hadoop.ipc.Server$RpcCall.run(Server.java:876)
	at org.apache.hadoop.ipc.Server$RpcCall.run(Server.java:822)
	at java.security.AccessController.doPrivileged(Native Method)
	at javax.security.auth.Subject.doAs(Subject.java:422)
	at org.apache.hadoop.security.UserGroupInformation.doAs(UserGroupInformation.java:1730)
	at org.apache.hadoop.ipc.Server$Handler.run(Server.java:2682)
2019-09-19 16:59:09,194 [IPC Server handler 0 on 36020] INFO  block.BlockManagerImpl (BlockManagerImpl.java:allocateBlock(198)) - Could not find available pipeline of type:RATIS and factor:THREE even after retrying
2019-09-19 16:59:09,194 [IPC Server handler 0 on 36020] ERROR block.BlockManagerImpl (BlockManagerImpl.java:allocateBlock(222)) - Unable to allocate a block for the size: 4194304, type: RATIS, factor: THREE
2019-09-19 16:59:09,194 [IPC Server handler 0 on 36020] ERROR pipeline.PipelinePlacementPolicy (PipelinePlacementPolicy.java:meetCriteria(91)) - Pipeline Placement: Doesn't meet the criteria to be viable node. Heaviness: 6
2019-09-19 16:59:09,194 [IPC Server handler 0 on 36020] ERROR pipeline.PipelinePlacementPolicy (PipelinePlacementPolicy.java:meetCriteria(91)) - Pipeline Placement: Doesn't meet the criteria to be viable node. Heaviness: 6
2019-09-19 16:59:09,194 [IPC Server handler 0 on 36020] ERROR pipeline.PipelinePlacementPolicy (PipelinePlacementPolicy.java:meetCriteria(91)) - Pipeline Placement: Doesn't meet the criteria to be viable node. Heaviness: 6
2019-09-19 16:59:09,195 [IPC Server handler 0 on 36020] ERROR pipeline.PipelinePlacementPolicy (PipelinePlacementPolicy.java:filterViableNodes(146)) - Unable to find enough nodes that meet the criteria that cannot engage in more than 5 pipelines. Nodes required: 3 Found: 0, healthy nodes count inNodeManager: 3.
2019-09-19 16:59:09,195 [IPC Server handler 0 on 36020] ERROR pipeline.SCMPipelineManager (SCMPipelineManager.java:createPipeline(161)) - Pipeline creation failed due to exception: Unable to find enough nodes that meet the criteria that cannot engage in more than 5 pipelines. Nodes required: 3 Found: 0, healthy nodes count inNodeManager: 3.
2019-09-19 16:59:09,195 [IPC Server handler 0 on 36020] WARN  block.BlockManagerImpl (BlockManagerImpl.java:allocateBlock(192)) - Pipeline creation failed for type:RATIS factor:THREE. Retrying get pipelines call once.
org.apache.hadoop.hdds.scm.exceptions.SCMException: Unable to find enough nodes that meet the criteria that cannot engage in more than 5 pipelines. Nodes required: 3 Found: 0, healthy nodes count inNodeManager: 3.
	at org.apache.hadoop.hdds.scm.pipeline.PipelinePlacementPolicy.filterViableNodes(PipelinePlacementPolicy.java:147)
	at org.apache.hadoop.hdds.scm.pipeline.PipelinePlacementPolicy.chooseDatanodes(PipelinePlacementPolicy.java:170)
	at org.apache.hadoop.hdds.scm.pipeline.RatisPipelineProvider.create(RatisPipelineProvider.java:92)
	at org.apache.hadoop.hdds.scm.pipeline.PipelineFactory.create(PipelineFactory.java:57)
	at org.apache.hadoop.hdds.scm.pipeline.SCMPipelineManager.createPipeline(SCMPipelineManager.java:149)
	at org.apache.hadoop.hdds.scm.block.BlockManagerImpl.allocateBlock(BlockManagerImpl.java:190)
	at org.apache.hadoop.hdds.scm.server.SCMBlockProtocolServer.allocateBlock(SCMBlockProtocolServer.java:175)
	at org.apache.hadoop.ozone.protocolPB.ScmBlockLocationProtocolServerSideTranslatorPB.allocateScmBlock(ScmBlockLocationProtocolServerSideTranslatorPB.java:153)
	at org.apache.hadoop.ozone.protocolPB.ScmBlockLocationProtocolServerSideTranslatorPB.send(ScmBlockLocationProtocolServerSideTranslatorPB.java:112)
	at org.apache.hadoop.hdds.protocol.proto.ScmBlockLocationProtocolProtos$ScmBlockLocationProtocolService$2.callBlockingMethod(ScmBlockLocationProtocolProtos.java:13157)
	at org.apache.hadoop.ipc.ProtobufRpcEngine$Server$ProtoBufRpcInvoker.call(ProtobufRpcEngine.java:524)
	at org.apache.hadoop.ipc.RPC$Server.call(RPC.java:1025)
	at org.apache.hadoop.ipc.Server$RpcCall.run(Server.java:876)
	at org.apache.hadoop.ipc.Server$RpcCall.run(Server.java:822)
	at java.security.AccessController.doPrivileged(Native Method)
	at javax.security.auth.Subject.doAs(Subject.java:422)
	at org.apache.hadoop.security.UserGroupInformation.doAs(UserGroupInformation.java:1730)
	at org.apache.hadoop.ipc.Server$Handler.run(Server.java:2682)
2019-09-19 16:59:09,195 [IPC Server handler 0 on 36020] INFO  block.BlockManagerImpl (BlockManagerImpl.java:allocateBlock(198)) - Could not find available pipeline of type:RATIS and factor:THREE even after retrying
2019-09-19 16:59:09,195 [IPC Server handler 0 on 36020] ERROR block.BlockManagerImpl (BlockManagerImpl.java:allocateBlock(222)) - Unable to allocate a block for the size: 4194304, type: RATIS, factor: THREE
2019-09-19 16:59:09,196 [IPC Server handler 0 on 36020] ERROR pipeline.PipelinePlacementPolicy (PipelinePlacementPolicy.java:meetCriteria(91)) - Pipeline Placement: Doesn't meet the criteria to be viable node. Heaviness: 6
2019-09-19 16:59:09,196 [IPC Server handler 0 on 36020] ERROR pipeline.PipelinePlacementPolicy (PipelinePlacementPolicy.java:meetCriteria(91)) - Pipeline Placement: Doesn't meet the criteria to be viable node. Heaviness: 6
2019-09-19 16:59:09,196 [IPC Server handler 0 on 36020] ERROR pipeline.PipelinePlacementPolicy (PipelinePlacementPolicy.java:meetCriteria(91)) - Pipeline Placement: Doesn't meet the criteria to be viable node. Heaviness: 6
2019-09-19 16:59:09,196 [IPC Server handler 0 on 36020] ERROR pipeline.PipelinePlacementPolicy (PipelinePlacementPolicy.java:filterViableNodes(146)) - Unable to find enough nodes that meet the criteria that cannot engage in more than 5 pipelines. Nodes required: 3 Found: 0, healthy nodes count inNodeManager: 3.
2019-09-19 16:59:09,196 [IPC Server handler 0 on 36020] ERROR pipeline.SCMPipelineManager (SCMPipelineManager.java:createPipeline(161)) - Pipeline creation failed due to exception: Unable to find enough nodes that meet the criteria that cannot engage in more than 5 pipelines. Nodes required: 3 Found: 0, healthy nodes count inNodeManager: 3.
2019-09-19 16:59:09,196 [IPC Server handler 0 on 36020] WARN  block.BlockManagerImpl (BlockManagerImpl.java:allocateBlock(192)) - Pipeline creation failed for type:RATIS factor:THREE. Retrying get pipelines call once.
org.apache.hadoop.hdds.scm.exceptions.SCMException: Unable to find enough nodes that meet the criteria that cannot engage in more than 5 pipelines. Nodes required: 3 Found: 0, healthy nodes count inNodeManager: 3.
	at org.apache.hadoop.hdds.scm.pipeline.PipelinePlacementPolicy.filterViableNodes(PipelinePlacementPolicy.java:147)
	at org.apache.hadoop.hdds.scm.pipeline.PipelinePlacementPolicy.chooseDatanodes(PipelinePlacementPolicy.java:170)
	at org.apache.hadoop.hdds.scm.pipeline.RatisPipelineProvider.create(RatisPipelineProvider.java:92)
	at org.apache.hadoop.hdds.scm.pipeline.PipelineFactory.create(PipelineFactory.java:57)
	at org.apache.hadoop.hdds.scm.pipeline.SCMPipelineManager.createPipeline(SCMPipelineManager.java:149)
	at org.apache.hadoop.hdds.scm.block.BlockManagerImpl.allocateBlock(BlockManagerImpl.java:190)
	at org.apache.hadoop.hdds.scm.server.SCMBlockProtocolServer.allocateBlock(SCMBlockProtocolServer.java:175)
	at org.apache.hadoop.ozone.protocolPB.ScmBlockLocationProtocolServerSideTranslatorPB.allocateScmBlock(ScmBlockLocationProtocolServerSideTranslatorPB.java:153)
	at org.apache.hadoop.ozone.protocolPB.ScmBlockLocationProtocolServerSideTranslatorPB.send(ScmBlockLocationProtocolServerSideTranslatorPB.java:112)
	at org.apache.hadoop.hdds.protocol.proto.ScmBlockLocationProtocolProtos$ScmBlockLocationProtocolService$2.callBlockingMethod(ScmBlockLocationProtocolProtos.java:13157)
	at org.apache.hadoop.ipc.ProtobufRpcEngine$Server$ProtoBufRpcInvoker.call(ProtobufRpcEngine.java:524)
	at org.apache.hadoop.ipc.RPC$Server.call(RPC.java:1025)
	at org.apache.hadoop.ipc.Server$RpcCall.run(Server.java:876)
	at org.apache.hadoop.ipc.Server$RpcCall.run(Server.java:822)
	at java.security.AccessController.doPrivileged(Native Method)
	at javax.security.auth.Subject.doAs(Subject.java:422)
	at org.apache.hadoop.security.UserGroupInformation.doAs(UserGroupInformation.java:1730)
	at org.apache.hadoop.ipc.Server$Handler.run(Server.java:2682)
2019-09-19 16:59:09,197 [IPC Server handler 0 on 36020] INFO  block.BlockManagerImpl (BlockManagerImpl.java:allocateBlock(198)) - Could not find available pipeline of type:RATIS and factor:THREE even after retrying
2019-09-19 16:59:09,197 [IPC Server handler 0 on 36020] ERROR block.BlockManagerImpl (BlockManagerImpl.java:allocateBlock(222)) - Unable to allocate a block for the size: 4194304, type: RATIS, factor: THREE
2019-09-19 16:59:09,197 | INFO  | SCMAudit | user=jenkins1000 | ip=192.168.157.226 | op=ALLOCATE_BLOCK {owner=2f306355-e09c-4a8e-ad37-f9bc2c3286fd, size=4194304, type=RATIS, factor=THREE} | ret=SUCCESS |  
2019-09-19 16:59:09,202 | ERROR | OMAudit | user=jenkins1000 | ip=127.0.0.1 | op=ALLOCATE_KEY {volume=vol-0-22585, bucket=bucket-0-70622, key=key-0-90622, dataSize=20971520, replicationType=RATIS, replicationFactor=THREE, keyLocationInfo=null} | ret=FAILURE | org.apache.hadoop.hdds.scm.exceptions.SCMException: Allocated 0 blocks. Requested 5 blocks
	at org.apache.hadoop.hdds.scm.protocolPB.ScmBlockLocationProtocolClientSideTranslatorPB.handleError(ScmBlockLocationProtocolClientSideTranslatorPB.java:118)
	at org.apache.hadoop.hdds.scm.protocolPB.ScmBlockLocationProtocolClientSideTranslatorPB.allocateBlock(ScmBlockLocationProtocolClientSideTranslatorPB.java:156) 
2019-09-19 16:59:09,206 [pool-56-thread-4] ERROR freon.RandomKeyGenerator (RandomKeyGenerator.java:createKey(724)) - Exception while adding key: key-0-90622 in bucket: bucket-0-70622 of volume: vol-0-22585.
INTERNAL_ERROR org.apache.hadoop.ozone.om.exceptions.OMException: Allocated 0 blocks. Requested 5 blocks
	at org.apache.hadoop.ozone.om.protocolPB.OzoneManagerProtocolClientSideTranslatorPB.handleError(OzoneManagerProtocolClientSideTranslatorPB.java:725)
	at org.apache.hadoop.ozone.om.protocolPB.OzoneManagerProtocolClientSideTranslatorPB.openKey(OzoneManagerProtocolClientSideTranslatorPB.java:716)
	at org.apache.hadoop.ozone.client.rpc.RpcClient.createKey(RpcClient.java:615)
	at org.apache.hadoop.ozone.client.OzoneBucket.createKey(OzoneBucket.java:323)
	at org.apache.hadoop.ozone.freon.RandomKeyGenerator.createKey(RandomKeyGenerator.java:686)
	at org.apache.hadoop.ozone.freon.RandomKeyGenerator.access$1100(RandomKeyGenerator.java:87)
	at org.apache.hadoop.ozone.freon.RandomKeyGenerator$ObjectCreator.run(RandomKeyGenerator.java:606)
	at java.util.concurrent.Executors$RunnableAdapter.call(Executors.java:511)
	at java.util.concurrent.FutureTask.run(FutureTask.java:266)
	at java.util.concurrent.ThreadPoolExecutor.runWorker(ThreadPoolExecutor.java:1149)
	at java.util.concurrent.ThreadPoolExecutor$Worker.run(ThreadPoolExecutor.java:624)
	at java.lang.Thread.run(Thread.java:748)
2019-09-19 16:59:09,240 | INFO  | SCMAudit | user=jenkins1000 | ip=192.168.157.226 | op=SEND_HEARTBEAT {datanodeUUID=b3bdbde1-aba2-47af-9538-bc5ccd76a2e7, command=[]} | ret=SUCCESS |  
 0.00% |█                                                                                                    |  0/1 Time: 0:00:012019-09-19 16:59:09,754 | INFO  | SCMAudit | user=jenkins1000 | ip=192.168.157.226 | op=SEND_HEARTBEAT {datanodeUUID=de9189f1-401c-48ab-a01e-1e33ebb6cd5b, command=[]} | ret=SUCCESS |  
2019-09-19 16:59:09,811 [Thread-177] INFO  container.ReplicationManager (ReplicationManager.java:start(151)) - Starting Replication Monitor Thread.
2019-09-19 16:59:09,813 [ReplicationMonitor] INFO  container.ReplicationManager (ReplicationManager.java:run(214)) - Replication Monitor Thread took 0 milliseconds for processing 0 containers.
2019-09-19 16:59:10,005 | INFO  | SCMAudit | user=jenkins1000 | ip=192.168.157.226 | op=SEND_HEARTBEAT {datanodeUUID=85f39efa-eef7-4cc0-b720-9885e028acae, command=[]} | ret=SUCCESS |  
2019-09-19 16:59:10,247 | INFO  | SCMAudit | user=jenkins1000 | ip=192.168.157.226 | op=SEND_HEARTBEAT {datanodeUUID=b3bdbde1-aba2-47af-9538-bc5ccd76a2e7, command=[]} | ret=SUCCESS |  
 0.00% |█                                                                                                    |  0/1 Time: 0:00:022019-09-19 16:59:10,756 | INFO  | SCMAudit | user=jenkins1000 | ip=192.168.157.226 | op=SEND_HEARTBEAT {datanodeUUID=de9189f1-401c-48ab-a01e-1e33ebb6cd5b, command=[]} | ret=SUCCESS |  
2019-09-19 16:59:11,006 | INFO  | SCMAudit | user=jenkins1000 | ip=192.168.157.226 | op=SEND_HEARTBEAT {datanodeUUID=85f39efa-eef7-4cc0-b720-9885e028acae, command=[]} | ret=SUCCESS |  
2019-09-19 16:59:11,240 | INFO  | SCMAudit | user=jenkins1000 | ip=192.168.157.226 | op=SEND_HEARTBEAT {datanodeUUID=b3bdbde1-aba2-47af-9538-bc5ccd76a2e7, command=[]} | ret=SUCCESS |  
 0.00% |█                                                                                                    |  0/1 Time: 0:00:032019-09-19 16:59:11,755 | INFO  | SCMAudit | user=jenkins1000 | ip=192.168.157.226 | op=SEND_HEARTBEAT {datanodeUUID=de9189f1-401c-48ab-a01e-1e33ebb6cd5b, command=[]} | ret=SUCCESS |  
2019-09-19 16:59:12,006 | INFO  | SCMAudit | user=jenkins1000 | ip=192.168.157.226 | op=SEND_HEARTBEAT {datanodeUUID=85f39efa-eef7-4cc0-b720-9885e028acae, command=[]} | ret=SUCCESS |  
2019-09-19 16:59:12,240 | INFO  | SCMAudit | user=jenkins1000 | ip=192.168.157.226 | op=SEND_HEARTBEAT {datanodeUUID=b3bdbde1-aba2-47af-9538-bc5ccd76a2e7, command=[]} | ret=SUCCESS |  
 0.00% |█                                                                                                    |  0/1 Time: 0:00:042019-09-19 16:59:12,756 | INFO  | SCMAudit | user=jenkins1000 | ip=192.168.157.226 | op=SEND_HEARTBEAT {datanodeUUID=de9189f1-401c-48ab-a01e-1e33ebb6cd5b, command=[]} | ret=SUCCESS |  
2019-09-19 16:59:13,006 | INFO  | SCMAudit | user=jenkins1000 | ip=192.168.157.226 | op=SEND_HEARTBEAT {datanodeUUID=85f39efa-eef7-4cc0-b720-9885e028acae, command=[]} | ret=SUCCESS |  
2019-09-19 16:59:13,037 [Thread-179] INFO  impl.FollowerState (FollowerState.java:run(106)) - de9189f1-401c-48ab-a01e-1e33ebb6cd5b:group-035744759CE9 changes to CANDIDATE, lastRpcTime:5084, electionTimeout:5083ms
2019-09-19 16:59:13,037 [Thread-179] INFO  impl.RoleInfo (RoleInfo.java:shutdownFollowerState(121)) - de9189f1-401c-48ab-a01e-1e33ebb6cd5b: shutdown FollowerState
2019-09-19 16:59:13,037 [Thread-179] INFO  impl.RaftServerImpl (RaftServerImpl.java:setRole(171)) - de9189f1-401c-48ab-a01e-1e33ebb6cd5b:group-035744759CE9 changes role from FOLLOWER to CANDIDATE at term 0 for changeToCandidate
2019-09-19 16:59:13,044 [Thread-179] INFO  impl.RoleInfo (RoleInfo.java:updateAndGet(143)) - de9189f1-401c-48ab-a01e-1e33ebb6cd5b: start LeaderElection
2019-09-19 16:59:13,063 [de9189f1-401c-48ab-a01e-1e33ebb6cd5b:group-035744759CE9:LeaderElection1] INFO  impl.LeaderElection (LeaderElection.java:askForVotes(181)) - de9189f1-401c-48ab-a01e-1e33ebb6cd5b:group-035744759CE9:LeaderElection1: begin an election at term 1 for -1: [de9189f1-401c-48ab-a01e-1e33ebb6cd5b:192.168.157.226:40088], old=null
2019-09-19 16:59:13,065 [de9189f1-401c-48ab-a01e-1e33ebb6cd5b:group-035744759CE9:LeaderElection1] INFO  impl.RoleInfo (RoleInfo.java:shutdownLeaderElection(134)) - de9189f1-401c-48ab-a01e-1e33ebb6cd5b: shutdown LeaderElection
2019-09-19 16:59:13,066 [de9189f1-401c-48ab-a01e-1e33ebb6cd5b:group-035744759CE9:LeaderElection1] INFO  impl.RaftServerImpl (RaftServerImpl.java:setRole(171)) - de9189f1-401c-48ab-a01e-1e33ebb6cd5b:group-035744759CE9 changes role from CANDIDATE to LEADER at term 1 for changeToLeader
2019-09-19 16:59:13,066 [de9189f1-401c-48ab-a01e-1e33ebb6cd5b:group-035744759CE9:LeaderElection1] INFO  impl.RaftServerImpl (ServerState.java:setLeader(263)) - de9189f1-401c-48ab-a01e-1e33ebb6cd5b:group-035744759CE9 change Leader from null to de9189f1-401c-48ab-a01e-1e33ebb6cd5b at term 1 for becomeLeader, leader elected after 5200ms
2019-09-19 16:59:13,073 [de9189f1-401c-48ab-a01e-1e33ebb6cd5b:group-035744759CE9:LeaderElection1] INFO  server.RaftServerConfigKeys (ConfUtils.java:logGet(43)) - raft.server.staging.catchup.gap = 1000 (default)
2019-09-19 16:59:13,073 [de9189f1-401c-48ab-a01e-1e33ebb6cd5b:group-035744759CE9:LeaderElection1] INFO  server.RaftServerConfigKeys (ConfUtils.java:logGet(43)) - raft.server.rpc.sleep.time = 25ms (default)
2019-09-19 16:59:13,076 [de9189f1-401c-48ab-a01e-1e33ebb6cd5b:group-035744759CE9:LeaderElection1] INFO  server.RaftServerConfigKeys (ConfUtils.java:logGet(43)) - raft.server.write.element-limit = 4096 (default)
2019-09-19 16:59:13,079 [de9189f1-401c-48ab-a01e-1e33ebb6cd5b:group-035744759CE9:LeaderElection1] INFO  server.RaftServerConfigKeys (ConfUtils.java:logGet(43)) - raft.server.watch.timeout = 10s (default)
2019-09-19 16:59:13,079 [de9189f1-401c-48ab-a01e-1e33ebb6cd5b:group-035744759CE9:LeaderElection1] INFO  server.RaftServerConfigKeys (ConfUtils.java:logGet(43)) - raft.server.watch.timeout.denomination = 1s (default)
2019-09-19 16:59:13,080 [de9189f1-401c-48ab-a01e-1e33ebb6cd5b:group-035744759CE9:LeaderElection1] INFO  server.RaftServerConfigKeys (ConfUtils.java:logGet(43)) - raft.server.watch.element-limit = 65536 (default)
2019-09-19 16:59:13,089 [de9189f1-401c-48ab-a01e-1e33ebb6cd5b:group-035744759CE9:LeaderElection1] INFO  impl.RoleInfo (RoleInfo.java:updateAndGet(143)) - de9189f1-401c-48ab-a01e-1e33ebb6cd5b: start LeaderState
2019-09-19 16:59:13,111 [de9189f1-401c-48ab-a01e-1e33ebb6cd5b:group-035744759CE9:LeaderElection1] INFO  segmented.SegmentedRaftLogWorker (SegmentedRaftLogWorker.java:startLogSegment(380)) - de9189f1-401c-48ab-a01e-1e33ebb6cd5b-SegmentedRaftLogWorker:Storage Directory /workdir/hadoop-ozone/tools/target/test-dir/MiniOzoneClusterImpl-a5ac6908-1030-4589-81cf-eb895152b587/datanode-0/data/ratis/7008f42d-47b3-41a7-b79b-035744759ce9: Starting segment from index:0
2019-09-19 16:59:13,120 [de9189f1-401c-48ab-a01e-1e33ebb6cd5b:group-035744759CE9:LeaderElection1] INFO  impl.RaftServerImpl (ServerState.java:setRaftConf(361)) - de9189f1-401c-48ab-a01e-1e33ebb6cd5b:group-035744759CE9 set configuration 0: [de9189f1-401c-48ab-a01e-1e33ebb6cd5b:192.168.157.226:40088], old=null at 0
2019-09-19 16:59:13,174 [Thread-182] INFO  impl.FollowerState (FollowerState.java:run(106)) - de9189f1-401c-48ab-a01e-1e33ebb6cd5b:group-E00EEC5C59A3 changes to CANDIDATE, lastRpcTime:5100, electionTimeout:5100ms
2019-09-19 16:59:13,177 [Thread-182] INFO  impl.RoleInfo (RoleInfo.java:shutdownFollowerState(121)) - de9189f1-401c-48ab-a01e-1e33ebb6cd5b: shutdown FollowerState
2019-09-19 16:59:13,177 [Thread-182] INFO  impl.RaftServerImpl (RaftServerImpl.java:setRole(171)) - de9189f1-401c-48ab-a01e-1e33ebb6cd5b:group-E00EEC5C59A3 changes role from FOLLOWER to CANDIDATE at term 0 for changeToCandidate
2019-09-19 16:59:13,177 [Thread-182] INFO  impl.RoleInfo (RoleInfo.java:updateAndGet(143)) - de9189f1-401c-48ab-a01e-1e33ebb6cd5b: start LeaderElection
2019-09-19 16:59:13,196 [de9189f1-401c-48ab-a01e-1e33ebb6cd5b:group-E00EEC5C59A3:LeaderElection2] INFO  impl.LeaderElection (LeaderElection.java:askForVotes(181)) - de9189f1-401c-48ab-a01e-1e33ebb6cd5b:group-E00EEC5C59A3:LeaderElection2: begin an election at term 1 for -1: [de9189f1-401c-48ab-a01e-1e33ebb6cd5b:192.168.157.226:40088], old=null
2019-09-19 16:59:13,197 [de9189f1-401c-48ab-a01e-1e33ebb6cd5b:group-E00EEC5C59A3:LeaderElection2] INFO  impl.RoleInfo (RoleInfo.java:shutdownLeaderElection(134)) - de9189f1-401c-48ab-a01e-1e33ebb6cd5b: shutdown LeaderElection
2019-09-19 16:59:13,197 [de9189f1-401c-48ab-a01e-1e33ebb6cd5b:group-E00EEC5C59A3:LeaderElection2] INFO  impl.RaftServerImpl (RaftServerImpl.java:setRole(171)) - de9189f1-401c-48ab-a01e-1e33ebb6cd5b:group-E00EEC5C59A3 changes role from CANDIDATE to LEADER at term 1 for changeToLeader
2019-09-19 16:59:13,197 [de9189f1-401c-48ab-a01e-1e33ebb6cd5b:group-E00EEC5C59A3:LeaderElection2] INFO  impl.RaftServerImpl (ServerState.java:setLeader(263)) - de9189f1-401c-48ab-a01e-1e33ebb6cd5b:group-E00EEC5C59A3 change Leader from null to de9189f1-401c-48ab-a01e-1e33ebb6cd5b at term 1 for becomeLeader, leader elected after 5130ms
2019-09-19 16:59:13,198 [de9189f1-401c-48ab-a01e-1e33ebb6cd5b:group-E00EEC5C59A3:LeaderElection2] INFO  server.RaftServerConfigKeys (ConfUtils.java:logGet(43)) - raft.server.staging.catchup.gap = 1000 (default)
2019-09-19 16:59:13,198 [de9189f1-401c-48ab-a01e-1e33ebb6cd5b:group-E00EEC5C59A3:LeaderElection2] INFO  server.RaftServerConfigKeys (ConfUtils.java:logGet(43)) - raft.server.rpc.sleep.time = 25ms (default)
2019-09-19 16:59:13,198 [de9189f1-401c-48ab-a01e-1e33ebb6cd5b:group-E00EEC5C59A3:LeaderElection2] INFO  server.RaftServerConfigKeys (ConfUtils.java:logGet(43)) - raft.server.write.element-limit = 4096 (default)
2019-09-19 16:59:13,198 [de9189f1-401c-48ab-a01e-1e33ebb6cd5b:group-E00EEC5C59A3:LeaderElection2] INFO  server.RaftServerConfigKeys (ConfUtils.java:logGet(43)) - raft.server.watch.timeout = 10s (default)
2019-09-19 16:59:13,198 [de9189f1-401c-48ab-a01e-1e33ebb6cd5b:group-E00EEC5C59A3:LeaderElection2] INFO  server.RaftServerConfigKeys (ConfUtils.java:logGet(43)) - raft.server.watch.timeout.denomination = 1s (default)
2019-09-19 16:59:13,198 [de9189f1-401c-48ab-a01e-1e33ebb6cd5b:group-E00EEC5C59A3:LeaderElection2] INFO  server.RaftServerConfigKeys (ConfUtils.java:logGet(43)) - raft.server.watch.element-limit = 65536 (default)
2019-09-19 16:59:13,199 [de9189f1-401c-48ab-a01e-1e33ebb6cd5b:group-E00EEC5C59A3:LeaderElection2] INFO  impl.RoleInfo (RoleInfo.java:updateAndGet(143)) - de9189f1-401c-48ab-a01e-1e33ebb6cd5b: start LeaderState
2019-09-19 16:59:13,199 [de9189f1-401c-48ab-a01e-1e33ebb6cd5b:group-E00EEC5C59A3:LeaderElection2] INFO  segmented.SegmentedRaftLogWorker (SegmentedRaftLogWorker.java:startLogSegment(380)) - de9189f1-401c-48ab-a01e-1e33ebb6cd5b-SegmentedRaftLogWorker:Storage Directory /workdir/hadoop-ozone/tools/target/test-dir/MiniOzoneClusterImpl-a5ac6908-1030-4589-81cf-eb895152b587/datanode-0/data/ratis/8b2edba7-2ab9-4b08-841f-e00eec5c59a3: Starting segment from index:0
2019-09-19 16:59:13,200 [de9189f1-401c-48ab-a01e-1e33ebb6cd5b:group-E00EEC5C59A3:LeaderElection2] INFO  impl.RaftServerImpl (ServerState.java:setRaftConf(361)) - de9189f1-401c-48ab-a01e-1e33ebb6cd5b:group-E00EEC5C59A3 set configuration 0: [de9189f1-401c-48ab-a01e-1e33ebb6cd5b:192.168.157.226:40088], old=null at 0
2019-09-19 16:59:13,217 [Thread-185] INFO  impl.FollowerState (FollowerState.java:run(106)) - b3bdbde1-aba2-47af-9538-bc5ccd76a2e7:group-9D6BE7A02AE6 changes to CANDIDATE, lastRpcTime:5040, electionTimeout:5039ms
2019-09-19 16:59:13,217 [Thread-185] INFO  impl.RoleInfo (RoleInfo.java:shutdownFollowerState(121)) - b3bdbde1-aba2-47af-9538-bc5ccd76a2e7: shutdown FollowerState
2019-09-19 16:59:13,217 [Thread-185] INFO  impl.RaftServerImpl (RaftServerImpl.java:setRole(171)) - b3bdbde1-aba2-47af-9538-bc5ccd76a2e7:group-9D6BE7A02AE6 changes role from FOLLOWER to CANDIDATE at term 0 for changeToCandidate
2019-09-19 16:59:13,217 [Thread-185] INFO  impl.RoleInfo (RoleInfo.java:updateAndGet(143)) - b3bdbde1-aba2-47af-9538-bc5ccd76a2e7: start LeaderElection
2019-09-19 16:59:13,234 [b3bdbde1-aba2-47af-9538-bc5ccd76a2e7:group-9D6BE7A02AE6:LeaderElection3] INFO  impl.LeaderElection (LeaderElection.java:askForVotes(181)) - b3bdbde1-aba2-47af-9538-bc5ccd76a2e7:group-9D6BE7A02AE6:LeaderElection3: begin an election at term 1 for -1: [b3bdbde1-aba2-47af-9538-bc5ccd76a2e7:192.168.157.226:45771], old=null
2019-09-19 16:59:13,234 [b3bdbde1-aba2-47af-9538-bc5ccd76a2e7:group-9D6BE7A02AE6:LeaderElection3] INFO  impl.RoleInfo (RoleInfo.java:shutdownLeaderElection(134)) - b3bdbde1-aba2-47af-9538-bc5ccd76a2e7: shutdown LeaderElection
2019-09-19 16:59:13,234 [b3bdbde1-aba2-47af-9538-bc5ccd76a2e7:group-9D6BE7A02AE6:LeaderElection3] INFO  impl.RaftServerImpl (RaftServerImpl.java:setRole(171)) - b3bdbde1-aba2-47af-9538-bc5ccd76a2e7:group-9D6BE7A02AE6 changes role from CANDIDATE to LEADER at term 1 for changeToLeader
2019-09-19 16:59:13,234 [b3bdbde1-aba2-47af-9538-bc5ccd76a2e7:group-9D6BE7A02AE6:LeaderElection3] INFO  impl.RaftServerImpl (ServerState.java:setLeader(263)) - b3bdbde1-aba2-47af-9538-bc5ccd76a2e7:group-9D6BE7A02AE6 change Leader from null to b3bdbde1-aba2-47af-9538-bc5ccd76a2e7 at term 1 for becomeLeader, leader elected after 5063ms
2019-09-19 16:59:13,234 [b3bdbde1-aba2-47af-9538-bc5ccd76a2e7:group-9D6BE7A02AE6:LeaderElection3] INFO  server.RaftServerConfigKeys (ConfUtils.java:logGet(43)) - raft.server.staging.catchup.gap = 1000 (default)
2019-09-19 16:59:13,234 [b3bdbde1-aba2-47af-9538-bc5ccd76a2e7:group-9D6BE7A02AE6:LeaderElection3] INFO  server.RaftServerConfigKeys (ConfUtils.java:logGet(43)) - raft.server.rpc.sleep.time = 25ms (default)
2019-09-19 16:59:13,235 [b3bdbde1-aba2-47af-9538-bc5ccd76a2e7:group-9D6BE7A02AE6:LeaderElection3] INFO  server.RaftServerConfigKeys (ConfUtils.java:logGet(43)) - raft.server.write.element-limit = 4096 (default)
2019-09-19 16:59:13,235 [b3bdbde1-aba2-47af-9538-bc5ccd76a2e7:group-9D6BE7A02AE6:LeaderElection3] INFO  server.RaftServerConfigKeys (ConfUtils.java:logGet(43)) - raft.server.watch.timeout = 10s (default)
2019-09-19 16:59:13,235 [b3bdbde1-aba2-47af-9538-bc5ccd76a2e7:group-9D6BE7A02AE6:LeaderElection3] INFO  server.RaftServerConfigKeys (ConfUtils.java:logGet(43)) - raft.server.watch.timeout.denomination = 1s (default)
2019-09-19 16:59:13,235 [b3bdbde1-aba2-47af-9538-bc5ccd76a2e7:group-9D6BE7A02AE6:LeaderElection3] INFO  server.RaftServerConfigKeys (ConfUtils.java:logGet(43)) - raft.server.watch.element-limit = 65536 (default)
2019-09-19 16:59:13,235 [b3bdbde1-aba2-47af-9538-bc5ccd76a2e7:group-9D6BE7A02AE6:LeaderElection3] INFO  impl.RoleInfo (RoleInfo.java:updateAndGet(143)) - b3bdbde1-aba2-47af-9538-bc5ccd76a2e7: start LeaderState
2019-09-19 16:59:13,236 [b3bdbde1-aba2-47af-9538-bc5ccd76a2e7:group-9D6BE7A02AE6:LeaderElection3] INFO  segmented.SegmentedRaftLogWorker (SegmentedRaftLogWorker.java:startLogSegment(380)) - b3bdbde1-aba2-47af-9538-bc5ccd76a2e7-SegmentedRaftLogWorker:Storage Directory /workdir/hadoop-ozone/tools/target/test-dir/MiniOzoneClusterImpl-a5ac6908-1030-4589-81cf-eb895152b587/datanode-2/data/ratis/59bdc7fd-3aa7-44a0-9523-9d6be7a02ae6: Starting segment from index:0
2019-09-19 16:59:13,236 [b3bdbde1-aba2-47af-9538-bc5ccd76a2e7:group-9D6BE7A02AE6:LeaderElection3] INFO  impl.RaftServerImpl (ServerState.java:setRaftConf(361)) - b3bdbde1-aba2-47af-9538-bc5ccd76a2e7:group-9D6BE7A02AE6 set configuration 0: [b3bdbde1-aba2-47af-9538-bc5ccd76a2e7:192.168.157.226:45771], old=null at 0
2019-09-19 16:59:13,240 | INFO  | SCMAudit | user=jenkins1000 | ip=192.168.157.226 | op=SEND_HEARTBEAT {datanodeUUID=b3bdbde1-aba2-47af-9538-bc5ccd76a2e7, command=[]} | ret=SUCCESS |  
2019-09-19 16:59:13,322 [de9189f1-401c-48ab-a01e-1e33ebb6cd5b-SegmentedRaftLogWorker:Storage Directory /workdir/hadoop-ozone/tools/target/test-dir/MiniOzoneClusterImpl-a5ac6908-1030-4589-81cf-eb895152b587/datanode-0/data/ratis/7008f42d-47b3-41a7-b79b-035744759ce9] INFO  segmented.SegmentedRaftLogWorker (SegmentedRaftLogWorker.java:execute(569)) - de9189f1-401c-48ab-a01e-1e33ebb6cd5b-SegmentedRaftLogWorker:Storage Directory /workdir/hadoop-ozone/tools/target/test-dir/MiniOzoneClusterImpl-a5ac6908-1030-4589-81cf-eb895152b587/datanode-0/data/ratis/7008f42d-47b3-41a7-b79b-035744759ce9: created new log segment /workdir/hadoop-ozone/tools/target/test-dir/MiniOzoneClusterImpl-a5ac6908-1030-4589-81cf-eb895152b587/datanode-0/data/ratis/7008f42d-47b3-41a7-b79b-035744759ce9/current/log_inprogress_0
2019-09-19 16:59:13,340 [b3bdbde1-aba2-47af-9538-bc5ccd76a2e7-SegmentedRaftLogWorker:Storage Directory /workdir/hadoop-ozone/tools/target/test-dir/MiniOzoneClusterImpl-a5ac6908-1030-4589-81cf-eb895152b587/datanode-2/data/ratis/59bdc7fd-3aa7-44a0-9523-9d6be7a02ae6] INFO  segmented.SegmentedRaftLogWorker (SegmentedRaftLogWorker.java:execute(569)) - b3bdbde1-aba2-47af-9538-bc5ccd76a2e7-SegmentedRaftLogWorker:Storage Directory /workdir/hadoop-ozone/tools/target/test-dir/MiniOzoneClusterImpl-a5ac6908-1030-4589-81cf-eb895152b587/datanode-2/data/ratis/59bdc7fd-3aa7-44a0-9523-9d6be7a02ae6: created new log segment /workdir/hadoop-ozone/tools/target/test-dir/MiniOzoneClusterImpl-a5ac6908-1030-4589-81cf-eb895152b587/datanode-2/data/ratis/59bdc7fd-3aa7-44a0-9523-9d6be7a02ae6/current/log_inprogress_0
2019-09-19 16:59:13,340 [de9189f1-401c-48ab-a01e-1e33ebb6cd5b-SegmentedRaftLogWorker:Storage Directory /workdir/hadoop-ozone/tools/target/test-dir/MiniOzoneClusterImpl-a5ac6908-1030-4589-81cf-eb895152b587/datanode-0/data/ratis/8b2edba7-2ab9-4b08-841f-e00eec5c59a3] INFO  segmented.SegmentedRaftLogWorker (SegmentedRaftLogWorker.java:execute(569)) - de9189f1-401c-48ab-a01e-1e33ebb6cd5b-SegmentedRaftLogWorker:Storage Directory /workdir/hadoop-ozone/tools/target/test-dir/MiniOzoneClusterImpl-a5ac6908-1030-4589-81cf-eb895152b587/datanode-0/data/ratis/8b2edba7-2ab9-4b08-841f-e00eec5c59a3: created new log segment /workdir/hadoop-ozone/tools/target/test-dir/MiniOzoneClusterImpl-a5ac6908-1030-4589-81cf-eb895152b587/datanode-0/data/ratis/8b2edba7-2ab9-4b08-841f-e00eec5c59a3/current/log_inprogress_0
2019-09-19 16:59:13,406 [Thread-195] INFO  impl.FollowerState (FollowerState.java:run(106)) - de9189f1-401c-48ab-a01e-1e33ebb6cd5b:group-C58B23824DB6 changes to CANDIDATE, lastRpcTime:5007, electionTimeout:5007ms
2019-09-19 16:59:13,412 [Thread-195] INFO  impl.RoleInfo (RoleInfo.java:shutdownFollowerState(121)) - de9189f1-401c-48ab-a01e-1e33ebb6cd5b: shutdown FollowerState
2019-09-19 16:59:13,412 [Thread-195] INFO  impl.RaftServerImpl (RaftServerImpl.java:setRole(171)) - de9189f1-401c-48ab-a01e-1e33ebb6cd5b:group-C58B23824DB6 changes role from FOLLOWER to CANDIDATE at term 0 for changeToCandidate
2019-09-19 16:59:13,412 [Thread-195] INFO  impl.RoleInfo (RoleInfo.java:updateAndGet(143)) - de9189f1-401c-48ab-a01e-1e33ebb6cd5b: start LeaderElection
2019-09-19 16:59:13,429 [de9189f1-401c-48ab-a01e-1e33ebb6cd5b:group-C58B23824DB6:LeaderElection4] INFO  impl.LeaderElection (LeaderElection.java:askForVotes(181)) - de9189f1-401c-48ab-a01e-1e33ebb6cd5b:group-C58B23824DB6:LeaderElection4: begin an election at term 1 for -1: [de9189f1-401c-48ab-a01e-1e33ebb6cd5b:192.168.157.226:40088], old=null
2019-09-19 16:59:13,430 [de9189f1-401c-48ab-a01e-1e33ebb6cd5b:group-C58B23824DB6:LeaderElection4] INFO  impl.RoleInfo (RoleInfo.java:shutdownLeaderElection(134)) - de9189f1-401c-48ab-a01e-1e33ebb6cd5b: shutdown LeaderElection
2019-09-19 16:59:13,431 [de9189f1-401c-48ab-a01e-1e33ebb6cd5b:group-C58B23824DB6:LeaderElection4] INFO  impl.RaftServerImpl (RaftServerImpl.java:setRole(171)) - de9189f1-401c-48ab-a01e-1e33ebb6cd5b:group-C58B23824DB6 changes role from CANDIDATE to LEADER at term 1 for changeToLeader
2019-09-19 16:59:13,431 [de9189f1-401c-48ab-a01e-1e33ebb6cd5b:group-C58B23824DB6:LeaderElection4] INFO  impl.RaftServerImpl (ServerState.java:setLeader(263)) - de9189f1-401c-48ab-a01e-1e33ebb6cd5b:group-C58B23824DB6 change Leader from null to de9189f1-401c-48ab-a01e-1e33ebb6cd5b at term 1 for becomeLeader, leader elected after 5036ms
2019-09-19 16:59:13,431 [de9189f1-401c-48ab-a01e-1e33ebb6cd5b:group-C58B23824DB6:LeaderElection4] INFO  server.RaftServerConfigKeys (ConfUtils.java:logGet(43)) - raft.server.staging.catchup.gap = 1000 (default)
2019-09-19 16:59:13,431 [de9189f1-401c-48ab-a01e-1e33ebb6cd5b:group-C58B23824DB6:LeaderElection4] INFO  server.RaftServerConfigKeys (ConfUtils.java:logGet(43)) - raft.server.rpc.sleep.time = 25ms (default)
2019-09-19 16:59:13,431 [de9189f1-401c-48ab-a01e-1e33ebb6cd5b:group-C58B23824DB6:LeaderElection4] INFO  server.RaftServerConfigKeys (ConfUtils.java:logGet(43)) - raft.server.write.element-limit = 4096 (default)
2019-09-19 16:59:13,432 [de9189f1-401c-48ab-a01e-1e33ebb6cd5b:group-C58B23824DB6:LeaderElection4] INFO  server.RaftServerConfigKeys (ConfUtils.java:logGet(43)) - raft.server.watch.timeout = 10s (default)
2019-09-19 16:59:13,432 [de9189f1-401c-48ab-a01e-1e33ebb6cd5b:group-C58B23824DB6:LeaderElection4] INFO  server.RaftServerConfigKeys (ConfUtils.java:logGet(43)) - raft.server.watch.timeout.denomination = 1s (default)
2019-09-19 16:59:13,432 [de9189f1-401c-48ab-a01e-1e33ebb6cd5b:group-C58B23824DB6:LeaderElection4] INFO  server.RaftServerConfigKeys (ConfUtils.java:logGet(43)) - raft.server.watch.element-limit = 65536 (default)
2019-09-19 16:59:13,432 [de9189f1-401c-48ab-a01e-1e33ebb6cd5b:group-C58B23824DB6:LeaderElection4] INFO  impl.RoleInfo (RoleInfo.java:updateAndGet(143)) - de9189f1-401c-48ab-a01e-1e33ebb6cd5b: start LeaderState
2019-09-19 16:59:13,433 [de9189f1-401c-48ab-a01e-1e33ebb6cd5b:group-C58B23824DB6:LeaderElection4] INFO  segmented.SegmentedRaftLogWorker (SegmentedRaftLogWorker.java:startLogSegment(380)) - de9189f1-401c-48ab-a01e-1e33ebb6cd5b-SegmentedRaftLogWorker:Storage Directory /workdir/hadoop-ozone/tools/target/test-dir/MiniOzoneClusterImpl-a5ac6908-1030-4589-81cf-eb895152b587/datanode-0/data/ratis/76f8d515-c6bb-4f3f-bc54-c58b23824db6: Starting segment from index:0
2019-09-19 16:59:13,433 [de9189f1-401c-48ab-a01e-1e33ebb6cd5b:group-C58B23824DB6:LeaderElection4] INFO  impl.RaftServerImpl (ServerState.java:setRaftConf(361)) - de9189f1-401c-48ab-a01e-1e33ebb6cd5b:group-C58B23824DB6 set configuration 0: [de9189f1-401c-48ab-a01e-1e33ebb6cd5b:192.168.157.226:40088], old=null at 0
2019-09-19 16:59:13,475 [Thread-188] INFO  impl.FollowerState (FollowerState.java:run(106)) - 85f39efa-eef7-4cc0-b720-9885e028acae:group-265593F526F7 changes to CANDIDATE, lastRpcTime:5219, electionTimeout:5200ms
2019-09-19 16:59:13,475 [Thread-192] INFO  impl.FollowerState (FollowerState.java:run(106)) - 85f39efa-eef7-4cc0-b720-9885e028acae:group-F69A5280F9D8 changes to CANDIDATE, lastRpcTime:5140, electionTimeout:5102ms
2019-09-19 16:59:13,475 [Thread-188] INFO  impl.RoleInfo (RoleInfo.java:shutdownFollowerState(121)) - 85f39efa-eef7-4cc0-b720-9885e028acae: shutdown FollowerState
2019-09-19 16:59:13,476 [Thread-192] INFO  impl.RoleInfo (RoleInfo.java:shutdownFollowerState(121)) - 85f39efa-eef7-4cc0-b720-9885e028acae: shutdown FollowerState
2019-09-19 16:59:13,476 [Thread-188] INFO  impl.RaftServerImpl (RaftServerImpl.java:setRole(171)) - 85f39efa-eef7-4cc0-b720-9885e028acae:group-265593F526F7 changes role from FOLLOWER to CANDIDATE at term 0 for changeToCandidate
2019-09-19 16:59:13,476 [Thread-192] INFO  impl.RaftServerImpl (RaftServerImpl.java:setRole(171)) - 85f39efa-eef7-4cc0-b720-9885e028acae:group-F69A5280F9D8 changes role from FOLLOWER to CANDIDATE at term 0 for changeToCandidate
2019-09-19 16:59:13,476 [Thread-188] INFO  impl.RoleInfo (RoleInfo.java:updateAndGet(143)) - 85f39efa-eef7-4cc0-b720-9885e028acae: start LeaderElection
2019-09-19 16:59:13,476 [Thread-192] INFO  impl.RoleInfo (RoleInfo.java:updateAndGet(143)) - 85f39efa-eef7-4cc0-b720-9885e028acae: start LeaderElection
2019-09-19 16:59:13,488 [de9189f1-401c-48ab-a01e-1e33ebb6cd5b-SegmentedRaftLogWorker:Storage Directory /workdir/hadoop-ozone/tools/target/test-dir/MiniOzoneClusterImpl-a5ac6908-1030-4589-81cf-eb895152b587/datanode-0/data/ratis/76f8d515-c6bb-4f3f-bc54-c58b23824db6] INFO  segmented.SegmentedRaftLogWorker (SegmentedRaftLogWorker.java:execute(569)) - de9189f1-401c-48ab-a01e-1e33ebb6cd5b-SegmentedRaftLogWorker:Storage Directory /workdir/hadoop-ozone/tools/target/test-dir/MiniOzoneClusterImpl-a5ac6908-1030-4589-81cf-eb895152b587/datanode-0/data/ratis/76f8d515-c6bb-4f3f-bc54-c58b23824db6: created new log segment /workdir/hadoop-ozone/tools/target/test-dir/MiniOzoneClusterImpl-a5ac6908-1030-4589-81cf-eb895152b587/datanode-0/data/ratis/76f8d515-c6bb-4f3f-bc54-c58b23824db6/current/log_inprogress_0
2019-09-19 16:59:13,488 [85f39efa-eef7-4cc0-b720-9885e028acae:group-265593F526F7:LeaderElection5] INFO  impl.LeaderElection (LeaderElection.java:askForVotes(181)) - 85f39efa-eef7-4cc0-b720-9885e028acae:group-265593F526F7:LeaderElection5: begin an election at term 1 for -1: [85f39efa-eef7-4cc0-b720-9885e028acae:192.168.157.226:41642], old=null
2019-09-19 16:59:13,488 [85f39efa-eef7-4cc0-b720-9885e028acae:group-F69A5280F9D8:LeaderElection6] INFO  impl.LeaderElection (LeaderElection.java:askForVotes(181)) - 85f39efa-eef7-4cc0-b720-9885e028acae:group-F69A5280F9D8:LeaderElection6: begin an election at term 1 for -1: [85f39efa-eef7-4cc0-b720-9885e028acae:192.168.157.226:41642], old=null
2019-09-19 16:59:13,490 [85f39efa-eef7-4cc0-b720-9885e028acae:group-F69A5280F9D8:LeaderElection6] INFO  impl.RoleInfo (RoleInfo.java:shutdownLeaderElection(134)) - 85f39efa-eef7-4cc0-b720-9885e028acae: shutdown LeaderElection
2019-09-19 16:59:13,490 [85f39efa-eef7-4cc0-b720-9885e028acae:group-265593F526F7:LeaderElection5] INFO  impl.RoleInfo (RoleInfo.java:shutdownLeaderElection(134)) - 85f39efa-eef7-4cc0-b720-9885e028acae: shutdown LeaderElection
2019-09-19 16:59:13,490 [85f39efa-eef7-4cc0-b720-9885e028acae:group-F69A5280F9D8:LeaderElection6] INFO  impl.RaftServerImpl (RaftServerImpl.java:setRole(171)) - 85f39efa-eef7-4cc0-b720-9885e028acae:group-F69A5280F9D8 changes role from CANDIDATE to LEADER at term 1 for changeToLeader
2019-09-19 16:59:13,490 [85f39efa-eef7-4cc0-b720-9885e028acae:group-265593F526F7:LeaderElection5] INFO  impl.RaftServerImpl (RaftServerImpl.java:setRole(171)) - 85f39efa-eef7-4cc0-b720-9885e028acae:group-265593F526F7 changes role from CANDIDATE to LEADER at term 1 for changeToLeader
2019-09-19 16:59:13,490 [85f39efa-eef7-4cc0-b720-9885e028acae:group-F69A5280F9D8:LeaderElection6] INFO  impl.RaftServerImpl (ServerState.java:setLeader(263)) - 85f39efa-eef7-4cc0-b720-9885e028acae:group-F69A5280F9D8 change Leader from null to 85f39efa-eef7-4cc0-b720-9885e028acae at term 1 for becomeLeader, leader elected after 5159ms
2019-09-19 16:59:13,491 [85f39efa-eef7-4cc0-b720-9885e028acae:group-265593F526F7:LeaderElection5] INFO  impl.RaftServerImpl (ServerState.java:setLeader(263)) - 85f39efa-eef7-4cc0-b720-9885e028acae:group-265593F526F7 change Leader from null to 85f39efa-eef7-4cc0-b720-9885e028acae at term 1 for becomeLeader, leader elected after 5245ms
2019-09-19 16:59:13,491 [85f39efa-eef7-4cc0-b720-9885e028acae:group-F69A5280F9D8:LeaderElection6] INFO  server.RaftServerConfigKeys (ConfUtils.java:logGet(43)) - raft.server.staging.catchup.gap = 1000 (default)
2019-09-19 16:59:13,491 [85f39efa-eef7-4cc0-b720-9885e028acae:group-265593F526F7:LeaderElection5] INFO  server.RaftServerConfigKeys (ConfUtils.java:logGet(43)) - raft.server.staging.catchup.gap = 1000 (default)
2019-09-19 16:59:13,491 [85f39efa-eef7-4cc0-b720-9885e028acae:group-F69A5280F9D8:LeaderElection6] INFO  server.RaftServerConfigKeys (ConfUtils.java:logGet(43)) - raft.server.rpc.sleep.time = 25ms (default)
2019-09-19 16:59:13,491 [85f39efa-eef7-4cc0-b720-9885e028acae:group-265593F526F7:LeaderElection5] INFO  server.RaftServerConfigKeys (ConfUtils.java:logGet(43)) - raft.server.rpc.sleep.time = 25ms (default)
2019-09-19 16:59:13,491 [85f39efa-eef7-4cc0-b720-9885e028acae:group-F69A5280F9D8:LeaderElection6] INFO  server.RaftServerConfigKeys (ConfUtils.java:logGet(43)) - raft.server.write.element-limit = 4096 (default)
2019-09-19 16:59:13,492 [85f39efa-eef7-4cc0-b720-9885e028acae:group-265593F526F7:LeaderElection5] INFO  server.RaftServerConfigKeys (ConfUtils.java:logGet(43)) - raft.server.write.element-limit = 4096 (default)
2019-09-19 16:59:13,492 [85f39efa-eef7-4cc0-b720-9885e028acae:group-F69A5280F9D8:LeaderElection6] INFO  server.RaftServerConfigKeys (ConfUtils.java:logGet(43)) - raft.server.watch.timeout = 10s (default)
2019-09-19 16:59:13,492 [Thread-198] INFO  impl.FollowerState (FollowerState.java:run(106)) - 85f39efa-eef7-4cc0-b720-9885e028acae:group-01D37AD81B90 changes to CANDIDATE, lastRpcTime:5023, electionTimeout:5023ms
2019-09-19 16:59:13,492 [85f39efa-eef7-4cc0-b720-9885e028acae:group-F69A5280F9D8:LeaderElection6] INFO  server.RaftServerConfigKeys (ConfUtils.java:logGet(43)) - raft.server.watch.timeout.denomination = 1s (default)
2019-09-19 16:59:13,492 [85f39efa-eef7-4cc0-b720-9885e028acae:group-265593F526F7:LeaderElection5] INFO  server.RaftServerConfigKeys (ConfUtils.java:logGet(43)) - raft.server.watch.timeout = 10s (default)
2019-09-19 16:59:13,492 [85f39efa-eef7-4cc0-b720-9885e028acae:group-F69A5280F9D8:LeaderElection6] INFO  server.RaftServerConfigKeys (ConfUtils.java:logGet(43)) - raft.server.watch.element-limit = 65536 (default)
2019-09-19 16:59:13,492 [Thread-198] INFO  impl.RoleInfo (RoleInfo.java:shutdownFollowerState(121)) - 85f39efa-eef7-4cc0-b720-9885e028acae: shutdown FollowerState
2019-09-19 16:59:13,493 [85f39efa-eef7-4cc0-b720-9885e028acae:group-265593F526F7:LeaderElection5] INFO  server.RaftServerConfigKeys (ConfUtils.java:logGet(43)) - raft.server.watch.timeout.denomination = 1s (default)
2019-09-19 16:59:13,493 [85f39efa-eef7-4cc0-b720-9885e028acae:group-F69A5280F9D8:LeaderElection6] INFO  impl.RoleInfo (RoleInfo.java:updateAndGet(143)) - 85f39efa-eef7-4cc0-b720-9885e028acae: start LeaderState
2019-09-19 16:59:13,493 [Thread-198] INFO  impl.RaftServerImpl (RaftServerImpl.java:setRole(171)) - 85f39efa-eef7-4cc0-b720-9885e028acae:group-01D37AD81B90 changes role from FOLLOWER to CANDIDATE at term 0 for changeToCandidate
2019-09-19 16:59:13,493 [85f39efa-eef7-4cc0-b720-9885e028acae:group-265593F526F7:LeaderElection5] INFO  server.RaftServerConfigKeys (ConfUtils.java:logGet(43)) - raft.server.watch.element-limit = 65536 (default)
2019-09-19 16:59:13,493 [Thread-198] INFO  impl.RoleInfo (RoleInfo.java:updateAndGet(143)) - 85f39efa-eef7-4cc0-b720-9885e028acae: start LeaderElection
2019-09-19 16:59:13,493 [85f39efa-eef7-4cc0-b720-9885e028acae:group-F69A5280F9D8:LeaderElection6] INFO  segmented.SegmentedRaftLogWorker (SegmentedRaftLogWorker.java:startLogSegment(380)) - 85f39efa-eef7-4cc0-b720-9885e028acae-SegmentedRaftLogWorker:Storage Directory /workdir/hadoop-ozone/tools/target/test-dir/MiniOzoneClusterImpl-a5ac6908-1030-4589-81cf-eb895152b587/datanode-1/data/ratis/1a580696-e158-41b6-981c-f69a5280f9d8: Starting segment from index:0
2019-09-19 16:59:13,494 [85f39efa-eef7-4cc0-b720-9885e028acae:group-265593F526F7:LeaderElection5] INFO  impl.RoleInfo (RoleInfo.java:updateAndGet(143)) - 85f39efa-eef7-4cc0-b720-9885e028acae: start LeaderState
2019-09-19 16:59:13,496 [85f39efa-eef7-4cc0-b720-9885e028acae:group-F69A5280F9D8:LeaderElection6] INFO  impl.RaftServerImpl (ServerState.java:setRaftConf(361)) - 85f39efa-eef7-4cc0-b720-9885e028acae:group-F69A5280F9D8 set configuration 0: [85f39efa-eef7-4cc0-b720-9885e028acae:192.168.157.226:41642], old=null at 0
2019-09-19 16:59:13,528 [85f39efa-eef7-4cc0-b720-9885e028acae:group-265593F526F7:LeaderElection5] INFO  segmented.SegmentedRaftLogWorker (SegmentedRaftLogWorker.java:startLogSegment(380)) - 85f39efa-eef7-4cc0-b720-9885e028acae-SegmentedRaftLogWorker:Storage Directory /workdir/hadoop-ozone/tools/target/test-dir/MiniOzoneClusterImpl-a5ac6908-1030-4589-81cf-eb895152b587/datanode-1/data/ratis/3d0cb933-03c7-49e3-a11c-265593f526f7: Starting segment from index:0
2019-09-19 16:59:13,530 [85f39efa-eef7-4cc0-b720-9885e028acae:group-265593F526F7:LeaderElection5] INFO  impl.RaftServerImpl (ServerState.java:setRaftConf(361)) - 85f39efa-eef7-4cc0-b720-9885e028acae:group-265593F526F7 set configuration 0: [85f39efa-eef7-4cc0-b720-9885e028acae:192.168.157.226:41642], old=null at 0
2019-09-19 16:59:13,570 [85f39efa-eef7-4cc0-b720-9885e028acae-SegmentedRaftLogWorker:Storage Directory /workdir/hadoop-ozone/tools/target/test-dir/MiniOzoneClusterImpl-a5ac6908-1030-4589-81cf-eb895152b587/datanode-1/data/ratis/1a580696-e158-41b6-981c-f69a5280f9d8] INFO  segmented.SegmentedRaftLogWorker (SegmentedRaftLogWorker.java:execute(569)) - 85f39efa-eef7-4cc0-b720-9885e028acae-SegmentedRaftLogWorker:Storage Directory /workdir/hadoop-ozone/tools/target/test-dir/MiniOzoneClusterImpl-a5ac6908-1030-4589-81cf-eb895152b587/datanode-1/data/ratis/1a580696-e158-41b6-981c-f69a5280f9d8: created new log segment /workdir/hadoop-ozone/tools/target/test-dir/MiniOzoneClusterImpl-a5ac6908-1030-4589-81cf-eb895152b587/datanode-1/data/ratis/1a580696-e158-41b6-981c-f69a5280f9d8/current/log_inprogress_0
2019-09-19 16:59:13,570 [85f39efa-eef7-4cc0-b720-9885e028acae:group-01D37AD81B90:LeaderElection7] INFO  impl.LeaderElection (LeaderElection.java:askForVotes(181)) - 85f39efa-eef7-4cc0-b720-9885e028acae:group-01D37AD81B90:LeaderElection7: begin an election at term 1 for -1: [85f39efa-eef7-4cc0-b720-9885e028acae:192.168.157.226:41642], old=null
2019-09-19 16:59:13,570 [85f39efa-eef7-4cc0-b720-9885e028acae:group-01D37AD81B90:LeaderElection7] INFO  impl.RoleInfo (RoleInfo.java:shutdownLeaderElection(134)) - 85f39efa-eef7-4cc0-b720-9885e028acae: shutdown LeaderElection
2019-09-19 16:59:13,570 [85f39efa-eef7-4cc0-b720-9885e028acae:group-01D37AD81B90:LeaderElection7] INFO  impl.RaftServerImpl (RaftServerImpl.java:setRole(171)) - 85f39efa-eef7-4cc0-b720-9885e028acae:group-01D37AD81B90 changes role from CANDIDATE to LEADER at term 1 for changeToLeader
2019-09-19 16:59:13,570 [85f39efa-eef7-4cc0-b720-9885e028acae:group-01D37AD81B90:LeaderElection7] INFO  impl.RaftServerImpl (ServerState.java:setLeader(263)) - 85f39efa-eef7-4cc0-b720-9885e028acae:group-01D37AD81B90 change Leader from null to 85f39efa-eef7-4cc0-b720-9885e028acae at term 1 for becomeLeader, leader elected after 5107ms
2019-09-19 16:59:13,571 [85f39efa-eef7-4cc0-b720-9885e028acae:group-01D37AD81B90:LeaderElection7] INFO  server.RaftServerConfigKeys (ConfUtils.java:logGet(43)) - raft.server.staging.catchup.gap = 1000 (default)
2019-09-19 16:59:13,571 [85f39efa-eef7-4cc0-b720-9885e028acae:group-01D37AD81B90:LeaderElection7] INFO  server.RaftServerConfigKeys (ConfUtils.java:logGet(43)) - raft.server.rpc.sleep.time = 25ms (default)
2019-09-19 16:59:13,571 [85f39efa-eef7-4cc0-b720-9885e028acae:group-01D37AD81B90:LeaderElection7] INFO  server.RaftServerConfigKeys (ConfUtils.java:logGet(43)) - raft.server.write.element-limit = 4096 (default)
2019-09-19 16:59:13,571 [85f39efa-eef7-4cc0-b720-9885e028acae:group-01D37AD81B90:LeaderElection7] INFO  server.RaftServerConfigKeys (ConfUtils.java:logGet(43)) - raft.server.watch.timeout = 10s (default)
2019-09-19 16:59:13,572 [85f39efa-eef7-4cc0-b720-9885e028acae:group-01D37AD81B90:LeaderElection7] INFO  server.RaftServerConfigKeys (ConfUtils.java:logGet(43)) - raft.server.watch.timeout.denomination = 1s (default)
2019-09-19 16:59:13,572 [85f39efa-eef7-4cc0-b720-9885e028acae:group-01D37AD81B90:LeaderElection7] INFO  server.RaftServerConfigKeys (ConfUtils.java:logGet(43)) - raft.server.watch.element-limit = 65536 (default)
2019-09-19 16:59:13,572 [85f39efa-eef7-4cc0-b720-9885e028acae:group-01D37AD81B90:LeaderElection7] INFO  impl.RoleInfo (RoleInfo.java:updateAndGet(143)) - 85f39efa-eef7-4cc0-b720-9885e028acae: start LeaderState
2019-09-19 16:59:13,572 [85f39efa-eef7-4cc0-b720-9885e028acae:group-01D37AD81B90:LeaderElection7] INFO  segmented.SegmentedRaftLogWorker (SegmentedRaftLogWorker.java:startLogSegment(380)) - 85f39efa-eef7-4cc0-b720-9885e028acae-SegmentedRaftLogWorker:Storage Directory /workdir/hadoop-ozone/tools/target/test-dir/MiniOzoneClusterImpl-a5ac6908-1030-4589-81cf-eb895152b587/datanode-1/data/ratis/8f85ecb8-5ab4-483d-b464-01d37ad81b90: Starting segment from index:0
2019-09-19 16:59:13,573 [85f39efa-eef7-4cc0-b720-9885e028acae:group-01D37AD81B90:LeaderElection7] INFO  impl.RaftServerImpl (ServerState.java:setRaftConf(361)) - 85f39efa-eef7-4cc0-b720-9885e028acae:group-01D37AD81B90 set configuration 0: [85f39efa-eef7-4cc0-b720-9885e028acae:192.168.157.226:41642], old=null at 0
2019-09-19 16:59:13,612 [85f39efa-eef7-4cc0-b720-9885e028acae-SegmentedRaftLogWorker:Storage Directory /workdir/hadoop-ozone/tools/target/test-dir/MiniOzoneClusterImpl-a5ac6908-1030-4589-81cf-eb895152b587/datanode-1/data/ratis/3d0cb933-03c7-49e3-a11c-265593f526f7] INFO  segmented.SegmentedRaftLogWorker (SegmentedRaftLogWorker.java:execute(569)) - 85f39efa-eef7-4cc0-b720-9885e028acae-SegmentedRaftLogWorker:Storage Directory /workdir/hadoop-ozone/tools/target/test-dir/MiniOzoneClusterImpl-a5ac6908-1030-4589-81cf-eb895152b587/datanode-1/data/ratis/3d0cb933-03c7-49e3-a11c-265593f526f7: created new log segment /workdir/hadoop-ozone/tools/target/test-dir/MiniOzoneClusterImpl-a5ac6908-1030-4589-81cf-eb895152b587/datanode-1/data/ratis/3d0cb933-03c7-49e3-a11c-265593f526f7/current/log_inprogress_0
2019-09-19 16:59:13,627 [85f39efa-eef7-4cc0-b720-9885e028acae-SegmentedRaftLogWorker:Storage Directory /workdir/hadoop-ozone/tools/target/test-dir/MiniOzoneClusterImpl-a5ac6908-1030-4589-81cf-eb895152b587/datanode-1/data/ratis/8f85ecb8-5ab4-483d-b464-01d37ad81b90] INFO  segmented.SegmentedRaftLogWorker (SegmentedRaftLogWorker.java:execute(569)) - 85f39efa-eef7-4cc0-b720-9885e028acae-SegmentedRaftLogWorker:Storage Directory /workdir/hadoop-ozone/tools/target/test-dir/MiniOzoneClusterImpl-a5ac6908-1030-4589-81cf-eb895152b587/datanode-1/data/ratis/8f85ecb8-5ab4-483d-b464-01d37ad81b90: created new log segment /workdir/hadoop-ozone/tools/target/test-dir/MiniOzoneClusterImpl-a5ac6908-1030-4589-81cf-eb895152b587/datanode-1/data/ratis/8f85ecb8-5ab4-483d-b464-01d37ad81b90/current/log_inprogress_0
2019-09-19 16:59:13,662 [Thread-208] INFO  impl.FollowerState (FollowerState.java:run(106)) - de9189f1-401c-48ab-a01e-1e33ebb6cd5b:group-A8E36C8625DF changes to CANDIDATE, lastRpcTime:5005, electionTimeout:5005ms
2019-09-19 16:59:13,663 [Thread-208] INFO  impl.RoleInfo (RoleInfo.java:shutdownFollowerState(121)) - de9189f1-401c-48ab-a01e-1e33ebb6cd5b: shutdown FollowerState
2019-09-19 16:59:13,664 [Thread-208] INFO  impl.RaftServerImpl (RaftServerImpl.java:setRole(171)) - de9189f1-401c-48ab-a01e-1e33ebb6cd5b:group-A8E36C8625DF changes role from FOLLOWER to CANDIDATE at term 0 for changeToCandidate
2019-09-19 16:59:13,664 [Thread-208] INFO  impl.RoleInfo (RoleInfo.java:updateAndGet(143)) - de9189f1-401c-48ab-a01e-1e33ebb6cd5b: start LeaderElection
2019-09-19 16:59:13,682 [de9189f1-401c-48ab-a01e-1e33ebb6cd5b:group-A8E36C8625DF:LeaderElection8] INFO  impl.LeaderElection (LeaderElection.java:askForVotes(181)) - de9189f1-401c-48ab-a01e-1e33ebb6cd5b:group-A8E36C8625DF:LeaderElection8: begin an election at term 1 for -1: [de9189f1-401c-48ab-a01e-1e33ebb6cd5b:192.168.157.226:40088], old=null
2019-09-19 16:59:13,684 [de9189f1-401c-48ab-a01e-1e33ebb6cd5b:group-A8E36C8625DF:LeaderElection8] INFO  impl.RoleInfo (RoleInfo.java:shutdownLeaderElection(134)) - de9189f1-401c-48ab-a01e-1e33ebb6cd5b: shutdown LeaderElection
2019-09-19 16:59:13,684 [de9189f1-401c-48ab-a01e-1e33ebb6cd5b:group-A8E36C8625DF:LeaderElection8] INFO  impl.RaftServerImpl (RaftServerImpl.java:setRole(171)) - de9189f1-401c-48ab-a01e-1e33ebb6cd5b:group-A8E36C8625DF changes role from CANDIDATE to LEADER at term 1 for changeToLeader
2019-09-19 16:59:13,684 [de9189f1-401c-48ab-a01e-1e33ebb6cd5b:group-A8E36C8625DF:LeaderElection8] INFO  impl.RaftServerImpl (ServerState.java:setLeader(263)) - de9189f1-401c-48ab-a01e-1e33ebb6cd5b:group-A8E36C8625DF change Leader from null to de9189f1-401c-48ab-a01e-1e33ebb6cd5b at term 1 for becomeLeader, leader elected after 5031ms
2019-09-19 16:59:13,684 [de9189f1-401c-48ab-a01e-1e33ebb6cd5b:group-A8E36C8625DF:LeaderElection8] INFO  server.RaftServerConfigKeys (ConfUtils.java:logGet(43)) - raft.server.staging.catchup.gap = 1000 (default)
2019-09-19 16:59:13,684 [de9189f1-401c-48ab-a01e-1e33ebb6cd5b:group-A8E36C8625DF:LeaderElection8] INFO  server.RaftServerConfigKeys (ConfUtils.java:logGet(43)) - raft.server.rpc.sleep.time = 25ms (default)
2019-09-19 16:59:13,685 [de9189f1-401c-48ab-a01e-1e33ebb6cd5b:group-A8E36C8625DF:LeaderElection8] INFO  server.RaftServerConfigKeys (ConfUtils.java:logGet(43)) - raft.server.write.element-limit = 4096 (default)
2019-09-19 16:59:13,685 [de9189f1-401c-48ab-a01e-1e33ebb6cd5b:group-A8E36C8625DF:LeaderElection8] INFO  server.RaftServerConfigKeys (ConfUtils.java:logGet(43)) - raft.server.watch.timeout = 10s (default)
2019-09-19 16:59:13,685 [de9189f1-401c-48ab-a01e-1e33ebb6cd5b:group-A8E36C8625DF:LeaderElection8] INFO  server.RaftServerConfigKeys (ConfUtils.java:logGet(43)) - raft.server.watch.timeout.denomination = 1s (default)
2019-09-19 16:59:13,685 [de9189f1-401c-48ab-a01e-1e33ebb6cd5b:group-A8E36C8625DF:LeaderElection8] INFO  server.RaftServerConfigKeys (ConfUtils.java:logGet(43)) - raft.server.watch.element-limit = 65536 (default)
2019-09-19 16:59:13,686 [de9189f1-401c-48ab-a01e-1e33ebb6cd5b:group-A8E36C8625DF:LeaderElection8] INFO  impl.RoleInfo (RoleInfo.java:updateAndGet(143)) - de9189f1-401c-48ab-a01e-1e33ebb6cd5b: start LeaderState
2019-09-19 16:59:13,686 [de9189f1-401c-48ab-a01e-1e33ebb6cd5b:group-A8E36C8625DF:LeaderElection8] INFO  segmented.SegmentedRaftLogWorker (SegmentedRaftLogWorker.java:startLogSegment(380)) - de9189f1-401c-48ab-a01e-1e33ebb6cd5b-SegmentedRaftLogWorker:Storage Directory /workdir/hadoop-ozone/tools/target/test-dir/MiniOzoneClusterImpl-a5ac6908-1030-4589-81cf-eb895152b587/datanode-0/data/ratis/b2bea119-1f25-43fd-be5f-a8e36c8625df: Starting segment from index:0
2019-09-19 16:59:13,686 [de9189f1-401c-48ab-a01e-1e33ebb6cd5b:group-A8E36C8625DF:LeaderElection8] INFO  impl.RaftServerImpl (ServerState.java:setRaftConf(361)) - de9189f1-401c-48ab-a01e-1e33ebb6cd5b:group-A8E36C8625DF set configuration 0: [de9189f1-401c-48ab-a01e-1e33ebb6cd5b:192.168.157.226:40088], old=null at 0
2019-09-19 16:59:13,724 [Thread-202] INFO  impl.FollowerState (FollowerState.java:run(106)) - de9189f1-401c-48ab-a01e-1e33ebb6cd5b:group-7423AD50529D changes to CANDIDATE, lastRpcTime:5175, electionTimeout:5157ms
 0.00% |█                                                                                                    |  0/1 Time: 0:00:052019-09-19 16:59:13,724 [Thread-202] INFO  impl.RoleInfo (RoleInfo.java:shutdownFollowerState(121)) - de9189f1-401c-48ab-a01e-1e33ebb6cd5b: shutdown FollowerState
2019-09-19 16:59:13,724 [Thread-202] INFO  impl.RaftServerImpl (RaftServerImpl.java:setRole(171)) - de9189f1-401c-48ab-a01e-1e33ebb6cd5b:group-7423AD50529D changes role from FOLLOWER to CANDIDATE at term 0 for changeToCandidate
2019-09-19 16:59:13,724 [Thread-202] INFO  impl.RoleInfo (RoleInfo.java:updateAndGet(143)) - de9189f1-401c-48ab-a01e-1e33ebb6cd5b: start LeaderElection
2019-09-19 16:59:13,738 [de9189f1-401c-48ab-a01e-1e33ebb6cd5b-SegmentedRaftLogWorker:Storage Directory /workdir/hadoop-ozone/tools/target/test-dir/MiniOzoneClusterImpl-a5ac6908-1030-4589-81cf-eb895152b587/datanode-0/data/ratis/b2bea119-1f25-43fd-be5f-a8e36c8625df] INFO  segmented.SegmentedRaftLogWorker (SegmentedRaftLogWorker.java:execute(569)) - de9189f1-401c-48ab-a01e-1e33ebb6cd5b-SegmentedRaftLogWorker:Storage Directory /workdir/hadoop-ozone/tools/target/test-dir/MiniOzoneClusterImpl-a5ac6908-1030-4589-81cf-eb895152b587/datanode-0/data/ratis/b2bea119-1f25-43fd-be5f-a8e36c8625df: created new log segment /workdir/hadoop-ozone/tools/target/test-dir/MiniOzoneClusterImpl-a5ac6908-1030-4589-81cf-eb895152b587/datanode-0/data/ratis/b2bea119-1f25-43fd-be5f-a8e36c8625df/current/log_inprogress_0
2019-09-19 16:59:13,738 [de9189f1-401c-48ab-a01e-1e33ebb6cd5b:group-7423AD50529D:LeaderElection9] INFO  impl.LeaderElection (LeaderElection.java:askForVotes(181)) - de9189f1-401c-48ab-a01e-1e33ebb6cd5b:group-7423AD50529D:LeaderElection9: begin an election at term 1 for -1: [de9189f1-401c-48ab-a01e-1e33ebb6cd5b:192.168.157.226:40088], old=null
2019-09-19 16:59:13,738 [de9189f1-401c-48ab-a01e-1e33ebb6cd5b:group-7423AD50529D:LeaderElection9] INFO  impl.RoleInfo (RoleInfo.java:shutdownLeaderElection(134)) - de9189f1-401c-48ab-a01e-1e33ebb6cd5b: shutdown LeaderElection
2019-09-19 16:59:13,739 [de9189f1-401c-48ab-a01e-1e33ebb6cd5b:group-7423AD50529D:LeaderElection9] INFO  impl.RaftServerImpl (RaftServerImpl.java:setRole(171)) - de9189f1-401c-48ab-a01e-1e33ebb6cd5b:group-7423AD50529D changes role from CANDIDATE to LEADER at term 1 for changeToLeader
2019-09-19 16:59:13,739 [de9189f1-401c-48ab-a01e-1e33ebb6cd5b:group-7423AD50529D:LeaderElection9] INFO  impl.RaftServerImpl (ServerState.java:setLeader(263)) - de9189f1-401c-48ab-a01e-1e33ebb6cd5b:group-7423AD50529D change Leader from null to de9189f1-401c-48ab-a01e-1e33ebb6cd5b at term 1 for becomeLeader, leader elected after 5197ms
2019-09-19 16:59:13,739 [de9189f1-401c-48ab-a01e-1e33ebb6cd5b:group-7423AD50529D:LeaderElection9] INFO  server.RaftServerConfigKeys (ConfUtils.java:logGet(43)) - raft.server.staging.catchup.gap = 1000 (default)
2019-09-19 16:59:13,739 [de9189f1-401c-48ab-a01e-1e33ebb6cd5b:group-7423AD50529D:LeaderElection9] INFO  server.RaftServerConfigKeys (ConfUtils.java:logGet(43)) - raft.server.rpc.sleep.time = 25ms (default)
2019-09-19 16:59:13,739 [de9189f1-401c-48ab-a01e-1e33ebb6cd5b:group-7423AD50529D:LeaderElection9] INFO  server.RaftServerConfigKeys (ConfUtils.java:logGet(43)) - raft.server.write.element-limit = 4096 (default)
2019-09-19 16:59:13,740 [de9189f1-401c-48ab-a01e-1e33ebb6cd5b:group-7423AD50529D:LeaderElection9] INFO  server.RaftServerConfigKeys (ConfUtils.java:logGet(43)) - raft.server.watch.timeout = 10s (default)
2019-09-19 16:59:13,740 [de9189f1-401c-48ab-a01e-1e33ebb6cd5b:group-7423AD50529D:LeaderElection9] INFO  server.RaftServerConfigKeys (ConfUtils.java:logGet(43)) - raft.server.watch.timeout.denomination = 1s (default)
2019-09-19 16:59:13,740 [de9189f1-401c-48ab-a01e-1e33ebb6cd5b:group-7423AD50529D:LeaderElection9] INFO  server.RaftServerConfigKeys (ConfUtils.java:logGet(43)) - raft.server.watch.element-limit = 65536 (default)
2019-09-19 16:59:13,740 [de9189f1-401c-48ab-a01e-1e33ebb6cd5b:group-7423AD50529D:LeaderElection9] INFO  impl.RoleInfo (RoleInfo.java:updateAndGet(143)) - de9189f1-401c-48ab-a01e-1e33ebb6cd5b: start LeaderState
2019-09-19 16:59:13,741 [de9189f1-401c-48ab-a01e-1e33ebb6cd5b:group-7423AD50529D:LeaderElection9] INFO  segmented.SegmentedRaftLogWorker (SegmentedRaftLogWorker.java:startLogSegment(380)) - de9189f1-401c-48ab-a01e-1e33ebb6cd5b-SegmentedRaftLogWorker:Storage Directory /workdir/hadoop-ozone/tools/target/test-dir/MiniOzoneClusterImpl-a5ac6908-1030-4589-81cf-eb895152b587/datanode-0/data/ratis/1168f876-bb62-45a1-a680-7423ad50529d: Starting segment from index:0
2019-09-19 16:59:13,741 [de9189f1-401c-48ab-a01e-1e33ebb6cd5b:group-7423AD50529D:LeaderElection9] INFO  impl.RaftServerImpl (ServerState.java:setRaftConf(361)) - de9189f1-401c-48ab-a01e-1e33ebb6cd5b:group-7423AD50529D set configuration 0: [de9189f1-401c-48ab-a01e-1e33ebb6cd5b:192.168.157.226:40088], old=null at 0
2019-09-19 16:59:13,773 [Thread-205] INFO  impl.FollowerState (FollowerState.java:run(106)) - b3bdbde1-aba2-47af-9538-bc5ccd76a2e7:group-CF4CD7D0DD2A changes to CANDIDATE, lastRpcTime:5168, electionTimeout:5151ms
2019-09-19 16:59:13,775 [Thread-205] INFO  impl.RoleInfo (RoleInfo.java:shutdownFollowerState(121)) - b3bdbde1-aba2-47af-9538-bc5ccd76a2e7: shutdown FollowerState
2019-09-19 16:59:13,775 [Thread-205] INFO  impl.RaftServerImpl (RaftServerImpl.java:setRole(171)) - b3bdbde1-aba2-47af-9538-bc5ccd76a2e7:group-CF4CD7D0DD2A changes role from FOLLOWER to CANDIDATE at term 0 for changeToCandidate
2019-09-19 16:59:13,775 [Thread-205] INFO  impl.RoleInfo (RoleInfo.java:updateAndGet(143)) - b3bdbde1-aba2-47af-9538-bc5ccd76a2e7: start LeaderElection
2019-09-19 16:59:13,780 | INFO  | SCMAudit | user=jenkins1000 | ip=192.168.157.226 | op=SEND_HEARTBEAT {datanodeUUID=de9189f1-401c-48ab-a01e-1e33ebb6cd5b, command=[]} | ret=SUCCESS |  
2019-09-19 16:59:13,786 [de9189f1-401c-48ab-a01e-1e33ebb6cd5b-SegmentedRaftLogWorker:Storage Directory /workdir/hadoop-ozone/tools/target/test-dir/MiniOzoneClusterImpl-a5ac6908-1030-4589-81cf-eb895152b587/datanode-0/data/ratis/1168f876-bb62-45a1-a680-7423ad50529d] INFO  segmented.SegmentedRaftLogWorker (SegmentedRaftLogWorker.java:execute(569)) - de9189f1-401c-48ab-a01e-1e33ebb6cd5b-SegmentedRaftLogWorker:Storage Directory /workdir/hadoop-ozone/tools/target/test-dir/MiniOzoneClusterImpl-a5ac6908-1030-4589-81cf-eb895152b587/datanode-0/data/ratis/1168f876-bb62-45a1-a680-7423ad50529d: created new log segment /workdir/hadoop-ozone/tools/target/test-dir/MiniOzoneClusterImpl-a5ac6908-1030-4589-81cf-eb895152b587/datanode-0/data/ratis/1168f876-bb62-45a1-a680-7423ad50529d/current/log_inprogress_0
2019-09-19 16:59:13,786 [b3bdbde1-aba2-47af-9538-bc5ccd76a2e7:group-CF4CD7D0DD2A:LeaderElection10] INFO  impl.LeaderElection (LeaderElection.java:askForVotes(181)) - b3bdbde1-aba2-47af-9538-bc5ccd76a2e7:group-CF4CD7D0DD2A:LeaderElection10: begin an election at term 1 for -1: [b3bdbde1-aba2-47af-9538-bc5ccd76a2e7:192.168.157.226:45771], old=null
2019-09-19 16:59:13,787 [b3bdbde1-aba2-47af-9538-bc5ccd76a2e7:group-CF4CD7D0DD2A:LeaderElection10] INFO  impl.RoleInfo (RoleInfo.java:shutdownLeaderElection(134)) - b3bdbde1-aba2-47af-9538-bc5ccd76a2e7: shutdown LeaderElection
2019-09-19 16:59:13,787 [b3bdbde1-aba2-47af-9538-bc5ccd76a2e7:group-CF4CD7D0DD2A:LeaderElection10] INFO  impl.RaftServerImpl (RaftServerImpl.java:setRole(171)) - b3bdbde1-aba2-47af-9538-bc5ccd76a2e7:group-CF4CD7D0DD2A changes role from CANDIDATE to LEADER at term 1 for changeToLeader
2019-09-19 16:59:13,787 [b3bdbde1-aba2-47af-9538-bc5ccd76a2e7:group-CF4CD7D0DD2A:LeaderElection10] INFO  impl.RaftServerImpl (ServerState.java:setLeader(263)) - b3bdbde1-aba2-47af-9538-bc5ccd76a2e7:group-CF4CD7D0DD2A change Leader from null to b3bdbde1-aba2-47af-9538-bc5ccd76a2e7 at term 1 for becomeLeader, leader elected after 5186ms
2019-09-19 16:59:13,787 [b3bdbde1-aba2-47af-9538-bc5ccd76a2e7:group-CF4CD7D0DD2A:LeaderElection10] INFO  server.RaftServerConfigKeys (ConfUtils.java:logGet(43)) - raft.server.staging.catchup.gap = 1000 (default)
2019-09-19 16:59:13,787 [b3bdbde1-aba2-47af-9538-bc5ccd76a2e7:group-CF4CD7D0DD2A:LeaderElection10] INFO  server.RaftServerConfigKeys (ConfUtils.java:logGet(43)) - raft.server.rpc.sleep.time = 25ms (default)
2019-09-19 16:59:13,787 [b3bdbde1-aba2-47af-9538-bc5ccd76a2e7:group-CF4CD7D0DD2A:LeaderElection10] INFO  server.RaftServerConfigKeys (ConfUtils.java:logGet(43)) - raft.server.write.element-limit = 4096 (default)
2019-09-19 16:59:13,788 [b3bdbde1-aba2-47af-9538-bc5ccd76a2e7:group-CF4CD7D0DD2A:LeaderElection10] INFO  server.RaftServerConfigKeys (ConfUtils.java:logGet(43)) - raft.server.watch.timeout = 10s (default)
2019-09-19 16:59:13,788 [b3bdbde1-aba2-47af-9538-bc5ccd76a2e7:group-CF4CD7D0DD2A:LeaderElection10] INFO  server.RaftServerConfigKeys (ConfUtils.java:logGet(43)) - raft.server.watch.timeout.denomination = 1s (default)
2019-09-19 16:59:13,788 [b3bdbde1-aba2-47af-9538-bc5ccd76a2e7:group-CF4CD7D0DD2A:LeaderElection10] INFO  server.RaftServerConfigKeys (ConfUtils.java:logGet(43)) - raft.server.watch.element-limit = 65536 (default)
2019-09-19 16:59:13,789 [b3bdbde1-aba2-47af-9538-bc5ccd76a2e7:group-CF4CD7D0DD2A:LeaderElection10] INFO  impl.RoleInfo (RoleInfo.java:updateAndGet(143)) - b3bdbde1-aba2-47af-9538-bc5ccd76a2e7: start LeaderState
2019-09-19 16:59:13,789 [b3bdbde1-aba2-47af-9538-bc5ccd76a2e7:group-CF4CD7D0DD2A:LeaderElection10] INFO  segmented.SegmentedRaftLogWorker (SegmentedRaftLogWorker.java:startLogSegment(380)) - b3bdbde1-aba2-47af-9538-bc5ccd76a2e7-SegmentedRaftLogWorker:Storage Directory /workdir/hadoop-ozone/tools/target/test-dir/MiniOzoneClusterImpl-a5ac6908-1030-4589-81cf-eb895152b587/datanode-2/data/ratis/5dc86f1d-2424-4822-b2cd-cf4cd7d0dd2a: Starting segment from index:0
2019-09-19 16:59:13,790 [b3bdbde1-aba2-47af-9538-bc5ccd76a2e7:group-CF4CD7D0DD2A:LeaderElection10] INFO  impl.RaftServerImpl (ServerState.java:setRaftConf(361)) - b3bdbde1-aba2-47af-9538-bc5ccd76a2e7:group-CF4CD7D0DD2A set configuration 0: [b3bdbde1-aba2-47af-9538-bc5ccd76a2e7:192.168.157.226:45771], old=null at 0
2019-09-19 16:59:13,836 [b3bdbde1-aba2-47af-9538-bc5ccd76a2e7-SegmentedRaftLogWorker:Storage Directory /workdir/hadoop-ozone/tools/target/test-dir/MiniOzoneClusterImpl-a5ac6908-1030-4589-81cf-eb895152b587/datanode-2/data/ratis/5dc86f1d-2424-4822-b2cd-cf4cd7d0dd2a] INFO  segmented.SegmentedRaftLogWorker (SegmentedRaftLogWorker.java:execute(569)) - b3bdbde1-aba2-47af-9538-bc5ccd76a2e7-SegmentedRaftLogWorker:Storage Directory /workdir/hadoop-ozone/tools/target/test-dir/MiniOzoneClusterImpl-a5ac6908-1030-4589-81cf-eb895152b587/datanode-2/data/ratis/5dc86f1d-2424-4822-b2cd-cf4cd7d0dd2a: created new log segment /workdir/hadoop-ozone/tools/target/test-dir/MiniOzoneClusterImpl-a5ac6908-1030-4589-81cf-eb895152b587/datanode-2/data/ratis/5dc86f1d-2424-4822-b2cd-cf4cd7d0dd2a/current/log_inprogress_0
2019-09-19 16:59:13,841 [Thread-215] INFO  impl.FollowerState (FollowerState.java:run(106)) - 85f39efa-eef7-4cc0-b720-9885e028acae:group-861D535F2DDE changes to CANDIDATE, lastRpcTime:5129, electionTimeout:5129ms
2019-09-19 16:59:13,841 [Thread-215] INFO  impl.RoleInfo (RoleInfo.java:shutdownFollowerState(121)) - 85f39efa-eef7-4cc0-b720-9885e028acae: shutdown FollowerState
2019-09-19 16:59:13,841 [Thread-215] INFO  impl.RaftServerImpl (RaftServerImpl.java:setRole(171)) - 85f39efa-eef7-4cc0-b720-9885e028acae:group-861D535F2DDE changes role from FOLLOWER to CANDIDATE at term 0 for changeToCandidate
2019-09-19 16:59:13,841 [Thread-215] INFO  impl.RoleInfo (RoleInfo.java:updateAndGet(143)) - 85f39efa-eef7-4cc0-b720-9885e028acae: start LeaderElection
2019-09-19 16:59:13,853 [85f39efa-eef7-4cc0-b720-9885e028acae:group-861D535F2DDE:LeaderElection11] INFO  impl.LeaderElection (LeaderElection.java:askForVotes(181)) - 85f39efa-eef7-4cc0-b720-9885e028acae:group-861D535F2DDE:LeaderElection11: begin an election at term 1 for -1: [85f39efa-eef7-4cc0-b720-9885e028acae:192.168.157.226:41642], old=null
2019-09-19 16:59:13,855 [85f39efa-eef7-4cc0-b720-9885e028acae:group-861D535F2DDE:LeaderElection11] INFO  impl.RoleInfo (RoleInfo.java:shutdownLeaderElection(134)) - 85f39efa-eef7-4cc0-b720-9885e028acae: shutdown LeaderElection
2019-09-19 16:59:13,855 [85f39efa-eef7-4cc0-b720-9885e028acae:group-861D535F2DDE:LeaderElection11] INFO  impl.RaftServerImpl (RaftServerImpl.java:setRole(171)) - 85f39efa-eef7-4cc0-b720-9885e028acae:group-861D535F2DDE changes role from CANDIDATE to LEADER at term 1 for changeToLeader
2019-09-19 16:59:13,855 [85f39efa-eef7-4cc0-b720-9885e028acae:group-861D535F2DDE:LeaderElection11] INFO  impl.RaftServerImpl (ServerState.java:setLeader(263)) - 85f39efa-eef7-4cc0-b720-9885e028acae:group-861D535F2DDE change Leader from null to 85f39efa-eef7-4cc0-b720-9885e028acae at term 1 for becomeLeader, leader elected after 5149ms
2019-09-19 16:59:13,855 [85f39efa-eef7-4cc0-b720-9885e028acae:group-861D535F2DDE:LeaderElection11] INFO  server.RaftServerConfigKeys (ConfUtils.java:logGet(43)) - raft.server.staging.catchup.gap = 1000 (default)
2019-09-19 16:59:13,855 [85f39efa-eef7-4cc0-b720-9885e028acae:group-861D535F2DDE:LeaderElection11] INFO  server.RaftServerConfigKeys (ConfUtils.java:logGet(43)) - raft.server.rpc.sleep.time = 25ms (default)
2019-09-19 16:59:13,856 [85f39efa-eef7-4cc0-b720-9885e028acae:group-861D535F2DDE:LeaderElection11] INFO  server.RaftServerConfigKeys (ConfUtils.java:logGet(43)) - raft.server.write.element-limit = 4096 (default)
2019-09-19 16:59:13,856 [85f39efa-eef7-4cc0-b720-9885e028acae:group-861D535F2DDE:LeaderElection11] INFO  server.RaftServerConfigKeys (ConfUtils.java:logGet(43)) - raft.server.watch.timeout = 10s (default)
2019-09-19 16:59:13,856 [85f39efa-eef7-4cc0-b720-9885e028acae:group-861D535F2DDE:LeaderElection11] INFO  server.RaftServerConfigKeys (ConfUtils.java:logGet(43)) - raft.server.watch.timeout.denomination = 1s (default)
2019-09-19 16:59:13,856 [85f39efa-eef7-4cc0-b720-9885e028acae:group-861D535F2DDE:LeaderElection11] INFO  server.RaftServerConfigKeys (ConfUtils.java:logGet(43)) - raft.server.watch.element-limit = 65536 (default)
2019-09-19 16:59:13,857 [85f39efa-eef7-4cc0-b720-9885e028acae:group-861D535F2DDE:LeaderElection11] INFO  impl.RoleInfo (RoleInfo.java:updateAndGet(143)) - 85f39efa-eef7-4cc0-b720-9885e028acae: start LeaderState
2019-09-19 16:59:13,857 [85f39efa-eef7-4cc0-b720-9885e028acae:group-861D535F2DDE:LeaderElection11] INFO  segmented.SegmentedRaftLogWorker (SegmentedRaftLogWorker.java:startLogSegment(380)) - 85f39efa-eef7-4cc0-b720-9885e028acae-SegmentedRaftLogWorker:Storage Directory /workdir/hadoop-ozone/tools/target/test-dir/MiniOzoneClusterImpl-a5ac6908-1030-4589-81cf-eb895152b587/datanode-1/data/ratis/521a28c8-8761-4b4f-bb2e-861d535f2dde: Starting segment from index:0
2019-09-19 16:59:13,858 [85f39efa-eef7-4cc0-b720-9885e028acae:group-861D535F2DDE:LeaderElection11] INFO  impl.RaftServerImpl (ServerState.java:setRaftConf(361)) - 85f39efa-eef7-4cc0-b720-9885e028acae:group-861D535F2DDE set configuration 0: [85f39efa-eef7-4cc0-b720-9885e028acae:192.168.157.226:41642], old=null at 0
2019-09-19 16:59:13,885 [Thread-221] INFO  impl.FollowerState (FollowerState.java:run(106)) - b3bdbde1-aba2-47af-9538-bc5ccd76a2e7:group-EBB3FB7F1985 changes to CANDIDATE, lastRpcTime:5034, electionTimeout:5031ms
2019-09-19 16:59:13,885 [Thread-218] INFO  impl.FollowerState (FollowerState.java:run(106)) - de9189f1-401c-48ab-a01e-1e33ebb6cd5b:group-696240B919C1 changes to CANDIDATE, lastRpcTime:5115, electionTimeout:5111ms
2019-09-19 16:59:13,885 [Thread-221] INFO  impl.RoleInfo (RoleInfo.java:shutdownFollowerState(121)) - b3bdbde1-aba2-47af-9538-bc5ccd76a2e7: shutdown FollowerState
2019-09-19 16:59:13,885 [Thread-218] INFO  impl.RoleInfo (RoleInfo.java:shutdownFollowerState(121)) - de9189f1-401c-48ab-a01e-1e33ebb6cd5b: shutdown FollowerState
2019-09-19 16:59:13,886 [Thread-221] INFO  impl.RaftServerImpl (RaftServerImpl.java:setRole(171)) - b3bdbde1-aba2-47af-9538-bc5ccd76a2e7:group-EBB3FB7F1985 changes role from FOLLOWER to CANDIDATE at term 0 for changeToCandidate
2019-09-19 16:59:13,886 [Thread-218] INFO  impl.RaftServerImpl (RaftServerImpl.java:setRole(171)) - de9189f1-401c-48ab-a01e-1e33ebb6cd5b:group-696240B919C1 changes role from FOLLOWER to CANDIDATE at term 0 for changeToCandidate
2019-09-19 16:59:13,886 [Thread-221] INFO  impl.RoleInfo (RoleInfo.java:updateAndGet(143)) - b3bdbde1-aba2-47af-9538-bc5ccd76a2e7: start LeaderElection
2019-09-19 16:59:13,886 [Thread-218] INFO  impl.RoleInfo (RoleInfo.java:updateAndGet(143)) - de9189f1-401c-48ab-a01e-1e33ebb6cd5b: start LeaderElection
2019-09-19 16:59:13,898 [85f39efa-eef7-4cc0-b720-9885e028acae-SegmentedRaftLogWorker:Storage Directory /workdir/hadoop-ozone/tools/target/test-dir/MiniOzoneClusterImpl-a5ac6908-1030-4589-81cf-eb895152b587/datanode-1/data/ratis/521a28c8-8761-4b4f-bb2e-861d535f2dde] INFO  segmented.SegmentedRaftLogWorker (SegmentedRaftLogWorker.java:execute(569)) - 85f39efa-eef7-4cc0-b720-9885e028acae-SegmentedRaftLogWorker:Storage Directory /workdir/hadoop-ozone/tools/target/test-dir/MiniOzoneClusterImpl-a5ac6908-1030-4589-81cf-eb895152b587/datanode-1/data/ratis/521a28c8-8761-4b4f-bb2e-861d535f2dde: created new log segment /workdir/hadoop-ozone/tools/target/test-dir/MiniOzoneClusterImpl-a5ac6908-1030-4589-81cf-eb895152b587/datanode-1/data/ratis/521a28c8-8761-4b4f-bb2e-861d535f2dde/current/log_inprogress_0
2019-09-19 16:59:13,898 [de9189f1-401c-48ab-a01e-1e33ebb6cd5b:group-696240B919C1:LeaderElection13] INFO  impl.LeaderElection (LeaderElection.java:askForVotes(181)) - de9189f1-401c-48ab-a01e-1e33ebb6cd5b:group-696240B919C1:LeaderElection13: begin an election at term 1 for -1: [de9189f1-401c-48ab-a01e-1e33ebb6cd5b:192.168.157.226:40088], old=null
2019-09-19 16:59:13,898 [b3bdbde1-aba2-47af-9538-bc5ccd76a2e7:group-EBB3FB7F1985:LeaderElection12] INFO  impl.LeaderElection (LeaderElection.java:askForVotes(181)) - b3bdbde1-aba2-47af-9538-bc5ccd76a2e7:group-EBB3FB7F1985:LeaderElection12: begin an election at term 1 for -1: [b3bdbde1-aba2-47af-9538-bc5ccd76a2e7:192.168.157.226:45771], old=null
2019-09-19 16:59:13,899 [de9189f1-401c-48ab-a01e-1e33ebb6cd5b:group-696240B919C1:LeaderElection13] INFO  impl.RoleInfo (RoleInfo.java:shutdownLeaderElection(134)) - de9189f1-401c-48ab-a01e-1e33ebb6cd5b: shutdown LeaderElection
2019-09-19 16:59:13,900 [b3bdbde1-aba2-47af-9538-bc5ccd76a2e7:group-EBB3FB7F1985:LeaderElection12] INFO  impl.RoleInfo (RoleInfo.java:shutdownLeaderElection(134)) - b3bdbde1-aba2-47af-9538-bc5ccd76a2e7: shutdown LeaderElection
2019-09-19 16:59:13,900 [de9189f1-401c-48ab-a01e-1e33ebb6cd5b:group-696240B919C1:LeaderElection13] INFO  impl.RaftServerImpl (RaftServerImpl.java:setRole(171)) - de9189f1-401c-48ab-a01e-1e33ebb6cd5b:group-696240B919C1 changes role from CANDIDATE to LEADER at term 1 for changeToLeader
2019-09-19 16:59:13,900 [b3bdbde1-aba2-47af-9538-bc5ccd76a2e7:group-EBB3FB7F1985:LeaderElection12] INFO  impl.RaftServerImpl (RaftServerImpl.java:setRole(171)) - b3bdbde1-aba2-47af-9538-bc5ccd76a2e7:group-EBB3FB7F1985 changes role from CANDIDATE to LEADER at term 1 for changeToLeader
2019-09-19 16:59:13,900 [de9189f1-401c-48ab-a01e-1e33ebb6cd5b:group-696240B919C1:LeaderElection13] INFO  impl.RaftServerImpl (ServerState.java:setLeader(263)) - de9189f1-401c-48ab-a01e-1e33ebb6cd5b:group-696240B919C1 change Leader from null to de9189f1-401c-48ab-a01e-1e33ebb6cd5b at term 1 for becomeLeader, leader elected after 5136ms
2019-09-19 16:59:13,900 [b3bdbde1-aba2-47af-9538-bc5ccd76a2e7:group-EBB3FB7F1985:LeaderElection12] INFO  impl.RaftServerImpl (ServerState.java:setLeader(263)) - b3bdbde1-aba2-47af-9538-bc5ccd76a2e7:group-EBB3FB7F1985 change Leader from null to b3bdbde1-aba2-47af-9538-bc5ccd76a2e7 at term 1 for becomeLeader, leader elected after 5055ms
2019-09-19 16:59:13,900 [de9189f1-401c-48ab-a01e-1e33ebb6cd5b:group-696240B919C1:LeaderElection13] INFO  server.RaftServerConfigKeys (ConfUtils.java:logGet(43)) - raft.server.staging.catchup.gap = 1000 (default)
2019-09-19 16:59:13,900 [b3bdbde1-aba2-47af-9538-bc5ccd76a2e7:group-EBB3FB7F1985:LeaderElection12] INFO  server.RaftServerConfigKeys (ConfUtils.java:logGet(43)) - raft.server.staging.catchup.gap = 1000 (default)
2019-09-19 16:59:13,901 [de9189f1-401c-48ab-a01e-1e33ebb6cd5b:group-696240B919C1:LeaderElection13] INFO  server.RaftServerConfigKeys (ConfUtils.java:logGet(43)) - raft.server.rpc.sleep.time = 25ms (default)
2019-09-19 16:59:13,901 [b3bdbde1-aba2-47af-9538-bc5ccd76a2e7:group-EBB3FB7F1985:LeaderElection12] INFO  server.RaftServerConfigKeys (ConfUtils.java:logGet(43)) - raft.server.rpc.sleep.time = 25ms (default)
2019-09-19 16:59:13,901 [de9189f1-401c-48ab-a01e-1e33ebb6cd5b:group-696240B919C1:LeaderElection13] INFO  server.RaftServerConfigKeys (ConfUtils.java:logGet(43)) - raft.server.write.element-limit = 4096 (default)
2019-09-19 16:59:13,901 [b3bdbde1-aba2-47af-9538-bc5ccd76a2e7:group-EBB3FB7F1985:LeaderElection12] INFO  server.RaftServerConfigKeys (ConfUtils.java:logGet(43)) - raft.server.write.element-limit = 4096 (default)
2019-09-19 16:59:13,901 [de9189f1-401c-48ab-a01e-1e33ebb6cd5b:group-696240B919C1:LeaderElection13] INFO  server.RaftServerConfigKeys (ConfUtils.java:logGet(43)) - raft.server.watch.timeout = 10s (default)
2019-09-19 16:59:13,901 [b3bdbde1-aba2-47af-9538-bc5ccd76a2e7:group-EBB3FB7F1985:LeaderElection12] INFO  server.RaftServerConfigKeys (ConfUtils.java:logGet(43)) - raft.server.watch.timeout = 10s (default)
2019-09-19 16:59:13,901 [de9189f1-401c-48ab-a01e-1e33ebb6cd5b:group-696240B919C1:LeaderElection13] INFO  server.RaftServerConfigKeys (ConfUtils.java:logGet(43)) - raft.server.watch.timeout.denomination = 1s (default)
2019-09-19 16:59:13,902 [b3bdbde1-aba2-47af-9538-bc5ccd76a2e7:group-EBB3FB7F1985:LeaderElection12] INFO  server.RaftServerConfigKeys (ConfUtils.java:logGet(43)) - raft.server.watch.timeout.denomination = 1s (default)
2019-09-19 16:59:13,902 [de9189f1-401c-48ab-a01e-1e33ebb6cd5b:group-696240B919C1:LeaderElection13] INFO  server.RaftServerConfigKeys (ConfUtils.java:logGet(43)) - raft.server.watch.element-limit = 65536 (default)
2019-09-19 16:59:13,902 [b3bdbde1-aba2-47af-9538-bc5ccd76a2e7:group-EBB3FB7F1985:LeaderElection12] INFO  server.RaftServerConfigKeys (ConfUtils.java:logGet(43)) - raft.server.watch.element-limit = 65536 (default)
2019-09-19 16:59:13,902 [de9189f1-401c-48ab-a01e-1e33ebb6cd5b:group-696240B919C1:LeaderElection13] INFO  impl.RoleInfo (RoleInfo.java:updateAndGet(143)) - de9189f1-401c-48ab-a01e-1e33ebb6cd5b: start LeaderState
2019-09-19 16:59:13,902 [b3bdbde1-aba2-47af-9538-bc5ccd76a2e7:group-EBB3FB7F1985:LeaderElection12] INFO  impl.RoleInfo (RoleInfo.java:updateAndGet(143)) - b3bdbde1-aba2-47af-9538-bc5ccd76a2e7: start LeaderState
2019-09-19 16:59:13,902 [de9189f1-401c-48ab-a01e-1e33ebb6cd5b:group-696240B919C1:LeaderElection13] INFO  segmented.SegmentedRaftLogWorker (SegmentedRaftLogWorker.java:startLogSegment(380)) - de9189f1-401c-48ab-a01e-1e33ebb6cd5b-SegmentedRaftLogWorker:Storage Directory /workdir/hadoop-ozone/tools/target/test-dir/MiniOzoneClusterImpl-a5ac6908-1030-4589-81cf-eb895152b587/datanode-0/data/ratis/870ed9f3-845b-4180-a3d9-696240b919c1: Starting segment from index:0
2019-09-19 16:59:13,903 [b3bdbde1-aba2-47af-9538-bc5ccd76a2e7:group-EBB3FB7F1985:LeaderElection12] INFO  segmented.SegmentedRaftLogWorker (SegmentedRaftLogWorker.java:startLogSegment(380)) - b3bdbde1-aba2-47af-9538-bc5ccd76a2e7-SegmentedRaftLogWorker:Storage Directory /workdir/hadoop-ozone/tools/target/test-dir/MiniOzoneClusterImpl-a5ac6908-1030-4589-81cf-eb895152b587/datanode-2/data/ratis/1a6da506-b415-4460-8be8-ebb3fb7f1985: Starting segment from index:0
2019-09-19 16:59:13,903 [de9189f1-401c-48ab-a01e-1e33ebb6cd5b:group-696240B919C1:LeaderElection13] INFO  impl.RaftServerImpl (ServerState.java:setRaftConf(361)) - de9189f1-401c-48ab-a01e-1e33ebb6cd5b:group-696240B919C1 set configuration 0: [de9189f1-401c-48ab-a01e-1e33ebb6cd5b:192.168.157.226:40088], old=null at 0
2019-09-19 16:59:13,940 [b3bdbde1-aba2-47af-9538-bc5ccd76a2e7:group-EBB3FB7F1985:LeaderElection12] INFO  impl.RaftServerImpl (ServerState.java:setRaftConf(361)) - b3bdbde1-aba2-47af-9538-bc5ccd76a2e7:group-EBB3FB7F1985 set configuration 0: [b3bdbde1-aba2-47af-9538-bc5ccd76a2e7:192.168.157.226:45771], old=null at 0
2019-09-19 16:59:13,952 [de9189f1-401c-48ab-a01e-1e33ebb6cd5b-SegmentedRaftLogWorker:Storage Directory /workdir/hadoop-ozone/tools/target/test-dir/MiniOzoneClusterImpl-a5ac6908-1030-4589-81cf-eb895152b587/datanode-0/data/ratis/870ed9f3-845b-4180-a3d9-696240b919c1] INFO  segmented.SegmentedRaftLogWorker (SegmentedRaftLogWorker.java:execute(569)) - de9189f1-401c-48ab-a01e-1e33ebb6cd5b-SegmentedRaftLogWorker:Storage Directory /workdir/hadoop-ozone/tools/target/test-dir/MiniOzoneClusterImpl-a5ac6908-1030-4589-81cf-eb895152b587/datanode-0/data/ratis/870ed9f3-845b-4180-a3d9-696240b919c1: created new log segment /workdir/hadoop-ozone/tools/target/test-dir/MiniOzoneClusterImpl-a5ac6908-1030-4589-81cf-eb895152b587/datanode-0/data/ratis/870ed9f3-845b-4180-a3d9-696240b919c1/current/log_inprogress_0
2019-09-19 16:59:13,952 [b3bdbde1-aba2-47af-9538-bc5ccd76a2e7-SegmentedRaftLogWorker:Storage Directory /workdir/hadoop-ozone/tools/target/test-dir/MiniOzoneClusterImpl-a5ac6908-1030-4589-81cf-eb895152b587/datanode-2/data/ratis/1a6da506-b415-4460-8be8-ebb3fb7f1985] INFO  segmented.SegmentedRaftLogWorker (SegmentedRaftLogWorker.java:execute(569)) - b3bdbde1-aba2-47af-9538-bc5ccd76a2e7-SegmentedRaftLogWorker:Storage Directory /workdir/hadoop-ozone/tools/target/test-dir/MiniOzoneClusterImpl-a5ac6908-1030-4589-81cf-eb895152b587/datanode-2/data/ratis/1a6da506-b415-4460-8be8-ebb3fb7f1985: created new log segment /workdir/hadoop-ozone/tools/target/test-dir/MiniOzoneClusterImpl-a5ac6908-1030-4589-81cf-eb895152b587/datanode-2/data/ratis/1a6da506-b415-4460-8be8-ebb3fb7f1985/current/log_inprogress_0
2019-09-19 16:59:13,971 [Thread-224] INFO  impl.FollowerState (FollowerState.java:run(106)) - b3bdbde1-aba2-47af-9538-bc5ccd76a2e7:group-6AFD5A52B623 changes to CANDIDATE, lastRpcTime:5062, electionTimeout:5062ms
2019-09-19 16:59:13,973 [Thread-224] INFO  impl.RoleInfo (RoleInfo.java:shutdownFollowerState(121)) - b3bdbde1-aba2-47af-9538-bc5ccd76a2e7: shutdown FollowerState
2019-09-19 16:59:13,973 [Thread-224] INFO  impl.RaftServerImpl (RaftServerImpl.java:setRole(171)) - b3bdbde1-aba2-47af-9538-bc5ccd76a2e7:group-6AFD5A52B623 changes role from FOLLOWER to CANDIDATE at term 0 for changeToCandidate
2019-09-19 16:59:13,973 [Thread-224] INFO  impl.RoleInfo (RoleInfo.java:updateAndGet(143)) - b3bdbde1-aba2-47af-9538-bc5ccd76a2e7: start LeaderElection
2019-09-19 16:59:13,992 [b3bdbde1-aba2-47af-9538-bc5ccd76a2e7:group-6AFD5A52B623:LeaderElection14] INFO  impl.LeaderElection (LeaderElection.java:askForVotes(181)) - b3bdbde1-aba2-47af-9538-bc5ccd76a2e7:group-6AFD5A52B623:LeaderElection14: begin an election at term 1 for -1: [b3bdbde1-aba2-47af-9538-bc5ccd76a2e7:192.168.157.226:45771], old=null
2019-09-19 16:59:13,994 [b3bdbde1-aba2-47af-9538-bc5ccd76a2e7:group-6AFD5A52B623:LeaderElection14] INFO  impl.RoleInfo (RoleInfo.java:shutdownLeaderElection(134)) - b3bdbde1-aba2-47af-9538-bc5ccd76a2e7: shutdown LeaderElection
2019-09-19 16:59:13,994 [b3bdbde1-aba2-47af-9538-bc5ccd76a2e7:group-6AFD5A52B623:LeaderElection14] INFO  impl.RaftServerImpl (RaftServerImpl.java:setRole(171)) - b3bdbde1-aba2-47af-9538-bc5ccd76a2e7:group-6AFD5A52B623 changes role from CANDIDATE to LEADER at term 1 for changeToLeader
2019-09-19 16:59:13,994 [b3bdbde1-aba2-47af-9538-bc5ccd76a2e7:group-6AFD5A52B623:LeaderElection14] INFO  impl.RaftServerImpl (ServerState.java:setLeader(263)) - b3bdbde1-aba2-47af-9538-bc5ccd76a2e7:group-6AFD5A52B623 change Leader from null to b3bdbde1-aba2-47af-9538-bc5ccd76a2e7 at term 1 for becomeLeader, leader elected after 5089ms
2019-09-19 16:59:13,995 [b3bdbde1-aba2-47af-9538-bc5ccd76a2e7:group-6AFD5A52B623:LeaderElection14] INFO  server.RaftServerConfigKeys (ConfUtils.java:logGet(43)) - raft.server.staging.catchup.gap = 1000 (default)
2019-09-19 16:59:13,995 [b3bdbde1-aba2-47af-9538-bc5ccd76a2e7:group-6AFD5A52B623:LeaderElection14] INFO  server.RaftServerConfigKeys (ConfUtils.java:logGet(43)) - raft.server.rpc.sleep.time = 25ms (default)
2019-09-19 16:59:13,995 [b3bdbde1-aba2-47af-9538-bc5ccd76a2e7:group-6AFD5A52B623:LeaderElection14] INFO  server.RaftServerConfigKeys (ConfUtils.java:logGet(43)) - raft.server.write.element-limit = 4096 (default)
2019-09-19 16:59:13,995 [b3bdbde1-aba2-47af-9538-bc5ccd76a2e7:group-6AFD5A52B623:LeaderElection14] INFO  server.RaftServerConfigKeys (ConfUtils.java:logGet(43)) - raft.server.watch.timeout = 10s (default)
2019-09-19 16:59:13,995 [b3bdbde1-aba2-47af-9538-bc5ccd76a2e7:group-6AFD5A52B623:LeaderElection14] INFO  server.RaftServerConfigKeys (ConfUtils.java:logGet(43)) - raft.server.watch.timeout.denomination = 1s (default)
2019-09-19 16:59:13,996 [b3bdbde1-aba2-47af-9538-bc5ccd76a2e7:group-6AFD5A52B623:LeaderElection14] INFO  server.RaftServerConfigKeys (ConfUtils.java:logGet(43)) - raft.server.watch.element-limit = 65536 (default)
2019-09-19 16:59:13,996 [b3bdbde1-aba2-47af-9538-bc5ccd76a2e7:group-6AFD5A52B623:LeaderElection14] INFO  impl.RoleInfo (RoleInfo.java:updateAndGet(143)) - b3bdbde1-aba2-47af-9538-bc5ccd76a2e7: start LeaderState
2019-09-19 16:59:13,996 [b3bdbde1-aba2-47af-9538-bc5ccd76a2e7:group-6AFD5A52B623:LeaderElection14] INFO  segmented.SegmentedRaftLogWorker (SegmentedRaftLogWorker.java:startLogSegment(380)) - b3bdbde1-aba2-47af-9538-bc5ccd76a2e7-SegmentedRaftLogWorker:Storage Directory /workdir/hadoop-ozone/tools/target/test-dir/MiniOzoneClusterImpl-a5ac6908-1030-4589-81cf-eb895152b587/datanode-2/data/ratis/c6a5cb90-ab79-445d-bc5e-6afd5a52b623: Starting segment from index:0
2019-09-19 16:59:13,997 [b3bdbde1-aba2-47af-9538-bc5ccd76a2e7:group-6AFD5A52B623:LeaderElection14] INFO  impl.RaftServerImpl (ServerState.java:setRaftConf(361)) - b3bdbde1-aba2-47af-9538-bc5ccd76a2e7:group-6AFD5A52B623 set configuration 0: [b3bdbde1-aba2-47af-9538-bc5ccd76a2e7:192.168.157.226:45771], old=null at 0
2019-09-19 16:59:14,030 | INFO  | SCMAudit | user=jenkins1000 | ip=192.168.157.226 | op=SEND_HEARTBEAT {datanodeUUID=85f39efa-eef7-4cc0-b720-9885e028acae, command=[]} | ret=SUCCESS |  
2019-09-19 16:59:14,039 [b3bdbde1-aba2-47af-9538-bc5ccd76a2e7-SegmentedRaftLogWorker:Storage Directory /workdir/hadoop-ozone/tools/target/test-dir/MiniOzoneClusterImpl-a5ac6908-1030-4589-81cf-eb895152b587/datanode-2/data/ratis/c6a5cb90-ab79-445d-bc5e-6afd5a52b623] INFO  segmented.SegmentedRaftLogWorker (SegmentedRaftLogWorker.java:execute(569)) - b3bdbde1-aba2-47af-9538-bc5ccd76a2e7-SegmentedRaftLogWorker:Storage Directory /workdir/hadoop-ozone/tools/target/test-dir/MiniOzoneClusterImpl-a5ac6908-1030-4589-81cf-eb895152b587/datanode-2/data/ratis/c6a5cb90-ab79-445d-bc5e-6afd5a52b623: created new log segment /workdir/hadoop-ozone/tools/target/test-dir/MiniOzoneClusterImpl-a5ac6908-1030-4589-81cf-eb895152b587/datanode-2/data/ratis/c6a5cb90-ab79-445d-bc5e-6afd5a52b623/current/log_inprogress_0
2019-09-19 16:59:14,055 [Thread-227] INFO  impl.FollowerState (FollowerState.java:run(106)) - b3bdbde1-aba2-47af-9538-bc5ccd76a2e7:group-3FE5631D2C00 changes to CANDIDATE, lastRpcTime:5075, electionTimeout:5075ms
2019-09-19 16:59:14,055 [Thread-227] INFO  impl.RoleInfo (RoleInfo.java:shutdownFollowerState(121)) - b3bdbde1-aba2-47af-9538-bc5ccd76a2e7: shutdown FollowerState
2019-09-19 16:59:14,055 [Thread-227] INFO  impl.RaftServerImpl (RaftServerImpl.java:setRole(171)) - b3bdbde1-aba2-47af-9538-bc5ccd76a2e7:group-3FE5631D2C00 changes role from FOLLOWER to CANDIDATE at term 0 for changeToCandidate
2019-09-19 16:59:14,055 [Thread-227] INFO  impl.RoleInfo (RoleInfo.java:updateAndGet(143)) - b3bdbde1-aba2-47af-9538-bc5ccd76a2e7: start LeaderElection
2019-09-19 16:59:14,062 [Thread-230] INFO  impl.FollowerState (FollowerState.java:run(106)) - b3bdbde1-aba2-47af-9538-bc5ccd76a2e7:group-0B3C6D7EC3C0 changes to CANDIDATE, lastRpcTime:5008, electionTimeout:5008ms
2019-09-19 16:59:14,063 [Thread-230] INFO  impl.RoleInfo (RoleInfo.java:shutdownFollowerState(121)) - b3bdbde1-aba2-47af-9538-bc5ccd76a2e7: shutdown FollowerState
2019-09-19 16:59:14,063 [Thread-230] INFO  impl.RaftServerImpl (RaftServerImpl.java:setRole(171)) - b3bdbde1-aba2-47af-9538-bc5ccd76a2e7:group-0B3C6D7EC3C0 changes role from FOLLOWER to CANDIDATE at term 0 for changeToCandidate
2019-09-19 16:59:14,063 [Thread-230] INFO  impl.RoleInfo (RoleInfo.java:updateAndGet(143)) - b3bdbde1-aba2-47af-9538-bc5ccd76a2e7: start LeaderElection
2019-09-19 16:59:14,072 [b3bdbde1-aba2-47af-9538-bc5ccd76a2e7:group-3FE5631D2C00:LeaderElection15] INFO  impl.LeaderElection (LeaderElection.java:askForVotes(181)) - b3bdbde1-aba2-47af-9538-bc5ccd76a2e7:group-3FE5631D2C00:LeaderElection15: begin an election at term 1 for -1: [b3bdbde1-aba2-47af-9538-bc5ccd76a2e7:192.168.157.226:45771], old=null
2019-09-19 16:59:14,072 [b3bdbde1-aba2-47af-9538-bc5ccd76a2e7:group-0B3C6D7EC3C0:LeaderElection16] INFO  impl.LeaderElection (LeaderElection.java:askForVotes(181)) - b3bdbde1-aba2-47af-9538-bc5ccd76a2e7:group-0B3C6D7EC3C0:LeaderElection16: begin an election at term 1 for -1: [b3bdbde1-aba2-47af-9538-bc5ccd76a2e7:192.168.157.226:45771], old=null
2019-09-19 16:59:14,072 [b3bdbde1-aba2-47af-9538-bc5ccd76a2e7:group-3FE5631D2C00:LeaderElection15] INFO  impl.RoleInfo (RoleInfo.java:shutdownLeaderElection(134)) - b3bdbde1-aba2-47af-9538-bc5ccd76a2e7: shutdown LeaderElection
2019-09-19 16:59:14,072 [b3bdbde1-aba2-47af-9538-bc5ccd76a2e7:group-0B3C6D7EC3C0:LeaderElection16] INFO  impl.RoleInfo (RoleInfo.java:shutdownLeaderElection(134)) - b3bdbde1-aba2-47af-9538-bc5ccd76a2e7: shutdown LeaderElection
2019-09-19 16:59:14,072 [b3bdbde1-aba2-47af-9538-bc5ccd76a2e7:group-3FE5631D2C00:LeaderElection15] INFO  impl.RaftServerImpl (RaftServerImpl.java:setRole(171)) - b3bdbde1-aba2-47af-9538-bc5ccd76a2e7:group-3FE5631D2C00 changes role from CANDIDATE to LEADER at term 1 for changeToLeader
2019-09-19 16:59:14,073 [b3bdbde1-aba2-47af-9538-bc5ccd76a2e7:group-0B3C6D7EC3C0:LeaderElection16] INFO  impl.RaftServerImpl (RaftServerImpl.java:setRole(171)) - b3bdbde1-aba2-47af-9538-bc5ccd76a2e7:group-0B3C6D7EC3C0 changes role from CANDIDATE to LEADER at term 1 for changeToLeader
2019-09-19 16:59:14,073 [b3bdbde1-aba2-47af-9538-bc5ccd76a2e7:group-3FE5631D2C00:LeaderElection15] INFO  impl.RaftServerImpl (ServerState.java:setLeader(263)) - b3bdbde1-aba2-47af-9538-bc5ccd76a2e7:group-3FE5631D2C00 change Leader from null to b3bdbde1-aba2-47af-9538-bc5ccd76a2e7 at term 1 for becomeLeader, leader elected after 5098ms
2019-09-19 16:59:14,073 [b3bdbde1-aba2-47af-9538-bc5ccd76a2e7:group-0B3C6D7EC3C0:LeaderElection16] INFO  impl.RaftServerImpl (ServerState.java:setLeader(263)) - b3bdbde1-aba2-47af-9538-bc5ccd76a2e7:group-0B3C6D7EC3C0 change Leader from null to b3bdbde1-aba2-47af-9538-bc5ccd76a2e7 at term 1 for becomeLeader, leader elected after 5024ms
2019-09-19 16:59:14,073 [b3bdbde1-aba2-47af-9538-bc5ccd76a2e7:group-3FE5631D2C00:LeaderElection15] INFO  server.RaftServerConfigKeys (ConfUtils.java:logGet(43)) - raft.server.staging.catchup.gap = 1000 (default)
2019-09-19 16:59:14,073 [b3bdbde1-aba2-47af-9538-bc5ccd76a2e7:group-0B3C6D7EC3C0:LeaderElection16] INFO  server.RaftServerConfigKeys (ConfUtils.java:logGet(43)) - raft.server.staging.catchup.gap = 1000 (default)
2019-09-19 16:59:14,073 [b3bdbde1-aba2-47af-9538-bc5ccd76a2e7:group-3FE5631D2C00:LeaderElection15] INFO  server.RaftServerConfigKeys (ConfUtils.java:logGet(43)) - raft.server.rpc.sleep.time = 25ms (default)
2019-09-19 16:59:14,073 [b3bdbde1-aba2-47af-9538-bc5ccd76a2e7:group-0B3C6D7EC3C0:LeaderElection16] INFO  server.RaftServerConfigKeys (ConfUtils.java:logGet(43)) - raft.server.rpc.sleep.time = 25ms (default)
2019-09-19 16:59:14,073 [b3bdbde1-aba2-47af-9538-bc5ccd76a2e7:group-3FE5631D2C00:LeaderElection15] INFO  server.RaftServerConfigKeys (ConfUtils.java:logGet(43)) - raft.server.write.element-limit = 4096 (default)
2019-09-19 16:59:14,074 [b3bdbde1-aba2-47af-9538-bc5ccd76a2e7:group-0B3C6D7EC3C0:LeaderElection16] INFO  server.RaftServerConfigKeys (ConfUtils.java:logGet(43)) - raft.server.write.element-limit = 4096 (default)
2019-09-19 16:59:14,074 [b3bdbde1-aba2-47af-9538-bc5ccd76a2e7:group-3FE5631D2C00:LeaderElection15] INFO  server.RaftServerConfigKeys (ConfUtils.java:logGet(43)) - raft.server.watch.timeout = 10s (default)
2019-09-19 16:59:14,074 [b3bdbde1-aba2-47af-9538-bc5ccd76a2e7:group-0B3C6D7EC3C0:LeaderElection16] INFO  server.RaftServerConfigKeys (ConfUtils.java:logGet(43)) - raft.server.watch.timeout = 10s (default)
2019-09-19 16:59:14,074 [b3bdbde1-aba2-47af-9538-bc5ccd76a2e7:group-3FE5631D2C00:LeaderElection15] INFO  server.RaftServerConfigKeys (ConfUtils.java:logGet(43)) - raft.server.watch.timeout.denomination = 1s (default)
2019-09-19 16:59:14,074 [b3bdbde1-aba2-47af-9538-bc5ccd76a2e7:group-0B3C6D7EC3C0:LeaderElection16] INFO  server.RaftServerConfigKeys (ConfUtils.java:logGet(43)) - raft.server.watch.timeout.denomination = 1s (default)
2019-09-19 16:59:14,074 [b3bdbde1-aba2-47af-9538-bc5ccd76a2e7:group-3FE5631D2C00:LeaderElection15] INFO  server.RaftServerConfigKeys (ConfUtils.java:logGet(43)) - raft.server.watch.element-limit = 65536 (default)
2019-09-19 16:59:14,074 [b3bdbde1-aba2-47af-9538-bc5ccd76a2e7:group-0B3C6D7EC3C0:LeaderElection16] INFO  server.RaftServerConfigKeys (ConfUtils.java:logGet(43)) - raft.server.watch.element-limit = 65536 (default)
2019-09-19 16:59:14,074 [b3bdbde1-aba2-47af-9538-bc5ccd76a2e7:group-3FE5631D2C00:LeaderElection15] INFO  impl.RoleInfo (RoleInfo.java:updateAndGet(143)) - b3bdbde1-aba2-47af-9538-bc5ccd76a2e7: start LeaderState
2019-09-19 16:59:14,075 [b3bdbde1-aba2-47af-9538-bc5ccd76a2e7:group-0B3C6D7EC3C0:LeaderElection16] INFO  impl.RoleInfo (RoleInfo.java:updateAndGet(143)) - b3bdbde1-aba2-47af-9538-bc5ccd76a2e7: start LeaderState
2019-09-19 16:59:14,075 [b3bdbde1-aba2-47af-9538-bc5ccd76a2e7:group-3FE5631D2C00:LeaderElection15] INFO  segmented.SegmentedRaftLogWorker (SegmentedRaftLogWorker.java:startLogSegment(380)) - b3bdbde1-aba2-47af-9538-bc5ccd76a2e7-SegmentedRaftLogWorker:Storage Directory /workdir/hadoop-ozone/tools/target/test-dir/MiniOzoneClusterImpl-a5ac6908-1030-4589-81cf-eb895152b587/datanode-2/data/ratis/b3dc0756-5023-40d8-a265-3fe5631d2c00: Starting segment from index:0
2019-09-19 16:59:14,075 [b3bdbde1-aba2-47af-9538-bc5ccd76a2e7:group-0B3C6D7EC3C0:LeaderElection16] INFO  segmented.SegmentedRaftLogWorker (SegmentedRaftLogWorker.java:startLogSegment(380)) - b3bdbde1-aba2-47af-9538-bc5ccd76a2e7-SegmentedRaftLogWorker:Storage Directory /workdir/hadoop-ozone/tools/target/test-dir/MiniOzoneClusterImpl-a5ac6908-1030-4589-81cf-eb895152b587/datanode-2/data/ratis/9700a8fe-1be3-4a3f-a295-0b3c6d7ec3c0: Starting segment from index:0
2019-09-19 16:59:14,075 [b3bdbde1-aba2-47af-9538-bc5ccd76a2e7:group-3FE5631D2C00:LeaderElection15] INFO  impl.RaftServerImpl (ServerState.java:setRaftConf(361)) - b3bdbde1-aba2-47af-9538-bc5ccd76a2e7:group-3FE5631D2C00 set configuration 0: [b3bdbde1-aba2-47af-9538-bc5ccd76a2e7:192.168.157.226:45771], old=null at 0
2019-09-19 16:59:14,110 [b3bdbde1-aba2-47af-9538-bc5ccd76a2e7:group-0B3C6D7EC3C0:LeaderElection16] INFO  impl.RaftServerImpl (ServerState.java:setRaftConf(361)) - b3bdbde1-aba2-47af-9538-bc5ccd76a2e7:group-0B3C6D7EC3C0 set configuration 0: [b3bdbde1-aba2-47af-9538-bc5ccd76a2e7:192.168.157.226:45771], old=null at 0
2019-09-19 16:59:14,145 [b3bdbde1-aba2-47af-9538-bc5ccd76a2e7-SegmentedRaftLogWorker:Storage Directory /workdir/hadoop-ozone/tools/target/test-dir/MiniOzoneClusterImpl-a5ac6908-1030-4589-81cf-eb895152b587/datanode-2/data/ratis/b3dc0756-5023-40d8-a265-3fe5631d2c00] INFO  segmented.SegmentedRaftLogWorker (SegmentedRaftLogWorker.java:execute(569)) - b3bdbde1-aba2-47af-9538-bc5ccd76a2e7-SegmentedRaftLogWorker:Storage Directory /workdir/hadoop-ozone/tools/target/test-dir/MiniOzoneClusterImpl-a5ac6908-1030-4589-81cf-eb895152b587/datanode-2/data/ratis/b3dc0756-5023-40d8-a265-3fe5631d2c00: created new log segment /workdir/hadoop-ozone/tools/target/test-dir/MiniOzoneClusterImpl-a5ac6908-1030-4589-81cf-eb895152b587/datanode-2/data/ratis/b3dc0756-5023-40d8-a265-3fe5631d2c00/current/log_inprogress_0
2019-09-19 16:59:14,158 [b3bdbde1-aba2-47af-9538-bc5ccd76a2e7-SegmentedRaftLogWorker:Storage Directory /workdir/hadoop-ozone/tools/target/test-dir/MiniOzoneClusterImpl-a5ac6908-1030-4589-81cf-eb895152b587/datanode-2/data/ratis/9700a8fe-1be3-4a3f-a295-0b3c6d7ec3c0] INFO  segmented.SegmentedRaftLogWorker (SegmentedRaftLogWorker.java:execute(569)) - b3bdbde1-aba2-47af-9538-bc5ccd76a2e7-SegmentedRaftLogWorker:Storage Directory /workdir/hadoop-ozone/tools/target/test-dir/MiniOzoneClusterImpl-a5ac6908-1030-4589-81cf-eb895152b587/datanode-2/data/ratis/9700a8fe-1be3-4a3f-a295-0b3c6d7ec3c0: created new log segment /workdir/hadoop-ozone/tools/target/test-dir/MiniOzoneClusterImpl-a5ac6908-1030-4589-81cf-eb895152b587/datanode-2/data/ratis/9700a8fe-1be3-4a3f-a295-0b3c6d7ec3c0/current/log_inprogress_0
2019-09-19 16:59:14,210 [Thread-233] INFO  impl.FollowerState (FollowerState.java:run(106)) - 85f39efa-eef7-4cc0-b720-9885e028acae:group-1A11BC7B3C40 changes to CANDIDATE, lastRpcTime:5097, electionTimeout:5097ms
2019-09-19 16:59:14,212 [Thread-233] INFO  impl.RoleInfo (RoleInfo.java:shutdownFollowerState(121)) - 85f39efa-eef7-4cc0-b720-9885e028acae: shutdown FollowerState
2019-09-19 16:59:14,212 [Thread-233] INFO  impl.RaftServerImpl (RaftServerImpl.java:setRole(171)) - 85f39efa-eef7-4cc0-b720-9885e028acae:group-1A11BC7B3C40 changes role from FOLLOWER to CANDIDATE at term 0 for changeToCandidate
2019-09-19 16:59:14,213 [Thread-233] INFO  impl.RoleInfo (RoleInfo.java:updateAndGet(143)) - 85f39efa-eef7-4cc0-b720-9885e028acae: start LeaderElection
2019-09-19 16:59:14,231 [85f39efa-eef7-4cc0-b720-9885e028acae:group-1A11BC7B3C40:LeaderElection17] INFO  impl.LeaderElection (LeaderElection.java:askForVotes(181)) - 85f39efa-eef7-4cc0-b720-9885e028acae:group-1A11BC7B3C40:LeaderElection17: begin an election at term 1 for -1: [85f39efa-eef7-4cc0-b720-9885e028acae:192.168.157.226:41642], old=null
2019-09-19 16:59:14,232 [85f39efa-eef7-4cc0-b720-9885e028acae:group-1A11BC7B3C40:LeaderElection17] INFO  impl.RoleInfo (RoleInfo.java:shutdownLeaderElection(134)) - 85f39efa-eef7-4cc0-b720-9885e028acae: shutdown LeaderElection
2019-09-19 16:59:14,232 [85f39efa-eef7-4cc0-b720-9885e028acae:group-1A11BC7B3C40:LeaderElection17] INFO  impl.RaftServerImpl (RaftServerImpl.java:setRole(171)) - 85f39efa-eef7-4cc0-b720-9885e028acae:group-1A11BC7B3C40 changes role from CANDIDATE to LEADER at term 1 for changeToLeader
2019-09-19 16:59:14,232 [85f39efa-eef7-4cc0-b720-9885e028acae:group-1A11BC7B3C40:LeaderElection17] INFO  impl.RaftServerImpl (ServerState.java:setLeader(263)) - 85f39efa-eef7-4cc0-b720-9885e028acae:group-1A11BC7B3C40 change Leader from null to 85f39efa-eef7-4cc0-b720-9885e028acae at term 1 for becomeLeader, leader elected after 5124ms
2019-09-19 16:59:14,233 [85f39efa-eef7-4cc0-b720-9885e028acae:group-1A11BC7B3C40:LeaderElection17] INFO  server.RaftServerConfigKeys (ConfUtils.java:logGet(43)) - raft.server.staging.catchup.gap = 1000 (default)
2019-09-19 16:59:14,233 [85f39efa-eef7-4cc0-b720-9885e028acae:group-1A11BC7B3C40:LeaderElection17] INFO  server.RaftServerConfigKeys (ConfUtils.java:logGet(43)) - raft.server.rpc.sleep.time = 25ms (default)
2019-09-19 16:59:14,233 [85f39efa-eef7-4cc0-b720-9885e028acae:group-1A11BC7B3C40:LeaderElection17] INFO  server.RaftServerConfigKeys (ConfUtils.java:logGet(43)) - raft.server.write.element-limit = 4096 (default)
2019-09-19 16:59:14,233 [85f39efa-eef7-4cc0-b720-9885e028acae:group-1A11BC7B3C40:LeaderElection17] INFO  server.RaftServerConfigKeys (ConfUtils.java:logGet(43)) - raft.server.watch.timeout = 10s (default)
2019-09-19 16:59:14,233 [85f39efa-eef7-4cc0-b720-9885e028acae:group-1A11BC7B3C40:LeaderElection17] INFO  server.RaftServerConfigKeys (ConfUtils.java:logGet(43)) - raft.server.watch.timeout.denomination = 1s (default)
2019-09-19 16:59:14,234 [85f39efa-eef7-4cc0-b720-9885e028acae:group-1A11BC7B3C40:LeaderElection17] INFO  server.RaftServerConfigKeys (ConfUtils.java:logGet(43)) - raft.server.watch.element-limit = 65536 (default)
2019-09-19 16:59:14,234 [85f39efa-eef7-4cc0-b720-9885e028acae:group-1A11BC7B3C40:LeaderElection17] INFO  impl.RoleInfo (RoleInfo.java:updateAndGet(143)) - 85f39efa-eef7-4cc0-b720-9885e028acae: start LeaderState
2019-09-19 16:59:14,234 [85f39efa-eef7-4cc0-b720-9885e028acae:group-1A11BC7B3C40:LeaderElection17] INFO  segmented.SegmentedRaftLogWorker (SegmentedRaftLogWorker.java:startLogSegment(380)) - 85f39efa-eef7-4cc0-b720-9885e028acae-SegmentedRaftLogWorker:Storage Directory /workdir/hadoop-ozone/tools/target/test-dir/MiniOzoneClusterImpl-a5ac6908-1030-4589-81cf-eb895152b587/datanode-1/data/ratis/24a95864-cf29-4702-a147-1a11bc7b3c40: Starting segment from index:0
2019-09-19 16:59:14,235 [85f39efa-eef7-4cc0-b720-9885e028acae:group-1A11BC7B3C40:LeaderElection17] INFO  impl.RaftServerImpl (ServerState.java:setRaftConf(361)) - 85f39efa-eef7-4cc0-b720-9885e028acae:group-1A11BC7B3C40 set configuration 0: [85f39efa-eef7-4cc0-b720-9885e028acae:192.168.157.226:41642], old=null at 0
2019-09-19 16:59:14,276 | INFO  | SCMAudit | user=jenkins1000 | ip=192.168.157.226 | op=SEND_HEARTBEAT {datanodeUUID=b3bdbde1-aba2-47af-9538-bc5ccd76a2e7, command=[]} | ret=SUCCESS |  
2019-09-19 16:59:14,287 [Thread-236] INFO  impl.FollowerState (FollowerState.java:run(106)) - 85f39efa-eef7-4cc0-b720-9885e028acae:group-3BCEFC4BF2B9 changes to CANDIDATE, lastRpcTime:5114, electionTimeout:5114ms
2019-09-19 16:59:14,288 [Thread-236] INFO  impl.RoleInfo (RoleInfo.java:shutdownFollowerState(121)) - 85f39efa-eef7-4cc0-b720-9885e028acae: shutdown FollowerState
2019-09-19 16:59:14,288 [Thread-236] INFO  impl.RaftServerImpl (RaftServerImpl.java:setRole(171)) - 85f39efa-eef7-4cc0-b720-9885e028acae:group-3BCEFC4BF2B9 changes role from FOLLOWER to CANDIDATE at term 0 for changeToCandidate
2019-09-19 16:59:14,288 [Thread-236] INFO  impl.RoleInfo (RoleInfo.java:updateAndGet(143)) - 85f39efa-eef7-4cc0-b720-9885e028acae: start LeaderElection
2019-09-19 16:59:14,297 [85f39efa-eef7-4cc0-b720-9885e028acae-SegmentedRaftLogWorker:Storage Directory /workdir/hadoop-ozone/tools/target/test-dir/MiniOzoneClusterImpl-a5ac6908-1030-4589-81cf-eb895152b587/datanode-1/data/ratis/24a95864-cf29-4702-a147-1a11bc7b3c40] INFO  segmented.SegmentedRaftLogWorker (SegmentedRaftLogWorker.java:execute(569)) - 85f39efa-eef7-4cc0-b720-9885e028acae-SegmentedRaftLogWorker:Storage Directory /workdir/hadoop-ozone/tools/target/test-dir/MiniOzoneClusterImpl-a5ac6908-1030-4589-81cf-eb895152b587/datanode-1/data/ratis/24a95864-cf29-4702-a147-1a11bc7b3c40: created new log segment /workdir/hadoop-ozone/tools/target/test-dir/MiniOzoneClusterImpl-a5ac6908-1030-4589-81cf-eb895152b587/datanode-1/data/ratis/24a95864-cf29-4702-a147-1a11bc7b3c40/current/log_inprogress_0
2019-09-19 16:59:14,299 [85f39efa-eef7-4cc0-b720-9885e028acae:group-3BCEFC4BF2B9:LeaderElection18] INFO  impl.LeaderElection (LeaderElection.java:askForVotes(181)) - 85f39efa-eef7-4cc0-b720-9885e028acae:group-3BCEFC4BF2B9:LeaderElection18: begin an election at term 1 for -1: [85f39efa-eef7-4cc0-b720-9885e028acae:192.168.157.226:41642], old=null
2019-09-19 16:59:14,299 [85f39efa-eef7-4cc0-b720-9885e028acae:group-3BCEFC4BF2B9:LeaderElection18] INFO  impl.RoleInfo (RoleInfo.java:shutdownLeaderElection(134)) - 85f39efa-eef7-4cc0-b720-9885e028acae: shutdown LeaderElection
2019-09-19 16:59:14,299 [85f39efa-eef7-4cc0-b720-9885e028acae:group-3BCEFC4BF2B9:LeaderElection18] INFO  impl.RaftServerImpl (RaftServerImpl.java:setRole(171)) - 85f39efa-eef7-4cc0-b720-9885e028acae:group-3BCEFC4BF2B9 changes role from CANDIDATE to LEADER at term 1 for changeToLeader
2019-09-19 16:59:14,299 [85f39efa-eef7-4cc0-b720-9885e028acae:group-3BCEFC4BF2B9:LeaderElection18] INFO  impl.RaftServerImpl (ServerState.java:setLeader(263)) - 85f39efa-eef7-4cc0-b720-9885e028acae:group-3BCEFC4BF2B9 change Leader from null to 85f39efa-eef7-4cc0-b720-9885e028acae at term 1 for becomeLeader, leader elected after 5130ms
2019-09-19 16:59:14,299 [85f39efa-eef7-4cc0-b720-9885e028acae:group-3BCEFC4BF2B9:LeaderElection18] INFO  server.RaftServerConfigKeys (ConfUtils.java:logGet(43)) - raft.server.staging.catchup.gap = 1000 (default)
2019-09-19 16:59:14,299 [85f39efa-eef7-4cc0-b720-9885e028acae:group-3BCEFC4BF2B9:LeaderElection18] INFO  server.RaftServerConfigKeys (ConfUtils.java:logGet(43)) - raft.server.rpc.sleep.time = 25ms (default)
2019-09-19 16:59:14,300 [85f39efa-eef7-4cc0-b720-9885e028acae:group-3BCEFC4BF2B9:LeaderElection18] INFO  server.RaftServerConfigKeys (ConfUtils.java:logGet(43)) - raft.server.write.element-limit = 4096 (default)
2019-09-19 16:59:14,300 [85f39efa-eef7-4cc0-b720-9885e028acae:group-3BCEFC4BF2B9:LeaderElection18] INFO  server.RaftServerConfigKeys (ConfUtils.java:logGet(43)) - raft.server.watch.timeout = 10s (default)
2019-09-19 16:59:14,300 [85f39efa-eef7-4cc0-b720-9885e028acae:group-3BCEFC4BF2B9:LeaderElection18] INFO  server.RaftServerConfigKeys (ConfUtils.java:logGet(43)) - raft.server.watch.timeout.denomination = 1s (default)
2019-09-19 16:59:14,300 [85f39efa-eef7-4cc0-b720-9885e028acae:group-3BCEFC4BF2B9:LeaderElection18] INFO  server.RaftServerConfigKeys (ConfUtils.java:logGet(43)) - raft.server.watch.element-limit = 65536 (default)
2019-09-19 16:59:14,300 [85f39efa-eef7-4cc0-b720-9885e028acae:group-3BCEFC4BF2B9:LeaderElection18] INFO  impl.RoleInfo (RoleInfo.java:updateAndGet(143)) - 85f39efa-eef7-4cc0-b720-9885e028acae: start LeaderState
2019-09-19 16:59:14,301 [85f39efa-eef7-4cc0-b720-9885e028acae:group-3BCEFC4BF2B9:LeaderElection18] INFO  segmented.SegmentedRaftLogWorker (SegmentedRaftLogWorker.java:startLogSegment(380)) - 85f39efa-eef7-4cc0-b720-9885e028acae-SegmentedRaftLogWorker:Storage Directory /workdir/hadoop-ozone/tools/target/test-dir/MiniOzoneClusterImpl-a5ac6908-1030-4589-81cf-eb895152b587/datanode-1/data/ratis/452df44a-9f94-4668-9829-3bcefc4bf2b9: Starting segment from index:0
2019-09-19 16:59:14,301 [85f39efa-eef7-4cc0-b720-9885e028acae:group-3BCEFC4BF2B9:LeaderElection18] INFO  impl.RaftServerImpl (ServerState.java:setRaftConf(361)) - 85f39efa-eef7-4cc0-b720-9885e028acae:group-3BCEFC4BF2B9 set configuration 0: [85f39efa-eef7-4cc0-b720-9885e028acae:192.168.157.226:41642], old=null at 0
2019-09-19 16:59:14,351 [85f39efa-eef7-4cc0-b720-9885e028acae-SegmentedRaftLogWorker:Storage Directory /workdir/hadoop-ozone/tools/target/test-dir/MiniOzoneClusterImpl-a5ac6908-1030-4589-81cf-eb895152b587/datanode-1/data/ratis/452df44a-9f94-4668-9829-3bcefc4bf2b9] INFO  segmented.SegmentedRaftLogWorker (SegmentedRaftLogWorker.java:execute(569)) - 85f39efa-eef7-4cc0-b720-9885e028acae-SegmentedRaftLogWorker:Storage Directory /workdir/hadoop-ozone/tools/target/test-dir/MiniOzoneClusterImpl-a5ac6908-1030-4589-81cf-eb895152b587/datanode-1/data/ratis/452df44a-9f94-4668-9829-3bcefc4bf2b9: created new log segment /workdir/hadoop-ozone/tools/target/test-dir/MiniOzoneClusterImpl-a5ac6908-1030-4589-81cf-eb895152b587/datanode-1/data/ratis/452df44a-9f94-4668-9829-3bcefc4bf2b9/current/log_inprogress_0
 100.00% |█████████████████████████████████████████████████████████████████████████████████████████████████████|  1/1 Time: 0:00:06
2019-09-19 16:59:14,779 | INFO  | SCMAudit | user=jenkins1000 | ip=192.168.157.226 | op=SEND_HEARTBEAT {datanodeUUID=de9189f1-401c-48ab-a01e-1e33ebb6cd5b, command=[]} | ret=SUCCESS |  
2019-09-19 16:59:15,029 | INFO  | SCMAudit | user=jenkins1000 | ip=192.168.157.226 | op=SEND_HEARTBEAT {datanodeUUID=85f39efa-eef7-4cc0-b720-9885e028acae, command=[]} | ret=SUCCESS |  
2019-09-19 16:59:15,276 | INFO  | SCMAudit | user=jenkins1000 | ip=192.168.157.226 | op=SEND_HEARTBEAT {datanodeUUID=b3bdbde1-aba2-47af-9538-bc5ccd76a2e7, command=[]} | ret=SUCCESS |  
2019-09-19 16:59:15,780 | INFO  | SCMAudit | user=jenkins1000 | ip=192.168.157.226 | op=SEND_HEARTBEAT {datanodeUUID=de9189f1-401c-48ab-a01e-1e33ebb6cd5b, command=[]} | ret=SUCCESS |  
2019-09-19 16:59:16,030 | INFO  | SCMAudit | user=jenkins1000 | ip=192.168.157.226 | op=SEND_HEARTBEAT {datanodeUUID=85f39efa-eef7-4cc0-b720-9885e028acae, command=[]} | ret=SUCCESS |  
2019-09-19 16:59:16,277 | INFO  | SCMAudit | user=jenkins1000 | ip=192.168.157.226 | op=SEND_HEARTBEAT {datanodeUUID=b3bdbde1-aba2-47af-9538-bc5ccd76a2e7, command=[]} | ret=SUCCESS |  
2019-09-19 16:59:16,779 | INFO  | SCMAudit | user=jenkins1000 | ip=192.168.157.226 | op=SEND_HEARTBEAT {datanodeUUID=de9189f1-401c-48ab-a01e-1e33ebb6cd5b, command=[]} | ret=SUCCESS |  
2019-09-19 16:59:17,037 | INFO  | SCMAudit | user=jenkins1000 | ip=192.168.157.226 | op=SEND_HEARTBEAT {datanodeUUID=85f39efa-eef7-4cc0-b720-9885e028acae, command=[]} | ret=SUCCESS |  
2019-09-19 16:59:17,275 | INFO  | SCMAudit | user=jenkins1000 | ip=192.168.157.226 | op=SEND_HEARTBEAT {datanodeUUID=b3bdbde1-aba2-47af-9538-bc5ccd76a2e7, command=[]} | ret=SUCCESS |  
2019-09-19 16:59:17,778 | INFO  | SCMAudit | user=jenkins1000 | ip=192.168.157.226 | op=SEND_HEARTBEAT {datanodeUUID=de9189f1-401c-48ab-a01e-1e33ebb6cd5b, command=[]} | ret=SUCCESS |  
2019-09-19 16:59:18,028 | INFO  | SCMAudit | user=jenkins1000 | ip=192.168.157.226 | op=SEND_HEARTBEAT {datanodeUUID=85f39efa-eef7-4cc0-b720-9885e028acae, command=[]} | ret=SUCCESS |  
2019-09-19 16:59:18,275 | INFO  | SCMAudit | user=jenkins1000 | ip=192.168.157.226 | op=SEND_HEARTBEAT {datanodeUUID=b3bdbde1-aba2-47af-9538-bc5ccd76a2e7, command=[]} | ret=SUCCESS |  
]]></system-out>
    <system-err><![CDATA[Sep 19, 2019 4:59:01 PM com.sun.jersey.server.impl.application.WebApplicationImpl _initiate
INFO: Initiating Jersey application, version 'Jersey: 1.19 02/11/2015 03:25 AM'
Sep 19, 2019 4:59:02 PM com.sun.jersey.server.impl.application.WebApplicationImpl _initiate
INFO: Initiating Jersey application, version 'Jersey: 1.19 02/11/2015 03:25 AM'
Sep 19, 2019 4:59:03 PM com.sun.jersey.server.impl.application.WebApplicationImpl _initiate
INFO: Initiating Jersey application, version 'Jersey: 1.19 02/11/2015 03:25 AM'
]]></system-err>
  </testcase>
</testsuite>