<?xml version="1.0" encoding="UTF-8"?>
<testsuite xmlns:xsi="http://www.w3.org/2001/XMLSchema-instance" xsi:noNamespaceSchemaLocation="https://maven.apache.org/surefire/maven-surefire-plugin/xsd/surefire-test-report.xsd" name="org.apache.hadoop.ozone.freon.TestDataValidateWithUnsafeByteOperations" time="58.434" tests="3" errors="3" skipped="0" failures="0">
  <properties>
    <property name="awt.toolkit" value="sun.awt.X11.XToolkit"/>
    <property name="file.encoding.pkg" value="sun.io"/>
    <property name="java.specification.version" value="1.8"/>
    <property name="sun.cpu.isalist" value=""/>
    <property name="sun.jnu.encoding" value="UTF-8"/>
    <property name="java.class.path" value="/workdir/hadoop-ozone/tools/target/test-classes:/workdir/hadoop-ozone/tools/target/classes:/home/user/.m2/repository/org/apache/hadoop/hadoop-ozone-ozone-manager/0.5.0-SNAPSHOT/hadoop-ozone-ozone-manager-0.5.0-SNAPSHOT.jar:/home/user/.m2/repository/org/apache/hadoop/hadoop-hdds-docs/0.5.0-SNAPSHOT/hadoop-hdds-docs-0.5.0-SNAPSHOT.jar:/home/user/.m2/repository/org/bouncycastle/bcprov-jdk15on/1.60/bcprov-jdk15on-1.60.jar:/home/user/.m2/repository/org/apache/hadoop/hadoop-ozone-common/0.5.0-SNAPSHOT/hadoop-ozone-common-0.5.0-SNAPSHOT.jar:/home/user/.m2/repository/org/apache/commons/commons-compress/1.4.1/commons-compress-1.4.1.jar:/home/user/.m2/repository/org/tukaani/xz/1.0/xz-1.0.jar:/home/user/.m2/repository/org/apache/hadoop/hadoop-hdfs-client/3.2.0/hadoop-hdfs-client-3.2.0.jar:/home/user/.m2/repository/com/fasterxml/jackson/core/jackson-annotations/2.9.5/jackson-annotations-2.9.5.jar:/home/user/.m2/repository/org/apache/hadoop/hadoop-hdds-common/0.5.0-SNAPSHOT/hadoop-hdds-common-0.5.0-SNAPSHOT.jar:/home/user/.m2/repository/org/apache/hadoop/hadoop-hdds-config/0.5.0-SNAPSHOT/hadoop-hdds-config-0.5.0-SNAPSHOT.jar:/home/user/.m2/repository/javax/annotation/javax.annotation-api/1.2/javax.annotation-api-1.2.jar:/home/user/.m2/repository/org/apache/ratis/ratis-server/0.4.0-2337318-SNAPSHOT/ratis-server-0.4.0-2337318-SNAPSHOT.jar:/home/user/.m2/repository/org/apache/ratis/ratis-thirdparty-misc/0.2.0/ratis-thirdparty-misc-0.2.0.jar:/home/user/.m2/repository/org/apache/ratis/ratis-proto/0.4.0-2337318-SNAPSHOT/ratis-proto-0.4.0-2337318-SNAPSHOT.jar:/home/user/.m2/repository/org/apache/ratis/ratis-common/0.4.0-2337318-SNAPSHOT/ratis-common-0.4.0-2337318-SNAPSHOT.jar:/home/user/.m2/repository/org/apache/ratis/ratis-client/0.4.0-2337318-SNAPSHOT/ratis-client-0.4.0-2337318-SNAPSHOT.jar:/home/user/.m2/repository/org/apache/ratis/ratis-metrics/0.4.0-2337318-SNAPSHOT/ratis-metrics-0.4.0-2337318-SNAPSHOT.jar:/home/user/.m2/repository/org/apache/ratis/ratis-netty/0.4.0-2337318-SNAPSHOT/ratis-netty-0.4.0-2337318-SNAPSHOT.jar:/home/user/.m2/repository/org/apache/ratis/ratis-grpc/0.4.0-2337318-SNAPSHOT/ratis-grpc-0.4.0-2337318-SNAPSHOT.jar:/home/user/.m2/repository/org/rocksdb/rocksdbjni/6.0.1/rocksdbjni-6.0.1.jar:/home/user/.m2/repository/org/apache/logging/log4j/log4j-api/2.11.0/log4j-api-2.11.0.jar:/home/user/.m2/repository/org/apache/logging/log4j/log4j-core/2.11.0/log4j-core-2.11.0.jar:/home/user/.m2/repository/com/lmax/disruptor/3.4.2/disruptor-3.4.2.jar:/home/user/.m2/repository/org/apache/commons/commons-pool2/2.6.0/commons-pool2-2.6.0.jar:/home/user/.m2/repository/org/bouncycastle/bcpkix-jdk15on/1.60/bcpkix-jdk15on-1.60.jar:/home/user/.m2/repository/commons-validator/commons-validator/1.6/commons-validator-1.6.jar:/home/user/.m2/repository/commons-digester/commons-digester/1.8.1/commons-digester-1.8.1.jar:/home/user/.m2/repository/io/jaegertracing/jaeger-client/0.33.1/jaeger-client-0.33.1.jar:/home/user/.m2/repository/io/jaegertracing/jaeger-thrift/0.33.1/jaeger-thrift-0.33.1.jar:/home/user/.m2/repository/org/apache/thrift/libthrift/0.11.0/libthrift-0.11.0.jar:/home/user/.m2/repository/com/squareup/okhttp3/okhttp/3.9.0/okhttp-3.9.0.jar:/home/user/.m2/repository/com/squareup/okio/okio/1.13.0/okio-1.13.0.jar:/home/user/.m2/repository/io/jaegertracing/jaeger-core/0.33.1/jaeger-core-0.33.1.jar:/home/user/.m2/repository/io/jaegertracing/jaeger-tracerresolver/0.33.1/jaeger-tracerresolver-0.33.1.jar:/home/user/.m2/repository/io/opentracing/contrib/opentracing-tracerresolver/0.1.5/opentracing-tracerresolver-0.1.5.jar:/home/user/.m2/repository/io/opentracing/opentracing-util/0.31.0/opentracing-util-0.31.0.jar:/home/user/.m2/repository/io/opentracing/opentracing-api/0.31.0/opentracing-api-0.31.0.jar:/home/user/.m2/repository/io/opentracing/opentracing-noop/0.31.0/opentracing-noop-0.31.0.jar:/home/user/.m2/repository/org/yaml/snakeyaml/1.16/snakeyaml-1.16.jar:/home/user/.m2/repository/org/apache/hadoop/hadoop-hdds-container-service/0.5.0-SNAPSHOT/hadoop-hdds-container-service-0.5.0-SNAPSHOT.jar:/home/user/.m2/repository/org/apache/hadoop/hadoop-hdds-client/0.5.0-SNAPSHOT/hadoop-hdds-client-0.5.0-SNAPSHOT.jar:/home/user/.m2/repository/org/apache/hadoop/hadoop-hdds-tools/0.5.0-SNAPSHOT/hadoop-hdds-tools-0.5.0-SNAPSHOT.jar:/home/user/.m2/repository/org/xerial/sqlite-jdbc/3.25.2/sqlite-jdbc-3.25.2.jar:/home/user/.m2/repository/org/apache/hadoop/hadoop-hdds-server-scm/0.5.0-SNAPSHOT/hadoop-hdds-server-scm-0.5.0-SNAPSHOT.jar:/home/user/.m2/repository/org/hamcrest/hamcrest-all/1.3/hamcrest-all-1.3.jar:/home/user/.m2/repository/info/picocli/picocli/3.9.6/picocli-3.9.6.jar:/home/user/.m2/repository/com/google/protobuf/protobuf-java/2.5.0/protobuf-java-2.5.0.jar:/home/user/.m2/repository/com/google/guava/guava/11.0.2/guava-11.0.2.jar:/home/user/.m2/repository/org/apache/hadoop/hadoop-ozone-client/0.5.0-SNAPSHOT/hadoop-ozone-client-0.5.0-SNAPSHOT.jar:/workdir/hadoop-ozone/ozonefs/target/classes:/home/user/.m2/repository/org/apache/hadoop/hadoop-hdds-server-framework/0.5.0-SNAPSHOT/hadoop-hdds-server-framework-0.5.0-SNAPSHOT.jar:/home/user/.m2/repository/org/apache/hadoop/hadoop-common/3.2.0/hadoop-common-3.2.0.jar:/home/user/.m2/repository/org/apache/hadoop/hadoop-annotations/3.2.0/hadoop-annotations-3.2.0.jar:/usr/lib/jvm/java-1.8-openjdk/jre/../lib/tools.jar:/home/user/.m2/repository/commons-cli/commons-cli/1.2/commons-cli-1.2.jar:/home/user/.m2/repository/org/apache/commons/commons-math3/3.1.1/commons-math3-3.1.1.jar:/home/user/.m2/repository/org/apache/httpcomponents/httpclient/4.5.2/httpclient-4.5.2.jar:/home/user/.m2/repository/org/apache/httpcomponents/httpcore/4.4.4/httpcore-4.4.4.jar:/home/user/.m2/repository/commons-codec/commons-codec/1.11/commons-codec-1.11.jar:/home/user/.m2/repository/commons-io/commons-io/2.5/commons-io-2.5.jar:/home/user/.m2/repository/commons-net/commons-net/3.6/commons-net-3.6.jar:/home/user/.m2/repository/commons-collections/commons-collections/3.2.2/commons-collections-3.2.2.jar:/home/user/.m2/repository/javax/servlet/javax.servlet-api/3.1.0/javax.servlet-api-3.1.0.jar:/home/user/.m2/repository/org/eclipse/jetty/jetty-server/9.3.24.v20180605/jetty-server-9.3.24.v20180605.jar:/home/user/.m2/repository/org/eclipse/jetty/jetty-http/9.3.24.v20180605/jetty-http-9.3.24.v20180605.jar:/home/user/.m2/repository/org/eclipse/jetty/jetty-io/9.3.24.v20180605/jetty-io-9.3.24.v20180605.jar:/home/user/.m2/repository/org/eclipse/jetty/jetty-util/9.3.24.v20180605/jetty-util-9.3.24.v20180605.jar:/home/user/.m2/repository/org/eclipse/jetty/jetty-servlet/9.3.24.v20180605/jetty-servlet-9.3.24.v20180605.jar:/home/user/.m2/repository/org/eclipse/jetty/jetty-security/9.3.24.v20180605/jetty-security-9.3.24.v20180605.jar:/home/user/.m2/repository/org/eclipse/jetty/jetty-webapp/9.3.24.v20180605/jetty-webapp-9.3.24.v20180605.jar:/home/user/.m2/repository/org/eclipse/jetty/jetty-xml/9.3.24.v20180605/jetty-xml-9.3.24.v20180605.jar:/home/user/.m2/repository/javax/servlet/jsp/jsp-api/2.1/jsp-api-2.1.jar:/home/user/.m2/repository/com/sun/jersey/jersey-core/1.19/jersey-core-1.19.jar:/home/user/.m2/repository/javax/ws/rs/jsr311-api/1.1.1/jsr311-api-1.1.1.jar:/home/user/.m2/repository/com/sun/jersey/jersey-servlet/1.19/jersey-servlet-1.19.jar:/home/user/.m2/repository/com/sun/jersey/jersey-json/1.19/jersey-json-1.19.jar:/home/user/.m2/repository/org/codehaus/jettison/jettison/1.1/jettison-1.1.jar:/home/user/.m2/repository/com/sun/xml/bind/jaxb-impl/2.3.0.1/jaxb-impl-2.3.0.1.jar:/home/user/.m2/repository/org/codehaus/jackson/jackson-core-asl/1.9.13/jackson-core-asl-1.9.13.jar:/home/user/.m2/repository/org/codehaus/jackson/jackson-mapper-asl/1.9.13/jackson-mapper-asl-1.9.13.jar:/home/user/.m2/repository/org/codehaus/jackson/jackson-jaxrs/1.9.13/jackson-jaxrs-1.9.13.jar:/home/user/.m2/repository/org/codehaus/jackson/jackson-xc/1.9.13/jackson-xc-1.9.13.jar:/home/user/.m2/repository/com/sun/jersey/jersey-server/1.19/jersey-server-1.19.jar:/home/user/.m2/repository/commons-logging/commons-logging/1.1.3/commons-logging-1.1.3.jar:/home/user/.m2/repository/log4j/log4j/1.2.17/log4j-1.2.17.jar:/home/user/.m2/repository/commons-beanutils/commons-beanutils/1.9.3/commons-beanutils-1.9.3.jar:/home/user/.m2/repository/org/apache/commons/commons-configuration2/2.1.1/commons-configuration2-2.1.1.jar:/home/user/.m2/repository/org/apache/commons/commons-lang3/3.7/commons-lang3-3.7.jar:/home/user/.m2/repository/org/apache/commons/commons-text/1.4/commons-text-1.4.jar:/home/user/.m2/repository/org/slf4j/slf4j-api/1.7.25/slf4j-api-1.7.25.jar:/home/user/.m2/repository/org/slf4j/slf4j-log4j12/1.7.25/slf4j-log4j12-1.7.25.jar:/home/user/.m2/repository/org/apache/avro/avro/1.7.7/avro-1.7.7.jar:/home/user/.m2/repository/com/thoughtworks/paranamer/paranamer/2.3/paranamer-2.3.jar:/home/user/.m2/repository/org/xerial/snappy/snappy-java/1.0.5/snappy-java-1.0.5.jar:/home/user/.m2/repository/com/google/re2j/re2j/1.1/re2j-1.1.jar:/home/user/.m2/repository/com/google/code/gson/gson/2.2.4/gson-2.2.4.jar:/home/user/.m2/repository/org/apache/hadoop/hadoop-auth/3.2.0/hadoop-auth-3.2.0.jar:/home/user/.m2/repository/com/nimbusds/nimbus-jose-jwt/4.41.1/nimbus-jose-jwt-4.41.1.jar:/home/user/.m2/repository/com/github/stephenc/jcip/jcip-annotations/1.0-1/jcip-annotations-1.0-1.jar:/home/user/.m2/repository/net/minidev/json-smart/2.3/json-smart-2.3.jar:/home/user/.m2/repository/net/minidev/accessors-smart/1.2/accessors-smart-1.2.jar:/home/user/.m2/repository/org/apache/curator/curator-framework/2.12.0/curator-framework-2.12.0.jar:/home/user/.m2/repository/com/jcraft/jsch/0.1.54/jsch-0.1.54.jar:/home/user/.m2/repository/org/apache/curator/curator-client/2.12.0/curator-client-2.12.0.jar:/home/user/.m2/repository/org/apache/curator/curator-recipes/2.12.0/curator-recipes-2.12.0.jar:/home/user/.m2/repository/com/google/code/findbugs/jsr305/3.0.0/jsr305-3.0.0.jar:/home/user/.m2/repository/org/apache/htrace/htrace-core4/4.1.0-incubating/htrace-core4-4.1.0-incubating.jar:/home/user/.m2/repository/org/apache/zookeeper/zookeeper/3.4.13/zookeeper-3.4.13.jar:/home/user/.m2/repository/org/apache/yetus/audience-annotations/0.5.0/audience-annotations-0.5.0.jar:/home/user/.m2/repository/org/apache/kerby/kerb-simplekdc/1.0.1/kerb-simplekdc-1.0.1.jar:/home/user/.m2/repository/org/apache/kerby/kerb-client/1.0.1/kerb-client-1.0.1.jar:/home/user/.m2/repository/org/apache/kerby/kerby-config/1.0.1/kerby-config-1.0.1.jar:/home/user/.m2/repository/org/apache/kerby/kerb-core/1.0.1/kerb-core-1.0.1.jar:/home/user/.m2/repository/org/apache/kerby/kerby-pkix/1.0.1/kerby-pkix-1.0.1.jar:/home/user/.m2/repository/org/apache/kerby/kerby-asn1/1.0.1/kerby-asn1-1.0.1.jar:/home/user/.m2/repository/org/apache/kerby/kerby-util/1.0.1/kerby-util-1.0.1.jar:/home/user/.m2/repository/org/apache/kerby/kerb-common/1.0.1/kerb-common-1.0.1.jar:/home/user/.m2/repository/org/apache/kerby/kerb-crypto/1.0.1/kerb-crypto-1.0.1.jar:/home/user/.m2/repository/org/apache/kerby/kerb-util/1.0.1/kerb-util-1.0.1.jar:/home/user/.m2/repository/org/apache/kerby/token-provider/1.0.1/token-provider-1.0.1.jar:/home/user/.m2/repository/org/apache/kerby/kerb-admin/1.0.1/kerb-admin-1.0.1.jar:/home/user/.m2/repository/org/apache/kerby/kerb-server/1.0.1/kerb-server-1.0.1.jar:/home/user/.m2/repository/org/apache/kerby/kerb-identity/1.0.1/kerb-identity-1.0.1.jar:/home/user/.m2/repository/org/apache/kerby/kerby-xdr/1.0.1/kerby-xdr-1.0.1.jar:/home/user/.m2/repository/com/fasterxml/jackson/core/jackson-databind/2.9.5/jackson-databind-2.9.5.jar:/home/user/.m2/repository/com/fasterxml/jackson/core/jackson-core/2.9.5/jackson-core-2.9.5.jar:/home/user/.m2/repository/org/codehaus/woodstox/stax2-api/3.1.4/stax2-api-3.1.4.jar:/home/user/.m2/repository/com/fasterxml/woodstox/woodstox-core/5.0.3/woodstox-core-5.0.3.jar:/home/user/.m2/repository/dnsjava/dnsjava/2.1.7/dnsjava-2.1.7.jar:/home/user/.m2/repository/org/apache/hadoop/hadoop-hdfs/3.2.0/hadoop-hdfs-3.2.0.jar:/home/user/.m2/repository/org/eclipse/jetty/jetty-util-ajax/9.3.24.v20180605/jetty-util-ajax-9.3.24.v20180605.jar:/home/user/.m2/repository/commons-daemon/commons-daemon/1.0.13/commons-daemon-1.0.13.jar:/home/user/.m2/repository/io/netty/netty/3.10.5.Final/netty-3.10.5.Final.jar:/home/user/.m2/repository/io/netty/netty-all/4.0.52.Final/netty-all-4.0.52.Final.jar:/home/user/.m2/repository/org/fusesource/leveldbjni/leveldbjni-all/1.8/leveldbjni-all-1.8.jar:/home/user/.m2/repository/com/sun/xml/bind/jaxb-core/2.3.0.1/jaxb-core-2.3.0.1.jar:/home/user/.m2/repository/javax/xml/bind/jaxb-api/2.3.0/jaxb-api-2.3.0.jar:/home/user/.m2/repository/javax/activation/activation/1.1.1/activation-1.1.1.jar:/home/user/.m2/repository/io/dropwizard/metrics/metrics-core/3.2.4/metrics-core-3.2.4.jar:/home/user/.m2/repository/org/openjdk/jmh/jmh-core/1.19/jmh-core-1.19.jar:/home/user/.m2/repository/net/sf/jopt-simple/jopt-simple/4.6/jopt-simple-4.6.jar:/home/user/.m2/repository/org/openjdk/jmh/jmh-generator-annprocess/1.19/jmh-generator-annprocess-1.19.jar:/home/user/.m2/repository/com/google/code/findbugs/findbugs/3.0.1/findbugs-3.0.1.jar:/home/user/.m2/repository/net/jcip/jcip-annotations/1.0/jcip-annotations-1.0.jar:/home/user/.m2/repository/com/google/code/findbugs/bcel-findbugs/6.0/bcel-findbugs-6.0.jar:/home/user/.m2/repository/com/google/code/findbugs/jFormatString/2.0.1/jFormatString-2.0.1.jar:/home/user/.m2/repository/dom4j/dom4j/1.6.1/dom4j-1.6.1.jar:/home/user/.m2/repository/xml-apis/xml-apis/1.0.b2/xml-apis-1.0.b2.jar:/home/user/.m2/repository/org/ow2/asm/asm-debug-all/5.0.2/asm-debug-all-5.0.2.jar:/home/user/.m2/repository/org/ow2/asm/asm-commons/5.0.2/asm-commons-5.0.2.jar:/home/user/.m2/repository/org/ow2/asm/asm-tree/5.0.2/asm-tree-5.0.2.jar:/home/user/.m2/repository/org/ow2/asm/asm/5.0.4/asm-5.0.4.jar:/home/user/.m2/repository/commons-lang/commons-lang/2.6/commons-lang-2.6.jar:/home/user/.m2/repository/com/apple/AppleJavaExtensions/1.4/AppleJavaExtensions-1.4.jar:/home/user/.m2/repository/jaxen/jaxen/1.1.6/jaxen-1.1.6.jar:/home/user/.m2/repository/junit/junit/4.11/junit-4.11.jar:/home/user/.m2/repository/org/hamcrest/hamcrest-core/1.3/hamcrest-core-1.3.jar:/home/user/.m2/repository/org/apache/hadoop/hadoop-common/3.2.0/hadoop-common-3.2.0-tests.jar:/workdir/hadoop-ozone/integration-test/target/test-classes:/home/user/.m2/repository/org/apache/hadoop/hadoop-ozone-objectstore-service/0.5.0-SNAPSHOT/hadoop-ozone-objectstore-service-0.5.0-SNAPSHOT.jar:/home/user/.m2/repository/org/apache/hadoop/hadoop-ozone-s3gateway/0.5.0-SNAPSHOT/hadoop-ozone-s3gateway-0.5.0-SNAPSHOT.jar:/home/user/.m2/repository/org/jboss/weld/servlet/weld-servlet/2.4.7.Final/weld-servlet-2.4.7.Final.jar:/home/user/.m2/repository/org/glassfish/jersey/containers/jersey-container-servlet-core/2.27/jersey-container-servlet-core-2.27.jar:/home/user/.m2/repository/org/glassfish/hk2/external/javax.inject/2.5.0-b42/javax.inject-2.5.0-b42.jar:/home/user/.m2/repository/org/glassfish/jersey/core/jersey-common/2.27/jersey-common-2.27.jar:/home/user/.m2/repository/org/glassfish/hk2/osgi-resource-locator/1.0.1/osgi-resource-locator-1.0.1.jar:/home/user/.m2/repository/javax/ws/rs/javax.ws.rs-api/2.1/javax.ws.rs-api-2.1.jar:/home/user/.m2/repository/org/glassfish/jersey/ext/cdi/jersey-cdi1x/2.27/jersey-cdi1x-2.27.jar:/home/user/.m2/repository/org/glassfish/jersey/inject/jersey-hk2/2.27/jersey-hk2-2.27.jar:/home/user/.m2/repository/org/glassfish/hk2/hk2-locator/2.5.0-b42/hk2-locator-2.5.0-b42.jar:/home/user/.m2/repository/org/javassist/javassist/3.22.0-CR2/javassist-3.22.0-CR2.jar:/home/user/.m2/repository/org/glassfish/hk2/hk2-api/2.5.0/hk2-api-2.5.0.jar:/home/user/.m2/repository/org/glassfish/hk2/external/jakarta.inject/2.5.0/jakarta.inject-2.5.0.jar:/home/user/.m2/repository/org/glassfish/hk2/hk2-utils/2.5.0/hk2-utils-2.5.0.jar:/home/user/.m2/repository/jakarta/annotation/jakarta.annotation-api/1.3.4/jakarta.annotation-api-1.3.4.jar:/home/user/.m2/repository/org/glassfish/hk2/external/aopalliance-repackaged/2.5.0/aopalliance-repackaged-2.5.0.jar:/home/user/.m2/repository/com/fasterxml/jackson/dataformat/jackson-dataformat-xml/2.9.0/jackson-dataformat-xml-2.9.0.jar:/home/user/.m2/repository/com/fasterxml/jackson/module/jackson-module-jaxb-annotations/2.9.5/jackson-module-jaxb-annotations-2.9.5.jar:/home/user/.m2/repository/javax/enterprise/cdi-api/1.2/cdi-api-1.2.jar:/home/user/.m2/repository/javax/el/javax.el-api/3.0.0/javax.el-api-3.0.0.jar:/home/user/.m2/repository/javax/interceptor/javax.interceptor-api/1.2/javax.interceptor-api-1.2.jar:/home/user/.m2/repository/javax/inject/javax.inject/1/javax.inject-1.jar:/home/user/.m2/repository/org/apache/hadoop/hadoop-ozone-csi/0.5.0-SNAPSHOT/hadoop-ozone-csi-0.5.0-SNAPSHOT.jar:/home/user/.m2/repository/com/google/protobuf/protobuf-java-util/3.5.1/protobuf-java-util-3.5.1.jar:/home/user/.m2/repository/io/grpc/grpc-netty/1.17.1/grpc-netty-1.17.1.jar:/home/user/.m2/repository/io/grpc/grpc-core/1.17.1/grpc-core-1.17.1.jar:/home/user/.m2/repository/io/grpc/grpc-context/1.17.1/grpc-context-1.17.1.jar:/home/user/.m2/repository/com/google/errorprone/error_prone_annotations/2.2.0/error_prone_annotations-2.2.0.jar:/home/user/.m2/repository/org/codehaus/mojo/animal-sniffer-annotations/1.17/animal-sniffer-annotations-1.17.jar:/home/user/.m2/repository/io/opencensus/opencensus-api/0.17.0/opencensus-api-0.17.0.jar:/home/user/.m2/repository/io/opencensus/opencensus-contrib-grpc-metrics/0.17.0/opencensus-contrib-grpc-metrics-0.17.0.jar:/home/user/.m2/repository/io/netty/netty-codec-http2/4.1.30.Final/netty-codec-http2-4.1.30.Final.jar:/home/user/.m2/repository/io/netty/netty-codec-http/4.1.30.Final/netty-codec-http-4.1.30.Final.jar:/home/user/.m2/repository/io/netty/netty-codec/4.1.30.Final/netty-codec-4.1.30.Final.jar:/home/user/.m2/repository/io/netty/netty-handler/4.1.30.Final/netty-handler-4.1.30.Final.jar:/home/user/.m2/repository/io/netty/netty-handler-proxy/4.1.30.Final/netty-handler-proxy-4.1.30.Final.jar:/home/user/.m2/repository/io/netty/netty-codec-socks/4.1.30.Final/netty-codec-socks-4.1.30.Final.jar:/home/user/.m2/repository/io/netty/netty-transport-native-epoll/4.1.30.Final/netty-transport-native-epoll-4.1.30.Final.jar:/home/user/.m2/repository/io/netty/netty-common/4.1.30.Final/netty-common-4.1.30.Final.jar:/home/user/.m2/repository/io/netty/netty-buffer/4.1.30.Final/netty-buffer-4.1.30.Final.jar:/home/user/.m2/repository/io/netty/netty-transport/4.1.30.Final/netty-transport-4.1.30.Final.jar:/home/user/.m2/repository/io/netty/netty-resolver/4.1.30.Final/netty-resolver-4.1.30.Final.jar:/home/user/.m2/repository/io/netty/netty-transport-native-unix-common/4.1.30.Final/netty-transport-native-unix-common-4.1.30.Final.jar:/home/user/.m2/repository/io/grpc/grpc-protobuf/1.17.1/grpc-protobuf-1.17.1.jar:/home/user/.m2/repository/com/google/api/grpc/proto-google-common-protos/1.0.0/proto-google-common-protos-1.0.0.jar:/home/user/.m2/repository/io/grpc/grpc-protobuf-lite/1.17.1/grpc-protobuf-lite-1.17.1.jar:/home/user/.m2/repository/io/grpc/grpc-stub/1.17.1/grpc-stub-1.17.1.jar:/home/user/.m2/repository/org/apache/hadoop/hadoop-ozone-recon/0.5.0-SNAPSHOT/hadoop-ozone-recon-0.5.0-SNAPSHOT.jar:/home/user/.m2/repository/org/apache/hadoop/hadoop-ozone-reconcodegen/0.5.0-SNAPSHOT/hadoop-ozone-reconcodegen-0.5.0-SNAPSHOT.jar:/home/user/.m2/repository/com/google/inject/extensions/guice-multibindings/4.0/guice-multibindings-4.0.jar:/home/user/.m2/repository/com/google/inject/guice/4.0/guice-4.0.jar:/home/user/.m2/repository/aopalliance/aopalliance/1.0/aopalliance-1.0.jar:/home/user/.m2/repository/com/google/inject/extensions/guice-servlet/4.0/guice-servlet-4.0.jar:/home/user/.m2/repository/org/glassfish/jersey/containers/jersey-container-servlet/2.27/jersey-container-servlet-2.27.jar:/home/user/.m2/repository/org/glassfish/hk2/guice-bridge/2.5.0/guice-bridge-2.5.0.jar:/home/user/.m2/repository/org/glassfish/jersey/core/jersey-server/2.27/jersey-server-2.27.jar:/home/user/.m2/repository/org/glassfish/jersey/core/jersey-client/2.27/jersey-client-2.27.jar:/home/user/.m2/repository/org/glassfish/jersey/media/jersey-media-jaxb/2.27/jersey-media-jaxb-2.27.jar:/home/user/.m2/repository/javax/validation/validation-api/1.1.0.Final/validation-api-1.1.0.Final.jar:/home/user/.m2/repository/org/glassfish/jersey/media/jersey-media-json-jackson/2.27/jersey-media-json-jackson-2.27.jar:/home/user/.m2/repository/org/glassfish/jersey/ext/jersey-entity-filtering/2.27/jersey-entity-filtering-2.27.jar:/home/user/.m2/repository/com/google/inject/extensions/guice-assistedinject/4.0/guice-assistedinject-4.0.jar:/home/user/.m2/repository/org/jooq/jooq/3.11.10/jooq-3.11.10.jar:/home/user/.m2/repository/org/jooq/jooq-meta/3.11.10/jooq-meta-3.11.10.jar:/home/user/.m2/repository/org/jooq/jooq-codegen/3.11.10/jooq-codegen-3.11.10.jar:/home/user/.m2/repository/com/jolbox/bonecp/0.8.0.RELEASE/bonecp-0.8.0.RELEASE.jar:/home/user/.m2/repository/org/springframework/spring-jdbc/5.1.3.RELEASE/spring-jdbc-5.1.3.RELEASE.jar:/home/user/.m2/repository/org/springframework/spring-beans/5.1.3.RELEASE/spring-beans-5.1.3.RELEASE.jar:/home/user/.m2/repository/org/springframework/spring-core/5.1.3.RELEASE/spring-core-5.1.3.RELEASE.jar:/home/user/.m2/repository/org/springframework/spring-jcl/5.1.3.RELEASE/spring-jcl-5.1.3.RELEASE.jar:/home/user/.m2/repository/org/springframework/spring-tx/5.1.3.RELEASE/spring-tx-5.1.3.RELEASE.jar:/home/user/.m2/repository/org/mockito/mockito-core/2.15.0/mockito-core-2.15.0.jar:/home/user/.m2/repository/net/bytebuddy/byte-buddy/1.7.9/byte-buddy-1.7.9.jar:/home/user/.m2/repository/net/bytebuddy/byte-buddy-agent/1.7.9/byte-buddy-agent-1.7.9.jar:/home/user/.m2/repository/org/objenesis/objenesis/1.0/objenesis-1.0.jar:"/>
    <property name="java.vm.vendor" value="IcedTea"/>
    <property name="sun.arch.data.model" value="64"/>
    <property name="test.build.dir" value="/workdir/hadoop-ozone/tools/target/test-dir"/>
    <property name="test.cache.data" value=""/>
    <property name="java.vendor.url" value="https://icedtea.classpath.org"/>
    <property name="user.timezone" value=""/>
    <property name="java.vm.specification.version" value="1.8"/>
    <property name="os.name" value="Linux"/>
    <property name="test.build.data" value="/workdir/hadoop-ozone/tools/target/test-dir"/>
    <property name="user.country" value="US"/>
    <property name="sun.java.launcher" value="SUN_STANDARD"/>
    <property name="sun.boot.library.path" value="/usr/lib/jvm/java-1.8-openjdk/jre/lib/amd64"/>
    <property name="sun.java.command" value="/workdir/hadoop-ozone/tools/target/surefire/surefirebooter3263504007978352348.jar /workdir/hadoop-ozone/tools/target/surefire 2019-09-19T11-05-02_939-jvmRun1 surefire8252169944886659797tmp surefire_119206356564298723318tmp"/>
    <property name="test" value="!TestMiniChaosOzoneCluster"/>
    <property name="surefire.test.class.path" value="/workdir/hadoop-ozone/tools/target/test-classes:/workdir/hadoop-ozone/tools/target/classes:/home/user/.m2/repository/org/apache/hadoop/hadoop-ozone-ozone-manager/0.5.0-SNAPSHOT/hadoop-ozone-ozone-manager-0.5.0-SNAPSHOT.jar:/home/user/.m2/repository/org/apache/hadoop/hadoop-hdds-docs/0.5.0-SNAPSHOT/hadoop-hdds-docs-0.5.0-SNAPSHOT.jar:/home/user/.m2/repository/org/bouncycastle/bcprov-jdk15on/1.60/bcprov-jdk15on-1.60.jar:/home/user/.m2/repository/org/apache/hadoop/hadoop-ozone-common/0.5.0-SNAPSHOT/hadoop-ozone-common-0.5.0-SNAPSHOT.jar:/home/user/.m2/repository/org/apache/commons/commons-compress/1.4.1/commons-compress-1.4.1.jar:/home/user/.m2/repository/org/tukaani/xz/1.0/xz-1.0.jar:/home/user/.m2/repository/org/apache/hadoop/hadoop-hdfs-client/3.2.0/hadoop-hdfs-client-3.2.0.jar:/home/user/.m2/repository/com/fasterxml/jackson/core/jackson-annotations/2.9.5/jackson-annotations-2.9.5.jar:/home/user/.m2/repository/org/apache/hadoop/hadoop-hdds-common/0.5.0-SNAPSHOT/hadoop-hdds-common-0.5.0-SNAPSHOT.jar:/home/user/.m2/repository/org/apache/hadoop/hadoop-hdds-config/0.5.0-SNAPSHOT/hadoop-hdds-config-0.5.0-SNAPSHOT.jar:/home/user/.m2/repository/javax/annotation/javax.annotation-api/1.2/javax.annotation-api-1.2.jar:/home/user/.m2/repository/org/apache/ratis/ratis-server/0.4.0-2337318-SNAPSHOT/ratis-server-0.4.0-2337318-SNAPSHOT.jar:/home/user/.m2/repository/org/apache/ratis/ratis-thirdparty-misc/0.2.0/ratis-thirdparty-misc-0.2.0.jar:/home/user/.m2/repository/org/apache/ratis/ratis-proto/0.4.0-2337318-SNAPSHOT/ratis-proto-0.4.0-2337318-SNAPSHOT.jar:/home/user/.m2/repository/org/apache/ratis/ratis-common/0.4.0-2337318-SNAPSHOT/ratis-common-0.4.0-2337318-SNAPSHOT.jar:/home/user/.m2/repository/org/apache/ratis/ratis-client/0.4.0-2337318-SNAPSHOT/ratis-client-0.4.0-2337318-SNAPSHOT.jar:/home/user/.m2/repository/org/apache/ratis/ratis-metrics/0.4.0-2337318-SNAPSHOT/ratis-metrics-0.4.0-2337318-SNAPSHOT.jar:/home/user/.m2/repository/org/apache/ratis/ratis-netty/0.4.0-2337318-SNAPSHOT/ratis-netty-0.4.0-2337318-SNAPSHOT.jar:/home/user/.m2/repository/org/apache/ratis/ratis-grpc/0.4.0-2337318-SNAPSHOT/ratis-grpc-0.4.0-2337318-SNAPSHOT.jar:/home/user/.m2/repository/org/rocksdb/rocksdbjni/6.0.1/rocksdbjni-6.0.1.jar:/home/user/.m2/repository/org/apache/logging/log4j/log4j-api/2.11.0/log4j-api-2.11.0.jar:/home/user/.m2/repository/org/apache/logging/log4j/log4j-core/2.11.0/log4j-core-2.11.0.jar:/home/user/.m2/repository/com/lmax/disruptor/3.4.2/disruptor-3.4.2.jar:/home/user/.m2/repository/org/apache/commons/commons-pool2/2.6.0/commons-pool2-2.6.0.jar:/home/user/.m2/repository/org/bouncycastle/bcpkix-jdk15on/1.60/bcpkix-jdk15on-1.60.jar:/home/user/.m2/repository/commons-validator/commons-validator/1.6/commons-validator-1.6.jar:/home/user/.m2/repository/commons-digester/commons-digester/1.8.1/commons-digester-1.8.1.jar:/home/user/.m2/repository/io/jaegertracing/jaeger-client/0.33.1/jaeger-client-0.33.1.jar:/home/user/.m2/repository/io/jaegertracing/jaeger-thrift/0.33.1/jaeger-thrift-0.33.1.jar:/home/user/.m2/repository/org/apache/thrift/libthrift/0.11.0/libthrift-0.11.0.jar:/home/user/.m2/repository/com/squareup/okhttp3/okhttp/3.9.0/okhttp-3.9.0.jar:/home/user/.m2/repository/com/squareup/okio/okio/1.13.0/okio-1.13.0.jar:/home/user/.m2/repository/io/jaegertracing/jaeger-core/0.33.1/jaeger-core-0.33.1.jar:/home/user/.m2/repository/io/jaegertracing/jaeger-tracerresolver/0.33.1/jaeger-tracerresolver-0.33.1.jar:/home/user/.m2/repository/io/opentracing/contrib/opentracing-tracerresolver/0.1.5/opentracing-tracerresolver-0.1.5.jar:/home/user/.m2/repository/io/opentracing/opentracing-util/0.31.0/opentracing-util-0.31.0.jar:/home/user/.m2/repository/io/opentracing/opentracing-api/0.31.0/opentracing-api-0.31.0.jar:/home/user/.m2/repository/io/opentracing/opentracing-noop/0.31.0/opentracing-noop-0.31.0.jar:/home/user/.m2/repository/org/yaml/snakeyaml/1.16/snakeyaml-1.16.jar:/home/user/.m2/repository/org/apache/hadoop/hadoop-hdds-container-service/0.5.0-SNAPSHOT/hadoop-hdds-container-service-0.5.0-SNAPSHOT.jar:/home/user/.m2/repository/org/apache/hadoop/hadoop-hdds-client/0.5.0-SNAPSHOT/hadoop-hdds-client-0.5.0-SNAPSHOT.jar:/home/user/.m2/repository/org/apache/hadoop/hadoop-hdds-tools/0.5.0-SNAPSHOT/hadoop-hdds-tools-0.5.0-SNAPSHOT.jar:/home/user/.m2/repository/org/xerial/sqlite-jdbc/3.25.2/sqlite-jdbc-3.25.2.jar:/home/user/.m2/repository/org/apache/hadoop/hadoop-hdds-server-scm/0.5.0-SNAPSHOT/hadoop-hdds-server-scm-0.5.0-SNAPSHOT.jar:/home/user/.m2/repository/org/hamcrest/hamcrest-all/1.3/hamcrest-all-1.3.jar:/home/user/.m2/repository/info/picocli/picocli/3.9.6/picocli-3.9.6.jar:/home/user/.m2/repository/com/google/protobuf/protobuf-java/2.5.0/protobuf-java-2.5.0.jar:/home/user/.m2/repository/com/google/guava/guava/11.0.2/guava-11.0.2.jar:/home/user/.m2/repository/org/apache/hadoop/hadoop-ozone-client/0.5.0-SNAPSHOT/hadoop-ozone-client-0.5.0-SNAPSHOT.jar:/workdir/hadoop-ozone/ozonefs/target/classes:/home/user/.m2/repository/org/apache/hadoop/hadoop-hdds-server-framework/0.5.0-SNAPSHOT/hadoop-hdds-server-framework-0.5.0-SNAPSHOT.jar:/home/user/.m2/repository/org/apache/hadoop/hadoop-common/3.2.0/hadoop-common-3.2.0.jar:/home/user/.m2/repository/org/apache/hadoop/hadoop-annotations/3.2.0/hadoop-annotations-3.2.0.jar:/usr/lib/jvm/java-1.8-openjdk/jre/../lib/tools.jar:/home/user/.m2/repository/commons-cli/commons-cli/1.2/commons-cli-1.2.jar:/home/user/.m2/repository/org/apache/commons/commons-math3/3.1.1/commons-math3-3.1.1.jar:/home/user/.m2/repository/org/apache/httpcomponents/httpclient/4.5.2/httpclient-4.5.2.jar:/home/user/.m2/repository/org/apache/httpcomponents/httpcore/4.4.4/httpcore-4.4.4.jar:/home/user/.m2/repository/commons-codec/commons-codec/1.11/commons-codec-1.11.jar:/home/user/.m2/repository/commons-io/commons-io/2.5/commons-io-2.5.jar:/home/user/.m2/repository/commons-net/commons-net/3.6/commons-net-3.6.jar:/home/user/.m2/repository/commons-collections/commons-collections/3.2.2/commons-collections-3.2.2.jar:/home/user/.m2/repository/javax/servlet/javax.servlet-api/3.1.0/javax.servlet-api-3.1.0.jar:/home/user/.m2/repository/org/eclipse/jetty/jetty-server/9.3.24.v20180605/jetty-server-9.3.24.v20180605.jar:/home/user/.m2/repository/org/eclipse/jetty/jetty-http/9.3.24.v20180605/jetty-http-9.3.24.v20180605.jar:/home/user/.m2/repository/org/eclipse/jetty/jetty-io/9.3.24.v20180605/jetty-io-9.3.24.v20180605.jar:/home/user/.m2/repository/org/eclipse/jetty/jetty-util/9.3.24.v20180605/jetty-util-9.3.24.v20180605.jar:/home/user/.m2/repository/org/eclipse/jetty/jetty-servlet/9.3.24.v20180605/jetty-servlet-9.3.24.v20180605.jar:/home/user/.m2/repository/org/eclipse/jetty/jetty-security/9.3.24.v20180605/jetty-security-9.3.24.v20180605.jar:/home/user/.m2/repository/org/eclipse/jetty/jetty-webapp/9.3.24.v20180605/jetty-webapp-9.3.24.v20180605.jar:/home/user/.m2/repository/org/eclipse/jetty/jetty-xml/9.3.24.v20180605/jetty-xml-9.3.24.v20180605.jar:/home/user/.m2/repository/javax/servlet/jsp/jsp-api/2.1/jsp-api-2.1.jar:/home/user/.m2/repository/com/sun/jersey/jersey-core/1.19/jersey-core-1.19.jar:/home/user/.m2/repository/javax/ws/rs/jsr311-api/1.1.1/jsr311-api-1.1.1.jar:/home/user/.m2/repository/com/sun/jersey/jersey-servlet/1.19/jersey-servlet-1.19.jar:/home/user/.m2/repository/com/sun/jersey/jersey-json/1.19/jersey-json-1.19.jar:/home/user/.m2/repository/org/codehaus/jettison/jettison/1.1/jettison-1.1.jar:/home/user/.m2/repository/com/sun/xml/bind/jaxb-impl/2.3.0.1/jaxb-impl-2.3.0.1.jar:/home/user/.m2/repository/org/codehaus/jackson/jackson-core-asl/1.9.13/jackson-core-asl-1.9.13.jar:/home/user/.m2/repository/org/codehaus/jackson/jackson-mapper-asl/1.9.13/jackson-mapper-asl-1.9.13.jar:/home/user/.m2/repository/org/codehaus/jackson/jackson-jaxrs/1.9.13/jackson-jaxrs-1.9.13.jar:/home/user/.m2/repository/org/codehaus/jackson/jackson-xc/1.9.13/jackson-xc-1.9.13.jar:/home/user/.m2/repository/com/sun/jersey/jersey-server/1.19/jersey-server-1.19.jar:/home/user/.m2/repository/commons-logging/commons-logging/1.1.3/commons-logging-1.1.3.jar:/home/user/.m2/repository/log4j/log4j/1.2.17/log4j-1.2.17.jar:/home/user/.m2/repository/commons-beanutils/commons-beanutils/1.9.3/commons-beanutils-1.9.3.jar:/home/user/.m2/repository/org/apache/commons/commons-configuration2/2.1.1/commons-configuration2-2.1.1.jar:/home/user/.m2/repository/org/apache/commons/commons-lang3/3.7/commons-lang3-3.7.jar:/home/user/.m2/repository/org/apache/commons/commons-text/1.4/commons-text-1.4.jar:/home/user/.m2/repository/org/slf4j/slf4j-api/1.7.25/slf4j-api-1.7.25.jar:/home/user/.m2/repository/org/slf4j/slf4j-log4j12/1.7.25/slf4j-log4j12-1.7.25.jar:/home/user/.m2/repository/org/apache/avro/avro/1.7.7/avro-1.7.7.jar:/home/user/.m2/repository/com/thoughtworks/paranamer/paranamer/2.3/paranamer-2.3.jar:/home/user/.m2/repository/org/xerial/snappy/snappy-java/1.0.5/snappy-java-1.0.5.jar:/home/user/.m2/repository/com/google/re2j/re2j/1.1/re2j-1.1.jar:/home/user/.m2/repository/com/google/code/gson/gson/2.2.4/gson-2.2.4.jar:/home/user/.m2/repository/org/apache/hadoop/hadoop-auth/3.2.0/hadoop-auth-3.2.0.jar:/home/user/.m2/repository/com/nimbusds/nimbus-jose-jwt/4.41.1/nimbus-jose-jwt-4.41.1.jar:/home/user/.m2/repository/com/github/stephenc/jcip/jcip-annotations/1.0-1/jcip-annotations-1.0-1.jar:/home/user/.m2/repository/net/minidev/json-smart/2.3/json-smart-2.3.jar:/home/user/.m2/repository/net/minidev/accessors-smart/1.2/accessors-smart-1.2.jar:/home/user/.m2/repository/org/apache/curator/curator-framework/2.12.0/curator-framework-2.12.0.jar:/home/user/.m2/repository/com/jcraft/jsch/0.1.54/jsch-0.1.54.jar:/home/user/.m2/repository/org/apache/curator/curator-client/2.12.0/curator-client-2.12.0.jar:/home/user/.m2/repository/org/apache/curator/curator-recipes/2.12.0/curator-recipes-2.12.0.jar:/home/user/.m2/repository/com/google/code/findbugs/jsr305/3.0.0/jsr305-3.0.0.jar:/home/user/.m2/repository/org/apache/htrace/htrace-core4/4.1.0-incubating/htrace-core4-4.1.0-incubating.jar:/home/user/.m2/repository/org/apache/zookeeper/zookeeper/3.4.13/zookeeper-3.4.13.jar:/home/user/.m2/repository/org/apache/yetus/audience-annotations/0.5.0/audience-annotations-0.5.0.jar:/home/user/.m2/repository/org/apache/kerby/kerb-simplekdc/1.0.1/kerb-simplekdc-1.0.1.jar:/home/user/.m2/repository/org/apache/kerby/kerb-client/1.0.1/kerb-client-1.0.1.jar:/home/user/.m2/repository/org/apache/kerby/kerby-config/1.0.1/kerby-config-1.0.1.jar:/home/user/.m2/repository/org/apache/kerby/kerb-core/1.0.1/kerb-core-1.0.1.jar:/home/user/.m2/repository/org/apache/kerby/kerby-pkix/1.0.1/kerby-pkix-1.0.1.jar:/home/user/.m2/repository/org/apache/kerby/kerby-asn1/1.0.1/kerby-asn1-1.0.1.jar:/home/user/.m2/repository/org/apache/kerby/kerby-util/1.0.1/kerby-util-1.0.1.jar:/home/user/.m2/repository/org/apache/kerby/kerb-common/1.0.1/kerb-common-1.0.1.jar:/home/user/.m2/repository/org/apache/kerby/kerb-crypto/1.0.1/kerb-crypto-1.0.1.jar:/home/user/.m2/repository/org/apache/kerby/kerb-util/1.0.1/kerb-util-1.0.1.jar:/home/user/.m2/repository/org/apache/kerby/token-provider/1.0.1/token-provider-1.0.1.jar:/home/user/.m2/repository/org/apache/kerby/kerb-admin/1.0.1/kerb-admin-1.0.1.jar:/home/user/.m2/repository/org/apache/kerby/kerb-server/1.0.1/kerb-server-1.0.1.jar:/home/user/.m2/repository/org/apache/kerby/kerb-identity/1.0.1/kerb-identity-1.0.1.jar:/home/user/.m2/repository/org/apache/kerby/kerby-xdr/1.0.1/kerby-xdr-1.0.1.jar:/home/user/.m2/repository/com/fasterxml/jackson/core/jackson-databind/2.9.5/jackson-databind-2.9.5.jar:/home/user/.m2/repository/com/fasterxml/jackson/core/jackson-core/2.9.5/jackson-core-2.9.5.jar:/home/user/.m2/repository/org/codehaus/woodstox/stax2-api/3.1.4/stax2-api-3.1.4.jar:/home/user/.m2/repository/com/fasterxml/woodstox/woodstox-core/5.0.3/woodstox-core-5.0.3.jar:/home/user/.m2/repository/dnsjava/dnsjava/2.1.7/dnsjava-2.1.7.jar:/home/user/.m2/repository/org/apache/hadoop/hadoop-hdfs/3.2.0/hadoop-hdfs-3.2.0.jar:/home/user/.m2/repository/org/eclipse/jetty/jetty-util-ajax/9.3.24.v20180605/jetty-util-ajax-9.3.24.v20180605.jar:/home/user/.m2/repository/commons-daemon/commons-daemon/1.0.13/commons-daemon-1.0.13.jar:/home/user/.m2/repository/io/netty/netty/3.10.5.Final/netty-3.10.5.Final.jar:/home/user/.m2/repository/io/netty/netty-all/4.0.52.Final/netty-all-4.0.52.Final.jar:/home/user/.m2/repository/org/fusesource/leveldbjni/leveldbjni-all/1.8/leveldbjni-all-1.8.jar:/home/user/.m2/repository/com/sun/xml/bind/jaxb-core/2.3.0.1/jaxb-core-2.3.0.1.jar:/home/user/.m2/repository/javax/xml/bind/jaxb-api/2.3.0/jaxb-api-2.3.0.jar:/home/user/.m2/repository/javax/activation/activation/1.1.1/activation-1.1.1.jar:/home/user/.m2/repository/io/dropwizard/metrics/metrics-core/3.2.4/metrics-core-3.2.4.jar:/home/user/.m2/repository/org/openjdk/jmh/jmh-core/1.19/jmh-core-1.19.jar:/home/user/.m2/repository/net/sf/jopt-simple/jopt-simple/4.6/jopt-simple-4.6.jar:/home/user/.m2/repository/org/openjdk/jmh/jmh-generator-annprocess/1.19/jmh-generator-annprocess-1.19.jar:/home/user/.m2/repository/com/google/code/findbugs/findbugs/3.0.1/findbugs-3.0.1.jar:/home/user/.m2/repository/net/jcip/jcip-annotations/1.0/jcip-annotations-1.0.jar:/home/user/.m2/repository/com/google/code/findbugs/bcel-findbugs/6.0/bcel-findbugs-6.0.jar:/home/user/.m2/repository/com/google/code/findbugs/jFormatString/2.0.1/jFormatString-2.0.1.jar:/home/user/.m2/repository/dom4j/dom4j/1.6.1/dom4j-1.6.1.jar:/home/user/.m2/repository/xml-apis/xml-apis/1.0.b2/xml-apis-1.0.b2.jar:/home/user/.m2/repository/org/ow2/asm/asm-debug-all/5.0.2/asm-debug-all-5.0.2.jar:/home/user/.m2/repository/org/ow2/asm/asm-commons/5.0.2/asm-commons-5.0.2.jar:/home/user/.m2/repository/org/ow2/asm/asm-tree/5.0.2/asm-tree-5.0.2.jar:/home/user/.m2/repository/org/ow2/asm/asm/5.0.4/asm-5.0.4.jar:/home/user/.m2/repository/commons-lang/commons-lang/2.6/commons-lang-2.6.jar:/home/user/.m2/repository/com/apple/AppleJavaExtensions/1.4/AppleJavaExtensions-1.4.jar:/home/user/.m2/repository/jaxen/jaxen/1.1.6/jaxen-1.1.6.jar:/home/user/.m2/repository/junit/junit/4.11/junit-4.11.jar:/home/user/.m2/repository/org/hamcrest/hamcrest-core/1.3/hamcrest-core-1.3.jar:/home/user/.m2/repository/org/apache/hadoop/hadoop-common/3.2.0/hadoop-common-3.2.0-tests.jar:/workdir/hadoop-ozone/integration-test/target/test-classes:/home/user/.m2/repository/org/apache/hadoop/hadoop-ozone-objectstore-service/0.5.0-SNAPSHOT/hadoop-ozone-objectstore-service-0.5.0-SNAPSHOT.jar:/home/user/.m2/repository/org/apache/hadoop/hadoop-ozone-s3gateway/0.5.0-SNAPSHOT/hadoop-ozone-s3gateway-0.5.0-SNAPSHOT.jar:/home/user/.m2/repository/org/jboss/weld/servlet/weld-servlet/2.4.7.Final/weld-servlet-2.4.7.Final.jar:/home/user/.m2/repository/org/glassfish/jersey/containers/jersey-container-servlet-core/2.27/jersey-container-servlet-core-2.27.jar:/home/user/.m2/repository/org/glassfish/hk2/external/javax.inject/2.5.0-b42/javax.inject-2.5.0-b42.jar:/home/user/.m2/repository/org/glassfish/jersey/core/jersey-common/2.27/jersey-common-2.27.jar:/home/user/.m2/repository/org/glassfish/hk2/osgi-resource-locator/1.0.1/osgi-resource-locator-1.0.1.jar:/home/user/.m2/repository/javax/ws/rs/javax.ws.rs-api/2.1/javax.ws.rs-api-2.1.jar:/home/user/.m2/repository/org/glassfish/jersey/ext/cdi/jersey-cdi1x/2.27/jersey-cdi1x-2.27.jar:/home/user/.m2/repository/org/glassfish/jersey/inject/jersey-hk2/2.27/jersey-hk2-2.27.jar:/home/user/.m2/repository/org/glassfish/hk2/hk2-locator/2.5.0-b42/hk2-locator-2.5.0-b42.jar:/home/user/.m2/repository/org/javassist/javassist/3.22.0-CR2/javassist-3.22.0-CR2.jar:/home/user/.m2/repository/org/glassfish/hk2/hk2-api/2.5.0/hk2-api-2.5.0.jar:/home/user/.m2/repository/org/glassfish/hk2/external/jakarta.inject/2.5.0/jakarta.inject-2.5.0.jar:/home/user/.m2/repository/org/glassfish/hk2/hk2-utils/2.5.0/hk2-utils-2.5.0.jar:/home/user/.m2/repository/jakarta/annotation/jakarta.annotation-api/1.3.4/jakarta.annotation-api-1.3.4.jar:/home/user/.m2/repository/org/glassfish/hk2/external/aopalliance-repackaged/2.5.0/aopalliance-repackaged-2.5.0.jar:/home/user/.m2/repository/com/fasterxml/jackson/dataformat/jackson-dataformat-xml/2.9.0/jackson-dataformat-xml-2.9.0.jar:/home/user/.m2/repository/com/fasterxml/jackson/module/jackson-module-jaxb-annotations/2.9.5/jackson-module-jaxb-annotations-2.9.5.jar:/home/user/.m2/repository/javax/enterprise/cdi-api/1.2/cdi-api-1.2.jar:/home/user/.m2/repository/javax/el/javax.el-api/3.0.0/javax.el-api-3.0.0.jar:/home/user/.m2/repository/javax/interceptor/javax.interceptor-api/1.2/javax.interceptor-api-1.2.jar:/home/user/.m2/repository/javax/inject/javax.inject/1/javax.inject-1.jar:/home/user/.m2/repository/org/apache/hadoop/hadoop-ozone-csi/0.5.0-SNAPSHOT/hadoop-ozone-csi-0.5.0-SNAPSHOT.jar:/home/user/.m2/repository/com/google/protobuf/protobuf-java-util/3.5.1/protobuf-java-util-3.5.1.jar:/home/user/.m2/repository/io/grpc/grpc-netty/1.17.1/grpc-netty-1.17.1.jar:/home/user/.m2/repository/io/grpc/grpc-core/1.17.1/grpc-core-1.17.1.jar:/home/user/.m2/repository/io/grpc/grpc-context/1.17.1/grpc-context-1.17.1.jar:/home/user/.m2/repository/com/google/errorprone/error_prone_annotations/2.2.0/error_prone_annotations-2.2.0.jar:/home/user/.m2/repository/org/codehaus/mojo/animal-sniffer-annotations/1.17/animal-sniffer-annotations-1.17.jar:/home/user/.m2/repository/io/opencensus/opencensus-api/0.17.0/opencensus-api-0.17.0.jar:/home/user/.m2/repository/io/opencensus/opencensus-contrib-grpc-metrics/0.17.0/opencensus-contrib-grpc-metrics-0.17.0.jar:/home/user/.m2/repository/io/netty/netty-codec-http2/4.1.30.Final/netty-codec-http2-4.1.30.Final.jar:/home/user/.m2/repository/io/netty/netty-codec-http/4.1.30.Final/netty-codec-http-4.1.30.Final.jar:/home/user/.m2/repository/io/netty/netty-codec/4.1.30.Final/netty-codec-4.1.30.Final.jar:/home/user/.m2/repository/io/netty/netty-handler/4.1.30.Final/netty-handler-4.1.30.Final.jar:/home/user/.m2/repository/io/netty/netty-handler-proxy/4.1.30.Final/netty-handler-proxy-4.1.30.Final.jar:/home/user/.m2/repository/io/netty/netty-codec-socks/4.1.30.Final/netty-codec-socks-4.1.30.Final.jar:/home/user/.m2/repository/io/netty/netty-transport-native-epoll/4.1.30.Final/netty-transport-native-epoll-4.1.30.Final.jar:/home/user/.m2/repository/io/netty/netty-common/4.1.30.Final/netty-common-4.1.30.Final.jar:/home/user/.m2/repository/io/netty/netty-buffer/4.1.30.Final/netty-buffer-4.1.30.Final.jar:/home/user/.m2/repository/io/netty/netty-transport/4.1.30.Final/netty-transport-4.1.30.Final.jar:/home/user/.m2/repository/io/netty/netty-resolver/4.1.30.Final/netty-resolver-4.1.30.Final.jar:/home/user/.m2/repository/io/netty/netty-transport-native-unix-common/4.1.30.Final/netty-transport-native-unix-common-4.1.30.Final.jar:/home/user/.m2/repository/io/grpc/grpc-protobuf/1.17.1/grpc-protobuf-1.17.1.jar:/home/user/.m2/repository/com/google/api/grpc/proto-google-common-protos/1.0.0/proto-google-common-protos-1.0.0.jar:/home/user/.m2/repository/io/grpc/grpc-protobuf-lite/1.17.1/grpc-protobuf-lite-1.17.1.jar:/home/user/.m2/repository/io/grpc/grpc-stub/1.17.1/grpc-stub-1.17.1.jar:/home/user/.m2/repository/org/apache/hadoop/hadoop-ozone-recon/0.5.0-SNAPSHOT/hadoop-ozone-recon-0.5.0-SNAPSHOT.jar:/home/user/.m2/repository/org/apache/hadoop/hadoop-ozone-reconcodegen/0.5.0-SNAPSHOT/hadoop-ozone-reconcodegen-0.5.0-SNAPSHOT.jar:/home/user/.m2/repository/com/google/inject/extensions/guice-multibindings/4.0/guice-multibindings-4.0.jar:/home/user/.m2/repository/com/google/inject/guice/4.0/guice-4.0.jar:/home/user/.m2/repository/aopalliance/aopalliance/1.0/aopalliance-1.0.jar:/home/user/.m2/repository/com/google/inject/extensions/guice-servlet/4.0/guice-servlet-4.0.jar:/home/user/.m2/repository/org/glassfish/jersey/containers/jersey-container-servlet/2.27/jersey-container-servlet-2.27.jar:/home/user/.m2/repository/org/glassfish/hk2/guice-bridge/2.5.0/guice-bridge-2.5.0.jar:/home/user/.m2/repository/org/glassfish/jersey/core/jersey-server/2.27/jersey-server-2.27.jar:/home/user/.m2/repository/org/glassfish/jersey/core/jersey-client/2.27/jersey-client-2.27.jar:/home/user/.m2/repository/org/glassfish/jersey/media/jersey-media-jaxb/2.27/jersey-media-jaxb-2.27.jar:/home/user/.m2/repository/javax/validation/validation-api/1.1.0.Final/validation-api-1.1.0.Final.jar:/home/user/.m2/repository/org/glassfish/jersey/media/jersey-media-json-jackson/2.27/jersey-media-json-jackson-2.27.jar:/home/user/.m2/repository/org/glassfish/jersey/ext/jersey-entity-filtering/2.27/jersey-entity-filtering-2.27.jar:/home/user/.m2/repository/com/google/inject/extensions/guice-assistedinject/4.0/guice-assistedinject-4.0.jar:/home/user/.m2/repository/org/jooq/jooq/3.11.10/jooq-3.11.10.jar:/home/user/.m2/repository/org/jooq/jooq-meta/3.11.10/jooq-meta-3.11.10.jar:/home/user/.m2/repository/org/jooq/jooq-codegen/3.11.10/jooq-codegen-3.11.10.jar:/home/user/.m2/repository/com/jolbox/bonecp/0.8.0.RELEASE/bonecp-0.8.0.RELEASE.jar:/home/user/.m2/repository/org/springframework/spring-jdbc/5.1.3.RELEASE/spring-jdbc-5.1.3.RELEASE.jar:/home/user/.m2/repository/org/springframework/spring-beans/5.1.3.RELEASE/spring-beans-5.1.3.RELEASE.jar:/home/user/.m2/repository/org/springframework/spring-core/5.1.3.RELEASE/spring-core-5.1.3.RELEASE.jar:/home/user/.m2/repository/org/springframework/spring-jcl/5.1.3.RELEASE/spring-jcl-5.1.3.RELEASE.jar:/home/user/.m2/repository/org/springframework/spring-tx/5.1.3.RELEASE/spring-tx-5.1.3.RELEASE.jar:/home/user/.m2/repository/org/mockito/mockito-core/2.15.0/mockito-core-2.15.0.jar:/home/user/.m2/repository/net/bytebuddy/byte-buddy/1.7.9/byte-buddy-1.7.9.jar:/home/user/.m2/repository/net/bytebuddy/byte-buddy-agent/1.7.9/byte-buddy-agent-1.7.9.jar:/home/user/.m2/repository/org/objenesis/objenesis/1.0/objenesis-1.0.jar:"/>
    <property name="sun.cpu.endian" value="little"/>
    <property name="user.home" value="/home/user"/>
    <property name="user.language" value="en"/>
    <property name="java.specification.vendor" value="Oracle Corporation"/>
    <property name="java.home" value="/usr/lib/jvm/java-1.8-openjdk/jre"/>
    <property name="java.security.krb5.conf" value="/workdir/hadoop-ozone/tools/target/test-classes/krb5.conf"/>
    <property name="basedir" value="/workdir/hadoop-ozone/tools"/>
    <property name="file.separator" value="/"/>
    <property name="line.separator" value="&#10;"/>
    <property name="java.vm.specification.vendor" value="Oracle Corporation"/>
    <property name="java.specification.name" value="Java Platform API Specification"/>
    <property name="java.awt.graphicsenv" value="sun.awt.X11GraphicsEnvironment"/>
    <property name="surefire.real.class.path" value="/workdir/hadoop-ozone/tools/target/surefire/surefirebooter3263504007978352348.jar"/>
    <property name="hadoop.log.dir" value="/workdir/hadoop-ozone/tools/target/log"/>
    <property name="sun.boot.class.path" value="/usr/lib/jvm/java-1.8-openjdk/jre/lib/resources.jar:/usr/lib/jvm/java-1.8-openjdk/jre/lib/rt.jar:/usr/lib/jvm/java-1.8-openjdk/jre/lib/sunrsasign.jar:/usr/lib/jvm/java-1.8-openjdk/jre/lib/jsse.jar:/usr/lib/jvm/java-1.8-openjdk/jre/lib/jce.jar:/usr/lib/jvm/java-1.8-openjdk/jre/lib/charsets.jar:/usr/lib/jvm/java-1.8-openjdk/jre/lib/jfr.jar:/usr/lib/jvm/java-1.8-openjdk/jre/classes"/>
    <property name="sun.management.compiler" value="HotSpot 64-Bit Tiered Compilers"/>
    <property name="java.runtime.version" value="1.8.0_212-b04"/>
    <property name="java.net.preferIPv4Stack" value="true"/>
    <property name="user.name" value="jenkins1000"/>
    <property name="path.separator" value=":"/>
    <property name="java.security.egd" value="file:///dev/urandom"/>
    <property name="os.version" value="3.10.0-957.12.2.el7.x86_64"/>
    <property name="java.endorsed.dirs" value="/usr/lib/jvm/java-1.8-openjdk/jre/lib/endorsed"/>
    <property name="java.runtime.name" value="OpenJDK Runtime Environment"/>
    <property name="file.encoding" value="UTF-8"/>
    <property name="java.vm.name" value="OpenJDK 64-Bit Server VM"/>
    <property name="test.build.webapps" value=""/>
    <property name="localRepository" value="/home/user/.m2/repository"/>
    <property name="java.vendor.url.bug" value="https://icedtea.classpath.org/bugzilla"/>
    <property name="java.io.tmpdir" value="/tmp"/>
    <property name="require.test.libhadoop" value=""/>
    <property name="java.version" value="1.8.0_212"/>
    <property name="user.dir" value="/workdir/hadoop-ozone/tools"/>
    <property name="os.arch" value="amd64"/>
    <property name="java.vm.specification.name" value="Java Virtual Machine Specification"/>
    <property name="test.build.classes" value="/workdir/hadoop-ozone/tools/target/test-classes"/>
    <property name="java.awt.printerjob" value="sun.print.PSPrinterJob"/>
    <property name="sun.os.patch.level" value="unknown"/>
    <property name="hadoop.tmp.dir" value="/workdir/hadoop-ozone/tools/target/tmp"/>
    <property name="java.library.path" value="/usr/lib/jvm/java-1.8-openjdk/jre/lib/amd64/server:/usr/lib/jvm/java-1.8-openjdk/jre/lib/amd64:/usr/lib/jvm/java-1.8-openjdk/jre/../lib/amd64:/workdir/hadoop-ozone/tools/target/native/target/usr/local/lib:/workdir/hadoop-ozone/tools/../../hadoop-common-project/hadoop-common/target/native/target/usr/local/lib:/usr/java/packages/lib/amd64:/usr/lib64:/lib64:/lib:/usr/lib"/>
    <property name="java.vm.info" value="mixed mode"/>
    <property name="java.vendor" value="IcedTea"/>
    <property name="java.vm.version" value="25.212-b04"/>
    <property name="java.ext.dirs" value="/usr/lib/jvm/java-1.8-openjdk/jre/lib/ext:/usr/java/packages/lib/ext"/>
    <property name="sun.io.unicode.encoding" value="UnicodeLittle"/>
    <property name="java.class.version" value="52.0"/>
  </properties>
  <testcase name="ratisTestLargeKey" classname="org.apache.hadoop.ozone.freon.TestDataValidateWithUnsafeByteOperations" time="10.537">
    <error message="Allocated 0 blocks. Requested 5 blocks" type="INTERNAL_ERROR org.apache.hadoop.ozone.om.exceptions.OMException">INTERNAL_ERROR org.apache.hadoop.ozone.om.exceptions.OMException: Allocated 0 blocks. Requested 5 blocks
	at org.apache.hadoop.ozone.om.protocolPB.OzoneManagerProtocolClientSideTranslatorPB.handleError(OzoneManagerProtocolClientSideTranslatorPB.java:725)
	at org.apache.hadoop.ozone.om.protocolPB.OzoneManagerProtocolClientSideTranslatorPB.openKey(OzoneManagerProtocolClientSideTranslatorPB.java:716)
	at org.apache.hadoop.ozone.client.rpc.RpcClient.createKey(RpcClient.java:615)
	at org.apache.hadoop.ozone.client.OzoneBucket.createKey(OzoneBucket.java:323)
	at org.apache.hadoop.ozone.freon.RandomKeyGenerator.createKey(RandomKeyGenerator.java:686)
	at org.apache.hadoop.ozone.freon.RandomKeyGenerator.access$1100(RandomKeyGenerator.java:87)
	at org.apache.hadoop.ozone.freon.RandomKeyGenerator$ObjectCreator.run(RandomKeyGenerator.java:606)
	at java.util.concurrent.Executors$RunnableAdapter.call(Executors.java:511)
	at java.util.concurrent.FutureTask.run(FutureTask.java:266)
	at java.util.concurrent.ThreadPoolExecutor.runWorker(ThreadPoolExecutor.java:1149)
	at java.util.concurrent.ThreadPoolExecutor$Worker.run(ThreadPoolExecutor.java:624)
	at java.lang.Thread.run(Thread.java:748)
</error>
    <system-out><![CDATA[2019-09-19 16:59:56,645 [main] WARN  server.ServerUtils (ServerUtils.java:getScmDbDir(145)) - ozone.scm.db.dirs is not configured. We recommend adding this setting. Falling back to ozone.metadata.dirs instead.
2019-09-19 16:59:56,753 [main] WARN  server.ServerUtils (ServerUtils.java:getScmDbDir(145)) - ozone.scm.db.dirs is not configured. We recommend adding this setting. Falling back to ozone.metadata.dirs instead.
2019-09-19 16:59:56,757 [main] WARN  server.ServerUtils (ServerUtils.java:getScmDbDir(145)) - ozone.scm.db.dirs is not configured. We recommend adding this setting. Falling back to ozone.metadata.dirs instead.
2019-09-19 16:59:56,774 [main] INFO  util.log (Log.java:initialized(192)) - Logging initialized @1013ms
2019-09-19 16:59:56,880 [main] INFO  db.DBStoreBuilder (DBStoreBuilder.java:addTable(110)) - using custom profile for table: deletedBlocks
2019-09-19 16:59:56,881 [main] INFO  db.DBStoreBuilder (DBStoreBuilder.java:processTables(161)) - Using default column profile:DBProfile.DISK for Table:deletedBlocks
2019-09-19 16:59:56,881 [main] INFO  db.DBStoreBuilder (DBStoreBuilder.java:addTable(110)) - using custom profile for table: validCerts
2019-09-19 16:59:56,881 [main] INFO  db.DBStoreBuilder (DBStoreBuilder.java:processTables(161)) - Using default column profile:DBProfile.DISK for Table:validCerts
2019-09-19 16:59:56,882 [main] INFO  db.DBStoreBuilder (DBStoreBuilder.java:addTable(110)) - using custom profile for table: revokedCerts
2019-09-19 16:59:56,882 [main] INFO  db.DBStoreBuilder (DBStoreBuilder.java:processTables(161)) - Using default column profile:DBProfile.DISK for Table:revokedCerts
2019-09-19 16:59:56,896 [main] INFO  db.DBStoreBuilder (DBStoreBuilder.java:addTable(110)) - using custom profile for table: default
2019-09-19 16:59:56,896 [main] INFO  db.DBStoreBuilder (DBStoreBuilder.java:processTables(167)) - Using default column profile:DBProfile.DISK for Table:default
2019-09-19 16:59:56,897 [main] INFO  db.DBStoreBuilder (DBStoreBuilder.java:getDbProfile(198)) - Using default options. DBProfile.DISK
2019-09-19 16:59:57,136 [main] INFO  net.NodeSchemaLoader (NodeSchemaLoader.java:loadSchemaFromFile(125)) - Loading file from sun.misc.CompoundEnumeration@3835c46
2019-09-19 16:59:57,138 [main] INFO  net.NodeSchemaLoader (NodeSchemaLoader.java:loadSchema(171)) - Loading network topology layer schema file
2019-09-19 16:59:57,217 [main] WARN  server.ServerUtils (ServerUtils.java:sanitizeUserArgs(70)) - ozone.scm.stale.node.interval value = 300000 is larger than max = 100000 based on the key value of ozone.scm.heartbeat.thread.interval, reset to the max value 100000.
2019-09-19 16:59:57,219 [main] WARN  server.ServerUtils (ServerUtils.java:sanitizeUserArgs(70)) - ozone.scm.stale.node.interval value = 300000 is larger than max = 100000 based on the key value of ozone.scm.heartbeat.thread.interval, reset to the max value 100000.
2019-09-19 16:59:57,222 [main] INFO  node.SCMNodeManager (SCMNodeManager.java:<init>(121)) - Entering startup safe mode.
2019-09-19 16:59:57,293 [main] INFO  algorithms.ContainerPlacementPolicyFactory (ContainerPlacementPolicyFactory.java:getPolicy(56)) - Create container placement policy of type org.apache.hadoop.hdds.scm.container.placement.algorithms.SCMContainerPlacementRandom
2019-09-19 16:59:57,308 [main] WARN  server.ServerUtils (ServerUtils.java:getScmDbDir(145)) - ozone.scm.db.dirs is not configured. We recommend adding this setting. Falling back to ozone.metadata.dirs instead.
2019-09-19 16:59:57,406 [main] INFO  pipeline.SCMPipelineManager (SCMPipelineManager.java:initializePipelineState(126)) - No pipeline exists in current db
2019-09-19 16:59:57,409 [main] WARN  server.ServerUtils (ServerUtils.java:getScmDbDir(145)) - ozone.scm.db.dirs is not configured. We recommend adding this setting. Falling back to ozone.metadata.dirs instead.
2019-09-19 16:59:57,560 [main] WARN  events.EventQueue (EventQueue.java:fireEvent(175)) - No event handler registered for event TypedEvent{payloadType=SafeModeStatus, name='SafeModeStatus'}
2019-09-19 16:59:58,095 [main] INFO  ipc.CallQueueManager (CallQueueManager.java:<init>(84)) - Using callQueue: class java.util.concurrent.LinkedBlockingQueue, queueCapacity: 2000, scheduler: class org.apache.hadoop.ipc.DefaultRpcScheduler, ipcBackoff: false.
2019-09-19 16:59:58,497 [Socket Reader #1 for port 33427] INFO  ipc.Server (Server.java:run(1074)) - Starting Socket Reader #1 for port 33427
2019-09-19 16:59:58,537 [main] INFO  ipc.CallQueueManager (CallQueueManager.java:<init>(84)) - Using callQueue: class java.util.concurrent.LinkedBlockingQueue, queueCapacity: 2000, scheduler: class org.apache.hadoop.ipc.DefaultRpcScheduler, ipcBackoff: false.
2019-09-19 16:59:58,538 [Socket Reader #1 for port 44142] INFO  ipc.Server (Server.java:run(1074)) - Starting Socket Reader #1 for port 44142
2019-09-19 16:59:58,549 [main] INFO  ipc.CallQueueManager (CallQueueManager.java:<init>(84)) - Using callQueue: class java.util.concurrent.LinkedBlockingQueue, queueCapacity: 2000, scheduler: class org.apache.hadoop.ipc.DefaultRpcScheduler, ipcBackoff: false.
2019-09-19 16:59:58,550 [Socket Reader #1 for port 43816] INFO  ipc.Server (Server.java:run(1074)) - Starting Socket Reader #1 for port 43816
2019-09-19 16:59:58,579 [main] INFO  hdfs.DFSUtil (DFSUtil.java:httpServerTemplateForNNAndJN(1641)) - Starting Web-server for scm at: http://0.0.0.0:0
2019-09-19 16:59:58,739 [main] INFO  server.AuthenticationFilter (AuthenticationFilter.java:constructSecretProvider(240)) - Unable to initialize FileSignerSecretProvider, falling back to use random secrets.
2019-09-19 16:59:58,757 [main] WARN  http.HttpRequestLog (HttpRequestLog.java:getRequestLog(97)) - Jetty request log can only be enabled using Log4j
2019-09-19 16:59:58,769 [main] INFO  http.HttpServer2 (HttpServer2.java:addGlobalFilter(975)) - Added global filter 'safety' (class=org.apache.hadoop.http.HttpServer2$QuotingInputFilter)
2019-09-19 16:59:58,772 [main] INFO  http.HttpServer2 (HttpServer2.java:addFilter(948)) - Added filter static_user_filter (class=org.apache.hadoop.http.lib.StaticUserWebFilter$StaticUserFilter) to context scm
2019-09-19 16:59:58,773 [main] INFO  http.HttpServer2 (HttpServer2.java:addFilter(958)) - Added filter static_user_filter (class=org.apache.hadoop.http.lib.StaticUserWebFilter$StaticUserFilter) to context logs
2019-09-19 16:59:58,773 [main] INFO  http.HttpServer2 (HttpServer2.java:addFilter(958)) - Added filter static_user_filter (class=org.apache.hadoop.http.lib.StaticUserWebFilter$StaticUserFilter) to context static
2019-09-19 16:59:58,804 [main] INFO  server.StorageContainerManager (StorageContainerManager.java:start(759)) - StorageContainerLocationProtocol RPC server is listening at /0.0.0.0:43816
2019-09-19 16:59:58,865 [main] WARN  impl.MetricsConfig (MetricsConfig.java:loadFirst(134)) - Cannot locate configuration: tried hadoop-metrics2-storagecontainermanager.properties,hadoop-metrics2.properties
2019-09-19 16:59:58,880 [main] INFO  impl.MetricsSystemImpl (MetricsSystemImpl.java:startTimer(374)) - Scheduled Metric snapshot period at 10 second(s).
2019-09-19 16:59:58,881 [main] INFO  impl.MetricsSystemImpl (MetricsSystemImpl.java:start(191)) - StorageContainerManager metrics system started
2019-09-19 16:59:59,112 [main] INFO  server.SCMClientProtocolServer (SCMClientProtocolServer.java:start(151)) - RPC server for Client  is listening at /0.0.0.0:43816
2019-09-19 16:59:59,113 [IPC Server listener on 43816] INFO  ipc.Server (Server.java:run(1153)) - IPC Server listener on 43816: starting
2019-09-19 16:59:59,113 [IPC Server Responder] INFO  ipc.Server (Server.java:run(1314)) - IPC Server Responder: starting
2019-09-19 16:59:59,116 [main] INFO  server.StorageContainerManager (StorageContainerManager.java:start(769)) - ScmBlockLocationProtocol RPC server is listening at /0.0.0.0:44142
2019-09-19 16:59:59,116 [main] INFO  server.SCMBlockProtocolServer (SCMBlockProtocolServer.java:start(140)) - RPC server for Block Protocol is listening at /0.0.0.0:44142
2019-09-19 16:59:59,117 [IPC Server Responder] INFO  ipc.Server (Server.java:run(1314)) - IPC Server Responder: starting
2019-09-19 16:59:59,117 [IPC Server listener on 44142] INFO  ipc.Server (Server.java:run(1153)) - IPC Server listener on 44142: starting
2019-09-19 16:59:59,120 [main] INFO  server.StorageContainerManager (StorageContainerManager.java:start(773)) - ScmDatanodeProtocl RPC server is listening at /0.0.0.0:33427
2019-09-19 16:59:59,120 [main] INFO  server.SCMDatanodeProtocolServer (SCMDatanodeProtocolServer.java:start(191)) - RPC server for DataNodes is listening at /0.0.0.0:33427
2019-09-19 16:59:59,121 [IPC Server Responder] INFO  ipc.Server (Server.java:run(1314)) - IPC Server Responder: starting
2019-09-19 16:59:59,121 [IPC Server listener on 33427] INFO  ipc.Server (Server.java:run(1153)) - IPC Server listener on 33427: starting
2019-09-19 16:59:59,125 [main] INFO  http.HttpServer2 (HttpServer2.java:bindListener(1191)) - Jetty bound to port 33585
2019-09-19 16:59:59,127 [main] INFO  server.Server (Server.java:doStart(351)) - jetty-9.3.24.v20180605, build timestamp: 2018-06-05T17:11:56Z, git hash: 84205aa28f11a4f31f2a3b86d1bba2cc8ab69827
2019-09-19 16:59:59,167 [main] INFO  handler.ContextHandler (ContextHandler.java:doStart(781)) - Started o.e.j.s.ServletContextHandler@4e70a728{/logs,file:///workdir/hadoop-ozone/tools/target/log,AVAILABLE}
2019-09-19 16:59:59,168 [main] INFO  handler.ContextHandler (ContextHandler.java:doStart(781)) - Started o.e.j.s.ServletContextHandler@1c3146bc{/static,jar:file:/home/user/.m2/repository/org/apache/hadoop/hadoop-hdds-server-scm/0.5.0-SNAPSHOT/hadoop-hdds-server-scm-0.5.0-SNAPSHOT.jar!/webapps/static,AVAILABLE}
2019-09-19 16:59:59,244 [main] INFO  handler.ContextHandler (ContextHandler.java:doStart(781)) - Started o.e.j.w.WebAppContext@72efb5c1{/,file:///tmp/jetty-0.0.0.0-33585-scm-_-any-5620775519133517372.dir/webapp/,AVAILABLE}{/scm}
2019-09-19 16:59:59,248 [main] INFO  server.AbstractConnector (AbstractConnector.java:doStart(278)) - Started ServerConnector@7a0e1b5e{HTTP/1.1,[http/1.1]}{0.0.0.0:33585}
2019-09-19 16:59:59,248 [main] INFO  server.Server (Server.java:doStart(419)) - Started @3487ms
2019-09-19 16:59:59,250 [main] INFO  server.BaseHttpServer (BaseHttpServer.java:updateConnectorAddress(213)) - HTTP server of SCM is listening at http://0.0.0.0:33585
2019-09-19 16:59:59,255 [org.apache.hadoop.util.JvmPauseMonitor$Monitor@15bcf458] INFO  util.JvmPauseMonitor (JvmPauseMonitor.java:run(188)) - Starting JVM pause monitor
2019-09-19 16:59:59,257 [main] WARN  server.ServerUtils (ServerUtils.java:getDBPath(222)) - ozone.om.db.dirs is not configured. We recommend adding this setting. Falling back to ozone.metadata.dirs instead.
2019-09-19 16:59:59,337 [main] WARN  server.ServerUtils (ServerUtils.java:getDBPath(222)) - ozone.om.db.dirs is not configured. We recommend adding this setting. Falling back to ozone.metadata.dirs instead.
2019-09-19 16:59:59,338 [main] WARN  server.ServerUtils (ServerUtils.java:getDBPath(222)) - ozone.om.db.dirs is not configured. We recommend adding this setting. Falling back to ozone.metadata.dirs instead.
2019-09-19 16:59:59,339 [main] INFO  om.OzoneManager (OzoneManager.java:setOMNodeDetails(645)) - OM Service ID is not set. Setting it to the default ID: omServiceIdDefault
2019-09-19 16:59:59,339 [main] INFO  om.OzoneManager (OzoneManager.java:setOMNodeDetails(651)) - OM Node ID is not set. Setting it to the OmStorage's OmID: 9a97ed38-b8e3-4481-8543-860f95d8c111
2019-09-19 16:59:59,340 [main] INFO  om.OzoneManager (OzoneManager.java:loadOMHAConfigs(602)) - Found matching OM address with OMServiceId: null, OMNodeId: null, RPC Address: localhost:0 and Ratis port: 9872
2019-09-19 16:59:59,589 | INFO  | SCMAudit | user=jenkins1000 | ip=192.168.157.226 | op=GET_SCM_INFO null | ret=SUCCESS |  
2019-09-19 17:00:00,001 [main] WARN  server.ServerUtils (ServerUtils.java:getDBPath(222)) - ozone.om.db.dirs is not configured. We recommend adding this setting. Falling back to ozone.metadata.dirs instead.
2019-09-19 17:00:00,007 [main] INFO  db.DBStoreBuilder (DBStoreBuilder.java:addTable(110)) - using custom profile for table: userTable
2019-09-19 17:00:00,007 [main] INFO  db.DBStoreBuilder (DBStoreBuilder.java:processTables(161)) - Using default column profile:DBProfile.DISK for Table:userTable
2019-09-19 17:00:00,007 [main] INFO  db.DBStoreBuilder (DBStoreBuilder.java:addTable(110)) - using custom profile for table: volumeTable
2019-09-19 17:00:00,007 [main] INFO  db.DBStoreBuilder (DBStoreBuilder.java:processTables(161)) - Using default column profile:DBProfile.DISK for Table:volumeTable
2019-09-19 17:00:00,008 [main] INFO  db.DBStoreBuilder (DBStoreBuilder.java:addTable(110)) - using custom profile for table: bucketTable
2019-09-19 17:00:00,008 [main] INFO  db.DBStoreBuilder (DBStoreBuilder.java:processTables(161)) - Using default column profile:DBProfile.DISK for Table:bucketTable
2019-09-19 17:00:00,008 [main] INFO  db.DBStoreBuilder (DBStoreBuilder.java:addTable(110)) - using custom profile for table: keyTable
2019-09-19 17:00:00,008 [main] INFO  db.DBStoreBuilder (DBStoreBuilder.java:processTables(161)) - Using default column profile:DBProfile.DISK for Table:keyTable
2019-09-19 17:00:00,008 [main] INFO  db.DBStoreBuilder (DBStoreBuilder.java:addTable(110)) - using custom profile for table: deletedTable
2019-09-19 17:00:00,009 [main] INFO  db.DBStoreBuilder (DBStoreBuilder.java:processTables(161)) - Using default column profile:DBProfile.DISK for Table:deletedTable
2019-09-19 17:00:00,009 [main] INFO  db.DBStoreBuilder (DBStoreBuilder.java:addTable(110)) - using custom profile for table: openKeyTable
2019-09-19 17:00:00,009 [main] INFO  db.DBStoreBuilder (DBStoreBuilder.java:processTables(161)) - Using default column profile:DBProfile.DISK for Table:openKeyTable
2019-09-19 17:00:00,009 [main] INFO  db.DBStoreBuilder (DBStoreBuilder.java:addTable(110)) - using custom profile for table: s3Table
2019-09-19 17:00:00,009 [main] INFO  db.DBStoreBuilder (DBStoreBuilder.java:processTables(161)) - Using default column profile:DBProfile.DISK for Table:s3Table
2019-09-19 17:00:00,010 [main] INFO  db.DBStoreBuilder (DBStoreBuilder.java:addTable(110)) - using custom profile for table: multipartInfoTable
2019-09-19 17:00:00,010 [main] INFO  db.DBStoreBuilder (DBStoreBuilder.java:processTables(161)) - Using default column profile:DBProfile.DISK for Table:multipartInfoTable
2019-09-19 17:00:00,010 [main] INFO  db.DBStoreBuilder (DBStoreBuilder.java:addTable(110)) - using custom profile for table: dTokenTable
2019-09-19 17:00:00,010 [main] INFO  db.DBStoreBuilder (DBStoreBuilder.java:processTables(161)) - Using default column profile:DBProfile.DISK for Table:dTokenTable
2019-09-19 17:00:00,011 [main] INFO  db.DBStoreBuilder (DBStoreBuilder.java:addTable(110)) - using custom profile for table: s3SecretTable
2019-09-19 17:00:00,011 [main] INFO  db.DBStoreBuilder (DBStoreBuilder.java:processTables(161)) - Using default column profile:DBProfile.DISK for Table:s3SecretTable
2019-09-19 17:00:00,011 [main] INFO  db.DBStoreBuilder (DBStoreBuilder.java:addTable(110)) - using custom profile for table: prefixTable
2019-09-19 17:00:00,011 [main] INFO  db.DBStoreBuilder (DBStoreBuilder.java:processTables(161)) - Using default column profile:DBProfile.DISK for Table:prefixTable
2019-09-19 17:00:00,012 [main] INFO  db.DBStoreBuilder (DBStoreBuilder.java:addTable(110)) - using custom profile for table: default
2019-09-19 17:00:00,012 [main] INFO  db.DBStoreBuilder (DBStoreBuilder.java:processTables(167)) - Using default column profile:DBProfile.DISK for Table:default
2019-09-19 17:00:00,012 [main] INFO  db.DBStoreBuilder (DBStoreBuilder.java:getDbProfile(198)) - Using default options. DBProfile.DISK
2019-09-19 17:00:00,470 [main] INFO  ipc.CallQueueManager (CallQueueManager.java:<init>(84)) - Using callQueue: class java.util.concurrent.LinkedBlockingQueue, queueCapacity: 2000, scheduler: class org.apache.hadoop.ipc.DefaultRpcScheduler, ipcBackoff: false.
2019-09-19 17:00:00,471 [Socket Reader #1 for port 36780] INFO  ipc.Server (Server.java:run(1074)) - Starting Socket Reader #1 for port 36780
2019-09-19 17:00:00,499 [main] INFO  om.OzoneManager (OzoneManager.java:start(1256)) - OzoneManager RPC server is listening at localhost/127.0.0.1:36780
2019-09-19 17:00:00,499 [main] INFO  impl.MetricsSystemImpl (MetricsSystemImpl.java:init(158)) - OzoneManager metrics system started (again)
2019-09-19 17:00:00,500 [IPC Server Responder] INFO  ipc.Server (Server.java:run(1314)) - IPC Server Responder: starting
2019-09-19 17:00:00,501 [IPC Server listener on 36780] INFO  ipc.Server (Server.java:run(1153)) - IPC Server listener on 36780: starting
2019-09-19 17:00:00,508 [main] INFO  hdfs.DFSUtil (DFSUtil.java:httpServerTemplateForNNAndJN(1641)) - Starting Web-server for ozoneManager at: http://0.0.0.0:0
2019-09-19 17:00:00,510 [main] INFO  server.AuthenticationFilter (AuthenticationFilter.java:constructSecretProvider(240)) - Unable to initialize FileSignerSecretProvider, falling back to use random secrets.
2019-09-19 17:00:00,511 [main] WARN  http.HttpRequestLog (HttpRequestLog.java:getRequestLog(97)) - Jetty request log can only be enabled using Log4j
2019-09-19 17:00:00,513 [main] INFO  http.HttpServer2 (HttpServer2.java:addGlobalFilter(975)) - Added global filter 'safety' (class=org.apache.hadoop.http.HttpServer2$QuotingInputFilter)
2019-09-19 17:00:00,515 [main] INFO  http.HttpServer2 (HttpServer2.java:addFilter(948)) - Added filter static_user_filter (class=org.apache.hadoop.http.lib.StaticUserWebFilter$StaticUserFilter) to context ozoneManager
2019-09-19 17:00:00,515 [main] INFO  http.HttpServer2 (HttpServer2.java:addFilter(958)) - Added filter static_user_filter (class=org.apache.hadoop.http.lib.StaticUserWebFilter$StaticUserFilter) to context logs
2019-09-19 17:00:00,515 [main] INFO  http.HttpServer2 (HttpServer2.java:addFilter(958)) - Added filter static_user_filter (class=org.apache.hadoop.http.lib.StaticUserWebFilter$StaticUserFilter) to context static
2019-09-19 17:00:00,518 [main] INFO  http.HttpServer2 (HttpServer2.java:bindListener(1191)) - Jetty bound to port 41254
2019-09-19 17:00:00,518 [main] INFO  server.Server (Server.java:doStart(351)) - jetty-9.3.24.v20180605, build timestamp: 2018-06-05T17:11:56Z, git hash: 84205aa28f11a4f31f2a3b86d1bba2cc8ab69827
2019-09-19 17:00:00,521 [main] INFO  handler.ContextHandler (ContextHandler.java:doStart(781)) - Started o.e.j.s.ServletContextHandler@782168b7{/logs,file:///workdir/hadoop-ozone/tools/target/log,AVAILABLE}
2019-09-19 17:00:00,522 [main] INFO  handler.ContextHandler (ContextHandler.java:doStart(781)) - Started o.e.j.s.ServletContextHandler@7435a578{/static,jar:file:/home/user/.m2/repository/org/apache/hadoop/hadoop-ozone-ozone-manager/0.5.0-SNAPSHOT/hadoop-ozone-ozone-manager-0.5.0-SNAPSHOT.jar!/webapps/static,AVAILABLE}
2019-09-19 17:00:00,832 [main] INFO  handler.ContextHandler (ContextHandler.java:doStart(781)) - Started o.e.j.w.WebAppContext@10876a6{/,file:///tmp/jetty-0.0.0.0-41254-ozoneManager-_-any-5496193912423509424.dir/webapp/,AVAILABLE}{/ozoneManager}
2019-09-19 17:00:00,833 [main] INFO  server.AbstractConnector (AbstractConnector.java:doStart(278)) - Started ServerConnector@71870da7{HTTP/1.1,[http/1.1]}{0.0.0.0:41254}
2019-09-19 17:00:00,834 [main] INFO  server.Server (Server.java:doStart(419)) - Started @5072ms
2019-09-19 17:00:00,835 [main] INFO  server.BaseHttpServer (BaseHttpServer.java:updateConnectorAddress(213)) - HTTP server of OZONEMANAGER is listening at http://0.0.0.0:41254
2019-09-19 17:00:00,998 [main] INFO  impl.MetricsSystemImpl (MetricsSystemImpl.java:init(158)) - HddsDatanode metrics system started (again)
2019-09-19 17:00:01,095 [main] INFO  ozone.HddsDatanodeService (HddsDatanodeService.java:start(184)) - HddsDatanodeService host:pr-hdds-1569-swxfz-3172132826 ip:192.168.157.226
2019-09-19 17:00:01,130 [main] INFO  volume.HddsVolume (HddsVolume.java:<init>(176)) - Creating Volume: /workdir/hadoop-ozone/tools/target/test-dir/MiniOzoneClusterImpl-53329b5c-158c-4202-b54c-282115de494f/datanode-0/data/containers/hdds of  storage type : DISK and capacity : 1482555576320
2019-09-19 17:00:01,132 [main] INFO  volume.VolumeSet (VolumeSet.java:initializeVolumeSet(170)) - Added Volume : /workdir/hadoop-ozone/tools/target/test-dir/MiniOzoneClusterImpl-53329b5c-158c-4202-b54c-282115de494f/datanode-0/data/containers/hdds to VolumeSet
2019-09-19 17:00:01,134 [main] INFO  volume.ThrottledAsyncChecker (ThrottledAsyncChecker.java:schedule(140)) - Scheduling a check for org.apache.hadoop.ozone.container.common.volume.HddsVolume@ce9b9a9
2019-09-19 17:00:01,151 [main] INFO  volume.HddsVolumeChecker (HddsVolumeChecker.java:checkAllVolumes(203)) - Scheduled health check for volume org.apache.hadoop.ozone.container.common.volume.HddsVolume@ce9b9a9
2019-09-19 17:00:01,238 [main] INFO  impl.RaftServerProxy (ConfUtils.java:logGet(43)) - raft.rpc.type = GRPC (default)
2019-09-19 17:00:01,287 [main] INFO  grpc.GrpcFactory (GrpcFactory.java:checkPooledByteBufAllocatorUseCacheForAllThreads(45)) - PERFORMANCE WARNING: useCacheForAllThreads is true that may cause Netty to create a lot garbage objects and, as a result, trigger GC.
	It is recommended to disable useCacheForAllThreads by setting -Dorg.apache.ratis.thirdparty.io.netty.allocator.useCacheForAllThreads=false in command line.
2019-09-19 17:00:01,291 [main] INFO  grpc.GrpcConfigKeys$Server (ConfUtils.java:logGet(43)) - raft.grpc.server.port = 0 (default)
2019-09-19 17:00:01,291 [main] INFO  server.GrpcService (ConfUtils.java:logGet(43)) - raft.grpc.message.size.max = 33570816 (custom)
2019-09-19 17:00:01,293 [main] INFO  server.RaftServerConfigKeys (ConfUtils.java:logGet(43)) - raft.server.log.appender.buffer.byte-limit = 33554432 (custom)
2019-09-19 17:00:01,293 [main] INFO  server.GrpcService (ConfUtils.java:logGet(43)) - raft.grpc.flow.control.window = 1MB (=1048576) (default)
2019-09-19 17:00:01,294 [main] INFO  server.RaftServerConfigKeys (ConfUtils.java:logGet(43)) - raft.server.rpc.request.timeout = 3000ms (default)
2019-09-19 17:00:01,421 [main] INFO  server.RaftServerConfigKeys (ConfUtils.java:logGet(43)) - raft.server.storage.dir = [/workdir/hadoop-ozone/tools/target/test-dir/MiniOzoneClusterImpl-53329b5c-158c-4202-b54c-282115de494f/datanode-0/data/ratis] (custom)
2019-09-19 17:00:01,449 [main] INFO  replication.SimpleContainerDownloader (SimpleContainerDownloader.java:<init>(72)) - Starting container downloader service to copy containers to replicate.
2019-09-19 17:00:01,459 [main] INFO  hdfs.DFSUtil (DFSUtil.java:httpServerTemplateForNNAndJN(1641)) - Starting Web-server for hddsDatanode at: http://0.0.0.0:0
2019-09-19 17:00:01,460 [main] INFO  server.AuthenticationFilter (AuthenticationFilter.java:constructSecretProvider(240)) - Unable to initialize FileSignerSecretProvider, falling back to use random secrets.
2019-09-19 17:00:01,461 [main] WARN  http.HttpRequestLog (HttpRequestLog.java:getRequestLog(97)) - Jetty request log can only be enabled using Log4j
2019-09-19 17:00:01,462 [main] INFO  http.HttpServer2 (HttpServer2.java:addGlobalFilter(975)) - Added global filter 'safety' (class=org.apache.hadoop.http.HttpServer2$QuotingInputFilter)
2019-09-19 17:00:01,463 [main] INFO  http.HttpServer2 (HttpServer2.java:addFilter(948)) - Added filter static_user_filter (class=org.apache.hadoop.http.lib.StaticUserWebFilter$StaticUserFilter) to context hddsDatanode
2019-09-19 17:00:01,463 [main] INFO  http.HttpServer2 (HttpServer2.java:addFilter(958)) - Added filter static_user_filter (class=org.apache.hadoop.http.lib.StaticUserWebFilter$StaticUserFilter) to context logs
2019-09-19 17:00:01,463 [main] INFO  http.HttpServer2 (HttpServer2.java:addFilter(958)) - Added filter static_user_filter (class=org.apache.hadoop.http.lib.StaticUserWebFilter$StaticUserFilter) to context static
2019-09-19 17:00:01,464 [main] INFO  http.HttpServer2 (HttpServer2.java:bindListener(1191)) - Jetty bound to port 35226
2019-09-19 17:00:01,464 [main] INFO  server.Server (Server.java:doStart(351)) - jetty-9.3.24.v20180605, build timestamp: 2018-06-05T17:11:56Z, git hash: 84205aa28f11a4f31f2a3b86d1bba2cc8ab69827
2019-09-19 17:00:01,466 [main] INFO  handler.ContextHandler (ContextHandler.java:doStart(781)) - Started o.e.j.s.ServletContextHandler@75d982d3{/logs,file:///workdir/hadoop-ozone/tools/target/log,AVAILABLE}
2019-09-19 17:00:01,466 [main] INFO  handler.ContextHandler (ContextHandler.java:doStart(781)) - Started o.e.j.s.ServletContextHandler@618ff5c2{/static,jar:file:/home/user/.m2/repository/org/apache/hadoop/hadoop-hdds-container-service/0.5.0-SNAPSHOT/hadoop-hdds-container-service-0.5.0-SNAPSHOT.jar!/webapps/static,AVAILABLE}
2019-09-19 17:00:01,493 [main] INFO  handler.ContextHandler (ContextHandler.java:doStart(781)) - Started o.e.j.w.WebAppContext@74ea46e2{/,file:///tmp/jetty-0.0.0.0-35226-hddsDatanode-_-any-4936169646782112446.dir/webapp/,AVAILABLE}{/hddsDatanode}
2019-09-19 17:00:01,493 [main] INFO  server.AbstractConnector (AbstractConnector.java:doStart(278)) - Started ServerConnector@6f911326{HTTP/1.1,[http/1.1]}{0.0.0.0:35226}
2019-09-19 17:00:01,494 [main] INFO  server.Server (Server.java:doStart(419)) - Started @5733ms
2019-09-19 17:00:01,495 [main] INFO  server.BaseHttpServer (BaseHttpServer.java:updateConnectorAddress(213)) - HTTP server of HDDSDATANODE is listening at http://0.0.0.0:35226
2019-09-19 17:00:02,378 | INFO  | ObjectStoreRestHttpServer | Listening HDDS REST traffic on /0.0.0.0:42600 |  
2019-09-19 17:00:02,380 [main] INFO  ozone.HddsDatanodeService (HddsDatanodeService.java:startPlugins(395)) - Started plug-in org.apache.hadoop.ozone.web.OzoneHddsDatanodeService@644d1b61
2019-09-19 17:00:02,381 [main] INFO  impl.MetricsSystemImpl (MetricsSystemImpl.java:init(158)) - HddsDatanode metrics system started (again)
2019-09-19 17:00:02,384 [main] INFO  ozone.HddsDatanodeService (HddsDatanodeService.java:start(184)) - HddsDatanodeService host:pr-hdds-1569-swxfz-3172132826 ip:192.168.157.226
2019-09-19 17:00:02,388 [org.apache.hadoop.util.JvmPauseMonitor$Monitor@c411358] INFO  util.JvmPauseMonitor (JvmPauseMonitor.java:run(188)) - Starting JVM pause monitor
2019-09-19 17:00:02,394 [main] INFO  volume.HddsVolume (HddsVolume.java:<init>(176)) - Creating Volume: /workdir/hadoop-ozone/tools/target/test-dir/MiniOzoneClusterImpl-53329b5c-158c-4202-b54c-282115de494f/datanode-1/data/containers/hdds of  storage type : DISK and capacity : 1482555576320
2019-09-19 17:00:02,395 [main] INFO  volume.VolumeSet (VolumeSet.java:initializeVolumeSet(170)) - Added Volume : /workdir/hadoop-ozone/tools/target/test-dir/MiniOzoneClusterImpl-53329b5c-158c-4202-b54c-282115de494f/datanode-1/data/containers/hdds to VolumeSet
2019-09-19 17:00:02,395 [main] INFO  volume.ThrottledAsyncChecker (ThrottledAsyncChecker.java:schedule(140)) - Scheduling a check for org.apache.hadoop.ozone.container.common.volume.HddsVolume@79627d27
2019-09-19 17:00:02,396 [main] INFO  volume.HddsVolumeChecker (HddsVolumeChecker.java:checkAllVolumes(203)) - Scheduled health check for volume org.apache.hadoop.ozone.container.common.volume.HddsVolume@79627d27
2019-09-19 17:00:02,413 [main] INFO  impl.RaftServerProxy (ConfUtils.java:logGet(43)) - raft.rpc.type = GRPC (default)
2019-09-19 17:00:02,413 [main] INFO  grpc.GrpcFactory (GrpcFactory.java:checkPooledByteBufAllocatorUseCacheForAllThreads(45)) - PERFORMANCE WARNING: useCacheForAllThreads is true that may cause Netty to create a lot garbage objects and, as a result, trigger GC.
	It is recommended to disable useCacheForAllThreads by setting -Dorg.apache.ratis.thirdparty.io.netty.allocator.useCacheForAllThreads=false in command line.
2019-09-19 17:00:02,413 [main] INFO  grpc.GrpcConfigKeys$Server (ConfUtils.java:logGet(43)) - raft.grpc.server.port = 0 (default)
2019-09-19 17:00:02,413 [main] INFO  server.GrpcService (ConfUtils.java:logGet(43)) - raft.grpc.message.size.max = 33570816 (custom)
2019-09-19 17:00:02,414 [main] INFO  server.RaftServerConfigKeys (ConfUtils.java:logGet(43)) - raft.server.log.appender.buffer.byte-limit = 33554432 (custom)
2019-09-19 17:00:02,414 [main] INFO  server.GrpcService (ConfUtils.java:logGet(43)) - raft.grpc.flow.control.window = 1MB (=1048576) (default)
2019-09-19 17:00:02,414 [main] INFO  server.RaftServerConfigKeys (ConfUtils.java:logGet(43)) - raft.server.rpc.request.timeout = 3000ms (default)
2019-09-19 17:00:02,414 [main] INFO  server.RaftServerConfigKeys (ConfUtils.java:logGet(43)) - raft.server.storage.dir = [/workdir/hadoop-ozone/tools/target/test-dir/MiniOzoneClusterImpl-53329b5c-158c-4202-b54c-282115de494f/datanode-1/data/ratis] (custom)
2019-09-19 17:00:02,415 [main] INFO  replication.SimpleContainerDownloader (SimpleContainerDownloader.java:<init>(72)) - Starting container downloader service to copy containers to replicate.
2019-09-19 17:00:02,416 [main] INFO  hdfs.DFSUtil (DFSUtil.java:httpServerTemplateForNNAndJN(1641)) - Starting Web-server for hddsDatanode at: http://0.0.0.0:0
2019-09-19 17:00:02,417 [main] INFO  server.AuthenticationFilter (AuthenticationFilter.java:constructSecretProvider(240)) - Unable to initialize FileSignerSecretProvider, falling back to use random secrets.
2019-09-19 17:00:02,418 [main] WARN  http.HttpRequestLog (HttpRequestLog.java:getRequestLog(97)) - Jetty request log can only be enabled using Log4j
2019-09-19 17:00:02,419 [main] INFO  http.HttpServer2 (HttpServer2.java:addGlobalFilter(975)) - Added global filter 'safety' (class=org.apache.hadoop.http.HttpServer2$QuotingInputFilter)
2019-09-19 17:00:02,420 [main] INFO  http.HttpServer2 (HttpServer2.java:addFilter(948)) - Added filter static_user_filter (class=org.apache.hadoop.http.lib.StaticUserWebFilter$StaticUserFilter) to context hddsDatanode
2019-09-19 17:00:02,420 [main] INFO  http.HttpServer2 (HttpServer2.java:addFilter(958)) - Added filter static_user_filter (class=org.apache.hadoop.http.lib.StaticUserWebFilter$StaticUserFilter) to context logs
2019-09-19 17:00:02,420 [main] INFO  http.HttpServer2 (HttpServer2.java:addFilter(958)) - Added filter static_user_filter (class=org.apache.hadoop.http.lib.StaticUserWebFilter$StaticUserFilter) to context static
2019-09-19 17:00:02,420 [main] INFO  http.HttpServer2 (HttpServer2.java:bindListener(1191)) - Jetty bound to port 41665
2019-09-19 17:00:02,421 [main] INFO  server.Server (Server.java:doStart(351)) - jetty-9.3.24.v20180605, build timestamp: 2018-06-05T17:11:56Z, git hash: 84205aa28f11a4f31f2a3b86d1bba2cc8ab69827
2019-09-19 17:00:02,424 [main] INFO  handler.ContextHandler (ContextHandler.java:doStart(781)) - Started o.e.j.s.ServletContextHandler@608cd501{/logs,file:///workdir/hadoop-ozone/tools/target/log,AVAILABLE}
2019-09-19 17:00:02,424 [main] INFO  handler.ContextHandler (ContextHandler.java:doStart(781)) - Started o.e.j.s.ServletContextHandler@59096b66{/static,jar:file:/home/user/.m2/repository/org/apache/hadoop/hadoop-hdds-container-service/0.5.0-SNAPSHOT/hadoop-hdds-container-service-0.5.0-SNAPSHOT.jar!/webapps/static,AVAILABLE}
2019-09-19 17:00:02,448 [main] INFO  handler.ContextHandler (ContextHandler.java:doStart(781)) - Started o.e.j.w.WebAppContext@6fa02932{/,file:///tmp/jetty-0.0.0.0-41665-hddsDatanode-_-any-3776367086001505228.dir/webapp/,AVAILABLE}{/hddsDatanode}
2019-09-19 17:00:02,449 [main] INFO  server.AbstractConnector (AbstractConnector.java:doStart(278)) - Started ServerConnector@61608e1a{HTTP/1.1,[http/1.1]}{0.0.0.0:41665}
2019-09-19 17:00:02,449 [main] INFO  server.Server (Server.java:doStart(419)) - Started @6688ms
2019-09-19 17:00:02,451 [main] INFO  server.BaseHttpServer (BaseHttpServer.java:updateConnectorAddress(213)) - HTTP server of HDDSDATANODE is listening at http://0.0.0.0:41665
2019-09-19 17:00:02,508 [Datanode State Machine Thread - 0] INFO  datanode.InitDatanodeState (InitDatanodeState.java:persistContainerDatanodeDetails(140)) - DatanodeDetails is persisted to /workdir/hadoop-ozone/tools/target/test-dir/MiniOzoneClusterImpl-53329b5c-158c-4202-b54c-282115de494f/datanode-0/meta/datanode.id
2019-09-19 17:00:02,578 | INFO  | ObjectStoreRestHttpServer | Listening HDDS REST traffic on /0.0.0.0:39723 |  
2019-09-19 17:00:02,578 [main] INFO  ozone.HddsDatanodeService (HddsDatanodeService.java:startPlugins(395)) - Started plug-in org.apache.hadoop.ozone.web.OzoneHddsDatanodeService@68ea253b
2019-09-19 17:00:02,579 [main] INFO  impl.MetricsSystemImpl (MetricsSystemImpl.java:init(158)) - HddsDatanode metrics system started (again)
2019-09-19 17:00:02,582 [main] INFO  ozone.HddsDatanodeService (HddsDatanodeService.java:start(184)) - HddsDatanodeService host:pr-hdds-1569-swxfz-3172132826 ip:192.168.157.226
2019-09-19 17:00:02,582 [org.apache.hadoop.util.JvmPauseMonitor$Monitor@b1de54a] INFO  util.JvmPauseMonitor (JvmPauseMonitor.java:run(188)) - Starting JVM pause monitor
2019-09-19 17:00:02,590 [main] INFO  volume.HddsVolume (HddsVolume.java:<init>(176)) - Creating Volume: /workdir/hadoop-ozone/tools/target/test-dir/MiniOzoneClusterImpl-53329b5c-158c-4202-b54c-282115de494f/datanode-2/data/containers/hdds of  storage type : DISK and capacity : 1482555576320
2019-09-19 17:00:02,592 [main] INFO  volume.VolumeSet (VolumeSet.java:initializeVolumeSet(170)) - Added Volume : /workdir/hadoop-ozone/tools/target/test-dir/MiniOzoneClusterImpl-53329b5c-158c-4202-b54c-282115de494f/datanode-2/data/containers/hdds to VolumeSet
2019-09-19 17:00:02,592 [main] INFO  volume.ThrottledAsyncChecker (ThrottledAsyncChecker.java:schedule(140)) - Scheduling a check for org.apache.hadoop.ozone.container.common.volume.HddsVolume@474749b8
2019-09-19 17:00:02,592 [Datanode State Machine Thread - 0] INFO  datanode.InitDatanodeState (InitDatanodeState.java:persistContainerDatanodeDetails(140)) - DatanodeDetails is persisted to /workdir/hadoop-ozone/tools/target/test-dir/MiniOzoneClusterImpl-53329b5c-158c-4202-b54c-282115de494f/datanode-1/meta/datanode.id
2019-09-19 17:00:02,593 [main] INFO  volume.HddsVolumeChecker (HddsVolumeChecker.java:checkAllVolumes(203)) - Scheduled health check for volume org.apache.hadoop.ozone.container.common.volume.HddsVolume@474749b8
2019-09-19 17:00:02,609 [main] INFO  impl.RaftServerProxy (ConfUtils.java:logGet(43)) - raft.rpc.type = GRPC (default)
2019-09-19 17:00:02,609 [main] INFO  grpc.GrpcFactory (GrpcFactory.java:checkPooledByteBufAllocatorUseCacheForAllThreads(45)) - PERFORMANCE WARNING: useCacheForAllThreads is true that may cause Netty to create a lot garbage objects and, as a result, trigger GC.
	It is recommended to disable useCacheForAllThreads by setting -Dorg.apache.ratis.thirdparty.io.netty.allocator.useCacheForAllThreads=false in command line.
2019-09-19 17:00:02,609 [main] INFO  grpc.GrpcConfigKeys$Server (ConfUtils.java:logGet(43)) - raft.grpc.server.port = 0 (default)
2019-09-19 17:00:02,609 [main] INFO  server.GrpcService (ConfUtils.java:logGet(43)) - raft.grpc.message.size.max = 33570816 (custom)
2019-09-19 17:00:02,610 [main] INFO  server.RaftServerConfigKeys (ConfUtils.java:logGet(43)) - raft.server.log.appender.buffer.byte-limit = 33554432 (custom)
2019-09-19 17:00:02,610 [main] INFO  server.GrpcService (ConfUtils.java:logGet(43)) - raft.grpc.flow.control.window = 1MB (=1048576) (default)
2019-09-19 17:00:02,610 [main] INFO  server.RaftServerConfigKeys (ConfUtils.java:logGet(43)) - raft.server.rpc.request.timeout = 3000ms (default)
2019-09-19 17:00:02,611 [main] INFO  server.RaftServerConfigKeys (ConfUtils.java:logGet(43)) - raft.server.storage.dir = [/workdir/hadoop-ozone/tools/target/test-dir/MiniOzoneClusterImpl-53329b5c-158c-4202-b54c-282115de494f/datanode-2/data/ratis] (custom)
2019-09-19 17:00:02,611 [main] INFO  replication.SimpleContainerDownloader (SimpleContainerDownloader.java:<init>(72)) - Starting container downloader service to copy containers to replicate.
2019-09-19 17:00:02,612 [main] INFO  hdfs.DFSUtil (DFSUtil.java:httpServerTemplateForNNAndJN(1641)) - Starting Web-server for hddsDatanode at: http://0.0.0.0:0
2019-09-19 17:00:02,613 [main] INFO  server.AuthenticationFilter (AuthenticationFilter.java:constructSecretProvider(240)) - Unable to initialize FileSignerSecretProvider, falling back to use random secrets.
2019-09-19 17:00:02,614 [main] WARN  http.HttpRequestLog (HttpRequestLog.java:getRequestLog(97)) - Jetty request log can only be enabled using Log4j
2019-09-19 17:00:02,615 [main] INFO  http.HttpServer2 (HttpServer2.java:addGlobalFilter(975)) - Added global filter 'safety' (class=org.apache.hadoop.http.HttpServer2$QuotingInputFilter)
2019-09-19 17:00:02,616 [main] INFO  http.HttpServer2 (HttpServer2.java:addFilter(948)) - Added filter static_user_filter (class=org.apache.hadoop.http.lib.StaticUserWebFilter$StaticUserFilter) to context hddsDatanode
2019-09-19 17:00:02,616 [main] INFO  http.HttpServer2 (HttpServer2.java:addFilter(958)) - Added filter static_user_filter (class=org.apache.hadoop.http.lib.StaticUserWebFilter$StaticUserFilter) to context logs
2019-09-19 17:00:02,616 [main] INFO  http.HttpServer2 (HttpServer2.java:addFilter(958)) - Added filter static_user_filter (class=org.apache.hadoop.http.lib.StaticUserWebFilter$StaticUserFilter) to context static
2019-09-19 17:00:02,617 [main] INFO  http.HttpServer2 (HttpServer2.java:bindListener(1191)) - Jetty bound to port 41381
2019-09-19 17:00:02,617 [main] INFO  server.Server (Server.java:doStart(351)) - jetty-9.3.24.v20180605, build timestamp: 2018-06-05T17:11:56Z, git hash: 84205aa28f11a4f31f2a3b86d1bba2cc8ab69827
2019-09-19 17:00:02,619 [main] INFO  handler.ContextHandler (ContextHandler.java:doStart(781)) - Started o.e.j.s.ServletContextHandler@5db948c9{/logs,file:///workdir/hadoop-ozone/tools/target/log,AVAILABLE}
2019-09-19 17:00:02,619 [main] INFO  handler.ContextHandler (ContextHandler.java:doStart(781)) - Started o.e.j.s.ServletContextHandler@357c9bd9{/static,jar:file:/home/user/.m2/repository/org/apache/hadoop/hadoop-hdds-container-service/0.5.0-SNAPSHOT/hadoop-hdds-container-service-0.5.0-SNAPSHOT.jar!/webapps/static,AVAILABLE}
2019-09-19 17:00:02,643 [main] INFO  handler.ContextHandler (ContextHandler.java:doStart(781)) - Started o.e.j.w.WebAppContext@3a3b10f4{/,file:///tmp/jetty-0.0.0.0-41381-hddsDatanode-_-any-3840367039170666990.dir/webapp/,AVAILABLE}{/hddsDatanode}
2019-09-19 17:00:02,643 [main] INFO  server.AbstractConnector (AbstractConnector.java:doStart(278)) - Started ServerConnector@49580ca8{HTTP/1.1,[http/1.1]}{0.0.0.0:41381}
2019-09-19 17:00:02,644 [main] INFO  server.Server (Server.java:doStart(419)) - Started @6882ms
2019-09-19 17:00:02,645 [main] INFO  server.BaseHttpServer (BaseHttpServer.java:updateConnectorAddress(213)) - HTTP server of HDDSDATANODE is listening at http://0.0.0.0:41381
2019-09-19 17:00:02,781 | INFO  | ObjectStoreRestHttpServer | Listening HDDS REST traffic on /0.0.0.0:34646 |  
2019-09-19 17:00:02,782 [main] INFO  ozone.HddsDatanodeService (HddsDatanodeService.java:startPlugins(395)) - Started plug-in org.apache.hadoop.ozone.web.OzoneHddsDatanodeService@637c840d
2019-09-19 17:00:02,782 [main] INFO  impl.MetricsSystemImpl (MetricsSystemImpl.java:init(158)) - HddsDatanode metrics system started (again)
2019-09-19 17:00:02,785 [main] INFO  ozone.HddsDatanodeService (HddsDatanodeService.java:start(184)) - HddsDatanodeService host:pr-hdds-1569-swxfz-3172132826 ip:192.168.157.226
2019-09-19 17:00:02,786 [org.apache.hadoop.util.JvmPauseMonitor$Monitor@785d13a6] INFO  util.JvmPauseMonitor (JvmPauseMonitor.java:run(188)) - Starting JVM pause monitor
2019-09-19 17:00:02,789 [Datanode State Machine Thread - 0] INFO  datanode.InitDatanodeState (InitDatanodeState.java:persistContainerDatanodeDetails(140)) - DatanodeDetails is persisted to /workdir/hadoop-ozone/tools/target/test-dir/MiniOzoneClusterImpl-53329b5c-158c-4202-b54c-282115de494f/datanode-2/meta/datanode.id
2019-09-19 17:00:02,792 [main] INFO  volume.HddsVolume (HddsVolume.java:<init>(176)) - Creating Volume: /workdir/hadoop-ozone/tools/target/test-dir/MiniOzoneClusterImpl-53329b5c-158c-4202-b54c-282115de494f/datanode-3/data/containers/hdds of  storage type : DISK and capacity : 1482555576320
2019-09-19 17:00:02,793 [main] INFO  volume.VolumeSet (VolumeSet.java:initializeVolumeSet(170)) - Added Volume : /workdir/hadoop-ozone/tools/target/test-dir/MiniOzoneClusterImpl-53329b5c-158c-4202-b54c-282115de494f/datanode-3/data/containers/hdds to VolumeSet
2019-09-19 17:00:02,793 [main] INFO  volume.ThrottledAsyncChecker (ThrottledAsyncChecker.java:schedule(140)) - Scheduling a check for org.apache.hadoop.ozone.container.common.volume.HddsVolume@615db358
2019-09-19 17:00:02,793 [main] INFO  volume.HddsVolumeChecker (HddsVolumeChecker.java:checkAllVolumes(203)) - Scheduled health check for volume org.apache.hadoop.ozone.container.common.volume.HddsVolume@615db358
2019-09-19 17:00:02,807 [main] INFO  impl.RaftServerProxy (ConfUtils.java:logGet(43)) - raft.rpc.type = GRPC (default)
2019-09-19 17:00:02,807 [main] INFO  grpc.GrpcFactory (GrpcFactory.java:checkPooledByteBufAllocatorUseCacheForAllThreads(45)) - PERFORMANCE WARNING: useCacheForAllThreads is true that may cause Netty to create a lot garbage objects and, as a result, trigger GC.
	It is recommended to disable useCacheForAllThreads by setting -Dorg.apache.ratis.thirdparty.io.netty.allocator.useCacheForAllThreads=false in command line.
2019-09-19 17:00:02,807 [main] INFO  grpc.GrpcConfigKeys$Server (ConfUtils.java:logGet(43)) - raft.grpc.server.port = 0 (default)
2019-09-19 17:00:02,807 [main] INFO  server.GrpcService (ConfUtils.java:logGet(43)) - raft.grpc.message.size.max = 33570816 (custom)
2019-09-19 17:00:02,808 [main] INFO  server.RaftServerConfigKeys (ConfUtils.java:logGet(43)) - raft.server.log.appender.buffer.byte-limit = 33554432 (custom)
2019-09-19 17:00:02,808 [main] INFO  server.GrpcService (ConfUtils.java:logGet(43)) - raft.grpc.flow.control.window = 1MB (=1048576) (default)
2019-09-19 17:00:02,808 [main] INFO  server.RaftServerConfigKeys (ConfUtils.java:logGet(43)) - raft.server.rpc.request.timeout = 3000ms (default)
2019-09-19 17:00:02,808 [main] INFO  server.RaftServerConfigKeys (ConfUtils.java:logGet(43)) - raft.server.storage.dir = [/workdir/hadoop-ozone/tools/target/test-dir/MiniOzoneClusterImpl-53329b5c-158c-4202-b54c-282115de494f/datanode-3/data/ratis] (custom)
2019-09-19 17:00:02,809 [main] INFO  replication.SimpleContainerDownloader (SimpleContainerDownloader.java:<init>(72)) - Starting container downloader service to copy containers to replicate.
2019-09-19 17:00:02,810 [main] INFO  hdfs.DFSUtil (DFSUtil.java:httpServerTemplateForNNAndJN(1641)) - Starting Web-server for hddsDatanode at: http://0.0.0.0:0
2019-09-19 17:00:02,811 [main] INFO  server.AuthenticationFilter (AuthenticationFilter.java:constructSecretProvider(240)) - Unable to initialize FileSignerSecretProvider, falling back to use random secrets.
2019-09-19 17:00:02,812 [main] WARN  http.HttpRequestLog (HttpRequestLog.java:getRequestLog(97)) - Jetty request log can only be enabled using Log4j
2019-09-19 17:00:02,813 [main] INFO  http.HttpServer2 (HttpServer2.java:addGlobalFilter(975)) - Added global filter 'safety' (class=org.apache.hadoop.http.HttpServer2$QuotingInputFilter)
2019-09-19 17:00:02,813 [main] INFO  http.HttpServer2 (HttpServer2.java:addFilter(948)) - Added filter static_user_filter (class=org.apache.hadoop.http.lib.StaticUserWebFilter$StaticUserFilter) to context hddsDatanode
2019-09-19 17:00:02,813 [main] INFO  http.HttpServer2 (HttpServer2.java:addFilter(958)) - Added filter static_user_filter (class=org.apache.hadoop.http.lib.StaticUserWebFilter$StaticUserFilter) to context logs
2019-09-19 17:00:02,814 [main] INFO  http.HttpServer2 (HttpServer2.java:addFilter(958)) - Added filter static_user_filter (class=org.apache.hadoop.http.lib.StaticUserWebFilter$StaticUserFilter) to context static
2019-09-19 17:00:02,814 [main] INFO  http.HttpServer2 (HttpServer2.java:bindListener(1191)) - Jetty bound to port 35668
2019-09-19 17:00:02,814 [main] INFO  server.Server (Server.java:doStart(351)) - jetty-9.3.24.v20180605, build timestamp: 2018-06-05T17:11:56Z, git hash: 84205aa28f11a4f31f2a3b86d1bba2cc8ab69827
2019-09-19 17:00:02,818 [main] INFO  handler.ContextHandler (ContextHandler.java:doStart(781)) - Started o.e.j.s.ServletContextHandler@de77146{/logs,file:///workdir/hadoop-ozone/tools/target/log,AVAILABLE}
2019-09-19 17:00:02,818 [main] INFO  handler.ContextHandler (ContextHandler.java:doStart(781)) - Started o.e.j.s.ServletContextHandler@5cfed0ba{/static,jar:file:/home/user/.m2/repository/org/apache/hadoop/hadoop-hdds-container-service/0.5.0-SNAPSHOT/hadoop-hdds-container-service-0.5.0-SNAPSHOT.jar!/webapps/static,AVAILABLE}
2019-09-19 17:00:02,842 [main] INFO  handler.ContextHandler (ContextHandler.java:doStart(781)) - Started o.e.j.w.WebAppContext@6de43bc1{/,file:///tmp/jetty-0.0.0.0-35668-hddsDatanode-_-any-1739174510311611749.dir/webapp/,AVAILABLE}{/hddsDatanode}
2019-09-19 17:00:02,843 [main] INFO  server.AbstractConnector (AbstractConnector.java:doStart(278)) - Started ServerConnector@27a9f025{HTTP/1.1,[http/1.1]}{0.0.0.0:35668}
2019-09-19 17:00:02,843 [main] INFO  server.Server (Server.java:doStart(419)) - Started @7082ms
2019-09-19 17:00:02,844 [main] INFO  server.BaseHttpServer (BaseHttpServer.java:updateConnectorAddress(213)) - HTTP server of HDDSDATANODE is listening at http://0.0.0.0:35668
2019-09-19 17:00:02,974 | INFO  | ObjectStoreRestHttpServer | Listening HDDS REST traffic on /0.0.0.0:46571 |  
2019-09-19 17:00:02,974 [main] INFO  ozone.HddsDatanodeService (HddsDatanodeService.java:startPlugins(395)) - Started plug-in org.apache.hadoop.ozone.web.OzoneHddsDatanodeService@50e5032c
2019-09-19 17:00:02,975 [main] INFO  impl.MetricsSystemImpl (MetricsSystemImpl.java:init(158)) - HddsDatanode metrics system started (again)
2019-09-19 17:00:02,978 [main] INFO  ozone.HddsDatanodeService (HddsDatanodeService.java:start(184)) - HddsDatanodeService host:pr-hdds-1569-swxfz-3172132826 ip:192.168.157.226
2019-09-19 17:00:02,979 [org.apache.hadoop.util.JvmPauseMonitor$Monitor@792cf44b] INFO  util.JvmPauseMonitor (JvmPauseMonitor.java:run(188)) - Starting JVM pause monitor
2019-09-19 17:00:02,982 [Datanode State Machine Thread - 0] INFO  datanode.InitDatanodeState (InitDatanodeState.java:persistContainerDatanodeDetails(140)) - DatanodeDetails is persisted to /workdir/hadoop-ozone/tools/target/test-dir/MiniOzoneClusterImpl-53329b5c-158c-4202-b54c-282115de494f/datanode-3/meta/datanode.id
2019-09-19 17:00:02,987 [main] INFO  volume.HddsVolume (HddsVolume.java:<init>(176)) - Creating Volume: /workdir/hadoop-ozone/tools/target/test-dir/MiniOzoneClusterImpl-53329b5c-158c-4202-b54c-282115de494f/datanode-4/data/containers/hdds of  storage type : DISK and capacity : 1482555576320
2019-09-19 17:00:02,987 [main] INFO  volume.VolumeSet (VolumeSet.java:initializeVolumeSet(170)) - Added Volume : /workdir/hadoop-ozone/tools/target/test-dir/MiniOzoneClusterImpl-53329b5c-158c-4202-b54c-282115de494f/datanode-4/data/containers/hdds to VolumeSet
2019-09-19 17:00:02,988 [main] INFO  volume.ThrottledAsyncChecker (ThrottledAsyncChecker.java:schedule(140)) - Scheduling a check for org.apache.hadoop.ozone.container.common.volume.HddsVolume@17ec335a
2019-09-19 17:00:02,988 [main] INFO  volume.HddsVolumeChecker (HddsVolumeChecker.java:checkAllVolumes(203)) - Scheduled health check for volume org.apache.hadoop.ozone.container.common.volume.HddsVolume@17ec335a
2019-09-19 17:00:03,002 [main] INFO  impl.RaftServerProxy (ConfUtils.java:logGet(43)) - raft.rpc.type = GRPC (default)
2019-09-19 17:00:03,002 [main] INFO  grpc.GrpcFactory (GrpcFactory.java:checkPooledByteBufAllocatorUseCacheForAllThreads(45)) - PERFORMANCE WARNING: useCacheForAllThreads is true that may cause Netty to create a lot garbage objects and, as a result, trigger GC.
	It is recommended to disable useCacheForAllThreads by setting -Dorg.apache.ratis.thirdparty.io.netty.allocator.useCacheForAllThreads=false in command line.
2019-09-19 17:00:03,003 [main] INFO  grpc.GrpcConfigKeys$Server (ConfUtils.java:logGet(43)) - raft.grpc.server.port = 0 (default)
2019-09-19 17:00:03,003 [main] INFO  server.GrpcService (ConfUtils.java:logGet(43)) - raft.grpc.message.size.max = 33570816 (custom)
2019-09-19 17:00:03,003 [main] INFO  server.RaftServerConfigKeys (ConfUtils.java:logGet(43)) - raft.server.log.appender.buffer.byte-limit = 33554432 (custom)
2019-09-19 17:00:03,003 [main] INFO  server.GrpcService (ConfUtils.java:logGet(43)) - raft.grpc.flow.control.window = 1MB (=1048576) (default)
2019-09-19 17:00:03,003 [main] INFO  server.RaftServerConfigKeys (ConfUtils.java:logGet(43)) - raft.server.rpc.request.timeout = 3000ms (default)
2019-09-19 17:00:03,004 [main] INFO  server.RaftServerConfigKeys (ConfUtils.java:logGet(43)) - raft.server.storage.dir = [/workdir/hadoop-ozone/tools/target/test-dir/MiniOzoneClusterImpl-53329b5c-158c-4202-b54c-282115de494f/datanode-4/data/ratis] (custom)
2019-09-19 17:00:03,004 [main] INFO  replication.SimpleContainerDownloader (SimpleContainerDownloader.java:<init>(72)) - Starting container downloader service to copy containers to replicate.
2019-09-19 17:00:03,005 [main] INFO  hdfs.DFSUtil (DFSUtil.java:httpServerTemplateForNNAndJN(1641)) - Starting Web-server for hddsDatanode at: http://0.0.0.0:0
2019-09-19 17:00:03,006 [main] INFO  server.AuthenticationFilter (AuthenticationFilter.java:constructSecretProvider(240)) - Unable to initialize FileSignerSecretProvider, falling back to use random secrets.
2019-09-19 17:00:03,007 [main] WARN  http.HttpRequestLog (HttpRequestLog.java:getRequestLog(97)) - Jetty request log can only be enabled using Log4j
2019-09-19 17:00:03,008 [main] INFO  http.HttpServer2 (HttpServer2.java:addGlobalFilter(975)) - Added global filter 'safety' (class=org.apache.hadoop.http.HttpServer2$QuotingInputFilter)
2019-09-19 17:00:03,009 [main] INFO  http.HttpServer2 (HttpServer2.java:addFilter(948)) - Added filter static_user_filter (class=org.apache.hadoop.http.lib.StaticUserWebFilter$StaticUserFilter) to context hddsDatanode
2019-09-19 17:00:03,009 [main] INFO  http.HttpServer2 (HttpServer2.java:addFilter(958)) - Added filter static_user_filter (class=org.apache.hadoop.http.lib.StaticUserWebFilter$StaticUserFilter) to context logs
2019-09-19 17:00:03,009 [main] INFO  http.HttpServer2 (HttpServer2.java:addFilter(958)) - Added filter static_user_filter (class=org.apache.hadoop.http.lib.StaticUserWebFilter$StaticUserFilter) to context static
2019-09-19 17:00:03,010 [main] INFO  http.HttpServer2 (HttpServer2.java:bindListener(1191)) - Jetty bound to port 44468
2019-09-19 17:00:03,010 [main] INFO  server.Server (Server.java:doStart(351)) - jetty-9.3.24.v20180605, build timestamp: 2018-06-05T17:11:56Z, git hash: 84205aa28f11a4f31f2a3b86d1bba2cc8ab69827
2019-09-19 17:00:03,012 [main] INFO  handler.ContextHandler (ContextHandler.java:doStart(781)) - Started o.e.j.s.ServletContextHandler@48499739{/logs,file:///workdir/hadoop-ozone/tools/target/log,AVAILABLE}
2019-09-19 17:00:03,012 [main] INFO  handler.ContextHandler (ContextHandler.java:doStart(781)) - Started o.e.j.s.ServletContextHandler@559991f5{/static,jar:file:/home/user/.m2/repository/org/apache/hadoop/hadoop-hdds-container-service/0.5.0-SNAPSHOT/hadoop-hdds-container-service-0.5.0-SNAPSHOT.jar!/webapps/static,AVAILABLE}
2019-09-19 17:00:03,035 [main] INFO  handler.ContextHandler (ContextHandler.java:doStart(781)) - Started o.e.j.w.WebAppContext@54f6b629{/,file:///tmp/jetty-0.0.0.0-44468-hddsDatanode-_-any-3806310879460120496.dir/webapp/,AVAILABLE}{/hddsDatanode}
2019-09-19 17:00:03,036 [main] INFO  server.AbstractConnector (AbstractConnector.java:doStart(278)) - Started ServerConnector@4bc9ca97{HTTP/1.1,[http/1.1]}{0.0.0.0:44468}
2019-09-19 17:00:03,037 [main] INFO  server.Server (Server.java:doStart(419)) - Started @7276ms
2019-09-19 17:00:03,037 [main] INFO  server.BaseHttpServer (BaseHttpServer.java:updateConnectorAddress(213)) - HTTP server of HDDSDATANODE is listening at http://0.0.0.0:44468
2019-09-19 17:00:03,163 | INFO  | ObjectStoreRestHttpServer | Listening HDDS REST traffic on /0.0.0.0:36786 |  
2019-09-19 17:00:03,163 [main] INFO  ozone.HddsDatanodeService (HddsDatanodeService.java:startPlugins(395)) - Started plug-in org.apache.hadoop.ozone.web.OzoneHddsDatanodeService@569348e1
2019-09-19 17:00:03,165 [main] INFO  ozone.MiniOzoneClusterImpl (MiniOzoneClusterImpl.java:lambda$waitForClusterToBeReady$0(142)) - Waiting for cluster to be ready. Got 0 of 5 DN Heartbeats.
2019-09-19 17:00:03,166 [org.apache.hadoop.util.JvmPauseMonitor$Monitor@74a5e162] INFO  util.JvmPauseMonitor (JvmPauseMonitor.java:run(188)) - Starting JVM pause monitor
2019-09-19 17:00:03,169 [Datanode State Machine Thread - 0] INFO  datanode.InitDatanodeState (InitDatanodeState.java:persistContainerDatanodeDetails(140)) - DatanodeDetails is persisted to /workdir/hadoop-ozone/tools/target/test-dir/MiniOzoneClusterImpl-53329b5c-158c-4202-b54c-282115de494f/datanode-4/meta/datanode.id
2019-09-19 17:00:04,166 [main] INFO  ozone.MiniOzoneClusterImpl (MiniOzoneClusterImpl.java:lambda$waitForClusterToBeReady$0(142)) - Waiting for cluster to be ready. Got 0 of 5 DN Heartbeats.
2019-09-19 17:00:04,421 | INFO  | SCMAudit | user=jenkins1000 | ip=192.168.157.226 | op=GET_VERSION null | ret=SUCCESS |  
2019-09-19 17:00:04,442 [Datanode State Machine Thread - 0] INFO  ozoneimpl.OzoneContainer (OzoneContainer.java:start(186)) - Attempting to start container services.
2019-09-19 17:00:04,444 [Datanode State Machine Thread - 0] INFO  ozoneimpl.OzoneContainer (OzoneContainer.java:startContainerScrub(160)) - Background container scrubber has been disabled by hdds.containerscrub.enabled
2019-09-19 17:00:04,444 [Datanode State Machine Thread - 0] INFO  ratis.XceiverServerRatis (XceiverServerRatis.java:start(404)) - Starting XceiverServerRatis e858d55d-eb7f-4d43-a7ab-d70ac1b2cf5d at port 0
2019-09-19 17:00:04,465 [Datanode State Machine Thread - 0] INFO  impl.RaftServerProxy (RaftServerProxy.java:lambda$start$3(299)) - e858d55d-eb7f-4d43-a7ab-d70ac1b2cf5d: start RPC server
2019-09-19 17:00:04,584 | INFO  | SCMAudit | user=jenkins1000 | ip=192.168.157.226 | op=GET_VERSION null | ret=SUCCESS |  
2019-09-19 17:00:04,594 [Datanode State Machine Thread - 0] INFO  server.GrpcService (GrpcService.java:startImpl(149)) - e858d55d-eb7f-4d43-a7ab-d70ac1b2cf5d: GrpcService started, listening on 0.0.0.0/0.0.0.0:39997
2019-09-19 17:00:04,594 [Datanode State Machine Thread - 0] INFO  ratis.XceiverServerRatis (XceiverServerRatis.java:start(414)) - XceiverServerRatis e858d55d-eb7f-4d43-a7ab-d70ac1b2cf5d is started using port 39997
2019-09-19 17:00:04,597 [Datanode State Machine Thread - 0] INFO  server.XceiverServerGrpc (XceiverServerGrpc.java:start(163)) - XceiverServerGrpc e858d55d-eb7f-4d43-a7ab-d70ac1b2cf5d is started using port 41713
2019-09-19 17:00:04,600 [Datanode State Machine Thread - 0] INFO  ozoneimpl.OzoneContainer (OzoneContainer.java:start(186)) - Attempting to start container services.
2019-09-19 17:00:04,602 [Datanode State Machine Thread - 0] INFO  ozoneimpl.OzoneContainer (OzoneContainer.java:startContainerScrub(160)) - Background container scrubber has been disabled by hdds.containerscrub.enabled
2019-09-19 17:00:04,603 [Datanode State Machine Thread - 0] INFO  ratis.XceiverServerRatis (XceiverServerRatis.java:start(404)) - Starting XceiverServerRatis e59acbe3-2e53-434b-8aef-eb1faf9f1cb0 at port 0
2019-09-19 17:00:04,612 [Datanode State Machine Thread - 0] INFO  impl.RaftServerProxy (RaftServerProxy.java:lambda$start$3(299)) - e59acbe3-2e53-434b-8aef-eb1faf9f1cb0: start RPC server
2019-09-19 17:00:04,615 [Datanode State Machine Thread - 0] INFO  server.GrpcService (GrpcService.java:startImpl(149)) - e59acbe3-2e53-434b-8aef-eb1faf9f1cb0: GrpcService started, listening on 0.0.0.0/0.0.0.0:41120
2019-09-19 17:00:04,616 [Datanode State Machine Thread - 0] INFO  ratis.XceiverServerRatis (XceiverServerRatis.java:start(414)) - XceiverServerRatis e59acbe3-2e53-434b-8aef-eb1faf9f1cb0 is started using port 41120
2019-09-19 17:00:04,618 [Datanode State Machine Thread - 0] INFO  server.XceiverServerGrpc (XceiverServerGrpc.java:start(163)) - XceiverServerGrpc e59acbe3-2e53-434b-8aef-eb1faf9f1cb0 is started using port 46342
2019-09-19 17:00:04,788 | INFO  | SCMAudit | user=jenkins1000 | ip=192.168.157.226 | op=GET_VERSION null | ret=SUCCESS |  
2019-09-19 17:00:04,815 [Datanode State Machine Thread - 0] INFO  ozoneimpl.OzoneContainer (OzoneContainer.java:start(186)) - Attempting to start container services.
2019-09-19 17:00:04,817 [Datanode State Machine Thread - 0] INFO  ozoneimpl.OzoneContainer (OzoneContainer.java:startContainerScrub(160)) - Background container scrubber has been disabled by hdds.containerscrub.enabled
2019-09-19 17:00:04,817 [Datanode State Machine Thread - 0] INFO  ratis.XceiverServerRatis (XceiverServerRatis.java:start(404)) - Starting XceiverServerRatis c64ef6ee-91bc-492f-96d3-e3ad2b12297f at port 0
2019-09-19 17:00:04,914 [Datanode State Machine Thread - 0] INFO  impl.RaftServerProxy (RaftServerProxy.java:lambda$start$3(299)) - c64ef6ee-91bc-492f-96d3-e3ad2b12297f: start RPC server
2019-09-19 17:00:04,922 [Datanode State Machine Thread - 0] INFO  server.GrpcService (GrpcService.java:startImpl(149)) - c64ef6ee-91bc-492f-96d3-e3ad2b12297f: GrpcService started, listening on 0.0.0.0/0.0.0.0:43735
2019-09-19 17:00:04,922 [Datanode State Machine Thread - 0] INFO  ratis.XceiverServerRatis (XceiverServerRatis.java:start(414)) - XceiverServerRatis c64ef6ee-91bc-492f-96d3-e3ad2b12297f is started using port 43735
2019-09-19 17:00:04,926 [Datanode State Machine Thread - 0] INFO  server.XceiverServerGrpc (XceiverServerGrpc.java:start(163)) - XceiverServerGrpc c64ef6ee-91bc-492f-96d3-e3ad2b12297f is started using port 36610
2019-09-19 17:00:04,981 | INFO  | SCMAudit | user=jenkins1000 | ip=192.168.157.226 | op=GET_VERSION null | ret=SUCCESS |  
2019-09-19 17:00:04,995 [Datanode State Machine Thread - 0] INFO  ozoneimpl.OzoneContainer (OzoneContainer.java:start(186)) - Attempting to start container services.
2019-09-19 17:00:04,997 [Datanode State Machine Thread - 0] INFO  ozoneimpl.OzoneContainer (OzoneContainer.java:startContainerScrub(160)) - Background container scrubber has been disabled by hdds.containerscrub.enabled
2019-09-19 17:00:04,997 [Datanode State Machine Thread - 0] INFO  ratis.XceiverServerRatis (XceiverServerRatis.java:start(404)) - Starting XceiverServerRatis 5f94c5ea-0d2c-486e-937b-d09fa3478732 at port 0
2019-09-19 17:00:05,006 [Datanode State Machine Thread - 0] INFO  impl.RaftServerProxy (RaftServerProxy.java:lambda$start$3(299)) - 5f94c5ea-0d2c-486e-937b-d09fa3478732: start RPC server
2019-09-19 17:00:05,009 [Datanode State Machine Thread - 0] INFO  server.GrpcService (GrpcService.java:startImpl(149)) - 5f94c5ea-0d2c-486e-937b-d09fa3478732: GrpcService started, listening on 0.0.0.0/0.0.0.0:34563
2019-09-19 17:00:05,010 [Datanode State Machine Thread - 0] INFO  ratis.XceiverServerRatis (XceiverServerRatis.java:start(414)) - XceiverServerRatis 5f94c5ea-0d2c-486e-937b-d09fa3478732 is started using port 34563
2019-09-19 17:00:05,014 [Datanode State Machine Thread - 0] INFO  server.XceiverServerGrpc (XceiverServerGrpc.java:start(163)) - XceiverServerGrpc 5f94c5ea-0d2c-486e-937b-d09fa3478732 is started using port 41216
2019-09-19 17:00:05,166 [main] INFO  ozone.MiniOzoneClusterImpl (MiniOzoneClusterImpl.java:lambda$waitForClusterToBeReady$0(142)) - Waiting for cluster to be ready. Got 0 of 5 DN Heartbeats.
2019-09-19 17:00:05,170 | INFO  | SCMAudit | user=jenkins1000 | ip=192.168.157.226 | op=GET_VERSION null | ret=SUCCESS |  
2019-09-19 17:00:05,196 [Datanode State Machine Thread - 0] INFO  ozoneimpl.OzoneContainer (OzoneContainer.java:start(186)) - Attempting to start container services.
2019-09-19 17:00:05,202 [Datanode State Machine Thread - 0] INFO  ozoneimpl.OzoneContainer (OzoneContainer.java:startContainerScrub(160)) - Background container scrubber has been disabled by hdds.containerscrub.enabled
2019-09-19 17:00:05,202 [Datanode State Machine Thread - 0] INFO  ratis.XceiverServerRatis (XceiverServerRatis.java:start(404)) - Starting XceiverServerRatis dd9809e6-023f-42ef-96fa-650496b0d2eb at port 0
2019-09-19 17:00:05,210 [Datanode State Machine Thread - 0] INFO  impl.RaftServerProxy (RaftServerProxy.java:lambda$start$3(299)) - dd9809e6-023f-42ef-96fa-650496b0d2eb: start RPC server
2019-09-19 17:00:05,214 [Datanode State Machine Thread - 0] INFO  server.GrpcService (GrpcService.java:startImpl(149)) - dd9809e6-023f-42ef-96fa-650496b0d2eb: GrpcService started, listening on 0.0.0.0/0.0.0.0:40601
2019-09-19 17:00:05,214 [Datanode State Machine Thread - 0] INFO  ratis.XceiverServerRatis (XceiverServerRatis.java:start(414)) - XceiverServerRatis dd9809e6-023f-42ef-96fa-650496b0d2eb is started using port 40601
2019-09-19 17:00:05,218 [Datanode State Machine Thread - 0] INFO  server.XceiverServerGrpc (XceiverServerGrpc.java:start(163)) - XceiverServerGrpc dd9809e6-023f-42ef-96fa-650496b0d2eb is started using port 41531
2019-09-19 17:00:06,167 [main] INFO  ozone.MiniOzoneClusterImpl (MiniOzoneClusterImpl.java:lambda$waitForClusterToBeReady$0(142)) - Waiting for cluster to be ready. Got 0 of 5 DN Heartbeats.
2019-09-19 17:00:06,440 [IPC Server handler 2 on 33427] INFO  net.NetworkTopology (NetworkTopologyImpl.java:add(110)) - Added a new node: /default-rack/e858d55d-eb7f-4d43-a7ab-d70ac1b2cf5d
2019-09-19 17:00:06,440 [IPC Server handler 2 on 33427] INFO  node.SCMNodeManager (SCMNodeManager.java:register(273)) - Registered Data node : e858d55d-eb7f-4d43-a7ab-d70ac1b2cf5d{ip: 192.168.157.226, host: pr-hdds-1569-swxfz-3172132826, networkLocation: /default-rack, certSerialId: null}
2019-09-19 17:00:06,445 [EventQueue-NodeRegistrationContainerReportForDataNodeSafeModeRule] INFO  safemode.SCMSafeModeManager (DataNodeSafeModeRule.java:process(71)) - SCM in safe mode. 1 DataNodes registered, 1 required.
2019-09-19 17:00:06,446 [EventQueue-NodeRegistrationContainerReportForDataNodeSafeModeRule] INFO  safemode.SCMSafeModeManager (SCMSafeModeManager.java:validateSafeModeExitRules(177)) - ScmSafeModeManager, all rules are successfully validated
2019-09-19 17:00:06,446 [EventQueue-NodeRegistrationContainerReportForDataNodeSafeModeRule] INFO  safemode.SCMSafeModeManager (SCMSafeModeManager.java:exitSafeMode(193)) - SCM exiting safe mode.
2019-09-19 17:00:06,451 | INFO  | SCMAudit | user=jenkins1000 | ip=192.168.157.226 | op=REGISTER {datanodeDetails=e858d55d-eb7f-4d43-a7ab-d70ac1b2cf5d{ip: 192.168.157.226, host: pr-hdds-1569-swxfz-3172132826, networkLocation: /default-rack, certSerialId: null}} | ret=SUCCESS |  
2019-09-19 17:00:06,585 [IPC Server handler 1 on 33427] INFO  net.NetworkTopology (NetworkTopologyImpl.java:add(110)) - Added a new node: /default-rack/e59acbe3-2e53-434b-8aef-eb1faf9f1cb0
2019-09-19 17:00:06,585 [IPC Server handler 1 on 33427] INFO  node.SCMNodeManager (SCMNodeManager.java:register(273)) - Registered Data node : e59acbe3-2e53-434b-8aef-eb1faf9f1cb0{ip: 192.168.157.226, host: pr-hdds-1569-swxfz-3172132826, networkLocation: /default-rack, certSerialId: null}
2019-09-19 17:00:06,586 | INFO  | SCMAudit | user=jenkins1000 | ip=192.168.157.226 | op=REGISTER {datanodeDetails=e59acbe3-2e53-434b-8aef-eb1faf9f1cb0{ip: 192.168.157.226, host: pr-hdds-1569-swxfz-3172132826, networkLocation: /default-rack, certSerialId: null}} | ret=SUCCESS |  
2019-09-19 17:00:06,788 [IPC Server handler 3 on 33427] INFO  net.NetworkTopology (NetworkTopologyImpl.java:add(110)) - Added a new node: /default-rack/c64ef6ee-91bc-492f-96d3-e3ad2b12297f
2019-09-19 17:00:06,794 [IPC Server handler 3 on 33427] INFO  node.SCMNodeManager (SCMNodeManager.java:register(273)) - Registered Data node : c64ef6ee-91bc-492f-96d3-e3ad2b12297f{ip: 192.168.157.226, host: pr-hdds-1569-swxfz-3172132826, networkLocation: /default-rack, certSerialId: null}
2019-09-19 17:00:06,795 | INFO  | SCMAudit | user=jenkins1000 | ip=192.168.157.226 | op=REGISTER {datanodeDetails=c64ef6ee-91bc-492f-96d3-e3ad2b12297f{ip: 192.168.157.226, host: pr-hdds-1569-swxfz-3172132826, networkLocation: /default-rack, certSerialId: null}} | ret=SUCCESS |  
2019-09-19 17:00:06,982 [IPC Server handler 5 on 33427] INFO  net.NetworkTopology (NetworkTopologyImpl.java:add(110)) - Added a new node: /default-rack/5f94c5ea-0d2c-486e-937b-d09fa3478732
2019-09-19 17:00:06,983 [IPC Server handler 5 on 33427] INFO  node.SCMNodeManager (SCMNodeManager.java:register(273)) - Registered Data node : 5f94c5ea-0d2c-486e-937b-d09fa3478732{ip: 192.168.157.226, host: pr-hdds-1569-swxfz-3172132826, networkLocation: /default-rack, certSerialId: null}
2019-09-19 17:00:06,983 | INFO  | SCMAudit | user=jenkins1000 | ip=192.168.157.226 | op=REGISTER {datanodeDetails=5f94c5ea-0d2c-486e-937b-d09fa3478732{ip: 192.168.157.226, host: pr-hdds-1569-swxfz-3172132826, networkLocation: /default-rack, certSerialId: null}} | ret=SUCCESS |  
2019-09-19 17:00:07,397 [main] INFO  ozone.MiniOzoneClusterImpl (MiniOzoneClusterImpl.java:lambda$waitForClusterToBeReady$0(142)) - Waiting for cluster to be ready. Got 4 of 5 DN Heartbeats.
2019-09-19 17:00:07,401 [IPC Server handler 6 on 33427] INFO  net.NetworkTopology (NetworkTopologyImpl.java:add(110)) - Added a new node: /default-rack/dd9809e6-023f-42ef-96fa-650496b0d2eb
2019-09-19 17:00:07,402 [IPC Server handler 6 on 33427] INFO  node.SCMNodeManager (SCMNodeManager.java:register(273)) - Registered Data node : dd9809e6-023f-42ef-96fa-650496b0d2eb{ip: 192.168.157.226, host: pr-hdds-1569-swxfz-3172132826, networkLocation: /default-rack, certSerialId: null}
2019-09-19 17:00:07,403 | INFO  | SCMAudit | user=jenkins1000 | ip=192.168.157.226 | op=REGISTER {datanodeDetails=dd9809e6-023f-42ef-96fa-650496b0d2eb{ip: 192.168.157.226, host: pr-hdds-1569-swxfz-3172132826, networkLocation: /default-rack, certSerialId: null}} | ret=SUCCESS |  
2019-09-19 17:00:07,473 [grpc-default-executor-0] INFO  impl.RaftServerProxy (RaftServerProxy.java:addNew(89)) - e858d55d-eb7f-4d43-a7ab-d70ac1b2cf5d: addNew group-679EABD06BD5:[e858d55d-eb7f-4d43-a7ab-d70ac1b2cf5d:192.168.157.226:39997] returns group-679EABD06BD5:java.util.concurrent.CompletableFuture@50f429ed[Not completed]
2019-09-19 17:00:07,490 [pool-27-thread-1] INFO  impl.RaftServerImpl (RaftServerImpl.java:<init>(93)) - e858d55d-eb7f-4d43-a7ab-d70ac1b2cf5d: new RaftServerImpl for group-679EABD06BD5:[e858d55d-eb7f-4d43-a7ab-d70ac1b2cf5d:192.168.157.226:39997] with ContainerStateMachine:uninitialized
2019-09-19 17:00:07,492 [pool-27-thread-1] INFO  server.RaftServerConfigKeys (ConfUtils.java:logGet(43)) - raft.server.rpc.timeout.min = 5s (custom)
2019-09-19 17:00:07,494 [pool-27-thread-1] INFO  server.RaftServerConfigKeys (ConfUtils.java:logGet(43)) - raft.server.rpc.timeout.max = 5200ms (custom)
2019-09-19 17:00:07,494 [pool-27-thread-1] INFO  server.RaftServerConfigKeys (ConfUtils.java:logGet(43)) - raft.server.rpcslowness.timeout = 120s (custom)
2019-09-19 17:00:07,495 [pool-27-thread-1] INFO  server.RaftServerConfigKeys (ConfUtils.java:logGet(43)) - raft.server.sleep.deviation.threshold = 300 (default)
2019-09-19 17:00:07,496 [pool-27-thread-1] INFO  server.RaftServerConfigKeys (ConfUtils.java:logGet(43)) - raft.server.log.appender.install.snapshot.enabled = false (custom)
2019-09-19 17:00:07,503 [pool-27-thread-1] INFO  impl.RaftServerImpl (ServerState.java:<init>(105)) - e858d55d-eb7f-4d43-a7ab-d70ac1b2cf5d:group-679EABD06BD5 ConfigurationManager, init=-1: [e858d55d-eb7f-4d43-a7ab-d70ac1b2cf5d:192.168.157.226:39997], old=null, confs=<EMPTY_MAP>
2019-09-19 17:00:07,503 [pool-27-thread-1] INFO  server.RaftServerConfigKeys (ConfUtils.java:logGet(43)) - raft.server.storage.dir = [/workdir/hadoop-ozone/tools/target/test-dir/MiniOzoneClusterImpl-53329b5c-158c-4202-b54c-282115de494f/datanode-0/data/ratis] (custom)
2019-09-19 17:00:07,515 [pool-27-thread-1] INFO  storage.RaftStorageDirectory (RaftStorageDirectory.java:analyzeStorage(246)) - The storage directory /workdir/hadoop-ozone/tools/target/test-dir/MiniOzoneClusterImpl-53329b5c-158c-4202-b54c-282115de494f/datanode-0/data/ratis/2eaf0b55-7c74-4ed0-ba74-679eabd06bd5 does not exist. Creating ...
2019-09-19 17:00:07,533 [pool-27-thread-1] INFO  storage.RaftStorageDirectory (RaftStorageDirectory.java:tryLock(328)) - Lock on /workdir/hadoop-ozone/tools/target/test-dir/MiniOzoneClusterImpl-53329b5c-158c-4202-b54c-282115de494f/datanode-0/data/ratis/2eaf0b55-7c74-4ed0-ba74-679eabd06bd5/in_use.lock acquired by nodename 24801@pr-hdds-1569-swxfz-3172132826
2019-09-19 17:00:07,549 [pool-27-thread-1] INFO  storage.RaftStorage (RaftStorage.java:format(72)) - Storage directory /workdir/hadoop-ozone/tools/target/test-dir/MiniOzoneClusterImpl-53329b5c-158c-4202-b54c-282115de494f/datanode-0/data/ratis/2eaf0b55-7c74-4ed0-ba74-679eabd06bd5 has been successfully formatted.
2019-09-19 17:00:07,551 [pool-27-thread-1] INFO  ratis.ContainerStateMachine (ContainerStateMachine.java:loadSnapshot(226)) - group-679EABD06BD5: The snapshot info is null. Setting the last applied indexto:(t:0, i:~)
2019-09-19 17:00:07,552 [pool-27-thread-1] INFO  server.RaftServerConfigKeys (ConfUtils.java:logGet(43)) - raft.server.leader.election.timeout = 120s (custom)
2019-09-19 17:00:07,554 [pool-27-thread-1] INFO  server.RaftServerConfigKeys (ConfUtils.java:logGet(43)) - raft.server.log.use.memory = false (default)
2019-09-19 17:00:07,565 [pool-27-thread-1] INFO  server.RaftServerConfigKeys (ConfUtils.java:logGet(43)) - raft.server.log.purge.gap = 1000000 (custom)
2019-09-19 17:00:07,565 [pool-27-thread-1] INFO  server.RaftServerConfigKeys (ConfUtils.java:logGet(43)) - raft.server.log.appender.buffer.byte-limit = 33554432 (custom)
2019-09-19 17:00:07,567 [pool-27-thread-1] INFO  server.RaftServerConfigKeys (ConfUtils.java:logGet(43)) - raft.server.log.segment.size.max = 1048576 (custom)
2019-09-19 17:00:07,574 [pool-27-thread-1] INFO  server.RaftServerConfigKeys (ConfUtils.java:logGet(43)) - raft.server.log.segment.cache.num.max = 2 (custom)
2019-09-19 17:00:07,582 [pool-27-thread-1] INFO  segmented.SegmentedRaftLogWorker (SegmentedRaftLogWorker.java:<init>(172)) - new e858d55d-eb7f-4d43-a7ab-d70ac1b2cf5d-SegmentedRaftLogWorker:Storage Directory /workdir/hadoop-ozone/tools/target/test-dir/MiniOzoneClusterImpl-53329b5c-158c-4202-b54c-282115de494f/datanode-0/data/ratis/2eaf0b55-7c74-4ed0-ba74-679eabd06bd5 for RaftStorage:Storage Directory /workdir/hadoop-ozone/tools/target/test-dir/MiniOzoneClusterImpl-53329b5c-158c-4202-b54c-282115de494f/datanode-0/data/ratis/2eaf0b55-7c74-4ed0-ba74-679eabd06bd5
2019-09-19 17:00:07,600 [pool-27-thread-1] INFO  server.RaftServerConfigKeys (ConfUtils.java:logGet(43)) - raft.server.log.queue.byte-limit = 2147483647 (custom)
2019-09-19 17:00:07,601 [pool-27-thread-1] INFO  server.RaftServerConfigKeys (ConfUtils.java:logGet(43)) - raft.server.log.queue.element-limit = 1024 (custom)
2019-09-19 17:00:07,608 [pool-27-thread-1] INFO  server.RaftServerConfigKeys (ConfUtils.java:logGet(43)) - raft.server.log.segment.size.max = 1048576 (custom)
2019-09-19 17:00:07,608 [pool-27-thread-1] INFO  server.RaftServerConfigKeys (ConfUtils.java:logGet(43)) - raft.server.log.preallocated.size = 16384 (custom)
2019-09-19 17:00:07,609 [pool-27-thread-1] INFO  server.RaftServerConfigKeys (ConfUtils.java:logGet(43)) - raft.server.log.write.buffer.size = 33554432 (custom)
2019-09-19 17:00:07,609 [pool-27-thread-1] INFO  server.RaftServerConfigKeys (ConfUtils.java:logGet(43)) - raft.server.log.force.sync.num = 128 (default)
2019-09-19 17:00:07,611 [pool-27-thread-1] INFO  server.RaftServerConfigKeys (ConfUtils.java:logGet(43)) - raft.server.log.statemachine.data.sync = true (default)
2019-09-19 17:00:07,611 [pool-27-thread-1] INFO  server.RaftServerConfigKeys (ConfUtils.java:logGet(43)) - raft.server.log.statemachine.data.sync.timeout = 10s (default)
2019-09-19 17:00:07,611 [pool-27-thread-1] INFO  server.RaftServerConfigKeys (ConfUtils.java:logGet(43)) - raft.server.log.statemachine.data.sync.timeout.retry = -1 (default)
2019-09-19 17:00:07,624 [pool-27-thread-1] INFO  server.RaftServerConfigKeys (ConfUtils.java:logGet(43)) - raft.server.log.statemachine.data.caching.enabled = true (custom)
2019-09-19 17:00:07,630 [pool-27-thread-1] INFO  segmented.SegmentedRaftLogWorker (SegmentedRaftLogWorker.java:lambda$new$0(132)) - e858d55d-eb7f-4d43-a7ab-d70ac1b2cf5d-SegmentedRaftLogWorker:Storage Directory /workdir/hadoop-ozone/tools/target/test-dir/MiniOzoneClusterImpl-53329b5c-158c-4202-b54c-282115de494f/datanode-0/data/ratis/2eaf0b55-7c74-4ed0-ba74-679eabd06bd5: flushIndex: setUnconditionally 0 -> -1
2019-09-19 17:00:07,634 [pool-27-thread-1] INFO  server.RaftServerConfigKeys (ConfUtils.java:logGet(43)) - raft.server.snapshot.auto.trigger.enabled = true (custom)
2019-09-19 17:00:07,635 [pool-27-thread-1] INFO  server.RaftServerConfigKeys (ConfUtils.java:logGet(43)) - raft.server.snapshot.auto.trigger.threshold = 10000 (custom)
2019-09-19 17:00:07,635 [pool-27-thread-1] INFO  server.RaftServerConfigKeys (ConfUtils.java:logGet(43)) - raft.server.retrycache.expirytime = 600000ms (custom)
2019-09-19 17:00:07,658 [pool-27-thread-1] INFO  impl.RaftServerImpl (RaftServerImpl.java:start(180)) - e858d55d-eb7f-4d43-a7ab-d70ac1b2cf5d: start group-679EABD06BD5
2019-09-19 17:00:07,659 [pool-27-thread-1] INFO  impl.RaftServerImpl (RaftServerImpl.java:setRole(171)) - e858d55d-eb7f-4d43-a7ab-d70ac1b2cf5d:group-679EABD06BD5 changes role from null to FOLLOWER at term 0 for startAsFollower
2019-09-19 17:00:07,660 [pool-27-thread-1] INFO  impl.RoleInfo (RoleInfo.java:updateAndGet(143)) - e858d55d-eb7f-4d43-a7ab-d70ac1b2cf5d: start FollowerState
2019-09-19 17:00:07,662 [pool-27-thread-1] INFO  util.JmxRegister (JmxRegister.java:tryRegister(44)) - Successfully registered JMX Bean with object name Ratis:service=RaftServer,group=group-679EABD06BD5,id=e858d55d-eb7f-4d43-a7ab-d70ac1b2cf5d
2019-09-19 17:00:07,725 [RatisPipelineUtilsThread] INFO  pipeline.PipelineStateManager (PipelineStateManager.java:addPipeline(56)) - Created pipeline Pipeline[ Id: 2eaf0b55-7c74-4ed0-ba74-679eabd06bd5, Nodes: e858d55d-eb7f-4d43-a7ab-d70ac1b2cf5d{ip: 192.168.157.226, host: pr-hdds-1569-swxfz-3172132826, networkLocation: /default-rack, certSerialId: null}, Type:RATIS, Factor:ONE, State:OPEN]
2019-09-19 17:00:07,766 [grpc-default-executor-0] INFO  impl.RaftServerProxy (RaftServerProxy.java:addNew(89)) - 5f94c5ea-0d2c-486e-937b-d09fa3478732: addNew group-DB2D025869A1:[5f94c5ea-0d2c-486e-937b-d09fa3478732:192.168.157.226:34563] returns group-DB2D025869A1:java.util.concurrent.CompletableFuture@4e98b976[Not completed]
2019-09-19 17:00:07,819 [pool-60-thread-1] INFO  impl.RaftServerImpl (RaftServerImpl.java:<init>(93)) - 5f94c5ea-0d2c-486e-937b-d09fa3478732: new RaftServerImpl for group-DB2D025869A1:[5f94c5ea-0d2c-486e-937b-d09fa3478732:192.168.157.226:34563] with ContainerStateMachine:uninitialized
2019-09-19 17:00:07,820 [pool-60-thread-1] INFO  server.RaftServerConfigKeys (ConfUtils.java:logGet(43)) - raft.server.rpc.timeout.min = 5s (custom)
2019-09-19 17:00:07,820 [pool-60-thread-1] INFO  server.RaftServerConfigKeys (ConfUtils.java:logGet(43)) - raft.server.rpc.timeout.max = 5200ms (custom)
2019-09-19 17:00:07,821 [pool-60-thread-1] INFO  server.RaftServerConfigKeys (ConfUtils.java:logGet(43)) - raft.server.rpcslowness.timeout = 120s (custom)
2019-09-19 17:00:07,821 [pool-60-thread-1] INFO  server.RaftServerConfigKeys (ConfUtils.java:logGet(43)) - raft.server.sleep.deviation.threshold = 300 (default)
2019-09-19 17:00:07,821 [pool-60-thread-1] INFO  server.RaftServerConfigKeys (ConfUtils.java:logGet(43)) - raft.server.log.appender.install.snapshot.enabled = false (custom)
2019-09-19 17:00:07,821 [pool-60-thread-1] INFO  impl.RaftServerImpl (ServerState.java:<init>(105)) - 5f94c5ea-0d2c-486e-937b-d09fa3478732:group-DB2D025869A1 ConfigurationManager, init=-1: [5f94c5ea-0d2c-486e-937b-d09fa3478732:192.168.157.226:34563], old=null, confs=<EMPTY_MAP>
2019-09-19 17:00:07,822 [pool-60-thread-1] INFO  server.RaftServerConfigKeys (ConfUtils.java:logGet(43)) - raft.server.storage.dir = [/workdir/hadoop-ozone/tools/target/test-dir/MiniOzoneClusterImpl-53329b5c-158c-4202-b54c-282115de494f/datanode-3/data/ratis] (custom)
2019-09-19 17:00:07,823 [pool-60-thread-1] INFO  storage.RaftStorageDirectory (RaftStorageDirectory.java:analyzeStorage(246)) - The storage directory /workdir/hadoop-ozone/tools/target/test-dir/MiniOzoneClusterImpl-53329b5c-158c-4202-b54c-282115de494f/datanode-3/data/ratis/3d8181da-e0b0-479d-91f0-db2d025869a1 does not exist. Creating ...
2019-09-19 17:00:07,849 [pool-60-thread-1] INFO  storage.RaftStorageDirectory (RaftStorageDirectory.java:tryLock(328)) - Lock on /workdir/hadoop-ozone/tools/target/test-dir/MiniOzoneClusterImpl-53329b5c-158c-4202-b54c-282115de494f/datanode-3/data/ratis/3d8181da-e0b0-479d-91f0-db2d025869a1/in_use.lock acquired by nodename 24801@pr-hdds-1569-swxfz-3172132826
2019-09-19 17:00:07,863 [pool-60-thread-1] INFO  storage.RaftStorage (RaftStorage.java:format(72)) - Storage directory /workdir/hadoop-ozone/tools/target/test-dir/MiniOzoneClusterImpl-53329b5c-158c-4202-b54c-282115de494f/datanode-3/data/ratis/3d8181da-e0b0-479d-91f0-db2d025869a1 has been successfully formatted.
2019-09-19 17:00:07,865 [pool-60-thread-1] INFO  ratis.ContainerStateMachine (ContainerStateMachine.java:loadSnapshot(226)) - group-DB2D025869A1: The snapshot info is null. Setting the last applied indexto:(t:0, i:~)
2019-09-19 17:00:07,867 [pool-60-thread-1] INFO  server.RaftServerConfigKeys (ConfUtils.java:logGet(43)) - raft.server.leader.election.timeout = 120s (custom)
2019-09-19 17:00:07,867 [pool-60-thread-1] INFO  server.RaftServerConfigKeys (ConfUtils.java:logGet(43)) - raft.server.log.use.memory = false (default)
2019-09-19 17:00:07,867 [pool-60-thread-1] INFO  server.RaftServerConfigKeys (ConfUtils.java:logGet(43)) - raft.server.log.purge.gap = 1000000 (custom)
2019-09-19 17:00:07,868 [pool-60-thread-1] INFO  server.RaftServerConfigKeys (ConfUtils.java:logGet(43)) - raft.server.log.appender.buffer.byte-limit = 33554432 (custom)
2019-09-19 17:00:07,868 [pool-60-thread-1] INFO  server.RaftServerConfigKeys (ConfUtils.java:logGet(43)) - raft.server.log.segment.size.max = 1048576 (custom)
2019-09-19 17:00:07,868 [pool-60-thread-1] INFO  server.RaftServerConfigKeys (ConfUtils.java:logGet(43)) - raft.server.log.segment.cache.num.max = 2 (custom)
2019-09-19 17:00:07,868 [pool-60-thread-1] INFO  segmented.SegmentedRaftLogWorker (SegmentedRaftLogWorker.java:<init>(172)) - new 5f94c5ea-0d2c-486e-937b-d09fa3478732-SegmentedRaftLogWorker:Storage Directory /workdir/hadoop-ozone/tools/target/test-dir/MiniOzoneClusterImpl-53329b5c-158c-4202-b54c-282115de494f/datanode-3/data/ratis/3d8181da-e0b0-479d-91f0-db2d025869a1 for RaftStorage:Storage Directory /workdir/hadoop-ozone/tools/target/test-dir/MiniOzoneClusterImpl-53329b5c-158c-4202-b54c-282115de494f/datanode-3/data/ratis/3d8181da-e0b0-479d-91f0-db2d025869a1
2019-09-19 17:00:07,870 [pool-60-thread-1] INFO  server.RaftServerConfigKeys (ConfUtils.java:logGet(43)) - raft.server.log.queue.byte-limit = 2147483647 (custom)
2019-09-19 17:00:07,870 [pool-60-thread-1] INFO  server.RaftServerConfigKeys (ConfUtils.java:logGet(43)) - raft.server.log.queue.element-limit = 1024 (custom)
2019-09-19 17:00:07,871 [pool-60-thread-1] INFO  server.RaftServerConfigKeys (ConfUtils.java:logGet(43)) - raft.server.log.segment.size.max = 1048576 (custom)
2019-09-19 17:00:07,871 [pool-60-thread-1] INFO  server.RaftServerConfigKeys (ConfUtils.java:logGet(43)) - raft.server.log.preallocated.size = 16384 (custom)
2019-09-19 17:00:07,871 [pool-60-thread-1] INFO  server.RaftServerConfigKeys (ConfUtils.java:logGet(43)) - raft.server.log.write.buffer.size = 33554432 (custom)
2019-09-19 17:00:07,872 [pool-60-thread-1] INFO  server.RaftServerConfigKeys (ConfUtils.java:logGet(43)) - raft.server.log.force.sync.num = 128 (default)
2019-09-19 17:00:07,872 [pool-60-thread-1] INFO  server.RaftServerConfigKeys (ConfUtils.java:logGet(43)) - raft.server.log.statemachine.data.sync = true (default)
2019-09-19 17:00:07,872 [pool-60-thread-1] INFO  server.RaftServerConfigKeys (ConfUtils.java:logGet(43)) - raft.server.log.statemachine.data.sync.timeout = 10s (default)
2019-09-19 17:00:07,872 [pool-60-thread-1] INFO  server.RaftServerConfigKeys (ConfUtils.java:logGet(43)) - raft.server.log.statemachine.data.sync.timeout.retry = -1 (default)
2019-09-19 17:00:07,873 [pool-60-thread-1] INFO  server.RaftServerConfigKeys (ConfUtils.java:logGet(43)) - raft.server.log.statemachine.data.caching.enabled = true (custom)
2019-09-19 17:00:07,873 [pool-60-thread-1] INFO  segmented.SegmentedRaftLogWorker (SegmentedRaftLogWorker.java:lambda$new$0(132)) - 5f94c5ea-0d2c-486e-937b-d09fa3478732-SegmentedRaftLogWorker:Storage Directory /workdir/hadoop-ozone/tools/target/test-dir/MiniOzoneClusterImpl-53329b5c-158c-4202-b54c-282115de494f/datanode-3/data/ratis/3d8181da-e0b0-479d-91f0-db2d025869a1: flushIndex: setUnconditionally 0 -> -1
2019-09-19 17:00:07,874 [pool-60-thread-1] INFO  server.RaftServerConfigKeys (ConfUtils.java:logGet(43)) - raft.server.snapshot.auto.trigger.enabled = true (custom)
2019-09-19 17:00:07,874 [pool-60-thread-1] INFO  server.RaftServerConfigKeys (ConfUtils.java:logGet(43)) - raft.server.snapshot.auto.trigger.threshold = 10000 (custom)
2019-09-19 17:00:07,875 [pool-60-thread-1] INFO  server.RaftServerConfigKeys (ConfUtils.java:logGet(43)) - raft.server.retrycache.expirytime = 600000ms (custom)
2019-09-19 17:00:07,875 [pool-60-thread-1] INFO  impl.RaftServerImpl (RaftServerImpl.java:start(180)) - 5f94c5ea-0d2c-486e-937b-d09fa3478732: start group-DB2D025869A1
2019-09-19 17:00:07,875 [pool-60-thread-1] INFO  impl.RaftServerImpl (RaftServerImpl.java:setRole(171)) - 5f94c5ea-0d2c-486e-937b-d09fa3478732:group-DB2D025869A1 changes role from null to FOLLOWER at term 0 for startAsFollower
2019-09-19 17:00:07,876 [pool-60-thread-1] INFO  impl.RoleInfo (RoleInfo.java:updateAndGet(143)) - 5f94c5ea-0d2c-486e-937b-d09fa3478732: start FollowerState
2019-09-19 17:00:07,878 [pool-60-thread-1] INFO  util.JmxRegister (JmxRegister.java:tryRegister(44)) - Successfully registered JMX Bean with object name Ratis:service=RaftServer,group=group-DB2D025869A1,id=5f94c5ea-0d2c-486e-937b-d09fa3478732
2019-09-19 17:00:07,902 [RatisPipelineUtilsThread] INFO  pipeline.PipelineStateManager (PipelineStateManager.java:addPipeline(56)) - Created pipeline Pipeline[ Id: 3d8181da-e0b0-479d-91f0-db2d025869a1, Nodes: 5f94c5ea-0d2c-486e-937b-d09fa3478732{ip: 192.168.157.226, host: pr-hdds-1569-swxfz-3172132826, networkLocation: /default-rack, certSerialId: null}, Type:RATIS, Factor:ONE, State:OPEN]
2019-09-19 17:00:07,924 [grpc-default-executor-0] INFO  impl.RaftServerProxy (RaftServerProxy.java:addNew(89)) - e858d55d-eb7f-4d43-a7ab-d70ac1b2cf5d: addNew group-202373BDDF4D:[e858d55d-eb7f-4d43-a7ab-d70ac1b2cf5d:192.168.157.226:39997] returns group-202373BDDF4D:java.util.concurrent.CompletableFuture@5038b57b[Not completed]
2019-09-19 17:00:07,937 [pool-27-thread-1] INFO  impl.RaftServerImpl (RaftServerImpl.java:<init>(93)) - e858d55d-eb7f-4d43-a7ab-d70ac1b2cf5d: new RaftServerImpl for group-202373BDDF4D:[e858d55d-eb7f-4d43-a7ab-d70ac1b2cf5d:192.168.157.226:39997] with ContainerStateMachine:uninitialized
2019-09-19 17:00:07,937 [pool-27-thread-1] INFO  server.RaftServerConfigKeys (ConfUtils.java:logGet(43)) - raft.server.rpc.timeout.min = 5s (custom)
2019-09-19 17:00:07,937 [pool-27-thread-1] INFO  server.RaftServerConfigKeys (ConfUtils.java:logGet(43)) - raft.server.rpc.timeout.max = 5200ms (custom)
2019-09-19 17:00:07,937 [pool-27-thread-1] INFO  server.RaftServerConfigKeys (ConfUtils.java:logGet(43)) - raft.server.rpcslowness.timeout = 120s (custom)
2019-09-19 17:00:07,938 [pool-27-thread-1] INFO  server.RaftServerConfigKeys (ConfUtils.java:logGet(43)) - raft.server.sleep.deviation.threshold = 300 (default)
2019-09-19 17:00:07,938 [pool-27-thread-1] INFO  server.RaftServerConfigKeys (ConfUtils.java:logGet(43)) - raft.server.log.appender.install.snapshot.enabled = false (custom)
2019-09-19 17:00:07,938 [pool-27-thread-1] INFO  impl.RaftServerImpl (ServerState.java:<init>(105)) - e858d55d-eb7f-4d43-a7ab-d70ac1b2cf5d:group-202373BDDF4D ConfigurationManager, init=-1: [e858d55d-eb7f-4d43-a7ab-d70ac1b2cf5d:192.168.157.226:39997], old=null, confs=<EMPTY_MAP>
2019-09-19 17:00:07,938 [pool-27-thread-1] INFO  server.RaftServerConfigKeys (ConfUtils.java:logGet(43)) - raft.server.storage.dir = [/workdir/hadoop-ozone/tools/target/test-dir/MiniOzoneClusterImpl-53329b5c-158c-4202-b54c-282115de494f/datanode-0/data/ratis] (custom)
2019-09-19 17:00:07,939 [pool-27-thread-1] INFO  storage.RaftStorageDirectory (RaftStorageDirectory.java:analyzeStorage(246)) - The storage directory /workdir/hadoop-ozone/tools/target/test-dir/MiniOzoneClusterImpl-53329b5c-158c-4202-b54c-282115de494f/datanode-0/data/ratis/f100a592-77b0-4fa6-bf98-202373bddf4d does not exist. Creating ...
2019-09-19 17:00:07,953 [pool-27-thread-1] INFO  storage.RaftStorageDirectory (RaftStorageDirectory.java:tryLock(328)) - Lock on /workdir/hadoop-ozone/tools/target/test-dir/MiniOzoneClusterImpl-53329b5c-158c-4202-b54c-282115de494f/datanode-0/data/ratis/f100a592-77b0-4fa6-bf98-202373bddf4d/in_use.lock acquired by nodename 24801@pr-hdds-1569-swxfz-3172132826
2019-09-19 17:00:07,966 [pool-27-thread-1] INFO  storage.RaftStorage (RaftStorage.java:format(72)) - Storage directory /workdir/hadoop-ozone/tools/target/test-dir/MiniOzoneClusterImpl-53329b5c-158c-4202-b54c-282115de494f/datanode-0/data/ratis/f100a592-77b0-4fa6-bf98-202373bddf4d has been successfully formatted.
2019-09-19 17:00:07,967 [pool-27-thread-1] INFO  ratis.ContainerStateMachine (ContainerStateMachine.java:loadSnapshot(226)) - group-202373BDDF4D: The snapshot info is null. Setting the last applied indexto:(t:0, i:~)
2019-09-19 17:00:07,967 [pool-27-thread-1] INFO  server.RaftServerConfigKeys (ConfUtils.java:logGet(43)) - raft.server.leader.election.timeout = 120s (custom)
2019-09-19 17:00:07,967 [pool-27-thread-1] INFO  server.RaftServerConfigKeys (ConfUtils.java:logGet(43)) - raft.server.log.use.memory = false (default)
2019-09-19 17:00:07,967 [pool-27-thread-1] INFO  server.RaftServerConfigKeys (ConfUtils.java:logGet(43)) - raft.server.log.purge.gap = 1000000 (custom)
2019-09-19 17:00:07,968 [pool-27-thread-1] INFO  server.RaftServerConfigKeys (ConfUtils.java:logGet(43)) - raft.server.log.appender.buffer.byte-limit = 33554432 (custom)
2019-09-19 17:00:07,968 [pool-27-thread-1] INFO  server.RaftServerConfigKeys (ConfUtils.java:logGet(43)) - raft.server.log.segment.size.max = 1048576 (custom)
2019-09-19 17:00:07,968 [pool-27-thread-1] INFO  server.RaftServerConfigKeys (ConfUtils.java:logGet(43)) - raft.server.log.segment.cache.num.max = 2 (custom)
2019-09-19 17:00:07,968 [pool-27-thread-1] INFO  segmented.SegmentedRaftLogWorker (SegmentedRaftLogWorker.java:<init>(172)) - new e858d55d-eb7f-4d43-a7ab-d70ac1b2cf5d-SegmentedRaftLogWorker:Storage Directory /workdir/hadoop-ozone/tools/target/test-dir/MiniOzoneClusterImpl-53329b5c-158c-4202-b54c-282115de494f/datanode-0/data/ratis/f100a592-77b0-4fa6-bf98-202373bddf4d for RaftStorage:Storage Directory /workdir/hadoop-ozone/tools/target/test-dir/MiniOzoneClusterImpl-53329b5c-158c-4202-b54c-282115de494f/datanode-0/data/ratis/f100a592-77b0-4fa6-bf98-202373bddf4d
2019-09-19 17:00:07,969 [pool-27-thread-1] INFO  server.RaftServerConfigKeys (ConfUtils.java:logGet(43)) - raft.server.log.queue.byte-limit = 2147483647 (custom)
2019-09-19 17:00:07,969 [pool-27-thread-1] INFO  server.RaftServerConfigKeys (ConfUtils.java:logGet(43)) - raft.server.log.queue.element-limit = 1024 (custom)
2019-09-19 17:00:07,969 [pool-27-thread-1] INFO  server.RaftServerConfigKeys (ConfUtils.java:logGet(43)) - raft.server.log.segment.size.max = 1048576 (custom)
2019-09-19 17:00:07,969 [pool-27-thread-1] INFO  server.RaftServerConfigKeys (ConfUtils.java:logGet(43)) - raft.server.log.preallocated.size = 16384 (custom)
2019-09-19 17:00:07,970 [pool-27-thread-1] INFO  server.RaftServerConfigKeys (ConfUtils.java:logGet(43)) - raft.server.log.write.buffer.size = 33554432 (custom)
2019-09-19 17:00:07,970 [pool-27-thread-1] INFO  server.RaftServerConfigKeys (ConfUtils.java:logGet(43)) - raft.server.log.force.sync.num = 128 (default)
2019-09-19 17:00:07,970 [pool-27-thread-1] INFO  server.RaftServerConfigKeys (ConfUtils.java:logGet(43)) - raft.server.log.statemachine.data.sync = true (default)
2019-09-19 17:00:07,970 [pool-27-thread-1] INFO  server.RaftServerConfigKeys (ConfUtils.java:logGet(43)) - raft.server.log.statemachine.data.sync.timeout = 10s (default)
2019-09-19 17:00:07,970 [pool-27-thread-1] INFO  server.RaftServerConfigKeys (ConfUtils.java:logGet(43)) - raft.server.log.statemachine.data.sync.timeout.retry = -1 (default)
2019-09-19 17:00:07,971 [pool-27-thread-1] INFO  server.RaftServerConfigKeys (ConfUtils.java:logGet(43)) - raft.server.log.statemachine.data.caching.enabled = true (custom)
2019-09-19 17:00:07,971 [pool-27-thread-1] INFO  segmented.SegmentedRaftLogWorker (SegmentedRaftLogWorker.java:lambda$new$0(132)) - e858d55d-eb7f-4d43-a7ab-d70ac1b2cf5d-SegmentedRaftLogWorker:Storage Directory /workdir/hadoop-ozone/tools/target/test-dir/MiniOzoneClusterImpl-53329b5c-158c-4202-b54c-282115de494f/datanode-0/data/ratis/f100a592-77b0-4fa6-bf98-202373bddf4d: flushIndex: setUnconditionally 0 -> -1
2019-09-19 17:00:07,972 [pool-27-thread-1] INFO  server.RaftServerConfigKeys (ConfUtils.java:logGet(43)) - raft.server.snapshot.auto.trigger.enabled = true (custom)
2019-09-19 17:00:07,972 [pool-27-thread-1] INFO  server.RaftServerConfigKeys (ConfUtils.java:logGet(43)) - raft.server.snapshot.auto.trigger.threshold = 10000 (custom)
2019-09-19 17:00:07,972 [pool-27-thread-1] INFO  server.RaftServerConfigKeys (ConfUtils.java:logGet(43)) - raft.server.retrycache.expirytime = 600000ms (custom)
2019-09-19 17:00:07,973 [pool-27-thread-1] INFO  impl.RaftServerImpl (RaftServerImpl.java:start(180)) - e858d55d-eb7f-4d43-a7ab-d70ac1b2cf5d: start group-202373BDDF4D
2019-09-19 17:00:07,973 [pool-27-thread-1] INFO  impl.RaftServerImpl (RaftServerImpl.java:setRole(171)) - e858d55d-eb7f-4d43-a7ab-d70ac1b2cf5d:group-202373BDDF4D changes role from null to FOLLOWER at term 0 for startAsFollower
2019-09-19 17:00:07,973 [pool-27-thread-1] INFO  impl.RoleInfo (RoleInfo.java:updateAndGet(143)) - e858d55d-eb7f-4d43-a7ab-d70ac1b2cf5d: start FollowerState
2019-09-19 17:00:07,974 [pool-27-thread-1] INFO  util.JmxRegister (JmxRegister.java:tryRegister(44)) - Successfully registered JMX Bean with object name Ratis:service=RaftServer,group=group-202373BDDF4D,id=e858d55d-eb7f-4d43-a7ab-d70ac1b2cf5d
2019-09-19 17:00:07,987 [RatisPipelineUtilsThread] INFO  pipeline.PipelineStateManager (PipelineStateManager.java:addPipeline(56)) - Created pipeline Pipeline[ Id: f100a592-77b0-4fa6-bf98-202373bddf4d, Nodes: e858d55d-eb7f-4d43-a7ab-d70ac1b2cf5d{ip: 192.168.157.226, host: pr-hdds-1569-swxfz-3172132826, networkLocation: /default-rack, certSerialId: null}, Type:RATIS, Factor:ONE, State:OPEN]
2019-09-19 17:00:08,007 [grpc-default-executor-0] INFO  impl.RaftServerProxy (RaftServerProxy.java:addNew(89)) - e858d55d-eb7f-4d43-a7ab-d70ac1b2cf5d: addNew group-B9D12327B8C5:[e858d55d-eb7f-4d43-a7ab-d70ac1b2cf5d:192.168.157.226:39997] returns group-B9D12327B8C5:java.util.concurrent.CompletableFuture@7eb6e1ab[Not completed]
2019-09-19 17:00:08,009 [pool-27-thread-1] INFO  impl.RaftServerImpl (RaftServerImpl.java:<init>(93)) - e858d55d-eb7f-4d43-a7ab-d70ac1b2cf5d: new RaftServerImpl for group-B9D12327B8C5:[e858d55d-eb7f-4d43-a7ab-d70ac1b2cf5d:192.168.157.226:39997] with ContainerStateMachine:uninitialized
2019-09-19 17:00:08,009 [pool-27-thread-1] INFO  server.RaftServerConfigKeys (ConfUtils.java:logGet(43)) - raft.server.rpc.timeout.min = 5s (custom)
2019-09-19 17:00:08,010 [pool-27-thread-1] INFO  server.RaftServerConfigKeys (ConfUtils.java:logGet(43)) - raft.server.rpc.timeout.max = 5200ms (custom)
2019-09-19 17:00:08,010 [pool-27-thread-1] INFO  server.RaftServerConfigKeys (ConfUtils.java:logGet(43)) - raft.server.rpcslowness.timeout = 120s (custom)
2019-09-19 17:00:08,010 [pool-27-thread-1] INFO  server.RaftServerConfigKeys (ConfUtils.java:logGet(43)) - raft.server.sleep.deviation.threshold = 300 (default)
2019-09-19 17:00:08,010 [pool-27-thread-1] INFO  server.RaftServerConfigKeys (ConfUtils.java:logGet(43)) - raft.server.log.appender.install.snapshot.enabled = false (custom)
2019-09-19 17:00:08,010 [pool-27-thread-1] INFO  impl.RaftServerImpl (ServerState.java:<init>(105)) - e858d55d-eb7f-4d43-a7ab-d70ac1b2cf5d:group-B9D12327B8C5 ConfigurationManager, init=-1: [e858d55d-eb7f-4d43-a7ab-d70ac1b2cf5d:192.168.157.226:39997], old=null, confs=<EMPTY_MAP>
2019-09-19 17:00:08,011 [pool-27-thread-1] INFO  server.RaftServerConfigKeys (ConfUtils.java:logGet(43)) - raft.server.storage.dir = [/workdir/hadoop-ozone/tools/target/test-dir/MiniOzoneClusterImpl-53329b5c-158c-4202-b54c-282115de494f/datanode-0/data/ratis] (custom)
2019-09-19 17:00:08,011 [pool-27-thread-1] INFO  storage.RaftStorageDirectory (RaftStorageDirectory.java:analyzeStorage(246)) - The storage directory /workdir/hadoop-ozone/tools/target/test-dir/MiniOzoneClusterImpl-53329b5c-158c-4202-b54c-282115de494f/datanode-0/data/ratis/6045768f-254d-40bb-89bb-b9d12327b8c5 does not exist. Creating ...
2019-09-19 17:00:08,024 [pool-27-thread-1] INFO  storage.RaftStorageDirectory (RaftStorageDirectory.java:tryLock(328)) - Lock on /workdir/hadoop-ozone/tools/target/test-dir/MiniOzoneClusterImpl-53329b5c-158c-4202-b54c-282115de494f/datanode-0/data/ratis/6045768f-254d-40bb-89bb-b9d12327b8c5/in_use.lock acquired by nodename 24801@pr-hdds-1569-swxfz-3172132826
2019-09-19 17:00:08,037 [pool-27-thread-1] INFO  storage.RaftStorage (RaftStorage.java:format(72)) - Storage directory /workdir/hadoop-ozone/tools/target/test-dir/MiniOzoneClusterImpl-53329b5c-158c-4202-b54c-282115de494f/datanode-0/data/ratis/6045768f-254d-40bb-89bb-b9d12327b8c5 has been successfully formatted.
2019-09-19 17:00:08,037 [pool-27-thread-1] INFO  ratis.ContainerStateMachine (ContainerStateMachine.java:loadSnapshot(226)) - group-B9D12327B8C5: The snapshot info is null. Setting the last applied indexto:(t:0, i:~)
2019-09-19 17:00:08,037 [pool-27-thread-1] INFO  server.RaftServerConfigKeys (ConfUtils.java:logGet(43)) - raft.server.leader.election.timeout = 120s (custom)
2019-09-19 17:00:08,038 [pool-27-thread-1] INFO  server.RaftServerConfigKeys (ConfUtils.java:logGet(43)) - raft.server.log.use.memory = false (default)
2019-09-19 17:00:08,038 [pool-27-thread-1] INFO  server.RaftServerConfigKeys (ConfUtils.java:logGet(43)) - raft.server.log.purge.gap = 1000000 (custom)
2019-09-19 17:00:08,038 [pool-27-thread-1] INFO  server.RaftServerConfigKeys (ConfUtils.java:logGet(43)) - raft.server.log.appender.buffer.byte-limit = 33554432 (custom)
2019-09-19 17:00:08,038 [pool-27-thread-1] INFO  server.RaftServerConfigKeys (ConfUtils.java:logGet(43)) - raft.server.log.segment.size.max = 1048576 (custom)
2019-09-19 17:00:08,038 [pool-27-thread-1] INFO  server.RaftServerConfigKeys (ConfUtils.java:logGet(43)) - raft.server.log.segment.cache.num.max = 2 (custom)
2019-09-19 17:00:08,039 [pool-27-thread-1] INFO  segmented.SegmentedRaftLogWorker (SegmentedRaftLogWorker.java:<init>(172)) - new e858d55d-eb7f-4d43-a7ab-d70ac1b2cf5d-SegmentedRaftLogWorker:Storage Directory /workdir/hadoop-ozone/tools/target/test-dir/MiniOzoneClusterImpl-53329b5c-158c-4202-b54c-282115de494f/datanode-0/data/ratis/6045768f-254d-40bb-89bb-b9d12327b8c5 for RaftStorage:Storage Directory /workdir/hadoop-ozone/tools/target/test-dir/MiniOzoneClusterImpl-53329b5c-158c-4202-b54c-282115de494f/datanode-0/data/ratis/6045768f-254d-40bb-89bb-b9d12327b8c5
2019-09-19 17:00:08,039 [pool-27-thread-1] INFO  server.RaftServerConfigKeys (ConfUtils.java:logGet(43)) - raft.server.log.queue.byte-limit = 2147483647 (custom)
2019-09-19 17:00:08,039 [pool-27-thread-1] INFO  server.RaftServerConfigKeys (ConfUtils.java:logGet(43)) - raft.server.log.queue.element-limit = 1024 (custom)
2019-09-19 17:00:08,039 [pool-27-thread-1] INFO  server.RaftServerConfigKeys (ConfUtils.java:logGet(43)) - raft.server.log.segment.size.max = 1048576 (custom)
2019-09-19 17:00:08,039 [pool-27-thread-1] INFO  server.RaftServerConfigKeys (ConfUtils.java:logGet(43)) - raft.server.log.preallocated.size = 16384 (custom)
2019-09-19 17:00:08,040 [pool-27-thread-1] INFO  server.RaftServerConfigKeys (ConfUtils.java:logGet(43)) - raft.server.log.write.buffer.size = 33554432 (custom)
2019-09-19 17:00:08,040 [pool-27-thread-1] INFO  server.RaftServerConfigKeys (ConfUtils.java:logGet(43)) - raft.server.log.force.sync.num = 128 (default)
2019-09-19 17:00:08,040 [pool-27-thread-1] INFO  server.RaftServerConfigKeys (ConfUtils.java:logGet(43)) - raft.server.log.statemachine.data.sync = true (default)
2019-09-19 17:00:08,040 [pool-27-thread-1] INFO  server.RaftServerConfigKeys (ConfUtils.java:logGet(43)) - raft.server.log.statemachine.data.sync.timeout = 10s (default)
2019-09-19 17:00:08,040 [pool-27-thread-1] INFO  server.RaftServerConfigKeys (ConfUtils.java:logGet(43)) - raft.server.log.statemachine.data.sync.timeout.retry = -1 (default)
2019-09-19 17:00:08,041 [pool-27-thread-1] INFO  server.RaftServerConfigKeys (ConfUtils.java:logGet(43)) - raft.server.log.statemachine.data.caching.enabled = true (custom)
2019-09-19 17:00:08,041 [pool-27-thread-1] INFO  segmented.SegmentedRaftLogWorker (SegmentedRaftLogWorker.java:lambda$new$0(132)) - e858d55d-eb7f-4d43-a7ab-d70ac1b2cf5d-SegmentedRaftLogWorker:Storage Directory /workdir/hadoop-ozone/tools/target/test-dir/MiniOzoneClusterImpl-53329b5c-158c-4202-b54c-282115de494f/datanode-0/data/ratis/6045768f-254d-40bb-89bb-b9d12327b8c5: flushIndex: setUnconditionally 0 -> -1
2019-09-19 17:00:08,041 [pool-27-thread-1] INFO  server.RaftServerConfigKeys (ConfUtils.java:logGet(43)) - raft.server.snapshot.auto.trigger.enabled = true (custom)
2019-09-19 17:00:08,042 [pool-27-thread-1] INFO  server.RaftServerConfigKeys (ConfUtils.java:logGet(43)) - raft.server.snapshot.auto.trigger.threshold = 10000 (custom)
2019-09-19 17:00:08,042 [pool-27-thread-1] INFO  server.RaftServerConfigKeys (ConfUtils.java:logGet(43)) - raft.server.retrycache.expirytime = 600000ms (custom)
2019-09-19 17:00:08,042 [pool-27-thread-1] INFO  impl.RaftServerImpl (RaftServerImpl.java:start(180)) - e858d55d-eb7f-4d43-a7ab-d70ac1b2cf5d: start group-B9D12327B8C5
2019-09-19 17:00:08,042 [pool-27-thread-1] INFO  impl.RaftServerImpl (RaftServerImpl.java:setRole(171)) - e858d55d-eb7f-4d43-a7ab-d70ac1b2cf5d:group-B9D12327B8C5 changes role from null to FOLLOWER at term 0 for startAsFollower
2019-09-19 17:00:08,042 [pool-27-thread-1] INFO  impl.RoleInfo (RoleInfo.java:updateAndGet(143)) - e858d55d-eb7f-4d43-a7ab-d70ac1b2cf5d: start FollowerState
2019-09-19 17:00:08,043 [pool-27-thread-1] INFO  util.JmxRegister (JmxRegister.java:tryRegister(44)) - Successfully registered JMX Bean with object name Ratis:service=RaftServer,group=group-B9D12327B8C5,id=e858d55d-eb7f-4d43-a7ab-d70ac1b2cf5d
2019-09-19 17:00:08,056 [RatisPipelineUtilsThread] INFO  pipeline.PipelineStateManager (PipelineStateManager.java:addPipeline(56)) - Created pipeline Pipeline[ Id: 6045768f-254d-40bb-89bb-b9d12327b8c5, Nodes: e858d55d-eb7f-4d43-a7ab-d70ac1b2cf5d{ip: 192.168.157.226, host: pr-hdds-1569-swxfz-3172132826, networkLocation: /default-rack, certSerialId: null}, Type:RATIS, Factor:ONE, State:OPEN]
2019-09-19 17:00:08,083 [grpc-default-executor-0] INFO  impl.RaftServerProxy (RaftServerProxy.java:addNew(89)) - c64ef6ee-91bc-492f-96d3-e3ad2b12297f: addNew group-F4DB1B0DEF8A:[c64ef6ee-91bc-492f-96d3-e3ad2b12297f:192.168.157.226:43735] returns group-F4DB1B0DEF8A:java.util.concurrent.CompletableFuture@40de7689[Not completed]
2019-09-19 17:00:08,085 [pool-49-thread-1] INFO  impl.RaftServerImpl (RaftServerImpl.java:<init>(93)) - c64ef6ee-91bc-492f-96d3-e3ad2b12297f: new RaftServerImpl for group-F4DB1B0DEF8A:[c64ef6ee-91bc-492f-96d3-e3ad2b12297f:192.168.157.226:43735] with ContainerStateMachine:uninitialized
2019-09-19 17:00:08,085 [pool-49-thread-1] INFO  server.RaftServerConfigKeys (ConfUtils.java:logGet(43)) - raft.server.rpc.timeout.min = 5s (custom)
2019-09-19 17:00:08,086 [pool-49-thread-1] INFO  server.RaftServerConfigKeys (ConfUtils.java:logGet(43)) - raft.server.rpc.timeout.max = 5200ms (custom)
2019-09-19 17:00:08,086 [pool-49-thread-1] INFO  server.RaftServerConfigKeys (ConfUtils.java:logGet(43)) - raft.server.rpcslowness.timeout = 120s (custom)
2019-09-19 17:00:08,086 [pool-49-thread-1] INFO  server.RaftServerConfigKeys (ConfUtils.java:logGet(43)) - raft.server.sleep.deviation.threshold = 300 (default)
2019-09-19 17:00:08,086 [pool-49-thread-1] INFO  server.RaftServerConfigKeys (ConfUtils.java:logGet(43)) - raft.server.log.appender.install.snapshot.enabled = false (custom)
2019-09-19 17:00:08,086 [pool-49-thread-1] INFO  impl.RaftServerImpl (ServerState.java:<init>(105)) - c64ef6ee-91bc-492f-96d3-e3ad2b12297f:group-F4DB1B0DEF8A ConfigurationManager, init=-1: [c64ef6ee-91bc-492f-96d3-e3ad2b12297f:192.168.157.226:43735], old=null, confs=<EMPTY_MAP>
2019-09-19 17:00:08,087 [pool-49-thread-1] INFO  server.RaftServerConfigKeys (ConfUtils.java:logGet(43)) - raft.server.storage.dir = [/workdir/hadoop-ozone/tools/target/test-dir/MiniOzoneClusterImpl-53329b5c-158c-4202-b54c-282115de494f/datanode-2/data/ratis] (custom)
2019-09-19 17:00:08,087 [pool-49-thread-1] INFO  storage.RaftStorageDirectory (RaftStorageDirectory.java:analyzeStorage(246)) - The storage directory /workdir/hadoop-ozone/tools/target/test-dir/MiniOzoneClusterImpl-53329b5c-158c-4202-b54c-282115de494f/datanode-2/data/ratis/96191952-b185-4609-88dc-f4db1b0def8a does not exist. Creating ...
2019-09-19 17:00:08,099 [pool-49-thread-1] INFO  storage.RaftStorageDirectory (RaftStorageDirectory.java:tryLock(328)) - Lock on /workdir/hadoop-ozone/tools/target/test-dir/MiniOzoneClusterImpl-53329b5c-158c-4202-b54c-282115de494f/datanode-2/data/ratis/96191952-b185-4609-88dc-f4db1b0def8a/in_use.lock acquired by nodename 24801@pr-hdds-1569-swxfz-3172132826
2019-09-19 17:00:08,132 [pool-49-thread-1] INFO  storage.RaftStorage (RaftStorage.java:format(72)) - Storage directory /workdir/hadoop-ozone/tools/target/test-dir/MiniOzoneClusterImpl-53329b5c-158c-4202-b54c-282115de494f/datanode-2/data/ratis/96191952-b185-4609-88dc-f4db1b0def8a has been successfully formatted.
2019-09-19 17:00:08,132 [pool-49-thread-1] INFO  ratis.ContainerStateMachine (ContainerStateMachine.java:loadSnapshot(226)) - group-F4DB1B0DEF8A: The snapshot info is null. Setting the last applied indexto:(t:0, i:~)
2019-09-19 17:00:08,132 [pool-49-thread-1] INFO  server.RaftServerConfigKeys (ConfUtils.java:logGet(43)) - raft.server.leader.election.timeout = 120s (custom)
2019-09-19 17:00:08,133 [pool-49-thread-1] INFO  server.RaftServerConfigKeys (ConfUtils.java:logGet(43)) - raft.server.log.use.memory = false (default)
2019-09-19 17:00:08,133 [pool-49-thread-1] INFO  server.RaftServerConfigKeys (ConfUtils.java:logGet(43)) - raft.server.log.purge.gap = 1000000 (custom)
2019-09-19 17:00:08,133 [pool-49-thread-1] INFO  server.RaftServerConfigKeys (ConfUtils.java:logGet(43)) - raft.server.log.appender.buffer.byte-limit = 33554432 (custom)
2019-09-19 17:00:08,133 [pool-49-thread-1] INFO  server.RaftServerConfigKeys (ConfUtils.java:logGet(43)) - raft.server.log.segment.size.max = 1048576 (custom)
2019-09-19 17:00:08,133 [pool-49-thread-1] INFO  server.RaftServerConfigKeys (ConfUtils.java:logGet(43)) - raft.server.log.segment.cache.num.max = 2 (custom)
2019-09-19 17:00:08,134 [pool-49-thread-1] INFO  segmented.SegmentedRaftLogWorker (SegmentedRaftLogWorker.java:<init>(172)) - new c64ef6ee-91bc-492f-96d3-e3ad2b12297f-SegmentedRaftLogWorker:Storage Directory /workdir/hadoop-ozone/tools/target/test-dir/MiniOzoneClusterImpl-53329b5c-158c-4202-b54c-282115de494f/datanode-2/data/ratis/96191952-b185-4609-88dc-f4db1b0def8a for RaftStorage:Storage Directory /workdir/hadoop-ozone/tools/target/test-dir/MiniOzoneClusterImpl-53329b5c-158c-4202-b54c-282115de494f/datanode-2/data/ratis/96191952-b185-4609-88dc-f4db1b0def8a
2019-09-19 17:00:08,134 [pool-49-thread-1] INFO  server.RaftServerConfigKeys (ConfUtils.java:logGet(43)) - raft.server.log.queue.byte-limit = 2147483647 (custom)
2019-09-19 17:00:08,134 [pool-49-thread-1] INFO  server.RaftServerConfigKeys (ConfUtils.java:logGet(43)) - raft.server.log.queue.element-limit = 1024 (custom)
2019-09-19 17:00:08,134 [pool-49-thread-1] INFO  server.RaftServerConfigKeys (ConfUtils.java:logGet(43)) - raft.server.log.segment.size.max = 1048576 (custom)
2019-09-19 17:00:08,135 [pool-49-thread-1] INFO  server.RaftServerConfigKeys (ConfUtils.java:logGet(43)) - raft.server.log.preallocated.size = 16384 (custom)
2019-09-19 17:00:08,135 [pool-49-thread-1] INFO  server.RaftServerConfigKeys (ConfUtils.java:logGet(43)) - raft.server.log.write.buffer.size = 33554432 (custom)
2019-09-19 17:00:08,135 [pool-49-thread-1] INFO  server.RaftServerConfigKeys (ConfUtils.java:logGet(43)) - raft.server.log.force.sync.num = 128 (default)
2019-09-19 17:00:08,135 [pool-49-thread-1] INFO  server.RaftServerConfigKeys (ConfUtils.java:logGet(43)) - raft.server.log.statemachine.data.sync = true (default)
2019-09-19 17:00:08,136 [pool-49-thread-1] INFO  server.RaftServerConfigKeys (ConfUtils.java:logGet(43)) - raft.server.log.statemachine.data.sync.timeout = 10s (default)
2019-09-19 17:00:08,136 [pool-49-thread-1] INFO  server.RaftServerConfigKeys (ConfUtils.java:logGet(43)) - raft.server.log.statemachine.data.sync.timeout.retry = -1 (default)
2019-09-19 17:00:08,136 [pool-49-thread-1] INFO  server.RaftServerConfigKeys (ConfUtils.java:logGet(43)) - raft.server.log.statemachine.data.caching.enabled = true (custom)
2019-09-19 17:00:08,137 [pool-49-thread-1] INFO  segmented.SegmentedRaftLogWorker (SegmentedRaftLogWorker.java:lambda$new$0(132)) - c64ef6ee-91bc-492f-96d3-e3ad2b12297f-SegmentedRaftLogWorker:Storage Directory /workdir/hadoop-ozone/tools/target/test-dir/MiniOzoneClusterImpl-53329b5c-158c-4202-b54c-282115de494f/datanode-2/data/ratis/96191952-b185-4609-88dc-f4db1b0def8a: flushIndex: setUnconditionally 0 -> -1
2019-09-19 17:00:08,137 [pool-49-thread-1] INFO  server.RaftServerConfigKeys (ConfUtils.java:logGet(43)) - raft.server.snapshot.auto.trigger.enabled = true (custom)
2019-09-19 17:00:08,137 [pool-49-thread-1] INFO  server.RaftServerConfigKeys (ConfUtils.java:logGet(43)) - raft.server.snapshot.auto.trigger.threshold = 10000 (custom)
2019-09-19 17:00:08,138 [pool-49-thread-1] INFO  server.RaftServerConfigKeys (ConfUtils.java:logGet(43)) - raft.server.retrycache.expirytime = 600000ms (custom)
2019-09-19 17:00:08,138 [pool-49-thread-1] INFO  impl.RaftServerImpl (RaftServerImpl.java:start(180)) - c64ef6ee-91bc-492f-96d3-e3ad2b12297f: start group-F4DB1B0DEF8A
2019-09-19 17:00:08,138 [pool-49-thread-1] INFO  impl.RaftServerImpl (RaftServerImpl.java:setRole(171)) - c64ef6ee-91bc-492f-96d3-e3ad2b12297f:group-F4DB1B0DEF8A changes role from null to FOLLOWER at term 0 for startAsFollower
2019-09-19 17:00:08,138 [pool-49-thread-1] INFO  impl.RoleInfo (RoleInfo.java:updateAndGet(143)) - c64ef6ee-91bc-492f-96d3-e3ad2b12297f: start FollowerState
2019-09-19 17:00:08,139 [pool-49-thread-1] INFO  util.JmxRegister (JmxRegister.java:tryRegister(44)) - Successfully registered JMX Bean with object name Ratis:service=RaftServer,group=group-F4DB1B0DEF8A,id=c64ef6ee-91bc-492f-96d3-e3ad2b12297f
2019-09-19 17:00:08,152 [RatisPipelineUtilsThread] INFO  pipeline.PipelineStateManager (PipelineStateManager.java:addPipeline(56)) - Created pipeline Pipeline[ Id: 96191952-b185-4609-88dc-f4db1b0def8a, Nodes: c64ef6ee-91bc-492f-96d3-e3ad2b12297f{ip: 192.168.157.226, host: pr-hdds-1569-swxfz-3172132826, networkLocation: /default-rack, certSerialId: null}, Type:RATIS, Factor:ONE, State:OPEN]
2019-09-19 17:00:08,175 [grpc-default-executor-0] INFO  impl.RaftServerProxy (RaftServerProxy.java:addNew(89)) - e59acbe3-2e53-434b-8aef-eb1faf9f1cb0: addNew group-EC5567898DA8:[e59acbe3-2e53-434b-8aef-eb1faf9f1cb0:192.168.157.226:41120] returns group-EC5567898DA8:java.util.concurrent.CompletableFuture@2bad046f[Not completed]
2019-09-19 17:00:08,177 [pool-38-thread-1] INFO  impl.RaftServerImpl (RaftServerImpl.java:<init>(93)) - e59acbe3-2e53-434b-8aef-eb1faf9f1cb0: new RaftServerImpl for group-EC5567898DA8:[e59acbe3-2e53-434b-8aef-eb1faf9f1cb0:192.168.157.226:41120] with ContainerStateMachine:uninitialized
2019-09-19 17:00:08,177 [pool-38-thread-1] INFO  server.RaftServerConfigKeys (ConfUtils.java:logGet(43)) - raft.server.rpc.timeout.min = 5s (custom)
2019-09-19 17:00:08,177 [pool-38-thread-1] INFO  server.RaftServerConfigKeys (ConfUtils.java:logGet(43)) - raft.server.rpc.timeout.max = 5200ms (custom)
2019-09-19 17:00:08,177 [pool-38-thread-1] INFO  server.RaftServerConfigKeys (ConfUtils.java:logGet(43)) - raft.server.rpcslowness.timeout = 120s (custom)
2019-09-19 17:00:08,178 [pool-38-thread-1] INFO  server.RaftServerConfigKeys (ConfUtils.java:logGet(43)) - raft.server.sleep.deviation.threshold = 300 (default)
2019-09-19 17:00:08,178 [pool-38-thread-1] INFO  server.RaftServerConfigKeys (ConfUtils.java:logGet(43)) - raft.server.log.appender.install.snapshot.enabled = false (custom)
2019-09-19 17:00:08,178 [pool-38-thread-1] INFO  impl.RaftServerImpl (ServerState.java:<init>(105)) - e59acbe3-2e53-434b-8aef-eb1faf9f1cb0:group-EC5567898DA8 ConfigurationManager, init=-1: [e59acbe3-2e53-434b-8aef-eb1faf9f1cb0:192.168.157.226:41120], old=null, confs=<EMPTY_MAP>
2019-09-19 17:00:08,178 [pool-38-thread-1] INFO  server.RaftServerConfigKeys (ConfUtils.java:logGet(43)) - raft.server.storage.dir = [/workdir/hadoop-ozone/tools/target/test-dir/MiniOzoneClusterImpl-53329b5c-158c-4202-b54c-282115de494f/datanode-1/data/ratis] (custom)
2019-09-19 17:00:08,179 [pool-38-thread-1] INFO  storage.RaftStorageDirectory (RaftStorageDirectory.java:analyzeStorage(246)) - The storage directory /workdir/hadoop-ozone/tools/target/test-dir/MiniOzoneClusterImpl-53329b5c-158c-4202-b54c-282115de494f/datanode-1/data/ratis/9acdf7e5-da96-47f0-bbc1-ec5567898da8 does not exist. Creating ...
2019-09-19 17:00:08,191 [pool-38-thread-1] INFO  storage.RaftStorageDirectory (RaftStorageDirectory.java:tryLock(328)) - Lock on /workdir/hadoop-ozone/tools/target/test-dir/MiniOzoneClusterImpl-53329b5c-158c-4202-b54c-282115de494f/datanode-1/data/ratis/9acdf7e5-da96-47f0-bbc1-ec5567898da8/in_use.lock acquired by nodename 24801@pr-hdds-1569-swxfz-3172132826
2019-09-19 17:00:08,205 [pool-38-thread-1] INFO  storage.RaftStorage (RaftStorage.java:format(72)) - Storage directory /workdir/hadoop-ozone/tools/target/test-dir/MiniOzoneClusterImpl-53329b5c-158c-4202-b54c-282115de494f/datanode-1/data/ratis/9acdf7e5-da96-47f0-bbc1-ec5567898da8 has been successfully formatted.
2019-09-19 17:00:08,205 [pool-38-thread-1] INFO  ratis.ContainerStateMachine (ContainerStateMachine.java:loadSnapshot(226)) - group-EC5567898DA8: The snapshot info is null. Setting the last applied indexto:(t:0, i:~)
2019-09-19 17:00:08,205 [pool-38-thread-1] INFO  server.RaftServerConfigKeys (ConfUtils.java:logGet(43)) - raft.server.leader.election.timeout = 120s (custom)
2019-09-19 17:00:08,205 [pool-38-thread-1] INFO  server.RaftServerConfigKeys (ConfUtils.java:logGet(43)) - raft.server.log.use.memory = false (default)
2019-09-19 17:00:08,205 [pool-38-thread-1] INFO  server.RaftServerConfigKeys (ConfUtils.java:logGet(43)) - raft.server.log.purge.gap = 1000000 (custom)
2019-09-19 17:00:08,206 [pool-38-thread-1] INFO  server.RaftServerConfigKeys (ConfUtils.java:logGet(43)) - raft.server.log.appender.buffer.byte-limit = 33554432 (custom)
2019-09-19 17:00:08,206 [pool-38-thread-1] INFO  server.RaftServerConfigKeys (ConfUtils.java:logGet(43)) - raft.server.log.segment.size.max = 1048576 (custom)
2019-09-19 17:00:08,206 [pool-38-thread-1] INFO  server.RaftServerConfigKeys (ConfUtils.java:logGet(43)) - raft.server.log.segment.cache.num.max = 2 (custom)
2019-09-19 17:00:08,206 [pool-38-thread-1] INFO  segmented.SegmentedRaftLogWorker (SegmentedRaftLogWorker.java:<init>(172)) - new e59acbe3-2e53-434b-8aef-eb1faf9f1cb0-SegmentedRaftLogWorker:Storage Directory /workdir/hadoop-ozone/tools/target/test-dir/MiniOzoneClusterImpl-53329b5c-158c-4202-b54c-282115de494f/datanode-1/data/ratis/9acdf7e5-da96-47f0-bbc1-ec5567898da8 for RaftStorage:Storage Directory /workdir/hadoop-ozone/tools/target/test-dir/MiniOzoneClusterImpl-53329b5c-158c-4202-b54c-282115de494f/datanode-1/data/ratis/9acdf7e5-da96-47f0-bbc1-ec5567898da8
2019-09-19 17:00:08,206 [pool-38-thread-1] INFO  server.RaftServerConfigKeys (ConfUtils.java:logGet(43)) - raft.server.log.queue.byte-limit = 2147483647 (custom)
2019-09-19 17:00:08,206 [pool-38-thread-1] INFO  server.RaftServerConfigKeys (ConfUtils.java:logGet(43)) - raft.server.log.queue.element-limit = 1024 (custom)
2019-09-19 17:00:08,207 [pool-38-thread-1] INFO  server.RaftServerConfigKeys (ConfUtils.java:logGet(43)) - raft.server.log.segment.size.max = 1048576 (custom)
2019-09-19 17:00:08,207 [pool-38-thread-1] INFO  server.RaftServerConfigKeys (ConfUtils.java:logGet(43)) - raft.server.log.preallocated.size = 16384 (custom)
2019-09-19 17:00:08,207 [pool-38-thread-1] INFO  server.RaftServerConfigKeys (ConfUtils.java:logGet(43)) - raft.server.log.write.buffer.size = 33554432 (custom)
2019-09-19 17:00:08,207 [pool-38-thread-1] INFO  server.RaftServerConfigKeys (ConfUtils.java:logGet(43)) - raft.server.log.force.sync.num = 128 (default)
2019-09-19 17:00:08,207 [pool-38-thread-1] INFO  server.RaftServerConfigKeys (ConfUtils.java:logGet(43)) - raft.server.log.statemachine.data.sync = true (default)
2019-09-19 17:00:08,207 [pool-38-thread-1] INFO  server.RaftServerConfigKeys (ConfUtils.java:logGet(43)) - raft.server.log.statemachine.data.sync.timeout = 10s (default)
2019-09-19 17:00:08,208 [pool-38-thread-1] INFO  server.RaftServerConfigKeys (ConfUtils.java:logGet(43)) - raft.server.log.statemachine.data.sync.timeout.retry = -1 (default)
2019-09-19 17:00:08,208 [pool-38-thread-1] INFO  server.RaftServerConfigKeys (ConfUtils.java:logGet(43)) - raft.server.log.statemachine.data.caching.enabled = true (custom)
2019-09-19 17:00:08,208 [pool-38-thread-1] INFO  segmented.SegmentedRaftLogWorker (SegmentedRaftLogWorker.java:lambda$new$0(132)) - e59acbe3-2e53-434b-8aef-eb1faf9f1cb0-SegmentedRaftLogWorker:Storage Directory /workdir/hadoop-ozone/tools/target/test-dir/MiniOzoneClusterImpl-53329b5c-158c-4202-b54c-282115de494f/datanode-1/data/ratis/9acdf7e5-da96-47f0-bbc1-ec5567898da8: flushIndex: setUnconditionally 0 -> -1
2019-09-19 17:00:08,209 [pool-38-thread-1] INFO  server.RaftServerConfigKeys (ConfUtils.java:logGet(43)) - raft.server.snapshot.auto.trigger.enabled = true (custom)
2019-09-19 17:00:08,209 [pool-38-thread-1] INFO  server.RaftServerConfigKeys (ConfUtils.java:logGet(43)) - raft.server.snapshot.auto.trigger.threshold = 10000 (custom)
2019-09-19 17:00:08,209 [pool-38-thread-1] INFO  server.RaftServerConfigKeys (ConfUtils.java:logGet(43)) - raft.server.retrycache.expirytime = 600000ms (custom)
2019-09-19 17:00:08,209 [pool-38-thread-1] INFO  impl.RaftServerImpl (RaftServerImpl.java:start(180)) - e59acbe3-2e53-434b-8aef-eb1faf9f1cb0: start group-EC5567898DA8
2019-09-19 17:00:08,210 [pool-38-thread-1] INFO  impl.RaftServerImpl (RaftServerImpl.java:setRole(171)) - e59acbe3-2e53-434b-8aef-eb1faf9f1cb0:group-EC5567898DA8 changes role from null to FOLLOWER at term 0 for startAsFollower
2019-09-19 17:00:08,210 [pool-38-thread-1] INFO  impl.RoleInfo (RoleInfo.java:updateAndGet(143)) - e59acbe3-2e53-434b-8aef-eb1faf9f1cb0: start FollowerState
2019-09-19 17:00:08,210 [pool-38-thread-1] INFO  util.JmxRegister (JmxRegister.java:tryRegister(44)) - Successfully registered JMX Bean with object name Ratis:service=RaftServer,group=group-EC5567898DA8,id=e59acbe3-2e53-434b-8aef-eb1faf9f1cb0
2019-09-19 17:00:08,226 [RatisPipelineUtilsThread] INFO  pipeline.PipelineStateManager (PipelineStateManager.java:addPipeline(56)) - Created pipeline Pipeline[ Id: 9acdf7e5-da96-47f0-bbc1-ec5567898da8, Nodes: e59acbe3-2e53-434b-8aef-eb1faf9f1cb0{ip: 192.168.157.226, host: pr-hdds-1569-swxfz-3172132826, networkLocation: /default-rack, certSerialId: null}, Type:RATIS, Factor:ONE, State:OPEN]
2019-09-19 17:00:08,241 [grpc-default-executor-0] INFO  impl.RaftServerProxy (RaftServerProxy.java:addNew(89)) - e858d55d-eb7f-4d43-a7ab-d70ac1b2cf5d: addNew group-9386ADD5E1D6:[e858d55d-eb7f-4d43-a7ab-d70ac1b2cf5d:192.168.157.226:39997] returns group-9386ADD5E1D6:java.util.concurrent.CompletableFuture@7256725f[Not completed]
2019-09-19 17:00:08,242 [pool-27-thread-1] INFO  impl.RaftServerImpl (RaftServerImpl.java:<init>(93)) - e858d55d-eb7f-4d43-a7ab-d70ac1b2cf5d: new RaftServerImpl for group-9386ADD5E1D6:[e858d55d-eb7f-4d43-a7ab-d70ac1b2cf5d:192.168.157.226:39997] with ContainerStateMachine:uninitialized
2019-09-19 17:00:08,243 [pool-27-thread-1] INFO  server.RaftServerConfigKeys (ConfUtils.java:logGet(43)) - raft.server.rpc.timeout.min = 5s (custom)
2019-09-19 17:00:08,243 [pool-27-thread-1] INFO  server.RaftServerConfigKeys (ConfUtils.java:logGet(43)) - raft.server.rpc.timeout.max = 5200ms (custom)
2019-09-19 17:00:08,243 [pool-27-thread-1] INFO  server.RaftServerConfigKeys (ConfUtils.java:logGet(43)) - raft.server.rpcslowness.timeout = 120s (custom)
2019-09-19 17:00:08,243 [pool-27-thread-1] INFO  server.RaftServerConfigKeys (ConfUtils.java:logGet(43)) - raft.server.sleep.deviation.threshold = 300 (default)
2019-09-19 17:00:08,243 [pool-27-thread-1] INFO  server.RaftServerConfigKeys (ConfUtils.java:logGet(43)) - raft.server.log.appender.install.snapshot.enabled = false (custom)
2019-09-19 17:00:08,243 [pool-27-thread-1] INFO  impl.RaftServerImpl (ServerState.java:<init>(105)) - e858d55d-eb7f-4d43-a7ab-d70ac1b2cf5d:group-9386ADD5E1D6 ConfigurationManager, init=-1: [e858d55d-eb7f-4d43-a7ab-d70ac1b2cf5d:192.168.157.226:39997], old=null, confs=<EMPTY_MAP>
2019-09-19 17:00:08,244 [pool-27-thread-1] INFO  server.RaftServerConfigKeys (ConfUtils.java:logGet(43)) - raft.server.storage.dir = [/workdir/hadoop-ozone/tools/target/test-dir/MiniOzoneClusterImpl-53329b5c-158c-4202-b54c-282115de494f/datanode-0/data/ratis] (custom)
2019-09-19 17:00:08,244 [pool-27-thread-1] INFO  storage.RaftStorageDirectory (RaftStorageDirectory.java:analyzeStorage(246)) - The storage directory /workdir/hadoop-ozone/tools/target/test-dir/MiniOzoneClusterImpl-53329b5c-158c-4202-b54c-282115de494f/datanode-0/data/ratis/f305c6a8-073e-40ca-8704-9386add5e1d6 does not exist. Creating ...
2019-09-19 17:00:08,257 [pool-27-thread-1] INFO  storage.RaftStorageDirectory (RaftStorageDirectory.java:tryLock(328)) - Lock on /workdir/hadoop-ozone/tools/target/test-dir/MiniOzoneClusterImpl-53329b5c-158c-4202-b54c-282115de494f/datanode-0/data/ratis/f305c6a8-073e-40ca-8704-9386add5e1d6/in_use.lock acquired by nodename 24801@pr-hdds-1569-swxfz-3172132826
2019-09-19 17:00:08,283 [pool-27-thread-1] INFO  storage.RaftStorage (RaftStorage.java:format(72)) - Storage directory /workdir/hadoop-ozone/tools/target/test-dir/MiniOzoneClusterImpl-53329b5c-158c-4202-b54c-282115de494f/datanode-0/data/ratis/f305c6a8-073e-40ca-8704-9386add5e1d6 has been successfully formatted.
2019-09-19 17:00:08,283 [pool-27-thread-1] INFO  ratis.ContainerStateMachine (ContainerStateMachine.java:loadSnapshot(226)) - group-9386ADD5E1D6: The snapshot info is null. Setting the last applied indexto:(t:0, i:~)
2019-09-19 17:00:08,284 [pool-27-thread-1] INFO  server.RaftServerConfigKeys (ConfUtils.java:logGet(43)) - raft.server.leader.election.timeout = 120s (custom)
2019-09-19 17:00:08,284 [pool-27-thread-1] INFO  server.RaftServerConfigKeys (ConfUtils.java:logGet(43)) - raft.server.log.use.memory = false (default)
2019-09-19 17:00:08,284 [pool-27-thread-1] INFO  server.RaftServerConfigKeys (ConfUtils.java:logGet(43)) - raft.server.log.purge.gap = 1000000 (custom)
2019-09-19 17:00:08,284 [pool-27-thread-1] INFO  server.RaftServerConfigKeys (ConfUtils.java:logGet(43)) - raft.server.log.appender.buffer.byte-limit = 33554432 (custom)
2019-09-19 17:00:08,284 [pool-27-thread-1] INFO  server.RaftServerConfigKeys (ConfUtils.java:logGet(43)) - raft.server.log.segment.size.max = 1048576 (custom)
2019-09-19 17:00:08,285 [pool-27-thread-1] INFO  server.RaftServerConfigKeys (ConfUtils.java:logGet(43)) - raft.server.log.segment.cache.num.max = 2 (custom)
2019-09-19 17:00:08,285 [pool-27-thread-1] INFO  segmented.SegmentedRaftLogWorker (SegmentedRaftLogWorker.java:<init>(172)) - new e858d55d-eb7f-4d43-a7ab-d70ac1b2cf5d-SegmentedRaftLogWorker:Storage Directory /workdir/hadoop-ozone/tools/target/test-dir/MiniOzoneClusterImpl-53329b5c-158c-4202-b54c-282115de494f/datanode-0/data/ratis/f305c6a8-073e-40ca-8704-9386add5e1d6 for RaftStorage:Storage Directory /workdir/hadoop-ozone/tools/target/test-dir/MiniOzoneClusterImpl-53329b5c-158c-4202-b54c-282115de494f/datanode-0/data/ratis/f305c6a8-073e-40ca-8704-9386add5e1d6
2019-09-19 17:00:08,285 [pool-27-thread-1] INFO  server.RaftServerConfigKeys (ConfUtils.java:logGet(43)) - raft.server.log.queue.byte-limit = 2147483647 (custom)
2019-09-19 17:00:08,285 [pool-27-thread-1] INFO  server.RaftServerConfigKeys (ConfUtils.java:logGet(43)) - raft.server.log.queue.element-limit = 1024 (custom)
2019-09-19 17:00:08,285 [pool-27-thread-1] INFO  server.RaftServerConfigKeys (ConfUtils.java:logGet(43)) - raft.server.log.segment.size.max = 1048576 (custom)
2019-09-19 17:00:08,286 [pool-27-thread-1] INFO  server.RaftServerConfigKeys (ConfUtils.java:logGet(43)) - raft.server.log.preallocated.size = 16384 (custom)
2019-09-19 17:00:08,286 [pool-27-thread-1] INFO  server.RaftServerConfigKeys (ConfUtils.java:logGet(43)) - raft.server.log.write.buffer.size = 33554432 (custom)
2019-09-19 17:00:08,286 [pool-27-thread-1] INFO  server.RaftServerConfigKeys (ConfUtils.java:logGet(43)) - raft.server.log.force.sync.num = 128 (default)
2019-09-19 17:00:08,286 [pool-27-thread-1] INFO  server.RaftServerConfigKeys (ConfUtils.java:logGet(43)) - raft.server.log.statemachine.data.sync = true (default)
2019-09-19 17:00:08,286 [pool-27-thread-1] INFO  server.RaftServerConfigKeys (ConfUtils.java:logGet(43)) - raft.server.log.statemachine.data.sync.timeout = 10s (default)
2019-09-19 17:00:08,286 [pool-27-thread-1] INFO  server.RaftServerConfigKeys (ConfUtils.java:logGet(43)) - raft.server.log.statemachine.data.sync.timeout.retry = -1 (default)
2019-09-19 17:00:08,287 [pool-27-thread-1] INFO  server.RaftServerConfigKeys (ConfUtils.java:logGet(43)) - raft.server.log.statemachine.data.caching.enabled = true (custom)
2019-09-19 17:00:08,287 [pool-27-thread-1] INFO  segmented.SegmentedRaftLogWorker (SegmentedRaftLogWorker.java:lambda$new$0(132)) - e858d55d-eb7f-4d43-a7ab-d70ac1b2cf5d-SegmentedRaftLogWorker:Storage Directory /workdir/hadoop-ozone/tools/target/test-dir/MiniOzoneClusterImpl-53329b5c-158c-4202-b54c-282115de494f/datanode-0/data/ratis/f305c6a8-073e-40ca-8704-9386add5e1d6: flushIndex: setUnconditionally 0 -> -1
2019-09-19 17:00:08,288 [pool-27-thread-1] INFO  server.RaftServerConfigKeys (ConfUtils.java:logGet(43)) - raft.server.snapshot.auto.trigger.enabled = true (custom)
2019-09-19 17:00:08,288 [pool-27-thread-1] INFO  server.RaftServerConfigKeys (ConfUtils.java:logGet(43)) - raft.server.snapshot.auto.trigger.threshold = 10000 (custom)
2019-09-19 17:00:08,288 [pool-27-thread-1] INFO  server.RaftServerConfigKeys (ConfUtils.java:logGet(43)) - raft.server.retrycache.expirytime = 600000ms (custom)
2019-09-19 17:00:08,288 [pool-27-thread-1] INFO  impl.RaftServerImpl (RaftServerImpl.java:start(180)) - e858d55d-eb7f-4d43-a7ab-d70ac1b2cf5d: start group-9386ADD5E1D6
2019-09-19 17:00:08,289 [pool-27-thread-1] INFO  impl.RaftServerImpl (RaftServerImpl.java:setRole(171)) - e858d55d-eb7f-4d43-a7ab-d70ac1b2cf5d:group-9386ADD5E1D6 changes role from null to FOLLOWER at term 0 for startAsFollower
2019-09-19 17:00:08,289 [pool-27-thread-1] INFO  impl.RoleInfo (RoleInfo.java:updateAndGet(143)) - e858d55d-eb7f-4d43-a7ab-d70ac1b2cf5d: start FollowerState
2019-09-19 17:00:08,289 [pool-27-thread-1] INFO  util.JmxRegister (JmxRegister.java:tryRegister(44)) - Successfully registered JMX Bean with object name Ratis:service=RaftServer,group=group-9386ADD5E1D6,id=e858d55d-eb7f-4d43-a7ab-d70ac1b2cf5d
2019-09-19 17:00:08,305 [RatisPipelineUtilsThread] INFO  pipeline.PipelineStateManager (PipelineStateManager.java:addPipeline(56)) - Created pipeline Pipeline[ Id: f305c6a8-073e-40ca-8704-9386add5e1d6, Nodes: e858d55d-eb7f-4d43-a7ab-d70ac1b2cf5d{ip: 192.168.157.226, host: pr-hdds-1569-swxfz-3172132826, networkLocation: /default-rack, certSerialId: null}, Type:RATIS, Factor:ONE, State:OPEN]
2019-09-19 17:00:08,321 [grpc-default-executor-0] INFO  impl.RaftServerProxy (RaftServerProxy.java:addNew(89)) - e59acbe3-2e53-434b-8aef-eb1faf9f1cb0: addNew group-134204B31447:[e59acbe3-2e53-434b-8aef-eb1faf9f1cb0:192.168.157.226:41120] returns group-134204B31447:java.util.concurrent.CompletableFuture@648d7221[Not completed]
2019-09-19 17:00:08,322 [pool-38-thread-1] INFO  impl.RaftServerImpl (RaftServerImpl.java:<init>(93)) - e59acbe3-2e53-434b-8aef-eb1faf9f1cb0: new RaftServerImpl for group-134204B31447:[e59acbe3-2e53-434b-8aef-eb1faf9f1cb0:192.168.157.226:41120] with ContainerStateMachine:uninitialized
2019-09-19 17:00:08,323 [pool-38-thread-1] INFO  server.RaftServerConfigKeys (ConfUtils.java:logGet(43)) - raft.server.rpc.timeout.min = 5s (custom)
2019-09-19 17:00:08,323 [pool-38-thread-1] INFO  server.RaftServerConfigKeys (ConfUtils.java:logGet(43)) - raft.server.rpc.timeout.max = 5200ms (custom)
2019-09-19 17:00:08,323 [pool-38-thread-1] INFO  server.RaftServerConfigKeys (ConfUtils.java:logGet(43)) - raft.server.rpcslowness.timeout = 120s (custom)
2019-09-19 17:00:08,323 [pool-38-thread-1] INFO  server.RaftServerConfigKeys (ConfUtils.java:logGet(43)) - raft.server.sleep.deviation.threshold = 300 (default)
2019-09-19 17:00:08,323 [pool-38-thread-1] INFO  server.RaftServerConfigKeys (ConfUtils.java:logGet(43)) - raft.server.log.appender.install.snapshot.enabled = false (custom)
2019-09-19 17:00:08,323 [pool-38-thread-1] INFO  impl.RaftServerImpl (ServerState.java:<init>(105)) - e59acbe3-2e53-434b-8aef-eb1faf9f1cb0:group-134204B31447 ConfigurationManager, init=-1: [e59acbe3-2e53-434b-8aef-eb1faf9f1cb0:192.168.157.226:41120], old=null, confs=<EMPTY_MAP>
2019-09-19 17:00:08,323 [pool-38-thread-1] INFO  server.RaftServerConfigKeys (ConfUtils.java:logGet(43)) - raft.server.storage.dir = [/workdir/hadoop-ozone/tools/target/test-dir/MiniOzoneClusterImpl-53329b5c-158c-4202-b54c-282115de494f/datanode-1/data/ratis] (custom)
2019-09-19 17:00:08,324 [pool-38-thread-1] INFO  storage.RaftStorageDirectory (RaftStorageDirectory.java:analyzeStorage(246)) - The storage directory /workdir/hadoop-ozone/tools/target/test-dir/MiniOzoneClusterImpl-53329b5c-158c-4202-b54c-282115de494f/datanode-1/data/ratis/fbb4f5e4-d290-4392-9189-134204b31447 does not exist. Creating ...
2019-09-19 17:00:08,336 [pool-38-thread-1] INFO  storage.RaftStorageDirectory (RaftStorageDirectory.java:tryLock(328)) - Lock on /workdir/hadoop-ozone/tools/target/test-dir/MiniOzoneClusterImpl-53329b5c-158c-4202-b54c-282115de494f/datanode-1/data/ratis/fbb4f5e4-d290-4392-9189-134204b31447/in_use.lock acquired by nodename 24801@pr-hdds-1569-swxfz-3172132826
2019-09-19 17:00:08,349 [pool-38-thread-1] INFO  storage.RaftStorage (RaftStorage.java:format(72)) - Storage directory /workdir/hadoop-ozone/tools/target/test-dir/MiniOzoneClusterImpl-53329b5c-158c-4202-b54c-282115de494f/datanode-1/data/ratis/fbb4f5e4-d290-4392-9189-134204b31447 has been successfully formatted.
2019-09-19 17:00:08,350 [pool-38-thread-1] INFO  ratis.ContainerStateMachine (ContainerStateMachine.java:loadSnapshot(226)) - group-134204B31447: The snapshot info is null. Setting the last applied indexto:(t:0, i:~)
2019-09-19 17:00:08,350 [pool-38-thread-1] INFO  server.RaftServerConfigKeys (ConfUtils.java:logGet(43)) - raft.server.leader.election.timeout = 120s (custom)
2019-09-19 17:00:08,350 [pool-38-thread-1] INFO  server.RaftServerConfigKeys (ConfUtils.java:logGet(43)) - raft.server.log.use.memory = false (default)
2019-09-19 17:00:08,350 [pool-38-thread-1] INFO  server.RaftServerConfigKeys (ConfUtils.java:logGet(43)) - raft.server.log.purge.gap = 1000000 (custom)
2019-09-19 17:00:08,350 [pool-38-thread-1] INFO  server.RaftServerConfigKeys (ConfUtils.java:logGet(43)) - raft.server.log.appender.buffer.byte-limit = 33554432 (custom)
2019-09-19 17:00:08,350 [pool-38-thread-1] INFO  server.RaftServerConfigKeys (ConfUtils.java:logGet(43)) - raft.server.log.segment.size.max = 1048576 (custom)
2019-09-19 17:00:08,351 [pool-38-thread-1] INFO  server.RaftServerConfigKeys (ConfUtils.java:logGet(43)) - raft.server.log.segment.cache.num.max = 2 (custom)
2019-09-19 17:00:08,351 [pool-38-thread-1] INFO  segmented.SegmentedRaftLogWorker (SegmentedRaftLogWorker.java:<init>(172)) - new e59acbe3-2e53-434b-8aef-eb1faf9f1cb0-SegmentedRaftLogWorker:Storage Directory /workdir/hadoop-ozone/tools/target/test-dir/MiniOzoneClusterImpl-53329b5c-158c-4202-b54c-282115de494f/datanode-1/data/ratis/fbb4f5e4-d290-4392-9189-134204b31447 for RaftStorage:Storage Directory /workdir/hadoop-ozone/tools/target/test-dir/MiniOzoneClusterImpl-53329b5c-158c-4202-b54c-282115de494f/datanode-1/data/ratis/fbb4f5e4-d290-4392-9189-134204b31447
2019-09-19 17:00:08,351 [pool-38-thread-1] INFO  server.RaftServerConfigKeys (ConfUtils.java:logGet(43)) - raft.server.log.queue.byte-limit = 2147483647 (custom)
2019-09-19 17:00:08,351 [pool-38-thread-1] INFO  server.RaftServerConfigKeys (ConfUtils.java:logGet(43)) - raft.server.log.queue.element-limit = 1024 (custom)
2019-09-19 17:00:08,351 [pool-38-thread-1] INFO  server.RaftServerConfigKeys (ConfUtils.java:logGet(43)) - raft.server.log.segment.size.max = 1048576 (custom)
2019-09-19 17:00:08,351 [pool-38-thread-1] INFO  server.RaftServerConfigKeys (ConfUtils.java:logGet(43)) - raft.server.log.preallocated.size = 16384 (custom)
2019-09-19 17:00:08,351 [pool-38-thread-1] INFO  server.RaftServerConfigKeys (ConfUtils.java:logGet(43)) - raft.server.log.write.buffer.size = 33554432 (custom)
2019-09-19 17:00:08,351 [pool-38-thread-1] INFO  server.RaftServerConfigKeys (ConfUtils.java:logGet(43)) - raft.server.log.force.sync.num = 128 (default)
2019-09-19 17:00:08,352 [pool-38-thread-1] INFO  server.RaftServerConfigKeys (ConfUtils.java:logGet(43)) - raft.server.log.statemachine.data.sync = true (default)
2019-09-19 17:00:08,352 [pool-38-thread-1] INFO  server.RaftServerConfigKeys (ConfUtils.java:logGet(43)) - raft.server.log.statemachine.data.sync.timeout = 10s (default)
2019-09-19 17:00:08,352 [pool-38-thread-1] INFO  server.RaftServerConfigKeys (ConfUtils.java:logGet(43)) - raft.server.log.statemachine.data.sync.timeout.retry = -1 (default)
2019-09-19 17:00:08,352 [pool-38-thread-1] INFO  server.RaftServerConfigKeys (ConfUtils.java:logGet(43)) - raft.server.log.statemachine.data.caching.enabled = true (custom)
2019-09-19 17:00:08,352 [pool-38-thread-1] INFO  segmented.SegmentedRaftLogWorker (SegmentedRaftLogWorker.java:lambda$new$0(132)) - e59acbe3-2e53-434b-8aef-eb1faf9f1cb0-SegmentedRaftLogWorker:Storage Directory /workdir/hadoop-ozone/tools/target/test-dir/MiniOzoneClusterImpl-53329b5c-158c-4202-b54c-282115de494f/datanode-1/data/ratis/fbb4f5e4-d290-4392-9189-134204b31447: flushIndex: setUnconditionally 0 -> -1
2019-09-19 17:00:08,353 [pool-38-thread-1] INFO  server.RaftServerConfigKeys (ConfUtils.java:logGet(43)) - raft.server.snapshot.auto.trigger.enabled = true (custom)
2019-09-19 17:00:08,353 [pool-38-thread-1] INFO  server.RaftServerConfigKeys (ConfUtils.java:logGet(43)) - raft.server.snapshot.auto.trigger.threshold = 10000 (custom)
2019-09-19 17:00:08,353 [pool-38-thread-1] INFO  server.RaftServerConfigKeys (ConfUtils.java:logGet(43)) - raft.server.retrycache.expirytime = 600000ms (custom)
2019-09-19 17:00:08,353 [pool-38-thread-1] INFO  impl.RaftServerImpl (RaftServerImpl.java:start(180)) - e59acbe3-2e53-434b-8aef-eb1faf9f1cb0: start group-134204B31447
2019-09-19 17:00:08,353 [pool-38-thread-1] INFO  impl.RaftServerImpl (RaftServerImpl.java:setRole(171)) - e59acbe3-2e53-434b-8aef-eb1faf9f1cb0:group-134204B31447 changes role from null to FOLLOWER at term 0 for startAsFollower
2019-09-19 17:00:08,353 [pool-38-thread-1] INFO  impl.RoleInfo (RoleInfo.java:updateAndGet(143)) - e59acbe3-2e53-434b-8aef-eb1faf9f1cb0: start FollowerState
2019-09-19 17:00:08,354 [pool-38-thread-1] INFO  util.JmxRegister (JmxRegister.java:tryRegister(44)) - Successfully registered JMX Bean with object name Ratis:service=RaftServer,group=group-134204B31447,id=e59acbe3-2e53-434b-8aef-eb1faf9f1cb0
2019-09-19 17:00:08,364 [RatisPipelineUtilsThread] INFO  pipeline.PipelineStateManager (PipelineStateManager.java:addPipeline(56)) - Created pipeline Pipeline[ Id: fbb4f5e4-d290-4392-9189-134204b31447, Nodes: e59acbe3-2e53-434b-8aef-eb1faf9f1cb0{ip: 192.168.157.226, host: pr-hdds-1569-swxfz-3172132826, networkLocation: /default-rack, certSerialId: null}, Type:RATIS, Factor:ONE, State:OPEN]
2019-09-19 17:00:08,379 [grpc-default-executor-0] INFO  impl.RaftServerProxy (RaftServerProxy.java:addNew(89)) - e59acbe3-2e53-434b-8aef-eb1faf9f1cb0: addNew group-08CF39A1D4D3:[e59acbe3-2e53-434b-8aef-eb1faf9f1cb0:192.168.157.226:41120] returns group-08CF39A1D4D3:java.util.concurrent.CompletableFuture@1f6bcf28[Not completed]
2019-09-19 17:00:08,382 [pool-38-thread-1] INFO  impl.RaftServerImpl (RaftServerImpl.java:<init>(93)) - e59acbe3-2e53-434b-8aef-eb1faf9f1cb0: new RaftServerImpl for group-08CF39A1D4D3:[e59acbe3-2e53-434b-8aef-eb1faf9f1cb0:192.168.157.226:41120] with ContainerStateMachine:uninitialized
2019-09-19 17:00:08,382 [pool-38-thread-1] INFO  server.RaftServerConfigKeys (ConfUtils.java:logGet(43)) - raft.server.rpc.timeout.min = 5s (custom)
2019-09-19 17:00:08,383 [pool-38-thread-1] INFO  server.RaftServerConfigKeys (ConfUtils.java:logGet(43)) - raft.server.rpc.timeout.max = 5200ms (custom)
2019-09-19 17:00:08,383 [pool-38-thread-1] INFO  server.RaftServerConfigKeys (ConfUtils.java:logGet(43)) - raft.server.rpcslowness.timeout = 120s (custom)
2019-09-19 17:00:08,383 [pool-38-thread-1] INFO  server.RaftServerConfigKeys (ConfUtils.java:logGet(43)) - raft.server.sleep.deviation.threshold = 300 (default)
2019-09-19 17:00:08,383 [pool-38-thread-1] INFO  server.RaftServerConfigKeys (ConfUtils.java:logGet(43)) - raft.server.log.appender.install.snapshot.enabled = false (custom)
2019-09-19 17:00:08,383 [pool-38-thread-1] INFO  impl.RaftServerImpl (ServerState.java:<init>(105)) - e59acbe3-2e53-434b-8aef-eb1faf9f1cb0:group-08CF39A1D4D3 ConfigurationManager, init=-1: [e59acbe3-2e53-434b-8aef-eb1faf9f1cb0:192.168.157.226:41120], old=null, confs=<EMPTY_MAP>
2019-09-19 17:00:08,384 [pool-38-thread-1] INFO  server.RaftServerConfigKeys (ConfUtils.java:logGet(43)) - raft.server.storage.dir = [/workdir/hadoop-ozone/tools/target/test-dir/MiniOzoneClusterImpl-53329b5c-158c-4202-b54c-282115de494f/datanode-1/data/ratis] (custom)
2019-09-19 17:00:08,384 [pool-38-thread-1] INFO  storage.RaftStorageDirectory (RaftStorageDirectory.java:analyzeStorage(246)) - The storage directory /workdir/hadoop-ozone/tools/target/test-dir/MiniOzoneClusterImpl-53329b5c-158c-4202-b54c-282115de494f/datanode-1/data/ratis/89d4fab6-9df0-4e46-aa96-08cf39a1d4d3 does not exist. Creating ...
2019-09-19 17:00:08,397 [pool-38-thread-1] INFO  storage.RaftStorageDirectory (RaftStorageDirectory.java:tryLock(328)) - Lock on /workdir/hadoop-ozone/tools/target/test-dir/MiniOzoneClusterImpl-53329b5c-158c-4202-b54c-282115de494f/datanode-1/data/ratis/89d4fab6-9df0-4e46-aa96-08cf39a1d4d3/in_use.lock acquired by nodename 24801@pr-hdds-1569-swxfz-3172132826
2019-09-19 17:00:08,398 [main] INFO  ozone.MiniOzoneClusterImpl (MiniOzoneClusterImpl.java:lambda$waitForClusterToBeReady$0(142)) - Cluster is ready. Got 5 of 5 DN Heartbeats.
2019-09-19 17:00:08,408 | INFO  | SCMAudit | user=jenkins1000 | ip=192.168.157.226 | op=SEND_HEARTBEAT {datanodeUUID=e858d55d-eb7f-4d43-a7ab-d70ac1b2cf5d, command=[]} | ret=SUCCESS |  
2019-09-19 17:00:08,410 [pool-38-thread-1] INFO  storage.RaftStorage (RaftStorage.java:format(72)) - Storage directory /workdir/hadoop-ozone/tools/target/test-dir/MiniOzoneClusterImpl-53329b5c-158c-4202-b54c-282115de494f/datanode-1/data/ratis/89d4fab6-9df0-4e46-aa96-08cf39a1d4d3 has been successfully formatted.
2019-09-19 17:00:08,410 [pool-38-thread-1] INFO  ratis.ContainerStateMachine (ContainerStateMachine.java:loadSnapshot(226)) - group-08CF39A1D4D3: The snapshot info is null. Setting the last applied indexto:(t:0, i:~)
2019-09-19 17:00:08,410 [pool-38-thread-1] INFO  server.RaftServerConfigKeys (ConfUtils.java:logGet(43)) - raft.server.leader.election.timeout = 120s (custom)
2019-09-19 17:00:08,411 [pool-38-thread-1] INFO  server.RaftServerConfigKeys (ConfUtils.java:logGet(43)) - raft.server.log.use.memory = false (default)
2019-09-19 17:00:08,411 [pool-38-thread-1] INFO  server.RaftServerConfigKeys (ConfUtils.java:logGet(43)) - raft.server.log.purge.gap = 1000000 (custom)
2019-09-19 17:00:08,411 [pool-38-thread-1] INFO  server.RaftServerConfigKeys (ConfUtils.java:logGet(43)) - raft.server.log.appender.buffer.byte-limit = 33554432 (custom)
2019-09-19 17:00:08,411 [pool-38-thread-1] INFO  server.RaftServerConfigKeys (ConfUtils.java:logGet(43)) - raft.server.log.segment.size.max = 1048576 (custom)
2019-09-19 17:00:08,411 [pool-38-thread-1] INFO  server.RaftServerConfigKeys (ConfUtils.java:logGet(43)) - raft.server.log.segment.cache.num.max = 2 (custom)
2019-09-19 17:00:08,411 [pool-38-thread-1] INFO  segmented.SegmentedRaftLogWorker (SegmentedRaftLogWorker.java:<init>(172)) - new e59acbe3-2e53-434b-8aef-eb1faf9f1cb0-SegmentedRaftLogWorker:Storage Directory /workdir/hadoop-ozone/tools/target/test-dir/MiniOzoneClusterImpl-53329b5c-158c-4202-b54c-282115de494f/datanode-1/data/ratis/89d4fab6-9df0-4e46-aa96-08cf39a1d4d3 for RaftStorage:Storage Directory /workdir/hadoop-ozone/tools/target/test-dir/MiniOzoneClusterImpl-53329b5c-158c-4202-b54c-282115de494f/datanode-1/data/ratis/89d4fab6-9df0-4e46-aa96-08cf39a1d4d3
2019-09-19 17:00:08,411 [pool-38-thread-1] INFO  server.RaftServerConfigKeys (ConfUtils.java:logGet(43)) - raft.server.log.queue.byte-limit = 2147483647 (custom)
2019-09-19 17:00:08,412 [pool-38-thread-1] INFO  server.RaftServerConfigKeys (ConfUtils.java:logGet(43)) - raft.server.log.queue.element-limit = 1024 (custom)
2019-09-19 17:00:08,412 [pool-38-thread-1] INFO  server.RaftServerConfigKeys (ConfUtils.java:logGet(43)) - raft.server.log.segment.size.max = 1048576 (custom)
2019-09-19 17:00:08,412 [pool-38-thread-1] INFO  server.RaftServerConfigKeys (ConfUtils.java:logGet(43)) - raft.server.log.preallocated.size = 16384 (custom)
2019-09-19 17:00:08,412 [pool-38-thread-1] INFO  server.RaftServerConfigKeys (ConfUtils.java:logGet(43)) - raft.server.log.write.buffer.size = 33554432 (custom)
2019-09-19 17:00:08,412 [pool-38-thread-1] INFO  server.RaftServerConfigKeys (ConfUtils.java:logGet(43)) - raft.server.log.force.sync.num = 128 (default)
2019-09-19 17:00:08,412 [pool-38-thread-1] INFO  server.RaftServerConfigKeys (ConfUtils.java:logGet(43)) - raft.server.log.statemachine.data.sync = true (default)
2019-09-19 17:00:08,412 [pool-38-thread-1] INFO  server.RaftServerConfigKeys (ConfUtils.java:logGet(43)) - raft.server.log.statemachine.data.sync.timeout = 10s (default)
2019-09-19 17:00:08,413 [pool-38-thread-1] INFO  server.RaftServerConfigKeys (ConfUtils.java:logGet(43)) - raft.server.log.statemachine.data.sync.timeout.retry = -1 (default)
2019-09-19 17:00:08,413 [pool-38-thread-1] INFO  server.RaftServerConfigKeys (ConfUtils.java:logGet(43)) - raft.server.log.statemachine.data.caching.enabled = true (custom)
2019-09-19 17:00:08,413 [pool-38-thread-1] INFO  segmented.SegmentedRaftLogWorker (SegmentedRaftLogWorker.java:lambda$new$0(132)) - e59acbe3-2e53-434b-8aef-eb1faf9f1cb0-SegmentedRaftLogWorker:Storage Directory /workdir/hadoop-ozone/tools/target/test-dir/MiniOzoneClusterImpl-53329b5c-158c-4202-b54c-282115de494f/datanode-1/data/ratis/89d4fab6-9df0-4e46-aa96-08cf39a1d4d3: flushIndex: setUnconditionally 0 -> -1
2019-09-19 17:00:08,413 [pool-38-thread-1] INFO  server.RaftServerConfigKeys (ConfUtils.java:logGet(43)) - raft.server.snapshot.auto.trigger.enabled = true (custom)
2019-09-19 17:00:08,414 [pool-38-thread-1] INFO  server.RaftServerConfigKeys (ConfUtils.java:logGet(43)) - raft.server.snapshot.auto.trigger.threshold = 10000 (custom)
2019-09-19 17:00:08,414 [pool-38-thread-1] INFO  server.RaftServerConfigKeys (ConfUtils.java:logGet(43)) - raft.server.retrycache.expirytime = 600000ms (custom)
2019-09-19 17:00:08,414 [pool-38-thread-1] INFO  impl.RaftServerImpl (RaftServerImpl.java:start(180)) - e59acbe3-2e53-434b-8aef-eb1faf9f1cb0: start group-08CF39A1D4D3
2019-09-19 17:00:08,414 [pool-38-thread-1] INFO  impl.RaftServerImpl (RaftServerImpl.java:setRole(171)) - e59acbe3-2e53-434b-8aef-eb1faf9f1cb0:group-08CF39A1D4D3 changes role from null to FOLLOWER at term 0 for startAsFollower
2019-09-19 17:00:08,414 [pool-38-thread-1] INFO  impl.RoleInfo (RoleInfo.java:updateAndGet(143)) - e59acbe3-2e53-434b-8aef-eb1faf9f1cb0: start FollowerState
2019-09-19 17:00:08,415 [pool-38-thread-1] INFO  util.JmxRegister (JmxRegister.java:tryRegister(44)) - Successfully registered JMX Bean with object name Ratis:service=RaftServer,group=group-08CF39A1D4D3,id=e59acbe3-2e53-434b-8aef-eb1faf9f1cb0
2019-09-19 17:00:08,425 [RatisPipelineUtilsThread] INFO  pipeline.PipelineStateManager (PipelineStateManager.java:addPipeline(56)) - Created pipeline Pipeline[ Id: 89d4fab6-9df0-4e46-aa96-08cf39a1d4d3, Nodes: e59acbe3-2e53-434b-8aef-eb1faf9f1cb0{ip: 192.168.157.226, host: pr-hdds-1569-swxfz-3172132826, networkLocation: /default-rack, certSerialId: null}, Type:RATIS, Factor:ONE, State:OPEN]
2019-09-19 17:00:08,438 [grpc-default-executor-0] INFO  impl.RaftServerProxy (RaftServerProxy.java:addNew(89)) - 5f94c5ea-0d2c-486e-937b-d09fa3478732: addNew group-2CB8912366CE:[5f94c5ea-0d2c-486e-937b-d09fa3478732:192.168.157.226:34563] returns group-2CB8912366CE:java.util.concurrent.CompletableFuture@333d9f15[Not completed]
2019-09-19 17:00:08,439 [pool-60-thread-1] INFO  impl.RaftServerImpl (RaftServerImpl.java:<init>(93)) - 5f94c5ea-0d2c-486e-937b-d09fa3478732: new RaftServerImpl for group-2CB8912366CE:[5f94c5ea-0d2c-486e-937b-d09fa3478732:192.168.157.226:34563] with ContainerStateMachine:uninitialized
2019-09-19 17:00:08,440 [pool-60-thread-1] INFO  server.RaftServerConfigKeys (ConfUtils.java:logGet(43)) - raft.server.rpc.timeout.min = 5s (custom)
2019-09-19 17:00:08,440 [pool-60-thread-1] INFO  server.RaftServerConfigKeys (ConfUtils.java:logGet(43)) - raft.server.rpc.timeout.max = 5200ms (custom)
2019-09-19 17:00:08,440 [pool-60-thread-1] INFO  server.RaftServerConfigKeys (ConfUtils.java:logGet(43)) - raft.server.rpcslowness.timeout = 120s (custom)
2019-09-19 17:00:08,440 [pool-60-thread-1] INFO  server.RaftServerConfigKeys (ConfUtils.java:logGet(43)) - raft.server.sleep.deviation.threshold = 300 (default)
2019-09-19 17:00:08,440 [pool-60-thread-1] INFO  server.RaftServerConfigKeys (ConfUtils.java:logGet(43)) - raft.server.log.appender.install.snapshot.enabled = false (custom)
2019-09-19 17:00:08,440 [pool-60-thread-1] INFO  impl.RaftServerImpl (ServerState.java:<init>(105)) - 5f94c5ea-0d2c-486e-937b-d09fa3478732:group-2CB8912366CE ConfigurationManager, init=-1: [5f94c5ea-0d2c-486e-937b-d09fa3478732:192.168.157.226:34563], old=null, confs=<EMPTY_MAP>
2019-09-19 17:00:08,441 [pool-60-thread-1] INFO  server.RaftServerConfigKeys (ConfUtils.java:logGet(43)) - raft.server.storage.dir = [/workdir/hadoop-ozone/tools/target/test-dir/MiniOzoneClusterImpl-53329b5c-158c-4202-b54c-282115de494f/datanode-3/data/ratis] (custom)
2019-09-19 17:00:08,441 [pool-60-thread-1] INFO  storage.RaftStorageDirectory (RaftStorageDirectory.java:analyzeStorage(246)) - The storage directory /workdir/hadoop-ozone/tools/target/test-dir/MiniOzoneClusterImpl-53329b5c-158c-4202-b54c-282115de494f/datanode-3/data/ratis/188802af-2308-4cf0-ba53-2cb8912366ce does not exist. Creating ...
2019-09-19 17:00:08,454 [pool-60-thread-1] INFO  storage.RaftStorageDirectory (RaftStorageDirectory.java:tryLock(328)) - Lock on /workdir/hadoop-ozone/tools/target/test-dir/MiniOzoneClusterImpl-53329b5c-158c-4202-b54c-282115de494f/datanode-3/data/ratis/188802af-2308-4cf0-ba53-2cb8912366ce/in_use.lock acquired by nodename 24801@pr-hdds-1569-swxfz-3172132826
2019-09-19 17:00:08,469 [pool-60-thread-1] INFO  storage.RaftStorage (RaftStorage.java:format(72)) - Storage directory /workdir/hadoop-ozone/tools/target/test-dir/MiniOzoneClusterImpl-53329b5c-158c-4202-b54c-282115de494f/datanode-3/data/ratis/188802af-2308-4cf0-ba53-2cb8912366ce has been successfully formatted.
2019-09-19 17:00:08,469 [pool-60-thread-1] INFO  ratis.ContainerStateMachine (ContainerStateMachine.java:loadSnapshot(226)) - group-2CB8912366CE: The snapshot info is null. Setting the last applied indexto:(t:0, i:~)
2019-09-19 17:00:08,469 [pool-60-thread-1] INFO  server.RaftServerConfigKeys (ConfUtils.java:logGet(43)) - raft.server.leader.election.timeout = 120s (custom)
2019-09-19 17:00:08,469 [pool-60-thread-1] INFO  server.RaftServerConfigKeys (ConfUtils.java:logGet(43)) - raft.server.log.use.memory = false (default)
2019-09-19 17:00:08,470 [pool-60-thread-1] INFO  server.RaftServerConfigKeys (ConfUtils.java:logGet(43)) - raft.server.log.purge.gap = 1000000 (custom)
2019-09-19 17:00:08,470 [pool-60-thread-1] INFO  server.RaftServerConfigKeys (ConfUtils.java:logGet(43)) - raft.server.log.appender.buffer.byte-limit = 33554432 (custom)
2019-09-19 17:00:08,470 [pool-60-thread-1] INFO  server.RaftServerConfigKeys (ConfUtils.java:logGet(43)) - raft.server.log.segment.size.max = 1048576 (custom)
2019-09-19 17:00:08,470 [pool-60-thread-1] INFO  server.RaftServerConfigKeys (ConfUtils.java:logGet(43)) - raft.server.log.segment.cache.num.max = 2 (custom)
2019-09-19 17:00:08,470 [pool-60-thread-1] INFO  segmented.SegmentedRaftLogWorker (SegmentedRaftLogWorker.java:<init>(172)) - new 5f94c5ea-0d2c-486e-937b-d09fa3478732-SegmentedRaftLogWorker:Storage Directory /workdir/hadoop-ozone/tools/target/test-dir/MiniOzoneClusterImpl-53329b5c-158c-4202-b54c-282115de494f/datanode-3/data/ratis/188802af-2308-4cf0-ba53-2cb8912366ce for RaftStorage:Storage Directory /workdir/hadoop-ozone/tools/target/test-dir/MiniOzoneClusterImpl-53329b5c-158c-4202-b54c-282115de494f/datanode-3/data/ratis/188802af-2308-4cf0-ba53-2cb8912366ce
2019-09-19 17:00:08,470 [pool-60-thread-1] INFO  server.RaftServerConfigKeys (ConfUtils.java:logGet(43)) - raft.server.log.queue.byte-limit = 2147483647 (custom)
2019-09-19 17:00:08,471 [pool-60-thread-1] INFO  server.RaftServerConfigKeys (ConfUtils.java:logGet(43)) - raft.server.log.queue.element-limit = 1024 (custom)
2019-09-19 17:00:08,471 [pool-60-thread-1] INFO  server.RaftServerConfigKeys (ConfUtils.java:logGet(43)) - raft.server.log.segment.size.max = 1048576 (custom)
2019-09-19 17:00:08,471 [pool-60-thread-1] INFO  server.RaftServerConfigKeys (ConfUtils.java:logGet(43)) - raft.server.log.preallocated.size = 16384 (custom)
2019-09-19 17:00:08,471 [pool-60-thread-1] INFO  server.RaftServerConfigKeys (ConfUtils.java:logGet(43)) - raft.server.log.write.buffer.size = 33554432 (custom)
2019-09-19 17:00:08,471 [pool-60-thread-1] INFO  server.RaftServerConfigKeys (ConfUtils.java:logGet(43)) - raft.server.log.force.sync.num = 128 (default)
2019-09-19 17:00:08,471 [pool-60-thread-1] INFO  server.RaftServerConfigKeys (ConfUtils.java:logGet(43)) - raft.server.log.statemachine.data.sync = true (default)
2019-09-19 17:00:08,472 [pool-60-thread-1] INFO  server.RaftServerConfigKeys (ConfUtils.java:logGet(43)) - raft.server.log.statemachine.data.sync.timeout = 10s (default)
2019-09-19 17:00:08,472 [pool-60-thread-1] INFO  server.RaftServerConfigKeys (ConfUtils.java:logGet(43)) - raft.server.log.statemachine.data.sync.timeout.retry = -1 (default)
2019-09-19 17:00:08,472 [pool-60-thread-1] INFO  server.RaftServerConfigKeys (ConfUtils.java:logGet(43)) - raft.server.log.statemachine.data.caching.enabled = true (custom)
2019-09-19 17:00:08,472 [pool-60-thread-1] INFO  segmented.SegmentedRaftLogWorker (SegmentedRaftLogWorker.java:lambda$new$0(132)) - 5f94c5ea-0d2c-486e-937b-d09fa3478732-SegmentedRaftLogWorker:Storage Directory /workdir/hadoop-ozone/tools/target/test-dir/MiniOzoneClusterImpl-53329b5c-158c-4202-b54c-282115de494f/datanode-3/data/ratis/188802af-2308-4cf0-ba53-2cb8912366ce: flushIndex: setUnconditionally 0 -> -1
2019-09-19 17:00:08,473 [pool-60-thread-1] INFO  server.RaftServerConfigKeys (ConfUtils.java:logGet(43)) - raft.server.snapshot.auto.trigger.enabled = true (custom)
2019-09-19 17:00:08,473 [pool-60-thread-1] INFO  server.RaftServerConfigKeys (ConfUtils.java:logGet(43)) - raft.server.snapshot.auto.trigger.threshold = 10000 (custom)
2019-09-19 17:00:08,473 [pool-60-thread-1] INFO  server.RaftServerConfigKeys (ConfUtils.java:logGet(43)) - raft.server.retrycache.expirytime = 600000ms (custom)
2019-09-19 17:00:08,474 [pool-60-thread-1] INFO  impl.RaftServerImpl (RaftServerImpl.java:start(180)) - 5f94c5ea-0d2c-486e-937b-d09fa3478732: start group-2CB8912366CE
2019-09-19 17:00:08,474 [pool-60-thread-1] INFO  impl.RaftServerImpl (RaftServerImpl.java:setRole(171)) - 5f94c5ea-0d2c-486e-937b-d09fa3478732:group-2CB8912366CE changes role from null to FOLLOWER at term 0 for startAsFollower
2019-09-19 17:00:08,474 [pool-60-thread-1] INFO  impl.RoleInfo (RoleInfo.java:updateAndGet(143)) - 5f94c5ea-0d2c-486e-937b-d09fa3478732: start FollowerState
2019-09-19 17:00:08,474 [pool-60-thread-1] INFO  util.JmxRegister (JmxRegister.java:tryRegister(44)) - Successfully registered JMX Bean with object name Ratis:service=RaftServer,group=group-2CB8912366CE,id=5f94c5ea-0d2c-486e-937b-d09fa3478732
2019-09-19 17:00:08,487 [RatisPipelineUtilsThread] INFO  pipeline.PipelineStateManager (PipelineStateManager.java:addPipeline(56)) - Created pipeline Pipeline[ Id: 188802af-2308-4cf0-ba53-2cb8912366ce, Nodes: 5f94c5ea-0d2c-486e-937b-d09fa3478732{ip: 192.168.157.226, host: pr-hdds-1569-swxfz-3172132826, networkLocation: /default-rack, certSerialId: null}, Type:RATIS, Factor:ONE, State:OPEN]
2019-09-19 17:00:08,502 [grpc-default-executor-0] INFO  impl.RaftServerProxy (RaftServerProxy.java:addNew(89)) - e858d55d-eb7f-4d43-a7ab-d70ac1b2cf5d: addNew group-614987B3BF29:[e858d55d-eb7f-4d43-a7ab-d70ac1b2cf5d:192.168.157.226:39997] returns group-614987B3BF29:java.util.concurrent.CompletableFuture@587bb2da[Not completed]
2019-09-19 17:00:08,504 [pool-27-thread-1] INFO  impl.RaftServerImpl (RaftServerImpl.java:<init>(93)) - e858d55d-eb7f-4d43-a7ab-d70ac1b2cf5d: new RaftServerImpl for group-614987B3BF29:[e858d55d-eb7f-4d43-a7ab-d70ac1b2cf5d:192.168.157.226:39997] with ContainerStateMachine:uninitialized
2019-09-19 17:00:08,504 [pool-27-thread-1] INFO  server.RaftServerConfigKeys (ConfUtils.java:logGet(43)) - raft.server.rpc.timeout.min = 5s (custom)
2019-09-19 17:00:08,504 [pool-27-thread-1] INFO  server.RaftServerConfigKeys (ConfUtils.java:logGet(43)) - raft.server.rpc.timeout.max = 5200ms (custom)
2019-09-19 17:00:08,504 [pool-27-thread-1] INFO  server.RaftServerConfigKeys (ConfUtils.java:logGet(43)) - raft.server.rpcslowness.timeout = 120s (custom)
2019-09-19 17:00:08,504 [pool-27-thread-1] INFO  server.RaftServerConfigKeys (ConfUtils.java:logGet(43)) - raft.server.sleep.deviation.threshold = 300 (default)
2019-09-19 17:00:08,505 [pool-27-thread-1] INFO  server.RaftServerConfigKeys (ConfUtils.java:logGet(43)) - raft.server.log.appender.install.snapshot.enabled = false (custom)
2019-09-19 17:00:08,505 [pool-27-thread-1] INFO  impl.RaftServerImpl (ServerState.java:<init>(105)) - e858d55d-eb7f-4d43-a7ab-d70ac1b2cf5d:group-614987B3BF29 ConfigurationManager, init=-1: [e858d55d-eb7f-4d43-a7ab-d70ac1b2cf5d:192.168.157.226:39997], old=null, confs=<EMPTY_MAP>
2019-09-19 17:00:08,505 [pool-27-thread-1] INFO  server.RaftServerConfigKeys (ConfUtils.java:logGet(43)) - raft.server.storage.dir = [/workdir/hadoop-ozone/tools/target/test-dir/MiniOzoneClusterImpl-53329b5c-158c-4202-b54c-282115de494f/datanode-0/data/ratis] (custom)
2019-09-19 17:00:08,506 [pool-27-thread-1] INFO  storage.RaftStorageDirectory (RaftStorageDirectory.java:analyzeStorage(246)) - The storage directory /workdir/hadoop-ozone/tools/target/test-dir/MiniOzoneClusterImpl-53329b5c-158c-4202-b54c-282115de494f/datanode-0/data/ratis/dead1ef8-2ad9-46af-a451-614987b3bf29 does not exist. Creating ...
2019-09-19 17:00:08,518 [pool-27-thread-1] INFO  storage.RaftStorageDirectory (RaftStorageDirectory.java:tryLock(328)) - Lock on /workdir/hadoop-ozone/tools/target/test-dir/MiniOzoneClusterImpl-53329b5c-158c-4202-b54c-282115de494f/datanode-0/data/ratis/dead1ef8-2ad9-46af-a451-614987b3bf29/in_use.lock acquired by nodename 24801@pr-hdds-1569-swxfz-3172132826
2019-09-19 17:00:08,532 [pool-27-thread-1] INFO  storage.RaftStorage (RaftStorage.java:format(72)) - Storage directory /workdir/hadoop-ozone/tools/target/test-dir/MiniOzoneClusterImpl-53329b5c-158c-4202-b54c-282115de494f/datanode-0/data/ratis/dead1ef8-2ad9-46af-a451-614987b3bf29 has been successfully formatted.
2019-09-19 17:00:08,532 [pool-27-thread-1] INFO  ratis.ContainerStateMachine (ContainerStateMachine.java:loadSnapshot(226)) - group-614987B3BF29: The snapshot info is null. Setting the last applied indexto:(t:0, i:~)
2019-09-19 17:00:08,533 [pool-27-thread-1] INFO  server.RaftServerConfigKeys (ConfUtils.java:logGet(43)) - raft.server.leader.election.timeout = 120s (custom)
2019-09-19 17:00:08,533 [pool-27-thread-1] INFO  server.RaftServerConfigKeys (ConfUtils.java:logGet(43)) - raft.server.log.use.memory = false (default)
2019-09-19 17:00:08,533 [pool-27-thread-1] INFO  server.RaftServerConfigKeys (ConfUtils.java:logGet(43)) - raft.server.log.purge.gap = 1000000 (custom)
2019-09-19 17:00:08,533 [pool-27-thread-1] INFO  server.RaftServerConfigKeys (ConfUtils.java:logGet(43)) - raft.server.log.appender.buffer.byte-limit = 33554432 (custom)
2019-09-19 17:00:08,533 [pool-27-thread-1] INFO  server.RaftServerConfigKeys (ConfUtils.java:logGet(43)) - raft.server.log.segment.size.max = 1048576 (custom)
2019-09-19 17:00:08,534 [pool-27-thread-1] INFO  server.RaftServerConfigKeys (ConfUtils.java:logGet(43)) - raft.server.log.segment.cache.num.max = 2 (custom)
2019-09-19 17:00:08,534 [pool-27-thread-1] INFO  segmented.SegmentedRaftLogWorker (SegmentedRaftLogWorker.java:<init>(172)) - new e858d55d-eb7f-4d43-a7ab-d70ac1b2cf5d-SegmentedRaftLogWorker:Storage Directory /workdir/hadoop-ozone/tools/target/test-dir/MiniOzoneClusterImpl-53329b5c-158c-4202-b54c-282115de494f/datanode-0/data/ratis/dead1ef8-2ad9-46af-a451-614987b3bf29 for RaftStorage:Storage Directory /workdir/hadoop-ozone/tools/target/test-dir/MiniOzoneClusterImpl-53329b5c-158c-4202-b54c-282115de494f/datanode-0/data/ratis/dead1ef8-2ad9-46af-a451-614987b3bf29
2019-09-19 17:00:08,534 [pool-27-thread-1] INFO  server.RaftServerConfigKeys (ConfUtils.java:logGet(43)) - raft.server.log.queue.byte-limit = 2147483647 (custom)
2019-09-19 17:00:08,534 [pool-27-thread-1] INFO  server.RaftServerConfigKeys (ConfUtils.java:logGet(43)) - raft.server.log.queue.element-limit = 1024 (custom)
2019-09-19 17:00:08,534 [pool-27-thread-1] INFO  server.RaftServerConfigKeys (ConfUtils.java:logGet(43)) - raft.server.log.segment.size.max = 1048576 (custom)
2019-09-19 17:00:08,535 [pool-27-thread-1] INFO  server.RaftServerConfigKeys (ConfUtils.java:logGet(43)) - raft.server.log.preallocated.size = 16384 (custom)
2019-09-19 17:00:08,535 [pool-27-thread-1] INFO  server.RaftServerConfigKeys (ConfUtils.java:logGet(43)) - raft.server.log.write.buffer.size = 33554432 (custom)
2019-09-19 17:00:08,535 [pool-27-thread-1] INFO  server.RaftServerConfigKeys (ConfUtils.java:logGet(43)) - raft.server.log.force.sync.num = 128 (default)
2019-09-19 17:00:08,535 [pool-27-thread-1] INFO  server.RaftServerConfigKeys (ConfUtils.java:logGet(43)) - raft.server.log.statemachine.data.sync = true (default)
2019-09-19 17:00:08,535 [pool-27-thread-1] INFO  server.RaftServerConfigKeys (ConfUtils.java:logGet(43)) - raft.server.log.statemachine.data.sync.timeout = 10s (default)
2019-09-19 17:00:08,535 [pool-27-thread-1] INFO  server.RaftServerConfigKeys (ConfUtils.java:logGet(43)) - raft.server.log.statemachine.data.sync.timeout.retry = -1 (default)
2019-09-19 17:00:08,536 [pool-27-thread-1] INFO  server.RaftServerConfigKeys (ConfUtils.java:logGet(43)) - raft.server.log.statemachine.data.caching.enabled = true (custom)
2019-09-19 17:00:08,536 [pool-27-thread-1] INFO  segmented.SegmentedRaftLogWorker (SegmentedRaftLogWorker.java:lambda$new$0(132)) - e858d55d-eb7f-4d43-a7ab-d70ac1b2cf5d-SegmentedRaftLogWorker:Storage Directory /workdir/hadoop-ozone/tools/target/test-dir/MiniOzoneClusterImpl-53329b5c-158c-4202-b54c-282115de494f/datanode-0/data/ratis/dead1ef8-2ad9-46af-a451-614987b3bf29: flushIndex: setUnconditionally 0 -> -1
2019-09-19 17:00:08,537 [pool-27-thread-1] INFO  server.RaftServerConfigKeys (ConfUtils.java:logGet(43)) - raft.server.snapshot.auto.trigger.enabled = true (custom)
2019-09-19 17:00:08,537 [pool-27-thread-1] INFO  server.RaftServerConfigKeys (ConfUtils.java:logGet(43)) - raft.server.snapshot.auto.trigger.threshold = 10000 (custom)
2019-09-19 17:00:08,537 [pool-27-thread-1] INFO  server.RaftServerConfigKeys (ConfUtils.java:logGet(43)) - raft.server.retrycache.expirytime = 600000ms (custom)
2019-09-19 17:00:08,537 [pool-27-thread-1] INFO  impl.RaftServerImpl (RaftServerImpl.java:start(180)) - e858d55d-eb7f-4d43-a7ab-d70ac1b2cf5d: start group-614987B3BF29
2019-09-19 17:00:08,537 [pool-27-thread-1] INFO  impl.RaftServerImpl (RaftServerImpl.java:setRole(171)) - e858d55d-eb7f-4d43-a7ab-d70ac1b2cf5d:group-614987B3BF29 changes role from null to FOLLOWER at term 0 for startAsFollower
2019-09-19 17:00:08,538 [pool-27-thread-1] INFO  impl.RoleInfo (RoleInfo.java:updateAndGet(143)) - e858d55d-eb7f-4d43-a7ab-d70ac1b2cf5d: start FollowerState
2019-09-19 17:00:08,538 [pool-27-thread-1] INFO  util.JmxRegister (JmxRegister.java:tryRegister(44)) - Successfully registered JMX Bean with object name Ratis:service=RaftServer,group=group-614987B3BF29,id=e858d55d-eb7f-4d43-a7ab-d70ac1b2cf5d
2019-09-19 17:00:08,547 [RatisPipelineUtilsThread] INFO  pipeline.PipelineStateManager (PipelineStateManager.java:addPipeline(56)) - Created pipeline Pipeline[ Id: dead1ef8-2ad9-46af-a451-614987b3bf29, Nodes: e858d55d-eb7f-4d43-a7ab-d70ac1b2cf5d{ip: 192.168.157.226, host: pr-hdds-1569-swxfz-3172132826, networkLocation: /default-rack, certSerialId: null}, Type:RATIS, Factor:ONE, State:OPEN]
2019-09-19 17:00:08,562 [grpc-default-executor-0] INFO  impl.RaftServerProxy (RaftServerProxy.java:addNew(89)) - e858d55d-eb7f-4d43-a7ab-d70ac1b2cf5d: addNew group-1F2DF844AB03:[e858d55d-eb7f-4d43-a7ab-d70ac1b2cf5d:192.168.157.226:39997] returns group-1F2DF844AB03:java.util.concurrent.CompletableFuture@4cf23767[Not completed]
2019-09-19 17:00:08,564 [pool-27-thread-1] INFO  impl.RaftServerImpl (RaftServerImpl.java:<init>(93)) - e858d55d-eb7f-4d43-a7ab-d70ac1b2cf5d: new RaftServerImpl for group-1F2DF844AB03:[e858d55d-eb7f-4d43-a7ab-d70ac1b2cf5d:192.168.157.226:39997] with ContainerStateMachine:uninitialized
2019-09-19 17:00:08,564 [pool-27-thread-1] INFO  server.RaftServerConfigKeys (ConfUtils.java:logGet(43)) - raft.server.rpc.timeout.min = 5s (custom)
2019-09-19 17:00:08,564 [pool-27-thread-1] INFO  server.RaftServerConfigKeys (ConfUtils.java:logGet(43)) - raft.server.rpc.timeout.max = 5200ms (custom)
2019-09-19 17:00:08,564 [pool-27-thread-1] INFO  server.RaftServerConfigKeys (ConfUtils.java:logGet(43)) - raft.server.rpcslowness.timeout = 120s (custom)
2019-09-19 17:00:08,564 [pool-27-thread-1] INFO  server.RaftServerConfigKeys (ConfUtils.java:logGet(43)) - raft.server.sleep.deviation.threshold = 300 (default)
2019-09-19 17:00:08,565 [pool-27-thread-1] INFO  server.RaftServerConfigKeys (ConfUtils.java:logGet(43)) - raft.server.log.appender.install.snapshot.enabled = false (custom)
2019-09-19 17:00:08,565 [pool-27-thread-1] INFO  impl.RaftServerImpl (ServerState.java:<init>(105)) - e858d55d-eb7f-4d43-a7ab-d70ac1b2cf5d:group-1F2DF844AB03 ConfigurationManager, init=-1: [e858d55d-eb7f-4d43-a7ab-d70ac1b2cf5d:192.168.157.226:39997], old=null, confs=<EMPTY_MAP>
2019-09-19 17:00:08,565 [pool-27-thread-1] INFO  server.RaftServerConfigKeys (ConfUtils.java:logGet(43)) - raft.server.storage.dir = [/workdir/hadoop-ozone/tools/target/test-dir/MiniOzoneClusterImpl-53329b5c-158c-4202-b54c-282115de494f/datanode-0/data/ratis] (custom)
2019-09-19 17:00:08,568 [pool-27-thread-1] INFO  storage.RaftStorageDirectory (RaftStorageDirectory.java:analyzeStorage(246)) - The storage directory /workdir/hadoop-ozone/tools/target/test-dir/MiniOzoneClusterImpl-53329b5c-158c-4202-b54c-282115de494f/datanode-0/data/ratis/ce80a425-6c40-4375-9af5-1f2df844ab03 does not exist. Creating ...
2019-09-19 17:00:08,581 [pool-27-thread-1] INFO  storage.RaftStorageDirectory (RaftStorageDirectory.java:tryLock(328)) - Lock on /workdir/hadoop-ozone/tools/target/test-dir/MiniOzoneClusterImpl-53329b5c-158c-4202-b54c-282115de494f/datanode-0/data/ratis/ce80a425-6c40-4375-9af5-1f2df844ab03/in_use.lock acquired by nodename 24801@pr-hdds-1569-swxfz-3172132826
2019-09-19 17:00:08,584 | INFO  | SCMAudit | user=jenkins1000 | ip=192.168.157.226 | op=SEND_HEARTBEAT {datanodeUUID=e59acbe3-2e53-434b-8aef-eb1faf9f1cb0, command=[]} | ret=SUCCESS |  
2019-09-19 17:00:08,593 [pool-27-thread-1] INFO  storage.RaftStorage (RaftStorage.java:format(72)) - Storage directory /workdir/hadoop-ozone/tools/target/test-dir/MiniOzoneClusterImpl-53329b5c-158c-4202-b54c-282115de494f/datanode-0/data/ratis/ce80a425-6c40-4375-9af5-1f2df844ab03 has been successfully formatted.
2019-09-19 17:00:08,594 [pool-27-thread-1] INFO  ratis.ContainerStateMachine (ContainerStateMachine.java:loadSnapshot(226)) - group-1F2DF844AB03: The snapshot info is null. Setting the last applied indexto:(t:0, i:~)
2019-09-19 17:00:08,594 [pool-27-thread-1] INFO  server.RaftServerConfigKeys (ConfUtils.java:logGet(43)) - raft.server.leader.election.timeout = 120s (custom)
2019-09-19 17:00:08,594 [pool-27-thread-1] INFO  server.RaftServerConfigKeys (ConfUtils.java:logGet(43)) - raft.server.log.use.memory = false (default)
2019-09-19 17:00:08,594 [pool-27-thread-1] INFO  server.RaftServerConfigKeys (ConfUtils.java:logGet(43)) - raft.server.log.purge.gap = 1000000 (custom)
2019-09-19 17:00:08,594 [pool-27-thread-1] INFO  server.RaftServerConfigKeys (ConfUtils.java:logGet(43)) - raft.server.log.appender.buffer.byte-limit = 33554432 (custom)
2019-09-19 17:00:08,595 [pool-27-thread-1] INFO  server.RaftServerConfigKeys (ConfUtils.java:logGet(43)) - raft.server.log.segment.size.max = 1048576 (custom)
2019-09-19 17:00:08,595 [pool-27-thread-1] INFO  server.RaftServerConfigKeys (ConfUtils.java:logGet(43)) - raft.server.log.segment.cache.num.max = 2 (custom)
2019-09-19 17:00:08,595 [pool-27-thread-1] INFO  segmented.SegmentedRaftLogWorker (SegmentedRaftLogWorker.java:<init>(172)) - new e858d55d-eb7f-4d43-a7ab-d70ac1b2cf5d-SegmentedRaftLogWorker:Storage Directory /workdir/hadoop-ozone/tools/target/test-dir/MiniOzoneClusterImpl-53329b5c-158c-4202-b54c-282115de494f/datanode-0/data/ratis/ce80a425-6c40-4375-9af5-1f2df844ab03 for RaftStorage:Storage Directory /workdir/hadoop-ozone/tools/target/test-dir/MiniOzoneClusterImpl-53329b5c-158c-4202-b54c-282115de494f/datanode-0/data/ratis/ce80a425-6c40-4375-9af5-1f2df844ab03
2019-09-19 17:00:08,595 [pool-27-thread-1] INFO  server.RaftServerConfigKeys (ConfUtils.java:logGet(43)) - raft.server.log.queue.byte-limit = 2147483647 (custom)
2019-09-19 17:00:08,595 [pool-27-thread-1] INFO  server.RaftServerConfigKeys (ConfUtils.java:logGet(43)) - raft.server.log.queue.element-limit = 1024 (custom)
2019-09-19 17:00:08,595 [pool-27-thread-1] INFO  server.RaftServerConfigKeys (ConfUtils.java:logGet(43)) - raft.server.log.segment.size.max = 1048576 (custom)
2019-09-19 17:00:08,595 [pool-27-thread-1] INFO  server.RaftServerConfigKeys (ConfUtils.java:logGet(43)) - raft.server.log.preallocated.size = 16384 (custom)
2019-09-19 17:00:08,596 [pool-27-thread-1] INFO  server.RaftServerConfigKeys (ConfUtils.java:logGet(43)) - raft.server.log.write.buffer.size = 33554432 (custom)
2019-09-19 17:00:08,596 [pool-27-thread-1] INFO  server.RaftServerConfigKeys (ConfUtils.java:logGet(43)) - raft.server.log.force.sync.num = 128 (default)
2019-09-19 17:00:08,596 [pool-27-thread-1] INFO  server.RaftServerConfigKeys (ConfUtils.java:logGet(43)) - raft.server.log.statemachine.data.sync = true (default)
2019-09-19 17:00:08,596 [pool-27-thread-1] INFO  server.RaftServerConfigKeys (ConfUtils.java:logGet(43)) - raft.server.log.statemachine.data.sync.timeout = 10s (default)
2019-09-19 17:00:08,596 [pool-27-thread-1] INFO  server.RaftServerConfigKeys (ConfUtils.java:logGet(43)) - raft.server.log.statemachine.data.sync.timeout.retry = -1 (default)
2019-09-19 17:00:08,596 [pool-27-thread-1] INFO  server.RaftServerConfigKeys (ConfUtils.java:logGet(43)) - raft.server.log.statemachine.data.caching.enabled = true (custom)
2019-09-19 17:00:08,597 [pool-27-thread-1] INFO  segmented.SegmentedRaftLogWorker (SegmentedRaftLogWorker.java:lambda$new$0(132)) - e858d55d-eb7f-4d43-a7ab-d70ac1b2cf5d-SegmentedRaftLogWorker:Storage Directory /workdir/hadoop-ozone/tools/target/test-dir/MiniOzoneClusterImpl-53329b5c-158c-4202-b54c-282115de494f/datanode-0/data/ratis/ce80a425-6c40-4375-9af5-1f2df844ab03: flushIndex: setUnconditionally 0 -> -1
2019-09-19 17:00:08,597 [pool-27-thread-1] INFO  server.RaftServerConfigKeys (ConfUtils.java:logGet(43)) - raft.server.snapshot.auto.trigger.enabled = true (custom)
2019-09-19 17:00:08,597 [pool-27-thread-1] INFO  server.RaftServerConfigKeys (ConfUtils.java:logGet(43)) - raft.server.snapshot.auto.trigger.threshold = 10000 (custom)
2019-09-19 17:00:08,598 [pool-27-thread-1] INFO  server.RaftServerConfigKeys (ConfUtils.java:logGet(43)) - raft.server.retrycache.expirytime = 600000ms (custom)
2019-09-19 17:00:08,598 [pool-27-thread-1] INFO  impl.RaftServerImpl (RaftServerImpl.java:start(180)) - e858d55d-eb7f-4d43-a7ab-d70ac1b2cf5d: start group-1F2DF844AB03
2019-09-19 17:00:08,598 [pool-27-thread-1] INFO  impl.RaftServerImpl (RaftServerImpl.java:setRole(171)) - e858d55d-eb7f-4d43-a7ab-d70ac1b2cf5d:group-1F2DF844AB03 changes role from null to FOLLOWER at term 0 for startAsFollower
2019-09-19 17:00:08,598 [pool-27-thread-1] INFO  impl.RoleInfo (RoleInfo.java:updateAndGet(143)) - e858d55d-eb7f-4d43-a7ab-d70ac1b2cf5d: start FollowerState
2019-09-19 17:00:08,599 [pool-27-thread-1] INFO  util.JmxRegister (JmxRegister.java:tryRegister(44)) - Successfully registered JMX Bean with object name Ratis:service=RaftServer,group=group-1F2DF844AB03,id=e858d55d-eb7f-4d43-a7ab-d70ac1b2cf5d
2019-09-19 17:00:08,607 [RatisPipelineUtilsThread] INFO  pipeline.PipelineStateManager (PipelineStateManager.java:addPipeline(56)) - Created pipeline Pipeline[ Id: ce80a425-6c40-4375-9af5-1f2df844ab03, Nodes: e858d55d-eb7f-4d43-a7ab-d70ac1b2cf5d{ip: 192.168.157.226, host: pr-hdds-1569-swxfz-3172132826, networkLocation: /default-rack, certSerialId: null}, Type:RATIS, Factor:ONE, State:OPEN]
2019-09-19 17:00:08,609 [RatisPipelineUtilsThread] ERROR pipeline.PipelinePlacementPolicy (PipelinePlacementPolicy.java:meetCriteria(91)) - Pipeline Placement: Doesn't meet the criteria to be viable node. Heaviness: 6
2019-09-19 17:00:08,622 [grpc-default-executor-0] INFO  impl.RaftServerProxy (RaftServerProxy.java:addNew(89)) - e59acbe3-2e53-434b-8aef-eb1faf9f1cb0: addNew group-F4998E234C60:[e59acbe3-2e53-434b-8aef-eb1faf9f1cb0:192.168.157.226:41120] returns group-F4998E234C60:java.util.concurrent.CompletableFuture@11881569[Not completed]
2019-09-19 17:00:08,624 [pool-38-thread-1] INFO  impl.RaftServerImpl (RaftServerImpl.java:<init>(93)) - e59acbe3-2e53-434b-8aef-eb1faf9f1cb0: new RaftServerImpl for group-F4998E234C60:[e59acbe3-2e53-434b-8aef-eb1faf9f1cb0:192.168.157.226:41120] with ContainerStateMachine:uninitialized
2019-09-19 17:00:08,624 [pool-38-thread-1] INFO  server.RaftServerConfigKeys (ConfUtils.java:logGet(43)) - raft.server.rpc.timeout.min = 5s (custom)
2019-09-19 17:00:08,624 [pool-38-thread-1] INFO  server.RaftServerConfigKeys (ConfUtils.java:logGet(43)) - raft.server.rpc.timeout.max = 5200ms (custom)
2019-09-19 17:00:08,624 [pool-38-thread-1] INFO  server.RaftServerConfigKeys (ConfUtils.java:logGet(43)) - raft.server.rpcslowness.timeout = 120s (custom)
2019-09-19 17:00:08,624 [pool-38-thread-1] INFO  server.RaftServerConfigKeys (ConfUtils.java:logGet(43)) - raft.server.sleep.deviation.threshold = 300 (default)
2019-09-19 17:00:08,625 [pool-38-thread-1] INFO  server.RaftServerConfigKeys (ConfUtils.java:logGet(43)) - raft.server.log.appender.install.snapshot.enabled = false (custom)
2019-09-19 17:00:08,625 [pool-38-thread-1] INFO  impl.RaftServerImpl (ServerState.java:<init>(105)) - e59acbe3-2e53-434b-8aef-eb1faf9f1cb0:group-F4998E234C60 ConfigurationManager, init=-1: [e59acbe3-2e53-434b-8aef-eb1faf9f1cb0:192.168.157.226:41120], old=null, confs=<EMPTY_MAP>
2019-09-19 17:00:08,625 [pool-38-thread-1] INFO  server.RaftServerConfigKeys (ConfUtils.java:logGet(43)) - raft.server.storage.dir = [/workdir/hadoop-ozone/tools/target/test-dir/MiniOzoneClusterImpl-53329b5c-158c-4202-b54c-282115de494f/datanode-1/data/ratis] (custom)
2019-09-19 17:00:08,625 [pool-38-thread-1] INFO  storage.RaftStorageDirectory (RaftStorageDirectory.java:analyzeStorage(246)) - The storage directory /workdir/hadoop-ozone/tools/target/test-dir/MiniOzoneClusterImpl-53329b5c-158c-4202-b54c-282115de494f/datanode-1/data/ratis/82c944df-c3ae-4add-923b-f4998e234c60 does not exist. Creating ...
2019-09-19 17:00:08,638 [pool-38-thread-1] INFO  storage.RaftStorageDirectory (RaftStorageDirectory.java:tryLock(328)) - Lock on /workdir/hadoop-ozone/tools/target/test-dir/MiniOzoneClusterImpl-53329b5c-158c-4202-b54c-282115de494f/datanode-1/data/ratis/82c944df-c3ae-4add-923b-f4998e234c60/in_use.lock acquired by nodename 24801@pr-hdds-1569-swxfz-3172132826
2019-09-19 17:00:08,651 [pool-38-thread-1] INFO  storage.RaftStorage (RaftStorage.java:format(72)) - Storage directory /workdir/hadoop-ozone/tools/target/test-dir/MiniOzoneClusterImpl-53329b5c-158c-4202-b54c-282115de494f/datanode-1/data/ratis/82c944df-c3ae-4add-923b-f4998e234c60 has been successfully formatted.
2019-09-19 17:00:08,651 [pool-38-thread-1] INFO  ratis.ContainerStateMachine (ContainerStateMachine.java:loadSnapshot(226)) - group-F4998E234C60: The snapshot info is null. Setting the last applied indexto:(t:0, i:~)
2019-09-19 17:00:08,652 [pool-38-thread-1] INFO  server.RaftServerConfigKeys (ConfUtils.java:logGet(43)) - raft.server.leader.election.timeout = 120s (custom)
2019-09-19 17:00:08,652 [pool-38-thread-1] INFO  server.RaftServerConfigKeys (ConfUtils.java:logGet(43)) - raft.server.log.use.memory = false (default)
2019-09-19 17:00:08,652 [pool-38-thread-1] INFO  server.RaftServerConfigKeys (ConfUtils.java:logGet(43)) - raft.server.log.purge.gap = 1000000 (custom)
2019-09-19 17:00:08,652 [pool-38-thread-1] INFO  server.RaftServerConfigKeys (ConfUtils.java:logGet(43)) - raft.server.log.appender.buffer.byte-limit = 33554432 (custom)
2019-09-19 17:00:08,652 [pool-38-thread-1] INFO  server.RaftServerConfigKeys (ConfUtils.java:logGet(43)) - raft.server.log.segment.size.max = 1048576 (custom)
2019-09-19 17:00:08,653 [pool-38-thread-1] INFO  server.RaftServerConfigKeys (ConfUtils.java:logGet(43)) - raft.server.log.segment.cache.num.max = 2 (custom)
2019-09-19 17:00:08,653 [pool-38-thread-1] INFO  segmented.SegmentedRaftLogWorker (SegmentedRaftLogWorker.java:<init>(172)) - new e59acbe3-2e53-434b-8aef-eb1faf9f1cb0-SegmentedRaftLogWorker:Storage Directory /workdir/hadoop-ozone/tools/target/test-dir/MiniOzoneClusterImpl-53329b5c-158c-4202-b54c-282115de494f/datanode-1/data/ratis/82c944df-c3ae-4add-923b-f4998e234c60 for RaftStorage:Storage Directory /workdir/hadoop-ozone/tools/target/test-dir/MiniOzoneClusterImpl-53329b5c-158c-4202-b54c-282115de494f/datanode-1/data/ratis/82c944df-c3ae-4add-923b-f4998e234c60
2019-09-19 17:00:08,653 [pool-38-thread-1] INFO  server.RaftServerConfigKeys (ConfUtils.java:logGet(43)) - raft.server.log.queue.byte-limit = 2147483647 (custom)
2019-09-19 17:00:08,653 [pool-38-thread-1] INFO  server.RaftServerConfigKeys (ConfUtils.java:logGet(43)) - raft.server.log.queue.element-limit = 1024 (custom)
2019-09-19 17:00:08,653 [pool-38-thread-1] INFO  server.RaftServerConfigKeys (ConfUtils.java:logGet(43)) - raft.server.log.segment.size.max = 1048576 (custom)
2019-09-19 17:00:08,653 [pool-38-thread-1] INFO  server.RaftServerConfigKeys (ConfUtils.java:logGet(43)) - raft.server.log.preallocated.size = 16384 (custom)
2019-09-19 17:00:08,654 [pool-38-thread-1] INFO  server.RaftServerConfigKeys (ConfUtils.java:logGet(43)) - raft.server.log.write.buffer.size = 33554432 (custom)
2019-09-19 17:00:08,654 [pool-38-thread-1] INFO  server.RaftServerConfigKeys (ConfUtils.java:logGet(43)) - raft.server.log.force.sync.num = 128 (default)
2019-09-19 17:00:08,654 [pool-38-thread-1] INFO  server.RaftServerConfigKeys (ConfUtils.java:logGet(43)) - raft.server.log.statemachine.data.sync = true (default)
2019-09-19 17:00:08,654 [pool-38-thread-1] INFO  server.RaftServerConfigKeys (ConfUtils.java:logGet(43)) - raft.server.log.statemachine.data.sync.timeout = 10s (default)
2019-09-19 17:00:08,654 [pool-38-thread-1] INFO  server.RaftServerConfigKeys (ConfUtils.java:logGet(43)) - raft.server.log.statemachine.data.sync.timeout.retry = -1 (default)
2019-09-19 17:00:08,655 [pool-38-thread-1] INFO  server.RaftServerConfigKeys (ConfUtils.java:logGet(43)) - raft.server.log.statemachine.data.caching.enabled = true (custom)
2019-09-19 17:00:08,655 [pool-38-thread-1] INFO  segmented.SegmentedRaftLogWorker (SegmentedRaftLogWorker.java:lambda$new$0(132)) - e59acbe3-2e53-434b-8aef-eb1faf9f1cb0-SegmentedRaftLogWorker:Storage Directory /workdir/hadoop-ozone/tools/target/test-dir/MiniOzoneClusterImpl-53329b5c-158c-4202-b54c-282115de494f/datanode-1/data/ratis/82c944df-c3ae-4add-923b-f4998e234c60: flushIndex: setUnconditionally 0 -> -1
2019-09-19 17:00:08,655 [pool-38-thread-1] INFO  server.RaftServerConfigKeys (ConfUtils.java:logGet(43)) - raft.server.snapshot.auto.trigger.enabled = true (custom)
2019-09-19 17:00:08,656 [pool-38-thread-1] INFO  server.RaftServerConfigKeys (ConfUtils.java:logGet(43)) - raft.server.snapshot.auto.trigger.threshold = 10000 (custom)
2019-09-19 17:00:08,656 [pool-38-thread-1] INFO  server.RaftServerConfigKeys (ConfUtils.java:logGet(43)) - raft.server.retrycache.expirytime = 600000ms (custom)
2019-09-19 17:00:08,656 [pool-38-thread-1] INFO  impl.RaftServerImpl (RaftServerImpl.java:start(180)) - e59acbe3-2e53-434b-8aef-eb1faf9f1cb0: start group-F4998E234C60
2019-09-19 17:00:08,656 [pool-38-thread-1] INFO  impl.RaftServerImpl (RaftServerImpl.java:setRole(171)) - e59acbe3-2e53-434b-8aef-eb1faf9f1cb0:group-F4998E234C60 changes role from null to FOLLOWER at term 0 for startAsFollower
2019-09-19 17:00:08,656 [pool-38-thread-1] INFO  impl.RoleInfo (RoleInfo.java:updateAndGet(143)) - e59acbe3-2e53-434b-8aef-eb1faf9f1cb0: start FollowerState
2019-09-19 17:00:08,657 [pool-38-thread-1] INFO  util.JmxRegister (JmxRegister.java:tryRegister(44)) - Successfully registered JMX Bean with object name Ratis:service=RaftServer,group=group-F4998E234C60,id=e59acbe3-2e53-434b-8aef-eb1faf9f1cb0
2019-09-19 17:00:08,667 [RatisPipelineUtilsThread] INFO  pipeline.PipelineStateManager (PipelineStateManager.java:addPipeline(56)) - Created pipeline Pipeline[ Id: 82c944df-c3ae-4add-923b-f4998e234c60, Nodes: e59acbe3-2e53-434b-8aef-eb1faf9f1cb0{ip: 192.168.157.226, host: pr-hdds-1569-swxfz-3172132826, networkLocation: /default-rack, certSerialId: null}, Type:RATIS, Factor:ONE, State:OPEN]
2019-09-19 17:00:08,668 [RatisPipelineUtilsThread] ERROR pipeline.PipelinePlacementPolicy (PipelinePlacementPolicy.java:meetCriteria(91)) - Pipeline Placement: Doesn't meet the criteria to be viable node. Heaviness: 6
2019-09-19 17:00:08,695 [grpc-default-executor-0] INFO  impl.RaftServerProxy (RaftServerProxy.java:addNew(89)) - c64ef6ee-91bc-492f-96d3-e3ad2b12297f: addNew group-65586CE9829C:[c64ef6ee-91bc-492f-96d3-e3ad2b12297f:192.168.157.226:43735] returns group-65586CE9829C:java.util.concurrent.CompletableFuture@19188f0e[Not completed]
2019-09-19 17:00:08,697 [pool-49-thread-1] INFO  impl.RaftServerImpl (RaftServerImpl.java:<init>(93)) - c64ef6ee-91bc-492f-96d3-e3ad2b12297f: new RaftServerImpl for group-65586CE9829C:[c64ef6ee-91bc-492f-96d3-e3ad2b12297f:192.168.157.226:43735] with ContainerStateMachine:uninitialized
2019-09-19 17:00:08,698 [pool-49-thread-1] INFO  server.RaftServerConfigKeys (ConfUtils.java:logGet(43)) - raft.server.rpc.timeout.min = 5s (custom)
2019-09-19 17:00:08,698 [pool-49-thread-1] INFO  server.RaftServerConfigKeys (ConfUtils.java:logGet(43)) - raft.server.rpc.timeout.max = 5200ms (custom)
2019-09-19 17:00:08,698 [pool-49-thread-1] INFO  server.RaftServerConfigKeys (ConfUtils.java:logGet(43)) - raft.server.rpcslowness.timeout = 120s (custom)
2019-09-19 17:00:08,698 [pool-49-thread-1] INFO  server.RaftServerConfigKeys (ConfUtils.java:logGet(43)) - raft.server.sleep.deviation.threshold = 300 (default)
2019-09-19 17:00:08,698 [pool-49-thread-1] INFO  server.RaftServerConfigKeys (ConfUtils.java:logGet(43)) - raft.server.log.appender.install.snapshot.enabled = false (custom)
2019-09-19 17:00:08,698 [pool-49-thread-1] INFO  impl.RaftServerImpl (ServerState.java:<init>(105)) - c64ef6ee-91bc-492f-96d3-e3ad2b12297f:group-65586CE9829C ConfigurationManager, init=-1: [c64ef6ee-91bc-492f-96d3-e3ad2b12297f:192.168.157.226:43735], old=null, confs=<EMPTY_MAP>
2019-09-19 17:00:08,699 [pool-49-thread-1] INFO  server.RaftServerConfigKeys (ConfUtils.java:logGet(43)) - raft.server.storage.dir = [/workdir/hadoop-ozone/tools/target/test-dir/MiniOzoneClusterImpl-53329b5c-158c-4202-b54c-282115de494f/datanode-2/data/ratis] (custom)
2019-09-19 17:00:08,699 [pool-49-thread-1] INFO  storage.RaftStorageDirectory (RaftStorageDirectory.java:analyzeStorage(246)) - The storage directory /workdir/hadoop-ozone/tools/target/test-dir/MiniOzoneClusterImpl-53329b5c-158c-4202-b54c-282115de494f/datanode-2/data/ratis/d9e0c256-f60e-4601-9df3-65586ce9829c does not exist. Creating ...
2019-09-19 17:00:08,712 [pool-49-thread-1] INFO  storage.RaftStorageDirectory (RaftStorageDirectory.java:tryLock(328)) - Lock on /workdir/hadoop-ozone/tools/target/test-dir/MiniOzoneClusterImpl-53329b5c-158c-4202-b54c-282115de494f/datanode-2/data/ratis/d9e0c256-f60e-4601-9df3-65586ce9829c/in_use.lock acquired by nodename 24801@pr-hdds-1569-swxfz-3172132826
2019-09-19 17:00:08,724 [pool-49-thread-1] INFO  storage.RaftStorage (RaftStorage.java:format(72)) - Storage directory /workdir/hadoop-ozone/tools/target/test-dir/MiniOzoneClusterImpl-53329b5c-158c-4202-b54c-282115de494f/datanode-2/data/ratis/d9e0c256-f60e-4601-9df3-65586ce9829c has been successfully formatted.
2019-09-19 17:00:08,725 [pool-49-thread-1] INFO  ratis.ContainerStateMachine (ContainerStateMachine.java:loadSnapshot(226)) - group-65586CE9829C: The snapshot info is null. Setting the last applied indexto:(t:0, i:~)
2019-09-19 17:00:08,725 [pool-49-thread-1] INFO  server.RaftServerConfigKeys (ConfUtils.java:logGet(43)) - raft.server.leader.election.timeout = 120s (custom)
2019-09-19 17:00:08,725 [pool-49-thread-1] INFO  server.RaftServerConfigKeys (ConfUtils.java:logGet(43)) - raft.server.log.use.memory = false (default)
2019-09-19 17:00:08,725 [pool-49-thread-1] INFO  server.RaftServerConfigKeys (ConfUtils.java:logGet(43)) - raft.server.log.purge.gap = 1000000 (custom)
2019-09-19 17:00:08,725 [pool-49-thread-1] INFO  server.RaftServerConfigKeys (ConfUtils.java:logGet(43)) - raft.server.log.appender.buffer.byte-limit = 33554432 (custom)
2019-09-19 17:00:08,726 [pool-49-thread-1] INFO  server.RaftServerConfigKeys (ConfUtils.java:logGet(43)) - raft.server.log.segment.size.max = 1048576 (custom)
2019-09-19 17:00:08,726 [pool-49-thread-1] INFO  server.RaftServerConfigKeys (ConfUtils.java:logGet(43)) - raft.server.log.segment.cache.num.max = 2 (custom)
2019-09-19 17:00:08,726 [pool-49-thread-1] INFO  segmented.SegmentedRaftLogWorker (SegmentedRaftLogWorker.java:<init>(172)) - new c64ef6ee-91bc-492f-96d3-e3ad2b12297f-SegmentedRaftLogWorker:Storage Directory /workdir/hadoop-ozone/tools/target/test-dir/MiniOzoneClusterImpl-53329b5c-158c-4202-b54c-282115de494f/datanode-2/data/ratis/d9e0c256-f60e-4601-9df3-65586ce9829c for RaftStorage:Storage Directory /workdir/hadoop-ozone/tools/target/test-dir/MiniOzoneClusterImpl-53329b5c-158c-4202-b54c-282115de494f/datanode-2/data/ratis/d9e0c256-f60e-4601-9df3-65586ce9829c
2019-09-19 17:00:08,726 [pool-49-thread-1] INFO  server.RaftServerConfigKeys (ConfUtils.java:logGet(43)) - raft.server.log.queue.byte-limit = 2147483647 (custom)
2019-09-19 17:00:08,726 [pool-49-thread-1] INFO  server.RaftServerConfigKeys (ConfUtils.java:logGet(43)) - raft.server.log.queue.element-limit = 1024 (custom)
2019-09-19 17:00:08,726 [pool-49-thread-1] INFO  server.RaftServerConfigKeys (ConfUtils.java:logGet(43)) - raft.server.log.segment.size.max = 1048576 (custom)
2019-09-19 17:00:08,727 [pool-49-thread-1] INFO  server.RaftServerConfigKeys (ConfUtils.java:logGet(43)) - raft.server.log.preallocated.size = 16384 (custom)
2019-09-19 17:00:08,727 [pool-49-thread-1] INFO  server.RaftServerConfigKeys (ConfUtils.java:logGet(43)) - raft.server.log.write.buffer.size = 33554432 (custom)
2019-09-19 17:00:08,727 [pool-49-thread-1] INFO  server.RaftServerConfigKeys (ConfUtils.java:logGet(43)) - raft.server.log.force.sync.num = 128 (default)
2019-09-19 17:00:08,727 [pool-49-thread-1] INFO  server.RaftServerConfigKeys (ConfUtils.java:logGet(43)) - raft.server.log.statemachine.data.sync = true (default)
2019-09-19 17:00:08,727 [pool-49-thread-1] INFO  server.RaftServerConfigKeys (ConfUtils.java:logGet(43)) - raft.server.log.statemachine.data.sync.timeout = 10s (default)
2019-09-19 17:00:08,727 [pool-49-thread-1] INFO  server.RaftServerConfigKeys (ConfUtils.java:logGet(43)) - raft.server.log.statemachine.data.sync.timeout.retry = -1 (default)
2019-09-19 17:00:08,727 [pool-49-thread-1] INFO  server.RaftServerConfigKeys (ConfUtils.java:logGet(43)) - raft.server.log.statemachine.data.caching.enabled = true (custom)
2019-09-19 17:00:08,728 [pool-49-thread-1] INFO  segmented.SegmentedRaftLogWorker (SegmentedRaftLogWorker.java:lambda$new$0(132)) - c64ef6ee-91bc-492f-96d3-e3ad2b12297f-SegmentedRaftLogWorker:Storage Directory /workdir/hadoop-ozone/tools/target/test-dir/MiniOzoneClusterImpl-53329b5c-158c-4202-b54c-282115de494f/datanode-2/data/ratis/d9e0c256-f60e-4601-9df3-65586ce9829c: flushIndex: setUnconditionally 0 -> -1
2019-09-19 17:00:08,728 [pool-49-thread-1] INFO  server.RaftServerConfigKeys (ConfUtils.java:logGet(43)) - raft.server.snapshot.auto.trigger.enabled = true (custom)
2019-09-19 17:00:08,728 [pool-49-thread-1] INFO  server.RaftServerConfigKeys (ConfUtils.java:logGet(43)) - raft.server.snapshot.auto.trigger.threshold = 10000 (custom)
2019-09-19 17:00:08,728 [pool-49-thread-1] INFO  server.RaftServerConfigKeys (ConfUtils.java:logGet(43)) - raft.server.retrycache.expirytime = 600000ms (custom)
2019-09-19 17:00:08,729 [pool-49-thread-1] INFO  impl.RaftServerImpl (RaftServerImpl.java:start(180)) - c64ef6ee-91bc-492f-96d3-e3ad2b12297f: start group-65586CE9829C
2019-09-19 17:00:08,729 [pool-49-thread-1] INFO  impl.RaftServerImpl (RaftServerImpl.java:setRole(171)) - c64ef6ee-91bc-492f-96d3-e3ad2b12297f:group-65586CE9829C changes role from null to FOLLOWER at term 0 for startAsFollower
2019-09-19 17:00:08,729 [pool-49-thread-1] INFO  impl.RoleInfo (RoleInfo.java:updateAndGet(143)) - c64ef6ee-91bc-492f-96d3-e3ad2b12297f: start FollowerState
2019-09-19 17:00:08,729 [pool-49-thread-1] INFO  util.JmxRegister (JmxRegister.java:tryRegister(44)) - Successfully registered JMX Bean with object name Ratis:service=RaftServer,group=group-65586CE9829C,id=c64ef6ee-91bc-492f-96d3-e3ad2b12297f
2019-09-19 17:00:08,741 [RatisPipelineUtilsThread] INFO  pipeline.PipelineStateManager (PipelineStateManager.java:addPipeline(56)) - Created pipeline Pipeline[ Id: d9e0c256-f60e-4601-9df3-65586ce9829c, Nodes: c64ef6ee-91bc-492f-96d3-e3ad2b12297f{ip: 192.168.157.226, host: pr-hdds-1569-swxfz-3172132826, networkLocation: /default-rack, certSerialId: null}, Type:RATIS, Factor:ONE, State:OPEN]
2019-09-19 17:00:08,743 [RatisPipelineUtilsThread] ERROR pipeline.PipelinePlacementPolicy (PipelinePlacementPolicy.java:meetCriteria(91)) - Pipeline Placement: Doesn't meet the criteria to be viable node. Heaviness: 6
2019-09-19 17:00:08,761 [grpc-default-executor-0] INFO  impl.RaftServerProxy (RaftServerProxy.java:addNew(89)) - 5f94c5ea-0d2c-486e-937b-d09fa3478732: addNew group-4AF8265F4643:[5f94c5ea-0d2c-486e-937b-d09fa3478732:192.168.157.226:34563] returns group-4AF8265F4643:java.util.concurrent.CompletableFuture@58d82181[Not completed]
2019-09-19 17:00:08,762 [pool-60-thread-1] INFO  impl.RaftServerImpl (RaftServerImpl.java:<init>(93)) - 5f94c5ea-0d2c-486e-937b-d09fa3478732: new RaftServerImpl for group-4AF8265F4643:[5f94c5ea-0d2c-486e-937b-d09fa3478732:192.168.157.226:34563] with ContainerStateMachine:uninitialized
2019-09-19 17:00:08,763 [pool-60-thread-1] INFO  server.RaftServerConfigKeys (ConfUtils.java:logGet(43)) - raft.server.rpc.timeout.min = 5s (custom)
2019-09-19 17:00:08,763 [pool-60-thread-1] INFO  server.RaftServerConfigKeys (ConfUtils.java:logGet(43)) - raft.server.rpc.timeout.max = 5200ms (custom)
2019-09-19 17:00:08,763 [pool-60-thread-1] INFO  server.RaftServerConfigKeys (ConfUtils.java:logGet(43)) - raft.server.rpcslowness.timeout = 120s (custom)
2019-09-19 17:00:08,763 [pool-60-thread-1] INFO  server.RaftServerConfigKeys (ConfUtils.java:logGet(43)) - raft.server.sleep.deviation.threshold = 300 (default)
2019-09-19 17:00:08,763 [pool-60-thread-1] INFO  server.RaftServerConfigKeys (ConfUtils.java:logGet(43)) - raft.server.log.appender.install.snapshot.enabled = false (custom)
2019-09-19 17:00:08,764 [pool-60-thread-1] INFO  impl.RaftServerImpl (ServerState.java:<init>(105)) - 5f94c5ea-0d2c-486e-937b-d09fa3478732:group-4AF8265F4643 ConfigurationManager, init=-1: [5f94c5ea-0d2c-486e-937b-d09fa3478732:192.168.157.226:34563], old=null, confs=<EMPTY_MAP>
2019-09-19 17:00:08,764 [pool-60-thread-1] INFO  server.RaftServerConfigKeys (ConfUtils.java:logGet(43)) - raft.server.storage.dir = [/workdir/hadoop-ozone/tools/target/test-dir/MiniOzoneClusterImpl-53329b5c-158c-4202-b54c-282115de494f/datanode-3/data/ratis] (custom)
2019-09-19 17:00:08,764 [pool-60-thread-1] INFO  storage.RaftStorageDirectory (RaftStorageDirectory.java:analyzeStorage(246)) - The storage directory /workdir/hadoop-ozone/tools/target/test-dir/MiniOzoneClusterImpl-53329b5c-158c-4202-b54c-282115de494f/datanode-3/data/ratis/f77739d4-c06b-4810-802a-4af8265f4643 does not exist. Creating ...
2019-09-19 17:00:08,777 [pool-60-thread-1] INFO  storage.RaftStorageDirectory (RaftStorageDirectory.java:tryLock(328)) - Lock on /workdir/hadoop-ozone/tools/target/test-dir/MiniOzoneClusterImpl-53329b5c-158c-4202-b54c-282115de494f/datanode-3/data/ratis/f77739d4-c06b-4810-802a-4af8265f4643/in_use.lock acquired by nodename 24801@pr-hdds-1569-swxfz-3172132826
2019-09-19 17:00:08,789 | INFO  | SCMAudit | user=jenkins1000 | ip=192.168.157.226 | op=SEND_HEARTBEAT {datanodeUUID=c64ef6ee-91bc-492f-96d3-e3ad2b12297f, command=[]} | ret=SUCCESS |  
2019-09-19 17:00:08,790 [pool-60-thread-1] INFO  storage.RaftStorage (RaftStorage.java:format(72)) - Storage directory /workdir/hadoop-ozone/tools/target/test-dir/MiniOzoneClusterImpl-53329b5c-158c-4202-b54c-282115de494f/datanode-3/data/ratis/f77739d4-c06b-4810-802a-4af8265f4643 has been successfully formatted.
2019-09-19 17:00:08,790 [pool-60-thread-1] INFO  ratis.ContainerStateMachine (ContainerStateMachine.java:loadSnapshot(226)) - group-4AF8265F4643: The snapshot info is null. Setting the last applied indexto:(t:0, i:~)
2019-09-19 17:00:08,791 [pool-60-thread-1] INFO  server.RaftServerConfigKeys (ConfUtils.java:logGet(43)) - raft.server.leader.election.timeout = 120s (custom)
2019-09-19 17:00:08,791 [pool-60-thread-1] INFO  server.RaftServerConfigKeys (ConfUtils.java:logGet(43)) - raft.server.log.use.memory = false (default)
2019-09-19 17:00:08,791 [pool-60-thread-1] INFO  server.RaftServerConfigKeys (ConfUtils.java:logGet(43)) - raft.server.log.purge.gap = 1000000 (custom)
2019-09-19 17:00:08,791 [pool-60-thread-1] INFO  server.RaftServerConfigKeys (ConfUtils.java:logGet(43)) - raft.server.log.appender.buffer.byte-limit = 33554432 (custom)
2019-09-19 17:00:08,791 [pool-60-thread-1] INFO  server.RaftServerConfigKeys (ConfUtils.java:logGet(43)) - raft.server.log.segment.size.max = 1048576 (custom)
2019-09-19 17:00:08,791 [pool-60-thread-1] INFO  server.RaftServerConfigKeys (ConfUtils.java:logGet(43)) - raft.server.log.segment.cache.num.max = 2 (custom)
2019-09-19 17:00:08,792 [pool-60-thread-1] INFO  segmented.SegmentedRaftLogWorker (SegmentedRaftLogWorker.java:<init>(172)) - new 5f94c5ea-0d2c-486e-937b-d09fa3478732-SegmentedRaftLogWorker:Storage Directory /workdir/hadoop-ozone/tools/target/test-dir/MiniOzoneClusterImpl-53329b5c-158c-4202-b54c-282115de494f/datanode-3/data/ratis/f77739d4-c06b-4810-802a-4af8265f4643 for RaftStorage:Storage Directory /workdir/hadoop-ozone/tools/target/test-dir/MiniOzoneClusterImpl-53329b5c-158c-4202-b54c-282115de494f/datanode-3/data/ratis/f77739d4-c06b-4810-802a-4af8265f4643
2019-09-19 17:00:08,792 [pool-60-thread-1] INFO  server.RaftServerConfigKeys (ConfUtils.java:logGet(43)) - raft.server.log.queue.byte-limit = 2147483647 (custom)
2019-09-19 17:00:08,792 [pool-60-thread-1] INFO  server.RaftServerConfigKeys (ConfUtils.java:logGet(43)) - raft.server.log.queue.element-limit = 1024 (custom)
2019-09-19 17:00:08,792 [pool-60-thread-1] INFO  server.RaftServerConfigKeys (ConfUtils.java:logGet(43)) - raft.server.log.segment.size.max = 1048576 (custom)
2019-09-19 17:00:08,792 [pool-60-thread-1] INFO  server.RaftServerConfigKeys (ConfUtils.java:logGet(43)) - raft.server.log.preallocated.size = 16384 (custom)
2019-09-19 17:00:08,792 [pool-60-thread-1] INFO  server.RaftServerConfigKeys (ConfUtils.java:logGet(43)) - raft.server.log.write.buffer.size = 33554432 (custom)
2019-09-19 17:00:08,793 [pool-60-thread-1] INFO  server.RaftServerConfigKeys (ConfUtils.java:logGet(43)) - raft.server.log.force.sync.num = 128 (default)
2019-09-19 17:00:08,793 [pool-60-thread-1] INFO  server.RaftServerConfigKeys (ConfUtils.java:logGet(43)) - raft.server.log.statemachine.data.sync = true (default)
2019-09-19 17:00:08,793 [pool-60-thread-1] INFO  server.RaftServerConfigKeys (ConfUtils.java:logGet(43)) - raft.server.log.statemachine.data.sync.timeout = 10s (default)
2019-09-19 17:00:08,793 [pool-60-thread-1] INFO  server.RaftServerConfigKeys (ConfUtils.java:logGet(43)) - raft.server.log.statemachine.data.sync.timeout.retry = -1 (default)
2019-09-19 17:00:08,793 [pool-60-thread-1] INFO  server.RaftServerConfigKeys (ConfUtils.java:logGet(43)) - raft.server.log.statemachine.data.caching.enabled = true (custom)
2019-09-19 17:00:08,794 [pool-60-thread-1] INFO  segmented.SegmentedRaftLogWorker (SegmentedRaftLogWorker.java:lambda$new$0(132)) - 5f94c5ea-0d2c-486e-937b-d09fa3478732-SegmentedRaftLogWorker:Storage Directory /workdir/hadoop-ozone/tools/target/test-dir/MiniOzoneClusterImpl-53329b5c-158c-4202-b54c-282115de494f/datanode-3/data/ratis/f77739d4-c06b-4810-802a-4af8265f4643: flushIndex: setUnconditionally 0 -> -1
2019-09-19 17:00:08,794 [pool-60-thread-1] INFO  server.RaftServerConfigKeys (ConfUtils.java:logGet(43)) - raft.server.snapshot.auto.trigger.enabled = true (custom)
2019-09-19 17:00:08,794 [pool-60-thread-1] INFO  server.RaftServerConfigKeys (ConfUtils.java:logGet(43)) - raft.server.snapshot.auto.trigger.threshold = 10000 (custom)
2019-09-19 17:00:08,795 [pool-60-thread-1] INFO  server.RaftServerConfigKeys (ConfUtils.java:logGet(43)) - raft.server.retrycache.expirytime = 600000ms (custom)
2019-09-19 17:00:08,795 [pool-60-thread-1] INFO  impl.RaftServerImpl (RaftServerImpl.java:start(180)) - 5f94c5ea-0d2c-486e-937b-d09fa3478732: start group-4AF8265F4643
2019-09-19 17:00:08,795 [pool-60-thread-1] INFO  impl.RaftServerImpl (RaftServerImpl.java:setRole(171)) - 5f94c5ea-0d2c-486e-937b-d09fa3478732:group-4AF8265F4643 changes role from null to FOLLOWER at term 0 for startAsFollower
2019-09-19 17:00:08,795 [pool-60-thread-1] INFO  impl.RoleInfo (RoleInfo.java:updateAndGet(143)) - 5f94c5ea-0d2c-486e-937b-d09fa3478732: start FollowerState
2019-09-19 17:00:08,796 [pool-60-thread-1] INFO  util.JmxRegister (JmxRegister.java:tryRegister(44)) - Successfully registered JMX Bean with object name Ratis:service=RaftServer,group=group-4AF8265F4643,id=5f94c5ea-0d2c-486e-937b-d09fa3478732
2019-09-19 17:00:08,800 [RatisPipelineUtilsThread] INFO  pipeline.PipelineStateManager (PipelineStateManager.java:addPipeline(56)) - Created pipeline Pipeline[ Id: f77739d4-c06b-4810-802a-4af8265f4643, Nodes: 5f94c5ea-0d2c-486e-937b-d09fa3478732{ip: 192.168.157.226, host: pr-hdds-1569-swxfz-3172132826, networkLocation: /default-rack, certSerialId: null}, Type:RATIS, Factor:ONE, State:OPEN]
2019-09-19 17:00:08,802 [RatisPipelineUtilsThread] ERROR pipeline.PipelinePlacementPolicy (PipelinePlacementPolicy.java:meetCriteria(91)) - Pipeline Placement: Doesn't meet the criteria to be viable node. Heaviness: 6
2019-09-19 17:00:08,818 [grpc-default-executor-0] INFO  impl.RaftServerProxy (RaftServerProxy.java:addNew(89)) - e59acbe3-2e53-434b-8aef-eb1faf9f1cb0: addNew group-C548C31C7762:[e59acbe3-2e53-434b-8aef-eb1faf9f1cb0:192.168.157.226:41120] returns group-C548C31C7762:java.util.concurrent.CompletableFuture@658c362c[Not completed]
2019-09-19 17:00:08,820 [pool-38-thread-1] INFO  impl.RaftServerImpl (RaftServerImpl.java:<init>(93)) - e59acbe3-2e53-434b-8aef-eb1faf9f1cb0: new RaftServerImpl for group-C548C31C7762:[e59acbe3-2e53-434b-8aef-eb1faf9f1cb0:192.168.157.226:41120] with ContainerStateMachine:uninitialized
2019-09-19 17:00:08,821 [pool-38-thread-1] INFO  server.RaftServerConfigKeys (ConfUtils.java:logGet(43)) - raft.server.rpc.timeout.min = 5s (custom)
2019-09-19 17:00:08,821 [pool-38-thread-1] INFO  server.RaftServerConfigKeys (ConfUtils.java:logGet(43)) - raft.server.rpc.timeout.max = 5200ms (custom)
2019-09-19 17:00:08,821 [pool-38-thread-1] INFO  server.RaftServerConfigKeys (ConfUtils.java:logGet(43)) - raft.server.rpcslowness.timeout = 120s (custom)
2019-09-19 17:00:08,821 [pool-38-thread-1] INFO  server.RaftServerConfigKeys (ConfUtils.java:logGet(43)) - raft.server.sleep.deviation.threshold = 300 (default)
2019-09-19 17:00:08,821 [pool-38-thread-1] INFO  server.RaftServerConfigKeys (ConfUtils.java:logGet(43)) - raft.server.log.appender.install.snapshot.enabled = false (custom)
2019-09-19 17:00:08,821 [pool-38-thread-1] INFO  impl.RaftServerImpl (ServerState.java:<init>(105)) - e59acbe3-2e53-434b-8aef-eb1faf9f1cb0:group-C548C31C7762 ConfigurationManager, init=-1: [e59acbe3-2e53-434b-8aef-eb1faf9f1cb0:192.168.157.226:41120], old=null, confs=<EMPTY_MAP>
2019-09-19 17:00:08,822 [pool-38-thread-1] INFO  server.RaftServerConfigKeys (ConfUtils.java:logGet(43)) - raft.server.storage.dir = [/workdir/hadoop-ozone/tools/target/test-dir/MiniOzoneClusterImpl-53329b5c-158c-4202-b54c-282115de494f/datanode-1/data/ratis] (custom)
2019-09-19 17:00:08,822 [pool-38-thread-1] INFO  storage.RaftStorageDirectory (RaftStorageDirectory.java:analyzeStorage(246)) - The storage directory /workdir/hadoop-ozone/tools/target/test-dir/MiniOzoneClusterImpl-53329b5c-158c-4202-b54c-282115de494f/datanode-1/data/ratis/eefbf8e6-21c1-46f4-b667-c548c31c7762 does not exist. Creating ...
2019-09-19 17:00:08,835 [pool-38-thread-1] INFO  storage.RaftStorageDirectory (RaftStorageDirectory.java:tryLock(328)) - Lock on /workdir/hadoop-ozone/tools/target/test-dir/MiniOzoneClusterImpl-53329b5c-158c-4202-b54c-282115de494f/datanode-1/data/ratis/eefbf8e6-21c1-46f4-b667-c548c31c7762/in_use.lock acquired by nodename 24801@pr-hdds-1569-swxfz-3172132826
2019-09-19 17:00:08,838 [pool-38-thread-1] INFO  storage.RaftStorage (RaftStorage.java:format(72)) - Storage directory /workdir/hadoop-ozone/tools/target/test-dir/MiniOzoneClusterImpl-53329b5c-158c-4202-b54c-282115de494f/datanode-1/data/ratis/eefbf8e6-21c1-46f4-b667-c548c31c7762 has been successfully formatted.
2019-09-19 17:00:08,839 [pool-38-thread-1] INFO  ratis.ContainerStateMachine (ContainerStateMachine.java:loadSnapshot(226)) - group-C548C31C7762: The snapshot info is null. Setting the last applied indexto:(t:0, i:~)
2019-09-19 17:00:08,839 [pool-38-thread-1] INFO  server.RaftServerConfigKeys (ConfUtils.java:logGet(43)) - raft.server.leader.election.timeout = 120s (custom)
2019-09-19 17:00:08,839 [pool-38-thread-1] INFO  server.RaftServerConfigKeys (ConfUtils.java:logGet(43)) - raft.server.log.use.memory = false (default)
2019-09-19 17:00:08,839 [pool-38-thread-1] INFO  server.RaftServerConfigKeys (ConfUtils.java:logGet(43)) - raft.server.log.purge.gap = 1000000 (custom)
2019-09-19 17:00:08,839 [pool-38-thread-1] INFO  server.RaftServerConfigKeys (ConfUtils.java:logGet(43)) - raft.server.log.appender.buffer.byte-limit = 33554432 (custom)
2019-09-19 17:00:08,840 [pool-38-thread-1] INFO  server.RaftServerConfigKeys (ConfUtils.java:logGet(43)) - raft.server.log.segment.size.max = 1048576 (custom)
2019-09-19 17:00:08,840 [pool-38-thread-1] INFO  server.RaftServerConfigKeys (ConfUtils.java:logGet(43)) - raft.server.log.segment.cache.num.max = 2 (custom)
2019-09-19 17:00:08,840 [pool-38-thread-1] INFO  segmented.SegmentedRaftLogWorker (SegmentedRaftLogWorker.java:<init>(172)) - new e59acbe3-2e53-434b-8aef-eb1faf9f1cb0-SegmentedRaftLogWorker:Storage Directory /workdir/hadoop-ozone/tools/target/test-dir/MiniOzoneClusterImpl-53329b5c-158c-4202-b54c-282115de494f/datanode-1/data/ratis/eefbf8e6-21c1-46f4-b667-c548c31c7762 for RaftStorage:Storage Directory /workdir/hadoop-ozone/tools/target/test-dir/MiniOzoneClusterImpl-53329b5c-158c-4202-b54c-282115de494f/datanode-1/data/ratis/eefbf8e6-21c1-46f4-b667-c548c31c7762
2019-09-19 17:00:08,840 [pool-38-thread-1] INFO  server.RaftServerConfigKeys (ConfUtils.java:logGet(43)) - raft.server.log.queue.byte-limit = 2147483647 (custom)
2019-09-19 17:00:08,840 [pool-38-thread-1] INFO  server.RaftServerConfigKeys (ConfUtils.java:logGet(43)) - raft.server.log.queue.element-limit = 1024 (custom)
2019-09-19 17:00:08,840 [pool-38-thread-1] INFO  server.RaftServerConfigKeys (ConfUtils.java:logGet(43)) - raft.server.log.segment.size.max = 1048576 (custom)
2019-09-19 17:00:08,841 [pool-38-thread-1] INFO  server.RaftServerConfigKeys (ConfUtils.java:logGet(43)) - raft.server.log.preallocated.size = 16384 (custom)
2019-09-19 17:00:08,841 [pool-38-thread-1] INFO  server.RaftServerConfigKeys (ConfUtils.java:logGet(43)) - raft.server.log.write.buffer.size = 33554432 (custom)
2019-09-19 17:00:08,841 [pool-38-thread-1] INFO  server.RaftServerConfigKeys (ConfUtils.java:logGet(43)) - raft.server.log.force.sync.num = 128 (default)
2019-09-19 17:00:08,841 [pool-38-thread-1] INFO  server.RaftServerConfigKeys (ConfUtils.java:logGet(43)) - raft.server.log.statemachine.data.sync = true (default)
2019-09-19 17:00:08,841 [pool-38-thread-1] INFO  server.RaftServerConfigKeys (ConfUtils.java:logGet(43)) - raft.server.log.statemachine.data.sync.timeout = 10s (default)
2019-09-19 17:00:08,841 [pool-38-thread-1] INFO  server.RaftServerConfigKeys (ConfUtils.java:logGet(43)) - raft.server.log.statemachine.data.sync.timeout.retry = -1 (default)
2019-09-19 17:00:08,842 [pool-38-thread-1] INFO  server.RaftServerConfigKeys (ConfUtils.java:logGet(43)) - raft.server.log.statemachine.data.caching.enabled = true (custom)
2019-09-19 17:00:08,842 [pool-38-thread-1] INFO  segmented.SegmentedRaftLogWorker (SegmentedRaftLogWorker.java:lambda$new$0(132)) - e59acbe3-2e53-434b-8aef-eb1faf9f1cb0-SegmentedRaftLogWorker:Storage Directory /workdir/hadoop-ozone/tools/target/test-dir/MiniOzoneClusterImpl-53329b5c-158c-4202-b54c-282115de494f/datanode-1/data/ratis/eefbf8e6-21c1-46f4-b667-c548c31c7762: flushIndex: setUnconditionally 0 -> -1
2019-09-19 17:00:08,842 [pool-38-thread-1] INFO  server.RaftServerConfigKeys (ConfUtils.java:logGet(43)) - raft.server.snapshot.auto.trigger.enabled = true (custom)
2019-09-19 17:00:08,843 [pool-38-thread-1] INFO  server.RaftServerConfigKeys (ConfUtils.java:logGet(43)) - raft.server.snapshot.auto.trigger.threshold = 10000 (custom)
2019-09-19 17:00:08,843 [pool-38-thread-1] INFO  server.RaftServerConfigKeys (ConfUtils.java:logGet(43)) - raft.server.retrycache.expirytime = 600000ms (custom)
2019-09-19 17:00:08,843 [pool-38-thread-1] INFO  impl.RaftServerImpl (RaftServerImpl.java:start(180)) - e59acbe3-2e53-434b-8aef-eb1faf9f1cb0: start group-C548C31C7762
2019-09-19 17:00:08,843 [pool-38-thread-1] INFO  impl.RaftServerImpl (RaftServerImpl.java:setRole(171)) - e59acbe3-2e53-434b-8aef-eb1faf9f1cb0:group-C548C31C7762 changes role from null to FOLLOWER at term 0 for startAsFollower
2019-09-19 17:00:08,843 [pool-38-thread-1] INFO  impl.RoleInfo (RoleInfo.java:updateAndGet(143)) - e59acbe3-2e53-434b-8aef-eb1faf9f1cb0: start FollowerState
2019-09-19 17:00:08,844 [pool-38-thread-1] INFO  util.JmxRegister (JmxRegister.java:tryRegister(44)) - Successfully registered JMX Bean with object name Ratis:service=RaftServer,group=group-C548C31C7762,id=e59acbe3-2e53-434b-8aef-eb1faf9f1cb0
2019-09-19 17:00:08,849 [RatisPipelineUtilsThread] INFO  pipeline.PipelineStateManager (PipelineStateManager.java:addPipeline(56)) - Created pipeline Pipeline[ Id: eefbf8e6-21c1-46f4-b667-c548c31c7762, Nodes: e59acbe3-2e53-434b-8aef-eb1faf9f1cb0{ip: 192.168.157.226, host: pr-hdds-1569-swxfz-3172132826, networkLocation: /default-rack, certSerialId: null}, Type:RATIS, Factor:ONE, State:OPEN]
2019-09-19 17:00:08,851 [RatisPipelineUtilsThread] ERROR pipeline.PipelinePlacementPolicy (PipelinePlacementPolicy.java:meetCriteria(91)) - Pipeline Placement: Doesn't meet the criteria to be viable node. Heaviness: 6
2019-09-19 17:00:08,860 [grpc-default-executor-0] INFO  impl.RaftServerProxy (RaftServerProxy.java:addNew(89)) - 5f94c5ea-0d2c-486e-937b-d09fa3478732: addNew group-895A342C09C4:[5f94c5ea-0d2c-486e-937b-d09fa3478732:192.168.157.226:34563] returns group-895A342C09C4:java.util.concurrent.CompletableFuture@548578fb[Not completed]
2019-09-19 17:00:08,861 [pool-60-thread-1] INFO  impl.RaftServerImpl (RaftServerImpl.java:<init>(93)) - 5f94c5ea-0d2c-486e-937b-d09fa3478732: new RaftServerImpl for group-895A342C09C4:[5f94c5ea-0d2c-486e-937b-d09fa3478732:192.168.157.226:34563] with ContainerStateMachine:uninitialized
2019-09-19 17:00:08,862 [pool-60-thread-1] INFO  server.RaftServerConfigKeys (ConfUtils.java:logGet(43)) - raft.server.rpc.timeout.min = 5s (custom)
2019-09-19 17:00:08,862 [pool-60-thread-1] INFO  server.RaftServerConfigKeys (ConfUtils.java:logGet(43)) - raft.server.rpc.timeout.max = 5200ms (custom)
2019-09-19 17:00:08,862 [pool-60-thread-1] INFO  server.RaftServerConfigKeys (ConfUtils.java:logGet(43)) - raft.server.rpcslowness.timeout = 120s (custom)
2019-09-19 17:00:08,862 [pool-60-thread-1] INFO  server.RaftServerConfigKeys (ConfUtils.java:logGet(43)) - raft.server.sleep.deviation.threshold = 300 (default)
2019-09-19 17:00:08,862 [pool-60-thread-1] INFO  server.RaftServerConfigKeys (ConfUtils.java:logGet(43)) - raft.server.log.appender.install.snapshot.enabled = false (custom)
2019-09-19 17:00:08,862 [pool-60-thread-1] INFO  impl.RaftServerImpl (ServerState.java:<init>(105)) - 5f94c5ea-0d2c-486e-937b-d09fa3478732:group-895A342C09C4 ConfigurationManager, init=-1: [5f94c5ea-0d2c-486e-937b-d09fa3478732:192.168.157.226:34563], old=null, confs=<EMPTY_MAP>
2019-09-19 17:00:08,863 [pool-60-thread-1] INFO  server.RaftServerConfigKeys (ConfUtils.java:logGet(43)) - raft.server.storage.dir = [/workdir/hadoop-ozone/tools/target/test-dir/MiniOzoneClusterImpl-53329b5c-158c-4202-b54c-282115de494f/datanode-3/data/ratis] (custom)
2019-09-19 17:00:08,863 [pool-60-thread-1] INFO  storage.RaftStorageDirectory (RaftStorageDirectory.java:analyzeStorage(246)) - The storage directory /workdir/hadoop-ozone/tools/target/test-dir/MiniOzoneClusterImpl-53329b5c-158c-4202-b54c-282115de494f/datanode-3/data/ratis/18774f8f-be46-4890-84b9-895a342c09c4 does not exist. Creating ...
2019-09-19 17:00:08,866 [pool-60-thread-1] INFO  storage.RaftStorageDirectory (RaftStorageDirectory.java:tryLock(328)) - Lock on /workdir/hadoop-ozone/tools/target/test-dir/MiniOzoneClusterImpl-53329b5c-158c-4202-b54c-282115de494f/datanode-3/data/ratis/18774f8f-be46-4890-84b9-895a342c09c4/in_use.lock acquired by nodename 24801@pr-hdds-1569-swxfz-3172132826
2019-09-19 17:00:08,888 [main] INFO  freon.RandomKeyGenerator (RandomKeyGenerator.java:call(275)) - Number of Threads: 10
2019-09-19 17:00:08,889 [main] INFO  freon.RandomKeyGenerator (RandomKeyGenerator.java:call(280)) - Number of Volumes: 1.
2019-09-19 17:00:08,889 [pool-60-thread-1] INFO  storage.RaftStorage (RaftStorage.java:format(72)) - Storage directory /workdir/hadoop-ozone/tools/target/test-dir/MiniOzoneClusterImpl-53329b5c-158c-4202-b54c-282115de494f/datanode-3/data/ratis/18774f8f-be46-4890-84b9-895a342c09c4 has been successfully formatted.
2019-09-19 17:00:08,889 [main] INFO  freon.RandomKeyGenerator (RandomKeyGenerator.java:call(281)) - Number of Buckets per Volume: 1.
2019-09-19 17:00:08,889 [main] INFO  freon.RandomKeyGenerator (RandomKeyGenerator.java:call(282)) - Number of Keys per Bucket: 1.
2019-09-19 17:00:08,889 [pool-60-thread-1] INFO  ratis.ContainerStateMachine (ContainerStateMachine.java:loadSnapshot(226)) - group-895A342C09C4: The snapshot info is null. Setting the last applied indexto:(t:0, i:~)
2019-09-19 17:00:08,889 [main] INFO  freon.RandomKeyGenerator (RandomKeyGenerator.java:call(283)) - Key size: 20971520 bytes
2019-09-19 17:00:08,889 [pool-60-thread-1] INFO  server.RaftServerConfigKeys (ConfUtils.java:logGet(43)) - raft.server.leader.election.timeout = 120s (custom)
2019-09-19 17:00:08,889 [main] INFO  freon.RandomKeyGenerator (RandomKeyGenerator.java:call(284)) - Buffer size: 4096 bytes
2019-09-19 17:00:08,890 [pool-60-thread-1] INFO  server.RaftServerConfigKeys (ConfUtils.java:logGet(43)) - raft.server.log.use.memory = false (default)
2019-09-19 17:00:08,890 [pool-60-thread-1] INFO  server.RaftServerConfigKeys (ConfUtils.java:logGet(43)) - raft.server.log.purge.gap = 1000000 (custom)
2019-09-19 17:00:08,890 [pool-60-thread-1] INFO  server.RaftServerConfigKeys (ConfUtils.java:logGet(43)) - raft.server.log.appender.buffer.byte-limit = 33554432 (custom)
2019-09-19 17:00:08,890 [pool-60-thread-1] INFO  server.RaftServerConfigKeys (ConfUtils.java:logGet(43)) - raft.server.log.segment.size.max = 1048576 (custom)
2019-09-19 17:00:08,890 [pool-60-thread-1] INFO  server.RaftServerConfigKeys (ConfUtils.java:logGet(43)) - raft.server.log.segment.cache.num.max = 2 (custom)
2019-09-19 17:00:08,890 [pool-60-thread-1] INFO  segmented.SegmentedRaftLogWorker (SegmentedRaftLogWorker.java:<init>(172)) - new 5f94c5ea-0d2c-486e-937b-d09fa3478732-SegmentedRaftLogWorker:Storage Directory /workdir/hadoop-ozone/tools/target/test-dir/MiniOzoneClusterImpl-53329b5c-158c-4202-b54c-282115de494f/datanode-3/data/ratis/18774f8f-be46-4890-84b9-895a342c09c4 for RaftStorage:Storage Directory /workdir/hadoop-ozone/tools/target/test-dir/MiniOzoneClusterImpl-53329b5c-158c-4202-b54c-282115de494f/datanode-3/data/ratis/18774f8f-be46-4890-84b9-895a342c09c4
2019-09-19 17:00:08,891 [pool-60-thread-1] INFO  server.RaftServerConfigKeys (ConfUtils.java:logGet(43)) - raft.server.log.queue.byte-limit = 2147483647 (custom)
2019-09-19 17:00:08,891 [pool-60-thread-1] INFO  server.RaftServerConfigKeys (ConfUtils.java:logGet(43)) - raft.server.log.queue.element-limit = 1024 (custom)
2019-09-19 17:00:08,891 [pool-60-thread-1] INFO  server.RaftServerConfigKeys (ConfUtils.java:logGet(43)) - raft.server.log.segment.size.max = 1048576 (custom)
2019-09-19 17:00:08,891 [pool-60-thread-1] INFO  server.RaftServerConfigKeys (ConfUtils.java:logGet(43)) - raft.server.log.preallocated.size = 16384 (custom)
2019-09-19 17:00:08,891 [pool-60-thread-1] INFO  server.RaftServerConfigKeys (ConfUtils.java:logGet(43)) - raft.server.log.write.buffer.size = 33554432 (custom)
2019-09-19 17:00:08,892 [pool-60-thread-1] INFO  server.RaftServerConfigKeys (ConfUtils.java:logGet(43)) - raft.server.log.force.sync.num = 128 (default)
2019-09-19 17:00:08,893 [pool-60-thread-1] INFO  server.RaftServerConfigKeys (ConfUtils.java:logGet(43)) - raft.server.log.statemachine.data.sync = true (default)
2019-09-19 17:00:08,894 [pool-60-thread-1] INFO  server.RaftServerConfigKeys (ConfUtils.java:logGet(43)) - raft.server.log.statemachine.data.sync.timeout = 10s (default)
2019-09-19 17:00:08,894 [pool-60-thread-1] INFO  server.RaftServerConfigKeys (ConfUtils.java:logGet(43)) - raft.server.log.statemachine.data.sync.timeout.retry = -1 (default)
2019-09-19 17:00:08,894 [main] INFO  freon.RandomKeyGenerator (RandomKeyGenerator.java:call(298)) - Data validation is enabled.
2019-09-19 17:00:08,896 [pool-60-thread-1] INFO  server.RaftServerConfigKeys (ConfUtils.java:logGet(43)) - raft.server.log.statemachine.data.caching.enabled = true (custom)
2019-09-19 17:00:08,896 [pool-60-thread-1] INFO  segmented.SegmentedRaftLogWorker (SegmentedRaftLogWorker.java:lambda$new$0(132)) - 5f94c5ea-0d2c-486e-937b-d09fa3478732-SegmentedRaftLogWorker:Storage Directory /workdir/hadoop-ozone/tools/target/test-dir/MiniOzoneClusterImpl-53329b5c-158c-4202-b54c-282115de494f/datanode-3/data/ratis/18774f8f-be46-4890-84b9-895a342c09c4: flushIndex: setUnconditionally 0 -> -1
2019-09-19 17:00:08,897 [pool-60-thread-1] INFO  server.RaftServerConfigKeys (ConfUtils.java:logGet(43)) - raft.server.snapshot.auto.trigger.enabled = true (custom)
2019-09-19 17:00:08,897 [pool-60-thread-1] INFO  server.RaftServerConfigKeys (ConfUtils.java:logGet(43)) - raft.server.snapshot.auto.trigger.threshold = 10000 (custom)
2019-09-19 17:00:08,897 [pool-60-thread-1] INFO  server.RaftServerConfigKeys (ConfUtils.java:logGet(43)) - raft.server.retrycache.expirytime = 600000ms (custom)
2019-09-19 17:00:08,897 [main] INFO  freon.RandomKeyGenerator (RandomKeyGenerator.java:call(304)) - Starting progress bar Thread.
2019-09-19 17:00:08,897 [pool-60-thread-1] INFO  impl.RaftServerImpl (RaftServerImpl.java:start(180)) - 5f94c5ea-0d2c-486e-937b-d09fa3478732: start group-895A342C09C4
2019-09-19 17:00:08,898 [pool-60-thread-1] INFO  impl.RaftServerImpl (RaftServerImpl.java:setRole(171)) - 5f94c5ea-0d2c-486e-937b-d09fa3478732:group-895A342C09C4 changes role from null to FOLLOWER at term 0 for startAsFollower

2019-09-19 17:00:08,898 [pool-60-thread-1] INFO  impl.RoleInfo (RoleInfo.java:updateAndGet(143)) - 5f94c5ea-0d2c-486e-937b-d09fa3478732: start FollowerState
2019-09-19 17:00:08,898 [pool-60-thread-1] INFO  util.JmxRegister (JmxRegister.java:tryRegister(44)) - Successfully registered JMX Bean with object name Ratis:service=RaftServer,group=group-895A342C09C4,id=5f94c5ea-0d2c-486e-937b-d09fa3478732
 0.00% |█                                                                                                    |  0/1 Time: 0:00:002019-09-19 17:00:08,903 [RatisPipelineUtilsThread] INFO  pipeline.PipelineStateManager (PipelineStateManager.java:addPipeline(56)) - Created pipeline Pipeline[ Id: 18774f8f-be46-4890-84b9-895a342c09c4, Nodes: 5f94c5ea-0d2c-486e-937b-d09fa3478732{ip: 192.168.157.226, host: pr-hdds-1569-swxfz-3172132826, networkLocation: /default-rack, certSerialId: null}, Type:RATIS, Factor:ONE, State:OPEN]
2019-09-19 17:00:08,903 [RatisPipelineUtilsThread] ERROR pipeline.PipelinePlacementPolicy (PipelinePlacementPolicy.java:meetCriteria(91)) - Pipeline Placement: Doesn't meet the criteria to be viable node. Heaviness: 6
2019-09-19 17:00:08,913 [grpc-default-executor-0] INFO  impl.RaftServerProxy (RaftServerProxy.java:addNew(89)) - 5f94c5ea-0d2c-486e-937b-d09fa3478732: addNew group-972F824FD263:[5f94c5ea-0d2c-486e-937b-d09fa3478732:192.168.157.226:34563] returns group-972F824FD263:java.util.concurrent.CompletableFuture@222f587b[Not completed]
2019-09-19 17:00:08,927 [pool-60-thread-1] INFO  impl.RaftServerImpl (RaftServerImpl.java:<init>(93)) - 5f94c5ea-0d2c-486e-937b-d09fa3478732: new RaftServerImpl for group-972F824FD263:[5f94c5ea-0d2c-486e-937b-d09fa3478732:192.168.157.226:34563] with ContainerStateMachine:uninitialized
2019-09-19 17:00:08,927 [pool-60-thread-1] INFO  server.RaftServerConfigKeys (ConfUtils.java:logGet(43)) - raft.server.rpc.timeout.min = 5s (custom)
2019-09-19 17:00:08,928 [pool-60-thread-1] INFO  server.RaftServerConfigKeys (ConfUtils.java:logGet(43)) - raft.server.rpc.timeout.max = 5200ms (custom)
2019-09-19 17:00:08,928 [pool-60-thread-1] INFO  server.RaftServerConfigKeys (ConfUtils.java:logGet(43)) - raft.server.rpcslowness.timeout = 120s (custom)
2019-09-19 17:00:08,928 [pool-60-thread-1] INFO  server.RaftServerConfigKeys (ConfUtils.java:logGet(43)) - raft.server.sleep.deviation.threshold = 300 (default)
2019-09-19 17:00:08,928 [pool-60-thread-1] INFO  server.RaftServerConfigKeys (ConfUtils.java:logGet(43)) - raft.server.log.appender.install.snapshot.enabled = false (custom)
2019-09-19 17:00:08,928 [pool-60-thread-1] INFO  impl.RaftServerImpl (ServerState.java:<init>(105)) - 5f94c5ea-0d2c-486e-937b-d09fa3478732:group-972F824FD263 ConfigurationManager, init=-1: [5f94c5ea-0d2c-486e-937b-d09fa3478732:192.168.157.226:34563], old=null, confs=<EMPTY_MAP>
2019-09-19 17:00:08,928 [pool-60-thread-1] INFO  server.RaftServerConfigKeys (ConfUtils.java:logGet(43)) - raft.server.storage.dir = [/workdir/hadoop-ozone/tools/target/test-dir/MiniOzoneClusterImpl-53329b5c-158c-4202-b54c-282115de494f/datanode-3/data/ratis] (custom)
2019-09-19 17:00:08,929 [pool-60-thread-1] INFO  storage.RaftStorageDirectory (RaftStorageDirectory.java:analyzeStorage(246)) - The storage directory /workdir/hadoop-ozone/tools/target/test-dir/MiniOzoneClusterImpl-53329b5c-158c-4202-b54c-282115de494f/datanode-3/data/ratis/a6cdb6cc-2ab3-4b9b-9e82-972f824fd263 does not exist. Creating ...
2019-09-19 17:00:08,934 [pool-78-thread-1] INFO  rpc.RpcClient (RpcClient.java:createVolume(293)) - Creating Volume: vol-0-43001, with jenkins1000 as owner.
2019-09-19 17:00:08,942 [pool-60-thread-1] INFO  storage.RaftStorageDirectory (RaftStorageDirectory.java:tryLock(328)) - Lock on /workdir/hadoop-ozone/tools/target/test-dir/MiniOzoneClusterImpl-53329b5c-158c-4202-b54c-282115de494f/datanode-3/data/ratis/a6cdb6cc-2ab3-4b9b-9e82-972f824fd263/in_use.lock acquired by nodename 24801@pr-hdds-1569-swxfz-3172132826
2019-09-19 17:00:08,957 [pool-60-thread-1] INFO  storage.RaftStorage (RaftStorage.java:format(72)) - Storage directory /workdir/hadoop-ozone/tools/target/test-dir/MiniOzoneClusterImpl-53329b5c-158c-4202-b54c-282115de494f/datanode-3/data/ratis/a6cdb6cc-2ab3-4b9b-9e82-972f824fd263 has been successfully formatted.
2019-09-19 17:00:08,957 [pool-60-thread-1] INFO  ratis.ContainerStateMachine (ContainerStateMachine.java:loadSnapshot(226)) - group-972F824FD263: The snapshot info is null. Setting the last applied indexto:(t:0, i:~)
2019-09-19 17:00:08,957 [pool-60-thread-1] INFO  server.RaftServerConfigKeys (ConfUtils.java:logGet(43)) - raft.server.leader.election.timeout = 120s (custom)
2019-09-19 17:00:08,957 [pool-60-thread-1] INFO  server.RaftServerConfigKeys (ConfUtils.java:logGet(43)) - raft.server.log.use.memory = false (default)
2019-09-19 17:00:08,958 [pool-60-thread-1] INFO  server.RaftServerConfigKeys (ConfUtils.java:logGet(43)) - raft.server.log.purge.gap = 1000000 (custom)
2019-09-19 17:00:08,958 [pool-60-thread-1] INFO  server.RaftServerConfigKeys (ConfUtils.java:logGet(43)) - raft.server.log.appender.buffer.byte-limit = 33554432 (custom)
2019-09-19 17:00:08,958 [pool-60-thread-1] INFO  server.RaftServerConfigKeys (ConfUtils.java:logGet(43)) - raft.server.log.segment.size.max = 1048576 (custom)
2019-09-19 17:00:08,958 [pool-60-thread-1] INFO  server.RaftServerConfigKeys (ConfUtils.java:logGet(43)) - raft.server.log.segment.cache.num.max = 2 (custom)
2019-09-19 17:00:08,958 [pool-60-thread-1] INFO  segmented.SegmentedRaftLogWorker (SegmentedRaftLogWorker.java:<init>(172)) - new 5f94c5ea-0d2c-486e-937b-d09fa3478732-SegmentedRaftLogWorker:Storage Directory /workdir/hadoop-ozone/tools/target/test-dir/MiniOzoneClusterImpl-53329b5c-158c-4202-b54c-282115de494f/datanode-3/data/ratis/a6cdb6cc-2ab3-4b9b-9e82-972f824fd263 for RaftStorage:Storage Directory /workdir/hadoop-ozone/tools/target/test-dir/MiniOzoneClusterImpl-53329b5c-158c-4202-b54c-282115de494f/datanode-3/data/ratis/a6cdb6cc-2ab3-4b9b-9e82-972f824fd263
2019-09-19 17:00:08,959 [pool-60-thread-1] INFO  server.RaftServerConfigKeys (ConfUtils.java:logGet(43)) - raft.server.log.queue.byte-limit = 2147483647 (custom)
2019-09-19 17:00:08,959 [pool-60-thread-1] INFO  server.RaftServerConfigKeys (ConfUtils.java:logGet(43)) - raft.server.log.queue.element-limit = 1024 (custom)
2019-09-19 17:00:08,959 [pool-60-thread-1] INFO  server.RaftServerConfigKeys (ConfUtils.java:logGet(43)) - raft.server.log.segment.size.max = 1048576 (custom)
2019-09-19 17:00:08,959 [pool-60-thread-1] INFO  server.RaftServerConfigKeys (ConfUtils.java:logGet(43)) - raft.server.log.preallocated.size = 16384 (custom)
2019-09-19 17:00:08,959 [pool-60-thread-1] INFO  server.RaftServerConfigKeys (ConfUtils.java:logGet(43)) - raft.server.log.write.buffer.size = 33554432 (custom)
2019-09-19 17:00:08,959 [pool-60-thread-1] INFO  server.RaftServerConfigKeys (ConfUtils.java:logGet(43)) - raft.server.log.force.sync.num = 128 (default)
2019-09-19 17:00:08,960 [pool-60-thread-1] INFO  server.RaftServerConfigKeys (ConfUtils.java:logGet(43)) - raft.server.log.statemachine.data.sync = true (default)
2019-09-19 17:00:08,960 [pool-60-thread-1] INFO  server.RaftServerConfigKeys (ConfUtils.java:logGet(43)) - raft.server.log.statemachine.data.sync.timeout = 10s (default)
2019-09-19 17:00:08,960 [pool-60-thread-1] INFO  server.RaftServerConfigKeys (ConfUtils.java:logGet(43)) - raft.server.log.statemachine.data.sync.timeout.retry = -1 (default)
2019-09-19 17:00:08,960 [pool-60-thread-1] INFO  server.RaftServerConfigKeys (ConfUtils.java:logGet(43)) - raft.server.log.statemachine.data.caching.enabled = true (custom)
2019-09-19 17:00:08,961 [pool-60-thread-1] INFO  segmented.SegmentedRaftLogWorker (SegmentedRaftLogWorker.java:lambda$new$0(132)) - 5f94c5ea-0d2c-486e-937b-d09fa3478732-SegmentedRaftLogWorker:Storage Directory /workdir/hadoop-ozone/tools/target/test-dir/MiniOzoneClusterImpl-53329b5c-158c-4202-b54c-282115de494f/datanode-3/data/ratis/a6cdb6cc-2ab3-4b9b-9e82-972f824fd263: flushIndex: setUnconditionally 0 -> -1
2019-09-19 17:00:08,961 [pool-60-thread-1] INFO  server.RaftServerConfigKeys (ConfUtils.java:logGet(43)) - raft.server.snapshot.auto.trigger.enabled = true (custom)
2019-09-19 17:00:08,962 [pool-60-thread-1] INFO  server.RaftServerConfigKeys (ConfUtils.java:logGet(43)) - raft.server.snapshot.auto.trigger.threshold = 10000 (custom)
2019-09-19 17:00:08,962 [pool-60-thread-1] INFO  server.RaftServerConfigKeys (ConfUtils.java:logGet(43)) - raft.server.retrycache.expirytime = 600000ms (custom)
2019-09-19 17:00:08,962 [pool-60-thread-1] INFO  impl.RaftServerImpl (RaftServerImpl.java:start(180)) - 5f94c5ea-0d2c-486e-937b-d09fa3478732: start group-972F824FD263
2019-09-19 17:00:08,962 [pool-60-thread-1] INFO  impl.RaftServerImpl (RaftServerImpl.java:setRole(171)) - 5f94c5ea-0d2c-486e-937b-d09fa3478732:group-972F824FD263 changes role from null to FOLLOWER at term 0 for startAsFollower
2019-09-19 17:00:08,963 [pool-60-thread-1] INFO  impl.RoleInfo (RoleInfo.java:updateAndGet(143)) - 5f94c5ea-0d2c-486e-937b-d09fa3478732: start FollowerState
2019-09-19 17:00:08,963 [pool-60-thread-1] INFO  util.JmxRegister (JmxRegister.java:tryRegister(44)) - Successfully registered JMX Bean with object name Ratis:service=RaftServer,group=group-972F824FD263,id=5f94c5ea-0d2c-486e-937b-d09fa3478732
2019-09-19 17:00:08,969 [RatisPipelineUtilsThread] INFO  pipeline.PipelineStateManager (PipelineStateManager.java:addPipeline(56)) - Created pipeline Pipeline[ Id: a6cdb6cc-2ab3-4b9b-9e82-972f824fd263, Nodes: 5f94c5ea-0d2c-486e-937b-d09fa3478732{ip: 192.168.157.226, host: pr-hdds-1569-swxfz-3172132826, networkLocation: /default-rack, certSerialId: null}, Type:RATIS, Factor:ONE, State:OPEN]
2019-09-19 17:00:08,971 [RatisPipelineUtilsThread] ERROR pipeline.PipelinePlacementPolicy (PipelinePlacementPolicy.java:meetCriteria(91)) - Pipeline Placement: Doesn't meet the criteria to be viable node. Heaviness: 6
2019-09-19 17:00:08,965 | INFO  | OMAudit | user=jenkins1000 | ip=127.0.0.1 | op=CREATE_VOLUME {admin=jenkins1000, owner=jenkins1000, volume=vol-0-43001, creationTime=1568912408958, quotaInBytes=1152921504606846976} | ret=SUCCESS |  
2019-09-19 17:00:08,983 | INFO  | SCMAudit | user=jenkins1000 | ip=192.168.157.226 | op=SEND_HEARTBEAT {datanodeUUID=5f94c5ea-0d2c-486e-937b-d09fa3478732, command=[]} | ret=SUCCESS |  
2019-09-19 17:00:08,992 [grpc-default-executor-0] INFO  impl.RaftServerProxy (RaftServerProxy.java:addNew(89)) - 5f94c5ea-0d2c-486e-937b-d09fa3478732: addNew group-7F75A3A96225:[5f94c5ea-0d2c-486e-937b-d09fa3478732:192.168.157.226:34563] returns group-7F75A3A96225:java.util.concurrent.CompletableFuture@25308436[Not completed]
2019-09-19 17:00:08,994 | INFO  | OMAudit | user=jenkins1000 | ip=127.0.0.1 | op=READ_VOLUME {volume=vol-0-43001} | ret=SUCCESS |  
2019-09-19 17:00:08,996 [pool-60-thread-1] INFO  impl.RaftServerImpl (RaftServerImpl.java:<init>(93)) - 5f94c5ea-0d2c-486e-937b-d09fa3478732: new RaftServerImpl for group-7F75A3A96225:[5f94c5ea-0d2c-486e-937b-d09fa3478732:192.168.157.226:34563] with ContainerStateMachine:uninitialized
2019-09-19 17:00:08,996 [pool-60-thread-1] INFO  server.RaftServerConfigKeys (ConfUtils.java:logGet(43)) - raft.server.rpc.timeout.min = 5s (custom)
2019-09-19 17:00:08,996 [pool-60-thread-1] INFO  server.RaftServerConfigKeys (ConfUtils.java:logGet(43)) - raft.server.rpc.timeout.max = 5200ms (custom)
2019-09-19 17:00:08,996 [pool-60-thread-1] INFO  server.RaftServerConfigKeys (ConfUtils.java:logGet(43)) - raft.server.rpcslowness.timeout = 120s (custom)
2019-09-19 17:00:08,996 [pool-60-thread-1] INFO  server.RaftServerConfigKeys (ConfUtils.java:logGet(43)) - raft.server.sleep.deviation.threshold = 300 (default)
2019-09-19 17:00:08,997 [pool-60-thread-1] INFO  server.RaftServerConfigKeys (ConfUtils.java:logGet(43)) - raft.server.log.appender.install.snapshot.enabled = false (custom)
2019-09-19 17:00:08,997 [pool-60-thread-1] INFO  impl.RaftServerImpl (ServerState.java:<init>(105)) - 5f94c5ea-0d2c-486e-937b-d09fa3478732:group-7F75A3A96225 ConfigurationManager, init=-1: [5f94c5ea-0d2c-486e-937b-d09fa3478732:192.168.157.226:34563], old=null, confs=<EMPTY_MAP>
2019-09-19 17:00:08,997 [pool-60-thread-1] INFO  server.RaftServerConfigKeys (ConfUtils.java:logGet(43)) - raft.server.storage.dir = [/workdir/hadoop-ozone/tools/target/test-dir/MiniOzoneClusterImpl-53329b5c-158c-4202-b54c-282115de494f/datanode-3/data/ratis] (custom)
2019-09-19 17:00:09,001 [pool-60-thread-1] INFO  storage.RaftStorageDirectory (RaftStorageDirectory.java:analyzeStorage(246)) - The storage directory /workdir/hadoop-ozone/tools/target/test-dir/MiniOzoneClusterImpl-53329b5c-158c-4202-b54c-282115de494f/datanode-3/data/ratis/3b0cf2a7-49e2-484c-8e0f-7f75a3a96225 does not exist. Creating ...
2019-09-19 17:00:09,014 [pool-78-thread-2] INFO  rpc.RpcClient (RpcClient.java:createBucket(432)) - Creating Bucket: vol-0-43001/bucket-0-86390, with Versioning false and Storage Type set to DISK and Encryption set to false 
2019-09-19 17:00:09,024 [pool-60-thread-1] INFO  storage.RaftStorageDirectory (RaftStorageDirectory.java:tryLock(328)) - Lock on /workdir/hadoop-ozone/tools/target/test-dir/MiniOzoneClusterImpl-53329b5c-158c-4202-b54c-282115de494f/datanode-3/data/ratis/3b0cf2a7-49e2-484c-8e0f-7f75a3a96225/in_use.lock acquired by nodename 24801@pr-hdds-1569-swxfz-3172132826
2019-09-19 17:00:09,037 [pool-60-thread-1] INFO  storage.RaftStorage (RaftStorage.java:format(72)) - Storage directory /workdir/hadoop-ozone/tools/target/test-dir/MiniOzoneClusterImpl-53329b5c-158c-4202-b54c-282115de494f/datanode-3/data/ratis/3b0cf2a7-49e2-484c-8e0f-7f75a3a96225 has been successfully formatted.
2019-09-19 17:00:09,037 [pool-60-thread-1] INFO  ratis.ContainerStateMachine (ContainerStateMachine.java:loadSnapshot(226)) - group-7F75A3A96225: The snapshot info is null. Setting the last applied indexto:(t:0, i:~)
2019-09-19 17:00:09,037 | INFO  | OMAudit | user=jenkins1000 | ip=127.0.0.1 | op=CREATE_BUCKET {volume=vol-0-43001, bucket=bucket-0-86390, acls=[user:jenkins1000:a[ACCESS], group:default:a[ACCESS]], isVersionEnabled=false, storageType=DISK, creationTime=0} | ret=SUCCESS |  
2019-09-19 17:00:09,037 [pool-60-thread-1] INFO  server.RaftServerConfigKeys (ConfUtils.java:logGet(43)) - raft.server.leader.election.timeout = 120s (custom)
2019-09-19 17:00:09,038 [pool-60-thread-1] INFO  server.RaftServerConfigKeys (ConfUtils.java:logGet(43)) - raft.server.log.use.memory = false (default)
2019-09-19 17:00:09,038 [pool-60-thread-1] INFO  server.RaftServerConfigKeys (ConfUtils.java:logGet(43)) - raft.server.log.purge.gap = 1000000 (custom)
2019-09-19 17:00:09,038 [pool-60-thread-1] INFO  server.RaftServerConfigKeys (ConfUtils.java:logGet(43)) - raft.server.log.appender.buffer.byte-limit = 33554432 (custom)
2019-09-19 17:00:09,038 [pool-60-thread-1] INFO  server.RaftServerConfigKeys (ConfUtils.java:logGet(43)) - raft.server.log.segment.size.max = 1048576 (custom)
2019-09-19 17:00:09,039 [pool-60-thread-1] INFO  server.RaftServerConfigKeys (ConfUtils.java:logGet(43)) - raft.server.log.segment.cache.num.max = 2 (custom)
2019-09-19 17:00:09,039 [pool-60-thread-1] INFO  segmented.SegmentedRaftLogWorker (SegmentedRaftLogWorker.java:<init>(172)) - new 5f94c5ea-0d2c-486e-937b-d09fa3478732-SegmentedRaftLogWorker:Storage Directory /workdir/hadoop-ozone/tools/target/test-dir/MiniOzoneClusterImpl-53329b5c-158c-4202-b54c-282115de494f/datanode-3/data/ratis/3b0cf2a7-49e2-484c-8e0f-7f75a3a96225 for RaftStorage:Storage Directory /workdir/hadoop-ozone/tools/target/test-dir/MiniOzoneClusterImpl-53329b5c-158c-4202-b54c-282115de494f/datanode-3/data/ratis/3b0cf2a7-49e2-484c-8e0f-7f75a3a96225
2019-09-19 17:00:09,039 [pool-60-thread-1] INFO  server.RaftServerConfigKeys (ConfUtils.java:logGet(43)) - raft.server.log.queue.byte-limit = 2147483647 (custom)
2019-09-19 17:00:09,039 [pool-60-thread-1] INFO  server.RaftServerConfigKeys (ConfUtils.java:logGet(43)) - raft.server.log.queue.element-limit = 1024 (custom)
2019-09-19 17:00:09,039 [pool-60-thread-1] INFO  server.RaftServerConfigKeys (ConfUtils.java:logGet(43)) - raft.server.log.segment.size.max = 1048576 (custom)
2019-09-19 17:00:09,040 [pool-60-thread-1] INFO  server.RaftServerConfigKeys (ConfUtils.java:logGet(43)) - raft.server.log.preallocated.size = 16384 (custom)
2019-09-19 17:00:09,040 [pool-60-thread-1] INFO  server.RaftServerConfigKeys (ConfUtils.java:logGet(43)) - raft.server.log.write.buffer.size = 33554432 (custom)
2019-09-19 17:00:09,040 [pool-60-thread-1] INFO  server.RaftServerConfigKeys (ConfUtils.java:logGet(43)) - raft.server.log.force.sync.num = 128 (default)
2019-09-19 17:00:09,040 [pool-60-thread-1] INFO  server.RaftServerConfigKeys (ConfUtils.java:logGet(43)) - raft.server.log.statemachine.data.sync = true (default)
2019-09-19 17:00:09,040 [pool-60-thread-1] INFO  server.RaftServerConfigKeys (ConfUtils.java:logGet(43)) - raft.server.log.statemachine.data.sync.timeout = 10s (default)
2019-09-19 17:00:09,041 [pool-60-thread-1] INFO  server.RaftServerConfigKeys (ConfUtils.java:logGet(43)) - raft.server.log.statemachine.data.sync.timeout.retry = -1 (default)
2019-09-19 17:00:09,041 [pool-60-thread-1] INFO  server.RaftServerConfigKeys (ConfUtils.java:logGet(43)) - raft.server.log.statemachine.data.caching.enabled = true (custom)
2019-09-19 17:00:09,041 [pool-60-thread-1] INFO  segmented.SegmentedRaftLogWorker (SegmentedRaftLogWorker.java:lambda$new$0(132)) - 5f94c5ea-0d2c-486e-937b-d09fa3478732-SegmentedRaftLogWorker:Storage Directory /workdir/hadoop-ozone/tools/target/test-dir/MiniOzoneClusterImpl-53329b5c-158c-4202-b54c-282115de494f/datanode-3/data/ratis/3b0cf2a7-49e2-484c-8e0f-7f75a3a96225: flushIndex: setUnconditionally 0 -> -1
2019-09-19 17:00:09,042 [pool-60-thread-1] INFO  server.RaftServerConfigKeys (ConfUtils.java:logGet(43)) - raft.server.snapshot.auto.trigger.enabled = true (custom)
2019-09-19 17:00:09,055 [pool-60-thread-1] INFO  server.RaftServerConfigKeys (ConfUtils.java:logGet(43)) - raft.server.snapshot.auto.trigger.threshold = 10000 (custom)
2019-09-19 17:00:09,055 [pool-60-thread-1] INFO  server.RaftServerConfigKeys (ConfUtils.java:logGet(43)) - raft.server.retrycache.expirytime = 600000ms (custom)
2019-09-19 17:00:09,055 [pool-60-thread-1] INFO  impl.RaftServerImpl (RaftServerImpl.java:start(180)) - 5f94c5ea-0d2c-486e-937b-d09fa3478732: start group-7F75A3A96225
2019-09-19 17:00:09,055 [pool-60-thread-1] INFO  impl.RaftServerImpl (RaftServerImpl.java:setRole(171)) - 5f94c5ea-0d2c-486e-937b-d09fa3478732:group-7F75A3A96225 changes role from null to FOLLOWER at term 0 for startAsFollower
2019-09-19 17:00:09,056 [pool-60-thread-1] INFO  impl.RoleInfo (RoleInfo.java:updateAndGet(143)) - 5f94c5ea-0d2c-486e-937b-d09fa3478732: start FollowerState
2019-09-19 17:00:09,056 [pool-60-thread-1] INFO  util.JmxRegister (JmxRegister.java:tryRegister(44)) - Successfully registered JMX Bean with object name Ratis:service=RaftServer,group=group-7F75A3A96225,id=5f94c5ea-0d2c-486e-937b-d09fa3478732
2019-09-19 17:00:09,058 | INFO  | OMAudit | user=jenkins1000 | ip=127.0.0.1 | op=READ_BUCKET {volume=vol-0-43001, bucket=bucket-0-86390} | ret=SUCCESS |  
2019-09-19 17:00:09,063 [RatisPipelineUtilsThread] INFO  pipeline.PipelineStateManager (PipelineStateManager.java:addPipeline(56)) - Created pipeline Pipeline[ Id: 3b0cf2a7-49e2-484c-8e0f-7f75a3a96225, Nodes: 5f94c5ea-0d2c-486e-937b-d09fa3478732{ip: 192.168.157.226, host: pr-hdds-1569-swxfz-3172132826, networkLocation: /default-rack, certSerialId: null}, Type:RATIS, Factor:ONE, State:OPEN]
2019-09-19 17:00:09,065 [RatisPipelineUtilsThread] ERROR pipeline.PipelinePlacementPolicy (PipelinePlacementPolicy.java:meetCriteria(91)) - Pipeline Placement: Doesn't meet the criteria to be viable node. Heaviness: 6
2019-09-19 17:00:09,065 [RatisPipelineUtilsThread] ERROR pipeline.PipelinePlacementPolicy (PipelinePlacementPolicy.java:meetCriteria(91)) - Pipeline Placement: Doesn't meet the criteria to be viable node. Heaviness: 6
2019-09-19 17:00:09,095 [grpc-default-executor-0] INFO  impl.RaftServerProxy (RaftServerProxy.java:addNew(89)) - e59acbe3-2e53-434b-8aef-eb1faf9f1cb0: addNew group-177593880083:[e59acbe3-2e53-434b-8aef-eb1faf9f1cb0:192.168.157.226:41120] returns group-177593880083:java.util.concurrent.CompletableFuture@6abb7d46[Not completed]
2019-09-19 17:00:09,097 [pool-38-thread-1] INFO  impl.RaftServerImpl (RaftServerImpl.java:<init>(93)) - e59acbe3-2e53-434b-8aef-eb1faf9f1cb0: new RaftServerImpl for group-177593880083:[e59acbe3-2e53-434b-8aef-eb1faf9f1cb0:192.168.157.226:41120] with ContainerStateMachine:uninitialized
2019-09-19 17:00:09,097 [pool-38-thread-1] INFO  server.RaftServerConfigKeys (ConfUtils.java:logGet(43)) - raft.server.rpc.timeout.min = 5s (custom)
2019-09-19 17:00:09,097 [pool-38-thread-1] INFO  server.RaftServerConfigKeys (ConfUtils.java:logGet(43)) - raft.server.rpc.timeout.max = 5200ms (custom)
2019-09-19 17:00:09,098 [pool-38-thread-1] INFO  server.RaftServerConfigKeys (ConfUtils.java:logGet(43)) - raft.server.rpcslowness.timeout = 120s (custom)
2019-09-19 17:00:09,098 [pool-38-thread-1] INFO  server.RaftServerConfigKeys (ConfUtils.java:logGet(43)) - raft.server.sleep.deviation.threshold = 300 (default)
2019-09-19 17:00:09,098 [pool-38-thread-1] INFO  server.RaftServerConfigKeys (ConfUtils.java:logGet(43)) - raft.server.log.appender.install.snapshot.enabled = false (custom)
2019-09-19 17:00:09,098 [pool-38-thread-1] INFO  impl.RaftServerImpl (ServerState.java:<init>(105)) - e59acbe3-2e53-434b-8aef-eb1faf9f1cb0:group-177593880083 ConfigurationManager, init=-1: [e59acbe3-2e53-434b-8aef-eb1faf9f1cb0:192.168.157.226:41120], old=null, confs=<EMPTY_MAP>
2019-09-19 17:00:09,098 [pool-38-thread-1] INFO  server.RaftServerConfigKeys (ConfUtils.java:logGet(43)) - raft.server.storage.dir = [/workdir/hadoop-ozone/tools/target/test-dir/MiniOzoneClusterImpl-53329b5c-158c-4202-b54c-282115de494f/datanode-1/data/ratis] (custom)
2019-09-19 17:00:09,099 [pool-38-thread-1] INFO  storage.RaftStorageDirectory (RaftStorageDirectory.java:analyzeStorage(246)) - The storage directory /workdir/hadoop-ozone/tools/target/test-dir/MiniOzoneClusterImpl-53329b5c-158c-4202-b54c-282115de494f/datanode-1/data/ratis/24eb5cd3-a3f3-4b62-a700-177593880083 does not exist. Creating ...
2019-09-19 17:00:09,113 [pool-38-thread-1] INFO  storage.RaftStorageDirectory (RaftStorageDirectory.java:tryLock(328)) - Lock on /workdir/hadoop-ozone/tools/target/test-dir/MiniOzoneClusterImpl-53329b5c-158c-4202-b54c-282115de494f/datanode-1/data/ratis/24eb5cd3-a3f3-4b62-a700-177593880083/in_use.lock acquired by nodename 24801@pr-hdds-1569-swxfz-3172132826
2019-09-19 17:00:09,126 [pool-38-thread-1] INFO  storage.RaftStorage (RaftStorage.java:format(72)) - Storage directory /workdir/hadoop-ozone/tools/target/test-dir/MiniOzoneClusterImpl-53329b5c-158c-4202-b54c-282115de494f/datanode-1/data/ratis/24eb5cd3-a3f3-4b62-a700-177593880083 has been successfully formatted.
2019-09-19 17:00:09,126 [pool-38-thread-1] INFO  ratis.ContainerStateMachine (ContainerStateMachine.java:loadSnapshot(226)) - group-177593880083: The snapshot info is null. Setting the last applied indexto:(t:0, i:~)
2019-09-19 17:00:09,127 [pool-38-thread-1] INFO  server.RaftServerConfigKeys (ConfUtils.java:logGet(43)) - raft.server.leader.election.timeout = 120s (custom)
2019-09-19 17:00:09,127 [pool-38-thread-1] INFO  server.RaftServerConfigKeys (ConfUtils.java:logGet(43)) - raft.server.log.use.memory = false (default)
2019-09-19 17:00:09,127 [pool-38-thread-1] INFO  server.RaftServerConfigKeys (ConfUtils.java:logGet(43)) - raft.server.log.purge.gap = 1000000 (custom)
2019-09-19 17:00:09,127 [pool-38-thread-1] INFO  server.RaftServerConfigKeys (ConfUtils.java:logGet(43)) - raft.server.log.appender.buffer.byte-limit = 33554432 (custom)
2019-09-19 17:00:09,127 [pool-38-thread-1] INFO  server.RaftServerConfigKeys (ConfUtils.java:logGet(43)) - raft.server.log.segment.size.max = 1048576 (custom)
2019-09-19 17:00:09,127 [pool-38-thread-1] INFO  server.RaftServerConfigKeys (ConfUtils.java:logGet(43)) - raft.server.log.segment.cache.num.max = 2 (custom)
2019-09-19 17:00:09,128 [pool-38-thread-1] INFO  segmented.SegmentedRaftLogWorker (SegmentedRaftLogWorker.java:<init>(172)) - new e59acbe3-2e53-434b-8aef-eb1faf9f1cb0-SegmentedRaftLogWorker:Storage Directory /workdir/hadoop-ozone/tools/target/test-dir/MiniOzoneClusterImpl-53329b5c-158c-4202-b54c-282115de494f/datanode-1/data/ratis/24eb5cd3-a3f3-4b62-a700-177593880083 for RaftStorage:Storage Directory /workdir/hadoop-ozone/tools/target/test-dir/MiniOzoneClusterImpl-53329b5c-158c-4202-b54c-282115de494f/datanode-1/data/ratis/24eb5cd3-a3f3-4b62-a700-177593880083
2019-09-19 17:00:09,128 [pool-38-thread-1] INFO  server.RaftServerConfigKeys (ConfUtils.java:logGet(43)) - raft.server.log.queue.byte-limit = 2147483647 (custom)
2019-09-19 17:00:09,128 [pool-38-thread-1] INFO  server.RaftServerConfigKeys (ConfUtils.java:logGet(43)) - raft.server.log.queue.element-limit = 1024 (custom)
2019-09-19 17:00:09,128 [pool-38-thread-1] INFO  server.RaftServerConfigKeys (ConfUtils.java:logGet(43)) - raft.server.log.segment.size.max = 1048576 (custom)
2019-09-19 17:00:09,128 [pool-38-thread-1] INFO  server.RaftServerConfigKeys (ConfUtils.java:logGet(43)) - raft.server.log.preallocated.size = 16384 (custom)
2019-09-19 17:00:09,128 [pool-38-thread-1] INFO  server.RaftServerConfigKeys (ConfUtils.java:logGet(43)) - raft.server.log.write.buffer.size = 33554432 (custom)
2019-09-19 17:00:09,128 [pool-38-thread-1] INFO  server.RaftServerConfigKeys (ConfUtils.java:logGet(43)) - raft.server.log.force.sync.num = 128 (default)
2019-09-19 17:00:09,129 [pool-38-thread-1] INFO  server.RaftServerConfigKeys (ConfUtils.java:logGet(43)) - raft.server.log.statemachine.data.sync = true (default)
2019-09-19 17:00:09,129 [pool-38-thread-1] INFO  server.RaftServerConfigKeys (ConfUtils.java:logGet(43)) - raft.server.log.statemachine.data.sync.timeout = 10s (default)
2019-09-19 17:00:09,129 [pool-38-thread-1] INFO  server.RaftServerConfigKeys (ConfUtils.java:logGet(43)) - raft.server.log.statemachine.data.sync.timeout.retry = -1 (default)
2019-09-19 17:00:09,129 [pool-38-thread-1] INFO  server.RaftServerConfigKeys (ConfUtils.java:logGet(43)) - raft.server.log.statemachine.data.caching.enabled = true (custom)
2019-09-19 17:00:09,130 [pool-38-thread-1] INFO  segmented.SegmentedRaftLogWorker (SegmentedRaftLogWorker.java:lambda$new$0(132)) - e59acbe3-2e53-434b-8aef-eb1faf9f1cb0-SegmentedRaftLogWorker:Storage Directory /workdir/hadoop-ozone/tools/target/test-dir/MiniOzoneClusterImpl-53329b5c-158c-4202-b54c-282115de494f/datanode-1/data/ratis/24eb5cd3-a3f3-4b62-a700-177593880083: flushIndex: setUnconditionally 0 -> -1
2019-09-19 17:00:09,130 [pool-38-thread-1] INFO  server.RaftServerConfigKeys (ConfUtils.java:logGet(43)) - raft.server.snapshot.auto.trigger.enabled = true (custom)
2019-09-19 17:00:09,130 [pool-38-thread-1] INFO  server.RaftServerConfigKeys (ConfUtils.java:logGet(43)) - raft.server.snapshot.auto.trigger.threshold = 10000 (custom)
2019-09-19 17:00:09,130 [pool-38-thread-1] INFO  server.RaftServerConfigKeys (ConfUtils.java:logGet(43)) - raft.server.retrycache.expirytime = 600000ms (custom)
2019-09-19 17:00:09,131 [pool-38-thread-1] INFO  impl.RaftServerImpl (RaftServerImpl.java:start(180)) - e59acbe3-2e53-434b-8aef-eb1faf9f1cb0: start group-177593880083
2019-09-19 17:00:09,131 [pool-38-thread-1] INFO  impl.RaftServerImpl (RaftServerImpl.java:setRole(171)) - e59acbe3-2e53-434b-8aef-eb1faf9f1cb0:group-177593880083 changes role from null to FOLLOWER at term 0 for startAsFollower
2019-09-19 17:00:09,131 [pool-38-thread-1] INFO  impl.RoleInfo (RoleInfo.java:updateAndGet(143)) - e59acbe3-2e53-434b-8aef-eb1faf9f1cb0: start FollowerState
2019-09-19 17:00:09,136 [pool-38-thread-1] INFO  util.JmxRegister (JmxRegister.java:tryRegister(44)) - Successfully registered JMX Bean with object name Ratis:service=RaftServer,group=group-177593880083,id=e59acbe3-2e53-434b-8aef-eb1faf9f1cb0
2019-09-19 17:00:09,149 [RatisPipelineUtilsThread] INFO  pipeline.PipelineStateManager (PipelineStateManager.java:addPipeline(56)) - Created pipeline Pipeline[ Id: 24eb5cd3-a3f3-4b62-a700-177593880083, Nodes: e59acbe3-2e53-434b-8aef-eb1faf9f1cb0{ip: 192.168.157.226, host: pr-hdds-1569-swxfz-3172132826, networkLocation: /default-rack, certSerialId: null}, Type:RATIS, Factor:ONE, State:OPEN]
2019-09-19 17:00:09,153 [RatisPipelineUtilsThread] ERROR pipeline.PipelinePlacementPolicy (PipelinePlacementPolicy.java:meetCriteria(91)) - Pipeline Placement: Doesn't meet the criteria to be viable node. Heaviness: 6
2019-09-19 17:00:09,153 [RatisPipelineUtilsThread] ERROR pipeline.PipelinePlacementPolicy (PipelinePlacementPolicy.java:meetCriteria(91)) - Pipeline Placement: Doesn't meet the criteria to be viable node. Heaviness: 6
2019-09-19 17:00:09,153 [RatisPipelineUtilsThread] ERROR pipeline.PipelinePlacementPolicy (PipelinePlacementPolicy.java:meetCriteria(91)) - Pipeline Placement: Doesn't meet the criteria to be viable node. Heaviness: 6
2019-09-19 17:00:09,164 [grpc-default-executor-0] INFO  impl.RaftServerProxy (RaftServerProxy.java:addNew(89)) - c64ef6ee-91bc-492f-96d3-e3ad2b12297f: addNew group-3C9F3DD9CE20:[c64ef6ee-91bc-492f-96d3-e3ad2b12297f:192.168.157.226:43735] returns group-3C9F3DD9CE20:java.util.concurrent.CompletableFuture@7adeb7df[Not completed]
2019-09-19 17:00:09,167 [pool-49-thread-1] INFO  impl.RaftServerImpl (RaftServerImpl.java:<init>(93)) - c64ef6ee-91bc-492f-96d3-e3ad2b12297f: new RaftServerImpl for group-3C9F3DD9CE20:[c64ef6ee-91bc-492f-96d3-e3ad2b12297f:192.168.157.226:43735] with ContainerStateMachine:uninitialized
2019-09-19 17:00:09,167 [pool-49-thread-1] INFO  server.RaftServerConfigKeys (ConfUtils.java:logGet(43)) - raft.server.rpc.timeout.min = 5s (custom)
2019-09-19 17:00:09,167 [pool-49-thread-1] INFO  server.RaftServerConfigKeys (ConfUtils.java:logGet(43)) - raft.server.rpc.timeout.max = 5200ms (custom)
2019-09-19 17:00:09,168 [pool-49-thread-1] INFO  server.RaftServerConfigKeys (ConfUtils.java:logGet(43)) - raft.server.rpcslowness.timeout = 120s (custom)
2019-09-19 17:00:09,168 [pool-49-thread-1] INFO  server.RaftServerConfigKeys (ConfUtils.java:logGet(43)) - raft.server.sleep.deviation.threshold = 300 (default)
2019-09-19 17:00:09,168 [pool-49-thread-1] INFO  server.RaftServerConfigKeys (ConfUtils.java:logGet(43)) - raft.server.log.appender.install.snapshot.enabled = false (custom)
2019-09-19 17:00:09,168 [pool-49-thread-1] INFO  impl.RaftServerImpl (ServerState.java:<init>(105)) - c64ef6ee-91bc-492f-96d3-e3ad2b12297f:group-3C9F3DD9CE20 ConfigurationManager, init=-1: [c64ef6ee-91bc-492f-96d3-e3ad2b12297f:192.168.157.226:43735], old=null, confs=<EMPTY_MAP>
2019-09-19 17:00:09,168 [pool-49-thread-1] INFO  server.RaftServerConfigKeys (ConfUtils.java:logGet(43)) - raft.server.storage.dir = [/workdir/hadoop-ozone/tools/target/test-dir/MiniOzoneClusterImpl-53329b5c-158c-4202-b54c-282115de494f/datanode-2/data/ratis] (custom)
2019-09-19 17:00:09,169 [pool-49-thread-1] INFO  storage.RaftStorageDirectory (RaftStorageDirectory.java:analyzeStorage(246)) - The storage directory /workdir/hadoop-ozone/tools/target/test-dir/MiniOzoneClusterImpl-53329b5c-158c-4202-b54c-282115de494f/datanode-2/data/ratis/22ef48ed-dc81-434b-b151-3c9f3dd9ce20 does not exist. Creating ...
2019-09-19 17:00:09,182 [pool-49-thread-1] INFO  storage.RaftStorageDirectory (RaftStorageDirectory.java:tryLock(328)) - Lock on /workdir/hadoop-ozone/tools/target/test-dir/MiniOzoneClusterImpl-53329b5c-158c-4202-b54c-282115de494f/datanode-2/data/ratis/22ef48ed-dc81-434b-b151-3c9f3dd9ce20/in_use.lock acquired by nodename 24801@pr-hdds-1569-swxfz-3172132826
2019-09-19 17:00:09,195 [pool-49-thread-1] INFO  storage.RaftStorage (RaftStorage.java:format(72)) - Storage directory /workdir/hadoop-ozone/tools/target/test-dir/MiniOzoneClusterImpl-53329b5c-158c-4202-b54c-282115de494f/datanode-2/data/ratis/22ef48ed-dc81-434b-b151-3c9f3dd9ce20 has been successfully formatted.
2019-09-19 17:00:09,196 [pool-49-thread-1] INFO  ratis.ContainerStateMachine (ContainerStateMachine.java:loadSnapshot(226)) - group-3C9F3DD9CE20: The snapshot info is null. Setting the last applied indexto:(t:0, i:~)
2019-09-19 17:00:09,196 [pool-49-thread-1] INFO  server.RaftServerConfigKeys (ConfUtils.java:logGet(43)) - raft.server.leader.election.timeout = 120s (custom)
2019-09-19 17:00:09,196 [pool-49-thread-1] INFO  server.RaftServerConfigKeys (ConfUtils.java:logGet(43)) - raft.server.log.use.memory = false (default)
2019-09-19 17:00:09,196 [pool-49-thread-1] INFO  server.RaftServerConfigKeys (ConfUtils.java:logGet(43)) - raft.server.log.purge.gap = 1000000 (custom)
2019-09-19 17:00:09,196 [pool-49-thread-1] INFO  server.RaftServerConfigKeys (ConfUtils.java:logGet(43)) - raft.server.log.appender.buffer.byte-limit = 33554432 (custom)
2019-09-19 17:00:09,197 [pool-49-thread-1] INFO  server.RaftServerConfigKeys (ConfUtils.java:logGet(43)) - raft.server.log.segment.size.max = 1048576 (custom)
2019-09-19 17:00:09,197 [pool-49-thread-1] INFO  server.RaftServerConfigKeys (ConfUtils.java:logGet(43)) - raft.server.log.segment.cache.num.max = 2 (custom)
2019-09-19 17:00:09,197 [pool-49-thread-1] INFO  segmented.SegmentedRaftLogWorker (SegmentedRaftLogWorker.java:<init>(172)) - new c64ef6ee-91bc-492f-96d3-e3ad2b12297f-SegmentedRaftLogWorker:Storage Directory /workdir/hadoop-ozone/tools/target/test-dir/MiniOzoneClusterImpl-53329b5c-158c-4202-b54c-282115de494f/datanode-2/data/ratis/22ef48ed-dc81-434b-b151-3c9f3dd9ce20 for RaftStorage:Storage Directory /workdir/hadoop-ozone/tools/target/test-dir/MiniOzoneClusterImpl-53329b5c-158c-4202-b54c-282115de494f/datanode-2/data/ratis/22ef48ed-dc81-434b-b151-3c9f3dd9ce20
2019-09-19 17:00:09,197 [pool-49-thread-1] INFO  server.RaftServerConfigKeys (ConfUtils.java:logGet(43)) - raft.server.log.queue.byte-limit = 2147483647 (custom)
2019-09-19 17:00:09,197 [pool-49-thread-1] INFO  server.RaftServerConfigKeys (ConfUtils.java:logGet(43)) - raft.server.log.queue.element-limit = 1024 (custom)
2019-09-19 17:00:09,198 [pool-49-thread-1] INFO  server.RaftServerConfigKeys (ConfUtils.java:logGet(43)) - raft.server.log.segment.size.max = 1048576 (custom)
2019-09-19 17:00:09,198 [pool-49-thread-1] INFO  server.RaftServerConfigKeys (ConfUtils.java:logGet(43)) - raft.server.log.preallocated.size = 16384 (custom)
2019-09-19 17:00:09,198 [pool-49-thread-1] INFO  server.RaftServerConfigKeys (ConfUtils.java:logGet(43)) - raft.server.log.write.buffer.size = 33554432 (custom)
2019-09-19 17:00:09,198 [pool-49-thread-1] INFO  server.RaftServerConfigKeys (ConfUtils.java:logGet(43)) - raft.server.log.force.sync.num = 128 (default)
2019-09-19 17:00:09,198 [pool-49-thread-1] INFO  server.RaftServerConfigKeys (ConfUtils.java:logGet(43)) - raft.server.log.statemachine.data.sync = true (default)
2019-09-19 17:00:09,198 [pool-49-thread-1] INFO  server.RaftServerConfigKeys (ConfUtils.java:logGet(43)) - raft.server.log.statemachine.data.sync.timeout = 10s (default)
2019-09-19 17:00:09,199 [pool-49-thread-1] INFO  server.RaftServerConfigKeys (ConfUtils.java:logGet(43)) - raft.server.log.statemachine.data.sync.timeout.retry = -1 (default)
2019-09-19 17:00:09,199 [pool-49-thread-1] INFO  server.RaftServerConfigKeys (ConfUtils.java:logGet(43)) - raft.server.log.statemachine.data.caching.enabled = true (custom)
2019-09-19 17:00:09,199 [pool-49-thread-1] INFO  segmented.SegmentedRaftLogWorker (SegmentedRaftLogWorker.java:lambda$new$0(132)) - c64ef6ee-91bc-492f-96d3-e3ad2b12297f-SegmentedRaftLogWorker:Storage Directory /workdir/hadoop-ozone/tools/target/test-dir/MiniOzoneClusterImpl-53329b5c-158c-4202-b54c-282115de494f/datanode-2/data/ratis/22ef48ed-dc81-434b-b151-3c9f3dd9ce20: flushIndex: setUnconditionally 0 -> -1
2019-09-19 17:00:09,200 [pool-49-thread-1] INFO  server.RaftServerConfigKeys (ConfUtils.java:logGet(43)) - raft.server.snapshot.auto.trigger.enabled = true (custom)
2019-09-19 17:00:09,200 [pool-49-thread-1] INFO  server.RaftServerConfigKeys (ConfUtils.java:logGet(43)) - raft.server.snapshot.auto.trigger.threshold = 10000 (custom)
2019-09-19 17:00:09,200 [pool-49-thread-1] INFO  server.RaftServerConfigKeys (ConfUtils.java:logGet(43)) - raft.server.retrycache.expirytime = 600000ms (custom)
2019-09-19 17:00:09,200 [pool-49-thread-1] INFO  impl.RaftServerImpl (RaftServerImpl.java:start(180)) - c64ef6ee-91bc-492f-96d3-e3ad2b12297f: start group-3C9F3DD9CE20
2019-09-19 17:00:09,200 [pool-49-thread-1] INFO  impl.RaftServerImpl (RaftServerImpl.java:setRole(171)) - c64ef6ee-91bc-492f-96d3-e3ad2b12297f:group-3C9F3DD9CE20 changes role from null to FOLLOWER at term 0 for startAsFollower
2019-09-19 17:00:09,201 [pool-49-thread-1] INFO  impl.RoleInfo (RoleInfo.java:updateAndGet(143)) - c64ef6ee-91bc-492f-96d3-e3ad2b12297f: start FollowerState
2019-09-19 17:00:09,201 [pool-49-thread-1] INFO  util.JmxRegister (JmxRegister.java:tryRegister(44)) - Successfully registered JMX Bean with object name Ratis:service=RaftServer,group=group-3C9F3DD9CE20,id=c64ef6ee-91bc-492f-96d3-e3ad2b12297f
2019-09-19 17:00:09,207 [RatisPipelineUtilsThread] INFO  pipeline.PipelineStateManager (PipelineStateManager.java:addPipeline(56)) - Created pipeline Pipeline[ Id: 22ef48ed-dc81-434b-b151-3c9f3dd9ce20, Nodes: c64ef6ee-91bc-492f-96d3-e3ad2b12297f{ip: 192.168.157.226, host: pr-hdds-1569-swxfz-3172132826, networkLocation: /default-rack, certSerialId: null}, Type:RATIS, Factor:ONE, State:OPEN]
2019-09-19 17:00:09,209 [RatisPipelineUtilsThread] ERROR pipeline.PipelinePlacementPolicy (PipelinePlacementPolicy.java:meetCriteria(91)) - Pipeline Placement: Doesn't meet the criteria to be viable node. Heaviness: 6
2019-09-19 17:00:09,209 [RatisPipelineUtilsThread] ERROR pipeline.PipelinePlacementPolicy (PipelinePlacementPolicy.java:meetCriteria(91)) - Pipeline Placement: Doesn't meet the criteria to be viable node. Heaviness: 6
2019-09-19 17:00:09,209 [RatisPipelineUtilsThread] ERROR pipeline.PipelinePlacementPolicy (PipelinePlacementPolicy.java:meetCriteria(91)) - Pipeline Placement: Doesn't meet the criteria to be viable node. Heaviness: 6
2019-09-19 17:00:09,221 [grpc-default-executor-0] INFO  impl.RaftServerProxy (RaftServerProxy.java:addNew(89)) - c64ef6ee-91bc-492f-96d3-e3ad2b12297f: addNew group-A9BE9C878E91:[c64ef6ee-91bc-492f-96d3-e3ad2b12297f:192.168.157.226:43735] returns group-A9BE9C878E91:java.util.concurrent.CompletableFuture@1446510[Not completed]
2019-09-19 17:00:09,223 [pool-49-thread-1] INFO  impl.RaftServerImpl (RaftServerImpl.java:<init>(93)) - c64ef6ee-91bc-492f-96d3-e3ad2b12297f: new RaftServerImpl for group-A9BE9C878E91:[c64ef6ee-91bc-492f-96d3-e3ad2b12297f:192.168.157.226:43735] with ContainerStateMachine:uninitialized
2019-09-19 17:00:09,223 [pool-49-thread-1] INFO  server.RaftServerConfigKeys (ConfUtils.java:logGet(43)) - raft.server.rpc.timeout.min = 5s (custom)
2019-09-19 17:00:09,223 [pool-49-thread-1] INFO  server.RaftServerConfigKeys (ConfUtils.java:logGet(43)) - raft.server.rpc.timeout.max = 5200ms (custom)
2019-09-19 17:00:09,223 [pool-49-thread-1] INFO  server.RaftServerConfigKeys (ConfUtils.java:logGet(43)) - raft.server.rpcslowness.timeout = 120s (custom)
2019-09-19 17:00:09,223 [pool-49-thread-1] INFO  server.RaftServerConfigKeys (ConfUtils.java:logGet(43)) - raft.server.sleep.deviation.threshold = 300 (default)
2019-09-19 17:00:09,223 [pool-49-thread-1] INFO  server.RaftServerConfigKeys (ConfUtils.java:logGet(43)) - raft.server.log.appender.install.snapshot.enabled = false (custom)
2019-09-19 17:00:09,223 [pool-49-thread-1] INFO  impl.RaftServerImpl (ServerState.java:<init>(105)) - c64ef6ee-91bc-492f-96d3-e3ad2b12297f:group-A9BE9C878E91 ConfigurationManager, init=-1: [c64ef6ee-91bc-492f-96d3-e3ad2b12297f:192.168.157.226:43735], old=null, confs=<EMPTY_MAP>
2019-09-19 17:00:09,224 [pool-49-thread-1] INFO  server.RaftServerConfigKeys (ConfUtils.java:logGet(43)) - raft.server.storage.dir = [/workdir/hadoop-ozone/tools/target/test-dir/MiniOzoneClusterImpl-53329b5c-158c-4202-b54c-282115de494f/datanode-2/data/ratis] (custom)
2019-09-19 17:00:09,224 [pool-49-thread-1] INFO  storage.RaftStorageDirectory (RaftStorageDirectory.java:analyzeStorage(246)) - The storage directory /workdir/hadoop-ozone/tools/target/test-dir/MiniOzoneClusterImpl-53329b5c-158c-4202-b54c-282115de494f/datanode-2/data/ratis/a3cb8fc3-9eb0-449f-acba-a9be9c878e91 does not exist. Creating ...
2019-09-19 17:00:09,237 [pool-49-thread-1] INFO  storage.RaftStorageDirectory (RaftStorageDirectory.java:tryLock(328)) - Lock on /workdir/hadoop-ozone/tools/target/test-dir/MiniOzoneClusterImpl-53329b5c-158c-4202-b54c-282115de494f/datanode-2/data/ratis/a3cb8fc3-9eb0-449f-acba-a9be9c878e91/in_use.lock acquired by nodename 24801@pr-hdds-1569-swxfz-3172132826
2019-09-19 17:00:09,249 [pool-49-thread-1] INFO  storage.RaftStorage (RaftStorage.java:format(72)) - Storage directory /workdir/hadoop-ozone/tools/target/test-dir/MiniOzoneClusterImpl-53329b5c-158c-4202-b54c-282115de494f/datanode-2/data/ratis/a3cb8fc3-9eb0-449f-acba-a9be9c878e91 has been successfully formatted.
2019-09-19 17:00:09,249 [pool-49-thread-1] INFO  ratis.ContainerStateMachine (ContainerStateMachine.java:loadSnapshot(226)) - group-A9BE9C878E91: The snapshot info is null. Setting the last applied indexto:(t:0, i:~)
2019-09-19 17:00:09,250 [pool-49-thread-1] INFO  server.RaftServerConfigKeys (ConfUtils.java:logGet(43)) - raft.server.leader.election.timeout = 120s (custom)
2019-09-19 17:00:09,250 [pool-49-thread-1] INFO  server.RaftServerConfigKeys (ConfUtils.java:logGet(43)) - raft.server.log.use.memory = false (default)
2019-09-19 17:00:09,250 [pool-49-thread-1] INFO  server.RaftServerConfigKeys (ConfUtils.java:logGet(43)) - raft.server.log.purge.gap = 1000000 (custom)
2019-09-19 17:00:09,250 [pool-49-thread-1] INFO  server.RaftServerConfigKeys (ConfUtils.java:logGet(43)) - raft.server.log.appender.buffer.byte-limit = 33554432 (custom)
2019-09-19 17:00:09,250 [pool-49-thread-1] INFO  server.RaftServerConfigKeys (ConfUtils.java:logGet(43)) - raft.server.log.segment.size.max = 1048576 (custom)
2019-09-19 17:00:09,250 [pool-49-thread-1] INFO  server.RaftServerConfigKeys (ConfUtils.java:logGet(43)) - raft.server.log.segment.cache.num.max = 2 (custom)
2019-09-19 17:00:09,250 [pool-49-thread-1] INFO  segmented.SegmentedRaftLogWorker (SegmentedRaftLogWorker.java:<init>(172)) - new c64ef6ee-91bc-492f-96d3-e3ad2b12297f-SegmentedRaftLogWorker:Storage Directory /workdir/hadoop-ozone/tools/target/test-dir/MiniOzoneClusterImpl-53329b5c-158c-4202-b54c-282115de494f/datanode-2/data/ratis/a3cb8fc3-9eb0-449f-acba-a9be9c878e91 for RaftStorage:Storage Directory /workdir/hadoop-ozone/tools/target/test-dir/MiniOzoneClusterImpl-53329b5c-158c-4202-b54c-282115de494f/datanode-2/data/ratis/a3cb8fc3-9eb0-449f-acba-a9be9c878e91
2019-09-19 17:00:09,251 [pool-49-thread-1] INFO  server.RaftServerConfigKeys (ConfUtils.java:logGet(43)) - raft.server.log.queue.byte-limit = 2147483647 (custom)
2019-09-19 17:00:09,251 [pool-49-thread-1] INFO  server.RaftServerConfigKeys (ConfUtils.java:logGet(43)) - raft.server.log.queue.element-limit = 1024 (custom)
2019-09-19 17:00:09,251 [pool-49-thread-1] INFO  server.RaftServerConfigKeys (ConfUtils.java:logGet(43)) - raft.server.log.segment.size.max = 1048576 (custom)
2019-09-19 17:00:09,251 [pool-49-thread-1] INFO  server.RaftServerConfigKeys (ConfUtils.java:logGet(43)) - raft.server.log.preallocated.size = 16384 (custom)
2019-09-19 17:00:09,251 [pool-49-thread-1] INFO  server.RaftServerConfigKeys (ConfUtils.java:logGet(43)) - raft.server.log.write.buffer.size = 33554432 (custom)
2019-09-19 17:00:09,251 [pool-49-thread-1] INFO  server.RaftServerConfigKeys (ConfUtils.java:logGet(43)) - raft.server.log.force.sync.num = 128 (default)
2019-09-19 17:00:09,251 [pool-49-thread-1] INFO  server.RaftServerConfigKeys (ConfUtils.java:logGet(43)) - raft.server.log.statemachine.data.sync = true (default)
2019-09-19 17:00:09,252 [pool-49-thread-1] INFO  server.RaftServerConfigKeys (ConfUtils.java:logGet(43)) - raft.server.log.statemachine.data.sync.timeout = 10s (default)
2019-09-19 17:00:09,252 [pool-49-thread-1] INFO  server.RaftServerConfigKeys (ConfUtils.java:logGet(43)) - raft.server.log.statemachine.data.sync.timeout.retry = -1 (default)
2019-09-19 17:00:09,252 [pool-49-thread-1] INFO  server.RaftServerConfigKeys (ConfUtils.java:logGet(43)) - raft.server.log.statemachine.data.caching.enabled = true (custom)
2019-09-19 17:00:09,252 [pool-49-thread-1] INFO  segmented.SegmentedRaftLogWorker (SegmentedRaftLogWorker.java:lambda$new$0(132)) - c64ef6ee-91bc-492f-96d3-e3ad2b12297f-SegmentedRaftLogWorker:Storage Directory /workdir/hadoop-ozone/tools/target/test-dir/MiniOzoneClusterImpl-53329b5c-158c-4202-b54c-282115de494f/datanode-2/data/ratis/a3cb8fc3-9eb0-449f-acba-a9be9c878e91: flushIndex: setUnconditionally 0 -> -1
2019-09-19 17:00:09,253 [pool-49-thread-1] INFO  server.RaftServerConfigKeys (ConfUtils.java:logGet(43)) - raft.server.snapshot.auto.trigger.enabled = true (custom)
2019-09-19 17:00:09,253 [pool-49-thread-1] INFO  server.RaftServerConfigKeys (ConfUtils.java:logGet(43)) - raft.server.snapshot.auto.trigger.threshold = 10000 (custom)
2019-09-19 17:00:09,253 [pool-49-thread-1] INFO  server.RaftServerConfigKeys (ConfUtils.java:logGet(43)) - raft.server.retrycache.expirytime = 600000ms (custom)
2019-09-19 17:00:09,253 [pool-49-thread-1] INFO  impl.RaftServerImpl (RaftServerImpl.java:start(180)) - c64ef6ee-91bc-492f-96d3-e3ad2b12297f: start group-A9BE9C878E91
2019-09-19 17:00:09,253 [pool-49-thread-1] INFO  impl.RaftServerImpl (RaftServerImpl.java:setRole(171)) - c64ef6ee-91bc-492f-96d3-e3ad2b12297f:group-A9BE9C878E91 changes role from null to FOLLOWER at term 0 for startAsFollower
2019-09-19 17:00:09,253 [pool-49-thread-1] INFO  impl.RoleInfo (RoleInfo.java:updateAndGet(143)) - c64ef6ee-91bc-492f-96d3-e3ad2b12297f: start FollowerState
2019-09-19 17:00:09,254 [pool-49-thread-1] INFO  util.JmxRegister (JmxRegister.java:tryRegister(44)) - Successfully registered JMX Bean with object name Ratis:service=RaftServer,group=group-A9BE9C878E91,id=c64ef6ee-91bc-492f-96d3-e3ad2b12297f
2019-09-19 17:00:09,259 [RatisPipelineUtilsThread] INFO  pipeline.PipelineStateManager (PipelineStateManager.java:addPipeline(56)) - Created pipeline Pipeline[ Id: a3cb8fc3-9eb0-449f-acba-a9be9c878e91, Nodes: c64ef6ee-91bc-492f-96d3-e3ad2b12297f{ip: 192.168.157.226, host: pr-hdds-1569-swxfz-3172132826, networkLocation: /default-rack, certSerialId: null}, Type:RATIS, Factor:ONE, State:OPEN]
2019-09-19 17:00:09,260 [RatisPipelineUtilsThread] ERROR pipeline.PipelinePlacementPolicy (PipelinePlacementPolicy.java:meetCriteria(91)) - Pipeline Placement: Doesn't meet the criteria to be viable node. Heaviness: 6
2019-09-19 17:00:09,261 [RatisPipelineUtilsThread] ERROR pipeline.PipelinePlacementPolicy (PipelinePlacementPolicy.java:meetCriteria(91)) - Pipeline Placement: Doesn't meet the criteria to be viable node. Heaviness: 6
2019-09-19 17:00:09,261 [RatisPipelineUtilsThread] ERROR pipeline.PipelinePlacementPolicy (PipelinePlacementPolicy.java:meetCriteria(91)) - Pipeline Placement: Doesn't meet the criteria to be viable node. Heaviness: 6
2019-09-19 17:00:09,270 [grpc-default-executor-0] INFO  impl.RaftServerProxy (RaftServerProxy.java:addNew(89)) - c64ef6ee-91bc-492f-96d3-e3ad2b12297f: addNew group-23602B5F373A:[c64ef6ee-91bc-492f-96d3-e3ad2b12297f:192.168.157.226:43735] returns group-23602B5F373A:java.util.concurrent.CompletableFuture@212775c8[Not completed]
2019-09-19 17:00:09,271 [pool-49-thread-1] INFO  impl.RaftServerImpl (RaftServerImpl.java:<init>(93)) - c64ef6ee-91bc-492f-96d3-e3ad2b12297f: new RaftServerImpl for group-23602B5F373A:[c64ef6ee-91bc-492f-96d3-e3ad2b12297f:192.168.157.226:43735] with ContainerStateMachine:uninitialized
2019-09-19 17:00:09,271 [pool-49-thread-1] INFO  server.RaftServerConfigKeys (ConfUtils.java:logGet(43)) - raft.server.rpc.timeout.min = 5s (custom)
2019-09-19 17:00:09,272 [pool-49-thread-1] INFO  server.RaftServerConfigKeys (ConfUtils.java:logGet(43)) - raft.server.rpc.timeout.max = 5200ms (custom)
2019-09-19 17:00:09,272 [pool-49-thread-1] INFO  server.RaftServerConfigKeys (ConfUtils.java:logGet(43)) - raft.server.rpcslowness.timeout = 120s (custom)
2019-09-19 17:00:09,272 [pool-49-thread-1] INFO  server.RaftServerConfigKeys (ConfUtils.java:logGet(43)) - raft.server.sleep.deviation.threshold = 300 (default)
2019-09-19 17:00:09,272 [pool-49-thread-1] INFO  server.RaftServerConfigKeys (ConfUtils.java:logGet(43)) - raft.server.log.appender.install.snapshot.enabled = false (custom)
2019-09-19 17:00:09,272 [pool-49-thread-1] INFO  impl.RaftServerImpl (ServerState.java:<init>(105)) - c64ef6ee-91bc-492f-96d3-e3ad2b12297f:group-23602B5F373A ConfigurationManager, init=-1: [c64ef6ee-91bc-492f-96d3-e3ad2b12297f:192.168.157.226:43735], old=null, confs=<EMPTY_MAP>
2019-09-19 17:00:09,272 [pool-49-thread-1] INFO  server.RaftServerConfigKeys (ConfUtils.java:logGet(43)) - raft.server.storage.dir = [/workdir/hadoop-ozone/tools/target/test-dir/MiniOzoneClusterImpl-53329b5c-158c-4202-b54c-282115de494f/datanode-2/data/ratis] (custom)
2019-09-19 17:00:09,272 [pool-49-thread-1] INFO  storage.RaftStorageDirectory (RaftStorageDirectory.java:analyzeStorage(246)) - The storage directory /workdir/hadoop-ozone/tools/target/test-dir/MiniOzoneClusterImpl-53329b5c-158c-4202-b54c-282115de494f/datanode-2/data/ratis/7dfeb815-771e-4abb-9ae2-23602b5f373a does not exist. Creating ...
2019-09-19 17:00:09,285 [pool-49-thread-1] INFO  storage.RaftStorageDirectory (RaftStorageDirectory.java:tryLock(328)) - Lock on /workdir/hadoop-ozone/tools/target/test-dir/MiniOzoneClusterImpl-53329b5c-158c-4202-b54c-282115de494f/datanode-2/data/ratis/7dfeb815-771e-4abb-9ae2-23602b5f373a/in_use.lock acquired by nodename 24801@pr-hdds-1569-swxfz-3172132826
2019-09-19 17:00:09,298 [pool-49-thread-1] INFO  storage.RaftStorage (RaftStorage.java:format(72)) - Storage directory /workdir/hadoop-ozone/tools/target/test-dir/MiniOzoneClusterImpl-53329b5c-158c-4202-b54c-282115de494f/datanode-2/data/ratis/7dfeb815-771e-4abb-9ae2-23602b5f373a has been successfully formatted.
2019-09-19 17:00:09,298 [pool-49-thread-1] INFO  ratis.ContainerStateMachine (ContainerStateMachine.java:loadSnapshot(226)) - group-23602B5F373A: The snapshot info is null. Setting the last applied indexto:(t:0, i:~)
2019-09-19 17:00:09,298 [pool-49-thread-1] INFO  server.RaftServerConfigKeys (ConfUtils.java:logGet(43)) - raft.server.leader.election.timeout = 120s (custom)
2019-09-19 17:00:09,298 [pool-49-thread-1] INFO  server.RaftServerConfigKeys (ConfUtils.java:logGet(43)) - raft.server.log.use.memory = false (default)
2019-09-19 17:00:09,298 [pool-49-thread-1] INFO  server.RaftServerConfigKeys (ConfUtils.java:logGet(43)) - raft.server.log.purge.gap = 1000000 (custom)
2019-09-19 17:00:09,299 [pool-49-thread-1] INFO  server.RaftServerConfigKeys (ConfUtils.java:logGet(43)) - raft.server.log.appender.buffer.byte-limit = 33554432 (custom)
2019-09-19 17:00:09,299 [pool-49-thread-1] INFO  server.RaftServerConfigKeys (ConfUtils.java:logGet(43)) - raft.server.log.segment.size.max = 1048576 (custom)
2019-09-19 17:00:09,299 [pool-49-thread-1] INFO  server.RaftServerConfigKeys (ConfUtils.java:logGet(43)) - raft.server.log.segment.cache.num.max = 2 (custom)
2019-09-19 17:00:09,299 [pool-49-thread-1] INFO  segmented.SegmentedRaftLogWorker (SegmentedRaftLogWorker.java:<init>(172)) - new c64ef6ee-91bc-492f-96d3-e3ad2b12297f-SegmentedRaftLogWorker:Storage Directory /workdir/hadoop-ozone/tools/target/test-dir/MiniOzoneClusterImpl-53329b5c-158c-4202-b54c-282115de494f/datanode-2/data/ratis/7dfeb815-771e-4abb-9ae2-23602b5f373a for RaftStorage:Storage Directory /workdir/hadoop-ozone/tools/target/test-dir/MiniOzoneClusterImpl-53329b5c-158c-4202-b54c-282115de494f/datanode-2/data/ratis/7dfeb815-771e-4abb-9ae2-23602b5f373a
2019-09-19 17:00:09,299 [pool-49-thread-1] INFO  server.RaftServerConfigKeys (ConfUtils.java:logGet(43)) - raft.server.log.queue.byte-limit = 2147483647 (custom)
2019-09-19 17:00:09,299 [pool-49-thread-1] INFO  server.RaftServerConfigKeys (ConfUtils.java:logGet(43)) - raft.server.log.queue.element-limit = 1024 (custom)
2019-09-19 17:00:09,299 [pool-49-thread-1] INFO  server.RaftServerConfigKeys (ConfUtils.java:logGet(43)) - raft.server.log.segment.size.max = 1048576 (custom)
2019-09-19 17:00:09,299 [pool-49-thread-1] INFO  server.RaftServerConfigKeys (ConfUtils.java:logGet(43)) - raft.server.log.preallocated.size = 16384 (custom)
2019-09-19 17:00:09,300 [pool-49-thread-1] INFO  server.RaftServerConfigKeys (ConfUtils.java:logGet(43)) - raft.server.log.write.buffer.size = 33554432 (custom)
2019-09-19 17:00:09,300 [pool-49-thread-1] INFO  server.RaftServerConfigKeys (ConfUtils.java:logGet(43)) - raft.server.log.force.sync.num = 128 (default)
2019-09-19 17:00:09,300 [pool-49-thread-1] INFO  server.RaftServerConfigKeys (ConfUtils.java:logGet(43)) - raft.server.log.statemachine.data.sync = true (default)
2019-09-19 17:00:09,300 [pool-49-thread-1] INFO  server.RaftServerConfigKeys (ConfUtils.java:logGet(43)) - raft.server.log.statemachine.data.sync.timeout = 10s (default)
2019-09-19 17:00:09,300 [pool-49-thread-1] INFO  server.RaftServerConfigKeys (ConfUtils.java:logGet(43)) - raft.server.log.statemachine.data.sync.timeout.retry = -1 (default)
2019-09-19 17:00:09,300 [pool-49-thread-1] INFO  server.RaftServerConfigKeys (ConfUtils.java:logGet(43)) - raft.server.log.statemachine.data.caching.enabled = true (custom)
2019-09-19 17:00:09,300 [pool-49-thread-1] INFO  segmented.SegmentedRaftLogWorker (SegmentedRaftLogWorker.java:lambda$new$0(132)) - c64ef6ee-91bc-492f-96d3-e3ad2b12297f-SegmentedRaftLogWorker:Storage Directory /workdir/hadoop-ozone/tools/target/test-dir/MiniOzoneClusterImpl-53329b5c-158c-4202-b54c-282115de494f/datanode-2/data/ratis/7dfeb815-771e-4abb-9ae2-23602b5f373a: flushIndex: setUnconditionally 0 -> -1
2019-09-19 17:00:09,301 [pool-49-thread-1] INFO  server.RaftServerConfigKeys (ConfUtils.java:logGet(43)) - raft.server.snapshot.auto.trigger.enabled = true (custom)
2019-09-19 17:00:09,301 [pool-49-thread-1] INFO  server.RaftServerConfigKeys (ConfUtils.java:logGet(43)) - raft.server.snapshot.auto.trigger.threshold = 10000 (custom)
2019-09-19 17:00:09,301 [pool-49-thread-1] INFO  server.RaftServerConfigKeys (ConfUtils.java:logGet(43)) - raft.server.retrycache.expirytime = 600000ms (custom)
2019-09-19 17:00:09,301 [pool-49-thread-1] INFO  impl.RaftServerImpl (RaftServerImpl.java:start(180)) - c64ef6ee-91bc-492f-96d3-e3ad2b12297f: start group-23602B5F373A
2019-09-19 17:00:09,301 [pool-49-thread-1] INFO  impl.RaftServerImpl (RaftServerImpl.java:setRole(171)) - c64ef6ee-91bc-492f-96d3-e3ad2b12297f:group-23602B5F373A changes role from null to FOLLOWER at term 0 for startAsFollower
2019-09-19 17:00:09,301 [pool-49-thread-1] INFO  impl.RoleInfo (RoleInfo.java:updateAndGet(143)) - c64ef6ee-91bc-492f-96d3-e3ad2b12297f: start FollowerState
2019-09-19 17:00:09,302 [pool-49-thread-1] INFO  util.JmxRegister (JmxRegister.java:tryRegister(44)) - Successfully registered JMX Bean with object name Ratis:service=RaftServer,group=group-23602B5F373A,id=c64ef6ee-91bc-492f-96d3-e3ad2b12297f
2019-09-19 17:00:09,307 [RatisPipelineUtilsThread] INFO  pipeline.PipelineStateManager (PipelineStateManager.java:addPipeline(56)) - Created pipeline Pipeline[ Id: 7dfeb815-771e-4abb-9ae2-23602b5f373a, Nodes: c64ef6ee-91bc-492f-96d3-e3ad2b12297f{ip: 192.168.157.226, host: pr-hdds-1569-swxfz-3172132826, networkLocation: /default-rack, certSerialId: null}, Type:RATIS, Factor:ONE, State:OPEN]
2019-09-19 17:00:09,309 [RatisPipelineUtilsThread] ERROR pipeline.PipelinePlacementPolicy (PipelinePlacementPolicy.java:meetCriteria(91)) - Pipeline Placement: Doesn't meet the criteria to be viable node. Heaviness: 6
2019-09-19 17:00:09,309 [RatisPipelineUtilsThread] ERROR pipeline.PipelinePlacementPolicy (PipelinePlacementPolicy.java:meetCriteria(91)) - Pipeline Placement: Doesn't meet the criteria to be viable node. Heaviness: 6
2019-09-19 17:00:09,309 [RatisPipelineUtilsThread] ERROR pipeline.PipelinePlacementPolicy (PipelinePlacementPolicy.java:meetCriteria(91)) - Pipeline Placement: Doesn't meet the criteria to be viable node. Heaviness: 6
2019-09-19 17:00:09,320 [grpc-default-executor-0] INFO  impl.RaftServerProxy (RaftServerProxy.java:addNew(89)) - dd9809e6-023f-42ef-96fa-650496b0d2eb: addNew group-F4CAD197E937:[dd9809e6-023f-42ef-96fa-650496b0d2eb:192.168.157.226:40601] returns group-F4CAD197E937:java.util.concurrent.CompletableFuture@7c7ec48e[Not completed]
2019-09-19 17:00:09,324 [pool-71-thread-1] INFO  impl.RaftServerImpl (RaftServerImpl.java:<init>(93)) - dd9809e6-023f-42ef-96fa-650496b0d2eb: new RaftServerImpl for group-F4CAD197E937:[dd9809e6-023f-42ef-96fa-650496b0d2eb:192.168.157.226:40601] with ContainerStateMachine:uninitialized
2019-09-19 17:00:09,324 [pool-71-thread-1] INFO  server.RaftServerConfigKeys (ConfUtils.java:logGet(43)) - raft.server.rpc.timeout.min = 5s (custom)
2019-09-19 17:00:09,325 [pool-71-thread-1] INFO  server.RaftServerConfigKeys (ConfUtils.java:logGet(43)) - raft.server.rpc.timeout.max = 5200ms (custom)
2019-09-19 17:00:09,325 [pool-71-thread-1] INFO  server.RaftServerConfigKeys (ConfUtils.java:logGet(43)) - raft.server.rpcslowness.timeout = 120s (custom)
2019-09-19 17:00:09,325 [pool-71-thread-1] INFO  server.RaftServerConfigKeys (ConfUtils.java:logGet(43)) - raft.server.sleep.deviation.threshold = 300 (default)
2019-09-19 17:00:09,325 [pool-71-thread-1] INFO  server.RaftServerConfigKeys (ConfUtils.java:logGet(43)) - raft.server.log.appender.install.snapshot.enabled = false (custom)
2019-09-19 17:00:09,325 [pool-71-thread-1] INFO  impl.RaftServerImpl (ServerState.java:<init>(105)) - dd9809e6-023f-42ef-96fa-650496b0d2eb:group-F4CAD197E937 ConfigurationManager, init=-1: [dd9809e6-023f-42ef-96fa-650496b0d2eb:192.168.157.226:40601], old=null, confs=<EMPTY_MAP>
2019-09-19 17:00:09,326 [pool-71-thread-1] INFO  server.RaftServerConfigKeys (ConfUtils.java:logGet(43)) - raft.server.storage.dir = [/workdir/hadoop-ozone/tools/target/test-dir/MiniOzoneClusterImpl-53329b5c-158c-4202-b54c-282115de494f/datanode-4/data/ratis] (custom)
2019-09-19 17:00:09,326 [pool-71-thread-1] INFO  storage.RaftStorageDirectory (RaftStorageDirectory.java:analyzeStorage(246)) - The storage directory /workdir/hadoop-ozone/tools/target/test-dir/MiniOzoneClusterImpl-53329b5c-158c-4202-b54c-282115de494f/datanode-4/data/ratis/eb97d6a5-1fda-47e3-8ed0-f4cad197e937 does not exist. Creating ...
2019-09-19 17:00:09,339 [pool-71-thread-1] INFO  storage.RaftStorageDirectory (RaftStorageDirectory.java:tryLock(328)) - Lock on /workdir/hadoop-ozone/tools/target/test-dir/MiniOzoneClusterImpl-53329b5c-158c-4202-b54c-282115de494f/datanode-4/data/ratis/eb97d6a5-1fda-47e3-8ed0-f4cad197e937/in_use.lock acquired by nodename 24801@pr-hdds-1569-swxfz-3172132826
2019-09-19 17:00:09,352 [pool-71-thread-1] INFO  storage.RaftStorage (RaftStorage.java:format(72)) - Storage directory /workdir/hadoop-ozone/tools/target/test-dir/MiniOzoneClusterImpl-53329b5c-158c-4202-b54c-282115de494f/datanode-4/data/ratis/eb97d6a5-1fda-47e3-8ed0-f4cad197e937 has been successfully formatted.
2019-09-19 17:00:09,352 [pool-71-thread-1] INFO  ratis.ContainerStateMachine (ContainerStateMachine.java:loadSnapshot(226)) - group-F4CAD197E937: The snapshot info is null. Setting the last applied indexto:(t:0, i:~)
2019-09-19 17:00:09,353 [pool-71-thread-1] INFO  server.RaftServerConfigKeys (ConfUtils.java:logGet(43)) - raft.server.leader.election.timeout = 120s (custom)
2019-09-19 17:00:09,353 [pool-71-thread-1] INFO  server.RaftServerConfigKeys (ConfUtils.java:logGet(43)) - raft.server.log.use.memory = false (default)
2019-09-19 17:00:09,353 [pool-71-thread-1] INFO  server.RaftServerConfigKeys (ConfUtils.java:logGet(43)) - raft.server.log.purge.gap = 1000000 (custom)
2019-09-19 17:00:09,353 [pool-71-thread-1] INFO  server.RaftServerConfigKeys (ConfUtils.java:logGet(43)) - raft.server.log.appender.buffer.byte-limit = 33554432 (custom)
2019-09-19 17:00:09,353 [pool-71-thread-1] INFO  server.RaftServerConfigKeys (ConfUtils.java:logGet(43)) - raft.server.log.segment.size.max = 1048576 (custom)
2019-09-19 17:00:09,354 [pool-71-thread-1] INFO  server.RaftServerConfigKeys (ConfUtils.java:logGet(43)) - raft.server.log.segment.cache.num.max = 2 (custom)
2019-09-19 17:00:09,354 [pool-71-thread-1] INFO  segmented.SegmentedRaftLogWorker (SegmentedRaftLogWorker.java:<init>(172)) - new dd9809e6-023f-42ef-96fa-650496b0d2eb-SegmentedRaftLogWorker:Storage Directory /workdir/hadoop-ozone/tools/target/test-dir/MiniOzoneClusterImpl-53329b5c-158c-4202-b54c-282115de494f/datanode-4/data/ratis/eb97d6a5-1fda-47e3-8ed0-f4cad197e937 for RaftStorage:Storage Directory /workdir/hadoop-ozone/tools/target/test-dir/MiniOzoneClusterImpl-53329b5c-158c-4202-b54c-282115de494f/datanode-4/data/ratis/eb97d6a5-1fda-47e3-8ed0-f4cad197e937
2019-09-19 17:00:09,354 [pool-71-thread-1] INFO  server.RaftServerConfigKeys (ConfUtils.java:logGet(43)) - raft.server.log.queue.byte-limit = 2147483647 (custom)
2019-09-19 17:00:09,354 [pool-71-thread-1] INFO  server.RaftServerConfigKeys (ConfUtils.java:logGet(43)) - raft.server.log.queue.element-limit = 1024 (custom)
2019-09-19 17:00:09,355 [pool-71-thread-1] INFO  server.RaftServerConfigKeys (ConfUtils.java:logGet(43)) - raft.server.log.segment.size.max = 1048576 (custom)
2019-09-19 17:00:09,355 [pool-71-thread-1] INFO  server.RaftServerConfigKeys (ConfUtils.java:logGet(43)) - raft.server.log.preallocated.size = 16384 (custom)
2019-09-19 17:00:09,355 [pool-71-thread-1] INFO  server.RaftServerConfigKeys (ConfUtils.java:logGet(43)) - raft.server.log.write.buffer.size = 33554432 (custom)
2019-09-19 17:00:09,355 [pool-71-thread-1] INFO  server.RaftServerConfigKeys (ConfUtils.java:logGet(43)) - raft.server.log.force.sync.num = 128 (default)
2019-09-19 17:00:09,355 [pool-71-thread-1] INFO  server.RaftServerConfigKeys (ConfUtils.java:logGet(43)) - raft.server.log.statemachine.data.sync = true (default)
2019-09-19 17:00:09,356 [pool-71-thread-1] INFO  server.RaftServerConfigKeys (ConfUtils.java:logGet(43)) - raft.server.log.statemachine.data.sync.timeout = 10s (default)
2019-09-19 17:00:09,356 [pool-71-thread-1] INFO  server.RaftServerConfigKeys (ConfUtils.java:logGet(43)) - raft.server.log.statemachine.data.sync.timeout.retry = -1 (default)
2019-09-19 17:00:09,356 [pool-71-thread-1] INFO  server.RaftServerConfigKeys (ConfUtils.java:logGet(43)) - raft.server.log.statemachine.data.caching.enabled = true (custom)
2019-09-19 17:00:09,357 [pool-71-thread-1] INFO  segmented.SegmentedRaftLogWorker (SegmentedRaftLogWorker.java:lambda$new$0(132)) - dd9809e6-023f-42ef-96fa-650496b0d2eb-SegmentedRaftLogWorker:Storage Directory /workdir/hadoop-ozone/tools/target/test-dir/MiniOzoneClusterImpl-53329b5c-158c-4202-b54c-282115de494f/datanode-4/data/ratis/eb97d6a5-1fda-47e3-8ed0-f4cad197e937: flushIndex: setUnconditionally 0 -> -1
2019-09-19 17:00:09,357 [pool-71-thread-1] INFO  server.RaftServerConfigKeys (ConfUtils.java:logGet(43)) - raft.server.snapshot.auto.trigger.enabled = true (custom)
2019-09-19 17:00:09,358 [pool-71-thread-1] INFO  server.RaftServerConfigKeys (ConfUtils.java:logGet(43)) - raft.server.snapshot.auto.trigger.threshold = 10000 (custom)
2019-09-19 17:00:09,358 [pool-71-thread-1] INFO  server.RaftServerConfigKeys (ConfUtils.java:logGet(43)) - raft.server.retrycache.expirytime = 600000ms (custom)
2019-09-19 17:00:09,358 [pool-71-thread-1] INFO  impl.RaftServerImpl (RaftServerImpl.java:start(180)) - dd9809e6-023f-42ef-96fa-650496b0d2eb: start group-F4CAD197E937
2019-09-19 17:00:09,358 [pool-71-thread-1] INFO  impl.RaftServerImpl (RaftServerImpl.java:setRole(171)) - dd9809e6-023f-42ef-96fa-650496b0d2eb:group-F4CAD197E937 changes role from null to FOLLOWER at term 0 for startAsFollower
2019-09-19 17:00:09,358 [pool-71-thread-1] INFO  impl.RoleInfo (RoleInfo.java:updateAndGet(143)) - dd9809e6-023f-42ef-96fa-650496b0d2eb: start FollowerState
2019-09-19 17:00:09,359 [pool-71-thread-1] INFO  util.JmxRegister (JmxRegister.java:tryRegister(44)) - Successfully registered JMX Bean with object name Ratis:service=RaftServer,group=group-F4CAD197E937,id=dd9809e6-023f-42ef-96fa-650496b0d2eb
2019-09-19 17:00:09,364 [RatisPipelineUtilsThread] INFO  pipeline.PipelineStateManager (PipelineStateManager.java:addPipeline(56)) - Created pipeline Pipeline[ Id: eb97d6a5-1fda-47e3-8ed0-f4cad197e937, Nodes: dd9809e6-023f-42ef-96fa-650496b0d2eb{ip: 192.168.157.226, host: pr-hdds-1569-swxfz-3172132826, networkLocation: /default-rack, certSerialId: null}, Type:RATIS, Factor:ONE, State:OPEN]
2019-09-19 17:00:09,366 [RatisPipelineUtilsThread] ERROR pipeline.PipelinePlacementPolicy (PipelinePlacementPolicy.java:meetCriteria(91)) - Pipeline Placement: Doesn't meet the criteria to be viable node. Heaviness: 6
2019-09-19 17:00:09,366 [RatisPipelineUtilsThread] ERROR pipeline.PipelinePlacementPolicy (PipelinePlacementPolicy.java:meetCriteria(91)) - Pipeline Placement: Doesn't meet the criteria to be viable node. Heaviness: 6
2019-09-19 17:00:09,366 [RatisPipelineUtilsThread] ERROR pipeline.PipelinePlacementPolicy (PipelinePlacementPolicy.java:meetCriteria(91)) - Pipeline Placement: Doesn't meet the criteria to be viable node. Heaviness: 6
2019-09-19 17:00:09,376 [grpc-default-executor-0] INFO  impl.RaftServerProxy (RaftServerProxy.java:addNew(89)) - c64ef6ee-91bc-492f-96d3-e3ad2b12297f: addNew group-F3CB84F4B95F:[c64ef6ee-91bc-492f-96d3-e3ad2b12297f:192.168.157.226:43735] returns group-F3CB84F4B95F:java.util.concurrent.CompletableFuture@11a5decf[Not completed]
2019-09-19 17:00:09,377 [pool-49-thread-1] INFO  impl.RaftServerImpl (RaftServerImpl.java:<init>(93)) - c64ef6ee-91bc-492f-96d3-e3ad2b12297f: new RaftServerImpl for group-F3CB84F4B95F:[c64ef6ee-91bc-492f-96d3-e3ad2b12297f:192.168.157.226:43735] with ContainerStateMachine:uninitialized
2019-09-19 17:00:09,377 [pool-49-thread-1] INFO  server.RaftServerConfigKeys (ConfUtils.java:logGet(43)) - raft.server.rpc.timeout.min = 5s (custom)
2019-09-19 17:00:09,378 [pool-49-thread-1] INFO  server.RaftServerConfigKeys (ConfUtils.java:logGet(43)) - raft.server.rpc.timeout.max = 5200ms (custom)
2019-09-19 17:00:09,378 [pool-49-thread-1] INFO  server.RaftServerConfigKeys (ConfUtils.java:logGet(43)) - raft.server.rpcslowness.timeout = 120s (custom)
2019-09-19 17:00:09,378 [pool-49-thread-1] INFO  server.RaftServerConfigKeys (ConfUtils.java:logGet(43)) - raft.server.sleep.deviation.threshold = 300 (default)
2019-09-19 17:00:09,378 [pool-49-thread-1] INFO  server.RaftServerConfigKeys (ConfUtils.java:logGet(43)) - raft.server.log.appender.install.snapshot.enabled = false (custom)
2019-09-19 17:00:09,378 [pool-49-thread-1] INFO  impl.RaftServerImpl (ServerState.java:<init>(105)) - c64ef6ee-91bc-492f-96d3-e3ad2b12297f:group-F3CB84F4B95F ConfigurationManager, init=-1: [c64ef6ee-91bc-492f-96d3-e3ad2b12297f:192.168.157.226:43735], old=null, confs=<EMPTY_MAP>
2019-09-19 17:00:09,378 [pool-49-thread-1] INFO  server.RaftServerConfigKeys (ConfUtils.java:logGet(43)) - raft.server.storage.dir = [/workdir/hadoop-ozone/tools/target/test-dir/MiniOzoneClusterImpl-53329b5c-158c-4202-b54c-282115de494f/datanode-2/data/ratis] (custom)
2019-09-19 17:00:09,378 [pool-49-thread-1] INFO  storage.RaftStorageDirectory (RaftStorageDirectory.java:analyzeStorage(246)) - The storage directory /workdir/hadoop-ozone/tools/target/test-dir/MiniOzoneClusterImpl-53329b5c-158c-4202-b54c-282115de494f/datanode-2/data/ratis/48eb6e40-c9c5-44de-af91-f3cb84f4b95f does not exist. Creating ...
2019-09-19 17:00:09,391 [pool-49-thread-1] INFO  storage.RaftStorageDirectory (RaftStorageDirectory.java:tryLock(328)) - Lock on /workdir/hadoop-ozone/tools/target/test-dir/MiniOzoneClusterImpl-53329b5c-158c-4202-b54c-282115de494f/datanode-2/data/ratis/48eb6e40-c9c5-44de-af91-f3cb84f4b95f/in_use.lock acquired by nodename 24801@pr-hdds-1569-swxfz-3172132826
2019-09-19 17:00:09,392 | INFO  | SCMAudit | user=jenkins1000 | ip=192.168.157.226 | op=SEND_HEARTBEAT {datanodeUUID=e858d55d-eb7f-4d43-a7ab-d70ac1b2cf5d, command=[]} | ret=SUCCESS |  
2019-09-19 17:00:09,401 | INFO  | SCMAudit | user=jenkins1000 | ip=192.168.157.226 | op=SEND_HEARTBEAT {datanodeUUID=dd9809e6-023f-42ef-96fa-650496b0d2eb, command=[]} | ret=SUCCESS |  
2019-09-19 17:00:09,412 [pool-49-thread-1] INFO  storage.RaftStorage (RaftStorage.java:format(72)) - Storage directory /workdir/hadoop-ozone/tools/target/test-dir/MiniOzoneClusterImpl-53329b5c-158c-4202-b54c-282115de494f/datanode-2/data/ratis/48eb6e40-c9c5-44de-af91-f3cb84f4b95f has been successfully formatted.
2019-09-19 17:00:09,412 [pool-49-thread-1] INFO  ratis.ContainerStateMachine (ContainerStateMachine.java:loadSnapshot(226)) - group-F3CB84F4B95F: The snapshot info is null. Setting the last applied indexto:(t:0, i:~)
2019-09-19 17:00:09,412 [pool-49-thread-1] INFO  server.RaftServerConfigKeys (ConfUtils.java:logGet(43)) - raft.server.leader.election.timeout = 120s (custom)
2019-09-19 17:00:09,412 [pool-49-thread-1] INFO  server.RaftServerConfigKeys (ConfUtils.java:logGet(43)) - raft.server.log.use.memory = false (default)
2019-09-19 17:00:09,412 [pool-49-thread-1] INFO  server.RaftServerConfigKeys (ConfUtils.java:logGet(43)) - raft.server.log.purge.gap = 1000000 (custom)
2019-09-19 17:00:09,412 [pool-49-thread-1] INFO  server.RaftServerConfigKeys (ConfUtils.java:logGet(43)) - raft.server.log.appender.buffer.byte-limit = 33554432 (custom)
2019-09-19 17:00:09,413 [pool-49-thread-1] INFO  server.RaftServerConfigKeys (ConfUtils.java:logGet(43)) - raft.server.log.segment.size.max = 1048576 (custom)
2019-09-19 17:00:09,413 [pool-49-thread-1] INFO  server.RaftServerConfigKeys (ConfUtils.java:logGet(43)) - raft.server.log.segment.cache.num.max = 2 (custom)
2019-09-19 17:00:09,413 [pool-49-thread-1] INFO  segmented.SegmentedRaftLogWorker (SegmentedRaftLogWorker.java:<init>(172)) - new c64ef6ee-91bc-492f-96d3-e3ad2b12297f-SegmentedRaftLogWorker:Storage Directory /workdir/hadoop-ozone/tools/target/test-dir/MiniOzoneClusterImpl-53329b5c-158c-4202-b54c-282115de494f/datanode-2/data/ratis/48eb6e40-c9c5-44de-af91-f3cb84f4b95f for RaftStorage:Storage Directory /workdir/hadoop-ozone/tools/target/test-dir/MiniOzoneClusterImpl-53329b5c-158c-4202-b54c-282115de494f/datanode-2/data/ratis/48eb6e40-c9c5-44de-af91-f3cb84f4b95f
2019-09-19 17:00:09,413 [pool-49-thread-1] INFO  server.RaftServerConfigKeys (ConfUtils.java:logGet(43)) - raft.server.log.queue.byte-limit = 2147483647 (custom)
2019-09-19 17:00:09,413 [pool-49-thread-1] INFO  server.RaftServerConfigKeys (ConfUtils.java:logGet(43)) - raft.server.log.queue.element-limit = 1024 (custom)
2019-09-19 17:00:09,413 [pool-49-thread-1] INFO  server.RaftServerConfigKeys (ConfUtils.java:logGet(43)) - raft.server.log.segment.size.max = 1048576 (custom)
2019-09-19 17:00:09,413 [pool-49-thread-1] INFO  server.RaftServerConfigKeys (ConfUtils.java:logGet(43)) - raft.server.log.preallocated.size = 16384 (custom)
2019-09-19 17:00:09,413 [pool-49-thread-1] INFO  server.RaftServerConfigKeys (ConfUtils.java:logGet(43)) - raft.server.log.write.buffer.size = 33554432 (custom)
2019-09-19 17:00:09,414 [pool-49-thread-1] INFO  server.RaftServerConfigKeys (ConfUtils.java:logGet(43)) - raft.server.log.force.sync.num = 128 (default)
2019-09-19 17:00:09,414 [pool-49-thread-1] INFO  server.RaftServerConfigKeys (ConfUtils.java:logGet(43)) - raft.server.log.statemachine.data.sync = true (default)
2019-09-19 17:00:09,414 [pool-49-thread-1] INFO  server.RaftServerConfigKeys (ConfUtils.java:logGet(43)) - raft.server.log.statemachine.data.sync.timeout = 10s (default)
2019-09-19 17:00:09,414 [pool-49-thread-1] INFO  server.RaftServerConfigKeys (ConfUtils.java:logGet(43)) - raft.server.log.statemachine.data.sync.timeout.retry = -1 (default)
2019-09-19 17:00:09,414 [pool-49-thread-1] INFO  server.RaftServerConfigKeys (ConfUtils.java:logGet(43)) - raft.server.log.statemachine.data.caching.enabled = true (custom)
2019-09-19 17:00:09,414 [pool-49-thread-1] INFO  segmented.SegmentedRaftLogWorker (SegmentedRaftLogWorker.java:lambda$new$0(132)) - c64ef6ee-91bc-492f-96d3-e3ad2b12297f-SegmentedRaftLogWorker:Storage Directory /workdir/hadoop-ozone/tools/target/test-dir/MiniOzoneClusterImpl-53329b5c-158c-4202-b54c-282115de494f/datanode-2/data/ratis/48eb6e40-c9c5-44de-af91-f3cb84f4b95f: flushIndex: setUnconditionally 0 -> -1
2019-09-19 17:00:09,415 [pool-49-thread-1] INFO  server.RaftServerConfigKeys (ConfUtils.java:logGet(43)) - raft.server.snapshot.auto.trigger.enabled = true (custom)
2019-09-19 17:00:09,415 [pool-49-thread-1] INFO  server.RaftServerConfigKeys (ConfUtils.java:logGet(43)) - raft.server.snapshot.auto.trigger.threshold = 10000 (custom)
2019-09-19 17:00:09,415 [pool-49-thread-1] INFO  server.RaftServerConfigKeys (ConfUtils.java:logGet(43)) - raft.server.retrycache.expirytime = 600000ms (custom)
2019-09-19 17:00:09,415 [pool-49-thread-1] INFO  impl.RaftServerImpl (RaftServerImpl.java:start(180)) - c64ef6ee-91bc-492f-96d3-e3ad2b12297f: start group-F3CB84F4B95F
2019-09-19 17:00:09,415 [pool-49-thread-1] INFO  impl.RaftServerImpl (RaftServerImpl.java:setRole(171)) - c64ef6ee-91bc-492f-96d3-e3ad2b12297f:group-F3CB84F4B95F changes role from null to FOLLOWER at term 0 for startAsFollower
2019-09-19 17:00:09,415 [pool-49-thread-1] INFO  impl.RoleInfo (RoleInfo.java:updateAndGet(143)) - c64ef6ee-91bc-492f-96d3-e3ad2b12297f: start FollowerState
2019-09-19 17:00:09,416 [pool-49-thread-1] INFO  util.JmxRegister (JmxRegister.java:tryRegister(44)) - Successfully registered JMX Bean with object name Ratis:service=RaftServer,group=group-F3CB84F4B95F,id=c64ef6ee-91bc-492f-96d3-e3ad2b12297f
2019-09-19 17:00:09,420 [RatisPipelineUtilsThread] INFO  pipeline.PipelineStateManager (PipelineStateManager.java:addPipeline(56)) - Created pipeline Pipeline[ Id: 48eb6e40-c9c5-44de-af91-f3cb84f4b95f, Nodes: c64ef6ee-91bc-492f-96d3-e3ad2b12297f{ip: 192.168.157.226, host: pr-hdds-1569-swxfz-3172132826, networkLocation: /default-rack, certSerialId: null}, Type:RATIS, Factor:ONE, State:OPEN]
2019-09-19 17:00:09,422 [RatisPipelineUtilsThread] ERROR pipeline.PipelinePlacementPolicy (PipelinePlacementPolicy.java:meetCriteria(91)) - Pipeline Placement: Doesn't meet the criteria to be viable node. Heaviness: 6
2019-09-19 17:00:09,422 [RatisPipelineUtilsThread] ERROR pipeline.PipelinePlacementPolicy (PipelinePlacementPolicy.java:meetCriteria(91)) - Pipeline Placement: Doesn't meet the criteria to be viable node. Heaviness: 6
2019-09-19 17:00:09,423 [RatisPipelineUtilsThread] ERROR pipeline.PipelinePlacementPolicy (PipelinePlacementPolicy.java:meetCriteria(91)) - Pipeline Placement: Doesn't meet the criteria to be viable node. Heaviness: 6
2019-09-19 17:00:09,423 [RatisPipelineUtilsThread] ERROR pipeline.PipelinePlacementPolicy (PipelinePlacementPolicy.java:meetCriteria(91)) - Pipeline Placement: Doesn't meet the criteria to be viable node. Heaviness: 6
2019-09-19 17:00:09,433 [grpc-default-executor-0] INFO  impl.RaftServerProxy (RaftServerProxy.java:addNew(89)) - dd9809e6-023f-42ef-96fa-650496b0d2eb: addNew group-886E722927E9:[dd9809e6-023f-42ef-96fa-650496b0d2eb:192.168.157.226:40601] returns group-886E722927E9:java.util.concurrent.CompletableFuture@3ad86dc9[Not completed]
2019-09-19 17:00:09,435 [pool-71-thread-1] INFO  impl.RaftServerImpl (RaftServerImpl.java:<init>(93)) - dd9809e6-023f-42ef-96fa-650496b0d2eb: new RaftServerImpl for group-886E722927E9:[dd9809e6-023f-42ef-96fa-650496b0d2eb:192.168.157.226:40601] with ContainerStateMachine:uninitialized
2019-09-19 17:00:09,436 [pool-71-thread-1] INFO  server.RaftServerConfigKeys (ConfUtils.java:logGet(43)) - raft.server.rpc.timeout.min = 5s (custom)
2019-09-19 17:00:09,436 [pool-71-thread-1] INFO  server.RaftServerConfigKeys (ConfUtils.java:logGet(43)) - raft.server.rpc.timeout.max = 5200ms (custom)
2019-09-19 17:00:09,436 [pool-71-thread-1] INFO  server.RaftServerConfigKeys (ConfUtils.java:logGet(43)) - raft.server.rpcslowness.timeout = 120s (custom)
2019-09-19 17:00:09,436 [pool-71-thread-1] INFO  server.RaftServerConfigKeys (ConfUtils.java:logGet(43)) - raft.server.sleep.deviation.threshold = 300 (default)
2019-09-19 17:00:09,436 [pool-71-thread-1] INFO  server.RaftServerConfigKeys (ConfUtils.java:logGet(43)) - raft.server.log.appender.install.snapshot.enabled = false (custom)
2019-09-19 17:00:09,436 [pool-71-thread-1] INFO  impl.RaftServerImpl (ServerState.java:<init>(105)) - dd9809e6-023f-42ef-96fa-650496b0d2eb:group-886E722927E9 ConfigurationManager, init=-1: [dd9809e6-023f-42ef-96fa-650496b0d2eb:192.168.157.226:40601], old=null, confs=<EMPTY_MAP>
2019-09-19 17:00:09,437 [pool-71-thread-1] INFO  server.RaftServerConfigKeys (ConfUtils.java:logGet(43)) - raft.server.storage.dir = [/workdir/hadoop-ozone/tools/target/test-dir/MiniOzoneClusterImpl-53329b5c-158c-4202-b54c-282115de494f/datanode-4/data/ratis] (custom)
2019-09-19 17:00:09,437 [pool-71-thread-1] INFO  storage.RaftStorageDirectory (RaftStorageDirectory.java:analyzeStorage(246)) - The storage directory /workdir/hadoop-ozone/tools/target/test-dir/MiniOzoneClusterImpl-53329b5c-158c-4202-b54c-282115de494f/datanode-4/data/ratis/e0a03c8d-4f10-426d-b862-886e722927e9 does not exist. Creating ...
2019-09-19 17:00:09,448 [Thread-207] INFO  container.ReplicationManager (ReplicationManager.java:start(151)) - Starting Replication Monitor Thread.
2019-09-19 17:00:09,450 [ReplicationMonitor] INFO  container.ReplicationManager (ReplicationManager.java:run(214)) - Replication Monitor Thread took 0 milliseconds for processing 0 containers.
2019-09-19 17:00:09,450 [pool-71-thread-1] INFO  storage.RaftStorageDirectory (RaftStorageDirectory.java:tryLock(328)) - Lock on /workdir/hadoop-ozone/tools/target/test-dir/MiniOzoneClusterImpl-53329b5c-158c-4202-b54c-282115de494f/datanode-4/data/ratis/e0a03c8d-4f10-426d-b862-886e722927e9/in_use.lock acquired by nodename 24801@pr-hdds-1569-swxfz-3172132826
2019-09-19 17:00:09,465 [pool-71-thread-1] INFO  storage.RaftStorage (RaftStorage.java:format(72)) - Storage directory /workdir/hadoop-ozone/tools/target/test-dir/MiniOzoneClusterImpl-53329b5c-158c-4202-b54c-282115de494f/datanode-4/data/ratis/e0a03c8d-4f10-426d-b862-886e722927e9 has been successfully formatted.
2019-09-19 17:00:09,466 [pool-71-thread-1] INFO  ratis.ContainerStateMachine (ContainerStateMachine.java:loadSnapshot(226)) - group-886E722927E9: The snapshot info is null. Setting the last applied indexto:(t:0, i:~)
2019-09-19 17:00:09,466 [pool-71-thread-1] INFO  server.RaftServerConfigKeys (ConfUtils.java:logGet(43)) - raft.server.leader.election.timeout = 120s (custom)
2019-09-19 17:00:09,466 [pool-71-thread-1] INFO  server.RaftServerConfigKeys (ConfUtils.java:logGet(43)) - raft.server.log.use.memory = false (default)
2019-09-19 17:00:09,466 [pool-71-thread-1] INFO  server.RaftServerConfigKeys (ConfUtils.java:logGet(43)) - raft.server.log.purge.gap = 1000000 (custom)
2019-09-19 17:00:09,466 [pool-71-thread-1] INFO  server.RaftServerConfigKeys (ConfUtils.java:logGet(43)) - raft.server.log.appender.buffer.byte-limit = 33554432 (custom)
2019-09-19 17:00:09,466 [pool-71-thread-1] INFO  server.RaftServerConfigKeys (ConfUtils.java:logGet(43)) - raft.server.log.segment.size.max = 1048576 (custom)
2019-09-19 17:00:09,467 [pool-71-thread-1] INFO  server.RaftServerConfigKeys (ConfUtils.java:logGet(43)) - raft.server.log.segment.cache.num.max = 2 (custom)
2019-09-19 17:00:09,467 [pool-71-thread-1] INFO  segmented.SegmentedRaftLogWorker (SegmentedRaftLogWorker.java:<init>(172)) - new dd9809e6-023f-42ef-96fa-650496b0d2eb-SegmentedRaftLogWorker:Storage Directory /workdir/hadoop-ozone/tools/target/test-dir/MiniOzoneClusterImpl-53329b5c-158c-4202-b54c-282115de494f/datanode-4/data/ratis/e0a03c8d-4f10-426d-b862-886e722927e9 for RaftStorage:Storage Directory /workdir/hadoop-ozone/tools/target/test-dir/MiniOzoneClusterImpl-53329b5c-158c-4202-b54c-282115de494f/datanode-4/data/ratis/e0a03c8d-4f10-426d-b862-886e722927e9
2019-09-19 17:00:09,467 [pool-71-thread-1] INFO  server.RaftServerConfigKeys (ConfUtils.java:logGet(43)) - raft.server.log.queue.byte-limit = 2147483647 (custom)
2019-09-19 17:00:09,467 [pool-71-thread-1] INFO  server.RaftServerConfigKeys (ConfUtils.java:logGet(43)) - raft.server.log.queue.element-limit = 1024 (custom)
2019-09-19 17:00:09,467 [pool-71-thread-1] INFO  server.RaftServerConfigKeys (ConfUtils.java:logGet(43)) - raft.server.log.segment.size.max = 1048576 (custom)
2019-09-19 17:00:09,468 [pool-71-thread-1] INFO  server.RaftServerConfigKeys (ConfUtils.java:logGet(43)) - raft.server.log.preallocated.size = 16384 (custom)
2019-09-19 17:00:09,468 [pool-71-thread-1] INFO  server.RaftServerConfigKeys (ConfUtils.java:logGet(43)) - raft.server.log.write.buffer.size = 33554432 (custom)
2019-09-19 17:00:09,468 [pool-71-thread-1] INFO  server.RaftServerConfigKeys (ConfUtils.java:logGet(43)) - raft.server.log.force.sync.num = 128 (default)
2019-09-19 17:00:09,468 [pool-71-thread-1] INFO  server.RaftServerConfigKeys (ConfUtils.java:logGet(43)) - raft.server.log.statemachine.data.sync = true (default)
2019-09-19 17:00:09,468 [pool-71-thread-1] INFO  server.RaftServerConfigKeys (ConfUtils.java:logGet(43)) - raft.server.log.statemachine.data.sync.timeout = 10s (default)
2019-09-19 17:00:09,469 [pool-71-thread-1] INFO  server.RaftServerConfigKeys (ConfUtils.java:logGet(43)) - raft.server.log.statemachine.data.sync.timeout.retry = -1 (default)
2019-09-19 17:00:09,469 [pool-71-thread-1] INFO  server.RaftServerConfigKeys (ConfUtils.java:logGet(43)) - raft.server.log.statemachine.data.caching.enabled = true (custom)
2019-09-19 17:00:09,469 [pool-71-thread-1] INFO  segmented.SegmentedRaftLogWorker (SegmentedRaftLogWorker.java:lambda$new$0(132)) - dd9809e6-023f-42ef-96fa-650496b0d2eb-SegmentedRaftLogWorker:Storage Directory /workdir/hadoop-ozone/tools/target/test-dir/MiniOzoneClusterImpl-53329b5c-158c-4202-b54c-282115de494f/datanode-4/data/ratis/e0a03c8d-4f10-426d-b862-886e722927e9: flushIndex: setUnconditionally 0 -> -1
2019-09-19 17:00:09,470 [pool-71-thread-1] INFO  server.RaftServerConfigKeys (ConfUtils.java:logGet(43)) - raft.server.snapshot.auto.trigger.enabled = true (custom)
2019-09-19 17:00:09,470 [pool-71-thread-1] INFO  server.RaftServerConfigKeys (ConfUtils.java:logGet(43)) - raft.server.snapshot.auto.trigger.threshold = 10000 (custom)
2019-09-19 17:00:09,470 [pool-71-thread-1] INFO  server.RaftServerConfigKeys (ConfUtils.java:logGet(43)) - raft.server.retrycache.expirytime = 600000ms (custom)
2019-09-19 17:00:09,470 [pool-71-thread-1] INFO  impl.RaftServerImpl (RaftServerImpl.java:start(180)) - dd9809e6-023f-42ef-96fa-650496b0d2eb: start group-886E722927E9
2019-09-19 17:00:09,470 [pool-71-thread-1] INFO  impl.RaftServerImpl (RaftServerImpl.java:setRole(171)) - dd9809e6-023f-42ef-96fa-650496b0d2eb:group-886E722927E9 changes role from null to FOLLOWER at term 0 for startAsFollower
2019-09-19 17:00:09,471 [pool-71-thread-1] INFO  impl.RoleInfo (RoleInfo.java:updateAndGet(143)) - dd9809e6-023f-42ef-96fa-650496b0d2eb: start FollowerState
2019-09-19 17:00:09,471 [pool-71-thread-1] INFO  util.JmxRegister (JmxRegister.java:tryRegister(44)) - Successfully registered JMX Bean with object name Ratis:service=RaftServer,group=group-886E722927E9,id=dd9809e6-023f-42ef-96fa-650496b0d2eb
2019-09-19 17:00:09,477 [RatisPipelineUtilsThread] INFO  pipeline.PipelineStateManager (PipelineStateManager.java:addPipeline(56)) - Created pipeline Pipeline[ Id: e0a03c8d-4f10-426d-b862-886e722927e9, Nodes: dd9809e6-023f-42ef-96fa-650496b0d2eb{ip: 192.168.157.226, host: pr-hdds-1569-swxfz-3172132826, networkLocation: /default-rack, certSerialId: null}, Type:RATIS, Factor:ONE, State:OPEN]
2019-09-19 17:00:09,479 [RatisPipelineUtilsThread] ERROR pipeline.PipelinePlacementPolicy (PipelinePlacementPolicy.java:meetCriteria(91)) - Pipeline Placement: Doesn't meet the criteria to be viable node. Heaviness: 6
2019-09-19 17:00:09,479 [RatisPipelineUtilsThread] ERROR pipeline.PipelinePlacementPolicy (PipelinePlacementPolicy.java:meetCriteria(91)) - Pipeline Placement: Doesn't meet the criteria to be viable node. Heaviness: 6
2019-09-19 17:00:09,479 [RatisPipelineUtilsThread] ERROR pipeline.PipelinePlacementPolicy (PipelinePlacementPolicy.java:meetCriteria(91)) - Pipeline Placement: Doesn't meet the criteria to be viable node. Heaviness: 6
2019-09-19 17:00:09,479 [RatisPipelineUtilsThread] ERROR pipeline.PipelinePlacementPolicy (PipelinePlacementPolicy.java:meetCriteria(91)) - Pipeline Placement: Doesn't meet the criteria to be viable node. Heaviness: 6
2019-09-19 17:00:09,489 [grpc-default-executor-0] INFO  impl.RaftServerProxy (RaftServerProxy.java:addNew(89)) - dd9809e6-023f-42ef-96fa-650496b0d2eb: addNew group-A0CE8C9EA921:[dd9809e6-023f-42ef-96fa-650496b0d2eb:192.168.157.226:40601] returns group-A0CE8C9EA921:java.util.concurrent.CompletableFuture@86b5c60[Not completed]
2019-09-19 17:00:09,492 [pool-71-thread-1] INFO  impl.RaftServerImpl (RaftServerImpl.java:<init>(93)) - dd9809e6-023f-42ef-96fa-650496b0d2eb: new RaftServerImpl for group-A0CE8C9EA921:[dd9809e6-023f-42ef-96fa-650496b0d2eb:192.168.157.226:40601] with ContainerStateMachine:uninitialized
2019-09-19 17:00:09,492 [pool-71-thread-1] INFO  server.RaftServerConfigKeys (ConfUtils.java:logGet(43)) - raft.server.rpc.timeout.min = 5s (custom)
2019-09-19 17:00:09,492 [pool-71-thread-1] INFO  server.RaftServerConfigKeys (ConfUtils.java:logGet(43)) - raft.server.rpc.timeout.max = 5200ms (custom)
2019-09-19 17:00:09,492 [pool-71-thread-1] INFO  server.RaftServerConfigKeys (ConfUtils.java:logGet(43)) - raft.server.rpcslowness.timeout = 120s (custom)
2019-09-19 17:00:09,492 [pool-71-thread-1] INFO  server.RaftServerConfigKeys (ConfUtils.java:logGet(43)) - raft.server.sleep.deviation.threshold = 300 (default)
2019-09-19 17:00:09,492 [pool-71-thread-1] INFO  server.RaftServerConfigKeys (ConfUtils.java:logGet(43)) - raft.server.log.appender.install.snapshot.enabled = false (custom)
2019-09-19 17:00:09,493 [pool-71-thread-1] INFO  impl.RaftServerImpl (ServerState.java:<init>(105)) - dd9809e6-023f-42ef-96fa-650496b0d2eb:group-A0CE8C9EA921 ConfigurationManager, init=-1: [dd9809e6-023f-42ef-96fa-650496b0d2eb:192.168.157.226:40601], old=null, confs=<EMPTY_MAP>
2019-09-19 17:00:09,493 [pool-71-thread-1] INFO  server.RaftServerConfigKeys (ConfUtils.java:logGet(43)) - raft.server.storage.dir = [/workdir/hadoop-ozone/tools/target/test-dir/MiniOzoneClusterImpl-53329b5c-158c-4202-b54c-282115de494f/datanode-4/data/ratis] (custom)
2019-09-19 17:00:09,493 [pool-71-thread-1] INFO  storage.RaftStorageDirectory (RaftStorageDirectory.java:analyzeStorage(246)) - The storage directory /workdir/hadoop-ozone/tools/target/test-dir/MiniOzoneClusterImpl-53329b5c-158c-4202-b54c-282115de494f/datanode-4/data/ratis/42e4a2a5-71ba-446a-931c-a0ce8c9ea921 does not exist. Creating ...
2019-09-19 17:00:09,508 [pool-71-thread-1] INFO  storage.RaftStorageDirectory (RaftStorageDirectory.java:tryLock(328)) - Lock on /workdir/hadoop-ozone/tools/target/test-dir/MiniOzoneClusterImpl-53329b5c-158c-4202-b54c-282115de494f/datanode-4/data/ratis/42e4a2a5-71ba-446a-931c-a0ce8c9ea921/in_use.lock acquired by nodename 24801@pr-hdds-1569-swxfz-3172132826
2019-09-19 17:00:09,521 [pool-71-thread-1] INFO  storage.RaftStorage (RaftStorage.java:format(72)) - Storage directory /workdir/hadoop-ozone/tools/target/test-dir/MiniOzoneClusterImpl-53329b5c-158c-4202-b54c-282115de494f/datanode-4/data/ratis/42e4a2a5-71ba-446a-931c-a0ce8c9ea921 has been successfully formatted.
2019-09-19 17:00:09,521 [pool-71-thread-1] INFO  ratis.ContainerStateMachine (ContainerStateMachine.java:loadSnapshot(226)) - group-A0CE8C9EA921: The snapshot info is null. Setting the last applied indexto:(t:0, i:~)
2019-09-19 17:00:09,522 [pool-71-thread-1] INFO  server.RaftServerConfigKeys (ConfUtils.java:logGet(43)) - raft.server.leader.election.timeout = 120s (custom)
2019-09-19 17:00:09,522 [pool-71-thread-1] INFO  server.RaftServerConfigKeys (ConfUtils.java:logGet(43)) - raft.server.log.use.memory = false (default)
2019-09-19 17:00:09,522 [pool-71-thread-1] INFO  server.RaftServerConfigKeys (ConfUtils.java:logGet(43)) - raft.server.log.purge.gap = 1000000 (custom)
2019-09-19 17:00:09,522 [pool-71-thread-1] INFO  server.RaftServerConfigKeys (ConfUtils.java:logGet(43)) - raft.server.log.appender.buffer.byte-limit = 33554432 (custom)
2019-09-19 17:00:09,522 [pool-71-thread-1] INFO  server.RaftServerConfigKeys (ConfUtils.java:logGet(43)) - raft.server.log.segment.size.max = 1048576 (custom)
2019-09-19 17:00:09,523 [pool-71-thread-1] INFO  server.RaftServerConfigKeys (ConfUtils.java:logGet(43)) - raft.server.log.segment.cache.num.max = 2 (custom)
2019-09-19 17:00:09,523 [pool-71-thread-1] INFO  segmented.SegmentedRaftLogWorker (SegmentedRaftLogWorker.java:<init>(172)) - new dd9809e6-023f-42ef-96fa-650496b0d2eb-SegmentedRaftLogWorker:Storage Directory /workdir/hadoop-ozone/tools/target/test-dir/MiniOzoneClusterImpl-53329b5c-158c-4202-b54c-282115de494f/datanode-4/data/ratis/42e4a2a5-71ba-446a-931c-a0ce8c9ea921 for RaftStorage:Storage Directory /workdir/hadoop-ozone/tools/target/test-dir/MiniOzoneClusterImpl-53329b5c-158c-4202-b54c-282115de494f/datanode-4/data/ratis/42e4a2a5-71ba-446a-931c-a0ce8c9ea921
2019-09-19 17:00:09,523 [pool-71-thread-1] INFO  server.RaftServerConfigKeys (ConfUtils.java:logGet(43)) - raft.server.log.queue.byte-limit = 2147483647 (custom)
2019-09-19 17:00:09,523 [pool-71-thread-1] INFO  server.RaftServerConfigKeys (ConfUtils.java:logGet(43)) - raft.server.log.queue.element-limit = 1024 (custom)
2019-09-19 17:00:09,523 [pool-71-thread-1] INFO  server.RaftServerConfigKeys (ConfUtils.java:logGet(43)) - raft.server.log.segment.size.max = 1048576 (custom)
2019-09-19 17:00:09,524 [pool-71-thread-1] INFO  server.RaftServerConfigKeys (ConfUtils.java:logGet(43)) - raft.server.log.preallocated.size = 16384 (custom)
2019-09-19 17:00:09,524 [pool-71-thread-1] INFO  server.RaftServerConfigKeys (ConfUtils.java:logGet(43)) - raft.server.log.write.buffer.size = 33554432 (custom)
2019-09-19 17:00:09,524 [pool-71-thread-1] INFO  server.RaftServerConfigKeys (ConfUtils.java:logGet(43)) - raft.server.log.force.sync.num = 128 (default)
2019-09-19 17:00:09,524 [pool-71-thread-1] INFO  server.RaftServerConfigKeys (ConfUtils.java:logGet(43)) - raft.server.log.statemachine.data.sync = true (default)
2019-09-19 17:00:09,524 [pool-71-thread-1] INFO  server.RaftServerConfigKeys (ConfUtils.java:logGet(43)) - raft.server.log.statemachine.data.sync.timeout = 10s (default)
2019-09-19 17:00:09,524 [pool-71-thread-1] INFO  server.RaftServerConfigKeys (ConfUtils.java:logGet(43)) - raft.server.log.statemachine.data.sync.timeout.retry = -1 (default)
2019-09-19 17:00:09,525 [pool-71-thread-1] INFO  server.RaftServerConfigKeys (ConfUtils.java:logGet(43)) - raft.server.log.statemachine.data.caching.enabled = true (custom)
2019-09-19 17:00:09,525 [pool-71-thread-1] INFO  segmented.SegmentedRaftLogWorker (SegmentedRaftLogWorker.java:lambda$new$0(132)) - dd9809e6-023f-42ef-96fa-650496b0d2eb-SegmentedRaftLogWorker:Storage Directory /workdir/hadoop-ozone/tools/target/test-dir/MiniOzoneClusterImpl-53329b5c-158c-4202-b54c-282115de494f/datanode-4/data/ratis/42e4a2a5-71ba-446a-931c-a0ce8c9ea921: flushIndex: setUnconditionally 0 -> -1
2019-09-19 17:00:09,525 [pool-71-thread-1] INFO  server.RaftServerConfigKeys (ConfUtils.java:logGet(43)) - raft.server.snapshot.auto.trigger.enabled = true (custom)
2019-09-19 17:00:09,526 [pool-71-thread-1] INFO  server.RaftServerConfigKeys (ConfUtils.java:logGet(43)) - raft.server.snapshot.auto.trigger.threshold = 10000 (custom)
2019-09-19 17:00:09,526 [pool-71-thread-1] INFO  server.RaftServerConfigKeys (ConfUtils.java:logGet(43)) - raft.server.retrycache.expirytime = 600000ms (custom)
2019-09-19 17:00:09,526 [pool-71-thread-1] INFO  impl.RaftServerImpl (RaftServerImpl.java:start(180)) - dd9809e6-023f-42ef-96fa-650496b0d2eb: start group-A0CE8C9EA921
2019-09-19 17:00:09,526 [pool-71-thread-1] INFO  impl.RaftServerImpl (RaftServerImpl.java:setRole(171)) - dd9809e6-023f-42ef-96fa-650496b0d2eb:group-A0CE8C9EA921 changes role from null to FOLLOWER at term 0 for startAsFollower
2019-09-19 17:00:09,527 [pool-71-thread-1] INFO  impl.RoleInfo (RoleInfo.java:updateAndGet(143)) - dd9809e6-023f-42ef-96fa-650496b0d2eb: start FollowerState
2019-09-19 17:00:09,527 [pool-71-thread-1] INFO  util.JmxRegister (JmxRegister.java:tryRegister(44)) - Successfully registered JMX Bean with object name Ratis:service=RaftServer,group=group-A0CE8C9EA921,id=dd9809e6-023f-42ef-96fa-650496b0d2eb
2019-09-19 17:00:09,533 [RatisPipelineUtilsThread] INFO  pipeline.PipelineStateManager (PipelineStateManager.java:addPipeline(56)) - Created pipeline Pipeline[ Id: 42e4a2a5-71ba-446a-931c-a0ce8c9ea921, Nodes: dd9809e6-023f-42ef-96fa-650496b0d2eb{ip: 192.168.157.226, host: pr-hdds-1569-swxfz-3172132826, networkLocation: /default-rack, certSerialId: null}, Type:RATIS, Factor:ONE, State:OPEN]
2019-09-19 17:00:09,535 [RatisPipelineUtilsThread] ERROR pipeline.PipelinePlacementPolicy (PipelinePlacementPolicy.java:meetCriteria(91)) - Pipeline Placement: Doesn't meet the criteria to be viable node. Heaviness: 6
2019-09-19 17:00:09,535 [RatisPipelineUtilsThread] ERROR pipeline.PipelinePlacementPolicy (PipelinePlacementPolicy.java:meetCriteria(91)) - Pipeline Placement: Doesn't meet the criteria to be viable node. Heaviness: 6
2019-09-19 17:00:09,535 [RatisPipelineUtilsThread] ERROR pipeline.PipelinePlacementPolicy (PipelinePlacementPolicy.java:meetCriteria(91)) - Pipeline Placement: Doesn't meet the criteria to be viable node. Heaviness: 6
2019-09-19 17:00:09,536 [RatisPipelineUtilsThread] ERROR pipeline.PipelinePlacementPolicy (PipelinePlacementPolicy.java:meetCriteria(91)) - Pipeline Placement: Doesn't meet the criteria to be viable node. Heaviness: 6
2019-09-19 17:00:09,552 [grpc-default-executor-0] INFO  impl.RaftServerProxy (RaftServerProxy.java:addNew(89)) - dd9809e6-023f-42ef-96fa-650496b0d2eb: addNew group-3FA38DF0A884:[dd9809e6-023f-42ef-96fa-650496b0d2eb:192.168.157.226:40601] returns group-3FA38DF0A884:java.util.concurrent.CompletableFuture@5f7f3e1[Not completed]
2019-09-19 17:00:09,554 [pool-71-thread-1] INFO  impl.RaftServerImpl (RaftServerImpl.java:<init>(93)) - dd9809e6-023f-42ef-96fa-650496b0d2eb: new RaftServerImpl for group-3FA38DF0A884:[dd9809e6-023f-42ef-96fa-650496b0d2eb:192.168.157.226:40601] with ContainerStateMachine:uninitialized
2019-09-19 17:00:09,554 [pool-71-thread-1] INFO  server.RaftServerConfigKeys (ConfUtils.java:logGet(43)) - raft.server.rpc.timeout.min = 5s (custom)
2019-09-19 17:00:09,555 [pool-71-thread-1] INFO  server.RaftServerConfigKeys (ConfUtils.java:logGet(43)) - raft.server.rpc.timeout.max = 5200ms (custom)
2019-09-19 17:00:09,555 [pool-71-thread-1] INFO  server.RaftServerConfigKeys (ConfUtils.java:logGet(43)) - raft.server.rpcslowness.timeout = 120s (custom)
2019-09-19 17:00:09,555 [pool-71-thread-1] INFO  server.RaftServerConfigKeys (ConfUtils.java:logGet(43)) - raft.server.sleep.deviation.threshold = 300 (default)
2019-09-19 17:00:09,555 [pool-71-thread-1] INFO  server.RaftServerConfigKeys (ConfUtils.java:logGet(43)) - raft.server.log.appender.install.snapshot.enabled = false (custom)
2019-09-19 17:00:09,555 [pool-71-thread-1] INFO  impl.RaftServerImpl (ServerState.java:<init>(105)) - dd9809e6-023f-42ef-96fa-650496b0d2eb:group-3FA38DF0A884 ConfigurationManager, init=-1: [dd9809e6-023f-42ef-96fa-650496b0d2eb:192.168.157.226:40601], old=null, confs=<EMPTY_MAP>
2019-09-19 17:00:09,556 [pool-71-thread-1] INFO  server.RaftServerConfigKeys (ConfUtils.java:logGet(43)) - raft.server.storage.dir = [/workdir/hadoop-ozone/tools/target/test-dir/MiniOzoneClusterImpl-53329b5c-158c-4202-b54c-282115de494f/datanode-4/data/ratis] (custom)
2019-09-19 17:00:09,556 [pool-71-thread-1] INFO  storage.RaftStorageDirectory (RaftStorageDirectory.java:analyzeStorage(246)) - The storage directory /workdir/hadoop-ozone/tools/target/test-dir/MiniOzoneClusterImpl-53329b5c-158c-4202-b54c-282115de494f/datanode-4/data/ratis/98e2fdb0-f145-40ee-a530-3fa38df0a884 does not exist. Creating ...
2019-09-19 17:00:09,569 [pool-71-thread-1] INFO  storage.RaftStorageDirectory (RaftStorageDirectory.java:tryLock(328)) - Lock on /workdir/hadoop-ozone/tools/target/test-dir/MiniOzoneClusterImpl-53329b5c-158c-4202-b54c-282115de494f/datanode-4/data/ratis/98e2fdb0-f145-40ee-a530-3fa38df0a884/in_use.lock acquired by nodename 24801@pr-hdds-1569-swxfz-3172132826
2019-09-19 17:00:09,583 [pool-71-thread-1] INFO  storage.RaftStorage (RaftStorage.java:format(72)) - Storage directory /workdir/hadoop-ozone/tools/target/test-dir/MiniOzoneClusterImpl-53329b5c-158c-4202-b54c-282115de494f/datanode-4/data/ratis/98e2fdb0-f145-40ee-a530-3fa38df0a884 has been successfully formatted.
2019-09-19 17:00:09,583 [pool-71-thread-1] INFO  ratis.ContainerStateMachine (ContainerStateMachine.java:loadSnapshot(226)) - group-3FA38DF0A884: The snapshot info is null. Setting the last applied indexto:(t:0, i:~)
2019-09-19 17:00:09,583 [pool-71-thread-1] INFO  server.RaftServerConfigKeys (ConfUtils.java:logGet(43)) - raft.server.leader.election.timeout = 120s (custom)
2019-09-19 17:00:09,583 [pool-71-thread-1] INFO  server.RaftServerConfigKeys (ConfUtils.java:logGet(43)) - raft.server.log.use.memory = false (default)
2019-09-19 17:00:09,584 [pool-71-thread-1] INFO  server.RaftServerConfigKeys (ConfUtils.java:logGet(43)) - raft.server.log.purge.gap = 1000000 (custom)
2019-09-19 17:00:09,584 [pool-71-thread-1] INFO  server.RaftServerConfigKeys (ConfUtils.java:logGet(43)) - raft.server.log.appender.buffer.byte-limit = 33554432 (custom)
2019-09-19 17:00:09,585 [pool-71-thread-1] INFO  server.RaftServerConfigKeys (ConfUtils.java:logGet(43)) - raft.server.log.segment.size.max = 1048576 (custom)
2019-09-19 17:00:09,586 [pool-71-thread-1] INFO  server.RaftServerConfigKeys (ConfUtils.java:logGet(43)) - raft.server.log.segment.cache.num.max = 2 (custom)
2019-09-19 17:00:09,586 [pool-71-thread-1] INFO  segmented.SegmentedRaftLogWorker (SegmentedRaftLogWorker.java:<init>(172)) - new dd9809e6-023f-42ef-96fa-650496b0d2eb-SegmentedRaftLogWorker:Storage Directory /workdir/hadoop-ozone/tools/target/test-dir/MiniOzoneClusterImpl-53329b5c-158c-4202-b54c-282115de494f/datanode-4/data/ratis/98e2fdb0-f145-40ee-a530-3fa38df0a884 for RaftStorage:Storage Directory /workdir/hadoop-ozone/tools/target/test-dir/MiniOzoneClusterImpl-53329b5c-158c-4202-b54c-282115de494f/datanode-4/data/ratis/98e2fdb0-f145-40ee-a530-3fa38df0a884
2019-09-19 17:00:09,586 [pool-71-thread-1] INFO  server.RaftServerConfigKeys (ConfUtils.java:logGet(43)) - raft.server.log.queue.byte-limit = 2147483647 (custom)
2019-09-19 17:00:09,586 [pool-71-thread-1] INFO  server.RaftServerConfigKeys (ConfUtils.java:logGet(43)) - raft.server.log.queue.element-limit = 1024 (custom)
2019-09-19 17:00:09,586 [pool-71-thread-1] INFO  server.RaftServerConfigKeys (ConfUtils.java:logGet(43)) - raft.server.log.segment.size.max = 1048576 (custom)
2019-09-19 17:00:09,587 [pool-71-thread-1] INFO  server.RaftServerConfigKeys (ConfUtils.java:logGet(43)) - raft.server.log.preallocated.size = 16384 (custom)
2019-09-19 17:00:09,587 [pool-71-thread-1] INFO  server.RaftServerConfigKeys (ConfUtils.java:logGet(43)) - raft.server.log.write.buffer.size = 33554432 (custom)
2019-09-19 17:00:09,587 [pool-71-thread-1] INFO  server.RaftServerConfigKeys (ConfUtils.java:logGet(43)) - raft.server.log.force.sync.num = 128 (default)
2019-09-19 17:00:09,587 [pool-71-thread-1] INFO  server.RaftServerConfigKeys (ConfUtils.java:logGet(43)) - raft.server.log.statemachine.data.sync = true (default)
2019-09-19 17:00:09,587 | INFO  | SCMAudit | user=jenkins1000 | ip=192.168.157.226 | op=SEND_HEARTBEAT {datanodeUUID=e59acbe3-2e53-434b-8aef-eb1faf9f1cb0, command=[]} | ret=SUCCESS |  
2019-09-19 17:00:09,587 [pool-71-thread-1] INFO  server.RaftServerConfigKeys (ConfUtils.java:logGet(43)) - raft.server.log.statemachine.data.sync.timeout = 10s (default)
2019-09-19 17:00:09,587 [pool-71-thread-1] INFO  server.RaftServerConfigKeys (ConfUtils.java:logGet(43)) - raft.server.log.statemachine.data.sync.timeout.retry = -1 (default)
2019-09-19 17:00:09,588 [pool-71-thread-1] INFO  server.RaftServerConfigKeys (ConfUtils.java:logGet(43)) - raft.server.log.statemachine.data.caching.enabled = true (custom)
2019-09-19 17:00:09,588 [pool-71-thread-1] INFO  segmented.SegmentedRaftLogWorker (SegmentedRaftLogWorker.java:lambda$new$0(132)) - dd9809e6-023f-42ef-96fa-650496b0d2eb-SegmentedRaftLogWorker:Storage Directory /workdir/hadoop-ozone/tools/target/test-dir/MiniOzoneClusterImpl-53329b5c-158c-4202-b54c-282115de494f/datanode-4/data/ratis/98e2fdb0-f145-40ee-a530-3fa38df0a884: flushIndex: setUnconditionally 0 -> -1
2019-09-19 17:00:09,588 [pool-71-thread-1] INFO  server.RaftServerConfigKeys (ConfUtils.java:logGet(43)) - raft.server.snapshot.auto.trigger.enabled = true (custom)
2019-09-19 17:00:09,589 [pool-71-thread-1] INFO  server.RaftServerConfigKeys (ConfUtils.java:logGet(43)) - raft.server.snapshot.auto.trigger.threshold = 10000 (custom)
2019-09-19 17:00:09,589 [pool-71-thread-1] INFO  server.RaftServerConfigKeys (ConfUtils.java:logGet(43)) - raft.server.retrycache.expirytime = 600000ms (custom)
2019-09-19 17:00:09,589 [pool-71-thread-1] INFO  impl.RaftServerImpl (RaftServerImpl.java:start(180)) - dd9809e6-023f-42ef-96fa-650496b0d2eb: start group-3FA38DF0A884
2019-09-19 17:00:09,589 [pool-71-thread-1] INFO  impl.RaftServerImpl (RaftServerImpl.java:setRole(171)) - dd9809e6-023f-42ef-96fa-650496b0d2eb:group-3FA38DF0A884 changes role from null to FOLLOWER at term 0 for startAsFollower
2019-09-19 17:00:09,589 [pool-71-thread-1] INFO  impl.RoleInfo (RoleInfo.java:updateAndGet(143)) - dd9809e6-023f-42ef-96fa-650496b0d2eb: start FollowerState
2019-09-19 17:00:09,590 [pool-71-thread-1] INFO  util.JmxRegister (JmxRegister.java:tryRegister(44)) - Successfully registered JMX Bean with object name Ratis:service=RaftServer,group=group-3FA38DF0A884,id=dd9809e6-023f-42ef-96fa-650496b0d2eb
2019-09-19 17:00:09,597 [RatisPipelineUtilsThread] INFO  pipeline.PipelineStateManager (PipelineStateManager.java:addPipeline(56)) - Created pipeline Pipeline[ Id: 98e2fdb0-f145-40ee-a530-3fa38df0a884, Nodes: dd9809e6-023f-42ef-96fa-650496b0d2eb{ip: 192.168.157.226, host: pr-hdds-1569-swxfz-3172132826, networkLocation: /default-rack, certSerialId: null}, Type:RATIS, Factor:ONE, State:OPEN]
2019-09-19 17:00:09,598 [RatisPipelineUtilsThread] ERROR pipeline.PipelinePlacementPolicy (PipelinePlacementPolicy.java:meetCriteria(91)) - Pipeline Placement: Doesn't meet the criteria to be viable node. Heaviness: 6
2019-09-19 17:00:09,599 [RatisPipelineUtilsThread] ERROR pipeline.PipelinePlacementPolicy (PipelinePlacementPolicy.java:meetCriteria(91)) - Pipeline Placement: Doesn't meet the criteria to be viable node. Heaviness: 6
2019-09-19 17:00:09,599 [RatisPipelineUtilsThread] ERROR pipeline.PipelinePlacementPolicy (PipelinePlacementPolicy.java:meetCriteria(91)) - Pipeline Placement: Doesn't meet the criteria to be viable node. Heaviness: 6
2019-09-19 17:00:09,599 [RatisPipelineUtilsThread] ERROR pipeline.PipelinePlacementPolicy (PipelinePlacementPolicy.java:meetCriteria(91)) - Pipeline Placement: Doesn't meet the criteria to be viable node. Heaviness: 6
2019-09-19 17:00:09,610 [grpc-default-executor-0] INFO  impl.RaftServerProxy (RaftServerProxy.java:addNew(89)) - dd9809e6-023f-42ef-96fa-650496b0d2eb: addNew group-27BE52ACF099:[dd9809e6-023f-42ef-96fa-650496b0d2eb:192.168.157.226:40601] returns group-27BE52ACF099:java.util.concurrent.CompletableFuture@5ddf390d[Not completed]
2019-09-19 17:00:09,612 [pool-71-thread-1] INFO  impl.RaftServerImpl (RaftServerImpl.java:<init>(93)) - dd9809e6-023f-42ef-96fa-650496b0d2eb: new RaftServerImpl for group-27BE52ACF099:[dd9809e6-023f-42ef-96fa-650496b0d2eb:192.168.157.226:40601] with ContainerStateMachine:uninitialized
2019-09-19 17:00:09,612 [pool-71-thread-1] INFO  server.RaftServerConfigKeys (ConfUtils.java:logGet(43)) - raft.server.rpc.timeout.min = 5s (custom)
2019-09-19 17:00:09,612 [pool-71-thread-1] INFO  server.RaftServerConfigKeys (ConfUtils.java:logGet(43)) - raft.server.rpc.timeout.max = 5200ms (custom)
2019-09-19 17:00:09,612 [pool-71-thread-1] INFO  server.RaftServerConfigKeys (ConfUtils.java:logGet(43)) - raft.server.rpcslowness.timeout = 120s (custom)
2019-09-19 17:00:09,612 [pool-71-thread-1] INFO  server.RaftServerConfigKeys (ConfUtils.java:logGet(43)) - raft.server.sleep.deviation.threshold = 300 (default)
2019-09-19 17:00:09,613 [pool-71-thread-1] INFO  server.RaftServerConfigKeys (ConfUtils.java:logGet(43)) - raft.server.log.appender.install.snapshot.enabled = false (custom)
2019-09-19 17:00:09,613 [pool-71-thread-1] INFO  impl.RaftServerImpl (ServerState.java:<init>(105)) - dd9809e6-023f-42ef-96fa-650496b0d2eb:group-27BE52ACF099 ConfigurationManager, init=-1: [dd9809e6-023f-42ef-96fa-650496b0d2eb:192.168.157.226:40601], old=null, confs=<EMPTY_MAP>
2019-09-19 17:00:09,613 [pool-71-thread-1] INFO  server.RaftServerConfigKeys (ConfUtils.java:logGet(43)) - raft.server.storage.dir = [/workdir/hadoop-ozone/tools/target/test-dir/MiniOzoneClusterImpl-53329b5c-158c-4202-b54c-282115de494f/datanode-4/data/ratis] (custom)
2019-09-19 17:00:09,613 [pool-71-thread-1] INFO  storage.RaftStorageDirectory (RaftStorageDirectory.java:analyzeStorage(246)) - The storage directory /workdir/hadoop-ozone/tools/target/test-dir/MiniOzoneClusterImpl-53329b5c-158c-4202-b54c-282115de494f/datanode-4/data/ratis/68f96138-39df-4f97-8e0a-27be52acf099 does not exist. Creating ...
2019-09-19 17:00:09,626 [pool-71-thread-1] INFO  storage.RaftStorageDirectory (RaftStorageDirectory.java:tryLock(328)) - Lock on /workdir/hadoop-ozone/tools/target/test-dir/MiniOzoneClusterImpl-53329b5c-158c-4202-b54c-282115de494f/datanode-4/data/ratis/68f96138-39df-4f97-8e0a-27be52acf099/in_use.lock acquired by nodename 24801@pr-hdds-1569-swxfz-3172132826
2019-09-19 17:00:09,639 [pool-71-thread-1] INFO  storage.RaftStorage (RaftStorage.java:format(72)) - Storage directory /workdir/hadoop-ozone/tools/target/test-dir/MiniOzoneClusterImpl-53329b5c-158c-4202-b54c-282115de494f/datanode-4/data/ratis/68f96138-39df-4f97-8e0a-27be52acf099 has been successfully formatted.
2019-09-19 17:00:09,639 [pool-71-thread-1] INFO  ratis.ContainerStateMachine (ContainerStateMachine.java:loadSnapshot(226)) - group-27BE52ACF099: The snapshot info is null. Setting the last applied indexto:(t:0, i:~)
2019-09-19 17:00:09,639 [pool-71-thread-1] INFO  server.RaftServerConfigKeys (ConfUtils.java:logGet(43)) - raft.server.leader.election.timeout = 120s (custom)
2019-09-19 17:00:09,639 [pool-71-thread-1] INFO  server.RaftServerConfigKeys (ConfUtils.java:logGet(43)) - raft.server.log.use.memory = false (default)
2019-09-19 17:00:09,639 [pool-71-thread-1] INFO  server.RaftServerConfigKeys (ConfUtils.java:logGet(43)) - raft.server.log.purge.gap = 1000000 (custom)
2019-09-19 17:00:09,640 [pool-71-thread-1] INFO  server.RaftServerConfigKeys (ConfUtils.java:logGet(43)) - raft.server.log.appender.buffer.byte-limit = 33554432 (custom)
2019-09-19 17:00:09,640 [pool-71-thread-1] INFO  server.RaftServerConfigKeys (ConfUtils.java:logGet(43)) - raft.server.log.segment.size.max = 1048576 (custom)
2019-09-19 17:00:09,640 [pool-71-thread-1] INFO  server.RaftServerConfigKeys (ConfUtils.java:logGet(43)) - raft.server.log.segment.cache.num.max = 2 (custom)
2019-09-19 17:00:09,640 [pool-71-thread-1] INFO  segmented.SegmentedRaftLogWorker (SegmentedRaftLogWorker.java:<init>(172)) - new dd9809e6-023f-42ef-96fa-650496b0d2eb-SegmentedRaftLogWorker:Storage Directory /workdir/hadoop-ozone/tools/target/test-dir/MiniOzoneClusterImpl-53329b5c-158c-4202-b54c-282115de494f/datanode-4/data/ratis/68f96138-39df-4f97-8e0a-27be52acf099 for RaftStorage:Storage Directory /workdir/hadoop-ozone/tools/target/test-dir/MiniOzoneClusterImpl-53329b5c-158c-4202-b54c-282115de494f/datanode-4/data/ratis/68f96138-39df-4f97-8e0a-27be52acf099
2019-09-19 17:00:09,640 [pool-71-thread-1] INFO  server.RaftServerConfigKeys (ConfUtils.java:logGet(43)) - raft.server.log.queue.byte-limit = 2147483647 (custom)
2019-09-19 17:00:09,640 [pool-71-thread-1] INFO  server.RaftServerConfigKeys (ConfUtils.java:logGet(43)) - raft.server.log.queue.element-limit = 1024 (custom)
2019-09-19 17:00:09,640 [pool-71-thread-1] INFO  server.RaftServerConfigKeys (ConfUtils.java:logGet(43)) - raft.server.log.segment.size.max = 1048576 (custom)
2019-09-19 17:00:09,641 [pool-71-thread-1] INFO  server.RaftServerConfigKeys (ConfUtils.java:logGet(43)) - raft.server.log.preallocated.size = 16384 (custom)
2019-09-19 17:00:09,641 [pool-71-thread-1] INFO  server.RaftServerConfigKeys (ConfUtils.java:logGet(43)) - raft.server.log.write.buffer.size = 33554432 (custom)
2019-09-19 17:00:09,641 [pool-71-thread-1] INFO  server.RaftServerConfigKeys (ConfUtils.java:logGet(43)) - raft.server.log.force.sync.num = 128 (default)
2019-09-19 17:00:09,641 [pool-71-thread-1] INFO  server.RaftServerConfigKeys (ConfUtils.java:logGet(43)) - raft.server.log.statemachine.data.sync = true (default)
2019-09-19 17:00:09,641 [pool-71-thread-1] INFO  server.RaftServerConfigKeys (ConfUtils.java:logGet(43)) - raft.server.log.statemachine.data.sync.timeout = 10s (default)
2019-09-19 17:00:09,641 [pool-71-thread-1] INFO  server.RaftServerConfigKeys (ConfUtils.java:logGet(43)) - raft.server.log.statemachine.data.sync.timeout.retry = -1 (default)
2019-09-19 17:00:09,641 [pool-71-thread-1] INFO  server.RaftServerConfigKeys (ConfUtils.java:logGet(43)) - raft.server.log.statemachine.data.caching.enabled = true (custom)
2019-09-19 17:00:09,642 [pool-71-thread-1] INFO  segmented.SegmentedRaftLogWorker (SegmentedRaftLogWorker.java:lambda$new$0(132)) - dd9809e6-023f-42ef-96fa-650496b0d2eb-SegmentedRaftLogWorker:Storage Directory /workdir/hadoop-ozone/tools/target/test-dir/MiniOzoneClusterImpl-53329b5c-158c-4202-b54c-282115de494f/datanode-4/data/ratis/68f96138-39df-4f97-8e0a-27be52acf099: flushIndex: setUnconditionally 0 -> -1
2019-09-19 17:00:09,642 [pool-71-thread-1] INFO  server.RaftServerConfigKeys (ConfUtils.java:logGet(43)) - raft.server.snapshot.auto.trigger.enabled = true (custom)
2019-09-19 17:00:09,642 [pool-71-thread-1] INFO  server.RaftServerConfigKeys (ConfUtils.java:logGet(43)) - raft.server.snapshot.auto.trigger.threshold = 10000 (custom)
2019-09-19 17:00:09,642 [pool-71-thread-1] INFO  server.RaftServerConfigKeys (ConfUtils.java:logGet(43)) - raft.server.retrycache.expirytime = 600000ms (custom)
2019-09-19 17:00:09,643 [pool-71-thread-1] INFO  impl.RaftServerImpl (RaftServerImpl.java:start(180)) - dd9809e6-023f-42ef-96fa-650496b0d2eb: start group-27BE52ACF099
2019-09-19 17:00:09,643 [pool-71-thread-1] INFO  impl.RaftServerImpl (RaftServerImpl.java:setRole(171)) - dd9809e6-023f-42ef-96fa-650496b0d2eb:group-27BE52ACF099 changes role from null to FOLLOWER at term 0 for startAsFollower
2019-09-19 17:00:09,643 [pool-71-thread-1] INFO  impl.RoleInfo (RoleInfo.java:updateAndGet(143)) - dd9809e6-023f-42ef-96fa-650496b0d2eb: start FollowerState
2019-09-19 17:00:09,644 [pool-71-thread-1] INFO  util.JmxRegister (JmxRegister.java:tryRegister(44)) - Successfully registered JMX Bean with object name Ratis:service=RaftServer,group=group-27BE52ACF099,id=dd9809e6-023f-42ef-96fa-650496b0d2eb
2019-09-19 17:00:09,650 [RatisPipelineUtilsThread] INFO  pipeline.PipelineStateManager (PipelineStateManager.java:addPipeline(56)) - Created pipeline Pipeline[ Id: 68f96138-39df-4f97-8e0a-27be52acf099, Nodes: dd9809e6-023f-42ef-96fa-650496b0d2eb{ip: 192.168.157.226, host: pr-hdds-1569-swxfz-3172132826, networkLocation: /default-rack, certSerialId: null}, Type:RATIS, Factor:ONE, State:OPEN]
2019-09-19 17:00:09,652 [RatisPipelineUtilsThread] ERROR pipeline.PipelinePlacementPolicy (PipelinePlacementPolicy.java:meetCriteria(91)) - Pipeline Placement: Doesn't meet the criteria to be viable node. Heaviness: 6
2019-09-19 17:00:09,652 [RatisPipelineUtilsThread] ERROR pipeline.PipelinePlacementPolicy (PipelinePlacementPolicy.java:meetCriteria(91)) - Pipeline Placement: Doesn't meet the criteria to be viable node. Heaviness: 6
2019-09-19 17:00:09,652 [RatisPipelineUtilsThread] ERROR pipeline.PipelinePlacementPolicy (PipelinePlacementPolicy.java:meetCriteria(91)) - Pipeline Placement: Doesn't meet the criteria to be viable node. Heaviness: 6
2019-09-19 17:00:09,652 [RatisPipelineUtilsThread] ERROR pipeline.PipelinePlacementPolicy (PipelinePlacementPolicy.java:meetCriteria(91)) - Pipeline Placement: Doesn't meet the criteria to be viable node. Heaviness: 6
2019-09-19 17:00:09,663 [grpc-default-executor-0] INFO  impl.RaftServerProxy (RaftServerProxy.java:addNew(89)) - dd9809e6-023f-42ef-96fa-650496b0d2eb: addNew group-B9599FE10CAC:[dd9809e6-023f-42ef-96fa-650496b0d2eb:192.168.157.226:40601] returns group-B9599FE10CAC:java.util.concurrent.CompletableFuture@58f6c65d[Not completed]
2019-09-19 17:00:09,664 [pool-71-thread-1] INFO  impl.RaftServerImpl (RaftServerImpl.java:<init>(93)) - dd9809e6-023f-42ef-96fa-650496b0d2eb: new RaftServerImpl for group-B9599FE10CAC:[dd9809e6-023f-42ef-96fa-650496b0d2eb:192.168.157.226:40601] with ContainerStateMachine:uninitialized
2019-09-19 17:00:09,664 [pool-71-thread-1] INFO  server.RaftServerConfigKeys (ConfUtils.java:logGet(43)) - raft.server.rpc.timeout.min = 5s (custom)
2019-09-19 17:00:09,664 [pool-71-thread-1] INFO  server.RaftServerConfigKeys (ConfUtils.java:logGet(43)) - raft.server.rpc.timeout.max = 5200ms (custom)
2019-09-19 17:00:09,664 [pool-71-thread-1] INFO  server.RaftServerConfigKeys (ConfUtils.java:logGet(43)) - raft.server.rpcslowness.timeout = 120s (custom)
2019-09-19 17:00:09,665 [pool-71-thread-1] INFO  server.RaftServerConfigKeys (ConfUtils.java:logGet(43)) - raft.server.sleep.deviation.threshold = 300 (default)
2019-09-19 17:00:09,665 [pool-71-thread-1] INFO  server.RaftServerConfigKeys (ConfUtils.java:logGet(43)) - raft.server.log.appender.install.snapshot.enabled = false (custom)
2019-09-19 17:00:09,665 [pool-71-thread-1] INFO  impl.RaftServerImpl (ServerState.java:<init>(105)) - dd9809e6-023f-42ef-96fa-650496b0d2eb:group-B9599FE10CAC ConfigurationManager, init=-1: [dd9809e6-023f-42ef-96fa-650496b0d2eb:192.168.157.226:40601], old=null, confs=<EMPTY_MAP>
2019-09-19 17:00:09,665 [pool-71-thread-1] INFO  server.RaftServerConfigKeys (ConfUtils.java:logGet(43)) - raft.server.storage.dir = [/workdir/hadoop-ozone/tools/target/test-dir/MiniOzoneClusterImpl-53329b5c-158c-4202-b54c-282115de494f/datanode-4/data/ratis] (custom)
2019-09-19 17:00:09,665 [pool-71-thread-1] INFO  storage.RaftStorageDirectory (RaftStorageDirectory.java:analyzeStorage(246)) - The storage directory /workdir/hadoop-ozone/tools/target/test-dir/MiniOzoneClusterImpl-53329b5c-158c-4202-b54c-282115de494f/datanode-4/data/ratis/f621cf17-11c4-41c1-ae38-b9599fe10cac does not exist. Creating ...
2019-09-19 17:00:09,678 [pool-71-thread-1] INFO  storage.RaftStorageDirectory (RaftStorageDirectory.java:tryLock(328)) - Lock on /workdir/hadoop-ozone/tools/target/test-dir/MiniOzoneClusterImpl-53329b5c-158c-4202-b54c-282115de494f/datanode-4/data/ratis/f621cf17-11c4-41c1-ae38-b9599fe10cac/in_use.lock acquired by nodename 24801@pr-hdds-1569-swxfz-3172132826
2019-09-19 17:00:09,693 [pool-71-thread-1] INFO  storage.RaftStorage (RaftStorage.java:format(72)) - Storage directory /workdir/hadoop-ozone/tools/target/test-dir/MiniOzoneClusterImpl-53329b5c-158c-4202-b54c-282115de494f/datanode-4/data/ratis/f621cf17-11c4-41c1-ae38-b9599fe10cac has been successfully formatted.
2019-09-19 17:00:09,693 [pool-71-thread-1] INFO  ratis.ContainerStateMachine (ContainerStateMachine.java:loadSnapshot(226)) - group-B9599FE10CAC: The snapshot info is null. Setting the last applied indexto:(t:0, i:~)
2019-09-19 17:00:09,693 [pool-71-thread-1] INFO  server.RaftServerConfigKeys (ConfUtils.java:logGet(43)) - raft.server.leader.election.timeout = 120s (custom)
2019-09-19 17:00:09,693 [pool-71-thread-1] INFO  server.RaftServerConfigKeys (ConfUtils.java:logGet(43)) - raft.server.log.use.memory = false (default)
2019-09-19 17:00:09,693 [pool-71-thread-1] INFO  server.RaftServerConfigKeys (ConfUtils.java:logGet(43)) - raft.server.log.purge.gap = 1000000 (custom)
2019-09-19 17:00:09,694 [pool-71-thread-1] INFO  server.RaftServerConfigKeys (ConfUtils.java:logGet(43)) - raft.server.log.appender.buffer.byte-limit = 33554432 (custom)
2019-09-19 17:00:09,694 [pool-71-thread-1] INFO  server.RaftServerConfigKeys (ConfUtils.java:logGet(43)) - raft.server.log.segment.size.max = 1048576 (custom)
2019-09-19 17:00:09,694 [pool-71-thread-1] INFO  server.RaftServerConfigKeys (ConfUtils.java:logGet(43)) - raft.server.log.segment.cache.num.max = 2 (custom)
2019-09-19 17:00:09,694 [pool-71-thread-1] INFO  segmented.SegmentedRaftLogWorker (SegmentedRaftLogWorker.java:<init>(172)) - new dd9809e6-023f-42ef-96fa-650496b0d2eb-SegmentedRaftLogWorker:Storage Directory /workdir/hadoop-ozone/tools/target/test-dir/MiniOzoneClusterImpl-53329b5c-158c-4202-b54c-282115de494f/datanode-4/data/ratis/f621cf17-11c4-41c1-ae38-b9599fe10cac for RaftStorage:Storage Directory /workdir/hadoop-ozone/tools/target/test-dir/MiniOzoneClusterImpl-53329b5c-158c-4202-b54c-282115de494f/datanode-4/data/ratis/f621cf17-11c4-41c1-ae38-b9599fe10cac
2019-09-19 17:00:09,694 [pool-71-thread-1] INFO  server.RaftServerConfigKeys (ConfUtils.java:logGet(43)) - raft.server.log.queue.byte-limit = 2147483647 (custom)
2019-09-19 17:00:09,694 [pool-71-thread-1] INFO  server.RaftServerConfigKeys (ConfUtils.java:logGet(43)) - raft.server.log.queue.element-limit = 1024 (custom)
2019-09-19 17:00:09,694 [pool-71-thread-1] INFO  server.RaftServerConfigKeys (ConfUtils.java:logGet(43)) - raft.server.log.segment.size.max = 1048576 (custom)
2019-09-19 17:00:09,695 [pool-71-thread-1] INFO  server.RaftServerConfigKeys (ConfUtils.java:logGet(43)) - raft.server.log.preallocated.size = 16384 (custom)
2019-09-19 17:00:09,695 [pool-71-thread-1] INFO  server.RaftServerConfigKeys (ConfUtils.java:logGet(43)) - raft.server.log.write.buffer.size = 33554432 (custom)
2019-09-19 17:00:09,695 [pool-71-thread-1] INFO  server.RaftServerConfigKeys (ConfUtils.java:logGet(43)) - raft.server.log.force.sync.num = 128 (default)
2019-09-19 17:00:09,695 [pool-71-thread-1] INFO  server.RaftServerConfigKeys (ConfUtils.java:logGet(43)) - raft.server.log.statemachine.data.sync = true (default)
2019-09-19 17:00:09,695 [pool-71-thread-1] INFO  server.RaftServerConfigKeys (ConfUtils.java:logGet(43)) - raft.server.log.statemachine.data.sync.timeout = 10s (default)
2019-09-19 17:00:09,695 [pool-71-thread-1] INFO  server.RaftServerConfigKeys (ConfUtils.java:logGet(43)) - raft.server.log.statemachine.data.sync.timeout.retry = -1 (default)
2019-09-19 17:00:09,695 [pool-71-thread-1] INFO  server.RaftServerConfigKeys (ConfUtils.java:logGet(43)) - raft.server.log.statemachine.data.caching.enabled = true (custom)
2019-09-19 17:00:09,696 [pool-71-thread-1] INFO  segmented.SegmentedRaftLogWorker (SegmentedRaftLogWorker.java:lambda$new$0(132)) - dd9809e6-023f-42ef-96fa-650496b0d2eb-SegmentedRaftLogWorker:Storage Directory /workdir/hadoop-ozone/tools/target/test-dir/MiniOzoneClusterImpl-53329b5c-158c-4202-b54c-282115de494f/datanode-4/data/ratis/f621cf17-11c4-41c1-ae38-b9599fe10cac: flushIndex: setUnconditionally 0 -> -1
2019-09-19 17:00:09,696 [pool-71-thread-1] INFO  server.RaftServerConfigKeys (ConfUtils.java:logGet(43)) - raft.server.snapshot.auto.trigger.enabled = true (custom)
2019-09-19 17:00:09,696 [pool-71-thread-1] INFO  server.RaftServerConfigKeys (ConfUtils.java:logGet(43)) - raft.server.snapshot.auto.trigger.threshold = 10000 (custom)
2019-09-19 17:00:09,696 [pool-71-thread-1] INFO  server.RaftServerConfigKeys (ConfUtils.java:logGet(43)) - raft.server.retrycache.expirytime = 600000ms (custom)
2019-09-19 17:00:09,696 [pool-71-thread-1] INFO  impl.RaftServerImpl (RaftServerImpl.java:start(180)) - dd9809e6-023f-42ef-96fa-650496b0d2eb: start group-B9599FE10CAC
2019-09-19 17:00:09,697 [pool-71-thread-1] INFO  impl.RaftServerImpl (RaftServerImpl.java:setRole(171)) - dd9809e6-023f-42ef-96fa-650496b0d2eb:group-B9599FE10CAC changes role from null to FOLLOWER at term 0 for startAsFollower
2019-09-19 17:00:09,697 [pool-71-thread-1] INFO  impl.RoleInfo (RoleInfo.java:updateAndGet(143)) - dd9809e6-023f-42ef-96fa-650496b0d2eb: start FollowerState
2019-09-19 17:00:09,697 [pool-71-thread-1] INFO  util.JmxRegister (JmxRegister.java:tryRegister(44)) - Successfully registered JMX Bean with object name Ratis:service=RaftServer,group=group-B9599FE10CAC,id=dd9809e6-023f-42ef-96fa-650496b0d2eb
2019-09-19 17:00:09,703 [RatisPipelineUtilsThread] INFO  pipeline.PipelineStateManager (PipelineStateManager.java:addPipeline(56)) - Created pipeline Pipeline[ Id: f621cf17-11c4-41c1-ae38-b9599fe10cac, Nodes: dd9809e6-023f-42ef-96fa-650496b0d2eb{ip: 192.168.157.226, host: pr-hdds-1569-swxfz-3172132826, networkLocation: /default-rack, certSerialId: null}, Type:RATIS, Factor:ONE, State:OPEN]
2019-09-19 17:00:09,704 [RatisPipelineUtilsThread] ERROR pipeline.PipelinePlacementPolicy (PipelinePlacementPolicy.java:meetCriteria(91)) - Pipeline Placement: Doesn't meet the criteria to be viable node. Heaviness: 6
2019-09-19 17:00:09,704 [RatisPipelineUtilsThread] ERROR pipeline.PipelinePlacementPolicy (PipelinePlacementPolicy.java:meetCriteria(91)) - Pipeline Placement: Doesn't meet the criteria to be viable node. Heaviness: 6
2019-09-19 17:00:09,704 [RatisPipelineUtilsThread] ERROR pipeline.PipelinePlacementPolicy (PipelinePlacementPolicy.java:meetCriteria(91)) - Pipeline Placement: Doesn't meet the criteria to be viable node. Heaviness: 6
2019-09-19 17:00:09,704 [RatisPipelineUtilsThread] ERROR pipeline.PipelinePlacementPolicy (PipelinePlacementPolicy.java:meetCriteria(91)) - Pipeline Placement: Doesn't meet the criteria to be viable node. Heaviness: 6
2019-09-19 17:00:09,705 [RatisPipelineUtilsThread] ERROR pipeline.PipelinePlacementPolicy (PipelinePlacementPolicy.java:meetCriteria(91)) - Pipeline Placement: Doesn't meet the criteria to be viable node. Heaviness: 6
2019-09-19 17:00:09,705 [RatisPipelineUtilsThread] ERROR pipeline.PipelinePlacementPolicy (PipelinePlacementPolicy.java:filterViableNodes(146)) - Unable to find enough nodes that meet the criteria that cannot engage in more than 5 pipelines. Nodes required: 1 Found: 0, healthy nodes count inNodeManager: 5.
2019-09-19 17:00:09,706 [RatisPipelineUtilsThread] ERROR pipeline.SCMPipelineManager (SCMPipelineManager.java:createPipeline(161)) - Pipeline creation failed due to exception: Unable to find enough nodes that meet the criteria that cannot engage in more than 5 pipelines. Nodes required: 1 Found: 0, healthy nodes count inNodeManager: 5.
2019-09-19 17:00:09,706 [RatisPipelineUtilsThread] ERROR pipeline.PipelinePlacementPolicy (PipelinePlacementPolicy.java:meetCriteria(91)) - Pipeline Placement: Doesn't meet the criteria to be viable node. Heaviness: 6
2019-09-19 17:00:09,706 [RatisPipelineUtilsThread] ERROR pipeline.PipelinePlacementPolicy (PipelinePlacementPolicy.java:meetCriteria(91)) - Pipeline Placement: Doesn't meet the criteria to be viable node. Heaviness: 6
2019-09-19 17:00:09,706 [RatisPipelineUtilsThread] ERROR pipeline.PipelinePlacementPolicy (PipelinePlacementPolicy.java:meetCriteria(91)) - Pipeline Placement: Doesn't meet the criteria to be viable node. Heaviness: 6
2019-09-19 17:00:09,706 [RatisPipelineUtilsThread] ERROR pipeline.PipelinePlacementPolicy (PipelinePlacementPolicy.java:meetCriteria(91)) - Pipeline Placement: Doesn't meet the criteria to be viable node. Heaviness: 6
2019-09-19 17:00:09,707 [RatisPipelineUtilsThread] ERROR pipeline.PipelinePlacementPolicy (PipelinePlacementPolicy.java:meetCriteria(91)) - Pipeline Placement: Doesn't meet the criteria to be viable node. Heaviness: 6
2019-09-19 17:00:09,707 [RatisPipelineUtilsThread] ERROR pipeline.PipelinePlacementPolicy (PipelinePlacementPolicy.java:filterViableNodes(146)) - Unable to find enough nodes that meet the criteria that cannot engage in more than 5 pipelines. Nodes required: 3 Found: 0, healthy nodes count inNodeManager: 5.
2019-09-19 17:00:09,707 [RatisPipelineUtilsThread] ERROR pipeline.SCMPipelineManager (SCMPipelineManager.java:createPipeline(161)) - Pipeline creation failed due to exception: Unable to find enough nodes that meet the criteria that cannot engage in more than 5 pipelines. Nodes required: 3 Found: 0, healthy nodes count inNodeManager: 5.
2019-09-19 17:00:09,709 [RatisPipelineUtilsThread] ERROR pipeline.PipelinePlacementPolicy (PipelinePlacementPolicy.java:meetCriteria(91)) - Pipeline Placement: Doesn't meet the criteria to be viable node. Heaviness: 6
2019-09-19 17:00:09,709 [RatisPipelineUtilsThread] ERROR pipeline.PipelinePlacementPolicy (PipelinePlacementPolicy.java:meetCriteria(91)) - Pipeline Placement: Doesn't meet the criteria to be viable node. Heaviness: 6
2019-09-19 17:00:09,709 [RatisPipelineUtilsThread] ERROR pipeline.PipelinePlacementPolicy (PipelinePlacementPolicy.java:meetCriteria(91)) - Pipeline Placement: Doesn't meet the criteria to be viable node. Heaviness: 6
2019-09-19 17:00:09,709 [RatisPipelineUtilsThread] ERROR pipeline.PipelinePlacementPolicy (PipelinePlacementPolicy.java:meetCriteria(91)) - Pipeline Placement: Doesn't meet the criteria to be viable node. Heaviness: 6
2019-09-19 17:00:09,709 [RatisPipelineUtilsThread] ERROR pipeline.PipelinePlacementPolicy (PipelinePlacementPolicy.java:meetCriteria(91)) - Pipeline Placement: Doesn't meet the criteria to be viable node. Heaviness: 6
2019-09-19 17:00:09,710 [RatisPipelineUtilsThread] ERROR pipeline.PipelinePlacementPolicy (PipelinePlacementPolicy.java:filterViableNodes(146)) - Unable to find enough nodes that meet the criteria that cannot engage in more than 5 pipelines. Nodes required: 1 Found: 0, healthy nodes count inNodeManager: 5.
2019-09-19 17:00:09,710 [RatisPipelineUtilsThread] ERROR pipeline.SCMPipelineManager (SCMPipelineManager.java:createPipeline(161)) - Pipeline creation failed due to exception: Unable to find enough nodes that meet the criteria that cannot engage in more than 5 pipelines. Nodes required: 1 Found: 0, healthy nodes count inNodeManager: 5.
2019-09-19 17:00:09,710 [RatisPipelineUtilsThread] ERROR pipeline.PipelinePlacementPolicy (PipelinePlacementPolicy.java:meetCriteria(91)) - Pipeline Placement: Doesn't meet the criteria to be viable node. Heaviness: 6
2019-09-19 17:00:09,710 [RatisPipelineUtilsThread] ERROR pipeline.PipelinePlacementPolicy (PipelinePlacementPolicy.java:meetCriteria(91)) - Pipeline Placement: Doesn't meet the criteria to be viable node. Heaviness: 6
2019-09-19 17:00:09,710 [RatisPipelineUtilsThread] ERROR pipeline.PipelinePlacementPolicy (PipelinePlacementPolicy.java:meetCriteria(91)) - Pipeline Placement: Doesn't meet the criteria to be viable node. Heaviness: 6
2019-09-19 17:00:09,711 [RatisPipelineUtilsThread] ERROR pipeline.PipelinePlacementPolicy (PipelinePlacementPolicy.java:meetCriteria(91)) - Pipeline Placement: Doesn't meet the criteria to be viable node. Heaviness: 6
2019-09-19 17:00:09,711 [RatisPipelineUtilsThread] ERROR pipeline.PipelinePlacementPolicy (PipelinePlacementPolicy.java:meetCriteria(91)) - Pipeline Placement: Doesn't meet the criteria to be viable node. Heaviness: 6
2019-09-19 17:00:09,711 [RatisPipelineUtilsThread] ERROR pipeline.PipelinePlacementPolicy (PipelinePlacementPolicy.java:filterViableNodes(146)) - Unable to find enough nodes that meet the criteria that cannot engage in more than 5 pipelines. Nodes required: 3 Found: 0, healthy nodes count inNodeManager: 5.
2019-09-19 17:00:09,711 [RatisPipelineUtilsThread] ERROR pipeline.SCMPipelineManager (SCMPipelineManager.java:createPipeline(161)) - Pipeline creation failed due to exception: Unable to find enough nodes that meet the criteria that cannot engage in more than 5 pipelines. Nodes required: 3 Found: 0, healthy nodes count inNodeManager: 5.
2019-09-19 17:00:09,711 [IPC Server handler 18 on 44142] ERROR pipeline.PipelinePlacementPolicy (PipelinePlacementPolicy.java:meetCriteria(91)) - Pipeline Placement: Doesn't meet the criteria to be viable node. Heaviness: 6
2019-09-19 17:00:09,712 [IPC Server handler 18 on 44142] ERROR pipeline.PipelinePlacementPolicy (PipelinePlacementPolicy.java:meetCriteria(91)) - Pipeline Placement: Doesn't meet the criteria to be viable node. Heaviness: 6
2019-09-19 17:00:09,712 [IPC Server handler 18 on 44142] ERROR pipeline.PipelinePlacementPolicy (PipelinePlacementPolicy.java:meetCriteria(91)) - Pipeline Placement: Doesn't meet the criteria to be viable node. Heaviness: 6
2019-09-19 17:00:09,712 [IPC Server handler 18 on 44142] ERROR pipeline.PipelinePlacementPolicy (PipelinePlacementPolicy.java:meetCriteria(91)) - Pipeline Placement: Doesn't meet the criteria to be viable node. Heaviness: 6
2019-09-19 17:00:09,712 [IPC Server handler 18 on 44142] ERROR pipeline.PipelinePlacementPolicy (PipelinePlacementPolicy.java:meetCriteria(91)) - Pipeline Placement: Doesn't meet the criteria to be viable node. Heaviness: 6
2019-09-19 17:00:09,713 [IPC Server handler 18 on 44142] ERROR pipeline.PipelinePlacementPolicy (PipelinePlacementPolicy.java:filterViableNodes(146)) - Unable to find enough nodes that meet the criteria that cannot engage in more than 5 pipelines. Nodes required: 3 Found: 0, healthy nodes count inNodeManager: 5.
2019-09-19 17:00:09,713 [IPC Server handler 18 on 44142] ERROR pipeline.SCMPipelineManager (SCMPipelineManager.java:createPipeline(161)) - Pipeline creation failed due to exception: Unable to find enough nodes that meet the criteria that cannot engage in more than 5 pipelines. Nodes required: 3 Found: 0, healthy nodes count inNodeManager: 5.
2019-09-19 17:00:09,714 [IPC Server handler 18 on 44142] WARN  block.BlockManagerImpl (BlockManagerImpl.java:allocateBlock(192)) - Pipeline creation failed for type:RATIS factor:THREE. Retrying get pipelines call once.
org.apache.hadoop.hdds.scm.exceptions.SCMException: Unable to find enough nodes that meet the criteria that cannot engage in more than 5 pipelines. Nodes required: 3 Found: 0, healthy nodes count inNodeManager: 5.
	at org.apache.hadoop.hdds.scm.pipeline.PipelinePlacementPolicy.filterViableNodes(PipelinePlacementPolicy.java:147)
	at org.apache.hadoop.hdds.scm.pipeline.PipelinePlacementPolicy.chooseDatanodes(PipelinePlacementPolicy.java:170)
	at org.apache.hadoop.hdds.scm.pipeline.RatisPipelineProvider.create(RatisPipelineProvider.java:92)
	at org.apache.hadoop.hdds.scm.pipeline.PipelineFactory.create(PipelineFactory.java:57)
	at org.apache.hadoop.hdds.scm.pipeline.SCMPipelineManager.createPipeline(SCMPipelineManager.java:149)
	at org.apache.hadoop.hdds.scm.block.BlockManagerImpl.allocateBlock(BlockManagerImpl.java:190)
	at org.apache.hadoop.hdds.scm.server.SCMBlockProtocolServer.allocateBlock(SCMBlockProtocolServer.java:175)
	at org.apache.hadoop.ozone.protocolPB.ScmBlockLocationProtocolServerSideTranslatorPB.allocateScmBlock(ScmBlockLocationProtocolServerSideTranslatorPB.java:153)
	at org.apache.hadoop.ozone.protocolPB.ScmBlockLocationProtocolServerSideTranslatorPB.send(ScmBlockLocationProtocolServerSideTranslatorPB.java:112)
	at org.apache.hadoop.hdds.protocol.proto.ScmBlockLocationProtocolProtos$ScmBlockLocationProtocolService$2.callBlockingMethod(ScmBlockLocationProtocolProtos.java:13157)
	at org.apache.hadoop.ipc.ProtobufRpcEngine$Server$ProtoBufRpcInvoker.call(ProtobufRpcEngine.java:524)
	at org.apache.hadoop.ipc.RPC$Server.call(RPC.java:1025)
	at org.apache.hadoop.ipc.Server$RpcCall.run(Server.java:876)
	at org.apache.hadoop.ipc.Server$RpcCall.run(Server.java:822)
	at java.security.AccessController.doPrivileged(Native Method)
	at javax.security.auth.Subject.doAs(Subject.java:422)
	at org.apache.hadoop.security.UserGroupInformation.doAs(UserGroupInformation.java:1730)
	at org.apache.hadoop.ipc.Server$Handler.run(Server.java:2682)
2019-09-19 17:00:09,717 [IPC Server handler 18 on 44142] INFO  block.BlockManagerImpl (BlockManagerImpl.java:allocateBlock(198)) - Could not find available pipeline of type:RATIS and factor:THREE even after retrying
2019-09-19 17:00:09,717 [IPC Server handler 18 on 44142] ERROR block.BlockManagerImpl (BlockManagerImpl.java:allocateBlock(222)) - Unable to allocate a block for the size: 4194304, type: RATIS, factor: THREE
2019-09-19 17:00:09,717 [IPC Server handler 18 on 44142] ERROR pipeline.PipelinePlacementPolicy (PipelinePlacementPolicy.java:meetCriteria(91)) - Pipeline Placement: Doesn't meet the criteria to be viable node. Heaviness: 6
2019-09-19 17:00:09,717 [IPC Server handler 18 on 44142] ERROR pipeline.PipelinePlacementPolicy (PipelinePlacementPolicy.java:meetCriteria(91)) - Pipeline Placement: Doesn't meet the criteria to be viable node. Heaviness: 6
2019-09-19 17:00:09,718 [IPC Server handler 18 on 44142] ERROR pipeline.PipelinePlacementPolicy (PipelinePlacementPolicy.java:meetCriteria(91)) - Pipeline Placement: Doesn't meet the criteria to be viable node. Heaviness: 6
2019-09-19 17:00:09,718 [IPC Server handler 18 on 44142] ERROR pipeline.PipelinePlacementPolicy (PipelinePlacementPolicy.java:meetCriteria(91)) - Pipeline Placement: Doesn't meet the criteria to be viable node. Heaviness: 6
2019-09-19 17:00:09,718 [IPC Server handler 18 on 44142] ERROR pipeline.PipelinePlacementPolicy (PipelinePlacementPolicy.java:meetCriteria(91)) - Pipeline Placement: Doesn't meet the criteria to be viable node. Heaviness: 6
2019-09-19 17:00:09,718 [IPC Server handler 18 on 44142] ERROR pipeline.PipelinePlacementPolicy (PipelinePlacementPolicy.java:filterViableNodes(146)) - Unable to find enough nodes that meet the criteria that cannot engage in more than 5 pipelines. Nodes required: 3 Found: 0, healthy nodes count inNodeManager: 5.
2019-09-19 17:00:09,718 [IPC Server handler 18 on 44142] ERROR pipeline.SCMPipelineManager (SCMPipelineManager.java:createPipeline(161)) - Pipeline creation failed due to exception: Unable to find enough nodes that meet the criteria that cannot engage in more than 5 pipelines. Nodes required: 3 Found: 0, healthy nodes count inNodeManager: 5.
2019-09-19 17:00:09,719 [IPC Server handler 18 on 44142] WARN  block.BlockManagerImpl (BlockManagerImpl.java:allocateBlock(192)) - Pipeline creation failed for type:RATIS factor:THREE. Retrying get pipelines call once.
org.apache.hadoop.hdds.scm.exceptions.SCMException: Unable to find enough nodes that meet the criteria that cannot engage in more than 5 pipelines. Nodes required: 3 Found: 0, healthy nodes count inNodeManager: 5.
	at org.apache.hadoop.hdds.scm.pipeline.PipelinePlacementPolicy.filterViableNodes(PipelinePlacementPolicy.java:147)
	at org.apache.hadoop.hdds.scm.pipeline.PipelinePlacementPolicy.chooseDatanodes(PipelinePlacementPolicy.java:170)
	at org.apache.hadoop.hdds.scm.pipeline.RatisPipelineProvider.create(RatisPipelineProvider.java:92)
	at org.apache.hadoop.hdds.scm.pipeline.PipelineFactory.create(PipelineFactory.java:57)
	at org.apache.hadoop.hdds.scm.pipeline.SCMPipelineManager.createPipeline(SCMPipelineManager.java:149)
	at org.apache.hadoop.hdds.scm.block.BlockManagerImpl.allocateBlock(BlockManagerImpl.java:190)
	at org.apache.hadoop.hdds.scm.server.SCMBlockProtocolServer.allocateBlock(SCMBlockProtocolServer.java:175)
	at org.apache.hadoop.ozone.protocolPB.ScmBlockLocationProtocolServerSideTranslatorPB.allocateScmBlock(ScmBlockLocationProtocolServerSideTranslatorPB.java:153)
	at org.apache.hadoop.ozone.protocolPB.ScmBlockLocationProtocolServerSideTranslatorPB.send(ScmBlockLocationProtocolServerSideTranslatorPB.java:112)
	at org.apache.hadoop.hdds.protocol.proto.ScmBlockLocationProtocolProtos$ScmBlockLocationProtocolService$2.callBlockingMethod(ScmBlockLocationProtocolProtos.java:13157)
	at org.apache.hadoop.ipc.ProtobufRpcEngine$Server$ProtoBufRpcInvoker.call(ProtobufRpcEngine.java:524)
	at org.apache.hadoop.ipc.RPC$Server.call(RPC.java:1025)
	at org.apache.hadoop.ipc.Server$RpcCall.run(Server.java:876)
	at org.apache.hadoop.ipc.Server$RpcCall.run(Server.java:822)
	at java.security.AccessController.doPrivileged(Native Method)
	at javax.security.auth.Subject.doAs(Subject.java:422)
	at org.apache.hadoop.security.UserGroupInformation.doAs(UserGroupInformation.java:1730)
	at org.apache.hadoop.ipc.Server$Handler.run(Server.java:2682)
2019-09-19 17:00:09,719 [IPC Server handler 18 on 44142] INFO  block.BlockManagerImpl (BlockManagerImpl.java:allocateBlock(198)) - Could not find available pipeline of type:RATIS and factor:THREE even after retrying
2019-09-19 17:00:09,719 [IPC Server handler 18 on 44142] ERROR block.BlockManagerImpl (BlockManagerImpl.java:allocateBlock(222)) - Unable to allocate a block for the size: 4194304, type: RATIS, factor: THREE
2019-09-19 17:00:09,720 [IPC Server handler 18 on 44142] ERROR pipeline.PipelinePlacementPolicy (PipelinePlacementPolicy.java:meetCriteria(91)) - Pipeline Placement: Doesn't meet the criteria to be viable node. Heaviness: 6
2019-09-19 17:00:09,720 [IPC Server handler 18 on 44142] ERROR pipeline.PipelinePlacementPolicy (PipelinePlacementPolicy.java:meetCriteria(91)) - Pipeline Placement: Doesn't meet the criteria to be viable node. Heaviness: 6
2019-09-19 17:00:09,720 [IPC Server handler 18 on 44142] ERROR pipeline.PipelinePlacementPolicy (PipelinePlacementPolicy.java:meetCriteria(91)) - Pipeline Placement: Doesn't meet the criteria to be viable node. Heaviness: 6
2019-09-19 17:00:09,720 [IPC Server handler 18 on 44142] ERROR pipeline.PipelinePlacementPolicy (PipelinePlacementPolicy.java:meetCriteria(91)) - Pipeline Placement: Doesn't meet the criteria to be viable node. Heaviness: 6
2019-09-19 17:00:09,720 [IPC Server handler 18 on 44142] ERROR pipeline.PipelinePlacementPolicy (PipelinePlacementPolicy.java:meetCriteria(91)) - Pipeline Placement: Doesn't meet the criteria to be viable node. Heaviness: 6
2019-09-19 17:00:09,721 [IPC Server handler 18 on 44142] ERROR pipeline.PipelinePlacementPolicy (PipelinePlacementPolicy.java:filterViableNodes(146)) - Unable to find enough nodes that meet the criteria that cannot engage in more than 5 pipelines. Nodes required: 3 Found: 0, healthy nodes count inNodeManager: 5.
2019-09-19 17:00:09,721 [IPC Server handler 18 on 44142] ERROR pipeline.SCMPipelineManager (SCMPipelineManager.java:createPipeline(161)) - Pipeline creation failed due to exception: Unable to find enough nodes that meet the criteria that cannot engage in more than 5 pipelines. Nodes required: 3 Found: 0, healthy nodes count inNodeManager: 5.
2019-09-19 17:00:09,721 [IPC Server handler 18 on 44142] WARN  block.BlockManagerImpl (BlockManagerImpl.java:allocateBlock(192)) - Pipeline creation failed for type:RATIS factor:THREE. Retrying get pipelines call once.
org.apache.hadoop.hdds.scm.exceptions.SCMException: Unable to find enough nodes that meet the criteria that cannot engage in more than 5 pipelines. Nodes required: 3 Found: 0, healthy nodes count inNodeManager: 5.
	at org.apache.hadoop.hdds.scm.pipeline.PipelinePlacementPolicy.filterViableNodes(PipelinePlacementPolicy.java:147)
	at org.apache.hadoop.hdds.scm.pipeline.PipelinePlacementPolicy.chooseDatanodes(PipelinePlacementPolicy.java:170)
	at org.apache.hadoop.hdds.scm.pipeline.RatisPipelineProvider.create(RatisPipelineProvider.java:92)
	at org.apache.hadoop.hdds.scm.pipeline.PipelineFactory.create(PipelineFactory.java:57)
	at org.apache.hadoop.hdds.scm.pipeline.SCMPipelineManager.createPipeline(SCMPipelineManager.java:149)
	at org.apache.hadoop.hdds.scm.block.BlockManagerImpl.allocateBlock(BlockManagerImpl.java:190)
	at org.apache.hadoop.hdds.scm.server.SCMBlockProtocolServer.allocateBlock(SCMBlockProtocolServer.java:175)
	at org.apache.hadoop.ozone.protocolPB.ScmBlockLocationProtocolServerSideTranslatorPB.allocateScmBlock(ScmBlockLocationProtocolServerSideTranslatorPB.java:153)
	at org.apache.hadoop.ozone.protocolPB.ScmBlockLocationProtocolServerSideTranslatorPB.send(ScmBlockLocationProtocolServerSideTranslatorPB.java:112)
	at org.apache.hadoop.hdds.protocol.proto.ScmBlockLocationProtocolProtos$ScmBlockLocationProtocolService$2.callBlockingMethod(ScmBlockLocationProtocolProtos.java:13157)
	at org.apache.hadoop.ipc.ProtobufRpcEngine$Server$ProtoBufRpcInvoker.call(ProtobufRpcEngine.java:524)
	at org.apache.hadoop.ipc.RPC$Server.call(RPC.java:1025)
	at org.apache.hadoop.ipc.Server$RpcCall.run(Server.java:876)
	at org.apache.hadoop.ipc.Server$RpcCall.run(Server.java:822)
	at java.security.AccessController.doPrivileged(Native Method)
	at javax.security.auth.Subject.doAs(Subject.java:422)
	at org.apache.hadoop.security.UserGroupInformation.doAs(UserGroupInformation.java:1730)
	at org.apache.hadoop.ipc.Server$Handler.run(Server.java:2682)
2019-09-19 17:00:09,722 [IPC Server handler 18 on 44142] INFO  block.BlockManagerImpl (BlockManagerImpl.java:allocateBlock(198)) - Could not find available pipeline of type:RATIS and factor:THREE even after retrying
2019-09-19 17:00:09,722 [IPC Server handler 18 on 44142] ERROR block.BlockManagerImpl (BlockManagerImpl.java:allocateBlock(222)) - Unable to allocate a block for the size: 4194304, type: RATIS, factor: THREE
2019-09-19 17:00:09,722 [IPC Server handler 18 on 44142] ERROR pipeline.PipelinePlacementPolicy (PipelinePlacementPolicy.java:meetCriteria(91)) - Pipeline Placement: Doesn't meet the criteria to be viable node. Heaviness: 6
2019-09-19 17:00:09,722 [IPC Server handler 18 on 44142] ERROR pipeline.PipelinePlacementPolicy (PipelinePlacementPolicy.java:meetCriteria(91)) - Pipeline Placement: Doesn't meet the criteria to be viable node. Heaviness: 6
2019-09-19 17:00:09,722 [IPC Server handler 18 on 44142] ERROR pipeline.PipelinePlacementPolicy (PipelinePlacementPolicy.java:meetCriteria(91)) - Pipeline Placement: Doesn't meet the criteria to be viable node. Heaviness: 6
2019-09-19 17:00:09,723 [IPC Server handler 18 on 44142] ERROR pipeline.PipelinePlacementPolicy (PipelinePlacementPolicy.java:meetCriteria(91)) - Pipeline Placement: Doesn't meet the criteria to be viable node. Heaviness: 6
2019-09-19 17:00:09,723 [IPC Server handler 18 on 44142] ERROR pipeline.PipelinePlacementPolicy (PipelinePlacementPolicy.java:meetCriteria(91)) - Pipeline Placement: Doesn't meet the criteria to be viable node. Heaviness: 6
2019-09-19 17:00:09,723 [IPC Server handler 18 on 44142] ERROR pipeline.PipelinePlacementPolicy (PipelinePlacementPolicy.java:filterViableNodes(146)) - Unable to find enough nodes that meet the criteria that cannot engage in more than 5 pipelines. Nodes required: 3 Found: 0, healthy nodes count inNodeManager: 5.
2019-09-19 17:00:09,723 [IPC Server handler 18 on 44142] ERROR pipeline.SCMPipelineManager (SCMPipelineManager.java:createPipeline(161)) - Pipeline creation failed due to exception: Unable to find enough nodes that meet the criteria that cannot engage in more than 5 pipelines. Nodes required: 3 Found: 0, healthy nodes count inNodeManager: 5.
2019-09-19 17:00:09,723 [IPC Server handler 18 on 44142] WARN  block.BlockManagerImpl (BlockManagerImpl.java:allocateBlock(192)) - Pipeline creation failed for type:RATIS factor:THREE. Retrying get pipelines call once.
org.apache.hadoop.hdds.scm.exceptions.SCMException: Unable to find enough nodes that meet the criteria that cannot engage in more than 5 pipelines. Nodes required: 3 Found: 0, healthy nodes count inNodeManager: 5.
	at org.apache.hadoop.hdds.scm.pipeline.PipelinePlacementPolicy.filterViableNodes(PipelinePlacementPolicy.java:147)
	at org.apache.hadoop.hdds.scm.pipeline.PipelinePlacementPolicy.chooseDatanodes(PipelinePlacementPolicy.java:170)
	at org.apache.hadoop.hdds.scm.pipeline.RatisPipelineProvider.create(RatisPipelineProvider.java:92)
	at org.apache.hadoop.hdds.scm.pipeline.PipelineFactory.create(PipelineFactory.java:57)
	at org.apache.hadoop.hdds.scm.pipeline.SCMPipelineManager.createPipeline(SCMPipelineManager.java:149)
	at org.apache.hadoop.hdds.scm.block.BlockManagerImpl.allocateBlock(BlockManagerImpl.java:190)
	at org.apache.hadoop.hdds.scm.server.SCMBlockProtocolServer.allocateBlock(SCMBlockProtocolServer.java:175)
	at org.apache.hadoop.ozone.protocolPB.ScmBlockLocationProtocolServerSideTranslatorPB.allocateScmBlock(ScmBlockLocationProtocolServerSideTranslatorPB.java:153)
	at org.apache.hadoop.ozone.protocolPB.ScmBlockLocationProtocolServerSideTranslatorPB.send(ScmBlockLocationProtocolServerSideTranslatorPB.java:112)
	at org.apache.hadoop.hdds.protocol.proto.ScmBlockLocationProtocolProtos$ScmBlockLocationProtocolService$2.callBlockingMethod(ScmBlockLocationProtocolProtos.java:13157)
	at org.apache.hadoop.ipc.ProtobufRpcEngine$Server$ProtoBufRpcInvoker.call(ProtobufRpcEngine.java:524)
	at org.apache.hadoop.ipc.RPC$Server.call(RPC.java:1025)
	at org.apache.hadoop.ipc.Server$RpcCall.run(Server.java:876)
	at org.apache.hadoop.ipc.Server$RpcCall.run(Server.java:822)
	at java.security.AccessController.doPrivileged(Native Method)
	at javax.security.auth.Subject.doAs(Subject.java:422)
	at org.apache.hadoop.security.UserGroupInformation.doAs(UserGroupInformation.java:1730)
	at org.apache.hadoop.ipc.Server$Handler.run(Server.java:2682)
2019-09-19 17:00:09,724 [IPC Server handler 18 on 44142] INFO  block.BlockManagerImpl (BlockManagerImpl.java:allocateBlock(198)) - Could not find available pipeline of type:RATIS and factor:THREE even after retrying
2019-09-19 17:00:09,724 [IPC Server handler 18 on 44142] ERROR block.BlockManagerImpl (BlockManagerImpl.java:allocateBlock(222)) - Unable to allocate a block for the size: 4194304, type: RATIS, factor: THREE
2019-09-19 17:00:09,724 [IPC Server handler 18 on 44142] ERROR pipeline.PipelinePlacementPolicy (PipelinePlacementPolicy.java:meetCriteria(91)) - Pipeline Placement: Doesn't meet the criteria to be viable node. Heaviness: 6
2019-09-19 17:00:09,725 [IPC Server handler 18 on 44142] ERROR pipeline.PipelinePlacementPolicy (PipelinePlacementPolicy.java:meetCriteria(91)) - Pipeline Placement: Doesn't meet the criteria to be viable node. Heaviness: 6
2019-09-19 17:00:09,725 [IPC Server handler 18 on 44142] ERROR pipeline.PipelinePlacementPolicy (PipelinePlacementPolicy.java:meetCriteria(91)) - Pipeline Placement: Doesn't meet the criteria to be viable node. Heaviness: 6
2019-09-19 17:00:09,725 [IPC Server handler 18 on 44142] ERROR pipeline.PipelinePlacementPolicy (PipelinePlacementPolicy.java:meetCriteria(91)) - Pipeline Placement: Doesn't meet the criteria to be viable node. Heaviness: 6
2019-09-19 17:00:09,725 [IPC Server handler 18 on 44142] ERROR pipeline.PipelinePlacementPolicy (PipelinePlacementPolicy.java:meetCriteria(91)) - Pipeline Placement: Doesn't meet the criteria to be viable node. Heaviness: 6
2019-09-19 17:00:09,725 [IPC Server handler 18 on 44142] ERROR pipeline.PipelinePlacementPolicy (PipelinePlacementPolicy.java:filterViableNodes(146)) - Unable to find enough nodes that meet the criteria that cannot engage in more than 5 pipelines. Nodes required: 3 Found: 0, healthy nodes count inNodeManager: 5.
2019-09-19 17:00:09,726 [IPC Server handler 18 on 44142] ERROR pipeline.SCMPipelineManager (SCMPipelineManager.java:createPipeline(161)) - Pipeline creation failed due to exception: Unable to find enough nodes that meet the criteria that cannot engage in more than 5 pipelines. Nodes required: 3 Found: 0, healthy nodes count inNodeManager: 5.
2019-09-19 17:00:09,726 [IPC Server handler 18 on 44142] WARN  block.BlockManagerImpl (BlockManagerImpl.java:allocateBlock(192)) - Pipeline creation failed for type:RATIS factor:THREE. Retrying get pipelines call once.
org.apache.hadoop.hdds.scm.exceptions.SCMException: Unable to find enough nodes that meet the criteria that cannot engage in more than 5 pipelines. Nodes required: 3 Found: 0, healthy nodes count inNodeManager: 5.
	at org.apache.hadoop.hdds.scm.pipeline.PipelinePlacementPolicy.filterViableNodes(PipelinePlacementPolicy.java:147)
	at org.apache.hadoop.hdds.scm.pipeline.PipelinePlacementPolicy.chooseDatanodes(PipelinePlacementPolicy.java:170)
	at org.apache.hadoop.hdds.scm.pipeline.RatisPipelineProvider.create(RatisPipelineProvider.java:92)
	at org.apache.hadoop.hdds.scm.pipeline.PipelineFactory.create(PipelineFactory.java:57)
	at org.apache.hadoop.hdds.scm.pipeline.SCMPipelineManager.createPipeline(SCMPipelineManager.java:149)
	at org.apache.hadoop.hdds.scm.block.BlockManagerImpl.allocateBlock(BlockManagerImpl.java:190)
	at org.apache.hadoop.hdds.scm.server.SCMBlockProtocolServer.allocateBlock(SCMBlockProtocolServer.java:175)
	at org.apache.hadoop.ozone.protocolPB.ScmBlockLocationProtocolServerSideTranslatorPB.allocateScmBlock(ScmBlockLocationProtocolServerSideTranslatorPB.java:153)
	at org.apache.hadoop.ozone.protocolPB.ScmBlockLocationProtocolServerSideTranslatorPB.send(ScmBlockLocationProtocolServerSideTranslatorPB.java:112)
	at org.apache.hadoop.hdds.protocol.proto.ScmBlockLocationProtocolProtos$ScmBlockLocationProtocolService$2.callBlockingMethod(ScmBlockLocationProtocolProtos.java:13157)
	at org.apache.hadoop.ipc.ProtobufRpcEngine$Server$ProtoBufRpcInvoker.call(ProtobufRpcEngine.java:524)
	at org.apache.hadoop.ipc.RPC$Server.call(RPC.java:1025)
	at org.apache.hadoop.ipc.Server$RpcCall.run(Server.java:876)
	at org.apache.hadoop.ipc.Server$RpcCall.run(Server.java:822)
	at java.security.AccessController.doPrivileged(Native Method)
	at javax.security.auth.Subject.doAs(Subject.java:422)
	at org.apache.hadoop.security.UserGroupInformation.doAs(UserGroupInformation.java:1730)
	at org.apache.hadoop.ipc.Server$Handler.run(Server.java:2682)
2019-09-19 17:00:09,726 [IPC Server handler 18 on 44142] INFO  block.BlockManagerImpl (BlockManagerImpl.java:allocateBlock(198)) - Could not find available pipeline of type:RATIS and factor:THREE even after retrying
2019-09-19 17:00:09,727 [IPC Server handler 18 on 44142] ERROR block.BlockManagerImpl (BlockManagerImpl.java:allocateBlock(222)) - Unable to allocate a block for the size: 4194304, type: RATIS, factor: THREE
2019-09-19 17:00:09,727 | INFO  | SCMAudit | user=jenkins1000 | ip=192.168.157.226 | op=ALLOCATE_BLOCK {owner=9a97ed38-b8e3-4481-8543-860f95d8c111, size=4194304, type=RATIS, factor=THREE} | ret=SUCCESS |  
2019-09-19 17:00:09,733 | ERROR | OMAudit | user=jenkins1000 | ip=127.0.0.1 | op=ALLOCATE_KEY {volume=vol-0-43001, bucket=bucket-0-86390, key=key-0-32350, dataSize=20971520, replicationType=RATIS, replicationFactor=THREE, keyLocationInfo=null} | ret=FAILURE | org.apache.hadoop.hdds.scm.exceptions.SCMException: Allocated 0 blocks. Requested 5 blocks
	at org.apache.hadoop.hdds.scm.protocolPB.ScmBlockLocationProtocolClientSideTranslatorPB.handleError(ScmBlockLocationProtocolClientSideTranslatorPB.java:118)
	at org.apache.hadoop.hdds.scm.protocolPB.ScmBlockLocationProtocolClientSideTranslatorPB.allocateBlock(ScmBlockLocationProtocolClientSideTranslatorPB.java:156) 
2019-09-19 17:00:09,738 [pool-78-thread-3] ERROR freon.RandomKeyGenerator (RandomKeyGenerator.java:createKey(724)) - Exception while adding key: key-0-32350 in bucket: bucket-0-86390 of volume: vol-0-43001.
INTERNAL_ERROR org.apache.hadoop.ozone.om.exceptions.OMException: Allocated 0 blocks. Requested 5 blocks
	at org.apache.hadoop.ozone.om.protocolPB.OzoneManagerProtocolClientSideTranslatorPB.handleError(OzoneManagerProtocolClientSideTranslatorPB.java:725)
	at org.apache.hadoop.ozone.om.protocolPB.OzoneManagerProtocolClientSideTranslatorPB.openKey(OzoneManagerProtocolClientSideTranslatorPB.java:716)
	at org.apache.hadoop.ozone.client.rpc.RpcClient.createKey(RpcClient.java:615)
	at org.apache.hadoop.ozone.client.OzoneBucket.createKey(OzoneBucket.java:323)
	at org.apache.hadoop.ozone.freon.RandomKeyGenerator.createKey(RandomKeyGenerator.java:686)
	at org.apache.hadoop.ozone.freon.RandomKeyGenerator.access$1100(RandomKeyGenerator.java:87)
	at org.apache.hadoop.ozone.freon.RandomKeyGenerator$ObjectCreator.run(RandomKeyGenerator.java:606)
	at java.util.concurrent.Executors$RunnableAdapter.call(Executors.java:511)
	at java.util.concurrent.FutureTask.run(FutureTask.java:266)
	at java.util.concurrent.ThreadPoolExecutor.runWorker(ThreadPoolExecutor.java:1149)
	at java.util.concurrent.ThreadPoolExecutor$Worker.run(ThreadPoolExecutor.java:624)
	at java.lang.Thread.run(Thread.java:748)
2019-09-19 17:00:09,790 | INFO  | SCMAudit | user=jenkins1000 | ip=192.168.157.226 | op=SEND_HEARTBEAT {datanodeUUID=c64ef6ee-91bc-492f-96d3-e3ad2b12297f, command=[]} | ret=SUCCESS |  
 0.00% |█                                                                                                    |  0/1 Time: 0:00:012019-09-19 17:00:09,983 | INFO  | SCMAudit | user=jenkins1000 | ip=192.168.157.226 | op=SEND_HEARTBEAT {datanodeUUID=5f94c5ea-0d2c-486e-937b-d09fa3478732, command=[]} | ret=SUCCESS |  
2019-09-19 17:00:10,394 | INFO  | SCMAudit | user=jenkins1000 | ip=192.168.157.226 | op=SEND_HEARTBEAT {datanodeUUID=e858d55d-eb7f-4d43-a7ab-d70ac1b2cf5d, command=[]} | ret=SUCCESS |  
2019-09-19 17:00:10,402 | INFO  | SCMAudit | user=jenkins1000 | ip=192.168.157.226 | op=SEND_HEARTBEAT {datanodeUUID=dd9809e6-023f-42ef-96fa-650496b0d2eb, command=[]} | ret=SUCCESS |  
2019-09-19 17:00:10,584 | INFO  | SCMAudit | user=jenkins1000 | ip=192.168.157.226 | op=SEND_HEARTBEAT {datanodeUUID=e59acbe3-2e53-434b-8aef-eb1faf9f1cb0, command=[]} | ret=SUCCESS |  
2019-09-19 17:00:10,789 | INFO  | SCMAudit | user=jenkins1000 | ip=192.168.157.226 | op=SEND_HEARTBEAT {datanodeUUID=c64ef6ee-91bc-492f-96d3-e3ad2b12297f, command=[]} | ret=SUCCESS |  
 0.00% |█                                                                                                    |  0/1 Time: 0:00:022019-09-19 17:00:10,982 | INFO  | SCMAudit | user=jenkins1000 | ip=192.168.157.226 | op=SEND_HEARTBEAT {datanodeUUID=5f94c5ea-0d2c-486e-937b-d09fa3478732, command=[]} | ret=SUCCESS |  
2019-09-19 17:00:11,394 | INFO  | SCMAudit | user=jenkins1000 | ip=192.168.157.226 | op=SEND_HEARTBEAT {datanodeUUID=e858d55d-eb7f-4d43-a7ab-d70ac1b2cf5d, command=[]} | ret=SUCCESS |  
2019-09-19 17:00:11,402 | INFO  | SCMAudit | user=jenkins1000 | ip=192.168.157.226 | op=SEND_HEARTBEAT {datanodeUUID=dd9809e6-023f-42ef-96fa-650496b0d2eb, command=[]} | ret=SUCCESS |  
2019-09-19 17:00:11,586 | INFO  | SCMAudit | user=jenkins1000 | ip=192.168.157.226 | op=SEND_HEARTBEAT {datanodeUUID=e59acbe3-2e53-434b-8aef-eb1faf9f1cb0, command=[]} | ret=SUCCESS |  
2019-09-19 17:00:11,790 | INFO  | SCMAudit | user=jenkins1000 | ip=192.168.157.226 | op=SEND_HEARTBEAT {datanodeUUID=c64ef6ee-91bc-492f-96d3-e3ad2b12297f, command=[]} | ret=SUCCESS |  
 0.00% |█                                                                                                    |  0/1 Time: 0:00:032019-09-19 17:00:11,982 | INFO  | SCMAudit | user=jenkins1000 | ip=192.168.157.226 | op=SEND_HEARTBEAT {datanodeUUID=5f94c5ea-0d2c-486e-937b-d09fa3478732, command=[]} | ret=SUCCESS |  
2019-09-19 17:00:12,394 | INFO  | SCMAudit | user=jenkins1000 | ip=192.168.157.226 | op=SEND_HEARTBEAT {datanodeUUID=e858d55d-eb7f-4d43-a7ab-d70ac1b2cf5d, command=[]} | ret=SUCCESS |  
2019-09-19 17:00:12,402 | INFO  | SCMAudit | user=jenkins1000 | ip=192.168.157.226 | op=SEND_HEARTBEAT {datanodeUUID=dd9809e6-023f-42ef-96fa-650496b0d2eb, command=[]} | ret=SUCCESS |  
2019-09-19 17:00:12,600 | INFO  | SCMAudit | user=jenkins1000 | ip=192.168.157.226 | op=SEND_HEARTBEAT {datanodeUUID=e59acbe3-2e53-434b-8aef-eb1faf9f1cb0, command=[]} | ret=SUCCESS |  
2019-09-19 17:00:12,768 [Thread-209] INFO  impl.FollowerState (FollowerState.java:run(106)) - e858d55d-eb7f-4d43-a7ab-d70ac1b2cf5d:group-679EABD06BD5 changes to CANDIDATE, lastRpcTime:5108, electionTimeout:5107ms
2019-09-19 17:00:12,768 [Thread-209] INFO  impl.RoleInfo (RoleInfo.java:shutdownFollowerState(121)) - e858d55d-eb7f-4d43-a7ab-d70ac1b2cf5d: shutdown FollowerState
2019-09-19 17:00:12,768 [Thread-209] INFO  impl.RaftServerImpl (RaftServerImpl.java:setRole(171)) - e858d55d-eb7f-4d43-a7ab-d70ac1b2cf5d:group-679EABD06BD5 changes role from FOLLOWER to CANDIDATE at term 0 for changeToCandidate
2019-09-19 17:00:12,775 [Thread-209] INFO  impl.RoleInfo (RoleInfo.java:updateAndGet(143)) - e858d55d-eb7f-4d43-a7ab-d70ac1b2cf5d: start LeaderElection
2019-09-19 17:00:12,788 | INFO  | SCMAudit | user=jenkins1000 | ip=192.168.157.226 | op=SEND_HEARTBEAT {datanodeUUID=c64ef6ee-91bc-492f-96d3-e3ad2b12297f, command=[]} | ret=SUCCESS |  
2019-09-19 17:00:12,795 [e858d55d-eb7f-4d43-a7ab-d70ac1b2cf5d:group-679EABD06BD5:LeaderElection1] INFO  impl.LeaderElection (LeaderElection.java:askForVotes(181)) - e858d55d-eb7f-4d43-a7ab-d70ac1b2cf5d:group-679EABD06BD5:LeaderElection1: begin an election at term 1 for -1: [e858d55d-eb7f-4d43-a7ab-d70ac1b2cf5d:192.168.157.226:39997], old=null
2019-09-19 17:00:12,797 [e858d55d-eb7f-4d43-a7ab-d70ac1b2cf5d:group-679EABD06BD5:LeaderElection1] INFO  impl.RoleInfo (RoleInfo.java:shutdownLeaderElection(134)) - e858d55d-eb7f-4d43-a7ab-d70ac1b2cf5d: shutdown LeaderElection
2019-09-19 17:00:12,798 [e858d55d-eb7f-4d43-a7ab-d70ac1b2cf5d:group-679EABD06BD5:LeaderElection1] INFO  impl.RaftServerImpl (RaftServerImpl.java:setRole(171)) - e858d55d-eb7f-4d43-a7ab-d70ac1b2cf5d:group-679EABD06BD5 changes role from CANDIDATE to LEADER at term 1 for changeToLeader
2019-09-19 17:00:12,798 [e858d55d-eb7f-4d43-a7ab-d70ac1b2cf5d:group-679EABD06BD5:LeaderElection1] INFO  impl.RaftServerImpl (ServerState.java:setLeader(263)) - e858d55d-eb7f-4d43-a7ab-d70ac1b2cf5d:group-679EABD06BD5 change Leader from null to e858d55d-eb7f-4d43-a7ab-d70ac1b2cf5d at term 1 for becomeLeader, leader elected after 5246ms
2019-09-19 17:00:12,807 [e858d55d-eb7f-4d43-a7ab-d70ac1b2cf5d:group-679EABD06BD5:LeaderElection1] INFO  server.RaftServerConfigKeys (ConfUtils.java:logGet(43)) - raft.server.staging.catchup.gap = 1000 (default)
2019-09-19 17:00:12,807 [e858d55d-eb7f-4d43-a7ab-d70ac1b2cf5d:group-679EABD06BD5:LeaderElection1] INFO  server.RaftServerConfigKeys (ConfUtils.java:logGet(43)) - raft.server.rpc.sleep.time = 25ms (default)
2019-09-19 17:00:12,810 [e858d55d-eb7f-4d43-a7ab-d70ac1b2cf5d:group-679EABD06BD5:LeaderElection1] INFO  server.RaftServerConfigKeys (ConfUtils.java:logGet(43)) - raft.server.write.element-limit = 4096 (default)
2019-09-19 17:00:12,813 [e858d55d-eb7f-4d43-a7ab-d70ac1b2cf5d:group-679EABD06BD5:LeaderElection1] INFO  server.RaftServerConfigKeys (ConfUtils.java:logGet(43)) - raft.server.watch.timeout = 10s (default)
2019-09-19 17:00:12,814 [e858d55d-eb7f-4d43-a7ab-d70ac1b2cf5d:group-679EABD06BD5:LeaderElection1] INFO  server.RaftServerConfigKeys (ConfUtils.java:logGet(43)) - raft.server.watch.timeout.denomination = 1s (default)
2019-09-19 17:00:12,815 [e858d55d-eb7f-4d43-a7ab-d70ac1b2cf5d:group-679EABD06BD5:LeaderElection1] INFO  server.RaftServerConfigKeys (ConfUtils.java:logGet(43)) - raft.server.watch.element-limit = 65536 (default)
2019-09-19 17:00:12,824 [e858d55d-eb7f-4d43-a7ab-d70ac1b2cf5d:group-679EABD06BD5:LeaderElection1] INFO  impl.RoleInfo (RoleInfo.java:updateAndGet(143)) - e858d55d-eb7f-4d43-a7ab-d70ac1b2cf5d: start LeaderState
2019-09-19 17:00:12,847 [e858d55d-eb7f-4d43-a7ab-d70ac1b2cf5d:group-679EABD06BD5:LeaderElection1] INFO  segmented.SegmentedRaftLogWorker (SegmentedRaftLogWorker.java:startLogSegment(380)) - e858d55d-eb7f-4d43-a7ab-d70ac1b2cf5d-SegmentedRaftLogWorker:Storage Directory /workdir/hadoop-ozone/tools/target/test-dir/MiniOzoneClusterImpl-53329b5c-158c-4202-b54c-282115de494f/datanode-0/data/ratis/2eaf0b55-7c74-4ed0-ba74-679eabd06bd5: Starting segment from index:0
2019-09-19 17:00:12,857 [e858d55d-eb7f-4d43-a7ab-d70ac1b2cf5d:group-679EABD06BD5:LeaderElection1] INFO  impl.RaftServerImpl (ServerState.java:setRaftConf(361)) - e858d55d-eb7f-4d43-a7ab-d70ac1b2cf5d:group-679EABD06BD5 set configuration 0: [e858d55d-eb7f-4d43-a7ab-d70ac1b2cf5d:192.168.157.226:39997], old=null at 0
 0.00% |█                                                                                                    |  0/1 Time: 0:00:042019-09-19 17:00:12,941 [Thread-212] INFO  impl.FollowerState (FollowerState.java:run(106)) - 5f94c5ea-0d2c-486e-937b-d09fa3478732:group-DB2D025869A1 changes to CANDIDATE, lastRpcTime:5065, electionTimeout:5063ms
2019-09-19 17:00:12,944 [Thread-212] INFO  impl.RoleInfo (RoleInfo.java:shutdownFollowerState(121)) - 5f94c5ea-0d2c-486e-937b-d09fa3478732: shutdown FollowerState
2019-09-19 17:00:12,944 [Thread-212] INFO  impl.RaftServerImpl (RaftServerImpl.java:setRole(171)) - 5f94c5ea-0d2c-486e-937b-d09fa3478732:group-DB2D025869A1 changes role from FOLLOWER to CANDIDATE at term 0 for changeToCandidate
2019-09-19 17:00:12,945 [Thread-212] INFO  impl.RoleInfo (RoleInfo.java:updateAndGet(143)) - 5f94c5ea-0d2c-486e-937b-d09fa3478732: start LeaderElection
2019-09-19 17:00:12,972 [5f94c5ea-0d2c-486e-937b-d09fa3478732:group-DB2D025869A1:LeaderElection2] INFO  impl.LeaderElection (LeaderElection.java:askForVotes(181)) - 5f94c5ea-0d2c-486e-937b-d09fa3478732:group-DB2D025869A1:LeaderElection2: begin an election at term 1 for -1: [5f94c5ea-0d2c-486e-937b-d09fa3478732:192.168.157.226:34563], old=null
2019-09-19 17:00:12,974 [5f94c5ea-0d2c-486e-937b-d09fa3478732:group-DB2D025869A1:LeaderElection2] INFO  impl.RoleInfo (RoleInfo.java:shutdownLeaderElection(134)) - 5f94c5ea-0d2c-486e-937b-d09fa3478732: shutdown LeaderElection
2019-09-19 17:00:12,974 [5f94c5ea-0d2c-486e-937b-d09fa3478732:group-DB2D025869A1:LeaderElection2] INFO  impl.RaftServerImpl (RaftServerImpl.java:setRole(171)) - 5f94c5ea-0d2c-486e-937b-d09fa3478732:group-DB2D025869A1 changes role from CANDIDATE to LEADER at term 1 for changeToLeader
2019-09-19 17:00:12,974 [5f94c5ea-0d2c-486e-937b-d09fa3478732:group-DB2D025869A1:LeaderElection2] INFO  impl.RaftServerImpl (ServerState.java:setLeader(263)) - 5f94c5ea-0d2c-486e-937b-d09fa3478732:group-DB2D025869A1 change Leader from null to 5f94c5ea-0d2c-486e-937b-d09fa3478732 at term 1 for becomeLeader, leader elected after 5107ms
2019-09-19 17:00:12,977 [5f94c5ea-0d2c-486e-937b-d09fa3478732:group-DB2D025869A1:LeaderElection2] INFO  server.RaftServerConfigKeys (ConfUtils.java:logGet(43)) - raft.server.staging.catchup.gap = 1000 (default)
2019-09-19 17:00:12,977 [5f94c5ea-0d2c-486e-937b-d09fa3478732:group-DB2D025869A1:LeaderElection2] INFO  server.RaftServerConfigKeys (ConfUtils.java:logGet(43)) - raft.server.rpc.sleep.time = 25ms (default)
2019-09-19 17:00:12,978 [5f94c5ea-0d2c-486e-937b-d09fa3478732:group-DB2D025869A1:LeaderElection2] INFO  server.RaftServerConfigKeys (ConfUtils.java:logGet(43)) - raft.server.write.element-limit = 4096 (default)
2019-09-19 17:00:12,978 [5f94c5ea-0d2c-486e-937b-d09fa3478732:group-DB2D025869A1:LeaderElection2] INFO  server.RaftServerConfigKeys (ConfUtils.java:logGet(43)) - raft.server.watch.timeout = 10s (default)
2019-09-19 17:00:12,978 [5f94c5ea-0d2c-486e-937b-d09fa3478732:group-DB2D025869A1:LeaderElection2] INFO  server.RaftServerConfigKeys (ConfUtils.java:logGet(43)) - raft.server.watch.timeout.denomination = 1s (default)
2019-09-19 17:00:12,979 [5f94c5ea-0d2c-486e-937b-d09fa3478732:group-DB2D025869A1:LeaderElection2] INFO  server.RaftServerConfigKeys (ConfUtils.java:logGet(43)) - raft.server.watch.element-limit = 65536 (default)
2019-09-19 17:00:12,979 [5f94c5ea-0d2c-486e-937b-d09fa3478732:group-DB2D025869A1:LeaderElection2] INFO  impl.RoleInfo (RoleInfo.java:updateAndGet(143)) - 5f94c5ea-0d2c-486e-937b-d09fa3478732: start LeaderState
2019-09-19 17:00:12,980 [5f94c5ea-0d2c-486e-937b-d09fa3478732:group-DB2D025869A1:LeaderElection2] INFO  segmented.SegmentedRaftLogWorker (SegmentedRaftLogWorker.java:startLogSegment(380)) - 5f94c5ea-0d2c-486e-937b-d09fa3478732-SegmentedRaftLogWorker:Storage Directory /workdir/hadoop-ozone/tools/target/test-dir/MiniOzoneClusterImpl-53329b5c-158c-4202-b54c-282115de494f/datanode-3/data/ratis/3d8181da-e0b0-479d-91f0-db2d025869a1: Starting segment from index:0
2019-09-19 17:00:12,981 [5f94c5ea-0d2c-486e-937b-d09fa3478732:group-DB2D025869A1:LeaderElection2] INFO  impl.RaftServerImpl (ServerState.java:setRaftConf(361)) - 5f94c5ea-0d2c-486e-937b-d09fa3478732:group-DB2D025869A1 set configuration 0: [5f94c5ea-0d2c-486e-937b-d09fa3478732:192.168.157.226:34563], old=null at 0
2019-09-19 17:00:12,984 | INFO  | SCMAudit | user=jenkins1000 | ip=192.168.157.226 | op=SEND_HEARTBEAT {datanodeUUID=5f94c5ea-0d2c-486e-937b-d09fa3478732, command=[]} | ret=SUCCESS |  
2019-09-19 17:00:13,053 [Thread-218] INFO  impl.FollowerState (FollowerState.java:run(106)) - e858d55d-eb7f-4d43-a7ab-d70ac1b2cf5d:group-B9D12327B8C5 changes to CANDIDATE, lastRpcTime:5010, electionTimeout:5010ms
2019-09-19 17:00:13,053 [Thread-218] INFO  impl.RoleInfo (RoleInfo.java:shutdownFollowerState(121)) - e858d55d-eb7f-4d43-a7ab-d70ac1b2cf5d: shutdown FollowerState
2019-09-19 17:00:13,053 [Thread-218] INFO  impl.RaftServerImpl (RaftServerImpl.java:setRole(171)) - e858d55d-eb7f-4d43-a7ab-d70ac1b2cf5d:group-B9D12327B8C5 changes role from FOLLOWER to CANDIDATE at term 0 for changeToCandidate
2019-09-19 17:00:13,054 [Thread-218] INFO  impl.RoleInfo (RoleInfo.java:updateAndGet(143)) - e858d55d-eb7f-4d43-a7ab-d70ac1b2cf5d: start LeaderElection
2019-09-19 17:00:13,085 [5f94c5ea-0d2c-486e-937b-d09fa3478732-SegmentedRaftLogWorker:Storage Directory /workdir/hadoop-ozone/tools/target/test-dir/MiniOzoneClusterImpl-53329b5c-158c-4202-b54c-282115de494f/datanode-3/data/ratis/3d8181da-e0b0-479d-91f0-db2d025869a1] INFO  segmented.SegmentedRaftLogWorker (SegmentedRaftLogWorker.java:execute(569)) - 5f94c5ea-0d2c-486e-937b-d09fa3478732-SegmentedRaftLogWorker:Storage Directory /workdir/hadoop-ozone/tools/target/test-dir/MiniOzoneClusterImpl-53329b5c-158c-4202-b54c-282115de494f/datanode-3/data/ratis/3d8181da-e0b0-479d-91f0-db2d025869a1: created new log segment /workdir/hadoop-ozone/tools/target/test-dir/MiniOzoneClusterImpl-53329b5c-158c-4202-b54c-282115de494f/datanode-3/data/ratis/3d8181da-e0b0-479d-91f0-db2d025869a1/current/log_inprogress_0
2019-09-19 17:00:13,085 [e858d55d-eb7f-4d43-a7ab-d70ac1b2cf5d-SegmentedRaftLogWorker:Storage Directory /workdir/hadoop-ozone/tools/target/test-dir/MiniOzoneClusterImpl-53329b5c-158c-4202-b54c-282115de494f/datanode-0/data/ratis/2eaf0b55-7c74-4ed0-ba74-679eabd06bd5] INFO  segmented.SegmentedRaftLogWorker (SegmentedRaftLogWorker.java:execute(569)) - e858d55d-eb7f-4d43-a7ab-d70ac1b2cf5d-SegmentedRaftLogWorker:Storage Directory /workdir/hadoop-ozone/tools/target/test-dir/MiniOzoneClusterImpl-53329b5c-158c-4202-b54c-282115de494f/datanode-0/data/ratis/2eaf0b55-7c74-4ed0-ba74-679eabd06bd5: created new log segment /workdir/hadoop-ozone/tools/target/test-dir/MiniOzoneClusterImpl-53329b5c-158c-4202-b54c-282115de494f/datanode-0/data/ratis/2eaf0b55-7c74-4ed0-ba74-679eabd06bd5/current/log_inprogress_0
2019-09-19 17:00:13,085 [e858d55d-eb7f-4d43-a7ab-d70ac1b2cf5d:group-B9D12327B8C5:LeaderElection3] INFO  impl.LeaderElection (LeaderElection.java:askForVotes(181)) - e858d55d-eb7f-4d43-a7ab-d70ac1b2cf5d:group-B9D12327B8C5:LeaderElection3: begin an election at term 1 for -1: [e858d55d-eb7f-4d43-a7ab-d70ac1b2cf5d:192.168.157.226:39997], old=null
2019-09-19 17:00:13,087 [e858d55d-eb7f-4d43-a7ab-d70ac1b2cf5d:group-B9D12327B8C5:LeaderElection3] INFO  impl.RoleInfo (RoleInfo.java:shutdownLeaderElection(134)) - e858d55d-eb7f-4d43-a7ab-d70ac1b2cf5d: shutdown LeaderElection
2019-09-19 17:00:13,087 [e858d55d-eb7f-4d43-a7ab-d70ac1b2cf5d:group-B9D12327B8C5:LeaderElection3] INFO  impl.RaftServerImpl (RaftServerImpl.java:setRole(171)) - e858d55d-eb7f-4d43-a7ab-d70ac1b2cf5d:group-B9D12327B8C5 changes role from CANDIDATE to LEADER at term 1 for changeToLeader
2019-09-19 17:00:13,087 [e858d55d-eb7f-4d43-a7ab-d70ac1b2cf5d:group-B9D12327B8C5:LeaderElection3] INFO  impl.RaftServerImpl (ServerState.java:setLeader(263)) - e858d55d-eb7f-4d43-a7ab-d70ac1b2cf5d:group-B9D12327B8C5 change Leader from null to e858d55d-eb7f-4d43-a7ab-d70ac1b2cf5d at term 1 for becomeLeader, leader elected after 5049ms
2019-09-19 17:00:13,087 [e858d55d-eb7f-4d43-a7ab-d70ac1b2cf5d:group-B9D12327B8C5:LeaderElection3] INFO  server.RaftServerConfigKeys (ConfUtils.java:logGet(43)) - raft.server.staging.catchup.gap = 1000 (default)
2019-09-19 17:00:13,088 [e858d55d-eb7f-4d43-a7ab-d70ac1b2cf5d:group-B9D12327B8C5:LeaderElection3] INFO  server.RaftServerConfigKeys (ConfUtils.java:logGet(43)) - raft.server.rpc.sleep.time = 25ms (default)
2019-09-19 17:00:13,088 [e858d55d-eb7f-4d43-a7ab-d70ac1b2cf5d:group-B9D12327B8C5:LeaderElection3] INFO  server.RaftServerConfigKeys (ConfUtils.java:logGet(43)) - raft.server.write.element-limit = 4096 (default)
2019-09-19 17:00:13,088 [e858d55d-eb7f-4d43-a7ab-d70ac1b2cf5d:group-B9D12327B8C5:LeaderElection3] INFO  server.RaftServerConfigKeys (ConfUtils.java:logGet(43)) - raft.server.watch.timeout = 10s (default)
2019-09-19 17:00:13,088 [e858d55d-eb7f-4d43-a7ab-d70ac1b2cf5d:group-B9D12327B8C5:LeaderElection3] INFO  server.RaftServerConfigKeys (ConfUtils.java:logGet(43)) - raft.server.watch.timeout.denomination = 1s (default)
2019-09-19 17:00:13,088 [e858d55d-eb7f-4d43-a7ab-d70ac1b2cf5d:group-B9D12327B8C5:LeaderElection3] INFO  server.RaftServerConfigKeys (ConfUtils.java:logGet(43)) - raft.server.watch.element-limit = 65536 (default)
2019-09-19 17:00:13,088 [e858d55d-eb7f-4d43-a7ab-d70ac1b2cf5d:group-B9D12327B8C5:LeaderElection3] INFO  impl.RoleInfo (RoleInfo.java:updateAndGet(143)) - e858d55d-eb7f-4d43-a7ab-d70ac1b2cf5d: start LeaderState
2019-09-19 17:00:13,089 [e858d55d-eb7f-4d43-a7ab-d70ac1b2cf5d:group-B9D12327B8C5:LeaderElection3] INFO  segmented.SegmentedRaftLogWorker (SegmentedRaftLogWorker.java:startLogSegment(380)) - e858d55d-eb7f-4d43-a7ab-d70ac1b2cf5d-SegmentedRaftLogWorker:Storage Directory /workdir/hadoop-ozone/tools/target/test-dir/MiniOzoneClusterImpl-53329b5c-158c-4202-b54c-282115de494f/datanode-0/data/ratis/6045768f-254d-40bb-89bb-b9d12327b8c5: Starting segment from index:0
2019-09-19 17:00:13,089 [e858d55d-eb7f-4d43-a7ab-d70ac1b2cf5d:group-B9D12327B8C5:LeaderElection3] INFO  impl.RaftServerImpl (ServerState.java:setRaftConf(361)) - e858d55d-eb7f-4d43-a7ab-d70ac1b2cf5d:group-B9D12327B8C5 set configuration 0: [e858d55d-eb7f-4d43-a7ab-d70ac1b2cf5d:192.168.157.226:39997], old=null at 0
2019-09-19 17:00:13,153 [e858d55d-eb7f-4d43-a7ab-d70ac1b2cf5d-SegmentedRaftLogWorker:Storage Directory /workdir/hadoop-ozone/tools/target/test-dir/MiniOzoneClusterImpl-53329b5c-158c-4202-b54c-282115de494f/datanode-0/data/ratis/6045768f-254d-40bb-89bb-b9d12327b8c5] INFO  segmented.SegmentedRaftLogWorker (SegmentedRaftLogWorker.java:execute(569)) - e858d55d-eb7f-4d43-a7ab-d70ac1b2cf5d-SegmentedRaftLogWorker:Storage Directory /workdir/hadoop-ozone/tools/target/test-dir/MiniOzoneClusterImpl-53329b5c-158c-4202-b54c-282115de494f/datanode-0/data/ratis/6045768f-254d-40bb-89bb-b9d12327b8c5: created new log segment /workdir/hadoop-ozone/tools/target/test-dir/MiniOzoneClusterImpl-53329b5c-158c-4202-b54c-282115de494f/datanode-0/data/ratis/6045768f-254d-40bb-89bb-b9d12327b8c5/current/log_inprogress_0
2019-09-19 17:00:13,155 [Thread-215] INFO  impl.FollowerState (FollowerState.java:run(106)) - e858d55d-eb7f-4d43-a7ab-d70ac1b2cf5d:group-202373BDDF4D changes to CANDIDATE, lastRpcTime:5181, electionTimeout:5180ms
2019-09-19 17:00:13,155 [Thread-215] INFO  impl.RoleInfo (RoleInfo.java:shutdownFollowerState(121)) - e858d55d-eb7f-4d43-a7ab-d70ac1b2cf5d: shutdown FollowerState
2019-09-19 17:00:13,155 [Thread-215] INFO  impl.RaftServerImpl (RaftServerImpl.java:setRole(171)) - e858d55d-eb7f-4d43-a7ab-d70ac1b2cf5d:group-202373BDDF4D changes role from FOLLOWER to CANDIDATE at term 0 for changeToCandidate
2019-09-19 17:00:13,155 [Thread-215] INFO  impl.RoleInfo (RoleInfo.java:updateAndGet(143)) - e858d55d-eb7f-4d43-a7ab-d70ac1b2cf5d: start LeaderElection
2019-09-19 17:00:13,169 [e858d55d-eb7f-4d43-a7ab-d70ac1b2cf5d:group-202373BDDF4D:LeaderElection4] INFO  impl.LeaderElection (LeaderElection.java:askForVotes(181)) - e858d55d-eb7f-4d43-a7ab-d70ac1b2cf5d:group-202373BDDF4D:LeaderElection4: begin an election at term 1 for -1: [e858d55d-eb7f-4d43-a7ab-d70ac1b2cf5d:192.168.157.226:39997], old=null
2019-09-19 17:00:13,171 [e858d55d-eb7f-4d43-a7ab-d70ac1b2cf5d:group-202373BDDF4D:LeaderElection4] INFO  impl.RoleInfo (RoleInfo.java:shutdownLeaderElection(134)) - e858d55d-eb7f-4d43-a7ab-d70ac1b2cf5d: shutdown LeaderElection
2019-09-19 17:00:13,171 [e858d55d-eb7f-4d43-a7ab-d70ac1b2cf5d:group-202373BDDF4D:LeaderElection4] INFO  impl.RaftServerImpl (RaftServerImpl.java:setRole(171)) - e858d55d-eb7f-4d43-a7ab-d70ac1b2cf5d:group-202373BDDF4D changes role from CANDIDATE to LEADER at term 1 for changeToLeader
2019-09-19 17:00:13,171 [e858d55d-eb7f-4d43-a7ab-d70ac1b2cf5d:group-202373BDDF4D:LeaderElection4] INFO  impl.RaftServerImpl (ServerState.java:setLeader(263)) - e858d55d-eb7f-4d43-a7ab-d70ac1b2cf5d:group-202373BDDF4D change Leader from null to e858d55d-eb7f-4d43-a7ab-d70ac1b2cf5d at term 1 for becomeLeader, leader elected after 5204ms
2019-09-19 17:00:13,171 [e858d55d-eb7f-4d43-a7ab-d70ac1b2cf5d:group-202373BDDF4D:LeaderElection4] INFO  server.RaftServerConfigKeys (ConfUtils.java:logGet(43)) - raft.server.staging.catchup.gap = 1000 (default)
2019-09-19 17:00:13,172 [e858d55d-eb7f-4d43-a7ab-d70ac1b2cf5d:group-202373BDDF4D:LeaderElection4] INFO  server.RaftServerConfigKeys (ConfUtils.java:logGet(43)) - raft.server.rpc.sleep.time = 25ms (default)
2019-09-19 17:00:13,172 [e858d55d-eb7f-4d43-a7ab-d70ac1b2cf5d:group-202373BDDF4D:LeaderElection4] INFO  server.RaftServerConfigKeys (ConfUtils.java:logGet(43)) - raft.server.write.element-limit = 4096 (default)
2019-09-19 17:00:13,172 [e858d55d-eb7f-4d43-a7ab-d70ac1b2cf5d:group-202373BDDF4D:LeaderElection4] INFO  server.RaftServerConfigKeys (ConfUtils.java:logGet(43)) - raft.server.watch.timeout = 10s (default)
2019-09-19 17:00:13,172 [e858d55d-eb7f-4d43-a7ab-d70ac1b2cf5d:group-202373BDDF4D:LeaderElection4] INFO  server.RaftServerConfigKeys (ConfUtils.java:logGet(43)) - raft.server.watch.timeout.denomination = 1s (default)
2019-09-19 17:00:13,173 [e858d55d-eb7f-4d43-a7ab-d70ac1b2cf5d:group-202373BDDF4D:LeaderElection4] INFO  server.RaftServerConfigKeys (ConfUtils.java:logGet(43)) - raft.server.watch.element-limit = 65536 (default)
2019-09-19 17:00:13,173 [e858d55d-eb7f-4d43-a7ab-d70ac1b2cf5d:group-202373BDDF4D:LeaderElection4] INFO  impl.RoleInfo (RoleInfo.java:updateAndGet(143)) - e858d55d-eb7f-4d43-a7ab-d70ac1b2cf5d: start LeaderState
2019-09-19 17:00:13,173 [e858d55d-eb7f-4d43-a7ab-d70ac1b2cf5d:group-202373BDDF4D:LeaderElection4] INFO  segmented.SegmentedRaftLogWorker (SegmentedRaftLogWorker.java:startLogSegment(380)) - e858d55d-eb7f-4d43-a7ab-d70ac1b2cf5d-SegmentedRaftLogWorker:Storage Directory /workdir/hadoop-ozone/tools/target/test-dir/MiniOzoneClusterImpl-53329b5c-158c-4202-b54c-282115de494f/datanode-0/data/ratis/f100a592-77b0-4fa6-bf98-202373bddf4d: Starting segment from index:0
2019-09-19 17:00:13,174 [e858d55d-eb7f-4d43-a7ab-d70ac1b2cf5d:group-202373BDDF4D:LeaderElection4] INFO  impl.RaftServerImpl (ServerState.java:setRaftConf(361)) - e858d55d-eb7f-4d43-a7ab-d70ac1b2cf5d:group-202373BDDF4D set configuration 0: [e858d55d-eb7f-4d43-a7ab-d70ac1b2cf5d:192.168.157.226:39997], old=null at 0
2019-09-19 17:00:13,219 [e858d55d-eb7f-4d43-a7ab-d70ac1b2cf5d-SegmentedRaftLogWorker:Storage Directory /workdir/hadoop-ozone/tools/target/test-dir/MiniOzoneClusterImpl-53329b5c-158c-4202-b54c-282115de494f/datanode-0/data/ratis/f100a592-77b0-4fa6-bf98-202373bddf4d] INFO  segmented.SegmentedRaftLogWorker (SegmentedRaftLogWorker.java:execute(569)) - e858d55d-eb7f-4d43-a7ab-d70ac1b2cf5d-SegmentedRaftLogWorker:Storage Directory /workdir/hadoop-ozone/tools/target/test-dir/MiniOzoneClusterImpl-53329b5c-158c-4202-b54c-282115de494f/datanode-0/data/ratis/f100a592-77b0-4fa6-bf98-202373bddf4d: created new log segment /workdir/hadoop-ozone/tools/target/test-dir/MiniOzoneClusterImpl-53329b5c-158c-4202-b54c-282115de494f/datanode-0/data/ratis/f100a592-77b0-4fa6-bf98-202373bddf4d/current/log_inprogress_0
2019-09-19 17:00:13,283 [Thread-224] INFO  impl.FollowerState (FollowerState.java:run(106)) - e59acbe3-2e53-434b-8aef-eb1faf9f1cb0:group-EC5567898DA8 changes to CANDIDATE, lastRpcTime:5073, electionTimeout:5073ms
2019-09-19 17:00:13,283 [Thread-224] INFO  impl.RoleInfo (RoleInfo.java:shutdownFollowerState(121)) - e59acbe3-2e53-434b-8aef-eb1faf9f1cb0: shutdown FollowerState
2019-09-19 17:00:13,284 [Thread-224] INFO  impl.RaftServerImpl (RaftServerImpl.java:setRole(171)) - e59acbe3-2e53-434b-8aef-eb1faf9f1cb0:group-EC5567898DA8 changes role from FOLLOWER to CANDIDATE at term 0 for changeToCandidate
2019-09-19 17:00:13,284 [Thread-224] INFO  impl.RoleInfo (RoleInfo.java:updateAndGet(143)) - e59acbe3-2e53-434b-8aef-eb1faf9f1cb0: start LeaderElection
2019-09-19 17:00:13,293 [Thread-221] INFO  impl.FollowerState (FollowerState.java:run(106)) - c64ef6ee-91bc-492f-96d3-e3ad2b12297f:group-F4DB1B0DEF8A changes to CANDIDATE, lastRpcTime:5154, electionTimeout:5154ms
2019-09-19 17:00:13,295 [Thread-221] INFO  impl.RoleInfo (RoleInfo.java:shutdownFollowerState(121)) - c64ef6ee-91bc-492f-96d3-e3ad2b12297f: shutdown FollowerState
2019-09-19 17:00:13,295 [Thread-221] INFO  impl.RaftServerImpl (RaftServerImpl.java:setRole(171)) - c64ef6ee-91bc-492f-96d3-e3ad2b12297f:group-F4DB1B0DEF8A changes role from FOLLOWER to CANDIDATE at term 0 for changeToCandidate
2019-09-19 17:00:13,295 [Thread-221] INFO  impl.RoleInfo (RoleInfo.java:updateAndGet(143)) - c64ef6ee-91bc-492f-96d3-e3ad2b12297f: start LeaderElection
2019-09-19 17:00:13,303 [c64ef6ee-91bc-492f-96d3-e3ad2b12297f:group-F4DB1B0DEF8A:LeaderElection6] INFO  impl.LeaderElection (LeaderElection.java:askForVotes(181)) - c64ef6ee-91bc-492f-96d3-e3ad2b12297f:group-F4DB1B0DEF8A:LeaderElection6: begin an election at term 1 for -1: [c64ef6ee-91bc-492f-96d3-e3ad2b12297f:192.168.157.226:43735], old=null
2019-09-19 17:00:13,303 [e59acbe3-2e53-434b-8aef-eb1faf9f1cb0:group-EC5567898DA8:LeaderElection5] INFO  impl.LeaderElection (LeaderElection.java:askForVotes(181)) - e59acbe3-2e53-434b-8aef-eb1faf9f1cb0:group-EC5567898DA8:LeaderElection5: begin an election at term 1 for -1: [e59acbe3-2e53-434b-8aef-eb1faf9f1cb0:192.168.157.226:41120], old=null
2019-09-19 17:00:13,303 [c64ef6ee-91bc-492f-96d3-e3ad2b12297f:group-F4DB1B0DEF8A:LeaderElection6] INFO  impl.RoleInfo (RoleInfo.java:shutdownLeaderElection(134)) - c64ef6ee-91bc-492f-96d3-e3ad2b12297f: shutdown LeaderElection
2019-09-19 17:00:13,303 [e59acbe3-2e53-434b-8aef-eb1faf9f1cb0:group-EC5567898DA8:LeaderElection5] INFO  impl.RoleInfo (RoleInfo.java:shutdownLeaderElection(134)) - e59acbe3-2e53-434b-8aef-eb1faf9f1cb0: shutdown LeaderElection
2019-09-19 17:00:13,303 [c64ef6ee-91bc-492f-96d3-e3ad2b12297f:group-F4DB1B0DEF8A:LeaderElection6] INFO  impl.RaftServerImpl (RaftServerImpl.java:setRole(171)) - c64ef6ee-91bc-492f-96d3-e3ad2b12297f:group-F4DB1B0DEF8A changes role from CANDIDATE to LEADER at term 1 for changeToLeader
2019-09-19 17:00:13,303 [e59acbe3-2e53-434b-8aef-eb1faf9f1cb0:group-EC5567898DA8:LeaderElection5] INFO  impl.RaftServerImpl (RaftServerImpl.java:setRole(171)) - e59acbe3-2e53-434b-8aef-eb1faf9f1cb0:group-EC5567898DA8 changes role from CANDIDATE to LEADER at term 1 for changeToLeader
2019-09-19 17:00:13,304 [c64ef6ee-91bc-492f-96d3-e3ad2b12297f:group-F4DB1B0DEF8A:LeaderElection6] INFO  impl.RaftServerImpl (ServerState.java:setLeader(263)) - c64ef6ee-91bc-492f-96d3-e3ad2b12297f:group-F4DB1B0DEF8A change Leader from null to c64ef6ee-91bc-492f-96d3-e3ad2b12297f at term 1 for becomeLeader, leader elected after 5171ms
2019-09-19 17:00:13,304 [e59acbe3-2e53-434b-8aef-eb1faf9f1cb0:group-EC5567898DA8:LeaderElection5] INFO  impl.RaftServerImpl (ServerState.java:setLeader(263)) - e59acbe3-2e53-434b-8aef-eb1faf9f1cb0:group-EC5567898DA8 change Leader from null to e59acbe3-2e53-434b-8aef-eb1faf9f1cb0 at term 1 for becomeLeader, leader elected after 5098ms
2019-09-19 17:00:13,305 [c64ef6ee-91bc-492f-96d3-e3ad2b12297f:group-F4DB1B0DEF8A:LeaderElection6] INFO  server.RaftServerConfigKeys (ConfUtils.java:logGet(43)) - raft.server.staging.catchup.gap = 1000 (default)
2019-09-19 17:00:13,307 [e59acbe3-2e53-434b-8aef-eb1faf9f1cb0:group-EC5567898DA8:LeaderElection5] INFO  server.RaftServerConfigKeys (ConfUtils.java:logGet(43)) - raft.server.staging.catchup.gap = 1000 (default)
2019-09-19 17:00:13,307 [c64ef6ee-91bc-492f-96d3-e3ad2b12297f:group-F4DB1B0DEF8A:LeaderElection6] INFO  server.RaftServerConfigKeys (ConfUtils.java:logGet(43)) - raft.server.rpc.sleep.time = 25ms (default)
2019-09-19 17:00:13,307 [e59acbe3-2e53-434b-8aef-eb1faf9f1cb0:group-EC5567898DA8:LeaderElection5] INFO  server.RaftServerConfigKeys (ConfUtils.java:logGet(43)) - raft.server.rpc.sleep.time = 25ms (default)
2019-09-19 17:00:13,308 [c64ef6ee-91bc-492f-96d3-e3ad2b12297f:group-F4DB1B0DEF8A:LeaderElection6] INFO  server.RaftServerConfigKeys (ConfUtils.java:logGet(43)) - raft.server.write.element-limit = 4096 (default)
2019-09-19 17:00:13,308 [e59acbe3-2e53-434b-8aef-eb1faf9f1cb0:group-EC5567898DA8:LeaderElection5] INFO  server.RaftServerConfigKeys (ConfUtils.java:logGet(43)) - raft.server.write.element-limit = 4096 (default)
2019-09-19 17:00:13,308 [c64ef6ee-91bc-492f-96d3-e3ad2b12297f:group-F4DB1B0DEF8A:LeaderElection6] INFO  server.RaftServerConfigKeys (ConfUtils.java:logGet(43)) - raft.server.watch.timeout = 10s (default)
2019-09-19 17:00:13,308 [e59acbe3-2e53-434b-8aef-eb1faf9f1cb0:group-EC5567898DA8:LeaderElection5] INFO  server.RaftServerConfigKeys (ConfUtils.java:logGet(43)) - raft.server.watch.timeout = 10s (default)
2019-09-19 17:00:13,308 [c64ef6ee-91bc-492f-96d3-e3ad2b12297f:group-F4DB1B0DEF8A:LeaderElection6] INFO  server.RaftServerConfigKeys (ConfUtils.java:logGet(43)) - raft.server.watch.timeout.denomination = 1s (default)
2019-09-19 17:00:13,308 [e59acbe3-2e53-434b-8aef-eb1faf9f1cb0:group-EC5567898DA8:LeaderElection5] INFO  server.RaftServerConfigKeys (ConfUtils.java:logGet(43)) - raft.server.watch.timeout.denomination = 1s (default)
2019-09-19 17:00:13,308 [c64ef6ee-91bc-492f-96d3-e3ad2b12297f:group-F4DB1B0DEF8A:LeaderElection6] INFO  server.RaftServerConfigKeys (ConfUtils.java:logGet(43)) - raft.server.watch.element-limit = 65536 (default)
2019-09-19 17:00:13,309 [e59acbe3-2e53-434b-8aef-eb1faf9f1cb0:group-EC5567898DA8:LeaderElection5] INFO  server.RaftServerConfigKeys (ConfUtils.java:logGet(43)) - raft.server.watch.element-limit = 65536 (default)
2019-09-19 17:00:13,309 [c64ef6ee-91bc-492f-96d3-e3ad2b12297f:group-F4DB1B0DEF8A:LeaderElection6] INFO  impl.RoleInfo (RoleInfo.java:updateAndGet(143)) - c64ef6ee-91bc-492f-96d3-e3ad2b12297f: start LeaderState
2019-09-19 17:00:13,309 [e59acbe3-2e53-434b-8aef-eb1faf9f1cb0:group-EC5567898DA8:LeaderElection5] INFO  impl.RoleInfo (RoleInfo.java:updateAndGet(143)) - e59acbe3-2e53-434b-8aef-eb1faf9f1cb0: start LeaderState
2019-09-19 17:00:13,309 [c64ef6ee-91bc-492f-96d3-e3ad2b12297f:group-F4DB1B0DEF8A:LeaderElection6] INFO  segmented.SegmentedRaftLogWorker (SegmentedRaftLogWorker.java:startLogSegment(380)) - c64ef6ee-91bc-492f-96d3-e3ad2b12297f-SegmentedRaftLogWorker:Storage Directory /workdir/hadoop-ozone/tools/target/test-dir/MiniOzoneClusterImpl-53329b5c-158c-4202-b54c-282115de494f/datanode-2/data/ratis/96191952-b185-4609-88dc-f4db1b0def8a: Starting segment from index:0
2019-09-19 17:00:13,310 [e59acbe3-2e53-434b-8aef-eb1faf9f1cb0:group-EC5567898DA8:LeaderElection5] INFO  segmented.SegmentedRaftLogWorker (SegmentedRaftLogWorker.java:startLogSegment(380)) - e59acbe3-2e53-434b-8aef-eb1faf9f1cb0-SegmentedRaftLogWorker:Storage Directory /workdir/hadoop-ozone/tools/target/test-dir/MiniOzoneClusterImpl-53329b5c-158c-4202-b54c-282115de494f/datanode-1/data/ratis/9acdf7e5-da96-47f0-bbc1-ec5567898da8: Starting segment from index:0
2019-09-19 17:00:13,310 [c64ef6ee-91bc-492f-96d3-e3ad2b12297f:group-F4DB1B0DEF8A:LeaderElection6] INFO  impl.RaftServerImpl (ServerState.java:setRaftConf(361)) - c64ef6ee-91bc-492f-96d3-e3ad2b12297f:group-F4DB1B0DEF8A set configuration 0: [c64ef6ee-91bc-492f-96d3-e3ad2b12297f:192.168.157.226:43735], old=null at 0
2019-09-19 17:00:13,353 [e59acbe3-2e53-434b-8aef-eb1faf9f1cb0:group-EC5567898DA8:LeaderElection5] INFO  impl.RaftServerImpl (ServerState.java:setRaftConf(361)) - e59acbe3-2e53-434b-8aef-eb1faf9f1cb0:group-EC5567898DA8 set configuration 0: [e59acbe3-2e53-434b-8aef-eb1faf9f1cb0:192.168.157.226:41120], old=null at 0
2019-09-19 17:00:13,367 [e59acbe3-2e53-434b-8aef-eb1faf9f1cb0-SegmentedRaftLogWorker:Storage Directory /workdir/hadoop-ozone/tools/target/test-dir/MiniOzoneClusterImpl-53329b5c-158c-4202-b54c-282115de494f/datanode-1/data/ratis/9acdf7e5-da96-47f0-bbc1-ec5567898da8] INFO  segmented.SegmentedRaftLogWorker (SegmentedRaftLogWorker.java:execute(569)) - e59acbe3-2e53-434b-8aef-eb1faf9f1cb0-SegmentedRaftLogWorker:Storage Directory /workdir/hadoop-ozone/tools/target/test-dir/MiniOzoneClusterImpl-53329b5c-158c-4202-b54c-282115de494f/datanode-1/data/ratis/9acdf7e5-da96-47f0-bbc1-ec5567898da8: created new log segment /workdir/hadoop-ozone/tools/target/test-dir/MiniOzoneClusterImpl-53329b5c-158c-4202-b54c-282115de494f/datanode-1/data/ratis/9acdf7e5-da96-47f0-bbc1-ec5567898da8/current/log_inprogress_0
2019-09-19 17:00:13,367 [c64ef6ee-91bc-492f-96d3-e3ad2b12297f-SegmentedRaftLogWorker:Storage Directory /workdir/hadoop-ozone/tools/target/test-dir/MiniOzoneClusterImpl-53329b5c-158c-4202-b54c-282115de494f/datanode-2/data/ratis/96191952-b185-4609-88dc-f4db1b0def8a] INFO  segmented.SegmentedRaftLogWorker (SegmentedRaftLogWorker.java:execute(569)) - c64ef6ee-91bc-492f-96d3-e3ad2b12297f-SegmentedRaftLogWorker:Storage Directory /workdir/hadoop-ozone/tools/target/test-dir/MiniOzoneClusterImpl-53329b5c-158c-4202-b54c-282115de494f/datanode-2/data/ratis/96191952-b185-4609-88dc-f4db1b0def8a: created new log segment /workdir/hadoop-ozone/tools/target/test-dir/MiniOzoneClusterImpl-53329b5c-158c-4202-b54c-282115de494f/datanode-2/data/ratis/96191952-b185-4609-88dc-f4db1b0def8a/current/log_inprogress_0
2019-09-19 17:00:13,392 | INFO  | SCMAudit | user=jenkins1000 | ip=192.168.157.226 | op=SEND_HEARTBEAT {datanodeUUID=e858d55d-eb7f-4d43-a7ab-d70ac1b2cf5d, command=[]} | ret=SUCCESS |  
2019-09-19 17:00:13,399 | INFO  | SCMAudit | user=jenkins1000 | ip=192.168.157.226 | op=SEND_HEARTBEAT {datanodeUUID=dd9809e6-023f-42ef-96fa-650496b0d2eb, command=[]} | ret=SUCCESS |  
2019-09-19 17:00:13,419 [Thread-230] INFO  impl.FollowerState (FollowerState.java:run(106)) - e59acbe3-2e53-434b-8aef-eb1faf9f1cb0:group-134204B31447 changes to CANDIDATE, lastRpcTime:5065, electionTimeout:5065ms
2019-09-19 17:00:13,421 [Thread-230] INFO  impl.RoleInfo (RoleInfo.java:shutdownFollowerState(121)) - e59acbe3-2e53-434b-8aef-eb1faf9f1cb0: shutdown FollowerState
2019-09-19 17:00:13,421 [Thread-230] INFO  impl.RaftServerImpl (RaftServerImpl.java:setRole(171)) - e59acbe3-2e53-434b-8aef-eb1faf9f1cb0:group-134204B31447 changes role from FOLLOWER to CANDIDATE at term 0 for changeToCandidate
2019-09-19 17:00:13,421 [Thread-230] INFO  impl.RoleInfo (RoleInfo.java:updateAndGet(143)) - e59acbe3-2e53-434b-8aef-eb1faf9f1cb0: start LeaderElection
2019-09-19 17:00:13,438 [e59acbe3-2e53-434b-8aef-eb1faf9f1cb0:group-134204B31447:LeaderElection7] INFO  impl.LeaderElection (LeaderElection.java:askForVotes(181)) - e59acbe3-2e53-434b-8aef-eb1faf9f1cb0:group-134204B31447:LeaderElection7: begin an election at term 1 for -1: [e59acbe3-2e53-434b-8aef-eb1faf9f1cb0:192.168.157.226:41120], old=null
2019-09-19 17:00:13,440 [e59acbe3-2e53-434b-8aef-eb1faf9f1cb0:group-134204B31447:LeaderElection7] INFO  impl.RoleInfo (RoleInfo.java:shutdownLeaderElection(134)) - e59acbe3-2e53-434b-8aef-eb1faf9f1cb0: shutdown LeaderElection
2019-09-19 17:00:13,440 [e59acbe3-2e53-434b-8aef-eb1faf9f1cb0:group-134204B31447:LeaderElection7] INFO  impl.RaftServerImpl (RaftServerImpl.java:setRole(171)) - e59acbe3-2e53-434b-8aef-eb1faf9f1cb0:group-134204B31447 changes role from CANDIDATE to LEADER at term 1 for changeToLeader
2019-09-19 17:00:13,440 [e59acbe3-2e53-434b-8aef-eb1faf9f1cb0:group-134204B31447:LeaderElection7] INFO  impl.RaftServerImpl (ServerState.java:setLeader(263)) - e59acbe3-2e53-434b-8aef-eb1faf9f1cb0:group-134204B31447 change Leader from null to e59acbe3-2e53-434b-8aef-eb1faf9f1cb0 at term 1 for becomeLeader, leader elected after 5090ms
2019-09-19 17:00:13,441 [e59acbe3-2e53-434b-8aef-eb1faf9f1cb0:group-134204B31447:LeaderElection7] INFO  server.RaftServerConfigKeys (ConfUtils.java:logGet(43)) - raft.server.staging.catchup.gap = 1000 (default)
2019-09-19 17:00:13,441 [e59acbe3-2e53-434b-8aef-eb1faf9f1cb0:group-134204B31447:LeaderElection7] INFO  server.RaftServerConfigKeys (ConfUtils.java:logGet(43)) - raft.server.rpc.sleep.time = 25ms (default)
2019-09-19 17:00:13,441 [e59acbe3-2e53-434b-8aef-eb1faf9f1cb0:group-134204B31447:LeaderElection7] INFO  server.RaftServerConfigKeys (ConfUtils.java:logGet(43)) - raft.server.write.element-limit = 4096 (default)
2019-09-19 17:00:13,441 [e59acbe3-2e53-434b-8aef-eb1faf9f1cb0:group-134204B31447:LeaderElection7] INFO  server.RaftServerConfigKeys (ConfUtils.java:logGet(43)) - raft.server.watch.timeout = 10s (default)
2019-09-19 17:00:13,441 [e59acbe3-2e53-434b-8aef-eb1faf9f1cb0:group-134204B31447:LeaderElection7] INFO  server.RaftServerConfigKeys (ConfUtils.java:logGet(43)) - raft.server.watch.timeout.denomination = 1s (default)
2019-09-19 17:00:13,442 [e59acbe3-2e53-434b-8aef-eb1faf9f1cb0:group-134204B31447:LeaderElection7] INFO  server.RaftServerConfigKeys (ConfUtils.java:logGet(43)) - raft.server.watch.element-limit = 65536 (default)
2019-09-19 17:00:13,442 [e59acbe3-2e53-434b-8aef-eb1faf9f1cb0:group-134204B31447:LeaderElection7] INFO  impl.RoleInfo (RoleInfo.java:updateAndGet(143)) - e59acbe3-2e53-434b-8aef-eb1faf9f1cb0: start LeaderState
2019-09-19 17:00:13,442 [e59acbe3-2e53-434b-8aef-eb1faf9f1cb0:group-134204B31447:LeaderElection7] INFO  segmented.SegmentedRaftLogWorker (SegmentedRaftLogWorker.java:startLogSegment(380)) - e59acbe3-2e53-434b-8aef-eb1faf9f1cb0-SegmentedRaftLogWorker:Storage Directory /workdir/hadoop-ozone/tools/target/test-dir/MiniOzoneClusterImpl-53329b5c-158c-4202-b54c-282115de494f/datanode-1/data/ratis/fbb4f5e4-d290-4392-9189-134204b31447: Starting segment from index:0
2019-09-19 17:00:13,443 [e59acbe3-2e53-434b-8aef-eb1faf9f1cb0:group-134204B31447:LeaderElection7] INFO  impl.RaftServerImpl (ServerState.java:setRaftConf(361)) - e59acbe3-2e53-434b-8aef-eb1faf9f1cb0:group-134204B31447 set configuration 0: [e59acbe3-2e53-434b-8aef-eb1faf9f1cb0:192.168.157.226:41120], old=null at 0
2019-09-19 17:00:13,479 [Thread-233] INFO  impl.FollowerState (FollowerState.java:run(106)) - e59acbe3-2e53-434b-8aef-eb1faf9f1cb0:group-08CF39A1D4D3 changes to CANDIDATE, lastRpcTime:5064, electionTimeout:5064ms
2019-09-19 17:00:13,479 [Thread-233] INFO  impl.RoleInfo (RoleInfo.java:shutdownFollowerState(121)) - e59acbe3-2e53-434b-8aef-eb1faf9f1cb0: shutdown FollowerState
2019-09-19 17:00:13,479 [Thread-233] INFO  impl.RaftServerImpl (RaftServerImpl.java:setRole(171)) - e59acbe3-2e53-434b-8aef-eb1faf9f1cb0:group-08CF39A1D4D3 changes role from FOLLOWER to CANDIDATE at term 0 for changeToCandidate
2019-09-19 17:00:13,479 [Thread-233] INFO  impl.RoleInfo (RoleInfo.java:updateAndGet(143)) - e59acbe3-2e53-434b-8aef-eb1faf9f1cb0: start LeaderElection
2019-09-19 17:00:13,483 [Thread-227] INFO  impl.FollowerState (FollowerState.java:run(106)) - e858d55d-eb7f-4d43-a7ab-d70ac1b2cf5d:group-9386ADD5E1D6 changes to CANDIDATE, lastRpcTime:5194, electionTimeout:5194ms
2019-09-19 17:00:13,484 [Thread-227] INFO  impl.RoleInfo (RoleInfo.java:shutdownFollowerState(121)) - e858d55d-eb7f-4d43-a7ab-d70ac1b2cf5d: shutdown FollowerState
2019-09-19 17:00:13,484 [Thread-227] INFO  impl.RaftServerImpl (RaftServerImpl.java:setRole(171)) - e858d55d-eb7f-4d43-a7ab-d70ac1b2cf5d:group-9386ADD5E1D6 changes role from FOLLOWER to CANDIDATE at term 0 for changeToCandidate
2019-09-19 17:00:13,484 [Thread-227] INFO  impl.RoleInfo (RoleInfo.java:updateAndGet(143)) - e858d55d-eb7f-4d43-a7ab-d70ac1b2cf5d: start LeaderElection
2019-09-19 17:00:13,498 [e59acbe3-2e53-434b-8aef-eb1faf9f1cb0-SegmentedRaftLogWorker:Storage Directory /workdir/hadoop-ozone/tools/target/test-dir/MiniOzoneClusterImpl-53329b5c-158c-4202-b54c-282115de494f/datanode-1/data/ratis/fbb4f5e4-d290-4392-9189-134204b31447] INFO  segmented.SegmentedRaftLogWorker (SegmentedRaftLogWorker.java:execute(569)) - e59acbe3-2e53-434b-8aef-eb1faf9f1cb0-SegmentedRaftLogWorker:Storage Directory /workdir/hadoop-ozone/tools/target/test-dir/MiniOzoneClusterImpl-53329b5c-158c-4202-b54c-282115de494f/datanode-1/data/ratis/fbb4f5e4-d290-4392-9189-134204b31447: created new log segment /workdir/hadoop-ozone/tools/target/test-dir/MiniOzoneClusterImpl-53329b5c-158c-4202-b54c-282115de494f/datanode-1/data/ratis/fbb4f5e4-d290-4392-9189-134204b31447/current/log_inprogress_0
2019-09-19 17:00:13,499 [e59acbe3-2e53-434b-8aef-eb1faf9f1cb0:group-08CF39A1D4D3:LeaderElection8] INFO  impl.LeaderElection (LeaderElection.java:askForVotes(181)) - e59acbe3-2e53-434b-8aef-eb1faf9f1cb0:group-08CF39A1D4D3:LeaderElection8: begin an election at term 1 for -1: [e59acbe3-2e53-434b-8aef-eb1faf9f1cb0:192.168.157.226:41120], old=null
2019-09-19 17:00:13,499 [e59acbe3-2e53-434b-8aef-eb1faf9f1cb0:group-08CF39A1D4D3:LeaderElection8] INFO  impl.RoleInfo (RoleInfo.java:shutdownLeaderElection(134)) - e59acbe3-2e53-434b-8aef-eb1faf9f1cb0: shutdown LeaderElection
2019-09-19 17:00:13,499 [e59acbe3-2e53-434b-8aef-eb1faf9f1cb0:group-08CF39A1D4D3:LeaderElection8] INFO  impl.RaftServerImpl (RaftServerImpl.java:setRole(171)) - e59acbe3-2e53-434b-8aef-eb1faf9f1cb0:group-08CF39A1D4D3 changes role from CANDIDATE to LEADER at term 1 for changeToLeader
2019-09-19 17:00:13,499 [e59acbe3-2e53-434b-8aef-eb1faf9f1cb0:group-08CF39A1D4D3:LeaderElection8] INFO  impl.RaftServerImpl (ServerState.java:setLeader(263)) - e59acbe3-2e53-434b-8aef-eb1faf9f1cb0:group-08CF39A1D4D3 change Leader from null to e59acbe3-2e53-434b-8aef-eb1faf9f1cb0 at term 1 for becomeLeader, leader elected after 5088ms
2019-09-19 17:00:13,499 [e59acbe3-2e53-434b-8aef-eb1faf9f1cb0:group-08CF39A1D4D3:LeaderElection8] INFO  server.RaftServerConfigKeys (ConfUtils.java:logGet(43)) - raft.server.staging.catchup.gap = 1000 (default)
2019-09-19 17:00:13,499 [e59acbe3-2e53-434b-8aef-eb1faf9f1cb0:group-08CF39A1D4D3:LeaderElection8] INFO  server.RaftServerConfigKeys (ConfUtils.java:logGet(43)) - raft.server.rpc.sleep.time = 25ms (default)
2019-09-19 17:00:13,500 [e59acbe3-2e53-434b-8aef-eb1faf9f1cb0:group-08CF39A1D4D3:LeaderElection8] INFO  server.RaftServerConfigKeys (ConfUtils.java:logGet(43)) - raft.server.write.element-limit = 4096 (default)
2019-09-19 17:00:13,500 [e59acbe3-2e53-434b-8aef-eb1faf9f1cb0:group-08CF39A1D4D3:LeaderElection8] INFO  server.RaftServerConfigKeys (ConfUtils.java:logGet(43)) - raft.server.watch.timeout = 10s (default)
2019-09-19 17:00:13,500 [e59acbe3-2e53-434b-8aef-eb1faf9f1cb0:group-08CF39A1D4D3:LeaderElection8] INFO  server.RaftServerConfigKeys (ConfUtils.java:logGet(43)) - raft.server.watch.timeout.denomination = 1s (default)
2019-09-19 17:00:13,500 [e59acbe3-2e53-434b-8aef-eb1faf9f1cb0:group-08CF39A1D4D3:LeaderElection8] INFO  server.RaftServerConfigKeys (ConfUtils.java:logGet(43)) - raft.server.watch.element-limit = 65536 (default)
2019-09-19 17:00:13,501 [e59acbe3-2e53-434b-8aef-eb1faf9f1cb0:group-08CF39A1D4D3:LeaderElection8] INFO  impl.RoleInfo (RoleInfo.java:updateAndGet(143)) - e59acbe3-2e53-434b-8aef-eb1faf9f1cb0: start LeaderState
2019-09-19 17:00:13,501 [e59acbe3-2e53-434b-8aef-eb1faf9f1cb0:group-08CF39A1D4D3:LeaderElection8] INFO  segmented.SegmentedRaftLogWorker (SegmentedRaftLogWorker.java:startLogSegment(380)) - e59acbe3-2e53-434b-8aef-eb1faf9f1cb0-SegmentedRaftLogWorker:Storage Directory /workdir/hadoop-ozone/tools/target/test-dir/MiniOzoneClusterImpl-53329b5c-158c-4202-b54c-282115de494f/datanode-1/data/ratis/89d4fab6-9df0-4e46-aa96-08cf39a1d4d3: Starting segment from index:0
2019-09-19 17:00:13,502 [e59acbe3-2e53-434b-8aef-eb1faf9f1cb0:group-08CF39A1D4D3:LeaderElection8] INFO  impl.RaftServerImpl (ServerState.java:setRaftConf(361)) - e59acbe3-2e53-434b-8aef-eb1faf9f1cb0:group-08CF39A1D4D3 set configuration 0: [e59acbe3-2e53-434b-8aef-eb1faf9f1cb0:192.168.157.226:41120], old=null at 0
2019-09-19 17:00:13,513 [e858d55d-eb7f-4d43-a7ab-d70ac1b2cf5d:group-9386ADD5E1D6:LeaderElection9] INFO  impl.LeaderElection (LeaderElection.java:askForVotes(181)) - e858d55d-eb7f-4d43-a7ab-d70ac1b2cf5d:group-9386ADD5E1D6:LeaderElection9: begin an election at term 1 for -1: [e858d55d-eb7f-4d43-a7ab-d70ac1b2cf5d:192.168.157.226:39997], old=null
2019-09-19 17:00:13,551 [e858d55d-eb7f-4d43-a7ab-d70ac1b2cf5d:group-9386ADD5E1D6:LeaderElection9] INFO  impl.RoleInfo (RoleInfo.java:shutdownLeaderElection(134)) - e858d55d-eb7f-4d43-a7ab-d70ac1b2cf5d: shutdown LeaderElection
2019-09-19 17:00:13,551 [e858d55d-eb7f-4d43-a7ab-d70ac1b2cf5d:group-9386ADD5E1D6:LeaderElection9] INFO  impl.RaftServerImpl (RaftServerImpl.java:setRole(171)) - e858d55d-eb7f-4d43-a7ab-d70ac1b2cf5d:group-9386ADD5E1D6 changes role from CANDIDATE to LEADER at term 1 for changeToLeader
2019-09-19 17:00:13,551 [e858d55d-eb7f-4d43-a7ab-d70ac1b2cf5d:group-9386ADD5E1D6:LeaderElection9] INFO  impl.RaftServerImpl (ServerState.java:setLeader(263)) - e858d55d-eb7f-4d43-a7ab-d70ac1b2cf5d:group-9386ADD5E1D6 change Leader from null to e858d55d-eb7f-4d43-a7ab-d70ac1b2cf5d at term 1 for becomeLeader, leader elected after 5267ms
2019-09-19 17:00:13,552 [e858d55d-eb7f-4d43-a7ab-d70ac1b2cf5d:group-9386ADD5E1D6:LeaderElection9] INFO  server.RaftServerConfigKeys (ConfUtils.java:logGet(43)) - raft.server.staging.catchup.gap = 1000 (default)
2019-09-19 17:00:13,552 [e858d55d-eb7f-4d43-a7ab-d70ac1b2cf5d:group-9386ADD5E1D6:LeaderElection9] INFO  server.RaftServerConfigKeys (ConfUtils.java:logGet(43)) - raft.server.rpc.sleep.time = 25ms (default)
2019-09-19 17:00:13,552 [e858d55d-eb7f-4d43-a7ab-d70ac1b2cf5d:group-9386ADD5E1D6:LeaderElection9] INFO  server.RaftServerConfigKeys (ConfUtils.java:logGet(43)) - raft.server.write.element-limit = 4096 (default)
2019-09-19 17:00:13,552 [e858d55d-eb7f-4d43-a7ab-d70ac1b2cf5d:group-9386ADD5E1D6:LeaderElection9] INFO  server.RaftServerConfigKeys (ConfUtils.java:logGet(43)) - raft.server.watch.timeout = 10s (default)
2019-09-19 17:00:13,552 [e858d55d-eb7f-4d43-a7ab-d70ac1b2cf5d:group-9386ADD5E1D6:LeaderElection9] INFO  server.RaftServerConfigKeys (ConfUtils.java:logGet(43)) - raft.server.watch.timeout.denomination = 1s (default)
2019-09-19 17:00:13,552 [e858d55d-eb7f-4d43-a7ab-d70ac1b2cf5d:group-9386ADD5E1D6:LeaderElection9] INFO  server.RaftServerConfigKeys (ConfUtils.java:logGet(43)) - raft.server.watch.element-limit = 65536 (default)
2019-09-19 17:00:13,553 [e858d55d-eb7f-4d43-a7ab-d70ac1b2cf5d:group-9386ADD5E1D6:LeaderElection9] INFO  impl.RoleInfo (RoleInfo.java:updateAndGet(143)) - e858d55d-eb7f-4d43-a7ab-d70ac1b2cf5d: start LeaderState
2019-09-19 17:00:13,553 [e858d55d-eb7f-4d43-a7ab-d70ac1b2cf5d:group-9386ADD5E1D6:LeaderElection9] INFO  segmented.SegmentedRaftLogWorker (SegmentedRaftLogWorker.java:startLogSegment(380)) - e858d55d-eb7f-4d43-a7ab-d70ac1b2cf5d-SegmentedRaftLogWorker:Storage Directory /workdir/hadoop-ozone/tools/target/test-dir/MiniOzoneClusterImpl-53329b5c-158c-4202-b54c-282115de494f/datanode-0/data/ratis/f305c6a8-073e-40ca-8704-9386add5e1d6: Starting segment from index:0
2019-09-19 17:00:13,553 [e858d55d-eb7f-4d43-a7ab-d70ac1b2cf5d:group-9386ADD5E1D6:LeaderElection9] INFO  impl.RaftServerImpl (ServerState.java:setRaftConf(361)) - e858d55d-eb7f-4d43-a7ab-d70ac1b2cf5d:group-9386ADD5E1D6 set configuration 0: [e858d55d-eb7f-4d43-a7ab-d70ac1b2cf5d:192.168.157.226:39997], old=null at 0
2019-09-19 17:00:13,587 [e59acbe3-2e53-434b-8aef-eb1faf9f1cb0-SegmentedRaftLogWorker:Storage Directory /workdir/hadoop-ozone/tools/target/test-dir/MiniOzoneClusterImpl-53329b5c-158c-4202-b54c-282115de494f/datanode-1/data/ratis/89d4fab6-9df0-4e46-aa96-08cf39a1d4d3] INFO  segmented.SegmentedRaftLogWorker (SegmentedRaftLogWorker.java:execute(569)) - e59acbe3-2e53-434b-8aef-eb1faf9f1cb0-SegmentedRaftLogWorker:Storage Directory /workdir/hadoop-ozone/tools/target/test-dir/MiniOzoneClusterImpl-53329b5c-158c-4202-b54c-282115de494f/datanode-1/data/ratis/89d4fab6-9df0-4e46-aa96-08cf39a1d4d3: created new log segment /workdir/hadoop-ozone/tools/target/test-dir/MiniOzoneClusterImpl-53329b5c-158c-4202-b54c-282115de494f/datanode-1/data/ratis/89d4fab6-9df0-4e46-aa96-08cf39a1d4d3/current/log_inprogress_0
2019-09-19 17:00:13,588 | INFO  | SCMAudit | user=jenkins1000 | ip=192.168.157.226 | op=SEND_HEARTBEAT {datanodeUUID=e59acbe3-2e53-434b-8aef-eb1faf9f1cb0, command=[]} | ret=SUCCESS |  
2019-09-19 17:00:13,612 [e858d55d-eb7f-4d43-a7ab-d70ac1b2cf5d-SegmentedRaftLogWorker:Storage Directory /workdir/hadoop-ozone/tools/target/test-dir/MiniOzoneClusterImpl-53329b5c-158c-4202-b54c-282115de494f/datanode-0/data/ratis/f305c6a8-073e-40ca-8704-9386add5e1d6] INFO  segmented.SegmentedRaftLogWorker (SegmentedRaftLogWorker.java:execute(569)) - e858d55d-eb7f-4d43-a7ab-d70ac1b2cf5d-SegmentedRaftLogWorker:Storage Directory /workdir/hadoop-ozone/tools/target/test-dir/MiniOzoneClusterImpl-53329b5c-158c-4202-b54c-282115de494f/datanode-0/data/ratis/f305c6a8-073e-40ca-8704-9386add5e1d6: created new log segment /workdir/hadoop-ozone/tools/target/test-dir/MiniOzoneClusterImpl-53329b5c-158c-4202-b54c-282115de494f/datanode-0/data/ratis/f305c6a8-073e-40ca-8704-9386add5e1d6/current/log_inprogress_0
2019-09-19 17:00:13,634 [Thread-243] INFO  impl.FollowerState (FollowerState.java:run(106)) - e858d55d-eb7f-4d43-a7ab-d70ac1b2cf5d:group-1F2DF844AB03 changes to CANDIDATE, lastRpcTime:5035, electionTimeout:5035ms
2019-09-19 17:00:13,636 [Thread-243] INFO  impl.RoleInfo (RoleInfo.java:shutdownFollowerState(121)) - e858d55d-eb7f-4d43-a7ab-d70ac1b2cf5d: shutdown FollowerState
2019-09-19 17:00:13,642 [Thread-243] INFO  impl.RaftServerImpl (RaftServerImpl.java:setRole(171)) - e858d55d-eb7f-4d43-a7ab-d70ac1b2cf5d:group-1F2DF844AB03 changes role from FOLLOWER to CANDIDATE at term 0 for changeToCandidate
2019-09-19 17:00:13,649 [Thread-237] INFO  impl.FollowerState (FollowerState.java:run(106)) - 5f94c5ea-0d2c-486e-937b-d09fa3478732:group-2CB8912366CE changes to CANDIDATE, lastRpcTime:5174, electionTimeout:5173ms
2019-09-19 17:00:13,652 [Thread-237] INFO  impl.RoleInfo (RoleInfo.java:shutdownFollowerState(121)) - 5f94c5ea-0d2c-486e-937b-d09fa3478732: shutdown FollowerState
2019-09-19 17:00:13,652 [Thread-243] INFO  impl.RoleInfo (RoleInfo.java:updateAndGet(143)) - e858d55d-eb7f-4d43-a7ab-d70ac1b2cf5d: start LeaderElection
2019-09-19 17:00:13,653 [Thread-237] INFO  impl.RaftServerImpl (RaftServerImpl.java:setRole(171)) - 5f94c5ea-0d2c-486e-937b-d09fa3478732:group-2CB8912366CE changes role from FOLLOWER to CANDIDATE at term 0 for changeToCandidate
2019-09-19 17:00:13,653 [Thread-237] INFO  impl.RoleInfo (RoleInfo.java:updateAndGet(143)) - 5f94c5ea-0d2c-486e-937b-d09fa3478732: start LeaderElection
2019-09-19 17:00:13,686 [5f94c5ea-0d2c-486e-937b-d09fa3478732:group-2CB8912366CE:LeaderElection11] INFO  impl.LeaderElection (LeaderElection.java:askForVotes(181)) - 5f94c5ea-0d2c-486e-937b-d09fa3478732:group-2CB8912366CE:LeaderElection11: begin an election at term 1 for -1: [5f94c5ea-0d2c-486e-937b-d09fa3478732:192.168.157.226:34563], old=null
2019-09-19 17:00:13,686 [e858d55d-eb7f-4d43-a7ab-d70ac1b2cf5d:group-1F2DF844AB03:LeaderElection10] INFO  impl.LeaderElection (LeaderElection.java:askForVotes(181)) - e858d55d-eb7f-4d43-a7ab-d70ac1b2cf5d:group-1F2DF844AB03:LeaderElection10: begin an election at term 1 for -1: [e858d55d-eb7f-4d43-a7ab-d70ac1b2cf5d:192.168.157.226:39997], old=null
2019-09-19 17:00:13,686 [5f94c5ea-0d2c-486e-937b-d09fa3478732:group-2CB8912366CE:LeaderElection11] INFO  impl.RoleInfo (RoleInfo.java:shutdownLeaderElection(134)) - 5f94c5ea-0d2c-486e-937b-d09fa3478732: shutdown LeaderElection
2019-09-19 17:00:13,686 [e858d55d-eb7f-4d43-a7ab-d70ac1b2cf5d:group-1F2DF844AB03:LeaderElection10] INFO  impl.RoleInfo (RoleInfo.java:shutdownLeaderElection(134)) - e858d55d-eb7f-4d43-a7ab-d70ac1b2cf5d: shutdown LeaderElection
2019-09-19 17:00:13,686 [5f94c5ea-0d2c-486e-937b-d09fa3478732:group-2CB8912366CE:LeaderElection11] INFO  impl.RaftServerImpl (RaftServerImpl.java:setRole(171)) - 5f94c5ea-0d2c-486e-937b-d09fa3478732:group-2CB8912366CE changes role from CANDIDATE to LEADER at term 1 for changeToLeader
2019-09-19 17:00:13,686 [e858d55d-eb7f-4d43-a7ab-d70ac1b2cf5d:group-1F2DF844AB03:LeaderElection10] INFO  impl.RaftServerImpl (RaftServerImpl.java:setRole(171)) - e858d55d-eb7f-4d43-a7ab-d70ac1b2cf5d:group-1F2DF844AB03 changes role from CANDIDATE to LEADER at term 1 for changeToLeader
2019-09-19 17:00:13,686 [5f94c5ea-0d2c-486e-937b-d09fa3478732:group-2CB8912366CE:LeaderElection11] INFO  impl.RaftServerImpl (ServerState.java:setLeader(263)) - 5f94c5ea-0d2c-486e-937b-d09fa3478732:group-2CB8912366CE change Leader from null to 5f94c5ea-0d2c-486e-937b-d09fa3478732 at term 1 for becomeLeader, leader elected after 5217ms
2019-09-19 17:00:13,687 [e858d55d-eb7f-4d43-a7ab-d70ac1b2cf5d:group-1F2DF844AB03:LeaderElection10] INFO  impl.RaftServerImpl (ServerState.java:setLeader(263)) - e858d55d-eb7f-4d43-a7ab-d70ac1b2cf5d:group-1F2DF844AB03 change Leader from null to e858d55d-eb7f-4d43-a7ab-d70ac1b2cf5d at term 1 for becomeLeader, leader elected after 5092ms
2019-09-19 17:00:13,687 [5f94c5ea-0d2c-486e-937b-d09fa3478732:group-2CB8912366CE:LeaderElection11] INFO  server.RaftServerConfigKeys (ConfUtils.java:logGet(43)) - raft.server.staging.catchup.gap = 1000 (default)
2019-09-19 17:00:13,687 [e858d55d-eb7f-4d43-a7ab-d70ac1b2cf5d:group-1F2DF844AB03:LeaderElection10] INFO  server.RaftServerConfigKeys (ConfUtils.java:logGet(43)) - raft.server.staging.catchup.gap = 1000 (default)
2019-09-19 17:00:13,687 [5f94c5ea-0d2c-486e-937b-d09fa3478732:group-2CB8912366CE:LeaderElection11] INFO  server.RaftServerConfigKeys (ConfUtils.java:logGet(43)) - raft.server.rpc.sleep.time = 25ms (default)
2019-09-19 17:00:13,687 [e858d55d-eb7f-4d43-a7ab-d70ac1b2cf5d:group-1F2DF844AB03:LeaderElection10] INFO  server.RaftServerConfigKeys (ConfUtils.java:logGet(43)) - raft.server.rpc.sleep.time = 25ms (default)
2019-09-19 17:00:13,687 [5f94c5ea-0d2c-486e-937b-d09fa3478732:group-2CB8912366CE:LeaderElection11] INFO  server.RaftServerConfigKeys (ConfUtils.java:logGet(43)) - raft.server.write.element-limit = 4096 (default)
2019-09-19 17:00:13,687 [e858d55d-eb7f-4d43-a7ab-d70ac1b2cf5d:group-1F2DF844AB03:LeaderElection10] INFO  server.RaftServerConfigKeys (ConfUtils.java:logGet(43)) - raft.server.write.element-limit = 4096 (default)
2019-09-19 17:00:13,688 [5f94c5ea-0d2c-486e-937b-d09fa3478732:group-2CB8912366CE:LeaderElection11] INFO  server.RaftServerConfigKeys (ConfUtils.java:logGet(43)) - raft.server.watch.timeout = 10s (default)
2019-09-19 17:00:13,688 [e858d55d-eb7f-4d43-a7ab-d70ac1b2cf5d:group-1F2DF844AB03:LeaderElection10] INFO  server.RaftServerConfigKeys (ConfUtils.java:logGet(43)) - raft.server.watch.timeout = 10s (default)
2019-09-19 17:00:13,688 [5f94c5ea-0d2c-486e-937b-d09fa3478732:group-2CB8912366CE:LeaderElection11] INFO  server.RaftServerConfigKeys (ConfUtils.java:logGet(43)) - raft.server.watch.timeout.denomination = 1s (default)
2019-09-19 17:00:13,688 [e858d55d-eb7f-4d43-a7ab-d70ac1b2cf5d:group-1F2DF844AB03:LeaderElection10] INFO  server.RaftServerConfigKeys (ConfUtils.java:logGet(43)) - raft.server.watch.timeout.denomination = 1s (default)
2019-09-19 17:00:13,688 [5f94c5ea-0d2c-486e-937b-d09fa3478732:group-2CB8912366CE:LeaderElection11] INFO  server.RaftServerConfigKeys (ConfUtils.java:logGet(43)) - raft.server.watch.element-limit = 65536 (default)
2019-09-19 17:00:13,688 [e858d55d-eb7f-4d43-a7ab-d70ac1b2cf5d:group-1F2DF844AB03:LeaderElection10] INFO  server.RaftServerConfigKeys (ConfUtils.java:logGet(43)) - raft.server.watch.element-limit = 65536 (default)
2019-09-19 17:00:13,689 [5f94c5ea-0d2c-486e-937b-d09fa3478732:group-2CB8912366CE:LeaderElection11] INFO  impl.RoleInfo (RoleInfo.java:updateAndGet(143)) - 5f94c5ea-0d2c-486e-937b-d09fa3478732: start LeaderState
2019-09-19 17:00:13,689 [e858d55d-eb7f-4d43-a7ab-d70ac1b2cf5d:group-1F2DF844AB03:LeaderElection10] INFO  impl.RoleInfo (RoleInfo.java:updateAndGet(143)) - e858d55d-eb7f-4d43-a7ab-d70ac1b2cf5d: start LeaderState
2019-09-19 17:00:13,689 [5f94c5ea-0d2c-486e-937b-d09fa3478732:group-2CB8912366CE:LeaderElection11] INFO  segmented.SegmentedRaftLogWorker (SegmentedRaftLogWorker.java:startLogSegment(380)) - 5f94c5ea-0d2c-486e-937b-d09fa3478732-SegmentedRaftLogWorker:Storage Directory /workdir/hadoop-ozone/tools/target/test-dir/MiniOzoneClusterImpl-53329b5c-158c-4202-b54c-282115de494f/datanode-3/data/ratis/188802af-2308-4cf0-ba53-2cb8912366ce: Starting segment from index:0
2019-09-19 17:00:13,689 [e858d55d-eb7f-4d43-a7ab-d70ac1b2cf5d:group-1F2DF844AB03:LeaderElection10] INFO  segmented.SegmentedRaftLogWorker (SegmentedRaftLogWorker.java:startLogSegment(380)) - e858d55d-eb7f-4d43-a7ab-d70ac1b2cf5d-SegmentedRaftLogWorker:Storage Directory /workdir/hadoop-ozone/tools/target/test-dir/MiniOzoneClusterImpl-53329b5c-158c-4202-b54c-282115de494f/datanode-0/data/ratis/ce80a425-6c40-4375-9af5-1f2df844ab03: Starting segment from index:0
2019-09-19 17:00:13,690 [5f94c5ea-0d2c-486e-937b-d09fa3478732:group-2CB8912366CE:LeaderElection11] INFO  impl.RaftServerImpl (ServerState.java:setRaftConf(361)) - 5f94c5ea-0d2c-486e-937b-d09fa3478732:group-2CB8912366CE set configuration 0: [5f94c5ea-0d2c-486e-937b-d09fa3478732:192.168.157.226:34563], old=null at 0
2019-09-19 17:00:13,690 [e858d55d-eb7f-4d43-a7ab-d70ac1b2cf5d:group-1F2DF844AB03:LeaderElection10] INFO  impl.RaftServerImpl (ServerState.java:setRaftConf(361)) - e858d55d-eb7f-4d43-a7ab-d70ac1b2cf5d:group-1F2DF844AB03 set configuration 0: [e858d55d-eb7f-4d43-a7ab-d70ac1b2cf5d:192.168.157.226:39997], old=null at 0
2019-09-19 17:00:13,733 [Thread-240] INFO  impl.FollowerState (FollowerState.java:run(106)) - e858d55d-eb7f-4d43-a7ab-d70ac1b2cf5d:group-614987B3BF29 changes to CANDIDATE, lastRpcTime:5195, electionTimeout:5182ms
2019-09-19 17:00:13,735 [Thread-240] INFO  impl.RoleInfo (RoleInfo.java:shutdownFollowerState(121)) - e858d55d-eb7f-4d43-a7ab-d70ac1b2cf5d: shutdown FollowerState
2019-09-19 17:00:13,735 [Thread-240] INFO  impl.RaftServerImpl (RaftServerImpl.java:setRole(171)) - e858d55d-eb7f-4d43-a7ab-d70ac1b2cf5d:group-614987B3BF29 changes role from FOLLOWER to CANDIDATE at term 0 for changeToCandidate
2019-09-19 17:00:13,735 [Thread-240] INFO  impl.RoleInfo (RoleInfo.java:updateAndGet(143)) - e858d55d-eb7f-4d43-a7ab-d70ac1b2cf5d: start LeaderElection
2019-09-19 17:00:13,746 [e858d55d-eb7f-4d43-a7ab-d70ac1b2cf5d-SegmentedRaftLogWorker:Storage Directory /workdir/hadoop-ozone/tools/target/test-dir/MiniOzoneClusterImpl-53329b5c-158c-4202-b54c-282115de494f/datanode-0/data/ratis/ce80a425-6c40-4375-9af5-1f2df844ab03] INFO  segmented.SegmentedRaftLogWorker (SegmentedRaftLogWorker.java:execute(569)) - e858d55d-eb7f-4d43-a7ab-d70ac1b2cf5d-SegmentedRaftLogWorker:Storage Directory /workdir/hadoop-ozone/tools/target/test-dir/MiniOzoneClusterImpl-53329b5c-158c-4202-b54c-282115de494f/datanode-0/data/ratis/ce80a425-6c40-4375-9af5-1f2df844ab03: created new log segment /workdir/hadoop-ozone/tools/target/test-dir/MiniOzoneClusterImpl-53329b5c-158c-4202-b54c-282115de494f/datanode-0/data/ratis/ce80a425-6c40-4375-9af5-1f2df844ab03/current/log_inprogress_0
2019-09-19 17:00:13,746 [5f94c5ea-0d2c-486e-937b-d09fa3478732-SegmentedRaftLogWorker:Storage Directory /workdir/hadoop-ozone/tools/target/test-dir/MiniOzoneClusterImpl-53329b5c-158c-4202-b54c-282115de494f/datanode-3/data/ratis/188802af-2308-4cf0-ba53-2cb8912366ce] INFO  segmented.SegmentedRaftLogWorker (SegmentedRaftLogWorker.java:execute(569)) - 5f94c5ea-0d2c-486e-937b-d09fa3478732-SegmentedRaftLogWorker:Storage Directory /workdir/hadoop-ozone/tools/target/test-dir/MiniOzoneClusterImpl-53329b5c-158c-4202-b54c-282115de494f/datanode-3/data/ratis/188802af-2308-4cf0-ba53-2cb8912366ce: created new log segment /workdir/hadoop-ozone/tools/target/test-dir/MiniOzoneClusterImpl-53329b5c-158c-4202-b54c-282115de494f/datanode-3/data/ratis/188802af-2308-4cf0-ba53-2cb8912366ce/current/log_inprogress_0
2019-09-19 17:00:13,746 [e858d55d-eb7f-4d43-a7ab-d70ac1b2cf5d:group-614987B3BF29:LeaderElection12] INFO  impl.LeaderElection (LeaderElection.java:askForVotes(181)) - e858d55d-eb7f-4d43-a7ab-d70ac1b2cf5d:group-614987B3BF29:LeaderElection12: begin an election at term 1 for -1: [e858d55d-eb7f-4d43-a7ab-d70ac1b2cf5d:192.168.157.226:39997], old=null
2019-09-19 17:00:13,746 [e858d55d-eb7f-4d43-a7ab-d70ac1b2cf5d:group-614987B3BF29:LeaderElection12] INFO  impl.RoleInfo (RoleInfo.java:shutdownLeaderElection(134)) - e858d55d-eb7f-4d43-a7ab-d70ac1b2cf5d: shutdown LeaderElection
2019-09-19 17:00:13,747 [e858d55d-eb7f-4d43-a7ab-d70ac1b2cf5d:group-614987B3BF29:LeaderElection12] INFO  impl.RaftServerImpl (RaftServerImpl.java:setRole(171)) - e858d55d-eb7f-4d43-a7ab-d70ac1b2cf5d:group-614987B3BF29 changes role from CANDIDATE to LEADER at term 1 for changeToLeader
2019-09-19 17:00:13,747 [e858d55d-eb7f-4d43-a7ab-d70ac1b2cf5d:group-614987B3BF29:LeaderElection12] INFO  impl.RaftServerImpl (ServerState.java:setLeader(263)) - e858d55d-eb7f-4d43-a7ab-d70ac1b2cf5d:group-614987B3BF29 change Leader from null to e858d55d-eb7f-4d43-a7ab-d70ac1b2cf5d at term 1 for becomeLeader, leader elected after 5214ms
2019-09-19 17:00:13,747 [e858d55d-eb7f-4d43-a7ab-d70ac1b2cf5d:group-614987B3BF29:LeaderElection12] INFO  server.RaftServerConfigKeys (ConfUtils.java:logGet(43)) - raft.server.staging.catchup.gap = 1000 (default)
2019-09-19 17:00:13,747 [e858d55d-eb7f-4d43-a7ab-d70ac1b2cf5d:group-614987B3BF29:LeaderElection12] INFO  server.RaftServerConfigKeys (ConfUtils.java:logGet(43)) - raft.server.rpc.sleep.time = 25ms (default)
2019-09-19 17:00:13,747 [e858d55d-eb7f-4d43-a7ab-d70ac1b2cf5d:group-614987B3BF29:LeaderElection12] INFO  server.RaftServerConfigKeys (ConfUtils.java:logGet(43)) - raft.server.write.element-limit = 4096 (default)
2019-09-19 17:00:13,747 [e858d55d-eb7f-4d43-a7ab-d70ac1b2cf5d:group-614987B3BF29:LeaderElection12] INFO  server.RaftServerConfigKeys (ConfUtils.java:logGet(43)) - raft.server.watch.timeout = 10s (default)
2019-09-19 17:00:13,748 [e858d55d-eb7f-4d43-a7ab-d70ac1b2cf5d:group-614987B3BF29:LeaderElection12] INFO  server.RaftServerConfigKeys (ConfUtils.java:logGet(43)) - raft.server.watch.timeout.denomination = 1s (default)
2019-09-19 17:00:13,748 [e858d55d-eb7f-4d43-a7ab-d70ac1b2cf5d:group-614987B3BF29:LeaderElection12] INFO  server.RaftServerConfigKeys (ConfUtils.java:logGet(43)) - raft.server.watch.element-limit = 65536 (default)
2019-09-19 17:00:13,748 [e858d55d-eb7f-4d43-a7ab-d70ac1b2cf5d:group-614987B3BF29:LeaderElection12] INFO  impl.RoleInfo (RoleInfo.java:updateAndGet(143)) - e858d55d-eb7f-4d43-a7ab-d70ac1b2cf5d: start LeaderState
2019-09-19 17:00:13,748 [e858d55d-eb7f-4d43-a7ab-d70ac1b2cf5d:group-614987B3BF29:LeaderElection12] INFO  segmented.SegmentedRaftLogWorker (SegmentedRaftLogWorker.java:startLogSegment(380)) - e858d55d-eb7f-4d43-a7ab-d70ac1b2cf5d-SegmentedRaftLogWorker:Storage Directory /workdir/hadoop-ozone/tools/target/test-dir/MiniOzoneClusterImpl-53329b5c-158c-4202-b54c-282115de494f/datanode-0/data/ratis/dead1ef8-2ad9-46af-a451-614987b3bf29: Starting segment from index:0
2019-09-19 17:00:13,749 [e858d55d-eb7f-4d43-a7ab-d70ac1b2cf5d:group-614987B3BF29:LeaderElection12] INFO  impl.RaftServerImpl (ServerState.java:setRaftConf(361)) - e858d55d-eb7f-4d43-a7ab-d70ac1b2cf5d:group-614987B3BF29 set configuration 0: [e858d55d-eb7f-4d43-a7ab-d70ac1b2cf5d:192.168.157.226:39997], old=null at 0
2019-09-19 17:00:13,794 [Thread-250] INFO  impl.FollowerState (FollowerState.java:run(106)) - c64ef6ee-91bc-492f-96d3-e3ad2b12297f:group-65586CE9829C changes to CANDIDATE, lastRpcTime:5064, electionTimeout:5058ms
2019-09-19 17:00:13,794 [Thread-250] INFO  impl.RoleInfo (RoleInfo.java:shutdownFollowerState(121)) - c64ef6ee-91bc-492f-96d3-e3ad2b12297f: shutdown FollowerState
2019-09-19 17:00:13,794 [Thread-250] INFO  impl.RaftServerImpl (RaftServerImpl.java:setRole(171)) - c64ef6ee-91bc-492f-96d3-e3ad2b12297f:group-65586CE9829C changes role from FOLLOWER to CANDIDATE at term 0 for changeToCandidate
2019-09-19 17:00:13,795 [Thread-250] INFO  impl.RoleInfo (RoleInfo.java:updateAndGet(143)) - c64ef6ee-91bc-492f-96d3-e3ad2b12297f: start LeaderElection
2019-09-19 17:00:13,801 | INFO  | SCMAudit | user=jenkins1000 | ip=192.168.157.226 | op=SEND_HEARTBEAT {datanodeUUID=c64ef6ee-91bc-492f-96d3-e3ad2b12297f, command=[]} | ret=SUCCESS |  
2019-09-19 17:00:13,810 [Thread-253] INFO  impl.FollowerState (FollowerState.java:run(106)) - 5f94c5ea-0d2c-486e-937b-d09fa3478732:group-4AF8265F4643 changes to CANDIDATE, lastRpcTime:5014, electionTimeout:5014ms
2019-09-19 17:00:13,810 [Thread-253] INFO  impl.RoleInfo (RoleInfo.java:shutdownFollowerState(121)) - 5f94c5ea-0d2c-486e-937b-d09fa3478732: shutdown FollowerState
2019-09-19 17:00:13,810 [Thread-253] INFO  impl.RaftServerImpl (RaftServerImpl.java:setRole(171)) - 5f94c5ea-0d2c-486e-937b-d09fa3478732:group-4AF8265F4643 changes role from FOLLOWER to CANDIDATE at term 0 for changeToCandidate
2019-09-19 17:00:13,810 [Thread-253] INFO  impl.RoleInfo (RoleInfo.java:updateAndGet(143)) - 5f94c5ea-0d2c-486e-937b-d09fa3478732: start LeaderElection
2019-09-19 17:00:13,835 [e858d55d-eb7f-4d43-a7ab-d70ac1b2cf5d-SegmentedRaftLogWorker:Storage Directory /workdir/hadoop-ozone/tools/target/test-dir/MiniOzoneClusterImpl-53329b5c-158c-4202-b54c-282115de494f/datanode-0/data/ratis/dead1ef8-2ad9-46af-a451-614987b3bf29] INFO  segmented.SegmentedRaftLogWorker (SegmentedRaftLogWorker.java:execute(569)) - e858d55d-eb7f-4d43-a7ab-d70ac1b2cf5d-SegmentedRaftLogWorker:Storage Directory /workdir/hadoop-ozone/tools/target/test-dir/MiniOzoneClusterImpl-53329b5c-158c-4202-b54c-282115de494f/datanode-0/data/ratis/dead1ef8-2ad9-46af-a451-614987b3bf29: created new log segment /workdir/hadoop-ozone/tools/target/test-dir/MiniOzoneClusterImpl-53329b5c-158c-4202-b54c-282115de494f/datanode-0/data/ratis/dead1ef8-2ad9-46af-a451-614987b3bf29/current/log_inprogress_0
2019-09-19 17:00:13,835 [c64ef6ee-91bc-492f-96d3-e3ad2b12297f:group-65586CE9829C:LeaderElection13] INFO  impl.LeaderElection (LeaderElection.java:askForVotes(181)) - c64ef6ee-91bc-492f-96d3-e3ad2b12297f:group-65586CE9829C:LeaderElection13: begin an election at term 1 for -1: [c64ef6ee-91bc-492f-96d3-e3ad2b12297f:192.168.157.226:43735], old=null
2019-09-19 17:00:13,836 [c64ef6ee-91bc-492f-96d3-e3ad2b12297f:group-65586CE9829C:LeaderElection13] INFO  impl.RoleInfo (RoleInfo.java:shutdownLeaderElection(134)) - c64ef6ee-91bc-492f-96d3-e3ad2b12297f: shutdown LeaderElection
2019-09-19 17:00:13,836 [c64ef6ee-91bc-492f-96d3-e3ad2b12297f:group-65586CE9829C:LeaderElection13] INFO  impl.RaftServerImpl (RaftServerImpl.java:setRole(171)) - c64ef6ee-91bc-492f-96d3-e3ad2b12297f:group-65586CE9829C changes role from CANDIDATE to LEADER at term 1 for changeToLeader
2019-09-19 17:00:13,836 [c64ef6ee-91bc-492f-96d3-e3ad2b12297f:group-65586CE9829C:LeaderElection13] INFO  impl.RaftServerImpl (ServerState.java:setLeader(263)) - c64ef6ee-91bc-492f-96d3-e3ad2b12297f:group-65586CE9829C change Leader from null to c64ef6ee-91bc-492f-96d3-e3ad2b12297f at term 1 for becomeLeader, leader elected after 5111ms
2019-09-19 17:00:13,836 [c64ef6ee-91bc-492f-96d3-e3ad2b12297f:group-65586CE9829C:LeaderElection13] INFO  server.RaftServerConfigKeys (ConfUtils.java:logGet(43)) - raft.server.staging.catchup.gap = 1000 (default)
2019-09-19 17:00:13,836 [c64ef6ee-91bc-492f-96d3-e3ad2b12297f:group-65586CE9829C:LeaderElection13] INFO  server.RaftServerConfigKeys (ConfUtils.java:logGet(43)) - raft.server.rpc.sleep.time = 25ms (default)
2019-09-19 17:00:13,837 [c64ef6ee-91bc-492f-96d3-e3ad2b12297f:group-65586CE9829C:LeaderElection13] INFO  server.RaftServerConfigKeys (ConfUtils.java:logGet(43)) - raft.server.write.element-limit = 4096 (default)
2019-09-19 17:00:13,837 [c64ef6ee-91bc-492f-96d3-e3ad2b12297f:group-65586CE9829C:LeaderElection13] INFO  server.RaftServerConfigKeys (ConfUtils.java:logGet(43)) - raft.server.watch.timeout = 10s (default)
2019-09-19 17:00:13,837 [c64ef6ee-91bc-492f-96d3-e3ad2b12297f:group-65586CE9829C:LeaderElection13] INFO  server.RaftServerConfigKeys (ConfUtils.java:logGet(43)) - raft.server.watch.timeout.denomination = 1s (default)
2019-09-19 17:00:13,837 [c64ef6ee-91bc-492f-96d3-e3ad2b12297f:group-65586CE9829C:LeaderElection13] INFO  server.RaftServerConfigKeys (ConfUtils.java:logGet(43)) - raft.server.watch.element-limit = 65536 (default)
2019-09-19 17:00:13,838 [c64ef6ee-91bc-492f-96d3-e3ad2b12297f:group-65586CE9829C:LeaderElection13] INFO  impl.RoleInfo (RoleInfo.java:updateAndGet(143)) - c64ef6ee-91bc-492f-96d3-e3ad2b12297f: start LeaderState
2019-09-19 17:00:13,838 [c64ef6ee-91bc-492f-96d3-e3ad2b12297f:group-65586CE9829C:LeaderElection13] INFO  segmented.SegmentedRaftLogWorker (SegmentedRaftLogWorker.java:startLogSegment(380)) - c64ef6ee-91bc-492f-96d3-e3ad2b12297f-SegmentedRaftLogWorker:Storage Directory /workdir/hadoop-ozone/tools/target/test-dir/MiniOzoneClusterImpl-53329b5c-158c-4202-b54c-282115de494f/datanode-2/data/ratis/d9e0c256-f60e-4601-9df3-65586ce9829c: Starting segment from index:0
2019-09-19 17:00:13,839 [c64ef6ee-91bc-492f-96d3-e3ad2b12297f:group-65586CE9829C:LeaderElection13] INFO  impl.RaftServerImpl (ServerState.java:setRaftConf(361)) - c64ef6ee-91bc-492f-96d3-e3ad2b12297f:group-65586CE9829C set configuration 0: [c64ef6ee-91bc-492f-96d3-e3ad2b12297f:192.168.157.226:43735], old=null at 0
2019-09-19 17:00:13,874 [Thread-246] INFO  impl.FollowerState (FollowerState.java:run(106)) - e59acbe3-2e53-434b-8aef-eb1faf9f1cb0:group-F4998E234C60 changes to CANDIDATE, lastRpcTime:5217, electionTimeout:5199ms
2019-09-19 17:00:13,874 [5f94c5ea-0d2c-486e-937b-d09fa3478732:group-4AF8265F4643:LeaderElection14] INFO  impl.LeaderElection (LeaderElection.java:askForVotes(181)) - 5f94c5ea-0d2c-486e-937b-d09fa3478732:group-4AF8265F4643:LeaderElection14: begin an election at term 1 for -1: [5f94c5ea-0d2c-486e-937b-d09fa3478732:192.168.157.226:34563], old=null
2019-09-19 17:00:13,874 [Thread-246] INFO  impl.RoleInfo (RoleInfo.java:shutdownFollowerState(121)) - e59acbe3-2e53-434b-8aef-eb1faf9f1cb0: shutdown FollowerState
2019-09-19 17:00:13,874 [5f94c5ea-0d2c-486e-937b-d09fa3478732:group-4AF8265F4643:LeaderElection14] INFO  impl.RoleInfo (RoleInfo.java:shutdownLeaderElection(134)) - 5f94c5ea-0d2c-486e-937b-d09fa3478732: shutdown LeaderElection
2019-09-19 17:00:13,874 [Thread-246] INFO  impl.RaftServerImpl (RaftServerImpl.java:setRole(171)) - e59acbe3-2e53-434b-8aef-eb1faf9f1cb0:group-F4998E234C60 changes role from FOLLOWER to CANDIDATE at term 0 for changeToCandidate
2019-09-19 17:00:13,874 [5f94c5ea-0d2c-486e-937b-d09fa3478732:group-4AF8265F4643:LeaderElection14] INFO  impl.RaftServerImpl (RaftServerImpl.java:setRole(171)) - 5f94c5ea-0d2c-486e-937b-d09fa3478732:group-4AF8265F4643 changes role from CANDIDATE to LEADER at term 1 for changeToLeader
2019-09-19 17:00:13,875 [Thread-246] INFO  impl.RoleInfo (RoleInfo.java:updateAndGet(143)) - e59acbe3-2e53-434b-8aef-eb1faf9f1cb0: start LeaderElection
2019-09-19 17:00:13,875 [5f94c5ea-0d2c-486e-937b-d09fa3478732:group-4AF8265F4643:LeaderElection14] INFO  impl.RaftServerImpl (ServerState.java:setLeader(263)) - 5f94c5ea-0d2c-486e-937b-d09fa3478732:group-4AF8265F4643 change Leader from null to 5f94c5ea-0d2c-486e-937b-d09fa3478732 at term 1 for becomeLeader, leader elected after 5084ms
2019-09-19 17:00:13,875 [5f94c5ea-0d2c-486e-937b-d09fa3478732:group-4AF8265F4643:LeaderElection14] INFO  server.RaftServerConfigKeys (ConfUtils.java:logGet(43)) - raft.server.staging.catchup.gap = 1000 (default)
2019-09-19 17:00:13,880 [5f94c5ea-0d2c-486e-937b-d09fa3478732:group-4AF8265F4643:LeaderElection14] INFO  server.RaftServerConfigKeys (ConfUtils.java:logGet(43)) - raft.server.rpc.sleep.time = 25ms (default)
2019-09-19 17:00:13,880 [5f94c5ea-0d2c-486e-937b-d09fa3478732:group-4AF8265F4643:LeaderElection14] INFO  server.RaftServerConfigKeys (ConfUtils.java:logGet(43)) - raft.server.write.element-limit = 4096 (default)
2019-09-19 17:00:13,881 [5f94c5ea-0d2c-486e-937b-d09fa3478732:group-4AF8265F4643:LeaderElection14] INFO  server.RaftServerConfigKeys (ConfUtils.java:logGet(43)) - raft.server.watch.timeout = 10s (default)
2019-09-19 17:00:13,881 [5f94c5ea-0d2c-486e-937b-d09fa3478732:group-4AF8265F4643:LeaderElection14] INFO  server.RaftServerConfigKeys (ConfUtils.java:logGet(43)) - raft.server.watch.timeout.denomination = 1s (default)
2019-09-19 17:00:13,881 [5f94c5ea-0d2c-486e-937b-d09fa3478732:group-4AF8265F4643:LeaderElection14] INFO  server.RaftServerConfigKeys (ConfUtils.java:logGet(43)) - raft.server.watch.element-limit = 65536 (default)
2019-09-19 17:00:13,882 [5f94c5ea-0d2c-486e-937b-d09fa3478732:group-4AF8265F4643:LeaderElection14] INFO  impl.RoleInfo (RoleInfo.java:updateAndGet(143)) - 5f94c5ea-0d2c-486e-937b-d09fa3478732: start LeaderState
2019-09-19 17:00:13,882 [5f94c5ea-0d2c-486e-937b-d09fa3478732:group-4AF8265F4643:LeaderElection14] INFO  segmented.SegmentedRaftLogWorker (SegmentedRaftLogWorker.java:startLogSegment(380)) - 5f94c5ea-0d2c-486e-937b-d09fa3478732-SegmentedRaftLogWorker:Storage Directory /workdir/hadoop-ozone/tools/target/test-dir/MiniOzoneClusterImpl-53329b5c-158c-4202-b54c-282115de494f/datanode-3/data/ratis/f77739d4-c06b-4810-802a-4af8265f4643: Starting segment from index:0
2019-09-19 17:00:13,883 [5f94c5ea-0d2c-486e-937b-d09fa3478732:group-4AF8265F4643:LeaderElection14] INFO  impl.RaftServerImpl (ServerState.java:setRaftConf(361)) - 5f94c5ea-0d2c-486e-937b-d09fa3478732:group-4AF8265F4643 set configuration 0: [5f94c5ea-0d2c-486e-937b-d09fa3478732:192.168.157.226:34563], old=null at 0
2019-09-19 17:00:13,925 [Thread-262] INFO  impl.FollowerState (FollowerState.java:run(106)) - 5f94c5ea-0d2c-486e-937b-d09fa3478732:group-895A342C09C4 changes to CANDIDATE, lastRpcTime:5027, electionTimeout:5007ms
 0.00% |█                                                                                                    |  0/1 Time: 0:00:052019-09-19 17:00:13,925 [Thread-262] INFO  impl.RoleInfo (RoleInfo.java:shutdownFollowerState(121)) - 5f94c5ea-0d2c-486e-937b-d09fa3478732: shutdown FollowerState
2019-09-19 17:00:13,926 [Thread-262] INFO  impl.RaftServerImpl (RaftServerImpl.java:setRole(171)) - 5f94c5ea-0d2c-486e-937b-d09fa3478732:group-895A342C09C4 changes role from FOLLOWER to CANDIDATE at term 0 for changeToCandidate
2019-09-19 17:00:13,926 [c64ef6ee-91bc-492f-96d3-e3ad2b12297f-SegmentedRaftLogWorker:Storage Directory /workdir/hadoop-ozone/tools/target/test-dir/MiniOzoneClusterImpl-53329b5c-158c-4202-b54c-282115de494f/datanode-2/data/ratis/d9e0c256-f60e-4601-9df3-65586ce9829c] INFO  segmented.SegmentedRaftLogWorker (SegmentedRaftLogWorker.java:execute(569)) - c64ef6ee-91bc-492f-96d3-e3ad2b12297f-SegmentedRaftLogWorker:Storage Directory /workdir/hadoop-ozone/tools/target/test-dir/MiniOzoneClusterImpl-53329b5c-158c-4202-b54c-282115de494f/datanode-2/data/ratis/d9e0c256-f60e-4601-9df3-65586ce9829c: created new log segment /workdir/hadoop-ozone/tools/target/test-dir/MiniOzoneClusterImpl-53329b5c-158c-4202-b54c-282115de494f/datanode-2/data/ratis/d9e0c256-f60e-4601-9df3-65586ce9829c/current/log_inprogress_0
2019-09-19 17:00:13,926 [Thread-262] INFO  impl.RoleInfo (RoleInfo.java:updateAndGet(143)) - 5f94c5ea-0d2c-486e-937b-d09fa3478732: start LeaderElection
2019-09-19 17:00:13,926 [e59acbe3-2e53-434b-8aef-eb1faf9f1cb0:group-F4998E234C60:LeaderElection15] INFO  impl.LeaderElection (LeaderElection.java:askForVotes(181)) - e59acbe3-2e53-434b-8aef-eb1faf9f1cb0:group-F4998E234C60:LeaderElection15: begin an election at term 1 for -1: [e59acbe3-2e53-434b-8aef-eb1faf9f1cb0:192.168.157.226:41120], old=null
2019-09-19 17:00:13,926 [e59acbe3-2e53-434b-8aef-eb1faf9f1cb0:group-F4998E234C60:LeaderElection15] INFO  impl.RoleInfo (RoleInfo.java:shutdownLeaderElection(134)) - e59acbe3-2e53-434b-8aef-eb1faf9f1cb0: shutdown LeaderElection
2019-09-19 17:00:13,929 [e59acbe3-2e53-434b-8aef-eb1faf9f1cb0:group-F4998E234C60:LeaderElection15] INFO  impl.RaftServerImpl (RaftServerImpl.java:setRole(171)) - e59acbe3-2e53-434b-8aef-eb1faf9f1cb0:group-F4998E234C60 changes role from CANDIDATE to LEADER at term 1 for changeToLeader
2019-09-19 17:00:13,929 [e59acbe3-2e53-434b-8aef-eb1faf9f1cb0:group-F4998E234C60:LeaderElection15] INFO  impl.RaftServerImpl (ServerState.java:setLeader(263)) - e59acbe3-2e53-434b-8aef-eb1faf9f1cb0:group-F4998E234C60 change Leader from null to e59acbe3-2e53-434b-8aef-eb1faf9f1cb0 at term 1 for becomeLeader, leader elected after 5277ms
2019-09-19 17:00:13,933 [e59acbe3-2e53-434b-8aef-eb1faf9f1cb0:group-F4998E234C60:LeaderElection15] INFO  server.RaftServerConfigKeys (ConfUtils.java:logGet(43)) - raft.server.staging.catchup.gap = 1000 (default)
2019-09-19 17:00:13,933 [e59acbe3-2e53-434b-8aef-eb1faf9f1cb0:group-F4998E234C60:LeaderElection15] INFO  server.RaftServerConfigKeys (ConfUtils.java:logGet(43)) - raft.server.rpc.sleep.time = 25ms (default)
2019-09-19 17:00:13,933 [e59acbe3-2e53-434b-8aef-eb1faf9f1cb0:group-F4998E234C60:LeaderElection15] INFO  server.RaftServerConfigKeys (ConfUtils.java:logGet(43)) - raft.server.write.element-limit = 4096 (default)
2019-09-19 17:00:13,933 [e59acbe3-2e53-434b-8aef-eb1faf9f1cb0:group-F4998E234C60:LeaderElection15] INFO  server.RaftServerConfigKeys (ConfUtils.java:logGet(43)) - raft.server.watch.timeout = 10s (default)
2019-09-19 17:00:13,934 [e59acbe3-2e53-434b-8aef-eb1faf9f1cb0:group-F4998E234C60:LeaderElection15] INFO  server.RaftServerConfigKeys (ConfUtils.java:logGet(43)) - raft.server.watch.timeout.denomination = 1s (default)
2019-09-19 17:00:13,934 [e59acbe3-2e53-434b-8aef-eb1faf9f1cb0:group-F4998E234C60:LeaderElection15] INFO  server.RaftServerConfigKeys (ConfUtils.java:logGet(43)) - raft.server.watch.element-limit = 65536 (default)
2019-09-19 17:00:13,934 [e59acbe3-2e53-434b-8aef-eb1faf9f1cb0:group-F4998E234C60:LeaderElection15] INFO  impl.RoleInfo (RoleInfo.java:updateAndGet(143)) - e59acbe3-2e53-434b-8aef-eb1faf9f1cb0: start LeaderState
2019-09-19 17:00:13,935 [e59acbe3-2e53-434b-8aef-eb1faf9f1cb0:group-F4998E234C60:LeaderElection15] INFO  segmented.SegmentedRaftLogWorker (SegmentedRaftLogWorker.java:startLogSegment(380)) - e59acbe3-2e53-434b-8aef-eb1faf9f1cb0-SegmentedRaftLogWorker:Storage Directory /workdir/hadoop-ozone/tools/target/test-dir/MiniOzoneClusterImpl-53329b5c-158c-4202-b54c-282115de494f/datanode-1/data/ratis/82c944df-c3ae-4add-923b-f4998e234c60: Starting segment from index:0
2019-09-19 17:00:13,935 [e59acbe3-2e53-434b-8aef-eb1faf9f1cb0:group-F4998E234C60:LeaderElection15] INFO  impl.RaftServerImpl (ServerState.java:setRaftConf(361)) - e59acbe3-2e53-434b-8aef-eb1faf9f1cb0:group-F4998E234C60 set configuration 0: [e59acbe3-2e53-434b-8aef-eb1faf9f1cb0:192.168.157.226:41120], old=null at 0
2019-09-19 17:00:13,977 [Thread-266] INFO  impl.FollowerState (FollowerState.java:run(106)) - 5f94c5ea-0d2c-486e-937b-d09fa3478732:group-972F824FD263 changes to CANDIDATE, lastRpcTime:5013, electionTimeout:5012ms
2019-09-19 17:00:13,977 [5f94c5ea-0d2c-486e-937b-d09fa3478732-SegmentedRaftLogWorker:Storage Directory /workdir/hadoop-ozone/tools/target/test-dir/MiniOzoneClusterImpl-53329b5c-158c-4202-b54c-282115de494f/datanode-3/data/ratis/f77739d4-c06b-4810-802a-4af8265f4643] INFO  segmented.SegmentedRaftLogWorker (SegmentedRaftLogWorker.java:execute(569)) - 5f94c5ea-0d2c-486e-937b-d09fa3478732-SegmentedRaftLogWorker:Storage Directory /workdir/hadoop-ozone/tools/target/test-dir/MiniOzoneClusterImpl-53329b5c-158c-4202-b54c-282115de494f/datanode-3/data/ratis/f77739d4-c06b-4810-802a-4af8265f4643: created new log segment /workdir/hadoop-ozone/tools/target/test-dir/MiniOzoneClusterImpl-53329b5c-158c-4202-b54c-282115de494f/datanode-3/data/ratis/f77739d4-c06b-4810-802a-4af8265f4643/current/log_inprogress_0
2019-09-19 17:00:13,977 [Thread-266] INFO  impl.RoleInfo (RoleInfo.java:shutdownFollowerState(121)) - 5f94c5ea-0d2c-486e-937b-d09fa3478732: shutdown FollowerState
2019-09-19 17:00:13,977 [Thread-266] INFO  impl.RaftServerImpl (RaftServerImpl.java:setRole(171)) - 5f94c5ea-0d2c-486e-937b-d09fa3478732:group-972F824FD263 changes role from FOLLOWER to CANDIDATE at term 0 for changeToCandidate
2019-09-19 17:00:13,977 [Thread-266] INFO  impl.RoleInfo (RoleInfo.java:updateAndGet(143)) - 5f94c5ea-0d2c-486e-937b-d09fa3478732: start LeaderElection
2019-09-19 17:00:13,978 [5f94c5ea-0d2c-486e-937b-d09fa3478732:group-895A342C09C4:LeaderElection16] INFO  impl.LeaderElection (LeaderElection.java:askForVotes(181)) - 5f94c5ea-0d2c-486e-937b-d09fa3478732:group-895A342C09C4:LeaderElection16: begin an election at term 1 for -1: [5f94c5ea-0d2c-486e-937b-d09fa3478732:192.168.157.226:34563], old=null
2019-09-19 17:00:13,983 [5f94c5ea-0d2c-486e-937b-d09fa3478732:group-895A342C09C4:LeaderElection16] INFO  impl.RoleInfo (RoleInfo.java:shutdownLeaderElection(134)) - 5f94c5ea-0d2c-486e-937b-d09fa3478732: shutdown LeaderElection
2019-09-19 17:00:13,984 | INFO  | SCMAudit | user=jenkins1000 | ip=192.168.157.226 | op=SEND_HEARTBEAT {datanodeUUID=5f94c5ea-0d2c-486e-937b-d09fa3478732, command=[]} | ret=SUCCESS |  
2019-09-19 17:00:13,984 [5f94c5ea-0d2c-486e-937b-d09fa3478732:group-895A342C09C4:LeaderElection16] INFO  impl.RaftServerImpl (RaftServerImpl.java:setRole(171)) - 5f94c5ea-0d2c-486e-937b-d09fa3478732:group-895A342C09C4 changes role from CANDIDATE to LEADER at term 1 for changeToLeader
2019-09-19 17:00:13,985 [5f94c5ea-0d2c-486e-937b-d09fa3478732:group-895A342C09C4:LeaderElection16] INFO  impl.RaftServerImpl (ServerState.java:setLeader(263)) - 5f94c5ea-0d2c-486e-937b-d09fa3478732:group-895A342C09C4 change Leader from null to 5f94c5ea-0d2c-486e-937b-d09fa3478732 at term 1 for becomeLeader, leader elected after 5095ms
2019-09-19 17:00:13,987 [5f94c5ea-0d2c-486e-937b-d09fa3478732:group-895A342C09C4:LeaderElection16] INFO  server.RaftServerConfigKeys (ConfUtils.java:logGet(43)) - raft.server.staging.catchup.gap = 1000 (default)
2019-09-19 17:00:13,988 [5f94c5ea-0d2c-486e-937b-d09fa3478732:group-895A342C09C4:LeaderElection16] INFO  server.RaftServerConfigKeys (ConfUtils.java:logGet(43)) - raft.server.rpc.sleep.time = 25ms (default)
2019-09-19 17:00:13,990 [5f94c5ea-0d2c-486e-937b-d09fa3478732:group-895A342C09C4:LeaderElection16] INFO  server.RaftServerConfigKeys (ConfUtils.java:logGet(43)) - raft.server.write.element-limit = 4096 (default)
2019-09-19 17:00:13,990 [e59acbe3-2e53-434b-8aef-eb1faf9f1cb0-SegmentedRaftLogWorker:Storage Directory /workdir/hadoop-ozone/tools/target/test-dir/MiniOzoneClusterImpl-53329b5c-158c-4202-b54c-282115de494f/datanode-1/data/ratis/82c944df-c3ae-4add-923b-f4998e234c60] INFO  segmented.SegmentedRaftLogWorker (SegmentedRaftLogWorker.java:execute(569)) - e59acbe3-2e53-434b-8aef-eb1faf9f1cb0-SegmentedRaftLogWorker:Storage Directory /workdir/hadoop-ozone/tools/target/test-dir/MiniOzoneClusterImpl-53329b5c-158c-4202-b54c-282115de494f/datanode-1/data/ratis/82c944df-c3ae-4add-923b-f4998e234c60: created new log segment /workdir/hadoop-ozone/tools/target/test-dir/MiniOzoneClusterImpl-53329b5c-158c-4202-b54c-282115de494f/datanode-1/data/ratis/82c944df-c3ae-4add-923b-f4998e234c60/current/log_inprogress_0
2019-09-19 17:00:13,990 [5f94c5ea-0d2c-486e-937b-d09fa3478732:group-895A342C09C4:LeaderElection16] INFO  server.RaftServerConfigKeys (ConfUtils.java:logGet(43)) - raft.server.watch.timeout = 10s (default)
2019-09-19 17:00:13,990 [5f94c5ea-0d2c-486e-937b-d09fa3478732:group-972F824FD263:LeaderElection17] INFO  impl.LeaderElection (LeaderElection.java:askForVotes(181)) - 5f94c5ea-0d2c-486e-937b-d09fa3478732:group-972F824FD263:LeaderElection17: begin an election at term 1 for -1: [5f94c5ea-0d2c-486e-937b-d09fa3478732:192.168.157.226:34563], old=null
2019-09-19 17:00:13,990 [5f94c5ea-0d2c-486e-937b-d09fa3478732:group-895A342C09C4:LeaderElection16] INFO  server.RaftServerConfigKeys (ConfUtils.java:logGet(43)) - raft.server.watch.timeout.denomination = 1s (default)
2019-09-19 17:00:13,991 [5f94c5ea-0d2c-486e-937b-d09fa3478732:group-972F824FD263:LeaderElection17] INFO  impl.RoleInfo (RoleInfo.java:shutdownLeaderElection(134)) - 5f94c5ea-0d2c-486e-937b-d09fa3478732: shutdown LeaderElection
2019-09-19 17:00:13,991 [5f94c5ea-0d2c-486e-937b-d09fa3478732:group-895A342C09C4:LeaderElection16] INFO  server.RaftServerConfigKeys (ConfUtils.java:logGet(43)) - raft.server.watch.element-limit = 65536 (default)
2019-09-19 17:00:13,991 [5f94c5ea-0d2c-486e-937b-d09fa3478732:group-972F824FD263:LeaderElection17] INFO  impl.RaftServerImpl (RaftServerImpl.java:setRole(171)) - 5f94c5ea-0d2c-486e-937b-d09fa3478732:group-972F824FD263 changes role from CANDIDATE to LEADER at term 1 for changeToLeader
2019-09-19 17:00:13,991 [5f94c5ea-0d2c-486e-937b-d09fa3478732:group-972F824FD263:LeaderElection17] INFO  impl.RaftServerImpl (ServerState.java:setLeader(263)) - 5f94c5ea-0d2c-486e-937b-d09fa3478732:group-972F824FD263 change Leader from null to 5f94c5ea-0d2c-486e-937b-d09fa3478732 at term 1 for becomeLeader, leader elected after 5034ms
2019-09-19 17:00:13,991 [5f94c5ea-0d2c-486e-937b-d09fa3478732:group-895A342C09C4:LeaderElection16] INFO  impl.RoleInfo (RoleInfo.java:updateAndGet(143)) - 5f94c5ea-0d2c-486e-937b-d09fa3478732: start LeaderState
2019-09-19 17:00:13,991 [5f94c5ea-0d2c-486e-937b-d09fa3478732:group-972F824FD263:LeaderElection17] INFO  server.RaftServerConfigKeys (ConfUtils.java:logGet(43)) - raft.server.staging.catchup.gap = 1000 (default)
2019-09-19 17:00:13,992 [5f94c5ea-0d2c-486e-937b-d09fa3478732:group-895A342C09C4:LeaderElection16] INFO  segmented.SegmentedRaftLogWorker (SegmentedRaftLogWorker.java:startLogSegment(380)) - 5f94c5ea-0d2c-486e-937b-d09fa3478732-SegmentedRaftLogWorker:Storage Directory /workdir/hadoop-ozone/tools/target/test-dir/MiniOzoneClusterImpl-53329b5c-158c-4202-b54c-282115de494f/datanode-3/data/ratis/18774f8f-be46-4890-84b9-895a342c09c4: Starting segment from index:0
2019-09-19 17:00:13,992 [5f94c5ea-0d2c-486e-937b-d09fa3478732:group-972F824FD263:LeaderElection17] INFO  server.RaftServerConfigKeys (ConfUtils.java:logGet(43)) - raft.server.rpc.sleep.time = 25ms (default)
2019-09-19 17:00:13,992 [5f94c5ea-0d2c-486e-937b-d09fa3478732:group-972F824FD263:LeaderElection17] INFO  server.RaftServerConfigKeys (ConfUtils.java:logGet(43)) - raft.server.write.element-limit = 4096 (default)
2019-09-19 17:00:13,992 [5f94c5ea-0d2c-486e-937b-d09fa3478732:group-895A342C09C4:LeaderElection16] INFO  impl.RaftServerImpl (ServerState.java:setRaftConf(361)) - 5f94c5ea-0d2c-486e-937b-d09fa3478732:group-895A342C09C4 set configuration 0: [5f94c5ea-0d2c-486e-937b-d09fa3478732:192.168.157.226:34563], old=null at 0
2019-09-19 17:00:13,992 [5f94c5ea-0d2c-486e-937b-d09fa3478732:group-972F824FD263:LeaderElection17] INFO  server.RaftServerConfigKeys (ConfUtils.java:logGet(43)) - raft.server.watch.timeout = 10s (default)
2019-09-19 17:00:13,993 [5f94c5ea-0d2c-486e-937b-d09fa3478732:group-972F824FD263:LeaderElection17] INFO  server.RaftServerConfigKeys (ConfUtils.java:logGet(43)) - raft.server.watch.timeout.denomination = 1s (default)
2019-09-19 17:00:14,031 [Thread-256] INFO  impl.FollowerState (FollowerState.java:run(106)) - e59acbe3-2e53-434b-8aef-eb1faf9f1cb0:group-C548C31C7762 changes to CANDIDATE, lastRpcTime:5187, electionTimeout:5175ms
2019-09-19 17:00:14,032 [5f94c5ea-0d2c-486e-937b-d09fa3478732:group-972F824FD263:LeaderElection17] INFO  server.RaftServerConfigKeys (ConfUtils.java:logGet(43)) - raft.server.watch.element-limit = 65536 (default)
2019-09-19 17:00:14,032 [Thread-256] INFO  impl.RoleInfo (RoleInfo.java:shutdownFollowerState(121)) - e59acbe3-2e53-434b-8aef-eb1faf9f1cb0: shutdown FollowerState
2019-09-19 17:00:14,032 [Thread-256] INFO  impl.RaftServerImpl (RaftServerImpl.java:setRole(171)) - e59acbe3-2e53-434b-8aef-eb1faf9f1cb0:group-C548C31C7762 changes role from FOLLOWER to CANDIDATE at term 0 for changeToCandidate
2019-09-19 17:00:14,032 [5f94c5ea-0d2c-486e-937b-d09fa3478732:group-972F824FD263:LeaderElection17] INFO  impl.RoleInfo (RoleInfo.java:updateAndGet(143)) - 5f94c5ea-0d2c-486e-937b-d09fa3478732: start LeaderState
2019-09-19 17:00:14,032 [Thread-256] INFO  impl.RoleInfo (RoleInfo.java:updateAndGet(143)) - e59acbe3-2e53-434b-8aef-eb1faf9f1cb0: start LeaderElection
2019-09-19 17:00:14,033 [5f94c5ea-0d2c-486e-937b-d09fa3478732:group-972F824FD263:LeaderElection17] INFO  segmented.SegmentedRaftLogWorker (SegmentedRaftLogWorker.java:startLogSegment(380)) - 5f94c5ea-0d2c-486e-937b-d09fa3478732-SegmentedRaftLogWorker:Storage Directory /workdir/hadoop-ozone/tools/target/test-dir/MiniOzoneClusterImpl-53329b5c-158c-4202-b54c-282115de494f/datanode-3/data/ratis/a6cdb6cc-2ab3-4b9b-9e82-972f824fd263: Starting segment from index:0
2019-09-19 17:00:14,039 [5f94c5ea-0d2c-486e-937b-d09fa3478732:group-972F824FD263:LeaderElection17] INFO  impl.RaftServerImpl (ServerState.java:setRaftConf(361)) - 5f94c5ea-0d2c-486e-937b-d09fa3478732:group-972F824FD263 set configuration 0: [5f94c5ea-0d2c-486e-937b-d09fa3478732:192.168.157.226:34563], old=null at 0
2019-09-19 17:00:14,082 [5f94c5ea-0d2c-486e-937b-d09fa3478732-SegmentedRaftLogWorker:Storage Directory /workdir/hadoop-ozone/tools/target/test-dir/MiniOzoneClusterImpl-53329b5c-158c-4202-b54c-282115de494f/datanode-3/data/ratis/18774f8f-be46-4890-84b9-895a342c09c4] INFO  segmented.SegmentedRaftLogWorker (SegmentedRaftLogWorker.java:execute(569)) - 5f94c5ea-0d2c-486e-937b-d09fa3478732-SegmentedRaftLogWorker:Storage Directory /workdir/hadoop-ozone/tools/target/test-dir/MiniOzoneClusterImpl-53329b5c-158c-4202-b54c-282115de494f/datanode-3/data/ratis/18774f8f-be46-4890-84b9-895a342c09c4: created new log segment /workdir/hadoop-ozone/tools/target/test-dir/MiniOzoneClusterImpl-53329b5c-158c-4202-b54c-282115de494f/datanode-3/data/ratis/18774f8f-be46-4890-84b9-895a342c09c4/current/log_inprogress_0
2019-09-19 17:00:14,094 [5f94c5ea-0d2c-486e-937b-d09fa3478732-SegmentedRaftLogWorker:Storage Directory /workdir/hadoop-ozone/tools/target/test-dir/MiniOzoneClusterImpl-53329b5c-158c-4202-b54c-282115de494f/datanode-3/data/ratis/a6cdb6cc-2ab3-4b9b-9e82-972f824fd263] INFO  segmented.SegmentedRaftLogWorker (SegmentedRaftLogWorker.java:execute(569)) - 5f94c5ea-0d2c-486e-937b-d09fa3478732-SegmentedRaftLogWorker:Storage Directory /workdir/hadoop-ozone/tools/target/test-dir/MiniOzoneClusterImpl-53329b5c-158c-4202-b54c-282115de494f/datanode-3/data/ratis/a6cdb6cc-2ab3-4b9b-9e82-972f824fd263: created new log segment /workdir/hadoop-ozone/tools/target/test-dir/MiniOzoneClusterImpl-53329b5c-158c-4202-b54c-282115de494f/datanode-3/data/ratis/a6cdb6cc-2ab3-4b9b-9e82-972f824fd263/current/log_inprogress_0
2019-09-19 17:00:14,095 [e59acbe3-2e53-434b-8aef-eb1faf9f1cb0:group-C548C31C7762:LeaderElection18] INFO  impl.LeaderElection (LeaderElection.java:askForVotes(181)) - e59acbe3-2e53-434b-8aef-eb1faf9f1cb0:group-C548C31C7762:LeaderElection18: begin an election at term 1 for -1: [e59acbe3-2e53-434b-8aef-eb1faf9f1cb0:192.168.157.226:41120], old=null
2019-09-19 17:00:14,095 [e59acbe3-2e53-434b-8aef-eb1faf9f1cb0:group-C548C31C7762:LeaderElection18] INFO  impl.RoleInfo (RoleInfo.java:shutdownLeaderElection(134)) - e59acbe3-2e53-434b-8aef-eb1faf9f1cb0: shutdown LeaderElection
2019-09-19 17:00:14,095 [e59acbe3-2e53-434b-8aef-eb1faf9f1cb0:group-C548C31C7762:LeaderElection18] INFO  impl.RaftServerImpl (RaftServerImpl.java:setRole(171)) - e59acbe3-2e53-434b-8aef-eb1faf9f1cb0:group-C548C31C7762 changes role from CANDIDATE to LEADER at term 1 for changeToLeader
2019-09-19 17:00:14,095 [e59acbe3-2e53-434b-8aef-eb1faf9f1cb0:group-C548C31C7762:LeaderElection18] INFO  impl.RaftServerImpl (ServerState.java:setLeader(263)) - e59acbe3-2e53-434b-8aef-eb1faf9f1cb0:group-C548C31C7762 change Leader from null to e59acbe3-2e53-434b-8aef-eb1faf9f1cb0 at term 1 for becomeLeader, leader elected after 5256ms
2019-09-19 17:00:14,096 [e59acbe3-2e53-434b-8aef-eb1faf9f1cb0:group-C548C31C7762:LeaderElection18] INFO  server.RaftServerConfigKeys (ConfUtils.java:logGet(43)) - raft.server.staging.catchup.gap = 1000 (default)
2019-09-19 17:00:14,096 [e59acbe3-2e53-434b-8aef-eb1faf9f1cb0:group-C548C31C7762:LeaderElection18] INFO  server.RaftServerConfigKeys (ConfUtils.java:logGet(43)) - raft.server.rpc.sleep.time = 25ms (default)
2019-09-19 17:00:14,096 [e59acbe3-2e53-434b-8aef-eb1faf9f1cb0:group-C548C31C7762:LeaderElection18] INFO  server.RaftServerConfigKeys (ConfUtils.java:logGet(43)) - raft.server.write.element-limit = 4096 (default)
2019-09-19 17:00:14,096 [e59acbe3-2e53-434b-8aef-eb1faf9f1cb0:group-C548C31C7762:LeaderElection18] INFO  server.RaftServerConfigKeys (ConfUtils.java:logGet(43)) - raft.server.watch.timeout = 10s (default)
2019-09-19 17:00:14,097 [e59acbe3-2e53-434b-8aef-eb1faf9f1cb0:group-C548C31C7762:LeaderElection18] INFO  server.RaftServerConfigKeys (ConfUtils.java:logGet(43)) - raft.server.watch.timeout.denomination = 1s (default)
2019-09-19 17:00:14,097 [e59acbe3-2e53-434b-8aef-eb1faf9f1cb0:group-C548C31C7762:LeaderElection18] INFO  server.RaftServerConfigKeys (ConfUtils.java:logGet(43)) - raft.server.watch.element-limit = 65536 (default)
2019-09-19 17:00:14,097 [e59acbe3-2e53-434b-8aef-eb1faf9f1cb0:group-C548C31C7762:LeaderElection18] INFO  impl.RoleInfo (RoleInfo.java:updateAndGet(143)) - e59acbe3-2e53-434b-8aef-eb1faf9f1cb0: start LeaderState
2019-09-19 17:00:14,098 [e59acbe3-2e53-434b-8aef-eb1faf9f1cb0:group-C548C31C7762:LeaderElection18] INFO  segmented.SegmentedRaftLogWorker (SegmentedRaftLogWorker.java:startLogSegment(380)) - e59acbe3-2e53-434b-8aef-eb1faf9f1cb0-SegmentedRaftLogWorker:Storage Directory /workdir/hadoop-ozone/tools/target/test-dir/MiniOzoneClusterImpl-53329b5c-158c-4202-b54c-282115de494f/datanode-1/data/ratis/eefbf8e6-21c1-46f4-b667-c548c31c7762: Starting segment from index:0
2019-09-19 17:00:14,098 [e59acbe3-2e53-434b-8aef-eb1faf9f1cb0:group-C548C31C7762:LeaderElection18] INFO  impl.RaftServerImpl (ServerState.java:setRaftConf(361)) - e59acbe3-2e53-434b-8aef-eb1faf9f1cb0:group-C548C31C7762 set configuration 0: [e59acbe3-2e53-434b-8aef-eb1faf9f1cb0:192.168.157.226:41120], old=null at 0
2019-09-19 17:00:14,164 [e59acbe3-2e53-434b-8aef-eb1faf9f1cb0-SegmentedRaftLogWorker:Storage Directory /workdir/hadoop-ozone/tools/target/test-dir/MiniOzoneClusterImpl-53329b5c-158c-4202-b54c-282115de494f/datanode-1/data/ratis/eefbf8e6-21c1-46f4-b667-c548c31c7762] INFO  segmented.SegmentedRaftLogWorker (SegmentedRaftLogWorker.java:execute(569)) - e59acbe3-2e53-434b-8aef-eb1faf9f1cb0-SegmentedRaftLogWorker:Storage Directory /workdir/hadoop-ozone/tools/target/test-dir/MiniOzoneClusterImpl-53329b5c-158c-4202-b54c-282115de494f/datanode-1/data/ratis/eefbf8e6-21c1-46f4-b667-c548c31c7762: created new log segment /workdir/hadoop-ozone/tools/target/test-dir/MiniOzoneClusterImpl-53329b5c-158c-4202-b54c-282115de494f/datanode-1/data/ratis/eefbf8e6-21c1-46f4-b667-c548c31c7762/current/log_inprogress_0
2019-09-19 17:00:14,219 [Thread-269] INFO  impl.FollowerState (FollowerState.java:run(106)) - 5f94c5ea-0d2c-486e-937b-d09fa3478732:group-7F75A3A96225 changes to CANDIDATE, lastRpcTime:5163, electionTimeout:5163ms
2019-09-19 17:00:14,220 [Thread-269] INFO  impl.RoleInfo (RoleInfo.java:shutdownFollowerState(121)) - 5f94c5ea-0d2c-486e-937b-d09fa3478732: shutdown FollowerState
2019-09-19 17:00:14,220 [Thread-269] INFO  impl.RaftServerImpl (RaftServerImpl.java:setRole(171)) - 5f94c5ea-0d2c-486e-937b-d09fa3478732:group-7F75A3A96225 changes role from FOLLOWER to CANDIDATE at term 0 for changeToCandidate
2019-09-19 17:00:14,220 [Thread-269] INFO  impl.RoleInfo (RoleInfo.java:updateAndGet(143)) - 5f94c5ea-0d2c-486e-937b-d09fa3478732: start LeaderElection
2019-09-19 17:00:14,239 [5f94c5ea-0d2c-486e-937b-d09fa3478732:group-7F75A3A96225:LeaderElection19] INFO  impl.LeaderElection (LeaderElection.java:askForVotes(181)) - 5f94c5ea-0d2c-486e-937b-d09fa3478732:group-7F75A3A96225:LeaderElection19: begin an election at term 1 for -1: [5f94c5ea-0d2c-486e-937b-d09fa3478732:192.168.157.226:34563], old=null
2019-09-19 17:00:14,240 [5f94c5ea-0d2c-486e-937b-d09fa3478732:group-7F75A3A96225:LeaderElection19] INFO  impl.RoleInfo (RoleInfo.java:shutdownLeaderElection(134)) - 5f94c5ea-0d2c-486e-937b-d09fa3478732: shutdown LeaderElection
2019-09-19 17:00:14,240 [5f94c5ea-0d2c-486e-937b-d09fa3478732:group-7F75A3A96225:LeaderElection19] INFO  impl.RaftServerImpl (RaftServerImpl.java:setRole(171)) - 5f94c5ea-0d2c-486e-937b-d09fa3478732:group-7F75A3A96225 changes role from CANDIDATE to LEADER at term 1 for changeToLeader
2019-09-19 17:00:14,240 [5f94c5ea-0d2c-486e-937b-d09fa3478732:group-7F75A3A96225:LeaderElection19] INFO  impl.RaftServerImpl (ServerState.java:setLeader(263)) - 5f94c5ea-0d2c-486e-937b-d09fa3478732:group-7F75A3A96225 change Leader from null to 5f94c5ea-0d2c-486e-937b-d09fa3478732 at term 1 for becomeLeader, leader elected after 5202ms
2019-09-19 17:00:14,240 [5f94c5ea-0d2c-486e-937b-d09fa3478732:group-7F75A3A96225:LeaderElection19] INFO  server.RaftServerConfigKeys (ConfUtils.java:logGet(43)) - raft.server.staging.catchup.gap = 1000 (default)
2019-09-19 17:00:14,240 [5f94c5ea-0d2c-486e-937b-d09fa3478732:group-7F75A3A96225:LeaderElection19] INFO  server.RaftServerConfigKeys (ConfUtils.java:logGet(43)) - raft.server.rpc.sleep.time = 25ms (default)
2019-09-19 17:00:14,241 [5f94c5ea-0d2c-486e-937b-d09fa3478732:group-7F75A3A96225:LeaderElection19] INFO  server.RaftServerConfigKeys (ConfUtils.java:logGet(43)) - raft.server.write.element-limit = 4096 (default)
2019-09-19 17:00:14,241 [5f94c5ea-0d2c-486e-937b-d09fa3478732:group-7F75A3A96225:LeaderElection19] INFO  server.RaftServerConfigKeys (ConfUtils.java:logGet(43)) - raft.server.watch.timeout = 10s (default)
2019-09-19 17:00:14,241 [5f94c5ea-0d2c-486e-937b-d09fa3478732:group-7F75A3A96225:LeaderElection19] INFO  server.RaftServerConfigKeys (ConfUtils.java:logGet(43)) - raft.server.watch.timeout.denomination = 1s (default)
2019-09-19 17:00:14,241 [5f94c5ea-0d2c-486e-937b-d09fa3478732:group-7F75A3A96225:LeaderElection19] INFO  server.RaftServerConfigKeys (ConfUtils.java:logGet(43)) - raft.server.watch.element-limit = 65536 (default)
2019-09-19 17:00:14,242 [5f94c5ea-0d2c-486e-937b-d09fa3478732:group-7F75A3A96225:LeaderElection19] INFO  impl.RoleInfo (RoleInfo.java:updateAndGet(143)) - 5f94c5ea-0d2c-486e-937b-d09fa3478732: start LeaderState
2019-09-19 17:00:14,242 [5f94c5ea-0d2c-486e-937b-d09fa3478732:group-7F75A3A96225:LeaderElection19] INFO  segmented.SegmentedRaftLogWorker (SegmentedRaftLogWorker.java:startLogSegment(380)) - 5f94c5ea-0d2c-486e-937b-d09fa3478732-SegmentedRaftLogWorker:Storage Directory /workdir/hadoop-ozone/tools/target/test-dir/MiniOzoneClusterImpl-53329b5c-158c-4202-b54c-282115de494f/datanode-3/data/ratis/3b0cf2a7-49e2-484c-8e0f-7f75a3a96225: Starting segment from index:0
2019-09-19 17:00:14,243 [5f94c5ea-0d2c-486e-937b-d09fa3478732:group-7F75A3A96225:LeaderElection19] INFO  impl.RaftServerImpl (ServerState.java:setRaftConf(361)) - 5f94c5ea-0d2c-486e-937b-d09fa3478732:group-7F75A3A96225 set configuration 0: [5f94c5ea-0d2c-486e-937b-d09fa3478732:192.168.157.226:34563], old=null at 0
2019-09-19 17:00:14,286 [Thread-272] INFO  impl.FollowerState (FollowerState.java:run(106)) - e59acbe3-2e53-434b-8aef-eb1faf9f1cb0:group-177593880083 changes to CANDIDATE, lastRpcTime:5155, electionTimeout:5129ms
2019-09-19 17:00:14,286 [Thread-278] INFO  impl.FollowerState (FollowerState.java:run(106)) - c64ef6ee-91bc-492f-96d3-e3ad2b12297f:group-A9BE9C878E91 changes to CANDIDATE, lastRpcTime:5032, electionTimeout:5004ms
2019-09-19 17:00:14,286 [Thread-272] INFO  impl.RoleInfo (RoleInfo.java:shutdownFollowerState(121)) - e59acbe3-2e53-434b-8aef-eb1faf9f1cb0: shutdown FollowerState
2019-09-19 17:00:14,287 [Thread-278] INFO  impl.RoleInfo (RoleInfo.java:shutdownFollowerState(121)) - c64ef6ee-91bc-492f-96d3-e3ad2b12297f: shutdown FollowerState
2019-09-19 17:00:14,287 [Thread-272] INFO  impl.RaftServerImpl (RaftServerImpl.java:setRole(171)) - e59acbe3-2e53-434b-8aef-eb1faf9f1cb0:group-177593880083 changes role from FOLLOWER to CANDIDATE at term 0 for changeToCandidate
2019-09-19 17:00:14,287 [Thread-278] INFO  impl.RaftServerImpl (RaftServerImpl.java:setRole(171)) - c64ef6ee-91bc-492f-96d3-e3ad2b12297f:group-A9BE9C878E91 changes role from FOLLOWER to CANDIDATE at term 0 for changeToCandidate
2019-09-19 17:00:14,287 [Thread-272] INFO  impl.RoleInfo (RoleInfo.java:updateAndGet(143)) - e59acbe3-2e53-434b-8aef-eb1faf9f1cb0: start LeaderElection
2019-09-19 17:00:14,287 [Thread-278] INFO  impl.RoleInfo (RoleInfo.java:updateAndGet(143)) - c64ef6ee-91bc-492f-96d3-e3ad2b12297f: start LeaderElection
2019-09-19 17:00:14,303 [5f94c5ea-0d2c-486e-937b-d09fa3478732-SegmentedRaftLogWorker:Storage Directory /workdir/hadoop-ozone/tools/target/test-dir/MiniOzoneClusterImpl-53329b5c-158c-4202-b54c-282115de494f/datanode-3/data/ratis/3b0cf2a7-49e2-484c-8e0f-7f75a3a96225] INFO  segmented.SegmentedRaftLogWorker (SegmentedRaftLogWorker.java:execute(569)) - 5f94c5ea-0d2c-486e-937b-d09fa3478732-SegmentedRaftLogWorker:Storage Directory /workdir/hadoop-ozone/tools/target/test-dir/MiniOzoneClusterImpl-53329b5c-158c-4202-b54c-282115de494f/datanode-3/data/ratis/3b0cf2a7-49e2-484c-8e0f-7f75a3a96225: created new log segment /workdir/hadoop-ozone/tools/target/test-dir/MiniOzoneClusterImpl-53329b5c-158c-4202-b54c-282115de494f/datanode-3/data/ratis/3b0cf2a7-49e2-484c-8e0f-7f75a3a96225/current/log_inprogress_0
2019-09-19 17:00:14,328 [e59acbe3-2e53-434b-8aef-eb1faf9f1cb0:group-177593880083:LeaderElection20] INFO  impl.LeaderElection (LeaderElection.java:askForVotes(181)) - e59acbe3-2e53-434b-8aef-eb1faf9f1cb0:group-177593880083:LeaderElection20: begin an election at term 1 for -1: [e59acbe3-2e53-434b-8aef-eb1faf9f1cb0:192.168.157.226:41120], old=null
2019-09-19 17:00:14,328 [c64ef6ee-91bc-492f-96d3-e3ad2b12297f:group-A9BE9C878E91:LeaderElection21] INFO  impl.LeaderElection (LeaderElection.java:askForVotes(181)) - c64ef6ee-91bc-492f-96d3-e3ad2b12297f:group-A9BE9C878E91:LeaderElection21: begin an election at term 1 for -1: [c64ef6ee-91bc-492f-96d3-e3ad2b12297f:192.168.157.226:43735], old=null
2019-09-19 17:00:14,329 [e59acbe3-2e53-434b-8aef-eb1faf9f1cb0:group-177593880083:LeaderElection20] INFO  impl.RoleInfo (RoleInfo.java:shutdownLeaderElection(134)) - e59acbe3-2e53-434b-8aef-eb1faf9f1cb0: shutdown LeaderElection
2019-09-19 17:00:14,329 [c64ef6ee-91bc-492f-96d3-e3ad2b12297f:group-A9BE9C878E91:LeaderElection21] INFO  impl.RoleInfo (RoleInfo.java:shutdownLeaderElection(134)) - c64ef6ee-91bc-492f-96d3-e3ad2b12297f: shutdown LeaderElection
2019-09-19 17:00:14,329 [e59acbe3-2e53-434b-8aef-eb1faf9f1cb0:group-177593880083:LeaderElection20] INFO  impl.RaftServerImpl (RaftServerImpl.java:setRole(171)) - e59acbe3-2e53-434b-8aef-eb1faf9f1cb0:group-177593880083 changes role from CANDIDATE to LEADER at term 1 for changeToLeader
2019-09-19 17:00:14,329 [c64ef6ee-91bc-492f-96d3-e3ad2b12297f:group-A9BE9C878E91:LeaderElection21] INFO  impl.RaftServerImpl (RaftServerImpl.java:setRole(171)) - c64ef6ee-91bc-492f-96d3-e3ad2b12297f:group-A9BE9C878E91 changes role from CANDIDATE to LEADER at term 1 for changeToLeader
2019-09-19 17:00:14,329 [e59acbe3-2e53-434b-8aef-eb1faf9f1cb0:group-177593880083:LeaderElection20] INFO  impl.RaftServerImpl (ServerState.java:setLeader(263)) - e59acbe3-2e53-434b-8aef-eb1faf9f1cb0:group-177593880083 change Leader from null to e59acbe3-2e53-434b-8aef-eb1faf9f1cb0 at term 1 for becomeLeader, leader elected after 5202ms
2019-09-19 17:00:14,330 [c64ef6ee-91bc-492f-96d3-e3ad2b12297f:group-A9BE9C878E91:LeaderElection21] INFO  impl.RaftServerImpl (ServerState.java:setLeader(263)) - c64ef6ee-91bc-492f-96d3-e3ad2b12297f:group-A9BE9C878E91 change Leader from null to c64ef6ee-91bc-492f-96d3-e3ad2b12297f at term 1 for becomeLeader, leader elected after 5080ms
2019-09-19 17:00:14,330 [e59acbe3-2e53-434b-8aef-eb1faf9f1cb0:group-177593880083:LeaderElection20] INFO  server.RaftServerConfigKeys (ConfUtils.java:logGet(43)) - raft.server.staging.catchup.gap = 1000 (default)
2019-09-19 17:00:14,330 [c64ef6ee-91bc-492f-96d3-e3ad2b12297f:group-A9BE9C878E91:LeaderElection21] INFO  server.RaftServerConfigKeys (ConfUtils.java:logGet(43)) - raft.server.staging.catchup.gap = 1000 (default)
2019-09-19 17:00:14,330 [e59acbe3-2e53-434b-8aef-eb1faf9f1cb0:group-177593880083:LeaderElection20] INFO  server.RaftServerConfigKeys (ConfUtils.java:logGet(43)) - raft.server.rpc.sleep.time = 25ms (default)
2019-09-19 17:00:14,330 [c64ef6ee-91bc-492f-96d3-e3ad2b12297f:group-A9BE9C878E91:LeaderElection21] INFO  server.RaftServerConfigKeys (ConfUtils.java:logGet(43)) - raft.server.rpc.sleep.time = 25ms (default)
2019-09-19 17:00:14,330 [e59acbe3-2e53-434b-8aef-eb1faf9f1cb0:group-177593880083:LeaderElection20] INFO  server.RaftServerConfigKeys (ConfUtils.java:logGet(43)) - raft.server.write.element-limit = 4096 (default)
2019-09-19 17:00:14,331 [c64ef6ee-91bc-492f-96d3-e3ad2b12297f:group-A9BE9C878E91:LeaderElection21] INFO  server.RaftServerConfigKeys (ConfUtils.java:logGet(43)) - raft.server.write.element-limit = 4096 (default)
2019-09-19 17:00:14,331 [e59acbe3-2e53-434b-8aef-eb1faf9f1cb0:group-177593880083:LeaderElection20] INFO  server.RaftServerConfigKeys (ConfUtils.java:logGet(43)) - raft.server.watch.timeout = 10s (default)
2019-09-19 17:00:14,331 [c64ef6ee-91bc-492f-96d3-e3ad2b12297f:group-A9BE9C878E91:LeaderElection21] INFO  server.RaftServerConfigKeys (ConfUtils.java:logGet(43)) - raft.server.watch.timeout = 10s (default)
2019-09-19 17:00:14,331 [e59acbe3-2e53-434b-8aef-eb1faf9f1cb0:group-177593880083:LeaderElection20] INFO  server.RaftServerConfigKeys (ConfUtils.java:logGet(43)) - raft.server.watch.timeout.denomination = 1s (default)
2019-09-19 17:00:14,331 [c64ef6ee-91bc-492f-96d3-e3ad2b12297f:group-A9BE9C878E91:LeaderElection21] INFO  server.RaftServerConfigKeys (ConfUtils.java:logGet(43)) - raft.server.watch.timeout.denomination = 1s (default)
2019-09-19 17:00:14,331 [e59acbe3-2e53-434b-8aef-eb1faf9f1cb0:group-177593880083:LeaderElection20] INFO  server.RaftServerConfigKeys (ConfUtils.java:logGet(43)) - raft.server.watch.element-limit = 65536 (default)
2019-09-19 17:00:14,331 [c64ef6ee-91bc-492f-96d3-e3ad2b12297f:group-A9BE9C878E91:LeaderElection21] INFO  server.RaftServerConfigKeys (ConfUtils.java:logGet(43)) - raft.server.watch.element-limit = 65536 (default)
2019-09-19 17:00:14,332 [e59acbe3-2e53-434b-8aef-eb1faf9f1cb0:group-177593880083:LeaderElection20] INFO  impl.RoleInfo (RoleInfo.java:updateAndGet(143)) - e59acbe3-2e53-434b-8aef-eb1faf9f1cb0: start LeaderState
2019-09-19 17:00:14,332 [c64ef6ee-91bc-492f-96d3-e3ad2b12297f:group-A9BE9C878E91:LeaderElection21] INFO  impl.RoleInfo (RoleInfo.java:updateAndGet(143)) - c64ef6ee-91bc-492f-96d3-e3ad2b12297f: start LeaderState
2019-09-19 17:00:14,332 [e59acbe3-2e53-434b-8aef-eb1faf9f1cb0:group-177593880083:LeaderElection20] INFO  segmented.SegmentedRaftLogWorker (SegmentedRaftLogWorker.java:startLogSegment(380)) - e59acbe3-2e53-434b-8aef-eb1faf9f1cb0-SegmentedRaftLogWorker:Storage Directory /workdir/hadoop-ozone/tools/target/test-dir/MiniOzoneClusterImpl-53329b5c-158c-4202-b54c-282115de494f/datanode-1/data/ratis/24eb5cd3-a3f3-4b62-a700-177593880083: Starting segment from index:0
2019-09-19 17:00:14,332 [c64ef6ee-91bc-492f-96d3-e3ad2b12297f:group-A9BE9C878E91:LeaderElection21] INFO  segmented.SegmentedRaftLogWorker (SegmentedRaftLogWorker.java:startLogSegment(380)) - c64ef6ee-91bc-492f-96d3-e3ad2b12297f-SegmentedRaftLogWorker:Storage Directory /workdir/hadoop-ozone/tools/target/test-dir/MiniOzoneClusterImpl-53329b5c-158c-4202-b54c-282115de494f/datanode-2/data/ratis/a3cb8fc3-9eb0-449f-acba-a9be9c878e91: Starting segment from index:0
2019-09-19 17:00:14,333 [e59acbe3-2e53-434b-8aef-eb1faf9f1cb0:group-177593880083:LeaderElection20] INFO  impl.RaftServerImpl (ServerState.java:setRaftConf(361)) - e59acbe3-2e53-434b-8aef-eb1faf9f1cb0:group-177593880083 set configuration 0: [e59acbe3-2e53-434b-8aef-eb1faf9f1cb0:192.168.157.226:41120], old=null at 0
2019-09-19 17:00:14,375 [Thread-281] INFO  impl.FollowerState (FollowerState.java:run(106)) - c64ef6ee-91bc-492f-96d3-e3ad2b12297f:group-23602B5F373A changes to CANDIDATE, lastRpcTime:5073, electionTimeout:5047ms
2019-09-19 17:00:14,382 [c64ef6ee-91bc-492f-96d3-e3ad2b12297f:group-A9BE9C878E91:LeaderElection21] INFO  impl.RaftServerImpl (ServerState.java:setRaftConf(361)) - c64ef6ee-91bc-492f-96d3-e3ad2b12297f:group-A9BE9C878E91 set configuration 0: [c64ef6ee-91bc-492f-96d3-e3ad2b12297f:192.168.157.226:43735], old=null at 0
2019-09-19 17:00:14,383 [Thread-281] INFO  impl.RoleInfo (RoleInfo.java:shutdownFollowerState(121)) - c64ef6ee-91bc-492f-96d3-e3ad2b12297f: shutdown FollowerState
2019-09-19 17:00:14,384 [Thread-281] INFO  impl.RaftServerImpl (RaftServerImpl.java:setRole(171)) - c64ef6ee-91bc-492f-96d3-e3ad2b12297f:group-23602B5F373A changes role from FOLLOWER to CANDIDATE at term 0 for changeToCandidate
2019-09-19 17:00:14,385 [Thread-281] INFO  impl.RoleInfo (RoleInfo.java:updateAndGet(143)) - c64ef6ee-91bc-492f-96d3-e3ad2b12297f: start LeaderElection
2019-09-19 17:00:14,392 | INFO  | SCMAudit | user=jenkins1000 | ip=192.168.157.226 | op=SEND_HEARTBEAT {datanodeUUID=e858d55d-eb7f-4d43-a7ab-d70ac1b2cf5d, command=[]} | ret=SUCCESS |  
2019-09-19 17:00:14,398 [Thread-275] INFO  impl.FollowerState (FollowerState.java:run(106)) - c64ef6ee-91bc-492f-96d3-e3ad2b12297f:group-3C9F3DD9CE20 changes to CANDIDATE, lastRpcTime:5197, electionTimeout:5197ms
2019-09-19 17:00:14,398 [Thread-275] INFO  impl.RoleInfo (RoleInfo.java:shutdownFollowerState(121)) - c64ef6ee-91bc-492f-96d3-e3ad2b12297f: shutdown FollowerState
2019-09-19 17:00:14,399 [Thread-275] INFO  impl.RaftServerImpl (RaftServerImpl.java:setRole(171)) - c64ef6ee-91bc-492f-96d3-e3ad2b12297f:group-3C9F3DD9CE20 changes role from FOLLOWER to CANDIDATE at term 0 for changeToCandidate
2019-09-19 17:00:14,399 [Thread-275] INFO  impl.RoleInfo (RoleInfo.java:updateAndGet(143)) - c64ef6ee-91bc-492f-96d3-e3ad2b12297f: start LeaderElection
2019-09-19 17:00:14,401 | INFO  | SCMAudit | user=jenkins1000 | ip=192.168.157.226 | op=SEND_HEARTBEAT {datanodeUUID=dd9809e6-023f-42ef-96fa-650496b0d2eb, command=[]} | ret=SUCCESS |  
2019-09-19 17:00:14,407 [c64ef6ee-91bc-492f-96d3-e3ad2b12297f-SegmentedRaftLogWorker:Storage Directory /workdir/hadoop-ozone/tools/target/test-dir/MiniOzoneClusterImpl-53329b5c-158c-4202-b54c-282115de494f/datanode-2/data/ratis/a3cb8fc3-9eb0-449f-acba-a9be9c878e91] INFO  segmented.SegmentedRaftLogWorker (SegmentedRaftLogWorker.java:execute(569)) - c64ef6ee-91bc-492f-96d3-e3ad2b12297f-SegmentedRaftLogWorker:Storage Directory /workdir/hadoop-ozone/tools/target/test-dir/MiniOzoneClusterImpl-53329b5c-158c-4202-b54c-282115de494f/datanode-2/data/ratis/a3cb8fc3-9eb0-449f-acba-a9be9c878e91: created new log segment /workdir/hadoop-ozone/tools/target/test-dir/MiniOzoneClusterImpl-53329b5c-158c-4202-b54c-282115de494f/datanode-2/data/ratis/a3cb8fc3-9eb0-449f-acba-a9be9c878e91/current/log_inprogress_0
2019-09-19 17:00:14,407 [e59acbe3-2e53-434b-8aef-eb1faf9f1cb0-SegmentedRaftLogWorker:Storage Directory /workdir/hadoop-ozone/tools/target/test-dir/MiniOzoneClusterImpl-53329b5c-158c-4202-b54c-282115de494f/datanode-1/data/ratis/24eb5cd3-a3f3-4b62-a700-177593880083] INFO  segmented.SegmentedRaftLogWorker (SegmentedRaftLogWorker.java:execute(569)) - e59acbe3-2e53-434b-8aef-eb1faf9f1cb0-SegmentedRaftLogWorker:Storage Directory /workdir/hadoop-ozone/tools/target/test-dir/MiniOzoneClusterImpl-53329b5c-158c-4202-b54c-282115de494f/datanode-1/data/ratis/24eb5cd3-a3f3-4b62-a700-177593880083: created new log segment /workdir/hadoop-ozone/tools/target/test-dir/MiniOzoneClusterImpl-53329b5c-158c-4202-b54c-282115de494f/datanode-1/data/ratis/24eb5cd3-a3f3-4b62-a700-177593880083/current/log_inprogress_0
2019-09-19 17:00:14,407 [c64ef6ee-91bc-492f-96d3-e3ad2b12297f:group-23602B5F373A:LeaderElection22] INFO  impl.LeaderElection (LeaderElection.java:askForVotes(181)) - c64ef6ee-91bc-492f-96d3-e3ad2b12297f:group-23602B5F373A:LeaderElection22: begin an election at term 1 for -1: [c64ef6ee-91bc-492f-96d3-e3ad2b12297f:192.168.157.226:43735], old=null
2019-09-19 17:00:14,407 [c64ef6ee-91bc-492f-96d3-e3ad2b12297f:group-23602B5F373A:LeaderElection22] INFO  impl.RoleInfo (RoleInfo.java:shutdownLeaderElection(134)) - c64ef6ee-91bc-492f-96d3-e3ad2b12297f: shutdown LeaderElection
2019-09-19 17:00:14,408 [c64ef6ee-91bc-492f-96d3-e3ad2b12297f:group-23602B5F373A:LeaderElection22] INFO  impl.RaftServerImpl (RaftServerImpl.java:setRole(171)) - c64ef6ee-91bc-492f-96d3-e3ad2b12297f:group-23602B5F373A changes role from CANDIDATE to LEADER at term 1 for changeToLeader
2019-09-19 17:00:14,408 [c64ef6ee-91bc-492f-96d3-e3ad2b12297f:group-23602B5F373A:LeaderElection22] INFO  impl.RaftServerImpl (ServerState.java:setLeader(263)) - c64ef6ee-91bc-492f-96d3-e3ad2b12297f:group-23602B5F373A change Leader from null to c64ef6ee-91bc-492f-96d3-e3ad2b12297f at term 1 for becomeLeader, leader elected after 5109ms
2019-09-19 17:00:14,408 [c64ef6ee-91bc-492f-96d3-e3ad2b12297f:group-23602B5F373A:LeaderElection22] INFO  server.RaftServerConfigKeys (ConfUtils.java:logGet(43)) - raft.server.staging.catchup.gap = 1000 (default)
2019-09-19 17:00:14,408 [c64ef6ee-91bc-492f-96d3-e3ad2b12297f:group-23602B5F373A:LeaderElection22] INFO  server.RaftServerConfigKeys (ConfUtils.java:logGet(43)) - raft.server.rpc.sleep.time = 25ms (default)
2019-09-19 17:00:14,408 [c64ef6ee-91bc-492f-96d3-e3ad2b12297f:group-23602B5F373A:LeaderElection22] INFO  server.RaftServerConfigKeys (ConfUtils.java:logGet(43)) - raft.server.write.element-limit = 4096 (default)
2019-09-19 17:00:14,409 [c64ef6ee-91bc-492f-96d3-e3ad2b12297f:group-23602B5F373A:LeaderElection22] INFO  server.RaftServerConfigKeys (ConfUtils.java:logGet(43)) - raft.server.watch.timeout = 10s (default)
2019-09-19 17:00:14,409 [c64ef6ee-91bc-492f-96d3-e3ad2b12297f:group-23602B5F373A:LeaderElection22] INFO  server.RaftServerConfigKeys (ConfUtils.java:logGet(43)) - raft.server.watch.timeout.denomination = 1s (default)
2019-09-19 17:00:14,409 [c64ef6ee-91bc-492f-96d3-e3ad2b12297f:group-3C9F3DD9CE20:LeaderElection23] INFO  impl.LeaderElection (LeaderElection.java:askForVotes(181)) - c64ef6ee-91bc-492f-96d3-e3ad2b12297f:group-3C9F3DD9CE20:LeaderElection23: begin an election at term 1 for -1: [c64ef6ee-91bc-492f-96d3-e3ad2b12297f:192.168.157.226:43735], old=null
2019-09-19 17:00:14,409 [c64ef6ee-91bc-492f-96d3-e3ad2b12297f:group-23602B5F373A:LeaderElection22] INFO  server.RaftServerConfigKeys (ConfUtils.java:logGet(43)) - raft.server.watch.element-limit = 65536 (default)
2019-09-19 17:00:14,409 [c64ef6ee-91bc-492f-96d3-e3ad2b12297f:group-3C9F3DD9CE20:LeaderElection23] INFO  impl.RoleInfo (RoleInfo.java:shutdownLeaderElection(134)) - c64ef6ee-91bc-492f-96d3-e3ad2b12297f: shutdown LeaderElection
2019-09-19 17:00:14,409 [c64ef6ee-91bc-492f-96d3-e3ad2b12297f:group-23602B5F373A:LeaderElection22] INFO  impl.RoleInfo (RoleInfo.java:updateAndGet(143)) - c64ef6ee-91bc-492f-96d3-e3ad2b12297f: start LeaderState
2019-09-19 17:00:14,409 [c64ef6ee-91bc-492f-96d3-e3ad2b12297f:group-3C9F3DD9CE20:LeaderElection23] INFO  impl.RaftServerImpl (RaftServerImpl.java:setRole(171)) - c64ef6ee-91bc-492f-96d3-e3ad2b12297f:group-3C9F3DD9CE20 changes role from CANDIDATE to LEADER at term 1 for changeToLeader
2019-09-19 17:00:14,410 [c64ef6ee-91bc-492f-96d3-e3ad2b12297f:group-3C9F3DD9CE20:LeaderElection23] INFO  impl.RaftServerImpl (ServerState.java:setLeader(263)) - c64ef6ee-91bc-492f-96d3-e3ad2b12297f:group-3C9F3DD9CE20 change Leader from null to c64ef6ee-91bc-492f-96d3-e3ad2b12297f at term 1 for becomeLeader, leader elected after 5213ms
2019-09-19 17:00:14,410 [c64ef6ee-91bc-492f-96d3-e3ad2b12297f:group-23602B5F373A:LeaderElection22] INFO  segmented.SegmentedRaftLogWorker (SegmentedRaftLogWorker.java:startLogSegment(380)) - c64ef6ee-91bc-492f-96d3-e3ad2b12297f-SegmentedRaftLogWorker:Storage Directory /workdir/hadoop-ozone/tools/target/test-dir/MiniOzoneClusterImpl-53329b5c-158c-4202-b54c-282115de494f/datanode-2/data/ratis/7dfeb815-771e-4abb-9ae2-23602b5f373a: Starting segment from index:0
2019-09-19 17:00:14,410 [c64ef6ee-91bc-492f-96d3-e3ad2b12297f:group-3C9F3DD9CE20:LeaderElection23] INFO  server.RaftServerConfigKeys (ConfUtils.java:logGet(43)) - raft.server.staging.catchup.gap = 1000 (default)
2019-09-19 17:00:14,410 [c64ef6ee-91bc-492f-96d3-e3ad2b12297f:group-3C9F3DD9CE20:LeaderElection23] INFO  server.RaftServerConfigKeys (ConfUtils.java:logGet(43)) - raft.server.rpc.sleep.time = 25ms (default)
2019-09-19 17:00:14,411 [c64ef6ee-91bc-492f-96d3-e3ad2b12297f:group-23602B5F373A:LeaderElection22] INFO  impl.RaftServerImpl (ServerState.java:setRaftConf(361)) - c64ef6ee-91bc-492f-96d3-e3ad2b12297f:group-23602B5F373A set configuration 0: [c64ef6ee-91bc-492f-96d3-e3ad2b12297f:192.168.157.226:43735], old=null at 0
2019-09-19 17:00:14,411 [c64ef6ee-91bc-492f-96d3-e3ad2b12297f:group-3C9F3DD9CE20:LeaderElection23] INFO  server.RaftServerConfigKeys (ConfUtils.java:logGet(43)) - raft.server.write.element-limit = 4096 (default)
2019-09-19 17:00:14,447 [c64ef6ee-91bc-492f-96d3-e3ad2b12297f:group-3C9F3DD9CE20:LeaderElection23] INFO  server.RaftServerConfigKeys (ConfUtils.java:logGet(43)) - raft.server.watch.timeout = 10s (default)
2019-09-19 17:00:14,447 [c64ef6ee-91bc-492f-96d3-e3ad2b12297f:group-3C9F3DD9CE20:LeaderElection23] INFO  server.RaftServerConfigKeys (ConfUtils.java:logGet(43)) - raft.server.watch.timeout.denomination = 1s (default)
2019-09-19 17:00:14,447 [c64ef6ee-91bc-492f-96d3-e3ad2b12297f:group-3C9F3DD9CE20:LeaderElection23] INFO  server.RaftServerConfigKeys (ConfUtils.java:logGet(43)) - raft.server.watch.element-limit = 65536 (default)
2019-09-19 17:00:14,448 [c64ef6ee-91bc-492f-96d3-e3ad2b12297f:group-3C9F3DD9CE20:LeaderElection23] INFO  impl.RoleInfo (RoleInfo.java:updateAndGet(143)) - c64ef6ee-91bc-492f-96d3-e3ad2b12297f: start LeaderState
2019-09-19 17:00:14,448 [c64ef6ee-91bc-492f-96d3-e3ad2b12297f:group-3C9F3DD9CE20:LeaderElection23] INFO  segmented.SegmentedRaftLogWorker (SegmentedRaftLogWorker.java:startLogSegment(380)) - c64ef6ee-91bc-492f-96d3-e3ad2b12297f-SegmentedRaftLogWorker:Storage Directory /workdir/hadoop-ozone/tools/target/test-dir/MiniOzoneClusterImpl-53329b5c-158c-4202-b54c-282115de494f/datanode-2/data/ratis/22ef48ed-dc81-434b-b151-3c9f3dd9ce20: Starting segment from index:0
2019-09-19 17:00:14,449 [c64ef6ee-91bc-492f-96d3-e3ad2b12297f:group-3C9F3DD9CE20:LeaderElection23] INFO  impl.RaftServerImpl (ServerState.java:setRaftConf(361)) - c64ef6ee-91bc-492f-96d3-e3ad2b12297f:group-3C9F3DD9CE20 set configuration 0: [c64ef6ee-91bc-492f-96d3-e3ad2b12297f:192.168.157.226:43735], old=null at 0
2019-09-19 17:00:14,488 [c64ef6ee-91bc-492f-96d3-e3ad2b12297f-SegmentedRaftLogWorker:Storage Directory /workdir/hadoop-ozone/tools/target/test-dir/MiniOzoneClusterImpl-53329b5c-158c-4202-b54c-282115de494f/datanode-2/data/ratis/7dfeb815-771e-4abb-9ae2-23602b5f373a] INFO  segmented.SegmentedRaftLogWorker (SegmentedRaftLogWorker.java:execute(569)) - c64ef6ee-91bc-492f-96d3-e3ad2b12297f-SegmentedRaftLogWorker:Storage Directory /workdir/hadoop-ozone/tools/target/test-dir/MiniOzoneClusterImpl-53329b5c-158c-4202-b54c-282115de494f/datanode-2/data/ratis/7dfeb815-771e-4abb-9ae2-23602b5f373a: created new log segment /workdir/hadoop-ozone/tools/target/test-dir/MiniOzoneClusterImpl-53329b5c-158c-4202-b54c-282115de494f/datanode-2/data/ratis/7dfeb815-771e-4abb-9ae2-23602b5f373a/current/log_inprogress_0
2019-09-19 17:00:14,512 [c64ef6ee-91bc-492f-96d3-e3ad2b12297f-SegmentedRaftLogWorker:Storage Directory /workdir/hadoop-ozone/tools/target/test-dir/MiniOzoneClusterImpl-53329b5c-158c-4202-b54c-282115de494f/datanode-2/data/ratis/22ef48ed-dc81-434b-b151-3c9f3dd9ce20] INFO  segmented.SegmentedRaftLogWorker (SegmentedRaftLogWorker.java:execute(569)) - c64ef6ee-91bc-492f-96d3-e3ad2b12297f-SegmentedRaftLogWorker:Storage Directory /workdir/hadoop-ozone/tools/target/test-dir/MiniOzoneClusterImpl-53329b5c-158c-4202-b54c-282115de494f/datanode-2/data/ratis/22ef48ed-dc81-434b-b151-3c9f3dd9ce20: created new log segment /workdir/hadoop-ozone/tools/target/test-dir/MiniOzoneClusterImpl-53329b5c-158c-4202-b54c-282115de494f/datanode-2/data/ratis/22ef48ed-dc81-434b-b151-3c9f3dd9ce20/current/log_inprogress_0
2019-09-19 17:00:14,524 [Thread-287] INFO  impl.FollowerState (FollowerState.java:run(106)) - c64ef6ee-91bc-492f-96d3-e3ad2b12297f:group-F3CB84F4B95F changes to CANDIDATE, lastRpcTime:5108, electionTimeout:5108ms
2019-09-19 17:00:14,524 [Thread-287] INFO  impl.RoleInfo (RoleInfo.java:shutdownFollowerState(121)) - c64ef6ee-91bc-492f-96d3-e3ad2b12297f: shutdown FollowerState
2019-09-19 17:00:14,524 [Thread-287] INFO  impl.RaftServerImpl (RaftServerImpl.java:setRole(171)) - c64ef6ee-91bc-492f-96d3-e3ad2b12297f:group-F3CB84F4B95F changes role from FOLLOWER to CANDIDATE at term 0 for changeToCandidate
2019-09-19 17:00:14,524 [Thread-287] INFO  impl.RoleInfo (RoleInfo.java:updateAndGet(143)) - c64ef6ee-91bc-492f-96d3-e3ad2b12297f: start LeaderElection
2019-09-19 17:00:14,538 [Thread-284] INFO  impl.FollowerState (FollowerState.java:run(106)) - dd9809e6-023f-42ef-96fa-650496b0d2eb:group-F4CAD197E937 changes to CANDIDATE, lastRpcTime:5179, electionTimeout:5179ms
2019-09-19 17:00:14,538 [Thread-284] INFO  impl.RoleInfo (RoleInfo.java:shutdownFollowerState(121)) - dd9809e6-023f-42ef-96fa-650496b0d2eb: shutdown FollowerState
2019-09-19 17:00:14,538 [Thread-284] INFO  impl.RaftServerImpl (RaftServerImpl.java:setRole(171)) - dd9809e6-023f-42ef-96fa-650496b0d2eb:group-F4CAD197E937 changes role from FOLLOWER to CANDIDATE at term 0 for changeToCandidate
2019-09-19 17:00:14,539 [Thread-284] INFO  impl.RoleInfo (RoleInfo.java:updateAndGet(143)) - dd9809e6-023f-42ef-96fa-650496b0d2eb: start LeaderElection
2019-09-19 17:00:14,556 [c64ef6ee-91bc-492f-96d3-e3ad2b12297f:group-F3CB84F4B95F:LeaderElection24] INFO  impl.LeaderElection (LeaderElection.java:askForVotes(181)) - c64ef6ee-91bc-492f-96d3-e3ad2b12297f:group-F3CB84F4B95F:LeaderElection24: begin an election at term 1 for -1: [c64ef6ee-91bc-492f-96d3-e3ad2b12297f:192.168.157.226:43735], old=null
2019-09-19 17:00:14,556 [dd9809e6-023f-42ef-96fa-650496b0d2eb:group-F4CAD197E937:LeaderElection25] INFO  impl.LeaderElection (LeaderElection.java:askForVotes(181)) - dd9809e6-023f-42ef-96fa-650496b0d2eb:group-F4CAD197E937:LeaderElection25: begin an election at term 1 for -1: [dd9809e6-023f-42ef-96fa-650496b0d2eb:192.168.157.226:40601], old=null
2019-09-19 17:00:14,556 [c64ef6ee-91bc-492f-96d3-e3ad2b12297f:group-F3CB84F4B95F:LeaderElection24] INFO  impl.RoleInfo (RoleInfo.java:shutdownLeaderElection(134)) - c64ef6ee-91bc-492f-96d3-e3ad2b12297f: shutdown LeaderElection
2019-09-19 17:00:14,556 [dd9809e6-023f-42ef-96fa-650496b0d2eb:group-F4CAD197E937:LeaderElection25] INFO  impl.RoleInfo (RoleInfo.java:shutdownLeaderElection(134)) - dd9809e6-023f-42ef-96fa-650496b0d2eb: shutdown LeaderElection
2019-09-19 17:00:14,556 [c64ef6ee-91bc-492f-96d3-e3ad2b12297f:group-F3CB84F4B95F:LeaderElection24] INFO  impl.RaftServerImpl (RaftServerImpl.java:setRole(171)) - c64ef6ee-91bc-492f-96d3-e3ad2b12297f:group-F3CB84F4B95F changes role from CANDIDATE to LEADER at term 1 for changeToLeader
2019-09-19 17:00:14,556 [dd9809e6-023f-42ef-96fa-650496b0d2eb:group-F4CAD197E937:LeaderElection25] INFO  impl.RaftServerImpl (RaftServerImpl.java:setRole(171)) - dd9809e6-023f-42ef-96fa-650496b0d2eb:group-F4CAD197E937 changes role from CANDIDATE to LEADER at term 1 for changeToLeader
2019-09-19 17:00:14,557 [c64ef6ee-91bc-492f-96d3-e3ad2b12297f:group-F3CB84F4B95F:LeaderElection24] INFO  impl.RaftServerImpl (ServerState.java:setLeader(263)) - c64ef6ee-91bc-492f-96d3-e3ad2b12297f:group-F3CB84F4B95F change Leader from null to c64ef6ee-91bc-492f-96d3-e3ad2b12297f at term 1 for becomeLeader, leader elected after 5144ms
2019-09-19 17:00:14,557 [dd9809e6-023f-42ef-96fa-650496b0d2eb:group-F4CAD197E937:LeaderElection25] INFO  impl.RaftServerImpl (ServerState.java:setLeader(263)) - dd9809e6-023f-42ef-96fa-650496b0d2eb:group-F4CAD197E937 change Leader from null to dd9809e6-023f-42ef-96fa-650496b0d2eb at term 1 for becomeLeader, leader elected after 5204ms
2019-09-19 17:00:14,557 [c64ef6ee-91bc-492f-96d3-e3ad2b12297f:group-F3CB84F4B95F:LeaderElection24] INFO  server.RaftServerConfigKeys (ConfUtils.java:logGet(43)) - raft.server.staging.catchup.gap = 1000 (default)
2019-09-19 17:00:14,559 [dd9809e6-023f-42ef-96fa-650496b0d2eb:group-F4CAD197E937:LeaderElection25] INFO  server.RaftServerConfigKeys (ConfUtils.java:logGet(43)) - raft.server.staging.catchup.gap = 1000 (default)
2019-09-19 17:00:14,559 [c64ef6ee-91bc-492f-96d3-e3ad2b12297f:group-F3CB84F4B95F:LeaderElection24] INFO  server.RaftServerConfigKeys (ConfUtils.java:logGet(43)) - raft.server.rpc.sleep.time = 25ms (default)
2019-09-19 17:00:14,559 [dd9809e6-023f-42ef-96fa-650496b0d2eb:group-F4CAD197E937:LeaderElection25] INFO  server.RaftServerConfigKeys (ConfUtils.java:logGet(43)) - raft.server.rpc.sleep.time = 25ms (default)
2019-09-19 17:00:14,559 [c64ef6ee-91bc-492f-96d3-e3ad2b12297f:group-F3CB84F4B95F:LeaderElection24] INFO  server.RaftServerConfigKeys (ConfUtils.java:logGet(43)) - raft.server.write.element-limit = 4096 (default)
2019-09-19 17:00:14,559 [dd9809e6-023f-42ef-96fa-650496b0d2eb:group-F4CAD197E937:LeaderElection25] INFO  server.RaftServerConfigKeys (ConfUtils.java:logGet(43)) - raft.server.write.element-limit = 4096 (default)
2019-09-19 17:00:14,559 [c64ef6ee-91bc-492f-96d3-e3ad2b12297f:group-F3CB84F4B95F:LeaderElection24] INFO  server.RaftServerConfigKeys (ConfUtils.java:logGet(43)) - raft.server.watch.timeout = 10s (default)
2019-09-19 17:00:14,560 [dd9809e6-023f-42ef-96fa-650496b0d2eb:group-F4CAD197E937:LeaderElection25] INFO  server.RaftServerConfigKeys (ConfUtils.java:logGet(43)) - raft.server.watch.timeout = 10s (default)
2019-09-19 17:00:14,560 [c64ef6ee-91bc-492f-96d3-e3ad2b12297f:group-F3CB84F4B95F:LeaderElection24] INFO  server.RaftServerConfigKeys (ConfUtils.java:logGet(43)) - raft.server.watch.timeout.denomination = 1s (default)
2019-09-19 17:00:14,560 [dd9809e6-023f-42ef-96fa-650496b0d2eb:group-F4CAD197E937:LeaderElection25] INFO  server.RaftServerConfigKeys (ConfUtils.java:logGet(43)) - raft.server.watch.timeout.denomination = 1s (default)
2019-09-19 17:00:14,560 [c64ef6ee-91bc-492f-96d3-e3ad2b12297f:group-F3CB84F4B95F:LeaderElection24] INFO  server.RaftServerConfigKeys (ConfUtils.java:logGet(43)) - raft.server.watch.element-limit = 65536 (default)
2019-09-19 17:00:14,560 [dd9809e6-023f-42ef-96fa-650496b0d2eb:group-F4CAD197E937:LeaderElection25] INFO  server.RaftServerConfigKeys (ConfUtils.java:logGet(43)) - raft.server.watch.element-limit = 65536 (default)
2019-09-19 17:00:14,560 [c64ef6ee-91bc-492f-96d3-e3ad2b12297f:group-F3CB84F4B95F:LeaderElection24] INFO  impl.RoleInfo (RoleInfo.java:updateAndGet(143)) - c64ef6ee-91bc-492f-96d3-e3ad2b12297f: start LeaderState
2019-09-19 17:00:14,561 [dd9809e6-023f-42ef-96fa-650496b0d2eb:group-F4CAD197E937:LeaderElection25] INFO  impl.RoleInfo (RoleInfo.java:updateAndGet(143)) - dd9809e6-023f-42ef-96fa-650496b0d2eb: start LeaderState
2019-09-19 17:00:14,561 [c64ef6ee-91bc-492f-96d3-e3ad2b12297f:group-F3CB84F4B95F:LeaderElection24] INFO  segmented.SegmentedRaftLogWorker (SegmentedRaftLogWorker.java:startLogSegment(380)) - c64ef6ee-91bc-492f-96d3-e3ad2b12297f-SegmentedRaftLogWorker:Storage Directory /workdir/hadoop-ozone/tools/target/test-dir/MiniOzoneClusterImpl-53329b5c-158c-4202-b54c-282115de494f/datanode-2/data/ratis/48eb6e40-c9c5-44de-af91-f3cb84f4b95f: Starting segment from index:0
2019-09-19 17:00:14,561 [dd9809e6-023f-42ef-96fa-650496b0d2eb:group-F4CAD197E937:LeaderElection25] INFO  segmented.SegmentedRaftLogWorker (SegmentedRaftLogWorker.java:startLogSegment(380)) - dd9809e6-023f-42ef-96fa-650496b0d2eb-SegmentedRaftLogWorker:Storage Directory /workdir/hadoop-ozone/tools/target/test-dir/MiniOzoneClusterImpl-53329b5c-158c-4202-b54c-282115de494f/datanode-4/data/ratis/eb97d6a5-1fda-47e3-8ed0-f4cad197e937: Starting segment from index:0
2019-09-19 17:00:14,561 [c64ef6ee-91bc-492f-96d3-e3ad2b12297f:group-F3CB84F4B95F:LeaderElection24] INFO  impl.RaftServerImpl (ServerState.java:setRaftConf(361)) - c64ef6ee-91bc-492f-96d3-e3ad2b12297f:group-F3CB84F4B95F set configuration 0: [c64ef6ee-91bc-492f-96d3-e3ad2b12297f:192.168.157.226:43735], old=null at 0
2019-09-19 17:00:14,602 [Thread-291] INFO  impl.FollowerState (FollowerState.java:run(106)) - dd9809e6-023f-42ef-96fa-650496b0d2eb:group-886E722927E9 changes to CANDIDATE, lastRpcTime:5130, electionTimeout:5124ms
2019-09-19 17:00:14,602 [Thread-291] INFO  impl.RoleInfo (RoleInfo.java:shutdownFollowerState(121)) - dd9809e6-023f-42ef-96fa-650496b0d2eb: shutdown FollowerState
2019-09-19 17:00:14,602 [dd9809e6-023f-42ef-96fa-650496b0d2eb:group-F4CAD197E937:LeaderElection25] INFO  impl.RaftServerImpl (ServerState.java:setRaftConf(361)) - dd9809e6-023f-42ef-96fa-650496b0d2eb:group-F4CAD197E937 set configuration 0: [dd9809e6-023f-42ef-96fa-650496b0d2eb:192.168.157.226:40601], old=null at 0
2019-09-19 17:00:14,602 [Thread-291] INFO  impl.RaftServerImpl (RaftServerImpl.java:setRole(171)) - dd9809e6-023f-42ef-96fa-650496b0d2eb:group-886E722927E9 changes role from FOLLOWER to CANDIDATE at term 0 for changeToCandidate
2019-09-19 17:00:14,644 [c64ef6ee-91bc-492f-96d3-e3ad2b12297f-SegmentedRaftLogWorker:Storage Directory /workdir/hadoop-ozone/tools/target/test-dir/MiniOzoneClusterImpl-53329b5c-158c-4202-b54c-282115de494f/datanode-2/data/ratis/48eb6e40-c9c5-44de-af91-f3cb84f4b95f] INFO  segmented.SegmentedRaftLogWorker (SegmentedRaftLogWorker.java:execute(569)) - c64ef6ee-91bc-492f-96d3-e3ad2b12297f-SegmentedRaftLogWorker:Storage Directory /workdir/hadoop-ozone/tools/target/test-dir/MiniOzoneClusterImpl-53329b5c-158c-4202-b54c-282115de494f/datanode-2/data/ratis/48eb6e40-c9c5-44de-af91-f3cb84f4b95f: created new log segment /workdir/hadoop-ozone/tools/target/test-dir/MiniOzoneClusterImpl-53329b5c-158c-4202-b54c-282115de494f/datanode-2/data/ratis/48eb6e40-c9c5-44de-af91-f3cb84f4b95f/current/log_inprogress_0
2019-09-19 17:00:14,644 [Thread-291] INFO  impl.RoleInfo (RoleInfo.java:updateAndGet(143)) - dd9809e6-023f-42ef-96fa-650496b0d2eb: start LeaderElection
2019-09-19 17:00:14,647 | INFO  | SCMAudit | user=jenkins1000 | ip=192.168.157.226 | op=SEND_HEARTBEAT {datanodeUUID=e59acbe3-2e53-434b-8aef-eb1faf9f1cb0, command=[]} | ret=SUCCESS |  
2019-09-19 17:00:14,657 [dd9809e6-023f-42ef-96fa-650496b0d2eb-SegmentedRaftLogWorker:Storage Directory /workdir/hadoop-ozone/tools/target/test-dir/MiniOzoneClusterImpl-53329b5c-158c-4202-b54c-282115de494f/datanode-4/data/ratis/eb97d6a5-1fda-47e3-8ed0-f4cad197e937] INFO  segmented.SegmentedRaftLogWorker (SegmentedRaftLogWorker.java:execute(569)) - dd9809e6-023f-42ef-96fa-650496b0d2eb-SegmentedRaftLogWorker:Storage Directory /workdir/hadoop-ozone/tools/target/test-dir/MiniOzoneClusterImpl-53329b5c-158c-4202-b54c-282115de494f/datanode-4/data/ratis/eb97d6a5-1fda-47e3-8ed0-f4cad197e937: created new log segment /workdir/hadoop-ozone/tools/target/test-dir/MiniOzoneClusterImpl-53329b5c-158c-4202-b54c-282115de494f/datanode-4/data/ratis/eb97d6a5-1fda-47e3-8ed0-f4cad197e937/current/log_inprogress_0
2019-09-19 17:00:14,657 [dd9809e6-023f-42ef-96fa-650496b0d2eb:group-886E722927E9:LeaderElection26] INFO  impl.LeaderElection (LeaderElection.java:askForVotes(181)) - dd9809e6-023f-42ef-96fa-650496b0d2eb:group-886E722927E9:LeaderElection26: begin an election at term 1 for -1: [dd9809e6-023f-42ef-96fa-650496b0d2eb:192.168.157.226:40601], old=null
2019-09-19 17:00:14,657 [dd9809e6-023f-42ef-96fa-650496b0d2eb:group-886E722927E9:LeaderElection26] INFO  impl.RoleInfo (RoleInfo.java:shutdownLeaderElection(134)) - dd9809e6-023f-42ef-96fa-650496b0d2eb: shutdown LeaderElection
2019-09-19 17:00:14,657 [dd9809e6-023f-42ef-96fa-650496b0d2eb:group-886E722927E9:LeaderElection26] INFO  impl.RaftServerImpl (RaftServerImpl.java:setRole(171)) - dd9809e6-023f-42ef-96fa-650496b0d2eb:group-886E722927E9 changes role from CANDIDATE to LEADER at term 1 for changeToLeader
2019-09-19 17:00:14,658 [dd9809e6-023f-42ef-96fa-650496b0d2eb:group-886E722927E9:LeaderElection26] INFO  impl.RaftServerImpl (ServerState.java:setLeader(263)) - dd9809e6-023f-42ef-96fa-650496b0d2eb:group-886E722927E9 change Leader from null to dd9809e6-023f-42ef-96fa-650496b0d2eb at term 1 for becomeLeader, leader elected after 5191ms
2019-09-19 17:00:14,658 [dd9809e6-023f-42ef-96fa-650496b0d2eb:group-886E722927E9:LeaderElection26] INFO  server.RaftServerConfigKeys (ConfUtils.java:logGet(43)) - raft.server.staging.catchup.gap = 1000 (default)
2019-09-19 17:00:14,658 [dd9809e6-023f-42ef-96fa-650496b0d2eb:group-886E722927E9:LeaderElection26] INFO  server.RaftServerConfigKeys (ConfUtils.java:logGet(43)) - raft.server.rpc.sleep.time = 25ms (default)
2019-09-19 17:00:14,658 [dd9809e6-023f-42ef-96fa-650496b0d2eb:group-886E722927E9:LeaderElection26] INFO  server.RaftServerConfigKeys (ConfUtils.java:logGet(43)) - raft.server.write.element-limit = 4096 (default)
2019-09-19 17:00:14,660 [dd9809e6-023f-42ef-96fa-650496b0d2eb:group-886E722927E9:LeaderElection26] INFO  server.RaftServerConfigKeys (ConfUtils.java:logGet(43)) - raft.server.watch.timeout = 10s (default)
2019-09-19 17:00:14,662 [dd9809e6-023f-42ef-96fa-650496b0d2eb:group-886E722927E9:LeaderElection26] INFO  server.RaftServerConfigKeys (ConfUtils.java:logGet(43)) - raft.server.watch.timeout.denomination = 1s (default)
2019-09-19 17:00:14,662 [dd9809e6-023f-42ef-96fa-650496b0d2eb:group-886E722927E9:LeaderElection26] INFO  server.RaftServerConfigKeys (ConfUtils.java:logGet(43)) - raft.server.watch.element-limit = 65536 (default)
2019-09-19 17:00:14,663 [dd9809e6-023f-42ef-96fa-650496b0d2eb:group-886E722927E9:LeaderElection26] INFO  impl.RoleInfo (RoleInfo.java:updateAndGet(143)) - dd9809e6-023f-42ef-96fa-650496b0d2eb: start LeaderState
2019-09-19 17:00:14,663 [dd9809e6-023f-42ef-96fa-650496b0d2eb:group-886E722927E9:LeaderElection26] INFO  segmented.SegmentedRaftLogWorker (SegmentedRaftLogWorker.java:startLogSegment(380)) - dd9809e6-023f-42ef-96fa-650496b0d2eb-SegmentedRaftLogWorker:Storage Directory /workdir/hadoop-ozone/tools/target/test-dir/MiniOzoneClusterImpl-53329b5c-158c-4202-b54c-282115de494f/datanode-4/data/ratis/e0a03c8d-4f10-426d-b862-886e722927e9: Starting segment from index:0
2019-09-19 17:00:14,664 [dd9809e6-023f-42ef-96fa-650496b0d2eb:group-886E722927E9:LeaderElection26] INFO  impl.RaftServerImpl (ServerState.java:setRaftConf(361)) - dd9809e6-023f-42ef-96fa-650496b0d2eb:group-886E722927E9 set configuration 0: [dd9809e6-023f-42ef-96fa-650496b0d2eb:192.168.157.226:40601], old=null at 0
2019-09-19 17:00:14,706 [Thread-297] INFO  impl.FollowerState (FollowerState.java:run(106)) - dd9809e6-023f-42ef-96fa-650496b0d2eb:group-3FA38DF0A884 changes to CANDIDATE, lastRpcTime:5116, electionTimeout:5102ms
2019-09-19 17:00:14,706 [Thread-297] INFO  impl.RoleInfo (RoleInfo.java:shutdownFollowerState(121)) - dd9809e6-023f-42ef-96fa-650496b0d2eb: shutdown FollowerState
2019-09-19 17:00:14,706 [Thread-297] INFO  impl.RaftServerImpl (RaftServerImpl.java:setRole(171)) - dd9809e6-023f-42ef-96fa-650496b0d2eb:group-3FA38DF0A884 changes role from FOLLOWER to CANDIDATE at term 0 for changeToCandidate
2019-09-19 17:00:14,706 [Thread-297] INFO  impl.RoleInfo (RoleInfo.java:updateAndGet(143)) - dd9809e6-023f-42ef-96fa-650496b0d2eb: start LeaderElection
2019-09-19 17:00:14,725 [Thread-294] INFO  impl.FollowerState (FollowerState.java:run(106)) - dd9809e6-023f-42ef-96fa-650496b0d2eb:group-A0CE8C9EA921 changes to CANDIDATE, lastRpcTime:5198, electionTimeout:5198ms
2019-09-19 17:00:14,725 [Thread-294] INFO  impl.RoleInfo (RoleInfo.java:shutdownFollowerState(121)) - dd9809e6-023f-42ef-96fa-650496b0d2eb: shutdown FollowerState
2019-09-19 17:00:14,725 [Thread-294] INFO  impl.RaftServerImpl (RaftServerImpl.java:setRole(171)) - dd9809e6-023f-42ef-96fa-650496b0d2eb:group-A0CE8C9EA921 changes role from FOLLOWER to CANDIDATE at term 0 for changeToCandidate
2019-09-19 17:00:14,726 [Thread-294] INFO  impl.RoleInfo (RoleInfo.java:updateAndGet(143)) - dd9809e6-023f-42ef-96fa-650496b0d2eb: start LeaderElection
2019-09-19 17:00:14,730 [dd9809e6-023f-42ef-96fa-650496b0d2eb-SegmentedRaftLogWorker:Storage Directory /workdir/hadoop-ozone/tools/target/test-dir/MiniOzoneClusterImpl-53329b5c-158c-4202-b54c-282115de494f/datanode-4/data/ratis/e0a03c8d-4f10-426d-b862-886e722927e9] INFO  segmented.SegmentedRaftLogWorker (SegmentedRaftLogWorker.java:execute(569)) - dd9809e6-023f-42ef-96fa-650496b0d2eb-SegmentedRaftLogWorker:Storage Directory /workdir/hadoop-ozone/tools/target/test-dir/MiniOzoneClusterImpl-53329b5c-158c-4202-b54c-282115de494f/datanode-4/data/ratis/e0a03c8d-4f10-426d-b862-886e722927e9: created new log segment /workdir/hadoop-ozone/tools/target/test-dir/MiniOzoneClusterImpl-53329b5c-158c-4202-b54c-282115de494f/datanode-4/data/ratis/e0a03c8d-4f10-426d-b862-886e722927e9/current/log_inprogress_0
2019-09-19 17:00:14,730 [dd9809e6-023f-42ef-96fa-650496b0d2eb:group-3FA38DF0A884:LeaderElection27] INFO  impl.LeaderElection (LeaderElection.java:askForVotes(181)) - dd9809e6-023f-42ef-96fa-650496b0d2eb:group-3FA38DF0A884:LeaderElection27: begin an election at term 1 for -1: [dd9809e6-023f-42ef-96fa-650496b0d2eb:192.168.157.226:40601], old=null
2019-09-19 17:00:14,730 [dd9809e6-023f-42ef-96fa-650496b0d2eb:group-3FA38DF0A884:LeaderElection27] INFO  impl.RoleInfo (RoleInfo.java:shutdownLeaderElection(134)) - dd9809e6-023f-42ef-96fa-650496b0d2eb: shutdown LeaderElection
2019-09-19 17:00:14,730 [dd9809e6-023f-42ef-96fa-650496b0d2eb:group-3FA38DF0A884:LeaderElection27] INFO  impl.RaftServerImpl (RaftServerImpl.java:setRole(171)) - dd9809e6-023f-42ef-96fa-650496b0d2eb:group-3FA38DF0A884 changes role from CANDIDATE to LEADER at term 1 for changeToLeader
2019-09-19 17:00:14,730 [dd9809e6-023f-42ef-96fa-650496b0d2eb:group-3FA38DF0A884:LeaderElection27] INFO  impl.RaftServerImpl (ServerState.java:setLeader(263)) - dd9809e6-023f-42ef-96fa-650496b0d2eb:group-3FA38DF0A884 change Leader from null to dd9809e6-023f-42ef-96fa-650496b0d2eb at term 1 for becomeLeader, leader elected after 5147ms
2019-09-19 17:00:14,731 [dd9809e6-023f-42ef-96fa-650496b0d2eb:group-3FA38DF0A884:LeaderElection27] INFO  server.RaftServerConfigKeys (ConfUtils.java:logGet(43)) - raft.server.staging.catchup.gap = 1000 (default)
2019-09-19 17:00:14,731 [dd9809e6-023f-42ef-96fa-650496b0d2eb:group-3FA38DF0A884:LeaderElection27] INFO  server.RaftServerConfigKeys (ConfUtils.java:logGet(43)) - raft.server.rpc.sleep.time = 25ms (default)
2019-09-19 17:00:14,731 [dd9809e6-023f-42ef-96fa-650496b0d2eb:group-3FA38DF0A884:LeaderElection27] INFO  server.RaftServerConfigKeys (ConfUtils.java:logGet(43)) - raft.server.write.element-limit = 4096 (default)
2019-09-19 17:00:14,731 [dd9809e6-023f-42ef-96fa-650496b0d2eb:group-3FA38DF0A884:LeaderElection27] INFO  server.RaftServerConfigKeys (ConfUtils.java:logGet(43)) - raft.server.watch.timeout = 10s (default)
2019-09-19 17:00:14,731 [dd9809e6-023f-42ef-96fa-650496b0d2eb:group-3FA38DF0A884:LeaderElection27] INFO  server.RaftServerConfigKeys (ConfUtils.java:logGet(43)) - raft.server.watch.timeout.denomination = 1s (default)
2019-09-19 17:00:14,732 [dd9809e6-023f-42ef-96fa-650496b0d2eb:group-3FA38DF0A884:LeaderElection27] INFO  server.RaftServerConfigKeys (ConfUtils.java:logGet(43)) - raft.server.watch.element-limit = 65536 (default)
2019-09-19 17:00:14,732 [dd9809e6-023f-42ef-96fa-650496b0d2eb:group-A0CE8C9EA921:LeaderElection28] INFO  impl.LeaderElection (LeaderElection.java:askForVotes(181)) - dd9809e6-023f-42ef-96fa-650496b0d2eb:group-A0CE8C9EA921:LeaderElection28: begin an election at term 1 for -1: [dd9809e6-023f-42ef-96fa-650496b0d2eb:192.168.157.226:40601], old=null
2019-09-19 17:00:14,732 [dd9809e6-023f-42ef-96fa-650496b0d2eb:group-3FA38DF0A884:LeaderElection27] INFO  impl.RoleInfo (RoleInfo.java:updateAndGet(143)) - dd9809e6-023f-42ef-96fa-650496b0d2eb: start LeaderState
2019-09-19 17:00:14,732 [dd9809e6-023f-42ef-96fa-650496b0d2eb:group-A0CE8C9EA921:LeaderElection28] INFO  impl.RoleInfo (RoleInfo.java:shutdownLeaderElection(134)) - dd9809e6-023f-42ef-96fa-650496b0d2eb: shutdown LeaderElection
2019-09-19 17:00:14,732 [dd9809e6-023f-42ef-96fa-650496b0d2eb:group-A0CE8C9EA921:LeaderElection28] INFO  impl.RaftServerImpl (RaftServerImpl.java:setRole(171)) - dd9809e6-023f-42ef-96fa-650496b0d2eb:group-A0CE8C9EA921 changes role from CANDIDATE to LEADER at term 1 for changeToLeader
2019-09-19 17:00:14,732 [dd9809e6-023f-42ef-96fa-650496b0d2eb:group-3FA38DF0A884:LeaderElection27] INFO  segmented.SegmentedRaftLogWorker (SegmentedRaftLogWorker.java:startLogSegment(380)) - dd9809e6-023f-42ef-96fa-650496b0d2eb-SegmentedRaftLogWorker:Storage Directory /workdir/hadoop-ozone/tools/target/test-dir/MiniOzoneClusterImpl-53329b5c-158c-4202-b54c-282115de494f/datanode-4/data/ratis/98e2fdb0-f145-40ee-a530-3fa38df0a884: Starting segment from index:0
2019-09-19 17:00:14,732 [dd9809e6-023f-42ef-96fa-650496b0d2eb:group-A0CE8C9EA921:LeaderElection28] INFO  impl.RaftServerImpl (ServerState.java:setLeader(263)) - dd9809e6-023f-42ef-96fa-650496b0d2eb:group-A0CE8C9EA921 change Leader from null to dd9809e6-023f-42ef-96fa-650496b0d2eb at term 1 for becomeLeader, leader elected after 5210ms
2019-09-19 17:00:14,733 [dd9809e6-023f-42ef-96fa-650496b0d2eb:group-A0CE8C9EA921:LeaderElection28] INFO  server.RaftServerConfigKeys (ConfUtils.java:logGet(43)) - raft.server.staging.catchup.gap = 1000 (default)
2019-09-19 17:00:14,733 [dd9809e6-023f-42ef-96fa-650496b0d2eb:group-A0CE8C9EA921:LeaderElection28] INFO  server.RaftServerConfigKeys (ConfUtils.java:logGet(43)) - raft.server.rpc.sleep.time = 25ms (default)
2019-09-19 17:00:14,733 [dd9809e6-023f-42ef-96fa-650496b0d2eb:group-3FA38DF0A884:LeaderElection27] INFO  impl.RaftServerImpl (ServerState.java:setRaftConf(361)) - dd9809e6-023f-42ef-96fa-650496b0d2eb:group-3FA38DF0A884 set configuration 0: [dd9809e6-023f-42ef-96fa-650496b0d2eb:192.168.157.226:40601], old=null at 0
2019-09-19 17:00:14,733 [dd9809e6-023f-42ef-96fa-650496b0d2eb:group-A0CE8C9EA921:LeaderElection28] INFO  server.RaftServerConfigKeys (ConfUtils.java:logGet(43)) - raft.server.write.element-limit = 4096 (default)
2019-09-19 17:00:14,770 [dd9809e6-023f-42ef-96fa-650496b0d2eb:group-A0CE8C9EA921:LeaderElection28] INFO  server.RaftServerConfigKeys (ConfUtils.java:logGet(43)) - raft.server.watch.timeout = 10s (default)
2019-09-19 17:00:14,770 [dd9809e6-023f-42ef-96fa-650496b0d2eb:group-A0CE8C9EA921:LeaderElection28] INFO  server.RaftServerConfigKeys (ConfUtils.java:logGet(43)) - raft.server.watch.timeout.denomination = 1s (default)
2019-09-19 17:00:14,770 [dd9809e6-023f-42ef-96fa-650496b0d2eb:group-A0CE8C9EA921:LeaderElection28] INFO  server.RaftServerConfigKeys (ConfUtils.java:logGet(43)) - raft.server.watch.element-limit = 65536 (default)
2019-09-19 17:00:14,770 [dd9809e6-023f-42ef-96fa-650496b0d2eb:group-A0CE8C9EA921:LeaderElection28] INFO  impl.RoleInfo (RoleInfo.java:updateAndGet(143)) - dd9809e6-023f-42ef-96fa-650496b0d2eb: start LeaderState
2019-09-19 17:00:14,770 [dd9809e6-023f-42ef-96fa-650496b0d2eb:group-A0CE8C9EA921:LeaderElection28] INFO  segmented.SegmentedRaftLogWorker (SegmentedRaftLogWorker.java:startLogSegment(380)) - dd9809e6-023f-42ef-96fa-650496b0d2eb-SegmentedRaftLogWorker:Storage Directory /workdir/hadoop-ozone/tools/target/test-dir/MiniOzoneClusterImpl-53329b5c-158c-4202-b54c-282115de494f/datanode-4/data/ratis/42e4a2a5-71ba-446a-931c-a0ce8c9ea921: Starting segment from index:0
2019-09-19 17:00:14,771 [dd9809e6-023f-42ef-96fa-650496b0d2eb:group-A0CE8C9EA921:LeaderElection28] INFO  impl.RaftServerImpl (ServerState.java:setRaftConf(361)) - dd9809e6-023f-42ef-96fa-650496b0d2eb:group-A0CE8C9EA921 set configuration 0: [dd9809e6-023f-42ef-96fa-650496b0d2eb:192.168.157.226:40601], old=null at 0
2019-09-19 17:00:14,813 [Thread-300] INFO  impl.FollowerState (FollowerState.java:run(106)) - dd9809e6-023f-42ef-96fa-650496b0d2eb:group-27BE52ACF099 changes to CANDIDATE, lastRpcTime:5169, electionTimeout:5161ms
2019-09-19 17:00:14,813 [dd9809e6-023f-42ef-96fa-650496b0d2eb-SegmentedRaftLogWorker:Storage Directory /workdir/hadoop-ozone/tools/target/test-dir/MiniOzoneClusterImpl-53329b5c-158c-4202-b54c-282115de494f/datanode-4/data/ratis/98e2fdb0-f145-40ee-a530-3fa38df0a884] INFO  segmented.SegmentedRaftLogWorker (SegmentedRaftLogWorker.java:execute(569)) - dd9809e6-023f-42ef-96fa-650496b0d2eb-SegmentedRaftLogWorker:Storage Directory /workdir/hadoop-ozone/tools/target/test-dir/MiniOzoneClusterImpl-53329b5c-158c-4202-b54c-282115de494f/datanode-4/data/ratis/98e2fdb0-f145-40ee-a530-3fa38df0a884: created new log segment /workdir/hadoop-ozone/tools/target/test-dir/MiniOzoneClusterImpl-53329b5c-158c-4202-b54c-282115de494f/datanode-4/data/ratis/98e2fdb0-f145-40ee-a530-3fa38df0a884/current/log_inprogress_0
2019-09-19 17:00:14,813 [Thread-300] INFO  impl.RoleInfo (RoleInfo.java:shutdownFollowerState(121)) - dd9809e6-023f-42ef-96fa-650496b0d2eb: shutdown FollowerState
2019-09-19 17:00:14,813 [Thread-300] INFO  impl.RaftServerImpl (RaftServerImpl.java:setRole(171)) - dd9809e6-023f-42ef-96fa-650496b0d2eb:group-27BE52ACF099 changes role from FOLLOWER to CANDIDATE at term 0 for changeToCandidate
2019-09-19 17:00:14,814 [Thread-300] INFO  impl.RoleInfo (RoleInfo.java:updateAndGet(143)) - dd9809e6-023f-42ef-96fa-650496b0d2eb: start LeaderElection
2019-09-19 17:00:14,816 | INFO  | SCMAudit | user=jenkins1000 | ip=192.168.157.226 | op=SEND_HEARTBEAT {datanodeUUID=c64ef6ee-91bc-492f-96d3-e3ad2b12297f, command=[]} | ret=SUCCESS |  
2019-09-19 17:00:14,826 [dd9809e6-023f-42ef-96fa-650496b0d2eb-SegmentedRaftLogWorker:Storage Directory /workdir/hadoop-ozone/tools/target/test-dir/MiniOzoneClusterImpl-53329b5c-158c-4202-b54c-282115de494f/datanode-4/data/ratis/42e4a2a5-71ba-446a-931c-a0ce8c9ea921] INFO  segmented.SegmentedRaftLogWorker (SegmentedRaftLogWorker.java:execute(569)) - dd9809e6-023f-42ef-96fa-650496b0d2eb-SegmentedRaftLogWorker:Storage Directory /workdir/hadoop-ozone/tools/target/test-dir/MiniOzoneClusterImpl-53329b5c-158c-4202-b54c-282115de494f/datanode-4/data/ratis/42e4a2a5-71ba-446a-931c-a0ce8c9ea921: created new log segment /workdir/hadoop-ozone/tools/target/test-dir/MiniOzoneClusterImpl-53329b5c-158c-4202-b54c-282115de494f/datanode-4/data/ratis/42e4a2a5-71ba-446a-931c-a0ce8c9ea921/current/log_inprogress_0
2019-09-19 17:00:14,826 [dd9809e6-023f-42ef-96fa-650496b0d2eb:group-27BE52ACF099:LeaderElection29] INFO  impl.LeaderElection (LeaderElection.java:askForVotes(181)) - dd9809e6-023f-42ef-96fa-650496b0d2eb:group-27BE52ACF099:LeaderElection29: begin an election at term 1 for -1: [dd9809e6-023f-42ef-96fa-650496b0d2eb:192.168.157.226:40601], old=null
2019-09-19 17:00:14,826 [dd9809e6-023f-42ef-96fa-650496b0d2eb:group-27BE52ACF099:LeaderElection29] INFO  impl.RoleInfo (RoleInfo.java:shutdownLeaderElection(134)) - dd9809e6-023f-42ef-96fa-650496b0d2eb: shutdown LeaderElection
2019-09-19 17:00:14,826 [dd9809e6-023f-42ef-96fa-650496b0d2eb:group-27BE52ACF099:LeaderElection29] INFO  impl.RaftServerImpl (RaftServerImpl.java:setRole(171)) - dd9809e6-023f-42ef-96fa-650496b0d2eb:group-27BE52ACF099 changes role from CANDIDATE to LEADER at term 1 for changeToLeader
2019-09-19 17:00:14,826 [dd9809e6-023f-42ef-96fa-650496b0d2eb:group-27BE52ACF099:LeaderElection29] INFO  impl.RaftServerImpl (ServerState.java:setLeader(263)) - dd9809e6-023f-42ef-96fa-650496b0d2eb:group-27BE52ACF099 change Leader from null to dd9809e6-023f-42ef-96fa-650496b0d2eb at term 1 for becomeLeader, leader elected after 5187ms
2019-09-19 17:00:14,827 [dd9809e6-023f-42ef-96fa-650496b0d2eb:group-27BE52ACF099:LeaderElection29] INFO  server.RaftServerConfigKeys (ConfUtils.java:logGet(43)) - raft.server.staging.catchup.gap = 1000 (default)
2019-09-19 17:00:14,827 [dd9809e6-023f-42ef-96fa-650496b0d2eb:group-27BE52ACF099:LeaderElection29] INFO  server.RaftServerConfigKeys (ConfUtils.java:logGet(43)) - raft.server.rpc.sleep.time = 25ms (default)
2019-09-19 17:00:14,827 [dd9809e6-023f-42ef-96fa-650496b0d2eb:group-27BE52ACF099:LeaderElection29] INFO  server.RaftServerConfigKeys (ConfUtils.java:logGet(43)) - raft.server.write.element-limit = 4096 (default)
2019-09-19 17:00:14,827 [dd9809e6-023f-42ef-96fa-650496b0d2eb:group-27BE52ACF099:LeaderElection29] INFO  server.RaftServerConfigKeys (ConfUtils.java:logGet(43)) - raft.server.watch.timeout = 10s (default)
2019-09-19 17:00:14,827 [dd9809e6-023f-42ef-96fa-650496b0d2eb:group-27BE52ACF099:LeaderElection29] INFO  server.RaftServerConfigKeys (ConfUtils.java:logGet(43)) - raft.server.watch.timeout.denomination = 1s (default)
2019-09-19 17:00:14,828 [dd9809e6-023f-42ef-96fa-650496b0d2eb:group-27BE52ACF099:LeaderElection29] INFO  server.RaftServerConfigKeys (ConfUtils.java:logGet(43)) - raft.server.watch.element-limit = 65536 (default)
2019-09-19 17:00:14,828 [dd9809e6-023f-42ef-96fa-650496b0d2eb:group-27BE52ACF099:LeaderElection29] INFO  impl.RoleInfo (RoleInfo.java:updateAndGet(143)) - dd9809e6-023f-42ef-96fa-650496b0d2eb: start LeaderState
2019-09-19 17:00:14,828 [dd9809e6-023f-42ef-96fa-650496b0d2eb:group-27BE52ACF099:LeaderElection29] INFO  segmented.SegmentedRaftLogWorker (SegmentedRaftLogWorker.java:startLogSegment(380)) - dd9809e6-023f-42ef-96fa-650496b0d2eb-SegmentedRaftLogWorker:Storage Directory /workdir/hadoop-ozone/tools/target/test-dir/MiniOzoneClusterImpl-53329b5c-158c-4202-b54c-282115de494f/datanode-4/data/ratis/68f96138-39df-4f97-8e0a-27be52acf099: Starting segment from index:0
2019-09-19 17:00:14,829 [dd9809e6-023f-42ef-96fa-650496b0d2eb:group-27BE52ACF099:LeaderElection29] INFO  impl.RaftServerImpl (ServerState.java:setRaftConf(361)) - dd9809e6-023f-42ef-96fa-650496b0d2eb:group-27BE52ACF099 set configuration 0: [dd9809e6-023f-42ef-96fa-650496b0d2eb:192.168.157.226:40601], old=null at 0
2019-09-19 17:00:14,873 [Thread-303] INFO  impl.FollowerState (FollowerState.java:run(106)) - dd9809e6-023f-42ef-96fa-650496b0d2eb:group-B9599FE10CAC changes to CANDIDATE, lastRpcTime:5176, electionTimeout:5176ms
2019-09-19 17:00:14,873 [Thread-303] INFO  impl.RoleInfo (RoleInfo.java:shutdownFollowerState(121)) - dd9809e6-023f-42ef-96fa-650496b0d2eb: shutdown FollowerState
2019-09-19 17:00:14,874 [Thread-303] INFO  impl.RaftServerImpl (RaftServerImpl.java:setRole(171)) - dd9809e6-023f-42ef-96fa-650496b0d2eb:group-B9599FE10CAC changes role from FOLLOWER to CANDIDATE at term 0 for changeToCandidate
2019-09-19 17:00:14,874 [Thread-303] INFO  impl.RoleInfo (RoleInfo.java:updateAndGet(143)) - dd9809e6-023f-42ef-96fa-650496b0d2eb: start LeaderElection
2019-09-19 17:00:14,892 [dd9809e6-023f-42ef-96fa-650496b0d2eb-SegmentedRaftLogWorker:Storage Directory /workdir/hadoop-ozone/tools/target/test-dir/MiniOzoneClusterImpl-53329b5c-158c-4202-b54c-282115de494f/datanode-4/data/ratis/68f96138-39df-4f97-8e0a-27be52acf099] INFO  segmented.SegmentedRaftLogWorker (SegmentedRaftLogWorker.java:execute(569)) - dd9809e6-023f-42ef-96fa-650496b0d2eb-SegmentedRaftLogWorker:Storage Directory /workdir/hadoop-ozone/tools/target/test-dir/MiniOzoneClusterImpl-53329b5c-158c-4202-b54c-282115de494f/datanode-4/data/ratis/68f96138-39df-4f97-8e0a-27be52acf099: created new log segment /workdir/hadoop-ozone/tools/target/test-dir/MiniOzoneClusterImpl-53329b5c-158c-4202-b54c-282115de494f/datanode-4/data/ratis/68f96138-39df-4f97-8e0a-27be52acf099/current/log_inprogress_0
2019-09-19 17:00:14,892 [dd9809e6-023f-42ef-96fa-650496b0d2eb:group-B9599FE10CAC:LeaderElection30] INFO  impl.LeaderElection (LeaderElection.java:askForVotes(181)) - dd9809e6-023f-42ef-96fa-650496b0d2eb:group-B9599FE10CAC:LeaderElection30: begin an election at term 1 for -1: [dd9809e6-023f-42ef-96fa-650496b0d2eb:192.168.157.226:40601], old=null
2019-09-19 17:00:14,892 [dd9809e6-023f-42ef-96fa-650496b0d2eb:group-B9599FE10CAC:LeaderElection30] INFO  impl.RoleInfo (RoleInfo.java:shutdownLeaderElection(134)) - dd9809e6-023f-42ef-96fa-650496b0d2eb: shutdown LeaderElection
2019-09-19 17:00:14,892 [dd9809e6-023f-42ef-96fa-650496b0d2eb:group-B9599FE10CAC:LeaderElection30] INFO  impl.RaftServerImpl (RaftServerImpl.java:setRole(171)) - dd9809e6-023f-42ef-96fa-650496b0d2eb:group-B9599FE10CAC changes role from CANDIDATE to LEADER at term 1 for changeToLeader
2019-09-19 17:00:14,892 [dd9809e6-023f-42ef-96fa-650496b0d2eb:group-B9599FE10CAC:LeaderElection30] INFO  impl.RaftServerImpl (ServerState.java:setLeader(263)) - dd9809e6-023f-42ef-96fa-650496b0d2eb:group-B9599FE10CAC change Leader from null to dd9809e6-023f-42ef-96fa-650496b0d2eb at term 1 for becomeLeader, leader elected after 5199ms
2019-09-19 17:00:14,892 [dd9809e6-023f-42ef-96fa-650496b0d2eb:group-B9599FE10CAC:LeaderElection30] INFO  server.RaftServerConfigKeys (ConfUtils.java:logGet(43)) - raft.server.staging.catchup.gap = 1000 (default)
2019-09-19 17:00:14,893 [dd9809e6-023f-42ef-96fa-650496b0d2eb:group-B9599FE10CAC:LeaderElection30] INFO  server.RaftServerConfigKeys (ConfUtils.java:logGet(43)) - raft.server.rpc.sleep.time = 25ms (default)
2019-09-19 17:00:14,893 [dd9809e6-023f-42ef-96fa-650496b0d2eb:group-B9599FE10CAC:LeaderElection30] INFO  server.RaftServerConfigKeys (ConfUtils.java:logGet(43)) - raft.server.write.element-limit = 4096 (default)
2019-09-19 17:00:14,893 [dd9809e6-023f-42ef-96fa-650496b0d2eb:group-B9599FE10CAC:LeaderElection30] INFO  server.RaftServerConfigKeys (ConfUtils.java:logGet(43)) - raft.server.watch.timeout = 10s (default)
2019-09-19 17:00:14,893 [dd9809e6-023f-42ef-96fa-650496b0d2eb:group-B9599FE10CAC:LeaderElection30] INFO  server.RaftServerConfigKeys (ConfUtils.java:logGet(43)) - raft.server.watch.timeout.denomination = 1s (default)
2019-09-19 17:00:14,893 [dd9809e6-023f-42ef-96fa-650496b0d2eb:group-B9599FE10CAC:LeaderElection30] INFO  server.RaftServerConfigKeys (ConfUtils.java:logGet(43)) - raft.server.watch.element-limit = 65536 (default)
2019-09-19 17:00:14,894 [dd9809e6-023f-42ef-96fa-650496b0d2eb:group-B9599FE10CAC:LeaderElection30] INFO  impl.RoleInfo (RoleInfo.java:updateAndGet(143)) - dd9809e6-023f-42ef-96fa-650496b0d2eb: start LeaderState
2019-09-19 17:00:14,894 [dd9809e6-023f-42ef-96fa-650496b0d2eb:group-B9599FE10CAC:LeaderElection30] INFO  segmented.SegmentedRaftLogWorker (SegmentedRaftLogWorker.java:startLogSegment(380)) - dd9809e6-023f-42ef-96fa-650496b0d2eb-SegmentedRaftLogWorker:Storage Directory /workdir/hadoop-ozone/tools/target/test-dir/MiniOzoneClusterImpl-53329b5c-158c-4202-b54c-282115de494f/datanode-4/data/ratis/f621cf17-11c4-41c1-ae38-b9599fe10cac: Starting segment from index:0
2019-09-19 17:00:14,894 [dd9809e6-023f-42ef-96fa-650496b0d2eb:group-B9599FE10CAC:LeaderElection30] INFO  impl.RaftServerImpl (ServerState.java:setRaftConf(361)) - dd9809e6-023f-42ef-96fa-650496b0d2eb:group-B9599FE10CAC set configuration 0: [dd9809e6-023f-42ef-96fa-650496b0d2eb:192.168.157.226:40601], old=null at 0
 100.00% |█████████████████████████████████████████████████████████████████████████████████████████████████████|  1/1 Time: 0:00:06
2019-09-19 17:00:14,943 [dd9809e6-023f-42ef-96fa-650496b0d2eb-SegmentedRaftLogWorker:Storage Directory /workdir/hadoop-ozone/tools/target/test-dir/MiniOzoneClusterImpl-53329b5c-158c-4202-b54c-282115de494f/datanode-4/data/ratis/f621cf17-11c4-41c1-ae38-b9599fe10cac] INFO  segmented.SegmentedRaftLogWorker (SegmentedRaftLogWorker.java:execute(569)) - dd9809e6-023f-42ef-96fa-650496b0d2eb-SegmentedRaftLogWorker:Storage Directory /workdir/hadoop-ozone/tools/target/test-dir/MiniOzoneClusterImpl-53329b5c-158c-4202-b54c-282115de494f/datanode-4/data/ratis/f621cf17-11c4-41c1-ae38-b9599fe10cac: created new log segment /workdir/hadoop-ozone/tools/target/test-dir/MiniOzoneClusterImpl-53329b5c-158c-4202-b54c-282115de494f/datanode-4/data/ratis/f621cf17-11c4-41c1-ae38-b9599fe10cac/current/log_inprogress_0
2019-09-19 17:00:14,982 | INFO  | SCMAudit | user=jenkins1000 | ip=192.168.157.226 | op=SEND_HEARTBEAT {datanodeUUID=5f94c5ea-0d2c-486e-937b-d09fa3478732, command=[]} | ret=SUCCESS |  
2019-09-19 17:00:15,393 | INFO  | SCMAudit | user=jenkins1000 | ip=192.168.157.226 | op=SEND_HEARTBEAT {datanodeUUID=e858d55d-eb7f-4d43-a7ab-d70ac1b2cf5d, command=[]} | ret=SUCCESS |  
2019-09-19 17:00:15,400 | INFO  | SCMAudit | user=jenkins1000 | ip=192.168.157.226 | op=SEND_HEARTBEAT {datanodeUUID=dd9809e6-023f-42ef-96fa-650496b0d2eb, command=[]} | ret=SUCCESS |  
2019-09-19 17:00:15,604 | INFO  | SCMAudit | user=jenkins1000 | ip=192.168.157.226 | op=SEND_HEARTBEAT {datanodeUUID=e59acbe3-2e53-434b-8aef-eb1faf9f1cb0, command=[]} | ret=SUCCESS |  
2019-09-19 17:00:15,814 | INFO  | SCMAudit | user=jenkins1000 | ip=192.168.157.226 | op=SEND_HEARTBEAT {datanodeUUID=c64ef6ee-91bc-492f-96d3-e3ad2b12297f, command=[]} | ret=SUCCESS |  
2019-09-19 17:00:15,983 | INFO  | SCMAudit | user=jenkins1000 | ip=192.168.157.226 | op=SEND_HEARTBEAT {datanodeUUID=5f94c5ea-0d2c-486e-937b-d09fa3478732, command=[]} | ret=SUCCESS |  
2019-09-19 17:00:16,392 | INFO  | SCMAudit | user=jenkins1000 | ip=192.168.157.226 | op=SEND_HEARTBEAT {datanodeUUID=e858d55d-eb7f-4d43-a7ab-d70ac1b2cf5d, command=[]} | ret=SUCCESS |  
2019-09-19 17:00:16,400 | INFO  | SCMAudit | user=jenkins1000 | ip=192.168.157.226 | op=SEND_HEARTBEAT {datanodeUUID=dd9809e6-023f-42ef-96fa-650496b0d2eb, command=[]} | ret=SUCCESS |  
2019-09-19 17:00:16,604 | INFO  | SCMAudit | user=jenkins1000 | ip=192.168.157.226 | op=SEND_HEARTBEAT {datanodeUUID=e59acbe3-2e53-434b-8aef-eb1faf9f1cb0, command=[]} | ret=SUCCESS |  
2019-09-19 17:00:16,814 | INFO  | SCMAudit | user=jenkins1000 | ip=192.168.157.226 | op=SEND_HEARTBEAT {datanodeUUID=c64ef6ee-91bc-492f-96d3-e3ad2b12297f, command=[]} | ret=SUCCESS |  
2019-09-19 17:00:16,984 | INFO  | SCMAudit | user=jenkins1000 | ip=192.168.157.226 | op=SEND_HEARTBEAT {datanodeUUID=5f94c5ea-0d2c-486e-937b-d09fa3478732, command=[]} | ret=SUCCESS |  
2019-09-19 17:00:17,393 | INFO  | SCMAudit | user=jenkins1000 | ip=192.168.157.226 | op=SEND_HEARTBEAT {datanodeUUID=e858d55d-eb7f-4d43-a7ab-d70ac1b2cf5d, command=[]} | ret=SUCCESS |  
2019-09-19 17:00:17,400 | INFO  | SCMAudit | user=jenkins1000 | ip=192.168.157.226 | op=SEND_HEARTBEAT {datanodeUUID=dd9809e6-023f-42ef-96fa-650496b0d2eb, command=[]} | ret=SUCCESS |  
2019-09-19 17:00:17,604 | INFO  | SCMAudit | user=jenkins1000 | ip=192.168.157.226 | op=SEND_HEARTBEAT {datanodeUUID=e59acbe3-2e53-434b-8aef-eb1faf9f1cb0, command=[]} | ret=SUCCESS |  
2019-09-19 17:00:17,815 | INFO  | SCMAudit | user=jenkins1000 | ip=192.168.157.226 | op=SEND_HEARTBEAT {datanodeUUID=c64ef6ee-91bc-492f-96d3-e3ad2b12297f, command=[]} | ret=SUCCESS |  
2019-09-19 17:00:17,984 | INFO  | SCMAudit | user=jenkins1000 | ip=192.168.157.226 | op=SEND_HEARTBEAT {datanodeUUID=5f94c5ea-0d2c-486e-937b-d09fa3478732, command=[]} | ret=SUCCESS |  
2019-09-19 17:00:18,392 | INFO  | SCMAudit | user=jenkins1000 | ip=192.168.157.226 | op=SEND_HEARTBEAT {datanodeUUID=e858d55d-eb7f-4d43-a7ab-d70ac1b2cf5d, command=[]} | ret=SUCCESS |  
2019-09-19 17:00:18,400 | INFO  | SCMAudit | user=jenkins1000 | ip=192.168.157.226 | op=SEND_HEARTBEAT {datanodeUUID=dd9809e6-023f-42ef-96fa-650496b0d2eb, command=[]} | ret=SUCCESS |  
2019-09-19 17:00:18,604 | INFO  | SCMAudit | user=jenkins1000 | ip=192.168.157.226 | op=SEND_HEARTBEAT {datanodeUUID=e59acbe3-2e53-434b-8aef-eb1faf9f1cb0, command=[]} | ret=SUCCESS |  
2019-09-19 17:00:18,814 | INFO  | SCMAudit | user=jenkins1000 | ip=192.168.157.226 | op=SEND_HEARTBEAT {datanodeUUID=c64ef6ee-91bc-492f-96d3-e3ad2b12297f, command=[]} | ret=SUCCESS |  
]]></system-out>
    <system-err><![CDATA[Sep 19, 2019 5:00:01 PM com.sun.jersey.server.impl.application.WebApplicationImpl _initiate
INFO: Initiating Jersey application, version 'Jersey: 1.19 02/11/2015 03:25 AM'
Sep 19, 2019 5:00:02 PM com.sun.jersey.server.impl.application.WebApplicationImpl _initiate
INFO: Initiating Jersey application, version 'Jersey: 1.19 02/11/2015 03:25 AM'
Sep 19, 2019 5:00:02 PM com.sun.jersey.server.impl.application.WebApplicationImpl _initiate
INFO: Initiating Jersey application, version 'Jersey: 1.19 02/11/2015 03:25 AM'
Sep 19, 2019 5:00:02 PM com.sun.jersey.server.impl.application.WebApplicationImpl _initiate
INFO: Initiating Jersey application, version 'Jersey: 1.19 02/11/2015 03:25 AM'
Sep 19, 2019 5:00:03 PM com.sun.jersey.server.impl.application.WebApplicationImpl _initiate
INFO: Initiating Jersey application, version 'Jersey: 1.19 02/11/2015 03:25 AM'
]]></system-err>
  </testcase>
  <testcase name="standaloneTestLargeKey" classname="org.apache.hadoop.ozone.freon.TestDataValidateWithUnsafeByteOperations" time="10.136">
    <error message="Allocated 0 blocks. Requested 5 blocks" type="INTERNAL_ERROR org.apache.hadoop.ozone.om.exceptions.OMException">INTERNAL_ERROR org.apache.hadoop.ozone.om.exceptions.OMException: Allocated 0 blocks. Requested 5 blocks
	at org.apache.hadoop.ozone.om.protocolPB.OzoneManagerProtocolClientSideTranslatorPB.handleError(OzoneManagerProtocolClientSideTranslatorPB.java:725)
	at org.apache.hadoop.ozone.om.protocolPB.OzoneManagerProtocolClientSideTranslatorPB.openKey(OzoneManagerProtocolClientSideTranslatorPB.java:716)
	at org.apache.hadoop.ozone.client.rpc.RpcClient.createKey(RpcClient.java:615)
	at org.apache.hadoop.ozone.client.OzoneBucket.createKey(OzoneBucket.java:323)
	at org.apache.hadoop.ozone.freon.RandomKeyGenerator.createKey(RandomKeyGenerator.java:686)
	at org.apache.hadoop.ozone.freon.RandomKeyGenerator.access$1100(RandomKeyGenerator.java:87)
	at org.apache.hadoop.ozone.freon.RandomKeyGenerator$ObjectCreator.run(RandomKeyGenerator.java:606)
	at java.util.concurrent.Executors$RunnableAdapter.call(Executors.java:511)
	at java.util.concurrent.FutureTask.run(FutureTask.java:266)
	at java.util.concurrent.ThreadPoolExecutor.runWorker(ThreadPoolExecutor.java:1149)
	at java.util.concurrent.ThreadPoolExecutor$Worker.run(ThreadPoolExecutor.java:624)
	at java.lang.Thread.run(Thread.java:748)
</error>
    <system-out><![CDATA[2019-09-19 17:00:18,984 | INFO  | SCMAudit | user=jenkins1000 | ip=192.168.157.226 | op=SEND_HEARTBEAT {datanodeUUID=5f94c5ea-0d2c-486e-937b-d09fa3478732, command=[]} | ret=SUCCESS |  
2019-09-19 17:00:19,072 [main] INFO  freon.RandomKeyGenerator (RandomKeyGenerator.java:call(275)) - Number of Threads: 10
2019-09-19 17:00:19,072 [main] INFO  freon.RandomKeyGenerator (RandomKeyGenerator.java:call(280)) - Number of Volumes: 1.
2019-09-19 17:00:19,073 [main] INFO  freon.RandomKeyGenerator (RandomKeyGenerator.java:call(281)) - Number of Buckets per Volume: 1.
2019-09-19 17:00:19,073 [main] INFO  freon.RandomKeyGenerator (RandomKeyGenerator.java:call(282)) - Number of Keys per Bucket: 1.
2019-09-19 17:00:19,073 [main] INFO  freon.RandomKeyGenerator (RandomKeyGenerator.java:call(283)) - Key size: 20971520 bytes
2019-09-19 17:00:19,073 [main] INFO  freon.RandomKeyGenerator (RandomKeyGenerator.java:call(284)) - Buffer size: 4096 bytes
2019-09-19 17:00:19,078 [main] INFO  freon.RandomKeyGenerator (RandomKeyGenerator.java:call(298)) - Data validation is enabled.
2019-09-19 17:00:19,078 [pool-79-thread-2] INFO  rpc.RpcClient (RpcClient.java:createVolume(293)) - Creating Volume: vol-0-24552, with jenkins1000 as owner.
2019-09-19 17:00:19,078 [main] INFO  freon.RandomKeyGenerator (RandomKeyGenerator.java:call(304)) - Starting progress bar Thread.

 0.00% |█                                                                                                    |  0/1 Time: 0:00:002019-09-19 17:00:19,083 | INFO  | OMAudit | user=jenkins1000 | ip=127.0.0.1 | op=CREATE_VOLUME {admin=jenkins1000, owner=jenkins1000, volume=vol-0-24552, creationTime=1568912419083, quotaInBytes=1152921504606846976} | ret=SUCCESS |  
2019-09-19 17:00:19,086 | INFO  | OMAudit | user=jenkins1000 | ip=127.0.0.1 | op=READ_VOLUME {volume=vol-0-24552} | ret=SUCCESS |  
2019-09-19 17:00:19,095 [pool-79-thread-3] INFO  rpc.RpcClient (RpcClient.java:createBucket(432)) - Creating Bucket: vol-0-24552/bucket-0-50521, with Versioning false and Storage Type set to DISK and Encryption set to false 
2019-09-19 17:00:19,098 | INFO  | OMAudit | user=jenkins1000 | ip=127.0.0.1 | op=CREATE_BUCKET {volume=vol-0-24552, bucket=bucket-0-50521, acls=[user:jenkins1000:a[ACCESS], group:default:a[ACCESS]], isVersionEnabled=false, storageType=DISK, creationTime=0} | ret=SUCCESS |  
2019-09-19 17:00:19,100 | INFO  | OMAudit | user=jenkins1000 | ip=127.0.0.1 | op=READ_BUCKET {volume=vol-0-24552, bucket=bucket-0-50521} | ret=SUCCESS |  
2019-09-19 17:00:19,112 [IPC Server handler 19 on 44142] ERROR pipeline.PipelinePlacementPolicy (PipelinePlacementPolicy.java:meetCriteria(91)) - Pipeline Placement: Doesn't meet the criteria to be viable node. Heaviness: 6
2019-09-19 17:00:19,112 [IPC Server handler 19 on 44142] ERROR pipeline.PipelinePlacementPolicy (PipelinePlacementPolicy.java:meetCriteria(91)) - Pipeline Placement: Doesn't meet the criteria to be viable node. Heaviness: 6
2019-09-19 17:00:19,112 [IPC Server handler 19 on 44142] ERROR pipeline.PipelinePlacementPolicy (PipelinePlacementPolicy.java:meetCriteria(91)) - Pipeline Placement: Doesn't meet the criteria to be viable node. Heaviness: 6
2019-09-19 17:00:19,112 [IPC Server handler 19 on 44142] ERROR pipeline.PipelinePlacementPolicy (PipelinePlacementPolicy.java:meetCriteria(91)) - Pipeline Placement: Doesn't meet the criteria to be viable node. Heaviness: 6
2019-09-19 17:00:19,113 [IPC Server handler 19 on 44142] ERROR pipeline.PipelinePlacementPolicy (PipelinePlacementPolicy.java:meetCriteria(91)) - Pipeline Placement: Doesn't meet the criteria to be viable node. Heaviness: 6
2019-09-19 17:00:19,113 [IPC Server handler 19 on 44142] ERROR pipeline.PipelinePlacementPolicy (PipelinePlacementPolicy.java:filterViableNodes(146)) - Unable to find enough nodes that meet the criteria that cannot engage in more than 5 pipelines. Nodes required: 3 Found: 0, healthy nodes count inNodeManager: 5.
2019-09-19 17:00:19,113 [IPC Server handler 19 on 44142] ERROR pipeline.SCMPipelineManager (SCMPipelineManager.java:createPipeline(161)) - Pipeline creation failed due to exception: Unable to find enough nodes that meet the criteria that cannot engage in more than 5 pipelines. Nodes required: 3 Found: 0, healthy nodes count inNodeManager: 5.
2019-09-19 17:00:19,113 [IPC Server handler 19 on 44142] WARN  block.BlockManagerImpl (BlockManagerImpl.java:allocateBlock(192)) - Pipeline creation failed for type:RATIS factor:THREE. Retrying get pipelines call once.
org.apache.hadoop.hdds.scm.exceptions.SCMException: Unable to find enough nodes that meet the criteria that cannot engage in more than 5 pipelines. Nodes required: 3 Found: 0, healthy nodes count inNodeManager: 5.
	at org.apache.hadoop.hdds.scm.pipeline.PipelinePlacementPolicy.filterViableNodes(PipelinePlacementPolicy.java:147)
	at org.apache.hadoop.hdds.scm.pipeline.PipelinePlacementPolicy.chooseDatanodes(PipelinePlacementPolicy.java:170)
	at org.apache.hadoop.hdds.scm.pipeline.RatisPipelineProvider.create(RatisPipelineProvider.java:92)
	at org.apache.hadoop.hdds.scm.pipeline.PipelineFactory.create(PipelineFactory.java:57)
	at org.apache.hadoop.hdds.scm.pipeline.SCMPipelineManager.createPipeline(SCMPipelineManager.java:149)
	at org.apache.hadoop.hdds.scm.block.BlockManagerImpl.allocateBlock(BlockManagerImpl.java:190)
	at org.apache.hadoop.hdds.scm.server.SCMBlockProtocolServer.allocateBlock(SCMBlockProtocolServer.java:175)
	at org.apache.hadoop.ozone.protocolPB.ScmBlockLocationProtocolServerSideTranslatorPB.allocateScmBlock(ScmBlockLocationProtocolServerSideTranslatorPB.java:153)
	at org.apache.hadoop.ozone.protocolPB.ScmBlockLocationProtocolServerSideTranslatorPB.send(ScmBlockLocationProtocolServerSideTranslatorPB.java:112)
	at org.apache.hadoop.hdds.protocol.proto.ScmBlockLocationProtocolProtos$ScmBlockLocationProtocolService$2.callBlockingMethod(ScmBlockLocationProtocolProtos.java:13157)
	at org.apache.hadoop.ipc.ProtobufRpcEngine$Server$ProtoBufRpcInvoker.call(ProtobufRpcEngine.java:524)
	at org.apache.hadoop.ipc.RPC$Server.call(RPC.java:1025)
	at org.apache.hadoop.ipc.Server$RpcCall.run(Server.java:876)
	at org.apache.hadoop.ipc.Server$RpcCall.run(Server.java:822)
	at java.security.AccessController.doPrivileged(Native Method)
	at javax.security.auth.Subject.doAs(Subject.java:422)
	at org.apache.hadoop.security.UserGroupInformation.doAs(UserGroupInformation.java:1730)
	at org.apache.hadoop.ipc.Server$Handler.run(Server.java:2682)
2019-09-19 17:00:19,114 [IPC Server handler 19 on 44142] INFO  block.BlockManagerImpl (BlockManagerImpl.java:allocateBlock(198)) - Could not find available pipeline of type:RATIS and factor:THREE even after retrying
2019-09-19 17:00:19,114 [IPC Server handler 19 on 44142] ERROR block.BlockManagerImpl (BlockManagerImpl.java:allocateBlock(222)) - Unable to allocate a block for the size: 4194304, type: RATIS, factor: THREE
2019-09-19 17:00:19,114 [IPC Server handler 19 on 44142] ERROR pipeline.PipelinePlacementPolicy (PipelinePlacementPolicy.java:meetCriteria(91)) - Pipeline Placement: Doesn't meet the criteria to be viable node. Heaviness: 6
2019-09-19 17:00:19,114 [IPC Server handler 19 on 44142] ERROR pipeline.PipelinePlacementPolicy (PipelinePlacementPolicy.java:meetCriteria(91)) - Pipeline Placement: Doesn't meet the criteria to be viable node. Heaviness: 6
2019-09-19 17:00:19,115 [IPC Server handler 19 on 44142] ERROR pipeline.PipelinePlacementPolicy (PipelinePlacementPolicy.java:meetCriteria(91)) - Pipeline Placement: Doesn't meet the criteria to be viable node. Heaviness: 6
2019-09-19 17:00:19,115 [IPC Server handler 19 on 44142] ERROR pipeline.PipelinePlacementPolicy (PipelinePlacementPolicy.java:meetCriteria(91)) - Pipeline Placement: Doesn't meet the criteria to be viable node. Heaviness: 6
2019-09-19 17:00:19,115 [IPC Server handler 19 on 44142] ERROR pipeline.PipelinePlacementPolicy (PipelinePlacementPolicy.java:meetCriteria(91)) - Pipeline Placement: Doesn't meet the criteria to be viable node. Heaviness: 6
2019-09-19 17:00:19,115 [IPC Server handler 19 on 44142] ERROR pipeline.PipelinePlacementPolicy (PipelinePlacementPolicy.java:filterViableNodes(146)) - Unable to find enough nodes that meet the criteria that cannot engage in more than 5 pipelines. Nodes required: 3 Found: 0, healthy nodes count inNodeManager: 5.
2019-09-19 17:00:19,115 [IPC Server handler 19 on 44142] ERROR pipeline.SCMPipelineManager (SCMPipelineManager.java:createPipeline(161)) - Pipeline creation failed due to exception: Unable to find enough nodes that meet the criteria that cannot engage in more than 5 pipelines. Nodes required: 3 Found: 0, healthy nodes count inNodeManager: 5.
2019-09-19 17:00:19,116 [IPC Server handler 19 on 44142] WARN  block.BlockManagerImpl (BlockManagerImpl.java:allocateBlock(192)) - Pipeline creation failed for type:RATIS factor:THREE. Retrying get pipelines call once.
org.apache.hadoop.hdds.scm.exceptions.SCMException: Unable to find enough nodes that meet the criteria that cannot engage in more than 5 pipelines. Nodes required: 3 Found: 0, healthy nodes count inNodeManager: 5.
	at org.apache.hadoop.hdds.scm.pipeline.PipelinePlacementPolicy.filterViableNodes(PipelinePlacementPolicy.java:147)
	at org.apache.hadoop.hdds.scm.pipeline.PipelinePlacementPolicy.chooseDatanodes(PipelinePlacementPolicy.java:170)
	at org.apache.hadoop.hdds.scm.pipeline.RatisPipelineProvider.create(RatisPipelineProvider.java:92)
	at org.apache.hadoop.hdds.scm.pipeline.PipelineFactory.create(PipelineFactory.java:57)
	at org.apache.hadoop.hdds.scm.pipeline.SCMPipelineManager.createPipeline(SCMPipelineManager.java:149)
	at org.apache.hadoop.hdds.scm.block.BlockManagerImpl.allocateBlock(BlockManagerImpl.java:190)
	at org.apache.hadoop.hdds.scm.server.SCMBlockProtocolServer.allocateBlock(SCMBlockProtocolServer.java:175)
	at org.apache.hadoop.ozone.protocolPB.ScmBlockLocationProtocolServerSideTranslatorPB.allocateScmBlock(ScmBlockLocationProtocolServerSideTranslatorPB.java:153)
	at org.apache.hadoop.ozone.protocolPB.ScmBlockLocationProtocolServerSideTranslatorPB.send(ScmBlockLocationProtocolServerSideTranslatorPB.java:112)
	at org.apache.hadoop.hdds.protocol.proto.ScmBlockLocationProtocolProtos$ScmBlockLocationProtocolService$2.callBlockingMethod(ScmBlockLocationProtocolProtos.java:13157)
	at org.apache.hadoop.ipc.ProtobufRpcEngine$Server$ProtoBufRpcInvoker.call(ProtobufRpcEngine.java:524)
	at org.apache.hadoop.ipc.RPC$Server.call(RPC.java:1025)
	at org.apache.hadoop.ipc.Server$RpcCall.run(Server.java:876)
	at org.apache.hadoop.ipc.Server$RpcCall.run(Server.java:822)
	at java.security.AccessController.doPrivileged(Native Method)
	at javax.security.auth.Subject.doAs(Subject.java:422)
	at org.apache.hadoop.security.UserGroupInformation.doAs(UserGroupInformation.java:1730)
	at org.apache.hadoop.ipc.Server$Handler.run(Server.java:2682)
2019-09-19 17:00:19,118 [IPC Server handler 19 on 44142] INFO  block.BlockManagerImpl (BlockManagerImpl.java:allocateBlock(198)) - Could not find available pipeline of type:RATIS and factor:THREE even after retrying
2019-09-19 17:00:19,118 [IPC Server handler 19 on 44142] ERROR block.BlockManagerImpl (BlockManagerImpl.java:allocateBlock(222)) - Unable to allocate a block for the size: 4194304, type: RATIS, factor: THREE
2019-09-19 17:00:19,118 [IPC Server handler 19 on 44142] ERROR pipeline.PipelinePlacementPolicy (PipelinePlacementPolicy.java:meetCriteria(91)) - Pipeline Placement: Doesn't meet the criteria to be viable node. Heaviness: 6
2019-09-19 17:00:19,118 [IPC Server handler 19 on 44142] ERROR pipeline.PipelinePlacementPolicy (PipelinePlacementPolicy.java:meetCriteria(91)) - Pipeline Placement: Doesn't meet the criteria to be viable node. Heaviness: 6
2019-09-19 17:00:19,119 [IPC Server handler 19 on 44142] ERROR pipeline.PipelinePlacementPolicy (PipelinePlacementPolicy.java:meetCriteria(91)) - Pipeline Placement: Doesn't meet the criteria to be viable node. Heaviness: 6
2019-09-19 17:00:19,119 [IPC Server handler 19 on 44142] ERROR pipeline.PipelinePlacementPolicy (PipelinePlacementPolicy.java:meetCriteria(91)) - Pipeline Placement: Doesn't meet the criteria to be viable node. Heaviness: 6
2019-09-19 17:00:19,119 [IPC Server handler 19 on 44142] ERROR pipeline.PipelinePlacementPolicy (PipelinePlacementPolicy.java:meetCriteria(91)) - Pipeline Placement: Doesn't meet the criteria to be viable node. Heaviness: 6
2019-09-19 17:00:19,119 [IPC Server handler 19 on 44142] ERROR pipeline.PipelinePlacementPolicy (PipelinePlacementPolicy.java:filterViableNodes(146)) - Unable to find enough nodes that meet the criteria that cannot engage in more than 5 pipelines. Nodes required: 3 Found: 0, healthy nodes count inNodeManager: 5.
2019-09-19 17:00:19,119 [IPC Server handler 19 on 44142] ERROR pipeline.SCMPipelineManager (SCMPipelineManager.java:createPipeline(161)) - Pipeline creation failed due to exception: Unable to find enough nodes that meet the criteria that cannot engage in more than 5 pipelines. Nodes required: 3 Found: 0, healthy nodes count inNodeManager: 5.
2019-09-19 17:00:19,120 [IPC Server handler 19 on 44142] WARN  block.BlockManagerImpl (BlockManagerImpl.java:allocateBlock(192)) - Pipeline creation failed for type:RATIS factor:THREE. Retrying get pipelines call once.
org.apache.hadoop.hdds.scm.exceptions.SCMException: Unable to find enough nodes that meet the criteria that cannot engage in more than 5 pipelines. Nodes required: 3 Found: 0, healthy nodes count inNodeManager: 5.
	at org.apache.hadoop.hdds.scm.pipeline.PipelinePlacementPolicy.filterViableNodes(PipelinePlacementPolicy.java:147)
	at org.apache.hadoop.hdds.scm.pipeline.PipelinePlacementPolicy.chooseDatanodes(PipelinePlacementPolicy.java:170)
	at org.apache.hadoop.hdds.scm.pipeline.RatisPipelineProvider.create(RatisPipelineProvider.java:92)
	at org.apache.hadoop.hdds.scm.pipeline.PipelineFactory.create(PipelineFactory.java:57)
	at org.apache.hadoop.hdds.scm.pipeline.SCMPipelineManager.createPipeline(SCMPipelineManager.java:149)
	at org.apache.hadoop.hdds.scm.block.BlockManagerImpl.allocateBlock(BlockManagerImpl.java:190)
	at org.apache.hadoop.hdds.scm.server.SCMBlockProtocolServer.allocateBlock(SCMBlockProtocolServer.java:175)
	at org.apache.hadoop.ozone.protocolPB.ScmBlockLocationProtocolServerSideTranslatorPB.allocateScmBlock(ScmBlockLocationProtocolServerSideTranslatorPB.java:153)
	at org.apache.hadoop.ozone.protocolPB.ScmBlockLocationProtocolServerSideTranslatorPB.send(ScmBlockLocationProtocolServerSideTranslatorPB.java:112)
	at org.apache.hadoop.hdds.protocol.proto.ScmBlockLocationProtocolProtos$ScmBlockLocationProtocolService$2.callBlockingMethod(ScmBlockLocationProtocolProtos.java:13157)
	at org.apache.hadoop.ipc.ProtobufRpcEngine$Server$ProtoBufRpcInvoker.call(ProtobufRpcEngine.java:524)
	at org.apache.hadoop.ipc.RPC$Server.call(RPC.java:1025)
	at org.apache.hadoop.ipc.Server$RpcCall.run(Server.java:876)
	at org.apache.hadoop.ipc.Server$RpcCall.run(Server.java:822)
	at java.security.AccessController.doPrivileged(Native Method)
	at javax.security.auth.Subject.doAs(Subject.java:422)
	at org.apache.hadoop.security.UserGroupInformation.doAs(UserGroupInformation.java:1730)
	at org.apache.hadoop.ipc.Server$Handler.run(Server.java:2682)
2019-09-19 17:00:19,120 [IPC Server handler 19 on 44142] INFO  block.BlockManagerImpl (BlockManagerImpl.java:allocateBlock(198)) - Could not find available pipeline of type:RATIS and factor:THREE even after retrying
2019-09-19 17:00:19,120 [IPC Server handler 19 on 44142] ERROR block.BlockManagerImpl (BlockManagerImpl.java:allocateBlock(222)) - Unable to allocate a block for the size: 4194304, type: RATIS, factor: THREE
2019-09-19 17:00:19,121 [IPC Server handler 19 on 44142] ERROR pipeline.PipelinePlacementPolicy (PipelinePlacementPolicy.java:meetCriteria(91)) - Pipeline Placement: Doesn't meet the criteria to be viable node. Heaviness: 6
2019-09-19 17:00:19,121 [IPC Server handler 19 on 44142] ERROR pipeline.PipelinePlacementPolicy (PipelinePlacementPolicy.java:meetCriteria(91)) - Pipeline Placement: Doesn't meet the criteria to be viable node. Heaviness: 6
2019-09-19 17:00:19,121 [IPC Server handler 19 on 44142] ERROR pipeline.PipelinePlacementPolicy (PipelinePlacementPolicy.java:meetCriteria(91)) - Pipeline Placement: Doesn't meet the criteria to be viable node. Heaviness: 6
2019-09-19 17:00:19,121 [IPC Server handler 19 on 44142] ERROR pipeline.PipelinePlacementPolicy (PipelinePlacementPolicy.java:meetCriteria(91)) - Pipeline Placement: Doesn't meet the criteria to be viable node. Heaviness: 6
2019-09-19 17:00:19,121 [IPC Server handler 19 on 44142] ERROR pipeline.PipelinePlacementPolicy (PipelinePlacementPolicy.java:meetCriteria(91)) - Pipeline Placement: Doesn't meet the criteria to be viable node. Heaviness: 6
2019-09-19 17:00:19,122 [IPC Server handler 19 on 44142] ERROR pipeline.PipelinePlacementPolicy (PipelinePlacementPolicy.java:filterViableNodes(146)) - Unable to find enough nodes that meet the criteria that cannot engage in more than 5 pipelines. Nodes required: 3 Found: 0, healthy nodes count inNodeManager: 5.
2019-09-19 17:00:19,122 [IPC Server handler 19 on 44142] ERROR pipeline.SCMPipelineManager (SCMPipelineManager.java:createPipeline(161)) - Pipeline creation failed due to exception: Unable to find enough nodes that meet the criteria that cannot engage in more than 5 pipelines. Nodes required: 3 Found: 0, healthy nodes count inNodeManager: 5.
2019-09-19 17:00:19,122 [IPC Server handler 19 on 44142] WARN  block.BlockManagerImpl (BlockManagerImpl.java:allocateBlock(192)) - Pipeline creation failed for type:RATIS factor:THREE. Retrying get pipelines call once.
org.apache.hadoop.hdds.scm.exceptions.SCMException: Unable to find enough nodes that meet the criteria that cannot engage in more than 5 pipelines. Nodes required: 3 Found: 0, healthy nodes count inNodeManager: 5.
	at org.apache.hadoop.hdds.scm.pipeline.PipelinePlacementPolicy.filterViableNodes(PipelinePlacementPolicy.java:147)
	at org.apache.hadoop.hdds.scm.pipeline.PipelinePlacementPolicy.chooseDatanodes(PipelinePlacementPolicy.java:170)
	at org.apache.hadoop.hdds.scm.pipeline.RatisPipelineProvider.create(RatisPipelineProvider.java:92)
	at org.apache.hadoop.hdds.scm.pipeline.PipelineFactory.create(PipelineFactory.java:57)
	at org.apache.hadoop.hdds.scm.pipeline.SCMPipelineManager.createPipeline(SCMPipelineManager.java:149)
	at org.apache.hadoop.hdds.scm.block.BlockManagerImpl.allocateBlock(BlockManagerImpl.java:190)
	at org.apache.hadoop.hdds.scm.server.SCMBlockProtocolServer.allocateBlock(SCMBlockProtocolServer.java:175)
	at org.apache.hadoop.ozone.protocolPB.ScmBlockLocationProtocolServerSideTranslatorPB.allocateScmBlock(ScmBlockLocationProtocolServerSideTranslatorPB.java:153)
	at org.apache.hadoop.ozone.protocolPB.ScmBlockLocationProtocolServerSideTranslatorPB.send(ScmBlockLocationProtocolServerSideTranslatorPB.java:112)
	at org.apache.hadoop.hdds.protocol.proto.ScmBlockLocationProtocolProtos$ScmBlockLocationProtocolService$2.callBlockingMethod(ScmBlockLocationProtocolProtos.java:13157)
	at org.apache.hadoop.ipc.ProtobufRpcEngine$Server$ProtoBufRpcInvoker.call(ProtobufRpcEngine.java:524)
	at org.apache.hadoop.ipc.RPC$Server.call(RPC.java:1025)
	at org.apache.hadoop.ipc.Server$RpcCall.run(Server.java:876)
	at org.apache.hadoop.ipc.Server$RpcCall.run(Server.java:822)
	at java.security.AccessController.doPrivileged(Native Method)
	at javax.security.auth.Subject.doAs(Subject.java:422)
	at org.apache.hadoop.security.UserGroupInformation.doAs(UserGroupInformation.java:1730)
	at org.apache.hadoop.ipc.Server$Handler.run(Server.java:2682)
2019-09-19 17:00:19,123 [IPC Server handler 19 on 44142] INFO  block.BlockManagerImpl (BlockManagerImpl.java:allocateBlock(198)) - Could not find available pipeline of type:RATIS and factor:THREE even after retrying
2019-09-19 17:00:19,123 [IPC Server handler 19 on 44142] ERROR block.BlockManagerImpl (BlockManagerImpl.java:allocateBlock(222)) - Unable to allocate a block for the size: 4194304, type: RATIS, factor: THREE
2019-09-19 17:00:19,123 [IPC Server handler 19 on 44142] ERROR pipeline.PipelinePlacementPolicy (PipelinePlacementPolicy.java:meetCriteria(91)) - Pipeline Placement: Doesn't meet the criteria to be viable node. Heaviness: 6
2019-09-19 17:00:19,123 [IPC Server handler 19 on 44142] ERROR pipeline.PipelinePlacementPolicy (PipelinePlacementPolicy.java:meetCriteria(91)) - Pipeline Placement: Doesn't meet the criteria to be viable node. Heaviness: 6
2019-09-19 17:00:19,123 [IPC Server handler 19 on 44142] ERROR pipeline.PipelinePlacementPolicy (PipelinePlacementPolicy.java:meetCriteria(91)) - Pipeline Placement: Doesn't meet the criteria to be viable node. Heaviness: 6
2019-09-19 17:00:19,123 [IPC Server handler 19 on 44142] ERROR pipeline.PipelinePlacementPolicy (PipelinePlacementPolicy.java:meetCriteria(91)) - Pipeline Placement: Doesn't meet the criteria to be viable node. Heaviness: 6
2019-09-19 17:00:19,124 [IPC Server handler 19 on 44142] ERROR pipeline.PipelinePlacementPolicy (PipelinePlacementPolicy.java:meetCriteria(91)) - Pipeline Placement: Doesn't meet the criteria to be viable node. Heaviness: 6
2019-09-19 17:00:19,124 [IPC Server handler 19 on 44142] ERROR pipeline.PipelinePlacementPolicy (PipelinePlacementPolicy.java:filterViableNodes(146)) - Unable to find enough nodes that meet the criteria that cannot engage in more than 5 pipelines. Nodes required: 3 Found: 0, healthy nodes count inNodeManager: 5.
2019-09-19 17:00:19,124 [IPC Server handler 19 on 44142] ERROR pipeline.SCMPipelineManager (SCMPipelineManager.java:createPipeline(161)) - Pipeline creation failed due to exception: Unable to find enough nodes that meet the criteria that cannot engage in more than 5 pipelines. Nodes required: 3 Found: 0, healthy nodes count inNodeManager: 5.
2019-09-19 17:00:19,124 [IPC Server handler 19 on 44142] WARN  block.BlockManagerImpl (BlockManagerImpl.java:allocateBlock(192)) - Pipeline creation failed for type:RATIS factor:THREE. Retrying get pipelines call once.
org.apache.hadoop.hdds.scm.exceptions.SCMException: Unable to find enough nodes that meet the criteria that cannot engage in more than 5 pipelines. Nodes required: 3 Found: 0, healthy nodes count inNodeManager: 5.
	at org.apache.hadoop.hdds.scm.pipeline.PipelinePlacementPolicy.filterViableNodes(PipelinePlacementPolicy.java:147)
	at org.apache.hadoop.hdds.scm.pipeline.PipelinePlacementPolicy.chooseDatanodes(PipelinePlacementPolicy.java:170)
	at org.apache.hadoop.hdds.scm.pipeline.RatisPipelineProvider.create(RatisPipelineProvider.java:92)
	at org.apache.hadoop.hdds.scm.pipeline.PipelineFactory.create(PipelineFactory.java:57)
	at org.apache.hadoop.hdds.scm.pipeline.SCMPipelineManager.createPipeline(SCMPipelineManager.java:149)
	at org.apache.hadoop.hdds.scm.block.BlockManagerImpl.allocateBlock(BlockManagerImpl.java:190)
	at org.apache.hadoop.hdds.scm.server.SCMBlockProtocolServer.allocateBlock(SCMBlockProtocolServer.java:175)
	at org.apache.hadoop.ozone.protocolPB.ScmBlockLocationProtocolServerSideTranslatorPB.allocateScmBlock(ScmBlockLocationProtocolServerSideTranslatorPB.java:153)
	at org.apache.hadoop.ozone.protocolPB.ScmBlockLocationProtocolServerSideTranslatorPB.send(ScmBlockLocationProtocolServerSideTranslatorPB.java:112)
	at org.apache.hadoop.hdds.protocol.proto.ScmBlockLocationProtocolProtos$ScmBlockLocationProtocolService$2.callBlockingMethod(ScmBlockLocationProtocolProtos.java:13157)
	at org.apache.hadoop.ipc.ProtobufRpcEngine$Server$ProtoBufRpcInvoker.call(ProtobufRpcEngine.java:524)
	at org.apache.hadoop.ipc.RPC$Server.call(RPC.java:1025)
	at org.apache.hadoop.ipc.Server$RpcCall.run(Server.java:876)
	at org.apache.hadoop.ipc.Server$RpcCall.run(Server.java:822)
	at java.security.AccessController.doPrivileged(Native Method)
	at javax.security.auth.Subject.doAs(Subject.java:422)
	at org.apache.hadoop.security.UserGroupInformation.doAs(UserGroupInformation.java:1730)
	at org.apache.hadoop.ipc.Server$Handler.run(Server.java:2682)
2019-09-19 17:00:19,125 [IPC Server handler 19 on 44142] INFO  block.BlockManagerImpl (BlockManagerImpl.java:allocateBlock(198)) - Could not find available pipeline of type:RATIS and factor:THREE even after retrying
2019-09-19 17:00:19,125 [IPC Server handler 19 on 44142] ERROR block.BlockManagerImpl (BlockManagerImpl.java:allocateBlock(222)) - Unable to allocate a block for the size: 4194304, type: RATIS, factor: THREE
2019-09-19 17:00:19,125 | INFO  | SCMAudit | user=jenkins1000 | ip=192.168.157.226 | op=ALLOCATE_BLOCK {owner=9a97ed38-b8e3-4481-8543-860f95d8c111, size=4194304, type=RATIS, factor=THREE} | ret=SUCCESS |  
2019-09-19 17:00:19,126 | ERROR | OMAudit | user=jenkins1000 | ip=127.0.0.1 | op=ALLOCATE_KEY {volume=vol-0-24552, bucket=bucket-0-50521, key=key-0-89324, dataSize=20971520, replicationType=RATIS, replicationFactor=THREE, keyLocationInfo=null} | ret=FAILURE | org.apache.hadoop.hdds.scm.exceptions.SCMException: Allocated 0 blocks. Requested 5 blocks
	at org.apache.hadoop.hdds.scm.protocolPB.ScmBlockLocationProtocolClientSideTranslatorPB.handleError(ScmBlockLocationProtocolClientSideTranslatorPB.java:118)
	at org.apache.hadoop.hdds.scm.protocolPB.ScmBlockLocationProtocolClientSideTranslatorPB.allocateBlock(ScmBlockLocationProtocolClientSideTranslatorPB.java:156) 
2019-09-19 17:00:19,129 [pool-79-thread-4] ERROR freon.RandomKeyGenerator (RandomKeyGenerator.java:createKey(724)) - Exception while adding key: key-0-89324 in bucket: bucket-0-50521 of volume: vol-0-24552.
INTERNAL_ERROR org.apache.hadoop.ozone.om.exceptions.OMException: Allocated 0 blocks. Requested 5 blocks
	at org.apache.hadoop.ozone.om.protocolPB.OzoneManagerProtocolClientSideTranslatorPB.handleError(OzoneManagerProtocolClientSideTranslatorPB.java:725)
	at org.apache.hadoop.ozone.om.protocolPB.OzoneManagerProtocolClientSideTranslatorPB.openKey(OzoneManagerProtocolClientSideTranslatorPB.java:716)
	at org.apache.hadoop.ozone.client.rpc.RpcClient.createKey(RpcClient.java:615)
	at org.apache.hadoop.ozone.client.OzoneBucket.createKey(OzoneBucket.java:323)
	at org.apache.hadoop.ozone.freon.RandomKeyGenerator.createKey(RandomKeyGenerator.java:686)
	at org.apache.hadoop.ozone.freon.RandomKeyGenerator.access$1100(RandomKeyGenerator.java:87)
	at org.apache.hadoop.ozone.freon.RandomKeyGenerator$ObjectCreator.run(RandomKeyGenerator.java:606)
	at java.util.concurrent.Executors$RunnableAdapter.call(Executors.java:511)
	at java.util.concurrent.FutureTask.run(FutureTask.java:266)
	at java.util.concurrent.ThreadPoolExecutor.runWorker(ThreadPoolExecutor.java:1149)
	at java.util.concurrent.ThreadPoolExecutor$Worker.run(ThreadPoolExecutor.java:624)
	at java.lang.Thread.run(Thread.java:748)
2019-09-19 17:00:19,393 | INFO  | SCMAudit | user=jenkins1000 | ip=192.168.157.226 | op=SEND_HEARTBEAT {datanodeUUID=e858d55d-eb7f-4d43-a7ab-d70ac1b2cf5d, command=[]} | ret=SUCCESS |  
2019-09-19 17:00:19,401 | INFO  | SCMAudit | user=jenkins1000 | ip=192.168.157.226 | op=SEND_HEARTBEAT {datanodeUUID=dd9809e6-023f-42ef-96fa-650496b0d2eb, command=[]} | ret=SUCCESS |  
2019-09-19 17:00:19,604 | INFO  | SCMAudit | user=jenkins1000 | ip=192.168.157.226 | op=SEND_HEARTBEAT {datanodeUUID=e59acbe3-2e53-434b-8aef-eb1faf9f1cb0, command=[]} | ret=SUCCESS |  
2019-09-19 17:00:19,815 | INFO  | SCMAudit | user=jenkins1000 | ip=192.168.157.226 | op=SEND_HEARTBEAT {datanodeUUID=c64ef6ee-91bc-492f-96d3-e3ad2b12297f, command=[]} | ret=SUCCESS |  
2019-09-19 17:00:19,984 | INFO  | SCMAudit | user=jenkins1000 | ip=192.168.157.226 | op=SEND_HEARTBEAT {datanodeUUID=5f94c5ea-0d2c-486e-937b-d09fa3478732, command=[]} | ret=SUCCESS |  
 0.00% |█                                                                                                    |  0/1 Time: 0:00:012019-09-19 17:00:20,393 | INFO  | SCMAudit | user=jenkins1000 | ip=192.168.157.226 | op=SEND_HEARTBEAT {datanodeUUID=e858d55d-eb7f-4d43-a7ab-d70ac1b2cf5d, command=[]} | ret=SUCCESS |  
2019-09-19 17:00:20,401 | INFO  | SCMAudit | user=jenkins1000 | ip=192.168.157.226 | op=SEND_HEARTBEAT {datanodeUUID=dd9809e6-023f-42ef-96fa-650496b0d2eb, command=[]} | ret=SUCCESS |  
2019-09-19 17:00:20,603 | INFO  | SCMAudit | user=jenkins1000 | ip=192.168.157.226 | op=SEND_HEARTBEAT {datanodeUUID=e59acbe3-2e53-434b-8aef-eb1faf9f1cb0, command=[]} | ret=SUCCESS |  
2019-09-19 17:00:20,815 | INFO  | SCMAudit | user=jenkins1000 | ip=192.168.157.226 | op=SEND_HEARTBEAT {datanodeUUID=c64ef6ee-91bc-492f-96d3-e3ad2b12297f, command=[]} | ret=SUCCESS |  
2019-09-19 17:00:20,984 | INFO  | SCMAudit | user=jenkins1000 | ip=192.168.157.226 | op=SEND_HEARTBEAT {datanodeUUID=5f94c5ea-0d2c-486e-937b-d09fa3478732, command=[]} | ret=SUCCESS |  
 0.00% |█                                                                                                    |  0/1 Time: 0:00:022019-09-19 17:00:21,393 | INFO  | SCMAudit | user=jenkins1000 | ip=192.168.157.226 | op=SEND_HEARTBEAT {datanodeUUID=e858d55d-eb7f-4d43-a7ab-d70ac1b2cf5d, command=[]} | ret=SUCCESS |  
2019-09-19 17:00:21,400 | INFO  | SCMAudit | user=jenkins1000 | ip=192.168.157.226 | op=SEND_HEARTBEAT {datanodeUUID=dd9809e6-023f-42ef-96fa-650496b0d2eb, command=[]} | ret=SUCCESS |  
2019-09-19 17:00:21,604 | INFO  | SCMAudit | user=jenkins1000 | ip=192.168.157.226 | op=SEND_HEARTBEAT {datanodeUUID=e59acbe3-2e53-434b-8aef-eb1faf9f1cb0, command=[]} | ret=SUCCESS |  
2019-09-19 17:00:21,815 | INFO  | SCMAudit | user=jenkins1000 | ip=192.168.157.226 | op=SEND_HEARTBEAT {datanodeUUID=c64ef6ee-91bc-492f-96d3-e3ad2b12297f, command=[]} | ret=SUCCESS |  
2019-09-19 17:00:21,985 | INFO  | SCMAudit | user=jenkins1000 | ip=192.168.157.226 | op=SEND_HEARTBEAT {datanodeUUID=5f94c5ea-0d2c-486e-937b-d09fa3478732, command=[]} | ret=SUCCESS |  
 0.00% |█                                                                                                    |  0/1 Time: 0:00:032019-09-19 17:00:22,393 | INFO  | SCMAudit | user=jenkins1000 | ip=192.168.157.226 | op=SEND_HEARTBEAT {datanodeUUID=e858d55d-eb7f-4d43-a7ab-d70ac1b2cf5d, command=[]} | ret=SUCCESS |  
2019-09-19 17:00:22,400 | INFO  | SCMAudit | user=jenkins1000 | ip=192.168.157.226 | op=SEND_HEARTBEAT {datanodeUUID=dd9809e6-023f-42ef-96fa-650496b0d2eb, command=[]} | ret=SUCCESS |  
2019-09-19 17:00:22,604 | INFO  | SCMAudit | user=jenkins1000 | ip=192.168.157.226 | op=SEND_HEARTBEAT {datanodeUUID=e59acbe3-2e53-434b-8aef-eb1faf9f1cb0, command=[]} | ret=SUCCESS |  
2019-09-19 17:00:22,814 | INFO  | SCMAudit | user=jenkins1000 | ip=192.168.157.226 | op=SEND_HEARTBEAT {datanodeUUID=c64ef6ee-91bc-492f-96d3-e3ad2b12297f, command=[]} | ret=SUCCESS |  
2019-09-19 17:00:22,985 | INFO  | SCMAudit | user=jenkins1000 | ip=192.168.157.226 | op=SEND_HEARTBEAT {datanodeUUID=5f94c5ea-0d2c-486e-937b-d09fa3478732, command=[]} | ret=SUCCESS |  
 0.00% |█                                                                                                    |  0/1 Time: 0:00:042019-09-19 17:00:23,393 | INFO  | SCMAudit | user=jenkins1000 | ip=192.168.157.226 | op=SEND_HEARTBEAT {datanodeUUID=e858d55d-eb7f-4d43-a7ab-d70ac1b2cf5d, command=[]} | ret=SUCCESS |  
2019-09-19 17:00:23,401 | INFO  | SCMAudit | user=jenkins1000 | ip=192.168.157.226 | op=SEND_HEARTBEAT {datanodeUUID=dd9809e6-023f-42ef-96fa-650496b0d2eb, command=[]} | ret=SUCCESS |  
2019-09-19 17:00:23,604 | INFO  | SCMAudit | user=jenkins1000 | ip=192.168.157.226 | op=SEND_HEARTBEAT {datanodeUUID=e59acbe3-2e53-434b-8aef-eb1faf9f1cb0, command=[]} | ret=SUCCESS |  
2019-09-19 17:00:23,815 | INFO  | SCMAudit | user=jenkins1000 | ip=192.168.157.226 | op=SEND_HEARTBEAT {datanodeUUID=c64ef6ee-91bc-492f-96d3-e3ad2b12297f, command=[]} | ret=SUCCESS |  
2019-09-19 17:00:23,985 | INFO  | SCMAudit | user=jenkins1000 | ip=192.168.157.226 | op=SEND_HEARTBEAT {datanodeUUID=5f94c5ea-0d2c-486e-937b-d09fa3478732, command=[]} | ret=SUCCESS |  
 100.00% |█████████████████████████████████████████████████████████████████████████████████████████████████████|  1/1 Time: 0:00:05
2019-09-19 17:00:24,393 | INFO  | SCMAudit | user=jenkins1000 | ip=192.168.157.226 | op=SEND_HEARTBEAT {datanodeUUID=e858d55d-eb7f-4d43-a7ab-d70ac1b2cf5d, command=[]} | ret=SUCCESS |  
2019-09-19 17:00:24,402 | INFO  | SCMAudit | user=jenkins1000 | ip=192.168.157.226 | op=SEND_HEARTBEAT {datanodeUUID=dd9809e6-023f-42ef-96fa-650496b0d2eb, command=[]} | ret=SUCCESS |  
2019-09-19 17:00:24,604 | INFO  | SCMAudit | user=jenkins1000 | ip=192.168.157.226 | op=SEND_HEARTBEAT {datanodeUUID=e59acbe3-2e53-434b-8aef-eb1faf9f1cb0, command=[]} | ret=SUCCESS |  
2019-09-19 17:00:24,815 | INFO  | SCMAudit | user=jenkins1000 | ip=192.168.157.226 | op=SEND_HEARTBEAT {datanodeUUID=c64ef6ee-91bc-492f-96d3-e3ad2b12297f, command=[]} | ret=SUCCESS |  
2019-09-19 17:00:24,985 | INFO  | SCMAudit | user=jenkins1000 | ip=192.168.157.226 | op=SEND_HEARTBEAT {datanodeUUID=5f94c5ea-0d2c-486e-937b-d09fa3478732, command=[]} | ret=SUCCESS |  
2019-09-19 17:00:25,393 | INFO  | SCMAudit | user=jenkins1000 | ip=192.168.157.226 | op=SEND_HEARTBEAT {datanodeUUID=e858d55d-eb7f-4d43-a7ab-d70ac1b2cf5d, command=[]} | ret=SUCCESS |  
2019-09-19 17:00:25,403 | INFO  | SCMAudit | user=jenkins1000 | ip=192.168.157.226 | op=SEND_HEARTBEAT {datanodeUUID=dd9809e6-023f-42ef-96fa-650496b0d2eb, command=[]} | ret=SUCCESS |  
2019-09-19 17:00:25,604 | INFO  | SCMAudit | user=jenkins1000 | ip=192.168.157.226 | op=SEND_HEARTBEAT {datanodeUUID=e59acbe3-2e53-434b-8aef-eb1faf9f1cb0, command=[]} | ret=SUCCESS |  
2019-09-19 17:00:25,815 | INFO  | SCMAudit | user=jenkins1000 | ip=192.168.157.226 | op=SEND_HEARTBEAT {datanodeUUID=c64ef6ee-91bc-492f-96d3-e3ad2b12297f, command=[]} | ret=SUCCESS |  
2019-09-19 17:00:25,985 | INFO  | SCMAudit | user=jenkins1000 | ip=192.168.157.226 | op=SEND_HEARTBEAT {datanodeUUID=5f94c5ea-0d2c-486e-937b-d09fa3478732, command=[]} | ret=SUCCESS |  
2019-09-19 17:00:26,393 | INFO  | SCMAudit | user=jenkins1000 | ip=192.168.157.226 | op=SEND_HEARTBEAT {datanodeUUID=e858d55d-eb7f-4d43-a7ab-d70ac1b2cf5d, command=[]} | ret=SUCCESS |  
2019-09-19 17:00:26,403 | INFO  | SCMAudit | user=jenkins1000 | ip=192.168.157.226 | op=SEND_HEARTBEAT {datanodeUUID=dd9809e6-023f-42ef-96fa-650496b0d2eb, command=[]} | ret=SUCCESS |  
2019-09-19 17:00:26,604 | INFO  | SCMAudit | user=jenkins1000 | ip=192.168.157.226 | op=SEND_HEARTBEAT {datanodeUUID=e59acbe3-2e53-434b-8aef-eb1faf9f1cb0, command=[]} | ret=SUCCESS |  
2019-09-19 17:00:26,815 | INFO  | SCMAudit | user=jenkins1000 | ip=192.168.157.226 | op=SEND_HEARTBEAT {datanodeUUID=c64ef6ee-91bc-492f-96d3-e3ad2b12297f, command=[]} | ret=SUCCESS |  
2019-09-19 17:00:26,985 | INFO  | SCMAudit | user=jenkins1000 | ip=192.168.157.226 | op=SEND_HEARTBEAT {datanodeUUID=5f94c5ea-0d2c-486e-937b-d09fa3478732, command=[]} | ret=SUCCESS |  
2019-09-19 17:00:27,394 | INFO  | SCMAudit | user=jenkins1000 | ip=192.168.157.226 | op=SEND_HEARTBEAT {datanodeUUID=e858d55d-eb7f-4d43-a7ab-d70ac1b2cf5d, command=[]} | ret=SUCCESS |  
2019-09-19 17:00:27,402 | INFO  | SCMAudit | user=jenkins1000 | ip=192.168.157.226 | op=SEND_HEARTBEAT {datanodeUUID=dd9809e6-023f-42ef-96fa-650496b0d2eb, command=[]} | ret=SUCCESS |  
2019-09-19 17:00:27,605 | INFO  | SCMAudit | user=jenkins1000 | ip=192.168.157.226 | op=SEND_HEARTBEAT {datanodeUUID=e59acbe3-2e53-434b-8aef-eb1faf9f1cb0, command=[]} | ret=SUCCESS |  
2019-09-19 17:00:27,814 | INFO  | SCMAudit | user=jenkins1000 | ip=192.168.157.226 | op=SEND_HEARTBEAT {datanodeUUID=c64ef6ee-91bc-492f-96d3-e3ad2b12297f, command=[]} | ret=SUCCESS |  
2019-09-19 17:00:27,985 | INFO  | SCMAudit | user=jenkins1000 | ip=192.168.157.226 | op=SEND_HEARTBEAT {datanodeUUID=5f94c5ea-0d2c-486e-937b-d09fa3478732, command=[]} | ret=SUCCESS |  
2019-09-19 17:00:28,394 | INFO  | SCMAudit | user=jenkins1000 | ip=192.168.157.226 | op=SEND_HEARTBEAT {datanodeUUID=e858d55d-eb7f-4d43-a7ab-d70ac1b2cf5d, command=[]} | ret=SUCCESS |  
2019-09-19 17:00:28,403 | INFO  | SCMAudit | user=jenkins1000 | ip=192.168.157.226 | op=SEND_HEARTBEAT {datanodeUUID=dd9809e6-023f-42ef-96fa-650496b0d2eb, command=[]} | ret=SUCCESS |  
2019-09-19 17:00:28,605 | INFO  | SCMAudit | user=jenkins1000 | ip=192.168.157.226 | op=SEND_HEARTBEAT {datanodeUUID=e59acbe3-2e53-434b-8aef-eb1faf9f1cb0, command=[]} | ret=SUCCESS |  
2019-09-19 17:00:28,815 | INFO  | SCMAudit | user=jenkins1000 | ip=192.168.157.226 | op=SEND_HEARTBEAT {datanodeUUID=c64ef6ee-91bc-492f-96d3-e3ad2b12297f, command=[]} | ret=SUCCESS |  
2019-09-19 17:00:28,985 | INFO  | SCMAudit | user=jenkins1000 | ip=192.168.157.226 | op=SEND_HEARTBEAT {datanodeUUID=5f94c5ea-0d2c-486e-937b-d09fa3478732, command=[]} | ret=SUCCESS |  
]]></system-out>
  </testcase>
  <testcase name="validateWriteTest" classname="org.apache.hadoop.ozone.freon.TestDataValidateWithUnsafeByteOperations" time="10.021">
    <error message="Allocated 0 blocks. Requested 1 blocks" type="INTERNAL_ERROR org.apache.hadoop.ozone.om.exceptions.OMException">INTERNAL_ERROR org.apache.hadoop.ozone.om.exceptions.OMException: Allocated 0 blocks. Requested 1 blocks
	at org.apache.hadoop.ozone.om.protocolPB.OzoneManagerProtocolClientSideTranslatorPB.handleError(OzoneManagerProtocolClientSideTranslatorPB.java:725)
	at org.apache.hadoop.ozone.om.protocolPB.OzoneManagerProtocolClientSideTranslatorPB.openKey(OzoneManagerProtocolClientSideTranslatorPB.java:716)
	at org.apache.hadoop.ozone.client.rpc.RpcClient.createKey(RpcClient.java:615)
	at org.apache.hadoop.ozone.client.OzoneBucket.createKey(OzoneBucket.java:323)
	at org.apache.hadoop.ozone.freon.RandomKeyGenerator.createKey(RandomKeyGenerator.java:686)
	at org.apache.hadoop.ozone.freon.RandomKeyGenerator.access$1100(RandomKeyGenerator.java:87)
	at org.apache.hadoop.ozone.freon.RandomKeyGenerator$ObjectCreator.run(RandomKeyGenerator.java:606)
	at java.util.concurrent.Executors$RunnableAdapter.call(Executors.java:511)
	at java.util.concurrent.FutureTask.run(FutureTask.java:266)
	at java.util.concurrent.ThreadPoolExecutor.runWorker(ThreadPoolExecutor.java:1149)
	at java.util.concurrent.ThreadPoolExecutor$Worker.run(ThreadPoolExecutor.java:624)
	at java.lang.Thread.run(Thread.java:748)
</error>
    <system-out><![CDATA[2019-09-19 17:00:29,094 [main] INFO  freon.RandomKeyGenerator (RandomKeyGenerator.java:call(275)) - Number of Threads: 10
2019-09-19 17:00:29,095 [main] INFO  freon.RandomKeyGenerator (RandomKeyGenerator.java:call(280)) - Number of Volumes: 2.
2019-09-19 17:00:29,095 [main] INFO  freon.RandomKeyGenerator (RandomKeyGenerator.java:call(281)) - Number of Buckets per Volume: 5.
2019-09-19 17:00:29,095 [main] INFO  freon.RandomKeyGenerator (RandomKeyGenerator.java:call(282)) - Number of Keys per Bucket: 10.
2019-09-19 17:00:29,095 [main] INFO  freon.RandomKeyGenerator (RandomKeyGenerator.java:call(283)) - Key size: 10240 bytes
2019-09-19 17:00:29,096 [main] INFO  freon.RandomKeyGenerator (RandomKeyGenerator.java:call(284)) - Buffer size: 4096 bytes
2019-09-19 17:00:29,097 [pool-80-thread-2] INFO  rpc.RpcClient (RpcClient.java:createVolume(293)) - Creating Volume: vol-1-86358, with jenkins1000 as owner.
2019-09-19 17:00:29,097 [pool-80-thread-1] INFO  rpc.RpcClient (RpcClient.java:createVolume(293)) - Creating Volume: vol-0-98863, with jenkins1000 as owner.
2019-09-19 17:00:29,098 [main] INFO  freon.RandomKeyGenerator (RandomKeyGenerator.java:call(298)) - Data validation is enabled.
2019-09-19 17:00:29,099 [main] INFO  freon.RandomKeyGenerator (RandomKeyGenerator.java:call(304)) - Starting progress bar Thread.

 0.00% |█                                                                                                    |  0/100 Time: 0:00:002019-09-19 17:00:29,101 | INFO  | OMAudit | user=jenkins1000 | ip=127.0.0.1 | op=CREATE_VOLUME {admin=jenkins1000, owner=jenkins1000, volume=vol-1-86358, creationTime=1568912429100, quotaInBytes=1152921504606846976} | ret=SUCCESS |  
2019-09-19 17:00:29,101 | INFO  | OMAudit | user=jenkins1000 | ip=127.0.0.1 | op=CREATE_VOLUME {admin=jenkins1000, owner=jenkins1000, volume=vol-0-98863, creationTime=1568912429101, quotaInBytes=1152921504606846976} | ret=SUCCESS |  
2019-09-19 17:00:29,106 | INFO  | OMAudit | user=jenkins1000 | ip=127.0.0.1 | op=READ_VOLUME {volume=vol-1-86358} | ret=SUCCESS |  
2019-09-19 17:00:29,106 | INFO  | OMAudit | user=jenkins1000 | ip=127.0.0.1 | op=READ_VOLUME {volume=vol-0-98863} | ret=SUCCESS |  
2019-09-19 17:00:29,109 [pool-80-thread-6] INFO  rpc.RpcClient (RpcClient.java:createBucket(432)) - Creating Bucket: vol-1-86358/bucket-1-80619, with Versioning false and Storage Type set to DISK and Encryption set to false 
2019-09-19 17:00:29,110 [pool-80-thread-1] INFO  rpc.RpcClient (RpcClient.java:createBucket(432)) - Creating Bucket: vol-1-86358/bucket-4-54242, with Versioning false and Storage Type set to DISK and Encryption set to false 
2019-09-19 17:00:29,109 [pool-80-thread-4] INFO  rpc.RpcClient (RpcClient.java:createBucket(432)) - Creating Bucket: vol-1-86358/bucket-0-82479, with Versioning false and Storage Type set to DISK and Encryption set to false 
2019-09-19 17:00:29,112 | INFO  | OMAudit | user=jenkins1000 | ip=127.0.0.1 | op=CREATE_BUCKET {volume=vol-1-86358, bucket=bucket-4-54242, acls=[user:jenkins1000:a[ACCESS], group:default:a[ACCESS]], isVersionEnabled=false, storageType=DISK, creationTime=0} | ret=SUCCESS |  
2019-09-19 17:00:29,112 | INFO  | OMAudit | user=jenkins1000 | ip=127.0.0.1 | op=CREATE_BUCKET {volume=vol-1-86358, bucket=bucket-1-80619, acls=[user:jenkins1000:a[ACCESS], group:default:a[ACCESS]], isVersionEnabled=false, storageType=DISK, creationTime=0} | ret=SUCCESS |  
2019-09-19 17:00:29,113 | INFO  | OMAudit | user=jenkins1000 | ip=127.0.0.1 | op=CREATE_BUCKET {volume=vol-1-86358, bucket=bucket-0-82479, acls=[user:jenkins1000:a[ACCESS], group:default:a[ACCESS]], isVersionEnabled=false, storageType=DISK, creationTime=0} | ret=SUCCESS |  
2019-09-19 17:00:29,114 | INFO  | OMAudit | user=jenkins1000 | ip=127.0.0.1 | op=READ_BUCKET {volume=vol-1-86358, bucket=bucket-4-54242} | ret=SUCCESS |  
2019-09-19 17:00:29,114 | INFO  | OMAudit | user=jenkins1000 | ip=127.0.0.1 | op=READ_BUCKET {volume=vol-1-86358, bucket=bucket-1-80619} | ret=SUCCESS |  
2019-09-19 17:00:29,115 | INFO  | OMAudit | user=jenkins1000 | ip=127.0.0.1 | op=READ_BUCKET {volume=vol-1-86358, bucket=bucket-0-82479} | ret=SUCCESS |  
2019-09-19 17:00:29,118 [pool-80-thread-10] INFO  rpc.RpcClient (RpcClient.java:createBucket(432)) - Creating Bucket: vol-1-86358/bucket-3-26426, with Versioning false and Storage Type set to DISK and Encryption set to false 
2019-09-19 17:00:29,118 [pool-80-thread-9] INFO  rpc.RpcClient (RpcClient.java:createBucket(432)) - Creating Bucket: vol-0-98863/bucket-3-65972, with Versioning false and Storage Type set to DISK and Encryption set to false 
2019-09-19 17:00:29,119 [pool-80-thread-8] INFO  rpc.RpcClient (RpcClient.java:createBucket(432)) - Creating Bucket: vol-1-86358/bucket-2-89868, with Versioning false and Storage Type set to DISK and Encryption set to false 
2019-09-19 17:00:29,120 [pool-80-thread-7] INFO  rpc.RpcClient (RpcClient.java:createBucket(432)) - Creating Bucket: vol-0-98863/bucket-2-30672, with Versioning false and Storage Type set to DISK and Encryption set to false 
2019-09-19 17:00:29,119 [pool-80-thread-5] INFO  rpc.RpcClient (RpcClient.java:createBucket(432)) - Creating Bucket: vol-0-98863/bucket-1-04536, with Versioning false and Storage Type set to DISK and Encryption set to false 
2019-09-19 17:00:29,119 [pool-80-thread-2] INFO  rpc.RpcClient (RpcClient.java:createBucket(432)) - Creating Bucket: vol-0-98863/bucket-4-95300, with Versioning false and Storage Type set to DISK and Encryption set to false 
2019-09-19 17:00:29,120 | INFO  | OMAudit | user=jenkins1000 | ip=127.0.0.1 | op=CREATE_BUCKET {volume=vol-0-98863, bucket=bucket-3-65972, acls=[user:jenkins1000:a[ACCESS], group:default:a[ACCESS]], isVersionEnabled=false, storageType=DISK, creationTime=0} | ret=SUCCESS |  
2019-09-19 17:00:29,120 [pool-80-thread-3] INFO  rpc.RpcClient (RpcClient.java:createBucket(432)) - Creating Bucket: vol-0-98863/bucket-0-38722, with Versioning false and Storage Type set to DISK and Encryption set to false 
2019-09-19 17:00:29,120 | INFO  | OMAudit | user=jenkins1000 | ip=127.0.0.1 | op=CREATE_BUCKET {volume=vol-1-86358, bucket=bucket-3-26426, acls=[user:jenkins1000:a[ACCESS], group:default:a[ACCESS]], isVersionEnabled=false, storageType=DISK, creationTime=0} | ret=SUCCESS |  
2019-09-19 17:00:29,123 | INFO  | OMAudit | user=jenkins1000 | ip=127.0.0.1 | op=CREATE_BUCKET {volume=vol-0-98863, bucket=bucket-2-30672, acls=[user:jenkins1000:a[ACCESS], group:default:a[ACCESS]], isVersionEnabled=false, storageType=DISK, creationTime=0} | ret=SUCCESS |  
2019-09-19 17:00:29,123 | INFO  | OMAudit | user=jenkins1000 | ip=127.0.0.1 | op=CREATE_BUCKET {volume=vol-1-86358, bucket=bucket-2-89868, acls=[user:jenkins1000:a[ACCESS], group:default:a[ACCESS]], isVersionEnabled=false, storageType=DISK, creationTime=0} | ret=SUCCESS |  
2019-09-19 17:00:29,124 | INFO  | OMAudit | user=jenkins1000 | ip=127.0.0.1 | op=READ_BUCKET {volume=vol-1-86358, bucket=bucket-3-26426} | ret=SUCCESS |  
2019-09-19 17:00:29,124 | INFO  | OMAudit | user=jenkins1000 | ip=127.0.0.1 | op=READ_BUCKET {volume=vol-0-98863, bucket=bucket-3-65972} | ret=SUCCESS |  
2019-09-19 17:00:29,124 | INFO  | OMAudit | user=jenkins1000 | ip=127.0.0.1 | op=CREATE_BUCKET {volume=vol-0-98863, bucket=bucket-1-04536, acls=[user:jenkins1000:a[ACCESS], group:default:a[ACCESS]], isVersionEnabled=false, storageType=DISK, creationTime=0} | ret=SUCCESS |  
2019-09-19 17:00:29,124 | INFO  | OMAudit | user=jenkins1000 | ip=127.0.0.1 | op=CREATE_BUCKET {volume=vol-0-98863, bucket=bucket-4-95300, acls=[user:jenkins1000:a[ACCESS], group:default:a[ACCESS]], isVersionEnabled=false, storageType=DISK, creationTime=0} | ret=SUCCESS |  
2019-09-19 17:00:29,125 | INFO  | OMAudit | user=jenkins1000 | ip=127.0.0.1 | op=CREATE_BUCKET {volume=vol-0-98863, bucket=bucket-0-38722, acls=[user:jenkins1000:a[ACCESS], group:default:a[ACCESS]], isVersionEnabled=false, storageType=DISK, creationTime=0} | ret=SUCCESS |  
2019-09-19 17:00:29,125 | INFO  | OMAudit | user=jenkins1000 | ip=127.0.0.1 | op=READ_BUCKET {volume=vol-0-98863, bucket=bucket-2-30672} | ret=SUCCESS |  
2019-09-19 17:00:29,125 | INFO  | OMAudit | user=jenkins1000 | ip=127.0.0.1 | op=READ_BUCKET {volume=vol-1-86358, bucket=bucket-2-89868} | ret=SUCCESS |  
2019-09-19 17:00:29,126 | INFO  | OMAudit | user=jenkins1000 | ip=127.0.0.1 | op=READ_BUCKET {volume=vol-0-98863, bucket=bucket-1-04536} | ret=SUCCESS |  
2019-09-19 17:00:29,126 | INFO  | OMAudit | user=jenkins1000 | ip=127.0.0.1 | op=READ_BUCKET {volume=vol-0-98863, bucket=bucket-4-95300} | ret=SUCCESS |  
2019-09-19 17:00:29,128 | INFO  | OMAudit | user=jenkins1000 | ip=127.0.0.1 | op=READ_BUCKET {volume=vol-0-98863, bucket=bucket-0-38722} | ret=SUCCESS |  
2019-09-19 17:00:29,135 [IPC Server handler 16 on 44142] ERROR pipeline.PipelinePlacementPolicy (PipelinePlacementPolicy.java:meetCriteria(91)) - Pipeline Placement: Doesn't meet the criteria to be viable node. Heaviness: 6
2019-09-19 17:00:29,135 [IPC Server handler 16 on 44142] ERROR pipeline.PipelinePlacementPolicy (PipelinePlacementPolicy.java:meetCriteria(91)) - Pipeline Placement: Doesn't meet the criteria to be viable node. Heaviness: 6
2019-09-19 17:00:29,135 [IPC Server handler 16 on 44142] ERROR pipeline.PipelinePlacementPolicy (PipelinePlacementPolicy.java:meetCriteria(91)) - Pipeline Placement: Doesn't meet the criteria to be viable node. Heaviness: 6
2019-09-19 17:00:29,135 [IPC Server handler 16 on 44142] ERROR pipeline.PipelinePlacementPolicy (PipelinePlacementPolicy.java:meetCriteria(91)) - Pipeline Placement: Doesn't meet the criteria to be viable node. Heaviness: 6
2019-09-19 17:00:29,136 [IPC Server handler 16 on 44142] ERROR pipeline.PipelinePlacementPolicy (PipelinePlacementPolicy.java:meetCriteria(91)) - Pipeline Placement: Doesn't meet the criteria to be viable node. Heaviness: 6
2019-09-19 17:00:29,136 [IPC Server handler 16 on 44142] ERROR pipeline.PipelinePlacementPolicy (PipelinePlacementPolicy.java:filterViableNodes(146)) - Unable to find enough nodes that meet the criteria that cannot engage in more than 5 pipelines. Nodes required: 3 Found: 0, healthy nodes count inNodeManager: 5.
2019-09-19 17:00:29,136 [IPC Server handler 16 on 44142] ERROR pipeline.SCMPipelineManager (SCMPipelineManager.java:createPipeline(161)) - Pipeline creation failed due to exception: Unable to find enough nodes that meet the criteria that cannot engage in more than 5 pipelines. Nodes required: 3 Found: 0, healthy nodes count inNodeManager: 5.
2019-09-19 17:00:29,136 [IPC Server handler 16 on 44142] WARN  block.BlockManagerImpl (BlockManagerImpl.java:allocateBlock(192)) - Pipeline creation failed for type:RATIS factor:THREE. Retrying get pipelines call once.
org.apache.hadoop.hdds.scm.exceptions.SCMException: Unable to find enough nodes that meet the criteria that cannot engage in more than 5 pipelines. Nodes required: 3 Found: 0, healthy nodes count inNodeManager: 5.
	at org.apache.hadoop.hdds.scm.pipeline.PipelinePlacementPolicy.filterViableNodes(PipelinePlacementPolicy.java:147)
	at org.apache.hadoop.hdds.scm.pipeline.PipelinePlacementPolicy.chooseDatanodes(PipelinePlacementPolicy.java:170)
	at org.apache.hadoop.hdds.scm.pipeline.RatisPipelineProvider.create(RatisPipelineProvider.java:92)
	at org.apache.hadoop.hdds.scm.pipeline.PipelineFactory.create(PipelineFactory.java:57)
	at org.apache.hadoop.hdds.scm.pipeline.SCMPipelineManager.createPipeline(SCMPipelineManager.java:149)
	at org.apache.hadoop.hdds.scm.block.BlockManagerImpl.allocateBlock(BlockManagerImpl.java:190)
	at org.apache.hadoop.hdds.scm.server.SCMBlockProtocolServer.allocateBlock(SCMBlockProtocolServer.java:175)
	at org.apache.hadoop.ozone.protocolPB.ScmBlockLocationProtocolServerSideTranslatorPB.allocateScmBlock(ScmBlockLocationProtocolServerSideTranslatorPB.java:153)
	at org.apache.hadoop.ozone.protocolPB.ScmBlockLocationProtocolServerSideTranslatorPB.send(ScmBlockLocationProtocolServerSideTranslatorPB.java:112)
	at org.apache.hadoop.hdds.protocol.proto.ScmBlockLocationProtocolProtos$ScmBlockLocationProtocolService$2.callBlockingMethod(ScmBlockLocationProtocolProtos.java:13157)
	at org.apache.hadoop.ipc.ProtobufRpcEngine$Server$ProtoBufRpcInvoker.call(ProtobufRpcEngine.java:524)
	at org.apache.hadoop.ipc.RPC$Server.call(RPC.java:1025)
	at org.apache.hadoop.ipc.Server$RpcCall.run(Server.java:876)
	at org.apache.hadoop.ipc.Server$RpcCall.run(Server.java:822)
	at java.security.AccessController.doPrivileged(Native Method)
	at javax.security.auth.Subject.doAs(Subject.java:422)
	at org.apache.hadoop.security.UserGroupInformation.doAs(UserGroupInformation.java:1730)
	at org.apache.hadoop.ipc.Server$Handler.run(Server.java:2682)
2019-09-19 17:00:29,137 [IPC Server handler 13 on 44142] ERROR pipeline.PipelinePlacementPolicy (PipelinePlacementPolicy.java:meetCriteria(91)) - Pipeline Placement: Doesn't meet the criteria to be viable node. Heaviness: 6
2019-09-19 17:00:29,137 [IPC Server handler 13 on 44142] ERROR pipeline.PipelinePlacementPolicy (PipelinePlacementPolicy.java:meetCriteria(91)) - Pipeline Placement: Doesn't meet the criteria to be viable node. Heaviness: 6
2019-09-19 17:00:29,137 [IPC Server handler 13 on 44142] ERROR pipeline.PipelinePlacementPolicy (PipelinePlacementPolicy.java:meetCriteria(91)) - Pipeline Placement: Doesn't meet the criteria to be viable node. Heaviness: 6
2019-09-19 17:00:29,138 [IPC Server handler 13 on 44142] ERROR pipeline.PipelinePlacementPolicy (PipelinePlacementPolicy.java:meetCriteria(91)) - Pipeline Placement: Doesn't meet the criteria to be viable node. Heaviness: 6
2019-09-19 17:00:29,138 [IPC Server handler 13 on 44142] ERROR pipeline.PipelinePlacementPolicy (PipelinePlacementPolicy.java:meetCriteria(91)) - Pipeline Placement: Doesn't meet the criteria to be viable node. Heaviness: 6
2019-09-19 17:00:29,138 [IPC Server handler 13 on 44142] ERROR pipeline.PipelinePlacementPolicy (PipelinePlacementPolicy.java:filterViableNodes(146)) - Unable to find enough nodes that meet the criteria that cannot engage in more than 5 pipelines. Nodes required: 3 Found: 0, healthy nodes count inNodeManager: 5.
2019-09-19 17:00:29,138 [IPC Server handler 13 on 44142] ERROR pipeline.SCMPipelineManager (SCMPipelineManager.java:createPipeline(161)) - Pipeline creation failed due to exception: Unable to find enough nodes that meet the criteria that cannot engage in more than 5 pipelines. Nodes required: 3 Found: 0, healthy nodes count inNodeManager: 5.
2019-09-19 17:00:29,138 [IPC Server handler 13 on 44142] WARN  block.BlockManagerImpl (BlockManagerImpl.java:allocateBlock(192)) - Pipeline creation failed for type:RATIS factor:THREE. Retrying get pipelines call once.
org.apache.hadoop.hdds.scm.exceptions.SCMException: Unable to find enough nodes that meet the criteria that cannot engage in more than 5 pipelines. Nodes required: 3 Found: 0, healthy nodes count inNodeManager: 5.
	at org.apache.hadoop.hdds.scm.pipeline.PipelinePlacementPolicy.filterViableNodes(PipelinePlacementPolicy.java:147)
	at org.apache.hadoop.hdds.scm.pipeline.PipelinePlacementPolicy.chooseDatanodes(PipelinePlacementPolicy.java:170)
	at org.apache.hadoop.hdds.scm.pipeline.RatisPipelineProvider.create(RatisPipelineProvider.java:92)
	at org.apache.hadoop.hdds.scm.pipeline.PipelineFactory.create(PipelineFactory.java:57)
	at org.apache.hadoop.hdds.scm.pipeline.SCMPipelineManager.createPipeline(SCMPipelineManager.java:149)
	at org.apache.hadoop.hdds.scm.block.BlockManagerImpl.allocateBlock(BlockManagerImpl.java:190)
	at org.apache.hadoop.hdds.scm.server.SCMBlockProtocolServer.allocateBlock(SCMBlockProtocolServer.java:175)
	at org.apache.hadoop.ozone.protocolPB.ScmBlockLocationProtocolServerSideTranslatorPB.allocateScmBlock(ScmBlockLocationProtocolServerSideTranslatorPB.java:153)
	at org.apache.hadoop.ozone.protocolPB.ScmBlockLocationProtocolServerSideTranslatorPB.send(ScmBlockLocationProtocolServerSideTranslatorPB.java:112)
	at org.apache.hadoop.hdds.protocol.proto.ScmBlockLocationProtocolProtos$ScmBlockLocationProtocolService$2.callBlockingMethod(ScmBlockLocationProtocolProtos.java:13157)
	at org.apache.hadoop.ipc.ProtobufRpcEngine$Server$ProtoBufRpcInvoker.call(ProtobufRpcEngine.java:524)
	at org.apache.hadoop.ipc.RPC$Server.call(RPC.java:1025)
	at org.apache.hadoop.ipc.Server$RpcCall.run(Server.java:876)
	at org.apache.hadoop.ipc.Server$RpcCall.run(Server.java:822)
	at java.security.AccessController.doPrivileged(Native Method)
	at javax.security.auth.Subject.doAs(Subject.java:422)
	at org.apache.hadoop.security.UserGroupInformation.doAs(UserGroupInformation.java:1730)
	at org.apache.hadoop.ipc.Server$Handler.run(Server.java:2682)
2019-09-19 17:00:29,138 [IPC Server handler 17 on 44142] ERROR pipeline.PipelinePlacementPolicy (PipelinePlacementPolicy.java:meetCriteria(91)) - Pipeline Placement: Doesn't meet the criteria to be viable node. Heaviness: 6
2019-09-19 17:00:29,139 [IPC Server handler 17 on 44142] ERROR pipeline.PipelinePlacementPolicy (PipelinePlacementPolicy.java:meetCriteria(91)) - Pipeline Placement: Doesn't meet the criteria to be viable node. Heaviness: 6
2019-09-19 17:00:29,139 [IPC Server handler 17 on 44142] ERROR pipeline.PipelinePlacementPolicy (PipelinePlacementPolicy.java:meetCriteria(91)) - Pipeline Placement: Doesn't meet the criteria to be viable node. Heaviness: 6
2019-09-19 17:00:29,140 [IPC Server handler 17 on 44142] ERROR pipeline.PipelinePlacementPolicy (PipelinePlacementPolicy.java:meetCriteria(91)) - Pipeline Placement: Doesn't meet the criteria to be viable node. Heaviness: 6
2019-09-19 17:00:29,140 [IPC Server handler 17 on 44142] ERROR pipeline.PipelinePlacementPolicy (PipelinePlacementPolicy.java:meetCriteria(91)) - Pipeline Placement: Doesn't meet the criteria to be viable node. Heaviness: 6
2019-09-19 17:00:29,140 [IPC Server handler 17 on 44142] ERROR pipeline.PipelinePlacementPolicy (PipelinePlacementPolicy.java:filterViableNodes(146)) - Unable to find enough nodes that meet the criteria that cannot engage in more than 5 pipelines. Nodes required: 3 Found: 0, healthy nodes count inNodeManager: 5.
2019-09-19 17:00:29,140 [IPC Server handler 17 on 44142] ERROR pipeline.SCMPipelineManager (SCMPipelineManager.java:createPipeline(161)) - Pipeline creation failed due to exception: Unable to find enough nodes that meet the criteria that cannot engage in more than 5 pipelines. Nodes required: 3 Found: 0, healthy nodes count inNodeManager: 5.
2019-09-19 17:00:29,140 [IPC Server handler 17 on 44142] WARN  block.BlockManagerImpl (BlockManagerImpl.java:allocateBlock(192)) - Pipeline creation failed for type:RATIS factor:THREE. Retrying get pipelines call once.
org.apache.hadoop.hdds.scm.exceptions.SCMException: Unable to find enough nodes that meet the criteria that cannot engage in more than 5 pipelines. Nodes required: 3 Found: 0, healthy nodes count inNodeManager: 5.
	at org.apache.hadoop.hdds.scm.pipeline.PipelinePlacementPolicy.filterViableNodes(PipelinePlacementPolicy.java:147)
	at org.apache.hadoop.hdds.scm.pipeline.PipelinePlacementPolicy.chooseDatanodes(PipelinePlacementPolicy.java:170)
	at org.apache.hadoop.hdds.scm.pipeline.RatisPipelineProvider.create(RatisPipelineProvider.java:92)
	at org.apache.hadoop.hdds.scm.pipeline.PipelineFactory.create(PipelineFactory.java:57)
	at org.apache.hadoop.hdds.scm.pipeline.SCMPipelineManager.createPipeline(SCMPipelineManager.java:149)
	at org.apache.hadoop.hdds.scm.block.BlockManagerImpl.allocateBlock(BlockManagerImpl.java:190)
	at org.apache.hadoop.hdds.scm.server.SCMBlockProtocolServer.allocateBlock(SCMBlockProtocolServer.java:175)
	at org.apache.hadoop.ozone.protocolPB.ScmBlockLocationProtocolServerSideTranslatorPB.allocateScmBlock(ScmBlockLocationProtocolServerSideTranslatorPB.java:153)
	at org.apache.hadoop.ozone.protocolPB.ScmBlockLocationProtocolServerSideTranslatorPB.send(ScmBlockLocationProtocolServerSideTranslatorPB.java:112)
	at org.apache.hadoop.hdds.protocol.proto.ScmBlockLocationProtocolProtos$ScmBlockLocationProtocolService$2.callBlockingMethod(ScmBlockLocationProtocolProtos.java:13157)
	at org.apache.hadoop.ipc.ProtobufRpcEngine$Server$ProtoBufRpcInvoker.call(ProtobufRpcEngine.java:524)
	at org.apache.hadoop.ipc.RPC$Server.call(RPC.java:1025)
	at org.apache.hadoop.ipc.Server$RpcCall.run(Server.java:876)
	at org.apache.hadoop.ipc.Server$RpcCall.run(Server.java:822)
	at java.security.AccessController.doPrivileged(Native Method)
	at javax.security.auth.Subject.doAs(Subject.java:422)
	at org.apache.hadoop.security.UserGroupInformation.doAs(UserGroupInformation.java:1730)
	at org.apache.hadoop.ipc.Server$Handler.run(Server.java:2682)
2019-09-19 17:00:29,140 [IPC Server handler 15 on 44142] ERROR pipeline.PipelinePlacementPolicy (PipelinePlacementPolicy.java:meetCriteria(91)) - Pipeline Placement: Doesn't meet the criteria to be viable node. Heaviness: 6
2019-09-19 17:00:29,141 [IPC Server handler 15 on 44142] ERROR pipeline.PipelinePlacementPolicy (PipelinePlacementPolicy.java:meetCriteria(91)) - Pipeline Placement: Doesn't meet the criteria to be viable node. Heaviness: 6
2019-09-19 17:00:29,141 [IPC Server handler 15 on 44142] ERROR pipeline.PipelinePlacementPolicy (PipelinePlacementPolicy.java:meetCriteria(91)) - Pipeline Placement: Doesn't meet the criteria to be viable node. Heaviness: 6
2019-09-19 17:00:29,141 [IPC Server handler 15 on 44142] ERROR pipeline.PipelinePlacementPolicy (PipelinePlacementPolicy.java:meetCriteria(91)) - Pipeline Placement: Doesn't meet the criteria to be viable node. Heaviness: 6
2019-09-19 17:00:29,142 [IPC Server handler 15 on 44142] ERROR pipeline.PipelinePlacementPolicy (PipelinePlacementPolicy.java:meetCriteria(91)) - Pipeline Placement: Doesn't meet the criteria to be viable node. Heaviness: 6
2019-09-19 17:00:29,142 [IPC Server handler 15 on 44142] ERROR pipeline.PipelinePlacementPolicy (PipelinePlacementPolicy.java:filterViableNodes(146)) - Unable to find enough nodes that meet the criteria that cannot engage in more than 5 pipelines. Nodes required: 3 Found: 0, healthy nodes count inNodeManager: 5.
2019-09-19 17:00:29,142 [IPC Server handler 15 on 44142] ERROR pipeline.SCMPipelineManager (SCMPipelineManager.java:createPipeline(161)) - Pipeline creation failed due to exception: Unable to find enough nodes that meet the criteria that cannot engage in more than 5 pipelines. Nodes required: 3 Found: 0, healthy nodes count inNodeManager: 5.
2019-09-19 17:00:29,142 [IPC Server handler 15 on 44142] WARN  block.BlockManagerImpl (BlockManagerImpl.java:allocateBlock(192)) - Pipeline creation failed for type:RATIS factor:THREE. Retrying get pipelines call once.
org.apache.hadoop.hdds.scm.exceptions.SCMException: Unable to find enough nodes that meet the criteria that cannot engage in more than 5 pipelines. Nodes required: 3 Found: 0, healthy nodes count inNodeManager: 5.
	at org.apache.hadoop.hdds.scm.pipeline.PipelinePlacementPolicy.filterViableNodes(PipelinePlacementPolicy.java:147)
	at org.apache.hadoop.hdds.scm.pipeline.PipelinePlacementPolicy.chooseDatanodes(PipelinePlacementPolicy.java:170)
	at org.apache.hadoop.hdds.scm.pipeline.RatisPipelineProvider.create(RatisPipelineProvider.java:92)
	at org.apache.hadoop.hdds.scm.pipeline.PipelineFactory.create(PipelineFactory.java:57)
	at org.apache.hadoop.hdds.scm.pipeline.SCMPipelineManager.createPipeline(SCMPipelineManager.java:149)
	at org.apache.hadoop.hdds.scm.block.BlockManagerImpl.allocateBlock(BlockManagerImpl.java:190)
	at org.apache.hadoop.hdds.scm.server.SCMBlockProtocolServer.allocateBlock(SCMBlockProtocolServer.java:175)
	at org.apache.hadoop.ozone.protocolPB.ScmBlockLocationProtocolServerSideTranslatorPB.allocateScmBlock(ScmBlockLocationProtocolServerSideTranslatorPB.java:153)
	at org.apache.hadoop.ozone.protocolPB.ScmBlockLocationProtocolServerSideTranslatorPB.send(ScmBlockLocationProtocolServerSideTranslatorPB.java:112)
	at org.apache.hadoop.hdds.protocol.proto.ScmBlockLocationProtocolProtos$ScmBlockLocationProtocolService$2.callBlockingMethod(ScmBlockLocationProtocolProtos.java:13157)
	at org.apache.hadoop.ipc.ProtobufRpcEngine$Server$ProtoBufRpcInvoker.call(ProtobufRpcEngine.java:524)
	at org.apache.hadoop.ipc.RPC$Server.call(RPC.java:1025)
	at org.apache.hadoop.ipc.Server$RpcCall.run(Server.java:876)
	at org.apache.hadoop.ipc.Server$RpcCall.run(Server.java:822)
	at java.security.AccessController.doPrivileged(Native Method)
	at javax.security.auth.Subject.doAs(Subject.java:422)
	at org.apache.hadoop.security.UserGroupInformation.doAs(UserGroupInformation.java:1730)
	at org.apache.hadoop.ipc.Server$Handler.run(Server.java:2682)
2019-09-19 17:00:29,143 [IPC Server handler 8 on 44142] ERROR pipeline.PipelinePlacementPolicy (PipelinePlacementPolicy.java:meetCriteria(91)) - Pipeline Placement: Doesn't meet the criteria to be viable node. Heaviness: 6
2019-09-19 17:00:29,143 [IPC Server handler 8 on 44142] ERROR pipeline.PipelinePlacementPolicy (PipelinePlacementPolicy.java:meetCriteria(91)) - Pipeline Placement: Doesn't meet the criteria to be viable node. Heaviness: 6
2019-09-19 17:00:29,143 [IPC Server handler 8 on 44142] ERROR pipeline.PipelinePlacementPolicy (PipelinePlacementPolicy.java:meetCriteria(91)) - Pipeline Placement: Doesn't meet the criteria to be viable node. Heaviness: 6
2019-09-19 17:00:29,143 [IPC Server handler 8 on 44142] ERROR pipeline.PipelinePlacementPolicy (PipelinePlacementPolicy.java:meetCriteria(91)) - Pipeline Placement: Doesn't meet the criteria to be viable node. Heaviness: 6
2019-09-19 17:00:29,144 [IPC Server handler 8 on 44142] ERROR pipeline.PipelinePlacementPolicy (PipelinePlacementPolicy.java:meetCriteria(91)) - Pipeline Placement: Doesn't meet the criteria to be viable node. Heaviness: 6
2019-09-19 17:00:29,143 [IPC Server handler 13 on 44142] INFO  block.BlockManagerImpl (BlockManagerImpl.java:allocateBlock(198)) - Could not find available pipeline of type:RATIS and factor:THREE even after retrying
2019-09-19 17:00:29,143 [IPC Server handler 17 on 44142] INFO  block.BlockManagerImpl (BlockManagerImpl.java:allocateBlock(198)) - Could not find available pipeline of type:RATIS and factor:THREE even after retrying
2019-09-19 17:00:29,142 [IPC Server handler 16 on 44142] INFO  block.BlockManagerImpl (BlockManagerImpl.java:allocateBlock(198)) - Could not find available pipeline of type:RATIS and factor:THREE even after retrying
2019-09-19 17:00:29,144 [IPC Server handler 17 on 44142] ERROR block.BlockManagerImpl (BlockManagerImpl.java:allocateBlock(222)) - Unable to allocate a block for the size: 4194304, type: RATIS, factor: THREE
2019-09-19 17:00:29,144 [IPC Server handler 13 on 44142] ERROR block.BlockManagerImpl (BlockManagerImpl.java:allocateBlock(222)) - Unable to allocate a block for the size: 4194304, type: RATIS, factor: THREE
2019-09-19 17:00:29,145 | INFO  | SCMAudit | user=jenkins1000 | ip=192.168.157.226 | op=ALLOCATE_BLOCK {owner=9a97ed38-b8e3-4481-8543-860f95d8c111, size=4194304, type=RATIS, factor=THREE} | ret=SUCCESS |  
2019-09-19 17:00:29,144 [IPC Server handler 8 on 44142] ERROR pipeline.PipelinePlacementPolicy (PipelinePlacementPolicy.java:filterViableNodes(146)) - Unable to find enough nodes that meet the criteria that cannot engage in more than 5 pipelines. Nodes required: 3 Found: 0, healthy nodes count inNodeManager: 5.
2019-09-19 17:00:29,145 | INFO  | SCMAudit | user=jenkins1000 | ip=192.168.157.226 | op=ALLOCATE_BLOCK {owner=9a97ed38-b8e3-4481-8543-860f95d8c111, size=4194304, type=RATIS, factor=THREE} | ret=SUCCESS |  
2019-09-19 17:00:29,144 [IPC Server handler 16 on 44142] ERROR block.BlockManagerImpl (BlockManagerImpl.java:allocateBlock(222)) - Unable to allocate a block for the size: 4194304, type: RATIS, factor: THREE
2019-09-19 17:00:29,145 [IPC Server handler 8 on 44142] ERROR pipeline.SCMPipelineManager (SCMPipelineManager.java:createPipeline(161)) - Pipeline creation failed due to exception: Unable to find enough nodes that meet the criteria that cannot engage in more than 5 pipelines. Nodes required: 3 Found: 0, healthy nodes count inNodeManager: 5.
2019-09-19 17:00:29,145 | INFO  | SCMAudit | user=jenkins1000 | ip=192.168.157.226 | op=ALLOCATE_BLOCK {owner=9a97ed38-b8e3-4481-8543-860f95d8c111, size=4194304, type=RATIS, factor=THREE} | ret=SUCCESS |  
2019-09-19 17:00:29,147 [IPC Server handler 8 on 44142] WARN  block.BlockManagerImpl (BlockManagerImpl.java:allocateBlock(192)) - Pipeline creation failed for type:RATIS factor:THREE. Retrying get pipelines call once.
org.apache.hadoop.hdds.scm.exceptions.SCMException: Unable to find enough nodes that meet the criteria that cannot engage in more than 5 pipelines. Nodes required: 3 Found: 0, healthy nodes count inNodeManager: 5.
	at org.apache.hadoop.hdds.scm.pipeline.PipelinePlacementPolicy.filterViableNodes(PipelinePlacementPolicy.java:147)
	at org.apache.hadoop.hdds.scm.pipeline.PipelinePlacementPolicy.chooseDatanodes(PipelinePlacementPolicy.java:170)
	at org.apache.hadoop.hdds.scm.pipeline.RatisPipelineProvider.create(RatisPipelineProvider.java:92)
	at org.apache.hadoop.hdds.scm.pipeline.PipelineFactory.create(PipelineFactory.java:57)
	at org.apache.hadoop.hdds.scm.pipeline.SCMPipelineManager.createPipeline(SCMPipelineManager.java:149)
	at org.apache.hadoop.hdds.scm.block.BlockManagerImpl.allocateBlock(BlockManagerImpl.java:190)
	at org.apache.hadoop.hdds.scm.server.SCMBlockProtocolServer.allocateBlock(SCMBlockProtocolServer.java:175)
	at org.apache.hadoop.ozone.protocolPB.ScmBlockLocationProtocolServerSideTranslatorPB.allocateScmBlock(ScmBlockLocationProtocolServerSideTranslatorPB.java:153)
	at org.apache.hadoop.ozone.protocolPB.ScmBlockLocationProtocolServerSideTranslatorPB.send(ScmBlockLocationProtocolServerSideTranslatorPB.java:112)
	at org.apache.hadoop.hdds.protocol.proto.ScmBlockLocationProtocolProtos$ScmBlockLocationProtocolService$2.callBlockingMethod(ScmBlockLocationProtocolProtos.java:13157)
	at org.apache.hadoop.ipc.ProtobufRpcEngine$Server$ProtoBufRpcInvoker.call(ProtobufRpcEngine.java:524)
	at org.apache.hadoop.ipc.RPC$Server.call(RPC.java:1025)
	at org.apache.hadoop.ipc.Server$RpcCall.run(Server.java:876)
	at org.apache.hadoop.ipc.Server$RpcCall.run(Server.java:822)
	at java.security.AccessController.doPrivileged(Native Method)
	at javax.security.auth.Subject.doAs(Subject.java:422)
	at org.apache.hadoop.security.UserGroupInformation.doAs(UserGroupInformation.java:1730)
	at org.apache.hadoop.ipc.Server$Handler.run(Server.java:2682)
2019-09-19 17:00:29,147 [IPC Server handler 14 on 44142] ERROR pipeline.PipelinePlacementPolicy (PipelinePlacementPolicy.java:meetCriteria(91)) - Pipeline Placement: Doesn't meet the criteria to be viable node. Heaviness: 6
2019-09-19 17:00:29,147 | ERROR | OMAudit | user=jenkins1000 | ip=127.0.0.1 | op=ALLOCATE_KEY {volume=vol-1-86358, bucket=bucket-3-26426, key=key-0-71595, dataSize=10240, replicationType=RATIS, replicationFactor=THREE, keyLocationInfo=null} | ret=FAILURE | org.apache.hadoop.hdds.scm.exceptions.SCMException: Allocated 0 blocks. Requested 1 blocks
	at org.apache.hadoop.hdds.scm.protocolPB.ScmBlockLocationProtocolClientSideTranslatorPB.handleError(ScmBlockLocationProtocolClientSideTranslatorPB.java:118)
	at org.apache.hadoop.hdds.scm.protocolPB.ScmBlockLocationProtocolClientSideTranslatorPB.allocateBlock(ScmBlockLocationProtocolClientSideTranslatorPB.java:156) 
2019-09-19 17:00:29,147 | ERROR | OMAudit | user=jenkins1000 | ip=127.0.0.1 | op=ALLOCATE_KEY {volume=vol-1-86358, bucket=bucket-1-80619, key=key-0-25342, dataSize=10240, replicationType=RATIS, replicationFactor=THREE, keyLocationInfo=null} | ret=FAILURE | org.apache.hadoop.hdds.scm.exceptions.SCMException: Allocated 0 blocks. Requested 1 blocks
	at org.apache.hadoop.hdds.scm.protocolPB.ScmBlockLocationProtocolClientSideTranslatorPB.handleError(ScmBlockLocationProtocolClientSideTranslatorPB.java:118)
	at org.apache.hadoop.hdds.scm.protocolPB.ScmBlockLocationProtocolClientSideTranslatorPB.allocateBlock(ScmBlockLocationProtocolClientSideTranslatorPB.java:156) 
2019-09-19 17:00:29,155 [IPC Server handler 14 on 44142] ERROR pipeline.PipelinePlacementPolicy (PipelinePlacementPolicy.java:meetCriteria(91)) - Pipeline Placement: Doesn't meet the criteria to be viable node. Heaviness: 6
2019-09-19 17:00:29,155 | ERROR | OMAudit | user=jenkins1000 | ip=127.0.0.1 | op=ALLOCATE_KEY {volume=vol-1-86358, bucket=bucket-0-82479, key=key-0-38531, dataSize=10240, replicationType=RATIS, replicationFactor=THREE, keyLocationInfo=null} | ret=FAILURE | org.apache.hadoop.hdds.scm.exceptions.SCMException: Allocated 0 blocks. Requested 1 blocks
	at org.apache.hadoop.hdds.scm.protocolPB.ScmBlockLocationProtocolClientSideTranslatorPB.handleError(ScmBlockLocationProtocolClientSideTranslatorPB.java:118)
	at org.apache.hadoop.hdds.scm.protocolPB.ScmBlockLocationProtocolClientSideTranslatorPB.allocateBlock(ScmBlockLocationProtocolClientSideTranslatorPB.java:156) 
2019-09-19 17:00:29,156 [IPC Server handler 14 on 44142] ERROR pipeline.PipelinePlacementPolicy (PipelinePlacementPolicy.java:meetCriteria(91)) - Pipeline Placement: Doesn't meet the criteria to be viable node. Heaviness: 6
2019-09-19 17:00:29,147 [IPC Server handler 15 on 44142] INFO  block.BlockManagerImpl (BlockManagerImpl.java:allocateBlock(198)) - Could not find available pipeline of type:RATIS and factor:THREE even after retrying
2019-09-19 17:00:29,156 [pool-80-thread-10] ERROR freon.RandomKeyGenerator (RandomKeyGenerator.java:createKey(724)) - Exception while adding key: key-0-25342 in bucket: bucket-1-80619 of volume: vol-1-86358.
INTERNAL_ERROR org.apache.hadoop.ozone.om.exceptions.OMException: Allocated 0 blocks. Requested 1 blocks
	at org.apache.hadoop.ozone.om.protocolPB.OzoneManagerProtocolClientSideTranslatorPB.handleError(OzoneManagerProtocolClientSideTranslatorPB.java:725)
	at org.apache.hadoop.ozone.om.protocolPB.OzoneManagerProtocolClientSideTranslatorPB.openKey(OzoneManagerProtocolClientSideTranslatorPB.java:716)
	at org.apache.hadoop.ozone.client.rpc.RpcClient.createKey(RpcClient.java:615)
	at org.apache.hadoop.ozone.client.OzoneBucket.createKey(OzoneBucket.java:323)
	at org.apache.hadoop.ozone.freon.RandomKeyGenerator.createKey(RandomKeyGenerator.java:686)
	at org.apache.hadoop.ozone.freon.RandomKeyGenerator.access$1100(RandomKeyGenerator.java:87)
	at org.apache.hadoop.ozone.freon.RandomKeyGenerator$ObjectCreator.run(RandomKeyGenerator.java:606)
	at java.util.concurrent.Executors$RunnableAdapter.call(Executors.java:511)
	at java.util.concurrent.FutureTask.run(FutureTask.java:266)
	at java.util.concurrent.ThreadPoolExecutor.runWorker(ThreadPoolExecutor.java:1149)
	at java.util.concurrent.ThreadPoolExecutor$Worker.run(ThreadPoolExecutor.java:624)
	at java.lang.Thread.run(Thread.java:748)
2019-09-19 17:00:29,156 [IPC Server handler 14 on 44142] ERROR pipeline.PipelinePlacementPolicy (PipelinePlacementPolicy.java:meetCriteria(91)) - Pipeline Placement: Doesn't meet the criteria to be viable node. Heaviness: 6
2019-09-19 17:00:29,157 [IPC Server handler 14 on 44142] ERROR pipeline.PipelinePlacementPolicy (PipelinePlacementPolicy.java:meetCriteria(91)) - Pipeline Placement: Doesn't meet the criteria to be viable node. Heaviness: 6
2019-09-19 17:00:29,156 [pool-80-thread-6] ERROR freon.RandomKeyGenerator (RandomKeyGenerator.java:createKey(724)) - Exception while adding key: key-0-38531 in bucket: bucket-0-82479 of volume: vol-1-86358.
INTERNAL_ERROR org.apache.hadoop.ozone.om.exceptions.OMException: Allocated 0 blocks. Requested 1 blocks
	at org.apache.hadoop.ozone.om.protocolPB.OzoneManagerProtocolClientSideTranslatorPB.handleError(OzoneManagerProtocolClientSideTranslatorPB.java:725)
	at org.apache.hadoop.ozone.om.protocolPB.OzoneManagerProtocolClientSideTranslatorPB.openKey(OzoneManagerProtocolClientSideTranslatorPB.java:716)
	at org.apache.hadoop.ozone.client.rpc.RpcClient.createKey(RpcClient.java:615)
	at org.apache.hadoop.ozone.client.OzoneBucket.createKey(OzoneBucket.java:323)
	at org.apache.hadoop.ozone.freon.RandomKeyGenerator.createKey(RandomKeyGenerator.java:686)
	at org.apache.hadoop.ozone.freon.RandomKeyGenerator.access$1100(RandomKeyGenerator.java:87)
	at org.apache.hadoop.ozone.freon.RandomKeyGenerator$ObjectCreator.run(RandomKeyGenerator.java:606)
	at java.util.concurrent.Executors$RunnableAdapter.call(Executors.java:511)
	at java.util.concurrent.FutureTask.run(FutureTask.java:266)
	at java.util.concurrent.ThreadPoolExecutor.runWorker(ThreadPoolExecutor.java:1149)
	at java.util.concurrent.ThreadPoolExecutor$Worker.run(ThreadPoolExecutor.java:624)
	at java.lang.Thread.run(Thread.java:748)
2019-09-19 17:00:29,156 [pool-80-thread-5] ERROR freon.RandomKeyGenerator (RandomKeyGenerator.java:createKey(724)) - Exception while adding key: key-0-71595 in bucket: bucket-3-26426 of volume: vol-1-86358.
INTERNAL_ERROR org.apache.hadoop.ozone.om.exceptions.OMException: Allocated 0 blocks. Requested 1 blocks
	at org.apache.hadoop.ozone.om.protocolPB.OzoneManagerProtocolClientSideTranslatorPB.handleError(OzoneManagerProtocolClientSideTranslatorPB.java:725)
	at org.apache.hadoop.ozone.om.protocolPB.OzoneManagerProtocolClientSideTranslatorPB.openKey(OzoneManagerProtocolClientSideTranslatorPB.java:716)
	at org.apache.hadoop.ozone.client.rpc.RpcClient.createKey(RpcClient.java:615)
	at org.apache.hadoop.ozone.client.OzoneBucket.createKey(OzoneBucket.java:323)
	at org.apache.hadoop.ozone.freon.RandomKeyGenerator.createKey(RandomKeyGenerator.java:686)
	at org.apache.hadoop.ozone.freon.RandomKeyGenerator.access$1100(RandomKeyGenerator.java:87)
	at org.apache.hadoop.ozone.freon.RandomKeyGenerator$ObjectCreator.run(RandomKeyGenerator.java:606)
	at java.util.concurrent.Executors$RunnableAdapter.call(Executors.java:511)
	at java.util.concurrent.FutureTask.run(FutureTask.java:266)
	at java.util.concurrent.ThreadPoolExecutor.runWorker(ThreadPoolExecutor.java:1149)
	at java.util.concurrent.ThreadPoolExecutor$Worker.run(ThreadPoolExecutor.java:624)
	at java.lang.Thread.run(Thread.java:748)
2019-09-19 17:00:29,156 [IPC Server handler 15 on 44142] ERROR block.BlockManagerImpl (BlockManagerImpl.java:allocateBlock(222)) - Unable to allocate a block for the size: 4194304, type: RATIS, factor: THREE
2019-09-19 17:00:29,157 [IPC Server handler 14 on 44142] ERROR pipeline.PipelinePlacementPolicy (PipelinePlacementPolicy.java:filterViableNodes(146)) - Unable to find enough nodes that meet the criteria that cannot engage in more than 5 pipelines. Nodes required: 3 Found: 0, healthy nodes count inNodeManager: 5.
2019-09-19 17:00:29,158 | INFO  | SCMAudit | user=jenkins1000 | ip=192.168.157.226 | op=ALLOCATE_BLOCK {owner=9a97ed38-b8e3-4481-8543-860f95d8c111, size=4194304, type=RATIS, factor=THREE} | ret=SUCCESS |  
2019-09-19 17:00:29,158 [IPC Server handler 14 on 44142] ERROR pipeline.SCMPipelineManager (SCMPipelineManager.java:createPipeline(161)) - Pipeline creation failed due to exception: Unable to find enough nodes that meet the criteria that cannot engage in more than 5 pipelines. Nodes required: 3 Found: 0, healthy nodes count inNodeManager: 5.
2019-09-19 17:00:29,158 [IPC Server handler 14 on 44142] WARN  block.BlockManagerImpl (BlockManagerImpl.java:allocateBlock(192)) - Pipeline creation failed for type:RATIS factor:THREE. Retrying get pipelines call once.
org.apache.hadoop.hdds.scm.exceptions.SCMException: Unable to find enough nodes that meet the criteria that cannot engage in more than 5 pipelines. Nodes required: 3 Found: 0, healthy nodes count inNodeManager: 5.
	at org.apache.hadoop.hdds.scm.pipeline.PipelinePlacementPolicy.filterViableNodes(PipelinePlacementPolicy.java:147)
	at org.apache.hadoop.hdds.scm.pipeline.PipelinePlacementPolicy.chooseDatanodes(PipelinePlacementPolicy.java:170)
	at org.apache.hadoop.hdds.scm.pipeline.RatisPipelineProvider.create(RatisPipelineProvider.java:92)
	at org.apache.hadoop.hdds.scm.pipeline.PipelineFactory.create(PipelineFactory.java:57)
	at org.apache.hadoop.hdds.scm.pipeline.SCMPipelineManager.createPipeline(SCMPipelineManager.java:149)
	at org.apache.hadoop.hdds.scm.block.BlockManagerImpl.allocateBlock(BlockManagerImpl.java:190)
	at org.apache.hadoop.hdds.scm.server.SCMBlockProtocolServer.allocateBlock(SCMBlockProtocolServer.java:175)
	at org.apache.hadoop.ozone.protocolPB.ScmBlockLocationProtocolServerSideTranslatorPB.allocateScmBlock(ScmBlockLocationProtocolServerSideTranslatorPB.java:153)
	at org.apache.hadoop.ozone.protocolPB.ScmBlockLocationProtocolServerSideTranslatorPB.send(ScmBlockLocationProtocolServerSideTranslatorPB.java:112)
	at org.apache.hadoop.hdds.protocol.proto.ScmBlockLocationProtocolProtos$ScmBlockLocationProtocolService$2.callBlockingMethod(ScmBlockLocationProtocolProtos.java:13157)
	at org.apache.hadoop.ipc.ProtobufRpcEngine$Server$ProtoBufRpcInvoker.call(ProtobufRpcEngine.java:524)
	at org.apache.hadoop.ipc.RPC$Server.call(RPC.java:1025)
	at org.apache.hadoop.ipc.Server$RpcCall.run(Server.java:876)
	at org.apache.hadoop.ipc.Server$RpcCall.run(Server.java:822)
	at java.security.AccessController.doPrivileged(Native Method)
	at javax.security.auth.Subject.doAs(Subject.java:422)
	at org.apache.hadoop.security.UserGroupInformation.doAs(UserGroupInformation.java:1730)
	at org.apache.hadoop.ipc.Server$Handler.run(Server.java:2682)
2019-09-19 17:00:29,158 [IPC Server handler 12 on 44142] ERROR pipeline.PipelinePlacementPolicy (PipelinePlacementPolicy.java:meetCriteria(91)) - Pipeline Placement: Doesn't meet the criteria to be viable node. Heaviness: 6
2019-09-19 17:00:29,159 [IPC Server handler 12 on 44142] ERROR pipeline.PipelinePlacementPolicy (PipelinePlacementPolicy.java:meetCriteria(91)) - Pipeline Placement: Doesn't meet the criteria to be viable node. Heaviness: 6
2019-09-19 17:00:29,159 [IPC Server handler 12 on 44142] ERROR pipeline.PipelinePlacementPolicy (PipelinePlacementPolicy.java:meetCriteria(91)) - Pipeline Placement: Doesn't meet the criteria to be viable node. Heaviness: 6
2019-09-19 17:00:29,159 | ERROR | OMAudit | user=jenkins1000 | ip=127.0.0.1 | op=ALLOCATE_KEY {volume=vol-0-98863, bucket=bucket-3-65972, key=key-0-05545, dataSize=10240, replicationType=RATIS, replicationFactor=THREE, keyLocationInfo=null} | ret=FAILURE | org.apache.hadoop.hdds.scm.exceptions.SCMException: Allocated 0 blocks. Requested 1 blocks
	at org.apache.hadoop.hdds.scm.protocolPB.ScmBlockLocationProtocolClientSideTranslatorPB.handleError(ScmBlockLocationProtocolClientSideTranslatorPB.java:118)
	at org.apache.hadoop.hdds.scm.protocolPB.ScmBlockLocationProtocolClientSideTranslatorPB.allocateBlock(ScmBlockLocationProtocolClientSideTranslatorPB.java:156) 
2019-09-19 17:00:29,159 [IPC Server handler 12 on 44142] ERROR pipeline.PipelinePlacementPolicy (PipelinePlacementPolicy.java:meetCriteria(91)) - Pipeline Placement: Doesn't meet the criteria to be viable node. Heaviness: 6
2019-09-19 17:00:29,159 [IPC Server handler 12 on 44142] ERROR pipeline.PipelinePlacementPolicy (PipelinePlacementPolicy.java:meetCriteria(91)) - Pipeline Placement: Doesn't meet the criteria to be viable node. Heaviness: 6
2019-09-19 17:00:29,160 [IPC Server handler 12 on 44142] ERROR pipeline.PipelinePlacementPolicy (PipelinePlacementPolicy.java:filterViableNodes(146)) - Unable to find enough nodes that meet the criteria that cannot engage in more than 5 pipelines. Nodes required: 3 Found: 0, healthy nodes count inNodeManager: 5.
2019-09-19 17:00:29,160 [IPC Server handler 12 on 44142] ERROR pipeline.SCMPipelineManager (SCMPipelineManager.java:createPipeline(161)) - Pipeline creation failed due to exception: Unable to find enough nodes that meet the criteria that cannot engage in more than 5 pipelines. Nodes required: 3 Found: 0, healthy nodes count inNodeManager: 5.
2019-09-19 17:00:29,160 [pool-80-thread-8] ERROR freon.RandomKeyGenerator (RandomKeyGenerator.java:createKey(724)) - Exception while adding key: key-0-05545 in bucket: bucket-3-65972 of volume: vol-0-98863.
INTERNAL_ERROR org.apache.hadoop.ozone.om.exceptions.OMException: Allocated 0 blocks. Requested 1 blocks
	at org.apache.hadoop.ozone.om.protocolPB.OzoneManagerProtocolClientSideTranslatorPB.handleError(OzoneManagerProtocolClientSideTranslatorPB.java:725)
	at org.apache.hadoop.ozone.om.protocolPB.OzoneManagerProtocolClientSideTranslatorPB.openKey(OzoneManagerProtocolClientSideTranslatorPB.java:716)
	at org.apache.hadoop.ozone.client.rpc.RpcClient.createKey(RpcClient.java:615)
	at org.apache.hadoop.ozone.client.OzoneBucket.createKey(OzoneBucket.java:323)
	at org.apache.hadoop.ozone.freon.RandomKeyGenerator.createKey(RandomKeyGenerator.java:686)
	at org.apache.hadoop.ozone.freon.RandomKeyGenerator.access$1100(RandomKeyGenerator.java:87)
	at org.apache.hadoop.ozone.freon.RandomKeyGenerator$ObjectCreator.run(RandomKeyGenerator.java:606)
	at java.util.concurrent.Executors$RunnableAdapter.call(Executors.java:511)
	at java.util.concurrent.FutureTask.run(FutureTask.java:266)
	at java.util.concurrent.ThreadPoolExecutor.runWorker(ThreadPoolExecutor.java:1149)
	at java.util.concurrent.ThreadPoolExecutor$Worker.run(ThreadPoolExecutor.java:624)
	at java.lang.Thread.run(Thread.java:748)
2019-09-19 17:00:29,160 [IPC Server handler 7 on 44142] ERROR pipeline.PipelinePlacementPolicy (PipelinePlacementPolicy.java:meetCriteria(91)) - Pipeline Placement: Doesn't meet the criteria to be viable node. Heaviness: 6
2019-09-19 17:00:29,160 [IPC Server handler 7 on 44142] ERROR pipeline.PipelinePlacementPolicy (PipelinePlacementPolicy.java:meetCriteria(91)) - Pipeline Placement: Doesn't meet the criteria to be viable node. Heaviness: 6
2019-09-19 17:00:29,161 [IPC Server handler 7 on 44142] ERROR pipeline.PipelinePlacementPolicy (PipelinePlacementPolicy.java:meetCriteria(91)) - Pipeline Placement: Doesn't meet the criteria to be viable node. Heaviness: 6
2019-09-19 17:00:29,161 [IPC Server handler 7 on 44142] ERROR pipeline.PipelinePlacementPolicy (PipelinePlacementPolicy.java:meetCriteria(91)) - Pipeline Placement: Doesn't meet the criteria to be viable node. Heaviness: 6
2019-09-19 17:00:29,160 [IPC Server handler 14 on 44142] INFO  block.BlockManagerImpl (BlockManagerImpl.java:allocateBlock(198)) - Could not find available pipeline of type:RATIS and factor:THREE even after retrying
2019-09-19 17:00:29,161 [IPC Server handler 14 on 44142] ERROR block.BlockManagerImpl (BlockManagerImpl.java:allocateBlock(222)) - Unable to allocate a block for the size: 4194304, type: RATIS, factor: THREE
2019-09-19 17:00:29,160 [IPC Server handler 8 on 44142] INFO  block.BlockManagerImpl (BlockManagerImpl.java:allocateBlock(198)) - Could not find available pipeline of type:RATIS and factor:THREE even after retrying
2019-09-19 17:00:29,161 | INFO  | SCMAudit | user=jenkins1000 | ip=192.168.157.226 | op=ALLOCATE_BLOCK {owner=9a97ed38-b8e3-4481-8543-860f95d8c111, size=4194304, type=RATIS, factor=THREE} | ret=SUCCESS |  
2019-09-19 17:00:29,161 [IPC Server handler 8 on 44142] ERROR block.BlockManagerImpl (BlockManagerImpl.java:allocateBlock(222)) - Unable to allocate a block for the size: 4194304, type: RATIS, factor: THREE
2019-09-19 17:00:29,162 | INFO  | SCMAudit | user=jenkins1000 | ip=192.168.157.226 | op=ALLOCATE_BLOCK {owner=9a97ed38-b8e3-4481-8543-860f95d8c111, size=4194304, type=RATIS, factor=THREE} | ret=SUCCESS |  
2019-09-19 17:00:29,160 [IPC Server handler 12 on 44142] WARN  block.BlockManagerImpl (BlockManagerImpl.java:allocateBlock(192)) - Pipeline creation failed for type:RATIS factor:THREE. Retrying get pipelines call once.
org.apache.hadoop.hdds.scm.exceptions.SCMException: Unable to find enough nodes that meet the criteria that cannot engage in more than 5 pipelines. Nodes required: 3 Found: 0, healthy nodes count inNodeManager: 5.
	at org.apache.hadoop.hdds.scm.pipeline.PipelinePlacementPolicy.filterViableNodes(PipelinePlacementPolicy.java:147)
	at org.apache.hadoop.hdds.scm.pipeline.PipelinePlacementPolicy.chooseDatanodes(PipelinePlacementPolicy.java:170)
	at org.apache.hadoop.hdds.scm.pipeline.RatisPipelineProvider.create(RatisPipelineProvider.java:92)
	at org.apache.hadoop.hdds.scm.pipeline.PipelineFactory.create(PipelineFactory.java:57)
	at org.apache.hadoop.hdds.scm.pipeline.SCMPipelineManager.createPipeline(SCMPipelineManager.java:149)
	at org.apache.hadoop.hdds.scm.block.BlockManagerImpl.allocateBlock(BlockManagerImpl.java:190)
	at org.apache.hadoop.hdds.scm.server.SCMBlockProtocolServer.allocateBlock(SCMBlockProtocolServer.java:175)
	at org.apache.hadoop.ozone.protocolPB.ScmBlockLocationProtocolServerSideTranslatorPB.allocateScmBlock(ScmBlockLocationProtocolServerSideTranslatorPB.java:153)
	at org.apache.hadoop.ozone.protocolPB.ScmBlockLocationProtocolServerSideTranslatorPB.send(ScmBlockLocationProtocolServerSideTranslatorPB.java:112)
	at org.apache.hadoop.hdds.protocol.proto.ScmBlockLocationProtocolProtos$ScmBlockLocationProtocolService$2.callBlockingMethod(ScmBlockLocationProtocolProtos.java:13157)
	at org.apache.hadoop.ipc.ProtobufRpcEngine$Server$ProtoBufRpcInvoker.call(ProtobufRpcEngine.java:524)
	at org.apache.hadoop.ipc.RPC$Server.call(RPC.java:1025)
	at org.apache.hadoop.ipc.Server$RpcCall.run(Server.java:876)
	at org.apache.hadoop.ipc.Server$RpcCall.run(Server.java:822)
	at java.security.AccessController.doPrivileged(Native Method)
	at javax.security.auth.Subject.doAs(Subject.java:422)
	at org.apache.hadoop.security.UserGroupInformation.doAs(UserGroupInformation.java:1730)
	at org.apache.hadoop.ipc.Server$Handler.run(Server.java:2682)
2019-09-19 17:00:29,161 [IPC Server handler 7 on 44142] ERROR pipeline.PipelinePlacementPolicy (PipelinePlacementPolicy.java:meetCriteria(91)) - Pipeline Placement: Doesn't meet the criteria to be viable node. Heaviness: 6
2019-09-19 17:00:29,162 [IPC Server handler 7 on 44142] ERROR pipeline.PipelinePlacementPolicy (PipelinePlacementPolicy.java:filterViableNodes(146)) - Unable to find enough nodes that meet the criteria that cannot engage in more than 5 pipelines. Nodes required: 3 Found: 0, healthy nodes count inNodeManager: 5.
2019-09-19 17:00:29,165 [IPC Server handler 7 on 44142] ERROR pipeline.SCMPipelineManager (SCMPipelineManager.java:createPipeline(161)) - Pipeline creation failed due to exception: Unable to find enough nodes that meet the criteria that cannot engage in more than 5 pipelines. Nodes required: 3 Found: 0, healthy nodes count inNodeManager: 5.
2019-09-19 17:00:29,162 | ERROR | OMAudit | user=jenkins1000 | ip=127.0.0.1 | op=ALLOCATE_KEY {volume=vol-1-86358, bucket=bucket-2-89868, key=key-0-97355, dataSize=10240, replicationType=RATIS, replicationFactor=THREE, keyLocationInfo=null} | ret=FAILURE | org.apache.hadoop.hdds.scm.exceptions.SCMException: Allocated 0 blocks. Requested 1 blocks
	at org.apache.hadoop.hdds.scm.protocolPB.ScmBlockLocationProtocolClientSideTranslatorPB.handleError(ScmBlockLocationProtocolClientSideTranslatorPB.java:118)
	at org.apache.hadoop.hdds.scm.protocolPB.ScmBlockLocationProtocolClientSideTranslatorPB.allocateBlock(ScmBlockLocationProtocolClientSideTranslatorPB.java:156) 
2019-09-19 17:00:29,162 | ERROR | OMAudit | user=jenkins1000 | ip=127.0.0.1 | op=ALLOCATE_KEY {volume=vol-0-98863, bucket=bucket-4-95300, key=key-0-25020, dataSize=10240, replicationType=RATIS, replicationFactor=THREE, keyLocationInfo=null} | ret=FAILURE | org.apache.hadoop.hdds.scm.exceptions.SCMException: Allocated 0 blocks. Requested 1 blocks
	at org.apache.hadoop.hdds.scm.protocolPB.ScmBlockLocationProtocolClientSideTranslatorPB.handleError(ScmBlockLocationProtocolClientSideTranslatorPB.java:118)
	at org.apache.hadoop.hdds.scm.protocolPB.ScmBlockLocationProtocolClientSideTranslatorPB.allocateBlock(ScmBlockLocationProtocolClientSideTranslatorPB.java:156) 
2019-09-19 17:00:29,165 [IPC Server handler 7 on 44142] WARN  block.BlockManagerImpl (BlockManagerImpl.java:allocateBlock(192)) - Pipeline creation failed for type:RATIS factor:THREE. Retrying get pipelines call once.
org.apache.hadoop.hdds.scm.exceptions.SCMException: Unable to find enough nodes that meet the criteria that cannot engage in more than 5 pipelines. Nodes required: 3 Found: 0, healthy nodes count inNodeManager: 5.
	at org.apache.hadoop.hdds.scm.pipeline.PipelinePlacementPolicy.filterViableNodes(PipelinePlacementPolicy.java:147)
	at org.apache.hadoop.hdds.scm.pipeline.PipelinePlacementPolicy.chooseDatanodes(PipelinePlacementPolicy.java:170)
	at org.apache.hadoop.hdds.scm.pipeline.RatisPipelineProvider.create(RatisPipelineProvider.java:92)
	at org.apache.hadoop.hdds.scm.pipeline.PipelineFactory.create(PipelineFactory.java:57)
	at org.apache.hadoop.hdds.scm.pipeline.SCMPipelineManager.createPipeline(SCMPipelineManager.java:149)
	at org.apache.hadoop.hdds.scm.block.BlockManagerImpl.allocateBlock(BlockManagerImpl.java:190)
	at org.apache.hadoop.hdds.scm.server.SCMBlockProtocolServer.allocateBlock(SCMBlockProtocolServer.java:175)
	at org.apache.hadoop.ozone.protocolPB.ScmBlockLocationProtocolServerSideTranslatorPB.allocateScmBlock(ScmBlockLocationProtocolServerSideTranslatorPB.java:153)
	at org.apache.hadoop.ozone.protocolPB.ScmBlockLocationProtocolServerSideTranslatorPB.send(ScmBlockLocationProtocolServerSideTranslatorPB.java:112)
	at org.apache.hadoop.hdds.protocol.proto.ScmBlockLocationProtocolProtos$ScmBlockLocationProtocolService$2.callBlockingMethod(ScmBlockLocationProtocolProtos.java:13157)
	at org.apache.hadoop.ipc.ProtobufRpcEngine$Server$ProtoBufRpcInvoker.call(ProtobufRpcEngine.java:524)
	at org.apache.hadoop.ipc.RPC$Server.call(RPC.java:1025)
	at org.apache.hadoop.ipc.Server$RpcCall.run(Server.java:876)
	at org.apache.hadoop.ipc.Server$RpcCall.run(Server.java:822)
	at java.security.AccessController.doPrivileged(Native Method)
	at javax.security.auth.Subject.doAs(Subject.java:422)
	at org.apache.hadoop.security.UserGroupInformation.doAs(UserGroupInformation.java:1730)
	at org.apache.hadoop.ipc.Server$Handler.run(Server.java:2682)
2019-09-19 17:00:29,165 [IPC Server handler 10 on 44142] ERROR pipeline.PipelinePlacementPolicy (PipelinePlacementPolicy.java:meetCriteria(91)) - Pipeline Placement: Doesn't meet the criteria to be viable node. Heaviness: 6
2019-09-19 17:00:29,165 [pool-80-thread-7] ERROR freon.RandomKeyGenerator (RandomKeyGenerator.java:createKey(724)) - Exception while adding key: key-0-97355 in bucket: bucket-2-89868 of volume: vol-1-86358.
INTERNAL_ERROR org.apache.hadoop.ozone.om.exceptions.OMException: Allocated 0 blocks. Requested 1 blocks
	at org.apache.hadoop.ozone.om.protocolPB.OzoneManagerProtocolClientSideTranslatorPB.handleError(OzoneManagerProtocolClientSideTranslatorPB.java:725)
	at org.apache.hadoop.ozone.om.protocolPB.OzoneManagerProtocolClientSideTranslatorPB.openKey(OzoneManagerProtocolClientSideTranslatorPB.java:716)
	at org.apache.hadoop.ozone.client.rpc.RpcClient.createKey(RpcClient.java:615)
	at org.apache.hadoop.ozone.client.OzoneBucket.createKey(OzoneBucket.java:323)
	at org.apache.hadoop.ozone.freon.RandomKeyGenerator.createKey(RandomKeyGenerator.java:686)
	at org.apache.hadoop.ozone.freon.RandomKeyGenerator.access$1100(RandomKeyGenerator.java:87)
	at org.apache.hadoop.ozone.freon.RandomKeyGenerator$ObjectCreator.run(RandomKeyGenerator.java:606)
	at java.util.concurrent.Executors$RunnableAdapter.call(Executors.java:511)
	at java.util.concurrent.FutureTask.run(FutureTask.java:266)
	at java.util.concurrent.ThreadPoolExecutor.runWorker(ThreadPoolExecutor.java:1149)
	at java.util.concurrent.ThreadPoolExecutor$Worker.run(ThreadPoolExecutor.java:624)
	at java.lang.Thread.run(Thread.java:748)
2019-09-19 17:00:29,166 [pool-80-thread-2] ERROR freon.RandomKeyGenerator (RandomKeyGenerator.java:createKey(724)) - Exception while adding key: key-0-25020 in bucket: bucket-4-95300 of volume: vol-0-98863.
INTERNAL_ERROR org.apache.hadoop.ozone.om.exceptions.OMException: Allocated 0 blocks. Requested 1 blocks
	at org.apache.hadoop.ozone.om.protocolPB.OzoneManagerProtocolClientSideTranslatorPB.handleError(OzoneManagerProtocolClientSideTranslatorPB.java:725)
	at org.apache.hadoop.ozone.om.protocolPB.OzoneManagerProtocolClientSideTranslatorPB.openKey(OzoneManagerProtocolClientSideTranslatorPB.java:716)
	at org.apache.hadoop.ozone.client.rpc.RpcClient.createKey(RpcClient.java:615)
	at org.apache.hadoop.ozone.client.OzoneBucket.createKey(OzoneBucket.java:323)
	at org.apache.hadoop.ozone.freon.RandomKeyGenerator.createKey(RandomKeyGenerator.java:686)
	at org.apache.hadoop.ozone.freon.RandomKeyGenerator.access$1100(RandomKeyGenerator.java:87)
	at org.apache.hadoop.ozone.freon.RandomKeyGenerator$ObjectCreator.run(RandomKeyGenerator.java:606)
	at java.util.concurrent.Executors$RunnableAdapter.call(Executors.java:511)
	at java.util.concurrent.FutureTask.run(FutureTask.java:266)
	at java.util.concurrent.ThreadPoolExecutor.runWorker(ThreadPoolExecutor.java:1149)
	at java.util.concurrent.ThreadPoolExecutor$Worker.run(ThreadPoolExecutor.java:624)
	at java.lang.Thread.run(Thread.java:748)
2019-09-19 17:00:29,165 [IPC Server handler 10 on 44142] ERROR pipeline.PipelinePlacementPolicy (PipelinePlacementPolicy.java:meetCriteria(91)) - Pipeline Placement: Doesn't meet the criteria to be viable node. Heaviness: 6
2019-09-19 17:00:29,167 [IPC Server handler 10 on 44142] ERROR pipeline.PipelinePlacementPolicy (PipelinePlacementPolicy.java:meetCriteria(91)) - Pipeline Placement: Doesn't meet the criteria to be viable node. Heaviness: 6
2019-09-19 17:00:29,167 [IPC Server handler 10 on 44142] ERROR pipeline.PipelinePlacementPolicy (PipelinePlacementPolicy.java:meetCriteria(91)) - Pipeline Placement: Doesn't meet the criteria to be viable node. Heaviness: 6
2019-09-19 17:00:29,167 [IPC Server handler 10 on 44142] ERROR pipeline.PipelinePlacementPolicy (PipelinePlacementPolicy.java:meetCriteria(91)) - Pipeline Placement: Doesn't meet the criteria to be viable node. Heaviness: 6
2019-09-19 17:00:29,167 [IPC Server handler 10 on 44142] ERROR pipeline.PipelinePlacementPolicy (PipelinePlacementPolicy.java:filterViableNodes(146)) - Unable to find enough nodes that meet the criteria that cannot engage in more than 5 pipelines. Nodes required: 3 Found: 0, healthy nodes count inNodeManager: 5.
2019-09-19 17:00:29,167 [IPC Server handler 10 on 44142] ERROR pipeline.SCMPipelineManager (SCMPipelineManager.java:createPipeline(161)) - Pipeline creation failed due to exception: Unable to find enough nodes that meet the criteria that cannot engage in more than 5 pipelines. Nodes required: 3 Found: 0, healthy nodes count inNodeManager: 5.
2019-09-19 17:00:29,168 [IPC Server handler 10 on 44142] WARN  block.BlockManagerImpl (BlockManagerImpl.java:allocateBlock(192)) - Pipeline creation failed for type:RATIS factor:THREE. Retrying get pipelines call once.
org.apache.hadoop.hdds.scm.exceptions.SCMException: Unable to find enough nodes that meet the criteria that cannot engage in more than 5 pipelines. Nodes required: 3 Found: 0, healthy nodes count inNodeManager: 5.
	at org.apache.hadoop.hdds.scm.pipeline.PipelinePlacementPolicy.filterViableNodes(PipelinePlacementPolicy.java:147)
	at org.apache.hadoop.hdds.scm.pipeline.PipelinePlacementPolicy.chooseDatanodes(PipelinePlacementPolicy.java:170)
	at org.apache.hadoop.hdds.scm.pipeline.RatisPipelineProvider.create(RatisPipelineProvider.java:92)
	at org.apache.hadoop.hdds.scm.pipeline.PipelineFactory.create(PipelineFactory.java:57)
	at org.apache.hadoop.hdds.scm.pipeline.SCMPipelineManager.createPipeline(SCMPipelineManager.java:149)
	at org.apache.hadoop.hdds.scm.block.BlockManagerImpl.allocateBlock(BlockManagerImpl.java:190)
	at org.apache.hadoop.hdds.scm.server.SCMBlockProtocolServer.allocateBlock(SCMBlockProtocolServer.java:175)
	at org.apache.hadoop.ozone.protocolPB.ScmBlockLocationProtocolServerSideTranslatorPB.allocateScmBlock(ScmBlockLocationProtocolServerSideTranslatorPB.java:153)
	at org.apache.hadoop.ozone.protocolPB.ScmBlockLocationProtocolServerSideTranslatorPB.send(ScmBlockLocationProtocolServerSideTranslatorPB.java:112)
	at org.apache.hadoop.hdds.protocol.proto.ScmBlockLocationProtocolProtos$ScmBlockLocationProtocolService$2.callBlockingMethod(ScmBlockLocationProtocolProtos.java:13157)
	at org.apache.hadoop.ipc.ProtobufRpcEngine$Server$ProtoBufRpcInvoker.call(ProtobufRpcEngine.java:524)
	at org.apache.hadoop.ipc.RPC$Server.call(RPC.java:1025)
	at org.apache.hadoop.ipc.Server$RpcCall.run(Server.java:876)
	at org.apache.hadoop.ipc.Server$RpcCall.run(Server.java:822)
	at java.security.AccessController.doPrivileged(Native Method)
	at javax.security.auth.Subject.doAs(Subject.java:422)
	at org.apache.hadoop.security.UserGroupInformation.doAs(UserGroupInformation.java:1730)
	at org.apache.hadoop.ipc.Server$Handler.run(Server.java:2682)
2019-09-19 17:00:29,168 [IPC Server handler 5 on 44142] ERROR pipeline.PipelinePlacementPolicy (PipelinePlacementPolicy.java:meetCriteria(91)) - Pipeline Placement: Doesn't meet the criteria to be viable node. Heaviness: 6
2019-09-19 17:00:29,168 [IPC Server handler 5 on 44142] ERROR pipeline.PipelinePlacementPolicy (PipelinePlacementPolicy.java:meetCriteria(91)) - Pipeline Placement: Doesn't meet the criteria to be viable node. Heaviness: 6
2019-09-19 17:00:29,168 [IPC Server handler 5 on 44142] ERROR pipeline.PipelinePlacementPolicy (PipelinePlacementPolicy.java:meetCriteria(91)) - Pipeline Placement: Doesn't meet the criteria to be viable node. Heaviness: 6
2019-09-19 17:00:29,168 [IPC Server handler 5 on 44142] ERROR pipeline.PipelinePlacementPolicy (PipelinePlacementPolicy.java:meetCriteria(91)) - Pipeline Placement: Doesn't meet the criteria to be viable node. Heaviness: 6
2019-09-19 17:00:29,169 [IPC Server handler 5 on 44142] ERROR pipeline.PipelinePlacementPolicy (PipelinePlacementPolicy.java:meetCriteria(91)) - Pipeline Placement: Doesn't meet the criteria to be viable node. Heaviness: 6
2019-09-19 17:00:29,169 [IPC Server handler 5 on 44142] ERROR pipeline.PipelinePlacementPolicy (PipelinePlacementPolicy.java:filterViableNodes(146)) - Unable to find enough nodes that meet the criteria that cannot engage in more than 5 pipelines. Nodes required: 3 Found: 0, healthy nodes count inNodeManager: 5.
2019-09-19 17:00:29,169 [IPC Server handler 5 on 44142] ERROR pipeline.SCMPipelineManager (SCMPipelineManager.java:createPipeline(161)) - Pipeline creation failed due to exception: Unable to find enough nodes that meet the criteria that cannot engage in more than 5 pipelines. Nodes required: 3 Found: 0, healthy nodes count inNodeManager: 5.
2019-09-19 17:00:29,169 [IPC Server handler 5 on 44142] WARN  block.BlockManagerImpl (BlockManagerImpl.java:allocateBlock(192)) - Pipeline creation failed for type:RATIS factor:THREE. Retrying get pipelines call once.
org.apache.hadoop.hdds.scm.exceptions.SCMException: Unable to find enough nodes that meet the criteria that cannot engage in more than 5 pipelines. Nodes required: 3 Found: 0, healthy nodes count inNodeManager: 5.
	at org.apache.hadoop.hdds.scm.pipeline.PipelinePlacementPolicy.filterViableNodes(PipelinePlacementPolicy.java:147)
	at org.apache.hadoop.hdds.scm.pipeline.PipelinePlacementPolicy.chooseDatanodes(PipelinePlacementPolicy.java:170)
	at org.apache.hadoop.hdds.scm.pipeline.RatisPipelineProvider.create(RatisPipelineProvider.java:92)
	at org.apache.hadoop.hdds.scm.pipeline.PipelineFactory.create(PipelineFactory.java:57)
	at org.apache.hadoop.hdds.scm.pipeline.SCMPipelineManager.createPipeline(SCMPipelineManager.java:149)
	at org.apache.hadoop.hdds.scm.block.BlockManagerImpl.allocateBlock(BlockManagerImpl.java:190)
	at org.apache.hadoop.hdds.scm.server.SCMBlockProtocolServer.allocateBlock(SCMBlockProtocolServer.java:175)
	at org.apache.hadoop.ozone.protocolPB.ScmBlockLocationProtocolServerSideTranslatorPB.allocateScmBlock(ScmBlockLocationProtocolServerSideTranslatorPB.java:153)
	at org.apache.hadoop.ozone.protocolPB.ScmBlockLocationProtocolServerSideTranslatorPB.send(ScmBlockLocationProtocolServerSideTranslatorPB.java:112)
	at org.apache.hadoop.hdds.protocol.proto.ScmBlockLocationProtocolProtos$ScmBlockLocationProtocolService$2.callBlockingMethod(ScmBlockLocationProtocolProtos.java:13157)
	at org.apache.hadoop.ipc.ProtobufRpcEngine$Server$ProtoBufRpcInvoker.call(ProtobufRpcEngine.java:524)
	at org.apache.hadoop.ipc.RPC$Server.call(RPC.java:1025)
	at org.apache.hadoop.ipc.Server$RpcCall.run(Server.java:876)
	at org.apache.hadoop.ipc.Server$RpcCall.run(Server.java:822)
	at java.security.AccessController.doPrivileged(Native Method)
	at javax.security.auth.Subject.doAs(Subject.java:422)
	at org.apache.hadoop.security.UserGroupInformation.doAs(UserGroupInformation.java:1730)
	at org.apache.hadoop.ipc.Server$Handler.run(Server.java:2682)
2019-09-19 17:00:29,169 [IPC Server handler 7 on 44142] INFO  block.BlockManagerImpl (BlockManagerImpl.java:allocateBlock(198)) - Could not find available pipeline of type:RATIS and factor:THREE even after retrying
2019-09-19 17:00:29,169 [IPC Server handler 10 on 44142] INFO  block.BlockManagerImpl (BlockManagerImpl.java:allocateBlock(198)) - Could not find available pipeline of type:RATIS and factor:THREE even after retrying
2019-09-19 17:00:29,170 [IPC Server handler 10 on 44142] ERROR block.BlockManagerImpl (BlockManagerImpl.java:allocateBlock(222)) - Unable to allocate a block for the size: 4194304, type: RATIS, factor: THREE
2019-09-19 17:00:29,169 [IPC Server handler 12 on 44142] INFO  block.BlockManagerImpl (BlockManagerImpl.java:allocateBlock(198)) - Could not find available pipeline of type:RATIS and factor:THREE even after retrying
2019-09-19 17:00:29,170 | INFO  | SCMAudit | user=jenkins1000 | ip=192.168.157.226 | op=ALLOCATE_BLOCK {owner=9a97ed38-b8e3-4481-8543-860f95d8c111, size=4194304, type=RATIS, factor=THREE} | ret=SUCCESS |  
2019-09-19 17:00:29,170 [IPC Server handler 7 on 44142] ERROR block.BlockManagerImpl (BlockManagerImpl.java:allocateBlock(222)) - Unable to allocate a block for the size: 4194304, type: RATIS, factor: THREE
2019-09-19 17:00:29,169 [IPC Server handler 5 on 44142] INFO  block.BlockManagerImpl (BlockManagerImpl.java:allocateBlock(198)) - Could not find available pipeline of type:RATIS and factor:THREE even after retrying
2019-09-19 17:00:29,170 | INFO  | SCMAudit | user=jenkins1000 | ip=192.168.157.226 | op=ALLOCATE_BLOCK {owner=9a97ed38-b8e3-4481-8543-860f95d8c111, size=4194304, type=RATIS, factor=THREE} | ret=SUCCESS |  
2019-09-19 17:00:29,170 [IPC Server handler 12 on 44142] ERROR block.BlockManagerImpl (BlockManagerImpl.java:allocateBlock(222)) - Unable to allocate a block for the size: 4194304, type: RATIS, factor: THREE
2019-09-19 17:00:29,170 [IPC Server handler 5 on 44142] ERROR block.BlockManagerImpl (BlockManagerImpl.java:allocateBlock(222)) - Unable to allocate a block for the size: 4194304, type: RATIS, factor: THREE
2019-09-19 17:00:29,170 | INFO  | SCMAudit | user=jenkins1000 | ip=192.168.157.226 | op=ALLOCATE_BLOCK {owner=9a97ed38-b8e3-4481-8543-860f95d8c111, size=4194304, type=RATIS, factor=THREE} | ret=SUCCESS |  
2019-09-19 17:00:29,171 | INFO  | SCMAudit | user=jenkins1000 | ip=192.168.157.226 | op=ALLOCATE_BLOCK {owner=9a97ed38-b8e3-4481-8543-860f95d8c111, size=4194304, type=RATIS, factor=THREE} | ret=SUCCESS |  
2019-09-19 17:00:29,171 | ERROR | OMAudit | user=jenkins1000 | ip=127.0.0.1 | op=ALLOCATE_KEY {volume=vol-0-98863, bucket=bucket-2-30672, key=key-0-68572, dataSize=10240, replicationType=RATIS, replicationFactor=THREE, keyLocationInfo=null} | ret=FAILURE | org.apache.hadoop.hdds.scm.exceptions.SCMException: Allocated 0 blocks. Requested 1 blocks
	at org.apache.hadoop.hdds.scm.protocolPB.ScmBlockLocationProtocolClientSideTranslatorPB.handleError(ScmBlockLocationProtocolClientSideTranslatorPB.java:118)
	at org.apache.hadoop.hdds.scm.protocolPB.ScmBlockLocationProtocolClientSideTranslatorPB.allocateBlock(ScmBlockLocationProtocolClientSideTranslatorPB.java:156) 
2019-09-19 17:00:29,171 | ERROR | OMAudit | user=jenkins1000 | ip=127.0.0.1 | op=ALLOCATE_KEY {volume=vol-0-98863, bucket=bucket-0-38722, key=key-0-41518, dataSize=10240, replicationType=RATIS, replicationFactor=THREE, keyLocationInfo=null} | ret=FAILURE | org.apache.hadoop.hdds.scm.exceptions.SCMException: Allocated 0 blocks. Requested 1 blocks
	at org.apache.hadoop.hdds.scm.protocolPB.ScmBlockLocationProtocolClientSideTranslatorPB.handleError(ScmBlockLocationProtocolClientSideTranslatorPB.java:118)
	at org.apache.hadoop.hdds.scm.protocolPB.ScmBlockLocationProtocolClientSideTranslatorPB.allocateBlock(ScmBlockLocationProtocolClientSideTranslatorPB.java:156) 
2019-09-19 17:00:29,173 | ERROR | OMAudit | user=jenkins1000 | ip=127.0.0.1 | op=ALLOCATE_KEY {volume=vol-0-98863, bucket=bucket-1-04536, key=key-0-97196, dataSize=10240, replicationType=RATIS, replicationFactor=THREE, keyLocationInfo=null} | ret=FAILURE | org.apache.hadoop.hdds.scm.exceptions.SCMException: Allocated 0 blocks. Requested 1 blocks
	at org.apache.hadoop.hdds.scm.protocolPB.ScmBlockLocationProtocolClientSideTranslatorPB.handleError(ScmBlockLocationProtocolClientSideTranslatorPB.java:118)
	at org.apache.hadoop.hdds.scm.protocolPB.ScmBlockLocationProtocolClientSideTranslatorPB.allocateBlock(ScmBlockLocationProtocolClientSideTranslatorPB.java:156) 
2019-09-19 17:00:29,173 | ERROR | OMAudit | user=jenkins1000 | ip=127.0.0.1 | op=ALLOCATE_KEY {volume=vol-1-86358, bucket=bucket-4-54242, key=key-0-24730, dataSize=10240, replicationType=RATIS, replicationFactor=THREE, keyLocationInfo=null} | ret=FAILURE | org.apache.hadoop.hdds.scm.exceptions.SCMException: Allocated 0 blocks. Requested 1 blocks
	at org.apache.hadoop.hdds.scm.protocolPB.ScmBlockLocationProtocolClientSideTranslatorPB.handleError(ScmBlockLocationProtocolClientSideTranslatorPB.java:118)
	at org.apache.hadoop.hdds.scm.protocolPB.ScmBlockLocationProtocolClientSideTranslatorPB.allocateBlock(ScmBlockLocationProtocolClientSideTranslatorPB.java:156) 
2019-09-19 17:00:29,174 [pool-80-thread-9] ERROR freon.RandomKeyGenerator (RandomKeyGenerator.java:createKey(724)) - Exception while adding key: key-0-68572 in bucket: bucket-2-30672 of volume: vol-0-98863.
INTERNAL_ERROR org.apache.hadoop.ozone.om.exceptions.OMException: Allocated 0 blocks. Requested 1 blocks
	at org.apache.hadoop.ozone.om.protocolPB.OzoneManagerProtocolClientSideTranslatorPB.handleError(OzoneManagerProtocolClientSideTranslatorPB.java:725)
	at org.apache.hadoop.ozone.om.protocolPB.OzoneManagerProtocolClientSideTranslatorPB.openKey(OzoneManagerProtocolClientSideTranslatorPB.java:716)
	at org.apache.hadoop.ozone.client.rpc.RpcClient.createKey(RpcClient.java:615)
	at org.apache.hadoop.ozone.client.OzoneBucket.createKey(OzoneBucket.java:323)
	at org.apache.hadoop.ozone.freon.RandomKeyGenerator.createKey(RandomKeyGenerator.java:686)
	at org.apache.hadoop.ozone.freon.RandomKeyGenerator.access$1100(RandomKeyGenerator.java:87)
	at org.apache.hadoop.ozone.freon.RandomKeyGenerator$ObjectCreator.run(RandomKeyGenerator.java:606)
	at java.util.concurrent.Executors$RunnableAdapter.call(Executors.java:511)
	at java.util.concurrent.FutureTask.run(FutureTask.java:266)
	at java.util.concurrent.ThreadPoolExecutor.runWorker(ThreadPoolExecutor.java:1149)
	at java.util.concurrent.ThreadPoolExecutor$Worker.run(ThreadPoolExecutor.java:624)
	at java.lang.Thread.run(Thread.java:748)
2019-09-19 17:00:29,174 [pool-80-thread-4] ERROR freon.RandomKeyGenerator (RandomKeyGenerator.java:createKey(724)) - Exception while adding key: key-0-97196 in bucket: bucket-1-04536 of volume: vol-0-98863.
INTERNAL_ERROR org.apache.hadoop.ozone.om.exceptions.OMException: Allocated 0 blocks. Requested 1 blocks
	at org.apache.hadoop.ozone.om.protocolPB.OzoneManagerProtocolClientSideTranslatorPB.handleError(OzoneManagerProtocolClientSideTranslatorPB.java:725)
	at org.apache.hadoop.ozone.om.protocolPB.OzoneManagerProtocolClientSideTranslatorPB.openKey(OzoneManagerProtocolClientSideTranslatorPB.java:716)
	at org.apache.hadoop.ozone.client.rpc.RpcClient.createKey(RpcClient.java:615)
	at org.apache.hadoop.ozone.client.OzoneBucket.createKey(OzoneBucket.java:323)
	at org.apache.hadoop.ozone.freon.RandomKeyGenerator.createKey(RandomKeyGenerator.java:686)
	at org.apache.hadoop.ozone.freon.RandomKeyGenerator.access$1100(RandomKeyGenerator.java:87)
	at org.apache.hadoop.ozone.freon.RandomKeyGenerator$ObjectCreator.run(RandomKeyGenerator.java:606)
	at java.util.concurrent.Executors$RunnableAdapter.call(Executors.java:511)
	at java.util.concurrent.FutureTask.run(FutureTask.java:266)
	at java.util.concurrent.ThreadPoolExecutor.runWorker(ThreadPoolExecutor.java:1149)
	at java.util.concurrent.ThreadPoolExecutor$Worker.run(ThreadPoolExecutor.java:624)
	at java.lang.Thread.run(Thread.java:748)
2019-09-19 17:00:29,174 [pool-80-thread-1] ERROR freon.RandomKeyGenerator (RandomKeyGenerator.java:createKey(724)) - Exception while adding key: key-0-41518 in bucket: bucket-0-38722 of volume: vol-0-98863.
INTERNAL_ERROR org.apache.hadoop.ozone.om.exceptions.OMException: Allocated 0 blocks. Requested 1 blocks
	at org.apache.hadoop.ozone.om.protocolPB.OzoneManagerProtocolClientSideTranslatorPB.handleError(OzoneManagerProtocolClientSideTranslatorPB.java:725)
	at org.apache.hadoop.ozone.om.protocolPB.OzoneManagerProtocolClientSideTranslatorPB.openKey(OzoneManagerProtocolClientSideTranslatorPB.java:716)
	at org.apache.hadoop.ozone.client.rpc.RpcClient.createKey(RpcClient.java:615)
	at org.apache.hadoop.ozone.client.OzoneBucket.createKey(OzoneBucket.java:323)
	at org.apache.hadoop.ozone.freon.RandomKeyGenerator.createKey(RandomKeyGenerator.java:686)
	at org.apache.hadoop.ozone.freon.RandomKeyGenerator.access$1100(RandomKeyGenerator.java:87)
	at org.apache.hadoop.ozone.freon.RandomKeyGenerator$ObjectCreator.run(RandomKeyGenerator.java:606)
	at java.util.concurrent.Executors$RunnableAdapter.call(Executors.java:511)
	at java.util.concurrent.FutureTask.run(FutureTask.java:266)
	at java.util.concurrent.ThreadPoolExecutor.runWorker(ThreadPoolExecutor.java:1149)
	at java.util.concurrent.ThreadPoolExecutor$Worker.run(ThreadPoolExecutor.java:624)
	at java.lang.Thread.run(Thread.java:748)
2019-09-19 17:00:29,176 [pool-80-thread-3] ERROR freon.RandomKeyGenerator (RandomKeyGenerator.java:createKey(724)) - Exception while adding key: key-0-24730 in bucket: bucket-4-54242 of volume: vol-1-86358.
INTERNAL_ERROR org.apache.hadoop.ozone.om.exceptions.OMException: Allocated 0 blocks. Requested 1 blocks
	at org.apache.hadoop.ozone.om.protocolPB.OzoneManagerProtocolClientSideTranslatorPB.handleError(OzoneManagerProtocolClientSideTranslatorPB.java:725)
	at org.apache.hadoop.ozone.om.protocolPB.OzoneManagerProtocolClientSideTranslatorPB.openKey(OzoneManagerProtocolClientSideTranslatorPB.java:716)
	at org.apache.hadoop.ozone.client.rpc.RpcClient.createKey(RpcClient.java:615)
	at org.apache.hadoop.ozone.client.OzoneBucket.createKey(OzoneBucket.java:323)
	at org.apache.hadoop.ozone.freon.RandomKeyGenerator.createKey(RandomKeyGenerator.java:686)
	at org.apache.hadoop.ozone.freon.RandomKeyGenerator.access$1100(RandomKeyGenerator.java:87)
	at org.apache.hadoop.ozone.freon.RandomKeyGenerator$ObjectCreator.run(RandomKeyGenerator.java:606)
	at java.util.concurrent.Executors$RunnableAdapter.call(Executors.java:511)
	at java.util.concurrent.FutureTask.run(FutureTask.java:266)
	at java.util.concurrent.ThreadPoolExecutor.runWorker(ThreadPoolExecutor.java:1149)
	at java.util.concurrent.ThreadPoolExecutor$Worker.run(ThreadPoolExecutor.java:624)
	at java.lang.Thread.run(Thread.java:748)
2019-09-19 17:00:29,394 | INFO  | SCMAudit | user=jenkins1000 | ip=192.168.157.226 | op=SEND_HEARTBEAT {datanodeUUID=e858d55d-eb7f-4d43-a7ab-d70ac1b2cf5d, command=[]} | ret=SUCCESS |  
2019-09-19 17:00:29,403 | INFO  | SCMAudit | user=jenkins1000 | ip=192.168.157.226 | op=SEND_HEARTBEAT {datanodeUUID=dd9809e6-023f-42ef-96fa-650496b0d2eb, command=[]} | ret=SUCCESS |  
2019-09-19 17:00:29,605 | INFO  | SCMAudit | user=jenkins1000 | ip=192.168.157.226 | op=SEND_HEARTBEAT {datanodeUUID=e59acbe3-2e53-434b-8aef-eb1faf9f1cb0, command=[]} | ret=SUCCESS |  
2019-09-19 17:00:29,815 | INFO  | SCMAudit | user=jenkins1000 | ip=192.168.157.226 | op=SEND_HEARTBEAT {datanodeUUID=c64ef6ee-91bc-492f-96d3-e3ad2b12297f, command=[]} | ret=SUCCESS |  
2019-09-19 17:00:29,985 | INFO  | SCMAudit | user=jenkins1000 | ip=192.168.157.226 | op=SEND_HEARTBEAT {datanodeUUID=5f94c5ea-0d2c-486e-937b-d09fa3478732, command=[]} | ret=SUCCESS |  
 0.00% |█                                                                                                    |  0/100 Time: 0:00:012019-09-19 17:00:30,394 | INFO  | SCMAudit | user=jenkins1000 | ip=192.168.157.226 | op=SEND_HEARTBEAT {datanodeUUID=e858d55d-eb7f-4d43-a7ab-d70ac1b2cf5d, command=[]} | ret=SUCCESS |  
2019-09-19 17:00:30,403 | INFO  | SCMAudit | user=jenkins1000 | ip=192.168.157.226 | op=SEND_HEARTBEAT {datanodeUUID=dd9809e6-023f-42ef-96fa-650496b0d2eb, command=[]} | ret=SUCCESS |  
2019-09-19 17:00:30,605 | INFO  | SCMAudit | user=jenkins1000 | ip=192.168.157.226 | op=SEND_HEARTBEAT {datanodeUUID=e59acbe3-2e53-434b-8aef-eb1faf9f1cb0, command=[]} | ret=SUCCESS |  
2019-09-19 17:00:30,814 | INFO  | SCMAudit | user=jenkins1000 | ip=192.168.157.226 | op=SEND_HEARTBEAT {datanodeUUID=c64ef6ee-91bc-492f-96d3-e3ad2b12297f, command=[]} | ret=SUCCESS |  
2019-09-19 17:00:30,985 | INFO  | SCMAudit | user=jenkins1000 | ip=192.168.157.226 | op=SEND_HEARTBEAT {datanodeUUID=5f94c5ea-0d2c-486e-937b-d09fa3478732, command=[]} | ret=SUCCESS |  
 0.00% |█                                                                                                    |  0/100 Time: 0:00:022019-09-19 17:00:31,393 | INFO  | SCMAudit | user=jenkins1000 | ip=192.168.157.226 | op=SEND_HEARTBEAT {datanodeUUID=e858d55d-eb7f-4d43-a7ab-d70ac1b2cf5d, command=[]} | ret=SUCCESS |  
2019-09-19 17:00:31,402 | INFO  | SCMAudit | user=jenkins1000 | ip=192.168.157.226 | op=SEND_HEARTBEAT {datanodeUUID=dd9809e6-023f-42ef-96fa-650496b0d2eb, command=[]} | ret=SUCCESS |  
2019-09-19 17:00:31,606 | INFO  | SCMAudit | user=jenkins1000 | ip=192.168.157.226 | op=SEND_HEARTBEAT {datanodeUUID=e59acbe3-2e53-434b-8aef-eb1faf9f1cb0, command=[]} | ret=SUCCESS |  
2019-09-19 17:00:31,815 | INFO  | SCMAudit | user=jenkins1000 | ip=192.168.157.226 | op=SEND_HEARTBEAT {datanodeUUID=c64ef6ee-91bc-492f-96d3-e3ad2b12297f, command=[]} | ret=SUCCESS |  
2019-09-19 17:00:31,985 | INFO  | SCMAudit | user=jenkins1000 | ip=192.168.157.226 | op=SEND_HEARTBEAT {datanodeUUID=5f94c5ea-0d2c-486e-937b-d09fa3478732, command=[]} | ret=SUCCESS |  
 0.00% |█                                                                                                    |  0/100 Time: 0:00:032019-09-19 17:00:32,392 | INFO  | SCMAudit | user=jenkins1000 | ip=192.168.157.226 | op=SEND_HEARTBEAT {datanodeUUID=e858d55d-eb7f-4d43-a7ab-d70ac1b2cf5d, command=[]} | ret=SUCCESS |  
2019-09-19 17:00:32,403 | INFO  | SCMAudit | user=jenkins1000 | ip=192.168.157.226 | op=SEND_HEARTBEAT {datanodeUUID=dd9809e6-023f-42ef-96fa-650496b0d2eb, command=[]} | ret=SUCCESS |  
2019-09-19 17:00:32,606 | INFO  | SCMAudit | user=jenkins1000 | ip=192.168.157.226 | op=SEND_HEARTBEAT {datanodeUUID=e59acbe3-2e53-434b-8aef-eb1faf9f1cb0, command=[]} | ret=SUCCESS |  
2019-09-19 17:00:32,815 | INFO  | SCMAudit | user=jenkins1000 | ip=192.168.157.226 | op=SEND_HEARTBEAT {datanodeUUID=c64ef6ee-91bc-492f-96d3-e3ad2b12297f, command=[]} | ret=SUCCESS |  
2019-09-19 17:00:32,985 | INFO  | SCMAudit | user=jenkins1000 | ip=192.168.157.226 | op=SEND_HEARTBEAT {datanodeUUID=5f94c5ea-0d2c-486e-937b-d09fa3478732, command=[]} | ret=SUCCESS |  
 0.00% |█                                                                                                    |  0/100 Time: 0:00:042019-09-19 17:00:33,393 | INFO  | SCMAudit | user=jenkins1000 | ip=192.168.157.226 | op=SEND_HEARTBEAT {datanodeUUID=e858d55d-eb7f-4d43-a7ab-d70ac1b2cf5d, command=[]} | ret=SUCCESS |  
2019-09-19 17:00:33,402 | INFO  | SCMAudit | user=jenkins1000 | ip=192.168.157.226 | op=SEND_HEARTBEAT {datanodeUUID=dd9809e6-023f-42ef-96fa-650496b0d2eb, command=[]} | ret=SUCCESS |  
2019-09-19 17:00:33,607 | INFO  | SCMAudit | user=jenkins1000 | ip=192.168.157.226 | op=SEND_HEARTBEAT {datanodeUUID=e59acbe3-2e53-434b-8aef-eb1faf9f1cb0, command=[]} | ret=SUCCESS |  
2019-09-19 17:00:33,815 | INFO  | SCMAudit | user=jenkins1000 | ip=192.168.157.226 | op=SEND_HEARTBEAT {datanodeUUID=c64ef6ee-91bc-492f-96d3-e3ad2b12297f, command=[]} | ret=SUCCESS |  
2019-09-19 17:00:33,985 | INFO  | SCMAudit | user=jenkins1000 | ip=192.168.157.226 | op=SEND_HEARTBEAT {datanodeUUID=5f94c5ea-0d2c-486e-937b-d09fa3478732, command=[]} | ret=SUCCESS |  
 100.00% |█████████████████████████████████████████████████████████████████████████████████████████████████████|  100/100 Time: 0:00:05
2019-09-19 17:00:34,393 | INFO  | SCMAudit | user=jenkins1000 | ip=192.168.157.226 | op=SEND_HEARTBEAT {datanodeUUID=e858d55d-eb7f-4d43-a7ab-d70ac1b2cf5d, command=[]} | ret=SUCCESS |  
2019-09-19 17:00:34,406 | INFO  | SCMAudit | user=jenkins1000 | ip=192.168.157.226 | op=SEND_HEARTBEAT {datanodeUUID=dd9809e6-023f-42ef-96fa-650496b0d2eb, command=[]} | ret=SUCCESS |  
2019-09-19 17:00:34,607 | INFO  | SCMAudit | user=jenkins1000 | ip=192.168.157.226 | op=SEND_HEARTBEAT {datanodeUUID=e59acbe3-2e53-434b-8aef-eb1faf9f1cb0, command=[]} | ret=SUCCESS |  
2019-09-19 17:00:34,815 | INFO  | SCMAudit | user=jenkins1000 | ip=192.168.157.226 | op=SEND_HEARTBEAT {datanodeUUID=c64ef6ee-91bc-492f-96d3-e3ad2b12297f, command=[]} | ret=SUCCESS |  
2019-09-19 17:00:34,985 | INFO  | SCMAudit | user=jenkins1000 | ip=192.168.157.226 | op=SEND_HEARTBEAT {datanodeUUID=5f94c5ea-0d2c-486e-937b-d09fa3478732, command=[]} | ret=SUCCESS |  
2019-09-19 17:00:35,393 | INFO  | SCMAudit | user=jenkins1000 | ip=192.168.157.226 | op=SEND_HEARTBEAT {datanodeUUID=e858d55d-eb7f-4d43-a7ab-d70ac1b2cf5d, command=[]} | ret=SUCCESS |  
2019-09-19 17:00:35,406 | INFO  | SCMAudit | user=jenkins1000 | ip=192.168.157.226 | op=SEND_HEARTBEAT {datanodeUUID=dd9809e6-023f-42ef-96fa-650496b0d2eb, command=[]} | ret=SUCCESS |  
2019-09-19 17:00:35,607 | INFO  | SCMAudit | user=jenkins1000 | ip=192.168.157.226 | op=SEND_HEARTBEAT {datanodeUUID=e59acbe3-2e53-434b-8aef-eb1faf9f1cb0, command=[]} | ret=SUCCESS |  
2019-09-19 17:00:35,816 | INFO  | SCMAudit | user=jenkins1000 | ip=192.168.157.226 | op=SEND_HEARTBEAT {datanodeUUID=c64ef6ee-91bc-492f-96d3-e3ad2b12297f, command=[]} | ret=SUCCESS |  
2019-09-19 17:00:35,985 | INFO  | SCMAudit | user=jenkins1000 | ip=192.168.157.226 | op=SEND_HEARTBEAT {datanodeUUID=5f94c5ea-0d2c-486e-937b-d09fa3478732, command=[]} | ret=SUCCESS |  
2019-09-19 17:00:36,393 | INFO  | SCMAudit | user=jenkins1000 | ip=192.168.157.226 | op=SEND_HEARTBEAT {datanodeUUID=e858d55d-eb7f-4d43-a7ab-d70ac1b2cf5d, command=[]} | ret=SUCCESS |  
2019-09-19 17:00:36,406 | INFO  | SCMAudit | user=jenkins1000 | ip=192.168.157.226 | op=SEND_HEARTBEAT {datanodeUUID=dd9809e6-023f-42ef-96fa-650496b0d2eb, command=[]} | ret=SUCCESS |  
2019-09-19 17:00:36,607 | INFO  | SCMAudit | user=jenkins1000 | ip=192.168.157.226 | op=SEND_HEARTBEAT {datanodeUUID=e59acbe3-2e53-434b-8aef-eb1faf9f1cb0, command=[]} | ret=SUCCESS |  
2019-09-19 17:00:36,816 | INFO  | SCMAudit | user=jenkins1000 | ip=192.168.157.226 | op=SEND_HEARTBEAT {datanodeUUID=c64ef6ee-91bc-492f-96d3-e3ad2b12297f, command=[]} | ret=SUCCESS |  
2019-09-19 17:00:36,985 | INFO  | SCMAudit | user=jenkins1000 | ip=192.168.157.226 | op=SEND_HEARTBEAT {datanodeUUID=5f94c5ea-0d2c-486e-937b-d09fa3478732, command=[]} | ret=SUCCESS |  
2019-09-19 17:00:37,393 | INFO  | SCMAudit | user=jenkins1000 | ip=192.168.157.226 | op=SEND_HEARTBEAT {datanodeUUID=e858d55d-eb7f-4d43-a7ab-d70ac1b2cf5d, command=[]} | ret=SUCCESS |  
2019-09-19 17:00:37,405 | INFO  | SCMAudit | user=jenkins1000 | ip=192.168.157.226 | op=SEND_HEARTBEAT {datanodeUUID=dd9809e6-023f-42ef-96fa-650496b0d2eb, command=[]} | ret=SUCCESS |  
2019-09-19 17:00:37,607 | INFO  | SCMAudit | user=jenkins1000 | ip=192.168.157.226 | op=SEND_HEARTBEAT {datanodeUUID=e59acbe3-2e53-434b-8aef-eb1faf9f1cb0, command=[]} | ret=SUCCESS |  
2019-09-19 17:00:37,816 | INFO  | SCMAudit | user=jenkins1000 | ip=192.168.157.226 | op=SEND_HEARTBEAT {datanodeUUID=c64ef6ee-91bc-492f-96d3-e3ad2b12297f, command=[]} | ret=SUCCESS |  
2019-09-19 17:00:37,985 | INFO  | SCMAudit | user=jenkins1000 | ip=192.168.157.226 | op=SEND_HEARTBEAT {datanodeUUID=5f94c5ea-0d2c-486e-937b-d09fa3478732, command=[]} | ret=SUCCESS |  
2019-09-19 17:00:38,393 | INFO  | SCMAudit | user=jenkins1000 | ip=192.168.157.226 | op=SEND_HEARTBEAT {datanodeUUID=e858d55d-eb7f-4d43-a7ab-d70ac1b2cf5d, command=[]} | ret=SUCCESS |  
2019-09-19 17:00:38,406 | INFO  | SCMAudit | user=jenkins1000 | ip=192.168.157.226 | op=SEND_HEARTBEAT {datanodeUUID=dd9809e6-023f-42ef-96fa-650496b0d2eb, command=[]} | ret=SUCCESS |  
2019-09-19 17:00:38,607 | INFO  | SCMAudit | user=jenkins1000 | ip=192.168.157.226 | op=SEND_HEARTBEAT {datanodeUUID=e59acbe3-2e53-434b-8aef-eb1faf9f1cb0, command=[]} | ret=SUCCESS |  
2019-09-19 17:00:38,816 | INFO  | SCMAudit | user=jenkins1000 | ip=192.168.157.226 | op=SEND_HEARTBEAT {datanodeUUID=c64ef6ee-91bc-492f-96d3-e3ad2b12297f, command=[]} | ret=SUCCESS |  
2019-09-19 17:00:38,985 | INFO  | SCMAudit | user=jenkins1000 | ip=192.168.157.226 | op=SEND_HEARTBEAT {datanodeUUID=5f94c5ea-0d2c-486e-937b-d09fa3478732, command=[]} | ret=SUCCESS |  
]]></system-out>
  </testcase>
</testsuite>