<?xml version="1.0" encoding="UTF-8"?>
<testsuite xmlns:xsi="http://www.w3.org/2001/XMLSchema-instance" xsi:noNamespaceSchemaLocation="https://maven.apache.org/surefire/maven-surefire-plugin/xsd/surefire-test-report.xsd" name="org.apache.hadoop.ozone.client.rpc.TestBlockOutputStream" time="608.664" tests="6" errors="0" skipped="0" failures="3">
  <properties>
    <property name="awt.toolkit" value="sun.awt.X11.XToolkit"/>
    <property name="file.encoding.pkg" value="sun.io"/>
    <property name="java.specification.version" value="1.8"/>
    <property name="sun.cpu.isalist" value=""/>
    <property name="sun.jnu.encoding" value="UTF-8"/>
    <property name="java.class.path" value="/workdir/hadoop-ozone/integration-test/target/test-classes:/workdir/hadoop-ozone/integration-test/target/classes:/home/user/.m2/repository/org/apache/hadoop/hadoop-ozone-common/0.5.0-SNAPSHOT/hadoop-ozone-common-0.5.0-SNAPSHOT.jar:/home/user/.m2/repository/org/apache/commons/commons-compress/1.4.1/commons-compress-1.4.1.jar:/home/user/.m2/repository/org/tukaani/xz/1.0/xz-1.0.jar:/home/user/.m2/repository/org/apache/hadoop/hadoop-common/3.2.0/hadoop-common-3.2.0.jar:/home/user/.m2/repository/org/apache/hadoop/hadoop-hdfs/3.2.0/hadoop-hdfs-3.2.0.jar:/home/user/.m2/repository/org/apache/hadoop/hadoop-hdfs-client/3.2.0/hadoop-hdfs-client-3.2.0.jar:/home/user/.m2/repository/com/fasterxml/jackson/core/jackson-annotations/2.9.5/jackson-annotations-2.9.5.jar:/home/user/.m2/repository/org/apache/hadoop/hadoop-hdds-common/0.5.0-SNAPSHOT/hadoop-hdds-common-0.5.0-SNAPSHOT.jar:/home/user/.m2/repository/javax/annotation/javax.annotation-api/1.2/javax.annotation-api-1.2.jar:/home/user/.m2/repository/org/apache/ratis/ratis-server/0.4.0-78e95b9-SNAPSHOT/ratis-server-0.4.0-78e95b9-SNAPSHOT.jar:/home/user/.m2/repository/org/apache/ratis/ratis-thirdparty-misc/0.2.0/ratis-thirdparty-misc-0.2.0.jar:/home/user/.m2/repository/org/apache/ratis/ratis-proto/0.4.0-78e95b9-SNAPSHOT/ratis-proto-0.4.0-78e95b9-SNAPSHOT.jar:/home/user/.m2/repository/org/apache/ratis/ratis-common/0.4.0-78e95b9-SNAPSHOT/ratis-common-0.4.0-78e95b9-SNAPSHOT.jar:/home/user/.m2/repository/org/apache/ratis/ratis-client/0.4.0-78e95b9-SNAPSHOT/ratis-client-0.4.0-78e95b9-SNAPSHOT.jar:/home/user/.m2/repository/org/apache/ratis/ratis-metrics/0.4.0-78e95b9-SNAPSHOT/ratis-metrics-0.4.0-78e95b9-SNAPSHOT.jar:/home/user/.m2/repository/com/github/joshelser/dropwizard-metrics-hadoop-metrics2-reporter/0.1.2/dropwizard-metrics-hadoop-metrics2-reporter-0.1.2.jar:/home/user/.m2/repository/io/dropwizard/metrics/metrics-jvm/3.2.5/metrics-jvm-3.2.5.jar:/home/user/.m2/repository/io/dropwizard/metrics/metrics-ganglia/3.2.5/metrics-ganglia-3.2.5.jar:/home/user/.m2/repository/info/ganglia/gmetric4j/gmetric4j/1.0.7/gmetric4j-1.0.7.jar:/home/user/.m2/repository/org/apache/ratis/ratis-netty/0.4.0-78e95b9-SNAPSHOT/ratis-netty-0.4.0-78e95b9-SNAPSHOT.jar:/home/user/.m2/repository/org/apache/ratis/ratis-grpc/0.4.0-78e95b9-SNAPSHOT/ratis-grpc-0.4.0-78e95b9-SNAPSHOT.jar:/home/user/.m2/repository/org/rocksdb/rocksdbjni/6.0.1/rocksdbjni-6.0.1.jar:/home/user/.m2/repository/org/apache/logging/log4j/log4j-api/2.11.0/log4j-api-2.11.0.jar:/home/user/.m2/repository/org/apache/logging/log4j/log4j-core/2.11.0/log4j-core-2.11.0.jar:/home/user/.m2/repository/com/lmax/disruptor/3.4.2/disruptor-3.4.2.jar:/home/user/.m2/repository/org/apache/commons/commons-pool2/2.6.0/commons-pool2-2.6.0.jar:/home/user/.m2/repository/org/bouncycastle/bcpkix-jdk15on/1.60/bcpkix-jdk15on-1.60.jar:/home/user/.m2/repository/commons-validator/commons-validator/1.6/commons-validator-1.6.jar:/home/user/.m2/repository/commons-digester/commons-digester/1.8.1/commons-digester-1.8.1.jar:/home/user/.m2/repository/io/jaegertracing/jaeger-client/0.33.1/jaeger-client-0.33.1.jar:/home/user/.m2/repository/io/jaegertracing/jaeger-thrift/0.33.1/jaeger-thrift-0.33.1.jar:/home/user/.m2/repository/org/apache/thrift/libthrift/0.11.0/libthrift-0.11.0.jar:/home/user/.m2/repository/com/squareup/okhttp3/okhttp/3.9.0/okhttp-3.9.0.jar:/home/user/.m2/repository/com/squareup/okio/okio/1.13.0/okio-1.13.0.jar:/home/user/.m2/repository/io/jaegertracing/jaeger-core/0.33.1/jaeger-core-0.33.1.jar:/home/user/.m2/repository/io/jaegertracing/jaeger-tracerresolver/0.33.1/jaeger-tracerresolver-0.33.1.jar:/home/user/.m2/repository/io/opentracing/contrib/opentracing-tracerresolver/0.1.5/opentracing-tracerresolver-0.1.5.jar:/home/user/.m2/repository/io/opentracing/opentracing-util/0.31.0/opentracing-util-0.31.0.jar:/home/user/.m2/repository/io/opentracing/opentracing-api/0.31.0/opentracing-api-0.31.0.jar:/home/user/.m2/repository/io/opentracing/opentracing-noop/0.31.0/opentracing-noop-0.31.0.jar:/home/user/.m2/repository/org/apache/hadoop/hadoop-hdds-server-framework/0.5.0-SNAPSHOT/hadoop-hdds-server-framework-0.5.0-SNAPSHOT.jar:/home/user/.m2/repository/org/apache/hadoop/hadoop-hdds-container-service/0.5.0-SNAPSHOT/hadoop-hdds-container-service-0.5.0-SNAPSHOT.jar:/home/user/.m2/repository/org/apache/hadoop/hadoop-hdds-client/0.5.0-SNAPSHOT/hadoop-hdds-client-0.5.0-SNAPSHOT.jar:/home/user/.m2/repository/org/apache/hadoop/hadoop-hdds-tools/0.5.0-SNAPSHOT/hadoop-hdds-tools-0.5.0-SNAPSHOT.jar:/home/user/.m2/repository/org/apache/hadoop/hadoop-hdds-server-scm/0.5.0-SNAPSHOT/hadoop-hdds-server-scm-0.5.0-SNAPSHOT.jar:/home/user/.m2/repository/org/apache/hadoop/hadoop-hdds-docs/0.5.0-SNAPSHOT/hadoop-hdds-docs-0.5.0-SNAPSHOT.jar:/home/user/.m2/repository/io/dropwizard/metrics/metrics-core/3.2.4/metrics-core-3.2.4.jar:/home/user/.m2/repository/org/hamcrest/hamcrest-all/1.3/hamcrest-all-1.3.jar:/home/user/.m2/repository/org/bouncycastle/bcprov-jdk15on/1.60/bcprov-jdk15on-1.60.jar:/home/user/.m2/repository/info/picocli/picocli/3.9.6/picocli-3.9.6.jar:/home/user/.m2/repository/com/google/protobuf/protobuf-java/2.5.0/protobuf-java-2.5.0.jar:/home/user/.m2/repository/com/google/guava/guava/11.0.2/guava-11.0.2.jar:/home/user/.m2/repository/org/apache/hadoop/hadoop-ozone-ozone-manager/0.5.0-SNAPSHOT/hadoop-ozone-ozone-manager-0.5.0-SNAPSHOT.jar:/home/user/.m2/repository/org/apache/hadoop/hadoop-minikdc/3.2.0/hadoop-minikdc-3.2.0.jar:/home/user/.m2/repository/commons-io/commons-io/2.5/commons-io-2.5.jar:/home/user/.m2/repository/org/apache/kerby/kerb-simplekdc/1.0.1/kerb-simplekdc-1.0.1.jar:/home/user/.m2/repository/org/apache/kerby/kerb-client/1.0.1/kerb-client-1.0.1.jar:/home/user/.m2/repository/org/apache/kerby/kerby-config/1.0.1/kerby-config-1.0.1.jar:/home/user/.m2/repository/org/apache/kerby/kerb-core/1.0.1/kerb-core-1.0.1.jar:/home/user/.m2/repository/org/apache/kerby/kerby-pkix/1.0.1/kerby-pkix-1.0.1.jar:/home/user/.m2/repository/org/apache/kerby/kerby-asn1/1.0.1/kerby-asn1-1.0.1.jar:/home/user/.m2/repository/org/apache/kerby/kerby-util/1.0.1/kerby-util-1.0.1.jar:/home/user/.m2/repository/org/apache/kerby/kerb-common/1.0.1/kerb-common-1.0.1.jar:/home/user/.m2/repository/org/apache/kerby/kerb-crypto/1.0.1/kerb-crypto-1.0.1.jar:/home/user/.m2/repository/org/apache/kerby/kerb-util/1.0.1/kerb-util-1.0.1.jar:/home/user/.m2/repository/org/apache/kerby/token-provider/1.0.1/token-provider-1.0.1.jar:/home/user/.m2/repository/org/apache/kerby/kerb-admin/1.0.1/kerb-admin-1.0.1.jar:/home/user/.m2/repository/org/apache/kerby/kerb-server/1.0.1/kerb-server-1.0.1.jar:/home/user/.m2/repository/org/apache/kerby/kerb-identity/1.0.1/kerb-identity-1.0.1.jar:/home/user/.m2/repository/org/apache/kerby/kerby-xdr/1.0.1/kerby-xdr-1.0.1.jar:/home/user/.m2/repository/org/slf4j/slf4j-log4j12/1.7.25/slf4j-log4j12-1.7.25.jar:/home/user/.m2/repository/org/apache/hadoop/hadoop-ozone-s3gateway/0.5.0-SNAPSHOT/hadoop-ozone-s3gateway-0.5.0-SNAPSHOT.jar:/home/user/.m2/repository/org/jboss/weld/servlet/weld-servlet/2.4.7.Final/weld-servlet-2.4.7.Final.jar:/home/user/.m2/repository/org/glassfish/jersey/containers/jersey-container-servlet-core/2.27/jersey-container-servlet-core-2.27.jar:/home/user/.m2/repository/org/glassfish/hk2/external/javax.inject/2.5.0-b42/javax.inject-2.5.0-b42.jar:/home/user/.m2/repository/org/glassfish/jersey/core/jersey-common/2.27/jersey-common-2.27.jar:/home/user/.m2/repository/org/glassfish/hk2/osgi-resource-locator/1.0.1/osgi-resource-locator-1.0.1.jar:/home/user/.m2/repository/javax/ws/rs/javax.ws.rs-api/2.1/javax.ws.rs-api-2.1.jar:/home/user/.m2/repository/org/glassfish/jersey/ext/cdi/jersey-cdi1x/2.27/jersey-cdi1x-2.27.jar:/home/user/.m2/repository/org/glassfish/jersey/inject/jersey-hk2/2.27/jersey-hk2-2.27.jar:/home/user/.m2/repository/org/glassfish/hk2/hk2-locator/2.5.0-b42/hk2-locator-2.5.0-b42.jar:/home/user/.m2/repository/org/javassist/javassist/3.22.0-CR2/javassist-3.22.0-CR2.jar:/home/user/.m2/repository/org/glassfish/hk2/hk2-api/2.5.0/hk2-api-2.5.0.jar:/home/user/.m2/repository/org/glassfish/hk2/external/jakarta.inject/2.5.0/jakarta.inject-2.5.0.jar:/home/user/.m2/repository/org/glassfish/hk2/hk2-utils/2.5.0/hk2-utils-2.5.0.jar:/home/user/.m2/repository/jakarta/annotation/jakarta.annotation-api/1.3.4/jakarta.annotation-api-1.3.4.jar:/home/user/.m2/repository/org/glassfish/hk2/external/aopalliance-repackaged/2.5.0/aopalliance-repackaged-2.5.0.jar:/home/user/.m2/repository/com/fasterxml/jackson/dataformat/jackson-dataformat-xml/2.9.0/jackson-dataformat-xml-2.9.0.jar:/home/user/.m2/repository/com/fasterxml/jackson/core/jackson-core/2.9.5/jackson-core-2.9.5.jar:/home/user/.m2/repository/com/fasterxml/jackson/module/jackson-module-jaxb-annotations/2.9.5/jackson-module-jaxb-annotations-2.9.5.jar:/home/user/.m2/repository/javax/enterprise/cdi-api/1.2/cdi-api-1.2.jar:/home/user/.m2/repository/javax/el/javax.el-api/3.0.0/javax.el-api-3.0.0.jar:/home/user/.m2/repository/javax/interceptor/javax.interceptor-api/1.2/javax.interceptor-api-1.2.jar:/home/user/.m2/repository/javax/inject/javax.inject/1/javax.inject-1.jar:/home/user/.m2/repository/com/sun/xml/bind/jaxb-impl/2.3.0.1/jaxb-impl-2.3.0.1.jar:/home/user/.m2/repository/com/sun/xml/bind/jaxb-core/2.3.0.1/jaxb-core-2.3.0.1.jar:/home/user/.m2/repository/javax/xml/bind/jaxb-api/2.3.0/jaxb-api-2.3.0.jar:/home/user/.m2/repository/javax/activation/activation/1.1.1/activation-1.1.1.jar:/home/user/.m2/repository/org/apache/hadoop/hadoop-ozone-csi/0.5.0-SNAPSHOT/hadoop-ozone-csi-0.5.0-SNAPSHOT.jar:/home/user/.m2/repository/com/google/protobuf/protobuf-java-util/3.5.1/protobuf-java-util-3.5.1.jar:/home/user/.m2/repository/org/apache/hadoop/hadoop-hdds-config/0.5.0-SNAPSHOT/hadoop-hdds-config-0.5.0-SNAPSHOT.jar:/home/user/.m2/repository/io/grpc/grpc-netty/1.17.1/grpc-netty-1.17.1.jar:/home/user/.m2/repository/io/grpc/grpc-core/1.17.1/grpc-core-1.17.1.jar:/home/user/.m2/repository/io/grpc/grpc-context/1.17.1/grpc-context-1.17.1.jar:/home/user/.m2/repository/com/google/errorprone/error_prone_annotations/2.2.0/error_prone_annotations-2.2.0.jar:/home/user/.m2/repository/org/codehaus/mojo/animal-sniffer-annotations/1.17/animal-sniffer-annotations-1.17.jar:/home/user/.m2/repository/io/opencensus/opencensus-api/0.17.0/opencensus-api-0.17.0.jar:/home/user/.m2/repository/io/opencensus/opencensus-contrib-grpc-metrics/0.17.0/opencensus-contrib-grpc-metrics-0.17.0.jar:/home/user/.m2/repository/io/netty/netty-codec-http2/4.1.30.Final/netty-codec-http2-4.1.30.Final.jar:/home/user/.m2/repository/io/netty/netty-codec-http/4.1.30.Final/netty-codec-http-4.1.30.Final.jar:/home/user/.m2/repository/io/netty/netty-codec/4.1.30.Final/netty-codec-4.1.30.Final.jar:/home/user/.m2/repository/io/netty/netty-handler/4.1.30.Final/netty-handler-4.1.30.Final.jar:/home/user/.m2/repository/io/netty/netty-handler-proxy/4.1.30.Final/netty-handler-proxy-4.1.30.Final.jar:/home/user/.m2/repository/io/netty/netty-codec-socks/4.1.30.Final/netty-codec-socks-4.1.30.Final.jar:/home/user/.m2/repository/io/netty/netty-transport-native-epoll/4.1.30.Final/netty-transport-native-epoll-4.1.30.Final.jar:/home/user/.m2/repository/io/netty/netty-common/4.1.30.Final/netty-common-4.1.30.Final.jar:/home/user/.m2/repository/io/netty/netty-buffer/4.1.30.Final/netty-buffer-4.1.30.Final.jar:/home/user/.m2/repository/io/netty/netty-transport/4.1.30.Final/netty-transport-4.1.30.Final.jar:/home/user/.m2/repository/io/netty/netty-resolver/4.1.30.Final/netty-resolver-4.1.30.Final.jar:/home/user/.m2/repository/io/netty/netty-transport-native-unix-common/4.1.30.Final/netty-transport-native-unix-common-4.1.30.Final.jar:/home/user/.m2/repository/io/grpc/grpc-protobuf/1.17.1/grpc-protobuf-1.17.1.jar:/home/user/.m2/repository/com/google/api/grpc/proto-google-common-protos/1.0.0/proto-google-common-protos-1.0.0.jar:/home/user/.m2/repository/io/grpc/grpc-protobuf-lite/1.17.1/grpc-protobuf-lite-1.17.1.jar:/home/user/.m2/repository/io/grpc/grpc-stub/1.17.1/grpc-stub-1.17.1.jar:/home/user/.m2/repository/org/apache/hadoop/hadoop-ozone-recon/0.5.0-SNAPSHOT/hadoop-ozone-recon-0.5.0-SNAPSHOT.jar:/home/user/.m2/repository/org/apache/hadoop/hadoop-ozone-reconcodegen/0.5.0-SNAPSHOT/hadoop-ozone-reconcodegen-0.5.0-SNAPSHOT.jar:/home/user/.m2/repository/com/google/inject/extensions/guice-multibindings/4.0/guice-multibindings-4.0.jar:/home/user/.m2/repository/com/google/inject/guice/4.0/guice-4.0.jar:/home/user/.m2/repository/aopalliance/aopalliance/1.0/aopalliance-1.0.jar:/home/user/.m2/repository/com/google/inject/extensions/guice-servlet/4.0/guice-servlet-4.0.jar:/home/user/.m2/repository/org/glassfish/jersey/containers/jersey-container-servlet/2.27/jersey-container-servlet-2.27.jar:/home/user/.m2/repository/org/glassfish/hk2/guice-bridge/2.5.0/guice-bridge-2.5.0.jar:/home/user/.m2/repository/org/glassfish/jersey/core/jersey-server/2.27/jersey-server-2.27.jar:/home/user/.m2/repository/org/glassfish/jersey/core/jersey-client/2.27/jersey-client-2.27.jar:/home/user/.m2/repository/org/glassfish/jersey/media/jersey-media-jaxb/2.27/jersey-media-jaxb-2.27.jar:/home/user/.m2/repository/javax/validation/validation-api/1.1.0.Final/validation-api-1.1.0.Final.jar:/home/user/.m2/repository/org/glassfish/jersey/media/jersey-media-json-jackson/2.27/jersey-media-json-jackson-2.27.jar:/home/user/.m2/repository/org/glassfish/jersey/ext/jersey-entity-filtering/2.27/jersey-entity-filtering-2.27.jar:/home/user/.m2/repository/com/google/inject/extensions/guice-assistedinject/4.0/guice-assistedinject-4.0.jar:/home/user/.m2/repository/org/jooq/jooq/3.11.10/jooq-3.11.10.jar:/home/user/.m2/repository/org/jooq/jooq-meta/3.11.10/jooq-meta-3.11.10.jar:/home/user/.m2/repository/org/jooq/jooq-codegen/3.11.10/jooq-codegen-3.11.10.jar:/home/user/.m2/repository/com/jolbox/bonecp/0.8.0.RELEASE/bonecp-0.8.0.RELEASE.jar:/home/user/.m2/repository/org/xerial/sqlite-jdbc/3.25.2/sqlite-jdbc-3.25.2.jar:/home/user/.m2/repository/org/springframework/spring-jdbc/5.1.3.RELEASE/spring-jdbc-5.1.3.RELEASE.jar:/home/user/.m2/repository/org/springframework/spring-beans/5.1.3.RELEASE/spring-beans-5.1.3.RELEASE.jar:/home/user/.m2/repository/org/springframework/spring-core/5.1.3.RELEASE/spring-core-5.1.3.RELEASE.jar:/home/user/.m2/repository/org/springframework/spring-jcl/5.1.3.RELEASE/spring-jcl-5.1.3.RELEASE.jar:/home/user/.m2/repository/org/springframework/spring-tx/5.1.3.RELEASE/spring-tx-5.1.3.RELEASE.jar:/home/user/.m2/repository/org/apache/hadoop/hadoop-ozone-client/0.5.0-SNAPSHOT/hadoop-ozone-client-0.5.0-SNAPSHOT.jar:/home/user/.m2/repository/commons-lang/commons-lang/2.6/commons-lang-2.6.jar:/home/user/.m2/repository/org/apache/hadoop/hadoop-ozone-ozone-manager/0.5.0-SNAPSHOT/hadoop-ozone-ozone-manager-0.5.0-SNAPSHOT-tests.jar:/home/user/.m2/repository/junit/junit/4.11/junit-4.11.jar:/home/user/.m2/repository/org/hamcrest/hamcrest-core/1.3/hamcrest-core-1.3.jar:/home/user/.m2/repository/org/openjdk/jmh/jmh-core/1.19/jmh-core-1.19.jar:/home/user/.m2/repository/net/sf/jopt-simple/jopt-simple/4.6/jopt-simple-4.6.jar:/home/user/.m2/repository/org/apache/commons/commons-math3/3.1.1/commons-math3-3.1.1.jar:/home/user/.m2/repository/org/openjdk/jmh/jmh-generator-annprocess/1.19/jmh-generator-annprocess-1.19.jar:/home/user/.m2/repository/org/mockito/mockito-all/1.8.5/mockito-all-1.8.5.jar:/home/user/.m2/repository/org/apache/hadoop/hadoop-kms/3.2.0/hadoop-kms-3.2.0.jar:/home/user/.m2/repository/org/apache/hadoop/hadoop-auth/3.2.0/hadoop-auth-3.2.0.jar:/home/user/.m2/repository/com/nimbusds/nimbus-jose-jwt/4.41.1/nimbus-jose-jwt-4.41.1.jar:/home/user/.m2/repository/com/github/stephenc/jcip/jcip-annotations/1.0-1/jcip-annotations-1.0-1.jar:/home/user/.m2/repository/net/minidev/json-smart/2.3/json-smart-2.3.jar:/home/user/.m2/repository/net/minidev/accessors-smart/1.2/accessors-smart-1.2.jar:/home/user/.m2/repository/org/ow2/asm/asm/5.0.4/asm-5.0.4.jar:/home/user/.m2/repository/org/apache/curator/curator-framework/2.12.0/curator-framework-2.12.0.jar:/home/user/.m2/repository/com/sun/jersey/jersey-core/1.19/jersey-core-1.19.jar:/home/user/.m2/repository/javax/ws/rs/jsr311-api/1.1.1/jsr311-api-1.1.1.jar:/home/user/.m2/repository/com/sun/jersey/jersey-server/1.19/jersey-server-1.19.jar:/home/user/.m2/repository/javax/servlet/javax.servlet-api/3.1.0/javax.servlet-api-3.1.0.jar:/home/user/.m2/repository/org/eclipse/jetty/jetty-server/9.3.24.v20180605/jetty-server-9.3.24.v20180605.jar:/home/user/.m2/repository/org/eclipse/jetty/jetty-http/9.3.24.v20180605/jetty-http-9.3.24.v20180605.jar:/home/user/.m2/repository/org/eclipse/jetty/jetty-io/9.3.24.v20180605/jetty-io-9.3.24.v20180605.jar:/home/user/.m2/repository/org/eclipse/jetty/jetty-webapp/9.3.24.v20180605/jetty-webapp-9.3.24.v20180605.jar:/home/user/.m2/repository/org/eclipse/jetty/jetty-xml/9.3.24.v20180605/jetty-xml-9.3.24.v20180605.jar:/home/user/.m2/repository/log4j/log4j/1.2.17/log4j-1.2.17.jar:/home/user/.m2/repository/org/slf4j/slf4j-api/1.7.25/slf4j-api-1.7.25.jar:/home/user/.m2/repository/org/slf4j/jul-to-slf4j/1.7.25/jul-to-slf4j-1.7.25.jar:/home/user/.m2/repository/org/eclipse/jetty/jetty-util/9.3.24.v20180605/jetty-util-9.3.24.v20180605.jar:/home/user/.m2/repository/com/fasterxml/jackson/core/jackson-databind/2.9.5/jackson-databind-2.9.5.jar:/home/user/.m2/repository/org/apache/hadoop/hadoop-kms/3.2.0/hadoop-kms-3.2.0-tests.jar:/home/user/.m2/repository/org/apache/hadoop/hadoop-hdds-server-scm/0.5.0-SNAPSHOT/hadoop-hdds-server-scm-0.5.0-SNAPSHOT-tests.jar:/home/user/.m2/repository/org/apache/hadoop/hadoop-hdds-container-service/0.5.0-SNAPSHOT/hadoop-hdds-container-service-0.5.0-SNAPSHOT-tests.jar:/home/user/.m2/repository/org/yaml/snakeyaml/1.16/snakeyaml-1.16.jar:/home/user/.m2/repository/org/apache/hadoop/hadoop-common/3.2.0/hadoop-common-3.2.0-tests.jar:/home/user/.m2/repository/org/apache/hadoop/hadoop-annotations/3.2.0/hadoop-annotations-3.2.0.jar:/usr/lib/jvm/java-1.8-openjdk/jre/../lib/tools.jar:/home/user/.m2/repository/commons-cli/commons-cli/1.2/commons-cli-1.2.jar:/home/user/.m2/repository/org/apache/httpcomponents/httpclient/4.5.2/httpclient-4.5.2.jar:/home/user/.m2/repository/org/apache/httpcomponents/httpcore/4.4.4/httpcore-4.4.4.jar:/home/user/.m2/repository/commons-codec/commons-codec/1.11/commons-codec-1.11.jar:/home/user/.m2/repository/commons-net/commons-net/3.6/commons-net-3.6.jar:/home/user/.m2/repository/commons-collections/commons-collections/3.2.2/commons-collections-3.2.2.jar:/home/user/.m2/repository/org/eclipse/jetty/jetty-servlet/9.3.24.v20180605/jetty-servlet-9.3.24.v20180605.jar:/home/user/.m2/repository/org/eclipse/jetty/jetty-security/9.3.24.v20180605/jetty-security-9.3.24.v20180605.jar:/home/user/.m2/repository/javax/servlet/jsp/jsp-api/2.1/jsp-api-2.1.jar:/home/user/.m2/repository/com/sun/jersey/jersey-servlet/1.19/jersey-servlet-1.19.jar:/home/user/.m2/repository/com/sun/jersey/jersey-json/1.19/jersey-json-1.19.jar:/home/user/.m2/repository/org/codehaus/jettison/jettison/1.1/jettison-1.1.jar:/home/user/.m2/repository/org/codehaus/jackson/jackson-core-asl/1.9.13/jackson-core-asl-1.9.13.jar:/home/user/.m2/repository/org/codehaus/jackson/jackson-mapper-asl/1.9.13/jackson-mapper-asl-1.9.13.jar:/home/user/.m2/repository/org/codehaus/jackson/jackson-jaxrs/1.9.13/jackson-jaxrs-1.9.13.jar:/home/user/.m2/repository/org/codehaus/jackson/jackson-xc/1.9.13/jackson-xc-1.9.13.jar:/home/user/.m2/repository/commons-logging/commons-logging/1.1.3/commons-logging-1.1.3.jar:/home/user/.m2/repository/commons-beanutils/commons-beanutils/1.9.3/commons-beanutils-1.9.3.jar:/home/user/.m2/repository/org/apache/commons/commons-configuration2/2.1.1/commons-configuration2-2.1.1.jar:/home/user/.m2/repository/org/apache/commons/commons-lang3/3.7/commons-lang3-3.7.jar:/home/user/.m2/repository/org/apache/commons/commons-text/1.4/commons-text-1.4.jar:/home/user/.m2/repository/org/apache/avro/avro/1.7.7/avro-1.7.7.jar:/home/user/.m2/repository/com/thoughtworks/paranamer/paranamer/2.3/paranamer-2.3.jar:/home/user/.m2/repository/org/xerial/snappy/snappy-java/1.0.5/snappy-java-1.0.5.jar:/home/user/.m2/repository/com/google/re2j/re2j/1.1/re2j-1.1.jar:/home/user/.m2/repository/com/google/code/gson/gson/2.2.4/gson-2.2.4.jar:/home/user/.m2/repository/com/jcraft/jsch/0.1.54/jsch-0.1.54.jar:/home/user/.m2/repository/org/apache/curator/curator-client/2.12.0/curator-client-2.12.0.jar:/home/user/.m2/repository/org/apache/curator/curator-recipes/2.12.0/curator-recipes-2.12.0.jar:/home/user/.m2/repository/com/google/code/findbugs/jsr305/3.0.0/jsr305-3.0.0.jar:/home/user/.m2/repository/org/apache/htrace/htrace-core4/4.1.0-incubating/htrace-core4-4.1.0-incubating.jar:/home/user/.m2/repository/org/apache/zookeeper/zookeeper/3.4.13/zookeeper-3.4.13.jar:/home/user/.m2/repository/org/apache/yetus/audience-annotations/0.5.0/audience-annotations-0.5.0.jar:/home/user/.m2/repository/org/codehaus/woodstox/stax2-api/3.1.4/stax2-api-3.1.4.jar:/home/user/.m2/repository/com/fasterxml/woodstox/woodstox-core/5.0.3/woodstox-core-5.0.3.jar:/home/user/.m2/repository/dnsjava/dnsjava/2.1.7/dnsjava-2.1.7.jar:/home/user/.m2/repository/org/apache/hadoop/hadoop-hdfs/3.2.0/hadoop-hdfs-3.2.0-tests.jar:/home/user/.m2/repository/org/eclipse/jetty/jetty-util-ajax/9.3.24.v20180605/jetty-util-ajax-9.3.24.v20180605.jar:/home/user/.m2/repository/commons-daemon/commons-daemon/1.0.13/commons-daemon-1.0.13.jar:/home/user/.m2/repository/io/netty/netty/3.10.5.Final/netty-3.10.5.Final.jar:/home/user/.m2/repository/io/netty/netty-all/4.0.52.Final/netty-all-4.0.52.Final.jar:/home/user/.m2/repository/org/fusesource/leveldbjni/leveldbjni-all/1.8/leveldbjni-all-1.8.jar:"/>
    <property name="java.vm.vendor" value="IcedTea"/>
    <property name="sun.arch.data.model" value="64"/>
    <property name="test.build.dir" value="/workdir/hadoop-ozone/integration-test/target/test-dir"/>
    <property name="test.cache.data" value=""/>
    <property name="java.vendor.url" value="https://icedtea.classpath.org"/>
    <property name="user.timezone" value=""/>
    <property name="java.vm.specification.version" value="1.8"/>
    <property name="os.name" value="Linux"/>
    <property name="test.build.data" value="/workdir/hadoop-ozone/integration-test/target/test-dir"/>
    <property name="user.country" value="US"/>
    <property name="sun.java.launcher" value="SUN_STANDARD"/>
    <property name="sun.boot.library.path" value="/usr/lib/jvm/java-1.8-openjdk/jre/lib/amd64"/>
    <property name="sun.java.command" value="/workdir/hadoop-ozone/integration-test/target/surefire/surefirebooter7149847705930336153.jar /workdir/hadoop-ozone/integration-test/target/surefire 2019-09-10T17-59-17_646-jvmRun1 surefire5080692482924629347tmp surefire_33515455031407687891tmp"/>
    <property name="test" value="!TestMiniChaosOzoneCluster"/>
    <property name="surefire.test.class.path" value="/workdir/hadoop-ozone/integration-test/target/test-classes:/workdir/hadoop-ozone/integration-test/target/classes:/home/user/.m2/repository/org/apache/hadoop/hadoop-ozone-common/0.5.0-SNAPSHOT/hadoop-ozone-common-0.5.0-SNAPSHOT.jar:/home/user/.m2/repository/org/apache/commons/commons-compress/1.4.1/commons-compress-1.4.1.jar:/home/user/.m2/repository/org/tukaani/xz/1.0/xz-1.0.jar:/home/user/.m2/repository/org/apache/hadoop/hadoop-common/3.2.0/hadoop-common-3.2.0.jar:/home/user/.m2/repository/org/apache/hadoop/hadoop-hdfs/3.2.0/hadoop-hdfs-3.2.0.jar:/home/user/.m2/repository/org/apache/hadoop/hadoop-hdfs-client/3.2.0/hadoop-hdfs-client-3.2.0.jar:/home/user/.m2/repository/com/fasterxml/jackson/core/jackson-annotations/2.9.5/jackson-annotations-2.9.5.jar:/home/user/.m2/repository/org/apache/hadoop/hadoop-hdds-common/0.5.0-SNAPSHOT/hadoop-hdds-common-0.5.0-SNAPSHOT.jar:/home/user/.m2/repository/javax/annotation/javax.annotation-api/1.2/javax.annotation-api-1.2.jar:/home/user/.m2/repository/org/apache/ratis/ratis-server/0.4.0-78e95b9-SNAPSHOT/ratis-server-0.4.0-78e95b9-SNAPSHOT.jar:/home/user/.m2/repository/org/apache/ratis/ratis-thirdparty-misc/0.2.0/ratis-thirdparty-misc-0.2.0.jar:/home/user/.m2/repository/org/apache/ratis/ratis-proto/0.4.0-78e95b9-SNAPSHOT/ratis-proto-0.4.0-78e95b9-SNAPSHOT.jar:/home/user/.m2/repository/org/apache/ratis/ratis-common/0.4.0-78e95b9-SNAPSHOT/ratis-common-0.4.0-78e95b9-SNAPSHOT.jar:/home/user/.m2/repository/org/apache/ratis/ratis-client/0.4.0-78e95b9-SNAPSHOT/ratis-client-0.4.0-78e95b9-SNAPSHOT.jar:/home/user/.m2/repository/org/apache/ratis/ratis-metrics/0.4.0-78e95b9-SNAPSHOT/ratis-metrics-0.4.0-78e95b9-SNAPSHOT.jar:/home/user/.m2/repository/com/github/joshelser/dropwizard-metrics-hadoop-metrics2-reporter/0.1.2/dropwizard-metrics-hadoop-metrics2-reporter-0.1.2.jar:/home/user/.m2/repository/io/dropwizard/metrics/metrics-jvm/3.2.5/metrics-jvm-3.2.5.jar:/home/user/.m2/repository/io/dropwizard/metrics/metrics-ganglia/3.2.5/metrics-ganglia-3.2.5.jar:/home/user/.m2/repository/info/ganglia/gmetric4j/gmetric4j/1.0.7/gmetric4j-1.0.7.jar:/home/user/.m2/repository/org/apache/ratis/ratis-netty/0.4.0-78e95b9-SNAPSHOT/ratis-netty-0.4.0-78e95b9-SNAPSHOT.jar:/home/user/.m2/repository/org/apache/ratis/ratis-grpc/0.4.0-78e95b9-SNAPSHOT/ratis-grpc-0.4.0-78e95b9-SNAPSHOT.jar:/home/user/.m2/repository/org/rocksdb/rocksdbjni/6.0.1/rocksdbjni-6.0.1.jar:/home/user/.m2/repository/org/apache/logging/log4j/log4j-api/2.11.0/log4j-api-2.11.0.jar:/home/user/.m2/repository/org/apache/logging/log4j/log4j-core/2.11.0/log4j-core-2.11.0.jar:/home/user/.m2/repository/com/lmax/disruptor/3.4.2/disruptor-3.4.2.jar:/home/user/.m2/repository/org/apache/commons/commons-pool2/2.6.0/commons-pool2-2.6.0.jar:/home/user/.m2/repository/org/bouncycastle/bcpkix-jdk15on/1.60/bcpkix-jdk15on-1.60.jar:/home/user/.m2/repository/commons-validator/commons-validator/1.6/commons-validator-1.6.jar:/home/user/.m2/repository/commons-digester/commons-digester/1.8.1/commons-digester-1.8.1.jar:/home/user/.m2/repository/io/jaegertracing/jaeger-client/0.33.1/jaeger-client-0.33.1.jar:/home/user/.m2/repository/io/jaegertracing/jaeger-thrift/0.33.1/jaeger-thrift-0.33.1.jar:/home/user/.m2/repository/org/apache/thrift/libthrift/0.11.0/libthrift-0.11.0.jar:/home/user/.m2/repository/com/squareup/okhttp3/okhttp/3.9.0/okhttp-3.9.0.jar:/home/user/.m2/repository/com/squareup/okio/okio/1.13.0/okio-1.13.0.jar:/home/user/.m2/repository/io/jaegertracing/jaeger-core/0.33.1/jaeger-core-0.33.1.jar:/home/user/.m2/repository/io/jaegertracing/jaeger-tracerresolver/0.33.1/jaeger-tracerresolver-0.33.1.jar:/home/user/.m2/repository/io/opentracing/contrib/opentracing-tracerresolver/0.1.5/opentracing-tracerresolver-0.1.5.jar:/home/user/.m2/repository/io/opentracing/opentracing-util/0.31.0/opentracing-util-0.31.0.jar:/home/user/.m2/repository/io/opentracing/opentracing-api/0.31.0/opentracing-api-0.31.0.jar:/home/user/.m2/repository/io/opentracing/opentracing-noop/0.31.0/opentracing-noop-0.31.0.jar:/home/user/.m2/repository/org/apache/hadoop/hadoop-hdds-server-framework/0.5.0-SNAPSHOT/hadoop-hdds-server-framework-0.5.0-SNAPSHOT.jar:/home/user/.m2/repository/org/apache/hadoop/hadoop-hdds-container-service/0.5.0-SNAPSHOT/hadoop-hdds-container-service-0.5.0-SNAPSHOT.jar:/home/user/.m2/repository/org/apache/hadoop/hadoop-hdds-client/0.5.0-SNAPSHOT/hadoop-hdds-client-0.5.0-SNAPSHOT.jar:/home/user/.m2/repository/org/apache/hadoop/hadoop-hdds-tools/0.5.0-SNAPSHOT/hadoop-hdds-tools-0.5.0-SNAPSHOT.jar:/home/user/.m2/repository/org/apache/hadoop/hadoop-hdds-server-scm/0.5.0-SNAPSHOT/hadoop-hdds-server-scm-0.5.0-SNAPSHOT.jar:/home/user/.m2/repository/org/apache/hadoop/hadoop-hdds-docs/0.5.0-SNAPSHOT/hadoop-hdds-docs-0.5.0-SNAPSHOT.jar:/home/user/.m2/repository/io/dropwizard/metrics/metrics-core/3.2.4/metrics-core-3.2.4.jar:/home/user/.m2/repository/org/hamcrest/hamcrest-all/1.3/hamcrest-all-1.3.jar:/home/user/.m2/repository/org/bouncycastle/bcprov-jdk15on/1.60/bcprov-jdk15on-1.60.jar:/home/user/.m2/repository/info/picocli/picocli/3.9.6/picocli-3.9.6.jar:/home/user/.m2/repository/com/google/protobuf/protobuf-java/2.5.0/protobuf-java-2.5.0.jar:/home/user/.m2/repository/com/google/guava/guava/11.0.2/guava-11.0.2.jar:/home/user/.m2/repository/org/apache/hadoop/hadoop-ozone-ozone-manager/0.5.0-SNAPSHOT/hadoop-ozone-ozone-manager-0.5.0-SNAPSHOT.jar:/home/user/.m2/repository/org/apache/hadoop/hadoop-minikdc/3.2.0/hadoop-minikdc-3.2.0.jar:/home/user/.m2/repository/commons-io/commons-io/2.5/commons-io-2.5.jar:/home/user/.m2/repository/org/apache/kerby/kerb-simplekdc/1.0.1/kerb-simplekdc-1.0.1.jar:/home/user/.m2/repository/org/apache/kerby/kerb-client/1.0.1/kerb-client-1.0.1.jar:/home/user/.m2/repository/org/apache/kerby/kerby-config/1.0.1/kerby-config-1.0.1.jar:/home/user/.m2/repository/org/apache/kerby/kerb-core/1.0.1/kerb-core-1.0.1.jar:/home/user/.m2/repository/org/apache/kerby/kerby-pkix/1.0.1/kerby-pkix-1.0.1.jar:/home/user/.m2/repository/org/apache/kerby/kerby-asn1/1.0.1/kerby-asn1-1.0.1.jar:/home/user/.m2/repository/org/apache/kerby/kerby-util/1.0.1/kerby-util-1.0.1.jar:/home/user/.m2/repository/org/apache/kerby/kerb-common/1.0.1/kerb-common-1.0.1.jar:/home/user/.m2/repository/org/apache/kerby/kerb-crypto/1.0.1/kerb-crypto-1.0.1.jar:/home/user/.m2/repository/org/apache/kerby/kerb-util/1.0.1/kerb-util-1.0.1.jar:/home/user/.m2/repository/org/apache/kerby/token-provider/1.0.1/token-provider-1.0.1.jar:/home/user/.m2/repository/org/apache/kerby/kerb-admin/1.0.1/kerb-admin-1.0.1.jar:/home/user/.m2/repository/org/apache/kerby/kerb-server/1.0.1/kerb-server-1.0.1.jar:/home/user/.m2/repository/org/apache/kerby/kerb-identity/1.0.1/kerb-identity-1.0.1.jar:/home/user/.m2/repository/org/apache/kerby/kerby-xdr/1.0.1/kerby-xdr-1.0.1.jar:/home/user/.m2/repository/org/slf4j/slf4j-log4j12/1.7.25/slf4j-log4j12-1.7.25.jar:/home/user/.m2/repository/org/apache/hadoop/hadoop-ozone-s3gateway/0.5.0-SNAPSHOT/hadoop-ozone-s3gateway-0.5.0-SNAPSHOT.jar:/home/user/.m2/repository/org/jboss/weld/servlet/weld-servlet/2.4.7.Final/weld-servlet-2.4.7.Final.jar:/home/user/.m2/repository/org/glassfish/jersey/containers/jersey-container-servlet-core/2.27/jersey-container-servlet-core-2.27.jar:/home/user/.m2/repository/org/glassfish/hk2/external/javax.inject/2.5.0-b42/javax.inject-2.5.0-b42.jar:/home/user/.m2/repository/org/glassfish/jersey/core/jersey-common/2.27/jersey-common-2.27.jar:/home/user/.m2/repository/org/glassfish/hk2/osgi-resource-locator/1.0.1/osgi-resource-locator-1.0.1.jar:/home/user/.m2/repository/javax/ws/rs/javax.ws.rs-api/2.1/javax.ws.rs-api-2.1.jar:/home/user/.m2/repository/org/glassfish/jersey/ext/cdi/jersey-cdi1x/2.27/jersey-cdi1x-2.27.jar:/home/user/.m2/repository/org/glassfish/jersey/inject/jersey-hk2/2.27/jersey-hk2-2.27.jar:/home/user/.m2/repository/org/glassfish/hk2/hk2-locator/2.5.0-b42/hk2-locator-2.5.0-b42.jar:/home/user/.m2/repository/org/javassist/javassist/3.22.0-CR2/javassist-3.22.0-CR2.jar:/home/user/.m2/repository/org/glassfish/hk2/hk2-api/2.5.0/hk2-api-2.5.0.jar:/home/user/.m2/repository/org/glassfish/hk2/external/jakarta.inject/2.5.0/jakarta.inject-2.5.0.jar:/home/user/.m2/repository/org/glassfish/hk2/hk2-utils/2.5.0/hk2-utils-2.5.0.jar:/home/user/.m2/repository/jakarta/annotation/jakarta.annotation-api/1.3.4/jakarta.annotation-api-1.3.4.jar:/home/user/.m2/repository/org/glassfish/hk2/external/aopalliance-repackaged/2.5.0/aopalliance-repackaged-2.5.0.jar:/home/user/.m2/repository/com/fasterxml/jackson/dataformat/jackson-dataformat-xml/2.9.0/jackson-dataformat-xml-2.9.0.jar:/home/user/.m2/repository/com/fasterxml/jackson/core/jackson-core/2.9.5/jackson-core-2.9.5.jar:/home/user/.m2/repository/com/fasterxml/jackson/module/jackson-module-jaxb-annotations/2.9.5/jackson-module-jaxb-annotations-2.9.5.jar:/home/user/.m2/repository/javax/enterprise/cdi-api/1.2/cdi-api-1.2.jar:/home/user/.m2/repository/javax/el/javax.el-api/3.0.0/javax.el-api-3.0.0.jar:/home/user/.m2/repository/javax/interceptor/javax.interceptor-api/1.2/javax.interceptor-api-1.2.jar:/home/user/.m2/repository/javax/inject/javax.inject/1/javax.inject-1.jar:/home/user/.m2/repository/com/sun/xml/bind/jaxb-impl/2.3.0.1/jaxb-impl-2.3.0.1.jar:/home/user/.m2/repository/com/sun/xml/bind/jaxb-core/2.3.0.1/jaxb-core-2.3.0.1.jar:/home/user/.m2/repository/javax/xml/bind/jaxb-api/2.3.0/jaxb-api-2.3.0.jar:/home/user/.m2/repository/javax/activation/activation/1.1.1/activation-1.1.1.jar:/home/user/.m2/repository/org/apache/hadoop/hadoop-ozone-csi/0.5.0-SNAPSHOT/hadoop-ozone-csi-0.5.0-SNAPSHOT.jar:/home/user/.m2/repository/com/google/protobuf/protobuf-java-util/3.5.1/protobuf-java-util-3.5.1.jar:/home/user/.m2/repository/org/apache/hadoop/hadoop-hdds-config/0.5.0-SNAPSHOT/hadoop-hdds-config-0.5.0-SNAPSHOT.jar:/home/user/.m2/repository/io/grpc/grpc-netty/1.17.1/grpc-netty-1.17.1.jar:/home/user/.m2/repository/io/grpc/grpc-core/1.17.1/grpc-core-1.17.1.jar:/home/user/.m2/repository/io/grpc/grpc-context/1.17.1/grpc-context-1.17.1.jar:/home/user/.m2/repository/com/google/errorprone/error_prone_annotations/2.2.0/error_prone_annotations-2.2.0.jar:/home/user/.m2/repository/org/codehaus/mojo/animal-sniffer-annotations/1.17/animal-sniffer-annotations-1.17.jar:/home/user/.m2/repository/io/opencensus/opencensus-api/0.17.0/opencensus-api-0.17.0.jar:/home/user/.m2/repository/io/opencensus/opencensus-contrib-grpc-metrics/0.17.0/opencensus-contrib-grpc-metrics-0.17.0.jar:/home/user/.m2/repository/io/netty/netty-codec-http2/4.1.30.Final/netty-codec-http2-4.1.30.Final.jar:/home/user/.m2/repository/io/netty/netty-codec-http/4.1.30.Final/netty-codec-http-4.1.30.Final.jar:/home/user/.m2/repository/io/netty/netty-codec/4.1.30.Final/netty-codec-4.1.30.Final.jar:/home/user/.m2/repository/io/netty/netty-handler/4.1.30.Final/netty-handler-4.1.30.Final.jar:/home/user/.m2/repository/io/netty/netty-handler-proxy/4.1.30.Final/netty-handler-proxy-4.1.30.Final.jar:/home/user/.m2/repository/io/netty/netty-codec-socks/4.1.30.Final/netty-codec-socks-4.1.30.Final.jar:/home/user/.m2/repository/io/netty/netty-transport-native-epoll/4.1.30.Final/netty-transport-native-epoll-4.1.30.Final.jar:/home/user/.m2/repository/io/netty/netty-common/4.1.30.Final/netty-common-4.1.30.Final.jar:/home/user/.m2/repository/io/netty/netty-buffer/4.1.30.Final/netty-buffer-4.1.30.Final.jar:/home/user/.m2/repository/io/netty/netty-transport/4.1.30.Final/netty-transport-4.1.30.Final.jar:/home/user/.m2/repository/io/netty/netty-resolver/4.1.30.Final/netty-resolver-4.1.30.Final.jar:/home/user/.m2/repository/io/netty/netty-transport-native-unix-common/4.1.30.Final/netty-transport-native-unix-common-4.1.30.Final.jar:/home/user/.m2/repository/io/grpc/grpc-protobuf/1.17.1/grpc-protobuf-1.17.1.jar:/home/user/.m2/repository/com/google/api/grpc/proto-google-common-protos/1.0.0/proto-google-common-protos-1.0.0.jar:/home/user/.m2/repository/io/grpc/grpc-protobuf-lite/1.17.1/grpc-protobuf-lite-1.17.1.jar:/home/user/.m2/repository/io/grpc/grpc-stub/1.17.1/grpc-stub-1.17.1.jar:/home/user/.m2/repository/org/apache/hadoop/hadoop-ozone-recon/0.5.0-SNAPSHOT/hadoop-ozone-recon-0.5.0-SNAPSHOT.jar:/home/user/.m2/repository/org/apache/hadoop/hadoop-ozone-reconcodegen/0.5.0-SNAPSHOT/hadoop-ozone-reconcodegen-0.5.0-SNAPSHOT.jar:/home/user/.m2/repository/com/google/inject/extensions/guice-multibindings/4.0/guice-multibindings-4.0.jar:/home/user/.m2/repository/com/google/inject/guice/4.0/guice-4.0.jar:/home/user/.m2/repository/aopalliance/aopalliance/1.0/aopalliance-1.0.jar:/home/user/.m2/repository/com/google/inject/extensions/guice-servlet/4.0/guice-servlet-4.0.jar:/home/user/.m2/repository/org/glassfish/jersey/containers/jersey-container-servlet/2.27/jersey-container-servlet-2.27.jar:/home/user/.m2/repository/org/glassfish/hk2/guice-bridge/2.5.0/guice-bridge-2.5.0.jar:/home/user/.m2/repository/org/glassfish/jersey/core/jersey-server/2.27/jersey-server-2.27.jar:/home/user/.m2/repository/org/glassfish/jersey/core/jersey-client/2.27/jersey-client-2.27.jar:/home/user/.m2/repository/org/glassfish/jersey/media/jersey-media-jaxb/2.27/jersey-media-jaxb-2.27.jar:/home/user/.m2/repository/javax/validation/validation-api/1.1.0.Final/validation-api-1.1.0.Final.jar:/home/user/.m2/repository/org/glassfish/jersey/media/jersey-media-json-jackson/2.27/jersey-media-json-jackson-2.27.jar:/home/user/.m2/repository/org/glassfish/jersey/ext/jersey-entity-filtering/2.27/jersey-entity-filtering-2.27.jar:/home/user/.m2/repository/com/google/inject/extensions/guice-assistedinject/4.0/guice-assistedinject-4.0.jar:/home/user/.m2/repository/org/jooq/jooq/3.11.10/jooq-3.11.10.jar:/home/user/.m2/repository/org/jooq/jooq-meta/3.11.10/jooq-meta-3.11.10.jar:/home/user/.m2/repository/org/jooq/jooq-codegen/3.11.10/jooq-codegen-3.11.10.jar:/home/user/.m2/repository/com/jolbox/bonecp/0.8.0.RELEASE/bonecp-0.8.0.RELEASE.jar:/home/user/.m2/repository/org/xerial/sqlite-jdbc/3.25.2/sqlite-jdbc-3.25.2.jar:/home/user/.m2/repository/org/springframework/spring-jdbc/5.1.3.RELEASE/spring-jdbc-5.1.3.RELEASE.jar:/home/user/.m2/repository/org/springframework/spring-beans/5.1.3.RELEASE/spring-beans-5.1.3.RELEASE.jar:/home/user/.m2/repository/org/springframework/spring-core/5.1.3.RELEASE/spring-core-5.1.3.RELEASE.jar:/home/user/.m2/repository/org/springframework/spring-jcl/5.1.3.RELEASE/spring-jcl-5.1.3.RELEASE.jar:/home/user/.m2/repository/org/springframework/spring-tx/5.1.3.RELEASE/spring-tx-5.1.3.RELEASE.jar:/home/user/.m2/repository/org/apache/hadoop/hadoop-ozone-client/0.5.0-SNAPSHOT/hadoop-ozone-client-0.5.0-SNAPSHOT.jar:/home/user/.m2/repository/commons-lang/commons-lang/2.6/commons-lang-2.6.jar:/home/user/.m2/repository/org/apache/hadoop/hadoop-ozone-ozone-manager/0.5.0-SNAPSHOT/hadoop-ozone-ozone-manager-0.5.0-SNAPSHOT-tests.jar:/home/user/.m2/repository/junit/junit/4.11/junit-4.11.jar:/home/user/.m2/repository/org/hamcrest/hamcrest-core/1.3/hamcrest-core-1.3.jar:/home/user/.m2/repository/org/openjdk/jmh/jmh-core/1.19/jmh-core-1.19.jar:/home/user/.m2/repository/net/sf/jopt-simple/jopt-simple/4.6/jopt-simple-4.6.jar:/home/user/.m2/repository/org/apache/commons/commons-math3/3.1.1/commons-math3-3.1.1.jar:/home/user/.m2/repository/org/openjdk/jmh/jmh-generator-annprocess/1.19/jmh-generator-annprocess-1.19.jar:/home/user/.m2/repository/org/mockito/mockito-all/1.8.5/mockito-all-1.8.5.jar:/home/user/.m2/repository/org/apache/hadoop/hadoop-kms/3.2.0/hadoop-kms-3.2.0.jar:/home/user/.m2/repository/org/apache/hadoop/hadoop-auth/3.2.0/hadoop-auth-3.2.0.jar:/home/user/.m2/repository/com/nimbusds/nimbus-jose-jwt/4.41.1/nimbus-jose-jwt-4.41.1.jar:/home/user/.m2/repository/com/github/stephenc/jcip/jcip-annotations/1.0-1/jcip-annotations-1.0-1.jar:/home/user/.m2/repository/net/minidev/json-smart/2.3/json-smart-2.3.jar:/home/user/.m2/repository/net/minidev/accessors-smart/1.2/accessors-smart-1.2.jar:/home/user/.m2/repository/org/ow2/asm/asm/5.0.4/asm-5.0.4.jar:/home/user/.m2/repository/org/apache/curator/curator-framework/2.12.0/curator-framework-2.12.0.jar:/home/user/.m2/repository/com/sun/jersey/jersey-core/1.19/jersey-core-1.19.jar:/home/user/.m2/repository/javax/ws/rs/jsr311-api/1.1.1/jsr311-api-1.1.1.jar:/home/user/.m2/repository/com/sun/jersey/jersey-server/1.19/jersey-server-1.19.jar:/home/user/.m2/repository/javax/servlet/javax.servlet-api/3.1.0/javax.servlet-api-3.1.0.jar:/home/user/.m2/repository/org/eclipse/jetty/jetty-server/9.3.24.v20180605/jetty-server-9.3.24.v20180605.jar:/home/user/.m2/repository/org/eclipse/jetty/jetty-http/9.3.24.v20180605/jetty-http-9.3.24.v20180605.jar:/home/user/.m2/repository/org/eclipse/jetty/jetty-io/9.3.24.v20180605/jetty-io-9.3.24.v20180605.jar:/home/user/.m2/repository/org/eclipse/jetty/jetty-webapp/9.3.24.v20180605/jetty-webapp-9.3.24.v20180605.jar:/home/user/.m2/repository/org/eclipse/jetty/jetty-xml/9.3.24.v20180605/jetty-xml-9.3.24.v20180605.jar:/home/user/.m2/repository/log4j/log4j/1.2.17/log4j-1.2.17.jar:/home/user/.m2/repository/org/slf4j/slf4j-api/1.7.25/slf4j-api-1.7.25.jar:/home/user/.m2/repository/org/slf4j/jul-to-slf4j/1.7.25/jul-to-slf4j-1.7.25.jar:/home/user/.m2/repository/org/eclipse/jetty/jetty-util/9.3.24.v20180605/jetty-util-9.3.24.v20180605.jar:/home/user/.m2/repository/com/fasterxml/jackson/core/jackson-databind/2.9.5/jackson-databind-2.9.5.jar:/home/user/.m2/repository/org/apache/hadoop/hadoop-kms/3.2.0/hadoop-kms-3.2.0-tests.jar:/home/user/.m2/repository/org/apache/hadoop/hadoop-hdds-server-scm/0.5.0-SNAPSHOT/hadoop-hdds-server-scm-0.5.0-SNAPSHOT-tests.jar:/home/user/.m2/repository/org/apache/hadoop/hadoop-hdds-container-service/0.5.0-SNAPSHOT/hadoop-hdds-container-service-0.5.0-SNAPSHOT-tests.jar:/home/user/.m2/repository/org/yaml/snakeyaml/1.16/snakeyaml-1.16.jar:/home/user/.m2/repository/org/apache/hadoop/hadoop-common/3.2.0/hadoop-common-3.2.0-tests.jar:/home/user/.m2/repository/org/apache/hadoop/hadoop-annotations/3.2.0/hadoop-annotations-3.2.0.jar:/usr/lib/jvm/java-1.8-openjdk/jre/../lib/tools.jar:/home/user/.m2/repository/commons-cli/commons-cli/1.2/commons-cli-1.2.jar:/home/user/.m2/repository/org/apache/httpcomponents/httpclient/4.5.2/httpclient-4.5.2.jar:/home/user/.m2/repository/org/apache/httpcomponents/httpcore/4.4.4/httpcore-4.4.4.jar:/home/user/.m2/repository/commons-codec/commons-codec/1.11/commons-codec-1.11.jar:/home/user/.m2/repository/commons-net/commons-net/3.6/commons-net-3.6.jar:/home/user/.m2/repository/commons-collections/commons-collections/3.2.2/commons-collections-3.2.2.jar:/home/user/.m2/repository/org/eclipse/jetty/jetty-servlet/9.3.24.v20180605/jetty-servlet-9.3.24.v20180605.jar:/home/user/.m2/repository/org/eclipse/jetty/jetty-security/9.3.24.v20180605/jetty-security-9.3.24.v20180605.jar:/home/user/.m2/repository/javax/servlet/jsp/jsp-api/2.1/jsp-api-2.1.jar:/home/user/.m2/repository/com/sun/jersey/jersey-servlet/1.19/jersey-servlet-1.19.jar:/home/user/.m2/repository/com/sun/jersey/jersey-json/1.19/jersey-json-1.19.jar:/home/user/.m2/repository/org/codehaus/jettison/jettison/1.1/jettison-1.1.jar:/home/user/.m2/repository/org/codehaus/jackson/jackson-core-asl/1.9.13/jackson-core-asl-1.9.13.jar:/home/user/.m2/repository/org/codehaus/jackson/jackson-mapper-asl/1.9.13/jackson-mapper-asl-1.9.13.jar:/home/user/.m2/repository/org/codehaus/jackson/jackson-jaxrs/1.9.13/jackson-jaxrs-1.9.13.jar:/home/user/.m2/repository/org/codehaus/jackson/jackson-xc/1.9.13/jackson-xc-1.9.13.jar:/home/user/.m2/repository/commons-logging/commons-logging/1.1.3/commons-logging-1.1.3.jar:/home/user/.m2/repository/commons-beanutils/commons-beanutils/1.9.3/commons-beanutils-1.9.3.jar:/home/user/.m2/repository/org/apache/commons/commons-configuration2/2.1.1/commons-configuration2-2.1.1.jar:/home/user/.m2/repository/org/apache/commons/commons-lang3/3.7/commons-lang3-3.7.jar:/home/user/.m2/repository/org/apache/commons/commons-text/1.4/commons-text-1.4.jar:/home/user/.m2/repository/org/apache/avro/avro/1.7.7/avro-1.7.7.jar:/home/user/.m2/repository/com/thoughtworks/paranamer/paranamer/2.3/paranamer-2.3.jar:/home/user/.m2/repository/org/xerial/snappy/snappy-java/1.0.5/snappy-java-1.0.5.jar:/home/user/.m2/repository/com/google/re2j/re2j/1.1/re2j-1.1.jar:/home/user/.m2/repository/com/google/code/gson/gson/2.2.4/gson-2.2.4.jar:/home/user/.m2/repository/com/jcraft/jsch/0.1.54/jsch-0.1.54.jar:/home/user/.m2/repository/org/apache/curator/curator-client/2.12.0/curator-client-2.12.0.jar:/home/user/.m2/repository/org/apache/curator/curator-recipes/2.12.0/curator-recipes-2.12.0.jar:/home/user/.m2/repository/com/google/code/findbugs/jsr305/3.0.0/jsr305-3.0.0.jar:/home/user/.m2/repository/org/apache/htrace/htrace-core4/4.1.0-incubating/htrace-core4-4.1.0-incubating.jar:/home/user/.m2/repository/org/apache/zookeeper/zookeeper/3.4.13/zookeeper-3.4.13.jar:/home/user/.m2/repository/org/apache/yetus/audience-annotations/0.5.0/audience-annotations-0.5.0.jar:/home/user/.m2/repository/org/codehaus/woodstox/stax2-api/3.1.4/stax2-api-3.1.4.jar:/home/user/.m2/repository/com/fasterxml/woodstox/woodstox-core/5.0.3/woodstox-core-5.0.3.jar:/home/user/.m2/repository/dnsjava/dnsjava/2.1.7/dnsjava-2.1.7.jar:/home/user/.m2/repository/org/apache/hadoop/hadoop-hdfs/3.2.0/hadoop-hdfs-3.2.0-tests.jar:/home/user/.m2/repository/org/eclipse/jetty/jetty-util-ajax/9.3.24.v20180605/jetty-util-ajax-9.3.24.v20180605.jar:/home/user/.m2/repository/commons-daemon/commons-daemon/1.0.13/commons-daemon-1.0.13.jar:/home/user/.m2/repository/io/netty/netty/3.10.5.Final/netty-3.10.5.Final.jar:/home/user/.m2/repository/io/netty/netty-all/4.0.52.Final/netty-all-4.0.52.Final.jar:/home/user/.m2/repository/org/fusesource/leveldbjni/leveldbjni-all/1.8/leveldbjni-all-1.8.jar:"/>
    <property name="sun.cpu.endian" value="little"/>
    <property name="user.home" value="/home/user"/>
    <property name="user.language" value="en"/>
    <property name="java.specification.vendor" value="Oracle Corporation"/>
    <property name="java.home" value="/usr/lib/jvm/java-1.8-openjdk/jre"/>
    <property name="java.security.krb5.conf" value="/workdir/hadoop-ozone/integration-test/target/test-classes/krb5.conf"/>
    <property name="basedir" value="/workdir/hadoop-ozone/integration-test"/>
    <property name="file.separator" value="/"/>
    <property name="line.separator" value="&#10;"/>
    <property name="java.vm.specification.vendor" value="Oracle Corporation"/>
    <property name="java.specification.name" value="Java Platform API Specification"/>
    <property name="java.awt.graphicsenv" value="sun.awt.X11GraphicsEnvironment"/>
    <property name="surefire.real.class.path" value="/workdir/hadoop-ozone/integration-test/target/surefire/surefirebooter7149847705930336153.jar"/>
    <property name="hadoop.log.dir" value="/workdir/hadoop-ozone/integration-test/target/log"/>
    <property name="sun.boot.class.path" value="/usr/lib/jvm/java-1.8-openjdk/jre/lib/resources.jar:/usr/lib/jvm/java-1.8-openjdk/jre/lib/rt.jar:/usr/lib/jvm/java-1.8-openjdk/jre/lib/sunrsasign.jar:/usr/lib/jvm/java-1.8-openjdk/jre/lib/jsse.jar:/usr/lib/jvm/java-1.8-openjdk/jre/lib/jce.jar:/usr/lib/jvm/java-1.8-openjdk/jre/lib/charsets.jar:/usr/lib/jvm/java-1.8-openjdk/jre/lib/jfr.jar:/usr/lib/jvm/java-1.8-openjdk/jre/classes"/>
    <property name="sun.management.compiler" value="HotSpot 64-Bit Tiered Compilers"/>
    <property name="java.runtime.version" value="1.8.0_212-b04"/>
    <property name="java.net.preferIPv4Stack" value="true"/>
    <property name="user.name" value="jenkins1000"/>
    <property name="path.separator" value=":"/>
    <property name="java.security.egd" value="file:///dev/urandom"/>
    <property name="os.version" value="3.10.0-957.12.2.el7.x86_64"/>
    <property name="java.endorsed.dirs" value="/usr/lib/jvm/java-1.8-openjdk/jre/lib/endorsed"/>
    <property name="java.runtime.name" value="OpenJDK Runtime Environment"/>
    <property name="file.encoding" value="UTF-8"/>
    <property name="java.vm.name" value="OpenJDK 64-Bit Server VM"/>
    <property name="test.build.webapps" value=""/>
    <property name="localRepository" value="/home/user/.m2/repository"/>
    <property name="java.vendor.url.bug" value="https://icedtea.classpath.org/bugzilla"/>
    <property name="java.io.tmpdir" value="/tmp"/>
    <property name="require.test.libhadoop" value=""/>
    <property name="java.version" value="1.8.0_212"/>
    <property name="user.dir" value="/workdir/hadoop-ozone/integration-test"/>
    <property name="os.arch" value="amd64"/>
    <property name="java.vm.specification.name" value="Java Virtual Machine Specification"/>
    <property name="test.build.classes" value="/workdir/hadoop-ozone/integration-test/target/test-classes"/>
    <property name="java.awt.printerjob" value="sun.print.PSPrinterJob"/>
    <property name="sun.os.patch.level" value="unknown"/>
    <property name="hadoop.tmp.dir" value="/workdir/hadoop-ozone/integration-test/target/tmp"/>
    <property name="java.library.path" value="/usr/lib/jvm/java-1.8-openjdk/jre/lib/amd64/server:/usr/lib/jvm/java-1.8-openjdk/jre/lib/amd64:/usr/lib/jvm/java-1.8-openjdk/jre/../lib/amd64:/workdir/hadoop-ozone/integration-test/target/native/target/usr/local/lib:/workdir/hadoop-ozone/integration-test/../../hadoop-common-project/hadoop-common/target/native/target/usr/local/lib:/usr/java/packages/lib/amd64:/usr/lib64:/lib64:/lib:/usr/lib"/>
    <property name="java.vm.info" value="mixed mode"/>
    <property name="java.vendor" value="IcedTea"/>
    <property name="java.vm.version" value="25.212-b04"/>
    <property name="java.ext.dirs" value="/usr/lib/jvm/java-1.8-openjdk/jre/lib/ext:/usr/java/packages/lib/ext"/>
    <property name="sun.io.unicode.encoding" value="UnicodeLittle"/>
    <property name="java.class.version" value="52.0"/>
  </properties>
  <testcase name="testFlushChunk" classname="org.apache.hadoop.ozone.client.rpc.TestBlockOutputStream" time="11.035"/>
  <testcase name="testMultiChunkWrite2" classname="org.apache.hadoop.ozone.client.rpc.TestBlockOutputStream" time="0.823"/>
  <testcase name="testMultiChunkWrite" classname="org.apache.hadoop.ozone.client.rpc.TestBlockOutputStream" time="187.514">
    <failure message="expected:&lt;7&gt; but was:&lt;9&gt;" type="java.lang.AssertionError"><![CDATA[java.lang.AssertionError: expected:<7> but was:<9>
	at org.junit.Assert.fail(Assert.java:88)
	at org.junit.Assert.failNotEquals(Assert.java:743)
	at org.junit.Assert.assertEquals(Assert.java:118)
	at org.junit.Assert.assertEquals(Assert.java:555)
	at org.junit.Assert.assertEquals(Assert.java:542)
	at org.apache.hadoop.ozone.client.rpc.TestBlockOutputStream.testMultiChunkWrite(TestBlockOutputStream.java:364)
	at sun.reflect.NativeMethodAccessorImpl.invoke0(Native Method)
	at sun.reflect.NativeMethodAccessorImpl.invoke(NativeMethodAccessorImpl.java:62)
	at sun.reflect.DelegatingMethodAccessorImpl.invoke(DelegatingMethodAccessorImpl.java:43)
	at java.lang.reflect.Method.invoke(Method.java:498)
	at org.junit.runners.model.FrameworkMethod$1.runReflectiveCall(FrameworkMethod.java:47)
	at org.junit.internal.runners.model.ReflectiveCallable.run(ReflectiveCallable.java:12)
	at org.junit.runners.model.FrameworkMethod.invokeExplosively(FrameworkMethod.java:44)
	at org.junit.internal.runners.statements.InvokeMethod.evaluate(InvokeMethod.java:17)
	at org.junit.runners.ParentRunner.runLeaf(ParentRunner.java:271)
	at org.junit.runners.BlockJUnit4ClassRunner.runChild(BlockJUnit4ClassRunner.java:70)
	at org.junit.runners.BlockJUnit4ClassRunner.runChild(BlockJUnit4ClassRunner.java:50)
	at org.junit.runners.ParentRunner$3.run(ParentRunner.java:238)
	at org.junit.runners.ParentRunner$1.schedule(ParentRunner.java:63)
	at org.junit.runners.ParentRunner.runChildren(ParentRunner.java:236)
	at org.junit.runners.ParentRunner.access$000(ParentRunner.java:53)
	at org.junit.runners.ParentRunner$2.evaluate(ParentRunner.java:229)
	at org.junit.internal.runners.statements.RunBefores.evaluate(RunBefores.java:26)
	at org.junit.internal.runners.statements.RunAfters.evaluate(RunAfters.java:27)
	at org.junit.runners.ParentRunner.run(ParentRunner.java:309)
	at org.apache.maven.surefire.junit4.JUnit4Provider.execute(JUnit4Provider.java:365)
	at org.apache.maven.surefire.junit4.JUnit4Provider.executeWithRerun(JUnit4Provider.java:273)
	at org.apache.maven.surefire.junit4.JUnit4Provider.executeTestSet(JUnit4Provider.java:238)
	at org.apache.maven.surefire.junit4.JUnit4Provider.invoke(JUnit4Provider.java:159)
	at org.apache.maven.surefire.booter.ForkedBooter.invokeProviderInSameClassLoader(ForkedBooter.java:384)
	at org.apache.maven.surefire.booter.ForkedBooter.runSuitesInProcess(ForkedBooter.java:345)
	at org.apache.maven.surefire.booter.ForkedBooter.execute(ForkedBooter.java:126)
	at org.apache.maven.surefire.booter.ForkedBooter.main(ForkedBooter.java:418)
]]></failure>
    <system-out><![CDATA[2019-09-10 18:57:27,074 [java.util.concurrent.ThreadPoolExecutor$Worker@3d619a57[State = -1, empty queue]] WARN  server.GrpcLogAppender (GrpcLogAppender.java:timeoutAppendRequest(200)) - 0b57ef76-c121-46fb-9637-94024daca647@group-6ED7C0A64790->0721d391-9877-4bc5-9778-84bb7e49252a-GrpcLogAppender: appendEntries Timeout, request=0b57ef76-c121-46fb-9637-94024daca647->0721d391-9877-4bc5-9778-84bb7e49252a#14-t1, previous=(t:1, i:10), leaderCommit=10, initializing? false, entries: size=1, first=(t:1, i:11), STATEMACHINELOGENTRY, client-F749F73F973A, cid=21
2019-09-10 18:57:27,075 [java.util.concurrent.ThreadPoolExecutor$Worker@682ced94[State = -1, empty queue]] WARN  server.GrpcLogAppender (GrpcLogAppender.java:timeoutAppendRequest(200)) - 0b57ef76-c121-46fb-9637-94024daca647@group-6ED7C0A64790->8e2eaa3a-398a-46ef-9472-b716e4b01ba0-GrpcLogAppender: appendEntries Timeout, request=0b57ef76-c121-46fb-9637-94024daca647->8e2eaa3a-398a-46ef-9472-b716e4b01ba0#14-t1, previous=(t:1, i:10), leaderCommit=10, initializing? false, entries: size=1, first=(t:1, i:11), STATEMACHINELOGENTRY, client-F749F73F973A, cid=21
2019-09-10 18:57:27,077 [java.util.concurrent.ThreadPoolExecutor$Worker@3d619a57[State = -1, empty queue]] WARN  server.GrpcLogAppender (GrpcLogAppender.java:timeoutAppendRequest(200)) - 0b57ef76-c121-46fb-9637-94024daca647@group-6ED7C0A64790->0721d391-9877-4bc5-9778-84bb7e49252a-GrpcLogAppender: appendEntries Timeout, request=0b57ef76-c121-46fb-9637-94024daca647->0721d391-9877-4bc5-9778-84bb7e49252a#15-t1, previous=(t:1, i:11), leaderCommit=10, initializing? false, entries: size=1, first=(t:1, i:12), STATEMACHINELOGENTRY, client-F749F73F973A, cid=22
2019-09-10 18:57:27,080 [java.util.concurrent.ThreadPoolExecutor$Worker@682ced94[State = -1, empty queue]] WARN  server.GrpcLogAppender (GrpcLogAppender.java:timeoutAppendRequest(200)) - 0b57ef76-c121-46fb-9637-94024daca647@group-6ED7C0A64790->8e2eaa3a-398a-46ef-9472-b716e4b01ba0-GrpcLogAppender: appendEntries Timeout, request=0b57ef76-c121-46fb-9637-94024daca647->8e2eaa3a-398a-46ef-9472-b716e4b01ba0#15-t1, previous=(t:1, i:11), leaderCommit=10, initializing? false, entries: size=1, first=(t:1, i:12), STATEMACHINELOGENTRY, client-F749F73F973A, cid=22
2019-09-10 18:57:27,080 [java.util.concurrent.ThreadPoolExecutor$Worker@3d619a57[State = -1, empty queue]] WARN  server.GrpcLogAppender (GrpcLogAppender.java:timeoutAppendRequest(200)) - 0b57ef76-c121-46fb-9637-94024daca647@group-6ED7C0A64790->0721d391-9877-4bc5-9778-84bb7e49252a-GrpcLogAppender: appendEntries Timeout, request=0b57ef76-c121-46fb-9637-94024daca647->0721d391-9877-4bc5-9778-84bb7e49252a#16-t1, previous=(t:1, i:12), leaderCommit=10, initializing? false, entries: size=1, first=(t:1, i:13), STATEMACHINELOGENTRY, client-F749F73F973A, cid=23
2019-09-10 18:57:27,084 [java.util.concurrent.ThreadPoolExecutor$Worker@682ced94[State = -1, empty queue]] WARN  server.GrpcLogAppender (GrpcLogAppender.java:timeoutAppendRequest(200)) - 0b57ef76-c121-46fb-9637-94024daca647@group-6ED7C0A64790->8e2eaa3a-398a-46ef-9472-b716e4b01ba0-GrpcLogAppender: appendEntries Timeout, request=0b57ef76-c121-46fb-9637-94024daca647->8e2eaa3a-398a-46ef-9472-b716e4b01ba0#16-t1, previous=(t:1, i:12), leaderCommit=10, initializing? false, entries: size=1, first=(t:1, i:13), STATEMACHINELOGENTRY, client-F749F73F973A, cid=23
2019-09-10 18:57:29,144 [grpc-default-executor-0] INFO  client.GrpcClientProtocolClient (GrpcClientProtocolClient.java:onNext(264)) - client-F749F73F973A->8e2eaa3a-398a-46ef-9472-b716e4b01ba0: receive RaftClientReply:client-F749F73F973A->8e2eaa3a-398a-46ef-9472-b716e4b01ba0@group-6ED7C0A64790, cid=21, FAILED org.apache.ratis.protocol.NotLeaderException: Server 8e2eaa3a-398a-46ef-9472-b716e4b01ba0@group-6ED7C0A64790 is not the leader 0b57ef76-c121-46fb-9637-94024daca647:192.168.36.113:44606, logIndex=0, commits[8e2eaa3a-398a-46ef-9472-b716e4b01ba0:c10, 0b57ef76-c121-46fb-9637-94024daca647:c10, 0721d391-9877-4bc5-9778-84bb7e49252a:c6]
2019-09-10 18:57:29,577 [java.util.concurrent.ThreadPoolExecutor$Worker@682ced94[State = -1, empty queue]] WARN  server.GrpcLogAppender (GrpcLogAppender.java:timeoutAppendRequest(200)) - 0b57ef76-c121-46fb-9637-94024daca647@group-6ED7C0A64790->8e2eaa3a-398a-46ef-9472-b716e4b01ba0-GrpcLogAppender: appendEntries Timeout, request=0b57ef76-c121-46fb-9637-94024daca647->8e2eaa3a-398a-46ef-9472-b716e4b01ba0#17-t1, previous=(t:1, i:13), leaderCommit=10, initializing? false, entries: <empty>
2019-09-10 18:57:29,577 [java.util.concurrent.ThreadPoolExecutor$Worker@3d619a57[State = -1, empty queue]] WARN  server.GrpcLogAppender (GrpcLogAppender.java:timeoutAppendRequest(200)) - 0b57ef76-c121-46fb-9637-94024daca647@group-6ED7C0A64790->0721d391-9877-4bc5-9778-84bb7e49252a-GrpcLogAppender: appendEntries Timeout, request=0b57ef76-c121-46fb-9637-94024daca647->0721d391-9877-4bc5-9778-84bb7e49252a#17-t1, previous=(t:1, i:13), leaderCommit=10, initializing? false, entries: <empty>
2019-09-10 18:57:32,078 [java.util.concurrent.ThreadPoolExecutor$Worker@682ced94[State = -1, empty queue]] WARN  server.GrpcLogAppender (GrpcLogAppender.java:timeoutAppendRequest(200)) - 0b57ef76-c121-46fb-9637-94024daca647@group-6ED7C0A64790->8e2eaa3a-398a-46ef-9472-b716e4b01ba0-GrpcLogAppender: appendEntries Timeout, request=0b57ef76-c121-46fb-9637-94024daca647->8e2eaa3a-398a-46ef-9472-b716e4b01ba0#18-t1, previous=(t:1, i:13), leaderCommit=10, initializing? false, entries: <empty>
2019-09-10 18:57:32,078 [java.util.concurrent.ThreadPoolExecutor$Worker@3d619a57[State = -1, empty queue]] WARN  server.GrpcLogAppender (GrpcLogAppender.java:timeoutAppendRequest(200)) - 0b57ef76-c121-46fb-9637-94024daca647@group-6ED7C0A64790->0721d391-9877-4bc5-9778-84bb7e49252a-GrpcLogAppender: appendEntries Timeout, request=0b57ef76-c121-46fb-9637-94024daca647->0721d391-9877-4bc5-9778-84bb7e49252a#18-t1, previous=(t:1, i:13), leaderCommit=10, initializing? false, entries: <empty>
2019-09-10 18:57:34,074 [0b57ef76-c121-46fb-9637-94024daca647@group-6ED7C0A64790-SegmentedRaftLogWorker] WARN  segmented.SegmentedRaftLogWorker (SegmentedRaftLogWorker.java:getFromFuture(90)) - Timeout 0/~
org.apache.ratis.protocol.TimeoutIOException: Timeout 10s: WriteLog:11: (t:1, i:11), STATEMACHINELOGENTRY, client-F749F73F973A, cid=21-writeStateMachineData
	at org.apache.ratis.util.IOUtils.getFromFuture(IOUtils.java:87)
	at org.apache.ratis.server.raftlog.segmented.SegmentedRaftLogWorker$StateMachineDataPolicy.getFromFuture(SegmentedRaftLogWorker.java:87)
	at org.apache.ratis.server.raftlog.segmented.SegmentedRaftLogWorker$WriteLog.execute(SegmentedRaftLogWorker.java:477)
	at org.apache.ratis.server.raftlog.segmented.SegmentedRaftLogWorker.run(SegmentedRaftLogWorker.java:289)
	at java.lang.Thread.run(Thread.java:748)
Caused by: java.util.concurrent.TimeoutException
	at java.util.concurrent.CompletableFuture.timedGet(CompletableFuture.java:1771)
	at java.util.concurrent.CompletableFuture.get(CompletableFuture.java:1915)
	at org.apache.ratis.util.IOUtils.getFromFuture(IOUtils.java:79)
	... 4 more
2019-09-10 18:57:34,202 [grpc-default-executor-0] INFO  client.GrpcClientProtocolClient (GrpcClientProtocolClient.java:onNext(264)) - client-F749F73F973A->0721d391-9877-4bc5-9778-84bb7e49252a: receive RaftClientReply:client-F749F73F973A->0721d391-9877-4bc5-9778-84bb7e49252a@group-6ED7C0A64790, cid=21, FAILED org.apache.ratis.protocol.NotLeaderException: Server 0721d391-9877-4bc5-9778-84bb7e49252a@group-6ED7C0A64790 is not the leader 0b57ef76-c121-46fb-9637-94024daca647:192.168.36.113:44606, logIndex=0, commits[0721d391-9877-4bc5-9778-84bb7e49252a:c10, 0b57ef76-c121-46fb-9637-94024daca647:c10, 8e2eaa3a-398a-46ef-9472-b716e4b01ba0:c6]
2019-09-10 18:57:34,246 [8e2eaa3a-398a-46ef-9472-b716e4b01ba0@group-6ED7C0A64790-SegmentedRaftLogWorker] WARN  segmented.SegmentedRaftLogWorker (SegmentedRaftLogWorker.java:getFromFuture(90)) - Timeout 0/~
org.apache.ratis.protocol.TimeoutIOException: Timeout 10s: WriteLog:12: (t:1, i:12), STATEMACHINELOGENTRY, client-F749F73F973A, cid=22-writeStateMachineData
	at org.apache.ratis.util.IOUtils.getFromFuture(IOUtils.java:87)
	at org.apache.ratis.server.raftlog.segmented.SegmentedRaftLogWorker$StateMachineDataPolicy.getFromFuture(SegmentedRaftLogWorker.java:87)
	at org.apache.ratis.server.raftlog.segmented.SegmentedRaftLogWorker$WriteLog.execute(SegmentedRaftLogWorker.java:477)
	at org.apache.ratis.server.raftlog.segmented.SegmentedRaftLogWorker.run(SegmentedRaftLogWorker.java:289)
	at java.lang.Thread.run(Thread.java:748)
Caused by: java.util.concurrent.TimeoutException
	at java.util.concurrent.CompletableFuture.timedGet(CompletableFuture.java:1771)
	at java.util.concurrent.CompletableFuture.get(CompletableFuture.java:1915)
	at org.apache.ratis.util.IOUtils.getFromFuture(IOUtils.java:79)
	... 4 more
2019-09-10 18:57:34,288 [0721d391-9877-4bc5-9778-84bb7e49252a@group-6ED7C0A64790-SegmentedRaftLogWorker] WARN  segmented.SegmentedRaftLogWorker (SegmentedRaftLogWorker.java:getFromFuture(90)) - Timeout 0/~
org.apache.ratis.protocol.TimeoutIOException: Timeout 10s: WriteLog:12: (t:1, i:12), STATEMACHINELOGENTRY, client-F749F73F973A, cid=22-writeStateMachineData
	at org.apache.ratis.util.IOUtils.getFromFuture(IOUtils.java:87)
	at org.apache.ratis.server.raftlog.segmented.SegmentedRaftLogWorker$StateMachineDataPolicy.getFromFuture(SegmentedRaftLogWorker.java:87)
	at org.apache.ratis.server.raftlog.segmented.SegmentedRaftLogWorker$WriteLog.execute(SegmentedRaftLogWorker.java:477)
	at org.apache.ratis.server.raftlog.segmented.SegmentedRaftLogWorker.run(SegmentedRaftLogWorker.java:289)
	at java.lang.Thread.run(Thread.java:748)
Caused by: java.util.concurrent.TimeoutException
	at java.util.concurrent.CompletableFuture.timedGet(CompletableFuture.java:1771)
	at java.util.concurrent.CompletableFuture.get(CompletableFuture.java:1915)
	at org.apache.ratis.util.IOUtils.getFromFuture(IOUtils.java:79)
	... 4 more
2019-09-10 18:57:34,580 [java.util.concurrent.ThreadPoolExecutor$Worker@3d619a57[State = -1, empty queue]] WARN  server.GrpcLogAppender (GrpcLogAppender.java:timeoutAppendRequest(200)) - 0b57ef76-c121-46fb-9637-94024daca647@group-6ED7C0A64790->0721d391-9877-4bc5-9778-84bb7e49252a-GrpcLogAppender: appendEntries Timeout, request=0b57ef76-c121-46fb-9637-94024daca647->0721d391-9877-4bc5-9778-84bb7e49252a#19-t1, previous=(t:1, i:13), leaderCommit=10, initializing? false, entries: <empty>
2019-09-10 18:57:34,580 [java.util.concurrent.ThreadPoolExecutor$Worker@682ced94[State = -1, empty queue]] WARN  server.GrpcLogAppender (GrpcLogAppender.java:timeoutAppendRequest(200)) - 0b57ef76-c121-46fb-9637-94024daca647@group-6ED7C0A64790->8e2eaa3a-398a-46ef-9472-b716e4b01ba0-GrpcLogAppender: appendEntries Timeout, request=0b57ef76-c121-46fb-9637-94024daca647->8e2eaa3a-398a-46ef-9472-b716e4b01ba0#19-t1, previous=(t:1, i:13), leaderCommit=10, initializing? false, entries: <empty>
2019-09-10 18:57:37,080 [java.util.concurrent.ThreadPoolExecutor$Worker@3d619a57[State = -1, empty queue]] WARN  server.GrpcLogAppender (GrpcLogAppender.java:timeoutAppendRequest(200)) - 0b57ef76-c121-46fb-9637-94024daca647@group-6ED7C0A64790->0721d391-9877-4bc5-9778-84bb7e49252a-GrpcLogAppender: appendEntries Timeout, request=0b57ef76-c121-46fb-9637-94024daca647->0721d391-9877-4bc5-9778-84bb7e49252a#20-t1, previous=(t:1, i:13), leaderCommit=10, initializing? false, entries: <empty>
2019-09-10 18:57:37,080 [java.util.concurrent.ThreadPoolExecutor$Worker@682ced94[State = -1, empty queue]] WARN  server.GrpcLogAppender (GrpcLogAppender.java:timeoutAppendRequest(200)) - 0b57ef76-c121-46fb-9637-94024daca647@group-6ED7C0A64790->8e2eaa3a-398a-46ef-9472-b716e4b01ba0-GrpcLogAppender: appendEntries Timeout, request=0b57ef76-c121-46fb-9637-94024daca647->8e2eaa3a-398a-46ef-9472-b716e4b01ba0#20-t1, previous=(t:1, i:13), leaderCommit=10, initializing? false, entries: <empty>
2019-09-10 18:57:39,255 [grpc-default-executor-2] INFO  client.GrpcClientProtocolClient (GrpcClientProtocolClient.java:onNext(264)) - client-F749F73F973A->8e2eaa3a-398a-46ef-9472-b716e4b01ba0: receive RaftClientReply:client-F749F73F973A->8e2eaa3a-398a-46ef-9472-b716e4b01ba0@group-6ED7C0A64790, cid=21, FAILED org.apache.ratis.protocol.NotLeaderException: Server 8e2eaa3a-398a-46ef-9472-b716e4b01ba0@group-6ED7C0A64790 is not the leader 0b57ef76-c121-46fb-9637-94024daca647:192.168.36.113:44606, logIndex=0, commits[8e2eaa3a-398a-46ef-9472-b716e4b01ba0:c10, 0b57ef76-c121-46fb-9637-94024daca647:c10, 0721d391-9877-4bc5-9778-84bb7e49252a:c6]
2019-09-10 18:57:39,581 [java.util.concurrent.ThreadPoolExecutor$Worker@682ced94[State = -1, empty queue]] WARN  server.GrpcLogAppender (GrpcLogAppender.java:timeoutAppendRequest(200)) - 0b57ef76-c121-46fb-9637-94024daca647@group-6ED7C0A64790->8e2eaa3a-398a-46ef-9472-b716e4b01ba0-GrpcLogAppender: appendEntries Timeout, request=0b57ef76-c121-46fb-9637-94024daca647->8e2eaa3a-398a-46ef-9472-b716e4b01ba0#21-t1, previous=(t:1, i:13), leaderCommit=10, initializing? false, entries: <empty>
2019-09-10 18:57:39,581 [java.util.concurrent.ThreadPoolExecutor$Worker@3d619a57[State = -1, empty queue]] WARN  server.GrpcLogAppender (GrpcLogAppender.java:timeoutAppendRequest(200)) - 0b57ef76-c121-46fb-9637-94024daca647@group-6ED7C0A64790->0721d391-9877-4bc5-9778-84bb7e49252a-GrpcLogAppender: appendEntries Timeout, request=0b57ef76-c121-46fb-9637-94024daca647->0721d391-9877-4bc5-9778-84bb7e49252a#21-t1, previous=(t:1, i:13), leaderCommit=10, initializing? false, entries: <empty>
2019-09-10 18:57:42,084 [java.util.concurrent.ThreadPoolExecutor$Worker@3d619a57[State = -1, empty queue]] WARN  server.GrpcLogAppender (GrpcLogAppender.java:timeoutAppendRequest(200)) - 0b57ef76-c121-46fb-9637-94024daca647@group-6ED7C0A64790->0721d391-9877-4bc5-9778-84bb7e49252a-GrpcLogAppender: appendEntries Timeout, request=0b57ef76-c121-46fb-9637-94024daca647->0721d391-9877-4bc5-9778-84bb7e49252a#22-t1, previous=(t:1, i:13), leaderCommit=10, initializing? false, entries: <empty>
2019-09-10 18:57:42,084 [java.util.concurrent.ThreadPoolExecutor$Worker@682ced94[State = -1, empty queue]] WARN  server.GrpcLogAppender (GrpcLogAppender.java:timeoutAppendRequest(200)) - 0b57ef76-c121-46fb-9637-94024daca647@group-6ED7C0A64790->8e2eaa3a-398a-46ef-9472-b716e4b01ba0-GrpcLogAppender: appendEntries Timeout, request=0b57ef76-c121-46fb-9637-94024daca647->8e2eaa3a-398a-46ef-9472-b716e4b01ba0#22-t1, previous=(t:1, i:13), leaderCommit=10, initializing? false, entries: <empty>
2019-09-10 18:57:44,076 [0b57ef76-c121-46fb-9637-94024daca647@group-6ED7C0A64790-SegmentedRaftLogWorker] WARN  segmented.SegmentedRaftLogWorker (SegmentedRaftLogWorker.java:getFromFuture(90)) - Timeout 1/~
org.apache.ratis.protocol.TimeoutIOException: Timeout 10s: WriteLog:11: (t:1, i:11), STATEMACHINELOGENTRY, client-F749F73F973A, cid=21-writeStateMachineData
	at org.apache.ratis.util.IOUtils.getFromFuture(IOUtils.java:87)
	at org.apache.ratis.server.raftlog.segmented.SegmentedRaftLogWorker$StateMachineDataPolicy.getFromFuture(SegmentedRaftLogWorker.java:87)
	at org.apache.ratis.server.raftlog.segmented.SegmentedRaftLogWorker$WriteLog.execute(SegmentedRaftLogWorker.java:477)
	at org.apache.ratis.server.raftlog.segmented.SegmentedRaftLogWorker.run(SegmentedRaftLogWorker.java:289)
	at java.lang.Thread.run(Thread.java:748)
Caused by: java.util.concurrent.TimeoutException
	at java.util.concurrent.CompletableFuture.timedGet(CompletableFuture.java:1771)
	at java.util.concurrent.CompletableFuture.get(CompletableFuture.java:1915)
	at org.apache.ratis.util.IOUtils.getFromFuture(IOUtils.java:79)
	... 4 more
2019-09-10 18:57:44,247 [8e2eaa3a-398a-46ef-9472-b716e4b01ba0@group-6ED7C0A64790-SegmentedRaftLogWorker] WARN  segmented.SegmentedRaftLogWorker (SegmentedRaftLogWorker.java:getFromFuture(90)) - Timeout 1/~
org.apache.ratis.protocol.TimeoutIOException: Timeout 10s: WriteLog:12: (t:1, i:12), STATEMACHINELOGENTRY, client-F749F73F973A, cid=22-writeStateMachineData
	at org.apache.ratis.util.IOUtils.getFromFuture(IOUtils.java:87)
	at org.apache.ratis.server.raftlog.segmented.SegmentedRaftLogWorker$StateMachineDataPolicy.getFromFuture(SegmentedRaftLogWorker.java:87)
	at org.apache.ratis.server.raftlog.segmented.SegmentedRaftLogWorker$WriteLog.execute(SegmentedRaftLogWorker.java:477)
	at org.apache.ratis.server.raftlog.segmented.SegmentedRaftLogWorker.run(SegmentedRaftLogWorker.java:289)
	at java.lang.Thread.run(Thread.java:748)
Caused by: java.util.concurrent.TimeoutException
	at java.util.concurrent.CompletableFuture.timedGet(CompletableFuture.java:1771)
	at java.util.concurrent.CompletableFuture.get(CompletableFuture.java:1915)
	at org.apache.ratis.util.IOUtils.getFromFuture(IOUtils.java:79)
	... 4 more
2019-09-10 18:57:44,292 [0721d391-9877-4bc5-9778-84bb7e49252a@group-6ED7C0A64790-SegmentedRaftLogWorker] WARN  segmented.SegmentedRaftLogWorker (SegmentedRaftLogWorker.java:getFromFuture(90)) - Timeout 1/~
org.apache.ratis.protocol.TimeoutIOException: Timeout 10s: WriteLog:12: (t:1, i:12), STATEMACHINELOGENTRY, client-F749F73F973A, cid=22-writeStateMachineData
	at org.apache.ratis.util.IOUtils.getFromFuture(IOUtils.java:87)
	at org.apache.ratis.server.raftlog.segmented.SegmentedRaftLogWorker$StateMachineDataPolicy.getFromFuture(SegmentedRaftLogWorker.java:87)
	at org.apache.ratis.server.raftlog.segmented.SegmentedRaftLogWorker$WriteLog.execute(SegmentedRaftLogWorker.java:477)
	at org.apache.ratis.server.raftlog.segmented.SegmentedRaftLogWorker.run(SegmentedRaftLogWorker.java:289)
	at java.lang.Thread.run(Thread.java:748)
Caused by: java.util.concurrent.TimeoutException
	at java.util.concurrent.CompletableFuture.timedGet(CompletableFuture.java:1771)
	at java.util.concurrent.CompletableFuture.get(CompletableFuture.java:1915)
	at org.apache.ratis.util.IOUtils.getFromFuture(IOUtils.java:79)
	... 4 more
2019-09-10 18:57:44,318 [grpc-default-executor-2] INFO  client.GrpcClientProtocolClient (GrpcClientProtocolClient.java:onNext(264)) - client-F749F73F973A->0721d391-9877-4bc5-9778-84bb7e49252a: receive RaftClientReply:client-F749F73F973A->0721d391-9877-4bc5-9778-84bb7e49252a@group-6ED7C0A64790, cid=21, FAILED org.apache.ratis.protocol.NotLeaderException: Server 0721d391-9877-4bc5-9778-84bb7e49252a@group-6ED7C0A64790 is not the leader 0b57ef76-c121-46fb-9637-94024daca647:192.168.36.113:44606, logIndex=0, commits[0721d391-9877-4bc5-9778-84bb7e49252a:c10, 0b57ef76-c121-46fb-9637-94024daca647:c10, 8e2eaa3a-398a-46ef-9472-b716e4b01ba0:c6]
2019-09-10 18:57:44,587 [java.util.concurrent.ThreadPoolExecutor$Worker@3d619a57[State = -1, empty queue]] WARN  server.GrpcLogAppender (GrpcLogAppender.java:timeoutAppendRequest(200)) - 0b57ef76-c121-46fb-9637-94024daca647@group-6ED7C0A64790->0721d391-9877-4bc5-9778-84bb7e49252a-GrpcLogAppender: appendEntries Timeout, request=0b57ef76-c121-46fb-9637-94024daca647->0721d391-9877-4bc5-9778-84bb7e49252a#23-t1, previous=(t:1, i:13), leaderCommit=10, initializing? false, entries: <empty>
2019-09-10 18:57:44,587 [java.util.concurrent.ThreadPoolExecutor$Worker@682ced94[State = -1, empty queue]] WARN  server.GrpcLogAppender (GrpcLogAppender.java:timeoutAppendRequest(200)) - 0b57ef76-c121-46fb-9637-94024daca647@group-6ED7C0A64790->8e2eaa3a-398a-46ef-9472-b716e4b01ba0-GrpcLogAppender: appendEntries Timeout, request=0b57ef76-c121-46fb-9637-94024daca647->8e2eaa3a-398a-46ef-9472-b716e4b01ba0#23-t1, previous=(t:1, i:13), leaderCommit=10, initializing? false, entries: <empty>
2019-09-10 18:57:47,089 [java.util.concurrent.ThreadPoolExecutor$Worker@682ced94[State = -1, empty queue]] WARN  server.GrpcLogAppender (GrpcLogAppender.java:timeoutAppendRequest(200)) - 0b57ef76-c121-46fb-9637-94024daca647@group-6ED7C0A64790->8e2eaa3a-398a-46ef-9472-b716e4b01ba0-GrpcLogAppender: appendEntries Timeout, request=0b57ef76-c121-46fb-9637-94024daca647->8e2eaa3a-398a-46ef-9472-b716e4b01ba0#24-t1, previous=(t:1, i:13), leaderCommit=10, initializing? false, entries: <empty>
2019-09-10 18:57:47,089 [java.util.concurrent.ThreadPoolExecutor$Worker@3d619a57[State = -1, empty queue]] WARN  server.GrpcLogAppender (GrpcLogAppender.java:timeoutAppendRequest(200)) - 0b57ef76-c121-46fb-9637-94024daca647@group-6ED7C0A64790->0721d391-9877-4bc5-9778-84bb7e49252a-GrpcLogAppender: appendEntries Timeout, request=0b57ef76-c121-46fb-9637-94024daca647->0721d391-9877-4bc5-9778-84bb7e49252a#24-t1, previous=(t:1, i:13), leaderCommit=10, initializing? false, entries: <empty>
2019-09-10 18:57:49,403 [grpc-default-executor-2] INFO  client.GrpcClientProtocolClient (GrpcClientProtocolClient.java:onNext(264)) - client-F749F73F973A->0721d391-9877-4bc5-9778-84bb7e49252a: receive RaftClientReply:client-F749F73F973A->0721d391-9877-4bc5-9778-84bb7e49252a@group-6ED7C0A64790, cid=21, FAILED org.apache.ratis.protocol.NotLeaderException: Server 0721d391-9877-4bc5-9778-84bb7e49252a@group-6ED7C0A64790 is not the leader 0b57ef76-c121-46fb-9637-94024daca647:192.168.36.113:44606, logIndex=0, commits[0721d391-9877-4bc5-9778-84bb7e49252a:c10, 0b57ef76-c121-46fb-9637-94024daca647:c10, 8e2eaa3a-398a-46ef-9472-b716e4b01ba0:c6]
2019-09-10 18:57:49,590 [java.util.concurrent.ThreadPoolExecutor$Worker@682ced94[State = -1, empty queue]] WARN  server.GrpcLogAppender (GrpcLogAppender.java:timeoutAppendRequest(200)) - 0b57ef76-c121-46fb-9637-94024daca647@group-6ED7C0A64790->8e2eaa3a-398a-46ef-9472-b716e4b01ba0-GrpcLogAppender: appendEntries Timeout, request=0b57ef76-c121-46fb-9637-94024daca647->8e2eaa3a-398a-46ef-9472-b716e4b01ba0#25-t1, previous=(t:1, i:13), leaderCommit=10, initializing? false, entries: <empty>
2019-09-10 18:57:49,590 [java.util.concurrent.ThreadPoolExecutor$Worker@3d619a57[State = -1, empty queue]] WARN  server.GrpcLogAppender (GrpcLogAppender.java:timeoutAppendRequest(200)) - 0b57ef76-c121-46fb-9637-94024daca647@group-6ED7C0A64790->0721d391-9877-4bc5-9778-84bb7e49252a-GrpcLogAppender: appendEntries Timeout, request=0b57ef76-c121-46fb-9637-94024daca647->0721d391-9877-4bc5-9778-84bb7e49252a#25-t1, previous=(t:1, i:13), leaderCommit=10, initializing? false, entries: <empty>
2019-09-10 18:57:52,092 [java.util.concurrent.ThreadPoolExecutor$Worker@3d619a57[State = -1, empty queue]] WARN  server.GrpcLogAppender (GrpcLogAppender.java:timeoutAppendRequest(200)) - 0b57ef76-c121-46fb-9637-94024daca647@group-6ED7C0A64790->0721d391-9877-4bc5-9778-84bb7e49252a-GrpcLogAppender: appendEntries Timeout, request=0b57ef76-c121-46fb-9637-94024daca647->0721d391-9877-4bc5-9778-84bb7e49252a#26-t1, previous=(t:1, i:13), leaderCommit=10, initializing? false, entries: <empty>
2019-09-10 18:57:52,092 [java.util.concurrent.ThreadPoolExecutor$Worker@682ced94[State = -1, empty queue]] WARN  server.GrpcLogAppender (GrpcLogAppender.java:timeoutAppendRequest(200)) - 0b57ef76-c121-46fb-9637-94024daca647@group-6ED7C0A64790->8e2eaa3a-398a-46ef-9472-b716e4b01ba0-GrpcLogAppender: appendEntries Timeout, request=0b57ef76-c121-46fb-9637-94024daca647->8e2eaa3a-398a-46ef-9472-b716e4b01ba0#26-t1, previous=(t:1, i:13), leaderCommit=10, initializing? false, entries: <empty>
2019-09-10 18:57:54,079 [0b57ef76-c121-46fb-9637-94024daca647@group-6ED7C0A64790-SegmentedRaftLogWorker] WARN  segmented.SegmentedRaftLogWorker (SegmentedRaftLogWorker.java:getFromFuture(90)) - Timeout 2/~
org.apache.ratis.protocol.TimeoutIOException: Timeout 10s: WriteLog:11: (t:1, i:11), STATEMACHINELOGENTRY, client-F749F73F973A, cid=21-writeStateMachineData
	at org.apache.ratis.util.IOUtils.getFromFuture(IOUtils.java:87)
	at org.apache.ratis.server.raftlog.segmented.SegmentedRaftLogWorker$StateMachineDataPolicy.getFromFuture(SegmentedRaftLogWorker.java:87)
	at org.apache.ratis.server.raftlog.segmented.SegmentedRaftLogWorker$WriteLog.execute(SegmentedRaftLogWorker.java:477)
	at org.apache.ratis.server.raftlog.segmented.SegmentedRaftLogWorker.run(SegmentedRaftLogWorker.java:289)
	at java.lang.Thread.run(Thread.java:748)
Caused by: java.util.concurrent.TimeoutException
	at java.util.concurrent.CompletableFuture.timedGet(CompletableFuture.java:1771)
	at java.util.concurrent.CompletableFuture.get(CompletableFuture.java:1915)
	at org.apache.ratis.util.IOUtils.getFromFuture(IOUtils.java:79)
	... 4 more
2019-09-10 18:57:54,248 [8e2eaa3a-398a-46ef-9472-b716e4b01ba0@group-6ED7C0A64790-SegmentedRaftLogWorker] WARN  segmented.SegmentedRaftLogWorker (SegmentedRaftLogWorker.java:getFromFuture(90)) - Timeout 2/~
org.apache.ratis.protocol.TimeoutIOException: Timeout 10s: WriteLog:12: (t:1, i:12), STATEMACHINELOGENTRY, client-F749F73F973A, cid=22-writeStateMachineData
	at org.apache.ratis.util.IOUtils.getFromFuture(IOUtils.java:87)
	at org.apache.ratis.server.raftlog.segmented.SegmentedRaftLogWorker$StateMachineDataPolicy.getFromFuture(SegmentedRaftLogWorker.java:87)
	at org.apache.ratis.server.raftlog.segmented.SegmentedRaftLogWorker$WriteLog.execute(SegmentedRaftLogWorker.java:477)
	at org.apache.ratis.server.raftlog.segmented.SegmentedRaftLogWorker.run(SegmentedRaftLogWorker.java:289)
	at java.lang.Thread.run(Thread.java:748)
Caused by: java.util.concurrent.TimeoutException
	at java.util.concurrent.CompletableFuture.timedGet(CompletableFuture.java:1771)
	at java.util.concurrent.CompletableFuture.get(CompletableFuture.java:1915)
	at org.apache.ratis.util.IOUtils.getFromFuture(IOUtils.java:79)
	... 4 more
2019-09-10 18:57:54,294 [0721d391-9877-4bc5-9778-84bb7e49252a@group-6ED7C0A64790-SegmentedRaftLogWorker] WARN  segmented.SegmentedRaftLogWorker (SegmentedRaftLogWorker.java:getFromFuture(90)) - Timeout 2/~
org.apache.ratis.protocol.TimeoutIOException: Timeout 10s: WriteLog:12: (t:1, i:12), STATEMACHINELOGENTRY, client-F749F73F973A, cid=22-writeStateMachineData
	at org.apache.ratis.util.IOUtils.getFromFuture(IOUtils.java:87)
	at org.apache.ratis.server.raftlog.segmented.SegmentedRaftLogWorker$StateMachineDataPolicy.getFromFuture(SegmentedRaftLogWorker.java:87)
	at org.apache.ratis.server.raftlog.segmented.SegmentedRaftLogWorker$WriteLog.execute(SegmentedRaftLogWorker.java:477)
	at org.apache.ratis.server.raftlog.segmented.SegmentedRaftLogWorker.run(SegmentedRaftLogWorker.java:289)
	at java.lang.Thread.run(Thread.java:748)
Caused by: java.util.concurrent.TimeoutException
	at java.util.concurrent.CompletableFuture.timedGet(CompletableFuture.java:1771)
	at java.util.concurrent.CompletableFuture.get(CompletableFuture.java:1915)
	at org.apache.ratis.util.IOUtils.getFromFuture(IOUtils.java:79)
	... 4 more
2019-09-10 18:57:54,461 [grpc-default-executor-2] INFO  client.GrpcClientProtocolClient (GrpcClientProtocolClient.java:onNext(264)) - client-F749F73F973A->8e2eaa3a-398a-46ef-9472-b716e4b01ba0: receive RaftClientReply:client-F749F73F973A->8e2eaa3a-398a-46ef-9472-b716e4b01ba0@group-6ED7C0A64790, cid=21, FAILED org.apache.ratis.protocol.NotLeaderException: Server 8e2eaa3a-398a-46ef-9472-b716e4b01ba0@group-6ED7C0A64790 is not the leader 0b57ef76-c121-46fb-9637-94024daca647:192.168.36.113:44606, logIndex=0, commits[8e2eaa3a-398a-46ef-9472-b716e4b01ba0:c10, 0b57ef76-c121-46fb-9637-94024daca647:c10, 0721d391-9877-4bc5-9778-84bb7e49252a:c6]
2019-09-10 18:57:54,594 [java.util.concurrent.ThreadPoolExecutor$Worker@3d619a57[State = -1, empty queue]] WARN  server.GrpcLogAppender (GrpcLogAppender.java:timeoutAppendRequest(200)) - 0b57ef76-c121-46fb-9637-94024daca647@group-6ED7C0A64790->0721d391-9877-4bc5-9778-84bb7e49252a-GrpcLogAppender: appendEntries Timeout, request=0b57ef76-c121-46fb-9637-94024daca647->0721d391-9877-4bc5-9778-84bb7e49252a#27-t1, previous=(t:1, i:13), leaderCommit=10, initializing? false, entries: <empty>
2019-09-10 18:57:54,594 [java.util.concurrent.ThreadPoolExecutor$Worker@682ced94[State = -1, empty queue]] WARN  server.GrpcLogAppender (GrpcLogAppender.java:timeoutAppendRequest(200)) - 0b57ef76-c121-46fb-9637-94024daca647@group-6ED7C0A64790->8e2eaa3a-398a-46ef-9472-b716e4b01ba0-GrpcLogAppender: appendEntries Timeout, request=0b57ef76-c121-46fb-9637-94024daca647->8e2eaa3a-398a-46ef-9472-b716e4b01ba0#27-t1, previous=(t:1, i:13), leaderCommit=10, initializing? false, entries: <empty>
2019-09-10 18:57:57,096 [java.util.concurrent.ThreadPoolExecutor$Worker@682ced94[State = -1, empty queue]] WARN  server.GrpcLogAppender (GrpcLogAppender.java:timeoutAppendRequest(200)) - 0b57ef76-c121-46fb-9637-94024daca647@group-6ED7C0A64790->8e2eaa3a-398a-46ef-9472-b716e4b01ba0-GrpcLogAppender: appendEntries Timeout, request=0b57ef76-c121-46fb-9637-94024daca647->8e2eaa3a-398a-46ef-9472-b716e4b01ba0#28-t1, previous=(t:1, i:13), leaderCommit=10, initializing? false, entries: <empty>
2019-09-10 18:57:57,096 [java.util.concurrent.ThreadPoolExecutor$Worker@3d619a57[State = -1, empty queue]] WARN  server.GrpcLogAppender (GrpcLogAppender.java:timeoutAppendRequest(200)) - 0b57ef76-c121-46fb-9637-94024daca647@group-6ED7C0A64790->0721d391-9877-4bc5-9778-84bb7e49252a-GrpcLogAppender: appendEntries Timeout, request=0b57ef76-c121-46fb-9637-94024daca647->0721d391-9877-4bc5-9778-84bb7e49252a#28-t1, previous=(t:1, i:13), leaderCommit=10, initializing? false, entries: <empty>
2019-09-10 18:57:59,516 [grpc-default-executor-2] INFO  client.GrpcClientProtocolClient (GrpcClientProtocolClient.java:onNext(264)) - client-F749F73F973A->0721d391-9877-4bc5-9778-84bb7e49252a: receive RaftClientReply:client-F749F73F973A->0721d391-9877-4bc5-9778-84bb7e49252a@group-6ED7C0A64790, cid=21, FAILED org.apache.ratis.protocol.NotLeaderException: Server 0721d391-9877-4bc5-9778-84bb7e49252a@group-6ED7C0A64790 is not the leader 0b57ef76-c121-46fb-9637-94024daca647:192.168.36.113:44606, logIndex=0, commits[0721d391-9877-4bc5-9778-84bb7e49252a:c10, 0b57ef76-c121-46fb-9637-94024daca647:c10, 8e2eaa3a-398a-46ef-9472-b716e4b01ba0:c6]
2019-09-10 18:57:59,597 [java.util.concurrent.ThreadPoolExecutor$Worker@3d619a57[State = -1, empty queue]] WARN  server.GrpcLogAppender (GrpcLogAppender.java:timeoutAppendRequest(200)) - 0b57ef76-c121-46fb-9637-94024daca647@group-6ED7C0A64790->0721d391-9877-4bc5-9778-84bb7e49252a-GrpcLogAppender: appendEntries Timeout, request=0b57ef76-c121-46fb-9637-94024daca647->0721d391-9877-4bc5-9778-84bb7e49252a#29-t1, previous=(t:1, i:13), leaderCommit=10, initializing? false, entries: <empty>
2019-09-10 18:57:59,597 [java.util.concurrent.ThreadPoolExecutor$Worker@682ced94[State = -1, empty queue]] WARN  server.GrpcLogAppender (GrpcLogAppender.java:timeoutAppendRequest(200)) - 0b57ef76-c121-46fb-9637-94024daca647@group-6ED7C0A64790->8e2eaa3a-398a-46ef-9472-b716e4b01ba0-GrpcLogAppender: appendEntries Timeout, request=0b57ef76-c121-46fb-9637-94024daca647->8e2eaa3a-398a-46ef-9472-b716e4b01ba0#29-t1, previous=(t:1, i:13), leaderCommit=10, initializing? false, entries: <empty>
2019-09-10 18:58:02,099 [java.util.concurrent.ThreadPoolExecutor$Worker@682ced94[State = -1, empty queue]] WARN  server.GrpcLogAppender (GrpcLogAppender.java:timeoutAppendRequest(200)) - 0b57ef76-c121-46fb-9637-94024daca647@group-6ED7C0A64790->8e2eaa3a-398a-46ef-9472-b716e4b01ba0-GrpcLogAppender: appendEntries Timeout, request=0b57ef76-c121-46fb-9637-94024daca647->8e2eaa3a-398a-46ef-9472-b716e4b01ba0#30-t1, previous=(t:1, i:13), leaderCommit=10, initializing? false, entries: <empty>
2019-09-10 18:58:02,099 [java.util.concurrent.ThreadPoolExecutor$Worker@3d619a57[State = -1, empty queue]] WARN  server.GrpcLogAppender (GrpcLogAppender.java:timeoutAppendRequest(200)) - 0b57ef76-c121-46fb-9637-94024daca647@group-6ED7C0A64790->0721d391-9877-4bc5-9778-84bb7e49252a-GrpcLogAppender: appendEntries Timeout, request=0b57ef76-c121-46fb-9637-94024daca647->0721d391-9877-4bc5-9778-84bb7e49252a#30-t1, previous=(t:1, i:13), leaderCommit=10, initializing? false, entries: <empty>
2019-09-10 18:58:04,081 [0b57ef76-c121-46fb-9637-94024daca647@group-6ED7C0A64790-SegmentedRaftLogWorker] WARN  segmented.SegmentedRaftLogWorker (SegmentedRaftLogWorker.java:getFromFuture(90)) - Timeout 3/~
org.apache.ratis.protocol.TimeoutIOException: Timeout 10s: WriteLog:11: (t:1, i:11), STATEMACHINELOGENTRY, client-F749F73F973A, cid=21-writeStateMachineData
	at org.apache.ratis.util.IOUtils.getFromFuture(IOUtils.java:87)
	at org.apache.ratis.server.raftlog.segmented.SegmentedRaftLogWorker$StateMachineDataPolicy.getFromFuture(SegmentedRaftLogWorker.java:87)
	at org.apache.ratis.server.raftlog.segmented.SegmentedRaftLogWorker$WriteLog.execute(SegmentedRaftLogWorker.java:477)
	at org.apache.ratis.server.raftlog.segmented.SegmentedRaftLogWorker.run(SegmentedRaftLogWorker.java:289)
	at java.lang.Thread.run(Thread.java:748)
Caused by: java.util.concurrent.TimeoutException
	at java.util.concurrent.CompletableFuture.timedGet(CompletableFuture.java:1771)
	at java.util.concurrent.CompletableFuture.get(CompletableFuture.java:1915)
	at org.apache.ratis.util.IOUtils.getFromFuture(IOUtils.java:79)
	... 4 more
2019-09-10 18:58:04,250 [8e2eaa3a-398a-46ef-9472-b716e4b01ba0@group-6ED7C0A64790-SegmentedRaftLogWorker] WARN  segmented.SegmentedRaftLogWorker (SegmentedRaftLogWorker.java:getFromFuture(90)) - Timeout 3/~
org.apache.ratis.protocol.TimeoutIOException: Timeout 10s: WriteLog:12: (t:1, i:12), STATEMACHINELOGENTRY, client-F749F73F973A, cid=22-writeStateMachineData
	at org.apache.ratis.util.IOUtils.getFromFuture(IOUtils.java:87)
	at org.apache.ratis.server.raftlog.segmented.SegmentedRaftLogWorker$StateMachineDataPolicy.getFromFuture(SegmentedRaftLogWorker.java:87)
	at org.apache.ratis.server.raftlog.segmented.SegmentedRaftLogWorker$WriteLog.execute(SegmentedRaftLogWorker.java:477)
	at org.apache.ratis.server.raftlog.segmented.SegmentedRaftLogWorker.run(SegmentedRaftLogWorker.java:289)
	at java.lang.Thread.run(Thread.java:748)
Caused by: java.util.concurrent.TimeoutException
	at java.util.concurrent.CompletableFuture.timedGet(CompletableFuture.java:1771)
	at java.util.concurrent.CompletableFuture.get(CompletableFuture.java:1915)
	at org.apache.ratis.util.IOUtils.getFromFuture(IOUtils.java:79)
	... 4 more
2019-09-10 18:58:04,295 [0721d391-9877-4bc5-9778-84bb7e49252a@group-6ED7C0A64790-SegmentedRaftLogWorker] WARN  segmented.SegmentedRaftLogWorker (SegmentedRaftLogWorker.java:getFromFuture(90)) - Timeout 3/~
org.apache.ratis.protocol.TimeoutIOException: Timeout 10s: WriteLog:12: (t:1, i:12), STATEMACHINELOGENTRY, client-F749F73F973A, cid=22-writeStateMachineData
	at org.apache.ratis.util.IOUtils.getFromFuture(IOUtils.java:87)
	at org.apache.ratis.server.raftlog.segmented.SegmentedRaftLogWorker$StateMachineDataPolicy.getFromFuture(SegmentedRaftLogWorker.java:87)
	at org.apache.ratis.server.raftlog.segmented.SegmentedRaftLogWorker$WriteLog.execute(SegmentedRaftLogWorker.java:477)
	at org.apache.ratis.server.raftlog.segmented.SegmentedRaftLogWorker.run(SegmentedRaftLogWorker.java:289)
	at java.lang.Thread.run(Thread.java:748)
Caused by: java.util.concurrent.TimeoutException
	at java.util.concurrent.CompletableFuture.timedGet(CompletableFuture.java:1771)
	at java.util.concurrent.CompletableFuture.get(CompletableFuture.java:1915)
	at org.apache.ratis.util.IOUtils.getFromFuture(IOUtils.java:79)
	... 4 more
2019-09-10 18:58:04,574 [grpc-default-executor-0] INFO  client.GrpcClientProtocolClient (GrpcClientProtocolClient.java:onNext(264)) - client-F749F73F973A->8e2eaa3a-398a-46ef-9472-b716e4b01ba0: receive RaftClientReply:client-F749F73F973A->8e2eaa3a-398a-46ef-9472-b716e4b01ba0@group-6ED7C0A64790, cid=21, FAILED org.apache.ratis.protocol.NotLeaderException: Server 8e2eaa3a-398a-46ef-9472-b716e4b01ba0@group-6ED7C0A64790 is not the leader 0b57ef76-c121-46fb-9637-94024daca647:192.168.36.113:44606, logIndex=0, commits[8e2eaa3a-398a-46ef-9472-b716e4b01ba0:c10, 0b57ef76-c121-46fb-9637-94024daca647:c10, 0721d391-9877-4bc5-9778-84bb7e49252a:c6]
2019-09-10 18:58:04,600 [java.util.concurrent.ThreadPoolExecutor$Worker@3d619a57[State = -1, empty queue]] WARN  server.GrpcLogAppender (GrpcLogAppender.java:timeoutAppendRequest(200)) - 0b57ef76-c121-46fb-9637-94024daca647@group-6ED7C0A64790->0721d391-9877-4bc5-9778-84bb7e49252a-GrpcLogAppender: appendEntries Timeout, request=0b57ef76-c121-46fb-9637-94024daca647->0721d391-9877-4bc5-9778-84bb7e49252a#31-t1, previous=(t:1, i:13), leaderCommit=10, initializing? false, entries: <empty>
2019-09-10 18:58:04,600 [java.util.concurrent.ThreadPoolExecutor$Worker@682ced94[State = -1, empty queue]] WARN  server.GrpcLogAppender (GrpcLogAppender.java:timeoutAppendRequest(200)) - 0b57ef76-c121-46fb-9637-94024daca647@group-6ED7C0A64790->8e2eaa3a-398a-46ef-9472-b716e4b01ba0-GrpcLogAppender: appendEntries Timeout, request=0b57ef76-c121-46fb-9637-94024daca647->8e2eaa3a-398a-46ef-9472-b716e4b01ba0#31-t1, previous=(t:1, i:13), leaderCommit=10, initializing? false, entries: <empty>
2019-09-10 18:58:07,101 [java.util.concurrent.ThreadPoolExecutor$Worker@3d619a57[State = -1, empty queue]] WARN  server.GrpcLogAppender (GrpcLogAppender.java:timeoutAppendRequest(200)) - 0b57ef76-c121-46fb-9637-94024daca647@group-6ED7C0A64790->0721d391-9877-4bc5-9778-84bb7e49252a-GrpcLogAppender: appendEntries Timeout, request=0b57ef76-c121-46fb-9637-94024daca647->0721d391-9877-4bc5-9778-84bb7e49252a#32-t1, previous=(t:1, i:13), leaderCommit=10, initializing? false, entries: <empty>
2019-09-10 18:58:07,101 [java.util.concurrent.ThreadPoolExecutor$Worker@682ced94[State = -1, empty queue]] WARN  server.GrpcLogAppender (GrpcLogAppender.java:timeoutAppendRequest(200)) - 0b57ef76-c121-46fb-9637-94024daca647@group-6ED7C0A64790->8e2eaa3a-398a-46ef-9472-b716e4b01ba0-GrpcLogAppender: appendEntries Timeout, request=0b57ef76-c121-46fb-9637-94024daca647->8e2eaa3a-398a-46ef-9472-b716e4b01ba0#32-t1, previous=(t:1, i:13), leaderCommit=10, initializing? false, entries: <empty>
2019-09-10 18:58:09,601 [java.util.concurrent.ThreadPoolExecutor$Worker@3d619a57[State = -1, empty queue]] WARN  server.GrpcLogAppender (GrpcLogAppender.java:timeoutAppendRequest(200)) - 0b57ef76-c121-46fb-9637-94024daca647@group-6ED7C0A64790->0721d391-9877-4bc5-9778-84bb7e49252a-GrpcLogAppender: appendEntries Timeout, request=0b57ef76-c121-46fb-9637-94024daca647->0721d391-9877-4bc5-9778-84bb7e49252a#33-t1, previous=(t:1, i:13), leaderCommit=10, initializing? false, entries: <empty>
2019-09-10 18:58:09,601 [java.util.concurrent.ThreadPoolExecutor$Worker@682ced94[State = -1, empty queue]] WARN  server.GrpcLogAppender (GrpcLogAppender.java:timeoutAppendRequest(200)) - 0b57ef76-c121-46fb-9637-94024daca647@group-6ED7C0A64790->8e2eaa3a-398a-46ef-9472-b716e4b01ba0-GrpcLogAppender: appendEntries Timeout, request=0b57ef76-c121-46fb-9637-94024daca647->8e2eaa3a-398a-46ef-9472-b716e4b01ba0#33-t1, previous=(t:1, i:13), leaderCommit=10, initializing? false, entries: <empty>
2019-09-10 18:58:09,614 [grpc-default-executor-0] INFO  client.GrpcClientProtocolClient (GrpcClientProtocolClient.java:onNext(264)) - client-F749F73F973A->0721d391-9877-4bc5-9778-84bb7e49252a: receive RaftClientReply:client-F749F73F973A->0721d391-9877-4bc5-9778-84bb7e49252a@group-6ED7C0A64790, cid=21, FAILED org.apache.ratis.protocol.NotLeaderException: Server 0721d391-9877-4bc5-9778-84bb7e49252a@group-6ED7C0A64790 is not the leader 0b57ef76-c121-46fb-9637-94024daca647:192.168.36.113:44606, logIndex=0, commits[0721d391-9877-4bc5-9778-84bb7e49252a:c10, 0b57ef76-c121-46fb-9637-94024daca647:c10, 8e2eaa3a-398a-46ef-9472-b716e4b01ba0:c6]
2019-09-10 18:58:12,102 [java.util.concurrent.ThreadPoolExecutor$Worker@3d619a57[State = -1, empty queue]] WARN  server.GrpcLogAppender (GrpcLogAppender.java:timeoutAppendRequest(200)) - 0b57ef76-c121-46fb-9637-94024daca647@group-6ED7C0A64790->0721d391-9877-4bc5-9778-84bb7e49252a-GrpcLogAppender: appendEntries Timeout, request=0b57ef76-c121-46fb-9637-94024daca647->0721d391-9877-4bc5-9778-84bb7e49252a#34-t1, previous=(t:1, i:13), leaderCommit=10, initializing? false, entries: <empty>
2019-09-10 18:58:12,102 [java.util.concurrent.ThreadPoolExecutor$Worker@682ced94[State = -1, empty queue]] WARN  server.GrpcLogAppender (GrpcLogAppender.java:timeoutAppendRequest(200)) - 0b57ef76-c121-46fb-9637-94024daca647@group-6ED7C0A64790->8e2eaa3a-398a-46ef-9472-b716e4b01ba0-GrpcLogAppender: appendEntries Timeout, request=0b57ef76-c121-46fb-9637-94024daca647->8e2eaa3a-398a-46ef-9472-b716e4b01ba0#34-t1, previous=(t:1, i:13), leaderCommit=10, initializing? false, entries: <empty>
2019-09-10 18:58:14,082 [0b57ef76-c121-46fb-9637-94024daca647@group-6ED7C0A64790-SegmentedRaftLogWorker] WARN  segmented.SegmentedRaftLogWorker (SegmentedRaftLogWorker.java:getFromFuture(90)) - Timeout 4/~
org.apache.ratis.protocol.TimeoutIOException: Timeout 10s: WriteLog:11: (t:1, i:11), STATEMACHINELOGENTRY, client-F749F73F973A, cid=21-writeStateMachineData
	at org.apache.ratis.util.IOUtils.getFromFuture(IOUtils.java:87)
	at org.apache.ratis.server.raftlog.segmented.SegmentedRaftLogWorker$StateMachineDataPolicy.getFromFuture(SegmentedRaftLogWorker.java:87)
	at org.apache.ratis.server.raftlog.segmented.SegmentedRaftLogWorker$WriteLog.execute(SegmentedRaftLogWorker.java:477)
	at org.apache.ratis.server.raftlog.segmented.SegmentedRaftLogWorker.run(SegmentedRaftLogWorker.java:289)
	at java.lang.Thread.run(Thread.java:748)
Caused by: java.util.concurrent.TimeoutException
	at java.util.concurrent.CompletableFuture.timedGet(CompletableFuture.java:1771)
	at java.util.concurrent.CompletableFuture.get(CompletableFuture.java:1915)
	at org.apache.ratis.util.IOUtils.getFromFuture(IOUtils.java:79)
	... 4 more
2019-09-10 18:58:14,251 [8e2eaa3a-398a-46ef-9472-b716e4b01ba0@group-6ED7C0A64790-SegmentedRaftLogWorker] WARN  segmented.SegmentedRaftLogWorker (SegmentedRaftLogWorker.java:getFromFuture(90)) - Timeout 4/~
org.apache.ratis.protocol.TimeoutIOException: Timeout 10s: WriteLog:12: (t:1, i:12), STATEMACHINELOGENTRY, client-F749F73F973A, cid=22-writeStateMachineData
	at org.apache.ratis.util.IOUtils.getFromFuture(IOUtils.java:87)
	at org.apache.ratis.server.raftlog.segmented.SegmentedRaftLogWorker$StateMachineDataPolicy.getFromFuture(SegmentedRaftLogWorker.java:87)
	at org.apache.ratis.server.raftlog.segmented.SegmentedRaftLogWorker$WriteLog.execute(SegmentedRaftLogWorker.java:477)
	at org.apache.ratis.server.raftlog.segmented.SegmentedRaftLogWorker.run(SegmentedRaftLogWorker.java:289)
	at java.lang.Thread.run(Thread.java:748)
Caused by: java.util.concurrent.TimeoutException
	at java.util.concurrent.CompletableFuture.timedGet(CompletableFuture.java:1771)
	at java.util.concurrent.CompletableFuture.get(CompletableFuture.java:1915)
	at org.apache.ratis.util.IOUtils.getFromFuture(IOUtils.java:79)
	... 4 more
2019-09-10 18:58:14,295 [0721d391-9877-4bc5-9778-84bb7e49252a@group-6ED7C0A64790-SegmentedRaftLogWorker] WARN  segmented.SegmentedRaftLogWorker (SegmentedRaftLogWorker.java:getFromFuture(90)) - Timeout 4/~
org.apache.ratis.protocol.TimeoutIOException: Timeout 10s: WriteLog:12: (t:1, i:12), STATEMACHINELOGENTRY, client-F749F73F973A, cid=22-writeStateMachineData
	at org.apache.ratis.util.IOUtils.getFromFuture(IOUtils.java:87)
	at org.apache.ratis.server.raftlog.segmented.SegmentedRaftLogWorker$StateMachineDataPolicy.getFromFuture(SegmentedRaftLogWorker.java:87)
	at org.apache.ratis.server.raftlog.segmented.SegmentedRaftLogWorker$WriteLog.execute(SegmentedRaftLogWorker.java:477)
	at org.apache.ratis.server.raftlog.segmented.SegmentedRaftLogWorker.run(SegmentedRaftLogWorker.java:289)
	at java.lang.Thread.run(Thread.java:748)
Caused by: java.util.concurrent.TimeoutException
	at java.util.concurrent.CompletableFuture.timedGet(CompletableFuture.java:1771)
	at java.util.concurrent.CompletableFuture.get(CompletableFuture.java:1915)
	at org.apache.ratis.util.IOUtils.getFromFuture(IOUtils.java:79)
	... 4 more
2019-09-10 18:58:14,603 [java.util.concurrent.ThreadPoolExecutor$Worker@682ced94[State = -1, empty queue]] WARN  server.GrpcLogAppender (GrpcLogAppender.java:timeoutAppendRequest(200)) - 0b57ef76-c121-46fb-9637-94024daca647@group-6ED7C0A64790->8e2eaa3a-398a-46ef-9472-b716e4b01ba0-GrpcLogAppender: appendEntries Timeout, request=0b57ef76-c121-46fb-9637-94024daca647->8e2eaa3a-398a-46ef-9472-b716e4b01ba0#35-t1, previous=(t:1, i:13), leaderCommit=10, initializing? false, entries: <empty>
2019-09-10 18:58:14,603 [java.util.concurrent.ThreadPoolExecutor$Worker@3d619a57[State = -1, empty queue]] WARN  server.GrpcLogAppender (GrpcLogAppender.java:timeoutAppendRequest(200)) - 0b57ef76-c121-46fb-9637-94024daca647@group-6ED7C0A64790->0721d391-9877-4bc5-9778-84bb7e49252a-GrpcLogAppender: appendEntries Timeout, request=0b57ef76-c121-46fb-9637-94024daca647->0721d391-9877-4bc5-9778-84bb7e49252a#35-t1, previous=(t:1, i:13), leaderCommit=10, initializing? false, entries: <empty>
2019-09-10 18:58:14,662 [grpc-default-executor-1] INFO  client.GrpcClientProtocolClient (GrpcClientProtocolClient.java:onNext(264)) - client-F749F73F973A->8e2eaa3a-398a-46ef-9472-b716e4b01ba0: receive RaftClientReply:client-F749F73F973A->8e2eaa3a-398a-46ef-9472-b716e4b01ba0@group-6ED7C0A64790, cid=21, FAILED org.apache.ratis.protocol.NotLeaderException: Server 8e2eaa3a-398a-46ef-9472-b716e4b01ba0@group-6ED7C0A64790 is not the leader 0b57ef76-c121-46fb-9637-94024daca647:192.168.36.113:44606, logIndex=0, commits[8e2eaa3a-398a-46ef-9472-b716e4b01ba0:c10, 0b57ef76-c121-46fb-9637-94024daca647:c10, 0721d391-9877-4bc5-9778-84bb7e49252a:c6]
2019-09-10 18:58:17,105 [java.util.concurrent.ThreadPoolExecutor$Worker@3d619a57[State = -1, empty queue]] WARN  server.GrpcLogAppender (GrpcLogAppender.java:timeoutAppendRequest(200)) - 0b57ef76-c121-46fb-9637-94024daca647@group-6ED7C0A64790->0721d391-9877-4bc5-9778-84bb7e49252a-GrpcLogAppender: appendEntries Timeout, request=0b57ef76-c121-46fb-9637-94024daca647->0721d391-9877-4bc5-9778-84bb7e49252a#36-t1, previous=(t:1, i:13), leaderCommit=10, initializing? false, entries: <empty>
2019-09-10 18:58:17,105 [java.util.concurrent.ThreadPoolExecutor$Worker@682ced94[State = -1, empty queue]] WARN  server.GrpcLogAppender (GrpcLogAppender.java:timeoutAppendRequest(200)) - 0b57ef76-c121-46fb-9637-94024daca647@group-6ED7C0A64790->8e2eaa3a-398a-46ef-9472-b716e4b01ba0-GrpcLogAppender: appendEntries Timeout, request=0b57ef76-c121-46fb-9637-94024daca647->8e2eaa3a-398a-46ef-9472-b716e4b01ba0#36-t1, previous=(t:1, i:13), leaderCommit=10, initializing? false, entries: <empty>
2019-09-10 18:58:19,606 [java.util.concurrent.ThreadPoolExecutor$Worker@3d619a57[State = -1, empty queue]] WARN  server.GrpcLogAppender (GrpcLogAppender.java:timeoutAppendRequest(200)) - 0b57ef76-c121-46fb-9637-94024daca647@group-6ED7C0A64790->0721d391-9877-4bc5-9778-84bb7e49252a-GrpcLogAppender: appendEntries Timeout, request=0b57ef76-c121-46fb-9637-94024daca647->0721d391-9877-4bc5-9778-84bb7e49252a#37-t1, previous=(t:1, i:13), leaderCommit=10, initializing? false, entries: <empty>
2019-09-10 18:58:19,606 [java.util.concurrent.ThreadPoolExecutor$Worker@682ced94[State = -1, empty queue]] WARN  server.GrpcLogAppender (GrpcLogAppender.java:timeoutAppendRequest(200)) - 0b57ef76-c121-46fb-9637-94024daca647@group-6ED7C0A64790->8e2eaa3a-398a-46ef-9472-b716e4b01ba0-GrpcLogAppender: appendEntries Timeout, request=0b57ef76-c121-46fb-9637-94024daca647->8e2eaa3a-398a-46ef-9472-b716e4b01ba0#37-t1, previous=(t:1, i:13), leaderCommit=10, initializing? false, entries: <empty>
2019-09-10 18:58:19,720 [grpc-default-executor-2] INFO  client.GrpcClientProtocolClient (GrpcClientProtocolClient.java:onNext(264)) - client-F749F73F973A->8e2eaa3a-398a-46ef-9472-b716e4b01ba0: receive RaftClientReply:client-F749F73F973A->8e2eaa3a-398a-46ef-9472-b716e4b01ba0@group-6ED7C0A64790, cid=21, FAILED org.apache.ratis.protocol.NotLeaderException: Server 8e2eaa3a-398a-46ef-9472-b716e4b01ba0@group-6ED7C0A64790 is not the leader 0b57ef76-c121-46fb-9637-94024daca647:192.168.36.113:44606, logIndex=0, commits[8e2eaa3a-398a-46ef-9472-b716e4b01ba0:c10, 0b57ef76-c121-46fb-9637-94024daca647:c10, 0721d391-9877-4bc5-9778-84bb7e49252a:c6]
2019-09-10 18:58:22,107 [java.util.concurrent.ThreadPoolExecutor$Worker@3d619a57[State = -1, empty queue]] WARN  server.GrpcLogAppender (GrpcLogAppender.java:timeoutAppendRequest(200)) - 0b57ef76-c121-46fb-9637-94024daca647@group-6ED7C0A64790->0721d391-9877-4bc5-9778-84bb7e49252a-GrpcLogAppender: appendEntries Timeout, request=0b57ef76-c121-46fb-9637-94024daca647->0721d391-9877-4bc5-9778-84bb7e49252a#38-t1, previous=(t:1, i:13), leaderCommit=10, initializing? false, entries: <empty>
2019-09-10 18:58:22,107 [java.util.concurrent.ThreadPoolExecutor$Worker@682ced94[State = -1, empty queue]] WARN  server.GrpcLogAppender (GrpcLogAppender.java:timeoutAppendRequest(200)) - 0b57ef76-c121-46fb-9637-94024daca647@group-6ED7C0A64790->8e2eaa3a-398a-46ef-9472-b716e4b01ba0-GrpcLogAppender: appendEntries Timeout, request=0b57ef76-c121-46fb-9637-94024daca647->8e2eaa3a-398a-46ef-9472-b716e4b01ba0#38-t1, previous=(t:1, i:13), leaderCommit=10, initializing? false, entries: <empty>
2019-09-10 18:58:24,084 [0b57ef76-c121-46fb-9637-94024daca647@group-6ED7C0A64790-SegmentedRaftLogWorker] WARN  segmented.SegmentedRaftLogWorker (SegmentedRaftLogWorker.java:getFromFuture(90)) - Timeout 5/~
org.apache.ratis.protocol.TimeoutIOException: Timeout 10s: WriteLog:11: (t:1, i:11), STATEMACHINELOGENTRY, client-F749F73F973A, cid=21-writeStateMachineData
	at org.apache.ratis.util.IOUtils.getFromFuture(IOUtils.java:87)
	at org.apache.ratis.server.raftlog.segmented.SegmentedRaftLogWorker$StateMachineDataPolicy.getFromFuture(SegmentedRaftLogWorker.java:87)
	at org.apache.ratis.server.raftlog.segmented.SegmentedRaftLogWorker$WriteLog.execute(SegmentedRaftLogWorker.java:477)
	at org.apache.ratis.server.raftlog.segmented.SegmentedRaftLogWorker.run(SegmentedRaftLogWorker.java:289)
	at java.lang.Thread.run(Thread.java:748)
Caused by: java.util.concurrent.TimeoutException
	at java.util.concurrent.CompletableFuture.timedGet(CompletableFuture.java:1771)
	at java.util.concurrent.CompletableFuture.get(CompletableFuture.java:1915)
	at org.apache.ratis.util.IOUtils.getFromFuture(IOUtils.java:79)
	... 4 more
2019-09-10 18:58:24,252 [8e2eaa3a-398a-46ef-9472-b716e4b01ba0@group-6ED7C0A64790-SegmentedRaftLogWorker] WARN  segmented.SegmentedRaftLogWorker (SegmentedRaftLogWorker.java:getFromFuture(90)) - Timeout 5/~
org.apache.ratis.protocol.TimeoutIOException: Timeout 10s: WriteLog:12: (t:1, i:12), STATEMACHINELOGENTRY, client-F749F73F973A, cid=22-writeStateMachineData
	at org.apache.ratis.util.IOUtils.getFromFuture(IOUtils.java:87)
	at org.apache.ratis.server.raftlog.segmented.SegmentedRaftLogWorker$StateMachineDataPolicy.getFromFuture(SegmentedRaftLogWorker.java:87)
	at org.apache.ratis.server.raftlog.segmented.SegmentedRaftLogWorker$WriteLog.execute(SegmentedRaftLogWorker.java:477)
	at org.apache.ratis.server.raftlog.segmented.SegmentedRaftLogWorker.run(SegmentedRaftLogWorker.java:289)
	at java.lang.Thread.run(Thread.java:748)
Caused by: java.util.concurrent.TimeoutException
	at java.util.concurrent.CompletableFuture.timedGet(CompletableFuture.java:1771)
	at java.util.concurrent.CompletableFuture.get(CompletableFuture.java:1915)
	at org.apache.ratis.util.IOUtils.getFromFuture(IOUtils.java:79)
	... 4 more
2019-09-10 18:58:24,296 [0721d391-9877-4bc5-9778-84bb7e49252a@group-6ED7C0A64790-SegmentedRaftLogWorker] WARN  segmented.SegmentedRaftLogWorker (SegmentedRaftLogWorker.java:getFromFuture(90)) - Timeout 5/~
org.apache.ratis.protocol.TimeoutIOException: Timeout 10s: WriteLog:12: (t:1, i:12), STATEMACHINELOGENTRY, client-F749F73F973A, cid=22-writeStateMachineData
	at org.apache.ratis.util.IOUtils.getFromFuture(IOUtils.java:87)
	at org.apache.ratis.server.raftlog.segmented.SegmentedRaftLogWorker$StateMachineDataPolicy.getFromFuture(SegmentedRaftLogWorker.java:87)
	at org.apache.ratis.server.raftlog.segmented.SegmentedRaftLogWorker$WriteLog.execute(SegmentedRaftLogWorker.java:477)
	at org.apache.ratis.server.raftlog.segmented.SegmentedRaftLogWorker.run(SegmentedRaftLogWorker.java:289)
	at java.lang.Thread.run(Thread.java:748)
Caused by: java.util.concurrent.TimeoutException
	at java.util.concurrent.CompletableFuture.timedGet(CompletableFuture.java:1771)
	at java.util.concurrent.CompletableFuture.get(CompletableFuture.java:1915)
	at org.apache.ratis.util.IOUtils.getFromFuture(IOUtils.java:79)
	... 4 more
2019-09-10 18:58:24,608 [java.util.concurrent.ThreadPoolExecutor$Worker@682ced94[State = -1, empty queue]] WARN  server.GrpcLogAppender (GrpcLogAppender.java:timeoutAppendRequest(200)) - 0b57ef76-c121-46fb-9637-94024daca647@group-6ED7C0A64790->8e2eaa3a-398a-46ef-9472-b716e4b01ba0-GrpcLogAppender: appendEntries Timeout, request=0b57ef76-c121-46fb-9637-94024daca647->8e2eaa3a-398a-46ef-9472-b716e4b01ba0#39-t1, previous=(t:1, i:13), leaderCommit=10, initializing? false, entries: <empty>
2019-09-10 18:58:24,608 [java.util.concurrent.ThreadPoolExecutor$Worker@3d619a57[State = -1, empty queue]] WARN  server.GrpcLogAppender (GrpcLogAppender.java:timeoutAppendRequest(200)) - 0b57ef76-c121-46fb-9637-94024daca647@group-6ED7C0A64790->0721d391-9877-4bc5-9778-84bb7e49252a-GrpcLogAppender: appendEntries Timeout, request=0b57ef76-c121-46fb-9637-94024daca647->0721d391-9877-4bc5-9778-84bb7e49252a#39-t1, previous=(t:1, i:13), leaderCommit=10, initializing? false, entries: <empty>
2019-09-10 18:58:24,768 [grpc-default-executor-1] INFO  client.GrpcClientProtocolClient (GrpcClientProtocolClient.java:onNext(264)) - client-F749F73F973A->8e2eaa3a-398a-46ef-9472-b716e4b01ba0: receive RaftClientReply:client-F749F73F973A->8e2eaa3a-398a-46ef-9472-b716e4b01ba0@group-6ED7C0A64790, cid=21, FAILED org.apache.ratis.protocol.NotLeaderException: Server 8e2eaa3a-398a-46ef-9472-b716e4b01ba0@group-6ED7C0A64790 is not the leader 0b57ef76-c121-46fb-9637-94024daca647:192.168.36.113:44606, logIndex=0, commits[8e2eaa3a-398a-46ef-9472-b716e4b01ba0:c10, 0b57ef76-c121-46fb-9637-94024daca647:c10, 0721d391-9877-4bc5-9778-84bb7e49252a:c6]
2019-09-10 18:58:27,109 [java.util.concurrent.ThreadPoolExecutor$Worker@3d619a57[State = -1, empty queue]] WARN  server.GrpcLogAppender (GrpcLogAppender.java:timeoutAppendRequest(200)) - 0b57ef76-c121-46fb-9637-94024daca647@group-6ED7C0A64790->0721d391-9877-4bc5-9778-84bb7e49252a-GrpcLogAppender: appendEntries Timeout, request=0b57ef76-c121-46fb-9637-94024daca647->0721d391-9877-4bc5-9778-84bb7e49252a#40-t1, previous=(t:1, i:13), leaderCommit=10, initializing? false, entries: <empty>
2019-09-10 18:58:27,109 [java.util.concurrent.ThreadPoolExecutor$Worker@682ced94[State = -1, empty queue]] WARN  server.GrpcLogAppender (GrpcLogAppender.java:timeoutAppendRequest(200)) - 0b57ef76-c121-46fb-9637-94024daca647@group-6ED7C0A64790->8e2eaa3a-398a-46ef-9472-b716e4b01ba0-GrpcLogAppender: appendEntries Timeout, request=0b57ef76-c121-46fb-9637-94024daca647->8e2eaa3a-398a-46ef-9472-b716e4b01ba0#40-t1, previous=(t:1, i:13), leaderCommit=10, initializing? false, entries: <empty>
2019-09-10 18:58:29,610 [java.util.concurrent.ThreadPoolExecutor$Worker@3d619a57[State = -1, empty queue]] WARN  server.GrpcLogAppender (GrpcLogAppender.java:timeoutAppendRequest(200)) - 0b57ef76-c121-46fb-9637-94024daca647@group-6ED7C0A64790->0721d391-9877-4bc5-9778-84bb7e49252a-GrpcLogAppender: appendEntries Timeout, request=0b57ef76-c121-46fb-9637-94024daca647->0721d391-9877-4bc5-9778-84bb7e49252a#41-t1, previous=(t:1, i:13), leaderCommit=10, initializing? false, entries: <empty>
2019-09-10 18:58:29,610 [java.util.concurrent.ThreadPoolExecutor$Worker@682ced94[State = -1, empty queue]] WARN  server.GrpcLogAppender (GrpcLogAppender.java:timeoutAppendRequest(200)) - 0b57ef76-c121-46fb-9637-94024daca647@group-6ED7C0A64790->8e2eaa3a-398a-46ef-9472-b716e4b01ba0-GrpcLogAppender: appendEntries Timeout, request=0b57ef76-c121-46fb-9637-94024daca647->8e2eaa3a-398a-46ef-9472-b716e4b01ba0#41-t1, previous=(t:1, i:13), leaderCommit=10, initializing? false, entries: <empty>
2019-09-10 18:58:29,818 [grpc-default-executor-2] INFO  client.GrpcClientProtocolClient (GrpcClientProtocolClient.java:onNext(264)) - client-F749F73F973A->8e2eaa3a-398a-46ef-9472-b716e4b01ba0: receive RaftClientReply:client-F749F73F973A->8e2eaa3a-398a-46ef-9472-b716e4b01ba0@group-6ED7C0A64790, cid=21, FAILED org.apache.ratis.protocol.NotLeaderException: Server 8e2eaa3a-398a-46ef-9472-b716e4b01ba0@group-6ED7C0A64790 is not the leader 0b57ef76-c121-46fb-9637-94024daca647:192.168.36.113:44606, logIndex=0, commits[8e2eaa3a-398a-46ef-9472-b716e4b01ba0:c10, 0b57ef76-c121-46fb-9637-94024daca647:c10, 0721d391-9877-4bc5-9778-84bb7e49252a:c6]
2019-09-10 18:58:32,111 [java.util.concurrent.ThreadPoolExecutor$Worker@682ced94[State = -1, empty queue]] WARN  server.GrpcLogAppender (GrpcLogAppender.java:timeoutAppendRequest(200)) - 0b57ef76-c121-46fb-9637-94024daca647@group-6ED7C0A64790->8e2eaa3a-398a-46ef-9472-b716e4b01ba0-GrpcLogAppender: appendEntries Timeout, request=0b57ef76-c121-46fb-9637-94024daca647->8e2eaa3a-398a-46ef-9472-b716e4b01ba0#42-t1, previous=(t:1, i:13), leaderCommit=10, initializing? false, entries: <empty>
2019-09-10 18:58:32,111 [java.util.concurrent.ThreadPoolExecutor$Worker@3d619a57[State = -1, empty queue]] WARN  server.GrpcLogAppender (GrpcLogAppender.java:timeoutAppendRequest(200)) - 0b57ef76-c121-46fb-9637-94024daca647@group-6ED7C0A64790->0721d391-9877-4bc5-9778-84bb7e49252a-GrpcLogAppender: appendEntries Timeout, request=0b57ef76-c121-46fb-9637-94024daca647->0721d391-9877-4bc5-9778-84bb7e49252a#42-t1, previous=(t:1, i:13), leaderCommit=10, initializing? false, entries: <empty>
2019-09-10 18:58:34,087 [0b57ef76-c121-46fb-9637-94024daca647@group-6ED7C0A64790-SegmentedRaftLogWorker] WARN  segmented.SegmentedRaftLogWorker (SegmentedRaftLogWorker.java:getFromFuture(90)) - Timeout 6/~
org.apache.ratis.protocol.TimeoutIOException: Timeout 10s: WriteLog:11: (t:1, i:11), STATEMACHINELOGENTRY, client-F749F73F973A, cid=21-writeStateMachineData
	at org.apache.ratis.util.IOUtils.getFromFuture(IOUtils.java:87)
	at org.apache.ratis.server.raftlog.segmented.SegmentedRaftLogWorker$StateMachineDataPolicy.getFromFuture(SegmentedRaftLogWorker.java:87)
	at org.apache.ratis.server.raftlog.segmented.SegmentedRaftLogWorker$WriteLog.execute(SegmentedRaftLogWorker.java:477)
	at org.apache.ratis.server.raftlog.segmented.SegmentedRaftLogWorker.run(SegmentedRaftLogWorker.java:289)
	at java.lang.Thread.run(Thread.java:748)
Caused by: java.util.concurrent.TimeoutException
	at java.util.concurrent.CompletableFuture.timedGet(CompletableFuture.java:1771)
	at java.util.concurrent.CompletableFuture.get(CompletableFuture.java:1915)
	at org.apache.ratis.util.IOUtils.getFromFuture(IOUtils.java:79)
	... 4 more
2019-09-10 18:58:34,253 [8e2eaa3a-398a-46ef-9472-b716e4b01ba0@group-6ED7C0A64790-SegmentedRaftLogWorker] WARN  segmented.SegmentedRaftLogWorker (SegmentedRaftLogWorker.java:getFromFuture(90)) - Timeout 6/~
org.apache.ratis.protocol.TimeoutIOException: Timeout 10s: WriteLog:12: (t:1, i:12), STATEMACHINELOGENTRY, client-F749F73F973A, cid=22-writeStateMachineData
	at org.apache.ratis.util.IOUtils.getFromFuture(IOUtils.java:87)
	at org.apache.ratis.server.raftlog.segmented.SegmentedRaftLogWorker$StateMachineDataPolicy.getFromFuture(SegmentedRaftLogWorker.java:87)
	at org.apache.ratis.server.raftlog.segmented.SegmentedRaftLogWorker$WriteLog.execute(SegmentedRaftLogWorker.java:477)
	at org.apache.ratis.server.raftlog.segmented.SegmentedRaftLogWorker.run(SegmentedRaftLogWorker.java:289)
	at java.lang.Thread.run(Thread.java:748)
Caused by: java.util.concurrent.TimeoutException
	at java.util.concurrent.CompletableFuture.timedGet(CompletableFuture.java:1771)
	at java.util.concurrent.CompletableFuture.get(CompletableFuture.java:1915)
	at org.apache.ratis.util.IOUtils.getFromFuture(IOUtils.java:79)
	... 4 more
2019-09-10 18:58:34,297 [0721d391-9877-4bc5-9778-84bb7e49252a@group-6ED7C0A64790-SegmentedRaftLogWorker] WARN  segmented.SegmentedRaftLogWorker (SegmentedRaftLogWorker.java:getFromFuture(90)) - Timeout 6/~
org.apache.ratis.protocol.TimeoutIOException: Timeout 10s: WriteLog:12: (t:1, i:12), STATEMACHINELOGENTRY, client-F749F73F973A, cid=22-writeStateMachineData
	at org.apache.ratis.util.IOUtils.getFromFuture(IOUtils.java:87)
	at org.apache.ratis.server.raftlog.segmented.SegmentedRaftLogWorker$StateMachineDataPolicy.getFromFuture(SegmentedRaftLogWorker.java:87)
	at org.apache.ratis.server.raftlog.segmented.SegmentedRaftLogWorker$WriteLog.execute(SegmentedRaftLogWorker.java:477)
	at org.apache.ratis.server.raftlog.segmented.SegmentedRaftLogWorker.run(SegmentedRaftLogWorker.java:289)
	at java.lang.Thread.run(Thread.java:748)
Caused by: java.util.concurrent.TimeoutException
	at java.util.concurrent.CompletableFuture.timedGet(CompletableFuture.java:1771)
	at java.util.concurrent.CompletableFuture.get(CompletableFuture.java:1915)
	at org.apache.ratis.util.IOUtils.getFromFuture(IOUtils.java:79)
	... 4 more
2019-09-10 18:58:34,611 [java.util.concurrent.ThreadPoolExecutor$Worker@3d619a57[State = -1, empty queue]] WARN  server.GrpcLogAppender (GrpcLogAppender.java:timeoutAppendRequest(200)) - 0b57ef76-c121-46fb-9637-94024daca647@group-6ED7C0A64790->0721d391-9877-4bc5-9778-84bb7e49252a-GrpcLogAppender: appendEntries Timeout, request=0b57ef76-c121-46fb-9637-94024daca647->0721d391-9877-4bc5-9778-84bb7e49252a#43-t1, previous=(t:1, i:13), leaderCommit=10, initializing? false, entries: <empty>
2019-09-10 18:58:34,611 [java.util.concurrent.ThreadPoolExecutor$Worker@682ced94[State = -1, empty queue]] WARN  server.GrpcLogAppender (GrpcLogAppender.java:timeoutAppendRequest(200)) - 0b57ef76-c121-46fb-9637-94024daca647@group-6ED7C0A64790->8e2eaa3a-398a-46ef-9472-b716e4b01ba0-GrpcLogAppender: appendEntries Timeout, request=0b57ef76-c121-46fb-9637-94024daca647->8e2eaa3a-398a-46ef-9472-b716e4b01ba0#43-t1, previous=(t:1, i:13), leaderCommit=10, initializing? false, entries: <empty>
2019-09-10 18:58:34,885 [grpc-default-executor-2] INFO  client.GrpcClientProtocolClient (GrpcClientProtocolClient.java:onNext(264)) - client-F749F73F973A->0721d391-9877-4bc5-9778-84bb7e49252a: receive RaftClientReply:client-F749F73F973A->0721d391-9877-4bc5-9778-84bb7e49252a@group-6ED7C0A64790, cid=21, FAILED org.apache.ratis.protocol.NotLeaderException: Server 0721d391-9877-4bc5-9778-84bb7e49252a@group-6ED7C0A64790 is not the leader 0b57ef76-c121-46fb-9637-94024daca647:192.168.36.113:44606, logIndex=0, commits[0721d391-9877-4bc5-9778-84bb7e49252a:c10, 0b57ef76-c121-46fb-9637-94024daca647:c10, 8e2eaa3a-398a-46ef-9472-b716e4b01ba0:c6]
2019-09-10 18:58:37,112 [java.util.concurrent.ThreadPoolExecutor$Worker@682ced94[State = -1, empty queue]] WARN  server.GrpcLogAppender (GrpcLogAppender.java:timeoutAppendRequest(200)) - 0b57ef76-c121-46fb-9637-94024daca647@group-6ED7C0A64790->8e2eaa3a-398a-46ef-9472-b716e4b01ba0-GrpcLogAppender: appendEntries Timeout, request=0b57ef76-c121-46fb-9637-94024daca647->8e2eaa3a-398a-46ef-9472-b716e4b01ba0#44-t1, previous=(t:1, i:13), leaderCommit=10, initializing? false, entries: <empty>
2019-09-10 18:58:37,112 [java.util.concurrent.ThreadPoolExecutor$Worker@3d619a57[State = -1, empty queue]] WARN  server.GrpcLogAppender (GrpcLogAppender.java:timeoutAppendRequest(200)) - 0b57ef76-c121-46fb-9637-94024daca647@group-6ED7C0A64790->0721d391-9877-4bc5-9778-84bb7e49252a-GrpcLogAppender: appendEntries Timeout, request=0b57ef76-c121-46fb-9637-94024daca647->0721d391-9877-4bc5-9778-84bb7e49252a#44-t1, previous=(t:1, i:13), leaderCommit=10, initializing? false, entries: <empty>
2019-09-10 18:58:39,612 [java.util.concurrent.ThreadPoolExecutor$Worker@3d619a57[State = -1, empty queue]] WARN  server.GrpcLogAppender (GrpcLogAppender.java:timeoutAppendRequest(200)) - 0b57ef76-c121-46fb-9637-94024daca647@group-6ED7C0A64790->0721d391-9877-4bc5-9778-84bb7e49252a-GrpcLogAppender: appendEntries Timeout, request=0b57ef76-c121-46fb-9637-94024daca647->0721d391-9877-4bc5-9778-84bb7e49252a#45-t1, previous=(t:1, i:13), leaderCommit=10, initializing? false, entries: <empty>
2019-09-10 18:58:39,612 [java.util.concurrent.ThreadPoolExecutor$Worker@682ced94[State = -1, empty queue]] WARN  server.GrpcLogAppender (GrpcLogAppender.java:timeoutAppendRequest(200)) - 0b57ef76-c121-46fb-9637-94024daca647@group-6ED7C0A64790->8e2eaa3a-398a-46ef-9472-b716e4b01ba0-GrpcLogAppender: appendEntries Timeout, request=0b57ef76-c121-46fb-9637-94024daca647->8e2eaa3a-398a-46ef-9472-b716e4b01ba0#45-t1, previous=(t:1, i:13), leaderCommit=10, initializing? false, entries: <empty>
2019-09-10 18:58:39,932 [grpc-default-executor-1] INFO  client.GrpcClientProtocolClient (GrpcClientProtocolClient.java:onNext(264)) - client-F749F73F973A->0721d391-9877-4bc5-9778-84bb7e49252a: receive RaftClientReply:client-F749F73F973A->0721d391-9877-4bc5-9778-84bb7e49252a@group-6ED7C0A64790, cid=21, FAILED org.apache.ratis.protocol.NotLeaderException: Server 0721d391-9877-4bc5-9778-84bb7e49252a@group-6ED7C0A64790 is not the leader 0b57ef76-c121-46fb-9637-94024daca647:192.168.36.113:44606, logIndex=0, commits[0721d391-9877-4bc5-9778-84bb7e49252a:c10, 0b57ef76-c121-46fb-9637-94024daca647:c10, 8e2eaa3a-398a-46ef-9472-b716e4b01ba0:c6]
2019-09-10 18:58:42,113 [java.util.concurrent.ThreadPoolExecutor$Worker@682ced94[State = -1, empty queue]] WARN  server.GrpcLogAppender (GrpcLogAppender.java:timeoutAppendRequest(200)) - 0b57ef76-c121-46fb-9637-94024daca647@group-6ED7C0A64790->8e2eaa3a-398a-46ef-9472-b716e4b01ba0-GrpcLogAppender: appendEntries Timeout, request=0b57ef76-c121-46fb-9637-94024daca647->8e2eaa3a-398a-46ef-9472-b716e4b01ba0#46-t1, previous=(t:1, i:13), leaderCommit=10, initializing? false, entries: <empty>
2019-09-10 18:58:42,113 [java.util.concurrent.ThreadPoolExecutor$Worker@3d619a57[State = -1, empty queue]] WARN  server.GrpcLogAppender (GrpcLogAppender.java:timeoutAppendRequest(200)) - 0b57ef76-c121-46fb-9637-94024daca647@group-6ED7C0A64790->0721d391-9877-4bc5-9778-84bb7e49252a-GrpcLogAppender: appendEntries Timeout, request=0b57ef76-c121-46fb-9637-94024daca647->0721d391-9877-4bc5-9778-84bb7e49252a#46-t1, previous=(t:1, i:13), leaderCommit=10, initializing? false, entries: <empty>
2019-09-10 18:58:44,088 [0b57ef76-c121-46fb-9637-94024daca647@group-6ED7C0A64790-SegmentedRaftLogWorker] WARN  segmented.SegmentedRaftLogWorker (SegmentedRaftLogWorker.java:getFromFuture(90)) - Timeout 7/~
org.apache.ratis.protocol.TimeoutIOException: Timeout 10s: WriteLog:11: (t:1, i:11), STATEMACHINELOGENTRY, client-F749F73F973A, cid=21-writeStateMachineData
	at org.apache.ratis.util.IOUtils.getFromFuture(IOUtils.java:87)
	at org.apache.ratis.server.raftlog.segmented.SegmentedRaftLogWorker$StateMachineDataPolicy.getFromFuture(SegmentedRaftLogWorker.java:87)
	at org.apache.ratis.server.raftlog.segmented.SegmentedRaftLogWorker$WriteLog.execute(SegmentedRaftLogWorker.java:477)
	at org.apache.ratis.server.raftlog.segmented.SegmentedRaftLogWorker.run(SegmentedRaftLogWorker.java:289)
	at java.lang.Thread.run(Thread.java:748)
Caused by: java.util.concurrent.TimeoutException
	at java.util.concurrent.CompletableFuture.timedGet(CompletableFuture.java:1771)
	at java.util.concurrent.CompletableFuture.get(CompletableFuture.java:1915)
	at org.apache.ratis.util.IOUtils.getFromFuture(IOUtils.java:79)
	... 4 more
2019-09-10 18:58:44,276 [8e2eaa3a-398a-46ef-9472-b716e4b01ba0@group-6ED7C0A64790-SegmentedRaftLogWorker] WARN  segmented.SegmentedRaftLogWorker (SegmentedRaftLogWorker.java:getFromFuture(90)) - Timeout 7/~
org.apache.ratis.protocol.TimeoutIOException: Timeout 10s: WriteLog:12: (t:1, i:12), STATEMACHINELOGENTRY, client-F749F73F973A, cid=22-writeStateMachineData
	at org.apache.ratis.util.IOUtils.getFromFuture(IOUtils.java:87)
	at org.apache.ratis.server.raftlog.segmented.SegmentedRaftLogWorker$StateMachineDataPolicy.getFromFuture(SegmentedRaftLogWorker.java:87)
	at org.apache.ratis.server.raftlog.segmented.SegmentedRaftLogWorker$WriteLog.execute(SegmentedRaftLogWorker.java:477)
	at org.apache.ratis.server.raftlog.segmented.SegmentedRaftLogWorker.run(SegmentedRaftLogWorker.java:289)
	at java.lang.Thread.run(Thread.java:748)
Caused by: java.util.concurrent.TimeoutException
	at java.util.concurrent.CompletableFuture.timedGet(CompletableFuture.java:1771)
	at java.util.concurrent.CompletableFuture.get(CompletableFuture.java:1915)
	at org.apache.ratis.util.IOUtils.getFromFuture(IOUtils.java:79)
	... 4 more
2019-09-10 18:58:44,298 [0721d391-9877-4bc5-9778-84bb7e49252a@group-6ED7C0A64790-SegmentedRaftLogWorker] WARN  segmented.SegmentedRaftLogWorker (SegmentedRaftLogWorker.java:getFromFuture(90)) - Timeout 7/~
org.apache.ratis.protocol.TimeoutIOException: Timeout 10s: WriteLog:12: (t:1, i:12), STATEMACHINELOGENTRY, client-F749F73F973A, cid=22-writeStateMachineData
	at org.apache.ratis.util.IOUtils.getFromFuture(IOUtils.java:87)
	at org.apache.ratis.server.raftlog.segmented.SegmentedRaftLogWorker$StateMachineDataPolicy.getFromFuture(SegmentedRaftLogWorker.java:87)
	at org.apache.ratis.server.raftlog.segmented.SegmentedRaftLogWorker$WriteLog.execute(SegmentedRaftLogWorker.java:477)
	at org.apache.ratis.server.raftlog.segmented.SegmentedRaftLogWorker.run(SegmentedRaftLogWorker.java:289)
	at java.lang.Thread.run(Thread.java:748)
Caused by: java.util.concurrent.TimeoutException
	at java.util.concurrent.CompletableFuture.timedGet(CompletableFuture.java:1771)
	at java.util.concurrent.CompletableFuture.get(CompletableFuture.java:1915)
	at org.apache.ratis.util.IOUtils.getFromFuture(IOUtils.java:79)
	... 4 more
2019-09-10 18:58:44,614 [java.util.concurrent.ThreadPoolExecutor$Worker@3d619a57[State = -1, empty queue]] WARN  server.GrpcLogAppender (GrpcLogAppender.java:timeoutAppendRequest(200)) - 0b57ef76-c121-46fb-9637-94024daca647@group-6ED7C0A64790->0721d391-9877-4bc5-9778-84bb7e49252a-GrpcLogAppender: appendEntries Timeout, request=0b57ef76-c121-46fb-9637-94024daca647->0721d391-9877-4bc5-9778-84bb7e49252a#47-t1, previous=(t:1, i:13), leaderCommit=10, initializing? false, entries: <empty>
2019-09-10 18:58:44,614 [java.util.concurrent.ThreadPoolExecutor$Worker@682ced94[State = -1, empty queue]] WARN  server.GrpcLogAppender (GrpcLogAppender.java:timeoutAppendRequest(200)) - 0b57ef76-c121-46fb-9637-94024daca647@group-6ED7C0A64790->8e2eaa3a-398a-46ef-9472-b716e4b01ba0-GrpcLogAppender: appendEntries Timeout, request=0b57ef76-c121-46fb-9637-94024daca647->8e2eaa3a-398a-46ef-9472-b716e4b01ba0#47-t1, previous=(t:1, i:13), leaderCommit=10, initializing? false, entries: <empty>
2019-09-10 18:58:44,976 [grpc-default-executor-1] INFO  client.GrpcClientProtocolClient (GrpcClientProtocolClient.java:onNext(264)) - client-F749F73F973A->0721d391-9877-4bc5-9778-84bb7e49252a: receive RaftClientReply:client-F749F73F973A->0721d391-9877-4bc5-9778-84bb7e49252a@group-6ED7C0A64790, cid=21, FAILED org.apache.ratis.protocol.NotLeaderException: Server 0721d391-9877-4bc5-9778-84bb7e49252a@group-6ED7C0A64790 is not the leader 0b57ef76-c121-46fb-9637-94024daca647:192.168.36.113:44606, logIndex=0, commits[0721d391-9877-4bc5-9778-84bb7e49252a:c10, 0b57ef76-c121-46fb-9637-94024daca647:c10, 8e2eaa3a-398a-46ef-9472-b716e4b01ba0:c6]
2019-09-10 18:58:47,115 [java.util.concurrent.ThreadPoolExecutor$Worker@682ced94[State = -1, empty queue]] WARN  server.GrpcLogAppender (GrpcLogAppender.java:timeoutAppendRequest(200)) - 0b57ef76-c121-46fb-9637-94024daca647@group-6ED7C0A64790->8e2eaa3a-398a-46ef-9472-b716e4b01ba0-GrpcLogAppender: appendEntries Timeout, request=0b57ef76-c121-46fb-9637-94024daca647->8e2eaa3a-398a-46ef-9472-b716e4b01ba0#48-t1, previous=(t:1, i:13), leaderCommit=10, initializing? false, entries: <empty>
2019-09-10 18:58:47,115 [java.util.concurrent.ThreadPoolExecutor$Worker@3d619a57[State = -1, empty queue]] WARN  server.GrpcLogAppender (GrpcLogAppender.java:timeoutAppendRequest(200)) - 0b57ef76-c121-46fb-9637-94024daca647@group-6ED7C0A64790->0721d391-9877-4bc5-9778-84bb7e49252a-GrpcLogAppender: appendEntries Timeout, request=0b57ef76-c121-46fb-9637-94024daca647->0721d391-9877-4bc5-9778-84bb7e49252a#48-t1, previous=(t:1, i:13), leaderCommit=10, initializing? false, entries: <empty>
2019-09-10 18:58:49,616 [java.util.concurrent.ThreadPoolExecutor$Worker@682ced94[State = -1, empty queue]] WARN  server.GrpcLogAppender (GrpcLogAppender.java:timeoutAppendRequest(200)) - 0b57ef76-c121-46fb-9637-94024daca647@group-6ED7C0A64790->8e2eaa3a-398a-46ef-9472-b716e4b01ba0-GrpcLogAppender: appendEntries Timeout, request=0b57ef76-c121-46fb-9637-94024daca647->8e2eaa3a-398a-46ef-9472-b716e4b01ba0#49-t1, previous=(t:1, i:13), leaderCommit=10, initializing? false, entries: <empty>
2019-09-10 18:58:49,616 [java.util.concurrent.ThreadPoolExecutor$Worker@3d619a57[State = -1, empty queue]] WARN  server.GrpcLogAppender (GrpcLogAppender.java:timeoutAppendRequest(200)) - 0b57ef76-c121-46fb-9637-94024daca647@group-6ED7C0A64790->0721d391-9877-4bc5-9778-84bb7e49252a-GrpcLogAppender: appendEntries Timeout, request=0b57ef76-c121-46fb-9637-94024daca647->0721d391-9877-4bc5-9778-84bb7e49252a#49-t1, previous=(t:1, i:13), leaderCommit=10, initializing? false, entries: <empty>
2019-09-10 18:58:50,016 [grpc-default-executor-0] INFO  client.GrpcClientProtocolClient (GrpcClientProtocolClient.java:onNext(264)) - client-F749F73F973A->0721d391-9877-4bc5-9778-84bb7e49252a: receive RaftClientReply:client-F749F73F973A->0721d391-9877-4bc5-9778-84bb7e49252a@group-6ED7C0A64790, cid=21, FAILED org.apache.ratis.protocol.NotLeaderException: Server 0721d391-9877-4bc5-9778-84bb7e49252a@group-6ED7C0A64790 is not the leader 0b57ef76-c121-46fb-9637-94024daca647:192.168.36.113:44606, logIndex=0, commits[0721d391-9877-4bc5-9778-84bb7e49252a:c10, 0b57ef76-c121-46fb-9637-94024daca647:c10, 8e2eaa3a-398a-46ef-9472-b716e4b01ba0:c6]
2019-09-10 18:58:52,117 [java.util.concurrent.ThreadPoolExecutor$Worker@3d619a57[State = -1, empty queue]] WARN  server.GrpcLogAppender (GrpcLogAppender.java:timeoutAppendRequest(200)) - 0b57ef76-c121-46fb-9637-94024daca647@group-6ED7C0A64790->0721d391-9877-4bc5-9778-84bb7e49252a-GrpcLogAppender: appendEntries Timeout, request=0b57ef76-c121-46fb-9637-94024daca647->0721d391-9877-4bc5-9778-84bb7e49252a#50-t1, previous=(t:1, i:13), leaderCommit=10, initializing? false, entries: <empty>
2019-09-10 18:58:52,117 [java.util.concurrent.ThreadPoolExecutor$Worker@682ced94[State = -1, empty queue]] WARN  server.GrpcLogAppender (GrpcLogAppender.java:timeoutAppendRequest(200)) - 0b57ef76-c121-46fb-9637-94024daca647@group-6ED7C0A64790->8e2eaa3a-398a-46ef-9472-b716e4b01ba0-GrpcLogAppender: appendEntries Timeout, request=0b57ef76-c121-46fb-9637-94024daca647->8e2eaa3a-398a-46ef-9472-b716e4b01ba0#50-t1, previous=(t:1, i:13), leaderCommit=10, initializing? false, entries: <empty>
2019-09-10 18:58:54,090 [0b57ef76-c121-46fb-9637-94024daca647@group-6ED7C0A64790-SegmentedRaftLogWorker] WARN  segmented.SegmentedRaftLogWorker (SegmentedRaftLogWorker.java:getFromFuture(90)) - Timeout 8/~
org.apache.ratis.protocol.TimeoutIOException: Timeout 10s: WriteLog:11: (t:1, i:11), STATEMACHINELOGENTRY, client-F749F73F973A, cid=21-writeStateMachineData
	at org.apache.ratis.util.IOUtils.getFromFuture(IOUtils.java:87)
	at org.apache.ratis.server.raftlog.segmented.SegmentedRaftLogWorker$StateMachineDataPolicy.getFromFuture(SegmentedRaftLogWorker.java:87)
	at org.apache.ratis.server.raftlog.segmented.SegmentedRaftLogWorker$WriteLog.execute(SegmentedRaftLogWorker.java:477)
	at org.apache.ratis.server.raftlog.segmented.SegmentedRaftLogWorker.run(SegmentedRaftLogWorker.java:289)
	at java.lang.Thread.run(Thread.java:748)
Caused by: java.util.concurrent.TimeoutException
	at java.util.concurrent.CompletableFuture.timedGet(CompletableFuture.java:1771)
	at java.util.concurrent.CompletableFuture.get(CompletableFuture.java:1915)
	at org.apache.ratis.util.IOUtils.getFromFuture(IOUtils.java:79)
	... 4 more
2019-09-10 18:58:54,277 [8e2eaa3a-398a-46ef-9472-b716e4b01ba0@group-6ED7C0A64790-SegmentedRaftLogWorker] WARN  segmented.SegmentedRaftLogWorker (SegmentedRaftLogWorker.java:getFromFuture(90)) - Timeout 8/~
org.apache.ratis.protocol.TimeoutIOException: Timeout 10s: WriteLog:12: (t:1, i:12), STATEMACHINELOGENTRY, client-F749F73F973A, cid=22-writeStateMachineData
	at org.apache.ratis.util.IOUtils.getFromFuture(IOUtils.java:87)
	at org.apache.ratis.server.raftlog.segmented.SegmentedRaftLogWorker$StateMachineDataPolicy.getFromFuture(SegmentedRaftLogWorker.java:87)
	at org.apache.ratis.server.raftlog.segmented.SegmentedRaftLogWorker$WriteLog.execute(SegmentedRaftLogWorker.java:477)
	at org.apache.ratis.server.raftlog.segmented.SegmentedRaftLogWorker.run(SegmentedRaftLogWorker.java:289)
	at java.lang.Thread.run(Thread.java:748)
Caused by: java.util.concurrent.TimeoutException
	at java.util.concurrent.CompletableFuture.timedGet(CompletableFuture.java:1771)
	at java.util.concurrent.CompletableFuture.get(CompletableFuture.java:1915)
	at org.apache.ratis.util.IOUtils.getFromFuture(IOUtils.java:79)
	... 4 more
2019-09-10 18:58:54,299 [0721d391-9877-4bc5-9778-84bb7e49252a@group-6ED7C0A64790-SegmentedRaftLogWorker] WARN  segmented.SegmentedRaftLogWorker (SegmentedRaftLogWorker.java:getFromFuture(90)) - Timeout 8/~
org.apache.ratis.protocol.TimeoutIOException: Timeout 10s: WriteLog:12: (t:1, i:12), STATEMACHINELOGENTRY, client-F749F73F973A, cid=22-writeStateMachineData
	at org.apache.ratis.util.IOUtils.getFromFuture(IOUtils.java:87)
	at org.apache.ratis.server.raftlog.segmented.SegmentedRaftLogWorker$StateMachineDataPolicy.getFromFuture(SegmentedRaftLogWorker.java:87)
	at org.apache.ratis.server.raftlog.segmented.SegmentedRaftLogWorker$WriteLog.execute(SegmentedRaftLogWorker.java:477)
	at org.apache.ratis.server.raftlog.segmented.SegmentedRaftLogWorker.run(SegmentedRaftLogWorker.java:289)
	at java.lang.Thread.run(Thread.java:748)
Caused by: java.util.concurrent.TimeoutException
	at java.util.concurrent.CompletableFuture.timedGet(CompletableFuture.java:1771)
	at java.util.concurrent.CompletableFuture.get(CompletableFuture.java:1915)
	at org.apache.ratis.util.IOUtils.getFromFuture(IOUtils.java:79)
	... 4 more
2019-09-10 18:58:54,617 [java.util.concurrent.ThreadPoolExecutor$Worker@3d619a57[State = -1, empty queue]] WARN  server.GrpcLogAppender (GrpcLogAppender.java:timeoutAppendRequest(200)) - 0b57ef76-c121-46fb-9637-94024daca647@group-6ED7C0A64790->0721d391-9877-4bc5-9778-84bb7e49252a-GrpcLogAppender: appendEntries Timeout, request=0b57ef76-c121-46fb-9637-94024daca647->0721d391-9877-4bc5-9778-84bb7e49252a#51-t1, previous=(t:1, i:13), leaderCommit=10, initializing? false, entries: <empty>
2019-09-10 18:58:54,617 [java.util.concurrent.ThreadPoolExecutor$Worker@682ced94[State = -1, empty queue]] WARN  server.GrpcLogAppender (GrpcLogAppender.java:timeoutAppendRequest(200)) - 0b57ef76-c121-46fb-9637-94024daca647@group-6ED7C0A64790->8e2eaa3a-398a-46ef-9472-b716e4b01ba0-GrpcLogAppender: appendEntries Timeout, request=0b57ef76-c121-46fb-9637-94024daca647->8e2eaa3a-398a-46ef-9472-b716e4b01ba0#51-t1, previous=(t:1, i:13), leaderCommit=10, initializing? false, entries: <empty>
2019-09-10 18:58:55,056 [grpc-default-executor-1] INFO  client.GrpcClientProtocolClient (GrpcClientProtocolClient.java:onNext(264)) - client-F749F73F973A->0721d391-9877-4bc5-9778-84bb7e49252a: receive RaftClientReply:client-F749F73F973A->0721d391-9877-4bc5-9778-84bb7e49252a@group-6ED7C0A64790, cid=21, FAILED org.apache.ratis.protocol.NotLeaderException: Server 0721d391-9877-4bc5-9778-84bb7e49252a@group-6ED7C0A64790 is not the leader 0b57ef76-c121-46fb-9637-94024daca647:192.168.36.113:44606, logIndex=0, commits[0721d391-9877-4bc5-9778-84bb7e49252a:c10, 0b57ef76-c121-46fb-9637-94024daca647:c10, 8e2eaa3a-398a-46ef-9472-b716e4b01ba0:c6]
2019-09-10 18:58:57,117 [java.util.concurrent.ThreadPoolExecutor$Worker@3d619a57[State = -1, empty queue]] WARN  server.GrpcLogAppender (GrpcLogAppender.java:timeoutAppendRequest(200)) - 0b57ef76-c121-46fb-9637-94024daca647@group-6ED7C0A64790->0721d391-9877-4bc5-9778-84bb7e49252a-GrpcLogAppender: appendEntries Timeout, request=0b57ef76-c121-46fb-9637-94024daca647->0721d391-9877-4bc5-9778-84bb7e49252a#52-t1, previous=(t:1, i:13), leaderCommit=10, initializing? false, entries: <empty>
2019-09-10 18:58:57,117 [java.util.concurrent.ThreadPoolExecutor$Worker@682ced94[State = -1, empty queue]] WARN  server.GrpcLogAppender (GrpcLogAppender.java:timeoutAppendRequest(200)) - 0b57ef76-c121-46fb-9637-94024daca647@group-6ED7C0A64790->8e2eaa3a-398a-46ef-9472-b716e4b01ba0-GrpcLogAppender: appendEntries Timeout, request=0b57ef76-c121-46fb-9637-94024daca647->8e2eaa3a-398a-46ef-9472-b716e4b01ba0#52-t1, previous=(t:1, i:13), leaderCommit=10, initializing? false, entries: <empty>
2019-09-10 18:58:59,618 [java.util.concurrent.ThreadPoolExecutor$Worker@3d619a57[State = -1, empty queue]] WARN  server.GrpcLogAppender (GrpcLogAppender.java:timeoutAppendRequest(200)) - 0b57ef76-c121-46fb-9637-94024daca647@group-6ED7C0A64790->0721d391-9877-4bc5-9778-84bb7e49252a-GrpcLogAppender: appendEntries Timeout, request=0b57ef76-c121-46fb-9637-94024daca647->0721d391-9877-4bc5-9778-84bb7e49252a#53-t1, previous=(t:1, i:13), leaderCommit=10, initializing? false, entries: <empty>
2019-09-10 18:58:59,618 [java.util.concurrent.ThreadPoolExecutor$Worker@682ced94[State = -1, empty queue]] WARN  server.GrpcLogAppender (GrpcLogAppender.java:timeoutAppendRequest(200)) - 0b57ef76-c121-46fb-9637-94024daca647@group-6ED7C0A64790->8e2eaa3a-398a-46ef-9472-b716e4b01ba0-GrpcLogAppender: appendEntries Timeout, request=0b57ef76-c121-46fb-9637-94024daca647->8e2eaa3a-398a-46ef-9472-b716e4b01ba0#53-t1, previous=(t:1, i:13), leaderCommit=10, initializing? false, entries: <empty>
2019-09-10 18:59:00,114 [grpc-default-executor-2] INFO  client.GrpcClientProtocolClient (GrpcClientProtocolClient.java:onNext(264)) - client-F749F73F973A->8e2eaa3a-398a-46ef-9472-b716e4b01ba0: receive RaftClientReply:client-F749F73F973A->8e2eaa3a-398a-46ef-9472-b716e4b01ba0@group-6ED7C0A64790, cid=21, FAILED org.apache.ratis.protocol.NotLeaderException: Server 8e2eaa3a-398a-46ef-9472-b716e4b01ba0@group-6ED7C0A64790 is not the leader 0b57ef76-c121-46fb-9637-94024daca647:192.168.36.113:44606, logIndex=0, commits[8e2eaa3a-398a-46ef-9472-b716e4b01ba0:c10, 0b57ef76-c121-46fb-9637-94024daca647:c10, 0721d391-9877-4bc5-9778-84bb7e49252a:c6]
2019-09-10 18:59:02,118 [java.util.concurrent.ThreadPoolExecutor$Worker@3d619a57[State = -1, empty queue]] WARN  server.GrpcLogAppender (GrpcLogAppender.java:timeoutAppendRequest(200)) - 0b57ef76-c121-46fb-9637-94024daca647@group-6ED7C0A64790->0721d391-9877-4bc5-9778-84bb7e49252a-GrpcLogAppender: appendEntries Timeout, request=0b57ef76-c121-46fb-9637-94024daca647->0721d391-9877-4bc5-9778-84bb7e49252a#54-t1, previous=(t:1, i:13), leaderCommit=10, initializing? false, entries: <empty>
2019-09-10 18:59:02,118 [java.util.concurrent.ThreadPoolExecutor$Worker@682ced94[State = -1, empty queue]] WARN  server.GrpcLogAppender (GrpcLogAppender.java:timeoutAppendRequest(200)) - 0b57ef76-c121-46fb-9637-94024daca647@group-6ED7C0A64790->8e2eaa3a-398a-46ef-9472-b716e4b01ba0-GrpcLogAppender: appendEntries Timeout, request=0b57ef76-c121-46fb-9637-94024daca647->8e2eaa3a-398a-46ef-9472-b716e4b01ba0#54-t1, previous=(t:1, i:13), leaderCommit=10, initializing? false, entries: <empty>
2019-09-10 18:59:04,091 [0b57ef76-c121-46fb-9637-94024daca647@group-6ED7C0A64790-SegmentedRaftLogWorker] WARN  segmented.SegmentedRaftLogWorker (SegmentedRaftLogWorker.java:getFromFuture(90)) - Timeout 9/~
org.apache.ratis.protocol.TimeoutIOException: Timeout 10s: WriteLog:11: (t:1, i:11), STATEMACHINELOGENTRY, client-F749F73F973A, cid=21-writeStateMachineData
	at org.apache.ratis.util.IOUtils.getFromFuture(IOUtils.java:87)
	at org.apache.ratis.server.raftlog.segmented.SegmentedRaftLogWorker$StateMachineDataPolicy.getFromFuture(SegmentedRaftLogWorker.java:87)
	at org.apache.ratis.server.raftlog.segmented.SegmentedRaftLogWorker$WriteLog.execute(SegmentedRaftLogWorker.java:477)
	at org.apache.ratis.server.raftlog.segmented.SegmentedRaftLogWorker.run(SegmentedRaftLogWorker.java:289)
	at java.lang.Thread.run(Thread.java:748)
Caused by: java.util.concurrent.TimeoutException
	at java.util.concurrent.CompletableFuture.timedGet(CompletableFuture.java:1771)
	at java.util.concurrent.CompletableFuture.get(CompletableFuture.java:1915)
	at org.apache.ratis.util.IOUtils.getFromFuture(IOUtils.java:79)
	... 4 more
2019-09-10 18:59:04,278 [8e2eaa3a-398a-46ef-9472-b716e4b01ba0@group-6ED7C0A64790-SegmentedRaftLogWorker] WARN  segmented.SegmentedRaftLogWorker (SegmentedRaftLogWorker.java:getFromFuture(90)) - Timeout 9/~
org.apache.ratis.protocol.TimeoutIOException: Timeout 10s: WriteLog:12: (t:1, i:12), STATEMACHINELOGENTRY, client-F749F73F973A, cid=22-writeStateMachineData
	at org.apache.ratis.util.IOUtils.getFromFuture(IOUtils.java:87)
	at org.apache.ratis.server.raftlog.segmented.SegmentedRaftLogWorker$StateMachineDataPolicy.getFromFuture(SegmentedRaftLogWorker.java:87)
	at org.apache.ratis.server.raftlog.segmented.SegmentedRaftLogWorker$WriteLog.execute(SegmentedRaftLogWorker.java:477)
	at org.apache.ratis.server.raftlog.segmented.SegmentedRaftLogWorker.run(SegmentedRaftLogWorker.java:289)
	at java.lang.Thread.run(Thread.java:748)
Caused by: java.util.concurrent.TimeoutException
	at java.util.concurrent.CompletableFuture.timedGet(CompletableFuture.java:1771)
	at java.util.concurrent.CompletableFuture.get(CompletableFuture.java:1915)
	at org.apache.ratis.util.IOUtils.getFromFuture(IOUtils.java:79)
	... 4 more
2019-09-10 18:59:04,300 [0721d391-9877-4bc5-9778-84bb7e49252a@group-6ED7C0A64790-SegmentedRaftLogWorker] WARN  segmented.SegmentedRaftLogWorker (SegmentedRaftLogWorker.java:getFromFuture(90)) - Timeout 9/~
org.apache.ratis.protocol.TimeoutIOException: Timeout 10s: WriteLog:12: (t:1, i:12), STATEMACHINELOGENTRY, client-F749F73F973A, cid=22-writeStateMachineData
	at org.apache.ratis.util.IOUtils.getFromFuture(IOUtils.java:87)
	at org.apache.ratis.server.raftlog.segmented.SegmentedRaftLogWorker$StateMachineDataPolicy.getFromFuture(SegmentedRaftLogWorker.java:87)
	at org.apache.ratis.server.raftlog.segmented.SegmentedRaftLogWorker$WriteLog.execute(SegmentedRaftLogWorker.java:477)
	at org.apache.ratis.server.raftlog.segmented.SegmentedRaftLogWorker.run(SegmentedRaftLogWorker.java:289)
	at java.lang.Thread.run(Thread.java:748)
Caused by: java.util.concurrent.TimeoutException
	at java.util.concurrent.CompletableFuture.timedGet(CompletableFuture.java:1771)
	at java.util.concurrent.CompletableFuture.get(CompletableFuture.java:1915)
	at org.apache.ratis.util.IOUtils.getFromFuture(IOUtils.java:79)
	... 4 more
2019-09-10 18:59:04,620 [java.util.concurrent.ThreadPoolExecutor$Worker@682ced94[State = -1, empty queue]] WARN  server.GrpcLogAppender (GrpcLogAppender.java:timeoutAppendRequest(200)) - 0b57ef76-c121-46fb-9637-94024daca647@group-6ED7C0A64790->8e2eaa3a-398a-46ef-9472-b716e4b01ba0-GrpcLogAppender: appendEntries Timeout, request=0b57ef76-c121-46fb-9637-94024daca647->8e2eaa3a-398a-46ef-9472-b716e4b01ba0#55-t1, previous=(t:1, i:13), leaderCommit=10, initializing? false, entries: <empty>
2019-09-10 18:59:04,620 [java.util.concurrent.ThreadPoolExecutor$Worker@3d619a57[State = -1, empty queue]] WARN  server.GrpcLogAppender (GrpcLogAppender.java:timeoutAppendRequest(200)) - 0b57ef76-c121-46fb-9637-94024daca647@group-6ED7C0A64790->0721d391-9877-4bc5-9778-84bb7e49252a-GrpcLogAppender: appendEntries Timeout, request=0b57ef76-c121-46fb-9637-94024daca647->0721d391-9877-4bc5-9778-84bb7e49252a#55-t1, previous=(t:1, i:13), leaderCommit=10, initializing? false, entries: <empty>
2019-09-10 18:59:05,177 [grpc-default-executor-0] INFO  client.GrpcClientProtocolClient (GrpcClientProtocolClient.java:onNext(264)) - client-F749F73F973A->8e2eaa3a-398a-46ef-9472-b716e4b01ba0: receive RaftClientReply:client-F749F73F973A->8e2eaa3a-398a-46ef-9472-b716e4b01ba0@group-6ED7C0A64790, cid=21, FAILED org.apache.ratis.protocol.NotLeaderException: Server 8e2eaa3a-398a-46ef-9472-b716e4b01ba0@group-6ED7C0A64790 is not the leader 0b57ef76-c121-46fb-9637-94024daca647:192.168.36.113:44606, logIndex=0, commits[8e2eaa3a-398a-46ef-9472-b716e4b01ba0:c10, 0b57ef76-c121-46fb-9637-94024daca647:c10, 0721d391-9877-4bc5-9778-84bb7e49252a:c6]
2019-09-10 18:59:07,121 [java.util.concurrent.ThreadPoolExecutor$Worker@682ced94[State = -1, empty queue]] WARN  server.GrpcLogAppender (GrpcLogAppender.java:timeoutAppendRequest(200)) - 0b57ef76-c121-46fb-9637-94024daca647@group-6ED7C0A64790->8e2eaa3a-398a-46ef-9472-b716e4b01ba0-GrpcLogAppender: appendEntries Timeout, request=0b57ef76-c121-46fb-9637-94024daca647->8e2eaa3a-398a-46ef-9472-b716e4b01ba0#56-t1, previous=(t:1, i:13), leaderCommit=10, initializing? false, entries: <empty>
2019-09-10 18:59:07,121 [java.util.concurrent.ThreadPoolExecutor$Worker@3d619a57[State = -1, empty queue]] WARN  server.GrpcLogAppender (GrpcLogAppender.java:timeoutAppendRequest(200)) - 0b57ef76-c121-46fb-9637-94024daca647@group-6ED7C0A64790->0721d391-9877-4bc5-9778-84bb7e49252a-GrpcLogAppender: appendEntries Timeout, request=0b57ef76-c121-46fb-9637-94024daca647->0721d391-9877-4bc5-9778-84bb7e49252a#56-t1, previous=(t:1, i:13), leaderCommit=10, initializing? false, entries: <empty>
2019-09-10 18:59:09,622 [java.util.concurrent.ThreadPoolExecutor$Worker@3d619a57[State = -1, empty queue]] WARN  server.GrpcLogAppender (GrpcLogAppender.java:timeoutAppendRequest(200)) - 0b57ef76-c121-46fb-9637-94024daca647@group-6ED7C0A64790->0721d391-9877-4bc5-9778-84bb7e49252a-GrpcLogAppender: appendEntries Timeout, request=0b57ef76-c121-46fb-9637-94024daca647->0721d391-9877-4bc5-9778-84bb7e49252a#57-t1, previous=(t:1, i:13), leaderCommit=10, initializing? false, entries: <empty>
2019-09-10 18:59:09,622 [java.util.concurrent.ThreadPoolExecutor$Worker@682ced94[State = -1, empty queue]] WARN  server.GrpcLogAppender (GrpcLogAppender.java:timeoutAppendRequest(200)) - 0b57ef76-c121-46fb-9637-94024daca647@group-6ED7C0A64790->8e2eaa3a-398a-46ef-9472-b716e4b01ba0-GrpcLogAppender: appendEntries Timeout, request=0b57ef76-c121-46fb-9637-94024daca647->8e2eaa3a-398a-46ef-9472-b716e4b01ba0#57-t1, previous=(t:1, i:13), leaderCommit=10, initializing? false, entries: <empty>
2019-09-10 18:59:10,213 [grpc-default-executor-0] INFO  client.GrpcClientProtocolClient (GrpcClientProtocolClient.java:onNext(264)) - client-F749F73F973A->0721d391-9877-4bc5-9778-84bb7e49252a: receive RaftClientReply:client-F749F73F973A->0721d391-9877-4bc5-9778-84bb7e49252a@group-6ED7C0A64790, cid=21, FAILED org.apache.ratis.protocol.NotLeaderException: Server 0721d391-9877-4bc5-9778-84bb7e49252a@group-6ED7C0A64790 is not the leader 0b57ef76-c121-46fb-9637-94024daca647:192.168.36.113:44606, logIndex=0, commits[0721d391-9877-4bc5-9778-84bb7e49252a:c10, 0b57ef76-c121-46fb-9637-94024daca647:c10, 8e2eaa3a-398a-46ef-9472-b716e4b01ba0:c6]
2019-09-10 18:59:12,123 [java.util.concurrent.ThreadPoolExecutor$Worker@3d619a57[State = -1, empty queue]] WARN  server.GrpcLogAppender (GrpcLogAppender.java:timeoutAppendRequest(200)) - 0b57ef76-c121-46fb-9637-94024daca647@group-6ED7C0A64790->0721d391-9877-4bc5-9778-84bb7e49252a-GrpcLogAppender: appendEntries Timeout, request=0b57ef76-c121-46fb-9637-94024daca647->0721d391-9877-4bc5-9778-84bb7e49252a#58-t1, previous=(t:1, i:13), leaderCommit=10, initializing? false, entries: <empty>
2019-09-10 18:59:12,123 [java.util.concurrent.ThreadPoolExecutor$Worker@682ced94[State = -1, empty queue]] WARN  server.GrpcLogAppender (GrpcLogAppender.java:timeoutAppendRequest(200)) - 0b57ef76-c121-46fb-9637-94024daca647@group-6ED7C0A64790->8e2eaa3a-398a-46ef-9472-b716e4b01ba0-GrpcLogAppender: appendEntries Timeout, request=0b57ef76-c121-46fb-9637-94024daca647->8e2eaa3a-398a-46ef-9472-b716e4b01ba0#58-t1, previous=(t:1, i:13), leaderCommit=10, initializing? false, entries: <empty>
2019-09-10 18:59:14,093 [0b57ef76-c121-46fb-9637-94024daca647@group-6ED7C0A64790-SegmentedRaftLogWorker] WARN  segmented.SegmentedRaftLogWorker (SegmentedRaftLogWorker.java:getFromFuture(90)) - Timeout 10/~
org.apache.ratis.protocol.TimeoutIOException: Timeout 10s: WriteLog:11: (t:1, i:11), STATEMACHINELOGENTRY, client-F749F73F973A, cid=21-writeStateMachineData
	at org.apache.ratis.util.IOUtils.getFromFuture(IOUtils.java:87)
	at org.apache.ratis.server.raftlog.segmented.SegmentedRaftLogWorker$StateMachineDataPolicy.getFromFuture(SegmentedRaftLogWorker.java:87)
	at org.apache.ratis.server.raftlog.segmented.SegmentedRaftLogWorker$WriteLog.execute(SegmentedRaftLogWorker.java:477)
	at org.apache.ratis.server.raftlog.segmented.SegmentedRaftLogWorker.run(SegmentedRaftLogWorker.java:289)
	at java.lang.Thread.run(Thread.java:748)
Caused by: java.util.concurrent.TimeoutException
	at java.util.concurrent.CompletableFuture.timedGet(CompletableFuture.java:1771)
	at java.util.concurrent.CompletableFuture.get(CompletableFuture.java:1915)
	at org.apache.ratis.util.IOUtils.getFromFuture(IOUtils.java:79)
	... 4 more
2019-09-10 18:59:14,279 [8e2eaa3a-398a-46ef-9472-b716e4b01ba0@group-6ED7C0A64790-SegmentedRaftLogWorker] WARN  segmented.SegmentedRaftLogWorker (SegmentedRaftLogWorker.java:getFromFuture(90)) - Timeout 10/~
org.apache.ratis.protocol.TimeoutIOException: Timeout 10s: WriteLog:12: (t:1, i:12), STATEMACHINELOGENTRY, client-F749F73F973A, cid=22-writeStateMachineData
	at org.apache.ratis.util.IOUtils.getFromFuture(IOUtils.java:87)
	at org.apache.ratis.server.raftlog.segmented.SegmentedRaftLogWorker$StateMachineDataPolicy.getFromFuture(SegmentedRaftLogWorker.java:87)
	at org.apache.ratis.server.raftlog.segmented.SegmentedRaftLogWorker$WriteLog.execute(SegmentedRaftLogWorker.java:477)
	at org.apache.ratis.server.raftlog.segmented.SegmentedRaftLogWorker.run(SegmentedRaftLogWorker.java:289)
	at java.lang.Thread.run(Thread.java:748)
Caused by: java.util.concurrent.TimeoutException
	at java.util.concurrent.CompletableFuture.timedGet(CompletableFuture.java:1771)
	at java.util.concurrent.CompletableFuture.get(CompletableFuture.java:1915)
	at org.apache.ratis.util.IOUtils.getFromFuture(IOUtils.java:79)
	... 4 more
2019-09-10 18:59:14,304 [0721d391-9877-4bc5-9778-84bb7e49252a@group-6ED7C0A64790-SegmentedRaftLogWorker] WARN  segmented.SegmentedRaftLogWorker (SegmentedRaftLogWorker.java:getFromFuture(90)) - Timeout 10/~
org.apache.ratis.protocol.TimeoutIOException: Timeout 10s: WriteLog:12: (t:1, i:12), STATEMACHINELOGENTRY, client-F749F73F973A, cid=22-writeStateMachineData
	at org.apache.ratis.util.IOUtils.getFromFuture(IOUtils.java:87)
	at org.apache.ratis.server.raftlog.segmented.SegmentedRaftLogWorker$StateMachineDataPolicy.getFromFuture(SegmentedRaftLogWorker.java:87)
	at org.apache.ratis.server.raftlog.segmented.SegmentedRaftLogWorker$WriteLog.execute(SegmentedRaftLogWorker.java:477)
	at org.apache.ratis.server.raftlog.segmented.SegmentedRaftLogWorker.run(SegmentedRaftLogWorker.java:289)
	at java.lang.Thread.run(Thread.java:748)
Caused by: java.util.concurrent.TimeoutException
	at java.util.concurrent.CompletableFuture.timedGet(CompletableFuture.java:1771)
	at java.util.concurrent.CompletableFuture.get(CompletableFuture.java:1915)
	at org.apache.ratis.util.IOUtils.getFromFuture(IOUtils.java:79)
	... 4 more
2019-09-10 18:59:14,623 [java.util.concurrent.ThreadPoolExecutor$Worker@3d619a57[State = -1, empty queue]] WARN  server.GrpcLogAppender (GrpcLogAppender.java:timeoutAppendRequest(200)) - 0b57ef76-c121-46fb-9637-94024daca647@group-6ED7C0A64790->0721d391-9877-4bc5-9778-84bb7e49252a-GrpcLogAppender: appendEntries Timeout, request=0b57ef76-c121-46fb-9637-94024daca647->0721d391-9877-4bc5-9778-84bb7e49252a#59-t1, previous=(t:1, i:13), leaderCommit=10, initializing? false, entries: <empty>
2019-09-10 18:59:14,623 [java.util.concurrent.ThreadPoolExecutor$Worker@682ced94[State = -1, empty queue]] WARN  server.GrpcLogAppender (GrpcLogAppender.java:timeoutAppendRequest(200)) - 0b57ef76-c121-46fb-9637-94024daca647@group-6ED7C0A64790->8e2eaa3a-398a-46ef-9472-b716e4b01ba0-GrpcLogAppender: appendEntries Timeout, request=0b57ef76-c121-46fb-9637-94024daca647->8e2eaa3a-398a-46ef-9472-b716e4b01ba0#59-t1, previous=(t:1, i:13), leaderCommit=10, initializing? false, entries: <empty>
2019-09-10 18:59:15,258 [grpc-default-executor-2] INFO  client.GrpcClientProtocolClient (GrpcClientProtocolClient.java:onNext(264)) - client-F749F73F973A->0721d391-9877-4bc5-9778-84bb7e49252a: receive RaftClientReply:client-F749F73F973A->0721d391-9877-4bc5-9778-84bb7e49252a@group-6ED7C0A64790, cid=21, FAILED org.apache.ratis.protocol.NotLeaderException: Server 0721d391-9877-4bc5-9778-84bb7e49252a@group-6ED7C0A64790 is not the leader 0b57ef76-c121-46fb-9637-94024daca647:192.168.36.113:44606, logIndex=0, commits[0721d391-9877-4bc5-9778-84bb7e49252a:c10, 0b57ef76-c121-46fb-9637-94024daca647:c10, 8e2eaa3a-398a-46ef-9472-b716e4b01ba0:c6]
2019-09-10 18:59:17,125 [java.util.concurrent.ThreadPoolExecutor$Worker@682ced94[State = -1, empty queue]] WARN  server.GrpcLogAppender (GrpcLogAppender.java:timeoutAppendRequest(200)) - 0b57ef76-c121-46fb-9637-94024daca647@group-6ED7C0A64790->8e2eaa3a-398a-46ef-9472-b716e4b01ba0-GrpcLogAppender: appendEntries Timeout, request=0b57ef76-c121-46fb-9637-94024daca647->8e2eaa3a-398a-46ef-9472-b716e4b01ba0#60-t1, previous=(t:1, i:13), leaderCommit=10, initializing? false, entries: <empty>
2019-09-10 18:59:17,125 [java.util.concurrent.ThreadPoolExecutor$Worker@3d619a57[State = -1, empty queue]] WARN  server.GrpcLogAppender (GrpcLogAppender.java:timeoutAppendRequest(200)) - 0b57ef76-c121-46fb-9637-94024daca647@group-6ED7C0A64790->0721d391-9877-4bc5-9778-84bb7e49252a-GrpcLogAppender: appendEntries Timeout, request=0b57ef76-c121-46fb-9637-94024daca647->0721d391-9877-4bc5-9778-84bb7e49252a#60-t1, previous=(t:1, i:13), leaderCommit=10, initializing? false, entries: <empty>
2019-09-10 18:59:19,626 [java.util.concurrent.ThreadPoolExecutor$Worker@3d619a57[State = -1, empty queue]] WARN  server.GrpcLogAppender (GrpcLogAppender.java:timeoutAppendRequest(200)) - 0b57ef76-c121-46fb-9637-94024daca647@group-6ED7C0A64790->0721d391-9877-4bc5-9778-84bb7e49252a-GrpcLogAppender: appendEntries Timeout, request=0b57ef76-c121-46fb-9637-94024daca647->0721d391-9877-4bc5-9778-84bb7e49252a#61-t1, previous=(t:1, i:13), leaderCommit=10, initializing? false, entries: <empty>
2019-09-10 18:59:19,626 [java.util.concurrent.ThreadPoolExecutor$Worker@682ced94[State = -1, empty queue]] WARN  server.GrpcLogAppender (GrpcLogAppender.java:timeoutAppendRequest(200)) - 0b57ef76-c121-46fb-9637-94024daca647@group-6ED7C0A64790->8e2eaa3a-398a-46ef-9472-b716e4b01ba0-GrpcLogAppender: appendEntries Timeout, request=0b57ef76-c121-46fb-9637-94024daca647->8e2eaa3a-398a-46ef-9472-b716e4b01ba0#61-t1, previous=(t:1, i:13), leaderCommit=10, initializing? false, entries: <empty>
2019-09-10 18:59:20,312 [grpc-default-executor-2] INFO  client.GrpcClientProtocolClient (GrpcClientProtocolClient.java:onNext(264)) - client-F749F73F973A->0721d391-9877-4bc5-9778-84bb7e49252a: receive RaftClientReply:client-F749F73F973A->0721d391-9877-4bc5-9778-84bb7e49252a@group-6ED7C0A64790, cid=21, FAILED org.apache.ratis.protocol.NotLeaderException: Server 0721d391-9877-4bc5-9778-84bb7e49252a@group-6ED7C0A64790 is not the leader 0b57ef76-c121-46fb-9637-94024daca647:192.168.36.113:44606, logIndex=0, commits[0721d391-9877-4bc5-9778-84bb7e49252a:c10, 0b57ef76-c121-46fb-9637-94024daca647:c10, 8e2eaa3a-398a-46ef-9472-b716e4b01ba0:c6]
2019-09-10 18:59:22,128 [java.util.concurrent.ThreadPoolExecutor$Worker@682ced94[State = -1, empty queue]] WARN  server.GrpcLogAppender (GrpcLogAppender.java:timeoutAppendRequest(200)) - 0b57ef76-c121-46fb-9637-94024daca647@group-6ED7C0A64790->8e2eaa3a-398a-46ef-9472-b716e4b01ba0-GrpcLogAppender: appendEntries Timeout, request=0b57ef76-c121-46fb-9637-94024daca647->8e2eaa3a-398a-46ef-9472-b716e4b01ba0#62-t1, previous=(t:1, i:13), leaderCommit=10, initializing? false, entries: <empty>
2019-09-10 18:59:22,128 [java.util.concurrent.ThreadPoolExecutor$Worker@3d619a57[State = -1, empty queue]] WARN  server.GrpcLogAppender (GrpcLogAppender.java:timeoutAppendRequest(200)) - 0b57ef76-c121-46fb-9637-94024daca647@group-6ED7C0A64790->0721d391-9877-4bc5-9778-84bb7e49252a-GrpcLogAppender: appendEntries Timeout, request=0b57ef76-c121-46fb-9637-94024daca647->0721d391-9877-4bc5-9778-84bb7e49252a#62-t1, previous=(t:1, i:13), leaderCommit=10, initializing? false, entries: <empty>
2019-09-10 18:59:24,094 [0b57ef76-c121-46fb-9637-94024daca647@group-6ED7C0A64790-SegmentedRaftLogWorker] WARN  segmented.SegmentedRaftLogWorker (SegmentedRaftLogWorker.java:getFromFuture(90)) - Timeout 11/~
org.apache.ratis.protocol.TimeoutIOException: Timeout 10s: WriteLog:11: (t:1, i:11), STATEMACHINELOGENTRY, client-F749F73F973A, cid=21-writeStateMachineData
	at org.apache.ratis.util.IOUtils.getFromFuture(IOUtils.java:87)
	at org.apache.ratis.server.raftlog.segmented.SegmentedRaftLogWorker$StateMachineDataPolicy.getFromFuture(SegmentedRaftLogWorker.java:87)
	at org.apache.ratis.server.raftlog.segmented.SegmentedRaftLogWorker$WriteLog.execute(SegmentedRaftLogWorker.java:477)
	at org.apache.ratis.server.raftlog.segmented.SegmentedRaftLogWorker.run(SegmentedRaftLogWorker.java:289)
	at java.lang.Thread.run(Thread.java:748)
Caused by: java.util.concurrent.TimeoutException
	at java.util.concurrent.CompletableFuture.timedGet(CompletableFuture.java:1771)
	at java.util.concurrent.CompletableFuture.get(CompletableFuture.java:1915)
	at org.apache.ratis.util.IOUtils.getFromFuture(IOUtils.java:79)
	... 4 more
2019-09-10 18:59:24,159 [org.apache.ratis.server.impl.LogAppender$AppenderDaemon$$Lambda$505/327848963@eaa4d3f] ERROR ratis.XceiverServerRatis (XceiverServerRatis.java:triggerPipelineClose(568)) - pipeline Action CLOSE  on pipeline PipelineID=b6f271ac-cec0-435e-84e1-6ed7c0a64790.Reason : 0b57ef76-c121-46fb-9637-94024daca647 has not seen follower/s 0721d391-9877-4bc5-9778-84bb7e49252a for 120503ms 8e2eaa3a-398a-46ef-9472-b716e4b01ba0 for 120505ms
2019-09-10 18:59:24,159 [org.apache.ratis.server.impl.LogAppender$AppenderDaemon$$Lambda$505/327848963@25078c83] ERROR ratis.XceiverServerRatis (XceiverServerRatis.java:triggerPipelineClose(568)) - pipeline Action CLOSE  on pipeline PipelineID=b6f271ac-cec0-435e-84e1-6ed7c0a64790.Reason : 0b57ef76-c121-46fb-9637-94024daca647 has not seen follower/s 0721d391-9877-4bc5-9778-84bb7e49252a for 120503ms 8e2eaa3a-398a-46ef-9472-b716e4b01ba0 for 120505ms
2019-09-10 18:59:24,280 [8e2eaa3a-398a-46ef-9472-b716e4b01ba0@group-6ED7C0A64790-SegmentedRaftLogWorker] WARN  segmented.SegmentedRaftLogWorker (SegmentedRaftLogWorker.java:getFromFuture(90)) - Timeout 11/~
org.apache.ratis.protocol.TimeoutIOException: Timeout 10s: WriteLog:12: (t:1, i:12), STATEMACHINELOGENTRY, client-F749F73F973A, cid=22-writeStateMachineData
	at org.apache.ratis.util.IOUtils.getFromFuture(IOUtils.java:87)
	at org.apache.ratis.server.raftlog.segmented.SegmentedRaftLogWorker$StateMachineDataPolicy.getFromFuture(SegmentedRaftLogWorker.java:87)
	at org.apache.ratis.server.raftlog.segmented.SegmentedRaftLogWorker$WriteLog.execute(SegmentedRaftLogWorker.java:477)
	at org.apache.ratis.server.raftlog.segmented.SegmentedRaftLogWorker.run(SegmentedRaftLogWorker.java:289)
	at java.lang.Thread.run(Thread.java:748)
Caused by: java.util.concurrent.TimeoutException
	at java.util.concurrent.CompletableFuture.timedGet(CompletableFuture.java:1771)
	at java.util.concurrent.CompletableFuture.get(CompletableFuture.java:1915)
	at org.apache.ratis.util.IOUtils.getFromFuture(IOUtils.java:79)
	... 4 more
2019-09-10 18:59:24,305 [0721d391-9877-4bc5-9778-84bb7e49252a@group-6ED7C0A64790-SegmentedRaftLogWorker] WARN  segmented.SegmentedRaftLogWorker (SegmentedRaftLogWorker.java:getFromFuture(90)) - Timeout 11/~
org.apache.ratis.protocol.TimeoutIOException: Timeout 10s: WriteLog:12: (t:1, i:12), STATEMACHINELOGENTRY, client-F749F73F973A, cid=22-writeStateMachineData
	at org.apache.ratis.util.IOUtils.getFromFuture(IOUtils.java:87)
	at org.apache.ratis.server.raftlog.segmented.SegmentedRaftLogWorker$StateMachineDataPolicy.getFromFuture(SegmentedRaftLogWorker.java:87)
	at org.apache.ratis.server.raftlog.segmented.SegmentedRaftLogWorker$WriteLog.execute(SegmentedRaftLogWorker.java:477)
	at org.apache.ratis.server.raftlog.segmented.SegmentedRaftLogWorker.run(SegmentedRaftLogWorker.java:289)
	at java.lang.Thread.run(Thread.java:748)
Caused by: java.util.concurrent.TimeoutException
	at java.util.concurrent.CompletableFuture.timedGet(CompletableFuture.java:1771)
	at java.util.concurrent.CompletableFuture.get(CompletableFuture.java:1915)
	at org.apache.ratis.util.IOUtils.getFromFuture(IOUtils.java:79)
	... 4 more
2019-09-10 18:59:24,313 [EventQueue-PipelineActionsForPipelineActionHandler] ERROR pipeline.PipelineActionHandler (PipelineActionHandler.java:onMessage(60)) - Received pipeline action CLOSE for Pipeline[ Id: b6f271ac-cec0-435e-84e1-6ed7c0a64790, Nodes: 0721d391-9877-4bc5-9778-84bb7e49252a{ip: 192.168.36.113, host: pr-hdds-1982-decom-states-gjzbw-1854142291, networkLocation: /default-rack, certSerialId: null}8e2eaa3a-398a-46ef-9472-b716e4b01ba0{ip: 192.168.36.113, host: pr-hdds-1982-decom-states-gjzbw-1854142291, networkLocation: /default-rack, certSerialId: null}0b57ef76-c121-46fb-9637-94024daca647{ip: 192.168.36.113, host: pr-hdds-1982-decom-states-gjzbw-1854142291, networkLocation: /default-rack, certSerialId: null}, Type:RATIS, Factor:THREE, State:OPEN] from datanode 0b57ef76-c121-46fb-9637-94024daca647{ip: 192.168.36.113, host: pr-hdds-1982-decom-states-gjzbw-1854142291, networkLocation: /default-rack, certSerialId: null}. Reason : 0b57ef76-c121-46fb-9637-94024daca647 has not seen follower/s 0721d391-9877-4bc5-9778-84bb7e49252a for 120503ms 8e2eaa3a-398a-46ef-9472-b716e4b01ba0 for 120505ms
2019-09-10 18:59:24,313 [EventQueue-PipelineActionsForPipelineActionHandler] INFO  pipeline.SCMPipelineManager (SCMPipelineManager.java:finalizeAndDestroyPipeline(311)) - destroying pipeline:Pipeline[ Id: b6f271ac-cec0-435e-84e1-6ed7c0a64790, Nodes: 0721d391-9877-4bc5-9778-84bb7e49252a{ip: 192.168.36.113, host: pr-hdds-1982-decom-states-gjzbw-1854142291, networkLocation: /default-rack, certSerialId: null}8e2eaa3a-398a-46ef-9472-b716e4b01ba0{ip: 192.168.36.113, host: pr-hdds-1982-decom-states-gjzbw-1854142291, networkLocation: /default-rack, certSerialId: null}0b57ef76-c121-46fb-9637-94024daca647{ip: 192.168.36.113, host: pr-hdds-1982-decom-states-gjzbw-1854142291, networkLocation: /default-rack, certSerialId: null}, Type:RATIS, Factor:THREE, State:OPEN]
2019-09-10 18:59:24,314 [EventQueue-PipelineActionsForPipelineActionHandler] INFO  pipeline.PipelineStateManager (PipelineStateManager.java:finalizePipeline(123)) - Pipeline Pipeline[ Id: b6f271ac-cec0-435e-84e1-6ed7c0a64790, Nodes: 0721d391-9877-4bc5-9778-84bb7e49252a{ip: 192.168.36.113, host: pr-hdds-1982-decom-states-gjzbw-1854142291, networkLocation: /default-rack, certSerialId: null}8e2eaa3a-398a-46ef-9472-b716e4b01ba0{ip: 192.168.36.113, host: pr-hdds-1982-decom-states-gjzbw-1854142291, networkLocation: /default-rack, certSerialId: null}0b57ef76-c121-46fb-9637-94024daca647{ip: 192.168.36.113, host: pr-hdds-1982-decom-states-gjzbw-1854142291, networkLocation: /default-rack, certSerialId: null}, Type:RATIS, Factor:THREE, State:CLOSED] moved to CLOSED state
2019-09-10 18:59:24,318 [EventQueue-CloseContainerForCloseContainerEventHandler] INFO  container.CloseContainerEventHandler (CloseContainerEventHandler.java:onMessage(61)) - Close container Event triggered for container : #2
2019-09-10 18:59:24,325 [EventQueue-CloseContainerForCloseContainerEventHandler] INFO  container.CloseContainerEventHandler (CloseContainerEventHandler.java:onMessage(61)) - Close container Event triggered for container : #3
2019-09-10 18:59:24,629 [java.util.concurrent.ThreadPoolExecutor$Worker@682ced94[State = -1, empty queue]] WARN  server.GrpcLogAppender (GrpcLogAppender.java:timeoutAppendRequest(200)) - 0b57ef76-c121-46fb-9637-94024daca647@group-6ED7C0A64790->8e2eaa3a-398a-46ef-9472-b716e4b01ba0-GrpcLogAppender: appendEntries Timeout, request=0b57ef76-c121-46fb-9637-94024daca647->8e2eaa3a-398a-46ef-9472-b716e4b01ba0#63-t1, previous=(t:1, i:13), leaderCommit=10, initializing? false, entries: <empty>
2019-09-10 18:59:24,629 [java.util.concurrent.ThreadPoolExecutor$Worker@3d619a57[State = -1, empty queue]] WARN  server.GrpcLogAppender (GrpcLogAppender.java:timeoutAppendRequest(200)) - 0b57ef76-c121-46fb-9637-94024daca647@group-6ED7C0A64790->0721d391-9877-4bc5-9778-84bb7e49252a-GrpcLogAppender: appendEntries Timeout, request=0b57ef76-c121-46fb-9637-94024daca647->0721d391-9877-4bc5-9778-84bb7e49252a#63-t1, previous=(t:1, i:13), leaderCommit=10, initializing? false, entries: <empty>
2019-09-10 18:59:25,352 [grpc-default-executor-2] INFO  client.GrpcClientProtocolClient (GrpcClientProtocolClient.java:onNext(264)) - client-F749F73F973A->8e2eaa3a-398a-46ef-9472-b716e4b01ba0: receive RaftClientReply:client-F749F73F973A->8e2eaa3a-398a-46ef-9472-b716e4b01ba0@group-6ED7C0A64790, cid=21, FAILED org.apache.ratis.protocol.NotLeaderException: Server 8e2eaa3a-398a-46ef-9472-b716e4b01ba0@group-6ED7C0A64790 is not the leader 0b57ef76-c121-46fb-9637-94024daca647:192.168.36.113:44606, logIndex=0, commits[8e2eaa3a-398a-46ef-9472-b716e4b01ba0:c10, 0b57ef76-c121-46fb-9637-94024daca647:c10, 0721d391-9877-4bc5-9778-84bb7e49252a:c6]
2019-09-10 18:59:26,348 [org.apache.ratis.server.impl.LogAppender$AppenderDaemon$$Lambda$505/327848963@25078c83] ERROR ratis.XceiverServerRatis (XceiverServerRatis.java:triggerPipelineClose(568)) - pipeline Action CLOSE  on pipeline PipelineID=b6f271ac-cec0-435e-84e1-6ed7c0a64790.Reason : 0b57ef76-c121-46fb-9637-94024daca647 has not seen follower/s 0721d391-9877-4bc5-9778-84bb7e49252a for 122705ms 8e2eaa3a-398a-46ef-9472-b716e4b01ba0 for 122705ms
2019-09-10 18:59:26,348 [org.apache.ratis.server.impl.LogAppender$AppenderDaemon$$Lambda$505/327848963@eaa4d3f] ERROR ratis.XceiverServerRatis (XceiverServerRatis.java:triggerPipelineClose(568)) - pipeline Action CLOSE  on pipeline PipelineID=b6f271ac-cec0-435e-84e1-6ed7c0a64790.Reason : 0b57ef76-c121-46fb-9637-94024daca647 has not seen follower/s 0721d391-9877-4bc5-9778-84bb7e49252a for 122705ms 8e2eaa3a-398a-46ef-9472-b716e4b01ba0 for 122705ms
2019-09-10 18:59:27,129 [java.util.concurrent.ThreadPoolExecutor$Worker@682ced94[State = -1, empty queue]] WARN  server.GrpcLogAppender (GrpcLogAppender.java:timeoutAppendRequest(200)) - 0b57ef76-c121-46fb-9637-94024daca647@group-6ED7C0A64790->8e2eaa3a-398a-46ef-9472-b716e4b01ba0-GrpcLogAppender: appendEntries Timeout, request=0b57ef76-c121-46fb-9637-94024daca647->8e2eaa3a-398a-46ef-9472-b716e4b01ba0#64-t1, previous=(t:1, i:13), leaderCommit=10, initializing? false, entries: <empty>
2019-09-10 18:59:27,129 [java.util.concurrent.ThreadPoolExecutor$Worker@3d619a57[State = -1, empty queue]] WARN  server.GrpcLogAppender (GrpcLogAppender.java:timeoutAppendRequest(200)) - 0b57ef76-c121-46fb-9637-94024daca647@group-6ED7C0A64790->0721d391-9877-4bc5-9778-84bb7e49252a-GrpcLogAppender: appendEntries Timeout, request=0b57ef76-c121-46fb-9637-94024daca647->0721d391-9877-4bc5-9778-84bb7e49252a#64-t1, previous=(t:1, i:13), leaderCommit=10, initializing? false, entries: <empty>
2019-09-10 18:59:27,349 [EventQueue-PipelineActionsForPipelineActionHandler] ERROR pipeline.PipelineActionHandler (PipelineActionHandler.java:onMessage(60)) - Received pipeline action CLOSE for Pipeline[ Id: b6f271ac-cec0-435e-84e1-6ed7c0a64790, Nodes: 0721d391-9877-4bc5-9778-84bb7e49252a{ip: 192.168.36.113, host: pr-hdds-1982-decom-states-gjzbw-1854142291, networkLocation: /default-rack, certSerialId: null}8e2eaa3a-398a-46ef-9472-b716e4b01ba0{ip: 192.168.36.113, host: pr-hdds-1982-decom-states-gjzbw-1854142291, networkLocation: /default-rack, certSerialId: null}0b57ef76-c121-46fb-9637-94024daca647{ip: 192.168.36.113, host: pr-hdds-1982-decom-states-gjzbw-1854142291, networkLocation: /default-rack, certSerialId: null}, Type:RATIS, Factor:THREE, State:CLOSED] from datanode 0b57ef76-c121-46fb-9637-94024daca647{ip: 192.168.36.113, host: pr-hdds-1982-decom-states-gjzbw-1854142291, networkLocation: /default-rack, certSerialId: null}. Reason : 0b57ef76-c121-46fb-9637-94024daca647 has not seen follower/s 0721d391-9877-4bc5-9778-84bb7e49252a for 122705ms 8e2eaa3a-398a-46ef-9472-b716e4b01ba0 for 122705ms
2019-09-10 18:59:27,350 [EventQueue-PipelineActionsForPipelineActionHandler] INFO  pipeline.SCMPipelineManager (SCMPipelineManager.java:finalizeAndDestroyPipeline(311)) - destroying pipeline:Pipeline[ Id: b6f271ac-cec0-435e-84e1-6ed7c0a64790, Nodes: 0721d391-9877-4bc5-9778-84bb7e49252a{ip: 192.168.36.113, host: pr-hdds-1982-decom-states-gjzbw-1854142291, networkLocation: /default-rack, certSerialId: null}8e2eaa3a-398a-46ef-9472-b716e4b01ba0{ip: 192.168.36.113, host: pr-hdds-1982-decom-states-gjzbw-1854142291, networkLocation: /default-rack, certSerialId: null}0b57ef76-c121-46fb-9637-94024daca647{ip: 192.168.36.113, host: pr-hdds-1982-decom-states-gjzbw-1854142291, networkLocation: /default-rack, certSerialId: null}, Type:RATIS, Factor:THREE, State:CLOSED]
2019-09-10 18:59:28,849 [org.apache.ratis.server.impl.LogAppender$AppenderDaemon$$Lambda$505/327848963@25078c83] ERROR ratis.XceiverServerRatis (XceiverServerRatis.java:triggerPipelineClose(568)) - pipeline Action CLOSE  on pipeline PipelineID=b6f271ac-cec0-435e-84e1-6ed7c0a64790.Reason : 0b57ef76-c121-46fb-9637-94024daca647 has not seen follower/s 0721d391-9877-4bc5-9778-84bb7e49252a for 125207ms 8e2eaa3a-398a-46ef-9472-b716e4b01ba0 for 125206ms
2019-09-10 18:59:28,849 [org.apache.ratis.server.impl.LogAppender$AppenderDaemon$$Lambda$505/327848963@eaa4d3f] ERROR ratis.XceiverServerRatis (XceiverServerRatis.java:triggerPipelineClose(568)) - pipeline Action CLOSE  on pipeline PipelineID=b6f271ac-cec0-435e-84e1-6ed7c0a64790.Reason : 0b57ef76-c121-46fb-9637-94024daca647 has not seen follower/s 0721d391-9877-4bc5-9778-84bb7e49252a for 125207ms 8e2eaa3a-398a-46ef-9472-b716e4b01ba0 for 125206ms
2019-09-10 18:59:29,347 [EventQueue-PipelineActionsForPipelineActionHandler] ERROR pipeline.PipelineActionHandler (PipelineActionHandler.java:onMessage(60)) - Received pipeline action CLOSE for Pipeline[ Id: b6f271ac-cec0-435e-84e1-6ed7c0a64790, Nodes: 0721d391-9877-4bc5-9778-84bb7e49252a{ip: 192.168.36.113, host: pr-hdds-1982-decom-states-gjzbw-1854142291, networkLocation: /default-rack, certSerialId: null}8e2eaa3a-398a-46ef-9472-b716e4b01ba0{ip: 192.168.36.113, host: pr-hdds-1982-decom-states-gjzbw-1854142291, networkLocation: /default-rack, certSerialId: null}0b57ef76-c121-46fb-9637-94024daca647{ip: 192.168.36.113, host: pr-hdds-1982-decom-states-gjzbw-1854142291, networkLocation: /default-rack, certSerialId: null}, Type:RATIS, Factor:THREE, State:CLOSED] from datanode 0b57ef76-c121-46fb-9637-94024daca647{ip: 192.168.36.113, host: pr-hdds-1982-decom-states-gjzbw-1854142291, networkLocation: /default-rack, certSerialId: null}. Reason : 0b57ef76-c121-46fb-9637-94024daca647 has not seen follower/s 0721d391-9877-4bc5-9778-84bb7e49252a for 125207ms 8e2eaa3a-398a-46ef-9472-b716e4b01ba0 for 125206ms
2019-09-10 18:59:29,347 [EventQueue-PipelineActionsForPipelineActionHandler] INFO  pipeline.SCMPipelineManager (SCMPipelineManager.java:finalizeAndDestroyPipeline(311)) - destroying pipeline:Pipeline[ Id: b6f271ac-cec0-435e-84e1-6ed7c0a64790, Nodes: 0721d391-9877-4bc5-9778-84bb7e49252a{ip: 192.168.36.113, host: pr-hdds-1982-decom-states-gjzbw-1854142291, networkLocation: /default-rack, certSerialId: null}8e2eaa3a-398a-46ef-9472-b716e4b01ba0{ip: 192.168.36.113, host: pr-hdds-1982-decom-states-gjzbw-1854142291, networkLocation: /default-rack, certSerialId: null}0b57ef76-c121-46fb-9637-94024daca647{ip: 192.168.36.113, host: pr-hdds-1982-decom-states-gjzbw-1854142291, networkLocation: /default-rack, certSerialId: null}, Type:RATIS, Factor:THREE, State:CLOSED]
2019-09-10 18:59:29,348 [java.util.concurrent.ThreadPoolExecutor$Worker@3d619a57[State = -1, empty queue]] WARN  server.GrpcLogAppender (GrpcLogAppender.java:timeoutAppendRequest(200)) - 0b57ef76-c121-46fb-9637-94024daca647@group-6ED7C0A64790->0721d391-9877-4bc5-9778-84bb7e49252a-GrpcLogAppender: appendEntries Timeout, request=0b57ef76-c121-46fb-9637-94024daca647->0721d391-9877-4bc5-9778-84bb7e49252a#65-t1, previous=(t:1, i:13), leaderCommit=10, initializing? false, entries: size=1, first=(t:1, i:14), STATEMACHINELOGENTRY, client-785D1BB038B3, cid=4
2019-09-10 18:59:29,348 [java.util.concurrent.ThreadPoolExecutor$Worker@682ced94[State = -1, empty queue]] WARN  server.GrpcLogAppender (GrpcLogAppender.java:timeoutAppendRequest(200)) - 0b57ef76-c121-46fb-9637-94024daca647@group-6ED7C0A64790->8e2eaa3a-398a-46ef-9472-b716e4b01ba0-GrpcLogAppender: appendEntries Timeout, request=0b57ef76-c121-46fb-9637-94024daca647->8e2eaa3a-398a-46ef-9472-b716e4b01ba0#65-t1, previous=(t:1, i:13), leaderCommit=10, initializing? false, entries: size=1, first=(t:1, i:14), STATEMACHINELOGENTRY, client-785D1BB038B3, cid=4
2019-09-10 18:59:30,402 [grpc-default-executor-0] INFO  client.GrpcClientProtocolClient (GrpcClientProtocolClient.java:onNext(264)) - client-F749F73F973A->0721d391-9877-4bc5-9778-84bb7e49252a: receive RaftClientReply:client-F749F73F973A->0721d391-9877-4bc5-9778-84bb7e49252a@group-6ED7C0A64790, cid=21, FAILED org.apache.ratis.protocol.NotLeaderException: Server 0721d391-9877-4bc5-9778-84bb7e49252a@group-6ED7C0A64790 is not the leader 0b57ef76-c121-46fb-9637-94024daca647:192.168.36.113:44606, logIndex=0, commits[0721d391-9877-4bc5-9778-84bb7e49252a:c10, 0b57ef76-c121-46fb-9637-94024daca647:c10, 8e2eaa3a-398a-46ef-9472-b716e4b01ba0:c6]
2019-09-10 18:59:31,350 [org.apache.ratis.server.impl.LogAppender$AppenderDaemon$$Lambda$505/327848963@25078c83] ERROR ratis.XceiverServerRatis (XceiverServerRatis.java:triggerPipelineClose(568)) - pipeline Action CLOSE  on pipeline PipelineID=b6f271ac-cec0-435e-84e1-6ed7c0a64790.Reason : 0b57ef76-c121-46fb-9637-94024daca647 has not seen follower/s 0721d391-9877-4bc5-9778-84bb7e49252a for 127708ms 8e2eaa3a-398a-46ef-9472-b716e4b01ba0 for 127708ms
2019-09-10 18:59:31,353 [org.apache.ratis.server.impl.LogAppender$AppenderDaemon$$Lambda$505/327848963@eaa4d3f] ERROR ratis.XceiverServerRatis (XceiverServerRatis.java:triggerPipelineClose(568)) - pipeline Action CLOSE  on pipeline PipelineID=b6f271ac-cec0-435e-84e1-6ed7c0a64790.Reason : 0b57ef76-c121-46fb-9637-94024daca647 has not seen follower/s 0721d391-9877-4bc5-9778-84bb7e49252a for 127708ms 8e2eaa3a-398a-46ef-9472-b716e4b01ba0 for 127708ms
2019-09-10 18:59:31,849 [java.util.concurrent.ThreadPoolExecutor$Worker@3d619a57[State = -1, empty queue]] WARN  server.GrpcLogAppender (GrpcLogAppender.java:timeoutAppendRequest(200)) - 0b57ef76-c121-46fb-9637-94024daca647@group-6ED7C0A64790->0721d391-9877-4bc5-9778-84bb7e49252a-GrpcLogAppender: appendEntries Timeout, request=0b57ef76-c121-46fb-9637-94024daca647->0721d391-9877-4bc5-9778-84bb7e49252a#66-t1, previous=(t:1, i:14), leaderCommit=10, initializing? false, entries: <empty>
2019-09-10 18:59:31,849 [java.util.concurrent.ThreadPoolExecutor$Worker@682ced94[State = -1, empty queue]] WARN  server.GrpcLogAppender (GrpcLogAppender.java:timeoutAppendRequest(200)) - 0b57ef76-c121-46fb-9637-94024daca647@group-6ED7C0A64790->8e2eaa3a-398a-46ef-9472-b716e4b01ba0-GrpcLogAppender: appendEntries Timeout, request=0b57ef76-c121-46fb-9637-94024daca647->8e2eaa3a-398a-46ef-9472-b716e4b01ba0#66-t1, previous=(t:1, i:14), leaderCommit=10, initializing? false, entries: <empty>
2019-09-10 18:59:32,348 [EventQueue-PipelineActionsForPipelineActionHandler] ERROR pipeline.PipelineActionHandler (PipelineActionHandler.java:onMessage(60)) - Received pipeline action CLOSE for Pipeline[ Id: b6f271ac-cec0-435e-84e1-6ed7c0a64790, Nodes: 0721d391-9877-4bc5-9778-84bb7e49252a{ip: 192.168.36.113, host: pr-hdds-1982-decom-states-gjzbw-1854142291, networkLocation: /default-rack, certSerialId: null}8e2eaa3a-398a-46ef-9472-b716e4b01ba0{ip: 192.168.36.113, host: pr-hdds-1982-decom-states-gjzbw-1854142291, networkLocation: /default-rack, certSerialId: null}0b57ef76-c121-46fb-9637-94024daca647{ip: 192.168.36.113, host: pr-hdds-1982-decom-states-gjzbw-1854142291, networkLocation: /default-rack, certSerialId: null}, Type:RATIS, Factor:THREE, State:CLOSED] from datanode 0b57ef76-c121-46fb-9637-94024daca647{ip: 192.168.36.113, host: pr-hdds-1982-decom-states-gjzbw-1854142291, networkLocation: /default-rack, certSerialId: null}. Reason : 0b57ef76-c121-46fb-9637-94024daca647 has not seen follower/s 0721d391-9877-4bc5-9778-84bb7e49252a for 127708ms 8e2eaa3a-398a-46ef-9472-b716e4b01ba0 for 127708ms
2019-09-10 18:59:32,348 [EventQueue-PipelineActionsForPipelineActionHandler] INFO  pipeline.SCMPipelineManager (SCMPipelineManager.java:finalizeAndDestroyPipeline(311)) - destroying pipeline:Pipeline[ Id: b6f271ac-cec0-435e-84e1-6ed7c0a64790, Nodes: 0721d391-9877-4bc5-9778-84bb7e49252a{ip: 192.168.36.113, host: pr-hdds-1982-decom-states-gjzbw-1854142291, networkLocation: /default-rack, certSerialId: null}8e2eaa3a-398a-46ef-9472-b716e4b01ba0{ip: 192.168.36.113, host: pr-hdds-1982-decom-states-gjzbw-1854142291, networkLocation: /default-rack, certSerialId: null}0b57ef76-c121-46fb-9637-94024daca647{ip: 192.168.36.113, host: pr-hdds-1982-decom-states-gjzbw-1854142291, networkLocation: /default-rack, certSerialId: null}, Type:RATIS, Factor:THREE, State:CLOSED]
2019-09-10 18:59:33,852 [org.apache.ratis.server.impl.LogAppender$AppenderDaemon$$Lambda$505/327848963@25078c83] ERROR ratis.XceiverServerRatis (XceiverServerRatis.java:triggerPipelineClose(568)) - pipeline Action CLOSE  on pipeline PipelineID=b6f271ac-cec0-435e-84e1-6ed7c0a64790.Reason : 0b57ef76-c121-46fb-9637-94024daca647 has not seen follower/s 0721d391-9877-4bc5-9778-84bb7e49252a for 130209ms 8e2eaa3a-398a-46ef-9472-b716e4b01ba0 for 130209ms
2019-09-10 18:59:33,852 [org.apache.ratis.server.impl.LogAppender$AppenderDaemon$$Lambda$505/327848963@eaa4d3f] ERROR ratis.XceiverServerRatis (XceiverServerRatis.java:triggerPipelineClose(568)) - pipeline Action CLOSE  on pipeline PipelineID=b6f271ac-cec0-435e-84e1-6ed7c0a64790.Reason : 0b57ef76-c121-46fb-9637-94024daca647 has not seen follower/s 0721d391-9877-4bc5-9778-84bb7e49252a for 130209ms 8e2eaa3a-398a-46ef-9472-b716e4b01ba0 for 130209ms
2019-09-10 18:59:34,096 [0b57ef76-c121-46fb-9637-94024daca647@group-6ED7C0A64790-SegmentedRaftLogWorker] WARN  segmented.SegmentedRaftLogWorker (SegmentedRaftLogWorker.java:getFromFuture(90)) - Timeout 12/~
org.apache.ratis.protocol.TimeoutIOException: Timeout 10s: WriteLog:11: (t:1, i:11), STATEMACHINELOGENTRY, client-F749F73F973A, cid=21-writeStateMachineData
	at org.apache.ratis.util.IOUtils.getFromFuture(IOUtils.java:87)
	at org.apache.ratis.server.raftlog.segmented.SegmentedRaftLogWorker$StateMachineDataPolicy.getFromFuture(SegmentedRaftLogWorker.java:87)
	at org.apache.ratis.server.raftlog.segmented.SegmentedRaftLogWorker$WriteLog.execute(SegmentedRaftLogWorker.java:477)
	at org.apache.ratis.server.raftlog.segmented.SegmentedRaftLogWorker.run(SegmentedRaftLogWorker.java:289)
	at java.lang.Thread.run(Thread.java:748)
Caused by: java.util.concurrent.TimeoutException
	at java.util.concurrent.CompletableFuture.timedGet(CompletableFuture.java:1771)
	at java.util.concurrent.CompletableFuture.get(CompletableFuture.java:1915)
	at org.apache.ratis.util.IOUtils.getFromFuture(IOUtils.java:79)
	... 4 more
2019-09-10 18:59:34,281 [8e2eaa3a-398a-46ef-9472-b716e4b01ba0@group-6ED7C0A64790-SegmentedRaftLogWorker] WARN  segmented.SegmentedRaftLogWorker (SegmentedRaftLogWorker.java:getFromFuture(90)) - Timeout 12/~
org.apache.ratis.protocol.TimeoutIOException: Timeout 10s: WriteLog:12: (t:1, i:12), STATEMACHINELOGENTRY, client-F749F73F973A, cid=22-writeStateMachineData
	at org.apache.ratis.util.IOUtils.getFromFuture(IOUtils.java:87)
	at org.apache.ratis.server.raftlog.segmented.SegmentedRaftLogWorker$StateMachineDataPolicy.getFromFuture(SegmentedRaftLogWorker.java:87)
	at org.apache.ratis.server.raftlog.segmented.SegmentedRaftLogWorker$WriteLog.execute(SegmentedRaftLogWorker.java:477)
	at org.apache.ratis.server.raftlog.segmented.SegmentedRaftLogWorker.run(SegmentedRaftLogWorker.java:289)
	at java.lang.Thread.run(Thread.java:748)
Caused by: java.util.concurrent.TimeoutException
	at java.util.concurrent.CompletableFuture.timedGet(CompletableFuture.java:1771)
	at java.util.concurrent.CompletableFuture.get(CompletableFuture.java:1915)
	at org.apache.ratis.util.IOUtils.getFromFuture(IOUtils.java:79)
	... 4 more
2019-09-10 18:59:34,306 [0721d391-9877-4bc5-9778-84bb7e49252a@group-6ED7C0A64790-SegmentedRaftLogWorker] WARN  segmented.SegmentedRaftLogWorker (SegmentedRaftLogWorker.java:getFromFuture(90)) - Timeout 12/~
org.apache.ratis.protocol.TimeoutIOException: Timeout 10s: WriteLog:12: (t:1, i:12), STATEMACHINELOGENTRY, client-F749F73F973A, cid=22-writeStateMachineData
	at org.apache.ratis.util.IOUtils.getFromFuture(IOUtils.java:87)
	at org.apache.ratis.server.raftlog.segmented.SegmentedRaftLogWorker$StateMachineDataPolicy.getFromFuture(SegmentedRaftLogWorker.java:87)
	at org.apache.ratis.server.raftlog.segmented.SegmentedRaftLogWorker$WriteLog.execute(SegmentedRaftLogWorker.java:477)
	at org.apache.ratis.server.raftlog.segmented.SegmentedRaftLogWorker.run(SegmentedRaftLogWorker.java:289)
	at java.lang.Thread.run(Thread.java:748)
Caused by: java.util.concurrent.TimeoutException
	at java.util.concurrent.CompletableFuture.timedGet(CompletableFuture.java:1771)
	at java.util.concurrent.CompletableFuture.get(CompletableFuture.java:1915)
	at org.apache.ratis.util.IOUtils.getFromFuture(IOUtils.java:79)
	... 4 more
2019-09-10 18:59:34,347 [EventQueue-PipelineActionsForPipelineActionHandler] ERROR pipeline.PipelineActionHandler (PipelineActionHandler.java:onMessage(60)) - Received pipeline action CLOSE for Pipeline[ Id: b6f271ac-cec0-435e-84e1-6ed7c0a64790, Nodes: 0721d391-9877-4bc5-9778-84bb7e49252a{ip: 192.168.36.113, host: pr-hdds-1982-decom-states-gjzbw-1854142291, networkLocation: /default-rack, certSerialId: null}8e2eaa3a-398a-46ef-9472-b716e4b01ba0{ip: 192.168.36.113, host: pr-hdds-1982-decom-states-gjzbw-1854142291, networkLocation: /default-rack, certSerialId: null}0b57ef76-c121-46fb-9637-94024daca647{ip: 192.168.36.113, host: pr-hdds-1982-decom-states-gjzbw-1854142291, networkLocation: /default-rack, certSerialId: null}, Type:RATIS, Factor:THREE, State:CLOSED] from datanode 0b57ef76-c121-46fb-9637-94024daca647{ip: 192.168.36.113, host: pr-hdds-1982-decom-states-gjzbw-1854142291, networkLocation: /default-rack, certSerialId: null}. Reason : 0b57ef76-c121-46fb-9637-94024daca647 has not seen follower/s 0721d391-9877-4bc5-9778-84bb7e49252a for 130209ms 8e2eaa3a-398a-46ef-9472-b716e4b01ba0 for 130209ms
2019-09-10 18:59:34,347 [EventQueue-PipelineActionsForPipelineActionHandler] INFO  pipeline.SCMPipelineManager (SCMPipelineManager.java:finalizeAndDestroyPipeline(311)) - destroying pipeline:Pipeline[ Id: b6f271ac-cec0-435e-84e1-6ed7c0a64790, Nodes: 0721d391-9877-4bc5-9778-84bb7e49252a{ip: 192.168.36.113, host: pr-hdds-1982-decom-states-gjzbw-1854142291, networkLocation: /default-rack, certSerialId: null}8e2eaa3a-398a-46ef-9472-b716e4b01ba0{ip: 192.168.36.113, host: pr-hdds-1982-decom-states-gjzbw-1854142291, networkLocation: /default-rack, certSerialId: null}0b57ef76-c121-46fb-9637-94024daca647{ip: 192.168.36.113, host: pr-hdds-1982-decom-states-gjzbw-1854142291, networkLocation: /default-rack, certSerialId: null}, Type:RATIS, Factor:THREE, State:CLOSED]
2019-09-10 18:59:34,350 [java.util.concurrent.ThreadPoolExecutor$Worker@682ced94[State = -1, empty queue]] WARN  server.GrpcLogAppender (GrpcLogAppender.java:timeoutAppendRequest(200)) - 0b57ef76-c121-46fb-9637-94024daca647@group-6ED7C0A64790->8e2eaa3a-398a-46ef-9472-b716e4b01ba0-GrpcLogAppender: appendEntries Timeout, request=0b57ef76-c121-46fb-9637-94024daca647->8e2eaa3a-398a-46ef-9472-b716e4b01ba0#67-t1, previous=(t:1, i:14), leaderCommit=10, initializing? false, entries: <empty>
2019-09-10 18:59:34,355 [java.util.concurrent.ThreadPoolExecutor$Worker@3d619a57[State = -1, empty queue]] WARN  server.GrpcLogAppender (GrpcLogAppender.java:timeoutAppendRequest(200)) - 0b57ef76-c121-46fb-9637-94024daca647@group-6ED7C0A64790->0721d391-9877-4bc5-9778-84bb7e49252a-GrpcLogAppender: appendEntries Timeout, request=0b57ef76-c121-46fb-9637-94024daca647->0721d391-9877-4bc5-9778-84bb7e49252a#67-t1, previous=(t:1, i:14), leaderCommit=10, initializing? false, entries: <empty>
2019-09-10 18:59:35,447 [grpc-default-executor-0] INFO  client.GrpcClientProtocolClient (GrpcClientProtocolClient.java:onNext(264)) - client-F749F73F973A->8e2eaa3a-398a-46ef-9472-b716e4b01ba0: receive RaftClientReply:client-F749F73F973A->8e2eaa3a-398a-46ef-9472-b716e4b01ba0@group-6ED7C0A64790, cid=21, FAILED org.apache.ratis.protocol.NotLeaderException: Server 8e2eaa3a-398a-46ef-9472-b716e4b01ba0@group-6ED7C0A64790 is not the leader 0b57ef76-c121-46fb-9637-94024daca647:192.168.36.113:44606, logIndex=0, commits[8e2eaa3a-398a-46ef-9472-b716e4b01ba0:c10, 0b57ef76-c121-46fb-9637-94024daca647:c10, 0721d391-9877-4bc5-9778-84bb7e49252a:c6]
2019-09-10 18:59:36,353 [org.apache.ratis.server.impl.LogAppender$AppenderDaemon$$Lambda$505/327848963@25078c83] ERROR ratis.XceiverServerRatis (XceiverServerRatis.java:triggerPipelineClose(568)) - pipeline Action CLOSE  on pipeline PipelineID=b6f271ac-cec0-435e-84e1-6ed7c0a64790.Reason : 0b57ef76-c121-46fb-9637-94024daca647 has not seen follower/s 0721d391-9877-4bc5-9778-84bb7e49252a for 132710ms 8e2eaa3a-398a-46ef-9472-b716e4b01ba0 for 132710ms
2019-09-10 18:59:36,353 [org.apache.ratis.server.impl.LogAppender$AppenderDaemon$$Lambda$505/327848963@eaa4d3f] ERROR ratis.XceiverServerRatis (XceiverServerRatis.java:triggerPipelineClose(568)) - pipeline Action CLOSE  on pipeline PipelineID=b6f271ac-cec0-435e-84e1-6ed7c0a64790.Reason : 0b57ef76-c121-46fb-9637-94024daca647 has not seen follower/s 0721d391-9877-4bc5-9778-84bb7e49252a for 132710ms 8e2eaa3a-398a-46ef-9472-b716e4b01ba0 for 132710ms
2019-09-10 18:59:36,851 [java.util.concurrent.ThreadPoolExecutor$Worker@682ced94[State = -1, empty queue]] WARN  server.GrpcLogAppender (GrpcLogAppender.java:timeoutAppendRequest(200)) - 0b57ef76-c121-46fb-9637-94024daca647@group-6ED7C0A64790->8e2eaa3a-398a-46ef-9472-b716e4b01ba0-GrpcLogAppender: appendEntries Timeout, request=0b57ef76-c121-46fb-9637-94024daca647->8e2eaa3a-398a-46ef-9472-b716e4b01ba0#68-t1, previous=(t:1, i:14), leaderCommit=10, initializing? false, entries: <empty>
2019-09-10 18:59:36,851 [java.util.concurrent.ThreadPoolExecutor$Worker@3d619a57[State = -1, empty queue]] WARN  server.GrpcLogAppender (GrpcLogAppender.java:timeoutAppendRequest(200)) - 0b57ef76-c121-46fb-9637-94024daca647@group-6ED7C0A64790->0721d391-9877-4bc5-9778-84bb7e49252a-GrpcLogAppender: appendEntries Timeout, request=0b57ef76-c121-46fb-9637-94024daca647->0721d391-9877-4bc5-9778-84bb7e49252a#68-t1, previous=(t:1, i:14), leaderCommit=10, initializing? false, entries: <empty>
2019-09-10 18:59:37,347 [EventQueue-PipelineActionsForPipelineActionHandler] ERROR pipeline.PipelineActionHandler (PipelineActionHandler.java:onMessage(60)) - Received pipeline action CLOSE for Pipeline[ Id: b6f271ac-cec0-435e-84e1-6ed7c0a64790, Nodes: 0721d391-9877-4bc5-9778-84bb7e49252a{ip: 192.168.36.113, host: pr-hdds-1982-decom-states-gjzbw-1854142291, networkLocation: /default-rack, certSerialId: null}8e2eaa3a-398a-46ef-9472-b716e4b01ba0{ip: 192.168.36.113, host: pr-hdds-1982-decom-states-gjzbw-1854142291, networkLocation: /default-rack, certSerialId: null}0b57ef76-c121-46fb-9637-94024daca647{ip: 192.168.36.113, host: pr-hdds-1982-decom-states-gjzbw-1854142291, networkLocation: /default-rack, certSerialId: null}, Type:RATIS, Factor:THREE, State:CLOSED] from datanode 0b57ef76-c121-46fb-9637-94024daca647{ip: 192.168.36.113, host: pr-hdds-1982-decom-states-gjzbw-1854142291, networkLocation: /default-rack, certSerialId: null}. Reason : 0b57ef76-c121-46fb-9637-94024daca647 has not seen follower/s 0721d391-9877-4bc5-9778-84bb7e49252a for 132710ms 8e2eaa3a-398a-46ef-9472-b716e4b01ba0 for 132710ms
2019-09-10 18:59:37,347 [EventQueue-PipelineActionsForPipelineActionHandler] INFO  pipeline.SCMPipelineManager (SCMPipelineManager.java:finalizeAndDestroyPipeline(311)) - destroying pipeline:Pipeline[ Id: b6f271ac-cec0-435e-84e1-6ed7c0a64790, Nodes: 0721d391-9877-4bc5-9778-84bb7e49252a{ip: 192.168.36.113, host: pr-hdds-1982-decom-states-gjzbw-1854142291, networkLocation: /default-rack, certSerialId: null}8e2eaa3a-398a-46ef-9472-b716e4b01ba0{ip: 192.168.36.113, host: pr-hdds-1982-decom-states-gjzbw-1854142291, networkLocation: /default-rack, certSerialId: null}0b57ef76-c121-46fb-9637-94024daca647{ip: 192.168.36.113, host: pr-hdds-1982-decom-states-gjzbw-1854142291, networkLocation: /default-rack, certSerialId: null}, Type:RATIS, Factor:THREE, State:CLOSED]
2019-09-10 18:59:38,855 [org.apache.ratis.server.impl.LogAppender$AppenderDaemon$$Lambda$505/327848963@eaa4d3f] ERROR ratis.XceiverServerRatis (XceiverServerRatis.java:triggerPipelineClose(568)) - pipeline Action CLOSE  on pipeline PipelineID=b6f271ac-cec0-435e-84e1-6ed7c0a64790.Reason : 0b57ef76-c121-46fb-9637-94024daca647 has not seen follower/s 0721d391-9877-4bc5-9778-84bb7e49252a for 135212ms 8e2eaa3a-398a-46ef-9472-b716e4b01ba0 for 135212ms
2019-09-10 18:59:38,855 [org.apache.ratis.server.impl.LogAppender$AppenderDaemon$$Lambda$505/327848963@25078c83] ERROR ratis.XceiverServerRatis (XceiverServerRatis.java:triggerPipelineClose(568)) - pipeline Action CLOSE  on pipeline PipelineID=b6f271ac-cec0-435e-84e1-6ed7c0a64790.Reason : 0b57ef76-c121-46fb-9637-94024daca647 has not seen follower/s 0721d391-9877-4bc5-9778-84bb7e49252a for 135212ms 8e2eaa3a-398a-46ef-9472-b716e4b01ba0 for 135212ms
2019-09-10 18:59:39,347 [EventQueue-PipelineActionsForPipelineActionHandler] ERROR pipeline.PipelineActionHandler (PipelineActionHandler.java:onMessage(60)) - Received pipeline action CLOSE for Pipeline[ Id: b6f271ac-cec0-435e-84e1-6ed7c0a64790, Nodes: 0721d391-9877-4bc5-9778-84bb7e49252a{ip: 192.168.36.113, host: pr-hdds-1982-decom-states-gjzbw-1854142291, networkLocation: /default-rack, certSerialId: null}8e2eaa3a-398a-46ef-9472-b716e4b01ba0{ip: 192.168.36.113, host: pr-hdds-1982-decom-states-gjzbw-1854142291, networkLocation: /default-rack, certSerialId: null}0b57ef76-c121-46fb-9637-94024daca647{ip: 192.168.36.113, host: pr-hdds-1982-decom-states-gjzbw-1854142291, networkLocation: /default-rack, certSerialId: null}, Type:RATIS, Factor:THREE, State:CLOSED] from datanode 0b57ef76-c121-46fb-9637-94024daca647{ip: 192.168.36.113, host: pr-hdds-1982-decom-states-gjzbw-1854142291, networkLocation: /default-rack, certSerialId: null}. Reason : 0b57ef76-c121-46fb-9637-94024daca647 has not seen follower/s 0721d391-9877-4bc5-9778-84bb7e49252a for 135212ms 8e2eaa3a-398a-46ef-9472-b716e4b01ba0 for 135212ms
2019-09-10 18:59:39,347 [EventQueue-PipelineActionsForPipelineActionHandler] INFO  pipeline.SCMPipelineManager (SCMPipelineManager.java:finalizeAndDestroyPipeline(311)) - destroying pipeline:Pipeline[ Id: b6f271ac-cec0-435e-84e1-6ed7c0a64790, Nodes: 0721d391-9877-4bc5-9778-84bb7e49252a{ip: 192.168.36.113, host: pr-hdds-1982-decom-states-gjzbw-1854142291, networkLocation: /default-rack, certSerialId: null}8e2eaa3a-398a-46ef-9472-b716e4b01ba0{ip: 192.168.36.113, host: pr-hdds-1982-decom-states-gjzbw-1854142291, networkLocation: /default-rack, certSerialId: null}0b57ef76-c121-46fb-9637-94024daca647{ip: 192.168.36.113, host: pr-hdds-1982-decom-states-gjzbw-1854142291, networkLocation: /default-rack, certSerialId: null}, Type:RATIS, Factor:THREE, State:CLOSED]
2019-09-10 18:59:39,353 [java.util.concurrent.ThreadPoolExecutor$Worker@3d619a57[State = -1, empty queue]] WARN  server.GrpcLogAppender (GrpcLogAppender.java:timeoutAppendRequest(200)) - 0b57ef76-c121-46fb-9637-94024daca647@group-6ED7C0A64790->0721d391-9877-4bc5-9778-84bb7e49252a-GrpcLogAppender: appendEntries Timeout, request=0b57ef76-c121-46fb-9637-94024daca647->0721d391-9877-4bc5-9778-84bb7e49252a#69-t1, previous=(t:1, i:14), leaderCommit=10, initializing? false, entries: <empty>
2019-09-10 18:59:39,353 [java.util.concurrent.ThreadPoolExecutor$Worker@682ced94[State = -1, empty queue]] WARN  server.GrpcLogAppender (GrpcLogAppender.java:timeoutAppendRequest(200)) - 0b57ef76-c121-46fb-9637-94024daca647@group-6ED7C0A64790->8e2eaa3a-398a-46ef-9472-b716e4b01ba0-GrpcLogAppender: appendEntries Timeout, request=0b57ef76-c121-46fb-9637-94024daca647->8e2eaa3a-398a-46ef-9472-b716e4b01ba0#69-t1, previous=(t:1, i:14), leaderCommit=10, initializing? false, entries: <empty>
2019-09-10 18:59:40,500 [grpc-default-executor-0] INFO  client.GrpcClientProtocolClient (GrpcClientProtocolClient.java:onNext(264)) - client-F749F73F973A->0721d391-9877-4bc5-9778-84bb7e49252a: receive RaftClientReply:client-F749F73F973A->0721d391-9877-4bc5-9778-84bb7e49252a@group-6ED7C0A64790, cid=21, FAILED org.apache.ratis.protocol.NotLeaderException: Server 0721d391-9877-4bc5-9778-84bb7e49252a@group-6ED7C0A64790 is not the leader 0b57ef76-c121-46fb-9637-94024daca647:192.168.36.113:44606, logIndex=0, commits[0721d391-9877-4bc5-9778-84bb7e49252a:c10, 0b57ef76-c121-46fb-9637-94024daca647:c10, 8e2eaa3a-398a-46ef-9472-b716e4b01ba0:c6]
2019-09-10 18:59:41,355 [org.apache.ratis.server.impl.LogAppender$AppenderDaemon$$Lambda$505/327848963@eaa4d3f] ERROR ratis.XceiverServerRatis (XceiverServerRatis.java:triggerPipelineClose(568)) - pipeline Action CLOSE  on pipeline PipelineID=b6f271ac-cec0-435e-84e1-6ed7c0a64790.Reason : 0b57ef76-c121-46fb-9637-94024daca647 has not seen follower/s 0721d391-9877-4bc5-9778-84bb7e49252a for 137713ms 8e2eaa3a-398a-46ef-9472-b716e4b01ba0 for 137712ms
2019-09-10 18:59:41,356 [org.apache.ratis.server.impl.LogAppender$AppenderDaemon$$Lambda$505/327848963@25078c83] ERROR ratis.XceiverServerRatis (XceiverServerRatis.java:triggerPipelineClose(568)) - pipeline Action CLOSE  on pipeline PipelineID=b6f271ac-cec0-435e-84e1-6ed7c0a64790.Reason : 0b57ef76-c121-46fb-9637-94024daca647 has not seen follower/s 0721d391-9877-4bc5-9778-84bb7e49252a for 137713ms 8e2eaa3a-398a-46ef-9472-b716e4b01ba0 for 137713ms
2019-09-10 18:59:41,854 [java.util.concurrent.ThreadPoolExecutor$Worker@3d619a57[State = -1, empty queue]] WARN  server.GrpcLogAppender (GrpcLogAppender.java:timeoutAppendRequest(200)) - 0b57ef76-c121-46fb-9637-94024daca647@group-6ED7C0A64790->0721d391-9877-4bc5-9778-84bb7e49252a-GrpcLogAppender: appendEntries Timeout, request=0b57ef76-c121-46fb-9637-94024daca647->0721d391-9877-4bc5-9778-84bb7e49252a#70-t1, previous=(t:1, i:14), leaderCommit=10, initializing? false, entries: <empty>
2019-09-10 18:59:41,854 [java.util.concurrent.ThreadPoolExecutor$Worker@682ced94[State = -1, empty queue]] WARN  server.GrpcLogAppender (GrpcLogAppender.java:timeoutAppendRequest(200)) - 0b57ef76-c121-46fb-9637-94024daca647@group-6ED7C0A64790->8e2eaa3a-398a-46ef-9472-b716e4b01ba0-GrpcLogAppender: appendEntries Timeout, request=0b57ef76-c121-46fb-9637-94024daca647->8e2eaa3a-398a-46ef-9472-b716e4b01ba0#70-t1, previous=(t:1, i:14), leaderCommit=10, initializing? false, entries: <empty>
2019-09-10 18:59:42,347 [EventQueue-PipelineActionsForPipelineActionHandler] ERROR pipeline.PipelineActionHandler (PipelineActionHandler.java:onMessage(60)) - Received pipeline action CLOSE for Pipeline[ Id: b6f271ac-cec0-435e-84e1-6ed7c0a64790, Nodes: 0721d391-9877-4bc5-9778-84bb7e49252a{ip: 192.168.36.113, host: pr-hdds-1982-decom-states-gjzbw-1854142291, networkLocation: /default-rack, certSerialId: null}8e2eaa3a-398a-46ef-9472-b716e4b01ba0{ip: 192.168.36.113, host: pr-hdds-1982-decom-states-gjzbw-1854142291, networkLocation: /default-rack, certSerialId: null}0b57ef76-c121-46fb-9637-94024daca647{ip: 192.168.36.113, host: pr-hdds-1982-decom-states-gjzbw-1854142291, networkLocation: /default-rack, certSerialId: null}, Type:RATIS, Factor:THREE, State:CLOSED] from datanode 0b57ef76-c121-46fb-9637-94024daca647{ip: 192.168.36.113, host: pr-hdds-1982-decom-states-gjzbw-1854142291, networkLocation: /default-rack, certSerialId: null}. Reason : 0b57ef76-c121-46fb-9637-94024daca647 has not seen follower/s 0721d391-9877-4bc5-9778-84bb7e49252a for 137713ms 8e2eaa3a-398a-46ef-9472-b716e4b01ba0 for 137712ms
2019-09-10 18:59:42,348 [EventQueue-PipelineActionsForPipelineActionHandler] INFO  pipeline.SCMPipelineManager (SCMPipelineManager.java:finalizeAndDestroyPipeline(311)) - destroying pipeline:Pipeline[ Id: b6f271ac-cec0-435e-84e1-6ed7c0a64790, Nodes: 0721d391-9877-4bc5-9778-84bb7e49252a{ip: 192.168.36.113, host: pr-hdds-1982-decom-states-gjzbw-1854142291, networkLocation: /default-rack, certSerialId: null}8e2eaa3a-398a-46ef-9472-b716e4b01ba0{ip: 192.168.36.113, host: pr-hdds-1982-decom-states-gjzbw-1854142291, networkLocation: /default-rack, certSerialId: null}0b57ef76-c121-46fb-9637-94024daca647{ip: 192.168.36.113, host: pr-hdds-1982-decom-states-gjzbw-1854142291, networkLocation: /default-rack, certSerialId: null}, Type:RATIS, Factor:THREE, State:CLOSED]
2019-09-10 18:59:43,857 [org.apache.ratis.server.impl.LogAppender$AppenderDaemon$$Lambda$505/327848963@eaa4d3f] ERROR ratis.XceiverServerRatis (XceiverServerRatis.java:triggerPipelineClose(568)) - pipeline Action CLOSE  on pipeline PipelineID=b6f271ac-cec0-435e-84e1-6ed7c0a64790.Reason : 0b57ef76-c121-46fb-9637-94024daca647 has not seen follower/s 0721d391-9877-4bc5-9778-84bb7e49252a for 140214ms 8e2eaa3a-398a-46ef-9472-b716e4b01ba0 for 140214ms
2019-09-10 18:59:43,857 [org.apache.ratis.server.impl.LogAppender$AppenderDaemon$$Lambda$505/327848963@25078c83] ERROR ratis.XceiverServerRatis (XceiverServerRatis.java:triggerPipelineClose(568)) - pipeline Action CLOSE  on pipeline PipelineID=b6f271ac-cec0-435e-84e1-6ed7c0a64790.Reason : 0b57ef76-c121-46fb-9637-94024daca647 has not seen follower/s 0721d391-9877-4bc5-9778-84bb7e49252a for 140214ms 8e2eaa3a-398a-46ef-9472-b716e4b01ba0 for 140214ms
2019-09-10 18:59:44,097 [0b57ef76-c121-46fb-9637-94024daca647@group-6ED7C0A64790-SegmentedRaftLogWorker] WARN  segmented.SegmentedRaftLogWorker (SegmentedRaftLogWorker.java:getFromFuture(90)) - Timeout 13/~
org.apache.ratis.protocol.TimeoutIOException: Timeout 10s: WriteLog:11: (t:1, i:11), STATEMACHINELOGENTRY, client-F749F73F973A, cid=21-writeStateMachineData
	at org.apache.ratis.util.IOUtils.getFromFuture(IOUtils.java:87)
	at org.apache.ratis.server.raftlog.segmented.SegmentedRaftLogWorker$StateMachineDataPolicy.getFromFuture(SegmentedRaftLogWorker.java:87)
	at org.apache.ratis.server.raftlog.segmented.SegmentedRaftLogWorker$WriteLog.execute(SegmentedRaftLogWorker.java:477)
	at org.apache.ratis.server.raftlog.segmented.SegmentedRaftLogWorker.run(SegmentedRaftLogWorker.java:289)
	at java.lang.Thread.run(Thread.java:748)
Caused by: java.util.concurrent.TimeoutException
	at java.util.concurrent.CompletableFuture.timedGet(CompletableFuture.java:1771)
	at java.util.concurrent.CompletableFuture.get(CompletableFuture.java:1915)
	at org.apache.ratis.util.IOUtils.getFromFuture(IOUtils.java:79)
	... 4 more
2019-09-10 18:59:44,282 [8e2eaa3a-398a-46ef-9472-b716e4b01ba0@group-6ED7C0A64790-SegmentedRaftLogWorker] WARN  segmented.SegmentedRaftLogWorker (SegmentedRaftLogWorker.java:getFromFuture(90)) - Timeout 13/~
org.apache.ratis.protocol.TimeoutIOException: Timeout 10s: WriteLog:12: (t:1, i:12), STATEMACHINELOGENTRY, client-F749F73F973A, cid=22-writeStateMachineData
	at org.apache.ratis.util.IOUtils.getFromFuture(IOUtils.java:87)
	at org.apache.ratis.server.raftlog.segmented.SegmentedRaftLogWorker$StateMachineDataPolicy.getFromFuture(SegmentedRaftLogWorker.java:87)
	at org.apache.ratis.server.raftlog.segmented.SegmentedRaftLogWorker$WriteLog.execute(SegmentedRaftLogWorker.java:477)
	at org.apache.ratis.server.raftlog.segmented.SegmentedRaftLogWorker.run(SegmentedRaftLogWorker.java:289)
	at java.lang.Thread.run(Thread.java:748)
Caused by: java.util.concurrent.TimeoutException
	at java.util.concurrent.CompletableFuture.timedGet(CompletableFuture.java:1771)
	at java.util.concurrent.CompletableFuture.get(CompletableFuture.java:1915)
	at org.apache.ratis.util.IOUtils.getFromFuture(IOUtils.java:79)
	... 4 more
2019-09-10 18:59:44,306 [0721d391-9877-4bc5-9778-84bb7e49252a@group-6ED7C0A64790-SegmentedRaftLogWorker] WARN  segmented.SegmentedRaftLogWorker (SegmentedRaftLogWorker.java:getFromFuture(90)) - Timeout 13/~
org.apache.ratis.protocol.TimeoutIOException: Timeout 10s: WriteLog:12: (t:1, i:12), STATEMACHINELOGENTRY, client-F749F73F973A, cid=22-writeStateMachineData
	at org.apache.ratis.util.IOUtils.getFromFuture(IOUtils.java:87)
	at org.apache.ratis.server.raftlog.segmented.SegmentedRaftLogWorker$StateMachineDataPolicy.getFromFuture(SegmentedRaftLogWorker.java:87)
	at org.apache.ratis.server.raftlog.segmented.SegmentedRaftLogWorker$WriteLog.execute(SegmentedRaftLogWorker.java:477)
	at org.apache.ratis.server.raftlog.segmented.SegmentedRaftLogWorker.run(SegmentedRaftLogWorker.java:289)
	at java.lang.Thread.run(Thread.java:748)
Caused by: java.util.concurrent.TimeoutException
	at java.util.concurrent.CompletableFuture.timedGet(CompletableFuture.java:1771)
	at java.util.concurrent.CompletableFuture.get(CompletableFuture.java:1915)
	at org.apache.ratis.util.IOUtils.getFromFuture(IOUtils.java:79)
	... 4 more
2019-09-10 18:59:44,347 [EventQueue-PipelineActionsForPipelineActionHandler] ERROR pipeline.PipelineActionHandler (PipelineActionHandler.java:onMessage(60)) - Received pipeline action CLOSE for Pipeline[ Id: b6f271ac-cec0-435e-84e1-6ed7c0a64790, Nodes: 0721d391-9877-4bc5-9778-84bb7e49252a{ip: 192.168.36.113, host: pr-hdds-1982-decom-states-gjzbw-1854142291, networkLocation: /default-rack, certSerialId: null}8e2eaa3a-398a-46ef-9472-b716e4b01ba0{ip: 192.168.36.113, host: pr-hdds-1982-decom-states-gjzbw-1854142291, networkLocation: /default-rack, certSerialId: null}0b57ef76-c121-46fb-9637-94024daca647{ip: 192.168.36.113, host: pr-hdds-1982-decom-states-gjzbw-1854142291, networkLocation: /default-rack, certSerialId: null}, Type:RATIS, Factor:THREE, State:CLOSED] from datanode 0b57ef76-c121-46fb-9637-94024daca647{ip: 192.168.36.113, host: pr-hdds-1982-decom-states-gjzbw-1854142291, networkLocation: /default-rack, certSerialId: null}. Reason : 0b57ef76-c121-46fb-9637-94024daca647 has not seen follower/s 0721d391-9877-4bc5-9778-84bb7e49252a for 140214ms 8e2eaa3a-398a-46ef-9472-b716e4b01ba0 for 140214ms
2019-09-10 18:59:44,347 [EventQueue-PipelineActionsForPipelineActionHandler] INFO  pipeline.SCMPipelineManager (SCMPipelineManager.java:finalizeAndDestroyPipeline(311)) - destroying pipeline:Pipeline[ Id: b6f271ac-cec0-435e-84e1-6ed7c0a64790, Nodes: 0721d391-9877-4bc5-9778-84bb7e49252a{ip: 192.168.36.113, host: pr-hdds-1982-decom-states-gjzbw-1854142291, networkLocation: /default-rack, certSerialId: null}8e2eaa3a-398a-46ef-9472-b716e4b01ba0{ip: 192.168.36.113, host: pr-hdds-1982-decom-states-gjzbw-1854142291, networkLocation: /default-rack, certSerialId: null}0b57ef76-c121-46fb-9637-94024daca647{ip: 192.168.36.113, host: pr-hdds-1982-decom-states-gjzbw-1854142291, networkLocation: /default-rack, certSerialId: null}, Type:RATIS, Factor:THREE, State:CLOSED]
2019-09-10 18:59:44,355 [java.util.concurrent.ThreadPoolExecutor$Worker@3d619a57[State = -1, empty queue]] WARN  server.GrpcLogAppender (GrpcLogAppender.java:timeoutAppendRequest(200)) - 0b57ef76-c121-46fb-9637-94024daca647@group-6ED7C0A64790->0721d391-9877-4bc5-9778-84bb7e49252a-GrpcLogAppender: appendEntries Timeout, request=0b57ef76-c121-46fb-9637-94024daca647->0721d391-9877-4bc5-9778-84bb7e49252a#71-t1, previous=(t:1, i:14), leaderCommit=10, initializing? false, entries: <empty>
2019-09-10 18:59:44,358 [java.util.concurrent.ThreadPoolExecutor$Worker@682ced94[State = -1, empty queue]] WARN  server.GrpcLogAppender (GrpcLogAppender.java:timeoutAppendRequest(200)) - 0b57ef76-c121-46fb-9637-94024daca647@group-6ED7C0A64790->8e2eaa3a-398a-46ef-9472-b716e4b01ba0-GrpcLogAppender: appendEntries Timeout, request=0b57ef76-c121-46fb-9637-94024daca647->8e2eaa3a-398a-46ef-9472-b716e4b01ba0#71-t1, previous=(t:1, i:14), leaderCommit=10, initializing? false, entries: <empty>
2019-09-10 18:59:45,563 [grpc-default-executor-0] INFO  client.GrpcClientProtocolClient (GrpcClientProtocolClient.java:onNext(264)) - client-F749F73F973A->8e2eaa3a-398a-46ef-9472-b716e4b01ba0: receive RaftClientReply:client-F749F73F973A->8e2eaa3a-398a-46ef-9472-b716e4b01ba0@group-6ED7C0A64790, cid=21, FAILED org.apache.ratis.protocol.NotLeaderException: Server 8e2eaa3a-398a-46ef-9472-b716e4b01ba0@group-6ED7C0A64790 is not the leader 0b57ef76-c121-46fb-9637-94024daca647:192.168.36.113:44606, logIndex=0, commits[8e2eaa3a-398a-46ef-9472-b716e4b01ba0:c10, 0b57ef76-c121-46fb-9637-94024daca647:c10, 0721d391-9877-4bc5-9778-84bb7e49252a:c6]
2019-09-10 18:59:46,357 [org.apache.ratis.server.impl.LogAppender$AppenderDaemon$$Lambda$505/327848963@eaa4d3f] ERROR ratis.XceiverServerRatis (XceiverServerRatis.java:triggerPipelineClose(568)) - pipeline Action CLOSE  on pipeline PipelineID=b6f271ac-cec0-435e-84e1-6ed7c0a64790.Reason : 0b57ef76-c121-46fb-9637-94024daca647 has not seen follower/s 0721d391-9877-4bc5-9778-84bb7e49252a for 142715ms 8e2eaa3a-398a-46ef-9472-b716e4b01ba0 for 142714ms
2019-09-10 18:59:46,357 [org.apache.ratis.server.impl.LogAppender$AppenderDaemon$$Lambda$505/327848963@25078c83] ERROR ratis.XceiverServerRatis (XceiverServerRatis.java:triggerPipelineClose(568)) - pipeline Action CLOSE  on pipeline PipelineID=b6f271ac-cec0-435e-84e1-6ed7c0a64790.Reason : 0b57ef76-c121-46fb-9637-94024daca647 has not seen follower/s 0721d391-9877-4bc5-9778-84bb7e49252a for 142715ms 8e2eaa3a-398a-46ef-9472-b716e4b01ba0 for 142715ms
2019-09-10 18:59:46,856 [java.util.concurrent.ThreadPoolExecutor$Worker@3d619a57[State = -1, empty queue]] WARN  server.GrpcLogAppender (GrpcLogAppender.java:timeoutAppendRequest(200)) - 0b57ef76-c121-46fb-9637-94024daca647@group-6ED7C0A64790->0721d391-9877-4bc5-9778-84bb7e49252a-GrpcLogAppender: appendEntries Timeout, request=0b57ef76-c121-46fb-9637-94024daca647->0721d391-9877-4bc5-9778-84bb7e49252a#72-t1, previous=(t:1, i:14), leaderCommit=10, initializing? false, entries: <empty>
2019-09-10 18:59:46,857 [java.util.concurrent.ThreadPoolExecutor$Worker@682ced94[State = -1, empty queue]] WARN  server.GrpcLogAppender (GrpcLogAppender.java:timeoutAppendRequest(200)) - 0b57ef76-c121-46fb-9637-94024daca647@group-6ED7C0A64790->8e2eaa3a-398a-46ef-9472-b716e4b01ba0-GrpcLogAppender: appendEntries Timeout, request=0b57ef76-c121-46fb-9637-94024daca647->8e2eaa3a-398a-46ef-9472-b716e4b01ba0#72-t1, previous=(t:1, i:14), leaderCommit=10, initializing? false, entries: <empty>
2019-09-10 18:59:47,351 [EventQueue-PipelineActionsForPipelineActionHandler] ERROR pipeline.PipelineActionHandler (PipelineActionHandler.java:onMessage(60)) - Received pipeline action CLOSE for Pipeline[ Id: b6f271ac-cec0-435e-84e1-6ed7c0a64790, Nodes: 0721d391-9877-4bc5-9778-84bb7e49252a{ip: 192.168.36.113, host: pr-hdds-1982-decom-states-gjzbw-1854142291, networkLocation: /default-rack, certSerialId: null}8e2eaa3a-398a-46ef-9472-b716e4b01ba0{ip: 192.168.36.113, host: pr-hdds-1982-decom-states-gjzbw-1854142291, networkLocation: /default-rack, certSerialId: null}0b57ef76-c121-46fb-9637-94024daca647{ip: 192.168.36.113, host: pr-hdds-1982-decom-states-gjzbw-1854142291, networkLocation: /default-rack, certSerialId: null}, Type:RATIS, Factor:THREE, State:CLOSED] from datanode 0b57ef76-c121-46fb-9637-94024daca647{ip: 192.168.36.113, host: pr-hdds-1982-decom-states-gjzbw-1854142291, networkLocation: /default-rack, certSerialId: null}. Reason : 0b57ef76-c121-46fb-9637-94024daca647 has not seen follower/s 0721d391-9877-4bc5-9778-84bb7e49252a for 142715ms 8e2eaa3a-398a-46ef-9472-b716e4b01ba0 for 142714ms
2019-09-10 18:59:47,352 [EventQueue-PipelineActionsForPipelineActionHandler] INFO  pipeline.SCMPipelineManager (SCMPipelineManager.java:finalizeAndDestroyPipeline(311)) - destroying pipeline:Pipeline[ Id: b6f271ac-cec0-435e-84e1-6ed7c0a64790, Nodes: 0721d391-9877-4bc5-9778-84bb7e49252a{ip: 192.168.36.113, host: pr-hdds-1982-decom-states-gjzbw-1854142291, networkLocation: /default-rack, certSerialId: null}8e2eaa3a-398a-46ef-9472-b716e4b01ba0{ip: 192.168.36.113, host: pr-hdds-1982-decom-states-gjzbw-1854142291, networkLocation: /default-rack, certSerialId: null}0b57ef76-c121-46fb-9637-94024daca647{ip: 192.168.36.113, host: pr-hdds-1982-decom-states-gjzbw-1854142291, networkLocation: /default-rack, certSerialId: null}, Type:RATIS, Factor:THREE, State:CLOSED]
2019-09-10 18:59:48,858 [org.apache.ratis.server.impl.LogAppender$AppenderDaemon$$Lambda$505/327848963@eaa4d3f] ERROR ratis.XceiverServerRatis (XceiverServerRatis.java:triggerPipelineClose(568)) - pipeline Action CLOSE  on pipeline PipelineID=b6f271ac-cec0-435e-84e1-6ed7c0a64790.Reason : 0b57ef76-c121-46fb-9637-94024daca647 has not seen follower/s 0721d391-9877-4bc5-9778-84bb7e49252a for 145216ms 8e2eaa3a-398a-46ef-9472-b716e4b01ba0 for 145215ms
2019-09-10 18:59:48,868 [org.apache.ratis.server.impl.LogAppender$AppenderDaemon$$Lambda$505/327848963@25078c83] ERROR ratis.XceiverServerRatis (XceiverServerRatis.java:triggerPipelineClose(568)) - pipeline Action CLOSE  on pipeline PipelineID=b6f271ac-cec0-435e-84e1-6ed7c0a64790.Reason : 0b57ef76-c121-46fb-9637-94024daca647 has not seen follower/s 0721d391-9877-4bc5-9778-84bb7e49252a for 145226ms 8e2eaa3a-398a-46ef-9472-b716e4b01ba0 for 145225ms
2019-09-10 18:59:49,348 [EventQueue-PipelineActionsForPipelineActionHandler] ERROR pipeline.PipelineActionHandler (PipelineActionHandler.java:onMessage(60)) - Received pipeline action CLOSE for Pipeline[ Id: b6f271ac-cec0-435e-84e1-6ed7c0a64790, Nodes: 0721d391-9877-4bc5-9778-84bb7e49252a{ip: 192.168.36.113, host: pr-hdds-1982-decom-states-gjzbw-1854142291, networkLocation: /default-rack, certSerialId: null}8e2eaa3a-398a-46ef-9472-b716e4b01ba0{ip: 192.168.36.113, host: pr-hdds-1982-decom-states-gjzbw-1854142291, networkLocation: /default-rack, certSerialId: null}0b57ef76-c121-46fb-9637-94024daca647{ip: 192.168.36.113, host: pr-hdds-1982-decom-states-gjzbw-1854142291, networkLocation: /default-rack, certSerialId: null}, Type:RATIS, Factor:THREE, State:CLOSED] from datanode 0b57ef76-c121-46fb-9637-94024daca647{ip: 192.168.36.113, host: pr-hdds-1982-decom-states-gjzbw-1854142291, networkLocation: /default-rack, certSerialId: null}. Reason : 0b57ef76-c121-46fb-9637-94024daca647 has not seen follower/s 0721d391-9877-4bc5-9778-84bb7e49252a for 145216ms 8e2eaa3a-398a-46ef-9472-b716e4b01ba0 for 145215ms
2019-09-10 18:59:49,349 [EventQueue-PipelineActionsForPipelineActionHandler] INFO  pipeline.SCMPipelineManager (SCMPipelineManager.java:finalizeAndDestroyPipeline(311)) - destroying pipeline:Pipeline[ Id: b6f271ac-cec0-435e-84e1-6ed7c0a64790, Nodes: 0721d391-9877-4bc5-9778-84bb7e49252a{ip: 192.168.36.113, host: pr-hdds-1982-decom-states-gjzbw-1854142291, networkLocation: /default-rack, certSerialId: null}8e2eaa3a-398a-46ef-9472-b716e4b01ba0{ip: 192.168.36.113, host: pr-hdds-1982-decom-states-gjzbw-1854142291, networkLocation: /default-rack, certSerialId: null}0b57ef76-c121-46fb-9637-94024daca647{ip: 192.168.36.113, host: pr-hdds-1982-decom-states-gjzbw-1854142291, networkLocation: /default-rack, certSerialId: null}, Type:RATIS, Factor:THREE, State:CLOSED]
2019-09-10 18:59:49,357 [java.util.concurrent.ThreadPoolExecutor$Worker@3d619a57[State = -1, empty queue]] WARN  server.GrpcLogAppender (GrpcLogAppender.java:timeoutAppendRequest(200)) - 0b57ef76-c121-46fb-9637-94024daca647@group-6ED7C0A64790->0721d391-9877-4bc5-9778-84bb7e49252a-GrpcLogAppender: appendEntries Timeout, request=0b57ef76-c121-46fb-9637-94024daca647->0721d391-9877-4bc5-9778-84bb7e49252a#73-t1, previous=(t:1, i:14), leaderCommit=10, initializing? false, entries: <empty>
2019-09-10 18:59:49,357 [java.util.concurrent.ThreadPoolExecutor$Worker@682ced94[State = -1, empty queue]] WARN  server.GrpcLogAppender (GrpcLogAppender.java:timeoutAppendRequest(200)) - 0b57ef76-c121-46fb-9637-94024daca647@group-6ED7C0A64790->8e2eaa3a-398a-46ef-9472-b716e4b01ba0-GrpcLogAppender: appendEntries Timeout, request=0b57ef76-c121-46fb-9637-94024daca647->8e2eaa3a-398a-46ef-9472-b716e4b01ba0#73-t1, previous=(t:1, i:14), leaderCommit=10, initializing? false, entries: <empty>
2019-09-10 18:59:50,606 [grpc-default-executor-2] INFO  client.GrpcClientProtocolClient (GrpcClientProtocolClient.java:onNext(264)) - client-F749F73F973A->8e2eaa3a-398a-46ef-9472-b716e4b01ba0: receive RaftClientReply:client-F749F73F973A->8e2eaa3a-398a-46ef-9472-b716e4b01ba0@group-6ED7C0A64790, cid=21, FAILED org.apache.ratis.protocol.NotLeaderException: Server 8e2eaa3a-398a-46ef-9472-b716e4b01ba0@group-6ED7C0A64790 is not the leader 0b57ef76-c121-46fb-9637-94024daca647:192.168.36.113:44606, logIndex=0, commits[8e2eaa3a-398a-46ef-9472-b716e4b01ba0:c10, 0b57ef76-c121-46fb-9637-94024daca647:c10, 0721d391-9877-4bc5-9778-84bb7e49252a:c6]
2019-09-10 18:59:51,359 [org.apache.ratis.server.impl.LogAppender$AppenderDaemon$$Lambda$505/327848963@eaa4d3f] ERROR ratis.XceiverServerRatis (XceiverServerRatis.java:triggerPipelineClose(568)) - pipeline Action CLOSE  on pipeline PipelineID=b6f271ac-cec0-435e-84e1-6ed7c0a64790.Reason : 0b57ef76-c121-46fb-9637-94024daca647 has not seen follower/s 0721d391-9877-4bc5-9778-84bb7e49252a for 147716ms 8e2eaa3a-398a-46ef-9472-b716e4b01ba0 for 147716ms
2019-09-10 18:59:51,369 [org.apache.ratis.server.impl.LogAppender$AppenderDaemon$$Lambda$505/327848963@25078c83] ERROR ratis.XceiverServerRatis (XceiverServerRatis.java:triggerPipelineClose(568)) - pipeline Action CLOSE  on pipeline PipelineID=b6f271ac-cec0-435e-84e1-6ed7c0a64790.Reason : 0b57ef76-c121-46fb-9637-94024daca647 has not seen follower/s 0721d391-9877-4bc5-9778-84bb7e49252a for 147726ms 8e2eaa3a-398a-46ef-9472-b716e4b01ba0 for 147726ms
2019-09-10 18:59:51,858 [java.util.concurrent.ThreadPoolExecutor$Worker@3d619a57[State = -1, empty queue]] WARN  server.GrpcLogAppender (GrpcLogAppender.java:timeoutAppendRequest(200)) - 0b57ef76-c121-46fb-9637-94024daca647@group-6ED7C0A64790->0721d391-9877-4bc5-9778-84bb7e49252a-GrpcLogAppender: appendEntries Timeout, request=0b57ef76-c121-46fb-9637-94024daca647->0721d391-9877-4bc5-9778-84bb7e49252a#74-t1, previous=(t:1, i:14), leaderCommit=10, initializing? false, entries: <empty>
2019-09-10 18:59:51,868 [java.util.concurrent.ThreadPoolExecutor$Worker@682ced94[State = -1, empty queue]] WARN  server.GrpcLogAppender (GrpcLogAppender.java:timeoutAppendRequest(200)) - 0b57ef76-c121-46fb-9637-94024daca647@group-6ED7C0A64790->8e2eaa3a-398a-46ef-9472-b716e4b01ba0-GrpcLogAppender: appendEntries Timeout, request=0b57ef76-c121-46fb-9637-94024daca647->8e2eaa3a-398a-46ef-9472-b716e4b01ba0#74-t1, previous=(t:1, i:14), leaderCommit=10, initializing? false, entries: <empty>
2019-09-10 18:59:52,350 [EventQueue-PipelineActionsForPipelineActionHandler] ERROR pipeline.PipelineActionHandler (PipelineActionHandler.java:onMessage(60)) - Received pipeline action CLOSE for Pipeline[ Id: b6f271ac-cec0-435e-84e1-6ed7c0a64790, Nodes: 0721d391-9877-4bc5-9778-84bb7e49252a{ip: 192.168.36.113, host: pr-hdds-1982-decom-states-gjzbw-1854142291, networkLocation: /default-rack, certSerialId: null}8e2eaa3a-398a-46ef-9472-b716e4b01ba0{ip: 192.168.36.113, host: pr-hdds-1982-decom-states-gjzbw-1854142291, networkLocation: /default-rack, certSerialId: null}0b57ef76-c121-46fb-9637-94024daca647{ip: 192.168.36.113, host: pr-hdds-1982-decom-states-gjzbw-1854142291, networkLocation: /default-rack, certSerialId: null}, Type:RATIS, Factor:THREE, State:CLOSED] from datanode 0b57ef76-c121-46fb-9637-94024daca647{ip: 192.168.36.113, host: pr-hdds-1982-decom-states-gjzbw-1854142291, networkLocation: /default-rack, certSerialId: null}. Reason : 0b57ef76-c121-46fb-9637-94024daca647 has not seen follower/s 0721d391-9877-4bc5-9778-84bb7e49252a for 147716ms 8e2eaa3a-398a-46ef-9472-b716e4b01ba0 for 147716ms
2019-09-10 18:59:52,350 [EventQueue-PipelineActionsForPipelineActionHandler] INFO  pipeline.SCMPipelineManager (SCMPipelineManager.java:finalizeAndDestroyPipeline(311)) - destroying pipeline:Pipeline[ Id: b6f271ac-cec0-435e-84e1-6ed7c0a64790, Nodes: 0721d391-9877-4bc5-9778-84bb7e49252a{ip: 192.168.36.113, host: pr-hdds-1982-decom-states-gjzbw-1854142291, networkLocation: /default-rack, certSerialId: null}8e2eaa3a-398a-46ef-9472-b716e4b01ba0{ip: 192.168.36.113, host: pr-hdds-1982-decom-states-gjzbw-1854142291, networkLocation: /default-rack, certSerialId: null}0b57ef76-c121-46fb-9637-94024daca647{ip: 192.168.36.113, host: pr-hdds-1982-decom-states-gjzbw-1854142291, networkLocation: /default-rack, certSerialId: null}, Type:RATIS, Factor:THREE, State:CLOSED]
2019-09-10 18:59:53,860 [org.apache.ratis.server.impl.LogAppender$AppenderDaemon$$Lambda$505/327848963@eaa4d3f] ERROR ratis.XceiverServerRatis (XceiverServerRatis.java:triggerPipelineClose(568)) - pipeline Action CLOSE  on pipeline PipelineID=b6f271ac-cec0-435e-84e1-6ed7c0a64790.Reason : 0b57ef76-c121-46fb-9637-94024daca647 has not seen follower/s 0721d391-9877-4bc5-9778-84bb7e49252a for 150217ms 8e2eaa3a-398a-46ef-9472-b716e4b01ba0 for 150217ms
2019-09-10 18:59:53,869 [org.apache.ratis.server.impl.LogAppender$AppenderDaemon$$Lambda$505/327848963@25078c83] ERROR ratis.XceiverServerRatis (XceiverServerRatis.java:triggerPipelineClose(568)) - pipeline Action CLOSE  on pipeline PipelineID=b6f271ac-cec0-435e-84e1-6ed7c0a64790.Reason : 0b57ef76-c121-46fb-9637-94024daca647 has not seen follower/s 0721d391-9877-4bc5-9778-84bb7e49252a for 150227ms 8e2eaa3a-398a-46ef-9472-b716e4b01ba0 for 150227ms
2019-09-10 18:59:54,099 [0b57ef76-c121-46fb-9637-94024daca647@group-6ED7C0A64790-SegmentedRaftLogWorker] WARN  segmented.SegmentedRaftLogWorker (SegmentedRaftLogWorker.java:getFromFuture(90)) - Timeout 14/~
org.apache.ratis.protocol.TimeoutIOException: Timeout 10s: WriteLog:11: (t:1, i:11), STATEMACHINELOGENTRY, client-F749F73F973A, cid=21-writeStateMachineData
	at org.apache.ratis.util.IOUtils.getFromFuture(IOUtils.java:87)
	at org.apache.ratis.server.raftlog.segmented.SegmentedRaftLogWorker$StateMachineDataPolicy.getFromFuture(SegmentedRaftLogWorker.java:87)
	at org.apache.ratis.server.raftlog.segmented.SegmentedRaftLogWorker$WriteLog.execute(SegmentedRaftLogWorker.java:477)
	at org.apache.ratis.server.raftlog.segmented.SegmentedRaftLogWorker.run(SegmentedRaftLogWorker.java:289)
	at java.lang.Thread.run(Thread.java:748)
Caused by: java.util.concurrent.TimeoutException
	at java.util.concurrent.CompletableFuture.timedGet(CompletableFuture.java:1771)
	at java.util.concurrent.CompletableFuture.get(CompletableFuture.java:1915)
	at org.apache.ratis.util.IOUtils.getFromFuture(IOUtils.java:79)
	... 4 more
2019-09-10 18:59:54,283 [8e2eaa3a-398a-46ef-9472-b716e4b01ba0@group-6ED7C0A64790-SegmentedRaftLogWorker] WARN  segmented.SegmentedRaftLogWorker (SegmentedRaftLogWorker.java:getFromFuture(90)) - Timeout 14/~
org.apache.ratis.protocol.TimeoutIOException: Timeout 10s: WriteLog:12: (t:1, i:12), STATEMACHINELOGENTRY, client-F749F73F973A, cid=22-writeStateMachineData
	at org.apache.ratis.util.IOUtils.getFromFuture(IOUtils.java:87)
	at org.apache.ratis.server.raftlog.segmented.SegmentedRaftLogWorker$StateMachineDataPolicy.getFromFuture(SegmentedRaftLogWorker.java:87)
	at org.apache.ratis.server.raftlog.segmented.SegmentedRaftLogWorker$WriteLog.execute(SegmentedRaftLogWorker.java:477)
	at org.apache.ratis.server.raftlog.segmented.SegmentedRaftLogWorker.run(SegmentedRaftLogWorker.java:289)
	at java.lang.Thread.run(Thread.java:748)
Caused by: java.util.concurrent.TimeoutException
	at java.util.concurrent.CompletableFuture.timedGet(CompletableFuture.java:1771)
	at java.util.concurrent.CompletableFuture.get(CompletableFuture.java:1915)
	at org.apache.ratis.util.IOUtils.getFromFuture(IOUtils.java:79)
	... 4 more
2019-09-10 18:59:54,307 [0721d391-9877-4bc5-9778-84bb7e49252a@group-6ED7C0A64790-SegmentedRaftLogWorker] WARN  segmented.SegmentedRaftLogWorker (SegmentedRaftLogWorker.java:getFromFuture(90)) - Timeout 14/~
org.apache.ratis.protocol.TimeoutIOException: Timeout 10s: WriteLog:12: (t:1, i:12), STATEMACHINELOGENTRY, client-F749F73F973A, cid=22-writeStateMachineData
	at org.apache.ratis.util.IOUtils.getFromFuture(IOUtils.java:87)
	at org.apache.ratis.server.raftlog.segmented.SegmentedRaftLogWorker$StateMachineDataPolicy.getFromFuture(SegmentedRaftLogWorker.java:87)
	at org.apache.ratis.server.raftlog.segmented.SegmentedRaftLogWorker$WriteLog.execute(SegmentedRaftLogWorker.java:477)
	at org.apache.ratis.server.raftlog.segmented.SegmentedRaftLogWorker.run(SegmentedRaftLogWorker.java:289)
	at java.lang.Thread.run(Thread.java:748)
Caused by: java.util.concurrent.TimeoutException
	at java.util.concurrent.CompletableFuture.timedGet(CompletableFuture.java:1771)
	at java.util.concurrent.CompletableFuture.get(CompletableFuture.java:1915)
	at org.apache.ratis.util.IOUtils.getFromFuture(IOUtils.java:79)
	... 4 more
2019-09-10 18:59:54,350 [EventQueue-PipelineActionsForPipelineActionHandler] ERROR pipeline.PipelineActionHandler (PipelineActionHandler.java:onMessage(60)) - Received pipeline action CLOSE for Pipeline[ Id: b6f271ac-cec0-435e-84e1-6ed7c0a64790, Nodes: 0721d391-9877-4bc5-9778-84bb7e49252a{ip: 192.168.36.113, host: pr-hdds-1982-decom-states-gjzbw-1854142291, networkLocation: /default-rack, certSerialId: null}8e2eaa3a-398a-46ef-9472-b716e4b01ba0{ip: 192.168.36.113, host: pr-hdds-1982-decom-states-gjzbw-1854142291, networkLocation: /default-rack, certSerialId: null}0b57ef76-c121-46fb-9637-94024daca647{ip: 192.168.36.113, host: pr-hdds-1982-decom-states-gjzbw-1854142291, networkLocation: /default-rack, certSerialId: null}, Type:RATIS, Factor:THREE, State:CLOSED] from datanode 0b57ef76-c121-46fb-9637-94024daca647{ip: 192.168.36.113, host: pr-hdds-1982-decom-states-gjzbw-1854142291, networkLocation: /default-rack, certSerialId: null}. Reason : 0b57ef76-c121-46fb-9637-94024daca647 has not seen follower/s 0721d391-9877-4bc5-9778-84bb7e49252a for 150217ms 8e2eaa3a-398a-46ef-9472-b716e4b01ba0 for 150217ms
2019-09-10 18:59:54,350 [EventQueue-PipelineActionsForPipelineActionHandler] INFO  pipeline.SCMPipelineManager (SCMPipelineManager.java:finalizeAndDestroyPipeline(311)) - destroying pipeline:Pipeline[ Id: b6f271ac-cec0-435e-84e1-6ed7c0a64790, Nodes: 0721d391-9877-4bc5-9778-84bb7e49252a{ip: 192.168.36.113, host: pr-hdds-1982-decom-states-gjzbw-1854142291, networkLocation: /default-rack, certSerialId: null}8e2eaa3a-398a-46ef-9472-b716e4b01ba0{ip: 192.168.36.113, host: pr-hdds-1982-decom-states-gjzbw-1854142291, networkLocation: /default-rack, certSerialId: null}0b57ef76-c121-46fb-9637-94024daca647{ip: 192.168.36.113, host: pr-hdds-1982-decom-states-gjzbw-1854142291, networkLocation: /default-rack, certSerialId: null}, Type:RATIS, Factor:THREE, State:CLOSED]
2019-09-10 18:59:54,358 [java.util.concurrent.ThreadPoolExecutor$Worker@3d619a57[State = -1, empty queue]] WARN  server.GrpcLogAppender (GrpcLogAppender.java:timeoutAppendRequest(200)) - 0b57ef76-c121-46fb-9637-94024daca647@group-6ED7C0A64790->0721d391-9877-4bc5-9778-84bb7e49252a-GrpcLogAppender: appendEntries Timeout, request=0b57ef76-c121-46fb-9637-94024daca647->0721d391-9877-4bc5-9778-84bb7e49252a#75-t1, previous=(t:1, i:14), leaderCommit=10, initializing? false, entries: <empty>
2019-09-10 18:59:54,369 [java.util.concurrent.ThreadPoolExecutor$Worker@682ced94[State = -1, empty queue]] WARN  server.GrpcLogAppender (GrpcLogAppender.java:timeoutAppendRequest(200)) - 0b57ef76-c121-46fb-9637-94024daca647@group-6ED7C0A64790->8e2eaa3a-398a-46ef-9472-b716e4b01ba0-GrpcLogAppender: appendEntries Timeout, request=0b57ef76-c121-46fb-9637-94024daca647->8e2eaa3a-398a-46ef-9472-b716e4b01ba0#75-t1, previous=(t:1, i:14), leaderCommit=10, initializing? false, entries: <empty>
2019-09-10 18:59:55,658 [grpc-default-executor-2] INFO  client.GrpcClientProtocolClient (GrpcClientProtocolClient.java:onNext(264)) - client-F749F73F973A->8e2eaa3a-398a-46ef-9472-b716e4b01ba0: receive RaftClientReply:client-F749F73F973A->8e2eaa3a-398a-46ef-9472-b716e4b01ba0@group-6ED7C0A64790, cid=21, FAILED org.apache.ratis.protocol.NotLeaderException: Server 8e2eaa3a-398a-46ef-9472-b716e4b01ba0@group-6ED7C0A64790 is not the leader 0b57ef76-c121-46fb-9637-94024daca647:192.168.36.113:44606, logIndex=0, commits[8e2eaa3a-398a-46ef-9472-b716e4b01ba0:c10, 0b57ef76-c121-46fb-9637-94024daca647:c10, 0721d391-9877-4bc5-9778-84bb7e49252a:c6]
2019-09-10 18:59:56,360 [org.apache.ratis.server.impl.LogAppender$AppenderDaemon$$Lambda$505/327848963@eaa4d3f] ERROR ratis.XceiverServerRatis (XceiverServerRatis.java:triggerPipelineClose(568)) - pipeline Action CLOSE  on pipeline PipelineID=b6f271ac-cec0-435e-84e1-6ed7c0a64790.Reason : 0b57ef76-c121-46fb-9637-94024daca647 has not seen follower/s 0721d391-9877-4bc5-9778-84bb7e49252a for 152718ms 8e2eaa3a-398a-46ef-9472-b716e4b01ba0 for 152718ms
2019-09-10 18:59:56,370 [org.apache.ratis.server.impl.LogAppender$AppenderDaemon$$Lambda$505/327848963@25078c83] ERROR ratis.XceiverServerRatis (XceiverServerRatis.java:triggerPipelineClose(568)) - pipeline Action CLOSE  on pipeline PipelineID=b6f271ac-cec0-435e-84e1-6ed7c0a64790.Reason : 0b57ef76-c121-46fb-9637-94024daca647 has not seen follower/s 0721d391-9877-4bc5-9778-84bb7e49252a for 152727ms 8e2eaa3a-398a-46ef-9472-b716e4b01ba0 for 152727ms
2019-09-10 18:59:56,859 [java.util.concurrent.ThreadPoolExecutor$Worker@3d619a57[State = -1, empty queue]] WARN  server.GrpcLogAppender (GrpcLogAppender.java:timeoutAppendRequest(200)) - 0b57ef76-c121-46fb-9637-94024daca647@group-6ED7C0A64790->0721d391-9877-4bc5-9778-84bb7e49252a-GrpcLogAppender: appendEntries Timeout, request=0b57ef76-c121-46fb-9637-94024daca647->0721d391-9877-4bc5-9778-84bb7e49252a#76-t1, previous=(t:1, i:14), leaderCommit=10, initializing? false, entries: <empty>
2019-09-10 18:59:56,869 [java.util.concurrent.ThreadPoolExecutor$Worker@682ced94[State = -1, empty queue]] WARN  server.GrpcLogAppender (GrpcLogAppender.java:timeoutAppendRequest(200)) - 0b57ef76-c121-46fb-9637-94024daca647@group-6ED7C0A64790->8e2eaa3a-398a-46ef-9472-b716e4b01ba0-GrpcLogAppender: appendEntries Timeout, request=0b57ef76-c121-46fb-9637-94024daca647->8e2eaa3a-398a-46ef-9472-b716e4b01ba0#76-t1, previous=(t:1, i:14), leaderCommit=10, initializing? false, entries: <empty>
2019-09-10 18:59:57,351 [EventQueue-PipelineActionsForPipelineActionHandler] ERROR pipeline.PipelineActionHandler (PipelineActionHandler.java:onMessage(60)) - Received pipeline action CLOSE for Pipeline[ Id: b6f271ac-cec0-435e-84e1-6ed7c0a64790, Nodes: 0721d391-9877-4bc5-9778-84bb7e49252a{ip: 192.168.36.113, host: pr-hdds-1982-decom-states-gjzbw-1854142291, networkLocation: /default-rack, certSerialId: null}8e2eaa3a-398a-46ef-9472-b716e4b01ba0{ip: 192.168.36.113, host: pr-hdds-1982-decom-states-gjzbw-1854142291, networkLocation: /default-rack, certSerialId: null}0b57ef76-c121-46fb-9637-94024daca647{ip: 192.168.36.113, host: pr-hdds-1982-decom-states-gjzbw-1854142291, networkLocation: /default-rack, certSerialId: null}, Type:RATIS, Factor:THREE, State:CLOSED] from datanode 0b57ef76-c121-46fb-9637-94024daca647{ip: 192.168.36.113, host: pr-hdds-1982-decom-states-gjzbw-1854142291, networkLocation: /default-rack, certSerialId: null}. Reason : 0b57ef76-c121-46fb-9637-94024daca647 has not seen follower/s 0721d391-9877-4bc5-9778-84bb7e49252a for 152718ms 8e2eaa3a-398a-46ef-9472-b716e4b01ba0 for 152718ms
2019-09-10 18:59:57,351 [EventQueue-PipelineActionsForPipelineActionHandler] INFO  pipeline.SCMPipelineManager (SCMPipelineManager.java:finalizeAndDestroyPipeline(311)) - destroying pipeline:Pipeline[ Id: b6f271ac-cec0-435e-84e1-6ed7c0a64790, Nodes: 0721d391-9877-4bc5-9778-84bb7e49252a{ip: 192.168.36.113, host: pr-hdds-1982-decom-states-gjzbw-1854142291, networkLocation: /default-rack, certSerialId: null}8e2eaa3a-398a-46ef-9472-b716e4b01ba0{ip: 192.168.36.113, host: pr-hdds-1982-decom-states-gjzbw-1854142291, networkLocation: /default-rack, certSerialId: null}0b57ef76-c121-46fb-9637-94024daca647{ip: 192.168.36.113, host: pr-hdds-1982-decom-states-gjzbw-1854142291, networkLocation: /default-rack, certSerialId: null}, Type:RATIS, Factor:THREE, State:CLOSED]
2019-09-10 18:59:58,861 [org.apache.ratis.server.impl.LogAppender$AppenderDaemon$$Lambda$505/327848963@eaa4d3f] ERROR ratis.XceiverServerRatis (XceiverServerRatis.java:triggerPipelineClose(568)) - pipeline Action CLOSE  on pipeline PipelineID=b6f271ac-cec0-435e-84e1-6ed7c0a64790.Reason : 0b57ef76-c121-46fb-9637-94024daca647 has not seen follower/s 0721d391-9877-4bc5-9778-84bb7e49252a for 155219ms 8e2eaa3a-398a-46ef-9472-b716e4b01ba0 for 155219ms
2019-09-10 18:59:58,870 [org.apache.ratis.server.impl.LogAppender$AppenderDaemon$$Lambda$505/327848963@25078c83] ERROR ratis.XceiverServerRatis (XceiverServerRatis.java:triggerPipelineClose(568)) - pipeline Action CLOSE  on pipeline PipelineID=b6f271ac-cec0-435e-84e1-6ed7c0a64790.Reason : 0b57ef76-c121-46fb-9637-94024daca647 has not seen follower/s 0721d391-9877-4bc5-9778-84bb7e49252a for 155228ms 8e2eaa3a-398a-46ef-9472-b716e4b01ba0 for 155228ms
2019-09-10 18:59:59,350 [EventQueue-PipelineActionsForPipelineActionHandler] ERROR pipeline.PipelineActionHandler (PipelineActionHandler.java:onMessage(60)) - Received pipeline action CLOSE for Pipeline[ Id: b6f271ac-cec0-435e-84e1-6ed7c0a64790, Nodes: 0721d391-9877-4bc5-9778-84bb7e49252a{ip: 192.168.36.113, host: pr-hdds-1982-decom-states-gjzbw-1854142291, networkLocation: /default-rack, certSerialId: null}8e2eaa3a-398a-46ef-9472-b716e4b01ba0{ip: 192.168.36.113, host: pr-hdds-1982-decom-states-gjzbw-1854142291, networkLocation: /default-rack, certSerialId: null}0b57ef76-c121-46fb-9637-94024daca647{ip: 192.168.36.113, host: pr-hdds-1982-decom-states-gjzbw-1854142291, networkLocation: /default-rack, certSerialId: null}, Type:RATIS, Factor:THREE, State:CLOSED] from datanode 0b57ef76-c121-46fb-9637-94024daca647{ip: 192.168.36.113, host: pr-hdds-1982-decom-states-gjzbw-1854142291, networkLocation: /default-rack, certSerialId: null}. Reason : 0b57ef76-c121-46fb-9637-94024daca647 has not seen follower/s 0721d391-9877-4bc5-9778-84bb7e49252a for 155219ms 8e2eaa3a-398a-46ef-9472-b716e4b01ba0 for 155219ms
2019-09-10 18:59:59,351 [EventQueue-PipelineActionsForPipelineActionHandler] INFO  pipeline.SCMPipelineManager (SCMPipelineManager.java:finalizeAndDestroyPipeline(311)) - destroying pipeline:Pipeline[ Id: b6f271ac-cec0-435e-84e1-6ed7c0a64790, Nodes: 0721d391-9877-4bc5-9778-84bb7e49252a{ip: 192.168.36.113, host: pr-hdds-1982-decom-states-gjzbw-1854142291, networkLocation: /default-rack, certSerialId: null}8e2eaa3a-398a-46ef-9472-b716e4b01ba0{ip: 192.168.36.113, host: pr-hdds-1982-decom-states-gjzbw-1854142291, networkLocation: /default-rack, certSerialId: null}0b57ef76-c121-46fb-9637-94024daca647{ip: 192.168.36.113, host: pr-hdds-1982-decom-states-gjzbw-1854142291, networkLocation: /default-rack, certSerialId: null}, Type:RATIS, Factor:THREE, State:CLOSED]
2019-09-10 18:59:59,360 [java.util.concurrent.ThreadPoolExecutor$Worker@3d619a57[State = -1, empty queue]] WARN  server.GrpcLogAppender (GrpcLogAppender.java:timeoutAppendRequest(200)) - 0b57ef76-c121-46fb-9637-94024daca647@group-6ED7C0A64790->0721d391-9877-4bc5-9778-84bb7e49252a-GrpcLogAppender: appendEntries Timeout, request=0b57ef76-c121-46fb-9637-94024daca647->0721d391-9877-4bc5-9778-84bb7e49252a#77-t1, previous=(t:1, i:14), leaderCommit=10, initializing? false, entries: <empty>
2019-09-10 18:59:59,370 [java.util.concurrent.ThreadPoolExecutor$Worker@682ced94[State = -1, empty queue]] WARN  server.GrpcLogAppender (GrpcLogAppender.java:timeoutAppendRequest(200)) - 0b57ef76-c121-46fb-9637-94024daca647@group-6ED7C0A64790->8e2eaa3a-398a-46ef-9472-b716e4b01ba0-GrpcLogAppender: appendEntries Timeout, request=0b57ef76-c121-46fb-9637-94024daca647->8e2eaa3a-398a-46ef-9472-b716e4b01ba0#77-t1, previous=(t:1, i:14), leaderCommit=10, initializing? false, entries: <empty>
2019-09-10 19:00:00,704 [grpc-default-executor-1] INFO  client.GrpcClientProtocolClient (GrpcClientProtocolClient.java:onNext(264)) - client-F749F73F973A->0721d391-9877-4bc5-9778-84bb7e49252a: receive RaftClientReply:client-F749F73F973A->0721d391-9877-4bc5-9778-84bb7e49252a@group-6ED7C0A64790, cid=21, FAILED org.apache.ratis.protocol.NotLeaderException: Server 0721d391-9877-4bc5-9778-84bb7e49252a@group-6ED7C0A64790 is not the leader 0b57ef76-c121-46fb-9637-94024daca647:192.168.36.113:44606, logIndex=0, commits[0721d391-9877-4bc5-9778-84bb7e49252a:c10, 0b57ef76-c121-46fb-9637-94024daca647:c10, 8e2eaa3a-398a-46ef-9472-b716e4b01ba0:c6]
2019-09-10 19:00:01,363 [org.apache.ratis.server.impl.LogAppender$AppenderDaemon$$Lambda$505/327848963@eaa4d3f] ERROR ratis.XceiverServerRatis (XceiverServerRatis.java:triggerPipelineClose(568)) - pipeline Action CLOSE  on pipeline PipelineID=b6f271ac-cec0-435e-84e1-6ed7c0a64790.Reason : 0b57ef76-c121-46fb-9637-94024daca647 has not seen follower/s 0721d391-9877-4bc5-9778-84bb7e49252a for 157721ms 8e2eaa3a-398a-46ef-9472-b716e4b01ba0 for 157720ms
2019-09-10 19:00:01,371 [org.apache.ratis.server.impl.LogAppender$AppenderDaemon$$Lambda$505/327848963@25078c83] ERROR ratis.XceiverServerRatis (XceiverServerRatis.java:triggerPipelineClose(568)) - pipeline Action CLOSE  on pipeline PipelineID=b6f271ac-cec0-435e-84e1-6ed7c0a64790.Reason : 0b57ef76-c121-46fb-9637-94024daca647 has not seen follower/s 0721d391-9877-4bc5-9778-84bb7e49252a for 157729ms 8e2eaa3a-398a-46ef-9472-b716e4b01ba0 for 157728ms
2019-09-10 19:00:01,861 [java.util.concurrent.ThreadPoolExecutor$Worker@3d619a57[State = -1, empty queue]] WARN  server.GrpcLogAppender (GrpcLogAppender.java:timeoutAppendRequest(200)) - 0b57ef76-c121-46fb-9637-94024daca647@group-6ED7C0A64790->0721d391-9877-4bc5-9778-84bb7e49252a-GrpcLogAppender: appendEntries Timeout, request=0b57ef76-c121-46fb-9637-94024daca647->0721d391-9877-4bc5-9778-84bb7e49252a#78-t1, previous=(t:1, i:14), leaderCommit=10, initializing? false, entries: <empty>
2019-09-10 19:00:01,870 [java.util.concurrent.ThreadPoolExecutor$Worker@682ced94[State = -1, empty queue]] WARN  server.GrpcLogAppender (GrpcLogAppender.java:timeoutAppendRequest(200)) - 0b57ef76-c121-46fb-9637-94024daca647@group-6ED7C0A64790->8e2eaa3a-398a-46ef-9472-b716e4b01ba0-GrpcLogAppender: appendEntries Timeout, request=0b57ef76-c121-46fb-9637-94024daca647->8e2eaa3a-398a-46ef-9472-b716e4b01ba0#78-t1, previous=(t:1, i:14), leaderCommit=10, initializing? false, entries: <empty>
2019-09-10 19:00:02,351 [EventQueue-PipelineActionsForPipelineActionHandler] ERROR pipeline.PipelineActionHandler (PipelineActionHandler.java:onMessage(60)) - Received pipeline action CLOSE for Pipeline[ Id: b6f271ac-cec0-435e-84e1-6ed7c0a64790, Nodes: 0721d391-9877-4bc5-9778-84bb7e49252a{ip: 192.168.36.113, host: pr-hdds-1982-decom-states-gjzbw-1854142291, networkLocation: /default-rack, certSerialId: null}8e2eaa3a-398a-46ef-9472-b716e4b01ba0{ip: 192.168.36.113, host: pr-hdds-1982-decom-states-gjzbw-1854142291, networkLocation: /default-rack, certSerialId: null}0b57ef76-c121-46fb-9637-94024daca647{ip: 192.168.36.113, host: pr-hdds-1982-decom-states-gjzbw-1854142291, networkLocation: /default-rack, certSerialId: null}, Type:RATIS, Factor:THREE, State:CLOSED] from datanode 0b57ef76-c121-46fb-9637-94024daca647{ip: 192.168.36.113, host: pr-hdds-1982-decom-states-gjzbw-1854142291, networkLocation: /default-rack, certSerialId: null}. Reason : 0b57ef76-c121-46fb-9637-94024daca647 has not seen follower/s 0721d391-9877-4bc5-9778-84bb7e49252a for 157721ms 8e2eaa3a-398a-46ef-9472-b716e4b01ba0 for 157720ms
2019-09-10 19:00:02,352 [EventQueue-PipelineActionsForPipelineActionHandler] INFO  pipeline.SCMPipelineManager (SCMPipelineManager.java:finalizeAndDestroyPipeline(311)) - destroying pipeline:Pipeline[ Id: b6f271ac-cec0-435e-84e1-6ed7c0a64790, Nodes: 0721d391-9877-4bc5-9778-84bb7e49252a{ip: 192.168.36.113, host: pr-hdds-1982-decom-states-gjzbw-1854142291, networkLocation: /default-rack, certSerialId: null}8e2eaa3a-398a-46ef-9472-b716e4b01ba0{ip: 192.168.36.113, host: pr-hdds-1982-decom-states-gjzbw-1854142291, networkLocation: /default-rack, certSerialId: null}0b57ef76-c121-46fb-9637-94024daca647{ip: 192.168.36.113, host: pr-hdds-1982-decom-states-gjzbw-1854142291, networkLocation: /default-rack, certSerialId: null}, Type:RATIS, Factor:THREE, State:CLOSED]
2019-09-10 19:00:03,864 [org.apache.ratis.server.impl.LogAppender$AppenderDaemon$$Lambda$505/327848963@eaa4d3f] ERROR ratis.XceiverServerRatis (XceiverServerRatis.java:triggerPipelineClose(568)) - pipeline Action CLOSE  on pipeline PipelineID=b6f271ac-cec0-435e-84e1-6ed7c0a64790.Reason : 0b57ef76-c121-46fb-9637-94024daca647 has not seen follower/s 0721d391-9877-4bc5-9778-84bb7e49252a for 160222ms 8e2eaa3a-398a-46ef-9472-b716e4b01ba0 for 160222ms
2019-09-10 19:00:03,872 [org.apache.ratis.server.impl.LogAppender$AppenderDaemon$$Lambda$505/327848963@25078c83] ERROR ratis.XceiverServerRatis (XceiverServerRatis.java:triggerPipelineClose(568)) - pipeline Action CLOSE  on pipeline PipelineID=b6f271ac-cec0-435e-84e1-6ed7c0a64790.Reason : 0b57ef76-c121-46fb-9637-94024daca647 has not seen follower/s 0721d391-9877-4bc5-9778-84bb7e49252a for 160229ms 8e2eaa3a-398a-46ef-9472-b716e4b01ba0 for 160229ms
2019-09-10 19:00:04,100 [0b57ef76-c121-46fb-9637-94024daca647@group-6ED7C0A64790-SegmentedRaftLogWorker] WARN  segmented.SegmentedRaftLogWorker (SegmentedRaftLogWorker.java:getFromFuture(90)) - Timeout 15/~
org.apache.ratis.protocol.TimeoutIOException: Timeout 10s: WriteLog:11: (t:1, i:11), STATEMACHINELOGENTRY, client-F749F73F973A, cid=21-writeStateMachineData
	at org.apache.ratis.util.IOUtils.getFromFuture(IOUtils.java:87)
	at org.apache.ratis.server.raftlog.segmented.SegmentedRaftLogWorker$StateMachineDataPolicy.getFromFuture(SegmentedRaftLogWorker.java:87)
	at org.apache.ratis.server.raftlog.segmented.SegmentedRaftLogWorker$WriteLog.execute(SegmentedRaftLogWorker.java:477)
	at org.apache.ratis.server.raftlog.segmented.SegmentedRaftLogWorker.run(SegmentedRaftLogWorker.java:289)
	at java.lang.Thread.run(Thread.java:748)
Caused by: java.util.concurrent.TimeoutException
	at java.util.concurrent.CompletableFuture.timedGet(CompletableFuture.java:1771)
	at java.util.concurrent.CompletableFuture.get(CompletableFuture.java:1915)
	at org.apache.ratis.util.IOUtils.getFromFuture(IOUtils.java:79)
	... 4 more
2019-09-10 19:00:04,284 [8e2eaa3a-398a-46ef-9472-b716e4b01ba0@group-6ED7C0A64790-SegmentedRaftLogWorker] WARN  segmented.SegmentedRaftLogWorker (SegmentedRaftLogWorker.java:getFromFuture(90)) - Timeout 15/~
org.apache.ratis.protocol.TimeoutIOException: Timeout 10s: WriteLog:12: (t:1, i:12), STATEMACHINELOGENTRY, client-F749F73F973A, cid=22-writeStateMachineData
	at org.apache.ratis.util.IOUtils.getFromFuture(IOUtils.java:87)
	at org.apache.ratis.server.raftlog.segmented.SegmentedRaftLogWorker$StateMachineDataPolicy.getFromFuture(SegmentedRaftLogWorker.java:87)
	at org.apache.ratis.server.raftlog.segmented.SegmentedRaftLogWorker$WriteLog.execute(SegmentedRaftLogWorker.java:477)
	at org.apache.ratis.server.raftlog.segmented.SegmentedRaftLogWorker.run(SegmentedRaftLogWorker.java:289)
	at java.lang.Thread.run(Thread.java:748)
Caused by: java.util.concurrent.TimeoutException
	at java.util.concurrent.CompletableFuture.timedGet(CompletableFuture.java:1771)
	at java.util.concurrent.CompletableFuture.get(CompletableFuture.java:1915)
	at org.apache.ratis.util.IOUtils.getFromFuture(IOUtils.java:79)
	... 4 more
2019-09-10 19:00:04,308 [0721d391-9877-4bc5-9778-84bb7e49252a@group-6ED7C0A64790-SegmentedRaftLogWorker] WARN  segmented.SegmentedRaftLogWorker (SegmentedRaftLogWorker.java:getFromFuture(90)) - Timeout 15/~
org.apache.ratis.protocol.TimeoutIOException: Timeout 10s: WriteLog:12: (t:1, i:12), STATEMACHINELOGENTRY, client-F749F73F973A, cid=22-writeStateMachineData
	at org.apache.ratis.util.IOUtils.getFromFuture(IOUtils.java:87)
	at org.apache.ratis.server.raftlog.segmented.SegmentedRaftLogWorker$StateMachineDataPolicy.getFromFuture(SegmentedRaftLogWorker.java:87)
	at org.apache.ratis.server.raftlog.segmented.SegmentedRaftLogWorker$WriteLog.execute(SegmentedRaftLogWorker.java:477)
	at org.apache.ratis.server.raftlog.segmented.SegmentedRaftLogWorker.run(SegmentedRaftLogWorker.java:289)
	at java.lang.Thread.run(Thread.java:748)
Caused by: java.util.concurrent.TimeoutException
	at java.util.concurrent.CompletableFuture.timedGet(CompletableFuture.java:1771)
	at java.util.concurrent.CompletableFuture.get(CompletableFuture.java:1915)
	at org.apache.ratis.util.IOUtils.getFromFuture(IOUtils.java:79)
	... 4 more
2019-09-10 19:00:04,352 [EventQueue-PipelineActionsForPipelineActionHandler] ERROR pipeline.PipelineActionHandler (PipelineActionHandler.java:onMessage(60)) - Received pipeline action CLOSE for Pipeline[ Id: b6f271ac-cec0-435e-84e1-6ed7c0a64790, Nodes: 0721d391-9877-4bc5-9778-84bb7e49252a{ip: 192.168.36.113, host: pr-hdds-1982-decom-states-gjzbw-1854142291, networkLocation: /default-rack, certSerialId: null}8e2eaa3a-398a-46ef-9472-b716e4b01ba0{ip: 192.168.36.113, host: pr-hdds-1982-decom-states-gjzbw-1854142291, networkLocation: /default-rack, certSerialId: null}0b57ef76-c121-46fb-9637-94024daca647{ip: 192.168.36.113, host: pr-hdds-1982-decom-states-gjzbw-1854142291, networkLocation: /default-rack, certSerialId: null}, Type:RATIS, Factor:THREE, State:CLOSED] from datanode 0b57ef76-c121-46fb-9637-94024daca647{ip: 192.168.36.113, host: pr-hdds-1982-decom-states-gjzbw-1854142291, networkLocation: /default-rack, certSerialId: null}. Reason : 0b57ef76-c121-46fb-9637-94024daca647 has not seen follower/s 0721d391-9877-4bc5-9778-84bb7e49252a for 160222ms 8e2eaa3a-398a-46ef-9472-b716e4b01ba0 for 160222ms
2019-09-10 19:00:04,352 [EventQueue-PipelineActionsForPipelineActionHandler] INFO  pipeline.SCMPipelineManager (SCMPipelineManager.java:finalizeAndDestroyPipeline(311)) - destroying pipeline:Pipeline[ Id: b6f271ac-cec0-435e-84e1-6ed7c0a64790, Nodes: 0721d391-9877-4bc5-9778-84bb7e49252a{ip: 192.168.36.113, host: pr-hdds-1982-decom-states-gjzbw-1854142291, networkLocation: /default-rack, certSerialId: null}8e2eaa3a-398a-46ef-9472-b716e4b01ba0{ip: 192.168.36.113, host: pr-hdds-1982-decom-states-gjzbw-1854142291, networkLocation: /default-rack, certSerialId: null}0b57ef76-c121-46fb-9637-94024daca647{ip: 192.168.36.113, host: pr-hdds-1982-decom-states-gjzbw-1854142291, networkLocation: /default-rack, certSerialId: null}, Type:RATIS, Factor:THREE, State:CLOSED]
2019-09-10 19:00:04,363 [java.util.concurrent.ThreadPoolExecutor$Worker@3d619a57[State = -1, empty queue]] WARN  server.GrpcLogAppender (GrpcLogAppender.java:timeoutAppendRequest(200)) - 0b57ef76-c121-46fb-9637-94024daca647@group-6ED7C0A64790->0721d391-9877-4bc5-9778-84bb7e49252a-GrpcLogAppender: appendEntries Timeout, request=0b57ef76-c121-46fb-9637-94024daca647->0721d391-9877-4bc5-9778-84bb7e49252a#79-t1, previous=(t:1, i:14), leaderCommit=10, initializing? false, entries: <empty>
2019-09-10 19:00:04,371 [java.util.concurrent.ThreadPoolExecutor$Worker@682ced94[State = -1, empty queue]] WARN  server.GrpcLogAppender (GrpcLogAppender.java:timeoutAppendRequest(200)) - 0b57ef76-c121-46fb-9637-94024daca647@group-6ED7C0A64790->8e2eaa3a-398a-46ef-9472-b716e4b01ba0-GrpcLogAppender: appendEntries Timeout, request=0b57ef76-c121-46fb-9637-94024daca647->8e2eaa3a-398a-46ef-9472-b716e4b01ba0#79-t1, previous=(t:1, i:14), leaderCommit=10, initializing? false, entries: <empty>
2019-09-10 19:00:05,767 [grpc-default-executor-2] INFO  client.GrpcClientProtocolClient (GrpcClientProtocolClient.java:onNext(264)) - client-F749F73F973A->0721d391-9877-4bc5-9778-84bb7e49252a: receive RaftClientReply:client-F749F73F973A->0721d391-9877-4bc5-9778-84bb7e49252a@group-6ED7C0A64790, cid=21, FAILED org.apache.ratis.protocol.NotLeaderException: Server 0721d391-9877-4bc5-9778-84bb7e49252a@group-6ED7C0A64790 is not the leader 0b57ef76-c121-46fb-9637-94024daca647:192.168.36.113:44606, logIndex=0, commits[0721d391-9877-4bc5-9778-84bb7e49252a:c10, 0b57ef76-c121-46fb-9637-94024daca647:c10, 8e2eaa3a-398a-46ef-9472-b716e4b01ba0:c6]
2019-09-10 19:00:06,365 [org.apache.ratis.server.impl.LogAppender$AppenderDaemon$$Lambda$505/327848963@eaa4d3f] ERROR ratis.XceiverServerRatis (XceiverServerRatis.java:triggerPipelineClose(568)) - pipeline Action CLOSE  on pipeline PipelineID=b6f271ac-cec0-435e-84e1-6ed7c0a64790.Reason : 0b57ef76-c121-46fb-9637-94024daca647 has not seen follower/s 0721d391-9877-4bc5-9778-84bb7e49252a for 162723ms 8e2eaa3a-398a-46ef-9472-b716e4b01ba0 for 162723ms
2019-09-10 19:00:06,372 [org.apache.ratis.server.impl.LogAppender$AppenderDaemon$$Lambda$505/327848963@25078c83] ERROR ratis.XceiverServerRatis (XceiverServerRatis.java:triggerPipelineClose(568)) - pipeline Action CLOSE  on pipeline PipelineID=b6f271ac-cec0-435e-84e1-6ed7c0a64790.Reason : 0b57ef76-c121-46fb-9637-94024daca647 has not seen follower/s 0721d391-9877-4bc5-9778-84bb7e49252a for 162730ms 8e2eaa3a-398a-46ef-9472-b716e4b01ba0 for 162730ms
2019-09-10 19:00:06,864 [java.util.concurrent.ThreadPoolExecutor$Worker@3d619a57[State = -1, empty queue]] WARN  server.GrpcLogAppender (GrpcLogAppender.java:timeoutAppendRequest(200)) - 0b57ef76-c121-46fb-9637-94024daca647@group-6ED7C0A64790->0721d391-9877-4bc5-9778-84bb7e49252a-GrpcLogAppender: appendEntries Timeout, request=0b57ef76-c121-46fb-9637-94024daca647->0721d391-9877-4bc5-9778-84bb7e49252a#80-t1, previous=(t:1, i:14), leaderCommit=10, initializing? false, entries: <empty>
2019-09-10 19:00:06,872 [java.util.concurrent.ThreadPoolExecutor$Worker@682ced94[State = -1, empty queue]] WARN  server.GrpcLogAppender (GrpcLogAppender.java:timeoutAppendRequest(200)) - 0b57ef76-c121-46fb-9637-94024daca647@group-6ED7C0A64790->8e2eaa3a-398a-46ef-9472-b716e4b01ba0-GrpcLogAppender: appendEntries Timeout, request=0b57ef76-c121-46fb-9637-94024daca647->8e2eaa3a-398a-46ef-9472-b716e4b01ba0#80-t1, previous=(t:1, i:14), leaderCommit=10, initializing? false, entries: <empty>
2019-09-10 19:00:07,351 [EventQueue-PipelineActionsForPipelineActionHandler] ERROR pipeline.PipelineActionHandler (PipelineActionHandler.java:onMessage(60)) - Received pipeline action CLOSE for Pipeline[ Id: b6f271ac-cec0-435e-84e1-6ed7c0a64790, Nodes: 0721d391-9877-4bc5-9778-84bb7e49252a{ip: 192.168.36.113, host: pr-hdds-1982-decom-states-gjzbw-1854142291, networkLocation: /default-rack, certSerialId: null}8e2eaa3a-398a-46ef-9472-b716e4b01ba0{ip: 192.168.36.113, host: pr-hdds-1982-decom-states-gjzbw-1854142291, networkLocation: /default-rack, certSerialId: null}0b57ef76-c121-46fb-9637-94024daca647{ip: 192.168.36.113, host: pr-hdds-1982-decom-states-gjzbw-1854142291, networkLocation: /default-rack, certSerialId: null}, Type:RATIS, Factor:THREE, State:CLOSED] from datanode 0b57ef76-c121-46fb-9637-94024daca647{ip: 192.168.36.113, host: pr-hdds-1982-decom-states-gjzbw-1854142291, networkLocation: /default-rack, certSerialId: null}. Reason : 0b57ef76-c121-46fb-9637-94024daca647 has not seen follower/s 0721d391-9877-4bc5-9778-84bb7e49252a for 162723ms 8e2eaa3a-398a-46ef-9472-b716e4b01ba0 for 162723ms
2019-09-10 19:00:07,351 [EventQueue-PipelineActionsForPipelineActionHandler] INFO  pipeline.SCMPipelineManager (SCMPipelineManager.java:finalizeAndDestroyPipeline(311)) - destroying pipeline:Pipeline[ Id: b6f271ac-cec0-435e-84e1-6ed7c0a64790, Nodes: 0721d391-9877-4bc5-9778-84bb7e49252a{ip: 192.168.36.113, host: pr-hdds-1982-decom-states-gjzbw-1854142291, networkLocation: /default-rack, certSerialId: null}8e2eaa3a-398a-46ef-9472-b716e4b01ba0{ip: 192.168.36.113, host: pr-hdds-1982-decom-states-gjzbw-1854142291, networkLocation: /default-rack, certSerialId: null}0b57ef76-c121-46fb-9637-94024daca647{ip: 192.168.36.113, host: pr-hdds-1982-decom-states-gjzbw-1854142291, networkLocation: /default-rack, certSerialId: null}, Type:RATIS, Factor:THREE, State:CLOSED]
2019-09-10 19:00:08,865 [org.apache.ratis.server.impl.LogAppender$AppenderDaemon$$Lambda$505/327848963@eaa4d3f] ERROR ratis.XceiverServerRatis (XceiverServerRatis.java:triggerPipelineClose(568)) - pipeline Action CLOSE  on pipeline PipelineID=b6f271ac-cec0-435e-84e1-6ed7c0a64790.Reason : 0b57ef76-c121-46fb-9637-94024daca647 has not seen follower/s 0721d391-9877-4bc5-9778-84bb7e49252a for 165223ms 8e2eaa3a-398a-46ef-9472-b716e4b01ba0 for 165223ms
2019-09-10 19:00:08,873 [org.apache.ratis.server.impl.LogAppender$AppenderDaemon$$Lambda$505/327848963@25078c83] ERROR ratis.XceiverServerRatis (XceiverServerRatis.java:triggerPipelineClose(568)) - pipeline Action CLOSE  on pipeline PipelineID=b6f271ac-cec0-435e-84e1-6ed7c0a64790.Reason : 0b57ef76-c121-46fb-9637-94024daca647 has not seen follower/s 0721d391-9877-4bc5-9778-84bb7e49252a for 165231ms 8e2eaa3a-398a-46ef-9472-b716e4b01ba0 for 165230ms
2019-09-10 19:00:09,351 [EventQueue-PipelineActionsForPipelineActionHandler] ERROR pipeline.PipelineActionHandler (PipelineActionHandler.java:onMessage(60)) - Received pipeline action CLOSE for Pipeline[ Id: b6f271ac-cec0-435e-84e1-6ed7c0a64790, Nodes: 0721d391-9877-4bc5-9778-84bb7e49252a{ip: 192.168.36.113, host: pr-hdds-1982-decom-states-gjzbw-1854142291, networkLocation: /default-rack, certSerialId: null}8e2eaa3a-398a-46ef-9472-b716e4b01ba0{ip: 192.168.36.113, host: pr-hdds-1982-decom-states-gjzbw-1854142291, networkLocation: /default-rack, certSerialId: null}0b57ef76-c121-46fb-9637-94024daca647{ip: 192.168.36.113, host: pr-hdds-1982-decom-states-gjzbw-1854142291, networkLocation: /default-rack, certSerialId: null}, Type:RATIS, Factor:THREE, State:CLOSED] from datanode 0b57ef76-c121-46fb-9637-94024daca647{ip: 192.168.36.113, host: pr-hdds-1982-decom-states-gjzbw-1854142291, networkLocation: /default-rack, certSerialId: null}. Reason : 0b57ef76-c121-46fb-9637-94024daca647 has not seen follower/s 0721d391-9877-4bc5-9778-84bb7e49252a for 165223ms 8e2eaa3a-398a-46ef-9472-b716e4b01ba0 for 165223ms
2019-09-10 19:00:09,352 [EventQueue-PipelineActionsForPipelineActionHandler] INFO  pipeline.SCMPipelineManager (SCMPipelineManager.java:finalizeAndDestroyPipeline(311)) - destroying pipeline:Pipeline[ Id: b6f271ac-cec0-435e-84e1-6ed7c0a64790, Nodes: 0721d391-9877-4bc5-9778-84bb7e49252a{ip: 192.168.36.113, host: pr-hdds-1982-decom-states-gjzbw-1854142291, networkLocation: /default-rack, certSerialId: null}8e2eaa3a-398a-46ef-9472-b716e4b01ba0{ip: 192.168.36.113, host: pr-hdds-1982-decom-states-gjzbw-1854142291, networkLocation: /default-rack, certSerialId: null}0b57ef76-c121-46fb-9637-94024daca647{ip: 192.168.36.113, host: pr-hdds-1982-decom-states-gjzbw-1854142291, networkLocation: /default-rack, certSerialId: null}, Type:RATIS, Factor:THREE, State:CLOSED]
2019-09-10 19:00:09,365 [java.util.concurrent.ThreadPoolExecutor$Worker@3d619a57[State = -1, empty queue]] WARN  server.GrpcLogAppender (GrpcLogAppender.java:timeoutAppendRequest(200)) - 0b57ef76-c121-46fb-9637-94024daca647@group-6ED7C0A64790->0721d391-9877-4bc5-9778-84bb7e49252a-GrpcLogAppender: appendEntries Timeout, request=0b57ef76-c121-46fb-9637-94024daca647->0721d391-9877-4bc5-9778-84bb7e49252a#81-t1, previous=(t:1, i:14), leaderCommit=10, initializing? false, entries: <empty>
2019-09-10 19:00:09,372 [java.util.concurrent.ThreadPoolExecutor$Worker@682ced94[State = -1, empty queue]] WARN  server.GrpcLogAppender (GrpcLogAppender.java:timeoutAppendRequest(200)) - 0b57ef76-c121-46fb-9637-94024daca647@group-6ED7C0A64790->8e2eaa3a-398a-46ef-9472-b716e4b01ba0-GrpcLogAppender: appendEntries Timeout, request=0b57ef76-c121-46fb-9637-94024daca647->8e2eaa3a-398a-46ef-9472-b716e4b01ba0#81-t1, previous=(t:1, i:14), leaderCommit=10, initializing? false, entries: <empty>
2019-09-10 19:00:10,802 [grpc-default-executor-1] INFO  client.GrpcClientProtocolClient (GrpcClientProtocolClient.java:onNext(264)) - client-F749F73F973A->8e2eaa3a-398a-46ef-9472-b716e4b01ba0: receive RaftClientReply:client-F749F73F973A->8e2eaa3a-398a-46ef-9472-b716e4b01ba0@group-6ED7C0A64790, cid=21, FAILED org.apache.ratis.protocol.NotLeaderException: Server 8e2eaa3a-398a-46ef-9472-b716e4b01ba0@group-6ED7C0A64790 is not the leader 0b57ef76-c121-46fb-9637-94024daca647:192.168.36.113:44606, logIndex=0, commits[8e2eaa3a-398a-46ef-9472-b716e4b01ba0:c10, 0b57ef76-c121-46fb-9637-94024daca647:c10, 0721d391-9877-4bc5-9778-84bb7e49252a:c6]
2019-09-10 19:00:11,367 [org.apache.ratis.server.impl.LogAppender$AppenderDaemon$$Lambda$505/327848963@eaa4d3f] ERROR ratis.XceiverServerRatis (XceiverServerRatis.java:triggerPipelineClose(568)) - pipeline Action CLOSE  on pipeline PipelineID=b6f271ac-cec0-435e-84e1-6ed7c0a64790.Reason : 0b57ef76-c121-46fb-9637-94024daca647 has not seen follower/s 0721d391-9877-4bc5-9778-84bb7e49252a for 167725ms 8e2eaa3a-398a-46ef-9472-b716e4b01ba0 for 167724ms
2019-09-10 19:00:11,374 [org.apache.ratis.server.impl.LogAppender$AppenderDaemon$$Lambda$505/327848963@25078c83] ERROR ratis.XceiverServerRatis (XceiverServerRatis.java:triggerPipelineClose(568)) - pipeline Action CLOSE  on pipeline PipelineID=b6f271ac-cec0-435e-84e1-6ed7c0a64790.Reason : 0b57ef76-c121-46fb-9637-94024daca647 has not seen follower/s 0721d391-9877-4bc5-9778-84bb7e49252a for 167731ms 8e2eaa3a-398a-46ef-9472-b716e4b01ba0 for 167731ms
2019-09-10 19:00:11,865 [java.util.concurrent.ThreadPoolExecutor$Worker@3d619a57[State = -1, empty queue]] WARN  server.GrpcLogAppender (GrpcLogAppender.java:timeoutAppendRequest(200)) - 0b57ef76-c121-46fb-9637-94024daca647@group-6ED7C0A64790->0721d391-9877-4bc5-9778-84bb7e49252a-GrpcLogAppender: appendEntries Timeout, request=0b57ef76-c121-46fb-9637-94024daca647->0721d391-9877-4bc5-9778-84bb7e49252a#82-t1, previous=(t:1, i:14), leaderCommit=10, initializing? false, entries: <empty>
2019-09-10 19:00:11,873 [java.util.concurrent.ThreadPoolExecutor$Worker@682ced94[State = -1, empty queue]] WARN  server.GrpcLogAppender (GrpcLogAppender.java:timeoutAppendRequest(200)) - 0b57ef76-c121-46fb-9637-94024daca647@group-6ED7C0A64790->8e2eaa3a-398a-46ef-9472-b716e4b01ba0-GrpcLogAppender: appendEntries Timeout, request=0b57ef76-c121-46fb-9637-94024daca647->8e2eaa3a-398a-46ef-9472-b716e4b01ba0#82-t1, previous=(t:1, i:14), leaderCommit=10, initializing? false, entries: <empty>
2019-09-10 19:00:12,352 [EventQueue-PipelineActionsForPipelineActionHandler] ERROR pipeline.PipelineActionHandler (PipelineActionHandler.java:onMessage(60)) - Received pipeline action CLOSE for Pipeline[ Id: b6f271ac-cec0-435e-84e1-6ed7c0a64790, Nodes: 0721d391-9877-4bc5-9778-84bb7e49252a{ip: 192.168.36.113, host: pr-hdds-1982-decom-states-gjzbw-1854142291, networkLocation: /default-rack, certSerialId: null}8e2eaa3a-398a-46ef-9472-b716e4b01ba0{ip: 192.168.36.113, host: pr-hdds-1982-decom-states-gjzbw-1854142291, networkLocation: /default-rack, certSerialId: null}0b57ef76-c121-46fb-9637-94024daca647{ip: 192.168.36.113, host: pr-hdds-1982-decom-states-gjzbw-1854142291, networkLocation: /default-rack, certSerialId: null}, Type:RATIS, Factor:THREE, State:CLOSED] from datanode 0b57ef76-c121-46fb-9637-94024daca647{ip: 192.168.36.113, host: pr-hdds-1982-decom-states-gjzbw-1854142291, networkLocation: /default-rack, certSerialId: null}. Reason : 0b57ef76-c121-46fb-9637-94024daca647 has not seen follower/s 0721d391-9877-4bc5-9778-84bb7e49252a for 167725ms 8e2eaa3a-398a-46ef-9472-b716e4b01ba0 for 167724ms
2019-09-10 19:00:12,353 [EventQueue-PipelineActionsForPipelineActionHandler] INFO  pipeline.SCMPipelineManager (SCMPipelineManager.java:finalizeAndDestroyPipeline(311)) - destroying pipeline:Pipeline[ Id: b6f271ac-cec0-435e-84e1-6ed7c0a64790, Nodes: 0721d391-9877-4bc5-9778-84bb7e49252a{ip: 192.168.36.113, host: pr-hdds-1982-decom-states-gjzbw-1854142291, networkLocation: /default-rack, certSerialId: null}8e2eaa3a-398a-46ef-9472-b716e4b01ba0{ip: 192.168.36.113, host: pr-hdds-1982-decom-states-gjzbw-1854142291, networkLocation: /default-rack, certSerialId: null}0b57ef76-c121-46fb-9637-94024daca647{ip: 192.168.36.113, host: pr-hdds-1982-decom-states-gjzbw-1854142291, networkLocation: /default-rack, certSerialId: null}, Type:RATIS, Factor:THREE, State:CLOSED]
2019-09-10 19:00:13,869 [org.apache.ratis.server.impl.LogAppender$AppenderDaemon$$Lambda$505/327848963@eaa4d3f] ERROR ratis.XceiverServerRatis (XceiverServerRatis.java:triggerPipelineClose(568)) - pipeline Action CLOSE  on pipeline PipelineID=b6f271ac-cec0-435e-84e1-6ed7c0a64790.Reason : 0b57ef76-c121-46fb-9637-94024daca647 has not seen follower/s 0721d391-9877-4bc5-9778-84bb7e49252a for 170226ms 8e2eaa3a-398a-46ef-9472-b716e4b01ba0 for 170226ms
2019-09-10 19:00:13,874 [org.apache.ratis.server.impl.LogAppender$AppenderDaemon$$Lambda$505/327848963@25078c83] ERROR ratis.XceiverServerRatis (XceiverServerRatis.java:triggerPipelineClose(568)) - pipeline Action CLOSE  on pipeline PipelineID=b6f271ac-cec0-435e-84e1-6ed7c0a64790.Reason : 0b57ef76-c121-46fb-9637-94024daca647 has not seen follower/s 0721d391-9877-4bc5-9778-84bb7e49252a for 170232ms 8e2eaa3a-398a-46ef-9472-b716e4b01ba0 for 170232ms
2019-09-10 19:00:14,101 [0b57ef76-c121-46fb-9637-94024daca647@group-6ED7C0A64790-SegmentedRaftLogWorker] WARN  segmented.SegmentedRaftLogWorker (SegmentedRaftLogWorker.java:getFromFuture(90)) - Timeout 16/~
org.apache.ratis.protocol.TimeoutIOException: Timeout 10s: WriteLog:11: (t:1, i:11), STATEMACHINELOGENTRY, client-F749F73F973A, cid=21-writeStateMachineData
	at org.apache.ratis.util.IOUtils.getFromFuture(IOUtils.java:87)
	at org.apache.ratis.server.raftlog.segmented.SegmentedRaftLogWorker$StateMachineDataPolicy.getFromFuture(SegmentedRaftLogWorker.java:87)
	at org.apache.ratis.server.raftlog.segmented.SegmentedRaftLogWorker$WriteLog.execute(SegmentedRaftLogWorker.java:477)
	at org.apache.ratis.server.raftlog.segmented.SegmentedRaftLogWorker.run(SegmentedRaftLogWorker.java:289)
	at java.lang.Thread.run(Thread.java:748)
Caused by: java.util.concurrent.TimeoutException
	at java.util.concurrent.CompletableFuture.timedGet(CompletableFuture.java:1771)
	at java.util.concurrent.CompletableFuture.get(CompletableFuture.java:1915)
	at org.apache.ratis.util.IOUtils.getFromFuture(IOUtils.java:79)
	... 4 more
2019-09-10 19:00:14,305 [8e2eaa3a-398a-46ef-9472-b716e4b01ba0@group-6ED7C0A64790-SegmentedRaftLogWorker] WARN  segmented.SegmentedRaftLogWorker (SegmentedRaftLogWorker.java:getFromFuture(90)) - Timeout 16/~
org.apache.ratis.protocol.TimeoutIOException: Timeout 10s: WriteLog:12: (t:1, i:12), STATEMACHINELOGENTRY, client-F749F73F973A, cid=22-writeStateMachineData
	at org.apache.ratis.util.IOUtils.getFromFuture(IOUtils.java:87)
	at org.apache.ratis.server.raftlog.segmented.SegmentedRaftLogWorker$StateMachineDataPolicy.getFromFuture(SegmentedRaftLogWorker.java:87)
	at org.apache.ratis.server.raftlog.segmented.SegmentedRaftLogWorker$WriteLog.execute(SegmentedRaftLogWorker.java:477)
	at org.apache.ratis.server.raftlog.segmented.SegmentedRaftLogWorker.run(SegmentedRaftLogWorker.java:289)
	at java.lang.Thread.run(Thread.java:748)
Caused by: java.util.concurrent.TimeoutException
	at java.util.concurrent.CompletableFuture.timedGet(CompletableFuture.java:1771)
	at java.util.concurrent.CompletableFuture.get(CompletableFuture.java:1915)
	at org.apache.ratis.util.IOUtils.getFromFuture(IOUtils.java:79)
	... 4 more
2019-09-10 19:00:14,309 [0721d391-9877-4bc5-9778-84bb7e49252a@group-6ED7C0A64790-SegmentedRaftLogWorker] WARN  segmented.SegmentedRaftLogWorker (SegmentedRaftLogWorker.java:getFromFuture(90)) - Timeout 16/~
org.apache.ratis.protocol.TimeoutIOException: Timeout 10s: WriteLog:12: (t:1, i:12), STATEMACHINELOGENTRY, client-F749F73F973A, cid=22-writeStateMachineData
	at org.apache.ratis.util.IOUtils.getFromFuture(IOUtils.java:87)
	at org.apache.ratis.server.raftlog.segmented.SegmentedRaftLogWorker$StateMachineDataPolicy.getFromFuture(SegmentedRaftLogWorker.java:87)
	at org.apache.ratis.server.raftlog.segmented.SegmentedRaftLogWorker$WriteLog.execute(SegmentedRaftLogWorker.java:477)
	at org.apache.ratis.server.raftlog.segmented.SegmentedRaftLogWorker.run(SegmentedRaftLogWorker.java:289)
	at java.lang.Thread.run(Thread.java:748)
Caused by: java.util.concurrent.TimeoutException
	at java.util.concurrent.CompletableFuture.timedGet(CompletableFuture.java:1771)
	at java.util.concurrent.CompletableFuture.get(CompletableFuture.java:1915)
	at org.apache.ratis.util.IOUtils.getFromFuture(IOUtils.java:79)
	... 4 more
2019-09-10 19:00:14,352 [EventQueue-PipelineActionsForPipelineActionHandler] ERROR pipeline.PipelineActionHandler (PipelineActionHandler.java:onMessage(60)) - Received pipeline action CLOSE for Pipeline[ Id: b6f271ac-cec0-435e-84e1-6ed7c0a64790, Nodes: 0721d391-9877-4bc5-9778-84bb7e49252a{ip: 192.168.36.113, host: pr-hdds-1982-decom-states-gjzbw-1854142291, networkLocation: /default-rack, certSerialId: null}8e2eaa3a-398a-46ef-9472-b716e4b01ba0{ip: 192.168.36.113, host: pr-hdds-1982-decom-states-gjzbw-1854142291, networkLocation: /default-rack, certSerialId: null}0b57ef76-c121-46fb-9637-94024daca647{ip: 192.168.36.113, host: pr-hdds-1982-decom-states-gjzbw-1854142291, networkLocation: /default-rack, certSerialId: null}, Type:RATIS, Factor:THREE, State:CLOSED] from datanode 0b57ef76-c121-46fb-9637-94024daca647{ip: 192.168.36.113, host: pr-hdds-1982-decom-states-gjzbw-1854142291, networkLocation: /default-rack, certSerialId: null}. Reason : 0b57ef76-c121-46fb-9637-94024daca647 has not seen follower/s 0721d391-9877-4bc5-9778-84bb7e49252a for 170226ms 8e2eaa3a-398a-46ef-9472-b716e4b01ba0 for 170226ms
2019-09-10 19:00:14,353 [EventQueue-PipelineActionsForPipelineActionHandler] INFO  pipeline.SCMPipelineManager (SCMPipelineManager.java:finalizeAndDestroyPipeline(311)) - destroying pipeline:Pipeline[ Id: b6f271ac-cec0-435e-84e1-6ed7c0a64790, Nodes: 0721d391-9877-4bc5-9778-84bb7e49252a{ip: 192.168.36.113, host: pr-hdds-1982-decom-states-gjzbw-1854142291, networkLocation: /default-rack, certSerialId: null}8e2eaa3a-398a-46ef-9472-b716e4b01ba0{ip: 192.168.36.113, host: pr-hdds-1982-decom-states-gjzbw-1854142291, networkLocation: /default-rack, certSerialId: null}0b57ef76-c121-46fb-9637-94024daca647{ip: 192.168.36.113, host: pr-hdds-1982-decom-states-gjzbw-1854142291, networkLocation: /default-rack, certSerialId: null}, Type:RATIS, Factor:THREE, State:CLOSED]
2019-09-10 19:00:14,367 [java.util.concurrent.ThreadPoolExecutor$Worker@3d619a57[State = -1, empty queue]] WARN  server.GrpcLogAppender (GrpcLogAppender.java:timeoutAppendRequest(200)) - 0b57ef76-c121-46fb-9637-94024daca647@group-6ED7C0A64790->0721d391-9877-4bc5-9778-84bb7e49252a-GrpcLogAppender: appendEntries Timeout, request=0b57ef76-c121-46fb-9637-94024daca647->0721d391-9877-4bc5-9778-84bb7e49252a#83-t1, previous=(t:1, i:14), leaderCommit=10, initializing? false, entries: <empty>
2019-09-10 19:00:14,374 [java.util.concurrent.ThreadPoolExecutor$Worker@682ced94[State = -1, empty queue]] WARN  server.GrpcLogAppender (GrpcLogAppender.java:timeoutAppendRequest(200)) - 0b57ef76-c121-46fb-9637-94024daca647@group-6ED7C0A64790->8e2eaa3a-398a-46ef-9472-b716e4b01ba0-GrpcLogAppender: appendEntries Timeout, request=0b57ef76-c121-46fb-9637-94024daca647->8e2eaa3a-398a-46ef-9472-b716e4b01ba0#83-t1, previous=(t:1, i:14), leaderCommit=10, initializing? false, entries: <empty>
2019-09-10 19:00:15,866 [grpc-default-executor-1] INFO  client.GrpcClientProtocolClient (GrpcClientProtocolClient.java:onNext(264)) - client-F749F73F973A->0721d391-9877-4bc5-9778-84bb7e49252a: receive RaftClientReply:client-F749F73F973A->0721d391-9877-4bc5-9778-84bb7e49252a@group-6ED7C0A64790, cid=21, FAILED org.apache.ratis.protocol.NotLeaderException: Server 0721d391-9877-4bc5-9778-84bb7e49252a@group-6ED7C0A64790 is not the leader 0b57ef76-c121-46fb-9637-94024daca647:192.168.36.113:44606, logIndex=0, commits[0721d391-9877-4bc5-9778-84bb7e49252a:c10, 0b57ef76-c121-46fb-9637-94024daca647:c10, 8e2eaa3a-398a-46ef-9472-b716e4b01ba0:c6]
2019-09-10 19:00:16,369 [org.apache.ratis.server.impl.LogAppender$AppenderDaemon$$Lambda$505/327848963@eaa4d3f] ERROR ratis.XceiverServerRatis (XceiverServerRatis.java:triggerPipelineClose(568)) - pipeline Action CLOSE  on pipeline PipelineID=b6f271ac-cec0-435e-84e1-6ed7c0a64790.Reason : 0b57ef76-c121-46fb-9637-94024daca647 has not seen follower/s 0721d391-9877-4bc5-9778-84bb7e49252a for 172727ms 8e2eaa3a-398a-46ef-9472-b716e4b01ba0 for 172727ms
2019-09-10 19:00:16,375 [org.apache.ratis.server.impl.LogAppender$AppenderDaemon$$Lambda$505/327848963@25078c83] ERROR ratis.XceiverServerRatis (XceiverServerRatis.java:triggerPipelineClose(568)) - pipeline Action CLOSE  on pipeline PipelineID=b6f271ac-cec0-435e-84e1-6ed7c0a64790.Reason : 0b57ef76-c121-46fb-9637-94024daca647 has not seen follower/s 0721d391-9877-4bc5-9778-84bb7e49252a for 172733ms 8e2eaa3a-398a-46ef-9472-b716e4b01ba0 for 172733ms
2019-09-10 19:00:16,869 [java.util.concurrent.ThreadPoolExecutor$Worker@3d619a57[State = -1, empty queue]] WARN  server.GrpcLogAppender (GrpcLogAppender.java:timeoutAppendRequest(200)) - 0b57ef76-c121-46fb-9637-94024daca647@group-6ED7C0A64790->0721d391-9877-4bc5-9778-84bb7e49252a-GrpcLogAppender: appendEntries Timeout, request=0b57ef76-c121-46fb-9637-94024daca647->0721d391-9877-4bc5-9778-84bb7e49252a#84-t1, previous=(t:1, i:14), leaderCommit=10, initializing? false, entries: <empty>
2019-09-10 19:00:16,874 [java.util.concurrent.ThreadPoolExecutor$Worker@682ced94[State = -1, empty queue]] WARN  server.GrpcLogAppender (GrpcLogAppender.java:timeoutAppendRequest(200)) - 0b57ef76-c121-46fb-9637-94024daca647@group-6ED7C0A64790->8e2eaa3a-398a-46ef-9472-b716e4b01ba0-GrpcLogAppender: appendEntries Timeout, request=0b57ef76-c121-46fb-9637-94024daca647->8e2eaa3a-398a-46ef-9472-b716e4b01ba0#84-t1, previous=(t:1, i:14), leaderCommit=10, initializing? false, entries: <empty>
2019-09-10 19:00:17,354 [EventQueue-PipelineActionsForPipelineActionHandler] ERROR pipeline.PipelineActionHandler (PipelineActionHandler.java:onMessage(60)) - Received pipeline action CLOSE for Pipeline[ Id: b6f271ac-cec0-435e-84e1-6ed7c0a64790, Nodes: 0721d391-9877-4bc5-9778-84bb7e49252a{ip: 192.168.36.113, host: pr-hdds-1982-decom-states-gjzbw-1854142291, networkLocation: /default-rack, certSerialId: null}8e2eaa3a-398a-46ef-9472-b716e4b01ba0{ip: 192.168.36.113, host: pr-hdds-1982-decom-states-gjzbw-1854142291, networkLocation: /default-rack, certSerialId: null}0b57ef76-c121-46fb-9637-94024daca647{ip: 192.168.36.113, host: pr-hdds-1982-decom-states-gjzbw-1854142291, networkLocation: /default-rack, certSerialId: null}, Type:RATIS, Factor:THREE, State:CLOSED] from datanode 0b57ef76-c121-46fb-9637-94024daca647{ip: 192.168.36.113, host: pr-hdds-1982-decom-states-gjzbw-1854142291, networkLocation: /default-rack, certSerialId: null}. Reason : 0b57ef76-c121-46fb-9637-94024daca647 has not seen follower/s 0721d391-9877-4bc5-9778-84bb7e49252a for 172727ms 8e2eaa3a-398a-46ef-9472-b716e4b01ba0 for 172727ms
2019-09-10 19:00:17,354 [EventQueue-PipelineActionsForPipelineActionHandler] INFO  pipeline.SCMPipelineManager (SCMPipelineManager.java:finalizeAndDestroyPipeline(311)) - destroying pipeline:Pipeline[ Id: b6f271ac-cec0-435e-84e1-6ed7c0a64790, Nodes: 0721d391-9877-4bc5-9778-84bb7e49252a{ip: 192.168.36.113, host: pr-hdds-1982-decom-states-gjzbw-1854142291, networkLocation: /default-rack, certSerialId: null}8e2eaa3a-398a-46ef-9472-b716e4b01ba0{ip: 192.168.36.113, host: pr-hdds-1982-decom-states-gjzbw-1854142291, networkLocation: /default-rack, certSerialId: null}0b57ef76-c121-46fb-9637-94024daca647{ip: 192.168.36.113, host: pr-hdds-1982-decom-states-gjzbw-1854142291, networkLocation: /default-rack, certSerialId: null}, Type:RATIS, Factor:THREE, State:CLOSED]
2019-09-10 19:00:18,870 [org.apache.ratis.server.impl.LogAppender$AppenderDaemon$$Lambda$505/327848963@eaa4d3f] ERROR ratis.XceiverServerRatis (XceiverServerRatis.java:triggerPipelineClose(568)) - pipeline Action CLOSE  on pipeline PipelineID=b6f271ac-cec0-435e-84e1-6ed7c0a64790.Reason : 0b57ef76-c121-46fb-9637-94024daca647 has not seen follower/s 0721d391-9877-4bc5-9778-84bb7e49252a for 175228ms 8e2eaa3a-398a-46ef-9472-b716e4b01ba0 for 175228ms
2019-09-10 19:00:18,876 [org.apache.ratis.server.impl.LogAppender$AppenderDaemon$$Lambda$505/327848963@25078c83] ERROR ratis.XceiverServerRatis (XceiverServerRatis.java:triggerPipelineClose(568)) - pipeline Action CLOSE  on pipeline PipelineID=b6f271ac-cec0-435e-84e1-6ed7c0a64790.Reason : 0b57ef76-c121-46fb-9637-94024daca647 has not seen follower/s 0721d391-9877-4bc5-9778-84bb7e49252a for 175234ms 8e2eaa3a-398a-46ef-9472-b716e4b01ba0 for 175233ms
2019-09-10 19:00:19,354 [EventQueue-PipelineActionsForPipelineActionHandler] ERROR pipeline.PipelineActionHandler (PipelineActionHandler.java:onMessage(60)) - Received pipeline action CLOSE for Pipeline[ Id: b6f271ac-cec0-435e-84e1-6ed7c0a64790, Nodes: 0721d391-9877-4bc5-9778-84bb7e49252a{ip: 192.168.36.113, host: pr-hdds-1982-decom-states-gjzbw-1854142291, networkLocation: /default-rack, certSerialId: null}8e2eaa3a-398a-46ef-9472-b716e4b01ba0{ip: 192.168.36.113, host: pr-hdds-1982-decom-states-gjzbw-1854142291, networkLocation: /default-rack, certSerialId: null}0b57ef76-c121-46fb-9637-94024daca647{ip: 192.168.36.113, host: pr-hdds-1982-decom-states-gjzbw-1854142291, networkLocation: /default-rack, certSerialId: null}, Type:RATIS, Factor:THREE, State:CLOSED] from datanode 0b57ef76-c121-46fb-9637-94024daca647{ip: 192.168.36.113, host: pr-hdds-1982-decom-states-gjzbw-1854142291, networkLocation: /default-rack, certSerialId: null}. Reason : 0b57ef76-c121-46fb-9637-94024daca647 has not seen follower/s 0721d391-9877-4bc5-9778-84bb7e49252a for 175228ms 8e2eaa3a-398a-46ef-9472-b716e4b01ba0 for 175228ms
2019-09-10 19:00:19,354 [EventQueue-PipelineActionsForPipelineActionHandler] INFO  pipeline.SCMPipelineManager (SCMPipelineManager.java:finalizeAndDestroyPipeline(311)) - destroying pipeline:Pipeline[ Id: b6f271ac-cec0-435e-84e1-6ed7c0a64790, Nodes: 0721d391-9877-4bc5-9778-84bb7e49252a{ip: 192.168.36.113, host: pr-hdds-1982-decom-states-gjzbw-1854142291, networkLocation: /default-rack, certSerialId: null}8e2eaa3a-398a-46ef-9472-b716e4b01ba0{ip: 192.168.36.113, host: pr-hdds-1982-decom-states-gjzbw-1854142291, networkLocation: /default-rack, certSerialId: null}0b57ef76-c121-46fb-9637-94024daca647{ip: 192.168.36.113, host: pr-hdds-1982-decom-states-gjzbw-1854142291, networkLocation: /default-rack, certSerialId: null}, Type:RATIS, Factor:THREE, State:CLOSED]
2019-09-10 19:00:19,369 [java.util.concurrent.ThreadPoolExecutor$Worker@3d619a57[State = -1, empty queue]] WARN  server.GrpcLogAppender (GrpcLogAppender.java:timeoutAppendRequest(200)) - 0b57ef76-c121-46fb-9637-94024daca647@group-6ED7C0A64790->0721d391-9877-4bc5-9778-84bb7e49252a-GrpcLogAppender: appendEntries Timeout, request=0b57ef76-c121-46fb-9637-94024daca647->0721d391-9877-4bc5-9778-84bb7e49252a#85-t1, previous=(t:1, i:14), leaderCommit=10, initializing? false, entries: <empty>
2019-09-10 19:00:19,375 [java.util.concurrent.ThreadPoolExecutor$Worker@682ced94[State = -1, empty queue]] WARN  server.GrpcLogAppender (GrpcLogAppender.java:timeoutAppendRequest(200)) - 0b57ef76-c121-46fb-9637-94024daca647@group-6ED7C0A64790->8e2eaa3a-398a-46ef-9472-b716e4b01ba0-GrpcLogAppender: appendEntries Timeout, request=0b57ef76-c121-46fb-9637-94024daca647->8e2eaa3a-398a-46ef-9472-b716e4b01ba0#85-t1, previous=(t:1, i:14), leaderCommit=10, initializing? false, entries: <empty>
2019-09-10 19:00:20,909 [grpc-default-executor-1] INFO  client.GrpcClientProtocolClient (GrpcClientProtocolClient.java:onNext(264)) - client-F749F73F973A->8e2eaa3a-398a-46ef-9472-b716e4b01ba0: receive RaftClientReply:client-F749F73F973A->8e2eaa3a-398a-46ef-9472-b716e4b01ba0@group-6ED7C0A64790, cid=21, FAILED org.apache.ratis.protocol.NotLeaderException: Server 8e2eaa3a-398a-46ef-9472-b716e4b01ba0@group-6ED7C0A64790 is not the leader 0b57ef76-c121-46fb-9637-94024daca647:192.168.36.113:44606, logIndex=0, commits[8e2eaa3a-398a-46ef-9472-b716e4b01ba0:c10, 0b57ef76-c121-46fb-9637-94024daca647:c10, 0721d391-9877-4bc5-9778-84bb7e49252a:c6]
2019-09-10 19:00:21,371 [org.apache.ratis.server.impl.LogAppender$AppenderDaemon$$Lambda$505/327848963@eaa4d3f] ERROR ratis.XceiverServerRatis (XceiverServerRatis.java:triggerPipelineClose(568)) - pipeline Action CLOSE  on pipeline PipelineID=b6f271ac-cec0-435e-84e1-6ed7c0a64790.Reason : 0b57ef76-c121-46fb-9637-94024daca647 has not seen follower/s 0721d391-9877-4bc5-9778-84bb7e49252a for 177729ms 8e2eaa3a-398a-46ef-9472-b716e4b01ba0 for 177729ms
2019-09-10 19:00:21,376 [org.apache.ratis.server.impl.LogAppender$AppenderDaemon$$Lambda$505/327848963@25078c83] ERROR ratis.XceiverServerRatis (XceiverServerRatis.java:triggerPipelineClose(568)) - pipeline Action CLOSE  on pipeline PipelineID=b6f271ac-cec0-435e-84e1-6ed7c0a64790.Reason : 0b57ef76-c121-46fb-9637-94024daca647 has not seen follower/s 0721d391-9877-4bc5-9778-84bb7e49252a for 177734ms 8e2eaa3a-398a-46ef-9472-b716e4b01ba0 for 177734ms
2019-09-10 19:00:21,870 [java.util.concurrent.ThreadPoolExecutor$Worker@3d619a57[State = -1, empty queue]] WARN  server.GrpcLogAppender (GrpcLogAppender.java:timeoutAppendRequest(200)) - 0b57ef76-c121-46fb-9637-94024daca647@group-6ED7C0A64790->0721d391-9877-4bc5-9778-84bb7e49252a-GrpcLogAppender: appendEntries Timeout, request=0b57ef76-c121-46fb-9637-94024daca647->0721d391-9877-4bc5-9778-84bb7e49252a#86-t1, previous=(t:1, i:14), leaderCommit=10, initializing? false, entries: <empty>
2019-09-10 19:00:21,876 [java.util.concurrent.ThreadPoolExecutor$Worker@682ced94[State = -1, empty queue]] WARN  server.GrpcLogAppender (GrpcLogAppender.java:timeoutAppendRequest(200)) - 0b57ef76-c121-46fb-9637-94024daca647@group-6ED7C0A64790->8e2eaa3a-398a-46ef-9472-b716e4b01ba0-GrpcLogAppender: appendEntries Timeout, request=0b57ef76-c121-46fb-9637-94024daca647->8e2eaa3a-398a-46ef-9472-b716e4b01ba0#86-t1, previous=(t:1, i:14), leaderCommit=10, initializing? false, entries: <empty>
2019-09-10 19:00:22,353 [EventQueue-PipelineActionsForPipelineActionHandler] ERROR pipeline.PipelineActionHandler (PipelineActionHandler.java:onMessage(60)) - Received pipeline action CLOSE for Pipeline[ Id: b6f271ac-cec0-435e-84e1-6ed7c0a64790, Nodes: 0721d391-9877-4bc5-9778-84bb7e49252a{ip: 192.168.36.113, host: pr-hdds-1982-decom-states-gjzbw-1854142291, networkLocation: /default-rack, certSerialId: null}8e2eaa3a-398a-46ef-9472-b716e4b01ba0{ip: 192.168.36.113, host: pr-hdds-1982-decom-states-gjzbw-1854142291, networkLocation: /default-rack, certSerialId: null}0b57ef76-c121-46fb-9637-94024daca647{ip: 192.168.36.113, host: pr-hdds-1982-decom-states-gjzbw-1854142291, networkLocation: /default-rack, certSerialId: null}, Type:RATIS, Factor:THREE, State:CLOSED] from datanode 0b57ef76-c121-46fb-9637-94024daca647{ip: 192.168.36.113, host: pr-hdds-1982-decom-states-gjzbw-1854142291, networkLocation: /default-rack, certSerialId: null}. Reason : 0b57ef76-c121-46fb-9637-94024daca647 has not seen follower/s 0721d391-9877-4bc5-9778-84bb7e49252a for 177729ms 8e2eaa3a-398a-46ef-9472-b716e4b01ba0 for 177729ms
2019-09-10 19:00:22,354 [EventQueue-PipelineActionsForPipelineActionHandler] INFO  pipeline.SCMPipelineManager (SCMPipelineManager.java:finalizeAndDestroyPipeline(311)) - destroying pipeline:Pipeline[ Id: b6f271ac-cec0-435e-84e1-6ed7c0a64790, Nodes: 0721d391-9877-4bc5-9778-84bb7e49252a{ip: 192.168.36.113, host: pr-hdds-1982-decom-states-gjzbw-1854142291, networkLocation: /default-rack, certSerialId: null}8e2eaa3a-398a-46ef-9472-b716e4b01ba0{ip: 192.168.36.113, host: pr-hdds-1982-decom-states-gjzbw-1854142291, networkLocation: /default-rack, certSerialId: null}0b57ef76-c121-46fb-9637-94024daca647{ip: 192.168.36.113, host: pr-hdds-1982-decom-states-gjzbw-1854142291, networkLocation: /default-rack, certSerialId: null}, Type:RATIS, Factor:THREE, State:CLOSED]
2019-09-10 19:00:23,872 [org.apache.ratis.server.impl.LogAppender$AppenderDaemon$$Lambda$505/327848963@eaa4d3f] ERROR ratis.XceiverServerRatis (XceiverServerRatis.java:triggerPipelineClose(568)) - pipeline Action CLOSE  on pipeline PipelineID=b6f271ac-cec0-435e-84e1-6ed7c0a64790.Reason : 0b57ef76-c121-46fb-9637-94024daca647 has not seen follower/s 0721d391-9877-4bc5-9778-84bb7e49252a for 180230ms 8e2eaa3a-398a-46ef-9472-b716e4b01ba0 for 180230ms
2019-09-10 19:00:23,877 [org.apache.ratis.server.impl.LogAppender$AppenderDaemon$$Lambda$505/327848963@25078c83] ERROR ratis.XceiverServerRatis (XceiverServerRatis.java:triggerPipelineClose(568)) - pipeline Action CLOSE  on pipeline PipelineID=b6f271ac-cec0-435e-84e1-6ed7c0a64790.Reason : 0b57ef76-c121-46fb-9637-94024daca647 has not seen follower/s 0721d391-9877-4bc5-9778-84bb7e49252a for 180235ms 8e2eaa3a-398a-46ef-9472-b716e4b01ba0 for 180234ms
2019-09-10 19:00:24,102 [0b57ef76-c121-46fb-9637-94024daca647@group-6ED7C0A64790-SegmentedRaftLogWorker] WARN  segmented.SegmentedRaftLogWorker (SegmentedRaftLogWorker.java:getFromFuture(90)) - Timeout 17/~
org.apache.ratis.protocol.TimeoutIOException: Timeout 10s: WriteLog:11: (t:1, i:11), STATEMACHINELOGENTRY, client-F749F73F973A, cid=21-writeStateMachineData
	at org.apache.ratis.util.IOUtils.getFromFuture(IOUtils.java:87)
	at org.apache.ratis.server.raftlog.segmented.SegmentedRaftLogWorker$StateMachineDataPolicy.getFromFuture(SegmentedRaftLogWorker.java:87)
	at org.apache.ratis.server.raftlog.segmented.SegmentedRaftLogWorker$WriteLog.execute(SegmentedRaftLogWorker.java:477)
	at org.apache.ratis.server.raftlog.segmented.SegmentedRaftLogWorker.run(SegmentedRaftLogWorker.java:289)
	at java.lang.Thread.run(Thread.java:748)
Caused by: java.util.concurrent.TimeoutException
	at java.util.concurrent.CompletableFuture.timedGet(CompletableFuture.java:1771)
	at java.util.concurrent.CompletableFuture.get(CompletableFuture.java:1915)
	at org.apache.ratis.util.IOUtils.getFromFuture(IOUtils.java:79)
	... 4 more
2019-09-10 19:00:24,306 [8e2eaa3a-398a-46ef-9472-b716e4b01ba0@group-6ED7C0A64790-SegmentedRaftLogWorker] WARN  segmented.SegmentedRaftLogWorker (SegmentedRaftLogWorker.java:getFromFuture(90)) - Timeout 17/~
org.apache.ratis.protocol.TimeoutIOException: Timeout 10s: WriteLog:12: (t:1, i:12), STATEMACHINELOGENTRY, client-F749F73F973A, cid=22-writeStateMachineData
	at org.apache.ratis.util.IOUtils.getFromFuture(IOUtils.java:87)
	at org.apache.ratis.server.raftlog.segmented.SegmentedRaftLogWorker$StateMachineDataPolicy.getFromFuture(SegmentedRaftLogWorker.java:87)
	at org.apache.ratis.server.raftlog.segmented.SegmentedRaftLogWorker$WriteLog.execute(SegmentedRaftLogWorker.java:477)
	at org.apache.ratis.server.raftlog.segmented.SegmentedRaftLogWorker.run(SegmentedRaftLogWorker.java:289)
	at java.lang.Thread.run(Thread.java:748)
Caused by: java.util.concurrent.TimeoutException
	at java.util.concurrent.CompletableFuture.timedGet(CompletableFuture.java:1771)
	at java.util.concurrent.CompletableFuture.get(CompletableFuture.java:1915)
	at org.apache.ratis.util.IOUtils.getFromFuture(IOUtils.java:79)
	... 4 more
2019-09-10 19:00:24,310 [0721d391-9877-4bc5-9778-84bb7e49252a@group-6ED7C0A64790-SegmentedRaftLogWorker] WARN  segmented.SegmentedRaftLogWorker (SegmentedRaftLogWorker.java:getFromFuture(90)) - Timeout 17/~
org.apache.ratis.protocol.TimeoutIOException: Timeout 10s: WriteLog:12: (t:1, i:12), STATEMACHINELOGENTRY, client-F749F73F973A, cid=22-writeStateMachineData
	at org.apache.ratis.util.IOUtils.getFromFuture(IOUtils.java:87)
	at org.apache.ratis.server.raftlog.segmented.SegmentedRaftLogWorker$StateMachineDataPolicy.getFromFuture(SegmentedRaftLogWorker.java:87)
	at org.apache.ratis.server.raftlog.segmented.SegmentedRaftLogWorker$WriteLog.execute(SegmentedRaftLogWorker.java:477)
	at org.apache.ratis.server.raftlog.segmented.SegmentedRaftLogWorker.run(SegmentedRaftLogWorker.java:289)
	at java.lang.Thread.run(Thread.java:748)
Caused by: java.util.concurrent.TimeoutException
	at java.util.concurrent.CompletableFuture.timedGet(CompletableFuture.java:1771)
	at java.util.concurrent.CompletableFuture.get(CompletableFuture.java:1915)
	at org.apache.ratis.util.IOUtils.getFromFuture(IOUtils.java:79)
	... 4 more
2019-09-10 19:00:24,355 [EventQueue-PipelineActionsForPipelineActionHandler] ERROR pipeline.PipelineActionHandler (PipelineActionHandler.java:onMessage(60)) - Received pipeline action CLOSE for Pipeline[ Id: b6f271ac-cec0-435e-84e1-6ed7c0a64790, Nodes: 0721d391-9877-4bc5-9778-84bb7e49252a{ip: 192.168.36.113, host: pr-hdds-1982-decom-states-gjzbw-1854142291, networkLocation: /default-rack, certSerialId: null}8e2eaa3a-398a-46ef-9472-b716e4b01ba0{ip: 192.168.36.113, host: pr-hdds-1982-decom-states-gjzbw-1854142291, networkLocation: /default-rack, certSerialId: null}0b57ef76-c121-46fb-9637-94024daca647{ip: 192.168.36.113, host: pr-hdds-1982-decom-states-gjzbw-1854142291, networkLocation: /default-rack, certSerialId: null}, Type:RATIS, Factor:THREE, State:CLOSED] from datanode 0b57ef76-c121-46fb-9637-94024daca647{ip: 192.168.36.113, host: pr-hdds-1982-decom-states-gjzbw-1854142291, networkLocation: /default-rack, certSerialId: null}. Reason : 0b57ef76-c121-46fb-9637-94024daca647 has not seen follower/s 0721d391-9877-4bc5-9778-84bb7e49252a for 180230ms 8e2eaa3a-398a-46ef-9472-b716e4b01ba0 for 180230ms
2019-09-10 19:00:24,355 [EventQueue-PipelineActionsForPipelineActionHandler] INFO  pipeline.SCMPipelineManager (SCMPipelineManager.java:finalizeAndDestroyPipeline(311)) - destroying pipeline:Pipeline[ Id: b6f271ac-cec0-435e-84e1-6ed7c0a64790, Nodes: 0721d391-9877-4bc5-9778-84bb7e49252a{ip: 192.168.36.113, host: pr-hdds-1982-decom-states-gjzbw-1854142291, networkLocation: /default-rack, certSerialId: null}8e2eaa3a-398a-46ef-9472-b716e4b01ba0{ip: 192.168.36.113, host: pr-hdds-1982-decom-states-gjzbw-1854142291, networkLocation: /default-rack, certSerialId: null}0b57ef76-c121-46fb-9637-94024daca647{ip: 192.168.36.113, host: pr-hdds-1982-decom-states-gjzbw-1854142291, networkLocation: /default-rack, certSerialId: null}, Type:RATIS, Factor:THREE, State:CLOSED]
2019-09-10 19:00:24,371 [java.util.concurrent.ThreadPoolExecutor$Worker@3d619a57[State = -1, empty queue]] WARN  server.GrpcLogAppender (GrpcLogAppender.java:timeoutAppendRequest(200)) - 0b57ef76-c121-46fb-9637-94024daca647@group-6ED7C0A64790->0721d391-9877-4bc5-9778-84bb7e49252a-GrpcLogAppender: appendEntries Timeout, request=0b57ef76-c121-46fb-9637-94024daca647->0721d391-9877-4bc5-9778-84bb7e49252a#87-t1, previous=(t:1, i:14), leaderCommit=10, initializing? false, entries: <empty>
2019-09-10 19:00:24,376 [java.util.concurrent.ThreadPoolExecutor$Worker@682ced94[State = -1, empty queue]] WARN  server.GrpcLogAppender (GrpcLogAppender.java:timeoutAppendRequest(200)) - 0b57ef76-c121-46fb-9637-94024daca647@group-6ED7C0A64790->8e2eaa3a-398a-46ef-9472-b716e4b01ba0-GrpcLogAppender: appendEntries Timeout, request=0b57ef76-c121-46fb-9637-94024daca647->8e2eaa3a-398a-46ef-9472-b716e4b01ba0#87-t1, previous=(t:1, i:14), leaderCommit=10, initializing? false, entries: <empty>
2019-09-10 19:00:25,949 [grpc-default-executor-1] INFO  client.GrpcClientProtocolClient (GrpcClientProtocolClient.java:onNext(264)) - client-F749F73F973A->0721d391-9877-4bc5-9778-84bb7e49252a: receive RaftClientReply:client-F749F73F973A->0721d391-9877-4bc5-9778-84bb7e49252a@group-6ED7C0A64790, cid=21, FAILED org.apache.ratis.protocol.NotLeaderException: Server 0721d391-9877-4bc5-9778-84bb7e49252a@group-6ED7C0A64790 is not the leader 0b57ef76-c121-46fb-9637-94024daca647:192.168.36.113:44606, logIndex=0, commits[0721d391-9877-4bc5-9778-84bb7e49252a:c10, 0b57ef76-c121-46fb-9637-94024daca647:c10, 8e2eaa3a-398a-46ef-9472-b716e4b01ba0:c6]
2019-09-10 19:00:26,373 [org.apache.ratis.server.impl.LogAppender$AppenderDaemon$$Lambda$505/327848963@eaa4d3f] ERROR ratis.XceiverServerRatis (XceiverServerRatis.java:triggerPipelineClose(568)) - pipeline Action CLOSE  on pipeline PipelineID=b6f271ac-cec0-435e-84e1-6ed7c0a64790.Reason : 0b57ef76-c121-46fb-9637-94024daca647 has not seen follower/s 0721d391-9877-4bc5-9778-84bb7e49252a for 182731ms 8e2eaa3a-398a-46ef-9472-b716e4b01ba0 for 182731ms
2019-09-10 19:00:26,378 [org.apache.ratis.server.impl.LogAppender$AppenderDaemon$$Lambda$505/327848963@25078c83] ERROR ratis.XceiverServerRatis (XceiverServerRatis.java:triggerPipelineClose(568)) - pipeline Action CLOSE  on pipeline PipelineID=b6f271ac-cec0-435e-84e1-6ed7c0a64790.Reason : 0b57ef76-c121-46fb-9637-94024daca647 has not seen follower/s 0721d391-9877-4bc5-9778-84bb7e49252a for 182736ms 8e2eaa3a-398a-46ef-9472-b716e4b01ba0 for 182736ms
2019-09-10 19:00:26,872 [java.util.concurrent.ThreadPoolExecutor$Worker@3d619a57[State = -1, empty queue]] WARN  server.GrpcLogAppender (GrpcLogAppender.java:timeoutAppendRequest(200)) - 0b57ef76-c121-46fb-9637-94024daca647@group-6ED7C0A64790->0721d391-9877-4bc5-9778-84bb7e49252a-GrpcLogAppender: appendEntries Timeout, request=0b57ef76-c121-46fb-9637-94024daca647->0721d391-9877-4bc5-9778-84bb7e49252a#88-t1, previous=(t:1, i:14), leaderCommit=10, initializing? false, entries: <empty>
2019-09-10 19:00:26,877 [java.util.concurrent.ThreadPoolExecutor$Worker@682ced94[State = -1, empty queue]] WARN  server.GrpcLogAppender (GrpcLogAppender.java:timeoutAppendRequest(200)) - 0b57ef76-c121-46fb-9637-94024daca647@group-6ED7C0A64790->8e2eaa3a-398a-46ef-9472-b716e4b01ba0-GrpcLogAppender: appendEntries Timeout, request=0b57ef76-c121-46fb-9637-94024daca647->8e2eaa3a-398a-46ef-9472-b716e4b01ba0#88-t1, previous=(t:1, i:14), leaderCommit=10, initializing? false, entries: <empty>
2019-09-10 19:00:27,354 [EventQueue-PipelineActionsForPipelineActionHandler] ERROR pipeline.PipelineActionHandler (PipelineActionHandler.java:onMessage(60)) - Received pipeline action CLOSE for Pipeline[ Id: b6f271ac-cec0-435e-84e1-6ed7c0a64790, Nodes: 0721d391-9877-4bc5-9778-84bb7e49252a{ip: 192.168.36.113, host: pr-hdds-1982-decom-states-gjzbw-1854142291, networkLocation: /default-rack, certSerialId: null}8e2eaa3a-398a-46ef-9472-b716e4b01ba0{ip: 192.168.36.113, host: pr-hdds-1982-decom-states-gjzbw-1854142291, networkLocation: /default-rack, certSerialId: null}0b57ef76-c121-46fb-9637-94024daca647{ip: 192.168.36.113, host: pr-hdds-1982-decom-states-gjzbw-1854142291, networkLocation: /default-rack, certSerialId: null}, Type:RATIS, Factor:THREE, State:CLOSED] from datanode 0b57ef76-c121-46fb-9637-94024daca647{ip: 192.168.36.113, host: pr-hdds-1982-decom-states-gjzbw-1854142291, networkLocation: /default-rack, certSerialId: null}. Reason : 0b57ef76-c121-46fb-9637-94024daca647 has not seen follower/s 0721d391-9877-4bc5-9778-84bb7e49252a for 182731ms 8e2eaa3a-398a-46ef-9472-b716e4b01ba0 for 182731ms
2019-09-10 19:00:27,355 [EventQueue-PipelineActionsForPipelineActionHandler] INFO  pipeline.SCMPipelineManager (SCMPipelineManager.java:finalizeAndDestroyPipeline(311)) - destroying pipeline:Pipeline[ Id: b6f271ac-cec0-435e-84e1-6ed7c0a64790, Nodes: 0721d391-9877-4bc5-9778-84bb7e49252a{ip: 192.168.36.113, host: pr-hdds-1982-decom-states-gjzbw-1854142291, networkLocation: /default-rack, certSerialId: null}8e2eaa3a-398a-46ef-9472-b716e4b01ba0{ip: 192.168.36.113, host: pr-hdds-1982-decom-states-gjzbw-1854142291, networkLocation: /default-rack, certSerialId: null}0b57ef76-c121-46fb-9637-94024daca647{ip: 192.168.36.113, host: pr-hdds-1982-decom-states-gjzbw-1854142291, networkLocation: /default-rack, certSerialId: null}, Type:RATIS, Factor:THREE, State:CLOSED]
2019-09-10 19:00:28,875 [org.apache.ratis.server.impl.LogAppender$AppenderDaemon$$Lambda$505/327848963@eaa4d3f] ERROR ratis.XceiverServerRatis (XceiverServerRatis.java:triggerPipelineClose(568)) - pipeline Action CLOSE  on pipeline PipelineID=b6f271ac-cec0-435e-84e1-6ed7c0a64790.Reason : 0b57ef76-c121-46fb-9637-94024daca647 has not seen follower/s 0721d391-9877-4bc5-9778-84bb7e49252a for 185233ms 8e2eaa3a-398a-46ef-9472-b716e4b01ba0 for 185232ms
2019-09-10 19:00:28,879 [org.apache.ratis.server.impl.LogAppender$AppenderDaemon$$Lambda$505/327848963@25078c83] ERROR ratis.XceiverServerRatis (XceiverServerRatis.java:triggerPipelineClose(568)) - pipeline Action CLOSE  on pipeline PipelineID=b6f271ac-cec0-435e-84e1-6ed7c0a64790.Reason : 0b57ef76-c121-46fb-9637-94024daca647 has not seen follower/s 0721d391-9877-4bc5-9778-84bb7e49252a for 185237ms 8e2eaa3a-398a-46ef-9472-b716e4b01ba0 for 185237ms
2019-09-10 19:00:29,356 [EventQueue-PipelineActionsForPipelineActionHandler] ERROR pipeline.PipelineActionHandler (PipelineActionHandler.java:onMessage(60)) - Received pipeline action CLOSE for Pipeline[ Id: b6f271ac-cec0-435e-84e1-6ed7c0a64790, Nodes: 0721d391-9877-4bc5-9778-84bb7e49252a{ip: 192.168.36.113, host: pr-hdds-1982-decom-states-gjzbw-1854142291, networkLocation: /default-rack, certSerialId: null}8e2eaa3a-398a-46ef-9472-b716e4b01ba0{ip: 192.168.36.113, host: pr-hdds-1982-decom-states-gjzbw-1854142291, networkLocation: /default-rack, certSerialId: null}0b57ef76-c121-46fb-9637-94024daca647{ip: 192.168.36.113, host: pr-hdds-1982-decom-states-gjzbw-1854142291, networkLocation: /default-rack, certSerialId: null}, Type:RATIS, Factor:THREE, State:CLOSED] from datanode 0b57ef76-c121-46fb-9637-94024daca647{ip: 192.168.36.113, host: pr-hdds-1982-decom-states-gjzbw-1854142291, networkLocation: /default-rack, certSerialId: null}. Reason : 0b57ef76-c121-46fb-9637-94024daca647 has not seen follower/s 0721d391-9877-4bc5-9778-84bb7e49252a for 185233ms 8e2eaa3a-398a-46ef-9472-b716e4b01ba0 for 185232ms
2019-09-10 19:00:29,356 [EventQueue-PipelineActionsForPipelineActionHandler] INFO  pipeline.SCMPipelineManager (SCMPipelineManager.java:finalizeAndDestroyPipeline(311)) - destroying pipeline:Pipeline[ Id: b6f271ac-cec0-435e-84e1-6ed7c0a64790, Nodes: 0721d391-9877-4bc5-9778-84bb7e49252a{ip: 192.168.36.113, host: pr-hdds-1982-decom-states-gjzbw-1854142291, networkLocation: /default-rack, certSerialId: null}8e2eaa3a-398a-46ef-9472-b716e4b01ba0{ip: 192.168.36.113, host: pr-hdds-1982-decom-states-gjzbw-1854142291, networkLocation: /default-rack, certSerialId: null}0b57ef76-c121-46fb-9637-94024daca647{ip: 192.168.36.113, host: pr-hdds-1982-decom-states-gjzbw-1854142291, networkLocation: /default-rack, certSerialId: null}, Type:RATIS, Factor:THREE, State:CLOSED]
2019-09-10 19:00:29,373 [java.util.concurrent.ThreadPoolExecutor$Worker@3d619a57[State = -1, empty queue]] WARN  server.GrpcLogAppender (GrpcLogAppender.java:timeoutAppendRequest(200)) - 0b57ef76-c121-46fb-9637-94024daca647@group-6ED7C0A64790->0721d391-9877-4bc5-9778-84bb7e49252a-GrpcLogAppender: appendEntries Timeout, request=0b57ef76-c121-46fb-9637-94024daca647->0721d391-9877-4bc5-9778-84bb7e49252a#89-t1, previous=(t:1, i:14), leaderCommit=10, initializing? false, entries: <empty>
2019-09-10 19:00:29,378 [java.util.concurrent.ThreadPoolExecutor$Worker@682ced94[State = -1, empty queue]] WARN  server.GrpcLogAppender (GrpcLogAppender.java:timeoutAppendRequest(200)) - 0b57ef76-c121-46fb-9637-94024daca647@group-6ED7C0A64790->8e2eaa3a-398a-46ef-9472-b716e4b01ba0-GrpcLogAppender: appendEntries Timeout, request=0b57ef76-c121-46fb-9637-94024daca647->8e2eaa3a-398a-46ef-9472-b716e4b01ba0#89-t1, previous=(t:1, i:14), leaderCommit=10, initializing? false, entries: <empty>
2019-09-10 19:00:30,346 [grpc-default-executor-2] INFO  impl.RaftServerProxy (RaftServerProxy.java:remove(95)) - 0721d391-9877-4bc5-9778-84bb7e49252a: remove  FOLLOWER 0721d391-9877-4bc5-9778-84bb7e49252a@group-6ED7C0A64790:t1, leader=0b57ef76-c121-46fb-9637-94024daca647, voted=0b57ef76-c121-46fb-9637-94024daca647, raftlog=0721d391-9877-4bc5-9778-84bb7e49252a@group-6ED7C0A64790-SegmentedRaftLog:OPENED:c10,f10,i14, conf=0: [0b57ef76-c121-46fb-9637-94024daca647:192.168.36.113:44606, 0721d391-9877-4bc5-9778-84bb7e49252a:192.168.36.113:44025, 8e2eaa3a-398a-46ef-9472-b716e4b01ba0:192.168.36.113:42203], old=null RUNNING
2019-09-10 19:00:30,352 [grpc-default-executor-2] INFO  impl.RaftServerImpl (RaftServerImpl.java:lambda$shutdown$3(251)) - 0721d391-9877-4bc5-9778-84bb7e49252a@group-6ED7C0A64790: shutdown
2019-09-10 19:00:30,353 [grpc-default-executor-2] INFO  util.JmxRegister (JmxRegister.java:unregister(73)) - Successfully un-registered JMX Bean with object name Ratis:service=RaftServer,group=group-6ED7C0A64790,id=0721d391-9877-4bc5-9778-84bb7e49252a
2019-09-10 19:00:30,353 [grpc-default-executor-2] INFO  impl.RoleInfo (RoleInfo.java:shutdownFollowerState(121)) - 0721d391-9877-4bc5-9778-84bb7e49252a: shutdown FollowerState
2019-09-10 19:00:30,354 [grpc-default-executor-2] INFO  impl.StateMachineUpdater (StateMachineUpdater.java:stopAndJoin(125)) - 0721d391-9877-4bc5-9778-84bb7e49252a@group-6ED7C0A64790-StateMachineUpdater: set stopIndex = 10
2019-09-10 19:00:30,354 [Thread-308] INFO  impl.FollowerState (FollowerState.java:run(115)) - 0721d391-9877-4bc5-9778-84bb7e49252a: FollowerState was interrupted: java.lang.InterruptedException: sleep interrupted
2019-09-10 19:00:30,354 [0721d391-9877-4bc5-9778-84bb7e49252a@group-6ED7C0A64790-StateMachineUpdater] INFO  ratis.ContainerStateMachine (ContainerStateMachine.java:takeSnapshot(289)) - group-6ED7C0A64790: Taking a snapshot at:(t:1, i:6) file /workdir/hadoop-ozone/integration-test/target/test-dir/MiniOzoneClusterImpl-72d52129-3591-4c41-bfb8-19f96584a10d/datanode-1/data/ratis/b6f271ac-cec0-435e-84e1-6ed7c0a64790/sm/snapshot.1_6
2019-09-10 19:00:30,398 [0721d391-9877-4bc5-9778-84bb7e49252a@group-6ED7C0A64790-StateMachineUpdater] INFO  ratis.ContainerStateMachine (ContainerStateMachine.java:takeSnapshot(300)) - group-6ED7C0A64790: Finished taking a snapshot at:(t:1, i:6) file:/workdir/hadoop-ozone/integration-test/target/test-dir/MiniOzoneClusterImpl-72d52129-3591-4c41-bfb8-19f96584a10d/datanode-1/data/ratis/b6f271ac-cec0-435e-84e1-6ed7c0a64790/sm/snapshot.1_6 time:45
2019-09-10 19:00:30,399 [0721d391-9877-4bc5-9778-84bb7e49252a@group-6ED7C0A64790-StateMachineUpdater] INFO  impl.StateMachineUpdater (StateMachineUpdater.java:takeSnapshot(258)) - 0721d391-9877-4bc5-9778-84bb7e49252a@group-6ED7C0A64790-StateMachineUpdater: Took a snapshot at index 6
2019-09-10 19:00:30,401 [0721d391-9877-4bc5-9778-84bb7e49252a@group-6ED7C0A64790-StateMachineUpdater] INFO  impl.StateMachineUpdater (StateMachineUpdater.java:lambda$new$0(83)) - 0721d391-9877-4bc5-9778-84bb7e49252a@group-6ED7C0A64790-StateMachineUpdater: snapshotIndex: updateIncreasingly -1 -> 6
2019-09-10 19:00:30,408 [0721d391-9877-4bc5-9778-84bb7e49252a@group-6ED7C0A64790-StateMachineUpdater] INFO  ratis.ContainerStateMachine (ContainerStateMachine.java:takeSnapshot(289)) - group-6ED7C0A64790: Taking a snapshot at:(t:1, i:6) file /workdir/hadoop-ozone/integration-test/target/test-dir/MiniOzoneClusterImpl-72d52129-3591-4c41-bfb8-19f96584a10d/datanode-1/data/ratis/b6f271ac-cec0-435e-84e1-6ed7c0a64790/sm/snapshot.1_6
2019-09-10 19:00:30,433 [0721d391-9877-4bc5-9778-84bb7e49252a@group-6ED7C0A64790-StateMachineUpdater] INFO  ratis.ContainerStateMachine (ContainerStateMachine.java:takeSnapshot(300)) - group-6ED7C0A64790: Finished taking a snapshot at:(t:1, i:6) file:/workdir/hadoop-ozone/integration-test/target/test-dir/MiniOzoneClusterImpl-72d52129-3591-4c41-bfb8-19f96584a10d/datanode-1/data/ratis/b6f271ac-cec0-435e-84e1-6ed7c0a64790/sm/snapshot.1_6 time:25
2019-09-10 19:00:30,433 [0721d391-9877-4bc5-9778-84bb7e49252a@group-6ED7C0A64790-StateMachineUpdater] INFO  impl.StateMachineUpdater (StateMachineUpdater.java:takeSnapshot(258)) - 0721d391-9877-4bc5-9778-84bb7e49252a@group-6ED7C0A64790-StateMachineUpdater: Took a snapshot at index 6
2019-09-10 19:00:30,434 [0721d391-9877-4bc5-9778-84bb7e49252a@group-6ED7C0A64790-StateMachineUpdater] INFO  impl.StateMachineUpdater (StateMachineUpdater.java:lambda$new$0(83)) - 0721d391-9877-4bc5-9778-84bb7e49252a@group-6ED7C0A64790-StateMachineUpdater: snapshotIndex: updateIncreasingly 6 -> 6
2019-09-10 19:00:30,434 [grpc-default-executor-2] INFO  impl.RaftServerImpl (ServerState.java:close(385)) - 0721d391-9877-4bc5-9778-84bb7e49252a@group-6ED7C0A64790: closes. applyIndex: 10
2019-09-10 19:00:30,453 [0721d391-9877-4bc5-9778-84bb7e49252a@group-6ED7C0A64790-SegmentedRaftLogWorker] ERROR ratis.XceiverServerRatis (XceiverServerRatis.java:triggerPipelineClose(568)) - pipeline Action CLOSE  on pipeline PipelineID=b6f271ac-cec0-435e-84e1-6ed7c0a64790.Reason : WriteLog:12: (t:1, i:12), STATEMACHINELOGENTRY, client-F749F73F973A, cid=22-writeStateMachineData interrupted.
2019-09-10 19:00:30,459 [EventQueue-PipelineActionsForPipelineActionHandler] ERROR pipeline.PipelineActionHandler (PipelineActionHandler.java:onMessage(60)) - Received pipeline action CLOSE for Pipeline[ Id: b6f271ac-cec0-435e-84e1-6ed7c0a64790, Nodes: 0721d391-9877-4bc5-9778-84bb7e49252a{ip: 192.168.36.113, host: pr-hdds-1982-decom-states-gjzbw-1854142291, networkLocation: /default-rack, certSerialId: null}8e2eaa3a-398a-46ef-9472-b716e4b01ba0{ip: 192.168.36.113, host: pr-hdds-1982-decom-states-gjzbw-1854142291, networkLocation: /default-rack, certSerialId: null}0b57ef76-c121-46fb-9637-94024daca647{ip: 192.168.36.113, host: pr-hdds-1982-decom-states-gjzbw-1854142291, networkLocation: /default-rack, certSerialId: null}, Type:RATIS, Factor:THREE, State:CLOSED] from datanode 0721d391-9877-4bc5-9778-84bb7e49252a{ip: 192.168.36.113, host: pr-hdds-1982-decom-states-gjzbw-1854142291, networkLocation: /default-rack, certSerialId: null}. Reason : WriteLog:12: (t:1, i:12), STATEMACHINELOGENTRY, client-F749F73F973A, cid=22-writeStateMachineData interrupted.
2019-09-10 19:00:30,459 [EventQueue-PipelineActionsForPipelineActionHandler] INFO  pipeline.SCMPipelineManager (SCMPipelineManager.java:finalizeAndDestroyPipeline(311)) - destroying pipeline:Pipeline[ Id: b6f271ac-cec0-435e-84e1-6ed7c0a64790, Nodes: 0721d391-9877-4bc5-9778-84bb7e49252a{ip: 192.168.36.113, host: pr-hdds-1982-decom-states-gjzbw-1854142291, networkLocation: /default-rack, certSerialId: null}8e2eaa3a-398a-46ef-9472-b716e4b01ba0{ip: 192.168.36.113, host: pr-hdds-1982-decom-states-gjzbw-1854142291, networkLocation: /default-rack, certSerialId: null}0b57ef76-c121-46fb-9637-94024daca647{ip: 192.168.36.113, host: pr-hdds-1982-decom-states-gjzbw-1854142291, networkLocation: /default-rack, certSerialId: null}, Type:RATIS, Factor:THREE, State:CLOSED]
2019-09-10 19:00:30,471 [grpc-default-executor-2] INFO  segmented.SegmentedRaftLogWorker (SegmentedRaftLogWorker.java:close(228)) - 0721d391-9877-4bc5-9778-84bb7e49252a@group-6ED7C0A64790-SegmentedRaftLogWorker close()
2019-09-10 19:00:30,494 [grpc-default-executor-2] INFO  interfaces.Container (KeyValueContainer.java:flushAndSyncDB(386)) - Container 2 is synced with bcsId 6.
2019-09-10 19:00:30,494 [grpc-default-executor-2] INFO  interfaces.Container (KeyValueContainer.java:flushAndSyncDB(386)) - Container 2 is synced with bcsId 6.
2019-09-10 19:00:30,520 [EventQueue-IncrementalContainerReportForIncrementalContainerReportHandler] INFO  container.IncrementalContainerReportHandler (AbstractContainerReportHandler.java:updateContainerState(169)) - Moving container #2 to QUASI_CLOSED state, datanode 0721d391-9877-4bc5-9778-84bb7e49252a{ip: 192.168.36.113, host: pr-hdds-1982-decom-states-gjzbw-1854142291, networkLocation: /default-rack, certSerialId: null} reported QUASI_CLOSED replica.
2019-09-10 19:00:30,637 [grpc-default-executor-2] INFO  interfaces.Container (KeyValueContainer.java:flushAndSyncDB(386)) - Container 3 is synced with bcsId 0.
2019-09-10 19:00:30,637 [grpc-default-executor-2] INFO  interfaces.Container (KeyValueContainer.java:flushAndSyncDB(386)) - Container 3 is synced with bcsId 0.
2019-09-10 19:00:30,672 [EventQueue-IncrementalContainerReportForIncrementalContainerReportHandler] INFO  container.IncrementalContainerReportHandler (AbstractContainerReportHandler.java:updateContainerState(169)) - Moving container #3 to QUASI_CLOSED state, datanode 0721d391-9877-4bc5-9778-84bb7e49252a{ip: 192.168.36.113, host: pr-hdds-1982-decom-states-gjzbw-1854142291, networkLocation: /default-rack, certSerialId: null} reported QUASI_CLOSED replica.
2019-09-10 19:00:30,682 [grpc-default-executor-2] INFO  impl.RaftServerProxy (RaftServerProxy.java:remove(95)) - 8e2eaa3a-398a-46ef-9472-b716e4b01ba0: remove  FOLLOWER 8e2eaa3a-398a-46ef-9472-b716e4b01ba0@group-6ED7C0A64790:t1, leader=0b57ef76-c121-46fb-9637-94024daca647, voted=0b57ef76-c121-46fb-9637-94024daca647, raftlog=8e2eaa3a-398a-46ef-9472-b716e4b01ba0@group-6ED7C0A64790-SegmentedRaftLog:OPENED:c10,f10,i14, conf=0: [0b57ef76-c121-46fb-9637-94024daca647:192.168.36.113:44606, 0721d391-9877-4bc5-9778-84bb7e49252a:192.168.36.113:44025, 8e2eaa3a-398a-46ef-9472-b716e4b01ba0:192.168.36.113:42203], old=null RUNNING
2019-09-10 19:00:30,682 [grpc-default-executor-2] INFO  impl.RaftServerImpl (RaftServerImpl.java:lambda$shutdown$3(251)) - 8e2eaa3a-398a-46ef-9472-b716e4b01ba0@group-6ED7C0A64790: shutdown
2019-09-10 19:00:30,683 [grpc-default-executor-2] INFO  util.JmxRegister (JmxRegister.java:unregister(73)) - Successfully un-registered JMX Bean with object name Ratis:service=RaftServer,group=group-6ED7C0A64790,id=8e2eaa3a-398a-46ef-9472-b716e4b01ba0
2019-09-10 19:00:30,683 [grpc-default-executor-2] INFO  impl.RoleInfo (RoleInfo.java:shutdownFollowerState(121)) - 8e2eaa3a-398a-46ef-9472-b716e4b01ba0: shutdown FollowerState
2019-09-10 19:00:30,683 [grpc-default-executor-2] INFO  impl.StateMachineUpdater (StateMachineUpdater.java:stopAndJoin(125)) - 8e2eaa3a-398a-46ef-9472-b716e4b01ba0@group-6ED7C0A64790-StateMachineUpdater: set stopIndex = 10
2019-09-10 19:00:30,683 [Thread-309] INFO  impl.FollowerState (FollowerState.java:run(115)) - 8e2eaa3a-398a-46ef-9472-b716e4b01ba0: FollowerState was interrupted: java.lang.InterruptedException: sleep interrupted
2019-09-10 19:00:30,683 [8e2eaa3a-398a-46ef-9472-b716e4b01ba0@group-6ED7C0A64790-StateMachineUpdater] INFO  ratis.ContainerStateMachine (ContainerStateMachine.java:takeSnapshot(289)) - group-6ED7C0A64790: Taking a snapshot at:(t:1, i:6) file /workdir/hadoop-ozone/integration-test/target/test-dir/MiniOzoneClusterImpl-72d52129-3591-4c41-bfb8-19f96584a10d/datanode-4/data/ratis/b6f271ac-cec0-435e-84e1-6ed7c0a64790/sm/snapshot.1_6
2019-09-10 19:00:30,713 [8e2eaa3a-398a-46ef-9472-b716e4b01ba0@group-6ED7C0A64790-StateMachineUpdater] INFO  ratis.ContainerStateMachine (ContainerStateMachine.java:takeSnapshot(300)) - group-6ED7C0A64790: Finished taking a snapshot at:(t:1, i:6) file:/workdir/hadoop-ozone/integration-test/target/test-dir/MiniOzoneClusterImpl-72d52129-3591-4c41-bfb8-19f96584a10d/datanode-4/data/ratis/b6f271ac-cec0-435e-84e1-6ed7c0a64790/sm/snapshot.1_6 time:30
2019-09-10 19:00:30,713 [8e2eaa3a-398a-46ef-9472-b716e4b01ba0@group-6ED7C0A64790-StateMachineUpdater] INFO  impl.StateMachineUpdater (StateMachineUpdater.java:takeSnapshot(258)) - 8e2eaa3a-398a-46ef-9472-b716e4b01ba0@group-6ED7C0A64790-StateMachineUpdater: Took a snapshot at index 6
2019-09-10 19:00:30,713 [8e2eaa3a-398a-46ef-9472-b716e4b01ba0@group-6ED7C0A64790-StateMachineUpdater] INFO  impl.StateMachineUpdater (StateMachineUpdater.java:lambda$new$0(83)) - 8e2eaa3a-398a-46ef-9472-b716e4b01ba0@group-6ED7C0A64790-StateMachineUpdater: snapshotIndex: updateIncreasingly -1 -> 6
2019-09-10 19:00:30,714 [8e2eaa3a-398a-46ef-9472-b716e4b01ba0@group-6ED7C0A64790-StateMachineUpdater] INFO  ratis.ContainerStateMachine (ContainerStateMachine.java:takeSnapshot(289)) - group-6ED7C0A64790: Taking a snapshot at:(t:1, i:6) file /workdir/hadoop-ozone/integration-test/target/test-dir/MiniOzoneClusterImpl-72d52129-3591-4c41-bfb8-19f96584a10d/datanode-4/data/ratis/b6f271ac-cec0-435e-84e1-6ed7c0a64790/sm/snapshot.1_6
2019-09-10 19:00:30,746 [8e2eaa3a-398a-46ef-9472-b716e4b01ba0@group-6ED7C0A64790-StateMachineUpdater] INFO  ratis.ContainerStateMachine (ContainerStateMachine.java:takeSnapshot(300)) - group-6ED7C0A64790: Finished taking a snapshot at:(t:1, i:6) file:/workdir/hadoop-ozone/integration-test/target/test-dir/MiniOzoneClusterImpl-72d52129-3591-4c41-bfb8-19f96584a10d/datanode-4/data/ratis/b6f271ac-cec0-435e-84e1-6ed7c0a64790/sm/snapshot.1_6 time:32
2019-09-10 19:00:30,746 [8e2eaa3a-398a-46ef-9472-b716e4b01ba0@group-6ED7C0A64790-StateMachineUpdater] INFO  impl.StateMachineUpdater (StateMachineUpdater.java:takeSnapshot(258)) - 8e2eaa3a-398a-46ef-9472-b716e4b01ba0@group-6ED7C0A64790-StateMachineUpdater: Took a snapshot at index 6
2019-09-10 19:00:30,746 [8e2eaa3a-398a-46ef-9472-b716e4b01ba0@group-6ED7C0A64790-StateMachineUpdater] INFO  impl.StateMachineUpdater (StateMachineUpdater.java:lambda$new$0(83)) - 8e2eaa3a-398a-46ef-9472-b716e4b01ba0@group-6ED7C0A64790-StateMachineUpdater: snapshotIndex: updateIncreasingly 6 -> 6
2019-09-10 19:00:30,747 [grpc-default-executor-2] INFO  impl.RaftServerImpl (ServerState.java:close(385)) - 8e2eaa3a-398a-46ef-9472-b716e4b01ba0@group-6ED7C0A64790: closes. applyIndex: 10
2019-09-10 19:00:30,748 [8e2eaa3a-398a-46ef-9472-b716e4b01ba0@group-6ED7C0A64790-SegmentedRaftLogWorker] ERROR ratis.XceiverServerRatis (XceiverServerRatis.java:triggerPipelineClose(568)) - pipeline Action CLOSE  on pipeline PipelineID=b6f271ac-cec0-435e-84e1-6ed7c0a64790.Reason : WriteLog:12: (t:1, i:12), STATEMACHINELOGENTRY, client-F749F73F973A, cid=22-writeStateMachineData interrupted.
2019-09-10 19:00:30,758 [EventQueue-PipelineActionsForPipelineActionHandler] ERROR pipeline.PipelineActionHandler (PipelineActionHandler.java:onMessage(60)) - Received pipeline action CLOSE for Pipeline[ Id: b6f271ac-cec0-435e-84e1-6ed7c0a64790, Nodes: 0721d391-9877-4bc5-9778-84bb7e49252a{ip: 192.168.36.113, host: pr-hdds-1982-decom-states-gjzbw-1854142291, networkLocation: /default-rack, certSerialId: null}8e2eaa3a-398a-46ef-9472-b716e4b01ba0{ip: 192.168.36.113, host: pr-hdds-1982-decom-states-gjzbw-1854142291, networkLocation: /default-rack, certSerialId: null}0b57ef76-c121-46fb-9637-94024daca647{ip: 192.168.36.113, host: pr-hdds-1982-decom-states-gjzbw-1854142291, networkLocation: /default-rack, certSerialId: null}, Type:RATIS, Factor:THREE, State:CLOSED] from datanode 8e2eaa3a-398a-46ef-9472-b716e4b01ba0{ip: 192.168.36.113, host: pr-hdds-1982-decom-states-gjzbw-1854142291, networkLocation: /default-rack, certSerialId: null}. Reason : WriteLog:12: (t:1, i:12), STATEMACHINELOGENTRY, client-F749F73F973A, cid=22-writeStateMachineData interrupted.
2019-09-10 19:00:30,758 [EventQueue-PipelineActionsForPipelineActionHandler] INFO  pipeline.SCMPipelineManager (SCMPipelineManager.java:finalizeAndDestroyPipeline(311)) - destroying pipeline:Pipeline[ Id: b6f271ac-cec0-435e-84e1-6ed7c0a64790, Nodes: 0721d391-9877-4bc5-9778-84bb7e49252a{ip: 192.168.36.113, host: pr-hdds-1982-decom-states-gjzbw-1854142291, networkLocation: /default-rack, certSerialId: null}8e2eaa3a-398a-46ef-9472-b716e4b01ba0{ip: 192.168.36.113, host: pr-hdds-1982-decom-states-gjzbw-1854142291, networkLocation: /default-rack, certSerialId: null}0b57ef76-c121-46fb-9637-94024daca647{ip: 192.168.36.113, host: pr-hdds-1982-decom-states-gjzbw-1854142291, networkLocation: /default-rack, certSerialId: null}, Type:RATIS, Factor:THREE, State:CLOSED]
2019-09-10 19:00:30,763 [grpc-default-executor-2] INFO  segmented.SegmentedRaftLogWorker (SegmentedRaftLogWorker.java:close(228)) - 8e2eaa3a-398a-46ef-9472-b716e4b01ba0@group-6ED7C0A64790-SegmentedRaftLogWorker close()
2019-09-10 19:00:30,780 [grpc-default-executor-2] INFO  interfaces.Container (KeyValueContainer.java:flushAndSyncDB(386)) - Container 2 is synced with bcsId 6.
2019-09-10 19:00:30,780 [grpc-default-executor-2] INFO  interfaces.Container (KeyValueContainer.java:flushAndSyncDB(386)) - Container 2 is synced with bcsId 6.
2019-09-10 19:00:31,016 [grpc-default-executor-2] INFO  interfaces.Container (KeyValueContainer.java:flushAndSyncDB(386)) - Container 3 is synced with bcsId 0.
2019-09-10 19:00:31,016 [main] WARN  io.KeyOutputStream (KeyOutputStream.java:handleException(276)) - Encountered exception java.io.IOException: Unexpected Storage Container Exception: java.util.concurrent.CompletionException: java.util.concurrent.CompletionException: org.apache.ratis.protocol.GroupMismatchException: 0721d391-9877-4bc5-9778-84bb7e49252a: group-6ED7C0A64790 not found. on the pipeline Pipeline[ Id: b6f271ac-cec0-435e-84e1-6ed7c0a64790, Nodes: 0721d391-9877-4bc5-9778-84bb7e49252a{ip: 192.168.36.113, host: pr-hdds-1982-decom-states-gjzbw-1854142291, networkLocation: /default-rack, certSerialId: null}8e2eaa3a-398a-46ef-9472-b716e4b01ba0{ip: 192.168.36.113, host: pr-hdds-1982-decom-states-gjzbw-1854142291, networkLocation: /default-rack, certSerialId: null}0b57ef76-c121-46fb-9637-94024daca647{ip: 192.168.36.113, host: pr-hdds-1982-decom-states-gjzbw-1854142291, networkLocation: /default-rack, certSerialId: null}, Type:RATIS, Factor:THREE, State:OPEN]. The last committed block length is 0, uncommitted data length is 150 retry count 0
2019-09-10 19:00:31,017 [grpc-default-executor-2] INFO  interfaces.Container (KeyValueContainer.java:flushAndSyncDB(386)) - Container 3 is synced with bcsId 0.
2019-09-10 19:00:31,073 [grpc-default-executor-2] INFO  impl.RaftServerProxy (RaftServerProxy.java:remove(95)) - 0b57ef76-c121-46fb-9637-94024daca647: remove    LEADER 0b57ef76-c121-46fb-9637-94024daca647@group-6ED7C0A64790:t1, leader=0b57ef76-c121-46fb-9637-94024daca647, voted=0b57ef76-c121-46fb-9637-94024daca647, raftlog=0b57ef76-c121-46fb-9637-94024daca647@group-6ED7C0A64790-SegmentedRaftLog:OPENED:c10,f10,i14, conf=0: [0b57ef76-c121-46fb-9637-94024daca647:192.168.36.113:44606, 0721d391-9877-4bc5-9778-84bb7e49252a:192.168.36.113:44025, 8e2eaa3a-398a-46ef-9472-b716e4b01ba0:192.168.36.113:42203], old=null RUNNING
2019-09-10 19:00:31,074 [grpc-default-executor-2] INFO  impl.RaftServerImpl (RaftServerImpl.java:lambda$shutdown$3(251)) - 0b57ef76-c121-46fb-9637-94024daca647@group-6ED7C0A64790: shutdown
2019-09-10 19:00:31,074 [grpc-default-executor-2] INFO  util.JmxRegister (JmxRegister.java:unregister(73)) - Successfully un-registered JMX Bean with object name Ratis:service=RaftServer,group=group-6ED7C0A64790,id=0b57ef76-c121-46fb-9637-94024daca647
2019-09-10 19:00:31,074 [grpc-default-executor-2] INFO  impl.RoleInfo (RoleInfo.java:shutdownLeaderState(104)) - 0b57ef76-c121-46fb-9637-94024daca647: shutdown LeaderState
2019-09-10 19:00:31,078 [grpc-default-executor-2] INFO  impl.PendingRequests (PendingRequests.java:sendNotLeaderResponses(202)) - 0b57ef76-c121-46fb-9637-94024daca647-PendingRequests: sendNotLeaderResponses
2019-09-10 19:00:31,078 [org.apache.ratis.server.impl.LogAppender$AppenderDaemon$$Lambda$505/327848963@25078c83] WARN  server.GrpcLogAppender (GrpcLogAppender.java:mayWait(143)) - 0b57ef76-c121-46fb-9637-94024daca647@group-6ED7C0A64790->8e2eaa3a-398a-46ef-9472-b716e4b01ba0-GrpcLogAppender: Wait interrupted by java.lang.InterruptedException
2019-09-10 19:00:31,078 [org.apache.ratis.server.impl.LogAppender$AppenderDaemon$$Lambda$505/327848963@eaa4d3f] WARN  server.GrpcLogAppender (GrpcLogAppender.java:mayWait(143)) - 0b57ef76-c121-46fb-9637-94024daca647@group-6ED7C0A64790->0721d391-9877-4bc5-9778-84bb7e49252a-GrpcLogAppender: Wait interrupted by java.lang.InterruptedException
2019-09-10 19:00:31,080 [grpc-default-executor-1] INFO  server.GrpcServerProtocolService (GrpcServerProtocolService.java:onCompleted(113)) - 8e2eaa3a-398a-46ef-9472-b716e4b01ba0: Completed APPEND_ENTRIES, lastRequest: 0b57ef76-c121-46fb-9637-94024daca647->8e2eaa3a-398a-46ef-9472-b716e4b01ba0#90-t1, previous=(t:1, i:14), leaderCommit=10, initializing? false, entries: <empty>
2019-09-10 19:00:31,080 [grpc-default-executor-0] INFO  server.GrpcServerProtocolService (GrpcServerProtocolService.java:onCompleted(113)) - 0721d391-9877-4bc5-9778-84bb7e49252a: Completed APPEND_ENTRIES, lastRequest: 0b57ef76-c121-46fb-9637-94024daca647->0721d391-9877-4bc5-9778-84bb7e49252a#90-t1, previous=(t:1, i:14), leaderCommit=10, initializing? false, entries: <empty>
2019-09-10 19:00:31,085 [grpc-default-executor-2] INFO  impl.StateMachineUpdater (StateMachineUpdater.java:stopAndJoin(125)) - 0b57ef76-c121-46fb-9637-94024daca647@group-6ED7C0A64790-StateMachineUpdater: set stopIndex = 10
2019-09-10 19:00:31,085 [0b57ef76-c121-46fb-9637-94024daca647@group-6ED7C0A64790-StateMachineUpdater] INFO  ratis.ContainerStateMachine (ContainerStateMachine.java:takeSnapshot(289)) - group-6ED7C0A64790: Taking a snapshot at:(t:1, i:10) file /workdir/hadoop-ozone/integration-test/target/test-dir/MiniOzoneClusterImpl-72d52129-3591-4c41-bfb8-19f96584a10d/datanode-6/data/ratis/b6f271ac-cec0-435e-84e1-6ed7c0a64790/sm/snapshot.1_10
2019-09-10 19:00:31,085 [grpc-default-executor-0] INFO  server.GrpcLogAppender (GrpcLogAppender.java:onCompleted(293)) - 0b57ef76-c121-46fb-9637-94024daca647@group-6ED7C0A64790->8e2eaa3a-398a-46ef-9472-b716e4b01ba0-AppendLogResponseHandler: follower responses appendEntries COMPLETED
2019-09-10 19:00:31,085 [grpc-default-executor-1] INFO  server.GrpcLogAppender (GrpcLogAppender.java:onCompleted(293)) - 0b57ef76-c121-46fb-9637-94024daca647@group-6ED7C0A64790->0721d391-9877-4bc5-9778-84bb7e49252a-AppendLogResponseHandler: follower responses appendEntries COMPLETED
2019-09-10 19:00:31,091 [grpc-default-executor-1] INFO  impl.FollowerInfo (FollowerInfo.java:lambda$new$0(51)) - 0b57ef76-c121-46fb-9637-94024daca647@group-6ED7C0A64790->0721d391-9877-4bc5-9778-84bb7e49252a: nextIndex: updateUnconditionally 15 -> 11
2019-09-10 19:00:31,091 [grpc-default-executor-0] INFO  impl.FollowerInfo (FollowerInfo.java:lambda$new$0(51)) - 0b57ef76-c121-46fb-9637-94024daca647@group-6ED7C0A64790->8e2eaa3a-398a-46ef-9472-b716e4b01ba0: nextIndex: updateUnconditionally 15 -> 11
2019-09-10 19:00:31,100 [grpc-default-executor-0] INFO  client.GrpcClientProtocolClient (GrpcClientProtocolClient.java:onNext(264)) - client-4EEF7FFC2E17->c01dc21c-c6d3-4daa-9385-9c828aa890a1: receive RaftClientReply:client-4EEF7FFC2E17->c01dc21c-c6d3-4daa-9385-9c828aa890a1@group-996C1A0A52D8, cid=27, FAILED org.apache.ratis.protocol.NotLeaderException: Server c01dc21c-c6d3-4daa-9385-9c828aa890a1@group-996C1A0A52D8 is not the leader d394239f-4003-4980-a11f-9e9a96bc4c4f:192.168.36.113:33987, logIndex=0, commits[c01dc21c-c6d3-4daa-9385-9c828aa890a1:c6, d394239f-4003-4980-a11f-9e9a96bc4c4f:c6, 08300216-d630-4cd9-aee9-766608000298:c6]
2019-09-10 19:00:31,159 [0b57ef76-c121-46fb-9637-94024daca647@group-6ED7C0A64790-StateMachineUpdater] INFO  ratis.ContainerStateMachine (ContainerStateMachine.java:takeSnapshot(300)) - group-6ED7C0A64790: Finished taking a snapshot at:(t:1, i:10) file:/workdir/hadoop-ozone/integration-test/target/test-dir/MiniOzoneClusterImpl-72d52129-3591-4c41-bfb8-19f96584a10d/datanode-6/data/ratis/b6f271ac-cec0-435e-84e1-6ed7c0a64790/sm/snapshot.1_10 time:75
2019-09-10 19:00:31,160 [0b57ef76-c121-46fb-9637-94024daca647@group-6ED7C0A64790-StateMachineUpdater] INFO  impl.StateMachineUpdater (StateMachineUpdater.java:takeSnapshot(258)) - 0b57ef76-c121-46fb-9637-94024daca647@group-6ED7C0A64790-StateMachineUpdater: Took a snapshot at index 10
2019-09-10 19:00:31,160 [0b57ef76-c121-46fb-9637-94024daca647@group-6ED7C0A64790-StateMachineUpdater] INFO  impl.StateMachineUpdater (StateMachineUpdater.java:lambda$new$0(83)) - 0b57ef76-c121-46fb-9637-94024daca647@group-6ED7C0A64790-StateMachineUpdater: snapshotIndex: updateIncreasingly -1 -> 10
2019-09-10 19:00:31,160 [grpc-default-executor-2] INFO  impl.RaftServerImpl (ServerState.java:close(385)) - 0b57ef76-c121-46fb-9637-94024daca647@group-6ED7C0A64790: closes. applyIndex: 10
2019-09-10 19:00:31,160 [Command processor thread] ERROR commandhandler.CloseContainerCommandHandler (CloseContainerCommandHandler.java:handle(125)) - Can't close container #3
java.io.IOException: org.apache.ratis.protocol.GroupMismatchException: 0b57ef76-c121-46fb-9637-94024daca647: group-6ED7C0A64790 not found.
	at org.apache.hadoop.ozone.container.common.transport.server.ratis.XceiverServerRatis.submitRequest(XceiverServerRatis.java:495)
	at org.apache.hadoop.ozone.container.common.statemachine.commandhandler.CloseContainerCommandHandler.handle(CloseContainerCommandHandler.java:102)
	at org.apache.hadoop.ozone.container.common.statemachine.commandhandler.CommandDispatcher.handle(CommandDispatcher.java:99)
	at org.apache.hadoop.ozone.container.common.statemachine.DatanodeStateMachine.lambda$initCommandHandlerThread$1(DatanodeStateMachine.java:432)
	at java.lang.Thread.run(Thread.java:748)
Caused by: java.util.concurrent.ExecutionException: org.apache.ratis.protocol.GroupMismatchException: 0b57ef76-c121-46fb-9637-94024daca647: group-6ED7C0A64790 not found.
	at java.util.concurrent.CompletableFuture.reportGet(CompletableFuture.java:357)
	at java.util.concurrent.CompletableFuture.get(CompletableFuture.java:1895)
	at org.apache.hadoop.ozone.container.common.transport.server.ratis.XceiverServerRatis.submitRequest(XceiverServerRatis.java:493)
	... 4 more
Caused by: org.apache.ratis.protocol.GroupMismatchException: 0b57ef76-c121-46fb-9637-94024daca647: group-6ED7C0A64790 not found.
	at org.apache.ratis.server.impl.RaftServerProxy$ImplMap.get(RaftServerProxy.java:122)
	at org.apache.ratis.server.impl.RaftServerProxy.getImplFuture(RaftServerProxy.java:269)
	at org.apache.ratis.server.impl.RaftServerProxy.submitRequest(RaftServerProxy.java:327)
	at org.apache.ratis.server.impl.RaftServerProxy.submitClientRequestAsync(RaftServerProxy.java:333)
	... 5 more
2019-09-10 19:00:31,161 [0b57ef76-c121-46fb-9637-94024daca647@group-6ED7C0A64790-SegmentedRaftLogWorker] ERROR ratis.XceiverServerRatis (XceiverServerRatis.java:triggerPipelineClose(568)) - pipeline Action CLOSE  on pipeline PipelineID=b6f271ac-cec0-435e-84e1-6ed7c0a64790.Reason : WriteLog:11: (t:1, i:11), STATEMACHINELOGENTRY, client-F749F73F973A, cid=21-writeStateMachineData interrupted.
2019-09-10 19:00:31,163 [grpc-default-executor-2] INFO  segmented.SegmentedRaftLogWorker (SegmentedRaftLogWorker.java:close(228)) - 0b57ef76-c121-46fb-9637-94024daca647@group-6ED7C0A64790-SegmentedRaftLogWorker close()
2019-09-10 19:00:31,163 [EventQueue-PipelineActionsForPipelineActionHandler] ERROR pipeline.PipelineActionHandler (PipelineActionHandler.java:onMessage(60)) - Received pipeline action CLOSE for Pipeline[ Id: b6f271ac-cec0-435e-84e1-6ed7c0a64790, Nodes: 0721d391-9877-4bc5-9778-84bb7e49252a{ip: 192.168.36.113, host: pr-hdds-1982-decom-states-gjzbw-1854142291, networkLocation: /default-rack, certSerialId: null}8e2eaa3a-398a-46ef-9472-b716e4b01ba0{ip: 192.168.36.113, host: pr-hdds-1982-decom-states-gjzbw-1854142291, networkLocation: /default-rack, certSerialId: null}0b57ef76-c121-46fb-9637-94024daca647{ip: 192.168.36.113, host: pr-hdds-1982-decom-states-gjzbw-1854142291, networkLocation: /default-rack, certSerialId: null}, Type:RATIS, Factor:THREE, State:CLOSED] from datanode 0b57ef76-c121-46fb-9637-94024daca647{ip: 192.168.36.113, host: pr-hdds-1982-decom-states-gjzbw-1854142291, networkLocation: /default-rack, certSerialId: null}. Reason : WriteLog:11: (t:1, i:11), STATEMACHINELOGENTRY, client-F749F73F973A, cid=21-writeStateMachineData interrupted.
2019-09-10 19:00:31,166 [EventQueue-PipelineActionsForPipelineActionHandler] INFO  pipeline.SCMPipelineManager (SCMPipelineManager.java:finalizeAndDestroyPipeline(311)) - destroying pipeline:Pipeline[ Id: b6f271ac-cec0-435e-84e1-6ed7c0a64790, Nodes: 0721d391-9877-4bc5-9778-84bb7e49252a{ip: 192.168.36.113, host: pr-hdds-1982-decom-states-gjzbw-1854142291, networkLocation: /default-rack, certSerialId: null}8e2eaa3a-398a-46ef-9472-b716e4b01ba0{ip: 192.168.36.113, host: pr-hdds-1982-decom-states-gjzbw-1854142291, networkLocation: /default-rack, certSerialId: null}0b57ef76-c121-46fb-9637-94024daca647{ip: 192.168.36.113, host: pr-hdds-1982-decom-states-gjzbw-1854142291, networkLocation: /default-rack, certSerialId: null}, Type:RATIS, Factor:THREE, State:CLOSED]
2019-09-10 19:00:31,177 [grpc-default-executor-2] INFO  interfaces.Container (KeyValueContainer.java:flushAndSyncDB(386)) - Container 2 is synced with bcsId 6.
2019-09-10 19:00:31,178 [grpc-default-executor-2] INFO  interfaces.Container (KeyValueContainer.java:flushAndSyncDB(386)) - Container 2 is synced with bcsId 6.
2019-09-10 19:00:31,381 [grpc-default-executor-2] INFO  interfaces.Container (KeyValueContainer.java:flushAndSyncDB(386)) - Container 3 is synced with bcsId 0.
2019-09-10 19:00:31,381 [grpc-default-executor-2] INFO  interfaces.Container (KeyValueContainer.java:flushAndSyncDB(386)) - Container 3 is synced with bcsId 0.
2019-09-10 19:00:31,411 [grpc-default-executor-1] INFO  client.GrpcClientProtocolClient (GrpcClientProtocolClient.java:onNext(264)) - client-4EEF7FFC2E17->d394239f-4003-4980-a11f-9e9a96bc4c4f: receive RaftClientReply:client-4EEF7FFC2E17->d394239f-4003-4980-a11f-9e9a96bc4c4f@group-996C1A0A52D8, cid=27, SUCCESS, logIndex=7, commits[d394239f-4003-4980-a11f-9e9a96bc4c4f:c7, 08300216-d630-4cd9-aee9-766608000298:c6, c01dc21c-c6d3-4daa-9385-9c828aa890a1:c6]
2019-09-10 19:00:31,419 [RatisPipelineUtilsThread] INFO  pipeline.PipelineStateManager (PipelineStateManager.java:removePipeline(108)) - Pipeline Pipeline[ Id: b6f271ac-cec0-435e-84e1-6ed7c0a64790, Nodes: 0721d391-9877-4bc5-9778-84bb7e49252a{ip: 192.168.36.113, host: pr-hdds-1982-decom-states-gjzbw-1854142291, networkLocation: /default-rack, certSerialId: null}8e2eaa3a-398a-46ef-9472-b716e4b01ba0{ip: 192.168.36.113, host: pr-hdds-1982-decom-states-gjzbw-1854142291, networkLocation: /default-rack, certSerialId: null}0b57ef76-c121-46fb-9637-94024daca647{ip: 192.168.36.113, host: pr-hdds-1982-decom-states-gjzbw-1854142291, networkLocation: /default-rack, certSerialId: null}, Type:RATIS, Factor:THREE, State:CLOSED] removed from db
2019-09-10 19:00:31,429 [grpc-default-executor-4] INFO  client.GrpcClientProtocolClient (GrpcClientProtocolClient.java:onNext(264)) - client-4EEF7FFC2E17->d394239f-4003-4980-a11f-9e9a96bc4c4f: receive RaftClientReply:client-4EEF7FFC2E17->d394239f-4003-4980-a11f-9e9a96bc4c4f@group-996C1A0A52D8, cid=28, SUCCESS, logIndex=9, commits[d394239f-4003-4980-a11f-9e9a96bc4c4f:c9, 08300216-d630-4cd9-aee9-766608000298:c7, c01dc21c-c6d3-4daa-9385-9c828aa890a1:c7]
2019-09-10 19:00:31,432 [grpc-default-executor-2] INFO  impl.RaftServerProxy (RaftServerProxy.java:addNew(89)) - 8e2eaa3a-398a-46ef-9472-b716e4b01ba0: addNew group-F957B9D63A79:[0b57ef76-c121-46fb-9637-94024daca647:192.168.36.113:44606, 0721d391-9877-4bc5-9778-84bb7e49252a:192.168.36.113:44025, 8e2eaa3a-398a-46ef-9472-b716e4b01ba0:192.168.36.113:42203] returns group-F957B9D63A79:java.util.concurrent.CompletableFuture@f4d9a2e[Not completed]
2019-09-10 19:00:31,434 [grpc-default-executor-2] INFO  impl.RaftServerProxy (RaftServerProxy.java:addNew(89)) - 0b57ef76-c121-46fb-9637-94024daca647: addNew group-F957B9D63A79:[0b57ef76-c121-46fb-9637-94024daca647:192.168.36.113:44606, 0721d391-9877-4bc5-9778-84bb7e49252a:192.168.36.113:44025, 8e2eaa3a-398a-46ef-9472-b716e4b01ba0:192.168.36.113:42203] returns group-F957B9D63A79:java.util.concurrent.CompletableFuture@7225a36f[Not completed]
2019-09-10 19:00:31,434 [grpc-default-executor-4] INFO  impl.RaftServerProxy (RaftServerProxy.java:addNew(89)) - 0721d391-9877-4bc5-9778-84bb7e49252a: addNew group-F957B9D63A79:[0b57ef76-c121-46fb-9637-94024daca647:192.168.36.113:44606, 0721d391-9877-4bc5-9778-84bb7e49252a:192.168.36.113:44025, 8e2eaa3a-398a-46ef-9472-b716e4b01ba0:192.168.36.113:42203] returns group-F957B9D63A79:java.util.concurrent.CompletableFuture@3e73905[Not completed]
2019-09-10 19:00:31,439 [pool-87-thread-1] INFO  impl.RaftServerImpl (RaftServerImpl.java:<init>(95)) - 0b57ef76-c121-46fb-9637-94024daca647: new RaftServerImpl for group-F957B9D63A79:[0b57ef76-c121-46fb-9637-94024daca647:192.168.36.113:44606, 0721d391-9877-4bc5-9778-84bb7e49252a:192.168.36.113:44025, 8e2eaa3a-398a-46ef-9472-b716e4b01ba0:192.168.36.113:42203] with ContainerStateMachine:uninitialized
2019-09-10 19:00:31,439 [pool-87-thread-1] INFO  server.RaftServerConfigKeys (ConfUtils.java:logGet(43)) - raft.server.rpc.timeout.min = 5s (custom)
2019-09-10 19:00:31,439 [pool-87-thread-1] INFO  server.RaftServerConfigKeys (ConfUtils.java:logGet(43)) - raft.server.rpc.timeout.max = 5200ms (custom)
2019-09-10 19:00:31,439 [pool-87-thread-1] INFO  server.RaftServerConfigKeys (ConfUtils.java:logGet(43)) - raft.server.rpcslowness.timeout = 120s (custom)
2019-09-10 19:00:31,439 [pool-87-thread-1] INFO  server.RaftServerConfigKeys (ConfUtils.java:logGet(43)) - raft.server.sleep.deviation.threshold = 300 (default)
2019-09-10 19:00:31,440 [pool-87-thread-1] INFO  server.RaftServerConfigKeys (ConfUtils.java:logGet(43)) - raft.server.log.appender.install.snapshot.enabled = false (custom)
2019-09-10 19:00:31,440 [pool-37-thread-1] INFO  impl.RaftServerImpl (RaftServerImpl.java:<init>(95)) - 0721d391-9877-4bc5-9778-84bb7e49252a: new RaftServerImpl for group-F957B9D63A79:[0b57ef76-c121-46fb-9637-94024daca647:192.168.36.113:44606, 0721d391-9877-4bc5-9778-84bb7e49252a:192.168.36.113:44025, 8e2eaa3a-398a-46ef-9472-b716e4b01ba0:192.168.36.113:42203] with ContainerStateMachine:uninitialized
2019-09-10 19:00:31,440 [pool-87-thread-1] INFO  impl.RaftServerImpl (ServerState.java:<init>(103)) - 0b57ef76-c121-46fb-9637-94024daca647@group-F957B9D63A79: ConfigurationManager, init=-1: [0b57ef76-c121-46fb-9637-94024daca647:192.168.36.113:44606, 0721d391-9877-4bc5-9778-84bb7e49252a:192.168.36.113:44025, 8e2eaa3a-398a-46ef-9472-b716e4b01ba0:192.168.36.113:42203], old=null, confs=<EMPTY_MAP>
2019-09-10 19:00:31,440 [pool-37-thread-1] INFO  server.RaftServerConfigKeys (ConfUtils.java:logGet(43)) - raft.server.rpc.timeout.min = 5s (custom)
2019-09-10 19:00:31,440 [pool-37-thread-1] INFO  server.RaftServerConfigKeys (ConfUtils.java:logGet(43)) - raft.server.rpc.timeout.max = 5200ms (custom)
2019-09-10 19:00:31,440 [pool-87-thread-1] INFO  server.RaftServerConfigKeys (ConfUtils.java:logGet(43)) - raft.server.storage.dir = [/workdir/hadoop-ozone/integration-test/target/test-dir/MiniOzoneClusterImpl-72d52129-3591-4c41-bfb8-19f96584a10d/datanode-6/data/ratis] (custom)
2019-09-10 19:00:31,440 [pool-37-thread-1] INFO  server.RaftServerConfigKeys (ConfUtils.java:logGet(43)) - raft.server.rpcslowness.timeout = 120s (custom)
2019-09-10 19:00:31,440 [pool-37-thread-1] INFO  server.RaftServerConfigKeys (ConfUtils.java:logGet(43)) - raft.server.sleep.deviation.threshold = 300 (default)
2019-09-10 19:00:31,440 [pool-37-thread-1] INFO  server.RaftServerConfigKeys (ConfUtils.java:logGet(43)) - raft.server.log.appender.install.snapshot.enabled = false (custom)
2019-09-10 19:00:31,440 [pool-87-thread-1] INFO  storage.RaftStorageDirectory (RaftStorageDirectory.java:analyzeStorage(246)) - The storage directory /workdir/hadoop-ozone/integration-test/target/test-dir/MiniOzoneClusterImpl-72d52129-3591-4c41-bfb8-19f96584a10d/datanode-6/data/ratis/f1dc604d-5181-49c0-b613-f957b9d63a79 does not exist. Creating ...
2019-09-10 19:00:31,440 [pool-37-thread-1] INFO  impl.RaftServerImpl (ServerState.java:<init>(103)) - 0721d391-9877-4bc5-9778-84bb7e49252a@group-F957B9D63A79: ConfigurationManager, init=-1: [0b57ef76-c121-46fb-9637-94024daca647:192.168.36.113:44606, 0721d391-9877-4bc5-9778-84bb7e49252a:192.168.36.113:44025, 8e2eaa3a-398a-46ef-9472-b716e4b01ba0:192.168.36.113:42203], old=null, confs=<EMPTY_MAP>
2019-09-10 19:00:31,441 [pool-67-thread-1] INFO  impl.RaftServerImpl (RaftServerImpl.java:<init>(95)) - 8e2eaa3a-398a-46ef-9472-b716e4b01ba0: new RaftServerImpl for group-F957B9D63A79:[0b57ef76-c121-46fb-9637-94024daca647:192.168.36.113:44606, 0721d391-9877-4bc5-9778-84bb7e49252a:192.168.36.113:44025, 8e2eaa3a-398a-46ef-9472-b716e4b01ba0:192.168.36.113:42203] with ContainerStateMachine:uninitialized
2019-09-10 19:00:31,441 [pool-37-thread-1] INFO  server.RaftServerConfigKeys (ConfUtils.java:logGet(43)) - raft.server.storage.dir = [/workdir/hadoop-ozone/integration-test/target/test-dir/MiniOzoneClusterImpl-72d52129-3591-4c41-bfb8-19f96584a10d/datanode-1/data/ratis] (custom)
2019-09-10 19:00:31,441 [pool-67-thread-1] INFO  server.RaftServerConfigKeys (ConfUtils.java:logGet(43)) - raft.server.rpc.timeout.min = 5s (custom)
2019-09-10 19:00:31,441 [pool-67-thread-1] INFO  server.RaftServerConfigKeys (ConfUtils.java:logGet(43)) - raft.server.rpc.timeout.max = 5200ms (custom)
2019-09-10 19:00:31,441 [pool-37-thread-1] INFO  storage.RaftStorageDirectory (RaftStorageDirectory.java:analyzeStorage(246)) - The storage directory /workdir/hadoop-ozone/integration-test/target/test-dir/MiniOzoneClusterImpl-72d52129-3591-4c41-bfb8-19f96584a10d/datanode-1/data/ratis/f1dc604d-5181-49c0-b613-f957b9d63a79 does not exist. Creating ...
2019-09-10 19:00:31,441 [pool-67-thread-1] INFO  server.RaftServerConfigKeys (ConfUtils.java:logGet(43)) - raft.server.rpcslowness.timeout = 120s (custom)
2019-09-10 19:00:31,441 [pool-67-thread-1] INFO  server.RaftServerConfigKeys (ConfUtils.java:logGet(43)) - raft.server.sleep.deviation.threshold = 300 (default)
2019-09-10 19:00:31,441 [pool-67-thread-1] INFO  server.RaftServerConfigKeys (ConfUtils.java:logGet(43)) - raft.server.log.appender.install.snapshot.enabled = false (custom)
2019-09-10 19:00:31,442 [pool-67-thread-1] INFO  impl.RaftServerImpl (ServerState.java:<init>(103)) - 8e2eaa3a-398a-46ef-9472-b716e4b01ba0@group-F957B9D63A79: ConfigurationManager, init=-1: [0b57ef76-c121-46fb-9637-94024daca647:192.168.36.113:44606, 0721d391-9877-4bc5-9778-84bb7e49252a:192.168.36.113:44025, 8e2eaa3a-398a-46ef-9472-b716e4b01ba0:192.168.36.113:42203], old=null, confs=<EMPTY_MAP>
2019-09-10 19:00:31,442 [pool-67-thread-1] INFO  server.RaftServerConfigKeys (ConfUtils.java:logGet(43)) - raft.server.storage.dir = [/workdir/hadoop-ozone/integration-test/target/test-dir/MiniOzoneClusterImpl-72d52129-3591-4c41-bfb8-19f96584a10d/datanode-4/data/ratis] (custom)
2019-09-10 19:00:31,442 [pool-67-thread-1] INFO  storage.RaftStorageDirectory (RaftStorageDirectory.java:analyzeStorage(246)) - The storage directory /workdir/hadoop-ozone/integration-test/target/test-dir/MiniOzoneClusterImpl-72d52129-3591-4c41-bfb8-19f96584a10d/datanode-4/data/ratis/f1dc604d-5181-49c0-b613-f957b9d63a79 does not exist. Creating ...
2019-09-10 19:00:31,467 [pool-87-thread-1] INFO  storage.RaftStorageDirectory (RaftStorageDirectory.java:tryLock(328)) - Lock on /workdir/hadoop-ozone/integration-test/target/test-dir/MiniOzoneClusterImpl-72d52129-3591-4c41-bfb8-19f96584a10d/datanode-6/data/ratis/f1dc604d-5181-49c0-b613-f957b9d63a79/in_use.lock acquired by nodename 11084@pr-hdds-1982-decom-states-gjzbw-1854142291
2019-09-10 19:00:31,467 [pool-67-thread-1] INFO  storage.RaftStorageDirectory (RaftStorageDirectory.java:tryLock(328)) - Lock on /workdir/hadoop-ozone/integration-test/target/test-dir/MiniOzoneClusterImpl-72d52129-3591-4c41-bfb8-19f96584a10d/datanode-4/data/ratis/f1dc604d-5181-49c0-b613-f957b9d63a79/in_use.lock acquired by nodename 11084@pr-hdds-1982-decom-states-gjzbw-1854142291
2019-09-10 19:00:31,467 [pool-37-thread-1] INFO  storage.RaftStorageDirectory (RaftStorageDirectory.java:tryLock(328)) - Lock on /workdir/hadoop-ozone/integration-test/target/test-dir/MiniOzoneClusterImpl-72d52129-3591-4c41-bfb8-19f96584a10d/datanode-1/data/ratis/f1dc604d-5181-49c0-b613-f957b9d63a79/in_use.lock acquired by nodename 11084@pr-hdds-1982-decom-states-gjzbw-1854142291
2019-09-10 19:00:31,519 [pool-87-thread-1] INFO  storage.RaftStorage (RaftStorage.java:format(72)) - Storage directory /workdir/hadoop-ozone/integration-test/target/test-dir/MiniOzoneClusterImpl-72d52129-3591-4c41-bfb8-19f96584a10d/datanode-6/data/ratis/f1dc604d-5181-49c0-b613-f957b9d63a79 has been successfully formatted.
2019-09-10 19:00:31,519 [pool-67-thread-1] INFO  storage.RaftStorage (RaftStorage.java:format(72)) - Storage directory /workdir/hadoop-ozone/integration-test/target/test-dir/MiniOzoneClusterImpl-72d52129-3591-4c41-bfb8-19f96584a10d/datanode-4/data/ratis/f1dc604d-5181-49c0-b613-f957b9d63a79 has been successfully formatted.
2019-09-10 19:00:31,519 [pool-37-thread-1] INFO  storage.RaftStorage (RaftStorage.java:format(72)) - Storage directory /workdir/hadoop-ozone/integration-test/target/test-dir/MiniOzoneClusterImpl-72d52129-3591-4c41-bfb8-19f96584a10d/datanode-1/data/ratis/f1dc604d-5181-49c0-b613-f957b9d63a79 has been successfully formatted.
2019-09-10 19:00:31,519 [pool-87-thread-1] INFO  ratis.ContainerStateMachine (ContainerStateMachine.java:loadSnapshot(230)) - group-F957B9D63A79: The snapshot info is null. Setting the last applied indexto:(t:0, i:~)
2019-09-10 19:00:31,519 [pool-67-thread-1] INFO  ratis.ContainerStateMachine (ContainerStateMachine.java:loadSnapshot(230)) - group-F957B9D63A79: The snapshot info is null. Setting the last applied indexto:(t:0, i:~)
2019-09-10 19:00:31,519 [pool-87-thread-1] INFO  server.RaftServerConfigKeys (ConfUtils.java:logGet(43)) - raft.server.notification.no-leader.timeout = 120s (custom)
2019-09-10 19:00:31,519 [pool-37-thread-1] INFO  ratis.ContainerStateMachine (ContainerStateMachine.java:loadSnapshot(230)) - group-F957B9D63A79: The snapshot info is null. Setting the last applied indexto:(t:0, i:~)
2019-09-10 19:00:31,520 [pool-87-thread-1] INFO  server.RaftServerConfigKeys (ConfUtils.java:logGet(43)) - raft.server.log.use.memory = false (default)
2019-09-10 19:00:31,520 [pool-67-thread-1] INFO  server.RaftServerConfigKeys (ConfUtils.java:logGet(43)) - raft.server.notification.no-leader.timeout = 120s (custom)
2019-09-10 19:00:31,520 [pool-87-thread-1] INFO  server.RaftServerConfigKeys (ConfUtils.java:logGet(43)) - raft.server.log.purge.gap = 1000000 (custom)
2019-09-10 19:00:31,520 [pool-37-thread-1] INFO  server.RaftServerConfigKeys (ConfUtils.java:logGet(43)) - raft.server.notification.no-leader.timeout = 120s (custom)
2019-09-10 19:00:31,520 [pool-87-thread-1] INFO  server.RaftServerConfigKeys (ConfUtils.java:logGet(43)) - raft.server.log.appender.buffer.byte-limit = 33554432 (custom)
2019-09-10 19:00:31,520 [pool-67-thread-1] INFO  server.RaftServerConfigKeys (ConfUtils.java:logGet(43)) - raft.server.log.use.memory = false (default)
2019-09-10 19:00:31,521 [pool-87-thread-1] INFO  server.RaftServerConfigKeys (ConfUtils.java:logGet(43)) - raft.server.log.segment.size.max = 1048576 (custom)
2019-09-10 19:00:31,521 [pool-37-thread-1] INFO  server.RaftServerConfigKeys (ConfUtils.java:logGet(43)) - raft.server.log.use.memory = false (default)
2019-09-10 19:00:31,521 [pool-87-thread-1] INFO  server.RaftServerConfigKeys (ConfUtils.java:logGet(43)) - raft.server.log.segment.cache.num.max = 2 (custom)
2019-09-10 19:00:31,521 [pool-67-thread-1] INFO  server.RaftServerConfigKeys (ConfUtils.java:logGet(43)) - raft.server.log.purge.gap = 1000000 (custom)
2019-09-10 19:00:31,521 [pool-87-thread-1] INFO  segmented.SegmentedRaftLogWorker (SegmentedRaftLogWorker.java:<init>(172)) - new 0b57ef76-c121-46fb-9637-94024daca647@group-F957B9D63A79-SegmentedRaftLogWorker for RaftStorage:Storage Directory /workdir/hadoop-ozone/integration-test/target/test-dir/MiniOzoneClusterImpl-72d52129-3591-4c41-bfb8-19f96584a10d/datanode-6/data/ratis/f1dc604d-5181-49c0-b613-f957b9d63a79
2019-09-10 19:00:31,521 [pool-37-thread-1] INFO  server.RaftServerConfigKeys (ConfUtils.java:logGet(43)) - raft.server.log.purge.gap = 1000000 (custom)
2019-09-10 19:00:31,522 [pool-87-thread-1] INFO  server.RaftServerConfigKeys (ConfUtils.java:logGet(43)) - raft.server.log.queue.byte-limit = 2147483647 (custom)
2019-09-10 19:00:31,522 [pool-67-thread-1] INFO  server.RaftServerConfigKeys (ConfUtils.java:logGet(43)) - raft.server.log.appender.buffer.byte-limit = 33554432 (custom)
2019-09-10 19:00:31,522 [pool-87-thread-1] INFO  server.RaftServerConfigKeys (ConfUtils.java:logGet(43)) - raft.server.log.queue.element-limit = 1024 (custom)
2019-09-10 19:00:31,522 [pool-37-thread-1] INFO  server.RaftServerConfigKeys (ConfUtils.java:logGet(43)) - raft.server.log.appender.buffer.byte-limit = 33554432 (custom)
2019-09-10 19:00:31,522 [pool-87-thread-1] INFO  server.RaftServerConfigKeys (ConfUtils.java:logGet(43)) - raft.server.log.segment.size.max = 1048576 (custom)
2019-09-10 19:00:31,522 [pool-67-thread-1] INFO  server.RaftServerConfigKeys (ConfUtils.java:logGet(43)) - raft.server.log.segment.size.max = 1048576 (custom)
2019-09-10 19:00:31,523 [pool-87-thread-1] INFO  server.RaftServerConfigKeys (ConfUtils.java:logGet(43)) - raft.server.log.preallocated.size = 16384 (custom)
2019-09-10 19:00:31,523 [pool-37-thread-1] INFO  server.RaftServerConfigKeys (ConfUtils.java:logGet(43)) - raft.server.log.segment.size.max = 1048576 (custom)
2019-09-10 19:00:31,523 [pool-87-thread-1] INFO  server.RaftServerConfigKeys (ConfUtils.java:logGet(43)) - raft.server.log.write.buffer.size = 33554432 (custom)
2019-09-10 19:00:31,523 [pool-67-thread-1] INFO  server.RaftServerConfigKeys (ConfUtils.java:logGet(43)) - raft.server.log.segment.cache.num.max = 2 (custom)
2019-09-10 19:00:31,523 [pool-87-thread-1] INFO  server.RaftServerConfigKeys (ConfUtils.java:logGet(43)) - raft.server.log.force.sync.num = 128 (default)
2019-09-10 19:00:31,523 [pool-37-thread-1] INFO  server.RaftServerConfigKeys (ConfUtils.java:logGet(43)) - raft.server.log.segment.cache.num.max = 2 (custom)
2019-09-10 19:00:31,524 [pool-87-thread-1] INFO  server.RaftServerConfigKeys (ConfUtils.java:logGet(43)) - raft.server.log.statemachine.data.sync = true (default)
2019-09-10 19:00:31,524 [pool-67-thread-1] INFO  segmented.SegmentedRaftLogWorker (SegmentedRaftLogWorker.java:<init>(172)) - new 8e2eaa3a-398a-46ef-9472-b716e4b01ba0@group-F957B9D63A79-SegmentedRaftLogWorker for RaftStorage:Storage Directory /workdir/hadoop-ozone/integration-test/target/test-dir/MiniOzoneClusterImpl-72d52129-3591-4c41-bfb8-19f96584a10d/datanode-4/data/ratis/f1dc604d-5181-49c0-b613-f957b9d63a79
2019-09-10 19:00:31,524 [pool-87-thread-1] INFO  server.RaftServerConfigKeys (ConfUtils.java:logGet(43)) - raft.server.log.statemachine.data.sync.timeout = 10s (default)
2019-09-10 19:00:31,524 [pool-37-thread-1] INFO  segmented.SegmentedRaftLogWorker (SegmentedRaftLogWorker.java:<init>(172)) - new 0721d391-9877-4bc5-9778-84bb7e49252a@group-F957B9D63A79-SegmentedRaftLogWorker for RaftStorage:Storage Directory /workdir/hadoop-ozone/integration-test/target/test-dir/MiniOzoneClusterImpl-72d52129-3591-4c41-bfb8-19f96584a10d/datanode-1/data/ratis/f1dc604d-5181-49c0-b613-f957b9d63a79
2019-09-10 19:00:31,524 [pool-87-thread-1] INFO  server.RaftServerConfigKeys (ConfUtils.java:logGet(43)) - raft.server.log.statemachine.data.sync.timeout.retry = -1 (default)
2019-09-10 19:00:31,524 [pool-67-thread-1] INFO  server.RaftServerConfigKeys (ConfUtils.java:logGet(43)) - raft.server.log.queue.byte-limit = 2147483647 (custom)
2019-09-10 19:00:31,525 [pool-87-thread-1] INFO  server.RaftServerConfigKeys (ConfUtils.java:logGet(43)) - raft.server.log.statemachine.data.caching.enabled = true (custom)
2019-09-10 19:00:31,525 [pool-37-thread-1] INFO  server.RaftServerConfigKeys (ConfUtils.java:logGet(43)) - raft.server.log.queue.byte-limit = 2147483647 (custom)
2019-09-10 19:00:31,525 [pool-67-thread-1] INFO  server.RaftServerConfigKeys (ConfUtils.java:logGet(43)) - raft.server.log.queue.element-limit = 1024 (custom)
2019-09-10 19:00:31,525 [pool-87-thread-1] INFO  segmented.SegmentedRaftLogWorker (SegmentedRaftLogWorker.java:lambda$new$0(132)) - 0b57ef76-c121-46fb-9637-94024daca647@group-F957B9D63A79-SegmentedRaftLogWorker: flushIndex: setUnconditionally 0 -> -1
2019-09-10 19:00:31,525 [pool-37-thread-1] INFO  server.RaftServerConfigKeys (ConfUtils.java:logGet(43)) - raft.server.log.queue.element-limit = 1024 (custom)
2019-09-10 19:00:31,525 [pool-67-thread-1] INFO  server.RaftServerConfigKeys (ConfUtils.java:logGet(43)) - raft.server.log.segment.size.max = 1048576 (custom)
2019-09-10 19:00:31,526 [pool-87-thread-1] INFO  server.RaftServerConfigKeys (ConfUtils.java:logGet(43)) - raft.server.snapshot.auto.trigger.enabled = true (custom)
2019-09-10 19:00:31,526 [pool-37-thread-1] INFO  server.RaftServerConfigKeys (ConfUtils.java:logGet(43)) - raft.server.log.segment.size.max = 1048576 (custom)
2019-09-10 19:00:31,526 [pool-87-thread-1] INFO  server.RaftServerConfigKeys (ConfUtils.java:logGet(43)) - raft.server.snapshot.auto.trigger.threshold = 10000 (custom)
2019-09-10 19:00:31,526 [pool-67-thread-1] INFO  server.RaftServerConfigKeys (ConfUtils.java:logGet(43)) - raft.server.log.preallocated.size = 16384 (custom)
2019-09-10 19:00:31,526 [pool-87-thread-1] INFO  server.RaftServerConfigKeys (ConfUtils.java:logGet(43)) - raft.server.snapshot.retention.num.files = -1 (default)
2019-09-10 19:00:31,526 [pool-37-thread-1] INFO  server.RaftServerConfigKeys (ConfUtils.java:logGet(43)) - raft.server.log.preallocated.size = 16384 (custom)
2019-09-10 19:00:31,527 [pool-87-thread-1] INFO  server.RaftServerConfigKeys (ConfUtils.java:logGet(43)) - raft.server.retrycache.expirytime = 600000ms (custom)
2019-09-10 19:00:31,527 [pool-67-thread-1] INFO  server.RaftServerConfigKeys (ConfUtils.java:logGet(43)) - raft.server.log.write.buffer.size = 33554432 (custom)
2019-09-10 19:00:31,527 [pool-37-thread-1] INFO  server.RaftServerConfigKeys (ConfUtils.java:logGet(43)) - raft.server.log.write.buffer.size = 33554432 (custom)
2019-09-10 19:00:31,527 [pool-67-thread-1] INFO  server.RaftServerConfigKeys (ConfUtils.java:logGet(43)) - raft.server.log.force.sync.num = 128 (default)
2019-09-10 19:00:31,527 [pool-37-thread-1] INFO  server.RaftServerConfigKeys (ConfUtils.java:logGet(43)) - raft.server.log.force.sync.num = 128 (default)
2019-09-10 19:00:31,528 [pool-67-thread-1] INFO  server.RaftServerConfigKeys (ConfUtils.java:logGet(43)) - raft.server.log.statemachine.data.sync = true (default)
2019-09-10 19:00:31,528 [pool-37-thread-1] INFO  server.RaftServerConfigKeys (ConfUtils.java:logGet(43)) - raft.server.log.statemachine.data.sync = true (default)
2019-09-10 19:00:31,528 [pool-67-thread-1] INFO  server.RaftServerConfigKeys (ConfUtils.java:logGet(43)) - raft.server.log.statemachine.data.sync.timeout = 10s (default)
2019-09-10 19:00:31,528 [pool-37-thread-1] INFO  server.RaftServerConfigKeys (ConfUtils.java:logGet(43)) - raft.server.log.statemachine.data.sync.timeout = 10s (default)
2019-09-10 19:00:31,528 [pool-67-thread-1] INFO  server.RaftServerConfigKeys (ConfUtils.java:logGet(43)) - raft.server.log.statemachine.data.sync.timeout.retry = -1 (default)
2019-09-10 19:00:31,528 [pool-37-thread-1] INFO  server.RaftServerConfigKeys (ConfUtils.java:logGet(43)) - raft.server.log.statemachine.data.sync.timeout.retry = -1 (default)
2019-09-10 19:00:31,529 [pool-67-thread-1] INFO  server.RaftServerConfigKeys (ConfUtils.java:logGet(43)) - raft.server.log.statemachine.data.caching.enabled = true (custom)
2019-09-10 19:00:31,529 [pool-37-thread-1] INFO  server.RaftServerConfigKeys (ConfUtils.java:logGet(43)) - raft.server.log.statemachine.data.caching.enabled = true (custom)
2019-09-10 19:00:31,529 [pool-67-thread-1] INFO  segmented.SegmentedRaftLogWorker (SegmentedRaftLogWorker.java:lambda$new$0(132)) - 8e2eaa3a-398a-46ef-9472-b716e4b01ba0@group-F957B9D63A79-SegmentedRaftLogWorker: flushIndex: setUnconditionally 0 -> -1
2019-09-10 19:00:31,529 [pool-37-thread-1] INFO  segmented.SegmentedRaftLogWorker (SegmentedRaftLogWorker.java:lambda$new$0(132)) - 0721d391-9877-4bc5-9778-84bb7e49252a@group-F957B9D63A79-SegmentedRaftLogWorker: flushIndex: setUnconditionally 0 -> -1
2019-09-10 19:00:31,530 [pool-67-thread-1] INFO  server.RaftServerConfigKeys (ConfUtils.java:logGet(43)) - raft.server.snapshot.auto.trigger.enabled = true (custom)
2019-09-10 19:00:31,530 [pool-37-thread-1] INFO  server.RaftServerConfigKeys (ConfUtils.java:logGet(43)) - raft.server.snapshot.auto.trigger.enabled = true (custom)
2019-09-10 19:00:31,530 [pool-67-thread-1] INFO  server.RaftServerConfigKeys (ConfUtils.java:logGet(43)) - raft.server.snapshot.auto.trigger.threshold = 10000 (custom)
2019-09-10 19:00:31,530 [pool-37-thread-1] INFO  server.RaftServerConfigKeys (ConfUtils.java:logGet(43)) - raft.server.snapshot.auto.trigger.threshold = 10000 (custom)
2019-09-10 19:00:31,530 [pool-67-thread-1] INFO  server.RaftServerConfigKeys (ConfUtils.java:logGet(43)) - raft.server.snapshot.retention.num.files = -1 (default)
2019-09-10 19:00:31,530 [pool-37-thread-1] INFO  server.RaftServerConfigKeys (ConfUtils.java:logGet(43)) - raft.server.snapshot.retention.num.files = -1 (default)
2019-09-10 19:00:31,531 [pool-87-thread-1] INFO  impl.RaftServerImpl (RaftServerImpl.java:start(185)) - 0b57ef76-c121-46fb-9637-94024daca647@group-F957B9D63A79: start as a follower, conf=-1: [0b57ef76-c121-46fb-9637-94024daca647:192.168.36.113:44606, 0721d391-9877-4bc5-9778-84bb7e49252a:192.168.36.113:44025, 8e2eaa3a-398a-46ef-9472-b716e4b01ba0:192.168.36.113:42203], old=null
2019-09-10 19:00:31,531 [pool-67-thread-1] INFO  server.RaftServerConfigKeys (ConfUtils.java:logGet(43)) - raft.server.retrycache.expirytime = 600000ms (custom)
2019-09-10 19:00:31,531 [pool-87-thread-1] INFO  impl.RaftServerImpl (RaftServerImpl.java:setRole(174)) - 0b57ef76-c121-46fb-9637-94024daca647@group-F957B9D63A79: changes role from      null to FOLLOWER at term 0 for startAsFollower
2019-09-10 19:00:31,531 [pool-37-thread-1] INFO  server.RaftServerConfigKeys (ConfUtils.java:logGet(43)) - raft.server.retrycache.expirytime = 600000ms (custom)
2019-09-10 19:00:31,531 [pool-87-thread-1] INFO  impl.RoleInfo (RoleInfo.java:updateAndGet(143)) - 0b57ef76-c121-46fb-9637-94024daca647: start FollowerState
2019-09-10 19:00:31,532 [pool-87-thread-1] INFO  util.JmxRegister (JmxRegister.java:tryRegister(44)) - Successfully registered JMX Bean with object name Ratis:service=RaftServer,group=group-F957B9D63A79,id=0b57ef76-c121-46fb-9637-94024daca647
2019-09-10 19:00:31,535 [pool-67-thread-1] INFO  impl.RaftServerImpl (RaftServerImpl.java:start(185)) - 8e2eaa3a-398a-46ef-9472-b716e4b01ba0@group-F957B9D63A79: start as a follower, conf=-1: [0b57ef76-c121-46fb-9637-94024daca647:192.168.36.113:44606, 0721d391-9877-4bc5-9778-84bb7e49252a:192.168.36.113:44025, 8e2eaa3a-398a-46ef-9472-b716e4b01ba0:192.168.36.113:42203], old=null
2019-09-10 19:00:31,535 [pool-67-thread-1] INFO  impl.RaftServerImpl (RaftServerImpl.java:setRole(174)) - 8e2eaa3a-398a-46ef-9472-b716e4b01ba0@group-F957B9D63A79: changes role from      null to FOLLOWER at term 0 for startAsFollower
2019-09-10 19:00:31,535 [pool-37-thread-1] INFO  impl.RaftServerImpl (RaftServerImpl.java:start(185)) - 0721d391-9877-4bc5-9778-84bb7e49252a@group-F957B9D63A79: start as a follower, conf=-1: [0b57ef76-c121-46fb-9637-94024daca647:192.168.36.113:44606, 0721d391-9877-4bc5-9778-84bb7e49252a:192.168.36.113:44025, 8e2eaa3a-398a-46ef-9472-b716e4b01ba0:192.168.36.113:42203], old=null
2019-09-10 19:00:31,535 [pool-67-thread-1] INFO  impl.RoleInfo (RoleInfo.java:updateAndGet(143)) - 8e2eaa3a-398a-46ef-9472-b716e4b01ba0: start FollowerState
2019-09-10 19:00:31,536 [pool-37-thread-1] INFO  impl.RaftServerImpl (RaftServerImpl.java:setRole(174)) - 0721d391-9877-4bc5-9778-84bb7e49252a@group-F957B9D63A79: changes role from      null to FOLLOWER at term 0 for startAsFollower
2019-09-10 19:00:31,536 [pool-37-thread-1] INFO  impl.RoleInfo (RoleInfo.java:updateAndGet(143)) - 0721d391-9877-4bc5-9778-84bb7e49252a: start FollowerState
2019-09-10 19:00:31,536 [pool-67-thread-1] INFO  util.JmxRegister (JmxRegister.java:tryRegister(44)) - Successfully registered JMX Bean with object name Ratis:service=RaftServer,group=group-F957B9D63A79,id=8e2eaa3a-398a-46ef-9472-b716e4b01ba0
2019-09-10 19:00:31,536 [pool-37-thread-1] INFO  util.JmxRegister (JmxRegister.java:tryRegister(44)) - Successfully registered JMX Bean with object name Ratis:service=RaftServer,group=group-F957B9D63A79,id=0721d391-9877-4bc5-9778-84bb7e49252a
2019-09-10 19:00:31,539 [RatisPipelineUtilsThread] INFO  pipeline.PipelineStateManager (PipelineStateManager.java:addPipeline(56)) - Created pipeline Pipeline[ Id: f1dc604d-5181-49c0-b613-f957b9d63a79, Nodes: 0721d391-9877-4bc5-9778-84bb7e49252a{ip: 192.168.36.113, host: pr-hdds-1982-decom-states-gjzbw-1854142291, networkLocation: /default-rack, certSerialId: null}8e2eaa3a-398a-46ef-9472-b716e4b01ba0{ip: 192.168.36.113, host: pr-hdds-1982-decom-states-gjzbw-1854142291, networkLocation: /default-rack, certSerialId: null}0b57ef76-c121-46fb-9637-94024daca647{ip: 192.168.36.113, host: pr-hdds-1982-decom-states-gjzbw-1854142291, networkLocation: /default-rack, certSerialId: null}, Type:RATIS, Factor:THREE, State:OPEN]
2019-09-10 19:00:31,559 [grpc-default-executor-4] INFO  client.GrpcClientProtocolClient (GrpcClientProtocolClient.java:onNext(264)) - client-4EEF7FFC2E17->d394239f-4003-4980-a11f-9e9a96bc4c4f: receive RaftClientReply:client-4EEF7FFC2E17->d394239f-4003-4980-a11f-9e9a96bc4c4f@group-996C1A0A52D8, cid=29, SUCCESS, logIndex=10, commits[d394239f-4003-4980-a11f-9e9a96bc4c4f:c12, 08300216-d630-4cd9-aee9-766608000298:c10, c01dc21c-c6d3-4daa-9385-9c828aa890a1:c10]
]]></system-out>
  </testcase>
  <testcase name="testFullBufferCondition" classname="org.apache.hadoop.ozone.client.rpc.TestBlockOutputStream" time="187.542">
    <failure type="java.lang.AssertionError">java.lang.AssertionError
	at org.junit.Assert.fail(Assert.java:86)
	at org.junit.Assert.assertTrue(Assert.java:41)
	at org.junit.Assert.assertTrue(Assert.java:52)
	at org.apache.hadoop.ozone.client.rpc.TestBlockOutputStream.testFullBufferCondition(TestBlockOutputStream.java:515)
	at sun.reflect.NativeMethodAccessorImpl.invoke0(Native Method)
	at sun.reflect.NativeMethodAccessorImpl.invoke(NativeMethodAccessorImpl.java:62)
	at sun.reflect.DelegatingMethodAccessorImpl.invoke(DelegatingMethodAccessorImpl.java:43)
	at java.lang.reflect.Method.invoke(Method.java:498)
	at org.junit.runners.model.FrameworkMethod$1.runReflectiveCall(FrameworkMethod.java:47)
	at org.junit.internal.runners.model.ReflectiveCallable.run(ReflectiveCallable.java:12)
	at org.junit.runners.model.FrameworkMethod.invokeExplosively(FrameworkMethod.java:44)
	at org.junit.internal.runners.statements.InvokeMethod.evaluate(InvokeMethod.java:17)
	at org.junit.runners.ParentRunner.runLeaf(ParentRunner.java:271)
	at org.junit.runners.BlockJUnit4ClassRunner.runChild(BlockJUnit4ClassRunner.java:70)
	at org.junit.runners.BlockJUnit4ClassRunner.runChild(BlockJUnit4ClassRunner.java:50)
	at org.junit.runners.ParentRunner$3.run(ParentRunner.java:238)
	at org.junit.runners.ParentRunner$1.schedule(ParentRunner.java:63)
	at org.junit.runners.ParentRunner.runChildren(ParentRunner.java:236)
	at org.junit.runners.ParentRunner.access$000(ParentRunner.java:53)
	at org.junit.runners.ParentRunner$2.evaluate(ParentRunner.java:229)
	at org.junit.internal.runners.statements.RunBefores.evaluate(RunBefores.java:26)
	at org.junit.internal.runners.statements.RunAfters.evaluate(RunAfters.java:27)
	at org.junit.runners.ParentRunner.run(ParentRunner.java:309)
	at org.apache.maven.surefire.junit4.JUnit4Provider.execute(JUnit4Provider.java:365)
	at org.apache.maven.surefire.junit4.JUnit4Provider.executeWithRerun(JUnit4Provider.java:273)
	at org.apache.maven.surefire.junit4.JUnit4Provider.executeTestSet(JUnit4Provider.java:238)
	at org.apache.maven.surefire.junit4.JUnit4Provider.invoke(JUnit4Provider.java:159)
	at org.apache.maven.surefire.booter.ForkedBooter.invokeProviderInSameClassLoader(ForkedBooter.java:384)
	at org.apache.maven.surefire.booter.ForkedBooter.runSuitesInProcess(ForkedBooter.java:345)
	at org.apache.maven.surefire.booter.ForkedBooter.execute(ForkedBooter.java:126)
	at org.apache.maven.surefire.booter.ForkedBooter.main(ForkedBooter.java:418)
</failure>
    <system-out><![CDATA[2019-09-10 19:00:33,359 [grpc-default-executor-5] INFO  impl.RaftServerProxy (RaftServerProxy.java:remove(95)) - 0721d391-9877-4bc5-9778-84bb7e49252a: remove group-6ED7C0A64790:null
2019-09-10 19:00:33,367 [RatisPipelineUtilsThread] WARN  pipeline.RatisPipelineUtils (RatisPipelineUtils.java:destroyPipeline(66)) - Pipeline destroy failed for pipeline=PipelineID=b6f271ac-cec0-435e-84e1-6ed7c0a64790 dn=0721d391-9877-4bc5-9778-84bb7e49252a{ip: 192.168.36.113, host: pr-hdds-1982-decom-states-gjzbw-1854142291, networkLocation: /default-rack, certSerialId: null}
2019-09-10 19:00:33,372 [grpc-default-executor-5] INFO  impl.RaftServerProxy (RaftServerProxy.java:remove(95)) - 8e2eaa3a-398a-46ef-9472-b716e4b01ba0: remove group-6ED7C0A64790:null
2019-09-10 19:00:33,378 [RatisPipelineUtilsThread] WARN  pipeline.RatisPipelineUtils (RatisPipelineUtils.java:destroyPipeline(66)) - Pipeline destroy failed for pipeline=PipelineID=b6f271ac-cec0-435e-84e1-6ed7c0a64790 dn=8e2eaa3a-398a-46ef-9472-b716e4b01ba0{ip: 192.168.36.113, host: pr-hdds-1982-decom-states-gjzbw-1854142291, networkLocation: /default-rack, certSerialId: null}
2019-09-10 19:00:33,382 [grpc-default-executor-5] INFO  impl.RaftServerProxy (RaftServerProxy.java:remove(95)) - 0b57ef76-c121-46fb-9637-94024daca647: remove group-6ED7C0A64790:null
2019-09-10 19:00:33,387 [RatisPipelineUtilsThread] WARN  pipeline.RatisPipelineUtils (RatisPipelineUtils.java:destroyPipeline(66)) - Pipeline destroy failed for pipeline=PipelineID=b6f271ac-cec0-435e-84e1-6ed7c0a64790 dn=0b57ef76-c121-46fb-9637-94024daca647{ip: 192.168.36.113, host: pr-hdds-1982-decom-states-gjzbw-1854142291, networkLocation: /default-rack, certSerialId: null}
2019-09-10 19:00:33,387 [RatisPipelineUtilsThread] ERROR pipeline.SCMPipelineManager (Scheduler.java:lambda$schedule$1(70)) - Destroy pipeline failed for pipeline:Pipeline[ Id: b6f271ac-cec0-435e-84e1-6ed7c0a64790, Nodes: 0721d391-9877-4bc5-9778-84bb7e49252a{ip: 192.168.36.113, host: pr-hdds-1982-decom-states-gjzbw-1854142291, networkLocation: /default-rack, certSerialId: null}8e2eaa3a-398a-46ef-9472-b716e4b01ba0{ip: 192.168.36.113, host: pr-hdds-1982-decom-states-gjzbw-1854142291, networkLocation: /default-rack, certSerialId: null}0b57ef76-c121-46fb-9637-94024daca647{ip: 192.168.36.113, host: pr-hdds-1982-decom-states-gjzbw-1854142291, networkLocation: /default-rack, certSerialId: null}, Type:RATIS, Factor:THREE, State:CLOSED]
org.apache.hadoop.hdds.scm.pipeline.PipelineNotFoundException: PipelineID=b6f271ac-cec0-435e-84e1-6ed7c0a64790 not found
	at org.apache.hadoop.hdds.scm.pipeline.PipelineStateMap.getPipeline(PipelineStateMap.java:132)
	at org.apache.hadoop.hdds.scm.pipeline.PipelineStateMap.removePipeline(PipelineStateMap.java:322)
	at org.apache.hadoop.hdds.scm.pipeline.PipelineStateManager.removePipeline(PipelineStateManager.java:107)
	at org.apache.hadoop.hdds.scm.pipeline.SCMPipelineManager.removePipeline(SCMPipelineManager.java:423)
	at org.apache.hadoop.hdds.scm.pipeline.SCMPipelineManager.destroyPipeline(SCMPipelineManager.java:409)
	at org.apache.hadoop.hdds.scm.pipeline.SCMPipelineManager.lambda$finalizeAndDestroyPipeline$0(SCMPipelineManager.java:318)
	at org.apache.hadoop.utils.Scheduler.lambda$schedule$1(Scheduler.java:68)
	at java.util.concurrent.Executors$RunnableAdapter.call(Executors.java:511)
	at java.util.concurrent.FutureTask.run(FutureTask.java:266)
	at java.util.concurrent.ScheduledThreadPoolExecutor$ScheduledFutureTask.access$201(ScheduledThreadPoolExecutor.java:180)
	at java.util.concurrent.ScheduledThreadPoolExecutor$ScheduledFutureTask.run(ScheduledThreadPoolExecutor.java:293)
	at java.util.concurrent.ThreadPoolExecutor.runWorker(ThreadPoolExecutor.java:1149)
	at java.util.concurrent.ThreadPoolExecutor$Worker.run(ThreadPoolExecutor.java:624)
	at java.lang.Thread.run(Thread.java:748)
2019-09-10 19:00:34,595 [java.util.concurrent.ThreadPoolExecutor$Worker@6afaa2aa[State = -1, empty queue]] WARN  server.GrpcLogAppender (GrpcLogAppender.java:timeoutAppendRequest(200)) - d394239f-4003-4980-a11f-9e9a96bc4c4f@group-996C1A0A52D8->c01dc21c-c6d3-4daa-9385-9c828aa890a1-GrpcLogAppender: appendEntries Timeout, request=d394239f-4003-4980-a11f-9e9a96bc4c4f->c01dc21c-c6d3-4daa-9385-9c828aa890a1#89-t2, previous=(t:2, i:12), leaderCommit=12, initializing? false, entries: size=1, first=(t:2, i:13), STATEMACHINELOGENTRY, client-4EEF7FFC2E17, cid=33
2019-09-10 19:00:34,595 [java.util.concurrent.ThreadPoolExecutor$Worker@753f42ff[State = -1, empty queue]] WARN  server.GrpcLogAppender (GrpcLogAppender.java:timeoutAppendRequest(200)) - d394239f-4003-4980-a11f-9e9a96bc4c4f@group-996C1A0A52D8->08300216-d630-4cd9-aee9-766608000298-GrpcLogAppender: appendEntries Timeout, request=d394239f-4003-4980-a11f-9e9a96bc4c4f->08300216-d630-4cd9-aee9-766608000298#89-t2, previous=(t:2, i:12), leaderCommit=12, initializing? false, entries: size=1, first=(t:2, i:13), STATEMACHINELOGENTRY, client-4EEF7FFC2E17, cid=33
2019-09-10 19:00:34,596 [java.util.concurrent.ThreadPoolExecutor$Worker@6afaa2aa[State = -1, empty queue]] WARN  server.GrpcLogAppender (GrpcLogAppender.java:timeoutAppendRequest(200)) - d394239f-4003-4980-a11f-9e9a96bc4c4f@group-996C1A0A52D8->c01dc21c-c6d3-4daa-9385-9c828aa890a1-GrpcLogAppender: appendEntries Timeout, request=d394239f-4003-4980-a11f-9e9a96bc4c4f->c01dc21c-c6d3-4daa-9385-9c828aa890a1#90-t2, previous=(t:2, i:13), leaderCommit=12, initializing? false, entries: size=1, first=(t:2, i:14), STATEMACHINELOGENTRY, client-4EEF7FFC2E17, cid=34
2019-09-10 19:00:34,596 [java.util.concurrent.ThreadPoolExecutor$Worker@753f42ff[State = -1, empty queue]] WARN  server.GrpcLogAppender (GrpcLogAppender.java:timeoutAppendRequest(200)) - d394239f-4003-4980-a11f-9e9a96bc4c4f@group-996C1A0A52D8->08300216-d630-4cd9-aee9-766608000298-GrpcLogAppender: appendEntries Timeout, request=d394239f-4003-4980-a11f-9e9a96bc4c4f->08300216-d630-4cd9-aee9-766608000298#90-t2, previous=(t:2, i:13), leaderCommit=12, initializing? false, entries: size=1, first=(t:2, i:14), STATEMACHINELOGENTRY, client-4EEF7FFC2E17, cid=34
2019-09-10 19:00:34,596 [java.util.concurrent.ThreadPoolExecutor$Worker@6afaa2aa[State = -1, empty queue]] WARN  server.GrpcLogAppender (GrpcLogAppender.java:timeoutAppendRequest(200)) - d394239f-4003-4980-a11f-9e9a96bc4c4f@group-996C1A0A52D8->c01dc21c-c6d3-4daa-9385-9c828aa890a1-GrpcLogAppender: appendEntries Timeout, request=d394239f-4003-4980-a11f-9e9a96bc4c4f->c01dc21c-c6d3-4daa-9385-9c828aa890a1#91-t2, previous=(t:2, i:14), leaderCommit=12, initializing? false, entries: size=1, first=(t:2, i:15), STATEMACHINELOGENTRY, client-4EEF7FFC2E17, cid=35
2019-09-10 19:00:34,597 [java.util.concurrent.ThreadPoolExecutor$Worker@753f42ff[State = -1, empty queue]] WARN  server.GrpcLogAppender (GrpcLogAppender.java:timeoutAppendRequest(200)) - d394239f-4003-4980-a11f-9e9a96bc4c4f@group-996C1A0A52D8->08300216-d630-4cd9-aee9-766608000298-GrpcLogAppender: appendEntries Timeout, request=d394239f-4003-4980-a11f-9e9a96bc4c4f->08300216-d630-4cd9-aee9-766608000298#91-t2, previous=(t:2, i:14), leaderCommit=12, initializing? false, entries: size=1, first=(t:2, i:15), STATEMACHINELOGENTRY, client-4EEF7FFC2E17, cid=35
2019-09-10 19:00:34,598 [java.util.concurrent.ThreadPoolExecutor$Worker@753f42ff[State = -1, empty queue]] WARN  server.GrpcLogAppender (GrpcLogAppender.java:timeoutAppendRequest(200)) - d394239f-4003-4980-a11f-9e9a96bc4c4f@group-996C1A0A52D8->08300216-d630-4cd9-aee9-766608000298-GrpcLogAppender: appendEntries Timeout, request=d394239f-4003-4980-a11f-9e9a96bc4c4f->08300216-d630-4cd9-aee9-766608000298#92-t2, previous=(t:2, i:15), leaderCommit=12, initializing? false, entries: size=1, first=(t:2, i:16), STATEMACHINELOGENTRY, client-4EEF7FFC2E17, cid=36
2019-09-10 19:00:34,598 [java.util.concurrent.ThreadPoolExecutor$Worker@6afaa2aa[State = -1, empty queue]] WARN  server.GrpcLogAppender (GrpcLogAppender.java:timeoutAppendRequest(200)) - d394239f-4003-4980-a11f-9e9a96bc4c4f@group-996C1A0A52D8->c01dc21c-c6d3-4daa-9385-9c828aa890a1-GrpcLogAppender: appendEntries Timeout, request=d394239f-4003-4980-a11f-9e9a96bc4c4f->c01dc21c-c6d3-4daa-9385-9c828aa890a1#92-t2, previous=(t:2, i:15), leaderCommit=12, initializing? false, entries: size=1, first=(t:2, i:16), STATEMACHINELOGENTRY, client-4EEF7FFC2E17, cid=36
2019-09-10 19:00:34,599 [java.util.concurrent.ThreadPoolExecutor$Worker@753f42ff[State = -1, empty queue]] WARN  server.GrpcLogAppender (GrpcLogAppender.java:timeoutAppendRequest(200)) - d394239f-4003-4980-a11f-9e9a96bc4c4f@group-996C1A0A52D8->08300216-d630-4cd9-aee9-766608000298-GrpcLogAppender: appendEntries Timeout, request=d394239f-4003-4980-a11f-9e9a96bc4c4f->08300216-d630-4cd9-aee9-766608000298#93-t2, previous=(t:2, i:16), leaderCommit=12, initializing? false, entries: size=1, first=(t:2, i:17), STATEMACHINELOGENTRY, client-4EEF7FFC2E17, cid=37
2019-09-10 19:00:34,599 [java.util.concurrent.ThreadPoolExecutor$Worker@6afaa2aa[State = -1, empty queue]] WARN  server.GrpcLogAppender (GrpcLogAppender.java:timeoutAppendRequest(200)) - d394239f-4003-4980-a11f-9e9a96bc4c4f@group-996C1A0A52D8->c01dc21c-c6d3-4daa-9385-9c828aa890a1-GrpcLogAppender: appendEntries Timeout, request=d394239f-4003-4980-a11f-9e9a96bc4c4f->c01dc21c-c6d3-4daa-9385-9c828aa890a1#93-t2, previous=(t:2, i:16), leaderCommit=12, initializing? false, entries: size=1, first=(t:2, i:17), STATEMACHINELOGENTRY, client-4EEF7FFC2E17, cid=37
2019-09-10 19:00:34,599 [java.util.concurrent.ThreadPoolExecutor$Worker@753f42ff[State = -1, empty queue]] WARN  server.GrpcLogAppender (GrpcLogAppender.java:timeoutAppendRequest(200)) - d394239f-4003-4980-a11f-9e9a96bc4c4f@group-996C1A0A52D8->08300216-d630-4cd9-aee9-766608000298-GrpcLogAppender: appendEntries Timeout, request=d394239f-4003-4980-a11f-9e9a96bc4c4f->08300216-d630-4cd9-aee9-766608000298#94-t2, previous=(t:2, i:17), leaderCommit=12, initializing? false, entries: size=1, first=(t:2, i:18), STATEMACHINELOGENTRY, client-4EEF7FFC2E17, cid=38
2019-09-10 19:00:34,599 [java.util.concurrent.ThreadPoolExecutor$Worker@6afaa2aa[State = -1, empty queue]] WARN  server.GrpcLogAppender (GrpcLogAppender.java:timeoutAppendRequest(200)) - d394239f-4003-4980-a11f-9e9a96bc4c4f@group-996C1A0A52D8->c01dc21c-c6d3-4daa-9385-9c828aa890a1-GrpcLogAppender: appendEntries Timeout, request=d394239f-4003-4980-a11f-9e9a96bc4c4f->c01dc21c-c6d3-4daa-9385-9c828aa890a1#94-t2, previous=(t:2, i:17), leaderCommit=12, initializing? false, entries: size=1, first=(t:2, i:18), STATEMACHINELOGENTRY, client-4EEF7FFC2E17, cid=38
2019-09-10 19:00:35,360 [grpc-default-executor-5] INFO  impl.RaftServerProxy (RaftServerProxy.java:remove(95)) - 0721d391-9877-4bc5-9778-84bb7e49252a: remove group-6ED7C0A64790:null
2019-09-10 19:00:35,367 [RatisPipelineUtilsThread] WARN  pipeline.RatisPipelineUtils (RatisPipelineUtils.java:destroyPipeline(66)) - Pipeline destroy failed for pipeline=PipelineID=b6f271ac-cec0-435e-84e1-6ed7c0a64790 dn=0721d391-9877-4bc5-9778-84bb7e49252a{ip: 192.168.36.113, host: pr-hdds-1982-decom-states-gjzbw-1854142291, networkLocation: /default-rack, certSerialId: null}
2019-09-10 19:00:35,372 [grpc-default-executor-5] INFO  impl.RaftServerProxy (RaftServerProxy.java:remove(95)) - 8e2eaa3a-398a-46ef-9472-b716e4b01ba0: remove group-6ED7C0A64790:null
2019-09-10 19:00:35,378 [RatisPipelineUtilsThread] WARN  pipeline.RatisPipelineUtils (RatisPipelineUtils.java:destroyPipeline(66)) - Pipeline destroy failed for pipeline=PipelineID=b6f271ac-cec0-435e-84e1-6ed7c0a64790 dn=8e2eaa3a-398a-46ef-9472-b716e4b01ba0{ip: 192.168.36.113, host: pr-hdds-1982-decom-states-gjzbw-1854142291, networkLocation: /default-rack, certSerialId: null}
2019-09-10 19:00:35,382 [grpc-default-executor-5] INFO  impl.RaftServerProxy (RaftServerProxy.java:remove(95)) - 0b57ef76-c121-46fb-9637-94024daca647: remove group-6ED7C0A64790:null
2019-09-10 19:00:35,387 [RatisPipelineUtilsThread] WARN  pipeline.RatisPipelineUtils (RatisPipelineUtils.java:destroyPipeline(66)) - Pipeline destroy failed for pipeline=PipelineID=b6f271ac-cec0-435e-84e1-6ed7c0a64790 dn=0b57ef76-c121-46fb-9637-94024daca647{ip: 192.168.36.113, host: pr-hdds-1982-decom-states-gjzbw-1854142291, networkLocation: /default-rack, certSerialId: null}
2019-09-10 19:00:35,387 [RatisPipelineUtilsThread] ERROR pipeline.SCMPipelineManager (Scheduler.java:lambda$schedule$1(70)) - Destroy pipeline failed for pipeline:Pipeline[ Id: b6f271ac-cec0-435e-84e1-6ed7c0a64790, Nodes: 0721d391-9877-4bc5-9778-84bb7e49252a{ip: 192.168.36.113, host: pr-hdds-1982-decom-states-gjzbw-1854142291, networkLocation: /default-rack, certSerialId: null}8e2eaa3a-398a-46ef-9472-b716e4b01ba0{ip: 192.168.36.113, host: pr-hdds-1982-decom-states-gjzbw-1854142291, networkLocation: /default-rack, certSerialId: null}0b57ef76-c121-46fb-9637-94024daca647{ip: 192.168.36.113, host: pr-hdds-1982-decom-states-gjzbw-1854142291, networkLocation: /default-rack, certSerialId: null}, Type:RATIS, Factor:THREE, State:CLOSED]
org.apache.hadoop.hdds.scm.pipeline.PipelineNotFoundException: PipelineID=b6f271ac-cec0-435e-84e1-6ed7c0a64790 not found
	at org.apache.hadoop.hdds.scm.pipeline.PipelineStateMap.getPipeline(PipelineStateMap.java:132)
	at org.apache.hadoop.hdds.scm.pipeline.PipelineStateMap.removePipeline(PipelineStateMap.java:322)
	at org.apache.hadoop.hdds.scm.pipeline.PipelineStateManager.removePipeline(PipelineStateManager.java:107)
	at org.apache.hadoop.hdds.scm.pipeline.SCMPipelineManager.removePipeline(SCMPipelineManager.java:423)
	at org.apache.hadoop.hdds.scm.pipeline.SCMPipelineManager.destroyPipeline(SCMPipelineManager.java:409)
	at org.apache.hadoop.hdds.scm.pipeline.SCMPipelineManager.lambda$finalizeAndDestroyPipeline$0(SCMPipelineManager.java:318)
	at org.apache.hadoop.utils.Scheduler.lambda$schedule$1(Scheduler.java:68)
	at java.util.concurrent.Executors$RunnableAdapter.call(Executors.java:511)
	at java.util.concurrent.FutureTask.run(FutureTask.java:266)
	at java.util.concurrent.ScheduledThreadPoolExecutor$ScheduledFutureTask.access$201(ScheduledThreadPoolExecutor.java:180)
	at java.util.concurrent.ScheduledThreadPoolExecutor$ScheduledFutureTask.run(ScheduledThreadPoolExecutor.java:293)
	at java.util.concurrent.ThreadPoolExecutor.runWorker(ThreadPoolExecutor.java:1149)
	at java.util.concurrent.ThreadPoolExecutor$Worker.run(ThreadPoolExecutor.java:624)
	at java.lang.Thread.run(Thread.java:748)
2019-09-10 19:00:36,565 [Thread-883] INFO  impl.FollowerState (FollowerState.java:run(106)) - 0721d391-9877-4bc5-9778-84bb7e49252a:group-F957B9D63A79 changes to CANDIDATE, lastRpcTime:5029, electionTimeout:5029ms
2019-09-10 19:00:36,566 [Thread-883] INFO  impl.RoleInfo (RoleInfo.java:shutdownFollowerState(121)) - 0721d391-9877-4bc5-9778-84bb7e49252a: shutdown FollowerState
2019-09-10 19:00:36,566 [Thread-883] INFO  impl.RaftServerImpl (RaftServerImpl.java:setRole(174)) - 0721d391-9877-4bc5-9778-84bb7e49252a@group-F957B9D63A79: changes role from  FOLLOWER to CANDIDATE at term 0 for changeToCandidate
2019-09-10 19:00:36,567 [Thread-883] INFO  impl.RoleInfo (RoleInfo.java:updateAndGet(143)) - 0721d391-9877-4bc5-9778-84bb7e49252a: start LeaderElection
2019-09-10 19:00:36,570 [Thread-880] INFO  impl.FollowerState (FollowerState.java:run(106)) - 0b57ef76-c121-46fb-9637-94024daca647:group-F957B9D63A79 changes to CANDIDATE, lastRpcTime:5039, electionTimeout:5038ms
2019-09-10 19:00:36,573 [Thread-880] INFO  impl.RoleInfo (RoleInfo.java:shutdownFollowerState(121)) - 0b57ef76-c121-46fb-9637-94024daca647: shutdown FollowerState
2019-09-10 19:00:36,573 [Thread-880] INFO  impl.RaftServerImpl (RaftServerImpl.java:setRole(174)) - 0b57ef76-c121-46fb-9637-94024daca647@group-F957B9D63A79: changes role from  FOLLOWER to CANDIDATE at term 0 for changeToCandidate
2019-09-10 19:00:36,573 [Thread-880] INFO  impl.RoleInfo (RoleInfo.java:updateAndGet(143)) - 0b57ef76-c121-46fb-9637-94024daca647: start LeaderElection
2019-09-10 19:00:36,603 [0721d391-9877-4bc5-9778-84bb7e49252a@group-F957B9D63A79:LeaderElection13] INFO  impl.LeaderElection (LeaderElection.java:askForVotes(182)) - 0721d391-9877-4bc5-9778-84bb7e49252a@group-F957B9D63A79:LeaderElection13: begin an election at term 1 for -1: [0b57ef76-c121-46fb-9637-94024daca647:192.168.36.113:44606, 0721d391-9877-4bc5-9778-84bb7e49252a:192.168.36.113:44025, 8e2eaa3a-398a-46ef-9472-b716e4b01ba0:192.168.36.113:42203], old=null
2019-09-10 19:00:36,603 [0b57ef76-c121-46fb-9637-94024daca647@group-F957B9D63A79:LeaderElection14] INFO  impl.LeaderElection (LeaderElection.java:askForVotes(182)) - 0b57ef76-c121-46fb-9637-94024daca647@group-F957B9D63A79:LeaderElection14: begin an election at term 1 for -1: [0b57ef76-c121-46fb-9637-94024daca647:192.168.36.113:44606, 0721d391-9877-4bc5-9778-84bb7e49252a:192.168.36.113:44025, 8e2eaa3a-398a-46ef-9472-b716e4b01ba0:192.168.36.113:42203], old=null
2019-09-10 19:00:36,613 [grpc-default-executor-4] INFO  impl.RaftServerImpl (RaftServerImpl.java:setRole(174)) - 8e2eaa3a-398a-46ef-9472-b716e4b01ba0@group-F957B9D63A79: changes role from  FOLLOWER to FOLLOWER at term 1 for recognizeCandidate:0721d391-9877-4bc5-9778-84bb7e49252a
2019-09-10 19:00:36,615 [grpc-default-executor-4] INFO  impl.RoleInfo (RoleInfo.java:shutdownFollowerState(121)) - 8e2eaa3a-398a-46ef-9472-b716e4b01ba0: shutdown FollowerState
2019-09-10 19:00:36,618 [grpc-default-executor-4] INFO  impl.RoleInfo (RoleInfo.java:updateAndGet(143)) - 8e2eaa3a-398a-46ef-9472-b716e4b01ba0: start FollowerState
2019-09-10 19:00:36,620 [Thread-882] INFO  impl.FollowerState (FollowerState.java:run(115)) - 8e2eaa3a-398a-46ef-9472-b716e4b01ba0: FollowerState was interrupted: java.lang.InterruptedException: sleep interrupted
2019-09-10 19:00:36,627 [grpc-default-executor-5] INFO  client.GrpcClientProtocolClient (GrpcClientProtocolClient.java:onNext(264)) - client-4EEF7FFC2E17->08300216-d630-4cd9-aee9-766608000298: receive RaftClientReply:client-4EEF7FFC2E17->08300216-d630-4cd9-aee9-766608000298@group-996C1A0A52D8, cid=33, FAILED org.apache.ratis.protocol.NotLeaderException: Server 08300216-d630-4cd9-aee9-766608000298@group-996C1A0A52D8 is not the leader d394239f-4003-4980-a11f-9e9a96bc4c4f:192.168.36.113:33987, logIndex=0, commits[08300216-d630-4cd9-aee9-766608000298:c12, d394239f-4003-4980-a11f-9e9a96bc4c4f:c12, c01dc21c-c6d3-4daa-9385-9c828aa890a1:c10]
2019-09-10 19:00:36,643 [0b57ef76-c121-46fb-9637-94024daca647@group-F957B9D63A79:LeaderElection14] INFO  impl.LeaderElection (LeaderElection.java:logAndReturn(56)) - 0b57ef76-c121-46fb-9637-94024daca647@group-F957B9D63A79:LeaderElection14: Election REJECTED; received 2 response(s) [0b57ef76-c121-46fb-9637-94024daca647<-0721d391-9877-4bc5-9778-84bb7e49252a#0:FAIL-t1, 0b57ef76-c121-46fb-9637-94024daca647<-8e2eaa3a-398a-46ef-9472-b716e4b01ba0#0:FAIL-t1] and 0 exception(s); 0b57ef76-c121-46fb-9637-94024daca647@group-F957B9D63A79:t1, leader=null, voted=0b57ef76-c121-46fb-9637-94024daca647, raftlog=0b57ef76-c121-46fb-9637-94024daca647@group-F957B9D63A79-SegmentedRaftLog:OPENED:c-1,f-1,i0, conf=-1: [0b57ef76-c121-46fb-9637-94024daca647:192.168.36.113:44606, 0721d391-9877-4bc5-9778-84bb7e49252a:192.168.36.113:44025, 8e2eaa3a-398a-46ef-9472-b716e4b01ba0:192.168.36.113:42203], old=null
2019-09-10 19:00:36,643 [0721d391-9877-4bc5-9778-84bb7e49252a@group-F957B9D63A79:LeaderElection13] INFO  impl.LeaderElection (LeaderElection.java:logAndReturn(56)) - 0721d391-9877-4bc5-9778-84bb7e49252a@group-F957B9D63A79:LeaderElection13: Election PASSED; received 2 response(s) [0721d391-9877-4bc5-9778-84bb7e49252a<-0b57ef76-c121-46fb-9637-94024daca647#0:FAIL-t1, 0721d391-9877-4bc5-9778-84bb7e49252a<-8e2eaa3a-398a-46ef-9472-b716e4b01ba0#0:OK-t1] and 0 exception(s); 0721d391-9877-4bc5-9778-84bb7e49252a@group-F957B9D63A79:t1, leader=null, voted=0721d391-9877-4bc5-9778-84bb7e49252a, raftlog=0721d391-9877-4bc5-9778-84bb7e49252a@group-F957B9D63A79-SegmentedRaftLog:OPENED:c-1,f-1,i0, conf=-1: [0b57ef76-c121-46fb-9637-94024daca647:192.168.36.113:44606, 0721d391-9877-4bc5-9778-84bb7e49252a:192.168.36.113:44025, 8e2eaa3a-398a-46ef-9472-b716e4b01ba0:192.168.36.113:42203], old=null
2019-09-10 19:00:36,643 [0b57ef76-c121-46fb-9637-94024daca647@group-F957B9D63A79:LeaderElection14] INFO  impl.RaftServerImpl (RaftServerImpl.java:setRole(174)) - 0b57ef76-c121-46fb-9637-94024daca647@group-F957B9D63A79: changes role from CANDIDATE to FOLLOWER at term 1 for DISCOVERED_A_NEW_TERM
2019-09-10 19:00:36,645 [0721d391-9877-4bc5-9778-84bb7e49252a@group-F957B9D63A79:LeaderElection13] INFO  impl.RoleInfo (RoleInfo.java:shutdownLeaderElection(134)) - 0721d391-9877-4bc5-9778-84bb7e49252a: shutdown LeaderElection
2019-09-10 19:00:36,653 [0b57ef76-c121-46fb-9637-94024daca647@group-F957B9D63A79:LeaderElection14] INFO  impl.RoleInfo (RoleInfo.java:shutdownLeaderElection(134)) - 0b57ef76-c121-46fb-9637-94024daca647: shutdown LeaderElection
2019-09-10 19:00:36,653 [0721d391-9877-4bc5-9778-84bb7e49252a@group-F957B9D63A79:LeaderElection13] INFO  impl.RaftServerImpl (RaftServerImpl.java:setRole(174)) - 0721d391-9877-4bc5-9778-84bb7e49252a@group-F957B9D63A79: changes role from CANDIDATE to LEADER at term 1 for changeToLeader
2019-09-10 19:00:36,653 [0b57ef76-c121-46fb-9637-94024daca647@group-F957B9D63A79:LeaderElection14] INFO  impl.RoleInfo (RoleInfo.java:updateAndGet(143)) - 0b57ef76-c121-46fb-9637-94024daca647: start FollowerState
2019-09-10 19:00:36,654 [0721d391-9877-4bc5-9778-84bb7e49252a@group-F957B9D63A79:LeaderElection13] INFO  impl.RaftServerImpl (ServerState.java:setLeader(253)) - 0721d391-9877-4bc5-9778-84bb7e49252a@group-F957B9D63A79: change Leader from null to 0721d391-9877-4bc5-9778-84bb7e49252a at term 1 for becomeLeader, leader elected after 5133ms
2019-09-10 19:00:36,654 [0721d391-9877-4bc5-9778-84bb7e49252a@group-F957B9D63A79:LeaderElection13] INFO  server.RaftServerConfigKeys (ConfUtils.java:logGet(43)) - raft.server.staging.catchup.gap = 1000 (default)
2019-09-10 19:00:36,654 [0721d391-9877-4bc5-9778-84bb7e49252a@group-F957B9D63A79:LeaderElection13] INFO  server.RaftServerConfigKeys (ConfUtils.java:logGet(43)) - raft.server.rpc.sleep.time = 25ms (default)
2019-09-10 19:00:36,654 [0721d391-9877-4bc5-9778-84bb7e49252a@group-F957B9D63A79:LeaderElection13] INFO  server.RaftServerConfigKeys (ConfUtils.java:logGet(43)) - raft.server.write.element-limit = 4096 (default)
2019-09-10 19:00:36,655 [0721d391-9877-4bc5-9778-84bb7e49252a@group-F957B9D63A79:LeaderElection13] INFO  server.RaftServerConfigKeys (ConfUtils.java:logGet(43)) - raft.server.watch.timeout = 10s (default)
2019-09-10 19:00:36,655 [0721d391-9877-4bc5-9778-84bb7e49252a@group-F957B9D63A79:LeaderElection13] INFO  server.RaftServerConfigKeys (ConfUtils.java:logGet(43)) - raft.server.watch.timeout.denomination = 1s (default)
2019-09-10 19:00:36,655 [0721d391-9877-4bc5-9778-84bb7e49252a@group-F957B9D63A79:LeaderElection13] INFO  server.RaftServerConfigKeys (ConfUtils.java:logGet(43)) - raft.server.watch.element-limit = 65536 (default)
2019-09-10 19:00:36,659 [0721d391-9877-4bc5-9778-84bb7e49252a@group-F957B9D63A79:LeaderElection13] INFO  server.RaftServerConfigKeys (ConfUtils.java:logGet(43)) - raft.server.log.appender.snapshot.chunk.size.max = 16MB (=16777216) (default)
2019-09-10 19:00:36,660 [0721d391-9877-4bc5-9778-84bb7e49252a@group-F957B9D63A79:LeaderElection13] INFO  server.RaftServerConfigKeys (ConfUtils.java:logGet(43)) - raft.server.log.appender.buffer.byte-limit = 33554432 (custom)
2019-09-10 19:00:36,660 [0721d391-9877-4bc5-9778-84bb7e49252a@group-F957B9D63A79:LeaderElection13] INFO  server.RaftServerConfigKeys (ConfUtils.java:logGet(43)) - raft.server.log.appender.buffer.element-limit = 1 (custom)
2019-09-10 19:00:36,660 [0721d391-9877-4bc5-9778-84bb7e49252a@group-F957B9D63A79:LeaderElection13] INFO  grpc.GrpcConfigKeys$Server (ConfUtils.java:logGet(43)) - raft.grpc.server.leader.outstanding.appends.max = 128 (default)
2019-09-10 19:00:36,661 [0721d391-9877-4bc5-9778-84bb7e49252a@group-F957B9D63A79:LeaderElection13] INFO  server.RaftServerConfigKeys (ConfUtils.java:logGet(43)) - raft.server.rpc.request.timeout = 3000ms (default)
2019-09-10 19:00:36,661 [0721d391-9877-4bc5-9778-84bb7e49252a@group-F957B9D63A79:LeaderElection13] INFO  server.RaftServerConfigKeys (ConfUtils.java:logGet(43)) - raft.server.log.appender.install.snapshot.enabled = false (custom)
2019-09-10 19:00:36,661 [0721d391-9877-4bc5-9778-84bb7e49252a@group-F957B9D63A79:LeaderElection13] INFO  server.RaftServerConfigKeys (ConfUtils.java:logGet(43)) - raft.server.log.appender.snapshot.chunk.size.max = 16MB (=16777216) (default)
2019-09-10 19:00:36,661 [0721d391-9877-4bc5-9778-84bb7e49252a@group-F957B9D63A79:LeaderElection13] INFO  server.RaftServerConfigKeys (ConfUtils.java:logGet(43)) - raft.server.log.appender.buffer.byte-limit = 33554432 (custom)
2019-09-10 19:00:36,661 [0721d391-9877-4bc5-9778-84bb7e49252a@group-F957B9D63A79:LeaderElection13] INFO  server.RaftServerConfigKeys (ConfUtils.java:logGet(43)) - raft.server.log.appender.buffer.element-limit = 1 (custom)
2019-09-10 19:00:36,662 [0721d391-9877-4bc5-9778-84bb7e49252a@group-F957B9D63A79:LeaderElection13] INFO  grpc.GrpcConfigKeys$Server (ConfUtils.java:logGet(43)) - raft.grpc.server.leader.outstanding.appends.max = 128 (default)
2019-09-10 19:00:36,662 [0721d391-9877-4bc5-9778-84bb7e49252a@group-F957B9D63A79:LeaderElection13] INFO  server.RaftServerConfigKeys (ConfUtils.java:logGet(43)) - raft.server.rpc.request.timeout = 3000ms (default)
2019-09-10 19:00:36,662 [0721d391-9877-4bc5-9778-84bb7e49252a@group-F957B9D63A79:LeaderElection13] INFO  server.RaftServerConfigKeys (ConfUtils.java:logGet(43)) - raft.server.log.appender.install.snapshot.enabled = false (custom)
2019-09-10 19:00:36,662 [0721d391-9877-4bc5-9778-84bb7e49252a@group-F957B9D63A79:LeaderElection13] INFO  impl.RoleInfo (RoleInfo.java:updateAndGet(143)) - 0721d391-9877-4bc5-9778-84bb7e49252a: start LeaderState
2019-09-10 19:00:36,663 [0721d391-9877-4bc5-9778-84bb7e49252a@group-F957B9D63A79:LeaderElection13] INFO  segmented.SegmentedRaftLogWorker (SegmentedRaftLogWorker.java:startLogSegment(380)) - 0721d391-9877-4bc5-9778-84bb7e49252a@group-F957B9D63A79-SegmentedRaftLogWorker: Starting segment from index:0
2019-09-10 19:00:36,664 [0721d391-9877-4bc5-9778-84bb7e49252a@group-F957B9D63A79:LeaderElection13] INFO  impl.RaftServerImpl (ServerState.java:setRaftConf(354)) - 0721d391-9877-4bc5-9778-84bb7e49252a@group-F957B9D63A79: set configuration 0: [0b57ef76-c121-46fb-9637-94024daca647:192.168.36.113:44606, 0721d391-9877-4bc5-9778-84bb7e49252a:192.168.36.113:44025, 8e2eaa3a-398a-46ef-9472-b716e4b01ba0:192.168.36.113:42203], old=null at 0
2019-09-10 19:00:36,702 [grpc-default-executor-4] INFO  impl.RaftServerImpl (ServerState.java:setLeader(253)) - 8e2eaa3a-398a-46ef-9472-b716e4b01ba0@group-F957B9D63A79: change Leader from null to 0721d391-9877-4bc5-9778-84bb7e49252a at term 1 for appendEntries, leader elected after 5182ms
2019-09-10 19:00:36,702 [grpc-default-executor-2] INFO  impl.RaftServerImpl (ServerState.java:setLeader(253)) - 0b57ef76-c121-46fb-9637-94024daca647@group-F957B9D63A79: change Leader from null to 0721d391-9877-4bc5-9778-84bb7e49252a at term 1 for appendEntries, leader elected after 5182ms
2019-09-10 19:00:36,705 [grpc-default-executor-2] INFO  impl.RaftServerImpl (ServerState.java:setRaftConf(354)) - 8e2eaa3a-398a-46ef-9472-b716e4b01ba0@group-F957B9D63A79: set configuration 0: [0b57ef76-c121-46fb-9637-94024daca647:192.168.36.113:44606, 0721d391-9877-4bc5-9778-84bb7e49252a:192.168.36.113:44025, 8e2eaa3a-398a-46ef-9472-b716e4b01ba0:192.168.36.113:42203], old=null at 0
2019-09-10 19:00:36,705 [grpc-default-executor-4] INFO  impl.RaftServerImpl (ServerState.java:setRaftConf(354)) - 0b57ef76-c121-46fb-9637-94024daca647@group-F957B9D63A79: set configuration 0: [0b57ef76-c121-46fb-9637-94024daca647:192.168.36.113:44606, 0721d391-9877-4bc5-9778-84bb7e49252a:192.168.36.113:44025, 8e2eaa3a-398a-46ef-9472-b716e4b01ba0:192.168.36.113:42203], old=null at 0
2019-09-10 19:00:36,705 [grpc-default-executor-2] INFO  segmented.SegmentedRaftLogWorker (SegmentedRaftLogWorker.java:startLogSegment(380)) - 8e2eaa3a-398a-46ef-9472-b716e4b01ba0@group-F957B9D63A79-SegmentedRaftLogWorker: Starting segment from index:0
2019-09-10 19:00:36,705 [grpc-default-executor-4] INFO  segmented.SegmentedRaftLogWorker (SegmentedRaftLogWorker.java:startLogSegment(380)) - 0b57ef76-c121-46fb-9637-94024daca647@group-F957B9D63A79-SegmentedRaftLogWorker: Starting segment from index:0
2019-09-10 19:00:36,730 [0721d391-9877-4bc5-9778-84bb7e49252a@group-F957B9D63A79-SegmentedRaftLogWorker] INFO  segmented.SegmentedRaftLogWorker (SegmentedRaftLogWorker.java:execute(569)) - 0721d391-9877-4bc5-9778-84bb7e49252a@group-F957B9D63A79-SegmentedRaftLogWorker: created new log segment /workdir/hadoop-ozone/integration-test/target/test-dir/MiniOzoneClusterImpl-72d52129-3591-4c41-bfb8-19f96584a10d/datanode-1/data/ratis/f1dc604d-5181-49c0-b613-f957b9d63a79/current/log_inprogress_0
2019-09-10 19:00:36,755 [8e2eaa3a-398a-46ef-9472-b716e4b01ba0@group-F957B9D63A79-SegmentedRaftLogWorker] INFO  segmented.SegmentedRaftLogWorker (SegmentedRaftLogWorker.java:execute(569)) - 8e2eaa3a-398a-46ef-9472-b716e4b01ba0@group-F957B9D63A79-SegmentedRaftLogWorker: created new log segment /workdir/hadoop-ozone/integration-test/target/test-dir/MiniOzoneClusterImpl-72d52129-3591-4c41-bfb8-19f96584a10d/datanode-4/data/ratis/f1dc604d-5181-49c0-b613-f957b9d63a79/current/log_inprogress_0
2019-09-10 19:00:36,768 [0b57ef76-c121-46fb-9637-94024daca647@group-F957B9D63A79-SegmentedRaftLogWorker] INFO  segmented.SegmentedRaftLogWorker (SegmentedRaftLogWorker.java:execute(569)) - 0b57ef76-c121-46fb-9637-94024daca647@group-F957B9D63A79-SegmentedRaftLogWorker: created new log segment /workdir/hadoop-ozone/integration-test/target/test-dir/MiniOzoneClusterImpl-72d52129-3591-4c41-bfb8-19f96584a10d/datanode-6/data/ratis/f1dc604d-5181-49c0-b613-f957b9d63a79/current/log_inprogress_0
2019-09-10 19:00:37,100 [java.util.concurrent.ThreadPoolExecutor$Worker@6afaa2aa[State = -1, empty queue]] WARN  server.GrpcLogAppender (GrpcLogAppender.java:timeoutAppendRequest(200)) - d394239f-4003-4980-a11f-9e9a96bc4c4f@group-996C1A0A52D8->c01dc21c-c6d3-4daa-9385-9c828aa890a1-GrpcLogAppender: appendEntries Timeout, request=d394239f-4003-4980-a11f-9e9a96bc4c4f->c01dc21c-c6d3-4daa-9385-9c828aa890a1#95-t2, previous=(t:2, i:18), leaderCommit=12, initializing? false, entries: <empty>
2019-09-10 19:00:37,100 [java.util.concurrent.ThreadPoolExecutor$Worker@753f42ff[State = -1, empty queue]] WARN  server.GrpcLogAppender (GrpcLogAppender.java:timeoutAppendRequest(200)) - d394239f-4003-4980-a11f-9e9a96bc4c4f@group-996C1A0A52D8->08300216-d630-4cd9-aee9-766608000298-GrpcLogAppender: appendEntries Timeout, request=d394239f-4003-4980-a11f-9e9a96bc4c4f->08300216-d630-4cd9-aee9-766608000298#95-t2, previous=(t:2, i:18), leaderCommit=12, initializing? false, entries: <empty>
2019-09-10 19:00:38,355 [grpc-default-executor-4] INFO  impl.RaftServerProxy (RaftServerProxy.java:remove(95)) - 0721d391-9877-4bc5-9778-84bb7e49252a: remove group-6ED7C0A64790:null
2019-09-10 19:00:38,361 [RatisPipelineUtilsThread] WARN  pipeline.RatisPipelineUtils (RatisPipelineUtils.java:destroyPipeline(66)) - Pipeline destroy failed for pipeline=PipelineID=b6f271ac-cec0-435e-84e1-6ed7c0a64790 dn=0721d391-9877-4bc5-9778-84bb7e49252a{ip: 192.168.36.113, host: pr-hdds-1982-decom-states-gjzbw-1854142291, networkLocation: /default-rack, certSerialId: null}
2019-09-10 19:00:38,366 [grpc-default-executor-4] INFO  impl.RaftServerProxy (RaftServerProxy.java:remove(95)) - 8e2eaa3a-398a-46ef-9472-b716e4b01ba0: remove group-6ED7C0A64790:null
2019-09-10 19:00:38,371 [RatisPipelineUtilsThread] WARN  pipeline.RatisPipelineUtils (RatisPipelineUtils.java:destroyPipeline(66)) - Pipeline destroy failed for pipeline=PipelineID=b6f271ac-cec0-435e-84e1-6ed7c0a64790 dn=8e2eaa3a-398a-46ef-9472-b716e4b01ba0{ip: 192.168.36.113, host: pr-hdds-1982-decom-states-gjzbw-1854142291, networkLocation: /default-rack, certSerialId: null}
2019-09-10 19:00:38,376 [grpc-default-executor-4] INFO  impl.RaftServerProxy (RaftServerProxy.java:remove(95)) - 0b57ef76-c121-46fb-9637-94024daca647: remove group-6ED7C0A64790:null
2019-09-10 19:00:38,380 [RatisPipelineUtilsThread] WARN  pipeline.RatisPipelineUtils (RatisPipelineUtils.java:destroyPipeline(66)) - Pipeline destroy failed for pipeline=PipelineID=b6f271ac-cec0-435e-84e1-6ed7c0a64790 dn=0b57ef76-c121-46fb-9637-94024daca647{ip: 192.168.36.113, host: pr-hdds-1982-decom-states-gjzbw-1854142291, networkLocation: /default-rack, certSerialId: null}
2019-09-10 19:00:38,380 [RatisPipelineUtilsThread] ERROR pipeline.SCMPipelineManager (Scheduler.java:lambda$schedule$1(70)) - Destroy pipeline failed for pipeline:Pipeline[ Id: b6f271ac-cec0-435e-84e1-6ed7c0a64790, Nodes: 0721d391-9877-4bc5-9778-84bb7e49252a{ip: 192.168.36.113, host: pr-hdds-1982-decom-states-gjzbw-1854142291, networkLocation: /default-rack, certSerialId: null}8e2eaa3a-398a-46ef-9472-b716e4b01ba0{ip: 192.168.36.113, host: pr-hdds-1982-decom-states-gjzbw-1854142291, networkLocation: /default-rack, certSerialId: null}0b57ef76-c121-46fb-9637-94024daca647{ip: 192.168.36.113, host: pr-hdds-1982-decom-states-gjzbw-1854142291, networkLocation: /default-rack, certSerialId: null}, Type:RATIS, Factor:THREE, State:CLOSED]
org.apache.hadoop.hdds.scm.pipeline.PipelineNotFoundException: PipelineID=b6f271ac-cec0-435e-84e1-6ed7c0a64790 not found
	at org.apache.hadoop.hdds.scm.pipeline.PipelineStateMap.getPipeline(PipelineStateMap.java:132)
	at org.apache.hadoop.hdds.scm.pipeline.PipelineStateMap.removePipeline(PipelineStateMap.java:322)
	at org.apache.hadoop.hdds.scm.pipeline.PipelineStateManager.removePipeline(PipelineStateManager.java:107)
	at org.apache.hadoop.hdds.scm.pipeline.SCMPipelineManager.removePipeline(SCMPipelineManager.java:423)
	at org.apache.hadoop.hdds.scm.pipeline.SCMPipelineManager.destroyPipeline(SCMPipelineManager.java:409)
	at org.apache.hadoop.hdds.scm.pipeline.SCMPipelineManager.lambda$finalizeAndDestroyPipeline$0(SCMPipelineManager.java:318)
	at org.apache.hadoop.utils.Scheduler.lambda$schedule$1(Scheduler.java:68)
	at java.util.concurrent.Executors$RunnableAdapter.call(Executors.java:511)
	at java.util.concurrent.FutureTask.run(FutureTask.java:266)
	at java.util.concurrent.ScheduledThreadPoolExecutor$ScheduledFutureTask.access$201(ScheduledThreadPoolExecutor.java:180)
	at java.util.concurrent.ScheduledThreadPoolExecutor$ScheduledFutureTask.run(ScheduledThreadPoolExecutor.java:293)
	at java.util.concurrent.ThreadPoolExecutor.runWorker(ThreadPoolExecutor.java:1149)
	at java.util.concurrent.ThreadPoolExecutor$Worker.run(ThreadPoolExecutor.java:624)
	at java.lang.Thread.run(Thread.java:748)
2019-09-10 19:00:39,600 [java.util.concurrent.ThreadPoolExecutor$Worker@6afaa2aa[State = -1, empty queue]] WARN  server.GrpcLogAppender (GrpcLogAppender.java:timeoutAppendRequest(200)) - d394239f-4003-4980-a11f-9e9a96bc4c4f@group-996C1A0A52D8->c01dc21c-c6d3-4daa-9385-9c828aa890a1-GrpcLogAppender: appendEntries Timeout, request=d394239f-4003-4980-a11f-9e9a96bc4c4f->c01dc21c-c6d3-4daa-9385-9c828aa890a1#96-t2, previous=(t:2, i:18), leaderCommit=12, initializing? false, entries: <empty>
2019-09-10 19:00:39,600 [java.util.concurrent.ThreadPoolExecutor$Worker@753f42ff[State = -1, empty queue]] WARN  server.GrpcLogAppender (GrpcLogAppender.java:timeoutAppendRequest(200)) - d394239f-4003-4980-a11f-9e9a96bc4c4f@group-996C1A0A52D8->08300216-d630-4cd9-aee9-766608000298-GrpcLogAppender: appendEntries Timeout, request=d394239f-4003-4980-a11f-9e9a96bc4c4f->08300216-d630-4cd9-aee9-766608000298#96-t2, previous=(t:2, i:18), leaderCommit=12, initializing? false, entries: <empty>
2019-09-10 19:00:40,356 [grpc-default-executor-2] INFO  impl.RaftServerProxy (RaftServerProxy.java:remove(95)) - 0721d391-9877-4bc5-9778-84bb7e49252a: remove group-6ED7C0A64790:null
2019-09-10 19:00:40,362 [RatisPipelineUtilsThread] WARN  pipeline.RatisPipelineUtils (RatisPipelineUtils.java:destroyPipeline(66)) - Pipeline destroy failed for pipeline=PipelineID=b6f271ac-cec0-435e-84e1-6ed7c0a64790 dn=0721d391-9877-4bc5-9778-84bb7e49252a{ip: 192.168.36.113, host: pr-hdds-1982-decom-states-gjzbw-1854142291, networkLocation: /default-rack, certSerialId: null}
2019-09-10 19:00:40,368 [grpc-default-executor-2] INFO  impl.RaftServerProxy (RaftServerProxy.java:remove(95)) - 8e2eaa3a-398a-46ef-9472-b716e4b01ba0: remove group-6ED7C0A64790:null
2019-09-10 19:00:40,373 [RatisPipelineUtilsThread] WARN  pipeline.RatisPipelineUtils (RatisPipelineUtils.java:destroyPipeline(66)) - Pipeline destroy failed for pipeline=PipelineID=b6f271ac-cec0-435e-84e1-6ed7c0a64790 dn=8e2eaa3a-398a-46ef-9472-b716e4b01ba0{ip: 192.168.36.113, host: pr-hdds-1982-decom-states-gjzbw-1854142291, networkLocation: /default-rack, certSerialId: null}
2019-09-10 19:00:40,378 [grpc-default-executor-2] INFO  impl.RaftServerProxy (RaftServerProxy.java:remove(95)) - 0b57ef76-c121-46fb-9637-94024daca647: remove group-6ED7C0A64790:null
2019-09-10 19:00:40,384 [RatisPipelineUtilsThread] WARN  pipeline.RatisPipelineUtils (RatisPipelineUtils.java:destroyPipeline(66)) - Pipeline destroy failed for pipeline=PipelineID=b6f271ac-cec0-435e-84e1-6ed7c0a64790 dn=0b57ef76-c121-46fb-9637-94024daca647{ip: 192.168.36.113, host: pr-hdds-1982-decom-states-gjzbw-1854142291, networkLocation: /default-rack, certSerialId: null}
2019-09-10 19:00:40,384 [RatisPipelineUtilsThread] ERROR pipeline.SCMPipelineManager (Scheduler.java:lambda$schedule$1(70)) - Destroy pipeline failed for pipeline:Pipeline[ Id: b6f271ac-cec0-435e-84e1-6ed7c0a64790, Nodes: 0721d391-9877-4bc5-9778-84bb7e49252a{ip: 192.168.36.113, host: pr-hdds-1982-decom-states-gjzbw-1854142291, networkLocation: /default-rack, certSerialId: null}8e2eaa3a-398a-46ef-9472-b716e4b01ba0{ip: 192.168.36.113, host: pr-hdds-1982-decom-states-gjzbw-1854142291, networkLocation: /default-rack, certSerialId: null}0b57ef76-c121-46fb-9637-94024daca647{ip: 192.168.36.113, host: pr-hdds-1982-decom-states-gjzbw-1854142291, networkLocation: /default-rack, certSerialId: null}, Type:RATIS, Factor:THREE, State:CLOSED]
org.apache.hadoop.hdds.scm.pipeline.PipelineNotFoundException: PipelineID=b6f271ac-cec0-435e-84e1-6ed7c0a64790 not found
	at org.apache.hadoop.hdds.scm.pipeline.PipelineStateMap.getPipeline(PipelineStateMap.java:132)
	at org.apache.hadoop.hdds.scm.pipeline.PipelineStateMap.removePipeline(PipelineStateMap.java:322)
	at org.apache.hadoop.hdds.scm.pipeline.PipelineStateManager.removePipeline(PipelineStateManager.java:107)
	at org.apache.hadoop.hdds.scm.pipeline.SCMPipelineManager.removePipeline(SCMPipelineManager.java:423)
	at org.apache.hadoop.hdds.scm.pipeline.SCMPipelineManager.destroyPipeline(SCMPipelineManager.java:409)
	at org.apache.hadoop.hdds.scm.pipeline.SCMPipelineManager.lambda$finalizeAndDestroyPipeline$0(SCMPipelineManager.java:318)
	at org.apache.hadoop.utils.Scheduler.lambda$schedule$1(Scheduler.java:68)
	at java.util.concurrent.Executors$RunnableAdapter.call(Executors.java:511)
	at java.util.concurrent.FutureTask.run(FutureTask.java:266)
	at java.util.concurrent.ScheduledThreadPoolExecutor$ScheduledFutureTask.access$201(ScheduledThreadPoolExecutor.java:180)
	at java.util.concurrent.ScheduledThreadPoolExecutor$ScheduledFutureTask.run(ScheduledThreadPoolExecutor.java:293)
	at java.util.concurrent.ThreadPoolExecutor.runWorker(ThreadPoolExecutor.java:1149)
	at java.util.concurrent.ThreadPoolExecutor$Worker.run(ThreadPoolExecutor.java:624)
	at java.lang.Thread.run(Thread.java:748)
2019-09-10 19:00:41,597 [c01dc21c-c6d3-4daa-9385-9c828aa890a1@group-996C1A0A52D8-SegmentedRaftLogWorker] WARN  segmented.SegmentedRaftLogWorker (SegmentedRaftLogWorker.java:getFromFuture(90)) - Timeout 0/~
org.apache.ratis.protocol.TimeoutIOException: Timeout 10s: WriteLog:13: (t:2, i:13), STATEMACHINELOGENTRY, client-4EEF7FFC2E17, cid=33-writeStateMachineData
	at org.apache.ratis.util.IOUtils.getFromFuture(IOUtils.java:87)
	at org.apache.ratis.server.raftlog.segmented.SegmentedRaftLogWorker$StateMachineDataPolicy.getFromFuture(SegmentedRaftLogWorker.java:87)
	at org.apache.ratis.server.raftlog.segmented.SegmentedRaftLogWorker$WriteLog.execute(SegmentedRaftLogWorker.java:477)
	at org.apache.ratis.server.raftlog.segmented.SegmentedRaftLogWorker.run(SegmentedRaftLogWorker.java:289)
	at java.lang.Thread.run(Thread.java:748)
Caused by: java.util.concurrent.TimeoutException
	at java.util.concurrent.CompletableFuture.timedGet(CompletableFuture.java:1771)
	at java.util.concurrent.CompletableFuture.get(CompletableFuture.java:1915)
	at org.apache.ratis.util.IOUtils.getFromFuture(IOUtils.java:79)
	... 4 more
2019-09-10 19:00:41,597 [08300216-d630-4cd9-aee9-766608000298@group-996C1A0A52D8-SegmentedRaftLogWorker] WARN  segmented.SegmentedRaftLogWorker (SegmentedRaftLogWorker.java:getFromFuture(90)) - Timeout 0/~
org.apache.ratis.protocol.TimeoutIOException: Timeout 10s: WriteLog:13: (t:2, i:13), STATEMACHINELOGENTRY, client-4EEF7FFC2E17, cid=33-writeStateMachineData
	at org.apache.ratis.util.IOUtils.getFromFuture(IOUtils.java:87)
	at org.apache.ratis.server.raftlog.segmented.SegmentedRaftLogWorker$StateMachineDataPolicy.getFromFuture(SegmentedRaftLogWorker.java:87)
	at org.apache.ratis.server.raftlog.segmented.SegmentedRaftLogWorker$WriteLog.execute(SegmentedRaftLogWorker.java:477)
	at org.apache.ratis.server.raftlog.segmented.SegmentedRaftLogWorker.run(SegmentedRaftLogWorker.java:289)
	at java.lang.Thread.run(Thread.java:748)
Caused by: java.util.concurrent.TimeoutException
	at java.util.concurrent.CompletableFuture.timedGet(CompletableFuture.java:1771)
	at java.util.concurrent.CompletableFuture.get(CompletableFuture.java:1915)
	at org.apache.ratis.util.IOUtils.getFromFuture(IOUtils.java:79)
	... 4 more
2019-09-10 19:00:41,666 [grpc-default-executor-4] INFO  client.GrpcClientProtocolClient (GrpcClientProtocolClient.java:onNext(264)) - client-4EEF7FFC2E17->c01dc21c-c6d3-4daa-9385-9c828aa890a1: receive RaftClientReply:client-4EEF7FFC2E17->c01dc21c-c6d3-4daa-9385-9c828aa890a1@group-996C1A0A52D8, cid=33, FAILED org.apache.ratis.protocol.NotLeaderException: Server c01dc21c-c6d3-4daa-9385-9c828aa890a1@group-996C1A0A52D8 is not the leader d394239f-4003-4980-a11f-9e9a96bc4c4f:192.168.36.113:33987, logIndex=0, commits[c01dc21c-c6d3-4daa-9385-9c828aa890a1:c12, d394239f-4003-4980-a11f-9e9a96bc4c4f:c12, 08300216-d630-4cd9-aee9-766608000298:c10]
2019-09-10 19:00:41,887 [d394239f-4003-4980-a11f-9e9a96bc4c4f@group-996C1A0A52D8-SegmentedRaftLogWorker] WARN  segmented.SegmentedRaftLogWorker (SegmentedRaftLogWorker.java:getFromFuture(90)) - Timeout 0/~
org.apache.ratis.protocol.TimeoutIOException: Timeout 10s: WriteLog:16: (t:2, i:16), STATEMACHINELOGENTRY, client-4EEF7FFC2E17, cid=36-writeStateMachineData
	at org.apache.ratis.util.IOUtils.getFromFuture(IOUtils.java:87)
	at org.apache.ratis.server.raftlog.segmented.SegmentedRaftLogWorker$StateMachineDataPolicy.getFromFuture(SegmentedRaftLogWorker.java:87)
	at org.apache.ratis.server.raftlog.segmented.SegmentedRaftLogWorker$WriteLog.execute(SegmentedRaftLogWorker.java:477)
	at org.apache.ratis.server.raftlog.segmented.SegmentedRaftLogWorker.run(SegmentedRaftLogWorker.java:289)
	at java.lang.Thread.run(Thread.java:748)
Caused by: java.util.concurrent.TimeoutException
	at java.util.concurrent.CompletableFuture.timedGet(CompletableFuture.java:1771)
	at java.util.concurrent.CompletableFuture.get(CompletableFuture.java:1915)
	at org.apache.ratis.util.IOUtils.getFromFuture(IOUtils.java:79)
	... 4 more
2019-09-10 19:00:42,102 [java.util.concurrent.ThreadPoolExecutor$Worker@6afaa2aa[State = -1, empty queue]] WARN  server.GrpcLogAppender (GrpcLogAppender.java:timeoutAppendRequest(200)) - d394239f-4003-4980-a11f-9e9a96bc4c4f@group-996C1A0A52D8->c01dc21c-c6d3-4daa-9385-9c828aa890a1-GrpcLogAppender: appendEntries Timeout, request=d394239f-4003-4980-a11f-9e9a96bc4c4f->c01dc21c-c6d3-4daa-9385-9c828aa890a1#97-t2, previous=(t:2, i:18), leaderCommit=12, initializing? false, entries: <empty>
2019-09-10 19:00:42,102 [java.util.concurrent.ThreadPoolExecutor$Worker@753f42ff[State = -1, empty queue]] WARN  server.GrpcLogAppender (GrpcLogAppender.java:timeoutAppendRequest(200)) - d394239f-4003-4980-a11f-9e9a96bc4c4f@group-996C1A0A52D8->08300216-d630-4cd9-aee9-766608000298-GrpcLogAppender: appendEntries Timeout, request=d394239f-4003-4980-a11f-9e9a96bc4c4f->08300216-d630-4cd9-aee9-766608000298#97-t2, previous=(t:2, i:18), leaderCommit=12, initializing? false, entries: <empty>
2019-09-10 19:00:43,360 [grpc-default-executor-4] INFO  impl.RaftServerProxy (RaftServerProxy.java:remove(95)) - 0721d391-9877-4bc5-9778-84bb7e49252a: remove group-6ED7C0A64790:null
2019-09-10 19:00:43,368 [RatisPipelineUtilsThread] WARN  pipeline.RatisPipelineUtils (RatisPipelineUtils.java:destroyPipeline(66)) - Pipeline destroy failed for pipeline=PipelineID=b6f271ac-cec0-435e-84e1-6ed7c0a64790 dn=0721d391-9877-4bc5-9778-84bb7e49252a{ip: 192.168.36.113, host: pr-hdds-1982-decom-states-gjzbw-1854142291, networkLocation: /default-rack, certSerialId: null}
2019-09-10 19:00:43,374 [grpc-default-executor-4] INFO  impl.RaftServerProxy (RaftServerProxy.java:remove(95)) - 8e2eaa3a-398a-46ef-9472-b716e4b01ba0: remove group-6ED7C0A64790:null
2019-09-10 19:00:43,379 [RatisPipelineUtilsThread] WARN  pipeline.RatisPipelineUtils (RatisPipelineUtils.java:destroyPipeline(66)) - Pipeline destroy failed for pipeline=PipelineID=b6f271ac-cec0-435e-84e1-6ed7c0a64790 dn=8e2eaa3a-398a-46ef-9472-b716e4b01ba0{ip: 192.168.36.113, host: pr-hdds-1982-decom-states-gjzbw-1854142291, networkLocation: /default-rack, certSerialId: null}
2019-09-10 19:00:43,384 [grpc-default-executor-4] INFO  impl.RaftServerProxy (RaftServerProxy.java:remove(95)) - 0b57ef76-c121-46fb-9637-94024daca647: remove group-6ED7C0A64790:null
2019-09-10 19:00:43,390 [RatisPipelineUtilsThread] WARN  pipeline.RatisPipelineUtils (RatisPipelineUtils.java:destroyPipeline(66)) - Pipeline destroy failed for pipeline=PipelineID=b6f271ac-cec0-435e-84e1-6ed7c0a64790 dn=0b57ef76-c121-46fb-9637-94024daca647{ip: 192.168.36.113, host: pr-hdds-1982-decom-states-gjzbw-1854142291, networkLocation: /default-rack, certSerialId: null}
2019-09-10 19:00:43,390 [RatisPipelineUtilsThread] ERROR pipeline.SCMPipelineManager (Scheduler.java:lambda$schedule$1(70)) - Destroy pipeline failed for pipeline:Pipeline[ Id: b6f271ac-cec0-435e-84e1-6ed7c0a64790, Nodes: 0721d391-9877-4bc5-9778-84bb7e49252a{ip: 192.168.36.113, host: pr-hdds-1982-decom-states-gjzbw-1854142291, networkLocation: /default-rack, certSerialId: null}8e2eaa3a-398a-46ef-9472-b716e4b01ba0{ip: 192.168.36.113, host: pr-hdds-1982-decom-states-gjzbw-1854142291, networkLocation: /default-rack, certSerialId: null}0b57ef76-c121-46fb-9637-94024daca647{ip: 192.168.36.113, host: pr-hdds-1982-decom-states-gjzbw-1854142291, networkLocation: /default-rack, certSerialId: null}, Type:RATIS, Factor:THREE, State:CLOSED]
org.apache.hadoop.hdds.scm.pipeline.PipelineNotFoundException: PipelineID=b6f271ac-cec0-435e-84e1-6ed7c0a64790 not found
	at org.apache.hadoop.hdds.scm.pipeline.PipelineStateMap.getPipeline(PipelineStateMap.java:132)
	at org.apache.hadoop.hdds.scm.pipeline.PipelineStateMap.removePipeline(PipelineStateMap.java:322)
	at org.apache.hadoop.hdds.scm.pipeline.PipelineStateManager.removePipeline(PipelineStateManager.java:107)
	at org.apache.hadoop.hdds.scm.pipeline.SCMPipelineManager.removePipeline(SCMPipelineManager.java:423)
	at org.apache.hadoop.hdds.scm.pipeline.SCMPipelineManager.destroyPipeline(SCMPipelineManager.java:409)
	at org.apache.hadoop.hdds.scm.pipeline.SCMPipelineManager.lambda$finalizeAndDestroyPipeline$0(SCMPipelineManager.java:318)
	at org.apache.hadoop.utils.Scheduler.lambda$schedule$1(Scheduler.java:68)
	at java.util.concurrent.Executors$RunnableAdapter.call(Executors.java:511)
	at java.util.concurrent.FutureTask.run(FutureTask.java:266)
	at java.util.concurrent.ScheduledThreadPoolExecutor$ScheduledFutureTask.access$201(ScheduledThreadPoolExecutor.java:180)
	at java.util.concurrent.ScheduledThreadPoolExecutor$ScheduledFutureTask.run(ScheduledThreadPoolExecutor.java:293)
	at java.util.concurrent.ThreadPoolExecutor.runWorker(ThreadPoolExecutor.java:1149)
	at java.util.concurrent.ThreadPoolExecutor$Worker.run(ThreadPoolExecutor.java:624)
	at java.lang.Thread.run(Thread.java:748)
2019-09-10 19:00:44,602 [java.util.concurrent.ThreadPoolExecutor$Worker@6afaa2aa[State = -1, empty queue]] WARN  server.GrpcLogAppender (GrpcLogAppender.java:timeoutAppendRequest(200)) - d394239f-4003-4980-a11f-9e9a96bc4c4f@group-996C1A0A52D8->c01dc21c-c6d3-4daa-9385-9c828aa890a1-GrpcLogAppender: appendEntries Timeout, request=d394239f-4003-4980-a11f-9e9a96bc4c4f->c01dc21c-c6d3-4daa-9385-9c828aa890a1#98-t2, previous=(t:2, i:18), leaderCommit=12, initializing? false, entries: <empty>
2019-09-10 19:00:44,602 [java.util.concurrent.ThreadPoolExecutor$Worker@753f42ff[State = -1, empty queue]] WARN  server.GrpcLogAppender (GrpcLogAppender.java:timeoutAppendRequest(200)) - d394239f-4003-4980-a11f-9e9a96bc4c4f@group-996C1A0A52D8->08300216-d630-4cd9-aee9-766608000298-GrpcLogAppender: appendEntries Timeout, request=d394239f-4003-4980-a11f-9e9a96bc4c4f->08300216-d630-4cd9-aee9-766608000298#98-t2, previous=(t:2, i:18), leaderCommit=12, initializing? false, entries: <empty>
2019-09-10 19:00:45,357 [grpc-default-executor-4] INFO  impl.RaftServerProxy (RaftServerProxy.java:remove(95)) - 0721d391-9877-4bc5-9778-84bb7e49252a: remove group-6ED7C0A64790:null
2019-09-10 19:00:45,365 [RatisPipelineUtilsThread] WARN  pipeline.RatisPipelineUtils (RatisPipelineUtils.java:destroyPipeline(66)) - Pipeline destroy failed for pipeline=PipelineID=b6f271ac-cec0-435e-84e1-6ed7c0a64790 dn=0721d391-9877-4bc5-9778-84bb7e49252a{ip: 192.168.36.113, host: pr-hdds-1982-decom-states-gjzbw-1854142291, networkLocation: /default-rack, certSerialId: null}
2019-09-10 19:00:45,372 [grpc-default-executor-4] INFO  impl.RaftServerProxy (RaftServerProxy.java:remove(95)) - 8e2eaa3a-398a-46ef-9472-b716e4b01ba0: remove group-6ED7C0A64790:null
2019-09-10 19:00:45,377 [RatisPipelineUtilsThread] WARN  pipeline.RatisPipelineUtils (RatisPipelineUtils.java:destroyPipeline(66)) - Pipeline destroy failed for pipeline=PipelineID=b6f271ac-cec0-435e-84e1-6ed7c0a64790 dn=8e2eaa3a-398a-46ef-9472-b716e4b01ba0{ip: 192.168.36.113, host: pr-hdds-1982-decom-states-gjzbw-1854142291, networkLocation: /default-rack, certSerialId: null}
2019-09-10 19:00:45,383 [grpc-default-executor-4] INFO  impl.RaftServerProxy (RaftServerProxy.java:remove(95)) - 0b57ef76-c121-46fb-9637-94024daca647: remove group-6ED7C0A64790:null
2019-09-10 19:00:45,403 [RatisPipelineUtilsThread] WARN  pipeline.RatisPipelineUtils (RatisPipelineUtils.java:destroyPipeline(66)) - Pipeline destroy failed for pipeline=PipelineID=b6f271ac-cec0-435e-84e1-6ed7c0a64790 dn=0b57ef76-c121-46fb-9637-94024daca647{ip: 192.168.36.113, host: pr-hdds-1982-decom-states-gjzbw-1854142291, networkLocation: /default-rack, certSerialId: null}
2019-09-10 19:00:45,403 [RatisPipelineUtilsThread] ERROR pipeline.SCMPipelineManager (Scheduler.java:lambda$schedule$1(70)) - Destroy pipeline failed for pipeline:Pipeline[ Id: b6f271ac-cec0-435e-84e1-6ed7c0a64790, Nodes: 0721d391-9877-4bc5-9778-84bb7e49252a{ip: 192.168.36.113, host: pr-hdds-1982-decom-states-gjzbw-1854142291, networkLocation: /default-rack, certSerialId: null}8e2eaa3a-398a-46ef-9472-b716e4b01ba0{ip: 192.168.36.113, host: pr-hdds-1982-decom-states-gjzbw-1854142291, networkLocation: /default-rack, certSerialId: null}0b57ef76-c121-46fb-9637-94024daca647{ip: 192.168.36.113, host: pr-hdds-1982-decom-states-gjzbw-1854142291, networkLocation: /default-rack, certSerialId: null}, Type:RATIS, Factor:THREE, State:CLOSED]
org.apache.hadoop.hdds.scm.pipeline.PipelineNotFoundException: PipelineID=b6f271ac-cec0-435e-84e1-6ed7c0a64790 not found
	at org.apache.hadoop.hdds.scm.pipeline.PipelineStateMap.getPipeline(PipelineStateMap.java:132)
	at org.apache.hadoop.hdds.scm.pipeline.PipelineStateMap.removePipeline(PipelineStateMap.java:322)
	at org.apache.hadoop.hdds.scm.pipeline.PipelineStateManager.removePipeline(PipelineStateManager.java:107)
	at org.apache.hadoop.hdds.scm.pipeline.SCMPipelineManager.removePipeline(SCMPipelineManager.java:423)
	at org.apache.hadoop.hdds.scm.pipeline.SCMPipelineManager.destroyPipeline(SCMPipelineManager.java:409)
	at org.apache.hadoop.hdds.scm.pipeline.SCMPipelineManager.lambda$finalizeAndDestroyPipeline$0(SCMPipelineManager.java:318)
	at org.apache.hadoop.utils.Scheduler.lambda$schedule$1(Scheduler.java:68)
	at java.util.concurrent.Executors$RunnableAdapter.call(Executors.java:511)
	at java.util.concurrent.FutureTask.run(FutureTask.java:266)
	at java.util.concurrent.ScheduledThreadPoolExecutor$ScheduledFutureTask.access$201(ScheduledThreadPoolExecutor.java:180)
	at java.util.concurrent.ScheduledThreadPoolExecutor$ScheduledFutureTask.run(ScheduledThreadPoolExecutor.java:293)
	at java.util.concurrent.ThreadPoolExecutor.runWorker(ThreadPoolExecutor.java:1149)
	at java.util.concurrent.ThreadPoolExecutor$Worker.run(ThreadPoolExecutor.java:624)
	at java.lang.Thread.run(Thread.java:748)
2019-09-10 19:00:46,717 [grpc-default-executor-2] INFO  client.GrpcClientProtocolClient (GrpcClientProtocolClient.java:onNext(264)) - client-4EEF7FFC2E17->08300216-d630-4cd9-aee9-766608000298: receive RaftClientReply:client-4EEF7FFC2E17->08300216-d630-4cd9-aee9-766608000298@group-996C1A0A52D8, cid=33, FAILED org.apache.ratis.protocol.NotLeaderException: Server 08300216-d630-4cd9-aee9-766608000298@group-996C1A0A52D8 is not the leader d394239f-4003-4980-a11f-9e9a96bc4c4f:192.168.36.113:33987, logIndex=0, commits[08300216-d630-4cd9-aee9-766608000298:c12, d394239f-4003-4980-a11f-9e9a96bc4c4f:c12, c01dc21c-c6d3-4daa-9385-9c828aa890a1:c10]
2019-09-10 19:00:47,103 [java.util.concurrent.ThreadPoolExecutor$Worker@6afaa2aa[State = -1, empty queue]] WARN  server.GrpcLogAppender (GrpcLogAppender.java:timeoutAppendRequest(200)) - d394239f-4003-4980-a11f-9e9a96bc4c4f@group-996C1A0A52D8->c01dc21c-c6d3-4daa-9385-9c828aa890a1-GrpcLogAppender: appendEntries Timeout, request=d394239f-4003-4980-a11f-9e9a96bc4c4f->c01dc21c-c6d3-4daa-9385-9c828aa890a1#99-t2, previous=(t:2, i:18), leaderCommit=12, initializing? false, entries: <empty>
2019-09-10 19:00:47,103 [java.util.concurrent.ThreadPoolExecutor$Worker@753f42ff[State = -1, empty queue]] WARN  server.GrpcLogAppender (GrpcLogAppender.java:timeoutAppendRequest(200)) - d394239f-4003-4980-a11f-9e9a96bc4c4f@group-996C1A0A52D8->08300216-d630-4cd9-aee9-766608000298-GrpcLogAppender: appendEntries Timeout, request=d394239f-4003-4980-a11f-9e9a96bc4c4f->08300216-d630-4cd9-aee9-766608000298#99-t2, previous=(t:2, i:18), leaderCommit=12, initializing? false, entries: <empty>
2019-09-10 19:00:48,361 [grpc-default-executor-2] INFO  impl.RaftServerProxy (RaftServerProxy.java:remove(95)) - 0721d391-9877-4bc5-9778-84bb7e49252a: remove group-6ED7C0A64790:null
2019-09-10 19:00:48,367 [RatisPipelineUtilsThread] WARN  pipeline.RatisPipelineUtils (RatisPipelineUtils.java:destroyPipeline(66)) - Pipeline destroy failed for pipeline=PipelineID=b6f271ac-cec0-435e-84e1-6ed7c0a64790 dn=0721d391-9877-4bc5-9778-84bb7e49252a{ip: 192.168.36.113, host: pr-hdds-1982-decom-states-gjzbw-1854142291, networkLocation: /default-rack, certSerialId: null}
2019-09-10 19:00:48,371 [grpc-default-executor-2] INFO  impl.RaftServerProxy (RaftServerProxy.java:remove(95)) - 8e2eaa3a-398a-46ef-9472-b716e4b01ba0: remove group-6ED7C0A64790:null
2019-09-10 19:00:48,376 [RatisPipelineUtilsThread] WARN  pipeline.RatisPipelineUtils (RatisPipelineUtils.java:destroyPipeline(66)) - Pipeline destroy failed for pipeline=PipelineID=b6f271ac-cec0-435e-84e1-6ed7c0a64790 dn=8e2eaa3a-398a-46ef-9472-b716e4b01ba0{ip: 192.168.36.113, host: pr-hdds-1982-decom-states-gjzbw-1854142291, networkLocation: /default-rack, certSerialId: null}
2019-09-10 19:00:48,390 [grpc-default-executor-2] INFO  impl.RaftServerProxy (RaftServerProxy.java:remove(95)) - 0b57ef76-c121-46fb-9637-94024daca647: remove group-6ED7C0A64790:null
2019-09-10 19:00:48,395 [RatisPipelineUtilsThread] WARN  pipeline.RatisPipelineUtils (RatisPipelineUtils.java:destroyPipeline(66)) - Pipeline destroy failed for pipeline=PipelineID=b6f271ac-cec0-435e-84e1-6ed7c0a64790 dn=0b57ef76-c121-46fb-9637-94024daca647{ip: 192.168.36.113, host: pr-hdds-1982-decom-states-gjzbw-1854142291, networkLocation: /default-rack, certSerialId: null}
2019-09-10 19:00:48,396 [RatisPipelineUtilsThread] ERROR pipeline.SCMPipelineManager (Scheduler.java:lambda$schedule$1(70)) - Destroy pipeline failed for pipeline:Pipeline[ Id: b6f271ac-cec0-435e-84e1-6ed7c0a64790, Nodes: 0721d391-9877-4bc5-9778-84bb7e49252a{ip: 192.168.36.113, host: pr-hdds-1982-decom-states-gjzbw-1854142291, networkLocation: /default-rack, certSerialId: null}8e2eaa3a-398a-46ef-9472-b716e4b01ba0{ip: 192.168.36.113, host: pr-hdds-1982-decom-states-gjzbw-1854142291, networkLocation: /default-rack, certSerialId: null}0b57ef76-c121-46fb-9637-94024daca647{ip: 192.168.36.113, host: pr-hdds-1982-decom-states-gjzbw-1854142291, networkLocation: /default-rack, certSerialId: null}, Type:RATIS, Factor:THREE, State:CLOSED]
org.apache.hadoop.hdds.scm.pipeline.PipelineNotFoundException: PipelineID=b6f271ac-cec0-435e-84e1-6ed7c0a64790 not found
	at org.apache.hadoop.hdds.scm.pipeline.PipelineStateMap.getPipeline(PipelineStateMap.java:132)
	at org.apache.hadoop.hdds.scm.pipeline.PipelineStateMap.removePipeline(PipelineStateMap.java:322)
	at org.apache.hadoop.hdds.scm.pipeline.PipelineStateManager.removePipeline(PipelineStateManager.java:107)
	at org.apache.hadoop.hdds.scm.pipeline.SCMPipelineManager.removePipeline(SCMPipelineManager.java:423)
	at org.apache.hadoop.hdds.scm.pipeline.SCMPipelineManager.destroyPipeline(SCMPipelineManager.java:409)
	at org.apache.hadoop.hdds.scm.pipeline.SCMPipelineManager.lambda$finalizeAndDestroyPipeline$0(SCMPipelineManager.java:318)
	at org.apache.hadoop.utils.Scheduler.lambda$schedule$1(Scheduler.java:68)
	at java.util.concurrent.Executors$RunnableAdapter.call(Executors.java:511)
	at java.util.concurrent.FutureTask.run(FutureTask.java:266)
	at java.util.concurrent.ScheduledThreadPoolExecutor$ScheduledFutureTask.access$201(ScheduledThreadPoolExecutor.java:180)
	at java.util.concurrent.ScheduledThreadPoolExecutor$ScheduledFutureTask.run(ScheduledThreadPoolExecutor.java:293)
	at java.util.concurrent.ThreadPoolExecutor.runWorker(ThreadPoolExecutor.java:1149)
	at java.util.concurrent.ThreadPoolExecutor$Worker.run(ThreadPoolExecutor.java:624)
	at java.lang.Thread.run(Thread.java:748)
2019-09-10 19:00:49,605 [java.util.concurrent.ThreadPoolExecutor$Worker@753f42ff[State = -1, empty queue]] WARN  server.GrpcLogAppender (GrpcLogAppender.java:timeoutAppendRequest(200)) - d394239f-4003-4980-a11f-9e9a96bc4c4f@group-996C1A0A52D8->08300216-d630-4cd9-aee9-766608000298-GrpcLogAppender: appendEntries Timeout, request=d394239f-4003-4980-a11f-9e9a96bc4c4f->08300216-d630-4cd9-aee9-766608000298#100-t2, previous=(t:2, i:18), leaderCommit=12, initializing? false, entries: <empty>
2019-09-10 19:00:49,605 [java.util.concurrent.ThreadPoolExecutor$Worker@6afaa2aa[State = -1, empty queue]] WARN  server.GrpcLogAppender (GrpcLogAppender.java:timeoutAppendRequest(200)) - d394239f-4003-4980-a11f-9e9a96bc4c4f@group-996C1A0A52D8->c01dc21c-c6d3-4daa-9385-9c828aa890a1-GrpcLogAppender: appendEntries Timeout, request=d394239f-4003-4980-a11f-9e9a96bc4c4f->c01dc21c-c6d3-4daa-9385-9c828aa890a1#100-t2, previous=(t:2, i:18), leaderCommit=12, initializing? false, entries: <empty>
2019-09-10 19:00:50,357 [grpc-default-executor-2] INFO  impl.RaftServerProxy (RaftServerProxy.java:remove(95)) - 0721d391-9877-4bc5-9778-84bb7e49252a: remove group-6ED7C0A64790:null
2019-09-10 19:00:50,365 [RatisPipelineUtilsThread] WARN  pipeline.RatisPipelineUtils (RatisPipelineUtils.java:destroyPipeline(66)) - Pipeline destroy failed for pipeline=PipelineID=b6f271ac-cec0-435e-84e1-6ed7c0a64790 dn=0721d391-9877-4bc5-9778-84bb7e49252a{ip: 192.168.36.113, host: pr-hdds-1982-decom-states-gjzbw-1854142291, networkLocation: /default-rack, certSerialId: null}
2019-09-10 19:00:50,369 [grpc-default-executor-2] INFO  impl.RaftServerProxy (RaftServerProxy.java:remove(95)) - 8e2eaa3a-398a-46ef-9472-b716e4b01ba0: remove group-6ED7C0A64790:null
2019-09-10 19:00:50,375 [RatisPipelineUtilsThread] WARN  pipeline.RatisPipelineUtils (RatisPipelineUtils.java:destroyPipeline(66)) - Pipeline destroy failed for pipeline=PipelineID=b6f271ac-cec0-435e-84e1-6ed7c0a64790 dn=8e2eaa3a-398a-46ef-9472-b716e4b01ba0{ip: 192.168.36.113, host: pr-hdds-1982-decom-states-gjzbw-1854142291, networkLocation: /default-rack, certSerialId: null}
2019-09-10 19:00:50,379 [grpc-default-executor-2] INFO  impl.RaftServerProxy (RaftServerProxy.java:remove(95)) - 0b57ef76-c121-46fb-9637-94024daca647: remove group-6ED7C0A64790:null
2019-09-10 19:00:50,384 [RatisPipelineUtilsThread] WARN  pipeline.RatisPipelineUtils (RatisPipelineUtils.java:destroyPipeline(66)) - Pipeline destroy failed for pipeline=PipelineID=b6f271ac-cec0-435e-84e1-6ed7c0a64790 dn=0b57ef76-c121-46fb-9637-94024daca647{ip: 192.168.36.113, host: pr-hdds-1982-decom-states-gjzbw-1854142291, networkLocation: /default-rack, certSerialId: null}
2019-09-10 19:00:50,385 [RatisPipelineUtilsThread] ERROR pipeline.SCMPipelineManager (Scheduler.java:lambda$schedule$1(70)) - Destroy pipeline failed for pipeline:Pipeline[ Id: b6f271ac-cec0-435e-84e1-6ed7c0a64790, Nodes: 0721d391-9877-4bc5-9778-84bb7e49252a{ip: 192.168.36.113, host: pr-hdds-1982-decom-states-gjzbw-1854142291, networkLocation: /default-rack, certSerialId: null}8e2eaa3a-398a-46ef-9472-b716e4b01ba0{ip: 192.168.36.113, host: pr-hdds-1982-decom-states-gjzbw-1854142291, networkLocation: /default-rack, certSerialId: null}0b57ef76-c121-46fb-9637-94024daca647{ip: 192.168.36.113, host: pr-hdds-1982-decom-states-gjzbw-1854142291, networkLocation: /default-rack, certSerialId: null}, Type:RATIS, Factor:THREE, State:CLOSED]
org.apache.hadoop.hdds.scm.pipeline.PipelineNotFoundException: PipelineID=b6f271ac-cec0-435e-84e1-6ed7c0a64790 not found
	at org.apache.hadoop.hdds.scm.pipeline.PipelineStateMap.getPipeline(PipelineStateMap.java:132)
	at org.apache.hadoop.hdds.scm.pipeline.PipelineStateMap.removePipeline(PipelineStateMap.java:322)
	at org.apache.hadoop.hdds.scm.pipeline.PipelineStateManager.removePipeline(PipelineStateManager.java:107)
	at org.apache.hadoop.hdds.scm.pipeline.SCMPipelineManager.removePipeline(SCMPipelineManager.java:423)
	at org.apache.hadoop.hdds.scm.pipeline.SCMPipelineManager.destroyPipeline(SCMPipelineManager.java:409)
	at org.apache.hadoop.hdds.scm.pipeline.SCMPipelineManager.lambda$finalizeAndDestroyPipeline$0(SCMPipelineManager.java:318)
	at org.apache.hadoop.utils.Scheduler.lambda$schedule$1(Scheduler.java:68)
	at java.util.concurrent.Executors$RunnableAdapter.call(Executors.java:511)
	at java.util.concurrent.FutureTask.run(FutureTask.java:266)
	at java.util.concurrent.ScheduledThreadPoolExecutor$ScheduledFutureTask.access$201(ScheduledThreadPoolExecutor.java:180)
	at java.util.concurrent.ScheduledThreadPoolExecutor$ScheduledFutureTask.run(ScheduledThreadPoolExecutor.java:293)
	at java.util.concurrent.ThreadPoolExecutor.runWorker(ThreadPoolExecutor.java:1149)
	at java.util.concurrent.ThreadPoolExecutor$Worker.run(ThreadPoolExecutor.java:624)
	at java.lang.Thread.run(Thread.java:748)
2019-09-10 19:00:51,598 [c01dc21c-c6d3-4daa-9385-9c828aa890a1@group-996C1A0A52D8-SegmentedRaftLogWorker] WARN  segmented.SegmentedRaftLogWorker (SegmentedRaftLogWorker.java:getFromFuture(90)) - Timeout 1/~
org.apache.ratis.protocol.TimeoutIOException: Timeout 10s: WriteLog:13: (t:2, i:13), STATEMACHINELOGENTRY, client-4EEF7FFC2E17, cid=33-writeStateMachineData
	at org.apache.ratis.util.IOUtils.getFromFuture(IOUtils.java:87)
	at org.apache.ratis.server.raftlog.segmented.SegmentedRaftLogWorker$StateMachineDataPolicy.getFromFuture(SegmentedRaftLogWorker.java:87)
	at org.apache.ratis.server.raftlog.segmented.SegmentedRaftLogWorker$WriteLog.execute(SegmentedRaftLogWorker.java:477)
	at org.apache.ratis.server.raftlog.segmented.SegmentedRaftLogWorker.run(SegmentedRaftLogWorker.java:289)
	at java.lang.Thread.run(Thread.java:748)
Caused by: java.util.concurrent.TimeoutException
	at java.util.concurrent.CompletableFuture.timedGet(CompletableFuture.java:1771)
	at java.util.concurrent.CompletableFuture.get(CompletableFuture.java:1915)
	at org.apache.ratis.util.IOUtils.getFromFuture(IOUtils.java:79)
	... 4 more
2019-09-10 19:00:51,599 [08300216-d630-4cd9-aee9-766608000298@group-996C1A0A52D8-SegmentedRaftLogWorker] WARN  segmented.SegmentedRaftLogWorker (SegmentedRaftLogWorker.java:getFromFuture(90)) - Timeout 1/~
org.apache.ratis.protocol.TimeoutIOException: Timeout 10s: WriteLog:13: (t:2, i:13), STATEMACHINELOGENTRY, client-4EEF7FFC2E17, cid=33-writeStateMachineData
	at org.apache.ratis.util.IOUtils.getFromFuture(IOUtils.java:87)
	at org.apache.ratis.server.raftlog.segmented.SegmentedRaftLogWorker$StateMachineDataPolicy.getFromFuture(SegmentedRaftLogWorker.java:87)
	at org.apache.ratis.server.raftlog.segmented.SegmentedRaftLogWorker$WriteLog.execute(SegmentedRaftLogWorker.java:477)
	at org.apache.ratis.server.raftlog.segmented.SegmentedRaftLogWorker.run(SegmentedRaftLogWorker.java:289)
	at java.lang.Thread.run(Thread.java:748)
Caused by: java.util.concurrent.TimeoutException
	at java.util.concurrent.CompletableFuture.timedGet(CompletableFuture.java:1771)
	at java.util.concurrent.CompletableFuture.get(CompletableFuture.java:1915)
	at org.apache.ratis.util.IOUtils.getFromFuture(IOUtils.java:79)
	... 4 more
2019-09-10 19:00:51,762 [grpc-default-executor-4] INFO  client.GrpcClientProtocolClient (GrpcClientProtocolClient.java:onNext(264)) - client-4EEF7FFC2E17->08300216-d630-4cd9-aee9-766608000298: receive RaftClientReply:client-4EEF7FFC2E17->08300216-d630-4cd9-aee9-766608000298@group-996C1A0A52D8, cid=33, FAILED org.apache.ratis.protocol.NotLeaderException: Server 08300216-d630-4cd9-aee9-766608000298@group-996C1A0A52D8 is not the leader d394239f-4003-4980-a11f-9e9a96bc4c4f:192.168.36.113:33987, logIndex=0, commits[08300216-d630-4cd9-aee9-766608000298:c12, d394239f-4003-4980-a11f-9e9a96bc4c4f:c12, c01dc21c-c6d3-4daa-9385-9c828aa890a1:c10]
2019-09-10 19:00:51,888 [d394239f-4003-4980-a11f-9e9a96bc4c4f@group-996C1A0A52D8-SegmentedRaftLogWorker] WARN  segmented.SegmentedRaftLogWorker (SegmentedRaftLogWorker.java:getFromFuture(90)) - Timeout 1/~
org.apache.ratis.protocol.TimeoutIOException: Timeout 10s: WriteLog:16: (t:2, i:16), STATEMACHINELOGENTRY, client-4EEF7FFC2E17, cid=36-writeStateMachineData
	at org.apache.ratis.util.IOUtils.getFromFuture(IOUtils.java:87)
	at org.apache.ratis.server.raftlog.segmented.SegmentedRaftLogWorker$StateMachineDataPolicy.getFromFuture(SegmentedRaftLogWorker.java:87)
	at org.apache.ratis.server.raftlog.segmented.SegmentedRaftLogWorker$WriteLog.execute(SegmentedRaftLogWorker.java:477)
	at org.apache.ratis.server.raftlog.segmented.SegmentedRaftLogWorker.run(SegmentedRaftLogWorker.java:289)
	at java.lang.Thread.run(Thread.java:748)
Caused by: java.util.concurrent.TimeoutException
	at java.util.concurrent.CompletableFuture.timedGet(CompletableFuture.java:1771)
	at java.util.concurrent.CompletableFuture.get(CompletableFuture.java:1915)
	at org.apache.ratis.util.IOUtils.getFromFuture(IOUtils.java:79)
	... 4 more
2019-09-10 19:00:52,105 [java.util.concurrent.ThreadPoolExecutor$Worker@6afaa2aa[State = -1, empty queue]] WARN  server.GrpcLogAppender (GrpcLogAppender.java:timeoutAppendRequest(200)) - d394239f-4003-4980-a11f-9e9a96bc4c4f@group-996C1A0A52D8->c01dc21c-c6d3-4daa-9385-9c828aa890a1-GrpcLogAppender: appendEntries Timeout, request=d394239f-4003-4980-a11f-9e9a96bc4c4f->c01dc21c-c6d3-4daa-9385-9c828aa890a1#101-t2, previous=(t:2, i:18), leaderCommit=12, initializing? false, entries: <empty>
2019-09-10 19:00:52,105 [java.util.concurrent.ThreadPoolExecutor$Worker@753f42ff[State = -1, empty queue]] WARN  server.GrpcLogAppender (GrpcLogAppender.java:timeoutAppendRequest(200)) - d394239f-4003-4980-a11f-9e9a96bc4c4f@group-996C1A0A52D8->08300216-d630-4cd9-aee9-766608000298-GrpcLogAppender: appendEntries Timeout, request=d394239f-4003-4980-a11f-9e9a96bc4c4f->08300216-d630-4cd9-aee9-766608000298#101-t2, previous=(t:2, i:18), leaderCommit=12, initializing? false, entries: <empty>
2019-09-10 19:00:53,358 [grpc-default-executor-2] INFO  impl.RaftServerProxy (RaftServerProxy.java:remove(95)) - 0721d391-9877-4bc5-9778-84bb7e49252a: remove group-6ED7C0A64790:null
2019-09-10 19:00:53,367 [RatisPipelineUtilsThread] WARN  pipeline.RatisPipelineUtils (RatisPipelineUtils.java:destroyPipeline(66)) - Pipeline destroy failed for pipeline=PipelineID=b6f271ac-cec0-435e-84e1-6ed7c0a64790 dn=0721d391-9877-4bc5-9778-84bb7e49252a{ip: 192.168.36.113, host: pr-hdds-1982-decom-states-gjzbw-1854142291, networkLocation: /default-rack, certSerialId: null}
2019-09-10 19:00:53,371 [grpc-default-executor-2] INFO  impl.RaftServerProxy (RaftServerProxy.java:remove(95)) - 8e2eaa3a-398a-46ef-9472-b716e4b01ba0: remove group-6ED7C0A64790:null
2019-09-10 19:00:53,377 [RatisPipelineUtilsThread] WARN  pipeline.RatisPipelineUtils (RatisPipelineUtils.java:destroyPipeline(66)) - Pipeline destroy failed for pipeline=PipelineID=b6f271ac-cec0-435e-84e1-6ed7c0a64790 dn=8e2eaa3a-398a-46ef-9472-b716e4b01ba0{ip: 192.168.36.113, host: pr-hdds-1982-decom-states-gjzbw-1854142291, networkLocation: /default-rack, certSerialId: null}
2019-09-10 19:00:53,380 [grpc-default-executor-2] INFO  impl.RaftServerProxy (RaftServerProxy.java:remove(95)) - 0b57ef76-c121-46fb-9637-94024daca647: remove group-6ED7C0A64790:null
2019-09-10 19:00:53,385 [RatisPipelineUtilsThread] WARN  pipeline.RatisPipelineUtils (RatisPipelineUtils.java:destroyPipeline(66)) - Pipeline destroy failed for pipeline=PipelineID=b6f271ac-cec0-435e-84e1-6ed7c0a64790 dn=0b57ef76-c121-46fb-9637-94024daca647{ip: 192.168.36.113, host: pr-hdds-1982-decom-states-gjzbw-1854142291, networkLocation: /default-rack, certSerialId: null}
2019-09-10 19:00:53,385 [RatisPipelineUtilsThread] ERROR pipeline.SCMPipelineManager (Scheduler.java:lambda$schedule$1(70)) - Destroy pipeline failed for pipeline:Pipeline[ Id: b6f271ac-cec0-435e-84e1-6ed7c0a64790, Nodes: 0721d391-9877-4bc5-9778-84bb7e49252a{ip: 192.168.36.113, host: pr-hdds-1982-decom-states-gjzbw-1854142291, networkLocation: /default-rack, certSerialId: null}8e2eaa3a-398a-46ef-9472-b716e4b01ba0{ip: 192.168.36.113, host: pr-hdds-1982-decom-states-gjzbw-1854142291, networkLocation: /default-rack, certSerialId: null}0b57ef76-c121-46fb-9637-94024daca647{ip: 192.168.36.113, host: pr-hdds-1982-decom-states-gjzbw-1854142291, networkLocation: /default-rack, certSerialId: null}, Type:RATIS, Factor:THREE, State:CLOSED]
org.apache.hadoop.hdds.scm.pipeline.PipelineNotFoundException: PipelineID=b6f271ac-cec0-435e-84e1-6ed7c0a64790 not found
	at org.apache.hadoop.hdds.scm.pipeline.PipelineStateMap.getPipeline(PipelineStateMap.java:132)
	at org.apache.hadoop.hdds.scm.pipeline.PipelineStateMap.removePipeline(PipelineStateMap.java:322)
	at org.apache.hadoop.hdds.scm.pipeline.PipelineStateManager.removePipeline(PipelineStateManager.java:107)
	at org.apache.hadoop.hdds.scm.pipeline.SCMPipelineManager.removePipeline(SCMPipelineManager.java:423)
	at org.apache.hadoop.hdds.scm.pipeline.SCMPipelineManager.destroyPipeline(SCMPipelineManager.java:409)
	at org.apache.hadoop.hdds.scm.pipeline.SCMPipelineManager.lambda$finalizeAndDestroyPipeline$0(SCMPipelineManager.java:318)
	at org.apache.hadoop.utils.Scheduler.lambda$schedule$1(Scheduler.java:68)
	at java.util.concurrent.Executors$RunnableAdapter.call(Executors.java:511)
	at java.util.concurrent.FutureTask.run(FutureTask.java:266)
	at java.util.concurrent.ScheduledThreadPoolExecutor$ScheduledFutureTask.access$201(ScheduledThreadPoolExecutor.java:180)
	at java.util.concurrent.ScheduledThreadPoolExecutor$ScheduledFutureTask.run(ScheduledThreadPoolExecutor.java:293)
	at java.util.concurrent.ThreadPoolExecutor.runWorker(ThreadPoolExecutor.java:1149)
	at java.util.concurrent.ThreadPoolExecutor$Worker.run(ThreadPoolExecutor.java:624)
	at java.lang.Thread.run(Thread.java:748)
2019-09-10 19:00:54,606 [java.util.concurrent.ThreadPoolExecutor$Worker@6afaa2aa[State = -1, empty queue]] WARN  server.GrpcLogAppender (GrpcLogAppender.java:timeoutAppendRequest(200)) - d394239f-4003-4980-a11f-9e9a96bc4c4f@group-996C1A0A52D8->c01dc21c-c6d3-4daa-9385-9c828aa890a1-GrpcLogAppender: appendEntries Timeout, request=d394239f-4003-4980-a11f-9e9a96bc4c4f->c01dc21c-c6d3-4daa-9385-9c828aa890a1#102-t2, previous=(t:2, i:18), leaderCommit=12, initializing? false, entries: <empty>
2019-09-10 19:00:54,606 [java.util.concurrent.ThreadPoolExecutor$Worker@753f42ff[State = -1, empty queue]] WARN  server.GrpcLogAppender (GrpcLogAppender.java:timeoutAppendRequest(200)) - d394239f-4003-4980-a11f-9e9a96bc4c4f@group-996C1A0A52D8->08300216-d630-4cd9-aee9-766608000298-GrpcLogAppender: appendEntries Timeout, request=d394239f-4003-4980-a11f-9e9a96bc4c4f->08300216-d630-4cd9-aee9-766608000298#102-t2, previous=(t:2, i:18), leaderCommit=12, initializing? false, entries: <empty>
2019-09-10 19:00:55,359 [grpc-default-executor-4] INFO  impl.RaftServerProxy (RaftServerProxy.java:remove(95)) - 0721d391-9877-4bc5-9778-84bb7e49252a: remove group-6ED7C0A64790:null
2019-09-10 19:00:55,372 [RatisPipelineUtilsThread] WARN  pipeline.RatisPipelineUtils (RatisPipelineUtils.java:destroyPipeline(66)) - Pipeline destroy failed for pipeline=PipelineID=b6f271ac-cec0-435e-84e1-6ed7c0a64790 dn=0721d391-9877-4bc5-9778-84bb7e49252a{ip: 192.168.36.113, host: pr-hdds-1982-decom-states-gjzbw-1854142291, networkLocation: /default-rack, certSerialId: null}
2019-09-10 19:00:55,376 [grpc-default-executor-4] INFO  impl.RaftServerProxy (RaftServerProxy.java:remove(95)) - 8e2eaa3a-398a-46ef-9472-b716e4b01ba0: remove group-6ED7C0A64790:null
2019-09-10 19:00:55,382 [RatisPipelineUtilsThread] WARN  pipeline.RatisPipelineUtils (RatisPipelineUtils.java:destroyPipeline(66)) - Pipeline destroy failed for pipeline=PipelineID=b6f271ac-cec0-435e-84e1-6ed7c0a64790 dn=8e2eaa3a-398a-46ef-9472-b716e4b01ba0{ip: 192.168.36.113, host: pr-hdds-1982-decom-states-gjzbw-1854142291, networkLocation: /default-rack, certSerialId: null}
2019-09-10 19:00:55,385 [grpc-default-executor-4] INFO  impl.RaftServerProxy (RaftServerProxy.java:remove(95)) - 0b57ef76-c121-46fb-9637-94024daca647: remove group-6ED7C0A64790:null
2019-09-10 19:00:55,390 [RatisPipelineUtilsThread] WARN  pipeline.RatisPipelineUtils (RatisPipelineUtils.java:destroyPipeline(66)) - Pipeline destroy failed for pipeline=PipelineID=b6f271ac-cec0-435e-84e1-6ed7c0a64790 dn=0b57ef76-c121-46fb-9637-94024daca647{ip: 192.168.36.113, host: pr-hdds-1982-decom-states-gjzbw-1854142291, networkLocation: /default-rack, certSerialId: null}
2019-09-10 19:00:55,391 [RatisPipelineUtilsThread] ERROR pipeline.SCMPipelineManager (Scheduler.java:lambda$schedule$1(70)) - Destroy pipeline failed for pipeline:Pipeline[ Id: b6f271ac-cec0-435e-84e1-6ed7c0a64790, Nodes: 0721d391-9877-4bc5-9778-84bb7e49252a{ip: 192.168.36.113, host: pr-hdds-1982-decom-states-gjzbw-1854142291, networkLocation: /default-rack, certSerialId: null}8e2eaa3a-398a-46ef-9472-b716e4b01ba0{ip: 192.168.36.113, host: pr-hdds-1982-decom-states-gjzbw-1854142291, networkLocation: /default-rack, certSerialId: null}0b57ef76-c121-46fb-9637-94024daca647{ip: 192.168.36.113, host: pr-hdds-1982-decom-states-gjzbw-1854142291, networkLocation: /default-rack, certSerialId: null}, Type:RATIS, Factor:THREE, State:CLOSED]
org.apache.hadoop.hdds.scm.pipeline.PipelineNotFoundException: PipelineID=b6f271ac-cec0-435e-84e1-6ed7c0a64790 not found
	at org.apache.hadoop.hdds.scm.pipeline.PipelineStateMap.getPipeline(PipelineStateMap.java:132)
	at org.apache.hadoop.hdds.scm.pipeline.PipelineStateMap.removePipeline(PipelineStateMap.java:322)
	at org.apache.hadoop.hdds.scm.pipeline.PipelineStateManager.removePipeline(PipelineStateManager.java:107)
	at org.apache.hadoop.hdds.scm.pipeline.SCMPipelineManager.removePipeline(SCMPipelineManager.java:423)
	at org.apache.hadoop.hdds.scm.pipeline.SCMPipelineManager.destroyPipeline(SCMPipelineManager.java:409)
	at org.apache.hadoop.hdds.scm.pipeline.SCMPipelineManager.lambda$finalizeAndDestroyPipeline$0(SCMPipelineManager.java:318)
	at org.apache.hadoop.utils.Scheduler.lambda$schedule$1(Scheduler.java:68)
	at java.util.concurrent.Executors$RunnableAdapter.call(Executors.java:511)
	at java.util.concurrent.FutureTask.run(FutureTask.java:266)
	at java.util.concurrent.ScheduledThreadPoolExecutor$ScheduledFutureTask.access$201(ScheduledThreadPoolExecutor.java:180)
	at java.util.concurrent.ScheduledThreadPoolExecutor$ScheduledFutureTask.run(ScheduledThreadPoolExecutor.java:293)
	at java.util.concurrent.ThreadPoolExecutor.runWorker(ThreadPoolExecutor.java:1149)
	at java.util.concurrent.ThreadPoolExecutor$Worker.run(ThreadPoolExecutor.java:624)
	at java.lang.Thread.run(Thread.java:748)
2019-09-10 19:00:56,818 [grpc-default-executor-2] INFO  client.GrpcClientProtocolClient (GrpcClientProtocolClient.java:onNext(264)) - client-4EEF7FFC2E17->08300216-d630-4cd9-aee9-766608000298: receive RaftClientReply:client-4EEF7FFC2E17->08300216-d630-4cd9-aee9-766608000298@group-996C1A0A52D8, cid=33, FAILED org.apache.ratis.protocol.NotLeaderException: Server 08300216-d630-4cd9-aee9-766608000298@group-996C1A0A52D8 is not the leader d394239f-4003-4980-a11f-9e9a96bc4c4f:192.168.36.113:33987, logIndex=0, commits[08300216-d630-4cd9-aee9-766608000298:c12, d394239f-4003-4980-a11f-9e9a96bc4c4f:c12, c01dc21c-c6d3-4daa-9385-9c828aa890a1:c10]
2019-09-10 19:00:57,108 [java.util.concurrent.ThreadPoolExecutor$Worker@753f42ff[State = -1, empty queue]] WARN  server.GrpcLogAppender (GrpcLogAppender.java:timeoutAppendRequest(200)) - d394239f-4003-4980-a11f-9e9a96bc4c4f@group-996C1A0A52D8->08300216-d630-4cd9-aee9-766608000298-GrpcLogAppender: appendEntries Timeout, request=d394239f-4003-4980-a11f-9e9a96bc4c4f->08300216-d630-4cd9-aee9-766608000298#103-t2, previous=(t:2, i:18), leaderCommit=12, initializing? false, entries: <empty>
2019-09-10 19:00:57,108 [java.util.concurrent.ThreadPoolExecutor$Worker@6afaa2aa[State = -1, empty queue]] WARN  server.GrpcLogAppender (GrpcLogAppender.java:timeoutAppendRequest(200)) - d394239f-4003-4980-a11f-9e9a96bc4c4f@group-996C1A0A52D8->c01dc21c-c6d3-4daa-9385-9c828aa890a1-GrpcLogAppender: appendEntries Timeout, request=d394239f-4003-4980-a11f-9e9a96bc4c4f->c01dc21c-c6d3-4daa-9385-9c828aa890a1#103-t2, previous=(t:2, i:18), leaderCommit=12, initializing? false, entries: <empty>
2019-09-10 19:00:58,359 [grpc-default-executor-2] INFO  impl.RaftServerProxy (RaftServerProxy.java:remove(95)) - 0721d391-9877-4bc5-9778-84bb7e49252a: remove group-6ED7C0A64790:null
2019-09-10 19:00:58,366 [RatisPipelineUtilsThread] WARN  pipeline.RatisPipelineUtils (RatisPipelineUtils.java:destroyPipeline(66)) - Pipeline destroy failed for pipeline=PipelineID=b6f271ac-cec0-435e-84e1-6ed7c0a64790 dn=0721d391-9877-4bc5-9778-84bb7e49252a{ip: 192.168.36.113, host: pr-hdds-1982-decom-states-gjzbw-1854142291, networkLocation: /default-rack, certSerialId: null}
2019-09-10 19:00:58,369 [grpc-default-executor-2] INFO  impl.RaftServerProxy (RaftServerProxy.java:remove(95)) - 8e2eaa3a-398a-46ef-9472-b716e4b01ba0: remove group-6ED7C0A64790:null
2019-09-10 19:00:58,376 [RatisPipelineUtilsThread] WARN  pipeline.RatisPipelineUtils (RatisPipelineUtils.java:destroyPipeline(66)) - Pipeline destroy failed for pipeline=PipelineID=b6f271ac-cec0-435e-84e1-6ed7c0a64790 dn=8e2eaa3a-398a-46ef-9472-b716e4b01ba0{ip: 192.168.36.113, host: pr-hdds-1982-decom-states-gjzbw-1854142291, networkLocation: /default-rack, certSerialId: null}
2019-09-10 19:00:58,379 [grpc-default-executor-2] INFO  impl.RaftServerProxy (RaftServerProxy.java:remove(95)) - 0b57ef76-c121-46fb-9637-94024daca647: remove group-6ED7C0A64790:null
2019-09-10 19:00:58,384 [RatisPipelineUtilsThread] WARN  pipeline.RatisPipelineUtils (RatisPipelineUtils.java:destroyPipeline(66)) - Pipeline destroy failed for pipeline=PipelineID=b6f271ac-cec0-435e-84e1-6ed7c0a64790 dn=0b57ef76-c121-46fb-9637-94024daca647{ip: 192.168.36.113, host: pr-hdds-1982-decom-states-gjzbw-1854142291, networkLocation: /default-rack, certSerialId: null}
2019-09-10 19:00:58,385 [RatisPipelineUtilsThread] ERROR pipeline.SCMPipelineManager (Scheduler.java:lambda$schedule$1(70)) - Destroy pipeline failed for pipeline:Pipeline[ Id: b6f271ac-cec0-435e-84e1-6ed7c0a64790, Nodes: 0721d391-9877-4bc5-9778-84bb7e49252a{ip: 192.168.36.113, host: pr-hdds-1982-decom-states-gjzbw-1854142291, networkLocation: /default-rack, certSerialId: null}8e2eaa3a-398a-46ef-9472-b716e4b01ba0{ip: 192.168.36.113, host: pr-hdds-1982-decom-states-gjzbw-1854142291, networkLocation: /default-rack, certSerialId: null}0b57ef76-c121-46fb-9637-94024daca647{ip: 192.168.36.113, host: pr-hdds-1982-decom-states-gjzbw-1854142291, networkLocation: /default-rack, certSerialId: null}, Type:RATIS, Factor:THREE, State:CLOSED]
org.apache.hadoop.hdds.scm.pipeline.PipelineNotFoundException: PipelineID=b6f271ac-cec0-435e-84e1-6ed7c0a64790 not found
	at org.apache.hadoop.hdds.scm.pipeline.PipelineStateMap.getPipeline(PipelineStateMap.java:132)
	at org.apache.hadoop.hdds.scm.pipeline.PipelineStateMap.removePipeline(PipelineStateMap.java:322)
	at org.apache.hadoop.hdds.scm.pipeline.PipelineStateManager.removePipeline(PipelineStateManager.java:107)
	at org.apache.hadoop.hdds.scm.pipeline.SCMPipelineManager.removePipeline(SCMPipelineManager.java:423)
	at org.apache.hadoop.hdds.scm.pipeline.SCMPipelineManager.destroyPipeline(SCMPipelineManager.java:409)
	at org.apache.hadoop.hdds.scm.pipeline.SCMPipelineManager.lambda$finalizeAndDestroyPipeline$0(SCMPipelineManager.java:318)
	at org.apache.hadoop.utils.Scheduler.lambda$schedule$1(Scheduler.java:68)
	at java.util.concurrent.Executors$RunnableAdapter.call(Executors.java:511)
	at java.util.concurrent.FutureTask.run(FutureTask.java:266)
	at java.util.concurrent.ScheduledThreadPoolExecutor$ScheduledFutureTask.access$201(ScheduledThreadPoolExecutor.java:180)
	at java.util.concurrent.ScheduledThreadPoolExecutor$ScheduledFutureTask.run(ScheduledThreadPoolExecutor.java:293)
	at java.util.concurrent.ThreadPoolExecutor.runWorker(ThreadPoolExecutor.java:1149)
	at java.util.concurrent.ThreadPoolExecutor$Worker.run(ThreadPoolExecutor.java:624)
	at java.lang.Thread.run(Thread.java:748)
2019-09-10 19:00:59,608 [java.util.concurrent.ThreadPoolExecutor$Worker@6afaa2aa[State = -1, empty queue]] WARN  server.GrpcLogAppender (GrpcLogAppender.java:timeoutAppendRequest(200)) - d394239f-4003-4980-a11f-9e9a96bc4c4f@group-996C1A0A52D8->c01dc21c-c6d3-4daa-9385-9c828aa890a1-GrpcLogAppender: appendEntries Timeout, request=d394239f-4003-4980-a11f-9e9a96bc4c4f->c01dc21c-c6d3-4daa-9385-9c828aa890a1#104-t2, previous=(t:2, i:18), leaderCommit=12, initializing? false, entries: <empty>
2019-09-10 19:00:59,608 [java.util.concurrent.ThreadPoolExecutor$Worker@753f42ff[State = -1, empty queue]] WARN  server.GrpcLogAppender (GrpcLogAppender.java:timeoutAppendRequest(200)) - d394239f-4003-4980-a11f-9e9a96bc4c4f@group-996C1A0A52D8->08300216-d630-4cd9-aee9-766608000298-GrpcLogAppender: appendEntries Timeout, request=d394239f-4003-4980-a11f-9e9a96bc4c4f->08300216-d630-4cd9-aee9-766608000298#104-t2, previous=(t:2, i:18), leaderCommit=12, initializing? false, entries: <empty>
2019-09-10 19:01:00,356 [grpc-default-executor-4] INFO  impl.RaftServerProxy (RaftServerProxy.java:remove(95)) - 0721d391-9877-4bc5-9778-84bb7e49252a: remove group-6ED7C0A64790:null
2019-09-10 19:01:00,363 [RatisPipelineUtilsThread] WARN  pipeline.RatisPipelineUtils (RatisPipelineUtils.java:destroyPipeline(66)) - Pipeline destroy failed for pipeline=PipelineID=b6f271ac-cec0-435e-84e1-6ed7c0a64790 dn=0721d391-9877-4bc5-9778-84bb7e49252a{ip: 192.168.36.113, host: pr-hdds-1982-decom-states-gjzbw-1854142291, networkLocation: /default-rack, certSerialId: null}
2019-09-10 19:01:00,367 [grpc-default-executor-4] INFO  impl.RaftServerProxy (RaftServerProxy.java:remove(95)) - 8e2eaa3a-398a-46ef-9472-b716e4b01ba0: remove group-6ED7C0A64790:null
2019-09-10 19:01:00,373 [RatisPipelineUtilsThread] WARN  pipeline.RatisPipelineUtils (RatisPipelineUtils.java:destroyPipeline(66)) - Pipeline destroy failed for pipeline=PipelineID=b6f271ac-cec0-435e-84e1-6ed7c0a64790 dn=8e2eaa3a-398a-46ef-9472-b716e4b01ba0{ip: 192.168.36.113, host: pr-hdds-1982-decom-states-gjzbw-1854142291, networkLocation: /default-rack, certSerialId: null}
2019-09-10 19:01:00,377 [grpc-default-executor-4] INFO  impl.RaftServerProxy (RaftServerProxy.java:remove(95)) - 0b57ef76-c121-46fb-9637-94024daca647: remove group-6ED7C0A64790:null
2019-09-10 19:01:00,384 [RatisPipelineUtilsThread] WARN  pipeline.RatisPipelineUtils (RatisPipelineUtils.java:destroyPipeline(66)) - Pipeline destroy failed for pipeline=PipelineID=b6f271ac-cec0-435e-84e1-6ed7c0a64790 dn=0b57ef76-c121-46fb-9637-94024daca647{ip: 192.168.36.113, host: pr-hdds-1982-decom-states-gjzbw-1854142291, networkLocation: /default-rack, certSerialId: null}
2019-09-10 19:01:00,384 [RatisPipelineUtilsThread] ERROR pipeline.SCMPipelineManager (Scheduler.java:lambda$schedule$1(70)) - Destroy pipeline failed for pipeline:Pipeline[ Id: b6f271ac-cec0-435e-84e1-6ed7c0a64790, Nodes: 0721d391-9877-4bc5-9778-84bb7e49252a{ip: 192.168.36.113, host: pr-hdds-1982-decom-states-gjzbw-1854142291, networkLocation: /default-rack, certSerialId: null}8e2eaa3a-398a-46ef-9472-b716e4b01ba0{ip: 192.168.36.113, host: pr-hdds-1982-decom-states-gjzbw-1854142291, networkLocation: /default-rack, certSerialId: null}0b57ef76-c121-46fb-9637-94024daca647{ip: 192.168.36.113, host: pr-hdds-1982-decom-states-gjzbw-1854142291, networkLocation: /default-rack, certSerialId: null}, Type:RATIS, Factor:THREE, State:CLOSED]
org.apache.hadoop.hdds.scm.pipeline.PipelineNotFoundException: PipelineID=b6f271ac-cec0-435e-84e1-6ed7c0a64790 not found
	at org.apache.hadoop.hdds.scm.pipeline.PipelineStateMap.getPipeline(PipelineStateMap.java:132)
	at org.apache.hadoop.hdds.scm.pipeline.PipelineStateMap.removePipeline(PipelineStateMap.java:322)
	at org.apache.hadoop.hdds.scm.pipeline.PipelineStateManager.removePipeline(PipelineStateManager.java:107)
	at org.apache.hadoop.hdds.scm.pipeline.SCMPipelineManager.removePipeline(SCMPipelineManager.java:423)
	at org.apache.hadoop.hdds.scm.pipeline.SCMPipelineManager.destroyPipeline(SCMPipelineManager.java:409)
	at org.apache.hadoop.hdds.scm.pipeline.SCMPipelineManager.lambda$finalizeAndDestroyPipeline$0(SCMPipelineManager.java:318)
	at org.apache.hadoop.utils.Scheduler.lambda$schedule$1(Scheduler.java:68)
	at java.util.concurrent.Executors$RunnableAdapter.call(Executors.java:511)
	at java.util.concurrent.FutureTask.run(FutureTask.java:266)
	at java.util.concurrent.ScheduledThreadPoolExecutor$ScheduledFutureTask.access$201(ScheduledThreadPoolExecutor.java:180)
	at java.util.concurrent.ScheduledThreadPoolExecutor$ScheduledFutureTask.run(ScheduledThreadPoolExecutor.java:293)
	at java.util.concurrent.ThreadPoolExecutor.runWorker(ThreadPoolExecutor.java:1149)
	at java.util.concurrent.ThreadPoolExecutor$Worker.run(ThreadPoolExecutor.java:624)
	at java.lang.Thread.run(Thread.java:748)
2019-09-10 19:01:01,600 [c01dc21c-c6d3-4daa-9385-9c828aa890a1@group-996C1A0A52D8-SegmentedRaftLogWorker] WARN  segmented.SegmentedRaftLogWorker (SegmentedRaftLogWorker.java:getFromFuture(90)) - Timeout 2/~
org.apache.ratis.protocol.TimeoutIOException: Timeout 10s: WriteLog:13: (t:2, i:13), STATEMACHINELOGENTRY, client-4EEF7FFC2E17, cid=33-writeStateMachineData
	at org.apache.ratis.util.IOUtils.getFromFuture(IOUtils.java:87)
	at org.apache.ratis.server.raftlog.segmented.SegmentedRaftLogWorker$StateMachineDataPolicy.getFromFuture(SegmentedRaftLogWorker.java:87)
	at org.apache.ratis.server.raftlog.segmented.SegmentedRaftLogWorker$WriteLog.execute(SegmentedRaftLogWorker.java:477)
	at org.apache.ratis.server.raftlog.segmented.SegmentedRaftLogWorker.run(SegmentedRaftLogWorker.java:289)
	at java.lang.Thread.run(Thread.java:748)
Caused by: java.util.concurrent.TimeoutException
	at java.util.concurrent.CompletableFuture.timedGet(CompletableFuture.java:1771)
	at java.util.concurrent.CompletableFuture.get(CompletableFuture.java:1915)
	at org.apache.ratis.util.IOUtils.getFromFuture(IOUtils.java:79)
	... 4 more
2019-09-10 19:01:01,600 [08300216-d630-4cd9-aee9-766608000298@group-996C1A0A52D8-SegmentedRaftLogWorker] WARN  segmented.SegmentedRaftLogWorker (SegmentedRaftLogWorker.java:getFromFuture(90)) - Timeout 2/~
org.apache.ratis.protocol.TimeoutIOException: Timeout 10s: WriteLog:13: (t:2, i:13), STATEMACHINELOGENTRY, client-4EEF7FFC2E17, cid=33-writeStateMachineData
	at org.apache.ratis.util.IOUtils.getFromFuture(IOUtils.java:87)
	at org.apache.ratis.server.raftlog.segmented.SegmentedRaftLogWorker$StateMachineDataPolicy.getFromFuture(SegmentedRaftLogWorker.java:87)
	at org.apache.ratis.server.raftlog.segmented.SegmentedRaftLogWorker$WriteLog.execute(SegmentedRaftLogWorker.java:477)
	at org.apache.ratis.server.raftlog.segmented.SegmentedRaftLogWorker.run(SegmentedRaftLogWorker.java:289)
	at java.lang.Thread.run(Thread.java:748)
Caused by: java.util.concurrent.TimeoutException
	at java.util.concurrent.CompletableFuture.timedGet(CompletableFuture.java:1771)
	at java.util.concurrent.CompletableFuture.get(CompletableFuture.java:1915)
	at org.apache.ratis.util.IOUtils.getFromFuture(IOUtils.java:79)
	... 4 more
2019-09-10 19:01:01,865 [grpc-default-executor-4] INFO  client.GrpcClientProtocolClient (GrpcClientProtocolClient.java:onNext(264)) - client-4EEF7FFC2E17->08300216-d630-4cd9-aee9-766608000298: receive RaftClientReply:client-4EEF7FFC2E17->08300216-d630-4cd9-aee9-766608000298@group-996C1A0A52D8, cid=33, FAILED org.apache.ratis.protocol.NotLeaderException: Server 08300216-d630-4cd9-aee9-766608000298@group-996C1A0A52D8 is not the leader d394239f-4003-4980-a11f-9e9a96bc4c4f:192.168.36.113:33987, logIndex=0, commits[08300216-d630-4cd9-aee9-766608000298:c12, d394239f-4003-4980-a11f-9e9a96bc4c4f:c12, c01dc21c-c6d3-4daa-9385-9c828aa890a1:c10]
2019-09-10 19:01:01,892 [d394239f-4003-4980-a11f-9e9a96bc4c4f@group-996C1A0A52D8-SegmentedRaftLogWorker] WARN  segmented.SegmentedRaftLogWorker (SegmentedRaftLogWorker.java:getFromFuture(90)) - Timeout 2/~
org.apache.ratis.protocol.TimeoutIOException: Timeout 10s: WriteLog:16: (t:2, i:16), STATEMACHINELOGENTRY, client-4EEF7FFC2E17, cid=36-writeStateMachineData
	at org.apache.ratis.util.IOUtils.getFromFuture(IOUtils.java:87)
	at org.apache.ratis.server.raftlog.segmented.SegmentedRaftLogWorker$StateMachineDataPolicy.getFromFuture(SegmentedRaftLogWorker.java:87)
	at org.apache.ratis.server.raftlog.segmented.SegmentedRaftLogWorker$WriteLog.execute(SegmentedRaftLogWorker.java:477)
	at org.apache.ratis.server.raftlog.segmented.SegmentedRaftLogWorker.run(SegmentedRaftLogWorker.java:289)
	at java.lang.Thread.run(Thread.java:748)
Caused by: java.util.concurrent.TimeoutException
	at java.util.concurrent.CompletableFuture.timedGet(CompletableFuture.java:1771)
	at java.util.concurrent.CompletableFuture.get(CompletableFuture.java:1915)
	at org.apache.ratis.util.IOUtils.getFromFuture(IOUtils.java:79)
	... 4 more
2019-09-10 19:01:02,108 [java.util.concurrent.ThreadPoolExecutor$Worker@753f42ff[State = -1, empty queue]] WARN  server.GrpcLogAppender (GrpcLogAppender.java:timeoutAppendRequest(200)) - d394239f-4003-4980-a11f-9e9a96bc4c4f@group-996C1A0A52D8->08300216-d630-4cd9-aee9-766608000298-GrpcLogAppender: appendEntries Timeout, request=d394239f-4003-4980-a11f-9e9a96bc4c4f->08300216-d630-4cd9-aee9-766608000298#105-t2, previous=(t:2, i:18), leaderCommit=12, initializing? false, entries: <empty>
2019-09-10 19:01:02,108 [java.util.concurrent.ThreadPoolExecutor$Worker@6afaa2aa[State = -1, empty queue]] WARN  server.GrpcLogAppender (GrpcLogAppender.java:timeoutAppendRequest(200)) - d394239f-4003-4980-a11f-9e9a96bc4c4f@group-996C1A0A52D8->c01dc21c-c6d3-4daa-9385-9c828aa890a1-GrpcLogAppender: appendEntries Timeout, request=d394239f-4003-4980-a11f-9e9a96bc4c4f->c01dc21c-c6d3-4daa-9385-9c828aa890a1#105-t2, previous=(t:2, i:18), leaderCommit=12, initializing? false, entries: <empty>
2019-09-10 19:01:03,359 [grpc-default-executor-2] INFO  impl.RaftServerProxy (RaftServerProxy.java:remove(95)) - 0721d391-9877-4bc5-9778-84bb7e49252a: remove group-6ED7C0A64790:null
2019-09-10 19:01:03,366 [RatisPipelineUtilsThread] WARN  pipeline.RatisPipelineUtils (RatisPipelineUtils.java:destroyPipeline(66)) - Pipeline destroy failed for pipeline=PipelineID=b6f271ac-cec0-435e-84e1-6ed7c0a64790 dn=0721d391-9877-4bc5-9778-84bb7e49252a{ip: 192.168.36.113, host: pr-hdds-1982-decom-states-gjzbw-1854142291, networkLocation: /default-rack, certSerialId: null}
2019-09-10 19:01:03,369 [grpc-default-executor-2] INFO  impl.RaftServerProxy (RaftServerProxy.java:remove(95)) - 8e2eaa3a-398a-46ef-9472-b716e4b01ba0: remove group-6ED7C0A64790:null
2019-09-10 19:01:03,381 [RatisPipelineUtilsThread] WARN  pipeline.RatisPipelineUtils (RatisPipelineUtils.java:destroyPipeline(66)) - Pipeline destroy failed for pipeline=PipelineID=b6f271ac-cec0-435e-84e1-6ed7c0a64790 dn=8e2eaa3a-398a-46ef-9472-b716e4b01ba0{ip: 192.168.36.113, host: pr-hdds-1982-decom-states-gjzbw-1854142291, networkLocation: /default-rack, certSerialId: null}
2019-09-10 19:01:03,385 [grpc-default-executor-2] INFO  impl.RaftServerProxy (RaftServerProxy.java:remove(95)) - 0b57ef76-c121-46fb-9637-94024daca647: remove group-6ED7C0A64790:null
2019-09-10 19:01:03,388 [RatisPipelineUtilsThread] WARN  pipeline.RatisPipelineUtils (RatisPipelineUtils.java:destroyPipeline(66)) - Pipeline destroy failed for pipeline=PipelineID=b6f271ac-cec0-435e-84e1-6ed7c0a64790 dn=0b57ef76-c121-46fb-9637-94024daca647{ip: 192.168.36.113, host: pr-hdds-1982-decom-states-gjzbw-1854142291, networkLocation: /default-rack, certSerialId: null}
2019-09-10 19:01:03,389 [RatisPipelineUtilsThread] ERROR pipeline.SCMPipelineManager (Scheduler.java:lambda$schedule$1(70)) - Destroy pipeline failed for pipeline:Pipeline[ Id: b6f271ac-cec0-435e-84e1-6ed7c0a64790, Nodes: 0721d391-9877-4bc5-9778-84bb7e49252a{ip: 192.168.36.113, host: pr-hdds-1982-decom-states-gjzbw-1854142291, networkLocation: /default-rack, certSerialId: null}8e2eaa3a-398a-46ef-9472-b716e4b01ba0{ip: 192.168.36.113, host: pr-hdds-1982-decom-states-gjzbw-1854142291, networkLocation: /default-rack, certSerialId: null}0b57ef76-c121-46fb-9637-94024daca647{ip: 192.168.36.113, host: pr-hdds-1982-decom-states-gjzbw-1854142291, networkLocation: /default-rack, certSerialId: null}, Type:RATIS, Factor:THREE, State:CLOSED]
org.apache.hadoop.hdds.scm.pipeline.PipelineNotFoundException: PipelineID=b6f271ac-cec0-435e-84e1-6ed7c0a64790 not found
	at org.apache.hadoop.hdds.scm.pipeline.PipelineStateMap.getPipeline(PipelineStateMap.java:132)
	at org.apache.hadoop.hdds.scm.pipeline.PipelineStateMap.removePipeline(PipelineStateMap.java:322)
	at org.apache.hadoop.hdds.scm.pipeline.PipelineStateManager.removePipeline(PipelineStateManager.java:107)
	at org.apache.hadoop.hdds.scm.pipeline.SCMPipelineManager.removePipeline(SCMPipelineManager.java:423)
	at org.apache.hadoop.hdds.scm.pipeline.SCMPipelineManager.destroyPipeline(SCMPipelineManager.java:409)
	at org.apache.hadoop.hdds.scm.pipeline.SCMPipelineManager.lambda$finalizeAndDestroyPipeline$0(SCMPipelineManager.java:318)
	at org.apache.hadoop.utils.Scheduler.lambda$schedule$1(Scheduler.java:68)
	at java.util.concurrent.Executors$RunnableAdapter.call(Executors.java:511)
	at java.util.concurrent.FutureTask.run(FutureTask.java:266)
	at java.util.concurrent.ScheduledThreadPoolExecutor$ScheduledFutureTask.access$201(ScheduledThreadPoolExecutor.java:180)
	at java.util.concurrent.ScheduledThreadPoolExecutor$ScheduledFutureTask.run(ScheduledThreadPoolExecutor.java:293)
	at java.util.concurrent.ThreadPoolExecutor.runWorker(ThreadPoolExecutor.java:1149)
	at java.util.concurrent.ThreadPoolExecutor$Worker.run(ThreadPoolExecutor.java:624)
	at java.lang.Thread.run(Thread.java:748)
2019-09-10 19:01:04,609 [java.util.concurrent.ThreadPoolExecutor$Worker@6afaa2aa[State = -1, empty queue]] WARN  server.GrpcLogAppender (GrpcLogAppender.java:timeoutAppendRequest(200)) - d394239f-4003-4980-a11f-9e9a96bc4c4f@group-996C1A0A52D8->c01dc21c-c6d3-4daa-9385-9c828aa890a1-GrpcLogAppender: appendEntries Timeout, request=d394239f-4003-4980-a11f-9e9a96bc4c4f->c01dc21c-c6d3-4daa-9385-9c828aa890a1#106-t2, previous=(t:2, i:18), leaderCommit=12, initializing? false, entries: <empty>
2019-09-10 19:01:04,609 [java.util.concurrent.ThreadPoolExecutor$Worker@753f42ff[State = -1, empty queue]] WARN  server.GrpcLogAppender (GrpcLogAppender.java:timeoutAppendRequest(200)) - d394239f-4003-4980-a11f-9e9a96bc4c4f@group-996C1A0A52D8->08300216-d630-4cd9-aee9-766608000298-GrpcLogAppender: appendEntries Timeout, request=d394239f-4003-4980-a11f-9e9a96bc4c4f->08300216-d630-4cd9-aee9-766608000298#106-t2, previous=(t:2, i:18), leaderCommit=12, initializing? false, entries: <empty>
2019-09-10 19:01:05,359 [grpc-default-executor-4] INFO  impl.RaftServerProxy (RaftServerProxy.java:remove(95)) - 0721d391-9877-4bc5-9778-84bb7e49252a: remove group-6ED7C0A64790:null
2019-09-10 19:01:05,365 [RatisPipelineUtilsThread] WARN  pipeline.RatisPipelineUtils (RatisPipelineUtils.java:destroyPipeline(66)) - Pipeline destroy failed for pipeline=PipelineID=b6f271ac-cec0-435e-84e1-6ed7c0a64790 dn=0721d391-9877-4bc5-9778-84bb7e49252a{ip: 192.168.36.113, host: pr-hdds-1982-decom-states-gjzbw-1854142291, networkLocation: /default-rack, certSerialId: null}
2019-09-10 19:01:05,370 [grpc-default-executor-4] INFO  impl.RaftServerProxy (RaftServerProxy.java:remove(95)) - 8e2eaa3a-398a-46ef-9472-b716e4b01ba0: remove group-6ED7C0A64790:null
2019-09-10 19:01:05,373 [RatisPipelineUtilsThread] WARN  pipeline.RatisPipelineUtils (RatisPipelineUtils.java:destroyPipeline(66)) - Pipeline destroy failed for pipeline=PipelineID=b6f271ac-cec0-435e-84e1-6ed7c0a64790 dn=8e2eaa3a-398a-46ef-9472-b716e4b01ba0{ip: 192.168.36.113, host: pr-hdds-1982-decom-states-gjzbw-1854142291, networkLocation: /default-rack, certSerialId: null}
2019-09-10 19:01:05,377 [grpc-default-executor-4] INFO  impl.RaftServerProxy (RaftServerProxy.java:remove(95)) - 0b57ef76-c121-46fb-9637-94024daca647: remove group-6ED7C0A64790:null
2019-09-10 19:01:05,380 [RatisPipelineUtilsThread] WARN  pipeline.RatisPipelineUtils (RatisPipelineUtils.java:destroyPipeline(66)) - Pipeline destroy failed for pipeline=PipelineID=b6f271ac-cec0-435e-84e1-6ed7c0a64790 dn=0b57ef76-c121-46fb-9637-94024daca647{ip: 192.168.36.113, host: pr-hdds-1982-decom-states-gjzbw-1854142291, networkLocation: /default-rack, certSerialId: null}
2019-09-10 19:01:05,381 [RatisPipelineUtilsThread] ERROR pipeline.SCMPipelineManager (Scheduler.java:lambda$schedule$1(70)) - Destroy pipeline failed for pipeline:Pipeline[ Id: b6f271ac-cec0-435e-84e1-6ed7c0a64790, Nodes: 0721d391-9877-4bc5-9778-84bb7e49252a{ip: 192.168.36.113, host: pr-hdds-1982-decom-states-gjzbw-1854142291, networkLocation: /default-rack, certSerialId: null}8e2eaa3a-398a-46ef-9472-b716e4b01ba0{ip: 192.168.36.113, host: pr-hdds-1982-decom-states-gjzbw-1854142291, networkLocation: /default-rack, certSerialId: null}0b57ef76-c121-46fb-9637-94024daca647{ip: 192.168.36.113, host: pr-hdds-1982-decom-states-gjzbw-1854142291, networkLocation: /default-rack, certSerialId: null}, Type:RATIS, Factor:THREE, State:CLOSED]
org.apache.hadoop.hdds.scm.pipeline.PipelineNotFoundException: PipelineID=b6f271ac-cec0-435e-84e1-6ed7c0a64790 not found
	at org.apache.hadoop.hdds.scm.pipeline.PipelineStateMap.getPipeline(PipelineStateMap.java:132)
	at org.apache.hadoop.hdds.scm.pipeline.PipelineStateMap.removePipeline(PipelineStateMap.java:322)
	at org.apache.hadoop.hdds.scm.pipeline.PipelineStateManager.removePipeline(PipelineStateManager.java:107)
	at org.apache.hadoop.hdds.scm.pipeline.SCMPipelineManager.removePipeline(SCMPipelineManager.java:423)
	at org.apache.hadoop.hdds.scm.pipeline.SCMPipelineManager.destroyPipeline(SCMPipelineManager.java:409)
	at org.apache.hadoop.hdds.scm.pipeline.SCMPipelineManager.lambda$finalizeAndDestroyPipeline$0(SCMPipelineManager.java:318)
	at org.apache.hadoop.utils.Scheduler.lambda$schedule$1(Scheduler.java:68)
	at java.util.concurrent.Executors$RunnableAdapter.call(Executors.java:511)
	at java.util.concurrent.FutureTask.run(FutureTask.java:266)
	at java.util.concurrent.ScheduledThreadPoolExecutor$ScheduledFutureTask.access$201(ScheduledThreadPoolExecutor.java:180)
	at java.util.concurrent.ScheduledThreadPoolExecutor$ScheduledFutureTask.run(ScheduledThreadPoolExecutor.java:293)
	at java.util.concurrent.ThreadPoolExecutor.runWorker(ThreadPoolExecutor.java:1149)
	at java.util.concurrent.ThreadPoolExecutor$Worker.run(ThreadPoolExecutor.java:624)
	at java.lang.Thread.run(Thread.java:748)
2019-09-10 19:01:06,919 [grpc-default-executor-2] INFO  client.GrpcClientProtocolClient (GrpcClientProtocolClient.java:onNext(264)) - client-4EEF7FFC2E17->c01dc21c-c6d3-4daa-9385-9c828aa890a1: receive RaftClientReply:client-4EEF7FFC2E17->c01dc21c-c6d3-4daa-9385-9c828aa890a1@group-996C1A0A52D8, cid=33, FAILED org.apache.ratis.protocol.NotLeaderException: Server c01dc21c-c6d3-4daa-9385-9c828aa890a1@group-996C1A0A52D8 is not the leader d394239f-4003-4980-a11f-9e9a96bc4c4f:192.168.36.113:33987, logIndex=0, commits[c01dc21c-c6d3-4daa-9385-9c828aa890a1:c12, d394239f-4003-4980-a11f-9e9a96bc4c4f:c12, 08300216-d630-4cd9-aee9-766608000298:c10]
2019-09-10 19:01:07,109 [java.util.concurrent.ThreadPoolExecutor$Worker@6afaa2aa[State = -1, empty queue]] WARN  server.GrpcLogAppender (GrpcLogAppender.java:timeoutAppendRequest(200)) - d394239f-4003-4980-a11f-9e9a96bc4c4f@group-996C1A0A52D8->c01dc21c-c6d3-4daa-9385-9c828aa890a1-GrpcLogAppender: appendEntries Timeout, request=d394239f-4003-4980-a11f-9e9a96bc4c4f->c01dc21c-c6d3-4daa-9385-9c828aa890a1#107-t2, previous=(t:2, i:18), leaderCommit=12, initializing? false, entries: <empty>
2019-09-10 19:01:07,109 [java.util.concurrent.ThreadPoolExecutor$Worker@753f42ff[State = -1, empty queue]] WARN  server.GrpcLogAppender (GrpcLogAppender.java:timeoutAppendRequest(200)) - d394239f-4003-4980-a11f-9e9a96bc4c4f@group-996C1A0A52D8->08300216-d630-4cd9-aee9-766608000298-GrpcLogAppender: appendEntries Timeout, request=d394239f-4003-4980-a11f-9e9a96bc4c4f->08300216-d630-4cd9-aee9-766608000298#107-t2, previous=(t:2, i:18), leaderCommit=12, initializing? false, entries: <empty>
2019-09-10 19:01:08,357 [grpc-default-executor-2] INFO  impl.RaftServerProxy (RaftServerProxy.java:remove(95)) - 0721d391-9877-4bc5-9778-84bb7e49252a: remove group-6ED7C0A64790:null
2019-09-10 19:01:08,359 [RatisPipelineUtilsThread] WARN  pipeline.RatisPipelineUtils (RatisPipelineUtils.java:destroyPipeline(66)) - Pipeline destroy failed for pipeline=PipelineID=b6f271ac-cec0-435e-84e1-6ed7c0a64790 dn=0721d391-9877-4bc5-9778-84bb7e49252a{ip: 192.168.36.113, host: pr-hdds-1982-decom-states-gjzbw-1854142291, networkLocation: /default-rack, certSerialId: null}
2019-09-10 19:01:08,362 [grpc-default-executor-2] INFO  impl.RaftServerProxy (RaftServerProxy.java:remove(95)) - 8e2eaa3a-398a-46ef-9472-b716e4b01ba0: remove group-6ED7C0A64790:null
2019-09-10 19:01:08,364 [RatisPipelineUtilsThread] WARN  pipeline.RatisPipelineUtils (RatisPipelineUtils.java:destroyPipeline(66)) - Pipeline destroy failed for pipeline=PipelineID=b6f271ac-cec0-435e-84e1-6ed7c0a64790 dn=8e2eaa3a-398a-46ef-9472-b716e4b01ba0{ip: 192.168.36.113, host: pr-hdds-1982-decom-states-gjzbw-1854142291, networkLocation: /default-rack, certSerialId: null}
2019-09-10 19:01:08,366 [grpc-default-executor-2] INFO  impl.RaftServerProxy (RaftServerProxy.java:remove(95)) - 0b57ef76-c121-46fb-9637-94024daca647: remove group-6ED7C0A64790:null
2019-09-10 19:01:08,369 [RatisPipelineUtilsThread] WARN  pipeline.RatisPipelineUtils (RatisPipelineUtils.java:destroyPipeline(66)) - Pipeline destroy failed for pipeline=PipelineID=b6f271ac-cec0-435e-84e1-6ed7c0a64790 dn=0b57ef76-c121-46fb-9637-94024daca647{ip: 192.168.36.113, host: pr-hdds-1982-decom-states-gjzbw-1854142291, networkLocation: /default-rack, certSerialId: null}
2019-09-10 19:01:08,369 [RatisPipelineUtilsThread] ERROR pipeline.SCMPipelineManager (Scheduler.java:lambda$schedule$1(70)) - Destroy pipeline failed for pipeline:Pipeline[ Id: b6f271ac-cec0-435e-84e1-6ed7c0a64790, Nodes: 0721d391-9877-4bc5-9778-84bb7e49252a{ip: 192.168.36.113, host: pr-hdds-1982-decom-states-gjzbw-1854142291, networkLocation: /default-rack, certSerialId: null}8e2eaa3a-398a-46ef-9472-b716e4b01ba0{ip: 192.168.36.113, host: pr-hdds-1982-decom-states-gjzbw-1854142291, networkLocation: /default-rack, certSerialId: null}0b57ef76-c121-46fb-9637-94024daca647{ip: 192.168.36.113, host: pr-hdds-1982-decom-states-gjzbw-1854142291, networkLocation: /default-rack, certSerialId: null}, Type:RATIS, Factor:THREE, State:CLOSED]
org.apache.hadoop.hdds.scm.pipeline.PipelineNotFoundException: PipelineID=b6f271ac-cec0-435e-84e1-6ed7c0a64790 not found
	at org.apache.hadoop.hdds.scm.pipeline.PipelineStateMap.getPipeline(PipelineStateMap.java:132)
	at org.apache.hadoop.hdds.scm.pipeline.PipelineStateMap.removePipeline(PipelineStateMap.java:322)
	at org.apache.hadoop.hdds.scm.pipeline.PipelineStateManager.removePipeline(PipelineStateManager.java:107)
	at org.apache.hadoop.hdds.scm.pipeline.SCMPipelineManager.removePipeline(SCMPipelineManager.java:423)
	at org.apache.hadoop.hdds.scm.pipeline.SCMPipelineManager.destroyPipeline(SCMPipelineManager.java:409)
	at org.apache.hadoop.hdds.scm.pipeline.SCMPipelineManager.lambda$finalizeAndDestroyPipeline$0(SCMPipelineManager.java:318)
	at org.apache.hadoop.utils.Scheduler.lambda$schedule$1(Scheduler.java:68)
	at java.util.concurrent.Executors$RunnableAdapter.call(Executors.java:511)
	at java.util.concurrent.FutureTask.run(FutureTask.java:266)
	at java.util.concurrent.ScheduledThreadPoolExecutor$ScheduledFutureTask.access$201(ScheduledThreadPoolExecutor.java:180)
	at java.util.concurrent.ScheduledThreadPoolExecutor$ScheduledFutureTask.run(ScheduledThreadPoolExecutor.java:293)
	at java.util.concurrent.ThreadPoolExecutor.runWorker(ThreadPoolExecutor.java:1149)
	at java.util.concurrent.ThreadPoolExecutor$Worker.run(ThreadPoolExecutor.java:624)
	at java.lang.Thread.run(Thread.java:748)
2019-09-10 19:01:09,610 [java.util.concurrent.ThreadPoolExecutor$Worker@753f42ff[State = -1, empty queue]] WARN  server.GrpcLogAppender (GrpcLogAppender.java:timeoutAppendRequest(200)) - d394239f-4003-4980-a11f-9e9a96bc4c4f@group-996C1A0A52D8->08300216-d630-4cd9-aee9-766608000298-GrpcLogAppender: appendEntries Timeout, request=d394239f-4003-4980-a11f-9e9a96bc4c4f->08300216-d630-4cd9-aee9-766608000298#108-t2, previous=(t:2, i:18), leaderCommit=12, initializing? false, entries: <empty>
2019-09-10 19:01:09,610 [java.util.concurrent.ThreadPoolExecutor$Worker@6afaa2aa[State = -1, empty queue]] WARN  server.GrpcLogAppender (GrpcLogAppender.java:timeoutAppendRequest(200)) - d394239f-4003-4980-a11f-9e9a96bc4c4f@group-996C1A0A52D8->c01dc21c-c6d3-4daa-9385-9c828aa890a1-GrpcLogAppender: appendEntries Timeout, request=d394239f-4003-4980-a11f-9e9a96bc4c4f->c01dc21c-c6d3-4daa-9385-9c828aa890a1#108-t2, previous=(t:2, i:18), leaderCommit=12, initializing? false, entries: <empty>
2019-09-10 19:01:10,357 [grpc-default-executor-2] INFO  impl.RaftServerProxy (RaftServerProxy.java:remove(95)) - 0721d391-9877-4bc5-9778-84bb7e49252a: remove group-6ED7C0A64790:null
2019-09-10 19:01:10,360 [RatisPipelineUtilsThread] WARN  pipeline.RatisPipelineUtils (RatisPipelineUtils.java:destroyPipeline(66)) - Pipeline destroy failed for pipeline=PipelineID=b6f271ac-cec0-435e-84e1-6ed7c0a64790 dn=0721d391-9877-4bc5-9778-84bb7e49252a{ip: 192.168.36.113, host: pr-hdds-1982-decom-states-gjzbw-1854142291, networkLocation: /default-rack, certSerialId: null}
2019-09-10 19:01:10,362 [grpc-default-executor-2] INFO  impl.RaftServerProxy (RaftServerProxy.java:remove(95)) - 8e2eaa3a-398a-46ef-9472-b716e4b01ba0: remove group-6ED7C0A64790:null
2019-09-10 19:01:10,364 [RatisPipelineUtilsThread] WARN  pipeline.RatisPipelineUtils (RatisPipelineUtils.java:destroyPipeline(66)) - Pipeline destroy failed for pipeline=PipelineID=b6f271ac-cec0-435e-84e1-6ed7c0a64790 dn=8e2eaa3a-398a-46ef-9472-b716e4b01ba0{ip: 192.168.36.113, host: pr-hdds-1982-decom-states-gjzbw-1854142291, networkLocation: /default-rack, certSerialId: null}
2019-09-10 19:01:10,367 [grpc-default-executor-2] INFO  impl.RaftServerProxy (RaftServerProxy.java:remove(95)) - 0b57ef76-c121-46fb-9637-94024daca647: remove group-6ED7C0A64790:null
2019-09-10 19:01:10,368 [RatisPipelineUtilsThread] WARN  pipeline.RatisPipelineUtils (RatisPipelineUtils.java:destroyPipeline(66)) - Pipeline destroy failed for pipeline=PipelineID=b6f271ac-cec0-435e-84e1-6ed7c0a64790 dn=0b57ef76-c121-46fb-9637-94024daca647{ip: 192.168.36.113, host: pr-hdds-1982-decom-states-gjzbw-1854142291, networkLocation: /default-rack, certSerialId: null}
2019-09-10 19:01:10,369 [RatisPipelineUtilsThread] ERROR pipeline.SCMPipelineManager (Scheduler.java:lambda$schedule$1(70)) - Destroy pipeline failed for pipeline:Pipeline[ Id: b6f271ac-cec0-435e-84e1-6ed7c0a64790, Nodes: 0721d391-9877-4bc5-9778-84bb7e49252a{ip: 192.168.36.113, host: pr-hdds-1982-decom-states-gjzbw-1854142291, networkLocation: /default-rack, certSerialId: null}8e2eaa3a-398a-46ef-9472-b716e4b01ba0{ip: 192.168.36.113, host: pr-hdds-1982-decom-states-gjzbw-1854142291, networkLocation: /default-rack, certSerialId: null}0b57ef76-c121-46fb-9637-94024daca647{ip: 192.168.36.113, host: pr-hdds-1982-decom-states-gjzbw-1854142291, networkLocation: /default-rack, certSerialId: null}, Type:RATIS, Factor:THREE, State:CLOSED]
org.apache.hadoop.hdds.scm.pipeline.PipelineNotFoundException: PipelineID=b6f271ac-cec0-435e-84e1-6ed7c0a64790 not found
	at org.apache.hadoop.hdds.scm.pipeline.PipelineStateMap.getPipeline(PipelineStateMap.java:132)
	at org.apache.hadoop.hdds.scm.pipeline.PipelineStateMap.removePipeline(PipelineStateMap.java:322)
	at org.apache.hadoop.hdds.scm.pipeline.PipelineStateManager.removePipeline(PipelineStateManager.java:107)
	at org.apache.hadoop.hdds.scm.pipeline.SCMPipelineManager.removePipeline(SCMPipelineManager.java:423)
	at org.apache.hadoop.hdds.scm.pipeline.SCMPipelineManager.destroyPipeline(SCMPipelineManager.java:409)
	at org.apache.hadoop.hdds.scm.pipeline.SCMPipelineManager.lambda$finalizeAndDestroyPipeline$0(SCMPipelineManager.java:318)
	at org.apache.hadoop.utils.Scheduler.lambda$schedule$1(Scheduler.java:68)
	at java.util.concurrent.Executors$RunnableAdapter.call(Executors.java:511)
	at java.util.concurrent.FutureTask.run(FutureTask.java:266)
	at java.util.concurrent.ScheduledThreadPoolExecutor$ScheduledFutureTask.access$201(ScheduledThreadPoolExecutor.java:180)
	at java.util.concurrent.ScheduledThreadPoolExecutor$ScheduledFutureTask.run(ScheduledThreadPoolExecutor.java:293)
	at java.util.concurrent.ThreadPoolExecutor.runWorker(ThreadPoolExecutor.java:1149)
	at java.util.concurrent.ThreadPoolExecutor$Worker.run(ThreadPoolExecutor.java:624)
	at java.lang.Thread.run(Thread.java:748)
2019-09-10 19:01:11,601 [c01dc21c-c6d3-4daa-9385-9c828aa890a1@group-996C1A0A52D8-SegmentedRaftLogWorker] WARN  segmented.SegmentedRaftLogWorker (SegmentedRaftLogWorker.java:getFromFuture(90)) - Timeout 3/~
org.apache.ratis.protocol.TimeoutIOException: Timeout 10s: WriteLog:13: (t:2, i:13), STATEMACHINELOGENTRY, client-4EEF7FFC2E17, cid=33-writeStateMachineData
	at org.apache.ratis.util.IOUtils.getFromFuture(IOUtils.java:87)
	at org.apache.ratis.server.raftlog.segmented.SegmentedRaftLogWorker$StateMachineDataPolicy.getFromFuture(SegmentedRaftLogWorker.java:87)
	at org.apache.ratis.server.raftlog.segmented.SegmentedRaftLogWorker$WriteLog.execute(SegmentedRaftLogWorker.java:477)
	at org.apache.ratis.server.raftlog.segmented.SegmentedRaftLogWorker.run(SegmentedRaftLogWorker.java:289)
	at java.lang.Thread.run(Thread.java:748)
Caused by: java.util.concurrent.TimeoutException
	at java.util.concurrent.CompletableFuture.timedGet(CompletableFuture.java:1771)
	at java.util.concurrent.CompletableFuture.get(CompletableFuture.java:1915)
	at org.apache.ratis.util.IOUtils.getFromFuture(IOUtils.java:79)
	... 4 more
2019-09-10 19:01:11,601 [08300216-d630-4cd9-aee9-766608000298@group-996C1A0A52D8-SegmentedRaftLogWorker] WARN  segmented.SegmentedRaftLogWorker (SegmentedRaftLogWorker.java:getFromFuture(90)) - Timeout 3/~
org.apache.ratis.protocol.TimeoutIOException: Timeout 10s: WriteLog:13: (t:2, i:13), STATEMACHINELOGENTRY, client-4EEF7FFC2E17, cid=33-writeStateMachineData
	at org.apache.ratis.util.IOUtils.getFromFuture(IOUtils.java:87)
	at org.apache.ratis.server.raftlog.segmented.SegmentedRaftLogWorker$StateMachineDataPolicy.getFromFuture(SegmentedRaftLogWorker.java:87)
	at org.apache.ratis.server.raftlog.segmented.SegmentedRaftLogWorker$WriteLog.execute(SegmentedRaftLogWorker.java:477)
	at org.apache.ratis.server.raftlog.segmented.SegmentedRaftLogWorker.run(SegmentedRaftLogWorker.java:289)
	at java.lang.Thread.run(Thread.java:748)
Caused by: java.util.concurrent.TimeoutException
	at java.util.concurrent.CompletableFuture.timedGet(CompletableFuture.java:1771)
	at java.util.concurrent.CompletableFuture.get(CompletableFuture.java:1915)
	at org.apache.ratis.util.IOUtils.getFromFuture(IOUtils.java:79)
	... 4 more
2019-09-10 19:01:11,892 [d394239f-4003-4980-a11f-9e9a96bc4c4f@group-996C1A0A52D8-SegmentedRaftLogWorker] WARN  segmented.SegmentedRaftLogWorker (SegmentedRaftLogWorker.java:getFromFuture(90)) - Timeout 3/~
org.apache.ratis.protocol.TimeoutIOException: Timeout 10s: WriteLog:16: (t:2, i:16), STATEMACHINELOGENTRY, client-4EEF7FFC2E17, cid=36-writeStateMachineData
	at org.apache.ratis.util.IOUtils.getFromFuture(IOUtils.java:87)
	at org.apache.ratis.server.raftlog.segmented.SegmentedRaftLogWorker$StateMachineDataPolicy.getFromFuture(SegmentedRaftLogWorker.java:87)
	at org.apache.ratis.server.raftlog.segmented.SegmentedRaftLogWorker$WriteLog.execute(SegmentedRaftLogWorker.java:477)
	at org.apache.ratis.server.raftlog.segmented.SegmentedRaftLogWorker.run(SegmentedRaftLogWorker.java:289)
	at java.lang.Thread.run(Thread.java:748)
Caused by: java.util.concurrent.TimeoutException
	at java.util.concurrent.CompletableFuture.timedGet(CompletableFuture.java:1771)
	at java.util.concurrent.CompletableFuture.get(CompletableFuture.java:1915)
	at org.apache.ratis.util.IOUtils.getFromFuture(IOUtils.java:79)
	... 4 more
2019-09-10 19:01:11,959 [grpc-default-executor-2] INFO  client.GrpcClientProtocolClient (GrpcClientProtocolClient.java:onNext(264)) - client-4EEF7FFC2E17->08300216-d630-4cd9-aee9-766608000298: receive RaftClientReply:client-4EEF7FFC2E17->08300216-d630-4cd9-aee9-766608000298@group-996C1A0A52D8, cid=33, FAILED org.apache.ratis.protocol.NotLeaderException: Server 08300216-d630-4cd9-aee9-766608000298@group-996C1A0A52D8 is not the leader d394239f-4003-4980-a11f-9e9a96bc4c4f:192.168.36.113:33987, logIndex=0, commits[08300216-d630-4cd9-aee9-766608000298:c12, d394239f-4003-4980-a11f-9e9a96bc4c4f:c12, c01dc21c-c6d3-4daa-9385-9c828aa890a1:c10]
2019-09-10 19:01:12,110 [java.util.concurrent.ThreadPoolExecutor$Worker@753f42ff[State = -1, empty queue]] WARN  server.GrpcLogAppender (GrpcLogAppender.java:timeoutAppendRequest(200)) - d394239f-4003-4980-a11f-9e9a96bc4c4f@group-996C1A0A52D8->08300216-d630-4cd9-aee9-766608000298-GrpcLogAppender: appendEntries Timeout, request=d394239f-4003-4980-a11f-9e9a96bc4c4f->08300216-d630-4cd9-aee9-766608000298#109-t2, previous=(t:2, i:18), leaderCommit=12, initializing? false, entries: <empty>
2019-09-10 19:01:12,110 [java.util.concurrent.ThreadPoolExecutor$Worker@6afaa2aa[State = -1, empty queue]] WARN  server.GrpcLogAppender (GrpcLogAppender.java:timeoutAppendRequest(200)) - d394239f-4003-4980-a11f-9e9a96bc4c4f@group-996C1A0A52D8->c01dc21c-c6d3-4daa-9385-9c828aa890a1-GrpcLogAppender: appendEntries Timeout, request=d394239f-4003-4980-a11f-9e9a96bc4c4f->c01dc21c-c6d3-4daa-9385-9c828aa890a1#109-t2, previous=(t:2, i:18), leaderCommit=12, initializing? false, entries: <empty>
2019-09-10 19:01:13,356 [grpc-default-executor-2] INFO  impl.RaftServerProxy (RaftServerProxy.java:remove(95)) - 0721d391-9877-4bc5-9778-84bb7e49252a: remove group-6ED7C0A64790:null
2019-09-10 19:01:13,359 [RatisPipelineUtilsThread] WARN  pipeline.RatisPipelineUtils (RatisPipelineUtils.java:destroyPipeline(66)) - Pipeline destroy failed for pipeline=PipelineID=b6f271ac-cec0-435e-84e1-6ed7c0a64790 dn=0721d391-9877-4bc5-9778-84bb7e49252a{ip: 192.168.36.113, host: pr-hdds-1982-decom-states-gjzbw-1854142291, networkLocation: /default-rack, certSerialId: null}
2019-09-10 19:01:13,363 [grpc-default-executor-2] INFO  impl.RaftServerProxy (RaftServerProxy.java:remove(95)) - 8e2eaa3a-398a-46ef-9472-b716e4b01ba0: remove group-6ED7C0A64790:null
2019-09-10 19:01:13,365 [RatisPipelineUtilsThread] WARN  pipeline.RatisPipelineUtils (RatisPipelineUtils.java:destroyPipeline(66)) - Pipeline destroy failed for pipeline=PipelineID=b6f271ac-cec0-435e-84e1-6ed7c0a64790 dn=8e2eaa3a-398a-46ef-9472-b716e4b01ba0{ip: 192.168.36.113, host: pr-hdds-1982-decom-states-gjzbw-1854142291, networkLocation: /default-rack, certSerialId: null}
2019-09-10 19:01:13,368 [grpc-default-executor-2] INFO  impl.RaftServerProxy (RaftServerProxy.java:remove(95)) - 0b57ef76-c121-46fb-9637-94024daca647: remove group-6ED7C0A64790:null
2019-09-10 19:01:13,370 [RatisPipelineUtilsThread] WARN  pipeline.RatisPipelineUtils (RatisPipelineUtils.java:destroyPipeline(66)) - Pipeline destroy failed for pipeline=PipelineID=b6f271ac-cec0-435e-84e1-6ed7c0a64790 dn=0b57ef76-c121-46fb-9637-94024daca647{ip: 192.168.36.113, host: pr-hdds-1982-decom-states-gjzbw-1854142291, networkLocation: /default-rack, certSerialId: null}
2019-09-10 19:01:13,371 [RatisPipelineUtilsThread] ERROR pipeline.SCMPipelineManager (Scheduler.java:lambda$schedule$1(70)) - Destroy pipeline failed for pipeline:Pipeline[ Id: b6f271ac-cec0-435e-84e1-6ed7c0a64790, Nodes: 0721d391-9877-4bc5-9778-84bb7e49252a{ip: 192.168.36.113, host: pr-hdds-1982-decom-states-gjzbw-1854142291, networkLocation: /default-rack, certSerialId: null}8e2eaa3a-398a-46ef-9472-b716e4b01ba0{ip: 192.168.36.113, host: pr-hdds-1982-decom-states-gjzbw-1854142291, networkLocation: /default-rack, certSerialId: null}0b57ef76-c121-46fb-9637-94024daca647{ip: 192.168.36.113, host: pr-hdds-1982-decom-states-gjzbw-1854142291, networkLocation: /default-rack, certSerialId: null}, Type:RATIS, Factor:THREE, State:CLOSED]
org.apache.hadoop.hdds.scm.pipeline.PipelineNotFoundException: PipelineID=b6f271ac-cec0-435e-84e1-6ed7c0a64790 not found
	at org.apache.hadoop.hdds.scm.pipeline.PipelineStateMap.getPipeline(PipelineStateMap.java:132)
	at org.apache.hadoop.hdds.scm.pipeline.PipelineStateMap.removePipeline(PipelineStateMap.java:322)
	at org.apache.hadoop.hdds.scm.pipeline.PipelineStateManager.removePipeline(PipelineStateManager.java:107)
	at org.apache.hadoop.hdds.scm.pipeline.SCMPipelineManager.removePipeline(SCMPipelineManager.java:423)
	at org.apache.hadoop.hdds.scm.pipeline.SCMPipelineManager.destroyPipeline(SCMPipelineManager.java:409)
	at org.apache.hadoop.hdds.scm.pipeline.SCMPipelineManager.lambda$finalizeAndDestroyPipeline$0(SCMPipelineManager.java:318)
	at org.apache.hadoop.utils.Scheduler.lambda$schedule$1(Scheduler.java:68)
	at java.util.concurrent.Executors$RunnableAdapter.call(Executors.java:511)
	at java.util.concurrent.FutureTask.run(FutureTask.java:266)
	at java.util.concurrent.ScheduledThreadPoolExecutor$ScheduledFutureTask.access$201(ScheduledThreadPoolExecutor.java:180)
	at java.util.concurrent.ScheduledThreadPoolExecutor$ScheduledFutureTask.run(ScheduledThreadPoolExecutor.java:293)
	at java.util.concurrent.ThreadPoolExecutor.runWorker(ThreadPoolExecutor.java:1149)
	at java.util.concurrent.ThreadPoolExecutor$Worker.run(ThreadPoolExecutor.java:624)
	at java.lang.Thread.run(Thread.java:748)
2019-09-10 19:01:14,611 [java.util.concurrent.ThreadPoolExecutor$Worker@753f42ff[State = -1, empty queue]] WARN  server.GrpcLogAppender (GrpcLogAppender.java:timeoutAppendRequest(200)) - d394239f-4003-4980-a11f-9e9a96bc4c4f@group-996C1A0A52D8->08300216-d630-4cd9-aee9-766608000298-GrpcLogAppender: appendEntries Timeout, request=d394239f-4003-4980-a11f-9e9a96bc4c4f->08300216-d630-4cd9-aee9-766608000298#110-t2, previous=(t:2, i:18), leaderCommit=12, initializing? false, entries: <empty>
2019-09-10 19:01:14,611 [java.util.concurrent.ThreadPoolExecutor$Worker@6afaa2aa[State = -1, empty queue]] WARN  server.GrpcLogAppender (GrpcLogAppender.java:timeoutAppendRequest(200)) - d394239f-4003-4980-a11f-9e9a96bc4c4f@group-996C1A0A52D8->c01dc21c-c6d3-4daa-9385-9c828aa890a1-GrpcLogAppender: appendEntries Timeout, request=d394239f-4003-4980-a11f-9e9a96bc4c4f->c01dc21c-c6d3-4daa-9385-9c828aa890a1#110-t2, previous=(t:2, i:18), leaderCommit=12, initializing? false, entries: <empty>
2019-09-10 19:01:15,356 [grpc-default-executor-1] INFO  impl.RaftServerProxy (RaftServerProxy.java:remove(95)) - 0721d391-9877-4bc5-9778-84bb7e49252a: remove group-6ED7C0A64790:null
2019-09-10 19:01:15,359 [RatisPipelineUtilsThread] WARN  pipeline.RatisPipelineUtils (RatisPipelineUtils.java:destroyPipeline(66)) - Pipeline destroy failed for pipeline=PipelineID=b6f271ac-cec0-435e-84e1-6ed7c0a64790 dn=0721d391-9877-4bc5-9778-84bb7e49252a{ip: 192.168.36.113, host: pr-hdds-1982-decom-states-gjzbw-1854142291, networkLocation: /default-rack, certSerialId: null}
2019-09-10 19:01:15,363 [grpc-default-executor-1] INFO  impl.RaftServerProxy (RaftServerProxy.java:remove(95)) - 8e2eaa3a-398a-46ef-9472-b716e4b01ba0: remove group-6ED7C0A64790:null
2019-09-10 19:01:15,365 [RatisPipelineUtilsThread] WARN  pipeline.RatisPipelineUtils (RatisPipelineUtils.java:destroyPipeline(66)) - Pipeline destroy failed for pipeline=PipelineID=b6f271ac-cec0-435e-84e1-6ed7c0a64790 dn=8e2eaa3a-398a-46ef-9472-b716e4b01ba0{ip: 192.168.36.113, host: pr-hdds-1982-decom-states-gjzbw-1854142291, networkLocation: /default-rack, certSerialId: null}
2019-09-10 19:01:15,368 [grpc-default-executor-1] INFO  impl.RaftServerProxy (RaftServerProxy.java:remove(95)) - 0b57ef76-c121-46fb-9637-94024daca647: remove group-6ED7C0A64790:null
2019-09-10 19:01:15,371 [RatisPipelineUtilsThread] WARN  pipeline.RatisPipelineUtils (RatisPipelineUtils.java:destroyPipeline(66)) - Pipeline destroy failed for pipeline=PipelineID=b6f271ac-cec0-435e-84e1-6ed7c0a64790 dn=0b57ef76-c121-46fb-9637-94024daca647{ip: 192.168.36.113, host: pr-hdds-1982-decom-states-gjzbw-1854142291, networkLocation: /default-rack, certSerialId: null}
2019-09-10 19:01:15,371 [RatisPipelineUtilsThread] ERROR pipeline.SCMPipelineManager (Scheduler.java:lambda$schedule$1(70)) - Destroy pipeline failed for pipeline:Pipeline[ Id: b6f271ac-cec0-435e-84e1-6ed7c0a64790, Nodes: 0721d391-9877-4bc5-9778-84bb7e49252a{ip: 192.168.36.113, host: pr-hdds-1982-decom-states-gjzbw-1854142291, networkLocation: /default-rack, certSerialId: null}8e2eaa3a-398a-46ef-9472-b716e4b01ba0{ip: 192.168.36.113, host: pr-hdds-1982-decom-states-gjzbw-1854142291, networkLocation: /default-rack, certSerialId: null}0b57ef76-c121-46fb-9637-94024daca647{ip: 192.168.36.113, host: pr-hdds-1982-decom-states-gjzbw-1854142291, networkLocation: /default-rack, certSerialId: null}, Type:RATIS, Factor:THREE, State:CLOSED]
org.apache.hadoop.hdds.scm.pipeline.PipelineNotFoundException: PipelineID=b6f271ac-cec0-435e-84e1-6ed7c0a64790 not found
	at org.apache.hadoop.hdds.scm.pipeline.PipelineStateMap.getPipeline(PipelineStateMap.java:132)
	at org.apache.hadoop.hdds.scm.pipeline.PipelineStateMap.removePipeline(PipelineStateMap.java:322)
	at org.apache.hadoop.hdds.scm.pipeline.PipelineStateManager.removePipeline(PipelineStateManager.java:107)
	at org.apache.hadoop.hdds.scm.pipeline.SCMPipelineManager.removePipeline(SCMPipelineManager.java:423)
	at org.apache.hadoop.hdds.scm.pipeline.SCMPipelineManager.destroyPipeline(SCMPipelineManager.java:409)
	at org.apache.hadoop.hdds.scm.pipeline.SCMPipelineManager.lambda$finalizeAndDestroyPipeline$0(SCMPipelineManager.java:318)
	at org.apache.hadoop.utils.Scheduler.lambda$schedule$1(Scheduler.java:68)
	at java.util.concurrent.Executors$RunnableAdapter.call(Executors.java:511)
	at java.util.concurrent.FutureTask.run(FutureTask.java:266)
	at java.util.concurrent.ScheduledThreadPoolExecutor$ScheduledFutureTask.access$201(ScheduledThreadPoolExecutor.java:180)
	at java.util.concurrent.ScheduledThreadPoolExecutor$ScheduledFutureTask.run(ScheduledThreadPoolExecutor.java:293)
	at java.util.concurrent.ThreadPoolExecutor.runWorker(ThreadPoolExecutor.java:1149)
	at java.util.concurrent.ThreadPoolExecutor$Worker.run(ThreadPoolExecutor.java:624)
	at java.lang.Thread.run(Thread.java:748)
2019-09-10 19:01:17,005 [grpc-default-executor-1] INFO  client.GrpcClientProtocolClient (GrpcClientProtocolClient.java:onNext(264)) - client-4EEF7FFC2E17->c01dc21c-c6d3-4daa-9385-9c828aa890a1: receive RaftClientReply:client-4EEF7FFC2E17->c01dc21c-c6d3-4daa-9385-9c828aa890a1@group-996C1A0A52D8, cid=33, FAILED org.apache.ratis.protocol.NotLeaderException: Server c01dc21c-c6d3-4daa-9385-9c828aa890a1@group-996C1A0A52D8 is not the leader d394239f-4003-4980-a11f-9e9a96bc4c4f:192.168.36.113:33987, logIndex=0, commits[c01dc21c-c6d3-4daa-9385-9c828aa890a1:c12, d394239f-4003-4980-a11f-9e9a96bc4c4f:c12, 08300216-d630-4cd9-aee9-766608000298:c10]
2019-09-10 19:01:17,111 [java.util.concurrent.ThreadPoolExecutor$Worker@6afaa2aa[State = -1, empty queue]] WARN  server.GrpcLogAppender (GrpcLogAppender.java:timeoutAppendRequest(200)) - d394239f-4003-4980-a11f-9e9a96bc4c4f@group-996C1A0A52D8->c01dc21c-c6d3-4daa-9385-9c828aa890a1-GrpcLogAppender: appendEntries Timeout, request=d394239f-4003-4980-a11f-9e9a96bc4c4f->c01dc21c-c6d3-4daa-9385-9c828aa890a1#111-t2, previous=(t:2, i:18), leaderCommit=12, initializing? false, entries: <empty>
2019-09-10 19:01:17,111 [java.util.concurrent.ThreadPoolExecutor$Worker@753f42ff[State = -1, empty queue]] WARN  server.GrpcLogAppender (GrpcLogAppender.java:timeoutAppendRequest(200)) - d394239f-4003-4980-a11f-9e9a96bc4c4f@group-996C1A0A52D8->08300216-d630-4cd9-aee9-766608000298-GrpcLogAppender: appendEntries Timeout, request=d394239f-4003-4980-a11f-9e9a96bc4c4f->08300216-d630-4cd9-aee9-766608000298#111-t2, previous=(t:2, i:18), leaderCommit=12, initializing? false, entries: <empty>
2019-09-10 19:01:18,359 [grpc-default-executor-4] INFO  impl.RaftServerProxy (RaftServerProxy.java:remove(95)) - 0721d391-9877-4bc5-9778-84bb7e49252a: remove group-6ED7C0A64790:null
2019-09-10 19:01:18,364 [RatisPipelineUtilsThread] WARN  pipeline.RatisPipelineUtils (RatisPipelineUtils.java:destroyPipeline(66)) - Pipeline destroy failed for pipeline=PipelineID=b6f271ac-cec0-435e-84e1-6ed7c0a64790 dn=0721d391-9877-4bc5-9778-84bb7e49252a{ip: 192.168.36.113, host: pr-hdds-1982-decom-states-gjzbw-1854142291, networkLocation: /default-rack, certSerialId: null}
2019-09-10 19:01:18,368 [grpc-default-executor-4] INFO  impl.RaftServerProxy (RaftServerProxy.java:remove(95)) - 8e2eaa3a-398a-46ef-9472-b716e4b01ba0: remove group-6ED7C0A64790:null
2019-09-10 19:01:18,370 [RatisPipelineUtilsThread] WARN  pipeline.RatisPipelineUtils (RatisPipelineUtils.java:destroyPipeline(66)) - Pipeline destroy failed for pipeline=PipelineID=b6f271ac-cec0-435e-84e1-6ed7c0a64790 dn=8e2eaa3a-398a-46ef-9472-b716e4b01ba0{ip: 192.168.36.113, host: pr-hdds-1982-decom-states-gjzbw-1854142291, networkLocation: /default-rack, certSerialId: null}
2019-09-10 19:01:18,373 [grpc-default-executor-4] INFO  impl.RaftServerProxy (RaftServerProxy.java:remove(95)) - 0b57ef76-c121-46fb-9637-94024daca647: remove group-6ED7C0A64790:null
2019-09-10 19:01:18,375 [RatisPipelineUtilsThread] WARN  pipeline.RatisPipelineUtils (RatisPipelineUtils.java:destroyPipeline(66)) - Pipeline destroy failed for pipeline=PipelineID=b6f271ac-cec0-435e-84e1-6ed7c0a64790 dn=0b57ef76-c121-46fb-9637-94024daca647{ip: 192.168.36.113, host: pr-hdds-1982-decom-states-gjzbw-1854142291, networkLocation: /default-rack, certSerialId: null}
2019-09-10 19:01:18,375 [RatisPipelineUtilsThread] ERROR pipeline.SCMPipelineManager (Scheduler.java:lambda$schedule$1(70)) - Destroy pipeline failed for pipeline:Pipeline[ Id: b6f271ac-cec0-435e-84e1-6ed7c0a64790, Nodes: 0721d391-9877-4bc5-9778-84bb7e49252a{ip: 192.168.36.113, host: pr-hdds-1982-decom-states-gjzbw-1854142291, networkLocation: /default-rack, certSerialId: null}8e2eaa3a-398a-46ef-9472-b716e4b01ba0{ip: 192.168.36.113, host: pr-hdds-1982-decom-states-gjzbw-1854142291, networkLocation: /default-rack, certSerialId: null}0b57ef76-c121-46fb-9637-94024daca647{ip: 192.168.36.113, host: pr-hdds-1982-decom-states-gjzbw-1854142291, networkLocation: /default-rack, certSerialId: null}, Type:RATIS, Factor:THREE, State:CLOSED]
org.apache.hadoop.hdds.scm.pipeline.PipelineNotFoundException: PipelineID=b6f271ac-cec0-435e-84e1-6ed7c0a64790 not found
	at org.apache.hadoop.hdds.scm.pipeline.PipelineStateMap.getPipeline(PipelineStateMap.java:132)
	at org.apache.hadoop.hdds.scm.pipeline.PipelineStateMap.removePipeline(PipelineStateMap.java:322)
	at org.apache.hadoop.hdds.scm.pipeline.PipelineStateManager.removePipeline(PipelineStateManager.java:107)
	at org.apache.hadoop.hdds.scm.pipeline.SCMPipelineManager.removePipeline(SCMPipelineManager.java:423)
	at org.apache.hadoop.hdds.scm.pipeline.SCMPipelineManager.destroyPipeline(SCMPipelineManager.java:409)
	at org.apache.hadoop.hdds.scm.pipeline.SCMPipelineManager.lambda$finalizeAndDestroyPipeline$0(SCMPipelineManager.java:318)
	at org.apache.hadoop.utils.Scheduler.lambda$schedule$1(Scheduler.java:68)
	at java.util.concurrent.Executors$RunnableAdapter.call(Executors.java:511)
	at java.util.concurrent.FutureTask.run(FutureTask.java:266)
	at java.util.concurrent.ScheduledThreadPoolExecutor$ScheduledFutureTask.access$201(ScheduledThreadPoolExecutor.java:180)
	at java.util.concurrent.ScheduledThreadPoolExecutor$ScheduledFutureTask.run(ScheduledThreadPoolExecutor.java:293)
	at java.util.concurrent.ThreadPoolExecutor.runWorker(ThreadPoolExecutor.java:1149)
	at java.util.concurrent.ThreadPoolExecutor$Worker.run(ThreadPoolExecutor.java:624)
	at java.lang.Thread.run(Thread.java:748)
2019-09-10 19:01:19,611 [java.util.concurrent.ThreadPoolExecutor$Worker@753f42ff[State = -1, empty queue]] WARN  server.GrpcLogAppender (GrpcLogAppender.java:timeoutAppendRequest(200)) - d394239f-4003-4980-a11f-9e9a96bc4c4f@group-996C1A0A52D8->08300216-d630-4cd9-aee9-766608000298-GrpcLogAppender: appendEntries Timeout, request=d394239f-4003-4980-a11f-9e9a96bc4c4f->08300216-d630-4cd9-aee9-766608000298#112-t2, previous=(t:2, i:18), leaderCommit=12, initializing? false, entries: <empty>
2019-09-10 19:01:19,611 [java.util.concurrent.ThreadPoolExecutor$Worker@6afaa2aa[State = -1, empty queue]] WARN  server.GrpcLogAppender (GrpcLogAppender.java:timeoutAppendRequest(200)) - d394239f-4003-4980-a11f-9e9a96bc4c4f@group-996C1A0A52D8->c01dc21c-c6d3-4daa-9385-9c828aa890a1-GrpcLogAppender: appendEntries Timeout, request=d394239f-4003-4980-a11f-9e9a96bc4c4f->c01dc21c-c6d3-4daa-9385-9c828aa890a1#112-t2, previous=(t:2, i:18), leaderCommit=12, initializing? false, entries: <empty>
2019-09-10 19:01:20,360 [grpc-default-executor-4] INFO  impl.RaftServerProxy (RaftServerProxy.java:remove(95)) - 0721d391-9877-4bc5-9778-84bb7e49252a: remove group-6ED7C0A64790:null
2019-09-10 19:01:20,364 [RatisPipelineUtilsThread] WARN  pipeline.RatisPipelineUtils (RatisPipelineUtils.java:destroyPipeline(66)) - Pipeline destroy failed for pipeline=PipelineID=b6f271ac-cec0-435e-84e1-6ed7c0a64790 dn=0721d391-9877-4bc5-9778-84bb7e49252a{ip: 192.168.36.113, host: pr-hdds-1982-decom-states-gjzbw-1854142291, networkLocation: /default-rack, certSerialId: null}
2019-09-10 19:01:20,368 [grpc-default-executor-4] INFO  impl.RaftServerProxy (RaftServerProxy.java:remove(95)) - 8e2eaa3a-398a-46ef-9472-b716e4b01ba0: remove group-6ED7C0A64790:null
2019-09-10 19:01:20,371 [RatisPipelineUtilsThread] WARN  pipeline.RatisPipelineUtils (RatisPipelineUtils.java:destroyPipeline(66)) - Pipeline destroy failed for pipeline=PipelineID=b6f271ac-cec0-435e-84e1-6ed7c0a64790 dn=8e2eaa3a-398a-46ef-9472-b716e4b01ba0{ip: 192.168.36.113, host: pr-hdds-1982-decom-states-gjzbw-1854142291, networkLocation: /default-rack, certSerialId: null}
2019-09-10 19:01:20,375 [grpc-default-executor-4] INFO  impl.RaftServerProxy (RaftServerProxy.java:remove(95)) - 0b57ef76-c121-46fb-9637-94024daca647: remove group-6ED7C0A64790:null
2019-09-10 19:01:20,377 [RatisPipelineUtilsThread] WARN  pipeline.RatisPipelineUtils (RatisPipelineUtils.java:destroyPipeline(66)) - Pipeline destroy failed for pipeline=PipelineID=b6f271ac-cec0-435e-84e1-6ed7c0a64790 dn=0b57ef76-c121-46fb-9637-94024daca647{ip: 192.168.36.113, host: pr-hdds-1982-decom-states-gjzbw-1854142291, networkLocation: /default-rack, certSerialId: null}
2019-09-10 19:01:20,377 [RatisPipelineUtilsThread] ERROR pipeline.SCMPipelineManager (Scheduler.java:lambda$schedule$1(70)) - Destroy pipeline failed for pipeline:Pipeline[ Id: b6f271ac-cec0-435e-84e1-6ed7c0a64790, Nodes: 0721d391-9877-4bc5-9778-84bb7e49252a{ip: 192.168.36.113, host: pr-hdds-1982-decom-states-gjzbw-1854142291, networkLocation: /default-rack, certSerialId: null}8e2eaa3a-398a-46ef-9472-b716e4b01ba0{ip: 192.168.36.113, host: pr-hdds-1982-decom-states-gjzbw-1854142291, networkLocation: /default-rack, certSerialId: null}0b57ef76-c121-46fb-9637-94024daca647{ip: 192.168.36.113, host: pr-hdds-1982-decom-states-gjzbw-1854142291, networkLocation: /default-rack, certSerialId: null}, Type:RATIS, Factor:THREE, State:CLOSED]
org.apache.hadoop.hdds.scm.pipeline.PipelineNotFoundException: PipelineID=b6f271ac-cec0-435e-84e1-6ed7c0a64790 not found
	at org.apache.hadoop.hdds.scm.pipeline.PipelineStateMap.getPipeline(PipelineStateMap.java:132)
	at org.apache.hadoop.hdds.scm.pipeline.PipelineStateMap.removePipeline(PipelineStateMap.java:322)
	at org.apache.hadoop.hdds.scm.pipeline.PipelineStateManager.removePipeline(PipelineStateManager.java:107)
	at org.apache.hadoop.hdds.scm.pipeline.SCMPipelineManager.removePipeline(SCMPipelineManager.java:423)
	at org.apache.hadoop.hdds.scm.pipeline.SCMPipelineManager.destroyPipeline(SCMPipelineManager.java:409)
	at org.apache.hadoop.hdds.scm.pipeline.SCMPipelineManager.lambda$finalizeAndDestroyPipeline$0(SCMPipelineManager.java:318)
	at org.apache.hadoop.utils.Scheduler.lambda$schedule$1(Scheduler.java:68)
	at java.util.concurrent.Executors$RunnableAdapter.call(Executors.java:511)
	at java.util.concurrent.FutureTask.run(FutureTask.java:266)
	at java.util.concurrent.ScheduledThreadPoolExecutor$ScheduledFutureTask.access$201(ScheduledThreadPoolExecutor.java:180)
	at java.util.concurrent.ScheduledThreadPoolExecutor$ScheduledFutureTask.run(ScheduledThreadPoolExecutor.java:293)
	at java.util.concurrent.ThreadPoolExecutor.runWorker(ThreadPoolExecutor.java:1149)
	at java.util.concurrent.ThreadPoolExecutor$Worker.run(ThreadPoolExecutor.java:624)
	at java.lang.Thread.run(Thread.java:748)
2019-09-10 19:01:21,602 [c01dc21c-c6d3-4daa-9385-9c828aa890a1@group-996C1A0A52D8-SegmentedRaftLogWorker] WARN  segmented.SegmentedRaftLogWorker (SegmentedRaftLogWorker.java:getFromFuture(90)) - Timeout 4/~
org.apache.ratis.protocol.TimeoutIOException: Timeout 10s: WriteLog:13: (t:2, i:13), STATEMACHINELOGENTRY, client-4EEF7FFC2E17, cid=33-writeStateMachineData
	at org.apache.ratis.util.IOUtils.getFromFuture(IOUtils.java:87)
	at org.apache.ratis.server.raftlog.segmented.SegmentedRaftLogWorker$StateMachineDataPolicy.getFromFuture(SegmentedRaftLogWorker.java:87)
	at org.apache.ratis.server.raftlog.segmented.SegmentedRaftLogWorker$WriteLog.execute(SegmentedRaftLogWorker.java:477)
	at org.apache.ratis.server.raftlog.segmented.SegmentedRaftLogWorker.run(SegmentedRaftLogWorker.java:289)
	at java.lang.Thread.run(Thread.java:748)
Caused by: java.util.concurrent.TimeoutException
	at java.util.concurrent.CompletableFuture.timedGet(CompletableFuture.java:1771)
	at java.util.concurrent.CompletableFuture.get(CompletableFuture.java:1915)
	at org.apache.ratis.util.IOUtils.getFromFuture(IOUtils.java:79)
	... 4 more
2019-09-10 19:01:21,602 [08300216-d630-4cd9-aee9-766608000298@group-996C1A0A52D8-SegmentedRaftLogWorker] WARN  segmented.SegmentedRaftLogWorker (SegmentedRaftLogWorker.java:getFromFuture(90)) - Timeout 4/~
org.apache.ratis.protocol.TimeoutIOException: Timeout 10s: WriteLog:13: (t:2, i:13), STATEMACHINELOGENTRY, client-4EEF7FFC2E17, cid=33-writeStateMachineData
	at org.apache.ratis.util.IOUtils.getFromFuture(IOUtils.java:87)
	at org.apache.ratis.server.raftlog.segmented.SegmentedRaftLogWorker$StateMachineDataPolicy.getFromFuture(SegmentedRaftLogWorker.java:87)
	at org.apache.ratis.server.raftlog.segmented.SegmentedRaftLogWorker$WriteLog.execute(SegmentedRaftLogWorker.java:477)
	at org.apache.ratis.server.raftlog.segmented.SegmentedRaftLogWorker.run(SegmentedRaftLogWorker.java:289)
	at java.lang.Thread.run(Thread.java:748)
Caused by: java.util.concurrent.TimeoutException
	at java.util.concurrent.CompletableFuture.timedGet(CompletableFuture.java:1771)
	at java.util.concurrent.CompletableFuture.get(CompletableFuture.java:1915)
	at org.apache.ratis.util.IOUtils.getFromFuture(IOUtils.java:79)
	... 4 more
2019-09-10 19:01:21,893 [d394239f-4003-4980-a11f-9e9a96bc4c4f@group-996C1A0A52D8-SegmentedRaftLogWorker] WARN  segmented.SegmentedRaftLogWorker (SegmentedRaftLogWorker.java:getFromFuture(90)) - Timeout 4/~
org.apache.ratis.protocol.TimeoutIOException: Timeout 10s: WriteLog:16: (t:2, i:16), STATEMACHINELOGENTRY, client-4EEF7FFC2E17, cid=36-writeStateMachineData
	at org.apache.ratis.util.IOUtils.getFromFuture(IOUtils.java:87)
	at org.apache.ratis.server.raftlog.segmented.SegmentedRaftLogWorker$StateMachineDataPolicy.getFromFuture(SegmentedRaftLogWorker.java:87)
	at org.apache.ratis.server.raftlog.segmented.SegmentedRaftLogWorker$WriteLog.execute(SegmentedRaftLogWorker.java:477)
	at org.apache.ratis.server.raftlog.segmented.SegmentedRaftLogWorker.run(SegmentedRaftLogWorker.java:289)
	at java.lang.Thread.run(Thread.java:748)
Caused by: java.util.concurrent.TimeoutException
	at java.util.concurrent.CompletableFuture.timedGet(CompletableFuture.java:1771)
	at java.util.concurrent.CompletableFuture.get(CompletableFuture.java:1915)
	at org.apache.ratis.util.IOUtils.getFromFuture(IOUtils.java:79)
	... 4 more
2019-09-10 19:01:22,049 [grpc-default-executor-4] INFO  client.GrpcClientProtocolClient (GrpcClientProtocolClient.java:onNext(264)) - client-4EEF7FFC2E17->08300216-d630-4cd9-aee9-766608000298: receive RaftClientReply:client-4EEF7FFC2E17->08300216-d630-4cd9-aee9-766608000298@group-996C1A0A52D8, cid=33, FAILED org.apache.ratis.protocol.NotLeaderException: Server 08300216-d630-4cd9-aee9-766608000298@group-996C1A0A52D8 is not the leader d394239f-4003-4980-a11f-9e9a96bc4c4f:192.168.36.113:33987, logIndex=0, commits[08300216-d630-4cd9-aee9-766608000298:c12, d394239f-4003-4980-a11f-9e9a96bc4c4f:c12, c01dc21c-c6d3-4daa-9385-9c828aa890a1:c10]
2019-09-10 19:01:22,112 [java.util.concurrent.ThreadPoolExecutor$Worker@6afaa2aa[State = -1, empty queue]] WARN  server.GrpcLogAppender (GrpcLogAppender.java:timeoutAppendRequest(200)) - d394239f-4003-4980-a11f-9e9a96bc4c4f@group-996C1A0A52D8->c01dc21c-c6d3-4daa-9385-9c828aa890a1-GrpcLogAppender: appendEntries Timeout, request=d394239f-4003-4980-a11f-9e9a96bc4c4f->c01dc21c-c6d3-4daa-9385-9c828aa890a1#113-t2, previous=(t:2, i:18), leaderCommit=12, initializing? false, entries: <empty>
2019-09-10 19:01:22,112 [java.util.concurrent.ThreadPoolExecutor$Worker@753f42ff[State = -1, empty queue]] WARN  server.GrpcLogAppender (GrpcLogAppender.java:timeoutAppendRequest(200)) - d394239f-4003-4980-a11f-9e9a96bc4c4f@group-996C1A0A52D8->08300216-d630-4cd9-aee9-766608000298-GrpcLogAppender: appendEntries Timeout, request=d394239f-4003-4980-a11f-9e9a96bc4c4f->08300216-d630-4cd9-aee9-766608000298#113-t2, previous=(t:2, i:18), leaderCommit=12, initializing? false, entries: <empty>
2019-09-10 19:01:23,360 [grpc-default-executor-2] INFO  impl.RaftServerProxy (RaftServerProxy.java:remove(95)) - 0721d391-9877-4bc5-9778-84bb7e49252a: remove group-6ED7C0A64790:null
2019-09-10 19:01:23,363 [RatisPipelineUtilsThread] WARN  pipeline.RatisPipelineUtils (RatisPipelineUtils.java:destroyPipeline(66)) - Pipeline destroy failed for pipeline=PipelineID=b6f271ac-cec0-435e-84e1-6ed7c0a64790 dn=0721d391-9877-4bc5-9778-84bb7e49252a{ip: 192.168.36.113, host: pr-hdds-1982-decom-states-gjzbw-1854142291, networkLocation: /default-rack, certSerialId: null}
2019-09-10 19:01:23,367 [grpc-default-executor-2] INFO  impl.RaftServerProxy (RaftServerProxy.java:remove(95)) - 8e2eaa3a-398a-46ef-9472-b716e4b01ba0: remove group-6ED7C0A64790:null
2019-09-10 19:01:23,369 [RatisPipelineUtilsThread] WARN  pipeline.RatisPipelineUtils (RatisPipelineUtils.java:destroyPipeline(66)) - Pipeline destroy failed for pipeline=PipelineID=b6f271ac-cec0-435e-84e1-6ed7c0a64790 dn=8e2eaa3a-398a-46ef-9472-b716e4b01ba0{ip: 192.168.36.113, host: pr-hdds-1982-decom-states-gjzbw-1854142291, networkLocation: /default-rack, certSerialId: null}
2019-09-10 19:01:23,372 [grpc-default-executor-2] INFO  impl.RaftServerProxy (RaftServerProxy.java:remove(95)) - 0b57ef76-c121-46fb-9637-94024daca647: remove group-6ED7C0A64790:null
2019-09-10 19:01:23,374 [RatisPipelineUtilsThread] WARN  pipeline.RatisPipelineUtils (RatisPipelineUtils.java:destroyPipeline(66)) - Pipeline destroy failed for pipeline=PipelineID=b6f271ac-cec0-435e-84e1-6ed7c0a64790 dn=0b57ef76-c121-46fb-9637-94024daca647{ip: 192.168.36.113, host: pr-hdds-1982-decom-states-gjzbw-1854142291, networkLocation: /default-rack, certSerialId: null}
2019-09-10 19:01:23,374 [RatisPipelineUtilsThread] ERROR pipeline.SCMPipelineManager (Scheduler.java:lambda$schedule$1(70)) - Destroy pipeline failed for pipeline:Pipeline[ Id: b6f271ac-cec0-435e-84e1-6ed7c0a64790, Nodes: 0721d391-9877-4bc5-9778-84bb7e49252a{ip: 192.168.36.113, host: pr-hdds-1982-decom-states-gjzbw-1854142291, networkLocation: /default-rack, certSerialId: null}8e2eaa3a-398a-46ef-9472-b716e4b01ba0{ip: 192.168.36.113, host: pr-hdds-1982-decom-states-gjzbw-1854142291, networkLocation: /default-rack, certSerialId: null}0b57ef76-c121-46fb-9637-94024daca647{ip: 192.168.36.113, host: pr-hdds-1982-decom-states-gjzbw-1854142291, networkLocation: /default-rack, certSerialId: null}, Type:RATIS, Factor:THREE, State:CLOSED]
org.apache.hadoop.hdds.scm.pipeline.PipelineNotFoundException: PipelineID=b6f271ac-cec0-435e-84e1-6ed7c0a64790 not found
	at org.apache.hadoop.hdds.scm.pipeline.PipelineStateMap.getPipeline(PipelineStateMap.java:132)
	at org.apache.hadoop.hdds.scm.pipeline.PipelineStateMap.removePipeline(PipelineStateMap.java:322)
	at org.apache.hadoop.hdds.scm.pipeline.PipelineStateManager.removePipeline(PipelineStateManager.java:107)
	at org.apache.hadoop.hdds.scm.pipeline.SCMPipelineManager.removePipeline(SCMPipelineManager.java:423)
	at org.apache.hadoop.hdds.scm.pipeline.SCMPipelineManager.destroyPipeline(SCMPipelineManager.java:409)
	at org.apache.hadoop.hdds.scm.pipeline.SCMPipelineManager.lambda$finalizeAndDestroyPipeline$0(SCMPipelineManager.java:318)
	at org.apache.hadoop.utils.Scheduler.lambda$schedule$1(Scheduler.java:68)
	at java.util.concurrent.Executors$RunnableAdapter.call(Executors.java:511)
	at java.util.concurrent.FutureTask.run(FutureTask.java:266)
	at java.util.concurrent.ScheduledThreadPoolExecutor$ScheduledFutureTask.access$201(ScheduledThreadPoolExecutor.java:180)
	at java.util.concurrent.ScheduledThreadPoolExecutor$ScheduledFutureTask.run(ScheduledThreadPoolExecutor.java:293)
	at java.util.concurrent.ThreadPoolExecutor.runWorker(ThreadPoolExecutor.java:1149)
	at java.util.concurrent.ThreadPoolExecutor$Worker.run(ThreadPoolExecutor.java:624)
	at java.lang.Thread.run(Thread.java:748)
2019-09-10 19:01:24,613 [java.util.concurrent.ThreadPoolExecutor$Worker@6afaa2aa[State = -1, empty queue]] WARN  server.GrpcLogAppender (GrpcLogAppender.java:timeoutAppendRequest(200)) - d394239f-4003-4980-a11f-9e9a96bc4c4f@group-996C1A0A52D8->c01dc21c-c6d3-4daa-9385-9c828aa890a1-GrpcLogAppender: appendEntries Timeout, request=d394239f-4003-4980-a11f-9e9a96bc4c4f->c01dc21c-c6d3-4daa-9385-9c828aa890a1#114-t2, previous=(t:2, i:18), leaderCommit=12, initializing? false, entries: <empty>
2019-09-10 19:01:24,613 [java.util.concurrent.ThreadPoolExecutor$Worker@753f42ff[State = -1, empty queue]] WARN  server.GrpcLogAppender (GrpcLogAppender.java:timeoutAppendRequest(200)) - d394239f-4003-4980-a11f-9e9a96bc4c4f@group-996C1A0A52D8->08300216-d630-4cd9-aee9-766608000298-GrpcLogAppender: appendEntries Timeout, request=d394239f-4003-4980-a11f-9e9a96bc4c4f->08300216-d630-4cd9-aee9-766608000298#114-t2, previous=(t:2, i:18), leaderCommit=12, initializing? false, entries: <empty>
2019-09-10 19:01:25,363 [grpc-default-executor-2] INFO  impl.RaftServerProxy (RaftServerProxy.java:remove(95)) - 0721d391-9877-4bc5-9778-84bb7e49252a: remove group-6ED7C0A64790:null
2019-09-10 19:01:25,367 [RatisPipelineUtilsThread] WARN  pipeline.RatisPipelineUtils (RatisPipelineUtils.java:destroyPipeline(66)) - Pipeline destroy failed for pipeline=PipelineID=b6f271ac-cec0-435e-84e1-6ed7c0a64790 dn=0721d391-9877-4bc5-9778-84bb7e49252a{ip: 192.168.36.113, host: pr-hdds-1982-decom-states-gjzbw-1854142291, networkLocation: /default-rack, certSerialId: null}
2019-09-10 19:01:25,370 [grpc-default-executor-2] INFO  impl.RaftServerProxy (RaftServerProxy.java:remove(95)) - 8e2eaa3a-398a-46ef-9472-b716e4b01ba0: remove group-6ED7C0A64790:null
2019-09-10 19:01:25,373 [RatisPipelineUtilsThread] WARN  pipeline.RatisPipelineUtils (RatisPipelineUtils.java:destroyPipeline(66)) - Pipeline destroy failed for pipeline=PipelineID=b6f271ac-cec0-435e-84e1-6ed7c0a64790 dn=8e2eaa3a-398a-46ef-9472-b716e4b01ba0{ip: 192.168.36.113, host: pr-hdds-1982-decom-states-gjzbw-1854142291, networkLocation: /default-rack, certSerialId: null}
2019-09-10 19:01:25,376 [grpc-default-executor-2] INFO  impl.RaftServerProxy (RaftServerProxy.java:remove(95)) - 0b57ef76-c121-46fb-9637-94024daca647: remove group-6ED7C0A64790:null
2019-09-10 19:01:25,378 [RatisPipelineUtilsThread] WARN  pipeline.RatisPipelineUtils (RatisPipelineUtils.java:destroyPipeline(66)) - Pipeline destroy failed for pipeline=PipelineID=b6f271ac-cec0-435e-84e1-6ed7c0a64790 dn=0b57ef76-c121-46fb-9637-94024daca647{ip: 192.168.36.113, host: pr-hdds-1982-decom-states-gjzbw-1854142291, networkLocation: /default-rack, certSerialId: null}
2019-09-10 19:01:25,379 [RatisPipelineUtilsThread] ERROR pipeline.SCMPipelineManager (Scheduler.java:lambda$schedule$1(70)) - Destroy pipeline failed for pipeline:Pipeline[ Id: b6f271ac-cec0-435e-84e1-6ed7c0a64790, Nodes: 0721d391-9877-4bc5-9778-84bb7e49252a{ip: 192.168.36.113, host: pr-hdds-1982-decom-states-gjzbw-1854142291, networkLocation: /default-rack, certSerialId: null}8e2eaa3a-398a-46ef-9472-b716e4b01ba0{ip: 192.168.36.113, host: pr-hdds-1982-decom-states-gjzbw-1854142291, networkLocation: /default-rack, certSerialId: null}0b57ef76-c121-46fb-9637-94024daca647{ip: 192.168.36.113, host: pr-hdds-1982-decom-states-gjzbw-1854142291, networkLocation: /default-rack, certSerialId: null}, Type:RATIS, Factor:THREE, State:CLOSED]
org.apache.hadoop.hdds.scm.pipeline.PipelineNotFoundException: PipelineID=b6f271ac-cec0-435e-84e1-6ed7c0a64790 not found
	at org.apache.hadoop.hdds.scm.pipeline.PipelineStateMap.getPipeline(PipelineStateMap.java:132)
	at org.apache.hadoop.hdds.scm.pipeline.PipelineStateMap.removePipeline(PipelineStateMap.java:322)
	at org.apache.hadoop.hdds.scm.pipeline.PipelineStateManager.removePipeline(PipelineStateManager.java:107)
	at org.apache.hadoop.hdds.scm.pipeline.SCMPipelineManager.removePipeline(SCMPipelineManager.java:423)
	at org.apache.hadoop.hdds.scm.pipeline.SCMPipelineManager.destroyPipeline(SCMPipelineManager.java:409)
	at org.apache.hadoop.hdds.scm.pipeline.SCMPipelineManager.lambda$finalizeAndDestroyPipeline$0(SCMPipelineManager.java:318)
	at org.apache.hadoop.utils.Scheduler.lambda$schedule$1(Scheduler.java:68)
	at java.util.concurrent.Executors$RunnableAdapter.call(Executors.java:511)
	at java.util.concurrent.FutureTask.run(FutureTask.java:266)
	at java.util.concurrent.ScheduledThreadPoolExecutor$ScheduledFutureTask.access$201(ScheduledThreadPoolExecutor.java:180)
	at java.util.concurrent.ScheduledThreadPoolExecutor$ScheduledFutureTask.run(ScheduledThreadPoolExecutor.java:293)
	at java.util.concurrent.ThreadPoolExecutor.runWorker(ThreadPoolExecutor.java:1149)
	at java.util.concurrent.ThreadPoolExecutor$Worker.run(ThreadPoolExecutor.java:624)
	at java.lang.Thread.run(Thread.java:748)
2019-09-10 19:01:27,113 [grpc-default-executor-4] INFO  client.GrpcClientProtocolClient (GrpcClientProtocolClient.java:onNext(264)) - client-4EEF7FFC2E17->08300216-d630-4cd9-aee9-766608000298: receive RaftClientReply:client-4EEF7FFC2E17->08300216-d630-4cd9-aee9-766608000298@group-996C1A0A52D8, cid=33, FAILED org.apache.ratis.protocol.NotLeaderException: Server 08300216-d630-4cd9-aee9-766608000298@group-996C1A0A52D8 is not the leader d394239f-4003-4980-a11f-9e9a96bc4c4f:192.168.36.113:33987, logIndex=0, commits[08300216-d630-4cd9-aee9-766608000298:c12, d394239f-4003-4980-a11f-9e9a96bc4c4f:c12, c01dc21c-c6d3-4daa-9385-9c828aa890a1:c10]
2019-09-10 19:01:27,115 [java.util.concurrent.ThreadPoolExecutor$Worker@753f42ff[State = -1, empty queue]] WARN  server.GrpcLogAppender (GrpcLogAppender.java:timeoutAppendRequest(200)) - d394239f-4003-4980-a11f-9e9a96bc4c4f@group-996C1A0A52D8->08300216-d630-4cd9-aee9-766608000298-GrpcLogAppender: appendEntries Timeout, request=d394239f-4003-4980-a11f-9e9a96bc4c4f->08300216-d630-4cd9-aee9-766608000298#115-t2, previous=(t:2, i:18), leaderCommit=12, initializing? false, entries: <empty>
2019-09-10 19:01:27,115 [java.util.concurrent.ThreadPoolExecutor$Worker@6afaa2aa[State = -1, empty queue]] WARN  server.GrpcLogAppender (GrpcLogAppender.java:timeoutAppendRequest(200)) - d394239f-4003-4980-a11f-9e9a96bc4c4f@group-996C1A0A52D8->c01dc21c-c6d3-4daa-9385-9c828aa890a1-GrpcLogAppender: appendEntries Timeout, request=d394239f-4003-4980-a11f-9e9a96bc4c4f->c01dc21c-c6d3-4daa-9385-9c828aa890a1#115-t2, previous=(t:2, i:18), leaderCommit=12, initializing? false, entries: <empty>
2019-09-10 19:01:28,362 [grpc-default-executor-2] INFO  impl.RaftServerProxy (RaftServerProxy.java:remove(95)) - 0721d391-9877-4bc5-9778-84bb7e49252a: remove group-6ED7C0A64790:null
2019-09-10 19:01:28,365 [RatisPipelineUtilsThread] WARN  pipeline.RatisPipelineUtils (RatisPipelineUtils.java:destroyPipeline(66)) - Pipeline destroy failed for pipeline=PipelineID=b6f271ac-cec0-435e-84e1-6ed7c0a64790 dn=0721d391-9877-4bc5-9778-84bb7e49252a{ip: 192.168.36.113, host: pr-hdds-1982-decom-states-gjzbw-1854142291, networkLocation: /default-rack, certSerialId: null}
2019-09-10 19:01:28,368 [grpc-default-executor-2] INFO  impl.RaftServerProxy (RaftServerProxy.java:remove(95)) - 8e2eaa3a-398a-46ef-9472-b716e4b01ba0: remove group-6ED7C0A64790:null
2019-09-10 19:01:28,370 [RatisPipelineUtilsThread] WARN  pipeline.RatisPipelineUtils (RatisPipelineUtils.java:destroyPipeline(66)) - Pipeline destroy failed for pipeline=PipelineID=b6f271ac-cec0-435e-84e1-6ed7c0a64790 dn=8e2eaa3a-398a-46ef-9472-b716e4b01ba0{ip: 192.168.36.113, host: pr-hdds-1982-decom-states-gjzbw-1854142291, networkLocation: /default-rack, certSerialId: null}
2019-09-10 19:01:28,373 [grpc-default-executor-2] INFO  impl.RaftServerProxy (RaftServerProxy.java:remove(95)) - 0b57ef76-c121-46fb-9637-94024daca647: remove group-6ED7C0A64790:null
2019-09-10 19:01:28,375 [RatisPipelineUtilsThread] WARN  pipeline.RatisPipelineUtils (RatisPipelineUtils.java:destroyPipeline(66)) - Pipeline destroy failed for pipeline=PipelineID=b6f271ac-cec0-435e-84e1-6ed7c0a64790 dn=0b57ef76-c121-46fb-9637-94024daca647{ip: 192.168.36.113, host: pr-hdds-1982-decom-states-gjzbw-1854142291, networkLocation: /default-rack, certSerialId: null}
2019-09-10 19:01:28,375 [RatisPipelineUtilsThread] ERROR pipeline.SCMPipelineManager (Scheduler.java:lambda$schedule$1(70)) - Destroy pipeline failed for pipeline:Pipeline[ Id: b6f271ac-cec0-435e-84e1-6ed7c0a64790, Nodes: 0721d391-9877-4bc5-9778-84bb7e49252a{ip: 192.168.36.113, host: pr-hdds-1982-decom-states-gjzbw-1854142291, networkLocation: /default-rack, certSerialId: null}8e2eaa3a-398a-46ef-9472-b716e4b01ba0{ip: 192.168.36.113, host: pr-hdds-1982-decom-states-gjzbw-1854142291, networkLocation: /default-rack, certSerialId: null}0b57ef76-c121-46fb-9637-94024daca647{ip: 192.168.36.113, host: pr-hdds-1982-decom-states-gjzbw-1854142291, networkLocation: /default-rack, certSerialId: null}, Type:RATIS, Factor:THREE, State:CLOSED]
org.apache.hadoop.hdds.scm.pipeline.PipelineNotFoundException: PipelineID=b6f271ac-cec0-435e-84e1-6ed7c0a64790 not found
	at org.apache.hadoop.hdds.scm.pipeline.PipelineStateMap.getPipeline(PipelineStateMap.java:132)
	at org.apache.hadoop.hdds.scm.pipeline.PipelineStateMap.removePipeline(PipelineStateMap.java:322)
	at org.apache.hadoop.hdds.scm.pipeline.PipelineStateManager.removePipeline(PipelineStateManager.java:107)
	at org.apache.hadoop.hdds.scm.pipeline.SCMPipelineManager.removePipeline(SCMPipelineManager.java:423)
	at org.apache.hadoop.hdds.scm.pipeline.SCMPipelineManager.destroyPipeline(SCMPipelineManager.java:409)
	at org.apache.hadoop.hdds.scm.pipeline.SCMPipelineManager.lambda$finalizeAndDestroyPipeline$0(SCMPipelineManager.java:318)
	at org.apache.hadoop.utils.Scheduler.lambda$schedule$1(Scheduler.java:68)
	at java.util.concurrent.Executors$RunnableAdapter.call(Executors.java:511)
	at java.util.concurrent.FutureTask.run(FutureTask.java:266)
	at java.util.concurrent.ScheduledThreadPoolExecutor$ScheduledFutureTask.access$201(ScheduledThreadPoolExecutor.java:180)
	at java.util.concurrent.ScheduledThreadPoolExecutor$ScheduledFutureTask.run(ScheduledThreadPoolExecutor.java:293)
	at java.util.concurrent.ThreadPoolExecutor.runWorker(ThreadPoolExecutor.java:1149)
	at java.util.concurrent.ThreadPoolExecutor$Worker.run(ThreadPoolExecutor.java:624)
	at java.lang.Thread.run(Thread.java:748)
2019-09-10 19:01:29,614 [java.util.concurrent.ThreadPoolExecutor$Worker@753f42ff[State = -1, empty queue]] WARN  server.GrpcLogAppender (GrpcLogAppender.java:timeoutAppendRequest(200)) - d394239f-4003-4980-a11f-9e9a96bc4c4f@group-996C1A0A52D8->08300216-d630-4cd9-aee9-766608000298-GrpcLogAppender: appendEntries Timeout, request=d394239f-4003-4980-a11f-9e9a96bc4c4f->08300216-d630-4cd9-aee9-766608000298#116-t2, previous=(t:2, i:18), leaderCommit=12, initializing? false, entries: <empty>
2019-09-10 19:01:29,614 [java.util.concurrent.ThreadPoolExecutor$Worker@6afaa2aa[State = -1, empty queue]] WARN  server.GrpcLogAppender (GrpcLogAppender.java:timeoutAppendRequest(200)) - d394239f-4003-4980-a11f-9e9a96bc4c4f@group-996C1A0A52D8->c01dc21c-c6d3-4daa-9385-9c828aa890a1-GrpcLogAppender: appendEntries Timeout, request=d394239f-4003-4980-a11f-9e9a96bc4c4f->c01dc21c-c6d3-4daa-9385-9c828aa890a1#116-t2, previous=(t:2, i:18), leaderCommit=12, initializing? false, entries: <empty>
2019-09-10 19:01:30,364 [grpc-default-executor-2] INFO  impl.RaftServerProxy (RaftServerProxy.java:remove(95)) - 0721d391-9877-4bc5-9778-84bb7e49252a: remove group-6ED7C0A64790:null
2019-09-10 19:01:30,368 [RatisPipelineUtilsThread] WARN  pipeline.RatisPipelineUtils (RatisPipelineUtils.java:destroyPipeline(66)) - Pipeline destroy failed for pipeline=PipelineID=b6f271ac-cec0-435e-84e1-6ed7c0a64790 dn=0721d391-9877-4bc5-9778-84bb7e49252a{ip: 192.168.36.113, host: pr-hdds-1982-decom-states-gjzbw-1854142291, networkLocation: /default-rack, certSerialId: null}
2019-09-10 19:01:30,371 [grpc-default-executor-2] INFO  impl.RaftServerProxy (RaftServerProxy.java:remove(95)) - 8e2eaa3a-398a-46ef-9472-b716e4b01ba0: remove group-6ED7C0A64790:null
2019-09-10 19:01:30,374 [RatisPipelineUtilsThread] WARN  pipeline.RatisPipelineUtils (RatisPipelineUtils.java:destroyPipeline(66)) - Pipeline destroy failed for pipeline=PipelineID=b6f271ac-cec0-435e-84e1-6ed7c0a64790 dn=8e2eaa3a-398a-46ef-9472-b716e4b01ba0{ip: 192.168.36.113, host: pr-hdds-1982-decom-states-gjzbw-1854142291, networkLocation: /default-rack, certSerialId: null}
2019-09-10 19:01:30,377 [grpc-default-executor-2] INFO  impl.RaftServerProxy (RaftServerProxy.java:remove(95)) - 0b57ef76-c121-46fb-9637-94024daca647: remove group-6ED7C0A64790:null
2019-09-10 19:01:30,379 [RatisPipelineUtilsThread] WARN  pipeline.RatisPipelineUtils (RatisPipelineUtils.java:destroyPipeline(66)) - Pipeline destroy failed for pipeline=PipelineID=b6f271ac-cec0-435e-84e1-6ed7c0a64790 dn=0b57ef76-c121-46fb-9637-94024daca647{ip: 192.168.36.113, host: pr-hdds-1982-decom-states-gjzbw-1854142291, networkLocation: /default-rack, certSerialId: null}
2019-09-10 19:01:30,379 [RatisPipelineUtilsThread] ERROR pipeline.SCMPipelineManager (Scheduler.java:lambda$schedule$1(70)) - Destroy pipeline failed for pipeline:Pipeline[ Id: b6f271ac-cec0-435e-84e1-6ed7c0a64790, Nodes: 0721d391-9877-4bc5-9778-84bb7e49252a{ip: 192.168.36.113, host: pr-hdds-1982-decom-states-gjzbw-1854142291, networkLocation: /default-rack, certSerialId: null}8e2eaa3a-398a-46ef-9472-b716e4b01ba0{ip: 192.168.36.113, host: pr-hdds-1982-decom-states-gjzbw-1854142291, networkLocation: /default-rack, certSerialId: null}0b57ef76-c121-46fb-9637-94024daca647{ip: 192.168.36.113, host: pr-hdds-1982-decom-states-gjzbw-1854142291, networkLocation: /default-rack, certSerialId: null}, Type:RATIS, Factor:THREE, State:CLOSED]
org.apache.hadoop.hdds.scm.pipeline.PipelineNotFoundException: PipelineID=b6f271ac-cec0-435e-84e1-6ed7c0a64790 not found
	at org.apache.hadoop.hdds.scm.pipeline.PipelineStateMap.getPipeline(PipelineStateMap.java:132)
	at org.apache.hadoop.hdds.scm.pipeline.PipelineStateMap.removePipeline(PipelineStateMap.java:322)
	at org.apache.hadoop.hdds.scm.pipeline.PipelineStateManager.removePipeline(PipelineStateManager.java:107)
	at org.apache.hadoop.hdds.scm.pipeline.SCMPipelineManager.removePipeline(SCMPipelineManager.java:423)
	at org.apache.hadoop.hdds.scm.pipeline.SCMPipelineManager.destroyPipeline(SCMPipelineManager.java:409)
	at org.apache.hadoop.hdds.scm.pipeline.SCMPipelineManager.lambda$finalizeAndDestroyPipeline$0(SCMPipelineManager.java:318)
	at org.apache.hadoop.utils.Scheduler.lambda$schedule$1(Scheduler.java:68)
	at java.util.concurrent.Executors$RunnableAdapter.call(Executors.java:511)
	at java.util.concurrent.FutureTask.run(FutureTask.java:266)
	at java.util.concurrent.ScheduledThreadPoolExecutor$ScheduledFutureTask.access$201(ScheduledThreadPoolExecutor.java:180)
	at java.util.concurrent.ScheduledThreadPoolExecutor$ScheduledFutureTask.run(ScheduledThreadPoolExecutor.java:293)
	at java.util.concurrent.ThreadPoolExecutor.runWorker(ThreadPoolExecutor.java:1149)
	at java.util.concurrent.ThreadPoolExecutor$Worker.run(ThreadPoolExecutor.java:624)
	at java.lang.Thread.run(Thread.java:748)
2019-09-10 19:01:31,603 [c01dc21c-c6d3-4daa-9385-9c828aa890a1@group-996C1A0A52D8-SegmentedRaftLogWorker] WARN  segmented.SegmentedRaftLogWorker (SegmentedRaftLogWorker.java:getFromFuture(90)) - Timeout 5/~
org.apache.ratis.protocol.TimeoutIOException: Timeout 10s: WriteLog:13: (t:2, i:13), STATEMACHINELOGENTRY, client-4EEF7FFC2E17, cid=33-writeStateMachineData
	at org.apache.ratis.util.IOUtils.getFromFuture(IOUtils.java:87)
	at org.apache.ratis.server.raftlog.segmented.SegmentedRaftLogWorker$StateMachineDataPolicy.getFromFuture(SegmentedRaftLogWorker.java:87)
	at org.apache.ratis.server.raftlog.segmented.SegmentedRaftLogWorker$WriteLog.execute(SegmentedRaftLogWorker.java:477)
	at org.apache.ratis.server.raftlog.segmented.SegmentedRaftLogWorker.run(SegmentedRaftLogWorker.java:289)
	at java.lang.Thread.run(Thread.java:748)
Caused by: java.util.concurrent.TimeoutException
	at java.util.concurrent.CompletableFuture.timedGet(CompletableFuture.java:1771)
	at java.util.concurrent.CompletableFuture.get(CompletableFuture.java:1915)
	at org.apache.ratis.util.IOUtils.getFromFuture(IOUtils.java:79)
	... 4 more
2019-09-10 19:01:31,604 [08300216-d630-4cd9-aee9-766608000298@group-996C1A0A52D8-SegmentedRaftLogWorker] WARN  segmented.SegmentedRaftLogWorker (SegmentedRaftLogWorker.java:getFromFuture(90)) - Timeout 5/~
org.apache.ratis.protocol.TimeoutIOException: Timeout 10s: WriteLog:13: (t:2, i:13), STATEMACHINELOGENTRY, client-4EEF7FFC2E17, cid=33-writeStateMachineData
	at org.apache.ratis.util.IOUtils.getFromFuture(IOUtils.java:87)
	at org.apache.ratis.server.raftlog.segmented.SegmentedRaftLogWorker$StateMachineDataPolicy.getFromFuture(SegmentedRaftLogWorker.java:87)
	at org.apache.ratis.server.raftlog.segmented.SegmentedRaftLogWorker$WriteLog.execute(SegmentedRaftLogWorker.java:477)
	at org.apache.ratis.server.raftlog.segmented.SegmentedRaftLogWorker.run(SegmentedRaftLogWorker.java:289)
	at java.lang.Thread.run(Thread.java:748)
Caused by: java.util.concurrent.TimeoutException
	at java.util.concurrent.CompletableFuture.timedGet(CompletableFuture.java:1771)
	at java.util.concurrent.CompletableFuture.get(CompletableFuture.java:1915)
	at org.apache.ratis.util.IOUtils.getFromFuture(IOUtils.java:79)
	... 4 more
2019-09-10 19:01:31,894 [d394239f-4003-4980-a11f-9e9a96bc4c4f@group-996C1A0A52D8-SegmentedRaftLogWorker] WARN  segmented.SegmentedRaftLogWorker (SegmentedRaftLogWorker.java:getFromFuture(90)) - Timeout 5/~
org.apache.ratis.protocol.TimeoutIOException: Timeout 10s: WriteLog:16: (t:2, i:16), STATEMACHINELOGENTRY, client-4EEF7FFC2E17, cid=36-writeStateMachineData
	at org.apache.ratis.util.IOUtils.getFromFuture(IOUtils.java:87)
	at org.apache.ratis.server.raftlog.segmented.SegmentedRaftLogWorker$StateMachineDataPolicy.getFromFuture(SegmentedRaftLogWorker.java:87)
	at org.apache.ratis.server.raftlog.segmented.SegmentedRaftLogWorker$WriteLog.execute(SegmentedRaftLogWorker.java:477)
	at org.apache.ratis.server.raftlog.segmented.SegmentedRaftLogWorker.run(SegmentedRaftLogWorker.java:289)
	at java.lang.Thread.run(Thread.java:748)
Caused by: java.util.concurrent.TimeoutException
	at java.util.concurrent.CompletableFuture.timedGet(CompletableFuture.java:1771)
	at java.util.concurrent.CompletableFuture.get(CompletableFuture.java:1915)
	at org.apache.ratis.util.IOUtils.getFromFuture(IOUtils.java:79)
	... 4 more
2019-09-10 19:01:32,115 [java.util.concurrent.ThreadPoolExecutor$Worker@6afaa2aa[State = -1, empty queue]] WARN  server.GrpcLogAppender (GrpcLogAppender.java:timeoutAppendRequest(200)) - d394239f-4003-4980-a11f-9e9a96bc4c4f@group-996C1A0A52D8->c01dc21c-c6d3-4daa-9385-9c828aa890a1-GrpcLogAppender: appendEntries Timeout, request=d394239f-4003-4980-a11f-9e9a96bc4c4f->c01dc21c-c6d3-4daa-9385-9c828aa890a1#117-t2, previous=(t:2, i:18), leaderCommit=12, initializing? false, entries: <empty>
2019-09-10 19:01:32,115 [java.util.concurrent.ThreadPoolExecutor$Worker@753f42ff[State = -1, empty queue]] WARN  server.GrpcLogAppender (GrpcLogAppender.java:timeoutAppendRequest(200)) - d394239f-4003-4980-a11f-9e9a96bc4c4f@group-996C1A0A52D8->08300216-d630-4cd9-aee9-766608000298-GrpcLogAppender: appendEntries Timeout, request=d394239f-4003-4980-a11f-9e9a96bc4c4f->08300216-d630-4cd9-aee9-766608000298#117-t2, previous=(t:2, i:18), leaderCommit=12, initializing? false, entries: <empty>
2019-09-10 19:01:32,157 [grpc-default-executor-4] INFO  client.GrpcClientProtocolClient (GrpcClientProtocolClient.java:onNext(264)) - client-4EEF7FFC2E17->08300216-d630-4cd9-aee9-766608000298: receive RaftClientReply:client-4EEF7FFC2E17->08300216-d630-4cd9-aee9-766608000298@group-996C1A0A52D8, cid=33, FAILED org.apache.ratis.protocol.NotLeaderException: Server 08300216-d630-4cd9-aee9-766608000298@group-996C1A0A52D8 is not the leader d394239f-4003-4980-a11f-9e9a96bc4c4f:192.168.36.113:33987, logIndex=0, commits[08300216-d630-4cd9-aee9-766608000298:c12, d394239f-4003-4980-a11f-9e9a96bc4c4f:c12, c01dc21c-c6d3-4daa-9385-9c828aa890a1:c10]
2019-09-10 19:01:33,366 [grpc-default-executor-2] INFO  impl.RaftServerProxy (RaftServerProxy.java:remove(95)) - 0721d391-9877-4bc5-9778-84bb7e49252a: remove group-6ED7C0A64790:null
2019-09-10 19:01:33,372 [RatisPipelineUtilsThread] WARN  pipeline.RatisPipelineUtils (RatisPipelineUtils.java:destroyPipeline(66)) - Pipeline destroy failed for pipeline=PipelineID=b6f271ac-cec0-435e-84e1-6ed7c0a64790 dn=0721d391-9877-4bc5-9778-84bb7e49252a{ip: 192.168.36.113, host: pr-hdds-1982-decom-states-gjzbw-1854142291, networkLocation: /default-rack, certSerialId: null}
2019-09-10 19:01:33,376 [grpc-default-executor-2] INFO  impl.RaftServerProxy (RaftServerProxy.java:remove(95)) - 8e2eaa3a-398a-46ef-9472-b716e4b01ba0: remove group-6ED7C0A64790:null
2019-09-10 19:01:33,378 [RatisPipelineUtilsThread] WARN  pipeline.RatisPipelineUtils (RatisPipelineUtils.java:destroyPipeline(66)) - Pipeline destroy failed for pipeline=PipelineID=b6f271ac-cec0-435e-84e1-6ed7c0a64790 dn=8e2eaa3a-398a-46ef-9472-b716e4b01ba0{ip: 192.168.36.113, host: pr-hdds-1982-decom-states-gjzbw-1854142291, networkLocation: /default-rack, certSerialId: null}
2019-09-10 19:01:33,382 [grpc-default-executor-2] INFO  impl.RaftServerProxy (RaftServerProxy.java:remove(95)) - 0b57ef76-c121-46fb-9637-94024daca647: remove group-6ED7C0A64790:null
2019-09-10 19:01:33,385 [RatisPipelineUtilsThread] WARN  pipeline.RatisPipelineUtils (RatisPipelineUtils.java:destroyPipeline(66)) - Pipeline destroy failed for pipeline=PipelineID=b6f271ac-cec0-435e-84e1-6ed7c0a64790 dn=0b57ef76-c121-46fb-9637-94024daca647{ip: 192.168.36.113, host: pr-hdds-1982-decom-states-gjzbw-1854142291, networkLocation: /default-rack, certSerialId: null}
2019-09-10 19:01:33,386 [RatisPipelineUtilsThread] ERROR pipeline.SCMPipelineManager (Scheduler.java:lambda$schedule$1(70)) - Destroy pipeline failed for pipeline:Pipeline[ Id: b6f271ac-cec0-435e-84e1-6ed7c0a64790, Nodes: 0721d391-9877-4bc5-9778-84bb7e49252a{ip: 192.168.36.113, host: pr-hdds-1982-decom-states-gjzbw-1854142291, networkLocation: /default-rack, certSerialId: null}8e2eaa3a-398a-46ef-9472-b716e4b01ba0{ip: 192.168.36.113, host: pr-hdds-1982-decom-states-gjzbw-1854142291, networkLocation: /default-rack, certSerialId: null}0b57ef76-c121-46fb-9637-94024daca647{ip: 192.168.36.113, host: pr-hdds-1982-decom-states-gjzbw-1854142291, networkLocation: /default-rack, certSerialId: null}, Type:RATIS, Factor:THREE, State:CLOSED]
org.apache.hadoop.hdds.scm.pipeline.PipelineNotFoundException: PipelineID=b6f271ac-cec0-435e-84e1-6ed7c0a64790 not found
	at org.apache.hadoop.hdds.scm.pipeline.PipelineStateMap.getPipeline(PipelineStateMap.java:132)
	at org.apache.hadoop.hdds.scm.pipeline.PipelineStateMap.removePipeline(PipelineStateMap.java:322)
	at org.apache.hadoop.hdds.scm.pipeline.PipelineStateManager.removePipeline(PipelineStateManager.java:107)
	at org.apache.hadoop.hdds.scm.pipeline.SCMPipelineManager.removePipeline(SCMPipelineManager.java:423)
	at org.apache.hadoop.hdds.scm.pipeline.SCMPipelineManager.destroyPipeline(SCMPipelineManager.java:409)
	at org.apache.hadoop.hdds.scm.pipeline.SCMPipelineManager.lambda$finalizeAndDestroyPipeline$0(SCMPipelineManager.java:318)
	at org.apache.hadoop.utils.Scheduler.lambda$schedule$1(Scheduler.java:68)
	at java.util.concurrent.Executors$RunnableAdapter.call(Executors.java:511)
	at java.util.concurrent.FutureTask.run(FutureTask.java:266)
	at java.util.concurrent.ScheduledThreadPoolExecutor$ScheduledFutureTask.access$201(ScheduledThreadPoolExecutor.java:180)
	at java.util.concurrent.ScheduledThreadPoolExecutor$ScheduledFutureTask.run(ScheduledThreadPoolExecutor.java:293)
	at java.util.concurrent.ThreadPoolExecutor.runWorker(ThreadPoolExecutor.java:1149)
	at java.util.concurrent.ThreadPoolExecutor$Worker.run(ThreadPoolExecutor.java:624)
	at java.lang.Thread.run(Thread.java:748)
2019-09-10 19:01:34,616 [java.util.concurrent.ThreadPoolExecutor$Worker@753f42ff[State = -1, empty queue]] WARN  server.GrpcLogAppender (GrpcLogAppender.java:timeoutAppendRequest(200)) - d394239f-4003-4980-a11f-9e9a96bc4c4f@group-996C1A0A52D8->08300216-d630-4cd9-aee9-766608000298-GrpcLogAppender: appendEntries Timeout, request=d394239f-4003-4980-a11f-9e9a96bc4c4f->08300216-d630-4cd9-aee9-766608000298#118-t2, previous=(t:2, i:18), leaderCommit=12, initializing? false, entries: <empty>
2019-09-10 19:01:34,616 [java.util.concurrent.ThreadPoolExecutor$Worker@6afaa2aa[State = -1, empty queue]] WARN  server.GrpcLogAppender (GrpcLogAppender.java:timeoutAppendRequest(200)) - d394239f-4003-4980-a11f-9e9a96bc4c4f@group-996C1A0A52D8->c01dc21c-c6d3-4daa-9385-9c828aa890a1-GrpcLogAppender: appendEntries Timeout, request=d394239f-4003-4980-a11f-9e9a96bc4c4f->c01dc21c-c6d3-4daa-9385-9c828aa890a1#118-t2, previous=(t:2, i:18), leaderCommit=12, initializing? false, entries: <empty>
2019-09-10 19:01:35,363 [grpc-default-executor-4] INFO  impl.RaftServerProxy (RaftServerProxy.java:remove(95)) - 0721d391-9877-4bc5-9778-84bb7e49252a: remove group-6ED7C0A64790:null
2019-09-10 19:01:35,367 [RatisPipelineUtilsThread] WARN  pipeline.RatisPipelineUtils (RatisPipelineUtils.java:destroyPipeline(66)) - Pipeline destroy failed for pipeline=PipelineID=b6f271ac-cec0-435e-84e1-6ed7c0a64790 dn=0721d391-9877-4bc5-9778-84bb7e49252a{ip: 192.168.36.113, host: pr-hdds-1982-decom-states-gjzbw-1854142291, networkLocation: /default-rack, certSerialId: null}
2019-09-10 19:01:35,370 [grpc-default-executor-4] INFO  impl.RaftServerProxy (RaftServerProxy.java:remove(95)) - 8e2eaa3a-398a-46ef-9472-b716e4b01ba0: remove group-6ED7C0A64790:null
2019-09-10 19:01:35,372 [RatisPipelineUtilsThread] WARN  pipeline.RatisPipelineUtils (RatisPipelineUtils.java:destroyPipeline(66)) - Pipeline destroy failed for pipeline=PipelineID=b6f271ac-cec0-435e-84e1-6ed7c0a64790 dn=8e2eaa3a-398a-46ef-9472-b716e4b01ba0{ip: 192.168.36.113, host: pr-hdds-1982-decom-states-gjzbw-1854142291, networkLocation: /default-rack, certSerialId: null}
2019-09-10 19:01:35,375 [grpc-default-executor-4] INFO  impl.RaftServerProxy (RaftServerProxy.java:remove(95)) - 0b57ef76-c121-46fb-9637-94024daca647: remove group-6ED7C0A64790:null
2019-09-10 19:01:35,377 [RatisPipelineUtilsThread] WARN  pipeline.RatisPipelineUtils (RatisPipelineUtils.java:destroyPipeline(66)) - Pipeline destroy failed for pipeline=PipelineID=b6f271ac-cec0-435e-84e1-6ed7c0a64790 dn=0b57ef76-c121-46fb-9637-94024daca647{ip: 192.168.36.113, host: pr-hdds-1982-decom-states-gjzbw-1854142291, networkLocation: /default-rack, certSerialId: null}
2019-09-10 19:01:35,378 [RatisPipelineUtilsThread] ERROR pipeline.SCMPipelineManager (Scheduler.java:lambda$schedule$1(70)) - Destroy pipeline failed for pipeline:Pipeline[ Id: b6f271ac-cec0-435e-84e1-6ed7c0a64790, Nodes: 0721d391-9877-4bc5-9778-84bb7e49252a{ip: 192.168.36.113, host: pr-hdds-1982-decom-states-gjzbw-1854142291, networkLocation: /default-rack, certSerialId: null}8e2eaa3a-398a-46ef-9472-b716e4b01ba0{ip: 192.168.36.113, host: pr-hdds-1982-decom-states-gjzbw-1854142291, networkLocation: /default-rack, certSerialId: null}0b57ef76-c121-46fb-9637-94024daca647{ip: 192.168.36.113, host: pr-hdds-1982-decom-states-gjzbw-1854142291, networkLocation: /default-rack, certSerialId: null}, Type:RATIS, Factor:THREE, State:CLOSED]
org.apache.hadoop.hdds.scm.pipeline.PipelineNotFoundException: PipelineID=b6f271ac-cec0-435e-84e1-6ed7c0a64790 not found
	at org.apache.hadoop.hdds.scm.pipeline.PipelineStateMap.getPipeline(PipelineStateMap.java:132)
	at org.apache.hadoop.hdds.scm.pipeline.PipelineStateMap.removePipeline(PipelineStateMap.java:322)
	at org.apache.hadoop.hdds.scm.pipeline.PipelineStateManager.removePipeline(PipelineStateManager.java:107)
	at org.apache.hadoop.hdds.scm.pipeline.SCMPipelineManager.removePipeline(SCMPipelineManager.java:423)
	at org.apache.hadoop.hdds.scm.pipeline.SCMPipelineManager.destroyPipeline(SCMPipelineManager.java:409)
	at org.apache.hadoop.hdds.scm.pipeline.SCMPipelineManager.lambda$finalizeAndDestroyPipeline$0(SCMPipelineManager.java:318)
	at org.apache.hadoop.utils.Scheduler.lambda$schedule$1(Scheduler.java:68)
	at java.util.concurrent.Executors$RunnableAdapter.call(Executors.java:511)
	at java.util.concurrent.FutureTask.run(FutureTask.java:266)
	at java.util.concurrent.ScheduledThreadPoolExecutor$ScheduledFutureTask.access$201(ScheduledThreadPoolExecutor.java:180)
	at java.util.concurrent.ScheduledThreadPoolExecutor$ScheduledFutureTask.run(ScheduledThreadPoolExecutor.java:293)
	at java.util.concurrent.ThreadPoolExecutor.runWorker(ThreadPoolExecutor.java:1149)
	at java.util.concurrent.ThreadPoolExecutor$Worker.run(ThreadPoolExecutor.java:624)
	at java.lang.Thread.run(Thread.java:748)
2019-09-10 19:01:36,465 [grpc-default-executor-4] INFO  impl.RaftServerProxy (RaftServerProxy.java:remove(95)) - 0721d391-9877-4bc5-9778-84bb7e49252a: remove group-6ED7C0A64790:null
2019-09-10 19:01:36,467 [RatisPipelineUtilsThread] WARN  pipeline.RatisPipelineUtils (RatisPipelineUtils.java:destroyPipeline(66)) - Pipeline destroy failed for pipeline=PipelineID=b6f271ac-cec0-435e-84e1-6ed7c0a64790 dn=0721d391-9877-4bc5-9778-84bb7e49252a{ip: 192.168.36.113, host: pr-hdds-1982-decom-states-gjzbw-1854142291, networkLocation: /default-rack, certSerialId: null}
2019-09-10 19:01:36,470 [grpc-default-executor-4] INFO  impl.RaftServerProxy (RaftServerProxy.java:remove(95)) - 8e2eaa3a-398a-46ef-9472-b716e4b01ba0: remove group-6ED7C0A64790:null
2019-09-10 19:01:36,473 [RatisPipelineUtilsThread] WARN  pipeline.RatisPipelineUtils (RatisPipelineUtils.java:destroyPipeline(66)) - Pipeline destroy failed for pipeline=PipelineID=b6f271ac-cec0-435e-84e1-6ed7c0a64790 dn=8e2eaa3a-398a-46ef-9472-b716e4b01ba0{ip: 192.168.36.113, host: pr-hdds-1982-decom-states-gjzbw-1854142291, networkLocation: /default-rack, certSerialId: null}
2019-09-10 19:01:36,479 [grpc-default-executor-4] INFO  impl.RaftServerProxy (RaftServerProxy.java:remove(95)) - 0b57ef76-c121-46fb-9637-94024daca647: remove group-6ED7C0A64790:null
2019-09-10 19:01:36,483 [RatisPipelineUtilsThread] WARN  pipeline.RatisPipelineUtils (RatisPipelineUtils.java:destroyPipeline(66)) - Pipeline destroy failed for pipeline=PipelineID=b6f271ac-cec0-435e-84e1-6ed7c0a64790 dn=0b57ef76-c121-46fb-9637-94024daca647{ip: 192.168.36.113, host: pr-hdds-1982-decom-states-gjzbw-1854142291, networkLocation: /default-rack, certSerialId: null}
2019-09-10 19:01:36,483 [RatisPipelineUtilsThread] ERROR pipeline.SCMPipelineManager (Scheduler.java:lambda$schedule$1(70)) - Destroy pipeline failed for pipeline:Pipeline[ Id: b6f271ac-cec0-435e-84e1-6ed7c0a64790, Nodes: 0721d391-9877-4bc5-9778-84bb7e49252a{ip: 192.168.36.113, host: pr-hdds-1982-decom-states-gjzbw-1854142291, networkLocation: /default-rack, certSerialId: null}8e2eaa3a-398a-46ef-9472-b716e4b01ba0{ip: 192.168.36.113, host: pr-hdds-1982-decom-states-gjzbw-1854142291, networkLocation: /default-rack, certSerialId: null}0b57ef76-c121-46fb-9637-94024daca647{ip: 192.168.36.113, host: pr-hdds-1982-decom-states-gjzbw-1854142291, networkLocation: /default-rack, certSerialId: null}, Type:RATIS, Factor:THREE, State:CLOSED]
org.apache.hadoop.hdds.scm.pipeline.PipelineNotFoundException: PipelineID=b6f271ac-cec0-435e-84e1-6ed7c0a64790 not found
	at org.apache.hadoop.hdds.scm.pipeline.PipelineStateMap.getPipeline(PipelineStateMap.java:132)
	at org.apache.hadoop.hdds.scm.pipeline.PipelineStateMap.removePipeline(PipelineStateMap.java:322)
	at org.apache.hadoop.hdds.scm.pipeline.PipelineStateManager.removePipeline(PipelineStateManager.java:107)
	at org.apache.hadoop.hdds.scm.pipeline.SCMPipelineManager.removePipeline(SCMPipelineManager.java:423)
	at org.apache.hadoop.hdds.scm.pipeline.SCMPipelineManager.destroyPipeline(SCMPipelineManager.java:409)
	at org.apache.hadoop.hdds.scm.pipeline.SCMPipelineManager.lambda$finalizeAndDestroyPipeline$0(SCMPipelineManager.java:318)
	at org.apache.hadoop.utils.Scheduler.lambda$schedule$1(Scheduler.java:68)
	at java.util.concurrent.Executors$RunnableAdapter.call(Executors.java:511)
	at java.util.concurrent.FutureTask.run(FutureTask.java:266)
	at java.util.concurrent.ScheduledThreadPoolExecutor$ScheduledFutureTask.access$201(ScheduledThreadPoolExecutor.java:180)
	at java.util.concurrent.ScheduledThreadPoolExecutor$ScheduledFutureTask.run(ScheduledThreadPoolExecutor.java:293)
	at java.util.concurrent.ThreadPoolExecutor.runWorker(ThreadPoolExecutor.java:1149)
	at java.util.concurrent.ThreadPoolExecutor$Worker.run(ThreadPoolExecutor.java:624)
	at java.lang.Thread.run(Thread.java:748)
2019-09-10 19:01:36,764 [grpc-default-executor-2] INFO  impl.RaftServerProxy (RaftServerProxy.java:remove(95)) - 0721d391-9877-4bc5-9778-84bb7e49252a: remove group-6ED7C0A64790:null
2019-09-10 19:01:36,767 [RatisPipelineUtilsThread] WARN  pipeline.RatisPipelineUtils (RatisPipelineUtils.java:destroyPipeline(66)) - Pipeline destroy failed for pipeline=PipelineID=b6f271ac-cec0-435e-84e1-6ed7c0a64790 dn=0721d391-9877-4bc5-9778-84bb7e49252a{ip: 192.168.36.113, host: pr-hdds-1982-decom-states-gjzbw-1854142291, networkLocation: /default-rack, certSerialId: null}
2019-09-10 19:01:36,770 [grpc-default-executor-2] INFO  impl.RaftServerProxy (RaftServerProxy.java:remove(95)) - 8e2eaa3a-398a-46ef-9472-b716e4b01ba0: remove group-6ED7C0A64790:null
2019-09-10 19:01:36,772 [RatisPipelineUtilsThread] WARN  pipeline.RatisPipelineUtils (RatisPipelineUtils.java:destroyPipeline(66)) - Pipeline destroy failed for pipeline=PipelineID=b6f271ac-cec0-435e-84e1-6ed7c0a64790 dn=8e2eaa3a-398a-46ef-9472-b716e4b01ba0{ip: 192.168.36.113, host: pr-hdds-1982-decom-states-gjzbw-1854142291, networkLocation: /default-rack, certSerialId: null}
2019-09-10 19:01:36,775 [grpc-default-executor-2] INFO  impl.RaftServerProxy (RaftServerProxy.java:remove(95)) - 0b57ef76-c121-46fb-9637-94024daca647: remove group-6ED7C0A64790:null
2019-09-10 19:01:36,777 [RatisPipelineUtilsThread] WARN  pipeline.RatisPipelineUtils (RatisPipelineUtils.java:destroyPipeline(66)) - Pipeline destroy failed for pipeline=PipelineID=b6f271ac-cec0-435e-84e1-6ed7c0a64790 dn=0b57ef76-c121-46fb-9637-94024daca647{ip: 192.168.36.113, host: pr-hdds-1982-decom-states-gjzbw-1854142291, networkLocation: /default-rack, certSerialId: null}
2019-09-10 19:01:36,777 [RatisPipelineUtilsThread] ERROR pipeline.SCMPipelineManager (Scheduler.java:lambda$schedule$1(70)) - Destroy pipeline failed for pipeline:Pipeline[ Id: b6f271ac-cec0-435e-84e1-6ed7c0a64790, Nodes: 0721d391-9877-4bc5-9778-84bb7e49252a{ip: 192.168.36.113, host: pr-hdds-1982-decom-states-gjzbw-1854142291, networkLocation: /default-rack, certSerialId: null}8e2eaa3a-398a-46ef-9472-b716e4b01ba0{ip: 192.168.36.113, host: pr-hdds-1982-decom-states-gjzbw-1854142291, networkLocation: /default-rack, certSerialId: null}0b57ef76-c121-46fb-9637-94024daca647{ip: 192.168.36.113, host: pr-hdds-1982-decom-states-gjzbw-1854142291, networkLocation: /default-rack, certSerialId: null}, Type:RATIS, Factor:THREE, State:CLOSED]
org.apache.hadoop.hdds.scm.pipeline.PipelineNotFoundException: PipelineID=b6f271ac-cec0-435e-84e1-6ed7c0a64790 not found
	at org.apache.hadoop.hdds.scm.pipeline.PipelineStateMap.getPipeline(PipelineStateMap.java:132)
	at org.apache.hadoop.hdds.scm.pipeline.PipelineStateMap.removePipeline(PipelineStateMap.java:322)
	at org.apache.hadoop.hdds.scm.pipeline.PipelineStateManager.removePipeline(PipelineStateManager.java:107)
	at org.apache.hadoop.hdds.scm.pipeline.SCMPipelineManager.removePipeline(SCMPipelineManager.java:423)
	at org.apache.hadoop.hdds.scm.pipeline.SCMPipelineManager.destroyPipeline(SCMPipelineManager.java:409)
	at org.apache.hadoop.hdds.scm.pipeline.SCMPipelineManager.lambda$finalizeAndDestroyPipeline$0(SCMPipelineManager.java:318)
	at org.apache.hadoop.utils.Scheduler.lambda$schedule$1(Scheduler.java:68)
	at java.util.concurrent.Executors$RunnableAdapter.call(Executors.java:511)
	at java.util.concurrent.FutureTask.run(FutureTask.java:266)
	at java.util.concurrent.ScheduledThreadPoolExecutor$ScheduledFutureTask.access$201(ScheduledThreadPoolExecutor.java:180)
	at java.util.concurrent.ScheduledThreadPoolExecutor$ScheduledFutureTask.run(ScheduledThreadPoolExecutor.java:293)
	at java.util.concurrent.ThreadPoolExecutor.runWorker(ThreadPoolExecutor.java:1149)
	at java.util.concurrent.ThreadPoolExecutor$Worker.run(ThreadPoolExecutor.java:624)
	at java.lang.Thread.run(Thread.java:748)
2019-09-10 19:01:37,116 [java.util.concurrent.ThreadPoolExecutor$Worker@753f42ff[State = -1, empty queue]] WARN  server.GrpcLogAppender (GrpcLogAppender.java:timeoutAppendRequest(200)) - d394239f-4003-4980-a11f-9e9a96bc4c4f@group-996C1A0A52D8->08300216-d630-4cd9-aee9-766608000298-GrpcLogAppender: appendEntries Timeout, request=d394239f-4003-4980-a11f-9e9a96bc4c4f->08300216-d630-4cd9-aee9-766608000298#119-t2, previous=(t:2, i:18), leaderCommit=12, initializing? false, entries: <empty>
2019-09-10 19:01:37,117 [java.util.concurrent.ThreadPoolExecutor$Worker@6afaa2aa[State = -1, empty queue]] WARN  server.GrpcLogAppender (GrpcLogAppender.java:timeoutAppendRequest(200)) - d394239f-4003-4980-a11f-9e9a96bc4c4f@group-996C1A0A52D8->c01dc21c-c6d3-4daa-9385-9c828aa890a1-GrpcLogAppender: appendEntries Timeout, request=d394239f-4003-4980-a11f-9e9a96bc4c4f->c01dc21c-c6d3-4daa-9385-9c828aa890a1#119-t2, previous=(t:2, i:18), leaderCommit=12, initializing? false, entries: <empty>
2019-09-10 19:01:37,169 [grpc-default-executor-2] INFO  impl.RaftServerProxy (RaftServerProxy.java:remove(95)) - 0721d391-9877-4bc5-9778-84bb7e49252a: remove group-6ED7C0A64790:null
2019-09-10 19:01:37,172 [RatisPipelineUtilsThread] WARN  pipeline.RatisPipelineUtils (RatisPipelineUtils.java:destroyPipeline(66)) - Pipeline destroy failed for pipeline=PipelineID=b6f271ac-cec0-435e-84e1-6ed7c0a64790 dn=0721d391-9877-4bc5-9778-84bb7e49252a{ip: 192.168.36.113, host: pr-hdds-1982-decom-states-gjzbw-1854142291, networkLocation: /default-rack, certSerialId: null}
2019-09-10 19:01:37,175 [grpc-default-executor-2] INFO  impl.RaftServerProxy (RaftServerProxy.java:remove(95)) - 8e2eaa3a-398a-46ef-9472-b716e4b01ba0: remove group-6ED7C0A64790:null
2019-09-10 19:01:37,177 [RatisPipelineUtilsThread] WARN  pipeline.RatisPipelineUtils (RatisPipelineUtils.java:destroyPipeline(66)) - Pipeline destroy failed for pipeline=PipelineID=b6f271ac-cec0-435e-84e1-6ed7c0a64790 dn=8e2eaa3a-398a-46ef-9472-b716e4b01ba0{ip: 192.168.36.113, host: pr-hdds-1982-decom-states-gjzbw-1854142291, networkLocation: /default-rack, certSerialId: null}
2019-09-10 19:01:37,179 [grpc-default-executor-2] INFO  impl.RaftServerProxy (RaftServerProxy.java:remove(95)) - 0b57ef76-c121-46fb-9637-94024daca647: remove group-6ED7C0A64790:null
2019-09-10 19:01:37,182 [RatisPipelineUtilsThread] WARN  pipeline.RatisPipelineUtils (RatisPipelineUtils.java:destroyPipeline(66)) - Pipeline destroy failed for pipeline=PipelineID=b6f271ac-cec0-435e-84e1-6ed7c0a64790 dn=0b57ef76-c121-46fb-9637-94024daca647{ip: 192.168.36.113, host: pr-hdds-1982-decom-states-gjzbw-1854142291, networkLocation: /default-rack, certSerialId: null}
2019-09-10 19:01:37,182 [RatisPipelineUtilsThread] ERROR pipeline.SCMPipelineManager (Scheduler.java:lambda$schedule$1(70)) - Destroy pipeline failed for pipeline:Pipeline[ Id: b6f271ac-cec0-435e-84e1-6ed7c0a64790, Nodes: 0721d391-9877-4bc5-9778-84bb7e49252a{ip: 192.168.36.113, host: pr-hdds-1982-decom-states-gjzbw-1854142291, networkLocation: /default-rack, certSerialId: null}8e2eaa3a-398a-46ef-9472-b716e4b01ba0{ip: 192.168.36.113, host: pr-hdds-1982-decom-states-gjzbw-1854142291, networkLocation: /default-rack, certSerialId: null}0b57ef76-c121-46fb-9637-94024daca647{ip: 192.168.36.113, host: pr-hdds-1982-decom-states-gjzbw-1854142291, networkLocation: /default-rack, certSerialId: null}, Type:RATIS, Factor:THREE, State:CLOSED]
org.apache.hadoop.hdds.scm.pipeline.PipelineNotFoundException: PipelineID=b6f271ac-cec0-435e-84e1-6ed7c0a64790 not found
	at org.apache.hadoop.hdds.scm.pipeline.PipelineStateMap.getPipeline(PipelineStateMap.java:132)
	at org.apache.hadoop.hdds.scm.pipeline.PipelineStateMap.removePipeline(PipelineStateMap.java:322)
	at org.apache.hadoop.hdds.scm.pipeline.PipelineStateManager.removePipeline(PipelineStateManager.java:107)
	at org.apache.hadoop.hdds.scm.pipeline.SCMPipelineManager.removePipeline(SCMPipelineManager.java:423)
	at org.apache.hadoop.hdds.scm.pipeline.SCMPipelineManager.destroyPipeline(SCMPipelineManager.java:409)
	at org.apache.hadoop.hdds.scm.pipeline.SCMPipelineManager.lambda$finalizeAndDestroyPipeline$0(SCMPipelineManager.java:318)
	at org.apache.hadoop.utils.Scheduler.lambda$schedule$1(Scheduler.java:68)
	at java.util.concurrent.Executors$RunnableAdapter.call(Executors.java:511)
	at java.util.concurrent.FutureTask.run(FutureTask.java:266)
	at java.util.concurrent.ScheduledThreadPoolExecutor$ScheduledFutureTask.access$201(ScheduledThreadPoolExecutor.java:180)
	at java.util.concurrent.ScheduledThreadPoolExecutor$ScheduledFutureTask.run(ScheduledThreadPoolExecutor.java:293)
	at java.util.concurrent.ThreadPoolExecutor.runWorker(ThreadPoolExecutor.java:1149)
	at java.util.concurrent.ThreadPoolExecutor$Worker.run(ThreadPoolExecutor.java:624)
	at java.lang.Thread.run(Thread.java:748)
2019-09-10 19:01:37,202 [grpc-default-executor-2] INFO  client.GrpcClientProtocolClient (GrpcClientProtocolClient.java:onNext(264)) - client-4EEF7FFC2E17->c01dc21c-c6d3-4daa-9385-9c828aa890a1: receive RaftClientReply:client-4EEF7FFC2E17->c01dc21c-c6d3-4daa-9385-9c828aa890a1@group-996C1A0A52D8, cid=33, FAILED org.apache.ratis.protocol.NotLeaderException: Server c01dc21c-c6d3-4daa-9385-9c828aa890a1@group-996C1A0A52D8 is not the leader d394239f-4003-4980-a11f-9e9a96bc4c4f:192.168.36.113:33987, logIndex=0, commits[c01dc21c-c6d3-4daa-9385-9c828aa890a1:c12, d394239f-4003-4980-a11f-9e9a96bc4c4f:c12, 08300216-d630-4cd9-aee9-766608000298:c10]
2019-09-10 19:01:39,618 [java.util.concurrent.ThreadPoolExecutor$Worker@753f42ff[State = -1, empty queue]] WARN  server.GrpcLogAppender (GrpcLogAppender.java:timeoutAppendRequest(200)) - d394239f-4003-4980-a11f-9e9a96bc4c4f@group-996C1A0A52D8->08300216-d630-4cd9-aee9-766608000298-GrpcLogAppender: appendEntries Timeout, request=d394239f-4003-4980-a11f-9e9a96bc4c4f->08300216-d630-4cd9-aee9-766608000298#120-t2, previous=(t:2, i:18), leaderCommit=12, initializing? false, entries: <empty>
2019-09-10 19:01:39,618 [java.util.concurrent.ThreadPoolExecutor$Worker@6afaa2aa[State = -1, empty queue]] WARN  server.GrpcLogAppender (GrpcLogAppender.java:timeoutAppendRequest(200)) - d394239f-4003-4980-a11f-9e9a96bc4c4f@group-996C1A0A52D8->c01dc21c-c6d3-4daa-9385-9c828aa890a1-GrpcLogAppender: appendEntries Timeout, request=d394239f-4003-4980-a11f-9e9a96bc4c4f->c01dc21c-c6d3-4daa-9385-9c828aa890a1#120-t2, previous=(t:2, i:18), leaderCommit=12, initializing? false, entries: <empty>
2019-09-10 19:01:41,605 [c01dc21c-c6d3-4daa-9385-9c828aa890a1@group-996C1A0A52D8-SegmentedRaftLogWorker] WARN  segmented.SegmentedRaftLogWorker (SegmentedRaftLogWorker.java:getFromFuture(90)) - Timeout 6/~
org.apache.ratis.protocol.TimeoutIOException: Timeout 10s: WriteLog:13: (t:2, i:13), STATEMACHINELOGENTRY, client-4EEF7FFC2E17, cid=33-writeStateMachineData
	at org.apache.ratis.util.IOUtils.getFromFuture(IOUtils.java:87)
	at org.apache.ratis.server.raftlog.segmented.SegmentedRaftLogWorker$StateMachineDataPolicy.getFromFuture(SegmentedRaftLogWorker.java:87)
	at org.apache.ratis.server.raftlog.segmented.SegmentedRaftLogWorker$WriteLog.execute(SegmentedRaftLogWorker.java:477)
	at org.apache.ratis.server.raftlog.segmented.SegmentedRaftLogWorker.run(SegmentedRaftLogWorker.java:289)
	at java.lang.Thread.run(Thread.java:748)
Caused by: java.util.concurrent.TimeoutException
	at java.util.concurrent.CompletableFuture.timedGet(CompletableFuture.java:1771)
	at java.util.concurrent.CompletableFuture.get(CompletableFuture.java:1915)
	at org.apache.ratis.util.IOUtils.getFromFuture(IOUtils.java:79)
	... 4 more
2019-09-10 19:01:41,605 [08300216-d630-4cd9-aee9-766608000298@group-996C1A0A52D8-SegmentedRaftLogWorker] WARN  segmented.SegmentedRaftLogWorker (SegmentedRaftLogWorker.java:getFromFuture(90)) - Timeout 6/~
org.apache.ratis.protocol.TimeoutIOException: Timeout 10s: WriteLog:13: (t:2, i:13), STATEMACHINELOGENTRY, client-4EEF7FFC2E17, cid=33-writeStateMachineData
	at org.apache.ratis.util.IOUtils.getFromFuture(IOUtils.java:87)
	at org.apache.ratis.server.raftlog.segmented.SegmentedRaftLogWorker$StateMachineDataPolicy.getFromFuture(SegmentedRaftLogWorker.java:87)
	at org.apache.ratis.server.raftlog.segmented.SegmentedRaftLogWorker$WriteLog.execute(SegmentedRaftLogWorker.java:477)
	at org.apache.ratis.server.raftlog.segmented.SegmentedRaftLogWorker.run(SegmentedRaftLogWorker.java:289)
	at java.lang.Thread.run(Thread.java:748)
Caused by: java.util.concurrent.TimeoutException
	at java.util.concurrent.CompletableFuture.timedGet(CompletableFuture.java:1771)
	at java.util.concurrent.CompletableFuture.get(CompletableFuture.java:1915)
	at org.apache.ratis.util.IOUtils.getFromFuture(IOUtils.java:79)
	... 4 more
2019-09-10 19:01:41,895 [d394239f-4003-4980-a11f-9e9a96bc4c4f@group-996C1A0A52D8-SegmentedRaftLogWorker] WARN  segmented.SegmentedRaftLogWorker (SegmentedRaftLogWorker.java:getFromFuture(90)) - Timeout 6/~
org.apache.ratis.protocol.TimeoutIOException: Timeout 10s: WriteLog:16: (t:2, i:16), STATEMACHINELOGENTRY, client-4EEF7FFC2E17, cid=36-writeStateMachineData
	at org.apache.ratis.util.IOUtils.getFromFuture(IOUtils.java:87)
	at org.apache.ratis.server.raftlog.segmented.SegmentedRaftLogWorker$StateMachineDataPolicy.getFromFuture(SegmentedRaftLogWorker.java:87)
	at org.apache.ratis.server.raftlog.segmented.SegmentedRaftLogWorker$WriteLog.execute(SegmentedRaftLogWorker.java:477)
	at org.apache.ratis.server.raftlog.segmented.SegmentedRaftLogWorker.run(SegmentedRaftLogWorker.java:289)
	at java.lang.Thread.run(Thread.java:748)
Caused by: java.util.concurrent.TimeoutException
	at java.util.concurrent.CompletableFuture.timedGet(CompletableFuture.java:1771)
	at java.util.concurrent.CompletableFuture.get(CompletableFuture.java:1915)
	at org.apache.ratis.util.IOUtils.getFromFuture(IOUtils.java:79)
	... 4 more
2019-09-10 19:01:42,118 [java.util.concurrent.ThreadPoolExecutor$Worker@6afaa2aa[State = -1, empty queue]] WARN  server.GrpcLogAppender (GrpcLogAppender.java:timeoutAppendRequest(200)) - d394239f-4003-4980-a11f-9e9a96bc4c4f@group-996C1A0A52D8->c01dc21c-c6d3-4daa-9385-9c828aa890a1-GrpcLogAppender: appendEntries Timeout, request=d394239f-4003-4980-a11f-9e9a96bc4c4f->c01dc21c-c6d3-4daa-9385-9c828aa890a1#121-t2, previous=(t:2, i:18), leaderCommit=12, initializing? false, entries: <empty>
2019-09-10 19:01:42,118 [java.util.concurrent.ThreadPoolExecutor$Worker@753f42ff[State = -1, empty queue]] WARN  server.GrpcLogAppender (GrpcLogAppender.java:timeoutAppendRequest(200)) - d394239f-4003-4980-a11f-9e9a96bc4c4f@group-996C1A0A52D8->08300216-d630-4cd9-aee9-766608000298-GrpcLogAppender: appendEntries Timeout, request=d394239f-4003-4980-a11f-9e9a96bc4c4f->08300216-d630-4cd9-aee9-766608000298#121-t2, previous=(t:2, i:18), leaderCommit=12, initializing? false, entries: <empty>
2019-09-10 19:01:42,254 [grpc-default-executor-2] INFO  client.GrpcClientProtocolClient (GrpcClientProtocolClient.java:onNext(264)) - client-4EEF7FFC2E17->08300216-d630-4cd9-aee9-766608000298: receive RaftClientReply:client-4EEF7FFC2E17->08300216-d630-4cd9-aee9-766608000298@group-996C1A0A52D8, cid=33, FAILED org.apache.ratis.protocol.NotLeaderException: Server 08300216-d630-4cd9-aee9-766608000298@group-996C1A0A52D8 is not the leader d394239f-4003-4980-a11f-9e9a96bc4c4f:192.168.36.113:33987, logIndex=0, commits[08300216-d630-4cd9-aee9-766608000298:c12, d394239f-4003-4980-a11f-9e9a96bc4c4f:c12, c01dc21c-c6d3-4daa-9385-9c828aa890a1:c10]
2019-09-10 19:01:44,630 [java.util.concurrent.ThreadPoolExecutor$Worker@753f42ff[State = -1, empty queue]] WARN  server.GrpcLogAppender (GrpcLogAppender.java:timeoutAppendRequest(200)) - d394239f-4003-4980-a11f-9e9a96bc4c4f@group-996C1A0A52D8->08300216-d630-4cd9-aee9-766608000298-GrpcLogAppender: appendEntries Timeout, request=d394239f-4003-4980-a11f-9e9a96bc4c4f->08300216-d630-4cd9-aee9-766608000298#122-t2, previous=(t:2, i:18), leaderCommit=12, initializing? false, entries: <empty>
2019-09-10 19:01:44,630 [java.util.concurrent.ThreadPoolExecutor$Worker@6afaa2aa[State = -1, empty queue]] WARN  server.GrpcLogAppender (GrpcLogAppender.java:timeoutAppendRequest(200)) - d394239f-4003-4980-a11f-9e9a96bc4c4f@group-996C1A0A52D8->c01dc21c-c6d3-4daa-9385-9c828aa890a1-GrpcLogAppender: appendEntries Timeout, request=d394239f-4003-4980-a11f-9e9a96bc4c4f->c01dc21c-c6d3-4daa-9385-9c828aa890a1#122-t2, previous=(t:2, i:18), leaderCommit=12, initializing? false, entries: <empty>
2019-09-10 19:01:47,131 [java.util.concurrent.ThreadPoolExecutor$Worker@6afaa2aa[State = -1, empty queue]] WARN  server.GrpcLogAppender (GrpcLogAppender.java:timeoutAppendRequest(200)) - d394239f-4003-4980-a11f-9e9a96bc4c4f@group-996C1A0A52D8->c01dc21c-c6d3-4daa-9385-9c828aa890a1-GrpcLogAppender: appendEntries Timeout, request=d394239f-4003-4980-a11f-9e9a96bc4c4f->c01dc21c-c6d3-4daa-9385-9c828aa890a1#123-t2, previous=(t:2, i:18), leaderCommit=12, initializing? false, entries: <empty>
2019-09-10 19:01:47,131 [java.util.concurrent.ThreadPoolExecutor$Worker@753f42ff[State = -1, empty queue]] WARN  server.GrpcLogAppender (GrpcLogAppender.java:timeoutAppendRequest(200)) - d394239f-4003-4980-a11f-9e9a96bc4c4f@group-996C1A0A52D8->08300216-d630-4cd9-aee9-766608000298-GrpcLogAppender: appendEntries Timeout, request=d394239f-4003-4980-a11f-9e9a96bc4c4f->08300216-d630-4cd9-aee9-766608000298#123-t2, previous=(t:2, i:18), leaderCommit=12, initializing? false, entries: <empty>
2019-09-10 19:01:47,310 [grpc-default-executor-2] INFO  client.GrpcClientProtocolClient (GrpcClientProtocolClient.java:onNext(264)) - client-4EEF7FFC2E17->08300216-d630-4cd9-aee9-766608000298: receive RaftClientReply:client-4EEF7FFC2E17->08300216-d630-4cd9-aee9-766608000298@group-996C1A0A52D8, cid=33, FAILED org.apache.ratis.protocol.NotLeaderException: Server 08300216-d630-4cd9-aee9-766608000298@group-996C1A0A52D8 is not the leader d394239f-4003-4980-a11f-9e9a96bc4c4f:192.168.36.113:33987, logIndex=0, commits[08300216-d630-4cd9-aee9-766608000298:c12, d394239f-4003-4980-a11f-9e9a96bc4c4f:c12, c01dc21c-c6d3-4daa-9385-9c828aa890a1:c10]
2019-09-10 19:01:49,632 [java.util.concurrent.ThreadPoolExecutor$Worker@6afaa2aa[State = -1, empty queue]] WARN  server.GrpcLogAppender (GrpcLogAppender.java:timeoutAppendRequest(200)) - d394239f-4003-4980-a11f-9e9a96bc4c4f@group-996C1A0A52D8->c01dc21c-c6d3-4daa-9385-9c828aa890a1-GrpcLogAppender: appendEntries Timeout, request=d394239f-4003-4980-a11f-9e9a96bc4c4f->c01dc21c-c6d3-4daa-9385-9c828aa890a1#124-t2, previous=(t:2, i:18), leaderCommit=12, initializing? false, entries: <empty>
2019-09-10 19:01:49,632 [java.util.concurrent.ThreadPoolExecutor$Worker@753f42ff[State = -1, empty queue]] WARN  server.GrpcLogAppender (GrpcLogAppender.java:timeoutAppendRequest(200)) - d394239f-4003-4980-a11f-9e9a96bc4c4f@group-996C1A0A52D8->08300216-d630-4cd9-aee9-766608000298-GrpcLogAppender: appendEntries Timeout, request=d394239f-4003-4980-a11f-9e9a96bc4c4f->08300216-d630-4cd9-aee9-766608000298#124-t2, previous=(t:2, i:18), leaderCommit=12, initializing? false, entries: <empty>
2019-09-10 19:01:51,606 [c01dc21c-c6d3-4daa-9385-9c828aa890a1@group-996C1A0A52D8-SegmentedRaftLogWorker] WARN  segmented.SegmentedRaftLogWorker (SegmentedRaftLogWorker.java:getFromFuture(90)) - Timeout 7/~
org.apache.ratis.protocol.TimeoutIOException: Timeout 10s: WriteLog:13: (t:2, i:13), STATEMACHINELOGENTRY, client-4EEF7FFC2E17, cid=33-writeStateMachineData
	at org.apache.ratis.util.IOUtils.getFromFuture(IOUtils.java:87)
	at org.apache.ratis.server.raftlog.segmented.SegmentedRaftLogWorker$StateMachineDataPolicy.getFromFuture(SegmentedRaftLogWorker.java:87)
	at org.apache.ratis.server.raftlog.segmented.SegmentedRaftLogWorker$WriteLog.execute(SegmentedRaftLogWorker.java:477)
	at org.apache.ratis.server.raftlog.segmented.SegmentedRaftLogWorker.run(SegmentedRaftLogWorker.java:289)
	at java.lang.Thread.run(Thread.java:748)
Caused by: java.util.concurrent.TimeoutException
	at java.util.concurrent.CompletableFuture.timedGet(CompletableFuture.java:1771)
	at java.util.concurrent.CompletableFuture.get(CompletableFuture.java:1915)
	at org.apache.ratis.util.IOUtils.getFromFuture(IOUtils.java:79)
	... 4 more
2019-09-10 19:01:51,629 [08300216-d630-4cd9-aee9-766608000298@group-996C1A0A52D8-SegmentedRaftLogWorker] WARN  segmented.SegmentedRaftLogWorker (SegmentedRaftLogWorker.java:getFromFuture(90)) - Timeout 7/~
org.apache.ratis.protocol.TimeoutIOException: Timeout 10s: WriteLog:13: (t:2, i:13), STATEMACHINELOGENTRY, client-4EEF7FFC2E17, cid=33-writeStateMachineData
	at org.apache.ratis.util.IOUtils.getFromFuture(IOUtils.java:87)
	at org.apache.ratis.server.raftlog.segmented.SegmentedRaftLogWorker$StateMachineDataPolicy.getFromFuture(SegmentedRaftLogWorker.java:87)
	at org.apache.ratis.server.raftlog.segmented.SegmentedRaftLogWorker$WriteLog.execute(SegmentedRaftLogWorker.java:477)
	at org.apache.ratis.server.raftlog.segmented.SegmentedRaftLogWorker.run(SegmentedRaftLogWorker.java:289)
	at java.lang.Thread.run(Thread.java:748)
Caused by: java.util.concurrent.TimeoutException
	at java.util.concurrent.CompletableFuture.timedGet(CompletableFuture.java:1771)
	at java.util.concurrent.CompletableFuture.get(CompletableFuture.java:1915)
	at org.apache.ratis.util.IOUtils.getFromFuture(IOUtils.java:79)
	... 4 more
2019-09-10 19:01:51,897 [d394239f-4003-4980-a11f-9e9a96bc4c4f@group-996C1A0A52D8-SegmentedRaftLogWorker] WARN  segmented.SegmentedRaftLogWorker (SegmentedRaftLogWorker.java:getFromFuture(90)) - Timeout 7/~
org.apache.ratis.protocol.TimeoutIOException: Timeout 10s: WriteLog:16: (t:2, i:16), STATEMACHINELOGENTRY, client-4EEF7FFC2E17, cid=36-writeStateMachineData
	at org.apache.ratis.util.IOUtils.getFromFuture(IOUtils.java:87)
	at org.apache.ratis.server.raftlog.segmented.SegmentedRaftLogWorker$StateMachineDataPolicy.getFromFuture(SegmentedRaftLogWorker.java:87)
	at org.apache.ratis.server.raftlog.segmented.SegmentedRaftLogWorker$WriteLog.execute(SegmentedRaftLogWorker.java:477)
	at org.apache.ratis.server.raftlog.segmented.SegmentedRaftLogWorker.run(SegmentedRaftLogWorker.java:289)
	at java.lang.Thread.run(Thread.java:748)
Caused by: java.util.concurrent.TimeoutException
	at java.util.concurrent.CompletableFuture.timedGet(CompletableFuture.java:1771)
	at java.util.concurrent.CompletableFuture.get(CompletableFuture.java:1915)
	at org.apache.ratis.util.IOUtils.getFromFuture(IOUtils.java:79)
	... 4 more
2019-09-10 19:01:52,132 [java.util.concurrent.ThreadPoolExecutor$Worker@753f42ff[State = -1, empty queue]] WARN  server.GrpcLogAppender (GrpcLogAppender.java:timeoutAppendRequest(200)) - d394239f-4003-4980-a11f-9e9a96bc4c4f@group-996C1A0A52D8->08300216-d630-4cd9-aee9-766608000298-GrpcLogAppender: appendEntries Timeout, request=d394239f-4003-4980-a11f-9e9a96bc4c4f->08300216-d630-4cd9-aee9-766608000298#125-t2, previous=(t:2, i:18), leaderCommit=12, initializing? false, entries: <empty>
2019-09-10 19:01:52,132 [java.util.concurrent.ThreadPoolExecutor$Worker@6afaa2aa[State = -1, empty queue]] WARN  server.GrpcLogAppender (GrpcLogAppender.java:timeoutAppendRequest(200)) - d394239f-4003-4980-a11f-9e9a96bc4c4f@group-996C1A0A52D8->c01dc21c-c6d3-4daa-9385-9c828aa890a1-GrpcLogAppender: appendEntries Timeout, request=d394239f-4003-4980-a11f-9e9a96bc4c4f->c01dc21c-c6d3-4daa-9385-9c828aa890a1#125-t2, previous=(t:2, i:18), leaderCommit=12, initializing? false, entries: <empty>
2019-09-10 19:01:52,344 [grpc-default-executor-2] INFO  client.GrpcClientProtocolClient (GrpcClientProtocolClient.java:onNext(264)) - client-4EEF7FFC2E17->08300216-d630-4cd9-aee9-766608000298: receive RaftClientReply:client-4EEF7FFC2E17->08300216-d630-4cd9-aee9-766608000298@group-996C1A0A52D8, cid=33, FAILED org.apache.ratis.protocol.NotLeaderException: Server 08300216-d630-4cd9-aee9-766608000298@group-996C1A0A52D8 is not the leader d394239f-4003-4980-a11f-9e9a96bc4c4f:192.168.36.113:33987, logIndex=0, commits[08300216-d630-4cd9-aee9-766608000298:c12, d394239f-4003-4980-a11f-9e9a96bc4c4f:c12, c01dc21c-c6d3-4daa-9385-9c828aa890a1:c10]
2019-09-10 19:01:54,632 [java.util.concurrent.ThreadPoolExecutor$Worker@753f42ff[State = -1, empty queue]] WARN  server.GrpcLogAppender (GrpcLogAppender.java:timeoutAppendRequest(200)) - d394239f-4003-4980-a11f-9e9a96bc4c4f@group-996C1A0A52D8->08300216-d630-4cd9-aee9-766608000298-GrpcLogAppender: appendEntries Timeout, request=d394239f-4003-4980-a11f-9e9a96bc4c4f->08300216-d630-4cd9-aee9-766608000298#126-t2, previous=(t:2, i:18), leaderCommit=12, initializing? false, entries: <empty>
2019-09-10 19:01:54,632 [java.util.concurrent.ThreadPoolExecutor$Worker@6afaa2aa[State = -1, empty queue]] WARN  server.GrpcLogAppender (GrpcLogAppender.java:timeoutAppendRequest(200)) - d394239f-4003-4980-a11f-9e9a96bc4c4f@group-996C1A0A52D8->c01dc21c-c6d3-4daa-9385-9c828aa890a1-GrpcLogAppender: appendEntries Timeout, request=d394239f-4003-4980-a11f-9e9a96bc4c4f->c01dc21c-c6d3-4daa-9385-9c828aa890a1#126-t2, previous=(t:2, i:18), leaderCommit=12, initializing? false, entries: <empty>
2019-09-10 19:01:57,133 [java.util.concurrent.ThreadPoolExecutor$Worker@6afaa2aa[State = -1, empty queue]] WARN  server.GrpcLogAppender (GrpcLogAppender.java:timeoutAppendRequest(200)) - d394239f-4003-4980-a11f-9e9a96bc4c4f@group-996C1A0A52D8->c01dc21c-c6d3-4daa-9385-9c828aa890a1-GrpcLogAppender: appendEntries Timeout, request=d394239f-4003-4980-a11f-9e9a96bc4c4f->c01dc21c-c6d3-4daa-9385-9c828aa890a1#127-t2, previous=(t:2, i:18), leaderCommit=12, initializing? false, entries: <empty>
2019-09-10 19:01:57,133 [java.util.concurrent.ThreadPoolExecutor$Worker@753f42ff[State = -1, empty queue]] WARN  server.GrpcLogAppender (GrpcLogAppender.java:timeoutAppendRequest(200)) - d394239f-4003-4980-a11f-9e9a96bc4c4f@group-996C1A0A52D8->08300216-d630-4cd9-aee9-766608000298-GrpcLogAppender: appendEntries Timeout, request=d394239f-4003-4980-a11f-9e9a96bc4c4f->08300216-d630-4cd9-aee9-766608000298#127-t2, previous=(t:2, i:18), leaderCommit=12, initializing? false, entries: <empty>
2019-09-10 19:01:57,392 [grpc-default-executor-4] INFO  client.GrpcClientProtocolClient (GrpcClientProtocolClient.java:onNext(264)) - client-4EEF7FFC2E17->c01dc21c-c6d3-4daa-9385-9c828aa890a1: receive RaftClientReply:client-4EEF7FFC2E17->c01dc21c-c6d3-4daa-9385-9c828aa890a1@group-996C1A0A52D8, cid=33, FAILED org.apache.ratis.protocol.NotLeaderException: Server c01dc21c-c6d3-4daa-9385-9c828aa890a1@group-996C1A0A52D8 is not the leader d394239f-4003-4980-a11f-9e9a96bc4c4f:192.168.36.113:33987, logIndex=0, commits[c01dc21c-c6d3-4daa-9385-9c828aa890a1:c12, d394239f-4003-4980-a11f-9e9a96bc4c4f:c12, 08300216-d630-4cd9-aee9-766608000298:c10]
2019-09-10 19:01:59,634 [java.util.concurrent.ThreadPoolExecutor$Worker@6afaa2aa[State = -1, empty queue]] WARN  server.GrpcLogAppender (GrpcLogAppender.java:timeoutAppendRequest(200)) - d394239f-4003-4980-a11f-9e9a96bc4c4f@group-996C1A0A52D8->c01dc21c-c6d3-4daa-9385-9c828aa890a1-GrpcLogAppender: appendEntries Timeout, request=d394239f-4003-4980-a11f-9e9a96bc4c4f->c01dc21c-c6d3-4daa-9385-9c828aa890a1#128-t2, previous=(t:2, i:18), leaderCommit=12, initializing? false, entries: <empty>
2019-09-10 19:01:59,634 [java.util.concurrent.ThreadPoolExecutor$Worker@753f42ff[State = -1, empty queue]] WARN  server.GrpcLogAppender (GrpcLogAppender.java:timeoutAppendRequest(200)) - d394239f-4003-4980-a11f-9e9a96bc4c4f@group-996C1A0A52D8->08300216-d630-4cd9-aee9-766608000298-GrpcLogAppender: appendEntries Timeout, request=d394239f-4003-4980-a11f-9e9a96bc4c4f->08300216-d630-4cd9-aee9-766608000298#128-t2, previous=(t:2, i:18), leaderCommit=12, initializing? false, entries: <empty>
2019-09-10 19:02:01,607 [c01dc21c-c6d3-4daa-9385-9c828aa890a1@group-996C1A0A52D8-SegmentedRaftLogWorker] WARN  segmented.SegmentedRaftLogWorker (SegmentedRaftLogWorker.java:getFromFuture(90)) - Timeout 8/~
org.apache.ratis.protocol.TimeoutIOException: Timeout 10s: WriteLog:13: (t:2, i:13), STATEMACHINELOGENTRY, client-4EEF7FFC2E17, cid=33-writeStateMachineData
	at org.apache.ratis.util.IOUtils.getFromFuture(IOUtils.java:87)
	at org.apache.ratis.server.raftlog.segmented.SegmentedRaftLogWorker$StateMachineDataPolicy.getFromFuture(SegmentedRaftLogWorker.java:87)
	at org.apache.ratis.server.raftlog.segmented.SegmentedRaftLogWorker$WriteLog.execute(SegmentedRaftLogWorker.java:477)
	at org.apache.ratis.server.raftlog.segmented.SegmentedRaftLogWorker.run(SegmentedRaftLogWorker.java:289)
	at java.lang.Thread.run(Thread.java:748)
Caused by: java.util.concurrent.TimeoutException
	at java.util.concurrent.CompletableFuture.timedGet(CompletableFuture.java:1771)
	at java.util.concurrent.CompletableFuture.get(CompletableFuture.java:1915)
	at org.apache.ratis.util.IOUtils.getFromFuture(IOUtils.java:79)
	... 4 more
2019-09-10 19:02:01,630 [08300216-d630-4cd9-aee9-766608000298@group-996C1A0A52D8-SegmentedRaftLogWorker] WARN  segmented.SegmentedRaftLogWorker (SegmentedRaftLogWorker.java:getFromFuture(90)) - Timeout 8/~
org.apache.ratis.protocol.TimeoutIOException: Timeout 10s: WriteLog:13: (t:2, i:13), STATEMACHINELOGENTRY, client-4EEF7FFC2E17, cid=33-writeStateMachineData
	at org.apache.ratis.util.IOUtils.getFromFuture(IOUtils.java:87)
	at org.apache.ratis.server.raftlog.segmented.SegmentedRaftLogWorker$StateMachineDataPolicy.getFromFuture(SegmentedRaftLogWorker.java:87)
	at org.apache.ratis.server.raftlog.segmented.SegmentedRaftLogWorker$WriteLog.execute(SegmentedRaftLogWorker.java:477)
	at org.apache.ratis.server.raftlog.segmented.SegmentedRaftLogWorker.run(SegmentedRaftLogWorker.java:289)
	at java.lang.Thread.run(Thread.java:748)
Caused by: java.util.concurrent.TimeoutException
	at java.util.concurrent.CompletableFuture.timedGet(CompletableFuture.java:1771)
	at java.util.concurrent.CompletableFuture.get(CompletableFuture.java:1915)
	at org.apache.ratis.util.IOUtils.getFromFuture(IOUtils.java:79)
	... 4 more
2019-09-10 19:02:01,898 [d394239f-4003-4980-a11f-9e9a96bc4c4f@group-996C1A0A52D8-SegmentedRaftLogWorker] WARN  segmented.SegmentedRaftLogWorker (SegmentedRaftLogWorker.java:getFromFuture(90)) - Timeout 8/~
org.apache.ratis.protocol.TimeoutIOException: Timeout 10s: WriteLog:16: (t:2, i:16), STATEMACHINELOGENTRY, client-4EEF7FFC2E17, cid=36-writeStateMachineData
	at org.apache.ratis.util.IOUtils.getFromFuture(IOUtils.java:87)
	at org.apache.ratis.server.raftlog.segmented.SegmentedRaftLogWorker$StateMachineDataPolicy.getFromFuture(SegmentedRaftLogWorker.java:87)
	at org.apache.ratis.server.raftlog.segmented.SegmentedRaftLogWorker$WriteLog.execute(SegmentedRaftLogWorker.java:477)
	at org.apache.ratis.server.raftlog.segmented.SegmentedRaftLogWorker.run(SegmentedRaftLogWorker.java:289)
	at java.lang.Thread.run(Thread.java:748)
Caused by: java.util.concurrent.TimeoutException
	at java.util.concurrent.CompletableFuture.timedGet(CompletableFuture.java:1771)
	at java.util.concurrent.CompletableFuture.get(CompletableFuture.java:1915)
	at org.apache.ratis.util.IOUtils.getFromFuture(IOUtils.java:79)
	... 4 more
2019-09-10 19:02:02,135 [java.util.concurrent.ThreadPoolExecutor$Worker@753f42ff[State = -1, empty queue]] WARN  server.GrpcLogAppender (GrpcLogAppender.java:timeoutAppendRequest(200)) - d394239f-4003-4980-a11f-9e9a96bc4c4f@group-996C1A0A52D8->08300216-d630-4cd9-aee9-766608000298-GrpcLogAppender: appendEntries Timeout, request=d394239f-4003-4980-a11f-9e9a96bc4c4f->08300216-d630-4cd9-aee9-766608000298#129-t2, previous=(t:2, i:18), leaderCommit=12, initializing? false, entries: <empty>
2019-09-10 19:02:02,135 [java.util.concurrent.ThreadPoolExecutor$Worker@6afaa2aa[State = -1, empty queue]] WARN  server.GrpcLogAppender (GrpcLogAppender.java:timeoutAppendRequest(200)) - d394239f-4003-4980-a11f-9e9a96bc4c4f@group-996C1A0A52D8->c01dc21c-c6d3-4daa-9385-9c828aa890a1-GrpcLogAppender: appendEntries Timeout, request=d394239f-4003-4980-a11f-9e9a96bc4c4f->c01dc21c-c6d3-4daa-9385-9c828aa890a1#129-t2, previous=(t:2, i:18), leaderCommit=12, initializing? false, entries: <empty>
2019-09-10 19:02:02,448 [grpc-default-executor-4] INFO  client.GrpcClientProtocolClient (GrpcClientProtocolClient.java:onNext(264)) - client-4EEF7FFC2E17->c01dc21c-c6d3-4daa-9385-9c828aa890a1: receive RaftClientReply:client-4EEF7FFC2E17->c01dc21c-c6d3-4daa-9385-9c828aa890a1@group-996C1A0A52D8, cid=33, FAILED org.apache.ratis.protocol.NotLeaderException: Server c01dc21c-c6d3-4daa-9385-9c828aa890a1@group-996C1A0A52D8 is not the leader d394239f-4003-4980-a11f-9e9a96bc4c4f:192.168.36.113:33987, logIndex=0, commits[c01dc21c-c6d3-4daa-9385-9c828aa890a1:c12, d394239f-4003-4980-a11f-9e9a96bc4c4f:c12, 08300216-d630-4cd9-aee9-766608000298:c10]
2019-09-10 19:02:04,636 [java.util.concurrent.ThreadPoolExecutor$Worker@6afaa2aa[State = -1, empty queue]] WARN  server.GrpcLogAppender (GrpcLogAppender.java:timeoutAppendRequest(200)) - d394239f-4003-4980-a11f-9e9a96bc4c4f@group-996C1A0A52D8->c01dc21c-c6d3-4daa-9385-9c828aa890a1-GrpcLogAppender: appendEntries Timeout, request=d394239f-4003-4980-a11f-9e9a96bc4c4f->c01dc21c-c6d3-4daa-9385-9c828aa890a1#130-t2, previous=(t:2, i:18), leaderCommit=12, initializing? false, entries: <empty>
2019-09-10 19:02:04,636 [java.util.concurrent.ThreadPoolExecutor$Worker@753f42ff[State = -1, empty queue]] WARN  server.GrpcLogAppender (GrpcLogAppender.java:timeoutAppendRequest(200)) - d394239f-4003-4980-a11f-9e9a96bc4c4f@group-996C1A0A52D8->08300216-d630-4cd9-aee9-766608000298-GrpcLogAppender: appendEntries Timeout, request=d394239f-4003-4980-a11f-9e9a96bc4c4f->08300216-d630-4cd9-aee9-766608000298#130-t2, previous=(t:2, i:18), leaderCommit=12, initializing? false, entries: <empty>
2019-09-10 19:02:07,137 [java.util.concurrent.ThreadPoolExecutor$Worker@753f42ff[State = -1, empty queue]] WARN  server.GrpcLogAppender (GrpcLogAppender.java:timeoutAppendRequest(200)) - d394239f-4003-4980-a11f-9e9a96bc4c4f@group-996C1A0A52D8->08300216-d630-4cd9-aee9-766608000298-GrpcLogAppender: appendEntries Timeout, request=d394239f-4003-4980-a11f-9e9a96bc4c4f->08300216-d630-4cd9-aee9-766608000298#131-t2, previous=(t:2, i:18), leaderCommit=12, initializing? false, entries: <empty>
2019-09-10 19:02:07,137 [java.util.concurrent.ThreadPoolExecutor$Worker@6afaa2aa[State = -1, empty queue]] WARN  server.GrpcLogAppender (GrpcLogAppender.java:timeoutAppendRequest(200)) - d394239f-4003-4980-a11f-9e9a96bc4c4f@group-996C1A0A52D8->c01dc21c-c6d3-4daa-9385-9c828aa890a1-GrpcLogAppender: appendEntries Timeout, request=d394239f-4003-4980-a11f-9e9a96bc4c4f->c01dc21c-c6d3-4daa-9385-9c828aa890a1#131-t2, previous=(t:2, i:18), leaderCommit=12, initializing? false, entries: <empty>
2019-09-10 19:02:07,488 [grpc-default-executor-4] INFO  client.GrpcClientProtocolClient (GrpcClientProtocolClient.java:onNext(264)) - client-4EEF7FFC2E17->c01dc21c-c6d3-4daa-9385-9c828aa890a1: receive RaftClientReply:client-4EEF7FFC2E17->c01dc21c-c6d3-4daa-9385-9c828aa890a1@group-996C1A0A52D8, cid=33, FAILED org.apache.ratis.protocol.NotLeaderException: Server c01dc21c-c6d3-4daa-9385-9c828aa890a1@group-996C1A0A52D8 is not the leader d394239f-4003-4980-a11f-9e9a96bc4c4f:192.168.36.113:33987, logIndex=0, commits[c01dc21c-c6d3-4daa-9385-9c828aa890a1:c12, d394239f-4003-4980-a11f-9e9a96bc4c4f:c12, 08300216-d630-4cd9-aee9-766608000298:c10]
2019-09-10 19:02:09,637 [java.util.concurrent.ThreadPoolExecutor$Worker@6afaa2aa[State = -1, empty queue]] WARN  server.GrpcLogAppender (GrpcLogAppender.java:timeoutAppendRequest(200)) - d394239f-4003-4980-a11f-9e9a96bc4c4f@group-996C1A0A52D8->c01dc21c-c6d3-4daa-9385-9c828aa890a1-GrpcLogAppender: appendEntries Timeout, request=d394239f-4003-4980-a11f-9e9a96bc4c4f->c01dc21c-c6d3-4daa-9385-9c828aa890a1#132-t2, previous=(t:2, i:18), leaderCommit=12, initializing? false, entries: <empty>
2019-09-10 19:02:09,637 [java.util.concurrent.ThreadPoolExecutor$Worker@753f42ff[State = -1, empty queue]] WARN  server.GrpcLogAppender (GrpcLogAppender.java:timeoutAppendRequest(200)) - d394239f-4003-4980-a11f-9e9a96bc4c4f@group-996C1A0A52D8->08300216-d630-4cd9-aee9-766608000298-GrpcLogAppender: appendEntries Timeout, request=d394239f-4003-4980-a11f-9e9a96bc4c4f->08300216-d630-4cd9-aee9-766608000298#132-t2, previous=(t:2, i:18), leaderCommit=12, initializing? false, entries: <empty>
2019-09-10 19:02:11,609 [c01dc21c-c6d3-4daa-9385-9c828aa890a1@group-996C1A0A52D8-SegmentedRaftLogWorker] WARN  segmented.SegmentedRaftLogWorker (SegmentedRaftLogWorker.java:getFromFuture(90)) - Timeout 9/~
org.apache.ratis.protocol.TimeoutIOException: Timeout 10s: WriteLog:13: (t:2, i:13), STATEMACHINELOGENTRY, client-4EEF7FFC2E17, cid=33-writeStateMachineData
	at org.apache.ratis.util.IOUtils.getFromFuture(IOUtils.java:87)
	at org.apache.ratis.server.raftlog.segmented.SegmentedRaftLogWorker$StateMachineDataPolicy.getFromFuture(SegmentedRaftLogWorker.java:87)
	at org.apache.ratis.server.raftlog.segmented.SegmentedRaftLogWorker$WriteLog.execute(SegmentedRaftLogWorker.java:477)
	at org.apache.ratis.server.raftlog.segmented.SegmentedRaftLogWorker.run(SegmentedRaftLogWorker.java:289)
	at java.lang.Thread.run(Thread.java:748)
Caused by: java.util.concurrent.TimeoutException
	at java.util.concurrent.CompletableFuture.timedGet(CompletableFuture.java:1771)
	at java.util.concurrent.CompletableFuture.get(CompletableFuture.java:1915)
	at org.apache.ratis.util.IOUtils.getFromFuture(IOUtils.java:79)
	... 4 more
2019-09-10 19:02:11,631 [08300216-d630-4cd9-aee9-766608000298@group-996C1A0A52D8-SegmentedRaftLogWorker] WARN  segmented.SegmentedRaftLogWorker (SegmentedRaftLogWorker.java:getFromFuture(90)) - Timeout 9/~
org.apache.ratis.protocol.TimeoutIOException: Timeout 10s: WriteLog:13: (t:2, i:13), STATEMACHINELOGENTRY, client-4EEF7FFC2E17, cid=33-writeStateMachineData
	at org.apache.ratis.util.IOUtils.getFromFuture(IOUtils.java:87)
	at org.apache.ratis.server.raftlog.segmented.SegmentedRaftLogWorker$StateMachineDataPolicy.getFromFuture(SegmentedRaftLogWorker.java:87)
	at org.apache.ratis.server.raftlog.segmented.SegmentedRaftLogWorker$WriteLog.execute(SegmentedRaftLogWorker.java:477)
	at org.apache.ratis.server.raftlog.segmented.SegmentedRaftLogWorker.run(SegmentedRaftLogWorker.java:289)
	at java.lang.Thread.run(Thread.java:748)
Caused by: java.util.concurrent.TimeoutException
	at java.util.concurrent.CompletableFuture.timedGet(CompletableFuture.java:1771)
	at java.util.concurrent.CompletableFuture.get(CompletableFuture.java:1915)
	at org.apache.ratis.util.IOUtils.getFromFuture(IOUtils.java:79)
	... 4 more
2019-09-10 19:02:11,898 [d394239f-4003-4980-a11f-9e9a96bc4c4f@group-996C1A0A52D8-SegmentedRaftLogWorker] WARN  segmented.SegmentedRaftLogWorker (SegmentedRaftLogWorker.java:getFromFuture(90)) - Timeout 9/~
org.apache.ratis.protocol.TimeoutIOException: Timeout 10s: WriteLog:16: (t:2, i:16), STATEMACHINELOGENTRY, client-4EEF7FFC2E17, cid=36-writeStateMachineData
	at org.apache.ratis.util.IOUtils.getFromFuture(IOUtils.java:87)
	at org.apache.ratis.server.raftlog.segmented.SegmentedRaftLogWorker$StateMachineDataPolicy.getFromFuture(SegmentedRaftLogWorker.java:87)
	at org.apache.ratis.server.raftlog.segmented.SegmentedRaftLogWorker$WriteLog.execute(SegmentedRaftLogWorker.java:477)
	at org.apache.ratis.server.raftlog.segmented.SegmentedRaftLogWorker.run(SegmentedRaftLogWorker.java:289)
	at java.lang.Thread.run(Thread.java:748)
Caused by: java.util.concurrent.TimeoutException
	at java.util.concurrent.CompletableFuture.timedGet(CompletableFuture.java:1771)
	at java.util.concurrent.CompletableFuture.get(CompletableFuture.java:1915)
	at org.apache.ratis.util.IOUtils.getFromFuture(IOUtils.java:79)
	... 4 more
2019-09-10 19:02:12,138 [java.util.concurrent.ThreadPoolExecutor$Worker@6afaa2aa[State = -1, empty queue]] WARN  server.GrpcLogAppender (GrpcLogAppender.java:timeoutAppendRequest(200)) - d394239f-4003-4980-a11f-9e9a96bc4c4f@group-996C1A0A52D8->c01dc21c-c6d3-4daa-9385-9c828aa890a1-GrpcLogAppender: appendEntries Timeout, request=d394239f-4003-4980-a11f-9e9a96bc4c4f->c01dc21c-c6d3-4daa-9385-9c828aa890a1#133-t2, previous=(t:2, i:18), leaderCommit=12, initializing? false, entries: <empty>
2019-09-10 19:02:12,138 [java.util.concurrent.ThreadPoolExecutor$Worker@753f42ff[State = -1, empty queue]] WARN  server.GrpcLogAppender (GrpcLogAppender.java:timeoutAppendRequest(200)) - d394239f-4003-4980-a11f-9e9a96bc4c4f@group-996C1A0A52D8->08300216-d630-4cd9-aee9-766608000298-GrpcLogAppender: appendEntries Timeout, request=d394239f-4003-4980-a11f-9e9a96bc4c4f->08300216-d630-4cd9-aee9-766608000298#133-t2, previous=(t:2, i:18), leaderCommit=12, initializing? false, entries: <empty>
2019-09-10 19:02:12,550 [grpc-default-executor-2] INFO  client.GrpcClientProtocolClient (GrpcClientProtocolClient.java:onNext(264)) - client-4EEF7FFC2E17->c01dc21c-c6d3-4daa-9385-9c828aa890a1: receive RaftClientReply:client-4EEF7FFC2E17->c01dc21c-c6d3-4daa-9385-9c828aa890a1@group-996C1A0A52D8, cid=33, FAILED org.apache.ratis.protocol.NotLeaderException: Server c01dc21c-c6d3-4daa-9385-9c828aa890a1@group-996C1A0A52D8 is not the leader d394239f-4003-4980-a11f-9e9a96bc4c4f:192.168.36.113:33987, logIndex=0, commits[c01dc21c-c6d3-4daa-9385-9c828aa890a1:c12, d394239f-4003-4980-a11f-9e9a96bc4c4f:c12, 08300216-d630-4cd9-aee9-766608000298:c10]
2019-09-10 19:02:13,033 [ReplicationMonitor] INFO  container.ReplicationManager (ReplicationManager.java:forceCloseContainer(464)) - Force closing container #2 with BCSID 6, which is in QUASI_CLOSED state.
2019-09-10 19:02:13,035 [ReplicationMonitor] INFO  container.ReplicationManager (ReplicationManager.java:sendCloseCommand(659)) - Sending close container command for container #2 to datanode 8e2eaa3a-398a-46ef-9472-b716e4b01ba0{ip: 192.168.36.113, host: pr-hdds-1982-decom-states-gjzbw-1854142291, networkLocation: /default-rack, certSerialId: null}.
2019-09-10 19:02:13,036 [ReplicationMonitor] INFO  container.ReplicationManager (ReplicationManager.java:sendCloseCommand(659)) - Sending close container command for container #2 to datanode 0b57ef76-c121-46fb-9637-94024daca647{ip: 192.168.36.113, host: pr-hdds-1982-decom-states-gjzbw-1854142291, networkLocation: /default-rack, certSerialId: null}.
2019-09-10 19:02:13,036 [ReplicationMonitor] INFO  container.ReplicationManager (ReplicationManager.java:sendCloseCommand(659)) - Sending close container command for container #2 to datanode 0721d391-9877-4bc5-9778-84bb7e49252a{ip: 192.168.36.113, host: pr-hdds-1982-decom-states-gjzbw-1854142291, networkLocation: /default-rack, certSerialId: null}.
2019-09-10 19:02:13,036 [ReplicationMonitor] INFO  container.ReplicationManager (ReplicationManager.java:forceCloseContainer(464)) - Force closing container #3 with BCSID 0, which is in QUASI_CLOSED state.
2019-09-10 19:02:13,036 [ReplicationMonitor] INFO  container.ReplicationManager (ReplicationManager.java:sendCloseCommand(659)) - Sending close container command for container #3 to datanode 0b57ef76-c121-46fb-9637-94024daca647{ip: 192.168.36.113, host: pr-hdds-1982-decom-states-gjzbw-1854142291, networkLocation: /default-rack, certSerialId: null}.
2019-09-10 19:02:13,036 [ReplicationMonitor] INFO  container.ReplicationManager (ReplicationManager.java:sendCloseCommand(659)) - Sending close container command for container #3 to datanode 0721d391-9877-4bc5-9778-84bb7e49252a{ip: 192.168.36.113, host: pr-hdds-1982-decom-states-gjzbw-1854142291, networkLocation: /default-rack, certSerialId: null}.
2019-09-10 19:02:13,037 [ReplicationMonitor] INFO  container.ReplicationManager (ReplicationManager.java:sendCloseCommand(659)) - Sending close container command for container #3 to datanode 8e2eaa3a-398a-46ef-9472-b716e4b01ba0{ip: 192.168.36.113, host: pr-hdds-1982-decom-states-gjzbw-1854142291, networkLocation: /default-rack, certSerialId: null}.
2019-09-10 19:02:13,037 [ReplicationMonitor] INFO  container.ReplicationManager (ReplicationManager.java:run(225)) - Replication Monitor Thread took 11 milliseconds for processing 5 containers.
2019-09-10 19:02:14,638 [java.util.concurrent.ThreadPoolExecutor$Worker@6afaa2aa[State = -1, empty queue]] WARN  server.GrpcLogAppender (GrpcLogAppender.java:timeoutAppendRequest(200)) - d394239f-4003-4980-a11f-9e9a96bc4c4f@group-996C1A0A52D8->c01dc21c-c6d3-4daa-9385-9c828aa890a1-GrpcLogAppender: appendEntries Timeout, request=d394239f-4003-4980-a11f-9e9a96bc4c4f->c01dc21c-c6d3-4daa-9385-9c828aa890a1#134-t2, previous=(t:2, i:18), leaderCommit=12, initializing? false, entries: <empty>
2019-09-10 19:02:14,638 [java.util.concurrent.ThreadPoolExecutor$Worker@753f42ff[State = -1, empty queue]] WARN  server.GrpcLogAppender (GrpcLogAppender.java:timeoutAppendRequest(200)) - d394239f-4003-4980-a11f-9e9a96bc4c4f@group-996C1A0A52D8->08300216-d630-4cd9-aee9-766608000298-GrpcLogAppender: appendEntries Timeout, request=d394239f-4003-4980-a11f-9e9a96bc4c4f->08300216-d630-4cd9-aee9-766608000298#134-t2, previous=(t:2, i:18), leaderCommit=12, initializing? false, entries: <empty>
2019-09-10 19:02:15,090 [Command processor thread] INFO  interfaces.Container (KeyValueContainer.java:flushAndSyncDB(386)) - Container 2 is synced with bcsId 6.
2019-09-10 19:02:15,095 [Command processor thread] INFO  interfaces.Container (KeyValueContainer.java:flushAndSyncDB(386)) - Container 2 is synced with bcsId 6.
2019-09-10 19:02:15,122 [Command processor thread] INFO  interfaces.Container (KeyValueContainer.java:close(335)) - Container 2 is closed with bcsId 6.
2019-09-10 19:02:15,122 [Command processor thread] INFO  interfaces.Container (KeyValueContainer.java:flushAndSyncDB(386)) - Container 3 is synced with bcsId 0.
2019-09-10 19:02:15,122 [Command processor thread] INFO  interfaces.Container (KeyValueContainer.java:flushAndSyncDB(386)) - Container 3 is synced with bcsId 0.
2019-09-10 19:02:15,123 [EventQueue-IncrementalContainerReportForIncrementalContainerReportHandler] INFO  container.IncrementalContainerReportHandler (AbstractContainerReportHandler.java:updateContainerState(202)) - Moving container #2 to CLOSED state, datanode 8e2eaa3a-398a-46ef-9472-b716e4b01ba0{ip: 192.168.36.113, host: pr-hdds-1982-decom-states-gjzbw-1854142291, networkLocation: /default-rack, certSerialId: null} reported CLOSED replica.
2019-09-10 19:02:15,147 [Command processor thread] INFO  interfaces.Container (KeyValueContainer.java:close(335)) - Container 3 is closed with bcsId 0.
2019-09-10 19:02:15,148 [EventQueue-IncrementalContainerReportForIncrementalContainerReportHandler] INFO  container.IncrementalContainerReportHandler (AbstractContainerReportHandler.java:updateContainerState(202)) - Moving container #3 to CLOSED state, datanode 8e2eaa3a-398a-46ef-9472-b716e4b01ba0{ip: 192.168.36.113, host: pr-hdds-1982-decom-states-gjzbw-1854142291, networkLocation: /default-rack, certSerialId: null} reported CLOSED replica.
2019-09-10 19:02:15,436 [Command processor thread] INFO  interfaces.Container (KeyValueContainer.java:flushAndSyncDB(386)) - Container 2 is synced with bcsId 6.
2019-09-10 19:02:15,436 [Command processor thread] INFO  interfaces.Container (KeyValueContainer.java:flushAndSyncDB(386)) - Container 2 is synced with bcsId 6.
2019-09-10 19:02:15,462 [Command processor thread] INFO  interfaces.Container (KeyValueContainer.java:close(335)) - Container 2 is closed with bcsId 6.
2019-09-10 19:02:15,463 [Command processor thread] INFO  interfaces.Container (KeyValueContainer.java:flushAndSyncDB(386)) - Container 3 is synced with bcsId 0.
2019-09-10 19:02:15,463 [Command processor thread] INFO  interfaces.Container (KeyValueContainer.java:flushAndSyncDB(386)) - Container 3 is synced with bcsId 0.
2019-09-10 19:02:15,496 [Command processor thread] INFO  interfaces.Container (KeyValueContainer.java:close(335)) - Container 3 is closed with bcsId 0.
2019-09-10 19:02:15,712 [Command processor thread] INFO  interfaces.Container (KeyValueContainer.java:flushAndSyncDB(386)) - Container 2 is synced with bcsId 6.
2019-09-10 19:02:15,712 [Command processor thread] INFO  interfaces.Container (KeyValueContainer.java:flushAndSyncDB(386)) - Container 2 is synced with bcsId 6.
2019-09-10 19:02:15,746 [Command processor thread] INFO  interfaces.Container (KeyValueContainer.java:close(335)) - Container 2 is closed with bcsId 6.
2019-09-10 19:02:15,747 [Command processor thread] INFO  interfaces.Container (KeyValueContainer.java:flushAndSyncDB(386)) - Container 3 is synced with bcsId 0.
2019-09-10 19:02:15,747 [Command processor thread] INFO  interfaces.Container (KeyValueContainer.java:flushAndSyncDB(386)) - Container 3 is synced with bcsId 0.
2019-09-10 19:02:15,771 [Command processor thread] INFO  interfaces.Container (KeyValueContainer.java:close(335)) - Container 3 is closed with bcsId 0.
2019-09-10 19:02:17,139 [java.util.concurrent.ThreadPoolExecutor$Worker@753f42ff[State = -1, empty queue]] WARN  server.GrpcLogAppender (GrpcLogAppender.java:timeoutAppendRequest(200)) - d394239f-4003-4980-a11f-9e9a96bc4c4f@group-996C1A0A52D8->08300216-d630-4cd9-aee9-766608000298-GrpcLogAppender: appendEntries Timeout, request=d394239f-4003-4980-a11f-9e9a96bc4c4f->08300216-d630-4cd9-aee9-766608000298#135-t2, previous=(t:2, i:18), leaderCommit=12, initializing? false, entries: <empty>
2019-09-10 19:02:17,139 [java.util.concurrent.ThreadPoolExecutor$Worker@6afaa2aa[State = -1, empty queue]] WARN  server.GrpcLogAppender (GrpcLogAppender.java:timeoutAppendRequest(200)) - d394239f-4003-4980-a11f-9e9a96bc4c4f@group-996C1A0A52D8->c01dc21c-c6d3-4daa-9385-9c828aa890a1-GrpcLogAppender: appendEntries Timeout, request=d394239f-4003-4980-a11f-9e9a96bc4c4f->c01dc21c-c6d3-4daa-9385-9c828aa890a1#135-t2, previous=(t:2, i:18), leaderCommit=12, initializing? false, entries: <empty>
2019-09-10 19:02:17,620 [grpc-default-executor-2] INFO  client.GrpcClientProtocolClient (GrpcClientProtocolClient.java:onNext(264)) - client-4EEF7FFC2E17->08300216-d630-4cd9-aee9-766608000298: receive RaftClientReply:client-4EEF7FFC2E17->08300216-d630-4cd9-aee9-766608000298@group-996C1A0A52D8, cid=33, FAILED org.apache.ratis.protocol.NotLeaderException: Server 08300216-d630-4cd9-aee9-766608000298@group-996C1A0A52D8 is not the leader d394239f-4003-4980-a11f-9e9a96bc4c4f:192.168.36.113:33987, logIndex=0, commits[08300216-d630-4cd9-aee9-766608000298:c12, d394239f-4003-4980-a11f-9e9a96bc4c4f:c12, c01dc21c-c6d3-4daa-9385-9c828aa890a1:c10]
2019-09-10 19:02:19,639 [java.util.concurrent.ThreadPoolExecutor$Worker@753f42ff[State = -1, empty queue]] WARN  server.GrpcLogAppender (GrpcLogAppender.java:timeoutAppendRequest(200)) - d394239f-4003-4980-a11f-9e9a96bc4c4f@group-996C1A0A52D8->08300216-d630-4cd9-aee9-766608000298-GrpcLogAppender: appendEntries Timeout, request=d394239f-4003-4980-a11f-9e9a96bc4c4f->08300216-d630-4cd9-aee9-766608000298#136-t2, previous=(t:2, i:18), leaderCommit=12, initializing? false, entries: <empty>
2019-09-10 19:02:19,639 [java.util.concurrent.ThreadPoolExecutor$Worker@6afaa2aa[State = -1, empty queue]] WARN  server.GrpcLogAppender (GrpcLogAppender.java:timeoutAppendRequest(200)) - d394239f-4003-4980-a11f-9e9a96bc4c4f@group-996C1A0A52D8->c01dc21c-c6d3-4daa-9385-9c828aa890a1-GrpcLogAppender: appendEntries Timeout, request=d394239f-4003-4980-a11f-9e9a96bc4c4f->c01dc21c-c6d3-4daa-9385-9c828aa890a1#136-t2, previous=(t:2, i:18), leaderCommit=12, initializing? false, entries: <empty>
2019-09-10 19:02:21,610 [c01dc21c-c6d3-4daa-9385-9c828aa890a1@group-996C1A0A52D8-SegmentedRaftLogWorker] WARN  segmented.SegmentedRaftLogWorker (SegmentedRaftLogWorker.java:getFromFuture(90)) - Timeout 10/~
org.apache.ratis.protocol.TimeoutIOException: Timeout 10s: WriteLog:13: (t:2, i:13), STATEMACHINELOGENTRY, client-4EEF7FFC2E17, cid=33-writeStateMachineData
	at org.apache.ratis.util.IOUtils.getFromFuture(IOUtils.java:87)
	at org.apache.ratis.server.raftlog.segmented.SegmentedRaftLogWorker$StateMachineDataPolicy.getFromFuture(SegmentedRaftLogWorker.java:87)
	at org.apache.ratis.server.raftlog.segmented.SegmentedRaftLogWorker$WriteLog.execute(SegmentedRaftLogWorker.java:477)
	at org.apache.ratis.server.raftlog.segmented.SegmentedRaftLogWorker.run(SegmentedRaftLogWorker.java:289)
	at java.lang.Thread.run(Thread.java:748)
Caused by: java.util.concurrent.TimeoutException
	at java.util.concurrent.CompletableFuture.timedGet(CompletableFuture.java:1771)
	at java.util.concurrent.CompletableFuture.get(CompletableFuture.java:1915)
	at org.apache.ratis.util.IOUtils.getFromFuture(IOUtils.java:79)
	... 4 more
2019-09-10 19:02:21,632 [08300216-d630-4cd9-aee9-766608000298@group-996C1A0A52D8-SegmentedRaftLogWorker] WARN  segmented.SegmentedRaftLogWorker (SegmentedRaftLogWorker.java:getFromFuture(90)) - Timeout 10/~
org.apache.ratis.protocol.TimeoutIOException: Timeout 10s: WriteLog:13: (t:2, i:13), STATEMACHINELOGENTRY, client-4EEF7FFC2E17, cid=33-writeStateMachineData
	at org.apache.ratis.util.IOUtils.getFromFuture(IOUtils.java:87)
	at org.apache.ratis.server.raftlog.segmented.SegmentedRaftLogWorker$StateMachineDataPolicy.getFromFuture(SegmentedRaftLogWorker.java:87)
	at org.apache.ratis.server.raftlog.segmented.SegmentedRaftLogWorker$WriteLog.execute(SegmentedRaftLogWorker.java:477)
	at org.apache.ratis.server.raftlog.segmented.SegmentedRaftLogWorker.run(SegmentedRaftLogWorker.java:289)
	at java.lang.Thread.run(Thread.java:748)
Caused by: java.util.concurrent.TimeoutException
	at java.util.concurrent.CompletableFuture.timedGet(CompletableFuture.java:1771)
	at java.util.concurrent.CompletableFuture.get(CompletableFuture.java:1915)
	at org.apache.ratis.util.IOUtils.getFromFuture(IOUtils.java:79)
	... 4 more
2019-09-10 19:02:21,899 [d394239f-4003-4980-a11f-9e9a96bc4c4f@group-996C1A0A52D8-SegmentedRaftLogWorker] WARN  segmented.SegmentedRaftLogWorker (SegmentedRaftLogWorker.java:getFromFuture(90)) - Timeout 10/~
org.apache.ratis.protocol.TimeoutIOException: Timeout 10s: WriteLog:16: (t:2, i:16), STATEMACHINELOGENTRY, client-4EEF7FFC2E17, cid=36-writeStateMachineData
	at org.apache.ratis.util.IOUtils.getFromFuture(IOUtils.java:87)
	at org.apache.ratis.server.raftlog.segmented.SegmentedRaftLogWorker$StateMachineDataPolicy.getFromFuture(SegmentedRaftLogWorker.java:87)
	at org.apache.ratis.server.raftlog.segmented.SegmentedRaftLogWorker$WriteLog.execute(SegmentedRaftLogWorker.java:477)
	at org.apache.ratis.server.raftlog.segmented.SegmentedRaftLogWorker.run(SegmentedRaftLogWorker.java:289)
	at java.lang.Thread.run(Thread.java:748)
Caused by: java.util.concurrent.TimeoutException
	at java.util.concurrent.CompletableFuture.timedGet(CompletableFuture.java:1771)
	at java.util.concurrent.CompletableFuture.get(CompletableFuture.java:1915)
	at org.apache.ratis.util.IOUtils.getFromFuture(IOUtils.java:79)
	... 4 more
2019-09-10 19:02:22,139 [java.util.concurrent.ThreadPoolExecutor$Worker@6afaa2aa[State = -1, empty queue]] WARN  server.GrpcLogAppender (GrpcLogAppender.java:timeoutAppendRequest(200)) - d394239f-4003-4980-a11f-9e9a96bc4c4f@group-996C1A0A52D8->c01dc21c-c6d3-4daa-9385-9c828aa890a1-GrpcLogAppender: appendEntries Timeout, request=d394239f-4003-4980-a11f-9e9a96bc4c4f->c01dc21c-c6d3-4daa-9385-9c828aa890a1#137-t2, previous=(t:2, i:18), leaderCommit=12, initializing? false, entries: <empty>
2019-09-10 19:02:22,139 [java.util.concurrent.ThreadPoolExecutor$Worker@753f42ff[State = -1, empty queue]] WARN  server.GrpcLogAppender (GrpcLogAppender.java:timeoutAppendRequest(200)) - d394239f-4003-4980-a11f-9e9a96bc4c4f@group-996C1A0A52D8->08300216-d630-4cd9-aee9-766608000298-GrpcLogAppender: appendEntries Timeout, request=d394239f-4003-4980-a11f-9e9a96bc4c4f->08300216-d630-4cd9-aee9-766608000298#137-t2, previous=(t:2, i:18), leaderCommit=12, initializing? false, entries: <empty>
2019-09-10 19:02:22,655 [grpc-default-executor-2] INFO  client.GrpcClientProtocolClient (GrpcClientProtocolClient.java:onNext(264)) - client-4EEF7FFC2E17->08300216-d630-4cd9-aee9-766608000298: receive RaftClientReply:client-4EEF7FFC2E17->08300216-d630-4cd9-aee9-766608000298@group-996C1A0A52D8, cid=33, FAILED org.apache.ratis.protocol.NotLeaderException: Server 08300216-d630-4cd9-aee9-766608000298@group-996C1A0A52D8 is not the leader d394239f-4003-4980-a11f-9e9a96bc4c4f:192.168.36.113:33987, logIndex=0, commits[08300216-d630-4cd9-aee9-766608000298:c12, d394239f-4003-4980-a11f-9e9a96bc4c4f:c12, c01dc21c-c6d3-4daa-9385-9c828aa890a1:c10]
2019-09-10 19:02:24,645 [java.util.concurrent.ThreadPoolExecutor$Worker@6afaa2aa[State = -1, empty queue]] WARN  server.GrpcLogAppender (GrpcLogAppender.java:timeoutAppendRequest(200)) - d394239f-4003-4980-a11f-9e9a96bc4c4f@group-996C1A0A52D8->c01dc21c-c6d3-4daa-9385-9c828aa890a1-GrpcLogAppender: appendEntries Timeout, request=d394239f-4003-4980-a11f-9e9a96bc4c4f->c01dc21c-c6d3-4daa-9385-9c828aa890a1#138-t2, previous=(t:2, i:18), leaderCommit=12, initializing? false, entries: <empty>
2019-09-10 19:02:24,648 [java.util.concurrent.ThreadPoolExecutor$Worker@753f42ff[State = -1, empty queue]] WARN  server.GrpcLogAppender (GrpcLogAppender.java:timeoutAppendRequest(200)) - d394239f-4003-4980-a11f-9e9a96bc4c4f@group-996C1A0A52D8->08300216-d630-4cd9-aee9-766608000298-GrpcLogAppender: appendEntries Timeout, request=d394239f-4003-4980-a11f-9e9a96bc4c4f->08300216-d630-4cd9-aee9-766608000298#138-t2, previous=(t:2, i:18), leaderCommit=12, initializing? false, entries: <empty>
2019-09-10 19:02:27,146 [java.util.concurrent.ThreadPoolExecutor$Worker@6afaa2aa[State = -1, empty queue]] WARN  server.GrpcLogAppender (GrpcLogAppender.java:timeoutAppendRequest(200)) - d394239f-4003-4980-a11f-9e9a96bc4c4f@group-996C1A0A52D8->c01dc21c-c6d3-4daa-9385-9c828aa890a1-GrpcLogAppender: appendEntries Timeout, request=d394239f-4003-4980-a11f-9e9a96bc4c4f->c01dc21c-c6d3-4daa-9385-9c828aa890a1#139-t2, previous=(t:2, i:18), leaderCommit=12, initializing? false, entries: <empty>
2019-09-10 19:02:27,148 [java.util.concurrent.ThreadPoolExecutor$Worker@753f42ff[State = -1, empty queue]] WARN  server.GrpcLogAppender (GrpcLogAppender.java:timeoutAppendRequest(200)) - d394239f-4003-4980-a11f-9e9a96bc4c4f@group-996C1A0A52D8->08300216-d630-4cd9-aee9-766608000298-GrpcLogAppender: appendEntries Timeout, request=d394239f-4003-4980-a11f-9e9a96bc4c4f->08300216-d630-4cd9-aee9-766608000298#139-t2, previous=(t:2, i:18), leaderCommit=12, initializing? false, entries: <empty>
2019-09-10 19:02:27,707 [grpc-default-executor-4] INFO  client.GrpcClientProtocolClient (GrpcClientProtocolClient.java:onNext(264)) - client-4EEF7FFC2E17->c01dc21c-c6d3-4daa-9385-9c828aa890a1: receive RaftClientReply:client-4EEF7FFC2E17->c01dc21c-c6d3-4daa-9385-9c828aa890a1@group-996C1A0A52D8, cid=33, FAILED org.apache.ratis.protocol.NotLeaderException: Server c01dc21c-c6d3-4daa-9385-9c828aa890a1@group-996C1A0A52D8 is not the leader d394239f-4003-4980-a11f-9e9a96bc4c4f:192.168.36.113:33987, logIndex=0, commits[c01dc21c-c6d3-4daa-9385-9c828aa890a1:c12, d394239f-4003-4980-a11f-9e9a96bc4c4f:c12, 08300216-d630-4cd9-aee9-766608000298:c10]
2019-09-10 19:02:29,647 [java.util.concurrent.ThreadPoolExecutor$Worker@6afaa2aa[State = -1, empty queue]] WARN  server.GrpcLogAppender (GrpcLogAppender.java:timeoutAppendRequest(200)) - d394239f-4003-4980-a11f-9e9a96bc4c4f@group-996C1A0A52D8->c01dc21c-c6d3-4daa-9385-9c828aa890a1-GrpcLogAppender: appendEntries Timeout, request=d394239f-4003-4980-a11f-9e9a96bc4c4f->c01dc21c-c6d3-4daa-9385-9c828aa890a1#140-t2, previous=(t:2, i:18), leaderCommit=12, initializing? false, entries: <empty>
2019-09-10 19:02:29,648 [java.util.concurrent.ThreadPoolExecutor$Worker@753f42ff[State = -1, empty queue]] WARN  server.GrpcLogAppender (GrpcLogAppender.java:timeoutAppendRequest(200)) - d394239f-4003-4980-a11f-9e9a96bc4c4f@group-996C1A0A52D8->08300216-d630-4cd9-aee9-766608000298-GrpcLogAppender: appendEntries Timeout, request=d394239f-4003-4980-a11f-9e9a96bc4c4f->08300216-d630-4cd9-aee9-766608000298#140-t2, previous=(t:2, i:18), leaderCommit=12, initializing? false, entries: <empty>
2019-09-10 19:02:31,611 [c01dc21c-c6d3-4daa-9385-9c828aa890a1@group-996C1A0A52D8-SegmentedRaftLogWorker] WARN  segmented.SegmentedRaftLogWorker (SegmentedRaftLogWorker.java:getFromFuture(90)) - Timeout 11/~
org.apache.ratis.protocol.TimeoutIOException: Timeout 10s: WriteLog:13: (t:2, i:13), STATEMACHINELOGENTRY, client-4EEF7FFC2E17, cid=33-writeStateMachineData
	at org.apache.ratis.util.IOUtils.getFromFuture(IOUtils.java:87)
	at org.apache.ratis.server.raftlog.segmented.SegmentedRaftLogWorker$StateMachineDataPolicy.getFromFuture(SegmentedRaftLogWorker.java:87)
	at org.apache.ratis.server.raftlog.segmented.SegmentedRaftLogWorker$WriteLog.execute(SegmentedRaftLogWorker.java:477)
	at org.apache.ratis.server.raftlog.segmented.SegmentedRaftLogWorker.run(SegmentedRaftLogWorker.java:289)
	at java.lang.Thread.run(Thread.java:748)
Caused by: java.util.concurrent.TimeoutException
	at java.util.concurrent.CompletableFuture.timedGet(CompletableFuture.java:1771)
	at java.util.concurrent.CompletableFuture.get(CompletableFuture.java:1915)
	at org.apache.ratis.util.IOUtils.getFromFuture(IOUtils.java:79)
	... 4 more
2019-09-10 19:02:31,633 [08300216-d630-4cd9-aee9-766608000298@group-996C1A0A52D8-SegmentedRaftLogWorker] WARN  segmented.SegmentedRaftLogWorker (SegmentedRaftLogWorker.java:getFromFuture(90)) - Timeout 11/~
org.apache.ratis.protocol.TimeoutIOException: Timeout 10s: WriteLog:13: (t:2, i:13), STATEMACHINELOGENTRY, client-4EEF7FFC2E17, cid=33-writeStateMachineData
	at org.apache.ratis.util.IOUtils.getFromFuture(IOUtils.java:87)
	at org.apache.ratis.server.raftlog.segmented.SegmentedRaftLogWorker$StateMachineDataPolicy.getFromFuture(SegmentedRaftLogWorker.java:87)
	at org.apache.ratis.server.raftlog.segmented.SegmentedRaftLogWorker$WriteLog.execute(SegmentedRaftLogWorker.java:477)
	at org.apache.ratis.server.raftlog.segmented.SegmentedRaftLogWorker.run(SegmentedRaftLogWorker.java:289)
	at java.lang.Thread.run(Thread.java:748)
Caused by: java.util.concurrent.TimeoutException
	at java.util.concurrent.CompletableFuture.timedGet(CompletableFuture.java:1771)
	at java.util.concurrent.CompletableFuture.get(CompletableFuture.java:1915)
	at org.apache.ratis.util.IOUtils.getFromFuture(IOUtils.java:79)
	... 4 more
2019-09-10 19:02:31,654 [org.apache.ratis.server.impl.LogAppender$AppenderDaemon$$Lambda$505/327848963@5d0c1f7] ERROR ratis.XceiverServerRatis (XceiverServerRatis.java:triggerPipelineClose(568)) - pipeline Action CLOSE  on pipeline PipelineID=51ee26b8-1336-4450-8264-996c1a0a52d8.Reason : d394239f-4003-4980-a11f-9e9a96bc4c4f has not seen follower/s 08300216-d630-4cd9-aee9-766608000298 for 120214ms c01dc21c-c6d3-4daa-9385-9c828aa890a1 for 120211ms
2019-09-10 19:02:31,654 [org.apache.ratis.server.impl.LogAppender$AppenderDaemon$$Lambda$505/327848963@1e066850] ERROR ratis.XceiverServerRatis (XceiverServerRatis.java:triggerPipelineClose(568)) - pipeline Action CLOSE  on pipeline PipelineID=51ee26b8-1336-4450-8264-996c1a0a52d8.Reason : d394239f-4003-4980-a11f-9e9a96bc4c4f has not seen follower/s 08300216-d630-4cd9-aee9-766608000298 for 120214ms c01dc21c-c6d3-4daa-9385-9c828aa890a1 for 120211ms
2019-09-10 19:02:31,900 [d394239f-4003-4980-a11f-9e9a96bc4c4f@group-996C1A0A52D8-SegmentedRaftLogWorker] WARN  segmented.SegmentedRaftLogWorker (SegmentedRaftLogWorker.java:getFromFuture(90)) - Timeout 11/~
org.apache.ratis.protocol.TimeoutIOException: Timeout 10s: WriteLog:16: (t:2, i:16), STATEMACHINELOGENTRY, client-4EEF7FFC2E17, cid=36-writeStateMachineData
	at org.apache.ratis.util.IOUtils.getFromFuture(IOUtils.java:87)
	at org.apache.ratis.server.raftlog.segmented.SegmentedRaftLogWorker$StateMachineDataPolicy.getFromFuture(SegmentedRaftLogWorker.java:87)
	at org.apache.ratis.server.raftlog.segmented.SegmentedRaftLogWorker$WriteLog.execute(SegmentedRaftLogWorker.java:477)
	at org.apache.ratis.server.raftlog.segmented.SegmentedRaftLogWorker.run(SegmentedRaftLogWorker.java:289)
	at java.lang.Thread.run(Thread.java:748)
Caused by: java.util.concurrent.TimeoutException
	at java.util.concurrent.CompletableFuture.timedGet(CompletableFuture.java:1771)
	at java.util.concurrent.CompletableFuture.get(CompletableFuture.java:1915)
	at org.apache.ratis.util.IOUtils.getFromFuture(IOUtils.java:79)
	... 4 more
2019-09-10 19:02:32,031 [EventQueue-PipelineActionsForPipelineActionHandler] ERROR pipeline.PipelineActionHandler (PipelineActionHandler.java:onMessage(60)) - Received pipeline action CLOSE for Pipeline[ Id: 51ee26b8-1336-4450-8264-996c1a0a52d8, Nodes: c01dc21c-c6d3-4daa-9385-9c828aa890a1{ip: 192.168.36.113, host: pr-hdds-1982-decom-states-gjzbw-1854142291, networkLocation: /default-rack, certSerialId: null}08300216-d630-4cd9-aee9-766608000298{ip: 192.168.36.113, host: pr-hdds-1982-decom-states-gjzbw-1854142291, networkLocation: /default-rack, certSerialId: null}d394239f-4003-4980-a11f-9e9a96bc4c4f{ip: 192.168.36.113, host: pr-hdds-1982-decom-states-gjzbw-1854142291, networkLocation: /default-rack, certSerialId: null}, Type:RATIS, Factor:THREE, State:OPEN] from datanode d394239f-4003-4980-a11f-9e9a96bc4c4f{ip: 192.168.36.113, host: pr-hdds-1982-decom-states-gjzbw-1854142291, networkLocation: /default-rack, certSerialId: null}. Reason : d394239f-4003-4980-a11f-9e9a96bc4c4f has not seen follower/s 08300216-d630-4cd9-aee9-766608000298 for 120214ms c01dc21c-c6d3-4daa-9385-9c828aa890a1 for 120211ms
2019-09-10 19:02:32,031 [EventQueue-PipelineActionsForPipelineActionHandler] INFO  pipeline.SCMPipelineManager (SCMPipelineManager.java:finalizeAndDestroyPipeline(311)) - destroying pipeline:Pipeline[ Id: 51ee26b8-1336-4450-8264-996c1a0a52d8, Nodes: c01dc21c-c6d3-4daa-9385-9c828aa890a1{ip: 192.168.36.113, host: pr-hdds-1982-decom-states-gjzbw-1854142291, networkLocation: /default-rack, certSerialId: null}08300216-d630-4cd9-aee9-766608000298{ip: 192.168.36.113, host: pr-hdds-1982-decom-states-gjzbw-1854142291, networkLocation: /default-rack, certSerialId: null}d394239f-4003-4980-a11f-9e9a96bc4c4f{ip: 192.168.36.113, host: pr-hdds-1982-decom-states-gjzbw-1854142291, networkLocation: /default-rack, certSerialId: null}, Type:RATIS, Factor:THREE, State:OPEN]
2019-09-10 19:02:32,032 [EventQueue-PipelineActionsForPipelineActionHandler] INFO  pipeline.PipelineStateManager (PipelineStateManager.java:finalizePipeline(123)) - Pipeline Pipeline[ Id: 51ee26b8-1336-4450-8264-996c1a0a52d8, Nodes: c01dc21c-c6d3-4daa-9385-9c828aa890a1{ip: 192.168.36.113, host: pr-hdds-1982-decom-states-gjzbw-1854142291, networkLocation: /default-rack, certSerialId: null}08300216-d630-4cd9-aee9-766608000298{ip: 192.168.36.113, host: pr-hdds-1982-decom-states-gjzbw-1854142291, networkLocation: /default-rack, certSerialId: null}d394239f-4003-4980-a11f-9e9a96bc4c4f{ip: 192.168.36.113, host: pr-hdds-1982-decom-states-gjzbw-1854142291, networkLocation: /default-rack, certSerialId: null}, Type:RATIS, Factor:THREE, State:CLOSED] moved to CLOSED state
2019-09-10 19:02:32,032 [EventQueue-CloseContainerForCloseContainerEventHandler] INFO  container.CloseContainerEventHandler (CloseContainerEventHandler.java:onMessage(61)) - Close container Event triggered for container : #1
2019-09-10 19:02:32,034 [EventQueue-CloseContainerForCloseContainerEventHandler] INFO  container.CloseContainerEventHandler (CloseContainerEventHandler.java:onMessage(61)) - Close container Event triggered for container : #4
2019-09-10 19:02:32,034 [EventQueue-CloseContainerForCloseContainerEventHandler] INFO  container.CloseContainerEventHandler (CloseContainerEventHandler.java:onMessage(61)) - Close container Event triggered for container : #5
2019-09-10 19:02:32,148 [java.util.concurrent.ThreadPoolExecutor$Worker@6afaa2aa[State = -1, empty queue]] WARN  server.GrpcLogAppender (GrpcLogAppender.java:timeoutAppendRequest(200)) - d394239f-4003-4980-a11f-9e9a96bc4c4f@group-996C1A0A52D8->c01dc21c-c6d3-4daa-9385-9c828aa890a1-GrpcLogAppender: appendEntries Timeout, request=d394239f-4003-4980-a11f-9e9a96bc4c4f->c01dc21c-c6d3-4daa-9385-9c828aa890a1#141-t2, previous=(t:2, i:18), leaderCommit=12, initializing? false, entries: <empty>
2019-09-10 19:02:32,148 [java.util.concurrent.ThreadPoolExecutor$Worker@753f42ff[State = -1, empty queue]] WARN  server.GrpcLogAppender (GrpcLogAppender.java:timeoutAppendRequest(200)) - d394239f-4003-4980-a11f-9e9a96bc4c4f@group-996C1A0A52D8->08300216-d630-4cd9-aee9-766608000298-GrpcLogAppender: appendEntries Timeout, request=d394239f-4003-4980-a11f-9e9a96bc4c4f->08300216-d630-4cd9-aee9-766608000298#141-t2, previous=(t:2, i:18), leaderCommit=12, initializing? false, entries: <empty>
2019-09-10 19:02:32,755 [grpc-default-executor-4] INFO  client.GrpcClientProtocolClient (GrpcClientProtocolClient.java:onNext(264)) - client-4EEF7FFC2E17->08300216-d630-4cd9-aee9-766608000298: receive RaftClientReply:client-4EEF7FFC2E17->08300216-d630-4cd9-aee9-766608000298@group-996C1A0A52D8, cid=33, FAILED org.apache.ratis.protocol.NotLeaderException: Server 08300216-d630-4cd9-aee9-766608000298@group-996C1A0A52D8 is not the leader d394239f-4003-4980-a11f-9e9a96bc4c4f:192.168.36.113:33987, logIndex=0, commits[08300216-d630-4cd9-aee9-766608000298:c12, d394239f-4003-4980-a11f-9e9a96bc4c4f:c12, c01dc21c-c6d3-4daa-9385-9c828aa890a1:c10]
2019-09-10 19:02:34,053 [org.apache.ratis.server.impl.LogAppender$AppenderDaemon$$Lambda$505/327848963@5d0c1f7] ERROR ratis.XceiverServerRatis (XceiverServerRatis.java:triggerPipelineClose(568)) - pipeline Action CLOSE  on pipeline PipelineID=51ee26b8-1336-4450-8264-996c1a0a52d8.Reason : d394239f-4003-4980-a11f-9e9a96bc4c4f has not seen follower/s 08300216-d630-4cd9-aee9-766608000298 for 122618ms c01dc21c-c6d3-4daa-9385-9c828aa890a1 for 122615ms
2019-09-10 19:02:34,053 [org.apache.ratis.server.impl.LogAppender$AppenderDaemon$$Lambda$505/327848963@1e066850] ERROR ratis.XceiverServerRatis (XceiverServerRatis.java:triggerPipelineClose(568)) - pipeline Action CLOSE  on pipeline PipelineID=51ee26b8-1336-4450-8264-996c1a0a52d8.Reason : d394239f-4003-4980-a11f-9e9a96bc4c4f has not seen follower/s 08300216-d630-4cd9-aee9-766608000298 for 122618ms c01dc21c-c6d3-4daa-9385-9c828aa890a1 for 122615ms
2019-09-10 19:02:34,649 [java.util.concurrent.ThreadPoolExecutor$Worker@753f42ff[State = -1, empty queue]] WARN  server.GrpcLogAppender (GrpcLogAppender.java:timeoutAppendRequest(200)) - d394239f-4003-4980-a11f-9e9a96bc4c4f@group-996C1A0A52D8->08300216-d630-4cd9-aee9-766608000298-GrpcLogAppender: appendEntries Timeout, request=d394239f-4003-4980-a11f-9e9a96bc4c4f->08300216-d630-4cd9-aee9-766608000298#142-t2, previous=(t:2, i:18), leaderCommit=12, initializing? false, entries: <empty>
2019-09-10 19:02:34,649 [java.util.concurrent.ThreadPoolExecutor$Worker@6afaa2aa[State = -1, empty queue]] WARN  server.GrpcLogAppender (GrpcLogAppender.java:timeoutAppendRequest(200)) - d394239f-4003-4980-a11f-9e9a96bc4c4f@group-996C1A0A52D8->c01dc21c-c6d3-4daa-9385-9c828aa890a1-GrpcLogAppender: appendEntries Timeout, request=d394239f-4003-4980-a11f-9e9a96bc4c4f->c01dc21c-c6d3-4daa-9385-9c828aa890a1#142-t2, previous=(t:2, i:18), leaderCommit=12, initializing? false, entries: <empty>
2019-09-10 19:02:35,049 [EventQueue-PipelineActionsForPipelineActionHandler] ERROR pipeline.PipelineActionHandler (PipelineActionHandler.java:onMessage(60)) - Received pipeline action CLOSE for Pipeline[ Id: 51ee26b8-1336-4450-8264-996c1a0a52d8, Nodes: c01dc21c-c6d3-4daa-9385-9c828aa890a1{ip: 192.168.36.113, host: pr-hdds-1982-decom-states-gjzbw-1854142291, networkLocation: /default-rack, certSerialId: null}08300216-d630-4cd9-aee9-766608000298{ip: 192.168.36.113, host: pr-hdds-1982-decom-states-gjzbw-1854142291, networkLocation: /default-rack, certSerialId: null}d394239f-4003-4980-a11f-9e9a96bc4c4f{ip: 192.168.36.113, host: pr-hdds-1982-decom-states-gjzbw-1854142291, networkLocation: /default-rack, certSerialId: null}, Type:RATIS, Factor:THREE, State:CLOSED] from datanode d394239f-4003-4980-a11f-9e9a96bc4c4f{ip: 192.168.36.113, host: pr-hdds-1982-decom-states-gjzbw-1854142291, networkLocation: /default-rack, certSerialId: null}. Reason : d394239f-4003-4980-a11f-9e9a96bc4c4f has not seen follower/s 08300216-d630-4cd9-aee9-766608000298 for 122618ms c01dc21c-c6d3-4daa-9385-9c828aa890a1 for 122615ms
2019-09-10 19:02:35,050 [EventQueue-PipelineActionsForPipelineActionHandler] INFO  pipeline.SCMPipelineManager (SCMPipelineManager.java:finalizeAndDestroyPipeline(311)) - destroying pipeline:Pipeline[ Id: 51ee26b8-1336-4450-8264-996c1a0a52d8, Nodes: c01dc21c-c6d3-4daa-9385-9c828aa890a1{ip: 192.168.36.113, host: pr-hdds-1982-decom-states-gjzbw-1854142291, networkLocation: /default-rack, certSerialId: null}08300216-d630-4cd9-aee9-766608000298{ip: 192.168.36.113, host: pr-hdds-1982-decom-states-gjzbw-1854142291, networkLocation: /default-rack, certSerialId: null}d394239f-4003-4980-a11f-9e9a96bc4c4f{ip: 192.168.36.113, host: pr-hdds-1982-decom-states-gjzbw-1854142291, networkLocation: /default-rack, certSerialId: null}, Type:RATIS, Factor:THREE, State:CLOSED]
2019-09-10 19:02:36,553 [org.apache.ratis.server.impl.LogAppender$AppenderDaemon$$Lambda$505/327848963@1e066850] ERROR ratis.XceiverServerRatis (XceiverServerRatis.java:triggerPipelineClose(568)) - pipeline Action CLOSE  on pipeline PipelineID=51ee26b8-1336-4450-8264-996c1a0a52d8.Reason : d394239f-4003-4980-a11f-9e9a96bc4c4f has not seen follower/s 08300216-d630-4cd9-aee9-766608000298 for 125119ms c01dc21c-c6d3-4daa-9385-9c828aa890a1 for 125115ms
2019-09-10 19:02:36,554 [org.apache.ratis.server.impl.LogAppender$AppenderDaemon$$Lambda$505/327848963@5d0c1f7] ERROR ratis.XceiverServerRatis (XceiverServerRatis.java:triggerPipelineClose(568)) - pipeline Action CLOSE  on pipeline PipelineID=51ee26b8-1336-4450-8264-996c1a0a52d8.Reason : d394239f-4003-4980-a11f-9e9a96bc4c4f has not seen follower/s 08300216-d630-4cd9-aee9-766608000298 for 125119ms c01dc21c-c6d3-4daa-9385-9c828aa890a1 for 125116ms
2019-09-10 19:02:37,050 [EventQueue-PipelineActionsForPipelineActionHandler] ERROR pipeline.PipelineActionHandler (PipelineActionHandler.java:onMessage(60)) - Received pipeline action CLOSE for Pipeline[ Id: 51ee26b8-1336-4450-8264-996c1a0a52d8, Nodes: c01dc21c-c6d3-4daa-9385-9c828aa890a1{ip: 192.168.36.113, host: pr-hdds-1982-decom-states-gjzbw-1854142291, networkLocation: /default-rack, certSerialId: null}08300216-d630-4cd9-aee9-766608000298{ip: 192.168.36.113, host: pr-hdds-1982-decom-states-gjzbw-1854142291, networkLocation: /default-rack, certSerialId: null}d394239f-4003-4980-a11f-9e9a96bc4c4f{ip: 192.168.36.113, host: pr-hdds-1982-decom-states-gjzbw-1854142291, networkLocation: /default-rack, certSerialId: null}, Type:RATIS, Factor:THREE, State:CLOSED] from datanode d394239f-4003-4980-a11f-9e9a96bc4c4f{ip: 192.168.36.113, host: pr-hdds-1982-decom-states-gjzbw-1854142291, networkLocation: /default-rack, certSerialId: null}. Reason : d394239f-4003-4980-a11f-9e9a96bc4c4f has not seen follower/s 08300216-d630-4cd9-aee9-766608000298 for 125119ms c01dc21c-c6d3-4daa-9385-9c828aa890a1 for 125115ms
2019-09-10 19:02:37,050 [EventQueue-PipelineActionsForPipelineActionHandler] INFO  pipeline.SCMPipelineManager (SCMPipelineManager.java:finalizeAndDestroyPipeline(311)) - destroying pipeline:Pipeline[ Id: 51ee26b8-1336-4450-8264-996c1a0a52d8, Nodes: c01dc21c-c6d3-4daa-9385-9c828aa890a1{ip: 192.168.36.113, host: pr-hdds-1982-decom-states-gjzbw-1854142291, networkLocation: /default-rack, certSerialId: null}08300216-d630-4cd9-aee9-766608000298{ip: 192.168.36.113, host: pr-hdds-1982-decom-states-gjzbw-1854142291, networkLocation: /default-rack, certSerialId: null}d394239f-4003-4980-a11f-9e9a96bc4c4f{ip: 192.168.36.113, host: pr-hdds-1982-decom-states-gjzbw-1854142291, networkLocation: /default-rack, certSerialId: null}, Type:RATIS, Factor:THREE, State:CLOSED]
2019-09-10 19:02:37,053 [java.util.concurrent.ThreadPoolExecutor$Worker@753f42ff[State = -1, empty queue]] WARN  server.GrpcLogAppender (GrpcLogAppender.java:timeoutAppendRequest(200)) - d394239f-4003-4980-a11f-9e9a96bc4c4f@group-996C1A0A52D8->08300216-d630-4cd9-aee9-766608000298-GrpcLogAppender: appendEntries Timeout, request=d394239f-4003-4980-a11f-9e9a96bc4c4f->08300216-d630-4cd9-aee9-766608000298#143-t2, previous=(t:2, i:18), leaderCommit=12, initializing? false, entries: size=1, first=(t:2, i:19), STATEMACHINELOGENTRY, client-3178486D908C, cid=6
2019-09-10 19:02:37,053 [java.util.concurrent.ThreadPoolExecutor$Worker@6afaa2aa[State = -1, empty queue]] WARN  server.GrpcLogAppender (GrpcLogAppender.java:timeoutAppendRequest(200)) - d394239f-4003-4980-a11f-9e9a96bc4c4f@group-996C1A0A52D8->c01dc21c-c6d3-4daa-9385-9c828aa890a1-GrpcLogAppender: appendEntries Timeout, request=d394239f-4003-4980-a11f-9e9a96bc4c4f->c01dc21c-c6d3-4daa-9385-9c828aa890a1#143-t2, previous=(t:2, i:18), leaderCommit=12, initializing? false, entries: size=1, first=(t:2, i:19), STATEMACHINELOGENTRY, client-3178486D908C, cid=6
2019-09-10 19:02:37,805 [grpc-default-executor-6] INFO  client.GrpcClientProtocolClient (GrpcClientProtocolClient.java:onNext(264)) - client-4EEF7FFC2E17->08300216-d630-4cd9-aee9-766608000298: receive RaftClientReply:client-4EEF7FFC2E17->08300216-d630-4cd9-aee9-766608000298@group-996C1A0A52D8, cid=33, FAILED org.apache.ratis.protocol.NotLeaderException: Server 08300216-d630-4cd9-aee9-766608000298@group-996C1A0A52D8 is not the leader d394239f-4003-4980-a11f-9e9a96bc4c4f:192.168.36.113:33987, logIndex=0, commits[08300216-d630-4cd9-aee9-766608000298:c12, d394239f-4003-4980-a11f-9e9a96bc4c4f:c12, c01dc21c-c6d3-4daa-9385-9c828aa890a1:c10]
2019-09-10 19:02:39,055 [org.apache.ratis.server.impl.LogAppender$AppenderDaemon$$Lambda$505/327848963@1e066850] ERROR ratis.XceiverServerRatis (XceiverServerRatis.java:triggerPipelineClose(568)) - pipeline Action CLOSE  on pipeline PipelineID=51ee26b8-1336-4450-8264-996c1a0a52d8.Reason : d394239f-4003-4980-a11f-9e9a96bc4c4f has not seen follower/s 08300216-d630-4cd9-aee9-766608000298 for 127620ms c01dc21c-c6d3-4daa-9385-9c828aa890a1 for 127616ms
2019-09-10 19:02:39,055 [org.apache.ratis.server.impl.LogAppender$AppenderDaemon$$Lambda$505/327848963@5d0c1f7] ERROR ratis.XceiverServerRatis (XceiverServerRatis.java:triggerPipelineClose(568)) - pipeline Action CLOSE  on pipeline PipelineID=51ee26b8-1336-4450-8264-996c1a0a52d8.Reason : d394239f-4003-4980-a11f-9e9a96bc4c4f has not seen follower/s 08300216-d630-4cd9-aee9-766608000298 for 127620ms c01dc21c-c6d3-4daa-9385-9c828aa890a1 for 127616ms
2019-09-10 19:02:39,553 [java.util.concurrent.ThreadPoolExecutor$Worker@6afaa2aa[State = -1, empty queue]] WARN  server.GrpcLogAppender (GrpcLogAppender.java:timeoutAppendRequest(200)) - d394239f-4003-4980-a11f-9e9a96bc4c4f@group-996C1A0A52D8->c01dc21c-c6d3-4daa-9385-9c828aa890a1-GrpcLogAppender: appendEntries Timeout, request=d394239f-4003-4980-a11f-9e9a96bc4c4f->c01dc21c-c6d3-4daa-9385-9c828aa890a1#144-t2, previous=(t:2, i:19), leaderCommit=12, initializing? false, entries: <empty>
2019-09-10 19:02:39,554 [java.util.concurrent.ThreadPoolExecutor$Worker@753f42ff[State = -1, empty queue]] WARN  server.GrpcLogAppender (GrpcLogAppender.java:timeoutAppendRequest(200)) - d394239f-4003-4980-a11f-9e9a96bc4c4f@group-996C1A0A52D8->08300216-d630-4cd9-aee9-766608000298-GrpcLogAppender: appendEntries Timeout, request=d394239f-4003-4980-a11f-9e9a96bc4c4f->08300216-d630-4cd9-aee9-766608000298#144-t2, previous=(t:2, i:19), leaderCommit=12, initializing? false, entries: <empty>
2019-09-10 19:02:40,052 [EventQueue-PipelineActionsForPipelineActionHandler] ERROR pipeline.PipelineActionHandler (PipelineActionHandler.java:onMessage(60)) - Received pipeline action CLOSE for Pipeline[ Id: 51ee26b8-1336-4450-8264-996c1a0a52d8, Nodes: c01dc21c-c6d3-4daa-9385-9c828aa890a1{ip: 192.168.36.113, host: pr-hdds-1982-decom-states-gjzbw-1854142291, networkLocation: /default-rack, certSerialId: null}08300216-d630-4cd9-aee9-766608000298{ip: 192.168.36.113, host: pr-hdds-1982-decom-states-gjzbw-1854142291, networkLocation: /default-rack, certSerialId: null}d394239f-4003-4980-a11f-9e9a96bc4c4f{ip: 192.168.36.113, host: pr-hdds-1982-decom-states-gjzbw-1854142291, networkLocation: /default-rack, certSerialId: null}, Type:RATIS, Factor:THREE, State:CLOSED] from datanode d394239f-4003-4980-a11f-9e9a96bc4c4f{ip: 192.168.36.113, host: pr-hdds-1982-decom-states-gjzbw-1854142291, networkLocation: /default-rack, certSerialId: null}. Reason : d394239f-4003-4980-a11f-9e9a96bc4c4f has not seen follower/s 08300216-d630-4cd9-aee9-766608000298 for 127620ms c01dc21c-c6d3-4daa-9385-9c828aa890a1 for 127616ms
2019-09-10 19:02:40,053 [EventQueue-PipelineActionsForPipelineActionHandler] INFO  pipeline.SCMPipelineManager (SCMPipelineManager.java:finalizeAndDestroyPipeline(311)) - destroying pipeline:Pipeline[ Id: 51ee26b8-1336-4450-8264-996c1a0a52d8, Nodes: c01dc21c-c6d3-4daa-9385-9c828aa890a1{ip: 192.168.36.113, host: pr-hdds-1982-decom-states-gjzbw-1854142291, networkLocation: /default-rack, certSerialId: null}08300216-d630-4cd9-aee9-766608000298{ip: 192.168.36.113, host: pr-hdds-1982-decom-states-gjzbw-1854142291, networkLocation: /default-rack, certSerialId: null}d394239f-4003-4980-a11f-9e9a96bc4c4f{ip: 192.168.36.113, host: pr-hdds-1982-decom-states-gjzbw-1854142291, networkLocation: /default-rack, certSerialId: null}, Type:RATIS, Factor:THREE, State:CLOSED]
2019-09-10 19:02:41,557 [org.apache.ratis.server.impl.LogAppender$AppenderDaemon$$Lambda$505/327848963@1e066850] ERROR ratis.XceiverServerRatis (XceiverServerRatis.java:triggerPipelineClose(568)) - pipeline Action CLOSE  on pipeline PipelineID=51ee26b8-1336-4450-8264-996c1a0a52d8.Reason : d394239f-4003-4980-a11f-9e9a96bc4c4f has not seen follower/s 08300216-d630-4cd9-aee9-766608000298 for 130122ms c01dc21c-c6d3-4daa-9385-9c828aa890a1 for 130119ms
2019-09-10 19:02:41,557 [org.apache.ratis.server.impl.LogAppender$AppenderDaemon$$Lambda$505/327848963@5d0c1f7] ERROR ratis.XceiverServerRatis (XceiverServerRatis.java:triggerPipelineClose(568)) - pipeline Action CLOSE  on pipeline PipelineID=51ee26b8-1336-4450-8264-996c1a0a52d8.Reason : d394239f-4003-4980-a11f-9e9a96bc4c4f has not seen follower/s 08300216-d630-4cd9-aee9-766608000298 for 130122ms c01dc21c-c6d3-4daa-9385-9c828aa890a1 for 130119ms
2019-09-10 19:02:41,613 [c01dc21c-c6d3-4daa-9385-9c828aa890a1@group-996C1A0A52D8-SegmentedRaftLogWorker] WARN  segmented.SegmentedRaftLogWorker (SegmentedRaftLogWorker.java:getFromFuture(90)) - Timeout 12/~
org.apache.ratis.protocol.TimeoutIOException: Timeout 10s: WriteLog:13: (t:2, i:13), STATEMACHINELOGENTRY, client-4EEF7FFC2E17, cid=33-writeStateMachineData
	at org.apache.ratis.util.IOUtils.getFromFuture(IOUtils.java:87)
	at org.apache.ratis.server.raftlog.segmented.SegmentedRaftLogWorker$StateMachineDataPolicy.getFromFuture(SegmentedRaftLogWorker.java:87)
	at org.apache.ratis.server.raftlog.segmented.SegmentedRaftLogWorker$WriteLog.execute(SegmentedRaftLogWorker.java:477)
	at org.apache.ratis.server.raftlog.segmented.SegmentedRaftLogWorker.run(SegmentedRaftLogWorker.java:289)
	at java.lang.Thread.run(Thread.java:748)
Caused by: java.util.concurrent.TimeoutException
	at java.util.concurrent.CompletableFuture.timedGet(CompletableFuture.java:1771)
	at java.util.concurrent.CompletableFuture.get(CompletableFuture.java:1915)
	at org.apache.ratis.util.IOUtils.getFromFuture(IOUtils.java:79)
	... 4 more
2019-09-10 19:02:41,633 [08300216-d630-4cd9-aee9-766608000298@group-996C1A0A52D8-SegmentedRaftLogWorker] WARN  segmented.SegmentedRaftLogWorker (SegmentedRaftLogWorker.java:getFromFuture(90)) - Timeout 12/~
org.apache.ratis.protocol.TimeoutIOException: Timeout 10s: WriteLog:13: (t:2, i:13), STATEMACHINELOGENTRY, client-4EEF7FFC2E17, cid=33-writeStateMachineData
	at org.apache.ratis.util.IOUtils.getFromFuture(IOUtils.java:87)
	at org.apache.ratis.server.raftlog.segmented.SegmentedRaftLogWorker$StateMachineDataPolicy.getFromFuture(SegmentedRaftLogWorker.java:87)
	at org.apache.ratis.server.raftlog.segmented.SegmentedRaftLogWorker$WriteLog.execute(SegmentedRaftLogWorker.java:477)
	at org.apache.ratis.server.raftlog.segmented.SegmentedRaftLogWorker.run(SegmentedRaftLogWorker.java:289)
	at java.lang.Thread.run(Thread.java:748)
Caused by: java.util.concurrent.TimeoutException
	at java.util.concurrent.CompletableFuture.timedGet(CompletableFuture.java:1771)
	at java.util.concurrent.CompletableFuture.get(CompletableFuture.java:1915)
	at org.apache.ratis.util.IOUtils.getFromFuture(IOUtils.java:79)
	... 4 more
2019-09-10 19:02:41,901 [d394239f-4003-4980-a11f-9e9a96bc4c4f@group-996C1A0A52D8-SegmentedRaftLogWorker] WARN  segmented.SegmentedRaftLogWorker (SegmentedRaftLogWorker.java:getFromFuture(90)) - Timeout 12/~
org.apache.ratis.protocol.TimeoutIOException: Timeout 10s: WriteLog:16: (t:2, i:16), STATEMACHINELOGENTRY, client-4EEF7FFC2E17, cid=36-writeStateMachineData
	at org.apache.ratis.util.IOUtils.getFromFuture(IOUtils.java:87)
	at org.apache.ratis.server.raftlog.segmented.SegmentedRaftLogWorker$StateMachineDataPolicy.getFromFuture(SegmentedRaftLogWorker.java:87)
	at org.apache.ratis.server.raftlog.segmented.SegmentedRaftLogWorker$WriteLog.execute(SegmentedRaftLogWorker.java:477)
	at org.apache.ratis.server.raftlog.segmented.SegmentedRaftLogWorker.run(SegmentedRaftLogWorker.java:289)
	at java.lang.Thread.run(Thread.java:748)
Caused by: java.util.concurrent.TimeoutException
	at java.util.concurrent.CompletableFuture.timedGet(CompletableFuture.java:1771)
	at java.util.concurrent.CompletableFuture.get(CompletableFuture.java:1915)
	at org.apache.ratis.util.IOUtils.getFromFuture(IOUtils.java:79)
	... 4 more
2019-09-10 19:02:42,053 [EventQueue-PipelineActionsForPipelineActionHandler] ERROR pipeline.PipelineActionHandler (PipelineActionHandler.java:onMessage(60)) - Received pipeline action CLOSE for Pipeline[ Id: 51ee26b8-1336-4450-8264-996c1a0a52d8, Nodes: c01dc21c-c6d3-4daa-9385-9c828aa890a1{ip: 192.168.36.113, host: pr-hdds-1982-decom-states-gjzbw-1854142291, networkLocation: /default-rack, certSerialId: null}08300216-d630-4cd9-aee9-766608000298{ip: 192.168.36.113, host: pr-hdds-1982-decom-states-gjzbw-1854142291, networkLocation: /default-rack, certSerialId: null}d394239f-4003-4980-a11f-9e9a96bc4c4f{ip: 192.168.36.113, host: pr-hdds-1982-decom-states-gjzbw-1854142291, networkLocation: /default-rack, certSerialId: null}, Type:RATIS, Factor:THREE, State:CLOSED] from datanode d394239f-4003-4980-a11f-9e9a96bc4c4f{ip: 192.168.36.113, host: pr-hdds-1982-decom-states-gjzbw-1854142291, networkLocation: /default-rack, certSerialId: null}. Reason : d394239f-4003-4980-a11f-9e9a96bc4c4f has not seen follower/s 08300216-d630-4cd9-aee9-766608000298 for 130122ms c01dc21c-c6d3-4daa-9385-9c828aa890a1 for 130119ms
2019-09-10 19:02:42,053 [EventQueue-PipelineActionsForPipelineActionHandler] INFO  pipeline.SCMPipelineManager (SCMPipelineManager.java:finalizeAndDestroyPipeline(311)) - destroying pipeline:Pipeline[ Id: 51ee26b8-1336-4450-8264-996c1a0a52d8, Nodes: c01dc21c-c6d3-4daa-9385-9c828aa890a1{ip: 192.168.36.113, host: pr-hdds-1982-decom-states-gjzbw-1854142291, networkLocation: /default-rack, certSerialId: null}08300216-d630-4cd9-aee9-766608000298{ip: 192.168.36.113, host: pr-hdds-1982-decom-states-gjzbw-1854142291, networkLocation: /default-rack, certSerialId: null}d394239f-4003-4980-a11f-9e9a96bc4c4f{ip: 192.168.36.113, host: pr-hdds-1982-decom-states-gjzbw-1854142291, networkLocation: /default-rack, certSerialId: null}, Type:RATIS, Factor:THREE, State:CLOSED]
2019-09-10 19:02:42,055 [java.util.concurrent.ThreadPoolExecutor$Worker@753f42ff[State = -1, empty queue]] WARN  server.GrpcLogAppender (GrpcLogAppender.java:timeoutAppendRequest(200)) - d394239f-4003-4980-a11f-9e9a96bc4c4f@group-996C1A0A52D8->08300216-d630-4cd9-aee9-766608000298-GrpcLogAppender: appendEntries Timeout, request=d394239f-4003-4980-a11f-9e9a96bc4c4f->08300216-d630-4cd9-aee9-766608000298#145-t2, previous=(t:2, i:19), leaderCommit=12, initializing? false, entries: <empty>
2019-09-10 19:02:42,055 [java.util.concurrent.ThreadPoolExecutor$Worker@6afaa2aa[State = -1, empty queue]] WARN  server.GrpcLogAppender (GrpcLogAppender.java:timeoutAppendRequest(200)) - d394239f-4003-4980-a11f-9e9a96bc4c4f@group-996C1A0A52D8->c01dc21c-c6d3-4daa-9385-9c828aa890a1-GrpcLogAppender: appendEntries Timeout, request=d394239f-4003-4980-a11f-9e9a96bc4c4f->c01dc21c-c6d3-4daa-9385-9c828aa890a1#145-t2, previous=(t:2, i:19), leaderCommit=12, initializing? false, entries: <empty>
2019-09-10 19:02:42,862 [grpc-default-executor-6] INFO  client.GrpcClientProtocolClient (GrpcClientProtocolClient.java:onNext(264)) - client-4EEF7FFC2E17->c01dc21c-c6d3-4daa-9385-9c828aa890a1: receive RaftClientReply:client-4EEF7FFC2E17->c01dc21c-c6d3-4daa-9385-9c828aa890a1@group-996C1A0A52D8, cid=33, FAILED org.apache.ratis.protocol.NotLeaderException: Server c01dc21c-c6d3-4daa-9385-9c828aa890a1@group-996C1A0A52D8 is not the leader d394239f-4003-4980-a11f-9e9a96bc4c4f:192.168.36.113:33987, logIndex=0, commits[c01dc21c-c6d3-4daa-9385-9c828aa890a1:c12, d394239f-4003-4980-a11f-9e9a96bc4c4f:c12, 08300216-d630-4cd9-aee9-766608000298:c10]
2019-09-10 19:02:44,057 [org.apache.ratis.server.impl.LogAppender$AppenderDaemon$$Lambda$505/327848963@1e066850] ERROR ratis.XceiverServerRatis (XceiverServerRatis.java:triggerPipelineClose(568)) - pipeline Action CLOSE  on pipeline PipelineID=51ee26b8-1336-4450-8264-996c1a0a52d8.Reason : d394239f-4003-4980-a11f-9e9a96bc4c4f has not seen follower/s 08300216-d630-4cd9-aee9-766608000298 for 132622ms c01dc21c-c6d3-4daa-9385-9c828aa890a1 for 132619ms
2019-09-10 19:02:44,057 [org.apache.ratis.server.impl.LogAppender$AppenderDaemon$$Lambda$505/327848963@5d0c1f7] ERROR ratis.XceiverServerRatis (XceiverServerRatis.java:triggerPipelineClose(568)) - pipeline Action CLOSE  on pipeline PipelineID=51ee26b8-1336-4450-8264-996c1a0a52d8.Reason : d394239f-4003-4980-a11f-9e9a96bc4c4f has not seen follower/s 08300216-d630-4cd9-aee9-766608000298 for 132622ms c01dc21c-c6d3-4daa-9385-9c828aa890a1 for 132619ms
2019-09-10 19:02:44,557 [java.util.concurrent.ThreadPoolExecutor$Worker@6afaa2aa[State = -1, empty queue]] WARN  server.GrpcLogAppender (GrpcLogAppender.java:timeoutAppendRequest(200)) - d394239f-4003-4980-a11f-9e9a96bc4c4f@group-996C1A0A52D8->c01dc21c-c6d3-4daa-9385-9c828aa890a1-GrpcLogAppender: appendEntries Timeout, request=d394239f-4003-4980-a11f-9e9a96bc4c4f->c01dc21c-c6d3-4daa-9385-9c828aa890a1#146-t2, previous=(t:2, i:19), leaderCommit=12, initializing? false, entries: <empty>
2019-09-10 19:02:44,557 [java.util.concurrent.ThreadPoolExecutor$Worker@753f42ff[State = -1, empty queue]] WARN  server.GrpcLogAppender (GrpcLogAppender.java:timeoutAppendRequest(200)) - d394239f-4003-4980-a11f-9e9a96bc4c4f@group-996C1A0A52D8->08300216-d630-4cd9-aee9-766608000298-GrpcLogAppender: appendEntries Timeout, request=d394239f-4003-4980-a11f-9e9a96bc4c4f->08300216-d630-4cd9-aee9-766608000298#146-t2, previous=(t:2, i:19), leaderCommit=12, initializing? false, entries: <empty>
2019-09-10 19:02:45,053 [EventQueue-PipelineActionsForPipelineActionHandler] ERROR pipeline.PipelineActionHandler (PipelineActionHandler.java:onMessage(60)) - Received pipeline action CLOSE for Pipeline[ Id: 51ee26b8-1336-4450-8264-996c1a0a52d8, Nodes: c01dc21c-c6d3-4daa-9385-9c828aa890a1{ip: 192.168.36.113, host: pr-hdds-1982-decom-states-gjzbw-1854142291, networkLocation: /default-rack, certSerialId: null}08300216-d630-4cd9-aee9-766608000298{ip: 192.168.36.113, host: pr-hdds-1982-decom-states-gjzbw-1854142291, networkLocation: /default-rack, certSerialId: null}d394239f-4003-4980-a11f-9e9a96bc4c4f{ip: 192.168.36.113, host: pr-hdds-1982-decom-states-gjzbw-1854142291, networkLocation: /default-rack, certSerialId: null}, Type:RATIS, Factor:THREE, State:CLOSED] from datanode d394239f-4003-4980-a11f-9e9a96bc4c4f{ip: 192.168.36.113, host: pr-hdds-1982-decom-states-gjzbw-1854142291, networkLocation: /default-rack, certSerialId: null}. Reason : d394239f-4003-4980-a11f-9e9a96bc4c4f has not seen follower/s 08300216-d630-4cd9-aee9-766608000298 for 132622ms c01dc21c-c6d3-4daa-9385-9c828aa890a1 for 132619ms
2019-09-10 19:02:45,054 [EventQueue-PipelineActionsForPipelineActionHandler] INFO  pipeline.SCMPipelineManager (SCMPipelineManager.java:finalizeAndDestroyPipeline(311)) - destroying pipeline:Pipeline[ Id: 51ee26b8-1336-4450-8264-996c1a0a52d8, Nodes: c01dc21c-c6d3-4daa-9385-9c828aa890a1{ip: 192.168.36.113, host: pr-hdds-1982-decom-states-gjzbw-1854142291, networkLocation: /default-rack, certSerialId: null}08300216-d630-4cd9-aee9-766608000298{ip: 192.168.36.113, host: pr-hdds-1982-decom-states-gjzbw-1854142291, networkLocation: /default-rack, certSerialId: null}d394239f-4003-4980-a11f-9e9a96bc4c4f{ip: 192.168.36.113, host: pr-hdds-1982-decom-states-gjzbw-1854142291, networkLocation: /default-rack, certSerialId: null}, Type:RATIS, Factor:THREE, State:CLOSED]
2019-09-10 19:02:46,558 [org.apache.ratis.server.impl.LogAppender$AppenderDaemon$$Lambda$505/327848963@5d0c1f7] ERROR ratis.XceiverServerRatis (XceiverServerRatis.java:triggerPipelineClose(568)) - pipeline Action CLOSE  on pipeline PipelineID=51ee26b8-1336-4450-8264-996c1a0a52d8.Reason : d394239f-4003-4980-a11f-9e9a96bc4c4f has not seen follower/s 08300216-d630-4cd9-aee9-766608000298 for 135123ms c01dc21c-c6d3-4daa-9385-9c828aa890a1 for 135120ms
2019-09-10 19:02:46,558 [org.apache.ratis.server.impl.LogAppender$AppenderDaemon$$Lambda$505/327848963@1e066850] ERROR ratis.XceiverServerRatis (XceiverServerRatis.java:triggerPipelineClose(568)) - pipeline Action CLOSE  on pipeline PipelineID=51ee26b8-1336-4450-8264-996c1a0a52d8.Reason : d394239f-4003-4980-a11f-9e9a96bc4c4f has not seen follower/s 08300216-d630-4cd9-aee9-766608000298 for 135123ms c01dc21c-c6d3-4daa-9385-9c828aa890a1 for 135120ms
2019-09-10 19:02:47,053 [EventQueue-PipelineActionsForPipelineActionHandler] ERROR pipeline.PipelineActionHandler (PipelineActionHandler.java:onMessage(60)) - Received pipeline action CLOSE for Pipeline[ Id: 51ee26b8-1336-4450-8264-996c1a0a52d8, Nodes: c01dc21c-c6d3-4daa-9385-9c828aa890a1{ip: 192.168.36.113, host: pr-hdds-1982-decom-states-gjzbw-1854142291, networkLocation: /default-rack, certSerialId: null}08300216-d630-4cd9-aee9-766608000298{ip: 192.168.36.113, host: pr-hdds-1982-decom-states-gjzbw-1854142291, networkLocation: /default-rack, certSerialId: null}d394239f-4003-4980-a11f-9e9a96bc4c4f{ip: 192.168.36.113, host: pr-hdds-1982-decom-states-gjzbw-1854142291, networkLocation: /default-rack, certSerialId: null}, Type:RATIS, Factor:THREE, State:CLOSED] from datanode d394239f-4003-4980-a11f-9e9a96bc4c4f{ip: 192.168.36.113, host: pr-hdds-1982-decom-states-gjzbw-1854142291, networkLocation: /default-rack, certSerialId: null}. Reason : d394239f-4003-4980-a11f-9e9a96bc4c4f has not seen follower/s 08300216-d630-4cd9-aee9-766608000298 for 135123ms c01dc21c-c6d3-4daa-9385-9c828aa890a1 for 135120ms
2019-09-10 19:02:47,053 [EventQueue-PipelineActionsForPipelineActionHandler] INFO  pipeline.SCMPipelineManager (SCMPipelineManager.java:finalizeAndDestroyPipeline(311)) - destroying pipeline:Pipeline[ Id: 51ee26b8-1336-4450-8264-996c1a0a52d8, Nodes: c01dc21c-c6d3-4daa-9385-9c828aa890a1{ip: 192.168.36.113, host: pr-hdds-1982-decom-states-gjzbw-1854142291, networkLocation: /default-rack, certSerialId: null}08300216-d630-4cd9-aee9-766608000298{ip: 192.168.36.113, host: pr-hdds-1982-decom-states-gjzbw-1854142291, networkLocation: /default-rack, certSerialId: null}d394239f-4003-4980-a11f-9e9a96bc4c4f{ip: 192.168.36.113, host: pr-hdds-1982-decom-states-gjzbw-1854142291, networkLocation: /default-rack, certSerialId: null}, Type:RATIS, Factor:THREE, State:CLOSED]
2019-09-10 19:02:47,057 [java.util.concurrent.ThreadPoolExecutor$Worker@6afaa2aa[State = -1, empty queue]] WARN  server.GrpcLogAppender (GrpcLogAppender.java:timeoutAppendRequest(200)) - d394239f-4003-4980-a11f-9e9a96bc4c4f@group-996C1A0A52D8->c01dc21c-c6d3-4daa-9385-9c828aa890a1-GrpcLogAppender: appendEntries Timeout, request=d394239f-4003-4980-a11f-9e9a96bc4c4f->c01dc21c-c6d3-4daa-9385-9c828aa890a1#147-t2, previous=(t:2, i:19), leaderCommit=12, initializing? false, entries: <empty>
2019-09-10 19:02:47,057 [java.util.concurrent.ThreadPoolExecutor$Worker@753f42ff[State = -1, empty queue]] WARN  server.GrpcLogAppender (GrpcLogAppender.java:timeoutAppendRequest(200)) - d394239f-4003-4980-a11f-9e9a96bc4c4f@group-996C1A0A52D8->08300216-d630-4cd9-aee9-766608000298-GrpcLogAppender: appendEntries Timeout, request=d394239f-4003-4980-a11f-9e9a96bc4c4f->08300216-d630-4cd9-aee9-766608000298#147-t2, previous=(t:2, i:19), leaderCommit=12, initializing? false, entries: <empty>
2019-09-10 19:02:47,897 [grpc-default-executor-6] INFO  client.GrpcClientProtocolClient (GrpcClientProtocolClient.java:onNext(264)) - client-4EEF7FFC2E17->08300216-d630-4cd9-aee9-766608000298: receive RaftClientReply:client-4EEF7FFC2E17->08300216-d630-4cd9-aee9-766608000298@group-996C1A0A52D8, cid=33, FAILED org.apache.ratis.protocol.NotLeaderException: Server 08300216-d630-4cd9-aee9-766608000298@group-996C1A0A52D8 is not the leader d394239f-4003-4980-a11f-9e9a96bc4c4f:192.168.36.113:33987, logIndex=0, commits[08300216-d630-4cd9-aee9-766608000298:c12, d394239f-4003-4980-a11f-9e9a96bc4c4f:c12, c01dc21c-c6d3-4daa-9385-9c828aa890a1:c10]
2019-09-10 19:02:49,059 [org.apache.ratis.server.impl.LogAppender$AppenderDaemon$$Lambda$505/327848963@5d0c1f7] ERROR ratis.XceiverServerRatis (XceiverServerRatis.java:triggerPipelineClose(568)) - pipeline Action CLOSE  on pipeline PipelineID=51ee26b8-1336-4450-8264-996c1a0a52d8.Reason : d394239f-4003-4980-a11f-9e9a96bc4c4f has not seen follower/s 08300216-d630-4cd9-aee9-766608000298 for 137624ms c01dc21c-c6d3-4daa-9385-9c828aa890a1 for 137621ms
2019-09-10 19:02:49,059 [org.apache.ratis.server.impl.LogAppender$AppenderDaemon$$Lambda$505/327848963@1e066850] ERROR ratis.XceiverServerRatis (XceiverServerRatis.java:triggerPipelineClose(568)) - pipeline Action CLOSE  on pipeline PipelineID=51ee26b8-1336-4450-8264-996c1a0a52d8.Reason : d394239f-4003-4980-a11f-9e9a96bc4c4f has not seen follower/s 08300216-d630-4cd9-aee9-766608000298 for 137624ms c01dc21c-c6d3-4daa-9385-9c828aa890a1 for 137621ms
2019-09-10 19:02:49,558 [java.util.concurrent.ThreadPoolExecutor$Worker@753f42ff[State = -1, empty queue]] WARN  server.GrpcLogAppender (GrpcLogAppender.java:timeoutAppendRequest(200)) - d394239f-4003-4980-a11f-9e9a96bc4c4f@group-996C1A0A52D8->08300216-d630-4cd9-aee9-766608000298-GrpcLogAppender: appendEntries Timeout, request=d394239f-4003-4980-a11f-9e9a96bc4c4f->08300216-d630-4cd9-aee9-766608000298#148-t2, previous=(t:2, i:19), leaderCommit=12, initializing? false, entries: <empty>
2019-09-10 19:02:49,558 [java.util.concurrent.ThreadPoolExecutor$Worker@6afaa2aa[State = -1, empty queue]] WARN  server.GrpcLogAppender (GrpcLogAppender.java:timeoutAppendRequest(200)) - d394239f-4003-4980-a11f-9e9a96bc4c4f@group-996C1A0A52D8->c01dc21c-c6d3-4daa-9385-9c828aa890a1-GrpcLogAppender: appendEntries Timeout, request=d394239f-4003-4980-a11f-9e9a96bc4c4f->c01dc21c-c6d3-4daa-9385-9c828aa890a1#148-t2, previous=(t:2, i:19), leaderCommit=12, initializing? false, entries: <empty>
2019-09-10 19:02:50,053 [EventQueue-PipelineActionsForPipelineActionHandler] ERROR pipeline.PipelineActionHandler (PipelineActionHandler.java:onMessage(60)) - Received pipeline action CLOSE for Pipeline[ Id: 51ee26b8-1336-4450-8264-996c1a0a52d8, Nodes: c01dc21c-c6d3-4daa-9385-9c828aa890a1{ip: 192.168.36.113, host: pr-hdds-1982-decom-states-gjzbw-1854142291, networkLocation: /default-rack, certSerialId: null}08300216-d630-4cd9-aee9-766608000298{ip: 192.168.36.113, host: pr-hdds-1982-decom-states-gjzbw-1854142291, networkLocation: /default-rack, certSerialId: null}d394239f-4003-4980-a11f-9e9a96bc4c4f{ip: 192.168.36.113, host: pr-hdds-1982-decom-states-gjzbw-1854142291, networkLocation: /default-rack, certSerialId: null}, Type:RATIS, Factor:THREE, State:CLOSED] from datanode d394239f-4003-4980-a11f-9e9a96bc4c4f{ip: 192.168.36.113, host: pr-hdds-1982-decom-states-gjzbw-1854142291, networkLocation: /default-rack, certSerialId: null}. Reason : d394239f-4003-4980-a11f-9e9a96bc4c4f has not seen follower/s 08300216-d630-4cd9-aee9-766608000298 for 137624ms c01dc21c-c6d3-4daa-9385-9c828aa890a1 for 137621ms
2019-09-10 19:02:50,053 [EventQueue-PipelineActionsForPipelineActionHandler] INFO  pipeline.SCMPipelineManager (SCMPipelineManager.java:finalizeAndDestroyPipeline(311)) - destroying pipeline:Pipeline[ Id: 51ee26b8-1336-4450-8264-996c1a0a52d8, Nodes: c01dc21c-c6d3-4daa-9385-9c828aa890a1{ip: 192.168.36.113, host: pr-hdds-1982-decom-states-gjzbw-1854142291, networkLocation: /default-rack, certSerialId: null}08300216-d630-4cd9-aee9-766608000298{ip: 192.168.36.113, host: pr-hdds-1982-decom-states-gjzbw-1854142291, networkLocation: /default-rack, certSerialId: null}d394239f-4003-4980-a11f-9e9a96bc4c4f{ip: 192.168.36.113, host: pr-hdds-1982-decom-states-gjzbw-1854142291, networkLocation: /default-rack, certSerialId: null}, Type:RATIS, Factor:THREE, State:CLOSED]
2019-09-10 19:02:51,561 [org.apache.ratis.server.impl.LogAppender$AppenderDaemon$$Lambda$505/327848963@5d0c1f7] ERROR ratis.XceiverServerRatis (XceiverServerRatis.java:triggerPipelineClose(568)) - pipeline Action CLOSE  on pipeline PipelineID=51ee26b8-1336-4450-8264-996c1a0a52d8.Reason : d394239f-4003-4980-a11f-9e9a96bc4c4f has not seen follower/s 08300216-d630-4cd9-aee9-766608000298 for 140126ms c01dc21c-c6d3-4daa-9385-9c828aa890a1 for 140122ms
2019-09-10 19:02:51,561 [org.apache.ratis.server.impl.LogAppender$AppenderDaemon$$Lambda$505/327848963@1e066850] ERROR ratis.XceiverServerRatis (XceiverServerRatis.java:triggerPipelineClose(568)) - pipeline Action CLOSE  on pipeline PipelineID=51ee26b8-1336-4450-8264-996c1a0a52d8.Reason : d394239f-4003-4980-a11f-9e9a96bc4c4f has not seen follower/s 08300216-d630-4cd9-aee9-766608000298 for 140126ms c01dc21c-c6d3-4daa-9385-9c828aa890a1 for 140122ms
2019-09-10 19:02:51,614 [c01dc21c-c6d3-4daa-9385-9c828aa890a1@group-996C1A0A52D8-SegmentedRaftLogWorker] WARN  segmented.SegmentedRaftLogWorker (SegmentedRaftLogWorker.java:getFromFuture(90)) - Timeout 13/~
org.apache.ratis.protocol.TimeoutIOException: Timeout 10s: WriteLog:13: (t:2, i:13), STATEMACHINELOGENTRY, client-4EEF7FFC2E17, cid=33-writeStateMachineData
	at org.apache.ratis.util.IOUtils.getFromFuture(IOUtils.java:87)
	at org.apache.ratis.server.raftlog.segmented.SegmentedRaftLogWorker$StateMachineDataPolicy.getFromFuture(SegmentedRaftLogWorker.java:87)
	at org.apache.ratis.server.raftlog.segmented.SegmentedRaftLogWorker$WriteLog.execute(SegmentedRaftLogWorker.java:477)
	at org.apache.ratis.server.raftlog.segmented.SegmentedRaftLogWorker.run(SegmentedRaftLogWorker.java:289)
	at java.lang.Thread.run(Thread.java:748)
Caused by: java.util.concurrent.TimeoutException
	at java.util.concurrent.CompletableFuture.timedGet(CompletableFuture.java:1771)
	at java.util.concurrent.CompletableFuture.get(CompletableFuture.java:1915)
	at org.apache.ratis.util.IOUtils.getFromFuture(IOUtils.java:79)
	... 4 more
2019-09-10 19:02:51,634 [08300216-d630-4cd9-aee9-766608000298@group-996C1A0A52D8-SegmentedRaftLogWorker] WARN  segmented.SegmentedRaftLogWorker (SegmentedRaftLogWorker.java:getFromFuture(90)) - Timeout 13/~
org.apache.ratis.protocol.TimeoutIOException: Timeout 10s: WriteLog:13: (t:2, i:13), STATEMACHINELOGENTRY, client-4EEF7FFC2E17, cid=33-writeStateMachineData
	at org.apache.ratis.util.IOUtils.getFromFuture(IOUtils.java:87)
	at org.apache.ratis.server.raftlog.segmented.SegmentedRaftLogWorker$StateMachineDataPolicy.getFromFuture(SegmentedRaftLogWorker.java:87)
	at org.apache.ratis.server.raftlog.segmented.SegmentedRaftLogWorker$WriteLog.execute(SegmentedRaftLogWorker.java:477)
	at org.apache.ratis.server.raftlog.segmented.SegmentedRaftLogWorker.run(SegmentedRaftLogWorker.java:289)
	at java.lang.Thread.run(Thread.java:748)
Caused by: java.util.concurrent.TimeoutException
	at java.util.concurrent.CompletableFuture.timedGet(CompletableFuture.java:1771)
	at java.util.concurrent.CompletableFuture.get(CompletableFuture.java:1915)
	at org.apache.ratis.util.IOUtils.getFromFuture(IOUtils.java:79)
	... 4 more
2019-09-10 19:02:51,901 [d394239f-4003-4980-a11f-9e9a96bc4c4f@group-996C1A0A52D8-SegmentedRaftLogWorker] WARN  segmented.SegmentedRaftLogWorker (SegmentedRaftLogWorker.java:getFromFuture(90)) - Timeout 13/~
org.apache.ratis.protocol.TimeoutIOException: Timeout 10s: WriteLog:16: (t:2, i:16), STATEMACHINELOGENTRY, client-4EEF7FFC2E17, cid=36-writeStateMachineData
	at org.apache.ratis.util.IOUtils.getFromFuture(IOUtils.java:87)
	at org.apache.ratis.server.raftlog.segmented.SegmentedRaftLogWorker$StateMachineDataPolicy.getFromFuture(SegmentedRaftLogWorker.java:87)
	at org.apache.ratis.server.raftlog.segmented.SegmentedRaftLogWorker$WriteLog.execute(SegmentedRaftLogWorker.java:477)
	at org.apache.ratis.server.raftlog.segmented.SegmentedRaftLogWorker.run(SegmentedRaftLogWorker.java:289)
	at java.lang.Thread.run(Thread.java:748)
Caused by: java.util.concurrent.TimeoutException
	at java.util.concurrent.CompletableFuture.timedGet(CompletableFuture.java:1771)
	at java.util.concurrent.CompletableFuture.get(CompletableFuture.java:1915)
	at org.apache.ratis.util.IOUtils.getFromFuture(IOUtils.java:79)
	... 4 more
2019-09-10 19:02:52,053 [EventQueue-PipelineActionsForPipelineActionHandler] ERROR pipeline.PipelineActionHandler (PipelineActionHandler.java:onMessage(60)) - Received pipeline action CLOSE for Pipeline[ Id: 51ee26b8-1336-4450-8264-996c1a0a52d8, Nodes: c01dc21c-c6d3-4daa-9385-9c828aa890a1{ip: 192.168.36.113, host: pr-hdds-1982-decom-states-gjzbw-1854142291, networkLocation: /default-rack, certSerialId: null}08300216-d630-4cd9-aee9-766608000298{ip: 192.168.36.113, host: pr-hdds-1982-decom-states-gjzbw-1854142291, networkLocation: /default-rack, certSerialId: null}d394239f-4003-4980-a11f-9e9a96bc4c4f{ip: 192.168.36.113, host: pr-hdds-1982-decom-states-gjzbw-1854142291, networkLocation: /default-rack, certSerialId: null}, Type:RATIS, Factor:THREE, State:CLOSED] from datanode d394239f-4003-4980-a11f-9e9a96bc4c4f{ip: 192.168.36.113, host: pr-hdds-1982-decom-states-gjzbw-1854142291, networkLocation: /default-rack, certSerialId: null}. Reason : d394239f-4003-4980-a11f-9e9a96bc4c4f has not seen follower/s 08300216-d630-4cd9-aee9-766608000298 for 140126ms c01dc21c-c6d3-4daa-9385-9c828aa890a1 for 140122ms
2019-09-10 19:02:52,053 [EventQueue-PipelineActionsForPipelineActionHandler] INFO  pipeline.SCMPipelineManager (SCMPipelineManager.java:finalizeAndDestroyPipeline(311)) - destroying pipeline:Pipeline[ Id: 51ee26b8-1336-4450-8264-996c1a0a52d8, Nodes: c01dc21c-c6d3-4daa-9385-9c828aa890a1{ip: 192.168.36.113, host: pr-hdds-1982-decom-states-gjzbw-1854142291, networkLocation: /default-rack, certSerialId: null}08300216-d630-4cd9-aee9-766608000298{ip: 192.168.36.113, host: pr-hdds-1982-decom-states-gjzbw-1854142291, networkLocation: /default-rack, certSerialId: null}d394239f-4003-4980-a11f-9e9a96bc4c4f{ip: 192.168.36.113, host: pr-hdds-1982-decom-states-gjzbw-1854142291, networkLocation: /default-rack, certSerialId: null}, Type:RATIS, Factor:THREE, State:CLOSED]
2019-09-10 19:02:52,059 [java.util.concurrent.ThreadPoolExecutor$Worker@753f42ff[State = -1, empty queue]] WARN  server.GrpcLogAppender (GrpcLogAppender.java:timeoutAppendRequest(200)) - d394239f-4003-4980-a11f-9e9a96bc4c4f@group-996C1A0A52D8->08300216-d630-4cd9-aee9-766608000298-GrpcLogAppender: appendEntries Timeout, request=d394239f-4003-4980-a11f-9e9a96bc4c4f->08300216-d630-4cd9-aee9-766608000298#149-t2, previous=(t:2, i:19), leaderCommit=12, initializing? false, entries: <empty>
2019-09-10 19:02:52,059 [java.util.concurrent.ThreadPoolExecutor$Worker@6afaa2aa[State = -1, empty queue]] WARN  server.GrpcLogAppender (GrpcLogAppender.java:timeoutAppendRequest(200)) - d394239f-4003-4980-a11f-9e9a96bc4c4f@group-996C1A0A52D8->c01dc21c-c6d3-4daa-9385-9c828aa890a1-GrpcLogAppender: appendEntries Timeout, request=d394239f-4003-4980-a11f-9e9a96bc4c4f->c01dc21c-c6d3-4daa-9385-9c828aa890a1#149-t2, previous=(t:2, i:19), leaderCommit=12, initializing? false, entries: <empty>
2019-09-10 19:02:52,943 [grpc-default-executor-6] INFO  client.GrpcClientProtocolClient (GrpcClientProtocolClient.java:onNext(264)) - client-4EEF7FFC2E17->08300216-d630-4cd9-aee9-766608000298: receive RaftClientReply:client-4EEF7FFC2E17->08300216-d630-4cd9-aee9-766608000298@group-996C1A0A52D8, cid=33, FAILED org.apache.ratis.protocol.NotLeaderException: Server 08300216-d630-4cd9-aee9-766608000298@group-996C1A0A52D8 is not the leader d394239f-4003-4980-a11f-9e9a96bc4c4f:192.168.36.113:33987, logIndex=0, commits[08300216-d630-4cd9-aee9-766608000298:c12, d394239f-4003-4980-a11f-9e9a96bc4c4f:c12, c01dc21c-c6d3-4daa-9385-9c828aa890a1:c10]
2019-09-10 19:02:54,063 [org.apache.ratis.server.impl.LogAppender$AppenderDaemon$$Lambda$505/327848963@5d0c1f7] ERROR ratis.XceiverServerRatis (XceiverServerRatis.java:triggerPipelineClose(568)) - pipeline Action CLOSE  on pipeline PipelineID=51ee26b8-1336-4450-8264-996c1a0a52d8.Reason : d394239f-4003-4980-a11f-9e9a96bc4c4f has not seen follower/s 08300216-d630-4cd9-aee9-766608000298 for 142628ms c01dc21c-c6d3-4daa-9385-9c828aa890a1 for 142624ms
2019-09-10 19:02:54,063 [org.apache.ratis.server.impl.LogAppender$AppenderDaemon$$Lambda$505/327848963@1e066850] ERROR ratis.XceiverServerRatis (XceiverServerRatis.java:triggerPipelineClose(568)) - pipeline Action CLOSE  on pipeline PipelineID=51ee26b8-1336-4450-8264-996c1a0a52d8.Reason : d394239f-4003-4980-a11f-9e9a96bc4c4f has not seen follower/s 08300216-d630-4cd9-aee9-766608000298 for 142628ms c01dc21c-c6d3-4daa-9385-9c828aa890a1 for 142624ms
2019-09-10 19:02:54,560 [java.util.concurrent.ThreadPoolExecutor$Worker@6afaa2aa[State = -1, empty queue]] WARN  server.GrpcLogAppender (GrpcLogAppender.java:timeoutAppendRequest(200)) - d394239f-4003-4980-a11f-9e9a96bc4c4f@group-996C1A0A52D8->c01dc21c-c6d3-4daa-9385-9c828aa890a1-GrpcLogAppender: appendEntries Timeout, request=d394239f-4003-4980-a11f-9e9a96bc4c4f->c01dc21c-c6d3-4daa-9385-9c828aa890a1#150-t2, previous=(t:2, i:19), leaderCommit=12, initializing? false, entries: <empty>
2019-09-10 19:02:54,560 [java.util.concurrent.ThreadPoolExecutor$Worker@753f42ff[State = -1, empty queue]] WARN  server.GrpcLogAppender (GrpcLogAppender.java:timeoutAppendRequest(200)) - d394239f-4003-4980-a11f-9e9a96bc4c4f@group-996C1A0A52D8->08300216-d630-4cd9-aee9-766608000298-GrpcLogAppender: appendEntries Timeout, request=d394239f-4003-4980-a11f-9e9a96bc4c4f->08300216-d630-4cd9-aee9-766608000298#150-t2, previous=(t:2, i:19), leaderCommit=12, initializing? false, entries: <empty>
2019-09-10 19:02:55,053 [EventQueue-PipelineActionsForPipelineActionHandler] ERROR pipeline.PipelineActionHandler (PipelineActionHandler.java:onMessage(60)) - Received pipeline action CLOSE for Pipeline[ Id: 51ee26b8-1336-4450-8264-996c1a0a52d8, Nodes: c01dc21c-c6d3-4daa-9385-9c828aa890a1{ip: 192.168.36.113, host: pr-hdds-1982-decom-states-gjzbw-1854142291, networkLocation: /default-rack, certSerialId: null}08300216-d630-4cd9-aee9-766608000298{ip: 192.168.36.113, host: pr-hdds-1982-decom-states-gjzbw-1854142291, networkLocation: /default-rack, certSerialId: null}d394239f-4003-4980-a11f-9e9a96bc4c4f{ip: 192.168.36.113, host: pr-hdds-1982-decom-states-gjzbw-1854142291, networkLocation: /default-rack, certSerialId: null}, Type:RATIS, Factor:THREE, State:CLOSED] from datanode d394239f-4003-4980-a11f-9e9a96bc4c4f{ip: 192.168.36.113, host: pr-hdds-1982-decom-states-gjzbw-1854142291, networkLocation: /default-rack, certSerialId: null}. Reason : d394239f-4003-4980-a11f-9e9a96bc4c4f has not seen follower/s 08300216-d630-4cd9-aee9-766608000298 for 142628ms c01dc21c-c6d3-4daa-9385-9c828aa890a1 for 142624ms
2019-09-10 19:02:55,053 [EventQueue-PipelineActionsForPipelineActionHandler] INFO  pipeline.SCMPipelineManager (SCMPipelineManager.java:finalizeAndDestroyPipeline(311)) - destroying pipeline:Pipeline[ Id: 51ee26b8-1336-4450-8264-996c1a0a52d8, Nodes: c01dc21c-c6d3-4daa-9385-9c828aa890a1{ip: 192.168.36.113, host: pr-hdds-1982-decom-states-gjzbw-1854142291, networkLocation: /default-rack, certSerialId: null}08300216-d630-4cd9-aee9-766608000298{ip: 192.168.36.113, host: pr-hdds-1982-decom-states-gjzbw-1854142291, networkLocation: /default-rack, certSerialId: null}d394239f-4003-4980-a11f-9e9a96bc4c4f{ip: 192.168.36.113, host: pr-hdds-1982-decom-states-gjzbw-1854142291, networkLocation: /default-rack, certSerialId: null}, Type:RATIS, Factor:THREE, State:CLOSED]
2019-09-10 19:02:56,564 [org.apache.ratis.server.impl.LogAppender$AppenderDaemon$$Lambda$505/327848963@1e066850] ERROR ratis.XceiverServerRatis (XceiverServerRatis.java:triggerPipelineClose(568)) - pipeline Action CLOSE  on pipeline PipelineID=51ee26b8-1336-4450-8264-996c1a0a52d8.Reason : d394239f-4003-4980-a11f-9e9a96bc4c4f has not seen follower/s 08300216-d630-4cd9-aee9-766608000298 for 145129ms c01dc21c-c6d3-4daa-9385-9c828aa890a1 for 145126ms
2019-09-10 19:02:56,564 [org.apache.ratis.server.impl.LogAppender$AppenderDaemon$$Lambda$505/327848963@5d0c1f7] ERROR ratis.XceiverServerRatis (XceiverServerRatis.java:triggerPipelineClose(568)) - pipeline Action CLOSE  on pipeline PipelineID=51ee26b8-1336-4450-8264-996c1a0a52d8.Reason : d394239f-4003-4980-a11f-9e9a96bc4c4f has not seen follower/s 08300216-d630-4cd9-aee9-766608000298 for 145129ms c01dc21c-c6d3-4daa-9385-9c828aa890a1 for 145126ms
2019-09-10 19:02:57,053 [EventQueue-PipelineActionsForPipelineActionHandler] ERROR pipeline.PipelineActionHandler (PipelineActionHandler.java:onMessage(60)) - Received pipeline action CLOSE for Pipeline[ Id: 51ee26b8-1336-4450-8264-996c1a0a52d8, Nodes: c01dc21c-c6d3-4daa-9385-9c828aa890a1{ip: 192.168.36.113, host: pr-hdds-1982-decom-states-gjzbw-1854142291, networkLocation: /default-rack, certSerialId: null}08300216-d630-4cd9-aee9-766608000298{ip: 192.168.36.113, host: pr-hdds-1982-decom-states-gjzbw-1854142291, networkLocation: /default-rack, certSerialId: null}d394239f-4003-4980-a11f-9e9a96bc4c4f{ip: 192.168.36.113, host: pr-hdds-1982-decom-states-gjzbw-1854142291, networkLocation: /default-rack, certSerialId: null}, Type:RATIS, Factor:THREE, State:CLOSED] from datanode d394239f-4003-4980-a11f-9e9a96bc4c4f{ip: 192.168.36.113, host: pr-hdds-1982-decom-states-gjzbw-1854142291, networkLocation: /default-rack, certSerialId: null}. Reason : d394239f-4003-4980-a11f-9e9a96bc4c4f has not seen follower/s 08300216-d630-4cd9-aee9-766608000298 for 145129ms c01dc21c-c6d3-4daa-9385-9c828aa890a1 for 145126ms
2019-09-10 19:02:57,054 [EventQueue-PipelineActionsForPipelineActionHandler] INFO  pipeline.SCMPipelineManager (SCMPipelineManager.java:finalizeAndDestroyPipeline(311)) - destroying pipeline:Pipeline[ Id: 51ee26b8-1336-4450-8264-996c1a0a52d8, Nodes: c01dc21c-c6d3-4daa-9385-9c828aa890a1{ip: 192.168.36.113, host: pr-hdds-1982-decom-states-gjzbw-1854142291, networkLocation: /default-rack, certSerialId: null}08300216-d630-4cd9-aee9-766608000298{ip: 192.168.36.113, host: pr-hdds-1982-decom-states-gjzbw-1854142291, networkLocation: /default-rack, certSerialId: null}d394239f-4003-4980-a11f-9e9a96bc4c4f{ip: 192.168.36.113, host: pr-hdds-1982-decom-states-gjzbw-1854142291, networkLocation: /default-rack, certSerialId: null}, Type:RATIS, Factor:THREE, State:CLOSED]
2019-09-10 19:02:57,062 [java.util.concurrent.ThreadPoolExecutor$Worker@6afaa2aa[State = -1, empty queue]] WARN  server.GrpcLogAppender (GrpcLogAppender.java:timeoutAppendRequest(200)) - d394239f-4003-4980-a11f-9e9a96bc4c4f@group-996C1A0A52D8->c01dc21c-c6d3-4daa-9385-9c828aa890a1-GrpcLogAppender: appendEntries Timeout, request=d394239f-4003-4980-a11f-9e9a96bc4c4f->c01dc21c-c6d3-4daa-9385-9c828aa890a1#151-t2, previous=(t:2, i:19), leaderCommit=12, initializing? false, entries: <empty>
2019-09-10 19:02:57,062 [java.util.concurrent.ThreadPoolExecutor$Worker@753f42ff[State = -1, empty queue]] WARN  server.GrpcLogAppender (GrpcLogAppender.java:timeoutAppendRequest(200)) - d394239f-4003-4980-a11f-9e9a96bc4c4f@group-996C1A0A52D8->08300216-d630-4cd9-aee9-766608000298-GrpcLogAppender: appendEntries Timeout, request=d394239f-4003-4980-a11f-9e9a96bc4c4f->08300216-d630-4cd9-aee9-766608000298#151-t2, previous=(t:2, i:19), leaderCommit=12, initializing? false, entries: <empty>
2019-09-10 19:02:57,985 [grpc-default-executor-6] INFO  client.GrpcClientProtocolClient (GrpcClientProtocolClient.java:onNext(264)) - client-4EEF7FFC2E17->c01dc21c-c6d3-4daa-9385-9c828aa890a1: receive RaftClientReply:client-4EEF7FFC2E17->c01dc21c-c6d3-4daa-9385-9c828aa890a1@group-996C1A0A52D8, cid=33, FAILED org.apache.ratis.protocol.NotLeaderException: Server c01dc21c-c6d3-4daa-9385-9c828aa890a1@group-996C1A0A52D8 is not the leader d394239f-4003-4980-a11f-9e9a96bc4c4f:192.168.36.113:33987, logIndex=0, commits[c01dc21c-c6d3-4daa-9385-9c828aa890a1:c12, d394239f-4003-4980-a11f-9e9a96bc4c4f:c12, 08300216-d630-4cd9-aee9-766608000298:c10]
2019-09-10 19:02:59,066 [org.apache.ratis.server.impl.LogAppender$AppenderDaemon$$Lambda$505/327848963@5d0c1f7] ERROR ratis.XceiverServerRatis (XceiverServerRatis.java:triggerPipelineClose(568)) - pipeline Action CLOSE  on pipeline PipelineID=51ee26b8-1336-4450-8264-996c1a0a52d8.Reason : d394239f-4003-4980-a11f-9e9a96bc4c4f has not seen follower/s 08300216-d630-4cd9-aee9-766608000298 for 147630ms c01dc21c-c6d3-4daa-9385-9c828aa890a1 for 147627ms
2019-09-10 19:02:59,066 [org.apache.ratis.server.impl.LogAppender$AppenderDaemon$$Lambda$505/327848963@1e066850] ERROR ratis.XceiverServerRatis (XceiverServerRatis.java:triggerPipelineClose(568)) - pipeline Action CLOSE  on pipeline PipelineID=51ee26b8-1336-4450-8264-996c1a0a52d8.Reason : d394239f-4003-4980-a11f-9e9a96bc4c4f has not seen follower/s 08300216-d630-4cd9-aee9-766608000298 for 147630ms c01dc21c-c6d3-4daa-9385-9c828aa890a1 for 147627ms
2019-09-10 19:02:59,564 [java.util.concurrent.ThreadPoolExecutor$Worker@753f42ff[State = -1, empty queue]] WARN  server.GrpcLogAppender (GrpcLogAppender.java:timeoutAppendRequest(200)) - d394239f-4003-4980-a11f-9e9a96bc4c4f@group-996C1A0A52D8->08300216-d630-4cd9-aee9-766608000298-GrpcLogAppender: appendEntries Timeout, request=d394239f-4003-4980-a11f-9e9a96bc4c4f->08300216-d630-4cd9-aee9-766608000298#152-t2, previous=(t:2, i:19), leaderCommit=12, initializing? false, entries: <empty>
2019-09-10 19:02:59,564 [java.util.concurrent.ThreadPoolExecutor$Worker@6afaa2aa[State = -1, empty queue]] WARN  server.GrpcLogAppender (GrpcLogAppender.java:timeoutAppendRequest(200)) - d394239f-4003-4980-a11f-9e9a96bc4c4f@group-996C1A0A52D8->c01dc21c-c6d3-4daa-9385-9c828aa890a1-GrpcLogAppender: appendEntries Timeout, request=d394239f-4003-4980-a11f-9e9a96bc4c4f->c01dc21c-c6d3-4daa-9385-9c828aa890a1#152-t2, previous=(t:2, i:19), leaderCommit=12, initializing? false, entries: <empty>
2019-09-10 19:03:00,053 [EventQueue-PipelineActionsForPipelineActionHandler] ERROR pipeline.PipelineActionHandler (PipelineActionHandler.java:onMessage(60)) - Received pipeline action CLOSE for Pipeline[ Id: 51ee26b8-1336-4450-8264-996c1a0a52d8, Nodes: c01dc21c-c6d3-4daa-9385-9c828aa890a1{ip: 192.168.36.113, host: pr-hdds-1982-decom-states-gjzbw-1854142291, networkLocation: /default-rack, certSerialId: null}08300216-d630-4cd9-aee9-766608000298{ip: 192.168.36.113, host: pr-hdds-1982-decom-states-gjzbw-1854142291, networkLocation: /default-rack, certSerialId: null}d394239f-4003-4980-a11f-9e9a96bc4c4f{ip: 192.168.36.113, host: pr-hdds-1982-decom-states-gjzbw-1854142291, networkLocation: /default-rack, certSerialId: null}, Type:RATIS, Factor:THREE, State:CLOSED] from datanode d394239f-4003-4980-a11f-9e9a96bc4c4f{ip: 192.168.36.113, host: pr-hdds-1982-decom-states-gjzbw-1854142291, networkLocation: /default-rack, certSerialId: null}. Reason : d394239f-4003-4980-a11f-9e9a96bc4c4f has not seen follower/s 08300216-d630-4cd9-aee9-766608000298 for 147630ms c01dc21c-c6d3-4daa-9385-9c828aa890a1 for 147627ms
2019-09-10 19:03:00,054 [EventQueue-PipelineActionsForPipelineActionHandler] INFO  pipeline.SCMPipelineManager (SCMPipelineManager.java:finalizeAndDestroyPipeline(311)) - destroying pipeline:Pipeline[ Id: 51ee26b8-1336-4450-8264-996c1a0a52d8, Nodes: c01dc21c-c6d3-4daa-9385-9c828aa890a1{ip: 192.168.36.113, host: pr-hdds-1982-decom-states-gjzbw-1854142291, networkLocation: /default-rack, certSerialId: null}08300216-d630-4cd9-aee9-766608000298{ip: 192.168.36.113, host: pr-hdds-1982-decom-states-gjzbw-1854142291, networkLocation: /default-rack, certSerialId: null}d394239f-4003-4980-a11f-9e9a96bc4c4f{ip: 192.168.36.113, host: pr-hdds-1982-decom-states-gjzbw-1854142291, networkLocation: /default-rack, certSerialId: null}, Type:RATIS, Factor:THREE, State:CLOSED]
2019-09-10 19:03:01,567 [org.apache.ratis.server.impl.LogAppender$AppenderDaemon$$Lambda$505/327848963@5d0c1f7] ERROR ratis.XceiverServerRatis (XceiverServerRatis.java:triggerPipelineClose(568)) - pipeline Action CLOSE  on pipeline PipelineID=51ee26b8-1336-4450-8264-996c1a0a52d8.Reason : d394239f-4003-4980-a11f-9e9a96bc4c4f has not seen follower/s 08300216-d630-4cd9-aee9-766608000298 for 150132ms c01dc21c-c6d3-4daa-9385-9c828aa890a1 for 150128ms
2019-09-10 19:03:01,567 [org.apache.ratis.server.impl.LogAppender$AppenderDaemon$$Lambda$505/327848963@1e066850] ERROR ratis.XceiverServerRatis (XceiverServerRatis.java:triggerPipelineClose(568)) - pipeline Action CLOSE  on pipeline PipelineID=51ee26b8-1336-4450-8264-996c1a0a52d8.Reason : d394239f-4003-4980-a11f-9e9a96bc4c4f has not seen follower/s 08300216-d630-4cd9-aee9-766608000298 for 150132ms c01dc21c-c6d3-4daa-9385-9c828aa890a1 for 150128ms
2019-09-10 19:03:01,616 [c01dc21c-c6d3-4daa-9385-9c828aa890a1@group-996C1A0A52D8-SegmentedRaftLogWorker] WARN  segmented.SegmentedRaftLogWorker (SegmentedRaftLogWorker.java:getFromFuture(90)) - Timeout 14/~
org.apache.ratis.protocol.TimeoutIOException: Timeout 10s: WriteLog:13: (t:2, i:13), STATEMACHINELOGENTRY, client-4EEF7FFC2E17, cid=33-writeStateMachineData
	at org.apache.ratis.util.IOUtils.getFromFuture(IOUtils.java:87)
	at org.apache.ratis.server.raftlog.segmented.SegmentedRaftLogWorker$StateMachineDataPolicy.getFromFuture(SegmentedRaftLogWorker.java:87)
	at org.apache.ratis.server.raftlog.segmented.SegmentedRaftLogWorker$WriteLog.execute(SegmentedRaftLogWorker.java:477)
	at org.apache.ratis.server.raftlog.segmented.SegmentedRaftLogWorker.run(SegmentedRaftLogWorker.java:289)
	at java.lang.Thread.run(Thread.java:748)
Caused by: java.util.concurrent.TimeoutException
	at java.util.concurrent.CompletableFuture.timedGet(CompletableFuture.java:1771)
	at java.util.concurrent.CompletableFuture.get(CompletableFuture.java:1915)
	at org.apache.ratis.util.IOUtils.getFromFuture(IOUtils.java:79)
	... 4 more
2019-09-10 19:03:01,635 [08300216-d630-4cd9-aee9-766608000298@group-996C1A0A52D8-SegmentedRaftLogWorker] WARN  segmented.SegmentedRaftLogWorker (SegmentedRaftLogWorker.java:getFromFuture(90)) - Timeout 14/~
org.apache.ratis.protocol.TimeoutIOException: Timeout 10s: WriteLog:13: (t:2, i:13), STATEMACHINELOGENTRY, client-4EEF7FFC2E17, cid=33-writeStateMachineData
	at org.apache.ratis.util.IOUtils.getFromFuture(IOUtils.java:87)
	at org.apache.ratis.server.raftlog.segmented.SegmentedRaftLogWorker$StateMachineDataPolicy.getFromFuture(SegmentedRaftLogWorker.java:87)
	at org.apache.ratis.server.raftlog.segmented.SegmentedRaftLogWorker$WriteLog.execute(SegmentedRaftLogWorker.java:477)
	at org.apache.ratis.server.raftlog.segmented.SegmentedRaftLogWorker.run(SegmentedRaftLogWorker.java:289)
	at java.lang.Thread.run(Thread.java:748)
Caused by: java.util.concurrent.TimeoutException
	at java.util.concurrent.CompletableFuture.timedGet(CompletableFuture.java:1771)
	at java.util.concurrent.CompletableFuture.get(CompletableFuture.java:1915)
	at org.apache.ratis.util.IOUtils.getFromFuture(IOUtils.java:79)
	... 4 more
2019-09-10 19:03:01,902 [d394239f-4003-4980-a11f-9e9a96bc4c4f@group-996C1A0A52D8-SegmentedRaftLogWorker] WARN  segmented.SegmentedRaftLogWorker (SegmentedRaftLogWorker.java:getFromFuture(90)) - Timeout 14/~
org.apache.ratis.protocol.TimeoutIOException: Timeout 10s: WriteLog:16: (t:2, i:16), STATEMACHINELOGENTRY, client-4EEF7FFC2E17, cid=36-writeStateMachineData
	at org.apache.ratis.util.IOUtils.getFromFuture(IOUtils.java:87)
	at org.apache.ratis.server.raftlog.segmented.SegmentedRaftLogWorker$StateMachineDataPolicy.getFromFuture(SegmentedRaftLogWorker.java:87)
	at org.apache.ratis.server.raftlog.segmented.SegmentedRaftLogWorker$WriteLog.execute(SegmentedRaftLogWorker.java:477)
	at org.apache.ratis.server.raftlog.segmented.SegmentedRaftLogWorker.run(SegmentedRaftLogWorker.java:289)
	at java.lang.Thread.run(Thread.java:748)
Caused by: java.util.concurrent.TimeoutException
	at java.util.concurrent.CompletableFuture.timedGet(CompletableFuture.java:1771)
	at java.util.concurrent.CompletableFuture.get(CompletableFuture.java:1915)
	at org.apache.ratis.util.IOUtils.getFromFuture(IOUtils.java:79)
	... 4 more
2019-09-10 19:03:02,053 [EventQueue-PipelineActionsForPipelineActionHandler] ERROR pipeline.PipelineActionHandler (PipelineActionHandler.java:onMessage(60)) - Received pipeline action CLOSE for Pipeline[ Id: 51ee26b8-1336-4450-8264-996c1a0a52d8, Nodes: c01dc21c-c6d3-4daa-9385-9c828aa890a1{ip: 192.168.36.113, host: pr-hdds-1982-decom-states-gjzbw-1854142291, networkLocation: /default-rack, certSerialId: null}08300216-d630-4cd9-aee9-766608000298{ip: 192.168.36.113, host: pr-hdds-1982-decom-states-gjzbw-1854142291, networkLocation: /default-rack, certSerialId: null}d394239f-4003-4980-a11f-9e9a96bc4c4f{ip: 192.168.36.113, host: pr-hdds-1982-decom-states-gjzbw-1854142291, networkLocation: /default-rack, certSerialId: null}, Type:RATIS, Factor:THREE, State:CLOSED] from datanode d394239f-4003-4980-a11f-9e9a96bc4c4f{ip: 192.168.36.113, host: pr-hdds-1982-decom-states-gjzbw-1854142291, networkLocation: /default-rack, certSerialId: null}. Reason : d394239f-4003-4980-a11f-9e9a96bc4c4f has not seen follower/s 08300216-d630-4cd9-aee9-766608000298 for 150132ms c01dc21c-c6d3-4daa-9385-9c828aa890a1 for 150128ms
2019-09-10 19:03:02,053 [EventQueue-PipelineActionsForPipelineActionHandler] INFO  pipeline.SCMPipelineManager (SCMPipelineManager.java:finalizeAndDestroyPipeline(311)) - destroying pipeline:Pipeline[ Id: 51ee26b8-1336-4450-8264-996c1a0a52d8, Nodes: c01dc21c-c6d3-4daa-9385-9c828aa890a1{ip: 192.168.36.113, host: pr-hdds-1982-decom-states-gjzbw-1854142291, networkLocation: /default-rack, certSerialId: null}08300216-d630-4cd9-aee9-766608000298{ip: 192.168.36.113, host: pr-hdds-1982-decom-states-gjzbw-1854142291, networkLocation: /default-rack, certSerialId: null}d394239f-4003-4980-a11f-9e9a96bc4c4f{ip: 192.168.36.113, host: pr-hdds-1982-decom-states-gjzbw-1854142291, networkLocation: /default-rack, certSerialId: null}, Type:RATIS, Factor:THREE, State:CLOSED]
2019-09-10 19:03:02,065 [java.util.concurrent.ThreadPoolExecutor$Worker@753f42ff[State = -1, empty queue]] WARN  server.GrpcLogAppender (GrpcLogAppender.java:timeoutAppendRequest(200)) - d394239f-4003-4980-a11f-9e9a96bc4c4f@group-996C1A0A52D8->08300216-d630-4cd9-aee9-766608000298-GrpcLogAppender: appendEntries Timeout, request=d394239f-4003-4980-a11f-9e9a96bc4c4f->08300216-d630-4cd9-aee9-766608000298#153-t2, previous=(t:2, i:19), leaderCommit=12, initializing? false, entries: <empty>
2019-09-10 19:03:02,065 [java.util.concurrent.ThreadPoolExecutor$Worker@6afaa2aa[State = -1, empty queue]] WARN  server.GrpcLogAppender (GrpcLogAppender.java:timeoutAppendRequest(200)) - d394239f-4003-4980-a11f-9e9a96bc4c4f@group-996C1A0A52D8->c01dc21c-c6d3-4daa-9385-9c828aa890a1-GrpcLogAppender: appendEntries Timeout, request=d394239f-4003-4980-a11f-9e9a96bc4c4f->c01dc21c-c6d3-4daa-9385-9c828aa890a1#153-t2, previous=(t:2, i:19), leaderCommit=12, initializing? false, entries: <empty>
2019-09-10 19:03:03,049 [grpc-default-executor-4] INFO  client.GrpcClientProtocolClient (GrpcClientProtocolClient.java:onNext(264)) - client-4EEF7FFC2E17->08300216-d630-4cd9-aee9-766608000298: receive RaftClientReply:client-4EEF7FFC2E17->08300216-d630-4cd9-aee9-766608000298@group-996C1A0A52D8, cid=33, FAILED org.apache.ratis.protocol.NotLeaderException: Server 08300216-d630-4cd9-aee9-766608000298@group-996C1A0A52D8 is not the leader d394239f-4003-4980-a11f-9e9a96bc4c4f:192.168.36.113:33987, logIndex=0, commits[08300216-d630-4cd9-aee9-766608000298:c12, d394239f-4003-4980-a11f-9e9a96bc4c4f:c12, c01dc21c-c6d3-4daa-9385-9c828aa890a1:c10]
2019-09-10 19:03:04,068 [org.apache.ratis.server.impl.LogAppender$AppenderDaemon$$Lambda$505/327848963@5d0c1f7] ERROR ratis.XceiverServerRatis (XceiverServerRatis.java:triggerPipelineClose(568)) - pipeline Action CLOSE  on pipeline PipelineID=51ee26b8-1336-4450-8264-996c1a0a52d8.Reason : d394239f-4003-4980-a11f-9e9a96bc4c4f has not seen follower/s 08300216-d630-4cd9-aee9-766608000298 for 152633ms c01dc21c-c6d3-4daa-9385-9c828aa890a1 for 152629ms
2019-09-10 19:03:04,068 [org.apache.ratis.server.impl.LogAppender$AppenderDaemon$$Lambda$505/327848963@1e066850] ERROR ratis.XceiverServerRatis (XceiverServerRatis.java:triggerPipelineClose(568)) - pipeline Action CLOSE  on pipeline PipelineID=51ee26b8-1336-4450-8264-996c1a0a52d8.Reason : d394239f-4003-4980-a11f-9e9a96bc4c4f has not seen follower/s 08300216-d630-4cd9-aee9-766608000298 for 152633ms c01dc21c-c6d3-4daa-9385-9c828aa890a1 for 152629ms
2019-09-10 19:03:04,566 [java.util.concurrent.ThreadPoolExecutor$Worker@6afaa2aa[State = -1, empty queue]] WARN  server.GrpcLogAppender (GrpcLogAppender.java:timeoutAppendRequest(200)) - d394239f-4003-4980-a11f-9e9a96bc4c4f@group-996C1A0A52D8->c01dc21c-c6d3-4daa-9385-9c828aa890a1-GrpcLogAppender: appendEntries Timeout, request=d394239f-4003-4980-a11f-9e9a96bc4c4f->c01dc21c-c6d3-4daa-9385-9c828aa890a1#154-t2, previous=(t:2, i:19), leaderCommit=12, initializing? false, entries: <empty>
2019-09-10 19:03:04,566 [java.util.concurrent.ThreadPoolExecutor$Worker@753f42ff[State = -1, empty queue]] WARN  server.GrpcLogAppender (GrpcLogAppender.java:timeoutAppendRequest(200)) - d394239f-4003-4980-a11f-9e9a96bc4c4f@group-996C1A0A52D8->08300216-d630-4cd9-aee9-766608000298-GrpcLogAppender: appendEntries Timeout, request=d394239f-4003-4980-a11f-9e9a96bc4c4f->08300216-d630-4cd9-aee9-766608000298#154-t2, previous=(t:2, i:19), leaderCommit=12, initializing? false, entries: <empty>
2019-09-10 19:03:05,054 [EventQueue-PipelineActionsForPipelineActionHandler] ERROR pipeline.PipelineActionHandler (PipelineActionHandler.java:onMessage(60)) - Received pipeline action CLOSE for Pipeline[ Id: 51ee26b8-1336-4450-8264-996c1a0a52d8, Nodes: c01dc21c-c6d3-4daa-9385-9c828aa890a1{ip: 192.168.36.113, host: pr-hdds-1982-decom-states-gjzbw-1854142291, networkLocation: /default-rack, certSerialId: null}08300216-d630-4cd9-aee9-766608000298{ip: 192.168.36.113, host: pr-hdds-1982-decom-states-gjzbw-1854142291, networkLocation: /default-rack, certSerialId: null}d394239f-4003-4980-a11f-9e9a96bc4c4f{ip: 192.168.36.113, host: pr-hdds-1982-decom-states-gjzbw-1854142291, networkLocation: /default-rack, certSerialId: null}, Type:RATIS, Factor:THREE, State:CLOSED] from datanode d394239f-4003-4980-a11f-9e9a96bc4c4f{ip: 192.168.36.113, host: pr-hdds-1982-decom-states-gjzbw-1854142291, networkLocation: /default-rack, certSerialId: null}. Reason : d394239f-4003-4980-a11f-9e9a96bc4c4f has not seen follower/s 08300216-d630-4cd9-aee9-766608000298 for 152633ms c01dc21c-c6d3-4daa-9385-9c828aa890a1 for 152629ms
2019-09-10 19:03:05,054 [EventQueue-PipelineActionsForPipelineActionHandler] INFO  pipeline.SCMPipelineManager (SCMPipelineManager.java:finalizeAndDestroyPipeline(311)) - destroying pipeline:Pipeline[ Id: 51ee26b8-1336-4450-8264-996c1a0a52d8, Nodes: c01dc21c-c6d3-4daa-9385-9c828aa890a1{ip: 192.168.36.113, host: pr-hdds-1982-decom-states-gjzbw-1854142291, networkLocation: /default-rack, certSerialId: null}08300216-d630-4cd9-aee9-766608000298{ip: 192.168.36.113, host: pr-hdds-1982-decom-states-gjzbw-1854142291, networkLocation: /default-rack, certSerialId: null}d394239f-4003-4980-a11f-9e9a96bc4c4f{ip: 192.168.36.113, host: pr-hdds-1982-decom-states-gjzbw-1854142291, networkLocation: /default-rack, certSerialId: null}, Type:RATIS, Factor:THREE, State:CLOSED]
2019-09-10 19:03:06,569 [org.apache.ratis.server.impl.LogAppender$AppenderDaemon$$Lambda$505/327848963@5d0c1f7] ERROR ratis.XceiverServerRatis (XceiverServerRatis.java:triggerPipelineClose(568)) - pipeline Action CLOSE  on pipeline PipelineID=51ee26b8-1336-4450-8264-996c1a0a52d8.Reason : d394239f-4003-4980-a11f-9e9a96bc4c4f has not seen follower/s 08300216-d630-4cd9-aee9-766608000298 for 155134ms c01dc21c-c6d3-4daa-9385-9c828aa890a1 for 155131ms
2019-09-10 19:03:06,569 [org.apache.ratis.server.impl.LogAppender$AppenderDaemon$$Lambda$505/327848963@1e066850] ERROR ratis.XceiverServerRatis (XceiverServerRatis.java:triggerPipelineClose(568)) - pipeline Action CLOSE  on pipeline PipelineID=51ee26b8-1336-4450-8264-996c1a0a52d8.Reason : d394239f-4003-4980-a11f-9e9a96bc4c4f has not seen follower/s 08300216-d630-4cd9-aee9-766608000298 for 155134ms c01dc21c-c6d3-4daa-9385-9c828aa890a1 for 155131ms
2019-09-10 19:03:07,054 [EventQueue-PipelineActionsForPipelineActionHandler] ERROR pipeline.PipelineActionHandler (PipelineActionHandler.java:onMessage(60)) - Received pipeline action CLOSE for Pipeline[ Id: 51ee26b8-1336-4450-8264-996c1a0a52d8, Nodes: c01dc21c-c6d3-4daa-9385-9c828aa890a1{ip: 192.168.36.113, host: pr-hdds-1982-decom-states-gjzbw-1854142291, networkLocation: /default-rack, certSerialId: null}08300216-d630-4cd9-aee9-766608000298{ip: 192.168.36.113, host: pr-hdds-1982-decom-states-gjzbw-1854142291, networkLocation: /default-rack, certSerialId: null}d394239f-4003-4980-a11f-9e9a96bc4c4f{ip: 192.168.36.113, host: pr-hdds-1982-decom-states-gjzbw-1854142291, networkLocation: /default-rack, certSerialId: null}, Type:RATIS, Factor:THREE, State:CLOSED] from datanode d394239f-4003-4980-a11f-9e9a96bc4c4f{ip: 192.168.36.113, host: pr-hdds-1982-decom-states-gjzbw-1854142291, networkLocation: /default-rack, certSerialId: null}. Reason : d394239f-4003-4980-a11f-9e9a96bc4c4f has not seen follower/s 08300216-d630-4cd9-aee9-766608000298 for 155134ms c01dc21c-c6d3-4daa-9385-9c828aa890a1 for 155131ms
2019-09-10 19:03:07,054 [EventQueue-PipelineActionsForPipelineActionHandler] INFO  pipeline.SCMPipelineManager (SCMPipelineManager.java:finalizeAndDestroyPipeline(311)) - destroying pipeline:Pipeline[ Id: 51ee26b8-1336-4450-8264-996c1a0a52d8, Nodes: c01dc21c-c6d3-4daa-9385-9c828aa890a1{ip: 192.168.36.113, host: pr-hdds-1982-decom-states-gjzbw-1854142291, networkLocation: /default-rack, certSerialId: null}08300216-d630-4cd9-aee9-766608000298{ip: 192.168.36.113, host: pr-hdds-1982-decom-states-gjzbw-1854142291, networkLocation: /default-rack, certSerialId: null}d394239f-4003-4980-a11f-9e9a96bc4c4f{ip: 192.168.36.113, host: pr-hdds-1982-decom-states-gjzbw-1854142291, networkLocation: /default-rack, certSerialId: null}, Type:RATIS, Factor:THREE, State:CLOSED]
2019-09-10 19:03:07,085 [java.util.concurrent.ThreadPoolExecutor$Worker@6afaa2aa[State = -1, empty queue]] WARN  server.GrpcLogAppender (GrpcLogAppender.java:timeoutAppendRequest(200)) - d394239f-4003-4980-a11f-9e9a96bc4c4f@group-996C1A0A52D8->c01dc21c-c6d3-4daa-9385-9c828aa890a1-GrpcLogAppender: appendEntries Timeout, request=d394239f-4003-4980-a11f-9e9a96bc4c4f->c01dc21c-c6d3-4daa-9385-9c828aa890a1#155-t2, previous=(t:2, i:19), leaderCommit=12, initializing? false, entries: <empty>
2019-09-10 19:03:07,085 [java.util.concurrent.ThreadPoolExecutor$Worker@753f42ff[State = -1, empty queue]] WARN  server.GrpcLogAppender (GrpcLogAppender.java:timeoutAppendRequest(200)) - d394239f-4003-4980-a11f-9e9a96bc4c4f@group-996C1A0A52D8->08300216-d630-4cd9-aee9-766608000298-GrpcLogAppender: appendEntries Timeout, request=d394239f-4003-4980-a11f-9e9a96bc4c4f->08300216-d630-4cd9-aee9-766608000298#155-t2, previous=(t:2, i:19), leaderCommit=12, initializing? false, entries: <empty>
2019-09-10 19:03:08,109 [grpc-default-executor-4] INFO  client.GrpcClientProtocolClient (GrpcClientProtocolClient.java:onNext(264)) - client-4EEF7FFC2E17->c01dc21c-c6d3-4daa-9385-9c828aa890a1: receive RaftClientReply:client-4EEF7FFC2E17->c01dc21c-c6d3-4daa-9385-9c828aa890a1@group-996C1A0A52D8, cid=33, FAILED org.apache.ratis.protocol.NotLeaderException: Server c01dc21c-c6d3-4daa-9385-9c828aa890a1@group-996C1A0A52D8 is not the leader d394239f-4003-4980-a11f-9e9a96bc4c4f:192.168.36.113:33987, logIndex=0, commits[c01dc21c-c6d3-4daa-9385-9c828aa890a1:c12, d394239f-4003-4980-a11f-9e9a96bc4c4f:c12, 08300216-d630-4cd9-aee9-766608000298:c10]
2019-09-10 19:03:09,070 [org.apache.ratis.server.impl.LogAppender$AppenderDaemon$$Lambda$505/327848963@5d0c1f7] ERROR ratis.XceiverServerRatis (XceiverServerRatis.java:triggerPipelineClose(568)) - pipeline Action CLOSE  on pipeline PipelineID=51ee26b8-1336-4450-8264-996c1a0a52d8.Reason : d394239f-4003-4980-a11f-9e9a96bc4c4f has not seen follower/s 08300216-d630-4cd9-aee9-766608000298 for 157635ms c01dc21c-c6d3-4daa-9385-9c828aa890a1 for 157631ms
2019-09-10 19:03:09,070 [org.apache.ratis.server.impl.LogAppender$AppenderDaemon$$Lambda$505/327848963@1e066850] ERROR ratis.XceiverServerRatis (XceiverServerRatis.java:triggerPipelineClose(568)) - pipeline Action CLOSE  on pipeline PipelineID=51ee26b8-1336-4450-8264-996c1a0a52d8.Reason : d394239f-4003-4980-a11f-9e9a96bc4c4f has not seen follower/s 08300216-d630-4cd9-aee9-766608000298 for 157635ms c01dc21c-c6d3-4daa-9385-9c828aa890a1 for 157631ms
2019-09-10 19:03:09,569 [java.util.concurrent.ThreadPoolExecutor$Worker@753f42ff[State = -1, empty queue]] WARN  server.GrpcLogAppender (GrpcLogAppender.java:timeoutAppendRequest(200)) - d394239f-4003-4980-a11f-9e9a96bc4c4f@group-996C1A0A52D8->08300216-d630-4cd9-aee9-766608000298-GrpcLogAppender: appendEntries Timeout, request=d394239f-4003-4980-a11f-9e9a96bc4c4f->08300216-d630-4cd9-aee9-766608000298#156-t2, previous=(t:2, i:19), leaderCommit=12, initializing? false, entries: <empty>
2019-09-10 19:03:09,569 [java.util.concurrent.ThreadPoolExecutor$Worker@6afaa2aa[State = -1, empty queue]] WARN  server.GrpcLogAppender (GrpcLogAppender.java:timeoutAppendRequest(200)) - d394239f-4003-4980-a11f-9e9a96bc4c4f@group-996C1A0A52D8->c01dc21c-c6d3-4daa-9385-9c828aa890a1-GrpcLogAppender: appendEntries Timeout, request=d394239f-4003-4980-a11f-9e9a96bc4c4f->c01dc21c-c6d3-4daa-9385-9c828aa890a1#156-t2, previous=(t:2, i:19), leaderCommit=12, initializing? false, entries: <empty>
2019-09-10 19:03:10,054 [EventQueue-PipelineActionsForPipelineActionHandler] ERROR pipeline.PipelineActionHandler (PipelineActionHandler.java:onMessage(60)) - Received pipeline action CLOSE for Pipeline[ Id: 51ee26b8-1336-4450-8264-996c1a0a52d8, Nodes: c01dc21c-c6d3-4daa-9385-9c828aa890a1{ip: 192.168.36.113, host: pr-hdds-1982-decom-states-gjzbw-1854142291, networkLocation: /default-rack, certSerialId: null}08300216-d630-4cd9-aee9-766608000298{ip: 192.168.36.113, host: pr-hdds-1982-decom-states-gjzbw-1854142291, networkLocation: /default-rack, certSerialId: null}d394239f-4003-4980-a11f-9e9a96bc4c4f{ip: 192.168.36.113, host: pr-hdds-1982-decom-states-gjzbw-1854142291, networkLocation: /default-rack, certSerialId: null}, Type:RATIS, Factor:THREE, State:CLOSED] from datanode d394239f-4003-4980-a11f-9e9a96bc4c4f{ip: 192.168.36.113, host: pr-hdds-1982-decom-states-gjzbw-1854142291, networkLocation: /default-rack, certSerialId: null}. Reason : d394239f-4003-4980-a11f-9e9a96bc4c4f has not seen follower/s 08300216-d630-4cd9-aee9-766608000298 for 157635ms c01dc21c-c6d3-4daa-9385-9c828aa890a1 for 157631ms
2019-09-10 19:03:10,054 [EventQueue-PipelineActionsForPipelineActionHandler] INFO  pipeline.SCMPipelineManager (SCMPipelineManager.java:finalizeAndDestroyPipeline(311)) - destroying pipeline:Pipeline[ Id: 51ee26b8-1336-4450-8264-996c1a0a52d8, Nodes: c01dc21c-c6d3-4daa-9385-9c828aa890a1{ip: 192.168.36.113, host: pr-hdds-1982-decom-states-gjzbw-1854142291, networkLocation: /default-rack, certSerialId: null}08300216-d630-4cd9-aee9-766608000298{ip: 192.168.36.113, host: pr-hdds-1982-decom-states-gjzbw-1854142291, networkLocation: /default-rack, certSerialId: null}d394239f-4003-4980-a11f-9e9a96bc4c4f{ip: 192.168.36.113, host: pr-hdds-1982-decom-states-gjzbw-1854142291, networkLocation: /default-rack, certSerialId: null}, Type:RATIS, Factor:THREE, State:CLOSED]
2019-09-10 19:03:11,570 [org.apache.ratis.server.impl.LogAppender$AppenderDaemon$$Lambda$505/327848963@5d0c1f7] ERROR ratis.XceiverServerRatis (XceiverServerRatis.java:triggerPipelineClose(568)) - pipeline Action CLOSE  on pipeline PipelineID=51ee26b8-1336-4450-8264-996c1a0a52d8.Reason : d394239f-4003-4980-a11f-9e9a96bc4c4f has not seen follower/s 08300216-d630-4cd9-aee9-766608000298 for 160135ms c01dc21c-c6d3-4daa-9385-9c828aa890a1 for 160132ms
2019-09-10 19:03:11,570 [org.apache.ratis.server.impl.LogAppender$AppenderDaemon$$Lambda$505/327848963@1e066850] ERROR ratis.XceiverServerRatis (XceiverServerRatis.java:triggerPipelineClose(568)) - pipeline Action CLOSE  on pipeline PipelineID=51ee26b8-1336-4450-8264-996c1a0a52d8.Reason : d394239f-4003-4980-a11f-9e9a96bc4c4f has not seen follower/s 08300216-d630-4cd9-aee9-766608000298 for 160135ms c01dc21c-c6d3-4daa-9385-9c828aa890a1 for 160132ms
2019-09-10 19:03:11,617 [c01dc21c-c6d3-4daa-9385-9c828aa890a1@group-996C1A0A52D8-SegmentedRaftLogWorker] WARN  segmented.SegmentedRaftLogWorker (SegmentedRaftLogWorker.java:getFromFuture(90)) - Timeout 15/~
org.apache.ratis.protocol.TimeoutIOException: Timeout 10s: WriteLog:13: (t:2, i:13), STATEMACHINELOGENTRY, client-4EEF7FFC2E17, cid=33-writeStateMachineData
	at org.apache.ratis.util.IOUtils.getFromFuture(IOUtils.java:87)
	at org.apache.ratis.server.raftlog.segmented.SegmentedRaftLogWorker$StateMachineDataPolicy.getFromFuture(SegmentedRaftLogWorker.java:87)
	at org.apache.ratis.server.raftlog.segmented.SegmentedRaftLogWorker$WriteLog.execute(SegmentedRaftLogWorker.java:477)
	at org.apache.ratis.server.raftlog.segmented.SegmentedRaftLogWorker.run(SegmentedRaftLogWorker.java:289)
	at java.lang.Thread.run(Thread.java:748)
Caused by: java.util.concurrent.TimeoutException
	at java.util.concurrent.CompletableFuture.timedGet(CompletableFuture.java:1771)
	at java.util.concurrent.CompletableFuture.get(CompletableFuture.java:1915)
	at org.apache.ratis.util.IOUtils.getFromFuture(IOUtils.java:79)
	... 4 more
2019-09-10 19:03:11,635 [08300216-d630-4cd9-aee9-766608000298@group-996C1A0A52D8-SegmentedRaftLogWorker] WARN  segmented.SegmentedRaftLogWorker (SegmentedRaftLogWorker.java:getFromFuture(90)) - Timeout 15/~
org.apache.ratis.protocol.TimeoutIOException: Timeout 10s: WriteLog:13: (t:2, i:13), STATEMACHINELOGENTRY, client-4EEF7FFC2E17, cid=33-writeStateMachineData
	at org.apache.ratis.util.IOUtils.getFromFuture(IOUtils.java:87)
	at org.apache.ratis.server.raftlog.segmented.SegmentedRaftLogWorker$StateMachineDataPolicy.getFromFuture(SegmentedRaftLogWorker.java:87)
	at org.apache.ratis.server.raftlog.segmented.SegmentedRaftLogWorker$WriteLog.execute(SegmentedRaftLogWorker.java:477)
	at org.apache.ratis.server.raftlog.segmented.SegmentedRaftLogWorker.run(SegmentedRaftLogWorker.java:289)
	at java.lang.Thread.run(Thread.java:748)
Caused by: java.util.concurrent.TimeoutException
	at java.util.concurrent.CompletableFuture.timedGet(CompletableFuture.java:1771)
	at java.util.concurrent.CompletableFuture.get(CompletableFuture.java:1915)
	at org.apache.ratis.util.IOUtils.getFromFuture(IOUtils.java:79)
	... 4 more
2019-09-10 19:03:11,903 [d394239f-4003-4980-a11f-9e9a96bc4c4f@group-996C1A0A52D8-SegmentedRaftLogWorker] WARN  segmented.SegmentedRaftLogWorker (SegmentedRaftLogWorker.java:getFromFuture(90)) - Timeout 15/~
org.apache.ratis.protocol.TimeoutIOException: Timeout 10s: WriteLog:16: (t:2, i:16), STATEMACHINELOGENTRY, client-4EEF7FFC2E17, cid=36-writeStateMachineData
	at org.apache.ratis.util.IOUtils.getFromFuture(IOUtils.java:87)
	at org.apache.ratis.server.raftlog.segmented.SegmentedRaftLogWorker$StateMachineDataPolicy.getFromFuture(SegmentedRaftLogWorker.java:87)
	at org.apache.ratis.server.raftlog.segmented.SegmentedRaftLogWorker$WriteLog.execute(SegmentedRaftLogWorker.java:477)
	at org.apache.ratis.server.raftlog.segmented.SegmentedRaftLogWorker.run(SegmentedRaftLogWorker.java:289)
	at java.lang.Thread.run(Thread.java:748)
Caused by: java.util.concurrent.TimeoutException
	at java.util.concurrent.CompletableFuture.timedGet(CompletableFuture.java:1771)
	at java.util.concurrent.CompletableFuture.get(CompletableFuture.java:1915)
	at org.apache.ratis.util.IOUtils.getFromFuture(IOUtils.java:79)
	... 4 more
2019-09-10 19:03:11,985 [grpc-default-executor-2] INFO  impl.RaftServerProxy (RaftServerProxy.java:addNew(89)) - c01dc21c-c6d3-4daa-9385-9c828aa890a1: addNew group-C74863BF0161:[d394239f-4003-4980-a11f-9e9a96bc4c4f:192.168.36.113:33987, 08300216-d630-4cd9-aee9-766608000298:192.168.36.113:34226, c01dc21c-c6d3-4daa-9385-9c828aa890a1:192.168.36.113:38647] returns group-C74863BF0161:java.util.concurrent.CompletableFuture@554fcdb7[Not completed]
2019-09-10 19:03:11,985 [grpc-default-executor-4] INFO  impl.RaftServerProxy (RaftServerProxy.java:addNew(89)) - 08300216-d630-4cd9-aee9-766608000298: addNew group-C74863BF0161:[d394239f-4003-4980-a11f-9e9a96bc4c4f:192.168.36.113:33987, 08300216-d630-4cd9-aee9-766608000298:192.168.36.113:34226, c01dc21c-c6d3-4daa-9385-9c828aa890a1:192.168.36.113:38647] returns group-C74863BF0161:java.util.concurrent.CompletableFuture@15259bfe[Not completed]
2019-09-10 19:03:11,985 [grpc-default-executor-6] INFO  impl.RaftServerProxy (RaftServerProxy.java:addNew(89)) - d394239f-4003-4980-a11f-9e9a96bc4c4f: addNew group-C74863BF0161:[d394239f-4003-4980-a11f-9e9a96bc4c4f:192.168.36.113:33987, 08300216-d630-4cd9-aee9-766608000298:192.168.36.113:34226, c01dc21c-c6d3-4daa-9385-9c828aa890a1:192.168.36.113:38647] returns group-C74863BF0161:java.util.concurrent.CompletableFuture@3da3dc7a[Not completed]
2019-09-10 19:03:11,988 [pool-27-thread-1] INFO  impl.RaftServerImpl (RaftServerImpl.java:<init>(95)) - 08300216-d630-4cd9-aee9-766608000298: new RaftServerImpl for group-C74863BF0161:[d394239f-4003-4980-a11f-9e9a96bc4c4f:192.168.36.113:33987, 08300216-d630-4cd9-aee9-766608000298:192.168.36.113:34226, c01dc21c-c6d3-4daa-9385-9c828aa890a1:192.168.36.113:38647] with ContainerStateMachine:uninitialized
2019-09-10 19:03:11,988 [pool-27-thread-1] INFO  server.RaftServerConfigKeys (ConfUtils.java:logGet(43)) - raft.server.rpc.timeout.min = 5s (custom)
2019-09-10 19:03:11,988 [pool-27-thread-1] INFO  server.RaftServerConfigKeys (ConfUtils.java:logGet(43)) - raft.server.rpc.timeout.max = 5200ms (custom)
2019-09-10 19:03:11,988 [pool-27-thread-1] INFO  server.RaftServerConfigKeys (ConfUtils.java:logGet(43)) - raft.server.rpcslowness.timeout = 120s (custom)
2019-09-10 19:03:11,989 [pool-27-thread-1] INFO  server.RaftServerConfigKeys (ConfUtils.java:logGet(43)) - raft.server.sleep.deviation.threshold = 300 (default)
2019-09-10 19:03:11,989 [pool-27-thread-1] INFO  server.RaftServerConfigKeys (ConfUtils.java:logGet(43)) - raft.server.log.appender.install.snapshot.enabled = false (custom)
2019-09-10 19:03:11,989 [pool-27-thread-1] INFO  impl.RaftServerImpl (ServerState.java:<init>(103)) - 08300216-d630-4cd9-aee9-766608000298@group-C74863BF0161: ConfigurationManager, init=-1: [d394239f-4003-4980-a11f-9e9a96bc4c4f:192.168.36.113:33987, 08300216-d630-4cd9-aee9-766608000298:192.168.36.113:34226, c01dc21c-c6d3-4daa-9385-9c828aa890a1:192.168.36.113:38647], old=null, confs=<EMPTY_MAP>
2019-09-10 19:03:11,989 [pool-27-thread-1] INFO  server.RaftServerConfigKeys (ConfUtils.java:logGet(43)) - raft.server.storage.dir = [/workdir/hadoop-ozone/integration-test/target/test-dir/MiniOzoneClusterImpl-72d52129-3591-4c41-bfb8-19f96584a10d/datanode-0/data/ratis] (custom)
2019-09-10 19:03:11,990 [pool-47-thread-1] INFO  impl.RaftServerImpl (RaftServerImpl.java:<init>(95)) - d394239f-4003-4980-a11f-9e9a96bc4c4f: new RaftServerImpl for group-C74863BF0161:[d394239f-4003-4980-a11f-9e9a96bc4c4f:192.168.36.113:33987, 08300216-d630-4cd9-aee9-766608000298:192.168.36.113:34226, c01dc21c-c6d3-4daa-9385-9c828aa890a1:192.168.36.113:38647] with ContainerStateMachine:uninitialized
2019-09-10 19:03:11,990 [pool-27-thread-1] INFO  storage.RaftStorageDirectory (RaftStorageDirectory.java:analyzeStorage(246)) - The storage directory /workdir/hadoop-ozone/integration-test/target/test-dir/MiniOzoneClusterImpl-72d52129-3591-4c41-bfb8-19f96584a10d/datanode-0/data/ratis/9db00ce0-e1fd-4b34-abfb-c74863bf0161 does not exist. Creating ...
2019-09-10 19:03:11,990 [pool-47-thread-1] INFO  server.RaftServerConfigKeys (ConfUtils.java:logGet(43)) - raft.server.rpc.timeout.min = 5s (custom)
2019-09-10 19:03:11,990 [pool-47-thread-1] INFO  server.RaftServerConfigKeys (ConfUtils.java:logGet(43)) - raft.server.rpc.timeout.max = 5200ms (custom)
2019-09-10 19:03:11,990 [pool-47-thread-1] INFO  server.RaftServerConfigKeys (ConfUtils.java:logGet(43)) - raft.server.rpcslowness.timeout = 120s (custom)
2019-09-10 19:03:11,991 [pool-47-thread-1] INFO  server.RaftServerConfigKeys (ConfUtils.java:logGet(43)) - raft.server.sleep.deviation.threshold = 300 (default)
2019-09-10 19:03:11,991 [pool-77-thread-1] INFO  impl.RaftServerImpl (RaftServerImpl.java:<init>(95)) - c01dc21c-c6d3-4daa-9385-9c828aa890a1: new RaftServerImpl for group-C74863BF0161:[d394239f-4003-4980-a11f-9e9a96bc4c4f:192.168.36.113:33987, 08300216-d630-4cd9-aee9-766608000298:192.168.36.113:34226, c01dc21c-c6d3-4daa-9385-9c828aa890a1:192.168.36.113:38647] with ContainerStateMachine:uninitialized
2019-09-10 19:03:11,991 [pool-47-thread-1] INFO  server.RaftServerConfigKeys (ConfUtils.java:logGet(43)) - raft.server.log.appender.install.snapshot.enabled = false (custom)
2019-09-10 19:03:11,991 [pool-77-thread-1] INFO  server.RaftServerConfigKeys (ConfUtils.java:logGet(43)) - raft.server.rpc.timeout.min = 5s (custom)
2019-09-10 19:03:11,991 [pool-47-thread-1] INFO  impl.RaftServerImpl (ServerState.java:<init>(103)) - d394239f-4003-4980-a11f-9e9a96bc4c4f@group-C74863BF0161: ConfigurationManager, init=-1: [d394239f-4003-4980-a11f-9e9a96bc4c4f:192.168.36.113:33987, 08300216-d630-4cd9-aee9-766608000298:192.168.36.113:34226, c01dc21c-c6d3-4daa-9385-9c828aa890a1:192.168.36.113:38647], old=null, confs=<EMPTY_MAP>
2019-09-10 19:03:11,991 [pool-77-thread-1] INFO  server.RaftServerConfigKeys (ConfUtils.java:logGet(43)) - raft.server.rpc.timeout.max = 5200ms (custom)
2019-09-10 19:03:11,991 [pool-47-thread-1] INFO  server.RaftServerConfigKeys (ConfUtils.java:logGet(43)) - raft.server.storage.dir = [/workdir/hadoop-ozone/integration-test/target/test-dir/MiniOzoneClusterImpl-72d52129-3591-4c41-bfb8-19f96584a10d/datanode-2/data/ratis] (custom)
2019-09-10 19:03:11,991 [pool-77-thread-1] INFO  server.RaftServerConfigKeys (ConfUtils.java:logGet(43)) - raft.server.rpcslowness.timeout = 120s (custom)
2019-09-10 19:03:11,992 [pool-77-thread-1] INFO  server.RaftServerConfigKeys (ConfUtils.java:logGet(43)) - raft.server.sleep.deviation.threshold = 300 (default)
2019-09-10 19:03:11,992 [pool-77-thread-1] INFO  server.RaftServerConfigKeys (ConfUtils.java:logGet(43)) - raft.server.log.appender.install.snapshot.enabled = false (custom)
2019-09-10 19:03:11,992 [pool-47-thread-1] INFO  storage.RaftStorageDirectory (RaftStorageDirectory.java:analyzeStorage(246)) - The storage directory /workdir/hadoop-ozone/integration-test/target/test-dir/MiniOzoneClusterImpl-72d52129-3591-4c41-bfb8-19f96584a10d/datanode-2/data/ratis/9db00ce0-e1fd-4b34-abfb-c74863bf0161 does not exist. Creating ...
2019-09-10 19:03:11,992 [pool-77-thread-1] INFO  impl.RaftServerImpl (ServerState.java:<init>(103)) - c01dc21c-c6d3-4daa-9385-9c828aa890a1@group-C74863BF0161: ConfigurationManager, init=-1: [d394239f-4003-4980-a11f-9e9a96bc4c4f:192.168.36.113:33987, 08300216-d630-4cd9-aee9-766608000298:192.168.36.113:34226, c01dc21c-c6d3-4daa-9385-9c828aa890a1:192.168.36.113:38647], old=null, confs=<EMPTY_MAP>
2019-09-10 19:03:11,992 [pool-77-thread-1] INFO  server.RaftServerConfigKeys (ConfUtils.java:logGet(43)) - raft.server.storage.dir = [/workdir/hadoop-ozone/integration-test/target/test-dir/MiniOzoneClusterImpl-72d52129-3591-4c41-bfb8-19f96584a10d/datanode-5/data/ratis] (custom)
2019-09-10 19:03:11,993 [pool-77-thread-1] INFO  storage.RaftStorageDirectory (RaftStorageDirectory.java:analyzeStorage(246)) - The storage directory /workdir/hadoop-ozone/integration-test/target/test-dir/MiniOzoneClusterImpl-72d52129-3591-4c41-bfb8-19f96584a10d/datanode-5/data/ratis/9db00ce0-e1fd-4b34-abfb-c74863bf0161 does not exist. Creating ...
2019-09-10 19:03:12,009 [pool-77-thread-1] INFO  storage.RaftStorageDirectory (RaftStorageDirectory.java:tryLock(328)) - Lock on /workdir/hadoop-ozone/integration-test/target/test-dir/MiniOzoneClusterImpl-72d52129-3591-4c41-bfb8-19f96584a10d/datanode-5/data/ratis/9db00ce0-e1fd-4b34-abfb-c74863bf0161/in_use.lock acquired by nodename 11084@pr-hdds-1982-decom-states-gjzbw-1854142291
2019-09-10 19:03:12,009 [pool-27-thread-1] INFO  storage.RaftStorageDirectory (RaftStorageDirectory.java:tryLock(328)) - Lock on /workdir/hadoop-ozone/integration-test/target/test-dir/MiniOzoneClusterImpl-72d52129-3591-4c41-bfb8-19f96584a10d/datanode-0/data/ratis/9db00ce0-e1fd-4b34-abfb-c74863bf0161/in_use.lock acquired by nodename 11084@pr-hdds-1982-decom-states-gjzbw-1854142291
2019-09-10 19:03:12,009 [pool-47-thread-1] INFO  storage.RaftStorageDirectory (RaftStorageDirectory.java:tryLock(328)) - Lock on /workdir/hadoop-ozone/integration-test/target/test-dir/MiniOzoneClusterImpl-72d52129-3591-4c41-bfb8-19f96584a10d/datanode-2/data/ratis/9db00ce0-e1fd-4b34-abfb-c74863bf0161/in_use.lock acquired by nodename 11084@pr-hdds-1982-decom-states-gjzbw-1854142291
2019-09-10 19:03:12,030 [pool-27-thread-1] INFO  storage.RaftStorage (RaftStorage.java:format(72)) - Storage directory /workdir/hadoop-ozone/integration-test/target/test-dir/MiniOzoneClusterImpl-72d52129-3591-4c41-bfb8-19f96584a10d/datanode-0/data/ratis/9db00ce0-e1fd-4b34-abfb-c74863bf0161 has been successfully formatted.
2019-09-10 19:03:12,030 [pool-77-thread-1] INFO  storage.RaftStorage (RaftStorage.java:format(72)) - Storage directory /workdir/hadoop-ozone/integration-test/target/test-dir/MiniOzoneClusterImpl-72d52129-3591-4c41-bfb8-19f96584a10d/datanode-5/data/ratis/9db00ce0-e1fd-4b34-abfb-c74863bf0161 has been successfully formatted.
2019-09-10 19:03:12,031 [pool-27-thread-1] INFO  ratis.ContainerStateMachine (ContainerStateMachine.java:loadSnapshot(230)) - group-C74863BF0161: The snapshot info is null. Setting the last applied indexto:(t:0, i:~)
2019-09-10 19:03:12,031 [pool-77-thread-1] INFO  ratis.ContainerStateMachine (ContainerStateMachine.java:loadSnapshot(230)) - group-C74863BF0161: The snapshot info is null. Setting the last applied indexto:(t:0, i:~)
2019-09-10 19:03:12,030 [pool-47-thread-1] INFO  storage.RaftStorage (RaftStorage.java:format(72)) - Storage directory /workdir/hadoop-ozone/integration-test/target/test-dir/MiniOzoneClusterImpl-72d52129-3591-4c41-bfb8-19f96584a10d/datanode-2/data/ratis/9db00ce0-e1fd-4b34-abfb-c74863bf0161 has been successfully formatted.
2019-09-10 19:03:12,031 [pool-77-thread-1] INFO  server.RaftServerConfigKeys (ConfUtils.java:logGet(43)) - raft.server.notification.no-leader.timeout = 120s (custom)
2019-09-10 19:03:12,031 [pool-27-thread-1] INFO  server.RaftServerConfigKeys (ConfUtils.java:logGet(43)) - raft.server.notification.no-leader.timeout = 120s (custom)
2019-09-10 19:03:12,031 [pool-77-thread-1] INFO  server.RaftServerConfigKeys (ConfUtils.java:logGet(43)) - raft.server.log.use.memory = false (default)
2019-09-10 19:03:12,031 [pool-47-thread-1] INFO  ratis.ContainerStateMachine (ContainerStateMachine.java:loadSnapshot(230)) - group-C74863BF0161: The snapshot info is null. Setting the last applied indexto:(t:0, i:~)
2019-09-10 19:03:12,032 [pool-27-thread-1] INFO  server.RaftServerConfigKeys (ConfUtils.java:logGet(43)) - raft.server.log.use.memory = false (default)
2019-09-10 19:03:12,032 [pool-47-thread-1] INFO  server.RaftServerConfigKeys (ConfUtils.java:logGet(43)) - raft.server.notification.no-leader.timeout = 120s (custom)
2019-09-10 19:03:12,032 [pool-77-thread-1] INFO  server.RaftServerConfigKeys (ConfUtils.java:logGet(43)) - raft.server.log.purge.gap = 1000000 (custom)
2019-09-10 19:03:12,032 [pool-47-thread-1] INFO  server.RaftServerConfigKeys (ConfUtils.java:logGet(43)) - raft.server.log.use.memory = false (default)
2019-09-10 19:03:12,032 [pool-27-thread-1] INFO  server.RaftServerConfigKeys (ConfUtils.java:logGet(43)) - raft.server.log.purge.gap = 1000000 (custom)
2019-09-10 19:03:12,032 [pool-47-thread-1] INFO  server.RaftServerConfigKeys (ConfUtils.java:logGet(43)) - raft.server.log.purge.gap = 1000000 (custom)
2019-09-10 19:03:12,032 [pool-77-thread-1] INFO  server.RaftServerConfigKeys (ConfUtils.java:logGet(43)) - raft.server.log.appender.buffer.byte-limit = 33554432 (custom)
2019-09-10 19:03:12,033 [pool-47-thread-1] INFO  server.RaftServerConfigKeys (ConfUtils.java:logGet(43)) - raft.server.log.appender.buffer.byte-limit = 33554432 (custom)
2019-09-10 19:03:12,033 [pool-27-thread-1] INFO  server.RaftServerConfigKeys (ConfUtils.java:logGet(43)) - raft.server.log.appender.buffer.byte-limit = 33554432 (custom)
2019-09-10 19:03:12,033 [pool-47-thread-1] INFO  server.RaftServerConfigKeys (ConfUtils.java:logGet(43)) - raft.server.log.segment.size.max = 1048576 (custom)
2019-09-10 19:03:12,033 [pool-77-thread-1] INFO  server.RaftServerConfigKeys (ConfUtils.java:logGet(43)) - raft.server.log.segment.size.max = 1048576 (custom)
2019-09-10 19:03:12,033 [pool-47-thread-1] INFO  server.RaftServerConfigKeys (ConfUtils.java:logGet(43)) - raft.server.log.segment.cache.num.max = 2 (custom)
2019-09-10 19:03:12,033 [pool-27-thread-1] INFO  server.RaftServerConfigKeys (ConfUtils.java:logGet(43)) - raft.server.log.segment.size.max = 1048576 (custom)
2019-09-10 19:03:12,034 [pool-47-thread-1] INFO  segmented.SegmentedRaftLogWorker (SegmentedRaftLogWorker.java:<init>(172)) - new d394239f-4003-4980-a11f-9e9a96bc4c4f@group-C74863BF0161-SegmentedRaftLogWorker for RaftStorage:Storage Directory /workdir/hadoop-ozone/integration-test/target/test-dir/MiniOzoneClusterImpl-72d52129-3591-4c41-bfb8-19f96584a10d/datanode-2/data/ratis/9db00ce0-e1fd-4b34-abfb-c74863bf0161
2019-09-10 19:03:12,033 [pool-77-thread-1] INFO  server.RaftServerConfigKeys (ConfUtils.java:logGet(43)) - raft.server.log.segment.cache.num.max = 2 (custom)
2019-09-10 19:03:12,034 [pool-47-thread-1] INFO  server.RaftServerConfigKeys (ConfUtils.java:logGet(43)) - raft.server.log.queue.byte-limit = 2147483647 (custom)
2019-09-10 19:03:12,034 [pool-47-thread-1] INFO  server.RaftServerConfigKeys (ConfUtils.java:logGet(43)) - raft.server.log.queue.element-limit = 1024 (custom)
2019-09-10 19:03:12,034 [pool-27-thread-1] INFO  server.RaftServerConfigKeys (ConfUtils.java:logGet(43)) - raft.server.log.segment.cache.num.max = 2 (custom)
2019-09-10 19:03:12,034 [pool-47-thread-1] INFO  server.RaftServerConfigKeys (ConfUtils.java:logGet(43)) - raft.server.log.segment.size.max = 1048576 (custom)
2019-09-10 19:03:12,035 [pool-47-thread-1] INFO  server.RaftServerConfigKeys (ConfUtils.java:logGet(43)) - raft.server.log.preallocated.size = 16384 (custom)
2019-09-10 19:03:12,034 [pool-77-thread-1] INFO  segmented.SegmentedRaftLogWorker (SegmentedRaftLogWorker.java:<init>(172)) - new c01dc21c-c6d3-4daa-9385-9c828aa890a1@group-C74863BF0161-SegmentedRaftLogWorker for RaftStorage:Storage Directory /workdir/hadoop-ozone/integration-test/target/test-dir/MiniOzoneClusterImpl-72d52129-3591-4c41-bfb8-19f96584a10d/datanode-5/data/ratis/9db00ce0-e1fd-4b34-abfb-c74863bf0161
2019-09-10 19:03:12,035 [pool-47-thread-1] INFO  server.RaftServerConfigKeys (ConfUtils.java:logGet(43)) - raft.server.log.write.buffer.size = 33554432 (custom)
2019-09-10 19:03:12,034 [pool-27-thread-1] INFO  segmented.SegmentedRaftLogWorker (SegmentedRaftLogWorker.java:<init>(172)) - new 08300216-d630-4cd9-aee9-766608000298@group-C74863BF0161-SegmentedRaftLogWorker for RaftStorage:Storage Directory /workdir/hadoop-ozone/integration-test/target/test-dir/MiniOzoneClusterImpl-72d52129-3591-4c41-bfb8-19f96584a10d/datanode-0/data/ratis/9db00ce0-e1fd-4b34-abfb-c74863bf0161
2019-09-10 19:03:12,035 [pool-47-thread-1] INFO  server.RaftServerConfigKeys (ConfUtils.java:logGet(43)) - raft.server.log.force.sync.num = 128 (default)
2019-09-10 19:03:12,035 [pool-77-thread-1] INFO  server.RaftServerConfigKeys (ConfUtils.java:logGet(43)) - raft.server.log.queue.byte-limit = 2147483647 (custom)
2019-09-10 19:03:12,035 [pool-47-thread-1] INFO  server.RaftServerConfigKeys (ConfUtils.java:logGet(43)) - raft.server.log.statemachine.data.sync = true (default)
2019-09-10 19:03:12,036 [pool-47-thread-1] INFO  server.RaftServerConfigKeys (ConfUtils.java:logGet(43)) - raft.server.log.statemachine.data.sync.timeout = 10s (default)
2019-09-10 19:03:12,035 [pool-27-thread-1] INFO  server.RaftServerConfigKeys (ConfUtils.java:logGet(43)) - raft.server.log.queue.byte-limit = 2147483647 (custom)
2019-09-10 19:03:12,036 [pool-47-thread-1] INFO  server.RaftServerConfigKeys (ConfUtils.java:logGet(43)) - raft.server.log.statemachine.data.sync.timeout.retry = -1 (default)
2019-09-10 19:03:12,035 [pool-77-thread-1] INFO  server.RaftServerConfigKeys (ConfUtils.java:logGet(43)) - raft.server.log.queue.element-limit = 1024 (custom)
2019-09-10 19:03:12,036 [pool-47-thread-1] INFO  server.RaftServerConfigKeys (ConfUtils.java:logGet(43)) - raft.server.log.statemachine.data.caching.enabled = true (custom)
2019-09-10 19:03:12,036 [pool-27-thread-1] INFO  server.RaftServerConfigKeys (ConfUtils.java:logGet(43)) - raft.server.log.queue.element-limit = 1024 (custom)
2019-09-10 19:03:12,036 [pool-77-thread-1] INFO  server.RaftServerConfigKeys (ConfUtils.java:logGet(43)) - raft.server.log.segment.size.max = 1048576 (custom)
2019-09-10 19:03:12,037 [pool-47-thread-1] INFO  segmented.SegmentedRaftLogWorker (SegmentedRaftLogWorker.java:lambda$new$0(132)) - d394239f-4003-4980-a11f-9e9a96bc4c4f@group-C74863BF0161-SegmentedRaftLogWorker: flushIndex: setUnconditionally 0 -> -1
2019-09-10 19:03:12,037 [pool-27-thread-1] INFO  server.RaftServerConfigKeys (ConfUtils.java:logGet(43)) - raft.server.log.segment.size.max = 1048576 (custom)
2019-09-10 19:03:12,037 [pool-77-thread-1] INFO  server.RaftServerConfigKeys (ConfUtils.java:logGet(43)) - raft.server.log.preallocated.size = 16384 (custom)
2019-09-10 19:03:12,037 [pool-27-thread-1] INFO  server.RaftServerConfigKeys (ConfUtils.java:logGet(43)) - raft.server.log.preallocated.size = 16384 (custom)
2019-09-10 19:03:12,037 [pool-47-thread-1] INFO  server.RaftServerConfigKeys (ConfUtils.java:logGet(43)) - raft.server.snapshot.auto.trigger.enabled = true (custom)
2019-09-10 19:03:12,037 [pool-77-thread-1] INFO  server.RaftServerConfigKeys (ConfUtils.java:logGet(43)) - raft.server.log.write.buffer.size = 33554432 (custom)
2019-09-10 19:03:12,037 [pool-47-thread-1] INFO  server.RaftServerConfigKeys (ConfUtils.java:logGet(43)) - raft.server.snapshot.auto.trigger.threshold = 10000 (custom)
2019-09-10 19:03:12,037 [pool-27-thread-1] INFO  server.RaftServerConfigKeys (ConfUtils.java:logGet(43)) - raft.server.log.write.buffer.size = 33554432 (custom)
2019-09-10 19:03:12,038 [pool-47-thread-1] INFO  server.RaftServerConfigKeys (ConfUtils.java:logGet(43)) - raft.server.snapshot.retention.num.files = -1 (default)
2019-09-10 19:03:12,038 [pool-77-thread-1] INFO  server.RaftServerConfigKeys (ConfUtils.java:logGet(43)) - raft.server.log.force.sync.num = 128 (default)
2019-09-10 19:03:12,038 [pool-47-thread-1] INFO  server.RaftServerConfigKeys (ConfUtils.java:logGet(43)) - raft.server.retrycache.expirytime = 600000ms (custom)
2019-09-10 19:03:12,038 [pool-27-thread-1] INFO  server.RaftServerConfigKeys (ConfUtils.java:logGet(43)) - raft.server.log.force.sync.num = 128 (default)
2019-09-10 19:03:12,038 [pool-77-thread-1] INFO  server.RaftServerConfigKeys (ConfUtils.java:logGet(43)) - raft.server.log.statemachine.data.sync = true (default)
2019-09-10 19:03:12,039 [pool-27-thread-1] INFO  server.RaftServerConfigKeys (ConfUtils.java:logGet(43)) - raft.server.log.statemachine.data.sync = true (default)
2019-09-10 19:03:12,039 [pool-77-thread-1] INFO  server.RaftServerConfigKeys (ConfUtils.java:logGet(43)) - raft.server.log.statemachine.data.sync.timeout = 10s (default)
2019-09-10 19:03:12,039 [pool-27-thread-1] INFO  server.RaftServerConfigKeys (ConfUtils.java:logGet(43)) - raft.server.log.statemachine.data.sync.timeout = 10s (default)
2019-09-10 19:03:12,039 [pool-77-thread-1] INFO  server.RaftServerConfigKeys (ConfUtils.java:logGet(43)) - raft.server.log.statemachine.data.sync.timeout.retry = -1 (default)
2019-09-10 19:03:12,039 [pool-27-thread-1] INFO  server.RaftServerConfigKeys (ConfUtils.java:logGet(43)) - raft.server.log.statemachine.data.sync.timeout.retry = -1 (default)
2019-09-10 19:03:12,039 [pool-77-thread-1] INFO  server.RaftServerConfigKeys (ConfUtils.java:logGet(43)) - raft.server.log.statemachine.data.caching.enabled = true (custom)
2019-09-10 19:03:12,040 [pool-27-thread-1] INFO  server.RaftServerConfigKeys (ConfUtils.java:logGet(43)) - raft.server.log.statemachine.data.caching.enabled = true (custom)
2019-09-10 19:03:12,040 [pool-77-thread-1] INFO  segmented.SegmentedRaftLogWorker (SegmentedRaftLogWorker.java:lambda$new$0(132)) - c01dc21c-c6d3-4daa-9385-9c828aa890a1@group-C74863BF0161-SegmentedRaftLogWorker: flushIndex: setUnconditionally 0 -> -1
2019-09-10 19:03:12,040 [pool-27-thread-1] INFO  segmented.SegmentedRaftLogWorker (SegmentedRaftLogWorker.java:lambda$new$0(132)) - 08300216-d630-4cd9-aee9-766608000298@group-C74863BF0161-SegmentedRaftLogWorker: flushIndex: setUnconditionally 0 -> -1
2019-09-10 19:03:12,040 [pool-77-thread-1] INFO  server.RaftServerConfigKeys (ConfUtils.java:logGet(43)) - raft.server.snapshot.auto.trigger.enabled = true (custom)
2019-09-10 19:03:12,041 [pool-77-thread-1] INFO  server.RaftServerConfigKeys (ConfUtils.java:logGet(43)) - raft.server.snapshot.auto.trigger.threshold = 10000 (custom)
2019-09-10 19:03:12,041 [pool-27-thread-1] INFO  server.RaftServerConfigKeys (ConfUtils.java:logGet(43)) - raft.server.snapshot.auto.trigger.enabled = true (custom)
2019-09-10 19:03:12,041 [pool-77-thread-1] INFO  server.RaftServerConfigKeys (ConfUtils.java:logGet(43)) - raft.server.snapshot.retention.num.files = -1 (default)
2019-09-10 19:03:12,041 [pool-27-thread-1] INFO  server.RaftServerConfigKeys (ConfUtils.java:logGet(43)) - raft.server.snapshot.auto.trigger.threshold = 10000 (custom)
2019-09-10 19:03:12,041 [pool-77-thread-1] INFO  server.RaftServerConfigKeys (ConfUtils.java:logGet(43)) - raft.server.retrycache.expirytime = 600000ms (custom)
2019-09-10 19:03:12,041 [pool-27-thread-1] INFO  server.RaftServerConfigKeys (ConfUtils.java:logGet(43)) - raft.server.snapshot.retention.num.files = -1 (default)
2019-09-10 19:03:12,042 [pool-27-thread-1] INFO  server.RaftServerConfigKeys (ConfUtils.java:logGet(43)) - raft.server.retrycache.expirytime = 600000ms (custom)
2019-09-10 19:03:12,042 [pool-47-thread-1] INFO  impl.RaftServerImpl (RaftServerImpl.java:start(185)) - d394239f-4003-4980-a11f-9e9a96bc4c4f@group-C74863BF0161: start as a follower, conf=-1: [d394239f-4003-4980-a11f-9e9a96bc4c4f:192.168.36.113:33987, 08300216-d630-4cd9-aee9-766608000298:192.168.36.113:34226, c01dc21c-c6d3-4daa-9385-9c828aa890a1:192.168.36.113:38647], old=null
2019-09-10 19:03:12,043 [pool-47-thread-1] INFO  impl.RaftServerImpl (RaftServerImpl.java:setRole(174)) - d394239f-4003-4980-a11f-9e9a96bc4c4f@group-C74863BF0161: changes role from      null to FOLLOWER at term 0 for startAsFollower
2019-09-10 19:03:12,043 [pool-47-thread-1] INFO  impl.RoleInfo (RoleInfo.java:updateAndGet(143)) - d394239f-4003-4980-a11f-9e9a96bc4c4f: start FollowerState
2019-09-10 19:03:12,043 [pool-47-thread-1] INFO  util.JmxRegister (JmxRegister.java:tryRegister(44)) - Successfully registered JMX Bean with object name Ratis:service=RaftServer,group=group-C74863BF0161,id=d394239f-4003-4980-a11f-9e9a96bc4c4f
2019-09-10 19:03:12,045 [pool-77-thread-1] INFO  impl.RaftServerImpl (RaftServerImpl.java:start(185)) - c01dc21c-c6d3-4daa-9385-9c828aa890a1@group-C74863BF0161: start as a follower, conf=-1: [d394239f-4003-4980-a11f-9e9a96bc4c4f:192.168.36.113:33987, 08300216-d630-4cd9-aee9-766608000298:192.168.36.113:34226, c01dc21c-c6d3-4daa-9385-9c828aa890a1:192.168.36.113:38647], old=null
2019-09-10 19:03:12,045 [pool-77-thread-1] INFO  impl.RaftServerImpl (RaftServerImpl.java:setRole(174)) - c01dc21c-c6d3-4daa-9385-9c828aa890a1@group-C74863BF0161: changes role from      null to FOLLOWER at term 0 for startAsFollower
2019-09-10 19:03:12,045 [pool-77-thread-1] INFO  impl.RoleInfo (RoleInfo.java:updateAndGet(143)) - c01dc21c-c6d3-4daa-9385-9c828aa890a1: start FollowerState
2019-09-10 19:03:12,046 [pool-27-thread-1] INFO  impl.RaftServerImpl (RaftServerImpl.java:start(185)) - 08300216-d630-4cd9-aee9-766608000298@group-C74863BF0161: start as a follower, conf=-1: [d394239f-4003-4980-a11f-9e9a96bc4c4f:192.168.36.113:33987, 08300216-d630-4cd9-aee9-766608000298:192.168.36.113:34226, c01dc21c-c6d3-4daa-9385-9c828aa890a1:192.168.36.113:38647], old=null
2019-09-10 19:03:12,046 [pool-27-thread-1] INFO  impl.RaftServerImpl (RaftServerImpl.java:setRole(174)) - 08300216-d630-4cd9-aee9-766608000298@group-C74863BF0161: changes role from      null to FOLLOWER at term 0 for startAsFollower
2019-09-10 19:03:12,046 [pool-77-thread-1] INFO  util.JmxRegister (JmxRegister.java:tryRegister(44)) - Successfully registered JMX Bean with object name Ratis:service=RaftServer,group=group-C74863BF0161,id=c01dc21c-c6d3-4daa-9385-9c828aa890a1
2019-09-10 19:03:12,046 [pool-27-thread-1] INFO  impl.RoleInfo (RoleInfo.java:updateAndGet(143)) - 08300216-d630-4cd9-aee9-766608000298: start FollowerState
2019-09-10 19:03:12,047 [pool-27-thread-1] INFO  util.JmxRegister (JmxRegister.java:tryRegister(44)) - Successfully registered JMX Bean with object name Ratis:service=RaftServer,group=group-C74863BF0161,id=08300216-d630-4cd9-aee9-766608000298
2019-09-10 19:03:12,049 [RatisPipelineUtilsThread] INFO  pipeline.PipelineStateManager (PipelineStateManager.java:addPipeline(56)) - Created pipeline Pipeline[ Id: 9db00ce0-e1fd-4b34-abfb-c74863bf0161, Nodes: c01dc21c-c6d3-4daa-9385-9c828aa890a1{ip: 192.168.36.113, host: pr-hdds-1982-decom-states-gjzbw-1854142291, networkLocation: /default-rack, certSerialId: null}08300216-d630-4cd9-aee9-766608000298{ip: 192.168.36.113, host: pr-hdds-1982-decom-states-gjzbw-1854142291, networkLocation: /default-rack, certSerialId: null}d394239f-4003-4980-a11f-9e9a96bc4c4f{ip: 192.168.36.113, host: pr-hdds-1982-decom-states-gjzbw-1854142291, networkLocation: /default-rack, certSerialId: null}, Type:RATIS, Factor:THREE, State:OPEN]
2019-09-10 19:03:12,054 [EventQueue-PipelineActionsForPipelineActionHandler] ERROR pipeline.PipelineActionHandler (PipelineActionHandler.java:onMessage(60)) - Received pipeline action CLOSE for Pipeline[ Id: 51ee26b8-1336-4450-8264-996c1a0a52d8, Nodes: c01dc21c-c6d3-4daa-9385-9c828aa890a1{ip: 192.168.36.113, host: pr-hdds-1982-decom-states-gjzbw-1854142291, networkLocation: /default-rack, certSerialId: null}08300216-d630-4cd9-aee9-766608000298{ip: 192.168.36.113, host: pr-hdds-1982-decom-states-gjzbw-1854142291, networkLocation: /default-rack, certSerialId: null}d394239f-4003-4980-a11f-9e9a96bc4c4f{ip: 192.168.36.113, host: pr-hdds-1982-decom-states-gjzbw-1854142291, networkLocation: /default-rack, certSerialId: null}, Type:RATIS, Factor:THREE, State:CLOSED] from datanode d394239f-4003-4980-a11f-9e9a96bc4c4f{ip: 192.168.36.113, host: pr-hdds-1982-decom-states-gjzbw-1854142291, networkLocation: /default-rack, certSerialId: null}. Reason : d394239f-4003-4980-a11f-9e9a96bc4c4f has not seen follower/s 08300216-d630-4cd9-aee9-766608000298 for 160135ms c01dc21c-c6d3-4daa-9385-9c828aa890a1 for 160132ms
2019-09-10 19:03:12,054 [EventQueue-PipelineActionsForPipelineActionHandler] INFO  pipeline.SCMPipelineManager (SCMPipelineManager.java:finalizeAndDestroyPipeline(311)) - destroying pipeline:Pipeline[ Id: 51ee26b8-1336-4450-8264-996c1a0a52d8, Nodes: c01dc21c-c6d3-4daa-9385-9c828aa890a1{ip: 192.168.36.113, host: pr-hdds-1982-decom-states-gjzbw-1854142291, networkLocation: /default-rack, certSerialId: null}08300216-d630-4cd9-aee9-766608000298{ip: 192.168.36.113, host: pr-hdds-1982-decom-states-gjzbw-1854142291, networkLocation: /default-rack, certSerialId: null}d394239f-4003-4980-a11f-9e9a96bc4c4f{ip: 192.168.36.113, host: pr-hdds-1982-decom-states-gjzbw-1854142291, networkLocation: /default-rack, certSerialId: null}, Type:RATIS, Factor:THREE, State:CLOSED]
2019-09-10 19:03:12,069 [java.util.concurrent.ThreadPoolExecutor$Worker@753f42ff[State = -1, empty queue]] WARN  server.GrpcLogAppender (GrpcLogAppender.java:timeoutAppendRequest(200)) - d394239f-4003-4980-a11f-9e9a96bc4c4f@group-996C1A0A52D8->08300216-d630-4cd9-aee9-766608000298-GrpcLogAppender: appendEntries Timeout, request=d394239f-4003-4980-a11f-9e9a96bc4c4f->08300216-d630-4cd9-aee9-766608000298#157-t2, previous=(t:2, i:19), leaderCommit=12, initializing? false, entries: <empty>
2019-09-10 19:03:12,069 [java.util.concurrent.ThreadPoolExecutor$Worker@6afaa2aa[State = -1, empty queue]] WARN  server.GrpcLogAppender (GrpcLogAppender.java:timeoutAppendRequest(200)) - d394239f-4003-4980-a11f-9e9a96bc4c4f@group-996C1A0A52D8->c01dc21c-c6d3-4daa-9385-9c828aa890a1-GrpcLogAppender: appendEntries Timeout, request=d394239f-4003-4980-a11f-9e9a96bc4c4f->c01dc21c-c6d3-4daa-9385-9c828aa890a1#157-t2, previous=(t:2, i:19), leaderCommit=12, initializing? false, entries: <empty>
2019-09-10 19:03:13,146 [grpc-default-executor-6] INFO  client.GrpcClientProtocolClient (GrpcClientProtocolClient.java:onNext(264)) - client-4EEF7FFC2E17->c01dc21c-c6d3-4daa-9385-9c828aa890a1: receive RaftClientReply:client-4EEF7FFC2E17->c01dc21c-c6d3-4daa-9385-9c828aa890a1@group-996C1A0A52D8, cid=33, FAILED org.apache.ratis.protocol.NotLeaderException: Server c01dc21c-c6d3-4daa-9385-9c828aa890a1@group-996C1A0A52D8 is not the leader d394239f-4003-4980-a11f-9e9a96bc4c4f:192.168.36.113:33987, logIndex=0, commits[c01dc21c-c6d3-4daa-9385-9c828aa890a1:c12, d394239f-4003-4980-a11f-9e9a96bc4c4f:c12, 08300216-d630-4cd9-aee9-766608000298:c10]
2019-09-10 19:03:14,071 [org.apache.ratis.server.impl.LogAppender$AppenderDaemon$$Lambda$505/327848963@5d0c1f7] ERROR ratis.XceiverServerRatis (XceiverServerRatis.java:triggerPipelineClose(568)) - pipeline Action CLOSE  on pipeline PipelineID=51ee26b8-1336-4450-8264-996c1a0a52d8.Reason : d394239f-4003-4980-a11f-9e9a96bc4c4f has not seen follower/s 08300216-d630-4cd9-aee9-766608000298 for 162636ms c01dc21c-c6d3-4daa-9385-9c828aa890a1 for 162632ms
2019-09-10 19:03:14,071 [org.apache.ratis.server.impl.LogAppender$AppenderDaemon$$Lambda$505/327848963@1e066850] ERROR ratis.XceiverServerRatis (XceiverServerRatis.java:triggerPipelineClose(568)) - pipeline Action CLOSE  on pipeline PipelineID=51ee26b8-1336-4450-8264-996c1a0a52d8.Reason : d394239f-4003-4980-a11f-9e9a96bc4c4f has not seen follower/s 08300216-d630-4cd9-aee9-766608000298 for 162636ms c01dc21c-c6d3-4daa-9385-9c828aa890a1 for 162633ms
2019-09-10 19:03:14,570 [java.util.concurrent.ThreadPoolExecutor$Worker@753f42ff[State = -1, empty queue]] WARN  server.GrpcLogAppender (GrpcLogAppender.java:timeoutAppendRequest(200)) - d394239f-4003-4980-a11f-9e9a96bc4c4f@group-996C1A0A52D8->08300216-d630-4cd9-aee9-766608000298-GrpcLogAppender: appendEntries Timeout, request=d394239f-4003-4980-a11f-9e9a96bc4c4f->08300216-d630-4cd9-aee9-766608000298#158-t2, previous=(t:2, i:19), leaderCommit=12, initializing? false, entries: <empty>
2019-09-10 19:03:14,570 [java.util.concurrent.ThreadPoolExecutor$Worker@6afaa2aa[State = -1, empty queue]] WARN  server.GrpcLogAppender (GrpcLogAppender.java:timeoutAppendRequest(200)) - d394239f-4003-4980-a11f-9e9a96bc4c4f@group-996C1A0A52D8->c01dc21c-c6d3-4daa-9385-9c828aa890a1-GrpcLogAppender: appendEntries Timeout, request=d394239f-4003-4980-a11f-9e9a96bc4c4f->c01dc21c-c6d3-4daa-9385-9c828aa890a1#158-t2, previous=(t:2, i:19), leaderCommit=12, initializing? false, entries: <empty>
2019-09-10 19:03:15,054 [EventQueue-PipelineActionsForPipelineActionHandler] ERROR pipeline.PipelineActionHandler (PipelineActionHandler.java:onMessage(60)) - Received pipeline action CLOSE for Pipeline[ Id: 51ee26b8-1336-4450-8264-996c1a0a52d8, Nodes: c01dc21c-c6d3-4daa-9385-9c828aa890a1{ip: 192.168.36.113, host: pr-hdds-1982-decom-states-gjzbw-1854142291, networkLocation: /default-rack, certSerialId: null}08300216-d630-4cd9-aee9-766608000298{ip: 192.168.36.113, host: pr-hdds-1982-decom-states-gjzbw-1854142291, networkLocation: /default-rack, certSerialId: null}d394239f-4003-4980-a11f-9e9a96bc4c4f{ip: 192.168.36.113, host: pr-hdds-1982-decom-states-gjzbw-1854142291, networkLocation: /default-rack, certSerialId: null}, Type:RATIS, Factor:THREE, State:CLOSED] from datanode d394239f-4003-4980-a11f-9e9a96bc4c4f{ip: 192.168.36.113, host: pr-hdds-1982-decom-states-gjzbw-1854142291, networkLocation: /default-rack, certSerialId: null}. Reason : d394239f-4003-4980-a11f-9e9a96bc4c4f has not seen follower/s 08300216-d630-4cd9-aee9-766608000298 for 162636ms c01dc21c-c6d3-4daa-9385-9c828aa890a1 for 162632ms
2019-09-10 19:03:15,055 [EventQueue-PipelineActionsForPipelineActionHandler] INFO  pipeline.SCMPipelineManager (SCMPipelineManager.java:finalizeAndDestroyPipeline(311)) - destroying pipeline:Pipeline[ Id: 51ee26b8-1336-4450-8264-996c1a0a52d8, Nodes: c01dc21c-c6d3-4daa-9385-9c828aa890a1{ip: 192.168.36.113, host: pr-hdds-1982-decom-states-gjzbw-1854142291, networkLocation: /default-rack, certSerialId: null}08300216-d630-4cd9-aee9-766608000298{ip: 192.168.36.113, host: pr-hdds-1982-decom-states-gjzbw-1854142291, networkLocation: /default-rack, certSerialId: null}d394239f-4003-4980-a11f-9e9a96bc4c4f{ip: 192.168.36.113, host: pr-hdds-1982-decom-states-gjzbw-1854142291, networkLocation: /default-rack, certSerialId: null}, Type:RATIS, Factor:THREE, State:CLOSED]
2019-09-10 19:03:16,572 [org.apache.ratis.server.impl.LogAppender$AppenderDaemon$$Lambda$505/327848963@5d0c1f7] ERROR ratis.XceiverServerRatis (XceiverServerRatis.java:triggerPipelineClose(568)) - pipeline Action CLOSE  on pipeline PipelineID=51ee26b8-1336-4450-8264-996c1a0a52d8.Reason : d394239f-4003-4980-a11f-9e9a96bc4c4f has not seen follower/s 08300216-d630-4cd9-aee9-766608000298 for 165137ms c01dc21c-c6d3-4daa-9385-9c828aa890a1 for 165133ms
2019-09-10 19:03:16,572 [org.apache.ratis.server.impl.LogAppender$AppenderDaemon$$Lambda$505/327848963@1e066850] ERROR ratis.XceiverServerRatis (XceiverServerRatis.java:triggerPipelineClose(568)) - pipeline Action CLOSE  on pipeline PipelineID=51ee26b8-1336-4450-8264-996c1a0a52d8.Reason : d394239f-4003-4980-a11f-9e9a96bc4c4f has not seen follower/s 08300216-d630-4cd9-aee9-766608000298 for 165137ms c01dc21c-c6d3-4daa-9385-9c828aa890a1 for 165133ms
2019-09-10 19:03:17,054 [EventQueue-PipelineActionsForPipelineActionHandler] ERROR pipeline.PipelineActionHandler (PipelineActionHandler.java:onMessage(60)) - Received pipeline action CLOSE for Pipeline[ Id: 51ee26b8-1336-4450-8264-996c1a0a52d8, Nodes: c01dc21c-c6d3-4daa-9385-9c828aa890a1{ip: 192.168.36.113, host: pr-hdds-1982-decom-states-gjzbw-1854142291, networkLocation: /default-rack, certSerialId: null}08300216-d630-4cd9-aee9-766608000298{ip: 192.168.36.113, host: pr-hdds-1982-decom-states-gjzbw-1854142291, networkLocation: /default-rack, certSerialId: null}d394239f-4003-4980-a11f-9e9a96bc4c4f{ip: 192.168.36.113, host: pr-hdds-1982-decom-states-gjzbw-1854142291, networkLocation: /default-rack, certSerialId: null}, Type:RATIS, Factor:THREE, State:CLOSED] from datanode d394239f-4003-4980-a11f-9e9a96bc4c4f{ip: 192.168.36.113, host: pr-hdds-1982-decom-states-gjzbw-1854142291, networkLocation: /default-rack, certSerialId: null}. Reason : d394239f-4003-4980-a11f-9e9a96bc4c4f has not seen follower/s 08300216-d630-4cd9-aee9-766608000298 for 165137ms c01dc21c-c6d3-4daa-9385-9c828aa890a1 for 165133ms
2019-09-10 19:03:17,055 [EventQueue-PipelineActionsForPipelineActionHandler] INFO  pipeline.SCMPipelineManager (SCMPipelineManager.java:finalizeAndDestroyPipeline(311)) - destroying pipeline:Pipeline[ Id: 51ee26b8-1336-4450-8264-996c1a0a52d8, Nodes: c01dc21c-c6d3-4daa-9385-9c828aa890a1{ip: 192.168.36.113, host: pr-hdds-1982-decom-states-gjzbw-1854142291, networkLocation: /default-rack, certSerialId: null}08300216-d630-4cd9-aee9-766608000298{ip: 192.168.36.113, host: pr-hdds-1982-decom-states-gjzbw-1854142291, networkLocation: /default-rack, certSerialId: null}d394239f-4003-4980-a11f-9e9a96bc4c4f{ip: 192.168.36.113, host: pr-hdds-1982-decom-states-gjzbw-1854142291, networkLocation: /default-rack, certSerialId: null}, Type:RATIS, Factor:THREE, State:CLOSED]
2019-09-10 19:03:17,069 [Thread-1361] INFO  impl.FollowerState (FollowerState.java:run(106)) - 08300216-d630-4cd9-aee9-766608000298:group-C74863BF0161 changes to CANDIDATE, lastRpcTime:5022, electionTimeout:5022ms
2019-09-10 19:03:17,069 [Thread-1361] INFO  impl.RoleInfo (RoleInfo.java:shutdownFollowerState(121)) - 08300216-d630-4cd9-aee9-766608000298: shutdown FollowerState
2019-09-10 19:03:17,069 [Thread-1361] INFO  impl.RaftServerImpl (RaftServerImpl.java:setRole(174)) - 08300216-d630-4cd9-aee9-766608000298@group-C74863BF0161: changes role from  FOLLOWER to CANDIDATE at term 0 for changeToCandidate
2019-09-10 19:03:17,069 [Thread-1361] INFO  impl.RoleInfo (RoleInfo.java:updateAndGet(143)) - 08300216-d630-4cd9-aee9-766608000298: start LeaderElection
2019-09-10 19:03:17,073 [java.util.concurrent.ThreadPoolExecutor$Worker@753f42ff[State = -1, empty queue]] WARN  server.GrpcLogAppender (GrpcLogAppender.java:timeoutAppendRequest(200)) - d394239f-4003-4980-a11f-9e9a96bc4c4f@group-996C1A0A52D8->08300216-d630-4cd9-aee9-766608000298-GrpcLogAppender: appendEntries Timeout, request=d394239f-4003-4980-a11f-9e9a96bc4c4f->08300216-d630-4cd9-aee9-766608000298#159-t2, previous=(t:2, i:19), leaderCommit=12, initializing? false, entries: <empty>
2019-09-10 19:03:17,073 [java.util.concurrent.ThreadPoolExecutor$Worker@6afaa2aa[State = -1, empty queue]] WARN  server.GrpcLogAppender (GrpcLogAppender.java:timeoutAppendRequest(200)) - d394239f-4003-4980-a11f-9e9a96bc4c4f@group-996C1A0A52D8->c01dc21c-c6d3-4daa-9385-9c828aa890a1-GrpcLogAppender: appendEntries Timeout, request=d394239f-4003-4980-a11f-9e9a96bc4c4f->c01dc21c-c6d3-4daa-9385-9c828aa890a1#159-t2, previous=(t:2, i:19), leaderCommit=12, initializing? false, entries: <empty>
2019-09-10 19:03:17,077 [Thread-1360] INFO  impl.FollowerState (FollowerState.java:run(106)) - c01dc21c-c6d3-4daa-9385-9c828aa890a1:group-C74863BF0161 changes to CANDIDATE, lastRpcTime:5031, electionTimeout:5031ms
2019-09-10 19:03:17,077 [Thread-1358] INFO  impl.FollowerState (FollowerState.java:run(106)) - d394239f-4003-4980-a11f-9e9a96bc4c4f:group-C74863BF0161 changes to CANDIDATE, lastRpcTime:5034, electionTimeout:5034ms
2019-09-10 19:03:17,077 [Thread-1360] INFO  impl.RoleInfo (RoleInfo.java:shutdownFollowerState(121)) - c01dc21c-c6d3-4daa-9385-9c828aa890a1: shutdown FollowerState
2019-09-10 19:03:17,077 [Thread-1358] INFO  impl.RoleInfo (RoleInfo.java:shutdownFollowerState(121)) - d394239f-4003-4980-a11f-9e9a96bc4c4f: shutdown FollowerState
2019-09-10 19:03:17,077 [Thread-1360] INFO  impl.RaftServerImpl (RaftServerImpl.java:setRole(174)) - c01dc21c-c6d3-4daa-9385-9c828aa890a1@group-C74863BF0161: changes role from  FOLLOWER to CANDIDATE at term 0 for changeToCandidate
2019-09-10 19:03:17,078 [Thread-1358] INFO  impl.RaftServerImpl (RaftServerImpl.java:setRole(174)) - d394239f-4003-4980-a11f-9e9a96bc4c4f@group-C74863BF0161: changes role from  FOLLOWER to CANDIDATE at term 0 for changeToCandidate
2019-09-10 19:03:17,078 [Thread-1360] INFO  impl.RoleInfo (RoleInfo.java:updateAndGet(143)) - c01dc21c-c6d3-4daa-9385-9c828aa890a1: start LeaderElection
2019-09-10 19:03:17,078 [Thread-1358] INFO  impl.RoleInfo (RoleInfo.java:updateAndGet(143)) - d394239f-4003-4980-a11f-9e9a96bc4c4f: start LeaderElection
2019-09-10 19:03:17,110 [08300216-d630-4cd9-aee9-766608000298@group-C74863BF0161:LeaderElection15] INFO  impl.LeaderElection (LeaderElection.java:askForVotes(182)) - 08300216-d630-4cd9-aee9-766608000298@group-C74863BF0161:LeaderElection15: begin an election at term 1 for -1: [d394239f-4003-4980-a11f-9e9a96bc4c4f:192.168.36.113:33987, 08300216-d630-4cd9-aee9-766608000298:192.168.36.113:34226, c01dc21c-c6d3-4daa-9385-9c828aa890a1:192.168.36.113:38647], old=null
2019-09-10 19:03:17,110 [c01dc21c-c6d3-4daa-9385-9c828aa890a1@group-C74863BF0161:LeaderElection16] INFO  impl.LeaderElection (LeaderElection.java:askForVotes(182)) - c01dc21c-c6d3-4daa-9385-9c828aa890a1@group-C74863BF0161:LeaderElection16: begin an election at term 1 for -1: [d394239f-4003-4980-a11f-9e9a96bc4c4f:192.168.36.113:33987, 08300216-d630-4cd9-aee9-766608000298:192.168.36.113:34226, c01dc21c-c6d3-4daa-9385-9c828aa890a1:192.168.36.113:38647], old=null
2019-09-10 19:03:17,110 [d394239f-4003-4980-a11f-9e9a96bc4c4f@group-C74863BF0161:LeaderElection17] INFO  impl.LeaderElection (LeaderElection.java:askForVotes(182)) - d394239f-4003-4980-a11f-9e9a96bc4c4f@group-C74863BF0161:LeaderElection17: begin an election at term 1 for -1: [d394239f-4003-4980-a11f-9e9a96bc4c4f:192.168.36.113:33987, 08300216-d630-4cd9-aee9-766608000298:192.168.36.113:34226, c01dc21c-c6d3-4daa-9385-9c828aa890a1:192.168.36.113:38647], old=null
2019-09-10 19:03:17,115 [c01dc21c-c6d3-4daa-9385-9c828aa890a1@group-C74863BF0161:LeaderElection16] INFO  impl.LeaderElection (LeaderElection.java:logAndReturn(56)) - c01dc21c-c6d3-4daa-9385-9c828aa890a1@group-C74863BF0161:LeaderElection16: Election REJECTED; received 2 response(s) [c01dc21c-c6d3-4daa-9385-9c828aa890a1<-d394239f-4003-4980-a11f-9e9a96bc4c4f#0:FAIL-t1, c01dc21c-c6d3-4daa-9385-9c828aa890a1<-08300216-d630-4cd9-aee9-766608000298#0:FAIL-t1] and 0 exception(s); c01dc21c-c6d3-4daa-9385-9c828aa890a1@group-C74863BF0161:t1, leader=null, voted=c01dc21c-c6d3-4daa-9385-9c828aa890a1, raftlog=c01dc21c-c6d3-4daa-9385-9c828aa890a1@group-C74863BF0161-SegmentedRaftLog:OPENED:c-1,f-1,i0, conf=-1: [d394239f-4003-4980-a11f-9e9a96bc4c4f:192.168.36.113:33987, 08300216-d630-4cd9-aee9-766608000298:192.168.36.113:34226, c01dc21c-c6d3-4daa-9385-9c828aa890a1:192.168.36.113:38647], old=null
2019-09-10 19:03:17,116 [c01dc21c-c6d3-4daa-9385-9c828aa890a1@group-C74863BF0161:LeaderElection16] INFO  impl.RaftServerImpl (RaftServerImpl.java:setRole(174)) - c01dc21c-c6d3-4daa-9385-9c828aa890a1@group-C74863BF0161: changes role from CANDIDATE to FOLLOWER at term 1 for DISCOVERED_A_NEW_TERM
2019-09-10 19:03:17,120 [c01dc21c-c6d3-4daa-9385-9c828aa890a1@group-C74863BF0161:LeaderElection16] INFO  impl.RoleInfo (RoleInfo.java:shutdownLeaderElection(134)) - c01dc21c-c6d3-4daa-9385-9c828aa890a1: shutdown LeaderElection
2019-09-10 19:03:17,120 [c01dc21c-c6d3-4daa-9385-9c828aa890a1@group-C74863BF0161:LeaderElection16] INFO  impl.RoleInfo (RoleInfo.java:updateAndGet(143)) - c01dc21c-c6d3-4daa-9385-9c828aa890a1: start FollowerState
2019-09-10 19:03:17,122 [08300216-d630-4cd9-aee9-766608000298@group-C74863BF0161:LeaderElection15] INFO  impl.LeaderElection (LeaderElection.java:logAndReturn(56)) - 08300216-d630-4cd9-aee9-766608000298@group-C74863BF0161:LeaderElection15: Election REJECTED; received 2 response(s) [08300216-d630-4cd9-aee9-766608000298<-d394239f-4003-4980-a11f-9e9a96bc4c4f#0:FAIL-t1, 08300216-d630-4cd9-aee9-766608000298<-c01dc21c-c6d3-4daa-9385-9c828aa890a1#0:FAIL-t1] and 0 exception(s); 08300216-d630-4cd9-aee9-766608000298@group-C74863BF0161:t1, leader=null, voted=08300216-d630-4cd9-aee9-766608000298, raftlog=08300216-d630-4cd9-aee9-766608000298@group-C74863BF0161-SegmentedRaftLog:OPENED:c-1,f-1,i0, conf=-1: [d394239f-4003-4980-a11f-9e9a96bc4c4f:192.168.36.113:33987, 08300216-d630-4cd9-aee9-766608000298:192.168.36.113:34226, c01dc21c-c6d3-4daa-9385-9c828aa890a1:192.168.36.113:38647], old=null
2019-09-10 19:03:17,122 [08300216-d630-4cd9-aee9-766608000298@group-C74863BF0161:LeaderElection15] INFO  impl.RaftServerImpl (RaftServerImpl.java:setRole(174)) - 08300216-d630-4cd9-aee9-766608000298@group-C74863BF0161: changes role from CANDIDATE to FOLLOWER at term 1 for DISCOVERED_A_NEW_TERM
2019-09-10 19:03:17,125 [08300216-d630-4cd9-aee9-766608000298@group-C74863BF0161:LeaderElection15] INFO  impl.RoleInfo (RoleInfo.java:shutdownLeaderElection(134)) - 08300216-d630-4cd9-aee9-766608000298: shutdown LeaderElection
2019-09-10 19:03:17,122 [d394239f-4003-4980-a11f-9e9a96bc4c4f@group-C74863BF0161:LeaderElection17] INFO  impl.LeaderElection (LeaderElection.java:logAndReturn(56)) - d394239f-4003-4980-a11f-9e9a96bc4c4f@group-C74863BF0161:LeaderElection17: Election REJECTED; received 2 response(s) [d394239f-4003-4980-a11f-9e9a96bc4c4f<-08300216-d630-4cd9-aee9-766608000298#0:FAIL-t1, d394239f-4003-4980-a11f-9e9a96bc4c4f<-c01dc21c-c6d3-4daa-9385-9c828aa890a1#0:FAIL-t1] and 0 exception(s); d394239f-4003-4980-a11f-9e9a96bc4c4f@group-C74863BF0161:t1, leader=null, voted=d394239f-4003-4980-a11f-9e9a96bc4c4f, raftlog=d394239f-4003-4980-a11f-9e9a96bc4c4f@group-C74863BF0161-SegmentedRaftLog:OPENED:c-1,f-1,i0, conf=-1: [d394239f-4003-4980-a11f-9e9a96bc4c4f:192.168.36.113:33987, 08300216-d630-4cd9-aee9-766608000298:192.168.36.113:34226, c01dc21c-c6d3-4daa-9385-9c828aa890a1:192.168.36.113:38647], old=null
2019-09-10 19:03:17,125 [08300216-d630-4cd9-aee9-766608000298@group-C74863BF0161:LeaderElection15] INFO  impl.RoleInfo (RoleInfo.java:updateAndGet(143)) - 08300216-d630-4cd9-aee9-766608000298: start FollowerState
2019-09-10 19:03:17,125 [d394239f-4003-4980-a11f-9e9a96bc4c4f@group-C74863BF0161:LeaderElection17] INFO  impl.RaftServerImpl (RaftServerImpl.java:setRole(174)) - d394239f-4003-4980-a11f-9e9a96bc4c4f@group-C74863BF0161: changes role from CANDIDATE to FOLLOWER at term 1 for DISCOVERED_A_NEW_TERM
2019-09-10 19:03:17,129 [d394239f-4003-4980-a11f-9e9a96bc4c4f@group-C74863BF0161:LeaderElection17] INFO  impl.RoleInfo (RoleInfo.java:shutdownLeaderElection(134)) - d394239f-4003-4980-a11f-9e9a96bc4c4f: shutdown LeaderElection
2019-09-10 19:03:17,131 [d394239f-4003-4980-a11f-9e9a96bc4c4f@group-C74863BF0161:LeaderElection17] INFO  impl.RoleInfo (RoleInfo.java:updateAndGet(143)) - d394239f-4003-4980-a11f-9e9a96bc4c4f: start FollowerState
2019-09-10 19:03:18,178 [grpc-default-executor-4] INFO  client.GrpcClientProtocolClient (GrpcClientProtocolClient.java:onNext(264)) - client-4EEF7FFC2E17->08300216-d630-4cd9-aee9-766608000298: receive RaftClientReply:client-4EEF7FFC2E17->08300216-d630-4cd9-aee9-766608000298@group-996C1A0A52D8, cid=33, FAILED org.apache.ratis.protocol.NotLeaderException: Server 08300216-d630-4cd9-aee9-766608000298@group-996C1A0A52D8 is not the leader d394239f-4003-4980-a11f-9e9a96bc4c4f:192.168.36.113:33987, logIndex=0, commits[08300216-d630-4cd9-aee9-766608000298:c12, d394239f-4003-4980-a11f-9e9a96bc4c4f:c12, c01dc21c-c6d3-4daa-9385-9c828aa890a1:c10]
2019-09-10 19:03:19,073 [org.apache.ratis.server.impl.LogAppender$AppenderDaemon$$Lambda$505/327848963@1e066850] ERROR ratis.XceiverServerRatis (XceiverServerRatis.java:triggerPipelineClose(568)) - pipeline Action CLOSE  on pipeline PipelineID=51ee26b8-1336-4450-8264-996c1a0a52d8.Reason : d394239f-4003-4980-a11f-9e9a96bc4c4f has not seen follower/s 08300216-d630-4cd9-aee9-766608000298 for 167638ms c01dc21c-c6d3-4daa-9385-9c828aa890a1 for 167634ms
2019-09-10 19:03:19,073 [org.apache.ratis.server.impl.LogAppender$AppenderDaemon$$Lambda$505/327848963@5d0c1f7] ERROR ratis.XceiverServerRatis (XceiverServerRatis.java:triggerPipelineClose(568)) - pipeline Action CLOSE  on pipeline PipelineID=51ee26b8-1336-4450-8264-996c1a0a52d8.Reason : d394239f-4003-4980-a11f-9e9a96bc4c4f has not seen follower/s 08300216-d630-4cd9-aee9-766608000298 for 167638ms c01dc21c-c6d3-4daa-9385-9c828aa890a1 for 167634ms
2019-09-10 19:03:19,572 [java.util.concurrent.ThreadPoolExecutor$Worker@753f42ff[State = -1, empty queue]] WARN  server.GrpcLogAppender (GrpcLogAppender.java:timeoutAppendRequest(200)) - d394239f-4003-4980-a11f-9e9a96bc4c4f@group-996C1A0A52D8->08300216-d630-4cd9-aee9-766608000298-GrpcLogAppender: appendEntries Timeout, request=d394239f-4003-4980-a11f-9e9a96bc4c4f->08300216-d630-4cd9-aee9-766608000298#160-t2, previous=(t:2, i:19), leaderCommit=12, initializing? false, entries: <empty>
2019-09-10 19:03:19,572 [java.util.concurrent.ThreadPoolExecutor$Worker@6afaa2aa[State = -1, empty queue]] WARN  server.GrpcLogAppender (GrpcLogAppender.java:timeoutAppendRequest(200)) - d394239f-4003-4980-a11f-9e9a96bc4c4f@group-996C1A0A52D8->c01dc21c-c6d3-4daa-9385-9c828aa890a1-GrpcLogAppender: appendEntries Timeout, request=d394239f-4003-4980-a11f-9e9a96bc4c4f->c01dc21c-c6d3-4daa-9385-9c828aa890a1#160-t2, previous=(t:2, i:19), leaderCommit=12, initializing? false, entries: <empty>
2019-09-10 19:03:20,055 [EventQueue-PipelineActionsForPipelineActionHandler] ERROR pipeline.PipelineActionHandler (PipelineActionHandler.java:onMessage(60)) - Received pipeline action CLOSE for Pipeline[ Id: 51ee26b8-1336-4450-8264-996c1a0a52d8, Nodes: c01dc21c-c6d3-4daa-9385-9c828aa890a1{ip: 192.168.36.113, host: pr-hdds-1982-decom-states-gjzbw-1854142291, networkLocation: /default-rack, certSerialId: null}08300216-d630-4cd9-aee9-766608000298{ip: 192.168.36.113, host: pr-hdds-1982-decom-states-gjzbw-1854142291, networkLocation: /default-rack, certSerialId: null}d394239f-4003-4980-a11f-9e9a96bc4c4f{ip: 192.168.36.113, host: pr-hdds-1982-decom-states-gjzbw-1854142291, networkLocation: /default-rack, certSerialId: null}, Type:RATIS, Factor:THREE, State:CLOSED] from datanode d394239f-4003-4980-a11f-9e9a96bc4c4f{ip: 192.168.36.113, host: pr-hdds-1982-decom-states-gjzbw-1854142291, networkLocation: /default-rack, certSerialId: null}. Reason : d394239f-4003-4980-a11f-9e9a96bc4c4f has not seen follower/s 08300216-d630-4cd9-aee9-766608000298 for 167638ms c01dc21c-c6d3-4daa-9385-9c828aa890a1 for 167634ms
2019-09-10 19:03:20,055 [EventQueue-PipelineActionsForPipelineActionHandler] INFO  pipeline.SCMPipelineManager (SCMPipelineManager.java:finalizeAndDestroyPipeline(311)) - destroying pipeline:Pipeline[ Id: 51ee26b8-1336-4450-8264-996c1a0a52d8, Nodes: c01dc21c-c6d3-4daa-9385-9c828aa890a1{ip: 192.168.36.113, host: pr-hdds-1982-decom-states-gjzbw-1854142291, networkLocation: /default-rack, certSerialId: null}08300216-d630-4cd9-aee9-766608000298{ip: 192.168.36.113, host: pr-hdds-1982-decom-states-gjzbw-1854142291, networkLocation: /default-rack, certSerialId: null}d394239f-4003-4980-a11f-9e9a96bc4c4f{ip: 192.168.36.113, host: pr-hdds-1982-decom-states-gjzbw-1854142291, networkLocation: /default-rack, certSerialId: null}, Type:RATIS, Factor:THREE, State:CLOSED]
2019-09-10 19:03:21,574 [org.apache.ratis.server.impl.LogAppender$AppenderDaemon$$Lambda$505/327848963@5d0c1f7] ERROR ratis.XceiverServerRatis (XceiverServerRatis.java:triggerPipelineClose(568)) - pipeline Action CLOSE  on pipeline PipelineID=51ee26b8-1336-4450-8264-996c1a0a52d8.Reason : d394239f-4003-4980-a11f-9e9a96bc4c4f has not seen follower/s 08300216-d630-4cd9-aee9-766608000298 for 170139ms c01dc21c-c6d3-4daa-9385-9c828aa890a1 for 170135ms
2019-09-10 19:03:21,574 [org.apache.ratis.server.impl.LogAppender$AppenderDaemon$$Lambda$505/327848963@1e066850] ERROR ratis.XceiverServerRatis (XceiverServerRatis.java:triggerPipelineClose(568)) - pipeline Action CLOSE  on pipeline PipelineID=51ee26b8-1336-4450-8264-996c1a0a52d8.Reason : d394239f-4003-4980-a11f-9e9a96bc4c4f has not seen follower/s 08300216-d630-4cd9-aee9-766608000298 for 170139ms c01dc21c-c6d3-4daa-9385-9c828aa890a1 for 170135ms
2019-09-10 19:03:21,618 [c01dc21c-c6d3-4daa-9385-9c828aa890a1@group-996C1A0A52D8-SegmentedRaftLogWorker] WARN  segmented.SegmentedRaftLogWorker (SegmentedRaftLogWorker.java:getFromFuture(90)) - Timeout 16/~
org.apache.ratis.protocol.TimeoutIOException: Timeout 10s: WriteLog:13: (t:2, i:13), STATEMACHINELOGENTRY, client-4EEF7FFC2E17, cid=33-writeStateMachineData
	at org.apache.ratis.util.IOUtils.getFromFuture(IOUtils.java:87)
	at org.apache.ratis.server.raftlog.segmented.SegmentedRaftLogWorker$StateMachineDataPolicy.getFromFuture(SegmentedRaftLogWorker.java:87)
	at org.apache.ratis.server.raftlog.segmented.SegmentedRaftLogWorker$WriteLog.execute(SegmentedRaftLogWorker.java:477)
	at org.apache.ratis.server.raftlog.segmented.SegmentedRaftLogWorker.run(SegmentedRaftLogWorker.java:289)
	at java.lang.Thread.run(Thread.java:748)
Caused by: java.util.concurrent.TimeoutException
	at java.util.concurrent.CompletableFuture.timedGet(CompletableFuture.java:1771)
	at java.util.concurrent.CompletableFuture.get(CompletableFuture.java:1915)
	at org.apache.ratis.util.IOUtils.getFromFuture(IOUtils.java:79)
	... 4 more
2019-09-10 19:03:21,655 [08300216-d630-4cd9-aee9-766608000298@group-996C1A0A52D8-SegmentedRaftLogWorker] WARN  segmented.SegmentedRaftLogWorker (SegmentedRaftLogWorker.java:getFromFuture(90)) - Timeout 16/~
org.apache.ratis.protocol.TimeoutIOException: Timeout 10s: WriteLog:13: (t:2, i:13), STATEMACHINELOGENTRY, client-4EEF7FFC2E17, cid=33-writeStateMachineData
	at org.apache.ratis.util.IOUtils.getFromFuture(IOUtils.java:87)
	at org.apache.ratis.server.raftlog.segmented.SegmentedRaftLogWorker$StateMachineDataPolicy.getFromFuture(SegmentedRaftLogWorker.java:87)
	at org.apache.ratis.server.raftlog.segmented.SegmentedRaftLogWorker$WriteLog.execute(SegmentedRaftLogWorker.java:477)
	at org.apache.ratis.server.raftlog.segmented.SegmentedRaftLogWorker.run(SegmentedRaftLogWorker.java:289)
	at java.lang.Thread.run(Thread.java:748)
Caused by: java.util.concurrent.TimeoutException
	at java.util.concurrent.CompletableFuture.timedGet(CompletableFuture.java:1771)
	at java.util.concurrent.CompletableFuture.get(CompletableFuture.java:1915)
	at org.apache.ratis.util.IOUtils.getFromFuture(IOUtils.java:79)
	... 4 more
2019-09-10 19:03:21,904 [d394239f-4003-4980-a11f-9e9a96bc4c4f@group-996C1A0A52D8-SegmentedRaftLogWorker] WARN  segmented.SegmentedRaftLogWorker (SegmentedRaftLogWorker.java:getFromFuture(90)) - Timeout 16/~
org.apache.ratis.protocol.TimeoutIOException: Timeout 10s: WriteLog:16: (t:2, i:16), STATEMACHINELOGENTRY, client-4EEF7FFC2E17, cid=36-writeStateMachineData
	at org.apache.ratis.util.IOUtils.getFromFuture(IOUtils.java:87)
	at org.apache.ratis.server.raftlog.segmented.SegmentedRaftLogWorker$StateMachineDataPolicy.getFromFuture(SegmentedRaftLogWorker.java:87)
	at org.apache.ratis.server.raftlog.segmented.SegmentedRaftLogWorker$WriteLog.execute(SegmentedRaftLogWorker.java:477)
	at org.apache.ratis.server.raftlog.segmented.SegmentedRaftLogWorker.run(SegmentedRaftLogWorker.java:289)
	at java.lang.Thread.run(Thread.java:748)
Caused by: java.util.concurrent.TimeoutException
	at java.util.concurrent.CompletableFuture.timedGet(CompletableFuture.java:1771)
	at java.util.concurrent.CompletableFuture.get(CompletableFuture.java:1915)
	at org.apache.ratis.util.IOUtils.getFromFuture(IOUtils.java:79)
	... 4 more
2019-09-10 19:03:22,055 [EventQueue-PipelineActionsForPipelineActionHandler] ERROR pipeline.PipelineActionHandler (PipelineActionHandler.java:onMessage(60)) - Received pipeline action CLOSE for Pipeline[ Id: 51ee26b8-1336-4450-8264-996c1a0a52d8, Nodes: c01dc21c-c6d3-4daa-9385-9c828aa890a1{ip: 192.168.36.113, host: pr-hdds-1982-decom-states-gjzbw-1854142291, networkLocation: /default-rack, certSerialId: null}08300216-d630-4cd9-aee9-766608000298{ip: 192.168.36.113, host: pr-hdds-1982-decom-states-gjzbw-1854142291, networkLocation: /default-rack, certSerialId: null}d394239f-4003-4980-a11f-9e9a96bc4c4f{ip: 192.168.36.113, host: pr-hdds-1982-decom-states-gjzbw-1854142291, networkLocation: /default-rack, certSerialId: null}, Type:RATIS, Factor:THREE, State:CLOSED] from datanode d394239f-4003-4980-a11f-9e9a96bc4c4f{ip: 192.168.36.113, host: pr-hdds-1982-decom-states-gjzbw-1854142291, networkLocation: /default-rack, certSerialId: null}. Reason : d394239f-4003-4980-a11f-9e9a96bc4c4f has not seen follower/s 08300216-d630-4cd9-aee9-766608000298 for 170139ms c01dc21c-c6d3-4daa-9385-9c828aa890a1 for 170135ms
2019-09-10 19:03:22,055 [EventQueue-PipelineActionsForPipelineActionHandler] INFO  pipeline.SCMPipelineManager (SCMPipelineManager.java:finalizeAndDestroyPipeline(311)) - destroying pipeline:Pipeline[ Id: 51ee26b8-1336-4450-8264-996c1a0a52d8, Nodes: c01dc21c-c6d3-4daa-9385-9c828aa890a1{ip: 192.168.36.113, host: pr-hdds-1982-decom-states-gjzbw-1854142291, networkLocation: /default-rack, certSerialId: null}08300216-d630-4cd9-aee9-766608000298{ip: 192.168.36.113, host: pr-hdds-1982-decom-states-gjzbw-1854142291, networkLocation: /default-rack, certSerialId: null}d394239f-4003-4980-a11f-9e9a96bc4c4f{ip: 192.168.36.113, host: pr-hdds-1982-decom-states-gjzbw-1854142291, networkLocation: /default-rack, certSerialId: null}, Type:RATIS, Factor:THREE, State:CLOSED]
2019-09-10 19:03:22,072 [java.util.concurrent.ThreadPoolExecutor$Worker@753f42ff[State = -1, empty queue]] WARN  server.GrpcLogAppender (GrpcLogAppender.java:timeoutAppendRequest(200)) - d394239f-4003-4980-a11f-9e9a96bc4c4f@group-996C1A0A52D8->08300216-d630-4cd9-aee9-766608000298-GrpcLogAppender: appendEntries Timeout, request=d394239f-4003-4980-a11f-9e9a96bc4c4f->08300216-d630-4cd9-aee9-766608000298#161-t2, previous=(t:2, i:19), leaderCommit=12, initializing? false, entries: <empty>
2019-09-10 19:03:22,073 [java.util.concurrent.ThreadPoolExecutor$Worker@6afaa2aa[State = -1, empty queue]] WARN  server.GrpcLogAppender (GrpcLogAppender.java:timeoutAppendRequest(200)) - d394239f-4003-4980-a11f-9e9a96bc4c4f@group-996C1A0A52D8->c01dc21c-c6d3-4daa-9385-9c828aa890a1-GrpcLogAppender: appendEntries Timeout, request=d394239f-4003-4980-a11f-9e9a96bc4c4f->c01dc21c-c6d3-4daa-9385-9c828aa890a1#161-t2, previous=(t:2, i:19), leaderCommit=12, initializing? false, entries: <empty>
2019-09-10 19:03:22,185 [Thread-1386] INFO  impl.FollowerState (FollowerState.java:run(106)) - d394239f-4003-4980-a11f-9e9a96bc4c4f:group-C74863BF0161 changes to CANDIDATE, lastRpcTime:5053, electionTimeout:5051ms
2019-09-10 19:03:22,185 [Thread-1386] INFO  impl.RoleInfo (RoleInfo.java:shutdownFollowerState(121)) - d394239f-4003-4980-a11f-9e9a96bc4c4f: shutdown FollowerState
2019-09-10 19:03:22,186 [Thread-1386] INFO  impl.RaftServerImpl (RaftServerImpl.java:setRole(174)) - d394239f-4003-4980-a11f-9e9a96bc4c4f@group-C74863BF0161: changes role from  FOLLOWER to CANDIDATE at term 1 for changeToCandidate
2019-09-10 19:03:22,186 [Thread-1386] INFO  impl.RoleInfo (RoleInfo.java:updateAndGet(143)) - d394239f-4003-4980-a11f-9e9a96bc4c4f: start LeaderElection
2019-09-10 19:03:22,217 [d394239f-4003-4980-a11f-9e9a96bc4c4f@group-C74863BF0161:LeaderElection18] INFO  impl.LeaderElection (LeaderElection.java:askForVotes(182)) - d394239f-4003-4980-a11f-9e9a96bc4c4f@group-C74863BF0161:LeaderElection18: begin an election at term 2 for -1: [d394239f-4003-4980-a11f-9e9a96bc4c4f:192.168.36.113:33987, 08300216-d630-4cd9-aee9-766608000298:192.168.36.113:34226, c01dc21c-c6d3-4daa-9385-9c828aa890a1:192.168.36.113:38647], old=null
2019-09-10 19:03:22,220 [grpc-default-executor-4] INFO  impl.RaftServerImpl (RaftServerImpl.java:setRole(174)) - 08300216-d630-4cd9-aee9-766608000298@group-C74863BF0161: changes role from  FOLLOWER to FOLLOWER at term 2 for recognizeCandidate:d394239f-4003-4980-a11f-9e9a96bc4c4f
2019-09-10 19:03:22,220 [grpc-default-executor-2] INFO  impl.RaftServerImpl (RaftServerImpl.java:setRole(174)) - c01dc21c-c6d3-4daa-9385-9c828aa890a1@group-C74863BF0161: changes role from  FOLLOWER to FOLLOWER at term 2 for recognizeCandidate:d394239f-4003-4980-a11f-9e9a96bc4c4f
2019-09-10 19:03:22,220 [grpc-default-executor-4] INFO  impl.RoleInfo (RoleInfo.java:shutdownFollowerState(121)) - 08300216-d630-4cd9-aee9-766608000298: shutdown FollowerState
2019-09-10 19:03:22,221 [grpc-default-executor-2] INFO  impl.RoleInfo (RoleInfo.java:shutdownFollowerState(121)) - c01dc21c-c6d3-4daa-9385-9c828aa890a1: shutdown FollowerState
2019-09-10 19:03:22,221 [grpc-default-executor-4] INFO  impl.RoleInfo (RoleInfo.java:updateAndGet(143)) - 08300216-d630-4cd9-aee9-766608000298: start FollowerState
2019-09-10 19:03:22,221 [grpc-default-executor-2] INFO  impl.RoleInfo (RoleInfo.java:updateAndGet(143)) - c01dc21c-c6d3-4daa-9385-9c828aa890a1: start FollowerState
2019-09-10 19:03:22,221 [Thread-1385] INFO  impl.FollowerState (FollowerState.java:run(115)) - 08300216-d630-4cd9-aee9-766608000298: FollowerState was interrupted: java.lang.InterruptedException: sleep interrupted
2019-09-10 19:03:22,221 [Thread-1384] INFO  impl.FollowerState (FollowerState.java:run(115)) - c01dc21c-c6d3-4daa-9385-9c828aa890a1: FollowerState was interrupted: java.lang.InterruptedException: sleep interrupted
2019-09-10 19:03:22,247 [d394239f-4003-4980-a11f-9e9a96bc4c4f@group-C74863BF0161:LeaderElection18] INFO  impl.LeaderElection (LeaderElection.java:logAndReturn(56)) - d394239f-4003-4980-a11f-9e9a96bc4c4f@group-C74863BF0161:LeaderElection18: Election PASSED; received 1 response(s) [d394239f-4003-4980-a11f-9e9a96bc4c4f<-c01dc21c-c6d3-4daa-9385-9c828aa890a1#0:OK-t2] and 0 exception(s); d394239f-4003-4980-a11f-9e9a96bc4c4f@group-C74863BF0161:t2, leader=null, voted=d394239f-4003-4980-a11f-9e9a96bc4c4f, raftlog=d394239f-4003-4980-a11f-9e9a96bc4c4f@group-C74863BF0161-SegmentedRaftLog:OPENED:c-1,f-1,i0, conf=-1: [d394239f-4003-4980-a11f-9e9a96bc4c4f:192.168.36.113:33987, 08300216-d630-4cd9-aee9-766608000298:192.168.36.113:34226, c01dc21c-c6d3-4daa-9385-9c828aa890a1:192.168.36.113:38647], old=null
2019-09-10 19:03:22,248 [d394239f-4003-4980-a11f-9e9a96bc4c4f@group-C74863BF0161:LeaderElection18] INFO  impl.RoleInfo (RoleInfo.java:shutdownLeaderElection(134)) - d394239f-4003-4980-a11f-9e9a96bc4c4f: shutdown LeaderElection
2019-09-10 19:03:22,258 [d394239f-4003-4980-a11f-9e9a96bc4c4f@group-C74863BF0161:LeaderElection18] INFO  impl.RaftServerImpl (RaftServerImpl.java:setRole(174)) - d394239f-4003-4980-a11f-9e9a96bc4c4f@group-C74863BF0161: changes role from CANDIDATE to LEADER at term 2 for changeToLeader
2019-09-10 19:03:22,259 [d394239f-4003-4980-a11f-9e9a96bc4c4f@group-C74863BF0161:LeaderElection18] INFO  impl.RaftServerImpl (ServerState.java:setLeader(253)) - d394239f-4003-4980-a11f-9e9a96bc4c4f@group-C74863BF0161: change Leader from null to d394239f-4003-4980-a11f-9e9a96bc4c4f at term 2 for becomeLeader, leader elected after 10226ms
2019-09-10 19:03:22,259 [d394239f-4003-4980-a11f-9e9a96bc4c4f@group-C74863BF0161:LeaderElection18] INFO  server.RaftServerConfigKeys (ConfUtils.java:logGet(43)) - raft.server.staging.catchup.gap = 1000 (default)
2019-09-10 19:03:22,259 [d394239f-4003-4980-a11f-9e9a96bc4c4f@group-C74863BF0161:LeaderElection18] INFO  server.RaftServerConfigKeys (ConfUtils.java:logGet(43)) - raft.server.rpc.sleep.time = 25ms (default)
2019-09-10 19:03:22,259 [d394239f-4003-4980-a11f-9e9a96bc4c4f@group-C74863BF0161:LeaderElection18] INFO  server.RaftServerConfigKeys (ConfUtils.java:logGet(43)) - raft.server.write.element-limit = 4096 (default)
2019-09-10 19:03:22,260 [d394239f-4003-4980-a11f-9e9a96bc4c4f@group-C74863BF0161:LeaderElection18] INFO  server.RaftServerConfigKeys (ConfUtils.java:logGet(43)) - raft.server.watch.timeout = 10s (default)
2019-09-10 19:03:22,260 [d394239f-4003-4980-a11f-9e9a96bc4c4f@group-C74863BF0161:LeaderElection18] INFO  server.RaftServerConfigKeys (ConfUtils.java:logGet(43)) - raft.server.watch.timeout.denomination = 1s (default)
2019-09-10 19:03:22,260 [d394239f-4003-4980-a11f-9e9a96bc4c4f@group-C74863BF0161:LeaderElection18] INFO  server.RaftServerConfigKeys (ConfUtils.java:logGet(43)) - raft.server.watch.element-limit = 65536 (default)
2019-09-10 19:03:22,264 [d394239f-4003-4980-a11f-9e9a96bc4c4f@group-C74863BF0161:LeaderElection18] INFO  server.RaftServerConfigKeys (ConfUtils.java:logGet(43)) - raft.server.log.appender.snapshot.chunk.size.max = 16MB (=16777216) (default)
2019-09-10 19:03:22,264 [d394239f-4003-4980-a11f-9e9a96bc4c4f@group-C74863BF0161:LeaderElection18] INFO  server.RaftServerConfigKeys (ConfUtils.java:logGet(43)) - raft.server.log.appender.buffer.byte-limit = 33554432 (custom)
2019-09-10 19:03:22,264 [d394239f-4003-4980-a11f-9e9a96bc4c4f@group-C74863BF0161:LeaderElection18] INFO  server.RaftServerConfigKeys (ConfUtils.java:logGet(43)) - raft.server.log.appender.buffer.element-limit = 1 (custom)
2019-09-10 19:03:22,265 [d394239f-4003-4980-a11f-9e9a96bc4c4f@group-C74863BF0161:LeaderElection18] INFO  grpc.GrpcConfigKeys$Server (ConfUtils.java:logGet(43)) - raft.grpc.server.leader.outstanding.appends.max = 128 (default)
2019-09-10 19:03:22,265 [d394239f-4003-4980-a11f-9e9a96bc4c4f@group-C74863BF0161:LeaderElection18] INFO  server.RaftServerConfigKeys (ConfUtils.java:logGet(43)) - raft.server.rpc.request.timeout = 3000ms (default)
2019-09-10 19:03:22,265 [d394239f-4003-4980-a11f-9e9a96bc4c4f@group-C74863BF0161:LeaderElection18] INFO  server.RaftServerConfigKeys (ConfUtils.java:logGet(43)) - raft.server.log.appender.install.snapshot.enabled = false (custom)
2019-09-10 19:03:22,265 [d394239f-4003-4980-a11f-9e9a96bc4c4f@group-C74863BF0161:LeaderElection18] INFO  server.RaftServerConfigKeys (ConfUtils.java:logGet(43)) - raft.server.log.appender.snapshot.chunk.size.max = 16MB (=16777216) (default)
2019-09-10 19:03:22,266 [d394239f-4003-4980-a11f-9e9a96bc4c4f@group-C74863BF0161:LeaderElection18] INFO  server.RaftServerConfigKeys (ConfUtils.java:logGet(43)) - raft.server.log.appender.buffer.byte-limit = 33554432 (custom)
2019-09-10 19:03:22,266 [d394239f-4003-4980-a11f-9e9a96bc4c4f@group-C74863BF0161:LeaderElection18] INFO  server.RaftServerConfigKeys (ConfUtils.java:logGet(43)) - raft.server.log.appender.buffer.element-limit = 1 (custom)
2019-09-10 19:03:22,266 [d394239f-4003-4980-a11f-9e9a96bc4c4f@group-C74863BF0161:LeaderElection18] INFO  grpc.GrpcConfigKeys$Server (ConfUtils.java:logGet(43)) - raft.grpc.server.leader.outstanding.appends.max = 128 (default)
2019-09-10 19:03:22,266 [d394239f-4003-4980-a11f-9e9a96bc4c4f@group-C74863BF0161:LeaderElection18] INFO  server.RaftServerConfigKeys (ConfUtils.java:logGet(43)) - raft.server.rpc.request.timeout = 3000ms (default)
2019-09-10 19:03:22,266 [d394239f-4003-4980-a11f-9e9a96bc4c4f@group-C74863BF0161:LeaderElection18] INFO  server.RaftServerConfigKeys (ConfUtils.java:logGet(43)) - raft.server.log.appender.install.snapshot.enabled = false (custom)
2019-09-10 19:03:22,267 [d394239f-4003-4980-a11f-9e9a96bc4c4f@group-C74863BF0161:LeaderElection18] INFO  impl.RoleInfo (RoleInfo.java:updateAndGet(143)) - d394239f-4003-4980-a11f-9e9a96bc4c4f: start LeaderState
2019-09-10 19:03:22,267 [d394239f-4003-4980-a11f-9e9a96bc4c4f@group-C74863BF0161:LeaderElection18] INFO  segmented.SegmentedRaftLogWorker (SegmentedRaftLogWorker.java:startLogSegment(380)) - d394239f-4003-4980-a11f-9e9a96bc4c4f@group-C74863BF0161-SegmentedRaftLogWorker: Starting segment from index:0
2019-09-10 19:03:22,269 [d394239f-4003-4980-a11f-9e9a96bc4c4f@group-C74863BF0161:LeaderElection18] INFO  impl.RaftServerImpl (ServerState.java:setRaftConf(354)) - d394239f-4003-4980-a11f-9e9a96bc4c4f@group-C74863BF0161: set configuration 0: [d394239f-4003-4980-a11f-9e9a96bc4c4f:192.168.36.113:33987, 08300216-d630-4cd9-aee9-766608000298:192.168.36.113:34226, c01dc21c-c6d3-4daa-9385-9c828aa890a1:192.168.36.113:38647], old=null at 0
2019-09-10 19:03:22,269 [grpc-default-executor-2] INFO  impl.RaftServerImpl (ServerState.java:setLeader(253)) - 08300216-d630-4cd9-aee9-766608000298@group-C74863BF0161: change Leader from null to d394239f-4003-4980-a11f-9e9a96bc4c4f at term 2 for appendEntries, leader elected after 10238ms
2019-09-10 19:03:22,270 [grpc-default-executor-2] INFO  impl.RaftServerImpl (ServerState.java:setLeader(253)) - c01dc21c-c6d3-4daa-9385-9c828aa890a1@group-C74863BF0161: change Leader from null to d394239f-4003-4980-a11f-9e9a96bc4c4f at term 2 for appendEntries, leader elected after 10239ms
2019-09-10 19:03:22,272 [grpc-default-executor-4] INFO  impl.RaftServerImpl (ServerState.java:setRaftConf(354)) - 08300216-d630-4cd9-aee9-766608000298@group-C74863BF0161: set configuration 0: [d394239f-4003-4980-a11f-9e9a96bc4c4f:192.168.36.113:33987, 08300216-d630-4cd9-aee9-766608000298:192.168.36.113:34226, c01dc21c-c6d3-4daa-9385-9c828aa890a1:192.168.36.113:38647], old=null at 0
2019-09-10 19:03:22,272 [grpc-default-executor-2] INFO  impl.RaftServerImpl (ServerState.java:setRaftConf(354)) - c01dc21c-c6d3-4daa-9385-9c828aa890a1@group-C74863BF0161: set configuration 0: [d394239f-4003-4980-a11f-9e9a96bc4c4f:192.168.36.113:33987, 08300216-d630-4cd9-aee9-766608000298:192.168.36.113:34226, c01dc21c-c6d3-4daa-9385-9c828aa890a1:192.168.36.113:38647], old=null at 0
2019-09-10 19:03:22,273 [grpc-default-executor-4] INFO  segmented.SegmentedRaftLogWorker (SegmentedRaftLogWorker.java:startLogSegment(380)) - 08300216-d630-4cd9-aee9-766608000298@group-C74863BF0161-SegmentedRaftLogWorker: Starting segment from index:0
2019-09-10 19:03:22,273 [grpc-default-executor-2] INFO  segmented.SegmentedRaftLogWorker (SegmentedRaftLogWorker.java:startLogSegment(380)) - c01dc21c-c6d3-4daa-9385-9c828aa890a1@group-C74863BF0161-SegmentedRaftLogWorker: Starting segment from index:0
2019-09-10 19:03:22,322 [d394239f-4003-4980-a11f-9e9a96bc4c4f@group-C74863BF0161-SegmentedRaftLogWorker] INFO  segmented.SegmentedRaftLogWorker (SegmentedRaftLogWorker.java:execute(569)) - d394239f-4003-4980-a11f-9e9a96bc4c4f@group-C74863BF0161-SegmentedRaftLogWorker: created new log segment /workdir/hadoop-ozone/integration-test/target/test-dir/MiniOzoneClusterImpl-72d52129-3591-4c41-bfb8-19f96584a10d/datanode-2/data/ratis/9db00ce0-e1fd-4b34-abfb-c74863bf0161/current/log_inprogress_0
2019-09-10 19:03:22,339 [c01dc21c-c6d3-4daa-9385-9c828aa890a1@group-C74863BF0161-SegmentedRaftLogWorker] INFO  segmented.SegmentedRaftLogWorker (SegmentedRaftLogWorker.java:execute(569)) - c01dc21c-c6d3-4daa-9385-9c828aa890a1@group-C74863BF0161-SegmentedRaftLogWorker: created new log segment /workdir/hadoop-ozone/integration-test/target/test-dir/MiniOzoneClusterImpl-72d52129-3591-4c41-bfb8-19f96584a10d/datanode-5/data/ratis/9db00ce0-e1fd-4b34-abfb-c74863bf0161/current/log_inprogress_0
2019-09-10 19:03:22,339 [08300216-d630-4cd9-aee9-766608000298@group-C74863BF0161-SegmentedRaftLogWorker] INFO  segmented.SegmentedRaftLogWorker (SegmentedRaftLogWorker.java:execute(569)) - 08300216-d630-4cd9-aee9-766608000298@group-C74863BF0161-SegmentedRaftLogWorker: created new log segment /workdir/hadoop-ozone/integration-test/target/test-dir/MiniOzoneClusterImpl-72d52129-3591-4c41-bfb8-19f96584a10d/datanode-0/data/ratis/9db00ce0-e1fd-4b34-abfb-c74863bf0161/current/log_inprogress_0
2019-09-10 19:03:23,210 [grpc-default-executor-2] INFO  client.GrpcClientProtocolClient (GrpcClientProtocolClient.java:onNext(264)) - client-4EEF7FFC2E17->08300216-d630-4cd9-aee9-766608000298: receive RaftClientReply:client-4EEF7FFC2E17->08300216-d630-4cd9-aee9-766608000298@group-996C1A0A52D8, cid=33, FAILED org.apache.ratis.protocol.NotLeaderException: Server 08300216-d630-4cd9-aee9-766608000298@group-996C1A0A52D8 is not the leader d394239f-4003-4980-a11f-9e9a96bc4c4f:192.168.36.113:33987, logIndex=0, commits[08300216-d630-4cd9-aee9-766608000298:c12, d394239f-4003-4980-a11f-9e9a96bc4c4f:c12, c01dc21c-c6d3-4daa-9385-9c828aa890a1:c10]
2019-09-10 19:03:24,075 [org.apache.ratis.server.impl.LogAppender$AppenderDaemon$$Lambda$505/327848963@1e066850] ERROR ratis.XceiverServerRatis (XceiverServerRatis.java:triggerPipelineClose(568)) - pipeline Action CLOSE  on pipeline PipelineID=51ee26b8-1336-4450-8264-996c1a0a52d8.Reason : d394239f-4003-4980-a11f-9e9a96bc4c4f has not seen follower/s 08300216-d630-4cd9-aee9-766608000298 for 172640ms c01dc21c-c6d3-4daa-9385-9c828aa890a1 for 172636ms
2019-09-10 19:03:24,075 [org.apache.ratis.server.impl.LogAppender$AppenderDaemon$$Lambda$505/327848963@5d0c1f7] ERROR ratis.XceiverServerRatis (XceiverServerRatis.java:triggerPipelineClose(568)) - pipeline Action CLOSE  on pipeline PipelineID=51ee26b8-1336-4450-8264-996c1a0a52d8.Reason : d394239f-4003-4980-a11f-9e9a96bc4c4f has not seen follower/s 08300216-d630-4cd9-aee9-766608000298 for 172640ms c01dc21c-c6d3-4daa-9385-9c828aa890a1 for 172636ms
2019-09-10 19:03:24,574 [java.util.concurrent.ThreadPoolExecutor$Worker@6afaa2aa[State = -1, empty queue]] WARN  server.GrpcLogAppender (GrpcLogAppender.java:timeoutAppendRequest(200)) - d394239f-4003-4980-a11f-9e9a96bc4c4f@group-996C1A0A52D8->c01dc21c-c6d3-4daa-9385-9c828aa890a1-GrpcLogAppender: appendEntries Timeout, request=d394239f-4003-4980-a11f-9e9a96bc4c4f->c01dc21c-c6d3-4daa-9385-9c828aa890a1#162-t2, previous=(t:2, i:19), leaderCommit=12, initializing? false, entries: <empty>
2019-09-10 19:03:24,574 [java.util.concurrent.ThreadPoolExecutor$Worker@753f42ff[State = -1, empty queue]] WARN  server.GrpcLogAppender (GrpcLogAppender.java:timeoutAppendRequest(200)) - d394239f-4003-4980-a11f-9e9a96bc4c4f@group-996C1A0A52D8->08300216-d630-4cd9-aee9-766608000298-GrpcLogAppender: appendEntries Timeout, request=d394239f-4003-4980-a11f-9e9a96bc4c4f->08300216-d630-4cd9-aee9-766608000298#162-t2, previous=(t:2, i:19), leaderCommit=12, initializing? false, entries: <empty>
2019-09-10 19:03:25,063 [EventQueue-PipelineActionsForPipelineActionHandler] ERROR pipeline.PipelineActionHandler (PipelineActionHandler.java:onMessage(60)) - Received pipeline action CLOSE for Pipeline[ Id: 51ee26b8-1336-4450-8264-996c1a0a52d8, Nodes: c01dc21c-c6d3-4daa-9385-9c828aa890a1{ip: 192.168.36.113, host: pr-hdds-1982-decom-states-gjzbw-1854142291, networkLocation: /default-rack, certSerialId: null}08300216-d630-4cd9-aee9-766608000298{ip: 192.168.36.113, host: pr-hdds-1982-decom-states-gjzbw-1854142291, networkLocation: /default-rack, certSerialId: null}d394239f-4003-4980-a11f-9e9a96bc4c4f{ip: 192.168.36.113, host: pr-hdds-1982-decom-states-gjzbw-1854142291, networkLocation: /default-rack, certSerialId: null}, Type:RATIS, Factor:THREE, State:CLOSED] from datanode d394239f-4003-4980-a11f-9e9a96bc4c4f{ip: 192.168.36.113, host: pr-hdds-1982-decom-states-gjzbw-1854142291, networkLocation: /default-rack, certSerialId: null}. Reason : d394239f-4003-4980-a11f-9e9a96bc4c4f has not seen follower/s 08300216-d630-4cd9-aee9-766608000298 for 172640ms c01dc21c-c6d3-4daa-9385-9c828aa890a1 for 172636ms
2019-09-10 19:03:25,064 [EventQueue-PipelineActionsForPipelineActionHandler] INFO  pipeline.SCMPipelineManager (SCMPipelineManager.java:finalizeAndDestroyPipeline(311)) - destroying pipeline:Pipeline[ Id: 51ee26b8-1336-4450-8264-996c1a0a52d8, Nodes: c01dc21c-c6d3-4daa-9385-9c828aa890a1{ip: 192.168.36.113, host: pr-hdds-1982-decom-states-gjzbw-1854142291, networkLocation: /default-rack, certSerialId: null}08300216-d630-4cd9-aee9-766608000298{ip: 192.168.36.113, host: pr-hdds-1982-decom-states-gjzbw-1854142291, networkLocation: /default-rack, certSerialId: null}d394239f-4003-4980-a11f-9e9a96bc4c4f{ip: 192.168.36.113, host: pr-hdds-1982-decom-states-gjzbw-1854142291, networkLocation: /default-rack, certSerialId: null}, Type:RATIS, Factor:THREE, State:CLOSED]
2019-09-10 19:03:26,576 [org.apache.ratis.server.impl.LogAppender$AppenderDaemon$$Lambda$505/327848963@1e066850] ERROR ratis.XceiverServerRatis (XceiverServerRatis.java:triggerPipelineClose(568)) - pipeline Action CLOSE  on pipeline PipelineID=51ee26b8-1336-4450-8264-996c1a0a52d8.Reason : d394239f-4003-4980-a11f-9e9a96bc4c4f has not seen follower/s 08300216-d630-4cd9-aee9-766608000298 for 175141ms c01dc21c-c6d3-4daa-9385-9c828aa890a1 for 175137ms
2019-09-10 19:03:26,576 [org.apache.ratis.server.impl.LogAppender$AppenderDaemon$$Lambda$505/327848963@5d0c1f7] ERROR ratis.XceiverServerRatis (XceiverServerRatis.java:triggerPipelineClose(568)) - pipeline Action CLOSE  on pipeline PipelineID=51ee26b8-1336-4450-8264-996c1a0a52d8.Reason : d394239f-4003-4980-a11f-9e9a96bc4c4f has not seen follower/s 08300216-d630-4cd9-aee9-766608000298 for 175141ms c01dc21c-c6d3-4daa-9385-9c828aa890a1 for 175137ms
2019-09-10 19:03:27,064 [EventQueue-PipelineActionsForPipelineActionHandler] ERROR pipeline.PipelineActionHandler (PipelineActionHandler.java:onMessage(60)) - Received pipeline action CLOSE for Pipeline[ Id: 51ee26b8-1336-4450-8264-996c1a0a52d8, Nodes: c01dc21c-c6d3-4daa-9385-9c828aa890a1{ip: 192.168.36.113, host: pr-hdds-1982-decom-states-gjzbw-1854142291, networkLocation: /default-rack, certSerialId: null}08300216-d630-4cd9-aee9-766608000298{ip: 192.168.36.113, host: pr-hdds-1982-decom-states-gjzbw-1854142291, networkLocation: /default-rack, certSerialId: null}d394239f-4003-4980-a11f-9e9a96bc4c4f{ip: 192.168.36.113, host: pr-hdds-1982-decom-states-gjzbw-1854142291, networkLocation: /default-rack, certSerialId: null}, Type:RATIS, Factor:THREE, State:CLOSED] from datanode d394239f-4003-4980-a11f-9e9a96bc4c4f{ip: 192.168.36.113, host: pr-hdds-1982-decom-states-gjzbw-1854142291, networkLocation: /default-rack, certSerialId: null}. Reason : d394239f-4003-4980-a11f-9e9a96bc4c4f has not seen follower/s 08300216-d630-4cd9-aee9-766608000298 for 175141ms c01dc21c-c6d3-4daa-9385-9c828aa890a1 for 175137ms
2019-09-10 19:03:27,064 [EventQueue-PipelineActionsForPipelineActionHandler] INFO  pipeline.SCMPipelineManager (SCMPipelineManager.java:finalizeAndDestroyPipeline(311)) - destroying pipeline:Pipeline[ Id: 51ee26b8-1336-4450-8264-996c1a0a52d8, Nodes: c01dc21c-c6d3-4daa-9385-9c828aa890a1{ip: 192.168.36.113, host: pr-hdds-1982-decom-states-gjzbw-1854142291, networkLocation: /default-rack, certSerialId: null}08300216-d630-4cd9-aee9-766608000298{ip: 192.168.36.113, host: pr-hdds-1982-decom-states-gjzbw-1854142291, networkLocation: /default-rack, certSerialId: null}d394239f-4003-4980-a11f-9e9a96bc4c4f{ip: 192.168.36.113, host: pr-hdds-1982-decom-states-gjzbw-1854142291, networkLocation: /default-rack, certSerialId: null}, Type:RATIS, Factor:THREE, State:CLOSED]
2019-09-10 19:03:27,074 [java.util.concurrent.ThreadPoolExecutor$Worker@753f42ff[State = -1, empty queue]] WARN  server.GrpcLogAppender (GrpcLogAppender.java:timeoutAppendRequest(200)) - d394239f-4003-4980-a11f-9e9a96bc4c4f@group-996C1A0A52D8->08300216-d630-4cd9-aee9-766608000298-GrpcLogAppender: appendEntries Timeout, request=d394239f-4003-4980-a11f-9e9a96bc4c4f->08300216-d630-4cd9-aee9-766608000298#163-t2, previous=(t:2, i:19), leaderCommit=12, initializing? false, entries: <empty>
2019-09-10 19:03:27,075 [java.util.concurrent.ThreadPoolExecutor$Worker@6afaa2aa[State = -1, empty queue]] WARN  server.GrpcLogAppender (GrpcLogAppender.java:timeoutAppendRequest(200)) - d394239f-4003-4980-a11f-9e9a96bc4c4f@group-996C1A0A52D8->c01dc21c-c6d3-4daa-9385-9c828aa890a1-GrpcLogAppender: appendEntries Timeout, request=d394239f-4003-4980-a11f-9e9a96bc4c4f->c01dc21c-c6d3-4daa-9385-9c828aa890a1#163-t2, previous=(t:2, i:19), leaderCommit=12, initializing? false, entries: <empty>
2019-09-10 19:03:28,247 [grpc-default-executor-6] INFO  client.GrpcClientProtocolClient (GrpcClientProtocolClient.java:onNext(264)) - client-4EEF7FFC2E17->08300216-d630-4cd9-aee9-766608000298: receive RaftClientReply:client-4EEF7FFC2E17->08300216-d630-4cd9-aee9-766608000298@group-996C1A0A52D8, cid=33, FAILED org.apache.ratis.protocol.NotLeaderException: Server 08300216-d630-4cd9-aee9-766608000298@group-996C1A0A52D8 is not the leader d394239f-4003-4980-a11f-9e9a96bc4c4f:192.168.36.113:33987, logIndex=0, commits[08300216-d630-4cd9-aee9-766608000298:c12, d394239f-4003-4980-a11f-9e9a96bc4c4f:c12, c01dc21c-c6d3-4daa-9385-9c828aa890a1:c10]
2019-09-10 19:03:29,076 [org.apache.ratis.server.impl.LogAppender$AppenderDaemon$$Lambda$505/327848963@1e066850] ERROR ratis.XceiverServerRatis (XceiverServerRatis.java:triggerPipelineClose(568)) - pipeline Action CLOSE  on pipeline PipelineID=51ee26b8-1336-4450-8264-996c1a0a52d8.Reason : d394239f-4003-4980-a11f-9e9a96bc4c4f has not seen follower/s 08300216-d630-4cd9-aee9-766608000298 for 177641ms c01dc21c-c6d3-4daa-9385-9c828aa890a1 for 177637ms
2019-09-10 19:03:29,076 [org.apache.ratis.server.impl.LogAppender$AppenderDaemon$$Lambda$505/327848963@5d0c1f7] ERROR ratis.XceiverServerRatis (XceiverServerRatis.java:triggerPipelineClose(568)) - pipeline Action CLOSE  on pipeline PipelineID=51ee26b8-1336-4450-8264-996c1a0a52d8.Reason : d394239f-4003-4980-a11f-9e9a96bc4c4f has not seen follower/s 08300216-d630-4cd9-aee9-766608000298 for 177641ms c01dc21c-c6d3-4daa-9385-9c828aa890a1 for 177638ms
2019-09-10 19:03:29,575 [java.util.concurrent.ThreadPoolExecutor$Worker@753f42ff[State = -1, empty queue]] WARN  server.GrpcLogAppender (GrpcLogAppender.java:timeoutAppendRequest(200)) - d394239f-4003-4980-a11f-9e9a96bc4c4f@group-996C1A0A52D8->08300216-d630-4cd9-aee9-766608000298-GrpcLogAppender: appendEntries Timeout, request=d394239f-4003-4980-a11f-9e9a96bc4c4f->08300216-d630-4cd9-aee9-766608000298#164-t2, previous=(t:2, i:19), leaderCommit=12, initializing? false, entries: <empty>
2019-09-10 19:03:29,576 [java.util.concurrent.ThreadPoolExecutor$Worker@6afaa2aa[State = -1, empty queue]] WARN  server.GrpcLogAppender (GrpcLogAppender.java:timeoutAppendRequest(200)) - d394239f-4003-4980-a11f-9e9a96bc4c4f@group-996C1A0A52D8->c01dc21c-c6d3-4daa-9385-9c828aa890a1-GrpcLogAppender: appendEntries Timeout, request=d394239f-4003-4980-a11f-9e9a96bc4c4f->c01dc21c-c6d3-4daa-9385-9c828aa890a1#164-t2, previous=(t:2, i:19), leaderCommit=12, initializing? false, entries: <empty>
2019-09-10 19:03:30,063 [EventQueue-PipelineActionsForPipelineActionHandler] ERROR pipeline.PipelineActionHandler (PipelineActionHandler.java:onMessage(60)) - Received pipeline action CLOSE for Pipeline[ Id: 51ee26b8-1336-4450-8264-996c1a0a52d8, Nodes: c01dc21c-c6d3-4daa-9385-9c828aa890a1{ip: 192.168.36.113, host: pr-hdds-1982-decom-states-gjzbw-1854142291, networkLocation: /default-rack, certSerialId: null}08300216-d630-4cd9-aee9-766608000298{ip: 192.168.36.113, host: pr-hdds-1982-decom-states-gjzbw-1854142291, networkLocation: /default-rack, certSerialId: null}d394239f-4003-4980-a11f-9e9a96bc4c4f{ip: 192.168.36.113, host: pr-hdds-1982-decom-states-gjzbw-1854142291, networkLocation: /default-rack, certSerialId: null}, Type:RATIS, Factor:THREE, State:CLOSED] from datanode d394239f-4003-4980-a11f-9e9a96bc4c4f{ip: 192.168.36.113, host: pr-hdds-1982-decom-states-gjzbw-1854142291, networkLocation: /default-rack, certSerialId: null}. Reason : d394239f-4003-4980-a11f-9e9a96bc4c4f has not seen follower/s 08300216-d630-4cd9-aee9-766608000298 for 177641ms c01dc21c-c6d3-4daa-9385-9c828aa890a1 for 177637ms
2019-09-10 19:03:30,064 [EventQueue-PipelineActionsForPipelineActionHandler] INFO  pipeline.SCMPipelineManager (SCMPipelineManager.java:finalizeAndDestroyPipeline(311)) - destroying pipeline:Pipeline[ Id: 51ee26b8-1336-4450-8264-996c1a0a52d8, Nodes: c01dc21c-c6d3-4daa-9385-9c828aa890a1{ip: 192.168.36.113, host: pr-hdds-1982-decom-states-gjzbw-1854142291, networkLocation: /default-rack, certSerialId: null}08300216-d630-4cd9-aee9-766608000298{ip: 192.168.36.113, host: pr-hdds-1982-decom-states-gjzbw-1854142291, networkLocation: /default-rack, certSerialId: null}d394239f-4003-4980-a11f-9e9a96bc4c4f{ip: 192.168.36.113, host: pr-hdds-1982-decom-states-gjzbw-1854142291, networkLocation: /default-rack, certSerialId: null}, Type:RATIS, Factor:THREE, State:CLOSED]
2019-09-10 19:03:31,577 [org.apache.ratis.server.impl.LogAppender$AppenderDaemon$$Lambda$505/327848963@1e066850] ERROR ratis.XceiverServerRatis (XceiverServerRatis.java:triggerPipelineClose(568)) - pipeline Action CLOSE  on pipeline PipelineID=51ee26b8-1336-4450-8264-996c1a0a52d8.Reason : d394239f-4003-4980-a11f-9e9a96bc4c4f has not seen follower/s 08300216-d630-4cd9-aee9-766608000298 for 180142ms c01dc21c-c6d3-4daa-9385-9c828aa890a1 for 180139ms
2019-09-10 19:03:31,577 [org.apache.ratis.server.impl.LogAppender$AppenderDaemon$$Lambda$505/327848963@5d0c1f7] ERROR ratis.XceiverServerRatis (XceiverServerRatis.java:triggerPipelineClose(568)) - pipeline Action CLOSE  on pipeline PipelineID=51ee26b8-1336-4450-8264-996c1a0a52d8.Reason : d394239f-4003-4980-a11f-9e9a96bc4c4f has not seen follower/s 08300216-d630-4cd9-aee9-766608000298 for 180142ms c01dc21c-c6d3-4daa-9385-9c828aa890a1 for 180139ms
2019-09-10 19:03:31,619 [c01dc21c-c6d3-4daa-9385-9c828aa890a1@group-996C1A0A52D8-SegmentedRaftLogWorker] WARN  segmented.SegmentedRaftLogWorker (SegmentedRaftLogWorker.java:getFromFuture(90)) - Timeout 17/~
org.apache.ratis.protocol.TimeoutIOException: Timeout 10s: WriteLog:13: (t:2, i:13), STATEMACHINELOGENTRY, client-4EEF7FFC2E17, cid=33-writeStateMachineData
	at org.apache.ratis.util.IOUtils.getFromFuture(IOUtils.java:87)
	at org.apache.ratis.server.raftlog.segmented.SegmentedRaftLogWorker$StateMachineDataPolicy.getFromFuture(SegmentedRaftLogWorker.java:87)
	at org.apache.ratis.server.raftlog.segmented.SegmentedRaftLogWorker$WriteLog.execute(SegmentedRaftLogWorker.java:477)
	at org.apache.ratis.server.raftlog.segmented.SegmentedRaftLogWorker.run(SegmentedRaftLogWorker.java:289)
	at java.lang.Thread.run(Thread.java:748)
Caused by: java.util.concurrent.TimeoutException
	at java.util.concurrent.CompletableFuture.timedGet(CompletableFuture.java:1771)
	at java.util.concurrent.CompletableFuture.get(CompletableFuture.java:1915)
	at org.apache.ratis.util.IOUtils.getFromFuture(IOUtils.java:79)
	... 4 more
2019-09-10 19:03:31,655 [08300216-d630-4cd9-aee9-766608000298@group-996C1A0A52D8-SegmentedRaftLogWorker] WARN  segmented.SegmentedRaftLogWorker (SegmentedRaftLogWorker.java:getFromFuture(90)) - Timeout 17/~
org.apache.ratis.protocol.TimeoutIOException: Timeout 10s: WriteLog:13: (t:2, i:13), STATEMACHINELOGENTRY, client-4EEF7FFC2E17, cid=33-writeStateMachineData
	at org.apache.ratis.util.IOUtils.getFromFuture(IOUtils.java:87)
	at org.apache.ratis.server.raftlog.segmented.SegmentedRaftLogWorker$StateMachineDataPolicy.getFromFuture(SegmentedRaftLogWorker.java:87)
	at org.apache.ratis.server.raftlog.segmented.SegmentedRaftLogWorker$WriteLog.execute(SegmentedRaftLogWorker.java:477)
	at org.apache.ratis.server.raftlog.segmented.SegmentedRaftLogWorker.run(SegmentedRaftLogWorker.java:289)
	at java.lang.Thread.run(Thread.java:748)
Caused by: java.util.concurrent.TimeoutException
	at java.util.concurrent.CompletableFuture.timedGet(CompletableFuture.java:1771)
	at java.util.concurrent.CompletableFuture.get(CompletableFuture.java:1915)
	at org.apache.ratis.util.IOUtils.getFromFuture(IOUtils.java:79)
	... 4 more
2019-09-10 19:03:31,905 [d394239f-4003-4980-a11f-9e9a96bc4c4f@group-996C1A0A52D8-SegmentedRaftLogWorker] WARN  segmented.SegmentedRaftLogWorker (SegmentedRaftLogWorker.java:getFromFuture(90)) - Timeout 17/~
org.apache.ratis.protocol.TimeoutIOException: Timeout 10s: WriteLog:16: (t:2, i:16), STATEMACHINELOGENTRY, client-4EEF7FFC2E17, cid=36-writeStateMachineData
	at org.apache.ratis.util.IOUtils.getFromFuture(IOUtils.java:87)
	at org.apache.ratis.server.raftlog.segmented.SegmentedRaftLogWorker$StateMachineDataPolicy.getFromFuture(SegmentedRaftLogWorker.java:87)
	at org.apache.ratis.server.raftlog.segmented.SegmentedRaftLogWorker$WriteLog.execute(SegmentedRaftLogWorker.java:477)
	at org.apache.ratis.server.raftlog.segmented.SegmentedRaftLogWorker.run(SegmentedRaftLogWorker.java:289)
	at java.lang.Thread.run(Thread.java:748)
Caused by: java.util.concurrent.TimeoutException
	at java.util.concurrent.CompletableFuture.timedGet(CompletableFuture.java:1771)
	at java.util.concurrent.CompletableFuture.get(CompletableFuture.java:1915)
	at org.apache.ratis.util.IOUtils.getFromFuture(IOUtils.java:79)
	... 4 more
2019-09-10 19:03:32,064 [EventQueue-PipelineActionsForPipelineActionHandler] ERROR pipeline.PipelineActionHandler (PipelineActionHandler.java:onMessage(60)) - Received pipeline action CLOSE for Pipeline[ Id: 51ee26b8-1336-4450-8264-996c1a0a52d8, Nodes: c01dc21c-c6d3-4daa-9385-9c828aa890a1{ip: 192.168.36.113, host: pr-hdds-1982-decom-states-gjzbw-1854142291, networkLocation: /default-rack, certSerialId: null}08300216-d630-4cd9-aee9-766608000298{ip: 192.168.36.113, host: pr-hdds-1982-decom-states-gjzbw-1854142291, networkLocation: /default-rack, certSerialId: null}d394239f-4003-4980-a11f-9e9a96bc4c4f{ip: 192.168.36.113, host: pr-hdds-1982-decom-states-gjzbw-1854142291, networkLocation: /default-rack, certSerialId: null}, Type:RATIS, Factor:THREE, State:CLOSED] from datanode d394239f-4003-4980-a11f-9e9a96bc4c4f{ip: 192.168.36.113, host: pr-hdds-1982-decom-states-gjzbw-1854142291, networkLocation: /default-rack, certSerialId: null}. Reason : d394239f-4003-4980-a11f-9e9a96bc4c4f has not seen follower/s 08300216-d630-4cd9-aee9-766608000298 for 180142ms c01dc21c-c6d3-4daa-9385-9c828aa890a1 for 180139ms
2019-09-10 19:03:32,064 [EventQueue-PipelineActionsForPipelineActionHandler] INFO  pipeline.SCMPipelineManager (SCMPipelineManager.java:finalizeAndDestroyPipeline(311)) - destroying pipeline:Pipeline[ Id: 51ee26b8-1336-4450-8264-996c1a0a52d8, Nodes: c01dc21c-c6d3-4daa-9385-9c828aa890a1{ip: 192.168.36.113, host: pr-hdds-1982-decom-states-gjzbw-1854142291, networkLocation: /default-rack, certSerialId: null}08300216-d630-4cd9-aee9-766608000298{ip: 192.168.36.113, host: pr-hdds-1982-decom-states-gjzbw-1854142291, networkLocation: /default-rack, certSerialId: null}d394239f-4003-4980-a11f-9e9a96bc4c4f{ip: 192.168.36.113, host: pr-hdds-1982-decom-states-gjzbw-1854142291, networkLocation: /default-rack, certSerialId: null}, Type:RATIS, Factor:THREE, State:CLOSED]
2019-09-10 19:03:32,076 [java.util.concurrent.ThreadPoolExecutor$Worker@6afaa2aa[State = -1, empty queue]] WARN  server.GrpcLogAppender (GrpcLogAppender.java:timeoutAppendRequest(200)) - d394239f-4003-4980-a11f-9e9a96bc4c4f@group-996C1A0A52D8->c01dc21c-c6d3-4daa-9385-9c828aa890a1-GrpcLogAppender: appendEntries Timeout, request=d394239f-4003-4980-a11f-9e9a96bc4c4f->c01dc21c-c6d3-4daa-9385-9c828aa890a1#165-t2, previous=(t:2, i:19), leaderCommit=12, initializing? false, entries: <empty>
2019-09-10 19:03:32,076 [java.util.concurrent.ThreadPoolExecutor$Worker@753f42ff[State = -1, empty queue]] WARN  server.GrpcLogAppender (GrpcLogAppender.java:timeoutAppendRequest(200)) - d394239f-4003-4980-a11f-9e9a96bc4c4f@group-996C1A0A52D8->08300216-d630-4cd9-aee9-766608000298-GrpcLogAppender: appendEntries Timeout, request=d394239f-4003-4980-a11f-9e9a96bc4c4f->08300216-d630-4cd9-aee9-766608000298#165-t2, previous=(t:2, i:19), leaderCommit=12, initializing? false, entries: <empty>
2019-09-10 19:03:33,286 [grpc-default-executor-6] INFO  client.GrpcClientProtocolClient (GrpcClientProtocolClient.java:onNext(264)) - client-4EEF7FFC2E17->08300216-d630-4cd9-aee9-766608000298: receive RaftClientReply:client-4EEF7FFC2E17->08300216-d630-4cd9-aee9-766608000298@group-996C1A0A52D8, cid=33, FAILED org.apache.ratis.protocol.NotLeaderException: Server 08300216-d630-4cd9-aee9-766608000298@group-996C1A0A52D8 is not the leader d394239f-4003-4980-a11f-9e9a96bc4c4f:192.168.36.113:33987, logIndex=0, commits[08300216-d630-4cd9-aee9-766608000298:c12, d394239f-4003-4980-a11f-9e9a96bc4c4f:c12, c01dc21c-c6d3-4daa-9385-9c828aa890a1:c10]
2019-09-10 19:03:34,077 [org.apache.ratis.server.impl.LogAppender$AppenderDaemon$$Lambda$505/327848963@5d0c1f7] ERROR ratis.XceiverServerRatis (XceiverServerRatis.java:triggerPipelineClose(568)) - pipeline Action CLOSE  on pipeline PipelineID=51ee26b8-1336-4450-8264-996c1a0a52d8.Reason : d394239f-4003-4980-a11f-9e9a96bc4c4f has not seen follower/s 08300216-d630-4cd9-aee9-766608000298 for 182642ms c01dc21c-c6d3-4daa-9385-9c828aa890a1 for 182639ms
2019-09-10 19:03:34,078 [org.apache.ratis.server.impl.LogAppender$AppenderDaemon$$Lambda$505/327848963@1e066850] ERROR ratis.XceiverServerRatis (XceiverServerRatis.java:triggerPipelineClose(568)) - pipeline Action CLOSE  on pipeline PipelineID=51ee26b8-1336-4450-8264-996c1a0a52d8.Reason : d394239f-4003-4980-a11f-9e9a96bc4c4f has not seen follower/s 08300216-d630-4cd9-aee9-766608000298 for 182643ms c01dc21c-c6d3-4daa-9385-9c828aa890a1 for 182640ms
2019-09-10 19:03:34,577 [java.util.concurrent.ThreadPoolExecutor$Worker@753f42ff[State = -1, empty queue]] WARN  server.GrpcLogAppender (GrpcLogAppender.java:timeoutAppendRequest(200)) - d394239f-4003-4980-a11f-9e9a96bc4c4f@group-996C1A0A52D8->08300216-d630-4cd9-aee9-766608000298-GrpcLogAppender: appendEntries Timeout, request=d394239f-4003-4980-a11f-9e9a96bc4c4f->08300216-d630-4cd9-aee9-766608000298#166-t2, previous=(t:2, i:19), leaderCommit=12, initializing? false, entries: <empty>
2019-09-10 19:03:34,577 [java.util.concurrent.ThreadPoolExecutor$Worker@6afaa2aa[State = -1, empty queue]] WARN  server.GrpcLogAppender (GrpcLogAppender.java:timeoutAppendRequest(200)) - d394239f-4003-4980-a11f-9e9a96bc4c4f@group-996C1A0A52D8->c01dc21c-c6d3-4daa-9385-9c828aa890a1-GrpcLogAppender: appendEntries Timeout, request=d394239f-4003-4980-a11f-9e9a96bc4c4f->c01dc21c-c6d3-4daa-9385-9c828aa890a1#166-t2, previous=(t:2, i:19), leaderCommit=12, initializing? false, entries: <empty>
2019-09-10 19:03:35,064 [EventQueue-PipelineActionsForPipelineActionHandler] ERROR pipeline.PipelineActionHandler (PipelineActionHandler.java:onMessage(60)) - Received pipeline action CLOSE for Pipeline[ Id: 51ee26b8-1336-4450-8264-996c1a0a52d8, Nodes: c01dc21c-c6d3-4daa-9385-9c828aa890a1{ip: 192.168.36.113, host: pr-hdds-1982-decom-states-gjzbw-1854142291, networkLocation: /default-rack, certSerialId: null}08300216-d630-4cd9-aee9-766608000298{ip: 192.168.36.113, host: pr-hdds-1982-decom-states-gjzbw-1854142291, networkLocation: /default-rack, certSerialId: null}d394239f-4003-4980-a11f-9e9a96bc4c4f{ip: 192.168.36.113, host: pr-hdds-1982-decom-states-gjzbw-1854142291, networkLocation: /default-rack, certSerialId: null}, Type:RATIS, Factor:THREE, State:CLOSED] from datanode d394239f-4003-4980-a11f-9e9a96bc4c4f{ip: 192.168.36.113, host: pr-hdds-1982-decom-states-gjzbw-1854142291, networkLocation: /default-rack, certSerialId: null}. Reason : d394239f-4003-4980-a11f-9e9a96bc4c4f has not seen follower/s 08300216-d630-4cd9-aee9-766608000298 for 182642ms c01dc21c-c6d3-4daa-9385-9c828aa890a1 for 182639ms
2019-09-10 19:03:35,065 [EventQueue-PipelineActionsForPipelineActionHandler] INFO  pipeline.SCMPipelineManager (SCMPipelineManager.java:finalizeAndDestroyPipeline(311)) - destroying pipeline:Pipeline[ Id: 51ee26b8-1336-4450-8264-996c1a0a52d8, Nodes: c01dc21c-c6d3-4daa-9385-9c828aa890a1{ip: 192.168.36.113, host: pr-hdds-1982-decom-states-gjzbw-1854142291, networkLocation: /default-rack, certSerialId: null}08300216-d630-4cd9-aee9-766608000298{ip: 192.168.36.113, host: pr-hdds-1982-decom-states-gjzbw-1854142291, networkLocation: /default-rack, certSerialId: null}d394239f-4003-4980-a11f-9e9a96bc4c4f{ip: 192.168.36.113, host: pr-hdds-1982-decom-states-gjzbw-1854142291, networkLocation: /default-rack, certSerialId: null}, Type:RATIS, Factor:THREE, State:CLOSED]
2019-09-10 19:03:36,580 [org.apache.ratis.server.impl.LogAppender$AppenderDaemon$$Lambda$505/327848963@1e066850] ERROR ratis.XceiverServerRatis (XceiverServerRatis.java:triggerPipelineClose(568)) - pipeline Action CLOSE  on pipeline PipelineID=51ee26b8-1336-4450-8264-996c1a0a52d8.Reason : d394239f-4003-4980-a11f-9e9a96bc4c4f has not seen follower/s 08300216-d630-4cd9-aee9-766608000298 for 185145ms c01dc21c-c6d3-4daa-9385-9c828aa890a1 for 185141ms
2019-09-10 19:03:36,580 [org.apache.ratis.server.impl.LogAppender$AppenderDaemon$$Lambda$505/327848963@5d0c1f7] ERROR ratis.XceiverServerRatis (XceiverServerRatis.java:triggerPipelineClose(568)) - pipeline Action CLOSE  on pipeline PipelineID=51ee26b8-1336-4450-8264-996c1a0a52d8.Reason : d394239f-4003-4980-a11f-9e9a96bc4c4f has not seen follower/s 08300216-d630-4cd9-aee9-766608000298 for 185145ms c01dc21c-c6d3-4daa-9385-9c828aa890a1 for 185141ms
2019-09-10 19:03:37,064 [EventQueue-PipelineActionsForPipelineActionHandler] ERROR pipeline.PipelineActionHandler (PipelineActionHandler.java:onMessage(60)) - Received pipeline action CLOSE for Pipeline[ Id: 51ee26b8-1336-4450-8264-996c1a0a52d8, Nodes: c01dc21c-c6d3-4daa-9385-9c828aa890a1{ip: 192.168.36.113, host: pr-hdds-1982-decom-states-gjzbw-1854142291, networkLocation: /default-rack, certSerialId: null}08300216-d630-4cd9-aee9-766608000298{ip: 192.168.36.113, host: pr-hdds-1982-decom-states-gjzbw-1854142291, networkLocation: /default-rack, certSerialId: null}d394239f-4003-4980-a11f-9e9a96bc4c4f{ip: 192.168.36.113, host: pr-hdds-1982-decom-states-gjzbw-1854142291, networkLocation: /default-rack, certSerialId: null}, Type:RATIS, Factor:THREE, State:CLOSED] from datanode d394239f-4003-4980-a11f-9e9a96bc4c4f{ip: 192.168.36.113, host: pr-hdds-1982-decom-states-gjzbw-1854142291, networkLocation: /default-rack, certSerialId: null}. Reason : d394239f-4003-4980-a11f-9e9a96bc4c4f has not seen follower/s 08300216-d630-4cd9-aee9-766608000298 for 185145ms c01dc21c-c6d3-4daa-9385-9c828aa890a1 for 185141ms
2019-09-10 19:03:37,064 [EventQueue-PipelineActionsForPipelineActionHandler] INFO  pipeline.SCMPipelineManager (SCMPipelineManager.java:finalizeAndDestroyPipeline(311)) - destroying pipeline:Pipeline[ Id: 51ee26b8-1336-4450-8264-996c1a0a52d8, Nodes: c01dc21c-c6d3-4daa-9385-9c828aa890a1{ip: 192.168.36.113, host: pr-hdds-1982-decom-states-gjzbw-1854142291, networkLocation: /default-rack, certSerialId: null}08300216-d630-4cd9-aee9-766608000298{ip: 192.168.36.113, host: pr-hdds-1982-decom-states-gjzbw-1854142291, networkLocation: /default-rack, certSerialId: null}d394239f-4003-4980-a11f-9e9a96bc4c4f{ip: 192.168.36.113, host: pr-hdds-1982-decom-states-gjzbw-1854142291, networkLocation: /default-rack, certSerialId: null}, Type:RATIS, Factor:THREE, State:CLOSED]
2019-09-10 19:03:37,077 [java.util.concurrent.ThreadPoolExecutor$Worker@753f42ff[State = -1, empty queue]] WARN  server.GrpcLogAppender (GrpcLogAppender.java:timeoutAppendRequest(200)) - d394239f-4003-4980-a11f-9e9a96bc4c4f@group-996C1A0A52D8->08300216-d630-4cd9-aee9-766608000298-GrpcLogAppender: appendEntries Timeout, request=d394239f-4003-4980-a11f-9e9a96bc4c4f->08300216-d630-4cd9-aee9-766608000298#167-t2, previous=(t:2, i:19), leaderCommit=12, initializing? false, entries: <empty>
2019-09-10 19:03:37,078 [java.util.concurrent.ThreadPoolExecutor$Worker@6afaa2aa[State = -1, empty queue]] WARN  server.GrpcLogAppender (GrpcLogAppender.java:timeoutAppendRequest(200)) - d394239f-4003-4980-a11f-9e9a96bc4c4f@group-996C1A0A52D8->c01dc21c-c6d3-4daa-9385-9c828aa890a1-GrpcLogAppender: appendEntries Timeout, request=d394239f-4003-4980-a11f-9e9a96bc4c4f->c01dc21c-c6d3-4daa-9385-9c828aa890a1#167-t2, previous=(t:2, i:19), leaderCommit=12, initializing? false, entries: <empty>
2019-09-10 19:03:38,043 [grpc-default-executor-6] INFO  impl.RaftServerProxy (RaftServerProxy.java:remove(95)) - c01dc21c-c6d3-4daa-9385-9c828aa890a1: remove  FOLLOWER c01dc21c-c6d3-4daa-9385-9c828aa890a1@group-996C1A0A52D8:t2, leader=d394239f-4003-4980-a11f-9e9a96bc4c4f, voted=d394239f-4003-4980-a11f-9e9a96bc4c4f, raftlog=c01dc21c-c6d3-4daa-9385-9c828aa890a1@group-996C1A0A52D8-SegmentedRaftLog:OPENED:c12,f12,i19, conf=0: [d394239f-4003-4980-a11f-9e9a96bc4c4f:192.168.36.113:33987, 08300216-d630-4cd9-aee9-766608000298:192.168.36.113:34226, c01dc21c-c6d3-4daa-9385-9c828aa890a1:192.168.36.113:38647], old=null RUNNING
2019-09-10 19:03:38,043 [grpc-default-executor-6] INFO  impl.RaftServerImpl (RaftServerImpl.java:lambda$shutdown$3(251)) - c01dc21c-c6d3-4daa-9385-9c828aa890a1@group-996C1A0A52D8: shutdown
2019-09-10 19:03:38,044 [grpc-default-executor-6] INFO  util.JmxRegister (JmxRegister.java:unregister(73)) - Successfully un-registered JMX Bean with object name Ratis:service=RaftServer,group=group-996C1A0A52D8,id=c01dc21c-c6d3-4daa-9385-9c828aa890a1
2019-09-10 19:03:38,045 [grpc-default-executor-6] INFO  impl.RoleInfo (RoleInfo.java:shutdownFollowerState(121)) - c01dc21c-c6d3-4daa-9385-9c828aa890a1: shutdown FollowerState
2019-09-10 19:03:38,045 [grpc-default-executor-6] INFO  impl.StateMachineUpdater (StateMachineUpdater.java:stopAndJoin(125)) - c01dc21c-c6d3-4daa-9385-9c828aa890a1@group-996C1A0A52D8-StateMachineUpdater: set stopIndex = 12
2019-09-10 19:03:38,045 [Thread-346] INFO  impl.FollowerState (FollowerState.java:run(115)) - c01dc21c-c6d3-4daa-9385-9c828aa890a1: FollowerState was interrupted: java.lang.InterruptedException: sleep interrupted
2019-09-10 19:03:38,045 [c01dc21c-c6d3-4daa-9385-9c828aa890a1@group-996C1A0A52D8-StateMachineUpdater] INFO  ratis.ContainerStateMachine (ContainerStateMachine.java:takeSnapshot(289)) - group-996C1A0A52D8: Taking a snapshot at:(t:2, i:10) file /workdir/hadoop-ozone/integration-test/target/test-dir/MiniOzoneClusterImpl-72d52129-3591-4c41-bfb8-19f96584a10d/datanode-5/data/ratis/51ee26b8-1336-4450-8264-996c1a0a52d8/sm/snapshot.2_10
2019-09-10 19:03:38,081 [c01dc21c-c6d3-4daa-9385-9c828aa890a1@group-996C1A0A52D8-StateMachineUpdater] INFO  ratis.ContainerStateMachine (ContainerStateMachine.java:takeSnapshot(300)) - group-996C1A0A52D8: Finished taking a snapshot at:(t:2, i:10) file:/workdir/hadoop-ozone/integration-test/target/test-dir/MiniOzoneClusterImpl-72d52129-3591-4c41-bfb8-19f96584a10d/datanode-5/data/ratis/51ee26b8-1336-4450-8264-996c1a0a52d8/sm/snapshot.2_10 time:36
2019-09-10 19:03:38,081 [c01dc21c-c6d3-4daa-9385-9c828aa890a1@group-996C1A0A52D8-StateMachineUpdater] INFO  impl.StateMachineUpdater (StateMachineUpdater.java:takeSnapshot(258)) - c01dc21c-c6d3-4daa-9385-9c828aa890a1@group-996C1A0A52D8-StateMachineUpdater: Took a snapshot at index 10
2019-09-10 19:03:38,081 [c01dc21c-c6d3-4daa-9385-9c828aa890a1@group-996C1A0A52D8-StateMachineUpdater] INFO  impl.StateMachineUpdater (StateMachineUpdater.java:lambda$new$0(83)) - c01dc21c-c6d3-4daa-9385-9c828aa890a1@group-996C1A0A52D8-StateMachineUpdater: snapshotIndex: updateIncreasingly -1 -> 10
2019-09-10 19:03:38,082 [c01dc21c-c6d3-4daa-9385-9c828aa890a1@group-996C1A0A52D8-StateMachineUpdater] INFO  ratis.ContainerStateMachine (ContainerStateMachine.java:takeSnapshot(289)) - group-996C1A0A52D8: Taking a snapshot at:(t:2, i:10) file /workdir/hadoop-ozone/integration-test/target/test-dir/MiniOzoneClusterImpl-72d52129-3591-4c41-bfb8-19f96584a10d/datanode-5/data/ratis/51ee26b8-1336-4450-8264-996c1a0a52d8/sm/snapshot.2_10
2019-09-10 19:03:38,101 [c01dc21c-c6d3-4daa-9385-9c828aa890a1@group-996C1A0A52D8-StateMachineUpdater] INFO  ratis.ContainerStateMachine (ContainerStateMachine.java:takeSnapshot(300)) - group-996C1A0A52D8: Finished taking a snapshot at:(t:2, i:10) file:/workdir/hadoop-ozone/integration-test/target/test-dir/MiniOzoneClusterImpl-72d52129-3591-4c41-bfb8-19f96584a10d/datanode-5/data/ratis/51ee26b8-1336-4450-8264-996c1a0a52d8/sm/snapshot.2_10 time:20
2019-09-10 19:03:38,101 [c01dc21c-c6d3-4daa-9385-9c828aa890a1@group-996C1A0A52D8-StateMachineUpdater] INFO  impl.StateMachineUpdater (StateMachineUpdater.java:takeSnapshot(258)) - c01dc21c-c6d3-4daa-9385-9c828aa890a1@group-996C1A0A52D8-StateMachineUpdater: Took a snapshot at index 10
2019-09-10 19:03:38,102 [c01dc21c-c6d3-4daa-9385-9c828aa890a1@group-996C1A0A52D8-StateMachineUpdater] INFO  impl.StateMachineUpdater (StateMachineUpdater.java:lambda$new$0(83)) - c01dc21c-c6d3-4daa-9385-9c828aa890a1@group-996C1A0A52D8-StateMachineUpdater: snapshotIndex: updateIncreasingly 10 -> 10
2019-09-10 19:03:38,102 [grpc-default-executor-6] INFO  impl.RaftServerImpl (ServerState.java:close(385)) - c01dc21c-c6d3-4daa-9385-9c828aa890a1@group-996C1A0A52D8: closes. applyIndex: 12
2019-09-10 19:03:38,110 [c01dc21c-c6d3-4daa-9385-9c828aa890a1@group-996C1A0A52D8-SegmentedRaftLogWorker] ERROR ratis.XceiverServerRatis (XceiverServerRatis.java:triggerPipelineClose(568)) - pipeline Action CLOSE  on pipeline PipelineID=51ee26b8-1336-4450-8264-996c1a0a52d8.Reason : WriteLog:13: (t:2, i:13), STATEMACHINELOGENTRY, client-4EEF7FFC2E17, cid=33-writeStateMachineData interrupted.
2019-09-10 19:03:38,113 [grpc-default-executor-6] INFO  segmented.SegmentedRaftLogWorker (SegmentedRaftLogWorker.java:close(228)) - c01dc21c-c6d3-4daa-9385-9c828aa890a1@group-996C1A0A52D8-SegmentedRaftLogWorker close()
2019-09-10 19:03:38,113 [EventQueue-PipelineActionsForPipelineActionHandler] ERROR pipeline.PipelineActionHandler (PipelineActionHandler.java:onMessage(60)) - Received pipeline action CLOSE for Pipeline[ Id: 51ee26b8-1336-4450-8264-996c1a0a52d8, Nodes: c01dc21c-c6d3-4daa-9385-9c828aa890a1{ip: 192.168.36.113, host: pr-hdds-1982-decom-states-gjzbw-1854142291, networkLocation: /default-rack, certSerialId: null}08300216-d630-4cd9-aee9-766608000298{ip: 192.168.36.113, host: pr-hdds-1982-decom-states-gjzbw-1854142291, networkLocation: /default-rack, certSerialId: null}d394239f-4003-4980-a11f-9e9a96bc4c4f{ip: 192.168.36.113, host: pr-hdds-1982-decom-states-gjzbw-1854142291, networkLocation: /default-rack, certSerialId: null}, Type:RATIS, Factor:THREE, State:CLOSED] from datanode c01dc21c-c6d3-4daa-9385-9c828aa890a1{ip: 192.168.36.113, host: pr-hdds-1982-decom-states-gjzbw-1854142291, networkLocation: /default-rack, certSerialId: null}. Reason : WriteLog:13: (t:2, i:13), STATEMACHINELOGENTRY, client-4EEF7FFC2E17, cid=33-writeStateMachineData interrupted.
2019-09-10 19:03:38,118 [EventQueue-PipelineActionsForPipelineActionHandler] INFO  pipeline.SCMPipelineManager (SCMPipelineManager.java:finalizeAndDestroyPipeline(311)) - destroying pipeline:Pipeline[ Id: 51ee26b8-1336-4450-8264-996c1a0a52d8, Nodes: c01dc21c-c6d3-4daa-9385-9c828aa890a1{ip: 192.168.36.113, host: pr-hdds-1982-decom-states-gjzbw-1854142291, networkLocation: /default-rack, certSerialId: null}08300216-d630-4cd9-aee9-766608000298{ip: 192.168.36.113, host: pr-hdds-1982-decom-states-gjzbw-1854142291, networkLocation: /default-rack, certSerialId: null}d394239f-4003-4980-a11f-9e9a96bc4c4f{ip: 192.168.36.113, host: pr-hdds-1982-decom-states-gjzbw-1854142291, networkLocation: /default-rack, certSerialId: null}, Type:RATIS, Factor:THREE, State:CLOSED]
2019-09-10 19:03:38,130 [grpc-default-executor-6] INFO  interfaces.Container (KeyValueContainer.java:flushAndSyncDB(386)) - Container 1 is synced with bcsId 4.
2019-09-10 19:03:38,131 [grpc-default-executor-6] INFO  interfaces.Container (KeyValueContainer.java:flushAndSyncDB(386)) - Container 1 is synced with bcsId 4.
2019-09-10 19:03:38,159 [EventQueue-IncrementalContainerReportForIncrementalContainerReportHandler] INFO  container.IncrementalContainerReportHandler (AbstractContainerReportHandler.java:updateContainerState(169)) - Moving container #1 to QUASI_CLOSED state, datanode c01dc21c-c6d3-4daa-9385-9c828aa890a1{ip: 192.168.36.113, host: pr-hdds-1982-decom-states-gjzbw-1854142291, networkLocation: /default-rack, certSerialId: null} reported QUASI_CLOSED replica.
2019-09-10 19:03:38,168 [grpc-default-executor-6] INFO  interfaces.Container (KeyValueContainer.java:flushAndSyncDB(386)) - Container 4 is synced with bcsId 10.
2019-09-10 19:03:38,168 [grpc-default-executor-6] INFO  interfaces.Container (KeyValueContainer.java:flushAndSyncDB(386)) - Container 4 is synced with bcsId 10.
2019-09-10 19:03:38,174 [EventQueue-IncrementalContainerReportForIncrementalContainerReportHandler] INFO  container.IncrementalContainerReportHandler (AbstractContainerReportHandler.java:updateContainerState(169)) - Moving container #4 to QUASI_CLOSED state, datanode c01dc21c-c6d3-4daa-9385-9c828aa890a1{ip: 192.168.36.113, host: pr-hdds-1982-decom-states-gjzbw-1854142291, networkLocation: /default-rack, certSerialId: null} reported QUASI_CLOSED replica.
2019-09-10 19:03:38,319 [grpc-default-executor-6] INFO  interfaces.Container (KeyValueContainer.java:flushAndSyncDB(386)) - Container 5 is synced with bcsId 0.
2019-09-10 19:03:38,319 [grpc-default-executor-6] INFO  interfaces.Container (KeyValueContainer.java:flushAndSyncDB(386)) - Container 5 is synced with bcsId 0.
2019-09-10 19:03:38,328 [main] WARN  io.KeyOutputStream (KeyOutputStream.java:handleException(276)) - Encountered exception java.io.IOException: Unexpected Storage Container Exception: java.util.concurrent.CompletionException: java.util.concurrent.CompletionException: org.apache.ratis.protocol.GroupMismatchException: c01dc21c-c6d3-4daa-9385-9c828aa890a1: group-996C1A0A52D8 not found. on the pipeline Pipeline[ Id: 51ee26b8-1336-4450-8264-996c1a0a52d8, Nodes: c01dc21c-c6d3-4daa-9385-9c828aa890a1{ip: 192.168.36.113, host: pr-hdds-1982-decom-states-gjzbw-1854142291, networkLocation: /default-rack, certSerialId: null}08300216-d630-4cd9-aee9-766608000298{ip: 192.168.36.113, host: pr-hdds-1982-decom-states-gjzbw-1854142291, networkLocation: /default-rack, certSerialId: null}d394239f-4003-4980-a11f-9e9a96bc4c4f{ip: 192.168.36.113, host: pr-hdds-1982-decom-states-gjzbw-1854142291, networkLocation: /default-rack, certSerialId: null}, Type:RATIS, Factor:THREE, State:OPEN]. The last committed block length is 0, uncommitted data length is 400 retry count 0
2019-09-10 19:03:38,354 [EventQueue-IncrementalContainerReportForIncrementalContainerReportHandler] INFO  container.IncrementalContainerReportHandler (AbstractContainerReportHandler.java:updateContainerState(169)) - Moving container #5 to QUASI_CLOSED state, datanode c01dc21c-c6d3-4daa-9385-9c828aa890a1{ip: 192.168.36.113, host: pr-hdds-1982-decom-states-gjzbw-1854142291, networkLocation: /default-rack, certSerialId: null} reported QUASI_CLOSED replica.
2019-09-10 19:03:38,358 [grpc-default-executor-6] INFO  impl.RaftServerProxy (RaftServerProxy.java:remove(95)) - 08300216-d630-4cd9-aee9-766608000298: remove  FOLLOWER 08300216-d630-4cd9-aee9-766608000298@group-996C1A0A52D8:t2, leader=d394239f-4003-4980-a11f-9e9a96bc4c4f, voted=d394239f-4003-4980-a11f-9e9a96bc4c4f, raftlog=08300216-d630-4cd9-aee9-766608000298@group-996C1A0A52D8-SegmentedRaftLog:OPENED:c12,f12,i19, conf=0: [d394239f-4003-4980-a11f-9e9a96bc4c4f:192.168.36.113:33987, 08300216-d630-4cd9-aee9-766608000298:192.168.36.113:34226, c01dc21c-c6d3-4daa-9385-9c828aa890a1:192.168.36.113:38647], old=null RUNNING
2019-09-10 19:03:38,358 [grpc-default-executor-6] INFO  impl.RaftServerImpl (RaftServerImpl.java:lambda$shutdown$3(251)) - 08300216-d630-4cd9-aee9-766608000298@group-996C1A0A52D8: shutdown
2019-09-10 19:03:38,358 [grpc-default-executor-6] INFO  util.JmxRegister (JmxRegister.java:unregister(73)) - Successfully un-registered JMX Bean with object name Ratis:service=RaftServer,group=group-996C1A0A52D8,id=08300216-d630-4cd9-aee9-766608000298
2019-09-10 19:03:38,358 [grpc-default-executor-6] INFO  impl.RoleInfo (RoleInfo.java:shutdownFollowerState(121)) - 08300216-d630-4cd9-aee9-766608000298: shutdown FollowerState
2019-09-10 19:03:38,359 [grpc-default-executor-6] INFO  impl.StateMachineUpdater (StateMachineUpdater.java:stopAndJoin(125)) - 08300216-d630-4cd9-aee9-766608000298@group-996C1A0A52D8-StateMachineUpdater: set stopIndex = 12
2019-09-10 19:03:38,359 [08300216-d630-4cd9-aee9-766608000298@group-996C1A0A52D8-StateMachineUpdater] INFO  ratis.ContainerStateMachine (ContainerStateMachine.java:takeSnapshot(289)) - group-996C1A0A52D8: Taking a snapshot at:(t:2, i:10) file /workdir/hadoop-ozone/integration-test/target/test-dir/MiniOzoneClusterImpl-72d52129-3591-4c41-bfb8-19f96584a10d/datanode-0/data/ratis/51ee26b8-1336-4450-8264-996c1a0a52d8/sm/snapshot.2_10
2019-09-10 19:03:38,359 [Thread-347] INFO  impl.FollowerState (FollowerState.java:run(115)) - 08300216-d630-4cd9-aee9-766608000298: FollowerState was interrupted: java.lang.InterruptedException: sleep interrupted
2019-09-10 19:03:38,392 [08300216-d630-4cd9-aee9-766608000298@group-996C1A0A52D8-StateMachineUpdater] INFO  ratis.ContainerStateMachine (ContainerStateMachine.java:takeSnapshot(300)) - group-996C1A0A52D8: Finished taking a snapshot at:(t:2, i:10) file:/workdir/hadoop-ozone/integration-test/target/test-dir/MiniOzoneClusterImpl-72d52129-3591-4c41-bfb8-19f96584a10d/datanode-0/data/ratis/51ee26b8-1336-4450-8264-996c1a0a52d8/sm/snapshot.2_10 time:34
2019-09-10 19:03:38,392 [08300216-d630-4cd9-aee9-766608000298@group-996C1A0A52D8-StateMachineUpdater] INFO  impl.StateMachineUpdater (StateMachineUpdater.java:takeSnapshot(258)) - 08300216-d630-4cd9-aee9-766608000298@group-996C1A0A52D8-StateMachineUpdater: Took a snapshot at index 10
2019-09-10 19:03:38,393 [08300216-d630-4cd9-aee9-766608000298@group-996C1A0A52D8-StateMachineUpdater] INFO  impl.StateMachineUpdater (StateMachineUpdater.java:lambda$new$0(83)) - 08300216-d630-4cd9-aee9-766608000298@group-996C1A0A52D8-StateMachineUpdater: snapshotIndex: updateIncreasingly -1 -> 10
2019-09-10 19:03:38,393 [08300216-d630-4cd9-aee9-766608000298@group-996C1A0A52D8-StateMachineUpdater] INFO  ratis.ContainerStateMachine (ContainerStateMachine.java:takeSnapshot(289)) - group-996C1A0A52D8: Taking a snapshot at:(t:2, i:10) file /workdir/hadoop-ozone/integration-test/target/test-dir/MiniOzoneClusterImpl-72d52129-3591-4c41-bfb8-19f96584a10d/datanode-0/data/ratis/51ee26b8-1336-4450-8264-996c1a0a52d8/sm/snapshot.2_10
2019-09-10 19:03:38,418 [08300216-d630-4cd9-aee9-766608000298@group-996C1A0A52D8-StateMachineUpdater] INFO  ratis.ContainerStateMachine (ContainerStateMachine.java:takeSnapshot(300)) - group-996C1A0A52D8: Finished taking a snapshot at:(t:2, i:10) file:/workdir/hadoop-ozone/integration-test/target/test-dir/MiniOzoneClusterImpl-72d52129-3591-4c41-bfb8-19f96584a10d/datanode-0/data/ratis/51ee26b8-1336-4450-8264-996c1a0a52d8/sm/snapshot.2_10 time:25
2019-09-10 19:03:38,418 [08300216-d630-4cd9-aee9-766608000298@group-996C1A0A52D8-StateMachineUpdater] INFO  impl.StateMachineUpdater (StateMachineUpdater.java:takeSnapshot(258)) - 08300216-d630-4cd9-aee9-766608000298@group-996C1A0A52D8-StateMachineUpdater: Took a snapshot at index 10
2019-09-10 19:03:38,418 [08300216-d630-4cd9-aee9-766608000298@group-996C1A0A52D8-StateMachineUpdater] INFO  impl.StateMachineUpdater (StateMachineUpdater.java:lambda$new$0(83)) - 08300216-d630-4cd9-aee9-766608000298@group-996C1A0A52D8-StateMachineUpdater: snapshotIndex: updateIncreasingly 10 -> 10
2019-09-10 19:03:38,419 [grpc-default-executor-6] INFO  impl.RaftServerImpl (ServerState.java:close(385)) - 08300216-d630-4cd9-aee9-766608000298@group-996C1A0A52D8: closes. applyIndex: 12
2019-09-10 19:03:38,422 [08300216-d630-4cd9-aee9-766608000298@group-996C1A0A52D8-SegmentedRaftLogWorker] ERROR ratis.XceiverServerRatis (XceiverServerRatis.java:triggerPipelineClose(568)) - pipeline Action CLOSE  on pipeline PipelineID=51ee26b8-1336-4450-8264-996c1a0a52d8.Reason : WriteLog:13: (t:2, i:13), STATEMACHINELOGENTRY, client-4EEF7FFC2E17, cid=33-writeStateMachineData interrupted.
2019-09-10 19:03:38,424 [grpc-default-executor-6] INFO  segmented.SegmentedRaftLogWorker (SegmentedRaftLogWorker.java:close(228)) - 08300216-d630-4cd9-aee9-766608000298@group-996C1A0A52D8-SegmentedRaftLogWorker close()
2019-09-10 19:03:38,429 [EventQueue-PipelineActionsForPipelineActionHandler] ERROR pipeline.PipelineActionHandler (PipelineActionHandler.java:onMessage(60)) - Received pipeline action CLOSE for Pipeline[ Id: 51ee26b8-1336-4450-8264-996c1a0a52d8, Nodes: c01dc21c-c6d3-4daa-9385-9c828aa890a1{ip: 192.168.36.113, host: pr-hdds-1982-decom-states-gjzbw-1854142291, networkLocation: /default-rack, certSerialId: null}08300216-d630-4cd9-aee9-766608000298{ip: 192.168.36.113, host: pr-hdds-1982-decom-states-gjzbw-1854142291, networkLocation: /default-rack, certSerialId: null}d394239f-4003-4980-a11f-9e9a96bc4c4f{ip: 192.168.36.113, host: pr-hdds-1982-decom-states-gjzbw-1854142291, networkLocation: /default-rack, certSerialId: null}, Type:RATIS, Factor:THREE, State:CLOSED] from datanode 08300216-d630-4cd9-aee9-766608000298{ip: 192.168.36.113, host: pr-hdds-1982-decom-states-gjzbw-1854142291, networkLocation: /default-rack, certSerialId: null}. Reason : WriteLog:13: (t:2, i:13), STATEMACHINELOGENTRY, client-4EEF7FFC2E17, cid=33-writeStateMachineData interrupted.
2019-09-10 19:03:38,429 [EventQueue-PipelineActionsForPipelineActionHandler] INFO  pipeline.SCMPipelineManager (SCMPipelineManager.java:finalizeAndDestroyPipeline(311)) - destroying pipeline:Pipeline[ Id: 51ee26b8-1336-4450-8264-996c1a0a52d8, Nodes: c01dc21c-c6d3-4daa-9385-9c828aa890a1{ip: 192.168.36.113, host: pr-hdds-1982-decom-states-gjzbw-1854142291, networkLocation: /default-rack, certSerialId: null}08300216-d630-4cd9-aee9-766608000298{ip: 192.168.36.113, host: pr-hdds-1982-decom-states-gjzbw-1854142291, networkLocation: /default-rack, certSerialId: null}d394239f-4003-4980-a11f-9e9a96bc4c4f{ip: 192.168.36.113, host: pr-hdds-1982-decom-states-gjzbw-1854142291, networkLocation: /default-rack, certSerialId: null}, Type:RATIS, Factor:THREE, State:CLOSED]
2019-09-10 19:03:38,502 [grpc-default-executor-6] INFO  interfaces.Container (KeyValueContainer.java:flushAndSyncDB(386)) - Container 1 is synced with bcsId 4.
2019-09-10 19:03:38,502 [grpc-default-executor-6] INFO  interfaces.Container (KeyValueContainer.java:flushAndSyncDB(386)) - Container 1 is synced with bcsId 4.
2019-09-10 19:03:38,554 [grpc-default-executor-6] INFO  interfaces.Container (KeyValueContainer.java:flushAndSyncDB(386)) - Container 4 is synced with bcsId 10.
2019-09-10 19:03:38,554 [grpc-default-executor-6] INFO  interfaces.Container (KeyValueContainer.java:flushAndSyncDB(386)) - Container 4 is synced with bcsId 10.
2019-09-10 19:03:38,695 [grpc-default-executor-4] INFO  client.GrpcClientProtocolClient (GrpcClientProtocolClient.java:onNext(264)) - client-3004A9070B8E->0721d391-9877-4bc5-9778-84bb7e49252a: receive RaftClientReply:client-3004A9070B8E->0721d391-9877-4bc5-9778-84bb7e49252a@group-F957B9D63A79, cid=131, SUCCESS, logIndex=1, commits[0721d391-9877-4bc5-9778-84bb7e49252a:c1, 0b57ef76-c121-46fb-9637-94024daca647:c0, 8e2eaa3a-398a-46ef-9472-b716e4b01ba0:c0]
2019-09-10 19:03:38,727 [grpc-default-executor-6] INFO  interfaces.Container (KeyValueContainer.java:flushAndSyncDB(386)) - Container 5 is synced with bcsId 0.
2019-09-10 19:03:38,727 [grpc-default-executor-4] INFO  client.GrpcClientProtocolClient (GrpcClientProtocolClient.java:onNext(264)) - client-3004A9070B8E->0721d391-9877-4bc5-9778-84bb7e49252a: receive RaftClientReply:client-3004A9070B8E->0721d391-9877-4bc5-9778-84bb7e49252a@group-F957B9D63A79, cid=132, SUCCESS, logIndex=3, commits[0721d391-9877-4bc5-9778-84bb7e49252a:c5, 0b57ef76-c121-46fb-9637-94024daca647:c2, 8e2eaa3a-398a-46ef-9472-b716e4b01ba0:c2]
2019-09-10 19:03:38,837 [grpc-default-executor-6] INFO  interfaces.Container (KeyValueContainer.java:flushAndSyncDB(386)) - Container 5 is synced with bcsId 0.
2019-09-10 19:03:38,860 [grpc-default-executor-2] INFO  client.GrpcClientProtocolClient (GrpcClientProtocolClient.java:onNext(264)) - client-3004A9070B8E->0721d391-9877-4bc5-9778-84bb7e49252a: receive RaftClientReply:client-3004A9070B8E->0721d391-9877-4bc5-9778-84bb7e49252a@group-F957B9D63A79, cid=133, SUCCESS, logIndex=4, commits[0721d391-9877-4bc5-9778-84bb7e49252a:c12, 0b57ef76-c121-46fb-9637-94024daca647:c7, 8e2eaa3a-398a-46ef-9472-b716e4b01ba0:c7]
2019-09-10 19:03:38,865 [grpc-default-executor-2] INFO  client.GrpcClientProtocolClient (GrpcClientProtocolClient.java:onNext(264)) - client-3004A9070B8E->0721d391-9877-4bc5-9778-84bb7e49252a: receive RaftClientReply:client-3004A9070B8E->0721d391-9877-4bc5-9778-84bb7e49252a@group-F957B9D63A79, cid=134, SUCCESS, logIndex=5, commits[0721d391-9877-4bc5-9778-84bb7e49252a:c12, 0b57ef76-c121-46fb-9637-94024daca647:c7, 8e2eaa3a-398a-46ef-9472-b716e4b01ba0:c7]
2019-09-10 19:03:38,865 [grpc-default-executor-2] INFO  client.GrpcClientProtocolClient (GrpcClientProtocolClient.java:onNext(264)) - client-3004A9070B8E->0721d391-9877-4bc5-9778-84bb7e49252a: receive RaftClientReply:client-3004A9070B8E->0721d391-9877-4bc5-9778-84bb7e49252a@group-F957B9D63A79, cid=135, SUCCESS, logIndex=6, commits[0721d391-9877-4bc5-9778-84bb7e49252a:c12, 0b57ef76-c121-46fb-9637-94024daca647:c7, 8e2eaa3a-398a-46ef-9472-b716e4b01ba0:c7]
2019-09-10 19:03:38,883 [grpc-default-executor-6] INFO  impl.RaftServerProxy (RaftServerProxy.java:remove(95)) - d394239f-4003-4980-a11f-9e9a96bc4c4f: remove    LEADER d394239f-4003-4980-a11f-9e9a96bc4c4f@group-996C1A0A52D8:t2, leader=d394239f-4003-4980-a11f-9e9a96bc4c4f, voted=d394239f-4003-4980-a11f-9e9a96bc4c4f, raftlog=d394239f-4003-4980-a11f-9e9a96bc4c4f@group-996C1A0A52D8-SegmentedRaftLog:OPENED:c12,f12,i19, conf=0: [d394239f-4003-4980-a11f-9e9a96bc4c4f:192.168.36.113:33987, 08300216-d630-4cd9-aee9-766608000298:192.168.36.113:34226, c01dc21c-c6d3-4daa-9385-9c828aa890a1:192.168.36.113:38647], old=null RUNNING
2019-09-10 19:03:38,883 [grpc-default-executor-6] INFO  impl.RaftServerImpl (RaftServerImpl.java:lambda$shutdown$3(251)) - d394239f-4003-4980-a11f-9e9a96bc4c4f@group-996C1A0A52D8: shutdown
2019-09-10 19:03:38,883 [grpc-default-executor-6] INFO  util.JmxRegister (JmxRegister.java:unregister(73)) - Successfully un-registered JMX Bean with object name Ratis:service=RaftServer,group=group-996C1A0A52D8,id=d394239f-4003-4980-a11f-9e9a96bc4c4f
2019-09-10 19:03:38,884 [grpc-default-executor-6] INFO  impl.RoleInfo (RoleInfo.java:shutdownLeaderState(104)) - d394239f-4003-4980-a11f-9e9a96bc4c4f: shutdown LeaderState
2019-09-10 19:03:38,889 [org.apache.ratis.server.impl.LogAppender$AppenderDaemon$$Lambda$505/327848963@5d0c1f7] WARN  server.GrpcLogAppender (GrpcLogAppender.java:mayWait(143)) - d394239f-4003-4980-a11f-9e9a96bc4c4f@group-996C1A0A52D8->08300216-d630-4cd9-aee9-766608000298-GrpcLogAppender: Wait interrupted by java.lang.InterruptedException
2019-09-10 19:03:38,889 [grpc-default-executor-6] INFO  impl.PendingRequests (PendingRequests.java:sendNotLeaderResponses(202)) - d394239f-4003-4980-a11f-9e9a96bc4c4f-PendingRequests: sendNotLeaderResponses
2019-09-10 19:03:38,889 [org.apache.ratis.server.impl.LogAppender$AppenderDaemon$$Lambda$505/327848963@1e066850] WARN  server.GrpcLogAppender (GrpcLogAppender.java:mayWait(143)) - d394239f-4003-4980-a11f-9e9a96bc4c4f@group-996C1A0A52D8->c01dc21c-c6d3-4daa-9385-9c828aa890a1-GrpcLogAppender: Wait interrupted by java.lang.InterruptedException
2019-09-10 19:03:38,891 [grpc-default-executor-2] INFO  server.GrpcServerProtocolService (GrpcServerProtocolService.java:onCompleted(113)) - 08300216-d630-4cd9-aee9-766608000298: Completed APPEND_ENTRIES, lastRequest: d394239f-4003-4980-a11f-9e9a96bc4c4f->08300216-d630-4cd9-aee9-766608000298#168-t2, previous=(t:2, i:19), leaderCommit=12, initializing? false, entries: <empty>
2019-09-10 19:03:38,892 [grpc-default-executor-4] INFO  server.GrpcServerProtocolService (GrpcServerProtocolService.java:onCompleted(113)) - c01dc21c-c6d3-4daa-9385-9c828aa890a1: Completed APPEND_ENTRIES, lastRequest: d394239f-4003-4980-a11f-9e9a96bc4c4f->c01dc21c-c6d3-4daa-9385-9c828aa890a1#168-t2, previous=(t:2, i:19), leaderCommit=12, initializing? false, entries: <empty>
2019-09-10 19:03:38,892 [grpc-default-executor-2] INFO  server.GrpcLogAppender (GrpcLogAppender.java:onCompleted(293)) - d394239f-4003-4980-a11f-9e9a96bc4c4f@group-996C1A0A52D8->08300216-d630-4cd9-aee9-766608000298-AppendLogResponseHandler: follower responses appendEntries COMPLETED
2019-09-10 19:03:38,892 [grpc-default-executor-4] INFO  server.GrpcLogAppender (GrpcLogAppender.java:onCompleted(293)) - d394239f-4003-4980-a11f-9e9a96bc4c4f@group-996C1A0A52D8->c01dc21c-c6d3-4daa-9385-9c828aa890a1-AppendLogResponseHandler: follower responses appendEntries COMPLETED
2019-09-10 19:03:38,893 [grpc-default-executor-2] INFO  impl.FollowerInfo (FollowerInfo.java:lambda$new$0(51)) - d394239f-4003-4980-a11f-9e9a96bc4c4f@group-996C1A0A52D8->08300216-d630-4cd9-aee9-766608000298: nextIndex: updateUnconditionally 20 -> 13
2019-09-10 19:03:38,893 [grpc-default-executor-4] INFO  impl.FollowerInfo (FollowerInfo.java:lambda$new$0(51)) - d394239f-4003-4980-a11f-9e9a96bc4c4f@group-996C1A0A52D8->c01dc21c-c6d3-4daa-9385-9c828aa890a1: nextIndex: updateUnconditionally 20 -> 13
2019-09-10 19:03:38,896 [d394239f-4003-4980-a11f-9e9a96bc4c4f@group-996C1A0A52D8-StateMachineUpdater] INFO  ratis.ContainerStateMachine (ContainerStateMachine.java:takeSnapshot(289)) - group-996C1A0A52D8: Taking a snapshot at:(t:2, i:12) file /workdir/hadoop-ozone/integration-test/target/test-dir/MiniOzoneClusterImpl-72d52129-3591-4c41-bfb8-19f96584a10d/datanode-2/data/ratis/51ee26b8-1336-4450-8264-996c1a0a52d8/sm/snapshot.2_12
2019-09-10 19:03:38,896 [grpc-default-executor-6] INFO  impl.StateMachineUpdater (StateMachineUpdater.java:stopAndJoin(125)) - d394239f-4003-4980-a11f-9e9a96bc4c4f@group-996C1A0A52D8-StateMachineUpdater: set stopIndex = 12
2019-09-10 19:03:38,897 [grpc-default-executor-8] WARN  server.GrpcLogAppender (LogUtils.java:warn(134)) - d394239f-4003-4980-a11f-9e9a96bc4c4f@group-C74863BF0161->c01dc21c-c6d3-4daa-9385-9c828aa890a1-AppendLogResponseHandler: Failed appendEntries: org.apache.ratis.thirdparty.io.grpc.StatusRuntimeException: UNAVAILABLE: Channel shutdownNow invoked
2019-09-10 19:03:38,897 [grpc-default-executor-7] WARN  server.GrpcLogAppender (LogUtils.java:warn(134)) - d394239f-4003-4980-a11f-9e9a96bc4c4f@group-C74863BF0161->08300216-d630-4cd9-aee9-766608000298-AppendLogResponseHandler: Failed appendEntries: org.apache.ratis.thirdparty.io.grpc.StatusRuntimeException: UNAVAILABLE: Channel shutdownNow invoked
2019-09-10 19:03:38,897 [grpc-default-executor-8] INFO  impl.FollowerInfo (FollowerInfo.java:lambda$new$0(51)) - d394239f-4003-4980-a11f-9e9a96bc4c4f@group-C74863BF0161->c01dc21c-c6d3-4daa-9385-9c828aa890a1: nextIndex: updateUnconditionally 1 -> 0
2019-09-10 19:03:38,897 [grpc-default-executor-7] INFO  impl.FollowerInfo (FollowerInfo.java:lambda$new$0(51)) - d394239f-4003-4980-a11f-9e9a96bc4c4f@group-C74863BF0161->08300216-d630-4cd9-aee9-766608000298: nextIndex: updateUnconditionally 1 -> 0
2019-09-10 19:03:38,898 [grpc-default-executor-10] WARN  server.GrpcServerProtocolService (LogUtils.java:warn(134)) - c01dc21c-c6d3-4daa-9385-9c828aa890a1: installSnapshot onError, lastRequest: d394239f-4003-4980-a11f-9e9a96bc4c4f->c01dc21c-c6d3-4daa-9385-9c828aa890a1#7-t2, previous=(t:2, i:0), leaderCommit=0, initializing? false, entries: <empty>: org.apache.ratis.thirdparty.io.grpc.StatusRuntimeException: CANCELLED: cancelled before receiving half close
2019-09-10 19:03:38,898 [grpc-default-executor-9] WARN  server.GrpcServerProtocolService (LogUtils.java:warn(134)) - 08300216-d630-4cd9-aee9-766608000298: installSnapshot onError, lastRequest: d394239f-4003-4980-a11f-9e9a96bc4c4f->08300216-d630-4cd9-aee9-766608000298#7-t2, previous=(t:2, i:0), leaderCommit=0, initializing? false, entries: <empty>: org.apache.ratis.thirdparty.io.grpc.StatusRuntimeException: CANCELLED: cancelled before receiving half close
2019-09-10 19:03:38,937 [d394239f-4003-4980-a11f-9e9a96bc4c4f@group-996C1A0A52D8-StateMachineUpdater] INFO  ratis.ContainerStateMachine (ContainerStateMachine.java:takeSnapshot(300)) - group-996C1A0A52D8: Finished taking a snapshot at:(t:2, i:12) file:/workdir/hadoop-ozone/integration-test/target/test-dir/MiniOzoneClusterImpl-72d52129-3591-4c41-bfb8-19f96584a10d/datanode-2/data/ratis/51ee26b8-1336-4450-8264-996c1a0a52d8/sm/snapshot.2_12 time:41
2019-09-10 19:03:38,937 [d394239f-4003-4980-a11f-9e9a96bc4c4f@group-996C1A0A52D8-StateMachineUpdater] INFO  impl.StateMachineUpdater (StateMachineUpdater.java:takeSnapshot(258)) - d394239f-4003-4980-a11f-9e9a96bc4c4f@group-996C1A0A52D8-StateMachineUpdater: Took a snapshot at index 12
2019-09-10 19:03:38,937 [d394239f-4003-4980-a11f-9e9a96bc4c4f@group-996C1A0A52D8-StateMachineUpdater] INFO  impl.StateMachineUpdater (StateMachineUpdater.java:lambda$new$0(83)) - d394239f-4003-4980-a11f-9e9a96bc4c4f@group-996C1A0A52D8-StateMachineUpdater: snapshotIndex: updateIncreasingly -1 -> 12
2019-09-10 19:03:38,938 [Command processor thread] ERROR commandhandler.CloseContainerCommandHandler (CloseContainerCommandHandler.java:handle(125)) - Can't close container #4
java.io.IOException: org.apache.ratis.protocol.GroupMismatchException: d394239f-4003-4980-a11f-9e9a96bc4c4f: group-996C1A0A52D8 not found.
	at org.apache.hadoop.ozone.container.common.transport.server.ratis.XceiverServerRatis.submitRequest(XceiverServerRatis.java:495)
	at org.apache.hadoop.ozone.container.common.statemachine.commandhandler.CloseContainerCommandHandler.handle(CloseContainerCommandHandler.java:102)
	at org.apache.hadoop.ozone.container.common.statemachine.commandhandler.CommandDispatcher.handle(CommandDispatcher.java:99)
	at org.apache.hadoop.ozone.container.common.statemachine.DatanodeStateMachine.lambda$initCommandHandlerThread$1(DatanodeStateMachine.java:432)
	at java.lang.Thread.run(Thread.java:748)
Caused by: java.util.concurrent.ExecutionException: org.apache.ratis.protocol.GroupMismatchException: d394239f-4003-4980-a11f-9e9a96bc4c4f: group-996C1A0A52D8 not found.
	at java.util.concurrent.CompletableFuture.reportGet(CompletableFuture.java:357)
	at java.util.concurrent.CompletableFuture.get(CompletableFuture.java:1895)
	at org.apache.hadoop.ozone.container.common.transport.server.ratis.XceiverServerRatis.submitRequest(XceiverServerRatis.java:493)
	... 4 more
Caused by: org.apache.ratis.protocol.GroupMismatchException: d394239f-4003-4980-a11f-9e9a96bc4c4f: group-996C1A0A52D8 not found.
	at org.apache.ratis.server.impl.RaftServerProxy$ImplMap.get(RaftServerProxy.java:122)
	at org.apache.ratis.server.impl.RaftServerProxy.getImplFuture(RaftServerProxy.java:269)
	at org.apache.ratis.server.impl.RaftServerProxy.submitRequest(RaftServerProxy.java:327)
	at org.apache.ratis.server.impl.RaftServerProxy.submitClientRequestAsync(RaftServerProxy.java:333)
	... 5 more
2019-09-10 19:03:38,940 [grpc-default-executor-6] INFO  impl.RaftServerImpl (ServerState.java:close(385)) - d394239f-4003-4980-a11f-9e9a96bc4c4f@group-996C1A0A52D8: closes. applyIndex: 12
2019-09-10 19:03:38,942 [d394239f-4003-4980-a11f-9e9a96bc4c4f@group-996C1A0A52D8-SegmentedRaftLogWorker] ERROR ratis.XceiverServerRatis (XceiverServerRatis.java:triggerPipelineClose(568)) - pipeline Action CLOSE  on pipeline PipelineID=51ee26b8-1336-4450-8264-996c1a0a52d8.Reason : WriteLog:16: (t:2, i:16), STATEMACHINELOGENTRY, client-4EEF7FFC2E17, cid=36-writeStateMachineData interrupted.
2019-09-10 19:03:38,945 [EventQueue-PipelineActionsForPipelineActionHandler] ERROR pipeline.PipelineActionHandler (PipelineActionHandler.java:onMessage(60)) - Received pipeline action CLOSE for Pipeline[ Id: 51ee26b8-1336-4450-8264-996c1a0a52d8, Nodes: c01dc21c-c6d3-4daa-9385-9c828aa890a1{ip: 192.168.36.113, host: pr-hdds-1982-decom-states-gjzbw-1854142291, networkLocation: /default-rack, certSerialId: null}08300216-d630-4cd9-aee9-766608000298{ip: 192.168.36.113, host: pr-hdds-1982-decom-states-gjzbw-1854142291, networkLocation: /default-rack, certSerialId: null}d394239f-4003-4980-a11f-9e9a96bc4c4f{ip: 192.168.36.113, host: pr-hdds-1982-decom-states-gjzbw-1854142291, networkLocation: /default-rack, certSerialId: null}, Type:RATIS, Factor:THREE, State:CLOSED] from datanode d394239f-4003-4980-a11f-9e9a96bc4c4f{ip: 192.168.36.113, host: pr-hdds-1982-decom-states-gjzbw-1854142291, networkLocation: /default-rack, certSerialId: null}. Reason : WriteLog:16: (t:2, i:16), STATEMACHINELOGENTRY, client-4EEF7FFC2E17, cid=36-writeStateMachineData interrupted.
2019-09-10 19:03:38,945 [EventQueue-PipelineActionsForPipelineActionHandler] INFO  pipeline.SCMPipelineManager (SCMPipelineManager.java:finalizeAndDestroyPipeline(311)) - destroying pipeline:Pipeline[ Id: 51ee26b8-1336-4450-8264-996c1a0a52d8, Nodes: c01dc21c-c6d3-4daa-9385-9c828aa890a1{ip: 192.168.36.113, host: pr-hdds-1982-decom-states-gjzbw-1854142291, networkLocation: /default-rack, certSerialId: null}08300216-d630-4cd9-aee9-766608000298{ip: 192.168.36.113, host: pr-hdds-1982-decom-states-gjzbw-1854142291, networkLocation: /default-rack, certSerialId: null}d394239f-4003-4980-a11f-9e9a96bc4c4f{ip: 192.168.36.113, host: pr-hdds-1982-decom-states-gjzbw-1854142291, networkLocation: /default-rack, certSerialId: null}, Type:RATIS, Factor:THREE, State:CLOSED]
2019-09-10 19:03:38,997 [grpc-default-executor-6] INFO  segmented.SegmentedRaftLogWorker (SegmentedRaftLogWorker.java:close(228)) - d394239f-4003-4980-a11f-9e9a96bc4c4f@group-996C1A0A52D8-SegmentedRaftLogWorker close()
2019-09-10 19:03:39,110 [grpc-default-executor-9] INFO  client.GrpcClientProtocolClient (GrpcClientProtocolClient.java:onNext(264)) - client-3004A9070B8E->0721d391-9877-4bc5-9778-84bb7e49252a: receive RaftClientReply:client-3004A9070B8E->0721d391-9877-4bc5-9778-84bb7e49252a@group-F957B9D63A79, cid=136, SUCCESS, logIndex=7, commits[0721d391-9877-4bc5-9778-84bb7e49252a:c12, 0b57ef76-c121-46fb-9637-94024daca647:c7, 8e2eaa3a-398a-46ef-9472-b716e4b01ba0:c7]
]]></system-out>
    <system-err><![CDATA[Sep 10, 2019 7:03:38 PM org.apache.ratis.thirdparty.io.grpc.internal.SerializingExecutor run
SEVERE: Exception while executing runnable org.apache.ratis.thirdparty.io.grpc.internal.ServerImpl$JumpToApplicationThreadServerStreamListener$1Closed@2c08d158
org.apache.ratis.thirdparty.io.grpc.StatusRuntimeException: CANCELLED: call already cancelled
	at org.apache.ratis.thirdparty.io.grpc.Status.asRuntimeException(Status.java:517)
	at org.apache.ratis.thirdparty.io.grpc.stub.ServerCalls$ServerCallStreamObserverImpl.onCompleted(ServerCalls.java:356)
	at org.apache.ratis.grpc.server.GrpcServerProtocolService$ServerRequestStreamObserver.onError(GrpcServerProtocolService.java:121)
	at org.apache.ratis.thirdparty.io.grpc.stub.ServerCalls$StreamingServerCallHandler$StreamingServerCallListener.onCancel(ServerCalls.java:269)
	at org.apache.ratis.thirdparty.io.grpc.internal.ServerCallImpl$ServerStreamListenerImpl.closed(ServerCallImpl.java:293)
	at org.apache.ratis.thirdparty.io.grpc.internal.ServerImpl$JumpToApplicationThreadServerStreamListener$1Closed.runInContext(ServerImpl.java:741)
	at org.apache.ratis.thirdparty.io.grpc.internal.ContextRunnable.run(ContextRunnable.java:37)
	at org.apache.ratis.thirdparty.io.grpc.internal.SerializingExecutor.run(SerializingExecutor.java:123)
	at java.util.concurrent.ThreadPoolExecutor.runWorker(ThreadPoolExecutor.java:1149)
	at java.util.concurrent.ThreadPoolExecutor$Worker.run(ThreadPoolExecutor.java:624)
	at java.lang.Thread.run(Thread.java:748)

Sep 10, 2019 7:03:38 PM org.apache.ratis.thirdparty.io.grpc.internal.SerializingExecutor run
SEVERE: Exception while executing runnable org.apache.ratis.thirdparty.io.grpc.internal.ServerImpl$JumpToApplicationThreadServerStreamListener$1Closed@738c5d3c
org.apache.ratis.thirdparty.io.grpc.StatusRuntimeException: CANCELLED: call already cancelled
	at org.apache.ratis.thirdparty.io.grpc.Status.asRuntimeException(Status.java:517)
	at org.apache.ratis.thirdparty.io.grpc.stub.ServerCalls$ServerCallStreamObserverImpl.onCompleted(ServerCalls.java:356)
	at org.apache.ratis.grpc.server.GrpcServerProtocolService$ServerRequestStreamObserver.onError(GrpcServerProtocolService.java:121)
	at org.apache.ratis.thirdparty.io.grpc.stub.ServerCalls$StreamingServerCallHandler$StreamingServerCallListener.onCancel(ServerCalls.java:269)
	at org.apache.ratis.thirdparty.io.grpc.internal.ServerCallImpl$ServerStreamListenerImpl.closed(ServerCallImpl.java:293)
	at org.apache.ratis.thirdparty.io.grpc.internal.ServerImpl$JumpToApplicationThreadServerStreamListener$1Closed.runInContext(ServerImpl.java:741)
	at org.apache.ratis.thirdparty.io.grpc.internal.ContextRunnable.run(ContextRunnable.java:37)
	at org.apache.ratis.thirdparty.io.grpc.internal.SerializingExecutor.run(SerializingExecutor.java:123)
	at java.util.concurrent.ThreadPoolExecutor.runWorker(ThreadPoolExecutor.java:1149)
	at java.util.concurrent.ThreadPoolExecutor$Worker.run(ThreadPoolExecutor.java:624)
	at java.lang.Thread.run(Thread.java:748)

]]></system-err>
  </testcase>
  <testcase name="testBufferCaching" classname="org.apache.hadoop.ozone.client.rpc.TestBlockOutputStream" time="0.725"/>
  <testcase name="testWriteWithExceedingMaxBufferLimit" classname="org.apache.hadoop.ozone.client.rpc.TestBlockOutputStream" time="187.583">
    <failure message="expected:&lt;22&gt; but was:&lt;26&gt;" type="java.lang.AssertionError"><![CDATA[java.lang.AssertionError: expected:<22> but was:<26>
	at org.junit.Assert.fail(Assert.java:88)
	at org.junit.Assert.failNotEquals(Assert.java:743)
	at org.junit.Assert.assertEquals(Assert.java:118)
	at org.junit.Assert.assertEquals(Assert.java:555)
	at org.junit.Assert.assertEquals(Assert.java:542)
	at org.apache.hadoop.ozone.client.rpc.TestBlockOutputStream.testWriteWithExceedingMaxBufferLimit(TestBlockOutputStream.java:614)
	at sun.reflect.NativeMethodAccessorImpl.invoke0(Native Method)
	at sun.reflect.NativeMethodAccessorImpl.invoke(NativeMethodAccessorImpl.java:62)
	at sun.reflect.DelegatingMethodAccessorImpl.invoke(DelegatingMethodAccessorImpl.java:43)
	at java.lang.reflect.Method.invoke(Method.java:498)
	at org.junit.runners.model.FrameworkMethod$1.runReflectiveCall(FrameworkMethod.java:47)
	at org.junit.internal.runners.model.ReflectiveCallable.run(ReflectiveCallable.java:12)
	at org.junit.runners.model.FrameworkMethod.invokeExplosively(FrameworkMethod.java:44)
	at org.junit.internal.runners.statements.InvokeMethod.evaluate(InvokeMethod.java:17)
	at org.junit.runners.ParentRunner.runLeaf(ParentRunner.java:271)
	at org.junit.runners.BlockJUnit4ClassRunner.runChild(BlockJUnit4ClassRunner.java:70)
	at org.junit.runners.BlockJUnit4ClassRunner.runChild(BlockJUnit4ClassRunner.java:50)
	at org.junit.runners.ParentRunner$3.run(ParentRunner.java:238)
	at org.junit.runners.ParentRunner$1.schedule(ParentRunner.java:63)
	at org.junit.runners.ParentRunner.runChildren(ParentRunner.java:236)
	at org.junit.runners.ParentRunner.access$000(ParentRunner.java:53)
	at org.junit.runners.ParentRunner$2.evaluate(ParentRunner.java:229)
	at org.junit.internal.runners.statements.RunBefores.evaluate(RunBefores.java:26)
	at org.junit.internal.runners.statements.RunAfters.evaluate(RunAfters.java:27)
	at org.junit.runners.ParentRunner.run(ParentRunner.java:309)
	at org.apache.maven.surefire.junit4.JUnit4Provider.execute(JUnit4Provider.java:365)
	at org.apache.maven.surefire.junit4.JUnit4Provider.executeWithRerun(JUnit4Provider.java:273)
	at org.apache.maven.surefire.junit4.JUnit4Provider.executeTestSet(JUnit4Provider.java:238)
	at org.apache.maven.surefire.junit4.JUnit4Provider.invoke(JUnit4Provider.java:159)
	at org.apache.maven.surefire.booter.ForkedBooter.invokeProviderInSameClassLoader(ForkedBooter.java:384)
	at org.apache.maven.surefire.booter.ForkedBooter.runSuitesInProcess(ForkedBooter.java:345)
	at org.apache.maven.surefire.booter.ForkedBooter.execute(ForkedBooter.java:126)
	at org.apache.maven.surefire.booter.ForkedBooter.main(ForkedBooter.java:418)
]]></failure>
    <system-out><![CDATA[2019-09-10 19:03:41,055 [grpc-default-executor-6] INFO  impl.RaftServerProxy (RaftServerProxy.java:remove(95)) - c01dc21c-c6d3-4daa-9385-9c828aa890a1: remove group-996C1A0A52D8:null
2019-09-10 19:03:41,057 [RatisPipelineUtilsThread] WARN  pipeline.RatisPipelineUtils (RatisPipelineUtils.java:destroyPipeline(66)) - Pipeline destroy failed for pipeline=PipelineID=51ee26b8-1336-4450-8264-996c1a0a52d8 dn=c01dc21c-c6d3-4daa-9385-9c828aa890a1{ip: 192.168.36.113, host: pr-hdds-1982-decom-states-gjzbw-1854142291, networkLocation: /default-rack, certSerialId: null}
2019-09-10 19:03:41,060 [grpc-default-executor-6] INFO  impl.RaftServerProxy (RaftServerProxy.java:remove(95)) - 08300216-d630-4cd9-aee9-766608000298: remove group-996C1A0A52D8:null
2019-09-10 19:03:41,062 [RatisPipelineUtilsThread] WARN  pipeline.RatisPipelineUtils (RatisPipelineUtils.java:destroyPipeline(66)) - Pipeline destroy failed for pipeline=PipelineID=51ee26b8-1336-4450-8264-996c1a0a52d8 dn=08300216-d630-4cd9-aee9-766608000298{ip: 192.168.36.113, host: pr-hdds-1982-decom-states-gjzbw-1854142291, networkLocation: /default-rack, certSerialId: null}
2019-09-10 19:03:41,066 [grpc-default-executor-6] INFO  impl.RaftServerProxy (RaftServerProxy.java:remove(95)) - d394239f-4003-4980-a11f-9e9a96bc4c4f: remove group-996C1A0A52D8:null
2019-09-10 19:03:41,069 [RatisPipelineUtilsThread] WARN  pipeline.RatisPipelineUtils (RatisPipelineUtils.java:destroyPipeline(66)) - Pipeline destroy failed for pipeline=PipelineID=51ee26b8-1336-4450-8264-996c1a0a52d8 dn=d394239f-4003-4980-a11f-9e9a96bc4c4f{ip: 192.168.36.113, host: pr-hdds-1982-decom-states-gjzbw-1854142291, networkLocation: /default-rack, certSerialId: null}
2019-09-10 19:03:41,069 [RatisPipelineUtilsThread] ERROR pipeline.SCMPipelineManager (Scheduler.java:lambda$schedule$1(70)) - Destroy pipeline failed for pipeline:Pipeline[ Id: 51ee26b8-1336-4450-8264-996c1a0a52d8, Nodes: c01dc21c-c6d3-4daa-9385-9c828aa890a1{ip: 192.168.36.113, host: pr-hdds-1982-decom-states-gjzbw-1854142291, networkLocation: /default-rack, certSerialId: null}08300216-d630-4cd9-aee9-766608000298{ip: 192.168.36.113, host: pr-hdds-1982-decom-states-gjzbw-1854142291, networkLocation: /default-rack, certSerialId: null}d394239f-4003-4980-a11f-9e9a96bc4c4f{ip: 192.168.36.113, host: pr-hdds-1982-decom-states-gjzbw-1854142291, networkLocation: /default-rack, certSerialId: null}, Type:RATIS, Factor:THREE, State:CLOSED]
org.apache.hadoop.hdds.scm.pipeline.PipelineNotFoundException: PipelineID=51ee26b8-1336-4450-8264-996c1a0a52d8 not found
	at org.apache.hadoop.hdds.scm.pipeline.PipelineStateMap.getPipeline(PipelineStateMap.java:132)
	at org.apache.hadoop.hdds.scm.pipeline.PipelineStateMap.removePipeline(PipelineStateMap.java:322)
	at org.apache.hadoop.hdds.scm.pipeline.PipelineStateManager.removePipeline(PipelineStateManager.java:107)
	at org.apache.hadoop.hdds.scm.pipeline.SCMPipelineManager.removePipeline(SCMPipelineManager.java:423)
	at org.apache.hadoop.hdds.scm.pipeline.SCMPipelineManager.destroyPipeline(SCMPipelineManager.java:409)
	at org.apache.hadoop.hdds.scm.pipeline.SCMPipelineManager.lambda$finalizeAndDestroyPipeline$0(SCMPipelineManager.java:318)
	at org.apache.hadoop.utils.Scheduler.lambda$schedule$1(Scheduler.java:68)
	at java.util.concurrent.Executors$RunnableAdapter.call(Executors.java:511)
	at java.util.concurrent.FutureTask.run(FutureTask.java:266)
	at java.util.concurrent.ScheduledThreadPoolExecutor$ScheduledFutureTask.access$201(ScheduledThreadPoolExecutor.java:180)
	at java.util.concurrent.ScheduledThreadPoolExecutor$ScheduledFutureTask.run(ScheduledThreadPoolExecutor.java:293)
	at java.util.concurrent.ThreadPoolExecutor.runWorker(ThreadPoolExecutor.java:1149)
	at java.util.concurrent.ThreadPoolExecutor$Worker.run(ThreadPoolExecutor.java:624)
	at java.lang.Thread.run(Thread.java:748)
2019-09-10 19:03:42,865 [java.util.concurrent.ThreadPoolExecutor$Worker@3835934d[State = -1, empty queue]] WARN  server.GrpcLogAppender (GrpcLogAppender.java:timeoutAppendRequest(200)) - 0721d391-9877-4bc5-9778-84bb7e49252a@group-F957B9D63A79->8e2eaa3a-398a-46ef-9472-b716e4b01ba0-GrpcLogAppender: appendEntries Timeout, request=0721d391-9877-4bc5-9778-84bb7e49252a->8e2eaa3a-398a-46ef-9472-b716e4b01ba0#86-t1, previous=(t:1, i:12), leaderCommit=12, initializing? false, entries: size=1, first=(t:1, i:13), STATEMACHINELOGENTRY, client-3004A9070B8E, cid=140
2019-09-10 19:03:42,865 [java.util.concurrent.ThreadPoolExecutor$Worker@44ea9f2[State = -1, empty queue]] WARN  server.GrpcLogAppender (GrpcLogAppender.java:timeoutAppendRequest(200)) - 0721d391-9877-4bc5-9778-84bb7e49252a@group-F957B9D63A79->0b57ef76-c121-46fb-9637-94024daca647-GrpcLogAppender: appendEntries Timeout, request=0721d391-9877-4bc5-9778-84bb7e49252a->0b57ef76-c121-46fb-9637-94024daca647#86-t1, previous=(t:1, i:12), leaderCommit=12, initializing? false, entries: size=1, first=(t:1, i:13), STATEMACHINELOGENTRY, client-3004A9070B8E, cid=140
2019-09-10 19:03:42,866 [java.util.concurrent.ThreadPoolExecutor$Worker@3835934d[State = -1, empty queue]] WARN  server.GrpcLogAppender (GrpcLogAppender.java:timeoutAppendRequest(200)) - 0721d391-9877-4bc5-9778-84bb7e49252a@group-F957B9D63A79->8e2eaa3a-398a-46ef-9472-b716e4b01ba0-GrpcLogAppender: appendEntries Timeout, request=0721d391-9877-4bc5-9778-84bb7e49252a->8e2eaa3a-398a-46ef-9472-b716e4b01ba0#87-t1, previous=(t:1, i:13), leaderCommit=12, initializing? false, entries: size=1, first=(t:1, i:14), STATEMACHINELOGENTRY, client-3004A9070B8E, cid=141
2019-09-10 19:03:42,866 [java.util.concurrent.ThreadPoolExecutor$Worker@44ea9f2[State = -1, empty queue]] WARN  server.GrpcLogAppender (GrpcLogAppender.java:timeoutAppendRequest(200)) - 0721d391-9877-4bc5-9778-84bb7e49252a@group-F957B9D63A79->0b57ef76-c121-46fb-9637-94024daca647-GrpcLogAppender: appendEntries Timeout, request=0721d391-9877-4bc5-9778-84bb7e49252a->0b57ef76-c121-46fb-9637-94024daca647#87-t1, previous=(t:1, i:13), leaderCommit=12, initializing? false, entries: size=1, first=(t:1, i:14), STATEMACHINELOGENTRY, client-3004A9070B8E, cid=141
2019-09-10 19:03:42,866 [java.util.concurrent.ThreadPoolExecutor$Worker@3835934d[State = -1, empty queue]] WARN  server.GrpcLogAppender (GrpcLogAppender.java:timeoutAppendRequest(200)) - 0721d391-9877-4bc5-9778-84bb7e49252a@group-F957B9D63A79->8e2eaa3a-398a-46ef-9472-b716e4b01ba0-GrpcLogAppender: appendEntries Timeout, request=0721d391-9877-4bc5-9778-84bb7e49252a->8e2eaa3a-398a-46ef-9472-b716e4b01ba0#88-t1, previous=(t:1, i:14), leaderCommit=12, initializing? false, entries: size=1, first=(t:1, i:15), STATEMACHINELOGENTRY, client-3004A9070B8E, cid=142
2019-09-10 19:03:42,866 [java.util.concurrent.ThreadPoolExecutor$Worker@44ea9f2[State = -1, empty queue]] WARN  server.GrpcLogAppender (GrpcLogAppender.java:timeoutAppendRequest(200)) - 0721d391-9877-4bc5-9778-84bb7e49252a@group-F957B9D63A79->0b57ef76-c121-46fb-9637-94024daca647-GrpcLogAppender: appendEntries Timeout, request=0721d391-9877-4bc5-9778-84bb7e49252a->0b57ef76-c121-46fb-9637-94024daca647#88-t1, previous=(t:1, i:14), leaderCommit=12, initializing? false, entries: size=1, first=(t:1, i:15), STATEMACHINELOGENTRY, client-3004A9070B8E, cid=142
2019-09-10 19:03:42,868 [java.util.concurrent.ThreadPoolExecutor$Worker@3835934d[State = -1, empty queue]] WARN  server.GrpcLogAppender (GrpcLogAppender.java:timeoutAppendRequest(200)) - 0721d391-9877-4bc5-9778-84bb7e49252a@group-F957B9D63A79->8e2eaa3a-398a-46ef-9472-b716e4b01ba0-GrpcLogAppender: appendEntries Timeout, request=0721d391-9877-4bc5-9778-84bb7e49252a->8e2eaa3a-398a-46ef-9472-b716e4b01ba0#89-t1, previous=(t:1, i:15), leaderCommit=12, initializing? false, entries: size=1, first=(t:1, i:16), STATEMACHINELOGENTRY, client-3004A9070B8E, cid=143
2019-09-10 19:03:42,868 [java.util.concurrent.ThreadPoolExecutor$Worker@44ea9f2[State = -1, empty queue]] WARN  server.GrpcLogAppender (GrpcLogAppender.java:timeoutAppendRequest(200)) - 0721d391-9877-4bc5-9778-84bb7e49252a@group-F957B9D63A79->0b57ef76-c121-46fb-9637-94024daca647-GrpcLogAppender: appendEntries Timeout, request=0721d391-9877-4bc5-9778-84bb7e49252a->0b57ef76-c121-46fb-9637-94024daca647#89-t1, previous=(t:1, i:15), leaderCommit=12, initializing? false, entries: size=1, first=(t:1, i:16), STATEMACHINELOGENTRY, client-3004A9070B8E, cid=143
2019-09-10 19:03:42,868 [java.util.concurrent.ThreadPoolExecutor$Worker@3835934d[State = -1, empty queue]] WARN  server.GrpcLogAppender (GrpcLogAppender.java:timeoutAppendRequest(200)) - 0721d391-9877-4bc5-9778-84bb7e49252a@group-F957B9D63A79->8e2eaa3a-398a-46ef-9472-b716e4b01ba0-GrpcLogAppender: appendEntries Timeout, request=0721d391-9877-4bc5-9778-84bb7e49252a->8e2eaa3a-398a-46ef-9472-b716e4b01ba0#90-t1, previous=(t:1, i:16), leaderCommit=12, initializing? false, entries: size=1, first=(t:1, i:17), STATEMACHINELOGENTRY, client-3004A9070B8E, cid=144
2019-09-10 19:03:42,869 [java.util.concurrent.ThreadPoolExecutor$Worker@44ea9f2[State = -1, empty queue]] WARN  server.GrpcLogAppender (GrpcLogAppender.java:timeoutAppendRequest(200)) - 0721d391-9877-4bc5-9778-84bb7e49252a@group-F957B9D63A79->0b57ef76-c121-46fb-9637-94024daca647-GrpcLogAppender: appendEntries Timeout, request=0721d391-9877-4bc5-9778-84bb7e49252a->0b57ef76-c121-46fb-9637-94024daca647#90-t1, previous=(t:1, i:16), leaderCommit=12, initializing? false, entries: size=1, first=(t:1, i:17), STATEMACHINELOGENTRY, client-3004A9070B8E, cid=144
2019-09-10 19:03:42,869 [java.util.concurrent.ThreadPoolExecutor$Worker@3835934d[State = -1, empty queue]] WARN  server.GrpcLogAppender (GrpcLogAppender.java:timeoutAppendRequest(200)) - 0721d391-9877-4bc5-9778-84bb7e49252a@group-F957B9D63A79->8e2eaa3a-398a-46ef-9472-b716e4b01ba0-GrpcLogAppender: appendEntries Timeout, request=0721d391-9877-4bc5-9778-84bb7e49252a->8e2eaa3a-398a-46ef-9472-b716e4b01ba0#91-t1, previous=(t:1, i:17), leaderCommit=12, initializing? false, entries: size=1, first=(t:1, i:18), STATEMACHINELOGENTRY, client-3004A9070B8E, cid=145
2019-09-10 19:03:42,869 [java.util.concurrent.ThreadPoolExecutor$Worker@44ea9f2[State = -1, empty queue]] WARN  server.GrpcLogAppender (GrpcLogAppender.java:timeoutAppendRequest(200)) - 0721d391-9877-4bc5-9778-84bb7e49252a@group-F957B9D63A79->0b57ef76-c121-46fb-9637-94024daca647-GrpcLogAppender: appendEntries Timeout, request=0721d391-9877-4bc5-9778-84bb7e49252a->0b57ef76-c121-46fb-9637-94024daca647#91-t1, previous=(t:1, i:17), leaderCommit=12, initializing? false, entries: size=1, first=(t:1, i:18), STATEMACHINELOGENTRY, client-3004A9070B8E, cid=145
2019-09-10 19:03:43,061 [grpc-default-executor-6] INFO  impl.RaftServerProxy (RaftServerProxy.java:remove(95)) - c01dc21c-c6d3-4daa-9385-9c828aa890a1: remove group-996C1A0A52D8:null
2019-09-10 19:03:43,064 [RatisPipelineUtilsThread] WARN  pipeline.RatisPipelineUtils (RatisPipelineUtils.java:destroyPipeline(66)) - Pipeline destroy failed for pipeline=PipelineID=51ee26b8-1336-4450-8264-996c1a0a52d8 dn=c01dc21c-c6d3-4daa-9385-9c828aa890a1{ip: 192.168.36.113, host: pr-hdds-1982-decom-states-gjzbw-1854142291, networkLocation: /default-rack, certSerialId: null}
2019-09-10 19:03:43,067 [grpc-default-executor-6] INFO  impl.RaftServerProxy (RaftServerProxy.java:remove(95)) - 08300216-d630-4cd9-aee9-766608000298: remove group-996C1A0A52D8:null
2019-09-10 19:03:43,070 [RatisPipelineUtilsThread] WARN  pipeline.RatisPipelineUtils (RatisPipelineUtils.java:destroyPipeline(66)) - Pipeline destroy failed for pipeline=PipelineID=51ee26b8-1336-4450-8264-996c1a0a52d8 dn=08300216-d630-4cd9-aee9-766608000298{ip: 192.168.36.113, host: pr-hdds-1982-decom-states-gjzbw-1854142291, networkLocation: /default-rack, certSerialId: null}
2019-09-10 19:03:43,072 [grpc-default-executor-6] INFO  impl.RaftServerProxy (RaftServerProxy.java:remove(95)) - d394239f-4003-4980-a11f-9e9a96bc4c4f: remove group-996C1A0A52D8:null
2019-09-10 19:03:43,075 [RatisPipelineUtilsThread] WARN  pipeline.RatisPipelineUtils (RatisPipelineUtils.java:destroyPipeline(66)) - Pipeline destroy failed for pipeline=PipelineID=51ee26b8-1336-4450-8264-996c1a0a52d8 dn=d394239f-4003-4980-a11f-9e9a96bc4c4f{ip: 192.168.36.113, host: pr-hdds-1982-decom-states-gjzbw-1854142291, networkLocation: /default-rack, certSerialId: null}
2019-09-10 19:03:43,075 [RatisPipelineUtilsThread] ERROR pipeline.SCMPipelineManager (Scheduler.java:lambda$schedule$1(70)) - Destroy pipeline failed for pipeline:Pipeline[ Id: 51ee26b8-1336-4450-8264-996c1a0a52d8, Nodes: c01dc21c-c6d3-4daa-9385-9c828aa890a1{ip: 192.168.36.113, host: pr-hdds-1982-decom-states-gjzbw-1854142291, networkLocation: /default-rack, certSerialId: null}08300216-d630-4cd9-aee9-766608000298{ip: 192.168.36.113, host: pr-hdds-1982-decom-states-gjzbw-1854142291, networkLocation: /default-rack, certSerialId: null}d394239f-4003-4980-a11f-9e9a96bc4c4f{ip: 192.168.36.113, host: pr-hdds-1982-decom-states-gjzbw-1854142291, networkLocation: /default-rack, certSerialId: null}, Type:RATIS, Factor:THREE, State:CLOSED]
org.apache.hadoop.hdds.scm.pipeline.PipelineNotFoundException: PipelineID=51ee26b8-1336-4450-8264-996c1a0a52d8 not found
	at org.apache.hadoop.hdds.scm.pipeline.PipelineStateMap.getPipeline(PipelineStateMap.java:132)
	at org.apache.hadoop.hdds.scm.pipeline.PipelineStateMap.removePipeline(PipelineStateMap.java:322)
	at org.apache.hadoop.hdds.scm.pipeline.PipelineStateManager.removePipeline(PipelineStateManager.java:107)
	at org.apache.hadoop.hdds.scm.pipeline.SCMPipelineManager.removePipeline(SCMPipelineManager.java:423)
	at org.apache.hadoop.hdds.scm.pipeline.SCMPipelineManager.destroyPipeline(SCMPipelineManager.java:409)
	at org.apache.hadoop.hdds.scm.pipeline.SCMPipelineManager.lambda$finalizeAndDestroyPipeline$0(SCMPipelineManager.java:318)
	at org.apache.hadoop.utils.Scheduler.lambda$schedule$1(Scheduler.java:68)
	at java.util.concurrent.Executors$RunnableAdapter.call(Executors.java:511)
	at java.util.concurrent.FutureTask.run(FutureTask.java:266)
	at java.util.concurrent.ScheduledThreadPoolExecutor$ScheduledFutureTask.access$201(ScheduledThreadPoolExecutor.java:180)
	at java.util.concurrent.ScheduledThreadPoolExecutor$ScheduledFutureTask.run(ScheduledThreadPoolExecutor.java:293)
	at java.util.concurrent.ThreadPoolExecutor.runWorker(ThreadPoolExecutor.java:1149)
	at java.util.concurrent.ThreadPoolExecutor$Worker.run(ThreadPoolExecutor.java:624)
	at java.lang.Thread.run(Thread.java:748)
2019-09-10 19:03:44,890 [grpc-default-executor-6] INFO  client.GrpcClientProtocolClient (GrpcClientProtocolClient.java:onNext(264)) - client-3004A9070B8E->8e2eaa3a-398a-46ef-9472-b716e4b01ba0: receive RaftClientReply:client-3004A9070B8E->8e2eaa3a-398a-46ef-9472-b716e4b01ba0@group-F957B9D63A79, cid=140, FAILED org.apache.ratis.protocol.NotLeaderException: Server 8e2eaa3a-398a-46ef-9472-b716e4b01ba0@group-F957B9D63A79 is not the leader 0721d391-9877-4bc5-9778-84bb7e49252a:192.168.36.113:44025, logIndex=0, commits[8e2eaa3a-398a-46ef-9472-b716e4b01ba0:c12, 0b57ef76-c121-46fb-9637-94024daca647:c7, 0721d391-9877-4bc5-9778-84bb7e49252a:c12]
2019-09-10 19:03:45,370 [java.util.concurrent.ThreadPoolExecutor$Worker@3835934d[State = -1, empty queue]] WARN  server.GrpcLogAppender (GrpcLogAppender.java:timeoutAppendRequest(200)) - 0721d391-9877-4bc5-9778-84bb7e49252a@group-F957B9D63A79->8e2eaa3a-398a-46ef-9472-b716e4b01ba0-GrpcLogAppender: appendEntries Timeout, request=0721d391-9877-4bc5-9778-84bb7e49252a->8e2eaa3a-398a-46ef-9472-b716e4b01ba0#92-t1, previous=(t:1, i:18), leaderCommit=12, initializing? false, entries: <empty>
2019-09-10 19:03:45,370 [java.util.concurrent.ThreadPoolExecutor$Worker@44ea9f2[State = -1, empty queue]] WARN  server.GrpcLogAppender (GrpcLogAppender.java:timeoutAppendRequest(200)) - 0721d391-9877-4bc5-9778-84bb7e49252a@group-F957B9D63A79->0b57ef76-c121-46fb-9637-94024daca647-GrpcLogAppender: appendEntries Timeout, request=0721d391-9877-4bc5-9778-84bb7e49252a->0b57ef76-c121-46fb-9637-94024daca647#92-t1, previous=(t:1, i:18), leaderCommit=12, initializing? false, entries: <empty>
2019-09-10 19:03:46,061 [grpc-default-executor-6] INFO  impl.RaftServerProxy (RaftServerProxy.java:remove(95)) - c01dc21c-c6d3-4daa-9385-9c828aa890a1: remove group-996C1A0A52D8:null
2019-09-10 19:03:46,064 [RatisPipelineUtilsThread] WARN  pipeline.RatisPipelineUtils (RatisPipelineUtils.java:destroyPipeline(66)) - Pipeline destroy failed for pipeline=PipelineID=51ee26b8-1336-4450-8264-996c1a0a52d8 dn=c01dc21c-c6d3-4daa-9385-9c828aa890a1{ip: 192.168.36.113, host: pr-hdds-1982-decom-states-gjzbw-1854142291, networkLocation: /default-rack, certSerialId: null}
2019-09-10 19:03:46,067 [grpc-default-executor-6] INFO  impl.RaftServerProxy (RaftServerProxy.java:remove(95)) - 08300216-d630-4cd9-aee9-766608000298: remove group-996C1A0A52D8:null
2019-09-10 19:03:46,070 [RatisPipelineUtilsThread] WARN  pipeline.RatisPipelineUtils (RatisPipelineUtils.java:destroyPipeline(66)) - Pipeline destroy failed for pipeline=PipelineID=51ee26b8-1336-4450-8264-996c1a0a52d8 dn=08300216-d630-4cd9-aee9-766608000298{ip: 192.168.36.113, host: pr-hdds-1982-decom-states-gjzbw-1854142291, networkLocation: /default-rack, certSerialId: null}
2019-09-10 19:03:46,072 [grpc-default-executor-6] INFO  impl.RaftServerProxy (RaftServerProxy.java:remove(95)) - d394239f-4003-4980-a11f-9e9a96bc4c4f: remove group-996C1A0A52D8:null
2019-09-10 19:03:46,075 [RatisPipelineUtilsThread] WARN  pipeline.RatisPipelineUtils (RatisPipelineUtils.java:destroyPipeline(66)) - Pipeline destroy failed for pipeline=PipelineID=51ee26b8-1336-4450-8264-996c1a0a52d8 dn=d394239f-4003-4980-a11f-9e9a96bc4c4f{ip: 192.168.36.113, host: pr-hdds-1982-decom-states-gjzbw-1854142291, networkLocation: /default-rack, certSerialId: null}
2019-09-10 19:03:46,075 [RatisPipelineUtilsThread] ERROR pipeline.SCMPipelineManager (Scheduler.java:lambda$schedule$1(70)) - Destroy pipeline failed for pipeline:Pipeline[ Id: 51ee26b8-1336-4450-8264-996c1a0a52d8, Nodes: c01dc21c-c6d3-4daa-9385-9c828aa890a1{ip: 192.168.36.113, host: pr-hdds-1982-decom-states-gjzbw-1854142291, networkLocation: /default-rack, certSerialId: null}08300216-d630-4cd9-aee9-766608000298{ip: 192.168.36.113, host: pr-hdds-1982-decom-states-gjzbw-1854142291, networkLocation: /default-rack, certSerialId: null}d394239f-4003-4980-a11f-9e9a96bc4c4f{ip: 192.168.36.113, host: pr-hdds-1982-decom-states-gjzbw-1854142291, networkLocation: /default-rack, certSerialId: null}, Type:RATIS, Factor:THREE, State:CLOSED]
org.apache.hadoop.hdds.scm.pipeline.PipelineNotFoundException: PipelineID=51ee26b8-1336-4450-8264-996c1a0a52d8 not found
	at org.apache.hadoop.hdds.scm.pipeline.PipelineStateMap.getPipeline(PipelineStateMap.java:132)
	at org.apache.hadoop.hdds.scm.pipeline.PipelineStateMap.removePipeline(PipelineStateMap.java:322)
	at org.apache.hadoop.hdds.scm.pipeline.PipelineStateManager.removePipeline(PipelineStateManager.java:107)
	at org.apache.hadoop.hdds.scm.pipeline.SCMPipelineManager.removePipeline(SCMPipelineManager.java:423)
	at org.apache.hadoop.hdds.scm.pipeline.SCMPipelineManager.destroyPipeline(SCMPipelineManager.java:409)
	at org.apache.hadoop.hdds.scm.pipeline.SCMPipelineManager.lambda$finalizeAndDestroyPipeline$0(SCMPipelineManager.java:318)
	at org.apache.hadoop.utils.Scheduler.lambda$schedule$1(Scheduler.java:68)
	at java.util.concurrent.Executors$RunnableAdapter.call(Executors.java:511)
	at java.util.concurrent.FutureTask.run(FutureTask.java:266)
	at java.util.concurrent.ScheduledThreadPoolExecutor$ScheduledFutureTask.access$201(ScheduledThreadPoolExecutor.java:180)
	at java.util.concurrent.ScheduledThreadPoolExecutor$ScheduledFutureTask.run(ScheduledThreadPoolExecutor.java:293)
	at java.util.concurrent.ThreadPoolExecutor.runWorker(ThreadPoolExecutor.java:1149)
	at java.util.concurrent.ThreadPoolExecutor$Worker.run(ThreadPoolExecutor.java:624)
	at java.lang.Thread.run(Thread.java:748)
2019-09-10 19:03:47,870 [java.util.concurrent.ThreadPoolExecutor$Worker@3835934d[State = -1, empty queue]] WARN  server.GrpcLogAppender (GrpcLogAppender.java:timeoutAppendRequest(200)) - 0721d391-9877-4bc5-9778-84bb7e49252a@group-F957B9D63A79->8e2eaa3a-398a-46ef-9472-b716e4b01ba0-GrpcLogAppender: appendEntries Timeout, request=0721d391-9877-4bc5-9778-84bb7e49252a->8e2eaa3a-398a-46ef-9472-b716e4b01ba0#93-t1, previous=(t:1, i:18), leaderCommit=12, initializing? false, entries: <empty>
2019-09-10 19:03:47,870 [java.util.concurrent.ThreadPoolExecutor$Worker@44ea9f2[State = -1, empty queue]] WARN  server.GrpcLogAppender (GrpcLogAppender.java:timeoutAppendRequest(200)) - 0721d391-9877-4bc5-9778-84bb7e49252a@group-F957B9D63A79->0b57ef76-c121-46fb-9637-94024daca647-GrpcLogAppender: appendEntries Timeout, request=0721d391-9877-4bc5-9778-84bb7e49252a->0b57ef76-c121-46fb-9637-94024daca647#93-t1, previous=(t:1, i:18), leaderCommit=12, initializing? false, entries: <empty>
2019-09-10 19:03:48,057 [grpc-default-executor-10] INFO  impl.RaftServerProxy (RaftServerProxy.java:remove(95)) - c01dc21c-c6d3-4daa-9385-9c828aa890a1: remove group-996C1A0A52D8:null
2019-09-10 19:03:48,059 [RatisPipelineUtilsThread] WARN  pipeline.RatisPipelineUtils (RatisPipelineUtils.java:destroyPipeline(66)) - Pipeline destroy failed for pipeline=PipelineID=51ee26b8-1336-4450-8264-996c1a0a52d8 dn=c01dc21c-c6d3-4daa-9385-9c828aa890a1{ip: 192.168.36.113, host: pr-hdds-1982-decom-states-gjzbw-1854142291, networkLocation: /default-rack, certSerialId: null}
2019-09-10 19:03:48,062 [grpc-default-executor-10] INFO  impl.RaftServerProxy (RaftServerProxy.java:remove(95)) - 08300216-d630-4cd9-aee9-766608000298: remove group-996C1A0A52D8:null
2019-09-10 19:03:48,064 [RatisPipelineUtilsThread] WARN  pipeline.RatisPipelineUtils (RatisPipelineUtils.java:destroyPipeline(66)) - Pipeline destroy failed for pipeline=PipelineID=51ee26b8-1336-4450-8264-996c1a0a52d8 dn=08300216-d630-4cd9-aee9-766608000298{ip: 192.168.36.113, host: pr-hdds-1982-decom-states-gjzbw-1854142291, networkLocation: /default-rack, certSerialId: null}
2019-09-10 19:03:48,066 [grpc-default-executor-10] INFO  impl.RaftServerProxy (RaftServerProxy.java:remove(95)) - d394239f-4003-4980-a11f-9e9a96bc4c4f: remove group-996C1A0A52D8:null
2019-09-10 19:03:48,068 [RatisPipelineUtilsThread] WARN  pipeline.RatisPipelineUtils (RatisPipelineUtils.java:destroyPipeline(66)) - Pipeline destroy failed for pipeline=PipelineID=51ee26b8-1336-4450-8264-996c1a0a52d8 dn=d394239f-4003-4980-a11f-9e9a96bc4c4f{ip: 192.168.36.113, host: pr-hdds-1982-decom-states-gjzbw-1854142291, networkLocation: /default-rack, certSerialId: null}
2019-09-10 19:03:48,068 [RatisPipelineUtilsThread] ERROR pipeline.SCMPipelineManager (Scheduler.java:lambda$schedule$1(70)) - Destroy pipeline failed for pipeline:Pipeline[ Id: 51ee26b8-1336-4450-8264-996c1a0a52d8, Nodes: c01dc21c-c6d3-4daa-9385-9c828aa890a1{ip: 192.168.36.113, host: pr-hdds-1982-decom-states-gjzbw-1854142291, networkLocation: /default-rack, certSerialId: null}08300216-d630-4cd9-aee9-766608000298{ip: 192.168.36.113, host: pr-hdds-1982-decom-states-gjzbw-1854142291, networkLocation: /default-rack, certSerialId: null}d394239f-4003-4980-a11f-9e9a96bc4c4f{ip: 192.168.36.113, host: pr-hdds-1982-decom-states-gjzbw-1854142291, networkLocation: /default-rack, certSerialId: null}, Type:RATIS, Factor:THREE, State:CLOSED]
org.apache.hadoop.hdds.scm.pipeline.PipelineNotFoundException: PipelineID=51ee26b8-1336-4450-8264-996c1a0a52d8 not found
	at org.apache.hadoop.hdds.scm.pipeline.PipelineStateMap.getPipeline(PipelineStateMap.java:132)
	at org.apache.hadoop.hdds.scm.pipeline.PipelineStateMap.removePipeline(PipelineStateMap.java:322)
	at org.apache.hadoop.hdds.scm.pipeline.PipelineStateManager.removePipeline(PipelineStateManager.java:107)
	at org.apache.hadoop.hdds.scm.pipeline.SCMPipelineManager.removePipeline(SCMPipelineManager.java:423)
	at org.apache.hadoop.hdds.scm.pipeline.SCMPipelineManager.destroyPipeline(SCMPipelineManager.java:409)
	at org.apache.hadoop.hdds.scm.pipeline.SCMPipelineManager.lambda$finalizeAndDestroyPipeline$0(SCMPipelineManager.java:318)
	at org.apache.hadoop.utils.Scheduler.lambda$schedule$1(Scheduler.java:68)
	at java.util.concurrent.Executors$RunnableAdapter.call(Executors.java:511)
	at java.util.concurrent.FutureTask.run(FutureTask.java:266)
	at java.util.concurrent.ScheduledThreadPoolExecutor$ScheduledFutureTask.access$201(ScheduledThreadPoolExecutor.java:180)
	at java.util.concurrent.ScheduledThreadPoolExecutor$ScheduledFutureTask.run(ScheduledThreadPoolExecutor.java:293)
	at java.util.concurrent.ThreadPoolExecutor.runWorker(ThreadPoolExecutor.java:1149)
	at java.util.concurrent.ThreadPoolExecutor$Worker.run(ThreadPoolExecutor.java:624)
	at java.lang.Thread.run(Thread.java:748)
2019-09-10 19:03:49,863 [0721d391-9877-4bc5-9778-84bb7e49252a@group-F957B9D63A79-SegmentedRaftLogWorker] WARN  segmented.SegmentedRaftLogWorker (SegmentedRaftLogWorker.java:getFromFuture(90)) - Timeout 0/~
org.apache.ratis.protocol.TimeoutIOException: Timeout 10s: WriteLog:13: (t:1, i:13), STATEMACHINELOGENTRY, client-3004A9070B8E, cid=140-writeStateMachineData
	at org.apache.ratis.util.IOUtils.getFromFuture(IOUtils.java:87)
	at org.apache.ratis.server.raftlog.segmented.SegmentedRaftLogWorker$StateMachineDataPolicy.getFromFuture(SegmentedRaftLogWorker.java:87)
	at org.apache.ratis.server.raftlog.segmented.SegmentedRaftLogWorker$WriteLog.execute(SegmentedRaftLogWorker.java:477)
	at org.apache.ratis.server.raftlog.segmented.SegmentedRaftLogWorker.run(SegmentedRaftLogWorker.java:289)
	at java.lang.Thread.run(Thread.java:748)
Caused by: java.util.concurrent.TimeoutException
	at java.util.concurrent.CompletableFuture.timedGet(CompletableFuture.java:1771)
	at java.util.concurrent.CompletableFuture.get(CompletableFuture.java:1915)
	at org.apache.ratis.util.IOUtils.getFromFuture(IOUtils.java:79)
	... 4 more
2019-09-10 19:03:49,926 [grpc-default-executor-10] INFO  client.GrpcClientProtocolClient (GrpcClientProtocolClient.java:onNext(264)) - client-3004A9070B8E->0b57ef76-c121-46fb-9637-94024daca647: receive RaftClientReply:client-3004A9070B8E->0b57ef76-c121-46fb-9637-94024daca647@group-F957B9D63A79, cid=140, FAILED org.apache.ratis.protocol.NotLeaderException: Server 0b57ef76-c121-46fb-9637-94024daca647@group-F957B9D63A79 is not the leader 0721d391-9877-4bc5-9778-84bb7e49252a:192.168.36.113:44025, logIndex=0, commits[0b57ef76-c121-46fb-9637-94024daca647:c12, 0721d391-9877-4bc5-9778-84bb7e49252a:c12, 8e2eaa3a-398a-46ef-9472-b716e4b01ba0:c7]
2019-09-10 19:03:50,090 [0b57ef76-c121-46fb-9637-94024daca647@group-F957B9D63A79-SegmentedRaftLogWorker] WARN  segmented.SegmentedRaftLogWorker (SegmentedRaftLogWorker.java:getFromFuture(90)) - Timeout 0/~
org.apache.ratis.protocol.TimeoutIOException: Timeout 10s: WriteLog:16: (t:1, i:16), STATEMACHINELOGENTRY, client-3004A9070B8E, cid=143-writeStateMachineData
	at org.apache.ratis.util.IOUtils.getFromFuture(IOUtils.java:87)
	at org.apache.ratis.server.raftlog.segmented.SegmentedRaftLogWorker$StateMachineDataPolicy.getFromFuture(SegmentedRaftLogWorker.java:87)
	at org.apache.ratis.server.raftlog.segmented.SegmentedRaftLogWorker$WriteLog.execute(SegmentedRaftLogWorker.java:477)
	at org.apache.ratis.server.raftlog.segmented.SegmentedRaftLogWorker.run(SegmentedRaftLogWorker.java:289)
	at java.lang.Thread.run(Thread.java:748)
Caused by: java.util.concurrent.TimeoutException
	at java.util.concurrent.CompletableFuture.timedGet(CompletableFuture.java:1771)
	at java.util.concurrent.CompletableFuture.get(CompletableFuture.java:1915)
	at org.apache.ratis.util.IOUtils.getFromFuture(IOUtils.java:79)
	... 4 more
2019-09-10 19:03:50,116 [8e2eaa3a-398a-46ef-9472-b716e4b01ba0@group-F957B9D63A79-SegmentedRaftLogWorker] WARN  segmented.SegmentedRaftLogWorker (SegmentedRaftLogWorker.java:getFromFuture(90)) - Timeout 0/~
org.apache.ratis.protocol.TimeoutIOException: Timeout 10s: WriteLog:14: (t:1, i:14), STATEMACHINELOGENTRY, client-3004A9070B8E, cid=141-writeStateMachineData
	at org.apache.ratis.util.IOUtils.getFromFuture(IOUtils.java:87)
	at org.apache.ratis.server.raftlog.segmented.SegmentedRaftLogWorker$StateMachineDataPolicy.getFromFuture(SegmentedRaftLogWorker.java:87)
	at org.apache.ratis.server.raftlog.segmented.SegmentedRaftLogWorker$WriteLog.execute(SegmentedRaftLogWorker.java:477)
	at org.apache.ratis.server.raftlog.segmented.SegmentedRaftLogWorker.run(SegmentedRaftLogWorker.java:289)
	at java.lang.Thread.run(Thread.java:748)
Caused by: java.util.concurrent.TimeoutException
	at java.util.concurrent.CompletableFuture.timedGet(CompletableFuture.java:1771)
	at java.util.concurrent.CompletableFuture.get(CompletableFuture.java:1915)
	at org.apache.ratis.util.IOUtils.getFromFuture(IOUtils.java:79)
	... 4 more
2019-09-10 19:03:50,370 [java.util.concurrent.ThreadPoolExecutor$Worker@44ea9f2[State = -1, empty queue]] WARN  server.GrpcLogAppender (GrpcLogAppender.java:timeoutAppendRequest(200)) - 0721d391-9877-4bc5-9778-84bb7e49252a@group-F957B9D63A79->0b57ef76-c121-46fb-9637-94024daca647-GrpcLogAppender: appendEntries Timeout, request=0721d391-9877-4bc5-9778-84bb7e49252a->0b57ef76-c121-46fb-9637-94024daca647#94-t1, previous=(t:1, i:18), leaderCommit=12, initializing? false, entries: <empty>
2019-09-10 19:03:50,370 [java.util.concurrent.ThreadPoolExecutor$Worker@3835934d[State = -1, empty queue]] WARN  server.GrpcLogAppender (GrpcLogAppender.java:timeoutAppendRequest(200)) - 0721d391-9877-4bc5-9778-84bb7e49252a@group-F957B9D63A79->8e2eaa3a-398a-46ef-9472-b716e4b01ba0-GrpcLogAppender: appendEntries Timeout, request=0721d391-9877-4bc5-9778-84bb7e49252a->8e2eaa3a-398a-46ef-9472-b716e4b01ba0#94-t1, previous=(t:1, i:18), leaderCommit=12, initializing? false, entries: <empty>
2019-09-10 19:03:51,059 [grpc-default-executor-10] INFO  impl.RaftServerProxy (RaftServerProxy.java:remove(95)) - c01dc21c-c6d3-4daa-9385-9c828aa890a1: remove group-996C1A0A52D8:null
2019-09-10 19:03:51,062 [RatisPipelineUtilsThread] WARN  pipeline.RatisPipelineUtils (RatisPipelineUtils.java:destroyPipeline(66)) - Pipeline destroy failed for pipeline=PipelineID=51ee26b8-1336-4450-8264-996c1a0a52d8 dn=c01dc21c-c6d3-4daa-9385-9c828aa890a1{ip: 192.168.36.113, host: pr-hdds-1982-decom-states-gjzbw-1854142291, networkLocation: /default-rack, certSerialId: null}
2019-09-10 19:03:51,065 [grpc-default-executor-10] INFO  impl.RaftServerProxy (RaftServerProxy.java:remove(95)) - 08300216-d630-4cd9-aee9-766608000298: remove group-996C1A0A52D8:null
2019-09-10 19:03:51,068 [RatisPipelineUtilsThread] WARN  pipeline.RatisPipelineUtils (RatisPipelineUtils.java:destroyPipeline(66)) - Pipeline destroy failed for pipeline=PipelineID=51ee26b8-1336-4450-8264-996c1a0a52d8 dn=08300216-d630-4cd9-aee9-766608000298{ip: 192.168.36.113, host: pr-hdds-1982-decom-states-gjzbw-1854142291, networkLocation: /default-rack, certSerialId: null}
2019-09-10 19:03:51,071 [grpc-default-executor-10] INFO  impl.RaftServerProxy (RaftServerProxy.java:remove(95)) - d394239f-4003-4980-a11f-9e9a96bc4c4f: remove group-996C1A0A52D8:null
2019-09-10 19:03:51,074 [RatisPipelineUtilsThread] WARN  pipeline.RatisPipelineUtils (RatisPipelineUtils.java:destroyPipeline(66)) - Pipeline destroy failed for pipeline=PipelineID=51ee26b8-1336-4450-8264-996c1a0a52d8 dn=d394239f-4003-4980-a11f-9e9a96bc4c4f{ip: 192.168.36.113, host: pr-hdds-1982-decom-states-gjzbw-1854142291, networkLocation: /default-rack, certSerialId: null}
2019-09-10 19:03:51,074 [RatisPipelineUtilsThread] ERROR pipeline.SCMPipelineManager (Scheduler.java:lambda$schedule$1(70)) - Destroy pipeline failed for pipeline:Pipeline[ Id: 51ee26b8-1336-4450-8264-996c1a0a52d8, Nodes: c01dc21c-c6d3-4daa-9385-9c828aa890a1{ip: 192.168.36.113, host: pr-hdds-1982-decom-states-gjzbw-1854142291, networkLocation: /default-rack, certSerialId: null}08300216-d630-4cd9-aee9-766608000298{ip: 192.168.36.113, host: pr-hdds-1982-decom-states-gjzbw-1854142291, networkLocation: /default-rack, certSerialId: null}d394239f-4003-4980-a11f-9e9a96bc4c4f{ip: 192.168.36.113, host: pr-hdds-1982-decom-states-gjzbw-1854142291, networkLocation: /default-rack, certSerialId: null}, Type:RATIS, Factor:THREE, State:CLOSED]
org.apache.hadoop.hdds.scm.pipeline.PipelineNotFoundException: PipelineID=51ee26b8-1336-4450-8264-996c1a0a52d8 not found
	at org.apache.hadoop.hdds.scm.pipeline.PipelineStateMap.getPipeline(PipelineStateMap.java:132)
	at org.apache.hadoop.hdds.scm.pipeline.PipelineStateMap.removePipeline(PipelineStateMap.java:322)
	at org.apache.hadoop.hdds.scm.pipeline.PipelineStateManager.removePipeline(PipelineStateManager.java:107)
	at org.apache.hadoop.hdds.scm.pipeline.SCMPipelineManager.removePipeline(SCMPipelineManager.java:423)
	at org.apache.hadoop.hdds.scm.pipeline.SCMPipelineManager.destroyPipeline(SCMPipelineManager.java:409)
	at org.apache.hadoop.hdds.scm.pipeline.SCMPipelineManager.lambda$finalizeAndDestroyPipeline$0(SCMPipelineManager.java:318)
	at org.apache.hadoop.utils.Scheduler.lambda$schedule$1(Scheduler.java:68)
	at java.util.concurrent.Executors$RunnableAdapter.call(Executors.java:511)
	at java.util.concurrent.FutureTask.run(FutureTask.java:266)
	at java.util.concurrent.ScheduledThreadPoolExecutor$ScheduledFutureTask.access$201(ScheduledThreadPoolExecutor.java:180)
	at java.util.concurrent.ScheduledThreadPoolExecutor$ScheduledFutureTask.run(ScheduledThreadPoolExecutor.java:293)
	at java.util.concurrent.ThreadPoolExecutor.runWorker(ThreadPoolExecutor.java:1149)
	at java.util.concurrent.ThreadPoolExecutor$Worker.run(ThreadPoolExecutor.java:624)
	at java.lang.Thread.run(Thread.java:748)
2019-09-10 19:03:52,870 [java.util.concurrent.ThreadPoolExecutor$Worker@3835934d[State = -1, empty queue]] WARN  server.GrpcLogAppender (GrpcLogAppender.java:timeoutAppendRequest(200)) - 0721d391-9877-4bc5-9778-84bb7e49252a@group-F957B9D63A79->8e2eaa3a-398a-46ef-9472-b716e4b01ba0-GrpcLogAppender: appendEntries Timeout, request=0721d391-9877-4bc5-9778-84bb7e49252a->8e2eaa3a-398a-46ef-9472-b716e4b01ba0#95-t1, previous=(t:1, i:18), leaderCommit=12, initializing? false, entries: <empty>
2019-09-10 19:03:52,870 [java.util.concurrent.ThreadPoolExecutor$Worker@44ea9f2[State = -1, empty queue]] WARN  server.GrpcLogAppender (GrpcLogAppender.java:timeoutAppendRequest(200)) - 0721d391-9877-4bc5-9778-84bb7e49252a@group-F957B9D63A79->0b57ef76-c121-46fb-9637-94024daca647-GrpcLogAppender: appendEntries Timeout, request=0721d391-9877-4bc5-9778-84bb7e49252a->0b57ef76-c121-46fb-9637-94024daca647#95-t1, previous=(t:1, i:18), leaderCommit=12, initializing? false, entries: <empty>
2019-09-10 19:03:53,057 [grpc-default-executor-6] INFO  impl.RaftServerProxy (RaftServerProxy.java:remove(95)) - c01dc21c-c6d3-4daa-9385-9c828aa890a1: remove group-996C1A0A52D8:null
2019-09-10 19:03:53,060 [RatisPipelineUtilsThread] WARN  pipeline.RatisPipelineUtils (RatisPipelineUtils.java:destroyPipeline(66)) - Pipeline destroy failed for pipeline=PipelineID=51ee26b8-1336-4450-8264-996c1a0a52d8 dn=c01dc21c-c6d3-4daa-9385-9c828aa890a1{ip: 192.168.36.113, host: pr-hdds-1982-decom-states-gjzbw-1854142291, networkLocation: /default-rack, certSerialId: null}
2019-09-10 19:03:53,062 [grpc-default-executor-6] INFO  impl.RaftServerProxy (RaftServerProxy.java:remove(95)) - 08300216-d630-4cd9-aee9-766608000298: remove group-996C1A0A52D8:null
2019-09-10 19:03:53,064 [RatisPipelineUtilsThread] WARN  pipeline.RatisPipelineUtils (RatisPipelineUtils.java:destroyPipeline(66)) - Pipeline destroy failed for pipeline=PipelineID=51ee26b8-1336-4450-8264-996c1a0a52d8 dn=08300216-d630-4cd9-aee9-766608000298{ip: 192.168.36.113, host: pr-hdds-1982-decom-states-gjzbw-1854142291, networkLocation: /default-rack, certSerialId: null}
2019-09-10 19:03:53,066 [grpc-default-executor-6] INFO  impl.RaftServerProxy (RaftServerProxy.java:remove(95)) - d394239f-4003-4980-a11f-9e9a96bc4c4f: remove group-996C1A0A52D8:null
2019-09-10 19:03:53,068 [RatisPipelineUtilsThread] WARN  pipeline.RatisPipelineUtils (RatisPipelineUtils.java:destroyPipeline(66)) - Pipeline destroy failed for pipeline=PipelineID=51ee26b8-1336-4450-8264-996c1a0a52d8 dn=d394239f-4003-4980-a11f-9e9a96bc4c4f{ip: 192.168.36.113, host: pr-hdds-1982-decom-states-gjzbw-1854142291, networkLocation: /default-rack, certSerialId: null}
2019-09-10 19:03:53,069 [RatisPipelineUtilsThread] ERROR pipeline.SCMPipelineManager (Scheduler.java:lambda$schedule$1(70)) - Destroy pipeline failed for pipeline:Pipeline[ Id: 51ee26b8-1336-4450-8264-996c1a0a52d8, Nodes: c01dc21c-c6d3-4daa-9385-9c828aa890a1{ip: 192.168.36.113, host: pr-hdds-1982-decom-states-gjzbw-1854142291, networkLocation: /default-rack, certSerialId: null}08300216-d630-4cd9-aee9-766608000298{ip: 192.168.36.113, host: pr-hdds-1982-decom-states-gjzbw-1854142291, networkLocation: /default-rack, certSerialId: null}d394239f-4003-4980-a11f-9e9a96bc4c4f{ip: 192.168.36.113, host: pr-hdds-1982-decom-states-gjzbw-1854142291, networkLocation: /default-rack, certSerialId: null}, Type:RATIS, Factor:THREE, State:CLOSED]
org.apache.hadoop.hdds.scm.pipeline.PipelineNotFoundException: PipelineID=51ee26b8-1336-4450-8264-996c1a0a52d8 not found
	at org.apache.hadoop.hdds.scm.pipeline.PipelineStateMap.getPipeline(PipelineStateMap.java:132)
	at org.apache.hadoop.hdds.scm.pipeline.PipelineStateMap.removePipeline(PipelineStateMap.java:322)
	at org.apache.hadoop.hdds.scm.pipeline.PipelineStateManager.removePipeline(PipelineStateManager.java:107)
	at org.apache.hadoop.hdds.scm.pipeline.SCMPipelineManager.removePipeline(SCMPipelineManager.java:423)
	at org.apache.hadoop.hdds.scm.pipeline.SCMPipelineManager.destroyPipeline(SCMPipelineManager.java:409)
	at org.apache.hadoop.hdds.scm.pipeline.SCMPipelineManager.lambda$finalizeAndDestroyPipeline$0(SCMPipelineManager.java:318)
	at org.apache.hadoop.utils.Scheduler.lambda$schedule$1(Scheduler.java:68)
	at java.util.concurrent.Executors$RunnableAdapter.call(Executors.java:511)
	at java.util.concurrent.FutureTask.run(FutureTask.java:266)
	at java.util.concurrent.ScheduledThreadPoolExecutor$ScheduledFutureTask.access$201(ScheduledThreadPoolExecutor.java:180)
	at java.util.concurrent.ScheduledThreadPoolExecutor$ScheduledFutureTask.run(ScheduledThreadPoolExecutor.java:293)
	at java.util.concurrent.ThreadPoolExecutor.runWorker(ThreadPoolExecutor.java:1149)
	at java.util.concurrent.ThreadPoolExecutor$Worker.run(ThreadPoolExecutor.java:624)
	at java.lang.Thread.run(Thread.java:748)
2019-09-10 19:03:54,978 [grpc-default-executor-10] INFO  client.GrpcClientProtocolClient (GrpcClientProtocolClient.java:onNext(264)) - client-3004A9070B8E->0b57ef76-c121-46fb-9637-94024daca647: receive RaftClientReply:client-3004A9070B8E->0b57ef76-c121-46fb-9637-94024daca647@group-F957B9D63A79, cid=140, FAILED org.apache.ratis.protocol.NotLeaderException: Server 0b57ef76-c121-46fb-9637-94024daca647@group-F957B9D63A79 is not the leader 0721d391-9877-4bc5-9778-84bb7e49252a:192.168.36.113:44025, logIndex=0, commits[0b57ef76-c121-46fb-9637-94024daca647:c12, 0721d391-9877-4bc5-9778-84bb7e49252a:c12, 8e2eaa3a-398a-46ef-9472-b716e4b01ba0:c7]
2019-09-10 19:03:55,371 [java.util.concurrent.ThreadPoolExecutor$Worker@3835934d[State = -1, empty queue]] WARN  server.GrpcLogAppender (GrpcLogAppender.java:timeoutAppendRequest(200)) - 0721d391-9877-4bc5-9778-84bb7e49252a@group-F957B9D63A79->8e2eaa3a-398a-46ef-9472-b716e4b01ba0-GrpcLogAppender: appendEntries Timeout, request=0721d391-9877-4bc5-9778-84bb7e49252a->8e2eaa3a-398a-46ef-9472-b716e4b01ba0#96-t1, previous=(t:1, i:18), leaderCommit=12, initializing? false, entries: <empty>
2019-09-10 19:03:55,371 [java.util.concurrent.ThreadPoolExecutor$Worker@44ea9f2[State = -1, empty queue]] WARN  server.GrpcLogAppender (GrpcLogAppender.java:timeoutAppendRequest(200)) - 0721d391-9877-4bc5-9778-84bb7e49252a@group-F957B9D63A79->0b57ef76-c121-46fb-9637-94024daca647-GrpcLogAppender: appendEntries Timeout, request=0721d391-9877-4bc5-9778-84bb7e49252a->0b57ef76-c121-46fb-9637-94024daca647#96-t1, previous=(t:1, i:18), leaderCommit=12, initializing? false, entries: <empty>
2019-09-10 19:03:56,059 [grpc-default-executor-10] INFO  impl.RaftServerProxy (RaftServerProxy.java:remove(95)) - c01dc21c-c6d3-4daa-9385-9c828aa890a1: remove group-996C1A0A52D8:null
2019-09-10 19:03:56,062 [RatisPipelineUtilsThread] WARN  pipeline.RatisPipelineUtils (RatisPipelineUtils.java:destroyPipeline(66)) - Pipeline destroy failed for pipeline=PipelineID=51ee26b8-1336-4450-8264-996c1a0a52d8 dn=c01dc21c-c6d3-4daa-9385-9c828aa890a1{ip: 192.168.36.113, host: pr-hdds-1982-decom-states-gjzbw-1854142291, networkLocation: /default-rack, certSerialId: null}
2019-09-10 19:03:56,065 [grpc-default-executor-10] INFO  impl.RaftServerProxy (RaftServerProxy.java:remove(95)) - 08300216-d630-4cd9-aee9-766608000298: remove group-996C1A0A52D8:null
2019-09-10 19:03:56,067 [RatisPipelineUtilsThread] WARN  pipeline.RatisPipelineUtils (RatisPipelineUtils.java:destroyPipeline(66)) - Pipeline destroy failed for pipeline=PipelineID=51ee26b8-1336-4450-8264-996c1a0a52d8 dn=08300216-d630-4cd9-aee9-766608000298{ip: 192.168.36.113, host: pr-hdds-1982-decom-states-gjzbw-1854142291, networkLocation: /default-rack, certSerialId: null}
2019-09-10 19:03:56,069 [grpc-default-executor-10] INFO  impl.RaftServerProxy (RaftServerProxy.java:remove(95)) - d394239f-4003-4980-a11f-9e9a96bc4c4f: remove group-996C1A0A52D8:null
2019-09-10 19:03:56,071 [RatisPipelineUtilsThread] WARN  pipeline.RatisPipelineUtils (RatisPipelineUtils.java:destroyPipeline(66)) - Pipeline destroy failed for pipeline=PipelineID=51ee26b8-1336-4450-8264-996c1a0a52d8 dn=d394239f-4003-4980-a11f-9e9a96bc4c4f{ip: 192.168.36.113, host: pr-hdds-1982-decom-states-gjzbw-1854142291, networkLocation: /default-rack, certSerialId: null}
2019-09-10 19:03:56,071 [RatisPipelineUtilsThread] ERROR pipeline.SCMPipelineManager (Scheduler.java:lambda$schedule$1(70)) - Destroy pipeline failed for pipeline:Pipeline[ Id: 51ee26b8-1336-4450-8264-996c1a0a52d8, Nodes: c01dc21c-c6d3-4daa-9385-9c828aa890a1{ip: 192.168.36.113, host: pr-hdds-1982-decom-states-gjzbw-1854142291, networkLocation: /default-rack, certSerialId: null}08300216-d630-4cd9-aee9-766608000298{ip: 192.168.36.113, host: pr-hdds-1982-decom-states-gjzbw-1854142291, networkLocation: /default-rack, certSerialId: null}d394239f-4003-4980-a11f-9e9a96bc4c4f{ip: 192.168.36.113, host: pr-hdds-1982-decom-states-gjzbw-1854142291, networkLocation: /default-rack, certSerialId: null}, Type:RATIS, Factor:THREE, State:CLOSED]
org.apache.hadoop.hdds.scm.pipeline.PipelineNotFoundException: PipelineID=51ee26b8-1336-4450-8264-996c1a0a52d8 not found
	at org.apache.hadoop.hdds.scm.pipeline.PipelineStateMap.getPipeline(PipelineStateMap.java:132)
	at org.apache.hadoop.hdds.scm.pipeline.PipelineStateMap.removePipeline(PipelineStateMap.java:322)
	at org.apache.hadoop.hdds.scm.pipeline.PipelineStateManager.removePipeline(PipelineStateManager.java:107)
	at org.apache.hadoop.hdds.scm.pipeline.SCMPipelineManager.removePipeline(SCMPipelineManager.java:423)
	at org.apache.hadoop.hdds.scm.pipeline.SCMPipelineManager.destroyPipeline(SCMPipelineManager.java:409)
	at org.apache.hadoop.hdds.scm.pipeline.SCMPipelineManager.lambda$finalizeAndDestroyPipeline$0(SCMPipelineManager.java:318)
	at org.apache.hadoop.utils.Scheduler.lambda$schedule$1(Scheduler.java:68)
	at java.util.concurrent.Executors$RunnableAdapter.call(Executors.java:511)
	at java.util.concurrent.FutureTask.run(FutureTask.java:266)
	at java.util.concurrent.ScheduledThreadPoolExecutor$ScheduledFutureTask.access$201(ScheduledThreadPoolExecutor.java:180)
	at java.util.concurrent.ScheduledThreadPoolExecutor$ScheduledFutureTask.run(ScheduledThreadPoolExecutor.java:293)
	at java.util.concurrent.ThreadPoolExecutor.runWorker(ThreadPoolExecutor.java:1149)
	at java.util.concurrent.ThreadPoolExecutor$Worker.run(ThreadPoolExecutor.java:624)
	at java.lang.Thread.run(Thread.java:748)
2019-09-10 19:03:57,871 [java.util.concurrent.ThreadPoolExecutor$Worker@3835934d[State = -1, empty queue]] WARN  server.GrpcLogAppender (GrpcLogAppender.java:timeoutAppendRequest(200)) - 0721d391-9877-4bc5-9778-84bb7e49252a@group-F957B9D63A79->8e2eaa3a-398a-46ef-9472-b716e4b01ba0-GrpcLogAppender: appendEntries Timeout, request=0721d391-9877-4bc5-9778-84bb7e49252a->8e2eaa3a-398a-46ef-9472-b716e4b01ba0#97-t1, previous=(t:1, i:18), leaderCommit=12, initializing? false, entries: <empty>
2019-09-10 19:03:57,871 [java.util.concurrent.ThreadPoolExecutor$Worker@44ea9f2[State = -1, empty queue]] WARN  server.GrpcLogAppender (GrpcLogAppender.java:timeoutAppendRequest(200)) - 0721d391-9877-4bc5-9778-84bb7e49252a@group-F957B9D63A79->0b57ef76-c121-46fb-9637-94024daca647-GrpcLogAppender: appendEntries Timeout, request=0721d391-9877-4bc5-9778-84bb7e49252a->0b57ef76-c121-46fb-9637-94024daca647#97-t1, previous=(t:1, i:18), leaderCommit=12, initializing? false, entries: <empty>
2019-09-10 19:03:58,060 [grpc-default-executor-10] INFO  impl.RaftServerProxy (RaftServerProxy.java:remove(95)) - c01dc21c-c6d3-4daa-9385-9c828aa890a1: remove group-996C1A0A52D8:null
2019-09-10 19:03:58,063 [RatisPipelineUtilsThread] WARN  pipeline.RatisPipelineUtils (RatisPipelineUtils.java:destroyPipeline(66)) - Pipeline destroy failed for pipeline=PipelineID=51ee26b8-1336-4450-8264-996c1a0a52d8 dn=c01dc21c-c6d3-4daa-9385-9c828aa890a1{ip: 192.168.36.113, host: pr-hdds-1982-decom-states-gjzbw-1854142291, networkLocation: /default-rack, certSerialId: null}
2019-09-10 19:03:58,065 [grpc-default-executor-10] INFO  impl.RaftServerProxy (RaftServerProxy.java:remove(95)) - 08300216-d630-4cd9-aee9-766608000298: remove group-996C1A0A52D8:null
2019-09-10 19:03:58,066 [RatisPipelineUtilsThread] WARN  pipeline.RatisPipelineUtils (RatisPipelineUtils.java:destroyPipeline(66)) - Pipeline destroy failed for pipeline=PipelineID=51ee26b8-1336-4450-8264-996c1a0a52d8 dn=08300216-d630-4cd9-aee9-766608000298{ip: 192.168.36.113, host: pr-hdds-1982-decom-states-gjzbw-1854142291, networkLocation: /default-rack, certSerialId: null}
2019-09-10 19:03:58,068 [grpc-default-executor-10] INFO  impl.RaftServerProxy (RaftServerProxy.java:remove(95)) - d394239f-4003-4980-a11f-9e9a96bc4c4f: remove group-996C1A0A52D8:null
2019-09-10 19:03:58,070 [RatisPipelineUtilsThread] WARN  pipeline.RatisPipelineUtils (RatisPipelineUtils.java:destroyPipeline(66)) - Pipeline destroy failed for pipeline=PipelineID=51ee26b8-1336-4450-8264-996c1a0a52d8 dn=d394239f-4003-4980-a11f-9e9a96bc4c4f{ip: 192.168.36.113, host: pr-hdds-1982-decom-states-gjzbw-1854142291, networkLocation: /default-rack, certSerialId: null}
2019-09-10 19:03:58,070 [RatisPipelineUtilsThread] ERROR pipeline.SCMPipelineManager (Scheduler.java:lambda$schedule$1(70)) - Destroy pipeline failed for pipeline:Pipeline[ Id: 51ee26b8-1336-4450-8264-996c1a0a52d8, Nodes: c01dc21c-c6d3-4daa-9385-9c828aa890a1{ip: 192.168.36.113, host: pr-hdds-1982-decom-states-gjzbw-1854142291, networkLocation: /default-rack, certSerialId: null}08300216-d630-4cd9-aee9-766608000298{ip: 192.168.36.113, host: pr-hdds-1982-decom-states-gjzbw-1854142291, networkLocation: /default-rack, certSerialId: null}d394239f-4003-4980-a11f-9e9a96bc4c4f{ip: 192.168.36.113, host: pr-hdds-1982-decom-states-gjzbw-1854142291, networkLocation: /default-rack, certSerialId: null}, Type:RATIS, Factor:THREE, State:CLOSED]
org.apache.hadoop.hdds.scm.pipeline.PipelineNotFoundException: PipelineID=51ee26b8-1336-4450-8264-996c1a0a52d8 not found
	at org.apache.hadoop.hdds.scm.pipeline.PipelineStateMap.getPipeline(PipelineStateMap.java:132)
	at org.apache.hadoop.hdds.scm.pipeline.PipelineStateMap.removePipeline(PipelineStateMap.java:322)
	at org.apache.hadoop.hdds.scm.pipeline.PipelineStateManager.removePipeline(PipelineStateManager.java:107)
	at org.apache.hadoop.hdds.scm.pipeline.SCMPipelineManager.removePipeline(SCMPipelineManager.java:423)
	at org.apache.hadoop.hdds.scm.pipeline.SCMPipelineManager.destroyPipeline(SCMPipelineManager.java:409)
	at org.apache.hadoop.hdds.scm.pipeline.SCMPipelineManager.lambda$finalizeAndDestroyPipeline$0(SCMPipelineManager.java:318)
	at org.apache.hadoop.utils.Scheduler.lambda$schedule$1(Scheduler.java:68)
	at java.util.concurrent.Executors$RunnableAdapter.call(Executors.java:511)
	at java.util.concurrent.FutureTask.run(FutureTask.java:266)
	at java.util.concurrent.ScheduledThreadPoolExecutor$ScheduledFutureTask.access$201(ScheduledThreadPoolExecutor.java:180)
	at java.util.concurrent.ScheduledThreadPoolExecutor$ScheduledFutureTask.run(ScheduledThreadPoolExecutor.java:293)
	at java.util.concurrent.ThreadPoolExecutor.runWorker(ThreadPoolExecutor.java:1149)
	at java.util.concurrent.ThreadPoolExecutor$Worker.run(ThreadPoolExecutor.java:624)
	at java.lang.Thread.run(Thread.java:748)
2019-09-10 19:03:59,865 [0721d391-9877-4bc5-9778-84bb7e49252a@group-F957B9D63A79-SegmentedRaftLogWorker] WARN  segmented.SegmentedRaftLogWorker (SegmentedRaftLogWorker.java:getFromFuture(90)) - Timeout 1/~
org.apache.ratis.protocol.TimeoutIOException: Timeout 10s: WriteLog:13: (t:1, i:13), STATEMACHINELOGENTRY, client-3004A9070B8E, cid=140-writeStateMachineData
	at org.apache.ratis.util.IOUtils.getFromFuture(IOUtils.java:87)
	at org.apache.ratis.server.raftlog.segmented.SegmentedRaftLogWorker$StateMachineDataPolicy.getFromFuture(SegmentedRaftLogWorker.java:87)
	at org.apache.ratis.server.raftlog.segmented.SegmentedRaftLogWorker$WriteLog.execute(SegmentedRaftLogWorker.java:477)
	at org.apache.ratis.server.raftlog.segmented.SegmentedRaftLogWorker.run(SegmentedRaftLogWorker.java:289)
	at java.lang.Thread.run(Thread.java:748)
Caused by: java.util.concurrent.TimeoutException
	at java.util.concurrent.CompletableFuture.timedGet(CompletableFuture.java:1771)
	at java.util.concurrent.CompletableFuture.get(CompletableFuture.java:1915)
	at org.apache.ratis.util.IOUtils.getFromFuture(IOUtils.java:79)
	... 4 more
2019-09-10 19:04:00,024 [grpc-default-executor-10] INFO  client.GrpcClientProtocolClient (GrpcClientProtocolClient.java:onNext(264)) - client-3004A9070B8E->0b57ef76-c121-46fb-9637-94024daca647: receive RaftClientReply:client-3004A9070B8E->0b57ef76-c121-46fb-9637-94024daca647@group-F957B9D63A79, cid=140, FAILED org.apache.ratis.protocol.NotLeaderException: Server 0b57ef76-c121-46fb-9637-94024daca647@group-F957B9D63A79 is not the leader 0721d391-9877-4bc5-9778-84bb7e49252a:192.168.36.113:44025, logIndex=0, commits[0b57ef76-c121-46fb-9637-94024daca647:c12, 0721d391-9877-4bc5-9778-84bb7e49252a:c12, 8e2eaa3a-398a-46ef-9472-b716e4b01ba0:c7]
2019-09-10 19:04:00,091 [0b57ef76-c121-46fb-9637-94024daca647@group-F957B9D63A79-SegmentedRaftLogWorker] WARN  segmented.SegmentedRaftLogWorker (SegmentedRaftLogWorker.java:getFromFuture(90)) - Timeout 1/~
org.apache.ratis.protocol.TimeoutIOException: Timeout 10s: WriteLog:16: (t:1, i:16), STATEMACHINELOGENTRY, client-3004A9070B8E, cid=143-writeStateMachineData
	at org.apache.ratis.util.IOUtils.getFromFuture(IOUtils.java:87)
	at org.apache.ratis.server.raftlog.segmented.SegmentedRaftLogWorker$StateMachineDataPolicy.getFromFuture(SegmentedRaftLogWorker.java:87)
	at org.apache.ratis.server.raftlog.segmented.SegmentedRaftLogWorker$WriteLog.execute(SegmentedRaftLogWorker.java:477)
	at org.apache.ratis.server.raftlog.segmented.SegmentedRaftLogWorker.run(SegmentedRaftLogWorker.java:289)
	at java.lang.Thread.run(Thread.java:748)
Caused by: java.util.concurrent.TimeoutException
	at java.util.concurrent.CompletableFuture.timedGet(CompletableFuture.java:1771)
	at java.util.concurrent.CompletableFuture.get(CompletableFuture.java:1915)
	at org.apache.ratis.util.IOUtils.getFromFuture(IOUtils.java:79)
	... 4 more
2019-09-10 19:04:00,116 [8e2eaa3a-398a-46ef-9472-b716e4b01ba0@group-F957B9D63A79-SegmentedRaftLogWorker] WARN  segmented.SegmentedRaftLogWorker (SegmentedRaftLogWorker.java:getFromFuture(90)) - Timeout 1/~
org.apache.ratis.protocol.TimeoutIOException: Timeout 10s: WriteLog:14: (t:1, i:14), STATEMACHINELOGENTRY, client-3004A9070B8E, cid=141-writeStateMachineData
	at org.apache.ratis.util.IOUtils.getFromFuture(IOUtils.java:87)
	at org.apache.ratis.server.raftlog.segmented.SegmentedRaftLogWorker$StateMachineDataPolicy.getFromFuture(SegmentedRaftLogWorker.java:87)
	at org.apache.ratis.server.raftlog.segmented.SegmentedRaftLogWorker$WriteLog.execute(SegmentedRaftLogWorker.java:477)
	at org.apache.ratis.server.raftlog.segmented.SegmentedRaftLogWorker.run(SegmentedRaftLogWorker.java:289)
	at java.lang.Thread.run(Thread.java:748)
Caused by: java.util.concurrent.TimeoutException
	at java.util.concurrent.CompletableFuture.timedGet(CompletableFuture.java:1771)
	at java.util.concurrent.CompletableFuture.get(CompletableFuture.java:1915)
	at org.apache.ratis.util.IOUtils.getFromFuture(IOUtils.java:79)
	... 4 more
2019-09-10 19:04:00,371 [java.util.concurrent.ThreadPoolExecutor$Worker@44ea9f2[State = -1, empty queue]] WARN  server.GrpcLogAppender (GrpcLogAppender.java:timeoutAppendRequest(200)) - 0721d391-9877-4bc5-9778-84bb7e49252a@group-F957B9D63A79->0b57ef76-c121-46fb-9637-94024daca647-GrpcLogAppender: appendEntries Timeout, request=0721d391-9877-4bc5-9778-84bb7e49252a->0b57ef76-c121-46fb-9637-94024daca647#98-t1, previous=(t:1, i:18), leaderCommit=12, initializing? false, entries: <empty>
2019-09-10 19:04:00,371 [java.util.concurrent.ThreadPoolExecutor$Worker@3835934d[State = -1, empty queue]] WARN  server.GrpcLogAppender (GrpcLogAppender.java:timeoutAppendRequest(200)) - 0721d391-9877-4bc5-9778-84bb7e49252a@group-F957B9D63A79->8e2eaa3a-398a-46ef-9472-b716e4b01ba0-GrpcLogAppender: appendEntries Timeout, request=0721d391-9877-4bc5-9778-84bb7e49252a->8e2eaa3a-398a-46ef-9472-b716e4b01ba0#98-t1, previous=(t:1, i:18), leaderCommit=12, initializing? false, entries: <empty>
2019-09-10 19:04:01,059 [grpc-default-executor-10] INFO  impl.RaftServerProxy (RaftServerProxy.java:remove(95)) - c01dc21c-c6d3-4daa-9385-9c828aa890a1: remove group-996C1A0A52D8:null
2019-09-10 19:04:01,063 [RatisPipelineUtilsThread] WARN  pipeline.RatisPipelineUtils (RatisPipelineUtils.java:destroyPipeline(66)) - Pipeline destroy failed for pipeline=PipelineID=51ee26b8-1336-4450-8264-996c1a0a52d8 dn=c01dc21c-c6d3-4daa-9385-9c828aa890a1{ip: 192.168.36.113, host: pr-hdds-1982-decom-states-gjzbw-1854142291, networkLocation: /default-rack, certSerialId: null}
2019-09-10 19:04:01,066 [grpc-default-executor-10] INFO  impl.RaftServerProxy (RaftServerProxy.java:remove(95)) - 08300216-d630-4cd9-aee9-766608000298: remove group-996C1A0A52D8:null
2019-09-10 19:04:01,068 [RatisPipelineUtilsThread] WARN  pipeline.RatisPipelineUtils (RatisPipelineUtils.java:destroyPipeline(66)) - Pipeline destroy failed for pipeline=PipelineID=51ee26b8-1336-4450-8264-996c1a0a52d8 dn=08300216-d630-4cd9-aee9-766608000298{ip: 192.168.36.113, host: pr-hdds-1982-decom-states-gjzbw-1854142291, networkLocation: /default-rack, certSerialId: null}
2019-09-10 19:04:01,071 [grpc-default-executor-10] INFO  impl.RaftServerProxy (RaftServerProxy.java:remove(95)) - d394239f-4003-4980-a11f-9e9a96bc4c4f: remove group-996C1A0A52D8:null
2019-09-10 19:04:01,073 [RatisPipelineUtilsThread] WARN  pipeline.RatisPipelineUtils (RatisPipelineUtils.java:destroyPipeline(66)) - Pipeline destroy failed for pipeline=PipelineID=51ee26b8-1336-4450-8264-996c1a0a52d8 dn=d394239f-4003-4980-a11f-9e9a96bc4c4f{ip: 192.168.36.113, host: pr-hdds-1982-decom-states-gjzbw-1854142291, networkLocation: /default-rack, certSerialId: null}
2019-09-10 19:04:01,074 [RatisPipelineUtilsThread] ERROR pipeline.SCMPipelineManager (Scheduler.java:lambda$schedule$1(70)) - Destroy pipeline failed for pipeline:Pipeline[ Id: 51ee26b8-1336-4450-8264-996c1a0a52d8, Nodes: c01dc21c-c6d3-4daa-9385-9c828aa890a1{ip: 192.168.36.113, host: pr-hdds-1982-decom-states-gjzbw-1854142291, networkLocation: /default-rack, certSerialId: null}08300216-d630-4cd9-aee9-766608000298{ip: 192.168.36.113, host: pr-hdds-1982-decom-states-gjzbw-1854142291, networkLocation: /default-rack, certSerialId: null}d394239f-4003-4980-a11f-9e9a96bc4c4f{ip: 192.168.36.113, host: pr-hdds-1982-decom-states-gjzbw-1854142291, networkLocation: /default-rack, certSerialId: null}, Type:RATIS, Factor:THREE, State:CLOSED]
org.apache.hadoop.hdds.scm.pipeline.PipelineNotFoundException: PipelineID=51ee26b8-1336-4450-8264-996c1a0a52d8 not found
	at org.apache.hadoop.hdds.scm.pipeline.PipelineStateMap.getPipeline(PipelineStateMap.java:132)
	at org.apache.hadoop.hdds.scm.pipeline.PipelineStateMap.removePipeline(PipelineStateMap.java:322)
	at org.apache.hadoop.hdds.scm.pipeline.PipelineStateManager.removePipeline(PipelineStateManager.java:107)
	at org.apache.hadoop.hdds.scm.pipeline.SCMPipelineManager.removePipeline(SCMPipelineManager.java:423)
	at org.apache.hadoop.hdds.scm.pipeline.SCMPipelineManager.destroyPipeline(SCMPipelineManager.java:409)
	at org.apache.hadoop.hdds.scm.pipeline.SCMPipelineManager.lambda$finalizeAndDestroyPipeline$0(SCMPipelineManager.java:318)
	at org.apache.hadoop.utils.Scheduler.lambda$schedule$1(Scheduler.java:68)
	at java.util.concurrent.Executors$RunnableAdapter.call(Executors.java:511)
	at java.util.concurrent.FutureTask.run(FutureTask.java:266)
	at java.util.concurrent.ScheduledThreadPoolExecutor$ScheduledFutureTask.access$201(ScheduledThreadPoolExecutor.java:180)
	at java.util.concurrent.ScheduledThreadPoolExecutor$ScheduledFutureTask.run(ScheduledThreadPoolExecutor.java:293)
	at java.util.concurrent.ThreadPoolExecutor.runWorker(ThreadPoolExecutor.java:1149)
	at java.util.concurrent.ThreadPoolExecutor$Worker.run(ThreadPoolExecutor.java:624)
	at java.lang.Thread.run(Thread.java:748)
2019-09-10 19:04:02,872 [java.util.concurrent.ThreadPoolExecutor$Worker@3835934d[State = -1, empty queue]] WARN  server.GrpcLogAppender (GrpcLogAppender.java:timeoutAppendRequest(200)) - 0721d391-9877-4bc5-9778-84bb7e49252a@group-F957B9D63A79->8e2eaa3a-398a-46ef-9472-b716e4b01ba0-GrpcLogAppender: appendEntries Timeout, request=0721d391-9877-4bc5-9778-84bb7e49252a->8e2eaa3a-398a-46ef-9472-b716e4b01ba0#99-t1, previous=(t:1, i:18), leaderCommit=12, initializing? false, entries: <empty>
2019-09-10 19:04:02,872 [java.util.concurrent.ThreadPoolExecutor$Worker@44ea9f2[State = -1, empty queue]] WARN  server.GrpcLogAppender (GrpcLogAppender.java:timeoutAppendRequest(200)) - 0721d391-9877-4bc5-9778-84bb7e49252a@group-F957B9D63A79->0b57ef76-c121-46fb-9637-94024daca647-GrpcLogAppender: appendEntries Timeout, request=0721d391-9877-4bc5-9778-84bb7e49252a->0b57ef76-c121-46fb-9637-94024daca647#99-t1, previous=(t:1, i:18), leaderCommit=12, initializing? false, entries: <empty>
2019-09-10 19:04:03,061 [grpc-default-executor-6] INFO  impl.RaftServerProxy (RaftServerProxy.java:remove(95)) - c01dc21c-c6d3-4daa-9385-9c828aa890a1: remove group-996C1A0A52D8:null
2019-09-10 19:04:03,065 [RatisPipelineUtilsThread] WARN  pipeline.RatisPipelineUtils (RatisPipelineUtils.java:destroyPipeline(66)) - Pipeline destroy failed for pipeline=PipelineID=51ee26b8-1336-4450-8264-996c1a0a52d8 dn=c01dc21c-c6d3-4daa-9385-9c828aa890a1{ip: 192.168.36.113, host: pr-hdds-1982-decom-states-gjzbw-1854142291, networkLocation: /default-rack, certSerialId: null}
2019-09-10 19:04:03,069 [grpc-default-executor-6] INFO  impl.RaftServerProxy (RaftServerProxy.java:remove(95)) - 08300216-d630-4cd9-aee9-766608000298: remove group-996C1A0A52D8:null
2019-09-10 19:04:03,071 [RatisPipelineUtilsThread] WARN  pipeline.RatisPipelineUtils (RatisPipelineUtils.java:destroyPipeline(66)) - Pipeline destroy failed for pipeline=PipelineID=51ee26b8-1336-4450-8264-996c1a0a52d8 dn=08300216-d630-4cd9-aee9-766608000298{ip: 192.168.36.113, host: pr-hdds-1982-decom-states-gjzbw-1854142291, networkLocation: /default-rack, certSerialId: null}
2019-09-10 19:04:03,073 [grpc-default-executor-6] INFO  impl.RaftServerProxy (RaftServerProxy.java:remove(95)) - d394239f-4003-4980-a11f-9e9a96bc4c4f: remove group-996C1A0A52D8:null
2019-09-10 19:04:03,075 [RatisPipelineUtilsThread] WARN  pipeline.RatisPipelineUtils (RatisPipelineUtils.java:destroyPipeline(66)) - Pipeline destroy failed for pipeline=PipelineID=51ee26b8-1336-4450-8264-996c1a0a52d8 dn=d394239f-4003-4980-a11f-9e9a96bc4c4f{ip: 192.168.36.113, host: pr-hdds-1982-decom-states-gjzbw-1854142291, networkLocation: /default-rack, certSerialId: null}
2019-09-10 19:04:03,075 [RatisPipelineUtilsThread] ERROR pipeline.SCMPipelineManager (Scheduler.java:lambda$schedule$1(70)) - Destroy pipeline failed for pipeline:Pipeline[ Id: 51ee26b8-1336-4450-8264-996c1a0a52d8, Nodes: c01dc21c-c6d3-4daa-9385-9c828aa890a1{ip: 192.168.36.113, host: pr-hdds-1982-decom-states-gjzbw-1854142291, networkLocation: /default-rack, certSerialId: null}08300216-d630-4cd9-aee9-766608000298{ip: 192.168.36.113, host: pr-hdds-1982-decom-states-gjzbw-1854142291, networkLocation: /default-rack, certSerialId: null}d394239f-4003-4980-a11f-9e9a96bc4c4f{ip: 192.168.36.113, host: pr-hdds-1982-decom-states-gjzbw-1854142291, networkLocation: /default-rack, certSerialId: null}, Type:RATIS, Factor:THREE, State:CLOSED]
org.apache.hadoop.hdds.scm.pipeline.PipelineNotFoundException: PipelineID=51ee26b8-1336-4450-8264-996c1a0a52d8 not found
	at org.apache.hadoop.hdds.scm.pipeline.PipelineStateMap.getPipeline(PipelineStateMap.java:132)
	at org.apache.hadoop.hdds.scm.pipeline.PipelineStateMap.removePipeline(PipelineStateMap.java:322)
	at org.apache.hadoop.hdds.scm.pipeline.PipelineStateManager.removePipeline(PipelineStateManager.java:107)
	at org.apache.hadoop.hdds.scm.pipeline.SCMPipelineManager.removePipeline(SCMPipelineManager.java:423)
	at org.apache.hadoop.hdds.scm.pipeline.SCMPipelineManager.destroyPipeline(SCMPipelineManager.java:409)
	at org.apache.hadoop.hdds.scm.pipeline.SCMPipelineManager.lambda$finalizeAndDestroyPipeline$0(SCMPipelineManager.java:318)
	at org.apache.hadoop.utils.Scheduler.lambda$schedule$1(Scheduler.java:68)
	at java.util.concurrent.Executors$RunnableAdapter.call(Executors.java:511)
	at java.util.concurrent.FutureTask.run(FutureTask.java:266)
	at java.util.concurrent.ScheduledThreadPoolExecutor$ScheduledFutureTask.access$201(ScheduledThreadPoolExecutor.java:180)
	at java.util.concurrent.ScheduledThreadPoolExecutor$ScheduledFutureTask.run(ScheduledThreadPoolExecutor.java:293)
	at java.util.concurrent.ThreadPoolExecutor.runWorker(ThreadPoolExecutor.java:1149)
	at java.util.concurrent.ThreadPoolExecutor$Worker.run(ThreadPoolExecutor.java:624)
	at java.lang.Thread.run(Thread.java:748)
2019-09-10 19:04:05,060 [grpc-default-executor-6] INFO  client.GrpcClientProtocolClient (GrpcClientProtocolClient.java:onNext(264)) - client-3004A9070B8E->8e2eaa3a-398a-46ef-9472-b716e4b01ba0: receive RaftClientReply:client-3004A9070B8E->8e2eaa3a-398a-46ef-9472-b716e4b01ba0@group-F957B9D63A79, cid=140, FAILED org.apache.ratis.protocol.NotLeaderException: Server 8e2eaa3a-398a-46ef-9472-b716e4b01ba0@group-F957B9D63A79 is not the leader 0721d391-9877-4bc5-9778-84bb7e49252a:192.168.36.113:44025, logIndex=0, commits[8e2eaa3a-398a-46ef-9472-b716e4b01ba0:c12, 0b57ef76-c121-46fb-9637-94024daca647:c7, 0721d391-9877-4bc5-9778-84bb7e49252a:c12]
2019-09-10 19:04:05,372 [java.util.concurrent.ThreadPoolExecutor$Worker@3835934d[State = -1, empty queue]] WARN  server.GrpcLogAppender (GrpcLogAppender.java:timeoutAppendRequest(200)) - 0721d391-9877-4bc5-9778-84bb7e49252a@group-F957B9D63A79->8e2eaa3a-398a-46ef-9472-b716e4b01ba0-GrpcLogAppender: appendEntries Timeout, request=0721d391-9877-4bc5-9778-84bb7e49252a->8e2eaa3a-398a-46ef-9472-b716e4b01ba0#100-t1, previous=(t:1, i:18), leaderCommit=12, initializing? false, entries: <empty>
2019-09-10 19:04:05,372 [java.util.concurrent.ThreadPoolExecutor$Worker@44ea9f2[State = -1, empty queue]] WARN  server.GrpcLogAppender (GrpcLogAppender.java:timeoutAppendRequest(200)) - 0721d391-9877-4bc5-9778-84bb7e49252a@group-F957B9D63A79->0b57ef76-c121-46fb-9637-94024daca647-GrpcLogAppender: appendEntries Timeout, request=0721d391-9877-4bc5-9778-84bb7e49252a->0b57ef76-c121-46fb-9637-94024daca647#100-t1, previous=(t:1, i:18), leaderCommit=12, initializing? false, entries: <empty>
2019-09-10 19:04:06,062 [grpc-default-executor-6] INFO  impl.RaftServerProxy (RaftServerProxy.java:remove(95)) - c01dc21c-c6d3-4daa-9385-9c828aa890a1: remove group-996C1A0A52D8:null
2019-09-10 19:04:06,067 [RatisPipelineUtilsThread] WARN  pipeline.RatisPipelineUtils (RatisPipelineUtils.java:destroyPipeline(66)) - Pipeline destroy failed for pipeline=PipelineID=51ee26b8-1336-4450-8264-996c1a0a52d8 dn=c01dc21c-c6d3-4daa-9385-9c828aa890a1{ip: 192.168.36.113, host: pr-hdds-1982-decom-states-gjzbw-1854142291, networkLocation: /default-rack, certSerialId: null}
2019-09-10 19:04:06,070 [grpc-default-executor-6] INFO  impl.RaftServerProxy (RaftServerProxy.java:remove(95)) - 08300216-d630-4cd9-aee9-766608000298: remove group-996C1A0A52D8:null
2019-09-10 19:04:06,072 [RatisPipelineUtilsThread] WARN  pipeline.RatisPipelineUtils (RatisPipelineUtils.java:destroyPipeline(66)) - Pipeline destroy failed for pipeline=PipelineID=51ee26b8-1336-4450-8264-996c1a0a52d8 dn=08300216-d630-4cd9-aee9-766608000298{ip: 192.168.36.113, host: pr-hdds-1982-decom-states-gjzbw-1854142291, networkLocation: /default-rack, certSerialId: null}
2019-09-10 19:04:06,075 [grpc-default-executor-6] INFO  impl.RaftServerProxy (RaftServerProxy.java:remove(95)) - d394239f-4003-4980-a11f-9e9a96bc4c4f: remove group-996C1A0A52D8:null
2019-09-10 19:04:06,077 [RatisPipelineUtilsThread] WARN  pipeline.RatisPipelineUtils (RatisPipelineUtils.java:destroyPipeline(66)) - Pipeline destroy failed for pipeline=PipelineID=51ee26b8-1336-4450-8264-996c1a0a52d8 dn=d394239f-4003-4980-a11f-9e9a96bc4c4f{ip: 192.168.36.113, host: pr-hdds-1982-decom-states-gjzbw-1854142291, networkLocation: /default-rack, certSerialId: null}
2019-09-10 19:04:06,077 [RatisPipelineUtilsThread] ERROR pipeline.SCMPipelineManager (Scheduler.java:lambda$schedule$1(70)) - Destroy pipeline failed for pipeline:Pipeline[ Id: 51ee26b8-1336-4450-8264-996c1a0a52d8, Nodes: c01dc21c-c6d3-4daa-9385-9c828aa890a1{ip: 192.168.36.113, host: pr-hdds-1982-decom-states-gjzbw-1854142291, networkLocation: /default-rack, certSerialId: null}08300216-d630-4cd9-aee9-766608000298{ip: 192.168.36.113, host: pr-hdds-1982-decom-states-gjzbw-1854142291, networkLocation: /default-rack, certSerialId: null}d394239f-4003-4980-a11f-9e9a96bc4c4f{ip: 192.168.36.113, host: pr-hdds-1982-decom-states-gjzbw-1854142291, networkLocation: /default-rack, certSerialId: null}, Type:RATIS, Factor:THREE, State:CLOSED]
org.apache.hadoop.hdds.scm.pipeline.PipelineNotFoundException: PipelineID=51ee26b8-1336-4450-8264-996c1a0a52d8 not found
	at org.apache.hadoop.hdds.scm.pipeline.PipelineStateMap.getPipeline(PipelineStateMap.java:132)
	at org.apache.hadoop.hdds.scm.pipeline.PipelineStateMap.removePipeline(PipelineStateMap.java:322)
	at org.apache.hadoop.hdds.scm.pipeline.PipelineStateManager.removePipeline(PipelineStateManager.java:107)
	at org.apache.hadoop.hdds.scm.pipeline.SCMPipelineManager.removePipeline(SCMPipelineManager.java:423)
	at org.apache.hadoop.hdds.scm.pipeline.SCMPipelineManager.destroyPipeline(SCMPipelineManager.java:409)
	at org.apache.hadoop.hdds.scm.pipeline.SCMPipelineManager.lambda$finalizeAndDestroyPipeline$0(SCMPipelineManager.java:318)
	at org.apache.hadoop.utils.Scheduler.lambda$schedule$1(Scheduler.java:68)
	at java.util.concurrent.Executors$RunnableAdapter.call(Executors.java:511)
	at java.util.concurrent.FutureTask.run(FutureTask.java:266)
	at java.util.concurrent.ScheduledThreadPoolExecutor$ScheduledFutureTask.access$201(ScheduledThreadPoolExecutor.java:180)
	at java.util.concurrent.ScheduledThreadPoolExecutor$ScheduledFutureTask.run(ScheduledThreadPoolExecutor.java:293)
	at java.util.concurrent.ThreadPoolExecutor.runWorker(ThreadPoolExecutor.java:1149)
	at java.util.concurrent.ThreadPoolExecutor$Worker.run(ThreadPoolExecutor.java:624)
	at java.lang.Thread.run(Thread.java:748)
2019-09-10 19:04:07,873 [java.util.concurrent.ThreadPoolExecutor$Worker@3835934d[State = -1, empty queue]] WARN  server.GrpcLogAppender (GrpcLogAppender.java:timeoutAppendRequest(200)) - 0721d391-9877-4bc5-9778-84bb7e49252a@group-F957B9D63A79->8e2eaa3a-398a-46ef-9472-b716e4b01ba0-GrpcLogAppender: appendEntries Timeout, request=0721d391-9877-4bc5-9778-84bb7e49252a->8e2eaa3a-398a-46ef-9472-b716e4b01ba0#101-t1, previous=(t:1, i:18), leaderCommit=12, initializing? false, entries: <empty>
2019-09-10 19:04:07,873 [java.util.concurrent.ThreadPoolExecutor$Worker@44ea9f2[State = -1, empty queue]] WARN  server.GrpcLogAppender (GrpcLogAppender.java:timeoutAppendRequest(200)) - 0721d391-9877-4bc5-9778-84bb7e49252a@group-F957B9D63A79->0b57ef76-c121-46fb-9637-94024daca647-GrpcLogAppender: appendEntries Timeout, request=0721d391-9877-4bc5-9778-84bb7e49252a->0b57ef76-c121-46fb-9637-94024daca647#101-t1, previous=(t:1, i:18), leaderCommit=12, initializing? false, entries: <empty>
2019-09-10 19:04:08,057 [grpc-default-executor-6] INFO  impl.RaftServerProxy (RaftServerProxy.java:remove(95)) - c01dc21c-c6d3-4daa-9385-9c828aa890a1: remove group-996C1A0A52D8:null
2019-09-10 19:04:08,060 [RatisPipelineUtilsThread] WARN  pipeline.RatisPipelineUtils (RatisPipelineUtils.java:destroyPipeline(66)) - Pipeline destroy failed for pipeline=PipelineID=51ee26b8-1336-4450-8264-996c1a0a52d8 dn=c01dc21c-c6d3-4daa-9385-9c828aa890a1{ip: 192.168.36.113, host: pr-hdds-1982-decom-states-gjzbw-1854142291, networkLocation: /default-rack, certSerialId: null}
2019-09-10 19:04:08,064 [grpc-default-executor-6] INFO  impl.RaftServerProxy (RaftServerProxy.java:remove(95)) - 08300216-d630-4cd9-aee9-766608000298: remove group-996C1A0A52D8:null
2019-09-10 19:04:08,066 [RatisPipelineUtilsThread] WARN  pipeline.RatisPipelineUtils (RatisPipelineUtils.java:destroyPipeline(66)) - Pipeline destroy failed for pipeline=PipelineID=51ee26b8-1336-4450-8264-996c1a0a52d8 dn=08300216-d630-4cd9-aee9-766608000298{ip: 192.168.36.113, host: pr-hdds-1982-decom-states-gjzbw-1854142291, networkLocation: /default-rack, certSerialId: null}
2019-09-10 19:04:08,069 [grpc-default-executor-6] INFO  impl.RaftServerProxy (RaftServerProxy.java:remove(95)) - d394239f-4003-4980-a11f-9e9a96bc4c4f: remove group-996C1A0A52D8:null
2019-09-10 19:04:08,071 [RatisPipelineUtilsThread] WARN  pipeline.RatisPipelineUtils (RatisPipelineUtils.java:destroyPipeline(66)) - Pipeline destroy failed for pipeline=PipelineID=51ee26b8-1336-4450-8264-996c1a0a52d8 dn=d394239f-4003-4980-a11f-9e9a96bc4c4f{ip: 192.168.36.113, host: pr-hdds-1982-decom-states-gjzbw-1854142291, networkLocation: /default-rack, certSerialId: null}
2019-09-10 19:04:08,071 [RatisPipelineUtilsThread] ERROR pipeline.SCMPipelineManager (Scheduler.java:lambda$schedule$1(70)) - Destroy pipeline failed for pipeline:Pipeline[ Id: 51ee26b8-1336-4450-8264-996c1a0a52d8, Nodes: c01dc21c-c6d3-4daa-9385-9c828aa890a1{ip: 192.168.36.113, host: pr-hdds-1982-decom-states-gjzbw-1854142291, networkLocation: /default-rack, certSerialId: null}08300216-d630-4cd9-aee9-766608000298{ip: 192.168.36.113, host: pr-hdds-1982-decom-states-gjzbw-1854142291, networkLocation: /default-rack, certSerialId: null}d394239f-4003-4980-a11f-9e9a96bc4c4f{ip: 192.168.36.113, host: pr-hdds-1982-decom-states-gjzbw-1854142291, networkLocation: /default-rack, certSerialId: null}, Type:RATIS, Factor:THREE, State:CLOSED]
org.apache.hadoop.hdds.scm.pipeline.PipelineNotFoundException: PipelineID=51ee26b8-1336-4450-8264-996c1a0a52d8 not found
	at org.apache.hadoop.hdds.scm.pipeline.PipelineStateMap.getPipeline(PipelineStateMap.java:132)
	at org.apache.hadoop.hdds.scm.pipeline.PipelineStateMap.removePipeline(PipelineStateMap.java:322)
	at org.apache.hadoop.hdds.scm.pipeline.PipelineStateManager.removePipeline(PipelineStateManager.java:107)
	at org.apache.hadoop.hdds.scm.pipeline.SCMPipelineManager.removePipeline(SCMPipelineManager.java:423)
	at org.apache.hadoop.hdds.scm.pipeline.SCMPipelineManager.destroyPipeline(SCMPipelineManager.java:409)
	at org.apache.hadoop.hdds.scm.pipeline.SCMPipelineManager.lambda$finalizeAndDestroyPipeline$0(SCMPipelineManager.java:318)
	at org.apache.hadoop.utils.Scheduler.lambda$schedule$1(Scheduler.java:68)
	at java.util.concurrent.Executors$RunnableAdapter.call(Executors.java:511)
	at java.util.concurrent.FutureTask.run(FutureTask.java:266)
	at java.util.concurrent.ScheduledThreadPoolExecutor$ScheduledFutureTask.access$201(ScheduledThreadPoolExecutor.java:180)
	at java.util.concurrent.ScheduledThreadPoolExecutor$ScheduledFutureTask.run(ScheduledThreadPoolExecutor.java:293)
	at java.util.concurrent.ThreadPoolExecutor.runWorker(ThreadPoolExecutor.java:1149)
	at java.util.concurrent.ThreadPoolExecutor$Worker.run(ThreadPoolExecutor.java:624)
	at java.lang.Thread.run(Thread.java:748)
2019-09-10 19:04:09,866 [0721d391-9877-4bc5-9778-84bb7e49252a@group-F957B9D63A79-SegmentedRaftLogWorker] WARN  segmented.SegmentedRaftLogWorker (SegmentedRaftLogWorker.java:getFromFuture(90)) - Timeout 2/~
org.apache.ratis.protocol.TimeoutIOException: Timeout 10s: WriteLog:13: (t:1, i:13), STATEMACHINELOGENTRY, client-3004A9070B8E, cid=140-writeStateMachineData
	at org.apache.ratis.util.IOUtils.getFromFuture(IOUtils.java:87)
	at org.apache.ratis.server.raftlog.segmented.SegmentedRaftLogWorker$StateMachineDataPolicy.getFromFuture(SegmentedRaftLogWorker.java:87)
	at org.apache.ratis.server.raftlog.segmented.SegmentedRaftLogWorker$WriteLog.execute(SegmentedRaftLogWorker.java:477)
	at org.apache.ratis.server.raftlog.segmented.SegmentedRaftLogWorker.run(SegmentedRaftLogWorker.java:289)
	at java.lang.Thread.run(Thread.java:748)
Caused by: java.util.concurrent.TimeoutException
	at java.util.concurrent.CompletableFuture.timedGet(CompletableFuture.java:1771)
	at java.util.concurrent.CompletableFuture.get(CompletableFuture.java:1915)
	at org.apache.ratis.util.IOUtils.getFromFuture(IOUtils.java:79)
	... 4 more
2019-09-10 19:04:10,092 [0b57ef76-c121-46fb-9637-94024daca647@group-F957B9D63A79-SegmentedRaftLogWorker] WARN  segmented.SegmentedRaftLogWorker (SegmentedRaftLogWorker.java:getFromFuture(90)) - Timeout 2/~
org.apache.ratis.protocol.TimeoutIOException: Timeout 10s: WriteLog:16: (t:1, i:16), STATEMACHINELOGENTRY, client-3004A9070B8E, cid=143-writeStateMachineData
	at org.apache.ratis.util.IOUtils.getFromFuture(IOUtils.java:87)
	at org.apache.ratis.server.raftlog.segmented.SegmentedRaftLogWorker$StateMachineDataPolicy.getFromFuture(SegmentedRaftLogWorker.java:87)
	at org.apache.ratis.server.raftlog.segmented.SegmentedRaftLogWorker$WriteLog.execute(SegmentedRaftLogWorker.java:477)
	at org.apache.ratis.server.raftlog.segmented.SegmentedRaftLogWorker.run(SegmentedRaftLogWorker.java:289)
	at java.lang.Thread.run(Thread.java:748)
Caused by: java.util.concurrent.TimeoutException
	at java.util.concurrent.CompletableFuture.timedGet(CompletableFuture.java:1771)
	at java.util.concurrent.CompletableFuture.get(CompletableFuture.java:1915)
	at org.apache.ratis.util.IOUtils.getFromFuture(IOUtils.java:79)
	... 4 more
2019-09-10 19:04:10,093 [grpc-default-executor-10] INFO  client.GrpcClientProtocolClient (GrpcClientProtocolClient.java:onNext(264)) - client-3004A9070B8E->8e2eaa3a-398a-46ef-9472-b716e4b01ba0: receive RaftClientReply:client-3004A9070B8E->8e2eaa3a-398a-46ef-9472-b716e4b01ba0@group-F957B9D63A79, cid=140, FAILED org.apache.ratis.protocol.NotLeaderException: Server 8e2eaa3a-398a-46ef-9472-b716e4b01ba0@group-F957B9D63A79 is not the leader 0721d391-9877-4bc5-9778-84bb7e49252a:192.168.36.113:44025, logIndex=0, commits[8e2eaa3a-398a-46ef-9472-b716e4b01ba0:c12, 0b57ef76-c121-46fb-9637-94024daca647:c7, 0721d391-9877-4bc5-9778-84bb7e49252a:c12]
2019-09-10 19:04:10,117 [8e2eaa3a-398a-46ef-9472-b716e4b01ba0@group-F957B9D63A79-SegmentedRaftLogWorker] WARN  segmented.SegmentedRaftLogWorker (SegmentedRaftLogWorker.java:getFromFuture(90)) - Timeout 2/~
org.apache.ratis.protocol.TimeoutIOException: Timeout 10s: WriteLog:14: (t:1, i:14), STATEMACHINELOGENTRY, client-3004A9070B8E, cid=141-writeStateMachineData
	at org.apache.ratis.util.IOUtils.getFromFuture(IOUtils.java:87)
	at org.apache.ratis.server.raftlog.segmented.SegmentedRaftLogWorker$StateMachineDataPolicy.getFromFuture(SegmentedRaftLogWorker.java:87)
	at org.apache.ratis.server.raftlog.segmented.SegmentedRaftLogWorker$WriteLog.execute(SegmentedRaftLogWorker.java:477)
	at org.apache.ratis.server.raftlog.segmented.SegmentedRaftLogWorker.run(SegmentedRaftLogWorker.java:289)
	at java.lang.Thread.run(Thread.java:748)
Caused by: java.util.concurrent.TimeoutException
	at java.util.concurrent.CompletableFuture.timedGet(CompletableFuture.java:1771)
	at java.util.concurrent.CompletableFuture.get(CompletableFuture.java:1915)
	at org.apache.ratis.util.IOUtils.getFromFuture(IOUtils.java:79)
	... 4 more
2019-09-10 19:04:10,373 [java.util.concurrent.ThreadPoolExecutor$Worker@3835934d[State = -1, empty queue]] WARN  server.GrpcLogAppender (GrpcLogAppender.java:timeoutAppendRequest(200)) - 0721d391-9877-4bc5-9778-84bb7e49252a@group-F957B9D63A79->8e2eaa3a-398a-46ef-9472-b716e4b01ba0-GrpcLogAppender: appendEntries Timeout, request=0721d391-9877-4bc5-9778-84bb7e49252a->8e2eaa3a-398a-46ef-9472-b716e4b01ba0#102-t1, previous=(t:1, i:18), leaderCommit=12, initializing? false, entries: <empty>
2019-09-10 19:04:10,373 [java.util.concurrent.ThreadPoolExecutor$Worker@44ea9f2[State = -1, empty queue]] WARN  server.GrpcLogAppender (GrpcLogAppender.java:timeoutAppendRequest(200)) - 0721d391-9877-4bc5-9778-84bb7e49252a@group-F957B9D63A79->0b57ef76-c121-46fb-9637-94024daca647-GrpcLogAppender: appendEntries Timeout, request=0721d391-9877-4bc5-9778-84bb7e49252a->0b57ef76-c121-46fb-9637-94024daca647#102-t1, previous=(t:1, i:18), leaderCommit=12, initializing? false, entries: <empty>
2019-09-10 19:04:11,061 [grpc-default-executor-10] INFO  impl.RaftServerProxy (RaftServerProxy.java:remove(95)) - c01dc21c-c6d3-4daa-9385-9c828aa890a1: remove group-996C1A0A52D8:null
2019-09-10 19:04:11,066 [RatisPipelineUtilsThread] WARN  pipeline.RatisPipelineUtils (RatisPipelineUtils.java:destroyPipeline(66)) - Pipeline destroy failed for pipeline=PipelineID=51ee26b8-1336-4450-8264-996c1a0a52d8 dn=c01dc21c-c6d3-4daa-9385-9c828aa890a1{ip: 192.168.36.113, host: pr-hdds-1982-decom-states-gjzbw-1854142291, networkLocation: /default-rack, certSerialId: null}
2019-09-10 19:04:11,069 [grpc-default-executor-10] INFO  impl.RaftServerProxy (RaftServerProxy.java:remove(95)) - 08300216-d630-4cd9-aee9-766608000298: remove group-996C1A0A52D8:null
2019-09-10 19:04:11,072 [RatisPipelineUtilsThread] WARN  pipeline.RatisPipelineUtils (RatisPipelineUtils.java:destroyPipeline(66)) - Pipeline destroy failed for pipeline=PipelineID=51ee26b8-1336-4450-8264-996c1a0a52d8 dn=08300216-d630-4cd9-aee9-766608000298{ip: 192.168.36.113, host: pr-hdds-1982-decom-states-gjzbw-1854142291, networkLocation: /default-rack, certSerialId: null}
2019-09-10 19:04:11,076 [grpc-default-executor-10] INFO  impl.RaftServerProxy (RaftServerProxy.java:remove(95)) - d394239f-4003-4980-a11f-9e9a96bc4c4f: remove group-996C1A0A52D8:null
2019-09-10 19:04:11,078 [RatisPipelineUtilsThread] WARN  pipeline.RatisPipelineUtils (RatisPipelineUtils.java:destroyPipeline(66)) - Pipeline destroy failed for pipeline=PipelineID=51ee26b8-1336-4450-8264-996c1a0a52d8 dn=d394239f-4003-4980-a11f-9e9a96bc4c4f{ip: 192.168.36.113, host: pr-hdds-1982-decom-states-gjzbw-1854142291, networkLocation: /default-rack, certSerialId: null}
2019-09-10 19:04:11,078 [RatisPipelineUtilsThread] ERROR pipeline.SCMPipelineManager (Scheduler.java:lambda$schedule$1(70)) - Destroy pipeline failed for pipeline:Pipeline[ Id: 51ee26b8-1336-4450-8264-996c1a0a52d8, Nodes: c01dc21c-c6d3-4daa-9385-9c828aa890a1{ip: 192.168.36.113, host: pr-hdds-1982-decom-states-gjzbw-1854142291, networkLocation: /default-rack, certSerialId: null}08300216-d630-4cd9-aee9-766608000298{ip: 192.168.36.113, host: pr-hdds-1982-decom-states-gjzbw-1854142291, networkLocation: /default-rack, certSerialId: null}d394239f-4003-4980-a11f-9e9a96bc4c4f{ip: 192.168.36.113, host: pr-hdds-1982-decom-states-gjzbw-1854142291, networkLocation: /default-rack, certSerialId: null}, Type:RATIS, Factor:THREE, State:CLOSED]
org.apache.hadoop.hdds.scm.pipeline.PipelineNotFoundException: PipelineID=51ee26b8-1336-4450-8264-996c1a0a52d8 not found
	at org.apache.hadoop.hdds.scm.pipeline.PipelineStateMap.getPipeline(PipelineStateMap.java:132)
	at org.apache.hadoop.hdds.scm.pipeline.PipelineStateMap.removePipeline(PipelineStateMap.java:322)
	at org.apache.hadoop.hdds.scm.pipeline.PipelineStateManager.removePipeline(PipelineStateManager.java:107)
	at org.apache.hadoop.hdds.scm.pipeline.SCMPipelineManager.removePipeline(SCMPipelineManager.java:423)
	at org.apache.hadoop.hdds.scm.pipeline.SCMPipelineManager.destroyPipeline(SCMPipelineManager.java:409)
	at org.apache.hadoop.hdds.scm.pipeline.SCMPipelineManager.lambda$finalizeAndDestroyPipeline$0(SCMPipelineManager.java:318)
	at org.apache.hadoop.utils.Scheduler.lambda$schedule$1(Scheduler.java:68)
	at java.util.concurrent.Executors$RunnableAdapter.call(Executors.java:511)
	at java.util.concurrent.FutureTask.run(FutureTask.java:266)
	at java.util.concurrent.ScheduledThreadPoolExecutor$ScheduledFutureTask.access$201(ScheduledThreadPoolExecutor.java:180)
	at java.util.concurrent.ScheduledThreadPoolExecutor$ScheduledFutureTask.run(ScheduledThreadPoolExecutor.java:293)
	at java.util.concurrent.ThreadPoolExecutor.runWorker(ThreadPoolExecutor.java:1149)
	at java.util.concurrent.ThreadPoolExecutor$Worker.run(ThreadPoolExecutor.java:624)
	at java.lang.Thread.run(Thread.java:748)
2019-09-10 19:04:12,873 [java.util.concurrent.ThreadPoolExecutor$Worker@3835934d[State = -1, empty queue]] WARN  server.GrpcLogAppender (GrpcLogAppender.java:timeoutAppendRequest(200)) - 0721d391-9877-4bc5-9778-84bb7e49252a@group-F957B9D63A79->8e2eaa3a-398a-46ef-9472-b716e4b01ba0-GrpcLogAppender: appendEntries Timeout, request=0721d391-9877-4bc5-9778-84bb7e49252a->8e2eaa3a-398a-46ef-9472-b716e4b01ba0#103-t1, previous=(t:1, i:18), leaderCommit=12, initializing? false, entries: <empty>
2019-09-10 19:04:12,873 [java.util.concurrent.ThreadPoolExecutor$Worker@44ea9f2[State = -1, empty queue]] WARN  server.GrpcLogAppender (GrpcLogAppender.java:timeoutAppendRequest(200)) - 0721d391-9877-4bc5-9778-84bb7e49252a@group-F957B9D63A79->0b57ef76-c121-46fb-9637-94024daca647-GrpcLogAppender: appendEntries Timeout, request=0721d391-9877-4bc5-9778-84bb7e49252a->0b57ef76-c121-46fb-9637-94024daca647#103-t1, previous=(t:1, i:18), leaderCommit=12, initializing? false, entries: <empty>
2019-09-10 19:04:13,062 [grpc-default-executor-10] INFO  impl.RaftServerProxy (RaftServerProxy.java:remove(95)) - c01dc21c-c6d3-4daa-9385-9c828aa890a1: remove group-996C1A0A52D8:null
2019-09-10 19:04:13,065 [RatisPipelineUtilsThread] WARN  pipeline.RatisPipelineUtils (RatisPipelineUtils.java:destroyPipeline(66)) - Pipeline destroy failed for pipeline=PipelineID=51ee26b8-1336-4450-8264-996c1a0a52d8 dn=c01dc21c-c6d3-4daa-9385-9c828aa890a1{ip: 192.168.36.113, host: pr-hdds-1982-decom-states-gjzbw-1854142291, networkLocation: /default-rack, certSerialId: null}
2019-09-10 19:04:13,068 [grpc-default-executor-10] INFO  impl.RaftServerProxy (RaftServerProxy.java:remove(95)) - 08300216-d630-4cd9-aee9-766608000298: remove group-996C1A0A52D8:null
2019-09-10 19:04:13,070 [RatisPipelineUtilsThread] WARN  pipeline.RatisPipelineUtils (RatisPipelineUtils.java:destroyPipeline(66)) - Pipeline destroy failed for pipeline=PipelineID=51ee26b8-1336-4450-8264-996c1a0a52d8 dn=08300216-d630-4cd9-aee9-766608000298{ip: 192.168.36.113, host: pr-hdds-1982-decom-states-gjzbw-1854142291, networkLocation: /default-rack, certSerialId: null}
2019-09-10 19:04:13,072 [grpc-default-executor-10] INFO  impl.RaftServerProxy (RaftServerProxy.java:remove(95)) - d394239f-4003-4980-a11f-9e9a96bc4c4f: remove group-996C1A0A52D8:null
2019-09-10 19:04:13,074 [RatisPipelineUtilsThread] WARN  pipeline.RatisPipelineUtils (RatisPipelineUtils.java:destroyPipeline(66)) - Pipeline destroy failed for pipeline=PipelineID=51ee26b8-1336-4450-8264-996c1a0a52d8 dn=d394239f-4003-4980-a11f-9e9a96bc4c4f{ip: 192.168.36.113, host: pr-hdds-1982-decom-states-gjzbw-1854142291, networkLocation: /default-rack, certSerialId: null}
2019-09-10 19:04:13,074 [RatisPipelineUtilsThread] ERROR pipeline.SCMPipelineManager (Scheduler.java:lambda$schedule$1(70)) - Destroy pipeline failed for pipeline:Pipeline[ Id: 51ee26b8-1336-4450-8264-996c1a0a52d8, Nodes: c01dc21c-c6d3-4daa-9385-9c828aa890a1{ip: 192.168.36.113, host: pr-hdds-1982-decom-states-gjzbw-1854142291, networkLocation: /default-rack, certSerialId: null}08300216-d630-4cd9-aee9-766608000298{ip: 192.168.36.113, host: pr-hdds-1982-decom-states-gjzbw-1854142291, networkLocation: /default-rack, certSerialId: null}d394239f-4003-4980-a11f-9e9a96bc4c4f{ip: 192.168.36.113, host: pr-hdds-1982-decom-states-gjzbw-1854142291, networkLocation: /default-rack, certSerialId: null}, Type:RATIS, Factor:THREE, State:CLOSED]
org.apache.hadoop.hdds.scm.pipeline.PipelineNotFoundException: PipelineID=51ee26b8-1336-4450-8264-996c1a0a52d8 not found
	at org.apache.hadoop.hdds.scm.pipeline.PipelineStateMap.getPipeline(PipelineStateMap.java:132)
	at org.apache.hadoop.hdds.scm.pipeline.PipelineStateMap.removePipeline(PipelineStateMap.java:322)
	at org.apache.hadoop.hdds.scm.pipeline.PipelineStateManager.removePipeline(PipelineStateManager.java:107)
	at org.apache.hadoop.hdds.scm.pipeline.SCMPipelineManager.removePipeline(SCMPipelineManager.java:423)
	at org.apache.hadoop.hdds.scm.pipeline.SCMPipelineManager.destroyPipeline(SCMPipelineManager.java:409)
	at org.apache.hadoop.hdds.scm.pipeline.SCMPipelineManager.lambda$finalizeAndDestroyPipeline$0(SCMPipelineManager.java:318)
	at org.apache.hadoop.utils.Scheduler.lambda$schedule$1(Scheduler.java:68)
	at java.util.concurrent.Executors$RunnableAdapter.call(Executors.java:511)
	at java.util.concurrent.FutureTask.run(FutureTask.java:266)
	at java.util.concurrent.ScheduledThreadPoolExecutor$ScheduledFutureTask.access$201(ScheduledThreadPoolExecutor.java:180)
	at java.util.concurrent.ScheduledThreadPoolExecutor$ScheduledFutureTask.run(ScheduledThreadPoolExecutor.java:293)
	at java.util.concurrent.ThreadPoolExecutor.runWorker(ThreadPoolExecutor.java:1149)
	at java.util.concurrent.ThreadPoolExecutor$Worker.run(ThreadPoolExecutor.java:624)
	at java.lang.Thread.run(Thread.java:748)
2019-09-10 19:04:15,132 [grpc-default-executor-6] INFO  client.GrpcClientProtocolClient (GrpcClientProtocolClient.java:onNext(264)) - client-3004A9070B8E->0b57ef76-c121-46fb-9637-94024daca647: receive RaftClientReply:client-3004A9070B8E->0b57ef76-c121-46fb-9637-94024daca647@group-F957B9D63A79, cid=140, FAILED org.apache.ratis.protocol.NotLeaderException: Server 0b57ef76-c121-46fb-9637-94024daca647@group-F957B9D63A79 is not the leader 0721d391-9877-4bc5-9778-84bb7e49252a:192.168.36.113:44025, logIndex=0, commits[0b57ef76-c121-46fb-9637-94024daca647:c12, 0721d391-9877-4bc5-9778-84bb7e49252a:c12, 8e2eaa3a-398a-46ef-9472-b716e4b01ba0:c7]
2019-09-10 19:04:15,374 [java.util.concurrent.ThreadPoolExecutor$Worker@3835934d[State = -1, empty queue]] WARN  server.GrpcLogAppender (GrpcLogAppender.java:timeoutAppendRequest(200)) - 0721d391-9877-4bc5-9778-84bb7e49252a@group-F957B9D63A79->8e2eaa3a-398a-46ef-9472-b716e4b01ba0-GrpcLogAppender: appendEntries Timeout, request=0721d391-9877-4bc5-9778-84bb7e49252a->8e2eaa3a-398a-46ef-9472-b716e4b01ba0#104-t1, previous=(t:1, i:18), leaderCommit=12, initializing? false, entries: <empty>
2019-09-10 19:04:15,374 [java.util.concurrent.ThreadPoolExecutor$Worker@44ea9f2[State = -1, empty queue]] WARN  server.GrpcLogAppender (GrpcLogAppender.java:timeoutAppendRequest(200)) - 0721d391-9877-4bc5-9778-84bb7e49252a@group-F957B9D63A79->0b57ef76-c121-46fb-9637-94024daca647-GrpcLogAppender: appendEntries Timeout, request=0721d391-9877-4bc5-9778-84bb7e49252a->0b57ef76-c121-46fb-9637-94024daca647#104-t1, previous=(t:1, i:18), leaderCommit=12, initializing? false, entries: <empty>
2019-09-10 19:04:16,060 [grpc-default-executor-10] INFO  impl.RaftServerProxy (RaftServerProxy.java:remove(95)) - c01dc21c-c6d3-4daa-9385-9c828aa890a1: remove group-996C1A0A52D8:null
2019-09-10 19:04:16,063 [RatisPipelineUtilsThread] WARN  pipeline.RatisPipelineUtils (RatisPipelineUtils.java:destroyPipeline(66)) - Pipeline destroy failed for pipeline=PipelineID=51ee26b8-1336-4450-8264-996c1a0a52d8 dn=c01dc21c-c6d3-4daa-9385-9c828aa890a1{ip: 192.168.36.113, host: pr-hdds-1982-decom-states-gjzbw-1854142291, networkLocation: /default-rack, certSerialId: null}
2019-09-10 19:04:16,066 [grpc-default-executor-10] INFO  impl.RaftServerProxy (RaftServerProxy.java:remove(95)) - 08300216-d630-4cd9-aee9-766608000298: remove group-996C1A0A52D8:null
2019-09-10 19:04:16,068 [RatisPipelineUtilsThread] WARN  pipeline.RatisPipelineUtils (RatisPipelineUtils.java:destroyPipeline(66)) - Pipeline destroy failed for pipeline=PipelineID=51ee26b8-1336-4450-8264-996c1a0a52d8 dn=08300216-d630-4cd9-aee9-766608000298{ip: 192.168.36.113, host: pr-hdds-1982-decom-states-gjzbw-1854142291, networkLocation: /default-rack, certSerialId: null}
2019-09-10 19:04:16,071 [grpc-default-executor-10] INFO  impl.RaftServerProxy (RaftServerProxy.java:remove(95)) - d394239f-4003-4980-a11f-9e9a96bc4c4f: remove group-996C1A0A52D8:null
2019-09-10 19:04:16,073 [RatisPipelineUtilsThread] WARN  pipeline.RatisPipelineUtils (RatisPipelineUtils.java:destroyPipeline(66)) - Pipeline destroy failed for pipeline=PipelineID=51ee26b8-1336-4450-8264-996c1a0a52d8 dn=d394239f-4003-4980-a11f-9e9a96bc4c4f{ip: 192.168.36.113, host: pr-hdds-1982-decom-states-gjzbw-1854142291, networkLocation: /default-rack, certSerialId: null}
2019-09-10 19:04:16,073 [RatisPipelineUtilsThread] ERROR pipeline.SCMPipelineManager (Scheduler.java:lambda$schedule$1(70)) - Destroy pipeline failed for pipeline:Pipeline[ Id: 51ee26b8-1336-4450-8264-996c1a0a52d8, Nodes: c01dc21c-c6d3-4daa-9385-9c828aa890a1{ip: 192.168.36.113, host: pr-hdds-1982-decom-states-gjzbw-1854142291, networkLocation: /default-rack, certSerialId: null}08300216-d630-4cd9-aee9-766608000298{ip: 192.168.36.113, host: pr-hdds-1982-decom-states-gjzbw-1854142291, networkLocation: /default-rack, certSerialId: null}d394239f-4003-4980-a11f-9e9a96bc4c4f{ip: 192.168.36.113, host: pr-hdds-1982-decom-states-gjzbw-1854142291, networkLocation: /default-rack, certSerialId: null}, Type:RATIS, Factor:THREE, State:CLOSED]
org.apache.hadoop.hdds.scm.pipeline.PipelineNotFoundException: PipelineID=51ee26b8-1336-4450-8264-996c1a0a52d8 not found
	at org.apache.hadoop.hdds.scm.pipeline.PipelineStateMap.getPipeline(PipelineStateMap.java:132)
	at org.apache.hadoop.hdds.scm.pipeline.PipelineStateMap.removePipeline(PipelineStateMap.java:322)
	at org.apache.hadoop.hdds.scm.pipeline.PipelineStateManager.removePipeline(PipelineStateManager.java:107)
	at org.apache.hadoop.hdds.scm.pipeline.SCMPipelineManager.removePipeline(SCMPipelineManager.java:423)
	at org.apache.hadoop.hdds.scm.pipeline.SCMPipelineManager.destroyPipeline(SCMPipelineManager.java:409)
	at org.apache.hadoop.hdds.scm.pipeline.SCMPipelineManager.lambda$finalizeAndDestroyPipeline$0(SCMPipelineManager.java:318)
	at org.apache.hadoop.utils.Scheduler.lambda$schedule$1(Scheduler.java:68)
	at java.util.concurrent.Executors$RunnableAdapter.call(Executors.java:511)
	at java.util.concurrent.FutureTask.run(FutureTask.java:266)
	at java.util.concurrent.ScheduledThreadPoolExecutor$ScheduledFutureTask.access$201(ScheduledThreadPoolExecutor.java:180)
	at java.util.concurrent.ScheduledThreadPoolExecutor$ScheduledFutureTask.run(ScheduledThreadPoolExecutor.java:293)
	at java.util.concurrent.ThreadPoolExecutor.runWorker(ThreadPoolExecutor.java:1149)
	at java.util.concurrent.ThreadPoolExecutor$Worker.run(ThreadPoolExecutor.java:624)
	at java.lang.Thread.run(Thread.java:748)
2019-09-10 19:04:17,874 [java.util.concurrent.ThreadPoolExecutor$Worker@3835934d[State = -1, empty queue]] WARN  server.GrpcLogAppender (GrpcLogAppender.java:timeoutAppendRequest(200)) - 0721d391-9877-4bc5-9778-84bb7e49252a@group-F957B9D63A79->8e2eaa3a-398a-46ef-9472-b716e4b01ba0-GrpcLogAppender: appendEntries Timeout, request=0721d391-9877-4bc5-9778-84bb7e49252a->8e2eaa3a-398a-46ef-9472-b716e4b01ba0#105-t1, previous=(t:1, i:18), leaderCommit=12, initializing? false, entries: <empty>
2019-09-10 19:04:17,874 [java.util.concurrent.ThreadPoolExecutor$Worker@44ea9f2[State = -1, empty queue]] WARN  server.GrpcLogAppender (GrpcLogAppender.java:timeoutAppendRequest(200)) - 0721d391-9877-4bc5-9778-84bb7e49252a@group-F957B9D63A79->0b57ef76-c121-46fb-9637-94024daca647-GrpcLogAppender: appendEntries Timeout, request=0721d391-9877-4bc5-9778-84bb7e49252a->0b57ef76-c121-46fb-9637-94024daca647#105-t1, previous=(t:1, i:18), leaderCommit=12, initializing? false, entries: <empty>
2019-09-10 19:04:18,062 [grpc-default-executor-6] INFO  impl.RaftServerProxy (RaftServerProxy.java:remove(95)) - c01dc21c-c6d3-4daa-9385-9c828aa890a1: remove group-996C1A0A52D8:null
2019-09-10 19:04:18,065 [RatisPipelineUtilsThread] WARN  pipeline.RatisPipelineUtils (RatisPipelineUtils.java:destroyPipeline(66)) - Pipeline destroy failed for pipeline=PipelineID=51ee26b8-1336-4450-8264-996c1a0a52d8 dn=c01dc21c-c6d3-4daa-9385-9c828aa890a1{ip: 192.168.36.113, host: pr-hdds-1982-decom-states-gjzbw-1854142291, networkLocation: /default-rack, certSerialId: null}
2019-09-10 19:04:18,067 [grpc-default-executor-6] INFO  impl.RaftServerProxy (RaftServerProxy.java:remove(95)) - 08300216-d630-4cd9-aee9-766608000298: remove group-996C1A0A52D8:null
2019-09-10 19:04:18,069 [RatisPipelineUtilsThread] WARN  pipeline.RatisPipelineUtils (RatisPipelineUtils.java:destroyPipeline(66)) - Pipeline destroy failed for pipeline=PipelineID=51ee26b8-1336-4450-8264-996c1a0a52d8 dn=08300216-d630-4cd9-aee9-766608000298{ip: 192.168.36.113, host: pr-hdds-1982-decom-states-gjzbw-1854142291, networkLocation: /default-rack, certSerialId: null}
2019-09-10 19:04:18,071 [grpc-default-executor-6] INFO  impl.RaftServerProxy (RaftServerProxy.java:remove(95)) - d394239f-4003-4980-a11f-9e9a96bc4c4f: remove group-996C1A0A52D8:null
2019-09-10 19:04:18,073 [RatisPipelineUtilsThread] WARN  pipeline.RatisPipelineUtils (RatisPipelineUtils.java:destroyPipeline(66)) - Pipeline destroy failed for pipeline=PipelineID=51ee26b8-1336-4450-8264-996c1a0a52d8 dn=d394239f-4003-4980-a11f-9e9a96bc4c4f{ip: 192.168.36.113, host: pr-hdds-1982-decom-states-gjzbw-1854142291, networkLocation: /default-rack, certSerialId: null}
2019-09-10 19:04:18,073 [RatisPipelineUtilsThread] ERROR pipeline.SCMPipelineManager (Scheduler.java:lambda$schedule$1(70)) - Destroy pipeline failed for pipeline:Pipeline[ Id: 51ee26b8-1336-4450-8264-996c1a0a52d8, Nodes: c01dc21c-c6d3-4daa-9385-9c828aa890a1{ip: 192.168.36.113, host: pr-hdds-1982-decom-states-gjzbw-1854142291, networkLocation: /default-rack, certSerialId: null}08300216-d630-4cd9-aee9-766608000298{ip: 192.168.36.113, host: pr-hdds-1982-decom-states-gjzbw-1854142291, networkLocation: /default-rack, certSerialId: null}d394239f-4003-4980-a11f-9e9a96bc4c4f{ip: 192.168.36.113, host: pr-hdds-1982-decom-states-gjzbw-1854142291, networkLocation: /default-rack, certSerialId: null}, Type:RATIS, Factor:THREE, State:CLOSED]
org.apache.hadoop.hdds.scm.pipeline.PipelineNotFoundException: PipelineID=51ee26b8-1336-4450-8264-996c1a0a52d8 not found
	at org.apache.hadoop.hdds.scm.pipeline.PipelineStateMap.getPipeline(PipelineStateMap.java:132)
	at org.apache.hadoop.hdds.scm.pipeline.PipelineStateMap.removePipeline(PipelineStateMap.java:322)
	at org.apache.hadoop.hdds.scm.pipeline.PipelineStateManager.removePipeline(PipelineStateManager.java:107)
	at org.apache.hadoop.hdds.scm.pipeline.SCMPipelineManager.removePipeline(SCMPipelineManager.java:423)
	at org.apache.hadoop.hdds.scm.pipeline.SCMPipelineManager.destroyPipeline(SCMPipelineManager.java:409)
	at org.apache.hadoop.hdds.scm.pipeline.SCMPipelineManager.lambda$finalizeAndDestroyPipeline$0(SCMPipelineManager.java:318)
	at org.apache.hadoop.utils.Scheduler.lambda$schedule$1(Scheduler.java:68)
	at java.util.concurrent.Executors$RunnableAdapter.call(Executors.java:511)
	at java.util.concurrent.FutureTask.run(FutureTask.java:266)
	at java.util.concurrent.ScheduledThreadPoolExecutor$ScheduledFutureTask.access$201(ScheduledThreadPoolExecutor.java:180)
	at java.util.concurrent.ScheduledThreadPoolExecutor$ScheduledFutureTask.run(ScheduledThreadPoolExecutor.java:293)
	at java.util.concurrent.ThreadPoolExecutor.runWorker(ThreadPoolExecutor.java:1149)
	at java.util.concurrent.ThreadPoolExecutor$Worker.run(ThreadPoolExecutor.java:624)
	at java.lang.Thread.run(Thread.java:748)
2019-09-10 19:04:19,867 [0721d391-9877-4bc5-9778-84bb7e49252a@group-F957B9D63A79-SegmentedRaftLogWorker] WARN  segmented.SegmentedRaftLogWorker (SegmentedRaftLogWorker.java:getFromFuture(90)) - Timeout 3/~
org.apache.ratis.protocol.TimeoutIOException: Timeout 10s: WriteLog:13: (t:1, i:13), STATEMACHINELOGENTRY, client-3004A9070B8E, cid=140-writeStateMachineData
	at org.apache.ratis.util.IOUtils.getFromFuture(IOUtils.java:87)
	at org.apache.ratis.server.raftlog.segmented.SegmentedRaftLogWorker$StateMachineDataPolicy.getFromFuture(SegmentedRaftLogWorker.java:87)
	at org.apache.ratis.server.raftlog.segmented.SegmentedRaftLogWorker$WriteLog.execute(SegmentedRaftLogWorker.java:477)
	at org.apache.ratis.server.raftlog.segmented.SegmentedRaftLogWorker.run(SegmentedRaftLogWorker.java:289)
	at java.lang.Thread.run(Thread.java:748)
Caused by: java.util.concurrent.TimeoutException
	at java.util.concurrent.CompletableFuture.timedGet(CompletableFuture.java:1771)
	at java.util.concurrent.CompletableFuture.get(CompletableFuture.java:1915)
	at org.apache.ratis.util.IOUtils.getFromFuture(IOUtils.java:79)
	... 4 more
2019-09-10 19:04:20,093 [0b57ef76-c121-46fb-9637-94024daca647@group-F957B9D63A79-SegmentedRaftLogWorker] WARN  segmented.SegmentedRaftLogWorker (SegmentedRaftLogWorker.java:getFromFuture(90)) - Timeout 3/~
org.apache.ratis.protocol.TimeoutIOException: Timeout 10s: WriteLog:16: (t:1, i:16), STATEMACHINELOGENTRY, client-3004A9070B8E, cid=143-writeStateMachineData
	at org.apache.ratis.util.IOUtils.getFromFuture(IOUtils.java:87)
	at org.apache.ratis.server.raftlog.segmented.SegmentedRaftLogWorker$StateMachineDataPolicy.getFromFuture(SegmentedRaftLogWorker.java:87)
	at org.apache.ratis.server.raftlog.segmented.SegmentedRaftLogWorker$WriteLog.execute(SegmentedRaftLogWorker.java:477)
	at org.apache.ratis.server.raftlog.segmented.SegmentedRaftLogWorker.run(SegmentedRaftLogWorker.java:289)
	at java.lang.Thread.run(Thread.java:748)
Caused by: java.util.concurrent.TimeoutException
	at java.util.concurrent.CompletableFuture.timedGet(CompletableFuture.java:1771)
	at java.util.concurrent.CompletableFuture.get(CompletableFuture.java:1915)
	at org.apache.ratis.util.IOUtils.getFromFuture(IOUtils.java:79)
	... 4 more
2019-09-10 19:04:20,118 [8e2eaa3a-398a-46ef-9472-b716e4b01ba0@group-F957B9D63A79-SegmentedRaftLogWorker] WARN  segmented.SegmentedRaftLogWorker (SegmentedRaftLogWorker.java:getFromFuture(90)) - Timeout 3/~
org.apache.ratis.protocol.TimeoutIOException: Timeout 10s: WriteLog:14: (t:1, i:14), STATEMACHINELOGENTRY, client-3004A9070B8E, cid=141-writeStateMachineData
	at org.apache.ratis.util.IOUtils.getFromFuture(IOUtils.java:87)
	at org.apache.ratis.server.raftlog.segmented.SegmentedRaftLogWorker$StateMachineDataPolicy.getFromFuture(SegmentedRaftLogWorker.java:87)
	at org.apache.ratis.server.raftlog.segmented.SegmentedRaftLogWorker$WriteLog.execute(SegmentedRaftLogWorker.java:477)
	at org.apache.ratis.server.raftlog.segmented.SegmentedRaftLogWorker.run(SegmentedRaftLogWorker.java:289)
	at java.lang.Thread.run(Thread.java:748)
Caused by: java.util.concurrent.TimeoutException
	at java.util.concurrent.CompletableFuture.timedGet(CompletableFuture.java:1771)
	at java.util.concurrent.CompletableFuture.get(CompletableFuture.java:1915)
	at org.apache.ratis.util.IOUtils.getFromFuture(IOUtils.java:79)
	... 4 more
2019-09-10 19:04:20,169 [grpc-default-executor-10] INFO  client.GrpcClientProtocolClient (GrpcClientProtocolClient.java:onNext(264)) - client-3004A9070B8E->8e2eaa3a-398a-46ef-9472-b716e4b01ba0: receive RaftClientReply:client-3004A9070B8E->8e2eaa3a-398a-46ef-9472-b716e4b01ba0@group-F957B9D63A79, cid=140, FAILED org.apache.ratis.protocol.NotLeaderException: Server 8e2eaa3a-398a-46ef-9472-b716e4b01ba0@group-F957B9D63A79 is not the leader 0721d391-9877-4bc5-9778-84bb7e49252a:192.168.36.113:44025, logIndex=0, commits[8e2eaa3a-398a-46ef-9472-b716e4b01ba0:c12, 0b57ef76-c121-46fb-9637-94024daca647:c7, 0721d391-9877-4bc5-9778-84bb7e49252a:c12]
2019-09-10 19:04:20,375 [java.util.concurrent.ThreadPoolExecutor$Worker@44ea9f2[State = -1, empty queue]] WARN  server.GrpcLogAppender (GrpcLogAppender.java:timeoutAppendRequest(200)) - 0721d391-9877-4bc5-9778-84bb7e49252a@group-F957B9D63A79->0b57ef76-c121-46fb-9637-94024daca647-GrpcLogAppender: appendEntries Timeout, request=0721d391-9877-4bc5-9778-84bb7e49252a->0b57ef76-c121-46fb-9637-94024daca647#106-t1, previous=(t:1, i:18), leaderCommit=12, initializing? false, entries: <empty>
2019-09-10 19:04:20,375 [java.util.concurrent.ThreadPoolExecutor$Worker@3835934d[State = -1, empty queue]] WARN  server.GrpcLogAppender (GrpcLogAppender.java:timeoutAppendRequest(200)) - 0721d391-9877-4bc5-9778-84bb7e49252a@group-F957B9D63A79->8e2eaa3a-398a-46ef-9472-b716e4b01ba0-GrpcLogAppender: appendEntries Timeout, request=0721d391-9877-4bc5-9778-84bb7e49252a->8e2eaa3a-398a-46ef-9472-b716e4b01ba0#106-t1, previous=(t:1, i:18), leaderCommit=12, initializing? false, entries: <empty>
2019-09-10 19:04:21,061 [grpc-default-executor-6] INFO  impl.RaftServerProxy (RaftServerProxy.java:remove(95)) - c01dc21c-c6d3-4daa-9385-9c828aa890a1: remove group-996C1A0A52D8:null
2019-09-10 19:04:21,065 [RatisPipelineUtilsThread] WARN  pipeline.RatisPipelineUtils (RatisPipelineUtils.java:destroyPipeline(66)) - Pipeline destroy failed for pipeline=PipelineID=51ee26b8-1336-4450-8264-996c1a0a52d8 dn=c01dc21c-c6d3-4daa-9385-9c828aa890a1{ip: 192.168.36.113, host: pr-hdds-1982-decom-states-gjzbw-1854142291, networkLocation: /default-rack, certSerialId: null}
2019-09-10 19:04:21,067 [grpc-default-executor-6] INFO  impl.RaftServerProxy (RaftServerProxy.java:remove(95)) - 08300216-d630-4cd9-aee9-766608000298: remove group-996C1A0A52D8:null
2019-09-10 19:04:21,070 [RatisPipelineUtilsThread] WARN  pipeline.RatisPipelineUtils (RatisPipelineUtils.java:destroyPipeline(66)) - Pipeline destroy failed for pipeline=PipelineID=51ee26b8-1336-4450-8264-996c1a0a52d8 dn=08300216-d630-4cd9-aee9-766608000298{ip: 192.168.36.113, host: pr-hdds-1982-decom-states-gjzbw-1854142291, networkLocation: /default-rack, certSerialId: null}
2019-09-10 19:04:21,073 [grpc-default-executor-6] INFO  impl.RaftServerProxy (RaftServerProxy.java:remove(95)) - d394239f-4003-4980-a11f-9e9a96bc4c4f: remove group-996C1A0A52D8:null
2019-09-10 19:04:21,075 [RatisPipelineUtilsThread] WARN  pipeline.RatisPipelineUtils (RatisPipelineUtils.java:destroyPipeline(66)) - Pipeline destroy failed for pipeline=PipelineID=51ee26b8-1336-4450-8264-996c1a0a52d8 dn=d394239f-4003-4980-a11f-9e9a96bc4c4f{ip: 192.168.36.113, host: pr-hdds-1982-decom-states-gjzbw-1854142291, networkLocation: /default-rack, certSerialId: null}
2019-09-10 19:04:21,075 [RatisPipelineUtilsThread] ERROR pipeline.SCMPipelineManager (Scheduler.java:lambda$schedule$1(70)) - Destroy pipeline failed for pipeline:Pipeline[ Id: 51ee26b8-1336-4450-8264-996c1a0a52d8, Nodes: c01dc21c-c6d3-4daa-9385-9c828aa890a1{ip: 192.168.36.113, host: pr-hdds-1982-decom-states-gjzbw-1854142291, networkLocation: /default-rack, certSerialId: null}08300216-d630-4cd9-aee9-766608000298{ip: 192.168.36.113, host: pr-hdds-1982-decom-states-gjzbw-1854142291, networkLocation: /default-rack, certSerialId: null}d394239f-4003-4980-a11f-9e9a96bc4c4f{ip: 192.168.36.113, host: pr-hdds-1982-decom-states-gjzbw-1854142291, networkLocation: /default-rack, certSerialId: null}, Type:RATIS, Factor:THREE, State:CLOSED]
org.apache.hadoop.hdds.scm.pipeline.PipelineNotFoundException: PipelineID=51ee26b8-1336-4450-8264-996c1a0a52d8 not found
	at org.apache.hadoop.hdds.scm.pipeline.PipelineStateMap.getPipeline(PipelineStateMap.java:132)
	at org.apache.hadoop.hdds.scm.pipeline.PipelineStateMap.removePipeline(PipelineStateMap.java:322)
	at org.apache.hadoop.hdds.scm.pipeline.PipelineStateManager.removePipeline(PipelineStateManager.java:107)
	at org.apache.hadoop.hdds.scm.pipeline.SCMPipelineManager.removePipeline(SCMPipelineManager.java:423)
	at org.apache.hadoop.hdds.scm.pipeline.SCMPipelineManager.destroyPipeline(SCMPipelineManager.java:409)
	at org.apache.hadoop.hdds.scm.pipeline.SCMPipelineManager.lambda$finalizeAndDestroyPipeline$0(SCMPipelineManager.java:318)
	at org.apache.hadoop.utils.Scheduler.lambda$schedule$1(Scheduler.java:68)
	at java.util.concurrent.Executors$RunnableAdapter.call(Executors.java:511)
	at java.util.concurrent.FutureTask.run(FutureTask.java:266)
	at java.util.concurrent.ScheduledThreadPoolExecutor$ScheduledFutureTask.access$201(ScheduledThreadPoolExecutor.java:180)
	at java.util.concurrent.ScheduledThreadPoolExecutor$ScheduledFutureTask.run(ScheduledThreadPoolExecutor.java:293)
	at java.util.concurrent.ThreadPoolExecutor.runWorker(ThreadPoolExecutor.java:1149)
	at java.util.concurrent.ThreadPoolExecutor$Worker.run(ThreadPoolExecutor.java:624)
	at java.lang.Thread.run(Thread.java:748)
2019-09-10 19:04:22,875 [java.util.concurrent.ThreadPoolExecutor$Worker@44ea9f2[State = -1, empty queue]] WARN  server.GrpcLogAppender (GrpcLogAppender.java:timeoutAppendRequest(200)) - 0721d391-9877-4bc5-9778-84bb7e49252a@group-F957B9D63A79->0b57ef76-c121-46fb-9637-94024daca647-GrpcLogAppender: appendEntries Timeout, request=0721d391-9877-4bc5-9778-84bb7e49252a->0b57ef76-c121-46fb-9637-94024daca647#107-t1, previous=(t:1, i:18), leaderCommit=12, initializing? false, entries: <empty>
2019-09-10 19:04:22,875 [java.util.concurrent.ThreadPoolExecutor$Worker@3835934d[State = -1, empty queue]] WARN  server.GrpcLogAppender (GrpcLogAppender.java:timeoutAppendRequest(200)) - 0721d391-9877-4bc5-9778-84bb7e49252a@group-F957B9D63A79->8e2eaa3a-398a-46ef-9472-b716e4b01ba0-GrpcLogAppender: appendEntries Timeout, request=0721d391-9877-4bc5-9778-84bb7e49252a->8e2eaa3a-398a-46ef-9472-b716e4b01ba0#107-t1, previous=(t:1, i:18), leaderCommit=12, initializing? false, entries: <empty>
2019-09-10 19:04:23,060 [grpc-default-executor-10] INFO  impl.RaftServerProxy (RaftServerProxy.java:remove(95)) - c01dc21c-c6d3-4daa-9385-9c828aa890a1: remove group-996C1A0A52D8:null
2019-09-10 19:04:23,062 [RatisPipelineUtilsThread] WARN  pipeline.RatisPipelineUtils (RatisPipelineUtils.java:destroyPipeline(66)) - Pipeline destroy failed for pipeline=PipelineID=51ee26b8-1336-4450-8264-996c1a0a52d8 dn=c01dc21c-c6d3-4daa-9385-9c828aa890a1{ip: 192.168.36.113, host: pr-hdds-1982-decom-states-gjzbw-1854142291, networkLocation: /default-rack, certSerialId: null}
2019-09-10 19:04:23,064 [grpc-default-executor-10] INFO  impl.RaftServerProxy (RaftServerProxy.java:remove(95)) - 08300216-d630-4cd9-aee9-766608000298: remove group-996C1A0A52D8:null
2019-09-10 19:04:23,066 [RatisPipelineUtilsThread] WARN  pipeline.RatisPipelineUtils (RatisPipelineUtils.java:destroyPipeline(66)) - Pipeline destroy failed for pipeline=PipelineID=51ee26b8-1336-4450-8264-996c1a0a52d8 dn=08300216-d630-4cd9-aee9-766608000298{ip: 192.168.36.113, host: pr-hdds-1982-decom-states-gjzbw-1854142291, networkLocation: /default-rack, certSerialId: null}
2019-09-10 19:04:23,067 [grpc-default-executor-10] INFO  impl.RaftServerProxy (RaftServerProxy.java:remove(95)) - d394239f-4003-4980-a11f-9e9a96bc4c4f: remove group-996C1A0A52D8:null
2019-09-10 19:04:23,069 [RatisPipelineUtilsThread] WARN  pipeline.RatisPipelineUtils (RatisPipelineUtils.java:destroyPipeline(66)) - Pipeline destroy failed for pipeline=PipelineID=51ee26b8-1336-4450-8264-996c1a0a52d8 dn=d394239f-4003-4980-a11f-9e9a96bc4c4f{ip: 192.168.36.113, host: pr-hdds-1982-decom-states-gjzbw-1854142291, networkLocation: /default-rack, certSerialId: null}
2019-09-10 19:04:23,069 [RatisPipelineUtilsThread] ERROR pipeline.SCMPipelineManager (Scheduler.java:lambda$schedule$1(70)) - Destroy pipeline failed for pipeline:Pipeline[ Id: 51ee26b8-1336-4450-8264-996c1a0a52d8, Nodes: c01dc21c-c6d3-4daa-9385-9c828aa890a1{ip: 192.168.36.113, host: pr-hdds-1982-decom-states-gjzbw-1854142291, networkLocation: /default-rack, certSerialId: null}08300216-d630-4cd9-aee9-766608000298{ip: 192.168.36.113, host: pr-hdds-1982-decom-states-gjzbw-1854142291, networkLocation: /default-rack, certSerialId: null}d394239f-4003-4980-a11f-9e9a96bc4c4f{ip: 192.168.36.113, host: pr-hdds-1982-decom-states-gjzbw-1854142291, networkLocation: /default-rack, certSerialId: null}, Type:RATIS, Factor:THREE, State:CLOSED]
org.apache.hadoop.hdds.scm.pipeline.PipelineNotFoundException: PipelineID=51ee26b8-1336-4450-8264-996c1a0a52d8 not found
	at org.apache.hadoop.hdds.scm.pipeline.PipelineStateMap.getPipeline(PipelineStateMap.java:132)
	at org.apache.hadoop.hdds.scm.pipeline.PipelineStateMap.removePipeline(PipelineStateMap.java:322)
	at org.apache.hadoop.hdds.scm.pipeline.PipelineStateManager.removePipeline(PipelineStateManager.java:107)
	at org.apache.hadoop.hdds.scm.pipeline.SCMPipelineManager.removePipeline(SCMPipelineManager.java:423)
	at org.apache.hadoop.hdds.scm.pipeline.SCMPipelineManager.destroyPipeline(SCMPipelineManager.java:409)
	at org.apache.hadoop.hdds.scm.pipeline.SCMPipelineManager.lambda$finalizeAndDestroyPipeline$0(SCMPipelineManager.java:318)
	at org.apache.hadoop.utils.Scheduler.lambda$schedule$1(Scheduler.java:68)
	at java.util.concurrent.Executors$RunnableAdapter.call(Executors.java:511)
	at java.util.concurrent.FutureTask.run(FutureTask.java:266)
	at java.util.concurrent.ScheduledThreadPoolExecutor$ScheduledFutureTask.access$201(ScheduledThreadPoolExecutor.java:180)
	at java.util.concurrent.ScheduledThreadPoolExecutor$ScheduledFutureTask.run(ScheduledThreadPoolExecutor.java:293)
	at java.util.concurrent.ThreadPoolExecutor.runWorker(ThreadPoolExecutor.java:1149)
	at java.util.concurrent.ThreadPoolExecutor$Worker.run(ThreadPoolExecutor.java:624)
	at java.lang.Thread.run(Thread.java:748)
2019-09-10 19:04:25,214 [grpc-default-executor-6] INFO  client.GrpcClientProtocolClient (GrpcClientProtocolClient.java:onNext(264)) - client-3004A9070B8E->0b57ef76-c121-46fb-9637-94024daca647: receive RaftClientReply:client-3004A9070B8E->0b57ef76-c121-46fb-9637-94024daca647@group-F957B9D63A79, cid=140, FAILED org.apache.ratis.protocol.NotLeaderException: Server 0b57ef76-c121-46fb-9637-94024daca647@group-F957B9D63A79 is not the leader 0721d391-9877-4bc5-9778-84bb7e49252a:192.168.36.113:44025, logIndex=0, commits[0b57ef76-c121-46fb-9637-94024daca647:c12, 0721d391-9877-4bc5-9778-84bb7e49252a:c12, 8e2eaa3a-398a-46ef-9472-b716e4b01ba0:c7]
2019-09-10 19:04:25,376 [java.util.concurrent.ThreadPoolExecutor$Worker@44ea9f2[State = -1, empty queue]] WARN  server.GrpcLogAppender (GrpcLogAppender.java:timeoutAppendRequest(200)) - 0721d391-9877-4bc5-9778-84bb7e49252a@group-F957B9D63A79->0b57ef76-c121-46fb-9637-94024daca647-GrpcLogAppender: appendEntries Timeout, request=0721d391-9877-4bc5-9778-84bb7e49252a->0b57ef76-c121-46fb-9637-94024daca647#108-t1, previous=(t:1, i:18), leaderCommit=12, initializing? false, entries: <empty>
2019-09-10 19:04:25,376 [java.util.concurrent.ThreadPoolExecutor$Worker@3835934d[State = -1, empty queue]] WARN  server.GrpcLogAppender (GrpcLogAppender.java:timeoutAppendRequest(200)) - 0721d391-9877-4bc5-9778-84bb7e49252a@group-F957B9D63A79->8e2eaa3a-398a-46ef-9472-b716e4b01ba0-GrpcLogAppender: appendEntries Timeout, request=0721d391-9877-4bc5-9778-84bb7e49252a->8e2eaa3a-398a-46ef-9472-b716e4b01ba0#108-t1, previous=(t:1, i:18), leaderCommit=12, initializing? false, entries: <empty>
2019-09-10 19:04:26,061 [grpc-default-executor-6] INFO  impl.RaftServerProxy (RaftServerProxy.java:remove(95)) - c01dc21c-c6d3-4daa-9385-9c828aa890a1: remove group-996C1A0A52D8:null
2019-09-10 19:04:26,064 [RatisPipelineUtilsThread] WARN  pipeline.RatisPipelineUtils (RatisPipelineUtils.java:destroyPipeline(66)) - Pipeline destroy failed for pipeline=PipelineID=51ee26b8-1336-4450-8264-996c1a0a52d8 dn=c01dc21c-c6d3-4daa-9385-9c828aa890a1{ip: 192.168.36.113, host: pr-hdds-1982-decom-states-gjzbw-1854142291, networkLocation: /default-rack, certSerialId: null}
2019-09-10 19:04:26,067 [grpc-default-executor-6] INFO  impl.RaftServerProxy (RaftServerProxy.java:remove(95)) - 08300216-d630-4cd9-aee9-766608000298: remove group-996C1A0A52D8:null
2019-09-10 19:04:26,069 [RatisPipelineUtilsThread] WARN  pipeline.RatisPipelineUtils (RatisPipelineUtils.java:destroyPipeline(66)) - Pipeline destroy failed for pipeline=PipelineID=51ee26b8-1336-4450-8264-996c1a0a52d8 dn=08300216-d630-4cd9-aee9-766608000298{ip: 192.168.36.113, host: pr-hdds-1982-decom-states-gjzbw-1854142291, networkLocation: /default-rack, certSerialId: null}
2019-09-10 19:04:26,072 [grpc-default-executor-6] INFO  impl.RaftServerProxy (RaftServerProxy.java:remove(95)) - d394239f-4003-4980-a11f-9e9a96bc4c4f: remove group-996C1A0A52D8:null
2019-09-10 19:04:26,075 [RatisPipelineUtilsThread] WARN  pipeline.RatisPipelineUtils (RatisPipelineUtils.java:destroyPipeline(66)) - Pipeline destroy failed for pipeline=PipelineID=51ee26b8-1336-4450-8264-996c1a0a52d8 dn=d394239f-4003-4980-a11f-9e9a96bc4c4f{ip: 192.168.36.113, host: pr-hdds-1982-decom-states-gjzbw-1854142291, networkLocation: /default-rack, certSerialId: null}
2019-09-10 19:04:26,075 [RatisPipelineUtilsThread] ERROR pipeline.SCMPipelineManager (Scheduler.java:lambda$schedule$1(70)) - Destroy pipeline failed for pipeline:Pipeline[ Id: 51ee26b8-1336-4450-8264-996c1a0a52d8, Nodes: c01dc21c-c6d3-4daa-9385-9c828aa890a1{ip: 192.168.36.113, host: pr-hdds-1982-decom-states-gjzbw-1854142291, networkLocation: /default-rack, certSerialId: null}08300216-d630-4cd9-aee9-766608000298{ip: 192.168.36.113, host: pr-hdds-1982-decom-states-gjzbw-1854142291, networkLocation: /default-rack, certSerialId: null}d394239f-4003-4980-a11f-9e9a96bc4c4f{ip: 192.168.36.113, host: pr-hdds-1982-decom-states-gjzbw-1854142291, networkLocation: /default-rack, certSerialId: null}, Type:RATIS, Factor:THREE, State:CLOSED]
org.apache.hadoop.hdds.scm.pipeline.PipelineNotFoundException: PipelineID=51ee26b8-1336-4450-8264-996c1a0a52d8 not found
	at org.apache.hadoop.hdds.scm.pipeline.PipelineStateMap.getPipeline(PipelineStateMap.java:132)
	at org.apache.hadoop.hdds.scm.pipeline.PipelineStateMap.removePipeline(PipelineStateMap.java:322)
	at org.apache.hadoop.hdds.scm.pipeline.PipelineStateManager.removePipeline(PipelineStateManager.java:107)
	at org.apache.hadoop.hdds.scm.pipeline.SCMPipelineManager.removePipeline(SCMPipelineManager.java:423)
	at org.apache.hadoop.hdds.scm.pipeline.SCMPipelineManager.destroyPipeline(SCMPipelineManager.java:409)
	at org.apache.hadoop.hdds.scm.pipeline.SCMPipelineManager.lambda$finalizeAndDestroyPipeline$0(SCMPipelineManager.java:318)
	at org.apache.hadoop.utils.Scheduler.lambda$schedule$1(Scheduler.java:68)
	at java.util.concurrent.Executors$RunnableAdapter.call(Executors.java:511)
	at java.util.concurrent.FutureTask.run(FutureTask.java:266)
	at java.util.concurrent.ScheduledThreadPoolExecutor$ScheduledFutureTask.access$201(ScheduledThreadPoolExecutor.java:180)
	at java.util.concurrent.ScheduledThreadPoolExecutor$ScheduledFutureTask.run(ScheduledThreadPoolExecutor.java:293)
	at java.util.concurrent.ThreadPoolExecutor.runWorker(ThreadPoolExecutor.java:1149)
	at java.util.concurrent.ThreadPoolExecutor$Worker.run(ThreadPoolExecutor.java:624)
	at java.lang.Thread.run(Thread.java:748)
2019-09-10 19:04:27,876 [java.util.concurrent.ThreadPoolExecutor$Worker@3835934d[State = -1, empty queue]] WARN  server.GrpcLogAppender (GrpcLogAppender.java:timeoutAppendRequest(200)) - 0721d391-9877-4bc5-9778-84bb7e49252a@group-F957B9D63A79->8e2eaa3a-398a-46ef-9472-b716e4b01ba0-GrpcLogAppender: appendEntries Timeout, request=0721d391-9877-4bc5-9778-84bb7e49252a->8e2eaa3a-398a-46ef-9472-b716e4b01ba0#109-t1, previous=(t:1, i:18), leaderCommit=12, initializing? false, entries: <empty>
2019-09-10 19:04:27,876 [java.util.concurrent.ThreadPoolExecutor$Worker@44ea9f2[State = -1, empty queue]] WARN  server.GrpcLogAppender (GrpcLogAppender.java:timeoutAppendRequest(200)) - 0721d391-9877-4bc5-9778-84bb7e49252a@group-F957B9D63A79->0b57ef76-c121-46fb-9637-94024daca647-GrpcLogAppender: appendEntries Timeout, request=0721d391-9877-4bc5-9778-84bb7e49252a->0b57ef76-c121-46fb-9637-94024daca647#109-t1, previous=(t:1, i:18), leaderCommit=12, initializing? false, entries: <empty>
2019-09-10 19:04:28,064 [grpc-default-executor-6] INFO  impl.RaftServerProxy (RaftServerProxy.java:remove(95)) - c01dc21c-c6d3-4daa-9385-9c828aa890a1: remove group-996C1A0A52D8:null
2019-09-10 19:04:28,067 [RatisPipelineUtilsThread] WARN  pipeline.RatisPipelineUtils (RatisPipelineUtils.java:destroyPipeline(66)) - Pipeline destroy failed for pipeline=PipelineID=51ee26b8-1336-4450-8264-996c1a0a52d8 dn=c01dc21c-c6d3-4daa-9385-9c828aa890a1{ip: 192.168.36.113, host: pr-hdds-1982-decom-states-gjzbw-1854142291, networkLocation: /default-rack, certSerialId: null}
2019-09-10 19:04:28,070 [grpc-default-executor-6] INFO  impl.RaftServerProxy (RaftServerProxy.java:remove(95)) - 08300216-d630-4cd9-aee9-766608000298: remove group-996C1A0A52D8:null
2019-09-10 19:04:28,072 [RatisPipelineUtilsThread] WARN  pipeline.RatisPipelineUtils (RatisPipelineUtils.java:destroyPipeline(66)) - Pipeline destroy failed for pipeline=PipelineID=51ee26b8-1336-4450-8264-996c1a0a52d8 dn=08300216-d630-4cd9-aee9-766608000298{ip: 192.168.36.113, host: pr-hdds-1982-decom-states-gjzbw-1854142291, networkLocation: /default-rack, certSerialId: null}
2019-09-10 19:04:28,075 [grpc-default-executor-6] INFO  impl.RaftServerProxy (RaftServerProxy.java:remove(95)) - d394239f-4003-4980-a11f-9e9a96bc4c4f: remove group-996C1A0A52D8:null
2019-09-10 19:04:28,077 [RatisPipelineUtilsThread] WARN  pipeline.RatisPipelineUtils (RatisPipelineUtils.java:destroyPipeline(66)) - Pipeline destroy failed for pipeline=PipelineID=51ee26b8-1336-4450-8264-996c1a0a52d8 dn=d394239f-4003-4980-a11f-9e9a96bc4c4f{ip: 192.168.36.113, host: pr-hdds-1982-decom-states-gjzbw-1854142291, networkLocation: /default-rack, certSerialId: null}
2019-09-10 19:04:28,077 [RatisPipelineUtilsThread] ERROR pipeline.SCMPipelineManager (Scheduler.java:lambda$schedule$1(70)) - Destroy pipeline failed for pipeline:Pipeline[ Id: 51ee26b8-1336-4450-8264-996c1a0a52d8, Nodes: c01dc21c-c6d3-4daa-9385-9c828aa890a1{ip: 192.168.36.113, host: pr-hdds-1982-decom-states-gjzbw-1854142291, networkLocation: /default-rack, certSerialId: null}08300216-d630-4cd9-aee9-766608000298{ip: 192.168.36.113, host: pr-hdds-1982-decom-states-gjzbw-1854142291, networkLocation: /default-rack, certSerialId: null}d394239f-4003-4980-a11f-9e9a96bc4c4f{ip: 192.168.36.113, host: pr-hdds-1982-decom-states-gjzbw-1854142291, networkLocation: /default-rack, certSerialId: null}, Type:RATIS, Factor:THREE, State:CLOSED]
org.apache.hadoop.hdds.scm.pipeline.PipelineNotFoundException: PipelineID=51ee26b8-1336-4450-8264-996c1a0a52d8 not found
	at org.apache.hadoop.hdds.scm.pipeline.PipelineStateMap.getPipeline(PipelineStateMap.java:132)
	at org.apache.hadoop.hdds.scm.pipeline.PipelineStateMap.removePipeline(PipelineStateMap.java:322)
	at org.apache.hadoop.hdds.scm.pipeline.PipelineStateManager.removePipeline(PipelineStateManager.java:107)
	at org.apache.hadoop.hdds.scm.pipeline.SCMPipelineManager.removePipeline(SCMPipelineManager.java:423)
	at org.apache.hadoop.hdds.scm.pipeline.SCMPipelineManager.destroyPipeline(SCMPipelineManager.java:409)
	at org.apache.hadoop.hdds.scm.pipeline.SCMPipelineManager.lambda$finalizeAndDestroyPipeline$0(SCMPipelineManager.java:318)
	at org.apache.hadoop.utils.Scheduler.lambda$schedule$1(Scheduler.java:68)
	at java.util.concurrent.Executors$RunnableAdapter.call(Executors.java:511)
	at java.util.concurrent.FutureTask.run(FutureTask.java:266)
	at java.util.concurrent.ScheduledThreadPoolExecutor$ScheduledFutureTask.access$201(ScheduledThreadPoolExecutor.java:180)
	at java.util.concurrent.ScheduledThreadPoolExecutor$ScheduledFutureTask.run(ScheduledThreadPoolExecutor.java:293)
	at java.util.concurrent.ThreadPoolExecutor.runWorker(ThreadPoolExecutor.java:1149)
	at java.util.concurrent.ThreadPoolExecutor$Worker.run(ThreadPoolExecutor.java:624)
	at java.lang.Thread.run(Thread.java:748)
2019-09-10 19:04:29,869 [0721d391-9877-4bc5-9778-84bb7e49252a@group-F957B9D63A79-SegmentedRaftLogWorker] WARN  segmented.SegmentedRaftLogWorker (SegmentedRaftLogWorker.java:getFromFuture(90)) - Timeout 4/~
org.apache.ratis.protocol.TimeoutIOException: Timeout 10s: WriteLog:13: (t:1, i:13), STATEMACHINELOGENTRY, client-3004A9070B8E, cid=140-writeStateMachineData
	at org.apache.ratis.util.IOUtils.getFromFuture(IOUtils.java:87)
	at org.apache.ratis.server.raftlog.segmented.SegmentedRaftLogWorker$StateMachineDataPolicy.getFromFuture(SegmentedRaftLogWorker.java:87)
	at org.apache.ratis.server.raftlog.segmented.SegmentedRaftLogWorker$WriteLog.execute(SegmentedRaftLogWorker.java:477)
	at org.apache.ratis.server.raftlog.segmented.SegmentedRaftLogWorker.run(SegmentedRaftLogWorker.java:289)
	at java.lang.Thread.run(Thread.java:748)
Caused by: java.util.concurrent.TimeoutException
	at java.util.concurrent.CompletableFuture.timedGet(CompletableFuture.java:1771)
	at java.util.concurrent.CompletableFuture.get(CompletableFuture.java:1915)
	at org.apache.ratis.util.IOUtils.getFromFuture(IOUtils.java:79)
	... 4 more
2019-09-10 19:04:30,095 [0b57ef76-c121-46fb-9637-94024daca647@group-F957B9D63A79-SegmentedRaftLogWorker] WARN  segmented.SegmentedRaftLogWorker (SegmentedRaftLogWorker.java:getFromFuture(90)) - Timeout 4/~
org.apache.ratis.protocol.TimeoutIOException: Timeout 10s: WriteLog:16: (t:1, i:16), STATEMACHINELOGENTRY, client-3004A9070B8E, cid=143-writeStateMachineData
	at org.apache.ratis.util.IOUtils.getFromFuture(IOUtils.java:87)
	at org.apache.ratis.server.raftlog.segmented.SegmentedRaftLogWorker$StateMachineDataPolicy.getFromFuture(SegmentedRaftLogWorker.java:87)
	at org.apache.ratis.server.raftlog.segmented.SegmentedRaftLogWorker$WriteLog.execute(SegmentedRaftLogWorker.java:477)
	at org.apache.ratis.server.raftlog.segmented.SegmentedRaftLogWorker.run(SegmentedRaftLogWorker.java:289)
	at java.lang.Thread.run(Thread.java:748)
Caused by: java.util.concurrent.TimeoutException
	at java.util.concurrent.CompletableFuture.timedGet(CompletableFuture.java:1771)
	at java.util.concurrent.CompletableFuture.get(CompletableFuture.java:1915)
	at org.apache.ratis.util.IOUtils.getFromFuture(IOUtils.java:79)
	... 4 more
2019-09-10 19:04:30,119 [8e2eaa3a-398a-46ef-9472-b716e4b01ba0@group-F957B9D63A79-SegmentedRaftLogWorker] WARN  segmented.SegmentedRaftLogWorker (SegmentedRaftLogWorker.java:getFromFuture(90)) - Timeout 4/~
org.apache.ratis.protocol.TimeoutIOException: Timeout 10s: WriteLog:14: (t:1, i:14), STATEMACHINELOGENTRY, client-3004A9070B8E, cid=141-writeStateMachineData
	at org.apache.ratis.util.IOUtils.getFromFuture(IOUtils.java:87)
	at org.apache.ratis.server.raftlog.segmented.SegmentedRaftLogWorker$StateMachineDataPolicy.getFromFuture(SegmentedRaftLogWorker.java:87)
	at org.apache.ratis.server.raftlog.segmented.SegmentedRaftLogWorker$WriteLog.execute(SegmentedRaftLogWorker.java:477)
	at org.apache.ratis.server.raftlog.segmented.SegmentedRaftLogWorker.run(SegmentedRaftLogWorker.java:289)
	at java.lang.Thread.run(Thread.java:748)
Caused by: java.util.concurrent.TimeoutException
	at java.util.concurrent.CompletableFuture.timedGet(CompletableFuture.java:1771)
	at java.util.concurrent.CompletableFuture.get(CompletableFuture.java:1915)
	at org.apache.ratis.util.IOUtils.getFromFuture(IOUtils.java:79)
	... 4 more
2019-09-10 19:04:30,260 [grpc-default-executor-10] INFO  client.GrpcClientProtocolClient (GrpcClientProtocolClient.java:onNext(264)) - client-3004A9070B8E->8e2eaa3a-398a-46ef-9472-b716e4b01ba0: receive RaftClientReply:client-3004A9070B8E->8e2eaa3a-398a-46ef-9472-b716e4b01ba0@group-F957B9D63A79, cid=140, FAILED org.apache.ratis.protocol.NotLeaderException: Server 8e2eaa3a-398a-46ef-9472-b716e4b01ba0@group-F957B9D63A79 is not the leader 0721d391-9877-4bc5-9778-84bb7e49252a:192.168.36.113:44025, logIndex=0, commits[8e2eaa3a-398a-46ef-9472-b716e4b01ba0:c12, 0b57ef76-c121-46fb-9637-94024daca647:c7, 0721d391-9877-4bc5-9778-84bb7e49252a:c12]
2019-09-10 19:04:30,377 [java.util.concurrent.ThreadPoolExecutor$Worker@3835934d[State = -1, empty queue]] WARN  server.GrpcLogAppender (GrpcLogAppender.java:timeoutAppendRequest(200)) - 0721d391-9877-4bc5-9778-84bb7e49252a@group-F957B9D63A79->8e2eaa3a-398a-46ef-9472-b716e4b01ba0-GrpcLogAppender: appendEntries Timeout, request=0721d391-9877-4bc5-9778-84bb7e49252a->8e2eaa3a-398a-46ef-9472-b716e4b01ba0#110-t1, previous=(t:1, i:18), leaderCommit=12, initializing? false, entries: <empty>
2019-09-10 19:04:30,377 [java.util.concurrent.ThreadPoolExecutor$Worker@44ea9f2[State = -1, empty queue]] WARN  server.GrpcLogAppender (GrpcLogAppender.java:timeoutAppendRequest(200)) - 0721d391-9877-4bc5-9778-84bb7e49252a@group-F957B9D63A79->0b57ef76-c121-46fb-9637-94024daca647-GrpcLogAppender: appendEntries Timeout, request=0721d391-9877-4bc5-9778-84bb7e49252a->0b57ef76-c121-46fb-9637-94024daca647#110-t1, previous=(t:1, i:18), leaderCommit=12, initializing? false, entries: <empty>
2019-09-10 19:04:31,071 [grpc-default-executor-6] INFO  impl.RaftServerProxy (RaftServerProxy.java:remove(95)) - c01dc21c-c6d3-4daa-9385-9c828aa890a1: remove group-996C1A0A52D8:null
2019-09-10 19:04:31,076 [RatisPipelineUtilsThread] WARN  pipeline.RatisPipelineUtils (RatisPipelineUtils.java:destroyPipeline(66)) - Pipeline destroy failed for pipeline=PipelineID=51ee26b8-1336-4450-8264-996c1a0a52d8 dn=c01dc21c-c6d3-4daa-9385-9c828aa890a1{ip: 192.168.36.113, host: pr-hdds-1982-decom-states-gjzbw-1854142291, networkLocation: /default-rack, certSerialId: null}
2019-09-10 19:04:31,079 [grpc-default-executor-6] INFO  impl.RaftServerProxy (RaftServerProxy.java:remove(95)) - 08300216-d630-4cd9-aee9-766608000298: remove group-996C1A0A52D8:null
2019-09-10 19:04:31,081 [RatisPipelineUtilsThread] WARN  pipeline.RatisPipelineUtils (RatisPipelineUtils.java:destroyPipeline(66)) - Pipeline destroy failed for pipeline=PipelineID=51ee26b8-1336-4450-8264-996c1a0a52d8 dn=08300216-d630-4cd9-aee9-766608000298{ip: 192.168.36.113, host: pr-hdds-1982-decom-states-gjzbw-1854142291, networkLocation: /default-rack, certSerialId: null}
2019-09-10 19:04:31,084 [grpc-default-executor-6] INFO  impl.RaftServerProxy (RaftServerProxy.java:remove(95)) - d394239f-4003-4980-a11f-9e9a96bc4c4f: remove group-996C1A0A52D8:null
2019-09-10 19:04:31,086 [RatisPipelineUtilsThread] WARN  pipeline.RatisPipelineUtils (RatisPipelineUtils.java:destroyPipeline(66)) - Pipeline destroy failed for pipeline=PipelineID=51ee26b8-1336-4450-8264-996c1a0a52d8 dn=d394239f-4003-4980-a11f-9e9a96bc4c4f{ip: 192.168.36.113, host: pr-hdds-1982-decom-states-gjzbw-1854142291, networkLocation: /default-rack, certSerialId: null}
2019-09-10 19:04:31,086 [RatisPipelineUtilsThread] ERROR pipeline.SCMPipelineManager (Scheduler.java:lambda$schedule$1(70)) - Destroy pipeline failed for pipeline:Pipeline[ Id: 51ee26b8-1336-4450-8264-996c1a0a52d8, Nodes: c01dc21c-c6d3-4daa-9385-9c828aa890a1{ip: 192.168.36.113, host: pr-hdds-1982-decom-states-gjzbw-1854142291, networkLocation: /default-rack, certSerialId: null}08300216-d630-4cd9-aee9-766608000298{ip: 192.168.36.113, host: pr-hdds-1982-decom-states-gjzbw-1854142291, networkLocation: /default-rack, certSerialId: null}d394239f-4003-4980-a11f-9e9a96bc4c4f{ip: 192.168.36.113, host: pr-hdds-1982-decom-states-gjzbw-1854142291, networkLocation: /default-rack, certSerialId: null}, Type:RATIS, Factor:THREE, State:CLOSED]
org.apache.hadoop.hdds.scm.pipeline.PipelineNotFoundException: PipelineID=51ee26b8-1336-4450-8264-996c1a0a52d8 not found
	at org.apache.hadoop.hdds.scm.pipeline.PipelineStateMap.getPipeline(PipelineStateMap.java:132)
	at org.apache.hadoop.hdds.scm.pipeline.PipelineStateMap.removePipeline(PipelineStateMap.java:322)
	at org.apache.hadoop.hdds.scm.pipeline.PipelineStateManager.removePipeline(PipelineStateManager.java:107)
	at org.apache.hadoop.hdds.scm.pipeline.SCMPipelineManager.removePipeline(SCMPipelineManager.java:423)
	at org.apache.hadoop.hdds.scm.pipeline.SCMPipelineManager.destroyPipeline(SCMPipelineManager.java:409)
	at org.apache.hadoop.hdds.scm.pipeline.SCMPipelineManager.lambda$finalizeAndDestroyPipeline$0(SCMPipelineManager.java:318)
	at org.apache.hadoop.utils.Scheduler.lambda$schedule$1(Scheduler.java:68)
	at java.util.concurrent.Executors$RunnableAdapter.call(Executors.java:511)
	at java.util.concurrent.FutureTask.run(FutureTask.java:266)
	at java.util.concurrent.ScheduledThreadPoolExecutor$ScheduledFutureTask.access$201(ScheduledThreadPoolExecutor.java:180)
	at java.util.concurrent.ScheduledThreadPoolExecutor$ScheduledFutureTask.run(ScheduledThreadPoolExecutor.java:293)
	at java.util.concurrent.ThreadPoolExecutor.runWorker(ThreadPoolExecutor.java:1149)
	at java.util.concurrent.ThreadPoolExecutor$Worker.run(ThreadPoolExecutor.java:624)
	at java.lang.Thread.run(Thread.java:748)
2019-09-10 19:04:32,877 [java.util.concurrent.ThreadPoolExecutor$Worker@3835934d[State = -1, empty queue]] WARN  server.GrpcLogAppender (GrpcLogAppender.java:timeoutAppendRequest(200)) - 0721d391-9877-4bc5-9778-84bb7e49252a@group-F957B9D63A79->8e2eaa3a-398a-46ef-9472-b716e4b01ba0-GrpcLogAppender: appendEntries Timeout, request=0721d391-9877-4bc5-9778-84bb7e49252a->8e2eaa3a-398a-46ef-9472-b716e4b01ba0#111-t1, previous=(t:1, i:18), leaderCommit=12, initializing? false, entries: <empty>
2019-09-10 19:04:32,877 [java.util.concurrent.ThreadPoolExecutor$Worker@44ea9f2[State = -1, empty queue]] WARN  server.GrpcLogAppender (GrpcLogAppender.java:timeoutAppendRequest(200)) - 0721d391-9877-4bc5-9778-84bb7e49252a@group-F957B9D63A79->0b57ef76-c121-46fb-9637-94024daca647-GrpcLogAppender: appendEntries Timeout, request=0721d391-9877-4bc5-9778-84bb7e49252a->0b57ef76-c121-46fb-9637-94024daca647#111-t1, previous=(t:1, i:18), leaderCommit=12, initializing? false, entries: <empty>
2019-09-10 19:04:33,072 [grpc-default-executor-6] INFO  impl.RaftServerProxy (RaftServerProxy.java:remove(95)) - c01dc21c-c6d3-4daa-9385-9c828aa890a1: remove group-996C1A0A52D8:null
2019-09-10 19:04:33,076 [RatisPipelineUtilsThread] WARN  pipeline.RatisPipelineUtils (RatisPipelineUtils.java:destroyPipeline(66)) - Pipeline destroy failed for pipeline=PipelineID=51ee26b8-1336-4450-8264-996c1a0a52d8 dn=c01dc21c-c6d3-4daa-9385-9c828aa890a1{ip: 192.168.36.113, host: pr-hdds-1982-decom-states-gjzbw-1854142291, networkLocation: /default-rack, certSerialId: null}
2019-09-10 19:04:33,078 [grpc-default-executor-6] INFO  impl.RaftServerProxy (RaftServerProxy.java:remove(95)) - 08300216-d630-4cd9-aee9-766608000298: remove group-996C1A0A52D8:null
2019-09-10 19:04:33,080 [RatisPipelineUtilsThread] WARN  pipeline.RatisPipelineUtils (RatisPipelineUtils.java:destroyPipeline(66)) - Pipeline destroy failed for pipeline=PipelineID=51ee26b8-1336-4450-8264-996c1a0a52d8 dn=08300216-d630-4cd9-aee9-766608000298{ip: 192.168.36.113, host: pr-hdds-1982-decom-states-gjzbw-1854142291, networkLocation: /default-rack, certSerialId: null}
2019-09-10 19:04:33,082 [grpc-default-executor-6] INFO  impl.RaftServerProxy (RaftServerProxy.java:remove(95)) - d394239f-4003-4980-a11f-9e9a96bc4c4f: remove group-996C1A0A52D8:null
2019-09-10 19:04:33,084 [RatisPipelineUtilsThread] WARN  pipeline.RatisPipelineUtils (RatisPipelineUtils.java:destroyPipeline(66)) - Pipeline destroy failed for pipeline=PipelineID=51ee26b8-1336-4450-8264-996c1a0a52d8 dn=d394239f-4003-4980-a11f-9e9a96bc4c4f{ip: 192.168.36.113, host: pr-hdds-1982-decom-states-gjzbw-1854142291, networkLocation: /default-rack, certSerialId: null}
2019-09-10 19:04:33,085 [RatisPipelineUtilsThread] ERROR pipeline.SCMPipelineManager (Scheduler.java:lambda$schedule$1(70)) - Destroy pipeline failed for pipeline:Pipeline[ Id: 51ee26b8-1336-4450-8264-996c1a0a52d8, Nodes: c01dc21c-c6d3-4daa-9385-9c828aa890a1{ip: 192.168.36.113, host: pr-hdds-1982-decom-states-gjzbw-1854142291, networkLocation: /default-rack, certSerialId: null}08300216-d630-4cd9-aee9-766608000298{ip: 192.168.36.113, host: pr-hdds-1982-decom-states-gjzbw-1854142291, networkLocation: /default-rack, certSerialId: null}d394239f-4003-4980-a11f-9e9a96bc4c4f{ip: 192.168.36.113, host: pr-hdds-1982-decom-states-gjzbw-1854142291, networkLocation: /default-rack, certSerialId: null}, Type:RATIS, Factor:THREE, State:CLOSED]
org.apache.hadoop.hdds.scm.pipeline.PipelineNotFoundException: PipelineID=51ee26b8-1336-4450-8264-996c1a0a52d8 not found
	at org.apache.hadoop.hdds.scm.pipeline.PipelineStateMap.getPipeline(PipelineStateMap.java:132)
	at org.apache.hadoop.hdds.scm.pipeline.PipelineStateMap.removePipeline(PipelineStateMap.java:322)
	at org.apache.hadoop.hdds.scm.pipeline.PipelineStateManager.removePipeline(PipelineStateManager.java:107)
	at org.apache.hadoop.hdds.scm.pipeline.SCMPipelineManager.removePipeline(SCMPipelineManager.java:423)
	at org.apache.hadoop.hdds.scm.pipeline.SCMPipelineManager.destroyPipeline(SCMPipelineManager.java:409)
	at org.apache.hadoop.hdds.scm.pipeline.SCMPipelineManager.lambda$finalizeAndDestroyPipeline$0(SCMPipelineManager.java:318)
	at org.apache.hadoop.utils.Scheduler.lambda$schedule$1(Scheduler.java:68)
	at java.util.concurrent.Executors$RunnableAdapter.call(Executors.java:511)
	at java.util.concurrent.FutureTask.run(FutureTask.java:266)
	at java.util.concurrent.ScheduledThreadPoolExecutor$ScheduledFutureTask.access$201(ScheduledThreadPoolExecutor.java:180)
	at java.util.concurrent.ScheduledThreadPoolExecutor$ScheduledFutureTask.run(ScheduledThreadPoolExecutor.java:293)
	at java.util.concurrent.ThreadPoolExecutor.runWorker(ThreadPoolExecutor.java:1149)
	at java.util.concurrent.ThreadPoolExecutor$Worker.run(ThreadPoolExecutor.java:624)
	at java.lang.Thread.run(Thread.java:748)
2019-09-10 19:04:35,299 [grpc-default-executor-6] INFO  client.GrpcClientProtocolClient (GrpcClientProtocolClient.java:onNext(264)) - client-3004A9070B8E->0b57ef76-c121-46fb-9637-94024daca647: receive RaftClientReply:client-3004A9070B8E->0b57ef76-c121-46fb-9637-94024daca647@group-F957B9D63A79, cid=140, FAILED org.apache.ratis.protocol.NotLeaderException: Server 0b57ef76-c121-46fb-9637-94024daca647@group-F957B9D63A79 is not the leader 0721d391-9877-4bc5-9778-84bb7e49252a:192.168.36.113:44025, logIndex=0, commits[0b57ef76-c121-46fb-9637-94024daca647:c12, 0721d391-9877-4bc5-9778-84bb7e49252a:c12, 8e2eaa3a-398a-46ef-9472-b716e4b01ba0:c7]
2019-09-10 19:04:35,377 [java.util.concurrent.ThreadPoolExecutor$Worker@44ea9f2[State = -1, empty queue]] WARN  server.GrpcLogAppender (GrpcLogAppender.java:timeoutAppendRequest(200)) - 0721d391-9877-4bc5-9778-84bb7e49252a@group-F957B9D63A79->0b57ef76-c121-46fb-9637-94024daca647-GrpcLogAppender: appendEntries Timeout, request=0721d391-9877-4bc5-9778-84bb7e49252a->0b57ef76-c121-46fb-9637-94024daca647#112-t1, previous=(t:1, i:18), leaderCommit=12, initializing? false, entries: <empty>
2019-09-10 19:04:35,377 [java.util.concurrent.ThreadPoolExecutor$Worker@3835934d[State = -1, empty queue]] WARN  server.GrpcLogAppender (GrpcLogAppender.java:timeoutAppendRequest(200)) - 0721d391-9877-4bc5-9778-84bb7e49252a@group-F957B9D63A79->8e2eaa3a-398a-46ef-9472-b716e4b01ba0-GrpcLogAppender: appendEntries Timeout, request=0721d391-9877-4bc5-9778-84bb7e49252a->8e2eaa3a-398a-46ef-9472-b716e4b01ba0#112-t1, previous=(t:1, i:18), leaderCommit=12, initializing? false, entries: <empty>
2019-09-10 19:04:36,070 [grpc-default-executor-6] INFO  impl.RaftServerProxy (RaftServerProxy.java:remove(95)) - c01dc21c-c6d3-4daa-9385-9c828aa890a1: remove group-996C1A0A52D8:null
2019-09-10 19:04:36,074 [RatisPipelineUtilsThread] WARN  pipeline.RatisPipelineUtils (RatisPipelineUtils.java:destroyPipeline(66)) - Pipeline destroy failed for pipeline=PipelineID=51ee26b8-1336-4450-8264-996c1a0a52d8 dn=c01dc21c-c6d3-4daa-9385-9c828aa890a1{ip: 192.168.36.113, host: pr-hdds-1982-decom-states-gjzbw-1854142291, networkLocation: /default-rack, certSerialId: null}
2019-09-10 19:04:36,076 [grpc-default-executor-6] INFO  impl.RaftServerProxy (RaftServerProxy.java:remove(95)) - 08300216-d630-4cd9-aee9-766608000298: remove group-996C1A0A52D8:null
2019-09-10 19:04:36,078 [RatisPipelineUtilsThread] WARN  pipeline.RatisPipelineUtils (RatisPipelineUtils.java:destroyPipeline(66)) - Pipeline destroy failed for pipeline=PipelineID=51ee26b8-1336-4450-8264-996c1a0a52d8 dn=08300216-d630-4cd9-aee9-766608000298{ip: 192.168.36.113, host: pr-hdds-1982-decom-states-gjzbw-1854142291, networkLocation: /default-rack, certSerialId: null}
2019-09-10 19:04:36,080 [grpc-default-executor-6] INFO  impl.RaftServerProxy (RaftServerProxy.java:remove(95)) - d394239f-4003-4980-a11f-9e9a96bc4c4f: remove group-996C1A0A52D8:null
2019-09-10 19:04:36,082 [RatisPipelineUtilsThread] WARN  pipeline.RatisPipelineUtils (RatisPipelineUtils.java:destroyPipeline(66)) - Pipeline destroy failed for pipeline=PipelineID=51ee26b8-1336-4450-8264-996c1a0a52d8 dn=d394239f-4003-4980-a11f-9e9a96bc4c4f{ip: 192.168.36.113, host: pr-hdds-1982-decom-states-gjzbw-1854142291, networkLocation: /default-rack, certSerialId: null}
2019-09-10 19:04:36,082 [RatisPipelineUtilsThread] ERROR pipeline.SCMPipelineManager (Scheduler.java:lambda$schedule$1(70)) - Destroy pipeline failed for pipeline:Pipeline[ Id: 51ee26b8-1336-4450-8264-996c1a0a52d8, Nodes: c01dc21c-c6d3-4daa-9385-9c828aa890a1{ip: 192.168.36.113, host: pr-hdds-1982-decom-states-gjzbw-1854142291, networkLocation: /default-rack, certSerialId: null}08300216-d630-4cd9-aee9-766608000298{ip: 192.168.36.113, host: pr-hdds-1982-decom-states-gjzbw-1854142291, networkLocation: /default-rack, certSerialId: null}d394239f-4003-4980-a11f-9e9a96bc4c4f{ip: 192.168.36.113, host: pr-hdds-1982-decom-states-gjzbw-1854142291, networkLocation: /default-rack, certSerialId: null}, Type:RATIS, Factor:THREE, State:CLOSED]
org.apache.hadoop.hdds.scm.pipeline.PipelineNotFoundException: PipelineID=51ee26b8-1336-4450-8264-996c1a0a52d8 not found
	at org.apache.hadoop.hdds.scm.pipeline.PipelineStateMap.getPipeline(PipelineStateMap.java:132)
	at org.apache.hadoop.hdds.scm.pipeline.PipelineStateMap.removePipeline(PipelineStateMap.java:322)
	at org.apache.hadoop.hdds.scm.pipeline.PipelineStateManager.removePipeline(PipelineStateManager.java:107)
	at org.apache.hadoop.hdds.scm.pipeline.SCMPipelineManager.removePipeline(SCMPipelineManager.java:423)
	at org.apache.hadoop.hdds.scm.pipeline.SCMPipelineManager.destroyPipeline(SCMPipelineManager.java:409)
	at org.apache.hadoop.hdds.scm.pipeline.SCMPipelineManager.lambda$finalizeAndDestroyPipeline$0(SCMPipelineManager.java:318)
	at org.apache.hadoop.utils.Scheduler.lambda$schedule$1(Scheduler.java:68)
	at java.util.concurrent.Executors$RunnableAdapter.call(Executors.java:511)
	at java.util.concurrent.FutureTask.run(FutureTask.java:266)
	at java.util.concurrent.ScheduledThreadPoolExecutor$ScheduledFutureTask.access$201(ScheduledThreadPoolExecutor.java:180)
	at java.util.concurrent.ScheduledThreadPoolExecutor$ScheduledFutureTask.run(ScheduledThreadPoolExecutor.java:293)
	at java.util.concurrent.ThreadPoolExecutor.runWorker(ThreadPoolExecutor.java:1149)
	at java.util.concurrent.ThreadPoolExecutor$Worker.run(ThreadPoolExecutor.java:624)
	at java.lang.Thread.run(Thread.java:748)
2019-09-10 19:04:37,878 [java.util.concurrent.ThreadPoolExecutor$Worker@3835934d[State = -1, empty queue]] WARN  server.GrpcLogAppender (GrpcLogAppender.java:timeoutAppendRequest(200)) - 0721d391-9877-4bc5-9778-84bb7e49252a@group-F957B9D63A79->8e2eaa3a-398a-46ef-9472-b716e4b01ba0-GrpcLogAppender: appendEntries Timeout, request=0721d391-9877-4bc5-9778-84bb7e49252a->8e2eaa3a-398a-46ef-9472-b716e4b01ba0#113-t1, previous=(t:1, i:18), leaderCommit=12, initializing? false, entries: <empty>
2019-09-10 19:04:37,878 [java.util.concurrent.ThreadPoolExecutor$Worker@44ea9f2[State = -1, empty queue]] WARN  server.GrpcLogAppender (GrpcLogAppender.java:timeoutAppendRequest(200)) - 0721d391-9877-4bc5-9778-84bb7e49252a@group-F957B9D63A79->0b57ef76-c121-46fb-9637-94024daca647-GrpcLogAppender: appendEntries Timeout, request=0721d391-9877-4bc5-9778-84bb7e49252a->0b57ef76-c121-46fb-9637-94024daca647#113-t1, previous=(t:1, i:18), leaderCommit=12, initializing? false, entries: <empty>
2019-09-10 19:04:38,073 [grpc-default-executor-6] INFO  impl.RaftServerProxy (RaftServerProxy.java:remove(95)) - c01dc21c-c6d3-4daa-9385-9c828aa890a1: remove group-996C1A0A52D8:null
2019-09-10 19:04:38,077 [RatisPipelineUtilsThread] WARN  pipeline.RatisPipelineUtils (RatisPipelineUtils.java:destroyPipeline(66)) - Pipeline destroy failed for pipeline=PipelineID=51ee26b8-1336-4450-8264-996c1a0a52d8 dn=c01dc21c-c6d3-4daa-9385-9c828aa890a1{ip: 192.168.36.113, host: pr-hdds-1982-decom-states-gjzbw-1854142291, networkLocation: /default-rack, certSerialId: null}
2019-09-10 19:04:38,079 [grpc-default-executor-6] INFO  impl.RaftServerProxy (RaftServerProxy.java:remove(95)) - 08300216-d630-4cd9-aee9-766608000298: remove group-996C1A0A52D8:null
2019-09-10 19:04:38,081 [RatisPipelineUtilsThread] WARN  pipeline.RatisPipelineUtils (RatisPipelineUtils.java:destroyPipeline(66)) - Pipeline destroy failed for pipeline=PipelineID=51ee26b8-1336-4450-8264-996c1a0a52d8 dn=08300216-d630-4cd9-aee9-766608000298{ip: 192.168.36.113, host: pr-hdds-1982-decom-states-gjzbw-1854142291, networkLocation: /default-rack, certSerialId: null}
2019-09-10 19:04:38,083 [grpc-default-executor-6] INFO  impl.RaftServerProxy (RaftServerProxy.java:remove(95)) - d394239f-4003-4980-a11f-9e9a96bc4c4f: remove group-996C1A0A52D8:null
2019-09-10 19:04:38,085 [RatisPipelineUtilsThread] WARN  pipeline.RatisPipelineUtils (RatisPipelineUtils.java:destroyPipeline(66)) - Pipeline destroy failed for pipeline=PipelineID=51ee26b8-1336-4450-8264-996c1a0a52d8 dn=d394239f-4003-4980-a11f-9e9a96bc4c4f{ip: 192.168.36.113, host: pr-hdds-1982-decom-states-gjzbw-1854142291, networkLocation: /default-rack, certSerialId: null}
2019-09-10 19:04:38,085 [RatisPipelineUtilsThread] ERROR pipeline.SCMPipelineManager (Scheduler.java:lambda$schedule$1(70)) - Destroy pipeline failed for pipeline:Pipeline[ Id: 51ee26b8-1336-4450-8264-996c1a0a52d8, Nodes: c01dc21c-c6d3-4daa-9385-9c828aa890a1{ip: 192.168.36.113, host: pr-hdds-1982-decom-states-gjzbw-1854142291, networkLocation: /default-rack, certSerialId: null}08300216-d630-4cd9-aee9-766608000298{ip: 192.168.36.113, host: pr-hdds-1982-decom-states-gjzbw-1854142291, networkLocation: /default-rack, certSerialId: null}d394239f-4003-4980-a11f-9e9a96bc4c4f{ip: 192.168.36.113, host: pr-hdds-1982-decom-states-gjzbw-1854142291, networkLocation: /default-rack, certSerialId: null}, Type:RATIS, Factor:THREE, State:CLOSED]
org.apache.hadoop.hdds.scm.pipeline.PipelineNotFoundException: PipelineID=51ee26b8-1336-4450-8264-996c1a0a52d8 not found
	at org.apache.hadoop.hdds.scm.pipeline.PipelineStateMap.getPipeline(PipelineStateMap.java:132)
	at org.apache.hadoop.hdds.scm.pipeline.PipelineStateMap.removePipeline(PipelineStateMap.java:322)
	at org.apache.hadoop.hdds.scm.pipeline.PipelineStateManager.removePipeline(PipelineStateManager.java:107)
	at org.apache.hadoop.hdds.scm.pipeline.SCMPipelineManager.removePipeline(SCMPipelineManager.java:423)
	at org.apache.hadoop.hdds.scm.pipeline.SCMPipelineManager.destroyPipeline(SCMPipelineManager.java:409)
	at org.apache.hadoop.hdds.scm.pipeline.SCMPipelineManager.lambda$finalizeAndDestroyPipeline$0(SCMPipelineManager.java:318)
	at org.apache.hadoop.utils.Scheduler.lambda$schedule$1(Scheduler.java:68)
	at java.util.concurrent.Executors$RunnableAdapter.call(Executors.java:511)
	at java.util.concurrent.FutureTask.run(FutureTask.java:266)
	at java.util.concurrent.ScheduledThreadPoolExecutor$ScheduledFutureTask.access$201(ScheduledThreadPoolExecutor.java:180)
	at java.util.concurrent.ScheduledThreadPoolExecutor$ScheduledFutureTask.run(ScheduledThreadPoolExecutor.java:293)
	at java.util.concurrent.ThreadPoolExecutor.runWorker(ThreadPoolExecutor.java:1149)
	at java.util.concurrent.ThreadPoolExecutor$Worker.run(ThreadPoolExecutor.java:624)
	at java.lang.Thread.run(Thread.java:748)
2019-09-10 19:04:39,870 [0721d391-9877-4bc5-9778-84bb7e49252a@group-F957B9D63A79-SegmentedRaftLogWorker] WARN  segmented.SegmentedRaftLogWorker (SegmentedRaftLogWorker.java:getFromFuture(90)) - Timeout 5/~
org.apache.ratis.protocol.TimeoutIOException: Timeout 10s: WriteLog:13: (t:1, i:13), STATEMACHINELOGENTRY, client-3004A9070B8E, cid=140-writeStateMachineData
	at org.apache.ratis.util.IOUtils.getFromFuture(IOUtils.java:87)
	at org.apache.ratis.server.raftlog.segmented.SegmentedRaftLogWorker$StateMachineDataPolicy.getFromFuture(SegmentedRaftLogWorker.java:87)
	at org.apache.ratis.server.raftlog.segmented.SegmentedRaftLogWorker$WriteLog.execute(SegmentedRaftLogWorker.java:477)
	at org.apache.ratis.server.raftlog.segmented.SegmentedRaftLogWorker.run(SegmentedRaftLogWorker.java:289)
	at java.lang.Thread.run(Thread.java:748)
Caused by: java.util.concurrent.TimeoutException
	at java.util.concurrent.CompletableFuture.timedGet(CompletableFuture.java:1771)
	at java.util.concurrent.CompletableFuture.get(CompletableFuture.java:1915)
	at org.apache.ratis.util.IOUtils.getFromFuture(IOUtils.java:79)
	... 4 more
2019-09-10 19:04:40,096 [0b57ef76-c121-46fb-9637-94024daca647@group-F957B9D63A79-SegmentedRaftLogWorker] WARN  segmented.SegmentedRaftLogWorker (SegmentedRaftLogWorker.java:getFromFuture(90)) - Timeout 5/~
org.apache.ratis.protocol.TimeoutIOException: Timeout 10s: WriteLog:16: (t:1, i:16), STATEMACHINELOGENTRY, client-3004A9070B8E, cid=143-writeStateMachineData
	at org.apache.ratis.util.IOUtils.getFromFuture(IOUtils.java:87)
	at org.apache.ratis.server.raftlog.segmented.SegmentedRaftLogWorker$StateMachineDataPolicy.getFromFuture(SegmentedRaftLogWorker.java:87)
	at org.apache.ratis.server.raftlog.segmented.SegmentedRaftLogWorker$WriteLog.execute(SegmentedRaftLogWorker.java:477)
	at org.apache.ratis.server.raftlog.segmented.SegmentedRaftLogWorker.run(SegmentedRaftLogWorker.java:289)
	at java.lang.Thread.run(Thread.java:748)
Caused by: java.util.concurrent.TimeoutException
	at java.util.concurrent.CompletableFuture.timedGet(CompletableFuture.java:1771)
	at java.util.concurrent.CompletableFuture.get(CompletableFuture.java:1915)
	at org.apache.ratis.util.IOUtils.getFromFuture(IOUtils.java:79)
	... 4 more
2019-09-10 19:04:40,119 [8e2eaa3a-398a-46ef-9472-b716e4b01ba0@group-F957B9D63A79-SegmentedRaftLogWorker] WARN  segmented.SegmentedRaftLogWorker (SegmentedRaftLogWorker.java:getFromFuture(90)) - Timeout 5/~
org.apache.ratis.protocol.TimeoutIOException: Timeout 10s: WriteLog:14: (t:1, i:14), STATEMACHINELOGENTRY, client-3004A9070B8E, cid=141-writeStateMachineData
	at org.apache.ratis.util.IOUtils.getFromFuture(IOUtils.java:87)
	at org.apache.ratis.server.raftlog.segmented.SegmentedRaftLogWorker$StateMachineDataPolicy.getFromFuture(SegmentedRaftLogWorker.java:87)
	at org.apache.ratis.server.raftlog.segmented.SegmentedRaftLogWorker$WriteLog.execute(SegmentedRaftLogWorker.java:477)
	at org.apache.ratis.server.raftlog.segmented.SegmentedRaftLogWorker.run(SegmentedRaftLogWorker.java:289)
	at java.lang.Thread.run(Thread.java:748)
Caused by: java.util.concurrent.TimeoutException
	at java.util.concurrent.CompletableFuture.timedGet(CompletableFuture.java:1771)
	at java.util.concurrent.CompletableFuture.get(CompletableFuture.java:1915)
	at org.apache.ratis.util.IOUtils.getFromFuture(IOUtils.java:79)
	... 4 more
2019-09-10 19:04:40,341 [grpc-default-executor-6] INFO  client.GrpcClientProtocolClient (GrpcClientProtocolClient.java:onNext(264)) - client-3004A9070B8E->0b57ef76-c121-46fb-9637-94024daca647: receive RaftClientReply:client-3004A9070B8E->0b57ef76-c121-46fb-9637-94024daca647@group-F957B9D63A79, cid=140, FAILED org.apache.ratis.protocol.NotLeaderException: Server 0b57ef76-c121-46fb-9637-94024daca647@group-F957B9D63A79 is not the leader 0721d391-9877-4bc5-9778-84bb7e49252a:192.168.36.113:44025, logIndex=0, commits[0b57ef76-c121-46fb-9637-94024daca647:c12, 0721d391-9877-4bc5-9778-84bb7e49252a:c12, 8e2eaa3a-398a-46ef-9472-b716e4b01ba0:c7]
2019-09-10 19:04:40,378 [java.util.concurrent.ThreadPoolExecutor$Worker@44ea9f2[State = -1, empty queue]] WARN  server.GrpcLogAppender (GrpcLogAppender.java:timeoutAppendRequest(200)) - 0721d391-9877-4bc5-9778-84bb7e49252a@group-F957B9D63A79->0b57ef76-c121-46fb-9637-94024daca647-GrpcLogAppender: appendEntries Timeout, request=0721d391-9877-4bc5-9778-84bb7e49252a->0b57ef76-c121-46fb-9637-94024daca647#114-t1, previous=(t:1, i:18), leaderCommit=12, initializing? false, entries: <empty>
2019-09-10 19:04:40,378 [java.util.concurrent.ThreadPoolExecutor$Worker@3835934d[State = -1, empty queue]] WARN  server.GrpcLogAppender (GrpcLogAppender.java:timeoutAppendRequest(200)) - 0721d391-9877-4bc5-9778-84bb7e49252a@group-F957B9D63A79->8e2eaa3a-398a-46ef-9472-b716e4b01ba0-GrpcLogAppender: appendEntries Timeout, request=0721d391-9877-4bc5-9778-84bb7e49252a->8e2eaa3a-398a-46ef-9472-b716e4b01ba0#114-t1, previous=(t:1, i:18), leaderCommit=12, initializing? false, entries: <empty>
2019-09-10 19:04:41,072 [grpc-default-executor-6] INFO  impl.RaftServerProxy (RaftServerProxy.java:remove(95)) - c01dc21c-c6d3-4daa-9385-9c828aa890a1: remove group-996C1A0A52D8:null
2019-09-10 19:04:41,075 [RatisPipelineUtilsThread] WARN  pipeline.RatisPipelineUtils (RatisPipelineUtils.java:destroyPipeline(66)) - Pipeline destroy failed for pipeline=PipelineID=51ee26b8-1336-4450-8264-996c1a0a52d8 dn=c01dc21c-c6d3-4daa-9385-9c828aa890a1{ip: 192.168.36.113, host: pr-hdds-1982-decom-states-gjzbw-1854142291, networkLocation: /default-rack, certSerialId: null}
2019-09-10 19:04:41,078 [grpc-default-executor-6] INFO  impl.RaftServerProxy (RaftServerProxy.java:remove(95)) - 08300216-d630-4cd9-aee9-766608000298: remove group-996C1A0A52D8:null
2019-09-10 19:04:41,081 [RatisPipelineUtilsThread] WARN  pipeline.RatisPipelineUtils (RatisPipelineUtils.java:destroyPipeline(66)) - Pipeline destroy failed for pipeline=PipelineID=51ee26b8-1336-4450-8264-996c1a0a52d8 dn=08300216-d630-4cd9-aee9-766608000298{ip: 192.168.36.113, host: pr-hdds-1982-decom-states-gjzbw-1854142291, networkLocation: /default-rack, certSerialId: null}
2019-09-10 19:04:41,083 [grpc-default-executor-6] INFO  impl.RaftServerProxy (RaftServerProxy.java:remove(95)) - d394239f-4003-4980-a11f-9e9a96bc4c4f: remove group-996C1A0A52D8:null
2019-09-10 19:04:41,085 [RatisPipelineUtilsThread] WARN  pipeline.RatisPipelineUtils (RatisPipelineUtils.java:destroyPipeline(66)) - Pipeline destroy failed for pipeline=PipelineID=51ee26b8-1336-4450-8264-996c1a0a52d8 dn=d394239f-4003-4980-a11f-9e9a96bc4c4f{ip: 192.168.36.113, host: pr-hdds-1982-decom-states-gjzbw-1854142291, networkLocation: /default-rack, certSerialId: null}
2019-09-10 19:04:41,086 [RatisPipelineUtilsThread] ERROR pipeline.SCMPipelineManager (Scheduler.java:lambda$schedule$1(70)) - Destroy pipeline failed for pipeline:Pipeline[ Id: 51ee26b8-1336-4450-8264-996c1a0a52d8, Nodes: c01dc21c-c6d3-4daa-9385-9c828aa890a1{ip: 192.168.36.113, host: pr-hdds-1982-decom-states-gjzbw-1854142291, networkLocation: /default-rack, certSerialId: null}08300216-d630-4cd9-aee9-766608000298{ip: 192.168.36.113, host: pr-hdds-1982-decom-states-gjzbw-1854142291, networkLocation: /default-rack, certSerialId: null}d394239f-4003-4980-a11f-9e9a96bc4c4f{ip: 192.168.36.113, host: pr-hdds-1982-decom-states-gjzbw-1854142291, networkLocation: /default-rack, certSerialId: null}, Type:RATIS, Factor:THREE, State:CLOSED]
org.apache.hadoop.hdds.scm.pipeline.PipelineNotFoundException: PipelineID=51ee26b8-1336-4450-8264-996c1a0a52d8 not found
	at org.apache.hadoop.hdds.scm.pipeline.PipelineStateMap.getPipeline(PipelineStateMap.java:132)
	at org.apache.hadoop.hdds.scm.pipeline.PipelineStateMap.removePipeline(PipelineStateMap.java:322)
	at org.apache.hadoop.hdds.scm.pipeline.PipelineStateManager.removePipeline(PipelineStateManager.java:107)
	at org.apache.hadoop.hdds.scm.pipeline.SCMPipelineManager.removePipeline(SCMPipelineManager.java:423)
	at org.apache.hadoop.hdds.scm.pipeline.SCMPipelineManager.destroyPipeline(SCMPipelineManager.java:409)
	at org.apache.hadoop.hdds.scm.pipeline.SCMPipelineManager.lambda$finalizeAndDestroyPipeline$0(SCMPipelineManager.java:318)
	at org.apache.hadoop.utils.Scheduler.lambda$schedule$1(Scheduler.java:68)
	at java.util.concurrent.Executors$RunnableAdapter.call(Executors.java:511)
	at java.util.concurrent.FutureTask.run(FutureTask.java:266)
	at java.util.concurrent.ScheduledThreadPoolExecutor$ScheduledFutureTask.access$201(ScheduledThreadPoolExecutor.java:180)
	at java.util.concurrent.ScheduledThreadPoolExecutor$ScheduledFutureTask.run(ScheduledThreadPoolExecutor.java:293)
	at java.util.concurrent.ThreadPoolExecutor.runWorker(ThreadPoolExecutor.java:1149)
	at java.util.concurrent.ThreadPoolExecutor$Worker.run(ThreadPoolExecutor.java:624)
	at java.lang.Thread.run(Thread.java:748)
2019-09-10 19:04:42,878 [java.util.concurrent.ThreadPoolExecutor$Worker@3835934d[State = -1, empty queue]] WARN  server.GrpcLogAppender (GrpcLogAppender.java:timeoutAppendRequest(200)) - 0721d391-9877-4bc5-9778-84bb7e49252a@group-F957B9D63A79->8e2eaa3a-398a-46ef-9472-b716e4b01ba0-GrpcLogAppender: appendEntries Timeout, request=0721d391-9877-4bc5-9778-84bb7e49252a->8e2eaa3a-398a-46ef-9472-b716e4b01ba0#115-t1, previous=(t:1, i:18), leaderCommit=12, initializing? false, entries: <empty>
2019-09-10 19:04:42,878 [java.util.concurrent.ThreadPoolExecutor$Worker@44ea9f2[State = -1, empty queue]] WARN  server.GrpcLogAppender (GrpcLogAppender.java:timeoutAppendRequest(200)) - 0721d391-9877-4bc5-9778-84bb7e49252a@group-F957B9D63A79->0b57ef76-c121-46fb-9637-94024daca647-GrpcLogAppender: appendEntries Timeout, request=0721d391-9877-4bc5-9778-84bb7e49252a->0b57ef76-c121-46fb-9637-94024daca647#115-t1, previous=(t:1, i:18), leaderCommit=12, initializing? false, entries: <empty>
2019-09-10 19:04:43,068 [grpc-default-executor-10] INFO  impl.RaftServerProxy (RaftServerProxy.java:remove(95)) - c01dc21c-c6d3-4daa-9385-9c828aa890a1: remove group-996C1A0A52D8:null
2019-09-10 19:04:43,071 [RatisPipelineUtilsThread] WARN  pipeline.RatisPipelineUtils (RatisPipelineUtils.java:destroyPipeline(66)) - Pipeline destroy failed for pipeline=PipelineID=51ee26b8-1336-4450-8264-996c1a0a52d8 dn=c01dc21c-c6d3-4daa-9385-9c828aa890a1{ip: 192.168.36.113, host: pr-hdds-1982-decom-states-gjzbw-1854142291, networkLocation: /default-rack, certSerialId: null}
2019-09-10 19:04:43,073 [grpc-default-executor-10] INFO  impl.RaftServerProxy (RaftServerProxy.java:remove(95)) - 08300216-d630-4cd9-aee9-766608000298: remove group-996C1A0A52D8:null
2019-09-10 19:04:43,075 [RatisPipelineUtilsThread] WARN  pipeline.RatisPipelineUtils (RatisPipelineUtils.java:destroyPipeline(66)) - Pipeline destroy failed for pipeline=PipelineID=51ee26b8-1336-4450-8264-996c1a0a52d8 dn=08300216-d630-4cd9-aee9-766608000298{ip: 192.168.36.113, host: pr-hdds-1982-decom-states-gjzbw-1854142291, networkLocation: /default-rack, certSerialId: null}
2019-09-10 19:04:43,077 [grpc-default-executor-10] INFO  impl.RaftServerProxy (RaftServerProxy.java:remove(95)) - d394239f-4003-4980-a11f-9e9a96bc4c4f: remove group-996C1A0A52D8:null
2019-09-10 19:04:43,078 [RatisPipelineUtilsThread] WARN  pipeline.RatisPipelineUtils (RatisPipelineUtils.java:destroyPipeline(66)) - Pipeline destroy failed for pipeline=PipelineID=51ee26b8-1336-4450-8264-996c1a0a52d8 dn=d394239f-4003-4980-a11f-9e9a96bc4c4f{ip: 192.168.36.113, host: pr-hdds-1982-decom-states-gjzbw-1854142291, networkLocation: /default-rack, certSerialId: null}
2019-09-10 19:04:43,078 [RatisPipelineUtilsThread] ERROR pipeline.SCMPipelineManager (Scheduler.java:lambda$schedule$1(70)) - Destroy pipeline failed for pipeline:Pipeline[ Id: 51ee26b8-1336-4450-8264-996c1a0a52d8, Nodes: c01dc21c-c6d3-4daa-9385-9c828aa890a1{ip: 192.168.36.113, host: pr-hdds-1982-decom-states-gjzbw-1854142291, networkLocation: /default-rack, certSerialId: null}08300216-d630-4cd9-aee9-766608000298{ip: 192.168.36.113, host: pr-hdds-1982-decom-states-gjzbw-1854142291, networkLocation: /default-rack, certSerialId: null}d394239f-4003-4980-a11f-9e9a96bc4c4f{ip: 192.168.36.113, host: pr-hdds-1982-decom-states-gjzbw-1854142291, networkLocation: /default-rack, certSerialId: null}, Type:RATIS, Factor:THREE, State:CLOSED]
org.apache.hadoop.hdds.scm.pipeline.PipelineNotFoundException: PipelineID=51ee26b8-1336-4450-8264-996c1a0a52d8 not found
	at org.apache.hadoop.hdds.scm.pipeline.PipelineStateMap.getPipeline(PipelineStateMap.java:132)
	at org.apache.hadoop.hdds.scm.pipeline.PipelineStateMap.removePipeline(PipelineStateMap.java:322)
	at org.apache.hadoop.hdds.scm.pipeline.PipelineStateManager.removePipeline(PipelineStateManager.java:107)
	at org.apache.hadoop.hdds.scm.pipeline.SCMPipelineManager.removePipeline(SCMPipelineManager.java:423)
	at org.apache.hadoop.hdds.scm.pipeline.SCMPipelineManager.destroyPipeline(SCMPipelineManager.java:409)
	at org.apache.hadoop.hdds.scm.pipeline.SCMPipelineManager.lambda$finalizeAndDestroyPipeline$0(SCMPipelineManager.java:318)
	at org.apache.hadoop.utils.Scheduler.lambda$schedule$1(Scheduler.java:68)
	at java.util.concurrent.Executors$RunnableAdapter.call(Executors.java:511)
	at java.util.concurrent.FutureTask.run(FutureTask.java:266)
	at java.util.concurrent.ScheduledThreadPoolExecutor$ScheduledFutureTask.access$201(ScheduledThreadPoolExecutor.java:180)
	at java.util.concurrent.ScheduledThreadPoolExecutor$ScheduledFutureTask.run(ScheduledThreadPoolExecutor.java:293)
	at java.util.concurrent.ThreadPoolExecutor.runWorker(ThreadPoolExecutor.java:1149)
	at java.util.concurrent.ThreadPoolExecutor$Worker.run(ThreadPoolExecutor.java:624)
	at java.lang.Thread.run(Thread.java:748)
2019-09-10 19:04:44,125 [grpc-default-executor-10] INFO  impl.RaftServerProxy (RaftServerProxy.java:remove(95)) - c01dc21c-c6d3-4daa-9385-9c828aa890a1: remove group-996C1A0A52D8:null
2019-09-10 19:04:44,129 [RatisPipelineUtilsThread] WARN  pipeline.RatisPipelineUtils (RatisPipelineUtils.java:destroyPipeline(66)) - Pipeline destroy failed for pipeline=PipelineID=51ee26b8-1336-4450-8264-996c1a0a52d8 dn=c01dc21c-c6d3-4daa-9385-9c828aa890a1{ip: 192.168.36.113, host: pr-hdds-1982-decom-states-gjzbw-1854142291, networkLocation: /default-rack, certSerialId: null}
2019-09-10 19:04:44,132 [grpc-default-executor-10] INFO  impl.RaftServerProxy (RaftServerProxy.java:remove(95)) - 08300216-d630-4cd9-aee9-766608000298: remove group-996C1A0A52D8:null
2019-09-10 19:04:44,134 [RatisPipelineUtilsThread] WARN  pipeline.RatisPipelineUtils (RatisPipelineUtils.java:destroyPipeline(66)) - Pipeline destroy failed for pipeline=PipelineID=51ee26b8-1336-4450-8264-996c1a0a52d8 dn=08300216-d630-4cd9-aee9-766608000298{ip: 192.168.36.113, host: pr-hdds-1982-decom-states-gjzbw-1854142291, networkLocation: /default-rack, certSerialId: null}
2019-09-10 19:04:44,136 [grpc-default-executor-10] INFO  impl.RaftServerProxy (RaftServerProxy.java:remove(95)) - d394239f-4003-4980-a11f-9e9a96bc4c4f: remove group-996C1A0A52D8:null
2019-09-10 19:04:44,139 [RatisPipelineUtilsThread] WARN  pipeline.RatisPipelineUtils (RatisPipelineUtils.java:destroyPipeline(66)) - Pipeline destroy failed for pipeline=PipelineID=51ee26b8-1336-4450-8264-996c1a0a52d8 dn=d394239f-4003-4980-a11f-9e9a96bc4c4f{ip: 192.168.36.113, host: pr-hdds-1982-decom-states-gjzbw-1854142291, networkLocation: /default-rack, certSerialId: null}
2019-09-10 19:04:44,139 [RatisPipelineUtilsThread] ERROR pipeline.SCMPipelineManager (Scheduler.java:lambda$schedule$1(70)) - Destroy pipeline failed for pipeline:Pipeline[ Id: 51ee26b8-1336-4450-8264-996c1a0a52d8, Nodes: c01dc21c-c6d3-4daa-9385-9c828aa890a1{ip: 192.168.36.113, host: pr-hdds-1982-decom-states-gjzbw-1854142291, networkLocation: /default-rack, certSerialId: null}08300216-d630-4cd9-aee9-766608000298{ip: 192.168.36.113, host: pr-hdds-1982-decom-states-gjzbw-1854142291, networkLocation: /default-rack, certSerialId: null}d394239f-4003-4980-a11f-9e9a96bc4c4f{ip: 192.168.36.113, host: pr-hdds-1982-decom-states-gjzbw-1854142291, networkLocation: /default-rack, certSerialId: null}, Type:RATIS, Factor:THREE, State:CLOSED]
org.apache.hadoop.hdds.scm.pipeline.PipelineNotFoundException: PipelineID=51ee26b8-1336-4450-8264-996c1a0a52d8 not found
	at org.apache.hadoop.hdds.scm.pipeline.PipelineStateMap.getPipeline(PipelineStateMap.java:132)
	at org.apache.hadoop.hdds.scm.pipeline.PipelineStateMap.removePipeline(PipelineStateMap.java:322)
	at org.apache.hadoop.hdds.scm.pipeline.PipelineStateManager.removePipeline(PipelineStateManager.java:107)
	at org.apache.hadoop.hdds.scm.pipeline.SCMPipelineManager.removePipeline(SCMPipelineManager.java:423)
	at org.apache.hadoop.hdds.scm.pipeline.SCMPipelineManager.destroyPipeline(SCMPipelineManager.java:409)
	at org.apache.hadoop.hdds.scm.pipeline.SCMPipelineManager.lambda$finalizeAndDestroyPipeline$0(SCMPipelineManager.java:318)
	at org.apache.hadoop.utils.Scheduler.lambda$schedule$1(Scheduler.java:68)
	at java.util.concurrent.Executors$RunnableAdapter.call(Executors.java:511)
	at java.util.concurrent.FutureTask.run(FutureTask.java:266)
	at java.util.concurrent.ScheduledThreadPoolExecutor$ScheduledFutureTask.access$201(ScheduledThreadPoolExecutor.java:180)
	at java.util.concurrent.ScheduledThreadPoolExecutor$ScheduledFutureTask.run(ScheduledThreadPoolExecutor.java:293)
	at java.util.concurrent.ThreadPoolExecutor.runWorker(ThreadPoolExecutor.java:1149)
	at java.util.concurrent.ThreadPoolExecutor$Worker.run(ThreadPoolExecutor.java:624)
	at java.lang.Thread.run(Thread.java:748)
2019-09-10 19:04:44,433 [grpc-default-executor-10] INFO  impl.RaftServerProxy (RaftServerProxy.java:remove(95)) - c01dc21c-c6d3-4daa-9385-9c828aa890a1: remove group-996C1A0A52D8:null
2019-09-10 19:04:44,436 [RatisPipelineUtilsThread] WARN  pipeline.RatisPipelineUtils (RatisPipelineUtils.java:destroyPipeline(66)) - Pipeline destroy failed for pipeline=PipelineID=51ee26b8-1336-4450-8264-996c1a0a52d8 dn=c01dc21c-c6d3-4daa-9385-9c828aa890a1{ip: 192.168.36.113, host: pr-hdds-1982-decom-states-gjzbw-1854142291, networkLocation: /default-rack, certSerialId: null}
2019-09-10 19:04:44,438 [grpc-default-executor-10] INFO  impl.RaftServerProxy (RaftServerProxy.java:remove(95)) - 08300216-d630-4cd9-aee9-766608000298: remove group-996C1A0A52D8:null
2019-09-10 19:04:44,441 [RatisPipelineUtilsThread] WARN  pipeline.RatisPipelineUtils (RatisPipelineUtils.java:destroyPipeline(66)) - Pipeline destroy failed for pipeline=PipelineID=51ee26b8-1336-4450-8264-996c1a0a52d8 dn=08300216-d630-4cd9-aee9-766608000298{ip: 192.168.36.113, host: pr-hdds-1982-decom-states-gjzbw-1854142291, networkLocation: /default-rack, certSerialId: null}
2019-09-10 19:04:44,443 [grpc-default-executor-10] INFO  impl.RaftServerProxy (RaftServerProxy.java:remove(95)) - d394239f-4003-4980-a11f-9e9a96bc4c4f: remove group-996C1A0A52D8:null
2019-09-10 19:04:44,445 [RatisPipelineUtilsThread] WARN  pipeline.RatisPipelineUtils (RatisPipelineUtils.java:destroyPipeline(66)) - Pipeline destroy failed for pipeline=PipelineID=51ee26b8-1336-4450-8264-996c1a0a52d8 dn=d394239f-4003-4980-a11f-9e9a96bc4c4f{ip: 192.168.36.113, host: pr-hdds-1982-decom-states-gjzbw-1854142291, networkLocation: /default-rack, certSerialId: null}
2019-09-10 19:04:44,445 [RatisPipelineUtilsThread] ERROR pipeline.SCMPipelineManager (Scheduler.java:lambda$schedule$1(70)) - Destroy pipeline failed for pipeline:Pipeline[ Id: 51ee26b8-1336-4450-8264-996c1a0a52d8, Nodes: c01dc21c-c6d3-4daa-9385-9c828aa890a1{ip: 192.168.36.113, host: pr-hdds-1982-decom-states-gjzbw-1854142291, networkLocation: /default-rack, certSerialId: null}08300216-d630-4cd9-aee9-766608000298{ip: 192.168.36.113, host: pr-hdds-1982-decom-states-gjzbw-1854142291, networkLocation: /default-rack, certSerialId: null}d394239f-4003-4980-a11f-9e9a96bc4c4f{ip: 192.168.36.113, host: pr-hdds-1982-decom-states-gjzbw-1854142291, networkLocation: /default-rack, certSerialId: null}, Type:RATIS, Factor:THREE, State:CLOSED]
org.apache.hadoop.hdds.scm.pipeline.PipelineNotFoundException: PipelineID=51ee26b8-1336-4450-8264-996c1a0a52d8 not found
	at org.apache.hadoop.hdds.scm.pipeline.PipelineStateMap.getPipeline(PipelineStateMap.java:132)
	at org.apache.hadoop.hdds.scm.pipeline.PipelineStateMap.removePipeline(PipelineStateMap.java:322)
	at org.apache.hadoop.hdds.scm.pipeline.PipelineStateManager.removePipeline(PipelineStateManager.java:107)
	at org.apache.hadoop.hdds.scm.pipeline.SCMPipelineManager.removePipeline(SCMPipelineManager.java:423)
	at org.apache.hadoop.hdds.scm.pipeline.SCMPipelineManager.destroyPipeline(SCMPipelineManager.java:409)
	at org.apache.hadoop.hdds.scm.pipeline.SCMPipelineManager.lambda$finalizeAndDestroyPipeline$0(SCMPipelineManager.java:318)
	at org.apache.hadoop.utils.Scheduler.lambda$schedule$1(Scheduler.java:68)
	at java.util.concurrent.Executors$RunnableAdapter.call(Executors.java:511)
	at java.util.concurrent.FutureTask.run(FutureTask.java:266)
	at java.util.concurrent.ScheduledThreadPoolExecutor$ScheduledFutureTask.access$201(ScheduledThreadPoolExecutor.java:180)
	at java.util.concurrent.ScheduledThreadPoolExecutor$ScheduledFutureTask.run(ScheduledThreadPoolExecutor.java:293)
	at java.util.concurrent.ThreadPoolExecutor.runWorker(ThreadPoolExecutor.java:1149)
	at java.util.concurrent.ThreadPoolExecutor$Worker.run(ThreadPoolExecutor.java:624)
	at java.lang.Thread.run(Thread.java:748)
2019-09-10 19:04:44,950 [grpc-default-executor-6] INFO  impl.RaftServerProxy (RaftServerProxy.java:remove(95)) - c01dc21c-c6d3-4daa-9385-9c828aa890a1: remove group-996C1A0A52D8:null
2019-09-10 19:04:44,953 [RatisPipelineUtilsThread] WARN  pipeline.RatisPipelineUtils (RatisPipelineUtils.java:destroyPipeline(66)) - Pipeline destroy failed for pipeline=PipelineID=51ee26b8-1336-4450-8264-996c1a0a52d8 dn=c01dc21c-c6d3-4daa-9385-9c828aa890a1{ip: 192.168.36.113, host: pr-hdds-1982-decom-states-gjzbw-1854142291, networkLocation: /default-rack, certSerialId: null}
2019-09-10 19:04:44,956 [grpc-default-executor-6] INFO  impl.RaftServerProxy (RaftServerProxy.java:remove(95)) - 08300216-d630-4cd9-aee9-766608000298: remove group-996C1A0A52D8:null
2019-09-10 19:04:44,958 [RatisPipelineUtilsThread] WARN  pipeline.RatisPipelineUtils (RatisPipelineUtils.java:destroyPipeline(66)) - Pipeline destroy failed for pipeline=PipelineID=51ee26b8-1336-4450-8264-996c1a0a52d8 dn=08300216-d630-4cd9-aee9-766608000298{ip: 192.168.36.113, host: pr-hdds-1982-decom-states-gjzbw-1854142291, networkLocation: /default-rack, certSerialId: null}
2019-09-10 19:04:44,960 [grpc-default-executor-6] INFO  impl.RaftServerProxy (RaftServerProxy.java:remove(95)) - d394239f-4003-4980-a11f-9e9a96bc4c4f: remove group-996C1A0A52D8:null
2019-09-10 19:04:44,963 [RatisPipelineUtilsThread] WARN  pipeline.RatisPipelineUtils (RatisPipelineUtils.java:destroyPipeline(66)) - Pipeline destroy failed for pipeline=PipelineID=51ee26b8-1336-4450-8264-996c1a0a52d8 dn=d394239f-4003-4980-a11f-9e9a96bc4c4f{ip: 192.168.36.113, host: pr-hdds-1982-decom-states-gjzbw-1854142291, networkLocation: /default-rack, certSerialId: null}
2019-09-10 19:04:44,963 [RatisPipelineUtilsThread] ERROR pipeline.SCMPipelineManager (Scheduler.java:lambda$schedule$1(70)) - Destroy pipeline failed for pipeline:Pipeline[ Id: 51ee26b8-1336-4450-8264-996c1a0a52d8, Nodes: c01dc21c-c6d3-4daa-9385-9c828aa890a1{ip: 192.168.36.113, host: pr-hdds-1982-decom-states-gjzbw-1854142291, networkLocation: /default-rack, certSerialId: null}08300216-d630-4cd9-aee9-766608000298{ip: 192.168.36.113, host: pr-hdds-1982-decom-states-gjzbw-1854142291, networkLocation: /default-rack, certSerialId: null}d394239f-4003-4980-a11f-9e9a96bc4c4f{ip: 192.168.36.113, host: pr-hdds-1982-decom-states-gjzbw-1854142291, networkLocation: /default-rack, certSerialId: null}, Type:RATIS, Factor:THREE, State:CLOSED]
org.apache.hadoop.hdds.scm.pipeline.PipelineNotFoundException: PipelineID=51ee26b8-1336-4450-8264-996c1a0a52d8 not found
	at org.apache.hadoop.hdds.scm.pipeline.PipelineStateMap.getPipeline(PipelineStateMap.java:132)
	at org.apache.hadoop.hdds.scm.pipeline.PipelineStateMap.removePipeline(PipelineStateMap.java:322)
	at org.apache.hadoop.hdds.scm.pipeline.PipelineStateManager.removePipeline(PipelineStateManager.java:107)
	at org.apache.hadoop.hdds.scm.pipeline.SCMPipelineManager.removePipeline(SCMPipelineManager.java:423)
	at org.apache.hadoop.hdds.scm.pipeline.SCMPipelineManager.destroyPipeline(SCMPipelineManager.java:409)
	at org.apache.hadoop.hdds.scm.pipeline.SCMPipelineManager.lambda$finalizeAndDestroyPipeline$0(SCMPipelineManager.java:318)
	at org.apache.hadoop.utils.Scheduler.lambda$schedule$1(Scheduler.java:68)
	at java.util.concurrent.Executors$RunnableAdapter.call(Executors.java:511)
	at java.util.concurrent.FutureTask.run(FutureTask.java:266)
	at java.util.concurrent.ScheduledThreadPoolExecutor$ScheduledFutureTask.access$201(ScheduledThreadPoolExecutor.java:180)
	at java.util.concurrent.ScheduledThreadPoolExecutor$ScheduledFutureTask.run(ScheduledThreadPoolExecutor.java:293)
	at java.util.concurrent.ThreadPoolExecutor.runWorker(ThreadPoolExecutor.java:1149)
	at java.util.concurrent.ThreadPoolExecutor$Worker.run(ThreadPoolExecutor.java:624)
	at java.lang.Thread.run(Thread.java:748)
2019-09-10 19:04:45,379 [java.util.concurrent.ThreadPoolExecutor$Worker@3835934d[State = -1, empty queue]] WARN  server.GrpcLogAppender (GrpcLogAppender.java:timeoutAppendRequest(200)) - 0721d391-9877-4bc5-9778-84bb7e49252a@group-F957B9D63A79->8e2eaa3a-398a-46ef-9472-b716e4b01ba0-GrpcLogAppender: appendEntries Timeout, request=0721d391-9877-4bc5-9778-84bb7e49252a->8e2eaa3a-398a-46ef-9472-b716e4b01ba0#116-t1, previous=(t:1, i:18), leaderCommit=12, initializing? false, entries: <empty>
2019-09-10 19:04:45,379 [java.util.concurrent.ThreadPoolExecutor$Worker@44ea9f2[State = -1, empty queue]] WARN  server.GrpcLogAppender (GrpcLogAppender.java:timeoutAppendRequest(200)) - 0721d391-9877-4bc5-9778-84bb7e49252a@group-F957B9D63A79->0b57ef76-c121-46fb-9637-94024daca647-GrpcLogAppender: appendEntries Timeout, request=0721d391-9877-4bc5-9778-84bb7e49252a->0b57ef76-c121-46fb-9637-94024daca647#116-t1, previous=(t:1, i:18), leaderCommit=12, initializing? false, entries: <empty>
2019-09-10 19:04:45,392 [grpc-default-executor-10] INFO  client.GrpcClientProtocolClient (GrpcClientProtocolClient.java:onNext(264)) - client-3004A9070B8E->8e2eaa3a-398a-46ef-9472-b716e4b01ba0: receive RaftClientReply:client-3004A9070B8E->8e2eaa3a-398a-46ef-9472-b716e4b01ba0@group-F957B9D63A79, cid=140, FAILED org.apache.ratis.protocol.NotLeaderException: Server 8e2eaa3a-398a-46ef-9472-b716e4b01ba0@group-F957B9D63A79 is not the leader 0721d391-9877-4bc5-9778-84bb7e49252a:192.168.36.113:44025, logIndex=0, commits[8e2eaa3a-398a-46ef-9472-b716e4b01ba0:c12, 0b57ef76-c121-46fb-9637-94024daca647:c7, 0721d391-9877-4bc5-9778-84bb7e49252a:c12]
2019-09-10 19:04:47,879 [java.util.concurrent.ThreadPoolExecutor$Worker@3835934d[State = -1, empty queue]] WARN  server.GrpcLogAppender (GrpcLogAppender.java:timeoutAppendRequest(200)) - 0721d391-9877-4bc5-9778-84bb7e49252a@group-F957B9D63A79->8e2eaa3a-398a-46ef-9472-b716e4b01ba0-GrpcLogAppender: appendEntries Timeout, request=0721d391-9877-4bc5-9778-84bb7e49252a->8e2eaa3a-398a-46ef-9472-b716e4b01ba0#117-t1, previous=(t:1, i:18), leaderCommit=12, initializing? false, entries: <empty>
2019-09-10 19:04:47,879 [java.util.concurrent.ThreadPoolExecutor$Worker@44ea9f2[State = -1, empty queue]] WARN  server.GrpcLogAppender (GrpcLogAppender.java:timeoutAppendRequest(200)) - 0721d391-9877-4bc5-9778-84bb7e49252a@group-F957B9D63A79->0b57ef76-c121-46fb-9637-94024daca647-GrpcLogAppender: appendEntries Timeout, request=0721d391-9877-4bc5-9778-84bb7e49252a->0b57ef76-c121-46fb-9637-94024daca647#117-t1, previous=(t:1, i:18), leaderCommit=12, initializing? false, entries: <empty>
2019-09-10 19:04:49,871 [0721d391-9877-4bc5-9778-84bb7e49252a@group-F957B9D63A79-SegmentedRaftLogWorker] WARN  segmented.SegmentedRaftLogWorker (SegmentedRaftLogWorker.java:getFromFuture(90)) - Timeout 6/~
org.apache.ratis.protocol.TimeoutIOException: Timeout 10s: WriteLog:13: (t:1, i:13), STATEMACHINELOGENTRY, client-3004A9070B8E, cid=140-writeStateMachineData
	at org.apache.ratis.util.IOUtils.getFromFuture(IOUtils.java:87)
	at org.apache.ratis.server.raftlog.segmented.SegmentedRaftLogWorker$StateMachineDataPolicy.getFromFuture(SegmentedRaftLogWorker.java:87)
	at org.apache.ratis.server.raftlog.segmented.SegmentedRaftLogWorker$WriteLog.execute(SegmentedRaftLogWorker.java:477)
	at org.apache.ratis.server.raftlog.segmented.SegmentedRaftLogWorker.run(SegmentedRaftLogWorker.java:289)
	at java.lang.Thread.run(Thread.java:748)
Caused by: java.util.concurrent.TimeoutException
	at java.util.concurrent.CompletableFuture.timedGet(CompletableFuture.java:1771)
	at java.util.concurrent.CompletableFuture.get(CompletableFuture.java:1915)
	at org.apache.ratis.util.IOUtils.getFromFuture(IOUtils.java:79)
	... 4 more
2019-09-10 19:04:50,097 [0b57ef76-c121-46fb-9637-94024daca647@group-F957B9D63A79-SegmentedRaftLogWorker] WARN  segmented.SegmentedRaftLogWorker (SegmentedRaftLogWorker.java:getFromFuture(90)) - Timeout 6/~
org.apache.ratis.protocol.TimeoutIOException: Timeout 10s: WriteLog:16: (t:1, i:16), STATEMACHINELOGENTRY, client-3004A9070B8E, cid=143-writeStateMachineData
	at org.apache.ratis.util.IOUtils.getFromFuture(IOUtils.java:87)
	at org.apache.ratis.server.raftlog.segmented.SegmentedRaftLogWorker$StateMachineDataPolicy.getFromFuture(SegmentedRaftLogWorker.java:87)
	at org.apache.ratis.server.raftlog.segmented.SegmentedRaftLogWorker$WriteLog.execute(SegmentedRaftLogWorker.java:477)
	at org.apache.ratis.server.raftlog.segmented.SegmentedRaftLogWorker.run(SegmentedRaftLogWorker.java:289)
	at java.lang.Thread.run(Thread.java:748)
Caused by: java.util.concurrent.TimeoutException
	at java.util.concurrent.CompletableFuture.timedGet(CompletableFuture.java:1771)
	at java.util.concurrent.CompletableFuture.get(CompletableFuture.java:1915)
	at org.apache.ratis.util.IOUtils.getFromFuture(IOUtils.java:79)
	... 4 more
2019-09-10 19:04:50,121 [8e2eaa3a-398a-46ef-9472-b716e4b01ba0@group-F957B9D63A79-SegmentedRaftLogWorker] WARN  segmented.SegmentedRaftLogWorker (SegmentedRaftLogWorker.java:getFromFuture(90)) - Timeout 6/~
org.apache.ratis.protocol.TimeoutIOException: Timeout 10s: WriteLog:14: (t:1, i:14), STATEMACHINELOGENTRY, client-3004A9070B8E, cid=141-writeStateMachineData
	at org.apache.ratis.util.IOUtils.getFromFuture(IOUtils.java:87)
	at org.apache.ratis.server.raftlog.segmented.SegmentedRaftLogWorker$StateMachineDataPolicy.getFromFuture(SegmentedRaftLogWorker.java:87)
	at org.apache.ratis.server.raftlog.segmented.SegmentedRaftLogWorker$WriteLog.execute(SegmentedRaftLogWorker.java:477)
	at org.apache.ratis.server.raftlog.segmented.SegmentedRaftLogWorker.run(SegmentedRaftLogWorker.java:289)
	at java.lang.Thread.run(Thread.java:748)
Caused by: java.util.concurrent.TimeoutException
	at java.util.concurrent.CompletableFuture.timedGet(CompletableFuture.java:1771)
	at java.util.concurrent.CompletableFuture.get(CompletableFuture.java:1915)
	at org.apache.ratis.util.IOUtils.getFromFuture(IOUtils.java:79)
	... 4 more
2019-09-10 19:04:50,380 [java.util.concurrent.ThreadPoolExecutor$Worker@44ea9f2[State = -1, empty queue]] WARN  server.GrpcLogAppender (GrpcLogAppender.java:timeoutAppendRequest(200)) - 0721d391-9877-4bc5-9778-84bb7e49252a@group-F957B9D63A79->0b57ef76-c121-46fb-9637-94024daca647-GrpcLogAppender: appendEntries Timeout, request=0721d391-9877-4bc5-9778-84bb7e49252a->0b57ef76-c121-46fb-9637-94024daca647#118-t1, previous=(t:1, i:18), leaderCommit=12, initializing? false, entries: <empty>
2019-09-10 19:04:50,380 [java.util.concurrent.ThreadPoolExecutor$Worker@3835934d[State = -1, empty queue]] WARN  server.GrpcLogAppender (GrpcLogAppender.java:timeoutAppendRequest(200)) - 0721d391-9877-4bc5-9778-84bb7e49252a@group-F957B9D63A79->8e2eaa3a-398a-46ef-9472-b716e4b01ba0-GrpcLogAppender: appendEntries Timeout, request=0721d391-9877-4bc5-9778-84bb7e49252a->8e2eaa3a-398a-46ef-9472-b716e4b01ba0#118-t1, previous=(t:1, i:18), leaderCommit=12, initializing? false, entries: <empty>
2019-09-10 19:04:50,431 [grpc-default-executor-6] INFO  client.GrpcClientProtocolClient (GrpcClientProtocolClient.java:onNext(264)) - client-3004A9070B8E->8e2eaa3a-398a-46ef-9472-b716e4b01ba0: receive RaftClientReply:client-3004A9070B8E->8e2eaa3a-398a-46ef-9472-b716e4b01ba0@group-F957B9D63A79, cid=140, FAILED org.apache.ratis.protocol.NotLeaderException: Server 8e2eaa3a-398a-46ef-9472-b716e4b01ba0@group-F957B9D63A79 is not the leader 0721d391-9877-4bc5-9778-84bb7e49252a:192.168.36.113:44025, logIndex=0, commits[8e2eaa3a-398a-46ef-9472-b716e4b01ba0:c12, 0b57ef76-c121-46fb-9637-94024daca647:c7, 0721d391-9877-4bc5-9778-84bb7e49252a:c12]
2019-09-10 19:04:52,880 [java.util.concurrent.ThreadPoolExecutor$Worker@3835934d[State = -1, empty queue]] WARN  server.GrpcLogAppender (GrpcLogAppender.java:timeoutAppendRequest(200)) - 0721d391-9877-4bc5-9778-84bb7e49252a@group-F957B9D63A79->8e2eaa3a-398a-46ef-9472-b716e4b01ba0-GrpcLogAppender: appendEntries Timeout, request=0721d391-9877-4bc5-9778-84bb7e49252a->8e2eaa3a-398a-46ef-9472-b716e4b01ba0#119-t1, previous=(t:1, i:18), leaderCommit=12, initializing? false, entries: <empty>
2019-09-10 19:04:52,880 [java.util.concurrent.ThreadPoolExecutor$Worker@44ea9f2[State = -1, empty queue]] WARN  server.GrpcLogAppender (GrpcLogAppender.java:timeoutAppendRequest(200)) - 0721d391-9877-4bc5-9778-84bb7e49252a@group-F957B9D63A79->0b57ef76-c121-46fb-9637-94024daca647-GrpcLogAppender: appendEntries Timeout, request=0721d391-9877-4bc5-9778-84bb7e49252a->0b57ef76-c121-46fb-9637-94024daca647#119-t1, previous=(t:1, i:18), leaderCommit=12, initializing? false, entries: <empty>
2019-09-10 19:04:55,380 [java.util.concurrent.ThreadPoolExecutor$Worker@44ea9f2[State = -1, empty queue]] WARN  server.GrpcLogAppender (GrpcLogAppender.java:timeoutAppendRequest(200)) - 0721d391-9877-4bc5-9778-84bb7e49252a@group-F957B9D63A79->0b57ef76-c121-46fb-9637-94024daca647-GrpcLogAppender: appendEntries Timeout, request=0721d391-9877-4bc5-9778-84bb7e49252a->0b57ef76-c121-46fb-9637-94024daca647#120-t1, previous=(t:1, i:18), leaderCommit=12, initializing? false, entries: <empty>
2019-09-10 19:04:55,380 [java.util.concurrent.ThreadPoolExecutor$Worker@3835934d[State = -1, empty queue]] WARN  server.GrpcLogAppender (GrpcLogAppender.java:timeoutAppendRequest(200)) - 0721d391-9877-4bc5-9778-84bb7e49252a@group-F957B9D63A79->8e2eaa3a-398a-46ef-9472-b716e4b01ba0-GrpcLogAppender: appendEntries Timeout, request=0721d391-9877-4bc5-9778-84bb7e49252a->8e2eaa3a-398a-46ef-9472-b716e4b01ba0#120-t1, previous=(t:1, i:18), leaderCommit=12, initializing? false, entries: <empty>
2019-09-10 19:04:55,472 [grpc-default-executor-6] INFO  client.GrpcClientProtocolClient (GrpcClientProtocolClient.java:onNext(264)) - client-3004A9070B8E->8e2eaa3a-398a-46ef-9472-b716e4b01ba0: receive RaftClientReply:client-3004A9070B8E->8e2eaa3a-398a-46ef-9472-b716e4b01ba0@group-F957B9D63A79, cid=140, FAILED org.apache.ratis.protocol.NotLeaderException: Server 8e2eaa3a-398a-46ef-9472-b716e4b01ba0@group-F957B9D63A79 is not the leader 0721d391-9877-4bc5-9778-84bb7e49252a:192.168.36.113:44025, logIndex=0, commits[8e2eaa3a-398a-46ef-9472-b716e4b01ba0:c12, 0b57ef76-c121-46fb-9637-94024daca647:c7, 0721d391-9877-4bc5-9778-84bb7e49252a:c12]
2019-09-10 19:04:57,881 [java.util.concurrent.ThreadPoolExecutor$Worker@44ea9f2[State = -1, empty queue]] WARN  server.GrpcLogAppender (GrpcLogAppender.java:timeoutAppendRequest(200)) - 0721d391-9877-4bc5-9778-84bb7e49252a@group-F957B9D63A79->0b57ef76-c121-46fb-9637-94024daca647-GrpcLogAppender: appendEntries Timeout, request=0721d391-9877-4bc5-9778-84bb7e49252a->0b57ef76-c121-46fb-9637-94024daca647#121-t1, previous=(t:1, i:18), leaderCommit=12, initializing? false, entries: <empty>
2019-09-10 19:04:57,881 [java.util.concurrent.ThreadPoolExecutor$Worker@3835934d[State = -1, empty queue]] WARN  server.GrpcLogAppender (GrpcLogAppender.java:timeoutAppendRequest(200)) - 0721d391-9877-4bc5-9778-84bb7e49252a@group-F957B9D63A79->8e2eaa3a-398a-46ef-9472-b716e4b01ba0-GrpcLogAppender: appendEntries Timeout, request=0721d391-9877-4bc5-9778-84bb7e49252a->8e2eaa3a-398a-46ef-9472-b716e4b01ba0#121-t1, previous=(t:1, i:18), leaderCommit=12, initializing? false, entries: <empty>
2019-09-10 19:04:59,872 [0721d391-9877-4bc5-9778-84bb7e49252a@group-F957B9D63A79-SegmentedRaftLogWorker] WARN  segmented.SegmentedRaftLogWorker (SegmentedRaftLogWorker.java:getFromFuture(90)) - Timeout 7/~
org.apache.ratis.protocol.TimeoutIOException: Timeout 10s: WriteLog:13: (t:1, i:13), STATEMACHINELOGENTRY, client-3004A9070B8E, cid=140-writeStateMachineData
	at org.apache.ratis.util.IOUtils.getFromFuture(IOUtils.java:87)
	at org.apache.ratis.server.raftlog.segmented.SegmentedRaftLogWorker$StateMachineDataPolicy.getFromFuture(SegmentedRaftLogWorker.java:87)
	at org.apache.ratis.server.raftlog.segmented.SegmentedRaftLogWorker$WriteLog.execute(SegmentedRaftLogWorker.java:477)
	at org.apache.ratis.server.raftlog.segmented.SegmentedRaftLogWorker.run(SegmentedRaftLogWorker.java:289)
	at java.lang.Thread.run(Thread.java:748)
Caused by: java.util.concurrent.TimeoutException
	at java.util.concurrent.CompletableFuture.timedGet(CompletableFuture.java:1771)
	at java.util.concurrent.CompletableFuture.get(CompletableFuture.java:1915)
	at org.apache.ratis.util.IOUtils.getFromFuture(IOUtils.java:79)
	... 4 more
2019-09-10 19:05:00,121 [0b57ef76-c121-46fb-9637-94024daca647@group-F957B9D63A79-SegmentedRaftLogWorker] WARN  segmented.SegmentedRaftLogWorker (SegmentedRaftLogWorker.java:getFromFuture(90)) - Timeout 7/~
org.apache.ratis.protocol.TimeoutIOException: Timeout 10s: WriteLog:16: (t:1, i:16), STATEMACHINELOGENTRY, client-3004A9070B8E, cid=143-writeStateMachineData
	at org.apache.ratis.util.IOUtils.getFromFuture(IOUtils.java:87)
	at org.apache.ratis.server.raftlog.segmented.SegmentedRaftLogWorker$StateMachineDataPolicy.getFromFuture(SegmentedRaftLogWorker.java:87)
	at org.apache.ratis.server.raftlog.segmented.SegmentedRaftLogWorker$WriteLog.execute(SegmentedRaftLogWorker.java:477)
	at org.apache.ratis.server.raftlog.segmented.SegmentedRaftLogWorker.run(SegmentedRaftLogWorker.java:289)
	at java.lang.Thread.run(Thread.java:748)
Caused by: java.util.concurrent.TimeoutException
	at java.util.concurrent.CompletableFuture.timedGet(CompletableFuture.java:1771)
	at java.util.concurrent.CompletableFuture.get(CompletableFuture.java:1915)
	at org.apache.ratis.util.IOUtils.getFromFuture(IOUtils.java:79)
	... 4 more
2019-09-10 19:05:00,121 [8e2eaa3a-398a-46ef-9472-b716e4b01ba0@group-F957B9D63A79-SegmentedRaftLogWorker] WARN  segmented.SegmentedRaftLogWorker (SegmentedRaftLogWorker.java:getFromFuture(90)) - Timeout 7/~
org.apache.ratis.protocol.TimeoutIOException: Timeout 10s: WriteLog:14: (t:1, i:14), STATEMACHINELOGENTRY, client-3004A9070B8E, cid=141-writeStateMachineData
	at org.apache.ratis.util.IOUtils.getFromFuture(IOUtils.java:87)
	at org.apache.ratis.server.raftlog.segmented.SegmentedRaftLogWorker$StateMachineDataPolicy.getFromFuture(SegmentedRaftLogWorker.java:87)
	at org.apache.ratis.server.raftlog.segmented.SegmentedRaftLogWorker$WriteLog.execute(SegmentedRaftLogWorker.java:477)
	at org.apache.ratis.server.raftlog.segmented.SegmentedRaftLogWorker.run(SegmentedRaftLogWorker.java:289)
	at java.lang.Thread.run(Thread.java:748)
Caused by: java.util.concurrent.TimeoutException
	at java.util.concurrent.CompletableFuture.timedGet(CompletableFuture.java:1771)
	at java.util.concurrent.CompletableFuture.get(CompletableFuture.java:1915)
	at org.apache.ratis.util.IOUtils.getFromFuture(IOUtils.java:79)
	... 4 more
2019-09-10 19:05:00,381 [java.util.concurrent.ThreadPoolExecutor$Worker@3835934d[State = -1, empty queue]] WARN  server.GrpcLogAppender (GrpcLogAppender.java:timeoutAppendRequest(200)) - 0721d391-9877-4bc5-9778-84bb7e49252a@group-F957B9D63A79->8e2eaa3a-398a-46ef-9472-b716e4b01ba0-GrpcLogAppender: appendEntries Timeout, request=0721d391-9877-4bc5-9778-84bb7e49252a->8e2eaa3a-398a-46ef-9472-b716e4b01ba0#122-t1, previous=(t:1, i:18), leaderCommit=12, initializing? false, entries: <empty>
2019-09-10 19:05:00,382 [java.util.concurrent.ThreadPoolExecutor$Worker@44ea9f2[State = -1, empty queue]] WARN  server.GrpcLogAppender (GrpcLogAppender.java:timeoutAppendRequest(200)) - 0721d391-9877-4bc5-9778-84bb7e49252a@group-F957B9D63A79->0b57ef76-c121-46fb-9637-94024daca647-GrpcLogAppender: appendEntries Timeout, request=0721d391-9877-4bc5-9778-84bb7e49252a->0b57ef76-c121-46fb-9637-94024daca647#122-t1, previous=(t:1, i:18), leaderCommit=12, initializing? false, entries: <empty>
2019-09-10 19:05:00,514 [grpc-default-executor-10] INFO  client.GrpcClientProtocolClient (GrpcClientProtocolClient.java:onNext(264)) - client-3004A9070B8E->0b57ef76-c121-46fb-9637-94024daca647: receive RaftClientReply:client-3004A9070B8E->0b57ef76-c121-46fb-9637-94024daca647@group-F957B9D63A79, cid=140, FAILED org.apache.ratis.protocol.NotLeaderException: Server 0b57ef76-c121-46fb-9637-94024daca647@group-F957B9D63A79 is not the leader 0721d391-9877-4bc5-9778-84bb7e49252a:192.168.36.113:44025, logIndex=0, commits[0b57ef76-c121-46fb-9637-94024daca647:c12, 0721d391-9877-4bc5-9778-84bb7e49252a:c12, 8e2eaa3a-398a-46ef-9472-b716e4b01ba0:c7]
2019-09-10 19:05:02,882 [java.util.concurrent.ThreadPoolExecutor$Worker@44ea9f2[State = -1, empty queue]] WARN  server.GrpcLogAppender (GrpcLogAppender.java:timeoutAppendRequest(200)) - 0721d391-9877-4bc5-9778-84bb7e49252a@group-F957B9D63A79->0b57ef76-c121-46fb-9637-94024daca647-GrpcLogAppender: appendEntries Timeout, request=0721d391-9877-4bc5-9778-84bb7e49252a->0b57ef76-c121-46fb-9637-94024daca647#123-t1, previous=(t:1, i:18), leaderCommit=12, initializing? false, entries: <empty>
2019-09-10 19:05:02,882 [java.util.concurrent.ThreadPoolExecutor$Worker@3835934d[State = -1, empty queue]] WARN  server.GrpcLogAppender (GrpcLogAppender.java:timeoutAppendRequest(200)) - 0721d391-9877-4bc5-9778-84bb7e49252a@group-F957B9D63A79->8e2eaa3a-398a-46ef-9472-b716e4b01ba0-GrpcLogAppender: appendEntries Timeout, request=0721d391-9877-4bc5-9778-84bb7e49252a->8e2eaa3a-398a-46ef-9472-b716e4b01ba0#123-t1, previous=(t:1, i:18), leaderCommit=12, initializing? false, entries: <empty>
2019-09-10 19:05:05,382 [java.util.concurrent.ThreadPoolExecutor$Worker@3835934d[State = -1, empty queue]] WARN  server.GrpcLogAppender (GrpcLogAppender.java:timeoutAppendRequest(200)) - 0721d391-9877-4bc5-9778-84bb7e49252a@group-F957B9D63A79->8e2eaa3a-398a-46ef-9472-b716e4b01ba0-GrpcLogAppender: appendEntries Timeout, request=0721d391-9877-4bc5-9778-84bb7e49252a->8e2eaa3a-398a-46ef-9472-b716e4b01ba0#124-t1, previous=(t:1, i:18), leaderCommit=12, initializing? false, entries: <empty>
2019-09-10 19:05:05,382 [java.util.concurrent.ThreadPoolExecutor$Worker@44ea9f2[State = -1, empty queue]] WARN  server.GrpcLogAppender (GrpcLogAppender.java:timeoutAppendRequest(200)) - 0721d391-9877-4bc5-9778-84bb7e49252a@group-F957B9D63A79->0b57ef76-c121-46fb-9637-94024daca647-GrpcLogAppender: appendEntries Timeout, request=0721d391-9877-4bc5-9778-84bb7e49252a->0b57ef76-c121-46fb-9637-94024daca647#124-t1, previous=(t:1, i:18), leaderCommit=12, initializing? false, entries: <empty>
2019-09-10 19:05:05,583 [grpc-default-executor-6] INFO  client.GrpcClientProtocolClient (GrpcClientProtocolClient.java:onNext(264)) - client-3004A9070B8E->0b57ef76-c121-46fb-9637-94024daca647: receive RaftClientReply:client-3004A9070B8E->0b57ef76-c121-46fb-9637-94024daca647@group-F957B9D63A79, cid=140, FAILED org.apache.ratis.protocol.NotLeaderException: Server 0b57ef76-c121-46fb-9637-94024daca647@group-F957B9D63A79 is not the leader 0721d391-9877-4bc5-9778-84bb7e49252a:192.168.36.113:44025, logIndex=0, commits[0b57ef76-c121-46fb-9637-94024daca647:c12, 0721d391-9877-4bc5-9778-84bb7e49252a:c12, 8e2eaa3a-398a-46ef-9472-b716e4b01ba0:c7]
2019-09-10 19:05:07,883 [java.util.concurrent.ThreadPoolExecutor$Worker@44ea9f2[State = -1, empty queue]] WARN  server.GrpcLogAppender (GrpcLogAppender.java:timeoutAppendRequest(200)) - 0721d391-9877-4bc5-9778-84bb7e49252a@group-F957B9D63A79->0b57ef76-c121-46fb-9637-94024daca647-GrpcLogAppender: appendEntries Timeout, request=0721d391-9877-4bc5-9778-84bb7e49252a->0b57ef76-c121-46fb-9637-94024daca647#125-t1, previous=(t:1, i:18), leaderCommit=12, initializing? false, entries: <empty>
2019-09-10 19:05:07,883 [java.util.concurrent.ThreadPoolExecutor$Worker@3835934d[State = -1, empty queue]] WARN  server.GrpcLogAppender (GrpcLogAppender.java:timeoutAppendRequest(200)) - 0721d391-9877-4bc5-9778-84bb7e49252a@group-F957B9D63A79->8e2eaa3a-398a-46ef-9472-b716e4b01ba0-GrpcLogAppender: appendEntries Timeout, request=0721d391-9877-4bc5-9778-84bb7e49252a->8e2eaa3a-398a-46ef-9472-b716e4b01ba0#125-t1, previous=(t:1, i:18), leaderCommit=12, initializing? false, entries: <empty>
2019-09-10 19:05:09,874 [0721d391-9877-4bc5-9778-84bb7e49252a@group-F957B9D63A79-SegmentedRaftLogWorker] WARN  segmented.SegmentedRaftLogWorker (SegmentedRaftLogWorker.java:getFromFuture(90)) - Timeout 8/~
org.apache.ratis.protocol.TimeoutIOException: Timeout 10s: WriteLog:13: (t:1, i:13), STATEMACHINELOGENTRY, client-3004A9070B8E, cid=140-writeStateMachineData
	at org.apache.ratis.util.IOUtils.getFromFuture(IOUtils.java:87)
	at org.apache.ratis.server.raftlog.segmented.SegmentedRaftLogWorker$StateMachineDataPolicy.getFromFuture(SegmentedRaftLogWorker.java:87)
	at org.apache.ratis.server.raftlog.segmented.SegmentedRaftLogWorker$WriteLog.execute(SegmentedRaftLogWorker.java:477)
	at org.apache.ratis.server.raftlog.segmented.SegmentedRaftLogWorker.run(SegmentedRaftLogWorker.java:289)
	at java.lang.Thread.run(Thread.java:748)
Caused by: java.util.concurrent.TimeoutException
	at java.util.concurrent.CompletableFuture.timedGet(CompletableFuture.java:1771)
	at java.util.concurrent.CompletableFuture.get(CompletableFuture.java:1915)
	at org.apache.ratis.util.IOUtils.getFromFuture(IOUtils.java:79)
	... 4 more
2019-09-10 19:05:10,122 [0b57ef76-c121-46fb-9637-94024daca647@group-F957B9D63A79-SegmentedRaftLogWorker] WARN  segmented.SegmentedRaftLogWorker (SegmentedRaftLogWorker.java:getFromFuture(90)) - Timeout 8/~
org.apache.ratis.protocol.TimeoutIOException: Timeout 10s: WriteLog:16: (t:1, i:16), STATEMACHINELOGENTRY, client-3004A9070B8E, cid=143-writeStateMachineData
	at org.apache.ratis.util.IOUtils.getFromFuture(IOUtils.java:87)
	at org.apache.ratis.server.raftlog.segmented.SegmentedRaftLogWorker$StateMachineDataPolicy.getFromFuture(SegmentedRaftLogWorker.java:87)
	at org.apache.ratis.server.raftlog.segmented.SegmentedRaftLogWorker$WriteLog.execute(SegmentedRaftLogWorker.java:477)
	at org.apache.ratis.server.raftlog.segmented.SegmentedRaftLogWorker.run(SegmentedRaftLogWorker.java:289)
	at java.lang.Thread.run(Thread.java:748)
Caused by: java.util.concurrent.TimeoutException
	at java.util.concurrent.CompletableFuture.timedGet(CompletableFuture.java:1771)
	at java.util.concurrent.CompletableFuture.get(CompletableFuture.java:1915)
	at org.apache.ratis.util.IOUtils.getFromFuture(IOUtils.java:79)
	... 4 more
2019-09-10 19:05:10,122 [8e2eaa3a-398a-46ef-9472-b716e4b01ba0@group-F957B9D63A79-SegmentedRaftLogWorker] WARN  segmented.SegmentedRaftLogWorker (SegmentedRaftLogWorker.java:getFromFuture(90)) - Timeout 8/~
org.apache.ratis.protocol.TimeoutIOException: Timeout 10s: WriteLog:14: (t:1, i:14), STATEMACHINELOGENTRY, client-3004A9070B8E, cid=141-writeStateMachineData
	at org.apache.ratis.util.IOUtils.getFromFuture(IOUtils.java:87)
	at org.apache.ratis.server.raftlog.segmented.SegmentedRaftLogWorker$StateMachineDataPolicy.getFromFuture(SegmentedRaftLogWorker.java:87)
	at org.apache.ratis.server.raftlog.segmented.SegmentedRaftLogWorker$WriteLog.execute(SegmentedRaftLogWorker.java:477)
	at org.apache.ratis.server.raftlog.segmented.SegmentedRaftLogWorker.run(SegmentedRaftLogWorker.java:289)
	at java.lang.Thread.run(Thread.java:748)
Caused by: java.util.concurrent.TimeoutException
	at java.util.concurrent.CompletableFuture.timedGet(CompletableFuture.java:1771)
	at java.util.concurrent.CompletableFuture.get(CompletableFuture.java:1915)
	at org.apache.ratis.util.IOUtils.getFromFuture(IOUtils.java:79)
	... 4 more
2019-09-10 19:05:10,384 [java.util.concurrent.ThreadPoolExecutor$Worker@3835934d[State = -1, empty queue]] WARN  server.GrpcLogAppender (GrpcLogAppender.java:timeoutAppendRequest(200)) - 0721d391-9877-4bc5-9778-84bb7e49252a@group-F957B9D63A79->8e2eaa3a-398a-46ef-9472-b716e4b01ba0-GrpcLogAppender: appendEntries Timeout, request=0721d391-9877-4bc5-9778-84bb7e49252a->8e2eaa3a-398a-46ef-9472-b716e4b01ba0#126-t1, previous=(t:1, i:18), leaderCommit=12, initializing? false, entries: <empty>
2019-09-10 19:05:10,384 [java.util.concurrent.ThreadPoolExecutor$Worker@44ea9f2[State = -1, empty queue]] WARN  server.GrpcLogAppender (GrpcLogAppender.java:timeoutAppendRequest(200)) - 0721d391-9877-4bc5-9778-84bb7e49252a@group-F957B9D63A79->0b57ef76-c121-46fb-9637-94024daca647-GrpcLogAppender: appendEntries Timeout, request=0721d391-9877-4bc5-9778-84bb7e49252a->0b57ef76-c121-46fb-9637-94024daca647#126-t1, previous=(t:1, i:18), leaderCommit=12, initializing? false, entries: <empty>
2019-09-10 19:05:10,655 [grpc-default-executor-10] INFO  client.GrpcClientProtocolClient (GrpcClientProtocolClient.java:onNext(264)) - client-3004A9070B8E->0b57ef76-c121-46fb-9637-94024daca647: receive RaftClientReply:client-3004A9070B8E->0b57ef76-c121-46fb-9637-94024daca647@group-F957B9D63A79, cid=140, FAILED org.apache.ratis.protocol.NotLeaderException: Server 0b57ef76-c121-46fb-9637-94024daca647@group-F957B9D63A79 is not the leader 0721d391-9877-4bc5-9778-84bb7e49252a:192.168.36.113:44025, logIndex=0, commits[0b57ef76-c121-46fb-9637-94024daca647:c12, 0721d391-9877-4bc5-9778-84bb7e49252a:c12, 8e2eaa3a-398a-46ef-9472-b716e4b01ba0:c7]
2019-09-10 19:05:12,884 [java.util.concurrent.ThreadPoolExecutor$Worker@3835934d[State = -1, empty queue]] WARN  server.GrpcLogAppender (GrpcLogAppender.java:timeoutAppendRequest(200)) - 0721d391-9877-4bc5-9778-84bb7e49252a@group-F957B9D63A79->8e2eaa3a-398a-46ef-9472-b716e4b01ba0-GrpcLogAppender: appendEntries Timeout, request=0721d391-9877-4bc5-9778-84bb7e49252a->8e2eaa3a-398a-46ef-9472-b716e4b01ba0#127-t1, previous=(t:1, i:18), leaderCommit=12, initializing? false, entries: <empty>
2019-09-10 19:05:12,884 [java.util.concurrent.ThreadPoolExecutor$Worker@44ea9f2[State = -1, empty queue]] WARN  server.GrpcLogAppender (GrpcLogAppender.java:timeoutAppendRequest(200)) - 0721d391-9877-4bc5-9778-84bb7e49252a@group-F957B9D63A79->0b57ef76-c121-46fb-9637-94024daca647-GrpcLogAppender: appendEntries Timeout, request=0721d391-9877-4bc5-9778-84bb7e49252a->0b57ef76-c121-46fb-9637-94024daca647#127-t1, previous=(t:1, i:18), leaderCommit=12, initializing? false, entries: <empty>
2019-09-10 19:05:15,384 [java.util.concurrent.ThreadPoolExecutor$Worker@3835934d[State = -1, empty queue]] WARN  server.GrpcLogAppender (GrpcLogAppender.java:timeoutAppendRequest(200)) - 0721d391-9877-4bc5-9778-84bb7e49252a@group-F957B9D63A79->8e2eaa3a-398a-46ef-9472-b716e4b01ba0-GrpcLogAppender: appendEntries Timeout, request=0721d391-9877-4bc5-9778-84bb7e49252a->8e2eaa3a-398a-46ef-9472-b716e4b01ba0#128-t1, previous=(t:1, i:18), leaderCommit=12, initializing? false, entries: <empty>
2019-09-10 19:05:15,384 [java.util.concurrent.ThreadPoolExecutor$Worker@44ea9f2[State = -1, empty queue]] WARN  server.GrpcLogAppender (GrpcLogAppender.java:timeoutAppendRequest(200)) - 0721d391-9877-4bc5-9778-84bb7e49252a@group-F957B9D63A79->0b57ef76-c121-46fb-9637-94024daca647-GrpcLogAppender: appendEntries Timeout, request=0721d391-9877-4bc5-9778-84bb7e49252a->0b57ef76-c121-46fb-9637-94024daca647#128-t1, previous=(t:1, i:18), leaderCommit=12, initializing? false, entries: <empty>
2019-09-10 19:05:15,714 [grpc-default-executor-10] INFO  client.GrpcClientProtocolClient (GrpcClientProtocolClient.java:onNext(264)) - client-3004A9070B8E->8e2eaa3a-398a-46ef-9472-b716e4b01ba0: receive RaftClientReply:client-3004A9070B8E->8e2eaa3a-398a-46ef-9472-b716e4b01ba0@group-F957B9D63A79, cid=140, FAILED org.apache.ratis.protocol.NotLeaderException: Server 8e2eaa3a-398a-46ef-9472-b716e4b01ba0@group-F957B9D63A79 is not the leader 0721d391-9877-4bc5-9778-84bb7e49252a:192.168.36.113:44025, logIndex=0, commits[8e2eaa3a-398a-46ef-9472-b716e4b01ba0:c12, 0b57ef76-c121-46fb-9637-94024daca647:c7, 0721d391-9877-4bc5-9778-84bb7e49252a:c12]
2019-09-10 19:05:17,885 [java.util.concurrent.ThreadPoolExecutor$Worker@44ea9f2[State = -1, empty queue]] WARN  server.GrpcLogAppender (GrpcLogAppender.java:timeoutAppendRequest(200)) - 0721d391-9877-4bc5-9778-84bb7e49252a@group-F957B9D63A79->0b57ef76-c121-46fb-9637-94024daca647-GrpcLogAppender: appendEntries Timeout, request=0721d391-9877-4bc5-9778-84bb7e49252a->0b57ef76-c121-46fb-9637-94024daca647#129-t1, previous=(t:1, i:18), leaderCommit=12, initializing? false, entries: <empty>
2019-09-10 19:05:17,885 [java.util.concurrent.ThreadPoolExecutor$Worker@3835934d[State = -1, empty queue]] WARN  server.GrpcLogAppender (GrpcLogAppender.java:timeoutAppendRequest(200)) - 0721d391-9877-4bc5-9778-84bb7e49252a@group-F957B9D63A79->8e2eaa3a-398a-46ef-9472-b716e4b01ba0-GrpcLogAppender: appendEntries Timeout, request=0721d391-9877-4bc5-9778-84bb7e49252a->8e2eaa3a-398a-46ef-9472-b716e4b01ba0#129-t1, previous=(t:1, i:18), leaderCommit=12, initializing? false, entries: <empty>
2019-09-10 19:05:19,875 [0721d391-9877-4bc5-9778-84bb7e49252a@group-F957B9D63A79-SegmentedRaftLogWorker] WARN  segmented.SegmentedRaftLogWorker (SegmentedRaftLogWorker.java:getFromFuture(90)) - Timeout 9/~
org.apache.ratis.protocol.TimeoutIOException: Timeout 10s: WriteLog:13: (t:1, i:13), STATEMACHINELOGENTRY, client-3004A9070B8E, cid=140-writeStateMachineData
	at org.apache.ratis.util.IOUtils.getFromFuture(IOUtils.java:87)
	at org.apache.ratis.server.raftlog.segmented.SegmentedRaftLogWorker$StateMachineDataPolicy.getFromFuture(SegmentedRaftLogWorker.java:87)
	at org.apache.ratis.server.raftlog.segmented.SegmentedRaftLogWorker$WriteLog.execute(SegmentedRaftLogWorker.java:477)
	at org.apache.ratis.server.raftlog.segmented.SegmentedRaftLogWorker.run(SegmentedRaftLogWorker.java:289)
	at java.lang.Thread.run(Thread.java:748)
Caused by: java.util.concurrent.TimeoutException
	at java.util.concurrent.CompletableFuture.timedGet(CompletableFuture.java:1771)
	at java.util.concurrent.CompletableFuture.get(CompletableFuture.java:1915)
	at org.apache.ratis.util.IOUtils.getFromFuture(IOUtils.java:79)
	... 4 more
2019-09-10 19:05:20,122 [0b57ef76-c121-46fb-9637-94024daca647@group-F957B9D63A79-SegmentedRaftLogWorker] WARN  segmented.SegmentedRaftLogWorker (SegmentedRaftLogWorker.java:getFromFuture(90)) - Timeout 9/~
org.apache.ratis.protocol.TimeoutIOException: Timeout 10s: WriteLog:16: (t:1, i:16), STATEMACHINELOGENTRY, client-3004A9070B8E, cid=143-writeStateMachineData
	at org.apache.ratis.util.IOUtils.getFromFuture(IOUtils.java:87)
	at org.apache.ratis.server.raftlog.segmented.SegmentedRaftLogWorker$StateMachineDataPolicy.getFromFuture(SegmentedRaftLogWorker.java:87)
	at org.apache.ratis.server.raftlog.segmented.SegmentedRaftLogWorker$WriteLog.execute(SegmentedRaftLogWorker.java:477)
	at org.apache.ratis.server.raftlog.segmented.SegmentedRaftLogWorker.run(SegmentedRaftLogWorker.java:289)
	at java.lang.Thread.run(Thread.java:748)
Caused by: java.util.concurrent.TimeoutException
	at java.util.concurrent.CompletableFuture.timedGet(CompletableFuture.java:1771)
	at java.util.concurrent.CompletableFuture.get(CompletableFuture.java:1915)
	at org.apache.ratis.util.IOUtils.getFromFuture(IOUtils.java:79)
	... 4 more
2019-09-10 19:05:20,123 [8e2eaa3a-398a-46ef-9472-b716e4b01ba0@group-F957B9D63A79-SegmentedRaftLogWorker] WARN  segmented.SegmentedRaftLogWorker (SegmentedRaftLogWorker.java:getFromFuture(90)) - Timeout 9/~
org.apache.ratis.protocol.TimeoutIOException: Timeout 10s: WriteLog:14: (t:1, i:14), STATEMACHINELOGENTRY, client-3004A9070B8E, cid=141-writeStateMachineData
	at org.apache.ratis.util.IOUtils.getFromFuture(IOUtils.java:87)
	at org.apache.ratis.server.raftlog.segmented.SegmentedRaftLogWorker$StateMachineDataPolicy.getFromFuture(SegmentedRaftLogWorker.java:87)
	at org.apache.ratis.server.raftlog.segmented.SegmentedRaftLogWorker$WriteLog.execute(SegmentedRaftLogWorker.java:477)
	at org.apache.ratis.server.raftlog.segmented.SegmentedRaftLogWorker.run(SegmentedRaftLogWorker.java:289)
	at java.lang.Thread.run(Thread.java:748)
Caused by: java.util.concurrent.TimeoutException
	at java.util.concurrent.CompletableFuture.timedGet(CompletableFuture.java:1771)
	at java.util.concurrent.CompletableFuture.get(CompletableFuture.java:1915)
	at org.apache.ratis.util.IOUtils.getFromFuture(IOUtils.java:79)
	... 4 more
2019-09-10 19:05:20,385 [java.util.concurrent.ThreadPoolExecutor$Worker@44ea9f2[State = -1, empty queue]] WARN  server.GrpcLogAppender (GrpcLogAppender.java:timeoutAppendRequest(200)) - 0721d391-9877-4bc5-9778-84bb7e49252a@group-F957B9D63A79->0b57ef76-c121-46fb-9637-94024daca647-GrpcLogAppender: appendEntries Timeout, request=0721d391-9877-4bc5-9778-84bb7e49252a->0b57ef76-c121-46fb-9637-94024daca647#130-t1, previous=(t:1, i:18), leaderCommit=12, initializing? false, entries: <empty>
2019-09-10 19:05:20,385 [java.util.concurrent.ThreadPoolExecutor$Worker@3835934d[State = -1, empty queue]] WARN  server.GrpcLogAppender (GrpcLogAppender.java:timeoutAppendRequest(200)) - 0721d391-9877-4bc5-9778-84bb7e49252a@group-F957B9D63A79->8e2eaa3a-398a-46ef-9472-b716e4b01ba0-GrpcLogAppender: appendEntries Timeout, request=0721d391-9877-4bc5-9778-84bb7e49252a->8e2eaa3a-398a-46ef-9472-b716e4b01ba0#130-t1, previous=(t:1, i:18), leaderCommit=12, initializing? false, entries: <empty>
2019-09-10 19:05:20,766 [grpc-default-executor-10] INFO  client.GrpcClientProtocolClient (GrpcClientProtocolClient.java:onNext(264)) - client-3004A9070B8E->0b57ef76-c121-46fb-9637-94024daca647: receive RaftClientReply:client-3004A9070B8E->0b57ef76-c121-46fb-9637-94024daca647@group-F957B9D63A79, cid=140, FAILED org.apache.ratis.protocol.NotLeaderException: Server 0b57ef76-c121-46fb-9637-94024daca647@group-F957B9D63A79 is not the leader 0721d391-9877-4bc5-9778-84bb7e49252a:192.168.36.113:44025, logIndex=0, commits[0b57ef76-c121-46fb-9637-94024daca647:c12, 0721d391-9877-4bc5-9778-84bb7e49252a:c12, 8e2eaa3a-398a-46ef-9472-b716e4b01ba0:c7]
2019-09-10 19:05:22,885 [java.util.concurrent.ThreadPoolExecutor$Worker@3835934d[State = -1, empty queue]] WARN  server.GrpcLogAppender (GrpcLogAppender.java:timeoutAppendRequest(200)) - 0721d391-9877-4bc5-9778-84bb7e49252a@group-F957B9D63A79->8e2eaa3a-398a-46ef-9472-b716e4b01ba0-GrpcLogAppender: appendEntries Timeout, request=0721d391-9877-4bc5-9778-84bb7e49252a->8e2eaa3a-398a-46ef-9472-b716e4b01ba0#131-t1, previous=(t:1, i:18), leaderCommit=12, initializing? false, entries: <empty>
2019-09-10 19:05:22,885 [java.util.concurrent.ThreadPoolExecutor$Worker@44ea9f2[State = -1, empty queue]] WARN  server.GrpcLogAppender (GrpcLogAppender.java:timeoutAppendRequest(200)) - 0721d391-9877-4bc5-9778-84bb7e49252a@group-F957B9D63A79->0b57ef76-c121-46fb-9637-94024daca647-GrpcLogAppender: appendEntries Timeout, request=0721d391-9877-4bc5-9778-84bb7e49252a->0b57ef76-c121-46fb-9637-94024daca647#131-t1, previous=(t:1, i:18), leaderCommit=12, initializing? false, entries: <empty>
2019-09-10 19:05:25,386 [java.util.concurrent.ThreadPoolExecutor$Worker@44ea9f2[State = -1, empty queue]] WARN  server.GrpcLogAppender (GrpcLogAppender.java:timeoutAppendRequest(200)) - 0721d391-9877-4bc5-9778-84bb7e49252a@group-F957B9D63A79->0b57ef76-c121-46fb-9637-94024daca647-GrpcLogAppender: appendEntries Timeout, request=0721d391-9877-4bc5-9778-84bb7e49252a->0b57ef76-c121-46fb-9637-94024daca647#132-t1, previous=(t:1, i:18), leaderCommit=12, initializing? false, entries: <empty>
2019-09-10 19:05:25,386 [java.util.concurrent.ThreadPoolExecutor$Worker@3835934d[State = -1, empty queue]] WARN  server.GrpcLogAppender (GrpcLogAppender.java:timeoutAppendRequest(200)) - 0721d391-9877-4bc5-9778-84bb7e49252a@group-F957B9D63A79->8e2eaa3a-398a-46ef-9472-b716e4b01ba0-GrpcLogAppender: appendEntries Timeout, request=0721d391-9877-4bc5-9778-84bb7e49252a->8e2eaa3a-398a-46ef-9472-b716e4b01ba0#132-t1, previous=(t:1, i:18), leaderCommit=12, initializing? false, entries: <empty>
2019-09-10 19:05:25,807 [grpc-default-executor-6] INFO  client.GrpcClientProtocolClient (GrpcClientProtocolClient.java:onNext(264)) - client-3004A9070B8E->8e2eaa3a-398a-46ef-9472-b716e4b01ba0: receive RaftClientReply:client-3004A9070B8E->8e2eaa3a-398a-46ef-9472-b716e4b01ba0@group-F957B9D63A79, cid=140, FAILED org.apache.ratis.protocol.NotLeaderException: Server 8e2eaa3a-398a-46ef-9472-b716e4b01ba0@group-F957B9D63A79 is not the leader 0721d391-9877-4bc5-9778-84bb7e49252a:192.168.36.113:44025, logIndex=0, commits[8e2eaa3a-398a-46ef-9472-b716e4b01ba0:c12, 0b57ef76-c121-46fb-9637-94024daca647:c7, 0721d391-9877-4bc5-9778-84bb7e49252a:c12]
2019-09-10 19:05:27,886 [java.util.concurrent.ThreadPoolExecutor$Worker@3835934d[State = -1, empty queue]] WARN  server.GrpcLogAppender (GrpcLogAppender.java:timeoutAppendRequest(200)) - 0721d391-9877-4bc5-9778-84bb7e49252a@group-F957B9D63A79->8e2eaa3a-398a-46ef-9472-b716e4b01ba0-GrpcLogAppender: appendEntries Timeout, request=0721d391-9877-4bc5-9778-84bb7e49252a->8e2eaa3a-398a-46ef-9472-b716e4b01ba0#133-t1, previous=(t:1, i:18), leaderCommit=12, initializing? false, entries: <empty>
2019-09-10 19:05:27,886 [java.util.concurrent.ThreadPoolExecutor$Worker@44ea9f2[State = -1, empty queue]] WARN  server.GrpcLogAppender (GrpcLogAppender.java:timeoutAppendRequest(200)) - 0721d391-9877-4bc5-9778-84bb7e49252a@group-F957B9D63A79->0b57ef76-c121-46fb-9637-94024daca647-GrpcLogAppender: appendEntries Timeout, request=0721d391-9877-4bc5-9778-84bb7e49252a->0b57ef76-c121-46fb-9637-94024daca647#133-t1, previous=(t:1, i:18), leaderCommit=12, initializing? false, entries: <empty>
2019-09-10 19:05:29,877 [0721d391-9877-4bc5-9778-84bb7e49252a@group-F957B9D63A79-SegmentedRaftLogWorker] WARN  segmented.SegmentedRaftLogWorker (SegmentedRaftLogWorker.java:getFromFuture(90)) - Timeout 10/~
org.apache.ratis.protocol.TimeoutIOException: Timeout 10s: WriteLog:13: (t:1, i:13), STATEMACHINELOGENTRY, client-3004A9070B8E, cid=140-writeStateMachineData
	at org.apache.ratis.util.IOUtils.getFromFuture(IOUtils.java:87)
	at org.apache.ratis.server.raftlog.segmented.SegmentedRaftLogWorker$StateMachineDataPolicy.getFromFuture(SegmentedRaftLogWorker.java:87)
	at org.apache.ratis.server.raftlog.segmented.SegmentedRaftLogWorker$WriteLog.execute(SegmentedRaftLogWorker.java:477)
	at org.apache.ratis.server.raftlog.segmented.SegmentedRaftLogWorker.run(SegmentedRaftLogWorker.java:289)
	at java.lang.Thread.run(Thread.java:748)
Caused by: java.util.concurrent.TimeoutException
	at java.util.concurrent.CompletableFuture.timedGet(CompletableFuture.java:1771)
	at java.util.concurrent.CompletableFuture.get(CompletableFuture.java:1915)
	at org.apache.ratis.util.IOUtils.getFromFuture(IOUtils.java:79)
	... 4 more
2019-09-10 19:05:30,123 [0b57ef76-c121-46fb-9637-94024daca647@group-F957B9D63A79-SegmentedRaftLogWorker] WARN  segmented.SegmentedRaftLogWorker (SegmentedRaftLogWorker.java:getFromFuture(90)) - Timeout 10/~
org.apache.ratis.protocol.TimeoutIOException: Timeout 10s: WriteLog:16: (t:1, i:16), STATEMACHINELOGENTRY, client-3004A9070B8E, cid=143-writeStateMachineData
	at org.apache.ratis.util.IOUtils.getFromFuture(IOUtils.java:87)
	at org.apache.ratis.server.raftlog.segmented.SegmentedRaftLogWorker$StateMachineDataPolicy.getFromFuture(SegmentedRaftLogWorker.java:87)
	at org.apache.ratis.server.raftlog.segmented.SegmentedRaftLogWorker$WriteLog.execute(SegmentedRaftLogWorker.java:477)
	at org.apache.ratis.server.raftlog.segmented.SegmentedRaftLogWorker.run(SegmentedRaftLogWorker.java:289)
	at java.lang.Thread.run(Thread.java:748)
Caused by: java.util.concurrent.TimeoutException
	at java.util.concurrent.CompletableFuture.timedGet(CompletableFuture.java:1771)
	at java.util.concurrent.CompletableFuture.get(CompletableFuture.java:1915)
	at org.apache.ratis.util.IOUtils.getFromFuture(IOUtils.java:79)
	... 4 more
2019-09-10 19:05:30,123 [8e2eaa3a-398a-46ef-9472-b716e4b01ba0@group-F957B9D63A79-SegmentedRaftLogWorker] WARN  segmented.SegmentedRaftLogWorker (SegmentedRaftLogWorker.java:getFromFuture(90)) - Timeout 10/~
org.apache.ratis.protocol.TimeoutIOException: Timeout 10s: WriteLog:14: (t:1, i:14), STATEMACHINELOGENTRY, client-3004A9070B8E, cid=141-writeStateMachineData
	at org.apache.ratis.util.IOUtils.getFromFuture(IOUtils.java:87)
	at org.apache.ratis.server.raftlog.segmented.SegmentedRaftLogWorker$StateMachineDataPolicy.getFromFuture(SegmentedRaftLogWorker.java:87)
	at org.apache.ratis.server.raftlog.segmented.SegmentedRaftLogWorker$WriteLog.execute(SegmentedRaftLogWorker.java:477)
	at org.apache.ratis.server.raftlog.segmented.SegmentedRaftLogWorker.run(SegmentedRaftLogWorker.java:289)
	at java.lang.Thread.run(Thread.java:748)
Caused by: java.util.concurrent.TimeoutException
	at java.util.concurrent.CompletableFuture.timedGet(CompletableFuture.java:1771)
	at java.util.concurrent.CompletableFuture.get(CompletableFuture.java:1915)
	at org.apache.ratis.util.IOUtils.getFromFuture(IOUtils.java:79)
	... 4 more
2019-09-10 19:05:30,386 [java.util.concurrent.ThreadPoolExecutor$Worker@3835934d[State = -1, empty queue]] WARN  server.GrpcLogAppender (GrpcLogAppender.java:timeoutAppendRequest(200)) - 0721d391-9877-4bc5-9778-84bb7e49252a@group-F957B9D63A79->8e2eaa3a-398a-46ef-9472-b716e4b01ba0-GrpcLogAppender: appendEntries Timeout, request=0721d391-9877-4bc5-9778-84bb7e49252a->8e2eaa3a-398a-46ef-9472-b716e4b01ba0#134-t1, previous=(t:1, i:18), leaderCommit=12, initializing? false, entries: <empty>
2019-09-10 19:05:30,386 [java.util.concurrent.ThreadPoolExecutor$Worker@44ea9f2[State = -1, empty queue]] WARN  server.GrpcLogAppender (GrpcLogAppender.java:timeoutAppendRequest(200)) - 0721d391-9877-4bc5-9778-84bb7e49252a@group-F957B9D63A79->0b57ef76-c121-46fb-9637-94024daca647-GrpcLogAppender: appendEntries Timeout, request=0721d391-9877-4bc5-9778-84bb7e49252a->0b57ef76-c121-46fb-9637-94024daca647#134-t1, previous=(t:1, i:18), leaderCommit=12, initializing? false, entries: <empty>
2019-09-10 19:05:30,847 [grpc-default-executor-9] INFO  client.GrpcClientProtocolClient (GrpcClientProtocolClient.java:onNext(264)) - client-3004A9070B8E->8e2eaa3a-398a-46ef-9472-b716e4b01ba0: receive RaftClientReply:client-3004A9070B8E->8e2eaa3a-398a-46ef-9472-b716e4b01ba0@group-F957B9D63A79, cid=140, FAILED org.apache.ratis.protocol.NotLeaderException: Server 8e2eaa3a-398a-46ef-9472-b716e4b01ba0@group-F957B9D63A79 is not the leader 0721d391-9877-4bc5-9778-84bb7e49252a:192.168.36.113:44025, logIndex=0, commits[8e2eaa3a-398a-46ef-9472-b716e4b01ba0:c12, 0b57ef76-c121-46fb-9637-94024daca647:c7, 0721d391-9877-4bc5-9778-84bb7e49252a:c12]
2019-09-10 19:05:32,887 [java.util.concurrent.ThreadPoolExecutor$Worker@44ea9f2[State = -1, empty queue]] WARN  server.GrpcLogAppender (GrpcLogAppender.java:timeoutAppendRequest(200)) - 0721d391-9877-4bc5-9778-84bb7e49252a@group-F957B9D63A79->0b57ef76-c121-46fb-9637-94024daca647-GrpcLogAppender: appendEntries Timeout, request=0721d391-9877-4bc5-9778-84bb7e49252a->0b57ef76-c121-46fb-9637-94024daca647#135-t1, previous=(t:1, i:18), leaderCommit=12, initializing? false, entries: <empty>
2019-09-10 19:05:32,887 [java.util.concurrent.ThreadPoolExecutor$Worker@3835934d[State = -1, empty queue]] WARN  server.GrpcLogAppender (GrpcLogAppender.java:timeoutAppendRequest(200)) - 0721d391-9877-4bc5-9778-84bb7e49252a@group-F957B9D63A79->8e2eaa3a-398a-46ef-9472-b716e4b01ba0-GrpcLogAppender: appendEntries Timeout, request=0721d391-9877-4bc5-9778-84bb7e49252a->8e2eaa3a-398a-46ef-9472-b716e4b01ba0#135-t1, previous=(t:1, i:18), leaderCommit=12, initializing? false, entries: <empty>
2019-09-10 19:05:35,387 [java.util.concurrent.ThreadPoolExecutor$Worker@3835934d[State = -1, empty queue]] WARN  server.GrpcLogAppender (GrpcLogAppender.java:timeoutAppendRequest(200)) - 0721d391-9877-4bc5-9778-84bb7e49252a@group-F957B9D63A79->8e2eaa3a-398a-46ef-9472-b716e4b01ba0-GrpcLogAppender: appendEntries Timeout, request=0721d391-9877-4bc5-9778-84bb7e49252a->8e2eaa3a-398a-46ef-9472-b716e4b01ba0#136-t1, previous=(t:1, i:18), leaderCommit=12, initializing? false, entries: <empty>
2019-09-10 19:05:35,387 [java.util.concurrent.ThreadPoolExecutor$Worker@44ea9f2[State = -1, empty queue]] WARN  server.GrpcLogAppender (GrpcLogAppender.java:timeoutAppendRequest(200)) - 0721d391-9877-4bc5-9778-84bb7e49252a@group-F957B9D63A79->0b57ef76-c121-46fb-9637-94024daca647-GrpcLogAppender: appendEntries Timeout, request=0721d391-9877-4bc5-9778-84bb7e49252a->0b57ef76-c121-46fb-9637-94024daca647#136-t1, previous=(t:1, i:18), leaderCommit=12, initializing? false, entries: <empty>
2019-09-10 19:05:35,883 [grpc-default-executor-10] INFO  client.GrpcClientProtocolClient (GrpcClientProtocolClient.java:onNext(264)) - client-3004A9070B8E->0b57ef76-c121-46fb-9637-94024daca647: receive RaftClientReply:client-3004A9070B8E->0b57ef76-c121-46fb-9637-94024daca647@group-F957B9D63A79, cid=140, FAILED org.apache.ratis.protocol.NotLeaderException: Server 0b57ef76-c121-46fb-9637-94024daca647@group-F957B9D63A79 is not the leader 0721d391-9877-4bc5-9778-84bb7e49252a:192.168.36.113:44025, logIndex=0, commits[0b57ef76-c121-46fb-9637-94024daca647:c12, 0721d391-9877-4bc5-9778-84bb7e49252a:c12, 8e2eaa3a-398a-46ef-9472-b716e4b01ba0:c7]
2019-09-10 19:05:37,887 [java.util.concurrent.ThreadPoolExecutor$Worker@3835934d[State = -1, empty queue]] WARN  server.GrpcLogAppender (GrpcLogAppender.java:timeoutAppendRequest(200)) - 0721d391-9877-4bc5-9778-84bb7e49252a@group-F957B9D63A79->8e2eaa3a-398a-46ef-9472-b716e4b01ba0-GrpcLogAppender: appendEntries Timeout, request=0721d391-9877-4bc5-9778-84bb7e49252a->8e2eaa3a-398a-46ef-9472-b716e4b01ba0#137-t1, previous=(t:1, i:18), leaderCommit=12, initializing? false, entries: <empty>
2019-09-10 19:05:37,887 [java.util.concurrent.ThreadPoolExecutor$Worker@44ea9f2[State = -1, empty queue]] WARN  server.GrpcLogAppender (GrpcLogAppender.java:timeoutAppendRequest(200)) - 0721d391-9877-4bc5-9778-84bb7e49252a@group-F957B9D63A79->0b57ef76-c121-46fb-9637-94024daca647-GrpcLogAppender: appendEntries Timeout, request=0721d391-9877-4bc5-9778-84bb7e49252a->0b57ef76-c121-46fb-9637-94024daca647#137-t1, previous=(t:1, i:18), leaderCommit=12, initializing? false, entries: <empty>
2019-09-10 19:05:39,878 [0721d391-9877-4bc5-9778-84bb7e49252a@group-F957B9D63A79-SegmentedRaftLogWorker] WARN  segmented.SegmentedRaftLogWorker (SegmentedRaftLogWorker.java:getFromFuture(90)) - Timeout 11/~
org.apache.ratis.protocol.TimeoutIOException: Timeout 10s: WriteLog:13: (t:1, i:13), STATEMACHINELOGENTRY, client-3004A9070B8E, cid=140-writeStateMachineData
	at org.apache.ratis.util.IOUtils.getFromFuture(IOUtils.java:87)
	at org.apache.ratis.server.raftlog.segmented.SegmentedRaftLogWorker$StateMachineDataPolicy.getFromFuture(SegmentedRaftLogWorker.java:87)
	at org.apache.ratis.server.raftlog.segmented.SegmentedRaftLogWorker$WriteLog.execute(SegmentedRaftLogWorker.java:477)
	at org.apache.ratis.server.raftlog.segmented.SegmentedRaftLogWorker.run(SegmentedRaftLogWorker.java:289)
	at java.lang.Thread.run(Thread.java:748)
Caused by: java.util.concurrent.TimeoutException
	at java.util.concurrent.CompletableFuture.timedGet(CompletableFuture.java:1771)
	at java.util.concurrent.CompletableFuture.get(CompletableFuture.java:1915)
	at org.apache.ratis.util.IOUtils.getFromFuture(IOUtils.java:79)
	... 4 more
2019-09-10 19:05:39,888 [org.apache.ratis.server.impl.LogAppender$AppenderDaemon$$Lambda$505/327848963@65aa0ff8] ERROR ratis.XceiverServerRatis (XceiverServerRatis.java:triggerPipelineClose(568)) - pipeline Action CLOSE  on pipeline PipelineID=f1dc604d-5181-49c0-b613-f957b9d63a79.Reason : 0721d391-9877-4bc5-9778-84bb7e49252a has not seen follower/s 0b57ef76-c121-46fb-9637-94024daca647 for 121138ms 8e2eaa3a-398a-46ef-9472-b716e4b01ba0 for 121138ms
2019-09-10 19:05:39,888 [org.apache.ratis.server.impl.LogAppender$AppenderDaemon$$Lambda$505/327848963@527fbb1b] ERROR ratis.XceiverServerRatis (XceiverServerRatis.java:triggerPipelineClose(568)) - pipeline Action CLOSE  on pipeline PipelineID=f1dc604d-5181-49c0-b613-f957b9d63a79.Reason : 0721d391-9877-4bc5-9778-84bb7e49252a has not seen follower/s 0b57ef76-c121-46fb-9637-94024daca647 for 121138ms 8e2eaa3a-398a-46ef-9472-b716e4b01ba0 for 121138ms
2019-09-10 19:05:40,124 [0b57ef76-c121-46fb-9637-94024daca647@group-F957B9D63A79-SegmentedRaftLogWorker] WARN  segmented.SegmentedRaftLogWorker (SegmentedRaftLogWorker.java:getFromFuture(90)) - Timeout 11/~
org.apache.ratis.protocol.TimeoutIOException: Timeout 10s: WriteLog:16: (t:1, i:16), STATEMACHINELOGENTRY, client-3004A9070B8E, cid=143-writeStateMachineData
	at org.apache.ratis.util.IOUtils.getFromFuture(IOUtils.java:87)
	at org.apache.ratis.server.raftlog.segmented.SegmentedRaftLogWorker$StateMachineDataPolicy.getFromFuture(SegmentedRaftLogWorker.java:87)
	at org.apache.ratis.server.raftlog.segmented.SegmentedRaftLogWorker$WriteLog.execute(SegmentedRaftLogWorker.java:477)
	at org.apache.ratis.server.raftlog.segmented.SegmentedRaftLogWorker.run(SegmentedRaftLogWorker.java:289)
	at java.lang.Thread.run(Thread.java:748)
Caused by: java.util.concurrent.TimeoutException
	at java.util.concurrent.CompletableFuture.timedGet(CompletableFuture.java:1771)
	at java.util.concurrent.CompletableFuture.get(CompletableFuture.java:1915)
	at org.apache.ratis.util.IOUtils.getFromFuture(IOUtils.java:79)
	... 4 more
2019-09-10 19:05:40,124 [8e2eaa3a-398a-46ef-9472-b716e4b01ba0@group-F957B9D63A79-SegmentedRaftLogWorker] WARN  segmented.SegmentedRaftLogWorker (SegmentedRaftLogWorker.java:getFromFuture(90)) - Timeout 11/~
org.apache.ratis.protocol.TimeoutIOException: Timeout 10s: WriteLog:14: (t:1, i:14), STATEMACHINELOGENTRY, client-3004A9070B8E, cid=141-writeStateMachineData
	at org.apache.ratis.util.IOUtils.getFromFuture(IOUtils.java:87)
	at org.apache.ratis.server.raftlog.segmented.SegmentedRaftLogWorker$StateMachineDataPolicy.getFromFuture(SegmentedRaftLogWorker.java:87)
	at org.apache.ratis.server.raftlog.segmented.SegmentedRaftLogWorker$WriteLog.execute(SegmentedRaftLogWorker.java:477)
	at org.apache.ratis.server.raftlog.segmented.SegmentedRaftLogWorker.run(SegmentedRaftLogWorker.java:289)
	at java.lang.Thread.run(Thread.java:748)
Caused by: java.util.concurrent.TimeoutException
	at java.util.concurrent.CompletableFuture.timedGet(CompletableFuture.java:1771)
	at java.util.concurrent.CompletableFuture.get(CompletableFuture.java:1915)
	at org.apache.ratis.util.IOUtils.getFromFuture(IOUtils.java:79)
	... 4 more
2019-09-10 19:05:40,127 [EventQueue-PipelineActionsForPipelineActionHandler] ERROR pipeline.PipelineActionHandler (PipelineActionHandler.java:onMessage(60)) - Received pipeline action CLOSE for Pipeline[ Id: f1dc604d-5181-49c0-b613-f957b9d63a79, Nodes: 0721d391-9877-4bc5-9778-84bb7e49252a{ip: 192.168.36.113, host: pr-hdds-1982-decom-states-gjzbw-1854142291, networkLocation: /default-rack, certSerialId: null}8e2eaa3a-398a-46ef-9472-b716e4b01ba0{ip: 192.168.36.113, host: pr-hdds-1982-decom-states-gjzbw-1854142291, networkLocation: /default-rack, certSerialId: null}0b57ef76-c121-46fb-9637-94024daca647{ip: 192.168.36.113, host: pr-hdds-1982-decom-states-gjzbw-1854142291, networkLocation: /default-rack, certSerialId: null}, Type:RATIS, Factor:THREE, State:OPEN] from datanode 0721d391-9877-4bc5-9778-84bb7e49252a{ip: 192.168.36.113, host: pr-hdds-1982-decom-states-gjzbw-1854142291, networkLocation: /default-rack, certSerialId: null}. Reason : 0721d391-9877-4bc5-9778-84bb7e49252a has not seen follower/s 0b57ef76-c121-46fb-9637-94024daca647 for 121138ms 8e2eaa3a-398a-46ef-9472-b716e4b01ba0 for 121138ms
2019-09-10 19:05:40,127 [EventQueue-PipelineActionsForPipelineActionHandler] INFO  pipeline.SCMPipelineManager (SCMPipelineManager.java:finalizeAndDestroyPipeline(311)) - destroying pipeline:Pipeline[ Id: f1dc604d-5181-49c0-b613-f957b9d63a79, Nodes: 0721d391-9877-4bc5-9778-84bb7e49252a{ip: 192.168.36.113, host: pr-hdds-1982-decom-states-gjzbw-1854142291, networkLocation: /default-rack, certSerialId: null}8e2eaa3a-398a-46ef-9472-b716e4b01ba0{ip: 192.168.36.113, host: pr-hdds-1982-decom-states-gjzbw-1854142291, networkLocation: /default-rack, certSerialId: null}0b57ef76-c121-46fb-9637-94024daca647{ip: 192.168.36.113, host: pr-hdds-1982-decom-states-gjzbw-1854142291, networkLocation: /default-rack, certSerialId: null}, Type:RATIS, Factor:THREE, State:OPEN]
2019-09-10 19:05:40,127 [EventQueue-PipelineActionsForPipelineActionHandler] INFO  pipeline.PipelineStateManager (PipelineStateManager.java:finalizePipeline(123)) - Pipeline Pipeline[ Id: f1dc604d-5181-49c0-b613-f957b9d63a79, Nodes: 0721d391-9877-4bc5-9778-84bb7e49252a{ip: 192.168.36.113, host: pr-hdds-1982-decom-states-gjzbw-1854142291, networkLocation: /default-rack, certSerialId: null}8e2eaa3a-398a-46ef-9472-b716e4b01ba0{ip: 192.168.36.113, host: pr-hdds-1982-decom-states-gjzbw-1854142291, networkLocation: /default-rack, certSerialId: null}0b57ef76-c121-46fb-9637-94024daca647{ip: 192.168.36.113, host: pr-hdds-1982-decom-states-gjzbw-1854142291, networkLocation: /default-rack, certSerialId: null}, Type:RATIS, Factor:THREE, State:CLOSED] moved to CLOSED state
2019-09-10 19:05:40,128 [EventQueue-CloseContainerForCloseContainerEventHandler] INFO  container.CloseContainerEventHandler (CloseContainerEventHandler.java:onMessage(61)) - Close container Event triggered for container : #6
2019-09-10 19:05:40,129 [EventQueue-CloseContainerForCloseContainerEventHandler] INFO  container.CloseContainerEventHandler (CloseContainerEventHandler.java:onMessage(61)) - Close container Event triggered for container : #8
2019-09-10 19:05:40,387 [java.util.concurrent.ThreadPoolExecutor$Worker@3835934d[State = -1, empty queue]] WARN  server.GrpcLogAppender (GrpcLogAppender.java:timeoutAppendRequest(200)) - 0721d391-9877-4bc5-9778-84bb7e49252a@group-F957B9D63A79->8e2eaa3a-398a-46ef-9472-b716e4b01ba0-GrpcLogAppender: appendEntries Timeout, request=0721d391-9877-4bc5-9778-84bb7e49252a->8e2eaa3a-398a-46ef-9472-b716e4b01ba0#138-t1, previous=(t:1, i:18), leaderCommit=12, initializing? false, entries: <empty>
2019-09-10 19:05:40,387 [java.util.concurrent.ThreadPoolExecutor$Worker@44ea9f2[State = -1, empty queue]] WARN  server.GrpcLogAppender (GrpcLogAppender.java:timeoutAppendRequest(200)) - 0721d391-9877-4bc5-9778-84bb7e49252a@group-F957B9D63A79->0b57ef76-c121-46fb-9637-94024daca647-GrpcLogAppender: appendEntries Timeout, request=0721d391-9877-4bc5-9778-84bb7e49252a->0b57ef76-c121-46fb-9637-94024daca647#138-t1, previous=(t:1, i:18), leaderCommit=12, initializing? false, entries: <empty>
2019-09-10 19:05:40,918 [grpc-default-executor-6] INFO  client.GrpcClientProtocolClient (GrpcClientProtocolClient.java:onNext(264)) - client-3004A9070B8E->8e2eaa3a-398a-46ef-9472-b716e4b01ba0: receive RaftClientReply:client-3004A9070B8E->8e2eaa3a-398a-46ef-9472-b716e4b01ba0@group-F957B9D63A79, cid=140, FAILED org.apache.ratis.protocol.NotLeaderException: Server 8e2eaa3a-398a-46ef-9472-b716e4b01ba0@group-F957B9D63A79 is not the leader 0721d391-9877-4bc5-9778-84bb7e49252a:192.168.36.113:44025, logIndex=0, commits[8e2eaa3a-398a-46ef-9472-b716e4b01ba0:c12, 0b57ef76-c121-46fb-9637-94024daca647:c7, 0721d391-9877-4bc5-9778-84bb7e49252a:c12]
2019-09-10 19:05:40,930 [grpc-default-worker-ELG-3-3] WARN  nio.NioEventLoop (NioEventLoop.java:select(786)) - Selector.select() returned prematurely {} times in a row; rebuilding Selector {}.
2019-09-10 19:05:40,931 [grpc-default-worker-ELG-3-3] INFO  nio.NioEventLoop (NioEventLoop.java:rebuildSelector0(396)) - Migrated 5 channel(s) to the new Selector.
2019-09-10 19:05:42,388 [org.apache.ratis.server.impl.LogAppender$AppenderDaemon$$Lambda$505/327848963@527fbb1b] ERROR ratis.XceiverServerRatis (XceiverServerRatis.java:triggerPipelineClose(568)) - pipeline Action CLOSE  on pipeline PipelineID=f1dc604d-5181-49c0-b613-f957b9d63a79.Reason : 0721d391-9877-4bc5-9778-84bb7e49252a has not seen follower/s 0b57ef76-c121-46fb-9637-94024daca647 for 123638ms 8e2eaa3a-398a-46ef-9472-b716e4b01ba0 for 123638ms
2019-09-10 19:05:42,388 [org.apache.ratis.server.impl.LogAppender$AppenderDaemon$$Lambda$505/327848963@65aa0ff8] ERROR ratis.XceiverServerRatis (XceiverServerRatis.java:triggerPipelineClose(568)) - pipeline Action CLOSE  on pipeline PipelineID=f1dc604d-5181-49c0-b613-f957b9d63a79.Reason : 0721d391-9877-4bc5-9778-84bb7e49252a has not seen follower/s 0b57ef76-c121-46fb-9637-94024daca647 for 123638ms 8e2eaa3a-398a-46ef-9472-b716e4b01ba0 for 123638ms
2019-09-10 19:05:42,888 [java.util.concurrent.ThreadPoolExecutor$Worker@3835934d[State = -1, empty queue]] WARN  server.GrpcLogAppender (GrpcLogAppender.java:timeoutAppendRequest(200)) - 0721d391-9877-4bc5-9778-84bb7e49252a@group-F957B9D63A79->8e2eaa3a-398a-46ef-9472-b716e4b01ba0-GrpcLogAppender: appendEntries Timeout, request=0721d391-9877-4bc5-9778-84bb7e49252a->8e2eaa3a-398a-46ef-9472-b716e4b01ba0#139-t1, previous=(t:1, i:18), leaderCommit=12, initializing? false, entries: <empty>
2019-09-10 19:05:42,888 [java.util.concurrent.ThreadPoolExecutor$Worker@44ea9f2[State = -1, empty queue]] WARN  server.GrpcLogAppender (GrpcLogAppender.java:timeoutAppendRequest(200)) - 0721d391-9877-4bc5-9778-84bb7e49252a@group-F957B9D63A79->0b57ef76-c121-46fb-9637-94024daca647-GrpcLogAppender: appendEntries Timeout, request=0721d391-9877-4bc5-9778-84bb7e49252a->0b57ef76-c121-46fb-9637-94024daca647#139-t1, previous=(t:1, i:18), leaderCommit=12, initializing? false, entries: <empty>
2019-09-10 19:05:43,126 [EventQueue-PipelineActionsForPipelineActionHandler] ERROR pipeline.PipelineActionHandler (PipelineActionHandler.java:onMessage(60)) - Received pipeline action CLOSE for Pipeline[ Id: f1dc604d-5181-49c0-b613-f957b9d63a79, Nodes: 0721d391-9877-4bc5-9778-84bb7e49252a{ip: 192.168.36.113, host: pr-hdds-1982-decom-states-gjzbw-1854142291, networkLocation: /default-rack, certSerialId: null}8e2eaa3a-398a-46ef-9472-b716e4b01ba0{ip: 192.168.36.113, host: pr-hdds-1982-decom-states-gjzbw-1854142291, networkLocation: /default-rack, certSerialId: null}0b57ef76-c121-46fb-9637-94024daca647{ip: 192.168.36.113, host: pr-hdds-1982-decom-states-gjzbw-1854142291, networkLocation: /default-rack, certSerialId: null}, Type:RATIS, Factor:THREE, State:CLOSED] from datanode 0721d391-9877-4bc5-9778-84bb7e49252a{ip: 192.168.36.113, host: pr-hdds-1982-decom-states-gjzbw-1854142291, networkLocation: /default-rack, certSerialId: null}. Reason : 0721d391-9877-4bc5-9778-84bb7e49252a has not seen follower/s 0b57ef76-c121-46fb-9637-94024daca647 for 123638ms 8e2eaa3a-398a-46ef-9472-b716e4b01ba0 for 123638ms
2019-09-10 19:05:43,127 [EventQueue-PipelineActionsForPipelineActionHandler] INFO  pipeline.SCMPipelineManager (SCMPipelineManager.java:finalizeAndDestroyPipeline(311)) - destroying pipeline:Pipeline[ Id: f1dc604d-5181-49c0-b613-f957b9d63a79, Nodes: 0721d391-9877-4bc5-9778-84bb7e49252a{ip: 192.168.36.113, host: pr-hdds-1982-decom-states-gjzbw-1854142291, networkLocation: /default-rack, certSerialId: null}8e2eaa3a-398a-46ef-9472-b716e4b01ba0{ip: 192.168.36.113, host: pr-hdds-1982-decom-states-gjzbw-1854142291, networkLocation: /default-rack, certSerialId: null}0b57ef76-c121-46fb-9637-94024daca647{ip: 192.168.36.113, host: pr-hdds-1982-decom-states-gjzbw-1854142291, networkLocation: /default-rack, certSerialId: null}, Type:RATIS, Factor:THREE, State:CLOSED]
2019-09-10 19:05:43,157 [org.apache.ratis.server.impl.LogAppender$AppenderDaemon$$Lambda$505/327848963@527fbb1b] ERROR ratis.XceiverServerRatis (XceiverServerRatis.java:triggerPipelineClose(568)) - pipeline Action CLOSE  on pipeline PipelineID=f1dc604d-5181-49c0-b613-f957b9d63a79.Reason : 0721d391-9877-4bc5-9778-84bb7e49252a has not seen follower/s 0b57ef76-c121-46fb-9637-94024daca647 for 124407ms 8e2eaa3a-398a-46ef-9472-b716e4b01ba0 for 124407ms
2019-09-10 19:05:43,157 [org.apache.ratis.server.impl.LogAppender$AppenderDaemon$$Lambda$505/327848963@65aa0ff8] ERROR ratis.XceiverServerRatis (XceiverServerRatis.java:triggerPipelineClose(568)) - pipeline Action CLOSE  on pipeline PipelineID=f1dc604d-5181-49c0-b613-f957b9d63a79.Reason : 0721d391-9877-4bc5-9778-84bb7e49252a has not seen follower/s 0b57ef76-c121-46fb-9637-94024daca647 for 124407ms 8e2eaa3a-398a-46ef-9472-b716e4b01ba0 for 124407ms
2019-09-10 19:05:44,157 [EventQueue-PipelineActionsForPipelineActionHandler] ERROR pipeline.PipelineActionHandler (PipelineActionHandler.java:onMessage(60)) - Received pipeline action CLOSE for Pipeline[ Id: f1dc604d-5181-49c0-b613-f957b9d63a79, Nodes: 0721d391-9877-4bc5-9778-84bb7e49252a{ip: 192.168.36.113, host: pr-hdds-1982-decom-states-gjzbw-1854142291, networkLocation: /default-rack, certSerialId: null}8e2eaa3a-398a-46ef-9472-b716e4b01ba0{ip: 192.168.36.113, host: pr-hdds-1982-decom-states-gjzbw-1854142291, networkLocation: /default-rack, certSerialId: null}0b57ef76-c121-46fb-9637-94024daca647{ip: 192.168.36.113, host: pr-hdds-1982-decom-states-gjzbw-1854142291, networkLocation: /default-rack, certSerialId: null}, Type:RATIS, Factor:THREE, State:CLOSED] from datanode 0721d391-9877-4bc5-9778-84bb7e49252a{ip: 192.168.36.113, host: pr-hdds-1982-decom-states-gjzbw-1854142291, networkLocation: /default-rack, certSerialId: null}. Reason : 0721d391-9877-4bc5-9778-84bb7e49252a has not seen follower/s 0b57ef76-c121-46fb-9637-94024daca647 for 124407ms 8e2eaa3a-398a-46ef-9472-b716e4b01ba0 for 124407ms
2019-09-10 19:05:44,157 [EventQueue-PipelineActionsForPipelineActionHandler] INFO  pipeline.SCMPipelineManager (SCMPipelineManager.java:finalizeAndDestroyPipeline(311)) - destroying pipeline:Pipeline[ Id: f1dc604d-5181-49c0-b613-f957b9d63a79, Nodes: 0721d391-9877-4bc5-9778-84bb7e49252a{ip: 192.168.36.113, host: pr-hdds-1982-decom-states-gjzbw-1854142291, networkLocation: /default-rack, certSerialId: null}8e2eaa3a-398a-46ef-9472-b716e4b01ba0{ip: 192.168.36.113, host: pr-hdds-1982-decom-states-gjzbw-1854142291, networkLocation: /default-rack, certSerialId: null}0b57ef76-c121-46fb-9637-94024daca647{ip: 192.168.36.113, host: pr-hdds-1982-decom-states-gjzbw-1854142291, networkLocation: /default-rack, certSerialId: null}, Type:RATIS, Factor:THREE, State:CLOSED]
2019-09-10 19:05:45,388 [java.util.concurrent.ThreadPoolExecutor$Worker@3835934d[State = -1, empty queue]] WARN  server.GrpcLogAppender (GrpcLogAppender.java:timeoutAppendRequest(200)) - 0721d391-9877-4bc5-9778-84bb7e49252a@group-F957B9D63A79->8e2eaa3a-398a-46ef-9472-b716e4b01ba0-GrpcLogAppender: appendEntries Timeout, request=0721d391-9877-4bc5-9778-84bb7e49252a->8e2eaa3a-398a-46ef-9472-b716e4b01ba0#140-t1, previous=(t:1, i:18), leaderCommit=12, initializing? false, entries: <empty>
2019-09-10 19:05:45,388 [java.util.concurrent.ThreadPoolExecutor$Worker@44ea9f2[State = -1, empty queue]] WARN  server.GrpcLogAppender (GrpcLogAppender.java:timeoutAppendRequest(200)) - 0721d391-9877-4bc5-9778-84bb7e49252a@group-F957B9D63A79->0b57ef76-c121-46fb-9637-94024daca647-GrpcLogAppender: appendEntries Timeout, request=0721d391-9877-4bc5-9778-84bb7e49252a->0b57ef76-c121-46fb-9637-94024daca647#140-t1, previous=(t:1, i:18), leaderCommit=12, initializing? false, entries: <empty>
2019-09-10 19:05:45,658 [org.apache.ratis.server.impl.LogAppender$AppenderDaemon$$Lambda$505/327848963@65aa0ff8] ERROR ratis.XceiverServerRatis (XceiverServerRatis.java:triggerPipelineClose(568)) - pipeline Action CLOSE  on pipeline PipelineID=f1dc604d-5181-49c0-b613-f957b9d63a79.Reason : 0721d391-9877-4bc5-9778-84bb7e49252a has not seen follower/s 0b57ef76-c121-46fb-9637-94024daca647 for 126908ms 8e2eaa3a-398a-46ef-9472-b716e4b01ba0 for 126908ms
2019-09-10 19:05:45,658 [org.apache.ratis.server.impl.LogAppender$AppenderDaemon$$Lambda$505/327848963@527fbb1b] ERROR ratis.XceiverServerRatis (XceiverServerRatis.java:triggerPipelineClose(568)) - pipeline Action CLOSE  on pipeline PipelineID=f1dc604d-5181-49c0-b613-f957b9d63a79.Reason : 0721d391-9877-4bc5-9778-84bb7e49252a has not seen follower/s 0b57ef76-c121-46fb-9637-94024daca647 for 126908ms 8e2eaa3a-398a-46ef-9472-b716e4b01ba0 for 126908ms
2019-09-10 19:05:45,950 [grpc-default-executor-10] INFO  client.GrpcClientProtocolClient (GrpcClientProtocolClient.java:onNext(264)) - client-3004A9070B8E->8e2eaa3a-398a-46ef-9472-b716e4b01ba0: receive RaftClientReply:client-3004A9070B8E->8e2eaa3a-398a-46ef-9472-b716e4b01ba0@group-F957B9D63A79, cid=140, FAILED org.apache.ratis.protocol.NotLeaderException: Server 8e2eaa3a-398a-46ef-9472-b716e4b01ba0@group-F957B9D63A79 is not the leader 0721d391-9877-4bc5-9778-84bb7e49252a:192.168.36.113:44025, logIndex=0, commits[8e2eaa3a-398a-46ef-9472-b716e4b01ba0:c12, 0b57ef76-c121-46fb-9637-94024daca647:c7, 0721d391-9877-4bc5-9778-84bb7e49252a:c12]
2019-09-10 19:05:46,157 [EventQueue-PipelineActionsForPipelineActionHandler] ERROR pipeline.PipelineActionHandler (PipelineActionHandler.java:onMessage(60)) - Received pipeline action CLOSE for Pipeline[ Id: f1dc604d-5181-49c0-b613-f957b9d63a79, Nodes: 0721d391-9877-4bc5-9778-84bb7e49252a{ip: 192.168.36.113, host: pr-hdds-1982-decom-states-gjzbw-1854142291, networkLocation: /default-rack, certSerialId: null}8e2eaa3a-398a-46ef-9472-b716e4b01ba0{ip: 192.168.36.113, host: pr-hdds-1982-decom-states-gjzbw-1854142291, networkLocation: /default-rack, certSerialId: null}0b57ef76-c121-46fb-9637-94024daca647{ip: 192.168.36.113, host: pr-hdds-1982-decom-states-gjzbw-1854142291, networkLocation: /default-rack, certSerialId: null}, Type:RATIS, Factor:THREE, State:CLOSED] from datanode 0721d391-9877-4bc5-9778-84bb7e49252a{ip: 192.168.36.113, host: pr-hdds-1982-decom-states-gjzbw-1854142291, networkLocation: /default-rack, certSerialId: null}. Reason : 0721d391-9877-4bc5-9778-84bb7e49252a has not seen follower/s 0b57ef76-c121-46fb-9637-94024daca647 for 126908ms 8e2eaa3a-398a-46ef-9472-b716e4b01ba0 for 126908ms
2019-09-10 19:05:46,157 [EventQueue-PipelineActionsForPipelineActionHandler] INFO  pipeline.SCMPipelineManager (SCMPipelineManager.java:finalizeAndDestroyPipeline(311)) - destroying pipeline:Pipeline[ Id: f1dc604d-5181-49c0-b613-f957b9d63a79, Nodes: 0721d391-9877-4bc5-9778-84bb7e49252a{ip: 192.168.36.113, host: pr-hdds-1982-decom-states-gjzbw-1854142291, networkLocation: /default-rack, certSerialId: null}8e2eaa3a-398a-46ef-9472-b716e4b01ba0{ip: 192.168.36.113, host: pr-hdds-1982-decom-states-gjzbw-1854142291, networkLocation: /default-rack, certSerialId: null}0b57ef76-c121-46fb-9637-94024daca647{ip: 192.168.36.113, host: pr-hdds-1982-decom-states-gjzbw-1854142291, networkLocation: /default-rack, certSerialId: null}, Type:RATIS, Factor:THREE, State:CLOSED]
2019-09-10 19:05:46,157 [java.util.concurrent.ThreadPoolExecutor$Worker@44ea9f2[State = -1, empty queue]] WARN  server.GrpcLogAppender (GrpcLogAppender.java:timeoutAppendRequest(200)) - 0721d391-9877-4bc5-9778-84bb7e49252a@group-F957B9D63A79->0b57ef76-c121-46fb-9637-94024daca647-GrpcLogAppender: appendEntries Timeout, request=0721d391-9877-4bc5-9778-84bb7e49252a->0b57ef76-c121-46fb-9637-94024daca647#141-t1, previous=(t:1, i:18), leaderCommit=12, initializing? false, entries: size=1, first=(t:1, i:19), STATEMACHINELOGENTRY, client-01DC64150B41, cid=18
2019-09-10 19:05:46,157 [java.util.concurrent.ThreadPoolExecutor$Worker@3835934d[State = -1, empty queue]] WARN  server.GrpcLogAppender (GrpcLogAppender.java:timeoutAppendRequest(200)) - 0721d391-9877-4bc5-9778-84bb7e49252a@group-F957B9D63A79->8e2eaa3a-398a-46ef-9472-b716e4b01ba0-GrpcLogAppender: appendEntries Timeout, request=0721d391-9877-4bc5-9778-84bb7e49252a->8e2eaa3a-398a-46ef-9472-b716e4b01ba0#141-t1, previous=(t:1, i:18), leaderCommit=12, initializing? false, entries: size=1, first=(t:1, i:19), STATEMACHINELOGENTRY, client-01DC64150B41, cid=18
2019-09-10 19:05:48,159 [org.apache.ratis.server.impl.LogAppender$AppenderDaemon$$Lambda$505/327848963@65aa0ff8] ERROR ratis.XceiverServerRatis (XceiverServerRatis.java:triggerPipelineClose(568)) - pipeline Action CLOSE  on pipeline PipelineID=f1dc604d-5181-49c0-b613-f957b9d63a79.Reason : 0721d391-9877-4bc5-9778-84bb7e49252a has not seen follower/s 0b57ef76-c121-46fb-9637-94024daca647 for 129409ms 8e2eaa3a-398a-46ef-9472-b716e4b01ba0 for 129409ms
2019-09-10 19:05:48,159 [org.apache.ratis.server.impl.LogAppender$AppenderDaemon$$Lambda$505/327848963@527fbb1b] ERROR ratis.XceiverServerRatis (XceiverServerRatis.java:triggerPipelineClose(568)) - pipeline Action CLOSE  on pipeline PipelineID=f1dc604d-5181-49c0-b613-f957b9d63a79.Reason : 0721d391-9877-4bc5-9778-84bb7e49252a has not seen follower/s 0b57ef76-c121-46fb-9637-94024daca647 for 129409ms 8e2eaa3a-398a-46ef-9472-b716e4b01ba0 for 129409ms
2019-09-10 19:05:48,658 [java.util.concurrent.ThreadPoolExecutor$Worker@3835934d[State = -1, empty queue]] WARN  server.GrpcLogAppender (GrpcLogAppender.java:timeoutAppendRequest(200)) - 0721d391-9877-4bc5-9778-84bb7e49252a@group-F957B9D63A79->8e2eaa3a-398a-46ef-9472-b716e4b01ba0-GrpcLogAppender: appendEntries Timeout, request=0721d391-9877-4bc5-9778-84bb7e49252a->8e2eaa3a-398a-46ef-9472-b716e4b01ba0#142-t1, previous=(t:1, i:19), leaderCommit=12, initializing? false, entries: <empty>
2019-09-10 19:05:48,658 [java.util.concurrent.ThreadPoolExecutor$Worker@44ea9f2[State = -1, empty queue]] WARN  server.GrpcLogAppender (GrpcLogAppender.java:timeoutAppendRequest(200)) - 0721d391-9877-4bc5-9778-84bb7e49252a@group-F957B9D63A79->0b57ef76-c121-46fb-9637-94024daca647-GrpcLogAppender: appendEntries Timeout, request=0721d391-9877-4bc5-9778-84bb7e49252a->0b57ef76-c121-46fb-9637-94024daca647#142-t1, previous=(t:1, i:19), leaderCommit=12, initializing? false, entries: <empty>
2019-09-10 19:05:49,158 [EventQueue-PipelineActionsForPipelineActionHandler] ERROR pipeline.PipelineActionHandler (PipelineActionHandler.java:onMessage(60)) - Received pipeline action CLOSE for Pipeline[ Id: f1dc604d-5181-49c0-b613-f957b9d63a79, Nodes: 0721d391-9877-4bc5-9778-84bb7e49252a{ip: 192.168.36.113, host: pr-hdds-1982-decom-states-gjzbw-1854142291, networkLocation: /default-rack, certSerialId: null}8e2eaa3a-398a-46ef-9472-b716e4b01ba0{ip: 192.168.36.113, host: pr-hdds-1982-decom-states-gjzbw-1854142291, networkLocation: /default-rack, certSerialId: null}0b57ef76-c121-46fb-9637-94024daca647{ip: 192.168.36.113, host: pr-hdds-1982-decom-states-gjzbw-1854142291, networkLocation: /default-rack, certSerialId: null}, Type:RATIS, Factor:THREE, State:CLOSED] from datanode 0721d391-9877-4bc5-9778-84bb7e49252a{ip: 192.168.36.113, host: pr-hdds-1982-decom-states-gjzbw-1854142291, networkLocation: /default-rack, certSerialId: null}. Reason : 0721d391-9877-4bc5-9778-84bb7e49252a has not seen follower/s 0b57ef76-c121-46fb-9637-94024daca647 for 129409ms 8e2eaa3a-398a-46ef-9472-b716e4b01ba0 for 129409ms
2019-09-10 19:05:49,159 [EventQueue-PipelineActionsForPipelineActionHandler] INFO  pipeline.SCMPipelineManager (SCMPipelineManager.java:finalizeAndDestroyPipeline(311)) - destroying pipeline:Pipeline[ Id: f1dc604d-5181-49c0-b613-f957b9d63a79, Nodes: 0721d391-9877-4bc5-9778-84bb7e49252a{ip: 192.168.36.113, host: pr-hdds-1982-decom-states-gjzbw-1854142291, networkLocation: /default-rack, certSerialId: null}8e2eaa3a-398a-46ef-9472-b716e4b01ba0{ip: 192.168.36.113, host: pr-hdds-1982-decom-states-gjzbw-1854142291, networkLocation: /default-rack, certSerialId: null}0b57ef76-c121-46fb-9637-94024daca647{ip: 192.168.36.113, host: pr-hdds-1982-decom-states-gjzbw-1854142291, networkLocation: /default-rack, certSerialId: null}, Type:RATIS, Factor:THREE, State:CLOSED]
2019-09-10 19:05:49,880 [0721d391-9877-4bc5-9778-84bb7e49252a@group-F957B9D63A79-SegmentedRaftLogWorker] WARN  segmented.SegmentedRaftLogWorker (SegmentedRaftLogWorker.java:getFromFuture(90)) - Timeout 12/~
org.apache.ratis.protocol.TimeoutIOException: Timeout 10s: WriteLog:13: (t:1, i:13), STATEMACHINELOGENTRY, client-3004A9070B8E, cid=140-writeStateMachineData
	at org.apache.ratis.util.IOUtils.getFromFuture(IOUtils.java:87)
	at org.apache.ratis.server.raftlog.segmented.SegmentedRaftLogWorker$StateMachineDataPolicy.getFromFuture(SegmentedRaftLogWorker.java:87)
	at org.apache.ratis.server.raftlog.segmented.SegmentedRaftLogWorker$WriteLog.execute(SegmentedRaftLogWorker.java:477)
	at org.apache.ratis.server.raftlog.segmented.SegmentedRaftLogWorker.run(SegmentedRaftLogWorker.java:289)
	at java.lang.Thread.run(Thread.java:748)
Caused by: java.util.concurrent.TimeoutException
	at java.util.concurrent.CompletableFuture.timedGet(CompletableFuture.java:1771)
	at java.util.concurrent.CompletableFuture.get(CompletableFuture.java:1915)
	at org.apache.ratis.util.IOUtils.getFromFuture(IOUtils.java:79)
	... 4 more
2019-09-10 19:05:50,125 [0b57ef76-c121-46fb-9637-94024daca647@group-F957B9D63A79-SegmentedRaftLogWorker] WARN  segmented.SegmentedRaftLogWorker (SegmentedRaftLogWorker.java:getFromFuture(90)) - Timeout 12/~
org.apache.ratis.protocol.TimeoutIOException: Timeout 10s: WriteLog:16: (t:1, i:16), STATEMACHINELOGENTRY, client-3004A9070B8E, cid=143-writeStateMachineData
	at org.apache.ratis.util.IOUtils.getFromFuture(IOUtils.java:87)
	at org.apache.ratis.server.raftlog.segmented.SegmentedRaftLogWorker$StateMachineDataPolicy.getFromFuture(SegmentedRaftLogWorker.java:87)
	at org.apache.ratis.server.raftlog.segmented.SegmentedRaftLogWorker$WriteLog.execute(SegmentedRaftLogWorker.java:477)
	at org.apache.ratis.server.raftlog.segmented.SegmentedRaftLogWorker.run(SegmentedRaftLogWorker.java:289)
	at java.lang.Thread.run(Thread.java:748)
Caused by: java.util.concurrent.TimeoutException
	at java.util.concurrent.CompletableFuture.timedGet(CompletableFuture.java:1771)
	at java.util.concurrent.CompletableFuture.get(CompletableFuture.java:1915)
	at org.apache.ratis.util.IOUtils.getFromFuture(IOUtils.java:79)
	... 4 more
2019-09-10 19:05:50,125 [8e2eaa3a-398a-46ef-9472-b716e4b01ba0@group-F957B9D63A79-SegmentedRaftLogWorker] WARN  segmented.SegmentedRaftLogWorker (SegmentedRaftLogWorker.java:getFromFuture(90)) - Timeout 12/~
org.apache.ratis.protocol.TimeoutIOException: Timeout 10s: WriteLog:14: (t:1, i:14), STATEMACHINELOGENTRY, client-3004A9070B8E, cid=141-writeStateMachineData
	at org.apache.ratis.util.IOUtils.getFromFuture(IOUtils.java:87)
	at org.apache.ratis.server.raftlog.segmented.SegmentedRaftLogWorker$StateMachineDataPolicy.getFromFuture(SegmentedRaftLogWorker.java:87)
	at org.apache.ratis.server.raftlog.segmented.SegmentedRaftLogWorker$WriteLog.execute(SegmentedRaftLogWorker.java:477)
	at org.apache.ratis.server.raftlog.segmented.SegmentedRaftLogWorker.run(SegmentedRaftLogWorker.java:289)
	at java.lang.Thread.run(Thread.java:748)
Caused by: java.util.concurrent.TimeoutException
	at java.util.concurrent.CompletableFuture.timedGet(CompletableFuture.java:1771)
	at java.util.concurrent.CompletableFuture.get(CompletableFuture.java:1915)
	at org.apache.ratis.util.IOUtils.getFromFuture(IOUtils.java:79)
	... 4 more
2019-09-10 19:05:50,661 [org.apache.ratis.server.impl.LogAppender$AppenderDaemon$$Lambda$505/327848963@65aa0ff8] ERROR ratis.XceiverServerRatis (XceiverServerRatis.java:triggerPipelineClose(568)) - pipeline Action CLOSE  on pipeline PipelineID=f1dc604d-5181-49c0-b613-f957b9d63a79.Reason : 0721d391-9877-4bc5-9778-84bb7e49252a has not seen follower/s 0b57ef76-c121-46fb-9637-94024daca647 for 131911ms 8e2eaa3a-398a-46ef-9472-b716e4b01ba0 for 131910ms
2019-09-10 19:05:50,661 [org.apache.ratis.server.impl.LogAppender$AppenderDaemon$$Lambda$505/327848963@527fbb1b] ERROR ratis.XceiverServerRatis (XceiverServerRatis.java:triggerPipelineClose(568)) - pipeline Action CLOSE  on pipeline PipelineID=f1dc604d-5181-49c0-b613-f957b9d63a79.Reason : 0721d391-9877-4bc5-9778-84bb7e49252a has not seen follower/s 0b57ef76-c121-46fb-9637-94024daca647 for 131911ms 8e2eaa3a-398a-46ef-9472-b716e4b01ba0 for 131911ms
2019-09-10 19:05:50,995 [grpc-default-executor-10] INFO  client.GrpcClientProtocolClient (GrpcClientProtocolClient.java:onNext(264)) - client-3004A9070B8E->8e2eaa3a-398a-46ef-9472-b716e4b01ba0: receive RaftClientReply:client-3004A9070B8E->8e2eaa3a-398a-46ef-9472-b716e4b01ba0@group-F957B9D63A79, cid=140, FAILED org.apache.ratis.protocol.NotLeaderException: Server 8e2eaa3a-398a-46ef-9472-b716e4b01ba0@group-F957B9D63A79 is not the leader 0721d391-9877-4bc5-9778-84bb7e49252a:192.168.36.113:44025, logIndex=0, commits[8e2eaa3a-398a-46ef-9472-b716e4b01ba0:c12, 0b57ef76-c121-46fb-9637-94024daca647:c7, 0721d391-9877-4bc5-9778-84bb7e49252a:c12]
2019-09-10 19:05:51,159 [EventQueue-PipelineActionsForPipelineActionHandler] ERROR pipeline.PipelineActionHandler (PipelineActionHandler.java:onMessage(60)) - Received pipeline action CLOSE for Pipeline[ Id: f1dc604d-5181-49c0-b613-f957b9d63a79, Nodes: 0721d391-9877-4bc5-9778-84bb7e49252a{ip: 192.168.36.113, host: pr-hdds-1982-decom-states-gjzbw-1854142291, networkLocation: /default-rack, certSerialId: null}8e2eaa3a-398a-46ef-9472-b716e4b01ba0{ip: 192.168.36.113, host: pr-hdds-1982-decom-states-gjzbw-1854142291, networkLocation: /default-rack, certSerialId: null}0b57ef76-c121-46fb-9637-94024daca647{ip: 192.168.36.113, host: pr-hdds-1982-decom-states-gjzbw-1854142291, networkLocation: /default-rack, certSerialId: null}, Type:RATIS, Factor:THREE, State:CLOSED] from datanode 0721d391-9877-4bc5-9778-84bb7e49252a{ip: 192.168.36.113, host: pr-hdds-1982-decom-states-gjzbw-1854142291, networkLocation: /default-rack, certSerialId: null}. Reason : 0721d391-9877-4bc5-9778-84bb7e49252a has not seen follower/s 0b57ef76-c121-46fb-9637-94024daca647 for 131911ms 8e2eaa3a-398a-46ef-9472-b716e4b01ba0 for 131910ms
2019-09-10 19:05:51,159 [java.util.concurrent.ThreadPoolExecutor$Worker@44ea9f2[State = -1, empty queue]] WARN  server.GrpcLogAppender (GrpcLogAppender.java:timeoutAppendRequest(200)) - 0721d391-9877-4bc5-9778-84bb7e49252a@group-F957B9D63A79->0b57ef76-c121-46fb-9637-94024daca647-GrpcLogAppender: appendEntries Timeout, request=0721d391-9877-4bc5-9778-84bb7e49252a->0b57ef76-c121-46fb-9637-94024daca647#143-t1, previous=(t:1, i:19), leaderCommit=12, initializing? false, entries: <empty>
2019-09-10 19:05:51,159 [EventQueue-PipelineActionsForPipelineActionHandler] INFO  pipeline.SCMPipelineManager (SCMPipelineManager.java:finalizeAndDestroyPipeline(311)) - destroying pipeline:Pipeline[ Id: f1dc604d-5181-49c0-b613-f957b9d63a79, Nodes: 0721d391-9877-4bc5-9778-84bb7e49252a{ip: 192.168.36.113, host: pr-hdds-1982-decom-states-gjzbw-1854142291, networkLocation: /default-rack, certSerialId: null}8e2eaa3a-398a-46ef-9472-b716e4b01ba0{ip: 192.168.36.113, host: pr-hdds-1982-decom-states-gjzbw-1854142291, networkLocation: /default-rack, certSerialId: null}0b57ef76-c121-46fb-9637-94024daca647{ip: 192.168.36.113, host: pr-hdds-1982-decom-states-gjzbw-1854142291, networkLocation: /default-rack, certSerialId: null}, Type:RATIS, Factor:THREE, State:CLOSED]
2019-09-10 19:05:51,159 [java.util.concurrent.ThreadPoolExecutor$Worker@3835934d[State = -1, empty queue]] WARN  server.GrpcLogAppender (GrpcLogAppender.java:timeoutAppendRequest(200)) - 0721d391-9877-4bc5-9778-84bb7e49252a@group-F957B9D63A79->8e2eaa3a-398a-46ef-9472-b716e4b01ba0-GrpcLogAppender: appendEntries Timeout, request=0721d391-9877-4bc5-9778-84bb7e49252a->8e2eaa3a-398a-46ef-9472-b716e4b01ba0#143-t1, previous=(t:1, i:19), leaderCommit=12, initializing? false, entries: <empty>
2019-09-10 19:05:53,162 [org.apache.ratis.server.impl.LogAppender$AppenderDaemon$$Lambda$505/327848963@527fbb1b] ERROR ratis.XceiverServerRatis (XceiverServerRatis.java:triggerPipelineClose(568)) - pipeline Action CLOSE  on pipeline PipelineID=f1dc604d-5181-49c0-b613-f957b9d63a79.Reason : 0721d391-9877-4bc5-9778-84bb7e49252a has not seen follower/s 0b57ef76-c121-46fb-9637-94024daca647 for 134412ms 8e2eaa3a-398a-46ef-9472-b716e4b01ba0 for 134412ms
2019-09-10 19:05:53,162 [org.apache.ratis.server.impl.LogAppender$AppenderDaemon$$Lambda$505/327848963@65aa0ff8] ERROR ratis.XceiverServerRatis (XceiverServerRatis.java:triggerPipelineClose(568)) - pipeline Action CLOSE  on pipeline PipelineID=f1dc604d-5181-49c0-b613-f957b9d63a79.Reason : 0721d391-9877-4bc5-9778-84bb7e49252a has not seen follower/s 0b57ef76-c121-46fb-9637-94024daca647 for 134412ms 8e2eaa3a-398a-46ef-9472-b716e4b01ba0 for 134412ms
2019-09-10 19:05:53,661 [java.util.concurrent.ThreadPoolExecutor$Worker@44ea9f2[State = -1, empty queue]] WARN  server.GrpcLogAppender (GrpcLogAppender.java:timeoutAppendRequest(200)) - 0721d391-9877-4bc5-9778-84bb7e49252a@group-F957B9D63A79->0b57ef76-c121-46fb-9637-94024daca647-GrpcLogAppender: appendEntries Timeout, request=0721d391-9877-4bc5-9778-84bb7e49252a->0b57ef76-c121-46fb-9637-94024daca647#144-t1, previous=(t:1, i:19), leaderCommit=12, initializing? false, entries: <empty>
2019-09-10 19:05:53,661 [java.util.concurrent.ThreadPoolExecutor$Worker@3835934d[State = -1, empty queue]] WARN  server.GrpcLogAppender (GrpcLogAppender.java:timeoutAppendRequest(200)) - 0721d391-9877-4bc5-9778-84bb7e49252a@group-F957B9D63A79->8e2eaa3a-398a-46ef-9472-b716e4b01ba0-GrpcLogAppender: appendEntries Timeout, request=0721d391-9877-4bc5-9778-84bb7e49252a->8e2eaa3a-398a-46ef-9472-b716e4b01ba0#144-t1, previous=(t:1, i:19), leaderCommit=12, initializing? false, entries: <empty>
2019-09-10 19:05:54,160 [EventQueue-PipelineActionsForPipelineActionHandler] ERROR pipeline.PipelineActionHandler (PipelineActionHandler.java:onMessage(60)) - Received pipeline action CLOSE for Pipeline[ Id: f1dc604d-5181-49c0-b613-f957b9d63a79, Nodes: 0721d391-9877-4bc5-9778-84bb7e49252a{ip: 192.168.36.113, host: pr-hdds-1982-decom-states-gjzbw-1854142291, networkLocation: /default-rack, certSerialId: null}8e2eaa3a-398a-46ef-9472-b716e4b01ba0{ip: 192.168.36.113, host: pr-hdds-1982-decom-states-gjzbw-1854142291, networkLocation: /default-rack, certSerialId: null}0b57ef76-c121-46fb-9637-94024daca647{ip: 192.168.36.113, host: pr-hdds-1982-decom-states-gjzbw-1854142291, networkLocation: /default-rack, certSerialId: null}, Type:RATIS, Factor:THREE, State:CLOSED] from datanode 0721d391-9877-4bc5-9778-84bb7e49252a{ip: 192.168.36.113, host: pr-hdds-1982-decom-states-gjzbw-1854142291, networkLocation: /default-rack, certSerialId: null}. Reason : 0721d391-9877-4bc5-9778-84bb7e49252a has not seen follower/s 0b57ef76-c121-46fb-9637-94024daca647 for 134412ms 8e2eaa3a-398a-46ef-9472-b716e4b01ba0 for 134412ms
2019-09-10 19:05:54,161 [EventQueue-PipelineActionsForPipelineActionHandler] INFO  pipeline.SCMPipelineManager (SCMPipelineManager.java:finalizeAndDestroyPipeline(311)) - destroying pipeline:Pipeline[ Id: f1dc604d-5181-49c0-b613-f957b9d63a79, Nodes: 0721d391-9877-4bc5-9778-84bb7e49252a{ip: 192.168.36.113, host: pr-hdds-1982-decom-states-gjzbw-1854142291, networkLocation: /default-rack, certSerialId: null}8e2eaa3a-398a-46ef-9472-b716e4b01ba0{ip: 192.168.36.113, host: pr-hdds-1982-decom-states-gjzbw-1854142291, networkLocation: /default-rack, certSerialId: null}0b57ef76-c121-46fb-9637-94024daca647{ip: 192.168.36.113, host: pr-hdds-1982-decom-states-gjzbw-1854142291, networkLocation: /default-rack, certSerialId: null}, Type:RATIS, Factor:THREE, State:CLOSED]
2019-09-10 19:05:55,663 [org.apache.ratis.server.impl.LogAppender$AppenderDaemon$$Lambda$505/327848963@65aa0ff8] ERROR ratis.XceiverServerRatis (XceiverServerRatis.java:triggerPipelineClose(568)) - pipeline Action CLOSE  on pipeline PipelineID=f1dc604d-5181-49c0-b613-f957b9d63a79.Reason : 0721d391-9877-4bc5-9778-84bb7e49252a has not seen follower/s 0b57ef76-c121-46fb-9637-94024daca647 for 136913ms 8e2eaa3a-398a-46ef-9472-b716e4b01ba0 for 136912ms
2019-09-10 19:05:55,663 [org.apache.ratis.server.impl.LogAppender$AppenderDaemon$$Lambda$505/327848963@527fbb1b] ERROR ratis.XceiverServerRatis (XceiverServerRatis.java:triggerPipelineClose(568)) - pipeline Action CLOSE  on pipeline PipelineID=f1dc604d-5181-49c0-b613-f957b9d63a79.Reason : 0721d391-9877-4bc5-9778-84bb7e49252a has not seen follower/s 0b57ef76-c121-46fb-9637-94024daca647 for 136913ms 8e2eaa3a-398a-46ef-9472-b716e4b01ba0 for 136912ms
2019-09-10 19:05:56,057 [grpc-default-executor-10] INFO  client.GrpcClientProtocolClient (GrpcClientProtocolClient.java:onNext(264)) - client-3004A9070B8E->0b57ef76-c121-46fb-9637-94024daca647: receive RaftClientReply:client-3004A9070B8E->0b57ef76-c121-46fb-9637-94024daca647@group-F957B9D63A79, cid=140, FAILED org.apache.ratis.protocol.NotLeaderException: Server 0b57ef76-c121-46fb-9637-94024daca647@group-F957B9D63A79 is not the leader 0721d391-9877-4bc5-9778-84bb7e49252a:192.168.36.113:44025, logIndex=0, commits[0b57ef76-c121-46fb-9637-94024daca647:c12, 0721d391-9877-4bc5-9778-84bb7e49252a:c12, 8e2eaa3a-398a-46ef-9472-b716e4b01ba0:c7]
2019-09-10 19:05:56,160 [EventQueue-PipelineActionsForPipelineActionHandler] ERROR pipeline.PipelineActionHandler (PipelineActionHandler.java:onMessage(60)) - Received pipeline action CLOSE for Pipeline[ Id: f1dc604d-5181-49c0-b613-f957b9d63a79, Nodes: 0721d391-9877-4bc5-9778-84bb7e49252a{ip: 192.168.36.113, host: pr-hdds-1982-decom-states-gjzbw-1854142291, networkLocation: /default-rack, certSerialId: null}8e2eaa3a-398a-46ef-9472-b716e4b01ba0{ip: 192.168.36.113, host: pr-hdds-1982-decom-states-gjzbw-1854142291, networkLocation: /default-rack, certSerialId: null}0b57ef76-c121-46fb-9637-94024daca647{ip: 192.168.36.113, host: pr-hdds-1982-decom-states-gjzbw-1854142291, networkLocation: /default-rack, certSerialId: null}, Type:RATIS, Factor:THREE, State:CLOSED] from datanode 0721d391-9877-4bc5-9778-84bb7e49252a{ip: 192.168.36.113, host: pr-hdds-1982-decom-states-gjzbw-1854142291, networkLocation: /default-rack, certSerialId: null}. Reason : 0721d391-9877-4bc5-9778-84bb7e49252a has not seen follower/s 0b57ef76-c121-46fb-9637-94024daca647 for 136913ms 8e2eaa3a-398a-46ef-9472-b716e4b01ba0 for 136912ms
2019-09-10 19:05:56,160 [EventQueue-PipelineActionsForPipelineActionHandler] INFO  pipeline.SCMPipelineManager (SCMPipelineManager.java:finalizeAndDestroyPipeline(311)) - destroying pipeline:Pipeline[ Id: f1dc604d-5181-49c0-b613-f957b9d63a79, Nodes: 0721d391-9877-4bc5-9778-84bb7e49252a{ip: 192.168.36.113, host: pr-hdds-1982-decom-states-gjzbw-1854142291, networkLocation: /default-rack, certSerialId: null}8e2eaa3a-398a-46ef-9472-b716e4b01ba0{ip: 192.168.36.113, host: pr-hdds-1982-decom-states-gjzbw-1854142291, networkLocation: /default-rack, certSerialId: null}0b57ef76-c121-46fb-9637-94024daca647{ip: 192.168.36.113, host: pr-hdds-1982-decom-states-gjzbw-1854142291, networkLocation: /default-rack, certSerialId: null}, Type:RATIS, Factor:THREE, State:CLOSED]
2019-09-10 19:05:56,164 [java.util.concurrent.ThreadPoolExecutor$Worker@44ea9f2[State = -1, empty queue]] WARN  server.GrpcLogAppender (GrpcLogAppender.java:timeoutAppendRequest(200)) - 0721d391-9877-4bc5-9778-84bb7e49252a@group-F957B9D63A79->0b57ef76-c121-46fb-9637-94024daca647-GrpcLogAppender: appendEntries Timeout, request=0721d391-9877-4bc5-9778-84bb7e49252a->0b57ef76-c121-46fb-9637-94024daca647#145-t1, previous=(t:1, i:19), leaderCommit=12, initializing? false, entries: <empty>
2019-09-10 19:05:56,164 [java.util.concurrent.ThreadPoolExecutor$Worker@3835934d[State = -1, empty queue]] WARN  server.GrpcLogAppender (GrpcLogAppender.java:timeoutAppendRequest(200)) - 0721d391-9877-4bc5-9778-84bb7e49252a@group-F957B9D63A79->8e2eaa3a-398a-46ef-9472-b716e4b01ba0-GrpcLogAppender: appendEntries Timeout, request=0721d391-9877-4bc5-9778-84bb7e49252a->8e2eaa3a-398a-46ef-9472-b716e4b01ba0#145-t1, previous=(t:1, i:19), leaderCommit=12, initializing? false, entries: <empty>
2019-09-10 19:05:58,164 [org.apache.ratis.server.impl.LogAppender$AppenderDaemon$$Lambda$505/327848963@527fbb1b] ERROR ratis.XceiverServerRatis (XceiverServerRatis.java:triggerPipelineClose(568)) - pipeline Action CLOSE  on pipeline PipelineID=f1dc604d-5181-49c0-b613-f957b9d63a79.Reason : 0721d391-9877-4bc5-9778-84bb7e49252a has not seen follower/s 0b57ef76-c121-46fb-9637-94024daca647 for 139414ms 8e2eaa3a-398a-46ef-9472-b716e4b01ba0 for 139414ms
2019-09-10 19:05:58,164 [org.apache.ratis.server.impl.LogAppender$AppenderDaemon$$Lambda$505/327848963@65aa0ff8] ERROR ratis.XceiverServerRatis (XceiverServerRatis.java:triggerPipelineClose(568)) - pipeline Action CLOSE  on pipeline PipelineID=f1dc604d-5181-49c0-b613-f957b9d63a79.Reason : 0721d391-9877-4bc5-9778-84bb7e49252a has not seen follower/s 0b57ef76-c121-46fb-9637-94024daca647 for 139414ms 8e2eaa3a-398a-46ef-9472-b716e4b01ba0 for 139414ms
2019-09-10 19:05:58,663 [java.util.concurrent.ThreadPoolExecutor$Worker@44ea9f2[State = -1, empty queue]] WARN  server.GrpcLogAppender (GrpcLogAppender.java:timeoutAppendRequest(200)) - 0721d391-9877-4bc5-9778-84bb7e49252a@group-F957B9D63A79->0b57ef76-c121-46fb-9637-94024daca647-GrpcLogAppender: appendEntries Timeout, request=0721d391-9877-4bc5-9778-84bb7e49252a->0b57ef76-c121-46fb-9637-94024daca647#146-t1, previous=(t:1, i:19), leaderCommit=12, initializing? false, entries: <empty>
2019-09-10 19:05:58,663 [java.util.concurrent.ThreadPoolExecutor$Worker@3835934d[State = -1, empty queue]] WARN  server.GrpcLogAppender (GrpcLogAppender.java:timeoutAppendRequest(200)) - 0721d391-9877-4bc5-9778-84bb7e49252a@group-F957B9D63A79->8e2eaa3a-398a-46ef-9472-b716e4b01ba0-GrpcLogAppender: appendEntries Timeout, request=0721d391-9877-4bc5-9778-84bb7e49252a->8e2eaa3a-398a-46ef-9472-b716e4b01ba0#146-t1, previous=(t:1, i:19), leaderCommit=12, initializing? false, entries: <empty>
2019-09-10 19:05:59,160 [EventQueue-PipelineActionsForPipelineActionHandler] ERROR pipeline.PipelineActionHandler (PipelineActionHandler.java:onMessage(60)) - Received pipeline action CLOSE for Pipeline[ Id: f1dc604d-5181-49c0-b613-f957b9d63a79, Nodes: 0721d391-9877-4bc5-9778-84bb7e49252a{ip: 192.168.36.113, host: pr-hdds-1982-decom-states-gjzbw-1854142291, networkLocation: /default-rack, certSerialId: null}8e2eaa3a-398a-46ef-9472-b716e4b01ba0{ip: 192.168.36.113, host: pr-hdds-1982-decom-states-gjzbw-1854142291, networkLocation: /default-rack, certSerialId: null}0b57ef76-c121-46fb-9637-94024daca647{ip: 192.168.36.113, host: pr-hdds-1982-decom-states-gjzbw-1854142291, networkLocation: /default-rack, certSerialId: null}, Type:RATIS, Factor:THREE, State:CLOSED] from datanode 0721d391-9877-4bc5-9778-84bb7e49252a{ip: 192.168.36.113, host: pr-hdds-1982-decom-states-gjzbw-1854142291, networkLocation: /default-rack, certSerialId: null}. Reason : 0721d391-9877-4bc5-9778-84bb7e49252a has not seen follower/s 0b57ef76-c121-46fb-9637-94024daca647 for 139414ms 8e2eaa3a-398a-46ef-9472-b716e4b01ba0 for 139414ms
2019-09-10 19:05:59,160 [EventQueue-PipelineActionsForPipelineActionHandler] INFO  pipeline.SCMPipelineManager (SCMPipelineManager.java:finalizeAndDestroyPipeline(311)) - destroying pipeline:Pipeline[ Id: f1dc604d-5181-49c0-b613-f957b9d63a79, Nodes: 0721d391-9877-4bc5-9778-84bb7e49252a{ip: 192.168.36.113, host: pr-hdds-1982-decom-states-gjzbw-1854142291, networkLocation: /default-rack, certSerialId: null}8e2eaa3a-398a-46ef-9472-b716e4b01ba0{ip: 192.168.36.113, host: pr-hdds-1982-decom-states-gjzbw-1854142291, networkLocation: /default-rack, certSerialId: null}0b57ef76-c121-46fb-9637-94024daca647{ip: 192.168.36.113, host: pr-hdds-1982-decom-states-gjzbw-1854142291, networkLocation: /default-rack, certSerialId: null}, Type:RATIS, Factor:THREE, State:CLOSED]
2019-09-10 19:05:59,881 [0721d391-9877-4bc5-9778-84bb7e49252a@group-F957B9D63A79-SegmentedRaftLogWorker] WARN  segmented.SegmentedRaftLogWorker (SegmentedRaftLogWorker.java:getFromFuture(90)) - Timeout 13/~
org.apache.ratis.protocol.TimeoutIOException: Timeout 10s: WriteLog:13: (t:1, i:13), STATEMACHINELOGENTRY, client-3004A9070B8E, cid=140-writeStateMachineData
	at org.apache.ratis.util.IOUtils.getFromFuture(IOUtils.java:87)
	at org.apache.ratis.server.raftlog.segmented.SegmentedRaftLogWorker$StateMachineDataPolicy.getFromFuture(SegmentedRaftLogWorker.java:87)
	at org.apache.ratis.server.raftlog.segmented.SegmentedRaftLogWorker$WriteLog.execute(SegmentedRaftLogWorker.java:477)
	at org.apache.ratis.server.raftlog.segmented.SegmentedRaftLogWorker.run(SegmentedRaftLogWorker.java:289)
	at java.lang.Thread.run(Thread.java:748)
Caused by: java.util.concurrent.TimeoutException
	at java.util.concurrent.CompletableFuture.timedGet(CompletableFuture.java:1771)
	at java.util.concurrent.CompletableFuture.get(CompletableFuture.java:1915)
	at org.apache.ratis.util.IOUtils.getFromFuture(IOUtils.java:79)
	... 4 more
2019-09-10 19:06:00,125 [0b57ef76-c121-46fb-9637-94024daca647@group-F957B9D63A79-SegmentedRaftLogWorker] WARN  segmented.SegmentedRaftLogWorker (SegmentedRaftLogWorker.java:getFromFuture(90)) - Timeout 13/~
org.apache.ratis.protocol.TimeoutIOException: Timeout 10s: WriteLog:16: (t:1, i:16), STATEMACHINELOGENTRY, client-3004A9070B8E, cid=143-writeStateMachineData
	at org.apache.ratis.util.IOUtils.getFromFuture(IOUtils.java:87)
	at org.apache.ratis.server.raftlog.segmented.SegmentedRaftLogWorker$StateMachineDataPolicy.getFromFuture(SegmentedRaftLogWorker.java:87)
	at org.apache.ratis.server.raftlog.segmented.SegmentedRaftLogWorker$WriteLog.execute(SegmentedRaftLogWorker.java:477)
	at org.apache.ratis.server.raftlog.segmented.SegmentedRaftLogWorker.run(SegmentedRaftLogWorker.java:289)
	at java.lang.Thread.run(Thread.java:748)
Caused by: java.util.concurrent.TimeoutException
	at java.util.concurrent.CompletableFuture.timedGet(CompletableFuture.java:1771)
	at java.util.concurrent.CompletableFuture.get(CompletableFuture.java:1915)
	at org.apache.ratis.util.IOUtils.getFromFuture(IOUtils.java:79)
	... 4 more
2019-09-10 19:06:00,126 [8e2eaa3a-398a-46ef-9472-b716e4b01ba0@group-F957B9D63A79-SegmentedRaftLogWorker] WARN  segmented.SegmentedRaftLogWorker (SegmentedRaftLogWorker.java:getFromFuture(90)) - Timeout 13/~
org.apache.ratis.protocol.TimeoutIOException: Timeout 10s: WriteLog:14: (t:1, i:14), STATEMACHINELOGENTRY, client-3004A9070B8E, cid=141-writeStateMachineData
	at org.apache.ratis.util.IOUtils.getFromFuture(IOUtils.java:87)
	at org.apache.ratis.server.raftlog.segmented.SegmentedRaftLogWorker$StateMachineDataPolicy.getFromFuture(SegmentedRaftLogWorker.java:87)
	at org.apache.ratis.server.raftlog.segmented.SegmentedRaftLogWorker$WriteLog.execute(SegmentedRaftLogWorker.java:477)
	at org.apache.ratis.server.raftlog.segmented.SegmentedRaftLogWorker.run(SegmentedRaftLogWorker.java:289)
	at java.lang.Thread.run(Thread.java:748)
Caused by: java.util.concurrent.TimeoutException
	at java.util.concurrent.CompletableFuture.timedGet(CompletableFuture.java:1771)
	at java.util.concurrent.CompletableFuture.get(CompletableFuture.java:1915)
	at org.apache.ratis.util.IOUtils.getFromFuture(IOUtils.java:79)
	... 4 more
2019-09-10 19:06:00,665 [org.apache.ratis.server.impl.LogAppender$AppenderDaemon$$Lambda$505/327848963@65aa0ff8] ERROR ratis.XceiverServerRatis (XceiverServerRatis.java:triggerPipelineClose(568)) - pipeline Action CLOSE  on pipeline PipelineID=f1dc604d-5181-49c0-b613-f957b9d63a79.Reason : 0721d391-9877-4bc5-9778-84bb7e49252a has not seen follower/s 0b57ef76-c121-46fb-9637-94024daca647 for 141914ms 8e2eaa3a-398a-46ef-9472-b716e4b01ba0 for 141914ms
2019-09-10 19:06:00,665 [org.apache.ratis.server.impl.LogAppender$AppenderDaemon$$Lambda$505/327848963@527fbb1b] ERROR ratis.XceiverServerRatis (XceiverServerRatis.java:triggerPipelineClose(568)) - pipeline Action CLOSE  on pipeline PipelineID=f1dc604d-5181-49c0-b613-f957b9d63a79.Reason : 0721d391-9877-4bc5-9778-84bb7e49252a has not seen follower/s 0b57ef76-c121-46fb-9637-94024daca647 for 141915ms 8e2eaa3a-398a-46ef-9472-b716e4b01ba0 for 141915ms
2019-09-10 19:06:01,099 [grpc-default-executor-6] INFO  client.GrpcClientProtocolClient (GrpcClientProtocolClient.java:onNext(264)) - client-3004A9070B8E->8e2eaa3a-398a-46ef-9472-b716e4b01ba0: receive RaftClientReply:client-3004A9070B8E->8e2eaa3a-398a-46ef-9472-b716e4b01ba0@group-F957B9D63A79, cid=140, FAILED org.apache.ratis.protocol.NotLeaderException: Server 8e2eaa3a-398a-46ef-9472-b716e4b01ba0@group-F957B9D63A79 is not the leader 0721d391-9877-4bc5-9778-84bb7e49252a:192.168.36.113:44025, logIndex=0, commits[8e2eaa3a-398a-46ef-9472-b716e4b01ba0:c12, 0b57ef76-c121-46fb-9637-94024daca647:c7, 0721d391-9877-4bc5-9778-84bb7e49252a:c12]
2019-09-10 19:06:01,160 [EventQueue-PipelineActionsForPipelineActionHandler] ERROR pipeline.PipelineActionHandler (PipelineActionHandler.java:onMessage(60)) - Received pipeline action CLOSE for Pipeline[ Id: f1dc604d-5181-49c0-b613-f957b9d63a79, Nodes: 0721d391-9877-4bc5-9778-84bb7e49252a{ip: 192.168.36.113, host: pr-hdds-1982-decom-states-gjzbw-1854142291, networkLocation: /default-rack, certSerialId: null}8e2eaa3a-398a-46ef-9472-b716e4b01ba0{ip: 192.168.36.113, host: pr-hdds-1982-decom-states-gjzbw-1854142291, networkLocation: /default-rack, certSerialId: null}0b57ef76-c121-46fb-9637-94024daca647{ip: 192.168.36.113, host: pr-hdds-1982-decom-states-gjzbw-1854142291, networkLocation: /default-rack, certSerialId: null}, Type:RATIS, Factor:THREE, State:CLOSED] from datanode 0721d391-9877-4bc5-9778-84bb7e49252a{ip: 192.168.36.113, host: pr-hdds-1982-decom-states-gjzbw-1854142291, networkLocation: /default-rack, certSerialId: null}. Reason : 0721d391-9877-4bc5-9778-84bb7e49252a has not seen follower/s 0b57ef76-c121-46fb-9637-94024daca647 for 141914ms 8e2eaa3a-398a-46ef-9472-b716e4b01ba0 for 141914ms
2019-09-10 19:06:01,160 [EventQueue-PipelineActionsForPipelineActionHandler] INFO  pipeline.SCMPipelineManager (SCMPipelineManager.java:finalizeAndDestroyPipeline(311)) - destroying pipeline:Pipeline[ Id: f1dc604d-5181-49c0-b613-f957b9d63a79, Nodes: 0721d391-9877-4bc5-9778-84bb7e49252a{ip: 192.168.36.113, host: pr-hdds-1982-decom-states-gjzbw-1854142291, networkLocation: /default-rack, certSerialId: null}8e2eaa3a-398a-46ef-9472-b716e4b01ba0{ip: 192.168.36.113, host: pr-hdds-1982-decom-states-gjzbw-1854142291, networkLocation: /default-rack, certSerialId: null}0b57ef76-c121-46fb-9637-94024daca647{ip: 192.168.36.113, host: pr-hdds-1982-decom-states-gjzbw-1854142291, networkLocation: /default-rack, certSerialId: null}, Type:RATIS, Factor:THREE, State:CLOSED]
2019-09-10 19:06:01,164 [java.util.concurrent.ThreadPoolExecutor$Worker@44ea9f2[State = -1, empty queue]] WARN  server.GrpcLogAppender (GrpcLogAppender.java:timeoutAppendRequest(200)) - 0721d391-9877-4bc5-9778-84bb7e49252a@group-F957B9D63A79->0b57ef76-c121-46fb-9637-94024daca647-GrpcLogAppender: appendEntries Timeout, request=0721d391-9877-4bc5-9778-84bb7e49252a->0b57ef76-c121-46fb-9637-94024daca647#147-t1, previous=(t:1, i:19), leaderCommit=12, initializing? false, entries: <empty>
2019-09-10 19:06:01,164 [java.util.concurrent.ThreadPoolExecutor$Worker@3835934d[State = -1, empty queue]] WARN  server.GrpcLogAppender (GrpcLogAppender.java:timeoutAppendRequest(200)) - 0721d391-9877-4bc5-9778-84bb7e49252a@group-F957B9D63A79->8e2eaa3a-398a-46ef-9472-b716e4b01ba0-GrpcLogAppender: appendEntries Timeout, request=0721d391-9877-4bc5-9778-84bb7e49252a->8e2eaa3a-398a-46ef-9472-b716e4b01ba0#147-t1, previous=(t:1, i:19), leaderCommit=12, initializing? false, entries: <empty>
2019-09-10 19:06:03,166 [org.apache.ratis.server.impl.LogAppender$AppenderDaemon$$Lambda$505/327848963@65aa0ff8] ERROR ratis.XceiverServerRatis (XceiverServerRatis.java:triggerPipelineClose(568)) - pipeline Action CLOSE  on pipeline PipelineID=f1dc604d-5181-49c0-b613-f957b9d63a79.Reason : 0721d391-9877-4bc5-9778-84bb7e49252a has not seen follower/s 0b57ef76-c121-46fb-9637-94024daca647 for 144415ms 8e2eaa3a-398a-46ef-9472-b716e4b01ba0 for 144415ms
2019-09-10 19:06:03,166 [org.apache.ratis.server.impl.LogAppender$AppenderDaemon$$Lambda$505/327848963@527fbb1b] ERROR ratis.XceiverServerRatis (XceiverServerRatis.java:triggerPipelineClose(568)) - pipeline Action CLOSE  on pipeline PipelineID=f1dc604d-5181-49c0-b613-f957b9d63a79.Reason : 0721d391-9877-4bc5-9778-84bb7e49252a has not seen follower/s 0b57ef76-c121-46fb-9637-94024daca647 for 144416ms 8e2eaa3a-398a-46ef-9472-b716e4b01ba0 for 144415ms
2019-09-10 19:06:03,665 [java.util.concurrent.ThreadPoolExecutor$Worker@3835934d[State = -1, empty queue]] WARN  server.GrpcLogAppender (GrpcLogAppender.java:timeoutAppendRequest(200)) - 0721d391-9877-4bc5-9778-84bb7e49252a@group-F957B9D63A79->8e2eaa3a-398a-46ef-9472-b716e4b01ba0-GrpcLogAppender: appendEntries Timeout, request=0721d391-9877-4bc5-9778-84bb7e49252a->8e2eaa3a-398a-46ef-9472-b716e4b01ba0#148-t1, previous=(t:1, i:19), leaderCommit=12, initializing? false, entries: <empty>
2019-09-10 19:06:03,665 [java.util.concurrent.ThreadPoolExecutor$Worker@44ea9f2[State = -1, empty queue]] WARN  server.GrpcLogAppender (GrpcLogAppender.java:timeoutAppendRequest(200)) - 0721d391-9877-4bc5-9778-84bb7e49252a@group-F957B9D63A79->0b57ef76-c121-46fb-9637-94024daca647-GrpcLogAppender: appendEntries Timeout, request=0721d391-9877-4bc5-9778-84bb7e49252a->0b57ef76-c121-46fb-9637-94024daca647#148-t1, previous=(t:1, i:19), leaderCommit=12, initializing? false, entries: <empty>
2019-09-10 19:06:04,162 [EventQueue-PipelineActionsForPipelineActionHandler] ERROR pipeline.PipelineActionHandler (PipelineActionHandler.java:onMessage(60)) - Received pipeline action CLOSE for Pipeline[ Id: f1dc604d-5181-49c0-b613-f957b9d63a79, Nodes: 0721d391-9877-4bc5-9778-84bb7e49252a{ip: 192.168.36.113, host: pr-hdds-1982-decom-states-gjzbw-1854142291, networkLocation: /default-rack, certSerialId: null}8e2eaa3a-398a-46ef-9472-b716e4b01ba0{ip: 192.168.36.113, host: pr-hdds-1982-decom-states-gjzbw-1854142291, networkLocation: /default-rack, certSerialId: null}0b57ef76-c121-46fb-9637-94024daca647{ip: 192.168.36.113, host: pr-hdds-1982-decom-states-gjzbw-1854142291, networkLocation: /default-rack, certSerialId: null}, Type:RATIS, Factor:THREE, State:CLOSED] from datanode 0721d391-9877-4bc5-9778-84bb7e49252a{ip: 192.168.36.113, host: pr-hdds-1982-decom-states-gjzbw-1854142291, networkLocation: /default-rack, certSerialId: null}. Reason : 0721d391-9877-4bc5-9778-84bb7e49252a has not seen follower/s 0b57ef76-c121-46fb-9637-94024daca647 for 144415ms 8e2eaa3a-398a-46ef-9472-b716e4b01ba0 for 144415ms
2019-09-10 19:06:04,163 [EventQueue-PipelineActionsForPipelineActionHandler] INFO  pipeline.SCMPipelineManager (SCMPipelineManager.java:finalizeAndDestroyPipeline(311)) - destroying pipeline:Pipeline[ Id: f1dc604d-5181-49c0-b613-f957b9d63a79, Nodes: 0721d391-9877-4bc5-9778-84bb7e49252a{ip: 192.168.36.113, host: pr-hdds-1982-decom-states-gjzbw-1854142291, networkLocation: /default-rack, certSerialId: null}8e2eaa3a-398a-46ef-9472-b716e4b01ba0{ip: 192.168.36.113, host: pr-hdds-1982-decom-states-gjzbw-1854142291, networkLocation: /default-rack, certSerialId: null}0b57ef76-c121-46fb-9637-94024daca647{ip: 192.168.36.113, host: pr-hdds-1982-decom-states-gjzbw-1854142291, networkLocation: /default-rack, certSerialId: null}, Type:RATIS, Factor:THREE, State:CLOSED]
2019-09-10 19:06:05,666 [org.apache.ratis.server.impl.LogAppender$AppenderDaemon$$Lambda$505/327848963@65aa0ff8] ERROR ratis.XceiverServerRatis (XceiverServerRatis.java:triggerPipelineClose(568)) - pipeline Action CLOSE  on pipeline PipelineID=f1dc604d-5181-49c0-b613-f957b9d63a79.Reason : 0721d391-9877-4bc5-9778-84bb7e49252a has not seen follower/s 0b57ef76-c121-46fb-9637-94024daca647 for 146916ms 8e2eaa3a-398a-46ef-9472-b716e4b01ba0 for 146915ms
2019-09-10 19:06:05,667 [org.apache.ratis.server.impl.LogAppender$AppenderDaemon$$Lambda$505/327848963@527fbb1b] ERROR ratis.XceiverServerRatis (XceiverServerRatis.java:triggerPipelineClose(568)) - pipeline Action CLOSE  on pipeline PipelineID=f1dc604d-5181-49c0-b613-f957b9d63a79.Reason : 0721d391-9877-4bc5-9778-84bb7e49252a has not seen follower/s 0b57ef76-c121-46fb-9637-94024daca647 for 146917ms 8e2eaa3a-398a-46ef-9472-b716e4b01ba0 for 146916ms
2019-09-10 19:06:06,135 [grpc-default-executor-6] INFO  client.GrpcClientProtocolClient (GrpcClientProtocolClient.java:onNext(264)) - client-3004A9070B8E->8e2eaa3a-398a-46ef-9472-b716e4b01ba0: receive RaftClientReply:client-3004A9070B8E->8e2eaa3a-398a-46ef-9472-b716e4b01ba0@group-F957B9D63A79, cid=140, FAILED org.apache.ratis.protocol.NotLeaderException: Server 8e2eaa3a-398a-46ef-9472-b716e4b01ba0@group-F957B9D63A79 is not the leader 0721d391-9877-4bc5-9778-84bb7e49252a:192.168.36.113:44025, logIndex=0, commits[8e2eaa3a-398a-46ef-9472-b716e4b01ba0:c12, 0b57ef76-c121-46fb-9637-94024daca647:c7, 0721d391-9877-4bc5-9778-84bb7e49252a:c12]
2019-09-10 19:06:06,162 [EventQueue-PipelineActionsForPipelineActionHandler] ERROR pipeline.PipelineActionHandler (PipelineActionHandler.java:onMessage(60)) - Received pipeline action CLOSE for Pipeline[ Id: f1dc604d-5181-49c0-b613-f957b9d63a79, Nodes: 0721d391-9877-4bc5-9778-84bb7e49252a{ip: 192.168.36.113, host: pr-hdds-1982-decom-states-gjzbw-1854142291, networkLocation: /default-rack, certSerialId: null}8e2eaa3a-398a-46ef-9472-b716e4b01ba0{ip: 192.168.36.113, host: pr-hdds-1982-decom-states-gjzbw-1854142291, networkLocation: /default-rack, certSerialId: null}0b57ef76-c121-46fb-9637-94024daca647{ip: 192.168.36.113, host: pr-hdds-1982-decom-states-gjzbw-1854142291, networkLocation: /default-rack, certSerialId: null}, Type:RATIS, Factor:THREE, State:CLOSED] from datanode 0721d391-9877-4bc5-9778-84bb7e49252a{ip: 192.168.36.113, host: pr-hdds-1982-decom-states-gjzbw-1854142291, networkLocation: /default-rack, certSerialId: null}. Reason : 0721d391-9877-4bc5-9778-84bb7e49252a has not seen follower/s 0b57ef76-c121-46fb-9637-94024daca647 for 146916ms 8e2eaa3a-398a-46ef-9472-b716e4b01ba0 for 146915ms
2019-09-10 19:06:06,162 [EventQueue-PipelineActionsForPipelineActionHandler] INFO  pipeline.SCMPipelineManager (SCMPipelineManager.java:finalizeAndDestroyPipeline(311)) - destroying pipeline:Pipeline[ Id: f1dc604d-5181-49c0-b613-f957b9d63a79, Nodes: 0721d391-9877-4bc5-9778-84bb7e49252a{ip: 192.168.36.113, host: pr-hdds-1982-decom-states-gjzbw-1854142291, networkLocation: /default-rack, certSerialId: null}8e2eaa3a-398a-46ef-9472-b716e4b01ba0{ip: 192.168.36.113, host: pr-hdds-1982-decom-states-gjzbw-1854142291, networkLocation: /default-rack, certSerialId: null}0b57ef76-c121-46fb-9637-94024daca647{ip: 192.168.36.113, host: pr-hdds-1982-decom-states-gjzbw-1854142291, networkLocation: /default-rack, certSerialId: null}, Type:RATIS, Factor:THREE, State:CLOSED]
2019-09-10 19:06:06,165 [java.util.concurrent.ThreadPoolExecutor$Worker@3835934d[State = -1, empty queue]] WARN  server.GrpcLogAppender (GrpcLogAppender.java:timeoutAppendRequest(200)) - 0721d391-9877-4bc5-9778-84bb7e49252a@group-F957B9D63A79->8e2eaa3a-398a-46ef-9472-b716e4b01ba0-GrpcLogAppender: appendEntries Timeout, request=0721d391-9877-4bc5-9778-84bb7e49252a->8e2eaa3a-398a-46ef-9472-b716e4b01ba0#149-t1, previous=(t:1, i:19), leaderCommit=12, initializing? false, entries: <empty>
2019-09-10 19:06:06,166 [java.util.concurrent.ThreadPoolExecutor$Worker@44ea9f2[State = -1, empty queue]] WARN  server.GrpcLogAppender (GrpcLogAppender.java:timeoutAppendRequest(200)) - 0721d391-9877-4bc5-9778-84bb7e49252a@group-F957B9D63A79->0b57ef76-c121-46fb-9637-94024daca647-GrpcLogAppender: appendEntries Timeout, request=0721d391-9877-4bc5-9778-84bb7e49252a->0b57ef76-c121-46fb-9637-94024daca647#149-t1, previous=(t:1, i:19), leaderCommit=12, initializing? false, entries: <empty>
2019-09-10 19:06:08,167 [org.apache.ratis.server.impl.LogAppender$AppenderDaemon$$Lambda$505/327848963@65aa0ff8] ERROR ratis.XceiverServerRatis (XceiverServerRatis.java:triggerPipelineClose(568)) - pipeline Action CLOSE  on pipeline PipelineID=f1dc604d-5181-49c0-b613-f957b9d63a79.Reason : 0721d391-9877-4bc5-9778-84bb7e49252a has not seen follower/s 0b57ef76-c121-46fb-9637-94024daca647 for 149417ms 8e2eaa3a-398a-46ef-9472-b716e4b01ba0 for 149416ms
2019-09-10 19:06:08,168 [org.apache.ratis.server.impl.LogAppender$AppenderDaemon$$Lambda$505/327848963@527fbb1b] ERROR ratis.XceiverServerRatis (XceiverServerRatis.java:triggerPipelineClose(568)) - pipeline Action CLOSE  on pipeline PipelineID=f1dc604d-5181-49c0-b613-f957b9d63a79.Reason : 0721d391-9877-4bc5-9778-84bb7e49252a has not seen follower/s 0b57ef76-c121-46fb-9637-94024daca647 for 149417ms 8e2eaa3a-398a-46ef-9472-b716e4b01ba0 for 149417ms
2019-09-10 19:06:08,666 [java.util.concurrent.ThreadPoolExecutor$Worker@3835934d[State = -1, empty queue]] WARN  server.GrpcLogAppender (GrpcLogAppender.java:timeoutAppendRequest(200)) - 0721d391-9877-4bc5-9778-84bb7e49252a@group-F957B9D63A79->8e2eaa3a-398a-46ef-9472-b716e4b01ba0-GrpcLogAppender: appendEntries Timeout, request=0721d391-9877-4bc5-9778-84bb7e49252a->8e2eaa3a-398a-46ef-9472-b716e4b01ba0#150-t1, previous=(t:1, i:19), leaderCommit=12, initializing? false, entries: <empty>
2019-09-10 19:06:08,667 [java.util.concurrent.ThreadPoolExecutor$Worker@44ea9f2[State = -1, empty queue]] WARN  server.GrpcLogAppender (GrpcLogAppender.java:timeoutAppendRequest(200)) - 0721d391-9877-4bc5-9778-84bb7e49252a@group-F957B9D63A79->0b57ef76-c121-46fb-9637-94024daca647-GrpcLogAppender: appendEntries Timeout, request=0721d391-9877-4bc5-9778-84bb7e49252a->0b57ef76-c121-46fb-9637-94024daca647#150-t1, previous=(t:1, i:19), leaderCommit=12, initializing? false, entries: <empty>
2019-09-10 19:06:09,161 [EventQueue-PipelineActionsForPipelineActionHandler] ERROR pipeline.PipelineActionHandler (PipelineActionHandler.java:onMessage(60)) - Received pipeline action CLOSE for Pipeline[ Id: f1dc604d-5181-49c0-b613-f957b9d63a79, Nodes: 0721d391-9877-4bc5-9778-84bb7e49252a{ip: 192.168.36.113, host: pr-hdds-1982-decom-states-gjzbw-1854142291, networkLocation: /default-rack, certSerialId: null}8e2eaa3a-398a-46ef-9472-b716e4b01ba0{ip: 192.168.36.113, host: pr-hdds-1982-decom-states-gjzbw-1854142291, networkLocation: /default-rack, certSerialId: null}0b57ef76-c121-46fb-9637-94024daca647{ip: 192.168.36.113, host: pr-hdds-1982-decom-states-gjzbw-1854142291, networkLocation: /default-rack, certSerialId: null}, Type:RATIS, Factor:THREE, State:CLOSED] from datanode 0721d391-9877-4bc5-9778-84bb7e49252a{ip: 192.168.36.113, host: pr-hdds-1982-decom-states-gjzbw-1854142291, networkLocation: /default-rack, certSerialId: null}. Reason : 0721d391-9877-4bc5-9778-84bb7e49252a has not seen follower/s 0b57ef76-c121-46fb-9637-94024daca647 for 149417ms 8e2eaa3a-398a-46ef-9472-b716e4b01ba0 for 149416ms
2019-09-10 19:06:09,162 [EventQueue-PipelineActionsForPipelineActionHandler] INFO  pipeline.SCMPipelineManager (SCMPipelineManager.java:finalizeAndDestroyPipeline(311)) - destroying pipeline:Pipeline[ Id: f1dc604d-5181-49c0-b613-f957b9d63a79, Nodes: 0721d391-9877-4bc5-9778-84bb7e49252a{ip: 192.168.36.113, host: pr-hdds-1982-decom-states-gjzbw-1854142291, networkLocation: /default-rack, certSerialId: null}8e2eaa3a-398a-46ef-9472-b716e4b01ba0{ip: 192.168.36.113, host: pr-hdds-1982-decom-states-gjzbw-1854142291, networkLocation: /default-rack, certSerialId: null}0b57ef76-c121-46fb-9637-94024daca647{ip: 192.168.36.113, host: pr-hdds-1982-decom-states-gjzbw-1854142291, networkLocation: /default-rack, certSerialId: null}, Type:RATIS, Factor:THREE, State:CLOSED]
2019-09-10 19:06:09,883 [0721d391-9877-4bc5-9778-84bb7e49252a@group-F957B9D63A79-SegmentedRaftLogWorker] WARN  segmented.SegmentedRaftLogWorker (SegmentedRaftLogWorker.java:getFromFuture(90)) - Timeout 14/~
org.apache.ratis.protocol.TimeoutIOException: Timeout 10s: WriteLog:13: (t:1, i:13), STATEMACHINELOGENTRY, client-3004A9070B8E, cid=140-writeStateMachineData
	at org.apache.ratis.util.IOUtils.getFromFuture(IOUtils.java:87)
	at org.apache.ratis.server.raftlog.segmented.SegmentedRaftLogWorker$StateMachineDataPolicy.getFromFuture(SegmentedRaftLogWorker.java:87)
	at org.apache.ratis.server.raftlog.segmented.SegmentedRaftLogWorker$WriteLog.execute(SegmentedRaftLogWorker.java:477)
	at org.apache.ratis.server.raftlog.segmented.SegmentedRaftLogWorker.run(SegmentedRaftLogWorker.java:289)
	at java.lang.Thread.run(Thread.java:748)
Caused by: java.util.concurrent.TimeoutException
	at java.util.concurrent.CompletableFuture.timedGet(CompletableFuture.java:1771)
	at java.util.concurrent.CompletableFuture.get(CompletableFuture.java:1915)
	at org.apache.ratis.util.IOUtils.getFromFuture(IOUtils.java:79)
	... 4 more
2019-09-10 19:06:10,126 [0b57ef76-c121-46fb-9637-94024daca647@group-F957B9D63A79-SegmentedRaftLogWorker] WARN  segmented.SegmentedRaftLogWorker (SegmentedRaftLogWorker.java:getFromFuture(90)) - Timeout 14/~
org.apache.ratis.protocol.TimeoutIOException: Timeout 10s: WriteLog:16: (t:1, i:16), STATEMACHINELOGENTRY, client-3004A9070B8E, cid=143-writeStateMachineData
	at org.apache.ratis.util.IOUtils.getFromFuture(IOUtils.java:87)
	at org.apache.ratis.server.raftlog.segmented.SegmentedRaftLogWorker$StateMachineDataPolicy.getFromFuture(SegmentedRaftLogWorker.java:87)
	at org.apache.ratis.server.raftlog.segmented.SegmentedRaftLogWorker$WriteLog.execute(SegmentedRaftLogWorker.java:477)
	at org.apache.ratis.server.raftlog.segmented.SegmentedRaftLogWorker.run(SegmentedRaftLogWorker.java:289)
	at java.lang.Thread.run(Thread.java:748)
Caused by: java.util.concurrent.TimeoutException
	at java.util.concurrent.CompletableFuture.timedGet(CompletableFuture.java:1771)
	at java.util.concurrent.CompletableFuture.get(CompletableFuture.java:1915)
	at org.apache.ratis.util.IOUtils.getFromFuture(IOUtils.java:79)
	... 4 more
2019-09-10 19:06:10,127 [8e2eaa3a-398a-46ef-9472-b716e4b01ba0@group-F957B9D63A79-SegmentedRaftLogWorker] WARN  segmented.SegmentedRaftLogWorker (SegmentedRaftLogWorker.java:getFromFuture(90)) - Timeout 14/~
org.apache.ratis.protocol.TimeoutIOException: Timeout 10s: WriteLog:14: (t:1, i:14), STATEMACHINELOGENTRY, client-3004A9070B8E, cid=141-writeStateMachineData
	at org.apache.ratis.util.IOUtils.getFromFuture(IOUtils.java:87)
	at org.apache.ratis.server.raftlog.segmented.SegmentedRaftLogWorker$StateMachineDataPolicy.getFromFuture(SegmentedRaftLogWorker.java:87)
	at org.apache.ratis.server.raftlog.segmented.SegmentedRaftLogWorker$WriteLog.execute(SegmentedRaftLogWorker.java:477)
	at org.apache.ratis.server.raftlog.segmented.SegmentedRaftLogWorker.run(SegmentedRaftLogWorker.java:289)
	at java.lang.Thread.run(Thread.java:748)
Caused by: java.util.concurrent.TimeoutException
	at java.util.concurrent.CompletableFuture.timedGet(CompletableFuture.java:1771)
	at java.util.concurrent.CompletableFuture.get(CompletableFuture.java:1915)
	at org.apache.ratis.util.IOUtils.getFromFuture(IOUtils.java:79)
	... 4 more
2019-09-10 19:06:10,668 [org.apache.ratis.server.impl.LogAppender$AppenderDaemon$$Lambda$505/327848963@65aa0ff8] ERROR ratis.XceiverServerRatis (XceiverServerRatis.java:triggerPipelineClose(568)) - pipeline Action CLOSE  on pipeline PipelineID=f1dc604d-5181-49c0-b613-f957b9d63a79.Reason : 0721d391-9877-4bc5-9778-84bb7e49252a has not seen follower/s 0b57ef76-c121-46fb-9637-94024daca647 for 151917ms 8e2eaa3a-398a-46ef-9472-b716e4b01ba0 for 151917ms
2019-09-10 19:06:10,668 [org.apache.ratis.server.impl.LogAppender$AppenderDaemon$$Lambda$505/327848963@527fbb1b] ERROR ratis.XceiverServerRatis (XceiverServerRatis.java:triggerPipelineClose(568)) - pipeline Action CLOSE  on pipeline PipelineID=f1dc604d-5181-49c0-b613-f957b9d63a79.Reason : 0721d391-9877-4bc5-9778-84bb7e49252a has not seen follower/s 0b57ef76-c121-46fb-9637-94024daca647 for 151918ms 8e2eaa3a-398a-46ef-9472-b716e4b01ba0 for 151918ms
2019-09-10 19:06:11,162 [EventQueue-PipelineActionsForPipelineActionHandler] ERROR pipeline.PipelineActionHandler (PipelineActionHandler.java:onMessage(60)) - Received pipeline action CLOSE for Pipeline[ Id: f1dc604d-5181-49c0-b613-f957b9d63a79, Nodes: 0721d391-9877-4bc5-9778-84bb7e49252a{ip: 192.168.36.113, host: pr-hdds-1982-decom-states-gjzbw-1854142291, networkLocation: /default-rack, certSerialId: null}8e2eaa3a-398a-46ef-9472-b716e4b01ba0{ip: 192.168.36.113, host: pr-hdds-1982-decom-states-gjzbw-1854142291, networkLocation: /default-rack, certSerialId: null}0b57ef76-c121-46fb-9637-94024daca647{ip: 192.168.36.113, host: pr-hdds-1982-decom-states-gjzbw-1854142291, networkLocation: /default-rack, certSerialId: null}, Type:RATIS, Factor:THREE, State:CLOSED] from datanode 0721d391-9877-4bc5-9778-84bb7e49252a{ip: 192.168.36.113, host: pr-hdds-1982-decom-states-gjzbw-1854142291, networkLocation: /default-rack, certSerialId: null}. Reason : 0721d391-9877-4bc5-9778-84bb7e49252a has not seen follower/s 0b57ef76-c121-46fb-9637-94024daca647 for 151917ms 8e2eaa3a-398a-46ef-9472-b716e4b01ba0 for 151917ms
2019-09-10 19:06:11,162 [EventQueue-PipelineActionsForPipelineActionHandler] INFO  pipeline.SCMPipelineManager (SCMPipelineManager.java:finalizeAndDestroyPipeline(311)) - destroying pipeline:Pipeline[ Id: f1dc604d-5181-49c0-b613-f957b9d63a79, Nodes: 0721d391-9877-4bc5-9778-84bb7e49252a{ip: 192.168.36.113, host: pr-hdds-1982-decom-states-gjzbw-1854142291, networkLocation: /default-rack, certSerialId: null}8e2eaa3a-398a-46ef-9472-b716e4b01ba0{ip: 192.168.36.113, host: pr-hdds-1982-decom-states-gjzbw-1854142291, networkLocation: /default-rack, certSerialId: null}0b57ef76-c121-46fb-9637-94024daca647{ip: 192.168.36.113, host: pr-hdds-1982-decom-states-gjzbw-1854142291, networkLocation: /default-rack, certSerialId: null}, Type:RATIS, Factor:THREE, State:CLOSED]
2019-09-10 19:06:11,167 [java.util.concurrent.ThreadPoolExecutor$Worker@3835934d[State = -1, empty queue]] WARN  server.GrpcLogAppender (GrpcLogAppender.java:timeoutAppendRequest(200)) - 0721d391-9877-4bc5-9778-84bb7e49252a@group-F957B9D63A79->8e2eaa3a-398a-46ef-9472-b716e4b01ba0-GrpcLogAppender: appendEntries Timeout, request=0721d391-9877-4bc5-9778-84bb7e49252a->8e2eaa3a-398a-46ef-9472-b716e4b01ba0#151-t1, previous=(t:1, i:19), leaderCommit=12, initializing? false, entries: <empty>
2019-09-10 19:06:11,167 [java.util.concurrent.ThreadPoolExecutor$Worker@44ea9f2[State = -1, empty queue]] WARN  server.GrpcLogAppender (GrpcLogAppender.java:timeoutAppendRequest(200)) - 0721d391-9877-4bc5-9778-84bb7e49252a@group-F957B9D63A79->0b57ef76-c121-46fb-9637-94024daca647-GrpcLogAppender: appendEntries Timeout, request=0721d391-9877-4bc5-9778-84bb7e49252a->0b57ef76-c121-46fb-9637-94024daca647#151-t1, previous=(t:1, i:19), leaderCommit=12, initializing? false, entries: <empty>
2019-09-10 19:06:11,169 [grpc-default-executor-9] INFO  client.GrpcClientProtocolClient (GrpcClientProtocolClient.java:onNext(264)) - client-3004A9070B8E->0b57ef76-c121-46fb-9637-94024daca647: receive RaftClientReply:client-3004A9070B8E->0b57ef76-c121-46fb-9637-94024daca647@group-F957B9D63A79, cid=140, FAILED org.apache.ratis.protocol.NotLeaderException: Server 0b57ef76-c121-46fb-9637-94024daca647@group-F957B9D63A79 is not the leader 0721d391-9877-4bc5-9778-84bb7e49252a:192.168.36.113:44025, logIndex=0, commits[0b57ef76-c121-46fb-9637-94024daca647:c12, 0721d391-9877-4bc5-9778-84bb7e49252a:c12, 8e2eaa3a-398a-46ef-9472-b716e4b01ba0:c7]
2019-09-10 19:06:13,168 [org.apache.ratis.server.impl.LogAppender$AppenderDaemon$$Lambda$505/327848963@65aa0ff8] ERROR ratis.XceiverServerRatis (XceiverServerRatis.java:triggerPipelineClose(568)) - pipeline Action CLOSE  on pipeline PipelineID=f1dc604d-5181-49c0-b613-f957b9d63a79.Reason : 0721d391-9877-4bc5-9778-84bb7e49252a has not seen follower/s 0b57ef76-c121-46fb-9637-94024daca647 for 154418ms 8e2eaa3a-398a-46ef-9472-b716e4b01ba0 for 154418ms
2019-09-10 19:06:13,169 [org.apache.ratis.server.impl.LogAppender$AppenderDaemon$$Lambda$505/327848963@527fbb1b] ERROR ratis.XceiverServerRatis (XceiverServerRatis.java:triggerPipelineClose(568)) - pipeline Action CLOSE  on pipeline PipelineID=f1dc604d-5181-49c0-b613-f957b9d63a79.Reason : 0721d391-9877-4bc5-9778-84bb7e49252a has not seen follower/s 0b57ef76-c121-46fb-9637-94024daca647 for 154418ms 8e2eaa3a-398a-46ef-9472-b716e4b01ba0 for 154418ms
2019-09-10 19:06:13,668 [java.util.concurrent.ThreadPoolExecutor$Worker@3835934d[State = -1, empty queue]] WARN  server.GrpcLogAppender (GrpcLogAppender.java:timeoutAppendRequest(200)) - 0721d391-9877-4bc5-9778-84bb7e49252a@group-F957B9D63A79->8e2eaa3a-398a-46ef-9472-b716e4b01ba0-GrpcLogAppender: appendEntries Timeout, request=0721d391-9877-4bc5-9778-84bb7e49252a->8e2eaa3a-398a-46ef-9472-b716e4b01ba0#152-t1, previous=(t:1, i:19), leaderCommit=12, initializing? false, entries: <empty>
2019-09-10 19:06:13,668 [java.util.concurrent.ThreadPoolExecutor$Worker@44ea9f2[State = -1, empty queue]] WARN  server.GrpcLogAppender (GrpcLogAppender.java:timeoutAppendRequest(200)) - 0721d391-9877-4bc5-9778-84bb7e49252a@group-F957B9D63A79->0b57ef76-c121-46fb-9637-94024daca647-GrpcLogAppender: appendEntries Timeout, request=0721d391-9877-4bc5-9778-84bb7e49252a->0b57ef76-c121-46fb-9637-94024daca647#152-t1, previous=(t:1, i:19), leaderCommit=12, initializing? false, entries: <empty>
2019-09-10 19:06:14,162 [EventQueue-PipelineActionsForPipelineActionHandler] ERROR pipeline.PipelineActionHandler (PipelineActionHandler.java:onMessage(60)) - Received pipeline action CLOSE for Pipeline[ Id: f1dc604d-5181-49c0-b613-f957b9d63a79, Nodes: 0721d391-9877-4bc5-9778-84bb7e49252a{ip: 192.168.36.113, host: pr-hdds-1982-decom-states-gjzbw-1854142291, networkLocation: /default-rack, certSerialId: null}8e2eaa3a-398a-46ef-9472-b716e4b01ba0{ip: 192.168.36.113, host: pr-hdds-1982-decom-states-gjzbw-1854142291, networkLocation: /default-rack, certSerialId: null}0b57ef76-c121-46fb-9637-94024daca647{ip: 192.168.36.113, host: pr-hdds-1982-decom-states-gjzbw-1854142291, networkLocation: /default-rack, certSerialId: null}, Type:RATIS, Factor:THREE, State:CLOSED] from datanode 0721d391-9877-4bc5-9778-84bb7e49252a{ip: 192.168.36.113, host: pr-hdds-1982-decom-states-gjzbw-1854142291, networkLocation: /default-rack, certSerialId: null}. Reason : 0721d391-9877-4bc5-9778-84bb7e49252a has not seen follower/s 0b57ef76-c121-46fb-9637-94024daca647 for 154418ms 8e2eaa3a-398a-46ef-9472-b716e4b01ba0 for 154418ms
2019-09-10 19:06:14,163 [EventQueue-PipelineActionsForPipelineActionHandler] INFO  pipeline.SCMPipelineManager (SCMPipelineManager.java:finalizeAndDestroyPipeline(311)) - destroying pipeline:Pipeline[ Id: f1dc604d-5181-49c0-b613-f957b9d63a79, Nodes: 0721d391-9877-4bc5-9778-84bb7e49252a{ip: 192.168.36.113, host: pr-hdds-1982-decom-states-gjzbw-1854142291, networkLocation: /default-rack, certSerialId: null}8e2eaa3a-398a-46ef-9472-b716e4b01ba0{ip: 192.168.36.113, host: pr-hdds-1982-decom-states-gjzbw-1854142291, networkLocation: /default-rack, certSerialId: null}0b57ef76-c121-46fb-9637-94024daca647{ip: 192.168.36.113, host: pr-hdds-1982-decom-states-gjzbw-1854142291, networkLocation: /default-rack, certSerialId: null}, Type:RATIS, Factor:THREE, State:CLOSED]
2019-09-10 19:06:15,670 [org.apache.ratis.server.impl.LogAppender$AppenderDaemon$$Lambda$505/327848963@65aa0ff8] ERROR ratis.XceiverServerRatis (XceiverServerRatis.java:triggerPipelineClose(568)) - pipeline Action CLOSE  on pipeline PipelineID=f1dc604d-5181-49c0-b613-f957b9d63a79.Reason : 0721d391-9877-4bc5-9778-84bb7e49252a has not seen follower/s 0b57ef76-c121-46fb-9637-94024daca647 for 156919ms 8e2eaa3a-398a-46ef-9472-b716e4b01ba0 for 156919ms
2019-09-10 19:06:15,670 [org.apache.ratis.server.impl.LogAppender$AppenderDaemon$$Lambda$505/327848963@527fbb1b] ERROR ratis.XceiverServerRatis (XceiverServerRatis.java:triggerPipelineClose(568)) - pipeline Action CLOSE  on pipeline PipelineID=f1dc604d-5181-49c0-b613-f957b9d63a79.Reason : 0721d391-9877-4bc5-9778-84bb7e49252a has not seen follower/s 0b57ef76-c121-46fb-9637-94024daca647 for 156919ms 8e2eaa3a-398a-46ef-9472-b716e4b01ba0 for 156919ms
2019-09-10 19:06:16,163 [EventQueue-PipelineActionsForPipelineActionHandler] ERROR pipeline.PipelineActionHandler (PipelineActionHandler.java:onMessage(60)) - Received pipeline action CLOSE for Pipeline[ Id: f1dc604d-5181-49c0-b613-f957b9d63a79, Nodes: 0721d391-9877-4bc5-9778-84bb7e49252a{ip: 192.168.36.113, host: pr-hdds-1982-decom-states-gjzbw-1854142291, networkLocation: /default-rack, certSerialId: null}8e2eaa3a-398a-46ef-9472-b716e4b01ba0{ip: 192.168.36.113, host: pr-hdds-1982-decom-states-gjzbw-1854142291, networkLocation: /default-rack, certSerialId: null}0b57ef76-c121-46fb-9637-94024daca647{ip: 192.168.36.113, host: pr-hdds-1982-decom-states-gjzbw-1854142291, networkLocation: /default-rack, certSerialId: null}, Type:RATIS, Factor:THREE, State:CLOSED] from datanode 0721d391-9877-4bc5-9778-84bb7e49252a{ip: 192.168.36.113, host: pr-hdds-1982-decom-states-gjzbw-1854142291, networkLocation: /default-rack, certSerialId: null}. Reason : 0721d391-9877-4bc5-9778-84bb7e49252a has not seen follower/s 0b57ef76-c121-46fb-9637-94024daca647 for 156919ms 8e2eaa3a-398a-46ef-9472-b716e4b01ba0 for 156919ms
2019-09-10 19:06:16,163 [EventQueue-PipelineActionsForPipelineActionHandler] INFO  pipeline.SCMPipelineManager (SCMPipelineManager.java:finalizeAndDestroyPipeline(311)) - destroying pipeline:Pipeline[ Id: f1dc604d-5181-49c0-b613-f957b9d63a79, Nodes: 0721d391-9877-4bc5-9778-84bb7e49252a{ip: 192.168.36.113, host: pr-hdds-1982-decom-states-gjzbw-1854142291, networkLocation: /default-rack, certSerialId: null}8e2eaa3a-398a-46ef-9472-b716e4b01ba0{ip: 192.168.36.113, host: pr-hdds-1982-decom-states-gjzbw-1854142291, networkLocation: /default-rack, certSerialId: null}0b57ef76-c121-46fb-9637-94024daca647{ip: 192.168.36.113, host: pr-hdds-1982-decom-states-gjzbw-1854142291, networkLocation: /default-rack, certSerialId: null}, Type:RATIS, Factor:THREE, State:CLOSED]
2019-09-10 19:06:16,168 [java.util.concurrent.ThreadPoolExecutor$Worker@3835934d[State = -1, empty queue]] WARN  server.GrpcLogAppender (GrpcLogAppender.java:timeoutAppendRequest(200)) - 0721d391-9877-4bc5-9778-84bb7e49252a@group-F957B9D63A79->8e2eaa3a-398a-46ef-9472-b716e4b01ba0-GrpcLogAppender: appendEntries Timeout, request=0721d391-9877-4bc5-9778-84bb7e49252a->8e2eaa3a-398a-46ef-9472-b716e4b01ba0#153-t1, previous=(t:1, i:19), leaderCommit=12, initializing? false, entries: <empty>
2019-09-10 19:06:16,169 [java.util.concurrent.ThreadPoolExecutor$Worker@44ea9f2[State = -1, empty queue]] WARN  server.GrpcLogAppender (GrpcLogAppender.java:timeoutAppendRequest(200)) - 0721d391-9877-4bc5-9778-84bb7e49252a@group-F957B9D63A79->0b57ef76-c121-46fb-9637-94024daca647-GrpcLogAppender: appendEntries Timeout, request=0721d391-9877-4bc5-9778-84bb7e49252a->0b57ef76-c121-46fb-9637-94024daca647#153-t1, previous=(t:1, i:19), leaderCommit=12, initializing? false, entries: <empty>
2019-09-10 19:06:16,224 [grpc-default-executor-10] INFO  client.GrpcClientProtocolClient (GrpcClientProtocolClient.java:onNext(264)) - client-3004A9070B8E->0b57ef76-c121-46fb-9637-94024daca647: receive RaftClientReply:client-3004A9070B8E->0b57ef76-c121-46fb-9637-94024daca647@group-F957B9D63A79, cid=140, FAILED org.apache.ratis.protocol.NotLeaderException: Server 0b57ef76-c121-46fb-9637-94024daca647@group-F957B9D63A79 is not the leader 0721d391-9877-4bc5-9778-84bb7e49252a:192.168.36.113:44025, logIndex=0, commits[0b57ef76-c121-46fb-9637-94024daca647:c12, 0721d391-9877-4bc5-9778-84bb7e49252a:c12, 8e2eaa3a-398a-46ef-9472-b716e4b01ba0:c7]
2019-09-10 19:06:18,170 [org.apache.ratis.server.impl.LogAppender$AppenderDaemon$$Lambda$505/327848963@527fbb1b] ERROR ratis.XceiverServerRatis (XceiverServerRatis.java:triggerPipelineClose(568)) - pipeline Action CLOSE  on pipeline PipelineID=f1dc604d-5181-49c0-b613-f957b9d63a79.Reason : 0721d391-9877-4bc5-9778-84bb7e49252a has not seen follower/s 0b57ef76-c121-46fb-9637-94024daca647 for 159420ms 8e2eaa3a-398a-46ef-9472-b716e4b01ba0 for 159420ms
2019-09-10 19:06:18,170 [org.apache.ratis.server.impl.LogAppender$AppenderDaemon$$Lambda$505/327848963@65aa0ff8] ERROR ratis.XceiverServerRatis (XceiverServerRatis.java:triggerPipelineClose(568)) - pipeline Action CLOSE  on pipeline PipelineID=f1dc604d-5181-49c0-b613-f957b9d63a79.Reason : 0721d391-9877-4bc5-9778-84bb7e49252a has not seen follower/s 0b57ef76-c121-46fb-9637-94024daca647 for 159420ms 8e2eaa3a-398a-46ef-9472-b716e4b01ba0 for 159420ms
2019-09-10 19:06:18,669 [java.util.concurrent.ThreadPoolExecutor$Worker@3835934d[State = -1, empty queue]] WARN  server.GrpcLogAppender (GrpcLogAppender.java:timeoutAppendRequest(200)) - 0721d391-9877-4bc5-9778-84bb7e49252a@group-F957B9D63A79->8e2eaa3a-398a-46ef-9472-b716e4b01ba0-GrpcLogAppender: appendEntries Timeout, request=0721d391-9877-4bc5-9778-84bb7e49252a->8e2eaa3a-398a-46ef-9472-b716e4b01ba0#154-t1, previous=(t:1, i:19), leaderCommit=12, initializing? false, entries: <empty>
2019-09-10 19:06:18,669 [java.util.concurrent.ThreadPoolExecutor$Worker@44ea9f2[State = -1, empty queue]] WARN  server.GrpcLogAppender (GrpcLogAppender.java:timeoutAppendRequest(200)) - 0721d391-9877-4bc5-9778-84bb7e49252a@group-F957B9D63A79->0b57ef76-c121-46fb-9637-94024daca647-GrpcLogAppender: appendEntries Timeout, request=0721d391-9877-4bc5-9778-84bb7e49252a->0b57ef76-c121-46fb-9637-94024daca647#154-t1, previous=(t:1, i:19), leaderCommit=12, initializing? false, entries: <empty>
2019-09-10 19:06:19,164 [EventQueue-PipelineActionsForPipelineActionHandler] ERROR pipeline.PipelineActionHandler (PipelineActionHandler.java:onMessage(60)) - Received pipeline action CLOSE for Pipeline[ Id: f1dc604d-5181-49c0-b613-f957b9d63a79, Nodes: 0721d391-9877-4bc5-9778-84bb7e49252a{ip: 192.168.36.113, host: pr-hdds-1982-decom-states-gjzbw-1854142291, networkLocation: /default-rack, certSerialId: null}8e2eaa3a-398a-46ef-9472-b716e4b01ba0{ip: 192.168.36.113, host: pr-hdds-1982-decom-states-gjzbw-1854142291, networkLocation: /default-rack, certSerialId: null}0b57ef76-c121-46fb-9637-94024daca647{ip: 192.168.36.113, host: pr-hdds-1982-decom-states-gjzbw-1854142291, networkLocation: /default-rack, certSerialId: null}, Type:RATIS, Factor:THREE, State:CLOSED] from datanode 0721d391-9877-4bc5-9778-84bb7e49252a{ip: 192.168.36.113, host: pr-hdds-1982-decom-states-gjzbw-1854142291, networkLocation: /default-rack, certSerialId: null}. Reason : 0721d391-9877-4bc5-9778-84bb7e49252a has not seen follower/s 0b57ef76-c121-46fb-9637-94024daca647 for 159420ms 8e2eaa3a-398a-46ef-9472-b716e4b01ba0 for 159420ms
2019-09-10 19:06:19,164 [EventQueue-PipelineActionsForPipelineActionHandler] INFO  pipeline.SCMPipelineManager (SCMPipelineManager.java:finalizeAndDestroyPipeline(311)) - destroying pipeline:Pipeline[ Id: f1dc604d-5181-49c0-b613-f957b9d63a79, Nodes: 0721d391-9877-4bc5-9778-84bb7e49252a{ip: 192.168.36.113, host: pr-hdds-1982-decom-states-gjzbw-1854142291, networkLocation: /default-rack, certSerialId: null}8e2eaa3a-398a-46ef-9472-b716e4b01ba0{ip: 192.168.36.113, host: pr-hdds-1982-decom-states-gjzbw-1854142291, networkLocation: /default-rack, certSerialId: null}0b57ef76-c121-46fb-9637-94024daca647{ip: 192.168.36.113, host: pr-hdds-1982-decom-states-gjzbw-1854142291, networkLocation: /default-rack, certSerialId: null}, Type:RATIS, Factor:THREE, State:CLOSED]
2019-09-10 19:06:19,884 [0721d391-9877-4bc5-9778-84bb7e49252a@group-F957B9D63A79-SegmentedRaftLogWorker] WARN  segmented.SegmentedRaftLogWorker (SegmentedRaftLogWorker.java:getFromFuture(90)) - Timeout 15/~
org.apache.ratis.protocol.TimeoutIOException: Timeout 10s: WriteLog:13: (t:1, i:13), STATEMACHINELOGENTRY, client-3004A9070B8E, cid=140-writeStateMachineData
	at org.apache.ratis.util.IOUtils.getFromFuture(IOUtils.java:87)
	at org.apache.ratis.server.raftlog.segmented.SegmentedRaftLogWorker$StateMachineDataPolicy.getFromFuture(SegmentedRaftLogWorker.java:87)
	at org.apache.ratis.server.raftlog.segmented.SegmentedRaftLogWorker$WriteLog.execute(SegmentedRaftLogWorker.java:477)
	at org.apache.ratis.server.raftlog.segmented.SegmentedRaftLogWorker.run(SegmentedRaftLogWorker.java:289)
	at java.lang.Thread.run(Thread.java:748)
Caused by: java.util.concurrent.TimeoutException
	at java.util.concurrent.CompletableFuture.timedGet(CompletableFuture.java:1771)
	at java.util.concurrent.CompletableFuture.get(CompletableFuture.java:1915)
	at org.apache.ratis.util.IOUtils.getFromFuture(IOUtils.java:79)
	... 4 more
2019-09-10 19:06:20,127 [0b57ef76-c121-46fb-9637-94024daca647@group-F957B9D63A79-SegmentedRaftLogWorker] WARN  segmented.SegmentedRaftLogWorker (SegmentedRaftLogWorker.java:getFromFuture(90)) - Timeout 15/~
org.apache.ratis.protocol.TimeoutIOException: Timeout 10s: WriteLog:16: (t:1, i:16), STATEMACHINELOGENTRY, client-3004A9070B8E, cid=143-writeStateMachineData
	at org.apache.ratis.util.IOUtils.getFromFuture(IOUtils.java:87)
	at org.apache.ratis.server.raftlog.segmented.SegmentedRaftLogWorker$StateMachineDataPolicy.getFromFuture(SegmentedRaftLogWorker.java:87)
	at org.apache.ratis.server.raftlog.segmented.SegmentedRaftLogWorker$WriteLog.execute(SegmentedRaftLogWorker.java:477)
	at org.apache.ratis.server.raftlog.segmented.SegmentedRaftLogWorker.run(SegmentedRaftLogWorker.java:289)
	at java.lang.Thread.run(Thread.java:748)
Caused by: java.util.concurrent.TimeoutException
	at java.util.concurrent.CompletableFuture.timedGet(CompletableFuture.java:1771)
	at java.util.concurrent.CompletableFuture.get(CompletableFuture.java:1915)
	at org.apache.ratis.util.IOUtils.getFromFuture(IOUtils.java:79)
	... 4 more
2019-09-10 19:06:20,148 [8e2eaa3a-398a-46ef-9472-b716e4b01ba0@group-F957B9D63A79-SegmentedRaftLogWorker] WARN  segmented.SegmentedRaftLogWorker (SegmentedRaftLogWorker.java:getFromFuture(90)) - Timeout 15/~
org.apache.ratis.protocol.TimeoutIOException: Timeout 10s: WriteLog:14: (t:1, i:14), STATEMACHINELOGENTRY, client-3004A9070B8E, cid=141-writeStateMachineData
	at org.apache.ratis.util.IOUtils.getFromFuture(IOUtils.java:87)
	at org.apache.ratis.server.raftlog.segmented.SegmentedRaftLogWorker$StateMachineDataPolicy.getFromFuture(SegmentedRaftLogWorker.java:87)
	at org.apache.ratis.server.raftlog.segmented.SegmentedRaftLogWorker$WriteLog.execute(SegmentedRaftLogWorker.java:477)
	at org.apache.ratis.server.raftlog.segmented.SegmentedRaftLogWorker.run(SegmentedRaftLogWorker.java:289)
	at java.lang.Thread.run(Thread.java:748)
Caused by: java.util.concurrent.TimeoutException
	at java.util.concurrent.CompletableFuture.timedGet(CompletableFuture.java:1771)
	at java.util.concurrent.CompletableFuture.get(CompletableFuture.java:1915)
	at org.apache.ratis.util.IOUtils.getFromFuture(IOUtils.java:79)
	... 4 more
2019-09-10 19:06:20,671 [org.apache.ratis.server.impl.LogAppender$AppenderDaemon$$Lambda$505/327848963@65aa0ff8] ERROR ratis.XceiverServerRatis (XceiverServerRatis.java:triggerPipelineClose(568)) - pipeline Action CLOSE  on pipeline PipelineID=f1dc604d-5181-49c0-b613-f957b9d63a79.Reason : 0721d391-9877-4bc5-9778-84bb7e49252a has not seen follower/s 0b57ef76-c121-46fb-9637-94024daca647 for 161921ms 8e2eaa3a-398a-46ef-9472-b716e4b01ba0 for 161920ms
2019-09-10 19:06:20,671 [org.apache.ratis.server.impl.LogAppender$AppenderDaemon$$Lambda$505/327848963@527fbb1b] ERROR ratis.XceiverServerRatis (XceiverServerRatis.java:triggerPipelineClose(568)) - pipeline Action CLOSE  on pipeline PipelineID=f1dc604d-5181-49c0-b613-f957b9d63a79.Reason : 0721d391-9877-4bc5-9778-84bb7e49252a has not seen follower/s 0b57ef76-c121-46fb-9637-94024daca647 for 161921ms 8e2eaa3a-398a-46ef-9472-b716e4b01ba0 for 161921ms
2019-09-10 19:06:21,164 [EventQueue-PipelineActionsForPipelineActionHandler] ERROR pipeline.PipelineActionHandler (PipelineActionHandler.java:onMessage(60)) - Received pipeline action CLOSE for Pipeline[ Id: f1dc604d-5181-49c0-b613-f957b9d63a79, Nodes: 0721d391-9877-4bc5-9778-84bb7e49252a{ip: 192.168.36.113, host: pr-hdds-1982-decom-states-gjzbw-1854142291, networkLocation: /default-rack, certSerialId: null}8e2eaa3a-398a-46ef-9472-b716e4b01ba0{ip: 192.168.36.113, host: pr-hdds-1982-decom-states-gjzbw-1854142291, networkLocation: /default-rack, certSerialId: null}0b57ef76-c121-46fb-9637-94024daca647{ip: 192.168.36.113, host: pr-hdds-1982-decom-states-gjzbw-1854142291, networkLocation: /default-rack, certSerialId: null}, Type:RATIS, Factor:THREE, State:CLOSED] from datanode 0721d391-9877-4bc5-9778-84bb7e49252a{ip: 192.168.36.113, host: pr-hdds-1982-decom-states-gjzbw-1854142291, networkLocation: /default-rack, certSerialId: null}. Reason : 0721d391-9877-4bc5-9778-84bb7e49252a has not seen follower/s 0b57ef76-c121-46fb-9637-94024daca647 for 161921ms 8e2eaa3a-398a-46ef-9472-b716e4b01ba0 for 161920ms
2019-09-10 19:06:21,164 [EventQueue-PipelineActionsForPipelineActionHandler] INFO  pipeline.SCMPipelineManager (SCMPipelineManager.java:finalizeAndDestroyPipeline(311)) - destroying pipeline:Pipeline[ Id: f1dc604d-5181-49c0-b613-f957b9d63a79, Nodes: 0721d391-9877-4bc5-9778-84bb7e49252a{ip: 192.168.36.113, host: pr-hdds-1982-decom-states-gjzbw-1854142291, networkLocation: /default-rack, certSerialId: null}8e2eaa3a-398a-46ef-9472-b716e4b01ba0{ip: 192.168.36.113, host: pr-hdds-1982-decom-states-gjzbw-1854142291, networkLocation: /default-rack, certSerialId: null}0b57ef76-c121-46fb-9637-94024daca647{ip: 192.168.36.113, host: pr-hdds-1982-decom-states-gjzbw-1854142291, networkLocation: /default-rack, certSerialId: null}, Type:RATIS, Factor:THREE, State:CLOSED]
2019-09-10 19:06:21,170 [java.util.concurrent.ThreadPoolExecutor$Worker@3835934d[State = -1, empty queue]] WARN  server.GrpcLogAppender (GrpcLogAppender.java:timeoutAppendRequest(200)) - 0721d391-9877-4bc5-9778-84bb7e49252a@group-F957B9D63A79->8e2eaa3a-398a-46ef-9472-b716e4b01ba0-GrpcLogAppender: appendEntries Timeout, request=0721d391-9877-4bc5-9778-84bb7e49252a->8e2eaa3a-398a-46ef-9472-b716e4b01ba0#155-t1, previous=(t:1, i:19), leaderCommit=12, initializing? false, entries: <empty>
2019-09-10 19:06:21,170 [java.util.concurrent.ThreadPoolExecutor$Worker@44ea9f2[State = -1, empty queue]] WARN  server.GrpcLogAppender (GrpcLogAppender.java:timeoutAppendRequest(200)) - 0721d391-9877-4bc5-9778-84bb7e49252a@group-F957B9D63A79->0b57ef76-c121-46fb-9637-94024daca647-GrpcLogAppender: appendEntries Timeout, request=0721d391-9877-4bc5-9778-84bb7e49252a->0b57ef76-c121-46fb-9637-94024daca647#155-t1, previous=(t:1, i:19), leaderCommit=12, initializing? false, entries: <empty>
2019-09-10 19:06:21,279 [grpc-default-executor-9] INFO  client.GrpcClientProtocolClient (GrpcClientProtocolClient.java:onNext(264)) - client-3004A9070B8E->8e2eaa3a-398a-46ef-9472-b716e4b01ba0: receive RaftClientReply:client-3004A9070B8E->8e2eaa3a-398a-46ef-9472-b716e4b01ba0@group-F957B9D63A79, cid=140, FAILED org.apache.ratis.protocol.NotLeaderException: Server 8e2eaa3a-398a-46ef-9472-b716e4b01ba0@group-F957B9D63A79 is not the leader 0721d391-9877-4bc5-9778-84bb7e49252a:192.168.36.113:44025, logIndex=0, commits[8e2eaa3a-398a-46ef-9472-b716e4b01ba0:c12, 0b57ef76-c121-46fb-9637-94024daca647:c7, 0721d391-9877-4bc5-9778-84bb7e49252a:c12]
2019-09-10 19:06:23,172 [org.apache.ratis.server.impl.LogAppender$AppenderDaemon$$Lambda$505/327848963@65aa0ff8] ERROR ratis.XceiverServerRatis (XceiverServerRatis.java:triggerPipelineClose(568)) - pipeline Action CLOSE  on pipeline PipelineID=f1dc604d-5181-49c0-b613-f957b9d63a79.Reason : 0721d391-9877-4bc5-9778-84bb7e49252a has not seen follower/s 0b57ef76-c121-46fb-9637-94024daca647 for 164421ms 8e2eaa3a-398a-46ef-9472-b716e4b01ba0 for 164421ms
2019-09-10 19:06:23,172 [org.apache.ratis.server.impl.LogAppender$AppenderDaemon$$Lambda$505/327848963@527fbb1b] ERROR ratis.XceiverServerRatis (XceiverServerRatis.java:triggerPipelineClose(568)) - pipeline Action CLOSE  on pipeline PipelineID=f1dc604d-5181-49c0-b613-f957b9d63a79.Reason : 0721d391-9877-4bc5-9778-84bb7e49252a has not seen follower/s 0b57ef76-c121-46fb-9637-94024daca647 for 164422ms 8e2eaa3a-398a-46ef-9472-b716e4b01ba0 for 164421ms
2019-09-10 19:06:23,671 [java.util.concurrent.ThreadPoolExecutor$Worker@3835934d[State = -1, empty queue]] WARN  server.GrpcLogAppender (GrpcLogAppender.java:timeoutAppendRequest(200)) - 0721d391-9877-4bc5-9778-84bb7e49252a@group-F957B9D63A79->8e2eaa3a-398a-46ef-9472-b716e4b01ba0-GrpcLogAppender: appendEntries Timeout, request=0721d391-9877-4bc5-9778-84bb7e49252a->8e2eaa3a-398a-46ef-9472-b716e4b01ba0#156-t1, previous=(t:1, i:19), leaderCommit=12, initializing? false, entries: <empty>
2019-09-10 19:06:23,671 [java.util.concurrent.ThreadPoolExecutor$Worker@44ea9f2[State = -1, empty queue]] WARN  server.GrpcLogAppender (GrpcLogAppender.java:timeoutAppendRequest(200)) - 0721d391-9877-4bc5-9778-84bb7e49252a@group-F957B9D63A79->0b57ef76-c121-46fb-9637-94024daca647-GrpcLogAppender: appendEntries Timeout, request=0721d391-9877-4bc5-9778-84bb7e49252a->0b57ef76-c121-46fb-9637-94024daca647#156-t1, previous=(t:1, i:19), leaderCommit=12, initializing? false, entries: <empty>
2019-09-10 19:06:24,163 [EventQueue-PipelineActionsForPipelineActionHandler] ERROR pipeline.PipelineActionHandler (PipelineActionHandler.java:onMessage(60)) - Received pipeline action CLOSE for Pipeline[ Id: f1dc604d-5181-49c0-b613-f957b9d63a79, Nodes: 0721d391-9877-4bc5-9778-84bb7e49252a{ip: 192.168.36.113, host: pr-hdds-1982-decom-states-gjzbw-1854142291, networkLocation: /default-rack, certSerialId: null}8e2eaa3a-398a-46ef-9472-b716e4b01ba0{ip: 192.168.36.113, host: pr-hdds-1982-decom-states-gjzbw-1854142291, networkLocation: /default-rack, certSerialId: null}0b57ef76-c121-46fb-9637-94024daca647{ip: 192.168.36.113, host: pr-hdds-1982-decom-states-gjzbw-1854142291, networkLocation: /default-rack, certSerialId: null}, Type:RATIS, Factor:THREE, State:CLOSED] from datanode 0721d391-9877-4bc5-9778-84bb7e49252a{ip: 192.168.36.113, host: pr-hdds-1982-decom-states-gjzbw-1854142291, networkLocation: /default-rack, certSerialId: null}. Reason : 0721d391-9877-4bc5-9778-84bb7e49252a has not seen follower/s 0b57ef76-c121-46fb-9637-94024daca647 for 164421ms 8e2eaa3a-398a-46ef-9472-b716e4b01ba0 for 164421ms
2019-09-10 19:06:24,164 [EventQueue-PipelineActionsForPipelineActionHandler] INFO  pipeline.SCMPipelineManager (SCMPipelineManager.java:finalizeAndDestroyPipeline(311)) - destroying pipeline:Pipeline[ Id: f1dc604d-5181-49c0-b613-f957b9d63a79, Nodes: 0721d391-9877-4bc5-9778-84bb7e49252a{ip: 192.168.36.113, host: pr-hdds-1982-decom-states-gjzbw-1854142291, networkLocation: /default-rack, certSerialId: null}8e2eaa3a-398a-46ef-9472-b716e4b01ba0{ip: 192.168.36.113, host: pr-hdds-1982-decom-states-gjzbw-1854142291, networkLocation: /default-rack, certSerialId: null}0b57ef76-c121-46fb-9637-94024daca647{ip: 192.168.36.113, host: pr-hdds-1982-decom-states-gjzbw-1854142291, networkLocation: /default-rack, certSerialId: null}, Type:RATIS, Factor:THREE, State:CLOSED]
2019-09-10 19:06:25,672 [org.apache.ratis.server.impl.LogAppender$AppenderDaemon$$Lambda$505/327848963@65aa0ff8] ERROR ratis.XceiverServerRatis (XceiverServerRatis.java:triggerPipelineClose(568)) - pipeline Action CLOSE  on pipeline PipelineID=f1dc604d-5181-49c0-b613-f957b9d63a79.Reason : 0721d391-9877-4bc5-9778-84bb7e49252a has not seen follower/s 0b57ef76-c121-46fb-9637-94024daca647 for 166922ms 8e2eaa3a-398a-46ef-9472-b716e4b01ba0 for 166922ms
2019-09-10 19:06:25,672 [org.apache.ratis.server.impl.LogAppender$AppenderDaemon$$Lambda$505/327848963@527fbb1b] ERROR ratis.XceiverServerRatis (XceiverServerRatis.java:triggerPipelineClose(568)) - pipeline Action CLOSE  on pipeline PipelineID=f1dc604d-5181-49c0-b613-f957b9d63a79.Reason : 0721d391-9877-4bc5-9778-84bb7e49252a has not seen follower/s 0b57ef76-c121-46fb-9637-94024daca647 for 166922ms 8e2eaa3a-398a-46ef-9472-b716e4b01ba0 for 166922ms
2019-09-10 19:06:26,164 [EventQueue-PipelineActionsForPipelineActionHandler] ERROR pipeline.PipelineActionHandler (PipelineActionHandler.java:onMessage(60)) - Received pipeline action CLOSE for Pipeline[ Id: f1dc604d-5181-49c0-b613-f957b9d63a79, Nodes: 0721d391-9877-4bc5-9778-84bb7e49252a{ip: 192.168.36.113, host: pr-hdds-1982-decom-states-gjzbw-1854142291, networkLocation: /default-rack, certSerialId: null}8e2eaa3a-398a-46ef-9472-b716e4b01ba0{ip: 192.168.36.113, host: pr-hdds-1982-decom-states-gjzbw-1854142291, networkLocation: /default-rack, certSerialId: null}0b57ef76-c121-46fb-9637-94024daca647{ip: 192.168.36.113, host: pr-hdds-1982-decom-states-gjzbw-1854142291, networkLocation: /default-rack, certSerialId: null}, Type:RATIS, Factor:THREE, State:CLOSED] from datanode 0721d391-9877-4bc5-9778-84bb7e49252a{ip: 192.168.36.113, host: pr-hdds-1982-decom-states-gjzbw-1854142291, networkLocation: /default-rack, certSerialId: null}. Reason : 0721d391-9877-4bc5-9778-84bb7e49252a has not seen follower/s 0b57ef76-c121-46fb-9637-94024daca647 for 166922ms 8e2eaa3a-398a-46ef-9472-b716e4b01ba0 for 166922ms
2019-09-10 19:06:26,164 [EventQueue-PipelineActionsForPipelineActionHandler] INFO  pipeline.SCMPipelineManager (SCMPipelineManager.java:finalizeAndDestroyPipeline(311)) - destroying pipeline:Pipeline[ Id: f1dc604d-5181-49c0-b613-f957b9d63a79, Nodes: 0721d391-9877-4bc5-9778-84bb7e49252a{ip: 192.168.36.113, host: pr-hdds-1982-decom-states-gjzbw-1854142291, networkLocation: /default-rack, certSerialId: null}8e2eaa3a-398a-46ef-9472-b716e4b01ba0{ip: 192.168.36.113, host: pr-hdds-1982-decom-states-gjzbw-1854142291, networkLocation: /default-rack, certSerialId: null}0b57ef76-c121-46fb-9637-94024daca647{ip: 192.168.36.113, host: pr-hdds-1982-decom-states-gjzbw-1854142291, networkLocation: /default-rack, certSerialId: null}, Type:RATIS, Factor:THREE, State:CLOSED]
2019-09-10 19:06:26,172 [java.util.concurrent.ThreadPoolExecutor$Worker@3835934d[State = -1, empty queue]] WARN  server.GrpcLogAppender (GrpcLogAppender.java:timeoutAppendRequest(200)) - 0721d391-9877-4bc5-9778-84bb7e49252a@group-F957B9D63A79->8e2eaa3a-398a-46ef-9472-b716e4b01ba0-GrpcLogAppender: appendEntries Timeout, request=0721d391-9877-4bc5-9778-84bb7e49252a->8e2eaa3a-398a-46ef-9472-b716e4b01ba0#157-t1, previous=(t:1, i:19), leaderCommit=12, initializing? false, entries: <empty>
2019-09-10 19:06:26,172 [java.util.concurrent.ThreadPoolExecutor$Worker@44ea9f2[State = -1, empty queue]] WARN  server.GrpcLogAppender (GrpcLogAppender.java:timeoutAppendRequest(200)) - 0721d391-9877-4bc5-9778-84bb7e49252a@group-F957B9D63A79->0b57ef76-c121-46fb-9637-94024daca647-GrpcLogAppender: appendEntries Timeout, request=0721d391-9877-4bc5-9778-84bb7e49252a->0b57ef76-c121-46fb-9637-94024daca647#157-t1, previous=(t:1, i:19), leaderCommit=12, initializing? false, entries: <empty>
2019-09-10 19:06:26,310 [grpc-default-executor-10] INFO  client.GrpcClientProtocolClient (GrpcClientProtocolClient.java:onNext(264)) - client-3004A9070B8E->0b57ef76-c121-46fb-9637-94024daca647: receive RaftClientReply:client-3004A9070B8E->0b57ef76-c121-46fb-9637-94024daca647@group-F957B9D63A79, cid=140, FAILED org.apache.ratis.protocol.NotLeaderException: Server 0b57ef76-c121-46fb-9637-94024daca647@group-F957B9D63A79 is not the leader 0721d391-9877-4bc5-9778-84bb7e49252a:192.168.36.113:44025, logIndex=0, commits[0b57ef76-c121-46fb-9637-94024daca647:c12, 0721d391-9877-4bc5-9778-84bb7e49252a:c12, 8e2eaa3a-398a-46ef-9472-b716e4b01ba0:c7]
2019-09-10 19:06:28,174 [org.apache.ratis.server.impl.LogAppender$AppenderDaemon$$Lambda$505/327848963@527fbb1b] ERROR ratis.XceiverServerRatis (XceiverServerRatis.java:triggerPipelineClose(568)) - pipeline Action CLOSE  on pipeline PipelineID=f1dc604d-5181-49c0-b613-f957b9d63a79.Reason : 0721d391-9877-4bc5-9778-84bb7e49252a has not seen follower/s 0b57ef76-c121-46fb-9637-94024daca647 for 169424ms 8e2eaa3a-398a-46ef-9472-b716e4b01ba0 for 169423ms
2019-09-10 19:06:28,174 [org.apache.ratis.server.impl.LogAppender$AppenderDaemon$$Lambda$505/327848963@65aa0ff8] ERROR ratis.XceiverServerRatis (XceiverServerRatis.java:triggerPipelineClose(568)) - pipeline Action CLOSE  on pipeline PipelineID=f1dc604d-5181-49c0-b613-f957b9d63a79.Reason : 0721d391-9877-4bc5-9778-84bb7e49252a has not seen follower/s 0b57ef76-c121-46fb-9637-94024daca647 for 169424ms 8e2eaa3a-398a-46ef-9472-b716e4b01ba0 for 169423ms
2019-09-10 19:06:28,672 [java.util.concurrent.ThreadPoolExecutor$Worker@3835934d[State = -1, empty queue]] WARN  server.GrpcLogAppender (GrpcLogAppender.java:timeoutAppendRequest(200)) - 0721d391-9877-4bc5-9778-84bb7e49252a@group-F957B9D63A79->8e2eaa3a-398a-46ef-9472-b716e4b01ba0-GrpcLogAppender: appendEntries Timeout, request=0721d391-9877-4bc5-9778-84bb7e49252a->8e2eaa3a-398a-46ef-9472-b716e4b01ba0#158-t1, previous=(t:1, i:19), leaderCommit=12, initializing? false, entries: <empty>
2019-09-10 19:06:28,672 [java.util.concurrent.ThreadPoolExecutor$Worker@44ea9f2[State = -1, empty queue]] WARN  server.GrpcLogAppender (GrpcLogAppender.java:timeoutAppendRequest(200)) - 0721d391-9877-4bc5-9778-84bb7e49252a@group-F957B9D63A79->0b57ef76-c121-46fb-9637-94024daca647-GrpcLogAppender: appendEntries Timeout, request=0721d391-9877-4bc5-9778-84bb7e49252a->0b57ef76-c121-46fb-9637-94024daca647#158-t1, previous=(t:1, i:19), leaderCommit=12, initializing? false, entries: <empty>
2019-09-10 19:06:29,165 [EventQueue-PipelineActionsForPipelineActionHandler] ERROR pipeline.PipelineActionHandler (PipelineActionHandler.java:onMessage(60)) - Received pipeline action CLOSE for Pipeline[ Id: f1dc604d-5181-49c0-b613-f957b9d63a79, Nodes: 0721d391-9877-4bc5-9778-84bb7e49252a{ip: 192.168.36.113, host: pr-hdds-1982-decom-states-gjzbw-1854142291, networkLocation: /default-rack, certSerialId: null}8e2eaa3a-398a-46ef-9472-b716e4b01ba0{ip: 192.168.36.113, host: pr-hdds-1982-decom-states-gjzbw-1854142291, networkLocation: /default-rack, certSerialId: null}0b57ef76-c121-46fb-9637-94024daca647{ip: 192.168.36.113, host: pr-hdds-1982-decom-states-gjzbw-1854142291, networkLocation: /default-rack, certSerialId: null}, Type:RATIS, Factor:THREE, State:CLOSED] from datanode 0721d391-9877-4bc5-9778-84bb7e49252a{ip: 192.168.36.113, host: pr-hdds-1982-decom-states-gjzbw-1854142291, networkLocation: /default-rack, certSerialId: null}. Reason : 0721d391-9877-4bc5-9778-84bb7e49252a has not seen follower/s 0b57ef76-c121-46fb-9637-94024daca647 for 169424ms 8e2eaa3a-398a-46ef-9472-b716e4b01ba0 for 169423ms
2019-09-10 19:06:29,165 [EventQueue-PipelineActionsForPipelineActionHandler] INFO  pipeline.SCMPipelineManager (SCMPipelineManager.java:finalizeAndDestroyPipeline(311)) - destroying pipeline:Pipeline[ Id: f1dc604d-5181-49c0-b613-f957b9d63a79, Nodes: 0721d391-9877-4bc5-9778-84bb7e49252a{ip: 192.168.36.113, host: pr-hdds-1982-decom-states-gjzbw-1854142291, networkLocation: /default-rack, certSerialId: null}8e2eaa3a-398a-46ef-9472-b716e4b01ba0{ip: 192.168.36.113, host: pr-hdds-1982-decom-states-gjzbw-1854142291, networkLocation: /default-rack, certSerialId: null}0b57ef76-c121-46fb-9637-94024daca647{ip: 192.168.36.113, host: pr-hdds-1982-decom-states-gjzbw-1854142291, networkLocation: /default-rack, certSerialId: null}, Type:RATIS, Factor:THREE, State:CLOSED]
2019-09-10 19:06:29,885 [0721d391-9877-4bc5-9778-84bb7e49252a@group-F957B9D63A79-SegmentedRaftLogWorker] WARN  segmented.SegmentedRaftLogWorker (SegmentedRaftLogWorker.java:getFromFuture(90)) - Timeout 16/~
org.apache.ratis.protocol.TimeoutIOException: Timeout 10s: WriteLog:13: (t:1, i:13), STATEMACHINELOGENTRY, client-3004A9070B8E, cid=140-writeStateMachineData
	at org.apache.ratis.util.IOUtils.getFromFuture(IOUtils.java:87)
	at org.apache.ratis.server.raftlog.segmented.SegmentedRaftLogWorker$StateMachineDataPolicy.getFromFuture(SegmentedRaftLogWorker.java:87)
	at org.apache.ratis.server.raftlog.segmented.SegmentedRaftLogWorker$WriteLog.execute(SegmentedRaftLogWorker.java:477)
	at org.apache.ratis.server.raftlog.segmented.SegmentedRaftLogWorker.run(SegmentedRaftLogWorker.java:289)
	at java.lang.Thread.run(Thread.java:748)
Caused by: java.util.concurrent.TimeoutException
	at java.util.concurrent.CompletableFuture.timedGet(CompletableFuture.java:1771)
	at java.util.concurrent.CompletableFuture.get(CompletableFuture.java:1915)
	at org.apache.ratis.util.IOUtils.getFromFuture(IOUtils.java:79)
	... 4 more
2019-09-10 19:06:30,156 [0b57ef76-c121-46fb-9637-94024daca647@group-F957B9D63A79-SegmentedRaftLogWorker] WARN  segmented.SegmentedRaftLogWorker (SegmentedRaftLogWorker.java:getFromFuture(90)) - Timeout 16/~
org.apache.ratis.protocol.TimeoutIOException: Timeout 10s: WriteLog:16: (t:1, i:16), STATEMACHINELOGENTRY, client-3004A9070B8E, cid=143-writeStateMachineData
	at org.apache.ratis.util.IOUtils.getFromFuture(IOUtils.java:87)
	at org.apache.ratis.server.raftlog.segmented.SegmentedRaftLogWorker$StateMachineDataPolicy.getFromFuture(SegmentedRaftLogWorker.java:87)
	at org.apache.ratis.server.raftlog.segmented.SegmentedRaftLogWorker$WriteLog.execute(SegmentedRaftLogWorker.java:477)
	at org.apache.ratis.server.raftlog.segmented.SegmentedRaftLogWorker.run(SegmentedRaftLogWorker.java:289)
	at java.lang.Thread.run(Thread.java:748)
Caused by: java.util.concurrent.TimeoutException
	at java.util.concurrent.CompletableFuture.timedGet(CompletableFuture.java:1771)
	at java.util.concurrent.CompletableFuture.get(CompletableFuture.java:1915)
	at org.apache.ratis.util.IOUtils.getFromFuture(IOUtils.java:79)
	... 4 more
2019-09-10 19:06:30,156 [8e2eaa3a-398a-46ef-9472-b716e4b01ba0@group-F957B9D63A79-SegmentedRaftLogWorker] WARN  segmented.SegmentedRaftLogWorker (SegmentedRaftLogWorker.java:getFromFuture(90)) - Timeout 16/~
org.apache.ratis.protocol.TimeoutIOException: Timeout 10s: WriteLog:14: (t:1, i:14), STATEMACHINELOGENTRY, client-3004A9070B8E, cid=141-writeStateMachineData
	at org.apache.ratis.util.IOUtils.getFromFuture(IOUtils.java:87)
	at org.apache.ratis.server.raftlog.segmented.SegmentedRaftLogWorker$StateMachineDataPolicy.getFromFuture(SegmentedRaftLogWorker.java:87)
	at org.apache.ratis.server.raftlog.segmented.SegmentedRaftLogWorker$WriteLog.execute(SegmentedRaftLogWorker.java:477)
	at org.apache.ratis.server.raftlog.segmented.SegmentedRaftLogWorker.run(SegmentedRaftLogWorker.java:289)
	at java.lang.Thread.run(Thread.java:748)
Caused by: java.util.concurrent.TimeoutException
	at java.util.concurrent.CompletableFuture.timedGet(CompletableFuture.java:1771)
	at java.util.concurrent.CompletableFuture.get(CompletableFuture.java:1915)
	at org.apache.ratis.util.IOUtils.getFromFuture(IOUtils.java:79)
	... 4 more
2019-09-10 19:06:30,674 [org.apache.ratis.server.impl.LogAppender$AppenderDaemon$$Lambda$505/327848963@65aa0ff8] ERROR ratis.XceiverServerRatis (XceiverServerRatis.java:triggerPipelineClose(568)) - pipeline Action CLOSE  on pipeline PipelineID=f1dc604d-5181-49c0-b613-f957b9d63a79.Reason : 0721d391-9877-4bc5-9778-84bb7e49252a has not seen follower/s 0b57ef76-c121-46fb-9637-94024daca647 for 171924ms 8e2eaa3a-398a-46ef-9472-b716e4b01ba0 for 171924ms
2019-09-10 19:06:30,675 [org.apache.ratis.server.impl.LogAppender$AppenderDaemon$$Lambda$505/327848963@527fbb1b] ERROR ratis.XceiverServerRatis (XceiverServerRatis.java:triggerPipelineClose(568)) - pipeline Action CLOSE  on pipeline PipelineID=f1dc604d-5181-49c0-b613-f957b9d63a79.Reason : 0721d391-9877-4bc5-9778-84bb7e49252a has not seen follower/s 0b57ef76-c121-46fb-9637-94024daca647 for 171924ms 8e2eaa3a-398a-46ef-9472-b716e4b01ba0 for 171924ms
2019-09-10 19:06:31,165 [EventQueue-PipelineActionsForPipelineActionHandler] ERROR pipeline.PipelineActionHandler (PipelineActionHandler.java:onMessage(60)) - Received pipeline action CLOSE for Pipeline[ Id: f1dc604d-5181-49c0-b613-f957b9d63a79, Nodes: 0721d391-9877-4bc5-9778-84bb7e49252a{ip: 192.168.36.113, host: pr-hdds-1982-decom-states-gjzbw-1854142291, networkLocation: /default-rack, certSerialId: null}8e2eaa3a-398a-46ef-9472-b716e4b01ba0{ip: 192.168.36.113, host: pr-hdds-1982-decom-states-gjzbw-1854142291, networkLocation: /default-rack, certSerialId: null}0b57ef76-c121-46fb-9637-94024daca647{ip: 192.168.36.113, host: pr-hdds-1982-decom-states-gjzbw-1854142291, networkLocation: /default-rack, certSerialId: null}, Type:RATIS, Factor:THREE, State:CLOSED] from datanode 0721d391-9877-4bc5-9778-84bb7e49252a{ip: 192.168.36.113, host: pr-hdds-1982-decom-states-gjzbw-1854142291, networkLocation: /default-rack, certSerialId: null}. Reason : 0721d391-9877-4bc5-9778-84bb7e49252a has not seen follower/s 0b57ef76-c121-46fb-9637-94024daca647 for 171924ms 8e2eaa3a-398a-46ef-9472-b716e4b01ba0 for 171924ms
2019-09-10 19:06:31,166 [EventQueue-PipelineActionsForPipelineActionHandler] INFO  pipeline.SCMPipelineManager (SCMPipelineManager.java:finalizeAndDestroyPipeline(311)) - destroying pipeline:Pipeline[ Id: f1dc604d-5181-49c0-b613-f957b9d63a79, Nodes: 0721d391-9877-4bc5-9778-84bb7e49252a{ip: 192.168.36.113, host: pr-hdds-1982-decom-states-gjzbw-1854142291, networkLocation: /default-rack, certSerialId: null}8e2eaa3a-398a-46ef-9472-b716e4b01ba0{ip: 192.168.36.113, host: pr-hdds-1982-decom-states-gjzbw-1854142291, networkLocation: /default-rack, certSerialId: null}0b57ef76-c121-46fb-9637-94024daca647{ip: 192.168.36.113, host: pr-hdds-1982-decom-states-gjzbw-1854142291, networkLocation: /default-rack, certSerialId: null}, Type:RATIS, Factor:THREE, State:CLOSED]
2019-09-10 19:06:31,174 [java.util.concurrent.ThreadPoolExecutor$Worker@44ea9f2[State = -1, empty queue]] WARN  server.GrpcLogAppender (GrpcLogAppender.java:timeoutAppendRequest(200)) - 0721d391-9877-4bc5-9778-84bb7e49252a@group-F957B9D63A79->0b57ef76-c121-46fb-9637-94024daca647-GrpcLogAppender: appendEntries Timeout, request=0721d391-9877-4bc5-9778-84bb7e49252a->0b57ef76-c121-46fb-9637-94024daca647#159-t1, previous=(t:1, i:19), leaderCommit=12, initializing? false, entries: <empty>
2019-09-10 19:06:31,174 [java.util.concurrent.ThreadPoolExecutor$Worker@3835934d[State = -1, empty queue]] WARN  server.GrpcLogAppender (GrpcLogAppender.java:timeoutAppendRequest(200)) - 0721d391-9877-4bc5-9778-84bb7e49252a@group-F957B9D63A79->8e2eaa3a-398a-46ef-9472-b716e4b01ba0-GrpcLogAppender: appendEntries Timeout, request=0721d391-9877-4bc5-9778-84bb7e49252a->8e2eaa3a-398a-46ef-9472-b716e4b01ba0#159-t1, previous=(t:1, i:19), leaderCommit=12, initializing? false, entries: <empty>
2019-09-10 19:06:31,353 [grpc-default-executor-9] INFO  client.GrpcClientProtocolClient (GrpcClientProtocolClient.java:onNext(264)) - client-3004A9070B8E->8e2eaa3a-398a-46ef-9472-b716e4b01ba0: receive RaftClientReply:client-3004A9070B8E->8e2eaa3a-398a-46ef-9472-b716e4b01ba0@group-F957B9D63A79, cid=140, FAILED org.apache.ratis.protocol.NotLeaderException: Server 8e2eaa3a-398a-46ef-9472-b716e4b01ba0@group-F957B9D63A79 is not the leader 0721d391-9877-4bc5-9778-84bb7e49252a:192.168.36.113:44025, logIndex=0, commits[8e2eaa3a-398a-46ef-9472-b716e4b01ba0:c12, 0b57ef76-c121-46fb-9637-94024daca647:c7, 0721d391-9877-4bc5-9778-84bb7e49252a:c12]
2019-09-10 19:06:33,176 [org.apache.ratis.server.impl.LogAppender$AppenderDaemon$$Lambda$505/327848963@527fbb1b] ERROR ratis.XceiverServerRatis (XceiverServerRatis.java:triggerPipelineClose(568)) - pipeline Action CLOSE  on pipeline PipelineID=f1dc604d-5181-49c0-b613-f957b9d63a79.Reason : 0721d391-9877-4bc5-9778-84bb7e49252a has not seen follower/s 0b57ef76-c121-46fb-9637-94024daca647 for 174425ms 8e2eaa3a-398a-46ef-9472-b716e4b01ba0 for 174425ms
2019-09-10 19:06:33,176 [org.apache.ratis.server.impl.LogAppender$AppenderDaemon$$Lambda$505/327848963@65aa0ff8] ERROR ratis.XceiverServerRatis (XceiverServerRatis.java:triggerPipelineClose(568)) - pipeline Action CLOSE  on pipeline PipelineID=f1dc604d-5181-49c0-b613-f957b9d63a79.Reason : 0721d391-9877-4bc5-9778-84bb7e49252a has not seen follower/s 0b57ef76-c121-46fb-9637-94024daca647 for 174425ms 8e2eaa3a-398a-46ef-9472-b716e4b01ba0 for 174425ms
2019-09-10 19:06:33,674 [java.util.concurrent.ThreadPoolExecutor$Worker@3835934d[State = -1, empty queue]] WARN  server.GrpcLogAppender (GrpcLogAppender.java:timeoutAppendRequest(200)) - 0721d391-9877-4bc5-9778-84bb7e49252a@group-F957B9D63A79->8e2eaa3a-398a-46ef-9472-b716e4b01ba0-GrpcLogAppender: appendEntries Timeout, request=0721d391-9877-4bc5-9778-84bb7e49252a->8e2eaa3a-398a-46ef-9472-b716e4b01ba0#160-t1, previous=(t:1, i:19), leaderCommit=12, initializing? false, entries: <empty>
2019-09-10 19:06:33,675 [java.util.concurrent.ThreadPoolExecutor$Worker@44ea9f2[State = -1, empty queue]] WARN  server.GrpcLogAppender (GrpcLogAppender.java:timeoutAppendRequest(200)) - 0721d391-9877-4bc5-9778-84bb7e49252a@group-F957B9D63A79->0b57ef76-c121-46fb-9637-94024daca647-GrpcLogAppender: appendEntries Timeout, request=0721d391-9877-4bc5-9778-84bb7e49252a->0b57ef76-c121-46fb-9637-94024daca647#160-t1, previous=(t:1, i:19), leaderCommit=12, initializing? false, entries: <empty>
2019-09-10 19:06:34,165 [EventQueue-PipelineActionsForPipelineActionHandler] ERROR pipeline.PipelineActionHandler (PipelineActionHandler.java:onMessage(60)) - Received pipeline action CLOSE for Pipeline[ Id: f1dc604d-5181-49c0-b613-f957b9d63a79, Nodes: 0721d391-9877-4bc5-9778-84bb7e49252a{ip: 192.168.36.113, host: pr-hdds-1982-decom-states-gjzbw-1854142291, networkLocation: /default-rack, certSerialId: null}8e2eaa3a-398a-46ef-9472-b716e4b01ba0{ip: 192.168.36.113, host: pr-hdds-1982-decom-states-gjzbw-1854142291, networkLocation: /default-rack, certSerialId: null}0b57ef76-c121-46fb-9637-94024daca647{ip: 192.168.36.113, host: pr-hdds-1982-decom-states-gjzbw-1854142291, networkLocation: /default-rack, certSerialId: null}, Type:RATIS, Factor:THREE, State:CLOSED] from datanode 0721d391-9877-4bc5-9778-84bb7e49252a{ip: 192.168.36.113, host: pr-hdds-1982-decom-states-gjzbw-1854142291, networkLocation: /default-rack, certSerialId: null}. Reason : 0721d391-9877-4bc5-9778-84bb7e49252a has not seen follower/s 0b57ef76-c121-46fb-9637-94024daca647 for 174425ms 8e2eaa3a-398a-46ef-9472-b716e4b01ba0 for 174425ms
2019-09-10 19:06:34,165 [EventQueue-PipelineActionsForPipelineActionHandler] INFO  pipeline.SCMPipelineManager (SCMPipelineManager.java:finalizeAndDestroyPipeline(311)) - destroying pipeline:Pipeline[ Id: f1dc604d-5181-49c0-b613-f957b9d63a79, Nodes: 0721d391-9877-4bc5-9778-84bb7e49252a{ip: 192.168.36.113, host: pr-hdds-1982-decom-states-gjzbw-1854142291, networkLocation: /default-rack, certSerialId: null}8e2eaa3a-398a-46ef-9472-b716e4b01ba0{ip: 192.168.36.113, host: pr-hdds-1982-decom-states-gjzbw-1854142291, networkLocation: /default-rack, certSerialId: null}0b57ef76-c121-46fb-9637-94024daca647{ip: 192.168.36.113, host: pr-hdds-1982-decom-states-gjzbw-1854142291, networkLocation: /default-rack, certSerialId: null}, Type:RATIS, Factor:THREE, State:CLOSED]
2019-09-10 19:06:35,676 [org.apache.ratis.server.impl.LogAppender$AppenderDaemon$$Lambda$505/327848963@65aa0ff8] ERROR ratis.XceiverServerRatis (XceiverServerRatis.java:triggerPipelineClose(568)) - pipeline Action CLOSE  on pipeline PipelineID=f1dc604d-5181-49c0-b613-f957b9d63a79.Reason : 0721d391-9877-4bc5-9778-84bb7e49252a has not seen follower/s 0b57ef76-c121-46fb-9637-94024daca647 for 176926ms 8e2eaa3a-398a-46ef-9472-b716e4b01ba0 for 176926ms
2019-09-10 19:06:35,676 [org.apache.ratis.server.impl.LogAppender$AppenderDaemon$$Lambda$505/327848963@527fbb1b] ERROR ratis.XceiverServerRatis (XceiverServerRatis.java:triggerPipelineClose(568)) - pipeline Action CLOSE  on pipeline PipelineID=f1dc604d-5181-49c0-b613-f957b9d63a79.Reason : 0721d391-9877-4bc5-9778-84bb7e49252a has not seen follower/s 0b57ef76-c121-46fb-9637-94024daca647 for 176926ms 8e2eaa3a-398a-46ef-9472-b716e4b01ba0 for 176926ms
2019-09-10 19:06:36,165 [EventQueue-PipelineActionsForPipelineActionHandler] ERROR pipeline.PipelineActionHandler (PipelineActionHandler.java:onMessage(60)) - Received pipeline action CLOSE for Pipeline[ Id: f1dc604d-5181-49c0-b613-f957b9d63a79, Nodes: 0721d391-9877-4bc5-9778-84bb7e49252a{ip: 192.168.36.113, host: pr-hdds-1982-decom-states-gjzbw-1854142291, networkLocation: /default-rack, certSerialId: null}8e2eaa3a-398a-46ef-9472-b716e4b01ba0{ip: 192.168.36.113, host: pr-hdds-1982-decom-states-gjzbw-1854142291, networkLocation: /default-rack, certSerialId: null}0b57ef76-c121-46fb-9637-94024daca647{ip: 192.168.36.113, host: pr-hdds-1982-decom-states-gjzbw-1854142291, networkLocation: /default-rack, certSerialId: null}, Type:RATIS, Factor:THREE, State:CLOSED] from datanode 0721d391-9877-4bc5-9778-84bb7e49252a{ip: 192.168.36.113, host: pr-hdds-1982-decom-states-gjzbw-1854142291, networkLocation: /default-rack, certSerialId: null}. Reason : 0721d391-9877-4bc5-9778-84bb7e49252a has not seen follower/s 0b57ef76-c121-46fb-9637-94024daca647 for 176926ms 8e2eaa3a-398a-46ef-9472-b716e4b01ba0 for 176926ms
2019-09-10 19:06:36,165 [EventQueue-PipelineActionsForPipelineActionHandler] INFO  pipeline.SCMPipelineManager (SCMPipelineManager.java:finalizeAndDestroyPipeline(311)) - destroying pipeline:Pipeline[ Id: f1dc604d-5181-49c0-b613-f957b9d63a79, Nodes: 0721d391-9877-4bc5-9778-84bb7e49252a{ip: 192.168.36.113, host: pr-hdds-1982-decom-states-gjzbw-1854142291, networkLocation: /default-rack, certSerialId: null}8e2eaa3a-398a-46ef-9472-b716e4b01ba0{ip: 192.168.36.113, host: pr-hdds-1982-decom-states-gjzbw-1854142291, networkLocation: /default-rack, certSerialId: null}0b57ef76-c121-46fb-9637-94024daca647{ip: 192.168.36.113, host: pr-hdds-1982-decom-states-gjzbw-1854142291, networkLocation: /default-rack, certSerialId: null}, Type:RATIS, Factor:THREE, State:CLOSED]
2019-09-10 19:06:36,175 [java.util.concurrent.ThreadPoolExecutor$Worker@3835934d[State = -1, empty queue]] WARN  server.GrpcLogAppender (GrpcLogAppender.java:timeoutAppendRequest(200)) - 0721d391-9877-4bc5-9778-84bb7e49252a@group-F957B9D63A79->8e2eaa3a-398a-46ef-9472-b716e4b01ba0-GrpcLogAppender: appendEntries Timeout, request=0721d391-9877-4bc5-9778-84bb7e49252a->8e2eaa3a-398a-46ef-9472-b716e4b01ba0#161-t1, previous=(t:1, i:19), leaderCommit=12, initializing? false, entries: <empty>
2019-09-10 19:06:36,175 [java.util.concurrent.ThreadPoolExecutor$Worker@44ea9f2[State = -1, empty queue]] WARN  server.GrpcLogAppender (GrpcLogAppender.java:timeoutAppendRequest(200)) - 0721d391-9877-4bc5-9778-84bb7e49252a@group-F957B9D63A79->0b57ef76-c121-46fb-9637-94024daca647-GrpcLogAppender: appendEntries Timeout, request=0721d391-9877-4bc5-9778-84bb7e49252a->0b57ef76-c121-46fb-9637-94024daca647#161-t1, previous=(t:1, i:19), leaderCommit=12, initializing? false, entries: <empty>
2019-09-10 19:06:36,388 [grpc-default-executor-6] INFO  client.GrpcClientProtocolClient (GrpcClientProtocolClient.java:onNext(264)) - client-3004A9070B8E->8e2eaa3a-398a-46ef-9472-b716e4b01ba0: receive RaftClientReply:client-3004A9070B8E->8e2eaa3a-398a-46ef-9472-b716e4b01ba0@group-F957B9D63A79, cid=140, FAILED org.apache.ratis.protocol.NotLeaderException: Server 8e2eaa3a-398a-46ef-9472-b716e4b01ba0@group-F957B9D63A79 is not the leader 0721d391-9877-4bc5-9778-84bb7e49252a:192.168.36.113:44025, logIndex=0, commits[8e2eaa3a-398a-46ef-9472-b716e4b01ba0:c12, 0b57ef76-c121-46fb-9637-94024daca647:c7, 0721d391-9877-4bc5-9778-84bb7e49252a:c12]
2019-09-10 19:06:38,177 [org.apache.ratis.server.impl.LogAppender$AppenderDaemon$$Lambda$505/327848963@65aa0ff8] ERROR ratis.XceiverServerRatis (XceiverServerRatis.java:triggerPipelineClose(568)) - pipeline Action CLOSE  on pipeline PipelineID=f1dc604d-5181-49c0-b613-f957b9d63a79.Reason : 0721d391-9877-4bc5-9778-84bb7e49252a has not seen follower/s 0b57ef76-c121-46fb-9637-94024daca647 for 179427ms 8e2eaa3a-398a-46ef-9472-b716e4b01ba0 for 179427ms
2019-09-10 19:06:38,177 [org.apache.ratis.server.impl.LogAppender$AppenderDaemon$$Lambda$505/327848963@527fbb1b] ERROR ratis.XceiverServerRatis (XceiverServerRatis.java:triggerPipelineClose(568)) - pipeline Action CLOSE  on pipeline PipelineID=f1dc604d-5181-49c0-b613-f957b9d63a79.Reason : 0721d391-9877-4bc5-9778-84bb7e49252a has not seen follower/s 0b57ef76-c121-46fb-9637-94024daca647 for 179427ms 8e2eaa3a-398a-46ef-9472-b716e4b01ba0 for 179427ms
2019-09-10 19:06:38,676 [java.util.concurrent.ThreadPoolExecutor$Worker@3835934d[State = -1, empty queue]] WARN  server.GrpcLogAppender (GrpcLogAppender.java:timeoutAppendRequest(200)) - 0721d391-9877-4bc5-9778-84bb7e49252a@group-F957B9D63A79->8e2eaa3a-398a-46ef-9472-b716e4b01ba0-GrpcLogAppender: appendEntries Timeout, request=0721d391-9877-4bc5-9778-84bb7e49252a->8e2eaa3a-398a-46ef-9472-b716e4b01ba0#162-t1, previous=(t:1, i:19), leaderCommit=12, initializing? false, entries: <empty>
2019-09-10 19:06:38,676 [java.util.concurrent.ThreadPoolExecutor$Worker@44ea9f2[State = -1, empty queue]] WARN  server.GrpcLogAppender (GrpcLogAppender.java:timeoutAppendRequest(200)) - 0721d391-9877-4bc5-9778-84bb7e49252a@group-F957B9D63A79->0b57ef76-c121-46fb-9637-94024daca647-GrpcLogAppender: appendEntries Timeout, request=0721d391-9877-4bc5-9778-84bb7e49252a->0b57ef76-c121-46fb-9637-94024daca647#162-t1, previous=(t:1, i:19), leaderCommit=12, initializing? false, entries: <empty>
2019-09-10 19:06:39,167 [EventQueue-PipelineActionsForPipelineActionHandler] ERROR pipeline.PipelineActionHandler (PipelineActionHandler.java:onMessage(60)) - Received pipeline action CLOSE for Pipeline[ Id: f1dc604d-5181-49c0-b613-f957b9d63a79, Nodes: 0721d391-9877-4bc5-9778-84bb7e49252a{ip: 192.168.36.113, host: pr-hdds-1982-decom-states-gjzbw-1854142291, networkLocation: /default-rack, certSerialId: null}8e2eaa3a-398a-46ef-9472-b716e4b01ba0{ip: 192.168.36.113, host: pr-hdds-1982-decom-states-gjzbw-1854142291, networkLocation: /default-rack, certSerialId: null}0b57ef76-c121-46fb-9637-94024daca647{ip: 192.168.36.113, host: pr-hdds-1982-decom-states-gjzbw-1854142291, networkLocation: /default-rack, certSerialId: null}, Type:RATIS, Factor:THREE, State:CLOSED] from datanode 0721d391-9877-4bc5-9778-84bb7e49252a{ip: 192.168.36.113, host: pr-hdds-1982-decom-states-gjzbw-1854142291, networkLocation: /default-rack, certSerialId: null}. Reason : 0721d391-9877-4bc5-9778-84bb7e49252a has not seen follower/s 0b57ef76-c121-46fb-9637-94024daca647 for 179427ms 8e2eaa3a-398a-46ef-9472-b716e4b01ba0 for 179427ms
2019-09-10 19:06:39,167 [EventQueue-PipelineActionsForPipelineActionHandler] INFO  pipeline.SCMPipelineManager (SCMPipelineManager.java:finalizeAndDestroyPipeline(311)) - destroying pipeline:Pipeline[ Id: f1dc604d-5181-49c0-b613-f957b9d63a79, Nodes: 0721d391-9877-4bc5-9778-84bb7e49252a{ip: 192.168.36.113, host: pr-hdds-1982-decom-states-gjzbw-1854142291, networkLocation: /default-rack, certSerialId: null}8e2eaa3a-398a-46ef-9472-b716e4b01ba0{ip: 192.168.36.113, host: pr-hdds-1982-decom-states-gjzbw-1854142291, networkLocation: /default-rack, certSerialId: null}0b57ef76-c121-46fb-9637-94024daca647{ip: 192.168.36.113, host: pr-hdds-1982-decom-states-gjzbw-1854142291, networkLocation: /default-rack, certSerialId: null}, Type:RATIS, Factor:THREE, State:CLOSED]
2019-09-10 19:06:39,886 [0721d391-9877-4bc5-9778-84bb7e49252a@group-F957B9D63A79-SegmentedRaftLogWorker] WARN  segmented.SegmentedRaftLogWorker (SegmentedRaftLogWorker.java:getFromFuture(90)) - Timeout 17/~
org.apache.ratis.protocol.TimeoutIOException: Timeout 10s: WriteLog:13: (t:1, i:13), STATEMACHINELOGENTRY, client-3004A9070B8E, cid=140-writeStateMachineData
	at org.apache.ratis.util.IOUtils.getFromFuture(IOUtils.java:87)
	at org.apache.ratis.server.raftlog.segmented.SegmentedRaftLogWorker$StateMachineDataPolicy.getFromFuture(SegmentedRaftLogWorker.java:87)
	at org.apache.ratis.server.raftlog.segmented.SegmentedRaftLogWorker$WriteLog.execute(SegmentedRaftLogWorker.java:477)
	at org.apache.ratis.server.raftlog.segmented.SegmentedRaftLogWorker.run(SegmentedRaftLogWorker.java:289)
	at java.lang.Thread.run(Thread.java:748)
Caused by: java.util.concurrent.TimeoutException
	at java.util.concurrent.CompletableFuture.timedGet(CompletableFuture.java:1771)
	at java.util.concurrent.CompletableFuture.get(CompletableFuture.java:1915)
	at org.apache.ratis.util.IOUtils.getFromFuture(IOUtils.java:79)
	... 4 more
2019-09-10 19:06:40,157 [0b57ef76-c121-46fb-9637-94024daca647@group-F957B9D63A79-SegmentedRaftLogWorker] WARN  segmented.SegmentedRaftLogWorker (SegmentedRaftLogWorker.java:getFromFuture(90)) - Timeout 17/~
org.apache.ratis.protocol.TimeoutIOException: Timeout 10s: WriteLog:16: (t:1, i:16), STATEMACHINELOGENTRY, client-3004A9070B8E, cid=143-writeStateMachineData
	at org.apache.ratis.util.IOUtils.getFromFuture(IOUtils.java:87)
	at org.apache.ratis.server.raftlog.segmented.SegmentedRaftLogWorker$StateMachineDataPolicy.getFromFuture(SegmentedRaftLogWorker.java:87)
	at org.apache.ratis.server.raftlog.segmented.SegmentedRaftLogWorker$WriteLog.execute(SegmentedRaftLogWorker.java:477)
	at org.apache.ratis.server.raftlog.segmented.SegmentedRaftLogWorker.run(SegmentedRaftLogWorker.java:289)
	at java.lang.Thread.run(Thread.java:748)
Caused by: java.util.concurrent.TimeoutException
	at java.util.concurrent.CompletableFuture.timedGet(CompletableFuture.java:1771)
	at java.util.concurrent.CompletableFuture.get(CompletableFuture.java:1915)
	at org.apache.ratis.util.IOUtils.getFromFuture(IOUtils.java:79)
	... 4 more
2019-09-10 19:06:40,157 [8e2eaa3a-398a-46ef-9472-b716e4b01ba0@group-F957B9D63A79-SegmentedRaftLogWorker] WARN  segmented.SegmentedRaftLogWorker (SegmentedRaftLogWorker.java:getFromFuture(90)) - Timeout 17/~
org.apache.ratis.protocol.TimeoutIOException: Timeout 10s: WriteLog:14: (t:1, i:14), STATEMACHINELOGENTRY, client-3004A9070B8E, cid=141-writeStateMachineData
	at org.apache.ratis.util.IOUtils.getFromFuture(IOUtils.java:87)
	at org.apache.ratis.server.raftlog.segmented.SegmentedRaftLogWorker$StateMachineDataPolicy.getFromFuture(SegmentedRaftLogWorker.java:87)
	at org.apache.ratis.server.raftlog.segmented.SegmentedRaftLogWorker$WriteLog.execute(SegmentedRaftLogWorker.java:477)
	at org.apache.ratis.server.raftlog.segmented.SegmentedRaftLogWorker.run(SegmentedRaftLogWorker.java:289)
	at java.lang.Thread.run(Thread.java:748)
Caused by: java.util.concurrent.TimeoutException
	at java.util.concurrent.CompletableFuture.timedGet(CompletableFuture.java:1771)
	at java.util.concurrent.CompletableFuture.get(CompletableFuture.java:1915)
	at org.apache.ratis.util.IOUtils.getFromFuture(IOUtils.java:79)
	... 4 more
2019-09-10 19:06:40,679 [org.apache.ratis.server.impl.LogAppender$AppenderDaemon$$Lambda$505/327848963@527fbb1b] ERROR ratis.XceiverServerRatis (XceiverServerRatis.java:triggerPipelineClose(568)) - pipeline Action CLOSE  on pipeline PipelineID=f1dc604d-5181-49c0-b613-f957b9d63a79.Reason : 0721d391-9877-4bc5-9778-84bb7e49252a has not seen follower/s 0b57ef76-c121-46fb-9637-94024daca647 for 181928ms 8e2eaa3a-398a-46ef-9472-b716e4b01ba0 for 181928ms
2019-09-10 19:06:40,679 [org.apache.ratis.server.impl.LogAppender$AppenderDaemon$$Lambda$505/327848963@65aa0ff8] ERROR ratis.XceiverServerRatis (XceiverServerRatis.java:triggerPipelineClose(568)) - pipeline Action CLOSE  on pipeline PipelineID=f1dc604d-5181-49c0-b613-f957b9d63a79.Reason : 0721d391-9877-4bc5-9778-84bb7e49252a has not seen follower/s 0b57ef76-c121-46fb-9637-94024daca647 for 181928ms 8e2eaa3a-398a-46ef-9472-b716e4b01ba0 for 181928ms
2019-09-10 19:06:41,167 [EventQueue-PipelineActionsForPipelineActionHandler] ERROR pipeline.PipelineActionHandler (PipelineActionHandler.java:onMessage(60)) - Received pipeline action CLOSE for Pipeline[ Id: f1dc604d-5181-49c0-b613-f957b9d63a79, Nodes: 0721d391-9877-4bc5-9778-84bb7e49252a{ip: 192.168.36.113, host: pr-hdds-1982-decom-states-gjzbw-1854142291, networkLocation: /default-rack, certSerialId: null}8e2eaa3a-398a-46ef-9472-b716e4b01ba0{ip: 192.168.36.113, host: pr-hdds-1982-decom-states-gjzbw-1854142291, networkLocation: /default-rack, certSerialId: null}0b57ef76-c121-46fb-9637-94024daca647{ip: 192.168.36.113, host: pr-hdds-1982-decom-states-gjzbw-1854142291, networkLocation: /default-rack, certSerialId: null}, Type:RATIS, Factor:THREE, State:CLOSED] from datanode 0721d391-9877-4bc5-9778-84bb7e49252a{ip: 192.168.36.113, host: pr-hdds-1982-decom-states-gjzbw-1854142291, networkLocation: /default-rack, certSerialId: null}. Reason : 0721d391-9877-4bc5-9778-84bb7e49252a has not seen follower/s 0b57ef76-c121-46fb-9637-94024daca647 for 181928ms 8e2eaa3a-398a-46ef-9472-b716e4b01ba0 for 181928ms
2019-09-10 19:06:41,167 [EventQueue-PipelineActionsForPipelineActionHandler] INFO  pipeline.SCMPipelineManager (SCMPipelineManager.java:finalizeAndDestroyPipeline(311)) - destroying pipeline:Pipeline[ Id: f1dc604d-5181-49c0-b613-f957b9d63a79, Nodes: 0721d391-9877-4bc5-9778-84bb7e49252a{ip: 192.168.36.113, host: pr-hdds-1982-decom-states-gjzbw-1854142291, networkLocation: /default-rack, certSerialId: null}8e2eaa3a-398a-46ef-9472-b716e4b01ba0{ip: 192.168.36.113, host: pr-hdds-1982-decom-states-gjzbw-1854142291, networkLocation: /default-rack, certSerialId: null}0b57ef76-c121-46fb-9637-94024daca647{ip: 192.168.36.113, host: pr-hdds-1982-decom-states-gjzbw-1854142291, networkLocation: /default-rack, certSerialId: null}, Type:RATIS, Factor:THREE, State:CLOSED]
2019-09-10 19:06:41,177 [java.util.concurrent.ThreadPoolExecutor$Worker@3835934d[State = -1, empty queue]] WARN  server.GrpcLogAppender (GrpcLogAppender.java:timeoutAppendRequest(200)) - 0721d391-9877-4bc5-9778-84bb7e49252a@group-F957B9D63A79->8e2eaa3a-398a-46ef-9472-b716e4b01ba0-GrpcLogAppender: appendEntries Timeout, request=0721d391-9877-4bc5-9778-84bb7e49252a->8e2eaa3a-398a-46ef-9472-b716e4b01ba0#163-t1, previous=(t:1, i:19), leaderCommit=12, initializing? false, entries: <empty>
2019-09-10 19:06:41,177 [java.util.concurrent.ThreadPoolExecutor$Worker@44ea9f2[State = -1, empty queue]] WARN  server.GrpcLogAppender (GrpcLogAppender.java:timeoutAppendRequest(200)) - 0721d391-9877-4bc5-9778-84bb7e49252a@group-F957B9D63A79->0b57ef76-c121-46fb-9637-94024daca647-GrpcLogAppender: appendEntries Timeout, request=0721d391-9877-4bc5-9778-84bb7e49252a->0b57ef76-c121-46fb-9637-94024daca647#163-t1, previous=(t:1, i:19), leaderCommit=12, initializing? false, entries: <empty>
2019-09-10 19:06:41,430 [grpc-default-executor-6] INFO  client.GrpcClientProtocolClient (GrpcClientProtocolClient.java:onNext(264)) - client-3004A9070B8E->8e2eaa3a-398a-46ef-9472-b716e4b01ba0: receive RaftClientReply:client-3004A9070B8E->8e2eaa3a-398a-46ef-9472-b716e4b01ba0@group-F957B9D63A79, cid=140, FAILED org.apache.ratis.protocol.NotLeaderException: Server 8e2eaa3a-398a-46ef-9472-b716e4b01ba0@group-F957B9D63A79 is not the leader 0721d391-9877-4bc5-9778-84bb7e49252a:192.168.36.113:44025, logIndex=0, commits[8e2eaa3a-398a-46ef-9472-b716e4b01ba0:c12, 0b57ef76-c121-46fb-9637-94024daca647:c7, 0721d391-9877-4bc5-9778-84bb7e49252a:c12]
2019-09-10 19:06:43,179 [org.apache.ratis.server.impl.LogAppender$AppenderDaemon$$Lambda$505/327848963@527fbb1b] ERROR ratis.XceiverServerRatis (XceiverServerRatis.java:triggerPipelineClose(568)) - pipeline Action CLOSE  on pipeline PipelineID=f1dc604d-5181-49c0-b613-f957b9d63a79.Reason : 0721d391-9877-4bc5-9778-84bb7e49252a has not seen follower/s 0b57ef76-c121-46fb-9637-94024daca647 for 184429ms 8e2eaa3a-398a-46ef-9472-b716e4b01ba0 for 184428ms
2019-09-10 19:06:43,179 [org.apache.ratis.server.impl.LogAppender$AppenderDaemon$$Lambda$505/327848963@65aa0ff8] ERROR ratis.XceiverServerRatis (XceiverServerRatis.java:triggerPipelineClose(568)) - pipeline Action CLOSE  on pipeline PipelineID=f1dc604d-5181-49c0-b613-f957b9d63a79.Reason : 0721d391-9877-4bc5-9778-84bb7e49252a has not seen follower/s 0b57ef76-c121-46fb-9637-94024daca647 for 184429ms 8e2eaa3a-398a-46ef-9472-b716e4b01ba0 for 184429ms
2019-09-10 19:06:43,678 [java.util.concurrent.ThreadPoolExecutor$Worker@44ea9f2[State = -1, empty queue]] WARN  server.GrpcLogAppender (GrpcLogAppender.java:timeoutAppendRequest(200)) - 0721d391-9877-4bc5-9778-84bb7e49252a@group-F957B9D63A79->0b57ef76-c121-46fb-9637-94024daca647-GrpcLogAppender: appendEntries Timeout, request=0721d391-9877-4bc5-9778-84bb7e49252a->0b57ef76-c121-46fb-9637-94024daca647#164-t1, previous=(t:1, i:19), leaderCommit=12, initializing? false, entries: <empty>
2019-09-10 19:06:43,678 [java.util.concurrent.ThreadPoolExecutor$Worker@3835934d[State = -1, empty queue]] WARN  server.GrpcLogAppender (GrpcLogAppender.java:timeoutAppendRequest(200)) - 0721d391-9877-4bc5-9778-84bb7e49252a@group-F957B9D63A79->8e2eaa3a-398a-46ef-9472-b716e4b01ba0-GrpcLogAppender: appendEntries Timeout, request=0721d391-9877-4bc5-9778-84bb7e49252a->8e2eaa3a-398a-46ef-9472-b716e4b01ba0#164-t1, previous=(t:1, i:19), leaderCommit=12, initializing? false, entries: <empty>
2019-09-10 19:06:44,166 [EventQueue-PipelineActionsForPipelineActionHandler] ERROR pipeline.PipelineActionHandler (PipelineActionHandler.java:onMessage(60)) - Received pipeline action CLOSE for Pipeline[ Id: f1dc604d-5181-49c0-b613-f957b9d63a79, Nodes: 0721d391-9877-4bc5-9778-84bb7e49252a{ip: 192.168.36.113, host: pr-hdds-1982-decom-states-gjzbw-1854142291, networkLocation: /default-rack, certSerialId: null}8e2eaa3a-398a-46ef-9472-b716e4b01ba0{ip: 192.168.36.113, host: pr-hdds-1982-decom-states-gjzbw-1854142291, networkLocation: /default-rack, certSerialId: null}0b57ef76-c121-46fb-9637-94024daca647{ip: 192.168.36.113, host: pr-hdds-1982-decom-states-gjzbw-1854142291, networkLocation: /default-rack, certSerialId: null}, Type:RATIS, Factor:THREE, State:CLOSED] from datanode 0721d391-9877-4bc5-9778-84bb7e49252a{ip: 192.168.36.113, host: pr-hdds-1982-decom-states-gjzbw-1854142291, networkLocation: /default-rack, certSerialId: null}. Reason : 0721d391-9877-4bc5-9778-84bb7e49252a has not seen follower/s 0b57ef76-c121-46fb-9637-94024daca647 for 184429ms 8e2eaa3a-398a-46ef-9472-b716e4b01ba0 for 184428ms
2019-09-10 19:06:44,167 [EventQueue-PipelineActionsForPipelineActionHandler] INFO  pipeline.SCMPipelineManager (SCMPipelineManager.java:finalizeAndDestroyPipeline(311)) - destroying pipeline:Pipeline[ Id: f1dc604d-5181-49c0-b613-f957b9d63a79, Nodes: 0721d391-9877-4bc5-9778-84bb7e49252a{ip: 192.168.36.113, host: pr-hdds-1982-decom-states-gjzbw-1854142291, networkLocation: /default-rack, certSerialId: null}8e2eaa3a-398a-46ef-9472-b716e4b01ba0{ip: 192.168.36.113, host: pr-hdds-1982-decom-states-gjzbw-1854142291, networkLocation: /default-rack, certSerialId: null}0b57ef76-c121-46fb-9637-94024daca647{ip: 192.168.36.113, host: pr-hdds-1982-decom-states-gjzbw-1854142291, networkLocation: /default-rack, certSerialId: null}, Type:RATIS, Factor:THREE, State:CLOSED]
2019-09-10 19:06:45,680 [org.apache.ratis.server.impl.LogAppender$AppenderDaemon$$Lambda$505/327848963@65aa0ff8] ERROR ratis.XceiverServerRatis (XceiverServerRatis.java:triggerPipelineClose(568)) - pipeline Action CLOSE  on pipeline PipelineID=f1dc604d-5181-49c0-b613-f957b9d63a79.Reason : 0721d391-9877-4bc5-9778-84bb7e49252a has not seen follower/s 0b57ef76-c121-46fb-9637-94024daca647 for 186930ms 8e2eaa3a-398a-46ef-9472-b716e4b01ba0 for 186929ms
2019-09-10 19:06:45,680 [org.apache.ratis.server.impl.LogAppender$AppenderDaemon$$Lambda$505/327848963@527fbb1b] ERROR ratis.XceiverServerRatis (XceiverServerRatis.java:triggerPipelineClose(568)) - pipeline Action CLOSE  on pipeline PipelineID=f1dc604d-5181-49c0-b613-f957b9d63a79.Reason : 0721d391-9877-4bc5-9778-84bb7e49252a has not seen follower/s 0b57ef76-c121-46fb-9637-94024daca647 for 186930ms 8e2eaa3a-398a-46ef-9472-b716e4b01ba0 for 186929ms
2019-09-10 19:06:46,135 [grpc-default-executor-6] INFO  impl.RaftServerProxy (RaftServerProxy.java:remove(95)) - 0721d391-9877-4bc5-9778-84bb7e49252a: remove    LEADER 0721d391-9877-4bc5-9778-84bb7e49252a@group-F957B9D63A79:t1, leader=0721d391-9877-4bc5-9778-84bb7e49252a, voted=0721d391-9877-4bc5-9778-84bb7e49252a, raftlog=0721d391-9877-4bc5-9778-84bb7e49252a@group-F957B9D63A79-SegmentedRaftLog:OPENED:c12,f12,i19, conf=0: [0b57ef76-c121-46fb-9637-94024daca647:192.168.36.113:44606, 0721d391-9877-4bc5-9778-84bb7e49252a:192.168.36.113:44025, 8e2eaa3a-398a-46ef-9472-b716e4b01ba0:192.168.36.113:42203], old=null RUNNING
2019-09-10 19:06:46,136 [grpc-default-executor-6] INFO  impl.RaftServerImpl (RaftServerImpl.java:lambda$shutdown$3(251)) - 0721d391-9877-4bc5-9778-84bb7e49252a@group-F957B9D63A79: shutdown
2019-09-10 19:06:46,137 [grpc-default-executor-6] INFO  util.JmxRegister (JmxRegister.java:unregister(73)) - Successfully un-registered JMX Bean with object name Ratis:service=RaftServer,group=group-F957B9D63A79,id=0721d391-9877-4bc5-9778-84bb7e49252a
2019-09-10 19:06:46,137 [grpc-default-executor-6] INFO  impl.RoleInfo (RoleInfo.java:shutdownLeaderState(104)) - 0721d391-9877-4bc5-9778-84bb7e49252a: shutdown LeaderState
2019-09-10 19:06:46,142 [org.apache.ratis.server.impl.LogAppender$AppenderDaemon$$Lambda$505/327848963@527fbb1b] WARN  server.GrpcLogAppender (GrpcLogAppender.java:mayWait(143)) - 0721d391-9877-4bc5-9778-84bb7e49252a@group-F957B9D63A79->0b57ef76-c121-46fb-9637-94024daca647-GrpcLogAppender: Wait interrupted by java.lang.InterruptedException
2019-09-10 19:06:46,143 [org.apache.ratis.server.impl.LogAppender$AppenderDaemon$$Lambda$505/327848963@65aa0ff8] WARN  server.GrpcLogAppender (GrpcLogAppender.java:mayWait(143)) - 0721d391-9877-4bc5-9778-84bb7e49252a@group-F957B9D63A79->8e2eaa3a-398a-46ef-9472-b716e4b01ba0-GrpcLogAppender: Wait interrupted by java.lang.InterruptedException
2019-09-10 19:06:46,143 [grpc-default-executor-6] INFO  impl.PendingRequests (PendingRequests.java:sendNotLeaderResponses(202)) - 0721d391-9877-4bc5-9778-84bb7e49252a-PendingRequests: sendNotLeaderResponses
2019-09-10 19:06:46,143 [grpc-default-executor-10] INFO  server.GrpcServerProtocolService (GrpcServerProtocolService.java:onCompleted(113)) - 8e2eaa3a-398a-46ef-9472-b716e4b01ba0: Completed APPEND_ENTRIES, lastRequest: 0721d391-9877-4bc5-9778-84bb7e49252a->8e2eaa3a-398a-46ef-9472-b716e4b01ba0#166-t1, previous=(t:1, i:19), leaderCommit=12, initializing? false, entries: <empty>
2019-09-10 19:06:46,143 [grpc-default-executor-9] INFO  server.GrpcServerProtocolService (GrpcServerProtocolService.java:onCompleted(113)) - 0b57ef76-c121-46fb-9637-94024daca647: Completed APPEND_ENTRIES, lastRequest: 0721d391-9877-4bc5-9778-84bb7e49252a->0b57ef76-c121-46fb-9637-94024daca647#166-t1, previous=(t:1, i:19), leaderCommit=12, initializing? false, entries: <empty>
2019-09-10 19:06:46,144 [grpc-default-executor-10] INFO  server.GrpcLogAppender (GrpcLogAppender.java:onCompleted(293)) - 0721d391-9877-4bc5-9778-84bb7e49252a@group-F957B9D63A79->0b57ef76-c121-46fb-9637-94024daca647-AppendLogResponseHandler: follower responses appendEntries COMPLETED
2019-09-10 19:06:46,145 [grpc-default-executor-9] INFO  server.GrpcLogAppender (GrpcLogAppender.java:onCompleted(293)) - 0721d391-9877-4bc5-9778-84bb7e49252a@group-F957B9D63A79->8e2eaa3a-398a-46ef-9472-b716e4b01ba0-AppendLogResponseHandler: follower responses appendEntries COMPLETED
2019-09-10 19:06:46,145 [grpc-default-executor-10] INFO  impl.FollowerInfo (FollowerInfo.java:lambda$new$0(51)) - 0721d391-9877-4bc5-9778-84bb7e49252a@group-F957B9D63A79->0b57ef76-c121-46fb-9637-94024daca647: nextIndex: updateUnconditionally 20 -> 13
2019-09-10 19:06:46,145 [grpc-default-executor-9] INFO  impl.FollowerInfo (FollowerInfo.java:lambda$new$0(51)) - 0721d391-9877-4bc5-9778-84bb7e49252a@group-F957B9D63A79->8e2eaa3a-398a-46ef-9472-b716e4b01ba0: nextIndex: updateUnconditionally 20 -> 13
2019-09-10 19:06:46,150 [grpc-default-executor-6] INFO  impl.StateMachineUpdater (StateMachineUpdater.java:stopAndJoin(125)) - 0721d391-9877-4bc5-9778-84bb7e49252a@group-F957B9D63A79-StateMachineUpdater: set stopIndex = 12
2019-09-10 19:06:46,151 [0721d391-9877-4bc5-9778-84bb7e49252a@group-F957B9D63A79-StateMachineUpdater] INFO  ratis.ContainerStateMachine (ContainerStateMachine.java:takeSnapshot(289)) - group-F957B9D63A79: Taking a snapshot at:(t:1, i:12) file /workdir/hadoop-ozone/integration-test/target/test-dir/MiniOzoneClusterImpl-72d52129-3591-4c41-bfb8-19f96584a10d/datanode-1/data/ratis/f1dc604d-5181-49c0-b613-f957b9d63a79/sm/snapshot.1_12
2019-09-10 19:06:46,166 [EventQueue-PipelineActionsForPipelineActionHandler] ERROR pipeline.PipelineActionHandler (PipelineActionHandler.java:onMessage(60)) - Received pipeline action CLOSE for Pipeline[ Id: f1dc604d-5181-49c0-b613-f957b9d63a79, Nodes: 0721d391-9877-4bc5-9778-84bb7e49252a{ip: 192.168.36.113, host: pr-hdds-1982-decom-states-gjzbw-1854142291, networkLocation: /default-rack, certSerialId: null}8e2eaa3a-398a-46ef-9472-b716e4b01ba0{ip: 192.168.36.113, host: pr-hdds-1982-decom-states-gjzbw-1854142291, networkLocation: /default-rack, certSerialId: null}0b57ef76-c121-46fb-9637-94024daca647{ip: 192.168.36.113, host: pr-hdds-1982-decom-states-gjzbw-1854142291, networkLocation: /default-rack, certSerialId: null}, Type:RATIS, Factor:THREE, State:CLOSED] from datanode 0721d391-9877-4bc5-9778-84bb7e49252a{ip: 192.168.36.113, host: pr-hdds-1982-decom-states-gjzbw-1854142291, networkLocation: /default-rack, certSerialId: null}. Reason : 0721d391-9877-4bc5-9778-84bb7e49252a has not seen follower/s 0b57ef76-c121-46fb-9637-94024daca647 for 186930ms 8e2eaa3a-398a-46ef-9472-b716e4b01ba0 for 186929ms
2019-09-10 19:06:46,166 [EventQueue-PipelineActionsForPipelineActionHandler] INFO  pipeline.SCMPipelineManager (SCMPipelineManager.java:finalizeAndDestroyPipeline(311)) - destroying pipeline:Pipeline[ Id: f1dc604d-5181-49c0-b613-f957b9d63a79, Nodes: 0721d391-9877-4bc5-9778-84bb7e49252a{ip: 192.168.36.113, host: pr-hdds-1982-decom-states-gjzbw-1854142291, networkLocation: /default-rack, certSerialId: null}8e2eaa3a-398a-46ef-9472-b716e4b01ba0{ip: 192.168.36.113, host: pr-hdds-1982-decom-states-gjzbw-1854142291, networkLocation: /default-rack, certSerialId: null}0b57ef76-c121-46fb-9637-94024daca647{ip: 192.168.36.113, host: pr-hdds-1982-decom-states-gjzbw-1854142291, networkLocation: /default-rack, certSerialId: null}, Type:RATIS, Factor:THREE, State:CLOSED]
2019-09-10 19:06:46,168 [0721d391-9877-4bc5-9778-84bb7e49252a@group-F957B9D63A79-StateMachineUpdater] INFO  ratis.ContainerStateMachine (ContainerStateMachine.java:takeSnapshot(300)) - group-F957B9D63A79: Finished taking a snapshot at:(t:1, i:12) file:/workdir/hadoop-ozone/integration-test/target/test-dir/MiniOzoneClusterImpl-72d52129-3591-4c41-bfb8-19f96584a10d/datanode-1/data/ratis/f1dc604d-5181-49c0-b613-f957b9d63a79/sm/snapshot.1_12 time:17
2019-09-10 19:06:46,168 [0721d391-9877-4bc5-9778-84bb7e49252a@group-F957B9D63A79-StateMachineUpdater] INFO  impl.StateMachineUpdater (StateMachineUpdater.java:takeSnapshot(258)) - 0721d391-9877-4bc5-9778-84bb7e49252a@group-F957B9D63A79-StateMachineUpdater: Took a snapshot at index 12
2019-09-10 19:06:46,168 [0721d391-9877-4bc5-9778-84bb7e49252a@group-F957B9D63A79-StateMachineUpdater] INFO  impl.StateMachineUpdater (StateMachineUpdater.java:lambda$new$0(83)) - 0721d391-9877-4bc5-9778-84bb7e49252a@group-F957B9D63A79-StateMachineUpdater: snapshotIndex: updateIncreasingly -1 -> 12
2019-09-10 19:06:46,168 [grpc-default-executor-6] INFO  impl.RaftServerImpl (ServerState.java:close(385)) - 0721d391-9877-4bc5-9778-84bb7e49252a@group-F957B9D63A79: closes. applyIndex: 12
2019-09-10 19:06:46,169 [0721d391-9877-4bc5-9778-84bb7e49252a@group-F957B9D63A79-SegmentedRaftLogWorker] ERROR ratis.XceiverServerRatis (XceiverServerRatis.java:triggerPipelineClose(568)) - pipeline Action CLOSE  on pipeline PipelineID=f1dc604d-5181-49c0-b613-f957b9d63a79.Reason : WriteLog:13: (t:1, i:13), STATEMACHINELOGENTRY, client-3004A9070B8E, cid=140-writeStateMachineData interrupted.
2019-09-10 19:06:46,169 [Command processor thread] ERROR commandhandler.CloseContainerCommandHandler (CloseContainerCommandHandler.java:handle(125)) - Can't close container #8
java.io.IOException: org.apache.ratis.protocol.GroupMismatchException: 0721d391-9877-4bc5-9778-84bb7e49252a: group-F957B9D63A79 not found.
	at org.apache.hadoop.ozone.container.common.transport.server.ratis.XceiverServerRatis.submitRequest(XceiverServerRatis.java:495)
	at org.apache.hadoop.ozone.container.common.statemachine.commandhandler.CloseContainerCommandHandler.handle(CloseContainerCommandHandler.java:102)
	at org.apache.hadoop.ozone.container.common.statemachine.commandhandler.CommandDispatcher.handle(CommandDispatcher.java:99)
	at org.apache.hadoop.ozone.container.common.statemachine.DatanodeStateMachine.lambda$initCommandHandlerThread$1(DatanodeStateMachine.java:432)
	at java.lang.Thread.run(Thread.java:748)
Caused by: java.util.concurrent.ExecutionException: org.apache.ratis.protocol.GroupMismatchException: 0721d391-9877-4bc5-9778-84bb7e49252a: group-F957B9D63A79 not found.
	at java.util.concurrent.CompletableFuture.reportGet(CompletableFuture.java:357)
	at java.util.concurrent.CompletableFuture.get(CompletableFuture.java:1895)
	at org.apache.hadoop.ozone.container.common.transport.server.ratis.XceiverServerRatis.submitRequest(XceiverServerRatis.java:493)
	... 4 more
Caused by: org.apache.ratis.protocol.GroupMismatchException: 0721d391-9877-4bc5-9778-84bb7e49252a: group-F957B9D63A79 not found.
	at org.apache.ratis.server.impl.RaftServerProxy$ImplMap.get(RaftServerProxy.java:122)
	at org.apache.ratis.server.impl.RaftServerProxy.getImplFuture(RaftServerProxy.java:269)
	at org.apache.ratis.server.impl.RaftServerProxy.submitRequest(RaftServerProxy.java:327)
	at org.apache.ratis.server.impl.RaftServerProxy.submitClientRequestAsync(RaftServerProxy.java:333)
	... 5 more
2019-09-10 19:06:46,172 [grpc-default-executor-6] INFO  segmented.SegmentedRaftLogWorker (SegmentedRaftLogWorker.java:close(228)) - 0721d391-9877-4bc5-9778-84bb7e49252a@group-F957B9D63A79-SegmentedRaftLogWorker close()
2019-09-10 19:06:46,180 [EventQueue-PipelineActionsForPipelineActionHandler] ERROR pipeline.PipelineActionHandler (PipelineActionHandler.java:onMessage(60)) - Received pipeline action CLOSE for Pipeline[ Id: f1dc604d-5181-49c0-b613-f957b9d63a79, Nodes: 0721d391-9877-4bc5-9778-84bb7e49252a{ip: 192.168.36.113, host: pr-hdds-1982-decom-states-gjzbw-1854142291, networkLocation: /default-rack, certSerialId: null}8e2eaa3a-398a-46ef-9472-b716e4b01ba0{ip: 192.168.36.113, host: pr-hdds-1982-decom-states-gjzbw-1854142291, networkLocation: /default-rack, certSerialId: null}0b57ef76-c121-46fb-9637-94024daca647{ip: 192.168.36.113, host: pr-hdds-1982-decom-states-gjzbw-1854142291, networkLocation: /default-rack, certSerialId: null}, Type:RATIS, Factor:THREE, State:CLOSED] from datanode 0721d391-9877-4bc5-9778-84bb7e49252a{ip: 192.168.36.113, host: pr-hdds-1982-decom-states-gjzbw-1854142291, networkLocation: /default-rack, certSerialId: null}. Reason : WriteLog:13: (t:1, i:13), STATEMACHINELOGENTRY, client-3004A9070B8E, cid=140-writeStateMachineData interrupted.
2019-09-10 19:06:46,180 [EventQueue-PipelineActionsForPipelineActionHandler] INFO  pipeline.SCMPipelineManager (SCMPipelineManager.java:finalizeAndDestroyPipeline(311)) - destroying pipeline:Pipeline[ Id: f1dc604d-5181-49c0-b613-f957b9d63a79, Nodes: 0721d391-9877-4bc5-9778-84bb7e49252a{ip: 192.168.36.113, host: pr-hdds-1982-decom-states-gjzbw-1854142291, networkLocation: /default-rack, certSerialId: null}8e2eaa3a-398a-46ef-9472-b716e4b01ba0{ip: 192.168.36.113, host: pr-hdds-1982-decom-states-gjzbw-1854142291, networkLocation: /default-rack, certSerialId: null}0b57ef76-c121-46fb-9637-94024daca647{ip: 192.168.36.113, host: pr-hdds-1982-decom-states-gjzbw-1854142291, networkLocation: /default-rack, certSerialId: null}, Type:RATIS, Factor:THREE, State:CLOSED]
2019-09-10 19:06:46,194 [grpc-default-executor-6] INFO  interfaces.Container (KeyValueContainer.java:flushAndSyncDB(386)) - Container 6 is synced with bcsId 7.
2019-09-10 19:06:46,194 [grpc-default-executor-6] INFO  interfaces.Container (KeyValueContainer.java:flushAndSyncDB(386)) - Container 6 is synced with bcsId 7.
2019-09-10 19:06:46,217 [EventQueue-IncrementalContainerReportForIncrementalContainerReportHandler] INFO  container.IncrementalContainerReportHandler (AbstractContainerReportHandler.java:updateContainerState(169)) - Moving container #6 to QUASI_CLOSED state, datanode 0721d391-9877-4bc5-9778-84bb7e49252a{ip: 192.168.36.113, host: pr-hdds-1982-decom-states-gjzbw-1854142291, networkLocation: /default-rack, certSerialId: null} reported QUASI_CLOSED replica.
2019-09-10 19:06:46,357 [grpc-default-executor-6] INFO  interfaces.Container (KeyValueContainer.java:flushAndSyncDB(386)) - Container 8 is synced with bcsId 0.
2019-09-10 19:06:46,357 [grpc-default-executor-6] INFO  interfaces.Container (KeyValueContainer.java:flushAndSyncDB(386)) - Container 8 is synced with bcsId 0.
2019-09-10 19:06:46,375 [EventQueue-IncrementalContainerReportForIncrementalContainerReportHandler] INFO  container.IncrementalContainerReportHandler (AbstractContainerReportHandler.java:updateContainerState(169)) - Moving container #8 to QUASI_CLOSED state, datanode 0721d391-9877-4bc5-9778-84bb7e49252a{ip: 192.168.36.113, host: pr-hdds-1982-decom-states-gjzbw-1854142291, networkLocation: /default-rack, certSerialId: null} reported QUASI_CLOSED replica.
2019-09-10 19:06:46,379 [grpc-default-executor-6] INFO  impl.RaftServerProxy (RaftServerProxy.java:remove(95)) - 8e2eaa3a-398a-46ef-9472-b716e4b01ba0: remove  FOLLOWER 8e2eaa3a-398a-46ef-9472-b716e4b01ba0@group-F957B9D63A79:t1, leader=0721d391-9877-4bc5-9778-84bb7e49252a, voted=0721d391-9877-4bc5-9778-84bb7e49252a, raftlog=8e2eaa3a-398a-46ef-9472-b716e4b01ba0@group-F957B9D63A79-SegmentedRaftLog:OPENED:c12,f12,i19, conf=0: [0b57ef76-c121-46fb-9637-94024daca647:192.168.36.113:44606, 0721d391-9877-4bc5-9778-84bb7e49252a:192.168.36.113:44025, 8e2eaa3a-398a-46ef-9472-b716e4b01ba0:192.168.36.113:42203], old=null RUNNING
2019-09-10 19:06:46,380 [grpc-default-executor-6] INFO  impl.RaftServerImpl (RaftServerImpl.java:lambda$shutdown$3(251)) - 8e2eaa3a-398a-46ef-9472-b716e4b01ba0@group-F957B9D63A79: shutdown
2019-09-10 19:06:46,380 [grpc-default-executor-6] INFO  util.JmxRegister (JmxRegister.java:unregister(73)) - Successfully un-registered JMX Bean with object name Ratis:service=RaftServer,group=group-F957B9D63A79,id=8e2eaa3a-398a-46ef-9472-b716e4b01ba0
2019-09-10 19:06:46,380 [grpc-default-executor-6] INFO  impl.RoleInfo (RoleInfo.java:shutdownFollowerState(121)) - 8e2eaa3a-398a-46ef-9472-b716e4b01ba0: shutdown FollowerState
2019-09-10 19:06:46,380 [grpc-default-executor-6] INFO  impl.StateMachineUpdater (StateMachineUpdater.java:stopAndJoin(125)) - 8e2eaa3a-398a-46ef-9472-b716e4b01ba0@group-F957B9D63A79-StateMachineUpdater: set stopIndex = 12
2019-09-10 19:06:46,380 [Thread-903] INFO  impl.FollowerState (FollowerState.java:run(115)) - 8e2eaa3a-398a-46ef-9472-b716e4b01ba0: FollowerState was interrupted: java.lang.InterruptedException: sleep interrupted
2019-09-10 19:06:46,380 [8e2eaa3a-398a-46ef-9472-b716e4b01ba0@group-F957B9D63A79-StateMachineUpdater] INFO  ratis.ContainerStateMachine (ContainerStateMachine.java:takeSnapshot(289)) - group-F957B9D63A79: Taking a snapshot at:(t:1, i:7) file /workdir/hadoop-ozone/integration-test/target/test-dir/MiniOzoneClusterImpl-72d52129-3591-4c41-bfb8-19f96584a10d/datanode-4/data/ratis/f1dc604d-5181-49c0-b613-f957b9d63a79/sm/snapshot.1_7
2019-09-10 19:06:46,399 [8e2eaa3a-398a-46ef-9472-b716e4b01ba0@group-F957B9D63A79-StateMachineUpdater] INFO  ratis.ContainerStateMachine (ContainerStateMachine.java:takeSnapshot(300)) - group-F957B9D63A79: Finished taking a snapshot at:(t:1, i:7) file:/workdir/hadoop-ozone/integration-test/target/test-dir/MiniOzoneClusterImpl-72d52129-3591-4c41-bfb8-19f96584a10d/datanode-4/data/ratis/f1dc604d-5181-49c0-b613-f957b9d63a79/sm/snapshot.1_7 time:19
2019-09-10 19:06:46,400 [8e2eaa3a-398a-46ef-9472-b716e4b01ba0@group-F957B9D63A79-StateMachineUpdater] INFO  impl.StateMachineUpdater (StateMachineUpdater.java:takeSnapshot(258)) - 8e2eaa3a-398a-46ef-9472-b716e4b01ba0@group-F957B9D63A79-StateMachineUpdater: Took a snapshot at index 7
2019-09-10 19:06:46,400 [8e2eaa3a-398a-46ef-9472-b716e4b01ba0@group-F957B9D63A79-StateMachineUpdater] INFO  impl.StateMachineUpdater (StateMachineUpdater.java:lambda$new$0(83)) - 8e2eaa3a-398a-46ef-9472-b716e4b01ba0@group-F957B9D63A79-StateMachineUpdater: snapshotIndex: updateIncreasingly -1 -> 7
2019-09-10 19:06:46,400 [8e2eaa3a-398a-46ef-9472-b716e4b01ba0@group-F957B9D63A79-StateMachineUpdater] INFO  ratis.ContainerStateMachine (ContainerStateMachine.java:takeSnapshot(289)) - group-F957B9D63A79: Taking a snapshot at:(t:1, i:7) file /workdir/hadoop-ozone/integration-test/target/test-dir/MiniOzoneClusterImpl-72d52129-3591-4c41-bfb8-19f96584a10d/datanode-4/data/ratis/f1dc604d-5181-49c0-b613-f957b9d63a79/sm/snapshot.1_7
2019-09-10 19:06:46,425 [8e2eaa3a-398a-46ef-9472-b716e4b01ba0@group-F957B9D63A79-StateMachineUpdater] INFO  ratis.ContainerStateMachine (ContainerStateMachine.java:takeSnapshot(300)) - group-F957B9D63A79: Finished taking a snapshot at:(t:1, i:7) file:/workdir/hadoop-ozone/integration-test/target/test-dir/MiniOzoneClusterImpl-72d52129-3591-4c41-bfb8-19f96584a10d/datanode-4/data/ratis/f1dc604d-5181-49c0-b613-f957b9d63a79/sm/snapshot.1_7 time:25
2019-09-10 19:06:46,425 [8e2eaa3a-398a-46ef-9472-b716e4b01ba0@group-F957B9D63A79-StateMachineUpdater] INFO  impl.StateMachineUpdater (StateMachineUpdater.java:takeSnapshot(258)) - 8e2eaa3a-398a-46ef-9472-b716e4b01ba0@group-F957B9D63A79-StateMachineUpdater: Took a snapshot at index 7
2019-09-10 19:06:46,425 [8e2eaa3a-398a-46ef-9472-b716e4b01ba0@group-F957B9D63A79-StateMachineUpdater] INFO  impl.StateMachineUpdater (StateMachineUpdater.java:lambda$new$0(83)) - 8e2eaa3a-398a-46ef-9472-b716e4b01ba0@group-F957B9D63A79-StateMachineUpdater: snapshotIndex: updateIncreasingly 7 -> 7
2019-09-10 19:06:46,425 [grpc-default-executor-6] INFO  impl.RaftServerImpl (ServerState.java:close(385)) - 8e2eaa3a-398a-46ef-9472-b716e4b01ba0@group-F957B9D63A79: closes. applyIndex: 12
2019-09-10 19:06:46,426 [8e2eaa3a-398a-46ef-9472-b716e4b01ba0@group-F957B9D63A79-SegmentedRaftLogWorker] ERROR ratis.XceiverServerRatis (XceiverServerRatis.java:triggerPipelineClose(568)) - pipeline Action CLOSE  on pipeline PipelineID=f1dc604d-5181-49c0-b613-f957b9d63a79.Reason : WriteLog:14: (t:1, i:14), STATEMACHINELOGENTRY, client-3004A9070B8E, cid=141-writeStateMachineData interrupted.
2019-09-10 19:06:46,429 [EventQueue-PipelineActionsForPipelineActionHandler] ERROR pipeline.PipelineActionHandler (PipelineActionHandler.java:onMessage(60)) - Received pipeline action CLOSE for Pipeline[ Id: f1dc604d-5181-49c0-b613-f957b9d63a79, Nodes: 0721d391-9877-4bc5-9778-84bb7e49252a{ip: 192.168.36.113, host: pr-hdds-1982-decom-states-gjzbw-1854142291, networkLocation: /default-rack, certSerialId: null}8e2eaa3a-398a-46ef-9472-b716e4b01ba0{ip: 192.168.36.113, host: pr-hdds-1982-decom-states-gjzbw-1854142291, networkLocation: /default-rack, certSerialId: null}0b57ef76-c121-46fb-9637-94024daca647{ip: 192.168.36.113, host: pr-hdds-1982-decom-states-gjzbw-1854142291, networkLocation: /default-rack, certSerialId: null}, Type:RATIS, Factor:THREE, State:CLOSED] from datanode 8e2eaa3a-398a-46ef-9472-b716e4b01ba0{ip: 192.168.36.113, host: pr-hdds-1982-decom-states-gjzbw-1854142291, networkLocation: /default-rack, certSerialId: null}. Reason : WriteLog:14: (t:1, i:14), STATEMACHINELOGENTRY, client-3004A9070B8E, cid=141-writeStateMachineData interrupted.
2019-09-10 19:06:46,430 [EventQueue-PipelineActionsForPipelineActionHandler] INFO  pipeline.SCMPipelineManager (SCMPipelineManager.java:finalizeAndDestroyPipeline(311)) - destroying pipeline:Pipeline[ Id: f1dc604d-5181-49c0-b613-f957b9d63a79, Nodes: 0721d391-9877-4bc5-9778-84bb7e49252a{ip: 192.168.36.113, host: pr-hdds-1982-decom-states-gjzbw-1854142291, networkLocation: /default-rack, certSerialId: null}8e2eaa3a-398a-46ef-9472-b716e4b01ba0{ip: 192.168.36.113, host: pr-hdds-1982-decom-states-gjzbw-1854142291, networkLocation: /default-rack, certSerialId: null}0b57ef76-c121-46fb-9637-94024daca647{ip: 192.168.36.113, host: pr-hdds-1982-decom-states-gjzbw-1854142291, networkLocation: /default-rack, certSerialId: null}, Type:RATIS, Factor:THREE, State:CLOSED]
2019-09-10 19:06:46,436 [grpc-default-executor-6] INFO  segmented.SegmentedRaftLogWorker (SegmentedRaftLogWorker.java:close(228)) - 8e2eaa3a-398a-46ef-9472-b716e4b01ba0@group-F957B9D63A79-SegmentedRaftLogWorker close()
2019-09-10 19:06:46,458 [grpc-default-executor-6] INFO  interfaces.Container (KeyValueContainer.java:flushAndSyncDB(386)) - Container 6 is synced with bcsId 7.
2019-09-10 19:06:46,459 [grpc-default-executor-6] INFO  interfaces.Container (KeyValueContainer.java:flushAndSyncDB(386)) - Container 6 is synced with bcsId 7.
2019-09-10 19:06:46,475 [main] WARN  io.KeyOutputStream (KeyOutputStream.java:handleException(276)) - Encountered exception java.io.IOException: Unexpected Storage Container Exception: java.util.concurrent.CompletionException: java.util.concurrent.CompletionException: org.apache.ratis.protocol.GroupMismatchException: 8e2eaa3a-398a-46ef-9472-b716e4b01ba0: group-F957B9D63A79 not found. on the pipeline Pipeline[ Id: f1dc604d-5181-49c0-b613-f957b9d63a79, Nodes: 0721d391-9877-4bc5-9778-84bb7e49252a{ip: 192.168.36.113, host: pr-hdds-1982-decom-states-gjzbw-1854142291, networkLocation: /default-rack, certSerialId: null}8e2eaa3a-398a-46ef-9472-b716e4b01ba0{ip: 192.168.36.113, host: pr-hdds-1982-decom-states-gjzbw-1854142291, networkLocation: /default-rack, certSerialId: null}0b57ef76-c121-46fb-9637-94024daca647{ip: 192.168.36.113, host: pr-hdds-1982-decom-states-gjzbw-1854142291, networkLocation: /default-rack, certSerialId: null}, Type:RATIS, Factor:THREE, State:OPEN]. The last committed block length is 0, uncommitted data length is 400 retry count 0
2019-09-10 19:06:46,531 [grpc-default-executor-10] INFO  client.GrpcClientProtocolClient (GrpcClientProtocolClient.java:onNext(264)) - client-5E6DEA43F854->c01dc21c-c6d3-4daa-9385-9c828aa890a1: receive RaftClientReply:client-5E6DEA43F854->c01dc21c-c6d3-4daa-9385-9c828aa890a1@group-C74863BF0161, cid=235, FAILED org.apache.ratis.protocol.NotLeaderException: Server c01dc21c-c6d3-4daa-9385-9c828aa890a1@group-C74863BF0161 is not the leader d394239f-4003-4980-a11f-9e9a96bc4c4f:192.168.36.113:33987, logIndex=0, commits[c01dc21c-c6d3-4daa-9385-9c828aa890a1:c4, d394239f-4003-4980-a11f-9e9a96bc4c4f:c4, 08300216-d630-4cd9-aee9-766608000298:c4]
2019-09-10 19:06:46,604 [grpc-default-executor-6] INFO  interfaces.Container (KeyValueContainer.java:flushAndSyncDB(386)) - Container 8 is synced with bcsId 0.
2019-09-10 19:06:46,605 [grpc-default-executor-6] INFO  interfaces.Container (KeyValueContainer.java:flushAndSyncDB(386)) - Container 8 is synced with bcsId 0.
2019-09-10 19:06:46,642 [grpc-default-executor-6] INFO  impl.RaftServerProxy (RaftServerProxy.java:remove(95)) - 0b57ef76-c121-46fb-9637-94024daca647: remove  FOLLOWER 0b57ef76-c121-46fb-9637-94024daca647@group-F957B9D63A79:t1, leader=0721d391-9877-4bc5-9778-84bb7e49252a, voted=0b57ef76-c121-46fb-9637-94024daca647, raftlog=0b57ef76-c121-46fb-9637-94024daca647@group-F957B9D63A79-SegmentedRaftLog:OPENED:c12,f12,i19, conf=0: [0b57ef76-c121-46fb-9637-94024daca647:192.168.36.113:44606, 0721d391-9877-4bc5-9778-84bb7e49252a:192.168.36.113:44025, 8e2eaa3a-398a-46ef-9472-b716e4b01ba0:192.168.36.113:42203], old=null RUNNING
2019-09-10 19:06:46,643 [grpc-default-executor-6] INFO  impl.RaftServerImpl (RaftServerImpl.java:lambda$shutdown$3(251)) - 0b57ef76-c121-46fb-9637-94024daca647@group-F957B9D63A79: shutdown
2019-09-10 19:06:46,643 [grpc-default-executor-6] INFO  util.JmxRegister (JmxRegister.java:unregister(73)) - Successfully un-registered JMX Bean with object name Ratis:service=RaftServer,group=group-F957B9D63A79,id=0b57ef76-c121-46fb-9637-94024daca647
2019-09-10 19:06:46,643 [grpc-default-executor-6] INFO  impl.RoleInfo (RoleInfo.java:shutdownFollowerState(121)) - 0b57ef76-c121-46fb-9637-94024daca647: shutdown FollowerState
2019-09-10 19:06:46,643 [grpc-default-executor-6] INFO  impl.StateMachineUpdater (StateMachineUpdater.java:stopAndJoin(125)) - 0b57ef76-c121-46fb-9637-94024daca647@group-F957B9D63A79-StateMachineUpdater: set stopIndex = 12
2019-09-10 19:06:46,643 [0b57ef76-c121-46fb-9637-94024daca647@group-F957B9D63A79-StateMachineUpdater] INFO  ratis.ContainerStateMachine (ContainerStateMachine.java:takeSnapshot(289)) - group-F957B9D63A79: Taking a snapshot at:(t:1, i:7) file /workdir/hadoop-ozone/integration-test/target/test-dir/MiniOzoneClusterImpl-72d52129-3591-4c41-bfb8-19f96584a10d/datanode-6/data/ratis/f1dc604d-5181-49c0-b613-f957b9d63a79/sm/snapshot.1_7
2019-09-10 19:06:46,643 [Thread-907] INFO  impl.FollowerState (FollowerState.java:run(115)) - 0b57ef76-c121-46fb-9637-94024daca647: FollowerState was interrupted: java.lang.InterruptedException: sleep interrupted
2019-09-10 19:06:46,672 [0b57ef76-c121-46fb-9637-94024daca647@group-F957B9D63A79-StateMachineUpdater] INFO  ratis.ContainerStateMachine (ContainerStateMachine.java:takeSnapshot(300)) - group-F957B9D63A79: Finished taking a snapshot at:(t:1, i:7) file:/workdir/hadoop-ozone/integration-test/target/test-dir/MiniOzoneClusterImpl-72d52129-3591-4c41-bfb8-19f96584a10d/datanode-6/data/ratis/f1dc604d-5181-49c0-b613-f957b9d63a79/sm/snapshot.1_7 time:29
2019-09-10 19:06:46,672 [0b57ef76-c121-46fb-9637-94024daca647@group-F957B9D63A79-StateMachineUpdater] INFO  impl.StateMachineUpdater (StateMachineUpdater.java:takeSnapshot(258)) - 0b57ef76-c121-46fb-9637-94024daca647@group-F957B9D63A79-StateMachineUpdater: Took a snapshot at index 7
2019-09-10 19:06:46,672 [0b57ef76-c121-46fb-9637-94024daca647@group-F957B9D63A79-StateMachineUpdater] INFO  impl.StateMachineUpdater (StateMachineUpdater.java:lambda$new$0(83)) - 0b57ef76-c121-46fb-9637-94024daca647@group-F957B9D63A79-StateMachineUpdater: snapshotIndex: updateIncreasingly -1 -> 7
2019-09-10 19:06:46,673 [0b57ef76-c121-46fb-9637-94024daca647@group-F957B9D63A79-StateMachineUpdater] INFO  ratis.ContainerStateMachine (ContainerStateMachine.java:takeSnapshot(289)) - group-F957B9D63A79: Taking a snapshot at:(t:1, i:7) file /workdir/hadoop-ozone/integration-test/target/test-dir/MiniOzoneClusterImpl-72d52129-3591-4c41-bfb8-19f96584a10d/datanode-6/data/ratis/f1dc604d-5181-49c0-b613-f957b9d63a79/sm/snapshot.1_7
2019-09-10 19:06:46,706 [0b57ef76-c121-46fb-9637-94024daca647@group-F957B9D63A79-StateMachineUpdater] INFO  ratis.ContainerStateMachine (ContainerStateMachine.java:takeSnapshot(300)) - group-F957B9D63A79: Finished taking a snapshot at:(t:1, i:7) file:/workdir/hadoop-ozone/integration-test/target/test-dir/MiniOzoneClusterImpl-72d52129-3591-4c41-bfb8-19f96584a10d/datanode-6/data/ratis/f1dc604d-5181-49c0-b613-f957b9d63a79/sm/snapshot.1_7 time:34
2019-09-10 19:06:46,707 [0b57ef76-c121-46fb-9637-94024daca647@group-F957B9D63A79-StateMachineUpdater] INFO  impl.StateMachineUpdater (StateMachineUpdater.java:takeSnapshot(258)) - 0b57ef76-c121-46fb-9637-94024daca647@group-F957B9D63A79-StateMachineUpdater: Took a snapshot at index 7
2019-09-10 19:06:46,707 [0b57ef76-c121-46fb-9637-94024daca647@group-F957B9D63A79-StateMachineUpdater] INFO  impl.StateMachineUpdater (StateMachineUpdater.java:lambda$new$0(83)) - 0b57ef76-c121-46fb-9637-94024daca647@group-F957B9D63A79-StateMachineUpdater: snapshotIndex: updateIncreasingly 7 -> 7
2019-09-10 19:06:46,707 [grpc-default-executor-6] INFO  impl.RaftServerImpl (ServerState.java:close(385)) - 0b57ef76-c121-46fb-9637-94024daca647@group-F957B9D63A79: closes. applyIndex: 12
2019-09-10 19:06:46,708 [0b57ef76-c121-46fb-9637-94024daca647@group-F957B9D63A79-SegmentedRaftLogWorker] ERROR ratis.XceiverServerRatis (XceiverServerRatis.java:triggerPipelineClose(568)) - pipeline Action CLOSE  on pipeline PipelineID=f1dc604d-5181-49c0-b613-f957b9d63a79.Reason : WriteLog:16: (t:1, i:16), STATEMACHINELOGENTRY, client-3004A9070B8E, cid=143-writeStateMachineData interrupted.
2019-09-10 19:06:46,712 [EventQueue-PipelineActionsForPipelineActionHandler] ERROR pipeline.PipelineActionHandler (PipelineActionHandler.java:onMessage(60)) - Received pipeline action CLOSE for Pipeline[ Id: f1dc604d-5181-49c0-b613-f957b9d63a79, Nodes: 0721d391-9877-4bc5-9778-84bb7e49252a{ip: 192.168.36.113, host: pr-hdds-1982-decom-states-gjzbw-1854142291, networkLocation: /default-rack, certSerialId: null}8e2eaa3a-398a-46ef-9472-b716e4b01ba0{ip: 192.168.36.113, host: pr-hdds-1982-decom-states-gjzbw-1854142291, networkLocation: /default-rack, certSerialId: null}0b57ef76-c121-46fb-9637-94024daca647{ip: 192.168.36.113, host: pr-hdds-1982-decom-states-gjzbw-1854142291, networkLocation: /default-rack, certSerialId: null}, Type:RATIS, Factor:THREE, State:CLOSED] from datanode 0b57ef76-c121-46fb-9637-94024daca647{ip: 192.168.36.113, host: pr-hdds-1982-decom-states-gjzbw-1854142291, networkLocation: /default-rack, certSerialId: null}. Reason : WriteLog:16: (t:1, i:16), STATEMACHINELOGENTRY, client-3004A9070B8E, cid=143-writeStateMachineData interrupted.
2019-09-10 19:06:46,712 [EventQueue-PipelineActionsForPipelineActionHandler] INFO  pipeline.SCMPipelineManager (SCMPipelineManager.java:finalizeAndDestroyPipeline(311)) - destroying pipeline:Pipeline[ Id: f1dc604d-5181-49c0-b613-f957b9d63a79, Nodes: 0721d391-9877-4bc5-9778-84bb7e49252a{ip: 192.168.36.113, host: pr-hdds-1982-decom-states-gjzbw-1854142291, networkLocation: /default-rack, certSerialId: null}8e2eaa3a-398a-46ef-9472-b716e4b01ba0{ip: 192.168.36.113, host: pr-hdds-1982-decom-states-gjzbw-1854142291, networkLocation: /default-rack, certSerialId: null}0b57ef76-c121-46fb-9637-94024daca647{ip: 192.168.36.113, host: pr-hdds-1982-decom-states-gjzbw-1854142291, networkLocation: /default-rack, certSerialId: null}, Type:RATIS, Factor:THREE, State:CLOSED]
2019-09-10 19:06:46,716 [grpc-default-executor-6] INFO  segmented.SegmentedRaftLogWorker (SegmentedRaftLogWorker.java:close(228)) - 0b57ef76-c121-46fb-9637-94024daca647@group-F957B9D63A79-SegmentedRaftLogWorker close()
2019-09-10 19:06:46,740 [grpc-default-executor-6] INFO  interfaces.Container (KeyValueContainer.java:flushAndSyncDB(386)) - Container 6 is synced with bcsId 7.
2019-09-10 19:06:46,741 [grpc-default-executor-6] INFO  interfaces.Container (KeyValueContainer.java:flushAndSyncDB(386)) - Container 6 is synced with bcsId 7.
2019-09-10 19:06:46,789 [grpc-default-executor-11] INFO  client.GrpcClientProtocolClient (GrpcClientProtocolClient.java:onNext(264)) - client-5E6DEA43F854->d394239f-4003-4980-a11f-9e9a96bc4c4f: receive RaftClientReply:client-5E6DEA43F854->d394239f-4003-4980-a11f-9e9a96bc4c4f@group-C74863BF0161, cid=235, SUCCESS, logIndex=5, commits[d394239f-4003-4980-a11f-9e9a96bc4c4f:c5, 08300216-d630-4cd9-aee9-766608000298:c4, c01dc21c-c6d3-4daa-9385-9c828aa890a1:c4]
2019-09-10 19:06:46,823 [grpc-default-executor-10] INFO  client.GrpcClientProtocolClient (GrpcClientProtocolClient.java:onNext(264)) - client-5E6DEA43F854->d394239f-4003-4980-a11f-9e9a96bc4c4f: receive RaftClientReply:client-5E6DEA43F854->d394239f-4003-4980-a11f-9e9a96bc4c4f@group-C74863BF0161, cid=236, SUCCESS, logIndex=7, commits[d394239f-4003-4980-a11f-9e9a96bc4c4f:c8, 08300216-d630-4cd9-aee9-766608000298:c5, c01dc21c-c6d3-4daa-9385-9c828aa890a1:c5]
2019-09-10 19:06:46,878 [grpc-default-executor-6] INFO  interfaces.Container (KeyValueContainer.java:flushAndSyncDB(386)) - Container 8 is synced with bcsId 0.
2019-09-10 19:06:47,129 [grpc-default-executor-9] INFO  client.GrpcClientProtocolClient (GrpcClientProtocolClient.java:onNext(264)) - client-5E6DEA43F854->d394239f-4003-4980-a11f-9e9a96bc4c4f: receive RaftClientReply:client-5E6DEA43F854->d394239f-4003-4980-a11f-9e9a96bc4c4f@group-C74863BF0161, cid=237, SUCCESS, logIndex=8, commits[d394239f-4003-4980-a11f-9e9a96bc4c4f:c16, 08300216-d630-4cd9-aee9-766608000298:c11, c01dc21c-c6d3-4daa-9385-9c828aa890a1:c11]
2019-09-10 19:06:47,133 [grpc-default-executor-9] INFO  client.GrpcClientProtocolClient (GrpcClientProtocolClient.java:onNext(264)) - client-5E6DEA43F854->d394239f-4003-4980-a11f-9e9a96bc4c4f: receive RaftClientReply:client-5E6DEA43F854->d394239f-4003-4980-a11f-9e9a96bc4c4f@group-C74863BF0161, cid=238, SUCCESS, logIndex=9, commits[d394239f-4003-4980-a11f-9e9a96bc4c4f:c16, 08300216-d630-4cd9-aee9-766608000298:c11, c01dc21c-c6d3-4daa-9385-9c828aa890a1:c11]
2019-09-10 19:06:47,133 [grpc-default-executor-9] INFO  client.GrpcClientProtocolClient (GrpcClientProtocolClient.java:onNext(264)) - client-5E6DEA43F854->d394239f-4003-4980-a11f-9e9a96bc4c4f: receive RaftClientReply:client-5E6DEA43F854->d394239f-4003-4980-a11f-9e9a96bc4c4f@group-C74863BF0161, cid=239, SUCCESS, logIndex=10, commits[d394239f-4003-4980-a11f-9e9a96bc4c4f:c16, 08300216-d630-4cd9-aee9-766608000298:c11, c01dc21c-c6d3-4daa-9385-9c828aa890a1:c11]
2019-09-10 19:06:47,417 [grpc-default-executor-6] INFO  interfaces.Container (KeyValueContainer.java:flushAndSyncDB(386)) - Container 8 is synced with bcsId 0.
2019-09-10 19:06:47,419 [grpc-default-executor-9] INFO  client.GrpcClientProtocolClient (GrpcClientProtocolClient.java:onNext(264)) - client-5E6DEA43F854->d394239f-4003-4980-a11f-9e9a96bc4c4f: receive RaftClientReply:client-5E6DEA43F854->d394239f-4003-4980-a11f-9e9a96bc4c4f@group-C74863BF0161, cid=240, SUCCESS, logIndex=11, commits[d394239f-4003-4980-a11f-9e9a96bc4c4f:c16, 08300216-d630-4cd9-aee9-766608000298:c11, c01dc21c-c6d3-4daa-9385-9c828aa890a1:c11]
]]></system-out>
  </testcase>
</testsuite>