<?xml version="1.0" encoding="UTF-8"?>
<testsuite xmlns:xsi="http://www.w3.org/2001/XMLSchema-instance" xsi:noNamespaceSchemaLocation="https://maven.apache.org/surefire/maven-surefire-plugin/xsd/surefire-test-report.xsd" name="org.apache.hadoop.ozone.client.rpc.TestMultiBlockWritesWithDnFailures" time="155.767" tests="2" errors="1" skipped="0" failures="0">
  <properties>
    <property name="awt.toolkit" value="sun.awt.X11.XToolkit"/>
    <property name="file.encoding.pkg" value="sun.io"/>
    <property name="java.specification.version" value="1.8"/>
    <property name="sun.cpu.isalist" value=""/>
    <property name="sun.jnu.encoding" value="UTF-8"/>
    <property name="java.class.path" value="/workdir/hadoop-ozone/integration-test/target/test-classes:/workdir/hadoop-ozone/integration-test/target/classes:/home/user/.m2/repository/org/apache/hadoop/hadoop-ozone-common/0.5.0-SNAPSHOT/hadoop-ozone-common-0.5.0-SNAPSHOT.jar:/home/user/.m2/repository/org/apache/commons/commons-compress/1.4.1/commons-compress-1.4.1.jar:/home/user/.m2/repository/org/tukaani/xz/1.0/xz-1.0.jar:/home/user/.m2/repository/org/apache/hadoop/hadoop-common/3.2.0/hadoop-common-3.2.0.jar:/home/user/.m2/repository/org/apache/hadoop/hadoop-hdfs/3.2.0/hadoop-hdfs-3.2.0.jar:/home/user/.m2/repository/org/apache/hadoop/hadoop-hdfs-client/3.2.0/hadoop-hdfs-client-3.2.0.jar:/home/user/.m2/repository/com/fasterxml/jackson/core/jackson-annotations/2.9.5/jackson-annotations-2.9.5.jar:/home/user/.m2/repository/org/apache/hadoop/hadoop-hdds-common/0.5.0-SNAPSHOT/hadoop-hdds-common-0.5.0-SNAPSHOT.jar:/home/user/.m2/repository/javax/annotation/javax.annotation-api/1.2/javax.annotation-api-1.2.jar:/home/user/.m2/repository/org/apache/ratis/ratis-server/0.4.0-78e95b9-SNAPSHOT/ratis-server-0.4.0-78e95b9-SNAPSHOT.jar:/home/user/.m2/repository/org/apache/ratis/ratis-thirdparty-misc/0.2.0/ratis-thirdparty-misc-0.2.0.jar:/home/user/.m2/repository/org/apache/ratis/ratis-proto/0.4.0-78e95b9-SNAPSHOT/ratis-proto-0.4.0-78e95b9-SNAPSHOT.jar:/home/user/.m2/repository/org/apache/ratis/ratis-common/0.4.0-78e95b9-SNAPSHOT/ratis-common-0.4.0-78e95b9-SNAPSHOT.jar:/home/user/.m2/repository/org/apache/ratis/ratis-client/0.4.0-78e95b9-SNAPSHOT/ratis-client-0.4.0-78e95b9-SNAPSHOT.jar:/home/user/.m2/repository/org/apache/ratis/ratis-metrics/0.4.0-78e95b9-SNAPSHOT/ratis-metrics-0.4.0-78e95b9-SNAPSHOT.jar:/home/user/.m2/repository/com/github/joshelser/dropwizard-metrics-hadoop-metrics2-reporter/0.1.2/dropwizard-metrics-hadoop-metrics2-reporter-0.1.2.jar:/home/user/.m2/repository/io/dropwizard/metrics/metrics-jvm/3.2.5/metrics-jvm-3.2.5.jar:/home/user/.m2/repository/io/dropwizard/metrics/metrics-ganglia/3.2.5/metrics-ganglia-3.2.5.jar:/home/user/.m2/repository/info/ganglia/gmetric4j/gmetric4j/1.0.7/gmetric4j-1.0.7.jar:/home/user/.m2/repository/org/apache/ratis/ratis-netty/0.4.0-78e95b9-SNAPSHOT/ratis-netty-0.4.0-78e95b9-SNAPSHOT.jar:/home/user/.m2/repository/org/apache/ratis/ratis-grpc/0.4.0-78e95b9-SNAPSHOT/ratis-grpc-0.4.0-78e95b9-SNAPSHOT.jar:/home/user/.m2/repository/org/rocksdb/rocksdbjni/6.0.1/rocksdbjni-6.0.1.jar:/home/user/.m2/repository/org/apache/logging/log4j/log4j-api/2.11.0/log4j-api-2.11.0.jar:/home/user/.m2/repository/org/apache/logging/log4j/log4j-core/2.11.0/log4j-core-2.11.0.jar:/home/user/.m2/repository/com/lmax/disruptor/3.4.2/disruptor-3.4.2.jar:/home/user/.m2/repository/org/apache/commons/commons-pool2/2.6.0/commons-pool2-2.6.0.jar:/home/user/.m2/repository/org/bouncycastle/bcpkix-jdk15on/1.60/bcpkix-jdk15on-1.60.jar:/home/user/.m2/repository/commons-validator/commons-validator/1.6/commons-validator-1.6.jar:/home/user/.m2/repository/commons-digester/commons-digester/1.8.1/commons-digester-1.8.1.jar:/home/user/.m2/repository/io/jaegertracing/jaeger-client/0.33.1/jaeger-client-0.33.1.jar:/home/user/.m2/repository/io/jaegertracing/jaeger-thrift/0.33.1/jaeger-thrift-0.33.1.jar:/home/user/.m2/repository/org/apache/thrift/libthrift/0.11.0/libthrift-0.11.0.jar:/home/user/.m2/repository/com/squareup/okhttp3/okhttp/3.9.0/okhttp-3.9.0.jar:/home/user/.m2/repository/com/squareup/okio/okio/1.13.0/okio-1.13.0.jar:/home/user/.m2/repository/io/jaegertracing/jaeger-core/0.33.1/jaeger-core-0.33.1.jar:/home/user/.m2/repository/io/jaegertracing/jaeger-tracerresolver/0.33.1/jaeger-tracerresolver-0.33.1.jar:/home/user/.m2/repository/io/opentracing/contrib/opentracing-tracerresolver/0.1.5/opentracing-tracerresolver-0.1.5.jar:/home/user/.m2/repository/io/opentracing/opentracing-util/0.31.0/opentracing-util-0.31.0.jar:/home/user/.m2/repository/io/opentracing/opentracing-api/0.31.0/opentracing-api-0.31.0.jar:/home/user/.m2/repository/io/opentracing/opentracing-noop/0.31.0/opentracing-noop-0.31.0.jar:/home/user/.m2/repository/org/apache/hadoop/hadoop-hdds-server-framework/0.5.0-SNAPSHOT/hadoop-hdds-server-framework-0.5.0-SNAPSHOT.jar:/home/user/.m2/repository/org/apache/hadoop/hadoop-hdds-container-service/0.5.0-SNAPSHOT/hadoop-hdds-container-service-0.5.0-SNAPSHOT.jar:/home/user/.m2/repository/org/apache/hadoop/hadoop-hdds-client/0.5.0-SNAPSHOT/hadoop-hdds-client-0.5.0-SNAPSHOT.jar:/home/user/.m2/repository/org/apache/hadoop/hadoop-hdds-tools/0.5.0-SNAPSHOT/hadoop-hdds-tools-0.5.0-SNAPSHOT.jar:/home/user/.m2/repository/org/apache/hadoop/hadoop-hdds-server-scm/0.5.0-SNAPSHOT/hadoop-hdds-server-scm-0.5.0-SNAPSHOT.jar:/home/user/.m2/repository/org/apache/hadoop/hadoop-hdds-docs/0.5.0-SNAPSHOT/hadoop-hdds-docs-0.5.0-SNAPSHOT.jar:/home/user/.m2/repository/io/dropwizard/metrics/metrics-core/3.2.4/metrics-core-3.2.4.jar:/home/user/.m2/repository/org/hamcrest/hamcrest-all/1.3/hamcrest-all-1.3.jar:/home/user/.m2/repository/org/bouncycastle/bcprov-jdk15on/1.60/bcprov-jdk15on-1.60.jar:/home/user/.m2/repository/info/picocli/picocli/3.9.6/picocli-3.9.6.jar:/home/user/.m2/repository/com/google/protobuf/protobuf-java/2.5.0/protobuf-java-2.5.0.jar:/home/user/.m2/repository/com/google/guava/guava/11.0.2/guava-11.0.2.jar:/home/user/.m2/repository/org/apache/hadoop/hadoop-ozone-ozone-manager/0.5.0-SNAPSHOT/hadoop-ozone-ozone-manager-0.5.0-SNAPSHOT.jar:/home/user/.m2/repository/org/apache/hadoop/hadoop-minikdc/3.2.0/hadoop-minikdc-3.2.0.jar:/home/user/.m2/repository/commons-io/commons-io/2.5/commons-io-2.5.jar:/home/user/.m2/repository/org/apache/kerby/kerb-simplekdc/1.0.1/kerb-simplekdc-1.0.1.jar:/home/user/.m2/repository/org/apache/kerby/kerb-client/1.0.1/kerb-client-1.0.1.jar:/home/user/.m2/repository/org/apache/kerby/kerby-config/1.0.1/kerby-config-1.0.1.jar:/home/user/.m2/repository/org/apache/kerby/kerb-core/1.0.1/kerb-core-1.0.1.jar:/home/user/.m2/repository/org/apache/kerby/kerby-pkix/1.0.1/kerby-pkix-1.0.1.jar:/home/user/.m2/repository/org/apache/kerby/kerby-asn1/1.0.1/kerby-asn1-1.0.1.jar:/home/user/.m2/repository/org/apache/kerby/kerby-util/1.0.1/kerby-util-1.0.1.jar:/home/user/.m2/repository/org/apache/kerby/kerb-common/1.0.1/kerb-common-1.0.1.jar:/home/user/.m2/repository/org/apache/kerby/kerb-crypto/1.0.1/kerb-crypto-1.0.1.jar:/home/user/.m2/repository/org/apache/kerby/kerb-util/1.0.1/kerb-util-1.0.1.jar:/home/user/.m2/repository/org/apache/kerby/token-provider/1.0.1/token-provider-1.0.1.jar:/home/user/.m2/repository/org/apache/kerby/kerb-admin/1.0.1/kerb-admin-1.0.1.jar:/home/user/.m2/repository/org/apache/kerby/kerb-server/1.0.1/kerb-server-1.0.1.jar:/home/user/.m2/repository/org/apache/kerby/kerb-identity/1.0.1/kerb-identity-1.0.1.jar:/home/user/.m2/repository/org/apache/kerby/kerby-xdr/1.0.1/kerby-xdr-1.0.1.jar:/home/user/.m2/repository/org/slf4j/slf4j-log4j12/1.7.25/slf4j-log4j12-1.7.25.jar:/home/user/.m2/repository/org/apache/hadoop/hadoop-ozone-s3gateway/0.5.0-SNAPSHOT/hadoop-ozone-s3gateway-0.5.0-SNAPSHOT.jar:/home/user/.m2/repository/org/jboss/weld/servlet/weld-servlet/2.4.7.Final/weld-servlet-2.4.7.Final.jar:/home/user/.m2/repository/org/glassfish/jersey/containers/jersey-container-servlet-core/2.27/jersey-container-servlet-core-2.27.jar:/home/user/.m2/repository/org/glassfish/hk2/external/javax.inject/2.5.0-b42/javax.inject-2.5.0-b42.jar:/home/user/.m2/repository/org/glassfish/jersey/core/jersey-common/2.27/jersey-common-2.27.jar:/home/user/.m2/repository/org/glassfish/hk2/osgi-resource-locator/1.0.1/osgi-resource-locator-1.0.1.jar:/home/user/.m2/repository/javax/ws/rs/javax.ws.rs-api/2.1/javax.ws.rs-api-2.1.jar:/home/user/.m2/repository/org/glassfish/jersey/ext/cdi/jersey-cdi1x/2.27/jersey-cdi1x-2.27.jar:/home/user/.m2/repository/org/glassfish/jersey/inject/jersey-hk2/2.27/jersey-hk2-2.27.jar:/home/user/.m2/repository/org/glassfish/hk2/hk2-locator/2.5.0-b42/hk2-locator-2.5.0-b42.jar:/home/user/.m2/repository/org/javassist/javassist/3.22.0-CR2/javassist-3.22.0-CR2.jar:/home/user/.m2/repository/org/glassfish/hk2/hk2-api/2.5.0/hk2-api-2.5.0.jar:/home/user/.m2/repository/org/glassfish/hk2/external/jakarta.inject/2.5.0/jakarta.inject-2.5.0.jar:/home/user/.m2/repository/org/glassfish/hk2/hk2-utils/2.5.0/hk2-utils-2.5.0.jar:/home/user/.m2/repository/jakarta/annotation/jakarta.annotation-api/1.3.4/jakarta.annotation-api-1.3.4.jar:/home/user/.m2/repository/org/glassfish/hk2/external/aopalliance-repackaged/2.5.0/aopalliance-repackaged-2.5.0.jar:/home/user/.m2/repository/com/fasterxml/jackson/dataformat/jackson-dataformat-xml/2.9.0/jackson-dataformat-xml-2.9.0.jar:/home/user/.m2/repository/com/fasterxml/jackson/core/jackson-core/2.9.5/jackson-core-2.9.5.jar:/home/user/.m2/repository/com/fasterxml/jackson/module/jackson-module-jaxb-annotations/2.9.5/jackson-module-jaxb-annotations-2.9.5.jar:/home/user/.m2/repository/javax/enterprise/cdi-api/1.2/cdi-api-1.2.jar:/home/user/.m2/repository/javax/el/javax.el-api/3.0.0/javax.el-api-3.0.0.jar:/home/user/.m2/repository/javax/interceptor/javax.interceptor-api/1.2/javax.interceptor-api-1.2.jar:/home/user/.m2/repository/javax/inject/javax.inject/1/javax.inject-1.jar:/home/user/.m2/repository/com/sun/xml/bind/jaxb-impl/2.3.0.1/jaxb-impl-2.3.0.1.jar:/home/user/.m2/repository/com/sun/xml/bind/jaxb-core/2.3.0.1/jaxb-core-2.3.0.1.jar:/home/user/.m2/repository/javax/xml/bind/jaxb-api/2.3.0/jaxb-api-2.3.0.jar:/home/user/.m2/repository/javax/activation/activation/1.1.1/activation-1.1.1.jar:/home/user/.m2/repository/org/apache/hadoop/hadoop-ozone-csi/0.5.0-SNAPSHOT/hadoop-ozone-csi-0.5.0-SNAPSHOT.jar:/home/user/.m2/repository/com/google/protobuf/protobuf-java-util/3.5.1/protobuf-java-util-3.5.1.jar:/home/user/.m2/repository/org/apache/hadoop/hadoop-hdds-config/0.5.0-SNAPSHOT/hadoop-hdds-config-0.5.0-SNAPSHOT.jar:/home/user/.m2/repository/io/grpc/grpc-netty/1.17.1/grpc-netty-1.17.1.jar:/home/user/.m2/repository/io/grpc/grpc-core/1.17.1/grpc-core-1.17.1.jar:/home/user/.m2/repository/io/grpc/grpc-context/1.17.1/grpc-context-1.17.1.jar:/home/user/.m2/repository/com/google/errorprone/error_prone_annotations/2.2.0/error_prone_annotations-2.2.0.jar:/home/user/.m2/repository/org/codehaus/mojo/animal-sniffer-annotations/1.17/animal-sniffer-annotations-1.17.jar:/home/user/.m2/repository/io/opencensus/opencensus-api/0.17.0/opencensus-api-0.17.0.jar:/home/user/.m2/repository/io/opencensus/opencensus-contrib-grpc-metrics/0.17.0/opencensus-contrib-grpc-metrics-0.17.0.jar:/home/user/.m2/repository/io/netty/netty-codec-http2/4.1.30.Final/netty-codec-http2-4.1.30.Final.jar:/home/user/.m2/repository/io/netty/netty-codec-http/4.1.30.Final/netty-codec-http-4.1.30.Final.jar:/home/user/.m2/repository/io/netty/netty-codec/4.1.30.Final/netty-codec-4.1.30.Final.jar:/home/user/.m2/repository/io/netty/netty-handler/4.1.30.Final/netty-handler-4.1.30.Final.jar:/home/user/.m2/repository/io/netty/netty-handler-proxy/4.1.30.Final/netty-handler-proxy-4.1.30.Final.jar:/home/user/.m2/repository/io/netty/netty-codec-socks/4.1.30.Final/netty-codec-socks-4.1.30.Final.jar:/home/user/.m2/repository/io/netty/netty-transport-native-epoll/4.1.30.Final/netty-transport-native-epoll-4.1.30.Final.jar:/home/user/.m2/repository/io/netty/netty-common/4.1.30.Final/netty-common-4.1.30.Final.jar:/home/user/.m2/repository/io/netty/netty-buffer/4.1.30.Final/netty-buffer-4.1.30.Final.jar:/home/user/.m2/repository/io/netty/netty-transport/4.1.30.Final/netty-transport-4.1.30.Final.jar:/home/user/.m2/repository/io/netty/netty-resolver/4.1.30.Final/netty-resolver-4.1.30.Final.jar:/home/user/.m2/repository/io/netty/netty-transport-native-unix-common/4.1.30.Final/netty-transport-native-unix-common-4.1.30.Final.jar:/home/user/.m2/repository/io/grpc/grpc-protobuf/1.17.1/grpc-protobuf-1.17.1.jar:/home/user/.m2/repository/com/google/api/grpc/proto-google-common-protos/1.0.0/proto-google-common-protos-1.0.0.jar:/home/user/.m2/repository/io/grpc/grpc-protobuf-lite/1.17.1/grpc-protobuf-lite-1.17.1.jar:/home/user/.m2/repository/io/grpc/grpc-stub/1.17.1/grpc-stub-1.17.1.jar:/home/user/.m2/repository/org/apache/hadoop/hadoop-ozone-recon/0.5.0-SNAPSHOT/hadoop-ozone-recon-0.5.0-SNAPSHOT.jar:/home/user/.m2/repository/org/apache/hadoop/hadoop-ozone-reconcodegen/0.5.0-SNAPSHOT/hadoop-ozone-reconcodegen-0.5.0-SNAPSHOT.jar:/home/user/.m2/repository/com/google/inject/extensions/guice-multibindings/4.0/guice-multibindings-4.0.jar:/home/user/.m2/repository/com/google/inject/guice/4.0/guice-4.0.jar:/home/user/.m2/repository/aopalliance/aopalliance/1.0/aopalliance-1.0.jar:/home/user/.m2/repository/com/google/inject/extensions/guice-servlet/4.0/guice-servlet-4.0.jar:/home/user/.m2/repository/org/glassfish/jersey/containers/jersey-container-servlet/2.27/jersey-container-servlet-2.27.jar:/home/user/.m2/repository/org/glassfish/hk2/guice-bridge/2.5.0/guice-bridge-2.5.0.jar:/home/user/.m2/repository/org/glassfish/jersey/core/jersey-server/2.27/jersey-server-2.27.jar:/home/user/.m2/repository/org/glassfish/jersey/core/jersey-client/2.27/jersey-client-2.27.jar:/home/user/.m2/repository/org/glassfish/jersey/media/jersey-media-jaxb/2.27/jersey-media-jaxb-2.27.jar:/home/user/.m2/repository/javax/validation/validation-api/1.1.0.Final/validation-api-1.1.0.Final.jar:/home/user/.m2/repository/org/glassfish/jersey/media/jersey-media-json-jackson/2.27/jersey-media-json-jackson-2.27.jar:/home/user/.m2/repository/org/glassfish/jersey/ext/jersey-entity-filtering/2.27/jersey-entity-filtering-2.27.jar:/home/user/.m2/repository/com/google/inject/extensions/guice-assistedinject/4.0/guice-assistedinject-4.0.jar:/home/user/.m2/repository/org/jooq/jooq/3.11.10/jooq-3.11.10.jar:/home/user/.m2/repository/org/jooq/jooq-meta/3.11.10/jooq-meta-3.11.10.jar:/home/user/.m2/repository/org/jooq/jooq-codegen/3.11.10/jooq-codegen-3.11.10.jar:/home/user/.m2/repository/com/jolbox/bonecp/0.8.0.RELEASE/bonecp-0.8.0.RELEASE.jar:/home/user/.m2/repository/org/xerial/sqlite-jdbc/3.25.2/sqlite-jdbc-3.25.2.jar:/home/user/.m2/repository/org/springframework/spring-jdbc/5.1.3.RELEASE/spring-jdbc-5.1.3.RELEASE.jar:/home/user/.m2/repository/org/springframework/spring-beans/5.1.3.RELEASE/spring-beans-5.1.3.RELEASE.jar:/home/user/.m2/repository/org/springframework/spring-core/5.1.3.RELEASE/spring-core-5.1.3.RELEASE.jar:/home/user/.m2/repository/org/springframework/spring-jcl/5.1.3.RELEASE/spring-jcl-5.1.3.RELEASE.jar:/home/user/.m2/repository/org/springframework/spring-tx/5.1.3.RELEASE/spring-tx-5.1.3.RELEASE.jar:/home/user/.m2/repository/org/apache/hadoop/hadoop-ozone-client/0.5.0-SNAPSHOT/hadoop-ozone-client-0.5.0-SNAPSHOT.jar:/home/user/.m2/repository/commons-lang/commons-lang/2.6/commons-lang-2.6.jar:/home/user/.m2/repository/org/apache/hadoop/hadoop-ozone-ozone-manager/0.5.0-SNAPSHOT/hadoop-ozone-ozone-manager-0.5.0-SNAPSHOT-tests.jar:/home/user/.m2/repository/junit/junit/4.11/junit-4.11.jar:/home/user/.m2/repository/org/hamcrest/hamcrest-core/1.3/hamcrest-core-1.3.jar:/home/user/.m2/repository/org/openjdk/jmh/jmh-core/1.19/jmh-core-1.19.jar:/home/user/.m2/repository/net/sf/jopt-simple/jopt-simple/4.6/jopt-simple-4.6.jar:/home/user/.m2/repository/org/apache/commons/commons-math3/3.1.1/commons-math3-3.1.1.jar:/home/user/.m2/repository/org/openjdk/jmh/jmh-generator-annprocess/1.19/jmh-generator-annprocess-1.19.jar:/home/user/.m2/repository/org/mockito/mockito-all/1.8.5/mockito-all-1.8.5.jar:/home/user/.m2/repository/org/apache/hadoop/hadoop-kms/3.2.0/hadoop-kms-3.2.0.jar:/home/user/.m2/repository/org/apache/hadoop/hadoop-auth/3.2.0/hadoop-auth-3.2.0.jar:/home/user/.m2/repository/com/nimbusds/nimbus-jose-jwt/4.41.1/nimbus-jose-jwt-4.41.1.jar:/home/user/.m2/repository/com/github/stephenc/jcip/jcip-annotations/1.0-1/jcip-annotations-1.0-1.jar:/home/user/.m2/repository/net/minidev/json-smart/2.3/json-smart-2.3.jar:/home/user/.m2/repository/net/minidev/accessors-smart/1.2/accessors-smart-1.2.jar:/home/user/.m2/repository/org/ow2/asm/asm/5.0.4/asm-5.0.4.jar:/home/user/.m2/repository/org/apache/curator/curator-framework/2.12.0/curator-framework-2.12.0.jar:/home/user/.m2/repository/com/sun/jersey/jersey-core/1.19/jersey-core-1.19.jar:/home/user/.m2/repository/javax/ws/rs/jsr311-api/1.1.1/jsr311-api-1.1.1.jar:/home/user/.m2/repository/com/sun/jersey/jersey-server/1.19/jersey-server-1.19.jar:/home/user/.m2/repository/javax/servlet/javax.servlet-api/3.1.0/javax.servlet-api-3.1.0.jar:/home/user/.m2/repository/org/eclipse/jetty/jetty-server/9.3.24.v20180605/jetty-server-9.3.24.v20180605.jar:/home/user/.m2/repository/org/eclipse/jetty/jetty-http/9.3.24.v20180605/jetty-http-9.3.24.v20180605.jar:/home/user/.m2/repository/org/eclipse/jetty/jetty-io/9.3.24.v20180605/jetty-io-9.3.24.v20180605.jar:/home/user/.m2/repository/org/eclipse/jetty/jetty-webapp/9.3.24.v20180605/jetty-webapp-9.3.24.v20180605.jar:/home/user/.m2/repository/org/eclipse/jetty/jetty-xml/9.3.24.v20180605/jetty-xml-9.3.24.v20180605.jar:/home/user/.m2/repository/log4j/log4j/1.2.17/log4j-1.2.17.jar:/home/user/.m2/repository/org/slf4j/slf4j-api/1.7.25/slf4j-api-1.7.25.jar:/home/user/.m2/repository/org/slf4j/jul-to-slf4j/1.7.25/jul-to-slf4j-1.7.25.jar:/home/user/.m2/repository/org/eclipse/jetty/jetty-util/9.3.24.v20180605/jetty-util-9.3.24.v20180605.jar:/home/user/.m2/repository/com/fasterxml/jackson/core/jackson-databind/2.9.5/jackson-databind-2.9.5.jar:/home/user/.m2/repository/org/apache/hadoop/hadoop-kms/3.2.0/hadoop-kms-3.2.0-tests.jar:/home/user/.m2/repository/org/apache/hadoop/hadoop-hdds-server-scm/0.5.0-SNAPSHOT/hadoop-hdds-server-scm-0.5.0-SNAPSHOT-tests.jar:/home/user/.m2/repository/org/apache/hadoop/hadoop-hdds-container-service/0.5.0-SNAPSHOT/hadoop-hdds-container-service-0.5.0-SNAPSHOT-tests.jar:/home/user/.m2/repository/org/yaml/snakeyaml/1.16/snakeyaml-1.16.jar:/home/user/.m2/repository/org/apache/hadoop/hadoop-common/3.2.0/hadoop-common-3.2.0-tests.jar:/home/user/.m2/repository/org/apache/hadoop/hadoop-annotations/3.2.0/hadoop-annotations-3.2.0.jar:/usr/lib/jvm/java-1.8-openjdk/jre/../lib/tools.jar:/home/user/.m2/repository/commons-cli/commons-cli/1.2/commons-cli-1.2.jar:/home/user/.m2/repository/org/apache/httpcomponents/httpclient/4.5.2/httpclient-4.5.2.jar:/home/user/.m2/repository/org/apache/httpcomponents/httpcore/4.4.4/httpcore-4.4.4.jar:/home/user/.m2/repository/commons-codec/commons-codec/1.11/commons-codec-1.11.jar:/home/user/.m2/repository/commons-net/commons-net/3.6/commons-net-3.6.jar:/home/user/.m2/repository/commons-collections/commons-collections/3.2.2/commons-collections-3.2.2.jar:/home/user/.m2/repository/org/eclipse/jetty/jetty-servlet/9.3.24.v20180605/jetty-servlet-9.3.24.v20180605.jar:/home/user/.m2/repository/org/eclipse/jetty/jetty-security/9.3.24.v20180605/jetty-security-9.3.24.v20180605.jar:/home/user/.m2/repository/javax/servlet/jsp/jsp-api/2.1/jsp-api-2.1.jar:/home/user/.m2/repository/com/sun/jersey/jersey-servlet/1.19/jersey-servlet-1.19.jar:/home/user/.m2/repository/com/sun/jersey/jersey-json/1.19/jersey-json-1.19.jar:/home/user/.m2/repository/org/codehaus/jettison/jettison/1.1/jettison-1.1.jar:/home/user/.m2/repository/org/codehaus/jackson/jackson-core-asl/1.9.13/jackson-core-asl-1.9.13.jar:/home/user/.m2/repository/org/codehaus/jackson/jackson-mapper-asl/1.9.13/jackson-mapper-asl-1.9.13.jar:/home/user/.m2/repository/org/codehaus/jackson/jackson-jaxrs/1.9.13/jackson-jaxrs-1.9.13.jar:/home/user/.m2/repository/org/codehaus/jackson/jackson-xc/1.9.13/jackson-xc-1.9.13.jar:/home/user/.m2/repository/commons-logging/commons-logging/1.1.3/commons-logging-1.1.3.jar:/home/user/.m2/repository/commons-beanutils/commons-beanutils/1.9.3/commons-beanutils-1.9.3.jar:/home/user/.m2/repository/org/apache/commons/commons-configuration2/2.1.1/commons-configuration2-2.1.1.jar:/home/user/.m2/repository/org/apache/commons/commons-lang3/3.7/commons-lang3-3.7.jar:/home/user/.m2/repository/org/apache/commons/commons-text/1.4/commons-text-1.4.jar:/home/user/.m2/repository/org/apache/avro/avro/1.7.7/avro-1.7.7.jar:/home/user/.m2/repository/com/thoughtworks/paranamer/paranamer/2.3/paranamer-2.3.jar:/home/user/.m2/repository/org/xerial/snappy/snappy-java/1.0.5/snappy-java-1.0.5.jar:/home/user/.m2/repository/com/google/re2j/re2j/1.1/re2j-1.1.jar:/home/user/.m2/repository/com/google/code/gson/gson/2.2.4/gson-2.2.4.jar:/home/user/.m2/repository/com/jcraft/jsch/0.1.54/jsch-0.1.54.jar:/home/user/.m2/repository/org/apache/curator/curator-client/2.12.0/curator-client-2.12.0.jar:/home/user/.m2/repository/org/apache/curator/curator-recipes/2.12.0/curator-recipes-2.12.0.jar:/home/user/.m2/repository/com/google/code/findbugs/jsr305/3.0.0/jsr305-3.0.0.jar:/home/user/.m2/repository/org/apache/htrace/htrace-core4/4.1.0-incubating/htrace-core4-4.1.0-incubating.jar:/home/user/.m2/repository/org/apache/zookeeper/zookeeper/3.4.13/zookeeper-3.4.13.jar:/home/user/.m2/repository/org/apache/yetus/audience-annotations/0.5.0/audience-annotations-0.5.0.jar:/home/user/.m2/repository/org/codehaus/woodstox/stax2-api/3.1.4/stax2-api-3.1.4.jar:/home/user/.m2/repository/com/fasterxml/woodstox/woodstox-core/5.0.3/woodstox-core-5.0.3.jar:/home/user/.m2/repository/dnsjava/dnsjava/2.1.7/dnsjava-2.1.7.jar:/home/user/.m2/repository/org/apache/hadoop/hadoop-hdfs/3.2.0/hadoop-hdfs-3.2.0-tests.jar:/home/user/.m2/repository/org/eclipse/jetty/jetty-util-ajax/9.3.24.v20180605/jetty-util-ajax-9.3.24.v20180605.jar:/home/user/.m2/repository/commons-daemon/commons-daemon/1.0.13/commons-daemon-1.0.13.jar:/home/user/.m2/repository/io/netty/netty/3.10.5.Final/netty-3.10.5.Final.jar:/home/user/.m2/repository/io/netty/netty-all/4.0.52.Final/netty-all-4.0.52.Final.jar:/home/user/.m2/repository/org/fusesource/leveldbjni/leveldbjni-all/1.8/leveldbjni-all-1.8.jar:"/>
    <property name="java.vm.vendor" value="IcedTea"/>
    <property name="sun.arch.data.model" value="64"/>
    <property name="test.build.dir" value="/workdir/hadoop-ozone/integration-test/target/test-dir"/>
    <property name="test.cache.data" value=""/>
    <property name="java.vendor.url" value="https://icedtea.classpath.org"/>
    <property name="user.timezone" value=""/>
    <property name="java.vm.specification.version" value="1.8"/>
    <property name="os.name" value="Linux"/>
    <property name="test.build.data" value="/workdir/hadoop-ozone/integration-test/target/test-dir"/>
    <property name="user.country" value="US"/>
    <property name="sun.java.launcher" value="SUN_STANDARD"/>
    <property name="sun.boot.library.path" value="/usr/lib/jvm/java-1.8-openjdk/jre/lib/amd64"/>
    <property name="sun.java.command" value="/workdir/hadoop-ozone/integration-test/target/surefire/surefirebooter1578414150753814641.jar /workdir/hadoop-ozone/integration-test/target/surefire 2019-09-10T17-59-17_646-jvmRun1 surefire3526128168019054541tmp surefire_148296255213066384813tmp"/>
    <property name="test" value="!TestMiniChaosOzoneCluster"/>
    <property name="surefire.test.class.path" value="/workdir/hadoop-ozone/integration-test/target/test-classes:/workdir/hadoop-ozone/integration-test/target/classes:/home/user/.m2/repository/org/apache/hadoop/hadoop-ozone-common/0.5.0-SNAPSHOT/hadoop-ozone-common-0.5.0-SNAPSHOT.jar:/home/user/.m2/repository/org/apache/commons/commons-compress/1.4.1/commons-compress-1.4.1.jar:/home/user/.m2/repository/org/tukaani/xz/1.0/xz-1.0.jar:/home/user/.m2/repository/org/apache/hadoop/hadoop-common/3.2.0/hadoop-common-3.2.0.jar:/home/user/.m2/repository/org/apache/hadoop/hadoop-hdfs/3.2.0/hadoop-hdfs-3.2.0.jar:/home/user/.m2/repository/org/apache/hadoop/hadoop-hdfs-client/3.2.0/hadoop-hdfs-client-3.2.0.jar:/home/user/.m2/repository/com/fasterxml/jackson/core/jackson-annotations/2.9.5/jackson-annotations-2.9.5.jar:/home/user/.m2/repository/org/apache/hadoop/hadoop-hdds-common/0.5.0-SNAPSHOT/hadoop-hdds-common-0.5.0-SNAPSHOT.jar:/home/user/.m2/repository/javax/annotation/javax.annotation-api/1.2/javax.annotation-api-1.2.jar:/home/user/.m2/repository/org/apache/ratis/ratis-server/0.4.0-78e95b9-SNAPSHOT/ratis-server-0.4.0-78e95b9-SNAPSHOT.jar:/home/user/.m2/repository/org/apache/ratis/ratis-thirdparty-misc/0.2.0/ratis-thirdparty-misc-0.2.0.jar:/home/user/.m2/repository/org/apache/ratis/ratis-proto/0.4.0-78e95b9-SNAPSHOT/ratis-proto-0.4.0-78e95b9-SNAPSHOT.jar:/home/user/.m2/repository/org/apache/ratis/ratis-common/0.4.0-78e95b9-SNAPSHOT/ratis-common-0.4.0-78e95b9-SNAPSHOT.jar:/home/user/.m2/repository/org/apache/ratis/ratis-client/0.4.0-78e95b9-SNAPSHOT/ratis-client-0.4.0-78e95b9-SNAPSHOT.jar:/home/user/.m2/repository/org/apache/ratis/ratis-metrics/0.4.0-78e95b9-SNAPSHOT/ratis-metrics-0.4.0-78e95b9-SNAPSHOT.jar:/home/user/.m2/repository/com/github/joshelser/dropwizard-metrics-hadoop-metrics2-reporter/0.1.2/dropwizard-metrics-hadoop-metrics2-reporter-0.1.2.jar:/home/user/.m2/repository/io/dropwizard/metrics/metrics-jvm/3.2.5/metrics-jvm-3.2.5.jar:/home/user/.m2/repository/io/dropwizard/metrics/metrics-ganglia/3.2.5/metrics-ganglia-3.2.5.jar:/home/user/.m2/repository/info/ganglia/gmetric4j/gmetric4j/1.0.7/gmetric4j-1.0.7.jar:/home/user/.m2/repository/org/apache/ratis/ratis-netty/0.4.0-78e95b9-SNAPSHOT/ratis-netty-0.4.0-78e95b9-SNAPSHOT.jar:/home/user/.m2/repository/org/apache/ratis/ratis-grpc/0.4.0-78e95b9-SNAPSHOT/ratis-grpc-0.4.0-78e95b9-SNAPSHOT.jar:/home/user/.m2/repository/org/rocksdb/rocksdbjni/6.0.1/rocksdbjni-6.0.1.jar:/home/user/.m2/repository/org/apache/logging/log4j/log4j-api/2.11.0/log4j-api-2.11.0.jar:/home/user/.m2/repository/org/apache/logging/log4j/log4j-core/2.11.0/log4j-core-2.11.0.jar:/home/user/.m2/repository/com/lmax/disruptor/3.4.2/disruptor-3.4.2.jar:/home/user/.m2/repository/org/apache/commons/commons-pool2/2.6.0/commons-pool2-2.6.0.jar:/home/user/.m2/repository/org/bouncycastle/bcpkix-jdk15on/1.60/bcpkix-jdk15on-1.60.jar:/home/user/.m2/repository/commons-validator/commons-validator/1.6/commons-validator-1.6.jar:/home/user/.m2/repository/commons-digester/commons-digester/1.8.1/commons-digester-1.8.1.jar:/home/user/.m2/repository/io/jaegertracing/jaeger-client/0.33.1/jaeger-client-0.33.1.jar:/home/user/.m2/repository/io/jaegertracing/jaeger-thrift/0.33.1/jaeger-thrift-0.33.1.jar:/home/user/.m2/repository/org/apache/thrift/libthrift/0.11.0/libthrift-0.11.0.jar:/home/user/.m2/repository/com/squareup/okhttp3/okhttp/3.9.0/okhttp-3.9.0.jar:/home/user/.m2/repository/com/squareup/okio/okio/1.13.0/okio-1.13.0.jar:/home/user/.m2/repository/io/jaegertracing/jaeger-core/0.33.1/jaeger-core-0.33.1.jar:/home/user/.m2/repository/io/jaegertracing/jaeger-tracerresolver/0.33.1/jaeger-tracerresolver-0.33.1.jar:/home/user/.m2/repository/io/opentracing/contrib/opentracing-tracerresolver/0.1.5/opentracing-tracerresolver-0.1.5.jar:/home/user/.m2/repository/io/opentracing/opentracing-util/0.31.0/opentracing-util-0.31.0.jar:/home/user/.m2/repository/io/opentracing/opentracing-api/0.31.0/opentracing-api-0.31.0.jar:/home/user/.m2/repository/io/opentracing/opentracing-noop/0.31.0/opentracing-noop-0.31.0.jar:/home/user/.m2/repository/org/apache/hadoop/hadoop-hdds-server-framework/0.5.0-SNAPSHOT/hadoop-hdds-server-framework-0.5.0-SNAPSHOT.jar:/home/user/.m2/repository/org/apache/hadoop/hadoop-hdds-container-service/0.5.0-SNAPSHOT/hadoop-hdds-container-service-0.5.0-SNAPSHOT.jar:/home/user/.m2/repository/org/apache/hadoop/hadoop-hdds-client/0.5.0-SNAPSHOT/hadoop-hdds-client-0.5.0-SNAPSHOT.jar:/home/user/.m2/repository/org/apache/hadoop/hadoop-hdds-tools/0.5.0-SNAPSHOT/hadoop-hdds-tools-0.5.0-SNAPSHOT.jar:/home/user/.m2/repository/org/apache/hadoop/hadoop-hdds-server-scm/0.5.0-SNAPSHOT/hadoop-hdds-server-scm-0.5.0-SNAPSHOT.jar:/home/user/.m2/repository/org/apache/hadoop/hadoop-hdds-docs/0.5.0-SNAPSHOT/hadoop-hdds-docs-0.5.0-SNAPSHOT.jar:/home/user/.m2/repository/io/dropwizard/metrics/metrics-core/3.2.4/metrics-core-3.2.4.jar:/home/user/.m2/repository/org/hamcrest/hamcrest-all/1.3/hamcrest-all-1.3.jar:/home/user/.m2/repository/org/bouncycastle/bcprov-jdk15on/1.60/bcprov-jdk15on-1.60.jar:/home/user/.m2/repository/info/picocli/picocli/3.9.6/picocli-3.9.6.jar:/home/user/.m2/repository/com/google/protobuf/protobuf-java/2.5.0/protobuf-java-2.5.0.jar:/home/user/.m2/repository/com/google/guava/guava/11.0.2/guava-11.0.2.jar:/home/user/.m2/repository/org/apache/hadoop/hadoop-ozone-ozone-manager/0.5.0-SNAPSHOT/hadoop-ozone-ozone-manager-0.5.0-SNAPSHOT.jar:/home/user/.m2/repository/org/apache/hadoop/hadoop-minikdc/3.2.0/hadoop-minikdc-3.2.0.jar:/home/user/.m2/repository/commons-io/commons-io/2.5/commons-io-2.5.jar:/home/user/.m2/repository/org/apache/kerby/kerb-simplekdc/1.0.1/kerb-simplekdc-1.0.1.jar:/home/user/.m2/repository/org/apache/kerby/kerb-client/1.0.1/kerb-client-1.0.1.jar:/home/user/.m2/repository/org/apache/kerby/kerby-config/1.0.1/kerby-config-1.0.1.jar:/home/user/.m2/repository/org/apache/kerby/kerb-core/1.0.1/kerb-core-1.0.1.jar:/home/user/.m2/repository/org/apache/kerby/kerby-pkix/1.0.1/kerby-pkix-1.0.1.jar:/home/user/.m2/repository/org/apache/kerby/kerby-asn1/1.0.1/kerby-asn1-1.0.1.jar:/home/user/.m2/repository/org/apache/kerby/kerby-util/1.0.1/kerby-util-1.0.1.jar:/home/user/.m2/repository/org/apache/kerby/kerb-common/1.0.1/kerb-common-1.0.1.jar:/home/user/.m2/repository/org/apache/kerby/kerb-crypto/1.0.1/kerb-crypto-1.0.1.jar:/home/user/.m2/repository/org/apache/kerby/kerb-util/1.0.1/kerb-util-1.0.1.jar:/home/user/.m2/repository/org/apache/kerby/token-provider/1.0.1/token-provider-1.0.1.jar:/home/user/.m2/repository/org/apache/kerby/kerb-admin/1.0.1/kerb-admin-1.0.1.jar:/home/user/.m2/repository/org/apache/kerby/kerb-server/1.0.1/kerb-server-1.0.1.jar:/home/user/.m2/repository/org/apache/kerby/kerb-identity/1.0.1/kerb-identity-1.0.1.jar:/home/user/.m2/repository/org/apache/kerby/kerby-xdr/1.0.1/kerby-xdr-1.0.1.jar:/home/user/.m2/repository/org/slf4j/slf4j-log4j12/1.7.25/slf4j-log4j12-1.7.25.jar:/home/user/.m2/repository/org/apache/hadoop/hadoop-ozone-s3gateway/0.5.0-SNAPSHOT/hadoop-ozone-s3gateway-0.5.0-SNAPSHOT.jar:/home/user/.m2/repository/org/jboss/weld/servlet/weld-servlet/2.4.7.Final/weld-servlet-2.4.7.Final.jar:/home/user/.m2/repository/org/glassfish/jersey/containers/jersey-container-servlet-core/2.27/jersey-container-servlet-core-2.27.jar:/home/user/.m2/repository/org/glassfish/hk2/external/javax.inject/2.5.0-b42/javax.inject-2.5.0-b42.jar:/home/user/.m2/repository/org/glassfish/jersey/core/jersey-common/2.27/jersey-common-2.27.jar:/home/user/.m2/repository/org/glassfish/hk2/osgi-resource-locator/1.0.1/osgi-resource-locator-1.0.1.jar:/home/user/.m2/repository/javax/ws/rs/javax.ws.rs-api/2.1/javax.ws.rs-api-2.1.jar:/home/user/.m2/repository/org/glassfish/jersey/ext/cdi/jersey-cdi1x/2.27/jersey-cdi1x-2.27.jar:/home/user/.m2/repository/org/glassfish/jersey/inject/jersey-hk2/2.27/jersey-hk2-2.27.jar:/home/user/.m2/repository/org/glassfish/hk2/hk2-locator/2.5.0-b42/hk2-locator-2.5.0-b42.jar:/home/user/.m2/repository/org/javassist/javassist/3.22.0-CR2/javassist-3.22.0-CR2.jar:/home/user/.m2/repository/org/glassfish/hk2/hk2-api/2.5.0/hk2-api-2.5.0.jar:/home/user/.m2/repository/org/glassfish/hk2/external/jakarta.inject/2.5.0/jakarta.inject-2.5.0.jar:/home/user/.m2/repository/org/glassfish/hk2/hk2-utils/2.5.0/hk2-utils-2.5.0.jar:/home/user/.m2/repository/jakarta/annotation/jakarta.annotation-api/1.3.4/jakarta.annotation-api-1.3.4.jar:/home/user/.m2/repository/org/glassfish/hk2/external/aopalliance-repackaged/2.5.0/aopalliance-repackaged-2.5.0.jar:/home/user/.m2/repository/com/fasterxml/jackson/dataformat/jackson-dataformat-xml/2.9.0/jackson-dataformat-xml-2.9.0.jar:/home/user/.m2/repository/com/fasterxml/jackson/core/jackson-core/2.9.5/jackson-core-2.9.5.jar:/home/user/.m2/repository/com/fasterxml/jackson/module/jackson-module-jaxb-annotations/2.9.5/jackson-module-jaxb-annotations-2.9.5.jar:/home/user/.m2/repository/javax/enterprise/cdi-api/1.2/cdi-api-1.2.jar:/home/user/.m2/repository/javax/el/javax.el-api/3.0.0/javax.el-api-3.0.0.jar:/home/user/.m2/repository/javax/interceptor/javax.interceptor-api/1.2/javax.interceptor-api-1.2.jar:/home/user/.m2/repository/javax/inject/javax.inject/1/javax.inject-1.jar:/home/user/.m2/repository/com/sun/xml/bind/jaxb-impl/2.3.0.1/jaxb-impl-2.3.0.1.jar:/home/user/.m2/repository/com/sun/xml/bind/jaxb-core/2.3.0.1/jaxb-core-2.3.0.1.jar:/home/user/.m2/repository/javax/xml/bind/jaxb-api/2.3.0/jaxb-api-2.3.0.jar:/home/user/.m2/repository/javax/activation/activation/1.1.1/activation-1.1.1.jar:/home/user/.m2/repository/org/apache/hadoop/hadoop-ozone-csi/0.5.0-SNAPSHOT/hadoop-ozone-csi-0.5.0-SNAPSHOT.jar:/home/user/.m2/repository/com/google/protobuf/protobuf-java-util/3.5.1/protobuf-java-util-3.5.1.jar:/home/user/.m2/repository/org/apache/hadoop/hadoop-hdds-config/0.5.0-SNAPSHOT/hadoop-hdds-config-0.5.0-SNAPSHOT.jar:/home/user/.m2/repository/io/grpc/grpc-netty/1.17.1/grpc-netty-1.17.1.jar:/home/user/.m2/repository/io/grpc/grpc-core/1.17.1/grpc-core-1.17.1.jar:/home/user/.m2/repository/io/grpc/grpc-context/1.17.1/grpc-context-1.17.1.jar:/home/user/.m2/repository/com/google/errorprone/error_prone_annotations/2.2.0/error_prone_annotations-2.2.0.jar:/home/user/.m2/repository/org/codehaus/mojo/animal-sniffer-annotations/1.17/animal-sniffer-annotations-1.17.jar:/home/user/.m2/repository/io/opencensus/opencensus-api/0.17.0/opencensus-api-0.17.0.jar:/home/user/.m2/repository/io/opencensus/opencensus-contrib-grpc-metrics/0.17.0/opencensus-contrib-grpc-metrics-0.17.0.jar:/home/user/.m2/repository/io/netty/netty-codec-http2/4.1.30.Final/netty-codec-http2-4.1.30.Final.jar:/home/user/.m2/repository/io/netty/netty-codec-http/4.1.30.Final/netty-codec-http-4.1.30.Final.jar:/home/user/.m2/repository/io/netty/netty-codec/4.1.30.Final/netty-codec-4.1.30.Final.jar:/home/user/.m2/repository/io/netty/netty-handler/4.1.30.Final/netty-handler-4.1.30.Final.jar:/home/user/.m2/repository/io/netty/netty-handler-proxy/4.1.30.Final/netty-handler-proxy-4.1.30.Final.jar:/home/user/.m2/repository/io/netty/netty-codec-socks/4.1.30.Final/netty-codec-socks-4.1.30.Final.jar:/home/user/.m2/repository/io/netty/netty-transport-native-epoll/4.1.30.Final/netty-transport-native-epoll-4.1.30.Final.jar:/home/user/.m2/repository/io/netty/netty-common/4.1.30.Final/netty-common-4.1.30.Final.jar:/home/user/.m2/repository/io/netty/netty-buffer/4.1.30.Final/netty-buffer-4.1.30.Final.jar:/home/user/.m2/repository/io/netty/netty-transport/4.1.30.Final/netty-transport-4.1.30.Final.jar:/home/user/.m2/repository/io/netty/netty-resolver/4.1.30.Final/netty-resolver-4.1.30.Final.jar:/home/user/.m2/repository/io/netty/netty-transport-native-unix-common/4.1.30.Final/netty-transport-native-unix-common-4.1.30.Final.jar:/home/user/.m2/repository/io/grpc/grpc-protobuf/1.17.1/grpc-protobuf-1.17.1.jar:/home/user/.m2/repository/com/google/api/grpc/proto-google-common-protos/1.0.0/proto-google-common-protos-1.0.0.jar:/home/user/.m2/repository/io/grpc/grpc-protobuf-lite/1.17.1/grpc-protobuf-lite-1.17.1.jar:/home/user/.m2/repository/io/grpc/grpc-stub/1.17.1/grpc-stub-1.17.1.jar:/home/user/.m2/repository/org/apache/hadoop/hadoop-ozone-recon/0.5.0-SNAPSHOT/hadoop-ozone-recon-0.5.0-SNAPSHOT.jar:/home/user/.m2/repository/org/apache/hadoop/hadoop-ozone-reconcodegen/0.5.0-SNAPSHOT/hadoop-ozone-reconcodegen-0.5.0-SNAPSHOT.jar:/home/user/.m2/repository/com/google/inject/extensions/guice-multibindings/4.0/guice-multibindings-4.0.jar:/home/user/.m2/repository/com/google/inject/guice/4.0/guice-4.0.jar:/home/user/.m2/repository/aopalliance/aopalliance/1.0/aopalliance-1.0.jar:/home/user/.m2/repository/com/google/inject/extensions/guice-servlet/4.0/guice-servlet-4.0.jar:/home/user/.m2/repository/org/glassfish/jersey/containers/jersey-container-servlet/2.27/jersey-container-servlet-2.27.jar:/home/user/.m2/repository/org/glassfish/hk2/guice-bridge/2.5.0/guice-bridge-2.5.0.jar:/home/user/.m2/repository/org/glassfish/jersey/core/jersey-server/2.27/jersey-server-2.27.jar:/home/user/.m2/repository/org/glassfish/jersey/core/jersey-client/2.27/jersey-client-2.27.jar:/home/user/.m2/repository/org/glassfish/jersey/media/jersey-media-jaxb/2.27/jersey-media-jaxb-2.27.jar:/home/user/.m2/repository/javax/validation/validation-api/1.1.0.Final/validation-api-1.1.0.Final.jar:/home/user/.m2/repository/org/glassfish/jersey/media/jersey-media-json-jackson/2.27/jersey-media-json-jackson-2.27.jar:/home/user/.m2/repository/org/glassfish/jersey/ext/jersey-entity-filtering/2.27/jersey-entity-filtering-2.27.jar:/home/user/.m2/repository/com/google/inject/extensions/guice-assistedinject/4.0/guice-assistedinject-4.0.jar:/home/user/.m2/repository/org/jooq/jooq/3.11.10/jooq-3.11.10.jar:/home/user/.m2/repository/org/jooq/jooq-meta/3.11.10/jooq-meta-3.11.10.jar:/home/user/.m2/repository/org/jooq/jooq-codegen/3.11.10/jooq-codegen-3.11.10.jar:/home/user/.m2/repository/com/jolbox/bonecp/0.8.0.RELEASE/bonecp-0.8.0.RELEASE.jar:/home/user/.m2/repository/org/xerial/sqlite-jdbc/3.25.2/sqlite-jdbc-3.25.2.jar:/home/user/.m2/repository/org/springframework/spring-jdbc/5.1.3.RELEASE/spring-jdbc-5.1.3.RELEASE.jar:/home/user/.m2/repository/org/springframework/spring-beans/5.1.3.RELEASE/spring-beans-5.1.3.RELEASE.jar:/home/user/.m2/repository/org/springframework/spring-core/5.1.3.RELEASE/spring-core-5.1.3.RELEASE.jar:/home/user/.m2/repository/org/springframework/spring-jcl/5.1.3.RELEASE/spring-jcl-5.1.3.RELEASE.jar:/home/user/.m2/repository/org/springframework/spring-tx/5.1.3.RELEASE/spring-tx-5.1.3.RELEASE.jar:/home/user/.m2/repository/org/apache/hadoop/hadoop-ozone-client/0.5.0-SNAPSHOT/hadoop-ozone-client-0.5.0-SNAPSHOT.jar:/home/user/.m2/repository/commons-lang/commons-lang/2.6/commons-lang-2.6.jar:/home/user/.m2/repository/org/apache/hadoop/hadoop-ozone-ozone-manager/0.5.0-SNAPSHOT/hadoop-ozone-ozone-manager-0.5.0-SNAPSHOT-tests.jar:/home/user/.m2/repository/junit/junit/4.11/junit-4.11.jar:/home/user/.m2/repository/org/hamcrest/hamcrest-core/1.3/hamcrest-core-1.3.jar:/home/user/.m2/repository/org/openjdk/jmh/jmh-core/1.19/jmh-core-1.19.jar:/home/user/.m2/repository/net/sf/jopt-simple/jopt-simple/4.6/jopt-simple-4.6.jar:/home/user/.m2/repository/org/apache/commons/commons-math3/3.1.1/commons-math3-3.1.1.jar:/home/user/.m2/repository/org/openjdk/jmh/jmh-generator-annprocess/1.19/jmh-generator-annprocess-1.19.jar:/home/user/.m2/repository/org/mockito/mockito-all/1.8.5/mockito-all-1.8.5.jar:/home/user/.m2/repository/org/apache/hadoop/hadoop-kms/3.2.0/hadoop-kms-3.2.0.jar:/home/user/.m2/repository/org/apache/hadoop/hadoop-auth/3.2.0/hadoop-auth-3.2.0.jar:/home/user/.m2/repository/com/nimbusds/nimbus-jose-jwt/4.41.1/nimbus-jose-jwt-4.41.1.jar:/home/user/.m2/repository/com/github/stephenc/jcip/jcip-annotations/1.0-1/jcip-annotations-1.0-1.jar:/home/user/.m2/repository/net/minidev/json-smart/2.3/json-smart-2.3.jar:/home/user/.m2/repository/net/minidev/accessors-smart/1.2/accessors-smart-1.2.jar:/home/user/.m2/repository/org/ow2/asm/asm/5.0.4/asm-5.0.4.jar:/home/user/.m2/repository/org/apache/curator/curator-framework/2.12.0/curator-framework-2.12.0.jar:/home/user/.m2/repository/com/sun/jersey/jersey-core/1.19/jersey-core-1.19.jar:/home/user/.m2/repository/javax/ws/rs/jsr311-api/1.1.1/jsr311-api-1.1.1.jar:/home/user/.m2/repository/com/sun/jersey/jersey-server/1.19/jersey-server-1.19.jar:/home/user/.m2/repository/javax/servlet/javax.servlet-api/3.1.0/javax.servlet-api-3.1.0.jar:/home/user/.m2/repository/org/eclipse/jetty/jetty-server/9.3.24.v20180605/jetty-server-9.3.24.v20180605.jar:/home/user/.m2/repository/org/eclipse/jetty/jetty-http/9.3.24.v20180605/jetty-http-9.3.24.v20180605.jar:/home/user/.m2/repository/org/eclipse/jetty/jetty-io/9.3.24.v20180605/jetty-io-9.3.24.v20180605.jar:/home/user/.m2/repository/org/eclipse/jetty/jetty-webapp/9.3.24.v20180605/jetty-webapp-9.3.24.v20180605.jar:/home/user/.m2/repository/org/eclipse/jetty/jetty-xml/9.3.24.v20180605/jetty-xml-9.3.24.v20180605.jar:/home/user/.m2/repository/log4j/log4j/1.2.17/log4j-1.2.17.jar:/home/user/.m2/repository/org/slf4j/slf4j-api/1.7.25/slf4j-api-1.7.25.jar:/home/user/.m2/repository/org/slf4j/jul-to-slf4j/1.7.25/jul-to-slf4j-1.7.25.jar:/home/user/.m2/repository/org/eclipse/jetty/jetty-util/9.3.24.v20180605/jetty-util-9.3.24.v20180605.jar:/home/user/.m2/repository/com/fasterxml/jackson/core/jackson-databind/2.9.5/jackson-databind-2.9.5.jar:/home/user/.m2/repository/org/apache/hadoop/hadoop-kms/3.2.0/hadoop-kms-3.2.0-tests.jar:/home/user/.m2/repository/org/apache/hadoop/hadoop-hdds-server-scm/0.5.0-SNAPSHOT/hadoop-hdds-server-scm-0.5.0-SNAPSHOT-tests.jar:/home/user/.m2/repository/org/apache/hadoop/hadoop-hdds-container-service/0.5.0-SNAPSHOT/hadoop-hdds-container-service-0.5.0-SNAPSHOT-tests.jar:/home/user/.m2/repository/org/yaml/snakeyaml/1.16/snakeyaml-1.16.jar:/home/user/.m2/repository/org/apache/hadoop/hadoop-common/3.2.0/hadoop-common-3.2.0-tests.jar:/home/user/.m2/repository/org/apache/hadoop/hadoop-annotations/3.2.0/hadoop-annotations-3.2.0.jar:/usr/lib/jvm/java-1.8-openjdk/jre/../lib/tools.jar:/home/user/.m2/repository/commons-cli/commons-cli/1.2/commons-cli-1.2.jar:/home/user/.m2/repository/org/apache/httpcomponents/httpclient/4.5.2/httpclient-4.5.2.jar:/home/user/.m2/repository/org/apache/httpcomponents/httpcore/4.4.4/httpcore-4.4.4.jar:/home/user/.m2/repository/commons-codec/commons-codec/1.11/commons-codec-1.11.jar:/home/user/.m2/repository/commons-net/commons-net/3.6/commons-net-3.6.jar:/home/user/.m2/repository/commons-collections/commons-collections/3.2.2/commons-collections-3.2.2.jar:/home/user/.m2/repository/org/eclipse/jetty/jetty-servlet/9.3.24.v20180605/jetty-servlet-9.3.24.v20180605.jar:/home/user/.m2/repository/org/eclipse/jetty/jetty-security/9.3.24.v20180605/jetty-security-9.3.24.v20180605.jar:/home/user/.m2/repository/javax/servlet/jsp/jsp-api/2.1/jsp-api-2.1.jar:/home/user/.m2/repository/com/sun/jersey/jersey-servlet/1.19/jersey-servlet-1.19.jar:/home/user/.m2/repository/com/sun/jersey/jersey-json/1.19/jersey-json-1.19.jar:/home/user/.m2/repository/org/codehaus/jettison/jettison/1.1/jettison-1.1.jar:/home/user/.m2/repository/org/codehaus/jackson/jackson-core-asl/1.9.13/jackson-core-asl-1.9.13.jar:/home/user/.m2/repository/org/codehaus/jackson/jackson-mapper-asl/1.9.13/jackson-mapper-asl-1.9.13.jar:/home/user/.m2/repository/org/codehaus/jackson/jackson-jaxrs/1.9.13/jackson-jaxrs-1.9.13.jar:/home/user/.m2/repository/org/codehaus/jackson/jackson-xc/1.9.13/jackson-xc-1.9.13.jar:/home/user/.m2/repository/commons-logging/commons-logging/1.1.3/commons-logging-1.1.3.jar:/home/user/.m2/repository/commons-beanutils/commons-beanutils/1.9.3/commons-beanutils-1.9.3.jar:/home/user/.m2/repository/org/apache/commons/commons-configuration2/2.1.1/commons-configuration2-2.1.1.jar:/home/user/.m2/repository/org/apache/commons/commons-lang3/3.7/commons-lang3-3.7.jar:/home/user/.m2/repository/org/apache/commons/commons-text/1.4/commons-text-1.4.jar:/home/user/.m2/repository/org/apache/avro/avro/1.7.7/avro-1.7.7.jar:/home/user/.m2/repository/com/thoughtworks/paranamer/paranamer/2.3/paranamer-2.3.jar:/home/user/.m2/repository/org/xerial/snappy/snappy-java/1.0.5/snappy-java-1.0.5.jar:/home/user/.m2/repository/com/google/re2j/re2j/1.1/re2j-1.1.jar:/home/user/.m2/repository/com/google/code/gson/gson/2.2.4/gson-2.2.4.jar:/home/user/.m2/repository/com/jcraft/jsch/0.1.54/jsch-0.1.54.jar:/home/user/.m2/repository/org/apache/curator/curator-client/2.12.0/curator-client-2.12.0.jar:/home/user/.m2/repository/org/apache/curator/curator-recipes/2.12.0/curator-recipes-2.12.0.jar:/home/user/.m2/repository/com/google/code/findbugs/jsr305/3.0.0/jsr305-3.0.0.jar:/home/user/.m2/repository/org/apache/htrace/htrace-core4/4.1.0-incubating/htrace-core4-4.1.0-incubating.jar:/home/user/.m2/repository/org/apache/zookeeper/zookeeper/3.4.13/zookeeper-3.4.13.jar:/home/user/.m2/repository/org/apache/yetus/audience-annotations/0.5.0/audience-annotations-0.5.0.jar:/home/user/.m2/repository/org/codehaus/woodstox/stax2-api/3.1.4/stax2-api-3.1.4.jar:/home/user/.m2/repository/com/fasterxml/woodstox/woodstox-core/5.0.3/woodstox-core-5.0.3.jar:/home/user/.m2/repository/dnsjava/dnsjava/2.1.7/dnsjava-2.1.7.jar:/home/user/.m2/repository/org/apache/hadoop/hadoop-hdfs/3.2.0/hadoop-hdfs-3.2.0-tests.jar:/home/user/.m2/repository/org/eclipse/jetty/jetty-util-ajax/9.3.24.v20180605/jetty-util-ajax-9.3.24.v20180605.jar:/home/user/.m2/repository/commons-daemon/commons-daemon/1.0.13/commons-daemon-1.0.13.jar:/home/user/.m2/repository/io/netty/netty/3.10.5.Final/netty-3.10.5.Final.jar:/home/user/.m2/repository/io/netty/netty-all/4.0.52.Final/netty-all-4.0.52.Final.jar:/home/user/.m2/repository/org/fusesource/leveldbjni/leveldbjni-all/1.8/leveldbjni-all-1.8.jar:"/>
    <property name="sun.cpu.endian" value="little"/>
    <property name="user.home" value="/home/user"/>
    <property name="user.language" value="en"/>
    <property name="java.specification.vendor" value="Oracle Corporation"/>
    <property name="java.home" value="/usr/lib/jvm/java-1.8-openjdk/jre"/>
    <property name="java.security.krb5.conf" value="/workdir/hadoop-ozone/integration-test/target/test-classes/krb5.conf"/>
    <property name="basedir" value="/workdir/hadoop-ozone/integration-test"/>
    <property name="file.separator" value="/"/>
    <property name="line.separator" value="&#10;"/>
    <property name="java.vm.specification.vendor" value="Oracle Corporation"/>
    <property name="java.specification.name" value="Java Platform API Specification"/>
    <property name="java.awt.graphicsenv" value="sun.awt.X11GraphicsEnvironment"/>
    <property name="surefire.real.class.path" value="/workdir/hadoop-ozone/integration-test/target/surefire/surefirebooter1578414150753814641.jar"/>
    <property name="hadoop.log.dir" value="/workdir/hadoop-ozone/integration-test/target/log"/>
    <property name="sun.boot.class.path" value="/usr/lib/jvm/java-1.8-openjdk/jre/lib/resources.jar:/usr/lib/jvm/java-1.8-openjdk/jre/lib/rt.jar:/usr/lib/jvm/java-1.8-openjdk/jre/lib/sunrsasign.jar:/usr/lib/jvm/java-1.8-openjdk/jre/lib/jsse.jar:/usr/lib/jvm/java-1.8-openjdk/jre/lib/jce.jar:/usr/lib/jvm/java-1.8-openjdk/jre/lib/charsets.jar:/usr/lib/jvm/java-1.8-openjdk/jre/lib/jfr.jar:/usr/lib/jvm/java-1.8-openjdk/jre/classes"/>
    <property name="sun.management.compiler" value="HotSpot 64-Bit Tiered Compilers"/>
    <property name="java.runtime.version" value="1.8.0_212-b04"/>
    <property name="java.net.preferIPv4Stack" value="true"/>
    <property name="user.name" value="jenkins1000"/>
    <property name="path.separator" value=":"/>
    <property name="java.security.egd" value="file:///dev/urandom"/>
    <property name="os.version" value="3.10.0-957.12.2.el7.x86_64"/>
    <property name="java.endorsed.dirs" value="/usr/lib/jvm/java-1.8-openjdk/jre/lib/endorsed"/>
    <property name="java.runtime.name" value="OpenJDK Runtime Environment"/>
    <property name="file.encoding" value="UTF-8"/>
    <property name="java.vm.name" value="OpenJDK 64-Bit Server VM"/>
    <property name="test.build.webapps" value=""/>
    <property name="localRepository" value="/home/user/.m2/repository"/>
    <property name="java.vendor.url.bug" value="https://icedtea.classpath.org/bugzilla"/>
    <property name="java.io.tmpdir" value="/tmp"/>
    <property name="require.test.libhadoop" value=""/>
    <property name="java.version" value="1.8.0_212"/>
    <property name="user.dir" value="/workdir/hadoop-ozone/integration-test"/>
    <property name="os.arch" value="amd64"/>
    <property name="java.vm.specification.name" value="Java Virtual Machine Specification"/>
    <property name="test.build.classes" value="/workdir/hadoop-ozone/integration-test/target/test-classes"/>
    <property name="java.awt.printerjob" value="sun.print.PSPrinterJob"/>
    <property name="sun.os.patch.level" value="unknown"/>
    <property name="hadoop.tmp.dir" value="/workdir/hadoop-ozone/integration-test/target/tmp"/>
    <property name="java.library.path" value="/usr/lib/jvm/java-1.8-openjdk/jre/lib/amd64/server:/usr/lib/jvm/java-1.8-openjdk/jre/lib/amd64:/usr/lib/jvm/java-1.8-openjdk/jre/../lib/amd64:/workdir/hadoop-ozone/integration-test/target/native/target/usr/local/lib:/workdir/hadoop-ozone/integration-test/../../hadoop-common-project/hadoop-common/target/native/target/usr/local/lib:/usr/java/packages/lib/amd64:/usr/lib64:/lib64:/lib:/usr/lib"/>
    <property name="java.vm.info" value="mixed mode"/>
    <property name="java.vendor" value="IcedTea"/>
    <property name="java.vm.version" value="25.212-b04"/>
    <property name="java.ext.dirs" value="/usr/lib/jvm/java-1.8-openjdk/jre/lib/ext:/usr/java/packages/lib/ext"/>
    <property name="sun.io.unicode.encoding" value="UnicodeLittle"/>
    <property name="java.class.version" value="52.0"/>
  </properties>
  <testcase name="testMultiBlockWritesWithIntermittentDnFailures" classname="org.apache.hadoop.ozone.client.rpc.TestMultiBlockWritesWithDnFailures" time="105.878">
    <error message="Allocated 0 blocks. Requested 1 blocks" type="INTERNAL_ERROR org.apache.hadoop.ozone.om.exceptions.OMException">INTERNAL_ERROR org.apache.hadoop.ozone.om.exceptions.OMException: Allocated 0 blocks. Requested 1 blocks
	at org.apache.hadoop.ozone.om.protocolPB.OzoneManagerProtocolClientSideTranslatorPB.handleError(OzoneManagerProtocolClientSideTranslatorPB.java:725)
	at org.apache.hadoop.ozone.om.protocolPB.OzoneManagerProtocolClientSideTranslatorPB.allocateBlock(OzoneManagerProtocolClientSideTranslatorPB.java:757)
	at org.apache.hadoop.ozone.client.io.BlockOutputStreamEntryPool.allocateNewBlock(BlockOutputStreamEntryPool.java:248)
	at org.apache.hadoop.ozone.client.io.BlockOutputStreamEntryPool.allocateBlockIfNeeded(BlockOutputStreamEntryPool.java:296)
	at org.apache.hadoop.ozone.client.io.KeyOutputStream.handleWrite(KeyOutputStream.java:201)
	at org.apache.hadoop.ozone.client.io.KeyOutputStream.handleRetry(KeyOutputStream.java:376)
	at org.apache.hadoop.ozone.client.io.KeyOutputStream.handleException(KeyOutputStream.java:325)
	at org.apache.hadoop.ozone.client.io.KeyOutputStream.handleWrite(KeyOutputStream.java:231)
	at org.apache.hadoop.ozone.client.io.KeyOutputStream.write(KeyOutputStream.java:193)
	at org.apache.hadoop.ozone.client.io.OzoneOutputStream.write(OzoneOutputStream.java:49)
	at java.io.OutputStream.write(OutputStream.java:75)
	at org.apache.hadoop.ozone.client.rpc.TestMultiBlockWritesWithDnFailures.testMultiBlockWritesWithIntermittentDnFailures(TestMultiBlockWritesWithDnFailures.java:196)
	at sun.reflect.NativeMethodAccessorImpl.invoke0(Native Method)
	at sun.reflect.NativeMethodAccessorImpl.invoke(NativeMethodAccessorImpl.java:62)
	at sun.reflect.DelegatingMethodAccessorImpl.invoke(DelegatingMethodAccessorImpl.java:43)
	at java.lang.reflect.Method.invoke(Method.java:498)
	at org.junit.runners.model.FrameworkMethod$1.runReflectiveCall(FrameworkMethod.java:47)
	at org.junit.internal.runners.model.ReflectiveCallable.run(ReflectiveCallable.java:12)
	at org.junit.runners.model.FrameworkMethod.invokeExplosively(FrameworkMethod.java:44)
	at org.junit.internal.runners.statements.InvokeMethod.evaluate(InvokeMethod.java:17)
	at org.junit.internal.runners.statements.RunAfters.evaluate(RunAfters.java:27)
	at org.junit.runners.ParentRunner.runLeaf(ParentRunner.java:271)
	at org.junit.runners.BlockJUnit4ClassRunner.runChild(BlockJUnit4ClassRunner.java:70)
	at org.junit.runners.BlockJUnit4ClassRunner.runChild(BlockJUnit4ClassRunner.java:50)
	at org.junit.runners.ParentRunner$3.run(ParentRunner.java:238)
	at org.junit.runners.ParentRunner$1.schedule(ParentRunner.java:63)
	at org.junit.runners.ParentRunner.runChildren(ParentRunner.java:236)
	at org.junit.runners.ParentRunner.access$000(ParentRunner.java:53)
	at org.junit.runners.ParentRunner$2.evaluate(ParentRunner.java:229)
	at org.junit.runners.ParentRunner.run(ParentRunner.java:309)
	at org.apache.maven.surefire.junit4.JUnit4Provider.execute(JUnit4Provider.java:365)
	at org.apache.maven.surefire.junit4.JUnit4Provider.executeWithRerun(JUnit4Provider.java:273)
	at org.apache.maven.surefire.junit4.JUnit4Provider.executeTestSet(JUnit4Provider.java:238)
	at org.apache.maven.surefire.junit4.JUnit4Provider.invoke(JUnit4Provider.java:159)
	at org.apache.maven.surefire.booter.ForkedBooter.invokeProviderInSameClassLoader(ForkedBooter.java:384)
	at org.apache.maven.surefire.booter.ForkedBooter.runSuitesInProcess(ForkedBooter.java:345)
	at org.apache.maven.surefire.booter.ForkedBooter.execute(ForkedBooter.java:126)
	at org.apache.maven.surefire.booter.ForkedBooter.main(ForkedBooter.java:418)
</error>
    <system-out><![CDATA[2019-09-10 18:09:44,742 [main] WARN  server.ServerUtils (ServerUtils.java:getScmDbDir(145)) - ozone.scm.db.dirs is not configured. We recommend adding this setting. Falling back to ozone.metadata.dirs instead.
2019-09-10 18:09:44,862 [main] WARN  server.ServerUtils (ServerUtils.java:getScmDbDir(145)) - ozone.scm.db.dirs is not configured. We recommend adding this setting. Falling back to ozone.metadata.dirs instead.
2019-09-10 18:09:44,866 [main] WARN  server.ServerUtils (ServerUtils.java:getScmDbDir(145)) - ozone.scm.db.dirs is not configured. We recommend adding this setting. Falling back to ozone.metadata.dirs instead.
2019-09-10 18:09:44,884 [main] INFO  util.log (Log.java:initialized(192)) - Logging initialized @886ms
2019-09-10 18:09:44,986 [main] INFO  db.DBStoreBuilder (DBStoreBuilder.java:addTable(110)) - using custom profile for table: deletedBlocks
2019-09-10 18:09:44,986 [main] INFO  db.DBStoreBuilder (DBStoreBuilder.java:processTables(161)) - Using default column profile:DBProfile.DISK for Table:deletedBlocks
2019-09-10 18:09:44,987 [main] INFO  db.DBStoreBuilder (DBStoreBuilder.java:addTable(110)) - using custom profile for table: validCerts
2019-09-10 18:09:44,987 [main] INFO  db.DBStoreBuilder (DBStoreBuilder.java:processTables(161)) - Using default column profile:DBProfile.DISK for Table:validCerts
2019-09-10 18:09:44,987 [main] INFO  db.DBStoreBuilder (DBStoreBuilder.java:addTable(110)) - using custom profile for table: revokedCerts
2019-09-10 18:09:44,987 [main] INFO  db.DBStoreBuilder (DBStoreBuilder.java:processTables(161)) - Using default column profile:DBProfile.DISK for Table:revokedCerts
2019-09-10 18:09:45,000 [main] INFO  db.DBStoreBuilder (DBStoreBuilder.java:addTable(110)) - using custom profile for table: default
2019-09-10 18:09:45,000 [main] INFO  db.DBStoreBuilder (DBStoreBuilder.java:processTables(167)) - Using default column profile:DBProfile.DISK for Table:default
2019-09-10 18:09:45,001 [main] INFO  db.DBStoreBuilder (DBStoreBuilder.java:getDbProfile(198)) - Using default options. DBProfile.DISK
2019-09-10 18:09:45,562 [main] INFO  net.NodeSchemaLoader (NodeSchemaLoader.java:loadSchemaFromFile(125)) - Loading file from sun.misc.CompoundEnumeration@3270d194
2019-09-10 18:09:45,565 [main] INFO  net.NodeSchemaLoader (NodeSchemaLoader.java:loadSchema(171)) - Loading network topology layer schema file
2019-09-10 18:09:45,639 [main] INFO  node.SCMNodeManager (SCMNodeManager.java:<init>(115)) - Entering startup safe mode.
2019-09-10 18:09:45,714 [main] INFO  algorithms.ContainerPlacementPolicyFactory (ContainerPlacementPolicyFactory.java:getPolicy(57)) - Create container placement policy of type org.apache.hadoop.hdds.scm.container.placement.algorithms.SCMContainerPlacementRandom
2019-09-10 18:09:45,729 [main] WARN  server.ServerUtils (ServerUtils.java:getScmDbDir(145)) - ozone.scm.db.dirs is not configured. We recommend adding this setting. Falling back to ozone.metadata.dirs instead.
2019-09-10 18:09:45,896 [main] INFO  pipeline.SCMPipelineManager (SCMPipelineManager.java:initializePipelineState(128)) - No pipeline exists in current db
2019-09-10 18:09:45,900 [main] WARN  server.ServerUtils (ServerUtils.java:getScmDbDir(145)) - ozone.scm.db.dirs is not configured. We recommend adding this setting. Falling back to ozone.metadata.dirs instead.
2019-09-10 18:09:46,148 [main] WARN  events.EventQueue (EventQueue.java:fireEvent(183)) - No event handler registered for event TypedEvent{payloadType=SafeModeStatus, name='SafeModeStatus'}
2019-09-10 18:09:46,571 [main] INFO  ipc.CallQueueManager (CallQueueManager.java:<init>(84)) - Using callQueue: class java.util.concurrent.LinkedBlockingQueue, queueCapacity: 2000, scheduler: class org.apache.hadoop.ipc.DefaultRpcScheduler, ipcBackoff: false.
2019-09-10 18:09:46,601 [Socket Reader #1 for port 37420] INFO  ipc.Server (Server.java:run(1074)) - Starting Socket Reader #1 for port 37420
2019-09-10 18:09:46,767 [main] INFO  ipc.CallQueueManager (CallQueueManager.java:<init>(84)) - Using callQueue: class java.util.concurrent.LinkedBlockingQueue, queueCapacity: 2000, scheduler: class org.apache.hadoop.ipc.DefaultRpcScheduler, ipcBackoff: false.
2019-09-10 18:09:46,769 [Socket Reader #1 for port 46785] INFO  ipc.Server (Server.java:run(1074)) - Starting Socket Reader #1 for port 46785
2019-09-10 18:09:46,781 [main] INFO  ipc.CallQueueManager (CallQueueManager.java:<init>(84)) - Using callQueue: class java.util.concurrent.LinkedBlockingQueue, queueCapacity: 2000, scheduler: class org.apache.hadoop.ipc.DefaultRpcScheduler, ipcBackoff: false.
2019-09-10 18:09:46,783 [Socket Reader #1 for port 40116] INFO  ipc.Server (Server.java:run(1074)) - Starting Socket Reader #1 for port 40116
2019-09-10 18:09:46,812 [main] INFO  hdfs.DFSUtil (DFSUtil.java:httpServerTemplateForNNAndJN(1641)) - Starting Web-server for scm at: http://0.0.0.0:0
2019-09-10 18:09:46,985 [main] INFO  server.AuthenticationFilter (AuthenticationFilter.java:constructSecretProvider(240)) - Unable to initialize FileSignerSecretProvider, falling back to use random secrets.
2019-09-10 18:09:46,994 [main] WARN  http.HttpRequestLog (HttpRequestLog.java:getRequestLog(97)) - Jetty request log can only be enabled using Log4j
2019-09-10 18:09:47,002 [main] INFO  http.HttpServer2 (HttpServer2.java:addGlobalFilter(975)) - Added global filter 'safety' (class=org.apache.hadoop.http.HttpServer2$QuotingInputFilter)
2019-09-10 18:09:47,005 [main] INFO  http.HttpServer2 (HttpServer2.java:addFilter(948)) - Added filter static_user_filter (class=org.apache.hadoop.http.lib.StaticUserWebFilter$StaticUserFilter) to context scm
2019-09-10 18:09:47,006 [main] INFO  http.HttpServer2 (HttpServer2.java:addFilter(958)) - Added filter static_user_filter (class=org.apache.hadoop.http.lib.StaticUserWebFilter$StaticUserFilter) to context static
2019-09-10 18:09:47,006 [main] INFO  http.HttpServer2 (HttpServer2.java:addFilter(958)) - Added filter static_user_filter (class=org.apache.hadoop.http.lib.StaticUserWebFilter$StaticUserFilter) to context logs
2019-09-10 18:09:47,039 [main] INFO  server.StorageContainerManager (StorageContainerManager.java:start(763)) - StorageContainerLocationProtocol RPC server is listening at /0.0.0.0:40116
2019-09-10 18:09:47,109 [main] WARN  impl.MetricsConfig (MetricsConfig.java:loadFirst(134)) - Cannot locate configuration: tried hadoop-metrics2-storagecontainermanager.properties,hadoop-metrics2.properties
2019-09-10 18:09:47,125 [main] INFO  impl.MetricsSystemImpl (MetricsSystemImpl.java:startTimer(374)) - Scheduled Metric snapshot period at 10 second(s).
2019-09-10 18:09:47,125 [main] INFO  impl.MetricsSystemImpl (MetricsSystemImpl.java:start(191)) - StorageContainerManager metrics system started
2019-09-10 18:09:47,425 [main] INFO  server.SCMClientProtocolServer (SCMClientProtocolServer.java:start(151)) - RPC server for Client  is listening at /0.0.0.0:40116
2019-09-10 18:09:47,426 [IPC Server Responder] INFO  ipc.Server (Server.java:run(1314)) - IPC Server Responder: starting
2019-09-10 18:09:47,426 [IPC Server listener on 40116] INFO  ipc.Server (Server.java:run(1153)) - IPC Server listener on 40116: starting
2019-09-10 18:09:47,429 [main] INFO  server.StorageContainerManager (StorageContainerManager.java:start(773)) - ScmBlockLocationProtocol RPC server is listening at /0.0.0.0:46785
2019-09-10 18:09:47,430 [main] INFO  server.SCMBlockProtocolServer (SCMBlockProtocolServer.java:start(146)) - RPC server for Block Protocol is listening at /0.0.0.0:46785
2019-09-10 18:09:47,431 [IPC Server Responder] INFO  ipc.Server (Server.java:run(1314)) - IPC Server Responder: starting
2019-09-10 18:09:47,431 [IPC Server listener on 46785] INFO  ipc.Server (Server.java:run(1153)) - IPC Server listener on 46785: starting
2019-09-10 18:09:47,433 [main] INFO  server.StorageContainerManager (StorageContainerManager.java:start(777)) - ScmDatanodeProtocl RPC server is listening at /0.0.0.0:37420
2019-09-10 18:09:47,433 [main] INFO  server.SCMDatanodeProtocolServer (SCMDatanodeProtocolServer.java:start(191)) - RPC server for DataNodes is listening at /0.0.0.0:37420
2019-09-10 18:09:47,434 [IPC Server listener on 37420] INFO  ipc.Server (Server.java:run(1153)) - IPC Server listener on 37420: starting
2019-09-10 18:09:47,434 [IPC Server Responder] INFO  ipc.Server (Server.java:run(1314)) - IPC Server Responder: starting
2019-09-10 18:09:47,437 [main] INFO  http.HttpServer2 (HttpServer2.java:bindListener(1191)) - Jetty bound to port 42776
2019-09-10 18:09:47,439 [main] INFO  server.Server (Server.java:doStart(351)) - jetty-9.3.24.v20180605, build timestamp: 2018-06-05T17:11:56Z, git hash: 84205aa28f11a4f31f2a3b86d1bba2cc8ab69827
2019-09-10 18:09:47,477 [main] INFO  handler.ContextHandler (ContextHandler.java:doStart(781)) - Started o.e.j.s.ServletContextHandler@615091b8{/logs,file:///workdir/hadoop-ozone/integration-test/target/log,AVAILABLE}
2019-09-10 18:09:47,477 [main] INFO  handler.ContextHandler (ContextHandler.java:doStart(781)) - Started o.e.j.s.ServletContextHandler@4aa83f4f{/static,file:///workdir/hadoop-ozone/integration-test/target/test-classes/webapps/static,AVAILABLE}
2019-09-10 18:09:47,513 [main] INFO  handler.ContextHandler (ContextHandler.java:doStart(781)) - Started o.e.j.w.WebAppContext@27e0f2f5{/,file:///workdir/hadoop-ozone/integration-test/target/test-classes/webapps/scm/,AVAILABLE}{/scm}
2019-09-10 18:09:47,519 [main] INFO  server.AbstractConnector (AbstractConnector.java:doStart(278)) - Started ServerConnector@3dd69f5a{HTTP/1.1,[http/1.1]}{0.0.0.0:42776}
2019-09-10 18:09:47,519 [main] INFO  server.Server (Server.java:doStart(419)) - Started @3521ms
2019-09-10 18:09:47,522 [main] INFO  impl.MetricsSinkAdapter (MetricsSinkAdapter.java:start(204)) - Sink prometheus started
2019-09-10 18:09:47,522 [main] INFO  impl.MetricsSystemImpl (MetricsSystemImpl.java:registerSink(301)) - Registered sink prometheus
2019-09-10 18:09:47,523 [main] INFO  server.BaseHttpServer (BaseHttpServer.java:updateConnectorAddress(215)) - HTTP server of SCM is listening at http://0.0.0.0:42776
2019-09-10 18:09:47,529 [org.apache.hadoop.util.JvmPauseMonitor$Monitor@7fb9f71f] INFO  util.JvmPauseMonitor (JvmPauseMonitor.java:run(188)) - Starting JVM pause monitor
2019-09-10 18:09:47,532 [main] WARN  server.ServerUtils (ServerUtils.java:getDBPath(222)) - ozone.om.db.dirs is not configured. We recommend adding this setting. Falling back to ozone.metadata.dirs instead.
2019-09-10 18:09:47,672 [main] WARN  server.ServerUtils (ServerUtils.java:getDBPath(222)) - ozone.om.db.dirs is not configured. We recommend adding this setting. Falling back to ozone.metadata.dirs instead.
2019-09-10 18:09:47,673 [main] WARN  server.ServerUtils (ServerUtils.java:getDBPath(222)) - ozone.om.db.dirs is not configured. We recommend adding this setting. Falling back to ozone.metadata.dirs instead.
2019-09-10 18:09:47,674 [main] INFO  om.OzoneManager (OzoneManager.java:setOMNodeDetails(649)) - OM Service ID is not set. Setting it to the default ID: omServiceIdDefault
2019-09-10 18:09:47,674 [main] INFO  om.OzoneManager (OzoneManager.java:setOMNodeDetails(655)) - OM Node ID is not set. Setting it to the OmStorage's OmID: 2dc971f6-4bfa-469d-8462-f7a5ef53f1b0
2019-09-10 18:09:47,676 [main] INFO  om.OzoneManager (OzoneManager.java:loadOMHAConfigs(606)) - Found matching OM address with OMServiceId: null, OMNodeId: null, RPC Address: localhost:0 and Ratis port: 9872
2019-09-10 18:09:48,429 [main] WARN  server.ServerUtils (ServerUtils.java:getDBPath(222)) - ozone.om.db.dirs is not configured. We recommend adding this setting. Falling back to ozone.metadata.dirs instead.
2019-09-10 18:09:48,438 [main] INFO  db.DBStoreBuilder (DBStoreBuilder.java:addTable(110)) - using custom profile for table: userTable
2019-09-10 18:09:48,438 [main] INFO  db.DBStoreBuilder (DBStoreBuilder.java:processTables(161)) - Using default column profile:DBProfile.DISK for Table:userTable
2019-09-10 18:09:48,439 [main] INFO  db.DBStoreBuilder (DBStoreBuilder.java:addTable(110)) - using custom profile for table: volumeTable
2019-09-10 18:09:48,439 [main] INFO  db.DBStoreBuilder (DBStoreBuilder.java:processTables(161)) - Using default column profile:DBProfile.DISK for Table:volumeTable
2019-09-10 18:09:48,439 [main] INFO  db.DBStoreBuilder (DBStoreBuilder.java:addTable(110)) - using custom profile for table: bucketTable
2019-09-10 18:09:48,439 [main] INFO  db.DBStoreBuilder (DBStoreBuilder.java:processTables(161)) - Using default column profile:DBProfile.DISK for Table:bucketTable
2019-09-10 18:09:48,440 [main] INFO  db.DBStoreBuilder (DBStoreBuilder.java:addTable(110)) - using custom profile for table: keyTable
2019-09-10 18:09:48,440 [main] INFO  db.DBStoreBuilder (DBStoreBuilder.java:processTables(161)) - Using default column profile:DBProfile.DISK for Table:keyTable
2019-09-10 18:09:48,440 [main] INFO  db.DBStoreBuilder (DBStoreBuilder.java:addTable(110)) - using custom profile for table: deletedTable
2019-09-10 18:09:48,441 [main] INFO  db.DBStoreBuilder (DBStoreBuilder.java:processTables(161)) - Using default column profile:DBProfile.DISK for Table:deletedTable
2019-09-10 18:09:48,441 [main] INFO  db.DBStoreBuilder (DBStoreBuilder.java:addTable(110)) - using custom profile for table: openKeyTable
2019-09-10 18:09:48,441 [main] INFO  db.DBStoreBuilder (DBStoreBuilder.java:processTables(161)) - Using default column profile:DBProfile.DISK for Table:openKeyTable
2019-09-10 18:09:48,442 [main] INFO  db.DBStoreBuilder (DBStoreBuilder.java:addTable(110)) - using custom profile for table: s3Table
2019-09-10 18:09:48,442 [main] INFO  db.DBStoreBuilder (DBStoreBuilder.java:processTables(161)) - Using default column profile:DBProfile.DISK for Table:s3Table
2019-09-10 18:09:48,442 [main] INFO  db.DBStoreBuilder (DBStoreBuilder.java:addTable(110)) - using custom profile for table: multipartInfoTable
2019-09-10 18:09:48,442 [main] INFO  db.DBStoreBuilder (DBStoreBuilder.java:processTables(161)) - Using default column profile:DBProfile.DISK for Table:multipartInfoTable
2019-09-10 18:09:48,443 [main] INFO  db.DBStoreBuilder (DBStoreBuilder.java:addTable(110)) - using custom profile for table: dTokenTable
2019-09-10 18:09:48,443 [main] INFO  db.DBStoreBuilder (DBStoreBuilder.java:processTables(161)) - Using default column profile:DBProfile.DISK for Table:dTokenTable
2019-09-10 18:09:48,443 [main] INFO  db.DBStoreBuilder (DBStoreBuilder.java:addTable(110)) - using custom profile for table: s3SecretTable
2019-09-10 18:09:48,444 [main] INFO  db.DBStoreBuilder (DBStoreBuilder.java:processTables(161)) - Using default column profile:DBProfile.DISK for Table:s3SecretTable
2019-09-10 18:09:48,444 [main] INFO  db.DBStoreBuilder (DBStoreBuilder.java:addTable(110)) - using custom profile for table: prefixTable
2019-09-10 18:09:48,444 [main] INFO  db.DBStoreBuilder (DBStoreBuilder.java:processTables(161)) - Using default column profile:DBProfile.DISK for Table:prefixTable
2019-09-10 18:09:48,445 [main] INFO  db.DBStoreBuilder (DBStoreBuilder.java:addTable(110)) - using custom profile for table: default
2019-09-10 18:09:48,445 [main] INFO  db.DBStoreBuilder (DBStoreBuilder.java:processTables(167)) - Using default column profile:DBProfile.DISK for Table:default
2019-09-10 18:09:48,445 [main] INFO  db.DBStoreBuilder (DBStoreBuilder.java:getDbProfile(198)) - Using default options. DBProfile.DISK
2019-09-10 18:09:49,774 [main] INFO  ipc.CallQueueManager (CallQueueManager.java:<init>(84)) - Using callQueue: class java.util.concurrent.LinkedBlockingQueue, queueCapacity: 2000, scheduler: class org.apache.hadoop.ipc.DefaultRpcScheduler, ipcBackoff: false.
2019-09-10 18:09:49,775 [Socket Reader #1 for port 44518] INFO  ipc.Server (Server.java:run(1074)) - Starting Socket Reader #1 for port 44518
2019-09-10 18:09:49,797 [main] INFO  om.OzoneManager (OzoneManager.java:start(1240)) - OzoneManager RPC server is listening at localhost/127.0.0.1:44518
2019-09-10 18:09:49,797 [main] INFO  impl.MetricsSystemImpl (MetricsSystemImpl.java:init(158)) - OzoneManager metrics system started (again)
2019-09-10 18:09:49,798 [IPC Server Responder] INFO  ipc.Server (Server.java:run(1314)) - IPC Server Responder: starting
2019-09-10 18:09:49,799 [IPC Server listener on 44518] INFO  ipc.Server (Server.java:run(1153)) - IPC Server listener on 44518: starting
2019-09-10 18:09:49,804 [main] INFO  hdfs.DFSUtil (DFSUtil.java:httpServerTemplateForNNAndJN(1641)) - Starting Web-server for ozoneManager at: http://0.0.0.0:0
2019-09-10 18:09:49,806 [main] INFO  server.AuthenticationFilter (AuthenticationFilter.java:constructSecretProvider(240)) - Unable to initialize FileSignerSecretProvider, falling back to use random secrets.
2019-09-10 18:09:49,807 [main] WARN  http.HttpRequestLog (HttpRequestLog.java:getRequestLog(97)) - Jetty request log can only be enabled using Log4j
2019-09-10 18:09:49,809 [main] INFO  http.HttpServer2 (HttpServer2.java:addGlobalFilter(975)) - Added global filter 'safety' (class=org.apache.hadoop.http.HttpServer2$QuotingInputFilter)
2019-09-10 18:09:49,810 [main] INFO  http.HttpServer2 (HttpServer2.java:addFilter(948)) - Added filter static_user_filter (class=org.apache.hadoop.http.lib.StaticUserWebFilter$StaticUserFilter) to context ozoneManager
2019-09-10 18:09:49,810 [main] INFO  http.HttpServer2 (HttpServer2.java:addFilter(958)) - Added filter static_user_filter (class=org.apache.hadoop.http.lib.StaticUserWebFilter$StaticUserFilter) to context static
2019-09-10 18:09:49,810 [main] INFO  http.HttpServer2 (HttpServer2.java:addFilter(958)) - Added filter static_user_filter (class=org.apache.hadoop.http.lib.StaticUserWebFilter$StaticUserFilter) to context logs
2019-09-10 18:09:49,813 [main] INFO  http.HttpServer2 (HttpServer2.java:bindListener(1191)) - Jetty bound to port 46363
2019-09-10 18:09:49,813 [main] INFO  server.Server (Server.java:doStart(351)) - jetty-9.3.24.v20180605, build timestamp: 2018-06-05T17:11:56Z, git hash: 84205aa28f11a4f31f2a3b86d1bba2cc8ab69827
2019-09-10 18:09:49,815 [main] INFO  handler.ContextHandler (ContextHandler.java:doStart(781)) - Started o.e.j.s.ServletContextHandler@5cf8edcf{/logs,file:///workdir/hadoop-ozone/integration-test/target/log,AVAILABLE}
2019-09-10 18:09:49,816 [main] INFO  handler.ContextHandler (ContextHandler.java:doStart(781)) - Started o.e.j.s.ServletContextHandler@629f066f{/static,file:///workdir/hadoop-ozone/integration-test/target/test-classes/webapps/static,AVAILABLE}
2019-09-10 18:09:49,821 [main] INFO  handler.ContextHandler (ContextHandler.java:doStart(781)) - Started o.e.j.w.WebAppContext@1cbb3d3b{/,file:///workdir/hadoop-ozone/integration-test/target/test-classes/webapps/ozoneManager/,AVAILABLE}{/ozoneManager}
2019-09-10 18:09:49,821 [main] INFO  server.AbstractConnector (AbstractConnector.java:doStart(278)) - Started ServerConnector@529cfee5{HTTP/1.1,[http/1.1]}{0.0.0.0:46363}
2019-09-10 18:09:49,822 [main] INFO  server.Server (Server.java:doStart(419)) - Started @5824ms
2019-09-10 18:09:49,823 [main] WARN  impl.MetricsSystemImpl (MetricsSystemImpl.java:register(276)) - Sink prometheus already exists!
2019-09-10 18:09:49,823 [main] INFO  server.BaseHttpServer (BaseHttpServer.java:updateConnectorAddress(215)) - HTTP server of OZONEMANAGER is listening at http://0.0.0.0:46363
2019-09-10 18:09:50,156 [main] INFO  impl.MetricsSystemImpl (MetricsSystemImpl.java:init(158)) - HddsDatanode metrics system started (again)
2019-09-10 18:09:50,217 [main] INFO  ozone.HddsDatanodeService (HddsDatanodeService.java:start(184)) - HddsDatanodeService host:pr-hdds-1982-decom-states-gjzbw-1854142291 ip:192.168.36.113
2019-09-10 18:09:50,253 [main] INFO  volume.HddsVolume (HddsVolume.java:<init>(176)) - Creating Volume: /workdir/hadoop-ozone/integration-test/target/test-dir/MiniOzoneClusterImpl-a4bba3eb-5ae6-43ba-8544-0cc5de04918c/datanode-0/data/containers/hdds of  storage type : DISK and capacity : 1482555576320
2019-09-10 18:09:50,257 [main] INFO  volume.VolumeSet (VolumeSet.java:initializeVolumeSet(170)) - Added Volume : /workdir/hadoop-ozone/integration-test/target/test-dir/MiniOzoneClusterImpl-a4bba3eb-5ae6-43ba-8544-0cc5de04918c/datanode-0/data/containers/hdds to VolumeSet
2019-09-10 18:09:50,262 [main] INFO  volume.ThrottledAsyncChecker (ThrottledAsyncChecker.java:schedule(139)) - Scheduling a check for org.apache.hadoop.ozone.container.common.volume.HddsVolume@69da0b12
2019-09-10 18:09:50,288 [main] INFO  volume.HddsVolumeChecker (HddsVolumeChecker.java:checkAllVolumes(202)) - Scheduled health check for volume org.apache.hadoop.ozone.container.common.volume.HddsVolume@69da0b12
2019-09-10 18:09:50,408 [main] INFO  impl.RaftServerProxy (ConfUtils.java:logGet(43)) - raft.rpc.type = GRPC (default)
2019-09-10 18:09:50,507 [main] INFO  grpc.GrpcFactory (GrpcFactory.java:checkPooledByteBufAllocatorUseCacheForAllThreads(45)) - PERFORMANCE WARNING: useCacheForAllThreads is true that may cause Netty to create a lot garbage objects and, as a result, trigger GC.
	It is recommended to disable useCacheForAllThreads by setting -Dorg.apache.ratis.thirdparty.io.netty.allocator.useCacheForAllThreads=false in command line.
2019-09-10 18:09:50,514 [main] INFO  grpc.GrpcConfigKeys$Server (ConfUtils.java:logGet(43)) - raft.grpc.server.port = 0 (default)
2019-09-10 18:09:50,515 [main] INFO  server.GrpcService (ConfUtils.java:logGet(43)) - raft.grpc.message.size.max = 33570816 (custom)
2019-09-10 18:09:50,517 [main] INFO  server.RaftServerConfigKeys (ConfUtils.java:logGet(43)) - raft.server.log.appender.buffer.byte-limit = 33554432 (custom)
2019-09-10 18:09:50,518 [main] INFO  server.GrpcService (ConfUtils.java:logGet(43)) - raft.grpc.flow.control.window = 1MB (=1048576) (default)
2019-09-10 18:09:50,519 [main] INFO  server.RaftServerConfigKeys (ConfUtils.java:logGet(43)) - raft.server.rpc.request.timeout = 3000ms (default)
2019-09-10 18:09:50,694 [main] INFO  server.RaftServerConfigKeys (ConfUtils.java:logGet(43)) - raft.server.storage.dir = [/workdir/hadoop-ozone/integration-test/target/test-dir/MiniOzoneClusterImpl-a4bba3eb-5ae6-43ba-8544-0cc5de04918c/datanode-0/data/ratis] (custom)
2019-09-10 18:09:50,748 [main] INFO  hdfs.DFSUtil (DFSUtil.java:httpServerTemplateForNNAndJN(1641)) - Starting Web-server for hddsDatanode at: http://0.0.0.0:0
2019-09-10 18:09:50,751 [main] INFO  server.AuthenticationFilter (AuthenticationFilter.java:constructSecretProvider(240)) - Unable to initialize FileSignerSecretProvider, falling back to use random secrets.
2019-09-10 18:09:50,752 [main] WARN  http.HttpRequestLog (HttpRequestLog.java:getRequestLog(97)) - Jetty request log can only be enabled using Log4j
2019-09-10 18:09:50,754 [main] INFO  http.HttpServer2 (HttpServer2.java:addGlobalFilter(975)) - Added global filter 'safety' (class=org.apache.hadoop.http.HttpServer2$QuotingInputFilter)
2019-09-10 18:09:50,755 [main] INFO  http.HttpServer2 (HttpServer2.java:addFilter(948)) - Added filter static_user_filter (class=org.apache.hadoop.http.lib.StaticUserWebFilter$StaticUserFilter) to context hddsDatanode
2019-09-10 18:09:50,755 [main] INFO  http.HttpServer2 (HttpServer2.java:addFilter(958)) - Added filter static_user_filter (class=org.apache.hadoop.http.lib.StaticUserWebFilter$StaticUserFilter) to context logs
2019-09-10 18:09:50,755 [main] INFO  http.HttpServer2 (HttpServer2.java:addFilter(958)) - Added filter static_user_filter (class=org.apache.hadoop.http.lib.StaticUserWebFilter$StaticUserFilter) to context static
2019-09-10 18:09:50,757 [main] INFO  http.HttpServer2 (HttpServer2.java:bindListener(1191)) - Jetty bound to port 39025
2019-09-10 18:09:50,757 [main] INFO  server.Server (Server.java:doStart(351)) - jetty-9.3.24.v20180605, build timestamp: 2018-06-05T17:11:56Z, git hash: 84205aa28f11a4f31f2a3b86d1bba2cc8ab69827
2019-09-10 18:09:50,760 [main] INFO  handler.ContextHandler (ContextHandler.java:doStart(781)) - Started o.e.j.s.ServletContextHandler@2643d762{/logs,file:///workdir/hadoop-ozone/integration-test/target/log,AVAILABLE}
2019-09-10 18:09:50,761 [main] INFO  handler.ContextHandler (ContextHandler.java:doStart(781)) - Started o.e.j.s.ServletContextHandler@2f236de0{/static,jar:file:/home/user/.m2/repository/org/apache/hadoop/hadoop-hdds-container-service/0.5.0-SNAPSHOT/hadoop-hdds-container-service-0.5.0-SNAPSHOT.jar!/webapps/static,AVAILABLE}
2019-09-10 18:09:50,800 [main] INFO  handler.ContextHandler (ContextHandler.java:doStart(781)) - Started o.e.j.w.WebAppContext@895416d{/,file:///tmp/jetty-0.0.0.0-39025-hddsDatanode-_-any-5602978782924809629.dir/webapp/,AVAILABLE}{/hddsDatanode}
2019-09-10 18:09:50,802 [main] INFO  server.AbstractConnector (AbstractConnector.java:doStart(278)) - Started ServerConnector@71a06021{HTTP/1.1,[http/1.1]}{0.0.0.0:39025}
2019-09-10 18:09:50,805 [main] INFO  server.Server (Server.java:doStart(419)) - Started @6807ms
2019-09-10 18:09:50,806 [main] WARN  impl.MetricsSystemImpl (MetricsSystemImpl.java:register(276)) - Sink prometheus already exists!
2019-09-10 18:09:50,806 [main] INFO  server.BaseHttpServer (BaseHttpServer.java:updateConnectorAddress(215)) - HTTP server of HDDSDATANODE is listening at http://0.0.0.0:39025
2019-09-10 18:09:50,807 [main] INFO  impl.MetricsSystemImpl (MetricsSystemImpl.java:init(158)) - HddsDatanode metrics system started (again)
2019-09-10 18:09:50,810 [main] INFO  ozone.HddsDatanodeService (HddsDatanodeService.java:start(184)) - HddsDatanodeService host:pr-hdds-1982-decom-states-gjzbw-1854142291 ip:192.168.36.113
2019-09-10 18:09:50,814 [org.apache.hadoop.util.JvmPauseMonitor$Monitor@37218047] INFO  util.JvmPauseMonitor (JvmPauseMonitor.java:run(188)) - Starting JVM pause monitor
2019-09-10 18:09:50,820 [main] INFO  volume.HddsVolume (HddsVolume.java:<init>(176)) - Creating Volume: /workdir/hadoop-ozone/integration-test/target/test-dir/MiniOzoneClusterImpl-a4bba3eb-5ae6-43ba-8544-0cc5de04918c/datanode-1/data/containers/hdds of  storage type : DISK and capacity : 1482555576320
2019-09-10 18:09:50,821 [main] INFO  volume.VolumeSet (VolumeSet.java:initializeVolumeSet(170)) - Added Volume : /workdir/hadoop-ozone/integration-test/target/test-dir/MiniOzoneClusterImpl-a4bba3eb-5ae6-43ba-8544-0cc5de04918c/datanode-1/data/containers/hdds to VolumeSet
2019-09-10 18:09:50,821 [main] INFO  volume.ThrottledAsyncChecker (ThrottledAsyncChecker.java:schedule(139)) - Scheduling a check for org.apache.hadoop.ozone.container.common.volume.HddsVolume@55e42449
2019-09-10 18:09:50,822 [main] INFO  volume.HddsVolumeChecker (HddsVolumeChecker.java:checkAllVolumes(202)) - Scheduled health check for volume org.apache.hadoop.ozone.container.common.volume.HddsVolume@55e42449
2019-09-10 18:09:50,846 [main] INFO  impl.RaftServerProxy (ConfUtils.java:logGet(43)) - raft.rpc.type = GRPC (default)
2019-09-10 18:09:50,847 [main] INFO  grpc.GrpcFactory (GrpcFactory.java:checkPooledByteBufAllocatorUseCacheForAllThreads(45)) - PERFORMANCE WARNING: useCacheForAllThreads is true that may cause Netty to create a lot garbage objects and, as a result, trigger GC.
	It is recommended to disable useCacheForAllThreads by setting -Dorg.apache.ratis.thirdparty.io.netty.allocator.useCacheForAllThreads=false in command line.
2019-09-10 18:09:50,847 [main] INFO  grpc.GrpcConfigKeys$Server (ConfUtils.java:logGet(43)) - raft.grpc.server.port = 0 (default)
2019-09-10 18:09:50,847 [main] INFO  server.GrpcService (ConfUtils.java:logGet(43)) - raft.grpc.message.size.max = 33570816 (custom)
2019-09-10 18:09:50,848 [main] INFO  server.RaftServerConfigKeys (ConfUtils.java:logGet(43)) - raft.server.log.appender.buffer.byte-limit = 33554432 (custom)
2019-09-10 18:09:50,848 [main] INFO  server.GrpcService (ConfUtils.java:logGet(43)) - raft.grpc.flow.control.window = 1MB (=1048576) (default)
2019-09-10 18:09:50,848 [main] INFO  server.RaftServerConfigKeys (ConfUtils.java:logGet(43)) - raft.server.rpc.request.timeout = 3000ms (default)
2019-09-10 18:09:50,852 [main] INFO  server.RaftServerConfigKeys (ConfUtils.java:logGet(43)) - raft.server.storage.dir = [/workdir/hadoop-ozone/integration-test/target/test-dir/MiniOzoneClusterImpl-a4bba3eb-5ae6-43ba-8544-0cc5de04918c/datanode-1/data/ratis] (custom)
2019-09-10 18:09:50,854 [main] INFO  hdfs.DFSUtil (DFSUtil.java:httpServerTemplateForNNAndJN(1641)) - Starting Web-server for hddsDatanode at: http://0.0.0.0:0
2019-09-10 18:09:50,856 [main] INFO  server.AuthenticationFilter (AuthenticationFilter.java:constructSecretProvider(240)) - Unable to initialize FileSignerSecretProvider, falling back to use random secrets.
2019-09-10 18:09:50,857 [main] WARN  http.HttpRequestLog (HttpRequestLog.java:getRequestLog(97)) - Jetty request log can only be enabled using Log4j
2019-09-10 18:09:50,859 [main] INFO  http.HttpServer2 (HttpServer2.java:addGlobalFilter(975)) - Added global filter 'safety' (class=org.apache.hadoop.http.HttpServer2$QuotingInputFilter)
2019-09-10 18:09:50,860 [main] INFO  http.HttpServer2 (HttpServer2.java:addFilter(948)) - Added filter static_user_filter (class=org.apache.hadoop.http.lib.StaticUserWebFilter$StaticUserFilter) to context hddsDatanode
2019-09-10 18:09:50,860 [main] INFO  http.HttpServer2 (HttpServer2.java:addFilter(958)) - Added filter static_user_filter (class=org.apache.hadoop.http.lib.StaticUserWebFilter$StaticUserFilter) to context logs
2019-09-10 18:09:50,860 [main] INFO  http.HttpServer2 (HttpServer2.java:addFilter(958)) - Added filter static_user_filter (class=org.apache.hadoop.http.lib.StaticUserWebFilter$StaticUserFilter) to context static
2019-09-10 18:09:50,861 [main] INFO  http.HttpServer2 (HttpServer2.java:bindListener(1191)) - Jetty bound to port 35446
2019-09-10 18:09:50,861 [main] INFO  server.Server (Server.java:doStart(351)) - jetty-9.3.24.v20180605, build timestamp: 2018-06-05T17:11:56Z, git hash: 84205aa28f11a4f31f2a3b86d1bba2cc8ab69827
2019-09-10 18:09:50,868 [main] INFO  handler.ContextHandler (ContextHandler.java:doStart(781)) - Started o.e.j.s.ServletContextHandler@c27a3a2{/logs,file:///workdir/hadoop-ozone/integration-test/target/log,AVAILABLE}
2019-09-10 18:09:50,868 [main] INFO  handler.ContextHandler (ContextHandler.java:doStart(781)) - Started o.e.j.s.ServletContextHandler@1a2bcd56{/static,jar:file:/home/user/.m2/repository/org/apache/hadoop/hadoop-hdds-container-service/0.5.0-SNAPSHOT/hadoop-hdds-container-service-0.5.0-SNAPSHOT.jar!/webapps/static,AVAILABLE}
2019-09-10 18:09:50,903 [main] INFO  handler.ContextHandler (ContextHandler.java:doStart(781)) - Started o.e.j.w.WebAppContext@52d97ab6{/,file:///tmp/jetty-0.0.0.0-35446-hddsDatanode-_-any-5542209711286523500.dir/webapp/,AVAILABLE}{/hddsDatanode}
2019-09-10 18:09:50,904 [main] INFO  server.AbstractConnector (AbstractConnector.java:doStart(278)) - Started ServerConnector@4da6d664{HTTP/1.1,[http/1.1]}{0.0.0.0:35446}
2019-09-10 18:09:50,905 [main] INFO  server.Server (Server.java:doStart(419)) - Started @6907ms
2019-09-10 18:09:50,905 [main] WARN  impl.MetricsSystemImpl (MetricsSystemImpl.java:register(276)) - Sink prometheus already exists!
2019-09-10 18:09:50,906 [main] INFO  server.BaseHttpServer (BaseHttpServer.java:updateConnectorAddress(215)) - HTTP server of HDDSDATANODE is listening at http://0.0.0.0:35446
2019-09-10 18:09:50,907 [main] INFO  impl.MetricsSystemImpl (MetricsSystemImpl.java:init(158)) - HddsDatanode metrics system started (again)
2019-09-10 18:09:50,909 [org.apache.hadoop.util.JvmPauseMonitor$Monitor@c0d1cd1] INFO  util.JvmPauseMonitor (JvmPauseMonitor.java:run(188)) - Starting JVM pause monitor
2019-09-10 18:09:50,911 [main] INFO  ozone.HddsDatanodeService (HddsDatanodeService.java:start(184)) - HddsDatanodeService host:pr-hdds-1982-decom-states-gjzbw-1854142291 ip:192.168.36.113
2019-09-10 18:09:50,918 [main] INFO  volume.HddsVolume (HddsVolume.java:<init>(176)) - Creating Volume: /workdir/hadoop-ozone/integration-test/target/test-dir/MiniOzoneClusterImpl-a4bba3eb-5ae6-43ba-8544-0cc5de04918c/datanode-2/data/containers/hdds of  storage type : DISK and capacity : 1482555576320
2019-09-10 18:09:50,918 [main] INFO  volume.VolumeSet (VolumeSet.java:initializeVolumeSet(170)) - Added Volume : /workdir/hadoop-ozone/integration-test/target/test-dir/MiniOzoneClusterImpl-a4bba3eb-5ae6-43ba-8544-0cc5de04918c/datanode-2/data/containers/hdds to VolumeSet
2019-09-10 18:09:50,918 [main] INFO  volume.ThrottledAsyncChecker (ThrottledAsyncChecker.java:schedule(139)) - Scheduling a check for org.apache.hadoop.ozone.container.common.volume.HddsVolume@6c3659be
2019-09-10 18:09:50,919 [main] INFO  volume.HddsVolumeChecker (HddsVolumeChecker.java:checkAllVolumes(202)) - Scheduled health check for volume org.apache.hadoop.ozone.container.common.volume.HddsVolume@6c3659be
2019-09-10 18:09:50,940 [main] INFO  impl.RaftServerProxy (ConfUtils.java:logGet(43)) - raft.rpc.type = GRPC (default)
2019-09-10 18:09:50,941 [main] INFO  grpc.GrpcFactory (GrpcFactory.java:checkPooledByteBufAllocatorUseCacheForAllThreads(45)) - PERFORMANCE WARNING: useCacheForAllThreads is true that may cause Netty to create a lot garbage objects and, as a result, trigger GC.
	It is recommended to disable useCacheForAllThreads by setting -Dorg.apache.ratis.thirdparty.io.netty.allocator.useCacheForAllThreads=false in command line.
2019-09-10 18:09:50,941 [main] INFO  grpc.GrpcConfigKeys$Server (ConfUtils.java:logGet(43)) - raft.grpc.server.port = 0 (default)
2019-09-10 18:09:50,941 [main] INFO  server.GrpcService (ConfUtils.java:logGet(43)) - raft.grpc.message.size.max = 33570816 (custom)
2019-09-10 18:09:50,941 [main] INFO  server.RaftServerConfigKeys (ConfUtils.java:logGet(43)) - raft.server.log.appender.buffer.byte-limit = 33554432 (custom)
2019-09-10 18:09:50,942 [main] INFO  server.GrpcService (ConfUtils.java:logGet(43)) - raft.grpc.flow.control.window = 1MB (=1048576) (default)
2019-09-10 18:09:50,942 [main] INFO  server.RaftServerConfigKeys (ConfUtils.java:logGet(43)) - raft.server.rpc.request.timeout = 3000ms (default)
2019-09-10 18:09:50,943 [main] INFO  server.RaftServerConfigKeys (ConfUtils.java:logGet(43)) - raft.server.storage.dir = [/workdir/hadoop-ozone/integration-test/target/test-dir/MiniOzoneClusterImpl-a4bba3eb-5ae6-43ba-8544-0cc5de04918c/datanode-2/data/ratis] (custom)
2019-09-10 18:09:50,946 [main] INFO  hdfs.DFSUtil (DFSUtil.java:httpServerTemplateForNNAndJN(1641)) - Starting Web-server for hddsDatanode at: http://0.0.0.0:0
2019-09-10 18:09:50,948 [main] INFO  server.AuthenticationFilter (AuthenticationFilter.java:constructSecretProvider(240)) - Unable to initialize FileSignerSecretProvider, falling back to use random secrets.
2019-09-10 18:09:50,949 [main] WARN  http.HttpRequestLog (HttpRequestLog.java:getRequestLog(97)) - Jetty request log can only be enabled using Log4j
2019-09-10 18:09:50,950 [main] INFO  http.HttpServer2 (HttpServer2.java:addGlobalFilter(975)) - Added global filter 'safety' (class=org.apache.hadoop.http.HttpServer2$QuotingInputFilter)
2019-09-10 18:09:50,951 [Datanode State Machine Thread - 0] INFO  datanode.InitDatanodeState (InitDatanodeState.java:persistContainerDatanodeDetails(140)) - DatanodeDetails is persisted to /workdir/hadoop-ozone/integration-test/target/test-dir/MiniOzoneClusterImpl-a4bba3eb-5ae6-43ba-8544-0cc5de04918c/datanode-0/meta/datanode.id
2019-09-10 18:09:50,951 [main] INFO  http.HttpServer2 (HttpServer2.java:addFilter(948)) - Added filter static_user_filter (class=org.apache.hadoop.http.lib.StaticUserWebFilter$StaticUserFilter) to context hddsDatanode
2019-09-10 18:09:50,951 [main] INFO  http.HttpServer2 (HttpServer2.java:addFilter(958)) - Added filter static_user_filter (class=org.apache.hadoop.http.lib.StaticUserWebFilter$StaticUserFilter) to context static
2019-09-10 18:09:50,952 [main] INFO  http.HttpServer2 (HttpServer2.java:addFilter(958)) - Added filter static_user_filter (class=org.apache.hadoop.http.lib.StaticUserWebFilter$StaticUserFilter) to context logs
2019-09-10 18:09:50,954 [main] INFO  http.HttpServer2 (HttpServer2.java:bindListener(1191)) - Jetty bound to port 33410
2019-09-10 18:09:50,954 [main] INFO  server.Server (Server.java:doStart(351)) - jetty-9.3.24.v20180605, build timestamp: 2018-06-05T17:11:56Z, git hash: 84205aa28f11a4f31f2a3b86d1bba2cc8ab69827
2019-09-10 18:09:50,955 [Datanode State Machine Thread - 0] INFO  datanode.InitDatanodeState (InitDatanodeState.java:persistContainerDatanodeDetails(140)) - DatanodeDetails is persisted to /workdir/hadoop-ozone/integration-test/target/test-dir/MiniOzoneClusterImpl-a4bba3eb-5ae6-43ba-8544-0cc5de04918c/datanode-1/meta/datanode.id
2019-09-10 18:09:50,957 [main] INFO  handler.ContextHandler (ContextHandler.java:doStart(781)) - Started o.e.j.s.ServletContextHandler@712cfb63{/logs,file:///workdir/hadoop-ozone/integration-test/target/log,AVAILABLE}
2019-09-10 18:09:50,958 [main] INFO  handler.ContextHandler (ContextHandler.java:doStart(781)) - Started o.e.j.s.ServletContextHandler@15639440{/static,jar:file:/home/user/.m2/repository/org/apache/hadoop/hadoop-hdds-container-service/0.5.0-SNAPSHOT/hadoop-hdds-container-service-0.5.0-SNAPSHOT.jar!/webapps/static,AVAILABLE}
2019-09-10 18:09:50,987 [main] INFO  handler.ContextHandler (ContextHandler.java:doStart(781)) - Started o.e.j.w.WebAppContext@5a6fa56e{/,file:///tmp/jetty-0.0.0.0-33410-hddsDatanode-_-any-7747576011284918149.dir/webapp/,AVAILABLE}{/hddsDatanode}
2019-09-10 18:09:50,988 [main] INFO  server.AbstractConnector (AbstractConnector.java:doStart(278)) - Started ServerConnector@1981d861{HTTP/1.1,[http/1.1]}{0.0.0.0:33410}
2019-09-10 18:09:50,988 [main] INFO  server.Server (Server.java:doStart(419)) - Started @6990ms
2019-09-10 18:09:50,989 [main] WARN  impl.MetricsSystemImpl (MetricsSystemImpl.java:register(276)) - Sink prometheus already exists!
2019-09-10 18:09:50,990 [main] INFO  server.BaseHttpServer (BaseHttpServer.java:updateConnectorAddress(215)) - HTTP server of HDDSDATANODE is listening at http://0.0.0.0:33410
2019-09-10 18:09:50,991 [main] INFO  impl.MetricsSystemImpl (MetricsSystemImpl.java:init(158)) - HddsDatanode metrics system started (again)
2019-09-10 18:09:50,994 [org.apache.hadoop.util.JvmPauseMonitor$Monitor@5b0828b1] INFO  util.JvmPauseMonitor (JvmPauseMonitor.java:run(188)) - Starting JVM pause monitor
2019-09-10 18:09:50,996 [main] INFO  ozone.HddsDatanodeService (HddsDatanodeService.java:start(184)) - HddsDatanodeService host:pr-hdds-1982-decom-states-gjzbw-1854142291 ip:192.168.36.113
2019-09-10 18:09:50,998 [Datanode State Machine Thread - 0] INFO  datanode.InitDatanodeState (InitDatanodeState.java:persistContainerDatanodeDetails(140)) - DatanodeDetails is persisted to /workdir/hadoop-ozone/integration-test/target/test-dir/MiniOzoneClusterImpl-a4bba3eb-5ae6-43ba-8544-0cc5de04918c/datanode-2/meta/datanode.id
2019-09-10 18:09:51,005 [main] INFO  volume.HddsVolume (HddsVolume.java:<init>(176)) - Creating Volume: /workdir/hadoop-ozone/integration-test/target/test-dir/MiniOzoneClusterImpl-a4bba3eb-5ae6-43ba-8544-0cc5de04918c/datanode-3/data/containers/hdds of  storage type : DISK and capacity : 1482555576320
2019-09-10 18:09:51,006 [main] INFO  volume.VolumeSet (VolumeSet.java:initializeVolumeSet(170)) - Added Volume : /workdir/hadoop-ozone/integration-test/target/test-dir/MiniOzoneClusterImpl-a4bba3eb-5ae6-43ba-8544-0cc5de04918c/datanode-3/data/containers/hdds to VolumeSet
2019-09-10 18:09:51,006 [main] INFO  volume.ThrottledAsyncChecker (ThrottledAsyncChecker.java:schedule(139)) - Scheduling a check for org.apache.hadoop.ozone.container.common.volume.HddsVolume@7724704f
2019-09-10 18:09:51,008 [main] INFO  volume.HddsVolumeChecker (HddsVolumeChecker.java:checkAllVolumes(202)) - Scheduled health check for volume org.apache.hadoop.ozone.container.common.volume.HddsVolume@7724704f
2019-09-10 18:09:51,026 [main] INFO  impl.RaftServerProxy (ConfUtils.java:logGet(43)) - raft.rpc.type = GRPC (default)
2019-09-10 18:09:51,027 [main] INFO  grpc.GrpcFactory (GrpcFactory.java:checkPooledByteBufAllocatorUseCacheForAllThreads(45)) - PERFORMANCE WARNING: useCacheForAllThreads is true that may cause Netty to create a lot garbage objects and, as a result, trigger GC.
	It is recommended to disable useCacheForAllThreads by setting -Dorg.apache.ratis.thirdparty.io.netty.allocator.useCacheForAllThreads=false in command line.
2019-09-10 18:09:51,027 [main] INFO  grpc.GrpcConfigKeys$Server (ConfUtils.java:logGet(43)) - raft.grpc.server.port = 0 (default)
2019-09-10 18:09:51,027 [main] INFO  server.GrpcService (ConfUtils.java:logGet(43)) - raft.grpc.message.size.max = 33570816 (custom)
2019-09-10 18:09:51,028 [main] INFO  server.RaftServerConfigKeys (ConfUtils.java:logGet(43)) - raft.server.log.appender.buffer.byte-limit = 33554432 (custom)
2019-09-10 18:09:51,028 [main] INFO  server.GrpcService (ConfUtils.java:logGet(43)) - raft.grpc.flow.control.window = 1MB (=1048576) (default)
2019-09-10 18:09:51,029 [main] INFO  server.RaftServerConfigKeys (ConfUtils.java:logGet(43)) - raft.server.rpc.request.timeout = 3000ms (default)
2019-09-10 18:09:51,029 [main] INFO  server.RaftServerConfigKeys (ConfUtils.java:logGet(43)) - raft.server.storage.dir = [/workdir/hadoop-ozone/integration-test/target/test-dir/MiniOzoneClusterImpl-a4bba3eb-5ae6-43ba-8544-0cc5de04918c/datanode-3/data/ratis] (custom)
2019-09-10 18:09:51,031 [main] INFO  hdfs.DFSUtil (DFSUtil.java:httpServerTemplateForNNAndJN(1641)) - Starting Web-server for hddsDatanode at: http://0.0.0.0:0
2019-09-10 18:09:51,034 [main] INFO  server.AuthenticationFilter (AuthenticationFilter.java:constructSecretProvider(240)) - Unable to initialize FileSignerSecretProvider, falling back to use random secrets.
2019-09-10 18:09:51,035 [main] WARN  http.HttpRequestLog (HttpRequestLog.java:getRequestLog(97)) - Jetty request log can only be enabled using Log4j
2019-09-10 18:09:51,037 [main] INFO  http.HttpServer2 (HttpServer2.java:addGlobalFilter(975)) - Added global filter 'safety' (class=org.apache.hadoop.http.HttpServer2$QuotingInputFilter)
2019-09-10 18:09:51,038 [main] INFO  http.HttpServer2 (HttpServer2.java:addFilter(948)) - Added filter static_user_filter (class=org.apache.hadoop.http.lib.StaticUserWebFilter$StaticUserFilter) to context hddsDatanode
2019-09-10 18:09:51,038 [main] INFO  http.HttpServer2 (HttpServer2.java:addFilter(958)) - Added filter static_user_filter (class=org.apache.hadoop.http.lib.StaticUserWebFilter$StaticUserFilter) to context logs
2019-09-10 18:09:51,039 [main] INFO  http.HttpServer2 (HttpServer2.java:addFilter(958)) - Added filter static_user_filter (class=org.apache.hadoop.http.lib.StaticUserWebFilter$StaticUserFilter) to context static
2019-09-10 18:09:51,040 [main] INFO  http.HttpServer2 (HttpServer2.java:bindListener(1191)) - Jetty bound to port 41008
2019-09-10 18:09:51,040 [main] INFO  server.Server (Server.java:doStart(351)) - jetty-9.3.24.v20180605, build timestamp: 2018-06-05T17:11:56Z, git hash: 84205aa28f11a4f31f2a3b86d1bba2cc8ab69827
2019-09-10 18:09:51,048 [main] INFO  handler.ContextHandler (ContextHandler.java:doStart(781)) - Started o.e.j.s.ServletContextHandler@4c1bdcc2{/logs,file:///workdir/hadoop-ozone/integration-test/target/log,AVAILABLE}
2019-09-10 18:09:51,048 [main] INFO  handler.ContextHandler (ContextHandler.java:doStart(781)) - Started o.e.j.s.ServletContextHandler@4b97c4ad{/static,jar:file:/home/user/.m2/repository/org/apache/hadoop/hadoop-hdds-container-service/0.5.0-SNAPSHOT/hadoop-hdds-container-service-0.5.0-SNAPSHOT.jar!/webapps/static,AVAILABLE}
2019-09-10 18:09:51,093 [main] INFO  handler.ContextHandler (ContextHandler.java:doStart(781)) - Started o.e.j.w.WebAppContext@7fb29ca9{/,file:///tmp/jetty-0.0.0.0-41008-hddsDatanode-_-any-5771667534072129859.dir/webapp/,AVAILABLE}{/hddsDatanode}
2019-09-10 18:09:51,094 [main] INFO  server.AbstractConnector (AbstractConnector.java:doStart(278)) - Started ServerConnector@1e253c9d{HTTP/1.1,[http/1.1]}{0.0.0.0:41008}
2019-09-10 18:09:51,095 [main] INFO  server.Server (Server.java:doStart(419)) - Started @7097ms
2019-09-10 18:09:51,095 [main] WARN  impl.MetricsSystemImpl (MetricsSystemImpl.java:register(276)) - Sink prometheus already exists!
2019-09-10 18:09:51,096 [main] INFO  server.BaseHttpServer (BaseHttpServer.java:updateConnectorAddress(215)) - HTTP server of HDDSDATANODE is listening at http://0.0.0.0:41008
2019-09-10 18:09:51,096 [main] INFO  impl.MetricsSystemImpl (MetricsSystemImpl.java:init(158)) - HddsDatanode metrics system started (again)
2019-09-10 18:09:51,099 [org.apache.hadoop.util.JvmPauseMonitor$Monitor@504a1cbb] INFO  util.JvmPauseMonitor (JvmPauseMonitor.java:run(188)) - Starting JVM pause monitor
2019-09-10 18:09:51,100 [main] INFO  ozone.HddsDatanodeService (HddsDatanodeService.java:start(184)) - HddsDatanodeService host:pr-hdds-1982-decom-states-gjzbw-1854142291 ip:192.168.36.113
2019-09-10 18:09:51,103 [Datanode State Machine Thread - 0] INFO  datanode.InitDatanodeState (InitDatanodeState.java:persistContainerDatanodeDetails(140)) - DatanodeDetails is persisted to /workdir/hadoop-ozone/integration-test/target/test-dir/MiniOzoneClusterImpl-a4bba3eb-5ae6-43ba-8544-0cc5de04918c/datanode-3/meta/datanode.id
2019-09-10 18:09:51,107 [main] INFO  volume.HddsVolume (HddsVolume.java:<init>(176)) - Creating Volume: /workdir/hadoop-ozone/integration-test/target/test-dir/MiniOzoneClusterImpl-a4bba3eb-5ae6-43ba-8544-0cc5de04918c/datanode-4/data/containers/hdds of  storage type : DISK and capacity : 1482555576320
2019-09-10 18:09:51,108 [main] INFO  volume.VolumeSet (VolumeSet.java:initializeVolumeSet(170)) - Added Volume : /workdir/hadoop-ozone/integration-test/target/test-dir/MiniOzoneClusterImpl-a4bba3eb-5ae6-43ba-8544-0cc5de04918c/datanode-4/data/containers/hdds to VolumeSet
2019-09-10 18:09:51,108 [main] INFO  volume.ThrottledAsyncChecker (ThrottledAsyncChecker.java:schedule(139)) - Scheduling a check for org.apache.hadoop.ozone.container.common.volume.HddsVolume@3a082ff4
2019-09-10 18:09:51,109 [main] INFO  volume.HddsVolumeChecker (HddsVolumeChecker.java:checkAllVolumes(202)) - Scheduled health check for volume org.apache.hadoop.ozone.container.common.volume.HddsVolume@3a082ff4
2019-09-10 18:09:51,124 [main] INFO  impl.RaftServerProxy (ConfUtils.java:logGet(43)) - raft.rpc.type = GRPC (default)
2019-09-10 18:09:51,125 [main] INFO  grpc.GrpcFactory (GrpcFactory.java:checkPooledByteBufAllocatorUseCacheForAllThreads(45)) - PERFORMANCE WARNING: useCacheForAllThreads is true that may cause Netty to create a lot garbage objects and, as a result, trigger GC.
	It is recommended to disable useCacheForAllThreads by setting -Dorg.apache.ratis.thirdparty.io.netty.allocator.useCacheForAllThreads=false in command line.
2019-09-10 18:09:51,125 [main] INFO  grpc.GrpcConfigKeys$Server (ConfUtils.java:logGet(43)) - raft.grpc.server.port = 0 (default)
2019-09-10 18:09:51,125 [main] INFO  server.GrpcService (ConfUtils.java:logGet(43)) - raft.grpc.message.size.max = 33570816 (custom)
2019-09-10 18:09:51,126 [main] INFO  server.RaftServerConfigKeys (ConfUtils.java:logGet(43)) - raft.server.log.appender.buffer.byte-limit = 33554432 (custom)
2019-09-10 18:09:51,126 [main] INFO  server.GrpcService (ConfUtils.java:logGet(43)) - raft.grpc.flow.control.window = 1MB (=1048576) (default)
2019-09-10 18:09:51,126 [main] INFO  server.RaftServerConfigKeys (ConfUtils.java:logGet(43)) - raft.server.rpc.request.timeout = 3000ms (default)
2019-09-10 18:09:51,127 [main] INFO  server.RaftServerConfigKeys (ConfUtils.java:logGet(43)) - raft.server.storage.dir = [/workdir/hadoop-ozone/integration-test/target/test-dir/MiniOzoneClusterImpl-a4bba3eb-5ae6-43ba-8544-0cc5de04918c/datanode-4/data/ratis] (custom)
2019-09-10 18:09:51,129 [main] INFO  hdfs.DFSUtil (DFSUtil.java:httpServerTemplateForNNAndJN(1641)) - Starting Web-server for hddsDatanode at: http://0.0.0.0:0
2019-09-10 18:09:51,130 [main] INFO  server.AuthenticationFilter (AuthenticationFilter.java:constructSecretProvider(240)) - Unable to initialize FileSignerSecretProvider, falling back to use random secrets.
2019-09-10 18:09:51,131 [main] WARN  http.HttpRequestLog (HttpRequestLog.java:getRequestLog(97)) - Jetty request log can only be enabled using Log4j
2019-09-10 18:09:51,132 [main] INFO  http.HttpServer2 (HttpServer2.java:addGlobalFilter(975)) - Added global filter 'safety' (class=org.apache.hadoop.http.HttpServer2$QuotingInputFilter)
2019-09-10 18:09:51,133 [main] INFO  http.HttpServer2 (HttpServer2.java:addFilter(948)) - Added filter static_user_filter (class=org.apache.hadoop.http.lib.StaticUserWebFilter$StaticUserFilter) to context hddsDatanode
2019-09-10 18:09:51,133 [main] INFO  http.HttpServer2 (HttpServer2.java:addFilter(958)) - Added filter static_user_filter (class=org.apache.hadoop.http.lib.StaticUserWebFilter$StaticUserFilter) to context static
2019-09-10 18:09:51,134 [main] INFO  http.HttpServer2 (HttpServer2.java:addFilter(958)) - Added filter static_user_filter (class=org.apache.hadoop.http.lib.StaticUserWebFilter$StaticUserFilter) to context logs
2019-09-10 18:09:51,135 [main] INFO  http.HttpServer2 (HttpServer2.java:bindListener(1191)) - Jetty bound to port 39351
2019-09-10 18:09:51,135 [main] INFO  server.Server (Server.java:doStart(351)) - jetty-9.3.24.v20180605, build timestamp: 2018-06-05T17:11:56Z, git hash: 84205aa28f11a4f31f2a3b86d1bba2cc8ab69827
2019-09-10 18:09:51,137 [main] INFO  handler.ContextHandler (ContextHandler.java:doStart(781)) - Started o.e.j.s.ServletContextHandler@17fa1336{/logs,file:///workdir/hadoop-ozone/integration-test/target/log,AVAILABLE}
2019-09-10 18:09:51,138 [main] INFO  handler.ContextHandler (ContextHandler.java:doStart(781)) - Started o.e.j.s.ServletContextHandler@68b9834c{/static,jar:file:/home/user/.m2/repository/org/apache/hadoop/hadoop-hdds-container-service/0.5.0-SNAPSHOT/hadoop-hdds-container-service-0.5.0-SNAPSHOT.jar!/webapps/static,AVAILABLE}
2019-09-10 18:09:51,167 [main] INFO  handler.ContextHandler (ContextHandler.java:doStart(781)) - Started o.e.j.w.WebAppContext@5ea4300e{/,file:///tmp/jetty-0.0.0.0-39351-hddsDatanode-_-any-8580736487044654266.dir/webapp/,AVAILABLE}{/hddsDatanode}
2019-09-10 18:09:51,168 [main] INFO  server.AbstractConnector (AbstractConnector.java:doStart(278)) - Started ServerConnector@5a1c3cb4{HTTP/1.1,[http/1.1]}{0.0.0.0:39351}
2019-09-10 18:09:51,168 [main] INFO  server.Server (Server.java:doStart(419)) - Started @7170ms
2019-09-10 18:09:51,169 [main] WARN  impl.MetricsSystemImpl (MetricsSystemImpl.java:register(276)) - Sink prometheus already exists!
2019-09-10 18:09:51,169 [main] INFO  server.BaseHttpServer (BaseHttpServer.java:updateConnectorAddress(215)) - HTTP server of HDDSDATANODE is listening at http://0.0.0.0:39351
2019-09-10 18:09:51,170 [main] INFO  impl.MetricsSystemImpl (MetricsSystemImpl.java:init(158)) - HddsDatanode metrics system started (again)
2019-09-10 18:09:51,173 [org.apache.hadoop.util.JvmPauseMonitor$Monitor@7d826604] INFO  util.JvmPauseMonitor (JvmPauseMonitor.java:run(188)) - Starting JVM pause monitor
2019-09-10 18:09:51,174 [main] INFO  ozone.HddsDatanodeService (HddsDatanodeService.java:start(184)) - HddsDatanodeService host:pr-hdds-1982-decom-states-gjzbw-1854142291 ip:192.168.36.113
2019-09-10 18:09:51,175 [Datanode State Machine Thread - 0] INFO  datanode.InitDatanodeState (InitDatanodeState.java:persistContainerDatanodeDetails(140)) - DatanodeDetails is persisted to /workdir/hadoop-ozone/integration-test/target/test-dir/MiniOzoneClusterImpl-a4bba3eb-5ae6-43ba-8544-0cc5de04918c/datanode-4/meta/datanode.id
2019-09-10 18:09:51,181 [main] INFO  volume.HddsVolume (HddsVolume.java:<init>(176)) - Creating Volume: /workdir/hadoop-ozone/integration-test/target/test-dir/MiniOzoneClusterImpl-a4bba3eb-5ae6-43ba-8544-0cc5de04918c/datanode-5/data/containers/hdds of  storage type : DISK and capacity : 1482555576320
2019-09-10 18:09:51,182 [main] INFO  volume.VolumeSet (VolumeSet.java:initializeVolumeSet(170)) - Added Volume : /workdir/hadoop-ozone/integration-test/target/test-dir/MiniOzoneClusterImpl-a4bba3eb-5ae6-43ba-8544-0cc5de04918c/datanode-5/data/containers/hdds to VolumeSet
2019-09-10 18:09:51,182 [main] INFO  volume.ThrottledAsyncChecker (ThrottledAsyncChecker.java:schedule(139)) - Scheduling a check for org.apache.hadoop.ozone.container.common.volume.HddsVolume@5f481b73
2019-09-10 18:09:51,182 [main] INFO  volume.HddsVolumeChecker (HddsVolumeChecker.java:checkAllVolumes(202)) - Scheduled health check for volume org.apache.hadoop.ozone.container.common.volume.HddsVolume@5f481b73
2019-09-10 18:09:51,200 [main] INFO  impl.RaftServerProxy (ConfUtils.java:logGet(43)) - raft.rpc.type = GRPC (default)
2019-09-10 18:09:51,201 [main] INFO  grpc.GrpcFactory (GrpcFactory.java:checkPooledByteBufAllocatorUseCacheForAllThreads(45)) - PERFORMANCE WARNING: useCacheForAllThreads is true that may cause Netty to create a lot garbage objects and, as a result, trigger GC.
	It is recommended to disable useCacheForAllThreads by setting -Dorg.apache.ratis.thirdparty.io.netty.allocator.useCacheForAllThreads=false in command line.
2019-09-10 18:09:51,201 [main] INFO  grpc.GrpcConfigKeys$Server (ConfUtils.java:logGet(43)) - raft.grpc.server.port = 0 (default)
2019-09-10 18:09:51,201 [main] INFO  server.GrpcService (ConfUtils.java:logGet(43)) - raft.grpc.message.size.max = 33570816 (custom)
2019-09-10 18:09:51,201 [main] INFO  server.RaftServerConfigKeys (ConfUtils.java:logGet(43)) - raft.server.log.appender.buffer.byte-limit = 33554432 (custom)
2019-09-10 18:09:51,202 [main] INFO  server.GrpcService (ConfUtils.java:logGet(43)) - raft.grpc.flow.control.window = 1MB (=1048576) (default)
2019-09-10 18:09:51,202 [main] INFO  server.RaftServerConfigKeys (ConfUtils.java:logGet(43)) - raft.server.rpc.request.timeout = 3000ms (default)
2019-09-10 18:09:51,202 [main] INFO  server.RaftServerConfigKeys (ConfUtils.java:logGet(43)) - raft.server.storage.dir = [/workdir/hadoop-ozone/integration-test/target/test-dir/MiniOzoneClusterImpl-a4bba3eb-5ae6-43ba-8544-0cc5de04918c/datanode-5/data/ratis] (custom)
2019-09-10 18:09:51,204 [main] INFO  hdfs.DFSUtil (DFSUtil.java:httpServerTemplateForNNAndJN(1641)) - Starting Web-server for hddsDatanode at: http://0.0.0.0:0
2019-09-10 18:09:51,205 [main] INFO  server.AuthenticationFilter (AuthenticationFilter.java:constructSecretProvider(240)) - Unable to initialize FileSignerSecretProvider, falling back to use random secrets.
2019-09-10 18:09:51,206 [main] WARN  http.HttpRequestLog (HttpRequestLog.java:getRequestLog(97)) - Jetty request log can only be enabled using Log4j
2019-09-10 18:09:51,208 [main] INFO  http.HttpServer2 (HttpServer2.java:addGlobalFilter(975)) - Added global filter 'safety' (class=org.apache.hadoop.http.HttpServer2$QuotingInputFilter)
2019-09-10 18:09:51,208 [main] INFO  http.HttpServer2 (HttpServer2.java:addFilter(948)) - Added filter static_user_filter (class=org.apache.hadoop.http.lib.StaticUserWebFilter$StaticUserFilter) to context hddsDatanode
2019-09-10 18:09:51,209 [main] INFO  http.HttpServer2 (HttpServer2.java:addFilter(958)) - Added filter static_user_filter (class=org.apache.hadoop.http.lib.StaticUserWebFilter$StaticUserFilter) to context static
2019-09-10 18:09:51,209 [main] INFO  http.HttpServer2 (HttpServer2.java:addFilter(958)) - Added filter static_user_filter (class=org.apache.hadoop.http.lib.StaticUserWebFilter$StaticUserFilter) to context logs
2019-09-10 18:09:51,209 [main] INFO  http.HttpServer2 (HttpServer2.java:bindListener(1191)) - Jetty bound to port 39102
2019-09-10 18:09:51,210 [main] INFO  server.Server (Server.java:doStart(351)) - jetty-9.3.24.v20180605, build timestamp: 2018-06-05T17:11:56Z, git hash: 84205aa28f11a4f31f2a3b86d1bba2cc8ab69827
2019-09-10 18:09:51,211 [main] INFO  handler.ContextHandler (ContextHandler.java:doStart(781)) - Started o.e.j.s.ServletContextHandler@3c3c4a71{/logs,file:///workdir/hadoop-ozone/integration-test/target/log,AVAILABLE}
2019-09-10 18:09:51,212 [main] INFO  handler.ContextHandler (ContextHandler.java:doStart(781)) - Started o.e.j.s.ServletContextHandler@4f9a6c2d{/static,jar:file:/home/user/.m2/repository/org/apache/hadoop/hadoop-hdds-container-service/0.5.0-SNAPSHOT/hadoop-hdds-container-service-0.5.0-SNAPSHOT.jar!/webapps/static,AVAILABLE}
2019-09-10 18:09:51,242 [main] INFO  handler.ContextHandler (ContextHandler.java:doStart(781)) - Started o.e.j.w.WebAppContext@54e02f6a{/,file:///tmp/jetty-0.0.0.0-39102-hddsDatanode-_-any-2964212628900329185.dir/webapp/,AVAILABLE}{/hddsDatanode}
2019-09-10 18:09:51,242 [main] INFO  server.AbstractConnector (AbstractConnector.java:doStart(278)) - Started ServerConnector@17f3eefb{HTTP/1.1,[http/1.1]}{0.0.0.0:39102}
2019-09-10 18:09:51,244 [main] INFO  server.Server (Server.java:doStart(419)) - Started @7246ms
2019-09-10 18:09:51,244 [main] WARN  impl.MetricsSystemImpl (MetricsSystemImpl.java:register(276)) - Sink prometheus already exists!
2019-09-10 18:09:51,245 [main] INFO  server.BaseHttpServer (BaseHttpServer.java:updateConnectorAddress(215)) - HTTP server of HDDSDATANODE is listening at http://0.0.0.0:39102
2019-09-10 18:09:51,245 [main] INFO  impl.MetricsSystemImpl (MetricsSystemImpl.java:init(158)) - HddsDatanode metrics system started (again)
2019-09-10 18:09:51,249 [main] INFO  ozone.HddsDatanodeService (HddsDatanodeService.java:start(184)) - HddsDatanodeService host:pr-hdds-1982-decom-states-gjzbw-1854142291 ip:192.168.36.113
2019-09-10 18:09:51,249 [org.apache.hadoop.util.JvmPauseMonitor$Monitor@3bf6e85] INFO  util.JvmPauseMonitor (JvmPauseMonitor.java:run(188)) - Starting JVM pause monitor
2019-09-10 18:09:51,253 [Datanode State Machine Thread - 0] INFO  datanode.InitDatanodeState (InitDatanodeState.java:persistContainerDatanodeDetails(140)) - DatanodeDetails is persisted to /workdir/hadoop-ozone/integration-test/target/test-dir/MiniOzoneClusterImpl-a4bba3eb-5ae6-43ba-8544-0cc5de04918c/datanode-5/meta/datanode.id
2019-09-10 18:09:51,257 [main] INFO  volume.HddsVolume (HddsVolume.java:<init>(176)) - Creating Volume: /workdir/hadoop-ozone/integration-test/target/test-dir/MiniOzoneClusterImpl-a4bba3eb-5ae6-43ba-8544-0cc5de04918c/datanode-6/data/containers/hdds of  storage type : DISK and capacity : 1482555576320
2019-09-10 18:09:51,258 [main] INFO  volume.VolumeSet (VolumeSet.java:initializeVolumeSet(170)) - Added Volume : /workdir/hadoop-ozone/integration-test/target/test-dir/MiniOzoneClusterImpl-a4bba3eb-5ae6-43ba-8544-0cc5de04918c/datanode-6/data/containers/hdds to VolumeSet
2019-09-10 18:09:51,258 [main] INFO  volume.ThrottledAsyncChecker (ThrottledAsyncChecker.java:schedule(139)) - Scheduling a check for org.apache.hadoop.ozone.container.common.volume.HddsVolume@524270b8
2019-09-10 18:09:51,259 [main] INFO  volume.HddsVolumeChecker (HddsVolumeChecker.java:checkAllVolumes(202)) - Scheduled health check for volume org.apache.hadoop.ozone.container.common.volume.HddsVolume@524270b8
2019-09-10 18:09:51,274 [main] INFO  impl.RaftServerProxy (ConfUtils.java:logGet(43)) - raft.rpc.type = GRPC (default)
2019-09-10 18:09:51,274 [main] INFO  grpc.GrpcFactory (GrpcFactory.java:checkPooledByteBufAllocatorUseCacheForAllThreads(45)) - PERFORMANCE WARNING: useCacheForAllThreads is true that may cause Netty to create a lot garbage objects and, as a result, trigger GC.
	It is recommended to disable useCacheForAllThreads by setting -Dorg.apache.ratis.thirdparty.io.netty.allocator.useCacheForAllThreads=false in command line.
2019-09-10 18:09:51,274 [main] INFO  grpc.GrpcConfigKeys$Server (ConfUtils.java:logGet(43)) - raft.grpc.server.port = 0 (default)
2019-09-10 18:09:51,275 [main] INFO  server.GrpcService (ConfUtils.java:logGet(43)) - raft.grpc.message.size.max = 33570816 (custom)
2019-09-10 18:09:51,275 [main] INFO  server.RaftServerConfigKeys (ConfUtils.java:logGet(43)) - raft.server.log.appender.buffer.byte-limit = 33554432 (custom)
2019-09-10 18:09:51,275 [main] INFO  server.GrpcService (ConfUtils.java:logGet(43)) - raft.grpc.flow.control.window = 1MB (=1048576) (default)
2019-09-10 18:09:51,275 [main] INFO  server.RaftServerConfigKeys (ConfUtils.java:logGet(43)) - raft.server.rpc.request.timeout = 3000ms (default)
2019-09-10 18:09:51,276 [main] INFO  server.RaftServerConfigKeys (ConfUtils.java:logGet(43)) - raft.server.storage.dir = [/workdir/hadoop-ozone/integration-test/target/test-dir/MiniOzoneClusterImpl-a4bba3eb-5ae6-43ba-8544-0cc5de04918c/datanode-6/data/ratis] (custom)
2019-09-10 18:09:51,278 [main] INFO  hdfs.DFSUtil (DFSUtil.java:httpServerTemplateForNNAndJN(1641)) - Starting Web-server for hddsDatanode at: http://0.0.0.0:0
2019-09-10 18:09:51,279 [main] INFO  server.AuthenticationFilter (AuthenticationFilter.java:constructSecretProvider(240)) - Unable to initialize FileSignerSecretProvider, falling back to use random secrets.
2019-09-10 18:09:51,279 [main] WARN  http.HttpRequestLog (HttpRequestLog.java:getRequestLog(97)) - Jetty request log can only be enabled using Log4j
2019-09-10 18:09:51,281 [main] INFO  http.HttpServer2 (HttpServer2.java:addGlobalFilter(975)) - Added global filter 'safety' (class=org.apache.hadoop.http.HttpServer2$QuotingInputFilter)
2019-09-10 18:09:51,282 [main] INFO  http.HttpServer2 (HttpServer2.java:addFilter(948)) - Added filter static_user_filter (class=org.apache.hadoop.http.lib.StaticUserWebFilter$StaticUserFilter) to context hddsDatanode
2019-09-10 18:09:51,282 [main] INFO  http.HttpServer2 (HttpServer2.java:addFilter(958)) - Added filter static_user_filter (class=org.apache.hadoop.http.lib.StaticUserWebFilter$StaticUserFilter) to context static
2019-09-10 18:09:51,282 [main] INFO  http.HttpServer2 (HttpServer2.java:addFilter(958)) - Added filter static_user_filter (class=org.apache.hadoop.http.lib.StaticUserWebFilter$StaticUserFilter) to context logs
2019-09-10 18:09:51,283 [main] INFO  http.HttpServer2 (HttpServer2.java:bindListener(1191)) - Jetty bound to port 36634
2019-09-10 18:09:51,283 [main] INFO  server.Server (Server.java:doStart(351)) - jetty-9.3.24.v20180605, build timestamp: 2018-06-05T17:11:56Z, git hash: 84205aa28f11a4f31f2a3b86d1bba2cc8ab69827
2019-09-10 18:09:51,285 [main] INFO  handler.ContextHandler (ContextHandler.java:doStart(781)) - Started o.e.j.s.ServletContextHandler@66b59b7d{/logs,file:///workdir/hadoop-ozone/integration-test/target/log,AVAILABLE}
2019-09-10 18:09:51,286 [main] INFO  handler.ContextHandler (ContextHandler.java:doStart(781)) - Started o.e.j.s.ServletContextHandler@4437ac07{/static,jar:file:/home/user/.m2/repository/org/apache/hadoop/hadoop-hdds-container-service/0.5.0-SNAPSHOT/hadoop-hdds-container-service-0.5.0-SNAPSHOT.jar!/webapps/static,AVAILABLE}
2019-09-10 18:09:51,315 [main] INFO  handler.ContextHandler (ContextHandler.java:doStart(781)) - Started o.e.j.w.WebAppContext@648d0e6d{/,file:///tmp/jetty-0.0.0.0-36634-hddsDatanode-_-any-2292905610069143255.dir/webapp/,AVAILABLE}{/hddsDatanode}
2019-09-10 18:09:51,315 [main] INFO  server.AbstractConnector (AbstractConnector.java:doStart(278)) - Started ServerConnector@79e66b2f{HTTP/1.1,[http/1.1]}{0.0.0.0:36634}
2019-09-10 18:09:51,317 [main] INFO  server.Server (Server.java:doStart(419)) - Started @7319ms
2019-09-10 18:09:51,317 [main] WARN  impl.MetricsSystemImpl (MetricsSystemImpl.java:register(276)) - Sink prometheus already exists!
2019-09-10 18:09:51,318 [main] INFO  server.BaseHttpServer (BaseHttpServer.java:updateConnectorAddress(215)) - HTTP server of HDDSDATANODE is listening at http://0.0.0.0:36634
2019-09-10 18:09:51,318 [main] INFO  impl.MetricsSystemImpl (MetricsSystemImpl.java:init(158)) - HddsDatanode metrics system started (again)
2019-09-10 18:09:51,322 [org.apache.hadoop.util.JvmPauseMonitor$Monitor@226d7b39] INFO  util.JvmPauseMonitor (JvmPauseMonitor.java:run(188)) - Starting JVM pause monitor
2019-09-10 18:09:51,323 [main] INFO  ozone.HddsDatanodeService (HddsDatanodeService.java:start(184)) - HddsDatanodeService host:pr-hdds-1982-decom-states-gjzbw-1854142291 ip:192.168.36.113
2019-09-10 18:09:51,326 [Datanode State Machine Thread - 0] INFO  datanode.InitDatanodeState (InitDatanodeState.java:persistContainerDatanodeDetails(140)) - DatanodeDetails is persisted to /workdir/hadoop-ozone/integration-test/target/test-dir/MiniOzoneClusterImpl-a4bba3eb-5ae6-43ba-8544-0cc5de04918c/datanode-6/meta/datanode.id
2019-09-10 18:09:51,331 [main] INFO  volume.HddsVolume (HddsVolume.java:<init>(176)) - Creating Volume: /workdir/hadoop-ozone/integration-test/target/test-dir/MiniOzoneClusterImpl-a4bba3eb-5ae6-43ba-8544-0cc5de04918c/datanode-7/data/containers/hdds of  storage type : DISK and capacity : 1482555576320
2019-09-10 18:09:51,331 [main] INFO  volume.VolumeSet (VolumeSet.java:initializeVolumeSet(170)) - Added Volume : /workdir/hadoop-ozone/integration-test/target/test-dir/MiniOzoneClusterImpl-a4bba3eb-5ae6-43ba-8544-0cc5de04918c/datanode-7/data/containers/hdds to VolumeSet
2019-09-10 18:09:51,331 [main] INFO  volume.ThrottledAsyncChecker (ThrottledAsyncChecker.java:schedule(139)) - Scheduling a check for org.apache.hadoop.ozone.container.common.volume.HddsVolume@3743539f
2019-09-10 18:09:51,332 [main] INFO  volume.HddsVolumeChecker (HddsVolumeChecker.java:checkAllVolumes(202)) - Scheduled health check for volume org.apache.hadoop.ozone.container.common.volume.HddsVolume@3743539f
2019-09-10 18:09:51,346 [main] INFO  impl.RaftServerProxy (ConfUtils.java:logGet(43)) - raft.rpc.type = GRPC (default)
2019-09-10 18:09:51,346 [main] INFO  grpc.GrpcFactory (GrpcFactory.java:checkPooledByteBufAllocatorUseCacheForAllThreads(45)) - PERFORMANCE WARNING: useCacheForAllThreads is true that may cause Netty to create a lot garbage objects and, as a result, trigger GC.
	It is recommended to disable useCacheForAllThreads by setting -Dorg.apache.ratis.thirdparty.io.netty.allocator.useCacheForAllThreads=false in command line.
2019-09-10 18:09:51,346 [main] INFO  grpc.GrpcConfigKeys$Server (ConfUtils.java:logGet(43)) - raft.grpc.server.port = 0 (default)
2019-09-10 18:09:51,346 [main] INFO  server.GrpcService (ConfUtils.java:logGet(43)) - raft.grpc.message.size.max = 33570816 (custom)
2019-09-10 18:09:51,347 [main] INFO  server.RaftServerConfigKeys (ConfUtils.java:logGet(43)) - raft.server.log.appender.buffer.byte-limit = 33554432 (custom)
2019-09-10 18:09:51,347 [main] INFO  server.GrpcService (ConfUtils.java:logGet(43)) - raft.grpc.flow.control.window = 1MB (=1048576) (default)
2019-09-10 18:09:51,347 [main] INFO  server.RaftServerConfigKeys (ConfUtils.java:logGet(43)) - raft.server.rpc.request.timeout = 3000ms (default)
2019-09-10 18:09:51,348 [main] INFO  server.RaftServerConfigKeys (ConfUtils.java:logGet(43)) - raft.server.storage.dir = [/workdir/hadoop-ozone/integration-test/target/test-dir/MiniOzoneClusterImpl-a4bba3eb-5ae6-43ba-8544-0cc5de04918c/datanode-7/data/ratis] (custom)
2019-09-10 18:09:51,349 [main] INFO  hdfs.DFSUtil (DFSUtil.java:httpServerTemplateForNNAndJN(1641)) - Starting Web-server for hddsDatanode at: http://0.0.0.0:0
2019-09-10 18:09:51,350 [main] INFO  server.AuthenticationFilter (AuthenticationFilter.java:constructSecretProvider(240)) - Unable to initialize FileSignerSecretProvider, falling back to use random secrets.
2019-09-10 18:09:51,351 [main] WARN  http.HttpRequestLog (HttpRequestLog.java:getRequestLog(97)) - Jetty request log can only be enabled using Log4j
2019-09-10 18:09:51,352 [main] INFO  http.HttpServer2 (HttpServer2.java:addGlobalFilter(975)) - Added global filter 'safety' (class=org.apache.hadoop.http.HttpServer2$QuotingInputFilter)
2019-09-10 18:09:51,353 [main] INFO  http.HttpServer2 (HttpServer2.java:addFilter(948)) - Added filter static_user_filter (class=org.apache.hadoop.http.lib.StaticUserWebFilter$StaticUserFilter) to context hddsDatanode
2019-09-10 18:09:51,353 [main] INFO  http.HttpServer2 (HttpServer2.java:addFilter(958)) - Added filter static_user_filter (class=org.apache.hadoop.http.lib.StaticUserWebFilter$StaticUserFilter) to context logs
2019-09-10 18:09:51,353 [main] INFO  http.HttpServer2 (HttpServer2.java:addFilter(958)) - Added filter static_user_filter (class=org.apache.hadoop.http.lib.StaticUserWebFilter$StaticUserFilter) to context static
2019-09-10 18:09:51,354 [main] INFO  http.HttpServer2 (HttpServer2.java:bindListener(1191)) - Jetty bound to port 34651
2019-09-10 18:09:51,354 [main] INFO  server.Server (Server.java:doStart(351)) - jetty-9.3.24.v20180605, build timestamp: 2018-06-05T17:11:56Z, git hash: 84205aa28f11a4f31f2a3b86d1bba2cc8ab69827
2019-09-10 18:09:51,356 [main] INFO  handler.ContextHandler (ContextHandler.java:doStart(781)) - Started o.e.j.s.ServletContextHandler@19a64eae{/logs,file:///workdir/hadoop-ozone/integration-test/target/log,AVAILABLE}
2019-09-10 18:09:51,357 [main] INFO  handler.ContextHandler (ContextHandler.java:doStart(781)) - Started o.e.j.s.ServletContextHandler@2da3b078{/static,jar:file:/home/user/.m2/repository/org/apache/hadoop/hadoop-hdds-container-service/0.5.0-SNAPSHOT/hadoop-hdds-container-service-0.5.0-SNAPSHOT.jar!/webapps/static,AVAILABLE}
2019-09-10 18:09:51,385 [main] INFO  handler.ContextHandler (ContextHandler.java:doStart(781)) - Started o.e.j.w.WebAppContext@56cfe111{/,file:///tmp/jetty-0.0.0.0-34651-hddsDatanode-_-any-6604045113653911178.dir/webapp/,AVAILABLE}{/hddsDatanode}
2019-09-10 18:09:51,385 [main] INFO  server.AbstractConnector (AbstractConnector.java:doStart(278)) - Started ServerConnector@7e446d92{HTTP/1.1,[http/1.1]}{0.0.0.0:34651}
2019-09-10 18:09:51,387 [main] INFO  server.Server (Server.java:doStart(419)) - Started @7389ms
2019-09-10 18:09:51,387 [main] WARN  impl.MetricsSystemImpl (MetricsSystemImpl.java:register(276)) - Sink prometheus already exists!
2019-09-10 18:09:51,388 [main] INFO  server.BaseHttpServer (BaseHttpServer.java:updateConnectorAddress(215)) - HTTP server of HDDSDATANODE is listening at http://0.0.0.0:34651
2019-09-10 18:09:51,388 [main] INFO  impl.MetricsSystemImpl (MetricsSystemImpl.java:init(158)) - HddsDatanode metrics system started (again)
2019-09-10 18:09:51,393 [main] INFO  ozone.HddsDatanodeService (HddsDatanodeService.java:start(184)) - HddsDatanodeService host:pr-hdds-1982-decom-states-gjzbw-1854142291 ip:192.168.36.113
2019-09-10 18:09:51,394 [org.apache.hadoop.util.JvmPauseMonitor$Monitor@18d23958] INFO  util.JvmPauseMonitor (JvmPauseMonitor.java:run(188)) - Starting JVM pause monitor
2019-09-10 18:09:51,397 [Datanode State Machine Thread - 0] INFO  datanode.InitDatanodeState (InitDatanodeState.java:persistContainerDatanodeDetails(140)) - DatanodeDetails is persisted to /workdir/hadoop-ozone/integration-test/target/test-dir/MiniOzoneClusterImpl-a4bba3eb-5ae6-43ba-8544-0cc5de04918c/datanode-7/meta/datanode.id
2019-09-10 18:09:51,410 [main] INFO  volume.HddsVolume (HddsVolume.java:<init>(176)) - Creating Volume: /workdir/hadoop-ozone/integration-test/target/test-dir/MiniOzoneClusterImpl-a4bba3eb-5ae6-43ba-8544-0cc5de04918c/datanode-8/data/containers/hdds of  storage type : DISK and capacity : 1482555576320
2019-09-10 18:09:51,410 [main] INFO  volume.VolumeSet (VolumeSet.java:initializeVolumeSet(170)) - Added Volume : /workdir/hadoop-ozone/integration-test/target/test-dir/MiniOzoneClusterImpl-a4bba3eb-5ae6-43ba-8544-0cc5de04918c/datanode-8/data/containers/hdds to VolumeSet
2019-09-10 18:09:51,411 [main] INFO  volume.ThrottledAsyncChecker (ThrottledAsyncChecker.java:schedule(139)) - Scheduling a check for org.apache.hadoop.ozone.container.common.volume.HddsVolume@94e51e8
2019-09-10 18:09:51,411 [main] INFO  volume.HddsVolumeChecker (HddsVolumeChecker.java:checkAllVolumes(202)) - Scheduled health check for volume org.apache.hadoop.ozone.container.common.volume.HddsVolume@94e51e8
2019-09-10 18:09:51,428 [main] INFO  impl.RaftServerProxy (ConfUtils.java:logGet(43)) - raft.rpc.type = GRPC (default)
2019-09-10 18:09:51,428 [main] INFO  grpc.GrpcFactory (GrpcFactory.java:checkPooledByteBufAllocatorUseCacheForAllThreads(45)) - PERFORMANCE WARNING: useCacheForAllThreads is true that may cause Netty to create a lot garbage objects and, as a result, trigger GC.
	It is recommended to disable useCacheForAllThreads by setting -Dorg.apache.ratis.thirdparty.io.netty.allocator.useCacheForAllThreads=false in command line.
2019-09-10 18:09:51,429 [main] INFO  grpc.GrpcConfigKeys$Server (ConfUtils.java:logGet(43)) - raft.grpc.server.port = 0 (default)
2019-09-10 18:09:51,429 [main] INFO  server.GrpcService (ConfUtils.java:logGet(43)) - raft.grpc.message.size.max = 33570816 (custom)
2019-09-10 18:09:51,429 [main] INFO  server.RaftServerConfigKeys (ConfUtils.java:logGet(43)) - raft.server.log.appender.buffer.byte-limit = 33554432 (custom)
2019-09-10 18:09:51,429 [main] INFO  server.GrpcService (ConfUtils.java:logGet(43)) - raft.grpc.flow.control.window = 1MB (=1048576) (default)
2019-09-10 18:09:51,430 [main] INFO  server.RaftServerConfigKeys (ConfUtils.java:logGet(43)) - raft.server.rpc.request.timeout = 3000ms (default)
2019-09-10 18:09:51,430 [main] INFO  server.RaftServerConfigKeys (ConfUtils.java:logGet(43)) - raft.server.storage.dir = [/workdir/hadoop-ozone/integration-test/target/test-dir/MiniOzoneClusterImpl-a4bba3eb-5ae6-43ba-8544-0cc5de04918c/datanode-8/data/ratis] (custom)
2019-09-10 18:09:51,432 [main] INFO  hdfs.DFSUtil (DFSUtil.java:httpServerTemplateForNNAndJN(1641)) - Starting Web-server for hddsDatanode at: http://0.0.0.0:0
2019-09-10 18:09:51,433 [main] INFO  server.AuthenticationFilter (AuthenticationFilter.java:constructSecretProvider(240)) - Unable to initialize FileSignerSecretProvider, falling back to use random secrets.
2019-09-10 18:09:51,434 [main] WARN  http.HttpRequestLog (HttpRequestLog.java:getRequestLog(97)) - Jetty request log can only be enabled using Log4j
2019-09-10 18:09:51,435 [main] INFO  http.HttpServer2 (HttpServer2.java:addGlobalFilter(975)) - Added global filter 'safety' (class=org.apache.hadoop.http.HttpServer2$QuotingInputFilter)
2019-09-10 18:09:51,436 [main] INFO  http.HttpServer2 (HttpServer2.java:addFilter(948)) - Added filter static_user_filter (class=org.apache.hadoop.http.lib.StaticUserWebFilter$StaticUserFilter) to context hddsDatanode
2019-09-10 18:09:51,436 [main] INFO  http.HttpServer2 (HttpServer2.java:addFilter(958)) - Added filter static_user_filter (class=org.apache.hadoop.http.lib.StaticUserWebFilter$StaticUserFilter) to context static
2019-09-10 18:09:51,436 [main] INFO  http.HttpServer2 (HttpServer2.java:addFilter(958)) - Added filter static_user_filter (class=org.apache.hadoop.http.lib.StaticUserWebFilter$StaticUserFilter) to context logs
2019-09-10 18:09:51,437 [main] INFO  http.HttpServer2 (HttpServer2.java:bindListener(1191)) - Jetty bound to port 43690
2019-09-10 18:09:51,437 [main] INFO  server.Server (Server.java:doStart(351)) - jetty-9.3.24.v20180605, build timestamp: 2018-06-05T17:11:56Z, git hash: 84205aa28f11a4f31f2a3b86d1bba2cc8ab69827
2019-09-10 18:09:51,439 [main] INFO  handler.ContextHandler (ContextHandler.java:doStart(781)) - Started o.e.j.s.ServletContextHandler@6fa0450e{/logs,file:///workdir/hadoop-ozone/integration-test/target/log,AVAILABLE}
2019-09-10 18:09:51,440 [main] INFO  handler.ContextHandler (ContextHandler.java:doStart(781)) - Started o.e.j.s.ServletContextHandler@51ec2856{/static,jar:file:/home/user/.m2/repository/org/apache/hadoop/hadoop-hdds-container-service/0.5.0-SNAPSHOT/hadoop-hdds-container-service-0.5.0-SNAPSHOT.jar!/webapps/static,AVAILABLE}
2019-09-10 18:09:51,471 [main] INFO  handler.ContextHandler (ContextHandler.java:doStart(781)) - Started o.e.j.w.WebAppContext@48a0c8aa{/,file:///tmp/jetty-0.0.0.0-43690-hddsDatanode-_-any-4629015244944742325.dir/webapp/,AVAILABLE}{/hddsDatanode}
2019-09-10 18:09:51,471 [main] INFO  server.AbstractConnector (AbstractConnector.java:doStart(278)) - Started ServerConnector@6192a5d5{HTTP/1.1,[http/1.1]}{0.0.0.0:43690}
2019-09-10 18:09:51,473 [main] INFO  server.Server (Server.java:doStart(419)) - Started @7475ms
2019-09-10 18:09:51,473 [main] WARN  impl.MetricsSystemImpl (MetricsSystemImpl.java:register(276)) - Sink prometheus already exists!
2019-09-10 18:09:51,474 [main] INFO  server.BaseHttpServer (BaseHttpServer.java:updateConnectorAddress(215)) - HTTP server of HDDSDATANODE is listening at http://0.0.0.0:43690
2019-09-10 18:09:51,475 [main] INFO  impl.MetricsSystemImpl (MetricsSystemImpl.java:init(158)) - HddsDatanode metrics system started (again)
2019-09-10 18:09:51,477 [org.apache.hadoop.util.JvmPauseMonitor$Monitor@225ef406] INFO  util.JvmPauseMonitor (JvmPauseMonitor.java:run(188)) - Starting JVM pause monitor
2019-09-10 18:09:51,484 [main] INFO  ozone.HddsDatanodeService (HddsDatanodeService.java:start(184)) - HddsDatanodeService host:pr-hdds-1982-decom-states-gjzbw-1854142291 ip:192.168.36.113
2019-09-10 18:09:51,484 [Datanode State Machine Thread - 0] INFO  datanode.InitDatanodeState (InitDatanodeState.java:persistContainerDatanodeDetails(140)) - DatanodeDetails is persisted to /workdir/hadoop-ozone/integration-test/target/test-dir/MiniOzoneClusterImpl-a4bba3eb-5ae6-43ba-8544-0cc5de04918c/datanode-8/meta/datanode.id
2019-09-10 18:09:51,493 [main] INFO  volume.HddsVolume (HddsVolume.java:<init>(176)) - Creating Volume: /workdir/hadoop-ozone/integration-test/target/test-dir/MiniOzoneClusterImpl-a4bba3eb-5ae6-43ba-8544-0cc5de04918c/datanode-9/data/containers/hdds of  storage type : DISK and capacity : 1482555576320
2019-09-10 18:09:51,494 [main] INFO  volume.VolumeSet (VolumeSet.java:initializeVolumeSet(170)) - Added Volume : /workdir/hadoop-ozone/integration-test/target/test-dir/MiniOzoneClusterImpl-a4bba3eb-5ae6-43ba-8544-0cc5de04918c/datanode-9/data/containers/hdds to VolumeSet
2019-09-10 18:09:51,494 [main] INFO  volume.ThrottledAsyncChecker (ThrottledAsyncChecker.java:schedule(139)) - Scheduling a check for org.apache.hadoop.ozone.container.common.volume.HddsVolume@77865933
2019-09-10 18:09:51,495 [main] INFO  volume.HddsVolumeChecker (HddsVolumeChecker.java:checkAllVolumes(202)) - Scheduled health check for volume org.apache.hadoop.ozone.container.common.volume.HddsVolume@77865933
2019-09-10 18:09:51,514 [main] INFO  impl.RaftServerProxy (ConfUtils.java:logGet(43)) - raft.rpc.type = GRPC (default)
2019-09-10 18:09:51,514 [main] INFO  grpc.GrpcFactory (GrpcFactory.java:checkPooledByteBufAllocatorUseCacheForAllThreads(45)) - PERFORMANCE WARNING: useCacheForAllThreads is true that may cause Netty to create a lot garbage objects and, as a result, trigger GC.
	It is recommended to disable useCacheForAllThreads by setting -Dorg.apache.ratis.thirdparty.io.netty.allocator.useCacheForAllThreads=false in command line.
2019-09-10 18:09:51,514 [main] INFO  grpc.GrpcConfigKeys$Server (ConfUtils.java:logGet(43)) - raft.grpc.server.port = 0 (default)
2019-09-10 18:09:51,514 [main] INFO  server.GrpcService (ConfUtils.java:logGet(43)) - raft.grpc.message.size.max = 33570816 (custom)
2019-09-10 18:09:51,515 [main] INFO  server.RaftServerConfigKeys (ConfUtils.java:logGet(43)) - raft.server.log.appender.buffer.byte-limit = 33554432 (custom)
2019-09-10 18:09:51,515 [main] INFO  server.GrpcService (ConfUtils.java:logGet(43)) - raft.grpc.flow.control.window = 1MB (=1048576) (default)
2019-09-10 18:09:51,515 [main] INFO  server.RaftServerConfigKeys (ConfUtils.java:logGet(43)) - raft.server.rpc.request.timeout = 3000ms (default)
2019-09-10 18:09:51,516 [main] INFO  server.RaftServerConfigKeys (ConfUtils.java:logGet(43)) - raft.server.storage.dir = [/workdir/hadoop-ozone/integration-test/target/test-dir/MiniOzoneClusterImpl-a4bba3eb-5ae6-43ba-8544-0cc5de04918c/datanode-9/data/ratis] (custom)
2019-09-10 18:09:51,518 [main] INFO  hdfs.DFSUtil (DFSUtil.java:httpServerTemplateForNNAndJN(1641)) - Starting Web-server for hddsDatanode at: http://0.0.0.0:0
2019-09-10 18:09:51,519 [main] INFO  server.AuthenticationFilter (AuthenticationFilter.java:constructSecretProvider(240)) - Unable to initialize FileSignerSecretProvider, falling back to use random secrets.
2019-09-10 18:09:51,520 [main] WARN  http.HttpRequestLog (HttpRequestLog.java:getRequestLog(97)) - Jetty request log can only be enabled using Log4j
2019-09-10 18:09:51,522 [main] INFO  http.HttpServer2 (HttpServer2.java:addGlobalFilter(975)) - Added global filter 'safety' (class=org.apache.hadoop.http.HttpServer2$QuotingInputFilter)
2019-09-10 18:09:51,523 [main] INFO  http.HttpServer2 (HttpServer2.java:addFilter(948)) - Added filter static_user_filter (class=org.apache.hadoop.http.lib.StaticUserWebFilter$StaticUserFilter) to context hddsDatanode
2019-09-10 18:09:51,523 [main] INFO  http.HttpServer2 (HttpServer2.java:addFilter(958)) - Added filter static_user_filter (class=org.apache.hadoop.http.lib.StaticUserWebFilter$StaticUserFilter) to context logs
2019-09-10 18:09:51,523 [main] INFO  http.HttpServer2 (HttpServer2.java:addFilter(958)) - Added filter static_user_filter (class=org.apache.hadoop.http.lib.StaticUserWebFilter$StaticUserFilter) to context static
2019-09-10 18:09:51,524 [main] INFO  http.HttpServer2 (HttpServer2.java:bindListener(1191)) - Jetty bound to port 40554
2019-09-10 18:09:51,524 [main] INFO  server.Server (Server.java:doStart(351)) - jetty-9.3.24.v20180605, build timestamp: 2018-06-05T17:11:56Z, git hash: 84205aa28f11a4f31f2a3b86d1bba2cc8ab69827
2019-09-10 18:09:51,526 [main] INFO  handler.ContextHandler (ContextHandler.java:doStart(781)) - Started o.e.j.s.ServletContextHandler@6535117e{/logs,file:///workdir/hadoop-ozone/integration-test/target/log,AVAILABLE}
2019-09-10 18:09:51,527 [main] INFO  handler.ContextHandler (ContextHandler.java:doStart(781)) - Started o.e.j.s.ServletContextHandler@6fa13e6{/static,jar:file:/home/user/.m2/repository/org/apache/hadoop/hadoop-hdds-container-service/0.5.0-SNAPSHOT/hadoop-hdds-container-service-0.5.0-SNAPSHOT.jar!/webapps/static,AVAILABLE}
2019-09-10 18:09:51,559 [main] INFO  handler.ContextHandler (ContextHandler.java:doStart(781)) - Started o.e.j.w.WebAppContext@37045b48{/,file:///tmp/jetty-0.0.0.0-40554-hddsDatanode-_-any-1873018261038909550.dir/webapp/,AVAILABLE}{/hddsDatanode}
2019-09-10 18:09:51,560 [main] INFO  server.AbstractConnector (AbstractConnector.java:doStart(278)) - Started ServerConnector@60b34931{HTTP/1.1,[http/1.1]}{0.0.0.0:40554}
2019-09-10 18:09:51,561 [main] INFO  server.Server (Server.java:doStart(419)) - Started @7563ms
2019-09-10 18:09:51,562 [main] WARN  impl.MetricsSystemImpl (MetricsSystemImpl.java:register(276)) - Sink prometheus already exists!
2019-09-10 18:09:51,562 [main] INFO  server.BaseHttpServer (BaseHttpServer.java:updateConnectorAddress(215)) - HTTP server of HDDSDATANODE is listening at http://0.0.0.0:40554
2019-09-10 18:09:51,569 [main] INFO  ozone.MiniOzoneClusterImpl (MiniOzoneClusterImpl.java:lambda$waitForClusterToBeReady$0(140)) - Waiting for cluster to be ready. Got 0 of 10 DN Heartbeats.
2019-09-10 18:09:51,569 [org.apache.hadoop.util.JvmPauseMonitor$Monitor@3144cf9] INFO  util.JvmPauseMonitor (JvmPauseMonitor.java:run(188)) - Starting JVM pause monitor
2019-09-10 18:09:51,572 [Datanode State Machine Thread - 0] INFO  datanode.InitDatanodeState (InitDatanodeState.java:persistContainerDatanodeDetails(140)) - DatanodeDetails is persisted to /workdir/hadoop-ozone/integration-test/target/test-dir/MiniOzoneClusterImpl-a4bba3eb-5ae6-43ba-8544-0cc5de04918c/datanode-9/meta/datanode.id
2019-09-10 18:09:52,570 [main] INFO  ozone.MiniOzoneClusterImpl (MiniOzoneClusterImpl.java:lambda$waitForClusterToBeReady$0(140)) - Waiting for cluster to be ready. Got 0 of 10 DN Heartbeats.
2019-09-10 18:09:52,899 [Datanode State Machine Thread - 0] INFO  ozoneimpl.OzoneContainer (OzoneContainer.java:start(217)) - Attempting to start container services.
2019-09-10 18:09:52,901 [Datanode State Machine Thread - 0] INFO  ozoneimpl.OzoneContainer (OzoneContainer.java:startContainerScrub(179)) - Background container scanner has been disabled.
2019-09-10 18:09:52,901 [Datanode State Machine Thread - 0] INFO  ratis.XceiverServerRatis (XceiverServerRatis.java:start(404)) - Starting XceiverServerRatis 2e952fcc-3ad7-4f0e-80e3-0277395d1af8 at port 0
2019-09-10 18:09:52,928 [Datanode State Machine Thread - 0] INFO  impl.RaftServerProxy (RaftServerProxy.java:lambda$start$3(299)) - 2e952fcc-3ad7-4f0e-80e3-0277395d1af8: start RPC server
2019-09-10 18:09:52,939 [Datanode State Machine Thread - 0] INFO  ozoneimpl.OzoneContainer (OzoneContainer.java:start(217)) - Attempting to start container services.
2019-09-10 18:09:52,945 [Datanode State Machine Thread - 0] INFO  ozoneimpl.OzoneContainer (OzoneContainer.java:startContainerScrub(179)) - Background container scanner has been disabled.
2019-09-10 18:09:52,946 [Datanode State Machine Thread - 0] INFO  ratis.XceiverServerRatis (XceiverServerRatis.java:start(404)) - Starting XceiverServerRatis 8cbcd714-dd76-45fa-910f-f3e67512086a at port 0
2019-09-10 18:09:52,956 [Datanode State Machine Thread - 0] INFO  impl.RaftServerProxy (RaftServerProxy.java:lambda$start$3(299)) - 8cbcd714-dd76-45fa-910f-f3e67512086a: start RPC server
2019-09-10 18:09:53,022 [Datanode State Machine Thread - 0] INFO  ozoneimpl.OzoneContainer (OzoneContainer.java:start(217)) - Attempting to start container services.
2019-09-10 18:09:53,023 [Datanode State Machine Thread - 0] INFO  ozoneimpl.OzoneContainer (OzoneContainer.java:startContainerScrub(179)) - Background container scanner has been disabled.
2019-09-10 18:09:53,023 [Datanode State Machine Thread - 0] INFO  ratis.XceiverServerRatis (XceiverServerRatis.java:start(404)) - Starting XceiverServerRatis 35230fa9-c917-4625-844b-3841de1822d6 at port 0
2019-09-10 18:09:53,035 [Datanode State Machine Thread - 0] INFO  impl.RaftServerProxy (RaftServerProxy.java:lambda$start$3(299)) - 35230fa9-c917-4625-844b-3841de1822d6: start RPC server
2019-09-10 18:09:53,104 [Datanode State Machine Thread - 0] INFO  server.GrpcService (GrpcService.java:startImpl(158)) - 35230fa9-c917-4625-844b-3841de1822d6: GrpcService started, listening on 0.0.0.0/0.0.0.0:41574
2019-09-10 18:09:53,104 [Datanode State Machine Thread - 0] INFO  server.GrpcService (GrpcService.java:startImpl(158)) - 8cbcd714-dd76-45fa-910f-f3e67512086a: GrpcService started, listening on 0.0.0.0/0.0.0.0:33895
2019-09-10 18:09:53,104 [Datanode State Machine Thread - 0] INFO  server.GrpcService (GrpcService.java:startImpl(158)) - 2e952fcc-3ad7-4f0e-80e3-0277395d1af8: GrpcService started, listening on 0.0.0.0/0.0.0.0:44043
2019-09-10 18:09:53,106 [Datanode State Machine Thread - 0] INFO  ratis.XceiverServerRatis (XceiverServerRatis.java:start(414)) - XceiverServerRatis 8cbcd714-dd76-45fa-910f-f3e67512086a is started using port 33895
2019-09-10 18:09:53,106 [Datanode State Machine Thread - 0] INFO  ratis.XceiverServerRatis (XceiverServerRatis.java:start(414)) - XceiverServerRatis 35230fa9-c917-4625-844b-3841de1822d6 is started using port 41574
2019-09-10 18:09:53,106 [Datanode State Machine Thread - 0] INFO  ratis.XceiverServerRatis (XceiverServerRatis.java:start(414)) - XceiverServerRatis 2e952fcc-3ad7-4f0e-80e3-0277395d1af8 is started using port 44043
2019-09-10 18:09:53,115 [Datanode State Machine Thread - 0] INFO  server.XceiverServerGrpc (XceiverServerGrpc.java:start(163)) - XceiverServerGrpc 2e952fcc-3ad7-4f0e-80e3-0277395d1af8 is started using port 46615
2019-09-10 18:09:53,115 [Datanode State Machine Thread - 0] INFO  server.XceiverServerGrpc (XceiverServerGrpc.java:start(163)) - XceiverServerGrpc 35230fa9-c917-4625-844b-3841de1822d6 is started using port 38626
2019-09-10 18:09:53,115 [Datanode State Machine Thread - 0] INFO  server.XceiverServerGrpc (XceiverServerGrpc.java:start(163)) - XceiverServerGrpc 8cbcd714-dd76-45fa-910f-f3e67512086a is started using port 34484
2019-09-10 18:09:53,129 [Datanode State Machine Thread - 0] INFO  ozoneimpl.OzoneContainer (OzoneContainer.java:start(217)) - Attempting to start container services.
2019-09-10 18:09:53,129 [Datanode State Machine Thread - 0] INFO  ozoneimpl.OzoneContainer (OzoneContainer.java:startContainerScrub(179)) - Background container scanner has been disabled.
2019-09-10 18:09:53,129 [Datanode State Machine Thread - 0] INFO  ratis.XceiverServerRatis (XceiverServerRatis.java:start(404)) - Starting XceiverServerRatis 208154af-b43d-417a-8ba8-8a37a4d1ac9e at port 0
2019-09-10 18:09:53,136 [Datanode State Machine Thread - 0] INFO  impl.RaftServerProxy (RaftServerProxy.java:lambda$start$3(299)) - 208154af-b43d-417a-8ba8-8a37a4d1ac9e: start RPC server
2019-09-10 18:09:53,140 [Datanode State Machine Thread - 0] INFO  server.GrpcService (GrpcService.java:startImpl(158)) - 208154af-b43d-417a-8ba8-8a37a4d1ac9e: GrpcService started, listening on 0.0.0.0/0.0.0.0:42355
2019-09-10 18:09:53,140 [Datanode State Machine Thread - 0] INFO  ratis.XceiverServerRatis (XceiverServerRatis.java:start(414)) - XceiverServerRatis 208154af-b43d-417a-8ba8-8a37a4d1ac9e is started using port 42355
2019-09-10 18:09:53,142 [Datanode State Machine Thread - 0] INFO  server.XceiverServerGrpc (XceiverServerGrpc.java:start(163)) - XceiverServerGrpc 208154af-b43d-417a-8ba8-8a37a4d1ac9e is started using port 39972
2019-09-10 18:09:53,205 [Datanode State Machine Thread - 0] INFO  ozoneimpl.OzoneContainer (OzoneContainer.java:start(217)) - Attempting to start container services.
2019-09-10 18:09:53,205 [Datanode State Machine Thread - 0] INFO  ozoneimpl.OzoneContainer (OzoneContainer.java:startContainerScrub(179)) - Background container scanner has been disabled.
2019-09-10 18:09:53,205 [Datanode State Machine Thread - 0] INFO  ratis.XceiverServerRatis (XceiverServerRatis.java:start(404)) - Starting XceiverServerRatis 91e32882-d3c6-46ba-a04b-cffc2ba77210 at port 0
2019-09-10 18:09:53,222 [Datanode State Machine Thread - 0] INFO  impl.RaftServerProxy (RaftServerProxy.java:lambda$start$3(299)) - 91e32882-d3c6-46ba-a04b-cffc2ba77210: start RPC server
2019-09-10 18:09:53,227 [Datanode State Machine Thread - 0] INFO  server.GrpcService (GrpcService.java:startImpl(158)) - 91e32882-d3c6-46ba-a04b-cffc2ba77210: GrpcService started, listening on 0.0.0.0/0.0.0.0:46514
2019-09-10 18:09:53,227 [Datanode State Machine Thread - 0] INFO  ratis.XceiverServerRatis (XceiverServerRatis.java:start(414)) - XceiverServerRatis 91e32882-d3c6-46ba-a04b-cffc2ba77210 is started using port 46514
2019-09-10 18:09:53,230 [Datanode State Machine Thread - 0] INFO  server.XceiverServerGrpc (XceiverServerGrpc.java:start(163)) - XceiverServerGrpc 91e32882-d3c6-46ba-a04b-cffc2ba77210 is started using port 42389
2019-09-10 18:09:53,272 [Datanode State Machine Thread - 0] INFO  ozoneimpl.OzoneContainer (OzoneContainer.java:start(217)) - Attempting to start container services.
2019-09-10 18:09:53,272 [Datanode State Machine Thread - 0] INFO  ozoneimpl.OzoneContainer (OzoneContainer.java:startContainerScrub(179)) - Background container scanner has been disabled.
2019-09-10 18:09:53,272 [Datanode State Machine Thread - 0] INFO  ratis.XceiverServerRatis (XceiverServerRatis.java:start(404)) - Starting XceiverServerRatis 4faa59b0-972d-4631-8b2b-dceadefbd7cc at port 0
2019-09-10 18:09:53,280 [Datanode State Machine Thread - 0] INFO  impl.RaftServerProxy (RaftServerProxy.java:lambda$start$3(299)) - 4faa59b0-972d-4631-8b2b-dceadefbd7cc: start RPC server
2019-09-10 18:09:53,285 [Datanode State Machine Thread - 0] INFO  server.GrpcService (GrpcService.java:startImpl(158)) - 4faa59b0-972d-4631-8b2b-dceadefbd7cc: GrpcService started, listening on 0.0.0.0/0.0.0.0:41249
2019-09-10 18:09:53,285 [Datanode State Machine Thread - 0] INFO  ratis.XceiverServerRatis (XceiverServerRatis.java:start(414)) - XceiverServerRatis 4faa59b0-972d-4631-8b2b-dceadefbd7cc is started using port 41249
2019-09-10 18:09:53,288 [Datanode State Machine Thread - 0] INFO  server.XceiverServerGrpc (XceiverServerGrpc.java:start(163)) - XceiverServerGrpc 4faa59b0-972d-4631-8b2b-dceadefbd7cc is started using port 41285
2019-09-10 18:09:53,355 [Datanode State Machine Thread - 0] INFO  ozoneimpl.OzoneContainer (OzoneContainer.java:start(217)) - Attempting to start container services.
2019-09-10 18:09:53,356 [Datanode State Machine Thread - 0] INFO  ozoneimpl.OzoneContainer (OzoneContainer.java:startContainerScrub(179)) - Background container scanner has been disabled.
2019-09-10 18:09:53,356 [Datanode State Machine Thread - 0] INFO  ratis.XceiverServerRatis (XceiverServerRatis.java:start(404)) - Starting XceiverServerRatis d8255f37-89f1-48d2-bcda-7654f43e2557 at port 0
2019-09-10 18:09:53,365 [Datanode State Machine Thread - 0] INFO  impl.RaftServerProxy (RaftServerProxy.java:lambda$start$3(299)) - d8255f37-89f1-48d2-bcda-7654f43e2557: start RPC server
2019-09-10 18:09:53,370 [Datanode State Machine Thread - 0] INFO  server.GrpcService (GrpcService.java:startImpl(158)) - d8255f37-89f1-48d2-bcda-7654f43e2557: GrpcService started, listening on 0.0.0.0/0.0.0.0:33855
2019-09-10 18:09:53,370 [Datanode State Machine Thread - 0] INFO  ratis.XceiverServerRatis (XceiverServerRatis.java:start(414)) - XceiverServerRatis d8255f37-89f1-48d2-bcda-7654f43e2557 is started using port 33855
2019-09-10 18:09:53,375 [Datanode State Machine Thread - 0] INFO  server.XceiverServerGrpc (XceiverServerGrpc.java:start(163)) - XceiverServerGrpc d8255f37-89f1-48d2-bcda-7654f43e2557 is started using port 33109
2019-09-10 18:09:53,430 [Datanode State Machine Thread - 0] INFO  ozoneimpl.OzoneContainer (OzoneContainer.java:start(217)) - Attempting to start container services.
2019-09-10 18:09:53,431 [Datanode State Machine Thread - 0] INFO  ozoneimpl.OzoneContainer (OzoneContainer.java:startContainerScrub(179)) - Background container scanner has been disabled.
2019-09-10 18:09:53,431 [Datanode State Machine Thread - 0] INFO  ratis.XceiverServerRatis (XceiverServerRatis.java:start(404)) - Starting XceiverServerRatis 24f5ddbe-d11b-430b-a0df-2fe5f6c753f9 at port 0
2019-09-10 18:09:53,444 [Datanode State Machine Thread - 0] INFO  impl.RaftServerProxy (RaftServerProxy.java:lambda$start$3(299)) - 24f5ddbe-d11b-430b-a0df-2fe5f6c753f9: start RPC server
2019-09-10 18:09:53,449 [Datanode State Machine Thread - 0] INFO  server.GrpcService (GrpcService.java:startImpl(158)) - 24f5ddbe-d11b-430b-a0df-2fe5f6c753f9: GrpcService started, listening on 0.0.0.0/0.0.0.0:38414
2019-09-10 18:09:53,449 [Datanode State Machine Thread - 0] INFO  ratis.XceiverServerRatis (XceiverServerRatis.java:start(414)) - XceiverServerRatis 24f5ddbe-d11b-430b-a0df-2fe5f6c753f9 is started using port 38414
2019-09-10 18:09:53,454 [Datanode State Machine Thread - 0] INFO  server.XceiverServerGrpc (XceiverServerGrpc.java:start(163)) - XceiverServerGrpc 24f5ddbe-d11b-430b-a0df-2fe5f6c753f9 is started using port 45232
2019-09-10 18:09:53,506 [Datanode State Machine Thread - 0] INFO  ozoneimpl.OzoneContainer (OzoneContainer.java:start(217)) - Attempting to start container services.
2019-09-10 18:09:53,506 [Datanode State Machine Thread - 0] INFO  ozoneimpl.OzoneContainer (OzoneContainer.java:startContainerScrub(179)) - Background container scanner has been disabled.
2019-09-10 18:09:53,506 [Datanode State Machine Thread - 0] INFO  ratis.XceiverServerRatis (XceiverServerRatis.java:start(404)) - Starting XceiverServerRatis b0fafecf-3418-4e4c-a5e4-e5075743f263 at port 0
2019-09-10 18:09:53,514 [Datanode State Machine Thread - 0] INFO  impl.RaftServerProxy (RaftServerProxy.java:lambda$start$3(299)) - b0fafecf-3418-4e4c-a5e4-e5075743f263: start RPC server
2019-09-10 18:09:53,520 [Datanode State Machine Thread - 0] INFO  server.GrpcService (GrpcService.java:startImpl(158)) - b0fafecf-3418-4e4c-a5e4-e5075743f263: GrpcService started, listening on 0.0.0.0/0.0.0.0:44499
2019-09-10 18:09:53,520 [Datanode State Machine Thread - 0] INFO  ratis.XceiverServerRatis (XceiverServerRatis.java:start(414)) - XceiverServerRatis b0fafecf-3418-4e4c-a5e4-e5075743f263 is started using port 44499
2019-09-10 18:09:53,527 [Datanode State Machine Thread - 0] INFO  server.XceiverServerGrpc (XceiverServerGrpc.java:start(163)) - XceiverServerGrpc b0fafecf-3418-4e4c-a5e4-e5075743f263 is started using port 36476
2019-09-10 18:09:53,572 [main] INFO  ozone.MiniOzoneClusterImpl (MiniOzoneClusterImpl.java:lambda$waitForClusterToBeReady$0(140)) - Waiting for cluster to be ready. Got 0 of 10 DN Heartbeats.
2019-09-10 18:09:53,615 [Datanode State Machine Thread - 0] INFO  ozoneimpl.OzoneContainer (OzoneContainer.java:start(217)) - Attempting to start container services.
2019-09-10 18:09:53,615 [Datanode State Machine Thread - 0] INFO  ozoneimpl.OzoneContainer (OzoneContainer.java:startContainerScrub(179)) - Background container scanner has been disabled.
2019-09-10 18:09:53,615 [Datanode State Machine Thread - 0] INFO  ratis.XceiverServerRatis (XceiverServerRatis.java:start(404)) - Starting XceiverServerRatis 49bcc910-1f14-48b7-a318-d2e01e8ffdec at port 0
2019-09-10 18:09:53,623 [Datanode State Machine Thread - 0] INFO  impl.RaftServerProxy (RaftServerProxy.java:lambda$start$3(299)) - 49bcc910-1f14-48b7-a318-d2e01e8ffdec: start RPC server
2019-09-10 18:09:53,638 [Datanode State Machine Thread - 0] INFO  server.GrpcService (GrpcService.java:startImpl(158)) - 49bcc910-1f14-48b7-a318-d2e01e8ffdec: GrpcService started, listening on 0.0.0.0/0.0.0.0:46072
2019-09-10 18:09:53,638 [Datanode State Machine Thread - 0] INFO  ratis.XceiverServerRatis (XceiverServerRatis.java:start(414)) - XceiverServerRatis 49bcc910-1f14-48b7-a318-d2e01e8ffdec is started using port 46072
2019-09-10 18:09:53,661 [Datanode State Machine Thread - 0] INFO  server.XceiverServerGrpc (XceiverServerGrpc.java:start(163)) - XceiverServerGrpc 49bcc910-1f14-48b7-a318-d2e01e8ffdec is started using port 42288
2019-09-10 18:09:54,572 [main] INFO  ozone.MiniOzoneClusterImpl (MiniOzoneClusterImpl.java:lambda$waitForClusterToBeReady$0(140)) - Waiting for cluster to be ready. Got 0 of 10 DN Heartbeats.
2019-09-10 18:09:54,864 [IPC Server handler 3 on 37420] INFO  net.NetworkTopology (NetworkTopologyImpl.java:add(110)) - Added a new node: /default-rack/2e952fcc-3ad7-4f0e-80e3-0277395d1af8
2019-09-10 18:09:54,864 [IPC Server handler 3 on 37420] INFO  node.SCMNodeManager (SCMNodeManager.java:register(300)) - Registered Data node : 2e952fcc-3ad7-4f0e-80e3-0277395d1af8{ip: 192.168.36.113, host: pr-hdds-1982-decom-states-gjzbw-1854142291, networkLocation: /default-rack, certSerialId: null}
2019-09-10 18:09:54,872 [EventQueue-NodeRegistrationContainerReportForDataNodeSafeModeRule] INFO  safemode.SCMSafeModeManager (DataNodeSafeModeRule.java:process(71)) - SCM in safe mode. 1 DataNodes registered, 1 required.
2019-09-10 18:09:54,872 [EventQueue-NodeRegistrationContainerReportForDataNodeSafeModeRule] INFO  safemode.SCMSafeModeManager (SCMSafeModeManager.java:validateSafeModeExitRules(177)) - ScmSafeModeManager, all rules are successfully validated
2019-09-10 18:09:54,872 [EventQueue-NodeRegistrationContainerReportForDataNodeSafeModeRule] INFO  safemode.SCMSafeModeManager (SCMSafeModeManager.java:exitSafeMode(193)) - SCM exiting safe mode.
2019-09-10 18:09:54,915 [IPC Server handler 2 on 37420] INFO  net.NetworkTopology (NetworkTopologyImpl.java:add(110)) - Added a new node: /default-rack/8cbcd714-dd76-45fa-910f-f3e67512086a
2019-09-10 18:09:54,916 [IPC Server handler 2 on 37420] INFO  node.SCMNodeManager (SCMNodeManager.java:register(300)) - Registered Data node : 8cbcd714-dd76-45fa-910f-f3e67512086a{ip: 192.168.36.113, host: pr-hdds-1982-decom-states-gjzbw-1854142291, networkLocation: /default-rack, certSerialId: null}
2019-09-10 18:09:54,998 [IPC Server handler 5 on 37420] INFO  net.NetworkTopology (NetworkTopologyImpl.java:add(110)) - Added a new node: /default-rack/35230fa9-c917-4625-844b-3841de1822d6
2019-09-10 18:09:54,998 [IPC Server handler 5 on 37420] INFO  node.SCMNodeManager (SCMNodeManager.java:register(300)) - Registered Data node : 35230fa9-c917-4625-844b-3841de1822d6{ip: 192.168.36.113, host: pr-hdds-1982-decom-states-gjzbw-1854142291, networkLocation: /default-rack, certSerialId: null}
2019-09-10 18:09:55,113 [IPC Server handler 4 on 37420] INFO  net.NetworkTopology (NetworkTopologyImpl.java:add(110)) - Added a new node: /default-rack/208154af-b43d-417a-8ba8-8a37a4d1ac9e
2019-09-10 18:09:55,116 [IPC Server handler 4 on 37420] INFO  node.SCMNodeManager (SCMNodeManager.java:register(300)) - Registered Data node : 208154af-b43d-417a-8ba8-8a37a4d1ac9e{ip: 192.168.36.113, host: pr-hdds-1982-decom-states-gjzbw-1854142291, networkLocation: /default-rack, certSerialId: null}
2019-09-10 18:09:55,179 [IPC Server handler 7 on 37420] INFO  net.NetworkTopology (NetworkTopologyImpl.java:add(110)) - Added a new node: /default-rack/91e32882-d3c6-46ba-a04b-cffc2ba77210
2019-09-10 18:09:55,179 [IPC Server handler 7 on 37420] INFO  node.SCMNodeManager (SCMNodeManager.java:register(300)) - Registered Data node : 91e32882-d3c6-46ba-a04b-cffc2ba77210{ip: 192.168.36.113, host: pr-hdds-1982-decom-states-gjzbw-1854142291, networkLocation: /default-rack, certSerialId: null}
2019-09-10 18:09:55,256 [IPC Server handler 8 on 37420] INFO  net.NetworkTopology (NetworkTopologyImpl.java:add(110)) - Added a new node: /default-rack/4faa59b0-972d-4631-8b2b-dceadefbd7cc
2019-09-10 18:09:55,257 [IPC Server handler 8 on 37420] INFO  node.SCMNodeManager (SCMNodeManager.java:register(300)) - Registered Data node : 4faa59b0-972d-4631-8b2b-dceadefbd7cc{ip: 192.168.36.113, host: pr-hdds-1982-decom-states-gjzbw-1854142291, networkLocation: /default-rack, certSerialId: null}
2019-09-10 18:09:55,334 [IPC Server handler 6 on 37420] INFO  net.NetworkTopology (NetworkTopologyImpl.java:add(110)) - Added a new node: /default-rack/d8255f37-89f1-48d2-bcda-7654f43e2557
2019-09-10 18:09:55,335 [IPC Server handler 6 on 37420] INFO  node.SCMNodeManager (SCMNodeManager.java:register(300)) - Registered Data node : d8255f37-89f1-48d2-bcda-7654f43e2557{ip: 192.168.36.113, host: pr-hdds-1982-decom-states-gjzbw-1854142291, networkLocation: /default-rack, certSerialId: null}
2019-09-10 18:09:55,397 [IPC Server handler 9 on 37420] INFO  net.NetworkTopology (NetworkTopologyImpl.java:add(110)) - Added a new node: /default-rack/24f5ddbe-d11b-430b-a0df-2fe5f6c753f9
2019-09-10 18:09:55,397 [IPC Server handler 9 on 37420] INFO  node.SCMNodeManager (SCMNodeManager.java:register(300)) - Registered Data node : 24f5ddbe-d11b-430b-a0df-2fe5f6c753f9{ip: 192.168.36.113, host: pr-hdds-1982-decom-states-gjzbw-1854142291, networkLocation: /default-rack, certSerialId: null}
2019-09-10 18:09:55,483 [IPC Server handler 1 on 37420] INFO  net.NetworkTopology (NetworkTopologyImpl.java:add(110)) - Added a new node: /default-rack/b0fafecf-3418-4e4c-a5e4-e5075743f263
2019-09-10 18:09:55,483 [IPC Server handler 1 on 37420] INFO  node.SCMNodeManager (SCMNodeManager.java:register(300)) - Registered Data node : b0fafecf-3418-4e4c-a5e4-e5075743f263{ip: 192.168.36.113, host: pr-hdds-1982-decom-states-gjzbw-1854142291, networkLocation: /default-rack, certSerialId: null}
2019-09-10 18:09:55,509 [grpc-default-executor-0] INFO  impl.RaftServerProxy (RaftServerProxy.java:addNew(89)) - 2e952fcc-3ad7-4f0e-80e3-0277395d1af8: addNew group-BF9F57237CCE:[2e952fcc-3ad7-4f0e-80e3-0277395d1af8:192.168.36.113:44043] returns group-BF9F57237CCE:java.util.concurrent.CompletableFuture@745481ee[Not completed]
2019-09-10 18:09:55,542 [pool-27-thread-1] INFO  impl.RaftServerImpl (RaftServerImpl.java:<init>(95)) - 2e952fcc-3ad7-4f0e-80e3-0277395d1af8: new RaftServerImpl for group-BF9F57237CCE:[2e952fcc-3ad7-4f0e-80e3-0277395d1af8:192.168.36.113:44043] with ContainerStateMachine:uninitialized
2019-09-10 18:09:55,544 [pool-27-thread-1] INFO  server.RaftServerConfigKeys (ConfUtils.java:logGet(43)) - raft.server.rpc.timeout.min = 1s (custom)
2019-09-10 18:09:55,546 [pool-27-thread-1] INFO  server.RaftServerConfigKeys (ConfUtils.java:logGet(43)) - raft.server.rpc.timeout.max = 1200ms (custom)
2019-09-10 18:09:55,546 [pool-27-thread-1] INFO  server.RaftServerConfigKeys (ConfUtils.java:logGet(43)) - raft.server.rpcslowness.timeout = 120s (custom)
2019-09-10 18:09:55,547 [pool-27-thread-1] INFO  server.RaftServerConfigKeys (ConfUtils.java:logGet(43)) - raft.server.sleep.deviation.threshold = 300 (default)
2019-09-10 18:09:55,548 [pool-27-thread-1] INFO  server.RaftServerConfigKeys (ConfUtils.java:logGet(43)) - raft.server.log.appender.install.snapshot.enabled = false (custom)
2019-09-10 18:09:55,558 [pool-27-thread-1] INFO  impl.RaftServerImpl (ServerState.java:<init>(103)) - 2e952fcc-3ad7-4f0e-80e3-0277395d1af8@group-BF9F57237CCE: ConfigurationManager, init=-1: [2e952fcc-3ad7-4f0e-80e3-0277395d1af8:192.168.36.113:44043], old=null, confs=<EMPTY_MAP>
2019-09-10 18:09:55,558 [pool-27-thread-1] INFO  server.RaftServerConfigKeys (ConfUtils.java:logGet(43)) - raft.server.storage.dir = [/workdir/hadoop-ozone/integration-test/target/test-dir/MiniOzoneClusterImpl-a4bba3eb-5ae6-43ba-8544-0cc5de04918c/datanode-0/data/ratis] (custom)
2019-09-10 18:09:55,566 [pool-27-thread-1] INFO  storage.RaftStorageDirectory (RaftStorageDirectory.java:analyzeStorage(246)) - The storage directory /workdir/hadoop-ozone/integration-test/target/test-dir/MiniOzoneClusterImpl-a4bba3eb-5ae6-43ba-8544-0cc5de04918c/datanode-0/data/ratis/0f6b638b-683b-4f6d-845a-bf9f57237cce does not exist. Creating ...
2019-09-10 18:09:55,577 [main] INFO  ozone.MiniOzoneClusterImpl (MiniOzoneClusterImpl.java:lambda$waitForClusterToBeReady$0(140)) - Waiting for cluster to be ready. Got 9 of 10 DN Heartbeats.
2019-09-10 18:09:55,585 [IPC Server handler 3 on 37420] INFO  net.NetworkTopology (NetworkTopologyImpl.java:add(110)) - Added a new node: /default-rack/49bcc910-1f14-48b7-a318-d2e01e8ffdec
2019-09-10 18:09:55,585 [IPC Server handler 3 on 37420] INFO  node.SCMNodeManager (SCMNodeManager.java:register(300)) - Registered Data node : 49bcc910-1f14-48b7-a318-d2e01e8ffdec{ip: 192.168.36.113, host: pr-hdds-1982-decom-states-gjzbw-1854142291, networkLocation: /default-rack, certSerialId: null}
2019-09-10 18:09:55,602 [pool-27-thread-1] INFO  storage.RaftStorageDirectory (RaftStorageDirectory.java:tryLock(328)) - Lock on /workdir/hadoop-ozone/integration-test/target/test-dir/MiniOzoneClusterImpl-a4bba3eb-5ae6-43ba-8544-0cc5de04918c/datanode-0/data/ratis/0f6b638b-683b-4f6d-845a-bf9f57237cce/in_use.lock acquired by nodename 17986@pr-hdds-1982-decom-states-gjzbw-1854142291
2019-09-10 18:09:55,623 [pool-27-thread-1] INFO  storage.RaftStorage (RaftStorage.java:format(72)) - Storage directory /workdir/hadoop-ozone/integration-test/target/test-dir/MiniOzoneClusterImpl-a4bba3eb-5ae6-43ba-8544-0cc5de04918c/datanode-0/data/ratis/0f6b638b-683b-4f6d-845a-bf9f57237cce has been successfully formatted.
2019-09-10 18:09:55,626 [pool-27-thread-1] INFO  ratis.ContainerStateMachine (ContainerStateMachine.java:loadSnapshot(230)) - group-BF9F57237CCE: The snapshot info is null. Setting the last applied indexto:(t:0, i:~)
2019-09-10 18:09:55,626 [pool-27-thread-1] INFO  server.RaftServerConfigKeys (ConfUtils.java:logGet(43)) - raft.server.notification.no-leader.timeout = 120s (custom)
2019-09-10 18:09:55,629 [pool-27-thread-1] INFO  server.RaftServerConfigKeys (ConfUtils.java:logGet(43)) - raft.server.log.use.memory = false (default)
2019-09-10 18:09:55,637 [pool-27-thread-1] INFO  server.RaftServerConfigKeys (ConfUtils.java:logGet(43)) - raft.server.log.purge.gap = 1000000 (custom)
2019-09-10 18:09:55,637 [pool-27-thread-1] INFO  server.RaftServerConfigKeys (ConfUtils.java:logGet(43)) - raft.server.log.appender.buffer.byte-limit = 33554432 (custom)
2019-09-10 18:09:55,641 [pool-27-thread-1] INFO  server.RaftServerConfigKeys (ConfUtils.java:logGet(43)) - raft.server.log.segment.size.max = 1048576 (custom)
2019-09-10 18:09:55,647 [pool-27-thread-1] INFO  server.RaftServerConfigKeys (ConfUtils.java:logGet(43)) - raft.server.log.segment.cache.num.max = 2 (custom)
2019-09-10 18:09:55,654 [pool-27-thread-1] INFO  segmented.SegmentedRaftLogWorker (SegmentedRaftLogWorker.java:<init>(172)) - new 2e952fcc-3ad7-4f0e-80e3-0277395d1af8@group-BF9F57237CCE-SegmentedRaftLogWorker for RaftStorage:Storage Directory /workdir/hadoop-ozone/integration-test/target/test-dir/MiniOzoneClusterImpl-a4bba3eb-5ae6-43ba-8544-0cc5de04918c/datanode-0/data/ratis/0f6b638b-683b-4f6d-845a-bf9f57237cce
2019-09-10 18:09:55,656 [pool-27-thread-1] INFO  impl.MetricsSystemImpl (MetricsSystemImpl.java:init(158)) - ratis metrics system started (again)
2019-09-10 18:09:55,696 [pool-27-thread-1] INFO  server.RaftServerConfigKeys (ConfUtils.java:logGet(43)) - raft.server.log.queue.byte-limit = 2147483647 (custom)
2019-09-10 18:09:55,697 [pool-27-thread-1] INFO  server.RaftServerConfigKeys (ConfUtils.java:logGet(43)) - raft.server.log.queue.element-limit = 1024 (custom)
2019-09-10 18:09:55,700 [pool-27-thread-1] INFO  server.RaftServerConfigKeys (ConfUtils.java:logGet(43)) - raft.server.log.segment.size.max = 1048576 (custom)
2019-09-10 18:09:55,701 [pool-27-thread-1] INFO  server.RaftServerConfigKeys (ConfUtils.java:logGet(43)) - raft.server.log.preallocated.size = 16384 (custom)
2019-09-10 18:09:55,701 [pool-27-thread-1] INFO  server.RaftServerConfigKeys (ConfUtils.java:logGet(43)) - raft.server.log.write.buffer.size = 33554432 (custom)
2019-09-10 18:09:55,702 [pool-27-thread-1] INFO  server.RaftServerConfigKeys (ConfUtils.java:logGet(43)) - raft.server.log.force.sync.num = 128 (default)
2019-09-10 18:09:55,703 [pool-27-thread-1] INFO  server.RaftServerConfigKeys (ConfUtils.java:logGet(43)) - raft.server.log.statemachine.data.sync = true (default)
2019-09-10 18:09:55,703 [pool-27-thread-1] INFO  server.RaftServerConfigKeys (ConfUtils.java:logGet(43)) - raft.server.log.statemachine.data.sync.timeout = 10s (default)
2019-09-10 18:09:55,704 [pool-27-thread-1] INFO  server.RaftServerConfigKeys (ConfUtils.java:logGet(43)) - raft.server.log.statemachine.data.sync.timeout.retry = -1 (default)
2019-09-10 18:09:55,713 [pool-27-thread-1] INFO  server.RaftServerConfigKeys (ConfUtils.java:logGet(43)) - raft.server.log.statemachine.data.caching.enabled = true (custom)
2019-09-10 18:09:55,717 [pool-27-thread-1] INFO  segmented.SegmentedRaftLogWorker (SegmentedRaftLogWorker.java:lambda$new$0(132)) - 2e952fcc-3ad7-4f0e-80e3-0277395d1af8@group-BF9F57237CCE-SegmentedRaftLogWorker: flushIndex: setUnconditionally 0 -> -1
2019-09-10 18:09:55,722 [pool-27-thread-1] INFO  server.RaftServerConfigKeys (ConfUtils.java:logGet(43)) - raft.server.snapshot.auto.trigger.enabled = true (custom)
2019-09-10 18:09:55,723 [pool-27-thread-1] INFO  server.RaftServerConfigKeys (ConfUtils.java:logGet(43)) - raft.server.snapshot.auto.trigger.threshold = 10000 (custom)
2019-09-10 18:09:55,723 [pool-27-thread-1] INFO  server.RaftServerConfigKeys (ConfUtils.java:logGet(43)) - raft.server.snapshot.retention.num.files = -1 (default)
2019-09-10 18:09:55,724 [pool-27-thread-1] INFO  server.RaftServerConfigKeys (ConfUtils.java:logGet(43)) - raft.server.retrycache.expirytime = 600000ms (custom)
2019-09-10 18:09:55,751 [pool-27-thread-1] INFO  impl.RaftServerImpl (RaftServerImpl.java:start(185)) - 2e952fcc-3ad7-4f0e-80e3-0277395d1af8@group-BF9F57237CCE: start as a follower, conf=-1: [2e952fcc-3ad7-4f0e-80e3-0277395d1af8:192.168.36.113:44043], old=null
2019-09-10 18:09:55,752 [pool-27-thread-1] INFO  impl.RaftServerImpl (RaftServerImpl.java:setRole(174)) - 2e952fcc-3ad7-4f0e-80e3-0277395d1af8@group-BF9F57237CCE: changes role from      null to FOLLOWER at term 0 for startAsFollower
2019-09-10 18:09:55,753 [pool-27-thread-1] INFO  impl.RoleInfo (RoleInfo.java:updateAndGet(143)) - 2e952fcc-3ad7-4f0e-80e3-0277395d1af8: start FollowerState
2019-09-10 18:09:55,755 [pool-27-thread-1] INFO  util.JmxRegister (JmxRegister.java:tryRegister(44)) - Successfully registered JMX Bean with object name Ratis:service=RaftServer,group=group-BF9F57237CCE,id=2e952fcc-3ad7-4f0e-80e3-0277395d1af8
2019-09-10 18:09:55,833 [RatisPipelineUtilsThread] INFO  pipeline.PipelineStateManager (PipelineStateManager.java:addPipeline(56)) - Created pipeline Pipeline[ Id: 0f6b638b-683b-4f6d-845a-bf9f57237cce, Nodes: 2e952fcc-3ad7-4f0e-80e3-0277395d1af8{ip: 192.168.36.113, host: pr-hdds-1982-decom-states-gjzbw-1854142291, networkLocation: /default-rack, certSerialId: null}, Type:RATIS, Factor:ONE, State:OPEN]
2019-09-10 18:09:55,865 [grpc-default-executor-0] INFO  impl.RaftServerProxy (RaftServerProxy.java:addNew(89)) - 4faa59b0-972d-4631-8b2b-dceadefbd7cc: addNew group-AEE583D5A568:[4faa59b0-972d-4631-8b2b-dceadefbd7cc:192.168.36.113:41249] returns group-AEE583D5A568:java.util.concurrent.CompletableFuture@203710ac[Not completed]
2019-09-10 18:09:55,937 [pool-77-thread-1] INFO  impl.RaftServerImpl (RaftServerImpl.java:<init>(95)) - 4faa59b0-972d-4631-8b2b-dceadefbd7cc: new RaftServerImpl for group-AEE583D5A568:[4faa59b0-972d-4631-8b2b-dceadefbd7cc:192.168.36.113:41249] with ContainerStateMachine:uninitialized
2019-09-10 18:09:55,939 [pool-77-thread-1] INFO  server.RaftServerConfigKeys (ConfUtils.java:logGet(43)) - raft.server.rpc.timeout.min = 1s (custom)
2019-09-10 18:09:55,939 [pool-77-thread-1] INFO  server.RaftServerConfigKeys (ConfUtils.java:logGet(43)) - raft.server.rpc.timeout.max = 1200ms (custom)
2019-09-10 18:09:55,939 [pool-77-thread-1] INFO  server.RaftServerConfigKeys (ConfUtils.java:logGet(43)) - raft.server.rpcslowness.timeout = 120s (custom)
2019-09-10 18:09:55,940 [pool-77-thread-1] INFO  server.RaftServerConfigKeys (ConfUtils.java:logGet(43)) - raft.server.sleep.deviation.threshold = 300 (default)
2019-09-10 18:09:55,940 [pool-77-thread-1] INFO  server.RaftServerConfigKeys (ConfUtils.java:logGet(43)) - raft.server.log.appender.install.snapshot.enabled = false (custom)
2019-09-10 18:09:55,940 [pool-77-thread-1] INFO  impl.RaftServerImpl (ServerState.java:<init>(103)) - 4faa59b0-972d-4631-8b2b-dceadefbd7cc@group-AEE583D5A568: ConfigurationManager, init=-1: [4faa59b0-972d-4631-8b2b-dceadefbd7cc:192.168.36.113:41249], old=null, confs=<EMPTY_MAP>
2019-09-10 18:09:55,940 [pool-77-thread-1] INFO  server.RaftServerConfigKeys (ConfUtils.java:logGet(43)) - raft.server.storage.dir = [/workdir/hadoop-ozone/integration-test/target/test-dir/MiniOzoneClusterImpl-a4bba3eb-5ae6-43ba-8544-0cc5de04918c/datanode-5/data/ratis] (custom)
2019-09-10 18:09:55,940 [pool-77-thread-1] INFO  storage.RaftStorageDirectory (RaftStorageDirectory.java:analyzeStorage(246)) - The storage directory /workdir/hadoop-ozone/integration-test/target/test-dir/MiniOzoneClusterImpl-a4bba3eb-5ae6-43ba-8544-0cc5de04918c/datanode-5/data/ratis/092620d6-c088-4c14-8814-aee583d5a568 does not exist. Creating ...
2019-09-10 18:09:55,977 [pool-77-thread-1] INFO  storage.RaftStorageDirectory (RaftStorageDirectory.java:tryLock(328)) - Lock on /workdir/hadoop-ozone/integration-test/target/test-dir/MiniOzoneClusterImpl-a4bba3eb-5ae6-43ba-8544-0cc5de04918c/datanode-5/data/ratis/092620d6-c088-4c14-8814-aee583d5a568/in_use.lock acquired by nodename 17986@pr-hdds-1982-decom-states-gjzbw-1854142291
2019-09-10 18:09:56,001 [pool-77-thread-1] INFO  storage.RaftStorage (RaftStorage.java:format(72)) - Storage directory /workdir/hadoop-ozone/integration-test/target/test-dir/MiniOzoneClusterImpl-a4bba3eb-5ae6-43ba-8544-0cc5de04918c/datanode-5/data/ratis/092620d6-c088-4c14-8814-aee583d5a568 has been successfully formatted.
2019-09-10 18:09:56,003 [pool-77-thread-1] INFO  ratis.ContainerStateMachine (ContainerStateMachine.java:loadSnapshot(230)) - group-AEE583D5A568: The snapshot info is null. Setting the last applied indexto:(t:0, i:~)
2019-09-10 18:09:56,005 [pool-77-thread-1] INFO  server.RaftServerConfigKeys (ConfUtils.java:logGet(43)) - raft.server.notification.no-leader.timeout = 120s (custom)
2019-09-10 18:09:56,006 [pool-77-thread-1] INFO  server.RaftServerConfigKeys (ConfUtils.java:logGet(43)) - raft.server.log.use.memory = false (default)
2019-09-10 18:09:56,006 [pool-77-thread-1] INFO  server.RaftServerConfigKeys (ConfUtils.java:logGet(43)) - raft.server.log.purge.gap = 1000000 (custom)
2019-09-10 18:09:56,006 [pool-77-thread-1] INFO  server.RaftServerConfigKeys (ConfUtils.java:logGet(43)) - raft.server.log.appender.buffer.byte-limit = 33554432 (custom)
2019-09-10 18:09:56,006 [pool-77-thread-1] INFO  server.RaftServerConfigKeys (ConfUtils.java:logGet(43)) - raft.server.log.segment.size.max = 1048576 (custom)
2019-09-10 18:09:56,007 [pool-77-thread-1] INFO  server.RaftServerConfigKeys (ConfUtils.java:logGet(43)) - raft.server.log.segment.cache.num.max = 2 (custom)
2019-09-10 18:09:56,007 [pool-77-thread-1] INFO  segmented.SegmentedRaftLogWorker (SegmentedRaftLogWorker.java:<init>(172)) - new 4faa59b0-972d-4631-8b2b-dceadefbd7cc@group-AEE583D5A568-SegmentedRaftLogWorker for RaftStorage:Storage Directory /workdir/hadoop-ozone/integration-test/target/test-dir/MiniOzoneClusterImpl-a4bba3eb-5ae6-43ba-8544-0cc5de04918c/datanode-5/data/ratis/092620d6-c088-4c14-8814-aee583d5a568
2019-09-10 18:09:56,016 [pool-77-thread-1] INFO  server.RaftServerConfigKeys (ConfUtils.java:logGet(43)) - raft.server.log.queue.byte-limit = 2147483647 (custom)
2019-09-10 18:09:56,017 [pool-77-thread-1] INFO  server.RaftServerConfigKeys (ConfUtils.java:logGet(43)) - raft.server.log.queue.element-limit = 1024 (custom)
2019-09-10 18:09:56,017 [pool-77-thread-1] INFO  server.RaftServerConfigKeys (ConfUtils.java:logGet(43)) - raft.server.log.segment.size.max = 1048576 (custom)
2019-09-10 18:09:56,017 [pool-77-thread-1] INFO  server.RaftServerConfigKeys (ConfUtils.java:logGet(43)) - raft.server.log.preallocated.size = 16384 (custom)
2019-09-10 18:09:56,017 [pool-77-thread-1] INFO  server.RaftServerConfigKeys (ConfUtils.java:logGet(43)) - raft.server.log.write.buffer.size = 33554432 (custom)
2019-09-10 18:09:56,018 [pool-77-thread-1] INFO  server.RaftServerConfigKeys (ConfUtils.java:logGet(43)) - raft.server.log.force.sync.num = 128 (default)
2019-09-10 18:09:56,018 [pool-77-thread-1] INFO  server.RaftServerConfigKeys (ConfUtils.java:logGet(43)) - raft.server.log.statemachine.data.sync = true (default)
2019-09-10 18:09:56,018 [pool-77-thread-1] INFO  server.RaftServerConfigKeys (ConfUtils.java:logGet(43)) - raft.server.log.statemachine.data.sync.timeout = 10s (default)
2019-09-10 18:09:56,018 [pool-77-thread-1] INFO  server.RaftServerConfigKeys (ConfUtils.java:logGet(43)) - raft.server.log.statemachine.data.sync.timeout.retry = -1 (default)
2019-09-10 18:09:56,019 [pool-77-thread-1] INFO  server.RaftServerConfigKeys (ConfUtils.java:logGet(43)) - raft.server.log.statemachine.data.caching.enabled = true (custom)
2019-09-10 18:09:56,019 [pool-77-thread-1] INFO  segmented.SegmentedRaftLogWorker (SegmentedRaftLogWorker.java:lambda$new$0(132)) - 4faa59b0-972d-4631-8b2b-dceadefbd7cc@group-AEE583D5A568-SegmentedRaftLogWorker: flushIndex: setUnconditionally 0 -> -1
2019-09-10 18:09:56,019 [pool-77-thread-1] INFO  server.RaftServerConfigKeys (ConfUtils.java:logGet(43)) - raft.server.snapshot.auto.trigger.enabled = true (custom)
2019-09-10 18:09:56,020 [pool-77-thread-1] INFO  server.RaftServerConfigKeys (ConfUtils.java:logGet(43)) - raft.server.snapshot.auto.trigger.threshold = 10000 (custom)
2019-09-10 18:09:56,020 [pool-77-thread-1] INFO  server.RaftServerConfigKeys (ConfUtils.java:logGet(43)) - raft.server.snapshot.retention.num.files = -1 (default)
2019-09-10 18:09:56,020 [pool-77-thread-1] INFO  server.RaftServerConfigKeys (ConfUtils.java:logGet(43)) - raft.server.retrycache.expirytime = 600000ms (custom)
2019-09-10 18:09:56,026 [pool-77-thread-1] INFO  impl.RaftServerImpl (RaftServerImpl.java:start(185)) - 4faa59b0-972d-4631-8b2b-dceadefbd7cc@group-AEE583D5A568: start as a follower, conf=-1: [4faa59b0-972d-4631-8b2b-dceadefbd7cc:192.168.36.113:41249], old=null
2019-09-10 18:09:56,026 [pool-77-thread-1] INFO  impl.RaftServerImpl (RaftServerImpl.java:setRole(174)) - 4faa59b0-972d-4631-8b2b-dceadefbd7cc@group-AEE583D5A568: changes role from      null to FOLLOWER at term 0 for startAsFollower
2019-09-10 18:09:56,026 [pool-77-thread-1] INFO  impl.RoleInfo (RoleInfo.java:updateAndGet(143)) - 4faa59b0-972d-4631-8b2b-dceadefbd7cc: start FollowerState
2019-09-10 18:09:56,029 [pool-77-thread-1] INFO  util.JmxRegister (JmxRegister.java:tryRegister(44)) - Successfully registered JMX Bean with object name Ratis:service=RaftServer,group=group-AEE583D5A568,id=4faa59b0-972d-4631-8b2b-dceadefbd7cc
2019-09-10 18:09:56,049 [RatisPipelineUtilsThread] INFO  pipeline.PipelineStateManager (PipelineStateManager.java:addPipeline(56)) - Created pipeline Pipeline[ Id: 092620d6-c088-4c14-8814-aee583d5a568, Nodes: 4faa59b0-972d-4631-8b2b-dceadefbd7cc{ip: 192.168.36.113, host: pr-hdds-1982-decom-states-gjzbw-1854142291, networkLocation: /default-rack, certSerialId: null}, Type:RATIS, Factor:ONE, State:OPEN]
2019-09-10 18:09:56,077 [grpc-default-executor-0] INFO  impl.RaftServerProxy (RaftServerProxy.java:addNew(89)) - b0fafecf-3418-4e4c-a5e4-e5075743f263: addNew group-33F7471C428C:[b0fafecf-3418-4e4c-a5e4-e5075743f263:192.168.36.113:44499] returns group-33F7471C428C:java.util.concurrent.CompletableFuture@4fecda93[Not completed]
2019-09-10 18:09:56,113 [pool-107-thread-1] INFO  impl.RaftServerImpl (RaftServerImpl.java:<init>(95)) - b0fafecf-3418-4e4c-a5e4-e5075743f263: new RaftServerImpl for group-33F7471C428C:[b0fafecf-3418-4e4c-a5e4-e5075743f263:192.168.36.113:44499] with ContainerStateMachine:uninitialized
2019-09-10 18:09:56,113 [pool-107-thread-1] INFO  server.RaftServerConfigKeys (ConfUtils.java:logGet(43)) - raft.server.rpc.timeout.min = 1s (custom)
2019-09-10 18:09:56,113 [pool-107-thread-1] INFO  server.RaftServerConfigKeys (ConfUtils.java:logGet(43)) - raft.server.rpc.timeout.max = 1200ms (custom)
2019-09-10 18:09:56,113 [pool-107-thread-1] INFO  server.RaftServerConfigKeys (ConfUtils.java:logGet(43)) - raft.server.rpcslowness.timeout = 120s (custom)
2019-09-10 18:09:56,113 [pool-107-thread-1] INFO  server.RaftServerConfigKeys (ConfUtils.java:logGet(43)) - raft.server.sleep.deviation.threshold = 300 (default)
2019-09-10 18:09:56,114 [pool-107-thread-1] INFO  server.RaftServerConfigKeys (ConfUtils.java:logGet(43)) - raft.server.log.appender.install.snapshot.enabled = false (custom)
2019-09-10 18:09:56,114 [pool-107-thread-1] INFO  impl.RaftServerImpl (ServerState.java:<init>(103)) - b0fafecf-3418-4e4c-a5e4-e5075743f263@group-33F7471C428C: ConfigurationManager, init=-1: [b0fafecf-3418-4e4c-a5e4-e5075743f263:192.168.36.113:44499], old=null, confs=<EMPTY_MAP>
2019-09-10 18:09:56,114 [pool-107-thread-1] INFO  server.RaftServerConfigKeys (ConfUtils.java:logGet(43)) - raft.server.storage.dir = [/workdir/hadoop-ozone/integration-test/target/test-dir/MiniOzoneClusterImpl-a4bba3eb-5ae6-43ba-8544-0cc5de04918c/datanode-8/data/ratis] (custom)
2019-09-10 18:09:56,114 [pool-107-thread-1] INFO  storage.RaftStorageDirectory (RaftStorageDirectory.java:analyzeStorage(246)) - The storage directory /workdir/hadoop-ozone/integration-test/target/test-dir/MiniOzoneClusterImpl-a4bba3eb-5ae6-43ba-8544-0cc5de04918c/datanode-8/data/ratis/37e04de2-0afc-42fe-838d-33f7471c428c does not exist. Creating ...
2019-09-10 18:09:56,135 [pool-107-thread-1] INFO  storage.RaftStorageDirectory (RaftStorageDirectory.java:tryLock(328)) - Lock on /workdir/hadoop-ozone/integration-test/target/test-dir/MiniOzoneClusterImpl-a4bba3eb-5ae6-43ba-8544-0cc5de04918c/datanode-8/data/ratis/37e04de2-0afc-42fe-838d-33f7471c428c/in_use.lock acquired by nodename 17986@pr-hdds-1982-decom-states-gjzbw-1854142291
2019-09-10 18:09:56,157 [pool-107-thread-1] INFO  storage.RaftStorage (RaftStorage.java:format(72)) - Storage directory /workdir/hadoop-ozone/integration-test/target/test-dir/MiniOzoneClusterImpl-a4bba3eb-5ae6-43ba-8544-0cc5de04918c/datanode-8/data/ratis/37e04de2-0afc-42fe-838d-33f7471c428c has been successfully formatted.
2019-09-10 18:09:56,157 [pool-107-thread-1] INFO  ratis.ContainerStateMachine (ContainerStateMachine.java:loadSnapshot(230)) - group-33F7471C428C: The snapshot info is null. Setting the last applied indexto:(t:0, i:~)
2019-09-10 18:09:56,157 [pool-107-thread-1] INFO  server.RaftServerConfigKeys (ConfUtils.java:logGet(43)) - raft.server.notification.no-leader.timeout = 120s (custom)
2019-09-10 18:09:56,157 [pool-107-thread-1] INFO  server.RaftServerConfigKeys (ConfUtils.java:logGet(43)) - raft.server.log.use.memory = false (default)
2019-09-10 18:09:56,158 [pool-107-thread-1] INFO  server.RaftServerConfigKeys (ConfUtils.java:logGet(43)) - raft.server.log.purge.gap = 1000000 (custom)
2019-09-10 18:09:56,158 [pool-107-thread-1] INFO  server.RaftServerConfigKeys (ConfUtils.java:logGet(43)) - raft.server.log.appender.buffer.byte-limit = 33554432 (custom)
2019-09-10 18:09:56,158 [pool-107-thread-1] INFO  server.RaftServerConfigKeys (ConfUtils.java:logGet(43)) - raft.server.log.segment.size.max = 1048576 (custom)
2019-09-10 18:09:56,158 [pool-107-thread-1] INFO  server.RaftServerConfigKeys (ConfUtils.java:logGet(43)) - raft.server.log.segment.cache.num.max = 2 (custom)
2019-09-10 18:09:56,158 [pool-107-thread-1] INFO  segmented.SegmentedRaftLogWorker (SegmentedRaftLogWorker.java:<init>(172)) - new b0fafecf-3418-4e4c-a5e4-e5075743f263@group-33F7471C428C-SegmentedRaftLogWorker for RaftStorage:Storage Directory /workdir/hadoop-ozone/integration-test/target/test-dir/MiniOzoneClusterImpl-a4bba3eb-5ae6-43ba-8544-0cc5de04918c/datanode-8/data/ratis/37e04de2-0afc-42fe-838d-33f7471c428c
2019-09-10 18:09:56,223 [pool-107-thread-1] INFO  server.RaftServerConfigKeys (ConfUtils.java:logGet(43)) - raft.server.log.queue.byte-limit = 2147483647 (custom)
2019-09-10 18:09:56,223 [pool-107-thread-1] INFO  server.RaftServerConfigKeys (ConfUtils.java:logGet(43)) - raft.server.log.queue.element-limit = 1024 (custom)
2019-09-10 18:09:56,224 [pool-107-thread-1] INFO  server.RaftServerConfigKeys (ConfUtils.java:logGet(43)) - raft.server.log.segment.size.max = 1048576 (custom)
2019-09-10 18:09:56,224 [pool-107-thread-1] INFO  server.RaftServerConfigKeys (ConfUtils.java:logGet(43)) - raft.server.log.preallocated.size = 16384 (custom)
2019-09-10 18:09:56,224 [pool-107-thread-1] INFO  server.RaftServerConfigKeys (ConfUtils.java:logGet(43)) - raft.server.log.write.buffer.size = 33554432 (custom)
2019-09-10 18:09:56,224 [pool-107-thread-1] INFO  server.RaftServerConfigKeys (ConfUtils.java:logGet(43)) - raft.server.log.force.sync.num = 128 (default)
2019-09-10 18:09:56,225 [pool-107-thread-1] INFO  server.RaftServerConfigKeys (ConfUtils.java:logGet(43)) - raft.server.log.statemachine.data.sync = true (default)
2019-09-10 18:09:56,225 [pool-107-thread-1] INFO  server.RaftServerConfigKeys (ConfUtils.java:logGet(43)) - raft.server.log.statemachine.data.sync.timeout = 10s (default)
2019-09-10 18:09:56,225 [pool-107-thread-1] INFO  server.RaftServerConfigKeys (ConfUtils.java:logGet(43)) - raft.server.log.statemachine.data.sync.timeout.retry = -1 (default)
2019-09-10 18:09:56,226 [pool-107-thread-1] INFO  server.RaftServerConfigKeys (ConfUtils.java:logGet(43)) - raft.server.log.statemachine.data.caching.enabled = true (custom)
2019-09-10 18:09:56,226 [pool-107-thread-1] INFO  segmented.SegmentedRaftLogWorker (SegmentedRaftLogWorker.java:lambda$new$0(132)) - b0fafecf-3418-4e4c-a5e4-e5075743f263@group-33F7471C428C-SegmentedRaftLogWorker: flushIndex: setUnconditionally 0 -> -1
2019-09-10 18:09:56,226 [pool-107-thread-1] INFO  server.RaftServerConfigKeys (ConfUtils.java:logGet(43)) - raft.server.snapshot.auto.trigger.enabled = true (custom)
2019-09-10 18:09:56,227 [pool-107-thread-1] INFO  server.RaftServerConfigKeys (ConfUtils.java:logGet(43)) - raft.server.snapshot.auto.trigger.threshold = 10000 (custom)
2019-09-10 18:09:56,227 [pool-107-thread-1] INFO  server.RaftServerConfigKeys (ConfUtils.java:logGet(43)) - raft.server.snapshot.retention.num.files = -1 (default)
2019-09-10 18:09:56,227 [pool-107-thread-1] INFO  server.RaftServerConfigKeys (ConfUtils.java:logGet(43)) - raft.server.retrycache.expirytime = 600000ms (custom)
2019-09-10 18:09:56,233 [pool-107-thread-1] INFO  impl.RaftServerImpl (RaftServerImpl.java:start(185)) - b0fafecf-3418-4e4c-a5e4-e5075743f263@group-33F7471C428C: start as a follower, conf=-1: [b0fafecf-3418-4e4c-a5e4-e5075743f263:192.168.36.113:44499], old=null
2019-09-10 18:09:56,233 [pool-107-thread-1] INFO  impl.RaftServerImpl (RaftServerImpl.java:setRole(174)) - b0fafecf-3418-4e4c-a5e4-e5075743f263@group-33F7471C428C: changes role from      null to FOLLOWER at term 0 for startAsFollower
2019-09-10 18:09:56,234 [pool-107-thread-1] INFO  impl.RoleInfo (RoleInfo.java:updateAndGet(143)) - b0fafecf-3418-4e4c-a5e4-e5075743f263: start FollowerState
2019-09-10 18:09:56,234 [pool-107-thread-1] INFO  util.JmxRegister (JmxRegister.java:tryRegister(44)) - Successfully registered JMX Bean with object name Ratis:service=RaftServer,group=group-33F7471C428C,id=b0fafecf-3418-4e4c-a5e4-e5075743f263
2019-09-10 18:09:56,253 [RatisPipelineUtilsThread] INFO  pipeline.PipelineStateManager (PipelineStateManager.java:addPipeline(56)) - Created pipeline Pipeline[ Id: 37e04de2-0afc-42fe-838d-33f7471c428c, Nodes: b0fafecf-3418-4e4c-a5e4-e5075743f263{ip: 192.168.36.113, host: pr-hdds-1982-decom-states-gjzbw-1854142291, networkLocation: /default-rack, certSerialId: null}, Type:RATIS, Factor:ONE, State:OPEN]
2019-09-10 18:09:56,282 [grpc-default-executor-0] INFO  impl.RaftServerProxy (RaftServerProxy.java:addNew(89)) - 49bcc910-1f14-48b7-a318-d2e01e8ffdec: addNew group-2D4FF39FB527:[49bcc910-1f14-48b7-a318-d2e01e8ffdec:192.168.36.113:46072] returns group-2D4FF39FB527:java.util.concurrent.CompletableFuture@4d3280ae[Not completed]
2019-09-10 18:09:56,288 [pool-117-thread-1] INFO  impl.RaftServerImpl (RaftServerImpl.java:<init>(95)) - 49bcc910-1f14-48b7-a318-d2e01e8ffdec: new RaftServerImpl for group-2D4FF39FB527:[49bcc910-1f14-48b7-a318-d2e01e8ffdec:192.168.36.113:46072] with ContainerStateMachine:uninitialized
2019-09-10 18:09:56,288 [pool-117-thread-1] INFO  server.RaftServerConfigKeys (ConfUtils.java:logGet(43)) - raft.server.rpc.timeout.min = 1s (custom)
2019-09-10 18:09:56,288 [pool-117-thread-1] INFO  server.RaftServerConfigKeys (ConfUtils.java:logGet(43)) - raft.server.rpc.timeout.max = 1200ms (custom)
2019-09-10 18:09:56,288 [pool-117-thread-1] INFO  server.RaftServerConfigKeys (ConfUtils.java:logGet(43)) - raft.server.rpcslowness.timeout = 120s (custom)
2019-09-10 18:09:56,288 [pool-117-thread-1] INFO  server.RaftServerConfigKeys (ConfUtils.java:logGet(43)) - raft.server.sleep.deviation.threshold = 300 (default)
2019-09-10 18:09:56,288 [pool-117-thread-1] INFO  server.RaftServerConfigKeys (ConfUtils.java:logGet(43)) - raft.server.log.appender.install.snapshot.enabled = false (custom)
2019-09-10 18:09:56,289 [pool-117-thread-1] INFO  impl.RaftServerImpl (ServerState.java:<init>(103)) - 49bcc910-1f14-48b7-a318-d2e01e8ffdec@group-2D4FF39FB527: ConfigurationManager, init=-1: [49bcc910-1f14-48b7-a318-d2e01e8ffdec:192.168.36.113:46072], old=null, confs=<EMPTY_MAP>
2019-09-10 18:09:56,289 [pool-117-thread-1] INFO  server.RaftServerConfigKeys (ConfUtils.java:logGet(43)) - raft.server.storage.dir = [/workdir/hadoop-ozone/integration-test/target/test-dir/MiniOzoneClusterImpl-a4bba3eb-5ae6-43ba-8544-0cc5de04918c/datanode-9/data/ratis] (custom)
2019-09-10 18:09:56,289 [pool-117-thread-1] INFO  storage.RaftStorageDirectory (RaftStorageDirectory.java:analyzeStorage(246)) - The storage directory /workdir/hadoop-ozone/integration-test/target/test-dir/MiniOzoneClusterImpl-a4bba3eb-5ae6-43ba-8544-0cc5de04918c/datanode-9/data/ratis/271696b5-3cbd-4440-85c4-2d4ff39fb527 does not exist. Creating ...
2019-09-10 18:09:56,316 [pool-117-thread-1] INFO  storage.RaftStorageDirectory (RaftStorageDirectory.java:tryLock(328)) - Lock on /workdir/hadoop-ozone/integration-test/target/test-dir/MiniOzoneClusterImpl-a4bba3eb-5ae6-43ba-8544-0cc5de04918c/datanode-9/data/ratis/271696b5-3cbd-4440-85c4-2d4ff39fb527/in_use.lock acquired by nodename 17986@pr-hdds-1982-decom-states-gjzbw-1854142291
2019-09-10 18:09:56,351 [pool-117-thread-1] INFO  storage.RaftStorage (RaftStorage.java:format(72)) - Storage directory /workdir/hadoop-ozone/integration-test/target/test-dir/MiniOzoneClusterImpl-a4bba3eb-5ae6-43ba-8544-0cc5de04918c/datanode-9/data/ratis/271696b5-3cbd-4440-85c4-2d4ff39fb527 has been successfully formatted.
2019-09-10 18:09:56,352 [pool-117-thread-1] INFO  ratis.ContainerStateMachine (ContainerStateMachine.java:loadSnapshot(230)) - group-2D4FF39FB527: The snapshot info is null. Setting the last applied indexto:(t:0, i:~)
2019-09-10 18:09:56,352 [pool-117-thread-1] INFO  server.RaftServerConfigKeys (ConfUtils.java:logGet(43)) - raft.server.notification.no-leader.timeout = 120s (custom)
2019-09-10 18:09:56,352 [pool-117-thread-1] INFO  server.RaftServerConfigKeys (ConfUtils.java:logGet(43)) - raft.server.log.use.memory = false (default)
2019-09-10 18:09:56,352 [pool-117-thread-1] INFO  server.RaftServerConfigKeys (ConfUtils.java:logGet(43)) - raft.server.log.purge.gap = 1000000 (custom)
2019-09-10 18:09:56,353 [pool-117-thread-1] INFO  server.RaftServerConfigKeys (ConfUtils.java:logGet(43)) - raft.server.log.appender.buffer.byte-limit = 33554432 (custom)
2019-09-10 18:09:56,353 [pool-117-thread-1] INFO  server.RaftServerConfigKeys (ConfUtils.java:logGet(43)) - raft.server.log.segment.size.max = 1048576 (custom)
2019-09-10 18:09:56,353 [pool-117-thread-1] INFO  server.RaftServerConfigKeys (ConfUtils.java:logGet(43)) - raft.server.log.segment.cache.num.max = 2 (custom)
2019-09-10 18:09:56,353 [pool-117-thread-1] INFO  segmented.SegmentedRaftLogWorker (SegmentedRaftLogWorker.java:<init>(172)) - new 49bcc910-1f14-48b7-a318-d2e01e8ffdec@group-2D4FF39FB527-SegmentedRaftLogWorker for RaftStorage:Storage Directory /workdir/hadoop-ozone/integration-test/target/test-dir/MiniOzoneClusterImpl-a4bba3eb-5ae6-43ba-8544-0cc5de04918c/datanode-9/data/ratis/271696b5-3cbd-4440-85c4-2d4ff39fb527
2019-09-10 18:09:56,359 [pool-117-thread-1] INFO  server.RaftServerConfigKeys (ConfUtils.java:logGet(43)) - raft.server.log.queue.byte-limit = 2147483647 (custom)
2019-09-10 18:09:56,359 [pool-117-thread-1] INFO  server.RaftServerConfigKeys (ConfUtils.java:logGet(43)) - raft.server.log.queue.element-limit = 1024 (custom)
2019-09-10 18:09:56,360 [pool-117-thread-1] INFO  server.RaftServerConfigKeys (ConfUtils.java:logGet(43)) - raft.server.log.segment.size.max = 1048576 (custom)
2019-09-10 18:09:56,360 [pool-117-thread-1] INFO  server.RaftServerConfigKeys (ConfUtils.java:logGet(43)) - raft.server.log.preallocated.size = 16384 (custom)
2019-09-10 18:09:56,360 [pool-117-thread-1] INFO  server.RaftServerConfigKeys (ConfUtils.java:logGet(43)) - raft.server.log.write.buffer.size = 33554432 (custom)
2019-09-10 18:09:56,360 [pool-117-thread-1] INFO  server.RaftServerConfigKeys (ConfUtils.java:logGet(43)) - raft.server.log.force.sync.num = 128 (default)
2019-09-10 18:09:56,360 [pool-117-thread-1] INFO  server.RaftServerConfigKeys (ConfUtils.java:logGet(43)) - raft.server.log.statemachine.data.sync = true (default)
2019-09-10 18:09:56,361 [pool-117-thread-1] INFO  server.RaftServerConfigKeys (ConfUtils.java:logGet(43)) - raft.server.log.statemachine.data.sync.timeout = 10s (default)
2019-09-10 18:09:56,361 [pool-117-thread-1] INFO  server.RaftServerConfigKeys (ConfUtils.java:logGet(43)) - raft.server.log.statemachine.data.sync.timeout.retry = -1 (default)
2019-09-10 18:09:56,361 [pool-117-thread-1] INFO  server.RaftServerConfigKeys (ConfUtils.java:logGet(43)) - raft.server.log.statemachine.data.caching.enabled = true (custom)
2019-09-10 18:09:56,362 [pool-117-thread-1] INFO  segmented.SegmentedRaftLogWorker (SegmentedRaftLogWorker.java:lambda$new$0(132)) - 49bcc910-1f14-48b7-a318-d2e01e8ffdec@group-2D4FF39FB527-SegmentedRaftLogWorker: flushIndex: setUnconditionally 0 -> -1
2019-09-10 18:09:56,362 [pool-117-thread-1] INFO  server.RaftServerConfigKeys (ConfUtils.java:logGet(43)) - raft.server.snapshot.auto.trigger.enabled = true (custom)
2019-09-10 18:09:56,362 [pool-117-thread-1] INFO  server.RaftServerConfigKeys (ConfUtils.java:logGet(43)) - raft.server.snapshot.auto.trigger.threshold = 10000 (custom)
2019-09-10 18:09:56,362 [pool-117-thread-1] INFO  server.RaftServerConfigKeys (ConfUtils.java:logGet(43)) - raft.server.snapshot.retention.num.files = -1 (default)
2019-09-10 18:09:56,363 [pool-117-thread-1] INFO  server.RaftServerConfigKeys (ConfUtils.java:logGet(43)) - raft.server.retrycache.expirytime = 600000ms (custom)
2019-09-10 18:09:56,368 [pool-117-thread-1] INFO  impl.RaftServerImpl (RaftServerImpl.java:start(185)) - 49bcc910-1f14-48b7-a318-d2e01e8ffdec@group-2D4FF39FB527: start as a follower, conf=-1: [49bcc910-1f14-48b7-a318-d2e01e8ffdec:192.168.36.113:46072], old=null
2019-09-10 18:09:56,369 [pool-117-thread-1] INFO  impl.RaftServerImpl (RaftServerImpl.java:setRole(174)) - 49bcc910-1f14-48b7-a318-d2e01e8ffdec@group-2D4FF39FB527: changes role from      null to FOLLOWER at term 0 for startAsFollower
2019-09-10 18:09:56,369 [pool-117-thread-1] INFO  impl.RoleInfo (RoleInfo.java:updateAndGet(143)) - 49bcc910-1f14-48b7-a318-d2e01e8ffdec: start FollowerState
2019-09-10 18:09:56,369 [pool-117-thread-1] INFO  util.JmxRegister (JmxRegister.java:tryRegister(44)) - Successfully registered JMX Bean with object name Ratis:service=RaftServer,group=group-2D4FF39FB527,id=49bcc910-1f14-48b7-a318-d2e01e8ffdec
2019-09-10 18:09:56,396 [RatisPipelineUtilsThread] INFO  pipeline.PipelineStateManager (PipelineStateManager.java:addPipeline(56)) - Created pipeline Pipeline[ Id: 271696b5-3cbd-4440-85c4-2d4ff39fb527, Nodes: 49bcc910-1f14-48b7-a318-d2e01e8ffdec{ip: 192.168.36.113, host: pr-hdds-1982-decom-states-gjzbw-1854142291, networkLocation: /default-rack, certSerialId: null}, Type:RATIS, Factor:ONE, State:OPEN]
2019-09-10 18:09:56,417 [grpc-default-executor-0] INFO  impl.RaftServerProxy (RaftServerProxy.java:addNew(89)) - 8cbcd714-dd76-45fa-910f-f3e67512086a: addNew group-06E40EBA5997:[8cbcd714-dd76-45fa-910f-f3e67512086a:192.168.36.113:33895] returns group-06E40EBA5997:java.util.concurrent.CompletableFuture@2f0b5957[Not completed]
2019-09-10 18:09:56,424 [pool-37-thread-1] INFO  impl.RaftServerImpl (RaftServerImpl.java:<init>(95)) - 8cbcd714-dd76-45fa-910f-f3e67512086a: new RaftServerImpl for group-06E40EBA5997:[8cbcd714-dd76-45fa-910f-f3e67512086a:192.168.36.113:33895] with ContainerStateMachine:uninitialized
2019-09-10 18:09:56,424 [pool-37-thread-1] INFO  server.RaftServerConfigKeys (ConfUtils.java:logGet(43)) - raft.server.rpc.timeout.min = 1s (custom)
2019-09-10 18:09:56,425 [pool-37-thread-1] INFO  server.RaftServerConfigKeys (ConfUtils.java:logGet(43)) - raft.server.rpc.timeout.max = 1200ms (custom)
2019-09-10 18:09:56,425 [pool-37-thread-1] INFO  server.RaftServerConfigKeys (ConfUtils.java:logGet(43)) - raft.server.rpcslowness.timeout = 120s (custom)
2019-09-10 18:09:56,425 [pool-37-thread-1] INFO  server.RaftServerConfigKeys (ConfUtils.java:logGet(43)) - raft.server.sleep.deviation.threshold = 300 (default)
2019-09-10 18:09:56,425 [pool-37-thread-1] INFO  server.RaftServerConfigKeys (ConfUtils.java:logGet(43)) - raft.server.log.appender.install.snapshot.enabled = false (custom)
2019-09-10 18:09:56,425 [pool-37-thread-1] INFO  impl.RaftServerImpl (ServerState.java:<init>(103)) - 8cbcd714-dd76-45fa-910f-f3e67512086a@group-06E40EBA5997: ConfigurationManager, init=-1: [8cbcd714-dd76-45fa-910f-f3e67512086a:192.168.36.113:33895], old=null, confs=<EMPTY_MAP>
2019-09-10 18:09:56,425 [pool-37-thread-1] INFO  server.RaftServerConfigKeys (ConfUtils.java:logGet(43)) - raft.server.storage.dir = [/workdir/hadoop-ozone/integration-test/target/test-dir/MiniOzoneClusterImpl-a4bba3eb-5ae6-43ba-8544-0cc5de04918c/datanode-1/data/ratis] (custom)
2019-09-10 18:09:56,426 [pool-37-thread-1] INFO  storage.RaftStorageDirectory (RaftStorageDirectory.java:analyzeStorage(246)) - The storage directory /workdir/hadoop-ozone/integration-test/target/test-dir/MiniOzoneClusterImpl-a4bba3eb-5ae6-43ba-8544-0cc5de04918c/datanode-1/data/ratis/051aa99d-f089-4eda-8c3e-06e40eba5997 does not exist. Creating ...
2019-09-10 18:09:56,452 [pool-37-thread-1] INFO  storage.RaftStorageDirectory (RaftStorageDirectory.java:tryLock(328)) - Lock on /workdir/hadoop-ozone/integration-test/target/test-dir/MiniOzoneClusterImpl-a4bba3eb-5ae6-43ba-8544-0cc5de04918c/datanode-1/data/ratis/051aa99d-f089-4eda-8c3e-06e40eba5997/in_use.lock acquired by nodename 17986@pr-hdds-1982-decom-states-gjzbw-1854142291
2019-09-10 18:09:56,469 [pool-37-thread-1] INFO  storage.RaftStorage (RaftStorage.java:format(72)) - Storage directory /workdir/hadoop-ozone/integration-test/target/test-dir/MiniOzoneClusterImpl-a4bba3eb-5ae6-43ba-8544-0cc5de04918c/datanode-1/data/ratis/051aa99d-f089-4eda-8c3e-06e40eba5997 has been successfully formatted.
2019-09-10 18:09:56,469 [pool-37-thread-1] INFO  ratis.ContainerStateMachine (ContainerStateMachine.java:loadSnapshot(230)) - group-06E40EBA5997: The snapshot info is null. Setting the last applied indexto:(t:0, i:~)
2019-09-10 18:09:56,469 [pool-37-thread-1] INFO  server.RaftServerConfigKeys (ConfUtils.java:logGet(43)) - raft.server.notification.no-leader.timeout = 120s (custom)
2019-09-10 18:09:56,469 [pool-37-thread-1] INFO  server.RaftServerConfigKeys (ConfUtils.java:logGet(43)) - raft.server.log.use.memory = false (default)
2019-09-10 18:09:56,470 [pool-37-thread-1] INFO  server.RaftServerConfigKeys (ConfUtils.java:logGet(43)) - raft.server.log.purge.gap = 1000000 (custom)
2019-09-10 18:09:56,470 [pool-37-thread-1] INFO  server.RaftServerConfigKeys (ConfUtils.java:logGet(43)) - raft.server.log.appender.buffer.byte-limit = 33554432 (custom)
2019-09-10 18:09:56,470 [pool-37-thread-1] INFO  server.RaftServerConfigKeys (ConfUtils.java:logGet(43)) - raft.server.log.segment.size.max = 1048576 (custom)
2019-09-10 18:09:56,470 [pool-37-thread-1] INFO  server.RaftServerConfigKeys (ConfUtils.java:logGet(43)) - raft.server.log.segment.cache.num.max = 2 (custom)
2019-09-10 18:09:56,470 [pool-37-thread-1] INFO  segmented.SegmentedRaftLogWorker (SegmentedRaftLogWorker.java:<init>(172)) - new 8cbcd714-dd76-45fa-910f-f3e67512086a@group-06E40EBA5997-SegmentedRaftLogWorker for RaftStorage:Storage Directory /workdir/hadoop-ozone/integration-test/target/test-dir/MiniOzoneClusterImpl-a4bba3eb-5ae6-43ba-8544-0cc5de04918c/datanode-1/data/ratis/051aa99d-f089-4eda-8c3e-06e40eba5997
2019-09-10 18:09:56,475 [pool-37-thread-1] INFO  server.RaftServerConfigKeys (ConfUtils.java:logGet(43)) - raft.server.log.queue.byte-limit = 2147483647 (custom)
2019-09-10 18:09:56,476 [pool-37-thread-1] INFO  server.RaftServerConfigKeys (ConfUtils.java:logGet(43)) - raft.server.log.queue.element-limit = 1024 (custom)
2019-09-10 18:09:56,476 [pool-37-thread-1] INFO  server.RaftServerConfigKeys (ConfUtils.java:logGet(43)) - raft.server.log.segment.size.max = 1048576 (custom)
2019-09-10 18:09:56,476 [pool-37-thread-1] INFO  server.RaftServerConfigKeys (ConfUtils.java:logGet(43)) - raft.server.log.preallocated.size = 16384 (custom)
2019-09-10 18:09:56,476 [pool-37-thread-1] INFO  server.RaftServerConfigKeys (ConfUtils.java:logGet(43)) - raft.server.log.write.buffer.size = 33554432 (custom)
2019-09-10 18:09:56,477 [pool-37-thread-1] INFO  server.RaftServerConfigKeys (ConfUtils.java:logGet(43)) - raft.server.log.force.sync.num = 128 (default)
2019-09-10 18:09:56,477 [pool-37-thread-1] INFO  server.RaftServerConfigKeys (ConfUtils.java:logGet(43)) - raft.server.log.statemachine.data.sync = true (default)
2019-09-10 18:09:56,477 [pool-37-thread-1] INFO  server.RaftServerConfigKeys (ConfUtils.java:logGet(43)) - raft.server.log.statemachine.data.sync.timeout = 10s (default)
2019-09-10 18:09:56,477 [pool-37-thread-1] INFO  server.RaftServerConfigKeys (ConfUtils.java:logGet(43)) - raft.server.log.statemachine.data.sync.timeout.retry = -1 (default)
2019-09-10 18:09:56,478 [pool-37-thread-1] INFO  server.RaftServerConfigKeys (ConfUtils.java:logGet(43)) - raft.server.log.statemachine.data.caching.enabled = true (custom)
2019-09-10 18:09:56,478 [pool-37-thread-1] INFO  segmented.SegmentedRaftLogWorker (SegmentedRaftLogWorker.java:lambda$new$0(132)) - 8cbcd714-dd76-45fa-910f-f3e67512086a@group-06E40EBA5997-SegmentedRaftLogWorker: flushIndex: setUnconditionally 0 -> -1
2019-09-10 18:09:56,478 [pool-37-thread-1] INFO  server.RaftServerConfigKeys (ConfUtils.java:logGet(43)) - raft.server.snapshot.auto.trigger.enabled = true (custom)
2019-09-10 18:09:56,479 [pool-37-thread-1] INFO  server.RaftServerConfigKeys (ConfUtils.java:logGet(43)) - raft.server.snapshot.auto.trigger.threshold = 10000 (custom)
2019-09-10 18:09:56,479 [pool-37-thread-1] INFO  server.RaftServerConfigKeys (ConfUtils.java:logGet(43)) - raft.server.snapshot.retention.num.files = -1 (default)
2019-09-10 18:09:56,479 [pool-37-thread-1] INFO  server.RaftServerConfigKeys (ConfUtils.java:logGet(43)) - raft.server.retrycache.expirytime = 600000ms (custom)
2019-09-10 18:09:56,495 [pool-37-thread-1] INFO  impl.RaftServerImpl (RaftServerImpl.java:start(185)) - 8cbcd714-dd76-45fa-910f-f3e67512086a@group-06E40EBA5997: start as a follower, conf=-1: [8cbcd714-dd76-45fa-910f-f3e67512086a:192.168.36.113:33895], old=null
2019-09-10 18:09:56,495 [pool-37-thread-1] INFO  impl.RaftServerImpl (RaftServerImpl.java:setRole(174)) - 8cbcd714-dd76-45fa-910f-f3e67512086a@group-06E40EBA5997: changes role from      null to FOLLOWER at term 0 for startAsFollower
2019-09-10 18:09:56,495 [pool-37-thread-1] INFO  impl.RoleInfo (RoleInfo.java:updateAndGet(143)) - 8cbcd714-dd76-45fa-910f-f3e67512086a: start FollowerState
2019-09-10 18:09:56,496 [pool-37-thread-1] INFO  util.JmxRegister (JmxRegister.java:tryRegister(44)) - Successfully registered JMX Bean with object name Ratis:service=RaftServer,group=group-06E40EBA5997,id=8cbcd714-dd76-45fa-910f-f3e67512086a
2019-09-10 18:09:56,516 [RatisPipelineUtilsThread] INFO  pipeline.PipelineStateManager (PipelineStateManager.java:addPipeline(56)) - Created pipeline Pipeline[ Id: 051aa99d-f089-4eda-8c3e-06e40eba5997, Nodes: 8cbcd714-dd76-45fa-910f-f3e67512086a{ip: 192.168.36.113, host: pr-hdds-1982-decom-states-gjzbw-1854142291, networkLocation: /default-rack, certSerialId: null}, Type:RATIS, Factor:ONE, State:OPEN]
2019-09-10 18:09:56,540 [grpc-default-executor-0] INFO  impl.RaftServerProxy (RaftServerProxy.java:addNew(89)) - d8255f37-89f1-48d2-bcda-7654f43e2557: addNew group-C6BF460E91BC:[d8255f37-89f1-48d2-bcda-7654f43e2557:192.168.36.113:33855] returns group-C6BF460E91BC:java.util.concurrent.CompletableFuture@77fd7359[Not completed]
2019-09-10 18:09:56,548 [pool-87-thread-1] INFO  impl.RaftServerImpl (RaftServerImpl.java:<init>(95)) - d8255f37-89f1-48d2-bcda-7654f43e2557: new RaftServerImpl for group-C6BF460E91BC:[d8255f37-89f1-48d2-bcda-7654f43e2557:192.168.36.113:33855] with ContainerStateMachine:uninitialized
2019-09-10 18:09:56,548 [pool-87-thread-1] INFO  server.RaftServerConfigKeys (ConfUtils.java:logGet(43)) - raft.server.rpc.timeout.min = 1s (custom)
2019-09-10 18:09:56,548 [pool-87-thread-1] INFO  server.RaftServerConfigKeys (ConfUtils.java:logGet(43)) - raft.server.rpc.timeout.max = 1200ms (custom)
2019-09-10 18:09:56,548 [pool-87-thread-1] INFO  server.RaftServerConfigKeys (ConfUtils.java:logGet(43)) - raft.server.rpcslowness.timeout = 120s (custom)
2019-09-10 18:09:56,548 [pool-87-thread-1] INFO  server.RaftServerConfigKeys (ConfUtils.java:logGet(43)) - raft.server.sleep.deviation.threshold = 300 (default)
2019-09-10 18:09:56,549 [pool-87-thread-1] INFO  server.RaftServerConfigKeys (ConfUtils.java:logGet(43)) - raft.server.log.appender.install.snapshot.enabled = false (custom)
2019-09-10 18:09:56,549 [pool-87-thread-1] INFO  impl.RaftServerImpl (ServerState.java:<init>(103)) - d8255f37-89f1-48d2-bcda-7654f43e2557@group-C6BF460E91BC: ConfigurationManager, init=-1: [d8255f37-89f1-48d2-bcda-7654f43e2557:192.168.36.113:33855], old=null, confs=<EMPTY_MAP>
2019-09-10 18:09:56,549 [pool-87-thread-1] INFO  server.RaftServerConfigKeys (ConfUtils.java:logGet(43)) - raft.server.storage.dir = [/workdir/hadoop-ozone/integration-test/target/test-dir/MiniOzoneClusterImpl-a4bba3eb-5ae6-43ba-8544-0cc5de04918c/datanode-6/data/ratis] (custom)
2019-09-10 18:09:56,550 [pool-87-thread-1] INFO  storage.RaftStorageDirectory (RaftStorageDirectory.java:analyzeStorage(246)) - The storage directory /workdir/hadoop-ozone/integration-test/target/test-dir/MiniOzoneClusterImpl-a4bba3eb-5ae6-43ba-8544-0cc5de04918c/datanode-6/data/ratis/c673e102-142b-4886-ac5d-c6bf460e91bc does not exist. Creating ...
2019-09-10 18:09:56,569 [pool-87-thread-1] INFO  storage.RaftStorageDirectory (RaftStorageDirectory.java:tryLock(328)) - Lock on /workdir/hadoop-ozone/integration-test/target/test-dir/MiniOzoneClusterImpl-a4bba3eb-5ae6-43ba-8544-0cc5de04918c/datanode-6/data/ratis/c673e102-142b-4886-ac5d-c6bf460e91bc/in_use.lock acquired by nodename 17986@pr-hdds-1982-decom-states-gjzbw-1854142291
2019-09-10 18:09:56,584 [main] INFO  ozone.MiniOzoneClusterImpl (MiniOzoneClusterImpl.java:lambda$waitForClusterToBeReady$0(140)) - Cluster is ready. Got 10 of 10 DN Heartbeats.
2019-09-10 18:09:56,594 [pool-87-thread-1] INFO  storage.RaftStorage (RaftStorage.java:format(72)) - Storage directory /workdir/hadoop-ozone/integration-test/target/test-dir/MiniOzoneClusterImpl-a4bba3eb-5ae6-43ba-8544-0cc5de04918c/datanode-6/data/ratis/c673e102-142b-4886-ac5d-c6bf460e91bc has been successfully formatted.
2019-09-10 18:09:56,595 [pool-87-thread-1] INFO  ratis.ContainerStateMachine (ContainerStateMachine.java:loadSnapshot(230)) - group-C6BF460E91BC: The snapshot info is null. Setting the last applied indexto:(t:0, i:~)
2019-09-10 18:09:56,595 [pool-87-thread-1] INFO  server.RaftServerConfigKeys (ConfUtils.java:logGet(43)) - raft.server.notification.no-leader.timeout = 120s (custom)
2019-09-10 18:09:56,596 [pool-87-thread-1] INFO  server.RaftServerConfigKeys (ConfUtils.java:logGet(43)) - raft.server.log.use.memory = false (default)
2019-09-10 18:09:56,596 [pool-87-thread-1] INFO  server.RaftServerConfigKeys (ConfUtils.java:logGet(43)) - raft.server.log.purge.gap = 1000000 (custom)
2019-09-10 18:09:56,596 [pool-87-thread-1] INFO  server.RaftServerConfigKeys (ConfUtils.java:logGet(43)) - raft.server.log.appender.buffer.byte-limit = 33554432 (custom)
2019-09-10 18:09:56,597 [pool-87-thread-1] INFO  server.RaftServerConfigKeys (ConfUtils.java:logGet(43)) - raft.server.log.segment.size.max = 1048576 (custom)
2019-09-10 18:09:56,597 [pool-87-thread-1] INFO  server.RaftServerConfigKeys (ConfUtils.java:logGet(43)) - raft.server.log.segment.cache.num.max = 2 (custom)
2019-09-10 18:09:56,597 [pool-87-thread-1] INFO  segmented.SegmentedRaftLogWorker (SegmentedRaftLogWorker.java:<init>(172)) - new d8255f37-89f1-48d2-bcda-7654f43e2557@group-C6BF460E91BC-SegmentedRaftLogWorker for RaftStorage:Storage Directory /workdir/hadoop-ozone/integration-test/target/test-dir/MiniOzoneClusterImpl-a4bba3eb-5ae6-43ba-8544-0cc5de04918c/datanode-6/data/ratis/c673e102-142b-4886-ac5d-c6bf460e91bc
2019-09-10 18:09:56,602 [pool-87-thread-1] INFO  server.RaftServerConfigKeys (ConfUtils.java:logGet(43)) - raft.server.log.queue.byte-limit = 2147483647 (custom)
2019-09-10 18:09:56,603 [pool-87-thread-1] INFO  server.RaftServerConfigKeys (ConfUtils.java:logGet(43)) - raft.server.log.queue.element-limit = 1024 (custom)
2019-09-10 18:09:56,603 [pool-87-thread-1] INFO  server.RaftServerConfigKeys (ConfUtils.java:logGet(43)) - raft.server.log.segment.size.max = 1048576 (custom)
2019-09-10 18:09:56,603 [pool-87-thread-1] INFO  server.RaftServerConfigKeys (ConfUtils.java:logGet(43)) - raft.server.log.preallocated.size = 16384 (custom)
2019-09-10 18:09:56,603 [pool-87-thread-1] INFO  server.RaftServerConfigKeys (ConfUtils.java:logGet(43)) - raft.server.log.write.buffer.size = 33554432 (custom)
2019-09-10 18:09:56,604 [pool-87-thread-1] INFO  server.RaftServerConfigKeys (ConfUtils.java:logGet(43)) - raft.server.log.force.sync.num = 128 (default)
2019-09-10 18:09:56,604 [pool-87-thread-1] INFO  server.RaftServerConfigKeys (ConfUtils.java:logGet(43)) - raft.server.log.statemachine.data.sync = true (default)
2019-09-10 18:09:56,604 [pool-87-thread-1] INFO  server.RaftServerConfigKeys (ConfUtils.java:logGet(43)) - raft.server.log.statemachine.data.sync.timeout = 10s (default)
2019-09-10 18:09:56,604 [pool-87-thread-1] INFO  server.RaftServerConfigKeys (ConfUtils.java:logGet(43)) - raft.server.log.statemachine.data.sync.timeout.retry = -1 (default)
2019-09-10 18:09:56,605 [pool-87-thread-1] INFO  server.RaftServerConfigKeys (ConfUtils.java:logGet(43)) - raft.server.log.statemachine.data.caching.enabled = true (custom)
2019-09-10 18:09:56,605 [pool-87-thread-1] INFO  segmented.SegmentedRaftLogWorker (SegmentedRaftLogWorker.java:lambda$new$0(132)) - d8255f37-89f1-48d2-bcda-7654f43e2557@group-C6BF460E91BC-SegmentedRaftLogWorker: flushIndex: setUnconditionally 0 -> -1
2019-09-10 18:09:56,606 [pool-87-thread-1] INFO  server.RaftServerConfigKeys (ConfUtils.java:logGet(43)) - raft.server.snapshot.auto.trigger.enabled = true (custom)
2019-09-10 18:09:56,606 [pool-87-thread-1] INFO  server.RaftServerConfigKeys (ConfUtils.java:logGet(43)) - raft.server.snapshot.auto.trigger.threshold = 10000 (custom)
2019-09-10 18:09:56,606 [pool-87-thread-1] INFO  server.RaftServerConfigKeys (ConfUtils.java:logGet(43)) - raft.server.snapshot.retention.num.files = -1 (default)
2019-09-10 18:09:56,607 [pool-87-thread-1] INFO  server.RaftServerConfigKeys (ConfUtils.java:logGet(43)) - raft.server.retrycache.expirytime = 600000ms (custom)
2019-09-10 18:09:56,612 [pool-87-thread-1] INFO  impl.RaftServerImpl (RaftServerImpl.java:start(185)) - d8255f37-89f1-48d2-bcda-7654f43e2557@group-C6BF460E91BC: start as a follower, conf=-1: [d8255f37-89f1-48d2-bcda-7654f43e2557:192.168.36.113:33855], old=null
2019-09-10 18:09:56,612 [pool-87-thread-1] INFO  impl.RaftServerImpl (RaftServerImpl.java:setRole(174)) - d8255f37-89f1-48d2-bcda-7654f43e2557@group-C6BF460E91BC: changes role from      null to FOLLOWER at term 0 for startAsFollower
2019-09-10 18:09:56,613 [pool-87-thread-1] INFO  impl.RoleInfo (RoleInfo.java:updateAndGet(143)) - d8255f37-89f1-48d2-bcda-7654f43e2557: start FollowerState
2019-09-10 18:09:56,613 [pool-87-thread-1] INFO  util.JmxRegister (JmxRegister.java:tryRegister(44)) - Successfully registered JMX Bean with object name Ratis:service=RaftServer,group=group-C6BF460E91BC,id=d8255f37-89f1-48d2-bcda-7654f43e2557
2019-09-10 18:09:56,632 [RatisPipelineUtilsThread] INFO  pipeline.PipelineStateManager (PipelineStateManager.java:addPipeline(56)) - Created pipeline Pipeline[ Id: c673e102-142b-4886-ac5d-c6bf460e91bc, Nodes: d8255f37-89f1-48d2-bcda-7654f43e2557{ip: 192.168.36.113, host: pr-hdds-1982-decom-states-gjzbw-1854142291, networkLocation: /default-rack, certSerialId: null}, Type:RATIS, Factor:ONE, State:OPEN]
2019-09-10 18:09:56,660 [grpc-default-executor-0] INFO  impl.RaftServerProxy (RaftServerProxy.java:addNew(89)) - 208154af-b43d-417a-8ba8-8a37a4d1ac9e: addNew group-CDC198084065:[208154af-b43d-417a-8ba8-8a37a4d1ac9e:192.168.36.113:42355] returns group-CDC198084065:java.util.concurrent.CompletableFuture@4d01291a[Not completed]
2019-09-10 18:09:56,667 [pool-57-thread-1] INFO  impl.RaftServerImpl (RaftServerImpl.java:<init>(95)) - 208154af-b43d-417a-8ba8-8a37a4d1ac9e: new RaftServerImpl for group-CDC198084065:[208154af-b43d-417a-8ba8-8a37a4d1ac9e:192.168.36.113:42355] with ContainerStateMachine:uninitialized
2019-09-10 18:09:56,667 [pool-57-thread-1] INFO  server.RaftServerConfigKeys (ConfUtils.java:logGet(43)) - raft.server.rpc.timeout.min = 1s (custom)
2019-09-10 18:09:56,667 [pool-57-thread-1] INFO  server.RaftServerConfigKeys (ConfUtils.java:logGet(43)) - raft.server.rpc.timeout.max = 1200ms (custom)
2019-09-10 18:09:56,667 [pool-57-thread-1] INFO  server.RaftServerConfigKeys (ConfUtils.java:logGet(43)) - raft.server.rpcslowness.timeout = 120s (custom)
2019-09-10 18:09:56,667 [pool-57-thread-1] INFO  server.RaftServerConfigKeys (ConfUtils.java:logGet(43)) - raft.server.sleep.deviation.threshold = 300 (default)
2019-09-10 18:09:56,668 [pool-57-thread-1] INFO  server.RaftServerConfigKeys (ConfUtils.java:logGet(43)) - raft.server.log.appender.install.snapshot.enabled = false (custom)
2019-09-10 18:09:56,668 [pool-57-thread-1] INFO  impl.RaftServerImpl (ServerState.java:<init>(103)) - 208154af-b43d-417a-8ba8-8a37a4d1ac9e@group-CDC198084065: ConfigurationManager, init=-1: [208154af-b43d-417a-8ba8-8a37a4d1ac9e:192.168.36.113:42355], old=null, confs=<EMPTY_MAP>
2019-09-10 18:09:56,668 [pool-57-thread-1] INFO  server.RaftServerConfigKeys (ConfUtils.java:logGet(43)) - raft.server.storage.dir = [/workdir/hadoop-ozone/integration-test/target/test-dir/MiniOzoneClusterImpl-a4bba3eb-5ae6-43ba-8544-0cc5de04918c/datanode-3/data/ratis] (custom)
2019-09-10 18:09:56,669 [pool-57-thread-1] INFO  storage.RaftStorageDirectory (RaftStorageDirectory.java:analyzeStorage(246)) - The storage directory /workdir/hadoop-ozone/integration-test/target/test-dir/MiniOzoneClusterImpl-a4bba3eb-5ae6-43ba-8544-0cc5de04918c/datanode-3/data/ratis/dbc99ad8-2805-48d3-8bc4-cdc198084065 does not exist. Creating ...
2019-09-10 18:09:56,823 [pool-57-thread-1] INFO  storage.RaftStorageDirectory (RaftStorageDirectory.java:tryLock(328)) - Lock on /workdir/hadoop-ozone/integration-test/target/test-dir/MiniOzoneClusterImpl-a4bba3eb-5ae6-43ba-8544-0cc5de04918c/datanode-3/data/ratis/dbc99ad8-2805-48d3-8bc4-cdc198084065/in_use.lock acquired by nodename 17986@pr-hdds-1982-decom-states-gjzbw-1854142291
2019-09-10 18:09:56,881 [pool-57-thread-1] INFO  storage.RaftStorage (RaftStorage.java:format(72)) - Storage directory /workdir/hadoop-ozone/integration-test/target/test-dir/MiniOzoneClusterImpl-a4bba3eb-5ae6-43ba-8544-0cc5de04918c/datanode-3/data/ratis/dbc99ad8-2805-48d3-8bc4-cdc198084065 has been successfully formatted.
2019-09-10 18:09:56,888 [pool-57-thread-1] INFO  ratis.ContainerStateMachine (ContainerStateMachine.java:loadSnapshot(230)) - group-CDC198084065: The snapshot info is null. Setting the last applied indexto:(t:0, i:~)
2019-09-10 18:09:56,889 [pool-57-thread-1] INFO  server.RaftServerConfigKeys (ConfUtils.java:logGet(43)) - raft.server.notification.no-leader.timeout = 120s (custom)
2019-09-10 18:09:56,889 [pool-57-thread-1] INFO  server.RaftServerConfigKeys (ConfUtils.java:logGet(43)) - raft.server.log.use.memory = false (default)
2019-09-10 18:09:56,889 [pool-57-thread-1] INFO  server.RaftServerConfigKeys (ConfUtils.java:logGet(43)) - raft.server.log.purge.gap = 1000000 (custom)
2019-09-10 18:09:56,892 [Thread-285] INFO  impl.FollowerState (FollowerState.java:run(106)) - 2e952fcc-3ad7-4f0e-80e3-0277395d1af8:group-BF9F57237CCE changes to CANDIDATE, lastRpcTime:1138, electionTimeout:1137ms
2019-09-10 18:09:56,892 [pool-57-thread-1] INFO  server.RaftServerConfigKeys (ConfUtils.java:logGet(43)) - raft.server.log.appender.buffer.byte-limit = 33554432 (custom)
2019-09-10 18:09:56,892 [pool-57-thread-1] INFO  server.RaftServerConfigKeys (ConfUtils.java:logGet(43)) - raft.server.log.segment.size.max = 1048576 (custom)
2019-09-10 18:09:56,892 [pool-57-thread-1] INFO  server.RaftServerConfigKeys (ConfUtils.java:logGet(43)) - raft.server.log.segment.cache.num.max = 2 (custom)
2019-09-10 18:09:56,893 [pool-57-thread-1] INFO  segmented.SegmentedRaftLogWorker (SegmentedRaftLogWorker.java:<init>(172)) - new 208154af-b43d-417a-8ba8-8a37a4d1ac9e@group-CDC198084065-SegmentedRaftLogWorker for RaftStorage:Storage Directory /workdir/hadoop-ozone/integration-test/target/test-dir/MiniOzoneClusterImpl-a4bba3eb-5ae6-43ba-8544-0cc5de04918c/datanode-3/data/ratis/dbc99ad8-2805-48d3-8bc4-cdc198084065
2019-09-10 18:09:56,895 [Thread-285] INFO  impl.RoleInfo (RoleInfo.java:shutdownFollowerState(121)) - 2e952fcc-3ad7-4f0e-80e3-0277395d1af8: shutdown FollowerState
2019-09-10 18:09:56,895 [Thread-285] INFO  impl.RaftServerImpl (RaftServerImpl.java:setRole(174)) - 2e952fcc-3ad7-4f0e-80e3-0277395d1af8@group-BF9F57237CCE: changes role from  FOLLOWER to CANDIDATE at term 0 for changeToCandidate
2019-09-10 18:09:56,897 [pool-57-thread-1] INFO  server.RaftServerConfigKeys (ConfUtils.java:logGet(43)) - raft.server.log.queue.byte-limit = 2147483647 (custom)
2019-09-10 18:09:56,897 [pool-57-thread-1] INFO  server.RaftServerConfigKeys (ConfUtils.java:logGet(43)) - raft.server.log.queue.element-limit = 1024 (custom)
2019-09-10 18:09:56,898 [pool-57-thread-1] INFO  server.RaftServerConfigKeys (ConfUtils.java:logGet(43)) - raft.server.log.segment.size.max = 1048576 (custom)
2019-09-10 18:09:56,898 [pool-57-thread-1] INFO  server.RaftServerConfigKeys (ConfUtils.java:logGet(43)) - raft.server.log.preallocated.size = 16384 (custom)
2019-09-10 18:09:56,898 [pool-57-thread-1] INFO  server.RaftServerConfigKeys (ConfUtils.java:logGet(43)) - raft.server.log.write.buffer.size = 33554432 (custom)
2019-09-10 18:09:56,898 [pool-57-thread-1] INFO  server.RaftServerConfigKeys (ConfUtils.java:logGet(43)) - raft.server.log.force.sync.num = 128 (default)
2019-09-10 18:09:56,898 [pool-57-thread-1] INFO  server.RaftServerConfigKeys (ConfUtils.java:logGet(43)) - raft.server.log.statemachine.data.sync = true (default)
2019-09-10 18:09:56,899 [pool-57-thread-1] INFO  server.RaftServerConfigKeys (ConfUtils.java:logGet(43)) - raft.server.log.statemachine.data.sync.timeout = 10s (default)
2019-09-10 18:09:56,899 [pool-57-thread-1] INFO  server.RaftServerConfigKeys (ConfUtils.java:logGet(43)) - raft.server.log.statemachine.data.sync.timeout.retry = -1 (default)
2019-09-10 18:09:56,899 [pool-57-thread-1] INFO  server.RaftServerConfigKeys (ConfUtils.java:logGet(43)) - raft.server.log.statemachine.data.caching.enabled = true (custom)
2019-09-10 18:09:56,900 [pool-57-thread-1] INFO  segmented.SegmentedRaftLogWorker (SegmentedRaftLogWorker.java:lambda$new$0(132)) - 208154af-b43d-417a-8ba8-8a37a4d1ac9e@group-CDC198084065-SegmentedRaftLogWorker: flushIndex: setUnconditionally 0 -> -1
2019-09-10 18:09:56,904 [pool-57-thread-1] INFO  server.RaftServerConfigKeys (ConfUtils.java:logGet(43)) - raft.server.snapshot.auto.trigger.enabled = true (custom)
2019-09-10 18:09:56,904 [Thread-285] INFO  impl.RoleInfo (RoleInfo.java:updateAndGet(143)) - 2e952fcc-3ad7-4f0e-80e3-0277395d1af8: start LeaderElection
2019-09-10 18:09:56,904 [pool-57-thread-1] INFO  server.RaftServerConfigKeys (ConfUtils.java:logGet(43)) - raft.server.snapshot.auto.trigger.threshold = 10000 (custom)
2019-09-10 18:09:56,904 [pool-57-thread-1] INFO  server.RaftServerConfigKeys (ConfUtils.java:logGet(43)) - raft.server.snapshot.retention.num.files = -1 (default)
2019-09-10 18:09:56,908 [pool-57-thread-1] INFO  server.RaftServerConfigKeys (ConfUtils.java:logGet(43)) - raft.server.retrycache.expirytime = 600000ms (custom)
2019-09-10 18:09:56,914 [pool-57-thread-1] INFO  impl.RaftServerImpl (RaftServerImpl.java:start(185)) - 208154af-b43d-417a-8ba8-8a37a4d1ac9e@group-CDC198084065: start as a follower, conf=-1: [208154af-b43d-417a-8ba8-8a37a4d1ac9e:192.168.36.113:42355], old=null
2019-09-10 18:09:56,914 [pool-57-thread-1] INFO  impl.RaftServerImpl (RaftServerImpl.java:setRole(174)) - 208154af-b43d-417a-8ba8-8a37a4d1ac9e@group-CDC198084065: changes role from      null to FOLLOWER at term 0 for startAsFollower
2019-09-10 18:09:56,915 [pool-57-thread-1] INFO  impl.RoleInfo (RoleInfo.java:updateAndGet(143)) - 208154af-b43d-417a-8ba8-8a37a4d1ac9e: start FollowerState
2019-09-10 18:09:56,915 [pool-57-thread-1] INFO  util.JmxRegister (JmxRegister.java:tryRegister(44)) - Successfully registered JMX Bean with object name Ratis:service=RaftServer,group=group-CDC198084065,id=208154af-b43d-417a-8ba8-8a37a4d1ac9e
2019-09-10 18:09:56,933 [RatisPipelineUtilsThread] INFO  pipeline.PipelineStateManager (PipelineStateManager.java:addPipeline(56)) - Created pipeline Pipeline[ Id: dbc99ad8-2805-48d3-8bc4-cdc198084065, Nodes: 208154af-b43d-417a-8ba8-8a37a4d1ac9e{ip: 192.168.36.113, host: pr-hdds-1982-decom-states-gjzbw-1854142291, networkLocation: /default-rack, certSerialId: null}, Type:RATIS, Factor:ONE, State:OPEN]
2019-09-10 18:09:56,946 [2e952fcc-3ad7-4f0e-80e3-0277395d1af8@group-BF9F57237CCE:LeaderElection1] INFO  impl.LeaderElection (LeaderElection.java:askForVotes(182)) - 2e952fcc-3ad7-4f0e-80e3-0277395d1af8@group-BF9F57237CCE:LeaderElection1: begin an election at term 1 for -1: [2e952fcc-3ad7-4f0e-80e3-0277395d1af8:192.168.36.113:44043], old=null
2019-09-10 18:09:56,948 [2e952fcc-3ad7-4f0e-80e3-0277395d1af8@group-BF9F57237CCE:LeaderElection1] INFO  impl.RoleInfo (RoleInfo.java:shutdownLeaderElection(134)) - 2e952fcc-3ad7-4f0e-80e3-0277395d1af8: shutdown LeaderElection
2019-09-10 18:09:56,949 [2e952fcc-3ad7-4f0e-80e3-0277395d1af8@group-BF9F57237CCE:LeaderElection1] INFO  impl.RaftServerImpl (RaftServerImpl.java:setRole(174)) - 2e952fcc-3ad7-4f0e-80e3-0277395d1af8@group-BF9F57237CCE: changes role from CANDIDATE to LEADER at term 1 for changeToLeader
2019-09-10 18:09:56,949 [2e952fcc-3ad7-4f0e-80e3-0277395d1af8@group-BF9F57237CCE:LeaderElection1] INFO  impl.RaftServerImpl (ServerState.java:setLeader(253)) - 2e952fcc-3ad7-4f0e-80e3-0277395d1af8@group-BF9F57237CCE: change Leader from null to 2e952fcc-3ad7-4f0e-80e3-0277395d1af8 at term 1 for becomeLeader, leader elected after 1323ms
2019-09-10 18:09:56,958 [grpc-default-executor-0] INFO  impl.RaftServerProxy (RaftServerProxy.java:addNew(89)) - 35230fa9-c917-4625-844b-3841de1822d6: addNew group-140A7EEDCCC7:[35230fa9-c917-4625-844b-3841de1822d6:192.168.36.113:41574] returns group-140A7EEDCCC7:java.util.concurrent.CompletableFuture@ccc2f0e[Not completed]
2019-09-10 18:09:56,964 [pool-47-thread-1] INFO  impl.RaftServerImpl (RaftServerImpl.java:<init>(95)) - 35230fa9-c917-4625-844b-3841de1822d6: new RaftServerImpl for group-140A7EEDCCC7:[35230fa9-c917-4625-844b-3841de1822d6:192.168.36.113:41574] with ContainerStateMachine:uninitialized
2019-09-10 18:09:56,964 [2e952fcc-3ad7-4f0e-80e3-0277395d1af8@group-BF9F57237CCE:LeaderElection1] INFO  server.RaftServerConfigKeys (ConfUtils.java:logGet(43)) - raft.server.staging.catchup.gap = 1000 (default)
2019-09-10 18:09:56,965 [pool-47-thread-1] INFO  server.RaftServerConfigKeys (ConfUtils.java:logGet(43)) - raft.server.rpc.timeout.min = 1s (custom)
2019-09-10 18:09:56,965 [2e952fcc-3ad7-4f0e-80e3-0277395d1af8@group-BF9F57237CCE:LeaderElection1] INFO  server.RaftServerConfigKeys (ConfUtils.java:logGet(43)) - raft.server.rpc.sleep.time = 25ms (default)
2019-09-10 18:09:56,965 [pool-47-thread-1] INFO  server.RaftServerConfigKeys (ConfUtils.java:logGet(43)) - raft.server.rpc.timeout.max = 1200ms (custom)
2019-09-10 18:09:56,965 [pool-47-thread-1] INFO  server.RaftServerConfigKeys (ConfUtils.java:logGet(43)) - raft.server.rpcslowness.timeout = 120s (custom)
2019-09-10 18:09:56,965 [pool-47-thread-1] INFO  server.RaftServerConfigKeys (ConfUtils.java:logGet(43)) - raft.server.sleep.deviation.threshold = 300 (default)
2019-09-10 18:09:56,965 [pool-47-thread-1] INFO  server.RaftServerConfigKeys (ConfUtils.java:logGet(43)) - raft.server.log.appender.install.snapshot.enabled = false (custom)
2019-09-10 18:09:56,966 [pool-47-thread-1] INFO  impl.RaftServerImpl (ServerState.java:<init>(103)) - 35230fa9-c917-4625-844b-3841de1822d6@group-140A7EEDCCC7: ConfigurationManager, init=-1: [35230fa9-c917-4625-844b-3841de1822d6:192.168.36.113:41574], old=null, confs=<EMPTY_MAP>
2019-09-10 18:09:56,966 [pool-47-thread-1] INFO  server.RaftServerConfigKeys (ConfUtils.java:logGet(43)) - raft.server.storage.dir = [/workdir/hadoop-ozone/integration-test/target/test-dir/MiniOzoneClusterImpl-a4bba3eb-5ae6-43ba-8544-0cc5de04918c/datanode-2/data/ratis] (custom)
2019-09-10 18:09:56,966 [pool-47-thread-1] INFO  storage.RaftStorageDirectory (RaftStorageDirectory.java:analyzeStorage(246)) - The storage directory /workdir/hadoop-ozone/integration-test/target/test-dir/MiniOzoneClusterImpl-a4bba3eb-5ae6-43ba-8544-0cc5de04918c/datanode-2/data/ratis/1c1c8ff0-6a04-4ac2-9b78-140a7eedccc7 does not exist. Creating ...
2019-09-10 18:09:56,968 [2e952fcc-3ad7-4f0e-80e3-0277395d1af8@group-BF9F57237CCE:LeaderElection1] INFO  server.RaftServerConfigKeys (ConfUtils.java:logGet(43)) - raft.server.write.element-limit = 4096 (default)
2019-09-10 18:09:56,971 [2e952fcc-3ad7-4f0e-80e3-0277395d1af8@group-BF9F57237CCE:LeaderElection1] INFO  server.RaftServerConfigKeys (ConfUtils.java:logGet(43)) - raft.server.watch.timeout = 10s (default)
2019-09-10 18:09:56,973 [2e952fcc-3ad7-4f0e-80e3-0277395d1af8@group-BF9F57237CCE:LeaderElection1] INFO  server.RaftServerConfigKeys (ConfUtils.java:logGet(43)) - raft.server.watch.timeout.denomination = 1s (default)
2019-09-10 18:09:56,974 [2e952fcc-3ad7-4f0e-80e3-0277395d1af8@group-BF9F57237CCE:LeaderElection1] INFO  server.RaftServerConfigKeys (ConfUtils.java:logGet(43)) - raft.server.watch.element-limit = 65536 (default)
2019-09-10 18:09:56,988 [2e952fcc-3ad7-4f0e-80e3-0277395d1af8@group-BF9F57237CCE:LeaderElection1] INFO  impl.RoleInfo (RoleInfo.java:updateAndGet(143)) - 2e952fcc-3ad7-4f0e-80e3-0277395d1af8: start LeaderState
2019-09-10 18:09:57,005 [pool-47-thread-1] INFO  storage.RaftStorageDirectory (RaftStorageDirectory.java:tryLock(328)) - Lock on /workdir/hadoop-ozone/integration-test/target/test-dir/MiniOzoneClusterImpl-a4bba3eb-5ae6-43ba-8544-0cc5de04918c/datanode-2/data/ratis/1c1c8ff0-6a04-4ac2-9b78-140a7eedccc7/in_use.lock acquired by nodename 17986@pr-hdds-1982-decom-states-gjzbw-1854142291
2019-09-10 18:09:57,017 [2e952fcc-3ad7-4f0e-80e3-0277395d1af8@group-BF9F57237CCE:LeaderElection1] INFO  segmented.SegmentedRaftLogWorker (SegmentedRaftLogWorker.java:startLogSegment(380)) - 2e952fcc-3ad7-4f0e-80e3-0277395d1af8@group-BF9F57237CCE-SegmentedRaftLogWorker: Starting segment from index:0
2019-09-10 18:09:57,026 [2e952fcc-3ad7-4f0e-80e3-0277395d1af8@group-BF9F57237CCE:LeaderElection1] INFO  impl.RaftServerImpl (ServerState.java:setRaftConf(354)) - 2e952fcc-3ad7-4f0e-80e3-0277395d1af8@group-BF9F57237CCE: set configuration 0: [2e952fcc-3ad7-4f0e-80e3-0277395d1af8:192.168.36.113:44043], old=null at 0
2019-09-10 18:09:57,039 [pool-47-thread-1] INFO  storage.RaftStorage (RaftStorage.java:format(72)) - Storage directory /workdir/hadoop-ozone/integration-test/target/test-dir/MiniOzoneClusterImpl-a4bba3eb-5ae6-43ba-8544-0cc5de04918c/datanode-2/data/ratis/1c1c8ff0-6a04-4ac2-9b78-140a7eedccc7 has been successfully formatted.
2019-09-10 18:09:57,039 [pool-47-thread-1] INFO  ratis.ContainerStateMachine (ContainerStateMachine.java:loadSnapshot(230)) - group-140A7EEDCCC7: The snapshot info is null. Setting the last applied indexto:(t:0, i:~)
2019-09-10 18:09:57,040 [pool-47-thread-1] INFO  server.RaftServerConfigKeys (ConfUtils.java:logGet(43)) - raft.server.notification.no-leader.timeout = 120s (custom)
2019-09-10 18:09:57,040 [pool-47-thread-1] INFO  server.RaftServerConfigKeys (ConfUtils.java:logGet(43)) - raft.server.log.use.memory = false (default)
2019-09-10 18:09:57,040 [pool-47-thread-1] INFO  server.RaftServerConfigKeys (ConfUtils.java:logGet(43)) - raft.server.log.purge.gap = 1000000 (custom)
2019-09-10 18:09:57,041 [pool-47-thread-1] INFO  server.RaftServerConfigKeys (ConfUtils.java:logGet(43)) - raft.server.log.appender.buffer.byte-limit = 33554432 (custom)
2019-09-10 18:09:57,041 [pool-47-thread-1] INFO  server.RaftServerConfigKeys (ConfUtils.java:logGet(43)) - raft.server.log.segment.size.max = 1048576 (custom)
2019-09-10 18:09:57,041 [pool-47-thread-1] INFO  server.RaftServerConfigKeys (ConfUtils.java:logGet(43)) - raft.server.log.segment.cache.num.max = 2 (custom)
2019-09-10 18:09:57,042 [pool-47-thread-1] INFO  segmented.SegmentedRaftLogWorker (SegmentedRaftLogWorker.java:<init>(172)) - new 35230fa9-c917-4625-844b-3841de1822d6@group-140A7EEDCCC7-SegmentedRaftLogWorker for RaftStorage:Storage Directory /workdir/hadoop-ozone/integration-test/target/test-dir/MiniOzoneClusterImpl-a4bba3eb-5ae6-43ba-8544-0cc5de04918c/datanode-2/data/ratis/1c1c8ff0-6a04-4ac2-9b78-140a7eedccc7
2019-09-10 18:09:57,048 [pool-47-thread-1] INFO  server.RaftServerConfigKeys (ConfUtils.java:logGet(43)) - raft.server.log.queue.byte-limit = 2147483647 (custom)
2019-09-10 18:09:57,048 [pool-47-thread-1] INFO  server.RaftServerConfigKeys (ConfUtils.java:logGet(43)) - raft.server.log.queue.element-limit = 1024 (custom)
2019-09-10 18:09:57,048 [pool-47-thread-1] INFO  server.RaftServerConfigKeys (ConfUtils.java:logGet(43)) - raft.server.log.segment.size.max = 1048576 (custom)
2019-09-10 18:09:57,049 [pool-47-thread-1] INFO  server.RaftServerConfigKeys (ConfUtils.java:logGet(43)) - raft.server.log.preallocated.size = 16384 (custom)
2019-09-10 18:09:57,049 [pool-47-thread-1] INFO  server.RaftServerConfigKeys (ConfUtils.java:logGet(43)) - raft.server.log.write.buffer.size = 33554432 (custom)
2019-09-10 18:09:57,049 [pool-47-thread-1] INFO  server.RaftServerConfigKeys (ConfUtils.java:logGet(43)) - raft.server.log.force.sync.num = 128 (default)
2019-09-10 18:09:57,050 [pool-47-thread-1] INFO  server.RaftServerConfigKeys (ConfUtils.java:logGet(43)) - raft.server.log.statemachine.data.sync = true (default)
2019-09-10 18:09:57,050 [pool-47-thread-1] INFO  server.RaftServerConfigKeys (ConfUtils.java:logGet(43)) - raft.server.log.statemachine.data.sync.timeout = 10s (default)
2019-09-10 18:09:57,050 [pool-47-thread-1] INFO  server.RaftServerConfigKeys (ConfUtils.java:logGet(43)) - raft.server.log.statemachine.data.sync.timeout.retry = -1 (default)
2019-09-10 18:09:57,051 [pool-47-thread-1] INFO  server.RaftServerConfigKeys (ConfUtils.java:logGet(43)) - raft.server.log.statemachine.data.caching.enabled = true (custom)
2019-09-10 18:09:57,051 [pool-47-thread-1] INFO  segmented.SegmentedRaftLogWorker (SegmentedRaftLogWorker.java:lambda$new$0(132)) - 35230fa9-c917-4625-844b-3841de1822d6@group-140A7EEDCCC7-SegmentedRaftLogWorker: flushIndex: setUnconditionally 0 -> -1
2019-09-10 18:09:57,052 [pool-47-thread-1] INFO  server.RaftServerConfigKeys (ConfUtils.java:logGet(43)) - raft.server.snapshot.auto.trigger.enabled = true (custom)
2019-09-10 18:09:57,052 [pool-47-thread-1] INFO  server.RaftServerConfigKeys (ConfUtils.java:logGet(43)) - raft.server.snapshot.auto.trigger.threshold = 10000 (custom)
2019-09-10 18:09:57,052 [pool-47-thread-1] INFO  server.RaftServerConfigKeys (ConfUtils.java:logGet(43)) - raft.server.snapshot.retention.num.files = -1 (default)
2019-09-10 18:09:57,052 [pool-47-thread-1] INFO  server.RaftServerConfigKeys (ConfUtils.java:logGet(43)) - raft.server.retrycache.expirytime = 600000ms (custom)
2019-09-10 18:09:57,058 [pool-47-thread-1] INFO  impl.RaftServerImpl (RaftServerImpl.java:start(185)) - 35230fa9-c917-4625-844b-3841de1822d6@group-140A7EEDCCC7: start as a follower, conf=-1: [35230fa9-c917-4625-844b-3841de1822d6:192.168.36.113:41574], old=null
2019-09-10 18:09:57,058 [pool-47-thread-1] INFO  impl.RaftServerImpl (RaftServerImpl.java:setRole(174)) - 35230fa9-c917-4625-844b-3841de1822d6@group-140A7EEDCCC7: changes role from      null to FOLLOWER at term 0 for startAsFollower
2019-09-10 18:09:57,058 [pool-47-thread-1] INFO  impl.RoleInfo (RoleInfo.java:updateAndGet(143)) - 35230fa9-c917-4625-844b-3841de1822d6: start FollowerState
2019-09-10 18:09:57,059 [pool-47-thread-1] INFO  util.JmxRegister (JmxRegister.java:tryRegister(44)) - Successfully registered JMX Bean with object name Ratis:service=RaftServer,group=group-140A7EEDCCC7,id=35230fa9-c917-4625-844b-3841de1822d6
2019-09-10 18:09:57,067 [Thread-288] INFO  impl.FollowerState (FollowerState.java:run(106)) - 4faa59b0-972d-4631-8b2b-dceadefbd7cc:group-AEE583D5A568 changes to CANDIDATE, lastRpcTime:1040, electionTimeout:1038ms
2019-09-10 18:09:57,071 [Thread-288] INFO  impl.RoleInfo (RoleInfo.java:shutdownFollowerState(121)) - 4faa59b0-972d-4631-8b2b-dceadefbd7cc: shutdown FollowerState
2019-09-10 18:09:57,071 [Thread-288] INFO  impl.RaftServerImpl (RaftServerImpl.java:setRole(174)) - 4faa59b0-972d-4631-8b2b-dceadefbd7cc@group-AEE583D5A568: changes role from  FOLLOWER to CANDIDATE at term 0 for changeToCandidate
2019-09-10 18:09:57,071 [RatisPipelineUtilsThread] INFO  pipeline.PipelineStateManager (PipelineStateManager.java:addPipeline(56)) - Created pipeline Pipeline[ Id: 1c1c8ff0-6a04-4ac2-9b78-140a7eedccc7, Nodes: 35230fa9-c917-4625-844b-3841de1822d6{ip: 192.168.36.113, host: pr-hdds-1982-decom-states-gjzbw-1854142291, networkLocation: /default-rack, certSerialId: null}, Type:RATIS, Factor:ONE, State:OPEN]
2019-09-10 18:09:57,071 [Thread-288] INFO  impl.RoleInfo (RoleInfo.java:updateAndGet(143)) - 4faa59b0-972d-4631-8b2b-dceadefbd7cc: start LeaderElection
2019-09-10 18:09:57,098 [grpc-default-executor-0] INFO  impl.RaftServerProxy (RaftServerProxy.java:addNew(89)) - 91e32882-d3c6-46ba-a04b-cffc2ba77210: addNew group-3CCB29DB5386:[91e32882-d3c6-46ba-a04b-cffc2ba77210:192.168.36.113:46514] returns group-3CCB29DB5386:java.util.concurrent.CompletableFuture@4b1cb6b3[Not completed]
2019-09-10 18:09:57,116 [pool-67-thread-1] INFO  impl.RaftServerImpl (RaftServerImpl.java:<init>(95)) - 91e32882-d3c6-46ba-a04b-cffc2ba77210: new RaftServerImpl for group-3CCB29DB5386:[91e32882-d3c6-46ba-a04b-cffc2ba77210:192.168.36.113:46514] with ContainerStateMachine:uninitialized
2019-09-10 18:09:57,118 [4faa59b0-972d-4631-8b2b-dceadefbd7cc@group-AEE583D5A568:LeaderElection2] INFO  impl.LeaderElection (LeaderElection.java:askForVotes(182)) - 4faa59b0-972d-4631-8b2b-dceadefbd7cc@group-AEE583D5A568:LeaderElection2: begin an election at term 1 for -1: [4faa59b0-972d-4631-8b2b-dceadefbd7cc:192.168.36.113:41249], old=null
2019-09-10 18:09:57,119 [pool-67-thread-1] INFO  server.RaftServerConfigKeys (ConfUtils.java:logGet(43)) - raft.server.rpc.timeout.min = 1s (custom)
2019-09-10 18:09:57,121 [4faa59b0-972d-4631-8b2b-dceadefbd7cc@group-AEE583D5A568:LeaderElection2] INFO  impl.RoleInfo (RoleInfo.java:shutdownLeaderElection(134)) - 4faa59b0-972d-4631-8b2b-dceadefbd7cc: shutdown LeaderElection
2019-09-10 18:09:57,121 [pool-67-thread-1] INFO  server.RaftServerConfigKeys (ConfUtils.java:logGet(43)) - raft.server.rpc.timeout.max = 1200ms (custom)
2019-09-10 18:09:57,121 [4faa59b0-972d-4631-8b2b-dceadefbd7cc@group-AEE583D5A568:LeaderElection2] INFO  impl.RaftServerImpl (RaftServerImpl.java:setRole(174)) - 4faa59b0-972d-4631-8b2b-dceadefbd7cc@group-AEE583D5A568: changes role from CANDIDATE to LEADER at term 1 for changeToLeader
2019-09-10 18:09:57,121 [pool-67-thread-1] INFO  server.RaftServerConfigKeys (ConfUtils.java:logGet(43)) - raft.server.rpcslowness.timeout = 120s (custom)
2019-09-10 18:09:57,121 [4faa59b0-972d-4631-8b2b-dceadefbd7cc@group-AEE583D5A568:LeaderElection2] INFO  impl.RaftServerImpl (ServerState.java:setLeader(253)) - 4faa59b0-972d-4631-8b2b-dceadefbd7cc@group-AEE583D5A568: change Leader from null to 4faa59b0-972d-4631-8b2b-dceadefbd7cc at term 1 for becomeLeader, leader elected after 1115ms
2019-09-10 18:09:57,121 [pool-67-thread-1] INFO  server.RaftServerConfigKeys (ConfUtils.java:logGet(43)) - raft.server.sleep.deviation.threshold = 300 (default)
2019-09-10 18:09:57,122 [pool-67-thread-1] INFO  server.RaftServerConfigKeys (ConfUtils.java:logGet(43)) - raft.server.log.appender.install.snapshot.enabled = false (custom)
2019-09-10 18:09:57,122 [4faa59b0-972d-4631-8b2b-dceadefbd7cc@group-AEE583D5A568:LeaderElection2] INFO  server.RaftServerConfigKeys (ConfUtils.java:logGet(43)) - raft.server.staging.catchup.gap = 1000 (default)
2019-09-10 18:09:57,122 [pool-67-thread-1] INFO  impl.RaftServerImpl (ServerState.java:<init>(103)) - 91e32882-d3c6-46ba-a04b-cffc2ba77210@group-3CCB29DB5386: ConfigurationManager, init=-1: [91e32882-d3c6-46ba-a04b-cffc2ba77210:192.168.36.113:46514], old=null, confs=<EMPTY_MAP>
2019-09-10 18:09:57,122 [4faa59b0-972d-4631-8b2b-dceadefbd7cc@group-AEE583D5A568:LeaderElection2] INFO  server.RaftServerConfigKeys (ConfUtils.java:logGet(43)) - raft.server.rpc.sleep.time = 25ms (default)
2019-09-10 18:09:57,122 [pool-67-thread-1] INFO  server.RaftServerConfigKeys (ConfUtils.java:logGet(43)) - raft.server.storage.dir = [/workdir/hadoop-ozone/integration-test/target/test-dir/MiniOzoneClusterImpl-a4bba3eb-5ae6-43ba-8544-0cc5de04918c/datanode-4/data/ratis] (custom)
2019-09-10 18:09:57,122 [4faa59b0-972d-4631-8b2b-dceadefbd7cc@group-AEE583D5A568:LeaderElection2] INFO  server.RaftServerConfigKeys (ConfUtils.java:logGet(43)) - raft.server.write.element-limit = 4096 (default)
2019-09-10 18:09:57,123 [4faa59b0-972d-4631-8b2b-dceadefbd7cc@group-AEE583D5A568:LeaderElection2] INFO  server.RaftServerConfigKeys (ConfUtils.java:logGet(43)) - raft.server.watch.timeout = 10s (default)
2019-09-10 18:09:57,123 [pool-67-thread-1] INFO  storage.RaftStorageDirectory (RaftStorageDirectory.java:analyzeStorage(246)) - The storage directory /workdir/hadoop-ozone/integration-test/target/test-dir/MiniOzoneClusterImpl-a4bba3eb-5ae6-43ba-8544-0cc5de04918c/datanode-4/data/ratis/7b2af173-7b0d-4829-a304-3ccb29db5386 does not exist. Creating ...
2019-09-10 18:09:57,123 [4faa59b0-972d-4631-8b2b-dceadefbd7cc@group-AEE583D5A568:LeaderElection2] INFO  server.RaftServerConfigKeys (ConfUtils.java:logGet(43)) - raft.server.watch.timeout.denomination = 1s (default)
2019-09-10 18:09:57,123 [4faa59b0-972d-4631-8b2b-dceadefbd7cc@group-AEE583D5A568:LeaderElection2] INFO  server.RaftServerConfigKeys (ConfUtils.java:logGet(43)) - raft.server.watch.element-limit = 65536 (default)
2019-09-10 18:09:57,128 [4faa59b0-972d-4631-8b2b-dceadefbd7cc@group-AEE583D5A568:LeaderElection2] INFO  impl.RoleInfo (RoleInfo.java:updateAndGet(143)) - 4faa59b0-972d-4631-8b2b-dceadefbd7cc: start LeaderState
2019-09-10 18:09:57,128 [4faa59b0-972d-4631-8b2b-dceadefbd7cc@group-AEE583D5A568:LeaderElection2] INFO  segmented.SegmentedRaftLogWorker (SegmentedRaftLogWorker.java:startLogSegment(380)) - 4faa59b0-972d-4631-8b2b-dceadefbd7cc@group-AEE583D5A568-SegmentedRaftLogWorker: Starting segment from index:0
2019-09-10 18:09:57,129 [4faa59b0-972d-4631-8b2b-dceadefbd7cc@group-AEE583D5A568:LeaderElection2] INFO  impl.RaftServerImpl (ServerState.java:setRaftConf(354)) - 4faa59b0-972d-4631-8b2b-dceadefbd7cc@group-AEE583D5A568: set configuration 0: [4faa59b0-972d-4631-8b2b-dceadefbd7cc:192.168.36.113:41249], old=null at 0
2019-09-10 18:09:57,149 [pool-67-thread-1] INFO  storage.RaftStorageDirectory (RaftStorageDirectory.java:tryLock(328)) - Lock on /workdir/hadoop-ozone/integration-test/target/test-dir/MiniOzoneClusterImpl-a4bba3eb-5ae6-43ba-8544-0cc5de04918c/datanode-4/data/ratis/7b2af173-7b0d-4829-a304-3ccb29db5386/in_use.lock acquired by nodename 17986@pr-hdds-1982-decom-states-gjzbw-1854142291
2019-09-10 18:09:57,219 [pool-67-thread-1] INFO  storage.RaftStorage (RaftStorage.java:format(72)) - Storage directory /workdir/hadoop-ozone/integration-test/target/test-dir/MiniOzoneClusterImpl-a4bba3eb-5ae6-43ba-8544-0cc5de04918c/datanode-4/data/ratis/7b2af173-7b0d-4829-a304-3ccb29db5386 has been successfully formatted.
2019-09-10 18:09:57,219 [pool-67-thread-1] INFO  ratis.ContainerStateMachine (ContainerStateMachine.java:loadSnapshot(230)) - group-3CCB29DB5386: The snapshot info is null. Setting the last applied indexto:(t:0, i:~)
2019-09-10 18:09:57,219 [pool-67-thread-1] INFO  server.RaftServerConfigKeys (ConfUtils.java:logGet(43)) - raft.server.notification.no-leader.timeout = 120s (custom)
2019-09-10 18:09:57,220 [pool-67-thread-1] INFO  server.RaftServerConfigKeys (ConfUtils.java:logGet(43)) - raft.server.log.use.memory = false (default)
2019-09-10 18:09:57,220 [pool-67-thread-1] INFO  server.RaftServerConfigKeys (ConfUtils.java:logGet(43)) - raft.server.log.purge.gap = 1000000 (custom)
2019-09-10 18:09:57,220 [pool-67-thread-1] INFO  server.RaftServerConfigKeys (ConfUtils.java:logGet(43)) - raft.server.log.appender.buffer.byte-limit = 33554432 (custom)
2019-09-10 18:09:57,226 [pool-67-thread-1] INFO  server.RaftServerConfigKeys (ConfUtils.java:logGet(43)) - raft.server.log.segment.size.max = 1048576 (custom)
2019-09-10 18:09:57,228 [pool-67-thread-1] INFO  server.RaftServerConfigKeys (ConfUtils.java:logGet(43)) - raft.server.log.segment.cache.num.max = 2 (custom)
2019-09-10 18:09:57,228 [pool-67-thread-1] INFO  segmented.SegmentedRaftLogWorker (SegmentedRaftLogWorker.java:<init>(172)) - new 91e32882-d3c6-46ba-a04b-cffc2ba77210@group-3CCB29DB5386-SegmentedRaftLogWorker for RaftStorage:Storage Directory /workdir/hadoop-ozone/integration-test/target/test-dir/MiniOzoneClusterImpl-a4bba3eb-5ae6-43ba-8544-0cc5de04918c/datanode-4/data/ratis/7b2af173-7b0d-4829-a304-3ccb29db5386
2019-09-10 18:09:57,430 [Thread-291] INFO  impl.FollowerState (FollowerState.java:run(106)) - b0fafecf-3418-4e4c-a5e4-e5075743f263:group-33F7471C428C changes to CANDIDATE, lastRpcTime:1196, electionTimeout:1196ms
2019-09-10 18:09:57,431 [Thread-291] INFO  impl.RoleInfo (RoleInfo.java:shutdownFollowerState(121)) - b0fafecf-3418-4e4c-a5e4-e5075743f263: shutdown FollowerState
2019-09-10 18:09:57,431 [Thread-291] INFO  impl.RaftServerImpl (RaftServerImpl.java:setRole(174)) - b0fafecf-3418-4e4c-a5e4-e5075743f263@group-33F7471C428C: changes role from  FOLLOWER to CANDIDATE at term 0 for changeToCandidate
2019-09-10 18:09:57,441 [Thread-291] INFO  impl.RoleInfo (RoleInfo.java:updateAndGet(143)) - b0fafecf-3418-4e4c-a5e4-e5075743f263: start LeaderElection
2019-09-10 18:09:57,449 [2e952fcc-3ad7-4f0e-80e3-0277395d1af8@group-BF9F57237CCE-SegmentedRaftLogWorker] INFO  segmented.SegmentedRaftLogWorker (SegmentedRaftLogWorker.java:execute(569)) - 2e952fcc-3ad7-4f0e-80e3-0277395d1af8@group-BF9F57237CCE-SegmentedRaftLogWorker: created new log segment /workdir/hadoop-ozone/integration-test/target/test-dir/MiniOzoneClusterImpl-a4bba3eb-5ae6-43ba-8544-0cc5de04918c/datanode-0/data/ratis/0f6b638b-683b-4f6d-845a-bf9f57237cce/current/log_inprogress_0
2019-09-10 18:09:57,449 [4faa59b0-972d-4631-8b2b-dceadefbd7cc@group-AEE583D5A568-SegmentedRaftLogWorker] INFO  segmented.SegmentedRaftLogWorker (SegmentedRaftLogWorker.java:execute(569)) - 4faa59b0-972d-4631-8b2b-dceadefbd7cc@group-AEE583D5A568-SegmentedRaftLogWorker: created new log segment /workdir/hadoop-ozone/integration-test/target/test-dir/MiniOzoneClusterImpl-a4bba3eb-5ae6-43ba-8544-0cc5de04918c/datanode-5/data/ratis/092620d6-c088-4c14-8814-aee583d5a568/current/log_inprogress_0
2019-09-10 18:09:57,482 [b0fafecf-3418-4e4c-a5e4-e5075743f263@group-33F7471C428C:LeaderElection3] INFO  impl.LeaderElection (LeaderElection.java:askForVotes(182)) - b0fafecf-3418-4e4c-a5e4-e5075743f263@group-33F7471C428C:LeaderElection3: begin an election at term 1 for -1: [b0fafecf-3418-4e4c-a5e4-e5075743f263:192.168.36.113:44499], old=null
2019-09-10 18:09:57,483 [b0fafecf-3418-4e4c-a5e4-e5075743f263@group-33F7471C428C:LeaderElection3] INFO  impl.RoleInfo (RoleInfo.java:shutdownLeaderElection(134)) - b0fafecf-3418-4e4c-a5e4-e5075743f263: shutdown LeaderElection
2019-09-10 18:09:57,483 [b0fafecf-3418-4e4c-a5e4-e5075743f263@group-33F7471C428C:LeaderElection3] INFO  impl.RaftServerImpl (RaftServerImpl.java:setRole(174)) - b0fafecf-3418-4e4c-a5e4-e5075743f263@group-33F7471C428C: changes role from CANDIDATE to LEADER at term 1 for changeToLeader
2019-09-10 18:09:57,483 [b0fafecf-3418-4e4c-a5e4-e5075743f263@group-33F7471C428C:LeaderElection3] INFO  impl.RaftServerImpl (ServerState.java:setLeader(253)) - b0fafecf-3418-4e4c-a5e4-e5075743f263@group-33F7471C428C: change Leader from null to b0fafecf-3418-4e4c-a5e4-e5075743f263 at term 1 for becomeLeader, leader elected after 1325ms
2019-09-10 18:09:57,483 [b0fafecf-3418-4e4c-a5e4-e5075743f263@group-33F7471C428C:LeaderElection3] INFO  server.RaftServerConfigKeys (ConfUtils.java:logGet(43)) - raft.server.staging.catchup.gap = 1000 (default)
2019-09-10 18:09:57,483 [b0fafecf-3418-4e4c-a5e4-e5075743f263@group-33F7471C428C:LeaderElection3] INFO  server.RaftServerConfigKeys (ConfUtils.java:logGet(43)) - raft.server.rpc.sleep.time = 25ms (default)
2019-09-10 18:09:57,487 [b0fafecf-3418-4e4c-a5e4-e5075743f263@group-33F7471C428C:LeaderElection3] INFO  server.RaftServerConfigKeys (ConfUtils.java:logGet(43)) - raft.server.write.element-limit = 4096 (default)
2019-09-10 18:09:57,488 [b0fafecf-3418-4e4c-a5e4-e5075743f263@group-33F7471C428C:LeaderElection3] INFO  server.RaftServerConfigKeys (ConfUtils.java:logGet(43)) - raft.server.watch.timeout = 10s (default)
2019-09-10 18:09:57,488 [b0fafecf-3418-4e4c-a5e4-e5075743f263@group-33F7471C428C:LeaderElection3] INFO  server.RaftServerConfigKeys (ConfUtils.java:logGet(43)) - raft.server.watch.timeout.denomination = 1s (default)
2019-09-10 18:09:57,488 [b0fafecf-3418-4e4c-a5e4-e5075743f263@group-33F7471C428C:LeaderElection3] INFO  server.RaftServerConfigKeys (ConfUtils.java:logGet(43)) - raft.server.watch.element-limit = 65536 (default)
2019-09-10 18:09:57,538 [Thread-294] INFO  impl.FollowerState (FollowerState.java:run(106)) - 49bcc910-1f14-48b7-a318-d2e01e8ffdec:group-2D4FF39FB527 changes to CANDIDATE, lastRpcTime:1169, electionTimeout:1160ms
2019-09-10 18:09:57,538 [Thread-294] INFO  impl.RoleInfo (RoleInfo.java:shutdownFollowerState(121)) - 49bcc910-1f14-48b7-a318-d2e01e8ffdec: shutdown FollowerState
2019-09-10 18:09:57,539 [Thread-294] INFO  impl.RaftServerImpl (RaftServerImpl.java:setRole(174)) - 49bcc910-1f14-48b7-a318-d2e01e8ffdec@group-2D4FF39FB527: changes role from  FOLLOWER to CANDIDATE at term 0 for changeToCandidate
2019-09-10 18:09:57,554 [Thread-297] INFO  impl.FollowerState (FollowerState.java:run(106)) - 8cbcd714-dd76-45fa-910f-f3e67512086a:group-06E40EBA5997 changes to CANDIDATE, lastRpcTime:1058, electionTimeout:1058ms
2019-09-10 18:09:57,554 [Thread-297] INFO  impl.RoleInfo (RoleInfo.java:shutdownFollowerState(121)) - 8cbcd714-dd76-45fa-910f-f3e67512086a: shutdown FollowerState
2019-09-10 18:09:57,554 [Thread-297] INFO  impl.RaftServerImpl (RaftServerImpl.java:setRole(174)) - 8cbcd714-dd76-45fa-910f-f3e67512086a@group-06E40EBA5997: changes role from  FOLLOWER to CANDIDATE at term 0 for changeToCandidate
2019-09-10 18:09:57,555 [Thread-297] INFO  impl.RoleInfo (RoleInfo.java:updateAndGet(143)) - 8cbcd714-dd76-45fa-910f-f3e67512086a: start LeaderElection
2019-09-10 18:09:57,558 [Thread-294] INFO  impl.RoleInfo (RoleInfo.java:updateAndGet(143)) - 49bcc910-1f14-48b7-a318-d2e01e8ffdec: start LeaderElection
2019-09-10 18:09:57,593 [8cbcd714-dd76-45fa-910f-f3e67512086a@group-06E40EBA5997:LeaderElection5] INFO  impl.LeaderElection (LeaderElection.java:askForVotes(182)) - 8cbcd714-dd76-45fa-910f-f3e67512086a@group-06E40EBA5997:LeaderElection5: begin an election at term 1 for -1: [8cbcd714-dd76-45fa-910f-f3e67512086a:192.168.36.113:33895], old=null
2019-09-10 18:09:57,593 [49bcc910-1f14-48b7-a318-d2e01e8ffdec@group-2D4FF39FB527:LeaderElection4] INFO  impl.LeaderElection (LeaderElection.java:askForVotes(182)) - 49bcc910-1f14-48b7-a318-d2e01e8ffdec@group-2D4FF39FB527:LeaderElection4: begin an election at term 1 for -1: [49bcc910-1f14-48b7-a318-d2e01e8ffdec:192.168.36.113:46072], old=null
2019-09-10 18:09:57,593 [8cbcd714-dd76-45fa-910f-f3e67512086a@group-06E40EBA5997:LeaderElection5] INFO  impl.RoleInfo (RoleInfo.java:shutdownLeaderElection(134)) - 8cbcd714-dd76-45fa-910f-f3e67512086a: shutdown LeaderElection
2019-09-10 18:09:57,593 [49bcc910-1f14-48b7-a318-d2e01e8ffdec@group-2D4FF39FB527:LeaderElection4] INFO  impl.RoleInfo (RoleInfo.java:shutdownLeaderElection(134)) - 49bcc910-1f14-48b7-a318-d2e01e8ffdec: shutdown LeaderElection
2019-09-10 18:09:57,594 [8cbcd714-dd76-45fa-910f-f3e67512086a@group-06E40EBA5997:LeaderElection5] INFO  impl.RaftServerImpl (RaftServerImpl.java:setRole(174)) - 8cbcd714-dd76-45fa-910f-f3e67512086a@group-06E40EBA5997: changes role from CANDIDATE to LEADER at term 1 for changeToLeader
2019-09-10 18:09:57,594 [49bcc910-1f14-48b7-a318-d2e01e8ffdec@group-2D4FF39FB527:LeaderElection4] INFO  impl.RaftServerImpl (RaftServerImpl.java:setRole(174)) - 49bcc910-1f14-48b7-a318-d2e01e8ffdec@group-2D4FF39FB527: changes role from CANDIDATE to LEADER at term 1 for changeToLeader
2019-09-10 18:09:57,594 [8cbcd714-dd76-45fa-910f-f3e67512086a@group-06E40EBA5997:LeaderElection5] INFO  impl.RaftServerImpl (ServerState.java:setLeader(253)) - 8cbcd714-dd76-45fa-910f-f3e67512086a@group-06E40EBA5997: change Leader from null to 8cbcd714-dd76-45fa-910f-f3e67512086a at term 1 for becomeLeader, leader elected after 1124ms
2019-09-10 18:09:57,594 [49bcc910-1f14-48b7-a318-d2e01e8ffdec@group-2D4FF39FB527:LeaderElection4] INFO  impl.RaftServerImpl (ServerState.java:setLeader(253)) - 49bcc910-1f14-48b7-a318-d2e01e8ffdec@group-2D4FF39FB527: change Leader from null to 49bcc910-1f14-48b7-a318-d2e01e8ffdec at term 1 for becomeLeader, leader elected after 1241ms
2019-09-10 18:09:57,594 [8cbcd714-dd76-45fa-910f-f3e67512086a@group-06E40EBA5997:LeaderElection5] INFO  server.RaftServerConfigKeys (ConfUtils.java:logGet(43)) - raft.server.staging.catchup.gap = 1000 (default)
2019-09-10 18:09:57,594 [49bcc910-1f14-48b7-a318-d2e01e8ffdec@group-2D4FF39FB527:LeaderElection4] INFO  server.RaftServerConfigKeys (ConfUtils.java:logGet(43)) - raft.server.staging.catchup.gap = 1000 (default)
2019-09-10 18:09:57,594 [8cbcd714-dd76-45fa-910f-f3e67512086a@group-06E40EBA5997:LeaderElection5] INFO  server.RaftServerConfigKeys (ConfUtils.java:logGet(43)) - raft.server.rpc.sleep.time = 25ms (default)
2019-09-10 18:09:57,594 [49bcc910-1f14-48b7-a318-d2e01e8ffdec@group-2D4FF39FB527:LeaderElection4] INFO  server.RaftServerConfigKeys (ConfUtils.java:logGet(43)) - raft.server.rpc.sleep.time = 25ms (default)
2019-09-10 18:09:57,594 [8cbcd714-dd76-45fa-910f-f3e67512086a@group-06E40EBA5997:LeaderElection5] INFO  server.RaftServerConfigKeys (ConfUtils.java:logGet(43)) - raft.server.write.element-limit = 4096 (default)
2019-09-10 18:09:57,594 [49bcc910-1f14-48b7-a318-d2e01e8ffdec@group-2D4FF39FB527:LeaderElection4] INFO  server.RaftServerConfigKeys (ConfUtils.java:logGet(43)) - raft.server.write.element-limit = 4096 (default)
2019-09-10 18:09:57,595 [8cbcd714-dd76-45fa-910f-f3e67512086a@group-06E40EBA5997:LeaderElection5] INFO  server.RaftServerConfigKeys (ConfUtils.java:logGet(43)) - raft.server.watch.timeout = 10s (default)
2019-09-10 18:09:57,595 [49bcc910-1f14-48b7-a318-d2e01e8ffdec@group-2D4FF39FB527:LeaderElection4] INFO  server.RaftServerConfigKeys (ConfUtils.java:logGet(43)) - raft.server.watch.timeout = 10s (default)
2019-09-10 18:09:57,595 [8cbcd714-dd76-45fa-910f-f3e67512086a@group-06E40EBA5997:LeaderElection5] INFO  server.RaftServerConfigKeys (ConfUtils.java:logGet(43)) - raft.server.watch.timeout.denomination = 1s (default)
2019-09-10 18:09:57,595 [49bcc910-1f14-48b7-a318-d2e01e8ffdec@group-2D4FF39FB527:LeaderElection4] INFO  server.RaftServerConfigKeys (ConfUtils.java:logGet(43)) - raft.server.watch.timeout.denomination = 1s (default)
2019-09-10 18:09:57,595 [8cbcd714-dd76-45fa-910f-f3e67512086a@group-06E40EBA5997:LeaderElection5] INFO  server.RaftServerConfigKeys (ConfUtils.java:logGet(43)) - raft.server.watch.element-limit = 65536 (default)
2019-09-10 18:09:57,595 [49bcc910-1f14-48b7-a318-d2e01e8ffdec@group-2D4FF39FB527:LeaderElection4] INFO  server.RaftServerConfigKeys (ConfUtils.java:logGet(43)) - raft.server.watch.element-limit = 65536 (default)
2019-09-10 18:09:57,661 [main] INFO  rpc.RpcClient (RpcClient.java:createVolume(298)) - Creating Volume: datanodefailurehandlingtest, with jenkins1000 as owner.
2019-09-10 18:09:57,665 [49bcc910-1f14-48b7-a318-d2e01e8ffdec@group-2D4FF39FB527:LeaderElection4] INFO  impl.RoleInfo (RoleInfo.java:updateAndGet(143)) - 49bcc910-1f14-48b7-a318-d2e01e8ffdec: start LeaderState
2019-09-10 18:09:57,666 [49bcc910-1f14-48b7-a318-d2e01e8ffdec@group-2D4FF39FB527:LeaderElection4] INFO  segmented.SegmentedRaftLogWorker (SegmentedRaftLogWorker.java:startLogSegment(380)) - 49bcc910-1f14-48b7-a318-d2e01e8ffdec@group-2D4FF39FB527-SegmentedRaftLogWorker: Starting segment from index:0
2019-09-10 18:09:57,666 [8cbcd714-dd76-45fa-910f-f3e67512086a@group-06E40EBA5997:LeaderElection5] INFO  impl.RoleInfo (RoleInfo.java:updateAndGet(143)) - 8cbcd714-dd76-45fa-910f-f3e67512086a: start LeaderState
2019-09-10 18:09:57,666 [49bcc910-1f14-48b7-a318-d2e01e8ffdec@group-2D4FF39FB527:LeaderElection4] INFO  impl.RaftServerImpl (ServerState.java:setRaftConf(354)) - 49bcc910-1f14-48b7-a318-d2e01e8ffdec@group-2D4FF39FB527: set configuration 0: [49bcc910-1f14-48b7-a318-d2e01e8ffdec:192.168.36.113:46072], old=null at 0
2019-09-10 18:09:57,666 [8cbcd714-dd76-45fa-910f-f3e67512086a@group-06E40EBA5997:LeaderElection5] INFO  segmented.SegmentedRaftLogWorker (SegmentedRaftLogWorker.java:startLogSegment(380)) - 8cbcd714-dd76-45fa-910f-f3e67512086a@group-06E40EBA5997-SegmentedRaftLogWorker: Starting segment from index:0
2019-09-10 18:09:57,692 [b0fafecf-3418-4e4c-a5e4-e5075743f263@group-33F7471C428C:LeaderElection3] INFO  impl.RoleInfo (RoleInfo.java:updateAndGet(143)) - b0fafecf-3418-4e4c-a5e4-e5075743f263: start LeaderState
2019-09-10 18:09:57,692 [pool-67-thread-1] INFO  server.RaftServerConfigKeys (ConfUtils.java:logGet(43)) - raft.server.log.queue.byte-limit = 2147483647 (custom)
2019-09-10 18:09:57,692 [b0fafecf-3418-4e4c-a5e4-e5075743f263@group-33F7471C428C:LeaderElection3] INFO  segmented.SegmentedRaftLogWorker (SegmentedRaftLogWorker.java:startLogSegment(380)) - b0fafecf-3418-4e4c-a5e4-e5075743f263@group-33F7471C428C-SegmentedRaftLogWorker: Starting segment from index:0
2019-09-10 18:09:57,692 [pool-67-thread-1] INFO  server.RaftServerConfigKeys (ConfUtils.java:logGet(43)) - raft.server.log.queue.element-limit = 1024 (custom)
2019-09-10 18:09:57,733 [49bcc910-1f14-48b7-a318-d2e01e8ffdec@group-2D4FF39FB527-SegmentedRaftLogWorker] INFO  segmented.SegmentedRaftLogWorker (SegmentedRaftLogWorker.java:execute(569)) - 49bcc910-1f14-48b7-a318-d2e01e8ffdec@group-2D4FF39FB527-SegmentedRaftLogWorker: created new log segment /workdir/hadoop-ozone/integration-test/target/test-dir/MiniOzoneClusterImpl-a4bba3eb-5ae6-43ba-8544-0cc5de04918c/datanode-9/data/ratis/271696b5-3cbd-4440-85c4-2d4ff39fb527/current/log_inprogress_0
2019-09-10 18:09:57,692 [8cbcd714-dd76-45fa-910f-f3e67512086a@group-06E40EBA5997:LeaderElection5] INFO  impl.RaftServerImpl (ServerState.java:setRaftConf(354)) - 8cbcd714-dd76-45fa-910f-f3e67512086a@group-06E40EBA5997: set configuration 0: [8cbcd714-dd76-45fa-910f-f3e67512086a:192.168.36.113:33895], old=null at 0
2019-09-10 18:09:57,734 [pool-67-thread-1] INFO  server.RaftServerConfigKeys (ConfUtils.java:logGet(43)) - raft.server.log.segment.size.max = 1048576 (custom)
2019-09-10 18:09:57,764 [8cbcd714-dd76-45fa-910f-f3e67512086a@group-06E40EBA5997-SegmentedRaftLogWorker] INFO  segmented.SegmentedRaftLogWorker (SegmentedRaftLogWorker.java:execute(569)) - 8cbcd714-dd76-45fa-910f-f3e67512086a@group-06E40EBA5997-SegmentedRaftLogWorker: created new log segment /workdir/hadoop-ozone/integration-test/target/test-dir/MiniOzoneClusterImpl-a4bba3eb-5ae6-43ba-8544-0cc5de04918c/datanode-1/data/ratis/051aa99d-f089-4eda-8c3e-06e40eba5997/current/log_inprogress_0
2019-09-10 18:09:57,764 [Thread-300] INFO  impl.FollowerState (FollowerState.java:run(106)) - d8255f37-89f1-48d2-bcda-7654f43e2557:group-C6BF460E91BC changes to CANDIDATE, lastRpcTime:1151, electionTimeout:1147ms
2019-09-10 18:09:57,734 [b0fafecf-3418-4e4c-a5e4-e5075743f263@group-33F7471C428C:LeaderElection3] INFO  impl.RaftServerImpl (ServerState.java:setRaftConf(354)) - b0fafecf-3418-4e4c-a5e4-e5075743f263@group-33F7471C428C: set configuration 0: [b0fafecf-3418-4e4c-a5e4-e5075743f263:192.168.36.113:44499], old=null at 0
2019-09-10 18:09:57,765 [Thread-300] INFO  impl.RoleInfo (RoleInfo.java:shutdownFollowerState(121)) - d8255f37-89f1-48d2-bcda-7654f43e2557: shutdown FollowerState
2019-09-10 18:09:57,765 [pool-67-thread-1] INFO  server.RaftServerConfigKeys (ConfUtils.java:logGet(43)) - raft.server.log.preallocated.size = 16384 (custom)
2019-09-10 18:09:57,765 [Thread-300] INFO  impl.RaftServerImpl (RaftServerImpl.java:setRole(174)) - d8255f37-89f1-48d2-bcda-7654f43e2557@group-C6BF460E91BC: changes role from  FOLLOWER to CANDIDATE at term 0 for changeToCandidate
2019-09-10 18:09:57,767 [pool-67-thread-1] INFO  server.RaftServerConfigKeys (ConfUtils.java:logGet(43)) - raft.server.log.write.buffer.size = 33554432 (custom)
2019-09-10 18:09:57,767 [Thread-300] INFO  impl.RoleInfo (RoleInfo.java:updateAndGet(143)) - d8255f37-89f1-48d2-bcda-7654f43e2557: start LeaderElection
2019-09-10 18:09:57,767 [pool-67-thread-1] INFO  server.RaftServerConfigKeys (ConfUtils.java:logGet(43)) - raft.server.log.force.sync.num = 128 (default)
2019-09-10 18:09:57,768 [pool-67-thread-1] INFO  server.RaftServerConfigKeys (ConfUtils.java:logGet(43)) - raft.server.log.statemachine.data.sync = true (default)
2019-09-10 18:09:57,772 [pool-67-thread-1] INFO  server.RaftServerConfigKeys (ConfUtils.java:logGet(43)) - raft.server.log.statemachine.data.sync.timeout = 10s (default)
2019-09-10 18:09:57,772 [pool-67-thread-1] INFO  server.RaftServerConfigKeys (ConfUtils.java:logGet(43)) - raft.server.log.statemachine.data.sync.timeout.retry = -1 (default)
2019-09-10 18:09:57,772 [pool-67-thread-1] INFO  server.RaftServerConfigKeys (ConfUtils.java:logGet(43)) - raft.server.log.statemachine.data.caching.enabled = true (custom)
2019-09-10 18:09:57,773 [pool-67-thread-1] INFO  segmented.SegmentedRaftLogWorker (SegmentedRaftLogWorker.java:lambda$new$0(132)) - 91e32882-d3c6-46ba-a04b-cffc2ba77210@group-3CCB29DB5386-SegmentedRaftLogWorker: flushIndex: setUnconditionally 0 -> -1
2019-09-10 18:09:57,773 [pool-67-thread-1] INFO  server.RaftServerConfigKeys (ConfUtils.java:logGet(43)) - raft.server.snapshot.auto.trigger.enabled = true (custom)
2019-09-10 18:09:57,773 [pool-67-thread-1] INFO  server.RaftServerConfigKeys (ConfUtils.java:logGet(43)) - raft.server.snapshot.auto.trigger.threshold = 10000 (custom)
2019-09-10 18:09:57,773 [pool-67-thread-1] INFO  server.RaftServerConfigKeys (ConfUtils.java:logGet(43)) - raft.server.snapshot.retention.num.files = -1 (default)
2019-09-10 18:09:57,773 [pool-67-thread-1] INFO  server.RaftServerConfigKeys (ConfUtils.java:logGet(43)) - raft.server.retrycache.expirytime = 600000ms (custom)
2019-09-10 18:09:57,776 [pool-67-thread-1] INFO  impl.RaftServerImpl (RaftServerImpl.java:start(185)) - 91e32882-d3c6-46ba-a04b-cffc2ba77210@group-3CCB29DB5386: start as a follower, conf=-1: [91e32882-d3c6-46ba-a04b-cffc2ba77210:192.168.36.113:46514], old=null
2019-09-10 18:09:57,776 [pool-67-thread-1] INFO  impl.RaftServerImpl (RaftServerImpl.java:setRole(174)) - 91e32882-d3c6-46ba-a04b-cffc2ba77210@group-3CCB29DB5386: changes role from      null to FOLLOWER at term 0 for startAsFollower
2019-09-10 18:09:57,776 [pool-67-thread-1] INFO  impl.RoleInfo (RoleInfo.java:updateAndGet(143)) - 91e32882-d3c6-46ba-a04b-cffc2ba77210: start FollowerState
2019-09-10 18:09:57,776 [pool-67-thread-1] INFO  util.JmxRegister (JmxRegister.java:tryRegister(44)) - Successfully registered JMX Bean with object name Ratis:service=RaftServer,group=group-3CCB29DB5386,id=91e32882-d3c6-46ba-a04b-cffc2ba77210
2019-09-10 18:09:57,787 [RatisPipelineUtilsThread] INFO  pipeline.PipelineStateManager (PipelineStateManager.java:addPipeline(56)) - Created pipeline Pipeline[ Id: 7b2af173-7b0d-4829-a304-3ccb29db5386, Nodes: 91e32882-d3c6-46ba-a04b-cffc2ba77210{ip: 192.168.36.113, host: pr-hdds-1982-decom-states-gjzbw-1854142291, networkLocation: /default-rack, certSerialId: null}, Type:RATIS, Factor:ONE, State:OPEN]
2019-09-10 18:09:57,793 [b0fafecf-3418-4e4c-a5e4-e5075743f263@group-33F7471C428C-SegmentedRaftLogWorker] INFO  segmented.SegmentedRaftLogWorker (SegmentedRaftLogWorker.java:execute(569)) - b0fafecf-3418-4e4c-a5e4-e5075743f263@group-33F7471C428C-SegmentedRaftLogWorker: created new log segment /workdir/hadoop-ozone/integration-test/target/test-dir/MiniOzoneClusterImpl-a4bba3eb-5ae6-43ba-8544-0cc5de04918c/datanode-8/data/ratis/37e04de2-0afc-42fe-838d-33f7471c428c/current/log_inprogress_0
2019-09-10 18:09:57,793 [d8255f37-89f1-48d2-bcda-7654f43e2557@group-C6BF460E91BC:LeaderElection6] INFO  impl.LeaderElection (LeaderElection.java:askForVotes(182)) - d8255f37-89f1-48d2-bcda-7654f43e2557@group-C6BF460E91BC:LeaderElection6: begin an election at term 1 for -1: [d8255f37-89f1-48d2-bcda-7654f43e2557:192.168.36.113:33855], old=null
2019-09-10 18:09:57,793 [d8255f37-89f1-48d2-bcda-7654f43e2557@group-C6BF460E91BC:LeaderElection6] INFO  impl.RoleInfo (RoleInfo.java:shutdownLeaderElection(134)) - d8255f37-89f1-48d2-bcda-7654f43e2557: shutdown LeaderElection
2019-09-10 18:09:57,794 [d8255f37-89f1-48d2-bcda-7654f43e2557@group-C6BF460E91BC:LeaderElection6] INFO  impl.RaftServerImpl (RaftServerImpl.java:setRole(174)) - d8255f37-89f1-48d2-bcda-7654f43e2557@group-C6BF460E91BC: changes role from CANDIDATE to LEADER at term 1 for changeToLeader
2019-09-10 18:09:57,794 [d8255f37-89f1-48d2-bcda-7654f43e2557@group-C6BF460E91BC:LeaderElection6] INFO  impl.RaftServerImpl (ServerState.java:setLeader(253)) - d8255f37-89f1-48d2-bcda-7654f43e2557@group-C6BF460E91BC: change Leader from null to d8255f37-89f1-48d2-bcda-7654f43e2557 at term 1 for becomeLeader, leader elected after 1198ms
2019-09-10 18:09:57,794 [d8255f37-89f1-48d2-bcda-7654f43e2557@group-C6BF460E91BC:LeaderElection6] INFO  server.RaftServerConfigKeys (ConfUtils.java:logGet(43)) - raft.server.staging.catchup.gap = 1000 (default)
2019-09-10 18:09:57,801 [d8255f37-89f1-48d2-bcda-7654f43e2557@group-C6BF460E91BC:LeaderElection6] INFO  server.RaftServerConfigKeys (ConfUtils.java:logGet(43)) - raft.server.rpc.sleep.time = 25ms (default)
2019-09-10 18:09:57,801 [d8255f37-89f1-48d2-bcda-7654f43e2557@group-C6BF460E91BC:LeaderElection6] INFO  server.RaftServerConfigKeys (ConfUtils.java:logGet(43)) - raft.server.write.element-limit = 4096 (default)
2019-09-10 18:09:57,801 [d8255f37-89f1-48d2-bcda-7654f43e2557@group-C6BF460E91BC:LeaderElection6] INFO  server.RaftServerConfigKeys (ConfUtils.java:logGet(43)) - raft.server.watch.timeout = 10s (default)
2019-09-10 18:09:57,801 [d8255f37-89f1-48d2-bcda-7654f43e2557@group-C6BF460E91BC:LeaderElection6] INFO  server.RaftServerConfigKeys (ConfUtils.java:logGet(43)) - raft.server.watch.timeout.denomination = 1s (default)
2019-09-10 18:09:57,802 [d8255f37-89f1-48d2-bcda-7654f43e2557@group-C6BF460E91BC:LeaderElection6] INFO  server.RaftServerConfigKeys (ConfUtils.java:logGet(43)) - raft.server.watch.element-limit = 65536 (default)
2019-09-10 18:09:57,806 [d8255f37-89f1-48d2-bcda-7654f43e2557@group-C6BF460E91BC:LeaderElection6] INFO  impl.RoleInfo (RoleInfo.java:updateAndGet(143)) - d8255f37-89f1-48d2-bcda-7654f43e2557: start LeaderState
2019-09-10 18:09:57,808 [grpc-default-executor-0] INFO  impl.RaftServerProxy (RaftServerProxy.java:addNew(89)) - 24f5ddbe-d11b-430b-a0df-2fe5f6c753f9: addNew group-C690B789613C:[24f5ddbe-d11b-430b-a0df-2fe5f6c753f9:192.168.36.113:38414] returns group-C690B789613C:java.util.concurrent.CompletableFuture@5147e4be[Not completed]
2019-09-10 18:09:57,808 [d8255f37-89f1-48d2-bcda-7654f43e2557@group-C6BF460E91BC:LeaderElection6] INFO  segmented.SegmentedRaftLogWorker (SegmentedRaftLogWorker.java:startLogSegment(380)) - d8255f37-89f1-48d2-bcda-7654f43e2557@group-C6BF460E91BC-SegmentedRaftLogWorker: Starting segment from index:0
2019-09-10 18:09:57,809 [d8255f37-89f1-48d2-bcda-7654f43e2557@group-C6BF460E91BC:LeaderElection6] INFO  impl.RaftServerImpl (ServerState.java:setRaftConf(354)) - d8255f37-89f1-48d2-bcda-7654f43e2557@group-C6BF460E91BC: set configuration 0: [d8255f37-89f1-48d2-bcda-7654f43e2557:192.168.36.113:33855], old=null at 0
2019-09-10 18:09:57,842 [pool-97-thread-1] INFO  impl.RaftServerImpl (RaftServerImpl.java:<init>(95)) - 24f5ddbe-d11b-430b-a0df-2fe5f6c753f9: new RaftServerImpl for group-C690B789613C:[24f5ddbe-d11b-430b-a0df-2fe5f6c753f9:192.168.36.113:38414] with ContainerStateMachine:uninitialized
2019-09-10 18:09:57,842 [pool-97-thread-1] INFO  server.RaftServerConfigKeys (ConfUtils.java:logGet(43)) - raft.server.rpc.timeout.min = 1s (custom)
2019-09-10 18:09:57,842 [pool-97-thread-1] INFO  server.RaftServerConfigKeys (ConfUtils.java:logGet(43)) - raft.server.rpc.timeout.max = 1200ms (custom)
2019-09-10 18:09:57,843 [pool-97-thread-1] INFO  server.RaftServerConfigKeys (ConfUtils.java:logGet(43)) - raft.server.rpcslowness.timeout = 120s (custom)
2019-09-10 18:09:57,843 [pool-97-thread-1] INFO  server.RaftServerConfigKeys (ConfUtils.java:logGet(43)) - raft.server.sleep.deviation.threshold = 300 (default)
2019-09-10 18:09:57,843 [pool-97-thread-1] INFO  server.RaftServerConfigKeys (ConfUtils.java:logGet(43)) - raft.server.log.appender.install.snapshot.enabled = false (custom)
2019-09-10 18:09:57,843 [pool-97-thread-1] INFO  impl.RaftServerImpl (ServerState.java:<init>(103)) - 24f5ddbe-d11b-430b-a0df-2fe5f6c753f9@group-C690B789613C: ConfigurationManager, init=-1: [24f5ddbe-d11b-430b-a0df-2fe5f6c753f9:192.168.36.113:38414], old=null, confs=<EMPTY_MAP>
2019-09-10 18:09:57,843 [pool-97-thread-1] INFO  server.RaftServerConfigKeys (ConfUtils.java:logGet(43)) - raft.server.storage.dir = [/workdir/hadoop-ozone/integration-test/target/test-dir/MiniOzoneClusterImpl-a4bba3eb-5ae6-43ba-8544-0cc5de04918c/datanode-7/data/ratis] (custom)
2019-09-10 18:09:57,844 [pool-97-thread-1] INFO  storage.RaftStorageDirectory (RaftStorageDirectory.java:analyzeStorage(246)) - The storage directory /workdir/hadoop-ozone/integration-test/target/test-dir/MiniOzoneClusterImpl-a4bba3eb-5ae6-43ba-8544-0cc5de04918c/datanode-7/data/ratis/7f47a3ef-de5b-4540-90fb-c690b789613c does not exist. Creating ...
2019-09-10 18:09:57,868 [pool-97-thread-1] INFO  storage.RaftStorageDirectory (RaftStorageDirectory.java:tryLock(328)) - Lock on /workdir/hadoop-ozone/integration-test/target/test-dir/MiniOzoneClusterImpl-a4bba3eb-5ae6-43ba-8544-0cc5de04918c/datanode-7/data/ratis/7f47a3ef-de5b-4540-90fb-c690b789613c/in_use.lock acquired by nodename 17986@pr-hdds-1982-decom-states-gjzbw-1854142291
2019-09-10 18:09:57,868 [d8255f37-89f1-48d2-bcda-7654f43e2557@group-C6BF460E91BC-SegmentedRaftLogWorker] INFO  segmented.SegmentedRaftLogWorker (SegmentedRaftLogWorker.java:execute(569)) - d8255f37-89f1-48d2-bcda-7654f43e2557@group-C6BF460E91BC-SegmentedRaftLogWorker: created new log segment /workdir/hadoop-ozone/integration-test/target/test-dir/MiniOzoneClusterImpl-a4bba3eb-5ae6-43ba-8544-0cc5de04918c/datanode-6/data/ratis/c673e102-142b-4886-ac5d-c6bf460e91bc/current/log_inprogress_0
2019-09-10 18:09:57,879 [Thread-283] INFO  container.ReplicationManager (ReplicationManager.java:start(162)) - Starting Replication Monitor Thread.
2019-09-10 18:09:57,881 [ReplicationMonitor] INFO  container.ReplicationManager (ReplicationManager.java:run(225)) - Replication Monitor Thread took 0 milliseconds for processing 0 containers.
2019-09-10 18:09:57,885 [pool-97-thread-1] INFO  storage.RaftStorage (RaftStorage.java:format(72)) - Storage directory /workdir/hadoop-ozone/integration-test/target/test-dir/MiniOzoneClusterImpl-a4bba3eb-5ae6-43ba-8544-0cc5de04918c/datanode-7/data/ratis/7f47a3ef-de5b-4540-90fb-c690b789613c has been successfully formatted.
2019-09-10 18:09:57,886 [pool-97-thread-1] INFO  ratis.ContainerStateMachine (ContainerStateMachine.java:loadSnapshot(230)) - group-C690B789613C: The snapshot info is null. Setting the last applied indexto:(t:0, i:~)
2019-09-10 18:09:57,886 [pool-97-thread-1] INFO  server.RaftServerConfigKeys (ConfUtils.java:logGet(43)) - raft.server.notification.no-leader.timeout = 120s (custom)
2019-09-10 18:09:57,886 [pool-97-thread-1] INFO  server.RaftServerConfigKeys (ConfUtils.java:logGet(43)) - raft.server.log.use.memory = false (default)
2019-09-10 18:09:57,887 [pool-97-thread-1] INFO  server.RaftServerConfigKeys (ConfUtils.java:logGet(43)) - raft.server.log.purge.gap = 1000000 (custom)
2019-09-10 18:09:57,887 [pool-97-thread-1] INFO  server.RaftServerConfigKeys (ConfUtils.java:logGet(43)) - raft.server.log.appender.buffer.byte-limit = 33554432 (custom)
2019-09-10 18:09:57,887 [pool-97-thread-1] INFO  server.RaftServerConfigKeys (ConfUtils.java:logGet(43)) - raft.server.log.segment.size.max = 1048576 (custom)
2019-09-10 18:09:57,887 [pool-97-thread-1] INFO  server.RaftServerConfigKeys (ConfUtils.java:logGet(43)) - raft.server.log.segment.cache.num.max = 2 (custom)
2019-09-10 18:09:57,888 [pool-97-thread-1] INFO  segmented.SegmentedRaftLogWorker (SegmentedRaftLogWorker.java:<init>(172)) - new 24f5ddbe-d11b-430b-a0df-2fe5f6c753f9@group-C690B789613C-SegmentedRaftLogWorker for RaftStorage:Storage Directory /workdir/hadoop-ozone/integration-test/target/test-dir/MiniOzoneClusterImpl-a4bba3eb-5ae6-43ba-8544-0cc5de04918c/datanode-7/data/ratis/7f47a3ef-de5b-4540-90fb-c690b789613c
2019-09-10 18:09:57,892 [pool-97-thread-1] INFO  server.RaftServerConfigKeys (ConfUtils.java:logGet(43)) - raft.server.log.queue.byte-limit = 2147483647 (custom)
2019-09-10 18:09:57,892 [pool-97-thread-1] INFO  server.RaftServerConfigKeys (ConfUtils.java:logGet(43)) - raft.server.log.queue.element-limit = 1024 (custom)
2019-09-10 18:09:57,893 [pool-97-thread-1] INFO  server.RaftServerConfigKeys (ConfUtils.java:logGet(43)) - raft.server.log.segment.size.max = 1048576 (custom)
2019-09-10 18:09:57,893 [pool-97-thread-1] INFO  server.RaftServerConfigKeys (ConfUtils.java:logGet(43)) - raft.server.log.preallocated.size = 16384 (custom)
2019-09-10 18:09:57,893 [pool-97-thread-1] INFO  server.RaftServerConfigKeys (ConfUtils.java:logGet(43)) - raft.server.log.write.buffer.size = 33554432 (custom)
2019-09-10 18:09:57,894 [pool-97-thread-1] INFO  server.RaftServerConfigKeys (ConfUtils.java:logGet(43)) - raft.server.log.force.sync.num = 128 (default)
2019-09-10 18:09:57,894 [pool-97-thread-1] INFO  server.RaftServerConfigKeys (ConfUtils.java:logGet(43)) - raft.server.log.statemachine.data.sync = true (default)
2019-09-10 18:09:57,894 [pool-97-thread-1] INFO  server.RaftServerConfigKeys (ConfUtils.java:logGet(43)) - raft.server.log.statemachine.data.sync.timeout = 10s (default)
2019-09-10 18:09:57,894 [pool-97-thread-1] INFO  server.RaftServerConfigKeys (ConfUtils.java:logGet(43)) - raft.server.log.statemachine.data.sync.timeout.retry = -1 (default)
2019-09-10 18:09:57,895 [pool-97-thread-1] INFO  server.RaftServerConfigKeys (ConfUtils.java:logGet(43)) - raft.server.log.statemachine.data.caching.enabled = true (custom)
2019-09-10 18:09:57,895 [pool-97-thread-1] INFO  segmented.SegmentedRaftLogWorker (SegmentedRaftLogWorker.java:lambda$new$0(132)) - 24f5ddbe-d11b-430b-a0df-2fe5f6c753f9@group-C690B789613C-SegmentedRaftLogWorker: flushIndex: setUnconditionally 0 -> -1
2019-09-10 18:09:57,895 [pool-97-thread-1] INFO  server.RaftServerConfigKeys (ConfUtils.java:logGet(43)) - raft.server.snapshot.auto.trigger.enabled = true (custom)
2019-09-10 18:09:57,896 [pool-97-thread-1] INFO  server.RaftServerConfigKeys (ConfUtils.java:logGet(43)) - raft.server.snapshot.auto.trigger.threshold = 10000 (custom)
2019-09-10 18:09:57,896 [pool-97-thread-1] INFO  server.RaftServerConfigKeys (ConfUtils.java:logGet(43)) - raft.server.snapshot.retention.num.files = -1 (default)
2019-09-10 18:09:57,896 [pool-97-thread-1] INFO  server.RaftServerConfigKeys (ConfUtils.java:logGet(43)) - raft.server.retrycache.expirytime = 600000ms (custom)
2019-09-10 18:09:57,900 [pool-97-thread-1] INFO  impl.RaftServerImpl (RaftServerImpl.java:start(185)) - 24f5ddbe-d11b-430b-a0df-2fe5f6c753f9@group-C690B789613C: start as a follower, conf=-1: [24f5ddbe-d11b-430b-a0df-2fe5f6c753f9:192.168.36.113:38414], old=null
2019-09-10 18:09:57,900 [pool-97-thread-1] INFO  impl.RaftServerImpl (RaftServerImpl.java:setRole(174)) - 24f5ddbe-d11b-430b-a0df-2fe5f6c753f9@group-C690B789613C: changes role from      null to FOLLOWER at term 0 for startAsFollower
2019-09-10 18:09:57,900 [pool-97-thread-1] INFO  impl.RoleInfo (RoleInfo.java:updateAndGet(143)) - 24f5ddbe-d11b-430b-a0df-2fe5f6c753f9: start FollowerState
2019-09-10 18:09:57,901 [pool-97-thread-1] INFO  util.JmxRegister (JmxRegister.java:tryRegister(44)) - Successfully registered JMX Bean with object name Ratis:service=RaftServer,group=group-C690B789613C,id=24f5ddbe-d11b-430b-a0df-2fe5f6c753f9
2019-09-10 18:09:58,221 [Thread-304] INFO  impl.FollowerState (FollowerState.java:run(106)) - 208154af-b43d-417a-8ba8-8a37a4d1ac9e:group-CDC198084065 changes to CANDIDATE, lastRpcTime:1306, electionTimeout:1008ms
2019-09-10 18:09:58,234 [Thread-304] INFO  impl.RoleInfo (RoleInfo.java:shutdownFollowerState(121)) - 208154af-b43d-417a-8ba8-8a37a4d1ac9e: shutdown FollowerState
2019-09-10 18:09:58,237 [Thread-309] INFO  impl.FollowerState (FollowerState.java:run(106)) - 35230fa9-c917-4625-844b-3841de1822d6:group-140A7EEDCCC7 changes to CANDIDATE, lastRpcTime:1178, electionTimeout:1176ms
2019-09-10 18:09:58,237 [Thread-304] INFO  impl.RaftServerImpl (RaftServerImpl.java:setRole(174)) - 208154af-b43d-417a-8ba8-8a37a4d1ac9e@group-CDC198084065: changes role from  FOLLOWER to CANDIDATE at term 0 for changeToCandidate
2019-09-10 18:09:58,239 [RatisPipelineUtilsThread] INFO  pipeline.PipelineStateManager (PipelineStateManager.java:addPipeline(56)) - Created pipeline Pipeline[ Id: 7f47a3ef-de5b-4540-90fb-c690b789613c, Nodes: 24f5ddbe-d11b-430b-a0df-2fe5f6c753f9{ip: 192.168.36.113, host: pr-hdds-1982-decom-states-gjzbw-1854142291, networkLocation: /default-rack, certSerialId: null}, Type:RATIS, Factor:ONE, State:OPEN]
2019-09-10 18:09:58,239 [Thread-304] INFO  impl.RoleInfo (RoleInfo.java:updateAndGet(143)) - 208154af-b43d-417a-8ba8-8a37a4d1ac9e: start LeaderElection
2019-09-10 18:09:58,239 [Thread-309] INFO  impl.RoleInfo (RoleInfo.java:shutdownFollowerState(121)) - 35230fa9-c917-4625-844b-3841de1822d6: shutdown FollowerState
2019-09-10 18:09:58,240 [Thread-309] INFO  impl.RaftServerImpl (RaftServerImpl.java:setRole(174)) - 35230fa9-c917-4625-844b-3841de1822d6@group-140A7EEDCCC7: changes role from  FOLLOWER to CANDIDATE at term 0 for changeToCandidate
2019-09-10 18:09:58,247 [Thread-309] INFO  impl.RoleInfo (RoleInfo.java:updateAndGet(143)) - 35230fa9-c917-4625-844b-3841de1822d6: start LeaderElection
2019-09-10 18:09:58,278 [35230fa9-c917-4625-844b-3841de1822d6@group-140A7EEDCCC7:LeaderElection8] INFO  impl.LeaderElection (LeaderElection.java:askForVotes(182)) - 35230fa9-c917-4625-844b-3841de1822d6@group-140A7EEDCCC7:LeaderElection8: begin an election at term 1 for -1: [35230fa9-c917-4625-844b-3841de1822d6:192.168.36.113:41574], old=null
2019-09-10 18:09:58,278 [208154af-b43d-417a-8ba8-8a37a4d1ac9e@group-CDC198084065:LeaderElection7] INFO  impl.LeaderElection (LeaderElection.java:askForVotes(182)) - 208154af-b43d-417a-8ba8-8a37a4d1ac9e@group-CDC198084065:LeaderElection7: begin an election at term 1 for -1: [208154af-b43d-417a-8ba8-8a37a4d1ac9e:192.168.36.113:42355], old=null
2019-09-10 18:09:58,278 [35230fa9-c917-4625-844b-3841de1822d6@group-140A7EEDCCC7:LeaderElection8] INFO  impl.RoleInfo (RoleInfo.java:shutdownLeaderElection(134)) - 35230fa9-c917-4625-844b-3841de1822d6: shutdown LeaderElection
2019-09-10 18:09:58,278 [208154af-b43d-417a-8ba8-8a37a4d1ac9e@group-CDC198084065:LeaderElection7] INFO  impl.RoleInfo (RoleInfo.java:shutdownLeaderElection(134)) - 208154af-b43d-417a-8ba8-8a37a4d1ac9e: shutdown LeaderElection
2019-09-10 18:09:58,280 [35230fa9-c917-4625-844b-3841de1822d6@group-140A7EEDCCC7:LeaderElection8] INFO  impl.RaftServerImpl (RaftServerImpl.java:setRole(174)) - 35230fa9-c917-4625-844b-3841de1822d6@group-140A7EEDCCC7: changes role from CANDIDATE to LEADER at term 1 for changeToLeader
2019-09-10 18:09:58,280 [208154af-b43d-417a-8ba8-8a37a4d1ac9e@group-CDC198084065:LeaderElection7] INFO  impl.RaftServerImpl (RaftServerImpl.java:setRole(174)) - 208154af-b43d-417a-8ba8-8a37a4d1ac9e@group-CDC198084065: changes role from CANDIDATE to LEADER at term 1 for changeToLeader
2019-09-10 18:09:58,280 [35230fa9-c917-4625-844b-3841de1822d6@group-140A7EEDCCC7:LeaderElection8] INFO  impl.RaftServerImpl (ServerState.java:setLeader(253)) - 35230fa9-c917-4625-844b-3841de1822d6@group-140A7EEDCCC7: change Leader from null to 35230fa9-c917-4625-844b-3841de1822d6 at term 1 for becomeLeader, leader elected after 1240ms
2019-09-10 18:09:58,280 [208154af-b43d-417a-8ba8-8a37a4d1ac9e@group-CDC198084065:LeaderElection7] INFO  impl.RaftServerImpl (ServerState.java:setLeader(253)) - 208154af-b43d-417a-8ba8-8a37a4d1ac9e@group-CDC198084065: change Leader from null to 208154af-b43d-417a-8ba8-8a37a4d1ac9e at term 1 for becomeLeader, leader elected after 1391ms
2019-09-10 18:09:58,281 [35230fa9-c917-4625-844b-3841de1822d6@group-140A7EEDCCC7:LeaderElection8] INFO  server.RaftServerConfigKeys (ConfUtils.java:logGet(43)) - raft.server.staging.catchup.gap = 1000 (default)
2019-09-10 18:09:58,281 [208154af-b43d-417a-8ba8-8a37a4d1ac9e@group-CDC198084065:LeaderElection7] INFO  server.RaftServerConfigKeys (ConfUtils.java:logGet(43)) - raft.server.staging.catchup.gap = 1000 (default)
2019-09-10 18:09:58,281 [35230fa9-c917-4625-844b-3841de1822d6@group-140A7EEDCCC7:LeaderElection8] INFO  server.RaftServerConfigKeys (ConfUtils.java:logGet(43)) - raft.server.rpc.sleep.time = 25ms (default)
2019-09-10 18:09:58,281 [208154af-b43d-417a-8ba8-8a37a4d1ac9e@group-CDC198084065:LeaderElection7] INFO  server.RaftServerConfigKeys (ConfUtils.java:logGet(43)) - raft.server.rpc.sleep.time = 25ms (default)
2019-09-10 18:09:58,281 [35230fa9-c917-4625-844b-3841de1822d6@group-140A7EEDCCC7:LeaderElection8] INFO  server.RaftServerConfigKeys (ConfUtils.java:logGet(43)) - raft.server.write.element-limit = 4096 (default)
2019-09-10 18:09:58,283 [208154af-b43d-417a-8ba8-8a37a4d1ac9e@group-CDC198084065:LeaderElection7] INFO  server.RaftServerConfigKeys (ConfUtils.java:logGet(43)) - raft.server.write.element-limit = 4096 (default)
2019-09-10 18:09:58,283 [35230fa9-c917-4625-844b-3841de1822d6@group-140A7EEDCCC7:LeaderElection8] INFO  server.RaftServerConfigKeys (ConfUtils.java:logGet(43)) - raft.server.watch.timeout = 10s (default)
2019-09-10 18:09:58,284 [208154af-b43d-417a-8ba8-8a37a4d1ac9e@group-CDC198084065:LeaderElection7] INFO  server.RaftServerConfigKeys (ConfUtils.java:logGet(43)) - raft.server.watch.timeout = 10s (default)
2019-09-10 18:09:58,284 [35230fa9-c917-4625-844b-3841de1822d6@group-140A7EEDCCC7:LeaderElection8] INFO  server.RaftServerConfigKeys (ConfUtils.java:logGet(43)) - raft.server.watch.timeout.denomination = 1s (default)
2019-09-10 18:09:58,284 [208154af-b43d-417a-8ba8-8a37a4d1ac9e@group-CDC198084065:LeaderElection7] INFO  server.RaftServerConfigKeys (ConfUtils.java:logGet(43)) - raft.server.watch.timeout.denomination = 1s (default)
2019-09-10 18:09:58,284 [35230fa9-c917-4625-844b-3841de1822d6@group-140A7EEDCCC7:LeaderElection8] INFO  server.RaftServerConfigKeys (ConfUtils.java:logGet(43)) - raft.server.watch.element-limit = 65536 (default)
2019-09-10 18:09:58,284 [208154af-b43d-417a-8ba8-8a37a4d1ac9e@group-CDC198084065:LeaderElection7] INFO  server.RaftServerConfigKeys (ConfUtils.java:logGet(43)) - raft.server.watch.element-limit = 65536 (default)
2019-09-10 18:09:58,289 [grpc-default-executor-1] INFO  impl.RaftServerProxy (RaftServerProxy.java:addNew(89)) - 2e952fcc-3ad7-4f0e-80e3-0277395d1af8: addNew group-73C817937272:[4faa59b0-972d-4631-8b2b-dceadefbd7cc:192.168.36.113:41249, b0fafecf-3418-4e4c-a5e4-e5075743f263:192.168.36.113:44499, 2e952fcc-3ad7-4f0e-80e3-0277395d1af8:192.168.36.113:44043] returns group-73C817937272:java.util.concurrent.CompletableFuture@4708fe73[Not completed]
2019-09-10 18:09:58,290 [grpc-default-executor-2] INFO  impl.RaftServerProxy (RaftServerProxy.java:addNew(89)) - b0fafecf-3418-4e4c-a5e4-e5075743f263: addNew group-73C817937272:[4faa59b0-972d-4631-8b2b-dceadefbd7cc:192.168.36.113:41249, b0fafecf-3418-4e4c-a5e4-e5075743f263:192.168.36.113:44499, 2e952fcc-3ad7-4f0e-80e3-0277395d1af8:192.168.36.113:44043] returns group-73C817937272:java.util.concurrent.CompletableFuture@6443c39b[Not completed]
2019-09-10 18:09:58,292 [grpc-default-executor-2] INFO  impl.RaftServerProxy (RaftServerProxy.java:addNew(89)) - 4faa59b0-972d-4631-8b2b-dceadefbd7cc: addNew group-73C817937272:[4faa59b0-972d-4631-8b2b-dceadefbd7cc:192.168.36.113:41249, b0fafecf-3418-4e4c-a5e4-e5075743f263:192.168.36.113:44499, 2e952fcc-3ad7-4f0e-80e3-0277395d1af8:192.168.36.113:44043] returns group-73C817937272:java.util.concurrent.CompletableFuture@68df9be[Not completed]
2019-09-10 18:09:58,293 [pool-27-thread-1] INFO  impl.RaftServerImpl (RaftServerImpl.java:<init>(95)) - 2e952fcc-3ad7-4f0e-80e3-0277395d1af8: new RaftServerImpl for group-73C817937272:[4faa59b0-972d-4631-8b2b-dceadefbd7cc:192.168.36.113:41249, b0fafecf-3418-4e4c-a5e4-e5075743f263:192.168.36.113:44499, 2e952fcc-3ad7-4f0e-80e3-0277395d1af8:192.168.36.113:44043] with ContainerStateMachine:uninitialized
2019-09-10 18:09:58,293 [pool-27-thread-1] INFO  server.RaftServerConfigKeys (ConfUtils.java:logGet(43)) - raft.server.rpc.timeout.min = 1s (custom)
2019-09-10 18:09:58,293 [pool-27-thread-1] INFO  server.RaftServerConfigKeys (ConfUtils.java:logGet(43)) - raft.server.rpc.timeout.max = 1200ms (custom)
2019-09-10 18:09:58,293 [pool-27-thread-1] INFO  server.RaftServerConfigKeys (ConfUtils.java:logGet(43)) - raft.server.rpcslowness.timeout = 120s (custom)
2019-09-10 18:09:58,293 [35230fa9-c917-4625-844b-3841de1822d6@group-140A7EEDCCC7:LeaderElection8] INFO  impl.RoleInfo (RoleInfo.java:updateAndGet(143)) - 35230fa9-c917-4625-844b-3841de1822d6: start LeaderState
2019-09-10 18:09:58,294 [pool-27-thread-1] INFO  server.RaftServerConfigKeys (ConfUtils.java:logGet(43)) - raft.server.sleep.deviation.threshold = 300 (default)
2019-09-10 18:09:58,294 [35230fa9-c917-4625-844b-3841de1822d6@group-140A7EEDCCC7:LeaderElection8] INFO  segmented.SegmentedRaftLogWorker (SegmentedRaftLogWorker.java:startLogSegment(380)) - 35230fa9-c917-4625-844b-3841de1822d6@group-140A7EEDCCC7-SegmentedRaftLogWorker: Starting segment from index:0
2019-09-10 18:09:58,294 [pool-107-thread-1] INFO  impl.RaftServerImpl (RaftServerImpl.java:<init>(95)) - b0fafecf-3418-4e4c-a5e4-e5075743f263: new RaftServerImpl for group-73C817937272:[4faa59b0-972d-4631-8b2b-dceadefbd7cc:192.168.36.113:41249, b0fafecf-3418-4e4c-a5e4-e5075743f263:192.168.36.113:44499, 2e952fcc-3ad7-4f0e-80e3-0277395d1af8:192.168.36.113:44043] with ContainerStateMachine:uninitialized
2019-09-10 18:09:58,294 [pool-27-thread-1] INFO  server.RaftServerConfigKeys (ConfUtils.java:logGet(43)) - raft.server.log.appender.install.snapshot.enabled = false (custom)
2019-09-10 18:09:58,294 [pool-107-thread-1] INFO  server.RaftServerConfigKeys (ConfUtils.java:logGet(43)) - raft.server.rpc.timeout.min = 1s (custom)
2019-09-10 18:09:58,294 [208154af-b43d-417a-8ba8-8a37a4d1ac9e@group-CDC198084065:LeaderElection7] INFO  impl.RoleInfo (RoleInfo.java:updateAndGet(143)) - 208154af-b43d-417a-8ba8-8a37a4d1ac9e: start LeaderState
2019-09-10 18:09:58,294 [pool-107-thread-1] INFO  server.RaftServerConfigKeys (ConfUtils.java:logGet(43)) - raft.server.rpc.timeout.max = 1200ms (custom)
2019-09-10 18:09:58,294 [35230fa9-c917-4625-844b-3841de1822d6@group-140A7EEDCCC7:LeaderElection8] INFO  impl.RaftServerImpl (ServerState.java:setRaftConf(354)) - 35230fa9-c917-4625-844b-3841de1822d6@group-140A7EEDCCC7: set configuration 0: [35230fa9-c917-4625-844b-3841de1822d6:192.168.36.113:41574], old=null at 0
2019-09-10 18:09:58,294 [pool-27-thread-1] INFO  impl.RaftServerImpl (ServerState.java:<init>(103)) - 2e952fcc-3ad7-4f0e-80e3-0277395d1af8@group-73C817937272: ConfigurationManager, init=-1: [4faa59b0-972d-4631-8b2b-dceadefbd7cc:192.168.36.113:41249, b0fafecf-3418-4e4c-a5e4-e5075743f263:192.168.36.113:44499, 2e952fcc-3ad7-4f0e-80e3-0277395d1af8:192.168.36.113:44043], old=null, confs=<EMPTY_MAP>
2019-09-10 18:09:58,295 [pool-107-thread-1] INFO  server.RaftServerConfigKeys (ConfUtils.java:logGet(43)) - raft.server.rpcslowness.timeout = 120s (custom)
2019-09-10 18:09:58,295 [208154af-b43d-417a-8ba8-8a37a4d1ac9e@group-CDC198084065:LeaderElection7] INFO  segmented.SegmentedRaftLogWorker (SegmentedRaftLogWorker.java:startLogSegment(380)) - 208154af-b43d-417a-8ba8-8a37a4d1ac9e@group-CDC198084065-SegmentedRaftLogWorker: Starting segment from index:0
2019-09-10 18:09:58,295 [pool-77-thread-1] INFO  impl.RaftServerImpl (RaftServerImpl.java:<init>(95)) - 4faa59b0-972d-4631-8b2b-dceadefbd7cc: new RaftServerImpl for group-73C817937272:[4faa59b0-972d-4631-8b2b-dceadefbd7cc:192.168.36.113:41249, b0fafecf-3418-4e4c-a5e4-e5075743f263:192.168.36.113:44499, 2e952fcc-3ad7-4f0e-80e3-0277395d1af8:192.168.36.113:44043] with ContainerStateMachine:uninitialized
2019-09-10 18:09:58,322 [pool-27-thread-1] INFO  server.RaftServerConfigKeys (ConfUtils.java:logGet(43)) - raft.server.storage.dir = [/workdir/hadoop-ozone/integration-test/target/test-dir/MiniOzoneClusterImpl-a4bba3eb-5ae6-43ba-8544-0cc5de04918c/datanode-0/data/ratis] (custom)
2019-09-10 18:09:58,322 [pool-107-thread-1] INFO  server.RaftServerConfigKeys (ConfUtils.java:logGet(43)) - raft.server.sleep.deviation.threshold = 300 (default)
2019-09-10 18:09:58,322 [pool-77-thread-1] INFO  server.RaftServerConfigKeys (ConfUtils.java:logGet(43)) - raft.server.rpc.timeout.min = 1s (custom)
2019-09-10 18:09:58,323 [208154af-b43d-417a-8ba8-8a37a4d1ac9e@group-CDC198084065:LeaderElection7] INFO  impl.RaftServerImpl (ServerState.java:setRaftConf(354)) - 208154af-b43d-417a-8ba8-8a37a4d1ac9e@group-CDC198084065: set configuration 0: [208154af-b43d-417a-8ba8-8a37a4d1ac9e:192.168.36.113:42355], old=null at 0
2019-09-10 18:09:58,323 [pool-107-thread-1] INFO  server.RaftServerConfigKeys (ConfUtils.java:logGet(43)) - raft.server.log.appender.install.snapshot.enabled = false (custom)
2019-09-10 18:09:58,352 [35230fa9-c917-4625-844b-3841de1822d6@group-140A7EEDCCC7-SegmentedRaftLogWorker] INFO  segmented.SegmentedRaftLogWorker (SegmentedRaftLogWorker.java:execute(569)) - 35230fa9-c917-4625-844b-3841de1822d6@group-140A7EEDCCC7-SegmentedRaftLogWorker: created new log segment /workdir/hadoop-ozone/integration-test/target/test-dir/MiniOzoneClusterImpl-a4bba3eb-5ae6-43ba-8544-0cc5de04918c/datanode-2/data/ratis/1c1c8ff0-6a04-4ac2-9b78-140a7eedccc7/current/log_inprogress_0
2019-09-10 18:09:58,323 [pool-27-thread-1] INFO  storage.RaftStorageDirectory (RaftStorageDirectory.java:analyzeStorage(246)) - The storage directory /workdir/hadoop-ozone/integration-test/target/test-dir/MiniOzoneClusterImpl-a4bba3eb-5ae6-43ba-8544-0cc5de04918c/datanode-0/data/ratis/22b35f76-37c7-432e-9baa-73c817937272 does not exist. Creating ...
2019-09-10 18:09:58,323 [pool-77-thread-1] INFO  server.RaftServerConfigKeys (ConfUtils.java:logGet(43)) - raft.server.rpc.timeout.max = 1200ms (custom)
2019-09-10 18:09:58,352 [pool-107-thread-1] INFO  impl.RaftServerImpl (ServerState.java:<init>(103)) - b0fafecf-3418-4e4c-a5e4-e5075743f263@group-73C817937272: ConfigurationManager, init=-1: [4faa59b0-972d-4631-8b2b-dceadefbd7cc:192.168.36.113:41249, b0fafecf-3418-4e4c-a5e4-e5075743f263:192.168.36.113:44499, 2e952fcc-3ad7-4f0e-80e3-0277395d1af8:192.168.36.113:44043], old=null, confs=<EMPTY_MAP>
2019-09-10 18:09:58,369 [pool-77-thread-1] INFO  server.RaftServerConfigKeys (ConfUtils.java:logGet(43)) - raft.server.rpcslowness.timeout = 120s (custom)
2019-09-10 18:09:58,369 [pool-77-thread-1] INFO  server.RaftServerConfigKeys (ConfUtils.java:logGet(43)) - raft.server.sleep.deviation.threshold = 300 (default)
2019-09-10 18:09:58,369 [pool-107-thread-1] INFO  server.RaftServerConfigKeys (ConfUtils.java:logGet(43)) - raft.server.storage.dir = [/workdir/hadoop-ozone/integration-test/target/test-dir/MiniOzoneClusterImpl-a4bba3eb-5ae6-43ba-8544-0cc5de04918c/datanode-8/data/ratis] (custom)
2019-09-10 18:09:58,369 [pool-77-thread-1] INFO  server.RaftServerConfigKeys (ConfUtils.java:logGet(43)) - raft.server.log.appender.install.snapshot.enabled = false (custom)
2019-09-10 18:09:58,369 [pool-77-thread-1] INFO  impl.RaftServerImpl (ServerState.java:<init>(103)) - 4faa59b0-972d-4631-8b2b-dceadefbd7cc@group-73C817937272: ConfigurationManager, init=-1: [4faa59b0-972d-4631-8b2b-dceadefbd7cc:192.168.36.113:41249, b0fafecf-3418-4e4c-a5e4-e5075743f263:192.168.36.113:44499, 2e952fcc-3ad7-4f0e-80e3-0277395d1af8:192.168.36.113:44043], old=null, confs=<EMPTY_MAP>
2019-09-10 18:09:58,370 [pool-107-thread-1] INFO  storage.RaftStorageDirectory (RaftStorageDirectory.java:analyzeStorage(246)) - The storage directory /workdir/hadoop-ozone/integration-test/target/test-dir/MiniOzoneClusterImpl-a4bba3eb-5ae6-43ba-8544-0cc5de04918c/datanode-8/data/ratis/22b35f76-37c7-432e-9baa-73c817937272 does not exist. Creating ...
2019-09-10 18:09:58,370 [pool-77-thread-1] INFO  server.RaftServerConfigKeys (ConfUtils.java:logGet(43)) - raft.server.storage.dir = [/workdir/hadoop-ozone/integration-test/target/test-dir/MiniOzoneClusterImpl-a4bba3eb-5ae6-43ba-8544-0cc5de04918c/datanode-5/data/ratis] (custom)
2019-09-10 18:09:58,370 [pool-77-thread-1] INFO  storage.RaftStorageDirectory (RaftStorageDirectory.java:analyzeStorage(246)) - The storage directory /workdir/hadoop-ozone/integration-test/target/test-dir/MiniOzoneClusterImpl-a4bba3eb-5ae6-43ba-8544-0cc5de04918c/datanode-5/data/ratis/22b35f76-37c7-432e-9baa-73c817937272 does not exist. Creating ...
2019-09-10 18:09:58,387 [pool-107-thread-1] INFO  storage.RaftStorageDirectory (RaftStorageDirectory.java:tryLock(328)) - Lock on /workdir/hadoop-ozone/integration-test/target/test-dir/MiniOzoneClusterImpl-a4bba3eb-5ae6-43ba-8544-0cc5de04918c/datanode-8/data/ratis/22b35f76-37c7-432e-9baa-73c817937272/in_use.lock acquired by nodename 17986@pr-hdds-1982-decom-states-gjzbw-1854142291
2019-09-10 18:09:58,387 [208154af-b43d-417a-8ba8-8a37a4d1ac9e@group-CDC198084065-SegmentedRaftLogWorker] INFO  segmented.SegmentedRaftLogWorker (SegmentedRaftLogWorker.java:execute(569)) - 208154af-b43d-417a-8ba8-8a37a4d1ac9e@group-CDC198084065-SegmentedRaftLogWorker: created new log segment /workdir/hadoop-ozone/integration-test/target/test-dir/MiniOzoneClusterImpl-a4bba3eb-5ae6-43ba-8544-0cc5de04918c/datanode-3/data/ratis/dbc99ad8-2805-48d3-8bc4-cdc198084065/current/log_inprogress_0
2019-09-10 18:09:58,387 [pool-77-thread-1] INFO  storage.RaftStorageDirectory (RaftStorageDirectory.java:tryLock(328)) - Lock on /workdir/hadoop-ozone/integration-test/target/test-dir/MiniOzoneClusterImpl-a4bba3eb-5ae6-43ba-8544-0cc5de04918c/datanode-5/data/ratis/22b35f76-37c7-432e-9baa-73c817937272/in_use.lock acquired by nodename 17986@pr-hdds-1982-decom-states-gjzbw-1854142291
2019-09-10 18:09:58,387 [pool-27-thread-1] INFO  storage.RaftStorageDirectory (RaftStorageDirectory.java:tryLock(328)) - Lock on /workdir/hadoop-ozone/integration-test/target/test-dir/MiniOzoneClusterImpl-a4bba3eb-5ae6-43ba-8544-0cc5de04918c/datanode-0/data/ratis/22b35f76-37c7-432e-9baa-73c817937272/in_use.lock acquired by nodename 17986@pr-hdds-1982-decom-states-gjzbw-1854142291
2019-09-10 18:09:58,388 [IPC Server handler 18 on 44518] INFO  volume.OMVolumeCreateRequest (OMVolumeCreateRequest.java:validateAndUpdateCache(189)) - created volume:datanodefailurehandlingtest for user:jenkins1000
2019-09-10 18:09:58,417 [main] INFO  rpc.RpcClient (RpcClient.java:createBucket(437)) - Creating Bucket: datanodefailurehandlingtest/datanodefailurehandlingtest, with Versioning false and Storage Type set to DISK and Encryption set to false 
2019-09-10 18:09:58,455 [pool-107-thread-1] INFO  storage.RaftStorage (RaftStorage.java:format(72)) - Storage directory /workdir/hadoop-ozone/integration-test/target/test-dir/MiniOzoneClusterImpl-a4bba3eb-5ae6-43ba-8544-0cc5de04918c/datanode-8/data/ratis/22b35f76-37c7-432e-9baa-73c817937272 has been successfully formatted.
2019-09-10 18:09:58,455 [pool-27-thread-1] INFO  storage.RaftStorage (RaftStorage.java:format(72)) - Storage directory /workdir/hadoop-ozone/integration-test/target/test-dir/MiniOzoneClusterImpl-a4bba3eb-5ae6-43ba-8544-0cc5de04918c/datanode-0/data/ratis/22b35f76-37c7-432e-9baa-73c817937272 has been successfully formatted.
2019-09-10 18:09:58,455 [pool-77-thread-1] INFO  storage.RaftStorage (RaftStorage.java:format(72)) - Storage directory /workdir/hadoop-ozone/integration-test/target/test-dir/MiniOzoneClusterImpl-a4bba3eb-5ae6-43ba-8544-0cc5de04918c/datanode-5/data/ratis/22b35f76-37c7-432e-9baa-73c817937272 has been successfully formatted.
2019-09-10 18:09:58,456 [pool-107-thread-1] INFO  ratis.ContainerStateMachine (ContainerStateMachine.java:loadSnapshot(230)) - group-73C817937272: The snapshot info is null. Setting the last applied indexto:(t:0, i:~)
2019-09-10 18:09:58,456 [pool-27-thread-1] INFO  ratis.ContainerStateMachine (ContainerStateMachine.java:loadSnapshot(230)) - group-73C817937272: The snapshot info is null. Setting the last applied indexto:(t:0, i:~)
2019-09-10 18:09:58,456 [pool-107-thread-1] INFO  server.RaftServerConfigKeys (ConfUtils.java:logGet(43)) - raft.server.notification.no-leader.timeout = 120s (custom)
2019-09-10 18:09:58,456 [pool-77-thread-1] INFO  ratis.ContainerStateMachine (ContainerStateMachine.java:loadSnapshot(230)) - group-73C817937272: The snapshot info is null. Setting the last applied indexto:(t:0, i:~)
2019-09-10 18:09:58,456 [pool-107-thread-1] INFO  server.RaftServerConfigKeys (ConfUtils.java:logGet(43)) - raft.server.log.use.memory = false (default)
2019-09-10 18:09:58,456 [pool-27-thread-1] INFO  server.RaftServerConfigKeys (ConfUtils.java:logGet(43)) - raft.server.notification.no-leader.timeout = 120s (custom)
2019-09-10 18:09:58,456 [pool-107-thread-1] INFO  server.RaftServerConfigKeys (ConfUtils.java:logGet(43)) - raft.server.log.purge.gap = 1000000 (custom)
2019-09-10 18:09:58,456 [pool-77-thread-1] INFO  server.RaftServerConfigKeys (ConfUtils.java:logGet(43)) - raft.server.notification.no-leader.timeout = 120s (custom)
2019-09-10 18:09:58,456 [pool-107-thread-1] INFO  server.RaftServerConfigKeys (ConfUtils.java:logGet(43)) - raft.server.log.appender.buffer.byte-limit = 33554432 (custom)
2019-09-10 18:09:58,456 [pool-27-thread-1] INFO  server.RaftServerConfigKeys (ConfUtils.java:logGet(43)) - raft.server.log.use.memory = false (default)
2019-09-10 18:09:58,457 [pool-107-thread-1] INFO  server.RaftServerConfigKeys (ConfUtils.java:logGet(43)) - raft.server.log.segment.size.max = 1048576 (custom)
2019-09-10 18:09:58,456 [pool-77-thread-1] INFO  server.RaftServerConfigKeys (ConfUtils.java:logGet(43)) - raft.server.log.use.memory = false (default)
2019-09-10 18:09:58,457 [pool-107-thread-1] INFO  server.RaftServerConfigKeys (ConfUtils.java:logGet(43)) - raft.server.log.segment.cache.num.max = 2 (custom)
2019-09-10 18:09:58,457 [pool-27-thread-1] INFO  server.RaftServerConfigKeys (ConfUtils.java:logGet(43)) - raft.server.log.purge.gap = 1000000 (custom)
2019-09-10 18:09:58,457 [pool-107-thread-1] INFO  segmented.SegmentedRaftLogWorker (SegmentedRaftLogWorker.java:<init>(172)) - new b0fafecf-3418-4e4c-a5e4-e5075743f263@group-73C817937272-SegmentedRaftLogWorker for RaftStorage:Storage Directory /workdir/hadoop-ozone/integration-test/target/test-dir/MiniOzoneClusterImpl-a4bba3eb-5ae6-43ba-8544-0cc5de04918c/datanode-8/data/ratis/22b35f76-37c7-432e-9baa-73c817937272
2019-09-10 18:09:58,457 [pool-77-thread-1] INFO  server.RaftServerConfigKeys (ConfUtils.java:logGet(43)) - raft.server.log.purge.gap = 1000000 (custom)
2019-09-10 18:09:58,457 [pool-107-thread-1] INFO  server.RaftServerConfigKeys (ConfUtils.java:logGet(43)) - raft.server.log.queue.byte-limit = 2147483647 (custom)
2019-09-10 18:09:58,457 [pool-27-thread-1] INFO  server.RaftServerConfigKeys (ConfUtils.java:logGet(43)) - raft.server.log.appender.buffer.byte-limit = 33554432 (custom)
2019-09-10 18:09:58,457 [pool-107-thread-1] INFO  server.RaftServerConfigKeys (ConfUtils.java:logGet(43)) - raft.server.log.queue.element-limit = 1024 (custom)
2019-09-10 18:09:58,457 [pool-77-thread-1] INFO  server.RaftServerConfigKeys (ConfUtils.java:logGet(43)) - raft.server.log.appender.buffer.byte-limit = 33554432 (custom)
2019-09-10 18:09:58,458 [pool-107-thread-1] INFO  server.RaftServerConfigKeys (ConfUtils.java:logGet(43)) - raft.server.log.segment.size.max = 1048576 (custom)
2019-09-10 18:09:58,457 [pool-27-thread-1] INFO  server.RaftServerConfigKeys (ConfUtils.java:logGet(43)) - raft.server.log.segment.size.max = 1048576 (custom)
2019-09-10 18:09:58,458 [pool-107-thread-1] INFO  server.RaftServerConfigKeys (ConfUtils.java:logGet(43)) - raft.server.log.preallocated.size = 16384 (custom)
2019-09-10 18:09:58,458 [pool-77-thread-1] INFO  server.RaftServerConfigKeys (ConfUtils.java:logGet(43)) - raft.server.log.segment.size.max = 1048576 (custom)
2019-09-10 18:09:58,458 [pool-107-thread-1] INFO  server.RaftServerConfigKeys (ConfUtils.java:logGet(43)) - raft.server.log.write.buffer.size = 33554432 (custom)
2019-09-10 18:09:58,458 [pool-27-thread-1] INFO  server.RaftServerConfigKeys (ConfUtils.java:logGet(43)) - raft.server.log.segment.cache.num.max = 2 (custom)
2019-09-10 18:09:58,458 [pool-107-thread-1] INFO  server.RaftServerConfigKeys (ConfUtils.java:logGet(43)) - raft.server.log.force.sync.num = 128 (default)
2019-09-10 18:09:58,458 [pool-77-thread-1] INFO  server.RaftServerConfigKeys (ConfUtils.java:logGet(43)) - raft.server.log.segment.cache.num.max = 2 (custom)
2019-09-10 18:09:58,458 [pool-107-thread-1] INFO  server.RaftServerConfigKeys (ConfUtils.java:logGet(43)) - raft.server.log.statemachine.data.sync = true (default)
2019-09-10 18:09:58,458 [pool-27-thread-1] INFO  segmented.SegmentedRaftLogWorker (SegmentedRaftLogWorker.java:<init>(172)) - new 2e952fcc-3ad7-4f0e-80e3-0277395d1af8@group-73C817937272-SegmentedRaftLogWorker for RaftStorage:Storage Directory /workdir/hadoop-ozone/integration-test/target/test-dir/MiniOzoneClusterImpl-a4bba3eb-5ae6-43ba-8544-0cc5de04918c/datanode-0/data/ratis/22b35f76-37c7-432e-9baa-73c817937272
2019-09-10 18:09:58,458 [pool-107-thread-1] INFO  server.RaftServerConfigKeys (ConfUtils.java:logGet(43)) - raft.server.log.statemachine.data.sync.timeout = 10s (default)
2019-09-10 18:09:58,458 [pool-77-thread-1] INFO  segmented.SegmentedRaftLogWorker (SegmentedRaftLogWorker.java:<init>(172)) - new 4faa59b0-972d-4631-8b2b-dceadefbd7cc@group-73C817937272-SegmentedRaftLogWorker for RaftStorage:Storage Directory /workdir/hadoop-ozone/integration-test/target/test-dir/MiniOzoneClusterImpl-a4bba3eb-5ae6-43ba-8544-0cc5de04918c/datanode-5/data/ratis/22b35f76-37c7-432e-9baa-73c817937272
2019-09-10 18:09:58,459 [pool-107-thread-1] INFO  server.RaftServerConfigKeys (ConfUtils.java:logGet(43)) - raft.server.log.statemachine.data.sync.timeout.retry = -1 (default)
2019-09-10 18:09:58,459 [pool-27-thread-1] INFO  server.RaftServerConfigKeys (ConfUtils.java:logGet(43)) - raft.server.log.queue.byte-limit = 2147483647 (custom)
2019-09-10 18:09:58,459 [pool-107-thread-1] INFO  server.RaftServerConfigKeys (ConfUtils.java:logGet(43)) - raft.server.log.statemachine.data.caching.enabled = true (custom)
2019-09-10 18:09:58,459 [pool-77-thread-1] INFO  server.RaftServerConfigKeys (ConfUtils.java:logGet(43)) - raft.server.log.queue.byte-limit = 2147483647 (custom)
2019-09-10 18:09:58,459 [pool-27-thread-1] INFO  server.RaftServerConfigKeys (ConfUtils.java:logGet(43)) - raft.server.log.queue.element-limit = 1024 (custom)
2019-09-10 18:09:58,459 [pool-107-thread-1] INFO  segmented.SegmentedRaftLogWorker (SegmentedRaftLogWorker.java:lambda$new$0(132)) - b0fafecf-3418-4e4c-a5e4-e5075743f263@group-73C817937272-SegmentedRaftLogWorker: flushIndex: setUnconditionally 0 -> -1
2019-09-10 18:09:58,459 [pool-77-thread-1] INFO  server.RaftServerConfigKeys (ConfUtils.java:logGet(43)) - raft.server.log.queue.element-limit = 1024 (custom)
2019-09-10 18:09:58,459 [pool-27-thread-1] INFO  server.RaftServerConfigKeys (ConfUtils.java:logGet(43)) - raft.server.log.segment.size.max = 1048576 (custom)
2019-09-10 18:09:58,460 [pool-107-thread-1] INFO  server.RaftServerConfigKeys (ConfUtils.java:logGet(43)) - raft.server.snapshot.auto.trigger.enabled = true (custom)
2019-09-10 18:09:58,460 [pool-77-thread-1] INFO  server.RaftServerConfigKeys (ConfUtils.java:logGet(43)) - raft.server.log.segment.size.max = 1048576 (custom)
2019-09-10 18:09:58,460 [pool-107-thread-1] INFO  server.RaftServerConfigKeys (ConfUtils.java:logGet(43)) - raft.server.snapshot.auto.trigger.threshold = 10000 (custom)
2019-09-10 18:09:58,460 [pool-27-thread-1] INFO  server.RaftServerConfigKeys (ConfUtils.java:logGet(43)) - raft.server.log.preallocated.size = 16384 (custom)
2019-09-10 18:09:58,460 [pool-107-thread-1] INFO  server.RaftServerConfigKeys (ConfUtils.java:logGet(43)) - raft.server.snapshot.retention.num.files = -1 (default)
2019-09-10 18:09:58,460 [pool-77-thread-1] INFO  server.RaftServerConfigKeys (ConfUtils.java:logGet(43)) - raft.server.log.preallocated.size = 16384 (custom)
2019-09-10 18:09:58,460 [pool-107-thread-1] INFO  server.RaftServerConfigKeys (ConfUtils.java:logGet(43)) - raft.server.retrycache.expirytime = 600000ms (custom)
2019-09-10 18:09:58,460 [pool-27-thread-1] INFO  server.RaftServerConfigKeys (ConfUtils.java:logGet(43)) - raft.server.log.write.buffer.size = 33554432 (custom)
2019-09-10 18:09:58,460 [pool-77-thread-1] INFO  server.RaftServerConfigKeys (ConfUtils.java:logGet(43)) - raft.server.log.write.buffer.size = 33554432 (custom)
2019-09-10 18:09:58,460 [pool-27-thread-1] INFO  server.RaftServerConfigKeys (ConfUtils.java:logGet(43)) - raft.server.log.force.sync.num = 128 (default)
2019-09-10 18:09:58,460 [pool-77-thread-1] INFO  server.RaftServerConfigKeys (ConfUtils.java:logGet(43)) - raft.server.log.force.sync.num = 128 (default)
2019-09-10 18:09:58,461 [pool-27-thread-1] INFO  server.RaftServerConfigKeys (ConfUtils.java:logGet(43)) - raft.server.log.statemachine.data.sync = true (default)
2019-09-10 18:09:58,461 [pool-77-thread-1] INFO  server.RaftServerConfigKeys (ConfUtils.java:logGet(43)) - raft.server.log.statemachine.data.sync = true (default)
2019-09-10 18:09:58,461 [pool-27-thread-1] INFO  server.RaftServerConfigKeys (ConfUtils.java:logGet(43)) - raft.server.log.statemachine.data.sync.timeout = 10s (default)
2019-09-10 18:09:58,461 [pool-77-thread-1] INFO  server.RaftServerConfigKeys (ConfUtils.java:logGet(43)) - raft.server.log.statemachine.data.sync.timeout = 10s (default)
2019-09-10 18:09:58,461 [pool-27-thread-1] INFO  server.RaftServerConfigKeys (ConfUtils.java:logGet(43)) - raft.server.log.statemachine.data.sync.timeout.retry = -1 (default)
2019-09-10 18:09:58,461 [pool-77-thread-1] INFO  server.RaftServerConfigKeys (ConfUtils.java:logGet(43)) - raft.server.log.statemachine.data.sync.timeout.retry = -1 (default)
2019-09-10 18:09:58,461 [pool-27-thread-1] INFO  server.RaftServerConfigKeys (ConfUtils.java:logGet(43)) - raft.server.log.statemachine.data.caching.enabled = true (custom)
2019-09-10 18:09:58,461 [pool-77-thread-1] INFO  server.RaftServerConfigKeys (ConfUtils.java:logGet(43)) - raft.server.log.statemachine.data.caching.enabled = true (custom)
2019-09-10 18:09:58,461 [pool-27-thread-1] INFO  segmented.SegmentedRaftLogWorker (SegmentedRaftLogWorker.java:lambda$new$0(132)) - 2e952fcc-3ad7-4f0e-80e3-0277395d1af8@group-73C817937272-SegmentedRaftLogWorker: flushIndex: setUnconditionally 0 -> -1
2019-09-10 18:09:58,462 [pool-77-thread-1] INFO  segmented.SegmentedRaftLogWorker (SegmentedRaftLogWorker.java:lambda$new$0(132)) - 4faa59b0-972d-4631-8b2b-dceadefbd7cc@group-73C817937272-SegmentedRaftLogWorker: flushIndex: setUnconditionally 0 -> -1
2019-09-10 18:09:58,462 [pool-27-thread-1] INFO  server.RaftServerConfigKeys (ConfUtils.java:logGet(43)) - raft.server.snapshot.auto.trigger.enabled = true (custom)
2019-09-10 18:09:58,462 [pool-77-thread-1] INFO  server.RaftServerConfigKeys (ConfUtils.java:logGet(43)) - raft.server.snapshot.auto.trigger.enabled = true (custom)
2019-09-10 18:09:58,462 [pool-27-thread-1] INFO  server.RaftServerConfigKeys (ConfUtils.java:logGet(43)) - raft.server.snapshot.auto.trigger.threshold = 10000 (custom)
2019-09-10 18:09:58,462 [pool-77-thread-1] INFO  server.RaftServerConfigKeys (ConfUtils.java:logGet(43)) - raft.server.snapshot.auto.trigger.threshold = 10000 (custom)
2019-09-10 18:09:58,462 [pool-27-thread-1] INFO  server.RaftServerConfigKeys (ConfUtils.java:logGet(43)) - raft.server.snapshot.retention.num.files = -1 (default)
2019-09-10 18:09:58,462 [pool-77-thread-1] INFO  server.RaftServerConfigKeys (ConfUtils.java:logGet(43)) - raft.server.snapshot.retention.num.files = -1 (default)
2019-09-10 18:09:58,462 [pool-27-thread-1] INFO  server.RaftServerConfigKeys (ConfUtils.java:logGet(43)) - raft.server.retrycache.expirytime = 600000ms (custom)
2019-09-10 18:09:58,462 [pool-77-thread-1] INFO  server.RaftServerConfigKeys (ConfUtils.java:logGet(43)) - raft.server.retrycache.expirytime = 600000ms (custom)
2019-09-10 18:09:58,462 [pool-107-thread-1] INFO  impl.RaftServerImpl (RaftServerImpl.java:start(185)) - b0fafecf-3418-4e4c-a5e4-e5075743f263@group-73C817937272: start as a follower, conf=-1: [4faa59b0-972d-4631-8b2b-dceadefbd7cc:192.168.36.113:41249, b0fafecf-3418-4e4c-a5e4-e5075743f263:192.168.36.113:44499, 2e952fcc-3ad7-4f0e-80e3-0277395d1af8:192.168.36.113:44043], old=null
2019-09-10 18:09:58,463 [pool-107-thread-1] INFO  impl.RaftServerImpl (RaftServerImpl.java:setRole(174)) - b0fafecf-3418-4e4c-a5e4-e5075743f263@group-73C817937272: changes role from      null to FOLLOWER at term 0 for startAsFollower
2019-09-10 18:09:58,463 [pool-107-thread-1] INFO  impl.RoleInfo (RoleInfo.java:updateAndGet(143)) - b0fafecf-3418-4e4c-a5e4-e5075743f263: start FollowerState
2019-09-10 18:09:58,463 [pool-107-thread-1] INFO  util.JmxRegister (JmxRegister.java:tryRegister(44)) - Successfully registered JMX Bean with object name Ratis:service=RaftServer,group=group-73C817937272,id=b0fafecf-3418-4e4c-a5e4-e5075743f263
2019-09-10 18:09:58,465 [pool-27-thread-1] INFO  impl.RaftServerImpl (RaftServerImpl.java:start(185)) - 2e952fcc-3ad7-4f0e-80e3-0277395d1af8@group-73C817937272: start as a follower, conf=-1: [4faa59b0-972d-4631-8b2b-dceadefbd7cc:192.168.36.113:41249, b0fafecf-3418-4e4c-a5e4-e5075743f263:192.168.36.113:44499, 2e952fcc-3ad7-4f0e-80e3-0277395d1af8:192.168.36.113:44043], old=null
2019-09-10 18:09:58,465 [pool-27-thread-1] INFO  impl.RaftServerImpl (RaftServerImpl.java:setRole(174)) - 2e952fcc-3ad7-4f0e-80e3-0277395d1af8@group-73C817937272: changes role from      null to FOLLOWER at term 0 for startAsFollower
2019-09-10 18:09:58,465 [pool-27-thread-1] INFO  impl.RoleInfo (RoleInfo.java:updateAndGet(143)) - 2e952fcc-3ad7-4f0e-80e3-0277395d1af8: start FollowerState
2019-09-10 18:09:58,465 [pool-77-thread-1] INFO  impl.RaftServerImpl (RaftServerImpl.java:start(185)) - 4faa59b0-972d-4631-8b2b-dceadefbd7cc@group-73C817937272: start as a follower, conf=-1: [4faa59b0-972d-4631-8b2b-dceadefbd7cc:192.168.36.113:41249, b0fafecf-3418-4e4c-a5e4-e5075743f263:192.168.36.113:44499, 2e952fcc-3ad7-4f0e-80e3-0277395d1af8:192.168.36.113:44043], old=null
2019-09-10 18:09:58,465 [pool-77-thread-1] INFO  impl.RaftServerImpl (RaftServerImpl.java:setRole(174)) - 4faa59b0-972d-4631-8b2b-dceadefbd7cc@group-73C817937272: changes role from      null to FOLLOWER at term 0 for startAsFollower
2019-09-10 18:09:58,471 [pool-27-thread-1] INFO  util.JmxRegister (JmxRegister.java:tryRegister(44)) - Successfully registered JMX Bean with object name Ratis:service=RaftServer,group=group-73C817937272,id=2e952fcc-3ad7-4f0e-80e3-0277395d1af8
2019-09-10 18:09:58,471 [pool-77-thread-1] INFO  impl.RoleInfo (RoleInfo.java:updateAndGet(143)) - 4faa59b0-972d-4631-8b2b-dceadefbd7cc: start FollowerState
2019-09-10 18:09:58,474 [pool-77-thread-1] INFO  util.JmxRegister (JmxRegister.java:tryRegister(44)) - Successfully registered JMX Bean with object name Ratis:service=RaftServer,group=group-73C817937272,id=4faa59b0-972d-4631-8b2b-dceadefbd7cc
2019-09-10 18:09:58,505 [RatisPipelineUtilsThread] INFO  pipeline.PipelineStateManager (PipelineStateManager.java:addPipeline(56)) - Created pipeline Pipeline[ Id: 22b35f76-37c7-432e-9baa-73c817937272, Nodes: 4faa59b0-972d-4631-8b2b-dceadefbd7cc{ip: 192.168.36.113, host: pr-hdds-1982-decom-states-gjzbw-1854142291, networkLocation: /default-rack, certSerialId: null}2e952fcc-3ad7-4f0e-80e3-0277395d1af8{ip: 192.168.36.113, host: pr-hdds-1982-decom-states-gjzbw-1854142291, networkLocation: /default-rack, certSerialId: null}b0fafecf-3418-4e4c-a5e4-e5075743f263{ip: 192.168.36.113, host: pr-hdds-1982-decom-states-gjzbw-1854142291, networkLocation: /default-rack, certSerialId: null}, Type:RATIS, Factor:THREE, State:OPEN]
2019-09-10 18:09:58,529 [grpc-default-executor-1] INFO  impl.RaftServerProxy (RaftServerProxy.java:addNew(89)) - 8cbcd714-dd76-45fa-910f-f3e67512086a: addNew group-2C4B92B15373:[49bcc910-1f14-48b7-a318-d2e01e8ffdec:192.168.36.113:46072, 8cbcd714-dd76-45fa-910f-f3e67512086a:192.168.36.113:33895, d8255f37-89f1-48d2-bcda-7654f43e2557:192.168.36.113:33855] returns group-2C4B92B15373:java.util.concurrent.CompletableFuture@4b9bad39[Not completed]
2019-09-10 18:09:58,529 [grpc-default-executor-0] INFO  impl.RaftServerProxy (RaftServerProxy.java:addNew(89)) - 49bcc910-1f14-48b7-a318-d2e01e8ffdec: addNew group-2C4B92B15373:[49bcc910-1f14-48b7-a318-d2e01e8ffdec:192.168.36.113:46072, 8cbcd714-dd76-45fa-910f-f3e67512086a:192.168.36.113:33895, d8255f37-89f1-48d2-bcda-7654f43e2557:192.168.36.113:33855] returns group-2C4B92B15373:java.util.concurrent.CompletableFuture@19fe10dd[Not completed]
2019-09-10 18:09:58,529 [grpc-default-executor-2] INFO  impl.RaftServerProxy (RaftServerProxy.java:addNew(89)) - d8255f37-89f1-48d2-bcda-7654f43e2557: addNew group-2C4B92B15373:[49bcc910-1f14-48b7-a318-d2e01e8ffdec:192.168.36.113:46072, 8cbcd714-dd76-45fa-910f-f3e67512086a:192.168.36.113:33895, d8255f37-89f1-48d2-bcda-7654f43e2557:192.168.36.113:33855] returns group-2C4B92B15373:java.util.concurrent.CompletableFuture@7ec9678d[Not completed]
2019-09-10 18:09:58,532 [pool-117-thread-1] INFO  impl.RaftServerImpl (RaftServerImpl.java:<init>(95)) - 49bcc910-1f14-48b7-a318-d2e01e8ffdec: new RaftServerImpl for group-2C4B92B15373:[49bcc910-1f14-48b7-a318-d2e01e8ffdec:192.168.36.113:46072, 8cbcd714-dd76-45fa-910f-f3e67512086a:192.168.36.113:33895, d8255f37-89f1-48d2-bcda-7654f43e2557:192.168.36.113:33855] with ContainerStateMachine:uninitialized
2019-09-10 18:09:58,532 [pool-117-thread-1] INFO  server.RaftServerConfigKeys (ConfUtils.java:logGet(43)) - raft.server.rpc.timeout.min = 1s (custom)
2019-09-10 18:09:58,532 [pool-117-thread-1] INFO  server.RaftServerConfigKeys (ConfUtils.java:logGet(43)) - raft.server.rpc.timeout.max = 1200ms (custom)
2019-09-10 18:09:58,532 [pool-117-thread-1] INFO  server.RaftServerConfigKeys (ConfUtils.java:logGet(43)) - raft.server.rpcslowness.timeout = 120s (custom)
2019-09-10 18:09:58,532 [pool-117-thread-1] INFO  server.RaftServerConfigKeys (ConfUtils.java:logGet(43)) - raft.server.sleep.deviation.threshold = 300 (default)
2019-09-10 18:09:58,532 [pool-117-thread-1] INFO  server.RaftServerConfigKeys (ConfUtils.java:logGet(43)) - raft.server.log.appender.install.snapshot.enabled = false (custom)
2019-09-10 18:09:58,532 [pool-87-thread-1] INFO  impl.RaftServerImpl (RaftServerImpl.java:<init>(95)) - d8255f37-89f1-48d2-bcda-7654f43e2557: new RaftServerImpl for group-2C4B92B15373:[49bcc910-1f14-48b7-a318-d2e01e8ffdec:192.168.36.113:46072, 8cbcd714-dd76-45fa-910f-f3e67512086a:192.168.36.113:33895, d8255f37-89f1-48d2-bcda-7654f43e2557:192.168.36.113:33855] with ContainerStateMachine:uninitialized
2019-09-10 18:09:58,532 [pool-117-thread-1] INFO  impl.RaftServerImpl (ServerState.java:<init>(103)) - 49bcc910-1f14-48b7-a318-d2e01e8ffdec@group-2C4B92B15373: ConfigurationManager, init=-1: [49bcc910-1f14-48b7-a318-d2e01e8ffdec:192.168.36.113:46072, 8cbcd714-dd76-45fa-910f-f3e67512086a:192.168.36.113:33895, d8255f37-89f1-48d2-bcda-7654f43e2557:192.168.36.113:33855], old=null, confs=<EMPTY_MAP>
2019-09-10 18:09:58,532 [pool-87-thread-1] INFO  server.RaftServerConfigKeys (ConfUtils.java:logGet(43)) - raft.server.rpc.timeout.min = 1s (custom)
2019-09-10 18:09:58,533 [pool-117-thread-1] INFO  server.RaftServerConfigKeys (ConfUtils.java:logGet(43)) - raft.server.storage.dir = [/workdir/hadoop-ozone/integration-test/target/test-dir/MiniOzoneClusterImpl-a4bba3eb-5ae6-43ba-8544-0cc5de04918c/datanode-9/data/ratis] (custom)
2019-09-10 18:09:58,533 [pool-87-thread-1] INFO  server.RaftServerConfigKeys (ConfUtils.java:logGet(43)) - raft.server.rpc.timeout.max = 1200ms (custom)
2019-09-10 18:09:58,533 [pool-87-thread-1] INFO  server.RaftServerConfigKeys (ConfUtils.java:logGet(43)) - raft.server.rpcslowness.timeout = 120s (custom)
2019-09-10 18:09:58,533 [pool-87-thread-1] INFO  server.RaftServerConfigKeys (ConfUtils.java:logGet(43)) - raft.server.sleep.deviation.threshold = 300 (default)
2019-09-10 18:09:58,533 [pool-37-thread-1] INFO  impl.RaftServerImpl (RaftServerImpl.java:<init>(95)) - 8cbcd714-dd76-45fa-910f-f3e67512086a: new RaftServerImpl for group-2C4B92B15373:[49bcc910-1f14-48b7-a318-d2e01e8ffdec:192.168.36.113:46072, 8cbcd714-dd76-45fa-910f-f3e67512086a:192.168.36.113:33895, d8255f37-89f1-48d2-bcda-7654f43e2557:192.168.36.113:33855] with ContainerStateMachine:uninitialized
2019-09-10 18:09:58,533 [pool-117-thread-1] INFO  storage.RaftStorageDirectory (RaftStorageDirectory.java:analyzeStorage(246)) - The storage directory /workdir/hadoop-ozone/integration-test/target/test-dir/MiniOzoneClusterImpl-a4bba3eb-5ae6-43ba-8544-0cc5de04918c/datanode-9/data/ratis/3154d7c5-eea6-48f1-8d1f-2c4b92b15373 does not exist. Creating ...
2019-09-10 18:09:58,533 [pool-37-thread-1] INFO  server.RaftServerConfigKeys (ConfUtils.java:logGet(43)) - raft.server.rpc.timeout.min = 1s (custom)
2019-09-10 18:09:58,533 [pool-87-thread-1] INFO  server.RaftServerConfigKeys (ConfUtils.java:logGet(43)) - raft.server.log.appender.install.snapshot.enabled = false (custom)
2019-09-10 18:09:58,533 [pool-37-thread-1] INFO  server.RaftServerConfigKeys (ConfUtils.java:logGet(43)) - raft.server.rpc.timeout.max = 1200ms (custom)
2019-09-10 18:09:58,533 [pool-87-thread-1] INFO  impl.RaftServerImpl (ServerState.java:<init>(103)) - d8255f37-89f1-48d2-bcda-7654f43e2557@group-2C4B92B15373: ConfigurationManager, init=-1: [49bcc910-1f14-48b7-a318-d2e01e8ffdec:192.168.36.113:46072, 8cbcd714-dd76-45fa-910f-f3e67512086a:192.168.36.113:33895, d8255f37-89f1-48d2-bcda-7654f43e2557:192.168.36.113:33855], old=null, confs=<EMPTY_MAP>
2019-09-10 18:09:58,533 [pool-37-thread-1] INFO  server.RaftServerConfigKeys (ConfUtils.java:logGet(43)) - raft.server.rpcslowness.timeout = 120s (custom)
2019-09-10 18:09:58,534 [pool-37-thread-1] INFO  server.RaftServerConfigKeys (ConfUtils.java:logGet(43)) - raft.server.sleep.deviation.threshold = 300 (default)
2019-09-10 18:09:58,534 [pool-87-thread-1] INFO  server.RaftServerConfigKeys (ConfUtils.java:logGet(43)) - raft.server.storage.dir = [/workdir/hadoop-ozone/integration-test/target/test-dir/MiniOzoneClusterImpl-a4bba3eb-5ae6-43ba-8544-0cc5de04918c/datanode-6/data/ratis] (custom)
2019-09-10 18:09:58,534 [pool-37-thread-1] INFO  server.RaftServerConfigKeys (ConfUtils.java:logGet(43)) - raft.server.log.appender.install.snapshot.enabled = false (custom)
2019-09-10 18:09:58,534 [pool-37-thread-1] INFO  impl.RaftServerImpl (ServerState.java:<init>(103)) - 8cbcd714-dd76-45fa-910f-f3e67512086a@group-2C4B92B15373: ConfigurationManager, init=-1: [49bcc910-1f14-48b7-a318-d2e01e8ffdec:192.168.36.113:46072, 8cbcd714-dd76-45fa-910f-f3e67512086a:192.168.36.113:33895, d8255f37-89f1-48d2-bcda-7654f43e2557:192.168.36.113:33855], old=null, confs=<EMPTY_MAP>
2019-09-10 18:09:58,534 [pool-87-thread-1] INFO  storage.RaftStorageDirectory (RaftStorageDirectory.java:analyzeStorage(246)) - The storage directory /workdir/hadoop-ozone/integration-test/target/test-dir/MiniOzoneClusterImpl-a4bba3eb-5ae6-43ba-8544-0cc5de04918c/datanode-6/data/ratis/3154d7c5-eea6-48f1-8d1f-2c4b92b15373 does not exist. Creating ...
2019-09-10 18:09:58,534 [pool-37-thread-1] INFO  server.RaftServerConfigKeys (ConfUtils.java:logGet(43)) - raft.server.storage.dir = [/workdir/hadoop-ozone/integration-test/target/test-dir/MiniOzoneClusterImpl-a4bba3eb-5ae6-43ba-8544-0cc5de04918c/datanode-1/data/ratis] (custom)
2019-09-10 18:09:58,534 [pool-37-thread-1] INFO  storage.RaftStorageDirectory (RaftStorageDirectory.java:analyzeStorage(246)) - The storage directory /workdir/hadoop-ozone/integration-test/target/test-dir/MiniOzoneClusterImpl-a4bba3eb-5ae6-43ba-8544-0cc5de04918c/datanode-1/data/ratis/3154d7c5-eea6-48f1-8d1f-2c4b92b15373 does not exist. Creating ...
2019-09-10 18:09:58,573 [pool-37-thread-1] INFO  storage.RaftStorageDirectory (RaftStorageDirectory.java:tryLock(328)) - Lock on /workdir/hadoop-ozone/integration-test/target/test-dir/MiniOzoneClusterImpl-a4bba3eb-5ae6-43ba-8544-0cc5de04918c/datanode-1/data/ratis/3154d7c5-eea6-48f1-8d1f-2c4b92b15373/in_use.lock acquired by nodename 17986@pr-hdds-1982-decom-states-gjzbw-1854142291
2019-09-10 18:09:58,573 [pool-87-thread-1] INFO  storage.RaftStorageDirectory (RaftStorageDirectory.java:tryLock(328)) - Lock on /workdir/hadoop-ozone/integration-test/target/test-dir/MiniOzoneClusterImpl-a4bba3eb-5ae6-43ba-8544-0cc5de04918c/datanode-6/data/ratis/3154d7c5-eea6-48f1-8d1f-2c4b92b15373/in_use.lock acquired by nodename 17986@pr-hdds-1982-decom-states-gjzbw-1854142291
2019-09-10 18:09:58,573 [pool-117-thread-1] INFO  storage.RaftStorageDirectory (RaftStorageDirectory.java:tryLock(328)) - Lock on /workdir/hadoop-ozone/integration-test/target/test-dir/MiniOzoneClusterImpl-a4bba3eb-5ae6-43ba-8544-0cc5de04918c/datanode-9/data/ratis/3154d7c5-eea6-48f1-8d1f-2c4b92b15373/in_use.lock acquired by nodename 17986@pr-hdds-1982-decom-states-gjzbw-1854142291
2019-09-10 18:09:58,607 [pool-117-thread-1] INFO  storage.RaftStorage (RaftStorage.java:format(72)) - Storage directory /workdir/hadoop-ozone/integration-test/target/test-dir/MiniOzoneClusterImpl-a4bba3eb-5ae6-43ba-8544-0cc5de04918c/datanode-9/data/ratis/3154d7c5-eea6-48f1-8d1f-2c4b92b15373 has been successfully formatted.
2019-09-10 18:09:58,607 [pool-87-thread-1] INFO  storage.RaftStorage (RaftStorage.java:format(72)) - Storage directory /workdir/hadoop-ozone/integration-test/target/test-dir/MiniOzoneClusterImpl-a4bba3eb-5ae6-43ba-8544-0cc5de04918c/datanode-6/data/ratis/3154d7c5-eea6-48f1-8d1f-2c4b92b15373 has been successfully formatted.
2019-09-10 18:09:58,607 [pool-37-thread-1] INFO  storage.RaftStorage (RaftStorage.java:format(72)) - Storage directory /workdir/hadoop-ozone/integration-test/target/test-dir/MiniOzoneClusterImpl-a4bba3eb-5ae6-43ba-8544-0cc5de04918c/datanode-1/data/ratis/3154d7c5-eea6-48f1-8d1f-2c4b92b15373 has been successfully formatted.
2019-09-10 18:09:58,607 [pool-87-thread-1] INFO  ratis.ContainerStateMachine (ContainerStateMachine.java:loadSnapshot(230)) - group-2C4B92B15373: The snapshot info is null. Setting the last applied indexto:(t:0, i:~)
2019-09-10 18:09:58,607 [pool-117-thread-1] INFO  ratis.ContainerStateMachine (ContainerStateMachine.java:loadSnapshot(230)) - group-2C4B92B15373: The snapshot info is null. Setting the last applied indexto:(t:0, i:~)
2019-09-10 18:09:58,607 [pool-87-thread-1] INFO  server.RaftServerConfigKeys (ConfUtils.java:logGet(43)) - raft.server.notification.no-leader.timeout = 120s (custom)
2019-09-10 18:09:58,607 [pool-37-thread-1] INFO  ratis.ContainerStateMachine (ContainerStateMachine.java:loadSnapshot(230)) - group-2C4B92B15373: The snapshot info is null. Setting the last applied indexto:(t:0, i:~)
2019-09-10 18:09:58,607 [pool-87-thread-1] INFO  server.RaftServerConfigKeys (ConfUtils.java:logGet(43)) - raft.server.log.use.memory = false (default)
2019-09-10 18:09:58,607 [pool-117-thread-1] INFO  server.RaftServerConfigKeys (ConfUtils.java:logGet(43)) - raft.server.notification.no-leader.timeout = 120s (custom)
2019-09-10 18:09:58,608 [pool-87-thread-1] INFO  server.RaftServerConfigKeys (ConfUtils.java:logGet(43)) - raft.server.log.purge.gap = 1000000 (custom)
2019-09-10 18:09:58,608 [pool-37-thread-1] INFO  server.RaftServerConfigKeys (ConfUtils.java:logGet(43)) - raft.server.notification.no-leader.timeout = 120s (custom)
2019-09-10 18:09:58,608 [pool-87-thread-1] INFO  server.RaftServerConfigKeys (ConfUtils.java:logGet(43)) - raft.server.log.appender.buffer.byte-limit = 33554432 (custom)
2019-09-10 18:09:58,608 [pool-117-thread-1] INFO  server.RaftServerConfigKeys (ConfUtils.java:logGet(43)) - raft.server.log.use.memory = false (default)
2019-09-10 18:09:58,608 [pool-87-thread-1] INFO  server.RaftServerConfigKeys (ConfUtils.java:logGet(43)) - raft.server.log.segment.size.max = 1048576 (custom)
2019-09-10 18:09:58,608 [pool-37-thread-1] INFO  server.RaftServerConfigKeys (ConfUtils.java:logGet(43)) - raft.server.log.use.memory = false (default)
2019-09-10 18:09:58,608 [pool-87-thread-1] INFO  server.RaftServerConfigKeys (ConfUtils.java:logGet(43)) - raft.server.log.segment.cache.num.max = 2 (custom)
2019-09-10 18:09:58,608 [pool-117-thread-1] INFO  server.RaftServerConfigKeys (ConfUtils.java:logGet(43)) - raft.server.log.purge.gap = 1000000 (custom)
2019-09-10 18:09:58,608 [pool-87-thread-1] INFO  segmented.SegmentedRaftLogWorker (SegmentedRaftLogWorker.java:<init>(172)) - new d8255f37-89f1-48d2-bcda-7654f43e2557@group-2C4B92B15373-SegmentedRaftLogWorker for RaftStorage:Storage Directory /workdir/hadoop-ozone/integration-test/target/test-dir/MiniOzoneClusterImpl-a4bba3eb-5ae6-43ba-8544-0cc5de04918c/datanode-6/data/ratis/3154d7c5-eea6-48f1-8d1f-2c4b92b15373
2019-09-10 18:09:58,608 [pool-37-thread-1] INFO  server.RaftServerConfigKeys (ConfUtils.java:logGet(43)) - raft.server.log.purge.gap = 1000000 (custom)
2019-09-10 18:09:58,609 [pool-87-thread-1] INFO  server.RaftServerConfigKeys (ConfUtils.java:logGet(43)) - raft.server.log.queue.byte-limit = 2147483647 (custom)
2019-09-10 18:09:58,608 [pool-117-thread-1] INFO  server.RaftServerConfigKeys (ConfUtils.java:logGet(43)) - raft.server.log.appender.buffer.byte-limit = 33554432 (custom)
2019-09-10 18:09:58,609 [pool-87-thread-1] INFO  server.RaftServerConfigKeys (ConfUtils.java:logGet(43)) - raft.server.log.queue.element-limit = 1024 (custom)
2019-09-10 18:09:58,609 [pool-37-thread-1] INFO  server.RaftServerConfigKeys (ConfUtils.java:logGet(43)) - raft.server.log.appender.buffer.byte-limit = 33554432 (custom)
2019-09-10 18:09:58,609 [pool-87-thread-1] INFO  server.RaftServerConfigKeys (ConfUtils.java:logGet(43)) - raft.server.log.segment.size.max = 1048576 (custom)
2019-09-10 18:09:58,609 [pool-117-thread-1] INFO  server.RaftServerConfigKeys (ConfUtils.java:logGet(43)) - raft.server.log.segment.size.max = 1048576 (custom)
2019-09-10 18:09:58,609 [pool-87-thread-1] INFO  server.RaftServerConfigKeys (ConfUtils.java:logGet(43)) - raft.server.log.preallocated.size = 16384 (custom)
2019-09-10 18:09:58,609 [pool-37-thread-1] INFO  server.RaftServerConfigKeys (ConfUtils.java:logGet(43)) - raft.server.log.segment.size.max = 1048576 (custom)
2019-09-10 18:09:58,609 [pool-87-thread-1] INFO  server.RaftServerConfigKeys (ConfUtils.java:logGet(43)) - raft.server.log.write.buffer.size = 33554432 (custom)
2019-09-10 18:09:58,609 [pool-117-thread-1] INFO  server.RaftServerConfigKeys (ConfUtils.java:logGet(43)) - raft.server.log.segment.cache.num.max = 2 (custom)
2019-09-10 18:09:58,609 [pool-87-thread-1] INFO  server.RaftServerConfigKeys (ConfUtils.java:logGet(43)) - raft.server.log.force.sync.num = 128 (default)
2019-09-10 18:09:58,609 [pool-37-thread-1] INFO  server.RaftServerConfigKeys (ConfUtils.java:logGet(43)) - raft.server.log.segment.cache.num.max = 2 (custom)
2019-09-10 18:09:58,610 [pool-87-thread-1] INFO  server.RaftServerConfigKeys (ConfUtils.java:logGet(43)) - raft.server.log.statemachine.data.sync = true (default)
2019-09-10 18:09:58,609 [pool-117-thread-1] INFO  segmented.SegmentedRaftLogWorker (SegmentedRaftLogWorker.java:<init>(172)) - new 49bcc910-1f14-48b7-a318-d2e01e8ffdec@group-2C4B92B15373-SegmentedRaftLogWorker for RaftStorage:Storage Directory /workdir/hadoop-ozone/integration-test/target/test-dir/MiniOzoneClusterImpl-a4bba3eb-5ae6-43ba-8544-0cc5de04918c/datanode-9/data/ratis/3154d7c5-eea6-48f1-8d1f-2c4b92b15373
2019-09-10 18:09:58,610 [pool-87-thread-1] INFO  server.RaftServerConfigKeys (ConfUtils.java:logGet(43)) - raft.server.log.statemachine.data.sync.timeout = 10s (default)
2019-09-10 18:09:58,610 [pool-37-thread-1] INFO  segmented.SegmentedRaftLogWorker (SegmentedRaftLogWorker.java:<init>(172)) - new 8cbcd714-dd76-45fa-910f-f3e67512086a@group-2C4B92B15373-SegmentedRaftLogWorker for RaftStorage:Storage Directory /workdir/hadoop-ozone/integration-test/target/test-dir/MiniOzoneClusterImpl-a4bba3eb-5ae6-43ba-8544-0cc5de04918c/datanode-1/data/ratis/3154d7c5-eea6-48f1-8d1f-2c4b92b15373
2019-09-10 18:09:58,610 [pool-87-thread-1] INFO  server.RaftServerConfigKeys (ConfUtils.java:logGet(43)) - raft.server.log.statemachine.data.sync.timeout.retry = -1 (default)
2019-09-10 18:09:58,610 [pool-117-thread-1] INFO  server.RaftServerConfigKeys (ConfUtils.java:logGet(43)) - raft.server.log.queue.byte-limit = 2147483647 (custom)
2019-09-10 18:09:58,610 [pool-87-thread-1] INFO  server.RaftServerConfigKeys (ConfUtils.java:logGet(43)) - raft.server.log.statemachine.data.caching.enabled = true (custom)
2019-09-10 18:09:58,610 [pool-37-thread-1] INFO  server.RaftServerConfigKeys (ConfUtils.java:logGet(43)) - raft.server.log.queue.byte-limit = 2147483647 (custom)
2019-09-10 18:09:58,610 [pool-117-thread-1] INFO  server.RaftServerConfigKeys (ConfUtils.java:logGet(43)) - raft.server.log.queue.element-limit = 1024 (custom)
2019-09-10 18:09:58,610 [pool-37-thread-1] INFO  server.RaftServerConfigKeys (ConfUtils.java:logGet(43)) - raft.server.log.queue.element-limit = 1024 (custom)
2019-09-10 18:09:58,611 [pool-87-thread-1] INFO  segmented.SegmentedRaftLogWorker (SegmentedRaftLogWorker.java:lambda$new$0(132)) - d8255f37-89f1-48d2-bcda-7654f43e2557@group-2C4B92B15373-SegmentedRaftLogWorker: flushIndex: setUnconditionally 0 -> -1
2019-09-10 18:09:58,610 [pool-117-thread-1] INFO  server.RaftServerConfigKeys (ConfUtils.java:logGet(43)) - raft.server.log.segment.size.max = 1048576 (custom)
2019-09-10 18:09:58,611 [pool-37-thread-1] INFO  server.RaftServerConfigKeys (ConfUtils.java:logGet(43)) - raft.server.log.segment.size.max = 1048576 (custom)
2019-09-10 18:09:58,611 [pool-87-thread-1] INFO  server.RaftServerConfigKeys (ConfUtils.java:logGet(43)) - raft.server.snapshot.auto.trigger.enabled = true (custom)
2019-09-10 18:09:58,611 [pool-117-thread-1] INFO  server.RaftServerConfigKeys (ConfUtils.java:logGet(43)) - raft.server.log.preallocated.size = 16384 (custom)
2019-09-10 18:09:58,611 [pool-87-thread-1] INFO  server.RaftServerConfigKeys (ConfUtils.java:logGet(43)) - raft.server.snapshot.auto.trigger.threshold = 10000 (custom)
2019-09-10 18:09:58,611 [pool-87-thread-1] INFO  server.RaftServerConfigKeys (ConfUtils.java:logGet(43)) - raft.server.snapshot.retention.num.files = -1 (default)
2019-09-10 18:09:58,611 [pool-37-thread-1] INFO  server.RaftServerConfigKeys (ConfUtils.java:logGet(43)) - raft.server.log.preallocated.size = 16384 (custom)
2019-09-10 18:09:58,611 [pool-87-thread-1] INFO  server.RaftServerConfigKeys (ConfUtils.java:logGet(43)) - raft.server.retrycache.expirytime = 600000ms (custom)
2019-09-10 18:09:58,611 [pool-117-thread-1] INFO  server.RaftServerConfigKeys (ConfUtils.java:logGet(43)) - raft.server.log.write.buffer.size = 33554432 (custom)
2019-09-10 18:09:58,611 [pool-37-thread-1] INFO  server.RaftServerConfigKeys (ConfUtils.java:logGet(43)) - raft.server.log.write.buffer.size = 33554432 (custom)
2019-09-10 18:09:58,612 [pool-117-thread-1] INFO  server.RaftServerConfigKeys (ConfUtils.java:logGet(43)) - raft.server.log.force.sync.num = 128 (default)
2019-09-10 18:09:58,612 [pool-37-thread-1] INFO  server.RaftServerConfigKeys (ConfUtils.java:logGet(43)) - raft.server.log.force.sync.num = 128 (default)
2019-09-10 18:09:58,612 [pool-117-thread-1] INFO  server.RaftServerConfigKeys (ConfUtils.java:logGet(43)) - raft.server.log.statemachine.data.sync = true (default)
2019-09-10 18:09:58,612 [pool-37-thread-1] INFO  server.RaftServerConfigKeys (ConfUtils.java:logGet(43)) - raft.server.log.statemachine.data.sync = true (default)
2019-09-10 18:09:58,612 [pool-117-thread-1] INFO  server.RaftServerConfigKeys (ConfUtils.java:logGet(43)) - raft.server.log.statemachine.data.sync.timeout = 10s (default)
2019-09-10 18:09:58,612 [pool-37-thread-1] INFO  server.RaftServerConfigKeys (ConfUtils.java:logGet(43)) - raft.server.log.statemachine.data.sync.timeout = 10s (default)
2019-09-10 18:09:58,612 [pool-117-thread-1] INFO  server.RaftServerConfigKeys (ConfUtils.java:logGet(43)) - raft.server.log.statemachine.data.sync.timeout.retry = -1 (default)
2019-09-10 18:09:58,612 [pool-37-thread-1] INFO  server.RaftServerConfigKeys (ConfUtils.java:logGet(43)) - raft.server.log.statemachine.data.sync.timeout.retry = -1 (default)
2019-09-10 18:09:58,612 [pool-117-thread-1] INFO  server.RaftServerConfigKeys (ConfUtils.java:logGet(43)) - raft.server.log.statemachine.data.caching.enabled = true (custom)
2019-09-10 18:09:58,612 [pool-37-thread-1] INFO  server.RaftServerConfigKeys (ConfUtils.java:logGet(43)) - raft.server.log.statemachine.data.caching.enabled = true (custom)
2019-09-10 18:09:58,613 [pool-117-thread-1] INFO  segmented.SegmentedRaftLogWorker (SegmentedRaftLogWorker.java:lambda$new$0(132)) - 49bcc910-1f14-48b7-a318-d2e01e8ffdec@group-2C4B92B15373-SegmentedRaftLogWorker: flushIndex: setUnconditionally 0 -> -1
2019-09-10 18:09:58,613 [pool-37-thread-1] INFO  segmented.SegmentedRaftLogWorker (SegmentedRaftLogWorker.java:lambda$new$0(132)) - 8cbcd714-dd76-45fa-910f-f3e67512086a@group-2C4B92B15373-SegmentedRaftLogWorker: flushIndex: setUnconditionally 0 -> -1
2019-09-10 18:09:58,613 [pool-117-thread-1] INFO  server.RaftServerConfigKeys (ConfUtils.java:logGet(43)) - raft.server.snapshot.auto.trigger.enabled = true (custom)
2019-09-10 18:09:58,613 [pool-117-thread-1] INFO  server.RaftServerConfigKeys (ConfUtils.java:logGet(43)) - raft.server.snapshot.auto.trigger.threshold = 10000 (custom)
2019-09-10 18:09:58,613 [pool-37-thread-1] INFO  server.RaftServerConfigKeys (ConfUtils.java:logGet(43)) - raft.server.snapshot.auto.trigger.enabled = true (custom)
2019-09-10 18:09:58,613 [pool-117-thread-1] INFO  server.RaftServerConfigKeys (ConfUtils.java:logGet(43)) - raft.server.snapshot.retention.num.files = -1 (default)
2019-09-10 18:09:58,613 [pool-37-thread-1] INFO  server.RaftServerConfigKeys (ConfUtils.java:logGet(43)) - raft.server.snapshot.auto.trigger.threshold = 10000 (custom)
2019-09-10 18:09:58,613 [pool-117-thread-1] INFO  server.RaftServerConfigKeys (ConfUtils.java:logGet(43)) - raft.server.retrycache.expirytime = 600000ms (custom)
2019-09-10 18:09:58,613 [pool-37-thread-1] INFO  server.RaftServerConfigKeys (ConfUtils.java:logGet(43)) - raft.server.snapshot.retention.num.files = -1 (default)
2019-09-10 18:09:58,614 [pool-37-thread-1] INFO  server.RaftServerConfigKeys (ConfUtils.java:logGet(43)) - raft.server.retrycache.expirytime = 600000ms (custom)
2019-09-10 18:09:58,614 [pool-87-thread-1] INFO  impl.RaftServerImpl (RaftServerImpl.java:start(185)) - d8255f37-89f1-48d2-bcda-7654f43e2557@group-2C4B92B15373: start as a follower, conf=-1: [49bcc910-1f14-48b7-a318-d2e01e8ffdec:192.168.36.113:46072, 8cbcd714-dd76-45fa-910f-f3e67512086a:192.168.36.113:33895, d8255f37-89f1-48d2-bcda-7654f43e2557:192.168.36.113:33855], old=null
2019-09-10 18:09:58,614 [pool-87-thread-1] INFO  impl.RaftServerImpl (RaftServerImpl.java:setRole(174)) - d8255f37-89f1-48d2-bcda-7654f43e2557@group-2C4B92B15373: changes role from      null to FOLLOWER at term 0 for startAsFollower
2019-09-10 18:09:58,614 [pool-87-thread-1] INFO  impl.RoleInfo (RoleInfo.java:updateAndGet(143)) - d8255f37-89f1-48d2-bcda-7654f43e2557: start FollowerState
2019-09-10 18:09:58,614 [pool-87-thread-1] INFO  util.JmxRegister (JmxRegister.java:tryRegister(44)) - Successfully registered JMX Bean with object name Ratis:service=RaftServer,group=group-2C4B92B15373,id=d8255f37-89f1-48d2-bcda-7654f43e2557
2019-09-10 18:09:58,616 [pool-117-thread-1] INFO  impl.RaftServerImpl (RaftServerImpl.java:start(185)) - 49bcc910-1f14-48b7-a318-d2e01e8ffdec@group-2C4B92B15373: start as a follower, conf=-1: [49bcc910-1f14-48b7-a318-d2e01e8ffdec:192.168.36.113:46072, 8cbcd714-dd76-45fa-910f-f3e67512086a:192.168.36.113:33895, d8255f37-89f1-48d2-bcda-7654f43e2557:192.168.36.113:33855], old=null
2019-09-10 18:09:58,616 [pool-117-thread-1] INFO  impl.RaftServerImpl (RaftServerImpl.java:setRole(174)) - 49bcc910-1f14-48b7-a318-d2e01e8ffdec@group-2C4B92B15373: changes role from      null to FOLLOWER at term 0 for startAsFollower
2019-09-10 18:09:58,616 [pool-117-thread-1] INFO  impl.RoleInfo (RoleInfo.java:updateAndGet(143)) - 49bcc910-1f14-48b7-a318-d2e01e8ffdec: start FollowerState
2019-09-10 18:09:58,616 [pool-37-thread-1] INFO  impl.RaftServerImpl (RaftServerImpl.java:start(185)) - 8cbcd714-dd76-45fa-910f-f3e67512086a@group-2C4B92B15373: start as a follower, conf=-1: [49bcc910-1f14-48b7-a318-d2e01e8ffdec:192.168.36.113:46072, 8cbcd714-dd76-45fa-910f-f3e67512086a:192.168.36.113:33895, d8255f37-89f1-48d2-bcda-7654f43e2557:192.168.36.113:33855], old=null
2019-09-10 18:09:58,616 [pool-37-thread-1] INFO  impl.RaftServerImpl (RaftServerImpl.java:setRole(174)) - 8cbcd714-dd76-45fa-910f-f3e67512086a@group-2C4B92B15373: changes role from      null to FOLLOWER at term 0 for startAsFollower
2019-09-10 18:09:58,616 [pool-117-thread-1] INFO  util.JmxRegister (JmxRegister.java:tryRegister(44)) - Successfully registered JMX Bean with object name Ratis:service=RaftServer,group=group-2C4B92B15373,id=49bcc910-1f14-48b7-a318-d2e01e8ffdec
2019-09-10 18:09:58,618 [pool-37-thread-1] INFO  impl.RoleInfo (RoleInfo.java:updateAndGet(143)) - 8cbcd714-dd76-45fa-910f-f3e67512086a: start FollowerState
2019-09-10 18:09:58,626 [pool-37-thread-1] INFO  util.JmxRegister (JmxRegister.java:tryRegister(44)) - Successfully registered JMX Bean with object name Ratis:service=RaftServer,group=group-2C4B92B15373,id=8cbcd714-dd76-45fa-910f-f3e67512086a
2019-09-10 18:09:58,633 [RatisPipelineUtilsThread] INFO  pipeline.PipelineStateManager (PipelineStateManager.java:addPipeline(56)) - Created pipeline Pipeline[ Id: 3154d7c5-eea6-48f1-8d1f-2c4b92b15373, Nodes: 49bcc910-1f14-48b7-a318-d2e01e8ffdec{ip: 192.168.36.113, host: pr-hdds-1982-decom-states-gjzbw-1854142291, networkLocation: /default-rack, certSerialId: null}8cbcd714-dd76-45fa-910f-f3e67512086a{ip: 192.168.36.113, host: pr-hdds-1982-decom-states-gjzbw-1854142291, networkLocation: /default-rack, certSerialId: null}d8255f37-89f1-48d2-bcda-7654f43e2557{ip: 192.168.36.113, host: pr-hdds-1982-decom-states-gjzbw-1854142291, networkLocation: /default-rack, certSerialId: null}, Type:RATIS, Factor:THREE, State:OPEN]
2019-09-10 18:09:58,649 [grpc-default-executor-1] INFO  impl.RaftServerProxy (RaftServerProxy.java:addNew(89)) - 35230fa9-c917-4625-844b-3841de1822d6: addNew group-C08312A7C209:[208154af-b43d-417a-8ba8-8a37a4d1ac9e:192.168.36.113:42355, 35230fa9-c917-4625-844b-3841de1822d6:192.168.36.113:41574, 91e32882-d3c6-46ba-a04b-cffc2ba77210:192.168.36.113:46514] returns group-C08312A7C209:java.util.concurrent.CompletableFuture@33b914e0[Not completed]
2019-09-10 18:09:58,649 [grpc-default-executor-2] INFO  impl.RaftServerProxy (RaftServerProxy.java:addNew(89)) - 91e32882-d3c6-46ba-a04b-cffc2ba77210: addNew group-C08312A7C209:[208154af-b43d-417a-8ba8-8a37a4d1ac9e:192.168.36.113:42355, 35230fa9-c917-4625-844b-3841de1822d6:192.168.36.113:41574, 91e32882-d3c6-46ba-a04b-cffc2ba77210:192.168.36.113:46514] returns group-C08312A7C209:java.util.concurrent.CompletableFuture@6d4575ee[Not completed]
2019-09-10 18:09:58,649 [grpc-default-executor-0] INFO  impl.RaftServerProxy (RaftServerProxy.java:addNew(89)) - 208154af-b43d-417a-8ba8-8a37a4d1ac9e: addNew group-C08312A7C209:[208154af-b43d-417a-8ba8-8a37a4d1ac9e:192.168.36.113:42355, 35230fa9-c917-4625-844b-3841de1822d6:192.168.36.113:41574, 91e32882-d3c6-46ba-a04b-cffc2ba77210:192.168.36.113:46514] returns group-C08312A7C209:java.util.concurrent.CompletableFuture@3d3c7c4b[Not completed]
2019-09-10 18:09:58,653 [pool-67-thread-1] INFO  impl.RaftServerImpl (RaftServerImpl.java:<init>(95)) - 91e32882-d3c6-46ba-a04b-cffc2ba77210: new RaftServerImpl for group-C08312A7C209:[208154af-b43d-417a-8ba8-8a37a4d1ac9e:192.168.36.113:42355, 35230fa9-c917-4625-844b-3841de1822d6:192.168.36.113:41574, 91e32882-d3c6-46ba-a04b-cffc2ba77210:192.168.36.113:46514] with ContainerStateMachine:uninitialized
2019-09-10 18:09:58,653 [pool-67-thread-1] INFO  server.RaftServerConfigKeys (ConfUtils.java:logGet(43)) - raft.server.rpc.timeout.min = 1s (custom)
2019-09-10 18:09:58,653 [pool-67-thread-1] INFO  server.RaftServerConfigKeys (ConfUtils.java:logGet(43)) - raft.server.rpc.timeout.max = 1200ms (custom)
2019-09-10 18:09:58,653 [pool-67-thread-1] INFO  server.RaftServerConfigKeys (ConfUtils.java:logGet(43)) - raft.server.rpcslowness.timeout = 120s (custom)
2019-09-10 18:09:58,653 [pool-67-thread-1] INFO  server.RaftServerConfigKeys (ConfUtils.java:logGet(43)) - raft.server.sleep.deviation.threshold = 300 (default)
2019-09-10 18:09:58,653 [pool-67-thread-1] INFO  server.RaftServerConfigKeys (ConfUtils.java:logGet(43)) - raft.server.log.appender.install.snapshot.enabled = false (custom)
2019-09-10 18:09:58,653 [pool-67-thread-1] INFO  impl.RaftServerImpl (ServerState.java:<init>(103)) - 91e32882-d3c6-46ba-a04b-cffc2ba77210@group-C08312A7C209: ConfigurationManager, init=-1: [208154af-b43d-417a-8ba8-8a37a4d1ac9e:192.168.36.113:42355, 35230fa9-c917-4625-844b-3841de1822d6:192.168.36.113:41574, 91e32882-d3c6-46ba-a04b-cffc2ba77210:192.168.36.113:46514], old=null, confs=<EMPTY_MAP>
2019-09-10 18:09:58,654 [pool-67-thread-1] INFO  server.RaftServerConfigKeys (ConfUtils.java:logGet(43)) - raft.server.storage.dir = [/workdir/hadoop-ozone/integration-test/target/test-dir/MiniOzoneClusterImpl-a4bba3eb-5ae6-43ba-8544-0cc5de04918c/datanode-4/data/ratis] (custom)
2019-09-10 18:09:58,654 [pool-57-thread-1] INFO  impl.RaftServerImpl (RaftServerImpl.java:<init>(95)) - 208154af-b43d-417a-8ba8-8a37a4d1ac9e: new RaftServerImpl for group-C08312A7C209:[208154af-b43d-417a-8ba8-8a37a4d1ac9e:192.168.36.113:42355, 35230fa9-c917-4625-844b-3841de1822d6:192.168.36.113:41574, 91e32882-d3c6-46ba-a04b-cffc2ba77210:192.168.36.113:46514] with ContainerStateMachine:uninitialized
2019-09-10 18:09:58,654 [pool-67-thread-1] INFO  storage.RaftStorageDirectory (RaftStorageDirectory.java:analyzeStorage(246)) - The storage directory /workdir/hadoop-ozone/integration-test/target/test-dir/MiniOzoneClusterImpl-a4bba3eb-5ae6-43ba-8544-0cc5de04918c/datanode-4/data/ratis/fc3a16e9-2f63-4db1-ad0a-c08312a7c209 does not exist. Creating ...
2019-09-10 18:09:58,654 [pool-57-thread-1] INFO  server.RaftServerConfigKeys (ConfUtils.java:logGet(43)) - raft.server.rpc.timeout.min = 1s (custom)
2019-09-10 18:09:58,654 [pool-57-thread-1] INFO  server.RaftServerConfigKeys (ConfUtils.java:logGet(43)) - raft.server.rpc.timeout.max = 1200ms (custom)
2019-09-10 18:09:58,654 [pool-57-thread-1] INFO  server.RaftServerConfigKeys (ConfUtils.java:logGet(43)) - raft.server.rpcslowness.timeout = 120s (custom)
2019-09-10 18:09:58,655 [pool-57-thread-1] INFO  server.RaftServerConfigKeys (ConfUtils.java:logGet(43)) - raft.server.sleep.deviation.threshold = 300 (default)
2019-09-10 18:09:58,655 [pool-47-thread-1] INFO  impl.RaftServerImpl (RaftServerImpl.java:<init>(95)) - 35230fa9-c917-4625-844b-3841de1822d6: new RaftServerImpl for group-C08312A7C209:[208154af-b43d-417a-8ba8-8a37a4d1ac9e:192.168.36.113:42355, 35230fa9-c917-4625-844b-3841de1822d6:192.168.36.113:41574, 91e32882-d3c6-46ba-a04b-cffc2ba77210:192.168.36.113:46514] with ContainerStateMachine:uninitialized
2019-09-10 18:09:58,655 [pool-57-thread-1] INFO  server.RaftServerConfigKeys (ConfUtils.java:logGet(43)) - raft.server.log.appender.install.snapshot.enabled = false (custom)
2019-09-10 18:09:58,655 [pool-47-thread-1] INFO  server.RaftServerConfigKeys (ConfUtils.java:logGet(43)) - raft.server.rpc.timeout.min = 1s (custom)
2019-09-10 18:09:58,655 [pool-57-thread-1] INFO  impl.RaftServerImpl (ServerState.java:<init>(103)) - 208154af-b43d-417a-8ba8-8a37a4d1ac9e@group-C08312A7C209: ConfigurationManager, init=-1: [208154af-b43d-417a-8ba8-8a37a4d1ac9e:192.168.36.113:42355, 35230fa9-c917-4625-844b-3841de1822d6:192.168.36.113:41574, 91e32882-d3c6-46ba-a04b-cffc2ba77210:192.168.36.113:46514], old=null, confs=<EMPTY_MAP>
2019-09-10 18:09:58,655 [pool-47-thread-1] INFO  server.RaftServerConfigKeys (ConfUtils.java:logGet(43)) - raft.server.rpc.timeout.max = 1200ms (custom)
2019-09-10 18:09:58,655 [pool-47-thread-1] INFO  server.RaftServerConfigKeys (ConfUtils.java:logGet(43)) - raft.server.rpcslowness.timeout = 120s (custom)
2019-09-10 18:09:58,655 [pool-57-thread-1] INFO  server.RaftServerConfigKeys (ConfUtils.java:logGet(43)) - raft.server.storage.dir = [/workdir/hadoop-ozone/integration-test/target/test-dir/MiniOzoneClusterImpl-a4bba3eb-5ae6-43ba-8544-0cc5de04918c/datanode-3/data/ratis] (custom)
2019-09-10 18:09:58,655 [pool-47-thread-1] INFO  server.RaftServerConfigKeys (ConfUtils.java:logGet(43)) - raft.server.sleep.deviation.threshold = 300 (default)
2019-09-10 18:09:58,656 [pool-47-thread-1] INFO  server.RaftServerConfigKeys (ConfUtils.java:logGet(43)) - raft.server.log.appender.install.snapshot.enabled = false (custom)
2019-09-10 18:09:58,656 [pool-47-thread-1] INFO  impl.RaftServerImpl (ServerState.java:<init>(103)) - 35230fa9-c917-4625-844b-3841de1822d6@group-C08312A7C209: ConfigurationManager, init=-1: [208154af-b43d-417a-8ba8-8a37a4d1ac9e:192.168.36.113:42355, 35230fa9-c917-4625-844b-3841de1822d6:192.168.36.113:41574, 91e32882-d3c6-46ba-a04b-cffc2ba77210:192.168.36.113:46514], old=null, confs=<EMPTY_MAP>
2019-09-10 18:09:58,656 [pool-57-thread-1] INFO  storage.RaftStorageDirectory (RaftStorageDirectory.java:analyzeStorage(246)) - The storage directory /workdir/hadoop-ozone/integration-test/target/test-dir/MiniOzoneClusterImpl-a4bba3eb-5ae6-43ba-8544-0cc5de04918c/datanode-3/data/ratis/fc3a16e9-2f63-4db1-ad0a-c08312a7c209 does not exist. Creating ...
2019-09-10 18:09:58,656 [pool-47-thread-1] INFO  server.RaftServerConfigKeys (ConfUtils.java:logGet(43)) - raft.server.storage.dir = [/workdir/hadoop-ozone/integration-test/target/test-dir/MiniOzoneClusterImpl-a4bba3eb-5ae6-43ba-8544-0cc5de04918c/datanode-2/data/ratis] (custom)
2019-09-10 18:09:58,656 [pool-47-thread-1] INFO  storage.RaftStorageDirectory (RaftStorageDirectory.java:analyzeStorage(246)) - The storage directory /workdir/hadoop-ozone/integration-test/target/test-dir/MiniOzoneClusterImpl-a4bba3eb-5ae6-43ba-8544-0cc5de04918c/datanode-2/data/ratis/fc3a16e9-2f63-4db1-ad0a-c08312a7c209 does not exist. Creating ...
2019-09-10 18:09:58,682 [pool-67-thread-1] INFO  storage.RaftStorageDirectory (RaftStorageDirectory.java:tryLock(328)) - Lock on /workdir/hadoop-ozone/integration-test/target/test-dir/MiniOzoneClusterImpl-a4bba3eb-5ae6-43ba-8544-0cc5de04918c/datanode-4/data/ratis/fc3a16e9-2f63-4db1-ad0a-c08312a7c209/in_use.lock acquired by nodename 17986@pr-hdds-1982-decom-states-gjzbw-1854142291
2019-09-10 18:09:58,682 [pool-57-thread-1] INFO  storage.RaftStorageDirectory (RaftStorageDirectory.java:tryLock(328)) - Lock on /workdir/hadoop-ozone/integration-test/target/test-dir/MiniOzoneClusterImpl-a4bba3eb-5ae6-43ba-8544-0cc5de04918c/datanode-3/data/ratis/fc3a16e9-2f63-4db1-ad0a-c08312a7c209/in_use.lock acquired by nodename 17986@pr-hdds-1982-decom-states-gjzbw-1854142291
2019-09-10 18:09:58,682 [pool-47-thread-1] INFO  storage.RaftStorageDirectory (RaftStorageDirectory.java:tryLock(328)) - Lock on /workdir/hadoop-ozone/integration-test/target/test-dir/MiniOzoneClusterImpl-a4bba3eb-5ae6-43ba-8544-0cc5de04918c/datanode-2/data/ratis/fc3a16e9-2f63-4db1-ad0a-c08312a7c209/in_use.lock acquired by nodename 17986@pr-hdds-1982-decom-states-gjzbw-1854142291
2019-09-10 18:09:58,716 [pool-57-thread-1] INFO  storage.RaftStorage (RaftStorage.java:format(72)) - Storage directory /workdir/hadoop-ozone/integration-test/target/test-dir/MiniOzoneClusterImpl-a4bba3eb-5ae6-43ba-8544-0cc5de04918c/datanode-3/data/ratis/fc3a16e9-2f63-4db1-ad0a-c08312a7c209 has been successfully formatted.
2019-09-10 18:09:58,716 [pool-67-thread-1] INFO  storage.RaftStorage (RaftStorage.java:format(72)) - Storage directory /workdir/hadoop-ozone/integration-test/target/test-dir/MiniOzoneClusterImpl-a4bba3eb-5ae6-43ba-8544-0cc5de04918c/datanode-4/data/ratis/fc3a16e9-2f63-4db1-ad0a-c08312a7c209 has been successfully formatted.
2019-09-10 18:09:58,716 [pool-47-thread-1] INFO  storage.RaftStorage (RaftStorage.java:format(72)) - Storage directory /workdir/hadoop-ozone/integration-test/target/test-dir/MiniOzoneClusterImpl-a4bba3eb-5ae6-43ba-8544-0cc5de04918c/datanode-2/data/ratis/fc3a16e9-2f63-4db1-ad0a-c08312a7c209 has been successfully formatted.
2019-09-10 18:09:58,717 [pool-57-thread-1] INFO  ratis.ContainerStateMachine (ContainerStateMachine.java:loadSnapshot(230)) - group-C08312A7C209: The snapshot info is null. Setting the last applied indexto:(t:0, i:~)
2019-09-10 18:09:58,717 [pool-47-thread-1] INFO  ratis.ContainerStateMachine (ContainerStateMachine.java:loadSnapshot(230)) - group-C08312A7C209: The snapshot info is null. Setting the last applied indexto:(t:0, i:~)
2019-09-10 18:09:58,717 [pool-57-thread-1] INFO  server.RaftServerConfigKeys (ConfUtils.java:logGet(43)) - raft.server.notification.no-leader.timeout = 120s (custom)
2019-09-10 18:09:58,717 [pool-47-thread-1] INFO  server.RaftServerConfigKeys (ConfUtils.java:logGet(43)) - raft.server.notification.no-leader.timeout = 120s (custom)
2019-09-10 18:09:58,717 [pool-67-thread-1] INFO  ratis.ContainerStateMachine (ContainerStateMachine.java:loadSnapshot(230)) - group-C08312A7C209: The snapshot info is null. Setting the last applied indexto:(t:0, i:~)
2019-09-10 18:09:58,718 [pool-47-thread-1] INFO  server.RaftServerConfigKeys (ConfUtils.java:logGet(43)) - raft.server.log.use.memory = false (default)
2019-09-10 18:09:58,718 [pool-57-thread-1] INFO  server.RaftServerConfigKeys (ConfUtils.java:logGet(43)) - raft.server.log.use.memory = false (default)
2019-09-10 18:09:58,718 [pool-47-thread-1] INFO  server.RaftServerConfigKeys (ConfUtils.java:logGet(43)) - raft.server.log.purge.gap = 1000000 (custom)
2019-09-10 18:09:58,718 [pool-67-thread-1] INFO  server.RaftServerConfigKeys (ConfUtils.java:logGet(43)) - raft.server.notification.no-leader.timeout = 120s (custom)
2019-09-10 18:09:58,718 [pool-47-thread-1] INFO  server.RaftServerConfigKeys (ConfUtils.java:logGet(43)) - raft.server.log.appender.buffer.byte-limit = 33554432 (custom)
2019-09-10 18:09:58,718 [pool-57-thread-1] INFO  server.RaftServerConfigKeys (ConfUtils.java:logGet(43)) - raft.server.log.purge.gap = 1000000 (custom)
2019-09-10 18:09:58,719 [pool-47-thread-1] INFO  server.RaftServerConfigKeys (ConfUtils.java:logGet(43)) - raft.server.log.segment.size.max = 1048576 (custom)
2019-09-10 18:09:58,719 [pool-67-thread-1] INFO  server.RaftServerConfigKeys (ConfUtils.java:logGet(43)) - raft.server.log.use.memory = false (default)
2019-09-10 18:09:58,719 [pool-47-thread-1] INFO  server.RaftServerConfigKeys (ConfUtils.java:logGet(43)) - raft.server.log.segment.cache.num.max = 2 (custom)
2019-09-10 18:09:58,719 [pool-57-thread-1] INFO  server.RaftServerConfigKeys (ConfUtils.java:logGet(43)) - raft.server.log.appender.buffer.byte-limit = 33554432 (custom)
2019-09-10 18:09:58,719 [pool-47-thread-1] INFO  segmented.SegmentedRaftLogWorker (SegmentedRaftLogWorker.java:<init>(172)) - new 35230fa9-c917-4625-844b-3841de1822d6@group-C08312A7C209-SegmentedRaftLogWorker for RaftStorage:Storage Directory /workdir/hadoop-ozone/integration-test/target/test-dir/MiniOzoneClusterImpl-a4bba3eb-5ae6-43ba-8544-0cc5de04918c/datanode-2/data/ratis/fc3a16e9-2f63-4db1-ad0a-c08312a7c209
2019-09-10 18:09:58,719 [pool-67-thread-1] INFO  server.RaftServerConfigKeys (ConfUtils.java:logGet(43)) - raft.server.log.purge.gap = 1000000 (custom)
2019-09-10 18:09:58,720 [pool-47-thread-1] INFO  server.RaftServerConfigKeys (ConfUtils.java:logGet(43)) - raft.server.log.queue.byte-limit = 2147483647 (custom)
2019-09-10 18:09:58,719 [pool-57-thread-1] INFO  server.RaftServerConfigKeys (ConfUtils.java:logGet(43)) - raft.server.log.segment.size.max = 1048576 (custom)
2019-09-10 18:09:58,720 [pool-47-thread-1] INFO  server.RaftServerConfigKeys (ConfUtils.java:logGet(43)) - raft.server.log.queue.element-limit = 1024 (custom)
2019-09-10 18:09:58,720 [pool-67-thread-1] INFO  server.RaftServerConfigKeys (ConfUtils.java:logGet(43)) - raft.server.log.appender.buffer.byte-limit = 33554432 (custom)
2019-09-10 18:09:58,720 [pool-47-thread-1] INFO  server.RaftServerConfigKeys (ConfUtils.java:logGet(43)) - raft.server.log.segment.size.max = 1048576 (custom)
2019-09-10 18:09:58,720 [pool-57-thread-1] INFO  server.RaftServerConfigKeys (ConfUtils.java:logGet(43)) - raft.server.log.segment.cache.num.max = 2 (custom)
2019-09-10 18:09:58,720 [pool-47-thread-1] INFO  server.RaftServerConfigKeys (ConfUtils.java:logGet(43)) - raft.server.log.preallocated.size = 16384 (custom)
2019-09-10 18:09:58,720 [pool-67-thread-1] INFO  server.RaftServerConfigKeys (ConfUtils.java:logGet(43)) - raft.server.log.segment.size.max = 1048576 (custom)
2019-09-10 18:09:58,721 [pool-47-thread-1] INFO  server.RaftServerConfigKeys (ConfUtils.java:logGet(43)) - raft.server.log.write.buffer.size = 33554432 (custom)
2019-09-10 18:09:58,721 [pool-57-thread-1] INFO  segmented.SegmentedRaftLogWorker (SegmentedRaftLogWorker.java:<init>(172)) - new 208154af-b43d-417a-8ba8-8a37a4d1ac9e@group-C08312A7C209-SegmentedRaftLogWorker for RaftStorage:Storage Directory /workdir/hadoop-ozone/integration-test/target/test-dir/MiniOzoneClusterImpl-a4bba3eb-5ae6-43ba-8544-0cc5de04918c/datanode-3/data/ratis/fc3a16e9-2f63-4db1-ad0a-c08312a7c209
2019-09-10 18:09:58,721 [pool-47-thread-1] INFO  server.RaftServerConfigKeys (ConfUtils.java:logGet(43)) - raft.server.log.force.sync.num = 128 (default)
2019-09-10 18:09:58,721 [pool-67-thread-1] INFO  server.RaftServerConfigKeys (ConfUtils.java:logGet(43)) - raft.server.log.segment.cache.num.max = 2 (custom)
2019-09-10 18:09:58,721 [pool-47-thread-1] INFO  server.RaftServerConfigKeys (ConfUtils.java:logGet(43)) - raft.server.log.statemachine.data.sync = true (default)
2019-09-10 18:09:58,721 [pool-57-thread-1] INFO  server.RaftServerConfigKeys (ConfUtils.java:logGet(43)) - raft.server.log.queue.byte-limit = 2147483647 (custom)
2019-09-10 18:09:58,722 [pool-47-thread-1] INFO  server.RaftServerConfigKeys (ConfUtils.java:logGet(43)) - raft.server.log.statemachine.data.sync.timeout = 10s (default)
2019-09-10 18:09:58,721 [pool-67-thread-1] INFO  segmented.SegmentedRaftLogWorker (SegmentedRaftLogWorker.java:<init>(172)) - new 91e32882-d3c6-46ba-a04b-cffc2ba77210@group-C08312A7C209-SegmentedRaftLogWorker for RaftStorage:Storage Directory /workdir/hadoop-ozone/integration-test/target/test-dir/MiniOzoneClusterImpl-a4bba3eb-5ae6-43ba-8544-0cc5de04918c/datanode-4/data/ratis/fc3a16e9-2f63-4db1-ad0a-c08312a7c209
2019-09-10 18:09:58,722 [pool-47-thread-1] INFO  server.RaftServerConfigKeys (ConfUtils.java:logGet(43)) - raft.server.log.statemachine.data.sync.timeout.retry = -1 (default)
2019-09-10 18:09:58,722 [pool-57-thread-1] INFO  server.RaftServerConfigKeys (ConfUtils.java:logGet(43)) - raft.server.log.queue.element-limit = 1024 (custom)
2019-09-10 18:09:58,722 [pool-47-thread-1] INFO  server.RaftServerConfigKeys (ConfUtils.java:logGet(43)) - raft.server.log.statemachine.data.caching.enabled = true (custom)
2019-09-10 18:09:58,722 [pool-57-thread-1] INFO  server.RaftServerConfigKeys (ConfUtils.java:logGet(43)) - raft.server.log.segment.size.max = 1048576 (custom)
2019-09-10 18:09:58,723 [pool-57-thread-1] INFO  server.RaftServerConfigKeys (ConfUtils.java:logGet(43)) - raft.server.log.preallocated.size = 16384 (custom)
2019-09-10 18:09:58,722 [pool-67-thread-1] INFO  server.RaftServerConfigKeys (ConfUtils.java:logGet(43)) - raft.server.log.queue.byte-limit = 2147483647 (custom)
2019-09-10 18:09:58,723 [pool-47-thread-1] INFO  segmented.SegmentedRaftLogWorker (SegmentedRaftLogWorker.java:lambda$new$0(132)) - 35230fa9-c917-4625-844b-3841de1822d6@group-C08312A7C209-SegmentedRaftLogWorker: flushIndex: setUnconditionally 0 -> -1
2019-09-10 18:09:58,723 [pool-57-thread-1] INFO  server.RaftServerConfigKeys (ConfUtils.java:logGet(43)) - raft.server.log.write.buffer.size = 33554432 (custom)
2019-09-10 18:09:58,723 [pool-67-thread-1] INFO  server.RaftServerConfigKeys (ConfUtils.java:logGet(43)) - raft.server.log.queue.element-limit = 1024 (custom)
2019-09-10 18:09:58,723 [pool-47-thread-1] INFO  server.RaftServerConfigKeys (ConfUtils.java:logGet(43)) - raft.server.snapshot.auto.trigger.enabled = true (custom)
2019-09-10 18:09:58,723 [pool-57-thread-1] INFO  server.RaftServerConfigKeys (ConfUtils.java:logGet(43)) - raft.server.log.force.sync.num = 128 (default)
2019-09-10 18:09:58,724 [pool-47-thread-1] INFO  server.RaftServerConfigKeys (ConfUtils.java:logGet(43)) - raft.server.snapshot.auto.trigger.threshold = 10000 (custom)
2019-09-10 18:09:58,724 [pool-67-thread-1] INFO  server.RaftServerConfigKeys (ConfUtils.java:logGet(43)) - raft.server.log.segment.size.max = 1048576 (custom)
2019-09-10 18:09:58,724 [pool-47-thread-1] INFO  server.RaftServerConfigKeys (ConfUtils.java:logGet(43)) - raft.server.snapshot.retention.num.files = -1 (default)
2019-09-10 18:09:58,724 [pool-57-thread-1] INFO  server.RaftServerConfigKeys (ConfUtils.java:logGet(43)) - raft.server.log.statemachine.data.sync = true (default)
2019-09-10 18:09:58,724 [pool-67-thread-1] INFO  server.RaftServerConfigKeys (ConfUtils.java:logGet(43)) - raft.server.log.preallocated.size = 16384 (custom)
2019-09-10 18:09:58,724 [pool-47-thread-1] INFO  server.RaftServerConfigKeys (ConfUtils.java:logGet(43)) - raft.server.retrycache.expirytime = 600000ms (custom)
2019-09-10 18:09:58,724 [pool-57-thread-1] INFO  server.RaftServerConfigKeys (ConfUtils.java:logGet(43)) - raft.server.log.statemachine.data.sync.timeout = 10s (default)
2019-09-10 18:09:58,724 [pool-67-thread-1] INFO  server.RaftServerConfigKeys (ConfUtils.java:logGet(43)) - raft.server.log.write.buffer.size = 33554432 (custom)
2019-09-10 18:09:58,725 [pool-57-thread-1] INFO  server.RaftServerConfigKeys (ConfUtils.java:logGet(43)) - raft.server.log.statemachine.data.sync.timeout.retry = -1 (default)
2019-09-10 18:09:58,725 [pool-67-thread-1] INFO  server.RaftServerConfigKeys (ConfUtils.java:logGet(43)) - raft.server.log.force.sync.num = 128 (default)
2019-09-10 18:09:58,725 [pool-57-thread-1] INFO  server.RaftServerConfigKeys (ConfUtils.java:logGet(43)) - raft.server.log.statemachine.data.caching.enabled = true (custom)
2019-09-10 18:09:58,725 [pool-67-thread-1] INFO  server.RaftServerConfigKeys (ConfUtils.java:logGet(43)) - raft.server.log.statemachine.data.sync = true (default)
2019-09-10 18:09:58,725 [pool-57-thread-1] INFO  segmented.SegmentedRaftLogWorker (SegmentedRaftLogWorker.java:lambda$new$0(132)) - 208154af-b43d-417a-8ba8-8a37a4d1ac9e@group-C08312A7C209-SegmentedRaftLogWorker: flushIndex: setUnconditionally 0 -> -1
2019-09-10 18:09:58,725 [pool-67-thread-1] INFO  server.RaftServerConfigKeys (ConfUtils.java:logGet(43)) - raft.server.log.statemachine.data.sync.timeout = 10s (default)
2019-09-10 18:09:58,726 [pool-57-thread-1] INFO  server.RaftServerConfigKeys (ConfUtils.java:logGet(43)) - raft.server.snapshot.auto.trigger.enabled = true (custom)
2019-09-10 18:09:58,726 [pool-67-thread-1] INFO  server.RaftServerConfigKeys (ConfUtils.java:logGet(43)) - raft.server.log.statemachine.data.sync.timeout.retry = -1 (default)
2019-09-10 18:09:58,726 [pool-57-thread-1] INFO  server.RaftServerConfigKeys (ConfUtils.java:logGet(43)) - raft.server.snapshot.auto.trigger.threshold = 10000 (custom)
2019-09-10 18:09:58,726 [pool-67-thread-1] INFO  server.RaftServerConfigKeys (ConfUtils.java:logGet(43)) - raft.server.log.statemachine.data.caching.enabled = true (custom)
2019-09-10 18:09:58,726 [pool-57-thread-1] INFO  server.RaftServerConfigKeys (ConfUtils.java:logGet(43)) - raft.server.snapshot.retention.num.files = -1 (default)
2019-09-10 18:09:58,726 [pool-57-thread-1] INFO  server.RaftServerConfigKeys (ConfUtils.java:logGet(43)) - raft.server.retrycache.expirytime = 600000ms (custom)
2019-09-10 18:09:58,726 [pool-67-thread-1] INFO  segmented.SegmentedRaftLogWorker (SegmentedRaftLogWorker.java:lambda$new$0(132)) - 91e32882-d3c6-46ba-a04b-cffc2ba77210@group-C08312A7C209-SegmentedRaftLogWorker: flushIndex: setUnconditionally 0 -> -1
2019-09-10 18:09:58,727 [pool-67-thread-1] INFO  server.RaftServerConfigKeys (ConfUtils.java:logGet(43)) - raft.server.snapshot.auto.trigger.enabled = true (custom)
2019-09-10 18:09:58,727 [pool-67-thread-1] INFO  server.RaftServerConfigKeys (ConfUtils.java:logGet(43)) - raft.server.snapshot.auto.trigger.threshold = 10000 (custom)
2019-09-10 18:09:58,727 [pool-67-thread-1] INFO  server.RaftServerConfigKeys (ConfUtils.java:logGet(43)) - raft.server.snapshot.retention.num.files = -1 (default)
2019-09-10 18:09:58,727 [pool-67-thread-1] INFO  server.RaftServerConfigKeys (ConfUtils.java:logGet(43)) - raft.server.retrycache.expirytime = 600000ms (custom)
2019-09-10 18:09:58,729 [pool-47-thread-1] INFO  impl.RaftServerImpl (RaftServerImpl.java:start(185)) - 35230fa9-c917-4625-844b-3841de1822d6@group-C08312A7C209: start as a follower, conf=-1: [208154af-b43d-417a-8ba8-8a37a4d1ac9e:192.168.36.113:42355, 35230fa9-c917-4625-844b-3841de1822d6:192.168.36.113:41574, 91e32882-d3c6-46ba-a04b-cffc2ba77210:192.168.36.113:46514], old=null
2019-09-10 18:09:58,729 [pool-47-thread-1] INFO  impl.RaftServerImpl (RaftServerImpl.java:setRole(174)) - 35230fa9-c917-4625-844b-3841de1822d6@group-C08312A7C209: changes role from      null to FOLLOWER at term 0 for startAsFollower
2019-09-10 18:09:58,729 [pool-47-thread-1] INFO  impl.RoleInfo (RoleInfo.java:updateAndGet(143)) - 35230fa9-c917-4625-844b-3841de1822d6: start FollowerState
2019-09-10 18:09:58,729 [pool-47-thread-1] INFO  util.JmxRegister (JmxRegister.java:tryRegister(44)) - Successfully registered JMX Bean with object name Ratis:service=RaftServer,group=group-C08312A7C209,id=35230fa9-c917-4625-844b-3841de1822d6
2019-09-10 18:09:58,730 [pool-57-thread-1] INFO  impl.RaftServerImpl (RaftServerImpl.java:start(185)) - 208154af-b43d-417a-8ba8-8a37a4d1ac9e@group-C08312A7C209: start as a follower, conf=-1: [208154af-b43d-417a-8ba8-8a37a4d1ac9e:192.168.36.113:42355, 35230fa9-c917-4625-844b-3841de1822d6:192.168.36.113:41574, 91e32882-d3c6-46ba-a04b-cffc2ba77210:192.168.36.113:46514], old=null
2019-09-10 18:09:58,730 [pool-57-thread-1] INFO  impl.RaftServerImpl (RaftServerImpl.java:setRole(174)) - 208154af-b43d-417a-8ba8-8a37a4d1ac9e@group-C08312A7C209: changes role from      null to FOLLOWER at term 0 for startAsFollower
2019-09-10 18:09:58,730 [pool-57-thread-1] INFO  impl.RoleInfo (RoleInfo.java:updateAndGet(143)) - 208154af-b43d-417a-8ba8-8a37a4d1ac9e: start FollowerState
2019-09-10 18:09:58,730 [pool-67-thread-1] INFO  impl.RaftServerImpl (RaftServerImpl.java:start(185)) - 91e32882-d3c6-46ba-a04b-cffc2ba77210@group-C08312A7C209: start as a follower, conf=-1: [208154af-b43d-417a-8ba8-8a37a4d1ac9e:192.168.36.113:42355, 35230fa9-c917-4625-844b-3841de1822d6:192.168.36.113:41574, 91e32882-d3c6-46ba-a04b-cffc2ba77210:192.168.36.113:46514], old=null
2019-09-10 18:09:58,731 [pool-67-thread-1] INFO  impl.RaftServerImpl (RaftServerImpl.java:setRole(174)) - 91e32882-d3c6-46ba-a04b-cffc2ba77210@group-C08312A7C209: changes role from      null to FOLLOWER at term 0 for startAsFollower
2019-09-10 18:09:58,731 [pool-57-thread-1] INFO  util.JmxRegister (JmxRegister.java:tryRegister(44)) - Successfully registered JMX Bean with object name Ratis:service=RaftServer,group=group-C08312A7C209,id=208154af-b43d-417a-8ba8-8a37a4d1ac9e
2019-09-10 18:09:58,731 [pool-67-thread-1] INFO  impl.RoleInfo (RoleInfo.java:updateAndGet(143)) - 91e32882-d3c6-46ba-a04b-cffc2ba77210: start FollowerState
2019-09-10 18:09:58,731 [pool-67-thread-1] INFO  util.JmxRegister (JmxRegister.java:tryRegister(44)) - Successfully registered JMX Bean with object name Ratis:service=RaftServer,group=group-C08312A7C209,id=91e32882-d3c6-46ba-a04b-cffc2ba77210
2019-09-10 18:09:58,742 [RatisPipelineUtilsThread] INFO  pipeline.PipelineStateManager (PipelineStateManager.java:addPipeline(56)) - Created pipeline Pipeline[ Id: fc3a16e9-2f63-4db1-ad0a-c08312a7c209, Nodes: 208154af-b43d-417a-8ba8-8a37a4d1ac9e{ip: 192.168.36.113, host: pr-hdds-1982-decom-states-gjzbw-1854142291, networkLocation: /default-rack, certSerialId: null}35230fa9-c917-4625-844b-3841de1822d6{ip: 192.168.36.113, host: pr-hdds-1982-decom-states-gjzbw-1854142291, networkLocation: /default-rack, certSerialId: null}91e32882-d3c6-46ba-a04b-cffc2ba77210{ip: 192.168.36.113, host: pr-hdds-1982-decom-states-gjzbw-1854142291, networkLocation: /default-rack, certSerialId: null}, Type:RATIS, Factor:THREE, State:OPEN]
2019-09-10 18:09:58,847 [Thread-323] INFO  impl.FollowerState (FollowerState.java:run(106)) - 91e32882-d3c6-46ba-a04b-cffc2ba77210:group-3CCB29DB5386 changes to CANDIDATE, lastRpcTime:1070, electionTimeout:1070ms
2019-09-10 18:09:58,847 [Thread-323] INFO  impl.RoleInfo (RoleInfo.java:shutdownFollowerState(121)) - 91e32882-d3c6-46ba-a04b-cffc2ba77210: shutdown FollowerState
2019-09-10 18:09:58,847 [Thread-323] INFO  impl.RaftServerImpl (RaftServerImpl.java:setRole(174)) - 91e32882-d3c6-46ba-a04b-cffc2ba77210@group-3CCB29DB5386: changes role from  FOLLOWER to CANDIDATE at term 0 for changeToCandidate
2019-09-10 18:09:58,847 [Thread-323] INFO  impl.RoleInfo (RoleInfo.java:updateAndGet(143)) - 91e32882-d3c6-46ba-a04b-cffc2ba77210: start LeaderElection
2019-09-10 18:09:58,892 [91e32882-d3c6-46ba-a04b-cffc2ba77210@group-3CCB29DB5386:LeaderElection9] INFO  impl.LeaderElection (LeaderElection.java:askForVotes(182)) - 91e32882-d3c6-46ba-a04b-cffc2ba77210@group-3CCB29DB5386:LeaderElection9: begin an election at term 1 for -1: [91e32882-d3c6-46ba-a04b-cffc2ba77210:192.168.36.113:46514], old=null
2019-09-10 18:09:58,895 [91e32882-d3c6-46ba-a04b-cffc2ba77210@group-3CCB29DB5386:LeaderElection9] INFO  impl.RoleInfo (RoleInfo.java:shutdownLeaderElection(134)) - 91e32882-d3c6-46ba-a04b-cffc2ba77210: shutdown LeaderElection
2019-09-10 18:09:58,895 [91e32882-d3c6-46ba-a04b-cffc2ba77210@group-3CCB29DB5386:LeaderElection9] INFO  impl.RaftServerImpl (RaftServerImpl.java:setRole(174)) - 91e32882-d3c6-46ba-a04b-cffc2ba77210@group-3CCB29DB5386: changes role from CANDIDATE to LEADER at term 1 for changeToLeader
2019-09-10 18:09:58,896 [91e32882-d3c6-46ba-a04b-cffc2ba77210@group-3CCB29DB5386:LeaderElection9] INFO  impl.RaftServerImpl (ServerState.java:setLeader(253)) - 91e32882-d3c6-46ba-a04b-cffc2ba77210@group-3CCB29DB5386: change Leader from null to 91e32882-d3c6-46ba-a04b-cffc2ba77210 at term 1 for becomeLeader, leader elected after 1676ms
2019-09-10 18:09:58,896 [91e32882-d3c6-46ba-a04b-cffc2ba77210@group-3CCB29DB5386:LeaderElection9] INFO  server.RaftServerConfigKeys (ConfUtils.java:logGet(43)) - raft.server.staging.catchup.gap = 1000 (default)
2019-09-10 18:09:58,896 [91e32882-d3c6-46ba-a04b-cffc2ba77210@group-3CCB29DB5386:LeaderElection9] INFO  server.RaftServerConfigKeys (ConfUtils.java:logGet(43)) - raft.server.rpc.sleep.time = 25ms (default)
2019-09-10 18:09:58,896 [91e32882-d3c6-46ba-a04b-cffc2ba77210@group-3CCB29DB5386:LeaderElection9] INFO  server.RaftServerConfigKeys (ConfUtils.java:logGet(43)) - raft.server.write.element-limit = 4096 (default)
2019-09-10 18:09:58,896 [91e32882-d3c6-46ba-a04b-cffc2ba77210@group-3CCB29DB5386:LeaderElection9] INFO  server.RaftServerConfigKeys (ConfUtils.java:logGet(43)) - raft.server.watch.timeout = 10s (default)
2019-09-10 18:09:58,897 [91e32882-d3c6-46ba-a04b-cffc2ba77210@group-3CCB29DB5386:LeaderElection9] INFO  server.RaftServerConfigKeys (ConfUtils.java:logGet(43)) - raft.server.watch.timeout.denomination = 1s (default)
2019-09-10 18:09:58,897 [91e32882-d3c6-46ba-a04b-cffc2ba77210@group-3CCB29DB5386:LeaderElection9] INFO  server.RaftServerConfigKeys (ConfUtils.java:logGet(43)) - raft.server.watch.element-limit = 65536 (default)
2019-09-10 18:09:58,900 [91e32882-d3c6-46ba-a04b-cffc2ba77210@group-3CCB29DB5386:LeaderElection9] INFO  impl.RoleInfo (RoleInfo.java:updateAndGet(143)) - 91e32882-d3c6-46ba-a04b-cffc2ba77210: start LeaderState
2019-09-10 18:09:58,900 [91e32882-d3c6-46ba-a04b-cffc2ba77210@group-3CCB29DB5386:LeaderElection9] INFO  segmented.SegmentedRaftLogWorker (SegmentedRaftLogWorker.java:startLogSegment(380)) - 91e32882-d3c6-46ba-a04b-cffc2ba77210@group-3CCB29DB5386-SegmentedRaftLogWorker: Starting segment from index:0
2019-09-10 18:09:58,901 [91e32882-d3c6-46ba-a04b-cffc2ba77210@group-3CCB29DB5386:LeaderElection9] INFO  impl.RaftServerImpl (ServerState.java:setRaftConf(354)) - 91e32882-d3c6-46ba-a04b-cffc2ba77210@group-3CCB29DB5386: set configuration 0: [91e32882-d3c6-46ba-a04b-cffc2ba77210:192.168.36.113:46514], old=null at 0
2019-09-10 18:09:58,976 [91e32882-d3c6-46ba-a04b-cffc2ba77210@group-3CCB29DB5386-SegmentedRaftLogWorker] INFO  segmented.SegmentedRaftLogWorker (SegmentedRaftLogWorker.java:execute(569)) - 91e32882-d3c6-46ba-a04b-cffc2ba77210@group-3CCB29DB5386-SegmentedRaftLogWorker: created new log segment /workdir/hadoop-ozone/integration-test/target/test-dir/MiniOzoneClusterImpl-a4bba3eb-5ae6-43ba-8544-0cc5de04918c/datanode-4/data/ratis/7b2af173-7b0d-4829-a304-3ccb29db5386/current/log_inprogress_0
2019-09-10 18:09:59,008 [Thread-328] INFO  impl.FollowerState (FollowerState.java:run(106)) - 24f5ddbe-d11b-430b-a0df-2fe5f6c753f9:group-C690B789613C changes to CANDIDATE, lastRpcTime:1107, electionTimeout:1107ms
2019-09-10 18:09:59,008 [Thread-328] INFO  impl.RoleInfo (RoleInfo.java:shutdownFollowerState(121)) - 24f5ddbe-d11b-430b-a0df-2fe5f6c753f9: shutdown FollowerState
2019-09-10 18:09:59,009 [Thread-328] INFO  impl.RaftServerImpl (RaftServerImpl.java:setRole(174)) - 24f5ddbe-d11b-430b-a0df-2fe5f6c753f9@group-C690B789613C: changes role from  FOLLOWER to CANDIDATE at term 0 for changeToCandidate
2019-09-10 18:09:59,009 [Thread-328] INFO  impl.RoleInfo (RoleInfo.java:updateAndGet(143)) - 24f5ddbe-d11b-430b-a0df-2fe5f6c753f9: start LeaderElection
2019-09-10 18:09:59,057 [main] INFO  impl.MetricsSystemImpl (MetricsSystemImpl.java:init(158)) - XceiverClientMetrics metrics system started (again)
2019-09-10 18:09:59,060 [24f5ddbe-d11b-430b-a0df-2fe5f6c753f9@group-C690B789613C:LeaderElection10] INFO  impl.LeaderElection (LeaderElection.java:askForVotes(182)) - 24f5ddbe-d11b-430b-a0df-2fe5f6c753f9@group-C690B789613C:LeaderElection10: begin an election at term 1 for -1: [24f5ddbe-d11b-430b-a0df-2fe5f6c753f9:192.168.36.113:38414], old=null
2019-09-10 18:09:59,060 [24f5ddbe-d11b-430b-a0df-2fe5f6c753f9@group-C690B789613C:LeaderElection10] INFO  impl.RoleInfo (RoleInfo.java:shutdownLeaderElection(134)) - 24f5ddbe-d11b-430b-a0df-2fe5f6c753f9: shutdown LeaderElection
2019-09-10 18:09:59,060 [24f5ddbe-d11b-430b-a0df-2fe5f6c753f9@group-C690B789613C:LeaderElection10] INFO  impl.RaftServerImpl (RaftServerImpl.java:setRole(174)) - 24f5ddbe-d11b-430b-a0df-2fe5f6c753f9@group-C690B789613C: changes role from CANDIDATE to LEADER at term 1 for changeToLeader
2019-09-10 18:09:59,060 [24f5ddbe-d11b-430b-a0df-2fe5f6c753f9@group-C690B789613C:LeaderElection10] INFO  impl.RaftServerImpl (ServerState.java:setLeader(253)) - 24f5ddbe-d11b-430b-a0df-2fe5f6c753f9@group-C690B789613C: change Leader from null to 24f5ddbe-d11b-430b-a0df-2fe5f6c753f9 at term 1 for becomeLeader, leader elected after 1174ms
2019-09-10 18:09:59,060 [24f5ddbe-d11b-430b-a0df-2fe5f6c753f9@group-C690B789613C:LeaderElection10] INFO  server.RaftServerConfigKeys (ConfUtils.java:logGet(43)) - raft.server.staging.catchup.gap = 1000 (default)
2019-09-10 18:09:59,060 [24f5ddbe-d11b-430b-a0df-2fe5f6c753f9@group-C690B789613C:LeaderElection10] INFO  server.RaftServerConfigKeys (ConfUtils.java:logGet(43)) - raft.server.rpc.sleep.time = 25ms (default)
2019-09-10 18:09:59,061 [24f5ddbe-d11b-430b-a0df-2fe5f6c753f9@group-C690B789613C:LeaderElection10] INFO  server.RaftServerConfigKeys (ConfUtils.java:logGet(43)) - raft.server.write.element-limit = 4096 (default)
2019-09-10 18:09:59,061 [24f5ddbe-d11b-430b-a0df-2fe5f6c753f9@group-C690B789613C:LeaderElection10] INFO  server.RaftServerConfigKeys (ConfUtils.java:logGet(43)) - raft.server.watch.timeout = 10s (default)
2019-09-10 18:09:59,061 [24f5ddbe-d11b-430b-a0df-2fe5f6c753f9@group-C690B789613C:LeaderElection10] INFO  server.RaftServerConfigKeys (ConfUtils.java:logGet(43)) - raft.server.watch.timeout.denomination = 1s (default)
2019-09-10 18:09:59,061 [24f5ddbe-d11b-430b-a0df-2fe5f6c753f9@group-C690B789613C:LeaderElection10] INFO  server.RaftServerConfigKeys (ConfUtils.java:logGet(43)) - raft.server.watch.element-limit = 65536 (default)
2019-09-10 18:09:59,064 [24f5ddbe-d11b-430b-a0df-2fe5f6c753f9@group-C690B789613C:LeaderElection10] INFO  impl.RoleInfo (RoleInfo.java:updateAndGet(143)) - 24f5ddbe-d11b-430b-a0df-2fe5f6c753f9: start LeaderState
2019-09-10 18:09:59,064 [24f5ddbe-d11b-430b-a0df-2fe5f6c753f9@group-C690B789613C:LeaderElection10] INFO  segmented.SegmentedRaftLogWorker (SegmentedRaftLogWorker.java:startLogSegment(380)) - 24f5ddbe-d11b-430b-a0df-2fe5f6c753f9@group-C690B789613C-SegmentedRaftLogWorker: Starting segment from index:0
2019-09-10 18:09:59,065 [24f5ddbe-d11b-430b-a0df-2fe5f6c753f9@group-C690B789613C:LeaderElection10] INFO  impl.RaftServerImpl (ServerState.java:setRaftConf(354)) - 24f5ddbe-d11b-430b-a0df-2fe5f6c753f9@group-C690B789613C: set configuration 0: [24f5ddbe-d11b-430b-a0df-2fe5f6c753f9:192.168.36.113:38414], old=null at 0
2019-09-10 18:09:59,151 [24f5ddbe-d11b-430b-a0df-2fe5f6c753f9@group-C690B789613C-SegmentedRaftLogWorker] INFO  segmented.SegmentedRaftLogWorker (SegmentedRaftLogWorker.java:execute(569)) - 24f5ddbe-d11b-430b-a0df-2fe5f6c753f9@group-C690B789613C-SegmentedRaftLogWorker: created new log segment /workdir/hadoop-ozone/integration-test/target/test-dir/MiniOzoneClusterImpl-a4bba3eb-5ae6-43ba-8544-0cc5de04918c/datanode-7/data/ratis/7f47a3ef-de5b-4540-90fb-c690b789613c/current/log_inprogress_0
2019-09-10 18:09:59,268 [grpc-default-executor-0] INFO  client.GrpcClientProtocolClient (GrpcClientProtocolClient.java:onNext(264)) - client-11D19FBEF510->49bcc910-1f14-48b7-a318-d2e01e8ffdec: receive RaftClientReply:client-11D19FBEF510->49bcc910-1f14-48b7-a318-d2e01e8ffdec@group-2C4B92B15373, cid=19, FAILED org.apache.ratis.protocol.NotLeaderException: Server 49bcc910-1f14-48b7-a318-d2e01e8ffdec@group-2C4B92B15373 is not the leader, logIndex=0, commits[49bcc910-1f14-48b7-a318-d2e01e8ffdec:c-1]
2019-09-10 18:09:59,496 [Thread-337] INFO  impl.FollowerState (FollowerState.java:run(106)) - b0fafecf-3418-4e4c-a5e4-e5075743f263:group-73C817937272 changes to CANDIDATE, lastRpcTime:1033, electionTimeout:1033ms
2019-09-10 18:09:59,497 [Thread-337] INFO  impl.RoleInfo (RoleInfo.java:shutdownFollowerState(121)) - b0fafecf-3418-4e4c-a5e4-e5075743f263: shutdown FollowerState
2019-09-10 18:09:59,497 [Thread-337] INFO  impl.RaftServerImpl (RaftServerImpl.java:setRole(174)) - b0fafecf-3418-4e4c-a5e4-e5075743f263@group-73C817937272: changes role from  FOLLOWER to CANDIDATE at term 0 for changeToCandidate
2019-09-10 18:09:59,497 [Thread-337] INFO  impl.RoleInfo (RoleInfo.java:updateAndGet(143)) - b0fafecf-3418-4e4c-a5e4-e5075743f263: start LeaderElection
2019-09-10 18:09:59,527 [b0fafecf-3418-4e4c-a5e4-e5075743f263@group-73C817937272:LeaderElection11] INFO  impl.LeaderElection (LeaderElection.java:askForVotes(182)) - b0fafecf-3418-4e4c-a5e4-e5075743f263@group-73C817937272:LeaderElection11: begin an election at term 1 for -1: [4faa59b0-972d-4631-8b2b-dceadefbd7cc:192.168.36.113:41249, b0fafecf-3418-4e4c-a5e4-e5075743f263:192.168.36.113:44499, 2e952fcc-3ad7-4f0e-80e3-0277395d1af8:192.168.36.113:44043], old=null
2019-09-10 18:09:59,562 [grpc-default-executor-0] INFO  impl.RaftServerImpl (RaftServerImpl.java:setRole(174)) - 2e952fcc-3ad7-4f0e-80e3-0277395d1af8@group-73C817937272: changes role from  FOLLOWER to FOLLOWER at term 1 for recognizeCandidate:b0fafecf-3418-4e4c-a5e4-e5075743f263
2019-09-10 18:09:59,562 [grpc-default-executor-2] INFO  impl.RaftServerImpl (RaftServerImpl.java:setRole(174)) - 4faa59b0-972d-4631-8b2b-dceadefbd7cc@group-73C817937272: changes role from  FOLLOWER to FOLLOWER at term 1 for recognizeCandidate:b0fafecf-3418-4e4c-a5e4-e5075743f263
2019-09-10 18:09:59,562 [grpc-default-executor-0] INFO  impl.RoleInfo (RoleInfo.java:shutdownFollowerState(121)) - 2e952fcc-3ad7-4f0e-80e3-0277395d1af8: shutdown FollowerState
2019-09-10 18:09:59,562 [grpc-default-executor-2] INFO  impl.RoleInfo (RoleInfo.java:shutdownFollowerState(121)) - 4faa59b0-972d-4631-8b2b-dceadefbd7cc: shutdown FollowerState
2019-09-10 18:09:59,565 [grpc-default-executor-0] INFO  impl.RoleInfo (RoleInfo.java:updateAndGet(143)) - 2e952fcc-3ad7-4f0e-80e3-0277395d1af8: start FollowerState
2019-09-10 18:09:59,565 [Thread-341] INFO  impl.FollowerState (FollowerState.java:run(115)) - 4faa59b0-972d-4631-8b2b-dceadefbd7cc: FollowerState was interrupted: java.lang.InterruptedException: sleep interrupted
2019-09-10 18:09:59,565 [grpc-default-executor-2] INFO  impl.RoleInfo (RoleInfo.java:updateAndGet(143)) - 4faa59b0-972d-4631-8b2b-dceadefbd7cc: start FollowerState
2019-09-10 18:09:59,565 [Thread-340] INFO  impl.FollowerState (FollowerState.java:run(115)) - 2e952fcc-3ad7-4f0e-80e3-0277395d1af8: FollowerState was interrupted: java.lang.InterruptedException: sleep interrupted
2019-09-10 18:09:59,604 [b0fafecf-3418-4e4c-a5e4-e5075743f263@group-73C817937272:LeaderElection11] INFO  impl.LeaderElection (LeaderElection.java:logAndReturn(56)) - b0fafecf-3418-4e4c-a5e4-e5075743f263@group-73C817937272:LeaderElection11: Election PASSED; received 1 response(s) [b0fafecf-3418-4e4c-a5e4-e5075743f263<-2e952fcc-3ad7-4f0e-80e3-0277395d1af8#0:OK-t1] and 0 exception(s); b0fafecf-3418-4e4c-a5e4-e5075743f263@group-73C817937272:t1, leader=null, voted=b0fafecf-3418-4e4c-a5e4-e5075743f263, raftlog=b0fafecf-3418-4e4c-a5e4-e5075743f263@group-73C817937272-SegmentedRaftLog:OPENED:c-1,f-1,i0, conf=-1: [4faa59b0-972d-4631-8b2b-dceadefbd7cc:192.168.36.113:41249, b0fafecf-3418-4e4c-a5e4-e5075743f263:192.168.36.113:44499, 2e952fcc-3ad7-4f0e-80e3-0277395d1af8:192.168.36.113:44043], old=null
2019-09-10 18:09:59,605 [b0fafecf-3418-4e4c-a5e4-e5075743f263@group-73C817937272:LeaderElection11] INFO  impl.RoleInfo (RoleInfo.java:shutdownLeaderElection(134)) - b0fafecf-3418-4e4c-a5e4-e5075743f263: shutdown LeaderElection
2019-09-10 18:09:59,605 [b0fafecf-3418-4e4c-a5e4-e5075743f263@group-73C817937272:LeaderElection11] INFO  impl.RaftServerImpl (RaftServerImpl.java:setRole(174)) - b0fafecf-3418-4e4c-a5e4-e5075743f263@group-73C817937272: changes role from CANDIDATE to LEADER at term 1 for changeToLeader
2019-09-10 18:09:59,607 [b0fafecf-3418-4e4c-a5e4-e5075743f263@group-73C817937272:LeaderElection11] INFO  impl.RaftServerImpl (ServerState.java:setLeader(253)) - b0fafecf-3418-4e4c-a5e4-e5075743f263@group-73C817937272: change Leader from null to b0fafecf-3418-4e4c-a5e4-e5075743f263 at term 1 for becomeLeader, leader elected after 1149ms
2019-09-10 18:09:59,607 [b0fafecf-3418-4e4c-a5e4-e5075743f263@group-73C817937272:LeaderElection11] INFO  server.RaftServerConfigKeys (ConfUtils.java:logGet(43)) - raft.server.staging.catchup.gap = 1000 (default)
2019-09-10 18:09:59,607 [b0fafecf-3418-4e4c-a5e4-e5075743f263@group-73C817937272:LeaderElection11] INFO  server.RaftServerConfigKeys (ConfUtils.java:logGet(43)) - raft.server.rpc.sleep.time = 25ms (default)
2019-09-10 18:09:59,608 [b0fafecf-3418-4e4c-a5e4-e5075743f263@group-73C817937272:LeaderElection11] INFO  server.RaftServerConfigKeys (ConfUtils.java:logGet(43)) - raft.server.write.element-limit = 4096 (default)
2019-09-10 18:09:59,608 [b0fafecf-3418-4e4c-a5e4-e5075743f263@group-73C817937272:LeaderElection11] INFO  server.RaftServerConfigKeys (ConfUtils.java:logGet(43)) - raft.server.watch.timeout = 10s (default)
2019-09-10 18:09:59,608 [b0fafecf-3418-4e4c-a5e4-e5075743f263@group-73C817937272:LeaderElection11] INFO  server.RaftServerConfigKeys (ConfUtils.java:logGet(43)) - raft.server.watch.timeout.denomination = 1s (default)
2019-09-10 18:09:59,608 [b0fafecf-3418-4e4c-a5e4-e5075743f263@group-73C817937272:LeaderElection11] INFO  server.RaftServerConfigKeys (ConfUtils.java:logGet(43)) - raft.server.watch.element-limit = 65536 (default)
2019-09-10 18:09:59,613 [b0fafecf-3418-4e4c-a5e4-e5075743f263@group-73C817937272:LeaderElection11] INFO  server.RaftServerConfigKeys (ConfUtils.java:logGet(43)) - raft.server.log.appender.snapshot.chunk.size.max = 16MB (=16777216) (default)
2019-09-10 18:09:59,614 [b0fafecf-3418-4e4c-a5e4-e5075743f263@group-73C817937272:LeaderElection11] INFO  server.RaftServerConfigKeys (ConfUtils.java:logGet(43)) - raft.server.log.appender.buffer.byte-limit = 33554432 (custom)
2019-09-10 18:09:59,614 [b0fafecf-3418-4e4c-a5e4-e5075743f263@group-73C817937272:LeaderElection11] INFO  server.RaftServerConfigKeys (ConfUtils.java:logGet(43)) - raft.server.log.appender.buffer.element-limit = 1 (custom)
2019-09-10 18:09:59,618 [b0fafecf-3418-4e4c-a5e4-e5075743f263@group-73C817937272:LeaderElection11] INFO  grpc.GrpcConfigKeys$Server (ConfUtils.java:logGet(43)) - raft.grpc.server.leader.outstanding.appends.max = 128 (default)
2019-09-10 18:09:59,628 [Thread-347] INFO  impl.FollowerState (FollowerState.java:run(106)) - d8255f37-89f1-48d2-bcda-7654f43e2557:group-2C4B92B15373 changes to CANDIDATE, lastRpcTime:1014, electionTimeout:1005ms
2019-09-10 18:09:59,630 [b0fafecf-3418-4e4c-a5e4-e5075743f263@group-73C817937272:LeaderElection11] INFO  server.RaftServerConfigKeys (ConfUtils.java:logGet(43)) - raft.server.rpc.request.timeout = 3000ms (default)
2019-09-10 18:09:59,631 [Thread-347] INFO  impl.RoleInfo (RoleInfo.java:shutdownFollowerState(121)) - d8255f37-89f1-48d2-bcda-7654f43e2557: shutdown FollowerState
2019-09-10 18:09:59,631 [b0fafecf-3418-4e4c-a5e4-e5075743f263@group-73C817937272:LeaderElection11] INFO  server.RaftServerConfigKeys (ConfUtils.java:logGet(43)) - raft.server.log.appender.install.snapshot.enabled = false (custom)
2019-09-10 18:09:59,631 [Thread-347] INFO  impl.RaftServerImpl (RaftServerImpl.java:setRole(174)) - d8255f37-89f1-48d2-bcda-7654f43e2557@group-2C4B92B15373: changes role from  FOLLOWER to CANDIDATE at term 0 for changeToCandidate
2019-09-10 18:09:59,631 [Thread-347] INFO  impl.RoleInfo (RoleInfo.java:updateAndGet(143)) - d8255f37-89f1-48d2-bcda-7654f43e2557: start LeaderElection
2019-09-10 18:09:59,638 [b0fafecf-3418-4e4c-a5e4-e5075743f263@group-73C817937272:LeaderElection11] INFO  server.RaftServerConfigKeys (ConfUtils.java:logGet(43)) - raft.server.log.appender.snapshot.chunk.size.max = 16MB (=16777216) (default)
2019-09-10 18:09:59,638 [b0fafecf-3418-4e4c-a5e4-e5075743f263@group-73C817937272:LeaderElection11] INFO  server.RaftServerConfigKeys (ConfUtils.java:logGet(43)) - raft.server.log.appender.buffer.byte-limit = 33554432 (custom)
2019-09-10 18:09:59,638 [b0fafecf-3418-4e4c-a5e4-e5075743f263@group-73C817937272:LeaderElection11] INFO  server.RaftServerConfigKeys (ConfUtils.java:logGet(43)) - raft.server.log.appender.buffer.element-limit = 1 (custom)
2019-09-10 18:09:59,639 [b0fafecf-3418-4e4c-a5e4-e5075743f263@group-73C817937272:LeaderElection11] INFO  grpc.GrpcConfigKeys$Server (ConfUtils.java:logGet(43)) - raft.grpc.server.leader.outstanding.appends.max = 128 (default)
2019-09-10 18:09:59,639 [b0fafecf-3418-4e4c-a5e4-e5075743f263@group-73C817937272:LeaderElection11] INFO  server.RaftServerConfigKeys (ConfUtils.java:logGet(43)) - raft.server.rpc.request.timeout = 3000ms (default)
2019-09-10 18:09:59,639 [b0fafecf-3418-4e4c-a5e4-e5075743f263@group-73C817937272:LeaderElection11] INFO  server.RaftServerConfigKeys (ConfUtils.java:logGet(43)) - raft.server.log.appender.install.snapshot.enabled = false (custom)
2019-09-10 18:09:59,641 [b0fafecf-3418-4e4c-a5e4-e5075743f263@group-73C817937272:LeaderElection11] INFO  impl.RoleInfo (RoleInfo.java:updateAndGet(143)) - b0fafecf-3418-4e4c-a5e4-e5075743f263: start LeaderState
2019-09-10 18:09:59,641 [b0fafecf-3418-4e4c-a5e4-e5075743f263@group-73C817937272:LeaderElection11] INFO  segmented.SegmentedRaftLogWorker (SegmentedRaftLogWorker.java:startLogSegment(380)) - b0fafecf-3418-4e4c-a5e4-e5075743f263@group-73C817937272-SegmentedRaftLogWorker: Starting segment from index:0
2019-09-10 18:09:59,642 [b0fafecf-3418-4e4c-a5e4-e5075743f263@group-73C817937272:LeaderElection11] INFO  impl.RaftServerImpl (ServerState.java:setRaftConf(354)) - b0fafecf-3418-4e4c-a5e4-e5075743f263@group-73C817937272: set configuration 0: [4faa59b0-972d-4631-8b2b-dceadefbd7cc:192.168.36.113:41249, b0fafecf-3418-4e4c-a5e4-e5075743f263:192.168.36.113:44499, 2e952fcc-3ad7-4f0e-80e3-0277395d1af8:192.168.36.113:44043], old=null at 0
2019-09-10 18:09:59,686 [d8255f37-89f1-48d2-bcda-7654f43e2557@group-2C4B92B15373:LeaderElection12] INFO  impl.LeaderElection (LeaderElection.java:askForVotes(182)) - d8255f37-89f1-48d2-bcda-7654f43e2557@group-2C4B92B15373:LeaderElection12: begin an election at term 1 for -1: [49bcc910-1f14-48b7-a318-d2e01e8ffdec:192.168.36.113:46072, 8cbcd714-dd76-45fa-910f-f3e67512086a:192.168.36.113:33895, d8255f37-89f1-48d2-bcda-7654f43e2557:192.168.36.113:33855], old=null
2019-09-10 18:09:59,704 [grpc-default-executor-2] INFO  impl.RaftServerImpl (ServerState.java:setLeader(253)) - 2e952fcc-3ad7-4f0e-80e3-0277395d1af8@group-73C817937272: change Leader from null to b0fafecf-3418-4e4c-a5e4-e5075743f263 at term 1 for appendEntries, leader elected after 1247ms
2019-09-10 18:09:59,704 [grpc-default-executor-0] INFO  impl.RaftServerImpl (ServerState.java:setLeader(253)) - 4faa59b0-972d-4631-8b2b-dceadefbd7cc@group-73C817937272: change Leader from null to b0fafecf-3418-4e4c-a5e4-e5075743f263 at term 1 for appendEntries, leader elected after 1247ms
2019-09-10 18:09:59,704 [b0fafecf-3418-4e4c-a5e4-e5075743f263@group-73C817937272-SegmentedRaftLogWorker] INFO  segmented.SegmentedRaftLogWorker (SegmentedRaftLogWorker.java:execute(569)) - b0fafecf-3418-4e4c-a5e4-e5075743f263@group-73C817937272-SegmentedRaftLogWorker: created new log segment /workdir/hadoop-ozone/integration-test/target/test-dir/MiniOzoneClusterImpl-a4bba3eb-5ae6-43ba-8544-0cc5de04918c/datanode-8/data/ratis/22b35f76-37c7-432e-9baa-73c817937272/current/log_inprogress_0
2019-09-10 18:09:59,708 [grpc-default-executor-3] INFO  impl.RaftServerImpl (RaftServerImpl.java:setRole(174)) - 49bcc910-1f14-48b7-a318-d2e01e8ffdec@group-2C4B92B15373: changes role from  FOLLOWER to FOLLOWER at term 1 for recognizeCandidate:d8255f37-89f1-48d2-bcda-7654f43e2557
2019-09-10 18:09:59,709 [grpc-default-executor-3] INFO  impl.RoleInfo (RoleInfo.java:shutdownFollowerState(121)) - 49bcc910-1f14-48b7-a318-d2e01e8ffdec: shutdown FollowerState
2019-09-10 18:09:59,710 [grpc-default-executor-3] INFO  impl.RoleInfo (RoleInfo.java:updateAndGet(143)) - 49bcc910-1f14-48b7-a318-d2e01e8ffdec: start FollowerState
2019-09-10 18:09:59,710 [Thread-349] INFO  impl.FollowerState (FollowerState.java:run(115)) - 49bcc910-1f14-48b7-a318-d2e01e8ffdec: FollowerState was interrupted: java.lang.InterruptedException: sleep interrupted
2019-09-10 18:09:59,720 [grpc-default-executor-1] INFO  impl.RaftServerImpl (RaftServerImpl.java:setRole(174)) - 8cbcd714-dd76-45fa-910f-f3e67512086a@group-2C4B92B15373: changes role from  FOLLOWER to FOLLOWER at term 1 for recognizeCandidate:d8255f37-89f1-48d2-bcda-7654f43e2557
2019-09-10 18:09:59,721 [grpc-default-executor-1] INFO  impl.RoleInfo (RoleInfo.java:shutdownFollowerState(121)) - 8cbcd714-dd76-45fa-910f-f3e67512086a: shutdown FollowerState
2019-09-10 18:09:59,721 [grpc-default-executor-1] INFO  impl.RoleInfo (RoleInfo.java:updateAndGet(143)) - 8cbcd714-dd76-45fa-910f-f3e67512086a: start FollowerState
2019-09-10 18:09:59,721 [Thread-350] INFO  impl.FollowerState (FollowerState.java:run(115)) - 8cbcd714-dd76-45fa-910f-f3e67512086a: FollowerState was interrupted: java.lang.InterruptedException: sleep interrupted
2019-09-10 18:09:59,743 [grpc-default-executor-2] INFO  impl.RaftServerImpl (ServerState.java:setRaftConf(354)) - 2e952fcc-3ad7-4f0e-80e3-0277395d1af8@group-73C817937272: set configuration 0: [4faa59b0-972d-4631-8b2b-dceadefbd7cc:192.168.36.113:41249, b0fafecf-3418-4e4c-a5e4-e5075743f263:192.168.36.113:44499, 2e952fcc-3ad7-4f0e-80e3-0277395d1af8:192.168.36.113:44043], old=null at 0
2019-09-10 18:09:59,743 [grpc-default-executor-0] INFO  impl.RaftServerImpl (ServerState.java:setRaftConf(354)) - 4faa59b0-972d-4631-8b2b-dceadefbd7cc@group-73C817937272: set configuration 0: [4faa59b0-972d-4631-8b2b-dceadefbd7cc:192.168.36.113:41249, b0fafecf-3418-4e4c-a5e4-e5075743f263:192.168.36.113:44499, 2e952fcc-3ad7-4f0e-80e3-0277395d1af8:192.168.36.113:44043], old=null at 0
2019-09-10 18:09:59,744 [grpc-default-executor-2] INFO  segmented.SegmentedRaftLogWorker (SegmentedRaftLogWorker.java:startLogSegment(380)) - 2e952fcc-3ad7-4f0e-80e3-0277395d1af8@group-73C817937272-SegmentedRaftLogWorker: Starting segment from index:0
2019-09-10 18:09:59,744 [grpc-default-executor-0] INFO  segmented.SegmentedRaftLogWorker (SegmentedRaftLogWorker.java:startLogSegment(380)) - 4faa59b0-972d-4631-8b2b-dceadefbd7cc@group-73C817937272-SegmentedRaftLogWorker: Starting segment from index:0
2019-09-10 18:09:59,778 [Thread-358] INFO  impl.FollowerState (FollowerState.java:run(106)) - 208154af-b43d-417a-8ba8-8a37a4d1ac9e:group-C08312A7C209 changes to CANDIDATE, lastRpcTime:1048, electionTimeout:1024ms
2019-09-10 18:09:59,779 [Thread-358] INFO  impl.RoleInfo (RoleInfo.java:shutdownFollowerState(121)) - 208154af-b43d-417a-8ba8-8a37a4d1ac9e: shutdown FollowerState
2019-09-10 18:09:59,779 [Thread-358] INFO  impl.RaftServerImpl (RaftServerImpl.java:setRole(174)) - 208154af-b43d-417a-8ba8-8a37a4d1ac9e@group-C08312A7C209: changes role from  FOLLOWER to CANDIDATE at term 0 for changeToCandidate
2019-09-10 18:09:59,780 [Thread-358] INFO  impl.RoleInfo (RoleInfo.java:updateAndGet(143)) - 208154af-b43d-417a-8ba8-8a37a4d1ac9e: start LeaderElection
2019-09-10 18:09:59,780 [d8255f37-89f1-48d2-bcda-7654f43e2557@group-2C4B92B15373:LeaderElection12] INFO  impl.LeaderElection (LeaderElection.java:logAndReturn(56)) - d8255f37-89f1-48d2-bcda-7654f43e2557@group-2C4B92B15373:LeaderElection12: Election PASSED; received 1 response(s) [d8255f37-89f1-48d2-bcda-7654f43e2557<-49bcc910-1f14-48b7-a318-d2e01e8ffdec#0:OK-t1] and 0 exception(s); d8255f37-89f1-48d2-bcda-7654f43e2557@group-2C4B92B15373:t1, leader=null, voted=d8255f37-89f1-48d2-bcda-7654f43e2557, raftlog=d8255f37-89f1-48d2-bcda-7654f43e2557@group-2C4B92B15373-SegmentedRaftLog:OPENED:c-1,f-1,i0, conf=-1: [49bcc910-1f14-48b7-a318-d2e01e8ffdec:192.168.36.113:46072, 8cbcd714-dd76-45fa-910f-f3e67512086a:192.168.36.113:33895, d8255f37-89f1-48d2-bcda-7654f43e2557:192.168.36.113:33855], old=null
2019-09-10 18:09:59,780 [d8255f37-89f1-48d2-bcda-7654f43e2557@group-2C4B92B15373:LeaderElection12] INFO  impl.RoleInfo (RoleInfo.java:shutdownLeaderElection(134)) - d8255f37-89f1-48d2-bcda-7654f43e2557: shutdown LeaderElection
2019-09-10 18:09:59,786 [d8255f37-89f1-48d2-bcda-7654f43e2557@group-2C4B92B15373:LeaderElection12] INFO  impl.RaftServerImpl (RaftServerImpl.java:setRole(174)) - d8255f37-89f1-48d2-bcda-7654f43e2557@group-2C4B92B15373: changes role from CANDIDATE to LEADER at term 1 for changeToLeader
2019-09-10 18:09:59,786 [d8255f37-89f1-48d2-bcda-7654f43e2557@group-2C4B92B15373:LeaderElection12] INFO  impl.RaftServerImpl (ServerState.java:setLeader(253)) - d8255f37-89f1-48d2-bcda-7654f43e2557@group-2C4B92B15373: change Leader from null to d8255f37-89f1-48d2-bcda-7654f43e2557 at term 1 for becomeLeader, leader elected after 1178ms
2019-09-10 18:09:59,786 [d8255f37-89f1-48d2-bcda-7654f43e2557@group-2C4B92B15373:LeaderElection12] INFO  server.RaftServerConfigKeys (ConfUtils.java:logGet(43)) - raft.server.staging.catchup.gap = 1000 (default)
2019-09-10 18:09:59,786 [d8255f37-89f1-48d2-bcda-7654f43e2557@group-2C4B92B15373:LeaderElection12] INFO  server.RaftServerConfigKeys (ConfUtils.java:logGet(43)) - raft.server.rpc.sleep.time = 25ms (default)
2019-09-10 18:09:59,786 [d8255f37-89f1-48d2-bcda-7654f43e2557@group-2C4B92B15373:LeaderElection12] INFO  server.RaftServerConfigKeys (ConfUtils.java:logGet(43)) - raft.server.write.element-limit = 4096 (default)
2019-09-10 18:09:59,787 [d8255f37-89f1-48d2-bcda-7654f43e2557@group-2C4B92B15373:LeaderElection12] INFO  server.RaftServerConfigKeys (ConfUtils.java:logGet(43)) - raft.server.watch.timeout = 10s (default)
2019-09-10 18:09:59,787 [d8255f37-89f1-48d2-bcda-7654f43e2557@group-2C4B92B15373:LeaderElection12] INFO  server.RaftServerConfigKeys (ConfUtils.java:logGet(43)) - raft.server.watch.timeout.denomination = 1s (default)
2019-09-10 18:09:59,787 [d8255f37-89f1-48d2-bcda-7654f43e2557@group-2C4B92B15373:LeaderElection12] INFO  server.RaftServerConfigKeys (ConfUtils.java:logGet(43)) - raft.server.watch.element-limit = 65536 (default)
2019-09-10 18:09:59,790 [d8255f37-89f1-48d2-bcda-7654f43e2557@group-2C4B92B15373:LeaderElection12] INFO  server.RaftServerConfigKeys (ConfUtils.java:logGet(43)) - raft.server.log.appender.snapshot.chunk.size.max = 16MB (=16777216) (default)
2019-09-10 18:09:59,791 [d8255f37-89f1-48d2-bcda-7654f43e2557@group-2C4B92B15373:LeaderElection12] INFO  server.RaftServerConfigKeys (ConfUtils.java:logGet(43)) - raft.server.log.appender.buffer.byte-limit = 33554432 (custom)
2019-09-10 18:09:59,791 [d8255f37-89f1-48d2-bcda-7654f43e2557@group-2C4B92B15373:LeaderElection12] INFO  server.RaftServerConfigKeys (ConfUtils.java:logGet(43)) - raft.server.log.appender.buffer.element-limit = 1 (custom)
2019-09-10 18:09:59,791 [d8255f37-89f1-48d2-bcda-7654f43e2557@group-2C4B92B15373:LeaderElection12] INFO  grpc.GrpcConfigKeys$Server (ConfUtils.java:logGet(43)) - raft.grpc.server.leader.outstanding.appends.max = 128 (default)
2019-09-10 18:09:59,793 [d8255f37-89f1-48d2-bcda-7654f43e2557@group-2C4B92B15373:LeaderElection12] INFO  server.RaftServerConfigKeys (ConfUtils.java:logGet(43)) - raft.server.rpc.request.timeout = 3000ms (default)
2019-09-10 18:09:59,793 [d8255f37-89f1-48d2-bcda-7654f43e2557@group-2C4B92B15373:LeaderElection12] INFO  server.RaftServerConfigKeys (ConfUtils.java:logGet(43)) - raft.server.log.appender.install.snapshot.enabled = false (custom)
2019-09-10 18:09:59,794 [d8255f37-89f1-48d2-bcda-7654f43e2557@group-2C4B92B15373:LeaderElection12] INFO  server.RaftServerConfigKeys (ConfUtils.java:logGet(43)) - raft.server.log.appender.snapshot.chunk.size.max = 16MB (=16777216) (default)
2019-09-10 18:09:59,794 [d8255f37-89f1-48d2-bcda-7654f43e2557@group-2C4B92B15373:LeaderElection12] INFO  server.RaftServerConfigKeys (ConfUtils.java:logGet(43)) - raft.server.log.appender.buffer.byte-limit = 33554432 (custom)
2019-09-10 18:09:59,794 [d8255f37-89f1-48d2-bcda-7654f43e2557@group-2C4B92B15373:LeaderElection12] INFO  server.RaftServerConfigKeys (ConfUtils.java:logGet(43)) - raft.server.log.appender.buffer.element-limit = 1 (custom)
2019-09-10 18:09:59,794 [d8255f37-89f1-48d2-bcda-7654f43e2557@group-2C4B92B15373:LeaderElection12] INFO  grpc.GrpcConfigKeys$Server (ConfUtils.java:logGet(43)) - raft.grpc.server.leader.outstanding.appends.max = 128 (default)
2019-09-10 18:09:59,795 [d8255f37-89f1-48d2-bcda-7654f43e2557@group-2C4B92B15373:LeaderElection12] INFO  server.RaftServerConfigKeys (ConfUtils.java:logGet(43)) - raft.server.rpc.request.timeout = 3000ms (default)
2019-09-10 18:09:59,795 [d8255f37-89f1-48d2-bcda-7654f43e2557@group-2C4B92B15373:LeaderElection12] INFO  server.RaftServerConfigKeys (ConfUtils.java:logGet(43)) - raft.server.log.appender.install.snapshot.enabled = false (custom)
2019-09-10 18:09:59,795 [d8255f37-89f1-48d2-bcda-7654f43e2557@group-2C4B92B15373:LeaderElection12] INFO  impl.RoleInfo (RoleInfo.java:updateAndGet(143)) - d8255f37-89f1-48d2-bcda-7654f43e2557: start LeaderState
2019-09-10 18:09:59,795 [d8255f37-89f1-48d2-bcda-7654f43e2557@group-2C4B92B15373:LeaderElection12] INFO  segmented.SegmentedRaftLogWorker (SegmentedRaftLogWorker.java:startLogSegment(380)) - d8255f37-89f1-48d2-bcda-7654f43e2557@group-2C4B92B15373-SegmentedRaftLogWorker: Starting segment from index:0
2019-09-10 18:09:59,796 [d8255f37-89f1-48d2-bcda-7654f43e2557@group-2C4B92B15373:LeaderElection12] INFO  impl.RaftServerImpl (ServerState.java:setRaftConf(354)) - d8255f37-89f1-48d2-bcda-7654f43e2557@group-2C4B92B15373: set configuration 0: [49bcc910-1f14-48b7-a318-d2e01e8ffdec:192.168.36.113:46072, 8cbcd714-dd76-45fa-910f-f3e67512086a:192.168.36.113:33895, d8255f37-89f1-48d2-bcda-7654f43e2557:192.168.36.113:33855], old=null at 0
2019-09-10 18:09:59,828 [2e952fcc-3ad7-4f0e-80e3-0277395d1af8@group-73C817937272-SegmentedRaftLogWorker] INFO  segmented.SegmentedRaftLogWorker (SegmentedRaftLogWorker.java:execute(569)) - 2e952fcc-3ad7-4f0e-80e3-0277395d1af8@group-73C817937272-SegmentedRaftLogWorker: created new log segment /workdir/hadoop-ozone/integration-test/target/test-dir/MiniOzoneClusterImpl-a4bba3eb-5ae6-43ba-8544-0cc5de04918c/datanode-0/data/ratis/22b35f76-37c7-432e-9baa-73c817937272/current/log_inprogress_0
2019-09-10 18:09:59,828 [4faa59b0-972d-4631-8b2b-dceadefbd7cc@group-73C817937272-SegmentedRaftLogWorker] INFO  segmented.SegmentedRaftLogWorker (SegmentedRaftLogWorker.java:execute(569)) - 4faa59b0-972d-4631-8b2b-dceadefbd7cc@group-73C817937272-SegmentedRaftLogWorker: created new log segment /workdir/hadoop-ozone/integration-test/target/test-dir/MiniOzoneClusterImpl-a4bba3eb-5ae6-43ba-8544-0cc5de04918c/datanode-5/data/ratis/22b35f76-37c7-432e-9baa-73c817937272/current/log_inprogress_0
2019-09-10 18:09:59,831 [208154af-b43d-417a-8ba8-8a37a4d1ac9e@group-C08312A7C209:LeaderElection13] INFO  impl.LeaderElection (LeaderElection.java:askForVotes(182)) - 208154af-b43d-417a-8ba8-8a37a4d1ac9e@group-C08312A7C209:LeaderElection13: begin an election at term 1 for -1: [208154af-b43d-417a-8ba8-8a37a4d1ac9e:192.168.36.113:42355, 35230fa9-c917-4625-844b-3841de1822d6:192.168.36.113:41574, 91e32882-d3c6-46ba-a04b-cffc2ba77210:192.168.36.113:46514], old=null
2019-09-10 18:09:59,839 [grpc-default-executor-3] INFO  impl.RaftServerImpl (ServerState.java:setLeader(253)) - 49bcc910-1f14-48b7-a318-d2e01e8ffdec@group-2C4B92B15373: change Leader from null to d8255f37-89f1-48d2-bcda-7654f43e2557 at term 1 for appendEntries, leader elected after 1232ms
2019-09-10 18:09:59,840 [grpc-default-executor-1] INFO  impl.RaftServerImpl (ServerState.java:setLeader(253)) - 8cbcd714-dd76-45fa-910f-f3e67512086a@group-2C4B92B15373: change Leader from null to d8255f37-89f1-48d2-bcda-7654f43e2557 at term 1 for appendEntries, leader elected after 1232ms
2019-09-10 18:09:59,845 [Thread-359] INFO  impl.FollowerState (FollowerState.java:run(106)) - 91e32882-d3c6-46ba-a04b-cffc2ba77210:group-C08312A7C209 changes to CANDIDATE, lastRpcTime:1114, electionTimeout:1114ms
2019-09-10 18:09:59,846 [Thread-359] INFO  impl.RoleInfo (RoleInfo.java:shutdownFollowerState(121)) - 91e32882-d3c6-46ba-a04b-cffc2ba77210: shutdown FollowerState
2019-09-10 18:09:59,846 [Thread-359] INFO  impl.RaftServerImpl (RaftServerImpl.java:setRole(174)) - 91e32882-d3c6-46ba-a04b-cffc2ba77210@group-C08312A7C209: changes role from  FOLLOWER to CANDIDATE at term 0 for changeToCandidate
2019-09-10 18:09:59,846 [Thread-359] INFO  impl.RoleInfo (RoleInfo.java:updateAndGet(143)) - 91e32882-d3c6-46ba-a04b-cffc2ba77210: start LeaderElection
2019-09-10 18:09:59,852 [Thread-356] INFO  impl.FollowerState (FollowerState.java:run(106)) - 35230fa9-c917-4625-844b-3841de1822d6:group-C08312A7C209 changes to CANDIDATE, lastRpcTime:1122, electionTimeout:1117ms
2019-09-10 18:09:59,852 [Thread-356] INFO  impl.RoleInfo (RoleInfo.java:shutdownFollowerState(121)) - 35230fa9-c917-4625-844b-3841de1822d6: shutdown FollowerState
2019-09-10 18:09:59,852 [Thread-356] INFO  impl.RaftServerImpl (RaftServerImpl.java:setRole(174)) - 35230fa9-c917-4625-844b-3841de1822d6@group-C08312A7C209: changes role from  FOLLOWER to CANDIDATE at term 0 for changeToCandidate
2019-09-10 18:09:59,852 [Thread-356] INFO  impl.RoleInfo (RoleInfo.java:updateAndGet(143)) - 35230fa9-c917-4625-844b-3841de1822d6: start LeaderElection
2019-09-10 18:09:59,862 [grpc-default-executor-3] INFO  impl.RaftServerImpl (ServerState.java:setRaftConf(354)) - 49bcc910-1f14-48b7-a318-d2e01e8ffdec@group-2C4B92B15373: set configuration 0: [49bcc910-1f14-48b7-a318-d2e01e8ffdec:192.168.36.113:46072, 8cbcd714-dd76-45fa-910f-f3e67512086a:192.168.36.113:33895, d8255f37-89f1-48d2-bcda-7654f43e2557:192.168.36.113:33855], old=null at 0
2019-09-10 18:09:59,862 [grpc-default-executor-3] INFO  segmented.SegmentedRaftLogWorker (SegmentedRaftLogWorker.java:startLogSegment(380)) - 49bcc910-1f14-48b7-a318-d2e01e8ffdec@group-2C4B92B15373-SegmentedRaftLogWorker: Starting segment from index:0
2019-09-10 18:09:59,863 [grpc-default-executor-2] INFO  impl.RaftServerImpl (ServerState.java:setRaftConf(354)) - 8cbcd714-dd76-45fa-910f-f3e67512086a@group-2C4B92B15373: set configuration 0: [49bcc910-1f14-48b7-a318-d2e01e8ffdec:192.168.36.113:46072, 8cbcd714-dd76-45fa-910f-f3e67512086a:192.168.36.113:33895, d8255f37-89f1-48d2-bcda-7654f43e2557:192.168.36.113:33855], old=null at 0
2019-09-10 18:09:59,863 [d8255f37-89f1-48d2-bcda-7654f43e2557@group-2C4B92B15373-SegmentedRaftLogWorker] INFO  segmented.SegmentedRaftLogWorker (SegmentedRaftLogWorker.java:execute(569)) - d8255f37-89f1-48d2-bcda-7654f43e2557@group-2C4B92B15373-SegmentedRaftLogWorker: created new log segment /workdir/hadoop-ozone/integration-test/target/test-dir/MiniOzoneClusterImpl-a4bba3eb-5ae6-43ba-8544-0cc5de04918c/datanode-6/data/ratis/3154d7c5-eea6-48f1-8d1f-2c4b92b15373/current/log_inprogress_0
2019-09-10 18:09:59,863 [grpc-default-executor-2] INFO  segmented.SegmentedRaftLogWorker (SegmentedRaftLogWorker.java:startLogSegment(380)) - 8cbcd714-dd76-45fa-910f-f3e67512086a@group-2C4B92B15373-SegmentedRaftLogWorker: Starting segment from index:0
2019-09-10 18:09:59,890 [35230fa9-c917-4625-844b-3841de1822d6@group-C08312A7C209:LeaderElection15] INFO  impl.LeaderElection (LeaderElection.java:askForVotes(182)) - 35230fa9-c917-4625-844b-3841de1822d6@group-C08312A7C209:LeaderElection15: begin an election at term 1 for -1: [208154af-b43d-417a-8ba8-8a37a4d1ac9e:192.168.36.113:42355, 35230fa9-c917-4625-844b-3841de1822d6:192.168.36.113:41574, 91e32882-d3c6-46ba-a04b-cffc2ba77210:192.168.36.113:46514], old=null
2019-09-10 18:09:59,890 [91e32882-d3c6-46ba-a04b-cffc2ba77210@group-C08312A7C209:LeaderElection14] INFO  impl.LeaderElection (LeaderElection.java:askForVotes(182)) - 91e32882-d3c6-46ba-a04b-cffc2ba77210@group-C08312A7C209:LeaderElection14: begin an election at term 1 for -1: [208154af-b43d-417a-8ba8-8a37a4d1ac9e:192.168.36.113:42355, 35230fa9-c917-4625-844b-3841de1822d6:192.168.36.113:41574, 91e32882-d3c6-46ba-a04b-cffc2ba77210:192.168.36.113:46514], old=null
2019-09-10 18:09:59,908 [208154af-b43d-417a-8ba8-8a37a4d1ac9e@group-C08312A7C209:LeaderElection13] INFO  impl.LeaderElection (LeaderElection.java:logAndReturn(56)) - 208154af-b43d-417a-8ba8-8a37a4d1ac9e@group-C08312A7C209:LeaderElection13: Election REJECTED; received 2 response(s) [208154af-b43d-417a-8ba8-8a37a4d1ac9e<-35230fa9-c917-4625-844b-3841de1822d6#0:FAIL-t1, 208154af-b43d-417a-8ba8-8a37a4d1ac9e<-91e32882-d3c6-46ba-a04b-cffc2ba77210#0:FAIL-t1] and 0 exception(s); 208154af-b43d-417a-8ba8-8a37a4d1ac9e@group-C08312A7C209:t1, leader=null, voted=208154af-b43d-417a-8ba8-8a37a4d1ac9e, raftlog=208154af-b43d-417a-8ba8-8a37a4d1ac9e@group-C08312A7C209-SegmentedRaftLog:OPENED:c-1,f-1,i0, conf=-1: [208154af-b43d-417a-8ba8-8a37a4d1ac9e:192.168.36.113:42355, 35230fa9-c917-4625-844b-3841de1822d6:192.168.36.113:41574, 91e32882-d3c6-46ba-a04b-cffc2ba77210:192.168.36.113:46514], old=null
2019-09-10 18:09:59,912 [208154af-b43d-417a-8ba8-8a37a4d1ac9e@group-C08312A7C209:LeaderElection13] INFO  impl.RaftServerImpl (RaftServerImpl.java:setRole(174)) - 208154af-b43d-417a-8ba8-8a37a4d1ac9e@group-C08312A7C209: changes role from CANDIDATE to FOLLOWER at term 1 for DISCOVERED_A_NEW_TERM
2019-09-10 18:09:59,914 [208154af-b43d-417a-8ba8-8a37a4d1ac9e@group-C08312A7C209:LeaderElection13] INFO  impl.RoleInfo (RoleInfo.java:shutdownLeaderElection(134)) - 208154af-b43d-417a-8ba8-8a37a4d1ac9e: shutdown LeaderElection
2019-09-10 18:09:59,914 [208154af-b43d-417a-8ba8-8a37a4d1ac9e@group-C08312A7C209:LeaderElection13] INFO  impl.RoleInfo (RoleInfo.java:updateAndGet(143)) - 208154af-b43d-417a-8ba8-8a37a4d1ac9e: start FollowerState
2019-09-10 18:09:59,923 [49bcc910-1f14-48b7-a318-d2e01e8ffdec@group-2C4B92B15373-SegmentedRaftLogWorker] INFO  segmented.SegmentedRaftLogWorker (SegmentedRaftLogWorker.java:execute(569)) - 49bcc910-1f14-48b7-a318-d2e01e8ffdec@group-2C4B92B15373-SegmentedRaftLogWorker: created new log segment /workdir/hadoop-ozone/integration-test/target/test-dir/MiniOzoneClusterImpl-a4bba3eb-5ae6-43ba-8544-0cc5de04918c/datanode-9/data/ratis/3154d7c5-eea6-48f1-8d1f-2c4b92b15373/current/log_inprogress_0
2019-09-10 18:09:59,951 [8cbcd714-dd76-45fa-910f-f3e67512086a@group-2C4B92B15373-SegmentedRaftLogWorker] INFO  segmented.SegmentedRaftLogWorker (SegmentedRaftLogWorker.java:execute(569)) - 8cbcd714-dd76-45fa-910f-f3e67512086a@group-2C4B92B15373-SegmentedRaftLogWorker: created new log segment /workdir/hadoop-ozone/integration-test/target/test-dir/MiniOzoneClusterImpl-a4bba3eb-5ae6-43ba-8544-0cc5de04918c/datanode-1/data/ratis/3154d7c5-eea6-48f1-8d1f-2c4b92b15373/current/log_inprogress_0
2019-09-10 18:09:59,951 [91e32882-d3c6-46ba-a04b-cffc2ba77210@group-C08312A7C209:LeaderElection14] INFO  impl.LeaderElection (LeaderElection.java:logAndReturn(56)) - 91e32882-d3c6-46ba-a04b-cffc2ba77210@group-C08312A7C209:LeaderElection14: Election REJECTED; received 2 response(s) [91e32882-d3c6-46ba-a04b-cffc2ba77210<-208154af-b43d-417a-8ba8-8a37a4d1ac9e#0:FAIL-t1, 91e32882-d3c6-46ba-a04b-cffc2ba77210<-35230fa9-c917-4625-844b-3841de1822d6#0:FAIL-t1] and 0 exception(s); 91e32882-d3c6-46ba-a04b-cffc2ba77210@group-C08312A7C209:t1, leader=null, voted=91e32882-d3c6-46ba-a04b-cffc2ba77210, raftlog=91e32882-d3c6-46ba-a04b-cffc2ba77210@group-C08312A7C209-SegmentedRaftLog:OPENED:c-1,f-1,i0, conf=-1: [208154af-b43d-417a-8ba8-8a37a4d1ac9e:192.168.36.113:42355, 35230fa9-c917-4625-844b-3841de1822d6:192.168.36.113:41574, 91e32882-d3c6-46ba-a04b-cffc2ba77210:192.168.36.113:46514], old=null
2019-09-10 18:09:59,952 [35230fa9-c917-4625-844b-3841de1822d6@group-C08312A7C209:LeaderElection15] INFO  impl.LeaderElection (LeaderElection.java:logAndReturn(56)) - 35230fa9-c917-4625-844b-3841de1822d6@group-C08312A7C209:LeaderElection15: Election REJECTED; received 2 response(s) [35230fa9-c917-4625-844b-3841de1822d6<-208154af-b43d-417a-8ba8-8a37a4d1ac9e#0:FAIL-t1, 35230fa9-c917-4625-844b-3841de1822d6<-91e32882-d3c6-46ba-a04b-cffc2ba77210#0:FAIL-t1] and 0 exception(s); 35230fa9-c917-4625-844b-3841de1822d6@group-C08312A7C209:t1, leader=null, voted=35230fa9-c917-4625-844b-3841de1822d6, raftlog=35230fa9-c917-4625-844b-3841de1822d6@group-C08312A7C209-SegmentedRaftLog:OPENED:c-1,f-1,i0, conf=-1: [208154af-b43d-417a-8ba8-8a37a4d1ac9e:192.168.36.113:42355, 35230fa9-c917-4625-844b-3841de1822d6:192.168.36.113:41574, 91e32882-d3c6-46ba-a04b-cffc2ba77210:192.168.36.113:46514], old=null
2019-09-10 18:09:59,952 [91e32882-d3c6-46ba-a04b-cffc2ba77210@group-C08312A7C209:LeaderElection14] INFO  impl.RaftServerImpl (RaftServerImpl.java:setRole(174)) - 91e32882-d3c6-46ba-a04b-cffc2ba77210@group-C08312A7C209: changes role from CANDIDATE to FOLLOWER at term 1 for DISCOVERED_A_NEW_TERM
2019-09-10 18:09:59,955 [91e32882-d3c6-46ba-a04b-cffc2ba77210@group-C08312A7C209:LeaderElection14] INFO  impl.RoleInfo (RoleInfo.java:shutdownLeaderElection(134)) - 91e32882-d3c6-46ba-a04b-cffc2ba77210: shutdown LeaderElection
2019-09-10 18:09:59,955 [35230fa9-c917-4625-844b-3841de1822d6@group-C08312A7C209:LeaderElection15] INFO  impl.RaftServerImpl (RaftServerImpl.java:setRole(174)) - 35230fa9-c917-4625-844b-3841de1822d6@group-C08312A7C209: changes role from CANDIDATE to FOLLOWER at term 1 for DISCOVERED_A_NEW_TERM
2019-09-10 18:09:59,958 [91e32882-d3c6-46ba-a04b-cffc2ba77210@group-C08312A7C209:LeaderElection14] INFO  impl.RoleInfo (RoleInfo.java:updateAndGet(143)) - 91e32882-d3c6-46ba-a04b-cffc2ba77210: start FollowerState
2019-09-10 18:09:59,958 [35230fa9-c917-4625-844b-3841de1822d6@group-C08312A7C209:LeaderElection15] INFO  impl.RoleInfo (RoleInfo.java:shutdownLeaderElection(134)) - 35230fa9-c917-4625-844b-3841de1822d6: shutdown LeaderElection
2019-09-10 18:09:59,958 [35230fa9-c917-4625-844b-3841de1822d6@group-C08312A7C209:LeaderElection15] INFO  impl.RoleInfo (RoleInfo.java:updateAndGet(143)) - 35230fa9-c917-4625-844b-3841de1822d6: start FollowerState
2019-09-10 18:10:00,885 [grpc-default-executor-3] INFO  client.GrpcClientProtocolClient (GrpcClientProtocolClient.java:onNext(264)) - client-11D19FBEF510->d8255f37-89f1-48d2-bcda-7654f43e2557: receive RaftClientReply:client-11D19FBEF510->d8255f37-89f1-48d2-bcda-7654f43e2557@group-2C4B92B15373, cid=19, SUCCESS, logIndex=1, commits[d8255f37-89f1-48d2-bcda-7654f43e2557:c1, 49bcc910-1f14-48b7-a318-d2e01e8ffdec:c0, 8cbcd714-dd76-45fa-910f-f3e67512086a:c0]
2019-09-10 18:10:00,930 [Thread-404] INFO  impl.FollowerState (FollowerState.java:run(106)) - 208154af-b43d-417a-8ba8-8a37a4d1ac9e:group-C08312A7C209 changes to CANDIDATE, lastRpcTime:1015, electionTimeout:1004ms
2019-09-10 18:10:00,930 [Thread-404] INFO  impl.RoleInfo (RoleInfo.java:shutdownFollowerState(121)) - 208154af-b43d-417a-8ba8-8a37a4d1ac9e: shutdown FollowerState
2019-09-10 18:10:00,930 [Thread-404] INFO  impl.RaftServerImpl (RaftServerImpl.java:setRole(174)) - 208154af-b43d-417a-8ba8-8a37a4d1ac9e@group-C08312A7C209: changes role from  FOLLOWER to CANDIDATE at term 1 for changeToCandidate
2019-09-10 18:10:00,930 [Thread-404] INFO  impl.RoleInfo (RoleInfo.java:updateAndGet(143)) - 208154af-b43d-417a-8ba8-8a37a4d1ac9e: start LeaderElection
2019-09-10 18:10:00,980 [208154af-b43d-417a-8ba8-8a37a4d1ac9e@group-C08312A7C209:LeaderElection16] INFO  impl.LeaderElection (LeaderElection.java:askForVotes(182)) - 208154af-b43d-417a-8ba8-8a37a4d1ac9e@group-C08312A7C209:LeaderElection16: begin an election at term 2 for -1: [208154af-b43d-417a-8ba8-8a37a4d1ac9e:192.168.36.113:42355, 35230fa9-c917-4625-844b-3841de1822d6:192.168.36.113:41574, 91e32882-d3c6-46ba-a04b-cffc2ba77210:192.168.36.113:46514], old=null
2019-09-10 18:10:00,987 [grpc-default-executor-3] INFO  impl.RaftServerImpl (RaftServerImpl.java:setRole(174)) - 91e32882-d3c6-46ba-a04b-cffc2ba77210@group-C08312A7C209: changes role from  FOLLOWER to FOLLOWER at term 2 for recognizeCandidate:208154af-b43d-417a-8ba8-8a37a4d1ac9e
2019-09-10 18:10:00,987 [grpc-default-executor-1] INFO  impl.RaftServerImpl (RaftServerImpl.java:setRole(174)) - 35230fa9-c917-4625-844b-3841de1822d6@group-C08312A7C209: changes role from  FOLLOWER to FOLLOWER at term 2 for recognizeCandidate:208154af-b43d-417a-8ba8-8a37a4d1ac9e
2019-09-10 18:10:00,987 [grpc-default-executor-3] INFO  impl.RoleInfo (RoleInfo.java:shutdownFollowerState(121)) - 91e32882-d3c6-46ba-a04b-cffc2ba77210: shutdown FollowerState
2019-09-10 18:10:00,987 [grpc-default-executor-1] INFO  impl.RoleInfo (RoleInfo.java:shutdownFollowerState(121)) - 35230fa9-c917-4625-844b-3841de1822d6: shutdown FollowerState
2019-09-10 18:10:00,988 [Thread-406] INFO  impl.FollowerState (FollowerState.java:run(115)) - 91e32882-d3c6-46ba-a04b-cffc2ba77210: FollowerState was interrupted: java.lang.InterruptedException: sleep interrupted
2019-09-10 18:10:00,988 [Thread-407] INFO  impl.FollowerState (FollowerState.java:run(115)) - 35230fa9-c917-4625-844b-3841de1822d6: FollowerState was interrupted: java.lang.InterruptedException: sleep interrupted
2019-09-10 18:10:00,988 [grpc-default-executor-3] INFO  impl.RoleInfo (RoleInfo.java:updateAndGet(143)) - 91e32882-d3c6-46ba-a04b-cffc2ba77210: start FollowerState
2019-09-10 18:10:00,988 [grpc-default-executor-1] INFO  impl.RoleInfo (RoleInfo.java:updateAndGet(143)) - 35230fa9-c917-4625-844b-3841de1822d6: start FollowerState
2019-09-10 18:10:01,023 [208154af-b43d-417a-8ba8-8a37a4d1ac9e@group-C08312A7C209:LeaderElection16] INFO  impl.LeaderElection (LeaderElection.java:logAndReturn(56)) - 208154af-b43d-417a-8ba8-8a37a4d1ac9e@group-C08312A7C209:LeaderElection16: Election PASSED; received 1 response(s) [208154af-b43d-417a-8ba8-8a37a4d1ac9e<-35230fa9-c917-4625-844b-3841de1822d6#0:OK-t2] and 0 exception(s); 208154af-b43d-417a-8ba8-8a37a4d1ac9e@group-C08312A7C209:t2, leader=null, voted=208154af-b43d-417a-8ba8-8a37a4d1ac9e, raftlog=208154af-b43d-417a-8ba8-8a37a4d1ac9e@group-C08312A7C209-SegmentedRaftLog:OPENED:c-1,f-1,i0, conf=-1: [208154af-b43d-417a-8ba8-8a37a4d1ac9e:192.168.36.113:42355, 35230fa9-c917-4625-844b-3841de1822d6:192.168.36.113:41574, 91e32882-d3c6-46ba-a04b-cffc2ba77210:192.168.36.113:46514], old=null
2019-09-10 18:10:01,023 [208154af-b43d-417a-8ba8-8a37a4d1ac9e@group-C08312A7C209:LeaderElection16] INFO  impl.RoleInfo (RoleInfo.java:shutdownLeaderElection(134)) - 208154af-b43d-417a-8ba8-8a37a4d1ac9e: shutdown LeaderElection
2019-09-10 18:10:01,024 [208154af-b43d-417a-8ba8-8a37a4d1ac9e@group-C08312A7C209:LeaderElection16] INFO  impl.RaftServerImpl (RaftServerImpl.java:setRole(174)) - 208154af-b43d-417a-8ba8-8a37a4d1ac9e@group-C08312A7C209: changes role from CANDIDATE to LEADER at term 2 for changeToLeader
2019-09-10 18:10:01,027 [208154af-b43d-417a-8ba8-8a37a4d1ac9e@group-C08312A7C209:LeaderElection16] INFO  impl.RaftServerImpl (ServerState.java:setLeader(253)) - 208154af-b43d-417a-8ba8-8a37a4d1ac9e@group-C08312A7C209: change Leader from null to 208154af-b43d-417a-8ba8-8a37a4d1ac9e at term 2 for becomeLeader, leader elected after 2309ms
2019-09-10 18:10:01,027 [208154af-b43d-417a-8ba8-8a37a4d1ac9e@group-C08312A7C209:LeaderElection16] INFO  server.RaftServerConfigKeys (ConfUtils.java:logGet(43)) - raft.server.staging.catchup.gap = 1000 (default)
2019-09-10 18:10:01,027 [208154af-b43d-417a-8ba8-8a37a4d1ac9e@group-C08312A7C209:LeaderElection16] INFO  server.RaftServerConfigKeys (ConfUtils.java:logGet(43)) - raft.server.rpc.sleep.time = 25ms (default)
2019-09-10 18:10:01,027 [208154af-b43d-417a-8ba8-8a37a4d1ac9e@group-C08312A7C209:LeaderElection16] INFO  server.RaftServerConfigKeys (ConfUtils.java:logGet(43)) - raft.server.write.element-limit = 4096 (default)
2019-09-10 18:10:01,027 [208154af-b43d-417a-8ba8-8a37a4d1ac9e@group-C08312A7C209:LeaderElection16] INFO  server.RaftServerConfigKeys (ConfUtils.java:logGet(43)) - raft.server.watch.timeout = 10s (default)
2019-09-10 18:10:01,028 [208154af-b43d-417a-8ba8-8a37a4d1ac9e@group-C08312A7C209:LeaderElection16] INFO  server.RaftServerConfigKeys (ConfUtils.java:logGet(43)) - raft.server.watch.timeout.denomination = 1s (default)
2019-09-10 18:10:01,028 [208154af-b43d-417a-8ba8-8a37a4d1ac9e@group-C08312A7C209:LeaderElection16] INFO  server.RaftServerConfigKeys (ConfUtils.java:logGet(43)) - raft.server.watch.element-limit = 65536 (default)
2019-09-10 18:10:01,030 [208154af-b43d-417a-8ba8-8a37a4d1ac9e@group-C08312A7C209:LeaderElection16] INFO  server.RaftServerConfigKeys (ConfUtils.java:logGet(43)) - raft.server.log.appender.snapshot.chunk.size.max = 16MB (=16777216) (default)
2019-09-10 18:10:01,030 [208154af-b43d-417a-8ba8-8a37a4d1ac9e@group-C08312A7C209:LeaderElection16] INFO  server.RaftServerConfigKeys (ConfUtils.java:logGet(43)) - raft.server.log.appender.buffer.byte-limit = 33554432 (custom)
2019-09-10 18:10:01,031 [208154af-b43d-417a-8ba8-8a37a4d1ac9e@group-C08312A7C209:LeaderElection16] INFO  server.RaftServerConfigKeys (ConfUtils.java:logGet(43)) - raft.server.log.appender.buffer.element-limit = 1 (custom)
2019-09-10 18:10:01,031 [208154af-b43d-417a-8ba8-8a37a4d1ac9e@group-C08312A7C209:LeaderElection16] INFO  grpc.GrpcConfigKeys$Server (ConfUtils.java:logGet(43)) - raft.grpc.server.leader.outstanding.appends.max = 128 (default)
2019-09-10 18:10:01,031 [208154af-b43d-417a-8ba8-8a37a4d1ac9e@group-C08312A7C209:LeaderElection16] INFO  server.RaftServerConfigKeys (ConfUtils.java:logGet(43)) - raft.server.rpc.request.timeout = 3000ms (default)
2019-09-10 18:10:01,031 [208154af-b43d-417a-8ba8-8a37a4d1ac9e@group-C08312A7C209:LeaderElection16] INFO  server.RaftServerConfigKeys (ConfUtils.java:logGet(43)) - raft.server.log.appender.install.snapshot.enabled = false (custom)
2019-09-10 18:10:01,031 [208154af-b43d-417a-8ba8-8a37a4d1ac9e@group-C08312A7C209:LeaderElection16] INFO  server.RaftServerConfigKeys (ConfUtils.java:logGet(43)) - raft.server.log.appender.snapshot.chunk.size.max = 16MB (=16777216) (default)
2019-09-10 18:10:01,032 [208154af-b43d-417a-8ba8-8a37a4d1ac9e@group-C08312A7C209:LeaderElection16] INFO  server.RaftServerConfigKeys (ConfUtils.java:logGet(43)) - raft.server.log.appender.buffer.byte-limit = 33554432 (custom)
2019-09-10 18:10:01,032 [208154af-b43d-417a-8ba8-8a37a4d1ac9e@group-C08312A7C209:LeaderElection16] INFO  server.RaftServerConfigKeys (ConfUtils.java:logGet(43)) - raft.server.log.appender.buffer.element-limit = 1 (custom)
2019-09-10 18:10:01,032 [208154af-b43d-417a-8ba8-8a37a4d1ac9e@group-C08312A7C209:LeaderElection16] INFO  grpc.GrpcConfigKeys$Server (ConfUtils.java:logGet(43)) - raft.grpc.server.leader.outstanding.appends.max = 128 (default)
2019-09-10 18:10:01,032 [208154af-b43d-417a-8ba8-8a37a4d1ac9e@group-C08312A7C209:LeaderElection16] INFO  server.RaftServerConfigKeys (ConfUtils.java:logGet(43)) - raft.server.rpc.request.timeout = 3000ms (default)
2019-09-10 18:10:01,032 [208154af-b43d-417a-8ba8-8a37a4d1ac9e@group-C08312A7C209:LeaderElection16] INFO  server.RaftServerConfigKeys (ConfUtils.java:logGet(43)) - raft.server.log.appender.install.snapshot.enabled = false (custom)
2019-09-10 18:10:01,033 [208154af-b43d-417a-8ba8-8a37a4d1ac9e@group-C08312A7C209:LeaderElection16] INFO  impl.RoleInfo (RoleInfo.java:updateAndGet(143)) - 208154af-b43d-417a-8ba8-8a37a4d1ac9e: start LeaderState
2019-09-10 18:10:01,033 [208154af-b43d-417a-8ba8-8a37a4d1ac9e@group-C08312A7C209:LeaderElection16] INFO  segmented.SegmentedRaftLogWorker (SegmentedRaftLogWorker.java:startLogSegment(380)) - 208154af-b43d-417a-8ba8-8a37a4d1ac9e@group-C08312A7C209-SegmentedRaftLogWorker: Starting segment from index:0
2019-09-10 18:10:01,033 [208154af-b43d-417a-8ba8-8a37a4d1ac9e@group-C08312A7C209:LeaderElection16] INFO  impl.RaftServerImpl (ServerState.java:setRaftConf(354)) - 208154af-b43d-417a-8ba8-8a37a4d1ac9e@group-C08312A7C209: set configuration 0: [208154af-b43d-417a-8ba8-8a37a4d1ac9e:192.168.36.113:42355, 35230fa9-c917-4625-844b-3841de1822d6:192.168.36.113:41574, 91e32882-d3c6-46ba-a04b-cffc2ba77210:192.168.36.113:46514], old=null at 0
2019-09-10 18:10:01,038 [grpc-default-executor-2] INFO  impl.RaftServerImpl (ServerState.java:setLeader(253)) - 35230fa9-c917-4625-844b-3841de1822d6@group-C08312A7C209: change Leader from null to 208154af-b43d-417a-8ba8-8a37a4d1ac9e at term 2 for appendEntries, leader elected after 2320ms
2019-09-10 18:10:01,038 [grpc-default-executor-0] INFO  impl.RaftServerImpl (ServerState.java:setLeader(253)) - 91e32882-d3c6-46ba-a04b-cffc2ba77210@group-C08312A7C209: change Leader from null to 208154af-b43d-417a-8ba8-8a37a4d1ac9e at term 2 for appendEntries, leader elected after 2319ms
2019-09-10 18:10:01,042 [grpc-default-executor-0] INFO  impl.RaftServerImpl (ServerState.java:setRaftConf(354)) - 35230fa9-c917-4625-844b-3841de1822d6@group-C08312A7C209: set configuration 0: [208154af-b43d-417a-8ba8-8a37a4d1ac9e:192.168.36.113:42355, 35230fa9-c917-4625-844b-3841de1822d6:192.168.36.113:41574, 91e32882-d3c6-46ba-a04b-cffc2ba77210:192.168.36.113:46514], old=null at 0
2019-09-10 18:10:01,043 [grpc-default-executor-0] INFO  segmented.SegmentedRaftLogWorker (SegmentedRaftLogWorker.java:startLogSegment(380)) - 35230fa9-c917-4625-844b-3841de1822d6@group-C08312A7C209-SegmentedRaftLogWorker: Starting segment from index:0
2019-09-10 18:10:01,043 [grpc-default-executor-2] INFO  impl.RaftServerImpl (ServerState.java:setRaftConf(354)) - 91e32882-d3c6-46ba-a04b-cffc2ba77210@group-C08312A7C209: set configuration 0: [208154af-b43d-417a-8ba8-8a37a4d1ac9e:192.168.36.113:42355, 35230fa9-c917-4625-844b-3841de1822d6:192.168.36.113:41574, 91e32882-d3c6-46ba-a04b-cffc2ba77210:192.168.36.113:46514], old=null at 0
2019-09-10 18:10:01,043 [grpc-default-executor-2] INFO  segmented.SegmentedRaftLogWorker (SegmentedRaftLogWorker.java:startLogSegment(380)) - 91e32882-d3c6-46ba-a04b-cffc2ba77210@group-C08312A7C209-SegmentedRaftLogWorker: Starting segment from index:0
2019-09-10 18:10:01,116 [208154af-b43d-417a-8ba8-8a37a4d1ac9e@group-C08312A7C209-SegmentedRaftLogWorker] INFO  segmented.SegmentedRaftLogWorker (SegmentedRaftLogWorker.java:execute(569)) - 208154af-b43d-417a-8ba8-8a37a4d1ac9e@group-C08312A7C209-SegmentedRaftLogWorker: created new log segment /workdir/hadoop-ozone/integration-test/target/test-dir/MiniOzoneClusterImpl-a4bba3eb-5ae6-43ba-8544-0cc5de04918c/datanode-3/data/ratis/fc3a16e9-2f63-4db1-ad0a-c08312a7c209/current/log_inprogress_0
2019-09-10 18:10:01,116 [91e32882-d3c6-46ba-a04b-cffc2ba77210@group-C08312A7C209-SegmentedRaftLogWorker] INFO  segmented.SegmentedRaftLogWorker (SegmentedRaftLogWorker.java:execute(569)) - 91e32882-d3c6-46ba-a04b-cffc2ba77210@group-C08312A7C209-SegmentedRaftLogWorker: created new log segment /workdir/hadoop-ozone/integration-test/target/test-dir/MiniOzoneClusterImpl-a4bba3eb-5ae6-43ba-8544-0cc5de04918c/datanode-4/data/ratis/fc3a16e9-2f63-4db1-ad0a-c08312a7c209/current/log_inprogress_0
2019-09-10 18:10:01,116 [35230fa9-c917-4625-844b-3841de1822d6@group-C08312A7C209-SegmentedRaftLogWorker] INFO  segmented.SegmentedRaftLogWorker (SegmentedRaftLogWorker.java:execute(569)) - 35230fa9-c917-4625-844b-3841de1822d6@group-C08312A7C209-SegmentedRaftLogWorker: created new log segment /workdir/hadoop-ozone/integration-test/target/test-dir/MiniOzoneClusterImpl-a4bba3eb-5ae6-43ba-8544-0cc5de04918c/datanode-2/data/ratis/fc3a16e9-2f63-4db1-ad0a-c08312a7c209/current/log_inprogress_0
2019-09-10 18:10:01,144 [grpc-default-executor-2] INFO  client.GrpcClientProtocolClient (GrpcClientProtocolClient.java:onNext(264)) - client-11D19FBEF510->d8255f37-89f1-48d2-bcda-7654f43e2557: receive RaftClientReply:client-11D19FBEF510->d8255f37-89f1-48d2-bcda-7654f43e2557@group-2C4B92B15373, cid=20, SUCCESS, logIndex=3, commits[d8255f37-89f1-48d2-bcda-7654f43e2557:c8, 49bcc910-1f14-48b7-a318-d2e01e8ffdec:c5, 8cbcd714-dd76-45fa-910f-f3e67512086a:c5]
2019-09-10 18:10:01,150 [grpc-default-executor-2] INFO  client.GrpcClientProtocolClient (GrpcClientProtocolClient.java:onNext(264)) - client-11D19FBEF510->d8255f37-89f1-48d2-bcda-7654f43e2557: receive RaftClientReply:client-11D19FBEF510->d8255f37-89f1-48d2-bcda-7654f43e2557@group-2C4B92B15373, cid=21, SUCCESS, logIndex=4, commits[d8255f37-89f1-48d2-bcda-7654f43e2557:c8, 49bcc910-1f14-48b7-a318-d2e01e8ffdec:c5, 8cbcd714-dd76-45fa-910f-f3e67512086a:c5]
2019-09-10 18:10:01,418 [grpc-default-executor-1] INFO  client.GrpcClientProtocolClient (GrpcClientProtocolClient.java:onNext(264)) - client-11D19FBEF510->d8255f37-89f1-48d2-bcda-7654f43e2557: receive RaftClientReply:client-11D19FBEF510->d8255f37-89f1-48d2-bcda-7654f43e2557@group-2C4B92B15373, cid=22, SUCCESS, logIndex=5, commits[d8255f37-89f1-48d2-bcda-7654f43e2557:c8, 49bcc910-1f14-48b7-a318-d2e01e8ffdec:c5, 8cbcd714-dd76-45fa-910f-f3e67512086a:c5]
2019-09-10 18:10:01,469 [grpc-default-executor-2] INFO  client.GrpcClientProtocolClient (GrpcClientProtocolClient.java:onNext(264)) - client-11D19FBEF510->d8255f37-89f1-48d2-bcda-7654f43e2557: receive RaftClientReply:client-11D19FBEF510->d8255f37-89f1-48d2-bcda-7654f43e2557@group-2C4B92B15373, cid=23, SUCCESS, logIndex=9, commits[d8255f37-89f1-48d2-bcda-7654f43e2557:c10, 49bcc910-1f14-48b7-a318-d2e01e8ffdec:c8, 8cbcd714-dd76-45fa-910f-f3e67512086a:c8]
2019-09-10 18:10:01,470 [grpc-default-executor-2] INFO  client.GrpcClientProtocolClient (GrpcClientProtocolClient.java:onNext(264)) - client-11D19FBEF510->d8255f37-89f1-48d2-bcda-7654f43e2557: receive RaftClientReply:client-11D19FBEF510->d8255f37-89f1-48d2-bcda-7654f43e2557@group-2C4B92B15373, cid=24, SUCCESS, logIndex=10, commits[d8255f37-89f1-48d2-bcda-7654f43e2557:c10, 49bcc910-1f14-48b7-a318-d2e01e8ffdec:c8, 8cbcd714-dd76-45fa-910f-f3e67512086a:c8]
2019-09-10 18:10:01,500 [grpc-default-executor-3] INFO  client.GrpcClientProtocolClient (GrpcClientProtocolClient.java:onNext(264)) - client-11D19FBEF510->d8255f37-89f1-48d2-bcda-7654f43e2557: receive RaftClientReply:client-11D19FBEF510->d8255f37-89f1-48d2-bcda-7654f43e2557@group-2C4B92B15373, cid=25, SUCCESS, logIndex=11, commits[d8255f37-89f1-48d2-bcda-7654f43e2557:c12, 49bcc910-1f14-48b7-a318-d2e01e8ffdec:c9, 8cbcd714-dd76-45fa-910f-f3e67512086a:c9]
2019-09-10 18:10:01,501 [grpc-default-executor-3] INFO  client.GrpcClientProtocolClient (GrpcClientProtocolClient.java:onNext(264)) - client-11D19FBEF510->d8255f37-89f1-48d2-bcda-7654f43e2557: receive RaftClientReply:client-11D19FBEF510->d8255f37-89f1-48d2-bcda-7654f43e2557@group-2C4B92B15373, cid=26, SUCCESS, logIndex=12, commits[d8255f37-89f1-48d2-bcda-7654f43e2557:c14, 49bcc910-1f14-48b7-a318-d2e01e8ffdec:c10, 8cbcd714-dd76-45fa-910f-f3e67512086a:c10]
2019-09-10 18:10:01,539 [grpc-default-executor-2] INFO  client.GrpcClientProtocolClient (GrpcClientProtocolClient.java:onNext(264)) - client-11D19FBEF510->d8255f37-89f1-48d2-bcda-7654f43e2557: receive RaftClientReply:client-11D19FBEF510->d8255f37-89f1-48d2-bcda-7654f43e2557@group-2C4B92B15373, cid=27, SUCCESS, logIndex=0, commits[d8255f37-89f1-48d2-bcda-7654f43e2557:c16, 49bcc910-1f14-48b7-a318-d2e01e8ffdec:c13, 8cbcd714-dd76-45fa-910f-f3e67512086a:c13]
2019-09-10 18:10:04,553 [java.util.concurrent.ThreadPoolExecutor$Worker@517498b8[State = -1, empty queue]] WARN  server.GrpcLogAppender (GrpcLogAppender.java:timeoutAppendRequest(200)) - d8255f37-89f1-48d2-bcda-7654f43e2557@group-2C4B92B15373->8cbcd714-dd76-45fa-910f-f3e67512086a-GrpcLogAppender: appendEntries Timeout, request=d8255f37-89f1-48d2-bcda-7654f43e2557->8cbcd714-dd76-45fa-910f-f3e67512086a#18-t1, previous=(t:1, i:16), leaderCommit=16, initializing? false, entries: size=1, first=(t:1, i:17), STATEMACHINELOGENTRY, client-11D19FBEF510, cid=28
2019-09-10 18:10:04,553 [java.util.concurrent.ThreadPoolExecutor$Worker@3640334d[State = -1, empty queue]] WARN  server.GrpcLogAppender (GrpcLogAppender.java:timeoutAppendRequest(200)) - d8255f37-89f1-48d2-bcda-7654f43e2557@group-2C4B92B15373->49bcc910-1f14-48b7-a318-d2e01e8ffdec-GrpcLogAppender: appendEntries Timeout, request=d8255f37-89f1-48d2-bcda-7654f43e2557->49bcc910-1f14-48b7-a318-d2e01e8ffdec#18-t1, previous=(t:1, i:16), leaderCommit=16, initializing? false, entries: size=1, first=(t:1, i:17), STATEMACHINELOGENTRY, client-11D19FBEF510, cid=28
2019-09-10 18:10:04,557 [java.util.concurrent.ThreadPoolExecutor$Worker@517498b8[State = -1, empty queue]] WARN  server.GrpcLogAppender (GrpcLogAppender.java:timeoutAppendRequest(200)) - d8255f37-89f1-48d2-bcda-7654f43e2557@group-2C4B92B15373->8cbcd714-dd76-45fa-910f-f3e67512086a-GrpcLogAppender: appendEntries Timeout, request=d8255f37-89f1-48d2-bcda-7654f43e2557->8cbcd714-dd76-45fa-910f-f3e67512086a#19-t1, previous=(t:1, i:17), leaderCommit=16, initializing? false, entries: size=1, first=(t:1, i:18), STATEMACHINELOGENTRY, client-11D19FBEF510, cid=29
2019-09-10 18:10:04,559 [java.util.concurrent.ThreadPoolExecutor$Worker@3640334d[State = -1, empty queue]] WARN  server.GrpcLogAppender (GrpcLogAppender.java:timeoutAppendRequest(200)) - d8255f37-89f1-48d2-bcda-7654f43e2557@group-2C4B92B15373->49bcc910-1f14-48b7-a318-d2e01e8ffdec-GrpcLogAppender: appendEntries Timeout, request=d8255f37-89f1-48d2-bcda-7654f43e2557->49bcc910-1f14-48b7-a318-d2e01e8ffdec#19-t1, previous=(t:1, i:17), leaderCommit=16, initializing? false, entries: size=1, first=(t:1, i:18), STATEMACHINELOGENTRY, client-11D19FBEF510, cid=29
2019-09-10 18:10:04,563 [java.util.concurrent.ThreadPoolExecutor$Worker@3640334d[State = -1, empty queue]] WARN  server.GrpcLogAppender (GrpcLogAppender.java:timeoutAppendRequest(200)) - d8255f37-89f1-48d2-bcda-7654f43e2557@group-2C4B92B15373->49bcc910-1f14-48b7-a318-d2e01e8ffdec-GrpcLogAppender: appendEntries Timeout, request=d8255f37-89f1-48d2-bcda-7654f43e2557->49bcc910-1f14-48b7-a318-d2e01e8ffdec#20-t1, previous=(t:1, i:18), leaderCommit=16, initializing? false, entries: size=1, first=(t:1, i:19), STATEMACHINELOGENTRY, client-11D19FBEF510, cid=30
2019-09-10 18:10:04,563 [java.util.concurrent.ThreadPoolExecutor$Worker@3640334d[State = -1, empty queue]] WARN  server.GrpcLogAppender (GrpcLogAppender.java:timeoutAppendRequest(200)) - d8255f37-89f1-48d2-bcda-7654f43e2557@group-2C4B92B15373->49bcc910-1f14-48b7-a318-d2e01e8ffdec-GrpcLogAppender: appendEntries Timeout, request=d8255f37-89f1-48d2-bcda-7654f43e2557->49bcc910-1f14-48b7-a318-d2e01e8ffdec#21-t1, previous=(t:1, i:19), leaderCommit=16, initializing? false, entries: size=1, first=(t:1, i:20), STATEMACHINELOGENTRY, client-11D19FBEF510, cid=31
2019-09-10 18:10:04,563 [java.util.concurrent.ThreadPoolExecutor$Worker@517498b8[State = -1, empty queue]] WARN  server.GrpcLogAppender (GrpcLogAppender.java:timeoutAppendRequest(200)) - d8255f37-89f1-48d2-bcda-7654f43e2557@group-2C4B92B15373->8cbcd714-dd76-45fa-910f-f3e67512086a-GrpcLogAppender: appendEntries Timeout, request=d8255f37-89f1-48d2-bcda-7654f43e2557->8cbcd714-dd76-45fa-910f-f3e67512086a#20-t1, previous=(t:1, i:18), leaderCommit=16, initializing? false, entries: size=1, first=(t:1, i:19), STATEMACHINELOGENTRY, client-11D19FBEF510, cid=30
2019-09-10 18:10:04,565 [java.util.concurrent.ThreadPoolExecutor$Worker@517498b8[State = -1, empty queue]] WARN  server.GrpcLogAppender (GrpcLogAppender.java:timeoutAppendRequest(200)) - d8255f37-89f1-48d2-bcda-7654f43e2557@group-2C4B92B15373->8cbcd714-dd76-45fa-910f-f3e67512086a-GrpcLogAppender: appendEntries Timeout, request=d8255f37-89f1-48d2-bcda-7654f43e2557->8cbcd714-dd76-45fa-910f-f3e67512086a#21-t1, previous=(t:1, i:19), leaderCommit=16, initializing? false, entries: size=1, first=(t:1, i:20), STATEMACHINELOGENTRY, client-11D19FBEF510, cid=31
2019-09-10 18:10:05,065 [java.util.concurrent.ThreadPoolExecutor$Worker@517498b8[State = -1, empty queue]] WARN  server.GrpcLogAppender (GrpcLogAppender.java:timeoutAppendRequest(200)) - d8255f37-89f1-48d2-bcda-7654f43e2557@group-2C4B92B15373->8cbcd714-dd76-45fa-910f-f3e67512086a-GrpcLogAppender: appendEntries Timeout, request=d8255f37-89f1-48d2-bcda-7654f43e2557->8cbcd714-dd76-45fa-910f-f3e67512086a#22-t1, previous=(t:1, i:20), leaderCommit=16, initializing? false, entries: <empty>
2019-09-10 18:10:05,065 [java.util.concurrent.ThreadPoolExecutor$Worker@3640334d[State = -1, empty queue]] WARN  server.GrpcLogAppender (GrpcLogAppender.java:timeoutAppendRequest(200)) - d8255f37-89f1-48d2-bcda-7654f43e2557@group-2C4B92B15373->49bcc910-1f14-48b7-a318-d2e01e8ffdec-GrpcLogAppender: appendEntries Timeout, request=d8255f37-89f1-48d2-bcda-7654f43e2557->49bcc910-1f14-48b7-a318-d2e01e8ffdec#22-t1, previous=(t:1, i:20), leaderCommit=16, initializing? false, entries: <empty>
2019-09-10 18:10:05,565 [java.util.concurrent.ThreadPoolExecutor$Worker@3640334d[State = -1, empty queue]] WARN  server.GrpcLogAppender (GrpcLogAppender.java:timeoutAppendRequest(200)) - d8255f37-89f1-48d2-bcda-7654f43e2557@group-2C4B92B15373->49bcc910-1f14-48b7-a318-d2e01e8ffdec-GrpcLogAppender: appendEntries Timeout, request=d8255f37-89f1-48d2-bcda-7654f43e2557->49bcc910-1f14-48b7-a318-d2e01e8ffdec#23-t1, previous=(t:1, i:20), leaderCommit=16, initializing? false, entries: <empty>
2019-09-10 18:10:05,565 [java.util.concurrent.ThreadPoolExecutor$Worker@517498b8[State = -1, empty queue]] WARN  server.GrpcLogAppender (GrpcLogAppender.java:timeoutAppendRequest(200)) - d8255f37-89f1-48d2-bcda-7654f43e2557@group-2C4B92B15373->8cbcd714-dd76-45fa-910f-f3e67512086a-GrpcLogAppender: appendEntries Timeout, request=d8255f37-89f1-48d2-bcda-7654f43e2557->8cbcd714-dd76-45fa-910f-f3e67512086a#23-t1, previous=(t:1, i:20), leaderCommit=16, initializing? false, entries: <empty>
2019-09-10 18:10:06,066 [java.util.concurrent.ThreadPoolExecutor$Worker@517498b8[State = -1, empty queue]] WARN  server.GrpcLogAppender (GrpcLogAppender.java:timeoutAppendRequest(200)) - d8255f37-89f1-48d2-bcda-7654f43e2557@group-2C4B92B15373->8cbcd714-dd76-45fa-910f-f3e67512086a-GrpcLogAppender: appendEntries Timeout, request=d8255f37-89f1-48d2-bcda-7654f43e2557->8cbcd714-dd76-45fa-910f-f3e67512086a#24-t1, previous=(t:1, i:20), leaderCommit=16, initializing? false, entries: <empty>
2019-09-10 18:10:06,066 [java.util.concurrent.ThreadPoolExecutor$Worker@3640334d[State = -1, empty queue]] WARN  server.GrpcLogAppender (GrpcLogAppender.java:timeoutAppendRequest(200)) - d8255f37-89f1-48d2-bcda-7654f43e2557@group-2C4B92B15373->49bcc910-1f14-48b7-a318-d2e01e8ffdec-GrpcLogAppender: appendEntries Timeout, request=d8255f37-89f1-48d2-bcda-7654f43e2557->49bcc910-1f14-48b7-a318-d2e01e8ffdec#24-t1, previous=(t:1, i:20), leaderCommit=16, initializing? false, entries: <empty>
2019-09-10 18:10:06,567 [java.util.concurrent.ThreadPoolExecutor$Worker@517498b8[State = -1, empty queue]] WARN  server.GrpcLogAppender (GrpcLogAppender.java:timeoutAppendRequest(200)) - d8255f37-89f1-48d2-bcda-7654f43e2557@group-2C4B92B15373->8cbcd714-dd76-45fa-910f-f3e67512086a-GrpcLogAppender: appendEntries Timeout, request=d8255f37-89f1-48d2-bcda-7654f43e2557->8cbcd714-dd76-45fa-910f-f3e67512086a#25-t1, previous=(t:1, i:20), leaderCommit=16, initializing? false, entries: <empty>
2019-09-10 18:10:06,567 [java.util.concurrent.ThreadPoolExecutor$Worker@3640334d[State = -1, empty queue]] WARN  server.GrpcLogAppender (GrpcLogAppender.java:timeoutAppendRequest(200)) - d8255f37-89f1-48d2-bcda-7654f43e2557@group-2C4B92B15373->49bcc910-1f14-48b7-a318-d2e01e8ffdec-GrpcLogAppender: appendEntries Timeout, request=d8255f37-89f1-48d2-bcda-7654f43e2557->49bcc910-1f14-48b7-a318-d2e01e8ffdec#25-t1, previous=(t:1, i:20), leaderCommit=16, initializing? false, entries: <empty>
2019-09-10 18:10:06,667 [grpc-default-executor-2] INFO  client.GrpcClientProtocolClient (GrpcClientProtocolClient.java:onNext(264)) - client-11D19FBEF510->49bcc910-1f14-48b7-a318-d2e01e8ffdec: receive RaftClientReply:client-11D19FBEF510->49bcc910-1f14-48b7-a318-d2e01e8ffdec@group-2C4B92B15373, cid=28, FAILED org.apache.ratis.protocol.NotLeaderException: Server 49bcc910-1f14-48b7-a318-d2e01e8ffdec@group-2C4B92B15373 is not the leader d8255f37-89f1-48d2-bcda-7654f43e2557:192.168.36.113:33855, logIndex=0, commits[49bcc910-1f14-48b7-a318-d2e01e8ffdec:c16, 8cbcd714-dd76-45fa-910f-f3e67512086a:c13, d8255f37-89f1-48d2-bcda-7654f43e2557:c16]
2019-09-10 18:10:07,067 [java.util.concurrent.ThreadPoolExecutor$Worker@517498b8[State = -1, empty queue]] WARN  server.GrpcLogAppender (GrpcLogAppender.java:timeoutAppendRequest(200)) - d8255f37-89f1-48d2-bcda-7654f43e2557@group-2C4B92B15373->8cbcd714-dd76-45fa-910f-f3e67512086a-GrpcLogAppender: appendEntries Timeout, request=d8255f37-89f1-48d2-bcda-7654f43e2557->8cbcd714-dd76-45fa-910f-f3e67512086a#26-t1, previous=(t:1, i:20), leaderCommit=16, initializing? false, entries: <empty>
2019-09-10 18:10:07,067 [java.util.concurrent.ThreadPoolExecutor$Worker@3640334d[State = -1, empty queue]] WARN  server.GrpcLogAppender (GrpcLogAppender.java:timeoutAppendRequest(200)) - d8255f37-89f1-48d2-bcda-7654f43e2557@group-2C4B92B15373->49bcc910-1f14-48b7-a318-d2e01e8ffdec-GrpcLogAppender: appendEntries Timeout, request=d8255f37-89f1-48d2-bcda-7654f43e2557->49bcc910-1f14-48b7-a318-d2e01e8ffdec#26-t1, previous=(t:1, i:20), leaderCommit=16, initializing? false, entries: <empty>
2019-09-10 18:10:07,568 [java.util.concurrent.ThreadPoolExecutor$Worker@517498b8[State = -1, empty queue]] WARN  server.GrpcLogAppender (GrpcLogAppender.java:timeoutAppendRequest(200)) - d8255f37-89f1-48d2-bcda-7654f43e2557@group-2C4B92B15373->8cbcd714-dd76-45fa-910f-f3e67512086a-GrpcLogAppender: appendEntries Timeout, request=d8255f37-89f1-48d2-bcda-7654f43e2557->8cbcd714-dd76-45fa-910f-f3e67512086a#27-t1, previous=(t:1, i:20), leaderCommit=16, initializing? false, entries: <empty>
2019-09-10 18:10:07,568 [java.util.concurrent.ThreadPoolExecutor$Worker@3640334d[State = -1, empty queue]] WARN  server.GrpcLogAppender (GrpcLogAppender.java:timeoutAppendRequest(200)) - d8255f37-89f1-48d2-bcda-7654f43e2557@group-2C4B92B15373->49bcc910-1f14-48b7-a318-d2e01e8ffdec-GrpcLogAppender: appendEntries Timeout, request=d8255f37-89f1-48d2-bcda-7654f43e2557->49bcc910-1f14-48b7-a318-d2e01e8ffdec#27-t1, previous=(t:1, i:20), leaderCommit=16, initializing? false, entries: <empty>
2019-09-10 18:10:08,073 [java.util.concurrent.ThreadPoolExecutor$Worker@517498b8[State = -1, empty queue]] WARN  server.GrpcLogAppender (GrpcLogAppender.java:timeoutAppendRequest(200)) - d8255f37-89f1-48d2-bcda-7654f43e2557@group-2C4B92B15373->8cbcd714-dd76-45fa-910f-f3e67512086a-GrpcLogAppender: appendEntries Timeout, request=d8255f37-89f1-48d2-bcda-7654f43e2557->8cbcd714-dd76-45fa-910f-f3e67512086a#28-t1, previous=(t:1, i:20), leaderCommit=16, initializing? false, entries: <empty>
2019-09-10 18:10:08,073 [java.util.concurrent.ThreadPoolExecutor$Worker@3640334d[State = -1, empty queue]] WARN  server.GrpcLogAppender (GrpcLogAppender.java:timeoutAppendRequest(200)) - d8255f37-89f1-48d2-bcda-7654f43e2557@group-2C4B92B15373->49bcc910-1f14-48b7-a318-d2e01e8ffdec-GrpcLogAppender: appendEntries Timeout, request=d8255f37-89f1-48d2-bcda-7654f43e2557->49bcc910-1f14-48b7-a318-d2e01e8ffdec#28-t1, previous=(t:1, i:20), leaderCommit=16, initializing? false, entries: <empty>
2019-09-10 18:10:08,573 [java.util.concurrent.ThreadPoolExecutor$Worker@3640334d[State = -1, empty queue]] WARN  server.GrpcLogAppender (GrpcLogAppender.java:timeoutAppendRequest(200)) - d8255f37-89f1-48d2-bcda-7654f43e2557@group-2C4B92B15373->49bcc910-1f14-48b7-a318-d2e01e8ffdec-GrpcLogAppender: appendEntries Timeout, request=d8255f37-89f1-48d2-bcda-7654f43e2557->49bcc910-1f14-48b7-a318-d2e01e8ffdec#29-t1, previous=(t:1, i:20), leaderCommit=16, initializing? false, entries: <empty>
2019-09-10 18:10:08,573 [java.util.concurrent.ThreadPoolExecutor$Worker@517498b8[State = -1, empty queue]] WARN  server.GrpcLogAppender (GrpcLogAppender.java:timeoutAppendRequest(200)) - d8255f37-89f1-48d2-bcda-7654f43e2557@group-2C4B92B15373->8cbcd714-dd76-45fa-910f-f3e67512086a-GrpcLogAppender: appendEntries Timeout, request=d8255f37-89f1-48d2-bcda-7654f43e2557->8cbcd714-dd76-45fa-910f-f3e67512086a#29-t1, previous=(t:1, i:20), leaderCommit=16, initializing? false, entries: <empty>
2019-09-10 18:10:09,074 [java.util.concurrent.ThreadPoolExecutor$Worker@3640334d[State = -1, empty queue]] WARN  server.GrpcLogAppender (GrpcLogAppender.java:timeoutAppendRequest(200)) - d8255f37-89f1-48d2-bcda-7654f43e2557@group-2C4B92B15373->49bcc910-1f14-48b7-a318-d2e01e8ffdec-GrpcLogAppender: appendEntries Timeout, request=d8255f37-89f1-48d2-bcda-7654f43e2557->49bcc910-1f14-48b7-a318-d2e01e8ffdec#30-t1, previous=(t:1, i:20), leaderCommit=16, initializing? false, entries: <empty>
2019-09-10 18:10:09,074 [java.util.concurrent.ThreadPoolExecutor$Worker@517498b8[State = -1, empty queue]] WARN  server.GrpcLogAppender (GrpcLogAppender.java:timeoutAppendRequest(200)) - d8255f37-89f1-48d2-bcda-7654f43e2557@group-2C4B92B15373->8cbcd714-dd76-45fa-910f-f3e67512086a-GrpcLogAppender: appendEntries Timeout, request=d8255f37-89f1-48d2-bcda-7654f43e2557->8cbcd714-dd76-45fa-910f-f3e67512086a#30-t1, previous=(t:1, i:20), leaderCommit=16, initializing? false, entries: <empty>
2019-09-10 18:10:09,575 [java.util.concurrent.ThreadPoolExecutor$Worker@517498b8[State = -1, empty queue]] WARN  server.GrpcLogAppender (GrpcLogAppender.java:timeoutAppendRequest(200)) - d8255f37-89f1-48d2-bcda-7654f43e2557@group-2C4B92B15373->8cbcd714-dd76-45fa-910f-f3e67512086a-GrpcLogAppender: appendEntries Timeout, request=d8255f37-89f1-48d2-bcda-7654f43e2557->8cbcd714-dd76-45fa-910f-f3e67512086a#31-t1, previous=(t:1, i:20), leaderCommit=16, initializing? false, entries: <empty>
2019-09-10 18:10:09,575 [java.util.concurrent.ThreadPoolExecutor$Worker@3640334d[State = -1, empty queue]] WARN  server.GrpcLogAppender (GrpcLogAppender.java:timeoutAppendRequest(200)) - d8255f37-89f1-48d2-bcda-7654f43e2557@group-2C4B92B15373->49bcc910-1f14-48b7-a318-d2e01e8ffdec-GrpcLogAppender: appendEntries Timeout, request=d8255f37-89f1-48d2-bcda-7654f43e2557->49bcc910-1f14-48b7-a318-d2e01e8ffdec#31-t1, previous=(t:1, i:20), leaderCommit=16, initializing? false, entries: <empty>
2019-09-10 18:10:10,075 [java.util.concurrent.ThreadPoolExecutor$Worker@517498b8[State = -1, empty queue]] WARN  server.GrpcLogAppender (GrpcLogAppender.java:timeoutAppendRequest(200)) - d8255f37-89f1-48d2-bcda-7654f43e2557@group-2C4B92B15373->8cbcd714-dd76-45fa-910f-f3e67512086a-GrpcLogAppender: appendEntries Timeout, request=d8255f37-89f1-48d2-bcda-7654f43e2557->8cbcd714-dd76-45fa-910f-f3e67512086a#32-t1, previous=(t:1, i:20), leaderCommit=16, initializing? false, entries: <empty>
2019-09-10 18:10:10,075 [java.util.concurrent.ThreadPoolExecutor$Worker@3640334d[State = -1, empty queue]] WARN  server.GrpcLogAppender (GrpcLogAppender.java:timeoutAppendRequest(200)) - d8255f37-89f1-48d2-bcda-7654f43e2557@group-2C4B92B15373->49bcc910-1f14-48b7-a318-d2e01e8ffdec-GrpcLogAppender: appendEntries Timeout, request=d8255f37-89f1-48d2-bcda-7654f43e2557->49bcc910-1f14-48b7-a318-d2e01e8ffdec#32-t1, previous=(t:1, i:20), leaderCommit=16, initializing? false, entries: <empty>
2019-09-10 18:10:10,576 [java.util.concurrent.ThreadPoolExecutor$Worker@517498b8[State = -1, empty queue]] WARN  server.GrpcLogAppender (GrpcLogAppender.java:timeoutAppendRequest(200)) - d8255f37-89f1-48d2-bcda-7654f43e2557@group-2C4B92B15373->8cbcd714-dd76-45fa-910f-f3e67512086a-GrpcLogAppender: appendEntries Timeout, request=d8255f37-89f1-48d2-bcda-7654f43e2557->8cbcd714-dd76-45fa-910f-f3e67512086a#33-t1, previous=(t:1, i:20), leaderCommit=16, initializing? false, entries: <empty>
2019-09-10 18:10:10,576 [java.util.concurrent.ThreadPoolExecutor$Worker@3640334d[State = -1, empty queue]] WARN  server.GrpcLogAppender (GrpcLogAppender.java:timeoutAppendRequest(200)) - d8255f37-89f1-48d2-bcda-7654f43e2557@group-2C4B92B15373->49bcc910-1f14-48b7-a318-d2e01e8ffdec-GrpcLogAppender: appendEntries Timeout, request=d8255f37-89f1-48d2-bcda-7654f43e2557->49bcc910-1f14-48b7-a318-d2e01e8ffdec#33-t1, previous=(t:1, i:20), leaderCommit=16, initializing? false, entries: <empty>
2019-09-10 18:10:11,076 [java.util.concurrent.ThreadPoolExecutor$Worker@517498b8[State = -1, empty queue]] WARN  server.GrpcLogAppender (GrpcLogAppender.java:timeoutAppendRequest(200)) - d8255f37-89f1-48d2-bcda-7654f43e2557@group-2C4B92B15373->8cbcd714-dd76-45fa-910f-f3e67512086a-GrpcLogAppender: appendEntries Timeout, request=d8255f37-89f1-48d2-bcda-7654f43e2557->8cbcd714-dd76-45fa-910f-f3e67512086a#34-t1, previous=(t:1, i:20), leaderCommit=16, initializing? false, entries: <empty>
2019-09-10 18:10:11,076 [java.util.concurrent.ThreadPoolExecutor$Worker@3640334d[State = -1, empty queue]] WARN  server.GrpcLogAppender (GrpcLogAppender.java:timeoutAppendRequest(200)) - d8255f37-89f1-48d2-bcda-7654f43e2557@group-2C4B92B15373->49bcc910-1f14-48b7-a318-d2e01e8ffdec-GrpcLogAppender: appendEntries Timeout, request=d8255f37-89f1-48d2-bcda-7654f43e2557->49bcc910-1f14-48b7-a318-d2e01e8ffdec#34-t1, previous=(t:1, i:20), leaderCommit=16, initializing? false, entries: <empty>
2019-09-10 18:10:11,577 [java.util.concurrent.ThreadPoolExecutor$Worker@517498b8[State = -1, empty queue]] WARN  server.GrpcLogAppender (GrpcLogAppender.java:timeoutAppendRequest(200)) - d8255f37-89f1-48d2-bcda-7654f43e2557@group-2C4B92B15373->8cbcd714-dd76-45fa-910f-f3e67512086a-GrpcLogAppender: appendEntries Timeout, request=d8255f37-89f1-48d2-bcda-7654f43e2557->8cbcd714-dd76-45fa-910f-f3e67512086a#35-t1, previous=(t:1, i:20), leaderCommit=16, initializing? false, entries: <empty>
2019-09-10 18:10:11,577 [java.util.concurrent.ThreadPoolExecutor$Worker@3640334d[State = -1, empty queue]] WARN  server.GrpcLogAppender (GrpcLogAppender.java:timeoutAppendRequest(200)) - d8255f37-89f1-48d2-bcda-7654f43e2557@group-2C4B92B15373->49bcc910-1f14-48b7-a318-d2e01e8ffdec-GrpcLogAppender: appendEntries Timeout, request=d8255f37-89f1-48d2-bcda-7654f43e2557->49bcc910-1f14-48b7-a318-d2e01e8ffdec#35-t1, previous=(t:1, i:20), leaderCommit=16, initializing? false, entries: <empty>
2019-09-10 18:10:11,737 [grpc-default-executor-3] INFO  client.GrpcClientProtocolClient (GrpcClientProtocolClient.java:onNext(264)) - client-11D19FBEF510->8cbcd714-dd76-45fa-910f-f3e67512086a: receive RaftClientReply:client-11D19FBEF510->8cbcd714-dd76-45fa-910f-f3e67512086a@group-2C4B92B15373, cid=28, FAILED org.apache.ratis.protocol.NotLeaderException: Server 8cbcd714-dd76-45fa-910f-f3e67512086a@group-2C4B92B15373 is not the leader d8255f37-89f1-48d2-bcda-7654f43e2557:192.168.36.113:33855, logIndex=0, commits[8cbcd714-dd76-45fa-910f-f3e67512086a:c16, 49bcc910-1f14-48b7-a318-d2e01e8ffdec:c13, d8255f37-89f1-48d2-bcda-7654f43e2557:c16]
2019-09-10 18:10:12,077 [java.util.concurrent.ThreadPoolExecutor$Worker@517498b8[State = -1, empty queue]] WARN  server.GrpcLogAppender (GrpcLogAppender.java:timeoutAppendRequest(200)) - d8255f37-89f1-48d2-bcda-7654f43e2557@group-2C4B92B15373->8cbcd714-dd76-45fa-910f-f3e67512086a-GrpcLogAppender: appendEntries Timeout, request=d8255f37-89f1-48d2-bcda-7654f43e2557->8cbcd714-dd76-45fa-910f-f3e67512086a#36-t1, previous=(t:1, i:20), leaderCommit=16, initializing? false, entries: <empty>
2019-09-10 18:10:12,078 [java.util.concurrent.ThreadPoolExecutor$Worker@3640334d[State = -1, empty queue]] WARN  server.GrpcLogAppender (GrpcLogAppender.java:timeoutAppendRequest(200)) - d8255f37-89f1-48d2-bcda-7654f43e2557@group-2C4B92B15373->49bcc910-1f14-48b7-a318-d2e01e8ffdec-GrpcLogAppender: appendEntries Timeout, request=d8255f37-89f1-48d2-bcda-7654f43e2557->49bcc910-1f14-48b7-a318-d2e01e8ffdec#36-t1, previous=(t:1, i:20), leaderCommit=16, initializing? false, entries: <empty>
2019-09-10 18:10:12,185 [d8255f37-89f1-48d2-bcda-7654f43e2557@group-2C4B92B15373-SegmentedRaftLogWorker] WARN  segmented.SegmentedRaftLogWorker (SegmentedRaftLogWorker.java:getFromFuture(90)) - Timeout 0/~
org.apache.ratis.protocol.TimeoutIOException: Timeout 10s: WriteLog:19: (t:1, i:19), STATEMACHINELOGENTRY, client-11D19FBEF510, cid=30-writeStateMachineData
	at org.apache.ratis.util.IOUtils.getFromFuture(IOUtils.java:87)
	at org.apache.ratis.server.raftlog.segmented.SegmentedRaftLogWorker$StateMachineDataPolicy.getFromFuture(SegmentedRaftLogWorker.java:87)
	at org.apache.ratis.server.raftlog.segmented.SegmentedRaftLogWorker$WriteLog.execute(SegmentedRaftLogWorker.java:477)
	at org.apache.ratis.server.raftlog.segmented.SegmentedRaftLogWorker.run(SegmentedRaftLogWorker.java:289)
	at java.lang.Thread.run(Thread.java:748)
Caused by: java.util.concurrent.TimeoutException
	at java.util.concurrent.CompletableFuture.timedGet(CompletableFuture.java:1771)
	at java.util.concurrent.CompletableFuture.get(CompletableFuture.java:1915)
	at org.apache.ratis.util.IOUtils.getFromFuture(IOUtils.java:79)
	... 4 more
2019-09-10 18:10:12,185 [49bcc910-1f14-48b7-a318-d2e01e8ffdec@group-2C4B92B15373-SegmentedRaftLogWorker] WARN  segmented.SegmentedRaftLogWorker (SegmentedRaftLogWorker.java:getFromFuture(90)) - Timeout 0/~
org.apache.ratis.protocol.TimeoutIOException: Timeout 10s: WriteLog:19: (t:1, i:19), STATEMACHINELOGENTRY, client-11D19FBEF510, cid=30-writeStateMachineData
	at org.apache.ratis.util.IOUtils.getFromFuture(IOUtils.java:87)
	at org.apache.ratis.server.raftlog.segmented.SegmentedRaftLogWorker$StateMachineDataPolicy.getFromFuture(SegmentedRaftLogWorker.java:87)
	at org.apache.ratis.server.raftlog.segmented.SegmentedRaftLogWorker$WriteLog.execute(SegmentedRaftLogWorker.java:477)
	at org.apache.ratis.server.raftlog.segmented.SegmentedRaftLogWorker.run(SegmentedRaftLogWorker.java:289)
	at java.lang.Thread.run(Thread.java:748)
Caused by: java.util.concurrent.TimeoutException
	at java.util.concurrent.CompletableFuture.timedGet(CompletableFuture.java:1771)
	at java.util.concurrent.CompletableFuture.get(CompletableFuture.java:1915)
	at org.apache.ratis.util.IOUtils.getFromFuture(IOUtils.java:79)
	... 4 more
2019-09-10 18:10:12,185 [8cbcd714-dd76-45fa-910f-f3e67512086a@group-2C4B92B15373-SegmentedRaftLogWorker] WARN  segmented.SegmentedRaftLogWorker (SegmentedRaftLogWorker.java:getFromFuture(90)) - Timeout 0/~
org.apache.ratis.protocol.TimeoutIOException: Timeout 10s: WriteLog:19: (t:1, i:19), STATEMACHINELOGENTRY, client-11D19FBEF510, cid=30-writeStateMachineData
	at org.apache.ratis.util.IOUtils.getFromFuture(IOUtils.java:87)
	at org.apache.ratis.server.raftlog.segmented.SegmentedRaftLogWorker$StateMachineDataPolicy.getFromFuture(SegmentedRaftLogWorker.java:87)
	at org.apache.ratis.server.raftlog.segmented.SegmentedRaftLogWorker$WriteLog.execute(SegmentedRaftLogWorker.java:477)
	at org.apache.ratis.server.raftlog.segmented.SegmentedRaftLogWorker.run(SegmentedRaftLogWorker.java:289)
	at java.lang.Thread.run(Thread.java:748)
Caused by: java.util.concurrent.TimeoutException
	at java.util.concurrent.CompletableFuture.timedGet(CompletableFuture.java:1771)
	at java.util.concurrent.CompletableFuture.get(CompletableFuture.java:1915)
	at org.apache.ratis.util.IOUtils.getFromFuture(IOUtils.java:79)
	... 4 more
2019-09-10 18:10:12,578 [java.util.concurrent.ThreadPoolExecutor$Worker@517498b8[State = -1, empty queue]] WARN  server.GrpcLogAppender (GrpcLogAppender.java:timeoutAppendRequest(200)) - d8255f37-89f1-48d2-bcda-7654f43e2557@group-2C4B92B15373->8cbcd714-dd76-45fa-910f-f3e67512086a-GrpcLogAppender: appendEntries Timeout, request=d8255f37-89f1-48d2-bcda-7654f43e2557->8cbcd714-dd76-45fa-910f-f3e67512086a#37-t1, previous=(t:1, i:20), leaderCommit=16, initializing? false, entries: <empty>
2019-09-10 18:10:12,578 [java.util.concurrent.ThreadPoolExecutor$Worker@3640334d[State = -1, empty queue]] WARN  server.GrpcLogAppender (GrpcLogAppender.java:timeoutAppendRequest(200)) - d8255f37-89f1-48d2-bcda-7654f43e2557@group-2C4B92B15373->49bcc910-1f14-48b7-a318-d2e01e8ffdec-GrpcLogAppender: appendEntries Timeout, request=d8255f37-89f1-48d2-bcda-7654f43e2557->49bcc910-1f14-48b7-a318-d2e01e8ffdec#37-t1, previous=(t:1, i:20), leaderCommit=16, initializing? false, entries: <empty>
2019-09-10 18:10:13,079 [java.util.concurrent.ThreadPoolExecutor$Worker@3640334d[State = -1, empty queue]] WARN  server.GrpcLogAppender (GrpcLogAppender.java:timeoutAppendRequest(200)) - d8255f37-89f1-48d2-bcda-7654f43e2557@group-2C4B92B15373->49bcc910-1f14-48b7-a318-d2e01e8ffdec-GrpcLogAppender: appendEntries Timeout, request=d8255f37-89f1-48d2-bcda-7654f43e2557->49bcc910-1f14-48b7-a318-d2e01e8ffdec#38-t1, previous=(t:1, i:20), leaderCommit=16, initializing? false, entries: <empty>
2019-09-10 18:10:13,079 [java.util.concurrent.ThreadPoolExecutor$Worker@517498b8[State = -1, empty queue]] WARN  server.GrpcLogAppender (GrpcLogAppender.java:timeoutAppendRequest(200)) - d8255f37-89f1-48d2-bcda-7654f43e2557@group-2C4B92B15373->8cbcd714-dd76-45fa-910f-f3e67512086a-GrpcLogAppender: appendEntries Timeout, request=d8255f37-89f1-48d2-bcda-7654f43e2557->8cbcd714-dd76-45fa-910f-f3e67512086a#38-t1, previous=(t:1, i:20), leaderCommit=16, initializing? false, entries: <empty>
2019-09-10 18:10:13,579 [java.util.concurrent.ThreadPoolExecutor$Worker@3640334d[State = -1, empty queue]] WARN  server.GrpcLogAppender (GrpcLogAppender.java:timeoutAppendRequest(200)) - d8255f37-89f1-48d2-bcda-7654f43e2557@group-2C4B92B15373->49bcc910-1f14-48b7-a318-d2e01e8ffdec-GrpcLogAppender: appendEntries Timeout, request=d8255f37-89f1-48d2-bcda-7654f43e2557->49bcc910-1f14-48b7-a318-d2e01e8ffdec#39-t1, previous=(t:1, i:20), leaderCommit=16, initializing? false, entries: <empty>
2019-09-10 18:10:13,579 [java.util.concurrent.ThreadPoolExecutor$Worker@517498b8[State = -1, empty queue]] WARN  server.GrpcLogAppender (GrpcLogAppender.java:timeoutAppendRequest(200)) - d8255f37-89f1-48d2-bcda-7654f43e2557@group-2C4B92B15373->8cbcd714-dd76-45fa-910f-f3e67512086a-GrpcLogAppender: appendEntries Timeout, request=d8255f37-89f1-48d2-bcda-7654f43e2557->8cbcd714-dd76-45fa-910f-f3e67512086a#39-t1, previous=(t:1, i:20), leaderCommit=16, initializing? false, entries: <empty>
2019-09-10 18:10:14,080 [java.util.concurrent.ThreadPoolExecutor$Worker@3640334d[State = -1, empty queue]] WARN  server.GrpcLogAppender (GrpcLogAppender.java:timeoutAppendRequest(200)) - d8255f37-89f1-48d2-bcda-7654f43e2557@group-2C4B92B15373->49bcc910-1f14-48b7-a318-d2e01e8ffdec-GrpcLogAppender: appendEntries Timeout, request=d8255f37-89f1-48d2-bcda-7654f43e2557->49bcc910-1f14-48b7-a318-d2e01e8ffdec#40-t1, previous=(t:1, i:20), leaderCommit=16, initializing? false, entries: <empty>
2019-09-10 18:10:14,080 [java.util.concurrent.ThreadPoolExecutor$Worker@517498b8[State = -1, empty queue]] WARN  server.GrpcLogAppender (GrpcLogAppender.java:timeoutAppendRequest(200)) - d8255f37-89f1-48d2-bcda-7654f43e2557@group-2C4B92B15373->8cbcd714-dd76-45fa-910f-f3e67512086a-GrpcLogAppender: appendEntries Timeout, request=d8255f37-89f1-48d2-bcda-7654f43e2557->8cbcd714-dd76-45fa-910f-f3e67512086a#40-t1, previous=(t:1, i:20), leaderCommit=16, initializing? false, entries: <empty>
2019-09-10 18:10:14,580 [java.util.concurrent.ThreadPoolExecutor$Worker@3640334d[State = -1, empty queue]] WARN  server.GrpcLogAppender (GrpcLogAppender.java:timeoutAppendRequest(200)) - d8255f37-89f1-48d2-bcda-7654f43e2557@group-2C4B92B15373->49bcc910-1f14-48b7-a318-d2e01e8ffdec-GrpcLogAppender: appendEntries Timeout, request=d8255f37-89f1-48d2-bcda-7654f43e2557->49bcc910-1f14-48b7-a318-d2e01e8ffdec#41-t1, previous=(t:1, i:20), leaderCommit=16, initializing? false, entries: <empty>
2019-09-10 18:10:14,580 [java.util.concurrent.ThreadPoolExecutor$Worker@517498b8[State = -1, empty queue]] WARN  server.GrpcLogAppender (GrpcLogAppender.java:timeoutAppendRequest(200)) - d8255f37-89f1-48d2-bcda-7654f43e2557@group-2C4B92B15373->8cbcd714-dd76-45fa-910f-f3e67512086a-GrpcLogAppender: appendEntries Timeout, request=d8255f37-89f1-48d2-bcda-7654f43e2557->8cbcd714-dd76-45fa-910f-f3e67512086a#41-t1, previous=(t:1, i:20), leaderCommit=16, initializing? false, entries: <empty>
2019-09-10 18:10:15,082 [java.util.concurrent.ThreadPoolExecutor$Worker@3640334d[State = -1, empty queue]] WARN  server.GrpcLogAppender (GrpcLogAppender.java:timeoutAppendRequest(200)) - d8255f37-89f1-48d2-bcda-7654f43e2557@group-2C4B92B15373->49bcc910-1f14-48b7-a318-d2e01e8ffdec-GrpcLogAppender: appendEntries Timeout, request=d8255f37-89f1-48d2-bcda-7654f43e2557->49bcc910-1f14-48b7-a318-d2e01e8ffdec#42-t1, previous=(t:1, i:20), leaderCommit=16, initializing? false, entries: <empty>
2019-09-10 18:10:15,082 [java.util.concurrent.ThreadPoolExecutor$Worker@517498b8[State = -1, empty queue]] WARN  server.GrpcLogAppender (GrpcLogAppender.java:timeoutAppendRequest(200)) - d8255f37-89f1-48d2-bcda-7654f43e2557@group-2C4B92B15373->8cbcd714-dd76-45fa-910f-f3e67512086a-GrpcLogAppender: appendEntries Timeout, request=d8255f37-89f1-48d2-bcda-7654f43e2557->8cbcd714-dd76-45fa-910f-f3e67512086a#42-t1, previous=(t:1, i:20), leaderCommit=16, initializing? false, entries: <empty>
2019-09-10 18:10:15,582 [java.util.concurrent.ThreadPoolExecutor$Worker@517498b8[State = -1, empty queue]] WARN  server.GrpcLogAppender (GrpcLogAppender.java:timeoutAppendRequest(200)) - d8255f37-89f1-48d2-bcda-7654f43e2557@group-2C4B92B15373->8cbcd714-dd76-45fa-910f-f3e67512086a-GrpcLogAppender: appendEntries Timeout, request=d8255f37-89f1-48d2-bcda-7654f43e2557->8cbcd714-dd76-45fa-910f-f3e67512086a#43-t1, previous=(t:1, i:20), leaderCommit=16, initializing? false, entries: <empty>
2019-09-10 18:10:15,582 [java.util.concurrent.ThreadPoolExecutor$Worker@3640334d[State = -1, empty queue]] WARN  server.GrpcLogAppender (GrpcLogAppender.java:timeoutAppendRequest(200)) - d8255f37-89f1-48d2-bcda-7654f43e2557@group-2C4B92B15373->49bcc910-1f14-48b7-a318-d2e01e8ffdec-GrpcLogAppender: appendEntries Timeout, request=d8255f37-89f1-48d2-bcda-7654f43e2557->49bcc910-1f14-48b7-a318-d2e01e8ffdec#43-t1, previous=(t:1, i:20), leaderCommit=16, initializing? false, entries: <empty>
2019-09-10 18:10:16,082 [java.util.concurrent.ThreadPoolExecutor$Worker@3640334d[State = -1, empty queue]] WARN  server.GrpcLogAppender (GrpcLogAppender.java:timeoutAppendRequest(200)) - d8255f37-89f1-48d2-bcda-7654f43e2557@group-2C4B92B15373->49bcc910-1f14-48b7-a318-d2e01e8ffdec-GrpcLogAppender: appendEntries Timeout, request=d8255f37-89f1-48d2-bcda-7654f43e2557->49bcc910-1f14-48b7-a318-d2e01e8ffdec#44-t1, previous=(t:1, i:20), leaderCommit=16, initializing? false, entries: <empty>
2019-09-10 18:10:16,082 [java.util.concurrent.ThreadPoolExecutor$Worker@517498b8[State = -1, empty queue]] WARN  server.GrpcLogAppender (GrpcLogAppender.java:timeoutAppendRequest(200)) - d8255f37-89f1-48d2-bcda-7654f43e2557@group-2C4B92B15373->8cbcd714-dd76-45fa-910f-f3e67512086a-GrpcLogAppender: appendEntries Timeout, request=d8255f37-89f1-48d2-bcda-7654f43e2557->8cbcd714-dd76-45fa-910f-f3e67512086a#44-t1, previous=(t:1, i:20), leaderCommit=16, initializing? false, entries: <empty>
2019-09-10 18:10:16,584 [java.util.concurrent.ThreadPoolExecutor$Worker@517498b8[State = -1, empty queue]] WARN  server.GrpcLogAppender (GrpcLogAppender.java:timeoutAppendRequest(200)) - d8255f37-89f1-48d2-bcda-7654f43e2557@group-2C4B92B15373->8cbcd714-dd76-45fa-910f-f3e67512086a-GrpcLogAppender: appendEntries Timeout, request=d8255f37-89f1-48d2-bcda-7654f43e2557->8cbcd714-dd76-45fa-910f-f3e67512086a#45-t1, previous=(t:1, i:20), leaderCommit=16, initializing? false, entries: <empty>
2019-09-10 18:10:16,584 [java.util.concurrent.ThreadPoolExecutor$Worker@3640334d[State = -1, empty queue]] WARN  server.GrpcLogAppender (GrpcLogAppender.java:timeoutAppendRequest(200)) - d8255f37-89f1-48d2-bcda-7654f43e2557@group-2C4B92B15373->49bcc910-1f14-48b7-a318-d2e01e8ffdec-GrpcLogAppender: appendEntries Timeout, request=d8255f37-89f1-48d2-bcda-7654f43e2557->49bcc910-1f14-48b7-a318-d2e01e8ffdec#45-t1, previous=(t:1, i:20), leaderCommit=16, initializing? false, entries: <empty>
2019-09-10 18:10:16,827 [grpc-default-executor-2] INFO  client.GrpcClientProtocolClient (GrpcClientProtocolClient.java:onNext(264)) - client-11D19FBEF510->8cbcd714-dd76-45fa-910f-f3e67512086a: receive RaftClientReply:client-11D19FBEF510->8cbcd714-dd76-45fa-910f-f3e67512086a@group-2C4B92B15373, cid=28, FAILED org.apache.ratis.protocol.NotLeaderException: Server 8cbcd714-dd76-45fa-910f-f3e67512086a@group-2C4B92B15373 is not the leader d8255f37-89f1-48d2-bcda-7654f43e2557:192.168.36.113:33855, logIndex=0, commits[8cbcd714-dd76-45fa-910f-f3e67512086a:c16, 49bcc910-1f14-48b7-a318-d2e01e8ffdec:c13, d8255f37-89f1-48d2-bcda-7654f43e2557:c16]
2019-09-10 18:10:17,083 [java.util.concurrent.ThreadPoolExecutor$Worker@3640334d[State = -1, empty queue]] WARN  server.GrpcLogAppender (GrpcLogAppender.java:timeoutAppendRequest(200)) - d8255f37-89f1-48d2-bcda-7654f43e2557@group-2C4B92B15373->49bcc910-1f14-48b7-a318-d2e01e8ffdec-GrpcLogAppender: appendEntries Timeout, request=d8255f37-89f1-48d2-bcda-7654f43e2557->49bcc910-1f14-48b7-a318-d2e01e8ffdec#46-t1, previous=(t:1, i:20), leaderCommit=16, initializing? false, entries: <empty>
2019-09-10 18:10:17,084 [java.util.concurrent.ThreadPoolExecutor$Worker@517498b8[State = -1, empty queue]] WARN  server.GrpcLogAppender (GrpcLogAppender.java:timeoutAppendRequest(200)) - d8255f37-89f1-48d2-bcda-7654f43e2557@group-2C4B92B15373->8cbcd714-dd76-45fa-910f-f3e67512086a-GrpcLogAppender: appendEntries Timeout, request=d8255f37-89f1-48d2-bcda-7654f43e2557->8cbcd714-dd76-45fa-910f-f3e67512086a#46-t1, previous=(t:1, i:20), leaderCommit=16, initializing? false, entries: <empty>
2019-09-10 18:10:17,584 [java.util.concurrent.ThreadPoolExecutor$Worker@3640334d[State = -1, empty queue]] WARN  server.GrpcLogAppender (GrpcLogAppender.java:timeoutAppendRequest(200)) - d8255f37-89f1-48d2-bcda-7654f43e2557@group-2C4B92B15373->49bcc910-1f14-48b7-a318-d2e01e8ffdec-GrpcLogAppender: appendEntries Timeout, request=d8255f37-89f1-48d2-bcda-7654f43e2557->49bcc910-1f14-48b7-a318-d2e01e8ffdec#47-t1, previous=(t:1, i:20), leaderCommit=16, initializing? false, entries: <empty>
2019-09-10 18:10:17,584 [java.util.concurrent.ThreadPoolExecutor$Worker@517498b8[State = -1, empty queue]] WARN  server.GrpcLogAppender (GrpcLogAppender.java:timeoutAppendRequest(200)) - d8255f37-89f1-48d2-bcda-7654f43e2557@group-2C4B92B15373->8cbcd714-dd76-45fa-910f-f3e67512086a-GrpcLogAppender: appendEntries Timeout, request=d8255f37-89f1-48d2-bcda-7654f43e2557->8cbcd714-dd76-45fa-910f-f3e67512086a#47-t1, previous=(t:1, i:20), leaderCommit=16, initializing? false, entries: <empty>
2019-09-10 18:10:18,084 [java.util.concurrent.ThreadPoolExecutor$Worker@3640334d[State = -1, empty queue]] WARN  server.GrpcLogAppender (GrpcLogAppender.java:timeoutAppendRequest(200)) - d8255f37-89f1-48d2-bcda-7654f43e2557@group-2C4B92B15373->49bcc910-1f14-48b7-a318-d2e01e8ffdec-GrpcLogAppender: appendEntries Timeout, request=d8255f37-89f1-48d2-bcda-7654f43e2557->49bcc910-1f14-48b7-a318-d2e01e8ffdec#48-t1, previous=(t:1, i:20), leaderCommit=16, initializing? false, entries: <empty>
2019-09-10 18:10:18,085 [java.util.concurrent.ThreadPoolExecutor$Worker@517498b8[State = -1, empty queue]] WARN  server.GrpcLogAppender (GrpcLogAppender.java:timeoutAppendRequest(200)) - d8255f37-89f1-48d2-bcda-7654f43e2557@group-2C4B92B15373->8cbcd714-dd76-45fa-910f-f3e67512086a-GrpcLogAppender: appendEntries Timeout, request=d8255f37-89f1-48d2-bcda-7654f43e2557->8cbcd714-dd76-45fa-910f-f3e67512086a#48-t1, previous=(t:1, i:20), leaderCommit=16, initializing? false, entries: <empty>
2019-09-10 18:10:18,585 [java.util.concurrent.ThreadPoolExecutor$Worker@3640334d[State = -1, empty queue]] WARN  server.GrpcLogAppender (GrpcLogAppender.java:timeoutAppendRequest(200)) - d8255f37-89f1-48d2-bcda-7654f43e2557@group-2C4B92B15373->49bcc910-1f14-48b7-a318-d2e01e8ffdec-GrpcLogAppender: appendEntries Timeout, request=d8255f37-89f1-48d2-bcda-7654f43e2557->49bcc910-1f14-48b7-a318-d2e01e8ffdec#49-t1, previous=(t:1, i:20), leaderCommit=16, initializing? false, entries: <empty>
2019-09-10 18:10:18,585 [java.util.concurrent.ThreadPoolExecutor$Worker@517498b8[State = -1, empty queue]] WARN  server.GrpcLogAppender (GrpcLogAppender.java:timeoutAppendRequest(200)) - d8255f37-89f1-48d2-bcda-7654f43e2557@group-2C4B92B15373->8cbcd714-dd76-45fa-910f-f3e67512086a-GrpcLogAppender: appendEntries Timeout, request=d8255f37-89f1-48d2-bcda-7654f43e2557->8cbcd714-dd76-45fa-910f-f3e67512086a#49-t1, previous=(t:1, i:20), leaderCommit=16, initializing? false, entries: <empty>
2019-09-10 18:10:19,085 [java.util.concurrent.ThreadPoolExecutor$Worker@3640334d[State = -1, empty queue]] WARN  server.GrpcLogAppender (GrpcLogAppender.java:timeoutAppendRequest(200)) - d8255f37-89f1-48d2-bcda-7654f43e2557@group-2C4B92B15373->49bcc910-1f14-48b7-a318-d2e01e8ffdec-GrpcLogAppender: appendEntries Timeout, request=d8255f37-89f1-48d2-bcda-7654f43e2557->49bcc910-1f14-48b7-a318-d2e01e8ffdec#50-t1, previous=(t:1, i:20), leaderCommit=16, initializing? false, entries: <empty>
2019-09-10 18:10:19,086 [java.util.concurrent.ThreadPoolExecutor$Worker@517498b8[State = -1, empty queue]] WARN  server.GrpcLogAppender (GrpcLogAppender.java:timeoutAppendRequest(200)) - d8255f37-89f1-48d2-bcda-7654f43e2557@group-2C4B92B15373->8cbcd714-dd76-45fa-910f-f3e67512086a-GrpcLogAppender: appendEntries Timeout, request=d8255f37-89f1-48d2-bcda-7654f43e2557->8cbcd714-dd76-45fa-910f-f3e67512086a#50-t1, previous=(t:1, i:20), leaderCommit=16, initializing? false, entries: <empty>
2019-09-10 18:10:19,586 [java.util.concurrent.ThreadPoolExecutor$Worker@3640334d[State = -1, empty queue]] WARN  server.GrpcLogAppender (GrpcLogAppender.java:timeoutAppendRequest(200)) - d8255f37-89f1-48d2-bcda-7654f43e2557@group-2C4B92B15373->49bcc910-1f14-48b7-a318-d2e01e8ffdec-GrpcLogAppender: appendEntries Timeout, request=d8255f37-89f1-48d2-bcda-7654f43e2557->49bcc910-1f14-48b7-a318-d2e01e8ffdec#51-t1, previous=(t:1, i:20), leaderCommit=16, initializing? false, entries: <empty>
2019-09-10 18:10:19,586 [java.util.concurrent.ThreadPoolExecutor$Worker@517498b8[State = -1, empty queue]] WARN  server.GrpcLogAppender (GrpcLogAppender.java:timeoutAppendRequest(200)) - d8255f37-89f1-48d2-bcda-7654f43e2557@group-2C4B92B15373->8cbcd714-dd76-45fa-910f-f3e67512086a-GrpcLogAppender: appendEntries Timeout, request=d8255f37-89f1-48d2-bcda-7654f43e2557->8cbcd714-dd76-45fa-910f-f3e67512086a#51-t1, previous=(t:1, i:20), leaderCommit=16, initializing? false, entries: <empty>
2019-09-10 18:10:19,865 [main] WARN  io.KeyOutputStream (KeyOutputStream.java:handleException(276)) - Encountered exception java.io.IOException: Unexpected Storage Container Exception: java.util.concurrent.CompletionException: java.util.concurrent.CompletionException: org.apache.ratis.protocol.RaftRetryFailureException: Failed RaftClientRequest:client-11D19FBEF510->d8255f37-89f1-48d2-bcda-7654f43e2557@group-2C4B92B15373, cid=28, seq=9*, RW, org.apache.hadoop.hdds.scm.XceiverClientRatis$$Lambda$419/1444500451@7deeda41 for 10 attempts with RetryLimited(maxAttempts=10, sleepTime=1000ms) on the pipeline Pipeline[ Id: 3154d7c5-eea6-48f1-8d1f-2c4b92b15373, Nodes: 49bcc910-1f14-48b7-a318-d2e01e8ffdec{ip: 192.168.36.113, host: pr-hdds-1982-decom-states-gjzbw-1854142291, networkLocation: /default-rack, certSerialId: null}8cbcd714-dd76-45fa-910f-f3e67512086a{ip: 192.168.36.113, host: pr-hdds-1982-decom-states-gjzbw-1854142291, networkLocation: /default-rack, certSerialId: null}d8255f37-89f1-48d2-bcda-7654f43e2557{ip: 192.168.36.113, host: pr-hdds-1982-decom-states-gjzbw-1854142291, networkLocation: /default-rack, certSerialId: null}, Type:RATIS, Factor:THREE, State:OPEN]. The last committed block length is 0, uncommitted data length is 2097152 retry count 0
2019-09-10 18:10:19,923 [grpc-default-executor-2] INFO  client.GrpcClientProtocolClient (GrpcClientProtocolClient.java:onNext(264)) - client-79319F45854E->4faa59b0-972d-4631-8b2b-dceadefbd7cc: receive RaftClientReply:client-79319F45854E->4faa59b0-972d-4631-8b2b-dceadefbd7cc@group-73C817937272, cid=32, FAILED org.apache.ratis.protocol.NotLeaderException: Server 4faa59b0-972d-4631-8b2b-dceadefbd7cc@group-73C817937272 is not the leader b0fafecf-3418-4e4c-a5e4-e5075743f263:192.168.36.113:44499, logIndex=0, commits[4faa59b0-972d-4631-8b2b-dceadefbd7cc:c0, b0fafecf-3418-4e4c-a5e4-e5075743f263:c0, 2e952fcc-3ad7-4f0e-80e3-0277395d1af8:c0]
2019-09-10 18:10:20,089 [java.util.concurrent.ThreadPoolExecutor$Worker@517498b8[State = -1, empty queue]] WARN  server.GrpcLogAppender (GrpcLogAppender.java:timeoutAppendRequest(200)) - d8255f37-89f1-48d2-bcda-7654f43e2557@group-2C4B92B15373->8cbcd714-dd76-45fa-910f-f3e67512086a-GrpcLogAppender: appendEntries Timeout, request=d8255f37-89f1-48d2-bcda-7654f43e2557->8cbcd714-dd76-45fa-910f-f3e67512086a#52-t1, previous=(t:1, i:20), leaderCommit=16, initializing? false, entries: <empty>
2019-09-10 18:10:20,089 [java.util.concurrent.ThreadPoolExecutor$Worker@3640334d[State = -1, empty queue]] WARN  server.GrpcLogAppender (GrpcLogAppender.java:timeoutAppendRequest(200)) - d8255f37-89f1-48d2-bcda-7654f43e2557@group-2C4B92B15373->49bcc910-1f14-48b7-a318-d2e01e8ffdec-GrpcLogAppender: appendEntries Timeout, request=d8255f37-89f1-48d2-bcda-7654f43e2557->49bcc910-1f14-48b7-a318-d2e01e8ffdec#52-t1, previous=(t:1, i:20), leaderCommit=16, initializing? false, entries: <empty>
2019-09-10 18:10:20,177 [grpc-default-executor-1] INFO  client.GrpcClientProtocolClient (GrpcClientProtocolClient.java:onNext(264)) - client-79319F45854E->b0fafecf-3418-4e4c-a5e4-e5075743f263: receive RaftClientReply:client-79319F45854E->b0fafecf-3418-4e4c-a5e4-e5075743f263@group-73C817937272, cid=32, SUCCESS, logIndex=1, commits[b0fafecf-3418-4e4c-a5e4-e5075743f263:c1, 4faa59b0-972d-4631-8b2b-dceadefbd7cc:c0, 2e952fcc-3ad7-4f0e-80e3-0277395d1af8:c0]
2019-09-10 18:10:20,295 [grpc-default-executor-3] INFO  client.GrpcClientProtocolClient (GrpcClientProtocolClient.java:onNext(264)) - client-79319F45854E->b0fafecf-3418-4e4c-a5e4-e5075743f263: receive RaftClientReply:client-79319F45854E->b0fafecf-3418-4e4c-a5e4-e5075743f263@group-73C817937272, cid=33, SUCCESS, logIndex=3, commits[b0fafecf-3418-4e4c-a5e4-e5075743f263:c8, 4faa59b0-972d-4631-8b2b-dceadefbd7cc:c5, 2e952fcc-3ad7-4f0e-80e3-0277395d1af8:c5]
2019-09-10 18:10:20,296 [grpc-default-executor-3] INFO  client.GrpcClientProtocolClient (GrpcClientProtocolClient.java:onNext(264)) - client-79319F45854E->b0fafecf-3418-4e4c-a5e4-e5075743f263: receive RaftClientReply:client-79319F45854E->b0fafecf-3418-4e4c-a5e4-e5075743f263@group-73C817937272, cid=34, SUCCESS, logIndex=4, commits[b0fafecf-3418-4e4c-a5e4-e5075743f263:c8, 4faa59b0-972d-4631-8b2b-dceadefbd7cc:c5, 2e952fcc-3ad7-4f0e-80e3-0277395d1af8:c5]
2019-09-10 18:10:20,589 [java.util.concurrent.ThreadPoolExecutor$Worker@3640334d[State = -1, empty queue]] WARN  server.GrpcLogAppender (GrpcLogAppender.java:timeoutAppendRequest(200)) - d8255f37-89f1-48d2-bcda-7654f43e2557@group-2C4B92B15373->49bcc910-1f14-48b7-a318-d2e01e8ffdec-GrpcLogAppender: appendEntries Timeout, request=d8255f37-89f1-48d2-bcda-7654f43e2557->49bcc910-1f14-48b7-a318-d2e01e8ffdec#53-t1, previous=(t:1, i:20), leaderCommit=16, initializing? false, entries: <empty>
2019-09-10 18:10:20,589 [java.util.concurrent.ThreadPoolExecutor$Worker@517498b8[State = -1, empty queue]] WARN  server.GrpcLogAppender (GrpcLogAppender.java:timeoutAppendRequest(200)) - d8255f37-89f1-48d2-bcda-7654f43e2557@group-2C4B92B15373->8cbcd714-dd76-45fa-910f-f3e67512086a-GrpcLogAppender: appendEntries Timeout, request=d8255f37-89f1-48d2-bcda-7654f43e2557->8cbcd714-dd76-45fa-910f-f3e67512086a#53-t1, previous=(t:1, i:20), leaderCommit=16, initializing? false, entries: <empty>
2019-09-10 18:10:20,599 [grpc-default-executor-2] INFO  client.GrpcClientProtocolClient (GrpcClientProtocolClient.java:onNext(264)) - client-79319F45854E->b0fafecf-3418-4e4c-a5e4-e5075743f263: receive RaftClientReply:client-79319F45854E->b0fafecf-3418-4e4c-a5e4-e5075743f263@group-73C817937272, cid=35, SUCCESS, logIndex=5, commits[b0fafecf-3418-4e4c-a5e4-e5075743f263:c8, 4faa59b0-972d-4631-8b2b-dceadefbd7cc:c5, 2e952fcc-3ad7-4f0e-80e3-0277395d1af8:c5]
2019-09-10 18:10:20,673 [grpc-default-executor-1] INFO  client.GrpcClientProtocolClient (GrpcClientProtocolClient.java:onNext(264)) - client-79319F45854E->b0fafecf-3418-4e4c-a5e4-e5075743f263: receive RaftClientReply:client-79319F45854E->b0fafecf-3418-4e4c-a5e4-e5075743f263@group-73C817937272, cid=36, SUCCESS, logIndex=9, commits[b0fafecf-3418-4e4c-a5e4-e5075743f263:c10, 4faa59b0-972d-4631-8b2b-dceadefbd7cc:c8, 2e952fcc-3ad7-4f0e-80e3-0277395d1af8:c8]
2019-09-10 18:10:20,674 [grpc-default-executor-1] INFO  client.GrpcClientProtocolClient (GrpcClientProtocolClient.java:onNext(264)) - client-79319F45854E->b0fafecf-3418-4e4c-a5e4-e5075743f263: receive RaftClientReply:client-79319F45854E->b0fafecf-3418-4e4c-a5e4-e5075743f263@group-73C817937272, cid=37, SUCCESS, logIndex=10, commits[b0fafecf-3418-4e4c-a5e4-e5075743f263:c10, 4faa59b0-972d-4631-8b2b-dceadefbd7cc:c8, 2e952fcc-3ad7-4f0e-80e3-0277395d1af8:c8]
2019-09-10 18:10:20,711 [grpc-default-executor-1] INFO  client.GrpcClientProtocolClient (GrpcClientProtocolClient.java:onNext(264)) - client-79319F45854E->b0fafecf-3418-4e4c-a5e4-e5075743f263: receive RaftClientReply:client-79319F45854E->b0fafecf-3418-4e4c-a5e4-e5075743f263@group-73C817937272, cid=38, SUCCESS, logIndex=11, commits[b0fafecf-3418-4e4c-a5e4-e5075743f263:c12, 4faa59b0-972d-4631-8b2b-dceadefbd7cc:c8, 2e952fcc-3ad7-4f0e-80e3-0277395d1af8:c8]
2019-09-10 18:10:20,711 [grpc-default-executor-1] INFO  client.GrpcClientProtocolClient (GrpcClientProtocolClient.java:onNext(264)) - client-79319F45854E->b0fafecf-3418-4e4c-a5e4-e5075743f263: receive RaftClientReply:client-79319F45854E->b0fafecf-3418-4e4c-a5e4-e5075743f263@group-73C817937272, cid=39, SUCCESS, logIndex=12, commits[b0fafecf-3418-4e4c-a5e4-e5075743f263:c14, 4faa59b0-972d-4631-8b2b-dceadefbd7cc:c10, 2e952fcc-3ad7-4f0e-80e3-0277395d1af8:c10]
2019-09-10 18:10:20,726 [grpc-default-executor-1] INFO  client.GrpcClientProtocolClient (GrpcClientProtocolClient.java:onNext(264)) - client-79319F45854E->b0fafecf-3418-4e4c-a5e4-e5075743f263: receive RaftClientReply:client-79319F45854E->b0fafecf-3418-4e4c-a5e4-e5075743f263@group-73C817937272, cid=40, SUCCESS, logIndex=0, commits[b0fafecf-3418-4e4c-a5e4-e5075743f263:c15, 4faa59b0-972d-4631-8b2b-dceadefbd7cc:c12, 2e952fcc-3ad7-4f0e-80e3-0277395d1af8:c12]
2019-09-10 18:10:21,027 [grpc-default-executor-1] INFO  client.GrpcClientProtocolClient (GrpcClientProtocolClient.java:onNext(264)) - client-F3F8AA7942AB->208154af-b43d-417a-8ba8-8a37a4d1ac9e: receive RaftClientReply:client-F3F8AA7942AB->208154af-b43d-417a-8ba8-8a37a4d1ac9e@group-C08312A7C209, cid=41, SUCCESS, logIndex=1, commits[208154af-b43d-417a-8ba8-8a37a4d1ac9e:c1, 35230fa9-c917-4625-844b-3841de1822d6:c0, 91e32882-d3c6-46ba-a04b-cffc2ba77210:c0]
2019-09-10 18:10:21,089 [java.util.concurrent.ThreadPoolExecutor$Worker@3640334d[State = -1, empty queue]] WARN  server.GrpcLogAppender (GrpcLogAppender.java:timeoutAppendRequest(200)) - d8255f37-89f1-48d2-bcda-7654f43e2557@group-2C4B92B15373->49bcc910-1f14-48b7-a318-d2e01e8ffdec-GrpcLogAppender: appendEntries Timeout, request=d8255f37-89f1-48d2-bcda-7654f43e2557->49bcc910-1f14-48b7-a318-d2e01e8ffdec#54-t1, previous=(t:1, i:20), leaderCommit=16, initializing? false, entries: <empty>
2019-09-10 18:10:21,089 [java.util.concurrent.ThreadPoolExecutor$Worker@517498b8[State = -1, empty queue]] WARN  server.GrpcLogAppender (GrpcLogAppender.java:timeoutAppendRequest(200)) - d8255f37-89f1-48d2-bcda-7654f43e2557@group-2C4B92B15373->8cbcd714-dd76-45fa-910f-f3e67512086a-GrpcLogAppender: appendEntries Timeout, request=d8255f37-89f1-48d2-bcda-7654f43e2557->8cbcd714-dd76-45fa-910f-f3e67512086a#54-t1, previous=(t:1, i:20), leaderCommit=16, initializing? false, entries: <empty>
2019-09-10 18:10:21,208 [grpc-default-executor-0] INFO  client.GrpcClientProtocolClient (GrpcClientProtocolClient.java:onNext(264)) - client-F3F8AA7942AB->208154af-b43d-417a-8ba8-8a37a4d1ac9e: receive RaftClientReply:client-F3F8AA7942AB->208154af-b43d-417a-8ba8-8a37a4d1ac9e@group-C08312A7C209, cid=42, SUCCESS, logIndex=3, commits[208154af-b43d-417a-8ba8-8a37a4d1ac9e:c8, 35230fa9-c917-4625-844b-3841de1822d6:c5, 91e32882-d3c6-46ba-a04b-cffc2ba77210:c5]
2019-09-10 18:10:21,209 [grpc-default-executor-0] INFO  client.GrpcClientProtocolClient (GrpcClientProtocolClient.java:onNext(264)) - client-F3F8AA7942AB->208154af-b43d-417a-8ba8-8a37a4d1ac9e: receive RaftClientReply:client-F3F8AA7942AB->208154af-b43d-417a-8ba8-8a37a4d1ac9e@group-C08312A7C209, cid=43, SUCCESS, logIndex=4, commits[208154af-b43d-417a-8ba8-8a37a4d1ac9e:c8, 35230fa9-c917-4625-844b-3841de1822d6:c5, 91e32882-d3c6-46ba-a04b-cffc2ba77210:c5]
2019-09-10 18:10:21,423 [grpc-default-executor-0] INFO  client.GrpcClientProtocolClient (GrpcClientProtocolClient.java:onNext(264)) - client-F3F8AA7942AB->208154af-b43d-417a-8ba8-8a37a4d1ac9e: receive RaftClientReply:client-F3F8AA7942AB->208154af-b43d-417a-8ba8-8a37a4d1ac9e@group-C08312A7C209, cid=44, SUCCESS, logIndex=5, commits[208154af-b43d-417a-8ba8-8a37a4d1ac9e:c8, 35230fa9-c917-4625-844b-3841de1822d6:c5, 91e32882-d3c6-46ba-a04b-cffc2ba77210:c5]
2019-09-10 18:10:21,590 [java.util.concurrent.ThreadPoolExecutor$Worker@3640334d[State = -1, empty queue]] WARN  server.GrpcLogAppender (GrpcLogAppender.java:timeoutAppendRequest(200)) - d8255f37-89f1-48d2-bcda-7654f43e2557@group-2C4B92B15373->49bcc910-1f14-48b7-a318-d2e01e8ffdec-GrpcLogAppender: appendEntries Timeout, request=d8255f37-89f1-48d2-bcda-7654f43e2557->49bcc910-1f14-48b7-a318-d2e01e8ffdec#55-t1, previous=(t:1, i:20), leaderCommit=16, initializing? false, entries: <empty>
2019-09-10 18:10:21,590 [java.util.concurrent.ThreadPoolExecutor$Worker@517498b8[State = -1, empty queue]] WARN  server.GrpcLogAppender (GrpcLogAppender.java:timeoutAppendRequest(200)) - d8255f37-89f1-48d2-bcda-7654f43e2557@group-2C4B92B15373->8cbcd714-dd76-45fa-910f-f3e67512086a-GrpcLogAppender: appendEntries Timeout, request=d8255f37-89f1-48d2-bcda-7654f43e2557->8cbcd714-dd76-45fa-910f-f3e67512086a#55-t1, previous=(t:1, i:20), leaderCommit=16, initializing? false, entries: <empty>
2019-09-10 18:10:22,090 [java.util.concurrent.ThreadPoolExecutor$Worker@3640334d[State = -1, empty queue]] WARN  server.GrpcLogAppender (GrpcLogAppender.java:timeoutAppendRequest(200)) - d8255f37-89f1-48d2-bcda-7654f43e2557@group-2C4B92B15373->49bcc910-1f14-48b7-a318-d2e01e8ffdec-GrpcLogAppender: appendEntries Timeout, request=d8255f37-89f1-48d2-bcda-7654f43e2557->49bcc910-1f14-48b7-a318-d2e01e8ffdec#56-t1, previous=(t:1, i:20), leaderCommit=16, initializing? false, entries: <empty>
2019-09-10 18:10:22,090 [java.util.concurrent.ThreadPoolExecutor$Worker@517498b8[State = -1, empty queue]] WARN  server.GrpcLogAppender (GrpcLogAppender.java:timeoutAppendRequest(200)) - d8255f37-89f1-48d2-bcda-7654f43e2557@group-2C4B92B15373->8cbcd714-dd76-45fa-910f-f3e67512086a-GrpcLogAppender: appendEntries Timeout, request=d8255f37-89f1-48d2-bcda-7654f43e2557->8cbcd714-dd76-45fa-910f-f3e67512086a#56-t1, previous=(t:1, i:20), leaderCommit=16, initializing? false, entries: <empty>
2019-09-10 18:10:22,180 [Datanode State Machine Thread - 0] INFO  statemachine.DatanodeStateMachine (DatanodeStateMachine.java:lambda$startDaemon$0(350)) - Ozone container server started.
2019-09-10 18:10:22,187 [d8255f37-89f1-48d2-bcda-7654f43e2557@group-2C4B92B15373-SegmentedRaftLogWorker] WARN  segmented.SegmentedRaftLogWorker (SegmentedRaftLogWorker.java:getFromFuture(90)) - Timeout 1/~
org.apache.ratis.protocol.TimeoutIOException: Timeout 10s: WriteLog:19: (t:1, i:19), STATEMACHINELOGENTRY, client-11D19FBEF510, cid=30-writeStateMachineData
	at org.apache.ratis.util.IOUtils.getFromFuture(IOUtils.java:87)
	at org.apache.ratis.server.raftlog.segmented.SegmentedRaftLogWorker$StateMachineDataPolicy.getFromFuture(SegmentedRaftLogWorker.java:87)
	at org.apache.ratis.server.raftlog.segmented.SegmentedRaftLogWorker$WriteLog.execute(SegmentedRaftLogWorker.java:477)
	at org.apache.ratis.server.raftlog.segmented.SegmentedRaftLogWorker.run(SegmentedRaftLogWorker.java:289)
	at java.lang.Thread.run(Thread.java:748)
Caused by: java.util.concurrent.TimeoutException
	at java.util.concurrent.CompletableFuture.timedGet(CompletableFuture.java:1771)
	at java.util.concurrent.CompletableFuture.get(CompletableFuture.java:1915)
	at org.apache.ratis.util.IOUtils.getFromFuture(IOUtils.java:79)
	... 4 more
2019-09-10 18:10:22,187 [49bcc910-1f14-48b7-a318-d2e01e8ffdec@group-2C4B92B15373-SegmentedRaftLogWorker] WARN  segmented.SegmentedRaftLogWorker (SegmentedRaftLogWorker.java:getFromFuture(90)) - Timeout 1/~
org.apache.ratis.protocol.TimeoutIOException: Timeout 10s: WriteLog:19: (t:1, i:19), STATEMACHINELOGENTRY, client-11D19FBEF510, cid=30-writeStateMachineData
	at org.apache.ratis.util.IOUtils.getFromFuture(IOUtils.java:87)
	at org.apache.ratis.server.raftlog.segmented.SegmentedRaftLogWorker$StateMachineDataPolicy.getFromFuture(SegmentedRaftLogWorker.java:87)
	at org.apache.ratis.server.raftlog.segmented.SegmentedRaftLogWorker$WriteLog.execute(SegmentedRaftLogWorker.java:477)
	at org.apache.ratis.server.raftlog.segmented.SegmentedRaftLogWorker.run(SegmentedRaftLogWorker.java:289)
	at java.lang.Thread.run(Thread.java:748)
Caused by: java.util.concurrent.TimeoutException
	at java.util.concurrent.CompletableFuture.timedGet(CompletableFuture.java:1771)
	at java.util.concurrent.CompletableFuture.get(CompletableFuture.java:1915)
	at org.apache.ratis.util.IOUtils.getFromFuture(IOUtils.java:79)
	... 4 more
2019-09-10 18:10:22,188 [8cbcd714-dd76-45fa-910f-f3e67512086a@group-2C4B92B15373-SegmentedRaftLogWorker] WARN  segmented.SegmentedRaftLogWorker (SegmentedRaftLogWorker.java:getFromFuture(90)) - Timeout 1/~
org.apache.ratis.protocol.TimeoutIOException: Timeout 10s: WriteLog:19: (t:1, i:19), STATEMACHINELOGENTRY, client-11D19FBEF510, cid=30-writeStateMachineData
	at org.apache.ratis.util.IOUtils.getFromFuture(IOUtils.java:87)
	at org.apache.ratis.server.raftlog.segmented.SegmentedRaftLogWorker$StateMachineDataPolicy.getFromFuture(SegmentedRaftLogWorker.java:87)
	at org.apache.ratis.server.raftlog.segmented.SegmentedRaftLogWorker$WriteLog.execute(SegmentedRaftLogWorker.java:477)
	at org.apache.ratis.server.raftlog.segmented.SegmentedRaftLogWorker.run(SegmentedRaftLogWorker.java:289)
	at java.lang.Thread.run(Thread.java:748)
Caused by: java.util.concurrent.TimeoutException
	at java.util.concurrent.CompletableFuture.timedGet(CompletableFuture.java:1771)
	at java.util.concurrent.CompletableFuture.get(CompletableFuture.java:1915)
	at org.apache.ratis.util.IOUtils.getFromFuture(IOUtils.java:79)
	... 4 more
2019-09-10 18:10:22,590 [java.util.concurrent.ThreadPoolExecutor$Worker@3640334d[State = -1, empty queue]] WARN  server.GrpcLogAppender (GrpcLogAppender.java:timeoutAppendRequest(200)) - d8255f37-89f1-48d2-bcda-7654f43e2557@group-2C4B92B15373->49bcc910-1f14-48b7-a318-d2e01e8ffdec-GrpcLogAppender: appendEntries Timeout, request=d8255f37-89f1-48d2-bcda-7654f43e2557->49bcc910-1f14-48b7-a318-d2e01e8ffdec#57-t1, previous=(t:1, i:20), leaderCommit=16, initializing? false, entries: <empty>
2019-09-10 18:10:22,590 [java.util.concurrent.ThreadPoolExecutor$Worker@517498b8[State = -1, empty queue]] WARN  server.GrpcLogAppender (GrpcLogAppender.java:timeoutAppendRequest(200)) - d8255f37-89f1-48d2-bcda-7654f43e2557@group-2C4B92B15373->8cbcd714-dd76-45fa-910f-f3e67512086a-GrpcLogAppender: appendEntries Timeout, request=d8255f37-89f1-48d2-bcda-7654f43e2557->8cbcd714-dd76-45fa-910f-f3e67512086a#57-t1, previous=(t:1, i:20), leaderCommit=16, initializing? false, entries: <empty>
2019-09-10 18:10:23,092 [java.util.concurrent.ThreadPoolExecutor$Worker@3640334d[State = -1, empty queue]] WARN  server.GrpcLogAppender (GrpcLogAppender.java:timeoutAppendRequest(200)) - d8255f37-89f1-48d2-bcda-7654f43e2557@group-2C4B92B15373->49bcc910-1f14-48b7-a318-d2e01e8ffdec-GrpcLogAppender: appendEntries Timeout, request=d8255f37-89f1-48d2-bcda-7654f43e2557->49bcc910-1f14-48b7-a318-d2e01e8ffdec#58-t1, previous=(t:1, i:20), leaderCommit=16, initializing? false, entries: <empty>
2019-09-10 18:10:23,095 [java.util.concurrent.ThreadPoolExecutor$Worker@517498b8[State = -1, empty queue]] WARN  server.GrpcLogAppender (GrpcLogAppender.java:timeoutAppendRequest(200)) - d8255f37-89f1-48d2-bcda-7654f43e2557@group-2C4B92B15373->8cbcd714-dd76-45fa-910f-f3e67512086a-GrpcLogAppender: appendEntries Timeout, request=d8255f37-89f1-48d2-bcda-7654f43e2557->8cbcd714-dd76-45fa-910f-f3e67512086a#58-t1, previous=(t:1, i:20), leaderCommit=16, initializing? false, entries: <empty>
2019-09-10 18:10:23,593 [java.util.concurrent.ThreadPoolExecutor$Worker@3640334d[State = -1, empty queue]] WARN  server.GrpcLogAppender (GrpcLogAppender.java:timeoutAppendRequest(200)) - d8255f37-89f1-48d2-bcda-7654f43e2557@group-2C4B92B15373->49bcc910-1f14-48b7-a318-d2e01e8ffdec-GrpcLogAppender: appendEntries Timeout, request=d8255f37-89f1-48d2-bcda-7654f43e2557->49bcc910-1f14-48b7-a318-d2e01e8ffdec#59-t1, previous=(t:1, i:20), leaderCommit=16, initializing? false, entries: <empty>
2019-09-10 18:10:23,596 [java.util.concurrent.ThreadPoolExecutor$Worker@517498b8[State = -1, empty queue]] WARN  server.GrpcLogAppender (GrpcLogAppender.java:timeoutAppendRequest(200)) - d8255f37-89f1-48d2-bcda-7654f43e2557@group-2C4B92B15373->8cbcd714-dd76-45fa-910f-f3e67512086a-GrpcLogAppender: appendEntries Timeout, request=d8255f37-89f1-48d2-bcda-7654f43e2557->8cbcd714-dd76-45fa-910f-f3e67512086a#59-t1, previous=(t:1, i:20), leaderCommit=16, initializing? false, entries: <empty>
2019-09-10 18:10:24,094 [java.util.concurrent.ThreadPoolExecutor$Worker@3640334d[State = -1, empty queue]] WARN  server.GrpcLogAppender (GrpcLogAppender.java:timeoutAppendRequest(200)) - d8255f37-89f1-48d2-bcda-7654f43e2557@group-2C4B92B15373->49bcc910-1f14-48b7-a318-d2e01e8ffdec-GrpcLogAppender: appendEntries Timeout, request=d8255f37-89f1-48d2-bcda-7654f43e2557->49bcc910-1f14-48b7-a318-d2e01e8ffdec#60-t1, previous=(t:1, i:20), leaderCommit=16, initializing? false, entries: <empty>
2019-09-10 18:10:24,097 [java.util.concurrent.ThreadPoolExecutor$Worker@517498b8[State = -1, empty queue]] WARN  server.GrpcLogAppender (GrpcLogAppender.java:timeoutAppendRequest(200)) - d8255f37-89f1-48d2-bcda-7654f43e2557@group-2C4B92B15373->8cbcd714-dd76-45fa-910f-f3e67512086a-GrpcLogAppender: appendEntries Timeout, request=d8255f37-89f1-48d2-bcda-7654f43e2557->8cbcd714-dd76-45fa-910f-f3e67512086a#60-t1, previous=(t:1, i:20), leaderCommit=16, initializing? false, entries: <empty>
2019-09-10 18:10:24,594 [java.util.concurrent.ThreadPoolExecutor$Worker@3640334d[State = -1, empty queue]] WARN  server.GrpcLogAppender (GrpcLogAppender.java:timeoutAppendRequest(200)) - d8255f37-89f1-48d2-bcda-7654f43e2557@group-2C4B92B15373->49bcc910-1f14-48b7-a318-d2e01e8ffdec-GrpcLogAppender: appendEntries Timeout, request=d8255f37-89f1-48d2-bcda-7654f43e2557->49bcc910-1f14-48b7-a318-d2e01e8ffdec#61-t1, previous=(t:1, i:20), leaderCommit=16, initializing? false, entries: <empty>
2019-09-10 18:10:24,597 [java.util.concurrent.ThreadPoolExecutor$Worker@517498b8[State = -1, empty queue]] WARN  server.GrpcLogAppender (GrpcLogAppender.java:timeoutAppendRequest(200)) - d8255f37-89f1-48d2-bcda-7654f43e2557@group-2C4B92B15373->8cbcd714-dd76-45fa-910f-f3e67512086a-GrpcLogAppender: appendEntries Timeout, request=d8255f37-89f1-48d2-bcda-7654f43e2557->8cbcd714-dd76-45fa-910f-f3e67512086a#61-t1, previous=(t:1, i:20), leaderCommit=16, initializing? false, entries: <empty>
2019-09-10 18:10:25,095 [java.util.concurrent.ThreadPoolExecutor$Worker@3640334d[State = -1, empty queue]] WARN  server.GrpcLogAppender (GrpcLogAppender.java:timeoutAppendRequest(200)) - d8255f37-89f1-48d2-bcda-7654f43e2557@group-2C4B92B15373->49bcc910-1f14-48b7-a318-d2e01e8ffdec-GrpcLogAppender: appendEntries Timeout, request=d8255f37-89f1-48d2-bcda-7654f43e2557->49bcc910-1f14-48b7-a318-d2e01e8ffdec#62-t1, previous=(t:1, i:20), leaderCommit=16, initializing? false, entries: <empty>
2019-09-10 18:10:25,097 [java.util.concurrent.ThreadPoolExecutor$Worker@517498b8[State = -1, empty queue]] WARN  server.GrpcLogAppender (GrpcLogAppender.java:timeoutAppendRequest(200)) - d8255f37-89f1-48d2-bcda-7654f43e2557@group-2C4B92B15373->8cbcd714-dd76-45fa-910f-f3e67512086a-GrpcLogAppender: appendEntries Timeout, request=d8255f37-89f1-48d2-bcda-7654f43e2557->8cbcd714-dd76-45fa-910f-f3e67512086a#62-t1, previous=(t:1, i:20), leaderCommit=16, initializing? false, entries: <empty>
2019-09-10 18:10:25,595 [java.util.concurrent.ThreadPoolExecutor$Worker@3640334d[State = -1, empty queue]] WARN  server.GrpcLogAppender (GrpcLogAppender.java:timeoutAppendRequest(200)) - d8255f37-89f1-48d2-bcda-7654f43e2557@group-2C4B92B15373->49bcc910-1f14-48b7-a318-d2e01e8ffdec-GrpcLogAppender: appendEntries Timeout, request=d8255f37-89f1-48d2-bcda-7654f43e2557->49bcc910-1f14-48b7-a318-d2e01e8ffdec#63-t1, previous=(t:1, i:20), leaderCommit=16, initializing? false, entries: <empty>
2019-09-10 18:10:25,597 [java.util.concurrent.ThreadPoolExecutor$Worker@517498b8[State = -1, empty queue]] WARN  server.GrpcLogAppender (GrpcLogAppender.java:timeoutAppendRequest(200)) - d8255f37-89f1-48d2-bcda-7654f43e2557@group-2C4B92B15373->8cbcd714-dd76-45fa-910f-f3e67512086a-GrpcLogAppender: appendEntries Timeout, request=d8255f37-89f1-48d2-bcda-7654f43e2557->8cbcd714-dd76-45fa-910f-f3e67512086a#63-t1, previous=(t:1, i:20), leaderCommit=16, initializing? false, entries: <empty>
2019-09-10 18:10:26,095 [java.util.concurrent.ThreadPoolExecutor$Worker@3640334d[State = -1, empty queue]] WARN  server.GrpcLogAppender (GrpcLogAppender.java:timeoutAppendRequest(200)) - d8255f37-89f1-48d2-bcda-7654f43e2557@group-2C4B92B15373->49bcc910-1f14-48b7-a318-d2e01e8ffdec-GrpcLogAppender: appendEntries Timeout, request=d8255f37-89f1-48d2-bcda-7654f43e2557->49bcc910-1f14-48b7-a318-d2e01e8ffdec#64-t1, previous=(t:1, i:20), leaderCommit=16, initializing? false, entries: <empty>
2019-09-10 18:10:26,098 [java.util.concurrent.ThreadPoolExecutor$Worker@517498b8[State = -1, empty queue]] WARN  server.GrpcLogAppender (GrpcLogAppender.java:timeoutAppendRequest(200)) - d8255f37-89f1-48d2-bcda-7654f43e2557@group-2C4B92B15373->8cbcd714-dd76-45fa-910f-f3e67512086a-GrpcLogAppender: appendEntries Timeout, request=d8255f37-89f1-48d2-bcda-7654f43e2557->8cbcd714-dd76-45fa-910f-f3e67512086a#64-t1, previous=(t:1, i:20), leaderCommit=16, initializing? false, entries: <empty>
2019-09-10 18:10:26,430 [main] INFO  ozoneimpl.OzoneContainer (OzoneContainer.java:stop(231)) - Attempting to stop container services.
2019-09-10 18:10:26,433 [main] INFO  impl.RaftServerProxy (RaftServerProxy.java:lambda$close$4(314)) - 49bcc910-1f14-48b7-a318-d2e01e8ffdec: close
2019-09-10 18:10:26,440 [main] INFO  impl.RaftServerImpl (RaftServerImpl.java:lambda$shutdown$3(251)) - 49bcc910-1f14-48b7-a318-d2e01e8ffdec@group-2C4B92B15373: shutdown
2019-09-10 18:10:26,440 [ForkJoinPool.commonPool-worker-0] INFO  impl.RaftServerImpl (RaftServerImpl.java:lambda$shutdown$3(251)) - 49bcc910-1f14-48b7-a318-d2e01e8ffdec@group-2D4FF39FB527: shutdown
2019-09-10 18:10:26,441 [main] INFO  util.JmxRegister (JmxRegister.java:unregister(73)) - Successfully un-registered JMX Bean with object name Ratis:service=RaftServer,group=group-2C4B92B15373,id=49bcc910-1f14-48b7-a318-d2e01e8ffdec
2019-09-10 18:10:26,441 [ForkJoinPool.commonPool-worker-0] INFO  util.JmxRegister (JmxRegister.java:unregister(73)) - Successfully un-registered JMX Bean with object name Ratis:service=RaftServer,group=group-2D4FF39FB527,id=49bcc910-1f14-48b7-a318-d2e01e8ffdec
2019-09-10 18:10:26,441 [main] INFO  impl.RoleInfo (RoleInfo.java:shutdownFollowerState(121)) - 49bcc910-1f14-48b7-a318-d2e01e8ffdec: shutdown FollowerState
2019-09-10 18:10:26,441 [ForkJoinPool.commonPool-worker-0] INFO  impl.RoleInfo (RoleInfo.java:shutdownLeaderState(104)) - 49bcc910-1f14-48b7-a318-d2e01e8ffdec: shutdown LeaderState
2019-09-10 18:10:26,442 [main] INFO  impl.StateMachineUpdater (StateMachineUpdater.java:stopAndJoin(125)) - 49bcc910-1f14-48b7-a318-d2e01e8ffdec@group-2C4B92B15373-StateMachineUpdater: set stopIndex = 16
2019-09-10 18:10:26,442 [Thread-384] INFO  impl.FollowerState (FollowerState.java:run(115)) - 49bcc910-1f14-48b7-a318-d2e01e8ffdec: FollowerState was interrupted: java.lang.InterruptedException: sleep interrupted
2019-09-10 18:10:26,443 [49bcc910-1f14-48b7-a318-d2e01e8ffdec@group-2C4B92B15373-StateMachineUpdater] INFO  ratis.ContainerStateMachine (ContainerStateMachine.java:takeSnapshot(289)) - group-2C4B92B15373: Taking a snapshot at:(t:1, i:13) file /workdir/hadoop-ozone/integration-test/target/test-dir/MiniOzoneClusterImpl-a4bba3eb-5ae6-43ba-8544-0cc5de04918c/datanode-9/data/ratis/3154d7c5-eea6-48f1-8d1f-2c4b92b15373/sm/snapshot.1_13
2019-09-10 18:10:26,443 [ForkJoinPool.commonPool-worker-0] INFO  impl.PendingRequests (PendingRequests.java:sendNotLeaderResponses(202)) - 49bcc910-1f14-48b7-a318-d2e01e8ffdec-PendingRequests: sendNotLeaderResponses
2019-09-10 18:10:26,448 [ForkJoinPool.commonPool-worker-0] INFO  impl.StateMachineUpdater (StateMachineUpdater.java:stopAndJoin(125)) - 49bcc910-1f14-48b7-a318-d2e01e8ffdec@group-2D4FF39FB527-StateMachineUpdater: set stopIndex = 0
2019-09-10 18:10:26,457 [ForkJoinPool.commonPool-worker-0] INFO  impl.RaftServerImpl (ServerState.java:close(385)) - 49bcc910-1f14-48b7-a318-d2e01e8ffdec@group-2D4FF39FB527: closes. applyIndex: 0
2019-09-10 18:10:26,461 [49bcc910-1f14-48b7-a318-d2e01e8ffdec@group-2D4FF39FB527-SegmentedRaftLogWorker] INFO  segmented.SegmentedRaftLogWorker (SegmentedRaftLogWorker.java:run(313)) - 49bcc910-1f14-48b7-a318-d2e01e8ffdec@group-2D4FF39FB527-SegmentedRaftLogWorker was interrupted, exiting. There are 0 tasks remaining in the queue.
2019-09-10 18:10:26,464 [ForkJoinPool.commonPool-worker-0] INFO  segmented.SegmentedRaftLogWorker (SegmentedRaftLogWorker.java:close(228)) - 49bcc910-1f14-48b7-a318-d2e01e8ffdec@group-2D4FF39FB527-SegmentedRaftLogWorker close()
2019-09-10 18:10:26,510 [49bcc910-1f14-48b7-a318-d2e01e8ffdec@group-2C4B92B15373-StateMachineUpdater] INFO  ratis.ContainerStateMachine (ContainerStateMachine.java:takeSnapshot(300)) - group-2C4B92B15373: Finished taking a snapshot at:(t:1, i:13) file:/workdir/hadoop-ozone/integration-test/target/test-dir/MiniOzoneClusterImpl-a4bba3eb-5ae6-43ba-8544-0cc5de04918c/datanode-9/data/ratis/3154d7c5-eea6-48f1-8d1f-2c4b92b15373/sm/snapshot.1_13 time:68
2019-09-10 18:10:26,511 [49bcc910-1f14-48b7-a318-d2e01e8ffdec@group-2C4B92B15373-StateMachineUpdater] INFO  impl.StateMachineUpdater (StateMachineUpdater.java:takeSnapshot(258)) - 49bcc910-1f14-48b7-a318-d2e01e8ffdec@group-2C4B92B15373-StateMachineUpdater: Took a snapshot at index 13
2019-09-10 18:10:26,511 [49bcc910-1f14-48b7-a318-d2e01e8ffdec@group-2C4B92B15373-StateMachineUpdater] INFO  impl.StateMachineUpdater (StateMachineUpdater.java:lambda$new$0(83)) - 49bcc910-1f14-48b7-a318-d2e01e8ffdec@group-2C4B92B15373-StateMachineUpdater: snapshotIndex: updateIncreasingly -1 -> 13
2019-09-10 18:10:26,521 [49bcc910-1f14-48b7-a318-d2e01e8ffdec@group-2C4B92B15373-StateMachineUpdater] INFO  ratis.ContainerStateMachine (ContainerStateMachine.java:takeSnapshot(289)) - group-2C4B92B15373: Taking a snapshot at:(t:1, i:13) file /workdir/hadoop-ozone/integration-test/target/test-dir/MiniOzoneClusterImpl-a4bba3eb-5ae6-43ba-8544-0cc5de04918c/datanode-9/data/ratis/3154d7c5-eea6-48f1-8d1f-2c4b92b15373/sm/snapshot.1_13
2019-09-10 18:10:26,544 [49bcc910-1f14-48b7-a318-d2e01e8ffdec@group-2C4B92B15373-StateMachineUpdater] INFO  ratis.ContainerStateMachine (ContainerStateMachine.java:takeSnapshot(300)) - group-2C4B92B15373: Finished taking a snapshot at:(t:1, i:13) file:/workdir/hadoop-ozone/integration-test/target/test-dir/MiniOzoneClusterImpl-a4bba3eb-5ae6-43ba-8544-0cc5de04918c/datanode-9/data/ratis/3154d7c5-eea6-48f1-8d1f-2c4b92b15373/sm/snapshot.1_13 time:23
2019-09-10 18:10:26,544 [49bcc910-1f14-48b7-a318-d2e01e8ffdec@group-2C4B92B15373-StateMachineUpdater] INFO  impl.StateMachineUpdater (StateMachineUpdater.java:takeSnapshot(258)) - 49bcc910-1f14-48b7-a318-d2e01e8ffdec@group-2C4B92B15373-StateMachineUpdater: Took a snapshot at index 13
2019-09-10 18:10:26,544 [49bcc910-1f14-48b7-a318-d2e01e8ffdec@group-2C4B92B15373-StateMachineUpdater] INFO  impl.StateMachineUpdater (StateMachineUpdater.java:lambda$new$0(83)) - 49bcc910-1f14-48b7-a318-d2e01e8ffdec@group-2C4B92B15373-StateMachineUpdater: snapshotIndex: updateIncreasingly 13 -> 13
2019-09-10 18:10:26,545 [main] INFO  impl.RaftServerImpl (ServerState.java:close(385)) - 49bcc910-1f14-48b7-a318-d2e01e8ffdec@group-2C4B92B15373: closes. applyIndex: 16
2019-09-10 18:10:26,766 [java.util.concurrent.ThreadPoolExecutor$Worker@3640334d[State = -1, empty queue]] WARN  server.GrpcLogAppender (GrpcLogAppender.java:timeoutAppendRequest(200)) - d8255f37-89f1-48d2-bcda-7654f43e2557@group-2C4B92B15373->49bcc910-1f14-48b7-a318-d2e01e8ffdec-GrpcLogAppender: appendEntries Timeout, request=d8255f37-89f1-48d2-bcda-7654f43e2557->49bcc910-1f14-48b7-a318-d2e01e8ffdec#65-t1, previous=(t:1, i:20), leaderCommit=16, initializing? false, entries: <empty>
2019-09-10 18:10:26,766 [java.util.concurrent.ThreadPoolExecutor$Worker@517498b8[State = -1, empty queue]] WARN  server.GrpcLogAppender (GrpcLogAppender.java:timeoutAppendRequest(200)) - d8255f37-89f1-48d2-bcda-7654f43e2557@group-2C4B92B15373->8cbcd714-dd76-45fa-910f-f3e67512086a-GrpcLogAppender: appendEntries Timeout, request=d8255f37-89f1-48d2-bcda-7654f43e2557->8cbcd714-dd76-45fa-910f-f3e67512086a#65-t1, previous=(t:1, i:20), leaderCommit=16, initializing? false, entries: <empty>
2019-09-10 18:10:26,788 [49bcc910-1f14-48b7-a318-d2e01e8ffdec@group-2C4B92B15373-SegmentedRaftLogWorker] ERROR ratis.XceiverServerRatis (XceiverServerRatis.java:triggerPipelineClose(568)) - pipeline Action CLOSE  on pipeline PipelineID=3154d7c5-eea6-48f1-8d1f-2c4b92b15373.Reason : WriteLog:19: (t:1, i:19), STATEMACHINELOGENTRY, client-11D19FBEF510, cid=30-writeStateMachineData interrupted.
2019-09-10 18:10:26,807 [main] INFO  segmented.SegmentedRaftLogWorker (SegmentedRaftLogWorker.java:close(228)) - 49bcc910-1f14-48b7-a318-d2e01e8ffdec@group-2C4B92B15373-SegmentedRaftLogWorker close()
2019-09-10 18:10:26,814 [main] INFO  server.GrpcService (GrpcService.java:closeImpl(164)) - 49bcc910-1f14-48b7-a318-d2e01e8ffdec: shutdown server with port 46072 now
2019-09-10 18:10:26,819 [main] INFO  server.GrpcService (GrpcService.java:closeImpl(172)) - 49bcc910-1f14-48b7-a318-d2e01e8ffdec: shutdown server with port 46072 successfully
2019-09-10 18:10:26,820 [grpc-default-executor-4] WARN  server.GrpcLogAppender (LogUtils.java:warn(134)) - d8255f37-89f1-48d2-bcda-7654f43e2557@group-2C4B92B15373->49bcc910-1f14-48b7-a318-d2e01e8ffdec-AppendLogResponseHandler: Failed appendEntries: org.apache.ratis.thirdparty.io.grpc.StatusRuntimeException: CANCELLED: HTTP/2 error code: CANCEL
Received Rst Stream
2019-09-10 18:10:26,820 [grpc-default-executor-3] WARN  server.GrpcServerProtocolService (LogUtils.java:warn(134)) - 49bcc910-1f14-48b7-a318-d2e01e8ffdec: installSnapshot onError, lastRequest: d8255f37-89f1-48d2-bcda-7654f43e2557->49bcc910-1f14-48b7-a318-d2e01e8ffdec#71-t1, previous=(t:1, i:20), leaderCommit=16, initializing? false, entries: <empty>: org.apache.ratis.thirdparty.io.grpc.StatusRuntimeException: CANCELLED: cancelled before receiving half close
2019-09-10 18:10:26,824 [refreshUsed-/workdir/hadoop-ozone/integration-test/target/test-dir/MiniOzoneClusterImpl-a4bba3eb-5ae6-43ba-8544-0cc5de04918c/datanode-9/data/containers] WARN  fs.CachingGetSpaceUsed (CachingGetSpaceUsed.java:run(183)) - Thread Interrupted waiting to refresh disk information: sleep interrupted
2019-09-10 18:10:26,825 [grpc-default-executor-4] INFO  impl.FollowerInfo (FollowerInfo.java:lambda$new$0(51)) - d8255f37-89f1-48d2-bcda-7654f43e2557@group-2C4B92B15373->49bcc910-1f14-48b7-a318-d2e01e8ffdec: nextIndex: updateUnconditionally 21 -> 17
2019-09-10 18:10:26,850 [main] INFO  utils.BackgroundService (BackgroundService.java:shutdown(148)) - Shutting down service BlockDeletingService
2019-09-10 18:10:26,859 [main] INFO  statemachine.DatanodeStateMachine (DatanodeStateMachine.java:stopDaemon(395)) - Ozone container server stopped.
2019-09-10 18:10:26,865 [main] INFO  handler.ContextHandler (ContextHandler.java:doStop(910)) - Stopped o.e.j.w.WebAppContext@37045b48{/,null,UNAVAILABLE}{/hddsDatanode}
2019-09-10 18:10:26,871 [main] INFO  server.AbstractConnector (AbstractConnector.java:doStop(318)) - Stopped ServerConnector@60b34931{HTTP/1.1,[http/1.1]}{0.0.0.0:0}
2019-09-10 18:10:26,872 [main] INFO  handler.ContextHandler (ContextHandler.java:doStop(910)) - Stopped o.e.j.s.ServletContextHandler@6fa13e6{/static,jar:file:/home/user/.m2/repository/org/apache/hadoop/hadoop-hdds-container-service/0.5.0-SNAPSHOT/hadoop-hdds-container-service-0.5.0-SNAPSHOT.jar!/webapps/static,UNAVAILABLE}
2019-09-10 18:10:26,872 [main] INFO  handler.ContextHandler (ContextHandler.java:doStop(910)) - Stopped o.e.j.s.ServletContextHandler@6535117e{/logs,file:///workdir/hadoop-ozone/integration-test/target/log,UNAVAILABLE}
2019-09-10 18:10:26,937 [grpc-default-executor-0] INFO  client.GrpcClientProtocolClient (GrpcClientProtocolClient.java:onNext(264)) - client-F3F8AA7942AB->208154af-b43d-417a-8ba8-8a37a4d1ac9e: receive RaftClientReply:client-F3F8AA7942AB->208154af-b43d-417a-8ba8-8a37a4d1ac9e@group-C08312A7C209, cid=45, SUCCESS, logIndex=9, commits[208154af-b43d-417a-8ba8-8a37a4d1ac9e:c10, 35230fa9-c917-4625-844b-3841de1822d6:c8, 91e32882-d3c6-46ba-a04b-cffc2ba77210:c8]
2019-09-10 18:10:26,938 [grpc-default-executor-0] INFO  client.GrpcClientProtocolClient (GrpcClientProtocolClient.java:onNext(264)) - client-F3F8AA7942AB->208154af-b43d-417a-8ba8-8a37a4d1ac9e: receive RaftClientReply:client-F3F8AA7942AB->208154af-b43d-417a-8ba8-8a37a4d1ac9e@group-C08312A7C209, cid=46, SUCCESS, logIndex=10, commits[208154af-b43d-417a-8ba8-8a37a4d1ac9e:c10, 35230fa9-c917-4625-844b-3841de1822d6:c8, 91e32882-d3c6-46ba-a04b-cffc2ba77210:c8]
2019-09-10 18:10:26,958 [grpc-default-executor-4] INFO  client.GrpcClientProtocolClient (GrpcClientProtocolClient.java:onNext(264)) - client-F3F8AA7942AB->208154af-b43d-417a-8ba8-8a37a4d1ac9e: receive RaftClientReply:client-F3F8AA7942AB->208154af-b43d-417a-8ba8-8a37a4d1ac9e@group-C08312A7C209, cid=47, SUCCESS, logIndex=11, commits[208154af-b43d-417a-8ba8-8a37a4d1ac9e:c12, 35230fa9-c917-4625-844b-3841de1822d6:c8, 91e32882-d3c6-46ba-a04b-cffc2ba77210:c8]
2019-09-10 18:10:26,960 [grpc-default-executor-4] INFO  client.GrpcClientProtocolClient (GrpcClientProtocolClient.java:onNext(264)) - client-F3F8AA7942AB->208154af-b43d-417a-8ba8-8a37a4d1ac9e: receive RaftClientReply:client-F3F8AA7942AB->208154af-b43d-417a-8ba8-8a37a4d1ac9e@group-C08312A7C209, cid=48, SUCCESS, logIndex=12, commits[208154af-b43d-417a-8ba8-8a37a4d1ac9e:c12, 35230fa9-c917-4625-844b-3841de1822d6:c8, 91e32882-d3c6-46ba-a04b-cffc2ba77210:c8]
2019-09-10 18:10:26,980 [grpc-default-executor-4] INFO  client.GrpcClientProtocolClient (GrpcClientProtocolClient.java:onNext(264)) - client-F3F8AA7942AB->208154af-b43d-417a-8ba8-8a37a4d1ac9e: receive RaftClientReply:client-F3F8AA7942AB->208154af-b43d-417a-8ba8-8a37a4d1ac9e@group-C08312A7C209, cid=49, SUCCESS, logIndex=0, commits[208154af-b43d-417a-8ba8-8a37a4d1ac9e:c14, 35230fa9-c917-4625-844b-3841de1822d6:c10, 91e32882-d3c6-46ba-a04b-cffc2ba77210:c10]
2019-09-10 18:10:26,989 [grpc-default-executor-0] INFO  client.GrpcClientProtocolClient (GrpcClientProtocolClient.java:onNext(264)) - client-F3F8AA7942AB->208154af-b43d-417a-8ba8-8a37a4d1ac9e: receive RaftClientReply:client-F3F8AA7942AB->208154af-b43d-417a-8ba8-8a37a4d1ac9e@group-C08312A7C209, cid=50, SUCCESS, logIndex=0, commits[208154af-b43d-417a-8ba8-8a37a4d1ac9e:c16, 35230fa9-c917-4625-844b-3841de1822d6:c12, 91e32882-d3c6-46ba-a04b-cffc2ba77210:c12]
2019-09-10 18:10:27,098 [java.util.concurrent.ThreadPoolExecutor$Worker@517498b8[State = -1, empty queue]] WARN  server.GrpcLogAppender (GrpcLogAppender.java:timeoutAppendRequest(200)) - d8255f37-89f1-48d2-bcda-7654f43e2557@group-2C4B92B15373->8cbcd714-dd76-45fa-910f-f3e67512086a-GrpcLogAppender: appendEntries Timeout, request=d8255f37-89f1-48d2-bcda-7654f43e2557->8cbcd714-dd76-45fa-910f-f3e67512086a#66-t1, previous=(t:1, i:20), leaderCommit=16, initializing? false, entries: <empty>
2019-09-10 18:10:27,276 [grpc-default-executor-1] WARN  server.GrpcLogAppender (LogUtils.java:warn(134)) - d8255f37-89f1-48d2-bcda-7654f43e2557@group-2C4B92B15373->49bcc910-1f14-48b7-a318-d2e01e8ffdec-AppendLogResponseHandler: Failed appendEntries: org.apache.ratis.thirdparty.io.grpc.StatusRuntimeException: UNAVAILABLE: io exception
2019-09-10 18:10:27,292 [grpc-default-executor-1] INFO  impl.FollowerInfo (FollowerInfo.java:lambda$new$0(51)) - d8255f37-89f1-48d2-bcda-7654f43e2557@group-2C4B92B15373->49bcc910-1f14-48b7-a318-d2e01e8ffdec: nextIndex: updateUnconditionally 17 -> 16
2019-09-10 18:10:27,599 [java.util.concurrent.ThreadPoolExecutor$Worker@517498b8[State = -1, empty queue]] WARN  server.GrpcLogAppender (GrpcLogAppender.java:timeoutAppendRequest(200)) - d8255f37-89f1-48d2-bcda-7654f43e2557@group-2C4B92B15373->8cbcd714-dd76-45fa-910f-f3e67512086a-GrpcLogAppender: appendEntries Timeout, request=d8255f37-89f1-48d2-bcda-7654f43e2557->8cbcd714-dd76-45fa-910f-f3e67512086a#67-t1, previous=(t:1, i:20), leaderCommit=16, initializing? false, entries: <empty>
2019-09-10 18:10:27,770 [grpc-default-executor-4] WARN  server.GrpcLogAppender (LogUtils.java:warn(134)) - d8255f37-89f1-48d2-bcda-7654f43e2557@group-2C4B92B15373->49bcc910-1f14-48b7-a318-d2e01e8ffdec-AppendLogResponseHandler: Failed appendEntries: org.apache.ratis.thirdparty.io.grpc.StatusRuntimeException: UNAVAILABLE: io exception
2019-09-10 18:10:27,774 [grpc-default-executor-4] INFO  impl.FollowerInfo (FollowerInfo.java:lambda$new$0(51)) - d8255f37-89f1-48d2-bcda-7654f43e2557@group-2C4B92B15373->49bcc910-1f14-48b7-a318-d2e01e8ffdec: nextIndex: updateUnconditionally 16 -> 15
2019-09-10 18:10:28,100 [java.util.concurrent.ThreadPoolExecutor$Worker@517498b8[State = -1, empty queue]] WARN  server.GrpcLogAppender (GrpcLogAppender.java:timeoutAppendRequest(200)) - d8255f37-89f1-48d2-bcda-7654f43e2557@group-2C4B92B15373->8cbcd714-dd76-45fa-910f-f3e67512086a-GrpcLogAppender: appendEntries Timeout, request=d8255f37-89f1-48d2-bcda-7654f43e2557->8cbcd714-dd76-45fa-910f-f3e67512086a#68-t1, previous=(t:1, i:20), leaderCommit=16, initializing? false, entries: <empty>
2019-09-10 18:10:28,271 [grpc-default-executor-1] WARN  server.GrpcLogAppender (LogUtils.java:warn(134)) - d8255f37-89f1-48d2-bcda-7654f43e2557@group-2C4B92B15373->49bcc910-1f14-48b7-a318-d2e01e8ffdec-AppendLogResponseHandler: Failed appendEntries: org.apache.ratis.thirdparty.io.grpc.StatusRuntimeException: UNAVAILABLE: io exception
2019-09-10 18:10:28,276 [grpc-default-executor-1] INFO  impl.FollowerInfo (FollowerInfo.java:lambda$new$0(51)) - d8255f37-89f1-48d2-bcda-7654f43e2557@group-2C4B92B15373->49bcc910-1f14-48b7-a318-d2e01e8ffdec: nextIndex: updateUnconditionally 15 -> 14
2019-09-10 18:10:28,600 [java.util.concurrent.ThreadPoolExecutor$Worker@517498b8[State = -1, empty queue]] WARN  server.GrpcLogAppender (GrpcLogAppender.java:timeoutAppendRequest(200)) - d8255f37-89f1-48d2-bcda-7654f43e2557@group-2C4B92B15373->8cbcd714-dd76-45fa-910f-f3e67512086a-GrpcLogAppender: appendEntries Timeout, request=d8255f37-89f1-48d2-bcda-7654f43e2557->8cbcd714-dd76-45fa-910f-f3e67512086a#69-t1, previous=(t:1, i:20), leaderCommit=16, initializing? false, entries: <empty>
2019-09-10 18:10:28,772 [grpc-default-executor-0] WARN  server.GrpcLogAppender (LogUtils.java:warn(134)) - d8255f37-89f1-48d2-bcda-7654f43e2557@group-2C4B92B15373->49bcc910-1f14-48b7-a318-d2e01e8ffdec-AppendLogResponseHandler: Failed appendEntries: org.apache.ratis.thirdparty.io.grpc.StatusRuntimeException: UNAVAILABLE: io exception
2019-09-10 18:10:28,776 [grpc-default-executor-0] INFO  impl.FollowerInfo (FollowerInfo.java:lambda$new$0(51)) - d8255f37-89f1-48d2-bcda-7654f43e2557@group-2C4B92B15373->49bcc910-1f14-48b7-a318-d2e01e8ffdec: nextIndex: updateUnconditionally 14 -> 13
2019-09-10 18:10:29,101 [java.util.concurrent.ThreadPoolExecutor$Worker@517498b8[State = -1, empty queue]] WARN  server.GrpcLogAppender (GrpcLogAppender.java:timeoutAppendRequest(200)) - d8255f37-89f1-48d2-bcda-7654f43e2557@group-2C4B92B15373->8cbcd714-dd76-45fa-910f-f3e67512086a-GrpcLogAppender: appendEntries Timeout, request=d8255f37-89f1-48d2-bcda-7654f43e2557->8cbcd714-dd76-45fa-910f-f3e67512086a#70-t1, previous=(t:1, i:20), leaderCommit=16, initializing? false, entries: <empty>
2019-09-10 18:10:29,273 [grpc-default-executor-4] WARN  server.GrpcLogAppender (LogUtils.java:warn(134)) - d8255f37-89f1-48d2-bcda-7654f43e2557@group-2C4B92B15373->49bcc910-1f14-48b7-a318-d2e01e8ffdec-AppendLogResponseHandler: Failed appendEntries: org.apache.ratis.thirdparty.io.grpc.StatusRuntimeException: UNAVAILABLE: io exception
2019-09-10 18:10:29,278 [grpc-default-executor-4] INFO  impl.FollowerInfo (FollowerInfo.java:lambda$new$0(51)) - d8255f37-89f1-48d2-bcda-7654f43e2557@group-2C4B92B15373->49bcc910-1f14-48b7-a318-d2e01e8ffdec: nextIndex: updateUnconditionally 13 -> 12
2019-09-10 18:10:29,766 [java.util.concurrent.ThreadPoolExecutor$Worker@517498b8[State = -1, empty queue]] WARN  server.GrpcLogAppender (GrpcLogAppender.java:timeoutAppendRequest(200)) - d8255f37-89f1-48d2-bcda-7654f43e2557@group-2C4B92B15373->8cbcd714-dd76-45fa-910f-f3e67512086a-GrpcLogAppender: appendEntries Timeout, request=d8255f37-89f1-48d2-bcda-7654f43e2557->8cbcd714-dd76-45fa-910f-f3e67512086a#71-t1, previous=(t:1, i:20), leaderCommit=16, initializing? false, entries: <empty>
2019-09-10 18:10:29,776 [grpc-default-executor-0] WARN  server.GrpcLogAppender (LogUtils.java:warn(134)) - d8255f37-89f1-48d2-bcda-7654f43e2557@group-2C4B92B15373->49bcc910-1f14-48b7-a318-d2e01e8ffdec-AppendLogResponseHandler: Failed appendEntries: org.apache.ratis.thirdparty.io.grpc.StatusRuntimeException: UNAVAILABLE: io exception
2019-09-10 18:10:29,781 [grpc-default-executor-0] INFO  impl.FollowerInfo (FollowerInfo.java:lambda$new$0(51)) - d8255f37-89f1-48d2-bcda-7654f43e2557@group-2C4B92B15373->49bcc910-1f14-48b7-a318-d2e01e8ffdec: nextIndex: updateUnconditionally 12 -> 11
2019-09-10 18:10:30,001 [java.util.concurrent.ThreadPoolExecutor$Worker@6bb7c694[State = -1, empty queue]] WARN  server.GrpcLogAppender (GrpcLogAppender.java:timeoutAppendRequest(200)) - b0fafecf-3418-4e4c-a5e4-e5075743f263@group-73C817937272->4faa59b0-972d-4631-8b2b-dceadefbd7cc-GrpcLogAppender: appendEntries Timeout, request=b0fafecf-3418-4e4c-a5e4-e5075743f263->4faa59b0-972d-4631-8b2b-dceadefbd7cc#69-t1, previous=(t:1, i:16), leaderCommit=16, initializing? false, entries: size=1, first=(t:1, i:17), STATEMACHINELOGENTRY, client-79319F45854E, cid=51
2019-09-10 18:10:30,001 [java.util.concurrent.ThreadPoolExecutor$Worker@54e454ae[State = -1, empty queue]] WARN  server.GrpcLogAppender (GrpcLogAppender.java:timeoutAppendRequest(200)) - b0fafecf-3418-4e4c-a5e4-e5075743f263@group-73C817937272->2e952fcc-3ad7-4f0e-80e3-0277395d1af8-GrpcLogAppender: appendEntries Timeout, request=b0fafecf-3418-4e4c-a5e4-e5075743f263->2e952fcc-3ad7-4f0e-80e3-0277395d1af8#69-t1, previous=(t:1, i:16), leaderCommit=16, initializing? false, entries: size=1, first=(t:1, i:17), STATEMACHINELOGENTRY, client-79319F45854E, cid=51
2019-09-10 18:10:30,001 [java.util.concurrent.ThreadPoolExecutor$Worker@6bb7c694[State = -1, empty queue]] WARN  server.GrpcLogAppender (GrpcLogAppender.java:timeoutAppendRequest(200)) - b0fafecf-3418-4e4c-a5e4-e5075743f263@group-73C817937272->4faa59b0-972d-4631-8b2b-dceadefbd7cc-GrpcLogAppender: appendEntries Timeout, request=b0fafecf-3418-4e4c-a5e4-e5075743f263->4faa59b0-972d-4631-8b2b-dceadefbd7cc#70-t1, previous=(t:1, i:17), leaderCommit=16, initializing? false, entries: size=1, first=(t:1, i:18), STATEMACHINELOGENTRY, client-79319F45854E, cid=52
2019-09-10 18:10:30,008 [java.util.concurrent.ThreadPoolExecutor$Worker@54e454ae[State = -1, empty queue]] WARN  server.GrpcLogAppender (GrpcLogAppender.java:timeoutAppendRequest(200)) - b0fafecf-3418-4e4c-a5e4-e5075743f263@group-73C817937272->2e952fcc-3ad7-4f0e-80e3-0277395d1af8-GrpcLogAppender: appendEntries Timeout, request=b0fafecf-3418-4e4c-a5e4-e5075743f263->2e952fcc-3ad7-4f0e-80e3-0277395d1af8#70-t1, previous=(t:1, i:17), leaderCommit=16, initializing? false, entries: size=1, first=(t:1, i:18), STATEMACHINELOGENTRY, client-79319F45854E, cid=52
2019-09-10 18:10:30,024 [java.util.concurrent.ThreadPoolExecutor$Worker@6bb7c694[State = -1, empty queue]] WARN  server.GrpcLogAppender (GrpcLogAppender.java:timeoutAppendRequest(200)) - b0fafecf-3418-4e4c-a5e4-e5075743f263@group-73C817937272->4faa59b0-972d-4631-8b2b-dceadefbd7cc-GrpcLogAppender: appendEntries Timeout, request=b0fafecf-3418-4e4c-a5e4-e5075743f263->4faa59b0-972d-4631-8b2b-dceadefbd7cc#71-t1, previous=(t:1, i:18), leaderCommit=16, initializing? false, entries: size=1, first=(t:1, i:19), STATEMACHINELOGENTRY, client-79319F45854E, cid=53
2019-09-10 18:10:30,027 [java.util.concurrent.ThreadPoolExecutor$Worker@54e454ae[State = -1, empty queue]] WARN  server.GrpcLogAppender (GrpcLogAppender.java:timeoutAppendRequest(200)) - b0fafecf-3418-4e4c-a5e4-e5075743f263@group-73C817937272->2e952fcc-3ad7-4f0e-80e3-0277395d1af8-GrpcLogAppender: appendEntries Timeout, request=b0fafecf-3418-4e4c-a5e4-e5075743f263->2e952fcc-3ad7-4f0e-80e3-0277395d1af8#71-t1, previous=(t:1, i:18), leaderCommit=16, initializing? false, entries: size=1, first=(t:1, i:19), STATEMACHINELOGENTRY, client-79319F45854E, cid=53
2019-09-10 18:10:30,029 [java.util.concurrent.ThreadPoolExecutor$Worker@6bb7c694[State = -1, empty queue]] WARN  server.GrpcLogAppender (GrpcLogAppender.java:timeoutAppendRequest(200)) - b0fafecf-3418-4e4c-a5e4-e5075743f263@group-73C817937272->4faa59b0-972d-4631-8b2b-dceadefbd7cc-GrpcLogAppender: appendEntries Timeout, request=b0fafecf-3418-4e4c-a5e4-e5075743f263->4faa59b0-972d-4631-8b2b-dceadefbd7cc#72-t1, previous=(t:1, i:19), leaderCommit=16, initializing? false, entries: size=1, first=(t:1, i:20), STATEMACHINELOGENTRY, client-79319F45854E, cid=54
2019-09-10 18:10:30,031 [java.util.concurrent.ThreadPoolExecutor$Worker@54e454ae[State = -1, empty queue]] WARN  server.GrpcLogAppender (GrpcLogAppender.java:timeoutAppendRequest(200)) - b0fafecf-3418-4e4c-a5e4-e5075743f263@group-73C817937272->2e952fcc-3ad7-4f0e-80e3-0277395d1af8-GrpcLogAppender: appendEntries Timeout, request=b0fafecf-3418-4e4c-a5e4-e5075743f263->2e952fcc-3ad7-4f0e-80e3-0277395d1af8#72-t1, previous=(t:1, i:19), leaderCommit=16, initializing? false, entries: size=1, first=(t:1, i:20), STATEMACHINELOGENTRY, client-79319F45854E, cid=54
2019-09-10 18:10:30,267 [java.util.concurrent.ThreadPoolExecutor$Worker@517498b8[State = -1, empty queue]] WARN  server.GrpcLogAppender (GrpcLogAppender.java:timeoutAppendRequest(200)) - d8255f37-89f1-48d2-bcda-7654f43e2557@group-2C4B92B15373->8cbcd714-dd76-45fa-910f-f3e67512086a-GrpcLogAppender: appendEntries Timeout, request=d8255f37-89f1-48d2-bcda-7654f43e2557->8cbcd714-dd76-45fa-910f-f3e67512086a#72-t1, previous=(t:1, i:20), leaderCommit=16, initializing? false, entries: <empty>
2019-09-10 18:10:30,277 [grpc-default-executor-1] WARN  server.GrpcLogAppender (LogUtils.java:warn(134)) - d8255f37-89f1-48d2-bcda-7654f43e2557@group-2C4B92B15373->49bcc910-1f14-48b7-a318-d2e01e8ffdec-AppendLogResponseHandler: Failed appendEntries: org.apache.ratis.thirdparty.io.grpc.StatusRuntimeException: UNAVAILABLE: io exception
2019-09-10 18:10:30,282 [grpc-default-executor-1] INFO  impl.FollowerInfo (FollowerInfo.java:lambda$new$0(51)) - d8255f37-89f1-48d2-bcda-7654f43e2557@group-2C4B92B15373->49bcc910-1f14-48b7-a318-d2e01e8ffdec: nextIndex: updateUnconditionally 11 -> 10
2019-09-10 18:10:30,507 [java.util.concurrent.ThreadPoolExecutor$Worker@6bb7c694[State = -1, empty queue]] WARN  server.GrpcLogAppender (GrpcLogAppender.java:timeoutAppendRequest(200)) - b0fafecf-3418-4e4c-a5e4-e5075743f263@group-73C817937272->4faa59b0-972d-4631-8b2b-dceadefbd7cc-GrpcLogAppender: appendEntries Timeout, request=b0fafecf-3418-4e4c-a5e4-e5075743f263->4faa59b0-972d-4631-8b2b-dceadefbd7cc#73-t1, previous=(t:1, i:20), leaderCommit=16, initializing? false, entries: <empty>
2019-09-10 18:10:30,507 [java.util.concurrent.ThreadPoolExecutor$Worker@54e454ae[State = -1, empty queue]] WARN  server.GrpcLogAppender (GrpcLogAppender.java:timeoutAppendRequest(200)) - b0fafecf-3418-4e4c-a5e4-e5075743f263@group-73C817937272->2e952fcc-3ad7-4f0e-80e3-0277395d1af8-GrpcLogAppender: appendEntries Timeout, request=b0fafecf-3418-4e4c-a5e4-e5075743f263->2e952fcc-3ad7-4f0e-80e3-0277395d1af8#73-t1, previous=(t:1, i:20), leaderCommit=16, initializing? false, entries: <empty>
2019-09-10 18:10:30,767 [java.util.concurrent.ThreadPoolExecutor$Worker@517498b8[State = -1, empty queue]] WARN  server.GrpcLogAppender (GrpcLogAppender.java:timeoutAppendRequest(200)) - d8255f37-89f1-48d2-bcda-7654f43e2557@group-2C4B92B15373->8cbcd714-dd76-45fa-910f-f3e67512086a-GrpcLogAppender: appendEntries Timeout, request=d8255f37-89f1-48d2-bcda-7654f43e2557->8cbcd714-dd76-45fa-910f-f3e67512086a#73-t1, previous=(t:1, i:20), leaderCommit=16, initializing? false, entries: <empty>
2019-09-10 18:10:30,779 [grpc-default-executor-0] WARN  server.GrpcLogAppender (LogUtils.java:warn(134)) - d8255f37-89f1-48d2-bcda-7654f43e2557@group-2C4B92B15373->49bcc910-1f14-48b7-a318-d2e01e8ffdec-AppendLogResponseHandler: Failed appendEntries: org.apache.ratis.thirdparty.io.grpc.StatusRuntimeException: UNAVAILABLE: io exception
2019-09-10 18:10:30,783 [grpc-default-executor-0] INFO  impl.FollowerInfo (FollowerInfo.java:lambda$new$0(51)) - d8255f37-89f1-48d2-bcda-7654f43e2557@group-2C4B92B15373->49bcc910-1f14-48b7-a318-d2e01e8ffdec: nextIndex: updateUnconditionally 10 -> 9
2019-09-10 18:10:31,007 [java.util.concurrent.ThreadPoolExecutor$Worker@6bb7c694[State = -1, empty queue]] WARN  server.GrpcLogAppender (GrpcLogAppender.java:timeoutAppendRequest(200)) - b0fafecf-3418-4e4c-a5e4-e5075743f263@group-73C817937272->4faa59b0-972d-4631-8b2b-dceadefbd7cc-GrpcLogAppender: appendEntries Timeout, request=b0fafecf-3418-4e4c-a5e4-e5075743f263->4faa59b0-972d-4631-8b2b-dceadefbd7cc#74-t1, previous=(t:1, i:20), leaderCommit=16, initializing? false, entries: <empty>
2019-09-10 18:10:31,007 [java.util.concurrent.ThreadPoolExecutor$Worker@54e454ae[State = -1, empty queue]] WARN  server.GrpcLogAppender (GrpcLogAppender.java:timeoutAppendRequest(200)) - b0fafecf-3418-4e4c-a5e4-e5075743f263@group-73C817937272->2e952fcc-3ad7-4f0e-80e3-0277395d1af8-GrpcLogAppender: appendEntries Timeout, request=b0fafecf-3418-4e4c-a5e4-e5075743f263->2e952fcc-3ad7-4f0e-80e3-0277395d1af8#74-t1, previous=(t:1, i:20), leaderCommit=16, initializing? false, entries: <empty>
2019-09-10 18:10:31,267 [java.util.concurrent.ThreadPoolExecutor$Worker@517498b8[State = -1, empty queue]] WARN  server.GrpcLogAppender (GrpcLogAppender.java:timeoutAppendRequest(200)) - d8255f37-89f1-48d2-bcda-7654f43e2557@group-2C4B92B15373->8cbcd714-dd76-45fa-910f-f3e67512086a-GrpcLogAppender: appendEntries Timeout, request=d8255f37-89f1-48d2-bcda-7654f43e2557->8cbcd714-dd76-45fa-910f-f3e67512086a#74-t1, previous=(t:1, i:20), leaderCommit=16, initializing? false, entries: <empty>
2019-09-10 18:10:31,280 [grpc-default-executor-1] WARN  server.GrpcLogAppender (LogUtils.java:warn(134)) - d8255f37-89f1-48d2-bcda-7654f43e2557@group-2C4B92B15373->49bcc910-1f14-48b7-a318-d2e01e8ffdec-AppendLogResponseHandler: Failed appendEntries: org.apache.ratis.thirdparty.io.grpc.StatusRuntimeException: UNAVAILABLE: io exception
2019-09-10 18:10:31,292 [grpc-default-executor-1] INFO  impl.FollowerInfo (FollowerInfo.java:lambda$new$0(51)) - d8255f37-89f1-48d2-bcda-7654f43e2557@group-2C4B92B15373->49bcc910-1f14-48b7-a318-d2e01e8ffdec: nextIndex: updateUnconditionally 9 -> 8
2019-09-10 18:10:31,507 [java.util.concurrent.ThreadPoolExecutor$Worker@6bb7c694[State = -1, empty queue]] WARN  server.GrpcLogAppender (GrpcLogAppender.java:timeoutAppendRequest(200)) - b0fafecf-3418-4e4c-a5e4-e5075743f263@group-73C817937272->4faa59b0-972d-4631-8b2b-dceadefbd7cc-GrpcLogAppender: appendEntries Timeout, request=b0fafecf-3418-4e4c-a5e4-e5075743f263->4faa59b0-972d-4631-8b2b-dceadefbd7cc#75-t1, previous=(t:1, i:20), leaderCommit=16, initializing? false, entries: <empty>
2019-09-10 18:10:31,508 [java.util.concurrent.ThreadPoolExecutor$Worker@54e454ae[State = -1, empty queue]] WARN  server.GrpcLogAppender (GrpcLogAppender.java:timeoutAppendRequest(200)) - b0fafecf-3418-4e4c-a5e4-e5075743f263@group-73C817937272->2e952fcc-3ad7-4f0e-80e3-0277395d1af8-GrpcLogAppender: appendEntries Timeout, request=b0fafecf-3418-4e4c-a5e4-e5075743f263->2e952fcc-3ad7-4f0e-80e3-0277395d1af8#75-t1, previous=(t:1, i:20), leaderCommit=16, initializing? false, entries: <empty>
2019-09-10 18:10:31,768 [java.util.concurrent.ThreadPoolExecutor$Worker@517498b8[State = -1, empty queue]] WARN  server.GrpcLogAppender (GrpcLogAppender.java:timeoutAppendRequest(200)) - d8255f37-89f1-48d2-bcda-7654f43e2557@group-2C4B92B15373->8cbcd714-dd76-45fa-910f-f3e67512086a-GrpcLogAppender: appendEntries Timeout, request=d8255f37-89f1-48d2-bcda-7654f43e2557->8cbcd714-dd76-45fa-910f-f3e67512086a#75-t1, previous=(t:1, i:20), leaderCommit=16, initializing? false, entries: <empty>
2019-09-10 18:10:31,781 [grpc-default-executor-0] WARN  server.GrpcLogAppender (LogUtils.java:warn(134)) - d8255f37-89f1-48d2-bcda-7654f43e2557@group-2C4B92B15373->49bcc910-1f14-48b7-a318-d2e01e8ffdec-AppendLogResponseHandler: Failed appendEntries: org.apache.ratis.thirdparty.io.grpc.StatusRuntimeException: UNAVAILABLE: io exception
2019-09-10 18:10:31,786 [grpc-default-executor-0] INFO  impl.FollowerInfo (FollowerInfo.java:lambda$new$0(51)) - d8255f37-89f1-48d2-bcda-7654f43e2557@group-2C4B92B15373->49bcc910-1f14-48b7-a318-d2e01e8ffdec: nextIndex: updateUnconditionally 8 -> 7
2019-09-10 18:10:32,008 [java.util.concurrent.ThreadPoolExecutor$Worker@6bb7c694[State = -1, empty queue]] WARN  server.GrpcLogAppender (GrpcLogAppender.java:timeoutAppendRequest(200)) - b0fafecf-3418-4e4c-a5e4-e5075743f263@group-73C817937272->4faa59b0-972d-4631-8b2b-dceadefbd7cc-GrpcLogAppender: appendEntries Timeout, request=b0fafecf-3418-4e4c-a5e4-e5075743f263->4faa59b0-972d-4631-8b2b-dceadefbd7cc#76-t1, previous=(t:1, i:20), leaderCommit=16, initializing? false, entries: <empty>
2019-09-10 18:10:32,008 [java.util.concurrent.ThreadPoolExecutor$Worker@54e454ae[State = -1, empty queue]] WARN  server.GrpcLogAppender (GrpcLogAppender.java:timeoutAppendRequest(200)) - b0fafecf-3418-4e4c-a5e4-e5075743f263@group-73C817937272->2e952fcc-3ad7-4f0e-80e3-0277395d1af8-GrpcLogAppender: appendEntries Timeout, request=b0fafecf-3418-4e4c-a5e4-e5075743f263->2e952fcc-3ad7-4f0e-80e3-0277395d1af8#76-t1, previous=(t:1, i:20), leaderCommit=16, initializing? false, entries: <empty>
2019-09-10 18:10:32,037 [grpc-default-executor-4] INFO  client.GrpcClientProtocolClient (GrpcClientProtocolClient.java:onNext(264)) - client-79319F45854E->2e952fcc-3ad7-4f0e-80e3-0277395d1af8: receive RaftClientReply:client-79319F45854E->2e952fcc-3ad7-4f0e-80e3-0277395d1af8@group-73C817937272, cid=51, FAILED org.apache.ratis.protocol.NotLeaderException: Server 2e952fcc-3ad7-4f0e-80e3-0277395d1af8@group-73C817937272 is not the leader b0fafecf-3418-4e4c-a5e4-e5075743f263:192.168.36.113:44499, logIndex=0, commits[2e952fcc-3ad7-4f0e-80e3-0277395d1af8:c16, 4faa59b0-972d-4631-8b2b-dceadefbd7cc:c16, b0fafecf-3418-4e4c-a5e4-e5075743f263:c16]
2019-09-10 18:10:32,188 [d8255f37-89f1-48d2-bcda-7654f43e2557@group-2C4B92B15373-SegmentedRaftLogWorker] WARN  segmented.SegmentedRaftLogWorker (SegmentedRaftLogWorker.java:getFromFuture(90)) - Timeout 2/~
org.apache.ratis.protocol.TimeoutIOException: Timeout 10s: WriteLog:19: (t:1, i:19), STATEMACHINELOGENTRY, client-11D19FBEF510, cid=30-writeStateMachineData
	at org.apache.ratis.util.IOUtils.getFromFuture(IOUtils.java:87)
	at org.apache.ratis.server.raftlog.segmented.SegmentedRaftLogWorker$StateMachineDataPolicy.getFromFuture(SegmentedRaftLogWorker.java:87)
	at org.apache.ratis.server.raftlog.segmented.SegmentedRaftLogWorker$WriteLog.execute(SegmentedRaftLogWorker.java:477)
	at org.apache.ratis.server.raftlog.segmented.SegmentedRaftLogWorker.run(SegmentedRaftLogWorker.java:289)
	at java.lang.Thread.run(Thread.java:748)
Caused by: java.util.concurrent.TimeoutException
	at java.util.concurrent.CompletableFuture.timedGet(CompletableFuture.java:1771)
	at java.util.concurrent.CompletableFuture.get(CompletableFuture.java:1915)
	at org.apache.ratis.util.IOUtils.getFromFuture(IOUtils.java:79)
	... 4 more
2019-09-10 18:10:32,189 [8cbcd714-dd76-45fa-910f-f3e67512086a@group-2C4B92B15373-SegmentedRaftLogWorker] WARN  segmented.SegmentedRaftLogWorker (SegmentedRaftLogWorker.java:getFromFuture(90)) - Timeout 2/~
org.apache.ratis.protocol.TimeoutIOException: Timeout 10s: WriteLog:19: (t:1, i:19), STATEMACHINELOGENTRY, client-11D19FBEF510, cid=30-writeStateMachineData
	at org.apache.ratis.util.IOUtils.getFromFuture(IOUtils.java:87)
	at org.apache.ratis.server.raftlog.segmented.SegmentedRaftLogWorker$StateMachineDataPolicy.getFromFuture(SegmentedRaftLogWorker.java:87)
	at org.apache.ratis.server.raftlog.segmented.SegmentedRaftLogWorker$WriteLog.execute(SegmentedRaftLogWorker.java:477)
	at org.apache.ratis.server.raftlog.segmented.SegmentedRaftLogWorker.run(SegmentedRaftLogWorker.java:289)
	at java.lang.Thread.run(Thread.java:748)
Caused by: java.util.concurrent.TimeoutException
	at java.util.concurrent.CompletableFuture.timedGet(CompletableFuture.java:1771)
	at java.util.concurrent.CompletableFuture.get(CompletableFuture.java:1915)
	at org.apache.ratis.util.IOUtils.getFromFuture(IOUtils.java:79)
	... 4 more
2019-09-10 18:10:32,268 [java.util.concurrent.ThreadPoolExecutor$Worker@517498b8[State = -1, empty queue]] WARN  server.GrpcLogAppender (GrpcLogAppender.java:timeoutAppendRequest(200)) - d8255f37-89f1-48d2-bcda-7654f43e2557@group-2C4B92B15373->8cbcd714-dd76-45fa-910f-f3e67512086a-GrpcLogAppender: appendEntries Timeout, request=d8255f37-89f1-48d2-bcda-7654f43e2557->8cbcd714-dd76-45fa-910f-f3e67512086a#76-t1, previous=(t:1, i:20), leaderCommit=16, initializing? false, entries: <empty>
2019-09-10 18:10:32,282 [grpc-default-executor-4] WARN  server.GrpcLogAppender (LogUtils.java:warn(134)) - d8255f37-89f1-48d2-bcda-7654f43e2557@group-2C4B92B15373->49bcc910-1f14-48b7-a318-d2e01e8ffdec-AppendLogResponseHandler: Failed appendEntries: org.apache.ratis.thirdparty.io.grpc.StatusRuntimeException: UNAVAILABLE: io exception
2019-09-10 18:10:32,285 [grpc-default-executor-4] INFO  impl.FollowerInfo (FollowerInfo.java:lambda$new$0(51)) - d8255f37-89f1-48d2-bcda-7654f43e2557@group-2C4B92B15373->49bcc910-1f14-48b7-a318-d2e01e8ffdec: nextIndex: updateUnconditionally 7 -> 6
2019-09-10 18:10:32,508 [java.util.concurrent.ThreadPoolExecutor$Worker@6bb7c694[State = -1, empty queue]] WARN  server.GrpcLogAppender (GrpcLogAppender.java:timeoutAppendRequest(200)) - b0fafecf-3418-4e4c-a5e4-e5075743f263@group-73C817937272->4faa59b0-972d-4631-8b2b-dceadefbd7cc-GrpcLogAppender: appendEntries Timeout, request=b0fafecf-3418-4e4c-a5e4-e5075743f263->4faa59b0-972d-4631-8b2b-dceadefbd7cc#77-t1, previous=(t:1, i:20), leaderCommit=16, initializing? false, entries: <empty>
2019-09-10 18:10:32,508 [java.util.concurrent.ThreadPoolExecutor$Worker@54e454ae[State = -1, empty queue]] WARN  server.GrpcLogAppender (GrpcLogAppender.java:timeoutAppendRequest(200)) - b0fafecf-3418-4e4c-a5e4-e5075743f263@group-73C817937272->2e952fcc-3ad7-4f0e-80e3-0277395d1af8-GrpcLogAppender: appendEntries Timeout, request=b0fafecf-3418-4e4c-a5e4-e5075743f263->2e952fcc-3ad7-4f0e-80e3-0277395d1af8#77-t1, previous=(t:1, i:20), leaderCommit=16, initializing? false, entries: <empty>
2019-09-10 18:10:32,769 [java.util.concurrent.ThreadPoolExecutor$Worker@517498b8[State = -1, empty queue]] WARN  server.GrpcLogAppender (GrpcLogAppender.java:timeoutAppendRequest(200)) - d8255f37-89f1-48d2-bcda-7654f43e2557@group-2C4B92B15373->8cbcd714-dd76-45fa-910f-f3e67512086a-GrpcLogAppender: appendEntries Timeout, request=d8255f37-89f1-48d2-bcda-7654f43e2557->8cbcd714-dd76-45fa-910f-f3e67512086a#77-t1, previous=(t:1, i:20), leaderCommit=16, initializing? false, entries: <empty>
2019-09-10 18:10:32,784 [grpc-default-executor-4] WARN  server.GrpcLogAppender (LogUtils.java:warn(134)) - d8255f37-89f1-48d2-bcda-7654f43e2557@group-2C4B92B15373->49bcc910-1f14-48b7-a318-d2e01e8ffdec-AppendLogResponseHandler: Failed appendEntries: org.apache.ratis.thirdparty.io.grpc.StatusRuntimeException: UNAVAILABLE: io exception
2019-09-10 18:10:32,790 [grpc-default-executor-4] INFO  impl.FollowerInfo (FollowerInfo.java:lambda$new$0(51)) - d8255f37-89f1-48d2-bcda-7654f43e2557@group-2C4B92B15373->49bcc910-1f14-48b7-a318-d2e01e8ffdec: nextIndex: updateUnconditionally 6 -> 5
2019-09-10 18:10:33,009 [java.util.concurrent.ThreadPoolExecutor$Worker@6bb7c694[State = -1, empty queue]] WARN  server.GrpcLogAppender (GrpcLogAppender.java:timeoutAppendRequest(200)) - b0fafecf-3418-4e4c-a5e4-e5075743f263@group-73C817937272->4faa59b0-972d-4631-8b2b-dceadefbd7cc-GrpcLogAppender: appendEntries Timeout, request=b0fafecf-3418-4e4c-a5e4-e5075743f263->4faa59b0-972d-4631-8b2b-dceadefbd7cc#78-t1, previous=(t:1, i:20), leaderCommit=16, initializing? false, entries: <empty>
2019-09-10 18:10:33,009 [java.util.concurrent.ThreadPoolExecutor$Worker@54e454ae[State = -1, empty queue]] WARN  server.GrpcLogAppender (GrpcLogAppender.java:timeoutAppendRequest(200)) - b0fafecf-3418-4e4c-a5e4-e5075743f263@group-73C817937272->2e952fcc-3ad7-4f0e-80e3-0277395d1af8-GrpcLogAppender: appendEntries Timeout, request=b0fafecf-3418-4e4c-a5e4-e5075743f263->2e952fcc-3ad7-4f0e-80e3-0277395d1af8#78-t1, previous=(t:1, i:20), leaderCommit=16, initializing? false, entries: <empty>
2019-09-10 18:10:33,272 [java.util.concurrent.ThreadPoolExecutor$Worker@517498b8[State = -1, empty queue]] WARN  server.GrpcLogAppender (GrpcLogAppender.java:timeoutAppendRequest(200)) - d8255f37-89f1-48d2-bcda-7654f43e2557@group-2C4B92B15373->8cbcd714-dd76-45fa-910f-f3e67512086a-GrpcLogAppender: appendEntries Timeout, request=d8255f37-89f1-48d2-bcda-7654f43e2557->8cbcd714-dd76-45fa-910f-f3e67512086a#78-t1, previous=(t:1, i:20), leaderCommit=16, initializing? false, entries: <empty>
2019-09-10 18:10:33,285 [grpc-default-executor-1] WARN  server.GrpcLogAppender (LogUtils.java:warn(134)) - d8255f37-89f1-48d2-bcda-7654f43e2557@group-2C4B92B15373->49bcc910-1f14-48b7-a318-d2e01e8ffdec-AppendLogResponseHandler: Failed appendEntries: org.apache.ratis.thirdparty.io.grpc.StatusRuntimeException: UNAVAILABLE: io exception
2019-09-10 18:10:33,291 [grpc-default-executor-1] INFO  impl.FollowerInfo (FollowerInfo.java:lambda$new$0(51)) - d8255f37-89f1-48d2-bcda-7654f43e2557@group-2C4B92B15373->49bcc910-1f14-48b7-a318-d2e01e8ffdec: nextIndex: updateUnconditionally 5 -> 4
2019-09-10 18:10:33,509 [java.util.concurrent.ThreadPoolExecutor$Worker@54e454ae[State = -1, empty queue]] WARN  server.GrpcLogAppender (GrpcLogAppender.java:timeoutAppendRequest(200)) - b0fafecf-3418-4e4c-a5e4-e5075743f263@group-73C817937272->2e952fcc-3ad7-4f0e-80e3-0277395d1af8-GrpcLogAppender: appendEntries Timeout, request=b0fafecf-3418-4e4c-a5e4-e5075743f263->2e952fcc-3ad7-4f0e-80e3-0277395d1af8#79-t1, previous=(t:1, i:20), leaderCommit=16, initializing? false, entries: <empty>
2019-09-10 18:10:33,510 [java.util.concurrent.ThreadPoolExecutor$Worker@6bb7c694[State = -1, empty queue]] WARN  server.GrpcLogAppender (GrpcLogAppender.java:timeoutAppendRequest(200)) - b0fafecf-3418-4e4c-a5e4-e5075743f263@group-73C817937272->4faa59b0-972d-4631-8b2b-dceadefbd7cc-GrpcLogAppender: appendEntries Timeout, request=b0fafecf-3418-4e4c-a5e4-e5075743f263->4faa59b0-972d-4631-8b2b-dceadefbd7cc#79-t1, previous=(t:1, i:20), leaderCommit=16, initializing? false, entries: <empty>
2019-09-10 18:10:33,773 [java.util.concurrent.ThreadPoolExecutor$Worker@517498b8[State = -1, empty queue]] WARN  server.GrpcLogAppender (GrpcLogAppender.java:timeoutAppendRequest(200)) - d8255f37-89f1-48d2-bcda-7654f43e2557@group-2C4B92B15373->8cbcd714-dd76-45fa-910f-f3e67512086a-GrpcLogAppender: appendEntries Timeout, request=d8255f37-89f1-48d2-bcda-7654f43e2557->8cbcd714-dd76-45fa-910f-f3e67512086a#79-t1, previous=(t:1, i:20), leaderCommit=16, initializing? false, entries: <empty>
2019-09-10 18:10:33,788 [grpc-default-executor-0] WARN  server.GrpcLogAppender (LogUtils.java:warn(134)) - d8255f37-89f1-48d2-bcda-7654f43e2557@group-2C4B92B15373->49bcc910-1f14-48b7-a318-d2e01e8ffdec-AppendLogResponseHandler: Failed appendEntries: org.apache.ratis.thirdparty.io.grpc.StatusRuntimeException: UNAVAILABLE: io exception
2019-09-10 18:10:33,792 [grpc-default-executor-0] INFO  impl.FollowerInfo (FollowerInfo.java:lambda$new$0(51)) - d8255f37-89f1-48d2-bcda-7654f43e2557@group-2C4B92B15373->49bcc910-1f14-48b7-a318-d2e01e8ffdec: nextIndex: updateUnconditionally 4 -> 3
2019-09-10 18:10:34,009 [java.util.concurrent.ThreadPoolExecutor$Worker@54e454ae[State = -1, empty queue]] WARN  server.GrpcLogAppender (GrpcLogAppender.java:timeoutAppendRequest(200)) - b0fafecf-3418-4e4c-a5e4-e5075743f263@group-73C817937272->2e952fcc-3ad7-4f0e-80e3-0277395d1af8-GrpcLogAppender: appendEntries Timeout, request=b0fafecf-3418-4e4c-a5e4-e5075743f263->2e952fcc-3ad7-4f0e-80e3-0277395d1af8#80-t1, previous=(t:1, i:20), leaderCommit=16, initializing? false, entries: <empty>
2019-09-10 18:10:34,019 [java.util.concurrent.ThreadPoolExecutor$Worker@6bb7c694[State = -1, empty queue]] WARN  server.GrpcLogAppender (GrpcLogAppender.java:timeoutAppendRequest(200)) - b0fafecf-3418-4e4c-a5e4-e5075743f263@group-73C817937272->4faa59b0-972d-4631-8b2b-dceadefbd7cc-GrpcLogAppender: appendEntries Timeout, request=b0fafecf-3418-4e4c-a5e4-e5075743f263->4faa59b0-972d-4631-8b2b-dceadefbd7cc#80-t1, previous=(t:1, i:20), leaderCommit=16, initializing? false, entries: <empty>
2019-09-10 18:10:34,273 [java.util.concurrent.ThreadPoolExecutor$Worker@517498b8[State = -1, empty queue]] WARN  server.GrpcLogAppender (GrpcLogAppender.java:timeoutAppendRequest(200)) - d8255f37-89f1-48d2-bcda-7654f43e2557@group-2C4B92B15373->8cbcd714-dd76-45fa-910f-f3e67512086a-GrpcLogAppender: appendEntries Timeout, request=d8255f37-89f1-48d2-bcda-7654f43e2557->8cbcd714-dd76-45fa-910f-f3e67512086a#80-t1, previous=(t:1, i:20), leaderCommit=16, initializing? false, entries: <empty>
2019-09-10 18:10:34,288 [grpc-default-executor-0] WARN  server.GrpcLogAppender (LogUtils.java:warn(134)) - d8255f37-89f1-48d2-bcda-7654f43e2557@group-2C4B92B15373->49bcc910-1f14-48b7-a318-d2e01e8ffdec-AppendLogResponseHandler: Failed appendEntries: org.apache.ratis.thirdparty.io.grpc.StatusRuntimeException: UNAVAILABLE: io exception
2019-09-10 18:10:34,291 [grpc-default-executor-0] INFO  impl.FollowerInfo (FollowerInfo.java:lambda$new$0(51)) - d8255f37-89f1-48d2-bcda-7654f43e2557@group-2C4B92B15373->49bcc910-1f14-48b7-a318-d2e01e8ffdec: nextIndex: updateUnconditionally 3 -> 2
2019-09-10 18:10:34,510 [java.util.concurrent.ThreadPoolExecutor$Worker@54e454ae[State = -1, empty queue]] WARN  server.GrpcLogAppender (GrpcLogAppender.java:timeoutAppendRequest(200)) - b0fafecf-3418-4e4c-a5e4-e5075743f263@group-73C817937272->2e952fcc-3ad7-4f0e-80e3-0277395d1af8-GrpcLogAppender: appendEntries Timeout, request=b0fafecf-3418-4e4c-a5e4-e5075743f263->2e952fcc-3ad7-4f0e-80e3-0277395d1af8#81-t1, previous=(t:1, i:20), leaderCommit=16, initializing? false, entries: <empty>
2019-09-10 18:10:34,520 [java.util.concurrent.ThreadPoolExecutor$Worker@6bb7c694[State = -1, empty queue]] WARN  server.GrpcLogAppender (GrpcLogAppender.java:timeoutAppendRequest(200)) - b0fafecf-3418-4e4c-a5e4-e5075743f263@group-73C817937272->4faa59b0-972d-4631-8b2b-dceadefbd7cc-GrpcLogAppender: appendEntries Timeout, request=b0fafecf-3418-4e4c-a5e4-e5075743f263->4faa59b0-972d-4631-8b2b-dceadefbd7cc#81-t1, previous=(t:1, i:20), leaderCommit=16, initializing? false, entries: <empty>
2019-09-10 18:10:34,774 [java.util.concurrent.ThreadPoolExecutor$Worker@517498b8[State = -1, empty queue]] WARN  server.GrpcLogAppender (GrpcLogAppender.java:timeoutAppendRequest(200)) - d8255f37-89f1-48d2-bcda-7654f43e2557@group-2C4B92B15373->8cbcd714-dd76-45fa-910f-f3e67512086a-GrpcLogAppender: appendEntries Timeout, request=d8255f37-89f1-48d2-bcda-7654f43e2557->8cbcd714-dd76-45fa-910f-f3e67512086a#81-t1, previous=(t:1, i:20), leaderCommit=16, initializing? false, entries: <empty>
2019-09-10 18:10:34,788 [grpc-default-executor-4] WARN  server.GrpcLogAppender (LogUtils.java:warn(134)) - d8255f37-89f1-48d2-bcda-7654f43e2557@group-2C4B92B15373->49bcc910-1f14-48b7-a318-d2e01e8ffdec-AppendLogResponseHandler: Failed appendEntries: org.apache.ratis.thirdparty.io.grpc.StatusRuntimeException: UNAVAILABLE: io exception
2019-09-10 18:10:34,792 [grpc-default-executor-4] INFO  impl.FollowerInfo (FollowerInfo.java:lambda$new$0(51)) - d8255f37-89f1-48d2-bcda-7654f43e2557@group-2C4B92B15373->49bcc910-1f14-48b7-a318-d2e01e8ffdec: nextIndex: updateUnconditionally 2 -> 1
2019-09-10 18:10:35,012 [java.util.concurrent.ThreadPoolExecutor$Worker@54e454ae[State = -1, empty queue]] WARN  server.GrpcLogAppender (GrpcLogAppender.java:timeoutAppendRequest(200)) - b0fafecf-3418-4e4c-a5e4-e5075743f263@group-73C817937272->2e952fcc-3ad7-4f0e-80e3-0277395d1af8-GrpcLogAppender: appendEntries Timeout, request=b0fafecf-3418-4e4c-a5e4-e5075743f263->2e952fcc-3ad7-4f0e-80e3-0277395d1af8#82-t1, previous=(t:1, i:20), leaderCommit=16, initializing? false, entries: <empty>
2019-09-10 18:10:35,020 [java.util.concurrent.ThreadPoolExecutor$Worker@6bb7c694[State = -1, empty queue]] WARN  server.GrpcLogAppender (GrpcLogAppender.java:timeoutAppendRequest(200)) - b0fafecf-3418-4e4c-a5e4-e5075743f263@group-73C817937272->4faa59b0-972d-4631-8b2b-dceadefbd7cc-GrpcLogAppender: appendEntries Timeout, request=b0fafecf-3418-4e4c-a5e4-e5075743f263->4faa59b0-972d-4631-8b2b-dceadefbd7cc#82-t1, previous=(t:1, i:20), leaderCommit=16, initializing? false, entries: <empty>
2019-09-10 18:10:35,274 [java.util.concurrent.ThreadPoolExecutor$Worker@517498b8[State = -1, empty queue]] WARN  server.GrpcLogAppender (GrpcLogAppender.java:timeoutAppendRequest(200)) - d8255f37-89f1-48d2-bcda-7654f43e2557@group-2C4B92B15373->8cbcd714-dd76-45fa-910f-f3e67512086a-GrpcLogAppender: appendEntries Timeout, request=d8255f37-89f1-48d2-bcda-7654f43e2557->8cbcd714-dd76-45fa-910f-f3e67512086a#82-t1, previous=(t:1, i:20), leaderCommit=16, initializing? false, entries: <empty>
2019-09-10 18:10:35,290 [grpc-default-executor-1] WARN  server.GrpcLogAppender (LogUtils.java:warn(134)) - d8255f37-89f1-48d2-bcda-7654f43e2557@group-2C4B92B15373->49bcc910-1f14-48b7-a318-d2e01e8ffdec-AppendLogResponseHandler: Failed appendEntries: org.apache.ratis.thirdparty.io.grpc.StatusRuntimeException: UNAVAILABLE: io exception
2019-09-10 18:10:35,294 [grpc-default-executor-1] INFO  impl.FollowerInfo (FollowerInfo.java:lambda$new$0(51)) - d8255f37-89f1-48d2-bcda-7654f43e2557@group-2C4B92B15373->49bcc910-1f14-48b7-a318-d2e01e8ffdec: nextIndex: updateUnconditionally 1 -> 0
2019-09-10 18:10:35,511 [java.util.concurrent.ThreadPoolExecutor$Worker@54e454ae[State = -1, empty queue]] WARN  server.GrpcLogAppender (GrpcLogAppender.java:timeoutAppendRequest(200)) - b0fafecf-3418-4e4c-a5e4-e5075743f263@group-73C817937272->2e952fcc-3ad7-4f0e-80e3-0277395d1af8-GrpcLogAppender: appendEntries Timeout, request=b0fafecf-3418-4e4c-a5e4-e5075743f263->2e952fcc-3ad7-4f0e-80e3-0277395d1af8#83-t1, previous=(t:1, i:20), leaderCommit=16, initializing? false, entries: <empty>
2019-09-10 18:10:35,521 [java.util.concurrent.ThreadPoolExecutor$Worker@6bb7c694[State = -1, empty queue]] WARN  server.GrpcLogAppender (GrpcLogAppender.java:timeoutAppendRequest(200)) - b0fafecf-3418-4e4c-a5e4-e5075743f263@group-73C817937272->4faa59b0-972d-4631-8b2b-dceadefbd7cc-GrpcLogAppender: appendEntries Timeout, request=b0fafecf-3418-4e4c-a5e4-e5075743f263->4faa59b0-972d-4631-8b2b-dceadefbd7cc#83-t1, previous=(t:1, i:20), leaderCommit=16, initializing? false, entries: <empty>
2019-09-10 18:10:35,775 [java.util.concurrent.ThreadPoolExecutor$Worker@517498b8[State = -1, empty queue]] WARN  server.GrpcLogAppender (GrpcLogAppender.java:timeoutAppendRequest(200)) - d8255f37-89f1-48d2-bcda-7654f43e2557@group-2C4B92B15373->8cbcd714-dd76-45fa-910f-f3e67512086a-GrpcLogAppender: appendEntries Timeout, request=d8255f37-89f1-48d2-bcda-7654f43e2557->8cbcd714-dd76-45fa-910f-f3e67512086a#83-t1, previous=(t:1, i:20), leaderCommit=16, initializing? false, entries: <empty>
2019-09-10 18:10:35,791 [grpc-default-executor-1] WARN  server.GrpcLogAppender (LogUtils.java:warn(134)) - d8255f37-89f1-48d2-bcda-7654f43e2557@group-2C4B92B15373->49bcc910-1f14-48b7-a318-d2e01e8ffdec-AppendLogResponseHandler: Failed appendEntries: org.apache.ratis.thirdparty.io.grpc.StatusRuntimeException: UNAVAILABLE: io exception
2019-09-10 18:10:35,796 [grpc-default-executor-1] INFO  impl.FollowerInfo (FollowerInfo.java:lambda$new$0(51)) - d8255f37-89f1-48d2-bcda-7654f43e2557@group-2C4B92B15373->49bcc910-1f14-48b7-a318-d2e01e8ffdec: nextIndex: updateUnconditionally 0 -> 0
2019-09-10 18:10:36,011 [java.util.concurrent.ThreadPoolExecutor$Worker@54e454ae[State = -1, empty queue]] WARN  server.GrpcLogAppender (GrpcLogAppender.java:timeoutAppendRequest(200)) - b0fafecf-3418-4e4c-a5e4-e5075743f263@group-73C817937272->2e952fcc-3ad7-4f0e-80e3-0277395d1af8-GrpcLogAppender: appendEntries Timeout, request=b0fafecf-3418-4e4c-a5e4-e5075743f263->2e952fcc-3ad7-4f0e-80e3-0277395d1af8#84-t1, previous=(t:1, i:20), leaderCommit=16, initializing? false, entries: <empty>
2019-09-10 18:10:36,021 [java.util.concurrent.ThreadPoolExecutor$Worker@6bb7c694[State = -1, empty queue]] WARN  server.GrpcLogAppender (GrpcLogAppender.java:timeoutAppendRequest(200)) - b0fafecf-3418-4e4c-a5e4-e5075743f263@group-73C817937272->4faa59b0-972d-4631-8b2b-dceadefbd7cc-GrpcLogAppender: appendEntries Timeout, request=b0fafecf-3418-4e4c-a5e4-e5075743f263->4faa59b0-972d-4631-8b2b-dceadefbd7cc#84-t1, previous=(t:1, i:20), leaderCommit=16, initializing? false, entries: <empty>
2019-09-10 18:10:36,275 [java.util.concurrent.ThreadPoolExecutor$Worker@517498b8[State = -1, empty queue]] WARN  server.GrpcLogAppender (GrpcLogAppender.java:timeoutAppendRequest(200)) - d8255f37-89f1-48d2-bcda-7654f43e2557@group-2C4B92B15373->8cbcd714-dd76-45fa-910f-f3e67512086a-GrpcLogAppender: appendEntries Timeout, request=d8255f37-89f1-48d2-bcda-7654f43e2557->8cbcd714-dd76-45fa-910f-f3e67512086a#84-t1, previous=(t:1, i:20), leaderCommit=16, initializing? false, entries: <empty>
2019-09-10 18:10:36,291 [grpc-default-executor-0] WARN  server.GrpcLogAppender (LogUtils.java:warn(134)) - d8255f37-89f1-48d2-bcda-7654f43e2557@group-2C4B92B15373->49bcc910-1f14-48b7-a318-d2e01e8ffdec-AppendLogResponseHandler: Failed appendEntries: org.apache.ratis.thirdparty.io.grpc.StatusRuntimeException: UNAVAILABLE: io exception
2019-09-10 18:10:36,295 [grpc-default-executor-0] INFO  impl.FollowerInfo (FollowerInfo.java:lambda$new$0(51)) - d8255f37-89f1-48d2-bcda-7654f43e2557@group-2C4B92B15373->49bcc910-1f14-48b7-a318-d2e01e8ffdec: nextIndex: updateUnconditionally 0 -> 0
2019-09-10 18:10:36,511 [java.util.concurrent.ThreadPoolExecutor$Worker@54e454ae[State = -1, empty queue]] WARN  server.GrpcLogAppender (GrpcLogAppender.java:timeoutAppendRequest(200)) - b0fafecf-3418-4e4c-a5e4-e5075743f263@group-73C817937272->2e952fcc-3ad7-4f0e-80e3-0277395d1af8-GrpcLogAppender: appendEntries Timeout, request=b0fafecf-3418-4e4c-a5e4-e5075743f263->2e952fcc-3ad7-4f0e-80e3-0277395d1af8#85-t1, previous=(t:1, i:20), leaderCommit=16, initializing? false, entries: <empty>
2019-09-10 18:10:36,521 [java.util.concurrent.ThreadPoolExecutor$Worker@6bb7c694[State = -1, empty queue]] WARN  server.GrpcLogAppender (GrpcLogAppender.java:timeoutAppendRequest(200)) - b0fafecf-3418-4e4c-a5e4-e5075743f263@group-73C817937272->4faa59b0-972d-4631-8b2b-dceadefbd7cc-GrpcLogAppender: appendEntries Timeout, request=b0fafecf-3418-4e4c-a5e4-e5075743f263->4faa59b0-972d-4631-8b2b-dceadefbd7cc#85-t1, previous=(t:1, i:20), leaderCommit=16, initializing? false, entries: <empty>
2019-09-10 18:10:36,776 [java.util.concurrent.ThreadPoolExecutor$Worker@517498b8[State = -1, empty queue]] WARN  server.GrpcLogAppender (GrpcLogAppender.java:timeoutAppendRequest(200)) - d8255f37-89f1-48d2-bcda-7654f43e2557@group-2C4B92B15373->8cbcd714-dd76-45fa-910f-f3e67512086a-GrpcLogAppender: appendEntries Timeout, request=d8255f37-89f1-48d2-bcda-7654f43e2557->8cbcd714-dd76-45fa-910f-f3e67512086a#85-t1, previous=(t:1, i:20), leaderCommit=16, initializing? false, entries: <empty>
2019-09-10 18:10:36,821 [grpc-default-executor-1] WARN  server.GrpcLogAppender (LogUtils.java:warn(134)) - d8255f37-89f1-48d2-bcda-7654f43e2557@group-2C4B92B15373->49bcc910-1f14-48b7-a318-d2e01e8ffdec-AppendLogResponseHandler: Failed appendEntries: org.apache.ratis.thirdparty.io.grpc.StatusRuntimeException: UNAVAILABLE: io exception
2019-09-10 18:10:36,824 [grpc-default-executor-1] INFO  impl.FollowerInfo (FollowerInfo.java:lambda$new$0(51)) - d8255f37-89f1-48d2-bcda-7654f43e2557@group-2C4B92B15373->49bcc910-1f14-48b7-a318-d2e01e8ffdec: nextIndex: updateUnconditionally 0 -> 0
2019-09-10 18:10:36,999 [b0fafecf-3418-4e4c-a5e4-e5075743f263@group-73C817937272-SegmentedRaftLogWorker] WARN  segmented.SegmentedRaftLogWorker (SegmentedRaftLogWorker.java:getFromFuture(90)) - Timeout 0/~
org.apache.ratis.protocol.TimeoutIOException: Timeout 10s: WriteLog:17: (t:1, i:17), STATEMACHINELOGENTRY, client-79319F45854E, cid=51-writeStateMachineData
	at org.apache.ratis.util.IOUtils.getFromFuture(IOUtils.java:87)
	at org.apache.ratis.server.raftlog.segmented.SegmentedRaftLogWorker$StateMachineDataPolicy.getFromFuture(SegmentedRaftLogWorker.java:87)
	at org.apache.ratis.server.raftlog.segmented.SegmentedRaftLogWorker$WriteLog.execute(SegmentedRaftLogWorker.java:477)
	at org.apache.ratis.server.raftlog.segmented.SegmentedRaftLogWorker.run(SegmentedRaftLogWorker.java:289)
	at java.lang.Thread.run(Thread.java:748)
Caused by: java.util.concurrent.TimeoutException
	at java.util.concurrent.CompletableFuture.timedGet(CompletableFuture.java:1771)
	at java.util.concurrent.CompletableFuture.get(CompletableFuture.java:1915)
	at org.apache.ratis.util.IOUtils.getFromFuture(IOUtils.java:79)
	... 4 more
2019-09-10 18:10:37,005 [4faa59b0-972d-4631-8b2b-dceadefbd7cc@group-73C817937272-SegmentedRaftLogWorker] WARN  segmented.SegmentedRaftLogWorker (SegmentedRaftLogWorker.java:getFromFuture(90)) - Timeout 0/~
org.apache.ratis.protocol.TimeoutIOException: Timeout 10s: WriteLog:17: (t:1, i:17), STATEMACHINELOGENTRY, client-79319F45854E, cid=51-writeStateMachineData
	at org.apache.ratis.util.IOUtils.getFromFuture(IOUtils.java:87)
	at org.apache.ratis.server.raftlog.segmented.SegmentedRaftLogWorker$StateMachineDataPolicy.getFromFuture(SegmentedRaftLogWorker.java:87)
	at org.apache.ratis.server.raftlog.segmented.SegmentedRaftLogWorker$WriteLog.execute(SegmentedRaftLogWorker.java:477)
	at org.apache.ratis.server.raftlog.segmented.SegmentedRaftLogWorker.run(SegmentedRaftLogWorker.java:289)
	at java.lang.Thread.run(Thread.java:748)
Caused by: java.util.concurrent.TimeoutException
	at java.util.concurrent.CompletableFuture.timedGet(CompletableFuture.java:1771)
	at java.util.concurrent.CompletableFuture.get(CompletableFuture.java:1915)
	at org.apache.ratis.util.IOUtils.getFromFuture(IOUtils.java:79)
	... 4 more
2019-09-10 18:10:37,006 [2e952fcc-3ad7-4f0e-80e3-0277395d1af8@group-73C817937272-SegmentedRaftLogWorker] WARN  segmented.SegmentedRaftLogWorker (SegmentedRaftLogWorker.java:getFromFuture(90)) - Timeout 0/~
org.apache.ratis.protocol.TimeoutIOException: Timeout 10s: WriteLog:17: (t:1, i:17), STATEMACHINELOGENTRY, client-79319F45854E, cid=51-writeStateMachineData
	at org.apache.ratis.util.IOUtils.getFromFuture(IOUtils.java:87)
	at org.apache.ratis.server.raftlog.segmented.SegmentedRaftLogWorker$StateMachineDataPolicy.getFromFuture(SegmentedRaftLogWorker.java:87)
	at org.apache.ratis.server.raftlog.segmented.SegmentedRaftLogWorker$WriteLog.execute(SegmentedRaftLogWorker.java:477)
	at org.apache.ratis.server.raftlog.segmented.SegmentedRaftLogWorker.run(SegmentedRaftLogWorker.java:289)
	at java.lang.Thread.run(Thread.java:748)
Caused by: java.util.concurrent.TimeoutException
	at java.util.concurrent.CompletableFuture.timedGet(CompletableFuture.java:1771)
	at java.util.concurrent.CompletableFuture.get(CompletableFuture.java:1915)
	at org.apache.ratis.util.IOUtils.getFromFuture(IOUtils.java:79)
	... 4 more
2019-09-10 18:10:37,012 [java.util.concurrent.ThreadPoolExecutor$Worker@54e454ae[State = -1, empty queue]] WARN  server.GrpcLogAppender (GrpcLogAppender.java:timeoutAppendRequest(200)) - b0fafecf-3418-4e4c-a5e4-e5075743f263@group-73C817937272->2e952fcc-3ad7-4f0e-80e3-0277395d1af8-GrpcLogAppender: appendEntries Timeout, request=b0fafecf-3418-4e4c-a5e4-e5075743f263->2e952fcc-3ad7-4f0e-80e3-0277395d1af8#86-t1, previous=(t:1, i:20), leaderCommit=16, initializing? false, entries: <empty>
2019-09-10 18:10:37,022 [java.util.concurrent.ThreadPoolExecutor$Worker@6bb7c694[State = -1, empty queue]] WARN  server.GrpcLogAppender (GrpcLogAppender.java:timeoutAppendRequest(200)) - b0fafecf-3418-4e4c-a5e4-e5075743f263@group-73C817937272->4faa59b0-972d-4631-8b2b-dceadefbd7cc-GrpcLogAppender: appendEntries Timeout, request=b0fafecf-3418-4e4c-a5e4-e5075743f263->4faa59b0-972d-4631-8b2b-dceadefbd7cc#86-t1, previous=(t:1, i:20), leaderCommit=16, initializing? false, entries: <empty>
2019-09-10 18:10:37,090 [grpc-default-executor-1] INFO  client.GrpcClientProtocolClient (GrpcClientProtocolClient.java:onNext(264)) - client-79319F45854E->4faa59b0-972d-4631-8b2b-dceadefbd7cc: receive RaftClientReply:client-79319F45854E->4faa59b0-972d-4631-8b2b-dceadefbd7cc@group-73C817937272, cid=51, FAILED org.apache.ratis.protocol.NotLeaderException: Server 4faa59b0-972d-4631-8b2b-dceadefbd7cc@group-73C817937272 is not the leader b0fafecf-3418-4e4c-a5e4-e5075743f263:192.168.36.113:44499, logIndex=0, commits[4faa59b0-972d-4631-8b2b-dceadefbd7cc:c16, b0fafecf-3418-4e4c-a5e4-e5075743f263:c16, 2e952fcc-3ad7-4f0e-80e3-0277395d1af8:c16]
2019-09-10 18:10:37,276 [java.util.concurrent.ThreadPoolExecutor$Worker@517498b8[State = -1, empty queue]] WARN  server.GrpcLogAppender (GrpcLogAppender.java:timeoutAppendRequest(200)) - d8255f37-89f1-48d2-bcda-7654f43e2557@group-2C4B92B15373->8cbcd714-dd76-45fa-910f-f3e67512086a-GrpcLogAppender: appendEntries Timeout, request=d8255f37-89f1-48d2-bcda-7654f43e2557->8cbcd714-dd76-45fa-910f-f3e67512086a#86-t1, previous=(t:1, i:20), leaderCommit=16, initializing? false, entries: <empty>
2019-09-10 18:10:37,293 [grpc-default-executor-4] WARN  server.GrpcLogAppender (LogUtils.java:warn(134)) - d8255f37-89f1-48d2-bcda-7654f43e2557@group-2C4B92B15373->49bcc910-1f14-48b7-a318-d2e01e8ffdec-AppendLogResponseHandler: Failed appendEntries: org.apache.ratis.thirdparty.io.grpc.StatusRuntimeException: UNAVAILABLE: io exception
2019-09-10 18:10:37,304 [grpc-default-executor-4] INFO  impl.FollowerInfo (FollowerInfo.java:lambda$new$0(51)) - d8255f37-89f1-48d2-bcda-7654f43e2557@group-2C4B92B15373->49bcc910-1f14-48b7-a318-d2e01e8ffdec: nextIndex: updateUnconditionally 0 -> 0
2019-09-10 18:10:37,512 [java.util.concurrent.ThreadPoolExecutor$Worker@54e454ae[State = -1, empty queue]] WARN  server.GrpcLogAppender (GrpcLogAppender.java:timeoutAppendRequest(200)) - b0fafecf-3418-4e4c-a5e4-e5075743f263@group-73C817937272->2e952fcc-3ad7-4f0e-80e3-0277395d1af8-GrpcLogAppender: appendEntries Timeout, request=b0fafecf-3418-4e4c-a5e4-e5075743f263->2e952fcc-3ad7-4f0e-80e3-0277395d1af8#87-t1, previous=(t:1, i:20), leaderCommit=16, initializing? false, entries: <empty>
2019-09-10 18:10:37,522 [java.util.concurrent.ThreadPoolExecutor$Worker@6bb7c694[State = -1, empty queue]] WARN  server.GrpcLogAppender (GrpcLogAppender.java:timeoutAppendRequest(200)) - b0fafecf-3418-4e4c-a5e4-e5075743f263@group-73C817937272->4faa59b0-972d-4631-8b2b-dceadefbd7cc-GrpcLogAppender: appendEntries Timeout, request=b0fafecf-3418-4e4c-a5e4-e5075743f263->4faa59b0-972d-4631-8b2b-dceadefbd7cc#87-t1, previous=(t:1, i:20), leaderCommit=16, initializing? false, entries: <empty>
2019-09-10 18:10:37,776 [java.util.concurrent.ThreadPoolExecutor$Worker@517498b8[State = -1, empty queue]] WARN  server.GrpcLogAppender (GrpcLogAppender.java:timeoutAppendRequest(200)) - d8255f37-89f1-48d2-bcda-7654f43e2557@group-2C4B92B15373->8cbcd714-dd76-45fa-910f-f3e67512086a-GrpcLogAppender: appendEntries Timeout, request=d8255f37-89f1-48d2-bcda-7654f43e2557->8cbcd714-dd76-45fa-910f-f3e67512086a#87-t1, previous=(t:1, i:20), leaderCommit=16, initializing? false, entries: <empty>
2019-09-10 18:10:37,795 [grpc-default-executor-4] WARN  server.GrpcLogAppender (LogUtils.java:warn(134)) - d8255f37-89f1-48d2-bcda-7654f43e2557@group-2C4B92B15373->49bcc910-1f14-48b7-a318-d2e01e8ffdec-AppendLogResponseHandler: Failed appendEntries: org.apache.ratis.thirdparty.io.grpc.StatusRuntimeException: UNAVAILABLE: io exception
2019-09-10 18:10:37,798 [grpc-default-executor-4] INFO  impl.FollowerInfo (FollowerInfo.java:lambda$new$0(51)) - d8255f37-89f1-48d2-bcda-7654f43e2557@group-2C4B92B15373->49bcc910-1f14-48b7-a318-d2e01e8ffdec: nextIndex: updateUnconditionally 0 -> 0
2019-09-10 18:10:38,014 [java.util.concurrent.ThreadPoolExecutor$Worker@54e454ae[State = -1, empty queue]] WARN  server.GrpcLogAppender (GrpcLogAppender.java:timeoutAppendRequest(200)) - b0fafecf-3418-4e4c-a5e4-e5075743f263@group-73C817937272->2e952fcc-3ad7-4f0e-80e3-0277395d1af8-GrpcLogAppender: appendEntries Timeout, request=b0fafecf-3418-4e4c-a5e4-e5075743f263->2e952fcc-3ad7-4f0e-80e3-0277395d1af8#88-t1, previous=(t:1, i:20), leaderCommit=16, initializing? false, entries: <empty>
2019-09-10 18:10:38,022 [java.util.concurrent.ThreadPoolExecutor$Worker@6bb7c694[State = -1, empty queue]] WARN  server.GrpcLogAppender (GrpcLogAppender.java:timeoutAppendRequest(200)) - b0fafecf-3418-4e4c-a5e4-e5075743f263@group-73C817937272->4faa59b0-972d-4631-8b2b-dceadefbd7cc-GrpcLogAppender: appendEntries Timeout, request=b0fafecf-3418-4e4c-a5e4-e5075743f263->4faa59b0-972d-4631-8b2b-dceadefbd7cc#88-t1, previous=(t:1, i:20), leaderCommit=16, initializing? false, entries: <empty>
2019-09-10 18:10:38,277 [java.util.concurrent.ThreadPoolExecutor$Worker@517498b8[State = -1, empty queue]] WARN  server.GrpcLogAppender (GrpcLogAppender.java:timeoutAppendRequest(200)) - d8255f37-89f1-48d2-bcda-7654f43e2557@group-2C4B92B15373->8cbcd714-dd76-45fa-910f-f3e67512086a-GrpcLogAppender: appendEntries Timeout, request=d8255f37-89f1-48d2-bcda-7654f43e2557->8cbcd714-dd76-45fa-910f-f3e67512086a#88-t1, previous=(t:1, i:20), leaderCommit=16, initializing? false, entries: <empty>
2019-09-10 18:10:38,295 [grpc-default-executor-1] WARN  server.GrpcLogAppender (LogUtils.java:warn(134)) - d8255f37-89f1-48d2-bcda-7654f43e2557@group-2C4B92B15373->49bcc910-1f14-48b7-a318-d2e01e8ffdec-AppendLogResponseHandler: Failed appendEntries: org.apache.ratis.thirdparty.io.grpc.StatusRuntimeException: UNAVAILABLE: io exception
2019-09-10 18:10:38,299 [grpc-default-executor-1] INFO  impl.FollowerInfo (FollowerInfo.java:lambda$new$0(51)) - d8255f37-89f1-48d2-bcda-7654f43e2557@group-2C4B92B15373->49bcc910-1f14-48b7-a318-d2e01e8ffdec: nextIndex: updateUnconditionally 0 -> 0
2019-09-10 18:10:38,515 [java.util.concurrent.ThreadPoolExecutor$Worker@54e454ae[State = -1, empty queue]] WARN  server.GrpcLogAppender (GrpcLogAppender.java:timeoutAppendRequest(200)) - b0fafecf-3418-4e4c-a5e4-e5075743f263@group-73C817937272->2e952fcc-3ad7-4f0e-80e3-0277395d1af8-GrpcLogAppender: appendEntries Timeout, request=b0fafecf-3418-4e4c-a5e4-e5075743f263->2e952fcc-3ad7-4f0e-80e3-0277395d1af8#89-t1, previous=(t:1, i:20), leaderCommit=16, initializing? false, entries: <empty>
2019-09-10 18:10:38,523 [java.util.concurrent.ThreadPoolExecutor$Worker@6bb7c694[State = -1, empty queue]] WARN  server.GrpcLogAppender (GrpcLogAppender.java:timeoutAppendRequest(200)) - b0fafecf-3418-4e4c-a5e4-e5075743f263@group-73C817937272->4faa59b0-972d-4631-8b2b-dceadefbd7cc-GrpcLogAppender: appendEntries Timeout, request=b0fafecf-3418-4e4c-a5e4-e5075743f263->4faa59b0-972d-4631-8b2b-dceadefbd7cc#89-t1, previous=(t:1, i:20), leaderCommit=16, initializing? false, entries: <empty>
2019-09-10 18:10:38,778 [java.util.concurrent.ThreadPoolExecutor$Worker@517498b8[State = -1, empty queue]] WARN  server.GrpcLogAppender (GrpcLogAppender.java:timeoutAppendRequest(200)) - d8255f37-89f1-48d2-bcda-7654f43e2557@group-2C4B92B15373->8cbcd714-dd76-45fa-910f-f3e67512086a-GrpcLogAppender: appendEntries Timeout, request=d8255f37-89f1-48d2-bcda-7654f43e2557->8cbcd714-dd76-45fa-910f-f3e67512086a#89-t1, previous=(t:1, i:20), leaderCommit=16, initializing? false, entries: <empty>
2019-09-10 18:10:38,798 [grpc-default-executor-0] WARN  server.GrpcLogAppender (LogUtils.java:warn(134)) - d8255f37-89f1-48d2-bcda-7654f43e2557@group-2C4B92B15373->49bcc910-1f14-48b7-a318-d2e01e8ffdec-AppendLogResponseHandler: Failed appendEntries: org.apache.ratis.thirdparty.io.grpc.StatusRuntimeException: UNAVAILABLE: io exception
2019-09-10 18:10:38,805 [grpc-default-executor-0] INFO  impl.FollowerInfo (FollowerInfo.java:lambda$new$0(51)) - d8255f37-89f1-48d2-bcda-7654f43e2557@group-2C4B92B15373->49bcc910-1f14-48b7-a318-d2e01e8ffdec: nextIndex: updateUnconditionally 0 -> 0
2019-09-10 18:10:39,015 [java.util.concurrent.ThreadPoolExecutor$Worker@54e454ae[State = -1, empty queue]] WARN  server.GrpcLogAppender (GrpcLogAppender.java:timeoutAppendRequest(200)) - b0fafecf-3418-4e4c-a5e4-e5075743f263@group-73C817937272->2e952fcc-3ad7-4f0e-80e3-0277395d1af8-GrpcLogAppender: appendEntries Timeout, request=b0fafecf-3418-4e4c-a5e4-e5075743f263->2e952fcc-3ad7-4f0e-80e3-0277395d1af8#90-t1, previous=(t:1, i:20), leaderCommit=16, initializing? false, entries: <empty>
2019-09-10 18:10:39,023 [java.util.concurrent.ThreadPoolExecutor$Worker@6bb7c694[State = -1, empty queue]] WARN  server.GrpcLogAppender (GrpcLogAppender.java:timeoutAppendRequest(200)) - b0fafecf-3418-4e4c-a5e4-e5075743f263@group-73C817937272->4faa59b0-972d-4631-8b2b-dceadefbd7cc-GrpcLogAppender: appendEntries Timeout, request=b0fafecf-3418-4e4c-a5e4-e5075743f263->4faa59b0-972d-4631-8b2b-dceadefbd7cc#90-t1, previous=(t:1, i:20), leaderCommit=16, initializing? false, entries: <empty>
2019-09-10 18:10:39,278 [java.util.concurrent.ThreadPoolExecutor$Worker@517498b8[State = -1, empty queue]] WARN  server.GrpcLogAppender (GrpcLogAppender.java:timeoutAppendRequest(200)) - d8255f37-89f1-48d2-bcda-7654f43e2557@group-2C4B92B15373->8cbcd714-dd76-45fa-910f-f3e67512086a-GrpcLogAppender: appendEntries Timeout, request=d8255f37-89f1-48d2-bcda-7654f43e2557->8cbcd714-dd76-45fa-910f-f3e67512086a#90-t1, previous=(t:1, i:20), leaderCommit=16, initializing? false, entries: <empty>
2019-09-10 18:10:39,299 [grpc-default-executor-1] WARN  server.GrpcLogAppender (LogUtils.java:warn(134)) - d8255f37-89f1-48d2-bcda-7654f43e2557@group-2C4B92B15373->49bcc910-1f14-48b7-a318-d2e01e8ffdec-AppendLogResponseHandler: Failed appendEntries: org.apache.ratis.thirdparty.io.grpc.StatusRuntimeException: UNAVAILABLE: io exception
2019-09-10 18:10:39,304 [grpc-default-executor-1] INFO  impl.FollowerInfo (FollowerInfo.java:lambda$new$0(51)) - d8255f37-89f1-48d2-bcda-7654f43e2557@group-2C4B92B15373->49bcc910-1f14-48b7-a318-d2e01e8ffdec: nextIndex: updateUnconditionally 0 -> 0
2019-09-10 18:10:39,515 [java.util.concurrent.ThreadPoolExecutor$Worker@54e454ae[State = -1, empty queue]] WARN  server.GrpcLogAppender (GrpcLogAppender.java:timeoutAppendRequest(200)) - b0fafecf-3418-4e4c-a5e4-e5075743f263@group-73C817937272->2e952fcc-3ad7-4f0e-80e3-0277395d1af8-GrpcLogAppender: appendEntries Timeout, request=b0fafecf-3418-4e4c-a5e4-e5075743f263->2e952fcc-3ad7-4f0e-80e3-0277395d1af8#91-t1, previous=(t:1, i:20), leaderCommit=16, initializing? false, entries: <empty>
2019-09-10 18:10:39,523 [java.util.concurrent.ThreadPoolExecutor$Worker@6bb7c694[State = -1, empty queue]] WARN  server.GrpcLogAppender (GrpcLogAppender.java:timeoutAppendRequest(200)) - b0fafecf-3418-4e4c-a5e4-e5075743f263@group-73C817937272->4faa59b0-972d-4631-8b2b-dceadefbd7cc-GrpcLogAppender: appendEntries Timeout, request=b0fafecf-3418-4e4c-a5e4-e5075743f263->4faa59b0-972d-4631-8b2b-dceadefbd7cc#91-t1, previous=(t:1, i:20), leaderCommit=16, initializing? false, entries: <empty>
2019-09-10 18:10:39,778 [java.util.concurrent.ThreadPoolExecutor$Worker@517498b8[State = -1, empty queue]] WARN  server.GrpcLogAppender (GrpcLogAppender.java:timeoutAppendRequest(200)) - d8255f37-89f1-48d2-bcda-7654f43e2557@group-2C4B92B15373->8cbcd714-dd76-45fa-910f-f3e67512086a-GrpcLogAppender: appendEntries Timeout, request=d8255f37-89f1-48d2-bcda-7654f43e2557->8cbcd714-dd76-45fa-910f-f3e67512086a#91-t1, previous=(t:1, i:20), leaderCommit=16, initializing? false, entries: <empty>
2019-09-10 18:10:39,802 [grpc-default-executor-4] WARN  server.GrpcLogAppender (LogUtils.java:warn(134)) - d8255f37-89f1-48d2-bcda-7654f43e2557@group-2C4B92B15373->49bcc910-1f14-48b7-a318-d2e01e8ffdec-AppendLogResponseHandler: Failed appendEntries: org.apache.ratis.thirdparty.io.grpc.StatusRuntimeException: UNAVAILABLE: io exception
2019-09-10 18:10:39,825 [grpc-default-executor-4] INFO  impl.FollowerInfo (FollowerInfo.java:lambda$new$0(51)) - d8255f37-89f1-48d2-bcda-7654f43e2557@group-2C4B92B15373->49bcc910-1f14-48b7-a318-d2e01e8ffdec: nextIndex: updateUnconditionally 0 -> 0
2019-09-10 18:10:40,016 [java.util.concurrent.ThreadPoolExecutor$Worker@54e454ae[State = -1, empty queue]] WARN  server.GrpcLogAppender (GrpcLogAppender.java:timeoutAppendRequest(200)) - b0fafecf-3418-4e4c-a5e4-e5075743f263@group-73C817937272->2e952fcc-3ad7-4f0e-80e3-0277395d1af8-GrpcLogAppender: appendEntries Timeout, request=b0fafecf-3418-4e4c-a5e4-e5075743f263->2e952fcc-3ad7-4f0e-80e3-0277395d1af8#92-t1, previous=(t:1, i:20), leaderCommit=16, initializing? false, entries: <empty>
2019-09-10 18:10:40,023 [java.util.concurrent.ThreadPoolExecutor$Worker@6bb7c694[State = -1, empty queue]] WARN  server.GrpcLogAppender (GrpcLogAppender.java:timeoutAppendRequest(200)) - b0fafecf-3418-4e4c-a5e4-e5075743f263@group-73C817937272->4faa59b0-972d-4631-8b2b-dceadefbd7cc-GrpcLogAppender: appendEntries Timeout, request=b0fafecf-3418-4e4c-a5e4-e5075743f263->4faa59b0-972d-4631-8b2b-dceadefbd7cc#92-t1, previous=(t:1, i:20), leaderCommit=16, initializing? false, entries: <empty>
2019-09-10 18:10:40,279 [java.util.concurrent.ThreadPoolExecutor$Worker@517498b8[State = -1, empty queue]] WARN  server.GrpcLogAppender (GrpcLogAppender.java:timeoutAppendRequest(200)) - d8255f37-89f1-48d2-bcda-7654f43e2557@group-2C4B92B15373->8cbcd714-dd76-45fa-910f-f3e67512086a-GrpcLogAppender: appendEntries Timeout, request=d8255f37-89f1-48d2-bcda-7654f43e2557->8cbcd714-dd76-45fa-910f-f3e67512086a#92-t1, previous=(t:1, i:20), leaderCommit=16, initializing? false, entries: <empty>
2019-09-10 18:10:40,303 [grpc-default-executor-1] WARN  server.GrpcLogAppender (LogUtils.java:warn(134)) - d8255f37-89f1-48d2-bcda-7654f43e2557@group-2C4B92B15373->49bcc910-1f14-48b7-a318-d2e01e8ffdec-AppendLogResponseHandler: Failed appendEntries: org.apache.ratis.thirdparty.io.grpc.StatusRuntimeException: UNAVAILABLE: io exception
2019-09-10 18:10:40,304 [grpc-default-executor-1] INFO  impl.FollowerInfo (FollowerInfo.java:lambda$new$0(51)) - d8255f37-89f1-48d2-bcda-7654f43e2557@group-2C4B92B15373->49bcc910-1f14-48b7-a318-d2e01e8ffdec: nextIndex: updateUnconditionally 0 -> 0
2019-09-10 18:10:40,516 [java.util.concurrent.ThreadPoolExecutor$Worker@54e454ae[State = -1, empty queue]] WARN  server.GrpcLogAppender (GrpcLogAppender.java:timeoutAppendRequest(200)) - b0fafecf-3418-4e4c-a5e4-e5075743f263@group-73C817937272->2e952fcc-3ad7-4f0e-80e3-0277395d1af8-GrpcLogAppender: appendEntries Timeout, request=b0fafecf-3418-4e4c-a5e4-e5075743f263->2e952fcc-3ad7-4f0e-80e3-0277395d1af8#93-t1, previous=(t:1, i:20), leaderCommit=16, initializing? false, entries: <empty>
2019-09-10 18:10:40,523 [java.util.concurrent.ThreadPoolExecutor$Worker@6bb7c694[State = -1, empty queue]] WARN  server.GrpcLogAppender (GrpcLogAppender.java:timeoutAppendRequest(200)) - b0fafecf-3418-4e4c-a5e4-e5075743f263@group-73C817937272->4faa59b0-972d-4631-8b2b-dceadefbd7cc-GrpcLogAppender: appendEntries Timeout, request=b0fafecf-3418-4e4c-a5e4-e5075743f263->4faa59b0-972d-4631-8b2b-dceadefbd7cc#93-t1, previous=(t:1, i:20), leaderCommit=16, initializing? false, entries: <empty>
2019-09-10 18:10:40,779 [java.util.concurrent.ThreadPoolExecutor$Worker@517498b8[State = -1, empty queue]] WARN  server.GrpcLogAppender (GrpcLogAppender.java:timeoutAppendRequest(200)) - d8255f37-89f1-48d2-bcda-7654f43e2557@group-2C4B92B15373->8cbcd714-dd76-45fa-910f-f3e67512086a-GrpcLogAppender: appendEntries Timeout, request=d8255f37-89f1-48d2-bcda-7654f43e2557->8cbcd714-dd76-45fa-910f-f3e67512086a#93-t1, previous=(t:1, i:20), leaderCommit=16, initializing? false, entries: <empty>
2019-09-10 18:10:40,806 [grpc-default-executor-4] WARN  server.GrpcLogAppender (LogUtils.java:warn(134)) - d8255f37-89f1-48d2-bcda-7654f43e2557@group-2C4B92B15373->49bcc910-1f14-48b7-a318-d2e01e8ffdec-AppendLogResponseHandler: Failed appendEntries: org.apache.ratis.thirdparty.io.grpc.StatusRuntimeException: UNAVAILABLE: io exception
2019-09-10 18:10:40,807 [grpc-default-executor-4] INFO  impl.FollowerInfo (FollowerInfo.java:lambda$new$0(51)) - d8255f37-89f1-48d2-bcda-7654f43e2557@group-2C4B92B15373->49bcc910-1f14-48b7-a318-d2e01e8ffdec: nextIndex: updateUnconditionally 0 -> 0
2019-09-10 18:10:41,017 [java.util.concurrent.ThreadPoolExecutor$Worker@54e454ae[State = -1, empty queue]] WARN  server.GrpcLogAppender (GrpcLogAppender.java:timeoutAppendRequest(200)) - b0fafecf-3418-4e4c-a5e4-e5075743f263@group-73C817937272->2e952fcc-3ad7-4f0e-80e3-0277395d1af8-GrpcLogAppender: appendEntries Timeout, request=b0fafecf-3418-4e4c-a5e4-e5075743f263->2e952fcc-3ad7-4f0e-80e3-0277395d1af8#94-t1, previous=(t:1, i:20), leaderCommit=16, initializing? false, entries: <empty>
2019-09-10 18:10:41,024 [java.util.concurrent.ThreadPoolExecutor$Worker@6bb7c694[State = -1, empty queue]] WARN  server.GrpcLogAppender (GrpcLogAppender.java:timeoutAppendRequest(200)) - b0fafecf-3418-4e4c-a5e4-e5075743f263@group-73C817937272->4faa59b0-972d-4631-8b2b-dceadefbd7cc-GrpcLogAppender: appendEntries Timeout, request=b0fafecf-3418-4e4c-a5e4-e5075743f263->4faa59b0-972d-4631-8b2b-dceadefbd7cc#94-t1, previous=(t:1, i:20), leaderCommit=16, initializing? false, entries: <empty>
2019-09-10 18:10:41,279 [java.util.concurrent.ThreadPoolExecutor$Worker@517498b8[State = -1, empty queue]] WARN  server.GrpcLogAppender (GrpcLogAppender.java:timeoutAppendRequest(200)) - d8255f37-89f1-48d2-bcda-7654f43e2557@group-2C4B92B15373->8cbcd714-dd76-45fa-910f-f3e67512086a-GrpcLogAppender: appendEntries Timeout, request=d8255f37-89f1-48d2-bcda-7654f43e2557->8cbcd714-dd76-45fa-910f-f3e67512086a#94-t1, previous=(t:1, i:20), leaderCommit=16, initializing? false, entries: <empty>
2019-09-10 18:10:41,306 [grpc-default-executor-0] WARN  server.GrpcLogAppender (LogUtils.java:warn(134)) - d8255f37-89f1-48d2-bcda-7654f43e2557@group-2C4B92B15373->49bcc910-1f14-48b7-a318-d2e01e8ffdec-AppendLogResponseHandler: Failed appendEntries: org.apache.ratis.thirdparty.io.grpc.StatusRuntimeException: UNAVAILABLE: io exception
2019-09-10 18:10:41,306 [grpc-default-executor-0] INFO  impl.FollowerInfo (FollowerInfo.java:lambda$new$0(51)) - d8255f37-89f1-48d2-bcda-7654f43e2557@group-2C4B92B15373->49bcc910-1f14-48b7-a318-d2e01e8ffdec: nextIndex: updateUnconditionally 0 -> 0
2019-09-10 18:10:41,517 [java.util.concurrent.ThreadPoolExecutor$Worker@54e454ae[State = -1, empty queue]] WARN  server.GrpcLogAppender (GrpcLogAppender.java:timeoutAppendRequest(200)) - b0fafecf-3418-4e4c-a5e4-e5075743f263@group-73C817937272->2e952fcc-3ad7-4f0e-80e3-0277395d1af8-GrpcLogAppender: appendEntries Timeout, request=b0fafecf-3418-4e4c-a5e4-e5075743f263->2e952fcc-3ad7-4f0e-80e3-0277395d1af8#95-t1, previous=(t:1, i:20), leaderCommit=16, initializing? false, entries: <empty>
2019-09-10 18:10:41,524 [java.util.concurrent.ThreadPoolExecutor$Worker@6bb7c694[State = -1, empty queue]] WARN  server.GrpcLogAppender (GrpcLogAppender.java:timeoutAppendRequest(200)) - b0fafecf-3418-4e4c-a5e4-e5075743f263@group-73C817937272->4faa59b0-972d-4631-8b2b-dceadefbd7cc-GrpcLogAppender: appendEntries Timeout, request=b0fafecf-3418-4e4c-a5e4-e5075743f263->4faa59b0-972d-4631-8b2b-dceadefbd7cc#95-t1, previous=(t:1, i:20), leaderCommit=16, initializing? false, entries: <empty>
2019-09-10 18:10:41,780 [java.util.concurrent.ThreadPoolExecutor$Worker@517498b8[State = -1, empty queue]] WARN  server.GrpcLogAppender (GrpcLogAppender.java:timeoutAppendRequest(200)) - d8255f37-89f1-48d2-bcda-7654f43e2557@group-2C4B92B15373->8cbcd714-dd76-45fa-910f-f3e67512086a-GrpcLogAppender: appendEntries Timeout, request=d8255f37-89f1-48d2-bcda-7654f43e2557->8cbcd714-dd76-45fa-910f-f3e67512086a#95-t1, previous=(t:1, i:20), leaderCommit=16, initializing? false, entries: <empty>
2019-09-10 18:10:41,807 [grpc-default-executor-4] WARN  server.GrpcLogAppender (LogUtils.java:warn(134)) - d8255f37-89f1-48d2-bcda-7654f43e2557@group-2C4B92B15373->49bcc910-1f14-48b7-a318-d2e01e8ffdec-AppendLogResponseHandler: Failed appendEntries: org.apache.ratis.thirdparty.io.grpc.StatusRuntimeException: UNAVAILABLE: io exception
2019-09-10 18:10:41,807 [grpc-default-executor-4] INFO  impl.FollowerInfo (FollowerInfo.java:lambda$new$0(51)) - d8255f37-89f1-48d2-bcda-7654f43e2557@group-2C4B92B15373->49bcc910-1f14-48b7-a318-d2e01e8ffdec: nextIndex: updateUnconditionally 0 -> 0
2019-09-10 18:10:42,017 [java.util.concurrent.ThreadPoolExecutor$Worker@54e454ae[State = -1, empty queue]] WARN  server.GrpcLogAppender (GrpcLogAppender.java:timeoutAppendRequest(200)) - b0fafecf-3418-4e4c-a5e4-e5075743f263@group-73C817937272->2e952fcc-3ad7-4f0e-80e3-0277395d1af8-GrpcLogAppender: appendEntries Timeout, request=b0fafecf-3418-4e4c-a5e4-e5075743f263->2e952fcc-3ad7-4f0e-80e3-0277395d1af8#96-t1, previous=(t:1, i:20), leaderCommit=16, initializing? false, entries: <empty>
2019-09-10 18:10:42,024 [java.util.concurrent.ThreadPoolExecutor$Worker@6bb7c694[State = -1, empty queue]] WARN  server.GrpcLogAppender (GrpcLogAppender.java:timeoutAppendRequest(200)) - b0fafecf-3418-4e4c-a5e4-e5075743f263@group-73C817937272->4faa59b0-972d-4631-8b2b-dceadefbd7cc-GrpcLogAppender: appendEntries Timeout, request=b0fafecf-3418-4e4c-a5e4-e5075743f263->4faa59b0-972d-4631-8b2b-dceadefbd7cc#96-t1, previous=(t:1, i:20), leaderCommit=16, initializing? false, entries: <empty>
2019-09-10 18:10:42,152 [grpc-default-executor-0] INFO  client.GrpcClientProtocolClient (GrpcClientProtocolClient.java:onNext(264)) - client-79319F45854E->4faa59b0-972d-4631-8b2b-dceadefbd7cc: receive RaftClientReply:client-79319F45854E->4faa59b0-972d-4631-8b2b-dceadefbd7cc@group-73C817937272, cid=51, FAILED org.apache.ratis.protocol.NotLeaderException: Server 4faa59b0-972d-4631-8b2b-dceadefbd7cc@group-73C817937272 is not the leader b0fafecf-3418-4e4c-a5e4-e5075743f263:192.168.36.113:44499, logIndex=0, commits[4faa59b0-972d-4631-8b2b-dceadefbd7cc:c16, b0fafecf-3418-4e4c-a5e4-e5075743f263:c16, 2e952fcc-3ad7-4f0e-80e3-0277395d1af8:c16]
2019-09-10 18:10:42,189 [d8255f37-89f1-48d2-bcda-7654f43e2557@group-2C4B92B15373-SegmentedRaftLogWorker] WARN  segmented.SegmentedRaftLogWorker (SegmentedRaftLogWorker.java:getFromFuture(90)) - Timeout 3/~
org.apache.ratis.protocol.TimeoutIOException: Timeout 10s: WriteLog:19: (t:1, i:19), STATEMACHINELOGENTRY, client-11D19FBEF510, cid=30-writeStateMachineData
	at org.apache.ratis.util.IOUtils.getFromFuture(IOUtils.java:87)
	at org.apache.ratis.server.raftlog.segmented.SegmentedRaftLogWorker$StateMachineDataPolicy.getFromFuture(SegmentedRaftLogWorker.java:87)
	at org.apache.ratis.server.raftlog.segmented.SegmentedRaftLogWorker$WriteLog.execute(SegmentedRaftLogWorker.java:477)
	at org.apache.ratis.server.raftlog.segmented.SegmentedRaftLogWorker.run(SegmentedRaftLogWorker.java:289)
	at java.lang.Thread.run(Thread.java:748)
Caused by: java.util.concurrent.TimeoutException
	at java.util.concurrent.CompletableFuture.timedGet(CompletableFuture.java:1771)
	at java.util.concurrent.CompletableFuture.get(CompletableFuture.java:1915)
	at org.apache.ratis.util.IOUtils.getFromFuture(IOUtils.java:79)
	... 4 more
2019-09-10 18:10:42,195 [8cbcd714-dd76-45fa-910f-f3e67512086a@group-2C4B92B15373-SegmentedRaftLogWorker] WARN  segmented.SegmentedRaftLogWorker (SegmentedRaftLogWorker.java:getFromFuture(90)) - Timeout 3/~
org.apache.ratis.protocol.TimeoutIOException: Timeout 10s: WriteLog:19: (t:1, i:19), STATEMACHINELOGENTRY, client-11D19FBEF510, cid=30-writeStateMachineData
	at org.apache.ratis.util.IOUtils.getFromFuture(IOUtils.java:87)
	at org.apache.ratis.server.raftlog.segmented.SegmentedRaftLogWorker$StateMachineDataPolicy.getFromFuture(SegmentedRaftLogWorker.java:87)
	at org.apache.ratis.server.raftlog.segmented.SegmentedRaftLogWorker$WriteLog.execute(SegmentedRaftLogWorker.java:477)
	at org.apache.ratis.server.raftlog.segmented.SegmentedRaftLogWorker.run(SegmentedRaftLogWorker.java:289)
	at java.lang.Thread.run(Thread.java:748)
Caused by: java.util.concurrent.TimeoutException
	at java.util.concurrent.CompletableFuture.timedGet(CompletableFuture.java:1771)
	at java.util.concurrent.CompletableFuture.get(CompletableFuture.java:1915)
	at org.apache.ratis.util.IOUtils.getFromFuture(IOUtils.java:79)
	... 4 more
2019-09-10 18:10:42,280 [java.util.concurrent.ThreadPoolExecutor$Worker@517498b8[State = -1, empty queue]] WARN  server.GrpcLogAppender (GrpcLogAppender.java:timeoutAppendRequest(200)) - d8255f37-89f1-48d2-bcda-7654f43e2557@group-2C4B92B15373->8cbcd714-dd76-45fa-910f-f3e67512086a-GrpcLogAppender: appendEntries Timeout, request=d8255f37-89f1-48d2-bcda-7654f43e2557->8cbcd714-dd76-45fa-910f-f3e67512086a#96-t1, previous=(t:1, i:20), leaderCommit=16, initializing? false, entries: <empty>
2019-09-10 18:10:42,308 [grpc-default-executor-0] WARN  server.GrpcLogAppender (LogUtils.java:warn(134)) - d8255f37-89f1-48d2-bcda-7654f43e2557@group-2C4B92B15373->49bcc910-1f14-48b7-a318-d2e01e8ffdec-AppendLogResponseHandler: Failed appendEntries: org.apache.ratis.thirdparty.io.grpc.StatusRuntimeException: UNAVAILABLE: io exception
2019-09-10 18:10:42,308 [grpc-default-executor-0] INFO  impl.FollowerInfo (FollowerInfo.java:lambda$new$0(51)) - d8255f37-89f1-48d2-bcda-7654f43e2557@group-2C4B92B15373->49bcc910-1f14-48b7-a318-d2e01e8ffdec: nextIndex: updateUnconditionally 0 -> 0
2019-09-10 18:10:42,518 [java.util.concurrent.ThreadPoolExecutor$Worker@54e454ae[State = -1, empty queue]] WARN  server.GrpcLogAppender (GrpcLogAppender.java:timeoutAppendRequest(200)) - b0fafecf-3418-4e4c-a5e4-e5075743f263@group-73C817937272->2e952fcc-3ad7-4f0e-80e3-0277395d1af8-GrpcLogAppender: appendEntries Timeout, request=b0fafecf-3418-4e4c-a5e4-e5075743f263->2e952fcc-3ad7-4f0e-80e3-0277395d1af8#97-t1, previous=(t:1, i:20), leaderCommit=16, initializing? false, entries: <empty>
2019-09-10 18:10:42,524 [java.util.concurrent.ThreadPoolExecutor$Worker@6bb7c694[State = -1, empty queue]] WARN  server.GrpcLogAppender (GrpcLogAppender.java:timeoutAppendRequest(200)) - b0fafecf-3418-4e4c-a5e4-e5075743f263@group-73C817937272->4faa59b0-972d-4631-8b2b-dceadefbd7cc-GrpcLogAppender: appendEntries Timeout, request=b0fafecf-3418-4e4c-a5e4-e5075743f263->4faa59b0-972d-4631-8b2b-dceadefbd7cc#97-t1, previous=(t:1, i:20), leaderCommit=16, initializing? false, entries: <empty>
2019-09-10 18:10:42,781 [java.util.concurrent.ThreadPoolExecutor$Worker@517498b8[State = -1, empty queue]] WARN  server.GrpcLogAppender (GrpcLogAppender.java:timeoutAppendRequest(200)) - d8255f37-89f1-48d2-bcda-7654f43e2557@group-2C4B92B15373->8cbcd714-dd76-45fa-910f-f3e67512086a-GrpcLogAppender: appendEntries Timeout, request=d8255f37-89f1-48d2-bcda-7654f43e2557->8cbcd714-dd76-45fa-910f-f3e67512086a#97-t1, previous=(t:1, i:20), leaderCommit=16, initializing? false, entries: <empty>
2019-09-10 18:10:42,809 [grpc-default-executor-1] WARN  server.GrpcLogAppender (LogUtils.java:warn(134)) - d8255f37-89f1-48d2-bcda-7654f43e2557@group-2C4B92B15373->49bcc910-1f14-48b7-a318-d2e01e8ffdec-AppendLogResponseHandler: Failed appendEntries: org.apache.ratis.thirdparty.io.grpc.StatusRuntimeException: UNAVAILABLE: io exception
2019-09-10 18:10:42,810 [grpc-default-executor-1] INFO  impl.FollowerInfo (FollowerInfo.java:lambda$new$0(51)) - d8255f37-89f1-48d2-bcda-7654f43e2557@group-2C4B92B15373->49bcc910-1f14-48b7-a318-d2e01e8ffdec: nextIndex: updateUnconditionally 0 -> 0
2019-09-10 18:10:43,018 [java.util.concurrent.ThreadPoolExecutor$Worker@54e454ae[State = -1, empty queue]] WARN  server.GrpcLogAppender (GrpcLogAppender.java:timeoutAppendRequest(200)) - b0fafecf-3418-4e4c-a5e4-e5075743f263@group-73C817937272->2e952fcc-3ad7-4f0e-80e3-0277395d1af8-GrpcLogAppender: appendEntries Timeout, request=b0fafecf-3418-4e4c-a5e4-e5075743f263->2e952fcc-3ad7-4f0e-80e3-0277395d1af8#98-t1, previous=(t:1, i:20), leaderCommit=16, initializing? false, entries: <empty>
2019-09-10 18:10:43,025 [java.util.concurrent.ThreadPoolExecutor$Worker@6bb7c694[State = -1, empty queue]] WARN  server.GrpcLogAppender (GrpcLogAppender.java:timeoutAppendRequest(200)) - b0fafecf-3418-4e4c-a5e4-e5075743f263@group-73C817937272->4faa59b0-972d-4631-8b2b-dceadefbd7cc-GrpcLogAppender: appendEntries Timeout, request=b0fafecf-3418-4e4c-a5e4-e5075743f263->4faa59b0-972d-4631-8b2b-dceadefbd7cc#98-t1, previous=(t:1, i:20), leaderCommit=16, initializing? false, entries: <empty>
2019-09-10 18:10:43,281 [java.util.concurrent.ThreadPoolExecutor$Worker@517498b8[State = -1, empty queue]] WARN  server.GrpcLogAppender (GrpcLogAppender.java:timeoutAppendRequest(200)) - d8255f37-89f1-48d2-bcda-7654f43e2557@group-2C4B92B15373->8cbcd714-dd76-45fa-910f-f3e67512086a-GrpcLogAppender: appendEntries Timeout, request=d8255f37-89f1-48d2-bcda-7654f43e2557->8cbcd714-dd76-45fa-910f-f3e67512086a#98-t1, previous=(t:1, i:20), leaderCommit=16, initializing? false, entries: <empty>
2019-09-10 18:10:43,309 [grpc-default-executor-0] WARN  server.GrpcLogAppender (LogUtils.java:warn(134)) - d8255f37-89f1-48d2-bcda-7654f43e2557@group-2C4B92B15373->49bcc910-1f14-48b7-a318-d2e01e8ffdec-AppendLogResponseHandler: Failed appendEntries: org.apache.ratis.thirdparty.io.grpc.StatusRuntimeException: UNAVAILABLE: io exception
2019-09-10 18:10:43,310 [grpc-default-executor-0] INFO  impl.FollowerInfo (FollowerInfo.java:lambda$new$0(51)) - d8255f37-89f1-48d2-bcda-7654f43e2557@group-2C4B92B15373->49bcc910-1f14-48b7-a318-d2e01e8ffdec: nextIndex: updateUnconditionally 0 -> 0
2019-09-10 18:10:43,519 [java.util.concurrent.ThreadPoolExecutor$Worker@54e454ae[State = -1, empty queue]] WARN  server.GrpcLogAppender (GrpcLogAppender.java:timeoutAppendRequest(200)) - b0fafecf-3418-4e4c-a5e4-e5075743f263@group-73C817937272->2e952fcc-3ad7-4f0e-80e3-0277395d1af8-GrpcLogAppender: appendEntries Timeout, request=b0fafecf-3418-4e4c-a5e4-e5075743f263->2e952fcc-3ad7-4f0e-80e3-0277395d1af8#99-t1, previous=(t:1, i:20), leaderCommit=16, initializing? false, entries: <empty>
2019-09-10 18:10:43,525 [java.util.concurrent.ThreadPoolExecutor$Worker@6bb7c694[State = -1, empty queue]] WARN  server.GrpcLogAppender (GrpcLogAppender.java:timeoutAppendRequest(200)) - b0fafecf-3418-4e4c-a5e4-e5075743f263@group-73C817937272->4faa59b0-972d-4631-8b2b-dceadefbd7cc-GrpcLogAppender: appendEntries Timeout, request=b0fafecf-3418-4e4c-a5e4-e5075743f263->4faa59b0-972d-4631-8b2b-dceadefbd7cc#99-t1, previous=(t:1, i:20), leaderCommit=16, initializing? false, entries: <empty>
2019-09-10 18:10:43,781 [java.util.concurrent.ThreadPoolExecutor$Worker@517498b8[State = -1, empty queue]] WARN  server.GrpcLogAppender (GrpcLogAppender.java:timeoutAppendRequest(200)) - d8255f37-89f1-48d2-bcda-7654f43e2557@group-2C4B92B15373->8cbcd714-dd76-45fa-910f-f3e67512086a-GrpcLogAppender: appendEntries Timeout, request=d8255f37-89f1-48d2-bcda-7654f43e2557->8cbcd714-dd76-45fa-910f-f3e67512086a#99-t1, previous=(t:1, i:20), leaderCommit=16, initializing? false, entries: <empty>
2019-09-10 18:10:43,812 [grpc-default-executor-1] WARN  server.GrpcLogAppender (LogUtils.java:warn(134)) - d8255f37-89f1-48d2-bcda-7654f43e2557@group-2C4B92B15373->49bcc910-1f14-48b7-a318-d2e01e8ffdec-AppendLogResponseHandler: Failed appendEntries: org.apache.ratis.thirdparty.io.grpc.StatusRuntimeException: UNAVAILABLE: io exception
2019-09-10 18:10:43,813 [grpc-default-executor-1] INFO  impl.FollowerInfo (FollowerInfo.java:lambda$new$0(51)) - d8255f37-89f1-48d2-bcda-7654f43e2557@group-2C4B92B15373->49bcc910-1f14-48b7-a318-d2e01e8ffdec: nextIndex: updateUnconditionally 0 -> 0
2019-09-10 18:10:44,019 [java.util.concurrent.ThreadPoolExecutor$Worker@54e454ae[State = -1, empty queue]] WARN  server.GrpcLogAppender (GrpcLogAppender.java:timeoutAppendRequest(200)) - b0fafecf-3418-4e4c-a5e4-e5075743f263@group-73C817937272->2e952fcc-3ad7-4f0e-80e3-0277395d1af8-GrpcLogAppender: appendEntries Timeout, request=b0fafecf-3418-4e4c-a5e4-e5075743f263->2e952fcc-3ad7-4f0e-80e3-0277395d1af8#100-t1, previous=(t:1, i:20), leaderCommit=16, initializing? false, entries: <empty>
2019-09-10 18:10:44,025 [java.util.concurrent.ThreadPoolExecutor$Worker@6bb7c694[State = -1, empty queue]] WARN  server.GrpcLogAppender (GrpcLogAppender.java:timeoutAppendRequest(200)) - b0fafecf-3418-4e4c-a5e4-e5075743f263@group-73C817937272->4faa59b0-972d-4631-8b2b-dceadefbd7cc-GrpcLogAppender: appendEntries Timeout, request=b0fafecf-3418-4e4c-a5e4-e5075743f263->4faa59b0-972d-4631-8b2b-dceadefbd7cc#100-t1, previous=(t:1, i:20), leaderCommit=16, initializing? false, entries: <empty>
2019-09-10 18:10:44,282 [java.util.concurrent.ThreadPoolExecutor$Worker@517498b8[State = -1, empty queue]] WARN  server.GrpcLogAppender (GrpcLogAppender.java:timeoutAppendRequest(200)) - d8255f37-89f1-48d2-bcda-7654f43e2557@group-2C4B92B15373->8cbcd714-dd76-45fa-910f-f3e67512086a-GrpcLogAppender: appendEntries Timeout, request=d8255f37-89f1-48d2-bcda-7654f43e2557->8cbcd714-dd76-45fa-910f-f3e67512086a#100-t1, previous=(t:1, i:20), leaderCommit=16, initializing? false, entries: <empty>
2019-09-10 18:10:44,313 [grpc-default-executor-4] WARN  server.GrpcLogAppender (LogUtils.java:warn(134)) - d8255f37-89f1-48d2-bcda-7654f43e2557@group-2C4B92B15373->49bcc910-1f14-48b7-a318-d2e01e8ffdec-AppendLogResponseHandler: Failed appendEntries: org.apache.ratis.thirdparty.io.grpc.StatusRuntimeException: UNAVAILABLE: io exception
2019-09-10 18:10:44,313 [grpc-default-executor-4] INFO  impl.FollowerInfo (FollowerInfo.java:lambda$new$0(51)) - d8255f37-89f1-48d2-bcda-7654f43e2557@group-2C4B92B15373->49bcc910-1f14-48b7-a318-d2e01e8ffdec: nextIndex: updateUnconditionally 0 -> 0
2019-09-10 18:10:44,520 [java.util.concurrent.ThreadPoolExecutor$Worker@54e454ae[State = -1, empty queue]] WARN  server.GrpcLogAppender (GrpcLogAppender.java:timeoutAppendRequest(200)) - b0fafecf-3418-4e4c-a5e4-e5075743f263@group-73C817937272->2e952fcc-3ad7-4f0e-80e3-0277395d1af8-GrpcLogAppender: appendEntries Timeout, request=b0fafecf-3418-4e4c-a5e4-e5075743f263->2e952fcc-3ad7-4f0e-80e3-0277395d1af8#101-t1, previous=(t:1, i:20), leaderCommit=16, initializing? false, entries: <empty>
2019-09-10 18:10:44,525 [java.util.concurrent.ThreadPoolExecutor$Worker@6bb7c694[State = -1, empty queue]] WARN  server.GrpcLogAppender (GrpcLogAppender.java:timeoutAppendRequest(200)) - b0fafecf-3418-4e4c-a5e4-e5075743f263@group-73C817937272->4faa59b0-972d-4631-8b2b-dceadefbd7cc-GrpcLogAppender: appendEntries Timeout, request=b0fafecf-3418-4e4c-a5e4-e5075743f263->4faa59b0-972d-4631-8b2b-dceadefbd7cc#101-t1, previous=(t:1, i:20), leaderCommit=16, initializing? false, entries: <empty>
2019-09-10 18:10:44,782 [java.util.concurrent.ThreadPoolExecutor$Worker@517498b8[State = -1, empty queue]] WARN  server.GrpcLogAppender (GrpcLogAppender.java:timeoutAppendRequest(200)) - d8255f37-89f1-48d2-bcda-7654f43e2557@group-2C4B92B15373->8cbcd714-dd76-45fa-910f-f3e67512086a-GrpcLogAppender: appendEntries Timeout, request=d8255f37-89f1-48d2-bcda-7654f43e2557->8cbcd714-dd76-45fa-910f-f3e67512086a#101-t1, previous=(t:1, i:20), leaderCommit=16, initializing? false, entries: <empty>
2019-09-10 18:10:44,815 [grpc-default-executor-1] WARN  server.GrpcLogAppender (LogUtils.java:warn(134)) - d8255f37-89f1-48d2-bcda-7654f43e2557@group-2C4B92B15373->49bcc910-1f14-48b7-a318-d2e01e8ffdec-AppendLogResponseHandler: Failed appendEntries: org.apache.ratis.thirdparty.io.grpc.StatusRuntimeException: UNAVAILABLE: io exception
2019-09-10 18:10:44,815 [grpc-default-executor-1] INFO  impl.FollowerInfo (FollowerInfo.java:lambda$new$0(51)) - d8255f37-89f1-48d2-bcda-7654f43e2557@group-2C4B92B15373->49bcc910-1f14-48b7-a318-d2e01e8ffdec: nextIndex: updateUnconditionally 0 -> 0
2019-09-10 18:10:45,020 [java.util.concurrent.ThreadPoolExecutor$Worker@54e454ae[State = -1, empty queue]] WARN  server.GrpcLogAppender (GrpcLogAppender.java:timeoutAppendRequest(200)) - b0fafecf-3418-4e4c-a5e4-e5075743f263@group-73C817937272->2e952fcc-3ad7-4f0e-80e3-0277395d1af8-GrpcLogAppender: appendEntries Timeout, request=b0fafecf-3418-4e4c-a5e4-e5075743f263->2e952fcc-3ad7-4f0e-80e3-0277395d1af8#102-t1, previous=(t:1, i:20), leaderCommit=16, initializing? false, entries: <empty>
2019-09-10 18:10:45,026 [java.util.concurrent.ThreadPoolExecutor$Worker@6bb7c694[State = -1, empty queue]] WARN  server.GrpcLogAppender (GrpcLogAppender.java:timeoutAppendRequest(200)) - b0fafecf-3418-4e4c-a5e4-e5075743f263@group-73C817937272->4faa59b0-972d-4631-8b2b-dceadefbd7cc-GrpcLogAppender: appendEntries Timeout, request=b0fafecf-3418-4e4c-a5e4-e5075743f263->4faa59b0-972d-4631-8b2b-dceadefbd7cc#102-t1, previous=(t:1, i:20), leaderCommit=16, initializing? false, entries: <empty>
2019-09-10 18:10:45,178 [main] WARN  io.KeyOutputStream (KeyOutputStream.java:handleException(276)) - Encountered exception java.io.IOException: Unexpected Storage Container Exception: java.util.concurrent.CompletionException: java.util.concurrent.CompletionException: org.apache.ratis.protocol.RaftRetryFailureException: Failed RaftClientRequest:client-79319F45854E->b0fafecf-3418-4e4c-a5e4-e5075743f263@group-73C817937272, cid=51, seq=9*, RW, org.apache.hadoop.hdds.scm.XceiverClientRatis$$Lambda$419/1444500451@2f444e87 for 10 attempts with RetryLimited(maxAttempts=10, sleepTime=1000ms) on the pipeline Pipeline[ Id: 22b35f76-37c7-432e-9baa-73c817937272, Nodes: 4faa59b0-972d-4631-8b2b-dceadefbd7cc{ip: 192.168.36.113, host: pr-hdds-1982-decom-states-gjzbw-1854142291, networkLocation: /default-rack, certSerialId: null}2e952fcc-3ad7-4f0e-80e3-0277395d1af8{ip: 192.168.36.113, host: pr-hdds-1982-decom-states-gjzbw-1854142291, networkLocation: /default-rack, certSerialId: null}b0fafecf-3418-4e4c-a5e4-e5075743f263{ip: 192.168.36.113, host: pr-hdds-1982-decom-states-gjzbw-1854142291, networkLocation: /default-rack, certSerialId: null}, Type:RATIS, Factor:THREE, State:OPEN]. The last committed block length is 0, uncommitted data length is 2097152 retry count 0
2019-09-10 18:10:45,282 [java.util.concurrent.ThreadPoolExecutor$Worker@517498b8[State = -1, empty queue]] WARN  server.GrpcLogAppender (GrpcLogAppender.java:timeoutAppendRequest(200)) - d8255f37-89f1-48d2-bcda-7654f43e2557@group-2C4B92B15373->8cbcd714-dd76-45fa-910f-f3e67512086a-GrpcLogAppender: appendEntries Timeout, request=d8255f37-89f1-48d2-bcda-7654f43e2557->8cbcd714-dd76-45fa-910f-f3e67512086a#102-t1, previous=(t:1, i:20), leaderCommit=16, initializing? false, entries: <empty>
2019-09-10 18:10:45,315 [grpc-default-executor-0] WARN  server.GrpcLogAppender (LogUtils.java:warn(134)) - d8255f37-89f1-48d2-bcda-7654f43e2557@group-2C4B92B15373->49bcc910-1f14-48b7-a318-d2e01e8ffdec-AppendLogResponseHandler: Failed appendEntries: org.apache.ratis.thirdparty.io.grpc.StatusRuntimeException: UNAVAILABLE: io exception
2019-09-10 18:10:45,318 [grpc-default-executor-0] INFO  impl.FollowerInfo (FollowerInfo.java:lambda$new$0(51)) - d8255f37-89f1-48d2-bcda-7654f43e2557@group-2C4B92B15373->49bcc910-1f14-48b7-a318-d2e01e8ffdec: nextIndex: updateUnconditionally 0 -> 0
2019-09-10 18:10:45,494 [grpc-default-executor-1] INFO  client.GrpcClientProtocolClient (GrpcClientProtocolClient.java:onNext(264)) - client-23B431068EC3->208154af-b43d-417a-8ba8-8a37a4d1ac9e: receive RaftClientReply:client-23B431068EC3->208154af-b43d-417a-8ba8-8a37a4d1ac9e@group-C08312A7C209, cid=55, SUCCESS, logIndex=17, commits[208154af-b43d-417a-8ba8-8a37a4d1ac9e:c17, 35230fa9-c917-4625-844b-3841de1822d6:c16, 91e32882-d3c6-46ba-a04b-cffc2ba77210:c16]
2019-09-10 18:10:45,520 [java.util.concurrent.ThreadPoolExecutor$Worker@54e454ae[State = -1, empty queue]] WARN  server.GrpcLogAppender (GrpcLogAppender.java:timeoutAppendRequest(200)) - b0fafecf-3418-4e4c-a5e4-e5075743f263@group-73C817937272->2e952fcc-3ad7-4f0e-80e3-0277395d1af8-GrpcLogAppender: appendEntries Timeout, request=b0fafecf-3418-4e4c-a5e4-e5075743f263->2e952fcc-3ad7-4f0e-80e3-0277395d1af8#103-t1, previous=(t:1, i:20), leaderCommit=16, initializing? false, entries: <empty>
2019-09-10 18:10:45,526 [java.util.concurrent.ThreadPoolExecutor$Worker@6bb7c694[State = -1, empty queue]] WARN  server.GrpcLogAppender (GrpcLogAppender.java:timeoutAppendRequest(200)) - b0fafecf-3418-4e4c-a5e4-e5075743f263@group-73C817937272->4faa59b0-972d-4631-8b2b-dceadefbd7cc-GrpcLogAppender: appendEntries Timeout, request=b0fafecf-3418-4e4c-a5e4-e5075743f263->4faa59b0-972d-4631-8b2b-dceadefbd7cc#103-t1, previous=(t:1, i:20), leaderCommit=16, initializing? false, entries: <empty>
2019-09-10 18:10:45,657 [grpc-default-executor-0] INFO  client.GrpcClientProtocolClient (GrpcClientProtocolClient.java:onNext(264)) - client-23B431068EC3->208154af-b43d-417a-8ba8-8a37a4d1ac9e: receive RaftClientReply:client-23B431068EC3->208154af-b43d-417a-8ba8-8a37a4d1ac9e@group-C08312A7C209, cid=56, SUCCESS, logIndex=19, commits[208154af-b43d-417a-8ba8-8a37a4d1ac9e:c24, 35230fa9-c917-4625-844b-3841de1822d6:c21, 91e32882-d3c6-46ba-a04b-cffc2ba77210:c21]
2019-09-10 18:10:45,658 [grpc-default-executor-0] INFO  client.GrpcClientProtocolClient (GrpcClientProtocolClient.java:onNext(264)) - client-23B431068EC3->208154af-b43d-417a-8ba8-8a37a4d1ac9e: receive RaftClientReply:client-23B431068EC3->208154af-b43d-417a-8ba8-8a37a4d1ac9e@group-C08312A7C209, cid=57, SUCCESS, logIndex=20, commits[208154af-b43d-417a-8ba8-8a37a4d1ac9e:c24, 35230fa9-c917-4625-844b-3841de1822d6:c21, 91e32882-d3c6-46ba-a04b-cffc2ba77210:c21]
2019-09-10 18:10:45,783 [java.util.concurrent.ThreadPoolExecutor$Worker@517498b8[State = -1, empty queue]] WARN  server.GrpcLogAppender (GrpcLogAppender.java:timeoutAppendRequest(200)) - d8255f37-89f1-48d2-bcda-7654f43e2557@group-2C4B92B15373->8cbcd714-dd76-45fa-910f-f3e67512086a-GrpcLogAppender: appendEntries Timeout, request=d8255f37-89f1-48d2-bcda-7654f43e2557->8cbcd714-dd76-45fa-910f-f3e67512086a#103-t1, previous=(t:1, i:20), leaderCommit=16, initializing? false, entries: <empty>
2019-09-10 18:10:45,816 [grpc-default-executor-1] WARN  server.GrpcLogAppender (LogUtils.java:warn(134)) - d8255f37-89f1-48d2-bcda-7654f43e2557@group-2C4B92B15373->49bcc910-1f14-48b7-a318-d2e01e8ffdec-AppendLogResponseHandler: Failed appendEntries: org.apache.ratis.thirdparty.io.grpc.StatusRuntimeException: UNAVAILABLE: io exception
2019-09-10 18:10:45,817 [grpc-default-executor-1] INFO  impl.FollowerInfo (FollowerInfo.java:lambda$new$0(51)) - d8255f37-89f1-48d2-bcda-7654f43e2557@group-2C4B92B15373->49bcc910-1f14-48b7-a318-d2e01e8ffdec: nextIndex: updateUnconditionally 0 -> 0
2019-09-10 18:10:45,877 [grpc-default-executor-1] INFO  client.GrpcClientProtocolClient (GrpcClientProtocolClient.java:onNext(264)) - client-23B431068EC3->208154af-b43d-417a-8ba8-8a37a4d1ac9e: receive RaftClientReply:client-23B431068EC3->208154af-b43d-417a-8ba8-8a37a4d1ac9e@group-C08312A7C209, cid=58, SUCCESS, logIndex=21, commits[208154af-b43d-417a-8ba8-8a37a4d1ac9e:c24, 35230fa9-c917-4625-844b-3841de1822d6:c21, 91e32882-d3c6-46ba-a04b-cffc2ba77210:c21]
2019-09-10 18:10:45,911 [grpc-default-executor-0] INFO  client.GrpcClientProtocolClient (GrpcClientProtocolClient.java:onNext(264)) - client-23B431068EC3->208154af-b43d-417a-8ba8-8a37a4d1ac9e: receive RaftClientReply:client-23B431068EC3->208154af-b43d-417a-8ba8-8a37a4d1ac9e@group-C08312A7C209, cid=59, SUCCESS, logIndex=25, commits[208154af-b43d-417a-8ba8-8a37a4d1ac9e:c26, 35230fa9-c917-4625-844b-3841de1822d6:c24, 91e32882-d3c6-46ba-a04b-cffc2ba77210:c24]
2019-09-10 18:10:45,912 [grpc-default-executor-0] INFO  client.GrpcClientProtocolClient (GrpcClientProtocolClient.java:onNext(264)) - client-23B431068EC3->208154af-b43d-417a-8ba8-8a37a4d1ac9e: receive RaftClientReply:client-23B431068EC3->208154af-b43d-417a-8ba8-8a37a4d1ac9e@group-C08312A7C209, cid=60, SUCCESS, logIndex=26, commits[208154af-b43d-417a-8ba8-8a37a4d1ac9e:c26, 35230fa9-c917-4625-844b-3841de1822d6:c24, 91e32882-d3c6-46ba-a04b-cffc2ba77210:c24]
2019-09-10 18:10:46,021 [java.util.concurrent.ThreadPoolExecutor$Worker@54e454ae[State = -1, empty queue]] WARN  server.GrpcLogAppender (GrpcLogAppender.java:timeoutAppendRequest(200)) - b0fafecf-3418-4e4c-a5e4-e5075743f263@group-73C817937272->2e952fcc-3ad7-4f0e-80e3-0277395d1af8-GrpcLogAppender: appendEntries Timeout, request=b0fafecf-3418-4e4c-a5e4-e5075743f263->2e952fcc-3ad7-4f0e-80e3-0277395d1af8#104-t1, previous=(t:1, i:20), leaderCommit=16, initializing? false, entries: <empty>
2019-09-10 18:10:46,026 [java.util.concurrent.ThreadPoolExecutor$Worker@6bb7c694[State = -1, empty queue]] WARN  server.GrpcLogAppender (GrpcLogAppender.java:timeoutAppendRequest(200)) - b0fafecf-3418-4e4c-a5e4-e5075743f263@group-73C817937272->4faa59b0-972d-4631-8b2b-dceadefbd7cc-GrpcLogAppender: appendEntries Timeout, request=b0fafecf-3418-4e4c-a5e4-e5075743f263->4faa59b0-972d-4631-8b2b-dceadefbd7cc#104-t1, previous=(t:1, i:20), leaderCommit=16, initializing? false, entries: <empty>
2019-09-10 18:10:46,180 [Datanode State Machine Thread - 0] INFO  statemachine.DatanodeStateMachine (DatanodeStateMachine.java:lambda$startDaemon$0(350)) - Ozone container server started.
2019-09-10 18:10:46,283 [java.util.concurrent.ThreadPoolExecutor$Worker@517498b8[State = -1, empty queue]] WARN  server.GrpcLogAppender (GrpcLogAppender.java:timeoutAppendRequest(200)) - d8255f37-89f1-48d2-bcda-7654f43e2557@group-2C4B92B15373->8cbcd714-dd76-45fa-910f-f3e67512086a-GrpcLogAppender: appendEntries Timeout, request=d8255f37-89f1-48d2-bcda-7654f43e2557->8cbcd714-dd76-45fa-910f-f3e67512086a#104-t1, previous=(t:1, i:20), leaderCommit=16, initializing? false, entries: <empty>
2019-09-10 18:10:46,317 [grpc-default-executor-3] WARN  server.GrpcLogAppender (LogUtils.java:warn(134)) - d8255f37-89f1-48d2-bcda-7654f43e2557@group-2C4B92B15373->49bcc910-1f14-48b7-a318-d2e01e8ffdec-AppendLogResponseHandler: Failed appendEntries: org.apache.ratis.thirdparty.io.grpc.StatusRuntimeException: UNAVAILABLE: io exception
2019-09-10 18:10:46,317 [grpc-default-executor-3] INFO  impl.FollowerInfo (FollowerInfo.java:lambda$new$0(51)) - d8255f37-89f1-48d2-bcda-7654f43e2557@group-2C4B92B15373->49bcc910-1f14-48b7-a318-d2e01e8ffdec: nextIndex: updateUnconditionally 0 -> 0
2019-09-10 18:10:46,521 [java.util.concurrent.ThreadPoolExecutor$Worker@54e454ae[State = -1, empty queue]] WARN  server.GrpcLogAppender (GrpcLogAppender.java:timeoutAppendRequest(200)) - b0fafecf-3418-4e4c-a5e4-e5075743f263@group-73C817937272->2e952fcc-3ad7-4f0e-80e3-0277395d1af8-GrpcLogAppender: appendEntries Timeout, request=b0fafecf-3418-4e4c-a5e4-e5075743f263->2e952fcc-3ad7-4f0e-80e3-0277395d1af8#105-t1, previous=(t:1, i:20), leaderCommit=16, initializing? false, entries: <empty>
2019-09-10 18:10:46,526 [java.util.concurrent.ThreadPoolExecutor$Worker@6bb7c694[State = -1, empty queue]] WARN  server.GrpcLogAppender (GrpcLogAppender.java:timeoutAppendRequest(200)) - b0fafecf-3418-4e4c-a5e4-e5075743f263@group-73C817937272->4faa59b0-972d-4631-8b2b-dceadefbd7cc-GrpcLogAppender: appendEntries Timeout, request=b0fafecf-3418-4e4c-a5e4-e5075743f263->4faa59b0-972d-4631-8b2b-dceadefbd7cc#105-t1, previous=(t:1, i:20), leaderCommit=16, initializing? false, entries: <empty>
2019-09-10 18:10:46,783 [java.util.concurrent.ThreadPoolExecutor$Worker@517498b8[State = -1, empty queue]] WARN  server.GrpcLogAppender (GrpcLogAppender.java:timeoutAppendRequest(200)) - d8255f37-89f1-48d2-bcda-7654f43e2557@group-2C4B92B15373->8cbcd714-dd76-45fa-910f-f3e67512086a-GrpcLogAppender: appendEntries Timeout, request=d8255f37-89f1-48d2-bcda-7654f43e2557->8cbcd714-dd76-45fa-910f-f3e67512086a#105-t1, previous=(t:1, i:20), leaderCommit=16, initializing? false, entries: <empty>
2019-09-10 18:10:46,838 [grpc-default-executor-1] WARN  server.GrpcLogAppender (LogUtils.java:warn(134)) - d8255f37-89f1-48d2-bcda-7654f43e2557@group-2C4B92B15373->49bcc910-1f14-48b7-a318-d2e01e8ffdec-AppendLogResponseHandler: Failed appendEntries: org.apache.ratis.thirdparty.io.grpc.StatusRuntimeException: UNAVAILABLE: io exception
2019-09-10 18:10:46,839 [grpc-default-executor-1] INFO  impl.FollowerInfo (FollowerInfo.java:lambda$new$0(51)) - d8255f37-89f1-48d2-bcda-7654f43e2557@group-2C4B92B15373->49bcc910-1f14-48b7-a318-d2e01e8ffdec: nextIndex: updateUnconditionally 0 -> 0
2019-09-10 18:10:47,000 [b0fafecf-3418-4e4c-a5e4-e5075743f263@group-73C817937272-SegmentedRaftLogWorker] WARN  segmented.SegmentedRaftLogWorker (SegmentedRaftLogWorker.java:getFromFuture(90)) - Timeout 1/~
org.apache.ratis.protocol.TimeoutIOException: Timeout 10s: WriteLog:17: (t:1, i:17), STATEMACHINELOGENTRY, client-79319F45854E, cid=51-writeStateMachineData
	at org.apache.ratis.util.IOUtils.getFromFuture(IOUtils.java:87)
	at org.apache.ratis.server.raftlog.segmented.SegmentedRaftLogWorker$StateMachineDataPolicy.getFromFuture(SegmentedRaftLogWorker.java:87)
	at org.apache.ratis.server.raftlog.segmented.SegmentedRaftLogWorker$WriteLog.execute(SegmentedRaftLogWorker.java:477)
	at org.apache.ratis.server.raftlog.segmented.SegmentedRaftLogWorker.run(SegmentedRaftLogWorker.java:289)
	at java.lang.Thread.run(Thread.java:748)
Caused by: java.util.concurrent.TimeoutException
	at java.util.concurrent.CompletableFuture.timedGet(CompletableFuture.java:1771)
	at java.util.concurrent.CompletableFuture.get(CompletableFuture.java:1915)
	at org.apache.ratis.util.IOUtils.getFromFuture(IOUtils.java:79)
	... 4 more
2019-09-10 18:10:47,006 [4faa59b0-972d-4631-8b2b-dceadefbd7cc@group-73C817937272-SegmentedRaftLogWorker] WARN  segmented.SegmentedRaftLogWorker (SegmentedRaftLogWorker.java:getFromFuture(90)) - Timeout 1/~
org.apache.ratis.protocol.TimeoutIOException: Timeout 10s: WriteLog:17: (t:1, i:17), STATEMACHINELOGENTRY, client-79319F45854E, cid=51-writeStateMachineData
	at org.apache.ratis.util.IOUtils.getFromFuture(IOUtils.java:87)
	at org.apache.ratis.server.raftlog.segmented.SegmentedRaftLogWorker$StateMachineDataPolicy.getFromFuture(SegmentedRaftLogWorker.java:87)
	at org.apache.ratis.server.raftlog.segmented.SegmentedRaftLogWorker$WriteLog.execute(SegmentedRaftLogWorker.java:477)
	at org.apache.ratis.server.raftlog.segmented.SegmentedRaftLogWorker.run(SegmentedRaftLogWorker.java:289)
	at java.lang.Thread.run(Thread.java:748)
Caused by: java.util.concurrent.TimeoutException
	at java.util.concurrent.CompletableFuture.timedGet(CompletableFuture.java:1771)
	at java.util.concurrent.CompletableFuture.get(CompletableFuture.java:1915)
	at org.apache.ratis.util.IOUtils.getFromFuture(IOUtils.java:79)
	... 4 more
2019-09-10 18:10:47,007 [2e952fcc-3ad7-4f0e-80e3-0277395d1af8@group-73C817937272-SegmentedRaftLogWorker] WARN  segmented.SegmentedRaftLogWorker (SegmentedRaftLogWorker.java:getFromFuture(90)) - Timeout 1/~
org.apache.ratis.protocol.TimeoutIOException: Timeout 10s: WriteLog:17: (t:1, i:17), STATEMACHINELOGENTRY, client-79319F45854E, cid=51-writeStateMachineData
	at org.apache.ratis.util.IOUtils.getFromFuture(IOUtils.java:87)
	at org.apache.ratis.server.raftlog.segmented.SegmentedRaftLogWorker$StateMachineDataPolicy.getFromFuture(SegmentedRaftLogWorker.java:87)
	at org.apache.ratis.server.raftlog.segmented.SegmentedRaftLogWorker$WriteLog.execute(SegmentedRaftLogWorker.java:477)
	at org.apache.ratis.server.raftlog.segmented.SegmentedRaftLogWorker.run(SegmentedRaftLogWorker.java:289)
	at java.lang.Thread.run(Thread.java:748)
Caused by: java.util.concurrent.TimeoutException
	at java.util.concurrent.CompletableFuture.timedGet(CompletableFuture.java:1771)
	at java.util.concurrent.CompletableFuture.get(CompletableFuture.java:1915)
	at org.apache.ratis.util.IOUtils.getFromFuture(IOUtils.java:79)
	... 4 more
2019-09-10 18:10:47,021 [java.util.concurrent.ThreadPoolExecutor$Worker@54e454ae[State = -1, empty queue]] WARN  server.GrpcLogAppender (GrpcLogAppender.java:timeoutAppendRequest(200)) - b0fafecf-3418-4e4c-a5e4-e5075743f263@group-73C817937272->2e952fcc-3ad7-4f0e-80e3-0277395d1af8-GrpcLogAppender: appendEntries Timeout, request=b0fafecf-3418-4e4c-a5e4-e5075743f263->2e952fcc-3ad7-4f0e-80e3-0277395d1af8#106-t1, previous=(t:1, i:20), leaderCommit=16, initializing? false, entries: <empty>
2019-09-10 18:10:47,026 [java.util.concurrent.ThreadPoolExecutor$Worker@6bb7c694[State = -1, empty queue]] WARN  server.GrpcLogAppender (GrpcLogAppender.java:timeoutAppendRequest(200)) - b0fafecf-3418-4e4c-a5e4-e5075743f263@group-73C817937272->4faa59b0-972d-4631-8b2b-dceadefbd7cc-GrpcLogAppender: appendEntries Timeout, request=b0fafecf-3418-4e4c-a5e4-e5075743f263->4faa59b0-972d-4631-8b2b-dceadefbd7cc#106-t1, previous=(t:1, i:20), leaderCommit=16, initializing? false, entries: <empty>
2019-09-10 18:10:47,284 [java.util.concurrent.ThreadPoolExecutor$Worker@517498b8[State = -1, empty queue]] WARN  server.GrpcLogAppender (GrpcLogAppender.java:timeoutAppendRequest(200)) - d8255f37-89f1-48d2-bcda-7654f43e2557@group-2C4B92B15373->8cbcd714-dd76-45fa-910f-f3e67512086a-GrpcLogAppender: appendEntries Timeout, request=d8255f37-89f1-48d2-bcda-7654f43e2557->8cbcd714-dd76-45fa-910f-f3e67512086a#106-t1, previous=(t:1, i:20), leaderCommit=16, initializing? false, entries: <empty>
2019-09-10 18:10:47,318 [grpc-default-executor-3] WARN  server.GrpcLogAppender (LogUtils.java:warn(134)) - d8255f37-89f1-48d2-bcda-7654f43e2557@group-2C4B92B15373->49bcc910-1f14-48b7-a318-d2e01e8ffdec-AppendLogResponseHandler: Failed appendEntries: org.apache.ratis.thirdparty.io.grpc.StatusRuntimeException: UNAVAILABLE: io exception
2019-09-10 18:10:47,319 [grpc-default-executor-3] INFO  impl.FollowerInfo (FollowerInfo.java:lambda$new$0(51)) - d8255f37-89f1-48d2-bcda-7654f43e2557@group-2C4B92B15373->49bcc910-1f14-48b7-a318-d2e01e8ffdec: nextIndex: updateUnconditionally 0 -> 0
2019-09-10 18:10:47,523 [java.util.concurrent.ThreadPoolExecutor$Worker@54e454ae[State = -1, empty queue]] WARN  server.GrpcLogAppender (GrpcLogAppender.java:timeoutAppendRequest(200)) - b0fafecf-3418-4e4c-a5e4-e5075743f263@group-73C817937272->2e952fcc-3ad7-4f0e-80e3-0277395d1af8-GrpcLogAppender: appendEntries Timeout, request=b0fafecf-3418-4e4c-a5e4-e5075743f263->2e952fcc-3ad7-4f0e-80e3-0277395d1af8#107-t1, previous=(t:1, i:20), leaderCommit=16, initializing? false, entries: <empty>
2019-09-10 18:10:47,527 [java.util.concurrent.ThreadPoolExecutor$Worker@6bb7c694[State = -1, empty queue]] WARN  server.GrpcLogAppender (GrpcLogAppender.java:timeoutAppendRequest(200)) - b0fafecf-3418-4e4c-a5e4-e5075743f263@group-73C817937272->4faa59b0-972d-4631-8b2b-dceadefbd7cc-GrpcLogAppender: appendEntries Timeout, request=b0fafecf-3418-4e4c-a5e4-e5075743f263->4faa59b0-972d-4631-8b2b-dceadefbd7cc#107-t1, previous=(t:1, i:20), leaderCommit=16, initializing? false, entries: <empty>
2019-09-10 18:10:47,784 [java.util.concurrent.ThreadPoolExecutor$Worker@517498b8[State = -1, empty queue]] WARN  server.GrpcLogAppender (GrpcLogAppender.java:timeoutAppendRequest(200)) - d8255f37-89f1-48d2-bcda-7654f43e2557@group-2C4B92B15373->8cbcd714-dd76-45fa-910f-f3e67512086a-GrpcLogAppender: appendEntries Timeout, request=d8255f37-89f1-48d2-bcda-7654f43e2557->8cbcd714-dd76-45fa-910f-f3e67512086a#107-t1, previous=(t:1, i:20), leaderCommit=16, initializing? false, entries: <empty>
2019-09-10 18:10:47,820 [grpc-default-executor-0] WARN  server.GrpcLogAppender (LogUtils.java:warn(134)) - d8255f37-89f1-48d2-bcda-7654f43e2557@group-2C4B92B15373->49bcc910-1f14-48b7-a318-d2e01e8ffdec-AppendLogResponseHandler: Failed appendEntries: org.apache.ratis.thirdparty.io.grpc.StatusRuntimeException: UNAVAILABLE: io exception
2019-09-10 18:10:47,820 [grpc-default-executor-0] INFO  impl.FollowerInfo (FollowerInfo.java:lambda$new$0(51)) - d8255f37-89f1-48d2-bcda-7654f43e2557@group-2C4B92B15373->49bcc910-1f14-48b7-a318-d2e01e8ffdec: nextIndex: updateUnconditionally 0 -> 0
2019-09-10 18:10:48,023 [java.util.concurrent.ThreadPoolExecutor$Worker@54e454ae[State = -1, empty queue]] WARN  server.GrpcLogAppender (GrpcLogAppender.java:timeoutAppendRequest(200)) - b0fafecf-3418-4e4c-a5e4-e5075743f263@group-73C817937272->2e952fcc-3ad7-4f0e-80e3-0277395d1af8-GrpcLogAppender: appendEntries Timeout, request=b0fafecf-3418-4e4c-a5e4-e5075743f263->2e952fcc-3ad7-4f0e-80e3-0277395d1af8#108-t1, previous=(t:1, i:20), leaderCommit=16, initializing? false, entries: <empty>
2019-09-10 18:10:48,027 [java.util.concurrent.ThreadPoolExecutor$Worker@6bb7c694[State = -1, empty queue]] WARN  server.GrpcLogAppender (GrpcLogAppender.java:timeoutAppendRequest(200)) - b0fafecf-3418-4e4c-a5e4-e5075743f263@group-73C817937272->4faa59b0-972d-4631-8b2b-dceadefbd7cc-GrpcLogAppender: appendEntries Timeout, request=b0fafecf-3418-4e4c-a5e4-e5075743f263->4faa59b0-972d-4631-8b2b-dceadefbd7cc#108-t1, previous=(t:1, i:20), leaderCommit=16, initializing? false, entries: <empty>
2019-09-10 18:10:48,284 [java.util.concurrent.ThreadPoolExecutor$Worker@517498b8[State = -1, empty queue]] WARN  server.GrpcLogAppender (GrpcLogAppender.java:timeoutAppendRequest(200)) - d8255f37-89f1-48d2-bcda-7654f43e2557@group-2C4B92B15373->8cbcd714-dd76-45fa-910f-f3e67512086a-GrpcLogAppender: appendEntries Timeout, request=d8255f37-89f1-48d2-bcda-7654f43e2557->8cbcd714-dd76-45fa-910f-f3e67512086a#108-t1, previous=(t:1, i:20), leaderCommit=16, initializing? false, entries: <empty>
2019-09-10 18:10:48,321 [grpc-default-executor-3] WARN  server.GrpcLogAppender (LogUtils.java:warn(134)) - d8255f37-89f1-48d2-bcda-7654f43e2557@group-2C4B92B15373->49bcc910-1f14-48b7-a318-d2e01e8ffdec-AppendLogResponseHandler: Failed appendEntries: org.apache.ratis.thirdparty.io.grpc.StatusRuntimeException: UNAVAILABLE: io exception
2019-09-10 18:10:48,321 [grpc-default-executor-3] INFO  impl.FollowerInfo (FollowerInfo.java:lambda$new$0(51)) - d8255f37-89f1-48d2-bcda-7654f43e2557@group-2C4B92B15373->49bcc910-1f14-48b7-a318-d2e01e8ffdec: nextIndex: updateUnconditionally 0 -> 0
2019-09-10 18:10:48,523 [java.util.concurrent.ThreadPoolExecutor$Worker@54e454ae[State = -1, empty queue]] WARN  server.GrpcLogAppender (GrpcLogAppender.java:timeoutAppendRequest(200)) - b0fafecf-3418-4e4c-a5e4-e5075743f263@group-73C817937272->2e952fcc-3ad7-4f0e-80e3-0277395d1af8-GrpcLogAppender: appendEntries Timeout, request=b0fafecf-3418-4e4c-a5e4-e5075743f263->2e952fcc-3ad7-4f0e-80e3-0277395d1af8#109-t1, previous=(t:1, i:20), leaderCommit=16, initializing? false, entries: <empty>
2019-09-10 18:10:48,527 [java.util.concurrent.ThreadPoolExecutor$Worker@6bb7c694[State = -1, empty queue]] WARN  server.GrpcLogAppender (GrpcLogAppender.java:timeoutAppendRequest(200)) - b0fafecf-3418-4e4c-a5e4-e5075743f263@group-73C817937272->4faa59b0-972d-4631-8b2b-dceadefbd7cc-GrpcLogAppender: appendEntries Timeout, request=b0fafecf-3418-4e4c-a5e4-e5075743f263->4faa59b0-972d-4631-8b2b-dceadefbd7cc#109-t1, previous=(t:1, i:20), leaderCommit=16, initializing? false, entries: <empty>
2019-09-10 18:10:48,785 [java.util.concurrent.ThreadPoolExecutor$Worker@517498b8[State = -1, empty queue]] WARN  server.GrpcLogAppender (GrpcLogAppender.java:timeoutAppendRequest(200)) - d8255f37-89f1-48d2-bcda-7654f43e2557@group-2C4B92B15373->8cbcd714-dd76-45fa-910f-f3e67512086a-GrpcLogAppender: appendEntries Timeout, request=d8255f37-89f1-48d2-bcda-7654f43e2557->8cbcd714-dd76-45fa-910f-f3e67512086a#109-t1, previous=(t:1, i:20), leaderCommit=16, initializing? false, entries: <empty>
2019-09-10 18:10:48,821 [grpc-default-executor-1] WARN  server.GrpcLogAppender (LogUtils.java:warn(134)) - d8255f37-89f1-48d2-bcda-7654f43e2557@group-2C4B92B15373->49bcc910-1f14-48b7-a318-d2e01e8ffdec-AppendLogResponseHandler: Failed appendEntries: org.apache.ratis.thirdparty.io.grpc.StatusRuntimeException: UNAVAILABLE: io exception
2019-09-10 18:10:48,822 [grpc-default-executor-1] INFO  impl.FollowerInfo (FollowerInfo.java:lambda$new$0(51)) - d8255f37-89f1-48d2-bcda-7654f43e2557@group-2C4B92B15373->49bcc910-1f14-48b7-a318-d2e01e8ffdec: nextIndex: updateUnconditionally 0 -> 0
2019-09-10 18:10:49,024 [java.util.concurrent.ThreadPoolExecutor$Worker@54e454ae[State = -1, empty queue]] WARN  server.GrpcLogAppender (GrpcLogAppender.java:timeoutAppendRequest(200)) - b0fafecf-3418-4e4c-a5e4-e5075743f263@group-73C817937272->2e952fcc-3ad7-4f0e-80e3-0277395d1af8-GrpcLogAppender: appendEntries Timeout, request=b0fafecf-3418-4e4c-a5e4-e5075743f263->2e952fcc-3ad7-4f0e-80e3-0277395d1af8#110-t1, previous=(t:1, i:20), leaderCommit=16, initializing? false, entries: <empty>
2019-09-10 18:10:49,027 [java.util.concurrent.ThreadPoolExecutor$Worker@6bb7c694[State = -1, empty queue]] WARN  server.GrpcLogAppender (GrpcLogAppender.java:timeoutAppendRequest(200)) - b0fafecf-3418-4e4c-a5e4-e5075743f263@group-73C817937272->4faa59b0-972d-4631-8b2b-dceadefbd7cc-GrpcLogAppender: appendEntries Timeout, request=b0fafecf-3418-4e4c-a5e4-e5075743f263->4faa59b0-972d-4631-8b2b-dceadefbd7cc#110-t1, previous=(t:1, i:20), leaderCommit=16, initializing? false, entries: <empty>
2019-09-10 18:10:49,285 [java.util.concurrent.ThreadPoolExecutor$Worker@517498b8[State = -1, empty queue]] WARN  server.GrpcLogAppender (GrpcLogAppender.java:timeoutAppendRequest(200)) - d8255f37-89f1-48d2-bcda-7654f43e2557@group-2C4B92B15373->8cbcd714-dd76-45fa-910f-f3e67512086a-GrpcLogAppender: appendEntries Timeout, request=d8255f37-89f1-48d2-bcda-7654f43e2557->8cbcd714-dd76-45fa-910f-f3e67512086a#110-t1, previous=(t:1, i:20), leaderCommit=16, initializing? false, entries: <empty>
2019-09-10 18:10:49,323 [grpc-default-executor-3] WARN  server.GrpcLogAppender (LogUtils.java:warn(134)) - d8255f37-89f1-48d2-bcda-7654f43e2557@group-2C4B92B15373->49bcc910-1f14-48b7-a318-d2e01e8ffdec-AppendLogResponseHandler: Failed appendEntries: org.apache.ratis.thirdparty.io.grpc.StatusRuntimeException: UNAVAILABLE: io exception
2019-09-10 18:10:49,324 [grpc-default-executor-3] INFO  impl.FollowerInfo (FollowerInfo.java:lambda$new$0(51)) - d8255f37-89f1-48d2-bcda-7654f43e2557@group-2C4B92B15373->49bcc910-1f14-48b7-a318-d2e01e8ffdec: nextIndex: updateUnconditionally 0 -> 0
2019-09-10 18:10:49,524 [java.util.concurrent.ThreadPoolExecutor$Worker@54e454ae[State = -1, empty queue]] WARN  server.GrpcLogAppender (GrpcLogAppender.java:timeoutAppendRequest(200)) - b0fafecf-3418-4e4c-a5e4-e5075743f263@group-73C817937272->2e952fcc-3ad7-4f0e-80e3-0277395d1af8-GrpcLogAppender: appendEntries Timeout, request=b0fafecf-3418-4e4c-a5e4-e5075743f263->2e952fcc-3ad7-4f0e-80e3-0277395d1af8#111-t1, previous=(t:1, i:20), leaderCommit=16, initializing? false, entries: <empty>
2019-09-10 18:10:49,527 [java.util.concurrent.ThreadPoolExecutor$Worker@6bb7c694[State = -1, empty queue]] WARN  server.GrpcLogAppender (GrpcLogAppender.java:timeoutAppendRequest(200)) - b0fafecf-3418-4e4c-a5e4-e5075743f263@group-73C817937272->4faa59b0-972d-4631-8b2b-dceadefbd7cc-GrpcLogAppender: appendEntries Timeout, request=b0fafecf-3418-4e4c-a5e4-e5075743f263->4faa59b0-972d-4631-8b2b-dceadefbd7cc#111-t1, previous=(t:1, i:20), leaderCommit=16, initializing? false, entries: <empty>
2019-09-10 18:10:49,786 [java.util.concurrent.ThreadPoolExecutor$Worker@517498b8[State = -1, empty queue]] WARN  server.GrpcLogAppender (GrpcLogAppender.java:timeoutAppendRequest(200)) - d8255f37-89f1-48d2-bcda-7654f43e2557@group-2C4B92B15373->8cbcd714-dd76-45fa-910f-f3e67512086a-GrpcLogAppender: appendEntries Timeout, request=d8255f37-89f1-48d2-bcda-7654f43e2557->8cbcd714-dd76-45fa-910f-f3e67512086a#111-t1, previous=(t:1, i:20), leaderCommit=16, initializing? false, entries: <empty>
2019-09-10 18:10:49,824 [grpc-default-executor-1] WARN  server.GrpcLogAppender (LogUtils.java:warn(134)) - d8255f37-89f1-48d2-bcda-7654f43e2557@group-2C4B92B15373->49bcc910-1f14-48b7-a318-d2e01e8ffdec-AppendLogResponseHandler: Failed appendEntries: org.apache.ratis.thirdparty.io.grpc.StatusRuntimeException: UNAVAILABLE: io exception
2019-09-10 18:10:49,824 [grpc-default-executor-1] INFO  impl.FollowerInfo (FollowerInfo.java:lambda$new$0(51)) - d8255f37-89f1-48d2-bcda-7654f43e2557@group-2C4B92B15373->49bcc910-1f14-48b7-a318-d2e01e8ffdec: nextIndex: updateUnconditionally 0 -> 0
2019-09-10 18:10:50,024 [java.util.concurrent.ThreadPoolExecutor$Worker@54e454ae[State = -1, empty queue]] WARN  server.GrpcLogAppender (GrpcLogAppender.java:timeoutAppendRequest(200)) - b0fafecf-3418-4e4c-a5e4-e5075743f263@group-73C817937272->2e952fcc-3ad7-4f0e-80e3-0277395d1af8-GrpcLogAppender: appendEntries Timeout, request=b0fafecf-3418-4e4c-a5e4-e5075743f263->2e952fcc-3ad7-4f0e-80e3-0277395d1af8#112-t1, previous=(t:1, i:20), leaderCommit=16, initializing? false, entries: <empty>
2019-09-10 18:10:50,028 [java.util.concurrent.ThreadPoolExecutor$Worker@6bb7c694[State = -1, empty queue]] WARN  server.GrpcLogAppender (GrpcLogAppender.java:timeoutAppendRequest(200)) - b0fafecf-3418-4e4c-a5e4-e5075743f263@group-73C817937272->4faa59b0-972d-4631-8b2b-dceadefbd7cc-GrpcLogAppender: appendEntries Timeout, request=b0fafecf-3418-4e4c-a5e4-e5075743f263->4faa59b0-972d-4631-8b2b-dceadefbd7cc#112-t1, previous=(t:1, i:20), leaderCommit=16, initializing? false, entries: <empty>
2019-09-10 18:10:50,286 [java.util.concurrent.ThreadPoolExecutor$Worker@517498b8[State = -1, empty queue]] WARN  server.GrpcLogAppender (GrpcLogAppender.java:timeoutAppendRequest(200)) - d8255f37-89f1-48d2-bcda-7654f43e2557@group-2C4B92B15373->8cbcd714-dd76-45fa-910f-f3e67512086a-GrpcLogAppender: appendEntries Timeout, request=d8255f37-89f1-48d2-bcda-7654f43e2557->8cbcd714-dd76-45fa-910f-f3e67512086a#112-t1, previous=(t:1, i:20), leaderCommit=16, initializing? false, entries: <empty>
2019-09-10 18:10:50,325 [grpc-default-executor-3] WARN  server.GrpcLogAppender (LogUtils.java:warn(134)) - d8255f37-89f1-48d2-bcda-7654f43e2557@group-2C4B92B15373->49bcc910-1f14-48b7-a318-d2e01e8ffdec-AppendLogResponseHandler: Failed appendEntries: org.apache.ratis.thirdparty.io.grpc.StatusRuntimeException: UNAVAILABLE: io exception
2019-09-10 18:10:50,325 [grpc-default-executor-3] INFO  impl.FollowerInfo (FollowerInfo.java:lambda$new$0(51)) - d8255f37-89f1-48d2-bcda-7654f43e2557@group-2C4B92B15373->49bcc910-1f14-48b7-a318-d2e01e8ffdec: nextIndex: updateUnconditionally 0 -> 0
2019-09-10 18:10:50,524 [java.util.concurrent.ThreadPoolExecutor$Worker@54e454ae[State = -1, empty queue]] WARN  server.GrpcLogAppender (GrpcLogAppender.java:timeoutAppendRequest(200)) - b0fafecf-3418-4e4c-a5e4-e5075743f263@group-73C817937272->2e952fcc-3ad7-4f0e-80e3-0277395d1af8-GrpcLogAppender: appendEntries Timeout, request=b0fafecf-3418-4e4c-a5e4-e5075743f263->2e952fcc-3ad7-4f0e-80e3-0277395d1af8#113-t1, previous=(t:1, i:20), leaderCommit=16, initializing? false, entries: <empty>
2019-09-10 18:10:50,528 [java.util.concurrent.ThreadPoolExecutor$Worker@6bb7c694[State = -1, empty queue]] WARN  server.GrpcLogAppender (GrpcLogAppender.java:timeoutAppendRequest(200)) - b0fafecf-3418-4e4c-a5e4-e5075743f263@group-73C817937272->4faa59b0-972d-4631-8b2b-dceadefbd7cc-GrpcLogAppender: appendEntries Timeout, request=b0fafecf-3418-4e4c-a5e4-e5075743f263->4faa59b0-972d-4631-8b2b-dceadefbd7cc#113-t1, previous=(t:1, i:20), leaderCommit=16, initializing? false, entries: <empty>
2019-09-10 18:10:50,786 [java.util.concurrent.ThreadPoolExecutor$Worker@517498b8[State = -1, empty queue]] WARN  server.GrpcLogAppender (GrpcLogAppender.java:timeoutAppendRequest(200)) - d8255f37-89f1-48d2-bcda-7654f43e2557@group-2C4B92B15373->8cbcd714-dd76-45fa-910f-f3e67512086a-GrpcLogAppender: appendEntries Timeout, request=d8255f37-89f1-48d2-bcda-7654f43e2557->8cbcd714-dd76-45fa-910f-f3e67512086a#113-t1, previous=(t:1, i:20), leaderCommit=16, initializing? false, entries: <empty>
2019-09-10 18:10:50,825 [grpc-default-executor-1] WARN  server.GrpcLogAppender (LogUtils.java:warn(134)) - d8255f37-89f1-48d2-bcda-7654f43e2557@group-2C4B92B15373->49bcc910-1f14-48b7-a318-d2e01e8ffdec-AppendLogResponseHandler: Failed appendEntries: org.apache.ratis.thirdparty.io.grpc.StatusRuntimeException: UNAVAILABLE: io exception
2019-09-10 18:10:50,826 [grpc-default-executor-1] INFO  impl.FollowerInfo (FollowerInfo.java:lambda$new$0(51)) - d8255f37-89f1-48d2-bcda-7654f43e2557@group-2C4B92B15373->49bcc910-1f14-48b7-a318-d2e01e8ffdec: nextIndex: updateUnconditionally 0 -> 0
2019-09-10 18:10:50,890 [main] INFO  ozoneimpl.OzoneContainer (OzoneContainer.java:stop(231)) - Attempting to stop container services.
2019-09-10 18:10:50,891 [main] INFO  impl.RaftServerProxy (RaftServerProxy.java:lambda$close$4(314)) - 8cbcd714-dd76-45fa-910f-f3e67512086a: close
2019-09-10 18:10:50,891 [main] INFO  impl.RaftServerImpl (RaftServerImpl.java:lambda$shutdown$3(251)) - 8cbcd714-dd76-45fa-910f-f3e67512086a@group-2C4B92B15373: shutdown
2019-09-10 18:10:50,892 [main] INFO  util.JmxRegister (JmxRegister.java:unregister(73)) - Successfully un-registered JMX Bean with object name Ratis:service=RaftServer,group=group-2C4B92B15373,id=8cbcd714-dd76-45fa-910f-f3e67512086a
2019-09-10 18:10:50,892 [main] INFO  impl.RoleInfo (RoleInfo.java:shutdownFollowerState(121)) - 8cbcd714-dd76-45fa-910f-f3e67512086a: shutdown FollowerState
2019-09-10 18:10:50,893 [main] INFO  impl.StateMachineUpdater (StateMachineUpdater.java:stopAndJoin(125)) - 8cbcd714-dd76-45fa-910f-f3e67512086a@group-2C4B92B15373-StateMachineUpdater: set stopIndex = 16
2019-09-10 18:10:50,893 [8cbcd714-dd76-45fa-910f-f3e67512086a@group-2C4B92B15373-StateMachineUpdater] INFO  ratis.ContainerStateMachine (ContainerStateMachine.java:takeSnapshot(289)) - group-2C4B92B15373: Taking a snapshot at:(t:1, i:13) file /workdir/hadoop-ozone/integration-test/target/test-dir/MiniOzoneClusterImpl-a4bba3eb-5ae6-43ba-8544-0cc5de04918c/datanode-1/data/ratis/3154d7c5-eea6-48f1-8d1f-2c4b92b15373/sm/snapshot.1_13
2019-09-10 18:10:50,893 [Thread-385] INFO  impl.FollowerState (FollowerState.java:run(115)) - 8cbcd714-dd76-45fa-910f-f3e67512086a: FollowerState was interrupted: java.lang.InterruptedException: sleep interrupted
2019-09-10 18:10:50,919 [8cbcd714-dd76-45fa-910f-f3e67512086a@group-2C4B92B15373-StateMachineUpdater] INFO  ratis.ContainerStateMachine (ContainerStateMachine.java:takeSnapshot(300)) - group-2C4B92B15373: Finished taking a snapshot at:(t:1, i:13) file:/workdir/hadoop-ozone/integration-test/target/test-dir/MiniOzoneClusterImpl-a4bba3eb-5ae6-43ba-8544-0cc5de04918c/datanode-1/data/ratis/3154d7c5-eea6-48f1-8d1f-2c4b92b15373/sm/snapshot.1_13 time:26
2019-09-10 18:10:50,919 [8cbcd714-dd76-45fa-910f-f3e67512086a@group-2C4B92B15373-StateMachineUpdater] INFO  impl.StateMachineUpdater (StateMachineUpdater.java:takeSnapshot(258)) - 8cbcd714-dd76-45fa-910f-f3e67512086a@group-2C4B92B15373-StateMachineUpdater: Took a snapshot at index 13
2019-09-10 18:10:50,919 [8cbcd714-dd76-45fa-910f-f3e67512086a@group-2C4B92B15373-StateMachineUpdater] INFO  impl.StateMachineUpdater (StateMachineUpdater.java:lambda$new$0(83)) - 8cbcd714-dd76-45fa-910f-f3e67512086a@group-2C4B92B15373-StateMachineUpdater: snapshotIndex: updateIncreasingly -1 -> 13
2019-09-10 18:10:50,919 [8cbcd714-dd76-45fa-910f-f3e67512086a@group-2C4B92B15373-StateMachineUpdater] INFO  ratis.ContainerStateMachine (ContainerStateMachine.java:takeSnapshot(289)) - group-2C4B92B15373: Taking a snapshot at:(t:1, i:13) file /workdir/hadoop-ozone/integration-test/target/test-dir/MiniOzoneClusterImpl-a4bba3eb-5ae6-43ba-8544-0cc5de04918c/datanode-1/data/ratis/3154d7c5-eea6-48f1-8d1f-2c4b92b15373/sm/snapshot.1_13
2019-09-10 18:10:50,949 [8cbcd714-dd76-45fa-910f-f3e67512086a@group-2C4B92B15373-StateMachineUpdater] INFO  ratis.ContainerStateMachine (ContainerStateMachine.java:takeSnapshot(300)) - group-2C4B92B15373: Finished taking a snapshot at:(t:1, i:13) file:/workdir/hadoop-ozone/integration-test/target/test-dir/MiniOzoneClusterImpl-a4bba3eb-5ae6-43ba-8544-0cc5de04918c/datanode-1/data/ratis/3154d7c5-eea6-48f1-8d1f-2c4b92b15373/sm/snapshot.1_13 time:30
2019-09-10 18:10:50,949 [8cbcd714-dd76-45fa-910f-f3e67512086a@group-2C4B92B15373-StateMachineUpdater] INFO  impl.StateMachineUpdater (StateMachineUpdater.java:takeSnapshot(258)) - 8cbcd714-dd76-45fa-910f-f3e67512086a@group-2C4B92B15373-StateMachineUpdater: Took a snapshot at index 13
2019-09-10 18:10:50,949 [8cbcd714-dd76-45fa-910f-f3e67512086a@group-2C4B92B15373-StateMachineUpdater] INFO  impl.StateMachineUpdater (StateMachineUpdater.java:lambda$new$0(83)) - 8cbcd714-dd76-45fa-910f-f3e67512086a@group-2C4B92B15373-StateMachineUpdater: snapshotIndex: updateIncreasingly 13 -> 13
2019-09-10 18:10:50,950 [main] INFO  impl.RaftServerImpl (ServerState.java:close(385)) - 8cbcd714-dd76-45fa-910f-f3e67512086a@group-2C4B92B15373: closes. applyIndex: 16
2019-09-10 18:10:50,954 [8cbcd714-dd76-45fa-910f-f3e67512086a@group-2C4B92B15373-SegmentedRaftLogWorker] ERROR ratis.XceiverServerRatis (XceiverServerRatis.java:triggerPipelineClose(568)) - pipeline Action CLOSE  on pipeline PipelineID=3154d7c5-eea6-48f1-8d1f-2c4b92b15373.Reason : WriteLog:19: (t:1, i:19), STATEMACHINELOGENTRY, client-11D19FBEF510, cid=30-writeStateMachineData interrupted.
2019-09-10 18:10:50,962 [main] INFO  segmented.SegmentedRaftLogWorker (SegmentedRaftLogWorker.java:close(228)) - 8cbcd714-dd76-45fa-910f-f3e67512086a@group-2C4B92B15373-SegmentedRaftLogWorker close()
2019-09-10 18:10:50,966 [main] INFO  impl.RaftServerImpl (RaftServerImpl.java:lambda$shutdown$3(251)) - 8cbcd714-dd76-45fa-910f-f3e67512086a@group-06E40EBA5997: shutdown
2019-09-10 18:10:50,967 [main] INFO  util.JmxRegister (JmxRegister.java:unregister(73)) - Successfully un-registered JMX Bean with object name Ratis:service=RaftServer,group=group-06E40EBA5997,id=8cbcd714-dd76-45fa-910f-f3e67512086a
2019-09-10 18:10:50,967 [main] INFO  impl.RoleInfo (RoleInfo.java:shutdownLeaderState(104)) - 8cbcd714-dd76-45fa-910f-f3e67512086a: shutdown LeaderState
2019-09-10 18:10:50,967 [main] INFO  impl.PendingRequests (PendingRequests.java:sendNotLeaderResponses(202)) - 8cbcd714-dd76-45fa-910f-f3e67512086a-PendingRequests: sendNotLeaderResponses
2019-09-10 18:10:50,969 [main] INFO  impl.StateMachineUpdater (StateMachineUpdater.java:stopAndJoin(125)) - 8cbcd714-dd76-45fa-910f-f3e67512086a@group-06E40EBA5997-StateMachineUpdater: set stopIndex = 0
2019-09-10 18:10:50,969 [main] INFO  impl.RaftServerImpl (ServerState.java:close(385)) - 8cbcd714-dd76-45fa-910f-f3e67512086a@group-06E40EBA5997: closes. applyIndex: 0
2019-09-10 18:10:50,970 [8cbcd714-dd76-45fa-910f-f3e67512086a@group-06E40EBA5997-SegmentedRaftLogWorker] INFO  segmented.SegmentedRaftLogWorker (SegmentedRaftLogWorker.java:run(313)) - 8cbcd714-dd76-45fa-910f-f3e67512086a@group-06E40EBA5997-SegmentedRaftLogWorker was interrupted, exiting. There are 0 tasks remaining in the queue.
2019-09-10 18:10:50,972 [main] INFO  segmented.SegmentedRaftLogWorker (SegmentedRaftLogWorker.java:close(228)) - 8cbcd714-dd76-45fa-910f-f3e67512086a@group-06E40EBA5997-SegmentedRaftLogWorker close()
2019-09-10 18:10:50,976 [main] INFO  server.GrpcService (GrpcService.java:closeImpl(164)) - 8cbcd714-dd76-45fa-910f-f3e67512086a: shutdown server with port 33895 now
2019-09-10 18:10:50,976 [grpc-default-executor-1] WARN  server.GrpcServerProtocolService (LogUtils.java:warn(134)) - 8cbcd714-dd76-45fa-910f-f3e67512086a: installSnapshot onError, lastRequest: d8255f37-89f1-48d2-bcda-7654f43e2557->8cbcd714-dd76-45fa-910f-f3e67512086a#119-t1, previous=(t:1, i:20), leaderCommit=16, initializing? false, entries: <empty>: org.apache.ratis.thirdparty.io.grpc.StatusRuntimeException: CANCELLED: cancelled before receiving half close
2019-09-10 18:10:50,978 [main] INFO  server.GrpcService (GrpcService.java:closeImpl(172)) - 8cbcd714-dd76-45fa-910f-f3e67512086a: shutdown server with port 33895 successfully
2019-09-10 18:10:50,982 [grpc-default-executor-0] WARN  server.GrpcLogAppender (LogUtils.java:warn(134)) - d8255f37-89f1-48d2-bcda-7654f43e2557@group-2C4B92B15373->8cbcd714-dd76-45fa-910f-f3e67512086a-AppendLogResponseHandler: Failed appendEntries: org.apache.ratis.thirdparty.io.grpc.StatusRuntimeException: CANCELLED: HTTP/2 error code: CANCEL
Received Rst Stream
2019-09-10 18:10:50,982 [grpc-default-executor-0] INFO  impl.FollowerInfo (FollowerInfo.java:lambda$new$0(51)) - d8255f37-89f1-48d2-bcda-7654f43e2557@group-2C4B92B15373->8cbcd714-dd76-45fa-910f-f3e67512086a: nextIndex: updateUnconditionally 21 -> 17
2019-09-10 18:10:50,985 [refreshUsed-/workdir/hadoop-ozone/integration-test/target/test-dir/MiniOzoneClusterImpl-a4bba3eb-5ae6-43ba-8544-0cc5de04918c/datanode-1/data/containers] WARN  fs.CachingGetSpaceUsed (CachingGetSpaceUsed.java:run(183)) - Thread Interrupted waiting to refresh disk information: sleep interrupted
2019-09-10 18:10:51,004 [main] INFO  utils.BackgroundService (BackgroundService.java:shutdown(148)) - Shutting down service BlockDeletingService
2019-09-10 18:10:51,010 [main] INFO  statemachine.DatanodeStateMachine (DatanodeStateMachine.java:stopDaemon(395)) - Ozone container server stopped.
2019-09-10 18:10:51,012 [main] INFO  handler.ContextHandler (ContextHandler.java:doStop(910)) - Stopped o.e.j.w.WebAppContext@52d97ab6{/,null,UNAVAILABLE}{/hddsDatanode}
2019-09-10 18:10:51,013 [main] INFO  server.AbstractConnector (AbstractConnector.java:doStop(318)) - Stopped ServerConnector@4da6d664{HTTP/1.1,[http/1.1]}{0.0.0.0:0}
2019-09-10 18:10:51,013 [main] INFO  handler.ContextHandler (ContextHandler.java:doStop(910)) - Stopped o.e.j.s.ServletContextHandler@1a2bcd56{/static,jar:file:/home/user/.m2/repository/org/apache/hadoop/hadoop-hdds-container-service/0.5.0-SNAPSHOT/hadoop-hdds-container-service-0.5.0-SNAPSHOT.jar!/webapps/static,UNAVAILABLE}
2019-09-10 18:10:51,014 [main] INFO  handler.ContextHandler (ContextHandler.java:doStop(910)) - Stopped o.e.j.s.ServletContextHandler@c27a3a2{/logs,file:///workdir/hadoop-ozone/integration-test/target/log,UNAVAILABLE}
2019-09-10 18:10:51,025 [java.util.concurrent.ThreadPoolExecutor$Worker@54e454ae[State = -1, empty queue]] WARN  server.GrpcLogAppender (GrpcLogAppender.java:timeoutAppendRequest(200)) - b0fafecf-3418-4e4c-a5e4-e5075743f263@group-73C817937272->2e952fcc-3ad7-4f0e-80e3-0277395d1af8-GrpcLogAppender: appendEntries Timeout, request=b0fafecf-3418-4e4c-a5e4-e5075743f263->2e952fcc-3ad7-4f0e-80e3-0277395d1af8#114-t1, previous=(t:1, i:20), leaderCommit=16, initializing? false, entries: <empty>
2019-09-10 18:10:51,028 [java.util.concurrent.ThreadPoolExecutor$Worker@6bb7c694[State = -1, empty queue]] WARN  server.GrpcLogAppender (GrpcLogAppender.java:timeoutAppendRequest(200)) - b0fafecf-3418-4e4c-a5e4-e5075743f263@group-73C817937272->4faa59b0-972d-4631-8b2b-dceadefbd7cc-GrpcLogAppender: appendEntries Timeout, request=b0fafecf-3418-4e4c-a5e4-e5075743f263->4faa59b0-972d-4631-8b2b-dceadefbd7cc#114-t1, previous=(t:1, i:20), leaderCommit=16, initializing? false, entries: <empty>
2019-09-10 18:10:51,090 [grpc-default-executor-0] INFO  client.GrpcClientProtocolClient (GrpcClientProtocolClient.java:onNext(264)) - client-23B431068EC3->208154af-b43d-417a-8ba8-8a37a4d1ac9e: receive RaftClientReply:client-23B431068EC3->208154af-b43d-417a-8ba8-8a37a4d1ac9e@group-C08312A7C209, cid=61, SUCCESS, logIndex=29, commits[208154af-b43d-417a-8ba8-8a37a4d1ac9e:c30, 35230fa9-c917-4625-844b-3841de1822d6:c28, 91e32882-d3c6-46ba-a04b-cffc2ba77210:c28]
2019-09-10 18:10:51,091 [grpc-default-executor-0] INFO  client.GrpcClientProtocolClient (GrpcClientProtocolClient.java:onNext(264)) - client-23B431068EC3->208154af-b43d-417a-8ba8-8a37a4d1ac9e: receive RaftClientReply:client-23B431068EC3->208154af-b43d-417a-8ba8-8a37a4d1ac9e@group-C08312A7C209, cid=62, SUCCESS, logIndex=30, commits[208154af-b43d-417a-8ba8-8a37a4d1ac9e:c30, 35230fa9-c917-4625-844b-3841de1822d6:c28, 91e32882-d3c6-46ba-a04b-cffc2ba77210:c28]
2019-09-10 18:10:51,105 [grpc-default-executor-0] INFO  client.GrpcClientProtocolClient (GrpcClientProtocolClient.java:onNext(264)) - client-23B431068EC3->208154af-b43d-417a-8ba8-8a37a4d1ac9e: receive RaftClientReply:client-23B431068EC3->208154af-b43d-417a-8ba8-8a37a4d1ac9e@group-C08312A7C209, cid=63, SUCCESS, logIndex=0, commits[208154af-b43d-417a-8ba8-8a37a4d1ac9e:c32, 35230fa9-c917-4625-844b-3841de1822d6:c30, 91e32882-d3c6-46ba-a04b-cffc2ba77210:c30]
2019-09-10 18:10:51,291 [grpc-default-executor-1] WARN  server.GrpcLogAppender (LogUtils.java:warn(134)) - d8255f37-89f1-48d2-bcda-7654f43e2557@group-2C4B92B15373->8cbcd714-dd76-45fa-910f-f3e67512086a-AppendLogResponseHandler: Failed appendEntries: org.apache.ratis.thirdparty.io.grpc.StatusRuntimeException: UNAVAILABLE: io exception
2019-09-10 18:10:51,292 [grpc-default-executor-1] INFO  impl.FollowerInfo (FollowerInfo.java:lambda$new$0(51)) - d8255f37-89f1-48d2-bcda-7654f43e2557@group-2C4B92B15373->8cbcd714-dd76-45fa-910f-f3e67512086a: nextIndex: updateUnconditionally 17 -> 16
2019-09-10 18:10:51,326 [grpc-default-executor-0] WARN  server.GrpcLogAppender (LogUtils.java:warn(134)) - d8255f37-89f1-48d2-bcda-7654f43e2557@group-2C4B92B15373->49bcc910-1f14-48b7-a318-d2e01e8ffdec-AppendLogResponseHandler: Failed appendEntries: org.apache.ratis.thirdparty.io.grpc.StatusRuntimeException: UNAVAILABLE: io exception
2019-09-10 18:10:51,326 [grpc-default-executor-0] INFO  impl.FollowerInfo (FollowerInfo.java:lambda$new$0(51)) - d8255f37-89f1-48d2-bcda-7654f43e2557@group-2C4B92B15373->49bcc910-1f14-48b7-a318-d2e01e8ffdec: nextIndex: updateUnconditionally 0 -> 0
2019-09-10 18:10:51,525 [java.util.concurrent.ThreadPoolExecutor$Worker@54e454ae[State = -1, empty queue]] WARN  server.GrpcLogAppender (GrpcLogAppender.java:timeoutAppendRequest(200)) - b0fafecf-3418-4e4c-a5e4-e5075743f263@group-73C817937272->2e952fcc-3ad7-4f0e-80e3-0277395d1af8-GrpcLogAppender: appendEntries Timeout, request=b0fafecf-3418-4e4c-a5e4-e5075743f263->2e952fcc-3ad7-4f0e-80e3-0277395d1af8#115-t1, previous=(t:1, i:20), leaderCommit=16, initializing? false, entries: <empty>
2019-09-10 18:10:51,528 [java.util.concurrent.ThreadPoolExecutor$Worker@6bb7c694[State = -1, empty queue]] WARN  server.GrpcLogAppender (GrpcLogAppender.java:timeoutAppendRequest(200)) - b0fafecf-3418-4e4c-a5e4-e5075743f263@group-73C817937272->4faa59b0-972d-4631-8b2b-dceadefbd7cc-GrpcLogAppender: appendEntries Timeout, request=b0fafecf-3418-4e4c-a5e4-e5075743f263->4faa59b0-972d-4631-8b2b-dceadefbd7cc#115-t1, previous=(t:1, i:20), leaderCommit=16, initializing? false, entries: <empty>
2019-09-10 18:10:51,792 [grpc-default-executor-1] WARN  server.GrpcLogAppender (LogUtils.java:warn(134)) - d8255f37-89f1-48d2-bcda-7654f43e2557@group-2C4B92B15373->8cbcd714-dd76-45fa-910f-f3e67512086a-AppendLogResponseHandler: Failed appendEntries: org.apache.ratis.thirdparty.io.grpc.StatusRuntimeException: UNAVAILABLE: io exception
2019-09-10 18:10:51,792 [grpc-default-executor-1] INFO  impl.FollowerInfo (FollowerInfo.java:lambda$new$0(51)) - d8255f37-89f1-48d2-bcda-7654f43e2557@group-2C4B92B15373->8cbcd714-dd76-45fa-910f-f3e67512086a: nextIndex: updateUnconditionally 16 -> 15
2019-09-10 18:10:51,826 [grpc-default-executor-1] WARN  server.GrpcLogAppender (LogUtils.java:warn(134)) - d8255f37-89f1-48d2-bcda-7654f43e2557@group-2C4B92B15373->49bcc910-1f14-48b7-a318-d2e01e8ffdec-AppendLogResponseHandler: Failed appendEntries: org.apache.ratis.thirdparty.io.grpc.StatusRuntimeException: UNAVAILABLE: io exception
2019-09-10 18:10:51,827 [grpc-default-executor-1] INFO  impl.FollowerInfo (FollowerInfo.java:lambda$new$0(51)) - d8255f37-89f1-48d2-bcda-7654f43e2557@group-2C4B92B15373->49bcc910-1f14-48b7-a318-d2e01e8ffdec: nextIndex: updateUnconditionally 0 -> 0
2019-09-10 18:10:52,025 [java.util.concurrent.ThreadPoolExecutor$Worker@54e454ae[State = -1, empty queue]] WARN  server.GrpcLogAppender (GrpcLogAppender.java:timeoutAppendRequest(200)) - b0fafecf-3418-4e4c-a5e4-e5075743f263@group-73C817937272->2e952fcc-3ad7-4f0e-80e3-0277395d1af8-GrpcLogAppender: appendEntries Timeout, request=b0fafecf-3418-4e4c-a5e4-e5075743f263->2e952fcc-3ad7-4f0e-80e3-0277395d1af8#116-t1, previous=(t:1, i:20), leaderCommit=16, initializing? false, entries: <empty>
2019-09-10 18:10:52,028 [java.util.concurrent.ThreadPoolExecutor$Worker@6bb7c694[State = -1, empty queue]] WARN  server.GrpcLogAppender (GrpcLogAppender.java:timeoutAppendRequest(200)) - b0fafecf-3418-4e4c-a5e4-e5075743f263@group-73C817937272->4faa59b0-972d-4631-8b2b-dceadefbd7cc-GrpcLogAppender: appendEntries Timeout, request=b0fafecf-3418-4e4c-a5e4-e5075743f263->4faa59b0-972d-4631-8b2b-dceadefbd7cc#116-t1, previous=(t:1, i:20), leaderCommit=16, initializing? false, entries: <empty>
2019-09-10 18:10:52,190 [d8255f37-89f1-48d2-bcda-7654f43e2557@group-2C4B92B15373-SegmentedRaftLogWorker] WARN  segmented.SegmentedRaftLogWorker (SegmentedRaftLogWorker.java:getFromFuture(90)) - Timeout 4/~
org.apache.ratis.protocol.TimeoutIOException: Timeout 10s: WriteLog:19: (t:1, i:19), STATEMACHINELOGENTRY, client-11D19FBEF510, cid=30-writeStateMachineData
	at org.apache.ratis.util.IOUtils.getFromFuture(IOUtils.java:87)
	at org.apache.ratis.server.raftlog.segmented.SegmentedRaftLogWorker$StateMachineDataPolicy.getFromFuture(SegmentedRaftLogWorker.java:87)
	at org.apache.ratis.server.raftlog.segmented.SegmentedRaftLogWorker$WriteLog.execute(SegmentedRaftLogWorker.java:477)
	at org.apache.ratis.server.raftlog.segmented.SegmentedRaftLogWorker.run(SegmentedRaftLogWorker.java:289)
	at java.lang.Thread.run(Thread.java:748)
Caused by: java.util.concurrent.TimeoutException
	at java.util.concurrent.CompletableFuture.timedGet(CompletableFuture.java:1771)
	at java.util.concurrent.CompletableFuture.get(CompletableFuture.java:1915)
	at org.apache.ratis.util.IOUtils.getFromFuture(IOUtils.java:79)
	... 4 more
2019-09-10 18:10:52,293 [grpc-default-executor-3] WARN  server.GrpcLogAppender (LogUtils.java:warn(134)) - d8255f37-89f1-48d2-bcda-7654f43e2557@group-2C4B92B15373->8cbcd714-dd76-45fa-910f-f3e67512086a-AppendLogResponseHandler: Failed appendEntries: org.apache.ratis.thirdparty.io.grpc.StatusRuntimeException: UNAVAILABLE: io exception
2019-09-10 18:10:52,294 [grpc-default-executor-3] INFO  impl.FollowerInfo (FollowerInfo.java:lambda$new$0(51)) - d8255f37-89f1-48d2-bcda-7654f43e2557@group-2C4B92B15373->8cbcd714-dd76-45fa-910f-f3e67512086a: nextIndex: updateUnconditionally 15 -> 14
2019-09-10 18:10:52,328 [grpc-default-executor-1] WARN  server.GrpcLogAppender (LogUtils.java:warn(134)) - d8255f37-89f1-48d2-bcda-7654f43e2557@group-2C4B92B15373->49bcc910-1f14-48b7-a318-d2e01e8ffdec-AppendLogResponseHandler: Failed appendEntries: org.apache.ratis.thirdparty.io.grpc.StatusRuntimeException: UNAVAILABLE: io exception
2019-09-10 18:10:52,328 [grpc-default-executor-1] INFO  impl.FollowerInfo (FollowerInfo.java:lambda$new$0(51)) - d8255f37-89f1-48d2-bcda-7654f43e2557@group-2C4B92B15373->49bcc910-1f14-48b7-a318-d2e01e8ffdec: nextIndex: updateUnconditionally 0 -> 0
2019-09-10 18:10:52,526 [java.util.concurrent.ThreadPoolExecutor$Worker@54e454ae[State = -1, empty queue]] WARN  server.GrpcLogAppender (GrpcLogAppender.java:timeoutAppendRequest(200)) - b0fafecf-3418-4e4c-a5e4-e5075743f263@group-73C817937272->2e952fcc-3ad7-4f0e-80e3-0277395d1af8-GrpcLogAppender: appendEntries Timeout, request=b0fafecf-3418-4e4c-a5e4-e5075743f263->2e952fcc-3ad7-4f0e-80e3-0277395d1af8#117-t1, previous=(t:1, i:20), leaderCommit=16, initializing? false, entries: <empty>
2019-09-10 18:10:52,529 [java.util.concurrent.ThreadPoolExecutor$Worker@6bb7c694[State = -1, empty queue]] WARN  server.GrpcLogAppender (GrpcLogAppender.java:timeoutAppendRequest(200)) - b0fafecf-3418-4e4c-a5e4-e5075743f263@group-73C817937272->4faa59b0-972d-4631-8b2b-dceadefbd7cc-GrpcLogAppender: appendEntries Timeout, request=b0fafecf-3418-4e4c-a5e4-e5075743f263->4faa59b0-972d-4631-8b2b-dceadefbd7cc#117-t1, previous=(t:1, i:20), leaderCommit=16, initializing? false, entries: <empty>
2019-09-10 18:10:52,795 [grpc-default-executor-0] WARN  server.GrpcLogAppender (LogUtils.java:warn(134)) - d8255f37-89f1-48d2-bcda-7654f43e2557@group-2C4B92B15373->8cbcd714-dd76-45fa-910f-f3e67512086a-AppendLogResponseHandler: Failed appendEntries: org.apache.ratis.thirdparty.io.grpc.StatusRuntimeException: UNAVAILABLE: io exception
2019-09-10 18:10:52,795 [grpc-default-executor-0] INFO  impl.FollowerInfo (FollowerInfo.java:lambda$new$0(51)) - d8255f37-89f1-48d2-bcda-7654f43e2557@group-2C4B92B15373->8cbcd714-dd76-45fa-910f-f3e67512086a: nextIndex: updateUnconditionally 14 -> 13
2019-09-10 18:10:52,828 [grpc-default-executor-3] WARN  server.GrpcLogAppender (LogUtils.java:warn(134)) - d8255f37-89f1-48d2-bcda-7654f43e2557@group-2C4B92B15373->49bcc910-1f14-48b7-a318-d2e01e8ffdec-AppendLogResponseHandler: Failed appendEntries: org.apache.ratis.thirdparty.io.grpc.StatusRuntimeException: UNAVAILABLE: io exception
2019-09-10 18:10:52,829 [grpc-default-executor-3] INFO  impl.FollowerInfo (FollowerInfo.java:lambda$new$0(51)) - d8255f37-89f1-48d2-bcda-7654f43e2557@group-2C4B92B15373->49bcc910-1f14-48b7-a318-d2e01e8ffdec: nextIndex: updateUnconditionally 0 -> 0
2019-09-10 18:10:53,026 [java.util.concurrent.ThreadPoolExecutor$Worker@54e454ae[State = -1, empty queue]] WARN  server.GrpcLogAppender (GrpcLogAppender.java:timeoutAppendRequest(200)) - b0fafecf-3418-4e4c-a5e4-e5075743f263@group-73C817937272->2e952fcc-3ad7-4f0e-80e3-0277395d1af8-GrpcLogAppender: appendEntries Timeout, request=b0fafecf-3418-4e4c-a5e4-e5075743f263->2e952fcc-3ad7-4f0e-80e3-0277395d1af8#118-t1, previous=(t:1, i:20), leaderCommit=16, initializing? false, entries: <empty>
2019-09-10 18:10:53,029 [java.util.concurrent.ThreadPoolExecutor$Worker@6bb7c694[State = -1, empty queue]] WARN  server.GrpcLogAppender (GrpcLogAppender.java:timeoutAppendRequest(200)) - b0fafecf-3418-4e4c-a5e4-e5075743f263@group-73C817937272->4faa59b0-972d-4631-8b2b-dceadefbd7cc-GrpcLogAppender: appendEntries Timeout, request=b0fafecf-3418-4e4c-a5e4-e5075743f263->4faa59b0-972d-4631-8b2b-dceadefbd7cc#118-t1, previous=(t:1, i:20), leaderCommit=16, initializing? false, entries: <empty>
2019-09-10 18:10:53,295 [grpc-default-executor-1] WARN  server.GrpcLogAppender (LogUtils.java:warn(134)) - d8255f37-89f1-48d2-bcda-7654f43e2557@group-2C4B92B15373->8cbcd714-dd76-45fa-910f-f3e67512086a-AppendLogResponseHandler: Failed appendEntries: org.apache.ratis.thirdparty.io.grpc.StatusRuntimeException: UNAVAILABLE: io exception
2019-09-10 18:10:53,296 [grpc-default-executor-1] INFO  impl.FollowerInfo (FollowerInfo.java:lambda$new$0(51)) - d8255f37-89f1-48d2-bcda-7654f43e2557@group-2C4B92B15373->8cbcd714-dd76-45fa-910f-f3e67512086a: nextIndex: updateUnconditionally 13 -> 12
2019-09-10 18:10:53,330 [grpc-default-executor-3] WARN  server.GrpcLogAppender (LogUtils.java:warn(134)) - d8255f37-89f1-48d2-bcda-7654f43e2557@group-2C4B92B15373->49bcc910-1f14-48b7-a318-d2e01e8ffdec-AppendLogResponseHandler: Failed appendEntries: org.apache.ratis.thirdparty.io.grpc.StatusRuntimeException: UNAVAILABLE: io exception
2019-09-10 18:10:53,330 [grpc-default-executor-3] INFO  impl.FollowerInfo (FollowerInfo.java:lambda$new$0(51)) - d8255f37-89f1-48d2-bcda-7654f43e2557@group-2C4B92B15373->49bcc910-1f14-48b7-a318-d2e01e8ffdec: nextIndex: updateUnconditionally 0 -> 0
2019-09-10 18:10:53,527 [java.util.concurrent.ThreadPoolExecutor$Worker@54e454ae[State = -1, empty queue]] WARN  server.GrpcLogAppender (GrpcLogAppender.java:timeoutAppendRequest(200)) - b0fafecf-3418-4e4c-a5e4-e5075743f263@group-73C817937272->2e952fcc-3ad7-4f0e-80e3-0277395d1af8-GrpcLogAppender: appendEntries Timeout, request=b0fafecf-3418-4e4c-a5e4-e5075743f263->2e952fcc-3ad7-4f0e-80e3-0277395d1af8#119-t1, previous=(t:1, i:20), leaderCommit=16, initializing? false, entries: <empty>
2019-09-10 18:10:53,529 [java.util.concurrent.ThreadPoolExecutor$Worker@6bb7c694[State = -1, empty queue]] WARN  server.GrpcLogAppender (GrpcLogAppender.java:timeoutAppendRequest(200)) - b0fafecf-3418-4e4c-a5e4-e5075743f263@group-73C817937272->4faa59b0-972d-4631-8b2b-dceadefbd7cc-GrpcLogAppender: appendEntries Timeout, request=b0fafecf-3418-4e4c-a5e4-e5075743f263->4faa59b0-972d-4631-8b2b-dceadefbd7cc#119-t1, previous=(t:1, i:20), leaderCommit=16, initializing? false, entries: <empty>
2019-09-10 18:10:53,796 [grpc-default-executor-0] WARN  server.GrpcLogAppender (LogUtils.java:warn(134)) - d8255f37-89f1-48d2-bcda-7654f43e2557@group-2C4B92B15373->8cbcd714-dd76-45fa-910f-f3e67512086a-AppendLogResponseHandler: Failed appendEntries: org.apache.ratis.thirdparty.io.grpc.StatusRuntimeException: UNAVAILABLE: io exception
2019-09-10 18:10:53,796 [grpc-default-executor-0] INFO  impl.FollowerInfo (FollowerInfo.java:lambda$new$0(51)) - d8255f37-89f1-48d2-bcda-7654f43e2557@group-2C4B92B15373->8cbcd714-dd76-45fa-910f-f3e67512086a: nextIndex: updateUnconditionally 12 -> 11
2019-09-10 18:10:53,830 [grpc-default-executor-3] WARN  server.GrpcLogAppender (LogUtils.java:warn(134)) - d8255f37-89f1-48d2-bcda-7654f43e2557@group-2C4B92B15373->49bcc910-1f14-48b7-a318-d2e01e8ffdec-AppendLogResponseHandler: Failed appendEntries: org.apache.ratis.thirdparty.io.grpc.StatusRuntimeException: UNAVAILABLE: io exception
2019-09-10 18:10:53,830 [grpc-default-executor-3] INFO  impl.FollowerInfo (FollowerInfo.java:lambda$new$0(51)) - d8255f37-89f1-48d2-bcda-7654f43e2557@group-2C4B92B15373->49bcc910-1f14-48b7-a318-d2e01e8ffdec: nextIndex: updateUnconditionally 0 -> 0
2019-09-10 18:10:54,027 [java.util.concurrent.ThreadPoolExecutor$Worker@54e454ae[State = -1, empty queue]] WARN  server.GrpcLogAppender (GrpcLogAppender.java:timeoutAppendRequest(200)) - b0fafecf-3418-4e4c-a5e4-e5075743f263@group-73C817937272->2e952fcc-3ad7-4f0e-80e3-0277395d1af8-GrpcLogAppender: appendEntries Timeout, request=b0fafecf-3418-4e4c-a5e4-e5075743f263->2e952fcc-3ad7-4f0e-80e3-0277395d1af8#120-t1, previous=(t:1, i:20), leaderCommit=16, initializing? false, entries: <empty>
2019-09-10 18:10:54,029 [java.util.concurrent.ThreadPoolExecutor$Worker@6bb7c694[State = -1, empty queue]] WARN  server.GrpcLogAppender (GrpcLogAppender.java:timeoutAppendRequest(200)) - b0fafecf-3418-4e4c-a5e4-e5075743f263@group-73C817937272->4faa59b0-972d-4631-8b2b-dceadefbd7cc-GrpcLogAppender: appendEntries Timeout, request=b0fafecf-3418-4e4c-a5e4-e5075743f263->4faa59b0-972d-4631-8b2b-dceadefbd7cc#120-t1, previous=(t:1, i:20), leaderCommit=16, initializing? false, entries: <empty>
2019-09-10 18:10:54,126 [java.util.concurrent.ThreadPoolExecutor$Worker@5f529951[State = -1, empty queue]] WARN  server.GrpcLogAppender (GrpcLogAppender.java:timeoutAppendRequest(200)) - 208154af-b43d-417a-8ba8-8a37a4d1ac9e@group-C08312A7C209->35230fa9-c917-4625-844b-3841de1822d6-GrpcLogAppender: appendEntries Timeout, request=208154af-b43d-417a-8ba8-8a37a4d1ac9e->35230fa9-c917-4625-844b-3841de1822d6#129-t2, previous=(t:2, i:32), leaderCommit=32, initializing? false, entries: size=1, first=(t:2, i:33), STATEMACHINELOGENTRY, client-23B431068EC3, cid=64
2019-09-10 18:10:54,126 [java.util.concurrent.ThreadPoolExecutor$Worker@1d9b0166[State = -1, empty queue]] WARN  server.GrpcLogAppender (GrpcLogAppender.java:timeoutAppendRequest(200)) - 208154af-b43d-417a-8ba8-8a37a4d1ac9e@group-C08312A7C209->91e32882-d3c6-46ba-a04b-cffc2ba77210-GrpcLogAppender: appendEntries Timeout, request=208154af-b43d-417a-8ba8-8a37a4d1ac9e->91e32882-d3c6-46ba-a04b-cffc2ba77210#129-t2, previous=(t:2, i:32), leaderCommit=32, initializing? false, entries: size=1, first=(t:2, i:33), STATEMACHINELOGENTRY, client-23B431068EC3, cid=64
2019-09-10 18:10:54,126 [java.util.concurrent.ThreadPoolExecutor$Worker@5f529951[State = -1, empty queue]] WARN  server.GrpcLogAppender (GrpcLogAppender.java:timeoutAppendRequest(200)) - 208154af-b43d-417a-8ba8-8a37a4d1ac9e@group-C08312A7C209->35230fa9-c917-4625-844b-3841de1822d6-GrpcLogAppender: appendEntries Timeout, request=208154af-b43d-417a-8ba8-8a37a4d1ac9e->35230fa9-c917-4625-844b-3841de1822d6#130-t2, previous=(t:2, i:33), leaderCommit=32, initializing? false, entries: size=1, first=(t:2, i:34), STATEMACHINELOGENTRY, client-23B431068EC3, cid=65
2019-09-10 18:10:54,129 [java.util.concurrent.ThreadPoolExecutor$Worker@1d9b0166[State = -1, empty queue]] WARN  server.GrpcLogAppender (GrpcLogAppender.java:timeoutAppendRequest(200)) - 208154af-b43d-417a-8ba8-8a37a4d1ac9e@group-C08312A7C209->91e32882-d3c6-46ba-a04b-cffc2ba77210-GrpcLogAppender: appendEntries Timeout, request=208154af-b43d-417a-8ba8-8a37a4d1ac9e->91e32882-d3c6-46ba-a04b-cffc2ba77210#130-t2, previous=(t:2, i:33), leaderCommit=32, initializing? false, entries: size=1, first=(t:2, i:34), STATEMACHINELOGENTRY, client-23B431068EC3, cid=65
2019-09-10 18:10:54,131 [java.util.concurrent.ThreadPoolExecutor$Worker@5f529951[State = -1, empty queue]] WARN  server.GrpcLogAppender (GrpcLogAppender.java:timeoutAppendRequest(200)) - 208154af-b43d-417a-8ba8-8a37a4d1ac9e@group-C08312A7C209->35230fa9-c917-4625-844b-3841de1822d6-GrpcLogAppender: appendEntries Timeout, request=208154af-b43d-417a-8ba8-8a37a4d1ac9e->35230fa9-c917-4625-844b-3841de1822d6#131-t2, previous=(t:2, i:34), leaderCommit=32, initializing? false, entries: size=1, first=(t:2, i:35), STATEMACHINELOGENTRY, client-23B431068EC3, cid=66
2019-09-10 18:10:54,134 [java.util.concurrent.ThreadPoolExecutor$Worker@1d9b0166[State = -1, empty queue]] WARN  server.GrpcLogAppender (GrpcLogAppender.java:timeoutAppendRequest(200)) - 208154af-b43d-417a-8ba8-8a37a4d1ac9e@group-C08312A7C209->91e32882-d3c6-46ba-a04b-cffc2ba77210-GrpcLogAppender: appendEntries Timeout, request=208154af-b43d-417a-8ba8-8a37a4d1ac9e->91e32882-d3c6-46ba-a04b-cffc2ba77210#131-t2, previous=(t:2, i:34), leaderCommit=32, initializing? false, entries: size=1, first=(t:2, i:35), STATEMACHINELOGENTRY, client-23B431068EC3, cid=66
2019-09-10 18:10:54,137 [java.util.concurrent.ThreadPoolExecutor$Worker@5f529951[State = -1, empty queue]] WARN  server.GrpcLogAppender (GrpcLogAppender.java:timeoutAppendRequest(200)) - 208154af-b43d-417a-8ba8-8a37a4d1ac9e@group-C08312A7C209->35230fa9-c917-4625-844b-3841de1822d6-GrpcLogAppender: appendEntries Timeout, request=208154af-b43d-417a-8ba8-8a37a4d1ac9e->35230fa9-c917-4625-844b-3841de1822d6#132-t2, previous=(t:2, i:35), leaderCommit=32, initializing? false, entries: size=1, first=(t:2, i:36), STATEMACHINELOGENTRY, client-23B431068EC3, cid=67
2019-09-10 18:10:54,140 [java.util.concurrent.ThreadPoolExecutor$Worker@1d9b0166[State = -1, empty queue]] WARN  server.GrpcLogAppender (GrpcLogAppender.java:timeoutAppendRequest(200)) - 208154af-b43d-417a-8ba8-8a37a4d1ac9e@group-C08312A7C209->91e32882-d3c6-46ba-a04b-cffc2ba77210-GrpcLogAppender: appendEntries Timeout, request=208154af-b43d-417a-8ba8-8a37a4d1ac9e->91e32882-d3c6-46ba-a04b-cffc2ba77210#132-t2, previous=(t:2, i:35), leaderCommit=32, initializing? false, entries: size=1, first=(t:2, i:36), STATEMACHINELOGENTRY, client-23B431068EC3, cid=67
2019-09-10 18:10:54,297 [grpc-default-executor-1] WARN  server.GrpcLogAppender (LogUtils.java:warn(134)) - d8255f37-89f1-48d2-bcda-7654f43e2557@group-2C4B92B15373->8cbcd714-dd76-45fa-910f-f3e67512086a-AppendLogResponseHandler: Failed appendEntries: org.apache.ratis.thirdparty.io.grpc.StatusRuntimeException: UNAVAILABLE: io exception
2019-09-10 18:10:54,301 [grpc-default-executor-1] INFO  impl.FollowerInfo (FollowerInfo.java:lambda$new$0(51)) - d8255f37-89f1-48d2-bcda-7654f43e2557@group-2C4B92B15373->8cbcd714-dd76-45fa-910f-f3e67512086a: nextIndex: updateUnconditionally 11 -> 10
2019-09-10 18:10:54,331 [grpc-default-executor-0] WARN  server.GrpcLogAppender (LogUtils.java:warn(134)) - d8255f37-89f1-48d2-bcda-7654f43e2557@group-2C4B92B15373->49bcc910-1f14-48b7-a318-d2e01e8ffdec-AppendLogResponseHandler: Failed appendEntries: org.apache.ratis.thirdparty.io.grpc.StatusRuntimeException: UNAVAILABLE: io exception
2019-09-10 18:10:54,334 [grpc-default-executor-0] INFO  impl.FollowerInfo (FollowerInfo.java:lambda$new$0(51)) - d8255f37-89f1-48d2-bcda-7654f43e2557@group-2C4B92B15373->49bcc910-1f14-48b7-a318-d2e01e8ffdec: nextIndex: updateUnconditionally 0 -> 0
2019-09-10 18:10:54,527 [java.util.concurrent.ThreadPoolExecutor$Worker@54e454ae[State = -1, empty queue]] WARN  server.GrpcLogAppender (GrpcLogAppender.java:timeoutAppendRequest(200)) - b0fafecf-3418-4e4c-a5e4-e5075743f263@group-73C817937272->2e952fcc-3ad7-4f0e-80e3-0277395d1af8-GrpcLogAppender: appendEntries Timeout, request=b0fafecf-3418-4e4c-a5e4-e5075743f263->2e952fcc-3ad7-4f0e-80e3-0277395d1af8#121-t1, previous=(t:1, i:20), leaderCommit=16, initializing? false, entries: <empty>
2019-09-10 18:10:54,529 [java.util.concurrent.ThreadPoolExecutor$Worker@6bb7c694[State = -1, empty queue]] WARN  server.GrpcLogAppender (GrpcLogAppender.java:timeoutAppendRequest(200)) - b0fafecf-3418-4e4c-a5e4-e5075743f263@group-73C817937272->4faa59b0-972d-4631-8b2b-dceadefbd7cc-GrpcLogAppender: appendEntries Timeout, request=b0fafecf-3418-4e4c-a5e4-e5075743f263->4faa59b0-972d-4631-8b2b-dceadefbd7cc#121-t1, previous=(t:1, i:20), leaderCommit=16, initializing? false, entries: <empty>
2019-09-10 18:10:54,628 [java.util.concurrent.ThreadPoolExecutor$Worker@1d9b0166[State = -1, empty queue]] WARN  server.GrpcLogAppender (GrpcLogAppender.java:timeoutAppendRequest(200)) - 208154af-b43d-417a-8ba8-8a37a4d1ac9e@group-C08312A7C209->91e32882-d3c6-46ba-a04b-cffc2ba77210-GrpcLogAppender: appendEntries Timeout, request=208154af-b43d-417a-8ba8-8a37a4d1ac9e->91e32882-d3c6-46ba-a04b-cffc2ba77210#133-t2, previous=(t:2, i:36), leaderCommit=32, initializing? false, entries: <empty>
2019-09-10 18:10:54,628 [java.util.concurrent.ThreadPoolExecutor$Worker@5f529951[State = -1, empty queue]] WARN  server.GrpcLogAppender (GrpcLogAppender.java:timeoutAppendRequest(200)) - 208154af-b43d-417a-8ba8-8a37a4d1ac9e@group-C08312A7C209->35230fa9-c917-4625-844b-3841de1822d6-GrpcLogAppender: appendEntries Timeout, request=208154af-b43d-417a-8ba8-8a37a4d1ac9e->35230fa9-c917-4625-844b-3841de1822d6#133-t2, previous=(t:2, i:36), leaderCommit=32, initializing? false, entries: <empty>
2019-09-10 18:10:54,798 [grpc-default-executor-3] WARN  server.GrpcLogAppender (LogUtils.java:warn(134)) - d8255f37-89f1-48d2-bcda-7654f43e2557@group-2C4B92B15373->8cbcd714-dd76-45fa-910f-f3e67512086a-AppendLogResponseHandler: Failed appendEntries: org.apache.ratis.thirdparty.io.grpc.StatusRuntimeException: UNAVAILABLE: io exception
2019-09-10 18:10:54,799 [grpc-default-executor-3] INFO  impl.FollowerInfo (FollowerInfo.java:lambda$new$0(51)) - d8255f37-89f1-48d2-bcda-7654f43e2557@group-2C4B92B15373->8cbcd714-dd76-45fa-910f-f3e67512086a: nextIndex: updateUnconditionally 10 -> 9
2019-09-10 18:10:54,832 [grpc-default-executor-0] WARN  server.GrpcLogAppender (LogUtils.java:warn(134)) - d8255f37-89f1-48d2-bcda-7654f43e2557@group-2C4B92B15373->49bcc910-1f14-48b7-a318-d2e01e8ffdec-AppendLogResponseHandler: Failed appendEntries: org.apache.ratis.thirdparty.io.grpc.StatusRuntimeException: UNAVAILABLE: io exception
2019-09-10 18:10:54,832 [grpc-default-executor-0] INFO  impl.FollowerInfo (FollowerInfo.java:lambda$new$0(51)) - d8255f37-89f1-48d2-bcda-7654f43e2557@group-2C4B92B15373->49bcc910-1f14-48b7-a318-d2e01e8ffdec: nextIndex: updateUnconditionally 0 -> 0
2019-09-10 18:10:55,028 [java.util.concurrent.ThreadPoolExecutor$Worker@54e454ae[State = -1, empty queue]] WARN  server.GrpcLogAppender (GrpcLogAppender.java:timeoutAppendRequest(200)) - b0fafecf-3418-4e4c-a5e4-e5075743f263@group-73C817937272->2e952fcc-3ad7-4f0e-80e3-0277395d1af8-GrpcLogAppender: appendEntries Timeout, request=b0fafecf-3418-4e4c-a5e4-e5075743f263->2e952fcc-3ad7-4f0e-80e3-0277395d1af8#122-t1, previous=(t:1, i:20), leaderCommit=16, initializing? false, entries: <empty>
2019-09-10 18:10:55,030 [java.util.concurrent.ThreadPoolExecutor$Worker@6bb7c694[State = -1, empty queue]] WARN  server.GrpcLogAppender (GrpcLogAppender.java:timeoutAppendRequest(200)) - b0fafecf-3418-4e4c-a5e4-e5075743f263@group-73C817937272->4faa59b0-972d-4631-8b2b-dceadefbd7cc-GrpcLogAppender: appendEntries Timeout, request=b0fafecf-3418-4e4c-a5e4-e5075743f263->4faa59b0-972d-4631-8b2b-dceadefbd7cc#122-t1, previous=(t:1, i:20), leaderCommit=16, initializing? false, entries: <empty>
2019-09-10 18:10:55,129 [java.util.concurrent.ThreadPoolExecutor$Worker@5f529951[State = -1, empty queue]] WARN  server.GrpcLogAppender (GrpcLogAppender.java:timeoutAppendRequest(200)) - 208154af-b43d-417a-8ba8-8a37a4d1ac9e@group-C08312A7C209->35230fa9-c917-4625-844b-3841de1822d6-GrpcLogAppender: appendEntries Timeout, request=208154af-b43d-417a-8ba8-8a37a4d1ac9e->35230fa9-c917-4625-844b-3841de1822d6#134-t2, previous=(t:2, i:36), leaderCommit=32, initializing? false, entries: <empty>
2019-09-10 18:10:55,129 [java.util.concurrent.ThreadPoolExecutor$Worker@1d9b0166[State = -1, empty queue]] WARN  server.GrpcLogAppender (GrpcLogAppender.java:timeoutAppendRequest(200)) - 208154af-b43d-417a-8ba8-8a37a4d1ac9e@group-C08312A7C209->91e32882-d3c6-46ba-a04b-cffc2ba77210-GrpcLogAppender: appendEntries Timeout, request=208154af-b43d-417a-8ba8-8a37a4d1ac9e->91e32882-d3c6-46ba-a04b-cffc2ba77210#134-t2, previous=(t:2, i:36), leaderCommit=32, initializing? false, entries: <empty>
2019-09-10 18:10:55,299 [grpc-default-executor-1] WARN  server.GrpcLogAppender (LogUtils.java:warn(134)) - d8255f37-89f1-48d2-bcda-7654f43e2557@group-2C4B92B15373->8cbcd714-dd76-45fa-910f-f3e67512086a-AppendLogResponseHandler: Failed appendEntries: org.apache.ratis.thirdparty.io.grpc.StatusRuntimeException: UNAVAILABLE: io exception
2019-09-10 18:10:55,300 [grpc-default-executor-1] INFO  impl.FollowerInfo (FollowerInfo.java:lambda$new$0(51)) - d8255f37-89f1-48d2-bcda-7654f43e2557@group-2C4B92B15373->8cbcd714-dd76-45fa-910f-f3e67512086a: nextIndex: updateUnconditionally 9 -> 8
2019-09-10 18:10:55,332 [grpc-default-executor-0] WARN  server.GrpcLogAppender (LogUtils.java:warn(134)) - d8255f37-89f1-48d2-bcda-7654f43e2557@group-2C4B92B15373->49bcc910-1f14-48b7-a318-d2e01e8ffdec-AppendLogResponseHandler: Failed appendEntries: org.apache.ratis.thirdparty.io.grpc.StatusRuntimeException: UNAVAILABLE: io exception
2019-09-10 18:10:55,333 [grpc-default-executor-0] INFO  impl.FollowerInfo (FollowerInfo.java:lambda$new$0(51)) - d8255f37-89f1-48d2-bcda-7654f43e2557@group-2C4B92B15373->49bcc910-1f14-48b7-a318-d2e01e8ffdec: nextIndex: updateUnconditionally 0 -> 0
2019-09-10 18:10:55,528 [java.util.concurrent.ThreadPoolExecutor$Worker@54e454ae[State = -1, empty queue]] WARN  server.GrpcLogAppender (GrpcLogAppender.java:timeoutAppendRequest(200)) - b0fafecf-3418-4e4c-a5e4-e5075743f263@group-73C817937272->2e952fcc-3ad7-4f0e-80e3-0277395d1af8-GrpcLogAppender: appendEntries Timeout, request=b0fafecf-3418-4e4c-a5e4-e5075743f263->2e952fcc-3ad7-4f0e-80e3-0277395d1af8#123-t1, previous=(t:1, i:20), leaderCommit=16, initializing? false, entries: <empty>
2019-09-10 18:10:55,530 [java.util.concurrent.ThreadPoolExecutor$Worker@6bb7c694[State = -1, empty queue]] WARN  server.GrpcLogAppender (GrpcLogAppender.java:timeoutAppendRequest(200)) - b0fafecf-3418-4e4c-a5e4-e5075743f263@group-73C817937272->4faa59b0-972d-4631-8b2b-dceadefbd7cc-GrpcLogAppender: appendEntries Timeout, request=b0fafecf-3418-4e4c-a5e4-e5075743f263->4faa59b0-972d-4631-8b2b-dceadefbd7cc#123-t1, previous=(t:1, i:20), leaderCommit=16, initializing? false, entries: <empty>
2019-09-10 18:10:55,629 [java.util.concurrent.ThreadPoolExecutor$Worker@1d9b0166[State = -1, empty queue]] WARN  server.GrpcLogAppender (GrpcLogAppender.java:timeoutAppendRequest(200)) - 208154af-b43d-417a-8ba8-8a37a4d1ac9e@group-C08312A7C209->91e32882-d3c6-46ba-a04b-cffc2ba77210-GrpcLogAppender: appendEntries Timeout, request=208154af-b43d-417a-8ba8-8a37a4d1ac9e->91e32882-d3c6-46ba-a04b-cffc2ba77210#135-t2, previous=(t:2, i:36), leaderCommit=32, initializing? false, entries: <empty>
2019-09-10 18:10:55,629 [java.util.concurrent.ThreadPoolExecutor$Worker@5f529951[State = -1, empty queue]] WARN  server.GrpcLogAppender (GrpcLogAppender.java:timeoutAppendRequest(200)) - 208154af-b43d-417a-8ba8-8a37a4d1ac9e@group-C08312A7C209->35230fa9-c917-4625-844b-3841de1822d6-GrpcLogAppender: appendEntries Timeout, request=208154af-b43d-417a-8ba8-8a37a4d1ac9e->35230fa9-c917-4625-844b-3841de1822d6#135-t2, previous=(t:2, i:36), leaderCommit=32, initializing? false, entries: <empty>
2019-09-10 18:10:55,802 [grpc-default-executor-3] WARN  server.GrpcLogAppender (LogUtils.java:warn(134)) - d8255f37-89f1-48d2-bcda-7654f43e2557@group-2C4B92B15373->8cbcd714-dd76-45fa-910f-f3e67512086a-AppendLogResponseHandler: Failed appendEntries: org.apache.ratis.thirdparty.io.grpc.StatusRuntimeException: UNAVAILABLE: io exception
2019-09-10 18:10:55,803 [grpc-default-executor-3] INFO  impl.FollowerInfo (FollowerInfo.java:lambda$new$0(51)) - d8255f37-89f1-48d2-bcda-7654f43e2557@group-2C4B92B15373->8cbcd714-dd76-45fa-910f-f3e67512086a: nextIndex: updateUnconditionally 8 -> 7
2019-09-10 18:10:55,833 [grpc-default-executor-0] WARN  server.GrpcLogAppender (LogUtils.java:warn(134)) - d8255f37-89f1-48d2-bcda-7654f43e2557@group-2C4B92B15373->49bcc910-1f14-48b7-a318-d2e01e8ffdec-AppendLogResponseHandler: Failed appendEntries: org.apache.ratis.thirdparty.io.grpc.StatusRuntimeException: UNAVAILABLE: io exception
2019-09-10 18:10:55,834 [grpc-default-executor-0] INFO  impl.FollowerInfo (FollowerInfo.java:lambda$new$0(51)) - d8255f37-89f1-48d2-bcda-7654f43e2557@group-2C4B92B15373->49bcc910-1f14-48b7-a318-d2e01e8ffdec: nextIndex: updateUnconditionally 0 -> 0
2019-09-10 18:10:56,028 [java.util.concurrent.ThreadPoolExecutor$Worker@54e454ae[State = -1, empty queue]] WARN  server.GrpcLogAppender (GrpcLogAppender.java:timeoutAppendRequest(200)) - b0fafecf-3418-4e4c-a5e4-e5075743f263@group-73C817937272->2e952fcc-3ad7-4f0e-80e3-0277395d1af8-GrpcLogAppender: appendEntries Timeout, request=b0fafecf-3418-4e4c-a5e4-e5075743f263->2e952fcc-3ad7-4f0e-80e3-0277395d1af8#124-t1, previous=(t:1, i:20), leaderCommit=16, initializing? false, entries: <empty>
2019-09-10 18:10:56,030 [java.util.concurrent.ThreadPoolExecutor$Worker@6bb7c694[State = -1, empty queue]] WARN  server.GrpcLogAppender (GrpcLogAppender.java:timeoutAppendRequest(200)) - b0fafecf-3418-4e4c-a5e4-e5075743f263@group-73C817937272->4faa59b0-972d-4631-8b2b-dceadefbd7cc-GrpcLogAppender: appendEntries Timeout, request=b0fafecf-3418-4e4c-a5e4-e5075743f263->4faa59b0-972d-4631-8b2b-dceadefbd7cc#124-t1, previous=(t:1, i:20), leaderCommit=16, initializing? false, entries: <empty>
2019-09-10 18:10:56,129 [java.util.concurrent.ThreadPoolExecutor$Worker@5f529951[State = -1, empty queue]] WARN  server.GrpcLogAppender (GrpcLogAppender.java:timeoutAppendRequest(200)) - 208154af-b43d-417a-8ba8-8a37a4d1ac9e@group-C08312A7C209->35230fa9-c917-4625-844b-3841de1822d6-GrpcLogAppender: appendEntries Timeout, request=208154af-b43d-417a-8ba8-8a37a4d1ac9e->35230fa9-c917-4625-844b-3841de1822d6#136-t2, previous=(t:2, i:36), leaderCommit=32, initializing? false, entries: <empty>
2019-09-10 18:10:56,129 [java.util.concurrent.ThreadPoolExecutor$Worker@1d9b0166[State = -1, empty queue]] WARN  server.GrpcLogAppender (GrpcLogAppender.java:timeoutAppendRequest(200)) - 208154af-b43d-417a-8ba8-8a37a4d1ac9e@group-C08312A7C209->91e32882-d3c6-46ba-a04b-cffc2ba77210-GrpcLogAppender: appendEntries Timeout, request=208154af-b43d-417a-8ba8-8a37a4d1ac9e->91e32882-d3c6-46ba-a04b-cffc2ba77210#136-t2, previous=(t:2, i:36), leaderCommit=32, initializing? false, entries: <empty>
2019-09-10 18:10:56,165 [grpc-default-executor-0] INFO  client.GrpcClientProtocolClient (GrpcClientProtocolClient.java:onNext(264)) - client-23B431068EC3->35230fa9-c917-4625-844b-3841de1822d6: receive RaftClientReply:client-23B431068EC3->35230fa9-c917-4625-844b-3841de1822d6@group-C08312A7C209, cid=64, FAILED org.apache.ratis.protocol.NotLeaderException: Server 35230fa9-c917-4625-844b-3841de1822d6@group-C08312A7C209 is not the leader 208154af-b43d-417a-8ba8-8a37a4d1ac9e:192.168.36.113:42355, logIndex=0, commits[35230fa9-c917-4625-844b-3841de1822d6:c32, 208154af-b43d-417a-8ba8-8a37a4d1ac9e:c32, 91e32882-d3c6-46ba-a04b-cffc2ba77210:c30]
2019-09-10 18:10:56,304 [grpc-default-executor-1] WARN  server.GrpcLogAppender (LogUtils.java:warn(134)) - d8255f37-89f1-48d2-bcda-7654f43e2557@group-2C4B92B15373->8cbcd714-dd76-45fa-910f-f3e67512086a-AppendLogResponseHandler: Failed appendEntries: org.apache.ratis.thirdparty.io.grpc.StatusRuntimeException: UNAVAILABLE: io exception
2019-09-10 18:10:56,305 [grpc-default-executor-1] INFO  impl.FollowerInfo (FollowerInfo.java:lambda$new$0(51)) - d8255f37-89f1-48d2-bcda-7654f43e2557@group-2C4B92B15373->8cbcd714-dd76-45fa-910f-f3e67512086a: nextIndex: updateUnconditionally 7 -> 6
2019-09-10 18:10:56,335 [grpc-default-executor-1] WARN  server.GrpcLogAppender (LogUtils.java:warn(134)) - d8255f37-89f1-48d2-bcda-7654f43e2557@group-2C4B92B15373->49bcc910-1f14-48b7-a318-d2e01e8ffdec-AppendLogResponseHandler: Failed appendEntries: org.apache.ratis.thirdparty.io.grpc.StatusRuntimeException: UNAVAILABLE: io exception
2019-09-10 18:10:56,335 [grpc-default-executor-1] INFO  impl.FollowerInfo (FollowerInfo.java:lambda$new$0(51)) - d8255f37-89f1-48d2-bcda-7654f43e2557@group-2C4B92B15373->49bcc910-1f14-48b7-a318-d2e01e8ffdec: nextIndex: updateUnconditionally 0 -> 0
2019-09-10 18:10:56,529 [java.util.concurrent.ThreadPoolExecutor$Worker@54e454ae[State = -1, empty queue]] WARN  server.GrpcLogAppender (GrpcLogAppender.java:timeoutAppendRequest(200)) - b0fafecf-3418-4e4c-a5e4-e5075743f263@group-73C817937272->2e952fcc-3ad7-4f0e-80e3-0277395d1af8-GrpcLogAppender: appendEntries Timeout, request=b0fafecf-3418-4e4c-a5e4-e5075743f263->2e952fcc-3ad7-4f0e-80e3-0277395d1af8#125-t1, previous=(t:1, i:20), leaderCommit=16, initializing? false, entries: <empty>
2019-09-10 18:10:56,533 [java.util.concurrent.ThreadPoolExecutor$Worker@6bb7c694[State = -1, empty queue]] WARN  server.GrpcLogAppender (GrpcLogAppender.java:timeoutAppendRequest(200)) - b0fafecf-3418-4e4c-a5e4-e5075743f263@group-73C817937272->4faa59b0-972d-4631-8b2b-dceadefbd7cc-GrpcLogAppender: appendEntries Timeout, request=b0fafecf-3418-4e4c-a5e4-e5075743f263->4faa59b0-972d-4631-8b2b-dceadefbd7cc#125-t1, previous=(t:1, i:20), leaderCommit=16, initializing? false, entries: <empty>
2019-09-10 18:10:56,630 [java.util.concurrent.ThreadPoolExecutor$Worker@5f529951[State = -1, empty queue]] WARN  server.GrpcLogAppender (GrpcLogAppender.java:timeoutAppendRequest(200)) - 208154af-b43d-417a-8ba8-8a37a4d1ac9e@group-C08312A7C209->35230fa9-c917-4625-844b-3841de1822d6-GrpcLogAppender: appendEntries Timeout, request=208154af-b43d-417a-8ba8-8a37a4d1ac9e->35230fa9-c917-4625-844b-3841de1822d6#137-t2, previous=(t:2, i:36), leaderCommit=32, initializing? false, entries: <empty>
2019-09-10 18:10:56,630 [java.util.concurrent.ThreadPoolExecutor$Worker@1d9b0166[State = -1, empty queue]] WARN  server.GrpcLogAppender (GrpcLogAppender.java:timeoutAppendRequest(200)) - 208154af-b43d-417a-8ba8-8a37a4d1ac9e@group-C08312A7C209->91e32882-d3c6-46ba-a04b-cffc2ba77210-GrpcLogAppender: appendEntries Timeout, request=208154af-b43d-417a-8ba8-8a37a4d1ac9e->91e32882-d3c6-46ba-a04b-cffc2ba77210#137-t2, previous=(t:2, i:36), leaderCommit=32, initializing? false, entries: <empty>
2019-09-10 18:10:56,804 [grpc-default-executor-3] WARN  server.GrpcLogAppender (LogUtils.java:warn(134)) - d8255f37-89f1-48d2-bcda-7654f43e2557@group-2C4B92B15373->8cbcd714-dd76-45fa-910f-f3e67512086a-AppendLogResponseHandler: Failed appendEntries: org.apache.ratis.thirdparty.io.grpc.StatusRuntimeException: UNAVAILABLE: io exception
2019-09-10 18:10:56,804 [grpc-default-executor-3] INFO  impl.FollowerInfo (FollowerInfo.java:lambda$new$0(51)) - d8255f37-89f1-48d2-bcda-7654f43e2557@group-2C4B92B15373->8cbcd714-dd76-45fa-910f-f3e67512086a: nextIndex: updateUnconditionally 6 -> 5
2019-09-10 18:10:56,835 [grpc-default-executor-1] WARN  server.GrpcLogAppender (LogUtils.java:warn(134)) - d8255f37-89f1-48d2-bcda-7654f43e2557@group-2C4B92B15373->49bcc910-1f14-48b7-a318-d2e01e8ffdec-AppendLogResponseHandler: Failed appendEntries: org.apache.ratis.thirdparty.io.grpc.StatusRuntimeException: UNAVAILABLE: io exception
2019-09-10 18:10:56,836 [grpc-default-executor-1] INFO  impl.FollowerInfo (FollowerInfo.java:lambda$new$0(51)) - d8255f37-89f1-48d2-bcda-7654f43e2557@group-2C4B92B15373->49bcc910-1f14-48b7-a318-d2e01e8ffdec: nextIndex: updateUnconditionally 0 -> 0
2019-09-10 18:10:57,002 [b0fafecf-3418-4e4c-a5e4-e5075743f263@group-73C817937272-SegmentedRaftLogWorker] WARN  segmented.SegmentedRaftLogWorker (SegmentedRaftLogWorker.java:getFromFuture(90)) - Timeout 2/~
org.apache.ratis.protocol.TimeoutIOException: Timeout 10s: WriteLog:17: (t:1, i:17), STATEMACHINELOGENTRY, client-79319F45854E, cid=51-writeStateMachineData
	at org.apache.ratis.util.IOUtils.getFromFuture(IOUtils.java:87)
	at org.apache.ratis.server.raftlog.segmented.SegmentedRaftLogWorker$StateMachineDataPolicy.getFromFuture(SegmentedRaftLogWorker.java:87)
	at org.apache.ratis.server.raftlog.segmented.SegmentedRaftLogWorker$WriteLog.execute(SegmentedRaftLogWorker.java:477)
	at org.apache.ratis.server.raftlog.segmented.SegmentedRaftLogWorker.run(SegmentedRaftLogWorker.java:289)
	at java.lang.Thread.run(Thread.java:748)
Caused by: java.util.concurrent.TimeoutException
	at java.util.concurrent.CompletableFuture.timedGet(CompletableFuture.java:1771)
	at java.util.concurrent.CompletableFuture.get(CompletableFuture.java:1915)
	at org.apache.ratis.util.IOUtils.getFromFuture(IOUtils.java:79)
	... 4 more
2019-09-10 18:10:57,007 [4faa59b0-972d-4631-8b2b-dceadefbd7cc@group-73C817937272-SegmentedRaftLogWorker] WARN  segmented.SegmentedRaftLogWorker (SegmentedRaftLogWorker.java:getFromFuture(90)) - Timeout 2/~
org.apache.ratis.protocol.TimeoutIOException: Timeout 10s: WriteLog:17: (t:1, i:17), STATEMACHINELOGENTRY, client-79319F45854E, cid=51-writeStateMachineData
	at org.apache.ratis.util.IOUtils.getFromFuture(IOUtils.java:87)
	at org.apache.ratis.server.raftlog.segmented.SegmentedRaftLogWorker$StateMachineDataPolicy.getFromFuture(SegmentedRaftLogWorker.java:87)
	at org.apache.ratis.server.raftlog.segmented.SegmentedRaftLogWorker$WriteLog.execute(SegmentedRaftLogWorker.java:477)
	at org.apache.ratis.server.raftlog.segmented.SegmentedRaftLogWorker.run(SegmentedRaftLogWorker.java:289)
	at java.lang.Thread.run(Thread.java:748)
Caused by: java.util.concurrent.TimeoutException
	at java.util.concurrent.CompletableFuture.timedGet(CompletableFuture.java:1771)
	at java.util.concurrent.CompletableFuture.get(CompletableFuture.java:1915)
	at org.apache.ratis.util.IOUtils.getFromFuture(IOUtils.java:79)
	... 4 more
2019-09-10 18:10:57,007 [2e952fcc-3ad7-4f0e-80e3-0277395d1af8@group-73C817937272-SegmentedRaftLogWorker] WARN  segmented.SegmentedRaftLogWorker (SegmentedRaftLogWorker.java:getFromFuture(90)) - Timeout 2/~
org.apache.ratis.protocol.TimeoutIOException: Timeout 10s: WriteLog:17: (t:1, i:17), STATEMACHINELOGENTRY, client-79319F45854E, cid=51-writeStateMachineData
	at org.apache.ratis.util.IOUtils.getFromFuture(IOUtils.java:87)
	at org.apache.ratis.server.raftlog.segmented.SegmentedRaftLogWorker$StateMachineDataPolicy.getFromFuture(SegmentedRaftLogWorker.java:87)
	at org.apache.ratis.server.raftlog.segmented.SegmentedRaftLogWorker$WriteLog.execute(SegmentedRaftLogWorker.java:477)
	at org.apache.ratis.server.raftlog.segmented.SegmentedRaftLogWorker.run(SegmentedRaftLogWorker.java:289)
	at java.lang.Thread.run(Thread.java:748)
Caused by: java.util.concurrent.TimeoutException
	at java.util.concurrent.CompletableFuture.timedGet(CompletableFuture.java:1771)
	at java.util.concurrent.CompletableFuture.get(CompletableFuture.java:1915)
	at org.apache.ratis.util.IOUtils.getFromFuture(IOUtils.java:79)
	... 4 more
2019-09-10 18:10:57,029 [java.util.concurrent.ThreadPoolExecutor$Worker@54e454ae[State = -1, empty queue]] WARN  server.GrpcLogAppender (GrpcLogAppender.java:timeoutAppendRequest(200)) - b0fafecf-3418-4e4c-a5e4-e5075743f263@group-73C817937272->2e952fcc-3ad7-4f0e-80e3-0277395d1af8-GrpcLogAppender: appendEntries Timeout, request=b0fafecf-3418-4e4c-a5e4-e5075743f263->2e952fcc-3ad7-4f0e-80e3-0277395d1af8#126-t1, previous=(t:1, i:20), leaderCommit=16, initializing? false, entries: <empty>
2019-09-10 18:10:57,037 [java.util.concurrent.ThreadPoolExecutor$Worker@6bb7c694[State = -1, empty queue]] WARN  server.GrpcLogAppender (GrpcLogAppender.java:timeoutAppendRequest(200)) - b0fafecf-3418-4e4c-a5e4-e5075743f263@group-73C817937272->4faa59b0-972d-4631-8b2b-dceadefbd7cc-GrpcLogAppender: appendEntries Timeout, request=b0fafecf-3418-4e4c-a5e4-e5075743f263->4faa59b0-972d-4631-8b2b-dceadefbd7cc#126-t1, previous=(t:1, i:20), leaderCommit=16, initializing? false, entries: <empty>
2019-09-10 18:10:57,131 [java.util.concurrent.ThreadPoolExecutor$Worker@1d9b0166[State = -1, empty queue]] WARN  server.GrpcLogAppender (GrpcLogAppender.java:timeoutAppendRequest(200)) - 208154af-b43d-417a-8ba8-8a37a4d1ac9e@group-C08312A7C209->91e32882-d3c6-46ba-a04b-cffc2ba77210-GrpcLogAppender: appendEntries Timeout, request=208154af-b43d-417a-8ba8-8a37a4d1ac9e->91e32882-d3c6-46ba-a04b-cffc2ba77210#138-t2, previous=(t:2, i:36), leaderCommit=32, initializing? false, entries: <empty>
2019-09-10 18:10:57,132 [java.util.concurrent.ThreadPoolExecutor$Worker@5f529951[State = -1, empty queue]] WARN  server.GrpcLogAppender (GrpcLogAppender.java:timeoutAppendRequest(200)) - 208154af-b43d-417a-8ba8-8a37a4d1ac9e@group-C08312A7C209->35230fa9-c917-4625-844b-3841de1822d6-GrpcLogAppender: appendEntries Timeout, request=208154af-b43d-417a-8ba8-8a37a4d1ac9e->35230fa9-c917-4625-844b-3841de1822d6#138-t2, previous=(t:2, i:36), leaderCommit=32, initializing? false, entries: <empty>
2019-09-10 18:10:57,306 [grpc-default-executor-0] WARN  server.GrpcLogAppender (LogUtils.java:warn(134)) - d8255f37-89f1-48d2-bcda-7654f43e2557@group-2C4B92B15373->8cbcd714-dd76-45fa-910f-f3e67512086a-AppendLogResponseHandler: Failed appendEntries: org.apache.ratis.thirdparty.io.grpc.StatusRuntimeException: UNAVAILABLE: io exception
2019-09-10 18:10:57,307 [grpc-default-executor-0] INFO  impl.FollowerInfo (FollowerInfo.java:lambda$new$0(51)) - d8255f37-89f1-48d2-bcda-7654f43e2557@group-2C4B92B15373->8cbcd714-dd76-45fa-910f-f3e67512086a: nextIndex: updateUnconditionally 5 -> 4
2019-09-10 18:10:57,337 [grpc-default-executor-3] WARN  server.GrpcLogAppender (LogUtils.java:warn(134)) - d8255f37-89f1-48d2-bcda-7654f43e2557@group-2C4B92B15373->49bcc910-1f14-48b7-a318-d2e01e8ffdec-AppendLogResponseHandler: Failed appendEntries: org.apache.ratis.thirdparty.io.grpc.StatusRuntimeException: UNAVAILABLE: io exception
2019-09-10 18:10:57,337 [grpc-default-executor-3] INFO  impl.FollowerInfo (FollowerInfo.java:lambda$new$0(51)) - d8255f37-89f1-48d2-bcda-7654f43e2557@group-2C4B92B15373->49bcc910-1f14-48b7-a318-d2e01e8ffdec: nextIndex: updateUnconditionally 0 -> 0
2019-09-10 18:10:57,529 [java.util.concurrent.ThreadPoolExecutor$Worker@54e454ae[State = -1, empty queue]] WARN  server.GrpcLogAppender (GrpcLogAppender.java:timeoutAppendRequest(200)) - b0fafecf-3418-4e4c-a5e4-e5075743f263@group-73C817937272->2e952fcc-3ad7-4f0e-80e3-0277395d1af8-GrpcLogAppender: appendEntries Timeout, request=b0fafecf-3418-4e4c-a5e4-e5075743f263->2e952fcc-3ad7-4f0e-80e3-0277395d1af8#127-t1, previous=(t:1, i:20), leaderCommit=16, initializing? false, entries: <empty>
2019-09-10 18:10:57,531 [java.util.concurrent.ThreadPoolExecutor$Worker@6bb7c694[State = -1, empty queue]] WARN  server.GrpcLogAppender (GrpcLogAppender.java:timeoutAppendRequest(200)) - b0fafecf-3418-4e4c-a5e4-e5075743f263@group-73C817937272->4faa59b0-972d-4631-8b2b-dceadefbd7cc-GrpcLogAppender: appendEntries Timeout, request=b0fafecf-3418-4e4c-a5e4-e5075743f263->4faa59b0-972d-4631-8b2b-dceadefbd7cc#127-t1, previous=(t:1, i:20), leaderCommit=16, initializing? false, entries: <empty>
2019-09-10 18:10:57,632 [java.util.concurrent.ThreadPoolExecutor$Worker@1d9b0166[State = -1, empty queue]] WARN  server.GrpcLogAppender (GrpcLogAppender.java:timeoutAppendRequest(200)) - 208154af-b43d-417a-8ba8-8a37a4d1ac9e@group-C08312A7C209->91e32882-d3c6-46ba-a04b-cffc2ba77210-GrpcLogAppender: appendEntries Timeout, request=208154af-b43d-417a-8ba8-8a37a4d1ac9e->91e32882-d3c6-46ba-a04b-cffc2ba77210#139-t2, previous=(t:2, i:36), leaderCommit=32, initializing? false, entries: <empty>
2019-09-10 18:10:57,632 [java.util.concurrent.ThreadPoolExecutor$Worker@5f529951[State = -1, empty queue]] WARN  server.GrpcLogAppender (GrpcLogAppender.java:timeoutAppendRequest(200)) - 208154af-b43d-417a-8ba8-8a37a4d1ac9e@group-C08312A7C209->35230fa9-c917-4625-844b-3841de1822d6-GrpcLogAppender: appendEntries Timeout, request=208154af-b43d-417a-8ba8-8a37a4d1ac9e->35230fa9-c917-4625-844b-3841de1822d6#139-t2, previous=(t:2, i:36), leaderCommit=32, initializing? false, entries: <empty>
2019-09-10 18:10:57,807 [grpc-default-executor-1] WARN  server.GrpcLogAppender (LogUtils.java:warn(134)) - d8255f37-89f1-48d2-bcda-7654f43e2557@group-2C4B92B15373->8cbcd714-dd76-45fa-910f-f3e67512086a-AppendLogResponseHandler: Failed appendEntries: org.apache.ratis.thirdparty.io.grpc.StatusRuntimeException: UNAVAILABLE: io exception
2019-09-10 18:10:57,808 [grpc-default-executor-1] INFO  impl.FollowerInfo (FollowerInfo.java:lambda$new$0(51)) - d8255f37-89f1-48d2-bcda-7654f43e2557@group-2C4B92B15373->8cbcd714-dd76-45fa-910f-f3e67512086a: nextIndex: updateUnconditionally 4 -> 3
2019-09-10 18:10:57,837 [grpc-default-executor-1] WARN  server.GrpcLogAppender (LogUtils.java:warn(134)) - d8255f37-89f1-48d2-bcda-7654f43e2557@group-2C4B92B15373->49bcc910-1f14-48b7-a318-d2e01e8ffdec-AppendLogResponseHandler: Failed appendEntries: org.apache.ratis.thirdparty.io.grpc.StatusRuntimeException: UNAVAILABLE: io exception
2019-09-10 18:10:57,837 [grpc-default-executor-1] INFO  impl.FollowerInfo (FollowerInfo.java:lambda$new$0(51)) - d8255f37-89f1-48d2-bcda-7654f43e2557@group-2C4B92B15373->49bcc910-1f14-48b7-a318-d2e01e8ffdec: nextIndex: updateUnconditionally 0 -> 0
2019-09-10 18:10:58,030 [java.util.concurrent.ThreadPoolExecutor$Worker@54e454ae[State = -1, empty queue]] WARN  server.GrpcLogAppender (GrpcLogAppender.java:timeoutAppendRequest(200)) - b0fafecf-3418-4e4c-a5e4-e5075743f263@group-73C817937272->2e952fcc-3ad7-4f0e-80e3-0277395d1af8-GrpcLogAppender: appendEntries Timeout, request=b0fafecf-3418-4e4c-a5e4-e5075743f263->2e952fcc-3ad7-4f0e-80e3-0277395d1af8#128-t1, previous=(t:1, i:20), leaderCommit=16, initializing? false, entries: <empty>
2019-09-10 18:10:58,031 [java.util.concurrent.ThreadPoolExecutor$Worker@6bb7c694[State = -1, empty queue]] WARN  server.GrpcLogAppender (GrpcLogAppender.java:timeoutAppendRequest(200)) - b0fafecf-3418-4e4c-a5e4-e5075743f263@group-73C817937272->4faa59b0-972d-4631-8b2b-dceadefbd7cc-GrpcLogAppender: appendEntries Timeout, request=b0fafecf-3418-4e4c-a5e4-e5075743f263->4faa59b0-972d-4631-8b2b-dceadefbd7cc#128-t1, previous=(t:1, i:20), leaderCommit=16, initializing? false, entries: <empty>
2019-09-10 18:10:58,132 [java.util.concurrent.ThreadPoolExecutor$Worker@5f529951[State = -1, empty queue]] WARN  server.GrpcLogAppender (GrpcLogAppender.java:timeoutAppendRequest(200)) - 208154af-b43d-417a-8ba8-8a37a4d1ac9e@group-C08312A7C209->35230fa9-c917-4625-844b-3841de1822d6-GrpcLogAppender: appendEntries Timeout, request=208154af-b43d-417a-8ba8-8a37a4d1ac9e->35230fa9-c917-4625-844b-3841de1822d6#140-t2, previous=(t:2, i:36), leaderCommit=32, initializing? false, entries: <empty>
2019-09-10 18:10:58,132 [java.util.concurrent.ThreadPoolExecutor$Worker@1d9b0166[State = -1, empty queue]] WARN  server.GrpcLogAppender (GrpcLogAppender.java:timeoutAppendRequest(200)) - 208154af-b43d-417a-8ba8-8a37a4d1ac9e@group-C08312A7C209->91e32882-d3c6-46ba-a04b-cffc2ba77210-GrpcLogAppender: appendEntries Timeout, request=208154af-b43d-417a-8ba8-8a37a4d1ac9e->91e32882-d3c6-46ba-a04b-cffc2ba77210#140-t2, previous=(t:2, i:36), leaderCommit=32, initializing? false, entries: <empty>
2019-09-10 18:10:58,309 [grpc-default-executor-3] WARN  server.GrpcLogAppender (LogUtils.java:warn(134)) - d8255f37-89f1-48d2-bcda-7654f43e2557@group-2C4B92B15373->8cbcd714-dd76-45fa-910f-f3e67512086a-AppendLogResponseHandler: Failed appendEntries: org.apache.ratis.thirdparty.io.grpc.StatusRuntimeException: UNAVAILABLE: io exception
2019-09-10 18:10:58,310 [grpc-default-executor-3] INFO  impl.FollowerInfo (FollowerInfo.java:lambda$new$0(51)) - d8255f37-89f1-48d2-bcda-7654f43e2557@group-2C4B92B15373->8cbcd714-dd76-45fa-910f-f3e67512086a: nextIndex: updateUnconditionally 3 -> 2
2019-09-10 18:10:58,337 [grpc-default-executor-3] WARN  server.GrpcLogAppender (LogUtils.java:warn(134)) - d8255f37-89f1-48d2-bcda-7654f43e2557@group-2C4B92B15373->49bcc910-1f14-48b7-a318-d2e01e8ffdec-AppendLogResponseHandler: Failed appendEntries: org.apache.ratis.thirdparty.io.grpc.StatusRuntimeException: UNAVAILABLE: io exception
2019-09-10 18:10:58,338 [grpc-default-executor-3] INFO  impl.FollowerInfo (FollowerInfo.java:lambda$new$0(51)) - d8255f37-89f1-48d2-bcda-7654f43e2557@group-2C4B92B15373->49bcc910-1f14-48b7-a318-d2e01e8ffdec: nextIndex: updateUnconditionally 0 -> 0
2019-09-10 18:10:58,530 [java.util.concurrent.ThreadPoolExecutor$Worker@54e454ae[State = -1, empty queue]] WARN  server.GrpcLogAppender (GrpcLogAppender.java:timeoutAppendRequest(200)) - b0fafecf-3418-4e4c-a5e4-e5075743f263@group-73C817937272->2e952fcc-3ad7-4f0e-80e3-0277395d1af8-GrpcLogAppender: appendEntries Timeout, request=b0fafecf-3418-4e4c-a5e4-e5075743f263->2e952fcc-3ad7-4f0e-80e3-0277395d1af8#129-t1, previous=(t:1, i:20), leaderCommit=16, initializing? false, entries: <empty>
2019-09-10 18:10:58,531 [java.util.concurrent.ThreadPoolExecutor$Worker@6bb7c694[State = -1, empty queue]] WARN  server.GrpcLogAppender (GrpcLogAppender.java:timeoutAppendRequest(200)) - b0fafecf-3418-4e4c-a5e4-e5075743f263@group-73C817937272->4faa59b0-972d-4631-8b2b-dceadefbd7cc-GrpcLogAppender: appendEntries Timeout, request=b0fafecf-3418-4e4c-a5e4-e5075743f263->4faa59b0-972d-4631-8b2b-dceadefbd7cc#129-t1, previous=(t:1, i:20), leaderCommit=16, initializing? false, entries: <empty>
2019-09-10 18:10:58,632 [java.util.concurrent.ThreadPoolExecutor$Worker@1d9b0166[State = -1, empty queue]] WARN  server.GrpcLogAppender (GrpcLogAppender.java:timeoutAppendRequest(200)) - 208154af-b43d-417a-8ba8-8a37a4d1ac9e@group-C08312A7C209->91e32882-d3c6-46ba-a04b-cffc2ba77210-GrpcLogAppender: appendEntries Timeout, request=208154af-b43d-417a-8ba8-8a37a4d1ac9e->91e32882-d3c6-46ba-a04b-cffc2ba77210#141-t2, previous=(t:2, i:36), leaderCommit=32, initializing? false, entries: <empty>
2019-09-10 18:10:58,633 [java.util.concurrent.ThreadPoolExecutor$Worker@5f529951[State = -1, empty queue]] WARN  server.GrpcLogAppender (GrpcLogAppender.java:timeoutAppendRequest(200)) - 208154af-b43d-417a-8ba8-8a37a4d1ac9e@group-C08312A7C209->35230fa9-c917-4625-844b-3841de1822d6-GrpcLogAppender: appendEntries Timeout, request=208154af-b43d-417a-8ba8-8a37a4d1ac9e->35230fa9-c917-4625-844b-3841de1822d6#141-t2, previous=(t:2, i:36), leaderCommit=32, initializing? false, entries: <empty>
2019-09-10 18:10:58,812 [grpc-default-executor-3] WARN  server.GrpcLogAppender (LogUtils.java:warn(134)) - d8255f37-89f1-48d2-bcda-7654f43e2557@group-2C4B92B15373->8cbcd714-dd76-45fa-910f-f3e67512086a-AppendLogResponseHandler: Failed appendEntries: org.apache.ratis.thirdparty.io.grpc.StatusRuntimeException: UNAVAILABLE: io exception
2019-09-10 18:10:58,812 [grpc-default-executor-3] INFO  impl.FollowerInfo (FollowerInfo.java:lambda$new$0(51)) - d8255f37-89f1-48d2-bcda-7654f43e2557@group-2C4B92B15373->8cbcd714-dd76-45fa-910f-f3e67512086a: nextIndex: updateUnconditionally 2 -> 1
2019-09-10 18:10:58,839 [grpc-default-executor-0] WARN  server.GrpcLogAppender (LogUtils.java:warn(134)) - d8255f37-89f1-48d2-bcda-7654f43e2557@group-2C4B92B15373->49bcc910-1f14-48b7-a318-d2e01e8ffdec-AppendLogResponseHandler: Failed appendEntries: org.apache.ratis.thirdparty.io.grpc.StatusRuntimeException: UNAVAILABLE: io exception
2019-09-10 18:10:58,839 [grpc-default-executor-0] INFO  impl.FollowerInfo (FollowerInfo.java:lambda$new$0(51)) - d8255f37-89f1-48d2-bcda-7654f43e2557@group-2C4B92B15373->49bcc910-1f14-48b7-a318-d2e01e8ffdec: nextIndex: updateUnconditionally 0 -> 0
2019-09-10 18:10:59,030 [java.util.concurrent.ThreadPoolExecutor$Worker@54e454ae[State = -1, empty queue]] WARN  server.GrpcLogAppender (GrpcLogAppender.java:timeoutAppendRequest(200)) - b0fafecf-3418-4e4c-a5e4-e5075743f263@group-73C817937272->2e952fcc-3ad7-4f0e-80e3-0277395d1af8-GrpcLogAppender: appendEntries Timeout, request=b0fafecf-3418-4e4c-a5e4-e5075743f263->2e952fcc-3ad7-4f0e-80e3-0277395d1af8#130-t1, previous=(t:1, i:20), leaderCommit=16, initializing? false, entries: <empty>
2019-09-10 18:10:59,031 [java.util.concurrent.ThreadPoolExecutor$Worker@6bb7c694[State = -1, empty queue]] WARN  server.GrpcLogAppender (GrpcLogAppender.java:timeoutAppendRequest(200)) - b0fafecf-3418-4e4c-a5e4-e5075743f263@group-73C817937272->4faa59b0-972d-4631-8b2b-dceadefbd7cc-GrpcLogAppender: appendEntries Timeout, request=b0fafecf-3418-4e4c-a5e4-e5075743f263->4faa59b0-972d-4631-8b2b-dceadefbd7cc#130-t1, previous=(t:1, i:20), leaderCommit=16, initializing? false, entries: <empty>
2019-09-10 18:10:59,133 [java.util.concurrent.ThreadPoolExecutor$Worker@1d9b0166[State = -1, empty queue]] WARN  server.GrpcLogAppender (GrpcLogAppender.java:timeoutAppendRequest(200)) - 208154af-b43d-417a-8ba8-8a37a4d1ac9e@group-C08312A7C209->91e32882-d3c6-46ba-a04b-cffc2ba77210-GrpcLogAppender: appendEntries Timeout, request=208154af-b43d-417a-8ba8-8a37a4d1ac9e->91e32882-d3c6-46ba-a04b-cffc2ba77210#142-t2, previous=(t:2, i:36), leaderCommit=32, initializing? false, entries: <empty>
2019-09-10 18:10:59,133 [java.util.concurrent.ThreadPoolExecutor$Worker@5f529951[State = -1, empty queue]] WARN  server.GrpcLogAppender (GrpcLogAppender.java:timeoutAppendRequest(200)) - 208154af-b43d-417a-8ba8-8a37a4d1ac9e@group-C08312A7C209->35230fa9-c917-4625-844b-3841de1822d6-GrpcLogAppender: appendEntries Timeout, request=208154af-b43d-417a-8ba8-8a37a4d1ac9e->35230fa9-c917-4625-844b-3841de1822d6#142-t2, previous=(t:2, i:36), leaderCommit=32, initializing? false, entries: <empty>
2019-09-10 18:10:59,313 [grpc-default-executor-3] WARN  server.GrpcLogAppender (LogUtils.java:warn(134)) - d8255f37-89f1-48d2-bcda-7654f43e2557@group-2C4B92B15373->8cbcd714-dd76-45fa-910f-f3e67512086a-AppendLogResponseHandler: Failed appendEntries: org.apache.ratis.thirdparty.io.grpc.StatusRuntimeException: UNAVAILABLE: io exception
2019-09-10 18:10:59,314 [grpc-default-executor-3] INFO  impl.FollowerInfo (FollowerInfo.java:lambda$new$0(51)) - d8255f37-89f1-48d2-bcda-7654f43e2557@group-2C4B92B15373->8cbcd714-dd76-45fa-910f-f3e67512086a: nextIndex: updateUnconditionally 1 -> 0
2019-09-10 18:10:59,341 [grpc-default-executor-0] WARN  server.GrpcLogAppender (LogUtils.java:warn(134)) - d8255f37-89f1-48d2-bcda-7654f43e2557@group-2C4B92B15373->49bcc910-1f14-48b7-a318-d2e01e8ffdec-AppendLogResponseHandler: Failed appendEntries: org.apache.ratis.thirdparty.io.grpc.StatusRuntimeException: UNAVAILABLE: io exception
2019-09-10 18:10:59,342 [grpc-default-executor-0] INFO  impl.FollowerInfo (FollowerInfo.java:lambda$new$0(51)) - d8255f37-89f1-48d2-bcda-7654f43e2557@group-2C4B92B15373->49bcc910-1f14-48b7-a318-d2e01e8ffdec: nextIndex: updateUnconditionally 0 -> 0
2019-09-10 18:10:59,534 [java.util.concurrent.ThreadPoolExecutor$Worker@54e454ae[State = -1, empty queue]] WARN  server.GrpcLogAppender (GrpcLogAppender.java:timeoutAppendRequest(200)) - b0fafecf-3418-4e4c-a5e4-e5075743f263@group-73C817937272->2e952fcc-3ad7-4f0e-80e3-0277395d1af8-GrpcLogAppender: appendEntries Timeout, request=b0fafecf-3418-4e4c-a5e4-e5075743f263->2e952fcc-3ad7-4f0e-80e3-0277395d1af8#131-t1, previous=(t:1, i:20), leaderCommit=16, initializing? false, entries: <empty>
2019-09-10 18:10:59,534 [java.util.concurrent.ThreadPoolExecutor$Worker@6bb7c694[State = -1, empty queue]] WARN  server.GrpcLogAppender (GrpcLogAppender.java:timeoutAppendRequest(200)) - b0fafecf-3418-4e4c-a5e4-e5075743f263@group-73C817937272->4faa59b0-972d-4631-8b2b-dceadefbd7cc-GrpcLogAppender: appendEntries Timeout, request=b0fafecf-3418-4e4c-a5e4-e5075743f263->4faa59b0-972d-4631-8b2b-dceadefbd7cc#131-t1, previous=(t:1, i:20), leaderCommit=16, initializing? false, entries: <empty>
2019-09-10 18:10:59,633 [java.util.concurrent.ThreadPoolExecutor$Worker@5f529951[State = -1, empty queue]] WARN  server.GrpcLogAppender (GrpcLogAppender.java:timeoutAppendRequest(200)) - 208154af-b43d-417a-8ba8-8a37a4d1ac9e@group-C08312A7C209->35230fa9-c917-4625-844b-3841de1822d6-GrpcLogAppender: appendEntries Timeout, request=208154af-b43d-417a-8ba8-8a37a4d1ac9e->35230fa9-c917-4625-844b-3841de1822d6#143-t2, previous=(t:2, i:36), leaderCommit=32, initializing? false, entries: <empty>
2019-09-10 18:10:59,633 [java.util.concurrent.ThreadPoolExecutor$Worker@1d9b0166[State = -1, empty queue]] WARN  server.GrpcLogAppender (GrpcLogAppender.java:timeoutAppendRequest(200)) - 208154af-b43d-417a-8ba8-8a37a4d1ac9e@group-C08312A7C209->91e32882-d3c6-46ba-a04b-cffc2ba77210-GrpcLogAppender: appendEntries Timeout, request=208154af-b43d-417a-8ba8-8a37a4d1ac9e->91e32882-d3c6-46ba-a04b-cffc2ba77210#143-t2, previous=(t:2, i:36), leaderCommit=32, initializing? false, entries: <empty>
2019-09-10 18:10:59,817 [grpc-default-executor-1] WARN  server.GrpcLogAppender (LogUtils.java:warn(134)) - d8255f37-89f1-48d2-bcda-7654f43e2557@group-2C4B92B15373->8cbcd714-dd76-45fa-910f-f3e67512086a-AppendLogResponseHandler: Failed appendEntries: org.apache.ratis.thirdparty.io.grpc.StatusRuntimeException: UNAVAILABLE: io exception
2019-09-10 18:10:59,817 [grpc-default-executor-1] INFO  impl.FollowerInfo (FollowerInfo.java:lambda$new$0(51)) - d8255f37-89f1-48d2-bcda-7654f43e2557@group-2C4B92B15373->8cbcd714-dd76-45fa-910f-f3e67512086a: nextIndex: updateUnconditionally 0 -> 0
2019-09-10 18:10:59,841 [grpc-default-executor-0] WARN  server.GrpcLogAppender (LogUtils.java:warn(134)) - d8255f37-89f1-48d2-bcda-7654f43e2557@group-2C4B92B15373->49bcc910-1f14-48b7-a318-d2e01e8ffdec-AppendLogResponseHandler: Failed appendEntries: org.apache.ratis.thirdparty.io.grpc.StatusRuntimeException: UNAVAILABLE: io exception
2019-09-10 18:10:59,842 [grpc-default-executor-0] INFO  impl.FollowerInfo (FollowerInfo.java:lambda$new$0(51)) - d8255f37-89f1-48d2-bcda-7654f43e2557@group-2C4B92B15373->49bcc910-1f14-48b7-a318-d2e01e8ffdec: nextIndex: updateUnconditionally 0 -> 0
2019-09-10 18:11:00,037 [java.util.concurrent.ThreadPoolExecutor$Worker@6bb7c694[State = -1, empty queue]] WARN  server.GrpcLogAppender (GrpcLogAppender.java:timeoutAppendRequest(200)) - b0fafecf-3418-4e4c-a5e4-e5075743f263@group-73C817937272->4faa59b0-972d-4631-8b2b-dceadefbd7cc-GrpcLogAppender: appendEntries Timeout, request=b0fafecf-3418-4e4c-a5e4-e5075743f263->4faa59b0-972d-4631-8b2b-dceadefbd7cc#132-t1, previous=(t:1, i:20), leaderCommit=16, initializing? false, entries: <empty>
2019-09-10 18:11:00,037 [java.util.concurrent.ThreadPoolExecutor$Worker@54e454ae[State = -1, empty queue]] WARN  server.GrpcLogAppender (GrpcLogAppender.java:timeoutAppendRequest(200)) - b0fafecf-3418-4e4c-a5e4-e5075743f263@group-73C817937272->2e952fcc-3ad7-4f0e-80e3-0277395d1af8-GrpcLogAppender: appendEntries Timeout, request=b0fafecf-3418-4e4c-a5e4-e5075743f263->2e952fcc-3ad7-4f0e-80e3-0277395d1af8#132-t1, previous=(t:1, i:20), leaderCommit=16, initializing? false, entries: <empty>
2019-09-10 18:11:00,133 [java.util.concurrent.ThreadPoolExecutor$Worker@5f529951[State = -1, empty queue]] WARN  server.GrpcLogAppender (GrpcLogAppender.java:timeoutAppendRequest(200)) - 208154af-b43d-417a-8ba8-8a37a4d1ac9e@group-C08312A7C209->35230fa9-c917-4625-844b-3841de1822d6-GrpcLogAppender: appendEntries Timeout, request=208154af-b43d-417a-8ba8-8a37a4d1ac9e->35230fa9-c917-4625-844b-3841de1822d6#144-t2, previous=(t:2, i:36), leaderCommit=32, initializing? false, entries: <empty>
2019-09-10 18:11:00,133 [java.util.concurrent.ThreadPoolExecutor$Worker@1d9b0166[State = -1, empty queue]] WARN  server.GrpcLogAppender (GrpcLogAppender.java:timeoutAppendRequest(200)) - 208154af-b43d-417a-8ba8-8a37a4d1ac9e@group-C08312A7C209->91e32882-d3c6-46ba-a04b-cffc2ba77210-GrpcLogAppender: appendEntries Timeout, request=208154af-b43d-417a-8ba8-8a37a4d1ac9e->91e32882-d3c6-46ba-a04b-cffc2ba77210#144-t2, previous=(t:2, i:36), leaderCommit=32, initializing? false, entries: <empty>
2019-09-10 18:11:00,317 [grpc-default-executor-3] WARN  server.GrpcLogAppender (LogUtils.java:warn(134)) - d8255f37-89f1-48d2-bcda-7654f43e2557@group-2C4B92B15373->8cbcd714-dd76-45fa-910f-f3e67512086a-AppendLogResponseHandler: Failed appendEntries: org.apache.ratis.thirdparty.io.grpc.StatusRuntimeException: UNAVAILABLE: io exception
2019-09-10 18:11:00,317 [grpc-default-executor-3] INFO  impl.FollowerInfo (FollowerInfo.java:lambda$new$0(51)) - d8255f37-89f1-48d2-bcda-7654f43e2557@group-2C4B92B15373->8cbcd714-dd76-45fa-910f-f3e67512086a: nextIndex: updateUnconditionally 0 -> 0
2019-09-10 18:11:00,342 [grpc-default-executor-1] WARN  server.GrpcLogAppender (LogUtils.java:warn(134)) - d8255f37-89f1-48d2-bcda-7654f43e2557@group-2C4B92B15373->49bcc910-1f14-48b7-a318-d2e01e8ffdec-AppendLogResponseHandler: Failed appendEntries: org.apache.ratis.thirdparty.io.grpc.StatusRuntimeException: UNAVAILABLE: io exception
2019-09-10 18:11:00,342 [grpc-default-executor-1] INFO  impl.FollowerInfo (FollowerInfo.java:lambda$new$0(51)) - d8255f37-89f1-48d2-bcda-7654f43e2557@group-2C4B92B15373->49bcc910-1f14-48b7-a318-d2e01e8ffdec: nextIndex: updateUnconditionally 0 -> 0
2019-09-10 18:11:00,538 [java.util.concurrent.ThreadPoolExecutor$Worker@54e454ae[State = -1, empty queue]] WARN  server.GrpcLogAppender (GrpcLogAppender.java:timeoutAppendRequest(200)) - b0fafecf-3418-4e4c-a5e4-e5075743f263@group-73C817937272->2e952fcc-3ad7-4f0e-80e3-0277395d1af8-GrpcLogAppender: appendEntries Timeout, request=b0fafecf-3418-4e4c-a5e4-e5075743f263->2e952fcc-3ad7-4f0e-80e3-0277395d1af8#133-t1, previous=(t:1, i:20), leaderCommit=16, initializing? false, entries: <empty>
2019-09-10 18:11:00,538 [java.util.concurrent.ThreadPoolExecutor$Worker@6bb7c694[State = -1, empty queue]] WARN  server.GrpcLogAppender (GrpcLogAppender.java:timeoutAppendRequest(200)) - b0fafecf-3418-4e4c-a5e4-e5075743f263@group-73C817937272->4faa59b0-972d-4631-8b2b-dceadefbd7cc-GrpcLogAppender: appendEntries Timeout, request=b0fafecf-3418-4e4c-a5e4-e5075743f263->4faa59b0-972d-4631-8b2b-dceadefbd7cc#133-t1, previous=(t:1, i:20), leaderCommit=16, initializing? false, entries: <empty>
2019-09-10 18:11:00,634 [java.util.concurrent.ThreadPoolExecutor$Worker@5f529951[State = -1, empty queue]] WARN  server.GrpcLogAppender (GrpcLogAppender.java:timeoutAppendRequest(200)) - 208154af-b43d-417a-8ba8-8a37a4d1ac9e@group-C08312A7C209->35230fa9-c917-4625-844b-3841de1822d6-GrpcLogAppender: appendEntries Timeout, request=208154af-b43d-417a-8ba8-8a37a4d1ac9e->35230fa9-c917-4625-844b-3841de1822d6#145-t2, previous=(t:2, i:36), leaderCommit=32, initializing? false, entries: <empty>
2019-09-10 18:11:00,634 [java.util.concurrent.ThreadPoolExecutor$Worker@1d9b0166[State = -1, empty queue]] WARN  server.GrpcLogAppender (GrpcLogAppender.java:timeoutAppendRequest(200)) - 208154af-b43d-417a-8ba8-8a37a4d1ac9e@group-C08312A7C209->91e32882-d3c6-46ba-a04b-cffc2ba77210-GrpcLogAppender: appendEntries Timeout, request=208154af-b43d-417a-8ba8-8a37a4d1ac9e->91e32882-d3c6-46ba-a04b-cffc2ba77210#145-t2, previous=(t:2, i:36), leaderCommit=32, initializing? false, entries: <empty>
2019-09-10 18:11:00,817 [grpc-default-executor-0] WARN  server.GrpcLogAppender (LogUtils.java:warn(134)) - d8255f37-89f1-48d2-bcda-7654f43e2557@group-2C4B92B15373->8cbcd714-dd76-45fa-910f-f3e67512086a-AppendLogResponseHandler: Failed appendEntries: org.apache.ratis.thirdparty.io.grpc.StatusRuntimeException: UNAVAILABLE: io exception
2019-09-10 18:11:00,818 [grpc-default-executor-0] INFO  impl.FollowerInfo (FollowerInfo.java:lambda$new$0(51)) - d8255f37-89f1-48d2-bcda-7654f43e2557@group-2C4B92B15373->8cbcd714-dd76-45fa-910f-f3e67512086a: nextIndex: updateUnconditionally 0 -> 0
2019-09-10 18:11:00,842 [grpc-default-executor-3] WARN  server.GrpcLogAppender (LogUtils.java:warn(134)) - d8255f37-89f1-48d2-bcda-7654f43e2557@group-2C4B92B15373->49bcc910-1f14-48b7-a318-d2e01e8ffdec-AppendLogResponseHandler: Failed appendEntries: org.apache.ratis.thirdparty.io.grpc.StatusRuntimeException: UNAVAILABLE: io exception
2019-09-10 18:11:00,843 [grpc-default-executor-3] INFO  impl.FollowerInfo (FollowerInfo.java:lambda$new$0(51)) - d8255f37-89f1-48d2-bcda-7654f43e2557@group-2C4B92B15373->49bcc910-1f14-48b7-a318-d2e01e8ffdec: nextIndex: updateUnconditionally 0 -> 0
2019-09-10 18:11:01,041 [java.util.concurrent.ThreadPoolExecutor$Worker@54e454ae[State = -1, empty queue]] WARN  server.GrpcLogAppender (GrpcLogAppender.java:timeoutAppendRequest(200)) - b0fafecf-3418-4e4c-a5e4-e5075743f263@group-73C817937272->2e952fcc-3ad7-4f0e-80e3-0277395d1af8-GrpcLogAppender: appendEntries Timeout, request=b0fafecf-3418-4e4c-a5e4-e5075743f263->2e952fcc-3ad7-4f0e-80e3-0277395d1af8#134-t1, previous=(t:1, i:20), leaderCommit=16, initializing? false, entries: <empty>
2019-09-10 18:11:01,041 [java.util.concurrent.ThreadPoolExecutor$Worker@6bb7c694[State = -1, empty queue]] WARN  server.GrpcLogAppender (GrpcLogAppender.java:timeoutAppendRequest(200)) - b0fafecf-3418-4e4c-a5e4-e5075743f263@group-73C817937272->4faa59b0-972d-4631-8b2b-dceadefbd7cc-GrpcLogAppender: appendEntries Timeout, request=b0fafecf-3418-4e4c-a5e4-e5075743f263->4faa59b0-972d-4631-8b2b-dceadefbd7cc#134-t1, previous=(t:1, i:20), leaderCommit=16, initializing? false, entries: <empty>
2019-09-10 18:11:01,130 [91e32882-d3c6-46ba-a04b-cffc2ba77210@group-C08312A7C209-SegmentedRaftLogWorker] WARN  segmented.SegmentedRaftLogWorker (SegmentedRaftLogWorker.java:getFromFuture(90)) - Timeout 0/~
org.apache.ratis.protocol.TimeoutIOException: Timeout 10s: WriteLog:33: (t:2, i:33), STATEMACHINELOGENTRY, client-23B431068EC3, cid=64-writeStateMachineData
	at org.apache.ratis.util.IOUtils.getFromFuture(IOUtils.java:87)
	at org.apache.ratis.server.raftlog.segmented.SegmentedRaftLogWorker$StateMachineDataPolicy.getFromFuture(SegmentedRaftLogWorker.java:87)
	at org.apache.ratis.server.raftlog.segmented.SegmentedRaftLogWorker$WriteLog.execute(SegmentedRaftLogWorker.java:477)
	at org.apache.ratis.server.raftlog.segmented.SegmentedRaftLogWorker.run(SegmentedRaftLogWorker.java:289)
	at java.lang.Thread.run(Thread.java:748)
Caused by: java.util.concurrent.TimeoutException
	at java.util.concurrent.CompletableFuture.timedGet(CompletableFuture.java:1771)
	at java.util.concurrent.CompletableFuture.get(CompletableFuture.java:1915)
	at org.apache.ratis.util.IOUtils.getFromFuture(IOUtils.java:79)
	... 4 more
2019-09-10 18:11:01,134 [java.util.concurrent.ThreadPoolExecutor$Worker@5f529951[State = -1, empty queue]] WARN  server.GrpcLogAppender (GrpcLogAppender.java:timeoutAppendRequest(200)) - 208154af-b43d-417a-8ba8-8a37a4d1ac9e@group-C08312A7C209->35230fa9-c917-4625-844b-3841de1822d6-GrpcLogAppender: appendEntries Timeout, request=208154af-b43d-417a-8ba8-8a37a4d1ac9e->35230fa9-c917-4625-844b-3841de1822d6#146-t2, previous=(t:2, i:36), leaderCommit=32, initializing? false, entries: <empty>
2019-09-10 18:11:01,134 [java.util.concurrent.ThreadPoolExecutor$Worker@1d9b0166[State = -1, empty queue]] WARN  server.GrpcLogAppender (GrpcLogAppender.java:timeoutAppendRequest(200)) - 208154af-b43d-417a-8ba8-8a37a4d1ac9e@group-C08312A7C209->91e32882-d3c6-46ba-a04b-cffc2ba77210-GrpcLogAppender: appendEntries Timeout, request=208154af-b43d-417a-8ba8-8a37a4d1ac9e->91e32882-d3c6-46ba-a04b-cffc2ba77210#146-t2, previous=(t:2, i:36), leaderCommit=32, initializing? false, entries: <empty>
2019-09-10 18:11:01,234 [grpc-default-executor-0] INFO  client.GrpcClientProtocolClient (GrpcClientProtocolClient.java:onNext(264)) - client-23B431068EC3->91e32882-d3c6-46ba-a04b-cffc2ba77210: receive RaftClientReply:client-23B431068EC3->91e32882-d3c6-46ba-a04b-cffc2ba77210@group-C08312A7C209, cid=64, FAILED org.apache.ratis.protocol.NotLeaderException: Server 91e32882-d3c6-46ba-a04b-cffc2ba77210@group-C08312A7C209 is not the leader 208154af-b43d-417a-8ba8-8a37a4d1ac9e:192.168.36.113:42355, logIndex=0, commits[91e32882-d3c6-46ba-a04b-cffc2ba77210:c32, 208154af-b43d-417a-8ba8-8a37a4d1ac9e:c32, 35230fa9-c917-4625-844b-3841de1822d6:c30]
2019-09-10 18:11:01,318 [grpc-default-executor-1] WARN  server.GrpcLogAppender (LogUtils.java:warn(134)) - d8255f37-89f1-48d2-bcda-7654f43e2557@group-2C4B92B15373->8cbcd714-dd76-45fa-910f-f3e67512086a-AppendLogResponseHandler: Failed appendEntries: org.apache.ratis.thirdparty.io.grpc.StatusRuntimeException: UNAVAILABLE: io exception
2019-09-10 18:11:01,319 [grpc-default-executor-1] INFO  impl.FollowerInfo (FollowerInfo.java:lambda$new$0(51)) - d8255f37-89f1-48d2-bcda-7654f43e2557@group-2C4B92B15373->8cbcd714-dd76-45fa-910f-f3e67512086a: nextIndex: updateUnconditionally 0 -> 0
2019-09-10 18:11:01,344 [grpc-default-executor-0] WARN  server.GrpcLogAppender (LogUtils.java:warn(134)) - d8255f37-89f1-48d2-bcda-7654f43e2557@group-2C4B92B15373->49bcc910-1f14-48b7-a318-d2e01e8ffdec-AppendLogResponseHandler: Failed appendEntries: org.apache.ratis.thirdparty.io.grpc.StatusRuntimeException: UNAVAILABLE: io exception
2019-09-10 18:11:01,348 [grpc-default-executor-0] INFO  impl.FollowerInfo (FollowerInfo.java:lambda$new$0(51)) - d8255f37-89f1-48d2-bcda-7654f43e2557@group-2C4B92B15373->49bcc910-1f14-48b7-a318-d2e01e8ffdec: nextIndex: updateUnconditionally 0 -> 0
2019-09-10 18:11:01,365 [208154af-b43d-417a-8ba8-8a37a4d1ac9e@group-C08312A7C209-SegmentedRaftLogWorker] WARN  segmented.SegmentedRaftLogWorker (SegmentedRaftLogWorker.java:getFromFuture(90)) - Timeout 0/~
org.apache.ratis.protocol.TimeoutIOException: Timeout 10s: WriteLog:35: (t:2, i:35), STATEMACHINELOGENTRY, client-23B431068EC3, cid=66-writeStateMachineData
	at org.apache.ratis.util.IOUtils.getFromFuture(IOUtils.java:87)
	at org.apache.ratis.server.raftlog.segmented.SegmentedRaftLogWorker$StateMachineDataPolicy.getFromFuture(SegmentedRaftLogWorker.java:87)
	at org.apache.ratis.server.raftlog.segmented.SegmentedRaftLogWorker$WriteLog.execute(SegmentedRaftLogWorker.java:477)
	at org.apache.ratis.server.raftlog.segmented.SegmentedRaftLogWorker.run(SegmentedRaftLogWorker.java:289)
	at java.lang.Thread.run(Thread.java:748)
Caused by: java.util.concurrent.TimeoutException
	at java.util.concurrent.CompletableFuture.timedGet(CompletableFuture.java:1771)
	at java.util.concurrent.CompletableFuture.get(CompletableFuture.java:1915)
	at org.apache.ratis.util.IOUtils.getFromFuture(IOUtils.java:79)
	... 4 more
2019-09-10 18:11:01,366 [35230fa9-c917-4625-844b-3841de1822d6@group-C08312A7C209-SegmentedRaftLogWorker] WARN  segmented.SegmentedRaftLogWorker (SegmentedRaftLogWorker.java:getFromFuture(90)) - Timeout 0/~
org.apache.ratis.protocol.TimeoutIOException: Timeout 10s: WriteLog:35: (t:2, i:35), STATEMACHINELOGENTRY, client-23B431068EC3, cid=66-writeStateMachineData
	at org.apache.ratis.util.IOUtils.getFromFuture(IOUtils.java:87)
	at org.apache.ratis.server.raftlog.segmented.SegmentedRaftLogWorker$StateMachineDataPolicy.getFromFuture(SegmentedRaftLogWorker.java:87)
	at org.apache.ratis.server.raftlog.segmented.SegmentedRaftLogWorker$WriteLog.execute(SegmentedRaftLogWorker.java:477)
	at org.apache.ratis.server.raftlog.segmented.SegmentedRaftLogWorker.run(SegmentedRaftLogWorker.java:289)
	at java.lang.Thread.run(Thread.java:748)
Caused by: java.util.concurrent.TimeoutException
	at java.util.concurrent.CompletableFuture.timedGet(CompletableFuture.java:1771)
	at java.util.concurrent.CompletableFuture.get(CompletableFuture.java:1915)
	at org.apache.ratis.util.IOUtils.getFromFuture(IOUtils.java:79)
	... 4 more
2019-09-10 18:11:01,541 [java.util.concurrent.ThreadPoolExecutor$Worker@6bb7c694[State = -1, empty queue]] WARN  server.GrpcLogAppender (GrpcLogAppender.java:timeoutAppendRequest(200)) - b0fafecf-3418-4e4c-a5e4-e5075743f263@group-73C817937272->4faa59b0-972d-4631-8b2b-dceadefbd7cc-GrpcLogAppender: appendEntries Timeout, request=b0fafecf-3418-4e4c-a5e4-e5075743f263->4faa59b0-972d-4631-8b2b-dceadefbd7cc#135-t1, previous=(t:1, i:20), leaderCommit=16, initializing? false, entries: <empty>
2019-09-10 18:11:01,541 [java.util.concurrent.ThreadPoolExecutor$Worker@54e454ae[State = -1, empty queue]] WARN  server.GrpcLogAppender (GrpcLogAppender.java:timeoutAppendRequest(200)) - b0fafecf-3418-4e4c-a5e4-e5075743f263@group-73C817937272->2e952fcc-3ad7-4f0e-80e3-0277395d1af8-GrpcLogAppender: appendEntries Timeout, request=b0fafecf-3418-4e4c-a5e4-e5075743f263->2e952fcc-3ad7-4f0e-80e3-0277395d1af8#135-t1, previous=(t:1, i:20), leaderCommit=16, initializing? false, entries: <empty>
2019-09-10 18:11:01,634 [java.util.concurrent.ThreadPoolExecutor$Worker@1d9b0166[State = -1, empty queue]] WARN  server.GrpcLogAppender (GrpcLogAppender.java:timeoutAppendRequest(200)) - 208154af-b43d-417a-8ba8-8a37a4d1ac9e@group-C08312A7C209->91e32882-d3c6-46ba-a04b-cffc2ba77210-GrpcLogAppender: appendEntries Timeout, request=208154af-b43d-417a-8ba8-8a37a4d1ac9e->91e32882-d3c6-46ba-a04b-cffc2ba77210#147-t2, previous=(t:2, i:36), leaderCommit=32, initializing? false, entries: <empty>
2019-09-10 18:11:01,634 [java.util.concurrent.ThreadPoolExecutor$Worker@5f529951[State = -1, empty queue]] WARN  server.GrpcLogAppender (GrpcLogAppender.java:timeoutAppendRequest(200)) - 208154af-b43d-417a-8ba8-8a37a4d1ac9e@group-C08312A7C209->35230fa9-c917-4625-844b-3841de1822d6-GrpcLogAppender: appendEntries Timeout, request=208154af-b43d-417a-8ba8-8a37a4d1ac9e->35230fa9-c917-4625-844b-3841de1822d6#147-t2, previous=(t:2, i:36), leaderCommit=32, initializing? false, entries: <empty>
2019-09-10 18:11:01,820 [grpc-default-executor-3] WARN  server.GrpcLogAppender (LogUtils.java:warn(134)) - d8255f37-89f1-48d2-bcda-7654f43e2557@group-2C4B92B15373->8cbcd714-dd76-45fa-910f-f3e67512086a-AppendLogResponseHandler: Failed appendEntries: org.apache.ratis.thirdparty.io.grpc.StatusRuntimeException: UNAVAILABLE: io exception
2019-09-10 18:11:01,821 [grpc-default-executor-3] INFO  impl.FollowerInfo (FollowerInfo.java:lambda$new$0(51)) - d8255f37-89f1-48d2-bcda-7654f43e2557@group-2C4B92B15373->8cbcd714-dd76-45fa-910f-f3e67512086a: nextIndex: updateUnconditionally 0 -> 0
2019-09-10 18:11:01,846 [grpc-default-executor-1] WARN  server.GrpcLogAppender (LogUtils.java:warn(134)) - d8255f37-89f1-48d2-bcda-7654f43e2557@group-2C4B92B15373->49bcc910-1f14-48b7-a318-d2e01e8ffdec-AppendLogResponseHandler: Failed appendEntries: org.apache.ratis.thirdparty.io.grpc.StatusRuntimeException: UNAVAILABLE: io exception
2019-09-10 18:11:01,846 [grpc-default-executor-1] INFO  impl.FollowerInfo (FollowerInfo.java:lambda$new$0(51)) - d8255f37-89f1-48d2-bcda-7654f43e2557@group-2C4B92B15373->49bcc910-1f14-48b7-a318-d2e01e8ffdec: nextIndex: updateUnconditionally 0 -> 0
2019-09-10 18:11:02,049 [java.util.concurrent.ThreadPoolExecutor$Worker@54e454ae[State = -1, empty queue]] WARN  server.GrpcLogAppender (GrpcLogAppender.java:timeoutAppendRequest(200)) - b0fafecf-3418-4e4c-a5e4-e5075743f263@group-73C817937272->2e952fcc-3ad7-4f0e-80e3-0277395d1af8-GrpcLogAppender: appendEntries Timeout, request=b0fafecf-3418-4e4c-a5e4-e5075743f263->2e952fcc-3ad7-4f0e-80e3-0277395d1af8#136-t1, previous=(t:1, i:20), leaderCommit=16, initializing? false, entries: <empty>
2019-09-10 18:11:02,049 [java.util.concurrent.ThreadPoolExecutor$Worker@6bb7c694[State = -1, empty queue]] WARN  server.GrpcLogAppender (GrpcLogAppender.java:timeoutAppendRequest(200)) - b0fafecf-3418-4e4c-a5e4-e5075743f263@group-73C817937272->4faa59b0-972d-4631-8b2b-dceadefbd7cc-GrpcLogAppender: appendEntries Timeout, request=b0fafecf-3418-4e4c-a5e4-e5075743f263->4faa59b0-972d-4631-8b2b-dceadefbd7cc#136-t1, previous=(t:1, i:20), leaderCommit=16, initializing? false, entries: <empty>
2019-09-10 18:11:02,134 [java.util.concurrent.ThreadPoolExecutor$Worker@5f529951[State = -1, empty queue]] WARN  server.GrpcLogAppender (GrpcLogAppender.java:timeoutAppendRequest(200)) - 208154af-b43d-417a-8ba8-8a37a4d1ac9e@group-C08312A7C209->35230fa9-c917-4625-844b-3841de1822d6-GrpcLogAppender: appendEntries Timeout, request=208154af-b43d-417a-8ba8-8a37a4d1ac9e->35230fa9-c917-4625-844b-3841de1822d6#148-t2, previous=(t:2, i:36), leaderCommit=32, initializing? false, entries: <empty>
2019-09-10 18:11:02,134 [java.util.concurrent.ThreadPoolExecutor$Worker@1d9b0166[State = -1, empty queue]] WARN  server.GrpcLogAppender (GrpcLogAppender.java:timeoutAppendRequest(200)) - 208154af-b43d-417a-8ba8-8a37a4d1ac9e@group-C08312A7C209->91e32882-d3c6-46ba-a04b-cffc2ba77210-GrpcLogAppender: appendEntries Timeout, request=208154af-b43d-417a-8ba8-8a37a4d1ac9e->91e32882-d3c6-46ba-a04b-cffc2ba77210#148-t2, previous=(t:2, i:36), leaderCommit=32, initializing? false, entries: <empty>
2019-09-10 18:11:02,190 [d8255f37-89f1-48d2-bcda-7654f43e2557@group-2C4B92B15373-SegmentedRaftLogWorker] WARN  segmented.SegmentedRaftLogWorker (SegmentedRaftLogWorker.java:getFromFuture(90)) - Timeout 5/~
org.apache.ratis.protocol.TimeoutIOException: Timeout 10s: WriteLog:19: (t:1, i:19), STATEMACHINELOGENTRY, client-11D19FBEF510, cid=30-writeStateMachineData
	at org.apache.ratis.util.IOUtils.getFromFuture(IOUtils.java:87)
	at org.apache.ratis.server.raftlog.segmented.SegmentedRaftLogWorker$StateMachineDataPolicy.getFromFuture(SegmentedRaftLogWorker.java:87)
	at org.apache.ratis.server.raftlog.segmented.SegmentedRaftLogWorker$WriteLog.execute(SegmentedRaftLogWorker.java:477)
	at org.apache.ratis.server.raftlog.segmented.SegmentedRaftLogWorker.run(SegmentedRaftLogWorker.java:289)
	at java.lang.Thread.run(Thread.java:748)
Caused by: java.util.concurrent.TimeoutException
	at java.util.concurrent.CompletableFuture.timedGet(CompletableFuture.java:1771)
	at java.util.concurrent.CompletableFuture.get(CompletableFuture.java:1915)
	at org.apache.ratis.util.IOUtils.getFromFuture(IOUtils.java:79)
	... 4 more
2019-09-10 18:11:02,320 [grpc-default-executor-0] WARN  server.GrpcLogAppender (LogUtils.java:warn(134)) - d8255f37-89f1-48d2-bcda-7654f43e2557@group-2C4B92B15373->8cbcd714-dd76-45fa-910f-f3e67512086a-AppendLogResponseHandler: Failed appendEntries: org.apache.ratis.thirdparty.io.grpc.StatusRuntimeException: UNAVAILABLE: io exception
2019-09-10 18:11:02,320 [grpc-default-executor-0] INFO  impl.FollowerInfo (FollowerInfo.java:lambda$new$0(51)) - d8255f37-89f1-48d2-bcda-7654f43e2557@group-2C4B92B15373->8cbcd714-dd76-45fa-910f-f3e67512086a: nextIndex: updateUnconditionally 0 -> 0
2019-09-10 18:11:02,345 [grpc-default-executor-1] WARN  server.GrpcLogAppender (LogUtils.java:warn(134)) - d8255f37-89f1-48d2-bcda-7654f43e2557@group-2C4B92B15373->49bcc910-1f14-48b7-a318-d2e01e8ffdec-AppendLogResponseHandler: Failed appendEntries: org.apache.ratis.thirdparty.io.grpc.StatusRuntimeException: UNAVAILABLE: io exception
2019-09-10 18:11:02,345 [grpc-default-executor-1] INFO  impl.FollowerInfo (FollowerInfo.java:lambda$new$0(51)) - d8255f37-89f1-48d2-bcda-7654f43e2557@group-2C4B92B15373->49bcc910-1f14-48b7-a318-d2e01e8ffdec: nextIndex: updateUnconditionally 0 -> 0
2019-09-10 18:11:02,550 [java.util.concurrent.ThreadPoolExecutor$Worker@6bb7c694[State = -1, empty queue]] WARN  server.GrpcLogAppender (GrpcLogAppender.java:timeoutAppendRequest(200)) - b0fafecf-3418-4e4c-a5e4-e5075743f263@group-73C817937272->4faa59b0-972d-4631-8b2b-dceadefbd7cc-GrpcLogAppender: appendEntries Timeout, request=b0fafecf-3418-4e4c-a5e4-e5075743f263->4faa59b0-972d-4631-8b2b-dceadefbd7cc#137-t1, previous=(t:1, i:20), leaderCommit=16, initializing? false, entries: <empty>
2019-09-10 18:11:02,550 [java.util.concurrent.ThreadPoolExecutor$Worker@54e454ae[State = -1, empty queue]] WARN  server.GrpcLogAppender (GrpcLogAppender.java:timeoutAppendRequest(200)) - b0fafecf-3418-4e4c-a5e4-e5075743f263@group-73C817937272->2e952fcc-3ad7-4f0e-80e3-0277395d1af8-GrpcLogAppender: appendEntries Timeout, request=b0fafecf-3418-4e4c-a5e4-e5075743f263->2e952fcc-3ad7-4f0e-80e3-0277395d1af8#137-t1, previous=(t:1, i:20), leaderCommit=16, initializing? false, entries: <empty>
2019-09-10 18:11:02,635 [java.util.concurrent.ThreadPoolExecutor$Worker@5f529951[State = -1, empty queue]] WARN  server.GrpcLogAppender (GrpcLogAppender.java:timeoutAppendRequest(200)) - 208154af-b43d-417a-8ba8-8a37a4d1ac9e@group-C08312A7C209->35230fa9-c917-4625-844b-3841de1822d6-GrpcLogAppender: appendEntries Timeout, request=208154af-b43d-417a-8ba8-8a37a4d1ac9e->35230fa9-c917-4625-844b-3841de1822d6#149-t2, previous=(t:2, i:36), leaderCommit=32, initializing? false, entries: <empty>
2019-09-10 18:11:02,635 [java.util.concurrent.ThreadPoolExecutor$Worker@1d9b0166[State = -1, empty queue]] WARN  server.GrpcLogAppender (GrpcLogAppender.java:timeoutAppendRequest(200)) - 208154af-b43d-417a-8ba8-8a37a4d1ac9e@group-C08312A7C209->91e32882-d3c6-46ba-a04b-cffc2ba77210-GrpcLogAppender: appendEntries Timeout, request=208154af-b43d-417a-8ba8-8a37a4d1ac9e->91e32882-d3c6-46ba-a04b-cffc2ba77210#149-t2, previous=(t:2, i:36), leaderCommit=32, initializing? false, entries: <empty>
2019-09-10 18:11:02,822 [grpc-default-executor-3] WARN  server.GrpcLogAppender (LogUtils.java:warn(134)) - d8255f37-89f1-48d2-bcda-7654f43e2557@group-2C4B92B15373->8cbcd714-dd76-45fa-910f-f3e67512086a-AppendLogResponseHandler: Failed appendEntries: org.apache.ratis.thirdparty.io.grpc.StatusRuntimeException: UNAVAILABLE: io exception
2019-09-10 18:11:02,822 [grpc-default-executor-3] INFO  impl.FollowerInfo (FollowerInfo.java:lambda$new$0(51)) - d8255f37-89f1-48d2-bcda-7654f43e2557@group-2C4B92B15373->8cbcd714-dd76-45fa-910f-f3e67512086a: nextIndex: updateUnconditionally 0 -> 0
2019-09-10 18:11:02,846 [grpc-default-executor-1] WARN  server.GrpcLogAppender (LogUtils.java:warn(134)) - d8255f37-89f1-48d2-bcda-7654f43e2557@group-2C4B92B15373->49bcc910-1f14-48b7-a318-d2e01e8ffdec-AppendLogResponseHandler: Failed appendEntries: org.apache.ratis.thirdparty.io.grpc.StatusRuntimeException: UNAVAILABLE: io exception
2019-09-10 18:11:02,847 [grpc-default-executor-1] INFO  impl.FollowerInfo (FollowerInfo.java:lambda$new$0(51)) - d8255f37-89f1-48d2-bcda-7654f43e2557@group-2C4B92B15373->49bcc910-1f14-48b7-a318-d2e01e8ffdec: nextIndex: updateUnconditionally 0 -> 0
2019-09-10 18:11:03,050 [java.util.concurrent.ThreadPoolExecutor$Worker@6bb7c694[State = -1, empty queue]] WARN  server.GrpcLogAppender (GrpcLogAppender.java:timeoutAppendRequest(200)) - b0fafecf-3418-4e4c-a5e4-e5075743f263@group-73C817937272->4faa59b0-972d-4631-8b2b-dceadefbd7cc-GrpcLogAppender: appendEntries Timeout, request=b0fafecf-3418-4e4c-a5e4-e5075743f263->4faa59b0-972d-4631-8b2b-dceadefbd7cc#138-t1, previous=(t:1, i:20), leaderCommit=16, initializing? false, entries: <empty>
2019-09-10 18:11:03,050 [java.util.concurrent.ThreadPoolExecutor$Worker@54e454ae[State = -1, empty queue]] WARN  server.GrpcLogAppender (GrpcLogAppender.java:timeoutAppendRequest(200)) - b0fafecf-3418-4e4c-a5e4-e5075743f263@group-73C817937272->2e952fcc-3ad7-4f0e-80e3-0277395d1af8-GrpcLogAppender: appendEntries Timeout, request=b0fafecf-3418-4e4c-a5e4-e5075743f263->2e952fcc-3ad7-4f0e-80e3-0277395d1af8#138-t1, previous=(t:1, i:20), leaderCommit=16, initializing? false, entries: <empty>
2019-09-10 18:11:03,135 [java.util.concurrent.ThreadPoolExecutor$Worker@1d9b0166[State = -1, empty queue]] WARN  server.GrpcLogAppender (GrpcLogAppender.java:timeoutAppendRequest(200)) - 208154af-b43d-417a-8ba8-8a37a4d1ac9e@group-C08312A7C209->91e32882-d3c6-46ba-a04b-cffc2ba77210-GrpcLogAppender: appendEntries Timeout, request=208154af-b43d-417a-8ba8-8a37a4d1ac9e->91e32882-d3c6-46ba-a04b-cffc2ba77210#150-t2, previous=(t:2, i:36), leaderCommit=32, initializing? false, entries: <empty>
2019-09-10 18:11:03,135 [java.util.concurrent.ThreadPoolExecutor$Worker@5f529951[State = -1, empty queue]] WARN  server.GrpcLogAppender (GrpcLogAppender.java:timeoutAppendRequest(200)) - 208154af-b43d-417a-8ba8-8a37a4d1ac9e@group-C08312A7C209->35230fa9-c917-4625-844b-3841de1822d6-GrpcLogAppender: appendEntries Timeout, request=208154af-b43d-417a-8ba8-8a37a4d1ac9e->35230fa9-c917-4625-844b-3841de1822d6#150-t2, previous=(t:2, i:36), leaderCommit=32, initializing? false, entries: <empty>
2019-09-10 18:11:03,322 [grpc-default-executor-0] WARN  server.GrpcLogAppender (LogUtils.java:warn(134)) - d8255f37-89f1-48d2-bcda-7654f43e2557@group-2C4B92B15373->8cbcd714-dd76-45fa-910f-f3e67512086a-AppendLogResponseHandler: Failed appendEntries: org.apache.ratis.thirdparty.io.grpc.StatusRuntimeException: UNAVAILABLE: io exception
2019-09-10 18:11:03,322 [grpc-default-executor-0] INFO  impl.FollowerInfo (FollowerInfo.java:lambda$new$0(51)) - d8255f37-89f1-48d2-bcda-7654f43e2557@group-2C4B92B15373->8cbcd714-dd76-45fa-910f-f3e67512086a: nextIndex: updateUnconditionally 0 -> 0
2019-09-10 18:11:03,347 [grpc-default-executor-3] WARN  server.GrpcLogAppender (LogUtils.java:warn(134)) - d8255f37-89f1-48d2-bcda-7654f43e2557@group-2C4B92B15373->49bcc910-1f14-48b7-a318-d2e01e8ffdec-AppendLogResponseHandler: Failed appendEntries: org.apache.ratis.thirdparty.io.grpc.StatusRuntimeException: UNAVAILABLE: io exception
2019-09-10 18:11:03,347 [grpc-default-executor-3] INFO  impl.FollowerInfo (FollowerInfo.java:lambda$new$0(51)) - d8255f37-89f1-48d2-bcda-7654f43e2557@group-2C4B92B15373->49bcc910-1f14-48b7-a318-d2e01e8ffdec: nextIndex: updateUnconditionally 0 -> 0
2019-09-10 18:11:03,551 [java.util.concurrent.ThreadPoolExecutor$Worker@54e454ae[State = -1, empty queue]] WARN  server.GrpcLogAppender (GrpcLogAppender.java:timeoutAppendRequest(200)) - b0fafecf-3418-4e4c-a5e4-e5075743f263@group-73C817937272->2e952fcc-3ad7-4f0e-80e3-0277395d1af8-GrpcLogAppender: appendEntries Timeout, request=b0fafecf-3418-4e4c-a5e4-e5075743f263->2e952fcc-3ad7-4f0e-80e3-0277395d1af8#139-t1, previous=(t:1, i:20), leaderCommit=16, initializing? false, entries: <empty>
2019-09-10 18:11:03,551 [java.util.concurrent.ThreadPoolExecutor$Worker@6bb7c694[State = -1, empty queue]] WARN  server.GrpcLogAppender (GrpcLogAppender.java:timeoutAppendRequest(200)) - b0fafecf-3418-4e4c-a5e4-e5075743f263@group-73C817937272->4faa59b0-972d-4631-8b2b-dceadefbd7cc-GrpcLogAppender: appendEntries Timeout, request=b0fafecf-3418-4e4c-a5e4-e5075743f263->4faa59b0-972d-4631-8b2b-dceadefbd7cc#139-t1, previous=(t:1, i:20), leaderCommit=16, initializing? false, entries: <empty>
2019-09-10 18:11:03,635 [java.util.concurrent.ThreadPoolExecutor$Worker@5f529951[State = -1, empty queue]] WARN  server.GrpcLogAppender (GrpcLogAppender.java:timeoutAppendRequest(200)) - 208154af-b43d-417a-8ba8-8a37a4d1ac9e@group-C08312A7C209->35230fa9-c917-4625-844b-3841de1822d6-GrpcLogAppender: appendEntries Timeout, request=208154af-b43d-417a-8ba8-8a37a4d1ac9e->35230fa9-c917-4625-844b-3841de1822d6#151-t2, previous=(t:2, i:36), leaderCommit=32, initializing? false, entries: <empty>
2019-09-10 18:11:03,635 [java.util.concurrent.ThreadPoolExecutor$Worker@1d9b0166[State = -1, empty queue]] WARN  server.GrpcLogAppender (GrpcLogAppender.java:timeoutAppendRequest(200)) - 208154af-b43d-417a-8ba8-8a37a4d1ac9e@group-C08312A7C209->91e32882-d3c6-46ba-a04b-cffc2ba77210-GrpcLogAppender: appendEntries Timeout, request=208154af-b43d-417a-8ba8-8a37a4d1ac9e->91e32882-d3c6-46ba-a04b-cffc2ba77210#151-t2, previous=(t:2, i:36), leaderCommit=32, initializing? false, entries: <empty>
2019-09-10 18:11:03,823 [grpc-default-executor-1] WARN  server.GrpcLogAppender (LogUtils.java:warn(134)) - d8255f37-89f1-48d2-bcda-7654f43e2557@group-2C4B92B15373->8cbcd714-dd76-45fa-910f-f3e67512086a-AppendLogResponseHandler: Failed appendEntries: org.apache.ratis.thirdparty.io.grpc.StatusRuntimeException: UNAVAILABLE: io exception
2019-09-10 18:11:03,823 [grpc-default-executor-1] INFO  impl.FollowerInfo (FollowerInfo.java:lambda$new$0(51)) - d8255f37-89f1-48d2-bcda-7654f43e2557@group-2C4B92B15373->8cbcd714-dd76-45fa-910f-f3e67512086a: nextIndex: updateUnconditionally 0 -> 0
2019-09-10 18:11:03,847 [grpc-default-executor-3] WARN  server.GrpcLogAppender (LogUtils.java:warn(134)) - d8255f37-89f1-48d2-bcda-7654f43e2557@group-2C4B92B15373->49bcc910-1f14-48b7-a318-d2e01e8ffdec-AppendLogResponseHandler: Failed appendEntries: org.apache.ratis.thirdparty.io.grpc.StatusRuntimeException: UNAVAILABLE: io exception
2019-09-10 18:11:03,848 [grpc-default-executor-3] INFO  impl.FollowerInfo (FollowerInfo.java:lambda$new$0(51)) - d8255f37-89f1-48d2-bcda-7654f43e2557@group-2C4B92B15373->49bcc910-1f14-48b7-a318-d2e01e8ffdec: nextIndex: updateUnconditionally 0 -> 0
2019-09-10 18:11:04,051 [java.util.concurrent.ThreadPoolExecutor$Worker@54e454ae[State = -1, empty queue]] WARN  server.GrpcLogAppender (GrpcLogAppender.java:timeoutAppendRequest(200)) - b0fafecf-3418-4e4c-a5e4-e5075743f263@group-73C817937272->2e952fcc-3ad7-4f0e-80e3-0277395d1af8-GrpcLogAppender: appendEntries Timeout, request=b0fafecf-3418-4e4c-a5e4-e5075743f263->2e952fcc-3ad7-4f0e-80e3-0277395d1af8#140-t1, previous=(t:1, i:20), leaderCommit=16, initializing? false, entries: <empty>
2019-09-10 18:11:04,051 [java.util.concurrent.ThreadPoolExecutor$Worker@6bb7c694[State = -1, empty queue]] WARN  server.GrpcLogAppender (GrpcLogAppender.java:timeoutAppendRequest(200)) - b0fafecf-3418-4e4c-a5e4-e5075743f263@group-73C817937272->4faa59b0-972d-4631-8b2b-dceadefbd7cc-GrpcLogAppender: appendEntries Timeout, request=b0fafecf-3418-4e4c-a5e4-e5075743f263->4faa59b0-972d-4631-8b2b-dceadefbd7cc#140-t1, previous=(t:1, i:20), leaderCommit=16, initializing? false, entries: <empty>
2019-09-10 18:11:04,136 [java.util.concurrent.ThreadPoolExecutor$Worker@5f529951[State = -1, empty queue]] WARN  server.GrpcLogAppender (GrpcLogAppender.java:timeoutAppendRequest(200)) - 208154af-b43d-417a-8ba8-8a37a4d1ac9e@group-C08312A7C209->35230fa9-c917-4625-844b-3841de1822d6-GrpcLogAppender: appendEntries Timeout, request=208154af-b43d-417a-8ba8-8a37a4d1ac9e->35230fa9-c917-4625-844b-3841de1822d6#152-t2, previous=(t:2, i:36), leaderCommit=32, initializing? false, entries: <empty>
2019-09-10 18:11:04,136 [java.util.concurrent.ThreadPoolExecutor$Worker@1d9b0166[State = -1, empty queue]] WARN  server.GrpcLogAppender (GrpcLogAppender.java:timeoutAppendRequest(200)) - 208154af-b43d-417a-8ba8-8a37a4d1ac9e@group-C08312A7C209->91e32882-d3c6-46ba-a04b-cffc2ba77210-GrpcLogAppender: appendEntries Timeout, request=208154af-b43d-417a-8ba8-8a37a4d1ac9e->91e32882-d3c6-46ba-a04b-cffc2ba77210#152-t2, previous=(t:2, i:36), leaderCommit=32, initializing? false, entries: <empty>
2019-09-10 18:11:04,324 [grpc-default-executor-0] WARN  server.GrpcLogAppender (LogUtils.java:warn(134)) - d8255f37-89f1-48d2-bcda-7654f43e2557@group-2C4B92B15373->8cbcd714-dd76-45fa-910f-f3e67512086a-AppendLogResponseHandler: Failed appendEntries: org.apache.ratis.thirdparty.io.grpc.StatusRuntimeException: UNAVAILABLE: io exception
2019-09-10 18:11:04,325 [grpc-default-executor-0] INFO  impl.FollowerInfo (FollowerInfo.java:lambda$new$0(51)) - d8255f37-89f1-48d2-bcda-7654f43e2557@group-2C4B92B15373->8cbcd714-dd76-45fa-910f-f3e67512086a: nextIndex: updateUnconditionally 0 -> 0
2019-09-10 18:11:04,348 [grpc-default-executor-0] WARN  server.GrpcLogAppender (LogUtils.java:warn(134)) - d8255f37-89f1-48d2-bcda-7654f43e2557@group-2C4B92B15373->49bcc910-1f14-48b7-a318-d2e01e8ffdec-AppendLogResponseHandler: Failed appendEntries: org.apache.ratis.thirdparty.io.grpc.StatusRuntimeException: UNAVAILABLE: io exception
2019-09-10 18:11:04,349 [grpc-default-executor-0] INFO  impl.FollowerInfo (FollowerInfo.java:lambda$new$0(51)) - d8255f37-89f1-48d2-bcda-7654f43e2557@group-2C4B92B15373->49bcc910-1f14-48b7-a318-d2e01e8ffdec: nextIndex: updateUnconditionally 0 -> 0
2019-09-10 18:11:04,552 [java.util.concurrent.ThreadPoolExecutor$Worker@6bb7c694[State = -1, empty queue]] WARN  server.GrpcLogAppender (GrpcLogAppender.java:timeoutAppendRequest(200)) - b0fafecf-3418-4e4c-a5e4-e5075743f263@group-73C817937272->4faa59b0-972d-4631-8b2b-dceadefbd7cc-GrpcLogAppender: appendEntries Timeout, request=b0fafecf-3418-4e4c-a5e4-e5075743f263->4faa59b0-972d-4631-8b2b-dceadefbd7cc#141-t1, previous=(t:1, i:20), leaderCommit=16, initializing? false, entries: <empty>
2019-09-10 18:11:04,552 [java.util.concurrent.ThreadPoolExecutor$Worker@54e454ae[State = -1, empty queue]] WARN  server.GrpcLogAppender (GrpcLogAppender.java:timeoutAppendRequest(200)) - b0fafecf-3418-4e4c-a5e4-e5075743f263@group-73C817937272->2e952fcc-3ad7-4f0e-80e3-0277395d1af8-GrpcLogAppender: appendEntries Timeout, request=b0fafecf-3418-4e4c-a5e4-e5075743f263->2e952fcc-3ad7-4f0e-80e3-0277395d1af8#141-t1, previous=(t:1, i:20), leaderCommit=16, initializing? false, entries: <empty>
2019-09-10 18:11:04,636 [java.util.concurrent.ThreadPoolExecutor$Worker@1d9b0166[State = -1, empty queue]] WARN  server.GrpcLogAppender (GrpcLogAppender.java:timeoutAppendRequest(200)) - 208154af-b43d-417a-8ba8-8a37a4d1ac9e@group-C08312A7C209->91e32882-d3c6-46ba-a04b-cffc2ba77210-GrpcLogAppender: appendEntries Timeout, request=208154af-b43d-417a-8ba8-8a37a4d1ac9e->91e32882-d3c6-46ba-a04b-cffc2ba77210#153-t2, previous=(t:2, i:36), leaderCommit=32, initializing? false, entries: <empty>
2019-09-10 18:11:04,636 [java.util.concurrent.ThreadPoolExecutor$Worker@5f529951[State = -1, empty queue]] WARN  server.GrpcLogAppender (GrpcLogAppender.java:timeoutAppendRequest(200)) - 208154af-b43d-417a-8ba8-8a37a4d1ac9e@group-C08312A7C209->35230fa9-c917-4625-844b-3841de1822d6-GrpcLogAppender: appendEntries Timeout, request=208154af-b43d-417a-8ba8-8a37a4d1ac9e->35230fa9-c917-4625-844b-3841de1822d6#153-t2, previous=(t:2, i:36), leaderCommit=32, initializing? false, entries: <empty>
2019-09-10 18:11:04,827 [grpc-default-executor-3] WARN  server.GrpcLogAppender (LogUtils.java:warn(134)) - d8255f37-89f1-48d2-bcda-7654f43e2557@group-2C4B92B15373->8cbcd714-dd76-45fa-910f-f3e67512086a-AppendLogResponseHandler: Failed appendEntries: org.apache.ratis.thirdparty.io.grpc.StatusRuntimeException: UNAVAILABLE: io exception
2019-09-10 18:11:04,828 [grpc-default-executor-3] INFO  impl.FollowerInfo (FollowerInfo.java:lambda$new$0(51)) - d8255f37-89f1-48d2-bcda-7654f43e2557@group-2C4B92B15373->8cbcd714-dd76-45fa-910f-f3e67512086a: nextIndex: updateUnconditionally 0 -> 0
2019-09-10 18:11:04,849 [grpc-default-executor-3] WARN  server.GrpcLogAppender (LogUtils.java:warn(134)) - d8255f37-89f1-48d2-bcda-7654f43e2557@group-2C4B92B15373->49bcc910-1f14-48b7-a318-d2e01e8ffdec-AppendLogResponseHandler: Failed appendEntries: org.apache.ratis.thirdparty.io.grpc.StatusRuntimeException: UNAVAILABLE: io exception
2019-09-10 18:11:04,849 [grpc-default-executor-3] INFO  impl.FollowerInfo (FollowerInfo.java:lambda$new$0(51)) - d8255f37-89f1-48d2-bcda-7654f43e2557@group-2C4B92B15373->49bcc910-1f14-48b7-a318-d2e01e8ffdec: nextIndex: updateUnconditionally 0 -> 0
2019-09-10 18:11:05,053 [java.util.concurrent.ThreadPoolExecutor$Worker@54e454ae[State = -1, empty queue]] WARN  server.GrpcLogAppender (GrpcLogAppender.java:timeoutAppendRequest(200)) - b0fafecf-3418-4e4c-a5e4-e5075743f263@group-73C817937272->2e952fcc-3ad7-4f0e-80e3-0277395d1af8-GrpcLogAppender: appendEntries Timeout, request=b0fafecf-3418-4e4c-a5e4-e5075743f263->2e952fcc-3ad7-4f0e-80e3-0277395d1af8#142-t1, previous=(t:1, i:20), leaderCommit=16, initializing? false, entries: <empty>
2019-09-10 18:11:05,053 [java.util.concurrent.ThreadPoolExecutor$Worker@6bb7c694[State = -1, empty queue]] WARN  server.GrpcLogAppender (GrpcLogAppender.java:timeoutAppendRequest(200)) - b0fafecf-3418-4e4c-a5e4-e5075743f263@group-73C817937272->4faa59b0-972d-4631-8b2b-dceadefbd7cc-GrpcLogAppender: appendEntries Timeout, request=b0fafecf-3418-4e4c-a5e4-e5075743f263->4faa59b0-972d-4631-8b2b-dceadefbd7cc#142-t1, previous=(t:1, i:20), leaderCommit=16, initializing? false, entries: <empty>
2019-09-10 18:11:05,136 [java.util.concurrent.ThreadPoolExecutor$Worker@5f529951[State = -1, empty queue]] WARN  server.GrpcLogAppender (GrpcLogAppender.java:timeoutAppendRequest(200)) - 208154af-b43d-417a-8ba8-8a37a4d1ac9e@group-C08312A7C209->35230fa9-c917-4625-844b-3841de1822d6-GrpcLogAppender: appendEntries Timeout, request=208154af-b43d-417a-8ba8-8a37a4d1ac9e->35230fa9-c917-4625-844b-3841de1822d6#154-t2, previous=(t:2, i:36), leaderCommit=32, initializing? false, entries: <empty>
2019-09-10 18:11:05,136 [java.util.concurrent.ThreadPoolExecutor$Worker@1d9b0166[State = -1, empty queue]] WARN  server.GrpcLogAppender (GrpcLogAppender.java:timeoutAppendRequest(200)) - 208154af-b43d-417a-8ba8-8a37a4d1ac9e@group-C08312A7C209->91e32882-d3c6-46ba-a04b-cffc2ba77210-GrpcLogAppender: appendEntries Timeout, request=208154af-b43d-417a-8ba8-8a37a4d1ac9e->91e32882-d3c6-46ba-a04b-cffc2ba77210#154-t2, previous=(t:2, i:36), leaderCommit=32, initializing? false, entries: <empty>
2019-09-10 18:11:05,327 [grpc-default-executor-1] WARN  server.GrpcLogAppender (LogUtils.java:warn(134)) - d8255f37-89f1-48d2-bcda-7654f43e2557@group-2C4B92B15373->8cbcd714-dd76-45fa-910f-f3e67512086a-AppendLogResponseHandler: Failed appendEntries: org.apache.ratis.thirdparty.io.grpc.StatusRuntimeException: UNAVAILABLE: io exception
2019-09-10 18:11:05,327 [grpc-default-executor-1] INFO  impl.FollowerInfo (FollowerInfo.java:lambda$new$0(51)) - d8255f37-89f1-48d2-bcda-7654f43e2557@group-2C4B92B15373->8cbcd714-dd76-45fa-910f-f3e67512086a: nextIndex: updateUnconditionally 0 -> 0
2019-09-10 18:11:05,349 [grpc-default-executor-3] WARN  server.GrpcLogAppender (LogUtils.java:warn(134)) - d8255f37-89f1-48d2-bcda-7654f43e2557@group-2C4B92B15373->49bcc910-1f14-48b7-a318-d2e01e8ffdec-AppendLogResponseHandler: Failed appendEntries: org.apache.ratis.thirdparty.io.grpc.StatusRuntimeException: UNAVAILABLE: io exception
2019-09-10 18:11:05,349 [grpc-default-executor-3] INFO  impl.FollowerInfo (FollowerInfo.java:lambda$new$0(51)) - d8255f37-89f1-48d2-bcda-7654f43e2557@group-2C4B92B15373->49bcc910-1f14-48b7-a318-d2e01e8ffdec: nextIndex: updateUnconditionally 0 -> 0
2019-09-10 18:11:05,553 [java.util.concurrent.ThreadPoolExecutor$Worker@54e454ae[State = -1, empty queue]] WARN  server.GrpcLogAppender (GrpcLogAppender.java:timeoutAppendRequest(200)) - b0fafecf-3418-4e4c-a5e4-e5075743f263@group-73C817937272->2e952fcc-3ad7-4f0e-80e3-0277395d1af8-GrpcLogAppender: appendEntries Timeout, request=b0fafecf-3418-4e4c-a5e4-e5075743f263->2e952fcc-3ad7-4f0e-80e3-0277395d1af8#143-t1, previous=(t:1, i:20), leaderCommit=16, initializing? false, entries: <empty>
2019-09-10 18:11:05,553 [java.util.concurrent.ThreadPoolExecutor$Worker@6bb7c694[State = -1, empty queue]] WARN  server.GrpcLogAppender (GrpcLogAppender.java:timeoutAppendRequest(200)) - b0fafecf-3418-4e4c-a5e4-e5075743f263@group-73C817937272->4faa59b0-972d-4631-8b2b-dceadefbd7cc-GrpcLogAppender: appendEntries Timeout, request=b0fafecf-3418-4e4c-a5e4-e5075743f263->4faa59b0-972d-4631-8b2b-dceadefbd7cc#143-t1, previous=(t:1, i:20), leaderCommit=16, initializing? false, entries: <empty>
2019-09-10 18:11:05,636 [java.util.concurrent.ThreadPoolExecutor$Worker@5f529951[State = -1, empty queue]] WARN  server.GrpcLogAppender (GrpcLogAppender.java:timeoutAppendRequest(200)) - 208154af-b43d-417a-8ba8-8a37a4d1ac9e@group-C08312A7C209->35230fa9-c917-4625-844b-3841de1822d6-GrpcLogAppender: appendEntries Timeout, request=208154af-b43d-417a-8ba8-8a37a4d1ac9e->35230fa9-c917-4625-844b-3841de1822d6#155-t2, previous=(t:2, i:36), leaderCommit=32, initializing? false, entries: <empty>
2019-09-10 18:11:05,637 [java.util.concurrent.ThreadPoolExecutor$Worker@1d9b0166[State = -1, empty queue]] WARN  server.GrpcLogAppender (GrpcLogAppender.java:timeoutAppendRequest(200)) - 208154af-b43d-417a-8ba8-8a37a4d1ac9e@group-C08312A7C209->91e32882-d3c6-46ba-a04b-cffc2ba77210-GrpcLogAppender: appendEntries Timeout, request=208154af-b43d-417a-8ba8-8a37a4d1ac9e->91e32882-d3c6-46ba-a04b-cffc2ba77210#155-t2, previous=(t:2, i:36), leaderCommit=32, initializing? false, entries: <empty>
2019-09-10 18:11:05,827 [grpc-default-executor-0] WARN  server.GrpcLogAppender (LogUtils.java:warn(134)) - d8255f37-89f1-48d2-bcda-7654f43e2557@group-2C4B92B15373->8cbcd714-dd76-45fa-910f-f3e67512086a-AppendLogResponseHandler: Failed appendEntries: org.apache.ratis.thirdparty.io.grpc.StatusRuntimeException: UNAVAILABLE: io exception
2019-09-10 18:11:05,828 [grpc-default-executor-0] INFO  impl.FollowerInfo (FollowerInfo.java:lambda$new$0(51)) - d8255f37-89f1-48d2-bcda-7654f43e2557@group-2C4B92B15373->8cbcd714-dd76-45fa-910f-f3e67512086a: nextIndex: updateUnconditionally 0 -> 0
2019-09-10 18:11:05,850 [grpc-default-executor-3] WARN  server.GrpcLogAppender (LogUtils.java:warn(134)) - d8255f37-89f1-48d2-bcda-7654f43e2557@group-2C4B92B15373->49bcc910-1f14-48b7-a318-d2e01e8ffdec-AppendLogResponseHandler: Failed appendEntries: org.apache.ratis.thirdparty.io.grpc.StatusRuntimeException: UNAVAILABLE: io exception
2019-09-10 18:11:05,850 [grpc-default-executor-3] INFO  impl.FollowerInfo (FollowerInfo.java:lambda$new$0(51)) - d8255f37-89f1-48d2-bcda-7654f43e2557@group-2C4B92B15373->49bcc910-1f14-48b7-a318-d2e01e8ffdec: nextIndex: updateUnconditionally 0 -> 0
2019-09-10 18:11:06,053 [java.util.concurrent.ThreadPoolExecutor$Worker@54e454ae[State = -1, empty queue]] WARN  server.GrpcLogAppender (GrpcLogAppender.java:timeoutAppendRequest(200)) - b0fafecf-3418-4e4c-a5e4-e5075743f263@group-73C817937272->2e952fcc-3ad7-4f0e-80e3-0277395d1af8-GrpcLogAppender: appendEntries Timeout, request=b0fafecf-3418-4e4c-a5e4-e5075743f263->2e952fcc-3ad7-4f0e-80e3-0277395d1af8#144-t1, previous=(t:1, i:20), leaderCommit=16, initializing? false, entries: <empty>
2019-09-10 18:11:06,053 [java.util.concurrent.ThreadPoolExecutor$Worker@6bb7c694[State = -1, empty queue]] WARN  server.GrpcLogAppender (GrpcLogAppender.java:timeoutAppendRequest(200)) - b0fafecf-3418-4e4c-a5e4-e5075743f263@group-73C817937272->4faa59b0-972d-4631-8b2b-dceadefbd7cc-GrpcLogAppender: appendEntries Timeout, request=b0fafecf-3418-4e4c-a5e4-e5075743f263->4faa59b0-972d-4631-8b2b-dceadefbd7cc#144-t1, previous=(t:1, i:20), leaderCommit=16, initializing? false, entries: <empty>
2019-09-10 18:11:06,137 [java.util.concurrent.ThreadPoolExecutor$Worker@5f529951[State = -1, empty queue]] WARN  server.GrpcLogAppender (GrpcLogAppender.java:timeoutAppendRequest(200)) - 208154af-b43d-417a-8ba8-8a37a4d1ac9e@group-C08312A7C209->35230fa9-c917-4625-844b-3841de1822d6-GrpcLogAppender: appendEntries Timeout, request=208154af-b43d-417a-8ba8-8a37a4d1ac9e->35230fa9-c917-4625-844b-3841de1822d6#156-t2, previous=(t:2, i:36), leaderCommit=32, initializing? false, entries: <empty>
2019-09-10 18:11:06,137 [java.util.concurrent.ThreadPoolExecutor$Worker@1d9b0166[State = -1, empty queue]] WARN  server.GrpcLogAppender (GrpcLogAppender.java:timeoutAppendRequest(200)) - 208154af-b43d-417a-8ba8-8a37a4d1ac9e@group-C08312A7C209->91e32882-d3c6-46ba-a04b-cffc2ba77210-GrpcLogAppender: appendEntries Timeout, request=208154af-b43d-417a-8ba8-8a37a4d1ac9e->91e32882-d3c6-46ba-a04b-cffc2ba77210#156-t2, previous=(t:2, i:36), leaderCommit=32, initializing? false, entries: <empty>
2019-09-10 18:11:06,295 [grpc-default-executor-3] INFO  client.GrpcClientProtocolClient (GrpcClientProtocolClient.java:onNext(264)) - client-23B431068EC3->91e32882-d3c6-46ba-a04b-cffc2ba77210: receive RaftClientReply:client-23B431068EC3->91e32882-d3c6-46ba-a04b-cffc2ba77210@group-C08312A7C209, cid=64, FAILED org.apache.ratis.protocol.NotLeaderException: Server 91e32882-d3c6-46ba-a04b-cffc2ba77210@group-C08312A7C209 is not the leader 208154af-b43d-417a-8ba8-8a37a4d1ac9e:192.168.36.113:42355, logIndex=0, commits[91e32882-d3c6-46ba-a04b-cffc2ba77210:c32, 208154af-b43d-417a-8ba8-8a37a4d1ac9e:c32, 35230fa9-c917-4625-844b-3841de1822d6:c30]
2019-09-10 18:11:06,328 [grpc-default-executor-3] WARN  server.GrpcLogAppender (LogUtils.java:warn(134)) - d8255f37-89f1-48d2-bcda-7654f43e2557@group-2C4B92B15373->8cbcd714-dd76-45fa-910f-f3e67512086a-AppendLogResponseHandler: Failed appendEntries: org.apache.ratis.thirdparty.io.grpc.StatusRuntimeException: UNAVAILABLE: io exception
2019-09-10 18:11:06,329 [grpc-default-executor-3] INFO  impl.FollowerInfo (FollowerInfo.java:lambda$new$0(51)) - d8255f37-89f1-48d2-bcda-7654f43e2557@group-2C4B92B15373->8cbcd714-dd76-45fa-910f-f3e67512086a: nextIndex: updateUnconditionally 0 -> 0
2019-09-10 18:11:06,351 [grpc-default-executor-0] WARN  server.GrpcLogAppender (LogUtils.java:warn(134)) - d8255f37-89f1-48d2-bcda-7654f43e2557@group-2C4B92B15373->49bcc910-1f14-48b7-a318-d2e01e8ffdec-AppendLogResponseHandler: Failed appendEntries: org.apache.ratis.thirdparty.io.grpc.StatusRuntimeException: UNAVAILABLE: io exception
2019-09-10 18:11:06,355 [grpc-default-executor-0] INFO  impl.FollowerInfo (FollowerInfo.java:lambda$new$0(51)) - d8255f37-89f1-48d2-bcda-7654f43e2557@group-2C4B92B15373->49bcc910-1f14-48b7-a318-d2e01e8ffdec: nextIndex: updateUnconditionally 0 -> 0
2019-09-10 18:11:06,553 [java.util.concurrent.ThreadPoolExecutor$Worker@6bb7c694[State = -1, empty queue]] WARN  server.GrpcLogAppender (GrpcLogAppender.java:timeoutAppendRequest(200)) - b0fafecf-3418-4e4c-a5e4-e5075743f263@group-73C817937272->4faa59b0-972d-4631-8b2b-dceadefbd7cc-GrpcLogAppender: appendEntries Timeout, request=b0fafecf-3418-4e4c-a5e4-e5075743f263->4faa59b0-972d-4631-8b2b-dceadefbd7cc#145-t1, previous=(t:1, i:20), leaderCommit=16, initializing? false, entries: <empty>
2019-09-10 18:11:06,553 [java.util.concurrent.ThreadPoolExecutor$Worker@54e454ae[State = -1, empty queue]] WARN  server.GrpcLogAppender (GrpcLogAppender.java:timeoutAppendRequest(200)) - b0fafecf-3418-4e4c-a5e4-e5075743f263@group-73C817937272->2e952fcc-3ad7-4f0e-80e3-0277395d1af8-GrpcLogAppender: appendEntries Timeout, request=b0fafecf-3418-4e4c-a5e4-e5075743f263->2e952fcc-3ad7-4f0e-80e3-0277395d1af8#145-t1, previous=(t:1, i:20), leaderCommit=16, initializing? false, entries: <empty>
2019-09-10 18:11:06,637 [java.util.concurrent.ThreadPoolExecutor$Worker@5f529951[State = -1, empty queue]] WARN  server.GrpcLogAppender (GrpcLogAppender.java:timeoutAppendRequest(200)) - 208154af-b43d-417a-8ba8-8a37a4d1ac9e@group-C08312A7C209->35230fa9-c917-4625-844b-3841de1822d6-GrpcLogAppender: appendEntries Timeout, request=208154af-b43d-417a-8ba8-8a37a4d1ac9e->35230fa9-c917-4625-844b-3841de1822d6#157-t2, previous=(t:2, i:36), leaderCommit=32, initializing? false, entries: <empty>
2019-09-10 18:11:06,637 [java.util.concurrent.ThreadPoolExecutor$Worker@1d9b0166[State = -1, empty queue]] WARN  server.GrpcLogAppender (GrpcLogAppender.java:timeoutAppendRequest(200)) - 208154af-b43d-417a-8ba8-8a37a4d1ac9e@group-C08312A7C209->91e32882-d3c6-46ba-a04b-cffc2ba77210-GrpcLogAppender: appendEntries Timeout, request=208154af-b43d-417a-8ba8-8a37a4d1ac9e->91e32882-d3c6-46ba-a04b-cffc2ba77210#157-t2, previous=(t:2, i:36), leaderCommit=32, initializing? false, entries: <empty>
2019-09-10 18:11:06,829 [grpc-default-executor-3] WARN  server.GrpcLogAppender (LogUtils.java:warn(134)) - d8255f37-89f1-48d2-bcda-7654f43e2557@group-2C4B92B15373->8cbcd714-dd76-45fa-910f-f3e67512086a-AppendLogResponseHandler: Failed appendEntries: org.apache.ratis.thirdparty.io.grpc.StatusRuntimeException: UNAVAILABLE: io exception
2019-09-10 18:11:06,830 [grpc-default-executor-3] INFO  impl.FollowerInfo (FollowerInfo.java:lambda$new$0(51)) - d8255f37-89f1-48d2-bcda-7654f43e2557@group-2C4B92B15373->8cbcd714-dd76-45fa-910f-f3e67512086a: nextIndex: updateUnconditionally 0 -> 0
2019-09-10 18:11:06,851 [grpc-default-executor-1] WARN  server.GrpcLogAppender (LogUtils.java:warn(134)) - d8255f37-89f1-48d2-bcda-7654f43e2557@group-2C4B92B15373->49bcc910-1f14-48b7-a318-d2e01e8ffdec-AppendLogResponseHandler: Failed appendEntries: org.apache.ratis.thirdparty.io.grpc.StatusRuntimeException: UNAVAILABLE: io exception
2019-09-10 18:11:06,852 [grpc-default-executor-1] INFO  impl.FollowerInfo (FollowerInfo.java:lambda$new$0(51)) - d8255f37-89f1-48d2-bcda-7654f43e2557@group-2C4B92B15373->49bcc910-1f14-48b7-a318-d2e01e8ffdec: nextIndex: updateUnconditionally 0 -> 0
2019-09-10 18:11:07,003 [b0fafecf-3418-4e4c-a5e4-e5075743f263@group-73C817937272-SegmentedRaftLogWorker] WARN  segmented.SegmentedRaftLogWorker (SegmentedRaftLogWorker.java:getFromFuture(90)) - Timeout 3/~
org.apache.ratis.protocol.TimeoutIOException: Timeout 10s: WriteLog:17: (t:1, i:17), STATEMACHINELOGENTRY, client-79319F45854E, cid=51-writeStateMachineData
	at org.apache.ratis.util.IOUtils.getFromFuture(IOUtils.java:87)
	at org.apache.ratis.server.raftlog.segmented.SegmentedRaftLogWorker$StateMachineDataPolicy.getFromFuture(SegmentedRaftLogWorker.java:87)
	at org.apache.ratis.server.raftlog.segmented.SegmentedRaftLogWorker$WriteLog.execute(SegmentedRaftLogWorker.java:477)
	at org.apache.ratis.server.raftlog.segmented.SegmentedRaftLogWorker.run(SegmentedRaftLogWorker.java:289)
	at java.lang.Thread.run(Thread.java:748)
Caused by: java.util.concurrent.TimeoutException
	at java.util.concurrent.CompletableFuture.timedGet(CompletableFuture.java:1771)
	at java.util.concurrent.CompletableFuture.get(CompletableFuture.java:1915)
	at org.apache.ratis.util.IOUtils.getFromFuture(IOUtils.java:79)
	... 4 more
2019-09-10 18:11:07,007 [4faa59b0-972d-4631-8b2b-dceadefbd7cc@group-73C817937272-SegmentedRaftLogWorker] WARN  segmented.SegmentedRaftLogWorker (SegmentedRaftLogWorker.java:getFromFuture(90)) - Timeout 3/~
org.apache.ratis.protocol.TimeoutIOException: Timeout 10s: WriteLog:17: (t:1, i:17), STATEMACHINELOGENTRY, client-79319F45854E, cid=51-writeStateMachineData
	at org.apache.ratis.util.IOUtils.getFromFuture(IOUtils.java:87)
	at org.apache.ratis.server.raftlog.segmented.SegmentedRaftLogWorker$StateMachineDataPolicy.getFromFuture(SegmentedRaftLogWorker.java:87)
	at org.apache.ratis.server.raftlog.segmented.SegmentedRaftLogWorker$WriteLog.execute(SegmentedRaftLogWorker.java:477)
	at org.apache.ratis.server.raftlog.segmented.SegmentedRaftLogWorker.run(SegmentedRaftLogWorker.java:289)
	at java.lang.Thread.run(Thread.java:748)
Caused by: java.util.concurrent.TimeoutException
	at java.util.concurrent.CompletableFuture.timedGet(CompletableFuture.java:1771)
	at java.util.concurrent.CompletableFuture.get(CompletableFuture.java:1915)
	at org.apache.ratis.util.IOUtils.getFromFuture(IOUtils.java:79)
	... 4 more
2019-09-10 18:11:07,037 [2e952fcc-3ad7-4f0e-80e3-0277395d1af8@group-73C817937272-SegmentedRaftLogWorker] WARN  segmented.SegmentedRaftLogWorker (SegmentedRaftLogWorker.java:getFromFuture(90)) - Timeout 3/~
org.apache.ratis.protocol.TimeoutIOException: Timeout 10s: WriteLog:17: (t:1, i:17), STATEMACHINELOGENTRY, client-79319F45854E, cid=51-writeStateMachineData
	at org.apache.ratis.util.IOUtils.getFromFuture(IOUtils.java:87)
	at org.apache.ratis.server.raftlog.segmented.SegmentedRaftLogWorker$StateMachineDataPolicy.getFromFuture(SegmentedRaftLogWorker.java:87)
	at org.apache.ratis.server.raftlog.segmented.SegmentedRaftLogWorker$WriteLog.execute(SegmentedRaftLogWorker.java:477)
	at org.apache.ratis.server.raftlog.segmented.SegmentedRaftLogWorker.run(SegmentedRaftLogWorker.java:289)
	at java.lang.Thread.run(Thread.java:748)
Caused by: java.util.concurrent.TimeoutException
	at java.util.concurrent.CompletableFuture.timedGet(CompletableFuture.java:1771)
	at java.util.concurrent.CompletableFuture.get(CompletableFuture.java:1915)
	at org.apache.ratis.util.IOUtils.getFromFuture(IOUtils.java:79)
	... 4 more
2019-09-10 18:11:07,053 [java.util.concurrent.ThreadPoolExecutor$Worker@54e454ae[State = -1, empty queue]] WARN  server.GrpcLogAppender (GrpcLogAppender.java:timeoutAppendRequest(200)) - b0fafecf-3418-4e4c-a5e4-e5075743f263@group-73C817937272->2e952fcc-3ad7-4f0e-80e3-0277395d1af8-GrpcLogAppender: appendEntries Timeout, request=b0fafecf-3418-4e4c-a5e4-e5075743f263->2e952fcc-3ad7-4f0e-80e3-0277395d1af8#146-t1, previous=(t:1, i:20), leaderCommit=16, initializing? false, entries: <empty>
2019-09-10 18:11:07,053 [java.util.concurrent.ThreadPoolExecutor$Worker@6bb7c694[State = -1, empty queue]] WARN  server.GrpcLogAppender (GrpcLogAppender.java:timeoutAppendRequest(200)) - b0fafecf-3418-4e4c-a5e4-e5075743f263@group-73C817937272->4faa59b0-972d-4631-8b2b-dceadefbd7cc-GrpcLogAppender: appendEntries Timeout, request=b0fafecf-3418-4e4c-a5e4-e5075743f263->4faa59b0-972d-4631-8b2b-dceadefbd7cc#146-t1, previous=(t:1, i:20), leaderCommit=16, initializing? false, entries: <empty>
2019-09-10 18:11:07,137 [java.util.concurrent.ThreadPoolExecutor$Worker@1d9b0166[State = -1, empty queue]] WARN  server.GrpcLogAppender (GrpcLogAppender.java:timeoutAppendRequest(200)) - 208154af-b43d-417a-8ba8-8a37a4d1ac9e@group-C08312A7C209->91e32882-d3c6-46ba-a04b-cffc2ba77210-GrpcLogAppender: appendEntries Timeout, request=208154af-b43d-417a-8ba8-8a37a4d1ac9e->91e32882-d3c6-46ba-a04b-cffc2ba77210#158-t2, previous=(t:2, i:36), leaderCommit=32, initializing? false, entries: <empty>
2019-09-10 18:11:07,137 [java.util.concurrent.ThreadPoolExecutor$Worker@5f529951[State = -1, empty queue]] WARN  server.GrpcLogAppender (GrpcLogAppender.java:timeoutAppendRequest(200)) - 208154af-b43d-417a-8ba8-8a37a4d1ac9e@group-C08312A7C209->35230fa9-c917-4625-844b-3841de1822d6-GrpcLogAppender: appendEntries Timeout, request=208154af-b43d-417a-8ba8-8a37a4d1ac9e->35230fa9-c917-4625-844b-3841de1822d6#158-t2, previous=(t:2, i:36), leaderCommit=32, initializing? false, entries: <empty>
2019-09-10 18:11:07,330 [grpc-default-executor-3] WARN  server.GrpcLogAppender (LogUtils.java:warn(134)) - d8255f37-89f1-48d2-bcda-7654f43e2557@group-2C4B92B15373->8cbcd714-dd76-45fa-910f-f3e67512086a-AppendLogResponseHandler: Failed appendEntries: org.apache.ratis.thirdparty.io.grpc.StatusRuntimeException: UNAVAILABLE: io exception
2019-09-10 18:11:07,331 [grpc-default-executor-3] INFO  impl.FollowerInfo (FollowerInfo.java:lambda$new$0(51)) - d8255f37-89f1-48d2-bcda-7654f43e2557@group-2C4B92B15373->8cbcd714-dd76-45fa-910f-f3e67512086a: nextIndex: updateUnconditionally 0 -> 0
2019-09-10 18:11:07,352 [grpc-default-executor-1] WARN  server.GrpcLogAppender (LogUtils.java:warn(134)) - d8255f37-89f1-48d2-bcda-7654f43e2557@group-2C4B92B15373->49bcc910-1f14-48b7-a318-d2e01e8ffdec-AppendLogResponseHandler: Failed appendEntries: org.apache.ratis.thirdparty.io.grpc.StatusRuntimeException: UNAVAILABLE: io exception
2019-09-10 18:11:07,353 [grpc-default-executor-1] INFO  impl.FollowerInfo (FollowerInfo.java:lambda$new$0(51)) - d8255f37-89f1-48d2-bcda-7654f43e2557@group-2C4B92B15373->49bcc910-1f14-48b7-a318-d2e01e8ffdec: nextIndex: updateUnconditionally 0 -> 0
2019-09-10 18:11:07,554 [java.util.concurrent.ThreadPoolExecutor$Worker@54e454ae[State = -1, empty queue]] WARN  server.GrpcLogAppender (GrpcLogAppender.java:timeoutAppendRequest(200)) - b0fafecf-3418-4e4c-a5e4-e5075743f263@group-73C817937272->2e952fcc-3ad7-4f0e-80e3-0277395d1af8-GrpcLogAppender: appendEntries Timeout, request=b0fafecf-3418-4e4c-a5e4-e5075743f263->2e952fcc-3ad7-4f0e-80e3-0277395d1af8#147-t1, previous=(t:1, i:20), leaderCommit=16, initializing? false, entries: <empty>
2019-09-10 18:11:07,554 [java.util.concurrent.ThreadPoolExecutor$Worker@6bb7c694[State = -1, empty queue]] WARN  server.GrpcLogAppender (GrpcLogAppender.java:timeoutAppendRequest(200)) - b0fafecf-3418-4e4c-a5e4-e5075743f263@group-73C817937272->4faa59b0-972d-4631-8b2b-dceadefbd7cc-GrpcLogAppender: appendEntries Timeout, request=b0fafecf-3418-4e4c-a5e4-e5075743f263->4faa59b0-972d-4631-8b2b-dceadefbd7cc#147-t1, previous=(t:1, i:20), leaderCommit=16, initializing? false, entries: <empty>
2019-09-10 18:11:07,638 [java.util.concurrent.ThreadPoolExecutor$Worker@5f529951[State = -1, empty queue]] WARN  server.GrpcLogAppender (GrpcLogAppender.java:timeoutAppendRequest(200)) - 208154af-b43d-417a-8ba8-8a37a4d1ac9e@group-C08312A7C209->35230fa9-c917-4625-844b-3841de1822d6-GrpcLogAppender: appendEntries Timeout, request=208154af-b43d-417a-8ba8-8a37a4d1ac9e->35230fa9-c917-4625-844b-3841de1822d6#159-t2, previous=(t:2, i:36), leaderCommit=32, initializing? false, entries: <empty>
2019-09-10 18:11:07,638 [java.util.concurrent.ThreadPoolExecutor$Worker@1d9b0166[State = -1, empty queue]] WARN  server.GrpcLogAppender (GrpcLogAppender.java:timeoutAppendRequest(200)) - 208154af-b43d-417a-8ba8-8a37a4d1ac9e@group-C08312A7C209->91e32882-d3c6-46ba-a04b-cffc2ba77210-GrpcLogAppender: appendEntries Timeout, request=208154af-b43d-417a-8ba8-8a37a4d1ac9e->91e32882-d3c6-46ba-a04b-cffc2ba77210#159-t2, previous=(t:2, i:36), leaderCommit=32, initializing? false, entries: <empty>
2019-09-10 18:11:07,831 [grpc-default-executor-0] WARN  server.GrpcLogAppender (LogUtils.java:warn(134)) - d8255f37-89f1-48d2-bcda-7654f43e2557@group-2C4B92B15373->8cbcd714-dd76-45fa-910f-f3e67512086a-AppendLogResponseHandler: Failed appendEntries: org.apache.ratis.thirdparty.io.grpc.StatusRuntimeException: UNAVAILABLE: io exception
2019-09-10 18:11:07,831 [grpc-default-executor-0] INFO  impl.FollowerInfo (FollowerInfo.java:lambda$new$0(51)) - d8255f37-89f1-48d2-bcda-7654f43e2557@group-2C4B92B15373->8cbcd714-dd76-45fa-910f-f3e67512086a: nextIndex: updateUnconditionally 0 -> 0
2019-09-10 18:11:07,852 [grpc-default-executor-3] WARN  server.GrpcLogAppender (LogUtils.java:warn(134)) - d8255f37-89f1-48d2-bcda-7654f43e2557@group-2C4B92B15373->49bcc910-1f14-48b7-a318-d2e01e8ffdec-AppendLogResponseHandler: Failed appendEntries: org.apache.ratis.thirdparty.io.grpc.StatusRuntimeException: UNAVAILABLE: io exception
2019-09-10 18:11:07,853 [grpc-default-executor-3] INFO  impl.FollowerInfo (FollowerInfo.java:lambda$new$0(51)) - d8255f37-89f1-48d2-bcda-7654f43e2557@group-2C4B92B15373->49bcc910-1f14-48b7-a318-d2e01e8ffdec: nextIndex: updateUnconditionally 0 -> 0
2019-09-10 18:11:08,054 [java.util.concurrent.ThreadPoolExecutor$Worker@54e454ae[State = -1, empty queue]] WARN  server.GrpcLogAppender (GrpcLogAppender.java:timeoutAppendRequest(200)) - b0fafecf-3418-4e4c-a5e4-e5075743f263@group-73C817937272->2e952fcc-3ad7-4f0e-80e3-0277395d1af8-GrpcLogAppender: appendEntries Timeout, request=b0fafecf-3418-4e4c-a5e4-e5075743f263->2e952fcc-3ad7-4f0e-80e3-0277395d1af8#148-t1, previous=(t:1, i:20), leaderCommit=16, initializing? false, entries: <empty>
2019-09-10 18:11:08,054 [java.util.concurrent.ThreadPoolExecutor$Worker@6bb7c694[State = -1, empty queue]] WARN  server.GrpcLogAppender (GrpcLogAppender.java:timeoutAppendRequest(200)) - b0fafecf-3418-4e4c-a5e4-e5075743f263@group-73C817937272->4faa59b0-972d-4631-8b2b-dceadefbd7cc-GrpcLogAppender: appendEntries Timeout, request=b0fafecf-3418-4e4c-a5e4-e5075743f263->4faa59b0-972d-4631-8b2b-dceadefbd7cc#148-t1, previous=(t:1, i:20), leaderCommit=16, initializing? false, entries: <empty>
2019-09-10 18:11:08,138 [java.util.concurrent.ThreadPoolExecutor$Worker@5f529951[State = -1, empty queue]] WARN  server.GrpcLogAppender (GrpcLogAppender.java:timeoutAppendRequest(200)) - 208154af-b43d-417a-8ba8-8a37a4d1ac9e@group-C08312A7C209->35230fa9-c917-4625-844b-3841de1822d6-GrpcLogAppender: appendEntries Timeout, request=208154af-b43d-417a-8ba8-8a37a4d1ac9e->35230fa9-c917-4625-844b-3841de1822d6#160-t2, previous=(t:2, i:36), leaderCommit=32, initializing? false, entries: <empty>
2019-09-10 18:11:08,138 [java.util.concurrent.ThreadPoolExecutor$Worker@1d9b0166[State = -1, empty queue]] WARN  server.GrpcLogAppender (GrpcLogAppender.java:timeoutAppendRequest(200)) - 208154af-b43d-417a-8ba8-8a37a4d1ac9e@group-C08312A7C209->91e32882-d3c6-46ba-a04b-cffc2ba77210-GrpcLogAppender: appendEntries Timeout, request=208154af-b43d-417a-8ba8-8a37a4d1ac9e->91e32882-d3c6-46ba-a04b-cffc2ba77210#160-t2, previous=(t:2, i:36), leaderCommit=32, initializing? false, entries: <empty>
2019-09-10 18:11:08,332 [grpc-default-executor-3] WARN  server.GrpcLogAppender (LogUtils.java:warn(134)) - d8255f37-89f1-48d2-bcda-7654f43e2557@group-2C4B92B15373->8cbcd714-dd76-45fa-910f-f3e67512086a-AppendLogResponseHandler: Failed appendEntries: org.apache.ratis.thirdparty.io.grpc.StatusRuntimeException: UNAVAILABLE: io exception
2019-09-10 18:11:08,332 [grpc-default-executor-3] INFO  impl.FollowerInfo (FollowerInfo.java:lambda$new$0(51)) - d8255f37-89f1-48d2-bcda-7654f43e2557@group-2C4B92B15373->8cbcd714-dd76-45fa-910f-f3e67512086a: nextIndex: updateUnconditionally 0 -> 0
2019-09-10 18:11:08,354 [grpc-default-executor-1] WARN  server.GrpcLogAppender (LogUtils.java:warn(134)) - d8255f37-89f1-48d2-bcda-7654f43e2557@group-2C4B92B15373->49bcc910-1f14-48b7-a318-d2e01e8ffdec-AppendLogResponseHandler: Failed appendEntries: org.apache.ratis.thirdparty.io.grpc.StatusRuntimeException: UNAVAILABLE: io exception
2019-09-10 18:11:08,354 [grpc-default-executor-1] INFO  impl.FollowerInfo (FollowerInfo.java:lambda$new$0(51)) - d8255f37-89f1-48d2-bcda-7654f43e2557@group-2C4B92B15373->49bcc910-1f14-48b7-a318-d2e01e8ffdec: nextIndex: updateUnconditionally 0 -> 0
2019-09-10 18:11:08,554 [java.util.concurrent.ThreadPoolExecutor$Worker@54e454ae[State = -1, empty queue]] WARN  server.GrpcLogAppender (GrpcLogAppender.java:timeoutAppendRequest(200)) - b0fafecf-3418-4e4c-a5e4-e5075743f263@group-73C817937272->2e952fcc-3ad7-4f0e-80e3-0277395d1af8-GrpcLogAppender: appendEntries Timeout, request=b0fafecf-3418-4e4c-a5e4-e5075743f263->2e952fcc-3ad7-4f0e-80e3-0277395d1af8#149-t1, previous=(t:1, i:20), leaderCommit=16, initializing? false, entries: <empty>
2019-09-10 18:11:08,554 [java.util.concurrent.ThreadPoolExecutor$Worker@6bb7c694[State = -1, empty queue]] WARN  server.GrpcLogAppender (GrpcLogAppender.java:timeoutAppendRequest(200)) - b0fafecf-3418-4e4c-a5e4-e5075743f263@group-73C817937272->4faa59b0-972d-4631-8b2b-dceadefbd7cc-GrpcLogAppender: appendEntries Timeout, request=b0fafecf-3418-4e4c-a5e4-e5075743f263->4faa59b0-972d-4631-8b2b-dceadefbd7cc#149-t1, previous=(t:1, i:20), leaderCommit=16, initializing? false, entries: <empty>
2019-09-10 18:11:08,638 [java.util.concurrent.ThreadPoolExecutor$Worker@5f529951[State = -1, empty queue]] WARN  server.GrpcLogAppender (GrpcLogAppender.java:timeoutAppendRequest(200)) - 208154af-b43d-417a-8ba8-8a37a4d1ac9e@group-C08312A7C209->35230fa9-c917-4625-844b-3841de1822d6-GrpcLogAppender: appendEntries Timeout, request=208154af-b43d-417a-8ba8-8a37a4d1ac9e->35230fa9-c917-4625-844b-3841de1822d6#161-t2, previous=(t:2, i:36), leaderCommit=32, initializing? false, entries: <empty>
2019-09-10 18:11:08,638 [java.util.concurrent.ThreadPoolExecutor$Worker@1d9b0166[State = -1, empty queue]] WARN  server.GrpcLogAppender (GrpcLogAppender.java:timeoutAppendRequest(200)) - 208154af-b43d-417a-8ba8-8a37a4d1ac9e@group-C08312A7C209->91e32882-d3c6-46ba-a04b-cffc2ba77210-GrpcLogAppender: appendEntries Timeout, request=208154af-b43d-417a-8ba8-8a37a4d1ac9e->91e32882-d3c6-46ba-a04b-cffc2ba77210#161-t2, previous=(t:2, i:36), leaderCommit=32, initializing? false, entries: <empty>
2019-09-10 18:11:08,833 [grpc-default-executor-0] WARN  server.GrpcLogAppender (LogUtils.java:warn(134)) - d8255f37-89f1-48d2-bcda-7654f43e2557@group-2C4B92B15373->8cbcd714-dd76-45fa-910f-f3e67512086a-AppendLogResponseHandler: Failed appendEntries: org.apache.ratis.thirdparty.io.grpc.StatusRuntimeException: UNAVAILABLE: io exception
2019-09-10 18:11:08,833 [grpc-default-executor-0] INFO  impl.FollowerInfo (FollowerInfo.java:lambda$new$0(51)) - d8255f37-89f1-48d2-bcda-7654f43e2557@group-2C4B92B15373->8cbcd714-dd76-45fa-910f-f3e67512086a: nextIndex: updateUnconditionally 0 -> 0
2019-09-10 18:11:08,854 [grpc-default-executor-3] WARN  server.GrpcLogAppender (LogUtils.java:warn(134)) - d8255f37-89f1-48d2-bcda-7654f43e2557@group-2C4B92B15373->49bcc910-1f14-48b7-a318-d2e01e8ffdec-AppendLogResponseHandler: Failed appendEntries: org.apache.ratis.thirdparty.io.grpc.StatusRuntimeException: UNAVAILABLE: io exception
2019-09-10 18:11:08,855 [grpc-default-executor-3] INFO  impl.FollowerInfo (FollowerInfo.java:lambda$new$0(51)) - d8255f37-89f1-48d2-bcda-7654f43e2557@group-2C4B92B15373->49bcc910-1f14-48b7-a318-d2e01e8ffdec: nextIndex: updateUnconditionally 0 -> 0
2019-09-10 18:11:09,055 [java.util.concurrent.ThreadPoolExecutor$Worker@6bb7c694[State = -1, empty queue]] WARN  server.GrpcLogAppender (GrpcLogAppender.java:timeoutAppendRequest(200)) - b0fafecf-3418-4e4c-a5e4-e5075743f263@group-73C817937272->4faa59b0-972d-4631-8b2b-dceadefbd7cc-GrpcLogAppender: appendEntries Timeout, request=b0fafecf-3418-4e4c-a5e4-e5075743f263->4faa59b0-972d-4631-8b2b-dceadefbd7cc#150-t1, previous=(t:1, i:20), leaderCommit=16, initializing? false, entries: <empty>
2019-09-10 18:11:09,055 [java.util.concurrent.ThreadPoolExecutor$Worker@54e454ae[State = -1, empty queue]] WARN  server.GrpcLogAppender (GrpcLogAppender.java:timeoutAppendRequest(200)) - b0fafecf-3418-4e4c-a5e4-e5075743f263@group-73C817937272->2e952fcc-3ad7-4f0e-80e3-0277395d1af8-GrpcLogAppender: appendEntries Timeout, request=b0fafecf-3418-4e4c-a5e4-e5075743f263->2e952fcc-3ad7-4f0e-80e3-0277395d1af8#150-t1, previous=(t:1, i:20), leaderCommit=16, initializing? false, entries: <empty>
2019-09-10 18:11:09,138 [java.util.concurrent.ThreadPoolExecutor$Worker@5f529951[State = -1, empty queue]] WARN  server.GrpcLogAppender (GrpcLogAppender.java:timeoutAppendRequest(200)) - 208154af-b43d-417a-8ba8-8a37a4d1ac9e@group-C08312A7C209->35230fa9-c917-4625-844b-3841de1822d6-GrpcLogAppender: appendEntries Timeout, request=208154af-b43d-417a-8ba8-8a37a4d1ac9e->35230fa9-c917-4625-844b-3841de1822d6#162-t2, previous=(t:2, i:36), leaderCommit=32, initializing? false, entries: <empty>
2019-09-10 18:11:09,138 [java.util.concurrent.ThreadPoolExecutor$Worker@1d9b0166[State = -1, empty queue]] WARN  server.GrpcLogAppender (GrpcLogAppender.java:timeoutAppendRequest(200)) - 208154af-b43d-417a-8ba8-8a37a4d1ac9e@group-C08312A7C209->91e32882-d3c6-46ba-a04b-cffc2ba77210-GrpcLogAppender: appendEntries Timeout, request=208154af-b43d-417a-8ba8-8a37a4d1ac9e->91e32882-d3c6-46ba-a04b-cffc2ba77210#162-t2, previous=(t:2, i:36), leaderCommit=32, initializing? false, entries: <empty>
2019-09-10 18:11:09,321 [main] WARN  io.KeyOutputStream (KeyOutputStream.java:handleException(276)) - Encountered exception java.io.IOException: Unexpected Storage Container Exception: java.util.concurrent.CompletionException: java.util.concurrent.CompletionException: org.apache.ratis.protocol.RaftRetryFailureException: Failed RaftClientRequest:client-23B431068EC3->208154af-b43d-417a-8ba8-8a37a4d1ac9e@group-C08312A7C209, cid=64, seq=9*, RW, org.apache.hadoop.hdds.scm.XceiverClientRatis$$Lambda$419/1444500451@5144630f for 10 attempts with RetryLimited(maxAttempts=10, sleepTime=1000ms) on the pipeline Pipeline[ Id: fc3a16e9-2f63-4db1-ad0a-c08312a7c209, Nodes: 208154af-b43d-417a-8ba8-8a37a4d1ac9e{ip: 192.168.36.113, host: pr-hdds-1982-decom-states-gjzbw-1854142291, networkLocation: /default-rack, certSerialId: null}35230fa9-c917-4625-844b-3841de1822d6{ip: 192.168.36.113, host: pr-hdds-1982-decom-states-gjzbw-1854142291, networkLocation: /default-rack, certSerialId: null}91e32882-d3c6-46ba-a04b-cffc2ba77210{ip: 192.168.36.113, host: pr-hdds-1982-decom-states-gjzbw-1854142291, networkLocation: /default-rack, certSerialId: null}, Type:RATIS, Factor:THREE, State:OPEN]. The last committed block length is 0, uncommitted data length is 2097152 retry count 0
2019-09-10 18:11:09,345 [grpc-default-executor-0] WARN  server.GrpcLogAppender (LogUtils.java:warn(134)) - d8255f37-89f1-48d2-bcda-7654f43e2557@group-2C4B92B15373->8cbcd714-dd76-45fa-910f-f3e67512086a-AppendLogResponseHandler: Failed appendEntries: org.apache.ratis.thirdparty.io.grpc.StatusRuntimeException: UNAVAILABLE: io exception
2019-09-10 18:11:09,346 [grpc-default-executor-0] INFO  impl.FollowerInfo (FollowerInfo.java:lambda$new$0(51)) - d8255f37-89f1-48d2-bcda-7654f43e2557@group-2C4B92B15373->8cbcd714-dd76-45fa-910f-f3e67512086a: nextIndex: updateUnconditionally 0 -> 0
2019-09-10 18:11:09,357 [IPC Server handler 17 on 46785] WARN  block.BlockManagerImpl (BlockManagerImpl.java:allocateBlock(192)) - Pipeline creation failed for type:RATIS factor:THREE. Retrying get pipelines call once.
org.apache.hadoop.hdds.scm.pipeline.InsufficientDatanodesException: Cannot create pipeline of factor 3 using 1 nodes.
	at org.apache.hadoop.hdds.scm.pipeline.RatisPipelineProvider.create(RatisPipelineProvider.java:152)
	at org.apache.hadoop.hdds.scm.pipeline.PipelineFactory.create(PipelineFactory.java:57)
	at org.apache.hadoop.hdds.scm.pipeline.SCMPipelineManager.createPipeline(SCMPipelineManager.java:151)
	at org.apache.hadoop.hdds.scm.block.BlockManagerImpl.allocateBlock(BlockManagerImpl.java:190)
	at org.apache.hadoop.hdds.scm.server.SCMBlockProtocolServer.allocateBlock(SCMBlockProtocolServer.java:182)
	at org.apache.hadoop.ozone.protocolPB.ScmBlockLocationProtocolServerSideTranslatorPB.allocateScmBlock(ScmBlockLocationProtocolServerSideTranslatorPB.java:183)
	at org.apache.hadoop.ozone.protocolPB.ScmBlockLocationProtocolServerSideTranslatorPB.processMessage(ScmBlockLocationProtocolServerSideTranslatorPB.java:141)
	at org.apache.hadoop.ozone.protocolPB.ScmBlockLocationProtocolServerSideTranslatorPB.send(ScmBlockLocationProtocolServerSideTranslatorPB.java:116)
	at org.apache.hadoop.hdds.protocol.proto.ScmBlockLocationProtocolProtos$ScmBlockLocationProtocolService$2.callBlockingMethod(ScmBlockLocationProtocolProtos.java:13157)
	at org.apache.hadoop.ipc.ProtobufRpcEngine$Server$ProtoBufRpcInvoker.call(ProtobufRpcEngine.java:524)
	at org.apache.hadoop.ipc.RPC$Server.call(RPC.java:1025)
	at org.apache.hadoop.ipc.Server$RpcCall.run(Server.java:876)
	at org.apache.hadoop.ipc.Server$RpcCall.run(Server.java:822)
	at java.security.AccessController.doPrivileged(Native Method)
	at javax.security.auth.Subject.doAs(Subject.java:422)
	at org.apache.hadoop.security.UserGroupInformation.doAs(UserGroupInformation.java:1730)
	at org.apache.hadoop.ipc.Server$Handler.run(Server.java:2682)
2019-09-10 18:11:09,375 [grpc-default-executor-3] WARN  server.GrpcLogAppender (LogUtils.java:warn(134)) - d8255f37-89f1-48d2-bcda-7654f43e2557@group-2C4B92B15373->49bcc910-1f14-48b7-a318-d2e01e8ffdec-AppendLogResponseHandler: Failed appendEntries: org.apache.ratis.thirdparty.io.grpc.StatusRuntimeException: UNAVAILABLE: io exception
2019-09-10 18:11:09,375 [IPC Server handler 17 on 46785] INFO  block.BlockManagerImpl (BlockManagerImpl.java:allocateBlock(198)) - Could not find available pipeline of type:RATIS and factor:THREE even after retrying
2019-09-10 18:11:09,375 [IPC Server handler 17 on 46785] ERROR block.BlockManagerImpl (BlockManagerImpl.java:allocateBlock(222)) - Unable to allocate a block for the size: 4194304, type: RATIS, factor: THREE
2019-09-10 18:11:09,376 [grpc-default-executor-3] INFO  impl.FollowerInfo (FollowerInfo.java:lambda$new$0(51)) - d8255f37-89f1-48d2-bcda-7654f43e2557@group-2C4B92B15373->49bcc910-1f14-48b7-a318-d2e01e8ffdec: nextIndex: updateUnconditionally 0 -> 0
2019-09-10 18:11:09,381 [main] ERROR io.BlockOutputStreamEntryPool (BlockOutputStreamEntryPool.java:allocateBlockIfNeeded(299)) - Try to allocate more blocks for write failed, already allocated 0 blocks for this write.
INTERNAL_ERROR org.apache.hadoop.ozone.om.exceptions.OMException: Allocated 0 blocks. Requested 1 blocks
	at org.apache.hadoop.ozone.om.protocolPB.OzoneManagerProtocolClientSideTranslatorPB.handleError(OzoneManagerProtocolClientSideTranslatorPB.java:725)
	at org.apache.hadoop.ozone.om.protocolPB.OzoneManagerProtocolClientSideTranslatorPB.allocateBlock(OzoneManagerProtocolClientSideTranslatorPB.java:757)
	at org.apache.hadoop.ozone.client.io.BlockOutputStreamEntryPool.allocateNewBlock(BlockOutputStreamEntryPool.java:248)
	at org.apache.hadoop.ozone.client.io.BlockOutputStreamEntryPool.allocateBlockIfNeeded(BlockOutputStreamEntryPool.java:296)
	at org.apache.hadoop.ozone.client.io.KeyOutputStream.handleWrite(KeyOutputStream.java:201)
	at org.apache.hadoop.ozone.client.io.KeyOutputStream.handleRetry(KeyOutputStream.java:376)
	at org.apache.hadoop.ozone.client.io.KeyOutputStream.handleException(KeyOutputStream.java:325)
	at org.apache.hadoop.ozone.client.io.KeyOutputStream.handleWrite(KeyOutputStream.java:231)
	at org.apache.hadoop.ozone.client.io.KeyOutputStream.write(KeyOutputStream.java:193)
	at org.apache.hadoop.ozone.client.io.OzoneOutputStream.write(OzoneOutputStream.java:49)
	at java.io.OutputStream.write(OutputStream.java:75)
	at org.apache.hadoop.ozone.client.rpc.TestMultiBlockWritesWithDnFailures.testMultiBlockWritesWithIntermittentDnFailures(TestMultiBlockWritesWithDnFailures.java:196)
	at sun.reflect.NativeMethodAccessorImpl.invoke0(Native Method)
	at sun.reflect.NativeMethodAccessorImpl.invoke(NativeMethodAccessorImpl.java:62)
	at sun.reflect.DelegatingMethodAccessorImpl.invoke(DelegatingMethodAccessorImpl.java:43)
	at java.lang.reflect.Method.invoke(Method.java:498)
	at org.junit.runners.model.FrameworkMethod$1.runReflectiveCall(FrameworkMethod.java:47)
	at org.junit.internal.runners.model.ReflectiveCallable.run(ReflectiveCallable.java:12)
	at org.junit.runners.model.FrameworkMethod.invokeExplosively(FrameworkMethod.java:44)
	at org.junit.internal.runners.statements.InvokeMethod.evaluate(InvokeMethod.java:17)
	at org.junit.internal.runners.statements.RunAfters.evaluate(RunAfters.java:27)
	at org.junit.runners.ParentRunner.runLeaf(ParentRunner.java:271)
	at org.junit.runners.BlockJUnit4ClassRunner.runChild(BlockJUnit4ClassRunner.java:70)
	at org.junit.runners.BlockJUnit4ClassRunner.runChild(BlockJUnit4ClassRunner.java:50)
	at org.junit.runners.ParentRunner$3.run(ParentRunner.java:238)
	at org.junit.runners.ParentRunner$1.schedule(ParentRunner.java:63)
	at org.junit.runners.ParentRunner.runChildren(ParentRunner.java:236)
	at org.junit.runners.ParentRunner.access$000(ParentRunner.java:53)
	at org.junit.runners.ParentRunner$2.evaluate(ParentRunner.java:229)
	at org.junit.runners.ParentRunner.run(ParentRunner.java:309)
	at org.apache.maven.surefire.junit4.JUnit4Provider.execute(JUnit4Provider.java:365)
	at org.apache.maven.surefire.junit4.JUnit4Provider.executeWithRerun(JUnit4Provider.java:273)
	at org.apache.maven.surefire.junit4.JUnit4Provider.executeTestSet(JUnit4Provider.java:238)
	at org.apache.maven.surefire.junit4.JUnit4Provider.invoke(JUnit4Provider.java:159)
	at org.apache.maven.surefire.booter.ForkedBooter.invokeProviderInSameClassLoader(ForkedBooter.java:384)
	at org.apache.maven.surefire.booter.ForkedBooter.runSuitesInProcess(ForkedBooter.java:345)
	at org.apache.maven.surefire.booter.ForkedBooter.execute(ForkedBooter.java:126)
	at org.apache.maven.surefire.booter.ForkedBooter.main(ForkedBooter.java:418)
2019-09-10 18:11:09,383 [main] INFO  ozone.MiniOzoneClusterImpl (MiniOzoneClusterImpl.java:shutdown(307)) - Shutting down the Mini Ozone Cluster
2019-09-10 18:11:09,384 [main] INFO  ozone.MiniOzoneClusterImpl (MiniOzoneClusterImpl.java:stop(322)) - Stopping the Mini Ozone Cluster
2019-09-10 18:11:09,384 [main] INFO  ozone.MiniOzoneClusterImpl (MiniOzoneClusterImpl.java:stop(324)) - Stopping the OzoneManager
2019-09-10 18:11:09,385 [main] INFO  ipc.Server (Server.java:stop(3082)) - Stopping server on 44518
2019-09-10 18:11:09,391 [IPC Server listener on 44518] INFO  ipc.Server (Server.java:run(1185)) - Stopping IPC Server listener on 44518
2019-09-10 18:11:09,394 [main] INFO  ratis.OzoneManagerDoubleBuffer (OzoneManagerDoubleBuffer.java:stop(248)) - Stopping OMDoubleBuffer flush thread
2019-09-10 18:11:09,396 [IPC Server Responder] INFO  ipc.Server (Server.java:run(1319)) - Stopping IPC Server Responder
2019-09-10 18:11:09,402 [OMDoubleBufferFlushThread] INFO  ratis.OzoneManagerDoubleBuffer (OzoneManagerDoubleBuffer.java:flushTransactions(191)) - OMDoubleBuffer flush thread OMDoubleBufferFlushThread is interrupted and will exit. OMDoubleBufferFlushThread
2019-09-10 18:11:09,414 [main] INFO  utils.BackgroundService (BackgroundService.java:shutdown(148)) - Shutting down service KeyDeletingService
2019-09-10 18:11:09,427 [main] INFO  handler.ContextHandler (ContextHandler.java:doStop(910)) - Stopped o.e.j.w.WebAppContext@1cbb3d3b{/,null,UNAVAILABLE}{/ozoneManager}
2019-09-10 18:11:09,428 [main] INFO  server.AbstractConnector (AbstractConnector.java:doStop(318)) - Stopped ServerConnector@529cfee5{HTTP/1.1,[http/1.1]}{0.0.0.0:0}
2019-09-10 18:11:09,429 [main] INFO  handler.ContextHandler (ContextHandler.java:doStop(910)) - Stopped o.e.j.s.ServletContextHandler@629f066f{/static,file:///workdir/hadoop-ozone/integration-test/target/test-classes/webapps/static,UNAVAILABLE}
2019-09-10 18:11:09,429 [main] INFO  handler.ContextHandler (ContextHandler.java:doStop(910)) - Stopped o.e.j.s.ServletContextHandler@5cf8edcf{/logs,file:///workdir/hadoop-ozone/integration-test/target/log,UNAVAILABLE}
2019-09-10 18:11:09,434 [main] INFO  ozone.MiniOzoneClusterImpl (MiniOzoneClusterImpl.java:stop(330)) - Shutting the HddsDatanodes
2019-09-10 18:11:09,555 [java.util.concurrent.ThreadPoolExecutor$Worker@54e454ae[State = -1, empty queue]] WARN  server.GrpcLogAppender (GrpcLogAppender.java:timeoutAppendRequest(200)) - b0fafecf-3418-4e4c-a5e4-e5075743f263@group-73C817937272->2e952fcc-3ad7-4f0e-80e3-0277395d1af8-GrpcLogAppender: appendEntries Timeout, request=b0fafecf-3418-4e4c-a5e4-e5075743f263->2e952fcc-3ad7-4f0e-80e3-0277395d1af8#151-t1, previous=(t:1, i:20), leaderCommit=16, initializing? false, entries: <empty>
2019-09-10 18:11:09,555 [java.util.concurrent.ThreadPoolExecutor$Worker@6bb7c694[State = -1, empty queue]] WARN  server.GrpcLogAppender (GrpcLogAppender.java:timeoutAppendRequest(200)) - b0fafecf-3418-4e4c-a5e4-e5075743f263@group-73C817937272->4faa59b0-972d-4631-8b2b-dceadefbd7cc-GrpcLogAppender: appendEntries Timeout, request=b0fafecf-3418-4e4c-a5e4-e5075743f263->4faa59b0-972d-4631-8b2b-dceadefbd7cc#151-t1, previous=(t:1, i:20), leaderCommit=16, initializing? false, entries: <empty>
2019-09-10 18:11:09,639 [java.util.concurrent.ThreadPoolExecutor$Worker@1d9b0166[State = -1, empty queue]] WARN  server.GrpcLogAppender (GrpcLogAppender.java:timeoutAppendRequest(200)) - 208154af-b43d-417a-8ba8-8a37a4d1ac9e@group-C08312A7C209->91e32882-d3c6-46ba-a04b-cffc2ba77210-GrpcLogAppender: appendEntries Timeout, request=208154af-b43d-417a-8ba8-8a37a4d1ac9e->91e32882-d3c6-46ba-a04b-cffc2ba77210#163-t2, previous=(t:2, i:36), leaderCommit=32, initializing? false, entries: <empty>
2019-09-10 18:11:09,639 [java.util.concurrent.ThreadPoolExecutor$Worker@5f529951[State = -1, empty queue]] WARN  server.GrpcLogAppender (GrpcLogAppender.java:timeoutAppendRequest(200)) - 208154af-b43d-417a-8ba8-8a37a4d1ac9e@group-C08312A7C209->35230fa9-c917-4625-844b-3841de1822d6-GrpcLogAppender: appendEntries Timeout, request=208154af-b43d-417a-8ba8-8a37a4d1ac9e->35230fa9-c917-4625-844b-3841de1822d6#163-t2, previous=(t:2, i:36), leaderCommit=32, initializing? false, entries: <empty>
2019-09-10 18:11:09,835 [grpc-default-executor-1] WARN  server.GrpcLogAppender (LogUtils.java:warn(134)) - d8255f37-89f1-48d2-bcda-7654f43e2557@group-2C4B92B15373->8cbcd714-dd76-45fa-910f-f3e67512086a-AppendLogResponseHandler: Failed appendEntries: org.apache.ratis.thirdparty.io.grpc.StatusRuntimeException: UNAVAILABLE: io exception
2019-09-10 18:11:09,836 [grpc-default-executor-1] INFO  impl.FollowerInfo (FollowerInfo.java:lambda$new$0(51)) - d8255f37-89f1-48d2-bcda-7654f43e2557@group-2C4B92B15373->8cbcd714-dd76-45fa-910f-f3e67512086a: nextIndex: updateUnconditionally 0 -> 0
2019-09-10 18:11:09,859 [grpc-default-executor-0] WARN  server.GrpcLogAppender (LogUtils.java:warn(134)) - d8255f37-89f1-48d2-bcda-7654f43e2557@group-2C4B92B15373->49bcc910-1f14-48b7-a318-d2e01e8ffdec-AppendLogResponseHandler: Failed appendEntries: org.apache.ratis.thirdparty.io.grpc.StatusRuntimeException: UNAVAILABLE: io exception
2019-09-10 18:11:09,859 [grpc-default-executor-0] INFO  impl.FollowerInfo (FollowerInfo.java:lambda$new$0(51)) - d8255f37-89f1-48d2-bcda-7654f43e2557@group-2C4B92B15373->49bcc910-1f14-48b7-a318-d2e01e8ffdec: nextIndex: updateUnconditionally 0 -> 0
2019-09-10 18:11:10,055 [java.util.concurrent.ThreadPoolExecutor$Worker@54e454ae[State = -1, empty queue]] WARN  server.GrpcLogAppender (GrpcLogAppender.java:timeoutAppendRequest(200)) - b0fafecf-3418-4e4c-a5e4-e5075743f263@group-73C817937272->2e952fcc-3ad7-4f0e-80e3-0277395d1af8-GrpcLogAppender: appendEntries Timeout, request=b0fafecf-3418-4e4c-a5e4-e5075743f263->2e952fcc-3ad7-4f0e-80e3-0277395d1af8#152-t1, previous=(t:1, i:20), leaderCommit=16, initializing? false, entries: <empty>
2019-09-10 18:11:10,055 [java.util.concurrent.ThreadPoolExecutor$Worker@6bb7c694[State = -1, empty queue]] WARN  server.GrpcLogAppender (GrpcLogAppender.java:timeoutAppendRequest(200)) - b0fafecf-3418-4e4c-a5e4-e5075743f263@group-73C817937272->4faa59b0-972d-4631-8b2b-dceadefbd7cc-GrpcLogAppender: appendEntries Timeout, request=b0fafecf-3418-4e4c-a5e4-e5075743f263->4faa59b0-972d-4631-8b2b-dceadefbd7cc#152-t1, previous=(t:1, i:20), leaderCommit=16, initializing? false, entries: <empty>
2019-09-10 18:11:10,139 [java.util.concurrent.ThreadPoolExecutor$Worker@5f529951[State = -1, empty queue]] WARN  server.GrpcLogAppender (GrpcLogAppender.java:timeoutAppendRequest(200)) - 208154af-b43d-417a-8ba8-8a37a4d1ac9e@group-C08312A7C209->35230fa9-c917-4625-844b-3841de1822d6-GrpcLogAppender: appendEntries Timeout, request=208154af-b43d-417a-8ba8-8a37a4d1ac9e->35230fa9-c917-4625-844b-3841de1822d6#164-t2, previous=(t:2, i:36), leaderCommit=32, initializing? false, entries: <empty>
2019-09-10 18:11:10,139 [java.util.concurrent.ThreadPoolExecutor$Worker@1d9b0166[State = -1, empty queue]] WARN  server.GrpcLogAppender (GrpcLogAppender.java:timeoutAppendRequest(200)) - 208154af-b43d-417a-8ba8-8a37a4d1ac9e@group-C08312A7C209->91e32882-d3c6-46ba-a04b-cffc2ba77210-GrpcLogAppender: appendEntries Timeout, request=208154af-b43d-417a-8ba8-8a37a4d1ac9e->91e32882-d3c6-46ba-a04b-cffc2ba77210#164-t2, previous=(t:2, i:36), leaderCommit=32, initializing? false, entries: <empty>
2019-09-10 18:11:10,269 [Datanode State Machine Thread - 0] INFO  statemachine.DatanodeStateMachine (DatanodeStateMachine.java:lambda$startDaemon$0(350)) - Ozone container server started.
2019-09-10 18:11:10,336 [grpc-default-executor-1] WARN  server.GrpcLogAppender (LogUtils.java:warn(134)) - d8255f37-89f1-48d2-bcda-7654f43e2557@group-2C4B92B15373->8cbcd714-dd76-45fa-910f-f3e67512086a-AppendLogResponseHandler: Failed appendEntries: org.apache.ratis.thirdparty.io.grpc.StatusRuntimeException: UNAVAILABLE: io exception
2019-09-10 18:11:10,336 [grpc-default-executor-1] INFO  impl.FollowerInfo (FollowerInfo.java:lambda$new$0(51)) - d8255f37-89f1-48d2-bcda-7654f43e2557@group-2C4B92B15373->8cbcd714-dd76-45fa-910f-f3e67512086a: nextIndex: updateUnconditionally 0 -> 0
2019-09-10 18:11:10,359 [grpc-default-executor-0] WARN  server.GrpcLogAppender (LogUtils.java:warn(134)) - d8255f37-89f1-48d2-bcda-7654f43e2557@group-2C4B92B15373->49bcc910-1f14-48b7-a318-d2e01e8ffdec-AppendLogResponseHandler: Failed appendEntries: org.apache.ratis.thirdparty.io.grpc.StatusRuntimeException: UNAVAILABLE: io exception
2019-09-10 18:11:10,360 [grpc-default-executor-0] INFO  impl.FollowerInfo (FollowerInfo.java:lambda$new$0(51)) - d8255f37-89f1-48d2-bcda-7654f43e2557@group-2C4B92B15373->49bcc910-1f14-48b7-a318-d2e01e8ffdec: nextIndex: updateUnconditionally 0 -> 0
2019-09-10 18:11:10,365 [Datanode State Machine Thread - 0] INFO  statemachine.DatanodeStateMachine (DatanodeStateMachine.java:lambda$startDaemon$0(350)) - Ozone container server started.
2019-09-10 18:11:10,556 [java.util.concurrent.ThreadPoolExecutor$Worker@54e454ae[State = -1, empty queue]] WARN  server.GrpcLogAppender (GrpcLogAppender.java:timeoutAppendRequest(200)) - b0fafecf-3418-4e4c-a5e4-e5075743f263@group-73C817937272->2e952fcc-3ad7-4f0e-80e3-0277395d1af8-GrpcLogAppender: appendEntries Timeout, request=b0fafecf-3418-4e4c-a5e4-e5075743f263->2e952fcc-3ad7-4f0e-80e3-0277395d1af8#153-t1, previous=(t:1, i:20), leaderCommit=16, initializing? false, entries: <empty>
2019-09-10 18:11:10,556 [java.util.concurrent.ThreadPoolExecutor$Worker@6bb7c694[State = -1, empty queue]] WARN  server.GrpcLogAppender (GrpcLogAppender.java:timeoutAppendRequest(200)) - b0fafecf-3418-4e4c-a5e4-e5075743f263@group-73C817937272->4faa59b0-972d-4631-8b2b-dceadefbd7cc-GrpcLogAppender: appendEntries Timeout, request=b0fafecf-3418-4e4c-a5e4-e5075743f263->4faa59b0-972d-4631-8b2b-dceadefbd7cc#153-t1, previous=(t:1, i:20), leaderCommit=16, initializing? false, entries: <empty>
2019-09-10 18:11:10,639 [java.util.concurrent.ThreadPoolExecutor$Worker@5f529951[State = -1, empty queue]] WARN  server.GrpcLogAppender (GrpcLogAppender.java:timeoutAppendRequest(200)) - 208154af-b43d-417a-8ba8-8a37a4d1ac9e@group-C08312A7C209->35230fa9-c917-4625-844b-3841de1822d6-GrpcLogAppender: appendEntries Timeout, request=208154af-b43d-417a-8ba8-8a37a4d1ac9e->35230fa9-c917-4625-844b-3841de1822d6#165-t2, previous=(t:2, i:36), leaderCommit=32, initializing? false, entries: <empty>
2019-09-10 18:11:10,639 [java.util.concurrent.ThreadPoolExecutor$Worker@1d9b0166[State = -1, empty queue]] WARN  server.GrpcLogAppender (GrpcLogAppender.java:timeoutAppendRequest(200)) - 208154af-b43d-417a-8ba8-8a37a4d1ac9e@group-C08312A7C209->91e32882-d3c6-46ba-a04b-cffc2ba77210-GrpcLogAppender: appendEntries Timeout, request=208154af-b43d-417a-8ba8-8a37a4d1ac9e->91e32882-d3c6-46ba-a04b-cffc2ba77210#165-t2, previous=(t:2, i:36), leaderCommit=32, initializing? false, entries: <empty>
2019-09-10 18:11:10,837 [grpc-default-executor-3] WARN  server.GrpcLogAppender (LogUtils.java:warn(134)) - d8255f37-89f1-48d2-bcda-7654f43e2557@group-2C4B92B15373->8cbcd714-dd76-45fa-910f-f3e67512086a-AppendLogResponseHandler: Failed appendEntries: org.apache.ratis.thirdparty.io.grpc.StatusRuntimeException: UNAVAILABLE: io exception
2019-09-10 18:11:10,838 [grpc-default-executor-3] INFO  impl.FollowerInfo (FollowerInfo.java:lambda$new$0(51)) - d8255f37-89f1-48d2-bcda-7654f43e2557@group-2C4B92B15373->8cbcd714-dd76-45fa-910f-f3e67512086a: nextIndex: updateUnconditionally 0 -> 0
2019-09-10 18:11:10,861 [grpc-default-executor-1] WARN  server.GrpcLogAppender (LogUtils.java:warn(134)) - d8255f37-89f1-48d2-bcda-7654f43e2557@group-2C4B92B15373->49bcc910-1f14-48b7-a318-d2e01e8ffdec-AppendLogResponseHandler: Failed appendEntries: org.apache.ratis.thirdparty.io.grpc.StatusRuntimeException: UNAVAILABLE: io exception
2019-09-10 18:11:10,861 [grpc-default-executor-1] INFO  impl.FollowerInfo (FollowerInfo.java:lambda$new$0(51)) - d8255f37-89f1-48d2-bcda-7654f43e2557@group-2C4B92B15373->49bcc910-1f14-48b7-a318-d2e01e8ffdec: nextIndex: updateUnconditionally 0 -> 0
2019-09-10 18:11:11,056 [java.util.concurrent.ThreadPoolExecutor$Worker@6bb7c694[State = -1, empty queue]] WARN  server.GrpcLogAppender (GrpcLogAppender.java:timeoutAppendRequest(200)) - b0fafecf-3418-4e4c-a5e4-e5075743f263@group-73C817937272->4faa59b0-972d-4631-8b2b-dceadefbd7cc-GrpcLogAppender: appendEntries Timeout, request=b0fafecf-3418-4e4c-a5e4-e5075743f263->4faa59b0-972d-4631-8b2b-dceadefbd7cc#154-t1, previous=(t:1, i:20), leaderCommit=16, initializing? false, entries: <empty>
2019-09-10 18:11:11,056 [java.util.concurrent.ThreadPoolExecutor$Worker@54e454ae[State = -1, empty queue]] WARN  server.GrpcLogAppender (GrpcLogAppender.java:timeoutAppendRequest(200)) - b0fafecf-3418-4e4c-a5e4-e5075743f263@group-73C817937272->2e952fcc-3ad7-4f0e-80e3-0277395d1af8-GrpcLogAppender: appendEntries Timeout, request=b0fafecf-3418-4e4c-a5e4-e5075743f263->2e952fcc-3ad7-4f0e-80e3-0277395d1af8#154-t1, previous=(t:1, i:20), leaderCommit=16, initializing? false, entries: <empty>
2019-09-10 18:11:11,131 [91e32882-d3c6-46ba-a04b-cffc2ba77210@group-C08312A7C209-SegmentedRaftLogWorker] WARN  segmented.SegmentedRaftLogWorker (SegmentedRaftLogWorker.java:getFromFuture(90)) - Timeout 1/~
org.apache.ratis.protocol.TimeoutIOException: Timeout 10s: WriteLog:33: (t:2, i:33), STATEMACHINELOGENTRY, client-23B431068EC3, cid=64-writeStateMachineData
	at org.apache.ratis.util.IOUtils.getFromFuture(IOUtils.java:87)
	at org.apache.ratis.server.raftlog.segmented.SegmentedRaftLogWorker$StateMachineDataPolicy.getFromFuture(SegmentedRaftLogWorker.java:87)
	at org.apache.ratis.server.raftlog.segmented.SegmentedRaftLogWorker$WriteLog.execute(SegmentedRaftLogWorker.java:477)
	at org.apache.ratis.server.raftlog.segmented.SegmentedRaftLogWorker.run(SegmentedRaftLogWorker.java:289)
	at java.lang.Thread.run(Thread.java:748)
Caused by: java.util.concurrent.TimeoutException
	at java.util.concurrent.CompletableFuture.timedGet(CompletableFuture.java:1771)
	at java.util.concurrent.CompletableFuture.get(CompletableFuture.java:1915)
	at org.apache.ratis.util.IOUtils.getFromFuture(IOUtils.java:79)
	... 4 more
2019-09-10 18:11:11,139 [java.util.concurrent.ThreadPoolExecutor$Worker@5f529951[State = -1, empty queue]] WARN  server.GrpcLogAppender (GrpcLogAppender.java:timeoutAppendRequest(200)) - 208154af-b43d-417a-8ba8-8a37a4d1ac9e@group-C08312A7C209->35230fa9-c917-4625-844b-3841de1822d6-GrpcLogAppender: appendEntries Timeout, request=208154af-b43d-417a-8ba8-8a37a4d1ac9e->35230fa9-c917-4625-844b-3841de1822d6#166-t2, previous=(t:2, i:36), leaderCommit=32, initializing? false, entries: <empty>
2019-09-10 18:11:11,139 [java.util.concurrent.ThreadPoolExecutor$Worker@1d9b0166[State = -1, empty queue]] WARN  server.GrpcLogAppender (GrpcLogAppender.java:timeoutAppendRequest(200)) - 208154af-b43d-417a-8ba8-8a37a4d1ac9e@group-C08312A7C209->91e32882-d3c6-46ba-a04b-cffc2ba77210-GrpcLogAppender: appendEntries Timeout, request=208154af-b43d-417a-8ba8-8a37a4d1ac9e->91e32882-d3c6-46ba-a04b-cffc2ba77210#166-t2, previous=(t:2, i:36), leaderCommit=32, initializing? false, entries: <empty>
2019-09-10 18:11:11,338 [grpc-default-executor-0] WARN  server.GrpcLogAppender (LogUtils.java:warn(134)) - d8255f37-89f1-48d2-bcda-7654f43e2557@group-2C4B92B15373->8cbcd714-dd76-45fa-910f-f3e67512086a-AppendLogResponseHandler: Failed appendEntries: org.apache.ratis.thirdparty.io.grpc.StatusRuntimeException: UNAVAILABLE: io exception
2019-09-10 18:11:11,339 [grpc-default-executor-0] INFO  impl.FollowerInfo (FollowerInfo.java:lambda$new$0(51)) - d8255f37-89f1-48d2-bcda-7654f43e2557@group-2C4B92B15373->8cbcd714-dd76-45fa-910f-f3e67512086a: nextIndex: updateUnconditionally 0 -> 0
2019-09-10 18:11:11,360 [grpc-default-executor-3] WARN  server.GrpcLogAppender (LogUtils.java:warn(134)) - d8255f37-89f1-48d2-bcda-7654f43e2557@group-2C4B92B15373->49bcc910-1f14-48b7-a318-d2e01e8ffdec-AppendLogResponseHandler: Failed appendEntries: org.apache.ratis.thirdparty.io.grpc.StatusRuntimeException: UNAVAILABLE: io exception
2019-09-10 18:11:11,361 [grpc-default-executor-3] INFO  impl.FollowerInfo (FollowerInfo.java:lambda$new$0(51)) - d8255f37-89f1-48d2-bcda-7654f43e2557@group-2C4B92B15373->49bcc910-1f14-48b7-a318-d2e01e8ffdec: nextIndex: updateUnconditionally 0 -> 0
2019-09-10 18:11:11,366 [208154af-b43d-417a-8ba8-8a37a4d1ac9e@group-C08312A7C209-SegmentedRaftLogWorker] WARN  segmented.SegmentedRaftLogWorker (SegmentedRaftLogWorker.java:getFromFuture(90)) - Timeout 1/~
org.apache.ratis.protocol.TimeoutIOException: Timeout 10s: WriteLog:35: (t:2, i:35), STATEMACHINELOGENTRY, client-23B431068EC3, cid=66-writeStateMachineData
	at org.apache.ratis.util.IOUtils.getFromFuture(IOUtils.java:87)
	at org.apache.ratis.server.raftlog.segmented.SegmentedRaftLogWorker$StateMachineDataPolicy.getFromFuture(SegmentedRaftLogWorker.java:87)
	at org.apache.ratis.server.raftlog.segmented.SegmentedRaftLogWorker$WriteLog.execute(SegmentedRaftLogWorker.java:477)
	at org.apache.ratis.server.raftlog.segmented.SegmentedRaftLogWorker.run(SegmentedRaftLogWorker.java:289)
	at java.lang.Thread.run(Thread.java:748)
Caused by: java.util.concurrent.TimeoutException
	at java.util.concurrent.CompletableFuture.timedGet(CompletableFuture.java:1771)
	at java.util.concurrent.CompletableFuture.get(CompletableFuture.java:1915)
	at org.apache.ratis.util.IOUtils.getFromFuture(IOUtils.java:79)
	... 4 more
2019-09-10 18:11:11,367 [35230fa9-c917-4625-844b-3841de1822d6@group-C08312A7C209-SegmentedRaftLogWorker] WARN  segmented.SegmentedRaftLogWorker (SegmentedRaftLogWorker.java:getFromFuture(90)) - Timeout 1/~
org.apache.ratis.protocol.TimeoutIOException: Timeout 10s: WriteLog:35: (t:2, i:35), STATEMACHINELOGENTRY, client-23B431068EC3, cid=66-writeStateMachineData
	at org.apache.ratis.util.IOUtils.getFromFuture(IOUtils.java:87)
	at org.apache.ratis.server.raftlog.segmented.SegmentedRaftLogWorker$StateMachineDataPolicy.getFromFuture(SegmentedRaftLogWorker.java:87)
	at org.apache.ratis.server.raftlog.segmented.SegmentedRaftLogWorker$WriteLog.execute(SegmentedRaftLogWorker.java:477)
	at org.apache.ratis.server.raftlog.segmented.SegmentedRaftLogWorker.run(SegmentedRaftLogWorker.java:289)
	at java.lang.Thread.run(Thread.java:748)
Caused by: java.util.concurrent.TimeoutException
	at java.util.concurrent.CompletableFuture.timedGet(CompletableFuture.java:1771)
	at java.util.concurrent.CompletableFuture.get(CompletableFuture.java:1915)
	at org.apache.ratis.util.IOUtils.getFromFuture(IOUtils.java:79)
	... 4 more
2019-09-10 18:11:11,556 [java.util.concurrent.ThreadPoolExecutor$Worker@54e454ae[State = -1, empty queue]] WARN  server.GrpcLogAppender (GrpcLogAppender.java:timeoutAppendRequest(200)) - b0fafecf-3418-4e4c-a5e4-e5075743f263@group-73C817937272->2e952fcc-3ad7-4f0e-80e3-0277395d1af8-GrpcLogAppender: appendEntries Timeout, request=b0fafecf-3418-4e4c-a5e4-e5075743f263->2e952fcc-3ad7-4f0e-80e3-0277395d1af8#155-t1, previous=(t:1, i:20), leaderCommit=16, initializing? false, entries: <empty>
2019-09-10 18:11:11,556 [java.util.concurrent.ThreadPoolExecutor$Worker@6bb7c694[State = -1, empty queue]] WARN  server.GrpcLogAppender (GrpcLogAppender.java:timeoutAppendRequest(200)) - b0fafecf-3418-4e4c-a5e4-e5075743f263@group-73C817937272->4faa59b0-972d-4631-8b2b-dceadefbd7cc-GrpcLogAppender: appendEntries Timeout, request=b0fafecf-3418-4e4c-a5e4-e5075743f263->4faa59b0-972d-4631-8b2b-dceadefbd7cc#155-t1, previous=(t:1, i:20), leaderCommit=16, initializing? false, entries: <empty>
2019-09-10 18:11:11,640 [java.util.concurrent.ThreadPoolExecutor$Worker@1d9b0166[State = -1, empty queue]] WARN  server.GrpcLogAppender (GrpcLogAppender.java:timeoutAppendRequest(200)) - 208154af-b43d-417a-8ba8-8a37a4d1ac9e@group-C08312A7C209->91e32882-d3c6-46ba-a04b-cffc2ba77210-GrpcLogAppender: appendEntries Timeout, request=208154af-b43d-417a-8ba8-8a37a4d1ac9e->91e32882-d3c6-46ba-a04b-cffc2ba77210#167-t2, previous=(t:2, i:36), leaderCommit=32, initializing? false, entries: <empty>
2019-09-10 18:11:11,640 [java.util.concurrent.ThreadPoolExecutor$Worker@5f529951[State = -1, empty queue]] WARN  server.GrpcLogAppender (GrpcLogAppender.java:timeoutAppendRequest(200)) - 208154af-b43d-417a-8ba8-8a37a4d1ac9e@group-C08312A7C209->35230fa9-c917-4625-844b-3841de1822d6-GrpcLogAppender: appendEntries Timeout, request=208154af-b43d-417a-8ba8-8a37a4d1ac9e->35230fa9-c917-4625-844b-3841de1822d6#167-t2, previous=(t:2, i:36), leaderCommit=32, initializing? false, entries: <empty>
2019-09-10 18:11:11,842 [grpc-default-executor-3] WARN  server.GrpcLogAppender (LogUtils.java:warn(134)) - d8255f37-89f1-48d2-bcda-7654f43e2557@group-2C4B92B15373->8cbcd714-dd76-45fa-910f-f3e67512086a-AppendLogResponseHandler: Failed appendEntries: org.apache.ratis.thirdparty.io.grpc.StatusRuntimeException: UNAVAILABLE: io exception
2019-09-10 18:11:11,843 [grpc-default-executor-3] INFO  impl.FollowerInfo (FollowerInfo.java:lambda$new$0(51)) - d8255f37-89f1-48d2-bcda-7654f43e2557@group-2C4B92B15373->8cbcd714-dd76-45fa-910f-f3e67512086a: nextIndex: updateUnconditionally 0 -> 0
2019-09-10 18:11:11,861 [grpc-default-executor-1] WARN  server.GrpcLogAppender (LogUtils.java:warn(134)) - d8255f37-89f1-48d2-bcda-7654f43e2557@group-2C4B92B15373->49bcc910-1f14-48b7-a318-d2e01e8ffdec-AppendLogResponseHandler: Failed appendEntries: org.apache.ratis.thirdparty.io.grpc.StatusRuntimeException: UNAVAILABLE: io exception
2019-09-10 18:11:11,861 [grpc-default-executor-1] INFO  impl.FollowerInfo (FollowerInfo.java:lambda$new$0(51)) - d8255f37-89f1-48d2-bcda-7654f43e2557@group-2C4B92B15373->49bcc910-1f14-48b7-a318-d2e01e8ffdec: nextIndex: updateUnconditionally 0 -> 0
2019-09-10 18:11:12,056 [java.util.concurrent.ThreadPoolExecutor$Worker@6bb7c694[State = -1, empty queue]] WARN  server.GrpcLogAppender (GrpcLogAppender.java:timeoutAppendRequest(200)) - b0fafecf-3418-4e4c-a5e4-e5075743f263@group-73C817937272->4faa59b0-972d-4631-8b2b-dceadefbd7cc-GrpcLogAppender: appendEntries Timeout, request=b0fafecf-3418-4e4c-a5e4-e5075743f263->4faa59b0-972d-4631-8b2b-dceadefbd7cc#156-t1, previous=(t:1, i:20), leaderCommit=16, initializing? false, entries: <empty>
2019-09-10 18:11:12,056 [java.util.concurrent.ThreadPoolExecutor$Worker@54e454ae[State = -1, empty queue]] WARN  server.GrpcLogAppender (GrpcLogAppender.java:timeoutAppendRequest(200)) - b0fafecf-3418-4e4c-a5e4-e5075743f263@group-73C817937272->2e952fcc-3ad7-4f0e-80e3-0277395d1af8-GrpcLogAppender: appendEntries Timeout, request=b0fafecf-3418-4e4c-a5e4-e5075743f263->2e952fcc-3ad7-4f0e-80e3-0277395d1af8#156-t1, previous=(t:1, i:20), leaderCommit=16, initializing? false, entries: <empty>
2019-09-10 18:11:12,143 [java.util.concurrent.ThreadPoolExecutor$Worker@5f529951[State = -1, empty queue]] WARN  server.GrpcLogAppender (GrpcLogAppender.java:timeoutAppendRequest(200)) - 208154af-b43d-417a-8ba8-8a37a4d1ac9e@group-C08312A7C209->35230fa9-c917-4625-844b-3841de1822d6-GrpcLogAppender: appendEntries Timeout, request=208154af-b43d-417a-8ba8-8a37a4d1ac9e->35230fa9-c917-4625-844b-3841de1822d6#168-t2, previous=(t:2, i:36), leaderCommit=32, initializing? false, entries: <empty>
2019-09-10 18:11:12,143 [java.util.concurrent.ThreadPoolExecutor$Worker@1d9b0166[State = -1, empty queue]] WARN  server.GrpcLogAppender (GrpcLogAppender.java:timeoutAppendRequest(200)) - 208154af-b43d-417a-8ba8-8a37a4d1ac9e@group-C08312A7C209->91e32882-d3c6-46ba-a04b-cffc2ba77210-GrpcLogAppender: appendEntries Timeout, request=208154af-b43d-417a-8ba8-8a37a4d1ac9e->91e32882-d3c6-46ba-a04b-cffc2ba77210#168-t2, previous=(t:2, i:36), leaderCommit=32, initializing? false, entries: <empty>
2019-09-10 18:11:12,191 [d8255f37-89f1-48d2-bcda-7654f43e2557@group-2C4B92B15373-SegmentedRaftLogWorker] WARN  segmented.SegmentedRaftLogWorker (SegmentedRaftLogWorker.java:getFromFuture(90)) - Timeout 6/~
org.apache.ratis.protocol.TimeoutIOException: Timeout 10s: WriteLog:19: (t:1, i:19), STATEMACHINELOGENTRY, client-11D19FBEF510, cid=30-writeStateMachineData
	at org.apache.ratis.util.IOUtils.getFromFuture(IOUtils.java:87)
	at org.apache.ratis.server.raftlog.segmented.SegmentedRaftLogWorker$StateMachineDataPolicy.getFromFuture(SegmentedRaftLogWorker.java:87)
	at org.apache.ratis.server.raftlog.segmented.SegmentedRaftLogWorker$WriteLog.execute(SegmentedRaftLogWorker.java:477)
	at org.apache.ratis.server.raftlog.segmented.SegmentedRaftLogWorker.run(SegmentedRaftLogWorker.java:289)
	at java.lang.Thread.run(Thread.java:748)
Caused by: java.util.concurrent.TimeoutException
	at java.util.concurrent.CompletableFuture.timedGet(CompletableFuture.java:1771)
	at java.util.concurrent.CompletableFuture.get(CompletableFuture.java:1915)
	at org.apache.ratis.util.IOUtils.getFromFuture(IOUtils.java:79)
	... 4 more
2019-09-10 18:11:12,343 [grpc-default-executor-0] WARN  server.GrpcLogAppender (LogUtils.java:warn(134)) - d8255f37-89f1-48d2-bcda-7654f43e2557@group-2C4B92B15373->8cbcd714-dd76-45fa-910f-f3e67512086a-AppendLogResponseHandler: Failed appendEntries: org.apache.ratis.thirdparty.io.grpc.StatusRuntimeException: UNAVAILABLE: io exception
2019-09-10 18:11:12,343 [grpc-default-executor-0] INFO  impl.FollowerInfo (FollowerInfo.java:lambda$new$0(51)) - d8255f37-89f1-48d2-bcda-7654f43e2557@group-2C4B92B15373->8cbcd714-dd76-45fa-910f-f3e67512086a: nextIndex: updateUnconditionally 0 -> 0
2019-09-10 18:11:12,362 [grpc-default-executor-3] WARN  server.GrpcLogAppender (LogUtils.java:warn(134)) - d8255f37-89f1-48d2-bcda-7654f43e2557@group-2C4B92B15373->49bcc910-1f14-48b7-a318-d2e01e8ffdec-AppendLogResponseHandler: Failed appendEntries: org.apache.ratis.thirdparty.io.grpc.StatusRuntimeException: UNAVAILABLE: io exception
2019-09-10 18:11:12,362 [grpc-default-executor-3] INFO  impl.FollowerInfo (FollowerInfo.java:lambda$new$0(51)) - d8255f37-89f1-48d2-bcda-7654f43e2557@group-2C4B92B15373->49bcc910-1f14-48b7-a318-d2e01e8ffdec: nextIndex: updateUnconditionally 0 -> 0
2019-09-10 18:11:12,557 [java.util.concurrent.ThreadPoolExecutor$Worker@6bb7c694[State = -1, empty queue]] WARN  server.GrpcLogAppender (GrpcLogAppender.java:timeoutAppendRequest(200)) - b0fafecf-3418-4e4c-a5e4-e5075743f263@group-73C817937272->4faa59b0-972d-4631-8b2b-dceadefbd7cc-GrpcLogAppender: appendEntries Timeout, request=b0fafecf-3418-4e4c-a5e4-e5075743f263->4faa59b0-972d-4631-8b2b-dceadefbd7cc#157-t1, previous=(t:1, i:20), leaderCommit=16, initializing? false, entries: <empty>
2019-09-10 18:11:12,557 [java.util.concurrent.ThreadPoolExecutor$Worker@54e454ae[State = -1, empty queue]] WARN  server.GrpcLogAppender (GrpcLogAppender.java:timeoutAppendRequest(200)) - b0fafecf-3418-4e4c-a5e4-e5075743f263@group-73C817937272->2e952fcc-3ad7-4f0e-80e3-0277395d1af8-GrpcLogAppender: appendEntries Timeout, request=b0fafecf-3418-4e4c-a5e4-e5075743f263->2e952fcc-3ad7-4f0e-80e3-0277395d1af8#157-t1, previous=(t:1, i:20), leaderCommit=16, initializing? false, entries: <empty>
2019-09-10 18:11:12,640 [java.util.concurrent.ThreadPoolExecutor$Worker@5f529951[State = -1, empty queue]] WARN  server.GrpcLogAppender (GrpcLogAppender.java:timeoutAppendRequest(200)) - 208154af-b43d-417a-8ba8-8a37a4d1ac9e@group-C08312A7C209->35230fa9-c917-4625-844b-3841de1822d6-GrpcLogAppender: appendEntries Timeout, request=208154af-b43d-417a-8ba8-8a37a4d1ac9e->35230fa9-c917-4625-844b-3841de1822d6#169-t2, previous=(t:2, i:36), leaderCommit=32, initializing? false, entries: <empty>
2019-09-10 18:11:12,640 [java.util.concurrent.ThreadPoolExecutor$Worker@1d9b0166[State = -1, empty queue]] WARN  server.GrpcLogAppender (GrpcLogAppender.java:timeoutAppendRequest(200)) - 208154af-b43d-417a-8ba8-8a37a4d1ac9e@group-C08312A7C209->91e32882-d3c6-46ba-a04b-cffc2ba77210-GrpcLogAppender: appendEntries Timeout, request=208154af-b43d-417a-8ba8-8a37a4d1ac9e->91e32882-d3c6-46ba-a04b-cffc2ba77210#169-t2, previous=(t:2, i:36), leaderCommit=32, initializing? false, entries: <empty>
2019-09-10 18:11:12,845 [grpc-default-executor-1] WARN  server.GrpcLogAppender (LogUtils.java:warn(134)) - d8255f37-89f1-48d2-bcda-7654f43e2557@group-2C4B92B15373->8cbcd714-dd76-45fa-910f-f3e67512086a-AppendLogResponseHandler: Failed appendEntries: org.apache.ratis.thirdparty.io.grpc.StatusRuntimeException: UNAVAILABLE: io exception
2019-09-10 18:11:12,845 [grpc-default-executor-1] INFO  impl.FollowerInfo (FollowerInfo.java:lambda$new$0(51)) - d8255f37-89f1-48d2-bcda-7654f43e2557@group-2C4B92B15373->8cbcd714-dd76-45fa-910f-f3e67512086a: nextIndex: updateUnconditionally 0 -> 0
2019-09-10 18:11:12,862 [grpc-default-executor-3] WARN  server.GrpcLogAppender (LogUtils.java:warn(134)) - d8255f37-89f1-48d2-bcda-7654f43e2557@group-2C4B92B15373->49bcc910-1f14-48b7-a318-d2e01e8ffdec-AppendLogResponseHandler: Failed appendEntries: org.apache.ratis.thirdparty.io.grpc.StatusRuntimeException: UNAVAILABLE: io exception
2019-09-10 18:11:12,863 [grpc-default-executor-3] INFO  impl.FollowerInfo (FollowerInfo.java:lambda$new$0(51)) - d8255f37-89f1-48d2-bcda-7654f43e2557@group-2C4B92B15373->49bcc910-1f14-48b7-a318-d2e01e8ffdec: nextIndex: updateUnconditionally 0 -> 0
2019-09-10 18:11:13,057 [java.util.concurrent.ThreadPoolExecutor$Worker@6bb7c694[State = -1, empty queue]] WARN  server.GrpcLogAppender (GrpcLogAppender.java:timeoutAppendRequest(200)) - b0fafecf-3418-4e4c-a5e4-e5075743f263@group-73C817937272->4faa59b0-972d-4631-8b2b-dceadefbd7cc-GrpcLogAppender: appendEntries Timeout, request=b0fafecf-3418-4e4c-a5e4-e5075743f263->4faa59b0-972d-4631-8b2b-dceadefbd7cc#158-t1, previous=(t:1, i:20), leaderCommit=16, initializing? false, entries: <empty>
2019-09-10 18:11:13,057 [java.util.concurrent.ThreadPoolExecutor$Worker@54e454ae[State = -1, empty queue]] WARN  server.GrpcLogAppender (GrpcLogAppender.java:timeoutAppendRequest(200)) - b0fafecf-3418-4e4c-a5e4-e5075743f263@group-73C817937272->2e952fcc-3ad7-4f0e-80e3-0277395d1af8-GrpcLogAppender: appendEntries Timeout, request=b0fafecf-3418-4e4c-a5e4-e5075743f263->2e952fcc-3ad7-4f0e-80e3-0277395d1af8#158-t1, previous=(t:1, i:20), leaderCommit=16, initializing? false, entries: <empty>
2019-09-10 18:11:13,141 [java.util.concurrent.ThreadPoolExecutor$Worker@1d9b0166[State = -1, empty queue]] WARN  server.GrpcLogAppender (GrpcLogAppender.java:timeoutAppendRequest(200)) - 208154af-b43d-417a-8ba8-8a37a4d1ac9e@group-C08312A7C209->91e32882-d3c6-46ba-a04b-cffc2ba77210-GrpcLogAppender: appendEntries Timeout, request=208154af-b43d-417a-8ba8-8a37a4d1ac9e->91e32882-d3c6-46ba-a04b-cffc2ba77210#170-t2, previous=(t:2, i:36), leaderCommit=32, initializing? false, entries: <empty>
2019-09-10 18:11:13,141 [java.util.concurrent.ThreadPoolExecutor$Worker@5f529951[State = -1, empty queue]] WARN  server.GrpcLogAppender (GrpcLogAppender.java:timeoutAppendRequest(200)) - 208154af-b43d-417a-8ba8-8a37a4d1ac9e@group-C08312A7C209->35230fa9-c917-4625-844b-3841de1822d6-GrpcLogAppender: appendEntries Timeout, request=208154af-b43d-417a-8ba8-8a37a4d1ac9e->35230fa9-c917-4625-844b-3841de1822d6#170-t2, previous=(t:2, i:36), leaderCommit=32, initializing? false, entries: <empty>
2019-09-10 18:11:13,351 [grpc-default-executor-3] WARN  server.GrpcLogAppender (LogUtils.java:warn(134)) - d8255f37-89f1-48d2-bcda-7654f43e2557@group-2C4B92B15373->8cbcd714-dd76-45fa-910f-f3e67512086a-AppendLogResponseHandler: Failed appendEntries: org.apache.ratis.thirdparty.io.grpc.StatusRuntimeException: UNAVAILABLE: io exception
2019-09-10 18:11:13,352 [grpc-default-executor-3] INFO  impl.FollowerInfo (FollowerInfo.java:lambda$new$0(51)) - d8255f37-89f1-48d2-bcda-7654f43e2557@group-2C4B92B15373->8cbcd714-dd76-45fa-910f-f3e67512086a: nextIndex: updateUnconditionally 0 -> 0
2019-09-10 18:11:13,363 [grpc-default-executor-0] WARN  server.GrpcLogAppender (LogUtils.java:warn(134)) - d8255f37-89f1-48d2-bcda-7654f43e2557@group-2C4B92B15373->49bcc910-1f14-48b7-a318-d2e01e8ffdec-AppendLogResponseHandler: Failed appendEntries: org.apache.ratis.thirdparty.io.grpc.StatusRuntimeException: UNAVAILABLE: io exception
2019-09-10 18:11:13,363 [grpc-default-executor-0] INFO  impl.FollowerInfo (FollowerInfo.java:lambda$new$0(51)) - d8255f37-89f1-48d2-bcda-7654f43e2557@group-2C4B92B15373->49bcc910-1f14-48b7-a318-d2e01e8ffdec: nextIndex: updateUnconditionally 0 -> 0
2019-09-10 18:11:13,557 [java.util.concurrent.ThreadPoolExecutor$Worker@54e454ae[State = -1, empty queue]] WARN  server.GrpcLogAppender (GrpcLogAppender.java:timeoutAppendRequest(200)) - b0fafecf-3418-4e4c-a5e4-e5075743f263@group-73C817937272->2e952fcc-3ad7-4f0e-80e3-0277395d1af8-GrpcLogAppender: appendEntries Timeout, request=b0fafecf-3418-4e4c-a5e4-e5075743f263->2e952fcc-3ad7-4f0e-80e3-0277395d1af8#159-t1, previous=(t:1, i:20), leaderCommit=16, initializing? false, entries: <empty>
2019-09-10 18:11:13,557 [java.util.concurrent.ThreadPoolExecutor$Worker@6bb7c694[State = -1, empty queue]] WARN  server.GrpcLogAppender (GrpcLogAppender.java:timeoutAppendRequest(200)) - b0fafecf-3418-4e4c-a5e4-e5075743f263@group-73C817937272->4faa59b0-972d-4631-8b2b-dceadefbd7cc-GrpcLogAppender: appendEntries Timeout, request=b0fafecf-3418-4e4c-a5e4-e5075743f263->4faa59b0-972d-4631-8b2b-dceadefbd7cc#159-t1, previous=(t:1, i:20), leaderCommit=16, initializing? false, entries: <empty>
2019-09-10 18:11:13,641 [java.util.concurrent.ThreadPoolExecutor$Worker@1d9b0166[State = -1, empty queue]] WARN  server.GrpcLogAppender (GrpcLogAppender.java:timeoutAppendRequest(200)) - 208154af-b43d-417a-8ba8-8a37a4d1ac9e@group-C08312A7C209->91e32882-d3c6-46ba-a04b-cffc2ba77210-GrpcLogAppender: appendEntries Timeout, request=208154af-b43d-417a-8ba8-8a37a4d1ac9e->91e32882-d3c6-46ba-a04b-cffc2ba77210#171-t2, previous=(t:2, i:36), leaderCommit=32, initializing? false, entries: <empty>
2019-09-10 18:11:13,641 [java.util.concurrent.ThreadPoolExecutor$Worker@5f529951[State = -1, empty queue]] WARN  server.GrpcLogAppender (GrpcLogAppender.java:timeoutAppendRequest(200)) - 208154af-b43d-417a-8ba8-8a37a4d1ac9e@group-C08312A7C209->35230fa9-c917-4625-844b-3841de1822d6-GrpcLogAppender: appendEntries Timeout, request=208154af-b43d-417a-8ba8-8a37a4d1ac9e->35230fa9-c917-4625-844b-3841de1822d6#171-t2, previous=(t:2, i:36), leaderCommit=32, initializing? false, entries: <empty>
2019-09-10 18:11:13,850 [grpc-default-executor-1] WARN  server.GrpcLogAppender (LogUtils.java:warn(134)) - d8255f37-89f1-48d2-bcda-7654f43e2557@group-2C4B92B15373->8cbcd714-dd76-45fa-910f-f3e67512086a-AppendLogResponseHandler: Failed appendEntries: org.apache.ratis.thirdparty.io.grpc.StatusRuntimeException: UNAVAILABLE: io exception
2019-09-10 18:11:13,850 [grpc-default-executor-1] INFO  impl.FollowerInfo (FollowerInfo.java:lambda$new$0(51)) - d8255f37-89f1-48d2-bcda-7654f43e2557@group-2C4B92B15373->8cbcd714-dd76-45fa-910f-f3e67512086a: nextIndex: updateUnconditionally 0 -> 0
2019-09-10 18:11:13,864 [grpc-default-executor-0] WARN  server.GrpcLogAppender (LogUtils.java:warn(134)) - d8255f37-89f1-48d2-bcda-7654f43e2557@group-2C4B92B15373->49bcc910-1f14-48b7-a318-d2e01e8ffdec-AppendLogResponseHandler: Failed appendEntries: org.apache.ratis.thirdparty.io.grpc.StatusRuntimeException: UNAVAILABLE: io exception
2019-09-10 18:11:13,864 [grpc-default-executor-0] INFO  impl.FollowerInfo (FollowerInfo.java:lambda$new$0(51)) - d8255f37-89f1-48d2-bcda-7654f43e2557@group-2C4B92B15373->49bcc910-1f14-48b7-a318-d2e01e8ffdec: nextIndex: updateUnconditionally 0 -> 0
2019-09-10 18:11:14,058 [java.util.concurrent.ThreadPoolExecutor$Worker@54e454ae[State = -1, empty queue]] WARN  server.GrpcLogAppender (GrpcLogAppender.java:timeoutAppendRequest(200)) - b0fafecf-3418-4e4c-a5e4-e5075743f263@group-73C817937272->2e952fcc-3ad7-4f0e-80e3-0277395d1af8-GrpcLogAppender: appendEntries Timeout, request=b0fafecf-3418-4e4c-a5e4-e5075743f263->2e952fcc-3ad7-4f0e-80e3-0277395d1af8#160-t1, previous=(t:1, i:20), leaderCommit=16, initializing? false, entries: <empty>
2019-09-10 18:11:14,058 [java.util.concurrent.ThreadPoolExecutor$Worker@6bb7c694[State = -1, empty queue]] WARN  server.GrpcLogAppender (GrpcLogAppender.java:timeoutAppendRequest(200)) - b0fafecf-3418-4e4c-a5e4-e5075743f263@group-73C817937272->4faa59b0-972d-4631-8b2b-dceadefbd7cc-GrpcLogAppender: appendEntries Timeout, request=b0fafecf-3418-4e4c-a5e4-e5075743f263->4faa59b0-972d-4631-8b2b-dceadefbd7cc#160-t1, previous=(t:1, i:20), leaderCommit=16, initializing? false, entries: <empty>
2019-09-10 18:11:14,141 [java.util.concurrent.ThreadPoolExecutor$Worker@1d9b0166[State = -1, empty queue]] WARN  server.GrpcLogAppender (GrpcLogAppender.java:timeoutAppendRequest(200)) - 208154af-b43d-417a-8ba8-8a37a4d1ac9e@group-C08312A7C209->91e32882-d3c6-46ba-a04b-cffc2ba77210-GrpcLogAppender: appendEntries Timeout, request=208154af-b43d-417a-8ba8-8a37a4d1ac9e->91e32882-d3c6-46ba-a04b-cffc2ba77210#172-t2, previous=(t:2, i:36), leaderCommit=32, initializing? false, entries: <empty>
2019-09-10 18:11:14,141 [java.util.concurrent.ThreadPoolExecutor$Worker@5f529951[State = -1, empty queue]] WARN  server.GrpcLogAppender (GrpcLogAppender.java:timeoutAppendRequest(200)) - 208154af-b43d-417a-8ba8-8a37a4d1ac9e@group-C08312A7C209->35230fa9-c917-4625-844b-3841de1822d6-GrpcLogAppender: appendEntries Timeout, request=208154af-b43d-417a-8ba8-8a37a4d1ac9e->35230fa9-c917-4625-844b-3841de1822d6#172-t2, previous=(t:2, i:36), leaderCommit=32, initializing? false, entries: <empty>
2019-09-10 18:11:14,351 [grpc-default-executor-3] WARN  server.GrpcLogAppender (LogUtils.java:warn(134)) - d8255f37-89f1-48d2-bcda-7654f43e2557@group-2C4B92B15373->8cbcd714-dd76-45fa-910f-f3e67512086a-AppendLogResponseHandler: Failed appendEntries: org.apache.ratis.thirdparty.io.grpc.StatusRuntimeException: UNAVAILABLE: io exception
2019-09-10 18:11:14,351 [grpc-default-executor-3] INFO  impl.FollowerInfo (FollowerInfo.java:lambda$new$0(51)) - d8255f37-89f1-48d2-bcda-7654f43e2557@group-2C4B92B15373->8cbcd714-dd76-45fa-910f-f3e67512086a: nextIndex: updateUnconditionally 0 -> 0
2019-09-10 18:11:14,364 [grpc-default-executor-1] WARN  server.GrpcLogAppender (LogUtils.java:warn(134)) - d8255f37-89f1-48d2-bcda-7654f43e2557@group-2C4B92B15373->49bcc910-1f14-48b7-a318-d2e01e8ffdec-AppendLogResponseHandler: Failed appendEntries: org.apache.ratis.thirdparty.io.grpc.StatusRuntimeException: UNAVAILABLE: io exception
2019-09-10 18:11:14,364 [grpc-default-executor-1] INFO  impl.FollowerInfo (FollowerInfo.java:lambda$new$0(51)) - d8255f37-89f1-48d2-bcda-7654f43e2557@group-2C4B92B15373->49bcc910-1f14-48b7-a318-d2e01e8ffdec: nextIndex: updateUnconditionally 0 -> 0
2019-09-10 18:11:14,436 [main] INFO  ozoneimpl.OzoneContainer (OzoneContainer.java:stop(231)) - Attempting to stop container services.
2019-09-10 18:11:14,436 [ForkJoinPool.commonPool-worker-0] INFO  ozoneimpl.OzoneContainer (OzoneContainer.java:stop(231)) - Attempting to stop container services.
2019-09-10 18:11:14,437 [main] INFO  impl.RaftServerProxy (RaftServerProxy.java:lambda$close$4(314)) - 4faa59b0-972d-4631-8b2b-dceadefbd7cc: close
2019-09-10 18:11:14,437 [ForkJoinPool.commonPool-worker-0] INFO  impl.RaftServerProxy (RaftServerProxy.java:lambda$close$4(314)) - 35230fa9-c917-4625-844b-3841de1822d6: close
2019-09-10 18:11:14,438 [main] INFO  impl.RaftServerImpl (RaftServerImpl.java:lambda$shutdown$3(251)) - 4faa59b0-972d-4631-8b2b-dceadefbd7cc@group-AEE583D5A568: shutdown
2019-09-10 18:11:14,438 [ForkJoinPool.commonPool-worker-0] INFO  impl.RaftServerImpl (RaftServerImpl.java:lambda$shutdown$3(251)) - 35230fa9-c917-4625-844b-3841de1822d6@group-140A7EEDCCC7: shutdown
2019-09-10 18:11:14,438 [main] INFO  util.JmxRegister (JmxRegister.java:unregister(73)) - Successfully un-registered JMX Bean with object name Ratis:service=RaftServer,group=group-AEE583D5A568,id=4faa59b0-972d-4631-8b2b-dceadefbd7cc
2019-09-10 18:11:14,438 [ForkJoinPool.commonPool-worker-0] INFO  util.JmxRegister (JmxRegister.java:unregister(73)) - Successfully un-registered JMX Bean with object name Ratis:service=RaftServer,group=group-140A7EEDCCC7,id=35230fa9-c917-4625-844b-3841de1822d6
2019-09-10 18:11:14,439 [main] INFO  impl.RoleInfo (RoleInfo.java:shutdownLeaderState(104)) - 4faa59b0-972d-4631-8b2b-dceadefbd7cc: shutdown LeaderState
2019-09-10 18:11:14,439 [ForkJoinPool.commonPool-worker-0] INFO  impl.RoleInfo (RoleInfo.java:shutdownLeaderState(104)) - 35230fa9-c917-4625-844b-3841de1822d6: shutdown LeaderState
2019-09-10 18:11:14,439 [main] INFO  impl.PendingRequests (PendingRequests.java:sendNotLeaderResponses(202)) - 4faa59b0-972d-4631-8b2b-dceadefbd7cc-PendingRequests: sendNotLeaderResponses
2019-09-10 18:11:14,439 [ForkJoinPool.commonPool-worker-0] INFO  impl.PendingRequests (PendingRequests.java:sendNotLeaderResponses(202)) - 35230fa9-c917-4625-844b-3841de1822d6-PendingRequests: sendNotLeaderResponses
2019-09-10 18:11:14,440 [main] INFO  impl.StateMachineUpdater (StateMachineUpdater.java:stopAndJoin(125)) - 4faa59b0-972d-4631-8b2b-dceadefbd7cc@group-AEE583D5A568-StateMachineUpdater: set stopIndex = 0
2019-09-10 18:11:14,440 [ForkJoinPool.commonPool-worker-0] INFO  impl.StateMachineUpdater (StateMachineUpdater.java:stopAndJoin(125)) - 35230fa9-c917-4625-844b-3841de1822d6@group-140A7EEDCCC7-StateMachineUpdater: set stopIndex = 0
2019-09-10 18:11:14,459 [main] INFO  impl.RaftServerImpl (ServerState.java:close(385)) - 4faa59b0-972d-4631-8b2b-dceadefbd7cc@group-AEE583D5A568: closes. applyIndex: 0
2019-09-10 18:11:14,459 [ForkJoinPool.commonPool-worker-0] INFO  impl.RaftServerImpl (ServerState.java:close(385)) - 35230fa9-c917-4625-844b-3841de1822d6@group-140A7EEDCCC7: closes. applyIndex: 0
2019-09-10 18:11:14,460 [4faa59b0-972d-4631-8b2b-dceadefbd7cc@group-AEE583D5A568-SegmentedRaftLogWorker] INFO  segmented.SegmentedRaftLogWorker (SegmentedRaftLogWorker.java:run(313)) - 4faa59b0-972d-4631-8b2b-dceadefbd7cc@group-AEE583D5A568-SegmentedRaftLogWorker was interrupted, exiting. There are 0 tasks remaining in the queue.
2019-09-10 18:11:14,460 [35230fa9-c917-4625-844b-3841de1822d6@group-140A7EEDCCC7-SegmentedRaftLogWorker] INFO  segmented.SegmentedRaftLogWorker (SegmentedRaftLogWorker.java:run(313)) - 35230fa9-c917-4625-844b-3841de1822d6@group-140A7EEDCCC7-SegmentedRaftLogWorker was interrupted, exiting. There are 0 tasks remaining in the queue.
2019-09-10 18:11:14,462 [main] INFO  segmented.SegmentedRaftLogWorker (SegmentedRaftLogWorker.java:close(228)) - 4faa59b0-972d-4631-8b2b-dceadefbd7cc@group-AEE583D5A568-SegmentedRaftLogWorker close()
2019-09-10 18:11:14,465 [ForkJoinPool.commonPool-worker-0] INFO  segmented.SegmentedRaftLogWorker (SegmentedRaftLogWorker.java:close(228)) - 35230fa9-c917-4625-844b-3841de1822d6@group-140A7EEDCCC7-SegmentedRaftLogWorker close()
2019-09-10 18:11:14,469 [main] INFO  impl.RaftServerImpl (RaftServerImpl.java:lambda$shutdown$3(251)) - 4faa59b0-972d-4631-8b2b-dceadefbd7cc@group-73C817937272: shutdown
2019-09-10 18:11:14,473 [ForkJoinPool.commonPool-worker-0] INFO  impl.RaftServerImpl (RaftServerImpl.java:lambda$shutdown$3(251)) - 35230fa9-c917-4625-844b-3841de1822d6@group-C08312A7C209: shutdown
2019-09-10 18:11:14,473 [main] INFO  util.JmxRegister (JmxRegister.java:unregister(73)) - Successfully un-registered JMX Bean with object name Ratis:service=RaftServer,group=group-73C817937272,id=4faa59b0-972d-4631-8b2b-dceadefbd7cc
2019-09-10 18:11:14,474 [ForkJoinPool.commonPool-worker-0] INFO  util.JmxRegister (JmxRegister.java:unregister(73)) - Successfully un-registered JMX Bean with object name Ratis:service=RaftServer,group=group-C08312A7C209,id=35230fa9-c917-4625-844b-3841de1822d6
2019-09-10 18:11:14,474 [main] INFO  impl.RoleInfo (RoleInfo.java:shutdownFollowerState(121)) - 4faa59b0-972d-4631-8b2b-dceadefbd7cc: shutdown FollowerState
2019-09-10 18:11:14,474 [ForkJoinPool.commonPool-worker-0] INFO  impl.RoleInfo (RoleInfo.java:shutdownFollowerState(121)) - 35230fa9-c917-4625-844b-3841de1822d6: shutdown FollowerState
2019-09-10 18:11:14,475 [4faa59b0-972d-4631-8b2b-dceadefbd7cc@group-73C817937272-StateMachineUpdater] INFO  ratis.ContainerStateMachine (ContainerStateMachine.java:takeSnapshot(289)) - group-73C817937272: Taking a snapshot at:(t:1, i:12) file /workdir/hadoop-ozone/integration-test/target/test-dir/MiniOzoneClusterImpl-a4bba3eb-5ae6-43ba-8544-0cc5de04918c/datanode-5/data/ratis/22b35f76-37c7-432e-9baa-73c817937272/sm/snapshot.1_12
2019-09-10 18:11:14,475 [Thread-429] INFO  impl.FollowerState (FollowerState.java:run(115)) - 35230fa9-c917-4625-844b-3841de1822d6: FollowerState was interrupted: java.lang.InterruptedException: sleep interrupted
2019-09-10 18:11:14,474 [Thread-373] INFO  impl.FollowerState (FollowerState.java:run(115)) - 4faa59b0-972d-4631-8b2b-dceadefbd7cc: FollowerState was interrupted: java.lang.InterruptedException: sleep interrupted
2019-09-10 18:11:14,474 [main] INFO  impl.StateMachineUpdater (StateMachineUpdater.java:stopAndJoin(125)) - 4faa59b0-972d-4631-8b2b-dceadefbd7cc@group-73C817937272-StateMachineUpdater: set stopIndex = 16
2019-09-10 18:11:14,475 [35230fa9-c917-4625-844b-3841de1822d6@group-C08312A7C209-StateMachineUpdater] INFO  ratis.ContainerStateMachine (ContainerStateMachine.java:takeSnapshot(289)) - group-C08312A7C209: Taking a snapshot at:(t:2, i:30) file /workdir/hadoop-ozone/integration-test/target/test-dir/MiniOzoneClusterImpl-a4bba3eb-5ae6-43ba-8544-0cc5de04918c/datanode-2/data/ratis/fc3a16e9-2f63-4db1-ad0a-c08312a7c209/sm/snapshot.2_30
2019-09-10 18:11:14,475 [ForkJoinPool.commonPool-worker-0] INFO  impl.StateMachineUpdater (StateMachineUpdater.java:stopAndJoin(125)) - 35230fa9-c917-4625-844b-3841de1822d6@group-C08312A7C209-StateMachineUpdater: set stopIndex = 32
2019-09-10 18:11:14,517 [4faa59b0-972d-4631-8b2b-dceadefbd7cc@group-73C817937272-StateMachineUpdater] INFO  ratis.ContainerStateMachine (ContainerStateMachine.java:takeSnapshot(300)) - group-73C817937272: Finished taking a snapshot at:(t:1, i:12) file:/workdir/hadoop-ozone/integration-test/target/test-dir/MiniOzoneClusterImpl-a4bba3eb-5ae6-43ba-8544-0cc5de04918c/datanode-5/data/ratis/22b35f76-37c7-432e-9baa-73c817937272/sm/snapshot.1_12 time:42
2019-09-10 18:11:14,517 [4faa59b0-972d-4631-8b2b-dceadefbd7cc@group-73C817937272-StateMachineUpdater] INFO  impl.StateMachineUpdater (StateMachineUpdater.java:takeSnapshot(258)) - 4faa59b0-972d-4631-8b2b-dceadefbd7cc@group-73C817937272-StateMachineUpdater: Took a snapshot at index 12
2019-09-10 18:11:14,517 [35230fa9-c917-4625-844b-3841de1822d6@group-C08312A7C209-StateMachineUpdater] INFO  ratis.ContainerStateMachine (ContainerStateMachine.java:takeSnapshot(300)) - group-C08312A7C209: Finished taking a snapshot at:(t:2, i:30) file:/workdir/hadoop-ozone/integration-test/target/test-dir/MiniOzoneClusterImpl-a4bba3eb-5ae6-43ba-8544-0cc5de04918c/datanode-2/data/ratis/fc3a16e9-2f63-4db1-ad0a-c08312a7c209/sm/snapshot.2_30 time:42
2019-09-10 18:11:14,517 [4faa59b0-972d-4631-8b2b-dceadefbd7cc@group-73C817937272-StateMachineUpdater] INFO  impl.StateMachineUpdater (StateMachineUpdater.java:lambda$new$0(83)) - 4faa59b0-972d-4631-8b2b-dceadefbd7cc@group-73C817937272-StateMachineUpdater: snapshotIndex: updateIncreasingly -1 -> 12
2019-09-10 18:11:14,518 [35230fa9-c917-4625-844b-3841de1822d6@group-C08312A7C209-StateMachineUpdater] INFO  impl.StateMachineUpdater (StateMachineUpdater.java:takeSnapshot(258)) - 35230fa9-c917-4625-844b-3841de1822d6@group-C08312A7C209-StateMachineUpdater: Took a snapshot at index 30
2019-09-10 18:11:14,518 [35230fa9-c917-4625-844b-3841de1822d6@group-C08312A7C209-StateMachineUpdater] INFO  impl.StateMachineUpdater (StateMachineUpdater.java:lambda$new$0(83)) - 35230fa9-c917-4625-844b-3841de1822d6@group-C08312A7C209-StateMachineUpdater: snapshotIndex: updateIncreasingly -1 -> 30
2019-09-10 18:11:14,518 [35230fa9-c917-4625-844b-3841de1822d6@group-C08312A7C209-StateMachineUpdater] INFO  ratis.ContainerStateMachine (ContainerStateMachine.java:takeSnapshot(289)) - group-C08312A7C209: Taking a snapshot at:(t:2, i:30) file /workdir/hadoop-ozone/integration-test/target/test-dir/MiniOzoneClusterImpl-a4bba3eb-5ae6-43ba-8544-0cc5de04918c/datanode-2/data/ratis/fc3a16e9-2f63-4db1-ad0a-c08312a7c209/sm/snapshot.2_30
2019-09-10 18:11:14,518 [4faa59b0-972d-4631-8b2b-dceadefbd7cc@group-73C817937272-StateMachineUpdater] INFO  ratis.ContainerStateMachine (ContainerStateMachine.java:takeSnapshot(289)) - group-73C817937272: Taking a snapshot at:(t:1, i:12) file /workdir/hadoop-ozone/integration-test/target/test-dir/MiniOzoneClusterImpl-a4bba3eb-5ae6-43ba-8544-0cc5de04918c/datanode-5/data/ratis/22b35f76-37c7-432e-9baa-73c817937272/sm/snapshot.1_12
2019-09-10 18:11:14,542 [35230fa9-c917-4625-844b-3841de1822d6@group-C08312A7C209-StateMachineUpdater] INFO  ratis.ContainerStateMachine (ContainerStateMachine.java:takeSnapshot(300)) - group-C08312A7C209: Finished taking a snapshot at:(t:2, i:30) file:/workdir/hadoop-ozone/integration-test/target/test-dir/MiniOzoneClusterImpl-a4bba3eb-5ae6-43ba-8544-0cc5de04918c/datanode-2/data/ratis/fc3a16e9-2f63-4db1-ad0a-c08312a7c209/sm/snapshot.2_30 time:24
2019-09-10 18:11:14,542 [4faa59b0-972d-4631-8b2b-dceadefbd7cc@group-73C817937272-StateMachineUpdater] INFO  ratis.ContainerStateMachine (ContainerStateMachine.java:takeSnapshot(300)) - group-73C817937272: Finished taking a snapshot at:(t:1, i:12) file:/workdir/hadoop-ozone/integration-test/target/test-dir/MiniOzoneClusterImpl-a4bba3eb-5ae6-43ba-8544-0cc5de04918c/datanode-5/data/ratis/22b35f76-37c7-432e-9baa-73c817937272/sm/snapshot.1_12 time:24
2019-09-10 18:11:14,542 [35230fa9-c917-4625-844b-3841de1822d6@group-C08312A7C209-StateMachineUpdater] INFO  impl.StateMachineUpdater (StateMachineUpdater.java:takeSnapshot(258)) - 35230fa9-c917-4625-844b-3841de1822d6@group-C08312A7C209-StateMachineUpdater: Took a snapshot at index 30
2019-09-10 18:11:14,542 [4faa59b0-972d-4631-8b2b-dceadefbd7cc@group-73C817937272-StateMachineUpdater] INFO  impl.StateMachineUpdater (StateMachineUpdater.java:takeSnapshot(258)) - 4faa59b0-972d-4631-8b2b-dceadefbd7cc@group-73C817937272-StateMachineUpdater: Took a snapshot at index 12
2019-09-10 18:11:14,542 [35230fa9-c917-4625-844b-3841de1822d6@group-C08312A7C209-StateMachineUpdater] INFO  impl.StateMachineUpdater (StateMachineUpdater.java:lambda$new$0(83)) - 35230fa9-c917-4625-844b-3841de1822d6@group-C08312A7C209-StateMachineUpdater: snapshotIndex: updateIncreasingly 30 -> 30
2019-09-10 18:11:14,542 [4faa59b0-972d-4631-8b2b-dceadefbd7cc@group-73C817937272-StateMachineUpdater] INFO  impl.StateMachineUpdater (StateMachineUpdater.java:lambda$new$0(83)) - 4faa59b0-972d-4631-8b2b-dceadefbd7cc@group-73C817937272-StateMachineUpdater: snapshotIndex: updateIncreasingly 12 -> 12
2019-09-10 18:11:14,543 [ForkJoinPool.commonPool-worker-0] INFO  impl.RaftServerImpl (ServerState.java:close(385)) - 35230fa9-c917-4625-844b-3841de1822d6@group-C08312A7C209: closes. applyIndex: 32
2019-09-10 18:11:14,543 [main] INFO  impl.RaftServerImpl (ServerState.java:close(385)) - 4faa59b0-972d-4631-8b2b-dceadefbd7cc@group-73C817937272: closes. applyIndex: 16
2019-09-10 18:11:14,546 [35230fa9-c917-4625-844b-3841de1822d6@group-C08312A7C209-SegmentedRaftLogWorker] ERROR ratis.XceiverServerRatis (XceiverServerRatis.java:triggerPipelineClose(568)) - pipeline Action CLOSE  on pipeline PipelineID=fc3a16e9-2f63-4db1-ad0a-c08312a7c209.Reason : WriteLog:35: (t:2, i:35), STATEMACHINELOGENTRY, client-23B431068EC3, cid=66-writeStateMachineData interrupted.
2019-09-10 18:11:14,548 [4faa59b0-972d-4631-8b2b-dceadefbd7cc@group-73C817937272-SegmentedRaftLogWorker] ERROR ratis.XceiverServerRatis (XceiverServerRatis.java:triggerPipelineClose(568)) - pipeline Action CLOSE  on pipeline PipelineID=22b35f76-37c7-432e-9baa-73c817937272.Reason : WriteLog:17: (t:1, i:17), STATEMACHINELOGENTRY, client-79319F45854E, cid=51-writeStateMachineData interrupted.
2019-09-10 18:11:14,553 [main] INFO  segmented.SegmentedRaftLogWorker (SegmentedRaftLogWorker.java:close(228)) - 4faa59b0-972d-4631-8b2b-dceadefbd7cc@group-73C817937272-SegmentedRaftLogWorker close()
2019-09-10 18:11:14,558 [main] INFO  server.GrpcService (GrpcService.java:closeImpl(164)) - 4faa59b0-972d-4631-8b2b-dceadefbd7cc: shutdown server with port 41249 now
2019-09-10 18:11:14,559 [ForkJoinPool.commonPool-worker-0] INFO  segmented.SegmentedRaftLogWorker (SegmentedRaftLogWorker.java:close(228)) - 35230fa9-c917-4625-844b-3841de1822d6@group-C08312A7C209-SegmentedRaftLogWorker close()
2019-09-10 18:11:14,558 [java.util.concurrent.ThreadPoolExecutor$Worker@54e454ae[State = -1, empty queue]] WARN  server.GrpcLogAppender (GrpcLogAppender.java:timeoutAppendRequest(200)) - b0fafecf-3418-4e4c-a5e4-e5075743f263@group-73C817937272->2e952fcc-3ad7-4f0e-80e3-0277395d1af8-GrpcLogAppender: appendEntries Timeout, request=b0fafecf-3418-4e4c-a5e4-e5075743f263->2e952fcc-3ad7-4f0e-80e3-0277395d1af8#161-t1, previous=(t:1, i:20), leaderCommit=16, initializing? false, entries: <empty>
2019-09-10 18:11:14,558 [java.util.concurrent.ThreadPoolExecutor$Worker@6bb7c694[State = -1, empty queue]] WARN  server.GrpcLogAppender (GrpcLogAppender.java:timeoutAppendRequest(200)) - b0fafecf-3418-4e4c-a5e4-e5075743f263@group-73C817937272->4faa59b0-972d-4631-8b2b-dceadefbd7cc-GrpcLogAppender: appendEntries Timeout, request=b0fafecf-3418-4e4c-a5e4-e5075743f263->4faa59b0-972d-4631-8b2b-dceadefbd7cc#161-t1, previous=(t:1, i:20), leaderCommit=16, initializing? false, entries: <empty>
2019-09-10 18:11:14,566 [grpc-default-executor-3] WARN  server.GrpcServerProtocolService (LogUtils.java:warn(134)) - 4faa59b0-972d-4631-8b2b-dceadefbd7cc: installSnapshot onError, lastRequest: b0fafecf-3418-4e4c-a5e4-e5075743f263->4faa59b0-972d-4631-8b2b-dceadefbd7cc#166-t1, previous=(t:1, i:20), leaderCommit=16, initializing? false, entries: <empty>: org.apache.ratis.thirdparty.io.grpc.StatusRuntimeException: CANCELLED: cancelled before receiving half close
2019-09-10 18:11:14,564 [ForkJoinPool.commonPool-worker-0] INFO  server.GrpcService (GrpcService.java:closeImpl(164)) - 35230fa9-c917-4625-844b-3841de1822d6: shutdown server with port 41574 now
2019-09-10 18:11:14,567 [grpc-default-executor-1] WARN  server.GrpcLogAppender (LogUtils.java:warn(134)) - b0fafecf-3418-4e4c-a5e4-e5075743f263@group-73C817937272->4faa59b0-972d-4631-8b2b-dceadefbd7cc-AppendLogResponseHandler: Failed appendEntries: org.apache.ratis.thirdparty.io.grpc.StatusRuntimeException: CANCELLED: HTTP/2 error code: CANCEL
Received Rst Stream
2019-09-10 18:11:14,566 [main] INFO  server.GrpcService (GrpcService.java:closeImpl(172)) - 4faa59b0-972d-4631-8b2b-dceadefbd7cc: shutdown server with port 41249 successfully
2019-09-10 18:11:14,569 [grpc-default-executor-1] INFO  impl.FollowerInfo (FollowerInfo.java:lambda$new$0(51)) - b0fafecf-3418-4e4c-a5e4-e5075743f263@group-73C817937272->4faa59b0-972d-4631-8b2b-dceadefbd7cc: nextIndex: updateUnconditionally 21 -> 17
2019-09-10 18:11:14,570 [grpc-default-executor-4] WARN  server.GrpcServerProtocolService (LogUtils.java:warn(134)) - 35230fa9-c917-4625-844b-3841de1822d6: installSnapshot onError, lastRequest: 208154af-b43d-417a-8ba8-8a37a4d1ac9e->35230fa9-c917-4625-844b-3841de1822d6#178-t2, previous=(t:2, i:36), leaderCommit=32, initializing? false, entries: <empty>: org.apache.ratis.thirdparty.io.grpc.StatusRuntimeException: CANCELLED: cancelled before receiving half close
2019-09-10 18:11:14,570 [ForkJoinPool.commonPool-worker-0] INFO  server.GrpcService (GrpcService.java:closeImpl(172)) - 35230fa9-c917-4625-844b-3841de1822d6: shutdown server with port 41574 successfully
2019-09-10 18:11:14,570 [grpc-default-executor-0] WARN  server.GrpcLogAppender (LogUtils.java:warn(134)) - 208154af-b43d-417a-8ba8-8a37a4d1ac9e@group-C08312A7C209->35230fa9-c917-4625-844b-3841de1822d6-AppendLogResponseHandler: Failed appendEntries: org.apache.ratis.thirdparty.io.grpc.StatusRuntimeException: CANCELLED: HTTP/2 error code: CANCEL
Received Rst Stream
2019-09-10 18:11:14,571 [grpc-default-executor-0] INFO  impl.FollowerInfo (FollowerInfo.java:lambda$new$0(51)) - 208154af-b43d-417a-8ba8-8a37a4d1ac9e@group-C08312A7C209->35230fa9-c917-4625-844b-3841de1822d6: nextIndex: updateUnconditionally 37 -> 33
2019-09-10 18:11:14,578 [refreshUsed-/workdir/hadoop-ozone/integration-test/target/test-dir/MiniOzoneClusterImpl-a4bba3eb-5ae6-43ba-8544-0cc5de04918c/datanode-2/data/containers] WARN  fs.CachingGetSpaceUsed (CachingGetSpaceUsed.java:run(183)) - Thread Interrupted waiting to refresh disk information: sleep interrupted
2019-09-10 18:11:14,579 [refreshUsed-/workdir/hadoop-ozone/integration-test/target/test-dir/MiniOzoneClusterImpl-a4bba3eb-5ae6-43ba-8544-0cc5de04918c/datanode-5/data/containers] WARN  fs.CachingGetSpaceUsed (CachingGetSpaceUsed.java:run(183)) - Thread Interrupted waiting to refresh disk information: sleep interrupted
2019-09-10 18:11:14,604 [ForkJoinPool.commonPool-worker-0] INFO  utils.BackgroundService (BackgroundService.java:shutdown(148)) - Shutting down service BlockDeletingService
2019-09-10 18:11:14,610 [ForkJoinPool.commonPool-worker-0] INFO  statemachine.DatanodeStateMachine (DatanodeStateMachine.java:stopDaemon(395)) - Ozone container server stopped.
2019-09-10 18:11:14,616 [ForkJoinPool.commonPool-worker-0] INFO  handler.ContextHandler (ContextHandler.java:doStop(910)) - Stopped o.e.j.w.WebAppContext@5a6fa56e{/,null,UNAVAILABLE}{/hddsDatanode}
2019-09-10 18:11:14,616 [ForkJoinPool.commonPool-worker-0] INFO  server.AbstractConnector (AbstractConnector.java:doStop(318)) - Stopped ServerConnector@1981d861{HTTP/1.1,[http/1.1]}{0.0.0.0:0}
2019-09-10 18:11:14,618 [ForkJoinPool.commonPool-worker-0] INFO  handler.ContextHandler (ContextHandler.java:doStop(910)) - Stopped o.e.j.s.ServletContextHandler@15639440{/static,jar:file:/home/user/.m2/repository/org/apache/hadoop/hadoop-hdds-container-service/0.5.0-SNAPSHOT/hadoop-hdds-container-service-0.5.0-SNAPSHOT.jar!/webapps/static,UNAVAILABLE}
2019-09-10 18:11:14,620 [ForkJoinPool.commonPool-worker-0] INFO  handler.ContextHandler (ContextHandler.java:doStop(910)) - Stopped o.e.j.s.ServletContextHandler@712cfb63{/logs,file:///workdir/hadoop-ozone/integration-test/target/log,UNAVAILABLE}
2019-09-10 18:11:14,622 [main] INFO  utils.BackgroundService (BackgroundService.java:shutdown(148)) - Shutting down service BlockDeletingService
2019-09-10 18:11:14,627 [main] INFO  statemachine.DatanodeStateMachine (DatanodeStateMachine.java:stopDaemon(395)) - Ozone container server stopped.
2019-09-10 18:11:14,628 [main] INFO  handler.ContextHandler (ContextHandler.java:doStop(910)) - Stopped o.e.j.w.WebAppContext@54e02f6a{/,null,UNAVAILABLE}{/hddsDatanode}
2019-09-10 18:11:14,629 [main] INFO  server.AbstractConnector (AbstractConnector.java:doStop(318)) - Stopped ServerConnector@17f3eefb{HTTP/1.1,[http/1.1]}{0.0.0.0:0}
2019-09-10 18:11:14,630 [main] INFO  handler.ContextHandler (ContextHandler.java:doStop(910)) - Stopped o.e.j.s.ServletContextHandler@4f9a6c2d{/static,jar:file:/home/user/.m2/repository/org/apache/hadoop/hadoop-hdds-container-service/0.5.0-SNAPSHOT/hadoop-hdds-container-service-0.5.0-SNAPSHOT.jar!/webapps/static,UNAVAILABLE}
2019-09-10 18:11:14,630 [main] INFO  handler.ContextHandler (ContextHandler.java:doStop(910)) - Stopped o.e.j.s.ServletContextHandler@3c3c4a71{/logs,file:///workdir/hadoop-ozone/integration-test/target/log,UNAVAILABLE}
2019-09-10 18:11:14,642 [java.util.concurrent.ThreadPoolExecutor$Worker@1d9b0166[State = -1, empty queue]] WARN  server.GrpcLogAppender (GrpcLogAppender.java:timeoutAppendRequest(200)) - 208154af-b43d-417a-8ba8-8a37a4d1ac9e@group-C08312A7C209->91e32882-d3c6-46ba-a04b-cffc2ba77210-GrpcLogAppender: appendEntries Timeout, request=208154af-b43d-417a-8ba8-8a37a4d1ac9e->91e32882-d3c6-46ba-a04b-cffc2ba77210#173-t2, previous=(t:2, i:36), leaderCommit=32, initializing? false, entries: <empty>
2019-09-10 18:11:14,655 [grpc-default-executor-3] WARN  server.GrpcLogAppender (LogUtils.java:warn(134)) - 208154af-b43d-417a-8ba8-8a37a4d1ac9e@group-C08312A7C209->35230fa9-c917-4625-844b-3841de1822d6-AppendLogResponseHandler: Failed appendEntries: org.apache.ratis.thirdparty.io.grpc.StatusRuntimeException: UNAVAILABLE: io exception
2019-09-10 18:11:14,655 [grpc-default-executor-3] INFO  impl.FollowerInfo (FollowerInfo.java:lambda$new$0(51)) - 208154af-b43d-417a-8ba8-8a37a4d1ac9e@group-C08312A7C209->35230fa9-c917-4625-844b-3841de1822d6: nextIndex: updateUnconditionally 33 -> 32
2019-09-10 18:11:14,851 [grpc-default-executor-3] WARN  server.GrpcLogAppender (LogUtils.java:warn(134)) - d8255f37-89f1-48d2-bcda-7654f43e2557@group-2C4B92B15373->8cbcd714-dd76-45fa-910f-f3e67512086a-AppendLogResponseHandler: Failed appendEntries: org.apache.ratis.thirdparty.io.grpc.StatusRuntimeException: UNAVAILABLE: io exception
2019-09-10 18:11:14,851 [grpc-default-executor-3] INFO  impl.FollowerInfo (FollowerInfo.java:lambda$new$0(51)) - d8255f37-89f1-48d2-bcda-7654f43e2557@group-2C4B92B15373->8cbcd714-dd76-45fa-910f-f3e67512086a: nextIndex: updateUnconditionally 0 -> 0
2019-09-10 18:11:14,864 [grpc-default-executor-4] WARN  server.GrpcLogAppender (LogUtils.java:warn(134)) - d8255f37-89f1-48d2-bcda-7654f43e2557@group-2C4B92B15373->49bcc910-1f14-48b7-a318-d2e01e8ffdec-AppendLogResponseHandler: Failed appendEntries: org.apache.ratis.thirdparty.io.grpc.StatusRuntimeException: UNAVAILABLE: io exception
2019-09-10 18:11:14,865 [grpc-default-executor-4] INFO  impl.FollowerInfo (FollowerInfo.java:lambda$new$0(51)) - d8255f37-89f1-48d2-bcda-7654f43e2557@group-2C4B92B15373->49bcc910-1f14-48b7-a318-d2e01e8ffdec: nextIndex: updateUnconditionally 0 -> 0
2019-09-10 18:11:15,058 [java.util.concurrent.ThreadPoolExecutor$Worker@54e454ae[State = -1, empty queue]] WARN  server.GrpcLogAppender (GrpcLogAppender.java:timeoutAppendRequest(200)) - b0fafecf-3418-4e4c-a5e4-e5075743f263@group-73C817937272->2e952fcc-3ad7-4f0e-80e3-0277395d1af8-GrpcLogAppender: appendEntries Timeout, request=b0fafecf-3418-4e4c-a5e4-e5075743f263->2e952fcc-3ad7-4f0e-80e3-0277395d1af8#162-t1, previous=(t:1, i:20), leaderCommit=16, initializing? false, entries: <empty>
2019-09-10 18:11:15,069 [grpc-default-executor-3] WARN  server.GrpcLogAppender (LogUtils.java:warn(134)) - b0fafecf-3418-4e4c-a5e4-e5075743f263@group-73C817937272->4faa59b0-972d-4631-8b2b-dceadefbd7cc-AppendLogResponseHandler: Failed appendEntries: org.apache.ratis.thirdparty.io.grpc.StatusRuntimeException: UNAVAILABLE: io exception
2019-09-10 18:11:15,070 [grpc-default-executor-3] INFO  impl.FollowerInfo (FollowerInfo.java:lambda$new$0(51)) - b0fafecf-3418-4e4c-a5e4-e5075743f263@group-73C817937272->4faa59b0-972d-4631-8b2b-dceadefbd7cc: nextIndex: updateUnconditionally 17 -> 16
2019-09-10 18:11:15,143 [java.util.concurrent.ThreadPoolExecutor$Worker@1d9b0166[State = -1, empty queue]] WARN  server.GrpcLogAppender (GrpcLogAppender.java:timeoutAppendRequest(200)) - 208154af-b43d-417a-8ba8-8a37a4d1ac9e@group-C08312A7C209->91e32882-d3c6-46ba-a04b-cffc2ba77210-GrpcLogAppender: appendEntries Timeout, request=208154af-b43d-417a-8ba8-8a37a4d1ac9e->91e32882-d3c6-46ba-a04b-cffc2ba77210#174-t2, previous=(t:2, i:36), leaderCommit=32, initializing? false, entries: <empty>
2019-09-10 18:11:15,156 [grpc-default-executor-4] WARN  server.GrpcLogAppender (LogUtils.java:warn(134)) - 208154af-b43d-417a-8ba8-8a37a4d1ac9e@group-C08312A7C209->35230fa9-c917-4625-844b-3841de1822d6-AppendLogResponseHandler: Failed appendEntries: org.apache.ratis.thirdparty.io.grpc.StatusRuntimeException: UNAVAILABLE: io exception
2019-09-10 18:11:15,156 [grpc-default-executor-4] INFO  impl.FollowerInfo (FollowerInfo.java:lambda$new$0(51)) - 208154af-b43d-417a-8ba8-8a37a4d1ac9e@group-C08312A7C209->35230fa9-c917-4625-844b-3841de1822d6: nextIndex: updateUnconditionally 32 -> 31
2019-09-10 18:11:15,193 [Datanode State Machine Thread - 0] INFO  statemachine.DatanodeStateMachine (DatanodeStateMachine.java:lambda$startDaemon$0(350)) - Ozone container server started.
2019-09-10 18:11:15,352 [grpc-default-executor-3] WARN  server.GrpcLogAppender (LogUtils.java:warn(134)) - d8255f37-89f1-48d2-bcda-7654f43e2557@group-2C4B92B15373->8cbcd714-dd76-45fa-910f-f3e67512086a-AppendLogResponseHandler: Failed appendEntries: org.apache.ratis.thirdparty.io.grpc.StatusRuntimeException: UNAVAILABLE: io exception
2019-09-10 18:11:15,352 [grpc-default-executor-3] INFO  impl.FollowerInfo (FollowerInfo.java:lambda$new$0(51)) - d8255f37-89f1-48d2-bcda-7654f43e2557@group-2C4B92B15373->8cbcd714-dd76-45fa-910f-f3e67512086a: nextIndex: updateUnconditionally 0 -> 0
2019-09-10 18:11:15,364 [Datanode State Machine Thread - 0] INFO  statemachine.DatanodeStateMachine (DatanodeStateMachine.java:lambda$startDaemon$0(350)) - Ozone container server started.
2019-09-10 18:11:15,365 [grpc-default-executor-4] WARN  server.GrpcLogAppender (LogUtils.java:warn(134)) - d8255f37-89f1-48d2-bcda-7654f43e2557@group-2C4B92B15373->49bcc910-1f14-48b7-a318-d2e01e8ffdec-AppendLogResponseHandler: Failed appendEntries: org.apache.ratis.thirdparty.io.grpc.StatusRuntimeException: UNAVAILABLE: io exception
2019-09-10 18:11:15,365 [grpc-default-executor-4] INFO  impl.FollowerInfo (FollowerInfo.java:lambda$new$0(51)) - d8255f37-89f1-48d2-bcda-7654f43e2557@group-2C4B92B15373->49bcc910-1f14-48b7-a318-d2e01e8ffdec: nextIndex: updateUnconditionally 0 -> 0
2019-09-10 18:11:15,559 [java.util.concurrent.ThreadPoolExecutor$Worker@54e454ae[State = -1, empty queue]] WARN  server.GrpcLogAppender (GrpcLogAppender.java:timeoutAppendRequest(200)) - b0fafecf-3418-4e4c-a5e4-e5075743f263@group-73C817937272->2e952fcc-3ad7-4f0e-80e3-0277395d1af8-GrpcLogAppender: appendEntries Timeout, request=b0fafecf-3418-4e4c-a5e4-e5075743f263->2e952fcc-3ad7-4f0e-80e3-0277395d1af8#163-t1, previous=(t:1, i:20), leaderCommit=16, initializing? false, entries: <empty>
2019-09-10 18:11:15,572 [grpc-default-executor-0] WARN  server.GrpcLogAppender (LogUtils.java:warn(134)) - b0fafecf-3418-4e4c-a5e4-e5075743f263@group-73C817937272->4faa59b0-972d-4631-8b2b-dceadefbd7cc-AppendLogResponseHandler: Failed appendEntries: org.apache.ratis.thirdparty.io.grpc.StatusRuntimeException: UNAVAILABLE: io exception
2019-09-10 18:11:15,573 [grpc-default-executor-0] INFO  impl.FollowerInfo (FollowerInfo.java:lambda$new$0(51)) - b0fafecf-3418-4e4c-a5e4-e5075743f263@group-73C817937272->4faa59b0-972d-4631-8b2b-dceadefbd7cc: nextIndex: updateUnconditionally 16 -> 15
2019-09-10 18:11:15,643 [java.util.concurrent.ThreadPoolExecutor$Worker@1d9b0166[State = -1, empty queue]] WARN  server.GrpcLogAppender (GrpcLogAppender.java:timeoutAppendRequest(200)) - 208154af-b43d-417a-8ba8-8a37a4d1ac9e@group-C08312A7C209->91e32882-d3c6-46ba-a04b-cffc2ba77210-GrpcLogAppender: appendEntries Timeout, request=208154af-b43d-417a-8ba8-8a37a4d1ac9e->91e32882-d3c6-46ba-a04b-cffc2ba77210#175-t2, previous=(t:2, i:36), leaderCommit=32, initializing? false, entries: <empty>
2019-09-10 18:11:15,656 [grpc-default-executor-4] WARN  server.GrpcLogAppender (LogUtils.java:warn(134)) - 208154af-b43d-417a-8ba8-8a37a4d1ac9e@group-C08312A7C209->35230fa9-c917-4625-844b-3841de1822d6-AppendLogResponseHandler: Failed appendEntries: org.apache.ratis.thirdparty.io.grpc.StatusRuntimeException: UNAVAILABLE: io exception
2019-09-10 18:11:15,657 [grpc-default-executor-4] INFO  impl.FollowerInfo (FollowerInfo.java:lambda$new$0(51)) - 208154af-b43d-417a-8ba8-8a37a4d1ac9e@group-C08312A7C209->35230fa9-c917-4625-844b-3841de1822d6: nextIndex: updateUnconditionally 31 -> 30
2019-09-10 18:11:15,853 [grpc-default-executor-3] WARN  server.GrpcLogAppender (LogUtils.java:warn(134)) - d8255f37-89f1-48d2-bcda-7654f43e2557@group-2C4B92B15373->8cbcd714-dd76-45fa-910f-f3e67512086a-AppendLogResponseHandler: Failed appendEntries: org.apache.ratis.thirdparty.io.grpc.StatusRuntimeException: UNAVAILABLE: io exception
2019-09-10 18:11:15,853 [grpc-default-executor-3] INFO  impl.FollowerInfo (FollowerInfo.java:lambda$new$0(51)) - d8255f37-89f1-48d2-bcda-7654f43e2557@group-2C4B92B15373->8cbcd714-dd76-45fa-910f-f3e67512086a: nextIndex: updateUnconditionally 0 -> 0
2019-09-10 18:11:15,866 [grpc-default-executor-4] WARN  server.GrpcLogAppender (LogUtils.java:warn(134)) - d8255f37-89f1-48d2-bcda-7654f43e2557@group-2C4B92B15373->49bcc910-1f14-48b7-a318-d2e01e8ffdec-AppendLogResponseHandler: Failed appendEntries: org.apache.ratis.thirdparty.io.grpc.StatusRuntimeException: UNAVAILABLE: io exception
2019-09-10 18:11:15,866 [grpc-default-executor-4] INFO  impl.FollowerInfo (FollowerInfo.java:lambda$new$0(51)) - d8255f37-89f1-48d2-bcda-7654f43e2557@group-2C4B92B15373->49bcc910-1f14-48b7-a318-d2e01e8ffdec: nextIndex: updateUnconditionally 0 -> 0
2019-09-10 18:11:16,059 [java.util.concurrent.ThreadPoolExecutor$Worker@54e454ae[State = -1, empty queue]] WARN  server.GrpcLogAppender (GrpcLogAppender.java:timeoutAppendRequest(200)) - b0fafecf-3418-4e4c-a5e4-e5075743f263@group-73C817937272->2e952fcc-3ad7-4f0e-80e3-0277395d1af8-GrpcLogAppender: appendEntries Timeout, request=b0fafecf-3418-4e4c-a5e4-e5075743f263->2e952fcc-3ad7-4f0e-80e3-0277395d1af8#164-t1, previous=(t:1, i:20), leaderCommit=16, initializing? false, entries: <empty>
2019-09-10 18:11:16,073 [grpc-default-executor-0] WARN  server.GrpcLogAppender (LogUtils.java:warn(134)) - b0fafecf-3418-4e4c-a5e4-e5075743f263@group-73C817937272->4faa59b0-972d-4631-8b2b-dceadefbd7cc-AppendLogResponseHandler: Failed appendEntries: org.apache.ratis.thirdparty.io.grpc.StatusRuntimeException: UNAVAILABLE: io exception
2019-09-10 18:11:16,073 [grpc-default-executor-0] INFO  impl.FollowerInfo (FollowerInfo.java:lambda$new$0(51)) - b0fafecf-3418-4e4c-a5e4-e5075743f263@group-73C817937272->4faa59b0-972d-4631-8b2b-dceadefbd7cc: nextIndex: updateUnconditionally 15 -> 14
2019-09-10 18:11:16,149 [java.util.concurrent.ThreadPoolExecutor$Worker@1d9b0166[State = -1, empty queue]] WARN  server.GrpcLogAppender (GrpcLogAppender.java:timeoutAppendRequest(200)) - 208154af-b43d-417a-8ba8-8a37a4d1ac9e@group-C08312A7C209->91e32882-d3c6-46ba-a04b-cffc2ba77210-GrpcLogAppender: appendEntries Timeout, request=208154af-b43d-417a-8ba8-8a37a4d1ac9e->91e32882-d3c6-46ba-a04b-cffc2ba77210#176-t2, previous=(t:2, i:36), leaderCommit=32, initializing? false, entries: <empty>
2019-09-10 18:11:16,157 [grpc-default-executor-3] WARN  server.GrpcLogAppender (LogUtils.java:warn(134)) - 208154af-b43d-417a-8ba8-8a37a4d1ac9e@group-C08312A7C209->35230fa9-c917-4625-844b-3841de1822d6-AppendLogResponseHandler: Failed appendEntries: org.apache.ratis.thirdparty.io.grpc.StatusRuntimeException: UNAVAILABLE: io exception
2019-09-10 18:11:16,157 [grpc-default-executor-3] INFO  impl.FollowerInfo (FollowerInfo.java:lambda$new$0(51)) - 208154af-b43d-417a-8ba8-8a37a4d1ac9e@group-C08312A7C209->35230fa9-c917-4625-844b-3841de1822d6: nextIndex: updateUnconditionally 30 -> 29
2019-09-10 18:11:16,353 [grpc-default-executor-3] WARN  server.GrpcLogAppender (LogUtils.java:warn(134)) - d8255f37-89f1-48d2-bcda-7654f43e2557@group-2C4B92B15373->8cbcd714-dd76-45fa-910f-f3e67512086a-AppendLogResponseHandler: Failed appendEntries: org.apache.ratis.thirdparty.io.grpc.StatusRuntimeException: UNAVAILABLE: io exception
2019-09-10 18:11:16,354 [grpc-default-executor-3] INFO  impl.FollowerInfo (FollowerInfo.java:lambda$new$0(51)) - d8255f37-89f1-48d2-bcda-7654f43e2557@group-2C4B92B15373->8cbcd714-dd76-45fa-910f-f3e67512086a: nextIndex: updateUnconditionally 0 -> 0
2019-09-10 18:11:16,366 [grpc-default-executor-4] WARN  server.GrpcLogAppender (LogUtils.java:warn(134)) - d8255f37-89f1-48d2-bcda-7654f43e2557@group-2C4B92B15373->49bcc910-1f14-48b7-a318-d2e01e8ffdec-AppendLogResponseHandler: Failed appendEntries: org.apache.ratis.thirdparty.io.grpc.StatusRuntimeException: UNAVAILABLE: io exception
2019-09-10 18:11:16,366 [grpc-default-executor-4] INFO  impl.FollowerInfo (FollowerInfo.java:lambda$new$0(51)) - d8255f37-89f1-48d2-bcda-7654f43e2557@group-2C4B92B15373->49bcc910-1f14-48b7-a318-d2e01e8ffdec: nextIndex: updateUnconditionally 0 -> 0
2019-09-10 18:11:16,559 [java.util.concurrent.ThreadPoolExecutor$Worker@54e454ae[State = -1, empty queue]] WARN  server.GrpcLogAppender (GrpcLogAppender.java:timeoutAppendRequest(200)) - b0fafecf-3418-4e4c-a5e4-e5075743f263@group-73C817937272->2e952fcc-3ad7-4f0e-80e3-0277395d1af8-GrpcLogAppender: appendEntries Timeout, request=b0fafecf-3418-4e4c-a5e4-e5075743f263->2e952fcc-3ad7-4f0e-80e3-0277395d1af8#165-t1, previous=(t:1, i:20), leaderCommit=16, initializing? false, entries: <empty>
2019-09-10 18:11:16,576 [grpc-default-executor-0] WARN  server.GrpcLogAppender (LogUtils.java:warn(134)) - b0fafecf-3418-4e4c-a5e4-e5075743f263@group-73C817937272->4faa59b0-972d-4631-8b2b-dceadefbd7cc-AppendLogResponseHandler: Failed appendEntries: org.apache.ratis.thirdparty.io.grpc.StatusRuntimeException: UNAVAILABLE: io exception
2019-09-10 18:11:16,577 [grpc-default-executor-0] INFO  impl.FollowerInfo (FollowerInfo.java:lambda$new$0(51)) - b0fafecf-3418-4e4c-a5e4-e5075743f263@group-73C817937272->4faa59b0-972d-4631-8b2b-dceadefbd7cc: nextIndex: updateUnconditionally 14 -> 13
2019-09-10 18:11:16,649 [java.util.concurrent.ThreadPoolExecutor$Worker@1d9b0166[State = -1, empty queue]] WARN  server.GrpcLogAppender (GrpcLogAppender.java:timeoutAppendRequest(200)) - 208154af-b43d-417a-8ba8-8a37a4d1ac9e@group-C08312A7C209->91e32882-d3c6-46ba-a04b-cffc2ba77210-GrpcLogAppender: appendEntries Timeout, request=208154af-b43d-417a-8ba8-8a37a4d1ac9e->91e32882-d3c6-46ba-a04b-cffc2ba77210#177-t2, previous=(t:2, i:36), leaderCommit=32, initializing? false, entries: <empty>
2019-09-10 18:11:16,658 [grpc-default-executor-3] WARN  server.GrpcLogAppender (LogUtils.java:warn(134)) - 208154af-b43d-417a-8ba8-8a37a4d1ac9e@group-C08312A7C209->35230fa9-c917-4625-844b-3841de1822d6-AppendLogResponseHandler: Failed appendEntries: org.apache.ratis.thirdparty.io.grpc.StatusRuntimeException: UNAVAILABLE: io exception
2019-09-10 18:11:16,658 [grpc-default-executor-3] INFO  impl.FollowerInfo (FollowerInfo.java:lambda$new$0(51)) - 208154af-b43d-417a-8ba8-8a37a4d1ac9e@group-C08312A7C209->35230fa9-c917-4625-844b-3841de1822d6: nextIndex: updateUnconditionally 29 -> 28
2019-09-10 18:11:16,854 [grpc-default-executor-4] WARN  server.GrpcLogAppender (LogUtils.java:warn(134)) - d8255f37-89f1-48d2-bcda-7654f43e2557@group-2C4B92B15373->8cbcd714-dd76-45fa-910f-f3e67512086a-AppendLogResponseHandler: Failed appendEntries: org.apache.ratis.thirdparty.io.grpc.StatusRuntimeException: UNAVAILABLE: io exception
2019-09-10 18:11:16,855 [grpc-default-executor-4] INFO  impl.FollowerInfo (FollowerInfo.java:lambda$new$0(51)) - d8255f37-89f1-48d2-bcda-7654f43e2557@group-2C4B92B15373->8cbcd714-dd76-45fa-910f-f3e67512086a: nextIndex: updateUnconditionally 0 -> 0
2019-09-10 18:11:16,867 [grpc-default-executor-0] WARN  server.GrpcLogAppender (LogUtils.java:warn(134)) - d8255f37-89f1-48d2-bcda-7654f43e2557@group-2C4B92B15373->49bcc910-1f14-48b7-a318-d2e01e8ffdec-AppendLogResponseHandler: Failed appendEntries: org.apache.ratis.thirdparty.io.grpc.StatusRuntimeException: UNAVAILABLE: io exception
2019-09-10 18:11:16,867 [grpc-default-executor-0] INFO  impl.FollowerInfo (FollowerInfo.java:lambda$new$0(51)) - d8255f37-89f1-48d2-bcda-7654f43e2557@group-2C4B92B15373->49bcc910-1f14-48b7-a318-d2e01e8ffdec: nextIndex: updateUnconditionally 0 -> 0
2019-09-10 18:11:17,004 [b0fafecf-3418-4e4c-a5e4-e5075743f263@group-73C817937272-SegmentedRaftLogWorker] WARN  segmented.SegmentedRaftLogWorker (SegmentedRaftLogWorker.java:getFromFuture(90)) - Timeout 4/~
org.apache.ratis.protocol.TimeoutIOException: Timeout 10s: WriteLog:17: (t:1, i:17), STATEMACHINELOGENTRY, client-79319F45854E, cid=51-writeStateMachineData
	at org.apache.ratis.util.IOUtils.getFromFuture(IOUtils.java:87)
	at org.apache.ratis.server.raftlog.segmented.SegmentedRaftLogWorker$StateMachineDataPolicy.getFromFuture(SegmentedRaftLogWorker.java:87)
	at org.apache.ratis.server.raftlog.segmented.SegmentedRaftLogWorker$WriteLog.execute(SegmentedRaftLogWorker.java:477)
	at org.apache.ratis.server.raftlog.segmented.SegmentedRaftLogWorker.run(SegmentedRaftLogWorker.java:289)
	at java.lang.Thread.run(Thread.java:748)
Caused by: java.util.concurrent.TimeoutException
	at java.util.concurrent.CompletableFuture.timedGet(CompletableFuture.java:1771)
	at java.util.concurrent.CompletableFuture.get(CompletableFuture.java:1915)
	at org.apache.ratis.util.IOUtils.getFromFuture(IOUtils.java:79)
	... 4 more
2019-09-10 18:11:17,038 [2e952fcc-3ad7-4f0e-80e3-0277395d1af8@group-73C817937272-SegmentedRaftLogWorker] WARN  segmented.SegmentedRaftLogWorker (SegmentedRaftLogWorker.java:getFromFuture(90)) - Timeout 4/~
org.apache.ratis.protocol.TimeoutIOException: Timeout 10s: WriteLog:17: (t:1, i:17), STATEMACHINELOGENTRY, client-79319F45854E, cid=51-writeStateMachineData
	at org.apache.ratis.util.IOUtils.getFromFuture(IOUtils.java:87)
	at org.apache.ratis.server.raftlog.segmented.SegmentedRaftLogWorker$StateMachineDataPolicy.getFromFuture(SegmentedRaftLogWorker.java:87)
	at org.apache.ratis.server.raftlog.segmented.SegmentedRaftLogWorker$WriteLog.execute(SegmentedRaftLogWorker.java:477)
	at org.apache.ratis.server.raftlog.segmented.SegmentedRaftLogWorker.run(SegmentedRaftLogWorker.java:289)
	at java.lang.Thread.run(Thread.java:748)
Caused by: java.util.concurrent.TimeoutException
	at java.util.concurrent.CompletableFuture.timedGet(CompletableFuture.java:1771)
	at java.util.concurrent.CompletableFuture.get(CompletableFuture.java:1915)
	at org.apache.ratis.util.IOUtils.getFromFuture(IOUtils.java:79)
	... 4 more
2019-09-10 18:11:17,060 [java.util.concurrent.ThreadPoolExecutor$Worker@54e454ae[State = -1, empty queue]] WARN  server.GrpcLogAppender (GrpcLogAppender.java:timeoutAppendRequest(200)) - b0fafecf-3418-4e4c-a5e4-e5075743f263@group-73C817937272->2e952fcc-3ad7-4f0e-80e3-0277395d1af8-GrpcLogAppender: appendEntries Timeout, request=b0fafecf-3418-4e4c-a5e4-e5075743f263->2e952fcc-3ad7-4f0e-80e3-0277395d1af8#166-t1, previous=(t:1, i:20), leaderCommit=16, initializing? false, entries: <empty>
2019-09-10 18:11:17,076 [grpc-default-executor-3] WARN  server.GrpcLogAppender (LogUtils.java:warn(134)) - b0fafecf-3418-4e4c-a5e4-e5075743f263@group-73C817937272->4faa59b0-972d-4631-8b2b-dceadefbd7cc-AppendLogResponseHandler: Failed appendEntries: org.apache.ratis.thirdparty.io.grpc.StatusRuntimeException: UNAVAILABLE: io exception
2019-09-10 18:11:17,076 [grpc-default-executor-3] INFO  impl.FollowerInfo (FollowerInfo.java:lambda$new$0(51)) - b0fafecf-3418-4e4c-a5e4-e5075743f263@group-73C817937272->4faa59b0-972d-4631-8b2b-dceadefbd7cc: nextIndex: updateUnconditionally 13 -> 12
2019-09-10 18:11:17,153 [java.util.concurrent.ThreadPoolExecutor$Worker@1d9b0166[State = -1, empty queue]] WARN  server.GrpcLogAppender (GrpcLogAppender.java:timeoutAppendRequest(200)) - 208154af-b43d-417a-8ba8-8a37a4d1ac9e@group-C08312A7C209->91e32882-d3c6-46ba-a04b-cffc2ba77210-GrpcLogAppender: appendEntries Timeout, request=208154af-b43d-417a-8ba8-8a37a4d1ac9e->91e32882-d3c6-46ba-a04b-cffc2ba77210#178-t2, previous=(t:2, i:36), leaderCommit=32, initializing? false, entries: <empty>
2019-09-10 18:11:17,159 [grpc-default-executor-0] WARN  server.GrpcLogAppender (LogUtils.java:warn(134)) - 208154af-b43d-417a-8ba8-8a37a4d1ac9e@group-C08312A7C209->35230fa9-c917-4625-844b-3841de1822d6-AppendLogResponseHandler: Failed appendEntries: org.apache.ratis.thirdparty.io.grpc.StatusRuntimeException: UNAVAILABLE: io exception
2019-09-10 18:11:17,159 [grpc-default-executor-0] INFO  impl.FollowerInfo (FollowerInfo.java:lambda$new$0(51)) - 208154af-b43d-417a-8ba8-8a37a4d1ac9e@group-C08312A7C209->35230fa9-c917-4625-844b-3841de1822d6: nextIndex: updateUnconditionally 28 -> 27
2019-09-10 18:11:17,355 [grpc-default-executor-4] WARN  server.GrpcLogAppender (LogUtils.java:warn(134)) - d8255f37-89f1-48d2-bcda-7654f43e2557@group-2C4B92B15373->8cbcd714-dd76-45fa-910f-f3e67512086a-AppendLogResponseHandler: Failed appendEntries: org.apache.ratis.thirdparty.io.grpc.StatusRuntimeException: UNAVAILABLE: io exception
2019-09-10 18:11:17,356 [grpc-default-executor-4] INFO  impl.FollowerInfo (FollowerInfo.java:lambda$new$0(51)) - d8255f37-89f1-48d2-bcda-7654f43e2557@group-2C4B92B15373->8cbcd714-dd76-45fa-910f-f3e67512086a: nextIndex: updateUnconditionally 0 -> 0
2019-09-10 18:11:17,367 [grpc-default-executor-3] WARN  server.GrpcLogAppender (LogUtils.java:warn(134)) - d8255f37-89f1-48d2-bcda-7654f43e2557@group-2C4B92B15373->49bcc910-1f14-48b7-a318-d2e01e8ffdec-AppendLogResponseHandler: Failed appendEntries: org.apache.ratis.thirdparty.io.grpc.StatusRuntimeException: UNAVAILABLE: io exception
2019-09-10 18:11:17,367 [grpc-default-executor-3] INFO  impl.FollowerInfo (FollowerInfo.java:lambda$new$0(51)) - d8255f37-89f1-48d2-bcda-7654f43e2557@group-2C4B92B15373->49bcc910-1f14-48b7-a318-d2e01e8ffdec: nextIndex: updateUnconditionally 0 -> 0
2019-09-10 18:11:17,566 [java.util.concurrent.ThreadPoolExecutor$Worker@54e454ae[State = -1, empty queue]] WARN  server.GrpcLogAppender (GrpcLogAppender.java:timeoutAppendRequest(200)) - b0fafecf-3418-4e4c-a5e4-e5075743f263@group-73C817937272->2e952fcc-3ad7-4f0e-80e3-0277395d1af8-GrpcLogAppender: appendEntries Timeout, request=b0fafecf-3418-4e4c-a5e4-e5075743f263->2e952fcc-3ad7-4f0e-80e3-0277395d1af8#167-t1, previous=(t:1, i:20), leaderCommit=16, initializing? false, entries: <empty>
2019-09-10 18:11:17,578 [grpc-default-executor-0] WARN  server.GrpcLogAppender (LogUtils.java:warn(134)) - b0fafecf-3418-4e4c-a5e4-e5075743f263@group-73C817937272->4faa59b0-972d-4631-8b2b-dceadefbd7cc-AppendLogResponseHandler: Failed appendEntries: org.apache.ratis.thirdparty.io.grpc.StatusRuntimeException: UNAVAILABLE: io exception
2019-09-10 18:11:17,578 [grpc-default-executor-0] INFO  impl.FollowerInfo (FollowerInfo.java:lambda$new$0(51)) - b0fafecf-3418-4e4c-a5e4-e5075743f263@group-73C817937272->4faa59b0-972d-4631-8b2b-dceadefbd7cc: nextIndex: updateUnconditionally 12 -> 11
2019-09-10 18:11:17,653 [java.util.concurrent.ThreadPoolExecutor$Worker@1d9b0166[State = -1, empty queue]] WARN  server.GrpcLogAppender (GrpcLogAppender.java:timeoutAppendRequest(200)) - 208154af-b43d-417a-8ba8-8a37a4d1ac9e@group-C08312A7C209->91e32882-d3c6-46ba-a04b-cffc2ba77210-GrpcLogAppender: appendEntries Timeout, request=208154af-b43d-417a-8ba8-8a37a4d1ac9e->91e32882-d3c6-46ba-a04b-cffc2ba77210#179-t2, previous=(t:2, i:36), leaderCommit=32, initializing? false, entries: <empty>
2019-09-10 18:11:17,659 [grpc-default-executor-4] WARN  server.GrpcLogAppender (LogUtils.java:warn(134)) - 208154af-b43d-417a-8ba8-8a37a4d1ac9e@group-C08312A7C209->35230fa9-c917-4625-844b-3841de1822d6-AppendLogResponseHandler: Failed appendEntries: org.apache.ratis.thirdparty.io.grpc.StatusRuntimeException: UNAVAILABLE: io exception
2019-09-10 18:11:17,659 [grpc-default-executor-4] INFO  impl.FollowerInfo (FollowerInfo.java:lambda$new$0(51)) - 208154af-b43d-417a-8ba8-8a37a4d1ac9e@group-C08312A7C209->35230fa9-c917-4625-844b-3841de1822d6: nextIndex: updateUnconditionally 27 -> 26
2019-09-10 18:11:17,856 [grpc-default-executor-3] WARN  server.GrpcLogAppender (LogUtils.java:warn(134)) - d8255f37-89f1-48d2-bcda-7654f43e2557@group-2C4B92B15373->8cbcd714-dd76-45fa-910f-f3e67512086a-AppendLogResponseHandler: Failed appendEntries: org.apache.ratis.thirdparty.io.grpc.StatusRuntimeException: UNAVAILABLE: io exception
2019-09-10 18:11:17,857 [grpc-default-executor-3] INFO  impl.FollowerInfo (FollowerInfo.java:lambda$new$0(51)) - d8255f37-89f1-48d2-bcda-7654f43e2557@group-2C4B92B15373->8cbcd714-dd76-45fa-910f-f3e67512086a: nextIndex: updateUnconditionally 0 -> 0
2019-09-10 18:11:17,868 [grpc-default-executor-0] WARN  server.GrpcLogAppender (LogUtils.java:warn(134)) - d8255f37-89f1-48d2-bcda-7654f43e2557@group-2C4B92B15373->49bcc910-1f14-48b7-a318-d2e01e8ffdec-AppendLogResponseHandler: Failed appendEntries: org.apache.ratis.thirdparty.io.grpc.StatusRuntimeException: UNAVAILABLE: io exception
2019-09-10 18:11:17,868 [grpc-default-executor-0] INFO  impl.FollowerInfo (FollowerInfo.java:lambda$new$0(51)) - d8255f37-89f1-48d2-bcda-7654f43e2557@group-2C4B92B15373->49bcc910-1f14-48b7-a318-d2e01e8ffdec: nextIndex: updateUnconditionally 0 -> 0
2019-09-10 18:11:18,067 [java.util.concurrent.ThreadPoolExecutor$Worker@54e454ae[State = -1, empty queue]] WARN  server.GrpcLogAppender (GrpcLogAppender.java:timeoutAppendRequest(200)) - b0fafecf-3418-4e4c-a5e4-e5075743f263@group-73C817937272->2e952fcc-3ad7-4f0e-80e3-0277395d1af8-GrpcLogAppender: appendEntries Timeout, request=b0fafecf-3418-4e4c-a5e4-e5075743f263->2e952fcc-3ad7-4f0e-80e3-0277395d1af8#168-t1, previous=(t:1, i:20), leaderCommit=16, initializing? false, entries: <empty>
2019-09-10 18:11:18,080 [grpc-default-executor-0] WARN  server.GrpcLogAppender (LogUtils.java:warn(134)) - b0fafecf-3418-4e4c-a5e4-e5075743f263@group-73C817937272->4faa59b0-972d-4631-8b2b-dceadefbd7cc-AppendLogResponseHandler: Failed appendEntries: org.apache.ratis.thirdparty.io.grpc.StatusRuntimeException: UNAVAILABLE: io exception
2019-09-10 18:11:18,080 [grpc-default-executor-0] INFO  impl.FollowerInfo (FollowerInfo.java:lambda$new$0(51)) - b0fafecf-3418-4e4c-a5e4-e5075743f263@group-73C817937272->4faa59b0-972d-4631-8b2b-dceadefbd7cc: nextIndex: updateUnconditionally 11 -> 10
2019-09-10 18:11:18,153 [java.util.concurrent.ThreadPoolExecutor$Worker@1d9b0166[State = -1, empty queue]] WARN  server.GrpcLogAppender (GrpcLogAppender.java:timeoutAppendRequest(200)) - 208154af-b43d-417a-8ba8-8a37a4d1ac9e@group-C08312A7C209->91e32882-d3c6-46ba-a04b-cffc2ba77210-GrpcLogAppender: appendEntries Timeout, request=208154af-b43d-417a-8ba8-8a37a4d1ac9e->91e32882-d3c6-46ba-a04b-cffc2ba77210#180-t2, previous=(t:2, i:36), leaderCommit=32, initializing? false, entries: <empty>
2019-09-10 18:11:18,160 [grpc-default-executor-0] WARN  server.GrpcLogAppender (LogUtils.java:warn(134)) - 208154af-b43d-417a-8ba8-8a37a4d1ac9e@group-C08312A7C209->35230fa9-c917-4625-844b-3841de1822d6-AppendLogResponseHandler: Failed appendEntries: org.apache.ratis.thirdparty.io.grpc.StatusRuntimeException: UNAVAILABLE: io exception
2019-09-10 18:11:18,160 [grpc-default-executor-0] INFO  impl.FollowerInfo (FollowerInfo.java:lambda$new$0(51)) - 208154af-b43d-417a-8ba8-8a37a4d1ac9e@group-C08312A7C209->35230fa9-c917-4625-844b-3841de1822d6: nextIndex: updateUnconditionally 26 -> 25
2019-09-10 18:11:18,357 [grpc-default-executor-0] WARN  server.GrpcLogAppender (LogUtils.java:warn(134)) - d8255f37-89f1-48d2-bcda-7654f43e2557@group-2C4B92B15373->8cbcd714-dd76-45fa-910f-f3e67512086a-AppendLogResponseHandler: Failed appendEntries: org.apache.ratis.thirdparty.io.grpc.StatusRuntimeException: UNAVAILABLE: io exception
2019-09-10 18:11:18,358 [grpc-default-executor-0] INFO  impl.FollowerInfo (FollowerInfo.java:lambda$new$0(51)) - d8255f37-89f1-48d2-bcda-7654f43e2557@group-2C4B92B15373->8cbcd714-dd76-45fa-910f-f3e67512086a: nextIndex: updateUnconditionally 0 -> 0
2019-09-10 18:11:18,368 [grpc-default-executor-0] WARN  server.GrpcLogAppender (LogUtils.java:warn(134)) - d8255f37-89f1-48d2-bcda-7654f43e2557@group-2C4B92B15373->49bcc910-1f14-48b7-a318-d2e01e8ffdec-AppendLogResponseHandler: Failed appendEntries: org.apache.ratis.thirdparty.io.grpc.StatusRuntimeException: UNAVAILABLE: io exception
2019-09-10 18:11:18,368 [grpc-default-executor-0] INFO  impl.FollowerInfo (FollowerInfo.java:lambda$new$0(51)) - d8255f37-89f1-48d2-bcda-7654f43e2557@group-2C4B92B15373->49bcc910-1f14-48b7-a318-d2e01e8ffdec: nextIndex: updateUnconditionally 0 -> 0
2019-09-10 18:11:18,567 [java.util.concurrent.ThreadPoolExecutor$Worker@54e454ae[State = -1, empty queue]] WARN  server.GrpcLogAppender (GrpcLogAppender.java:timeoutAppendRequest(200)) - b0fafecf-3418-4e4c-a5e4-e5075743f263@group-73C817937272->2e952fcc-3ad7-4f0e-80e3-0277395d1af8-GrpcLogAppender: appendEntries Timeout, request=b0fafecf-3418-4e4c-a5e4-e5075743f263->2e952fcc-3ad7-4f0e-80e3-0277395d1af8#169-t1, previous=(t:1, i:20), leaderCommit=16, initializing? false, entries: <empty>
2019-09-10 18:11:18,584 [grpc-default-executor-0] WARN  server.GrpcLogAppender (LogUtils.java:warn(134)) - b0fafecf-3418-4e4c-a5e4-e5075743f263@group-73C817937272->4faa59b0-972d-4631-8b2b-dceadefbd7cc-AppendLogResponseHandler: Failed appendEntries: org.apache.ratis.thirdparty.io.grpc.StatusRuntimeException: UNAVAILABLE: io exception
2019-09-10 18:11:18,584 [grpc-default-executor-0] INFO  impl.FollowerInfo (FollowerInfo.java:lambda$new$0(51)) - b0fafecf-3418-4e4c-a5e4-e5075743f263@group-73C817937272->4faa59b0-972d-4631-8b2b-dceadefbd7cc: nextIndex: updateUnconditionally 10 -> 9
2019-09-10 18:11:18,654 [java.util.concurrent.ThreadPoolExecutor$Worker@1d9b0166[State = -1, empty queue]] WARN  server.GrpcLogAppender (GrpcLogAppender.java:timeoutAppendRequest(200)) - 208154af-b43d-417a-8ba8-8a37a4d1ac9e@group-C08312A7C209->91e32882-d3c6-46ba-a04b-cffc2ba77210-GrpcLogAppender: appendEntries Timeout, request=208154af-b43d-417a-8ba8-8a37a4d1ac9e->91e32882-d3c6-46ba-a04b-cffc2ba77210#181-t2, previous=(t:2, i:36), leaderCommit=32, initializing? false, entries: <empty>
2019-09-10 18:11:18,660 [grpc-default-executor-4] WARN  server.GrpcLogAppender (LogUtils.java:warn(134)) - 208154af-b43d-417a-8ba8-8a37a4d1ac9e@group-C08312A7C209->35230fa9-c917-4625-844b-3841de1822d6-AppendLogResponseHandler: Failed appendEntries: org.apache.ratis.thirdparty.io.grpc.StatusRuntimeException: UNAVAILABLE: io exception
2019-09-10 18:11:18,660 [grpc-default-executor-4] INFO  impl.FollowerInfo (FollowerInfo.java:lambda$new$0(51)) - 208154af-b43d-417a-8ba8-8a37a4d1ac9e@group-C08312A7C209->35230fa9-c917-4625-844b-3841de1822d6: nextIndex: updateUnconditionally 25 -> 24
2019-09-10 18:11:18,860 [grpc-default-executor-4] WARN  server.GrpcLogAppender (LogUtils.java:warn(134)) - d8255f37-89f1-48d2-bcda-7654f43e2557@group-2C4B92B15373->8cbcd714-dd76-45fa-910f-f3e67512086a-AppendLogResponseHandler: Failed appendEntries: org.apache.ratis.thirdparty.io.grpc.StatusRuntimeException: UNAVAILABLE: io exception
2019-09-10 18:11:18,860 [grpc-default-executor-4] INFO  impl.FollowerInfo (FollowerInfo.java:lambda$new$0(51)) - d8255f37-89f1-48d2-bcda-7654f43e2557@group-2C4B92B15373->8cbcd714-dd76-45fa-910f-f3e67512086a: nextIndex: updateUnconditionally 0 -> 0
2019-09-10 18:11:18,869 [grpc-default-executor-0] WARN  server.GrpcLogAppender (LogUtils.java:warn(134)) - d8255f37-89f1-48d2-bcda-7654f43e2557@group-2C4B92B15373->49bcc910-1f14-48b7-a318-d2e01e8ffdec-AppendLogResponseHandler: Failed appendEntries: org.apache.ratis.thirdparty.io.grpc.StatusRuntimeException: UNAVAILABLE: io exception
2019-09-10 18:11:18,869 [grpc-default-executor-0] INFO  impl.FollowerInfo (FollowerInfo.java:lambda$new$0(51)) - d8255f37-89f1-48d2-bcda-7654f43e2557@group-2C4B92B15373->49bcc910-1f14-48b7-a318-d2e01e8ffdec: nextIndex: updateUnconditionally 0 -> 0
2019-09-10 18:11:19,068 [java.util.concurrent.ThreadPoolExecutor$Worker@54e454ae[State = -1, empty queue]] WARN  server.GrpcLogAppender (GrpcLogAppender.java:timeoutAppendRequest(200)) - b0fafecf-3418-4e4c-a5e4-e5075743f263@group-73C817937272->2e952fcc-3ad7-4f0e-80e3-0277395d1af8-GrpcLogAppender: appendEntries Timeout, request=b0fafecf-3418-4e4c-a5e4-e5075743f263->2e952fcc-3ad7-4f0e-80e3-0277395d1af8#170-t1, previous=(t:1, i:20), leaderCommit=16, initializing? false, entries: <empty>
2019-09-10 18:11:19,086 [grpc-default-executor-0] WARN  server.GrpcLogAppender (LogUtils.java:warn(134)) - b0fafecf-3418-4e4c-a5e4-e5075743f263@group-73C817937272->4faa59b0-972d-4631-8b2b-dceadefbd7cc-AppendLogResponseHandler: Failed appendEntries: org.apache.ratis.thirdparty.io.grpc.StatusRuntimeException: UNAVAILABLE: io exception
2019-09-10 18:11:19,087 [grpc-default-executor-0] INFO  impl.FollowerInfo (FollowerInfo.java:lambda$new$0(51)) - b0fafecf-3418-4e4c-a5e4-e5075743f263@group-73C817937272->4faa59b0-972d-4631-8b2b-dceadefbd7cc: nextIndex: updateUnconditionally 9 -> 8
2019-09-10 18:11:19,154 [java.util.concurrent.ThreadPoolExecutor$Worker@1d9b0166[State = -1, empty queue]] WARN  server.GrpcLogAppender (GrpcLogAppender.java:timeoutAppendRequest(200)) - 208154af-b43d-417a-8ba8-8a37a4d1ac9e@group-C08312A7C209->91e32882-d3c6-46ba-a04b-cffc2ba77210-GrpcLogAppender: appendEntries Timeout, request=208154af-b43d-417a-8ba8-8a37a4d1ac9e->91e32882-d3c6-46ba-a04b-cffc2ba77210#182-t2, previous=(t:2, i:36), leaderCommit=32, initializing? false, entries: <empty>
2019-09-10 18:11:19,318 [grpc-default-executor-3] WARN  server.GrpcLogAppender (LogUtils.java:warn(134)) - 208154af-b43d-417a-8ba8-8a37a4d1ac9e@group-C08312A7C209->35230fa9-c917-4625-844b-3841de1822d6-AppendLogResponseHandler: Failed appendEntries: org.apache.ratis.thirdparty.io.grpc.StatusRuntimeException: UNAVAILABLE: io exception
2019-09-10 18:11:19,319 [grpc-default-executor-3] INFO  impl.FollowerInfo (FollowerInfo.java:lambda$new$0(51)) - 208154af-b43d-417a-8ba8-8a37a4d1ac9e@group-C08312A7C209->35230fa9-c917-4625-844b-3841de1822d6: nextIndex: updateUnconditionally 24 -> 23
2019-09-10 18:11:19,367 [grpc-default-executor-4] WARN  server.GrpcLogAppender (LogUtils.java:warn(134)) - d8255f37-89f1-48d2-bcda-7654f43e2557@group-2C4B92B15373->8cbcd714-dd76-45fa-910f-f3e67512086a-AppendLogResponseHandler: Failed appendEntries: org.apache.ratis.thirdparty.io.grpc.StatusRuntimeException: UNAVAILABLE: io exception
2019-09-10 18:11:19,367 [grpc-default-executor-4] INFO  impl.FollowerInfo (FollowerInfo.java:lambda$new$0(51)) - d8255f37-89f1-48d2-bcda-7654f43e2557@group-2C4B92B15373->8cbcd714-dd76-45fa-910f-f3e67512086a: nextIndex: updateUnconditionally 0 -> 0
2019-09-10 18:11:19,370 [grpc-default-executor-0] WARN  server.GrpcLogAppender (LogUtils.java:warn(134)) - d8255f37-89f1-48d2-bcda-7654f43e2557@group-2C4B92B15373->49bcc910-1f14-48b7-a318-d2e01e8ffdec-AppendLogResponseHandler: Failed appendEntries: org.apache.ratis.thirdparty.io.grpc.StatusRuntimeException: UNAVAILABLE: io exception
2019-09-10 18:11:19,370 [grpc-default-executor-0] INFO  impl.FollowerInfo (FollowerInfo.java:lambda$new$0(51)) - d8255f37-89f1-48d2-bcda-7654f43e2557@group-2C4B92B15373->49bcc910-1f14-48b7-a318-d2e01e8ffdec: nextIndex: updateUnconditionally 0 -> 0
2019-09-10 18:11:19,568 [java.util.concurrent.ThreadPoolExecutor$Worker@54e454ae[State = -1, empty queue]] WARN  server.GrpcLogAppender (GrpcLogAppender.java:timeoutAppendRequest(200)) - b0fafecf-3418-4e4c-a5e4-e5075743f263@group-73C817937272->2e952fcc-3ad7-4f0e-80e3-0277395d1af8-GrpcLogAppender: appendEntries Timeout, request=b0fafecf-3418-4e4c-a5e4-e5075743f263->2e952fcc-3ad7-4f0e-80e3-0277395d1af8#171-t1, previous=(t:1, i:20), leaderCommit=16, initializing? false, entries: <empty>
2019-09-10 18:11:19,586 [grpc-default-executor-4] WARN  server.GrpcLogAppender (LogUtils.java:warn(134)) - b0fafecf-3418-4e4c-a5e4-e5075743f263@group-73C817937272->4faa59b0-972d-4631-8b2b-dceadefbd7cc-AppendLogResponseHandler: Failed appendEntries: org.apache.ratis.thirdparty.io.grpc.StatusRuntimeException: UNAVAILABLE: io exception
2019-09-10 18:11:19,586 [grpc-default-executor-4] INFO  impl.FollowerInfo (FollowerInfo.java:lambda$new$0(51)) - b0fafecf-3418-4e4c-a5e4-e5075743f263@group-73C817937272->4faa59b0-972d-4631-8b2b-dceadefbd7cc: nextIndex: updateUnconditionally 8 -> 7
2019-09-10 18:11:19,622 [ForkJoinPool.commonPool-worker-0] INFO  ozoneimpl.OzoneContainer (OzoneContainer.java:stop(231)) - Attempting to stop container services.
2019-09-10 18:11:19,622 [ForkJoinPool.commonPool-worker-0] INFO  impl.RaftServerProxy (RaftServerProxy.java:lambda$close$4(314)) - 208154af-b43d-417a-8ba8-8a37a4d1ac9e: close
2019-09-10 18:11:19,623 [ForkJoinPool.commonPool-worker-0] INFO  impl.RaftServerImpl (RaftServerImpl.java:lambda$shutdown$3(251)) - 208154af-b43d-417a-8ba8-8a37a4d1ac9e@group-C08312A7C209: shutdown
2019-09-10 18:11:19,623 [ForkJoinPool.commonPool-worker-0] INFO  util.JmxRegister (JmxRegister.java:unregister(73)) - Successfully un-registered JMX Bean with object name Ratis:service=RaftServer,group=group-C08312A7C209,id=208154af-b43d-417a-8ba8-8a37a4d1ac9e
2019-09-10 18:11:19,623 [ForkJoinPool.commonPool-worker-0] INFO  impl.RoleInfo (RoleInfo.java:shutdownLeaderState(104)) - 208154af-b43d-417a-8ba8-8a37a4d1ac9e: shutdown LeaderState
2019-09-10 18:11:19,627 [ForkJoinPool.commonPool-worker-0] INFO  impl.PendingRequests (PendingRequests.java:sendNotLeaderResponses(202)) - 208154af-b43d-417a-8ba8-8a37a4d1ac9e-PendingRequests: sendNotLeaderResponses
2019-09-10 18:11:19,627 [org.apache.ratis.server.impl.LogAppender$AppenderDaemon$$Lambda$500/1508363586@3272550b] WARN  server.GrpcLogAppender (GrpcLogAppender.java:mayWait(143)) - 208154af-b43d-417a-8ba8-8a37a4d1ac9e@group-C08312A7C209->35230fa9-c917-4625-844b-3841de1822d6-GrpcLogAppender: Wait interrupted by java.lang.InterruptedException
2019-09-10 18:11:19,627 [org.apache.ratis.server.impl.LogAppender$AppenderDaemon$$Lambda$500/1508363586@ab51a82] WARN  server.GrpcLogAppender (GrpcLogAppender.java:mayWait(143)) - 208154af-b43d-417a-8ba8-8a37a4d1ac9e@group-C08312A7C209->91e32882-d3c6-46ba-a04b-cffc2ba77210-GrpcLogAppender: Wait interrupted by java.lang.InterruptedException
2019-09-10 18:11:19,631 [ForkJoinPool.commonPool-worker-0] INFO  impl.StateMachineUpdater (StateMachineUpdater.java:stopAndJoin(125)) - 208154af-b43d-417a-8ba8-8a37a4d1ac9e@group-C08312A7C209-StateMachineUpdater: set stopIndex = 32
2019-09-10 18:11:19,631 [208154af-b43d-417a-8ba8-8a37a4d1ac9e@group-C08312A7C209-StateMachineUpdater] INFO  ratis.ContainerStateMachine (ContainerStateMachine.java:takeSnapshot(289)) - group-C08312A7C209: Taking a snapshot at:(t:2, i:30) file /workdir/hadoop-ozone/integration-test/target/test-dir/MiniOzoneClusterImpl-a4bba3eb-5ae6-43ba-8544-0cc5de04918c/datanode-3/data/ratis/fc3a16e9-2f63-4db1-ad0a-c08312a7c209/sm/snapshot.2_30
2019-09-10 18:11:19,633 [grpc-default-executor-4] INFO  server.GrpcServerProtocolService (GrpcServerProtocolService.java:onCompleted(113)) - 91e32882-d3c6-46ba-a04b-cffc2ba77210: Completed APPEND_ENTRIES, lastRequest: 208154af-b43d-417a-8ba8-8a37a4d1ac9e->91e32882-d3c6-46ba-a04b-cffc2ba77210#188-t2, previous=(t:2, i:36), leaderCommit=32, initializing? false, entries: <empty>
2019-09-10 18:11:19,634 [main] INFO  ozoneimpl.OzoneContainer (OzoneContainer.java:stop(231)) - Attempting to stop container services.
2019-09-10 18:11:19,634 [grpc-default-executor-4] INFO  server.GrpcLogAppender (GrpcLogAppender.java:onCompleted(293)) - 208154af-b43d-417a-8ba8-8a37a4d1ac9e@group-C08312A7C209->91e32882-d3c6-46ba-a04b-cffc2ba77210-AppendLogResponseHandler: follower responses appendEntries COMPLETED
2019-09-10 18:11:19,634 [main] INFO  impl.RaftServerProxy (RaftServerProxy.java:lambda$close$4(314)) - d8255f37-89f1-48d2-bcda-7654f43e2557: close
2019-09-10 18:11:19,634 [grpc-default-executor-4] INFO  impl.FollowerInfo (FollowerInfo.java:lambda$new$0(51)) - 208154af-b43d-417a-8ba8-8a37a4d1ac9e@group-C08312A7C209->91e32882-d3c6-46ba-a04b-cffc2ba77210: nextIndex: updateUnconditionally 37 -> 33
2019-09-10 18:11:19,634 [main] INFO  impl.RaftServerImpl (RaftServerImpl.java:lambda$shutdown$3(251)) - d8255f37-89f1-48d2-bcda-7654f43e2557@group-2C4B92B15373: shutdown
2019-09-10 18:11:19,635 [main] INFO  util.JmxRegister (JmxRegister.java:unregister(73)) - Successfully un-registered JMX Bean with object name Ratis:service=RaftServer,group=group-2C4B92B15373,id=d8255f37-89f1-48d2-bcda-7654f43e2557
2019-09-10 18:11:19,635 [main] INFO  impl.RoleInfo (RoleInfo.java:shutdownLeaderState(104)) - d8255f37-89f1-48d2-bcda-7654f43e2557: shutdown LeaderState
2019-09-10 18:11:19,638 [org.apache.ratis.server.impl.LogAppender$AppenderDaemon$$Lambda$500/1508363586@45ec4215] WARN  server.GrpcLogAppender (GrpcLogAppender.java:mayWait(143)) - d8255f37-89f1-48d2-bcda-7654f43e2557@group-2C4B92B15373->49bcc910-1f14-48b7-a318-d2e01e8ffdec-GrpcLogAppender: Wait interrupted by java.lang.InterruptedException
2019-09-10 18:11:19,638 [main] INFO  impl.PendingRequests (PendingRequests.java:sendNotLeaderResponses(202)) - d8255f37-89f1-48d2-bcda-7654f43e2557-PendingRequests: sendNotLeaderResponses
2019-09-10 18:11:19,638 [org.apache.ratis.server.impl.LogAppender$AppenderDaemon$$Lambda$500/1508363586@7afd23f3] WARN  server.GrpcLogAppender (GrpcLogAppender.java:mayWait(143)) - d8255f37-89f1-48d2-bcda-7654f43e2557@group-2C4B92B15373->8cbcd714-dd76-45fa-910f-f3e67512086a-GrpcLogAppender: Wait interrupted by java.lang.InterruptedException
2019-09-10 18:11:19,642 [main] INFO  impl.StateMachineUpdater (StateMachineUpdater.java:stopAndJoin(125)) - d8255f37-89f1-48d2-bcda-7654f43e2557@group-2C4B92B15373-StateMachineUpdater: set stopIndex = 16
2019-09-10 18:11:19,642 [d8255f37-89f1-48d2-bcda-7654f43e2557@group-2C4B92B15373-StateMachineUpdater] INFO  ratis.ContainerStateMachine (ContainerStateMachine.java:takeSnapshot(289)) - group-2C4B92B15373: Taking a snapshot at:(t:1, i:14) file /workdir/hadoop-ozone/integration-test/target/test-dir/MiniOzoneClusterImpl-a4bba3eb-5ae6-43ba-8544-0cc5de04918c/datanode-6/data/ratis/3154d7c5-eea6-48f1-8d1f-2c4b92b15373/sm/snapshot.1_14
2019-09-10 18:11:19,660 [208154af-b43d-417a-8ba8-8a37a4d1ac9e@group-C08312A7C209-StateMachineUpdater] INFO  ratis.ContainerStateMachine (ContainerStateMachine.java:takeSnapshot(300)) - group-C08312A7C209: Finished taking a snapshot at:(t:2, i:30) file:/workdir/hadoop-ozone/integration-test/target/test-dir/MiniOzoneClusterImpl-a4bba3eb-5ae6-43ba-8544-0cc5de04918c/datanode-3/data/ratis/fc3a16e9-2f63-4db1-ad0a-c08312a7c209/sm/snapshot.2_30 time:29
2019-09-10 18:11:19,660 [d8255f37-89f1-48d2-bcda-7654f43e2557@group-2C4B92B15373-StateMachineUpdater] INFO  ratis.ContainerStateMachine (ContainerStateMachine.java:takeSnapshot(300)) - group-2C4B92B15373: Finished taking a snapshot at:(t:1, i:14) file:/workdir/hadoop-ozone/integration-test/target/test-dir/MiniOzoneClusterImpl-a4bba3eb-5ae6-43ba-8544-0cc5de04918c/datanode-6/data/ratis/3154d7c5-eea6-48f1-8d1f-2c4b92b15373/sm/snapshot.1_14 time:18
2019-09-10 18:11:19,660 [208154af-b43d-417a-8ba8-8a37a4d1ac9e@group-C08312A7C209-StateMachineUpdater] INFO  impl.StateMachineUpdater (StateMachineUpdater.java:takeSnapshot(258)) - 208154af-b43d-417a-8ba8-8a37a4d1ac9e@group-C08312A7C209-StateMachineUpdater: Took a snapshot at index 30
2019-09-10 18:11:19,660 [d8255f37-89f1-48d2-bcda-7654f43e2557@group-2C4B92B15373-StateMachineUpdater] INFO  impl.StateMachineUpdater (StateMachineUpdater.java:takeSnapshot(258)) - d8255f37-89f1-48d2-bcda-7654f43e2557@group-2C4B92B15373-StateMachineUpdater: Took a snapshot at index 14
2019-09-10 18:11:19,660 [208154af-b43d-417a-8ba8-8a37a4d1ac9e@group-C08312A7C209-StateMachineUpdater] INFO  impl.StateMachineUpdater (StateMachineUpdater.java:lambda$new$0(83)) - 208154af-b43d-417a-8ba8-8a37a4d1ac9e@group-C08312A7C209-StateMachineUpdater: snapshotIndex: updateIncreasingly -1 -> 30
2019-09-10 18:11:19,660 [d8255f37-89f1-48d2-bcda-7654f43e2557@group-2C4B92B15373-StateMachineUpdater] INFO  impl.StateMachineUpdater (StateMachineUpdater.java:lambda$new$0(83)) - d8255f37-89f1-48d2-bcda-7654f43e2557@group-2C4B92B15373-StateMachineUpdater: snapshotIndex: updateIncreasingly -1 -> 14
2019-09-10 18:11:19,660 [208154af-b43d-417a-8ba8-8a37a4d1ac9e@group-C08312A7C209-StateMachineUpdater] INFO  ratis.ContainerStateMachine (ContainerStateMachine.java:takeSnapshot(289)) - group-C08312A7C209: Taking a snapshot at:(t:2, i:30) file /workdir/hadoop-ozone/integration-test/target/test-dir/MiniOzoneClusterImpl-a4bba3eb-5ae6-43ba-8544-0cc5de04918c/datanode-3/data/ratis/fc3a16e9-2f63-4db1-ad0a-c08312a7c209/sm/snapshot.2_30
2019-09-10 18:11:19,660 [d8255f37-89f1-48d2-bcda-7654f43e2557@group-2C4B92B15373-StateMachineUpdater] INFO  ratis.ContainerStateMachine (ContainerStateMachine.java:takeSnapshot(289)) - group-2C4B92B15373: Taking a snapshot at:(t:1, i:14) file /workdir/hadoop-ozone/integration-test/target/test-dir/MiniOzoneClusterImpl-a4bba3eb-5ae6-43ba-8544-0cc5de04918c/datanode-6/data/ratis/3154d7c5-eea6-48f1-8d1f-2c4b92b15373/sm/snapshot.1_14
2019-09-10 18:11:19,694 [208154af-b43d-417a-8ba8-8a37a4d1ac9e@group-C08312A7C209-StateMachineUpdater] INFO  ratis.ContainerStateMachine (ContainerStateMachine.java:takeSnapshot(300)) - group-C08312A7C209: Finished taking a snapshot at:(t:2, i:30) file:/workdir/hadoop-ozone/integration-test/target/test-dir/MiniOzoneClusterImpl-a4bba3eb-5ae6-43ba-8544-0cc5de04918c/datanode-3/data/ratis/fc3a16e9-2f63-4db1-ad0a-c08312a7c209/sm/snapshot.2_30 time:33
2019-09-10 18:11:19,694 [d8255f37-89f1-48d2-bcda-7654f43e2557@group-2C4B92B15373-StateMachineUpdater] INFO  ratis.ContainerStateMachine (ContainerStateMachine.java:takeSnapshot(300)) - group-2C4B92B15373: Finished taking a snapshot at:(t:1, i:14) file:/workdir/hadoop-ozone/integration-test/target/test-dir/MiniOzoneClusterImpl-a4bba3eb-5ae6-43ba-8544-0cc5de04918c/datanode-6/data/ratis/3154d7c5-eea6-48f1-8d1f-2c4b92b15373/sm/snapshot.1_14 time:33
2019-09-10 18:11:19,694 [208154af-b43d-417a-8ba8-8a37a4d1ac9e@group-C08312A7C209-StateMachineUpdater] INFO  impl.StateMachineUpdater (StateMachineUpdater.java:takeSnapshot(258)) - 208154af-b43d-417a-8ba8-8a37a4d1ac9e@group-C08312A7C209-StateMachineUpdater: Took a snapshot at index 30
2019-09-10 18:11:19,694 [d8255f37-89f1-48d2-bcda-7654f43e2557@group-2C4B92B15373-StateMachineUpdater] INFO  impl.StateMachineUpdater (StateMachineUpdater.java:takeSnapshot(258)) - d8255f37-89f1-48d2-bcda-7654f43e2557@group-2C4B92B15373-StateMachineUpdater: Took a snapshot at index 14
2019-09-10 18:11:19,694 [208154af-b43d-417a-8ba8-8a37a4d1ac9e@group-C08312A7C209-StateMachineUpdater] INFO  impl.StateMachineUpdater (StateMachineUpdater.java:lambda$new$0(83)) - 208154af-b43d-417a-8ba8-8a37a4d1ac9e@group-C08312A7C209-StateMachineUpdater: snapshotIndex: updateIncreasingly 30 -> 30
2019-09-10 18:11:19,694 [d8255f37-89f1-48d2-bcda-7654f43e2557@group-2C4B92B15373-StateMachineUpdater] INFO  impl.StateMachineUpdater (StateMachineUpdater.java:lambda$new$0(83)) - d8255f37-89f1-48d2-bcda-7654f43e2557@group-2C4B92B15373-StateMachineUpdater: snapshotIndex: updateIncreasingly 14 -> 14
2019-09-10 18:11:19,695 [ForkJoinPool.commonPool-worker-0] INFO  impl.RaftServerImpl (ServerState.java:close(385)) - 208154af-b43d-417a-8ba8-8a37a4d1ac9e@group-C08312A7C209: closes. applyIndex: 32
2019-09-10 18:11:19,695 [main] INFO  impl.RaftServerImpl (ServerState.java:close(385)) - d8255f37-89f1-48d2-bcda-7654f43e2557@group-2C4B92B15373: closes. applyIndex: 16
2019-09-10 18:11:19,698 [208154af-b43d-417a-8ba8-8a37a4d1ac9e@group-C08312A7C209-SegmentedRaftLogWorker] ERROR ratis.XceiverServerRatis (XceiverServerRatis.java:triggerPipelineClose(568)) - pipeline Action CLOSE  on pipeline PipelineID=fc3a16e9-2f63-4db1-ad0a-c08312a7c209.Reason : WriteLog:35: (t:2, i:35), STATEMACHINELOGENTRY, client-23B431068EC3, cid=66-writeStateMachineData interrupted.
2019-09-10 18:11:19,698 [d8255f37-89f1-48d2-bcda-7654f43e2557@group-2C4B92B15373-SegmentedRaftLogWorker] ERROR ratis.XceiverServerRatis (XceiverServerRatis.java:triggerPipelineClose(568)) - pipeline Action CLOSE  on pipeline PipelineID=3154d7c5-eea6-48f1-8d1f-2c4b92b15373.Reason : WriteLog:19: (t:1, i:19), STATEMACHINELOGENTRY, client-11D19FBEF510, cid=30-writeStateMachineData interrupted.
2019-09-10 18:11:19,736 [main] INFO  segmented.SegmentedRaftLogWorker (SegmentedRaftLogWorker.java:close(228)) - d8255f37-89f1-48d2-bcda-7654f43e2557@group-2C4B92B15373-SegmentedRaftLogWorker close()
2019-09-10 18:11:19,736 [ForkJoinPool.commonPool-worker-0] INFO  segmented.SegmentedRaftLogWorker (SegmentedRaftLogWorker.java:close(228)) - 208154af-b43d-417a-8ba8-8a37a4d1ac9e@group-C08312A7C209-SegmentedRaftLogWorker close()
2019-09-10 18:11:19,741 [main] INFO  impl.RaftServerImpl (RaftServerImpl.java:lambda$shutdown$3(251)) - d8255f37-89f1-48d2-bcda-7654f43e2557@group-C6BF460E91BC: shutdown
2019-09-10 18:11:19,745 [ForkJoinPool.commonPool-worker-0] INFO  impl.RaftServerImpl (RaftServerImpl.java:lambda$shutdown$3(251)) - 208154af-b43d-417a-8ba8-8a37a4d1ac9e@group-CDC198084065: shutdown
2019-09-10 18:11:19,745 [main] INFO  util.JmxRegister (JmxRegister.java:unregister(73)) - Successfully un-registered JMX Bean with object name Ratis:service=RaftServer,group=group-C6BF460E91BC,id=d8255f37-89f1-48d2-bcda-7654f43e2557
2019-09-10 18:11:19,745 [ForkJoinPool.commonPool-worker-0] INFO  util.JmxRegister (JmxRegister.java:unregister(73)) - Successfully un-registered JMX Bean with object name Ratis:service=RaftServer,group=group-CDC198084065,id=208154af-b43d-417a-8ba8-8a37a4d1ac9e
2019-09-10 18:11:19,746 [main] INFO  impl.RoleInfo (RoleInfo.java:shutdownLeaderState(104)) - d8255f37-89f1-48d2-bcda-7654f43e2557: shutdown LeaderState
2019-09-10 18:11:19,746 [ForkJoinPool.commonPool-worker-0] INFO  impl.RoleInfo (RoleInfo.java:shutdownLeaderState(104)) - 208154af-b43d-417a-8ba8-8a37a4d1ac9e: shutdown LeaderState
2019-09-10 18:11:19,746 [main] INFO  impl.PendingRequests (PendingRequests.java:sendNotLeaderResponses(202)) - d8255f37-89f1-48d2-bcda-7654f43e2557-PendingRequests: sendNotLeaderResponses
2019-09-10 18:11:19,747 [ForkJoinPool.commonPool-worker-0] INFO  impl.PendingRequests (PendingRequests.java:sendNotLeaderResponses(202)) - 208154af-b43d-417a-8ba8-8a37a4d1ac9e-PendingRequests: sendNotLeaderResponses
2019-09-10 18:11:19,747 [main] INFO  impl.StateMachineUpdater (StateMachineUpdater.java:stopAndJoin(125)) - d8255f37-89f1-48d2-bcda-7654f43e2557@group-C6BF460E91BC-StateMachineUpdater: set stopIndex = 0
2019-09-10 18:11:19,747 [ForkJoinPool.commonPool-worker-0] INFO  impl.StateMachineUpdater (StateMachineUpdater.java:stopAndJoin(125)) - 208154af-b43d-417a-8ba8-8a37a4d1ac9e@group-CDC198084065-StateMachineUpdater: set stopIndex = 0
2019-09-10 18:11:19,748 [main] INFO  impl.RaftServerImpl (ServerState.java:close(385)) - d8255f37-89f1-48d2-bcda-7654f43e2557@group-C6BF460E91BC: closes. applyIndex: 0
2019-09-10 18:11:19,748 [ForkJoinPool.commonPool-worker-0] INFO  impl.RaftServerImpl (ServerState.java:close(385)) - 208154af-b43d-417a-8ba8-8a37a4d1ac9e@group-CDC198084065: closes. applyIndex: 0
2019-09-10 18:11:19,749 [d8255f37-89f1-48d2-bcda-7654f43e2557@group-C6BF460E91BC-SegmentedRaftLogWorker] INFO  segmented.SegmentedRaftLogWorker (SegmentedRaftLogWorker.java:run(313)) - d8255f37-89f1-48d2-bcda-7654f43e2557@group-C6BF460E91BC-SegmentedRaftLogWorker was interrupted, exiting. There are 0 tasks remaining in the queue.
2019-09-10 18:11:19,749 [208154af-b43d-417a-8ba8-8a37a4d1ac9e@group-CDC198084065-SegmentedRaftLogWorker] INFO  segmented.SegmentedRaftLogWorker (SegmentedRaftLogWorker.java:run(313)) - 208154af-b43d-417a-8ba8-8a37a4d1ac9e@group-CDC198084065-SegmentedRaftLogWorker was interrupted, exiting. There are 0 tasks remaining in the queue.
2019-09-10 18:11:19,761 [main] INFO  segmented.SegmentedRaftLogWorker (SegmentedRaftLogWorker.java:close(228)) - d8255f37-89f1-48d2-bcda-7654f43e2557@group-C6BF460E91BC-SegmentedRaftLogWorker close()
2019-09-10 18:11:19,762 [ForkJoinPool.commonPool-worker-0] INFO  segmented.SegmentedRaftLogWorker (SegmentedRaftLogWorker.java:close(228)) - 208154af-b43d-417a-8ba8-8a37a4d1ac9e@group-CDC198084065-SegmentedRaftLogWorker close()
2019-09-10 18:11:19,764 [main] INFO  server.GrpcService (GrpcService.java:closeImpl(164)) - d8255f37-89f1-48d2-bcda-7654f43e2557: shutdown server with port 33855 now
2019-09-10 18:11:19,766 [ForkJoinPool.commonPool-worker-0] INFO  server.GrpcService (GrpcService.java:closeImpl(164)) - 208154af-b43d-417a-8ba8-8a37a4d1ac9e: shutdown server with port 42355 now
2019-09-10 18:11:19,767 [main] INFO  server.GrpcService (GrpcService.java:closeImpl(172)) - d8255f37-89f1-48d2-bcda-7654f43e2557: shutdown server with port 33855 successfully
2019-09-10 18:11:19,767 [ForkJoinPool.commonPool-worker-0] INFO  server.GrpcService (GrpcService.java:closeImpl(172)) - 208154af-b43d-417a-8ba8-8a37a4d1ac9e: shutdown server with port 42355 successfully
2019-09-10 18:11:19,770 [refreshUsed-/workdir/hadoop-ozone/integration-test/target/test-dir/MiniOzoneClusterImpl-a4bba3eb-5ae6-43ba-8544-0cc5de04918c/datanode-6/data/containers] WARN  fs.CachingGetSpaceUsed (CachingGetSpaceUsed.java:run(183)) - Thread Interrupted waiting to refresh disk information: sleep interrupted
2019-09-10 18:11:19,783 [refreshUsed-/workdir/hadoop-ozone/integration-test/target/test-dir/MiniOzoneClusterImpl-a4bba3eb-5ae6-43ba-8544-0cc5de04918c/datanode-3/data/containers] WARN  fs.CachingGetSpaceUsed (CachingGetSpaceUsed.java:run(183)) - Thread Interrupted waiting to refresh disk information: sleep interrupted
2019-09-10 18:11:19,794 [main] INFO  utils.BackgroundService (BackgroundService.java:shutdown(148)) - Shutting down service BlockDeletingService
2019-09-10 18:11:19,794 [ForkJoinPool.commonPool-worker-0] INFO  utils.BackgroundService (BackgroundService.java:shutdown(148)) - Shutting down service BlockDeletingService
2019-09-10 18:11:19,800 [main] INFO  statemachine.DatanodeStateMachine (DatanodeStateMachine.java:stopDaemon(395)) - Ozone container server stopped.
2019-09-10 18:11:19,802 [ForkJoinPool.commonPool-worker-0] INFO  statemachine.DatanodeStateMachine (DatanodeStateMachine.java:stopDaemon(395)) - Ozone container server stopped.
2019-09-10 18:11:19,807 [ForkJoinPool.commonPool-worker-0] INFO  handler.ContextHandler (ContextHandler.java:doStop(910)) - Stopped o.e.j.w.WebAppContext@7fb29ca9{/,null,UNAVAILABLE}{/hddsDatanode}
2019-09-10 18:11:19,807 [main] INFO  handler.ContextHandler (ContextHandler.java:doStop(910)) - Stopped o.e.j.w.WebAppContext@648d0e6d{/,null,UNAVAILABLE}{/hddsDatanode}
2019-09-10 18:11:19,807 [ForkJoinPool.commonPool-worker-0] INFO  server.AbstractConnector (AbstractConnector.java:doStop(318)) - Stopped ServerConnector@1e253c9d{HTTP/1.1,[http/1.1]}{0.0.0.0:0}
2019-09-10 18:11:19,808 [main] INFO  server.AbstractConnector (AbstractConnector.java:doStop(318)) - Stopped ServerConnector@79e66b2f{HTTP/1.1,[http/1.1]}{0.0.0.0:0}
2019-09-10 18:11:19,809 [ForkJoinPool.commonPool-worker-0] INFO  handler.ContextHandler (ContextHandler.java:doStop(910)) - Stopped o.e.j.s.ServletContextHandler@4b97c4ad{/static,jar:file:/home/user/.m2/repository/org/apache/hadoop/hadoop-hdds-container-service/0.5.0-SNAPSHOT/hadoop-hdds-container-service-0.5.0-SNAPSHOT.jar!/webapps/static,UNAVAILABLE}
2019-09-10 18:11:19,809 [main] INFO  handler.ContextHandler (ContextHandler.java:doStop(910)) - Stopped o.e.j.s.ServletContextHandler@4437ac07{/static,jar:file:/home/user/.m2/repository/org/apache/hadoop/hadoop-hdds-container-service/0.5.0-SNAPSHOT/hadoop-hdds-container-service-0.5.0-SNAPSHOT.jar!/webapps/static,UNAVAILABLE}
2019-09-10 18:11:19,811 [ForkJoinPool.commonPool-worker-0] INFO  handler.ContextHandler (ContextHandler.java:doStop(910)) - Stopped o.e.j.s.ServletContextHandler@4c1bdcc2{/logs,file:///workdir/hadoop-ozone/integration-test/target/log,UNAVAILABLE}
2019-09-10 18:11:19,811 [main] INFO  handler.ContextHandler (ContextHandler.java:doStop(910)) - Stopped o.e.j.s.ServletContextHandler@66b59b7d{/logs,file:///workdir/hadoop-ozone/integration-test/target/log,UNAVAILABLE}
2019-09-10 18:11:20,068 [java.util.concurrent.ThreadPoolExecutor$Worker@54e454ae[State = -1, empty queue]] WARN  server.GrpcLogAppender (GrpcLogAppender.java:timeoutAppendRequest(200)) - b0fafecf-3418-4e4c-a5e4-e5075743f263@group-73C817937272->2e952fcc-3ad7-4f0e-80e3-0277395d1af8-GrpcLogAppender: appendEntries Timeout, request=b0fafecf-3418-4e4c-a5e4-e5075743f263->2e952fcc-3ad7-4f0e-80e3-0277395d1af8#172-t1, previous=(t:1, i:20), leaderCommit=16, initializing? false, entries: <empty>
2019-09-10 18:11:20,087 [grpc-default-executor-3] WARN  server.GrpcLogAppender (LogUtils.java:warn(134)) - b0fafecf-3418-4e4c-a5e4-e5075743f263@group-73C817937272->4faa59b0-972d-4631-8b2b-dceadefbd7cc-AppendLogResponseHandler: Failed appendEntries: org.apache.ratis.thirdparty.io.grpc.StatusRuntimeException: UNAVAILABLE: io exception
2019-09-10 18:11:20,087 [grpc-default-executor-3] INFO  impl.FollowerInfo (FollowerInfo.java:lambda$new$0(51)) - b0fafecf-3418-4e4c-a5e4-e5075743f263@group-73C817937272->4faa59b0-972d-4631-8b2b-dceadefbd7cc: nextIndex: updateUnconditionally 7 -> 6
2019-09-10 18:11:20,316 [Datanode State Machine Thread - 0] INFO  statemachine.DatanodeStateMachine (DatanodeStateMachine.java:lambda$startDaemon$0(350)) - Ozone container server started.
2019-09-10 18:11:20,329 [Datanode State Machine Thread - 0] INFO  statemachine.DatanodeStateMachine (DatanodeStateMachine.java:lambda$startDaemon$0(350)) - Ozone container server started.
2019-09-10 18:11:20,568 [java.util.concurrent.ThreadPoolExecutor$Worker@54e454ae[State = -1, empty queue]] WARN  server.GrpcLogAppender (GrpcLogAppender.java:timeoutAppendRequest(200)) - b0fafecf-3418-4e4c-a5e4-e5075743f263@group-73C817937272->2e952fcc-3ad7-4f0e-80e3-0277395d1af8-GrpcLogAppender: appendEntries Timeout, request=b0fafecf-3418-4e4c-a5e4-e5075743f263->2e952fcc-3ad7-4f0e-80e3-0277395d1af8#173-t1, previous=(t:1, i:20), leaderCommit=16, initializing? false, entries: <empty>
2019-09-10 18:11:20,587 [grpc-default-executor-3] WARN  server.GrpcLogAppender (LogUtils.java:warn(134)) - b0fafecf-3418-4e4c-a5e4-e5075743f263@group-73C817937272->4faa59b0-972d-4631-8b2b-dceadefbd7cc-AppendLogResponseHandler: Failed appendEntries: org.apache.ratis.thirdparty.io.grpc.StatusRuntimeException: UNAVAILABLE: io exception
2019-09-10 18:11:20,588 [grpc-default-executor-3] INFO  impl.FollowerInfo (FollowerInfo.java:lambda$new$0(51)) - b0fafecf-3418-4e4c-a5e4-e5075743f263@group-73C817937272->4faa59b0-972d-4631-8b2b-dceadefbd7cc: nextIndex: updateUnconditionally 6 -> 5
2019-09-10 18:11:21,069 [java.util.concurrent.ThreadPoolExecutor$Worker@54e454ae[State = -1, empty queue]] WARN  server.GrpcLogAppender (GrpcLogAppender.java:timeoutAppendRequest(200)) - b0fafecf-3418-4e4c-a5e4-e5075743f263@group-73C817937272->2e952fcc-3ad7-4f0e-80e3-0277395d1af8-GrpcLogAppender: appendEntries Timeout, request=b0fafecf-3418-4e4c-a5e4-e5075743f263->2e952fcc-3ad7-4f0e-80e3-0277395d1af8#174-t1, previous=(t:1, i:20), leaderCommit=16, initializing? false, entries: <empty>
2019-09-10 18:11:21,088 [grpc-default-executor-4] WARN  server.GrpcLogAppender (LogUtils.java:warn(134)) - b0fafecf-3418-4e4c-a5e4-e5075743f263@group-73C817937272->4faa59b0-972d-4631-8b2b-dceadefbd7cc-AppendLogResponseHandler: Failed appendEntries: org.apache.ratis.thirdparty.io.grpc.StatusRuntimeException: UNAVAILABLE: io exception
2019-09-10 18:11:21,089 [grpc-default-executor-4] INFO  impl.FollowerInfo (FollowerInfo.java:lambda$new$0(51)) - b0fafecf-3418-4e4c-a5e4-e5075743f263@group-73C817937272->4faa59b0-972d-4631-8b2b-dceadefbd7cc: nextIndex: updateUnconditionally 5 -> 4
2019-09-10 18:11:21,136 [91e32882-d3c6-46ba-a04b-cffc2ba77210@group-C08312A7C209-SegmentedRaftLogWorker] WARN  segmented.SegmentedRaftLogWorker (SegmentedRaftLogWorker.java:getFromFuture(90)) - Timeout 2/~
org.apache.ratis.protocol.TimeoutIOException: Timeout 10s: WriteLog:33: (t:2, i:33), STATEMACHINELOGENTRY, client-23B431068EC3, cid=64-writeStateMachineData
	at org.apache.ratis.util.IOUtils.getFromFuture(IOUtils.java:87)
	at org.apache.ratis.server.raftlog.segmented.SegmentedRaftLogWorker$StateMachineDataPolicy.getFromFuture(SegmentedRaftLogWorker.java:87)
	at org.apache.ratis.server.raftlog.segmented.SegmentedRaftLogWorker$WriteLog.execute(SegmentedRaftLogWorker.java:477)
	at org.apache.ratis.server.raftlog.segmented.SegmentedRaftLogWorker.run(SegmentedRaftLogWorker.java:289)
	at java.lang.Thread.run(Thread.java:748)
Caused by: java.util.concurrent.TimeoutException
	at java.util.concurrent.CompletableFuture.timedGet(CompletableFuture.java:1771)
	at java.util.concurrent.CompletableFuture.get(CompletableFuture.java:1915)
	at org.apache.ratis.util.IOUtils.getFromFuture(IOUtils.java:79)
	... 4 more
2019-09-10 18:11:21,569 [java.util.concurrent.ThreadPoolExecutor$Worker@54e454ae[State = -1, empty queue]] WARN  server.GrpcLogAppender (GrpcLogAppender.java:timeoutAppendRequest(200)) - b0fafecf-3418-4e4c-a5e4-e5075743f263@group-73C817937272->2e952fcc-3ad7-4f0e-80e3-0277395d1af8-GrpcLogAppender: appendEntries Timeout, request=b0fafecf-3418-4e4c-a5e4-e5075743f263->2e952fcc-3ad7-4f0e-80e3-0277395d1af8#175-t1, previous=(t:1, i:20), leaderCommit=16, initializing? false, entries: <empty>
2019-09-10 18:11:21,589 [grpc-default-executor-0] WARN  server.GrpcLogAppender (LogUtils.java:warn(134)) - b0fafecf-3418-4e4c-a5e4-e5075743f263@group-73C817937272->4faa59b0-972d-4631-8b2b-dceadefbd7cc-AppendLogResponseHandler: Failed appendEntries: org.apache.ratis.thirdparty.io.grpc.StatusRuntimeException: UNAVAILABLE: io exception
2019-09-10 18:11:21,590 [grpc-default-executor-0] INFO  impl.FollowerInfo (FollowerInfo.java:lambda$new$0(51)) - b0fafecf-3418-4e4c-a5e4-e5075743f263@group-73C817937272->4faa59b0-972d-4631-8b2b-dceadefbd7cc: nextIndex: updateUnconditionally 4 -> 3
2019-09-10 18:11:22,070 [java.util.concurrent.ThreadPoolExecutor$Worker@54e454ae[State = -1, empty queue]] WARN  server.GrpcLogAppender (GrpcLogAppender.java:timeoutAppendRequest(200)) - b0fafecf-3418-4e4c-a5e4-e5075743f263@group-73C817937272->2e952fcc-3ad7-4f0e-80e3-0277395d1af8-GrpcLogAppender: appendEntries Timeout, request=b0fafecf-3418-4e4c-a5e4-e5075743f263->2e952fcc-3ad7-4f0e-80e3-0277395d1af8#176-t1, previous=(t:1, i:20), leaderCommit=16, initializing? false, entries: <empty>
2019-09-10 18:11:22,090 [grpc-default-executor-0] WARN  server.GrpcLogAppender (LogUtils.java:warn(134)) - b0fafecf-3418-4e4c-a5e4-e5075743f263@group-73C817937272->4faa59b0-972d-4631-8b2b-dceadefbd7cc-AppendLogResponseHandler: Failed appendEntries: org.apache.ratis.thirdparty.io.grpc.StatusRuntimeException: UNAVAILABLE: io exception
2019-09-10 18:11:22,090 [grpc-default-executor-0] INFO  impl.FollowerInfo (FollowerInfo.java:lambda$new$0(51)) - b0fafecf-3418-4e4c-a5e4-e5075743f263@group-73C817937272->4faa59b0-972d-4631-8b2b-dceadefbd7cc: nextIndex: updateUnconditionally 3 -> 2
2019-09-10 18:11:22,571 [java.util.concurrent.ThreadPoolExecutor$Worker@54e454ae[State = -1, empty queue]] WARN  server.GrpcLogAppender (GrpcLogAppender.java:timeoutAppendRequest(200)) - b0fafecf-3418-4e4c-a5e4-e5075743f263@group-73C817937272->2e952fcc-3ad7-4f0e-80e3-0277395d1af8-GrpcLogAppender: appendEntries Timeout, request=b0fafecf-3418-4e4c-a5e4-e5075743f263->2e952fcc-3ad7-4f0e-80e3-0277395d1af8#177-t1, previous=(t:1, i:20), leaderCommit=16, initializing? false, entries: <empty>
2019-09-10 18:11:22,593 [grpc-default-executor-0] WARN  server.GrpcLogAppender (LogUtils.java:warn(134)) - b0fafecf-3418-4e4c-a5e4-e5075743f263@group-73C817937272->4faa59b0-972d-4631-8b2b-dceadefbd7cc-AppendLogResponseHandler: Failed appendEntries: org.apache.ratis.thirdparty.io.grpc.StatusRuntimeException: UNAVAILABLE: io exception
2019-09-10 18:11:22,594 [grpc-default-executor-0] INFO  impl.FollowerInfo (FollowerInfo.java:lambda$new$0(51)) - b0fafecf-3418-4e4c-a5e4-e5075743f263@group-73C817937272->4faa59b0-972d-4631-8b2b-dceadefbd7cc: nextIndex: updateUnconditionally 2 -> 1
2019-09-10 18:11:23,071 [java.util.concurrent.ThreadPoolExecutor$Worker@54e454ae[State = -1, empty queue]] WARN  server.GrpcLogAppender (GrpcLogAppender.java:timeoutAppendRequest(200)) - b0fafecf-3418-4e4c-a5e4-e5075743f263@group-73C817937272->2e952fcc-3ad7-4f0e-80e3-0277395d1af8-GrpcLogAppender: appendEntries Timeout, request=b0fafecf-3418-4e4c-a5e4-e5075743f263->2e952fcc-3ad7-4f0e-80e3-0277395d1af8#178-t1, previous=(t:1, i:20), leaderCommit=16, initializing? false, entries: <empty>
2019-09-10 18:11:23,095 [grpc-default-executor-0] WARN  server.GrpcLogAppender (LogUtils.java:warn(134)) - b0fafecf-3418-4e4c-a5e4-e5075743f263@group-73C817937272->4faa59b0-972d-4631-8b2b-dceadefbd7cc-AppendLogResponseHandler: Failed appendEntries: org.apache.ratis.thirdparty.io.grpc.StatusRuntimeException: UNAVAILABLE: io exception
2019-09-10 18:11:23,096 [grpc-default-executor-0] INFO  impl.FollowerInfo (FollowerInfo.java:lambda$new$0(51)) - b0fafecf-3418-4e4c-a5e4-e5075743f263@group-73C817937272->4faa59b0-972d-4631-8b2b-dceadefbd7cc: nextIndex: updateUnconditionally 1 -> 0
2019-09-10 18:11:23,572 [java.util.concurrent.ThreadPoolExecutor$Worker@54e454ae[State = -1, empty queue]] WARN  server.GrpcLogAppender (GrpcLogAppender.java:timeoutAppendRequest(200)) - b0fafecf-3418-4e4c-a5e4-e5075743f263@group-73C817937272->2e952fcc-3ad7-4f0e-80e3-0277395d1af8-GrpcLogAppender: appendEntries Timeout, request=b0fafecf-3418-4e4c-a5e4-e5075743f263->2e952fcc-3ad7-4f0e-80e3-0277395d1af8#179-t1, previous=(t:1, i:20), leaderCommit=16, initializing? false, entries: <empty>
2019-09-10 18:11:23,598 [grpc-default-executor-3] WARN  server.GrpcLogAppender (LogUtils.java:warn(134)) - b0fafecf-3418-4e4c-a5e4-e5075743f263@group-73C817937272->4faa59b0-972d-4631-8b2b-dceadefbd7cc-AppendLogResponseHandler: Failed appendEntries: org.apache.ratis.thirdparty.io.grpc.StatusRuntimeException: UNAVAILABLE: io exception
2019-09-10 18:11:23,599 [grpc-default-executor-3] INFO  impl.FollowerInfo (FollowerInfo.java:lambda$new$0(51)) - b0fafecf-3418-4e4c-a5e4-e5075743f263@group-73C817937272->4faa59b0-972d-4631-8b2b-dceadefbd7cc: nextIndex: updateUnconditionally 0 -> 0
2019-09-10 18:11:24,072 [java.util.concurrent.ThreadPoolExecutor$Worker@54e454ae[State = -1, empty queue]] WARN  server.GrpcLogAppender (GrpcLogAppender.java:timeoutAppendRequest(200)) - b0fafecf-3418-4e4c-a5e4-e5075743f263@group-73C817937272->2e952fcc-3ad7-4f0e-80e3-0277395d1af8-GrpcLogAppender: appendEntries Timeout, request=b0fafecf-3418-4e4c-a5e4-e5075743f263->2e952fcc-3ad7-4f0e-80e3-0277395d1af8#180-t1, previous=(t:1, i:20), leaderCommit=16, initializing? false, entries: <empty>
2019-09-10 18:11:24,100 [grpc-default-executor-3] WARN  server.GrpcLogAppender (LogUtils.java:warn(134)) - b0fafecf-3418-4e4c-a5e4-e5075743f263@group-73C817937272->4faa59b0-972d-4631-8b2b-dceadefbd7cc-AppendLogResponseHandler: Failed appendEntries: org.apache.ratis.thirdparty.io.grpc.StatusRuntimeException: UNAVAILABLE: io exception
2019-09-10 18:11:24,101 [grpc-default-executor-3] INFO  impl.FollowerInfo (FollowerInfo.java:lambda$new$0(51)) - b0fafecf-3418-4e4c-a5e4-e5075743f263@group-73C817937272->4faa59b0-972d-4631-8b2b-dceadefbd7cc: nextIndex: updateUnconditionally 0 -> 0
2019-09-10 18:11:24,572 [java.util.concurrent.ThreadPoolExecutor$Worker@54e454ae[State = -1, empty queue]] WARN  server.GrpcLogAppender (GrpcLogAppender.java:timeoutAppendRequest(200)) - b0fafecf-3418-4e4c-a5e4-e5075743f263@group-73C817937272->2e952fcc-3ad7-4f0e-80e3-0277395d1af8-GrpcLogAppender: appendEntries Timeout, request=b0fafecf-3418-4e4c-a5e4-e5075743f263->2e952fcc-3ad7-4f0e-80e3-0277395d1af8#181-t1, previous=(t:1, i:20), leaderCommit=16, initializing? false, entries: <empty>
2019-09-10 18:11:24,603 [grpc-default-executor-3] WARN  server.GrpcLogAppender (LogUtils.java:warn(134)) - b0fafecf-3418-4e4c-a5e4-e5075743f263@group-73C817937272->4faa59b0-972d-4631-8b2b-dceadefbd7cc-AppendLogResponseHandler: Failed appendEntries: org.apache.ratis.thirdparty.io.grpc.StatusRuntimeException: UNAVAILABLE: io exception
2019-09-10 18:11:24,603 [grpc-default-executor-3] INFO  impl.FollowerInfo (FollowerInfo.java:lambda$new$0(51)) - b0fafecf-3418-4e4c-a5e4-e5075743f263@group-73C817937272->4faa59b0-972d-4631-8b2b-dceadefbd7cc: nextIndex: updateUnconditionally 0 -> 0
2019-09-10 18:11:24,815 [main] INFO  ozoneimpl.OzoneContainer (OzoneContainer.java:stop(231)) - Attempting to stop container services.
2019-09-10 18:11:24,815 [ForkJoinPool.commonPool-worker-0] INFO  ozoneimpl.OzoneContainer (OzoneContainer.java:stop(231)) - Attempting to stop container services.
2019-09-10 18:11:24,817 [main] INFO  impl.RaftServerProxy (RaftServerProxy.java:lambda$close$4(314)) - b0fafecf-3418-4e4c-a5e4-e5075743f263: close
2019-09-10 18:11:24,817 [ForkJoinPool.commonPool-worker-0] INFO  impl.RaftServerProxy (RaftServerProxy.java:lambda$close$4(314)) - 91e32882-d3c6-46ba-a04b-cffc2ba77210: close
2019-09-10 18:11:24,818 [ForkJoinPool.commonPool-worker-0] INFO  impl.RaftServerImpl (RaftServerImpl.java:lambda$shutdown$3(251)) - 91e32882-d3c6-46ba-a04b-cffc2ba77210@group-C08312A7C209: shutdown
2019-09-10 18:11:24,818 [main] INFO  impl.RaftServerImpl (RaftServerImpl.java:lambda$shutdown$3(251)) - b0fafecf-3418-4e4c-a5e4-e5075743f263@group-33F7471C428C: shutdown
2019-09-10 18:11:24,818 [ForkJoinPool.commonPool-worker-0] INFO  util.JmxRegister (JmxRegister.java:unregister(73)) - Successfully un-registered JMX Bean with object name Ratis:service=RaftServer,group=group-C08312A7C209,id=91e32882-d3c6-46ba-a04b-cffc2ba77210
2019-09-10 18:11:24,819 [main] INFO  util.JmxRegister (JmxRegister.java:unregister(73)) - Successfully un-registered JMX Bean with object name Ratis:service=RaftServer,group=group-33F7471C428C,id=b0fafecf-3418-4e4c-a5e4-e5075743f263
2019-09-10 18:11:24,819 [ForkJoinPool.commonPool-worker-0] INFO  impl.RoleInfo (RoleInfo.java:shutdownFollowerState(121)) - 91e32882-d3c6-46ba-a04b-cffc2ba77210: shutdown FollowerState
2019-09-10 18:11:24,819 [main] INFO  impl.RoleInfo (RoleInfo.java:shutdownLeaderState(104)) - b0fafecf-3418-4e4c-a5e4-e5075743f263: shutdown LeaderState
2019-09-10 18:11:24,820 [91e32882-d3c6-46ba-a04b-cffc2ba77210@group-C08312A7C209-StateMachineUpdater] INFO  ratis.ContainerStateMachine (ContainerStateMachine.java:takeSnapshot(289)) - group-C08312A7C209: Taking a snapshot at:(t:2, i:30) file /workdir/hadoop-ozone/integration-test/target/test-dir/MiniOzoneClusterImpl-a4bba3eb-5ae6-43ba-8544-0cc5de04918c/datanode-4/data/ratis/fc3a16e9-2f63-4db1-ad0a-c08312a7c209/sm/snapshot.2_30
2019-09-10 18:11:24,820 [Thread-428] INFO  impl.FollowerState (FollowerState.java:run(115)) - 91e32882-d3c6-46ba-a04b-cffc2ba77210: FollowerState was interrupted: java.lang.InterruptedException: sleep interrupted
2019-09-10 18:11:24,820 [ForkJoinPool.commonPool-worker-0] INFO  impl.StateMachineUpdater (StateMachineUpdater.java:stopAndJoin(125)) - 91e32882-d3c6-46ba-a04b-cffc2ba77210@group-C08312A7C209-StateMachineUpdater: set stopIndex = 32
2019-09-10 18:11:24,820 [main] INFO  impl.PendingRequests (PendingRequests.java:sendNotLeaderResponses(202)) - b0fafecf-3418-4e4c-a5e4-e5075743f263-PendingRequests: sendNotLeaderResponses
2019-09-10 18:11:24,824 [main] INFO  impl.StateMachineUpdater (StateMachineUpdater.java:stopAndJoin(125)) - b0fafecf-3418-4e4c-a5e4-e5075743f263@group-33F7471C428C-StateMachineUpdater: set stopIndex = 0
2019-09-10 18:11:24,825 [main] INFO  impl.RaftServerImpl (ServerState.java:close(385)) - b0fafecf-3418-4e4c-a5e4-e5075743f263@group-33F7471C428C: closes. applyIndex: 0
2019-09-10 18:11:24,826 [b0fafecf-3418-4e4c-a5e4-e5075743f263@group-33F7471C428C-SegmentedRaftLogWorker] INFO  segmented.SegmentedRaftLogWorker (SegmentedRaftLogWorker.java:run(313)) - b0fafecf-3418-4e4c-a5e4-e5075743f263@group-33F7471C428C-SegmentedRaftLogWorker was interrupted, exiting. There are 0 tasks remaining in the queue.
2019-09-10 18:11:24,832 [main] INFO  segmented.SegmentedRaftLogWorker (SegmentedRaftLogWorker.java:close(228)) - b0fafecf-3418-4e4c-a5e4-e5075743f263@group-33F7471C428C-SegmentedRaftLogWorker close()
2019-09-10 18:11:24,834 [main] INFO  impl.RaftServerImpl (RaftServerImpl.java:lambda$shutdown$3(251)) - b0fafecf-3418-4e4c-a5e4-e5075743f263@group-73C817937272: shutdown
2019-09-10 18:11:24,834 [main] INFO  util.JmxRegister (JmxRegister.java:unregister(73)) - Successfully un-registered JMX Bean with object name Ratis:service=RaftServer,group=group-73C817937272,id=b0fafecf-3418-4e4c-a5e4-e5075743f263
2019-09-10 18:11:24,835 [main] INFO  impl.RoleInfo (RoleInfo.java:shutdownLeaderState(104)) - b0fafecf-3418-4e4c-a5e4-e5075743f263: shutdown LeaderState
2019-09-10 18:11:24,838 [main] INFO  impl.PendingRequests (PendingRequests.java:sendNotLeaderResponses(202)) - b0fafecf-3418-4e4c-a5e4-e5075743f263-PendingRequests: sendNotLeaderResponses
2019-09-10 18:11:24,838 [org.apache.ratis.server.impl.LogAppender$AppenderDaemon$$Lambda$500/1508363586@4852f4d6] WARN  server.GrpcLogAppender (GrpcLogAppender.java:mayWait(143)) - b0fafecf-3418-4e4c-a5e4-e5075743f263@group-73C817937272->4faa59b0-972d-4631-8b2b-dceadefbd7cc-GrpcLogAppender: Wait interrupted by java.lang.InterruptedException
2019-09-10 18:11:24,838 [org.apache.ratis.server.impl.LogAppender$AppenderDaemon$$Lambda$500/1508363586@35b512d9] WARN  server.GrpcLogAppender (GrpcLogAppender.java:mayWait(143)) - b0fafecf-3418-4e4c-a5e4-e5075743f263@group-73C817937272->2e952fcc-3ad7-4f0e-80e3-0277395d1af8-GrpcLogAppender: Wait interrupted by java.lang.InterruptedException
2019-09-10 18:11:24,843 [main] INFO  impl.StateMachineUpdater (StateMachineUpdater.java:stopAndJoin(125)) - b0fafecf-3418-4e4c-a5e4-e5075743f263@group-73C817937272-StateMachineUpdater: set stopIndex = 16
2019-09-10 18:11:24,843 [grpc-default-executor-3] INFO  server.GrpcServerProtocolService (GrpcServerProtocolService.java:onCompleted(113)) - 2e952fcc-3ad7-4f0e-80e3-0277395d1af8: Completed APPEND_ENTRIES, lastRequest: b0fafecf-3418-4e4c-a5e4-e5075743f263->2e952fcc-3ad7-4f0e-80e3-0277395d1af8#187-t1, previous=(t:1, i:20), leaderCommit=16, initializing? false, entries: <empty>
2019-09-10 18:11:24,843 [b0fafecf-3418-4e4c-a5e4-e5075743f263@group-73C817937272-StateMachineUpdater] INFO  ratis.ContainerStateMachine (ContainerStateMachine.java:takeSnapshot(289)) - group-73C817937272: Taking a snapshot at:(t:1, i:14) file /workdir/hadoop-ozone/integration-test/target/test-dir/MiniOzoneClusterImpl-a4bba3eb-5ae6-43ba-8544-0cc5de04918c/datanode-8/data/ratis/22b35f76-37c7-432e-9baa-73c817937272/sm/snapshot.1_14
2019-09-10 18:11:24,844 [grpc-default-executor-3] INFO  server.GrpcLogAppender (GrpcLogAppender.java:onCompleted(293)) - b0fafecf-3418-4e4c-a5e4-e5075743f263@group-73C817937272->2e952fcc-3ad7-4f0e-80e3-0277395d1af8-AppendLogResponseHandler: follower responses appendEntries COMPLETED
2019-09-10 18:11:24,845 [grpc-default-executor-3] INFO  impl.FollowerInfo (FollowerInfo.java:lambda$new$0(51)) - b0fafecf-3418-4e4c-a5e4-e5075743f263@group-73C817937272->2e952fcc-3ad7-4f0e-80e3-0277395d1af8: nextIndex: updateUnconditionally 21 -> 17
2019-09-10 18:11:24,861 [91e32882-d3c6-46ba-a04b-cffc2ba77210@group-C08312A7C209-StateMachineUpdater] INFO  ratis.ContainerStateMachine (ContainerStateMachine.java:takeSnapshot(300)) - group-C08312A7C209: Finished taking a snapshot at:(t:2, i:30) file:/workdir/hadoop-ozone/integration-test/target/test-dir/MiniOzoneClusterImpl-a4bba3eb-5ae6-43ba-8544-0cc5de04918c/datanode-4/data/ratis/fc3a16e9-2f63-4db1-ad0a-c08312a7c209/sm/snapshot.2_30 time:41
2019-09-10 18:11:24,861 [b0fafecf-3418-4e4c-a5e4-e5075743f263@group-73C817937272-StateMachineUpdater] INFO  ratis.ContainerStateMachine (ContainerStateMachine.java:takeSnapshot(300)) - group-73C817937272: Finished taking a snapshot at:(t:1, i:14) file:/workdir/hadoop-ozone/integration-test/target/test-dir/MiniOzoneClusterImpl-a4bba3eb-5ae6-43ba-8544-0cc5de04918c/datanode-8/data/ratis/22b35f76-37c7-432e-9baa-73c817937272/sm/snapshot.1_14 time:18
2019-09-10 18:11:24,861 [91e32882-d3c6-46ba-a04b-cffc2ba77210@group-C08312A7C209-StateMachineUpdater] INFO  impl.StateMachineUpdater (StateMachineUpdater.java:takeSnapshot(258)) - 91e32882-d3c6-46ba-a04b-cffc2ba77210@group-C08312A7C209-StateMachineUpdater: Took a snapshot at index 30
2019-09-10 18:11:24,861 [b0fafecf-3418-4e4c-a5e4-e5075743f263@group-73C817937272-StateMachineUpdater] INFO  impl.StateMachineUpdater (StateMachineUpdater.java:takeSnapshot(258)) - b0fafecf-3418-4e4c-a5e4-e5075743f263@group-73C817937272-StateMachineUpdater: Took a snapshot at index 14
2019-09-10 18:11:24,861 [91e32882-d3c6-46ba-a04b-cffc2ba77210@group-C08312A7C209-StateMachineUpdater] INFO  impl.StateMachineUpdater (StateMachineUpdater.java:lambda$new$0(83)) - 91e32882-d3c6-46ba-a04b-cffc2ba77210@group-C08312A7C209-StateMachineUpdater: snapshotIndex: updateIncreasingly -1 -> 30
2019-09-10 18:11:24,861 [b0fafecf-3418-4e4c-a5e4-e5075743f263@group-73C817937272-StateMachineUpdater] INFO  impl.StateMachineUpdater (StateMachineUpdater.java:lambda$new$0(83)) - b0fafecf-3418-4e4c-a5e4-e5075743f263@group-73C817937272-StateMachineUpdater: snapshotIndex: updateIncreasingly -1 -> 14
2019-09-10 18:11:24,862 [91e32882-d3c6-46ba-a04b-cffc2ba77210@group-C08312A7C209-StateMachineUpdater] INFO  ratis.ContainerStateMachine (ContainerStateMachine.java:takeSnapshot(289)) - group-C08312A7C209: Taking a snapshot at:(t:2, i:30) file /workdir/hadoop-ozone/integration-test/target/test-dir/MiniOzoneClusterImpl-a4bba3eb-5ae6-43ba-8544-0cc5de04918c/datanode-4/data/ratis/fc3a16e9-2f63-4db1-ad0a-c08312a7c209/sm/snapshot.2_30
2019-09-10 18:11:24,862 [b0fafecf-3418-4e4c-a5e4-e5075743f263@group-73C817937272-StateMachineUpdater] INFO  ratis.ContainerStateMachine (ContainerStateMachine.java:takeSnapshot(289)) - group-73C817937272: Taking a snapshot at:(t:1, i:14) file /workdir/hadoop-ozone/integration-test/target/test-dir/MiniOzoneClusterImpl-a4bba3eb-5ae6-43ba-8544-0cc5de04918c/datanode-8/data/ratis/22b35f76-37c7-432e-9baa-73c817937272/sm/snapshot.1_14
2019-09-10 18:11:24,882 [b0fafecf-3418-4e4c-a5e4-e5075743f263@group-73C817937272-StateMachineUpdater] INFO  ratis.ContainerStateMachine (ContainerStateMachine.java:takeSnapshot(300)) - group-73C817937272: Finished taking a snapshot at:(t:1, i:14) file:/workdir/hadoop-ozone/integration-test/target/test-dir/MiniOzoneClusterImpl-a4bba3eb-5ae6-43ba-8544-0cc5de04918c/datanode-8/data/ratis/22b35f76-37c7-432e-9baa-73c817937272/sm/snapshot.1_14 time:20
2019-09-10 18:11:24,882 [b0fafecf-3418-4e4c-a5e4-e5075743f263@group-73C817937272-StateMachineUpdater] INFO  impl.StateMachineUpdater (StateMachineUpdater.java:takeSnapshot(258)) - b0fafecf-3418-4e4c-a5e4-e5075743f263@group-73C817937272-StateMachineUpdater: Took a snapshot at index 14
2019-09-10 18:11:24,882 [91e32882-d3c6-46ba-a04b-cffc2ba77210@group-C08312A7C209-StateMachineUpdater] INFO  ratis.ContainerStateMachine (ContainerStateMachine.java:takeSnapshot(300)) - group-C08312A7C209: Finished taking a snapshot at:(t:2, i:30) file:/workdir/hadoop-ozone/integration-test/target/test-dir/MiniOzoneClusterImpl-a4bba3eb-5ae6-43ba-8544-0cc5de04918c/datanode-4/data/ratis/fc3a16e9-2f63-4db1-ad0a-c08312a7c209/sm/snapshot.2_30 time:20
2019-09-10 18:11:24,882 [b0fafecf-3418-4e4c-a5e4-e5075743f263@group-73C817937272-StateMachineUpdater] INFO  impl.StateMachineUpdater (StateMachineUpdater.java:lambda$new$0(83)) - b0fafecf-3418-4e4c-a5e4-e5075743f263@group-73C817937272-StateMachineUpdater: snapshotIndex: updateIncreasingly 14 -> 14
2019-09-10 18:11:24,882 [91e32882-d3c6-46ba-a04b-cffc2ba77210@group-C08312A7C209-StateMachineUpdater] INFO  impl.StateMachineUpdater (StateMachineUpdater.java:takeSnapshot(258)) - 91e32882-d3c6-46ba-a04b-cffc2ba77210@group-C08312A7C209-StateMachineUpdater: Took a snapshot at index 30
2019-09-10 18:11:24,882 [91e32882-d3c6-46ba-a04b-cffc2ba77210@group-C08312A7C209-StateMachineUpdater] INFO  impl.StateMachineUpdater (StateMachineUpdater.java:lambda$new$0(83)) - 91e32882-d3c6-46ba-a04b-cffc2ba77210@group-C08312A7C209-StateMachineUpdater: snapshotIndex: updateIncreasingly 30 -> 30
2019-09-10 18:11:24,882 [main] INFO  impl.RaftServerImpl (ServerState.java:close(385)) - b0fafecf-3418-4e4c-a5e4-e5075743f263@group-73C817937272: closes. applyIndex: 16
2019-09-10 18:11:24,883 [ForkJoinPool.commonPool-worker-0] INFO  impl.RaftServerImpl (ServerState.java:close(385)) - 91e32882-d3c6-46ba-a04b-cffc2ba77210@group-C08312A7C209: closes. applyIndex: 32
2019-09-10 18:11:24,886 [b0fafecf-3418-4e4c-a5e4-e5075743f263@group-73C817937272-SegmentedRaftLogWorker] ERROR ratis.XceiverServerRatis (XceiverServerRatis.java:triggerPipelineClose(568)) - pipeline Action CLOSE  on pipeline PipelineID=22b35f76-37c7-432e-9baa-73c817937272.Reason : WriteLog:17: (t:1, i:17), STATEMACHINELOGENTRY, client-79319F45854E, cid=51-writeStateMachineData interrupted.
2019-09-10 18:11:24,886 [91e32882-d3c6-46ba-a04b-cffc2ba77210@group-C08312A7C209-SegmentedRaftLogWorker] ERROR ratis.XceiverServerRatis (XceiverServerRatis.java:triggerPipelineClose(568)) - pipeline Action CLOSE  on pipeline PipelineID=fc3a16e9-2f63-4db1-ad0a-c08312a7c209.Reason : WriteLog:33: (t:2, i:33), STATEMACHINELOGENTRY, client-23B431068EC3, cid=64-writeStateMachineData interrupted.
2019-09-10 18:11:24,886 [main] INFO  segmented.SegmentedRaftLogWorker (SegmentedRaftLogWorker.java:close(228)) - b0fafecf-3418-4e4c-a5e4-e5075743f263@group-73C817937272-SegmentedRaftLogWorker close()
2019-09-10 18:11:24,888 [ForkJoinPool.commonPool-worker-0] INFO  segmented.SegmentedRaftLogWorker (SegmentedRaftLogWorker.java:close(228)) - 91e32882-d3c6-46ba-a04b-cffc2ba77210@group-C08312A7C209-SegmentedRaftLogWorker close()
2019-09-10 18:11:24,888 [main] INFO  server.GrpcService (GrpcService.java:closeImpl(164)) - b0fafecf-3418-4e4c-a5e4-e5075743f263: shutdown server with port 44499 now
2019-09-10 18:11:24,889 [ForkJoinPool.commonPool-worker-0] INFO  impl.RaftServerImpl (RaftServerImpl.java:lambda$shutdown$3(251)) - 91e32882-d3c6-46ba-a04b-cffc2ba77210@group-3CCB29DB5386: shutdown
2019-09-10 18:11:24,890 [main] INFO  server.GrpcService (GrpcService.java:closeImpl(172)) - b0fafecf-3418-4e4c-a5e4-e5075743f263: shutdown server with port 44499 successfully
2019-09-10 18:11:24,890 [ForkJoinPool.commonPool-worker-0] INFO  util.JmxRegister (JmxRegister.java:unregister(73)) - Successfully un-registered JMX Bean with object name Ratis:service=RaftServer,group=group-3CCB29DB5386,id=91e32882-d3c6-46ba-a04b-cffc2ba77210
2019-09-10 18:11:24,890 [ForkJoinPool.commonPool-worker-0] INFO  impl.RoleInfo (RoleInfo.java:shutdownLeaderState(104)) - 91e32882-d3c6-46ba-a04b-cffc2ba77210: shutdown LeaderState
2019-09-10 18:11:24,891 [ForkJoinPool.commonPool-worker-0] INFO  impl.PendingRequests (PendingRequests.java:sendNotLeaderResponses(202)) - 91e32882-d3c6-46ba-a04b-cffc2ba77210-PendingRequests: sendNotLeaderResponses
2019-09-10 18:11:24,891 [ForkJoinPool.commonPool-worker-0] INFO  impl.StateMachineUpdater (StateMachineUpdater.java:stopAndJoin(125)) - 91e32882-d3c6-46ba-a04b-cffc2ba77210@group-3CCB29DB5386-StateMachineUpdater: set stopIndex = 0
2019-09-10 18:11:24,892 [ForkJoinPool.commonPool-worker-0] INFO  impl.RaftServerImpl (ServerState.java:close(385)) - 91e32882-d3c6-46ba-a04b-cffc2ba77210@group-3CCB29DB5386: closes. applyIndex: 0
2019-09-10 18:11:24,892 [91e32882-d3c6-46ba-a04b-cffc2ba77210@group-3CCB29DB5386-SegmentedRaftLogWorker] INFO  segmented.SegmentedRaftLogWorker (SegmentedRaftLogWorker.java:run(313)) - 91e32882-d3c6-46ba-a04b-cffc2ba77210@group-3CCB29DB5386-SegmentedRaftLogWorker was interrupted, exiting. There are 0 tasks remaining in the queue.
2019-09-10 18:11:24,893 [ForkJoinPool.commonPool-worker-0] INFO  segmented.SegmentedRaftLogWorker (SegmentedRaftLogWorker.java:close(228)) - 91e32882-d3c6-46ba-a04b-cffc2ba77210@group-3CCB29DB5386-SegmentedRaftLogWorker close()
2019-09-10 18:11:24,894 [ForkJoinPool.commonPool-worker-0] INFO  server.GrpcService (GrpcService.java:closeImpl(164)) - 91e32882-d3c6-46ba-a04b-cffc2ba77210: shutdown server with port 46514 now
2019-09-10 18:11:24,895 [ForkJoinPool.commonPool-worker-0] INFO  server.GrpcService (GrpcService.java:closeImpl(172)) - 91e32882-d3c6-46ba-a04b-cffc2ba77210: shutdown server with port 46514 successfully
2019-09-10 18:11:24,897 [refreshUsed-/workdir/hadoop-ozone/integration-test/target/test-dir/MiniOzoneClusterImpl-a4bba3eb-5ae6-43ba-8544-0cc5de04918c/datanode-8/data/containers] WARN  fs.CachingGetSpaceUsed (CachingGetSpaceUsed.java:run(183)) - Thread Interrupted waiting to refresh disk information: sleep interrupted
2019-09-10 18:11:24,902 [refreshUsed-/workdir/hadoop-ozone/integration-test/target/test-dir/MiniOzoneClusterImpl-a4bba3eb-5ae6-43ba-8544-0cc5de04918c/datanode-4/data/containers] WARN  fs.CachingGetSpaceUsed (CachingGetSpaceUsed.java:run(183)) - Thread Interrupted waiting to refresh disk information: sleep interrupted
2019-09-10 18:11:24,921 [main] INFO  utils.BackgroundService (BackgroundService.java:shutdown(148)) - Shutting down service BlockDeletingService
2019-09-10 18:11:24,921 [ForkJoinPool.commonPool-worker-0] INFO  utils.BackgroundService (BackgroundService.java:shutdown(148)) - Shutting down service BlockDeletingService
2019-09-10 18:11:24,924 [main] INFO  statemachine.DatanodeStateMachine (DatanodeStateMachine.java:stopDaemon(395)) - Ozone container server stopped.
2019-09-10 18:11:24,926 [ForkJoinPool.commonPool-worker-0] INFO  statemachine.DatanodeStateMachine (DatanodeStateMachine.java:stopDaemon(395)) - Ozone container server stopped.
2019-09-10 18:11:24,930 [main] INFO  handler.ContextHandler (ContextHandler.java:doStop(910)) - Stopped o.e.j.w.WebAppContext@48a0c8aa{/,null,UNAVAILABLE}{/hddsDatanode}
2019-09-10 18:11:24,930 [ForkJoinPool.commonPool-worker-0] INFO  handler.ContextHandler (ContextHandler.java:doStop(910)) - Stopped o.e.j.w.WebAppContext@5ea4300e{/,null,UNAVAILABLE}{/hddsDatanode}
2019-09-10 18:11:24,931 [ForkJoinPool.commonPool-worker-0] INFO  server.AbstractConnector (AbstractConnector.java:doStop(318)) - Stopped ServerConnector@5a1c3cb4{HTTP/1.1,[http/1.1]}{0.0.0.0:0}
2019-09-10 18:11:24,931 [main] INFO  server.AbstractConnector (AbstractConnector.java:doStop(318)) - Stopped ServerConnector@6192a5d5{HTTP/1.1,[http/1.1]}{0.0.0.0:0}
2019-09-10 18:11:24,932 [ForkJoinPool.commonPool-worker-0] INFO  handler.ContextHandler (ContextHandler.java:doStop(910)) - Stopped o.e.j.s.ServletContextHandler@68b9834c{/static,jar:file:/home/user/.m2/repository/org/apache/hadoop/hadoop-hdds-container-service/0.5.0-SNAPSHOT/hadoop-hdds-container-service-0.5.0-SNAPSHOT.jar!/webapps/static,UNAVAILABLE}
2019-09-10 18:11:24,932 [main] INFO  handler.ContextHandler (ContextHandler.java:doStop(910)) - Stopped o.e.j.s.ServletContextHandler@51ec2856{/static,jar:file:/home/user/.m2/repository/org/apache/hadoop/hadoop-hdds-container-service/0.5.0-SNAPSHOT/hadoop-hdds-container-service-0.5.0-SNAPSHOT.jar!/webapps/static,UNAVAILABLE}
2019-09-10 18:11:24,933 [ForkJoinPool.commonPool-worker-0] INFO  handler.ContextHandler (ContextHandler.java:doStop(910)) - Stopped o.e.j.s.ServletContextHandler@17fa1336{/logs,file:///workdir/hadoop-ozone/integration-test/target/log,UNAVAILABLE}
2019-09-10 18:11:24,933 [main] INFO  handler.ContextHandler (ContextHandler.java:doStop(910)) - Stopped o.e.j.s.ServletContextHandler@6fa0450e{/logs,file:///workdir/hadoop-ozone/integration-test/target/log,UNAVAILABLE}
2019-09-10 18:11:25,317 [Datanode State Machine Thread - 0] INFO  statemachine.DatanodeStateMachine (DatanodeStateMachine.java:lambda$startDaemon$0(350)) - Ozone container server started.
2019-09-10 18:11:25,430 [Datanode State Machine Thread - 0] INFO  statemachine.DatanodeStateMachine (DatanodeStateMachine.java:lambda$startDaemon$0(350)) - Ozone container server started.
2019-09-10 18:11:27,039 [2e952fcc-3ad7-4f0e-80e3-0277395d1af8@group-73C817937272-SegmentedRaftLogWorker] WARN  segmented.SegmentedRaftLogWorker (SegmentedRaftLogWorker.java:getFromFuture(90)) - Timeout 5/~
org.apache.ratis.protocol.TimeoutIOException: Timeout 10s: WriteLog:17: (t:1, i:17), STATEMACHINELOGENTRY, client-79319F45854E, cid=51-writeStateMachineData
	at org.apache.ratis.util.IOUtils.getFromFuture(IOUtils.java:87)
	at org.apache.ratis.server.raftlog.segmented.SegmentedRaftLogWorker$StateMachineDataPolicy.getFromFuture(SegmentedRaftLogWorker.java:87)
	at org.apache.ratis.server.raftlog.segmented.SegmentedRaftLogWorker$WriteLog.execute(SegmentedRaftLogWorker.java:477)
	at org.apache.ratis.server.raftlog.segmented.SegmentedRaftLogWorker.run(SegmentedRaftLogWorker.java:289)
	at java.lang.Thread.run(Thread.java:748)
Caused by: java.util.concurrent.TimeoutException
	at java.util.concurrent.CompletableFuture.timedGet(CompletableFuture.java:1771)
	at java.util.concurrent.CompletableFuture.get(CompletableFuture.java:1915)
	at org.apache.ratis.util.IOUtils.getFromFuture(IOUtils.java:79)
	... 4 more
2019-09-10 18:11:29,936 [ForkJoinPool.commonPool-worker-0] INFO  ozoneimpl.OzoneContainer (OzoneContainer.java:stop(231)) - Attempting to stop container services.
2019-09-10 18:11:29,936 [main] INFO  ozoneimpl.OzoneContainer (OzoneContainer.java:stop(231)) - Attempting to stop container services.
2019-09-10 18:11:29,938 [ForkJoinPool.commonPool-worker-0] INFO  impl.RaftServerProxy (RaftServerProxy.java:lambda$close$4(314)) - 2e952fcc-3ad7-4f0e-80e3-0277395d1af8: close
2019-09-10 18:11:29,939 [main] INFO  impl.RaftServerProxy (RaftServerProxy.java:lambda$close$4(314)) - 24f5ddbe-d11b-430b-a0df-2fe5f6c753f9: close
2019-09-10 18:11:29,939 [main] INFO  impl.RaftServerImpl (RaftServerImpl.java:lambda$shutdown$3(251)) - 24f5ddbe-d11b-430b-a0df-2fe5f6c753f9@group-C690B789613C: shutdown
2019-09-10 18:11:29,939 [ForkJoinPool.commonPool-worker-0] INFO  impl.RaftServerImpl (RaftServerImpl.java:lambda$shutdown$3(251)) - 2e952fcc-3ad7-4f0e-80e3-0277395d1af8@group-BF9F57237CCE: shutdown
2019-09-10 18:11:29,940 [main] INFO  util.JmxRegister (JmxRegister.java:unregister(73)) - Successfully un-registered JMX Bean with object name Ratis:service=RaftServer,group=group-C690B789613C,id=24f5ddbe-d11b-430b-a0df-2fe5f6c753f9
2019-09-10 18:11:29,940 [ForkJoinPool.commonPool-worker-0] INFO  util.JmxRegister (JmxRegister.java:unregister(73)) - Successfully un-registered JMX Bean with object name Ratis:service=RaftServer,group=group-BF9F57237CCE,id=2e952fcc-3ad7-4f0e-80e3-0277395d1af8
2019-09-10 18:11:29,940 [main] INFO  impl.RoleInfo (RoleInfo.java:shutdownLeaderState(104)) - 24f5ddbe-d11b-430b-a0df-2fe5f6c753f9: shutdown LeaderState
2019-09-10 18:11:29,940 [ForkJoinPool.commonPool-worker-0] INFO  impl.RoleInfo (RoleInfo.java:shutdownLeaderState(104)) - 2e952fcc-3ad7-4f0e-80e3-0277395d1af8: shutdown LeaderState
2019-09-10 18:11:29,941 [ForkJoinPool.commonPool-worker-0] INFO  impl.PendingRequests (PendingRequests.java:sendNotLeaderResponses(202)) - 2e952fcc-3ad7-4f0e-80e3-0277395d1af8-PendingRequests: sendNotLeaderResponses
2019-09-10 18:11:29,941 [main] INFO  impl.PendingRequests (PendingRequests.java:sendNotLeaderResponses(202)) - 24f5ddbe-d11b-430b-a0df-2fe5f6c753f9-PendingRequests: sendNotLeaderResponses
2019-09-10 18:11:29,942 [main] INFO  impl.StateMachineUpdater (StateMachineUpdater.java:stopAndJoin(125)) - 24f5ddbe-d11b-430b-a0df-2fe5f6c753f9@group-C690B789613C-StateMachineUpdater: set stopIndex = 0
2019-09-10 18:11:29,942 [ForkJoinPool.commonPool-worker-0] INFO  impl.StateMachineUpdater (StateMachineUpdater.java:stopAndJoin(125)) - 2e952fcc-3ad7-4f0e-80e3-0277395d1af8@group-BF9F57237CCE-StateMachineUpdater: set stopIndex = 0
2019-09-10 18:11:29,942 [main] INFO  impl.RaftServerImpl (ServerState.java:close(385)) - 24f5ddbe-d11b-430b-a0df-2fe5f6c753f9@group-C690B789613C: closes. applyIndex: 0
2019-09-10 18:11:29,942 [ForkJoinPool.commonPool-worker-0] INFO  impl.RaftServerImpl (ServerState.java:close(385)) - 2e952fcc-3ad7-4f0e-80e3-0277395d1af8@group-BF9F57237CCE: closes. applyIndex: 0
2019-09-10 18:11:29,943 [24f5ddbe-d11b-430b-a0df-2fe5f6c753f9@group-C690B789613C-SegmentedRaftLogWorker] INFO  segmented.SegmentedRaftLogWorker (SegmentedRaftLogWorker.java:run(313)) - 24f5ddbe-d11b-430b-a0df-2fe5f6c753f9@group-C690B789613C-SegmentedRaftLogWorker was interrupted, exiting. There are 0 tasks remaining in the queue.
2019-09-10 18:11:29,943 [2e952fcc-3ad7-4f0e-80e3-0277395d1af8@group-BF9F57237CCE-SegmentedRaftLogWorker] INFO  segmented.SegmentedRaftLogWorker (SegmentedRaftLogWorker.java:run(313)) - 2e952fcc-3ad7-4f0e-80e3-0277395d1af8@group-BF9F57237CCE-SegmentedRaftLogWorker was interrupted, exiting. There are 0 tasks remaining in the queue.
2019-09-10 18:11:29,953 [ForkJoinPool.commonPool-worker-0] INFO  segmented.SegmentedRaftLogWorker (SegmentedRaftLogWorker.java:close(228)) - 2e952fcc-3ad7-4f0e-80e3-0277395d1af8@group-BF9F57237CCE-SegmentedRaftLogWorker close()
2019-09-10 18:11:29,953 [main] INFO  segmented.SegmentedRaftLogWorker (SegmentedRaftLogWorker.java:close(228)) - 24f5ddbe-d11b-430b-a0df-2fe5f6c753f9@group-C690B789613C-SegmentedRaftLogWorker close()
2019-09-10 18:11:29,958 [ForkJoinPool.commonPool-worker-0] INFO  impl.RaftServerImpl (RaftServerImpl.java:lambda$shutdown$3(251)) - 2e952fcc-3ad7-4f0e-80e3-0277395d1af8@group-73C817937272: shutdown
2019-09-10 18:11:29,960 [ForkJoinPool.commonPool-worker-0] INFO  util.JmxRegister (JmxRegister.java:unregister(73)) - Successfully un-registered JMX Bean with object name Ratis:service=RaftServer,group=group-73C817937272,id=2e952fcc-3ad7-4f0e-80e3-0277395d1af8
2019-09-10 18:11:29,960 [main] INFO  server.GrpcService (GrpcService.java:closeImpl(164)) - 24f5ddbe-d11b-430b-a0df-2fe5f6c753f9: shutdown server with port 38414 now
2019-09-10 18:11:29,960 [ForkJoinPool.commonPool-worker-0] INFO  impl.RoleInfo (RoleInfo.java:shutdownFollowerState(121)) - 2e952fcc-3ad7-4f0e-80e3-0277395d1af8: shutdown FollowerState
2019-09-10 18:11:29,960 [ForkJoinPool.commonPool-worker-0] INFO  impl.StateMachineUpdater (StateMachineUpdater.java:stopAndJoin(125)) - 2e952fcc-3ad7-4f0e-80e3-0277395d1af8@group-73C817937272-StateMachineUpdater: set stopIndex = 16
2019-09-10 18:11:29,961 [2e952fcc-3ad7-4f0e-80e3-0277395d1af8@group-73C817937272-StateMachineUpdater] INFO  ratis.ContainerStateMachine (ContainerStateMachine.java:takeSnapshot(289)) - group-73C817937272: Taking a snapshot at:(t:1, i:12) file /workdir/hadoop-ozone/integration-test/target/test-dir/MiniOzoneClusterImpl-a4bba3eb-5ae6-43ba-8544-0cc5de04918c/datanode-0/data/ratis/22b35f76-37c7-432e-9baa-73c817937272/sm/snapshot.1_12
2019-09-10 18:11:29,961 [Thread-372] INFO  impl.FollowerState (FollowerState.java:run(115)) - 2e952fcc-3ad7-4f0e-80e3-0277395d1af8: FollowerState was interrupted: java.lang.InterruptedException: sleep interrupted
2019-09-10 18:11:29,962 [main] INFO  server.GrpcService (GrpcService.java:closeImpl(172)) - 24f5ddbe-d11b-430b-a0df-2fe5f6c753f9: shutdown server with port 38414 successfully
2019-09-10 18:11:29,964 [refreshUsed-/workdir/hadoop-ozone/integration-test/target/test-dir/MiniOzoneClusterImpl-a4bba3eb-5ae6-43ba-8544-0cc5de04918c/datanode-7/data/containers] WARN  fs.CachingGetSpaceUsed (CachingGetSpaceUsed.java:run(183)) - Thread Interrupted waiting to refresh disk information: sleep interrupted
2019-09-10 18:11:29,982 [main] INFO  utils.BackgroundService (BackgroundService.java:shutdown(148)) - Shutting down service BlockDeletingService
2019-09-10 18:11:29,985 [main] INFO  statemachine.DatanodeStateMachine (DatanodeStateMachine.java:stopDaemon(395)) - Ozone container server stopped.
2019-09-10 18:11:29,987 [main] INFO  handler.ContextHandler (ContextHandler.java:doStop(910)) - Stopped o.e.j.w.WebAppContext@56cfe111{/,null,UNAVAILABLE}{/hddsDatanode}
2019-09-10 18:11:29,988 [main] INFO  server.AbstractConnector (AbstractConnector.java:doStop(318)) - Stopped ServerConnector@7e446d92{HTTP/1.1,[http/1.1]}{0.0.0.0:0}
2019-09-10 18:11:29,988 [main] INFO  handler.ContextHandler (ContextHandler.java:doStop(910)) - Stopped o.e.j.s.ServletContextHandler@2da3b078{/static,jar:file:/home/user/.m2/repository/org/apache/hadoop/hadoop-hdds-container-service/0.5.0-SNAPSHOT/hadoop-hdds-container-service-0.5.0-SNAPSHOT.jar!/webapps/static,UNAVAILABLE}
2019-09-10 18:11:29,989 [main] INFO  handler.ContextHandler (ContextHandler.java:doStop(910)) - Stopped o.e.j.s.ServletContextHandler@19a64eae{/logs,file:///workdir/hadoop-ozone/integration-test/target/log,UNAVAILABLE}
2019-09-10 18:11:29,990 [2e952fcc-3ad7-4f0e-80e3-0277395d1af8@group-73C817937272-StateMachineUpdater] INFO  ratis.ContainerStateMachine (ContainerStateMachine.java:takeSnapshot(300)) - group-73C817937272: Finished taking a snapshot at:(t:1, i:12) file:/workdir/hadoop-ozone/integration-test/target/test-dir/MiniOzoneClusterImpl-a4bba3eb-5ae6-43ba-8544-0cc5de04918c/datanode-0/data/ratis/22b35f76-37c7-432e-9baa-73c817937272/sm/snapshot.1_12 time:29
2019-09-10 18:11:29,990 [2e952fcc-3ad7-4f0e-80e3-0277395d1af8@group-73C817937272-StateMachineUpdater] INFO  impl.StateMachineUpdater (StateMachineUpdater.java:takeSnapshot(258)) - 2e952fcc-3ad7-4f0e-80e3-0277395d1af8@group-73C817937272-StateMachineUpdater: Took a snapshot at index 12
2019-09-10 18:11:29,990 [2e952fcc-3ad7-4f0e-80e3-0277395d1af8@group-73C817937272-StateMachineUpdater] INFO  impl.StateMachineUpdater (StateMachineUpdater.java:lambda$new$0(83)) - 2e952fcc-3ad7-4f0e-80e3-0277395d1af8@group-73C817937272-StateMachineUpdater: snapshotIndex: updateIncreasingly -1 -> 12
2019-09-10 18:11:29,991 [2e952fcc-3ad7-4f0e-80e3-0277395d1af8@group-73C817937272-StateMachineUpdater] INFO  ratis.ContainerStateMachine (ContainerStateMachine.java:takeSnapshot(289)) - group-73C817937272: Taking a snapshot at:(t:1, i:12) file /workdir/hadoop-ozone/integration-test/target/test-dir/MiniOzoneClusterImpl-a4bba3eb-5ae6-43ba-8544-0cc5de04918c/datanode-0/data/ratis/22b35f76-37c7-432e-9baa-73c817937272/sm/snapshot.1_12
2019-09-10 18:11:30,017 [2e952fcc-3ad7-4f0e-80e3-0277395d1af8@group-73C817937272-StateMachineUpdater] INFO  ratis.ContainerStateMachine (ContainerStateMachine.java:takeSnapshot(300)) - group-73C817937272: Finished taking a snapshot at:(t:1, i:12) file:/workdir/hadoop-ozone/integration-test/target/test-dir/MiniOzoneClusterImpl-a4bba3eb-5ae6-43ba-8544-0cc5de04918c/datanode-0/data/ratis/22b35f76-37c7-432e-9baa-73c817937272/sm/snapshot.1_12 time:27
2019-09-10 18:11:30,017 [2e952fcc-3ad7-4f0e-80e3-0277395d1af8@group-73C817937272-StateMachineUpdater] INFO  impl.StateMachineUpdater (StateMachineUpdater.java:takeSnapshot(258)) - 2e952fcc-3ad7-4f0e-80e3-0277395d1af8@group-73C817937272-StateMachineUpdater: Took a snapshot at index 12
2019-09-10 18:11:30,018 [2e952fcc-3ad7-4f0e-80e3-0277395d1af8@group-73C817937272-StateMachineUpdater] INFO  impl.StateMachineUpdater (StateMachineUpdater.java:lambda$new$0(83)) - 2e952fcc-3ad7-4f0e-80e3-0277395d1af8@group-73C817937272-StateMachineUpdater: snapshotIndex: updateIncreasingly 12 -> 12
2019-09-10 18:11:30,018 [ForkJoinPool.commonPool-worker-0] INFO  impl.RaftServerImpl (ServerState.java:close(385)) - 2e952fcc-3ad7-4f0e-80e3-0277395d1af8@group-73C817937272: closes. applyIndex: 16
2019-09-10 18:11:30,020 [2e952fcc-3ad7-4f0e-80e3-0277395d1af8@group-73C817937272-SegmentedRaftLogWorker] ERROR ratis.XceiverServerRatis (XceiverServerRatis.java:triggerPipelineClose(568)) - pipeline Action CLOSE  on pipeline PipelineID=22b35f76-37c7-432e-9baa-73c817937272.Reason : WriteLog:17: (t:1, i:17), STATEMACHINELOGENTRY, client-79319F45854E, cid=51-writeStateMachineData interrupted.
2019-09-10 18:11:30,021 [ForkJoinPool.commonPool-worker-0] INFO  segmented.SegmentedRaftLogWorker (SegmentedRaftLogWorker.java:close(228)) - 2e952fcc-3ad7-4f0e-80e3-0277395d1af8@group-73C817937272-SegmentedRaftLogWorker close()
2019-09-10 18:11:30,022 [ForkJoinPool.commonPool-worker-0] INFO  server.GrpcService (GrpcService.java:closeImpl(164)) - 2e952fcc-3ad7-4f0e-80e3-0277395d1af8: shutdown server with port 44043 now
2019-09-10 18:11:30,023 [ForkJoinPool.commonPool-worker-0] INFO  server.GrpcService (GrpcService.java:closeImpl(172)) - 2e952fcc-3ad7-4f0e-80e3-0277395d1af8: shutdown server with port 44043 successfully
2019-09-10 18:11:30,030 [refreshUsed-/workdir/hadoop-ozone/integration-test/target/test-dir/MiniOzoneClusterImpl-a4bba3eb-5ae6-43ba-8544-0cc5de04918c/datanode-0/data/containers] WARN  fs.CachingGetSpaceUsed (CachingGetSpaceUsed.java:run(183)) - Thread Interrupted waiting to refresh disk information: sleep interrupted
2019-09-10 18:11:30,055 [ForkJoinPool.commonPool-worker-0] INFO  utils.BackgroundService (BackgroundService.java:shutdown(148)) - Shutting down service BlockDeletingService
2019-09-10 18:11:30,057 [ForkJoinPool.commonPool-worker-0] INFO  statemachine.DatanodeStateMachine (DatanodeStateMachine.java:stopDaemon(395)) - Ozone container server stopped.
2019-09-10 18:11:30,061 [ForkJoinPool.commonPool-worker-0] INFO  handler.ContextHandler (ContextHandler.java:doStop(910)) - Stopped o.e.j.w.WebAppContext@895416d{/,null,UNAVAILABLE}{/hddsDatanode}
2019-09-10 18:11:30,062 [ForkJoinPool.commonPool-worker-0] INFO  server.AbstractConnector (AbstractConnector.java:doStop(318)) - Stopped ServerConnector@71a06021{HTTP/1.1,[http/1.1]}{0.0.0.0:0}
2019-09-10 18:11:30,064 [ForkJoinPool.commonPool-worker-0] INFO  handler.ContextHandler (ContextHandler.java:doStop(910)) - Stopped o.e.j.s.ServletContextHandler@2f236de0{/static,jar:file:/home/user/.m2/repository/org/apache/hadoop/hadoop-hdds-container-service/0.5.0-SNAPSHOT/hadoop-hdds-container-service-0.5.0-SNAPSHOT.jar!/webapps/static,UNAVAILABLE}
2019-09-10 18:11:30,065 [ForkJoinPool.commonPool-worker-0] INFO  handler.ContextHandler (ContextHandler.java:doStop(910)) - Stopped o.e.j.s.ServletContextHandler@2643d762{/logs,file:///workdir/hadoop-ozone/integration-test/target/log,UNAVAILABLE}
2019-09-10 18:11:30,066 [main] INFO  ozone.MiniOzoneClusterImpl (MiniOzoneClusterImpl.java:stop(339)) - Stopping the StorageContainerManager
2019-09-10 18:11:30,066 [main] INFO  server.StorageContainerManager (StorageContainerManager.java:stop(801)) - Stopping Replication Manager Service.
2019-09-10 18:11:30,066 [main] INFO  container.ReplicationManager (ReplicationManager.java:stop(203)) - Stopping Replication Monitor Thread.
2019-09-10 18:11:30,067 [main] INFO  server.StorageContainerManager (StorageContainerManager.java:stop(808)) - Stopping Lease Manager of the command watchers
2019-09-10 18:11:30,067 [main] INFO  server.StorageContainerManager (StorageContainerManager.java:stop(815)) - Stopping datanode service RPC server
2019-09-10 18:11:30,067 [main] INFO  server.SCMDatanodeProtocolServer (SCMDatanodeProtocolServer.java:stop(367)) - Stopping the RPC server for DataNodes
2019-09-10 18:11:30,068 [main] INFO  ipc.Server (Server.java:stop(3082)) - Stopping server on 37420
2019-09-10 18:11:30,069 [IPC Server listener on 37420] INFO  ipc.Server (Server.java:run(1185)) - Stopping IPC Server listener on 37420
2019-09-10 18:11:30,069 [IPC Server Responder] INFO  ipc.Server (Server.java:run(1319)) - Stopping IPC Server Responder
2019-09-10 18:11:30,131 [SCM Heartbeat Processing Thread - 0] WARN  node.NodeStateManager (NodeStateManager.java:scheduleNextHealthCheck(653)) - Current Thread is interrupted, shutting down HB processing thread for Node Manager.
2019-09-10 18:11:30,132 [main] INFO  server.StorageContainerManager (StorageContainerManager.java:stop(823)) - Stopping block service RPC server
2019-09-10 18:11:30,132 [main] INFO  server.SCMBlockProtocolServer (SCMBlockProtocolServer.java:stop(155)) - Stopping the RPC server for Block Protocol
2019-09-10 18:11:30,132 [main] INFO  ipc.Server (Server.java:stop(3082)) - Stopping server on 46785
2019-09-10 18:11:30,133 [IPC Server listener on 46785] INFO  ipc.Server (Server.java:run(1185)) - Stopping IPC Server listener on 46785
2019-09-10 18:11:30,133 [main] INFO  server.StorageContainerManager (StorageContainerManager.java:stop(830)) - Stopping the StorageContainerLocationProtocol RPC server
2019-09-10 18:11:30,133 [IPC Server Responder] INFO  ipc.Server (Server.java:run(1319)) - Stopping IPC Server Responder
2019-09-10 18:11:30,133 [main] INFO  server.SCMClientProtocolServer (SCMClientProtocolServer.java:stop(159)) - Stopping the RPC server for Client Protocol
2019-09-10 18:11:30,134 [main] INFO  ipc.Server (Server.java:stop(3082)) - Stopping server on 40116
2019-09-10 18:11:30,135 [main] INFO  server.StorageContainerManager (StorageContainerManager.java:stop(837)) - Stopping Storage Container Manager HTTP server.
2019-09-10 18:11:30,135 [IPC Server listener on 40116] INFO  ipc.Server (Server.java:run(1185)) - Stopping IPC Server listener on 40116
2019-09-10 18:11:30,136 [IPC Server Responder] INFO  ipc.Server (Server.java:run(1319)) - Stopping IPC Server Responder
2019-09-10 18:11:30,137 [main] INFO  handler.ContextHandler (ContextHandler.java:doStop(910)) - Stopped o.e.j.w.WebAppContext@27e0f2f5{/,null,UNAVAILABLE}{/scm}
2019-09-10 18:11:30,138 [main] INFO  server.AbstractConnector (AbstractConnector.java:doStop(318)) - Stopped ServerConnector@3dd69f5a{HTTP/1.1,[http/1.1]}{0.0.0.0:0}
2019-09-10 18:11:30,138 [main] INFO  handler.ContextHandler (ContextHandler.java:doStop(910)) - Stopped o.e.j.s.ServletContextHandler@4aa83f4f{/static,file:///workdir/hadoop-ozone/integration-test/target/test-classes/webapps/static,UNAVAILABLE}
2019-09-10 18:11:30,138 [main] INFO  handler.ContextHandler (ContextHandler.java:doStop(910)) - Stopped o.e.j.s.ServletContextHandler@615091b8{/logs,file:///workdir/hadoop-ozone/integration-test/target/log,UNAVAILABLE}
2019-09-10 18:11:30,139 [main] INFO  server.StorageContainerManager (StorageContainerManager.java:stop(848)) - Stopping Block Manager Service.
2019-09-10 18:11:30,140 [main] INFO  utils.BackgroundService (BackgroundService.java:shutdown(148)) - Shutting down service SCMBlockDeletingService
2019-09-10 18:11:30,140 [main] INFO  utils.BackgroundService (BackgroundService.java:shutdown(148)) - Shutting down service SCMBlockDeletingService
2019-09-10 18:11:30,141 [main] INFO  server.StorageContainerManager (StorageContainerManager.java:stop(870)) - Stopping SCM Event Queue.
2019-09-10 18:11:30,152 [main] INFO  impl.MetricsSystemImpl (MetricsSystemImpl.java:stop(210)) - Stopping XceiverClientMetrics metrics system...
2019-09-10 18:11:30,164 [prometheus] INFO  impl.MetricsSinkAdapter (MetricsSinkAdapter.java:publishMetricsFromQueue(141)) - prometheus thread interrupted.
2019-09-10 18:11:30,164 [main] INFO  impl.MetricsSystemImpl (MetricsSystemImpl.java:stop(216)) - XceiverClientMetrics metrics system stopped.
]]></system-out>
    <system-err><![CDATA[ERROR StatusLogger No Log4j 2 configuration file found. Using default configuration (logging only errors to the console), or user programmatically provided configurations. Set system property 'log4j2.debug' to show Log4j 2 internal initialization logging. See https://logging.apache.org/log4j/2.x/manual/configuration.html for instructions on how to configure Log4j 2
Sep 10, 2019 6:10:26 PM org.apache.ratis.thirdparty.io.grpc.internal.SerializingExecutor run
SEVERE: Exception while executing runnable org.apache.ratis.thirdparty.io.grpc.internal.ServerImpl$JumpToApplicationThreadServerStreamListener$1Closed@79fcb2f
org.apache.ratis.thirdparty.io.grpc.StatusRuntimeException: CANCELLED: call already cancelled
	at org.apache.ratis.thirdparty.io.grpc.Status.asRuntimeException(Status.java:517)
	at org.apache.ratis.thirdparty.io.grpc.stub.ServerCalls$ServerCallStreamObserverImpl.onCompleted(ServerCalls.java:356)
	at org.apache.ratis.grpc.server.GrpcServerProtocolService$ServerRequestStreamObserver.onError(GrpcServerProtocolService.java:121)
	at org.apache.ratis.thirdparty.io.grpc.stub.ServerCalls$StreamingServerCallHandler$StreamingServerCallListener.onCancel(ServerCalls.java:269)
	at org.apache.ratis.thirdparty.io.grpc.internal.ServerCallImpl$ServerStreamListenerImpl.closed(ServerCallImpl.java:293)
	at org.apache.ratis.thirdparty.io.grpc.internal.ServerImpl$JumpToApplicationThreadServerStreamListener$1Closed.runInContext(ServerImpl.java:741)
	at org.apache.ratis.thirdparty.io.grpc.internal.ContextRunnable.run(ContextRunnable.java:37)
	at org.apache.ratis.thirdparty.io.grpc.internal.SerializingExecutor.run(SerializingExecutor.java:123)
	at java.util.concurrent.ThreadPoolExecutor.runWorker(ThreadPoolExecutor.java:1149)
	at java.util.concurrent.ThreadPoolExecutor$Worker.run(ThreadPoolExecutor.java:624)
	at java.lang.Thread.run(Thread.java:748)

Sep 10, 2019 6:10:50 PM org.apache.ratis.thirdparty.io.grpc.internal.SerializingExecutor run
SEVERE: Exception while executing runnable org.apache.ratis.thirdparty.io.grpc.internal.ServerImpl$JumpToApplicationThreadServerStreamListener$1Closed@1d9ebbea
org.apache.ratis.thirdparty.io.grpc.StatusRuntimeException: CANCELLED: call already cancelled
	at org.apache.ratis.thirdparty.io.grpc.Status.asRuntimeException(Status.java:517)
	at org.apache.ratis.thirdparty.io.grpc.stub.ServerCalls$ServerCallStreamObserverImpl.onCompleted(ServerCalls.java:356)
	at org.apache.ratis.grpc.server.GrpcServerProtocolService$ServerRequestStreamObserver.onError(GrpcServerProtocolService.java:121)
	at org.apache.ratis.thirdparty.io.grpc.stub.ServerCalls$StreamingServerCallHandler$StreamingServerCallListener.onCancel(ServerCalls.java:269)
	at org.apache.ratis.thirdparty.io.grpc.internal.ServerCallImpl$ServerStreamListenerImpl.closed(ServerCallImpl.java:293)
	at org.apache.ratis.thirdparty.io.grpc.internal.ServerImpl$JumpToApplicationThreadServerStreamListener$1Closed.runInContext(ServerImpl.java:741)
	at org.apache.ratis.thirdparty.io.grpc.internal.ContextRunnable.run(ContextRunnable.java:37)
	at org.apache.ratis.thirdparty.io.grpc.internal.SerializingExecutor.run(SerializingExecutor.java:123)
	at java.util.concurrent.ThreadPoolExecutor.runWorker(ThreadPoolExecutor.java:1149)
	at java.util.concurrent.ThreadPoolExecutor$Worker.run(ThreadPoolExecutor.java:624)
	at java.lang.Thread.run(Thread.java:748)

Sep 10, 2019 6:11:14 PM org.apache.ratis.thirdparty.io.grpc.internal.SerializingExecutor run
SEVERE: Exception while executing runnable org.apache.ratis.thirdparty.io.grpc.internal.ServerImpl$JumpToApplicationThreadServerStreamListener$1Closed@4ddc21df
org.apache.ratis.thirdparty.io.grpc.StatusRuntimeException: CANCELLED: call already cancelled
	at org.apache.ratis.thirdparty.io.grpc.Status.asRuntimeException(Status.java:517)
	at org.apache.ratis.thirdparty.io.grpc.stub.ServerCalls$ServerCallStreamObserverImpl.onCompleted(ServerCalls.java:356)
	at org.apache.ratis.grpc.server.GrpcServerProtocolService$ServerRequestStreamObserver.onError(GrpcServerProtocolService.java:121)
	at org.apache.ratis.thirdparty.io.grpc.stub.ServerCalls$StreamingServerCallHandler$StreamingServerCallListener.onCancel(ServerCalls.java:269)
	at org.apache.ratis.thirdparty.io.grpc.internal.ServerCallImpl$ServerStreamListenerImpl.closed(ServerCallImpl.java:293)
	at org.apache.ratis.thirdparty.io.grpc.internal.ServerImpl$JumpToApplicationThreadServerStreamListener$1Closed.runInContext(ServerImpl.java:741)
	at org.apache.ratis.thirdparty.io.grpc.internal.ContextRunnable.run(ContextRunnable.java:37)
	at org.apache.ratis.thirdparty.io.grpc.internal.SerializingExecutor.run(SerializingExecutor.java:123)
	at java.util.concurrent.ThreadPoolExecutor.runWorker(ThreadPoolExecutor.java:1149)
	at java.util.concurrent.ThreadPoolExecutor$Worker.run(ThreadPoolExecutor.java:624)
	at java.lang.Thread.run(Thread.java:748)

Sep 10, 2019 6:11:14 PM org.apache.ratis.thirdparty.io.grpc.internal.SerializingExecutor run
SEVERE: Exception while executing runnable org.apache.ratis.thirdparty.io.grpc.internal.ServerImpl$JumpToApplicationThreadServerStreamListener$1Closed@2f8535b7
org.apache.ratis.thirdparty.io.grpc.StatusRuntimeException: CANCELLED: call already cancelled
	at org.apache.ratis.thirdparty.io.grpc.Status.asRuntimeException(Status.java:517)
	at org.apache.ratis.thirdparty.io.grpc.stub.ServerCalls$ServerCallStreamObserverImpl.onCompleted(ServerCalls.java:356)
	at org.apache.ratis.grpc.server.GrpcServerProtocolService$ServerRequestStreamObserver.onError(GrpcServerProtocolService.java:121)
	at org.apache.ratis.thirdparty.io.grpc.stub.ServerCalls$StreamingServerCallHandler$StreamingServerCallListener.onCancel(ServerCalls.java:269)
	at org.apache.ratis.thirdparty.io.grpc.internal.ServerCallImpl$ServerStreamListenerImpl.closed(ServerCallImpl.java:293)
	at org.apache.ratis.thirdparty.io.grpc.internal.ServerImpl$JumpToApplicationThreadServerStreamListener$1Closed.runInContext(ServerImpl.java:741)
	at org.apache.ratis.thirdparty.io.grpc.internal.ContextRunnable.run(ContextRunnable.java:37)
	at org.apache.ratis.thirdparty.io.grpc.internal.SerializingExecutor.run(SerializingExecutor.java:123)
	at java.util.concurrent.ThreadPoolExecutor.runWorker(ThreadPoolExecutor.java:1149)
	at java.util.concurrent.ThreadPoolExecutor$Worker.run(ThreadPoolExecutor.java:624)
	at java.lang.Thread.run(Thread.java:748)

]]></system-err>
  </testcase>
  <testcase name="testMultiBlockWritesWithDnFailures" classname="org.apache.hadoop.ozone.client.rpc.TestMultiBlockWritesWithDnFailures" time="49.823"/>
</testsuite>