<?xml version="1.0" encoding="UTF-8"?>
<testsuite xmlns:xsi="http://www.w3.org/2001/XMLSchema-instance" xsi:noNamespaceSchemaLocation="https://maven.apache.org/surefire/maven-surefire-plugin/xsd/surefire-test-report.xsd" name="org.apache.hadoop.ozone.client.rpc.TestWatchForCommit" time="260.571" tests="5" errors="1" skipped="0" failures="0">
  <properties>
    <property name="awt.toolkit" value="sun.awt.X11.XToolkit"/>
    <property name="file.encoding.pkg" value="sun.io"/>
    <property name="java.specification.version" value="1.8"/>
    <property name="sun.cpu.isalist" value=""/>
    <property name="sun.jnu.encoding" value="UTF-8"/>
    <property name="java.class.path" value="/workdir/hadoop-ozone/integration-test/target/test-classes:/workdir/hadoop-ozone/integration-test/target/classes:/home/user/.m2/repository/org/apache/hadoop/hadoop-ozone-common/0.4.1-SNAPSHOT/hadoop-ozone-common-0.4.1-SNAPSHOT.jar:/home/user/.m2/repository/org/apache/commons/commons-compress/1.4.1/commons-compress-1.4.1.jar:/home/user/.m2/repository/org/tukaani/xz/1.0/xz-1.0.jar:/home/user/.m2/repository/org/apache/hadoop/hadoop-common/3.2.0/hadoop-common-3.2.0.jar:/home/user/.m2/repository/org/apache/hadoop/hadoop-hdfs/3.2.0/hadoop-hdfs-3.2.0.jar:/home/user/.m2/repository/org/apache/hadoop/hadoop-hdfs-client/3.2.0/hadoop-hdfs-client-3.2.0.jar:/home/user/.m2/repository/com/fasterxml/jackson/core/jackson-annotations/2.9.5/jackson-annotations-2.9.5.jar:/home/user/.m2/repository/org/apache/hadoop/hadoop-hdds-common/0.4.1-SNAPSHOT/hadoop-hdds-common-0.4.1-SNAPSHOT.jar:/home/user/.m2/repository/javax/annotation/javax.annotation-api/1.2/javax.annotation-api-1.2.jar:/home/user/.m2/repository/org/apache/ratis/ratis-server/0.4.0-2337318-SNAPSHOT/ratis-server-0.4.0-2337318-SNAPSHOT.jar:/home/user/.m2/repository/org/apache/ratis/ratis-thirdparty-misc/0.2.0/ratis-thirdparty-misc-0.2.0.jar:/home/user/.m2/repository/org/apache/ratis/ratis-proto/0.4.0-2337318-SNAPSHOT/ratis-proto-0.4.0-2337318-SNAPSHOT.jar:/home/user/.m2/repository/org/apache/ratis/ratis-common/0.4.0-2337318-SNAPSHOT/ratis-common-0.4.0-2337318-SNAPSHOT.jar:/home/user/.m2/repository/org/apache/ratis/ratis-client/0.4.0-2337318-SNAPSHOT/ratis-client-0.4.0-2337318-SNAPSHOT.jar:/home/user/.m2/repository/org/apache/ratis/ratis-metrics/0.4.0-2337318-SNAPSHOT/ratis-metrics-0.4.0-2337318-SNAPSHOT.jar:/home/user/.m2/repository/org/apache/ratis/ratis-netty/0.4.0-2337318-SNAPSHOT/ratis-netty-0.4.0-2337318-SNAPSHOT.jar:/home/user/.m2/repository/org/apache/ratis/ratis-grpc/0.4.0-2337318-SNAPSHOT/ratis-grpc-0.4.0-2337318-SNAPSHOT.jar:/home/user/.m2/repository/org/rocksdb/rocksdbjni/6.0.1/rocksdbjni-6.0.1.jar:/home/user/.m2/repository/org/apache/logging/log4j/log4j-api/2.11.0/log4j-api-2.11.0.jar:/home/user/.m2/repository/org/apache/logging/log4j/log4j-core/2.11.0/log4j-core-2.11.0.jar:/home/user/.m2/repository/com/lmax/disruptor/3.4.2/disruptor-3.4.2.jar:/home/user/.m2/repository/org/apache/commons/commons-pool2/2.6.0/commons-pool2-2.6.0.jar:/home/user/.m2/repository/org/bouncycastle/bcpkix-jdk15on/1.60/bcpkix-jdk15on-1.60.jar:/home/user/.m2/repository/commons-validator/commons-validator/1.6/commons-validator-1.6.jar:/home/user/.m2/repository/commons-digester/commons-digester/1.8.1/commons-digester-1.8.1.jar:/home/user/.m2/repository/io/jaegertracing/jaeger-client/0.33.1/jaeger-client-0.33.1.jar:/home/user/.m2/repository/io/jaegertracing/jaeger-thrift/0.33.1/jaeger-thrift-0.33.1.jar:/home/user/.m2/repository/org/apache/thrift/libthrift/0.11.0/libthrift-0.11.0.jar:/home/user/.m2/repository/com/squareup/okhttp3/okhttp/3.9.0/okhttp-3.9.0.jar:/home/user/.m2/repository/com/squareup/okio/okio/1.13.0/okio-1.13.0.jar:/home/user/.m2/repository/io/jaegertracing/jaeger-core/0.33.1/jaeger-core-0.33.1.jar:/home/user/.m2/repository/io/jaegertracing/jaeger-tracerresolver/0.33.1/jaeger-tracerresolver-0.33.1.jar:/home/user/.m2/repository/io/opentracing/contrib/opentracing-tracerresolver/0.1.5/opentracing-tracerresolver-0.1.5.jar:/home/user/.m2/repository/io/opentracing/opentracing-util/0.31.0/opentracing-util-0.31.0.jar:/home/user/.m2/repository/io/opentracing/opentracing-api/0.31.0/opentracing-api-0.31.0.jar:/home/user/.m2/repository/io/opentracing/opentracing-noop/0.31.0/opentracing-noop-0.31.0.jar:/home/user/.m2/repository/org/apache/hadoop/hadoop-hdds-server-framework/0.4.1-SNAPSHOT/hadoop-hdds-server-framework-0.4.1-SNAPSHOT.jar:/home/user/.m2/repository/org/apache/hadoop/hadoop-hdds-container-service/0.4.1-SNAPSHOT/hadoop-hdds-container-service-0.4.1-SNAPSHOT.jar:/home/user/.m2/repository/org/apache/hadoop/hadoop-hdds-client/0.4.1-SNAPSHOT/hadoop-hdds-client-0.4.1-SNAPSHOT.jar:/home/user/.m2/repository/org/apache/hadoop/hadoop-hdds-tools/0.4.1-SNAPSHOT/hadoop-hdds-tools-0.4.1-SNAPSHOT.jar:/home/user/.m2/repository/org/apache/hadoop/hadoop-hdds-server-scm/0.4.1-SNAPSHOT/hadoop-hdds-server-scm-0.4.1-SNAPSHOT.jar:/home/user/.m2/repository/org/apache/hadoop/hadoop-hdds-docs/0.4.1-SNAPSHOT/hadoop-hdds-docs-0.4.1-SNAPSHOT.jar:/home/user/.m2/repository/io/dropwizard/metrics/metrics-core/3.2.4/metrics-core-3.2.4.jar:/home/user/.m2/repository/org/hamcrest/hamcrest-all/1.3/hamcrest-all-1.3.jar:/home/user/.m2/repository/org/bouncycastle/bcprov-jdk15on/1.60/bcprov-jdk15on-1.60.jar:/home/user/.m2/repository/info/picocli/picocli/3.9.6/picocli-3.9.6.jar:/home/user/.m2/repository/com/google/protobuf/protobuf-java/2.5.0/protobuf-java-2.5.0.jar:/home/user/.m2/repository/com/google/guava/guava/11.0.2/guava-11.0.2.jar:/home/user/.m2/repository/org/apache/hadoop/hadoop-ozone-ozone-manager/0.4.1-SNAPSHOT/hadoop-ozone-ozone-manager-0.4.1-SNAPSHOT.jar:/home/user/.m2/repository/org/apache/hadoop/hadoop-minikdc/3.2.0/hadoop-minikdc-3.2.0.jar:/home/user/.m2/repository/commons-io/commons-io/2.5/commons-io-2.5.jar:/home/user/.m2/repository/org/apache/kerby/kerb-simplekdc/1.0.1/kerb-simplekdc-1.0.1.jar:/home/user/.m2/repository/org/apache/kerby/kerb-client/1.0.1/kerb-client-1.0.1.jar:/home/user/.m2/repository/org/apache/kerby/kerby-config/1.0.1/kerby-config-1.0.1.jar:/home/user/.m2/repository/org/apache/kerby/kerb-core/1.0.1/kerb-core-1.0.1.jar:/home/user/.m2/repository/org/apache/kerby/kerby-pkix/1.0.1/kerby-pkix-1.0.1.jar:/home/user/.m2/repository/org/apache/kerby/kerby-asn1/1.0.1/kerby-asn1-1.0.1.jar:/home/user/.m2/repository/org/apache/kerby/kerby-util/1.0.1/kerby-util-1.0.1.jar:/home/user/.m2/repository/org/apache/kerby/kerb-common/1.0.1/kerb-common-1.0.1.jar:/home/user/.m2/repository/org/apache/kerby/kerb-crypto/1.0.1/kerb-crypto-1.0.1.jar:/home/user/.m2/repository/org/apache/kerby/kerb-util/1.0.1/kerb-util-1.0.1.jar:/home/user/.m2/repository/org/apache/kerby/token-provider/1.0.1/token-provider-1.0.1.jar:/home/user/.m2/repository/org/apache/kerby/kerb-admin/1.0.1/kerb-admin-1.0.1.jar:/home/user/.m2/repository/org/apache/kerby/kerb-server/1.0.1/kerb-server-1.0.1.jar:/home/user/.m2/repository/org/apache/kerby/kerb-identity/1.0.1/kerb-identity-1.0.1.jar:/home/user/.m2/repository/org/apache/kerby/kerby-xdr/1.0.1/kerby-xdr-1.0.1.jar:/home/user/.m2/repository/org/slf4j/slf4j-log4j12/1.7.25/slf4j-log4j12-1.7.25.jar:/home/user/.m2/repository/org/apache/hadoop/hadoop-ozone-objectstore-service/0.4.1-SNAPSHOT/hadoop-ozone-objectstore-service-0.4.1-SNAPSHOT.jar:/home/user/.m2/repository/org/apache/hadoop/hadoop-ozone-s3gateway/0.4.1-SNAPSHOT/hadoop-ozone-s3gateway-0.4.1-SNAPSHOT.jar:/home/user/.m2/repository/org/jboss/weld/servlet/weld-servlet/2.4.7.Final/weld-servlet-2.4.7.Final.jar:/home/user/.m2/repository/org/glassfish/jersey/containers/jersey-container-servlet-core/2.27/jersey-container-servlet-core-2.27.jar:/home/user/.m2/repository/org/glassfish/hk2/external/javax.inject/2.5.0-b42/javax.inject-2.5.0-b42.jar:/home/user/.m2/repository/org/glassfish/jersey/core/jersey-common/2.27/jersey-common-2.27.jar:/home/user/.m2/repository/org/glassfish/hk2/osgi-resource-locator/1.0.1/osgi-resource-locator-1.0.1.jar:/home/user/.m2/repository/javax/ws/rs/javax.ws.rs-api/2.1/javax.ws.rs-api-2.1.jar:/home/user/.m2/repository/org/glassfish/jersey/ext/cdi/jersey-cdi1x/2.27/jersey-cdi1x-2.27.jar:/home/user/.m2/repository/org/glassfish/jersey/inject/jersey-hk2/2.27/jersey-hk2-2.27.jar:/home/user/.m2/repository/org/glassfish/hk2/hk2-locator/2.5.0-b42/hk2-locator-2.5.0-b42.jar:/home/user/.m2/repository/org/javassist/javassist/3.22.0-CR2/javassist-3.22.0-CR2.jar:/home/user/.m2/repository/org/glassfish/hk2/hk2-api/2.5.0/hk2-api-2.5.0.jar:/home/user/.m2/repository/org/glassfish/hk2/external/jakarta.inject/2.5.0/jakarta.inject-2.5.0.jar:/home/user/.m2/repository/org/glassfish/hk2/hk2-utils/2.5.0/hk2-utils-2.5.0.jar:/home/user/.m2/repository/jakarta/annotation/jakarta.annotation-api/1.3.4/jakarta.annotation-api-1.3.4.jar:/home/user/.m2/repository/org/glassfish/hk2/external/aopalliance-repackaged/2.5.0/aopalliance-repackaged-2.5.0.jar:/home/user/.m2/repository/com/fasterxml/jackson/dataformat/jackson-dataformat-xml/2.9.0/jackson-dataformat-xml-2.9.0.jar:/home/user/.m2/repository/com/fasterxml/jackson/core/jackson-core/2.9.5/jackson-core-2.9.5.jar:/home/user/.m2/repository/com/fasterxml/jackson/module/jackson-module-jaxb-annotations/2.9.5/jackson-module-jaxb-annotations-2.9.5.jar:/home/user/.m2/repository/javax/enterprise/cdi-api/1.2/cdi-api-1.2.jar:/home/user/.m2/repository/javax/el/javax.el-api/3.0.0/javax.el-api-3.0.0.jar:/home/user/.m2/repository/javax/interceptor/javax.interceptor-api/1.2/javax.interceptor-api-1.2.jar:/home/user/.m2/repository/javax/inject/javax.inject/1/javax.inject-1.jar:/home/user/.m2/repository/com/sun/xml/bind/jaxb-impl/2.3.0.1/jaxb-impl-2.3.0.1.jar:/home/user/.m2/repository/com/sun/xml/bind/jaxb-core/2.3.0.1/jaxb-core-2.3.0.1.jar:/home/user/.m2/repository/javax/xml/bind/jaxb-api/2.3.0/jaxb-api-2.3.0.jar:/home/user/.m2/repository/javax/activation/activation/1.1.1/activation-1.1.1.jar:/home/user/.m2/repository/org/apache/hadoop/hadoop-ozone-csi/0.4.1-SNAPSHOT/hadoop-ozone-csi-0.4.1-SNAPSHOT.jar:/home/user/.m2/repository/com/google/protobuf/protobuf-java-util/3.5.1/protobuf-java-util-3.5.1.jar:/home/user/.m2/repository/org/apache/hadoop/hadoop-hdds-config/0.4.1-SNAPSHOT/hadoop-hdds-config-0.4.1-SNAPSHOT.jar:/home/user/.m2/repository/io/grpc/grpc-netty/1.17.1/grpc-netty-1.17.1.jar:/home/user/.m2/repository/io/grpc/grpc-core/1.17.1/grpc-core-1.17.1.jar:/home/user/.m2/repository/io/grpc/grpc-context/1.17.1/grpc-context-1.17.1.jar:/home/user/.m2/repository/com/google/errorprone/error_prone_annotations/2.2.0/error_prone_annotations-2.2.0.jar:/home/user/.m2/repository/org/codehaus/mojo/animal-sniffer-annotations/1.17/animal-sniffer-annotations-1.17.jar:/home/user/.m2/repository/io/opencensus/opencensus-api/0.17.0/opencensus-api-0.17.0.jar:/home/user/.m2/repository/io/opencensus/opencensus-contrib-grpc-metrics/0.17.0/opencensus-contrib-grpc-metrics-0.17.0.jar:/home/user/.m2/repository/io/netty/netty-codec-http2/4.1.30.Final/netty-codec-http2-4.1.30.Final.jar:/home/user/.m2/repository/io/netty/netty-codec-http/4.1.30.Final/netty-codec-http-4.1.30.Final.jar:/home/user/.m2/repository/io/netty/netty-codec/4.1.30.Final/netty-codec-4.1.30.Final.jar:/home/user/.m2/repository/io/netty/netty-handler/4.1.30.Final/netty-handler-4.1.30.Final.jar:/home/user/.m2/repository/io/netty/netty-handler-proxy/4.1.30.Final/netty-handler-proxy-4.1.30.Final.jar:/home/user/.m2/repository/io/netty/netty-codec-socks/4.1.30.Final/netty-codec-socks-4.1.30.Final.jar:/home/user/.m2/repository/io/netty/netty-transport-native-epoll/4.1.30.Final/netty-transport-native-epoll-4.1.30.Final.jar:/home/user/.m2/repository/io/netty/netty-common/4.1.30.Final/netty-common-4.1.30.Final.jar:/home/user/.m2/repository/io/netty/netty-buffer/4.1.30.Final/netty-buffer-4.1.30.Final.jar:/home/user/.m2/repository/io/netty/netty-transport/4.1.30.Final/netty-transport-4.1.30.Final.jar:/home/user/.m2/repository/io/netty/netty-resolver/4.1.30.Final/netty-resolver-4.1.30.Final.jar:/home/user/.m2/repository/io/netty/netty-transport-native-unix-common/4.1.30.Final/netty-transport-native-unix-common-4.1.30.Final.jar:/home/user/.m2/repository/io/grpc/grpc-protobuf/1.17.1/grpc-protobuf-1.17.1.jar:/home/user/.m2/repository/com/google/api/grpc/proto-google-common-protos/1.0.0/proto-google-common-protos-1.0.0.jar:/home/user/.m2/repository/io/grpc/grpc-protobuf-lite/1.17.1/grpc-protobuf-lite-1.17.1.jar:/home/user/.m2/repository/io/grpc/grpc-stub/1.17.1/grpc-stub-1.17.1.jar:/home/user/.m2/repository/org/apache/hadoop/hadoop-ozone-recon/0.4.1-SNAPSHOT/hadoop-ozone-recon-0.4.1-SNAPSHOT.jar:/home/user/.m2/repository/org/apache/hadoop/hadoop-ozone-reconcodegen/0.4.1-SNAPSHOT/hadoop-ozone-reconcodegen-0.4.1-SNAPSHOT.jar:/home/user/.m2/repository/com/google/inject/extensions/guice-multibindings/4.0/guice-multibindings-4.0.jar:/home/user/.m2/repository/com/google/inject/guice/4.0/guice-4.0.jar:/home/user/.m2/repository/aopalliance/aopalliance/1.0/aopalliance-1.0.jar:/home/user/.m2/repository/com/google/inject/extensions/guice-servlet/4.0/guice-servlet-4.0.jar:/home/user/.m2/repository/org/glassfish/jersey/containers/jersey-container-servlet/2.27/jersey-container-servlet-2.27.jar:/home/user/.m2/repository/org/glassfish/hk2/guice-bridge/2.5.0/guice-bridge-2.5.0.jar:/home/user/.m2/repository/org/glassfish/jersey/core/jersey-server/2.27/jersey-server-2.27.jar:/home/user/.m2/repository/org/glassfish/jersey/core/jersey-client/2.27/jersey-client-2.27.jar:/home/user/.m2/repository/org/glassfish/jersey/media/jersey-media-jaxb/2.27/jersey-media-jaxb-2.27.jar:/home/user/.m2/repository/javax/validation/validation-api/1.1.0.Final/validation-api-1.1.0.Final.jar:/home/user/.m2/repository/org/glassfish/jersey/media/jersey-media-json-jackson/2.27/jersey-media-json-jackson-2.27.jar:/home/user/.m2/repository/org/glassfish/jersey/ext/jersey-entity-filtering/2.27/jersey-entity-filtering-2.27.jar:/home/user/.m2/repository/com/google/inject/extensions/guice-assistedinject/4.0/guice-assistedinject-4.0.jar:/home/user/.m2/repository/org/jooq/jooq/3.11.10/jooq-3.11.10.jar:/home/user/.m2/repository/org/jooq/jooq-meta/3.11.10/jooq-meta-3.11.10.jar:/home/user/.m2/repository/org/jooq/jooq-codegen/3.11.10/jooq-codegen-3.11.10.jar:/home/user/.m2/repository/com/jolbox/bonecp/0.8.0.RELEASE/bonecp-0.8.0.RELEASE.jar:/home/user/.m2/repository/org/xerial/sqlite-jdbc/3.25.2/sqlite-jdbc-3.25.2.jar:/home/user/.m2/repository/org/springframework/spring-jdbc/5.1.3.RELEASE/spring-jdbc-5.1.3.RELEASE.jar:/home/user/.m2/repository/org/springframework/spring-beans/5.1.3.RELEASE/spring-beans-5.1.3.RELEASE.jar:/home/user/.m2/repository/org/springframework/spring-core/5.1.3.RELEASE/spring-core-5.1.3.RELEASE.jar:/home/user/.m2/repository/org/springframework/spring-jcl/5.1.3.RELEASE/spring-jcl-5.1.3.RELEASE.jar:/home/user/.m2/repository/org/springframework/spring-tx/5.1.3.RELEASE/spring-tx-5.1.3.RELEASE.jar:/home/user/.m2/repository/org/apache/hadoop/hadoop-ozone-client/0.4.1-SNAPSHOT/hadoop-ozone-client-0.4.1-SNAPSHOT.jar:/home/user/.m2/repository/commons-lang/commons-lang/2.6/commons-lang-2.6.jar:/home/user/.m2/repository/org/apache/hadoop/hadoop-ozone-ozone-manager/0.4.1-SNAPSHOT/hadoop-ozone-ozone-manager-0.4.1-SNAPSHOT-tests.jar:/home/user/.m2/repository/junit/junit/4.11/junit-4.11.jar:/home/user/.m2/repository/org/hamcrest/hamcrest-core/1.3/hamcrest-core-1.3.jar:/home/user/.m2/repository/org/openjdk/jmh/jmh-core/1.19/jmh-core-1.19.jar:/home/user/.m2/repository/net/sf/jopt-simple/jopt-simple/4.6/jopt-simple-4.6.jar:/home/user/.m2/repository/org/apache/commons/commons-math3/3.1.1/commons-math3-3.1.1.jar:/home/user/.m2/repository/org/openjdk/jmh/jmh-generator-annprocess/1.19/jmh-generator-annprocess-1.19.jar:/home/user/.m2/repository/org/mockito/mockito-all/1.8.5/mockito-all-1.8.5.jar:/home/user/.m2/repository/org/apache/hadoop/hadoop-kms/3.2.0/hadoop-kms-3.2.0.jar:/home/user/.m2/repository/org/apache/hadoop/hadoop-auth/3.2.0/hadoop-auth-3.2.0.jar:/home/user/.m2/repository/com/nimbusds/nimbus-jose-jwt/4.41.1/nimbus-jose-jwt-4.41.1.jar:/home/user/.m2/repository/com/github/stephenc/jcip/jcip-annotations/1.0-1/jcip-annotations-1.0-1.jar:/home/user/.m2/repository/net/minidev/json-smart/2.3/json-smart-2.3.jar:/home/user/.m2/repository/net/minidev/accessors-smart/1.2/accessors-smart-1.2.jar:/home/user/.m2/repository/org/ow2/asm/asm/5.0.4/asm-5.0.4.jar:/home/user/.m2/repository/org/apache/curator/curator-framework/2.12.0/curator-framework-2.12.0.jar:/home/user/.m2/repository/com/sun/jersey/jersey-core/1.19/jersey-core-1.19.jar:/home/user/.m2/repository/javax/ws/rs/jsr311-api/1.1.1/jsr311-api-1.1.1.jar:/home/user/.m2/repository/com/sun/jersey/jersey-server/1.19/jersey-server-1.19.jar:/home/user/.m2/repository/javax/servlet/javax.servlet-api/3.1.0/javax.servlet-api-3.1.0.jar:/home/user/.m2/repository/org/eclipse/jetty/jetty-server/9.3.24.v20180605/jetty-server-9.3.24.v20180605.jar:/home/user/.m2/repository/org/eclipse/jetty/jetty-http/9.3.24.v20180605/jetty-http-9.3.24.v20180605.jar:/home/user/.m2/repository/org/eclipse/jetty/jetty-io/9.3.24.v20180605/jetty-io-9.3.24.v20180605.jar:/home/user/.m2/repository/org/eclipse/jetty/jetty-webapp/9.3.24.v20180605/jetty-webapp-9.3.24.v20180605.jar:/home/user/.m2/repository/org/eclipse/jetty/jetty-xml/9.3.24.v20180605/jetty-xml-9.3.24.v20180605.jar:/home/user/.m2/repository/log4j/log4j/1.2.17/log4j-1.2.17.jar:/home/user/.m2/repository/org/slf4j/slf4j-api/1.7.25/slf4j-api-1.7.25.jar:/home/user/.m2/repository/org/slf4j/jul-to-slf4j/1.7.25/jul-to-slf4j-1.7.25.jar:/home/user/.m2/repository/org/eclipse/jetty/jetty-util/9.3.24.v20180605/jetty-util-9.3.24.v20180605.jar:/home/user/.m2/repository/com/fasterxml/jackson/core/jackson-databind/2.9.5/jackson-databind-2.9.5.jar:/home/user/.m2/repository/org/apache/hadoop/hadoop-kms/3.2.0/hadoop-kms-3.2.0-tests.jar:/home/user/.m2/repository/org/apache/hadoop/hadoop-hdds-server-scm/0.4.1-SNAPSHOT/hadoop-hdds-server-scm-0.4.1-SNAPSHOT-tests.jar:/home/user/.m2/repository/org/apache/hadoop/hadoop-hdds-container-service/0.4.1-SNAPSHOT/hadoop-hdds-container-service-0.4.1-SNAPSHOT-tests.jar:/home/user/.m2/repository/org/yaml/snakeyaml/1.16/snakeyaml-1.16.jar:/home/user/.m2/repository/org/apache/hadoop/hadoop-common/3.2.0/hadoop-common-3.2.0-tests.jar:/home/user/.m2/repository/org/apache/hadoop/hadoop-annotations/3.2.0/hadoop-annotations-3.2.0.jar:/usr/lib/jvm/java-1.8-openjdk/jre/../lib/tools.jar:/home/user/.m2/repository/commons-cli/commons-cli/1.2/commons-cli-1.2.jar:/home/user/.m2/repository/org/apache/httpcomponents/httpclient/4.5.2/httpclient-4.5.2.jar:/home/user/.m2/repository/org/apache/httpcomponents/httpcore/4.4.4/httpcore-4.4.4.jar:/home/user/.m2/repository/commons-codec/commons-codec/1.11/commons-codec-1.11.jar:/home/user/.m2/repository/commons-net/commons-net/3.6/commons-net-3.6.jar:/home/user/.m2/repository/commons-collections/commons-collections/3.2.2/commons-collections-3.2.2.jar:/home/user/.m2/repository/org/eclipse/jetty/jetty-servlet/9.3.24.v20180605/jetty-servlet-9.3.24.v20180605.jar:/home/user/.m2/repository/org/eclipse/jetty/jetty-security/9.3.24.v20180605/jetty-security-9.3.24.v20180605.jar:/home/user/.m2/repository/javax/servlet/jsp/jsp-api/2.1/jsp-api-2.1.jar:/home/user/.m2/repository/com/sun/jersey/jersey-servlet/1.19/jersey-servlet-1.19.jar:/home/user/.m2/repository/com/sun/jersey/jersey-json/1.19/jersey-json-1.19.jar:/home/user/.m2/repository/org/codehaus/jettison/jettison/1.1/jettison-1.1.jar:/home/user/.m2/repository/org/codehaus/jackson/jackson-core-asl/1.9.13/jackson-core-asl-1.9.13.jar:/home/user/.m2/repository/org/codehaus/jackson/jackson-mapper-asl/1.9.13/jackson-mapper-asl-1.9.13.jar:/home/user/.m2/repository/org/codehaus/jackson/jackson-jaxrs/1.9.13/jackson-jaxrs-1.9.13.jar:/home/user/.m2/repository/org/codehaus/jackson/jackson-xc/1.9.13/jackson-xc-1.9.13.jar:/home/user/.m2/repository/commons-logging/commons-logging/1.1.3/commons-logging-1.1.3.jar:/home/user/.m2/repository/commons-beanutils/commons-beanutils/1.9.3/commons-beanutils-1.9.3.jar:/home/user/.m2/repository/org/apache/commons/commons-configuration2/2.1.1/commons-configuration2-2.1.1.jar:/home/user/.m2/repository/org/apache/commons/commons-lang3/3.7/commons-lang3-3.7.jar:/home/user/.m2/repository/org/apache/commons/commons-text/1.4/commons-text-1.4.jar:/home/user/.m2/repository/org/apache/avro/avro/1.7.7/avro-1.7.7.jar:/home/user/.m2/repository/com/thoughtworks/paranamer/paranamer/2.3/paranamer-2.3.jar:/home/user/.m2/repository/org/xerial/snappy/snappy-java/1.0.5/snappy-java-1.0.5.jar:/home/user/.m2/repository/com/google/re2j/re2j/1.1/re2j-1.1.jar:/home/user/.m2/repository/com/google/code/gson/gson/2.2.4/gson-2.2.4.jar:/home/user/.m2/repository/com/jcraft/jsch/0.1.54/jsch-0.1.54.jar:/home/user/.m2/repository/org/apache/curator/curator-client/2.12.0/curator-client-2.12.0.jar:/home/user/.m2/repository/org/apache/curator/curator-recipes/2.12.0/curator-recipes-2.12.0.jar:/home/user/.m2/repository/com/google/code/findbugs/jsr305/3.0.0/jsr305-3.0.0.jar:/home/user/.m2/repository/org/apache/htrace/htrace-core4/4.1.0-incubating/htrace-core4-4.1.0-incubating.jar:/home/user/.m2/repository/org/apache/zookeeper/zookeeper/3.4.13/zookeeper-3.4.13.jar:/home/user/.m2/repository/org/apache/yetus/audience-annotations/0.5.0/audience-annotations-0.5.0.jar:/home/user/.m2/repository/org/codehaus/woodstox/stax2-api/3.1.4/stax2-api-3.1.4.jar:/home/user/.m2/repository/com/fasterxml/woodstox/woodstox-core/5.0.3/woodstox-core-5.0.3.jar:/home/user/.m2/repository/dnsjava/dnsjava/2.1.7/dnsjava-2.1.7.jar:/home/user/.m2/repository/org/apache/hadoop/hadoop-hdfs/3.2.0/hadoop-hdfs-3.2.0-tests.jar:/home/user/.m2/repository/org/eclipse/jetty/jetty-util-ajax/9.3.24.v20180605/jetty-util-ajax-9.3.24.v20180605.jar:/home/user/.m2/repository/commons-daemon/commons-daemon/1.0.13/commons-daemon-1.0.13.jar:/home/user/.m2/repository/io/netty/netty/3.10.5.Final/netty-3.10.5.Final.jar:/home/user/.m2/repository/io/netty/netty-all/4.0.52.Final/netty-all-4.0.52.Final.jar:/home/user/.m2/repository/org/fusesource/leveldbjni/leveldbjni-all/1.8/leveldbjni-all-1.8.jar:"/>
    <property name="java.vm.vendor" value="IcedTea"/>
    <property name="sun.arch.data.model" value="64"/>
    <property name="test.build.dir" value="/workdir/hadoop-ozone/integration-test/target/test-dir"/>
    <property name="test.cache.data" value=""/>
    <property name="java.vendor.url" value="https://icedtea.classpath.org"/>
    <property name="user.timezone" value=""/>
    <property name="java.vm.specification.version" value="1.8"/>
    <property name="os.name" value="Linux"/>
    <property name="test.build.data" value="/workdir/hadoop-ozone/integration-test/target/test-dir"/>
    <property name="user.country" value="US"/>
    <property name="sun.java.launcher" value="SUN_STANDARD"/>
    <property name="sun.boot.library.path" value="/usr/lib/jvm/java-1.8-openjdk/jre/lib/amd64"/>
    <property name="sun.java.command" value="/workdir/hadoop-ozone/integration-test/target/surefire/surefirebooter1644366855789825527.jar /workdir/hadoop-ozone/integration-test/target/surefire 2019-08-23T03-14-30_840-jvmRun1 surefire4735084668800623512tmp surefire_191401579185065367026tmp"/>
    <property name="test" value="!TestMiniChaosOzoneCluster"/>
    <property name="surefire.test.class.path" value="/workdir/hadoop-ozone/integration-test/target/test-classes:/workdir/hadoop-ozone/integration-test/target/classes:/home/user/.m2/repository/org/apache/hadoop/hadoop-ozone-common/0.4.1-SNAPSHOT/hadoop-ozone-common-0.4.1-SNAPSHOT.jar:/home/user/.m2/repository/org/apache/commons/commons-compress/1.4.1/commons-compress-1.4.1.jar:/home/user/.m2/repository/org/tukaani/xz/1.0/xz-1.0.jar:/home/user/.m2/repository/org/apache/hadoop/hadoop-common/3.2.0/hadoop-common-3.2.0.jar:/home/user/.m2/repository/org/apache/hadoop/hadoop-hdfs/3.2.0/hadoop-hdfs-3.2.0.jar:/home/user/.m2/repository/org/apache/hadoop/hadoop-hdfs-client/3.2.0/hadoop-hdfs-client-3.2.0.jar:/home/user/.m2/repository/com/fasterxml/jackson/core/jackson-annotations/2.9.5/jackson-annotations-2.9.5.jar:/home/user/.m2/repository/org/apache/hadoop/hadoop-hdds-common/0.4.1-SNAPSHOT/hadoop-hdds-common-0.4.1-SNAPSHOT.jar:/home/user/.m2/repository/javax/annotation/javax.annotation-api/1.2/javax.annotation-api-1.2.jar:/home/user/.m2/repository/org/apache/ratis/ratis-server/0.4.0-2337318-SNAPSHOT/ratis-server-0.4.0-2337318-SNAPSHOT.jar:/home/user/.m2/repository/org/apache/ratis/ratis-thirdparty-misc/0.2.0/ratis-thirdparty-misc-0.2.0.jar:/home/user/.m2/repository/org/apache/ratis/ratis-proto/0.4.0-2337318-SNAPSHOT/ratis-proto-0.4.0-2337318-SNAPSHOT.jar:/home/user/.m2/repository/org/apache/ratis/ratis-common/0.4.0-2337318-SNAPSHOT/ratis-common-0.4.0-2337318-SNAPSHOT.jar:/home/user/.m2/repository/org/apache/ratis/ratis-client/0.4.0-2337318-SNAPSHOT/ratis-client-0.4.0-2337318-SNAPSHOT.jar:/home/user/.m2/repository/org/apache/ratis/ratis-metrics/0.4.0-2337318-SNAPSHOT/ratis-metrics-0.4.0-2337318-SNAPSHOT.jar:/home/user/.m2/repository/org/apache/ratis/ratis-netty/0.4.0-2337318-SNAPSHOT/ratis-netty-0.4.0-2337318-SNAPSHOT.jar:/home/user/.m2/repository/org/apache/ratis/ratis-grpc/0.4.0-2337318-SNAPSHOT/ratis-grpc-0.4.0-2337318-SNAPSHOT.jar:/home/user/.m2/repository/org/rocksdb/rocksdbjni/6.0.1/rocksdbjni-6.0.1.jar:/home/user/.m2/repository/org/apache/logging/log4j/log4j-api/2.11.0/log4j-api-2.11.0.jar:/home/user/.m2/repository/org/apache/logging/log4j/log4j-core/2.11.0/log4j-core-2.11.0.jar:/home/user/.m2/repository/com/lmax/disruptor/3.4.2/disruptor-3.4.2.jar:/home/user/.m2/repository/org/apache/commons/commons-pool2/2.6.0/commons-pool2-2.6.0.jar:/home/user/.m2/repository/org/bouncycastle/bcpkix-jdk15on/1.60/bcpkix-jdk15on-1.60.jar:/home/user/.m2/repository/commons-validator/commons-validator/1.6/commons-validator-1.6.jar:/home/user/.m2/repository/commons-digester/commons-digester/1.8.1/commons-digester-1.8.1.jar:/home/user/.m2/repository/io/jaegertracing/jaeger-client/0.33.1/jaeger-client-0.33.1.jar:/home/user/.m2/repository/io/jaegertracing/jaeger-thrift/0.33.1/jaeger-thrift-0.33.1.jar:/home/user/.m2/repository/org/apache/thrift/libthrift/0.11.0/libthrift-0.11.0.jar:/home/user/.m2/repository/com/squareup/okhttp3/okhttp/3.9.0/okhttp-3.9.0.jar:/home/user/.m2/repository/com/squareup/okio/okio/1.13.0/okio-1.13.0.jar:/home/user/.m2/repository/io/jaegertracing/jaeger-core/0.33.1/jaeger-core-0.33.1.jar:/home/user/.m2/repository/io/jaegertracing/jaeger-tracerresolver/0.33.1/jaeger-tracerresolver-0.33.1.jar:/home/user/.m2/repository/io/opentracing/contrib/opentracing-tracerresolver/0.1.5/opentracing-tracerresolver-0.1.5.jar:/home/user/.m2/repository/io/opentracing/opentracing-util/0.31.0/opentracing-util-0.31.0.jar:/home/user/.m2/repository/io/opentracing/opentracing-api/0.31.0/opentracing-api-0.31.0.jar:/home/user/.m2/repository/io/opentracing/opentracing-noop/0.31.0/opentracing-noop-0.31.0.jar:/home/user/.m2/repository/org/apache/hadoop/hadoop-hdds-server-framework/0.4.1-SNAPSHOT/hadoop-hdds-server-framework-0.4.1-SNAPSHOT.jar:/home/user/.m2/repository/org/apache/hadoop/hadoop-hdds-container-service/0.4.1-SNAPSHOT/hadoop-hdds-container-service-0.4.1-SNAPSHOT.jar:/home/user/.m2/repository/org/apache/hadoop/hadoop-hdds-client/0.4.1-SNAPSHOT/hadoop-hdds-client-0.4.1-SNAPSHOT.jar:/home/user/.m2/repository/org/apache/hadoop/hadoop-hdds-tools/0.4.1-SNAPSHOT/hadoop-hdds-tools-0.4.1-SNAPSHOT.jar:/home/user/.m2/repository/org/apache/hadoop/hadoop-hdds-server-scm/0.4.1-SNAPSHOT/hadoop-hdds-server-scm-0.4.1-SNAPSHOT.jar:/home/user/.m2/repository/org/apache/hadoop/hadoop-hdds-docs/0.4.1-SNAPSHOT/hadoop-hdds-docs-0.4.1-SNAPSHOT.jar:/home/user/.m2/repository/io/dropwizard/metrics/metrics-core/3.2.4/metrics-core-3.2.4.jar:/home/user/.m2/repository/org/hamcrest/hamcrest-all/1.3/hamcrest-all-1.3.jar:/home/user/.m2/repository/org/bouncycastle/bcprov-jdk15on/1.60/bcprov-jdk15on-1.60.jar:/home/user/.m2/repository/info/picocli/picocli/3.9.6/picocli-3.9.6.jar:/home/user/.m2/repository/com/google/protobuf/protobuf-java/2.5.0/protobuf-java-2.5.0.jar:/home/user/.m2/repository/com/google/guava/guava/11.0.2/guava-11.0.2.jar:/home/user/.m2/repository/org/apache/hadoop/hadoop-ozone-ozone-manager/0.4.1-SNAPSHOT/hadoop-ozone-ozone-manager-0.4.1-SNAPSHOT.jar:/home/user/.m2/repository/org/apache/hadoop/hadoop-minikdc/3.2.0/hadoop-minikdc-3.2.0.jar:/home/user/.m2/repository/commons-io/commons-io/2.5/commons-io-2.5.jar:/home/user/.m2/repository/org/apache/kerby/kerb-simplekdc/1.0.1/kerb-simplekdc-1.0.1.jar:/home/user/.m2/repository/org/apache/kerby/kerb-client/1.0.1/kerb-client-1.0.1.jar:/home/user/.m2/repository/org/apache/kerby/kerby-config/1.0.1/kerby-config-1.0.1.jar:/home/user/.m2/repository/org/apache/kerby/kerb-core/1.0.1/kerb-core-1.0.1.jar:/home/user/.m2/repository/org/apache/kerby/kerby-pkix/1.0.1/kerby-pkix-1.0.1.jar:/home/user/.m2/repository/org/apache/kerby/kerby-asn1/1.0.1/kerby-asn1-1.0.1.jar:/home/user/.m2/repository/org/apache/kerby/kerby-util/1.0.1/kerby-util-1.0.1.jar:/home/user/.m2/repository/org/apache/kerby/kerb-common/1.0.1/kerb-common-1.0.1.jar:/home/user/.m2/repository/org/apache/kerby/kerb-crypto/1.0.1/kerb-crypto-1.0.1.jar:/home/user/.m2/repository/org/apache/kerby/kerb-util/1.0.1/kerb-util-1.0.1.jar:/home/user/.m2/repository/org/apache/kerby/token-provider/1.0.1/token-provider-1.0.1.jar:/home/user/.m2/repository/org/apache/kerby/kerb-admin/1.0.1/kerb-admin-1.0.1.jar:/home/user/.m2/repository/org/apache/kerby/kerb-server/1.0.1/kerb-server-1.0.1.jar:/home/user/.m2/repository/org/apache/kerby/kerb-identity/1.0.1/kerb-identity-1.0.1.jar:/home/user/.m2/repository/org/apache/kerby/kerby-xdr/1.0.1/kerby-xdr-1.0.1.jar:/home/user/.m2/repository/org/slf4j/slf4j-log4j12/1.7.25/slf4j-log4j12-1.7.25.jar:/home/user/.m2/repository/org/apache/hadoop/hadoop-ozone-objectstore-service/0.4.1-SNAPSHOT/hadoop-ozone-objectstore-service-0.4.1-SNAPSHOT.jar:/home/user/.m2/repository/org/apache/hadoop/hadoop-ozone-s3gateway/0.4.1-SNAPSHOT/hadoop-ozone-s3gateway-0.4.1-SNAPSHOT.jar:/home/user/.m2/repository/org/jboss/weld/servlet/weld-servlet/2.4.7.Final/weld-servlet-2.4.7.Final.jar:/home/user/.m2/repository/org/glassfish/jersey/containers/jersey-container-servlet-core/2.27/jersey-container-servlet-core-2.27.jar:/home/user/.m2/repository/org/glassfish/hk2/external/javax.inject/2.5.0-b42/javax.inject-2.5.0-b42.jar:/home/user/.m2/repository/org/glassfish/jersey/core/jersey-common/2.27/jersey-common-2.27.jar:/home/user/.m2/repository/org/glassfish/hk2/osgi-resource-locator/1.0.1/osgi-resource-locator-1.0.1.jar:/home/user/.m2/repository/javax/ws/rs/javax.ws.rs-api/2.1/javax.ws.rs-api-2.1.jar:/home/user/.m2/repository/org/glassfish/jersey/ext/cdi/jersey-cdi1x/2.27/jersey-cdi1x-2.27.jar:/home/user/.m2/repository/org/glassfish/jersey/inject/jersey-hk2/2.27/jersey-hk2-2.27.jar:/home/user/.m2/repository/org/glassfish/hk2/hk2-locator/2.5.0-b42/hk2-locator-2.5.0-b42.jar:/home/user/.m2/repository/org/javassist/javassist/3.22.0-CR2/javassist-3.22.0-CR2.jar:/home/user/.m2/repository/org/glassfish/hk2/hk2-api/2.5.0/hk2-api-2.5.0.jar:/home/user/.m2/repository/org/glassfish/hk2/external/jakarta.inject/2.5.0/jakarta.inject-2.5.0.jar:/home/user/.m2/repository/org/glassfish/hk2/hk2-utils/2.5.0/hk2-utils-2.5.0.jar:/home/user/.m2/repository/jakarta/annotation/jakarta.annotation-api/1.3.4/jakarta.annotation-api-1.3.4.jar:/home/user/.m2/repository/org/glassfish/hk2/external/aopalliance-repackaged/2.5.0/aopalliance-repackaged-2.5.0.jar:/home/user/.m2/repository/com/fasterxml/jackson/dataformat/jackson-dataformat-xml/2.9.0/jackson-dataformat-xml-2.9.0.jar:/home/user/.m2/repository/com/fasterxml/jackson/core/jackson-core/2.9.5/jackson-core-2.9.5.jar:/home/user/.m2/repository/com/fasterxml/jackson/module/jackson-module-jaxb-annotations/2.9.5/jackson-module-jaxb-annotations-2.9.5.jar:/home/user/.m2/repository/javax/enterprise/cdi-api/1.2/cdi-api-1.2.jar:/home/user/.m2/repository/javax/el/javax.el-api/3.0.0/javax.el-api-3.0.0.jar:/home/user/.m2/repository/javax/interceptor/javax.interceptor-api/1.2/javax.interceptor-api-1.2.jar:/home/user/.m2/repository/javax/inject/javax.inject/1/javax.inject-1.jar:/home/user/.m2/repository/com/sun/xml/bind/jaxb-impl/2.3.0.1/jaxb-impl-2.3.0.1.jar:/home/user/.m2/repository/com/sun/xml/bind/jaxb-core/2.3.0.1/jaxb-core-2.3.0.1.jar:/home/user/.m2/repository/javax/xml/bind/jaxb-api/2.3.0/jaxb-api-2.3.0.jar:/home/user/.m2/repository/javax/activation/activation/1.1.1/activation-1.1.1.jar:/home/user/.m2/repository/org/apache/hadoop/hadoop-ozone-csi/0.4.1-SNAPSHOT/hadoop-ozone-csi-0.4.1-SNAPSHOT.jar:/home/user/.m2/repository/com/google/protobuf/protobuf-java-util/3.5.1/protobuf-java-util-3.5.1.jar:/home/user/.m2/repository/org/apache/hadoop/hadoop-hdds-config/0.4.1-SNAPSHOT/hadoop-hdds-config-0.4.1-SNAPSHOT.jar:/home/user/.m2/repository/io/grpc/grpc-netty/1.17.1/grpc-netty-1.17.1.jar:/home/user/.m2/repository/io/grpc/grpc-core/1.17.1/grpc-core-1.17.1.jar:/home/user/.m2/repository/io/grpc/grpc-context/1.17.1/grpc-context-1.17.1.jar:/home/user/.m2/repository/com/google/errorprone/error_prone_annotations/2.2.0/error_prone_annotations-2.2.0.jar:/home/user/.m2/repository/org/codehaus/mojo/animal-sniffer-annotations/1.17/animal-sniffer-annotations-1.17.jar:/home/user/.m2/repository/io/opencensus/opencensus-api/0.17.0/opencensus-api-0.17.0.jar:/home/user/.m2/repository/io/opencensus/opencensus-contrib-grpc-metrics/0.17.0/opencensus-contrib-grpc-metrics-0.17.0.jar:/home/user/.m2/repository/io/netty/netty-codec-http2/4.1.30.Final/netty-codec-http2-4.1.30.Final.jar:/home/user/.m2/repository/io/netty/netty-codec-http/4.1.30.Final/netty-codec-http-4.1.30.Final.jar:/home/user/.m2/repository/io/netty/netty-codec/4.1.30.Final/netty-codec-4.1.30.Final.jar:/home/user/.m2/repository/io/netty/netty-handler/4.1.30.Final/netty-handler-4.1.30.Final.jar:/home/user/.m2/repository/io/netty/netty-handler-proxy/4.1.30.Final/netty-handler-proxy-4.1.30.Final.jar:/home/user/.m2/repository/io/netty/netty-codec-socks/4.1.30.Final/netty-codec-socks-4.1.30.Final.jar:/home/user/.m2/repository/io/netty/netty-transport-native-epoll/4.1.30.Final/netty-transport-native-epoll-4.1.30.Final.jar:/home/user/.m2/repository/io/netty/netty-common/4.1.30.Final/netty-common-4.1.30.Final.jar:/home/user/.m2/repository/io/netty/netty-buffer/4.1.30.Final/netty-buffer-4.1.30.Final.jar:/home/user/.m2/repository/io/netty/netty-transport/4.1.30.Final/netty-transport-4.1.30.Final.jar:/home/user/.m2/repository/io/netty/netty-resolver/4.1.30.Final/netty-resolver-4.1.30.Final.jar:/home/user/.m2/repository/io/netty/netty-transport-native-unix-common/4.1.30.Final/netty-transport-native-unix-common-4.1.30.Final.jar:/home/user/.m2/repository/io/grpc/grpc-protobuf/1.17.1/grpc-protobuf-1.17.1.jar:/home/user/.m2/repository/com/google/api/grpc/proto-google-common-protos/1.0.0/proto-google-common-protos-1.0.0.jar:/home/user/.m2/repository/io/grpc/grpc-protobuf-lite/1.17.1/grpc-protobuf-lite-1.17.1.jar:/home/user/.m2/repository/io/grpc/grpc-stub/1.17.1/grpc-stub-1.17.1.jar:/home/user/.m2/repository/org/apache/hadoop/hadoop-ozone-recon/0.4.1-SNAPSHOT/hadoop-ozone-recon-0.4.1-SNAPSHOT.jar:/home/user/.m2/repository/org/apache/hadoop/hadoop-ozone-reconcodegen/0.4.1-SNAPSHOT/hadoop-ozone-reconcodegen-0.4.1-SNAPSHOT.jar:/home/user/.m2/repository/com/google/inject/extensions/guice-multibindings/4.0/guice-multibindings-4.0.jar:/home/user/.m2/repository/com/google/inject/guice/4.0/guice-4.0.jar:/home/user/.m2/repository/aopalliance/aopalliance/1.0/aopalliance-1.0.jar:/home/user/.m2/repository/com/google/inject/extensions/guice-servlet/4.0/guice-servlet-4.0.jar:/home/user/.m2/repository/org/glassfish/jersey/containers/jersey-container-servlet/2.27/jersey-container-servlet-2.27.jar:/home/user/.m2/repository/org/glassfish/hk2/guice-bridge/2.5.0/guice-bridge-2.5.0.jar:/home/user/.m2/repository/org/glassfish/jersey/core/jersey-server/2.27/jersey-server-2.27.jar:/home/user/.m2/repository/org/glassfish/jersey/core/jersey-client/2.27/jersey-client-2.27.jar:/home/user/.m2/repository/org/glassfish/jersey/media/jersey-media-jaxb/2.27/jersey-media-jaxb-2.27.jar:/home/user/.m2/repository/javax/validation/validation-api/1.1.0.Final/validation-api-1.1.0.Final.jar:/home/user/.m2/repository/org/glassfish/jersey/media/jersey-media-json-jackson/2.27/jersey-media-json-jackson-2.27.jar:/home/user/.m2/repository/org/glassfish/jersey/ext/jersey-entity-filtering/2.27/jersey-entity-filtering-2.27.jar:/home/user/.m2/repository/com/google/inject/extensions/guice-assistedinject/4.0/guice-assistedinject-4.0.jar:/home/user/.m2/repository/org/jooq/jooq/3.11.10/jooq-3.11.10.jar:/home/user/.m2/repository/org/jooq/jooq-meta/3.11.10/jooq-meta-3.11.10.jar:/home/user/.m2/repository/org/jooq/jooq-codegen/3.11.10/jooq-codegen-3.11.10.jar:/home/user/.m2/repository/com/jolbox/bonecp/0.8.0.RELEASE/bonecp-0.8.0.RELEASE.jar:/home/user/.m2/repository/org/xerial/sqlite-jdbc/3.25.2/sqlite-jdbc-3.25.2.jar:/home/user/.m2/repository/org/springframework/spring-jdbc/5.1.3.RELEASE/spring-jdbc-5.1.3.RELEASE.jar:/home/user/.m2/repository/org/springframework/spring-beans/5.1.3.RELEASE/spring-beans-5.1.3.RELEASE.jar:/home/user/.m2/repository/org/springframework/spring-core/5.1.3.RELEASE/spring-core-5.1.3.RELEASE.jar:/home/user/.m2/repository/org/springframework/spring-jcl/5.1.3.RELEASE/spring-jcl-5.1.3.RELEASE.jar:/home/user/.m2/repository/org/springframework/spring-tx/5.1.3.RELEASE/spring-tx-5.1.3.RELEASE.jar:/home/user/.m2/repository/org/apache/hadoop/hadoop-ozone-client/0.4.1-SNAPSHOT/hadoop-ozone-client-0.4.1-SNAPSHOT.jar:/home/user/.m2/repository/commons-lang/commons-lang/2.6/commons-lang-2.6.jar:/home/user/.m2/repository/org/apache/hadoop/hadoop-ozone-ozone-manager/0.4.1-SNAPSHOT/hadoop-ozone-ozone-manager-0.4.1-SNAPSHOT-tests.jar:/home/user/.m2/repository/junit/junit/4.11/junit-4.11.jar:/home/user/.m2/repository/org/hamcrest/hamcrest-core/1.3/hamcrest-core-1.3.jar:/home/user/.m2/repository/org/openjdk/jmh/jmh-core/1.19/jmh-core-1.19.jar:/home/user/.m2/repository/net/sf/jopt-simple/jopt-simple/4.6/jopt-simple-4.6.jar:/home/user/.m2/repository/org/apache/commons/commons-math3/3.1.1/commons-math3-3.1.1.jar:/home/user/.m2/repository/org/openjdk/jmh/jmh-generator-annprocess/1.19/jmh-generator-annprocess-1.19.jar:/home/user/.m2/repository/org/mockito/mockito-all/1.8.5/mockito-all-1.8.5.jar:/home/user/.m2/repository/org/apache/hadoop/hadoop-kms/3.2.0/hadoop-kms-3.2.0.jar:/home/user/.m2/repository/org/apache/hadoop/hadoop-auth/3.2.0/hadoop-auth-3.2.0.jar:/home/user/.m2/repository/com/nimbusds/nimbus-jose-jwt/4.41.1/nimbus-jose-jwt-4.41.1.jar:/home/user/.m2/repository/com/github/stephenc/jcip/jcip-annotations/1.0-1/jcip-annotations-1.0-1.jar:/home/user/.m2/repository/net/minidev/json-smart/2.3/json-smart-2.3.jar:/home/user/.m2/repository/net/minidev/accessors-smart/1.2/accessors-smart-1.2.jar:/home/user/.m2/repository/org/ow2/asm/asm/5.0.4/asm-5.0.4.jar:/home/user/.m2/repository/org/apache/curator/curator-framework/2.12.0/curator-framework-2.12.0.jar:/home/user/.m2/repository/com/sun/jersey/jersey-core/1.19/jersey-core-1.19.jar:/home/user/.m2/repository/javax/ws/rs/jsr311-api/1.1.1/jsr311-api-1.1.1.jar:/home/user/.m2/repository/com/sun/jersey/jersey-server/1.19/jersey-server-1.19.jar:/home/user/.m2/repository/javax/servlet/javax.servlet-api/3.1.0/javax.servlet-api-3.1.0.jar:/home/user/.m2/repository/org/eclipse/jetty/jetty-server/9.3.24.v20180605/jetty-server-9.3.24.v20180605.jar:/home/user/.m2/repository/org/eclipse/jetty/jetty-http/9.3.24.v20180605/jetty-http-9.3.24.v20180605.jar:/home/user/.m2/repository/org/eclipse/jetty/jetty-io/9.3.24.v20180605/jetty-io-9.3.24.v20180605.jar:/home/user/.m2/repository/org/eclipse/jetty/jetty-webapp/9.3.24.v20180605/jetty-webapp-9.3.24.v20180605.jar:/home/user/.m2/repository/org/eclipse/jetty/jetty-xml/9.3.24.v20180605/jetty-xml-9.3.24.v20180605.jar:/home/user/.m2/repository/log4j/log4j/1.2.17/log4j-1.2.17.jar:/home/user/.m2/repository/org/slf4j/slf4j-api/1.7.25/slf4j-api-1.7.25.jar:/home/user/.m2/repository/org/slf4j/jul-to-slf4j/1.7.25/jul-to-slf4j-1.7.25.jar:/home/user/.m2/repository/org/eclipse/jetty/jetty-util/9.3.24.v20180605/jetty-util-9.3.24.v20180605.jar:/home/user/.m2/repository/com/fasterxml/jackson/core/jackson-databind/2.9.5/jackson-databind-2.9.5.jar:/home/user/.m2/repository/org/apache/hadoop/hadoop-kms/3.2.0/hadoop-kms-3.2.0-tests.jar:/home/user/.m2/repository/org/apache/hadoop/hadoop-hdds-server-scm/0.4.1-SNAPSHOT/hadoop-hdds-server-scm-0.4.1-SNAPSHOT-tests.jar:/home/user/.m2/repository/org/apache/hadoop/hadoop-hdds-container-service/0.4.1-SNAPSHOT/hadoop-hdds-container-service-0.4.1-SNAPSHOT-tests.jar:/home/user/.m2/repository/org/yaml/snakeyaml/1.16/snakeyaml-1.16.jar:/home/user/.m2/repository/org/apache/hadoop/hadoop-common/3.2.0/hadoop-common-3.2.0-tests.jar:/home/user/.m2/repository/org/apache/hadoop/hadoop-annotations/3.2.0/hadoop-annotations-3.2.0.jar:/usr/lib/jvm/java-1.8-openjdk/jre/../lib/tools.jar:/home/user/.m2/repository/commons-cli/commons-cli/1.2/commons-cli-1.2.jar:/home/user/.m2/repository/org/apache/httpcomponents/httpclient/4.5.2/httpclient-4.5.2.jar:/home/user/.m2/repository/org/apache/httpcomponents/httpcore/4.4.4/httpcore-4.4.4.jar:/home/user/.m2/repository/commons-codec/commons-codec/1.11/commons-codec-1.11.jar:/home/user/.m2/repository/commons-net/commons-net/3.6/commons-net-3.6.jar:/home/user/.m2/repository/commons-collections/commons-collections/3.2.2/commons-collections-3.2.2.jar:/home/user/.m2/repository/org/eclipse/jetty/jetty-servlet/9.3.24.v20180605/jetty-servlet-9.3.24.v20180605.jar:/home/user/.m2/repository/org/eclipse/jetty/jetty-security/9.3.24.v20180605/jetty-security-9.3.24.v20180605.jar:/home/user/.m2/repository/javax/servlet/jsp/jsp-api/2.1/jsp-api-2.1.jar:/home/user/.m2/repository/com/sun/jersey/jersey-servlet/1.19/jersey-servlet-1.19.jar:/home/user/.m2/repository/com/sun/jersey/jersey-json/1.19/jersey-json-1.19.jar:/home/user/.m2/repository/org/codehaus/jettison/jettison/1.1/jettison-1.1.jar:/home/user/.m2/repository/org/codehaus/jackson/jackson-core-asl/1.9.13/jackson-core-asl-1.9.13.jar:/home/user/.m2/repository/org/codehaus/jackson/jackson-mapper-asl/1.9.13/jackson-mapper-asl-1.9.13.jar:/home/user/.m2/repository/org/codehaus/jackson/jackson-jaxrs/1.9.13/jackson-jaxrs-1.9.13.jar:/home/user/.m2/repository/org/codehaus/jackson/jackson-xc/1.9.13/jackson-xc-1.9.13.jar:/home/user/.m2/repository/commons-logging/commons-logging/1.1.3/commons-logging-1.1.3.jar:/home/user/.m2/repository/commons-beanutils/commons-beanutils/1.9.3/commons-beanutils-1.9.3.jar:/home/user/.m2/repository/org/apache/commons/commons-configuration2/2.1.1/commons-configuration2-2.1.1.jar:/home/user/.m2/repository/org/apache/commons/commons-lang3/3.7/commons-lang3-3.7.jar:/home/user/.m2/repository/org/apache/commons/commons-text/1.4/commons-text-1.4.jar:/home/user/.m2/repository/org/apache/avro/avro/1.7.7/avro-1.7.7.jar:/home/user/.m2/repository/com/thoughtworks/paranamer/paranamer/2.3/paranamer-2.3.jar:/home/user/.m2/repository/org/xerial/snappy/snappy-java/1.0.5/snappy-java-1.0.5.jar:/home/user/.m2/repository/com/google/re2j/re2j/1.1/re2j-1.1.jar:/home/user/.m2/repository/com/google/code/gson/gson/2.2.4/gson-2.2.4.jar:/home/user/.m2/repository/com/jcraft/jsch/0.1.54/jsch-0.1.54.jar:/home/user/.m2/repository/org/apache/curator/curator-client/2.12.0/curator-client-2.12.0.jar:/home/user/.m2/repository/org/apache/curator/curator-recipes/2.12.0/curator-recipes-2.12.0.jar:/home/user/.m2/repository/com/google/code/findbugs/jsr305/3.0.0/jsr305-3.0.0.jar:/home/user/.m2/repository/org/apache/htrace/htrace-core4/4.1.0-incubating/htrace-core4-4.1.0-incubating.jar:/home/user/.m2/repository/org/apache/zookeeper/zookeeper/3.4.13/zookeeper-3.4.13.jar:/home/user/.m2/repository/org/apache/yetus/audience-annotations/0.5.0/audience-annotations-0.5.0.jar:/home/user/.m2/repository/org/codehaus/woodstox/stax2-api/3.1.4/stax2-api-3.1.4.jar:/home/user/.m2/repository/com/fasterxml/woodstox/woodstox-core/5.0.3/woodstox-core-5.0.3.jar:/home/user/.m2/repository/dnsjava/dnsjava/2.1.7/dnsjava-2.1.7.jar:/home/user/.m2/repository/org/apache/hadoop/hadoop-hdfs/3.2.0/hadoop-hdfs-3.2.0-tests.jar:/home/user/.m2/repository/org/eclipse/jetty/jetty-util-ajax/9.3.24.v20180605/jetty-util-ajax-9.3.24.v20180605.jar:/home/user/.m2/repository/commons-daemon/commons-daemon/1.0.13/commons-daemon-1.0.13.jar:/home/user/.m2/repository/io/netty/netty/3.10.5.Final/netty-3.10.5.Final.jar:/home/user/.m2/repository/io/netty/netty-all/4.0.52.Final/netty-all-4.0.52.Final.jar:/home/user/.m2/repository/org/fusesource/leveldbjni/leveldbjni-all/1.8/leveldbjni-all-1.8.jar:"/>
    <property name="sun.cpu.endian" value="little"/>
    <property name="user.home" value="/home/user"/>
    <property name="user.language" value="en"/>
    <property name="java.specification.vendor" value="Oracle Corporation"/>
    <property name="java.home" value="/usr/lib/jvm/java-1.8-openjdk/jre"/>
    <property name="java.security.krb5.conf" value="/workdir/hadoop-ozone/integration-test/target/test-classes/krb5.conf"/>
    <property name="basedir" value="/workdir/hadoop-ozone/integration-test"/>
    <property name="file.separator" value="/"/>
    <property name="line.separator" value="&#10;"/>
    <property name="java.vm.specification.vendor" value="Oracle Corporation"/>
    <property name="java.specification.name" value="Java Platform API Specification"/>
    <property name="java.awt.graphicsenv" value="sun.awt.X11GraphicsEnvironment"/>
    <property name="surefire.real.class.path" value="/workdir/hadoop-ozone/integration-test/target/surefire/surefirebooter1644366855789825527.jar"/>
    <property name="hadoop.log.dir" value="/workdir/hadoop-ozone/integration-test/target/log"/>
    <property name="sun.boot.class.path" value="/usr/lib/jvm/java-1.8-openjdk/jre/lib/resources.jar:/usr/lib/jvm/java-1.8-openjdk/jre/lib/rt.jar:/usr/lib/jvm/java-1.8-openjdk/jre/lib/sunrsasign.jar:/usr/lib/jvm/java-1.8-openjdk/jre/lib/jsse.jar:/usr/lib/jvm/java-1.8-openjdk/jre/lib/jce.jar:/usr/lib/jvm/java-1.8-openjdk/jre/lib/charsets.jar:/usr/lib/jvm/java-1.8-openjdk/jre/lib/jfr.jar:/usr/lib/jvm/java-1.8-openjdk/jre/classes"/>
    <property name="sun.management.compiler" value="HotSpot 64-Bit Tiered Compilers"/>
    <property name="java.runtime.version" value="1.8.0_212-b04"/>
    <property name="java.net.preferIPv4Stack" value="true"/>
    <property name="user.name" value="jenkins1000"/>
    <property name="path.separator" value=":"/>
    <property name="java.security.egd" value="file:///dev/urandom"/>
    <property name="os.version" value="3.10.0-957.12.2.el7.x86_64"/>
    <property name="java.endorsed.dirs" value="/usr/lib/jvm/java-1.8-openjdk/jre/lib/endorsed"/>
    <property name="java.runtime.name" value="OpenJDK Runtime Environment"/>
    <property name="file.encoding" value="UTF-8"/>
    <property name="java.vm.name" value="OpenJDK 64-Bit Server VM"/>
    <property name="test.build.webapps" value=""/>
    <property name="localRepository" value="/home/user/.m2/repository"/>
    <property name="java.vendor.url.bug" value="https://icedtea.classpath.org/bugzilla"/>
    <property name="java.io.tmpdir" value="/tmp"/>
    <property name="require.test.libhadoop" value=""/>
    <property name="java.version" value="1.8.0_212"/>
    <property name="user.dir" value="/workdir/hadoop-ozone/integration-test"/>
    <property name="os.arch" value="amd64"/>
    <property name="java.vm.specification.name" value="Java Virtual Machine Specification"/>
    <property name="test.build.classes" value="/workdir/hadoop-ozone/integration-test/target/test-classes"/>
    <property name="java.awt.printerjob" value="sun.print.PSPrinterJob"/>
    <property name="sun.os.patch.level" value="unknown"/>
    <property name="hadoop.tmp.dir" value="/workdir/hadoop-ozone/integration-test/target/tmp"/>
    <property name="java.library.path" value="/usr/lib/jvm/java-1.8-openjdk/jre/lib/amd64/server:/usr/lib/jvm/java-1.8-openjdk/jre/lib/amd64:/usr/lib/jvm/java-1.8-openjdk/jre/../lib/amd64:/workdir/hadoop-ozone/integration-test/target/native/target/usr/local/lib:/workdir/hadoop-ozone/integration-test/../../hadoop-common-project/hadoop-common/target/native/target/usr/local/lib:/usr/java/packages/lib/amd64:/usr/lib64:/lib64:/lib:/usr/lib"/>
    <property name="java.vm.info" value="mixed mode"/>
    <property name="java.vendor" value="IcedTea"/>
    <property name="java.vm.version" value="25.212-b04"/>
    <property name="java.ext.dirs" value="/usr/lib/jvm/java-1.8-openjdk/jre/lib/ext:/usr/java/packages/lib/ext"/>
    <property name="sun.io.unicode.encoding" value="UnicodeLittle"/>
    <property name="java.class.version" value="52.0"/>
  </properties>
  <testcase name="testWatchForCommitWithKeyWrite" classname="org.apache.hadoop.ozone.client.rpc.TestWatchForCommit" time="78.688"/>
  <testcase name="testWatchForCommitWithSmallerTimeoutValue" classname="org.apache.hadoop.ozone.client.rpc.TestWatchForCommit" time="43.565"/>
  <testcase name="testWatchForCommitForRetryfailure" classname="org.apache.hadoop.ozone.client.rpc.TestWatchForCommit" time="72.887"/>
  <testcase name="testWatchForCommitForGroupMismatchException" classname="org.apache.hadoop.ozone.client.rpc.TestWatchForCommit" time="37.594"/>
  <testcase name="test2WayCommitForTimeoutException" classname="org.apache.hadoop.ozone.client.rpc.TestWatchForCommit" time="27.759">
    <error message="org.apache.ratis.protocol.RaftRetryFailureException: Failed RaftClientRequest:client-CC4E70D60B40-&gt;bea96a90-0db2-4747-a28f-eaa57707396b@group-65AB1CA5A065, cid=104, seq=2*, RW, org.apache.hadoop.hdds.scm.XceiverClientRatis$$Lambda$348/244788961@79ecacf1 for 20 attempts with RetryLimited(maxAttempts=20, sleepTime=1000ms)" type="java.util.concurrent.ExecutionException">java.util.concurrent.ExecutionException: org.apache.ratis.protocol.RaftRetryFailureException: Failed RaftClientRequest:client-CC4E70D60B40->bea96a90-0db2-4747-a28f-eaa57707396b@group-65AB1CA5A065, cid=104, seq=2*, RW, org.apache.hadoop.hdds.scm.XceiverClientRatis$$Lambda$348/244788961@79ecacf1 for 20 attempts with RetryLimited(maxAttempts=20, sleepTime=1000ms)
	at java.util.concurrent.CompletableFuture.reportGet(CompletableFuture.java:357)
	at java.util.concurrent.CompletableFuture.get(CompletableFuture.java:1895)
	at org.apache.hadoop.ozone.client.rpc.TestWatchForCommit.test2WayCommitForTimeoutException(TestWatchForCommit.java:390)
	at sun.reflect.NativeMethodAccessorImpl.invoke0(Native Method)
	at sun.reflect.NativeMethodAccessorImpl.invoke(NativeMethodAccessorImpl.java:62)
	at sun.reflect.DelegatingMethodAccessorImpl.invoke(DelegatingMethodAccessorImpl.java:43)
	at java.lang.reflect.Method.invoke(Method.java:498)
	at org.junit.runners.model.FrameworkMethod$1.runReflectiveCall(FrameworkMethod.java:47)
	at org.junit.internal.runners.model.ReflectiveCallable.run(ReflectiveCallable.java:12)
	at org.junit.runners.model.FrameworkMethod.invokeExplosively(FrameworkMethod.java:44)
	at org.junit.internal.runners.statements.InvokeMethod.evaluate(InvokeMethod.java:17)
	at org.junit.runners.ParentRunner.runLeaf(ParentRunner.java:271)
	at org.junit.runners.BlockJUnit4ClassRunner.runChild(BlockJUnit4ClassRunner.java:70)
	at org.junit.runners.BlockJUnit4ClassRunner.runChild(BlockJUnit4ClassRunner.java:50)
	at org.junit.runners.ParentRunner$3.run(ParentRunner.java:238)
	at org.junit.runners.ParentRunner$1.schedule(ParentRunner.java:63)
	at org.junit.runners.ParentRunner.runChildren(ParentRunner.java:236)
	at org.junit.runners.ParentRunner.access$000(ParentRunner.java:53)
	at org.junit.runners.ParentRunner$2.evaluate(ParentRunner.java:229)
	at org.junit.runners.ParentRunner.run(ParentRunner.java:309)
	at org.apache.maven.surefire.junit4.JUnit4Provider.execute(JUnit4Provider.java:365)
	at org.apache.maven.surefire.junit4.JUnit4Provider.executeWithRerun(JUnit4Provider.java:273)
	at org.apache.maven.surefire.junit4.JUnit4Provider.executeTestSet(JUnit4Provider.java:238)
	at org.apache.maven.surefire.junit4.JUnit4Provider.invoke(JUnit4Provider.java:159)
	at org.apache.maven.surefire.booter.ForkedBooter.invokeProviderInSameClassLoader(ForkedBooter.java:384)
	at org.apache.maven.surefire.booter.ForkedBooter.runSuitesInProcess(ForkedBooter.java:345)
	at org.apache.maven.surefire.booter.ForkedBooter.execute(ForkedBooter.java:126)
	at org.apache.maven.surefire.booter.ForkedBooter.main(ForkedBooter.java:418)
Caused by: org.apache.ratis.protocol.RaftRetryFailureException: Failed RaftClientRequest:client-CC4E70D60B40->bea96a90-0db2-4747-a28f-eaa57707396b@group-65AB1CA5A065, cid=104, seq=2*, RW, org.apache.hadoop.hdds.scm.XceiverClientRatis$$Lambda$348/244788961@79ecacf1 for 20 attempts with RetryLimited(maxAttempts=20, sleepTime=1000ms)
	at org.apache.ratis.client.impl.RaftClientImpl.noMoreRetries(RaftClientImpl.java:272)
	at org.apache.ratis.client.impl.OrderedAsync.handleAsyncRetryFailure(OrderedAsync.java:138)
	at org.apache.ratis.client.impl.OrderedAsync.lambda$sendRequest$10(OrderedAsync.java:230)
	at java.util.concurrent.CompletableFuture.uniExceptionally(CompletableFuture.java:870)
	at java.util.concurrent.CompletableFuture$UniExceptionally.tryFire(CompletableFuture.java:852)
	at java.util.concurrent.CompletableFuture.postComplete(CompletableFuture.java:474)
	at java.util.concurrent.CompletableFuture.completeExceptionally(CompletableFuture.java:1977)
	at org.apache.ratis.grpc.client.GrpcClientProtocolClient$AsyncStreamObservers.completeReplyExceptionally(GrpcClientProtocolClient.java:330)
	at org.apache.ratis.grpc.client.GrpcClientProtocolClient$AsyncStreamObservers.access$000(GrpcClientProtocolClient.java:246)
	at org.apache.ratis.grpc.client.GrpcClientProtocolClient$AsyncStreamObservers$1.onNext(GrpcClientProtocolClient.java:258)
	at org.apache.ratis.grpc.client.GrpcClientProtocolClient$AsyncStreamObservers$1.onNext(GrpcClientProtocolClient.java:249)
	at org.apache.ratis.thirdparty.io.grpc.stub.ClientCalls$StreamObserverToCallListenerAdapter.onMessage(ClientCalls.java:421)
	at org.apache.ratis.thirdparty.io.grpc.ForwardingClientCallListener.onMessage(ForwardingClientCallListener.java:33)
	at org.apache.ratis.thirdparty.io.grpc.ForwardingClientCallListener.onMessage(ForwardingClientCallListener.java:33)
	at org.apache.ratis.thirdparty.io.grpc.internal.ClientCallImpl$ClientStreamListenerImpl$1MessagesAvailable.runInContext(ClientCallImpl.java:519)
	at org.apache.ratis.thirdparty.io.grpc.internal.ContextRunnable.run(ContextRunnable.java:37)
	at org.apache.ratis.thirdparty.io.grpc.internal.SerializingExecutor.run(SerializingExecutor.java:123)
	at java.util.concurrent.ThreadPoolExecutor.runWorker(ThreadPoolExecutor.java:1149)
	at java.util.concurrent.ThreadPoolExecutor$Worker.run(ThreadPoolExecutor.java:624)
	at java.lang.Thread.run(Thread.java:748)
Caused by: org.apache.ratis.protocol.NotLeaderException: Server bea96a90-0db2-4747-a28f-eaa57707396b is not the leader (null). Request must be sent to leader.
	at org.apache.ratis.client.impl.ClientProtoUtils.toRaftClientReply(ClientProtoUtils.java:242)
	at org.apache.ratis.grpc.client.GrpcClientProtocolClient$AsyncStreamObservers$1.onNext(GrpcClientProtocolClient.java:254)
	... 10 more
</error>
    <system-out><![CDATA[2019-08-23 03:31:10,734 WARN  server.ServerUtils (ServerUtils.java:getScmDbDir(145)) - ozone.scm.db.dirs is not configured. We recommend adding this setting. Falling back to ozone.metadata.dirs instead.
2019-08-23 03:31:10,756 WARN  server.ServerUtils (ServerUtils.java:getScmDbDir(145)) - ozone.scm.db.dirs is not configured. We recommend adding this setting. Falling back to ozone.metadata.dirs instead.
2019-08-23 03:31:10,757 WARN  server.ServerUtils (ServerUtils.java:getScmDbDir(145)) - ozone.scm.db.dirs is not configured. We recommend adding this setting. Falling back to ozone.metadata.dirs instead.
2019-08-23 03:31:10,757 INFO  db.DBStoreBuilder (DBStoreBuilder.java:addTable(110)) - using custom profile for table: deletedBlocks
2019-08-23 03:31:10,757 INFO  db.DBStoreBuilder (DBStoreBuilder.java:processTables(161)) - Using default column profile:DBProfile.DISK for Table:deletedBlocks
2019-08-23 03:31:10,758 INFO  db.DBStoreBuilder (DBStoreBuilder.java:addTable(110)) - using custom profile for table: validCerts
2019-08-23 03:31:10,758 INFO  db.DBStoreBuilder (DBStoreBuilder.java:processTables(161)) - Using default column profile:DBProfile.DISK for Table:validCerts
2019-08-23 03:31:10,758 INFO  db.DBStoreBuilder (DBStoreBuilder.java:addTable(110)) - using custom profile for table: revokedCerts
2019-08-23 03:31:10,758 INFO  db.DBStoreBuilder (DBStoreBuilder.java:processTables(161)) - Using default column profile:DBProfile.DISK for Table:revokedCerts
2019-08-23 03:31:10,759 INFO  db.DBStoreBuilder (DBStoreBuilder.java:addTable(110)) - using custom profile for table: default
2019-08-23 03:31:10,759 INFO  db.DBStoreBuilder (DBStoreBuilder.java:processTables(167)) - Using default column profile:DBProfile.DISK for Table:default
2019-08-23 03:31:10,759 INFO  db.DBStoreBuilder (DBStoreBuilder.java:getDbProfile(198)) - Using default options. DBProfile.DISK
2019-08-23 03:31:10,949 INFO  net.NodeSchemaLoader (NodeSchemaLoader.java:loadSchemaFromFile(125)) - Loading file from sun.misc.CompoundEnumeration@120661d2
2019-08-23 03:31:10,950 INFO  net.NodeSchemaLoader (NodeSchemaLoader.java:loadSchema(171)) - Loading network topology layer schema file
2019-08-23 03:31:10,956 WARN  server.ServerUtils (ServerUtils.java:sanitizeUserArgs(70)) - ozone.scm.stale.node.interval value = 300000 is larger than max = 100000 based on the key value of ozone.scm.heartbeat.thread.interval, reset to the max value 100000.
2019-08-23 03:31:10,956 WARN  server.ServerUtils (ServerUtils.java:sanitizeUserArgs(70)) - ozone.scm.stale.node.interval value = 300000 is larger than max = 100000 based on the key value of ozone.scm.heartbeat.thread.interval, reset to the max value 100000.
2019-08-23 03:31:10,956 INFO  node.SCMNodeManager (SCMNodeManager.java:<init>(121)) - Entering startup safe mode.
2019-08-23 03:31:10,957 WARN  server.ServerUtils (ServerUtils.java:getScmDbDir(145)) - ozone.scm.db.dirs is not configured. We recommend adding this setting. Falling back to ozone.metadata.dirs instead.
2019-08-23 03:31:11,008 INFO  pipeline.SCMPipelineManager (SCMPipelineManager.java:initializePipelineState(126)) - No pipeline exists in current db
2019-08-23 03:31:11,008 WARN  server.ServerUtils (ServerUtils.java:getScmDbDir(145)) - ozone.scm.db.dirs is not configured. We recommend adding this setting. Falling back to ozone.metadata.dirs instead.
2019-08-23 03:31:11,052 WARN  events.EventQueue (EventQueue.java:fireEvent(175)) - No event handler registered for event TypedEvent{payloadType=SafeModeStatus, name='SafeModeStatus'}
2019-08-23 03:31:11,053 INFO  ipc.CallQueueManager (CallQueueManager.java:<init>(84)) - Using callQueue: class java.util.concurrent.LinkedBlockingQueue, queueCapacity: 2000, scheduler: class org.apache.hadoop.ipc.DefaultRpcScheduler, ipcBackoff: false.
2019-08-23 03:31:11,054 INFO  ipc.Server (Server.java:run(1074)) - Starting Socket Reader #1 for port 34699
2019-08-23 03:31:11,056 INFO  ipc.CallQueueManager (CallQueueManager.java:<init>(84)) - Using callQueue: class java.util.concurrent.LinkedBlockingQueue, queueCapacity: 2000, scheduler: class org.apache.hadoop.ipc.DefaultRpcScheduler, ipcBackoff: false.
2019-08-23 03:31:11,057 INFO  ipc.Server (Server.java:run(1074)) - Starting Socket Reader #1 for port 40414
2019-08-23 03:31:11,059 INFO  ipc.CallQueueManager (CallQueueManager.java:<init>(84)) - Using callQueue: class java.util.concurrent.LinkedBlockingQueue, queueCapacity: 2000, scheduler: class org.apache.hadoop.ipc.DefaultRpcScheduler, ipcBackoff: false.
2019-08-23 03:31:11,060 INFO  ipc.Server (Server.java:run(1074)) - Starting Socket Reader #1 for port 41078
2019-08-23 03:31:11,063 INFO  hdfs.DFSUtil (DFSUtil.java:httpServerTemplateForNNAndJN(1641)) - Starting Web-server for scm at: http://0.0.0.0:0
2019-08-23 03:31:11,066 INFO  server.AuthenticationFilter (AuthenticationFilter.java:constructSecretProvider(240)) - Unable to initialize FileSignerSecretProvider, falling back to use random secrets.
2019-08-23 03:31:11,066 WARN  http.HttpRequestLog (HttpRequestLog.java:getRequestLog(97)) - Jetty request log can only be enabled using Log4j
2019-08-23 03:31:11,069 INFO  http.HttpServer2 (HttpServer2.java:addGlobalFilter(975)) - Added global filter 'safety' (class=org.apache.hadoop.http.HttpServer2$QuotingInputFilter)
2019-08-23 03:31:11,069 INFO  http.HttpServer2 (HttpServer2.java:addFilter(948)) - Added filter static_user_filter (class=org.apache.hadoop.http.lib.StaticUserWebFilter$StaticUserFilter) to context scm
2019-08-23 03:31:11,069 INFO  http.HttpServer2 (HttpServer2.java:addFilter(958)) - Added filter static_user_filter (class=org.apache.hadoop.http.lib.StaticUserWebFilter$StaticUserFilter) to context logs
2019-08-23 03:31:11,070 INFO  http.HttpServer2 (HttpServer2.java:addFilter(958)) - Added filter static_user_filter (class=org.apache.hadoop.http.lib.StaticUserWebFilter$StaticUserFilter) to context static
2019-08-23 03:31:11,072 INFO  server.StorageContainerManager (StorageContainerManager.java:start(759)) - StorageContainerLocationProtocol RPC server is listening at /0.0.0.0:41078
2019-08-23 03:31:11,074 WARN  impl.MetricsConfig (MetricsConfig.java:loadFirst(134)) - Cannot locate configuration: tried hadoop-metrics2-storagecontainermanager.properties,hadoop-metrics2.properties
2019-08-23 03:31:11,075 INFO  impl.MetricsSystemImpl (MetricsSystemImpl.java:startTimer(374)) - Scheduled Metric snapshot period at 10 second(s).
2019-08-23 03:31:11,076 INFO  impl.MetricsSystemImpl (MetricsSystemImpl.java:start(191)) - StorageContainerManager metrics system started
2019-08-23 03:31:11,171 INFO  server.SCMClientProtocolServer (SCMClientProtocolServer.java:start(151)) - RPC server for Client  is listening at /0.0.0.0:41078
2019-08-23 03:31:11,172 INFO  ipc.Server (Server.java:run(1314)) - IPC Server Responder: starting
2019-08-23 03:31:11,172 INFO  ipc.Server (Server.java:run(1153)) - IPC Server listener on 41078: starting
2019-08-23 03:31:11,177 INFO  server.StorageContainerManager (StorageContainerManager.java:start(769)) - ScmBlockLocationProtocol RPC server is listening at /0.0.0.0:40414
2019-08-23 03:31:11,177 INFO  server.SCMBlockProtocolServer (SCMBlockProtocolServer.java:start(140)) - RPC server for Block Protocol is listening at /0.0.0.0:40414
2019-08-23 03:31:11,178 INFO  ipc.Server (Server.java:run(1314)) - IPC Server Responder: starting
2019-08-23 03:31:11,178 INFO  ipc.Server (Server.java:run(1153)) - IPC Server listener on 40414: starting
2019-08-23 03:31:11,181 INFO  server.StorageContainerManager (StorageContainerManager.java:start(773)) - ScmDatanodeProtocl RPC server is listening at /0.0.0.0:34699
2019-08-23 03:31:11,181 INFO  server.SCMDatanodeProtocolServer (SCMDatanodeProtocolServer.java:start(191)) - RPC server for DataNodes is listening at /0.0.0.0:34699
2019-08-23 03:31:11,181 INFO  ipc.Server (Server.java:run(1314)) - IPC Server Responder: starting
2019-08-23 03:31:11,182 INFO  ipc.Server (Server.java:run(1153)) - IPC Server listener on 34699: starting
2019-08-23 03:31:11,185 INFO  http.HttpServer2 (HttpServer2.java:bindListener(1191)) - Jetty bound to port 40316
2019-08-23 03:31:11,185 INFO  server.Server (Server.java:doStart(351)) - jetty-9.3.24.v20180605, build timestamp: 2018-06-05T17:11:56Z, git hash: 84205aa28f11a4f31f2a3b86d1bba2cc8ab69827
2019-08-23 03:31:11,187 INFO  handler.ContextHandler (ContextHandler.java:doStart(781)) - Started o.e.j.s.ServletContextHandler@554db19d{/logs,file:///workdir/hadoop-ozone/integration-test/target/log,AVAILABLE}
2019-08-23 03:31:11,188 INFO  handler.ContextHandler (ContextHandler.java:doStart(781)) - Started o.e.j.s.ServletContextHandler@4fe4b8b6{/static,file:///workdir/hadoop-ozone/integration-test/target/test-classes/webapps/static,AVAILABLE}
2019-08-23 03:31:11,193 INFO  handler.ContextHandler (ContextHandler.java:doStart(781)) - Started o.e.j.w.WebAppContext@56e9126f{/,file:///workdir/hadoop-ozone/integration-test/target/test-classes/webapps/scm/,AVAILABLE}{/scm}
2019-08-23 03:31:11,193 INFO  server.AbstractConnector (AbstractConnector.java:doStart(278)) - Started ServerConnector@4e773b8a{HTTP/1.1,[http/1.1]}{0.0.0.0:40316}
2019-08-23 03:31:11,194 INFO  server.Server (Server.java:doStart(419)) - Started @233704ms
2019-08-23 03:31:11,196 INFO  server.BaseHttpServer (BaseHttpServer.java:updateConnectorAddress(207)) - HTTP server of SCM is listening at http://0.0.0.0:40316
2019-08-23 03:31:11,197 WARN  server.ServerUtils (ServerUtils.java:getDBPath(222)) - ozone.om.db.dirs is not configured. We recommend adding this setting. Falling back to ozone.metadata.dirs instead.
2019-08-23 03:31:11,197 INFO  util.JvmPauseMonitor (JvmPauseMonitor.java:run(188)) - Starting JVM pause monitor
2019-08-23 03:31:11,210 WARN  server.ServerUtils (ServerUtils.java:getDBPath(222)) - ozone.om.db.dirs is not configured. We recommend adding this setting. Falling back to ozone.metadata.dirs instead.
2019-08-23 03:31:11,211 WARN  server.ServerUtils (ServerUtils.java:getDBPath(222)) - ozone.om.db.dirs is not configured. We recommend adding this setting. Falling back to ozone.metadata.dirs instead.
2019-08-23 03:31:11,211 INFO  om.OzoneManager (OzoneManager.java:setOMNodeDetails(645)) - OM Service ID is not set. Setting it to the default ID: omServiceIdDefault
2019-08-23 03:31:11,211 INFO  om.OzoneManager (OzoneManager.java:setOMNodeDetails(651)) - OM Node ID is not set. Setting it to the OmStorage's OmID: bdcaba8b-70b3-4a2e-9f64-d6fa3d9166ac
2019-08-23 03:31:11,211 INFO  om.OzoneManager (OzoneManager.java:loadOMHAConfigs(602)) - Found matching OM address with OMServiceId: null, OMNodeId: null, RPC Address: localhost:0 and Ratis port: 9872
2019-08-23 03:31:11,219 | INFO  | SCMAudit | user=jenkins1000 | ip=192.168.5.160 | op=GET_SCM_INFO null | ret=SUCCESS |  
2019-08-23 03:31:11,223 WARN  server.ServerUtils (ServerUtils.java:getDBPath(222)) - ozone.om.db.dirs is not configured. We recommend adding this setting. Falling back to ozone.metadata.dirs instead.
2019-08-23 03:31:11,223 INFO  db.DBStoreBuilder (DBStoreBuilder.java:addTable(110)) - using custom profile for table: userTable
2019-08-23 03:31:11,223 INFO  db.DBStoreBuilder (DBStoreBuilder.java:processTables(161)) - Using default column profile:DBProfile.DISK for Table:userTable
2019-08-23 03:31:11,224 INFO  db.DBStoreBuilder (DBStoreBuilder.java:addTable(110)) - using custom profile for table: volumeTable
2019-08-23 03:31:11,224 INFO  db.DBStoreBuilder (DBStoreBuilder.java:processTables(161)) - Using default column profile:DBProfile.DISK for Table:volumeTable
2019-08-23 03:31:11,224 INFO  db.DBStoreBuilder (DBStoreBuilder.java:addTable(110)) - using custom profile for table: bucketTable
2019-08-23 03:31:11,224 INFO  db.DBStoreBuilder (DBStoreBuilder.java:processTables(161)) - Using default column profile:DBProfile.DISK for Table:bucketTable
2019-08-23 03:31:11,224 INFO  db.DBStoreBuilder (DBStoreBuilder.java:addTable(110)) - using custom profile for table: keyTable
2019-08-23 03:31:11,225 INFO  db.DBStoreBuilder (DBStoreBuilder.java:processTables(161)) - Using default column profile:DBProfile.DISK for Table:keyTable
2019-08-23 03:31:11,225 INFO  db.DBStoreBuilder (DBStoreBuilder.java:addTable(110)) - using custom profile for table: deletedTable
2019-08-23 03:31:11,225 INFO  db.DBStoreBuilder (DBStoreBuilder.java:processTables(161)) - Using default column profile:DBProfile.DISK for Table:deletedTable
2019-08-23 03:31:11,225 INFO  db.DBStoreBuilder (DBStoreBuilder.java:addTable(110)) - using custom profile for table: openKeyTable
2019-08-23 03:31:11,225 INFO  db.DBStoreBuilder (DBStoreBuilder.java:processTables(161)) - Using default column profile:DBProfile.DISK for Table:openKeyTable
2019-08-23 03:31:11,226 INFO  db.DBStoreBuilder (DBStoreBuilder.java:addTable(110)) - using custom profile for table: s3Table
2019-08-23 03:31:11,226 INFO  db.DBStoreBuilder (DBStoreBuilder.java:processTables(161)) - Using default column profile:DBProfile.DISK for Table:s3Table
2019-08-23 03:31:11,226 INFO  db.DBStoreBuilder (DBStoreBuilder.java:addTable(110)) - using custom profile for table: multipartInfoTable
2019-08-23 03:31:11,226 INFO  db.DBStoreBuilder (DBStoreBuilder.java:processTables(161)) - Using default column profile:DBProfile.DISK for Table:multipartInfoTable
2019-08-23 03:31:11,226 INFO  db.DBStoreBuilder (DBStoreBuilder.java:addTable(110)) - using custom profile for table: dTokenTable
2019-08-23 03:31:11,227 INFO  db.DBStoreBuilder (DBStoreBuilder.java:processTables(161)) - Using default column profile:DBProfile.DISK for Table:dTokenTable
2019-08-23 03:31:11,227 INFO  db.DBStoreBuilder (DBStoreBuilder.java:addTable(110)) - using custom profile for table: s3SecretTable
2019-08-23 03:31:11,227 INFO  db.DBStoreBuilder (DBStoreBuilder.java:processTables(161)) - Using default column profile:DBProfile.DISK for Table:s3SecretTable
2019-08-23 03:31:11,227 INFO  db.DBStoreBuilder (DBStoreBuilder.java:addTable(110)) - using custom profile for table: prefixTable
2019-08-23 03:31:11,227 INFO  db.DBStoreBuilder (DBStoreBuilder.java:processTables(161)) - Using default column profile:DBProfile.DISK for Table:prefixTable
2019-08-23 03:31:11,228 INFO  db.DBStoreBuilder (DBStoreBuilder.java:addTable(110)) - using custom profile for table: default
2019-08-23 03:31:11,228 INFO  db.DBStoreBuilder (DBStoreBuilder.java:processTables(167)) - Using default column profile:DBProfile.DISK for Table:default
2019-08-23 03:31:11,228 INFO  db.DBStoreBuilder (DBStoreBuilder.java:getDbProfile(198)) - Using default options. DBProfile.DISK
2019-08-23 03:31:11,665 INFO  ipc.CallQueueManager (CallQueueManager.java:<init>(84)) - Using callQueue: class java.util.concurrent.LinkedBlockingQueue, queueCapacity: 2000, scheduler: class org.apache.hadoop.ipc.DefaultRpcScheduler, ipcBackoff: false.
2019-08-23 03:31:11,666 INFO  ipc.Server (Server.java:run(1074)) - Starting Socket Reader #1 for port 45247
2019-08-23 03:31:11,681 INFO  om.OzoneManager (OzoneManager.java:start(1256)) - OzoneManager RPC server is listening at localhost/127.0.0.1:45247
2019-08-23 03:31:11,681 INFO  impl.MetricsSystemImpl (MetricsSystemImpl.java:init(158)) - OzoneManager metrics system started (again)
2019-08-23 03:31:11,682 INFO  ipc.Server (Server.java:run(1314)) - IPC Server Responder: starting
2019-08-23 03:31:11,682 INFO  ipc.Server (Server.java:run(1153)) - IPC Server listener on 45247: starting
2019-08-23 03:31:11,687 INFO  hdfs.DFSUtil (DFSUtil.java:httpServerTemplateForNNAndJN(1641)) - Starting Web-server for ozoneManager at: http://0.0.0.0:0
2019-08-23 03:31:11,689 INFO  server.AuthenticationFilter (AuthenticationFilter.java:constructSecretProvider(240)) - Unable to initialize FileSignerSecretProvider, falling back to use random secrets.
2019-08-23 03:31:11,689 WARN  http.HttpRequestLog (HttpRequestLog.java:getRequestLog(97)) - Jetty request log can only be enabled using Log4j
2019-08-23 03:31:11,691 INFO  http.HttpServer2 (HttpServer2.java:addGlobalFilter(975)) - Added global filter 'safety' (class=org.apache.hadoop.http.HttpServer2$QuotingInputFilter)
2019-08-23 03:31:11,692 INFO  http.HttpServer2 (HttpServer2.java:addFilter(948)) - Added filter static_user_filter (class=org.apache.hadoop.http.lib.StaticUserWebFilter$StaticUserFilter) to context ozoneManager
2019-08-23 03:31:11,692 INFO  http.HttpServer2 (HttpServer2.java:addFilter(958)) - Added filter static_user_filter (class=org.apache.hadoop.http.lib.StaticUserWebFilter$StaticUserFilter) to context static
2019-08-23 03:31:11,692 INFO  http.HttpServer2 (HttpServer2.java:addFilter(958)) - Added filter static_user_filter (class=org.apache.hadoop.http.lib.StaticUserWebFilter$StaticUserFilter) to context logs
2019-08-23 03:31:11,693 INFO  http.HttpServer2 (HttpServer2.java:bindListener(1191)) - Jetty bound to port 44730
2019-08-23 03:31:11,693 INFO  server.Server (Server.java:doStart(351)) - jetty-9.3.24.v20180605, build timestamp: 2018-06-05T17:11:56Z, git hash: 84205aa28f11a4f31f2a3b86d1bba2cc8ab69827
2019-08-23 03:31:11,695 INFO  handler.ContextHandler (ContextHandler.java:doStart(781)) - Started o.e.j.s.ServletContextHandler@66831b14{/logs,file:///workdir/hadoop-ozone/integration-test/target/log,AVAILABLE}
2019-08-23 03:31:11,696 INFO  handler.ContextHandler (ContextHandler.java:doStart(781)) - Started o.e.j.s.ServletContextHandler@3a641f6{/static,file:///workdir/hadoop-ozone/integration-test/target/test-classes/webapps/static,AVAILABLE}
2019-08-23 03:31:11,699 INFO  handler.ContextHandler (ContextHandler.java:doStart(781)) - Started o.e.j.w.WebAppContext@6c4c32ff{/,file:///workdir/hadoop-ozone/integration-test/target/test-classes/webapps/ozoneManager/,AVAILABLE}{/ozoneManager}
2019-08-23 03:31:11,700 INFO  server.AbstractConnector (AbstractConnector.java:doStart(278)) - Started ServerConnector@5a1a5521{HTTP/1.1,[http/1.1]}{0.0.0.0:44730}
2019-08-23 03:31:11,701 INFO  server.Server (Server.java:doStart(419)) - Started @234210ms
2019-08-23 03:31:11,702 INFO  server.BaseHttpServer (BaseHttpServer.java:updateConnectorAddress(207)) - HTTP server of OZONEMANAGER is listening at http://0.0.0.0:44730
2019-08-23 03:31:11,716 INFO  impl.MetricsSystemImpl (MetricsSystemImpl.java:init(158)) - HddsDatanode metrics system started (again)
2019-08-23 03:31:11,718 INFO  ozone.HddsDatanodeService (HddsDatanodeService.java:start(184)) - HddsDatanodeService host:byscane-nightly-xckjd-3238445761 ip:192.168.5.160
2019-08-23 03:31:11,727 INFO  volume.HddsVolume (HddsVolume.java:<init>(176)) - Creating Volume: /workdir/hadoop-ozone/integration-test/target/test-dir/MiniOzoneClusterImpl-f17d844e-d9bf-4644-9288-fdb166d42e2d/datanode-0/data/containers/hdds of  storage type : DISK and capacity : 1482555576320
2019-08-23 03:31:11,727 INFO  volume.VolumeSet (VolumeSet.java:initializeVolumeSet(170)) - Added Volume : /workdir/hadoop-ozone/integration-test/target/test-dir/MiniOzoneClusterImpl-f17d844e-d9bf-4644-9288-fdb166d42e2d/datanode-0/data/containers/hdds to VolumeSet
2019-08-23 03:31:11,727 INFO  volume.ThrottledAsyncChecker (ThrottledAsyncChecker.java:schedule(140)) - Scheduling a check for org.apache.hadoop.ozone.container.common.volume.HddsVolume@78d49939
2019-08-23 03:31:11,728 INFO  volume.HddsVolumeChecker (HddsVolumeChecker.java:checkAllVolumes(203)) - Scheduled health check for volume org.apache.hadoop.ozone.container.common.volume.HddsVolume@78d49939
2019-08-23 03:31:11,741 INFO  impl.RaftServerProxy (ConfUtils.java:logGet(43)) - raft.rpc.type = GRPC (default)
2019-08-23 03:31:11,741 INFO  grpc.GrpcFactory (GrpcFactory.java:checkPooledByteBufAllocatorUseCacheForAllThreads(45)) - PERFORMANCE WARNING: useCacheForAllThreads is true that may cause Netty to create a lot garbage objects and, as a result, trigger GC.
	It is recommended to disable useCacheForAllThreads by setting -Dorg.apache.ratis.thirdparty.io.netty.allocator.useCacheForAllThreads=false in command line.
2019-08-23 03:31:11,741 INFO  grpc.GrpcConfigKeys$Server (ConfUtils.java:logGet(43)) - raft.grpc.server.port = 0 (default)
2019-08-23 03:31:11,741 INFO  server.GrpcService (ConfUtils.java:logGet(43)) - raft.grpc.message.size.max = 33570816 (custom)
2019-08-23 03:31:11,741 INFO  server.RaftServerConfigKeys (ConfUtils.java:logGet(43)) - raft.server.log.appender.buffer.byte-limit = 33554432 (custom)
2019-08-23 03:31:11,742 INFO  server.GrpcService (ConfUtils.java:logGet(43)) - raft.grpc.flow.control.window = 1MB (=1048576) (default)
2019-08-23 03:31:11,742 INFO  server.RaftServerConfigKeys (ConfUtils.java:logGet(43)) - raft.server.rpc.request.timeout = 3000ms (default)
2019-08-23 03:31:11,742 INFO  server.RaftServerConfigKeys (ConfUtils.java:logGet(43)) - raft.server.storage.dir = [/workdir/hadoop-ozone/integration-test/target/test-dir/MiniOzoneClusterImpl-f17d844e-d9bf-4644-9288-fdb166d42e2d/datanode-0/data/ratis] (custom)
2019-08-23 03:31:11,743 INFO  replication.SimpleContainerDownloader (SimpleContainerDownloader.java:<init>(72)) - Starting container downloader service to copy containers to replicate.
2019-08-23 03:31:11,744 INFO  hdfs.DFSUtil (DFSUtil.java:httpServerTemplateForNNAndJN(1641)) - Starting Web-server for hddsDatanode at: http://0.0.0.0:0
2019-08-23 03:31:11,745 INFO  server.AuthenticationFilter (AuthenticationFilter.java:constructSecretProvider(240)) - Unable to initialize FileSignerSecretProvider, falling back to use random secrets.
2019-08-23 03:31:11,745 WARN  http.HttpRequestLog (HttpRequestLog.java:getRequestLog(97)) - Jetty request log can only be enabled using Log4j
2019-08-23 03:31:11,746 INFO  http.HttpServer2 (HttpServer2.java:addGlobalFilter(975)) - Added global filter 'safety' (class=org.apache.hadoop.http.HttpServer2$QuotingInputFilter)
2019-08-23 03:31:11,747 INFO  http.HttpServer2 (HttpServer2.java:addFilter(948)) - Added filter static_user_filter (class=org.apache.hadoop.http.lib.StaticUserWebFilter$StaticUserFilter) to context hddsDatanode
2019-08-23 03:31:11,747 INFO  http.HttpServer2 (HttpServer2.java:addFilter(958)) - Added filter static_user_filter (class=org.apache.hadoop.http.lib.StaticUserWebFilter$StaticUserFilter) to context logs
2019-08-23 03:31:11,747 INFO  http.HttpServer2 (HttpServer2.java:addFilter(958)) - Added filter static_user_filter (class=org.apache.hadoop.http.lib.StaticUserWebFilter$StaticUserFilter) to context static
2019-08-23 03:31:11,748 INFO  http.HttpServer2 (HttpServer2.java:bindListener(1191)) - Jetty bound to port 38010
2019-08-23 03:31:11,748 INFO  server.Server (Server.java:doStart(351)) - jetty-9.3.24.v20180605, build timestamp: 2018-06-05T17:11:56Z, git hash: 84205aa28f11a4f31f2a3b86d1bba2cc8ab69827
2019-08-23 03:31:11,750 INFO  handler.ContextHandler (ContextHandler.java:doStart(781)) - Started o.e.j.s.ServletContextHandler@672549f3{/logs,file:///workdir/hadoop-ozone/integration-test/target/log,AVAILABLE}
2019-08-23 03:31:11,750 INFO  handler.ContextHandler (ContextHandler.java:doStart(781)) - Started o.e.j.s.ServletContextHandler@6ba516ff{/static,jar:file:/home/user/.m2/repository/org/apache/hadoop/hadoop-hdds-container-service/0.4.1-SNAPSHOT/hadoop-hdds-container-service-0.4.1-SNAPSHOT.jar!/webapps/static,AVAILABLE}
2019-08-23 03:31:11,778 INFO  handler.ContextHandler (ContextHandler.java:doStart(781)) - Started o.e.j.w.WebAppContext@407ff25f{/,file:///tmp/jetty-0.0.0.0-38010-hddsDatanode-_-any-2391763609677822963.dir/webapp/,AVAILABLE}{/hddsDatanode}
2019-08-23 03:31:11,779 INFO  server.AbstractConnector (AbstractConnector.java:doStart(278)) - Started ServerConnector@3ba8fbc8{HTTP/1.1,[http/1.1]}{0.0.0.0:38010}
2019-08-23 03:31:11,780 INFO  server.Server (Server.java:doStart(419)) - Started @234289ms
2019-08-23 03:31:11,780 INFO  server.BaseHttpServer (BaseHttpServer.java:updateConnectorAddress(207)) - HTTP server of HDDSDATANODE is listening at http://0.0.0.0:38010
2019-08-23 03:31:11,931 | INFO  | ObjectStoreRestHttpServer | Listening HDDS REST traffic on /0.0.0.0:41363 |  
2019-08-23 03:31:11,931 INFO  ozone.HddsDatanodeService (HddsDatanodeService.java:startPlugins(395)) - Started plug-in org.apache.hadoop.ozone.web.OzoneHddsDatanodeService@2a0d8df8
2019-08-23 03:31:11,931 INFO  impl.MetricsSystemImpl (MetricsSystemImpl.java:init(158)) - HddsDatanode metrics system started (again)
2019-08-23 03:31:11,934 INFO  util.JvmPauseMonitor (JvmPauseMonitor.java:run(188)) - Starting JVM pause monitor
2019-08-23 03:31:11,934 INFO  ozone.HddsDatanodeService (HddsDatanodeService.java:start(184)) - HddsDatanodeService host:byscane-nightly-xckjd-3238445761 ip:192.168.5.160
2019-08-23 03:31:11,936 INFO  datanode.InitDatanodeState (InitDatanodeState.java:persistContainerDatanodeDetails(140)) - DatanodeDetails is persisted to /workdir/hadoop-ozone/integration-test/target/test-dir/MiniOzoneClusterImpl-f17d844e-d9bf-4644-9288-fdb166d42e2d/datanode-0/meta/datanode.id
2019-08-23 03:31:11,943 INFO  volume.HddsVolume (HddsVolume.java:<init>(176)) - Creating Volume: /workdir/hadoop-ozone/integration-test/target/test-dir/MiniOzoneClusterImpl-f17d844e-d9bf-4644-9288-fdb166d42e2d/datanode-1/data/containers/hdds of  storage type : DISK and capacity : 1482555576320
2019-08-23 03:31:11,943 INFO  volume.VolumeSet (VolumeSet.java:initializeVolumeSet(170)) - Added Volume : /workdir/hadoop-ozone/integration-test/target/test-dir/MiniOzoneClusterImpl-f17d844e-d9bf-4644-9288-fdb166d42e2d/datanode-1/data/containers/hdds to VolumeSet
2019-08-23 03:31:11,944 INFO  volume.ThrottledAsyncChecker (ThrottledAsyncChecker.java:schedule(140)) - Scheduling a check for org.apache.hadoop.ozone.container.common.volume.HddsVolume@2735a7dc
2019-08-23 03:31:11,944 INFO  volume.HddsVolumeChecker (HddsVolumeChecker.java:checkAllVolumes(203)) - Scheduled health check for volume org.apache.hadoop.ozone.container.common.volume.HddsVolume@2735a7dc
2019-08-23 03:31:11,959 INFO  impl.RaftServerProxy (ConfUtils.java:logGet(43)) - raft.rpc.type = GRPC (default)
2019-08-23 03:31:11,959 INFO  grpc.GrpcFactory (GrpcFactory.java:checkPooledByteBufAllocatorUseCacheForAllThreads(45)) - PERFORMANCE WARNING: useCacheForAllThreads is true that may cause Netty to create a lot garbage objects and, as a result, trigger GC.
	It is recommended to disable useCacheForAllThreads by setting -Dorg.apache.ratis.thirdparty.io.netty.allocator.useCacheForAllThreads=false in command line.
2019-08-23 03:31:11,959 INFO  grpc.GrpcConfigKeys$Server (ConfUtils.java:logGet(43)) - raft.grpc.server.port = 0 (default)
2019-08-23 03:31:11,960 INFO  server.GrpcService (ConfUtils.java:logGet(43)) - raft.grpc.message.size.max = 33570816 (custom)
2019-08-23 03:31:11,960 INFO  server.RaftServerConfigKeys (ConfUtils.java:logGet(43)) - raft.server.log.appender.buffer.byte-limit = 33554432 (custom)
2019-08-23 03:31:11,960 INFO  server.GrpcService (ConfUtils.java:logGet(43)) - raft.grpc.flow.control.window = 1MB (=1048576) (default)
2019-08-23 03:31:11,960 INFO  server.RaftServerConfigKeys (ConfUtils.java:logGet(43)) - raft.server.rpc.request.timeout = 3000ms (default)
2019-08-23 03:31:11,961 INFO  server.RaftServerConfigKeys (ConfUtils.java:logGet(43)) - raft.server.storage.dir = [/workdir/hadoop-ozone/integration-test/target/test-dir/MiniOzoneClusterImpl-f17d844e-d9bf-4644-9288-fdb166d42e2d/datanode-1/data/ratis] (custom)
2019-08-23 03:31:11,961 INFO  replication.SimpleContainerDownloader (SimpleContainerDownloader.java:<init>(72)) - Starting container downloader service to copy containers to replicate.
2019-08-23 03:31:11,962 INFO  hdfs.DFSUtil (DFSUtil.java:httpServerTemplateForNNAndJN(1641)) - Starting Web-server for hddsDatanode at: http://0.0.0.0:0
2019-08-23 03:31:11,963 INFO  server.AuthenticationFilter (AuthenticationFilter.java:constructSecretProvider(240)) - Unable to initialize FileSignerSecretProvider, falling back to use random secrets.
2019-08-23 03:31:11,963 WARN  http.HttpRequestLog (HttpRequestLog.java:getRequestLog(97)) - Jetty request log can only be enabled using Log4j
2019-08-23 03:31:11,964 INFO  http.HttpServer2 (HttpServer2.java:addGlobalFilter(975)) - Added global filter 'safety' (class=org.apache.hadoop.http.HttpServer2$QuotingInputFilter)
2019-08-23 03:31:11,965 INFO  http.HttpServer2 (HttpServer2.java:addFilter(948)) - Added filter static_user_filter (class=org.apache.hadoop.http.lib.StaticUserWebFilter$StaticUserFilter) to context hddsDatanode
2019-08-23 03:31:11,965 INFO  http.HttpServer2 (HttpServer2.java:addFilter(958)) - Added filter static_user_filter (class=org.apache.hadoop.http.lib.StaticUserWebFilter$StaticUserFilter) to context static
2019-08-23 03:31:11,965 INFO  http.HttpServer2 (HttpServer2.java:addFilter(958)) - Added filter static_user_filter (class=org.apache.hadoop.http.lib.StaticUserWebFilter$StaticUserFilter) to context logs
2019-08-23 03:31:11,966 INFO  http.HttpServer2 (HttpServer2.java:bindListener(1191)) - Jetty bound to port 40214
2019-08-23 03:31:11,966 INFO  server.Server (Server.java:doStart(351)) - jetty-9.3.24.v20180605, build timestamp: 2018-06-05T17:11:56Z, git hash: 84205aa28f11a4f31f2a3b86d1bba2cc8ab69827
2019-08-23 03:31:11,968 INFO  handler.ContextHandler (ContextHandler.java:doStart(781)) - Started o.e.j.s.ServletContextHandler@6391d34f{/logs,file:///workdir/hadoop-ozone/integration-test/target/log,AVAILABLE}
2019-08-23 03:31:11,968 INFO  handler.ContextHandler (ContextHandler.java:doStart(781)) - Started o.e.j.s.ServletContextHandler@53c0424a{/static,jar:file:/home/user/.m2/repository/org/apache/hadoop/hadoop-hdds-container-service/0.4.1-SNAPSHOT/hadoop-hdds-container-service-0.4.1-SNAPSHOT.jar!/webapps/static,AVAILABLE}
2019-08-23 03:31:11,996 INFO  handler.ContextHandler (ContextHandler.java:doStart(781)) - Started o.e.j.w.WebAppContext@3e2ee637{/,file:///tmp/jetty-0.0.0.0-40214-hddsDatanode-_-any-7984769355101539737.dir/webapp/,AVAILABLE}{/hddsDatanode}
2019-08-23 03:31:11,996 INFO  server.AbstractConnector (AbstractConnector.java:doStart(278)) - Started ServerConnector@62d818c6{HTTP/1.1,[http/1.1]}{0.0.0.0:40214}
2019-08-23 03:31:11,998 INFO  server.Server (Server.java:doStart(419)) - Started @234507ms
2019-08-23 03:31:11,998 INFO  server.BaseHttpServer (BaseHttpServer.java:updateConnectorAddress(207)) - HTTP server of HDDSDATANODE is listening at http://0.0.0.0:40214
2019-08-23 03:31:12,110 | INFO  | ObjectStoreRestHttpServer | Listening HDDS REST traffic on /0.0.0.0:38437 |  
2019-08-23 03:31:12,111 INFO  ozone.HddsDatanodeService (HddsDatanodeService.java:startPlugins(395)) - Started plug-in org.apache.hadoop.ozone.web.OzoneHddsDatanodeService@1c294a17
2019-08-23 03:31:12,111 INFO  impl.MetricsSystemImpl (MetricsSystemImpl.java:init(158)) - HddsDatanode metrics system started (again)
2019-08-23 03:31:12,113 INFO  util.JvmPauseMonitor (JvmPauseMonitor.java:run(188)) - Starting JVM pause monitor
2019-08-23 03:31:12,114 INFO  ozone.HddsDatanodeService (HddsDatanodeService.java:start(184)) - HddsDatanodeService host:byscane-nightly-xckjd-3238445761 ip:192.168.5.160
2019-08-23 03:31:12,115 INFO  datanode.InitDatanodeState (InitDatanodeState.java:persistContainerDatanodeDetails(140)) - DatanodeDetails is persisted to /workdir/hadoop-ozone/integration-test/target/test-dir/MiniOzoneClusterImpl-f17d844e-d9bf-4644-9288-fdb166d42e2d/datanode-1/meta/datanode.id
2019-08-23 03:31:12,122 INFO  volume.HddsVolume (HddsVolume.java:<init>(176)) - Creating Volume: /workdir/hadoop-ozone/integration-test/target/test-dir/MiniOzoneClusterImpl-f17d844e-d9bf-4644-9288-fdb166d42e2d/datanode-2/data/containers/hdds of  storage type : DISK and capacity : 1482555576320
2019-08-23 03:31:12,122 INFO  volume.VolumeSet (VolumeSet.java:initializeVolumeSet(170)) - Added Volume : /workdir/hadoop-ozone/integration-test/target/test-dir/MiniOzoneClusterImpl-f17d844e-d9bf-4644-9288-fdb166d42e2d/datanode-2/data/containers/hdds to VolumeSet
2019-08-23 03:31:12,123 INFO  volume.ThrottledAsyncChecker (ThrottledAsyncChecker.java:schedule(140)) - Scheduling a check for org.apache.hadoop.ozone.container.common.volume.HddsVolume@77d0a492
2019-08-23 03:31:12,123 INFO  volume.HddsVolumeChecker (HddsVolumeChecker.java:checkAllVolumes(203)) - Scheduled health check for volume org.apache.hadoop.ozone.container.common.volume.HddsVolume@77d0a492
2019-08-23 03:31:12,135 INFO  impl.RaftServerProxy (ConfUtils.java:logGet(43)) - raft.rpc.type = GRPC (default)
2019-08-23 03:31:12,136 INFO  grpc.GrpcFactory (GrpcFactory.java:checkPooledByteBufAllocatorUseCacheForAllThreads(45)) - PERFORMANCE WARNING: useCacheForAllThreads is true that may cause Netty to create a lot garbage objects and, as a result, trigger GC.
	It is recommended to disable useCacheForAllThreads by setting -Dorg.apache.ratis.thirdparty.io.netty.allocator.useCacheForAllThreads=false in command line.
2019-08-23 03:31:12,136 INFO  grpc.GrpcConfigKeys$Server (ConfUtils.java:logGet(43)) - raft.grpc.server.port = 0 (default)
2019-08-23 03:31:12,136 INFO  server.GrpcService (ConfUtils.java:logGet(43)) - raft.grpc.message.size.max = 33570816 (custom)
2019-08-23 03:31:12,136 INFO  server.RaftServerConfigKeys (ConfUtils.java:logGet(43)) - raft.server.log.appender.buffer.byte-limit = 33554432 (custom)
2019-08-23 03:31:12,136 INFO  server.GrpcService (ConfUtils.java:logGet(43)) - raft.grpc.flow.control.window = 1MB (=1048576) (default)
2019-08-23 03:31:12,137 INFO  server.RaftServerConfigKeys (ConfUtils.java:logGet(43)) - raft.server.rpc.request.timeout = 3000ms (default)
2019-08-23 03:31:12,137 INFO  server.RaftServerConfigKeys (ConfUtils.java:logGet(43)) - raft.server.storage.dir = [/workdir/hadoop-ozone/integration-test/target/test-dir/MiniOzoneClusterImpl-f17d844e-d9bf-4644-9288-fdb166d42e2d/datanode-2/data/ratis] (custom)
2019-08-23 03:31:12,137 INFO  replication.SimpleContainerDownloader (SimpleContainerDownloader.java:<init>(72)) - Starting container downloader service to copy containers to replicate.
2019-08-23 03:31:12,138 INFO  hdfs.DFSUtil (DFSUtil.java:httpServerTemplateForNNAndJN(1641)) - Starting Web-server for hddsDatanode at: http://0.0.0.0:0
2019-08-23 03:31:12,139 INFO  server.AuthenticationFilter (AuthenticationFilter.java:constructSecretProvider(240)) - Unable to initialize FileSignerSecretProvider, falling back to use random secrets.
2019-08-23 03:31:12,140 WARN  http.HttpRequestLog (HttpRequestLog.java:getRequestLog(97)) - Jetty request log can only be enabled using Log4j
2019-08-23 03:31:12,141 INFO  http.HttpServer2 (HttpServer2.java:addGlobalFilter(975)) - Added global filter 'safety' (class=org.apache.hadoop.http.HttpServer2$QuotingInputFilter)
2019-08-23 03:31:12,141 INFO  http.HttpServer2 (HttpServer2.java:addFilter(948)) - Added filter static_user_filter (class=org.apache.hadoop.http.lib.StaticUserWebFilter$StaticUserFilter) to context hddsDatanode
2019-08-23 03:31:12,142 INFO  http.HttpServer2 (HttpServer2.java:addFilter(958)) - Added filter static_user_filter (class=org.apache.hadoop.http.lib.StaticUserWebFilter$StaticUserFilter) to context static
2019-08-23 03:31:12,142 INFO  http.HttpServer2 (HttpServer2.java:addFilter(958)) - Added filter static_user_filter (class=org.apache.hadoop.http.lib.StaticUserWebFilter$StaticUserFilter) to context logs
2019-08-23 03:31:12,142 INFO  http.HttpServer2 (HttpServer2.java:bindListener(1191)) - Jetty bound to port 33123
2019-08-23 03:31:12,143 INFO  server.Server (Server.java:doStart(351)) - jetty-9.3.24.v20180605, build timestamp: 2018-06-05T17:11:56Z, git hash: 84205aa28f11a4f31f2a3b86d1bba2cc8ab69827
2019-08-23 03:31:12,144 INFO  handler.ContextHandler (ContextHandler.java:doStart(781)) - Started o.e.j.s.ServletContextHandler@4407f129{/logs,file:///workdir/hadoop-ozone/integration-test/target/log,AVAILABLE}
2019-08-23 03:31:12,145 INFO  handler.ContextHandler (ContextHandler.java:doStart(781)) - Started o.e.j.s.ServletContextHandler@76fdd5f1{/static,jar:file:/home/user/.m2/repository/org/apache/hadoop/hadoop-hdds-container-service/0.4.1-SNAPSHOT/hadoop-hdds-container-service-0.4.1-SNAPSHOT.jar!/webapps/static,AVAILABLE}
2019-08-23 03:31:12,172 INFO  handler.ContextHandler (ContextHandler.java:doStart(781)) - Started o.e.j.w.WebAppContext@63e0c744{/,file:///tmp/jetty-0.0.0.0-33123-hddsDatanode-_-any-7550032326744742951.dir/webapp/,AVAILABLE}{/hddsDatanode}
2019-08-23 03:31:12,172 INFO  server.AbstractConnector (AbstractConnector.java:doStart(278)) - Started ServerConnector@445d4517{HTTP/1.1,[http/1.1]}{0.0.0.0:33123}
2019-08-23 03:31:12,174 INFO  server.Server (Server.java:doStart(419)) - Started @234683ms
2019-08-23 03:31:12,174 INFO  server.BaseHttpServer (BaseHttpServer.java:updateConnectorAddress(207)) - HTTP server of HDDSDATANODE is listening at http://0.0.0.0:33123
2019-08-23 03:31:12,282 | INFO  | ObjectStoreRestHttpServer | Listening HDDS REST traffic on /0.0.0.0:37098 |  
2019-08-23 03:31:12,282 INFO  ozone.HddsDatanodeService (HddsDatanodeService.java:startPlugins(395)) - Started plug-in org.apache.hadoop.ozone.web.OzoneHddsDatanodeService@4a9b4d4e
2019-08-23 03:31:12,283 INFO  impl.MetricsSystemImpl (MetricsSystemImpl.java:init(158)) - HddsDatanode metrics system started (again)
2019-08-23 03:31:12,287 INFO  util.JvmPauseMonitor (JvmPauseMonitor.java:run(188)) - Starting JVM pause monitor
2019-08-23 03:31:12,287 INFO  ozone.HddsDatanodeService (HddsDatanodeService.java:start(184)) - HddsDatanodeService host:byscane-nightly-xckjd-3238445761 ip:192.168.5.160
2019-08-23 03:31:12,288 INFO  datanode.InitDatanodeState (InitDatanodeState.java:persistContainerDatanodeDetails(140)) - DatanodeDetails is persisted to /workdir/hadoop-ozone/integration-test/target/test-dir/MiniOzoneClusterImpl-f17d844e-d9bf-4644-9288-fdb166d42e2d/datanode-2/meta/datanode.id
2019-08-23 03:31:12,297 INFO  volume.HddsVolume (HddsVolume.java:<init>(176)) - Creating Volume: /workdir/hadoop-ozone/integration-test/target/test-dir/MiniOzoneClusterImpl-f17d844e-d9bf-4644-9288-fdb166d42e2d/datanode-3/data/containers/hdds of  storage type : DISK and capacity : 1482555576320
2019-08-23 03:31:12,297 INFO  volume.VolumeSet (VolumeSet.java:initializeVolumeSet(170)) - Added Volume : /workdir/hadoop-ozone/integration-test/target/test-dir/MiniOzoneClusterImpl-f17d844e-d9bf-4644-9288-fdb166d42e2d/datanode-3/data/containers/hdds to VolumeSet
2019-08-23 03:31:12,297 INFO  volume.ThrottledAsyncChecker (ThrottledAsyncChecker.java:schedule(140)) - Scheduling a check for org.apache.hadoop.ozone.container.common.volume.HddsVolume@3eb6d7a9
2019-08-23 03:31:12,298 INFO  volume.HddsVolumeChecker (HddsVolumeChecker.java:checkAllVolumes(203)) - Scheduled health check for volume org.apache.hadoop.ozone.container.common.volume.HddsVolume@3eb6d7a9
2019-08-23 03:31:12,316 INFO  impl.RaftServerProxy (ConfUtils.java:logGet(43)) - raft.rpc.type = GRPC (default)
2019-08-23 03:31:12,317 INFO  grpc.GrpcFactory (GrpcFactory.java:checkPooledByteBufAllocatorUseCacheForAllThreads(45)) - PERFORMANCE WARNING: useCacheForAllThreads is true that may cause Netty to create a lot garbage objects and, as a result, trigger GC.
	It is recommended to disable useCacheForAllThreads by setting -Dorg.apache.ratis.thirdparty.io.netty.allocator.useCacheForAllThreads=false in command line.
2019-08-23 03:31:12,317 INFO  grpc.GrpcConfigKeys$Server (ConfUtils.java:logGet(43)) - raft.grpc.server.port = 0 (default)
2019-08-23 03:31:12,317 INFO  server.GrpcService (ConfUtils.java:logGet(43)) - raft.grpc.message.size.max = 33570816 (custom)
2019-08-23 03:31:12,317 INFO  server.RaftServerConfigKeys (ConfUtils.java:logGet(43)) - raft.server.log.appender.buffer.byte-limit = 33554432 (custom)
2019-08-23 03:31:12,317 INFO  server.GrpcService (ConfUtils.java:logGet(43)) - raft.grpc.flow.control.window = 1MB (=1048576) (default)
2019-08-23 03:31:12,318 INFO  server.RaftServerConfigKeys (ConfUtils.java:logGet(43)) - raft.server.rpc.request.timeout = 3000ms (default)
2019-08-23 03:31:12,318 INFO  server.RaftServerConfigKeys (ConfUtils.java:logGet(43)) - raft.server.storage.dir = [/workdir/hadoop-ozone/integration-test/target/test-dir/MiniOzoneClusterImpl-f17d844e-d9bf-4644-9288-fdb166d42e2d/datanode-3/data/ratis] (custom)
2019-08-23 03:31:12,318 INFO  replication.SimpleContainerDownloader (SimpleContainerDownloader.java:<init>(72)) - Starting container downloader service to copy containers to replicate.
2019-08-23 03:31:12,319 INFO  hdfs.DFSUtil (DFSUtil.java:httpServerTemplateForNNAndJN(1641)) - Starting Web-server for hddsDatanode at: http://0.0.0.0:0
2019-08-23 03:31:12,321 INFO  server.AuthenticationFilter (AuthenticationFilter.java:constructSecretProvider(240)) - Unable to initialize FileSignerSecretProvider, falling back to use random secrets.
2019-08-23 03:31:12,321 WARN  http.HttpRequestLog (HttpRequestLog.java:getRequestLog(97)) - Jetty request log can only be enabled using Log4j
2019-08-23 03:31:12,322 INFO  http.HttpServer2 (HttpServer2.java:addGlobalFilter(975)) - Added global filter 'safety' (class=org.apache.hadoop.http.HttpServer2$QuotingInputFilter)
2019-08-23 03:31:12,323 INFO  http.HttpServer2 (HttpServer2.java:addFilter(948)) - Added filter static_user_filter (class=org.apache.hadoop.http.lib.StaticUserWebFilter$StaticUserFilter) to context hddsDatanode
2019-08-23 03:31:12,323 INFO  http.HttpServer2 (HttpServer2.java:addFilter(958)) - Added filter static_user_filter (class=org.apache.hadoop.http.lib.StaticUserWebFilter$StaticUserFilter) to context logs
2019-08-23 03:31:12,323 INFO  http.HttpServer2 (HttpServer2.java:addFilter(958)) - Added filter static_user_filter (class=org.apache.hadoop.http.lib.StaticUserWebFilter$StaticUserFilter) to context static
2019-08-23 03:31:12,323 INFO  http.HttpServer2 (HttpServer2.java:bindListener(1191)) - Jetty bound to port 41601
2019-08-23 03:31:12,324 INFO  server.Server (Server.java:doStart(351)) - jetty-9.3.24.v20180605, build timestamp: 2018-06-05T17:11:56Z, git hash: 84205aa28f11a4f31f2a3b86d1bba2cc8ab69827
2019-08-23 03:31:12,325 INFO  handler.ContextHandler (ContextHandler.java:doStart(781)) - Started o.e.j.s.ServletContextHandler@7e113065{/logs,file:///workdir/hadoop-ozone/integration-test/target/log,AVAILABLE}
2019-08-23 03:31:12,325 INFO  handler.ContextHandler (ContextHandler.java:doStart(781)) - Started o.e.j.s.ServletContextHandler@3d41449a{/static,jar:file:/home/user/.m2/repository/org/apache/hadoop/hadoop-hdds-container-service/0.4.1-SNAPSHOT/hadoop-hdds-container-service-0.4.1-SNAPSHOT.jar!/webapps/static,AVAILABLE}
2019-08-23 03:31:12,348 INFO  handler.ContextHandler (ContextHandler.java:doStart(781)) - Started o.e.j.w.WebAppContext@e0faed6{/,file:///tmp/jetty-0.0.0.0-41601-hddsDatanode-_-any-3220880953209241567.dir/webapp/,AVAILABLE}{/hddsDatanode}
2019-08-23 03:31:12,349 INFO  server.AbstractConnector (AbstractConnector.java:doStart(278)) - Started ServerConnector@53ccbc15{HTTP/1.1,[http/1.1]}{0.0.0.0:41601}
2019-08-23 03:31:12,350 INFO  server.Server (Server.java:doStart(419)) - Started @234859ms
2019-08-23 03:31:12,351 INFO  server.BaseHttpServer (BaseHttpServer.java:updateConnectorAddress(207)) - HTTP server of HDDSDATANODE is listening at http://0.0.0.0:41601
2019-08-23 03:31:12,446 | INFO  | ObjectStoreRestHttpServer | Listening HDDS REST traffic on /0.0.0.0:40716 |  
2019-08-23 03:31:12,446 INFO  ozone.HddsDatanodeService (HddsDatanodeService.java:startPlugins(395)) - Started plug-in org.apache.hadoop.ozone.web.OzoneHddsDatanodeService@12d24c43
2019-08-23 03:31:12,446 INFO  impl.MetricsSystemImpl (MetricsSystemImpl.java:init(158)) - HddsDatanode metrics system started (again)
2019-08-23 03:31:12,449 INFO  ozone.HddsDatanodeService (HddsDatanodeService.java:start(184)) - HddsDatanodeService host:byscane-nightly-xckjd-3238445761 ip:192.168.5.160
2019-08-23 03:31:12,449 INFO  util.JvmPauseMonitor (JvmPauseMonitor.java:run(188)) - Starting JVM pause monitor
2019-08-23 03:31:12,450 INFO  datanode.InitDatanodeState (InitDatanodeState.java:persistContainerDatanodeDetails(140)) - DatanodeDetails is persisted to /workdir/hadoop-ozone/integration-test/target/test-dir/MiniOzoneClusterImpl-f17d844e-d9bf-4644-9288-fdb166d42e2d/datanode-3/meta/datanode.id
2019-08-23 03:31:12,458 INFO  volume.HddsVolume (HddsVolume.java:<init>(176)) - Creating Volume: /workdir/hadoop-ozone/integration-test/target/test-dir/MiniOzoneClusterImpl-f17d844e-d9bf-4644-9288-fdb166d42e2d/datanode-4/data/containers/hdds of  storage type : DISK and capacity : 1482555576320
2019-08-23 03:31:12,458 INFO  volume.VolumeSet (VolumeSet.java:initializeVolumeSet(170)) - Added Volume : /workdir/hadoop-ozone/integration-test/target/test-dir/MiniOzoneClusterImpl-f17d844e-d9bf-4644-9288-fdb166d42e2d/datanode-4/data/containers/hdds to VolumeSet
2019-08-23 03:31:12,458 INFO  volume.ThrottledAsyncChecker (ThrottledAsyncChecker.java:schedule(140)) - Scheduling a check for org.apache.hadoop.ozone.container.common.volume.HddsVolume@70c6c6a7
2019-08-23 03:31:12,458 INFO  volume.HddsVolumeChecker (HddsVolumeChecker.java:checkAllVolumes(203)) - Scheduled health check for volume org.apache.hadoop.ozone.container.common.volume.HddsVolume@70c6c6a7
2019-08-23 03:31:12,470 INFO  impl.RaftServerProxy (ConfUtils.java:logGet(43)) - raft.rpc.type = GRPC (default)
2019-08-23 03:31:12,470 INFO  grpc.GrpcFactory (GrpcFactory.java:checkPooledByteBufAllocatorUseCacheForAllThreads(45)) - PERFORMANCE WARNING: useCacheForAllThreads is true that may cause Netty to create a lot garbage objects and, as a result, trigger GC.
	It is recommended to disable useCacheForAllThreads by setting -Dorg.apache.ratis.thirdparty.io.netty.allocator.useCacheForAllThreads=false in command line.
2019-08-23 03:31:12,470 INFO  grpc.GrpcConfigKeys$Server (ConfUtils.java:logGet(43)) - raft.grpc.server.port = 0 (default)
2019-08-23 03:31:12,470 INFO  server.GrpcService (ConfUtils.java:logGet(43)) - raft.grpc.message.size.max = 33570816 (custom)
2019-08-23 03:31:12,470 INFO  server.RaftServerConfigKeys (ConfUtils.java:logGet(43)) - raft.server.log.appender.buffer.byte-limit = 33554432 (custom)
2019-08-23 03:31:12,470 INFO  server.GrpcService (ConfUtils.java:logGet(43)) - raft.grpc.flow.control.window = 1MB (=1048576) (default)
2019-08-23 03:31:12,471 INFO  server.RaftServerConfigKeys (ConfUtils.java:logGet(43)) - raft.server.rpc.request.timeout = 3000ms (default)
2019-08-23 03:31:12,471 INFO  server.RaftServerConfigKeys (ConfUtils.java:logGet(43)) - raft.server.storage.dir = [/workdir/hadoop-ozone/integration-test/target/test-dir/MiniOzoneClusterImpl-f17d844e-d9bf-4644-9288-fdb166d42e2d/datanode-4/data/ratis] (custom)
2019-08-23 03:31:12,471 INFO  replication.SimpleContainerDownloader (SimpleContainerDownloader.java:<init>(72)) - Starting container downloader service to copy containers to replicate.
2019-08-23 03:31:12,472 INFO  hdfs.DFSUtil (DFSUtil.java:httpServerTemplateForNNAndJN(1641)) - Starting Web-server for hddsDatanode at: http://0.0.0.0:0
2019-08-23 03:31:12,473 INFO  server.AuthenticationFilter (AuthenticationFilter.java:constructSecretProvider(240)) - Unable to initialize FileSignerSecretProvider, falling back to use random secrets.
2019-08-23 03:31:12,473 WARN  http.HttpRequestLog (HttpRequestLog.java:getRequestLog(97)) - Jetty request log can only be enabled using Log4j
2019-08-23 03:31:12,474 INFO  http.HttpServer2 (HttpServer2.java:addGlobalFilter(975)) - Added global filter 'safety' (class=org.apache.hadoop.http.HttpServer2$QuotingInputFilter)
2019-08-23 03:31:12,475 INFO  http.HttpServer2 (HttpServer2.java:addFilter(948)) - Added filter static_user_filter (class=org.apache.hadoop.http.lib.StaticUserWebFilter$StaticUserFilter) to context hddsDatanode
2019-08-23 03:31:12,475 INFO  http.HttpServer2 (HttpServer2.java:addFilter(958)) - Added filter static_user_filter (class=org.apache.hadoop.http.lib.StaticUserWebFilter$StaticUserFilter) to context logs
2019-08-23 03:31:12,475 INFO  http.HttpServer2 (HttpServer2.java:addFilter(958)) - Added filter static_user_filter (class=org.apache.hadoop.http.lib.StaticUserWebFilter$StaticUserFilter) to context static
2019-08-23 03:31:12,476 INFO  http.HttpServer2 (HttpServer2.java:bindListener(1191)) - Jetty bound to port 45595
2019-08-23 03:31:12,476 INFO  server.Server (Server.java:doStart(351)) - jetty-9.3.24.v20180605, build timestamp: 2018-06-05T17:11:56Z, git hash: 84205aa28f11a4f31f2a3b86d1bba2cc8ab69827
2019-08-23 03:31:12,477 INFO  handler.ContextHandler (ContextHandler.java:doStart(781)) - Started o.e.j.s.ServletContextHandler@1e470a51{/logs,file:///workdir/hadoop-ozone/integration-test/target/log,AVAILABLE}
2019-08-23 03:31:12,478 INFO  handler.ContextHandler (ContextHandler.java:doStart(781)) - Started o.e.j.s.ServletContextHandler@5b784f16{/static,jar:file:/home/user/.m2/repository/org/apache/hadoop/hadoop-hdds-container-service/0.4.1-SNAPSHOT/hadoop-hdds-container-service-0.4.1-SNAPSHOT.jar!/webapps/static,AVAILABLE}
2019-08-23 03:31:12,502 INFO  handler.ContextHandler (ContextHandler.java:doStart(781)) - Started o.e.j.w.WebAppContext@268ee31d{/,file:///tmp/jetty-0.0.0.0-45595-hddsDatanode-_-any-7016083093875115406.dir/webapp/,AVAILABLE}{/hddsDatanode}
2019-08-23 03:31:12,502 INFO  server.AbstractConnector (AbstractConnector.java:doStart(278)) - Started ServerConnector@7bb50747{HTTP/1.1,[http/1.1]}{0.0.0.0:45595}
2019-08-23 03:31:12,503 INFO  server.Server (Server.java:doStart(419)) - Started @235013ms
2019-08-23 03:31:12,504 INFO  server.BaseHttpServer (BaseHttpServer.java:updateConnectorAddress(207)) - HTTP server of HDDSDATANODE is listening at http://0.0.0.0:45595
2019-08-23 03:31:12,601 | INFO  | ObjectStoreRestHttpServer | Listening HDDS REST traffic on /0.0.0.0:44770 |  
2019-08-23 03:31:12,601 INFO  ozone.HddsDatanodeService (HddsDatanodeService.java:startPlugins(395)) - Started plug-in org.apache.hadoop.ozone.web.OzoneHddsDatanodeService@3fb54673
2019-08-23 03:31:12,601 INFO  impl.MetricsSystemImpl (MetricsSystemImpl.java:init(158)) - HddsDatanode metrics system started (again)
2019-08-23 03:31:12,604 INFO  util.JvmPauseMonitor (JvmPauseMonitor.java:run(188)) - Starting JVM pause monitor
2019-08-23 03:31:12,604 INFO  ozone.HddsDatanodeService (HddsDatanodeService.java:start(184)) - HddsDatanodeService host:byscane-nightly-xckjd-3238445761 ip:192.168.5.160
2019-08-23 03:31:12,605 INFO  datanode.InitDatanodeState (InitDatanodeState.java:persistContainerDatanodeDetails(140)) - DatanodeDetails is persisted to /workdir/hadoop-ozone/integration-test/target/test-dir/MiniOzoneClusterImpl-f17d844e-d9bf-4644-9288-fdb166d42e2d/datanode-4/meta/datanode.id
2019-08-23 03:31:12,612 INFO  volume.HddsVolume (HddsVolume.java:<init>(176)) - Creating Volume: /workdir/hadoop-ozone/integration-test/target/test-dir/MiniOzoneClusterImpl-f17d844e-d9bf-4644-9288-fdb166d42e2d/datanode-5/data/containers/hdds of  storage type : DISK and capacity : 1482555576320
2019-08-23 03:31:12,612 INFO  volume.VolumeSet (VolumeSet.java:initializeVolumeSet(170)) - Added Volume : /workdir/hadoop-ozone/integration-test/target/test-dir/MiniOzoneClusterImpl-f17d844e-d9bf-4644-9288-fdb166d42e2d/datanode-5/data/containers/hdds to VolumeSet
2019-08-23 03:31:12,612 INFO  volume.ThrottledAsyncChecker (ThrottledAsyncChecker.java:schedule(140)) - Scheduling a check for org.apache.hadoop.ozone.container.common.volume.HddsVolume@25af2afe
2019-08-23 03:31:12,613 INFO  volume.HddsVolumeChecker (HddsVolumeChecker.java:checkAllVolumes(203)) - Scheduled health check for volume org.apache.hadoop.ozone.container.common.volume.HddsVolume@25af2afe
2019-08-23 03:31:12,630 INFO  impl.RaftServerProxy (ConfUtils.java:logGet(43)) - raft.rpc.type = GRPC (default)
2019-08-23 03:31:12,630 INFO  grpc.GrpcFactory (GrpcFactory.java:checkPooledByteBufAllocatorUseCacheForAllThreads(45)) - PERFORMANCE WARNING: useCacheForAllThreads is true that may cause Netty to create a lot garbage objects and, as a result, trigger GC.
	It is recommended to disable useCacheForAllThreads by setting -Dorg.apache.ratis.thirdparty.io.netty.allocator.useCacheForAllThreads=false in command line.
2019-08-23 03:31:12,630 INFO  grpc.GrpcConfigKeys$Server (ConfUtils.java:logGet(43)) - raft.grpc.server.port = 0 (default)
2019-08-23 03:31:12,630 INFO  server.GrpcService (ConfUtils.java:logGet(43)) - raft.grpc.message.size.max = 33570816 (custom)
2019-08-23 03:31:12,631 INFO  server.RaftServerConfigKeys (ConfUtils.java:logGet(43)) - raft.server.log.appender.buffer.byte-limit = 33554432 (custom)
2019-08-23 03:31:12,631 INFO  server.GrpcService (ConfUtils.java:logGet(43)) - raft.grpc.flow.control.window = 1MB (=1048576) (default)
2019-08-23 03:31:12,631 INFO  server.RaftServerConfigKeys (ConfUtils.java:logGet(43)) - raft.server.rpc.request.timeout = 3000ms (default)
2019-08-23 03:31:12,631 INFO  server.RaftServerConfigKeys (ConfUtils.java:logGet(43)) - raft.server.storage.dir = [/workdir/hadoop-ozone/integration-test/target/test-dir/MiniOzoneClusterImpl-f17d844e-d9bf-4644-9288-fdb166d42e2d/datanode-5/data/ratis] (custom)
2019-08-23 03:31:12,632 INFO  replication.SimpleContainerDownloader (SimpleContainerDownloader.java:<init>(72)) - Starting container downloader service to copy containers to replicate.
2019-08-23 03:31:12,632 INFO  hdfs.DFSUtil (DFSUtil.java:httpServerTemplateForNNAndJN(1641)) - Starting Web-server for hddsDatanode at: http://0.0.0.0:0
2019-08-23 03:31:12,634 INFO  server.AuthenticationFilter (AuthenticationFilter.java:constructSecretProvider(240)) - Unable to initialize FileSignerSecretProvider, falling back to use random secrets.
2019-08-23 03:31:12,634 WARN  http.HttpRequestLog (HttpRequestLog.java:getRequestLog(97)) - Jetty request log can only be enabled using Log4j
2019-08-23 03:31:12,635 INFO  http.HttpServer2 (HttpServer2.java:addGlobalFilter(975)) - Added global filter 'safety' (class=org.apache.hadoop.http.HttpServer2$QuotingInputFilter)
2019-08-23 03:31:12,635 INFO  http.HttpServer2 (HttpServer2.java:addFilter(948)) - Added filter static_user_filter (class=org.apache.hadoop.http.lib.StaticUserWebFilter$StaticUserFilter) to context hddsDatanode
2019-08-23 03:31:12,635 INFO  http.HttpServer2 (HttpServer2.java:addFilter(958)) - Added filter static_user_filter (class=org.apache.hadoop.http.lib.StaticUserWebFilter$StaticUserFilter) to context static
2019-08-23 03:31:12,635 INFO  http.HttpServer2 (HttpServer2.java:addFilter(958)) - Added filter static_user_filter (class=org.apache.hadoop.http.lib.StaticUserWebFilter$StaticUserFilter) to context logs
2019-08-23 03:31:12,636 INFO  http.HttpServer2 (HttpServer2.java:bindListener(1191)) - Jetty bound to port 42382
2019-08-23 03:31:12,636 INFO  server.Server (Server.java:doStart(351)) - jetty-9.3.24.v20180605, build timestamp: 2018-06-05T17:11:56Z, git hash: 84205aa28f11a4f31f2a3b86d1bba2cc8ab69827
2019-08-23 03:31:12,638 INFO  handler.ContextHandler (ContextHandler.java:doStart(781)) - Started o.e.j.s.ServletContextHandler@45cce4c2{/logs,file:///workdir/hadoop-ozone/integration-test/target/log,AVAILABLE}
2019-08-23 03:31:12,638 INFO  handler.ContextHandler (ContextHandler.java:doStart(781)) - Started o.e.j.s.ServletContextHandler@4dfe5727{/static,jar:file:/home/user/.m2/repository/org/apache/hadoop/hadoop-hdds-container-service/0.4.1-SNAPSHOT/hadoop-hdds-container-service-0.4.1-SNAPSHOT.jar!/webapps/static,AVAILABLE}
2019-08-23 03:31:12,664 INFO  handler.ContextHandler (ContextHandler.java:doStart(781)) - Started o.e.j.w.WebAppContext@f1e5f85{/,file:///tmp/jetty-0.0.0.0-42382-hddsDatanode-_-any-9166760196872316967.dir/webapp/,AVAILABLE}{/hddsDatanode}
2019-08-23 03:31:12,664 INFO  server.AbstractConnector (AbstractConnector.java:doStart(278)) - Started ServerConnector@48682f91{HTTP/1.1,[http/1.1]}{0.0.0.0:42382}
2019-08-23 03:31:12,666 INFO  server.Server (Server.java:doStart(419)) - Started @235175ms
2019-08-23 03:31:12,666 INFO  server.BaseHttpServer (BaseHttpServer.java:updateConnectorAddress(207)) - HTTP server of HDDSDATANODE is listening at http://0.0.0.0:42382
2019-08-23 03:31:12,760 | INFO  | ObjectStoreRestHttpServer | Listening HDDS REST traffic on /0.0.0.0:37471 |  
2019-08-23 03:31:12,760 INFO  ozone.HddsDatanodeService (HddsDatanodeService.java:startPlugins(395)) - Started plug-in org.apache.hadoop.ozone.web.OzoneHddsDatanodeService@29f3ea39
2019-08-23 03:31:12,761 INFO  impl.MetricsSystemImpl (MetricsSystemImpl.java:init(158)) - HddsDatanode metrics system started (again)
2019-08-23 03:31:12,764 INFO  ozone.HddsDatanodeService (HddsDatanodeService.java:start(184)) - HddsDatanodeService host:byscane-nightly-xckjd-3238445761 ip:192.168.5.160
2019-08-23 03:31:12,764 INFO  util.JvmPauseMonitor (JvmPauseMonitor.java:run(188)) - Starting JVM pause monitor
2019-08-23 03:31:12,766 INFO  datanode.InitDatanodeState (InitDatanodeState.java:persistContainerDatanodeDetails(140)) - DatanodeDetails is persisted to /workdir/hadoop-ozone/integration-test/target/test-dir/MiniOzoneClusterImpl-f17d844e-d9bf-4644-9288-fdb166d42e2d/datanode-5/meta/datanode.id
2019-08-23 03:31:12,774 INFO  volume.HddsVolume (HddsVolume.java:<init>(176)) - Creating Volume: /workdir/hadoop-ozone/integration-test/target/test-dir/MiniOzoneClusterImpl-f17d844e-d9bf-4644-9288-fdb166d42e2d/datanode-6/data/containers/hdds of  storage type : DISK and capacity : 1482555576320
2019-08-23 03:31:12,774 INFO  volume.VolumeSet (VolumeSet.java:initializeVolumeSet(170)) - Added Volume : /workdir/hadoop-ozone/integration-test/target/test-dir/MiniOzoneClusterImpl-f17d844e-d9bf-4644-9288-fdb166d42e2d/datanode-6/data/containers/hdds to VolumeSet
2019-08-23 03:31:12,774 INFO  volume.ThrottledAsyncChecker (ThrottledAsyncChecker.java:schedule(140)) - Scheduling a check for org.apache.hadoop.ozone.container.common.volume.HddsVolume@59eff566
2019-08-23 03:31:12,775 INFO  volume.HddsVolumeChecker (HddsVolumeChecker.java:checkAllVolumes(203)) - Scheduled health check for volume org.apache.hadoop.ozone.container.common.volume.HddsVolume@59eff566
2019-08-23 03:31:12,789 INFO  impl.RaftServerProxy (ConfUtils.java:logGet(43)) - raft.rpc.type = GRPC (default)
2019-08-23 03:31:12,790 INFO  grpc.GrpcFactory (GrpcFactory.java:checkPooledByteBufAllocatorUseCacheForAllThreads(45)) - PERFORMANCE WARNING: useCacheForAllThreads is true that may cause Netty to create a lot garbage objects and, as a result, trigger GC.
	It is recommended to disable useCacheForAllThreads by setting -Dorg.apache.ratis.thirdparty.io.netty.allocator.useCacheForAllThreads=false in command line.
2019-08-23 03:31:12,790 INFO  grpc.GrpcConfigKeys$Server (ConfUtils.java:logGet(43)) - raft.grpc.server.port = 0 (default)
2019-08-23 03:31:12,790 INFO  server.GrpcService (ConfUtils.java:logGet(43)) - raft.grpc.message.size.max = 33570816 (custom)
2019-08-23 03:31:12,790 INFO  server.RaftServerConfigKeys (ConfUtils.java:logGet(43)) - raft.server.log.appender.buffer.byte-limit = 33554432 (custom)
2019-08-23 03:31:12,790 INFO  server.GrpcService (ConfUtils.java:logGet(43)) - raft.grpc.flow.control.window = 1MB (=1048576) (default)
2019-08-23 03:31:12,790 INFO  server.RaftServerConfigKeys (ConfUtils.java:logGet(43)) - raft.server.rpc.request.timeout = 3000ms (default)
2019-08-23 03:31:12,791 INFO  server.RaftServerConfigKeys (ConfUtils.java:logGet(43)) - raft.server.storage.dir = [/workdir/hadoop-ozone/integration-test/target/test-dir/MiniOzoneClusterImpl-f17d844e-d9bf-4644-9288-fdb166d42e2d/datanode-6/data/ratis] (custom)
2019-08-23 03:31:12,791 INFO  replication.SimpleContainerDownloader (SimpleContainerDownloader.java:<init>(72)) - Starting container downloader service to copy containers to replicate.
2019-08-23 03:31:12,792 INFO  hdfs.DFSUtil (DFSUtil.java:httpServerTemplateForNNAndJN(1641)) - Starting Web-server for hddsDatanode at: http://0.0.0.0:0
2019-08-23 03:31:12,793 INFO  server.AuthenticationFilter (AuthenticationFilter.java:constructSecretProvider(240)) - Unable to initialize FileSignerSecretProvider, falling back to use random secrets.
2019-08-23 03:31:12,794 WARN  http.HttpRequestLog (HttpRequestLog.java:getRequestLog(97)) - Jetty request log can only be enabled using Log4j
2019-08-23 03:31:12,795 INFO  http.HttpServer2 (HttpServer2.java:addGlobalFilter(975)) - Added global filter 'safety' (class=org.apache.hadoop.http.HttpServer2$QuotingInputFilter)
2019-08-23 03:31:12,795 INFO  http.HttpServer2 (HttpServer2.java:addFilter(948)) - Added filter static_user_filter (class=org.apache.hadoop.http.lib.StaticUserWebFilter$StaticUserFilter) to context hddsDatanode
2019-08-23 03:31:12,795 INFO  http.HttpServer2 (HttpServer2.java:addFilter(958)) - Added filter static_user_filter (class=org.apache.hadoop.http.lib.StaticUserWebFilter$StaticUserFilter) to context static
2019-08-23 03:31:12,795 INFO  http.HttpServer2 (HttpServer2.java:addFilter(958)) - Added filter static_user_filter (class=org.apache.hadoop.http.lib.StaticUserWebFilter$StaticUserFilter) to context logs
2019-08-23 03:31:12,796 INFO  http.HttpServer2 (HttpServer2.java:bindListener(1191)) - Jetty bound to port 36705
2019-08-23 03:31:12,796 INFO  server.Server (Server.java:doStart(351)) - jetty-9.3.24.v20180605, build timestamp: 2018-06-05T17:11:56Z, git hash: 84205aa28f11a4f31f2a3b86d1bba2cc8ab69827
2019-08-23 03:31:12,797 INFO  handler.ContextHandler (ContextHandler.java:doStart(781)) - Started o.e.j.s.ServletContextHandler@42c3b02e{/logs,file:///workdir/hadoop-ozone/integration-test/target/log,AVAILABLE}
2019-08-23 03:31:12,798 INFO  handler.ContextHandler (ContextHandler.java:doStart(781)) - Started o.e.j.s.ServletContextHandler@16575bfe{/static,jar:file:/home/user/.m2/repository/org/apache/hadoop/hadoop-hdds-container-service/0.4.1-SNAPSHOT/hadoop-hdds-container-service-0.4.1-SNAPSHOT.jar!/webapps/static,AVAILABLE}
2019-08-23 03:31:12,826 INFO  handler.ContextHandler (ContextHandler.java:doStart(781)) - Started o.e.j.w.WebAppContext@2ce7ec5f{/,file:///tmp/jetty-0.0.0.0-36705-hddsDatanode-_-any-5391969557777028904.dir/webapp/,AVAILABLE}{/hddsDatanode}
2019-08-23 03:31:12,827 INFO  server.AbstractConnector (AbstractConnector.java:doStart(278)) - Started ServerConnector@65bc50c9{HTTP/1.1,[http/1.1]}{0.0.0.0:36705}
2019-08-23 03:31:12,828 INFO  server.Server (Server.java:doStart(419)) - Started @235338ms
2019-08-23 03:31:12,829 INFO  server.BaseHttpServer (BaseHttpServer.java:updateConnectorAddress(207)) - HTTP server of HDDSDATANODE is listening at http://0.0.0.0:36705
2019-08-23 03:31:12,925 | INFO  | ObjectStoreRestHttpServer | Listening HDDS REST traffic on /0.0.0.0:42771 |  
2019-08-23 03:31:12,925 INFO  ozone.HddsDatanodeService (HddsDatanodeService.java:startPlugins(395)) - Started plug-in org.apache.hadoop.ozone.web.OzoneHddsDatanodeService@18d76c14
2019-08-23 03:31:12,926 INFO  ozone.MiniOzoneClusterImpl (MiniOzoneClusterImpl.java:lambda$waitForClusterToBeReady$0(142)) - Waiting for cluster to be ready. Got 0 of 7 DN Heartbeats.
2019-08-23 03:31:12,926 INFO  util.JvmPauseMonitor (JvmPauseMonitor.java:run(188)) - Starting JVM pause monitor
2019-08-23 03:31:12,927 INFO  datanode.InitDatanodeState (InitDatanodeState.java:persistContainerDatanodeDetails(140)) - DatanodeDetails is persisted to /workdir/hadoop-ozone/integration-test/target/test-dir/MiniOzoneClusterImpl-f17d844e-d9bf-4644-9288-fdb166d42e2d/datanode-6/meta/datanode.id
2019-08-23 03:31:13,926 INFO  ozone.MiniOzoneClusterImpl (MiniOzoneClusterImpl.java:lambda$waitForClusterToBeReady$0(142)) - Waiting for cluster to be ready. Got 0 of 7 DN Heartbeats.
2019-08-23 03:31:13,940 | INFO  | SCMAudit | user=jenkins1000 | ip=192.168.5.160 | op=GET_VERSION null | ret=SUCCESS |  
2019-08-23 03:31:13,956 INFO  ozoneimpl.OzoneContainer (OzoneContainer.java:start(186)) - Attempting to start container services.
2019-08-23 03:31:13,957 INFO  ozoneimpl.OzoneContainer (OzoneContainer.java:startContainerScrub(160)) - Background container scrubber has been disabled by hdds.containerscrub.enabled
2019-08-23 03:31:13,957 INFO  ratis.XceiverServerRatis (XceiverServerRatis.java:start(404)) - Starting XceiverServerRatis bea96a90-0db2-4747-a28f-eaa57707396b at port 0
2019-08-23 03:31:13,962 INFO  impl.RaftServerProxy (RaftServerProxy.java:lambda$start$3(299)) - bea96a90-0db2-4747-a28f-eaa57707396b: start RPC server
2019-08-23 03:31:13,964 INFO  server.GrpcService (GrpcService.java:startImpl(149)) - bea96a90-0db2-4747-a28f-eaa57707396b: GrpcService started, listening on 0.0.0.0/0.0.0.0:37439
2019-08-23 03:31:13,964 INFO  ratis.XceiverServerRatis (XceiverServerRatis.java:start(414)) - XceiverServerRatis bea96a90-0db2-4747-a28f-eaa57707396b is started using port 37439
2019-08-23 03:31:13,964 INFO  server.XceiverServerGrpc (XceiverServerGrpc.java:start(161)) - XceiverServerGrpc bea96a90-0db2-4747-a28f-eaa57707396b is started using port 35512
2019-08-23 03:31:14,114 | INFO  | SCMAudit | user=jenkins1000 | ip=192.168.5.160 | op=GET_VERSION null | ret=SUCCESS |  
2019-08-23 03:31:14,129 INFO  ozoneimpl.OzoneContainer (OzoneContainer.java:start(186)) - Attempting to start container services.
2019-08-23 03:31:14,129 INFO  ozoneimpl.OzoneContainer (OzoneContainer.java:startContainerScrub(160)) - Background container scrubber has been disabled by hdds.containerscrub.enabled
2019-08-23 03:31:14,129 INFO  ratis.XceiverServerRatis (XceiverServerRatis.java:start(404)) - Starting XceiverServerRatis 76f4e9bb-2fb7-464e-a23e-7e34bc63789f at port 0
2019-08-23 03:31:14,136 INFO  impl.RaftServerProxy (RaftServerProxy.java:lambda$start$3(299)) - 76f4e9bb-2fb7-464e-a23e-7e34bc63789f: start RPC server
2019-08-23 03:31:14,137 INFO  server.GrpcService (GrpcService.java:startImpl(149)) - 76f4e9bb-2fb7-464e-a23e-7e34bc63789f: GrpcService started, listening on 0.0.0.0/0.0.0.0:42935
2019-08-23 03:31:14,137 INFO  ratis.XceiverServerRatis (XceiverServerRatis.java:start(414)) - XceiverServerRatis 76f4e9bb-2fb7-464e-a23e-7e34bc63789f is started using port 42935
2019-08-23 03:31:14,139 INFO  server.XceiverServerGrpc (XceiverServerGrpc.java:start(161)) - XceiverServerGrpc 76f4e9bb-2fb7-464e-a23e-7e34bc63789f is started using port 44010
2019-08-23 03:31:14,287 | INFO  | SCMAudit | user=jenkins1000 | ip=192.168.5.160 | op=GET_VERSION null | ret=SUCCESS |  
2019-08-23 03:31:14,301 INFO  ozoneimpl.OzoneContainer (OzoneContainer.java:start(186)) - Attempting to start container services.
2019-08-23 03:31:14,301 INFO  ozoneimpl.OzoneContainer (OzoneContainer.java:startContainerScrub(160)) - Background container scrubber has been disabled by hdds.containerscrub.enabled
2019-08-23 03:31:14,301 INFO  ratis.XceiverServerRatis (XceiverServerRatis.java:start(404)) - Starting XceiverServerRatis 582595a4-0981-4351-886a-2167b9138150 at port 0
2019-08-23 03:31:14,309 INFO  impl.RaftServerProxy (RaftServerProxy.java:lambda$start$3(299)) - 582595a4-0981-4351-886a-2167b9138150: start RPC server
2019-08-23 03:31:14,310 INFO  server.GrpcService (GrpcService.java:startImpl(149)) - 582595a4-0981-4351-886a-2167b9138150: GrpcService started, listening on 0.0.0.0/0.0.0.0:39558
2019-08-23 03:31:14,311 INFO  ratis.XceiverServerRatis (XceiverServerRatis.java:start(414)) - XceiverServerRatis 582595a4-0981-4351-886a-2167b9138150 is started using port 39558
2019-08-23 03:31:14,311 INFO  server.XceiverServerGrpc (XceiverServerGrpc.java:start(161)) - XceiverServerGrpc 582595a4-0981-4351-886a-2167b9138150 is started using port 45479
2019-08-23 03:31:14,451 | INFO  | SCMAudit | user=jenkins1000 | ip=192.168.5.160 | op=GET_VERSION null | ret=SUCCESS |  
2019-08-23 03:31:14,464 INFO  ozoneimpl.OzoneContainer (OzoneContainer.java:start(186)) - Attempting to start container services.
2019-08-23 03:31:14,464 INFO  ozoneimpl.OzoneContainer (OzoneContainer.java:startContainerScrub(160)) - Background container scrubber has been disabled by hdds.containerscrub.enabled
2019-08-23 03:31:14,465 INFO  ratis.XceiverServerRatis (XceiverServerRatis.java:start(404)) - Starting XceiverServerRatis f25f2f12-09c4-49be-854e-f9e4c23216e7 at port 0
2019-08-23 03:31:14,473 INFO  impl.RaftServerProxy (RaftServerProxy.java:lambda$start$3(299)) - f25f2f12-09c4-49be-854e-f9e4c23216e7: start RPC server
2019-08-23 03:31:14,474 INFO  server.GrpcService (GrpcService.java:startImpl(149)) - f25f2f12-09c4-49be-854e-f9e4c23216e7: GrpcService started, listening on 0.0.0.0/0.0.0.0:39419
2019-08-23 03:31:14,474 INFO  ratis.XceiverServerRatis (XceiverServerRatis.java:start(414)) - XceiverServerRatis f25f2f12-09c4-49be-854e-f9e4c23216e7 is started using port 39419
2019-08-23 03:31:14,475 INFO  server.XceiverServerGrpc (XceiverServerGrpc.java:start(161)) - XceiverServerGrpc f25f2f12-09c4-49be-854e-f9e4c23216e7 is started using port 39448
2019-08-23 03:31:14,605 | INFO  | SCMAudit | user=jenkins1000 | ip=192.168.5.160 | op=GET_VERSION null | ret=SUCCESS |  
2019-08-23 03:31:14,619 INFO  ozoneimpl.OzoneContainer (OzoneContainer.java:start(186)) - Attempting to start container services.
2019-08-23 03:31:14,619 INFO  ozoneimpl.OzoneContainer (OzoneContainer.java:startContainerScrub(160)) - Background container scrubber has been disabled by hdds.containerscrub.enabled
2019-08-23 03:31:14,620 INFO  ratis.XceiverServerRatis (XceiverServerRatis.java:start(404)) - Starting XceiverServerRatis 3a8a9041-8520-4dc4-9e8b-2f4266e7e881 at port 0
2019-08-23 03:31:14,630 INFO  impl.RaftServerProxy (RaftServerProxy.java:lambda$start$3(299)) - 3a8a9041-8520-4dc4-9e8b-2f4266e7e881: start RPC server
2019-08-23 03:31:14,631 INFO  server.GrpcService (GrpcService.java:startImpl(149)) - 3a8a9041-8520-4dc4-9e8b-2f4266e7e881: GrpcService started, listening on 0.0.0.0/0.0.0.0:32857
2019-08-23 03:31:14,631 INFO  ratis.XceiverServerRatis (XceiverServerRatis.java:start(414)) - XceiverServerRatis 3a8a9041-8520-4dc4-9e8b-2f4266e7e881 is started using port 32857
2019-08-23 03:31:14,632 INFO  server.XceiverServerGrpc (XceiverServerGrpc.java:start(161)) - XceiverServerGrpc 3a8a9041-8520-4dc4-9e8b-2f4266e7e881 is started using port 40009
2019-08-23 03:31:14,765 | INFO  | SCMAudit | user=jenkins1000 | ip=192.168.5.160 | op=GET_VERSION null | ret=SUCCESS |  
2019-08-23 03:31:14,778 INFO  ozoneimpl.OzoneContainer (OzoneContainer.java:start(186)) - Attempting to start container services.
2019-08-23 03:31:14,778 INFO  ozoneimpl.OzoneContainer (OzoneContainer.java:startContainerScrub(160)) - Background container scrubber has been disabled by hdds.containerscrub.enabled
2019-08-23 03:31:14,778 INFO  ratis.XceiverServerRatis (XceiverServerRatis.java:start(404)) - Starting XceiverServerRatis 7b667a59-4125-4545-8251-4eff5c4dfadd at port 0
2019-08-23 03:31:14,788 INFO  impl.RaftServerProxy (RaftServerProxy.java:lambda$start$3(299)) - 7b667a59-4125-4545-8251-4eff5c4dfadd: start RPC server
2019-08-23 03:31:14,792 INFO  server.GrpcService (GrpcService.java:startImpl(149)) - 7b667a59-4125-4545-8251-4eff5c4dfadd: GrpcService started, listening on 0.0.0.0/0.0.0.0:43552
2019-08-23 03:31:14,792 INFO  ratis.XceiverServerRatis (XceiverServerRatis.java:start(414)) - XceiverServerRatis 7b667a59-4125-4545-8251-4eff5c4dfadd is started using port 43552
2019-08-23 03:31:14,792 INFO  server.XceiverServerGrpc (XceiverServerGrpc.java:start(161)) - XceiverServerGrpc 7b667a59-4125-4545-8251-4eff5c4dfadd is started using port 34868
2019-08-23 03:31:14,926 INFO  ozone.MiniOzoneClusterImpl (MiniOzoneClusterImpl.java:lambda$waitForClusterToBeReady$0(142)) - Waiting for cluster to be ready. Got 0 of 7 DN Heartbeats.
2019-08-23 03:31:14,928 | INFO  | SCMAudit | user=jenkins1000 | ip=192.168.5.160 | op=GET_VERSION null | ret=SUCCESS |  
2019-08-23 03:31:14,943 INFO  ozoneimpl.OzoneContainer (OzoneContainer.java:start(186)) - Attempting to start container services.
2019-08-23 03:31:14,943 INFO  ozoneimpl.OzoneContainer (OzoneContainer.java:startContainerScrub(160)) - Background container scrubber has been disabled by hdds.containerscrub.enabled
2019-08-23 03:31:14,943 INFO  ratis.XceiverServerRatis (XceiverServerRatis.java:start(404)) - Starting XceiverServerRatis 4ce2b0e7-d44f-4a72-b0eb-b384d67d6288 at port 0
2019-08-23 03:31:14,952 INFO  impl.RaftServerProxy (RaftServerProxy.java:lambda$start$3(299)) - 4ce2b0e7-d44f-4a72-b0eb-b384d67d6288: start RPC server
2019-08-23 03:31:14,953 INFO  server.GrpcService (GrpcService.java:startImpl(149)) - 4ce2b0e7-d44f-4a72-b0eb-b384d67d6288: GrpcService started, listening on 0.0.0.0/0.0.0.0:45522
2019-08-23 03:31:14,953 INFO  ratis.XceiverServerRatis (XceiverServerRatis.java:start(414)) - XceiverServerRatis 4ce2b0e7-d44f-4a72-b0eb-b384d67d6288 is started using port 45522
2019-08-23 03:31:14,957 INFO  server.XceiverServerGrpc (XceiverServerGrpc.java:start(161)) - XceiverServerGrpc 4ce2b0e7-d44f-4a72-b0eb-b384d67d6288 is started using port 38570
2019-08-23 03:31:15,927 INFO  ozone.MiniOzoneClusterImpl (MiniOzoneClusterImpl.java:lambda$waitForClusterToBeReady$0(142)) - Waiting for cluster to be ready. Got 0 of 7 DN Heartbeats.
2019-08-23 03:31:15,940 INFO  net.NetworkTopology (NetworkTopologyImpl.java:add(110)) - Added a new node: /default-rack/bea96a90-0db2-4747-a28f-eaa57707396b
2019-08-23 03:31:15,942 INFO  node.SCMNodeManager (SCMNodeManager.java:register(273)) - Registered Data node : bea96a90-0db2-4747-a28f-eaa57707396b{ip: 192.168.5.160, host: byscane-nightly-xckjd-3238445761, networkLocation: /default-rack, certSerialId: null}
2019-08-23 03:31:15,944 | INFO  | SCMAudit | user=jenkins1000 | ip=192.168.5.160 | op=REGISTER {datanodeDetails=bea96a90-0db2-4747-a28f-eaa57707396b{ip: 192.168.5.160, host: byscane-nightly-xckjd-3238445761, networkLocation: /default-rack, certSerialId: null}} | ret=SUCCESS |  
2019-08-23 03:31:15,944 INFO  safemode.SCMSafeModeManager (DataNodeSafeModeRule.java:process(71)) - SCM in safe mode. 1 DataNodes registered, 1 required.
2019-08-23 03:31:15,946 INFO  safemode.SCMSafeModeManager (SCMSafeModeManager.java:validateSafeModeExitRules(177)) - ScmSafeModeManager, all rules are successfully validated
2019-08-23 03:31:15,946 INFO  safemode.SCMSafeModeManager (SCMSafeModeManager.java:exitSafeMode(193)) - SCM exiting safe mode.
2019-08-23 03:31:15,963 INFO  impl.RaftServerProxy (RaftServerProxy.java:addNew(89)) - bea96a90-0db2-4747-a28f-eaa57707396b: addNew group-A7F4CB0EC157:[bea96a90-0db2-4747-a28f-eaa57707396b:192.168.5.160:37439] returns group-A7F4CB0EC157:java.util.concurrent.CompletableFuture@3c00adc9[Not completed]
2019-08-23 03:31:15,965 INFO  impl.RaftServerImpl (RaftServerImpl.java:<init>(93)) - bea96a90-0db2-4747-a28f-eaa57707396b: new RaftServerImpl for group-A7F4CB0EC157:[bea96a90-0db2-4747-a28f-eaa57707396b:192.168.5.160:37439] with ContainerStateMachine:uninitialized
2019-08-23 03:31:15,966 INFO  server.RaftServerConfigKeys (ConfUtils.java:logGet(43)) - raft.server.rpc.timeout.min = 5s (custom)
2019-08-23 03:31:15,966 INFO  server.RaftServerConfigKeys (ConfUtils.java:logGet(43)) - raft.server.rpc.timeout.max = 5200ms (custom)
2019-08-23 03:31:15,966 INFO  server.RaftServerConfigKeys (ConfUtils.java:logGet(43)) - raft.server.rpcslowness.timeout = 120s (custom)
2019-08-23 03:31:15,966 INFO  server.RaftServerConfigKeys (ConfUtils.java:logGet(43)) - raft.server.sleep.deviation.threshold = 300 (default)
2019-08-23 03:31:15,966 INFO  server.RaftServerConfigKeys (ConfUtils.java:logGet(43)) - raft.server.log.appender.install.snapshot.enabled = false (custom)
2019-08-23 03:31:15,967 INFO  impl.RaftServerImpl (ServerState.java:<init>(105)) - bea96a90-0db2-4747-a28f-eaa57707396b:group-A7F4CB0EC157 ConfigurationManager, init=-1: [bea96a90-0db2-4747-a28f-eaa57707396b:192.168.5.160:37439], old=null, confs=<EMPTY_MAP>
2019-08-23 03:31:15,967 INFO  server.RaftServerConfigKeys (ConfUtils.java:logGet(43)) - raft.server.storage.dir = [/workdir/hadoop-ozone/integration-test/target/test-dir/MiniOzoneClusterImpl-f17d844e-d9bf-4644-9288-fdb166d42e2d/datanode-0/data/ratis] (custom)
2019-08-23 03:31:15,968 INFO  storage.RaftStorageDirectory (RaftStorageDirectory.java:analyzeStorage(246)) - The storage directory /workdir/hadoop-ozone/integration-test/target/test-dir/MiniOzoneClusterImpl-f17d844e-d9bf-4644-9288-fdb166d42e2d/datanode-0/data/ratis/aee6cec6-aec5-45e6-b0fc-a7f4cb0ec157 does not exist. Creating ...
2019-08-23 03:31:15,981 INFO  storage.RaftStorageDirectory (RaftStorageDirectory.java:tryLock(328)) - Lock on /workdir/hadoop-ozone/integration-test/target/test-dir/MiniOzoneClusterImpl-f17d844e-d9bf-4644-9288-fdb166d42e2d/datanode-0/data/ratis/aee6cec6-aec5-45e6-b0fc-a7f4cb0ec157/in_use.lock acquired by nodename 22237@byscane-nightly-xckjd-3238445761
2019-08-23 03:31:16,002 INFO  storage.RaftStorage (RaftStorage.java:format(72)) - Storage directory /workdir/hadoop-ozone/integration-test/target/test-dir/MiniOzoneClusterImpl-f17d844e-d9bf-4644-9288-fdb166d42e2d/datanode-0/data/ratis/aee6cec6-aec5-45e6-b0fc-a7f4cb0ec157 has been successfully formatted.
2019-08-23 03:31:16,002 INFO  ratis.ContainerStateMachine (ContainerStateMachine.java:loadSnapshot(213)) - group-A7F4CB0EC157: The snapshot info is null. Setting the last applied indexto:(t:0, i:~)
2019-08-23 03:31:16,003 INFO  server.RaftServerConfigKeys (ConfUtils.java:logGet(43)) - raft.server.leader.election.timeout = 120s (custom)
2019-08-23 03:31:16,003 INFO  server.RaftServerConfigKeys (ConfUtils.java:logGet(43)) - raft.server.log.use.memory = false (default)
2019-08-23 03:31:16,003 INFO  server.RaftServerConfigKeys (ConfUtils.java:logGet(43)) - raft.server.log.purge.gap = 1000000000 (custom)
2019-08-23 03:31:16,003 INFO  server.RaftServerConfigKeys (ConfUtils.java:logGet(43)) - raft.server.log.appender.buffer.byte-limit = 33554432 (custom)
2019-08-23 03:31:16,004 INFO  server.RaftServerConfigKeys (ConfUtils.java:logGet(43)) - raft.server.log.segment.size.max = 1048576 (custom)
2019-08-23 03:31:16,004 INFO  server.RaftServerConfigKeys (ConfUtils.java:logGet(43)) - raft.server.log.segment.cache.num.max = 2 (custom)
2019-08-23 03:31:16,004 INFO  segmented.SegmentedRaftLogWorker (SegmentedRaftLogWorker.java:<init>(172)) - new bea96a90-0db2-4747-a28f-eaa57707396b-SegmentedRaftLogWorker:Storage Directory /workdir/hadoop-ozone/integration-test/target/test-dir/MiniOzoneClusterImpl-f17d844e-d9bf-4644-9288-fdb166d42e2d/datanode-0/data/ratis/aee6cec6-aec5-45e6-b0fc-a7f4cb0ec157 for RaftStorage:Storage Directory /workdir/hadoop-ozone/integration-test/target/test-dir/MiniOzoneClusterImpl-f17d844e-d9bf-4644-9288-fdb166d42e2d/datanode-0/data/ratis/aee6cec6-aec5-45e6-b0fc-a7f4cb0ec157
2019-08-23 03:31:16,004 INFO  server.RaftServerConfigKeys (ConfUtils.java:logGet(43)) - raft.server.log.queue.byte-limit = 2147483647 (custom)
2019-08-23 03:31:16,004 INFO  server.RaftServerConfigKeys (ConfUtils.java:logGet(43)) - raft.server.log.queue.element-limit = 1024 (custom)
2019-08-23 03:31:16,005 INFO  server.RaftServerConfigKeys (ConfUtils.java:logGet(43)) - raft.server.log.segment.size.max = 1048576 (custom)
2019-08-23 03:31:16,005 INFO  server.RaftServerConfigKeys (ConfUtils.java:logGet(43)) - raft.server.log.preallocated.size = 16384 (custom)
2019-08-23 03:31:16,005 INFO  server.RaftServerConfigKeys (ConfUtils.java:logGet(43)) - raft.server.log.write.buffer.size = 33554432 (custom)
2019-08-23 03:31:16,006 INFO  server.RaftServerConfigKeys (ConfUtils.java:logGet(43)) - raft.server.log.force.sync.num = 128 (default)
2019-08-23 03:31:16,006 INFO  server.RaftServerConfigKeys (ConfUtils.java:logGet(43)) - raft.server.log.statemachine.data.sync = true (default)
2019-08-23 03:31:16,006 INFO  server.RaftServerConfigKeys (ConfUtils.java:logGet(43)) - raft.server.log.statemachine.data.sync.timeout = 10s (default)
2019-08-23 03:31:16,006 INFO  server.RaftServerConfigKeys (ConfUtils.java:logGet(43)) - raft.server.log.statemachine.data.sync.timeout.retry = -1 (default)
2019-08-23 03:31:16,007 INFO  server.RaftServerConfigKeys (ConfUtils.java:logGet(43)) - raft.server.log.statemachine.data.caching.enabled = true (custom)
2019-08-23 03:31:16,008 INFO  segmented.SegmentedRaftLogWorker (SegmentedRaftLogWorker.java:lambda$new$0(132)) - bea96a90-0db2-4747-a28f-eaa57707396b-SegmentedRaftLogWorker:Storage Directory /workdir/hadoop-ozone/integration-test/target/test-dir/MiniOzoneClusterImpl-f17d844e-d9bf-4644-9288-fdb166d42e2d/datanode-0/data/ratis/aee6cec6-aec5-45e6-b0fc-a7f4cb0ec157: flushIndex: setUnconditionally 0 -> -1
2019-08-23 03:31:16,008 INFO  server.RaftServerConfigKeys (ConfUtils.java:logGet(43)) - raft.server.snapshot.auto.trigger.enabled = true (custom)
2019-08-23 03:31:16,009 INFO  server.RaftServerConfigKeys (ConfUtils.java:logGet(43)) - raft.server.snapshot.auto.trigger.threshold = 10000 (custom)
2019-08-23 03:31:16,009 INFO  server.RaftServerConfigKeys (ConfUtils.java:logGet(43)) - raft.server.retrycache.expirytime = 600000ms (custom)
2019-08-23 03:31:16,009 INFO  impl.RaftServerImpl (RaftServerImpl.java:start(180)) - bea96a90-0db2-4747-a28f-eaa57707396b: start group-A7F4CB0EC157
2019-08-23 03:31:16,010 INFO  impl.RaftServerImpl (RaftServerImpl.java:setRole(171)) - bea96a90-0db2-4747-a28f-eaa57707396b:group-A7F4CB0EC157 changes role from null to FOLLOWER at term 0 for startAsFollower
2019-08-23 03:31:16,010 INFO  impl.RoleInfo (RoleInfo.java:updateAndGet(143)) - bea96a90-0db2-4747-a28f-eaa57707396b: start FollowerState
2019-08-23 03:31:16,011 INFO  util.JmxRegister (JmxRegister.java:tryRegister(44)) - Successfully registered JMX Bean with object name Ratis:service=RaftServer,group=group-A7F4CB0EC157,id=bea96a90-0db2-4747-a28f-eaa57707396b
2019-08-23 03:31:16,014 INFO  pipeline.PipelineStateManager (PipelineStateManager.java:addPipeline(56)) - Created pipeline Pipeline[ Id: aee6cec6-aec5-45e6-b0fc-a7f4cb0ec157, Nodes: bea96a90-0db2-4747-a28f-eaa57707396b{ip: 192.168.5.160, host: byscane-nightly-xckjd-3238445761, networkLocation: /default-rack, certSerialId: null}, Type:RATIS, Factor:ONE, State:OPEN]
2019-08-23 03:31:16,115 INFO  net.NetworkTopology (NetworkTopologyImpl.java:add(110)) - Added a new node: /default-rack/76f4e9bb-2fb7-464e-a23e-7e34bc63789f
2019-08-23 03:31:16,115 INFO  node.SCMNodeManager (SCMNodeManager.java:register(273)) - Registered Data node : 76f4e9bb-2fb7-464e-a23e-7e34bc63789f{ip: 192.168.5.160, host: byscane-nightly-xckjd-3238445761, networkLocation: /default-rack, certSerialId: null}
2019-08-23 03:31:16,116 | INFO  | SCMAudit | user=jenkins1000 | ip=192.168.5.160 | op=REGISTER {datanodeDetails=76f4e9bb-2fb7-464e-a23e-7e34bc63789f{ip: 192.168.5.160, host: byscane-nightly-xckjd-3238445761, networkLocation: /default-rack, certSerialId: null}} | ret=SUCCESS |  
2019-08-23 03:31:16,124 INFO  impl.RaftServerProxy (RaftServerProxy.java:addNew(89)) - 76f4e9bb-2fb7-464e-a23e-7e34bc63789f: addNew group-E2EE0BDE2B17:[76f4e9bb-2fb7-464e-a23e-7e34bc63789f:192.168.5.160:42935] returns group-E2EE0BDE2B17:java.util.concurrent.CompletableFuture@1e53ed22[Not completed]
2019-08-23 03:31:16,125 INFO  impl.RaftServerImpl (RaftServerImpl.java:<init>(93)) - 76f4e9bb-2fb7-464e-a23e-7e34bc63789f: new RaftServerImpl for group-E2EE0BDE2B17:[76f4e9bb-2fb7-464e-a23e-7e34bc63789f:192.168.5.160:42935] with ContainerStateMachine:uninitialized
2019-08-23 03:31:16,126 INFO  server.RaftServerConfigKeys (ConfUtils.java:logGet(43)) - raft.server.rpc.timeout.min = 5s (custom)
2019-08-23 03:31:16,126 INFO  server.RaftServerConfigKeys (ConfUtils.java:logGet(43)) - raft.server.rpc.timeout.max = 5200ms (custom)
2019-08-23 03:31:16,126 INFO  server.RaftServerConfigKeys (ConfUtils.java:logGet(43)) - raft.server.rpcslowness.timeout = 120s (custom)
2019-08-23 03:31:16,126 INFO  server.RaftServerConfigKeys (ConfUtils.java:logGet(43)) - raft.server.sleep.deviation.threshold = 300 (default)
2019-08-23 03:31:16,126 INFO  server.RaftServerConfigKeys (ConfUtils.java:logGet(43)) - raft.server.log.appender.install.snapshot.enabled = false (custom)
2019-08-23 03:31:16,126 INFO  impl.RaftServerImpl (ServerState.java:<init>(105)) - 76f4e9bb-2fb7-464e-a23e-7e34bc63789f:group-E2EE0BDE2B17 ConfigurationManager, init=-1: [76f4e9bb-2fb7-464e-a23e-7e34bc63789f:192.168.5.160:42935], old=null, confs=<EMPTY_MAP>
2019-08-23 03:31:16,127 INFO  server.RaftServerConfigKeys (ConfUtils.java:logGet(43)) - raft.server.storage.dir = [/workdir/hadoop-ozone/integration-test/target/test-dir/MiniOzoneClusterImpl-f17d844e-d9bf-4644-9288-fdb166d42e2d/datanode-1/data/ratis] (custom)
2019-08-23 03:31:16,127 INFO  storage.RaftStorageDirectory (RaftStorageDirectory.java:analyzeStorage(246)) - The storage directory /workdir/hadoop-ozone/integration-test/target/test-dir/MiniOzoneClusterImpl-f17d844e-d9bf-4644-9288-fdb166d42e2d/datanode-1/data/ratis/595b469f-8736-43e0-a5bd-e2ee0bde2b17 does not exist. Creating ...
2019-08-23 03:31:16,140 INFO  storage.RaftStorageDirectory (RaftStorageDirectory.java:tryLock(328)) - Lock on /workdir/hadoop-ozone/integration-test/target/test-dir/MiniOzoneClusterImpl-f17d844e-d9bf-4644-9288-fdb166d42e2d/datanode-1/data/ratis/595b469f-8736-43e0-a5bd-e2ee0bde2b17/in_use.lock acquired by nodename 22237@byscane-nightly-xckjd-3238445761
2019-08-23 03:31:16,154 INFO  storage.RaftStorage (RaftStorage.java:format(72)) - Storage directory /workdir/hadoop-ozone/integration-test/target/test-dir/MiniOzoneClusterImpl-f17d844e-d9bf-4644-9288-fdb166d42e2d/datanode-1/data/ratis/595b469f-8736-43e0-a5bd-e2ee0bde2b17 has been successfully formatted.
2019-08-23 03:31:16,154 INFO  ratis.ContainerStateMachine (ContainerStateMachine.java:loadSnapshot(213)) - group-E2EE0BDE2B17: The snapshot info is null. Setting the last applied indexto:(t:0, i:~)
2019-08-23 03:31:16,154 INFO  server.RaftServerConfigKeys (ConfUtils.java:logGet(43)) - raft.server.leader.election.timeout = 120s (custom)
2019-08-23 03:31:16,154 INFO  server.RaftServerConfigKeys (ConfUtils.java:logGet(43)) - raft.server.log.use.memory = false (default)
2019-08-23 03:31:16,155 INFO  server.RaftServerConfigKeys (ConfUtils.java:logGet(43)) - raft.server.log.purge.gap = 1000000000 (custom)
2019-08-23 03:31:16,155 INFO  server.RaftServerConfigKeys (ConfUtils.java:logGet(43)) - raft.server.log.appender.buffer.byte-limit = 33554432 (custom)
2019-08-23 03:31:16,155 INFO  server.RaftServerConfigKeys (ConfUtils.java:logGet(43)) - raft.server.log.segment.size.max = 1048576 (custom)
2019-08-23 03:31:16,155 INFO  server.RaftServerConfigKeys (ConfUtils.java:logGet(43)) - raft.server.log.segment.cache.num.max = 2 (custom)
2019-08-23 03:31:16,155 INFO  segmented.SegmentedRaftLogWorker (SegmentedRaftLogWorker.java:<init>(172)) - new 76f4e9bb-2fb7-464e-a23e-7e34bc63789f-SegmentedRaftLogWorker:Storage Directory /workdir/hadoop-ozone/integration-test/target/test-dir/MiniOzoneClusterImpl-f17d844e-d9bf-4644-9288-fdb166d42e2d/datanode-1/data/ratis/595b469f-8736-43e0-a5bd-e2ee0bde2b17 for RaftStorage:Storage Directory /workdir/hadoop-ozone/integration-test/target/test-dir/MiniOzoneClusterImpl-f17d844e-d9bf-4644-9288-fdb166d42e2d/datanode-1/data/ratis/595b469f-8736-43e0-a5bd-e2ee0bde2b17
2019-08-23 03:31:16,155 INFO  server.RaftServerConfigKeys (ConfUtils.java:logGet(43)) - raft.server.log.queue.byte-limit = 2147483647 (custom)
2019-08-23 03:31:16,156 INFO  server.RaftServerConfigKeys (ConfUtils.java:logGet(43)) - raft.server.log.queue.element-limit = 1024 (custom)
2019-08-23 03:31:16,156 INFO  server.RaftServerConfigKeys (ConfUtils.java:logGet(43)) - raft.server.log.segment.size.max = 1048576 (custom)
2019-08-23 03:31:16,156 INFO  server.RaftServerConfigKeys (ConfUtils.java:logGet(43)) - raft.server.log.preallocated.size = 16384 (custom)
2019-08-23 03:31:16,156 INFO  server.RaftServerConfigKeys (ConfUtils.java:logGet(43)) - raft.server.log.write.buffer.size = 33554432 (custom)
2019-08-23 03:31:16,156 INFO  server.RaftServerConfigKeys (ConfUtils.java:logGet(43)) - raft.server.log.force.sync.num = 128 (default)
2019-08-23 03:31:16,156 INFO  server.RaftServerConfigKeys (ConfUtils.java:logGet(43)) - raft.server.log.statemachine.data.sync = true (default)
2019-08-23 03:31:16,157 INFO  server.RaftServerConfigKeys (ConfUtils.java:logGet(43)) - raft.server.log.statemachine.data.sync.timeout = 10s (default)
2019-08-23 03:31:16,157 INFO  server.RaftServerConfigKeys (ConfUtils.java:logGet(43)) - raft.server.log.statemachine.data.sync.timeout.retry = -1 (default)
2019-08-23 03:31:16,157 INFO  server.RaftServerConfigKeys (ConfUtils.java:logGet(43)) - raft.server.log.statemachine.data.caching.enabled = true (custom)
2019-08-23 03:31:16,157 INFO  segmented.SegmentedRaftLogWorker (SegmentedRaftLogWorker.java:lambda$new$0(132)) - 76f4e9bb-2fb7-464e-a23e-7e34bc63789f-SegmentedRaftLogWorker:Storage Directory /workdir/hadoop-ozone/integration-test/target/test-dir/MiniOzoneClusterImpl-f17d844e-d9bf-4644-9288-fdb166d42e2d/datanode-1/data/ratis/595b469f-8736-43e0-a5bd-e2ee0bde2b17: flushIndex: setUnconditionally 0 -> -1
2019-08-23 03:31:16,158 INFO  server.RaftServerConfigKeys (ConfUtils.java:logGet(43)) - raft.server.snapshot.auto.trigger.enabled = true (custom)
2019-08-23 03:31:16,158 INFO  server.RaftServerConfigKeys (ConfUtils.java:logGet(43)) - raft.server.snapshot.auto.trigger.threshold = 10000 (custom)
2019-08-23 03:31:16,158 INFO  server.RaftServerConfigKeys (ConfUtils.java:logGet(43)) - raft.server.retrycache.expirytime = 600000ms (custom)
2019-08-23 03:31:16,158 INFO  impl.RaftServerImpl (RaftServerImpl.java:start(180)) - 76f4e9bb-2fb7-464e-a23e-7e34bc63789f: start group-E2EE0BDE2B17
2019-08-23 03:31:16,159 INFO  impl.RaftServerImpl (RaftServerImpl.java:setRole(171)) - 76f4e9bb-2fb7-464e-a23e-7e34bc63789f:group-E2EE0BDE2B17 changes role from null to FOLLOWER at term 0 for startAsFollower
2019-08-23 03:31:16,159 INFO  impl.RoleInfo (RoleInfo.java:updateAndGet(143)) - 76f4e9bb-2fb7-464e-a23e-7e34bc63789f: start FollowerState
2019-08-23 03:31:16,159 INFO  util.JmxRegister (JmxRegister.java:tryRegister(44)) - Successfully registered JMX Bean with object name Ratis:service=RaftServer,group=group-E2EE0BDE2B17,id=76f4e9bb-2fb7-464e-a23e-7e34bc63789f
2019-08-23 03:31:16,162 INFO  pipeline.PipelineStateManager (PipelineStateManager.java:addPipeline(56)) - Created pipeline Pipeline[ Id: 595b469f-8736-43e0-a5bd-e2ee0bde2b17, Nodes: 76f4e9bb-2fb7-464e-a23e-7e34bc63789f{ip: 192.168.5.160, host: byscane-nightly-xckjd-3238445761, networkLocation: /default-rack, certSerialId: null}, Type:RATIS, Factor:ONE, State:OPEN]
2019-08-23 03:31:16,288 INFO  net.NetworkTopology (NetworkTopologyImpl.java:add(110)) - Added a new node: /default-rack/582595a4-0981-4351-886a-2167b9138150
2019-08-23 03:31:16,288 INFO  node.SCMNodeManager (SCMNodeManager.java:register(273)) - Registered Data node : 582595a4-0981-4351-886a-2167b9138150{ip: 192.168.5.160, host: byscane-nightly-xckjd-3238445761, networkLocation: /default-rack, certSerialId: null}
2019-08-23 03:31:16,288 | INFO  | SCMAudit | user=jenkins1000 | ip=192.168.5.160 | op=REGISTER {datanodeDetails=582595a4-0981-4351-886a-2167b9138150{ip: 192.168.5.160, host: byscane-nightly-xckjd-3238445761, networkLocation: /default-rack, certSerialId: null}} | ret=SUCCESS |  
2019-08-23 03:31:16,298 INFO  impl.RaftServerProxy (RaftServerProxy.java:addNew(89)) - 582595a4-0981-4351-886a-2167b9138150: addNew group-7C0687506B27:[582595a4-0981-4351-886a-2167b9138150:192.168.5.160:39558] returns group-7C0687506B27:java.util.concurrent.CompletableFuture@1bcd453d[Not completed]
2019-08-23 03:31:16,300 INFO  impl.RaftServerImpl (RaftServerImpl.java:<init>(93)) - 582595a4-0981-4351-886a-2167b9138150: new RaftServerImpl for group-7C0687506B27:[582595a4-0981-4351-886a-2167b9138150:192.168.5.160:39558] with ContainerStateMachine:uninitialized
2019-08-23 03:31:16,300 INFO  server.RaftServerConfigKeys (ConfUtils.java:logGet(43)) - raft.server.rpc.timeout.min = 5s (custom)
2019-08-23 03:31:16,300 INFO  server.RaftServerConfigKeys (ConfUtils.java:logGet(43)) - raft.server.rpc.timeout.max = 5200ms (custom)
2019-08-23 03:31:16,300 INFO  server.RaftServerConfigKeys (ConfUtils.java:logGet(43)) - raft.server.rpcslowness.timeout = 120s (custom)
2019-08-23 03:31:16,301 INFO  server.RaftServerConfigKeys (ConfUtils.java:logGet(43)) - raft.server.sleep.deviation.threshold = 300 (default)
2019-08-23 03:31:16,301 INFO  server.RaftServerConfigKeys (ConfUtils.java:logGet(43)) - raft.server.log.appender.install.snapshot.enabled = false (custom)
2019-08-23 03:31:16,301 INFO  impl.RaftServerImpl (ServerState.java:<init>(105)) - 582595a4-0981-4351-886a-2167b9138150:group-7C0687506B27 ConfigurationManager, init=-1: [582595a4-0981-4351-886a-2167b9138150:192.168.5.160:39558], old=null, confs=<EMPTY_MAP>
2019-08-23 03:31:16,301 INFO  server.RaftServerConfigKeys (ConfUtils.java:logGet(43)) - raft.server.storage.dir = [/workdir/hadoop-ozone/integration-test/target/test-dir/MiniOzoneClusterImpl-f17d844e-d9bf-4644-9288-fdb166d42e2d/datanode-2/data/ratis] (custom)
2019-08-23 03:31:16,302 INFO  storage.RaftStorageDirectory (RaftStorageDirectory.java:analyzeStorage(246)) - The storage directory /workdir/hadoop-ozone/integration-test/target/test-dir/MiniOzoneClusterImpl-f17d844e-d9bf-4644-9288-fdb166d42e2d/datanode-2/data/ratis/bbc57a98-c7b8-4592-b69e-7c0687506b27 does not exist. Creating ...
2019-08-23 03:31:16,315 INFO  storage.RaftStorageDirectory (RaftStorageDirectory.java:tryLock(328)) - Lock on /workdir/hadoop-ozone/integration-test/target/test-dir/MiniOzoneClusterImpl-f17d844e-d9bf-4644-9288-fdb166d42e2d/datanode-2/data/ratis/bbc57a98-c7b8-4592-b69e-7c0687506b27/in_use.lock acquired by nodename 22237@byscane-nightly-xckjd-3238445761
2019-08-23 03:31:16,328 INFO  storage.RaftStorage (RaftStorage.java:format(72)) - Storage directory /workdir/hadoop-ozone/integration-test/target/test-dir/MiniOzoneClusterImpl-f17d844e-d9bf-4644-9288-fdb166d42e2d/datanode-2/data/ratis/bbc57a98-c7b8-4592-b69e-7c0687506b27 has been successfully formatted.
2019-08-23 03:31:16,328 INFO  ratis.ContainerStateMachine (ContainerStateMachine.java:loadSnapshot(213)) - group-7C0687506B27: The snapshot info is null. Setting the last applied indexto:(t:0, i:~)
2019-08-23 03:31:16,329 INFO  server.RaftServerConfigKeys (ConfUtils.java:logGet(43)) - raft.server.leader.election.timeout = 120s (custom)
2019-08-23 03:31:16,329 INFO  server.RaftServerConfigKeys (ConfUtils.java:logGet(43)) - raft.server.log.use.memory = false (default)
2019-08-23 03:31:16,329 INFO  server.RaftServerConfigKeys (ConfUtils.java:logGet(43)) - raft.server.log.purge.gap = 1000000000 (custom)
2019-08-23 03:31:16,329 INFO  server.RaftServerConfigKeys (ConfUtils.java:logGet(43)) - raft.server.log.appender.buffer.byte-limit = 33554432 (custom)
2019-08-23 03:31:16,329 INFO  server.RaftServerConfigKeys (ConfUtils.java:logGet(43)) - raft.server.log.segment.size.max = 1048576 (custom)
2019-08-23 03:31:16,329 INFO  server.RaftServerConfigKeys (ConfUtils.java:logGet(43)) - raft.server.log.segment.cache.num.max = 2 (custom)
2019-08-23 03:31:16,330 INFO  segmented.SegmentedRaftLogWorker (SegmentedRaftLogWorker.java:<init>(172)) - new 582595a4-0981-4351-886a-2167b9138150-SegmentedRaftLogWorker:Storage Directory /workdir/hadoop-ozone/integration-test/target/test-dir/MiniOzoneClusterImpl-f17d844e-d9bf-4644-9288-fdb166d42e2d/datanode-2/data/ratis/bbc57a98-c7b8-4592-b69e-7c0687506b27 for RaftStorage:Storage Directory /workdir/hadoop-ozone/integration-test/target/test-dir/MiniOzoneClusterImpl-f17d844e-d9bf-4644-9288-fdb166d42e2d/datanode-2/data/ratis/bbc57a98-c7b8-4592-b69e-7c0687506b27
2019-08-23 03:31:16,330 INFO  server.RaftServerConfigKeys (ConfUtils.java:logGet(43)) - raft.server.log.queue.byte-limit = 2147483647 (custom)
2019-08-23 03:31:16,330 INFO  server.RaftServerConfigKeys (ConfUtils.java:logGet(43)) - raft.server.log.queue.element-limit = 1024 (custom)
2019-08-23 03:31:16,330 INFO  server.RaftServerConfigKeys (ConfUtils.java:logGet(43)) - raft.server.log.segment.size.max = 1048576 (custom)
2019-08-23 03:31:16,330 INFO  server.RaftServerConfigKeys (ConfUtils.java:logGet(43)) - raft.server.log.preallocated.size = 16384 (custom)
2019-08-23 03:31:16,331 INFO  server.RaftServerConfigKeys (ConfUtils.java:logGet(43)) - raft.server.log.write.buffer.size = 33554432 (custom)
2019-08-23 03:31:16,331 INFO  server.RaftServerConfigKeys (ConfUtils.java:logGet(43)) - raft.server.log.force.sync.num = 128 (default)
2019-08-23 03:31:16,331 INFO  server.RaftServerConfigKeys (ConfUtils.java:logGet(43)) - raft.server.log.statemachine.data.sync = true (default)
2019-08-23 03:31:16,331 INFO  server.RaftServerConfigKeys (ConfUtils.java:logGet(43)) - raft.server.log.statemachine.data.sync.timeout = 10s (default)
2019-08-23 03:31:16,331 INFO  server.RaftServerConfigKeys (ConfUtils.java:logGet(43)) - raft.server.log.statemachine.data.sync.timeout.retry = -1 (default)
2019-08-23 03:31:16,332 INFO  server.RaftServerConfigKeys (ConfUtils.java:logGet(43)) - raft.server.log.statemachine.data.caching.enabled = true (custom)
2019-08-23 03:31:16,332 INFO  segmented.SegmentedRaftLogWorker (SegmentedRaftLogWorker.java:lambda$new$0(132)) - 582595a4-0981-4351-886a-2167b9138150-SegmentedRaftLogWorker:Storage Directory /workdir/hadoop-ozone/integration-test/target/test-dir/MiniOzoneClusterImpl-f17d844e-d9bf-4644-9288-fdb166d42e2d/datanode-2/data/ratis/bbc57a98-c7b8-4592-b69e-7c0687506b27: flushIndex: setUnconditionally 0 -> -1
2019-08-23 03:31:16,332 INFO  server.RaftServerConfigKeys (ConfUtils.java:logGet(43)) - raft.server.snapshot.auto.trigger.enabled = true (custom)
2019-08-23 03:31:16,332 INFO  server.RaftServerConfigKeys (ConfUtils.java:logGet(43)) - raft.server.snapshot.auto.trigger.threshold = 10000 (custom)
2019-08-23 03:31:16,333 INFO  server.RaftServerConfigKeys (ConfUtils.java:logGet(43)) - raft.server.retrycache.expirytime = 600000ms (custom)
2019-08-23 03:31:16,333 INFO  impl.RaftServerImpl (RaftServerImpl.java:start(180)) - 582595a4-0981-4351-886a-2167b9138150: start group-7C0687506B27
2019-08-23 03:31:16,333 INFO  impl.RaftServerImpl (RaftServerImpl.java:setRole(171)) - 582595a4-0981-4351-886a-2167b9138150:group-7C0687506B27 changes role from null to FOLLOWER at term 0 for startAsFollower
2019-08-23 03:31:16,333 INFO  impl.RoleInfo (RoleInfo.java:updateAndGet(143)) - 582595a4-0981-4351-886a-2167b9138150: start FollowerState
2019-08-23 03:31:16,334 INFO  util.JmxRegister (JmxRegister.java:tryRegister(44)) - Successfully registered JMX Bean with object name Ratis:service=RaftServer,group=group-7C0687506B27,id=582595a4-0981-4351-886a-2167b9138150
2019-08-23 03:31:16,337 INFO  pipeline.PipelineStateManager (PipelineStateManager.java:addPipeline(56)) - Created pipeline Pipeline[ Id: bbc57a98-c7b8-4592-b69e-7c0687506b27, Nodes: 582595a4-0981-4351-886a-2167b9138150{ip: 192.168.5.160, host: byscane-nightly-xckjd-3238445761, networkLocation: /default-rack, certSerialId: null}, Type:RATIS, Factor:ONE, State:OPEN]
2019-08-23 03:31:16,352 INFO  impl.RaftServerProxy (RaftServerProxy.java:addNew(89)) - bea96a90-0db2-4747-a28f-eaa57707396b: addNew group-65AB1CA5A065:[76f4e9bb-2fb7-464e-a23e-7e34bc63789f:192.168.5.160:42935, 582595a4-0981-4351-886a-2167b9138150:192.168.5.160:39558, bea96a90-0db2-4747-a28f-eaa57707396b:192.168.5.160:37439] returns group-65AB1CA5A065:java.util.concurrent.CompletableFuture@26c14d45[Not completed]
2019-08-23 03:31:16,352 INFO  impl.RaftServerProxy (RaftServerProxy.java:addNew(89)) - 582595a4-0981-4351-886a-2167b9138150: addNew group-65AB1CA5A065:[76f4e9bb-2fb7-464e-a23e-7e34bc63789f:192.168.5.160:42935, 582595a4-0981-4351-886a-2167b9138150:192.168.5.160:39558, bea96a90-0db2-4747-a28f-eaa57707396b:192.168.5.160:37439] returns group-65AB1CA5A065:java.util.concurrent.CompletableFuture@1e58fd54[Not completed]
2019-08-23 03:31:16,353 INFO  impl.RaftServerProxy (RaftServerProxy.java:addNew(89)) - 76f4e9bb-2fb7-464e-a23e-7e34bc63789f: addNew group-65AB1CA5A065:[76f4e9bb-2fb7-464e-a23e-7e34bc63789f:192.168.5.160:42935, 582595a4-0981-4351-886a-2167b9138150:192.168.5.160:39558, bea96a90-0db2-4747-a28f-eaa57707396b:192.168.5.160:37439] returns group-65AB1CA5A065:java.util.concurrent.CompletableFuture@22271d49[Not completed]
2019-08-23 03:31:16,354 INFO  impl.RaftServerImpl (RaftServerImpl.java:<init>(93)) - bea96a90-0db2-4747-a28f-eaa57707396b: new RaftServerImpl for group-65AB1CA5A065:[76f4e9bb-2fb7-464e-a23e-7e34bc63789f:192.168.5.160:42935, 582595a4-0981-4351-886a-2167b9138150:192.168.5.160:39558, bea96a90-0db2-4747-a28f-eaa57707396b:192.168.5.160:37439] with ContainerStateMachine:uninitialized
2019-08-23 03:31:16,354 INFO  server.RaftServerConfigKeys (ConfUtils.java:logGet(43)) - raft.server.rpc.timeout.min = 5s (custom)
2019-08-23 03:31:16,355 INFO  server.RaftServerConfigKeys (ConfUtils.java:logGet(43)) - raft.server.rpc.timeout.max = 5200ms (custom)
2019-08-23 03:31:16,355 INFO  server.RaftServerConfigKeys (ConfUtils.java:logGet(43)) - raft.server.rpcslowness.timeout = 120s (custom)
2019-08-23 03:31:16,355 INFO  impl.RaftServerImpl (RaftServerImpl.java:<init>(93)) - 76f4e9bb-2fb7-464e-a23e-7e34bc63789f: new RaftServerImpl for group-65AB1CA5A065:[76f4e9bb-2fb7-464e-a23e-7e34bc63789f:192.168.5.160:42935, 582595a4-0981-4351-886a-2167b9138150:192.168.5.160:39558, bea96a90-0db2-4747-a28f-eaa57707396b:192.168.5.160:37439] with ContainerStateMachine:uninitialized
2019-08-23 03:31:16,355 INFO  server.RaftServerConfigKeys (ConfUtils.java:logGet(43)) - raft.server.sleep.deviation.threshold = 300 (default)
2019-08-23 03:31:16,355 INFO  server.RaftServerConfigKeys (ConfUtils.java:logGet(43)) - raft.server.rpc.timeout.min = 5s (custom)
2019-08-23 03:31:16,355 INFO  server.RaftServerConfigKeys (ConfUtils.java:logGet(43)) - raft.server.log.appender.install.snapshot.enabled = false (custom)
2019-08-23 03:31:16,355 INFO  impl.RaftServerImpl (RaftServerImpl.java:<init>(93)) - 582595a4-0981-4351-886a-2167b9138150: new RaftServerImpl for group-65AB1CA5A065:[76f4e9bb-2fb7-464e-a23e-7e34bc63789f:192.168.5.160:42935, 582595a4-0981-4351-886a-2167b9138150:192.168.5.160:39558, bea96a90-0db2-4747-a28f-eaa57707396b:192.168.5.160:37439] with ContainerStateMachine:uninitialized
2019-08-23 03:31:16,356 INFO  impl.RaftServerImpl (ServerState.java:<init>(105)) - bea96a90-0db2-4747-a28f-eaa57707396b:group-65AB1CA5A065 ConfigurationManager, init=-1: [76f4e9bb-2fb7-464e-a23e-7e34bc63789f:192.168.5.160:42935, 582595a4-0981-4351-886a-2167b9138150:192.168.5.160:39558, bea96a90-0db2-4747-a28f-eaa57707396b:192.168.5.160:37439], old=null, confs=<EMPTY_MAP>
2019-08-23 03:31:16,356 INFO  server.RaftServerConfigKeys (ConfUtils.java:logGet(43)) - raft.server.rpc.timeout.max = 5200ms (custom)
2019-08-23 03:31:16,356 INFO  server.RaftServerConfigKeys (ConfUtils.java:logGet(43)) - raft.server.storage.dir = [/workdir/hadoop-ozone/integration-test/target/test-dir/MiniOzoneClusterImpl-f17d844e-d9bf-4644-9288-fdb166d42e2d/datanode-0/data/ratis] (custom)
2019-08-23 03:31:16,356 INFO  server.RaftServerConfigKeys (ConfUtils.java:logGet(43)) - raft.server.rpc.timeout.min = 5s (custom)
2019-08-23 03:31:16,356 INFO  server.RaftServerConfigKeys (ConfUtils.java:logGet(43)) - raft.server.rpcslowness.timeout = 120s (custom)
2019-08-23 03:31:16,357 INFO  server.RaftServerConfigKeys (ConfUtils.java:logGet(43)) - raft.server.rpc.timeout.max = 5200ms (custom)
2019-08-23 03:31:16,357 INFO  storage.RaftStorageDirectory (RaftStorageDirectory.java:analyzeStorage(246)) - The storage directory /workdir/hadoop-ozone/integration-test/target/test-dir/MiniOzoneClusterImpl-f17d844e-d9bf-4644-9288-fdb166d42e2d/datanode-0/data/ratis/e09e92c3-02dc-4111-82c8-65ab1ca5a065 does not exist. Creating ...
2019-08-23 03:31:16,357 INFO  server.RaftServerConfigKeys (ConfUtils.java:logGet(43)) - raft.server.sleep.deviation.threshold = 300 (default)
2019-08-23 03:31:16,357 INFO  server.RaftServerConfigKeys (ConfUtils.java:logGet(43)) - raft.server.rpcslowness.timeout = 120s (custom)
2019-08-23 03:31:16,357 INFO  server.RaftServerConfigKeys (ConfUtils.java:logGet(43)) - raft.server.log.appender.install.snapshot.enabled = false (custom)
2019-08-23 03:31:16,358 INFO  server.RaftServerConfigKeys (ConfUtils.java:logGet(43)) - raft.server.sleep.deviation.threshold = 300 (default)
2019-08-23 03:31:16,358 INFO  impl.RaftServerImpl (ServerState.java:<init>(105)) - 76f4e9bb-2fb7-464e-a23e-7e34bc63789f:group-65AB1CA5A065 ConfigurationManager, init=-1: [76f4e9bb-2fb7-464e-a23e-7e34bc63789f:192.168.5.160:42935, 582595a4-0981-4351-886a-2167b9138150:192.168.5.160:39558, bea96a90-0db2-4747-a28f-eaa57707396b:192.168.5.160:37439], old=null, confs=<EMPTY_MAP>
2019-08-23 03:31:16,358 INFO  server.RaftServerConfigKeys (ConfUtils.java:logGet(43)) - raft.server.log.appender.install.snapshot.enabled = false (custom)
2019-08-23 03:31:16,358 INFO  server.RaftServerConfigKeys (ConfUtils.java:logGet(43)) - raft.server.storage.dir = [/workdir/hadoop-ozone/integration-test/target/test-dir/MiniOzoneClusterImpl-f17d844e-d9bf-4644-9288-fdb166d42e2d/datanode-1/data/ratis] (custom)
2019-08-23 03:31:16,358 INFO  impl.RaftServerImpl (ServerState.java:<init>(105)) - 582595a4-0981-4351-886a-2167b9138150:group-65AB1CA5A065 ConfigurationManager, init=-1: [76f4e9bb-2fb7-464e-a23e-7e34bc63789f:192.168.5.160:42935, 582595a4-0981-4351-886a-2167b9138150:192.168.5.160:39558, bea96a90-0db2-4747-a28f-eaa57707396b:192.168.5.160:37439], old=null, confs=<EMPTY_MAP>
2019-08-23 03:31:16,359 INFO  server.RaftServerConfigKeys (ConfUtils.java:logGet(43)) - raft.server.storage.dir = [/workdir/hadoop-ozone/integration-test/target/test-dir/MiniOzoneClusterImpl-f17d844e-d9bf-4644-9288-fdb166d42e2d/datanode-2/data/ratis] (custom)
2019-08-23 03:31:16,359 INFO  storage.RaftStorageDirectory (RaftStorageDirectory.java:analyzeStorage(246)) - The storage directory /workdir/hadoop-ozone/integration-test/target/test-dir/MiniOzoneClusterImpl-f17d844e-d9bf-4644-9288-fdb166d42e2d/datanode-1/data/ratis/e09e92c3-02dc-4111-82c8-65ab1ca5a065 does not exist. Creating ...
2019-08-23 03:31:16,359 INFO  storage.RaftStorageDirectory (RaftStorageDirectory.java:analyzeStorage(246)) - The storage directory /workdir/hadoop-ozone/integration-test/target/test-dir/MiniOzoneClusterImpl-f17d844e-d9bf-4644-9288-fdb166d42e2d/datanode-2/data/ratis/e09e92c3-02dc-4111-82c8-65ab1ca5a065 does not exist. Creating ...
2019-08-23 03:31:16,371 INFO  storage.RaftStorageDirectory (RaftStorageDirectory.java:tryLock(328)) - Lock on /workdir/hadoop-ozone/integration-test/target/test-dir/MiniOzoneClusterImpl-f17d844e-d9bf-4644-9288-fdb166d42e2d/datanode-1/data/ratis/e09e92c3-02dc-4111-82c8-65ab1ca5a065/in_use.lock acquired by nodename 22237@byscane-nightly-xckjd-3238445761
2019-08-23 03:31:16,371 INFO  storage.RaftStorageDirectory (RaftStorageDirectory.java:tryLock(328)) - Lock on /workdir/hadoop-ozone/integration-test/target/test-dir/MiniOzoneClusterImpl-f17d844e-d9bf-4644-9288-fdb166d42e2d/datanode-2/data/ratis/e09e92c3-02dc-4111-82c8-65ab1ca5a065/in_use.lock acquired by nodename 22237@byscane-nightly-xckjd-3238445761
2019-08-23 03:31:16,371 INFO  storage.RaftStorageDirectory (RaftStorageDirectory.java:tryLock(328)) - Lock on /workdir/hadoop-ozone/integration-test/target/test-dir/MiniOzoneClusterImpl-f17d844e-d9bf-4644-9288-fdb166d42e2d/datanode-0/data/ratis/e09e92c3-02dc-4111-82c8-65ab1ca5a065/in_use.lock acquired by nodename 22237@byscane-nightly-xckjd-3238445761
2019-08-23 03:31:16,385 INFO  storage.RaftStorage (RaftStorage.java:format(72)) - Storage directory /workdir/hadoop-ozone/integration-test/target/test-dir/MiniOzoneClusterImpl-f17d844e-d9bf-4644-9288-fdb166d42e2d/datanode-0/data/ratis/e09e92c3-02dc-4111-82c8-65ab1ca5a065 has been successfully formatted.
2019-08-23 03:31:16,385 INFO  storage.RaftStorage (RaftStorage.java:format(72)) - Storage directory /workdir/hadoop-ozone/integration-test/target/test-dir/MiniOzoneClusterImpl-f17d844e-d9bf-4644-9288-fdb166d42e2d/datanode-2/data/ratis/e09e92c3-02dc-4111-82c8-65ab1ca5a065 has been successfully formatted.
2019-08-23 03:31:16,385 INFO  storage.RaftStorage (RaftStorage.java:format(72)) - Storage directory /workdir/hadoop-ozone/integration-test/target/test-dir/MiniOzoneClusterImpl-f17d844e-d9bf-4644-9288-fdb166d42e2d/datanode-1/data/ratis/e09e92c3-02dc-4111-82c8-65ab1ca5a065 has been successfully formatted.
2019-08-23 03:31:16,385 INFO  ratis.ContainerStateMachine (ContainerStateMachine.java:loadSnapshot(213)) - group-65AB1CA5A065: The snapshot info is null. Setting the last applied indexto:(t:0, i:~)
2019-08-23 03:31:16,385 INFO  ratis.ContainerStateMachine (ContainerStateMachine.java:loadSnapshot(213)) - group-65AB1CA5A065: The snapshot info is null. Setting the last applied indexto:(t:0, i:~)
2019-08-23 03:31:16,385 INFO  server.RaftServerConfigKeys (ConfUtils.java:logGet(43)) - raft.server.leader.election.timeout = 120s (custom)
2019-08-23 03:31:16,385 INFO  ratis.ContainerStateMachine (ContainerStateMachine.java:loadSnapshot(213)) - group-65AB1CA5A065: The snapshot info is null. Setting the last applied indexto:(t:0, i:~)
2019-08-23 03:31:16,386 INFO  server.RaftServerConfigKeys (ConfUtils.java:logGet(43)) - raft.server.log.use.memory = false (default)
2019-08-23 03:31:16,385 INFO  server.RaftServerConfigKeys (ConfUtils.java:logGet(43)) - raft.server.leader.election.timeout = 120s (custom)
2019-08-23 03:31:16,386 INFO  server.RaftServerConfigKeys (ConfUtils.java:logGet(43)) - raft.server.log.purge.gap = 1000000000 (custom)
2019-08-23 03:31:16,386 INFO  server.RaftServerConfigKeys (ConfUtils.java:logGet(43)) - raft.server.leader.election.timeout = 120s (custom)
2019-08-23 03:31:16,386 INFO  server.RaftServerConfigKeys (ConfUtils.java:logGet(43)) - raft.server.log.appender.buffer.byte-limit = 33554432 (custom)
2019-08-23 03:31:16,386 INFO  server.RaftServerConfigKeys (ConfUtils.java:logGet(43)) - raft.server.log.use.memory = false (default)
2019-08-23 03:31:16,386 INFO  server.RaftServerConfigKeys (ConfUtils.java:logGet(43)) - raft.server.log.segment.size.max = 1048576 (custom)
2019-08-23 03:31:16,386 INFO  server.RaftServerConfigKeys (ConfUtils.java:logGet(43)) - raft.server.log.use.memory = false (default)
2019-08-23 03:31:16,387 INFO  server.RaftServerConfigKeys (ConfUtils.java:logGet(43)) - raft.server.log.segment.cache.num.max = 2 (custom)
2019-08-23 03:31:16,387 INFO  server.RaftServerConfigKeys (ConfUtils.java:logGet(43)) - raft.server.log.purge.gap = 1000000000 (custom)
2019-08-23 03:31:16,387 INFO  segmented.SegmentedRaftLogWorker (SegmentedRaftLogWorker.java:<init>(172)) - new bea96a90-0db2-4747-a28f-eaa57707396b-SegmentedRaftLogWorker:Storage Directory /workdir/hadoop-ozone/integration-test/target/test-dir/MiniOzoneClusterImpl-f17d844e-d9bf-4644-9288-fdb166d42e2d/datanode-0/data/ratis/e09e92c3-02dc-4111-82c8-65ab1ca5a065 for RaftStorage:Storage Directory /workdir/hadoop-ozone/integration-test/target/test-dir/MiniOzoneClusterImpl-f17d844e-d9bf-4644-9288-fdb166d42e2d/datanode-0/data/ratis/e09e92c3-02dc-4111-82c8-65ab1ca5a065
2019-08-23 03:31:16,387 INFO  server.RaftServerConfigKeys (ConfUtils.java:logGet(43)) - raft.server.log.purge.gap = 1000000000 (custom)
2019-08-23 03:31:16,387 INFO  server.RaftServerConfigKeys (ConfUtils.java:logGet(43)) - raft.server.log.queue.byte-limit = 2147483647 (custom)
2019-08-23 03:31:16,387 INFO  server.RaftServerConfigKeys (ConfUtils.java:logGet(43)) - raft.server.log.appender.buffer.byte-limit = 33554432 (custom)
2019-08-23 03:31:16,388 INFO  server.RaftServerConfigKeys (ConfUtils.java:logGet(43)) - raft.server.log.queue.element-limit = 1024 (custom)
2019-08-23 03:31:16,387 INFO  server.RaftServerConfigKeys (ConfUtils.java:logGet(43)) - raft.server.log.appender.buffer.byte-limit = 33554432 (custom)
2019-08-23 03:31:16,388 INFO  server.RaftServerConfigKeys (ConfUtils.java:logGet(43)) - raft.server.log.segment.size.max = 1048576 (custom)
2019-08-23 03:31:16,388 INFO  server.RaftServerConfigKeys (ConfUtils.java:logGet(43)) - raft.server.log.segment.size.max = 1048576 (custom)
2019-08-23 03:31:16,388 INFO  server.RaftServerConfigKeys (ConfUtils.java:logGet(43)) - raft.server.log.preallocated.size = 16384 (custom)
2019-08-23 03:31:16,388 INFO  server.RaftServerConfigKeys (ConfUtils.java:logGet(43)) - raft.server.log.write.buffer.size = 33554432 (custom)
2019-08-23 03:31:16,388 INFO  server.RaftServerConfigKeys (ConfUtils.java:logGet(43)) - raft.server.log.segment.size.max = 1048576 (custom)
2019-08-23 03:31:16,389 INFO  server.RaftServerConfigKeys (ConfUtils.java:logGet(43)) - raft.server.log.force.sync.num = 128 (default)
2019-08-23 03:31:16,388 INFO  server.RaftServerConfigKeys (ConfUtils.java:logGet(43)) - raft.server.log.segment.cache.num.max = 2 (custom)
2019-08-23 03:31:16,389 INFO  server.RaftServerConfigKeys (ConfUtils.java:logGet(43)) - raft.server.log.statemachine.data.sync = true (default)
2019-08-23 03:31:16,389 INFO  server.RaftServerConfigKeys (ConfUtils.java:logGet(43)) - raft.server.log.segment.cache.num.max = 2 (custom)
2019-08-23 03:31:16,389 INFO  server.RaftServerConfigKeys (ConfUtils.java:logGet(43)) - raft.server.log.statemachine.data.sync.timeout = 10s (default)
2019-08-23 03:31:16,389 INFO  segmented.SegmentedRaftLogWorker (SegmentedRaftLogWorker.java:<init>(172)) - new 76f4e9bb-2fb7-464e-a23e-7e34bc63789f-SegmentedRaftLogWorker:Storage Directory /workdir/hadoop-ozone/integration-test/target/test-dir/MiniOzoneClusterImpl-f17d844e-d9bf-4644-9288-fdb166d42e2d/datanode-1/data/ratis/e09e92c3-02dc-4111-82c8-65ab1ca5a065 for RaftStorage:Storage Directory /workdir/hadoop-ozone/integration-test/target/test-dir/MiniOzoneClusterImpl-f17d844e-d9bf-4644-9288-fdb166d42e2d/datanode-1/data/ratis/e09e92c3-02dc-4111-82c8-65ab1ca5a065
2019-08-23 03:31:16,389 INFO  server.RaftServerConfigKeys (ConfUtils.java:logGet(43)) - raft.server.log.statemachine.data.sync.timeout.retry = -1 (default)
2019-08-23 03:31:16,389 INFO  segmented.SegmentedRaftLogWorker (SegmentedRaftLogWorker.java:<init>(172)) - new 582595a4-0981-4351-886a-2167b9138150-SegmentedRaftLogWorker:Storage Directory /workdir/hadoop-ozone/integration-test/target/test-dir/MiniOzoneClusterImpl-f17d844e-d9bf-4644-9288-fdb166d42e2d/datanode-2/data/ratis/e09e92c3-02dc-4111-82c8-65ab1ca5a065 for RaftStorage:Storage Directory /workdir/hadoop-ozone/integration-test/target/test-dir/MiniOzoneClusterImpl-f17d844e-d9bf-4644-9288-fdb166d42e2d/datanode-2/data/ratis/e09e92c3-02dc-4111-82c8-65ab1ca5a065
2019-08-23 03:31:16,390 INFO  server.RaftServerConfigKeys (ConfUtils.java:logGet(43)) - raft.server.log.statemachine.data.caching.enabled = true (custom)
2019-08-23 03:31:16,390 INFO  server.RaftServerConfigKeys (ConfUtils.java:logGet(43)) - raft.server.log.queue.byte-limit = 2147483647 (custom)
2019-08-23 03:31:16,390 INFO  segmented.SegmentedRaftLogWorker (SegmentedRaftLogWorker.java:lambda$new$0(132)) - bea96a90-0db2-4747-a28f-eaa57707396b-SegmentedRaftLogWorker:Storage Directory /workdir/hadoop-ozone/integration-test/target/test-dir/MiniOzoneClusterImpl-f17d844e-d9bf-4644-9288-fdb166d42e2d/datanode-0/data/ratis/e09e92c3-02dc-4111-82c8-65ab1ca5a065: flushIndex: setUnconditionally 0 -> -1
2019-08-23 03:31:16,390 INFO  server.RaftServerConfigKeys (ConfUtils.java:logGet(43)) - raft.server.log.queue.byte-limit = 2147483647 (custom)
2019-08-23 03:31:16,391 INFO  server.RaftServerConfigKeys (ConfUtils.java:logGet(43)) - raft.server.snapshot.auto.trigger.enabled = true (custom)
2019-08-23 03:31:16,390 INFO  server.RaftServerConfigKeys (ConfUtils.java:logGet(43)) - raft.server.log.queue.element-limit = 1024 (custom)
2019-08-23 03:31:16,391 INFO  server.RaftServerConfigKeys (ConfUtils.java:logGet(43)) - raft.server.snapshot.auto.trigger.threshold = 10000 (custom)
2019-08-23 03:31:16,391 INFO  server.RaftServerConfigKeys (ConfUtils.java:logGet(43)) - raft.server.log.queue.element-limit = 1024 (custom)
2019-08-23 03:31:16,391 INFO  server.RaftServerConfigKeys (ConfUtils.java:logGet(43)) - raft.server.retrycache.expirytime = 600000ms (custom)
2019-08-23 03:31:16,391 INFO  server.RaftServerConfigKeys (ConfUtils.java:logGet(43)) - raft.server.log.segment.size.max = 1048576 (custom)
2019-08-23 03:31:16,391 INFO  impl.RaftServerImpl (RaftServerImpl.java:start(180)) - bea96a90-0db2-4747-a28f-eaa57707396b: start group-65AB1CA5A065
2019-08-23 03:31:16,391 INFO  impl.RaftServerImpl (RaftServerImpl.java:setRole(171)) - bea96a90-0db2-4747-a28f-eaa57707396b:group-65AB1CA5A065 changes role from null to FOLLOWER at term 0 for startAsFollower
2019-08-23 03:31:16,391 INFO  server.RaftServerConfigKeys (ConfUtils.java:logGet(43)) - raft.server.log.segment.size.max = 1048576 (custom)
2019-08-23 03:31:16,392 INFO  impl.RoleInfo (RoleInfo.java:updateAndGet(143)) - bea96a90-0db2-4747-a28f-eaa57707396b: start FollowerState
2019-08-23 03:31:16,391 INFO  server.RaftServerConfigKeys (ConfUtils.java:logGet(43)) - raft.server.log.preallocated.size = 16384 (custom)
2019-08-23 03:31:16,392 INFO  server.RaftServerConfigKeys (ConfUtils.java:logGet(43)) - raft.server.log.preallocated.size = 16384 (custom)
2019-08-23 03:31:16,392 INFO  server.RaftServerConfigKeys (ConfUtils.java:logGet(43)) - raft.server.log.write.buffer.size = 33554432 (custom)
2019-08-23 03:31:16,392 INFO  util.JmxRegister (JmxRegister.java:tryRegister(44)) - Successfully registered JMX Bean with object name Ratis:service=RaftServer,group=group-65AB1CA5A065,id=bea96a90-0db2-4747-a28f-eaa57707396b
2019-08-23 03:31:16,392 INFO  server.RaftServerConfigKeys (ConfUtils.java:logGet(43)) - raft.server.log.write.buffer.size = 33554432 (custom)
2019-08-23 03:31:16,392 INFO  server.RaftServerConfigKeys (ConfUtils.java:logGet(43)) - raft.server.log.force.sync.num = 128 (default)
2019-08-23 03:31:16,393 INFO  server.RaftServerConfigKeys (ConfUtils.java:logGet(43)) - raft.server.log.force.sync.num = 128 (default)
2019-08-23 03:31:16,393 INFO  server.RaftServerConfigKeys (ConfUtils.java:logGet(43)) - raft.server.log.statemachine.data.sync = true (default)
2019-08-23 03:31:16,393 INFO  server.RaftServerConfigKeys (ConfUtils.java:logGet(43)) - raft.server.log.statemachine.data.sync = true (default)
2019-08-23 03:31:16,393 INFO  server.RaftServerConfigKeys (ConfUtils.java:logGet(43)) - raft.server.log.statemachine.data.sync.timeout = 10s (default)
2019-08-23 03:31:16,393 INFO  server.RaftServerConfigKeys (ConfUtils.java:logGet(43)) - raft.server.log.statemachine.data.sync.timeout = 10s (default)
2019-08-23 03:31:16,393 INFO  server.RaftServerConfigKeys (ConfUtils.java:logGet(43)) - raft.server.log.statemachine.data.sync.timeout.retry = -1 (default)
2019-08-23 03:31:16,394 INFO  server.RaftServerConfigKeys (ConfUtils.java:logGet(43)) - raft.server.log.statemachine.data.sync.timeout.retry = -1 (default)
2019-08-23 03:31:16,394 INFO  server.RaftServerConfigKeys (ConfUtils.java:logGet(43)) - raft.server.log.statemachine.data.caching.enabled = true (custom)
2019-08-23 03:31:16,394 INFO  server.RaftServerConfigKeys (ConfUtils.java:logGet(43)) - raft.server.log.statemachine.data.caching.enabled = true (custom)
2019-08-23 03:31:16,394 INFO  segmented.SegmentedRaftLogWorker (SegmentedRaftLogWorker.java:lambda$new$0(132)) - 76f4e9bb-2fb7-464e-a23e-7e34bc63789f-SegmentedRaftLogWorker:Storage Directory /workdir/hadoop-ozone/integration-test/target/test-dir/MiniOzoneClusterImpl-f17d844e-d9bf-4644-9288-fdb166d42e2d/datanode-1/data/ratis/e09e92c3-02dc-4111-82c8-65ab1ca5a065: flushIndex: setUnconditionally 0 -> -1
2019-08-23 03:31:16,394 INFO  segmented.SegmentedRaftLogWorker (SegmentedRaftLogWorker.java:lambda$new$0(132)) - 582595a4-0981-4351-886a-2167b9138150-SegmentedRaftLogWorker:Storage Directory /workdir/hadoop-ozone/integration-test/target/test-dir/MiniOzoneClusterImpl-f17d844e-d9bf-4644-9288-fdb166d42e2d/datanode-2/data/ratis/e09e92c3-02dc-4111-82c8-65ab1ca5a065: flushIndex: setUnconditionally 0 -> -1
2019-08-23 03:31:16,395 INFO  server.RaftServerConfigKeys (ConfUtils.java:logGet(43)) - raft.server.snapshot.auto.trigger.enabled = true (custom)
2019-08-23 03:31:16,395 INFO  server.RaftServerConfigKeys (ConfUtils.java:logGet(43)) - raft.server.snapshot.auto.trigger.enabled = true (custom)
2019-08-23 03:31:16,395 INFO  server.RaftServerConfigKeys (ConfUtils.java:logGet(43)) - raft.server.snapshot.auto.trigger.threshold = 10000 (custom)
2019-08-23 03:31:16,395 INFO  server.RaftServerConfigKeys (ConfUtils.java:logGet(43)) - raft.server.snapshot.auto.trigger.threshold = 10000 (custom)
2019-08-23 03:31:16,395 INFO  server.RaftServerConfigKeys (ConfUtils.java:logGet(43)) - raft.server.retrycache.expirytime = 600000ms (custom)
2019-08-23 03:31:16,396 INFO  server.RaftServerConfigKeys (ConfUtils.java:logGet(43)) - raft.server.retrycache.expirytime = 600000ms (custom)
2019-08-23 03:31:16,396 INFO  impl.RaftServerImpl (RaftServerImpl.java:start(180)) - 76f4e9bb-2fb7-464e-a23e-7e34bc63789f: start group-65AB1CA5A065
2019-08-23 03:31:16,396 INFO  impl.RaftServerImpl (RaftServerImpl.java:start(180)) - 582595a4-0981-4351-886a-2167b9138150: start group-65AB1CA5A065
2019-08-23 03:31:16,396 INFO  impl.RaftServerImpl (RaftServerImpl.java:setRole(171)) - 76f4e9bb-2fb7-464e-a23e-7e34bc63789f:group-65AB1CA5A065 changes role from null to FOLLOWER at term 0 for startAsFollower
2019-08-23 03:31:16,396 INFO  impl.RaftServerImpl (RaftServerImpl.java:setRole(171)) - 582595a4-0981-4351-886a-2167b9138150:group-65AB1CA5A065 changes role from null to FOLLOWER at term 0 for startAsFollower
2019-08-23 03:31:16,396 INFO  impl.RoleInfo (RoleInfo.java:updateAndGet(143)) - 76f4e9bb-2fb7-464e-a23e-7e34bc63789f: start FollowerState
2019-08-23 03:31:16,397 INFO  impl.RoleInfo (RoleInfo.java:updateAndGet(143)) - 582595a4-0981-4351-886a-2167b9138150: start FollowerState
2019-08-23 03:31:16,397 INFO  util.JmxRegister (JmxRegister.java:tryRegister(44)) - Successfully registered JMX Bean with object name Ratis:service=RaftServer,group=group-65AB1CA5A065,id=76f4e9bb-2fb7-464e-a23e-7e34bc63789f
2019-08-23 03:31:16,397 INFO  util.JmxRegister (JmxRegister.java:tryRegister(44)) - Successfully registered JMX Bean with object name Ratis:service=RaftServer,group=group-65AB1CA5A065,id=582595a4-0981-4351-886a-2167b9138150
2019-08-23 03:31:16,400 INFO  pipeline.PipelineStateManager (PipelineStateManager.java:addPipeline(56)) - Created pipeline Pipeline[ Id: e09e92c3-02dc-4111-82c8-65ab1ca5a065, Nodes: 76f4e9bb-2fb7-464e-a23e-7e34bc63789f{ip: 192.168.5.160, host: byscane-nightly-xckjd-3238445761, networkLocation: /default-rack, certSerialId: null}bea96a90-0db2-4747-a28f-eaa57707396b{ip: 192.168.5.160, host: byscane-nightly-xckjd-3238445761, networkLocation: /default-rack, certSerialId: null}582595a4-0981-4351-886a-2167b9138150{ip: 192.168.5.160, host: byscane-nightly-xckjd-3238445761, networkLocation: /default-rack, certSerialId: null}, Type:RATIS, Factor:THREE, State:OPEN]
2019-08-23 03:31:16,452 INFO  net.NetworkTopology (NetworkTopologyImpl.java:add(110)) - Added a new node: /default-rack/f25f2f12-09c4-49be-854e-f9e4c23216e7
2019-08-23 03:31:16,452 INFO  node.SCMNodeManager (SCMNodeManager.java:register(273)) - Registered Data node : f25f2f12-09c4-49be-854e-f9e4c23216e7{ip: 192.168.5.160, host: byscane-nightly-xckjd-3238445761, networkLocation: /default-rack, certSerialId: null}
2019-08-23 03:31:16,456 | INFO  | SCMAudit | user=jenkins1000 | ip=192.168.5.160 | op=REGISTER {datanodeDetails=f25f2f12-09c4-49be-854e-f9e4c23216e7{ip: 192.168.5.160, host: byscane-nightly-xckjd-3238445761, networkLocation: /default-rack, certSerialId: null}} | ret=SUCCESS |  
2019-08-23 03:31:16,465 INFO  impl.RaftServerProxy (RaftServerProxy.java:addNew(89)) - f25f2f12-09c4-49be-854e-f9e4c23216e7: addNew group-FCB489F02FD9:[f25f2f12-09c4-49be-854e-f9e4c23216e7:192.168.5.160:39419] returns group-FCB489F02FD9:java.util.concurrent.CompletableFuture@7288ad07[Not completed]
2019-08-23 03:31:16,466 INFO  impl.RaftServerImpl (RaftServerImpl.java:<init>(93)) - f25f2f12-09c4-49be-854e-f9e4c23216e7: new RaftServerImpl for group-FCB489F02FD9:[f25f2f12-09c4-49be-854e-f9e4c23216e7:192.168.5.160:39419] with ContainerStateMachine:uninitialized
2019-08-23 03:31:16,467 INFO  server.RaftServerConfigKeys (ConfUtils.java:logGet(43)) - raft.server.rpc.timeout.min = 5s (custom)
2019-08-23 03:31:16,467 INFO  server.RaftServerConfigKeys (ConfUtils.java:logGet(43)) - raft.server.rpc.timeout.max = 5200ms (custom)
2019-08-23 03:31:16,467 INFO  server.RaftServerConfigKeys (ConfUtils.java:logGet(43)) - raft.server.rpcslowness.timeout = 120s (custom)
2019-08-23 03:31:16,467 INFO  server.RaftServerConfigKeys (ConfUtils.java:logGet(43)) - raft.server.sleep.deviation.threshold = 300 (default)
2019-08-23 03:31:16,467 INFO  server.RaftServerConfigKeys (ConfUtils.java:logGet(43)) - raft.server.log.appender.install.snapshot.enabled = false (custom)
2019-08-23 03:31:16,468 INFO  impl.RaftServerImpl (ServerState.java:<init>(105)) - f25f2f12-09c4-49be-854e-f9e4c23216e7:group-FCB489F02FD9 ConfigurationManager, init=-1: [f25f2f12-09c4-49be-854e-f9e4c23216e7:192.168.5.160:39419], old=null, confs=<EMPTY_MAP>
2019-08-23 03:31:16,468 INFO  server.RaftServerConfigKeys (ConfUtils.java:logGet(43)) - raft.server.storage.dir = [/workdir/hadoop-ozone/integration-test/target/test-dir/MiniOzoneClusterImpl-f17d844e-d9bf-4644-9288-fdb166d42e2d/datanode-3/data/ratis] (custom)
2019-08-23 03:31:16,469 INFO  storage.RaftStorageDirectory (RaftStorageDirectory.java:analyzeStorage(246)) - The storage directory /workdir/hadoop-ozone/integration-test/target/test-dir/MiniOzoneClusterImpl-f17d844e-d9bf-4644-9288-fdb166d42e2d/datanode-3/data/ratis/f94f3516-9967-4012-9790-fcb489f02fd9 does not exist. Creating ...
2019-08-23 03:31:16,481 INFO  storage.RaftStorageDirectory (RaftStorageDirectory.java:tryLock(328)) - Lock on /workdir/hadoop-ozone/integration-test/target/test-dir/MiniOzoneClusterImpl-f17d844e-d9bf-4644-9288-fdb166d42e2d/datanode-3/data/ratis/f94f3516-9967-4012-9790-fcb489f02fd9/in_use.lock acquired by nodename 22237@byscane-nightly-xckjd-3238445761
2019-08-23 03:31:16,494 INFO  storage.RaftStorage (RaftStorage.java:format(72)) - Storage directory /workdir/hadoop-ozone/integration-test/target/test-dir/MiniOzoneClusterImpl-f17d844e-d9bf-4644-9288-fdb166d42e2d/datanode-3/data/ratis/f94f3516-9967-4012-9790-fcb489f02fd9 has been successfully formatted.
2019-08-23 03:31:16,495 INFO  ratis.ContainerStateMachine (ContainerStateMachine.java:loadSnapshot(213)) - group-FCB489F02FD9: The snapshot info is null. Setting the last applied indexto:(t:0, i:~)
2019-08-23 03:31:16,495 INFO  server.RaftServerConfigKeys (ConfUtils.java:logGet(43)) - raft.server.leader.election.timeout = 120s (custom)
2019-08-23 03:31:16,495 INFO  server.RaftServerConfigKeys (ConfUtils.java:logGet(43)) - raft.server.log.use.memory = false (default)
2019-08-23 03:31:16,495 INFO  server.RaftServerConfigKeys (ConfUtils.java:logGet(43)) - raft.server.log.purge.gap = 1000000000 (custom)
2019-08-23 03:31:16,495 INFO  server.RaftServerConfigKeys (ConfUtils.java:logGet(43)) - raft.server.log.appender.buffer.byte-limit = 33554432 (custom)
2019-08-23 03:31:16,495 INFO  server.RaftServerConfigKeys (ConfUtils.java:logGet(43)) - raft.server.log.segment.size.max = 1048576 (custom)
2019-08-23 03:31:16,495 INFO  server.RaftServerConfigKeys (ConfUtils.java:logGet(43)) - raft.server.log.segment.cache.num.max = 2 (custom)
2019-08-23 03:31:16,495 INFO  segmented.SegmentedRaftLogWorker (SegmentedRaftLogWorker.java:<init>(172)) - new f25f2f12-09c4-49be-854e-f9e4c23216e7-SegmentedRaftLogWorker:Storage Directory /workdir/hadoop-ozone/integration-test/target/test-dir/MiniOzoneClusterImpl-f17d844e-d9bf-4644-9288-fdb166d42e2d/datanode-3/data/ratis/f94f3516-9967-4012-9790-fcb489f02fd9 for RaftStorage:Storage Directory /workdir/hadoop-ozone/integration-test/target/test-dir/MiniOzoneClusterImpl-f17d844e-d9bf-4644-9288-fdb166d42e2d/datanode-3/data/ratis/f94f3516-9967-4012-9790-fcb489f02fd9
2019-08-23 03:31:16,496 INFO  server.RaftServerConfigKeys (ConfUtils.java:logGet(43)) - raft.server.log.queue.byte-limit = 2147483647 (custom)
2019-08-23 03:31:16,496 INFO  server.RaftServerConfigKeys (ConfUtils.java:logGet(43)) - raft.server.log.queue.element-limit = 1024 (custom)
2019-08-23 03:31:16,496 INFO  server.RaftServerConfigKeys (ConfUtils.java:logGet(43)) - raft.server.log.segment.size.max = 1048576 (custom)
2019-08-23 03:31:16,496 INFO  server.RaftServerConfigKeys (ConfUtils.java:logGet(43)) - raft.server.log.preallocated.size = 16384 (custom)
2019-08-23 03:31:16,496 INFO  server.RaftServerConfigKeys (ConfUtils.java:logGet(43)) - raft.server.log.write.buffer.size = 33554432 (custom)
2019-08-23 03:31:16,496 INFO  server.RaftServerConfigKeys (ConfUtils.java:logGet(43)) - raft.server.log.force.sync.num = 128 (default)
2019-08-23 03:31:16,496 INFO  server.RaftServerConfigKeys (ConfUtils.java:logGet(43)) - raft.server.log.statemachine.data.sync = true (default)
2019-08-23 03:31:16,496 INFO  server.RaftServerConfigKeys (ConfUtils.java:logGet(43)) - raft.server.log.statemachine.data.sync.timeout = 10s (default)
2019-08-23 03:31:16,497 INFO  server.RaftServerConfigKeys (ConfUtils.java:logGet(43)) - raft.server.log.statemachine.data.sync.timeout.retry = -1 (default)
2019-08-23 03:31:16,497 INFO  server.RaftServerConfigKeys (ConfUtils.java:logGet(43)) - raft.server.log.statemachine.data.caching.enabled = true (custom)
2019-08-23 03:31:16,497 INFO  segmented.SegmentedRaftLogWorker (SegmentedRaftLogWorker.java:lambda$new$0(132)) - f25f2f12-09c4-49be-854e-f9e4c23216e7-SegmentedRaftLogWorker:Storage Directory /workdir/hadoop-ozone/integration-test/target/test-dir/MiniOzoneClusterImpl-f17d844e-d9bf-4644-9288-fdb166d42e2d/datanode-3/data/ratis/f94f3516-9967-4012-9790-fcb489f02fd9: flushIndex: setUnconditionally 0 -> -1
2019-08-23 03:31:16,497 INFO  server.RaftServerConfigKeys (ConfUtils.java:logGet(43)) - raft.server.snapshot.auto.trigger.enabled = true (custom)
2019-08-23 03:31:16,498 INFO  server.RaftServerConfigKeys (ConfUtils.java:logGet(43)) - raft.server.snapshot.auto.trigger.threshold = 10000 (custom)
2019-08-23 03:31:16,498 INFO  server.RaftServerConfigKeys (ConfUtils.java:logGet(43)) - raft.server.retrycache.expirytime = 600000ms (custom)
2019-08-23 03:31:16,498 INFO  impl.RaftServerImpl (RaftServerImpl.java:start(180)) - f25f2f12-09c4-49be-854e-f9e4c23216e7: start group-FCB489F02FD9
2019-08-23 03:31:16,498 INFO  impl.RaftServerImpl (RaftServerImpl.java:setRole(171)) - f25f2f12-09c4-49be-854e-f9e4c23216e7:group-FCB489F02FD9 changes role from null to FOLLOWER at term 0 for startAsFollower
2019-08-23 03:31:16,498 INFO  impl.RoleInfo (RoleInfo.java:updateAndGet(143)) - f25f2f12-09c4-49be-854e-f9e4c23216e7: start FollowerState
2019-08-23 03:31:16,499 INFO  util.JmxRegister (JmxRegister.java:tryRegister(44)) - Successfully registered JMX Bean with object name Ratis:service=RaftServer,group=group-FCB489F02FD9,id=f25f2f12-09c4-49be-854e-f9e4c23216e7
2019-08-23 03:31:16,501 INFO  pipeline.PipelineStateManager (PipelineStateManager.java:addPipeline(56)) - Created pipeline Pipeline[ Id: f94f3516-9967-4012-9790-fcb489f02fd9, Nodes: f25f2f12-09c4-49be-854e-f9e4c23216e7{ip: 192.168.5.160, host: byscane-nightly-xckjd-3238445761, networkLocation: /default-rack, certSerialId: null}, Type:RATIS, Factor:ONE, State:OPEN]
2019-08-23 03:31:16,605 INFO  net.NetworkTopology (NetworkTopologyImpl.java:add(110)) - Added a new node: /default-rack/3a8a9041-8520-4dc4-9e8b-2f4266e7e881
2019-08-23 03:31:16,606 INFO  node.SCMNodeManager (SCMNodeManager.java:register(273)) - Registered Data node : 3a8a9041-8520-4dc4-9e8b-2f4266e7e881{ip: 192.168.5.160, host: byscane-nightly-xckjd-3238445761, networkLocation: /default-rack, certSerialId: null}
2019-08-23 03:31:16,606 | INFO  | SCMAudit | user=jenkins1000 | ip=192.168.5.160 | op=REGISTER {datanodeDetails=3a8a9041-8520-4dc4-9e8b-2f4266e7e881{ip: 192.168.5.160, host: byscane-nightly-xckjd-3238445761, networkLocation: /default-rack, certSerialId: null}} | ret=SUCCESS |  
2019-08-23 03:31:16,616 INFO  impl.RaftServerProxy (RaftServerProxy.java:addNew(89)) - 3a8a9041-8520-4dc4-9e8b-2f4266e7e881: addNew group-4FFAB7CD04EB:[3a8a9041-8520-4dc4-9e8b-2f4266e7e881:192.168.5.160:32857] returns group-4FFAB7CD04EB:java.util.concurrent.CompletableFuture@41915e96[Not completed]
2019-08-23 03:31:16,618 INFO  impl.RaftServerImpl (RaftServerImpl.java:<init>(93)) - 3a8a9041-8520-4dc4-9e8b-2f4266e7e881: new RaftServerImpl for group-4FFAB7CD04EB:[3a8a9041-8520-4dc4-9e8b-2f4266e7e881:192.168.5.160:32857] with ContainerStateMachine:uninitialized
2019-08-23 03:31:16,618 INFO  server.RaftServerConfigKeys (ConfUtils.java:logGet(43)) - raft.server.rpc.timeout.min = 5s (custom)
2019-08-23 03:31:16,619 INFO  server.RaftServerConfigKeys (ConfUtils.java:logGet(43)) - raft.server.rpc.timeout.max = 5200ms (custom)
2019-08-23 03:31:16,619 INFO  server.RaftServerConfigKeys (ConfUtils.java:logGet(43)) - raft.server.rpcslowness.timeout = 120s (custom)
2019-08-23 03:31:16,619 INFO  server.RaftServerConfigKeys (ConfUtils.java:logGet(43)) - raft.server.sleep.deviation.threshold = 300 (default)
2019-08-23 03:31:16,619 INFO  server.RaftServerConfigKeys (ConfUtils.java:logGet(43)) - raft.server.log.appender.install.snapshot.enabled = false (custom)
2019-08-23 03:31:16,619 INFO  impl.RaftServerImpl (ServerState.java:<init>(105)) - 3a8a9041-8520-4dc4-9e8b-2f4266e7e881:group-4FFAB7CD04EB ConfigurationManager, init=-1: [3a8a9041-8520-4dc4-9e8b-2f4266e7e881:192.168.5.160:32857], old=null, confs=<EMPTY_MAP>
2019-08-23 03:31:16,619 INFO  server.RaftServerConfigKeys (ConfUtils.java:logGet(43)) - raft.server.storage.dir = [/workdir/hadoop-ozone/integration-test/target/test-dir/MiniOzoneClusterImpl-f17d844e-d9bf-4644-9288-fdb166d42e2d/datanode-4/data/ratis] (custom)
2019-08-23 03:31:16,620 INFO  storage.RaftStorageDirectory (RaftStorageDirectory.java:analyzeStorage(246)) - The storage directory /workdir/hadoop-ozone/integration-test/target/test-dir/MiniOzoneClusterImpl-f17d844e-d9bf-4644-9288-fdb166d42e2d/datanode-4/data/ratis/a6b28ed4-099b-41f5-8723-4ffab7cd04eb does not exist. Creating ...
2019-08-23 03:31:16,633 INFO  storage.RaftStorageDirectory (RaftStorageDirectory.java:tryLock(328)) - Lock on /workdir/hadoop-ozone/integration-test/target/test-dir/MiniOzoneClusterImpl-f17d844e-d9bf-4644-9288-fdb166d42e2d/datanode-4/data/ratis/a6b28ed4-099b-41f5-8723-4ffab7cd04eb/in_use.lock acquired by nodename 22237@byscane-nightly-xckjd-3238445761
2019-08-23 03:31:16,646 INFO  storage.RaftStorage (RaftStorage.java:format(72)) - Storage directory /workdir/hadoop-ozone/integration-test/target/test-dir/MiniOzoneClusterImpl-f17d844e-d9bf-4644-9288-fdb166d42e2d/datanode-4/data/ratis/a6b28ed4-099b-41f5-8723-4ffab7cd04eb has been successfully formatted.
2019-08-23 03:31:16,646 INFO  ratis.ContainerStateMachine (ContainerStateMachine.java:loadSnapshot(213)) - group-4FFAB7CD04EB: The snapshot info is null. Setting the last applied indexto:(t:0, i:~)
2019-08-23 03:31:16,647 INFO  server.RaftServerConfigKeys (ConfUtils.java:logGet(43)) - raft.server.leader.election.timeout = 120s (custom)
2019-08-23 03:31:16,647 INFO  server.RaftServerConfigKeys (ConfUtils.java:logGet(43)) - raft.server.log.use.memory = false (default)
2019-08-23 03:31:16,647 INFO  server.RaftServerConfigKeys (ConfUtils.java:logGet(43)) - raft.server.log.purge.gap = 1000000000 (custom)
2019-08-23 03:31:16,647 INFO  server.RaftServerConfigKeys (ConfUtils.java:logGet(43)) - raft.server.log.appender.buffer.byte-limit = 33554432 (custom)
2019-08-23 03:31:16,647 INFO  server.RaftServerConfigKeys (ConfUtils.java:logGet(43)) - raft.server.log.segment.size.max = 1048576 (custom)
2019-08-23 03:31:16,647 INFO  server.RaftServerConfigKeys (ConfUtils.java:logGet(43)) - raft.server.log.segment.cache.num.max = 2 (custom)
2019-08-23 03:31:16,648 INFO  segmented.SegmentedRaftLogWorker (SegmentedRaftLogWorker.java:<init>(172)) - new 3a8a9041-8520-4dc4-9e8b-2f4266e7e881-SegmentedRaftLogWorker:Storage Directory /workdir/hadoop-ozone/integration-test/target/test-dir/MiniOzoneClusterImpl-f17d844e-d9bf-4644-9288-fdb166d42e2d/datanode-4/data/ratis/a6b28ed4-099b-41f5-8723-4ffab7cd04eb for RaftStorage:Storage Directory /workdir/hadoop-ozone/integration-test/target/test-dir/MiniOzoneClusterImpl-f17d844e-d9bf-4644-9288-fdb166d42e2d/datanode-4/data/ratis/a6b28ed4-099b-41f5-8723-4ffab7cd04eb
2019-08-23 03:31:16,648 INFO  server.RaftServerConfigKeys (ConfUtils.java:logGet(43)) - raft.server.log.queue.byte-limit = 2147483647 (custom)
2019-08-23 03:31:16,648 INFO  server.RaftServerConfigKeys (ConfUtils.java:logGet(43)) - raft.server.log.queue.element-limit = 1024 (custom)
2019-08-23 03:31:16,648 INFO  server.RaftServerConfigKeys (ConfUtils.java:logGet(43)) - raft.server.log.segment.size.max = 1048576 (custom)
2019-08-23 03:31:16,648 INFO  server.RaftServerConfigKeys (ConfUtils.java:logGet(43)) - raft.server.log.preallocated.size = 16384 (custom)
2019-08-23 03:31:16,648 INFO  server.RaftServerConfigKeys (ConfUtils.java:logGet(43)) - raft.server.log.write.buffer.size = 33554432 (custom)
2019-08-23 03:31:16,648 INFO  server.RaftServerConfigKeys (ConfUtils.java:logGet(43)) - raft.server.log.force.sync.num = 128 (default)
2019-08-23 03:31:16,649 INFO  server.RaftServerConfigKeys (ConfUtils.java:logGet(43)) - raft.server.log.statemachine.data.sync = true (default)
2019-08-23 03:31:16,649 INFO  server.RaftServerConfigKeys (ConfUtils.java:logGet(43)) - raft.server.log.statemachine.data.sync.timeout = 10s (default)
2019-08-23 03:31:16,649 INFO  server.RaftServerConfigKeys (ConfUtils.java:logGet(43)) - raft.server.log.statemachine.data.sync.timeout.retry = -1 (default)
2019-08-23 03:31:16,649 INFO  server.RaftServerConfigKeys (ConfUtils.java:logGet(43)) - raft.server.log.statemachine.data.caching.enabled = true (custom)
2019-08-23 03:31:16,649 INFO  segmented.SegmentedRaftLogWorker (SegmentedRaftLogWorker.java:lambda$new$0(132)) - 3a8a9041-8520-4dc4-9e8b-2f4266e7e881-SegmentedRaftLogWorker:Storage Directory /workdir/hadoop-ozone/integration-test/target/test-dir/MiniOzoneClusterImpl-f17d844e-d9bf-4644-9288-fdb166d42e2d/datanode-4/data/ratis/a6b28ed4-099b-41f5-8723-4ffab7cd04eb: flushIndex: setUnconditionally 0 -> -1
2019-08-23 03:31:16,650 INFO  server.RaftServerConfigKeys (ConfUtils.java:logGet(43)) - raft.server.snapshot.auto.trigger.enabled = true (custom)
2019-08-23 03:31:16,650 INFO  server.RaftServerConfigKeys (ConfUtils.java:logGet(43)) - raft.server.snapshot.auto.trigger.threshold = 10000 (custom)
2019-08-23 03:31:16,650 INFO  server.RaftServerConfigKeys (ConfUtils.java:logGet(43)) - raft.server.retrycache.expirytime = 600000ms (custom)
2019-08-23 03:31:16,650 INFO  impl.RaftServerImpl (RaftServerImpl.java:start(180)) - 3a8a9041-8520-4dc4-9e8b-2f4266e7e881: start group-4FFAB7CD04EB
2019-08-23 03:31:16,651 INFO  impl.RaftServerImpl (RaftServerImpl.java:setRole(171)) - 3a8a9041-8520-4dc4-9e8b-2f4266e7e881:group-4FFAB7CD04EB changes role from null to FOLLOWER at term 0 for startAsFollower
2019-08-23 03:31:16,651 INFO  impl.RoleInfo (RoleInfo.java:updateAndGet(143)) - 3a8a9041-8520-4dc4-9e8b-2f4266e7e881: start FollowerState
2019-08-23 03:31:16,651 INFO  util.JmxRegister (JmxRegister.java:tryRegister(44)) - Successfully registered JMX Bean with object name Ratis:service=RaftServer,group=group-4FFAB7CD04EB,id=3a8a9041-8520-4dc4-9e8b-2f4266e7e881
2019-08-23 03:31:16,655 INFO  pipeline.PipelineStateManager (PipelineStateManager.java:addPipeline(56)) - Created pipeline Pipeline[ Id: a6b28ed4-099b-41f5-8723-4ffab7cd04eb, Nodes: 3a8a9041-8520-4dc4-9e8b-2f4266e7e881{ip: 192.168.5.160, host: byscane-nightly-xckjd-3238445761, networkLocation: /default-rack, certSerialId: null}, Type:RATIS, Factor:ONE, State:OPEN]
2019-08-23 03:31:16,766 INFO  net.NetworkTopology (NetworkTopologyImpl.java:add(110)) - Added a new node: /default-rack/7b667a59-4125-4545-8251-4eff5c4dfadd
2019-08-23 03:31:16,766 INFO  node.SCMNodeManager (SCMNodeManager.java:register(273)) - Registered Data node : 7b667a59-4125-4545-8251-4eff5c4dfadd{ip: 192.168.5.160, host: byscane-nightly-xckjd-3238445761, networkLocation: /default-rack, certSerialId: null}
2019-08-23 03:31:16,767 | INFO  | SCMAudit | user=jenkins1000 | ip=192.168.5.160 | op=REGISTER {datanodeDetails=7b667a59-4125-4545-8251-4eff5c4dfadd{ip: 192.168.5.160, host: byscane-nightly-xckjd-3238445761, networkLocation: /default-rack, certSerialId: null}} | ret=SUCCESS |  
2019-08-23 03:31:16,775 INFO  impl.RaftServerProxy (RaftServerProxy.java:addNew(89)) - 7b667a59-4125-4545-8251-4eff5c4dfadd: addNew group-C54C985D9D55:[7b667a59-4125-4545-8251-4eff5c4dfadd:192.168.5.160:43552] returns group-C54C985D9D55:java.util.concurrent.CompletableFuture@5ae956e[Not completed]
2019-08-23 03:31:16,777 INFO  impl.RaftServerImpl (RaftServerImpl.java:<init>(93)) - 7b667a59-4125-4545-8251-4eff5c4dfadd: new RaftServerImpl for group-C54C985D9D55:[7b667a59-4125-4545-8251-4eff5c4dfadd:192.168.5.160:43552] with ContainerStateMachine:uninitialized
2019-08-23 03:31:16,777 INFO  server.RaftServerConfigKeys (ConfUtils.java:logGet(43)) - raft.server.rpc.timeout.min = 5s (custom)
2019-08-23 03:31:16,777 INFO  server.RaftServerConfigKeys (ConfUtils.java:logGet(43)) - raft.server.rpc.timeout.max = 5200ms (custom)
2019-08-23 03:31:16,777 INFO  server.RaftServerConfigKeys (ConfUtils.java:logGet(43)) - raft.server.rpcslowness.timeout = 120s (custom)
2019-08-23 03:31:16,777 INFO  server.RaftServerConfigKeys (ConfUtils.java:logGet(43)) - raft.server.sleep.deviation.threshold = 300 (default)
2019-08-23 03:31:16,777 INFO  server.RaftServerConfigKeys (ConfUtils.java:logGet(43)) - raft.server.log.appender.install.snapshot.enabled = false (custom)
2019-08-23 03:31:16,777 INFO  impl.RaftServerImpl (ServerState.java:<init>(105)) - 7b667a59-4125-4545-8251-4eff5c4dfadd:group-C54C985D9D55 ConfigurationManager, init=-1: [7b667a59-4125-4545-8251-4eff5c4dfadd:192.168.5.160:43552], old=null, confs=<EMPTY_MAP>
2019-08-23 03:31:16,778 INFO  server.RaftServerConfigKeys (ConfUtils.java:logGet(43)) - raft.server.storage.dir = [/workdir/hadoop-ozone/integration-test/target/test-dir/MiniOzoneClusterImpl-f17d844e-d9bf-4644-9288-fdb166d42e2d/datanode-5/data/ratis] (custom)
2019-08-23 03:31:16,778 INFO  storage.RaftStorageDirectory (RaftStorageDirectory.java:analyzeStorage(246)) - The storage directory /workdir/hadoop-ozone/integration-test/target/test-dir/MiniOzoneClusterImpl-f17d844e-d9bf-4644-9288-fdb166d42e2d/datanode-5/data/ratis/810fc208-0e2b-4d9b-bcca-c54c985d9d55 does not exist. Creating ...
2019-08-23 03:31:16,803 INFO  storage.RaftStorageDirectory (RaftStorageDirectory.java:tryLock(328)) - Lock on /workdir/hadoop-ozone/integration-test/target/test-dir/MiniOzoneClusterImpl-f17d844e-d9bf-4644-9288-fdb166d42e2d/datanode-5/data/ratis/810fc208-0e2b-4d9b-bcca-c54c985d9d55/in_use.lock acquired by nodename 22237@byscane-nightly-xckjd-3238445761
2019-08-23 03:31:16,849 INFO  storage.RaftStorage (RaftStorage.java:format(72)) - Storage directory /workdir/hadoop-ozone/integration-test/target/test-dir/MiniOzoneClusterImpl-f17d844e-d9bf-4644-9288-fdb166d42e2d/datanode-5/data/ratis/810fc208-0e2b-4d9b-bcca-c54c985d9d55 has been successfully formatted.
2019-08-23 03:31:16,850 INFO  ratis.ContainerStateMachine (ContainerStateMachine.java:loadSnapshot(213)) - group-C54C985D9D55: The snapshot info is null. Setting the last applied indexto:(t:0, i:~)
2019-08-23 03:31:16,850 INFO  server.RaftServerConfigKeys (ConfUtils.java:logGet(43)) - raft.server.leader.election.timeout = 120s (custom)
2019-08-23 03:31:16,850 INFO  server.RaftServerConfigKeys (ConfUtils.java:logGet(43)) - raft.server.log.use.memory = false (default)
2019-08-23 03:31:16,850 INFO  server.RaftServerConfigKeys (ConfUtils.java:logGet(43)) - raft.server.log.purge.gap = 1000000000 (custom)
2019-08-23 03:31:16,850 INFO  server.RaftServerConfigKeys (ConfUtils.java:logGet(43)) - raft.server.log.appender.buffer.byte-limit = 33554432 (custom)
2019-08-23 03:31:16,851 INFO  server.RaftServerConfigKeys (ConfUtils.java:logGet(43)) - raft.server.log.segment.size.max = 1048576 (custom)
2019-08-23 03:31:16,851 INFO  server.RaftServerConfigKeys (ConfUtils.java:logGet(43)) - raft.server.log.segment.cache.num.max = 2 (custom)
2019-08-23 03:31:16,851 INFO  segmented.SegmentedRaftLogWorker (SegmentedRaftLogWorker.java:<init>(172)) - new 7b667a59-4125-4545-8251-4eff5c4dfadd-SegmentedRaftLogWorker:Storage Directory /workdir/hadoop-ozone/integration-test/target/test-dir/MiniOzoneClusterImpl-f17d844e-d9bf-4644-9288-fdb166d42e2d/datanode-5/data/ratis/810fc208-0e2b-4d9b-bcca-c54c985d9d55 for RaftStorage:Storage Directory /workdir/hadoop-ozone/integration-test/target/test-dir/MiniOzoneClusterImpl-f17d844e-d9bf-4644-9288-fdb166d42e2d/datanode-5/data/ratis/810fc208-0e2b-4d9b-bcca-c54c985d9d55
2019-08-23 03:31:16,851 INFO  server.RaftServerConfigKeys (ConfUtils.java:logGet(43)) - raft.server.log.queue.byte-limit = 2147483647 (custom)
2019-08-23 03:31:16,851 INFO  server.RaftServerConfigKeys (ConfUtils.java:logGet(43)) - raft.server.log.queue.element-limit = 1024 (custom)
2019-08-23 03:31:16,852 INFO  server.RaftServerConfigKeys (ConfUtils.java:logGet(43)) - raft.server.log.segment.size.max = 1048576 (custom)
2019-08-23 03:31:16,852 INFO  server.RaftServerConfigKeys (ConfUtils.java:logGet(43)) - raft.server.log.preallocated.size = 16384 (custom)
2019-08-23 03:31:16,852 INFO  server.RaftServerConfigKeys (ConfUtils.java:logGet(43)) - raft.server.log.write.buffer.size = 33554432 (custom)
2019-08-23 03:31:16,852 INFO  server.RaftServerConfigKeys (ConfUtils.java:logGet(43)) - raft.server.log.force.sync.num = 128 (default)
2019-08-23 03:31:16,853 INFO  server.RaftServerConfigKeys (ConfUtils.java:logGet(43)) - raft.server.log.statemachine.data.sync = true (default)
2019-08-23 03:31:16,853 INFO  server.RaftServerConfigKeys (ConfUtils.java:logGet(43)) - raft.server.log.statemachine.data.sync.timeout = 10s (default)
2019-08-23 03:31:16,853 INFO  server.RaftServerConfigKeys (ConfUtils.java:logGet(43)) - raft.server.log.statemachine.data.sync.timeout.retry = -1 (default)
2019-08-23 03:31:16,853 INFO  server.RaftServerConfigKeys (ConfUtils.java:logGet(43)) - raft.server.log.statemachine.data.caching.enabled = true (custom)
2019-08-23 03:31:16,854 INFO  segmented.SegmentedRaftLogWorker (SegmentedRaftLogWorker.java:lambda$new$0(132)) - 7b667a59-4125-4545-8251-4eff5c4dfadd-SegmentedRaftLogWorker:Storage Directory /workdir/hadoop-ozone/integration-test/target/test-dir/MiniOzoneClusterImpl-f17d844e-d9bf-4644-9288-fdb166d42e2d/datanode-5/data/ratis/810fc208-0e2b-4d9b-bcca-c54c985d9d55: flushIndex: setUnconditionally 0 -> -1
2019-08-23 03:31:16,854 INFO  server.RaftServerConfigKeys (ConfUtils.java:logGet(43)) - raft.server.snapshot.auto.trigger.enabled = true (custom)
2019-08-23 03:31:16,854 INFO  server.RaftServerConfigKeys (ConfUtils.java:logGet(43)) - raft.server.snapshot.auto.trigger.threshold = 10000 (custom)
2019-08-23 03:31:16,855 INFO  server.RaftServerConfigKeys (ConfUtils.java:logGet(43)) - raft.server.retrycache.expirytime = 600000ms (custom)
2019-08-23 03:31:16,855 INFO  impl.RaftServerImpl (RaftServerImpl.java:start(180)) - 7b667a59-4125-4545-8251-4eff5c4dfadd: start group-C54C985D9D55
2019-08-23 03:31:16,855 INFO  impl.RaftServerImpl (RaftServerImpl.java:setRole(171)) - 7b667a59-4125-4545-8251-4eff5c4dfadd:group-C54C985D9D55 changes role from null to FOLLOWER at term 0 for startAsFollower
2019-08-23 03:31:16,855 INFO  impl.RoleInfo (RoleInfo.java:updateAndGet(143)) - 7b667a59-4125-4545-8251-4eff5c4dfadd: start FollowerState
2019-08-23 03:31:16,856 INFO  util.JmxRegister (JmxRegister.java:tryRegister(44)) - Successfully registered JMX Bean with object name Ratis:service=RaftServer,group=group-C54C985D9D55,id=7b667a59-4125-4545-8251-4eff5c4dfadd
2019-08-23 03:31:16,859 INFO  pipeline.PipelineStateManager (PipelineStateManager.java:addPipeline(56)) - Created pipeline Pipeline[ Id: 810fc208-0e2b-4d9b-bcca-c54c985d9d55, Nodes: 7b667a59-4125-4545-8251-4eff5c4dfadd{ip: 192.168.5.160, host: byscane-nightly-xckjd-3238445761, networkLocation: /default-rack, certSerialId: null}, Type:RATIS, Factor:ONE, State:OPEN]
2019-08-23 03:31:16,878 INFO  impl.RaftServerProxy (RaftServerProxy.java:addNew(89)) - f25f2f12-09c4-49be-854e-f9e4c23216e7: addNew group-E5176CE0969B:[f25f2f12-09c4-49be-854e-f9e4c23216e7:192.168.5.160:39419, 3a8a9041-8520-4dc4-9e8b-2f4266e7e881:192.168.5.160:32857, 7b667a59-4125-4545-8251-4eff5c4dfadd:192.168.5.160:43552] returns group-E5176CE0969B:java.util.concurrent.CompletableFuture@59e00908[Not completed]
2019-08-23 03:31:16,878 INFO  impl.RaftServerProxy (RaftServerProxy.java:addNew(89)) - 7b667a59-4125-4545-8251-4eff5c4dfadd: addNew group-E5176CE0969B:[f25f2f12-09c4-49be-854e-f9e4c23216e7:192.168.5.160:39419, 3a8a9041-8520-4dc4-9e8b-2f4266e7e881:192.168.5.160:32857, 7b667a59-4125-4545-8251-4eff5c4dfadd:192.168.5.160:43552] returns group-E5176CE0969B:java.util.concurrent.CompletableFuture@998cbc6[Not completed]
2019-08-23 03:31:16,878 INFO  impl.RaftServerProxy (RaftServerProxy.java:addNew(89)) - 3a8a9041-8520-4dc4-9e8b-2f4266e7e881: addNew group-E5176CE0969B:[f25f2f12-09c4-49be-854e-f9e4c23216e7:192.168.5.160:39419, 3a8a9041-8520-4dc4-9e8b-2f4266e7e881:192.168.5.160:32857, 7b667a59-4125-4545-8251-4eff5c4dfadd:192.168.5.160:43552] returns group-E5176CE0969B:java.util.concurrent.CompletableFuture@4d2aadf8[Not completed]
2019-08-23 03:31:16,879 INFO  impl.RaftServerImpl (RaftServerImpl.java:<init>(93)) - 3a8a9041-8520-4dc4-9e8b-2f4266e7e881: new RaftServerImpl for group-E5176CE0969B:[f25f2f12-09c4-49be-854e-f9e4c23216e7:192.168.5.160:39419, 3a8a9041-8520-4dc4-9e8b-2f4266e7e881:192.168.5.160:32857, 7b667a59-4125-4545-8251-4eff5c4dfadd:192.168.5.160:43552] with ContainerStateMachine:uninitialized
2019-08-23 03:31:16,879 INFO  server.RaftServerConfigKeys (ConfUtils.java:logGet(43)) - raft.server.rpc.timeout.min = 5s (custom)
2019-08-23 03:31:16,879 INFO  server.RaftServerConfigKeys (ConfUtils.java:logGet(43)) - raft.server.rpc.timeout.max = 5200ms (custom)
2019-08-23 03:31:16,879 INFO  server.RaftServerConfigKeys (ConfUtils.java:logGet(43)) - raft.server.rpcslowness.timeout = 120s (custom)
2019-08-23 03:31:16,879 INFO  server.RaftServerConfigKeys (ConfUtils.java:logGet(43)) - raft.server.sleep.deviation.threshold = 300 (default)
2019-08-23 03:31:16,879 INFO  server.RaftServerConfigKeys (ConfUtils.java:logGet(43)) - raft.server.log.appender.install.snapshot.enabled = false (custom)
2019-08-23 03:31:16,880 INFO  impl.RaftServerImpl (RaftServerImpl.java:<init>(93)) - 7b667a59-4125-4545-8251-4eff5c4dfadd: new RaftServerImpl for group-E5176CE0969B:[f25f2f12-09c4-49be-854e-f9e4c23216e7:192.168.5.160:39419, 3a8a9041-8520-4dc4-9e8b-2f4266e7e881:192.168.5.160:32857, 7b667a59-4125-4545-8251-4eff5c4dfadd:192.168.5.160:43552] with ContainerStateMachine:uninitialized
2019-08-23 03:31:16,880 INFO  impl.RaftServerImpl (ServerState.java:<init>(105)) - 3a8a9041-8520-4dc4-9e8b-2f4266e7e881:group-E5176CE0969B ConfigurationManager, init=-1: [f25f2f12-09c4-49be-854e-f9e4c23216e7:192.168.5.160:39419, 3a8a9041-8520-4dc4-9e8b-2f4266e7e881:192.168.5.160:32857, 7b667a59-4125-4545-8251-4eff5c4dfadd:192.168.5.160:43552], old=null, confs=<EMPTY_MAP>
2019-08-23 03:31:16,880 INFO  server.RaftServerConfigKeys (ConfUtils.java:logGet(43)) - raft.server.rpc.timeout.min = 5s (custom)
2019-08-23 03:31:16,880 INFO  server.RaftServerConfigKeys (ConfUtils.java:logGet(43)) - raft.server.storage.dir = [/workdir/hadoop-ozone/integration-test/target/test-dir/MiniOzoneClusterImpl-f17d844e-d9bf-4644-9288-fdb166d42e2d/datanode-4/data/ratis] (custom)
2019-08-23 03:31:16,880 INFO  impl.RaftServerImpl (RaftServerImpl.java:<init>(93)) - f25f2f12-09c4-49be-854e-f9e4c23216e7: new RaftServerImpl for group-E5176CE0969B:[f25f2f12-09c4-49be-854e-f9e4c23216e7:192.168.5.160:39419, 3a8a9041-8520-4dc4-9e8b-2f4266e7e881:192.168.5.160:32857, 7b667a59-4125-4545-8251-4eff5c4dfadd:192.168.5.160:43552] with ContainerStateMachine:uninitialized
2019-08-23 03:31:16,880 INFO  server.RaftServerConfigKeys (ConfUtils.java:logGet(43)) - raft.server.rpc.timeout.max = 5200ms (custom)
2019-08-23 03:31:16,880 INFO  server.RaftServerConfigKeys (ConfUtils.java:logGet(43)) - raft.server.rpc.timeout.min = 5s (custom)
2019-08-23 03:31:16,880 INFO  server.RaftServerConfigKeys (ConfUtils.java:logGet(43)) - raft.server.rpcslowness.timeout = 120s (custom)
2019-08-23 03:31:16,880 INFO  storage.RaftStorageDirectory (RaftStorageDirectory.java:analyzeStorage(246)) - The storage directory /workdir/hadoop-ozone/integration-test/target/test-dir/MiniOzoneClusterImpl-f17d844e-d9bf-4644-9288-fdb166d42e2d/datanode-4/data/ratis/7f367c4f-1693-4545-b008-e5176ce0969b does not exist. Creating ...
2019-08-23 03:31:16,881 INFO  server.RaftServerConfigKeys (ConfUtils.java:logGet(43)) - raft.server.sleep.deviation.threshold = 300 (default)
2019-08-23 03:31:16,880 INFO  server.RaftServerConfigKeys (ConfUtils.java:logGet(43)) - raft.server.rpc.timeout.max = 5200ms (custom)
2019-08-23 03:31:16,881 INFO  server.RaftServerConfigKeys (ConfUtils.java:logGet(43)) - raft.server.log.appender.install.snapshot.enabled = false (custom)
2019-08-23 03:31:16,881 INFO  server.RaftServerConfigKeys (ConfUtils.java:logGet(43)) - raft.server.rpcslowness.timeout = 120s (custom)
2019-08-23 03:31:16,881 INFO  impl.RaftServerImpl (ServerState.java:<init>(105)) - 7b667a59-4125-4545-8251-4eff5c4dfadd:group-E5176CE0969B ConfigurationManager, init=-1: [f25f2f12-09c4-49be-854e-f9e4c23216e7:192.168.5.160:39419, 3a8a9041-8520-4dc4-9e8b-2f4266e7e881:192.168.5.160:32857, 7b667a59-4125-4545-8251-4eff5c4dfadd:192.168.5.160:43552], old=null, confs=<EMPTY_MAP>
2019-08-23 03:31:16,881 INFO  server.RaftServerConfigKeys (ConfUtils.java:logGet(43)) - raft.server.sleep.deviation.threshold = 300 (default)
2019-08-23 03:31:16,881 INFO  server.RaftServerConfigKeys (ConfUtils.java:logGet(43)) - raft.server.storage.dir = [/workdir/hadoop-ozone/integration-test/target/test-dir/MiniOzoneClusterImpl-f17d844e-d9bf-4644-9288-fdb166d42e2d/datanode-5/data/ratis] (custom)
2019-08-23 03:31:16,881 INFO  server.RaftServerConfigKeys (ConfUtils.java:logGet(43)) - raft.server.log.appender.install.snapshot.enabled = false (custom)
2019-08-23 03:31:16,881 INFO  impl.RaftServerImpl (ServerState.java:<init>(105)) - f25f2f12-09c4-49be-854e-f9e4c23216e7:group-E5176CE0969B ConfigurationManager, init=-1: [f25f2f12-09c4-49be-854e-f9e4c23216e7:192.168.5.160:39419, 3a8a9041-8520-4dc4-9e8b-2f4266e7e881:192.168.5.160:32857, 7b667a59-4125-4545-8251-4eff5c4dfadd:192.168.5.160:43552], old=null, confs=<EMPTY_MAP>
2019-08-23 03:31:16,882 INFO  server.RaftServerConfigKeys (ConfUtils.java:logGet(43)) - raft.server.storage.dir = [/workdir/hadoop-ozone/integration-test/target/test-dir/MiniOzoneClusterImpl-f17d844e-d9bf-4644-9288-fdb166d42e2d/datanode-3/data/ratis] (custom)
2019-08-23 03:31:16,882 INFO  storage.RaftStorageDirectory (RaftStorageDirectory.java:analyzeStorage(246)) - The storage directory /workdir/hadoop-ozone/integration-test/target/test-dir/MiniOzoneClusterImpl-f17d844e-d9bf-4644-9288-fdb166d42e2d/datanode-5/data/ratis/7f367c4f-1693-4545-b008-e5176ce0969b does not exist. Creating ...
2019-08-23 03:31:16,882 INFO  storage.RaftStorageDirectory (RaftStorageDirectory.java:analyzeStorage(246)) - The storage directory /workdir/hadoop-ozone/integration-test/target/test-dir/MiniOzoneClusterImpl-f17d844e-d9bf-4644-9288-fdb166d42e2d/datanode-3/data/ratis/7f367c4f-1693-4545-b008-e5176ce0969b does not exist. Creating ...
2019-08-23 03:31:16,894 INFO  storage.RaftStorageDirectory (RaftStorageDirectory.java:tryLock(328)) - Lock on /workdir/hadoop-ozone/integration-test/target/test-dir/MiniOzoneClusterImpl-f17d844e-d9bf-4644-9288-fdb166d42e2d/datanode-5/data/ratis/7f367c4f-1693-4545-b008-e5176ce0969b/in_use.lock acquired by nodename 22237@byscane-nightly-xckjd-3238445761
2019-08-23 03:31:16,894 INFO  storage.RaftStorageDirectory (RaftStorageDirectory.java:tryLock(328)) - Lock on /workdir/hadoop-ozone/integration-test/target/test-dir/MiniOzoneClusterImpl-f17d844e-d9bf-4644-9288-fdb166d42e2d/datanode-4/data/ratis/7f367c4f-1693-4545-b008-e5176ce0969b/in_use.lock acquired by nodename 22237@byscane-nightly-xckjd-3238445761
2019-08-23 03:31:16,894 INFO  storage.RaftStorageDirectory (RaftStorageDirectory.java:tryLock(328)) - Lock on /workdir/hadoop-ozone/integration-test/target/test-dir/MiniOzoneClusterImpl-f17d844e-d9bf-4644-9288-fdb166d42e2d/datanode-3/data/ratis/7f367c4f-1693-4545-b008-e5176ce0969b/in_use.lock acquired by nodename 22237@byscane-nightly-xckjd-3238445761
2019-08-23 03:31:16,908 INFO  storage.RaftStorage (RaftStorage.java:format(72)) - Storage directory /workdir/hadoop-ozone/integration-test/target/test-dir/MiniOzoneClusterImpl-f17d844e-d9bf-4644-9288-fdb166d42e2d/datanode-5/data/ratis/7f367c4f-1693-4545-b008-e5176ce0969b has been successfully formatted.
2019-08-23 03:31:16,908 INFO  storage.RaftStorage (RaftStorage.java:format(72)) - Storage directory /workdir/hadoop-ozone/integration-test/target/test-dir/MiniOzoneClusterImpl-f17d844e-d9bf-4644-9288-fdb166d42e2d/datanode-4/data/ratis/7f367c4f-1693-4545-b008-e5176ce0969b has been successfully formatted.
2019-08-23 03:31:16,908 INFO  storage.RaftStorage (RaftStorage.java:format(72)) - Storage directory /workdir/hadoop-ozone/integration-test/target/test-dir/MiniOzoneClusterImpl-f17d844e-d9bf-4644-9288-fdb166d42e2d/datanode-3/data/ratis/7f367c4f-1693-4545-b008-e5176ce0969b has been successfully formatted.
2019-08-23 03:31:16,908 INFO  ratis.ContainerStateMachine (ContainerStateMachine.java:loadSnapshot(213)) - group-E5176CE0969B: The snapshot info is null. Setting the last applied indexto:(t:0, i:~)
2019-08-23 03:31:16,908 INFO  ratis.ContainerStateMachine (ContainerStateMachine.java:loadSnapshot(213)) - group-E5176CE0969B: The snapshot info is null. Setting the last applied indexto:(t:0, i:~)
2019-08-23 03:31:16,908 INFO  ratis.ContainerStateMachine (ContainerStateMachine.java:loadSnapshot(213)) - group-E5176CE0969B: The snapshot info is null. Setting the last applied indexto:(t:0, i:~)
2019-08-23 03:31:16,909 INFO  server.RaftServerConfigKeys (ConfUtils.java:logGet(43)) - raft.server.leader.election.timeout = 120s (custom)
2019-08-23 03:31:16,908 INFO  server.RaftServerConfigKeys (ConfUtils.java:logGet(43)) - raft.server.leader.election.timeout = 120s (custom)
2019-08-23 03:31:16,909 INFO  server.RaftServerConfigKeys (ConfUtils.java:logGet(43)) - raft.server.log.use.memory = false (default)
2019-08-23 03:31:16,909 INFO  server.RaftServerConfigKeys (ConfUtils.java:logGet(43)) - raft.server.leader.election.timeout = 120s (custom)
2019-08-23 03:31:16,909 INFO  server.RaftServerConfigKeys (ConfUtils.java:logGet(43)) - raft.server.log.purge.gap = 1000000000 (custom)
2019-08-23 03:31:16,909 INFO  server.RaftServerConfigKeys (ConfUtils.java:logGet(43)) - raft.server.log.use.memory = false (default)
2019-08-23 03:31:16,909 INFO  server.RaftServerConfigKeys (ConfUtils.java:logGet(43)) - raft.server.log.appender.buffer.byte-limit = 33554432 (custom)
2019-08-23 03:31:16,909 INFO  server.RaftServerConfigKeys (ConfUtils.java:logGet(43)) - raft.server.log.use.memory = false (default)
2019-08-23 03:31:16,910 INFO  server.RaftServerConfigKeys (ConfUtils.java:logGet(43)) - raft.server.log.segment.size.max = 1048576 (custom)
2019-08-23 03:31:16,909 INFO  server.RaftServerConfigKeys (ConfUtils.java:logGet(43)) - raft.server.log.purge.gap = 1000000000 (custom)
2019-08-23 03:31:16,910 INFO  server.RaftServerConfigKeys (ConfUtils.java:logGet(43)) - raft.server.log.segment.cache.num.max = 2 (custom)
2019-08-23 03:31:16,910 INFO  server.RaftServerConfigKeys (ConfUtils.java:logGet(43)) - raft.server.log.purge.gap = 1000000000 (custom)
2019-08-23 03:31:16,910 INFO  segmented.SegmentedRaftLogWorker (SegmentedRaftLogWorker.java:<init>(172)) - new f25f2f12-09c4-49be-854e-f9e4c23216e7-SegmentedRaftLogWorker:Storage Directory /workdir/hadoop-ozone/integration-test/target/test-dir/MiniOzoneClusterImpl-f17d844e-d9bf-4644-9288-fdb166d42e2d/datanode-3/data/ratis/7f367c4f-1693-4545-b008-e5176ce0969b for RaftStorage:Storage Directory /workdir/hadoop-ozone/integration-test/target/test-dir/MiniOzoneClusterImpl-f17d844e-d9bf-4644-9288-fdb166d42e2d/datanode-3/data/ratis/7f367c4f-1693-4545-b008-e5176ce0969b
2019-08-23 03:31:16,910 INFO  server.RaftServerConfigKeys (ConfUtils.java:logGet(43)) - raft.server.log.appender.buffer.byte-limit = 33554432 (custom)
2019-08-23 03:31:16,910 INFO  server.RaftServerConfigKeys (ConfUtils.java:logGet(43)) - raft.server.log.queue.byte-limit = 2147483647 (custom)
2019-08-23 03:31:16,910 INFO  server.RaftServerConfigKeys (ConfUtils.java:logGet(43)) - raft.server.log.appender.buffer.byte-limit = 33554432 (custom)
2019-08-23 03:31:16,911 INFO  server.RaftServerConfigKeys (ConfUtils.java:logGet(43)) - raft.server.log.queue.element-limit = 1024 (custom)
2019-08-23 03:31:16,911 INFO  server.RaftServerConfigKeys (ConfUtils.java:logGet(43)) - raft.server.log.segment.size.max = 1048576 (custom)
2019-08-23 03:31:16,911 INFO  server.RaftServerConfigKeys (ConfUtils.java:logGet(43)) - raft.server.log.segment.size.max = 1048576 (custom)
2019-08-23 03:31:16,911 INFO  server.RaftServerConfigKeys (ConfUtils.java:logGet(43)) - raft.server.log.segment.size.max = 1048576 (custom)
2019-08-23 03:31:16,911 INFO  server.RaftServerConfigKeys (ConfUtils.java:logGet(43)) - raft.server.log.preallocated.size = 16384 (custom)
2019-08-23 03:31:16,911 INFO  server.RaftServerConfigKeys (ConfUtils.java:logGet(43)) - raft.server.log.write.buffer.size = 33554432 (custom)
2019-08-23 03:31:16,911 INFO  server.RaftServerConfigKeys (ConfUtils.java:logGet(43)) - raft.server.log.segment.cache.num.max = 2 (custom)
2019-08-23 03:31:16,911 INFO  server.RaftServerConfigKeys (ConfUtils.java:logGet(43)) - raft.server.log.force.sync.num = 128 (default)
2019-08-23 03:31:16,911 INFO  server.RaftServerConfigKeys (ConfUtils.java:logGet(43)) - raft.server.log.segment.cache.num.max = 2 (custom)
2019-08-23 03:31:16,912 INFO  server.RaftServerConfigKeys (ConfUtils.java:logGet(43)) - raft.server.log.statemachine.data.sync = true (default)
2019-08-23 03:31:16,912 INFO  server.RaftServerConfigKeys (ConfUtils.java:logGet(43)) - raft.server.log.statemachine.data.sync.timeout = 10s (default)
2019-08-23 03:31:16,912 INFO  segmented.SegmentedRaftLogWorker (SegmentedRaftLogWorker.java:<init>(172)) - new 7b667a59-4125-4545-8251-4eff5c4dfadd-SegmentedRaftLogWorker:Storage Directory /workdir/hadoop-ozone/integration-test/target/test-dir/MiniOzoneClusterImpl-f17d844e-d9bf-4644-9288-fdb166d42e2d/datanode-5/data/ratis/7f367c4f-1693-4545-b008-e5176ce0969b for RaftStorage:Storage Directory /workdir/hadoop-ozone/integration-test/target/test-dir/MiniOzoneClusterImpl-f17d844e-d9bf-4644-9288-fdb166d42e2d/datanode-5/data/ratis/7f367c4f-1693-4545-b008-e5176ce0969b
2019-08-23 03:31:16,912 INFO  server.RaftServerConfigKeys (ConfUtils.java:logGet(43)) - raft.server.log.statemachine.data.sync.timeout.retry = -1 (default)
2019-08-23 03:31:16,912 INFO  segmented.SegmentedRaftLogWorker (SegmentedRaftLogWorker.java:<init>(172)) - new 3a8a9041-8520-4dc4-9e8b-2f4266e7e881-SegmentedRaftLogWorker:Storage Directory /workdir/hadoop-ozone/integration-test/target/test-dir/MiniOzoneClusterImpl-f17d844e-d9bf-4644-9288-fdb166d42e2d/datanode-4/data/ratis/7f367c4f-1693-4545-b008-e5176ce0969b for RaftStorage:Storage Directory /workdir/hadoop-ozone/integration-test/target/test-dir/MiniOzoneClusterImpl-f17d844e-d9bf-4644-9288-fdb166d42e2d/datanode-4/data/ratis/7f367c4f-1693-4545-b008-e5176ce0969b
2019-08-23 03:31:16,912 INFO  server.RaftServerConfigKeys (ConfUtils.java:logGet(43)) - raft.server.log.statemachine.data.caching.enabled = true (custom)
2019-08-23 03:31:16,912 INFO  server.RaftServerConfigKeys (ConfUtils.java:logGet(43)) - raft.server.log.queue.byte-limit = 2147483647 (custom)
2019-08-23 03:31:16,913 INFO  server.RaftServerConfigKeys (ConfUtils.java:logGet(43)) - raft.server.log.queue.byte-limit = 2147483647 (custom)
2019-08-23 03:31:16,913 INFO  segmented.SegmentedRaftLogWorker (SegmentedRaftLogWorker.java:lambda$new$0(132)) - f25f2f12-09c4-49be-854e-f9e4c23216e7-SegmentedRaftLogWorker:Storage Directory /workdir/hadoop-ozone/integration-test/target/test-dir/MiniOzoneClusterImpl-f17d844e-d9bf-4644-9288-fdb166d42e2d/datanode-3/data/ratis/7f367c4f-1693-4545-b008-e5176ce0969b: flushIndex: setUnconditionally 0 -> -1
2019-08-23 03:31:16,913 INFO  server.RaftServerConfigKeys (ConfUtils.java:logGet(43)) - raft.server.log.queue.element-limit = 1024 (custom)
2019-08-23 03:31:16,913 INFO  server.RaftServerConfigKeys (ConfUtils.java:logGet(43)) - raft.server.log.queue.element-limit = 1024 (custom)
2019-08-23 03:31:16,913 INFO  server.RaftServerConfigKeys (ConfUtils.java:logGet(43)) - raft.server.snapshot.auto.trigger.enabled = true (custom)
2019-08-23 03:31:16,913 INFO  server.RaftServerConfigKeys (ConfUtils.java:logGet(43)) - raft.server.log.segment.size.max = 1048576 (custom)
2019-08-23 03:31:16,913 INFO  server.RaftServerConfigKeys (ConfUtils.java:logGet(43)) - raft.server.snapshot.auto.trigger.threshold = 10000 (custom)
2019-08-23 03:31:16,913 INFO  server.RaftServerConfigKeys (ConfUtils.java:logGet(43)) - raft.server.log.segment.size.max = 1048576 (custom)
2019-08-23 03:31:16,914 INFO  server.RaftServerConfigKeys (ConfUtils.java:logGet(43)) - raft.server.retrycache.expirytime = 600000ms (custom)
2019-08-23 03:31:16,914 INFO  server.RaftServerConfigKeys (ConfUtils.java:logGet(43)) - raft.server.log.preallocated.size = 16384 (custom)
2019-08-23 03:31:16,914 INFO  server.RaftServerConfigKeys (ConfUtils.java:logGet(43)) - raft.server.log.preallocated.size = 16384 (custom)
2019-08-23 03:31:16,914 INFO  server.RaftServerConfigKeys (ConfUtils.java:logGet(43)) - raft.server.log.write.buffer.size = 33554432 (custom)
2019-08-23 03:31:16,914 INFO  impl.RaftServerImpl (RaftServerImpl.java:start(180)) - f25f2f12-09c4-49be-854e-f9e4c23216e7: start group-E5176CE0969B
2019-08-23 03:31:16,914 INFO  server.RaftServerConfigKeys (ConfUtils.java:logGet(43)) - raft.server.log.force.sync.num = 128 (default)
2019-08-23 03:31:16,914 INFO  server.RaftServerConfigKeys (ConfUtils.java:logGet(43)) - raft.server.log.write.buffer.size = 33554432 (custom)
2019-08-23 03:31:16,915 INFO  server.RaftServerConfigKeys (ConfUtils.java:logGet(43)) - raft.server.log.statemachine.data.sync = true (default)
2019-08-23 03:31:16,914 INFO  impl.RaftServerImpl (RaftServerImpl.java:setRole(171)) - f25f2f12-09c4-49be-854e-f9e4c23216e7:group-E5176CE0969B changes role from null to FOLLOWER at term 0 for startAsFollower
2019-08-23 03:31:16,915 INFO  server.RaftServerConfigKeys (ConfUtils.java:logGet(43)) - raft.server.log.statemachine.data.sync.timeout = 10s (default)
2019-08-23 03:31:16,915 INFO  server.RaftServerConfigKeys (ConfUtils.java:logGet(43)) - raft.server.log.statemachine.data.sync.timeout.retry = -1 (default)
2019-08-23 03:31:16,915 INFO  server.RaftServerConfigKeys (ConfUtils.java:logGet(43)) - raft.server.log.force.sync.num = 128 (default)
2019-08-23 03:31:16,915 INFO  server.RaftServerConfigKeys (ConfUtils.java:logGet(43)) - raft.server.log.statemachine.data.caching.enabled = true (custom)
2019-08-23 03:31:16,915 INFO  impl.RoleInfo (RoleInfo.java:updateAndGet(143)) - f25f2f12-09c4-49be-854e-f9e4c23216e7: start FollowerState
2019-08-23 03:31:16,915 INFO  server.RaftServerConfigKeys (ConfUtils.java:logGet(43)) - raft.server.log.statemachine.data.sync = true (default)
2019-08-23 03:31:16,916 INFO  segmented.SegmentedRaftLogWorker (SegmentedRaftLogWorker.java:lambda$new$0(132)) - 7b667a59-4125-4545-8251-4eff5c4dfadd-SegmentedRaftLogWorker:Storage Directory /workdir/hadoop-ozone/integration-test/target/test-dir/MiniOzoneClusterImpl-f17d844e-d9bf-4644-9288-fdb166d42e2d/datanode-5/data/ratis/7f367c4f-1693-4545-b008-e5176ce0969b: flushIndex: setUnconditionally 0 -> -1
2019-08-23 03:31:16,916 INFO  server.RaftServerConfigKeys (ConfUtils.java:logGet(43)) - raft.server.log.statemachine.data.sync.timeout = 10s (default)
2019-08-23 03:31:16,916 INFO  util.JmxRegister (JmxRegister.java:tryRegister(44)) - Successfully registered JMX Bean with object name Ratis:service=RaftServer,group=group-E5176CE0969B,id=f25f2f12-09c4-49be-854e-f9e4c23216e7
2019-08-23 03:31:16,916 INFO  server.RaftServerConfigKeys (ConfUtils.java:logGet(43)) - raft.server.snapshot.auto.trigger.enabled = true (custom)
2019-08-23 03:31:16,916 INFO  server.RaftServerConfigKeys (ConfUtils.java:logGet(43)) - raft.server.log.statemachine.data.sync.timeout.retry = -1 (default)
2019-08-23 03:31:16,916 INFO  server.RaftServerConfigKeys (ConfUtils.java:logGet(43)) - raft.server.snapshot.auto.trigger.threshold = 10000 (custom)
2019-08-23 03:31:16,917 INFO  server.RaftServerConfigKeys (ConfUtils.java:logGet(43)) - raft.server.log.statemachine.data.caching.enabled = true (custom)
2019-08-23 03:31:16,917 INFO  server.RaftServerConfigKeys (ConfUtils.java:logGet(43)) - raft.server.retrycache.expirytime = 600000ms (custom)
2019-08-23 03:31:16,917 INFO  segmented.SegmentedRaftLogWorker (SegmentedRaftLogWorker.java:lambda$new$0(132)) - 3a8a9041-8520-4dc4-9e8b-2f4266e7e881-SegmentedRaftLogWorker:Storage Directory /workdir/hadoop-ozone/integration-test/target/test-dir/MiniOzoneClusterImpl-f17d844e-d9bf-4644-9288-fdb166d42e2d/datanode-4/data/ratis/7f367c4f-1693-4545-b008-e5176ce0969b: flushIndex: setUnconditionally 0 -> -1
2019-08-23 03:31:16,917 INFO  impl.RaftServerImpl (RaftServerImpl.java:start(180)) - 7b667a59-4125-4545-8251-4eff5c4dfadd: start group-E5176CE0969B
2019-08-23 03:31:16,917 INFO  impl.RaftServerImpl (RaftServerImpl.java:setRole(171)) - 7b667a59-4125-4545-8251-4eff5c4dfadd:group-E5176CE0969B changes role from null to FOLLOWER at term 0 for startAsFollower
2019-08-23 03:31:16,917 INFO  server.RaftServerConfigKeys (ConfUtils.java:logGet(43)) - raft.server.snapshot.auto.trigger.enabled = true (custom)
2019-08-23 03:31:16,917 INFO  impl.RoleInfo (RoleInfo.java:updateAndGet(143)) - 7b667a59-4125-4545-8251-4eff5c4dfadd: start FollowerState
2019-08-23 03:31:16,917 INFO  server.RaftServerConfigKeys (ConfUtils.java:logGet(43)) - raft.server.snapshot.auto.trigger.threshold = 10000 (custom)
2019-08-23 03:31:16,918 INFO  server.RaftServerConfigKeys (ConfUtils.java:logGet(43)) - raft.server.retrycache.expirytime = 600000ms (custom)
2019-08-23 03:31:16,918 INFO  util.JmxRegister (JmxRegister.java:tryRegister(44)) - Successfully registered JMX Bean with object name Ratis:service=RaftServer,group=group-E5176CE0969B,id=7b667a59-4125-4545-8251-4eff5c4dfadd
2019-08-23 03:31:16,918 INFO  impl.RaftServerImpl (RaftServerImpl.java:start(180)) - 3a8a9041-8520-4dc4-9e8b-2f4266e7e881: start group-E5176CE0969B
2019-08-23 03:31:16,918 INFO  impl.RaftServerImpl (RaftServerImpl.java:setRole(171)) - 3a8a9041-8520-4dc4-9e8b-2f4266e7e881:group-E5176CE0969B changes role from null to FOLLOWER at term 0 for startAsFollower
2019-08-23 03:31:16,918 INFO  impl.RoleInfo (RoleInfo.java:updateAndGet(143)) - 3a8a9041-8520-4dc4-9e8b-2f4266e7e881: start FollowerState
2019-08-23 03:31:16,919 INFO  util.JmxRegister (JmxRegister.java:tryRegister(44)) - Successfully registered JMX Bean with object name Ratis:service=RaftServer,group=group-E5176CE0969B,id=3a8a9041-8520-4dc4-9e8b-2f4266e7e881
2019-08-23 03:31:16,921 INFO  pipeline.PipelineStateManager (PipelineStateManager.java:addPipeline(56)) - Created pipeline Pipeline[ Id: 7f367c4f-1693-4545-b008-e5176ce0969b, Nodes: 3a8a9041-8520-4dc4-9e8b-2f4266e7e881{ip: 192.168.5.160, host: byscane-nightly-xckjd-3238445761, networkLocation: /default-rack, certSerialId: null}7b667a59-4125-4545-8251-4eff5c4dfadd{ip: 192.168.5.160, host: byscane-nightly-xckjd-3238445761, networkLocation: /default-rack, certSerialId: null}f25f2f12-09c4-49be-854e-f9e4c23216e7{ip: 192.168.5.160, host: byscane-nightly-xckjd-3238445761, networkLocation: /default-rack, certSerialId: null}, Type:RATIS, Factor:THREE, State:OPEN]
2019-08-23 03:31:16,928 INFO  ozone.MiniOzoneClusterImpl (MiniOzoneClusterImpl.java:lambda$waitForClusterToBeReady$0(142)) - Waiting for cluster to be ready. Got 6 of 7 DN Heartbeats.
2019-08-23 03:31:16,928 INFO  net.NetworkTopology (NetworkTopologyImpl.java:add(110)) - Added a new node: /default-rack/4ce2b0e7-d44f-4a72-b0eb-b384d67d6288
2019-08-23 03:31:16,931 INFO  node.SCMNodeManager (SCMNodeManager.java:register(273)) - Registered Data node : 4ce2b0e7-d44f-4a72-b0eb-b384d67d6288{ip: 192.168.5.160, host: byscane-nightly-xckjd-3238445761, networkLocation: /default-rack, certSerialId: null}
2019-08-23 03:31:16,931 | INFO  | SCMAudit | user=jenkins1000 | ip=192.168.5.160 | op=REGISTER {datanodeDetails=4ce2b0e7-d44f-4a72-b0eb-b384d67d6288{ip: 192.168.5.160, host: byscane-nightly-xckjd-3238445761, networkLocation: /default-rack, certSerialId: null}} | ret=SUCCESS |  
2019-08-23 03:31:16,938 INFO  impl.RaftServerProxy (RaftServerProxy.java:addNew(89)) - 4ce2b0e7-d44f-4a72-b0eb-b384d67d6288: addNew group-67C59F7F23CD:[4ce2b0e7-d44f-4a72-b0eb-b384d67d6288:192.168.5.160:45522] returns group-67C59F7F23CD:java.util.concurrent.CompletableFuture@1ba34e80[Not completed]
2019-08-23 03:31:16,939 INFO  impl.RaftServerImpl (RaftServerImpl.java:<init>(93)) - 4ce2b0e7-d44f-4a72-b0eb-b384d67d6288: new RaftServerImpl for group-67C59F7F23CD:[4ce2b0e7-d44f-4a72-b0eb-b384d67d6288:192.168.5.160:45522] with ContainerStateMachine:uninitialized
2019-08-23 03:31:16,939 INFO  server.RaftServerConfigKeys (ConfUtils.java:logGet(43)) - raft.server.rpc.timeout.min = 5s (custom)
2019-08-23 03:31:16,940 INFO  server.RaftServerConfigKeys (ConfUtils.java:logGet(43)) - raft.server.rpc.timeout.max = 5200ms (custom)
2019-08-23 03:31:16,940 INFO  server.RaftServerConfigKeys (ConfUtils.java:logGet(43)) - raft.server.rpcslowness.timeout = 120s (custom)
2019-08-23 03:31:16,940 INFO  server.RaftServerConfigKeys (ConfUtils.java:logGet(43)) - raft.server.sleep.deviation.threshold = 300 (default)
2019-08-23 03:31:16,940 INFO  server.RaftServerConfigKeys (ConfUtils.java:logGet(43)) - raft.server.log.appender.install.snapshot.enabled = false (custom)
2019-08-23 03:31:16,940 INFO  impl.RaftServerImpl (ServerState.java:<init>(105)) - 4ce2b0e7-d44f-4a72-b0eb-b384d67d6288:group-67C59F7F23CD ConfigurationManager, init=-1: [4ce2b0e7-d44f-4a72-b0eb-b384d67d6288:192.168.5.160:45522], old=null, confs=<EMPTY_MAP>
2019-08-23 03:31:16,940 INFO  server.RaftServerConfigKeys (ConfUtils.java:logGet(43)) - raft.server.storage.dir = [/workdir/hadoop-ozone/integration-test/target/test-dir/MiniOzoneClusterImpl-f17d844e-d9bf-4644-9288-fdb166d42e2d/datanode-6/data/ratis] (custom)
2019-08-23 03:31:16,941 INFO  storage.RaftStorageDirectory (RaftStorageDirectory.java:analyzeStorage(246)) - The storage directory /workdir/hadoop-ozone/integration-test/target/test-dir/MiniOzoneClusterImpl-f17d844e-d9bf-4644-9288-fdb166d42e2d/datanode-6/data/ratis/bf5296f4-b021-4b8f-8d92-67c59f7f23cd does not exist. Creating ...
2019-08-23 03:31:16,953 INFO  storage.RaftStorageDirectory (RaftStorageDirectory.java:tryLock(328)) - Lock on /workdir/hadoop-ozone/integration-test/target/test-dir/MiniOzoneClusterImpl-f17d844e-d9bf-4644-9288-fdb166d42e2d/datanode-6/data/ratis/bf5296f4-b021-4b8f-8d92-67c59f7f23cd/in_use.lock acquired by nodename 22237@byscane-nightly-xckjd-3238445761
2019-08-23 03:31:16,966 INFO  storage.RaftStorage (RaftStorage.java:format(72)) - Storage directory /workdir/hadoop-ozone/integration-test/target/test-dir/MiniOzoneClusterImpl-f17d844e-d9bf-4644-9288-fdb166d42e2d/datanode-6/data/ratis/bf5296f4-b021-4b8f-8d92-67c59f7f23cd has been successfully formatted.
2019-08-23 03:31:16,966 INFO  ratis.ContainerStateMachine (ContainerStateMachine.java:loadSnapshot(213)) - group-67C59F7F23CD: The snapshot info is null. Setting the last applied indexto:(t:0, i:~)
2019-08-23 03:31:16,966 INFO  server.RaftServerConfigKeys (ConfUtils.java:logGet(43)) - raft.server.leader.election.timeout = 120s (custom)
2019-08-23 03:31:16,967 INFO  server.RaftServerConfigKeys (ConfUtils.java:logGet(43)) - raft.server.log.use.memory = false (default)
2019-08-23 03:31:16,967 INFO  server.RaftServerConfigKeys (ConfUtils.java:logGet(43)) - raft.server.log.purge.gap = 1000000000 (custom)
2019-08-23 03:31:16,967 INFO  server.RaftServerConfigKeys (ConfUtils.java:logGet(43)) - raft.server.log.appender.buffer.byte-limit = 33554432 (custom)
2019-08-23 03:31:16,967 INFO  server.RaftServerConfigKeys (ConfUtils.java:logGet(43)) - raft.server.log.segment.size.max = 1048576 (custom)
2019-08-23 03:31:16,967 INFO  server.RaftServerConfigKeys (ConfUtils.java:logGet(43)) - raft.server.log.segment.cache.num.max = 2 (custom)
2019-08-23 03:31:16,967 INFO  segmented.SegmentedRaftLogWorker (SegmentedRaftLogWorker.java:<init>(172)) - new 4ce2b0e7-d44f-4a72-b0eb-b384d67d6288-SegmentedRaftLogWorker:Storage Directory /workdir/hadoop-ozone/integration-test/target/test-dir/MiniOzoneClusterImpl-f17d844e-d9bf-4644-9288-fdb166d42e2d/datanode-6/data/ratis/bf5296f4-b021-4b8f-8d92-67c59f7f23cd for RaftStorage:Storage Directory /workdir/hadoop-ozone/integration-test/target/test-dir/MiniOzoneClusterImpl-f17d844e-d9bf-4644-9288-fdb166d42e2d/datanode-6/data/ratis/bf5296f4-b021-4b8f-8d92-67c59f7f23cd
2019-08-23 03:31:16,967 INFO  server.RaftServerConfigKeys (ConfUtils.java:logGet(43)) - raft.server.log.queue.byte-limit = 2147483647 (custom)
2019-08-23 03:31:16,967 INFO  server.RaftServerConfigKeys (ConfUtils.java:logGet(43)) - raft.server.log.queue.element-limit = 1024 (custom)
2019-08-23 03:31:16,968 INFO  server.RaftServerConfigKeys (ConfUtils.java:logGet(43)) - raft.server.log.segment.size.max = 1048576 (custom)
2019-08-23 03:31:16,968 INFO  server.RaftServerConfigKeys (ConfUtils.java:logGet(43)) - raft.server.log.preallocated.size = 16384 (custom)
2019-08-23 03:31:16,968 INFO  server.RaftServerConfigKeys (ConfUtils.java:logGet(43)) - raft.server.log.write.buffer.size = 33554432 (custom)
2019-08-23 03:31:16,968 INFO  server.RaftServerConfigKeys (ConfUtils.java:logGet(43)) - raft.server.log.force.sync.num = 128 (default)
2019-08-23 03:31:16,968 INFO  server.RaftServerConfigKeys (ConfUtils.java:logGet(43)) - raft.server.log.statemachine.data.sync = true (default)
2019-08-23 03:31:16,968 INFO  server.RaftServerConfigKeys (ConfUtils.java:logGet(43)) - raft.server.log.statemachine.data.sync.timeout = 10s (default)
2019-08-23 03:31:16,968 INFO  server.RaftServerConfigKeys (ConfUtils.java:logGet(43)) - raft.server.log.statemachine.data.sync.timeout.retry = -1 (default)
2019-08-23 03:31:16,968 INFO  server.RaftServerConfigKeys (ConfUtils.java:logGet(43)) - raft.server.log.statemachine.data.caching.enabled = true (custom)
2019-08-23 03:31:16,969 INFO  segmented.SegmentedRaftLogWorker (SegmentedRaftLogWorker.java:lambda$new$0(132)) - 4ce2b0e7-d44f-4a72-b0eb-b384d67d6288-SegmentedRaftLogWorker:Storage Directory /workdir/hadoop-ozone/integration-test/target/test-dir/MiniOzoneClusterImpl-f17d844e-d9bf-4644-9288-fdb166d42e2d/datanode-6/data/ratis/bf5296f4-b021-4b8f-8d92-67c59f7f23cd: flushIndex: setUnconditionally 0 -> -1
2019-08-23 03:31:16,969 INFO  server.RaftServerConfigKeys (ConfUtils.java:logGet(43)) - raft.server.snapshot.auto.trigger.enabled = true (custom)
2019-08-23 03:31:16,969 INFO  server.RaftServerConfigKeys (ConfUtils.java:logGet(43)) - raft.server.snapshot.auto.trigger.threshold = 10000 (custom)
2019-08-23 03:31:16,969 INFO  server.RaftServerConfigKeys (ConfUtils.java:logGet(43)) - raft.server.retrycache.expirytime = 600000ms (custom)
2019-08-23 03:31:16,969 INFO  impl.RaftServerImpl (RaftServerImpl.java:start(180)) - 4ce2b0e7-d44f-4a72-b0eb-b384d67d6288: start group-67C59F7F23CD
2019-08-23 03:31:16,969 INFO  impl.RaftServerImpl (RaftServerImpl.java:setRole(171)) - 4ce2b0e7-d44f-4a72-b0eb-b384d67d6288:group-67C59F7F23CD changes role from null to FOLLOWER at term 0 for startAsFollower
2019-08-23 03:31:16,970 INFO  impl.RoleInfo (RoleInfo.java:updateAndGet(143)) - 4ce2b0e7-d44f-4a72-b0eb-b384d67d6288: start FollowerState
2019-08-23 03:31:16,970 INFO  util.JmxRegister (JmxRegister.java:tryRegister(44)) - Successfully registered JMX Bean with object name Ratis:service=RaftServer,group=group-67C59F7F23CD,id=4ce2b0e7-d44f-4a72-b0eb-b384d67d6288
2019-08-23 03:31:16,972 INFO  pipeline.PipelineStateManager (PipelineStateManager.java:addPipeline(56)) - Created pipeline Pipeline[ Id: bf5296f4-b021-4b8f-8d92-67c59f7f23cd, Nodes: 4ce2b0e7-d44f-4a72-b0eb-b384d67d6288{ip: 192.168.5.160, host: byscane-nightly-xckjd-3238445761, networkLocation: /default-rack, certSerialId: null}, Type:RATIS, Factor:ONE, State:OPEN]
2019-08-23 03:31:17,928 INFO  ozone.MiniOzoneClusterImpl (MiniOzoneClusterImpl.java:lambda$waitForClusterToBeReady$0(142)) - Cluster is ready. Got 7 of 7 DN Heartbeats.
2019-08-23 03:31:17,941 | INFO  | SCMAudit | user=jenkins1000 | ip=192.168.5.160 | op=SEND_HEARTBEAT {datanodeUUID=bea96a90-0db2-4747-a28f-eaa57707396b, command=[]} | ret=SUCCESS |  
2019-08-23 03:31:17,969 INFO  rpc.RpcClient (RpcClient.java:createVolume(288)) - Creating Volume: watchforcommithandlingtest, with jenkins1000 as owner.
2019-08-23 03:31:17,972 | INFO  | OMAudit | user=jenkins1000 | ip=127.0.0.1 | op=CREATE_VOLUME {admin=jenkins1000, owner=jenkins1000, volume=watchforcommithandlingtest, creationTime=1566531077972, quotaInBytes=1152921504606846976} | ret=SUCCESS |  
2019-08-23 03:31:17,985 | INFO  | OMAudit | user=jenkins1000 | ip=127.0.0.1 | op=READ_VOLUME {volume=watchforcommithandlingtest} | ret=SUCCESS |  
2019-08-23 03:31:17,986 INFO  rpc.RpcClient (RpcClient.java:createBucket(427)) - Creating Bucket: watchforcommithandlingtest/watchforcommithandlingtest, with Versioning false and Storage Type set to DISK and Encryption set to false 
2019-08-23 03:31:17,990 | INFO  | OMAudit | user=jenkins1000 | ip=127.0.0.1 | op=CREATE_BUCKET {volume=watchforcommithandlingtest, bucket=watchforcommithandlingtest, acls=[user:jenkins1000:a[ACCESS], group:default:a[ACCESS]], isVersionEnabled=false, storageType=DISK, creationTime=0} | ret=SUCCESS |  
2019-08-23 03:31:17,991 INFO  ozone.MiniOzoneClusterImpl (MiniOzoneClusterImpl.java:getStorageContainerLocationClient(241)) - Creating StorageContainerLocationProtocol RPC client with address /0.0.0.0:41078
2019-08-23 03:31:18,013 INFO  client.GrpcClientProtocolClient (GrpcClientProtocolClient.java:onNext(255)) - client-CC4E70D60B40->76f4e9bb-2fb7-464e-a23e-7e34bc63789f: receive RaftClientReply:client-CC4E70D60B40->76f4e9bb-2fb7-464e-a23e-7e34bc63789f@group-65AB1CA5A065, cid=103, FAILED org.apache.ratis.protocol.NotLeaderException: Server 76f4e9bb-2fb7-464e-a23e-7e34bc63789f is not the leader (null). Request must be sent to leader., logIndex=0, commits[76f4e9bb-2fb7-464e-a23e-7e34bc63789f:c-1]
2019-08-23 03:31:18,116 | INFO  | SCMAudit | user=jenkins1000 | ip=192.168.5.160 | op=SEND_HEARTBEAT {datanodeUUID=76f4e9bb-2fb7-464e-a23e-7e34bc63789f, command=[]} | ret=SUCCESS |  
2019-08-23 03:31:18,287 | INFO  | SCMAudit | user=jenkins1000 | ip=192.168.5.160 | op=SEND_HEARTBEAT {datanodeUUID=582595a4-0981-4351-886a-2167b9138150, command=[]} | ret=SUCCESS |  
2019-08-23 03:31:18,451 | INFO  | SCMAudit | user=jenkins1000 | ip=192.168.5.160 | op=SEND_HEARTBEAT {datanodeUUID=f25f2f12-09c4-49be-854e-f9e4c23216e7, command=[]} | ret=SUCCESS |  
2019-08-23 03:31:18,605 | INFO  | SCMAudit | user=jenkins1000 | ip=192.168.5.160 | op=SEND_HEARTBEAT {datanodeUUID=3a8a9041-8520-4dc4-9e8b-2f4266e7e881, command=[]} | ret=SUCCESS |  
2019-08-23 03:31:18,765 | INFO  | SCMAudit | user=jenkins1000 | ip=192.168.5.160 | op=SEND_HEARTBEAT {datanodeUUID=7b667a59-4125-4545-8251-4eff5c4dfadd, command=[]} | ret=SUCCESS |  
2019-08-23 03:31:18,927 | INFO  | SCMAudit | user=jenkins1000 | ip=192.168.5.160 | op=SEND_HEARTBEAT {datanodeUUID=4ce2b0e7-d44f-4a72-b0eb-b384d67d6288, command=[]} | ret=SUCCESS |  
2019-08-23 03:31:18,940 | INFO  | SCMAudit | user=jenkins1000 | ip=192.168.5.160 | op=SEND_HEARTBEAT {datanodeUUID=bea96a90-0db2-4747-a28f-eaa57707396b, command=[]} | ret=SUCCESS |  
2019-08-23 03:31:18,948 INFO  container.ReplicationManager (ReplicationManager.java:start(152)) - Starting Replication Monitor Thread.
2019-08-23 03:31:18,954 INFO  container.ReplicationManager (ReplicationManager.java:run(215)) - Replication Monitor Thread took 1 milliseconds for processing 1 containers.
2019-08-23 03:31:19,032 INFO  client.GrpcClientProtocolClient (GrpcClientProtocolClient.java:onNext(255)) - client-CC4E70D60B40->bea96a90-0db2-4747-a28f-eaa57707396b: receive RaftClientReply:client-CC4E70D60B40->bea96a90-0db2-4747-a28f-eaa57707396b@group-65AB1CA5A065, cid=103, FAILED org.apache.ratis.protocol.NotLeaderException: Server bea96a90-0db2-4747-a28f-eaa57707396b is not the leader (null). Request must be sent to leader., logIndex=0, commits[bea96a90-0db2-4747-a28f-eaa57707396b:c-1]
2019-08-23 03:31:19,114 | INFO  | SCMAudit | user=jenkins1000 | ip=192.168.5.160 | op=SEND_HEARTBEAT {datanodeUUID=76f4e9bb-2fb7-464e-a23e-7e34bc63789f, command=[]} | ret=SUCCESS |  
2019-08-23 03:31:19,287 | INFO  | SCMAudit | user=jenkins1000 | ip=192.168.5.160 | op=SEND_HEARTBEAT {datanodeUUID=582595a4-0981-4351-886a-2167b9138150, command=[]} | ret=SUCCESS |  
2019-08-23 03:31:19,451 | INFO  | SCMAudit | user=jenkins1000 | ip=192.168.5.160 | op=SEND_HEARTBEAT {datanodeUUID=f25f2f12-09c4-49be-854e-f9e4c23216e7, command=[]} | ret=SUCCESS |  
2019-08-23 03:31:19,605 | INFO  | SCMAudit | user=jenkins1000 | ip=192.168.5.160 | op=SEND_HEARTBEAT {datanodeUUID=3a8a9041-8520-4dc4-9e8b-2f4266e7e881, command=[]} | ret=SUCCESS |  
2019-08-23 03:31:19,765 | INFO  | SCMAudit | user=jenkins1000 | ip=192.168.5.160 | op=SEND_HEARTBEAT {datanodeUUID=7b667a59-4125-4545-8251-4eff5c4dfadd, command=[]} | ret=SUCCESS |  
2019-08-23 03:31:19,927 | INFO  | SCMAudit | user=jenkins1000 | ip=192.168.5.160 | op=SEND_HEARTBEAT {datanodeUUID=4ce2b0e7-d44f-4a72-b0eb-b384d67d6288, command=[]} | ret=SUCCESS |  
2019-08-23 03:31:19,940 | INFO  | SCMAudit | user=jenkins1000 | ip=192.168.5.160 | op=SEND_HEARTBEAT {datanodeUUID=bea96a90-0db2-4747-a28f-eaa57707396b, command=[]} | ret=SUCCESS |  
2019-08-23 03:31:20,042 INFO  client.GrpcClientProtocolClient (GrpcClientProtocolClient.java:onNext(255)) - client-CC4E70D60B40->76f4e9bb-2fb7-464e-a23e-7e34bc63789f: receive RaftClientReply:client-CC4E70D60B40->76f4e9bb-2fb7-464e-a23e-7e34bc63789f@group-65AB1CA5A065, cid=103, FAILED org.apache.ratis.protocol.NotLeaderException: Server 76f4e9bb-2fb7-464e-a23e-7e34bc63789f is not the leader (null). Request must be sent to leader., logIndex=0, commits[76f4e9bb-2fb7-464e-a23e-7e34bc63789f:c-1]
2019-08-23 03:31:20,114 | INFO  | SCMAudit | user=jenkins1000 | ip=192.168.5.160 | op=SEND_HEARTBEAT {datanodeUUID=76f4e9bb-2fb7-464e-a23e-7e34bc63789f, command=[]} | ret=SUCCESS |  
2019-08-23 03:31:20,287 | INFO  | SCMAudit | user=jenkins1000 | ip=192.168.5.160 | op=SEND_HEARTBEAT {datanodeUUID=582595a4-0981-4351-886a-2167b9138150, command=[]} | ret=SUCCESS |  
2019-08-23 03:31:20,451 | INFO  | SCMAudit | user=jenkins1000 | ip=192.168.5.160 | op=SEND_HEARTBEAT {datanodeUUID=f25f2f12-09c4-49be-854e-f9e4c23216e7, command=[]} | ret=SUCCESS |  
2019-08-23 03:31:20,605 | INFO  | SCMAudit | user=jenkins1000 | ip=192.168.5.160 | op=SEND_HEARTBEAT {datanodeUUID=3a8a9041-8520-4dc4-9e8b-2f4266e7e881, command=[]} | ret=SUCCESS |  
2019-08-23 03:31:20,766 | INFO  | SCMAudit | user=jenkins1000 | ip=192.168.5.160 | op=SEND_HEARTBEAT {datanodeUUID=7b667a59-4125-4545-8251-4eff5c4dfadd, command=[]} | ret=SUCCESS |  
2019-08-23 03:31:20,927 | INFO  | SCMAudit | user=jenkins1000 | ip=192.168.5.160 | op=SEND_HEARTBEAT {datanodeUUID=4ce2b0e7-d44f-4a72-b0eb-b384d67d6288, command=[]} | ret=SUCCESS |  
2019-08-23 03:31:20,940 | INFO  | SCMAudit | user=jenkins1000 | ip=192.168.5.160 | op=SEND_HEARTBEAT {datanodeUUID=bea96a90-0db2-4747-a28f-eaa57707396b, command=[]} | ret=SUCCESS |  
2019-08-23 03:31:21,058 INFO  client.GrpcClientProtocolClient (GrpcClientProtocolClient.java:onNext(255)) - client-CC4E70D60B40->582595a4-0981-4351-886a-2167b9138150: receive RaftClientReply:client-CC4E70D60B40->582595a4-0981-4351-886a-2167b9138150@group-65AB1CA5A065, cid=103, FAILED org.apache.ratis.protocol.NotLeaderException: Server 582595a4-0981-4351-886a-2167b9138150 is not the leader (null). Request must be sent to leader., logIndex=0, commits[582595a4-0981-4351-886a-2167b9138150:c-1]
2019-08-23 03:31:21,061 INFO  impl.FollowerState (FollowerState.java:run(106)) - bea96a90-0db2-4747-a28f-eaa57707396b:group-A7F4CB0EC157 changes to CANDIDATE, lastRpcTime:5051, electionTimeout:5050ms
2019-08-23 03:31:21,061 INFO  impl.RoleInfo (RoleInfo.java:shutdownFollowerState(121)) - bea96a90-0db2-4747-a28f-eaa57707396b: shutdown FollowerState
2019-08-23 03:31:21,061 INFO  impl.RaftServerImpl (RaftServerImpl.java:setRole(171)) - bea96a90-0db2-4747-a28f-eaa57707396b:group-A7F4CB0EC157 changes role from FOLLOWER to CANDIDATE at term 0 for changeToCandidate
2019-08-23 03:31:21,062 INFO  impl.RoleInfo (RoleInfo.java:updateAndGet(143)) - bea96a90-0db2-4747-a28f-eaa57707396b: start LeaderElection
2019-08-23 03:31:21,084 INFO  impl.LeaderElection (LeaderElection.java:askForVotes(181)) - bea96a90-0db2-4747-a28f-eaa57707396b:group-A7F4CB0EC157:LeaderElection66: begin an election at term 1 for -1: [bea96a90-0db2-4747-a28f-eaa57707396b:192.168.5.160:37439], old=null
2019-08-23 03:31:21,084 INFO  impl.RoleInfo (RoleInfo.java:shutdownLeaderElection(134)) - bea96a90-0db2-4747-a28f-eaa57707396b: shutdown LeaderElection
2019-08-23 03:31:21,084 INFO  impl.RaftServerImpl (RaftServerImpl.java:setRole(171)) - bea96a90-0db2-4747-a28f-eaa57707396b:group-A7F4CB0EC157 changes role from CANDIDATE to LEADER at term 1 for changeToLeader
2019-08-23 03:31:21,084 INFO  impl.RaftServerImpl (ServerState.java:setLeader(263)) - bea96a90-0db2-4747-a28f-eaa57707396b:group-A7F4CB0EC157 change Leader from null to bea96a90-0db2-4747-a28f-eaa57707396b at term 1 for becomeLeader, leader elected after 5081ms
2019-08-23 03:31:21,085 INFO  server.RaftServerConfigKeys (ConfUtils.java:logGet(43)) - raft.server.staging.catchup.gap = 1000 (default)
2019-08-23 03:31:21,085 INFO  server.RaftServerConfigKeys (ConfUtils.java:logGet(43)) - raft.server.rpc.sleep.time = 25ms (default)
2019-08-23 03:31:21,085 INFO  server.RaftServerConfigKeys (ConfUtils.java:logGet(43)) - raft.server.write.element-limit = 4096 (default)
2019-08-23 03:31:21,085 INFO  server.RaftServerConfigKeys (ConfUtils.java:logGet(43)) - raft.server.watch.timeout = 10s (default)
2019-08-23 03:31:21,085 INFO  server.RaftServerConfigKeys (ConfUtils.java:logGet(43)) - raft.server.watch.timeout.denomination = 1s (default)
2019-08-23 03:31:21,086 INFO  server.RaftServerConfigKeys (ConfUtils.java:logGet(43)) - raft.server.watch.element-limit = 65536 (default)
2019-08-23 03:31:21,086 INFO  impl.RoleInfo (RoleInfo.java:updateAndGet(143)) - bea96a90-0db2-4747-a28f-eaa57707396b: start LeaderState
2019-08-23 03:31:21,087 INFO  segmented.SegmentedRaftLogWorker (SegmentedRaftLogWorker.java:startLogSegment(380)) - bea96a90-0db2-4747-a28f-eaa57707396b-SegmentedRaftLogWorker:Storage Directory /workdir/hadoop-ozone/integration-test/target/test-dir/MiniOzoneClusterImpl-f17d844e-d9bf-4644-9288-fdb166d42e2d/datanode-0/data/ratis/aee6cec6-aec5-45e6-b0fc-a7f4cb0ec157: Starting segment from index:0
2019-08-23 03:31:21,088 INFO  impl.RaftServerImpl (ServerState.java:setRaftConf(361)) - bea96a90-0db2-4747-a28f-eaa57707396b:group-A7F4CB0EC157 set configuration 0: [bea96a90-0db2-4747-a28f-eaa57707396b:192.168.5.160:37439], old=null at 0
2019-08-23 03:31:21,114 | INFO  | SCMAudit | user=jenkins1000 | ip=192.168.5.160 | op=SEND_HEARTBEAT {datanodeUUID=76f4e9bb-2fb7-464e-a23e-7e34bc63789f, command=[]} | ret=SUCCESS |  
2019-08-23 03:31:21,137 INFO  segmented.SegmentedRaftLogWorker (SegmentedRaftLogWorker.java:execute(569)) - bea96a90-0db2-4747-a28f-eaa57707396b-SegmentedRaftLogWorker:Storage Directory /workdir/hadoop-ozone/integration-test/target/test-dir/MiniOzoneClusterImpl-f17d844e-d9bf-4644-9288-fdb166d42e2d/datanode-0/data/ratis/aee6cec6-aec5-45e6-b0fc-a7f4cb0ec157: created new log segment /workdir/hadoop-ozone/integration-test/target/test-dir/MiniOzoneClusterImpl-f17d844e-d9bf-4644-9288-fdb166d42e2d/datanode-0/data/ratis/aee6cec6-aec5-45e6-b0fc-a7f4cb0ec157/current/log_inprogress_0
2019-08-23 03:31:21,276 INFO  impl.FollowerState (FollowerState.java:run(106)) - 76f4e9bb-2fb7-464e-a23e-7e34bc63789f:group-E2EE0BDE2B17 changes to CANDIDATE, lastRpcTime:5117, electionTimeout:5117ms
2019-08-23 03:31:21,276 INFO  impl.RoleInfo (RoleInfo.java:shutdownFollowerState(121)) - 76f4e9bb-2fb7-464e-a23e-7e34bc63789f: shutdown FollowerState
2019-08-23 03:31:21,277 INFO  impl.RaftServerImpl (RaftServerImpl.java:setRole(171)) - 76f4e9bb-2fb7-464e-a23e-7e34bc63789f:group-E2EE0BDE2B17 changes role from FOLLOWER to CANDIDATE at term 0 for changeToCandidate
2019-08-23 03:31:21,277 INFO  impl.RoleInfo (RoleInfo.java:updateAndGet(143)) - 76f4e9bb-2fb7-464e-a23e-7e34bc63789f: start LeaderElection
2019-08-23 03:31:21,287 | INFO  | SCMAudit | user=jenkins1000 | ip=192.168.5.160 | op=SEND_HEARTBEAT {datanodeUUID=582595a4-0981-4351-886a-2167b9138150, command=[]} | ret=SUCCESS |  
2019-08-23 03:31:21,299 INFO  impl.LeaderElection (LeaderElection.java:askForVotes(181)) - 76f4e9bb-2fb7-464e-a23e-7e34bc63789f:group-E2EE0BDE2B17:LeaderElection67: begin an election at term 1 for -1: [76f4e9bb-2fb7-464e-a23e-7e34bc63789f:192.168.5.160:42935], old=null
2019-08-23 03:31:21,299 INFO  impl.RoleInfo (RoleInfo.java:shutdownLeaderElection(134)) - 76f4e9bb-2fb7-464e-a23e-7e34bc63789f: shutdown LeaderElection
2019-08-23 03:31:21,299 INFO  impl.RaftServerImpl (RaftServerImpl.java:setRole(171)) - 76f4e9bb-2fb7-464e-a23e-7e34bc63789f:group-E2EE0BDE2B17 changes role from CANDIDATE to LEADER at term 1 for changeToLeader
2019-08-23 03:31:21,299 INFO  impl.RaftServerImpl (ServerState.java:setLeader(263)) - 76f4e9bb-2fb7-464e-a23e-7e34bc63789f:group-E2EE0BDE2B17 change Leader from null to 76f4e9bb-2fb7-464e-a23e-7e34bc63789f at term 1 for becomeLeader, leader elected after 5145ms
2019-08-23 03:31:21,300 INFO  server.RaftServerConfigKeys (ConfUtils.java:logGet(43)) - raft.server.staging.catchup.gap = 1000 (default)
2019-08-23 03:31:21,300 INFO  server.RaftServerConfigKeys (ConfUtils.java:logGet(43)) - raft.server.rpc.sleep.time = 25ms (default)
2019-08-23 03:31:21,300 INFO  server.RaftServerConfigKeys (ConfUtils.java:logGet(43)) - raft.server.write.element-limit = 4096 (default)
2019-08-23 03:31:21,300 INFO  server.RaftServerConfigKeys (ConfUtils.java:logGet(43)) - raft.server.watch.timeout = 10s (default)
2019-08-23 03:31:21,300 INFO  server.RaftServerConfigKeys (ConfUtils.java:logGet(43)) - raft.server.watch.timeout.denomination = 1s (default)
2019-08-23 03:31:21,301 INFO  server.RaftServerConfigKeys (ConfUtils.java:logGet(43)) - raft.server.watch.element-limit = 65536 (default)
2019-08-23 03:31:21,301 INFO  impl.RoleInfo (RoleInfo.java:updateAndGet(143)) - 76f4e9bb-2fb7-464e-a23e-7e34bc63789f: start LeaderState
2019-08-23 03:31:21,301 INFO  segmented.SegmentedRaftLogWorker (SegmentedRaftLogWorker.java:startLogSegment(380)) - 76f4e9bb-2fb7-464e-a23e-7e34bc63789f-SegmentedRaftLogWorker:Storage Directory /workdir/hadoop-ozone/integration-test/target/test-dir/MiniOzoneClusterImpl-f17d844e-d9bf-4644-9288-fdb166d42e2d/datanode-1/data/ratis/595b469f-8736-43e0-a5bd-e2ee0bde2b17: Starting segment from index:0
2019-08-23 03:31:21,302 INFO  impl.RaftServerImpl (ServerState.java:setRaftConf(361)) - 76f4e9bb-2fb7-464e-a23e-7e34bc63789f:group-E2EE0BDE2B17 set configuration 0: [76f4e9bb-2fb7-464e-a23e-7e34bc63789f:192.168.5.160:42935], old=null at 0
2019-08-23 03:31:21,370 INFO  segmented.SegmentedRaftLogWorker (SegmentedRaftLogWorker.java:execute(569)) - 76f4e9bb-2fb7-464e-a23e-7e34bc63789f-SegmentedRaftLogWorker:Storage Directory /workdir/hadoop-ozone/integration-test/target/test-dir/MiniOzoneClusterImpl-f17d844e-d9bf-4644-9288-fdb166d42e2d/datanode-1/data/ratis/595b469f-8736-43e0-a5bd-e2ee0bde2b17: created new log segment /workdir/hadoop-ozone/integration-test/target/test-dir/MiniOzoneClusterImpl-f17d844e-d9bf-4644-9288-fdb166d42e2d/datanode-1/data/ratis/595b469f-8736-43e0-a5bd-e2ee0bde2b17/current/log_inprogress_0
2019-08-23 03:31:21,452 | INFO  | SCMAudit | user=jenkins1000 | ip=192.168.5.160 | op=SEND_HEARTBEAT {datanodeUUID=f25f2f12-09c4-49be-854e-f9e4c23216e7, command=[]} | ret=SUCCESS |  
2019-08-23 03:31:21,473 INFO  impl.FollowerState (FollowerState.java:run(106)) - 76f4e9bb-2fb7-464e-a23e-7e34bc63789f:group-65AB1CA5A065 changes to CANDIDATE, lastRpcTime:5076, electionTimeout:5076ms
2019-08-23 03:31:21,474 INFO  impl.RoleInfo (RoleInfo.java:shutdownFollowerState(121)) - 76f4e9bb-2fb7-464e-a23e-7e34bc63789f: shutdown FollowerState
2019-08-23 03:31:21,474 INFO  impl.RaftServerImpl (RaftServerImpl.java:setRole(171)) - 76f4e9bb-2fb7-464e-a23e-7e34bc63789f:group-65AB1CA5A065 changes role from FOLLOWER to CANDIDATE at term 0 for changeToCandidate
2019-08-23 03:31:21,474 INFO  impl.RoleInfo (RoleInfo.java:updateAndGet(143)) - 76f4e9bb-2fb7-464e-a23e-7e34bc63789f: start LeaderElection
2019-08-23 03:31:21,474 INFO  impl.FollowerState (FollowerState.java:run(106)) - 582595a4-0981-4351-886a-2167b9138150:group-7C0687506B27 changes to CANDIDATE, lastRpcTime:5140, electionTimeout:5140ms
2019-08-23 03:31:21,474 INFO  impl.RoleInfo (RoleInfo.java:shutdownFollowerState(121)) - 582595a4-0981-4351-886a-2167b9138150: shutdown FollowerState
2019-08-23 03:31:21,474 INFO  impl.RaftServerImpl (RaftServerImpl.java:setRole(171)) - 582595a4-0981-4351-886a-2167b9138150:group-7C0687506B27 changes role from FOLLOWER to CANDIDATE at term 0 for changeToCandidate
2019-08-23 03:31:21,482 INFO  impl.FollowerState (FollowerState.java:run(106)) - 582595a4-0981-4351-886a-2167b9138150:group-65AB1CA5A065 changes to CANDIDATE, lastRpcTime:5084, electionTimeout:5083ms
2019-08-23 03:31:21,482 INFO  impl.RoleInfo (RoleInfo.java:updateAndGet(143)) - 582595a4-0981-4351-886a-2167b9138150: start LeaderElection
2019-08-23 03:31:21,482 INFO  impl.RoleInfo (RoleInfo.java:shutdownFollowerState(121)) - 582595a4-0981-4351-886a-2167b9138150: shutdown FollowerState
2019-08-23 03:31:21,482 INFO  impl.RaftServerImpl (RaftServerImpl.java:setRole(171)) - 582595a4-0981-4351-886a-2167b9138150:group-65AB1CA5A065 changes role from FOLLOWER to CANDIDATE at term 0 for changeToCandidate
2019-08-23 03:31:21,482 INFO  impl.RoleInfo (RoleInfo.java:updateAndGet(143)) - 582595a4-0981-4351-886a-2167b9138150: start LeaderElection
2019-08-23 03:31:21,509 INFO  impl.LeaderElection (LeaderElection.java:askForVotes(181)) - 76f4e9bb-2fb7-464e-a23e-7e34bc63789f:group-65AB1CA5A065:LeaderElection68: begin an election at term 1 for -1: [76f4e9bb-2fb7-464e-a23e-7e34bc63789f:192.168.5.160:42935, 582595a4-0981-4351-886a-2167b9138150:192.168.5.160:39558, bea96a90-0db2-4747-a28f-eaa57707396b:192.168.5.160:37439], old=null
2019-08-23 03:31:21,510 INFO  impl.LeaderElection (LeaderElection.java:askForVotes(181)) - 582595a4-0981-4351-886a-2167b9138150:group-7C0687506B27:LeaderElection69: begin an election at term 1 for -1: [582595a4-0981-4351-886a-2167b9138150:192.168.5.160:39558], old=null
2019-08-23 03:31:21,510 INFO  impl.LeaderElection (LeaderElection.java:askForVotes(181)) - 582595a4-0981-4351-886a-2167b9138150:group-65AB1CA5A065:LeaderElection70: begin an election at term 1 for -1: [76f4e9bb-2fb7-464e-a23e-7e34bc63789f:192.168.5.160:42935, 582595a4-0981-4351-886a-2167b9138150:192.168.5.160:39558, bea96a90-0db2-4747-a28f-eaa57707396b:192.168.5.160:37439], old=null
2019-08-23 03:31:21,510 INFO  impl.RoleInfo (RoleInfo.java:shutdownLeaderElection(134)) - 582595a4-0981-4351-886a-2167b9138150: shutdown LeaderElection
2019-08-23 03:31:21,510 INFO  impl.RaftServerImpl (RaftServerImpl.java:setRole(171)) - 582595a4-0981-4351-886a-2167b9138150:group-7C0687506B27 changes role from CANDIDATE to LEADER at term 1 for changeToLeader
2019-08-23 03:31:21,511 INFO  impl.RaftServerImpl (ServerState.java:setLeader(263)) - 582595a4-0981-4351-886a-2167b9138150:group-7C0687506B27 change Leader from null to 582595a4-0981-4351-886a-2167b9138150 at term 1 for becomeLeader, leader elected after 5181ms
2019-08-23 03:31:21,511 INFO  server.RaftServerConfigKeys (ConfUtils.java:logGet(43)) - raft.server.staging.catchup.gap = 1000 (default)
2019-08-23 03:31:21,511 INFO  server.RaftServerConfigKeys (ConfUtils.java:logGet(43)) - raft.server.rpc.sleep.time = 25ms (default)
2019-08-23 03:31:21,511 INFO  server.RaftServerConfigKeys (ConfUtils.java:logGet(43)) - raft.server.write.element-limit = 4096 (default)
2019-08-23 03:31:21,511 INFO  server.RaftServerConfigKeys (ConfUtils.java:logGet(43)) - raft.server.watch.timeout = 10s (default)
2019-08-23 03:31:21,512 INFO  server.RaftServerConfigKeys (ConfUtils.java:logGet(43)) - raft.server.watch.timeout.denomination = 1s (default)
2019-08-23 03:31:21,512 INFO  server.RaftServerConfigKeys (ConfUtils.java:logGet(43)) - raft.server.watch.element-limit = 65536 (default)
2019-08-23 03:31:21,512 INFO  impl.RoleInfo (RoleInfo.java:updateAndGet(143)) - 582595a4-0981-4351-886a-2167b9138150: start LeaderState
2019-08-23 03:31:21,513 INFO  segmented.SegmentedRaftLogWorker (SegmentedRaftLogWorker.java:startLogSegment(380)) - 582595a4-0981-4351-886a-2167b9138150-SegmentedRaftLogWorker:Storage Directory /workdir/hadoop-ozone/integration-test/target/test-dir/MiniOzoneClusterImpl-f17d844e-d9bf-4644-9288-fdb166d42e2d/datanode-2/data/ratis/bbc57a98-c7b8-4592-b69e-7c0687506b27: Starting segment from index:0
2019-08-23 03:31:21,513 INFO  impl.RaftServerImpl (ServerState.java:setRaftConf(361)) - 582595a4-0981-4351-886a-2167b9138150:group-7C0687506B27 set configuration 0: [582595a4-0981-4351-886a-2167b9138150:192.168.5.160:39558], old=null at 0
2019-08-23 03:31:21,516 INFO  impl.RaftServerImpl (RaftServerImpl.java:setRole(171)) - bea96a90-0db2-4747-a28f-eaa57707396b:group-65AB1CA5A065 changes role from FOLLOWER to FOLLOWER at term 1 for recognizeCandidate:76f4e9bb-2fb7-464e-a23e-7e34bc63789f
2019-08-23 03:31:21,559 INFO  impl.RoleInfo (RoleInfo.java:shutdownFollowerState(121)) - bea96a90-0db2-4747-a28f-eaa57707396b: shutdown FollowerState
2019-08-23 03:31:21,560 INFO  impl.RoleInfo (RoleInfo.java:updateAndGet(143)) - bea96a90-0db2-4747-a28f-eaa57707396b: start FollowerState
2019-08-23 03:31:21,572 INFO  segmented.SegmentedRaftLogWorker (SegmentedRaftLogWorker.java:execute(569)) - 582595a4-0981-4351-886a-2167b9138150-SegmentedRaftLogWorker:Storage Directory /workdir/hadoop-ozone/integration-test/target/test-dir/MiniOzoneClusterImpl-f17d844e-d9bf-4644-9288-fdb166d42e2d/datanode-2/data/ratis/bbc57a98-c7b8-4592-b69e-7c0687506b27: created new log segment /workdir/hadoop-ozone/integration-test/target/test-dir/MiniOzoneClusterImpl-f17d844e-d9bf-4644-9288-fdb166d42e2d/datanode-2/data/ratis/bbc57a98-c7b8-4592-b69e-7c0687506b27/current/log_inprogress_0
2019-08-23 03:31:21,576 INFO  impl.LeaderElection (LeaderElection.java:logAndReturn(56)) - 582595a4-0981-4351-886a-2167b9138150:group-65AB1CA5A065:LeaderElection70: Election REJECTED; received 2 response(s) [582595a4-0981-4351-886a-2167b9138150<-76f4e9bb-2fb7-464e-a23e-7e34bc63789f#0:FAIL-t1, 582595a4-0981-4351-886a-2167b9138150<-bea96a90-0db2-4747-a28f-eaa57707396b#0:FAIL-t1] and 0 exception(s); 582595a4-0981-4351-886a-2167b9138150:t1, leader=null, voted=582595a4-0981-4351-886a-2167b9138150, raftlog=582595a4-0981-4351-886a-2167b9138150-SegmentedRaftLog:OPENED:c-1,f-1,i0, conf=-1: [76f4e9bb-2fb7-464e-a23e-7e34bc63789f:192.168.5.160:42935, 582595a4-0981-4351-886a-2167b9138150:192.168.5.160:39558, bea96a90-0db2-4747-a28f-eaa57707396b:192.168.5.160:37439], old=null
2019-08-23 03:31:21,576 INFO  impl.LeaderElection (LeaderElection.java:logAndReturn(56)) - 76f4e9bb-2fb7-464e-a23e-7e34bc63789f:group-65AB1CA5A065:LeaderElection68: Election PASSED; received 2 response(s) [76f4e9bb-2fb7-464e-a23e-7e34bc63789f<-582595a4-0981-4351-886a-2167b9138150#0:FAIL-t1, 76f4e9bb-2fb7-464e-a23e-7e34bc63789f<-bea96a90-0db2-4747-a28f-eaa57707396b#0:OK-t1] and 0 exception(s); 76f4e9bb-2fb7-464e-a23e-7e34bc63789f:t1, leader=null, voted=76f4e9bb-2fb7-464e-a23e-7e34bc63789f, raftlog=76f4e9bb-2fb7-464e-a23e-7e34bc63789f-SegmentedRaftLog:OPENED:c-1,f-1,i0, conf=-1: [76f4e9bb-2fb7-464e-a23e-7e34bc63789f:192.168.5.160:42935, 582595a4-0981-4351-886a-2167b9138150:192.168.5.160:39558, bea96a90-0db2-4747-a28f-eaa57707396b:192.168.5.160:37439], old=null
2019-08-23 03:31:21,576 INFO  impl.RaftServerImpl (RaftServerImpl.java:setRole(171)) - 582595a4-0981-4351-886a-2167b9138150:group-65AB1CA5A065 changes role from CANDIDATE to FOLLOWER at term 1 for DISCOVERED_A_NEW_TERM
2019-08-23 03:31:21,576 INFO  impl.RoleInfo (RoleInfo.java:shutdownLeaderElection(134)) - 76f4e9bb-2fb7-464e-a23e-7e34bc63789f: shutdown LeaderElection
2019-08-23 03:31:21,576 INFO  impl.RoleInfo (RoleInfo.java:shutdownLeaderElection(134)) - 582595a4-0981-4351-886a-2167b9138150: shutdown LeaderElection
2019-08-23 03:31:21,576 INFO  impl.RaftServerImpl (RaftServerImpl.java:setRole(171)) - 76f4e9bb-2fb7-464e-a23e-7e34bc63789f:group-65AB1CA5A065 changes role from CANDIDATE to LEADER at term 1 for changeToLeader
2019-08-23 03:31:21,576 INFO  impl.RoleInfo (RoleInfo.java:updateAndGet(143)) - 582595a4-0981-4351-886a-2167b9138150: start FollowerState
2019-08-23 03:31:21,577 INFO  impl.RaftServerImpl (ServerState.java:setLeader(263)) - 76f4e9bb-2fb7-464e-a23e-7e34bc63789f:group-65AB1CA5A065 change Leader from null to 76f4e9bb-2fb7-464e-a23e-7e34bc63789f at term 1 for becomeLeader, leader elected after 5191ms
2019-08-23 03:31:21,577 INFO  server.RaftServerConfigKeys (ConfUtils.java:logGet(43)) - raft.server.staging.catchup.gap = 1000 (default)
2019-08-23 03:31:21,577 INFO  server.RaftServerConfigKeys (ConfUtils.java:logGet(43)) - raft.server.rpc.sleep.time = 25ms (default)
2019-08-23 03:31:21,577 INFO  server.RaftServerConfigKeys (ConfUtils.java:logGet(43)) - raft.server.write.element-limit = 4096 (default)
2019-08-23 03:31:21,578 INFO  server.RaftServerConfigKeys (ConfUtils.java:logGet(43)) - raft.server.watch.timeout = 10s (default)
2019-08-23 03:31:21,578 INFO  server.RaftServerConfigKeys (ConfUtils.java:logGet(43)) - raft.server.watch.timeout.denomination = 1s (default)
2019-08-23 03:31:21,578 INFO  server.RaftServerConfigKeys (ConfUtils.java:logGet(43)) - raft.server.watch.element-limit = 65536 (default)
2019-08-23 03:31:21,578 INFO  server.RaftServerConfigKeys (ConfUtils.java:logGet(43)) - raft.server.log.appender.snapshot.chunk.size.max = 16MB (=16777216) (default)
2019-08-23 03:31:21,579 INFO  server.RaftServerConfigKeys (ConfUtils.java:logGet(43)) - raft.server.log.appender.buffer.byte-limit = 33554432 (custom)
2019-08-23 03:31:21,579 INFO  server.RaftServerConfigKeys (ConfUtils.java:logGet(43)) - raft.server.log.appender.buffer.element-limit = 1 (custom)
2019-08-23 03:31:21,579 INFO  grpc.GrpcConfigKeys$Server (ConfUtils.java:logGet(43)) - raft.grpc.server.leader.outstanding.appends.max = 128 (default)
2019-08-23 03:31:21,579 INFO  server.RaftServerConfigKeys (ConfUtils.java:logGet(43)) - raft.server.rpc.request.timeout = 3000ms (default)
2019-08-23 03:31:21,580 INFO  server.RaftServerConfigKeys (ConfUtils.java:logGet(43)) - raft.server.log.appender.install.snapshot.enabled = false (custom)
2019-08-23 03:31:21,580 INFO  server.RaftServerConfigKeys (ConfUtils.java:logGet(43)) - raft.server.log.appender.snapshot.chunk.size.max = 16MB (=16777216) (default)
2019-08-23 03:31:21,580 INFO  server.RaftServerConfigKeys (ConfUtils.java:logGet(43)) - raft.server.log.appender.buffer.byte-limit = 33554432 (custom)
2019-08-23 03:31:21,580 INFO  server.RaftServerConfigKeys (ConfUtils.java:logGet(43)) - raft.server.log.appender.buffer.element-limit = 1 (custom)
2019-08-23 03:31:21,580 INFO  grpc.GrpcConfigKeys$Server (ConfUtils.java:logGet(43)) - raft.grpc.server.leader.outstanding.appends.max = 128 (default)
2019-08-23 03:31:21,581 INFO  server.RaftServerConfigKeys (ConfUtils.java:logGet(43)) - raft.server.rpc.request.timeout = 3000ms (default)
2019-08-23 03:31:21,581 INFO  server.RaftServerConfigKeys (ConfUtils.java:logGet(43)) - raft.server.log.appender.install.snapshot.enabled = false (custom)
2019-08-23 03:31:21,581 INFO  impl.RoleInfo (RoleInfo.java:updateAndGet(143)) - 76f4e9bb-2fb7-464e-a23e-7e34bc63789f: start LeaderState
2019-08-23 03:31:21,581 INFO  segmented.SegmentedRaftLogWorker (SegmentedRaftLogWorker.java:startLogSegment(380)) - 76f4e9bb-2fb7-464e-a23e-7e34bc63789f-SegmentedRaftLogWorker:Storage Directory /workdir/hadoop-ozone/integration-test/target/test-dir/MiniOzoneClusterImpl-f17d844e-d9bf-4644-9288-fdb166d42e2d/datanode-1/data/ratis/e09e92c3-02dc-4111-82c8-65ab1ca5a065: Starting segment from index:0
2019-08-23 03:31:21,582 INFO  impl.RaftServerImpl (ServerState.java:setRaftConf(361)) - 76f4e9bb-2fb7-464e-a23e-7e34bc63789f:group-65AB1CA5A065 set configuration 0: [76f4e9bb-2fb7-464e-a23e-7e34bc63789f:192.168.5.160:42935, 582595a4-0981-4351-886a-2167b9138150:192.168.5.160:39558, bea96a90-0db2-4747-a28f-eaa57707396b:192.168.5.160:37439], old=null at 0
2019-08-23 03:31:21,626 | INFO  | SCMAudit | user=jenkins1000 | ip=192.168.5.160 | op=SEND_HEARTBEAT {datanodeUUID=3a8a9041-8520-4dc4-9e8b-2f4266e7e881, command=[]} | ret=SUCCESS |  
2019-08-23 03:31:21,627 INFO  impl.RaftServerImpl (ServerState.java:setLeader(263)) - 582595a4-0981-4351-886a-2167b9138150:group-65AB1CA5A065 change Leader from null to 76f4e9bb-2fb7-464e-a23e-7e34bc63789f at term 1 for appendEntries, leader elected after 5241ms
2019-08-23 03:31:21,627 INFO  impl.RaftServerImpl (ServerState.java:setLeader(263)) - bea96a90-0db2-4747-a28f-eaa57707396b:group-65AB1CA5A065 change Leader from null to 76f4e9bb-2fb7-464e-a23e-7e34bc63789f at term 1 for appendEntries, leader elected after 5241ms
2019-08-23 03:31:21,630 INFO  impl.RaftServerImpl (ServerState.java:setRaftConf(361)) - bea96a90-0db2-4747-a28f-eaa57707396b:group-65AB1CA5A065 set configuration 0: [76f4e9bb-2fb7-464e-a23e-7e34bc63789f:192.168.5.160:42935, 582595a4-0981-4351-886a-2167b9138150:192.168.5.160:39558, bea96a90-0db2-4747-a28f-eaa57707396b:192.168.5.160:37439], old=null at 0
2019-08-23 03:31:21,630 INFO  impl.RaftServerImpl (ServerState.java:setRaftConf(361)) - 582595a4-0981-4351-886a-2167b9138150:group-65AB1CA5A065 set configuration 0: [76f4e9bb-2fb7-464e-a23e-7e34bc63789f:192.168.5.160:42935, 582595a4-0981-4351-886a-2167b9138150:192.168.5.160:39558, bea96a90-0db2-4747-a28f-eaa57707396b:192.168.5.160:37439], old=null at 0
2019-08-23 03:31:21,631 INFO  segmented.SegmentedRaftLogWorker (SegmentedRaftLogWorker.java:startLogSegment(380)) - bea96a90-0db2-4747-a28f-eaa57707396b-SegmentedRaftLogWorker:Storage Directory /workdir/hadoop-ozone/integration-test/target/test-dir/MiniOzoneClusterImpl-f17d844e-d9bf-4644-9288-fdb166d42e2d/datanode-0/data/ratis/e09e92c3-02dc-4111-82c8-65ab1ca5a065: Starting segment from index:0
2019-08-23 03:31:21,631 INFO  segmented.SegmentedRaftLogWorker (SegmentedRaftLogWorker.java:startLogSegment(380)) - 582595a4-0981-4351-886a-2167b9138150-SegmentedRaftLogWorker:Storage Directory /workdir/hadoop-ozone/integration-test/target/test-dir/MiniOzoneClusterImpl-f17d844e-d9bf-4644-9288-fdb166d42e2d/datanode-2/data/ratis/e09e92c3-02dc-4111-82c8-65ab1ca5a065: Starting segment from index:0
2019-08-23 03:31:21,638 INFO  segmented.SegmentedRaftLogWorker (SegmentedRaftLogWorker.java:execute(569)) - 76f4e9bb-2fb7-464e-a23e-7e34bc63789f-SegmentedRaftLogWorker:Storage Directory /workdir/hadoop-ozone/integration-test/target/test-dir/MiniOzoneClusterImpl-f17d844e-d9bf-4644-9288-fdb166d42e2d/datanode-1/data/ratis/e09e92c3-02dc-4111-82c8-65ab1ca5a065: created new log segment /workdir/hadoop-ozone/integration-test/target/test-dir/MiniOzoneClusterImpl-f17d844e-d9bf-4644-9288-fdb166d42e2d/datanode-1/data/ratis/e09e92c3-02dc-4111-82c8-65ab1ca5a065/current/log_inprogress_0
2019-08-23 03:31:21,657 INFO  impl.FollowerState (FollowerState.java:run(106)) - f25f2f12-09c4-49be-854e-f9e4c23216e7:group-FCB489F02FD9 changes to CANDIDATE, lastRpcTime:5158, electionTimeout:5158ms
2019-08-23 03:31:21,657 INFO  impl.RoleInfo (RoleInfo.java:shutdownFollowerState(121)) - f25f2f12-09c4-49be-854e-f9e4c23216e7: shutdown FollowerState
2019-08-23 03:31:21,657 INFO  impl.RaftServerImpl (RaftServerImpl.java:setRole(171)) - f25f2f12-09c4-49be-854e-f9e4c23216e7:group-FCB489F02FD9 changes role from FOLLOWER to CANDIDATE at term 0 for changeToCandidate
2019-08-23 03:31:21,657 INFO  impl.RoleInfo (RoleInfo.java:updateAndGet(143)) - f25f2f12-09c4-49be-854e-f9e4c23216e7: start LeaderElection
2019-08-23 03:31:21,702 INFO  segmented.SegmentedRaftLogWorker (SegmentedRaftLogWorker.java:execute(569)) - bea96a90-0db2-4747-a28f-eaa57707396b-SegmentedRaftLogWorker:Storage Directory /workdir/hadoop-ozone/integration-test/target/test-dir/MiniOzoneClusterImpl-f17d844e-d9bf-4644-9288-fdb166d42e2d/datanode-0/data/ratis/e09e92c3-02dc-4111-82c8-65ab1ca5a065: created new log segment /workdir/hadoop-ozone/integration-test/target/test-dir/MiniOzoneClusterImpl-f17d844e-d9bf-4644-9288-fdb166d42e2d/datanode-0/data/ratis/e09e92c3-02dc-4111-82c8-65ab1ca5a065/current/log_inprogress_0
2019-08-23 03:31:21,702 INFO  impl.LeaderElection (LeaderElection.java:askForVotes(181)) - f25f2f12-09c4-49be-854e-f9e4c23216e7:group-FCB489F02FD9:LeaderElection71: begin an election at term 1 for -1: [f25f2f12-09c4-49be-854e-f9e4c23216e7:192.168.5.160:39419], old=null
2019-08-23 03:31:21,702 INFO  impl.RoleInfo (RoleInfo.java:shutdownLeaderElection(134)) - f25f2f12-09c4-49be-854e-f9e4c23216e7: shutdown LeaderElection
2019-08-23 03:31:21,702 INFO  segmented.SegmentedRaftLogWorker (SegmentedRaftLogWorker.java:execute(569)) - 582595a4-0981-4351-886a-2167b9138150-SegmentedRaftLogWorker:Storage Directory /workdir/hadoop-ozone/integration-test/target/test-dir/MiniOzoneClusterImpl-f17d844e-d9bf-4644-9288-fdb166d42e2d/datanode-2/data/ratis/e09e92c3-02dc-4111-82c8-65ab1ca5a065: created new log segment /workdir/hadoop-ozone/integration-test/target/test-dir/MiniOzoneClusterImpl-f17d844e-d9bf-4644-9288-fdb166d42e2d/datanode-2/data/ratis/e09e92c3-02dc-4111-82c8-65ab1ca5a065/current/log_inprogress_0
2019-08-23 03:31:21,702 INFO  impl.RaftServerImpl (RaftServerImpl.java:setRole(171)) - f25f2f12-09c4-49be-854e-f9e4c23216e7:group-FCB489F02FD9 changes role from CANDIDATE to LEADER at term 1 for changeToLeader
2019-08-23 03:31:21,703 INFO  impl.RaftServerImpl (ServerState.java:setLeader(263)) - f25f2f12-09c4-49be-854e-f9e4c23216e7:group-FCB489F02FD9 change Leader from null to f25f2f12-09c4-49be-854e-f9e4c23216e7 at term 1 for becomeLeader, leader elected after 5208ms
2019-08-23 03:31:21,703 INFO  server.RaftServerConfigKeys (ConfUtils.java:logGet(43)) - raft.server.staging.catchup.gap = 1000 (default)
2019-08-23 03:31:21,703 INFO  server.RaftServerConfigKeys (ConfUtils.java:logGet(43)) - raft.server.rpc.sleep.time = 25ms (default)
2019-08-23 03:31:21,703 INFO  server.RaftServerConfigKeys (ConfUtils.java:logGet(43)) - raft.server.write.element-limit = 4096 (default)
2019-08-23 03:31:21,703 INFO  server.RaftServerConfigKeys (ConfUtils.java:logGet(43)) - raft.server.watch.timeout = 10s (default)
2019-08-23 03:31:21,704 INFO  server.RaftServerConfigKeys (ConfUtils.java:logGet(43)) - raft.server.watch.timeout.denomination = 1s (default)
2019-08-23 03:31:21,704 INFO  server.RaftServerConfigKeys (ConfUtils.java:logGet(43)) - raft.server.watch.element-limit = 65536 (default)
2019-08-23 03:31:21,704 INFO  impl.RoleInfo (RoleInfo.java:updateAndGet(143)) - f25f2f12-09c4-49be-854e-f9e4c23216e7: start LeaderState
2019-08-23 03:31:21,704 INFO  segmented.SegmentedRaftLogWorker (SegmentedRaftLogWorker.java:startLogSegment(380)) - f25f2f12-09c4-49be-854e-f9e4c23216e7-SegmentedRaftLogWorker:Storage Directory /workdir/hadoop-ozone/integration-test/target/test-dir/MiniOzoneClusterImpl-f17d844e-d9bf-4644-9288-fdb166d42e2d/datanode-3/data/ratis/f94f3516-9967-4012-9790-fcb489f02fd9: Starting segment from index:0
2019-08-23 03:31:21,705 INFO  impl.RaftServerImpl (ServerState.java:setRaftConf(361)) - f25f2f12-09c4-49be-854e-f9e4c23216e7:group-FCB489F02FD9 set configuration 0: [f25f2f12-09c4-49be-854e-f9e4c23216e7:192.168.5.160:39419], old=null at 0
2019-08-23 03:31:21,755 INFO  segmented.SegmentedRaftLogWorker (SegmentedRaftLogWorker.java:execute(569)) - f25f2f12-09c4-49be-854e-f9e4c23216e7-SegmentedRaftLogWorker:Storage Directory /workdir/hadoop-ozone/integration-test/target/test-dir/MiniOzoneClusterImpl-f17d844e-d9bf-4644-9288-fdb166d42e2d/datanode-3/data/ratis/f94f3516-9967-4012-9790-fcb489f02fd9: created new log segment /workdir/hadoop-ozone/integration-test/target/test-dir/MiniOzoneClusterImpl-f17d844e-d9bf-4644-9288-fdb166d42e2d/datanode-3/data/ratis/f94f3516-9967-4012-9790-fcb489f02fd9/current/log_inprogress_0
2019-08-23 03:31:21,766 | INFO  | SCMAudit | user=jenkins1000 | ip=192.168.5.160 | op=SEND_HEARTBEAT {datanodeUUID=7b667a59-4125-4545-8251-4eff5c4dfadd, command=[]} | ret=SUCCESS |  
2019-08-23 03:31:21,810 INFO  impl.FollowerState (FollowerState.java:run(106)) - 3a8a9041-8520-4dc4-9e8b-2f4266e7e881:group-4FFAB7CD04EB changes to CANDIDATE, lastRpcTime:5159, electionTimeout:5159ms
2019-08-23 03:31:21,810 INFO  impl.RoleInfo (RoleInfo.java:shutdownFollowerState(121)) - 3a8a9041-8520-4dc4-9e8b-2f4266e7e881: shutdown FollowerState
2019-08-23 03:31:21,811 INFO  impl.RaftServerImpl (RaftServerImpl.java:setRole(171)) - 3a8a9041-8520-4dc4-9e8b-2f4266e7e881:group-4FFAB7CD04EB changes role from FOLLOWER to CANDIDATE at term 0 for changeToCandidate
2019-08-23 03:31:21,811 INFO  impl.RoleInfo (RoleInfo.java:updateAndGet(143)) - 3a8a9041-8520-4dc4-9e8b-2f4266e7e881: start LeaderElection
2019-08-23 03:31:21,834 INFO  impl.LeaderElection (LeaderElection.java:askForVotes(181)) - 3a8a9041-8520-4dc4-9e8b-2f4266e7e881:group-4FFAB7CD04EB:LeaderElection72: begin an election at term 1 for -1: [3a8a9041-8520-4dc4-9e8b-2f4266e7e881:192.168.5.160:32857], old=null
2019-08-23 03:31:21,834 INFO  impl.RoleInfo (RoleInfo.java:shutdownLeaderElection(134)) - 3a8a9041-8520-4dc4-9e8b-2f4266e7e881: shutdown LeaderElection
2019-08-23 03:31:21,834 INFO  impl.RaftServerImpl (RaftServerImpl.java:setRole(171)) - 3a8a9041-8520-4dc4-9e8b-2f4266e7e881:group-4FFAB7CD04EB changes role from CANDIDATE to LEADER at term 1 for changeToLeader
2019-08-23 03:31:21,834 INFO  impl.RaftServerImpl (ServerState.java:setLeader(263)) - 3a8a9041-8520-4dc4-9e8b-2f4266e7e881:group-4FFAB7CD04EB change Leader from null to 3a8a9041-8520-4dc4-9e8b-2f4266e7e881 at term 1 for becomeLeader, leader elected after 5187ms
2019-08-23 03:31:21,834 INFO  server.RaftServerConfigKeys (ConfUtils.java:logGet(43)) - raft.server.staging.catchup.gap = 1000 (default)
2019-08-23 03:31:21,834 INFO  server.RaftServerConfigKeys (ConfUtils.java:logGet(43)) - raft.server.rpc.sleep.time = 25ms (default)
2019-08-23 03:31:21,835 INFO  server.RaftServerConfigKeys (ConfUtils.java:logGet(43)) - raft.server.write.element-limit = 4096 (default)
2019-08-23 03:31:21,835 INFO  server.RaftServerConfigKeys (ConfUtils.java:logGet(43)) - raft.server.watch.timeout = 10s (default)
2019-08-23 03:31:21,835 INFO  server.RaftServerConfigKeys (ConfUtils.java:logGet(43)) - raft.server.watch.timeout.denomination = 1s (default)
2019-08-23 03:31:21,835 INFO  server.RaftServerConfigKeys (ConfUtils.java:logGet(43)) - raft.server.watch.element-limit = 65536 (default)
2019-08-23 03:31:21,835 INFO  impl.RoleInfo (RoleInfo.java:updateAndGet(143)) - 3a8a9041-8520-4dc4-9e8b-2f4266e7e881: start LeaderState
2019-08-23 03:31:21,836 INFO  segmented.SegmentedRaftLogWorker (SegmentedRaftLogWorker.java:startLogSegment(380)) - 3a8a9041-8520-4dc4-9e8b-2f4266e7e881-SegmentedRaftLogWorker:Storage Directory /workdir/hadoop-ozone/integration-test/target/test-dir/MiniOzoneClusterImpl-f17d844e-d9bf-4644-9288-fdb166d42e2d/datanode-4/data/ratis/a6b28ed4-099b-41f5-8723-4ffab7cd04eb: Starting segment from index:0
2019-08-23 03:31:21,836 INFO  impl.RaftServerImpl (ServerState.java:setRaftConf(361)) - 3a8a9041-8520-4dc4-9e8b-2f4266e7e881:group-4FFAB7CD04EB set configuration 0: [3a8a9041-8520-4dc4-9e8b-2f4266e7e881:192.168.5.160:32857], old=null at 0
2019-08-23 03:31:21,879 INFO  segmented.SegmentedRaftLogWorker (SegmentedRaftLogWorker.java:execute(569)) - 3a8a9041-8520-4dc4-9e8b-2f4266e7e881-SegmentedRaftLogWorker:Storage Directory /workdir/hadoop-ozone/integration-test/target/test-dir/MiniOzoneClusterImpl-f17d844e-d9bf-4644-9288-fdb166d42e2d/datanode-4/data/ratis/a6b28ed4-099b-41f5-8723-4ffab7cd04eb: created new log segment /workdir/hadoop-ozone/integration-test/target/test-dir/MiniOzoneClusterImpl-f17d844e-d9bf-4644-9288-fdb166d42e2d/datanode-4/data/ratis/a6b28ed4-099b-41f5-8723-4ffab7cd04eb/current/log_inprogress_0
2019-08-23 03:31:21,927 | INFO  | SCMAudit | user=jenkins1000 | ip=192.168.5.160 | op=SEND_HEARTBEAT {datanodeUUID=4ce2b0e7-d44f-4a72-b0eb-b384d67d6288, command=[]} | ret=SUCCESS |  
2019-08-23 03:31:21,932 INFO  impl.FollowerState (FollowerState.java:run(106)) - f25f2f12-09c4-49be-854e-f9e4c23216e7:group-E5176CE0969B changes to CANDIDATE, lastRpcTime:5017, electionTimeout:5016ms
2019-08-23 03:31:21,932 INFO  impl.RoleInfo (RoleInfo.java:shutdownFollowerState(121)) - f25f2f12-09c4-49be-854e-f9e4c23216e7: shutdown FollowerState
2019-08-23 03:31:21,932 INFO  impl.RaftServerImpl (RaftServerImpl.java:setRole(171)) - f25f2f12-09c4-49be-854e-f9e4c23216e7:group-E5176CE0969B changes role from FOLLOWER to CANDIDATE at term 0 for changeToCandidate
2019-08-23 03:31:21,932 INFO  impl.RoleInfo (RoleInfo.java:updateAndGet(143)) - f25f2f12-09c4-49be-854e-f9e4c23216e7: start LeaderElection
2019-08-23 03:31:21,943 | INFO  | SCMAudit | user=jenkins1000 | ip=192.168.5.160 | op=SEND_HEARTBEAT {datanodeUUID=bea96a90-0db2-4747-a28f-eaa57707396b, command=[]} | ret=SUCCESS |  
2019-08-23 03:31:21,955 INFO  impl.LeaderElection (LeaderElection.java:askForVotes(181)) - f25f2f12-09c4-49be-854e-f9e4c23216e7:group-E5176CE0969B:LeaderElection73: begin an election at term 1 for -1: [f25f2f12-09c4-49be-854e-f9e4c23216e7:192.168.5.160:39419, 3a8a9041-8520-4dc4-9e8b-2f4266e7e881:192.168.5.160:32857, 7b667a59-4125-4545-8251-4eff5c4dfadd:192.168.5.160:43552], old=null
2019-08-23 03:31:21,956 INFO  impl.FollowerState (FollowerState.java:run(106)) - 3a8a9041-8520-4dc4-9e8b-2f4266e7e881:group-E5176CE0969B changes to CANDIDATE, lastRpcTime:5037, electionTimeout:5037ms
2019-08-23 03:31:21,956 INFO  impl.RoleInfo (RoleInfo.java:shutdownFollowerState(121)) - 3a8a9041-8520-4dc4-9e8b-2f4266e7e881: shutdown FollowerState
2019-08-23 03:31:21,956 INFO  impl.RaftServerImpl (RaftServerImpl.java:setRole(171)) - 3a8a9041-8520-4dc4-9e8b-2f4266e7e881:group-E5176CE0969B changes role from FOLLOWER to CANDIDATE at term 0 for changeToCandidate
2019-08-23 03:31:21,956 INFO  impl.RoleInfo (RoleInfo.java:updateAndGet(143)) - 3a8a9041-8520-4dc4-9e8b-2f4266e7e881: start LeaderElection
2019-08-23 03:31:21,973 INFO  impl.RaftServerImpl (RaftServerImpl.java:setRole(171)) - 7b667a59-4125-4545-8251-4eff5c4dfadd:group-E5176CE0969B changes role from FOLLOWER to FOLLOWER at term 1 for recognizeCandidate:f25f2f12-09c4-49be-854e-f9e4c23216e7
2019-08-23 03:31:21,973 INFO  impl.RoleInfo (RoleInfo.java:shutdownFollowerState(121)) - 7b667a59-4125-4545-8251-4eff5c4dfadd: shutdown FollowerState
2019-08-23 03:31:21,973 INFO  impl.RoleInfo (RoleInfo.java:updateAndGet(143)) - 7b667a59-4125-4545-8251-4eff5c4dfadd: start FollowerState
2019-08-23 03:31:21,973 INFO  impl.FollowerState (FollowerState.java:run(114)) - 7b667a59-4125-4545-8251-4eff5c4dfadd: FollowerState was interrupted: java.lang.InterruptedException: sleep interrupted
2019-08-23 03:31:21,977 INFO  impl.LeaderElection (LeaderElection.java:askForVotes(181)) - 3a8a9041-8520-4dc4-9e8b-2f4266e7e881:group-E5176CE0969B:LeaderElection74: begin an election at term 1 for -1: [f25f2f12-09c4-49be-854e-f9e4c23216e7:192.168.5.160:39419, 3a8a9041-8520-4dc4-9e8b-2f4266e7e881:192.168.5.160:32857, 7b667a59-4125-4545-8251-4eff5c4dfadd:192.168.5.160:43552], old=null
2019-08-23 03:31:21,980 INFO  impl.LeaderElection (LeaderElection.java:logAndReturn(56)) - f25f2f12-09c4-49be-854e-f9e4c23216e7:group-E5176CE0969B:LeaderElection73: Election PASSED; received 2 response(s) [f25f2f12-09c4-49be-854e-f9e4c23216e7<-3a8a9041-8520-4dc4-9e8b-2f4266e7e881#0:FAIL-t1, f25f2f12-09c4-49be-854e-f9e4c23216e7<-7b667a59-4125-4545-8251-4eff5c4dfadd#0:OK-t1] and 0 exception(s); f25f2f12-09c4-49be-854e-f9e4c23216e7:t1, leader=null, voted=f25f2f12-09c4-49be-854e-f9e4c23216e7, raftlog=f25f2f12-09c4-49be-854e-f9e4c23216e7-SegmentedRaftLog:OPENED:c-1,f-1,i0, conf=-1: [f25f2f12-09c4-49be-854e-f9e4c23216e7:192.168.5.160:39419, 3a8a9041-8520-4dc4-9e8b-2f4266e7e881:192.168.5.160:32857, 7b667a59-4125-4545-8251-4eff5c4dfadd:192.168.5.160:43552], old=null
2019-08-23 03:31:21,980 INFO  impl.FollowerState (FollowerState.java:run(106)) - 7b667a59-4125-4545-8251-4eff5c4dfadd:group-C54C985D9D55 changes to CANDIDATE, lastRpcTime:5124, electionTimeout:5124ms
2019-08-23 03:31:21,980 INFO  impl.RoleInfo (RoleInfo.java:shutdownLeaderElection(134)) - f25f2f12-09c4-49be-854e-f9e4c23216e7: shutdown LeaderElection
2019-08-23 03:31:21,980 INFO  impl.RoleInfo (RoleInfo.java:shutdownFollowerState(121)) - 7b667a59-4125-4545-8251-4eff5c4dfadd: shutdown FollowerState
2019-08-23 03:31:21,980 INFO  impl.RaftServerImpl (RaftServerImpl.java:setRole(171)) - f25f2f12-09c4-49be-854e-f9e4c23216e7:group-E5176CE0969B changes role from CANDIDATE to LEADER at term 1 for changeToLeader
2019-08-23 03:31:21,980 INFO  impl.RaftServerImpl (RaftServerImpl.java:setRole(171)) - 7b667a59-4125-4545-8251-4eff5c4dfadd:group-C54C985D9D55 changes role from FOLLOWER to CANDIDATE at term 0 for changeToCandidate
2019-08-23 03:31:21,980 INFO  impl.RaftServerImpl (ServerState.java:setLeader(263)) - f25f2f12-09c4-49be-854e-f9e4c23216e7:group-E5176CE0969B change Leader from null to f25f2f12-09c4-49be-854e-f9e4c23216e7 at term 1 for becomeLeader, leader elected after 5071ms
2019-08-23 03:31:21,981 INFO  impl.RoleInfo (RoleInfo.java:updateAndGet(143)) - 7b667a59-4125-4545-8251-4eff5c4dfadd: start LeaderElection
2019-08-23 03:31:21,981 INFO  server.RaftServerConfigKeys (ConfUtils.java:logGet(43)) - raft.server.staging.catchup.gap = 1000 (default)
2019-08-23 03:31:21,985 INFO  server.RaftServerConfigKeys (ConfUtils.java:logGet(43)) - raft.server.rpc.sleep.time = 25ms (default)
2019-08-23 03:31:21,990 INFO  server.RaftServerConfigKeys (ConfUtils.java:logGet(43)) - raft.server.write.element-limit = 4096 (default)
2019-08-23 03:31:21,990 INFO  impl.FollowerState (FollowerState.java:run(106)) - 4ce2b0e7-d44f-4a72-b0eb-b384d67d6288:group-67C59F7F23CD changes to CANDIDATE, lastRpcTime:5020, electionTimeout:5019ms
2019-08-23 03:31:21,990 INFO  impl.RoleInfo (RoleInfo.java:shutdownFollowerState(121)) - 4ce2b0e7-d44f-4a72-b0eb-b384d67d6288: shutdown FollowerState
2019-08-23 03:31:21,990 INFO  server.RaftServerConfigKeys (ConfUtils.java:logGet(43)) - raft.server.watch.timeout = 10s (default)
2019-08-23 03:31:21,990 INFO  impl.RaftServerImpl (RaftServerImpl.java:setRole(171)) - 4ce2b0e7-d44f-4a72-b0eb-b384d67d6288:group-67C59F7F23CD changes role from FOLLOWER to CANDIDATE at term 0 for changeToCandidate
2019-08-23 03:31:21,991 INFO  server.RaftServerConfigKeys (ConfUtils.java:logGet(43)) - raft.server.watch.timeout.denomination = 1s (default)
2019-08-23 03:31:21,991 INFO  impl.RoleInfo (RoleInfo.java:updateAndGet(143)) - 4ce2b0e7-d44f-4a72-b0eb-b384d67d6288: start LeaderElection
2019-08-23 03:31:21,991 INFO  server.RaftServerConfigKeys (ConfUtils.java:logGet(43)) - raft.server.watch.element-limit = 65536 (default)
2019-08-23 03:31:21,993 INFO  server.RaftServerConfigKeys (ConfUtils.java:logGet(43)) - raft.server.log.appender.snapshot.chunk.size.max = 16MB (=16777216) (default)
2019-08-23 03:31:21,998 INFO  server.RaftServerConfigKeys (ConfUtils.java:logGet(43)) - raft.server.log.appender.buffer.byte-limit = 33554432 (custom)
2019-08-23 03:31:21,998 INFO  server.RaftServerConfigKeys (ConfUtils.java:logGet(43)) - raft.server.log.appender.buffer.element-limit = 1 (custom)
2019-08-23 03:31:21,998 INFO  grpc.GrpcConfigKeys$Server (ConfUtils.java:logGet(43)) - raft.grpc.server.leader.outstanding.appends.max = 128 (default)
2019-08-23 03:31:21,999 INFO  server.RaftServerConfigKeys (ConfUtils.java:logGet(43)) - raft.server.rpc.request.timeout = 3000ms (default)
2019-08-23 03:31:21,999 INFO  server.RaftServerConfigKeys (ConfUtils.java:logGet(43)) - raft.server.log.appender.install.snapshot.enabled = false (custom)
2019-08-23 03:31:21,999 INFO  server.RaftServerConfigKeys (ConfUtils.java:logGet(43)) - raft.server.log.appender.snapshot.chunk.size.max = 16MB (=16777216) (default)
2019-08-23 03:31:21,999 INFO  server.RaftServerConfigKeys (ConfUtils.java:logGet(43)) - raft.server.log.appender.buffer.byte-limit = 33554432 (custom)
2019-08-23 03:31:21,999 INFO  server.RaftServerConfigKeys (ConfUtils.java:logGet(43)) - raft.server.log.appender.buffer.element-limit = 1 (custom)
2019-08-23 03:31:22,000 INFO  grpc.GrpcConfigKeys$Server (ConfUtils.java:logGet(43)) - raft.grpc.server.leader.outstanding.appends.max = 128 (default)
2019-08-23 03:31:22,000 INFO  server.RaftServerConfigKeys (ConfUtils.java:logGet(43)) - raft.server.rpc.request.timeout = 3000ms (default)
2019-08-23 03:31:22,000 INFO  server.RaftServerConfigKeys (ConfUtils.java:logGet(43)) - raft.server.log.appender.install.snapshot.enabled = false (custom)
2019-08-23 03:31:22,000 INFO  impl.RoleInfo (RoleInfo.java:updateAndGet(143)) - f25f2f12-09c4-49be-854e-f9e4c23216e7: start LeaderState
2019-08-23 03:31:22,001 INFO  segmented.SegmentedRaftLogWorker (SegmentedRaftLogWorker.java:startLogSegment(380)) - f25f2f12-09c4-49be-854e-f9e4c23216e7-SegmentedRaftLogWorker:Storage Directory /workdir/hadoop-ozone/integration-test/target/test-dir/MiniOzoneClusterImpl-f17d844e-d9bf-4644-9288-fdb166d42e2d/datanode-3/data/ratis/7f367c4f-1693-4545-b008-e5176ce0969b: Starting segment from index:0
2019-08-23 03:31:22,001 INFO  impl.RaftServerImpl (ServerState.java:setRaftConf(361)) - f25f2f12-09c4-49be-854e-f9e4c23216e7:group-E5176CE0969B set configuration 0: [f25f2f12-09c4-49be-854e-f9e4c23216e7:192.168.5.160:39419, 3a8a9041-8520-4dc4-9e8b-2f4266e7e881:192.168.5.160:32857, 7b667a59-4125-4545-8251-4eff5c4dfadd:192.168.5.160:43552], old=null at 0
2019-08-23 03:31:22,002 INFO  impl.RaftServerImpl (RaftServerImpl.java:requestVote(754)) - f25f2f12-09c4-49be-854e-f9e4c23216e7-LEADER: Withhold vote from candidate 3a8a9041-8520-4dc4-9e8b-2f4266e7e881 with term 1. State: leader=f25f2f12-09c4-49be-854e-f9e4c23216e7, term=1, lastRpcElapsed=null
2019-08-23 03:31:22,003 INFO  impl.RaftServerImpl (RaftServerImpl.java:setRole(171)) - 3a8a9041-8520-4dc4-9e8b-2f4266e7e881:group-E5176CE0969B changes role from CANDIDATE to FOLLOWER at term 1 for appendEntries
2019-08-23 03:31:22,003 INFO  impl.RoleInfo (RoleInfo.java:shutdownLeaderElection(134)) - 3a8a9041-8520-4dc4-9e8b-2f4266e7e881: shutdown LeaderElection
2019-08-23 03:31:22,003 INFO  impl.RaftServerImpl (ServerState.java:setLeader(263)) - 7b667a59-4125-4545-8251-4eff5c4dfadd:group-E5176CE0969B change Leader from null to f25f2f12-09c4-49be-854e-f9e4c23216e7 at term 1 for appendEntries, leader elected after 5094ms
2019-08-23 03:31:22,003 INFO  impl.RoleInfo (RoleInfo.java:updateAndGet(143)) - 3a8a9041-8520-4dc4-9e8b-2f4266e7e881: start FollowerState
2019-08-23 03:31:22,003 INFO  impl.LeaderElection (LeaderElection.java:logAndReturn(56)) - 3a8a9041-8520-4dc4-9e8b-2f4266e7e881:group-E5176CE0969B:LeaderElection74: Election REJECTED; received 2 response(s) [3a8a9041-8520-4dc4-9e8b-2f4266e7e881<-f25f2f12-09c4-49be-854e-f9e4c23216e7#0:FAIL-t1, 3a8a9041-8520-4dc4-9e8b-2f4266e7e881<-7b667a59-4125-4545-8251-4eff5c4dfadd#0:FAIL-t1] and 0 exception(s); 3a8a9041-8520-4dc4-9e8b-2f4266e7e881:t1, leader=null, voted=3a8a9041-8520-4dc4-9e8b-2f4266e7e881, raftlog=3a8a9041-8520-4dc4-9e8b-2f4266e7e881-SegmentedRaftLog:OPENED:c-1,f-1,i0, conf=-1: [f25f2f12-09c4-49be-854e-f9e4c23216e7:192.168.5.160:39419, 3a8a9041-8520-4dc4-9e8b-2f4266e7e881:192.168.5.160:32857, 7b667a59-4125-4545-8251-4eff5c4dfadd:192.168.5.160:43552], old=null
2019-08-23 03:31:22,004 INFO  impl.LeaderElection (LeaderElection.java:askForVotes(181)) - 7b667a59-4125-4545-8251-4eff5c4dfadd:group-C54C985D9D55:LeaderElection75: begin an election at term 1 for -1: [7b667a59-4125-4545-8251-4eff5c4dfadd:192.168.5.160:43552], old=null
2019-08-23 03:31:22,004 INFO  impl.LeaderElection (LeaderElection.java:askForVotes(181)) - 4ce2b0e7-d44f-4a72-b0eb-b384d67d6288:group-67C59F7F23CD:LeaderElection76: begin an election at term 1 for -1: [4ce2b0e7-d44f-4a72-b0eb-b384d67d6288:192.168.5.160:45522], old=null
2019-08-23 03:31:22,004 INFO  impl.RoleInfo (RoleInfo.java:shutdownLeaderElection(134)) - 7b667a59-4125-4545-8251-4eff5c4dfadd: shutdown LeaderElection
2019-08-23 03:31:22,004 INFO  impl.RaftServerImpl (ServerState.java:setLeader(263)) - 3a8a9041-8520-4dc4-9e8b-2f4266e7e881:group-E5176CE0969B change Leader from null to f25f2f12-09c4-49be-854e-f9e4c23216e7 at term 1 for appendEntries, leader elected after 5095ms
2019-08-23 03:31:22,004 INFO  impl.RaftServerImpl (RaftServerImpl.java:setRole(171)) - 7b667a59-4125-4545-8251-4eff5c4dfadd:group-C54C985D9D55 changes role from CANDIDATE to LEADER at term 1 for changeToLeader
2019-08-23 03:31:22,004 INFO  impl.RoleInfo (RoleInfo.java:shutdownLeaderElection(134)) - 4ce2b0e7-d44f-4a72-b0eb-b384d67d6288: shutdown LeaderElection
2019-08-23 03:31:22,005 INFO  impl.RaftServerImpl (ServerState.java:setLeader(263)) - 7b667a59-4125-4545-8251-4eff5c4dfadd:group-C54C985D9D55 change Leader from null to 7b667a59-4125-4545-8251-4eff5c4dfadd at term 1 for becomeLeader, leader elected after 5155ms
2019-08-23 03:31:22,005 INFO  impl.RaftServerImpl (RaftServerImpl.java:setRole(171)) - 4ce2b0e7-d44f-4a72-b0eb-b384d67d6288:group-67C59F7F23CD changes role from CANDIDATE to LEADER at term 1 for changeToLeader
2019-08-23 03:31:22,005 INFO  server.RaftServerConfigKeys (ConfUtils.java:logGet(43)) - raft.server.staging.catchup.gap = 1000 (default)
2019-08-23 03:31:22,005 INFO  impl.RaftServerImpl (ServerState.java:setLeader(263)) - 4ce2b0e7-d44f-4a72-b0eb-b384d67d6288:group-67C59F7F23CD change Leader from null to 4ce2b0e7-d44f-4a72-b0eb-b384d67d6288 at term 1 for becomeLeader, leader elected after 5038ms
2019-08-23 03:31:22,006 INFO  server.RaftServerConfigKeys (ConfUtils.java:logGet(43)) - raft.server.rpc.sleep.time = 25ms (default)
2019-08-23 03:31:22,006 INFO  server.RaftServerConfigKeys (ConfUtils.java:logGet(43)) - raft.server.staging.catchup.gap = 1000 (default)
2019-08-23 03:31:22,006 INFO  server.RaftServerConfigKeys (ConfUtils.java:logGet(43)) - raft.server.write.element-limit = 4096 (default)
2019-08-23 03:31:22,006 INFO  impl.RaftServerImpl (ServerState.java:setRaftConf(361)) - 7b667a59-4125-4545-8251-4eff5c4dfadd:group-E5176CE0969B set configuration 0: [f25f2f12-09c4-49be-854e-f9e4c23216e7:192.168.5.160:39419, 3a8a9041-8520-4dc4-9e8b-2f4266e7e881:192.168.5.160:32857, 7b667a59-4125-4545-8251-4eff5c4dfadd:192.168.5.160:43552], old=null at 0
2019-08-23 03:31:22,006 INFO  server.RaftServerConfigKeys (ConfUtils.java:logGet(43)) - raft.server.watch.timeout = 10s (default)
2019-08-23 03:31:22,006 INFO  server.RaftServerConfigKeys (ConfUtils.java:logGet(43)) - raft.server.rpc.sleep.time = 25ms (default)
2019-08-23 03:31:22,007 INFO  server.RaftServerConfigKeys (ConfUtils.java:logGet(43)) - raft.server.watch.timeout.denomination = 1s (default)
2019-08-23 03:31:22,006 INFO  segmented.SegmentedRaftLogWorker (SegmentedRaftLogWorker.java:startLogSegment(380)) - 7b667a59-4125-4545-8251-4eff5c4dfadd-SegmentedRaftLogWorker:Storage Directory /workdir/hadoop-ozone/integration-test/target/test-dir/MiniOzoneClusterImpl-f17d844e-d9bf-4644-9288-fdb166d42e2d/datanode-5/data/ratis/7f367c4f-1693-4545-b008-e5176ce0969b: Starting segment from index:0
2019-08-23 03:31:22,007 INFO  server.RaftServerConfigKeys (ConfUtils.java:logGet(43)) - raft.server.watch.element-limit = 65536 (default)
2019-08-23 03:31:22,007 INFO  impl.RaftServerImpl (ServerState.java:setRaftConf(361)) - 3a8a9041-8520-4dc4-9e8b-2f4266e7e881:group-E5176CE0969B set configuration 0: [f25f2f12-09c4-49be-854e-f9e4c23216e7:192.168.5.160:39419, 3a8a9041-8520-4dc4-9e8b-2f4266e7e881:192.168.5.160:32857, 7b667a59-4125-4545-8251-4eff5c4dfadd:192.168.5.160:43552], old=null at 0
2019-08-23 03:31:22,007 INFO  server.RaftServerConfigKeys (ConfUtils.java:logGet(43)) - raft.server.write.element-limit = 4096 (default)
2019-08-23 03:31:22,008 INFO  segmented.SegmentedRaftLogWorker (SegmentedRaftLogWorker.java:startLogSegment(380)) - 3a8a9041-8520-4dc4-9e8b-2f4266e7e881-SegmentedRaftLogWorker:Storage Directory /workdir/hadoop-ozone/integration-test/target/test-dir/MiniOzoneClusterImpl-f17d844e-d9bf-4644-9288-fdb166d42e2d/datanode-4/data/ratis/7f367c4f-1693-4545-b008-e5176ce0969b: Starting segment from index:0
2019-08-23 03:31:22,007 INFO  impl.RoleInfo (RoleInfo.java:updateAndGet(143)) - 7b667a59-4125-4545-8251-4eff5c4dfadd: start LeaderState
2019-08-23 03:31:22,008 INFO  server.RaftServerConfigKeys (ConfUtils.java:logGet(43)) - raft.server.watch.timeout = 10s (default)
2019-08-23 03:31:22,008 INFO  segmented.SegmentedRaftLogWorker (SegmentedRaftLogWorker.java:startLogSegment(380)) - 7b667a59-4125-4545-8251-4eff5c4dfadd-SegmentedRaftLogWorker:Storage Directory /workdir/hadoop-ozone/integration-test/target/test-dir/MiniOzoneClusterImpl-f17d844e-d9bf-4644-9288-fdb166d42e2d/datanode-5/data/ratis/810fc208-0e2b-4d9b-bcca-c54c985d9d55: Starting segment from index:0
2019-08-23 03:31:22,008 INFO  server.RaftServerConfigKeys (ConfUtils.java:logGet(43)) - raft.server.watch.timeout.denomination = 1s (default)
2019-08-23 03:31:22,009 INFO  server.RaftServerConfigKeys (ConfUtils.java:logGet(43)) - raft.server.watch.element-limit = 65536 (default)
2019-08-23 03:31:22,009 INFO  impl.RaftServerImpl (ServerState.java:setRaftConf(361)) - 7b667a59-4125-4545-8251-4eff5c4dfadd:group-C54C985D9D55 set configuration 0: [7b667a59-4125-4545-8251-4eff5c4dfadd:192.168.5.160:43552], old=null at 0
2019-08-23 03:31:22,009 INFO  impl.RoleInfo (RoleInfo.java:updateAndGet(143)) - 4ce2b0e7-d44f-4a72-b0eb-b384d67d6288: start LeaderState
2019-08-23 03:31:22,009 INFO  segmented.SegmentedRaftLogWorker (SegmentedRaftLogWorker.java:startLogSegment(380)) - 4ce2b0e7-d44f-4a72-b0eb-b384d67d6288-SegmentedRaftLogWorker:Storage Directory /workdir/hadoop-ozone/integration-test/target/test-dir/MiniOzoneClusterImpl-f17d844e-d9bf-4644-9288-fdb166d42e2d/datanode-6/data/ratis/bf5296f4-b021-4b8f-8d92-67c59f7f23cd: Starting segment from index:0
2019-08-23 03:31:22,010 INFO  impl.RaftServerImpl (ServerState.java:setRaftConf(361)) - 4ce2b0e7-d44f-4a72-b0eb-b384d67d6288:group-67C59F7F23CD set configuration 0: [4ce2b0e7-d44f-4a72-b0eb-b384d67d6288:192.168.5.160:45522], old=null at 0
2019-08-23 03:31:22,059 INFO  segmented.SegmentedRaftLogWorker (SegmentedRaftLogWorker.java:execute(569)) - 7b667a59-4125-4545-8251-4eff5c4dfadd-SegmentedRaftLogWorker:Storage Directory /workdir/hadoop-ozone/integration-test/target/test-dir/MiniOzoneClusterImpl-f17d844e-d9bf-4644-9288-fdb166d42e2d/datanode-5/data/ratis/810fc208-0e2b-4d9b-bcca-c54c985d9d55: created new log segment /workdir/hadoop-ozone/integration-test/target/test-dir/MiniOzoneClusterImpl-f17d844e-d9bf-4644-9288-fdb166d42e2d/datanode-5/data/ratis/810fc208-0e2b-4d9b-bcca-c54c985d9d55/current/log_inprogress_0
2019-08-23 03:31:22,059 INFO  segmented.SegmentedRaftLogWorker (SegmentedRaftLogWorker.java:execute(569)) - f25f2f12-09c4-49be-854e-f9e4c23216e7-SegmentedRaftLogWorker:Storage Directory /workdir/hadoop-ozone/integration-test/target/test-dir/MiniOzoneClusterImpl-f17d844e-d9bf-4644-9288-fdb166d42e2d/datanode-3/data/ratis/7f367c4f-1693-4545-b008-e5176ce0969b: created new log segment /workdir/hadoop-ozone/integration-test/target/test-dir/MiniOzoneClusterImpl-f17d844e-d9bf-4644-9288-fdb166d42e2d/datanode-3/data/ratis/7f367c4f-1693-4545-b008-e5176ce0969b/current/log_inprogress_0
2019-08-23 03:31:22,059 INFO  segmented.SegmentedRaftLogWorker (SegmentedRaftLogWorker.java:execute(569)) - 7b667a59-4125-4545-8251-4eff5c4dfadd-SegmentedRaftLogWorker:Storage Directory /workdir/hadoop-ozone/integration-test/target/test-dir/MiniOzoneClusterImpl-f17d844e-d9bf-4644-9288-fdb166d42e2d/datanode-5/data/ratis/7f367c4f-1693-4545-b008-e5176ce0969b: created new log segment /workdir/hadoop-ozone/integration-test/target/test-dir/MiniOzoneClusterImpl-f17d844e-d9bf-4644-9288-fdb166d42e2d/datanode-5/data/ratis/7f367c4f-1693-4545-b008-e5176ce0969b/current/log_inprogress_0
2019-08-23 03:31:22,059 INFO  segmented.SegmentedRaftLogWorker (SegmentedRaftLogWorker.java:execute(569)) - 4ce2b0e7-d44f-4a72-b0eb-b384d67d6288-SegmentedRaftLogWorker:Storage Directory /workdir/hadoop-ozone/integration-test/target/test-dir/MiniOzoneClusterImpl-f17d844e-d9bf-4644-9288-fdb166d42e2d/datanode-6/data/ratis/bf5296f4-b021-4b8f-8d92-67c59f7f23cd: created new log segment /workdir/hadoop-ozone/integration-test/target/test-dir/MiniOzoneClusterImpl-f17d844e-d9bf-4644-9288-fdb166d42e2d/datanode-6/data/ratis/bf5296f4-b021-4b8f-8d92-67c59f7f23cd/current/log_inprogress_0
2019-08-23 03:31:22,059 INFO  segmented.SegmentedRaftLogWorker (SegmentedRaftLogWorker.java:execute(569)) - 3a8a9041-8520-4dc4-9e8b-2f4266e7e881-SegmentedRaftLogWorker:Storage Directory /workdir/hadoop-ozone/integration-test/target/test-dir/MiniOzoneClusterImpl-f17d844e-d9bf-4644-9288-fdb166d42e2d/datanode-4/data/ratis/7f367c4f-1693-4545-b008-e5176ce0969b: created new log segment /workdir/hadoop-ozone/integration-test/target/test-dir/MiniOzoneClusterImpl-f17d844e-d9bf-4644-9288-fdb166d42e2d/datanode-4/data/ratis/7f367c4f-1693-4545-b008-e5176ce0969b/current/log_inprogress_0
2019-08-23 03:31:22,114 | INFO  | SCMAudit | user=jenkins1000 | ip=192.168.5.160 | op=SEND_HEARTBEAT {datanodeUUID=76f4e9bb-2fb7-464e-a23e-7e34bc63789f, command=[]} | ret=SUCCESS |  
2019-08-23 03:31:22,172 | INFO  | DNAudit | user=null | ip=null | op=CREATE_CONTAINER {containerID=1, containerType=KeyValueContainer} | ret=SUCCESS |  
2019-08-23 03:31:22,181 | INFO  | SCMAudit | user=jenkins1000 | ip=192.168.5.160 | op=SEND_HEARTBEAT {datanodeUUID=76f4e9bb-2fb7-464e-a23e-7e34bc63789f, command=[]} | ret=SUCCESS |  
2019-08-23 03:31:22,181 INFO  client.GrpcClientProtocolClient (GrpcClientProtocolClient.java:onNext(255)) - client-CC4E70D60B40->76f4e9bb-2fb7-464e-a23e-7e34bc63789f: receive RaftClientReply:client-CC4E70D60B40->76f4e9bb-2fb7-464e-a23e-7e34bc63789f@group-65AB1CA5A065, cid=103, SUCCESS, logIndex=1, commits[76f4e9bb-2fb7-464e-a23e-7e34bc63789f:c2, 582595a4-0981-4351-886a-2167b9138150:c1, bea96a90-0db2-4747-a28f-eaa57707396b:c1]
2019-08-23 03:31:22,182 INFO  datanode.ObjectStoreHandler (ObjectStoreHandler.java:close(155)) - Closing ObjectStoreHandler.
2019-08-23 03:31:22,183 INFO  ozone.HddsDatanodeService (HddsDatanodeService.java:stop(451)) - Stopped plug-in org.apache.hadoop.ozone.web.OzoneHddsDatanodeService@1c294a17
2019-08-23 03:31:22,200 | INFO  | DNAudit | user=null | ip=null | op=CREATE_CONTAINER {containerID=1, containerType=KeyValueContainer} | ret=SUCCESS |  
2019-08-23 03:31:22,205 | INFO  | DNAudit | user=null | ip=null | op=CREATE_CONTAINER {containerID=1, containerType=KeyValueContainer} | ret=SUCCESS |  
2019-08-23 03:31:22,205 | INFO  | SCMAudit | user=jenkins1000 | ip=192.168.5.160 | op=SEND_HEARTBEAT {datanodeUUID=582595a4-0981-4351-886a-2167b9138150, command=[]} | ret=SUCCESS |  
2019-08-23 03:31:22,205 | INFO  | SCMAudit | user=jenkins1000 | ip=192.168.5.160 | op=SEND_HEARTBEAT {datanodeUUID=bea96a90-0db2-4747-a28f-eaa57707396b, command=[]} | ret=SUCCESS |  
2019-08-23 03:31:22,453 | INFO  | SCMAudit | user=jenkins1000 | ip=192.168.5.160 | op=SEND_HEARTBEAT {datanodeUUID=f25f2f12-09c4-49be-854e-f9e4c23216e7, command=[]} | ret=SUCCESS |  
2019-08-23 03:31:22,626 | INFO  | SCMAudit | user=jenkins1000 | ip=192.168.5.160 | op=SEND_HEARTBEAT {datanodeUUID=3a8a9041-8520-4dc4-9e8b-2f4266e7e881, command=[]} | ret=SUCCESS |  
2019-08-23 03:31:22,767 | INFO  | SCMAudit | user=jenkins1000 | ip=192.168.5.160 | op=SEND_HEARTBEAT {datanodeUUID=7b667a59-4125-4545-8251-4eff5c4dfadd, command=[]} | ret=SUCCESS |  
2019-08-23 03:31:22,927 | INFO  | SCMAudit | user=jenkins1000 | ip=192.168.5.160 | op=SEND_HEARTBEAT {datanodeUUID=4ce2b0e7-d44f-4a72-b0eb-b384d67d6288, command=[]} | ret=SUCCESS |  
2019-08-23 03:31:23,169 INFO  statemachine.DatanodeStateMachine (DatanodeStateMachine.java:lambda$startDaemon$0(350)) - Ozone container server started.
2019-08-23 03:31:23,205 | INFO  | SCMAudit | user=jenkins1000 | ip=192.168.5.160 | op=SEND_HEARTBEAT {datanodeUUID=582595a4-0981-4351-886a-2167b9138150, command=[]} | ret=SUCCESS |  
2019-08-23 03:31:23,205 | INFO  | SCMAudit | user=jenkins1000 | ip=192.168.5.160 | op=SEND_HEARTBEAT {datanodeUUID=bea96a90-0db2-4747-a28f-eaa57707396b, command=[]} | ret=SUCCESS |  
2019-08-23 03:31:23,452 | INFO  | SCMAudit | user=jenkins1000 | ip=192.168.5.160 | op=SEND_HEARTBEAT {datanodeUUID=f25f2f12-09c4-49be-854e-f9e4c23216e7, command=[]} | ret=SUCCESS |  
2019-08-23 03:31:23,626 | INFO  | SCMAudit | user=jenkins1000 | ip=192.168.5.160 | op=SEND_HEARTBEAT {datanodeUUID=3a8a9041-8520-4dc4-9e8b-2f4266e7e881, command=[]} | ret=SUCCESS |  
2019-08-23 03:31:23,767 | INFO  | SCMAudit | user=jenkins1000 | ip=192.168.5.160 | op=SEND_HEARTBEAT {datanodeUUID=7b667a59-4125-4545-8251-4eff5c4dfadd, command=[]} | ret=SUCCESS |  
2019-08-23 03:31:23,927 | INFO  | SCMAudit | user=jenkins1000 | ip=192.168.5.160 | op=SEND_HEARTBEAT {datanodeUUID=4ce2b0e7-d44f-4a72-b0eb-b384d67d6288, command=[]} | ret=SUCCESS |  
2019-08-23 03:31:24,205 | INFO  | SCMAudit | user=jenkins1000 | ip=192.168.5.160 | op=SEND_HEARTBEAT {datanodeUUID=bea96a90-0db2-4747-a28f-eaa57707396b, command=[]} | ret=SUCCESS |  
2019-08-23 03:31:24,205 | INFO  | SCMAudit | user=jenkins1000 | ip=192.168.5.160 | op=SEND_HEARTBEAT {datanodeUUID=582595a4-0981-4351-886a-2167b9138150, command=[]} | ret=SUCCESS |  
2019-08-23 03:31:24,453 | INFO  | SCMAudit | user=jenkins1000 | ip=192.168.5.160 | op=SEND_HEARTBEAT {datanodeUUID=f25f2f12-09c4-49be-854e-f9e4c23216e7, command=[]} | ret=SUCCESS |  
2019-08-23 03:31:24,626 | INFO  | SCMAudit | user=jenkins1000 | ip=192.168.5.160 | op=SEND_HEARTBEAT {datanodeUUID=3a8a9041-8520-4dc4-9e8b-2f4266e7e881, command=[]} | ret=SUCCESS |  
2019-08-23 03:31:24,767 | INFO  | SCMAudit | user=jenkins1000 | ip=192.168.5.160 | op=SEND_HEARTBEAT {datanodeUUID=7b667a59-4125-4545-8251-4eff5c4dfadd, command=[]} | ret=SUCCESS |  
2019-08-23 03:31:24,928 | INFO  | SCMAudit | user=jenkins1000 | ip=192.168.5.160 | op=SEND_HEARTBEAT {datanodeUUID=4ce2b0e7-d44f-4a72-b0eb-b384d67d6288, command=[]} | ret=SUCCESS |  
2019-08-23 03:31:25,205 | INFO  | SCMAudit | user=jenkins1000 | ip=192.168.5.160 | op=SEND_HEARTBEAT {datanodeUUID=582595a4-0981-4351-886a-2167b9138150, command=[]} | ret=SUCCESS |  
2019-08-23 03:31:25,205 | INFO  | SCMAudit | user=jenkins1000 | ip=192.168.5.160 | op=SEND_HEARTBEAT {datanodeUUID=bea96a90-0db2-4747-a28f-eaa57707396b, command=[]} | ret=SUCCESS |  
2019-08-23 03:31:25,453 | INFO  | SCMAudit | user=jenkins1000 | ip=192.168.5.160 | op=SEND_HEARTBEAT {datanodeUUID=f25f2f12-09c4-49be-854e-f9e4c23216e7, command=[]} | ret=SUCCESS |  
2019-08-23 03:31:25,627 | INFO  | SCMAudit | user=jenkins1000 | ip=192.168.5.160 | op=SEND_HEARTBEAT {datanodeUUID=3a8a9041-8520-4dc4-9e8b-2f4266e7e881, command=[]} | ret=SUCCESS |  
2019-08-23 03:31:25,767 | INFO  | SCMAudit | user=jenkins1000 | ip=192.168.5.160 | op=SEND_HEARTBEAT {datanodeUUID=7b667a59-4125-4545-8251-4eff5c4dfadd, command=[]} | ret=SUCCESS |  
2019-08-23 03:31:25,927 | INFO  | SCMAudit | user=jenkins1000 | ip=192.168.5.160 | op=SEND_HEARTBEAT {datanodeUUID=4ce2b0e7-d44f-4a72-b0eb-b384d67d6288, command=[]} | ret=SUCCESS |  
2019-08-23 03:31:26,206 | INFO  | SCMAudit | user=jenkins1000 | ip=192.168.5.160 | op=SEND_HEARTBEAT {datanodeUUID=bea96a90-0db2-4747-a28f-eaa57707396b, command=[]} | ret=SUCCESS |  
2019-08-23 03:31:26,206 | INFO  | SCMAudit | user=jenkins1000 | ip=192.168.5.160 | op=SEND_HEARTBEAT {datanodeUUID=582595a4-0981-4351-886a-2167b9138150, command=[]} | ret=SUCCESS |  
2019-08-23 03:31:26,453 | INFO  | SCMAudit | user=jenkins1000 | ip=192.168.5.160 | op=SEND_HEARTBEAT {datanodeUUID=f25f2f12-09c4-49be-854e-f9e4c23216e7, command=[]} | ret=SUCCESS |  
2019-08-23 03:31:26,626 | INFO  | SCMAudit | user=jenkins1000 | ip=192.168.5.160 | op=SEND_HEARTBEAT {datanodeUUID=3a8a9041-8520-4dc4-9e8b-2f4266e7e881, command=[]} | ret=SUCCESS |  
2019-08-23 03:31:26,767 | INFO  | SCMAudit | user=jenkins1000 | ip=192.168.5.160 | op=SEND_HEARTBEAT {datanodeUUID=7b667a59-4125-4545-8251-4eff5c4dfadd, command=[]} | ret=SUCCESS |  
2019-08-23 03:31:26,927 | INFO  | SCMAudit | user=jenkins1000 | ip=192.168.5.160 | op=SEND_HEARTBEAT {datanodeUUID=4ce2b0e7-d44f-4a72-b0eb-b384d67d6288, command=[]} | ret=SUCCESS |  
2019-08-23 03:31:27,184 INFO  ozoneimpl.OzoneContainer (OzoneContainer.java:stop(199)) - Attempting to stop container services.
2019-08-23 03:31:27,185 INFO  impl.RaftServerProxy (RaftServerProxy.java:lambda$close$4(314)) - 76f4e9bb-2fb7-464e-a23e-7e34bc63789f: close
2019-08-23 03:31:27,185 INFO  impl.RaftServerImpl (RaftServerImpl.java:lambda$shutdown$3(245)) - 76f4e9bb-2fb7-464e-a23e-7e34bc63789f: shutdown group-65AB1CA5A065
2019-08-23 03:31:27,186 INFO  impl.RaftServerImpl (RaftServerImpl.java:lambda$shutdown$3(245)) - 76f4e9bb-2fb7-464e-a23e-7e34bc63789f: shutdown group-E2EE0BDE2B17
2019-08-23 03:31:27,186 INFO  util.JmxRegister (JmxRegister.java:unregister(73)) - Successfully un-registered JMX Bean with object name Ratis:service=RaftServer,group=group-65AB1CA5A065,id=76f4e9bb-2fb7-464e-a23e-7e34bc63789f
2019-08-23 03:31:27,186 INFO  util.JmxRegister (JmxRegister.java:unregister(73)) - Successfully un-registered JMX Bean with object name Ratis:service=RaftServer,group=group-E2EE0BDE2B17,id=76f4e9bb-2fb7-464e-a23e-7e34bc63789f
2019-08-23 03:31:27,187 INFO  impl.RoleInfo (RoleInfo.java:shutdownLeaderState(104)) - 76f4e9bb-2fb7-464e-a23e-7e34bc63789f: shutdown LeaderState
2019-08-23 03:31:27,187 INFO  impl.RoleInfo (RoleInfo.java:shutdownLeaderState(104)) - 76f4e9bb-2fb7-464e-a23e-7e34bc63789f: shutdown LeaderState
2019-08-23 03:31:27,194 INFO  impl.PendingRequests (PendingRequests.java:sendNotLeaderResponses(202)) - 76f4e9bb-2fb7-464e-a23e-7e34bc63789f-PendingRequests: sendNotLeaderResponses
2019-08-23 03:31:27,194 WARN  server.GrpcLogAppender (GrpcLogAppender.java:mayWait(143)) - GrpcLogAppender(76f4e9bb-2fb7-464e-a23e-7e34bc63789f->bea96a90-0db2-4747-a28f-eaa57707396b): Wait interrupted by java.lang.InterruptedException
2019-08-23 03:31:27,194 INFO  impl.PendingRequests (PendingRequests.java:sendNotLeaderResponses(202)) - 76f4e9bb-2fb7-464e-a23e-7e34bc63789f-PendingRequests: sendNotLeaderResponses
2019-08-23 03:31:27,194 WARN  server.GrpcLogAppender (GrpcLogAppender.java:mayWait(143)) - GrpcLogAppender(76f4e9bb-2fb7-464e-a23e-7e34bc63789f->582595a4-0981-4351-886a-2167b9138150): Wait interrupted by java.lang.InterruptedException
2019-08-23 03:31:27,218 INFO  server.GrpcServerProtocolService (GrpcServerProtocolService.java:onCompleted(104)) - bea96a90-0db2-4747-a28f-eaa57707396b: appendEntries completed
2019-08-23 03:31:27,218 | INFO  | SCMAudit | user=jenkins1000 | ip=192.168.5.160 | op=SEND_HEARTBEAT {datanodeUUID=bea96a90-0db2-4747-a28f-eaa57707396b, command=[]} | ret=SUCCESS |  
2019-08-23 03:31:27,218 | INFO  | SCMAudit | user=jenkins1000 | ip=192.168.5.160 | op=SEND_HEARTBEAT {datanodeUUID=582595a4-0981-4351-886a-2167b9138150, command=[]} | ret=SUCCESS |  
2019-08-23 03:31:27,218 INFO  impl.StateMachineUpdater (StateMachineUpdater.java:stopAndJoin(115)) - StateMachineUpdater:76f4e9bb-2fb7-464e-a23e-7e34bc63789f:group-E2EE0BDE2B17: set stopIndex = 0
2019-08-23 03:31:27,219 INFO  impl.RaftServerImpl (ServerState.java:close(394)) - 76f4e9bb-2fb7-464e-a23e-7e34bc63789f:group-E2EE0BDE2B17 closes. The last applied log index is 0
2019-08-23 03:31:27,218 INFO  ratis.ContainerStateMachine (ContainerStateMachine.java:takeSnapshot(262)) - group-65AB1CA5A065: Taking a snapshot at:(t:1, i:2) file /workdir/hadoop-ozone/integration-test/target/test-dir/MiniOzoneClusterImpl-f17d844e-d9bf-4644-9288-fdb166d42e2d/datanode-1/data/ratis/e09e92c3-02dc-4111-82c8-65ab1ca5a065/sm/snapshot.1_2
2019-08-23 03:31:27,217 INFO  impl.StateMachineUpdater (StateMachineUpdater.java:stopAndJoin(115)) - StateMachineUpdater:76f4e9bb-2fb7-464e-a23e-7e34bc63789f:group-65AB1CA5A065: set stopIndex = 2
2019-08-23 03:31:27,219 INFO  segmented.SegmentedRaftLogWorker (SegmentedRaftLogWorker.java:run(313)) - 76f4e9bb-2fb7-464e-a23e-7e34bc63789f-SegmentedRaftLogWorker:Storage Directory /workdir/hadoop-ozone/integration-test/target/test-dir/MiniOzoneClusterImpl-f17d844e-d9bf-4644-9288-fdb166d42e2d/datanode-1/data/ratis/595b469f-8736-43e0-a5bd-e2ee0bde2b17 was interrupted, exiting. There are 0 tasks remaining in the queue.
2019-08-23 03:31:27,219 INFO  server.GrpcLogAppender (GrpcLogAppender.java:onCompleted(292)) - 76f4e9bb-2fb7-464e-a23e-7e34bc63789f->bea96a90-0db2-4747-a28f-eaa57707396b: follower responses appendEntries COMPLETED
2019-08-23 03:31:27,218 INFO  server.GrpcServerProtocolService (GrpcServerProtocolService.java:onCompleted(104)) - 582595a4-0981-4351-886a-2167b9138150: appendEntries completed
2019-08-23 03:31:27,223 INFO  impl.FollowerInfo (FollowerInfo.java:lambda$new$0(50)) - 76f4e9bb-2fb7-464e-a23e-7e34bc63789f->bea96a90-0db2-4747-a28f-eaa57707396b: nextIndex: updateUnconditionally 3 -> 2
2019-08-23 03:31:27,223 INFO  server.GrpcLogAppender (GrpcLogAppender.java:onCompleted(292)) - 76f4e9bb-2fb7-464e-a23e-7e34bc63789f->582595a4-0981-4351-886a-2167b9138150: follower responses appendEntries COMPLETED
2019-08-23 03:31:27,223 INFO  impl.FollowerInfo (FollowerInfo.java:lambda$new$0(50)) - 76f4e9bb-2fb7-464e-a23e-7e34bc63789f->582595a4-0981-4351-886a-2167b9138150: nextIndex: updateUnconditionally 3 -> 2
2019-08-23 03:31:27,230 INFO  segmented.SegmentedRaftLogWorker (SegmentedRaftLogWorker.java:close(228)) - 76f4e9bb-2fb7-464e-a23e-7e34bc63789f-SegmentedRaftLogWorker:Storage Directory /workdir/hadoop-ozone/integration-test/target/test-dir/MiniOzoneClusterImpl-f17d844e-d9bf-4644-9288-fdb166d42e2d/datanode-1/data/ratis/595b469f-8736-43e0-a5bd-e2ee0bde2b17 close()
2019-08-23 03:31:27,234 INFO  ratis.ContainerStateMachine (ContainerStateMachine.java:takeSnapshot(273)) - group-65AB1CA5A065: Finished taking a snapshot at:(t:1, i:2) file:/workdir/hadoop-ozone/integration-test/target/test-dir/MiniOzoneClusterImpl-f17d844e-d9bf-4644-9288-fdb166d42e2d/datanode-1/data/ratis/e09e92c3-02dc-4111-82c8-65ab1ca5a065/sm/snapshot.1_2 time:17
2019-08-23 03:31:27,235 INFO  impl.StateMachineUpdater (StateMachineUpdater.java:takeSnapshot(242)) - StateMachineUpdater:76f4e9bb-2fb7-464e-a23e-7e34bc63789f:group-65AB1CA5A065: Took a snapshot at index 2
2019-08-23 03:31:27,235 INFO  impl.StateMachineUpdater (StateMachineUpdater.java:lambda$new$0(80)) - StateMachineUpdater:76f4e9bb-2fb7-464e-a23e-7e34bc63789f:group-65AB1CA5A065: snapshotIndex: updateIncreasingly -1 -> 2
2019-08-23 03:31:27,235 INFO  impl.RaftServerImpl (ServerState.java:close(394)) - 76f4e9bb-2fb7-464e-a23e-7e34bc63789f:group-65AB1CA5A065 closes. The last applied log index is 2
2019-08-23 03:31:27,236 INFO  segmented.SegmentedRaftLogWorker (SegmentedRaftLogWorker.java:run(313)) - 76f4e9bb-2fb7-464e-a23e-7e34bc63789f-SegmentedRaftLogWorker:Storage Directory /workdir/hadoop-ozone/integration-test/target/test-dir/MiniOzoneClusterImpl-f17d844e-d9bf-4644-9288-fdb166d42e2d/datanode-1/data/ratis/e09e92c3-02dc-4111-82c8-65ab1ca5a065 was interrupted, exiting. There are 0 tasks remaining in the queue.
2019-08-23 03:31:27,239 INFO  segmented.SegmentedRaftLogWorker (SegmentedRaftLogWorker.java:close(228)) - 76f4e9bb-2fb7-464e-a23e-7e34bc63789f-SegmentedRaftLogWorker:Storage Directory /workdir/hadoop-ozone/integration-test/target/test-dir/MiniOzoneClusterImpl-f17d844e-d9bf-4644-9288-fdb166d42e2d/datanode-1/data/ratis/e09e92c3-02dc-4111-82c8-65ab1ca5a065 close()
2019-08-23 03:31:27,244 INFO  server.GrpcService (GrpcService.java:closeImpl(155)) - 76f4e9bb-2fb7-464e-a23e-7e34bc63789f: shutdown server with port 42935 now
2019-08-23 03:31:27,245 INFO  server.GrpcService (GrpcService.java:closeImpl(163)) - 76f4e9bb-2fb7-464e-a23e-7e34bc63789f: shutdown server with port 42935 successfully
2019-08-23 03:31:27,246 INFO  utils.BackgroundService (BackgroundService.java:shutdown(148)) - Shutting down service BlockDeletingService
2019-08-23 03:31:27,248 WARN  fs.CachingGetSpaceUsed (CachingGetSpaceUsed.java:run(183)) - Thread Interrupted waiting to refresh disk information: sleep interrupted
2019-08-23 03:31:27,280 INFO  statemachine.DatanodeStateMachine (DatanodeStateMachine.java:stopDaemon(395)) - Ozone container server stopped.
2019-08-23 03:31:27,283 INFO  handler.ContextHandler (ContextHandler.java:doStop(910)) - Stopped o.e.j.w.WebAppContext@3e2ee637{/,null,UNAVAILABLE}{/hddsDatanode}
2019-08-23 03:31:27,284 INFO  server.AbstractConnector (AbstractConnector.java:doStop(318)) - Stopped ServerConnector@62d818c6{HTTP/1.1,[http/1.1]}{0.0.0.0:0}
2019-08-23 03:31:27,285 INFO  handler.ContextHandler (ContextHandler.java:doStop(910)) - Stopped o.e.j.s.ServletContextHandler@53c0424a{/static,jar:file:/home/user/.m2/repository/org/apache/hadoop/hadoop-hdds-container-service/0.4.1-SNAPSHOT/hadoop-hdds-container-service-0.4.1-SNAPSHOT.jar!/webapps/static,UNAVAILABLE}
2019-08-23 03:31:27,285 INFO  handler.ContextHandler (ContextHandler.java:doStop(910)) - Stopped o.e.j.s.ServletContextHandler@6391d34f{/logs,file:///workdir/hadoop-ozone/integration-test/target/log,UNAVAILABLE}
2019-08-23 03:31:27,454 | INFO  | SCMAudit | user=jenkins1000 | ip=192.168.5.160 | op=SEND_HEARTBEAT {datanodeUUID=f25f2f12-09c4-49be-854e-f9e4c23216e7, command=[]} | ret=SUCCESS |  
2019-08-23 03:31:27,626 | INFO  | SCMAudit | user=jenkins1000 | ip=192.168.5.160 | op=SEND_HEARTBEAT {datanodeUUID=3a8a9041-8520-4dc4-9e8b-2f4266e7e881, command=[]} | ret=SUCCESS |  
2019-08-23 03:31:27,767 | INFO  | SCMAudit | user=jenkins1000 | ip=192.168.5.160 | op=SEND_HEARTBEAT {datanodeUUID=7b667a59-4125-4545-8251-4eff5c4dfadd, command=[]} | ret=SUCCESS |  
2019-08-23 03:31:27,927 | INFO  | SCMAudit | user=jenkins1000 | ip=192.168.5.160 | op=SEND_HEARTBEAT {datanodeUUID=4ce2b0e7-d44f-4a72-b0eb-b384d67d6288, command=[]} | ret=SUCCESS |  
2019-08-23 03:31:28,218 | INFO  | SCMAudit | user=jenkins1000 | ip=192.168.5.160 | op=SEND_HEARTBEAT {datanodeUUID=582595a4-0981-4351-886a-2167b9138150, command=[]} | ret=SUCCESS |  
2019-08-23 03:31:28,218 | INFO  | SCMAudit | user=jenkins1000 | ip=192.168.5.160 | op=SEND_HEARTBEAT {datanodeUUID=bea96a90-0db2-4747-a28f-eaa57707396b, command=[]} | ret=SUCCESS |  
2019-08-23 03:31:28,454 | INFO  | SCMAudit | user=jenkins1000 | ip=192.168.5.160 | op=SEND_HEARTBEAT {datanodeUUID=f25f2f12-09c4-49be-854e-f9e4c23216e7, command=[]} | ret=SUCCESS |  
2019-08-23 03:31:28,627 | INFO  | SCMAudit | user=jenkins1000 | ip=192.168.5.160 | op=SEND_HEARTBEAT {datanodeUUID=3a8a9041-8520-4dc4-9e8b-2f4266e7e881, command=[]} | ret=SUCCESS |  
2019-08-23 03:31:28,768 | INFO  | SCMAudit | user=jenkins1000 | ip=192.168.5.160 | op=SEND_HEARTBEAT {datanodeUUID=7b667a59-4125-4545-8251-4eff5c4dfadd, command=[]} | ret=SUCCESS |  
2019-08-23 03:31:28,927 | INFO  | SCMAudit | user=jenkins1000 | ip=192.168.5.160 | op=SEND_HEARTBEAT {datanodeUUID=4ce2b0e7-d44f-4a72-b0eb-b384d67d6288, command=[]} | ret=SUCCESS |  
2019-08-23 03:31:29,218 | INFO  | SCMAudit | user=jenkins1000 | ip=192.168.5.160 | op=SEND_HEARTBEAT {datanodeUUID=bea96a90-0db2-4747-a28f-eaa57707396b, command=[]} | ret=SUCCESS |  
2019-08-23 03:31:29,218 | INFO  | SCMAudit | user=jenkins1000 | ip=192.168.5.160 | op=SEND_HEARTBEAT {datanodeUUID=582595a4-0981-4351-886a-2167b9138150, command=[]} | ret=SUCCESS |  
2019-08-23 03:31:29,304 INFO  client.GrpcClientProtocolClient (GrpcClientProtocolClient.java:onNext(255)) - client-CC4E70D60B40->582595a4-0981-4351-886a-2167b9138150: receive RaftClientReply:client-CC4E70D60B40->582595a4-0981-4351-886a-2167b9138150@group-65AB1CA5A065, cid=104, FAILED org.apache.ratis.protocol.NotLeaderException: Server 582595a4-0981-4351-886a-2167b9138150 is not the leader (76f4e9bb-2fb7-464e-a23e-7e34bc63789f:192.168.5.160:42935). Request must be sent to leader., logIndex=0, commits[582595a4-0981-4351-886a-2167b9138150:c2, 76f4e9bb-2fb7-464e-a23e-7e34bc63789f:c2, bea96a90-0db2-4747-a28f-eaa57707396b:c2]
2019-08-23 03:31:29,455 | INFO  | SCMAudit | user=jenkins1000 | ip=192.168.5.160 | op=SEND_HEARTBEAT {datanodeUUID=f25f2f12-09c4-49be-854e-f9e4c23216e7, command=[]} | ret=SUCCESS |  
2019-08-23 03:31:29,626 | INFO  | SCMAudit | user=jenkins1000 | ip=192.168.5.160 | op=SEND_HEARTBEAT {datanodeUUID=3a8a9041-8520-4dc4-9e8b-2f4266e7e881, command=[]} | ret=SUCCESS |  
2019-08-23 03:31:29,768 | INFO  | SCMAudit | user=jenkins1000 | ip=192.168.5.160 | op=SEND_HEARTBEAT {datanodeUUID=7b667a59-4125-4545-8251-4eff5c4dfadd, command=[]} | ret=SUCCESS |  
2019-08-23 03:31:29,927 | INFO  | SCMAudit | user=jenkins1000 | ip=192.168.5.160 | op=SEND_HEARTBEAT {datanodeUUID=4ce2b0e7-d44f-4a72-b0eb-b384d67d6288, command=[]} | ret=SUCCESS |  
2019-08-23 03:31:30,218 | INFO  | SCMAudit | user=jenkins1000 | ip=192.168.5.160 | op=SEND_HEARTBEAT {datanodeUUID=bea96a90-0db2-4747-a28f-eaa57707396b, command=[]} | ret=SUCCESS |  
2019-08-23 03:31:30,218 | INFO  | SCMAudit | user=jenkins1000 | ip=192.168.5.160 | op=SEND_HEARTBEAT {datanodeUUID=582595a4-0981-4351-886a-2167b9138150, command=[]} | ret=SUCCESS |  
2019-08-23 03:31:30,320 INFO  client.GrpcClientProtocolClient (GrpcClientProtocolClient.java:onNext(255)) - client-CC4E70D60B40->582595a4-0981-4351-886a-2167b9138150: receive RaftClientReply:client-CC4E70D60B40->582595a4-0981-4351-886a-2167b9138150@group-65AB1CA5A065, cid=104, FAILED org.apache.ratis.protocol.NotLeaderException: Server 582595a4-0981-4351-886a-2167b9138150 is not the leader (76f4e9bb-2fb7-464e-a23e-7e34bc63789f:192.168.5.160:42935). Request must be sent to leader., logIndex=0, commits[582595a4-0981-4351-886a-2167b9138150:c2, 76f4e9bb-2fb7-464e-a23e-7e34bc63789f:c2, bea96a90-0db2-4747-a28f-eaa57707396b:c2]
2019-08-23 03:31:30,455 | INFO  | SCMAudit | user=jenkins1000 | ip=192.168.5.160 | op=SEND_HEARTBEAT {datanodeUUID=f25f2f12-09c4-49be-854e-f9e4c23216e7, command=[]} | ret=SUCCESS |  
2019-08-23 03:31:30,626 | INFO  | SCMAudit | user=jenkins1000 | ip=192.168.5.160 | op=SEND_HEARTBEAT {datanodeUUID=3a8a9041-8520-4dc4-9e8b-2f4266e7e881, command=[]} | ret=SUCCESS |  
2019-08-23 03:31:30,769 | INFO  | SCMAudit | user=jenkins1000 | ip=192.168.5.160 | op=SEND_HEARTBEAT {datanodeUUID=7b667a59-4125-4545-8251-4eff5c4dfadd, command=[]} | ret=SUCCESS |  
2019-08-23 03:31:30,927 | INFO  | SCMAudit | user=jenkins1000 | ip=192.168.5.160 | op=SEND_HEARTBEAT {datanodeUUID=4ce2b0e7-d44f-4a72-b0eb-b384d67d6288, command=[]} | ret=SUCCESS |  
2019-08-23 03:31:31,218 | INFO  | SCMAudit | user=jenkins1000 | ip=192.168.5.160 | op=SEND_HEARTBEAT {datanodeUUID=582595a4-0981-4351-886a-2167b9138150, command=[]} | ret=SUCCESS |  
2019-08-23 03:31:31,218 | INFO  | SCMAudit | user=jenkins1000 | ip=192.168.5.160 | op=SEND_HEARTBEAT {datanodeUUID=bea96a90-0db2-4747-a28f-eaa57707396b, command=[]} | ret=SUCCESS |  
2019-08-23 03:31:31,334 INFO  client.GrpcClientProtocolClient (GrpcClientProtocolClient.java:onNext(255)) - client-CC4E70D60B40->bea96a90-0db2-4747-a28f-eaa57707396b: receive RaftClientReply:client-CC4E70D60B40->bea96a90-0db2-4747-a28f-eaa57707396b@group-65AB1CA5A065, cid=104, FAILED org.apache.ratis.protocol.NotLeaderException: Server bea96a90-0db2-4747-a28f-eaa57707396b is not the leader (76f4e9bb-2fb7-464e-a23e-7e34bc63789f:192.168.5.160:42935). Request must be sent to leader., logIndex=0, commits[bea96a90-0db2-4747-a28f-eaa57707396b:c2, 76f4e9bb-2fb7-464e-a23e-7e34bc63789f:c2, 582595a4-0981-4351-886a-2167b9138150:c2]
2019-08-23 03:31:31,455 | INFO  | SCMAudit | user=jenkins1000 | ip=192.168.5.160 | op=SEND_HEARTBEAT {datanodeUUID=f25f2f12-09c4-49be-854e-f9e4c23216e7, command=[]} | ret=SUCCESS |  
2019-08-23 03:31:31,626 | INFO  | SCMAudit | user=jenkins1000 | ip=192.168.5.160 | op=SEND_HEARTBEAT {datanodeUUID=3a8a9041-8520-4dc4-9e8b-2f4266e7e881, command=[]} | ret=SUCCESS |  
2019-08-23 03:31:31,769 | INFO  | SCMAudit | user=jenkins1000 | ip=192.168.5.160 | op=SEND_HEARTBEAT {datanodeUUID=7b667a59-4125-4545-8251-4eff5c4dfadd, command=[]} | ret=SUCCESS |  
2019-08-23 03:31:31,927 | INFO  | SCMAudit | user=jenkins1000 | ip=192.168.5.160 | op=SEND_HEARTBEAT {datanodeUUID=4ce2b0e7-d44f-4a72-b0eb-b384d67d6288, command=[]} | ret=SUCCESS |  
2019-08-23 03:31:32,218 | INFO  | SCMAudit | user=jenkins1000 | ip=192.168.5.160 | op=SEND_HEARTBEAT {datanodeUUID=bea96a90-0db2-4747-a28f-eaa57707396b, command=[]} | ret=SUCCESS |  
2019-08-23 03:31:32,218 | INFO  | SCMAudit | user=jenkins1000 | ip=192.168.5.160 | op=SEND_HEARTBEAT {datanodeUUID=582595a4-0981-4351-886a-2167b9138150, command=[]} | ret=SUCCESS |  
2019-08-23 03:31:32,359 INFO  client.GrpcClientProtocolClient (GrpcClientProtocolClient.java:onNext(255)) - client-CC4E70D60B40->582595a4-0981-4351-886a-2167b9138150: receive RaftClientReply:client-CC4E70D60B40->582595a4-0981-4351-886a-2167b9138150@group-65AB1CA5A065, cid=104, FAILED org.apache.ratis.protocol.NotLeaderException: Server 582595a4-0981-4351-886a-2167b9138150 is not the leader (76f4e9bb-2fb7-464e-a23e-7e34bc63789f:192.168.5.160:42935). Request must be sent to leader., logIndex=0, commits[582595a4-0981-4351-886a-2167b9138150:c2, 76f4e9bb-2fb7-464e-a23e-7e34bc63789f:c2, bea96a90-0db2-4747-a28f-eaa57707396b:c2]
2019-08-23 03:31:32,455 | INFO  | SCMAudit | user=jenkins1000 | ip=192.168.5.160 | op=SEND_HEARTBEAT {datanodeUUID=f25f2f12-09c4-49be-854e-f9e4c23216e7, command=[]} | ret=SUCCESS |  
2019-08-23 03:31:32,626 | INFO  | SCMAudit | user=jenkins1000 | ip=192.168.5.160 | op=SEND_HEARTBEAT {datanodeUUID=3a8a9041-8520-4dc4-9e8b-2f4266e7e881, command=[]} | ret=SUCCESS |  
2019-08-23 03:31:32,769 | INFO  | SCMAudit | user=jenkins1000 | ip=192.168.5.160 | op=SEND_HEARTBEAT {datanodeUUID=7b667a59-4125-4545-8251-4eff5c4dfadd, command=[]} | ret=SUCCESS |  
2019-08-23 03:31:32,928 | INFO  | SCMAudit | user=jenkins1000 | ip=192.168.5.160 | op=SEND_HEARTBEAT {datanodeUUID=4ce2b0e7-d44f-4a72-b0eb-b384d67d6288, command=[]} | ret=SUCCESS |  
2019-08-23 03:31:33,219 | INFO  | SCMAudit | user=jenkins1000 | ip=192.168.5.160 | op=SEND_HEARTBEAT {datanodeUUID=582595a4-0981-4351-886a-2167b9138150, command=[]} | ret=SUCCESS |  
2019-08-23 03:31:33,219 | INFO  | SCMAudit | user=jenkins1000 | ip=192.168.5.160 | op=SEND_HEARTBEAT {datanodeUUID=bea96a90-0db2-4747-a28f-eaa57707396b, command=[]} | ret=SUCCESS |  
2019-08-23 03:31:33,377 INFO  client.GrpcClientProtocolClient (GrpcClientProtocolClient.java:onNext(255)) - client-CC4E70D60B40->582595a4-0981-4351-886a-2167b9138150: receive RaftClientReply:client-CC4E70D60B40->582595a4-0981-4351-886a-2167b9138150@group-65AB1CA5A065, cid=104, FAILED org.apache.ratis.protocol.NotLeaderException: Server 582595a4-0981-4351-886a-2167b9138150 is not the leader (76f4e9bb-2fb7-464e-a23e-7e34bc63789f:192.168.5.160:42935). Request must be sent to leader., logIndex=0, commits[582595a4-0981-4351-886a-2167b9138150:c2, 76f4e9bb-2fb7-464e-a23e-7e34bc63789f:c2, bea96a90-0db2-4747-a28f-eaa57707396b:c2]
2019-08-23 03:31:33,455 | INFO  | SCMAudit | user=jenkins1000 | ip=192.168.5.160 | op=SEND_HEARTBEAT {datanodeUUID=f25f2f12-09c4-49be-854e-f9e4c23216e7, command=[]} | ret=SUCCESS |  
2019-08-23 03:31:33,626 | INFO  | SCMAudit | user=jenkins1000 | ip=192.168.5.160 | op=SEND_HEARTBEAT {datanodeUUID=3a8a9041-8520-4dc4-9e8b-2f4266e7e881, command=[]} | ret=SUCCESS |  
2019-08-23 03:31:33,770 | INFO  | SCMAudit | user=jenkins1000 | ip=192.168.5.160 | op=SEND_HEARTBEAT {datanodeUUID=7b667a59-4125-4545-8251-4eff5c4dfadd, command=[]} | ret=SUCCESS |  
2019-08-23 03:31:33,928 | INFO  | SCMAudit | user=jenkins1000 | ip=192.168.5.160 | op=SEND_HEARTBEAT {datanodeUUID=4ce2b0e7-d44f-4a72-b0eb-b384d67d6288, command=[]} | ret=SUCCESS |  
2019-08-23 03:31:34,219 | INFO  | SCMAudit | user=jenkins1000 | ip=192.168.5.160 | op=SEND_HEARTBEAT {datanodeUUID=bea96a90-0db2-4747-a28f-eaa57707396b, command=[]} | ret=SUCCESS |  
2019-08-23 03:31:34,219 | INFO  | SCMAudit | user=jenkins1000 | ip=192.168.5.160 | op=SEND_HEARTBEAT {datanodeUUID=582595a4-0981-4351-886a-2167b9138150, command=[]} | ret=SUCCESS |  
2019-08-23 03:31:34,391 INFO  client.GrpcClientProtocolClient (GrpcClientProtocolClient.java:onNext(255)) - client-CC4E70D60B40->bea96a90-0db2-4747-a28f-eaa57707396b: receive RaftClientReply:client-CC4E70D60B40->bea96a90-0db2-4747-a28f-eaa57707396b@group-65AB1CA5A065, cid=104, FAILED org.apache.ratis.protocol.NotLeaderException: Server bea96a90-0db2-4747-a28f-eaa57707396b is not the leader (76f4e9bb-2fb7-464e-a23e-7e34bc63789f:192.168.5.160:42935). Request must be sent to leader., logIndex=0, commits[bea96a90-0db2-4747-a28f-eaa57707396b:c2, 76f4e9bb-2fb7-464e-a23e-7e34bc63789f:c2, 582595a4-0981-4351-886a-2167b9138150:c2]
2019-08-23 03:31:34,455 | INFO  | SCMAudit | user=jenkins1000 | ip=192.168.5.160 | op=SEND_HEARTBEAT {datanodeUUID=f25f2f12-09c4-49be-854e-f9e4c23216e7, command=[]} | ret=SUCCESS |  
2019-08-23 03:31:34,626 | INFO  | SCMAudit | user=jenkins1000 | ip=192.168.5.160 | op=SEND_HEARTBEAT {datanodeUUID=3a8a9041-8520-4dc4-9e8b-2f4266e7e881, command=[]} | ret=SUCCESS |  
2019-08-23 03:31:34,770 | INFO  | SCMAudit | user=jenkins1000 | ip=192.168.5.160 | op=SEND_HEARTBEAT {datanodeUUID=7b667a59-4125-4545-8251-4eff5c4dfadd, command=[]} | ret=SUCCESS |  
2019-08-23 03:31:34,928 | INFO  | SCMAudit | user=jenkins1000 | ip=192.168.5.160 | op=SEND_HEARTBEAT {datanodeUUID=4ce2b0e7-d44f-4a72-b0eb-b384d67d6288, command=[]} | ret=SUCCESS |  
2019-08-23 03:31:35,219 | INFO  | SCMAudit | user=jenkins1000 | ip=192.168.5.160 | op=SEND_HEARTBEAT {datanodeUUID=bea96a90-0db2-4747-a28f-eaa57707396b, command=[]} | ret=SUCCESS |  
2019-08-23 03:31:35,219 | INFO  | SCMAudit | user=jenkins1000 | ip=192.168.5.160 | op=SEND_HEARTBEAT {datanodeUUID=582595a4-0981-4351-886a-2167b9138150, command=[]} | ret=SUCCESS |  
2019-08-23 03:31:35,404 INFO  client.GrpcClientProtocolClient (GrpcClientProtocolClient.java:onNext(255)) - client-CC4E70D60B40->bea96a90-0db2-4747-a28f-eaa57707396b: receive RaftClientReply:client-CC4E70D60B40->bea96a90-0db2-4747-a28f-eaa57707396b@group-65AB1CA5A065, cid=104, FAILED org.apache.ratis.protocol.NotLeaderException: Server bea96a90-0db2-4747-a28f-eaa57707396b is not the leader (76f4e9bb-2fb7-464e-a23e-7e34bc63789f:192.168.5.160:42935). Request must be sent to leader., logIndex=0, commits[bea96a90-0db2-4747-a28f-eaa57707396b:c2, 76f4e9bb-2fb7-464e-a23e-7e34bc63789f:c2, 582595a4-0981-4351-886a-2167b9138150:c2]
2019-08-23 03:31:35,455 | INFO  | SCMAudit | user=jenkins1000 | ip=192.168.5.160 | op=SEND_HEARTBEAT {datanodeUUID=f25f2f12-09c4-49be-854e-f9e4c23216e7, command=[]} | ret=SUCCESS |  
2019-08-23 03:31:35,626 | INFO  | SCMAudit | user=jenkins1000 | ip=192.168.5.160 | op=SEND_HEARTBEAT {datanodeUUID=3a8a9041-8520-4dc4-9e8b-2f4266e7e881, command=[]} | ret=SUCCESS |  
2019-08-23 03:31:35,770 | INFO  | SCMAudit | user=jenkins1000 | ip=192.168.5.160 | op=SEND_HEARTBEAT {datanodeUUID=7b667a59-4125-4545-8251-4eff5c4dfadd, command=[]} | ret=SUCCESS |  
2019-08-23 03:31:35,928 | INFO  | SCMAudit | user=jenkins1000 | ip=192.168.5.160 | op=SEND_HEARTBEAT {datanodeUUID=4ce2b0e7-d44f-4a72-b0eb-b384d67d6288, command=[]} | ret=SUCCESS |  
2019-08-23 03:31:36,219 | INFO  | SCMAudit | user=jenkins1000 | ip=192.168.5.160 | op=SEND_HEARTBEAT {datanodeUUID=582595a4-0981-4351-886a-2167b9138150, command=[]} | ret=SUCCESS |  
2019-08-23 03:31:36,219 | INFO  | SCMAudit | user=jenkins1000 | ip=192.168.5.160 | op=SEND_HEARTBEAT {datanodeUUID=bea96a90-0db2-4747-a28f-eaa57707396b, command=[]} | ret=SUCCESS |  
2019-08-23 03:31:36,418 INFO  client.GrpcClientProtocolClient (GrpcClientProtocolClient.java:onNext(255)) - client-CC4E70D60B40->582595a4-0981-4351-886a-2167b9138150: receive RaftClientReply:client-CC4E70D60B40->582595a4-0981-4351-886a-2167b9138150@group-65AB1CA5A065, cid=104, FAILED org.apache.ratis.protocol.NotLeaderException: Server 582595a4-0981-4351-886a-2167b9138150 is not the leader (76f4e9bb-2fb7-464e-a23e-7e34bc63789f:192.168.5.160:42935). Request must be sent to leader., logIndex=0, commits[582595a4-0981-4351-886a-2167b9138150:c2, 76f4e9bb-2fb7-464e-a23e-7e34bc63789f:c2, bea96a90-0db2-4747-a28f-eaa57707396b:c2]
2019-08-23 03:31:36,455 | INFO  | SCMAudit | user=jenkins1000 | ip=192.168.5.160 | op=SEND_HEARTBEAT {datanodeUUID=f25f2f12-09c4-49be-854e-f9e4c23216e7, command=[]} | ret=SUCCESS |  
2019-08-23 03:31:36,626 | INFO  | SCMAudit | user=jenkins1000 | ip=192.168.5.160 | op=SEND_HEARTBEAT {datanodeUUID=3a8a9041-8520-4dc4-9e8b-2f4266e7e881, command=[]} | ret=SUCCESS |  
2019-08-23 03:31:36,687 INFO  impl.FollowerState (FollowerState.java:run(106)) - 582595a4-0981-4351-886a-2167b9138150:group-65AB1CA5A065 changes to CANDIDATE, lastRpcTime:9598, electionTimeout:5057ms
2019-08-23 03:31:36,688 INFO  impl.RoleInfo (RoleInfo.java:shutdownFollowerState(121)) - 582595a4-0981-4351-886a-2167b9138150: shutdown FollowerState
2019-08-23 03:31:36,688 INFO  impl.RaftServerImpl (RaftServerImpl.java:setRole(171)) - 582595a4-0981-4351-886a-2167b9138150:group-65AB1CA5A065 changes role from FOLLOWER to CANDIDATE at term 1 for changeToCandidate
2019-08-23 03:31:36,688 INFO  impl.RoleInfo (RoleInfo.java:updateAndGet(143)) - 582595a4-0981-4351-886a-2167b9138150: start LeaderElection
2019-08-23 03:31:36,692 INFO  impl.RaftServerImpl (ServerState.java:setLeader(263)) - 582595a4-0981-4351-886a-2167b9138150:group-65AB1CA5A065 change Leader from 76f4e9bb-2fb7-464e-a23e-7e34bc63789f to null at term 1 for initElection
2019-08-23 03:31:36,694 INFO  impl.FollowerState (FollowerState.java:run(106)) - bea96a90-0db2-4747-a28f-eaa57707396b:group-65AB1CA5A065 changes to CANDIDATE, lastRpcTime:9605, electionTimeout:5109ms
2019-08-23 03:31:36,694 INFO  impl.RoleInfo (RoleInfo.java:shutdownFollowerState(121)) - bea96a90-0db2-4747-a28f-eaa57707396b: shutdown FollowerState
2019-08-23 03:31:36,694 INFO  impl.RaftServerImpl (RaftServerImpl.java:setRole(171)) - bea96a90-0db2-4747-a28f-eaa57707396b:group-65AB1CA5A065 changes role from FOLLOWER to CANDIDATE at term 1 for changeToCandidate
2019-08-23 03:31:36,695 INFO  impl.RoleInfo (RoleInfo.java:updateAndGet(143)) - bea96a90-0db2-4747-a28f-eaa57707396b: start LeaderElection
2019-08-23 03:31:36,697 INFO  impl.RaftServerImpl (ServerState.java:setLeader(263)) - bea96a90-0db2-4747-a28f-eaa57707396b:group-65AB1CA5A065 change Leader from 76f4e9bb-2fb7-464e-a23e-7e34bc63789f to null at term 1 for initElection
2019-08-23 03:31:36,706 INFO  impl.LeaderElection (LeaderElection.java:askForVotes(181)) - bea96a90-0db2-4747-a28f-eaa57707396b:group-65AB1CA5A065:LeaderElection78: begin an election at term 2 for 0: [76f4e9bb-2fb7-464e-a23e-7e34bc63789f:192.168.5.160:42935, 582595a4-0981-4351-886a-2167b9138150:192.168.5.160:39558, bea96a90-0db2-4747-a28f-eaa57707396b:192.168.5.160:37439], old=null
2019-08-23 03:31:36,706 INFO  impl.LeaderElection (LeaderElection.java:askForVotes(181)) - 582595a4-0981-4351-886a-2167b9138150:group-65AB1CA5A065:LeaderElection77: begin an election at term 2 for 0: [76f4e9bb-2fb7-464e-a23e-7e34bc63789f:192.168.5.160:42935, 582595a4-0981-4351-886a-2167b9138150:192.168.5.160:39558, bea96a90-0db2-4747-a28f-eaa57707396b:192.168.5.160:37439], old=null
2019-08-23 03:31:36,708 INFO  impl.LeaderElection (LogUtils.java:infoOrTrace(149)) - 582595a4-0981-4351-886a-2167b9138150:group-65AB1CA5A065:LeaderElection77 got exception when requesting votes: {}
java.util.concurrent.ExecutionException: org.apache.ratis.thirdparty.io.grpc.StatusRuntimeException: UNAVAILABLE: io exception
	at java.util.concurrent.FutureTask.report(FutureTask.java:122)
	at java.util.concurrent.FutureTask.get(FutureTask.java:192)
	at org.apache.ratis.server.impl.LeaderElection.waitForResults(LeaderElection.java:262)
	at org.apache.ratis.server.impl.LeaderElection.askForVotes(LeaderElection.java:200)
	at org.apache.ratis.server.impl.LeaderElection.run(LeaderElection.java:130)
	at java.lang.Thread.run(Thread.java:748)
Caused by: org.apache.ratis.thirdparty.io.grpc.StatusRuntimeException: UNAVAILABLE: io exception
	at org.apache.ratis.thirdparty.io.grpc.stub.ClientCalls.toStatusRuntimeException(ClientCalls.java:233)
	at org.apache.ratis.thirdparty.io.grpc.stub.ClientCalls.getUnchecked(ClientCalls.java:214)
	at org.apache.ratis.thirdparty.io.grpc.stub.ClientCalls.blockingUnaryCall(ClientCalls.java:139)
	at org.apache.ratis.proto.grpc.RaftServerProtocolServiceGrpc$RaftServerProtocolServiceBlockingStub.requestVote(RaftServerProtocolServiceGrpc.java:265)
	at org.apache.ratis.grpc.server.GrpcServerProtocolClient.requestVote(GrpcServerProtocolClient.java:83)
	at org.apache.ratis.grpc.server.GrpcService.requestVote(GrpcService.java:195)
	at org.apache.ratis.server.impl.LeaderElection.lambda$submitRequests$1(LeaderElection.java:237)
	at java.util.concurrent.FutureTask.run(FutureTask.java:266)
	at java.util.concurrent.Executors$RunnableAdapter.call(Executors.java:511)
	at java.util.concurrent.FutureTask.run(FutureTask.java:266)
	at java.util.concurrent.ThreadPoolExecutor.runWorker(ThreadPoolExecutor.java:1149)
	at java.util.concurrent.ThreadPoolExecutor$Worker.run(ThreadPoolExecutor.java:624)
	... 1 more
Caused by: org.apache.ratis.thirdparty.io.netty.channel.AbstractChannel$AnnotatedConnectException: Connection refused: /192.168.5.160:42935
	at sun.nio.ch.SocketChannelImpl.checkConnect(Native Method)
	at sun.nio.ch.SocketChannelImpl.finishConnect(SocketChannelImpl.java:717)
	at org.apache.ratis.thirdparty.io.netty.channel.socket.nio.NioSocketChannel.doFinishConnect(NioSocketChannel.java:327)
	at org.apache.ratis.thirdparty.io.netty.channel.nio.AbstractNioChannel$AbstractNioUnsafe.finishConnect(AbstractNioChannel.java:340)
	at org.apache.ratis.thirdparty.io.netty.channel.nio.NioEventLoop.processSelectedKey(NioEventLoop.java:632)
	at org.apache.ratis.thirdparty.io.netty.channel.nio.NioEventLoop.processSelectedKeysOptimized(NioEventLoop.java:579)
	at org.apache.ratis.thirdparty.io.netty.channel.nio.NioEventLoop.processSelectedKeys(NioEventLoop.java:496)
	at org.apache.ratis.thirdparty.io.netty.channel.nio.NioEventLoop.run(NioEventLoop.java:458)
	at org.apache.ratis.thirdparty.io.netty.util.concurrent.SingleThreadEventExecutor$5.run(SingleThreadEventExecutor.java:897)
	at org.apache.ratis.thirdparty.io.netty.util.concurrent.FastThreadLocalRunnable.run(FastThreadLocalRunnable.java:30)
	... 1 more
Caused by: java.net.ConnectException: Connection refused
	... 11 more
2019-08-23 03:31:36,711 INFO  impl.LeaderElection (LogUtils.java:infoOrTrace(149)) - bea96a90-0db2-4747-a28f-eaa57707396b:group-65AB1CA5A065:LeaderElection78 got exception when requesting votes: {}
java.util.concurrent.ExecutionException: org.apache.ratis.thirdparty.io.grpc.StatusRuntimeException: UNAVAILABLE: io exception
	at java.util.concurrent.FutureTask.report(FutureTask.java:122)
	at java.util.concurrent.FutureTask.get(FutureTask.java:192)
	at org.apache.ratis.server.impl.LeaderElection.waitForResults(LeaderElection.java:262)
	at org.apache.ratis.server.impl.LeaderElection.askForVotes(LeaderElection.java:200)
	at org.apache.ratis.server.impl.LeaderElection.run(LeaderElection.java:130)
	at java.lang.Thread.run(Thread.java:748)
Caused by: org.apache.ratis.thirdparty.io.grpc.StatusRuntimeException: UNAVAILABLE: io exception
	at org.apache.ratis.thirdparty.io.grpc.stub.ClientCalls.toStatusRuntimeException(ClientCalls.java:233)
	at org.apache.ratis.thirdparty.io.grpc.stub.ClientCalls.getUnchecked(ClientCalls.java:214)
	at org.apache.ratis.thirdparty.io.grpc.stub.ClientCalls.blockingUnaryCall(ClientCalls.java:139)
	at org.apache.ratis.proto.grpc.RaftServerProtocolServiceGrpc$RaftServerProtocolServiceBlockingStub.requestVote(RaftServerProtocolServiceGrpc.java:265)
	at org.apache.ratis.grpc.server.GrpcServerProtocolClient.requestVote(GrpcServerProtocolClient.java:83)
	at org.apache.ratis.grpc.server.GrpcService.requestVote(GrpcService.java:195)
	at org.apache.ratis.server.impl.LeaderElection.lambda$submitRequests$1(LeaderElection.java:237)
	at java.util.concurrent.FutureTask.run(FutureTask.java:266)
	at java.util.concurrent.Executors$RunnableAdapter.call(Executors.java:511)
	at java.util.concurrent.FutureTask.run(FutureTask.java:266)
	at java.util.concurrent.ThreadPoolExecutor.runWorker(ThreadPoolExecutor.java:1149)
	at java.util.concurrent.ThreadPoolExecutor$Worker.run(ThreadPoolExecutor.java:624)
	... 1 more
Caused by: org.apache.ratis.thirdparty.io.netty.channel.AbstractChannel$AnnotatedConnectException: Connection refused: /192.168.5.160:42935
	at sun.nio.ch.SocketChannelImpl.checkConnect(Native Method)
	at sun.nio.ch.SocketChannelImpl.finishConnect(SocketChannelImpl.java:717)
	at org.apache.ratis.thirdparty.io.netty.channel.socket.nio.NioSocketChannel.doFinishConnect(NioSocketChannel.java:327)
	at org.apache.ratis.thirdparty.io.netty.channel.nio.AbstractNioChannel$AbstractNioUnsafe.finishConnect(AbstractNioChannel.java:340)
	at org.apache.ratis.thirdparty.io.netty.channel.nio.NioEventLoop.processSelectedKey(NioEventLoop.java:632)
	at org.apache.ratis.thirdparty.io.netty.channel.nio.NioEventLoop.processSelectedKeysOptimized(NioEventLoop.java:579)
	at org.apache.ratis.thirdparty.io.netty.channel.nio.NioEventLoop.processSelectedKeys(NioEventLoop.java:496)
	at org.apache.ratis.thirdparty.io.netty.channel.nio.NioEventLoop.run(NioEventLoop.java:458)
	at org.apache.ratis.thirdparty.io.netty.util.concurrent.SingleThreadEventExecutor$5.run(SingleThreadEventExecutor.java:897)
	at org.apache.ratis.thirdparty.io.netty.util.concurrent.FastThreadLocalRunnable.run(FastThreadLocalRunnable.java:30)
	... 1 more
Caused by: java.net.ConnectException: Connection refused
	... 11 more
2019-08-23 03:31:36,715 INFO  impl.LeaderElection (LeaderElection.java:logAndReturn(56)) - 582595a4-0981-4351-886a-2167b9138150:group-65AB1CA5A065:LeaderElection77: Election REJECTED; received 1 response(s) [582595a4-0981-4351-886a-2167b9138150<-bea96a90-0db2-4747-a28f-eaa57707396b#0:FAIL-t2] and 1 exception(s); 582595a4-0981-4351-886a-2167b9138150:t2, leader=null, voted=582595a4-0981-4351-886a-2167b9138150, raftlog=582595a4-0981-4351-886a-2167b9138150-SegmentedRaftLog:OPENED:c2,f2,i2, conf=0: [76f4e9bb-2fb7-464e-a23e-7e34bc63789f:192.168.5.160:42935, 582595a4-0981-4351-886a-2167b9138150:192.168.5.160:39558, bea96a90-0db2-4747-a28f-eaa57707396b:192.168.5.160:37439], old=null
2019-08-23 03:31:36,715 INFO  impl.LeaderElection (LogUtils.java:infoOrTrace(149)) -   Exception 0: {}
java.util.concurrent.ExecutionException: org.apache.ratis.thirdparty.io.grpc.StatusRuntimeException: UNAVAILABLE: io exception
	at java.util.concurrent.FutureTask.report(FutureTask.java:122)
	at java.util.concurrent.FutureTask.get(FutureTask.java:192)
	at org.apache.ratis.server.impl.LeaderElection.waitForResults(LeaderElection.java:262)
	at org.apache.ratis.server.impl.LeaderElection.askForVotes(LeaderElection.java:200)
	at org.apache.ratis.server.impl.LeaderElection.run(LeaderElection.java:130)
	at java.lang.Thread.run(Thread.java:748)
Caused by: org.apache.ratis.thirdparty.io.grpc.StatusRuntimeException: UNAVAILABLE: io exception
	at org.apache.ratis.thirdparty.io.grpc.stub.ClientCalls.toStatusRuntimeException(ClientCalls.java:233)
	at org.apache.ratis.thirdparty.io.grpc.stub.ClientCalls.getUnchecked(ClientCalls.java:214)
	at org.apache.ratis.thirdparty.io.grpc.stub.ClientCalls.blockingUnaryCall(ClientCalls.java:139)
	at org.apache.ratis.proto.grpc.RaftServerProtocolServiceGrpc$RaftServerProtocolServiceBlockingStub.requestVote(RaftServerProtocolServiceGrpc.java:265)
	at org.apache.ratis.grpc.server.GrpcServerProtocolClient.requestVote(GrpcServerProtocolClient.java:83)
	at org.apache.ratis.grpc.server.GrpcService.requestVote(GrpcService.java:195)
	at org.apache.ratis.server.impl.LeaderElection.lambda$submitRequests$1(LeaderElection.java:237)
	at java.util.concurrent.FutureTask.run(FutureTask.java:266)
	at java.util.concurrent.Executors$RunnableAdapter.call(Executors.java:511)
	at java.util.concurrent.FutureTask.run(FutureTask.java:266)
	at java.util.concurrent.ThreadPoolExecutor.runWorker(ThreadPoolExecutor.java:1149)
	at java.util.concurrent.ThreadPoolExecutor$Worker.run(ThreadPoolExecutor.java:624)
	... 1 more
Caused by: org.apache.ratis.thirdparty.io.netty.channel.AbstractChannel$AnnotatedConnectException: Connection refused: /192.168.5.160:42935
	at sun.nio.ch.SocketChannelImpl.checkConnect(Native Method)
	at sun.nio.ch.SocketChannelImpl.finishConnect(SocketChannelImpl.java:717)
	at org.apache.ratis.thirdparty.io.netty.channel.socket.nio.NioSocketChannel.doFinishConnect(NioSocketChannel.java:327)
	at org.apache.ratis.thirdparty.io.netty.channel.nio.AbstractNioChannel$AbstractNioUnsafe.finishConnect(AbstractNioChannel.java:340)
	at org.apache.ratis.thirdparty.io.netty.channel.nio.NioEventLoop.processSelectedKey(NioEventLoop.java:632)
	at org.apache.ratis.thirdparty.io.netty.channel.nio.NioEventLoop.processSelectedKeysOptimized(NioEventLoop.java:579)
	at org.apache.ratis.thirdparty.io.netty.channel.nio.NioEventLoop.processSelectedKeys(NioEventLoop.java:496)
	at org.apache.ratis.thirdparty.io.netty.channel.nio.NioEventLoop.run(NioEventLoop.java:458)
	at org.apache.ratis.thirdparty.io.netty.util.concurrent.SingleThreadEventExecutor$5.run(SingleThreadEventExecutor.java:897)
	at org.apache.ratis.thirdparty.io.netty.util.concurrent.FastThreadLocalRunnable.run(FastThreadLocalRunnable.java:30)
	... 1 more
Caused by: java.net.ConnectException: Connection refused
	... 11 more
2019-08-23 03:31:36,715 INFO  impl.RaftServerImpl (RaftServerImpl.java:setRole(171)) - 582595a4-0981-4351-886a-2167b9138150:group-65AB1CA5A065 changes role from CANDIDATE to FOLLOWER at term 2 for DISCOVERED_A_NEW_TERM
2019-08-23 03:31:36,716 INFO  impl.RoleInfo (RoleInfo.java:shutdownLeaderElection(134)) - 582595a4-0981-4351-886a-2167b9138150: shutdown LeaderElection
2019-08-23 03:31:36,716 INFO  impl.RoleInfo (RoleInfo.java:updateAndGet(143)) - 582595a4-0981-4351-886a-2167b9138150: start FollowerState
2019-08-23 03:31:36,716 INFO  impl.LeaderElection (LeaderElection.java:logAndReturn(56)) - bea96a90-0db2-4747-a28f-eaa57707396b:group-65AB1CA5A065:LeaderElection78: Election REJECTED; received 1 response(s) [bea96a90-0db2-4747-a28f-eaa57707396b<-582595a4-0981-4351-886a-2167b9138150#0:FAIL-t2] and 1 exception(s); bea96a90-0db2-4747-a28f-eaa57707396b:t2, leader=null, voted=bea96a90-0db2-4747-a28f-eaa57707396b, raftlog=bea96a90-0db2-4747-a28f-eaa57707396b-SegmentedRaftLog:OPENED:c2,f2,i2, conf=0: [76f4e9bb-2fb7-464e-a23e-7e34bc63789f:192.168.5.160:42935, 582595a4-0981-4351-886a-2167b9138150:192.168.5.160:39558, bea96a90-0db2-4747-a28f-eaa57707396b:192.168.5.160:37439], old=null
2019-08-23 03:31:36,716 INFO  impl.LeaderElection (LogUtils.java:infoOrTrace(149)) -   Exception 0: {}
java.util.concurrent.ExecutionException: org.apache.ratis.thirdparty.io.grpc.StatusRuntimeException: UNAVAILABLE: io exception
	at java.util.concurrent.FutureTask.report(FutureTask.java:122)
	at java.util.concurrent.FutureTask.get(FutureTask.java:192)
	at org.apache.ratis.server.impl.LeaderElection.waitForResults(LeaderElection.java:262)
	at org.apache.ratis.server.impl.LeaderElection.askForVotes(LeaderElection.java:200)
	at org.apache.ratis.server.impl.LeaderElection.run(LeaderElection.java:130)
	at java.lang.Thread.run(Thread.java:748)
Caused by: org.apache.ratis.thirdparty.io.grpc.StatusRuntimeException: UNAVAILABLE: io exception
	at org.apache.ratis.thirdparty.io.grpc.stub.ClientCalls.toStatusRuntimeException(ClientCalls.java:233)
	at org.apache.ratis.thirdparty.io.grpc.stub.ClientCalls.getUnchecked(ClientCalls.java:214)
	at org.apache.ratis.thirdparty.io.grpc.stub.ClientCalls.blockingUnaryCall(ClientCalls.java:139)
	at org.apache.ratis.proto.grpc.RaftServerProtocolServiceGrpc$RaftServerProtocolServiceBlockingStub.requestVote(RaftServerProtocolServiceGrpc.java:265)
	at org.apache.ratis.grpc.server.GrpcServerProtocolClient.requestVote(GrpcServerProtocolClient.java:83)
	at org.apache.ratis.grpc.server.GrpcService.requestVote(GrpcService.java:195)
	at org.apache.ratis.server.impl.LeaderElection.lambda$submitRequests$1(LeaderElection.java:237)
	at java.util.concurrent.FutureTask.run(FutureTask.java:266)
	at java.util.concurrent.Executors$RunnableAdapter.call(Executors.java:511)
	at java.util.concurrent.FutureTask.run(FutureTask.java:266)
	at java.util.concurrent.ThreadPoolExecutor.runWorker(ThreadPoolExecutor.java:1149)
	at java.util.concurrent.ThreadPoolExecutor$Worker.run(ThreadPoolExecutor.java:624)
	... 1 more
Caused by: org.apache.ratis.thirdparty.io.netty.channel.AbstractChannel$AnnotatedConnectException: Connection refused: /192.168.5.160:42935
	at sun.nio.ch.SocketChannelImpl.checkConnect(Native Method)
	at sun.nio.ch.SocketChannelImpl.finishConnect(SocketChannelImpl.java:717)
	at org.apache.ratis.thirdparty.io.netty.channel.socket.nio.NioSocketChannel.doFinishConnect(NioSocketChannel.java:327)
	at org.apache.ratis.thirdparty.io.netty.channel.nio.AbstractNioChannel$AbstractNioUnsafe.finishConnect(AbstractNioChannel.java:340)
	at org.apache.ratis.thirdparty.io.netty.channel.nio.NioEventLoop.processSelectedKey(NioEventLoop.java:632)
	at org.apache.ratis.thirdparty.io.netty.channel.nio.NioEventLoop.processSelectedKeysOptimized(NioEventLoop.java:579)
	at org.apache.ratis.thirdparty.io.netty.channel.nio.NioEventLoop.processSelectedKeys(NioEventLoop.java:496)
	at org.apache.ratis.thirdparty.io.netty.channel.nio.NioEventLoop.run(NioEventLoop.java:458)
	at org.apache.ratis.thirdparty.io.netty.util.concurrent.SingleThreadEventExecutor$5.run(SingleThreadEventExecutor.java:897)
	at org.apache.ratis.thirdparty.io.netty.util.concurrent.FastThreadLocalRunnable.run(FastThreadLocalRunnable.java:30)
	... 1 more
Caused by: java.net.ConnectException: Connection refused
	... 11 more
2019-08-23 03:31:36,717 INFO  impl.RaftServerImpl (RaftServerImpl.java:setRole(171)) - bea96a90-0db2-4747-a28f-eaa57707396b:group-65AB1CA5A065 changes role from CANDIDATE to FOLLOWER at term 2 for DISCOVERED_A_NEW_TERM
2019-08-23 03:31:36,717 INFO  impl.RoleInfo (RoleInfo.java:shutdownLeaderElection(134)) - bea96a90-0db2-4747-a28f-eaa57707396b: shutdown LeaderElection
2019-08-23 03:31:36,717 INFO  impl.RoleInfo (RoleInfo.java:updateAndGet(143)) - bea96a90-0db2-4747-a28f-eaa57707396b: start FollowerState
2019-08-23 03:31:36,770 | INFO  | SCMAudit | user=jenkins1000 | ip=192.168.5.160 | op=SEND_HEARTBEAT {datanodeUUID=7b667a59-4125-4545-8251-4eff5c4dfadd, command=[]} | ret=SUCCESS |  
2019-08-23 03:31:36,928 | INFO  | SCMAudit | user=jenkins1000 | ip=192.168.5.160 | op=SEND_HEARTBEAT {datanodeUUID=4ce2b0e7-d44f-4a72-b0eb-b384d67d6288, command=[]} | ret=SUCCESS |  
2019-08-23 03:31:37,219 | INFO  | SCMAudit | user=jenkins1000 | ip=192.168.5.160 | op=SEND_HEARTBEAT {datanodeUUID=582595a4-0981-4351-886a-2167b9138150, command=[]} | ret=SUCCESS |  
2019-08-23 03:31:37,219 | INFO  | SCMAudit | user=jenkins1000 | ip=192.168.5.160 | op=SEND_HEARTBEAT {datanodeUUID=bea96a90-0db2-4747-a28f-eaa57707396b, command=[]} | ret=SUCCESS |  
2019-08-23 03:31:37,437 INFO  client.GrpcClientProtocolClient (GrpcClientProtocolClient.java:onNext(255)) - client-CC4E70D60B40->582595a4-0981-4351-886a-2167b9138150: receive RaftClientReply:client-CC4E70D60B40->582595a4-0981-4351-886a-2167b9138150@group-65AB1CA5A065, cid=104, FAILED org.apache.ratis.protocol.NotLeaderException: Server 582595a4-0981-4351-886a-2167b9138150 is not the leader (null). Request must be sent to leader., logIndex=0, commits[582595a4-0981-4351-886a-2167b9138150:c2, 76f4e9bb-2fb7-464e-a23e-7e34bc63789f:c2, bea96a90-0db2-4747-a28f-eaa57707396b:c2]
2019-08-23 03:31:37,456 | INFO  | SCMAudit | user=jenkins1000 | ip=192.168.5.160 | op=SEND_HEARTBEAT {datanodeUUID=f25f2f12-09c4-49be-854e-f9e4c23216e7, command=[]} | ret=SUCCESS |  
2019-08-23 03:31:37,626 | INFO  | SCMAudit | user=jenkins1000 | ip=192.168.5.160 | op=SEND_HEARTBEAT {datanodeUUID=3a8a9041-8520-4dc4-9e8b-2f4266e7e881, command=[]} | ret=SUCCESS |  
2019-08-23 03:31:37,770 | INFO  | SCMAudit | user=jenkins1000 | ip=192.168.5.160 | op=SEND_HEARTBEAT {datanodeUUID=7b667a59-4125-4545-8251-4eff5c4dfadd, command=[]} | ret=SUCCESS |  
2019-08-23 03:31:37,928 | INFO  | SCMAudit | user=jenkins1000 | ip=192.168.5.160 | op=SEND_HEARTBEAT {datanodeUUID=4ce2b0e7-d44f-4a72-b0eb-b384d67d6288, command=[]} | ret=SUCCESS |  
2019-08-23 03:31:38,219 | INFO  | SCMAudit | user=jenkins1000 | ip=192.168.5.160 | op=SEND_HEARTBEAT {datanodeUUID=bea96a90-0db2-4747-a28f-eaa57707396b, command=[]} | ret=SUCCESS |  
2019-08-23 03:31:38,219 | INFO  | SCMAudit | user=jenkins1000 | ip=192.168.5.160 | op=SEND_HEARTBEAT {datanodeUUID=582595a4-0981-4351-886a-2167b9138150, command=[]} | ret=SUCCESS |  
2019-08-23 03:31:38,451 INFO  client.GrpcClientProtocolClient (GrpcClientProtocolClient.java:onNext(255)) - client-CC4E70D60B40->bea96a90-0db2-4747-a28f-eaa57707396b: receive RaftClientReply:client-CC4E70D60B40->bea96a90-0db2-4747-a28f-eaa57707396b@group-65AB1CA5A065, cid=104, FAILED org.apache.ratis.protocol.NotLeaderException: Server bea96a90-0db2-4747-a28f-eaa57707396b is not the leader (null). Request must be sent to leader., logIndex=0, commits[bea96a90-0db2-4747-a28f-eaa57707396b:c2, 76f4e9bb-2fb7-464e-a23e-7e34bc63789f:c2, 582595a4-0981-4351-886a-2167b9138150:c2]
2019-08-23 03:31:38,457 | INFO  | SCMAudit | user=jenkins1000 | ip=192.168.5.160 | op=SEND_HEARTBEAT {datanodeUUID=f25f2f12-09c4-49be-854e-f9e4c23216e7, command=[]} | ret=SUCCESS |  
]]></system-out>
    <system-err><![CDATA[Aug 23, 2019 3:31:11 AM com.sun.jersey.server.impl.application.WebApplicationImpl _initiate
INFO: Initiating Jersey application, version 'Jersey: 1.19 02/11/2015 03:25 AM'
Aug 23, 2019 3:31:12 AM com.sun.jersey.server.impl.application.WebApplicationImpl _initiate
INFO: Initiating Jersey application, version 'Jersey: 1.19 02/11/2015 03:25 AM'
Aug 23, 2019 3:31:12 AM com.sun.jersey.server.impl.application.WebApplicationImpl _initiate
INFO: Initiating Jersey application, version 'Jersey: 1.19 02/11/2015 03:25 AM'
Aug 23, 2019 3:31:12 AM com.sun.jersey.server.impl.application.WebApplicationImpl _initiate
INFO: Initiating Jersey application, version 'Jersey: 1.19 02/11/2015 03:25 AM'
Aug 23, 2019 3:31:12 AM com.sun.jersey.server.impl.application.WebApplicationImpl _initiate
INFO: Initiating Jersey application, version 'Jersey: 1.19 02/11/2015 03:25 AM'
Aug 23, 2019 3:31:12 AM com.sun.jersey.server.impl.application.WebApplicationImpl _initiate
INFO: Initiating Jersey application, version 'Jersey: 1.19 02/11/2015 03:25 AM'
Aug 23, 2019 3:31:12 AM com.sun.jersey.server.impl.application.WebApplicationImpl _initiate
INFO: Initiating Jersey application, version 'Jersey: 1.19 02/11/2015 03:25 AM'
Aug 23, 2019 3:31:15 AM org.apache.ratis.thirdparty.io.grpc.internal.ManagedChannelOrphanWrapper$ManagedChannelReference cleanQueue
SEVERE: *~*~*~ Channel ManagedChannelImpl{logId=1768, target=192.168.5.160:40004} was not shutdown properly!!! ~*~*~*
    Make sure to call shutdown()/shutdownNow() and wait until awaitTermination() returns true.
java.lang.RuntimeException: ManagedChannel allocation site
	at org.apache.ratis.thirdparty.io.grpc.internal.ManagedChannelOrphanWrapper$ManagedChannelReference.<init>(ManagedChannelOrphanWrapper.java:103)
	at org.apache.ratis.thirdparty.io.grpc.internal.ManagedChannelOrphanWrapper.<init>(ManagedChannelOrphanWrapper.java:53)
	at org.apache.ratis.thirdparty.io.grpc.internal.ManagedChannelOrphanWrapper.<init>(ManagedChannelOrphanWrapper.java:44)
	at org.apache.ratis.thirdparty.io.grpc.internal.AbstractManagedChannelImplBuilder.build(AbstractManagedChannelImplBuilder.java:411)
	at org.apache.ratis.grpc.client.GrpcClientProtocolClient.<init>(GrpcClientProtocolClient.java:119)
	at org.apache.ratis.grpc.client.GrpcClientRpc.lambda$new$0(GrpcClientRpc.java:55)
	at org.apache.ratis.util.PeerProxyMap$PeerAndProxy.lambda$getProxy$0(PeerProxyMap.java:61)
	at org.apache.ratis.util.LifeCycle.startAndTransition(LifeCycle.java:202)
	at org.apache.ratis.util.PeerProxyMap$PeerAndProxy.getProxy(PeerProxyMap.java:60)
	at org.apache.ratis.util.PeerProxyMap.getProxy(PeerProxyMap.java:107)
	at org.apache.ratis.grpc.client.GrpcClientRpc.sendRequestAsyncUnordered(GrpcClientRpc.java:78)
	at org.apache.ratis.client.impl.UnorderedAsync.sendRequestWithRetry(UnorderedAsync.java:75)
	at org.apache.ratis.client.impl.UnorderedAsync.lambda$null$2(UnorderedAsync.java:120)
	at org.apache.ratis.util.TimeoutScheduler.lambda$onTimeout$0(TimeoutScheduler.java:85)
	at org.apache.ratis.util.TimeoutScheduler.lambda$onTimeout$1(TimeoutScheduler.java:104)
	at org.apache.ratis.util.LogUtils.runAndLog(LogUtils.java:50)
	at org.apache.ratis.util.LogUtils$1.run(LogUtils.java:91)
	at java.util.concurrent.Executors$RunnableAdapter.call(Executors.java:511)
	at java.util.concurrent.FutureTask.run(FutureTask.java:266)
	at java.util.concurrent.ScheduledThreadPoolExecutor$ScheduledFutureTask.access$201(ScheduledThreadPoolExecutor.java:180)
	at java.util.concurrent.ScheduledThreadPoolExecutor$ScheduledFutureTask.run(ScheduledThreadPoolExecutor.java:293)
	at java.util.concurrent.ThreadPoolExecutor.runWorker(ThreadPoolExecutor.java:1149)
	at java.util.concurrent.ThreadPoolExecutor$Worker.run(ThreadPoolExecutor.java:624)
	at java.lang.Thread.run(Thread.java:748)

]]></system-err>
  </testcase>
</testsuite>