<?xml version="1.0" encoding="UTF-8"?>
<testsuite xmlns:xsi="http://www.w3.org/2001/XMLSchema-instance" xsi:noNamespaceSchemaLocation="https://maven.apache.org/surefire/maven-surefire-plugin/xsd/surefire-test-report.xsd" name="org.apache.hadoop.ozone.client.rpc.TestWatchForCommit" time="272.548" tests="5" errors="2" skipped="0" failures="0">
  <properties>
    <property name="awt.toolkit" value="sun.awt.X11.XToolkit"/>
    <property name="file.encoding.pkg" value="sun.io"/>
    <property name="java.specification.version" value="1.8"/>
    <property name="sun.cpu.isalist" value=""/>
    <property name="sun.jnu.encoding" value="UTF-8"/>
    <property name="java.class.path" value="/workdir/hadoop-ozone/integration-test/target/test-classes:/workdir/hadoop-ozone/integration-test/target/classes:/home/user/.m2/repository/org/apache/hadoop/hadoop-ozone-common/0.5.0-SNAPSHOT/hadoop-ozone-common-0.5.0-SNAPSHOT.jar:/home/user/.m2/repository/org/apache/commons/commons-compress/1.4.1/commons-compress-1.4.1.jar:/home/user/.m2/repository/org/tukaani/xz/1.0/xz-1.0.jar:/home/user/.m2/repository/org/apache/hadoop/hadoop-common/3.2.0/hadoop-common-3.2.0.jar:/home/user/.m2/repository/org/apache/hadoop/hadoop-hdfs/3.2.0/hadoop-hdfs-3.2.0.jar:/home/user/.m2/repository/org/apache/hadoop/hadoop-hdfs-client/3.2.0/hadoop-hdfs-client-3.2.0.jar:/home/user/.m2/repository/com/fasterxml/jackson/core/jackson-annotations/2.9.5/jackson-annotations-2.9.5.jar:/home/user/.m2/repository/org/apache/hadoop/hadoop-hdds-common/0.5.0-SNAPSHOT/hadoop-hdds-common-0.5.0-SNAPSHOT.jar:/home/user/.m2/repository/javax/annotation/javax.annotation-api/1.2/javax.annotation-api-1.2.jar:/home/user/.m2/repository/org/apache/ratis/ratis-server/0.4.0-78e95b9-SNAPSHOT/ratis-server-0.4.0-78e95b9-SNAPSHOT.jar:/home/user/.m2/repository/org/apache/ratis/ratis-thirdparty-misc/0.2.0/ratis-thirdparty-misc-0.2.0.jar:/home/user/.m2/repository/org/apache/ratis/ratis-proto/0.4.0-78e95b9-SNAPSHOT/ratis-proto-0.4.0-78e95b9-SNAPSHOT.jar:/home/user/.m2/repository/org/apache/ratis/ratis-common/0.4.0-78e95b9-SNAPSHOT/ratis-common-0.4.0-78e95b9-SNAPSHOT.jar:/home/user/.m2/repository/org/apache/ratis/ratis-client/0.4.0-78e95b9-SNAPSHOT/ratis-client-0.4.0-78e95b9-SNAPSHOT.jar:/home/user/.m2/repository/org/apache/ratis/ratis-metrics/0.4.0-78e95b9-SNAPSHOT/ratis-metrics-0.4.0-78e95b9-SNAPSHOT.jar:/home/user/.m2/repository/com/github/joshelser/dropwizard-metrics-hadoop-metrics2-reporter/0.1.2/dropwizard-metrics-hadoop-metrics2-reporter-0.1.2.jar:/home/user/.m2/repository/io/dropwizard/metrics/metrics-jvm/3.2.5/metrics-jvm-3.2.5.jar:/home/user/.m2/repository/io/dropwizard/metrics/metrics-ganglia/3.2.5/metrics-ganglia-3.2.5.jar:/home/user/.m2/repository/info/ganglia/gmetric4j/gmetric4j/1.0.7/gmetric4j-1.0.7.jar:/home/user/.m2/repository/org/apache/ratis/ratis-netty/0.4.0-78e95b9-SNAPSHOT/ratis-netty-0.4.0-78e95b9-SNAPSHOT.jar:/home/user/.m2/repository/org/apache/ratis/ratis-grpc/0.4.0-78e95b9-SNAPSHOT/ratis-grpc-0.4.0-78e95b9-SNAPSHOT.jar:/home/user/.m2/repository/org/rocksdb/rocksdbjni/6.0.1/rocksdbjni-6.0.1.jar:/home/user/.m2/repository/org/apache/logging/log4j/log4j-api/2.11.0/log4j-api-2.11.0.jar:/home/user/.m2/repository/org/apache/logging/log4j/log4j-core/2.11.0/log4j-core-2.11.0.jar:/home/user/.m2/repository/com/lmax/disruptor/3.4.2/disruptor-3.4.2.jar:/home/user/.m2/repository/org/apache/commons/commons-pool2/2.6.0/commons-pool2-2.6.0.jar:/home/user/.m2/repository/org/bouncycastle/bcpkix-jdk15on/1.60/bcpkix-jdk15on-1.60.jar:/home/user/.m2/repository/commons-validator/commons-validator/1.6/commons-validator-1.6.jar:/home/user/.m2/repository/commons-digester/commons-digester/1.8.1/commons-digester-1.8.1.jar:/home/user/.m2/repository/io/jaegertracing/jaeger-client/0.33.1/jaeger-client-0.33.1.jar:/home/user/.m2/repository/io/jaegertracing/jaeger-thrift/0.33.1/jaeger-thrift-0.33.1.jar:/home/user/.m2/repository/org/apache/thrift/libthrift/0.11.0/libthrift-0.11.0.jar:/home/user/.m2/repository/com/squareup/okhttp3/okhttp/3.9.0/okhttp-3.9.0.jar:/home/user/.m2/repository/com/squareup/okio/okio/1.13.0/okio-1.13.0.jar:/home/user/.m2/repository/io/jaegertracing/jaeger-core/0.33.1/jaeger-core-0.33.1.jar:/home/user/.m2/repository/io/jaegertracing/jaeger-tracerresolver/0.33.1/jaeger-tracerresolver-0.33.1.jar:/home/user/.m2/repository/io/opentracing/contrib/opentracing-tracerresolver/0.1.5/opentracing-tracerresolver-0.1.5.jar:/home/user/.m2/repository/io/opentracing/opentracing-util/0.31.0/opentracing-util-0.31.0.jar:/home/user/.m2/repository/io/opentracing/opentracing-api/0.31.0/opentracing-api-0.31.0.jar:/home/user/.m2/repository/io/opentracing/opentracing-noop/0.31.0/opentracing-noop-0.31.0.jar:/home/user/.m2/repository/org/apache/hadoop/hadoop-hdds-server-framework/0.5.0-SNAPSHOT/hadoop-hdds-server-framework-0.5.0-SNAPSHOT.jar:/home/user/.m2/repository/org/apache/hadoop/hadoop-hdds-container-service/0.5.0-SNAPSHOT/hadoop-hdds-container-service-0.5.0-SNAPSHOT.jar:/home/user/.m2/repository/org/apache/hadoop/hadoop-hdds-client/0.5.0-SNAPSHOT/hadoop-hdds-client-0.5.0-SNAPSHOT.jar:/home/user/.m2/repository/org/apache/hadoop/hadoop-hdds-tools/0.5.0-SNAPSHOT/hadoop-hdds-tools-0.5.0-SNAPSHOT.jar:/home/user/.m2/repository/org/apache/hadoop/hadoop-hdds-server-scm/0.5.0-SNAPSHOT/hadoop-hdds-server-scm-0.5.0-SNAPSHOT.jar:/home/user/.m2/repository/org/apache/hadoop/hadoop-hdds-docs/0.5.0-SNAPSHOT/hadoop-hdds-docs-0.5.0-SNAPSHOT.jar:/home/user/.m2/repository/io/dropwizard/metrics/metrics-core/3.2.4/metrics-core-3.2.4.jar:/home/user/.m2/repository/org/hamcrest/hamcrest-all/1.3/hamcrest-all-1.3.jar:/home/user/.m2/repository/org/bouncycastle/bcprov-jdk15on/1.60/bcprov-jdk15on-1.60.jar:/home/user/.m2/repository/info/picocli/picocli/3.9.6/picocli-3.9.6.jar:/home/user/.m2/repository/com/google/protobuf/protobuf-java/2.5.0/protobuf-java-2.5.0.jar:/home/user/.m2/repository/com/google/guava/guava/11.0.2/guava-11.0.2.jar:/home/user/.m2/repository/org/apache/hadoop/hadoop-ozone-ozone-manager/0.5.0-SNAPSHOT/hadoop-ozone-ozone-manager-0.5.0-SNAPSHOT.jar:/home/user/.m2/repository/org/apache/hadoop/hadoop-minikdc/3.2.0/hadoop-minikdc-3.2.0.jar:/home/user/.m2/repository/commons-io/commons-io/2.5/commons-io-2.5.jar:/home/user/.m2/repository/org/apache/kerby/kerb-simplekdc/1.0.1/kerb-simplekdc-1.0.1.jar:/home/user/.m2/repository/org/apache/kerby/kerb-client/1.0.1/kerb-client-1.0.1.jar:/home/user/.m2/repository/org/apache/kerby/kerby-config/1.0.1/kerby-config-1.0.1.jar:/home/user/.m2/repository/org/apache/kerby/kerb-core/1.0.1/kerb-core-1.0.1.jar:/home/user/.m2/repository/org/apache/kerby/kerby-pkix/1.0.1/kerby-pkix-1.0.1.jar:/home/user/.m2/repository/org/apache/kerby/kerby-asn1/1.0.1/kerby-asn1-1.0.1.jar:/home/user/.m2/repository/org/apache/kerby/kerby-util/1.0.1/kerby-util-1.0.1.jar:/home/user/.m2/repository/org/apache/kerby/kerb-common/1.0.1/kerb-common-1.0.1.jar:/home/user/.m2/repository/org/apache/kerby/kerb-crypto/1.0.1/kerb-crypto-1.0.1.jar:/home/user/.m2/repository/org/apache/kerby/kerb-util/1.0.1/kerb-util-1.0.1.jar:/home/user/.m2/repository/org/apache/kerby/token-provider/1.0.1/token-provider-1.0.1.jar:/home/user/.m2/repository/org/apache/kerby/kerb-admin/1.0.1/kerb-admin-1.0.1.jar:/home/user/.m2/repository/org/apache/kerby/kerb-server/1.0.1/kerb-server-1.0.1.jar:/home/user/.m2/repository/org/apache/kerby/kerb-identity/1.0.1/kerb-identity-1.0.1.jar:/home/user/.m2/repository/org/apache/kerby/kerby-xdr/1.0.1/kerby-xdr-1.0.1.jar:/home/user/.m2/repository/org/slf4j/slf4j-log4j12/1.7.25/slf4j-log4j12-1.7.25.jar:/home/user/.m2/repository/org/apache/hadoop/hadoop-ozone-s3gateway/0.5.0-SNAPSHOT/hadoop-ozone-s3gateway-0.5.0-SNAPSHOT.jar:/home/user/.m2/repository/org/jboss/weld/servlet/weld-servlet/2.4.7.Final/weld-servlet-2.4.7.Final.jar:/home/user/.m2/repository/org/glassfish/jersey/containers/jersey-container-servlet-core/2.27/jersey-container-servlet-core-2.27.jar:/home/user/.m2/repository/org/glassfish/hk2/external/javax.inject/2.5.0-b42/javax.inject-2.5.0-b42.jar:/home/user/.m2/repository/org/glassfish/jersey/core/jersey-common/2.27/jersey-common-2.27.jar:/home/user/.m2/repository/org/glassfish/hk2/osgi-resource-locator/1.0.1/osgi-resource-locator-1.0.1.jar:/home/user/.m2/repository/javax/ws/rs/javax.ws.rs-api/2.1/javax.ws.rs-api-2.1.jar:/home/user/.m2/repository/org/glassfish/jersey/ext/cdi/jersey-cdi1x/2.27/jersey-cdi1x-2.27.jar:/home/user/.m2/repository/org/glassfish/jersey/inject/jersey-hk2/2.27/jersey-hk2-2.27.jar:/home/user/.m2/repository/org/glassfish/hk2/hk2-locator/2.5.0-b42/hk2-locator-2.5.0-b42.jar:/home/user/.m2/repository/org/javassist/javassist/3.22.0-CR2/javassist-3.22.0-CR2.jar:/home/user/.m2/repository/org/glassfish/hk2/hk2-api/2.5.0/hk2-api-2.5.0.jar:/home/user/.m2/repository/org/glassfish/hk2/external/jakarta.inject/2.5.0/jakarta.inject-2.5.0.jar:/home/user/.m2/repository/org/glassfish/hk2/hk2-utils/2.5.0/hk2-utils-2.5.0.jar:/home/user/.m2/repository/jakarta/annotation/jakarta.annotation-api/1.3.4/jakarta.annotation-api-1.3.4.jar:/home/user/.m2/repository/org/glassfish/hk2/external/aopalliance-repackaged/2.5.0/aopalliance-repackaged-2.5.0.jar:/home/user/.m2/repository/com/fasterxml/jackson/dataformat/jackson-dataformat-xml/2.9.0/jackson-dataformat-xml-2.9.0.jar:/home/user/.m2/repository/com/fasterxml/jackson/core/jackson-core/2.9.5/jackson-core-2.9.5.jar:/home/user/.m2/repository/com/fasterxml/jackson/module/jackson-module-jaxb-annotations/2.9.5/jackson-module-jaxb-annotations-2.9.5.jar:/home/user/.m2/repository/javax/enterprise/cdi-api/1.2/cdi-api-1.2.jar:/home/user/.m2/repository/javax/el/javax.el-api/3.0.0/javax.el-api-3.0.0.jar:/home/user/.m2/repository/javax/interceptor/javax.interceptor-api/1.2/javax.interceptor-api-1.2.jar:/home/user/.m2/repository/javax/inject/javax.inject/1/javax.inject-1.jar:/home/user/.m2/repository/com/sun/xml/bind/jaxb-impl/2.3.0.1/jaxb-impl-2.3.0.1.jar:/home/user/.m2/repository/com/sun/xml/bind/jaxb-core/2.3.0.1/jaxb-core-2.3.0.1.jar:/home/user/.m2/repository/javax/xml/bind/jaxb-api/2.3.0/jaxb-api-2.3.0.jar:/home/user/.m2/repository/javax/activation/activation/1.1.1/activation-1.1.1.jar:/home/user/.m2/repository/org/apache/hadoop/hadoop-ozone-csi/0.5.0-SNAPSHOT/hadoop-ozone-csi-0.5.0-SNAPSHOT.jar:/home/user/.m2/repository/com/google/protobuf/protobuf-java-util/3.5.1/protobuf-java-util-3.5.1.jar:/home/user/.m2/repository/org/apache/hadoop/hadoop-hdds-config/0.5.0-SNAPSHOT/hadoop-hdds-config-0.5.0-SNAPSHOT.jar:/home/user/.m2/repository/io/grpc/grpc-netty/1.17.1/grpc-netty-1.17.1.jar:/home/user/.m2/repository/io/grpc/grpc-core/1.17.1/grpc-core-1.17.1.jar:/home/user/.m2/repository/io/grpc/grpc-context/1.17.1/grpc-context-1.17.1.jar:/home/user/.m2/repository/com/google/errorprone/error_prone_annotations/2.2.0/error_prone_annotations-2.2.0.jar:/home/user/.m2/repository/org/codehaus/mojo/animal-sniffer-annotations/1.17/animal-sniffer-annotations-1.17.jar:/home/user/.m2/repository/io/opencensus/opencensus-api/0.17.0/opencensus-api-0.17.0.jar:/home/user/.m2/repository/io/opencensus/opencensus-contrib-grpc-metrics/0.17.0/opencensus-contrib-grpc-metrics-0.17.0.jar:/home/user/.m2/repository/io/netty/netty-codec-http2/4.1.30.Final/netty-codec-http2-4.1.30.Final.jar:/home/user/.m2/repository/io/netty/netty-codec-http/4.1.30.Final/netty-codec-http-4.1.30.Final.jar:/home/user/.m2/repository/io/netty/netty-codec/4.1.30.Final/netty-codec-4.1.30.Final.jar:/home/user/.m2/repository/io/netty/netty-handler/4.1.30.Final/netty-handler-4.1.30.Final.jar:/home/user/.m2/repository/io/netty/netty-handler-proxy/4.1.30.Final/netty-handler-proxy-4.1.30.Final.jar:/home/user/.m2/repository/io/netty/netty-codec-socks/4.1.30.Final/netty-codec-socks-4.1.30.Final.jar:/home/user/.m2/repository/io/netty/netty-transport-native-epoll/4.1.30.Final/netty-transport-native-epoll-4.1.30.Final.jar:/home/user/.m2/repository/io/netty/netty-common/4.1.30.Final/netty-common-4.1.30.Final.jar:/home/user/.m2/repository/io/netty/netty-buffer/4.1.30.Final/netty-buffer-4.1.30.Final.jar:/home/user/.m2/repository/io/netty/netty-transport/4.1.30.Final/netty-transport-4.1.30.Final.jar:/home/user/.m2/repository/io/netty/netty-resolver/4.1.30.Final/netty-resolver-4.1.30.Final.jar:/home/user/.m2/repository/io/netty/netty-transport-native-unix-common/4.1.30.Final/netty-transport-native-unix-common-4.1.30.Final.jar:/home/user/.m2/repository/io/grpc/grpc-protobuf/1.17.1/grpc-protobuf-1.17.1.jar:/home/user/.m2/repository/com/google/api/grpc/proto-google-common-protos/1.0.0/proto-google-common-protos-1.0.0.jar:/home/user/.m2/repository/io/grpc/grpc-protobuf-lite/1.17.1/grpc-protobuf-lite-1.17.1.jar:/home/user/.m2/repository/io/grpc/grpc-stub/1.17.1/grpc-stub-1.17.1.jar:/home/user/.m2/repository/org/apache/hadoop/hadoop-ozone-recon/0.5.0-SNAPSHOT/hadoop-ozone-recon-0.5.0-SNAPSHOT.jar:/home/user/.m2/repository/org/apache/hadoop/hadoop-ozone-reconcodegen/0.5.0-SNAPSHOT/hadoop-ozone-reconcodegen-0.5.0-SNAPSHOT.jar:/home/user/.m2/repository/com/google/inject/extensions/guice-multibindings/4.0/guice-multibindings-4.0.jar:/home/user/.m2/repository/com/google/inject/guice/4.0/guice-4.0.jar:/home/user/.m2/repository/aopalliance/aopalliance/1.0/aopalliance-1.0.jar:/home/user/.m2/repository/com/google/inject/extensions/guice-servlet/4.0/guice-servlet-4.0.jar:/home/user/.m2/repository/org/glassfish/jersey/containers/jersey-container-servlet/2.27/jersey-container-servlet-2.27.jar:/home/user/.m2/repository/org/glassfish/hk2/guice-bridge/2.5.0/guice-bridge-2.5.0.jar:/home/user/.m2/repository/org/glassfish/jersey/core/jersey-server/2.27/jersey-server-2.27.jar:/home/user/.m2/repository/org/glassfish/jersey/core/jersey-client/2.27/jersey-client-2.27.jar:/home/user/.m2/repository/org/glassfish/jersey/media/jersey-media-jaxb/2.27/jersey-media-jaxb-2.27.jar:/home/user/.m2/repository/javax/validation/validation-api/1.1.0.Final/validation-api-1.1.0.Final.jar:/home/user/.m2/repository/org/glassfish/jersey/media/jersey-media-json-jackson/2.27/jersey-media-json-jackson-2.27.jar:/home/user/.m2/repository/org/glassfish/jersey/ext/jersey-entity-filtering/2.27/jersey-entity-filtering-2.27.jar:/home/user/.m2/repository/com/google/inject/extensions/guice-assistedinject/4.0/guice-assistedinject-4.0.jar:/home/user/.m2/repository/org/jooq/jooq/3.11.10/jooq-3.11.10.jar:/home/user/.m2/repository/org/jooq/jooq-meta/3.11.10/jooq-meta-3.11.10.jar:/home/user/.m2/repository/org/jooq/jooq-codegen/3.11.10/jooq-codegen-3.11.10.jar:/home/user/.m2/repository/com/jolbox/bonecp/0.8.0.RELEASE/bonecp-0.8.0.RELEASE.jar:/home/user/.m2/repository/org/xerial/sqlite-jdbc/3.25.2/sqlite-jdbc-3.25.2.jar:/home/user/.m2/repository/org/springframework/spring-jdbc/5.1.3.RELEASE/spring-jdbc-5.1.3.RELEASE.jar:/home/user/.m2/repository/org/springframework/spring-beans/5.1.3.RELEASE/spring-beans-5.1.3.RELEASE.jar:/home/user/.m2/repository/org/springframework/spring-core/5.1.3.RELEASE/spring-core-5.1.3.RELEASE.jar:/home/user/.m2/repository/org/springframework/spring-jcl/5.1.3.RELEASE/spring-jcl-5.1.3.RELEASE.jar:/home/user/.m2/repository/org/springframework/spring-tx/5.1.3.RELEASE/spring-tx-5.1.3.RELEASE.jar:/home/user/.m2/repository/org/apache/hadoop/hadoop-ozone-client/0.5.0-SNAPSHOT/hadoop-ozone-client-0.5.0-SNAPSHOT.jar:/home/user/.m2/repository/commons-lang/commons-lang/2.6/commons-lang-2.6.jar:/home/user/.m2/repository/org/apache/hadoop/hadoop-ozone-ozone-manager/0.5.0-SNAPSHOT/hadoop-ozone-ozone-manager-0.5.0-SNAPSHOT-tests.jar:/home/user/.m2/repository/junit/junit/4.11/junit-4.11.jar:/home/user/.m2/repository/org/hamcrest/hamcrest-core/1.3/hamcrest-core-1.3.jar:/home/user/.m2/repository/org/openjdk/jmh/jmh-core/1.19/jmh-core-1.19.jar:/home/user/.m2/repository/net/sf/jopt-simple/jopt-simple/4.6/jopt-simple-4.6.jar:/home/user/.m2/repository/org/apache/commons/commons-math3/3.1.1/commons-math3-3.1.1.jar:/home/user/.m2/repository/org/openjdk/jmh/jmh-generator-annprocess/1.19/jmh-generator-annprocess-1.19.jar:/home/user/.m2/repository/org/mockito/mockito-all/1.8.5/mockito-all-1.8.5.jar:/home/user/.m2/repository/org/apache/hadoop/hadoop-kms/3.2.0/hadoop-kms-3.2.0.jar:/home/user/.m2/repository/org/apache/hadoop/hadoop-auth/3.2.0/hadoop-auth-3.2.0.jar:/home/user/.m2/repository/com/nimbusds/nimbus-jose-jwt/4.41.1/nimbus-jose-jwt-4.41.1.jar:/home/user/.m2/repository/com/github/stephenc/jcip/jcip-annotations/1.0-1/jcip-annotations-1.0-1.jar:/home/user/.m2/repository/net/minidev/json-smart/2.3/json-smart-2.3.jar:/home/user/.m2/repository/net/minidev/accessors-smart/1.2/accessors-smart-1.2.jar:/home/user/.m2/repository/org/ow2/asm/asm/5.0.4/asm-5.0.4.jar:/home/user/.m2/repository/org/apache/curator/curator-framework/2.12.0/curator-framework-2.12.0.jar:/home/user/.m2/repository/com/sun/jersey/jersey-core/1.19/jersey-core-1.19.jar:/home/user/.m2/repository/javax/ws/rs/jsr311-api/1.1.1/jsr311-api-1.1.1.jar:/home/user/.m2/repository/com/sun/jersey/jersey-server/1.19/jersey-server-1.19.jar:/home/user/.m2/repository/javax/servlet/javax.servlet-api/3.1.0/javax.servlet-api-3.1.0.jar:/home/user/.m2/repository/org/eclipse/jetty/jetty-server/9.3.24.v20180605/jetty-server-9.3.24.v20180605.jar:/home/user/.m2/repository/org/eclipse/jetty/jetty-http/9.3.24.v20180605/jetty-http-9.3.24.v20180605.jar:/home/user/.m2/repository/org/eclipse/jetty/jetty-io/9.3.24.v20180605/jetty-io-9.3.24.v20180605.jar:/home/user/.m2/repository/org/eclipse/jetty/jetty-webapp/9.3.24.v20180605/jetty-webapp-9.3.24.v20180605.jar:/home/user/.m2/repository/org/eclipse/jetty/jetty-xml/9.3.24.v20180605/jetty-xml-9.3.24.v20180605.jar:/home/user/.m2/repository/log4j/log4j/1.2.17/log4j-1.2.17.jar:/home/user/.m2/repository/org/slf4j/slf4j-api/1.7.25/slf4j-api-1.7.25.jar:/home/user/.m2/repository/org/slf4j/jul-to-slf4j/1.7.25/jul-to-slf4j-1.7.25.jar:/home/user/.m2/repository/org/eclipse/jetty/jetty-util/9.3.24.v20180605/jetty-util-9.3.24.v20180605.jar:/home/user/.m2/repository/com/fasterxml/jackson/core/jackson-databind/2.9.5/jackson-databind-2.9.5.jar:/home/user/.m2/repository/org/apache/hadoop/hadoop-kms/3.2.0/hadoop-kms-3.2.0-tests.jar:/home/user/.m2/repository/org/apache/hadoop/hadoop-hdds-server-scm/0.5.0-SNAPSHOT/hadoop-hdds-server-scm-0.5.0-SNAPSHOT-tests.jar:/home/user/.m2/repository/org/apache/hadoop/hadoop-hdds-container-service/0.5.0-SNAPSHOT/hadoop-hdds-container-service-0.5.0-SNAPSHOT-tests.jar:/home/user/.m2/repository/org/yaml/snakeyaml/1.16/snakeyaml-1.16.jar:/home/user/.m2/repository/org/apache/hadoop/hadoop-common/3.2.0/hadoop-common-3.2.0-tests.jar:/home/user/.m2/repository/org/apache/hadoop/hadoop-annotations/3.2.0/hadoop-annotations-3.2.0.jar:/usr/lib/jvm/java-1.8-openjdk/jre/../lib/tools.jar:/home/user/.m2/repository/commons-cli/commons-cli/1.2/commons-cli-1.2.jar:/home/user/.m2/repository/org/apache/httpcomponents/httpclient/4.5.2/httpclient-4.5.2.jar:/home/user/.m2/repository/org/apache/httpcomponents/httpcore/4.4.4/httpcore-4.4.4.jar:/home/user/.m2/repository/commons-codec/commons-codec/1.11/commons-codec-1.11.jar:/home/user/.m2/repository/commons-net/commons-net/3.6/commons-net-3.6.jar:/home/user/.m2/repository/commons-collections/commons-collections/3.2.2/commons-collections-3.2.2.jar:/home/user/.m2/repository/org/eclipse/jetty/jetty-servlet/9.3.24.v20180605/jetty-servlet-9.3.24.v20180605.jar:/home/user/.m2/repository/org/eclipse/jetty/jetty-security/9.3.24.v20180605/jetty-security-9.3.24.v20180605.jar:/home/user/.m2/repository/javax/servlet/jsp/jsp-api/2.1/jsp-api-2.1.jar:/home/user/.m2/repository/com/sun/jersey/jersey-servlet/1.19/jersey-servlet-1.19.jar:/home/user/.m2/repository/com/sun/jersey/jersey-json/1.19/jersey-json-1.19.jar:/home/user/.m2/repository/org/codehaus/jettison/jettison/1.1/jettison-1.1.jar:/home/user/.m2/repository/org/codehaus/jackson/jackson-core-asl/1.9.13/jackson-core-asl-1.9.13.jar:/home/user/.m2/repository/org/codehaus/jackson/jackson-mapper-asl/1.9.13/jackson-mapper-asl-1.9.13.jar:/home/user/.m2/repository/org/codehaus/jackson/jackson-jaxrs/1.9.13/jackson-jaxrs-1.9.13.jar:/home/user/.m2/repository/org/codehaus/jackson/jackson-xc/1.9.13/jackson-xc-1.9.13.jar:/home/user/.m2/repository/commons-logging/commons-logging/1.1.3/commons-logging-1.1.3.jar:/home/user/.m2/repository/commons-beanutils/commons-beanutils/1.9.3/commons-beanutils-1.9.3.jar:/home/user/.m2/repository/org/apache/commons/commons-configuration2/2.1.1/commons-configuration2-2.1.1.jar:/home/user/.m2/repository/org/apache/commons/commons-lang3/3.7/commons-lang3-3.7.jar:/home/user/.m2/repository/org/apache/commons/commons-text/1.4/commons-text-1.4.jar:/home/user/.m2/repository/org/apache/avro/avro/1.7.7/avro-1.7.7.jar:/home/user/.m2/repository/com/thoughtworks/paranamer/paranamer/2.3/paranamer-2.3.jar:/home/user/.m2/repository/org/xerial/snappy/snappy-java/1.0.5/snappy-java-1.0.5.jar:/home/user/.m2/repository/com/google/re2j/re2j/1.1/re2j-1.1.jar:/home/user/.m2/repository/com/google/code/gson/gson/2.2.4/gson-2.2.4.jar:/home/user/.m2/repository/com/jcraft/jsch/0.1.54/jsch-0.1.54.jar:/home/user/.m2/repository/org/apache/curator/curator-client/2.12.0/curator-client-2.12.0.jar:/home/user/.m2/repository/org/apache/curator/curator-recipes/2.12.0/curator-recipes-2.12.0.jar:/home/user/.m2/repository/com/google/code/findbugs/jsr305/3.0.0/jsr305-3.0.0.jar:/home/user/.m2/repository/org/apache/htrace/htrace-core4/4.1.0-incubating/htrace-core4-4.1.0-incubating.jar:/home/user/.m2/repository/org/apache/zookeeper/zookeeper/3.4.13/zookeeper-3.4.13.jar:/home/user/.m2/repository/org/apache/yetus/audience-annotations/0.5.0/audience-annotations-0.5.0.jar:/home/user/.m2/repository/org/codehaus/woodstox/stax2-api/3.1.4/stax2-api-3.1.4.jar:/home/user/.m2/repository/com/fasterxml/woodstox/woodstox-core/5.0.3/woodstox-core-5.0.3.jar:/home/user/.m2/repository/dnsjava/dnsjava/2.1.7/dnsjava-2.1.7.jar:/home/user/.m2/repository/org/apache/hadoop/hadoop-hdfs/3.2.0/hadoop-hdfs-3.2.0-tests.jar:/home/user/.m2/repository/org/eclipse/jetty/jetty-util-ajax/9.3.24.v20180605/jetty-util-ajax-9.3.24.v20180605.jar:/home/user/.m2/repository/commons-daemon/commons-daemon/1.0.13/commons-daemon-1.0.13.jar:/home/user/.m2/repository/io/netty/netty/3.10.5.Final/netty-3.10.5.Final.jar:/home/user/.m2/repository/io/netty/netty-all/4.0.52.Final/netty-all-4.0.52.Final.jar:/home/user/.m2/repository/org/fusesource/leveldbjni/leveldbjni-all/1.8/leveldbjni-all-1.8.jar:"/>
    <property name="java.vm.vendor" value="IcedTea"/>
    <property name="sun.arch.data.model" value="64"/>
    <property name="test.build.dir" value="/workdir/hadoop-ozone/integration-test/target/test-dir"/>
    <property name="test.cache.data" value=""/>
    <property name="java.vendor.url" value="https://icedtea.classpath.org"/>
    <property name="user.timezone" value=""/>
    <property name="java.vm.specification.version" value="1.8"/>
    <property name="os.name" value="Linux"/>
    <property name="test.build.data" value="/workdir/hadoop-ozone/integration-test/target/test-dir"/>
    <property name="user.country" value="US"/>
    <property name="sun.java.launcher" value="SUN_STANDARD"/>
    <property name="sun.boot.library.path" value="/usr/lib/jvm/java-1.8-openjdk/jre/lib/amd64"/>
    <property name="sun.java.command" value="/workdir/hadoop-ozone/integration-test/target/surefire/surefirebooter7139796518403435730.jar /workdir/hadoop-ozone/integration-test/target/surefire 2019-09-18T09-11-04_125-jvmRun1 surefire8785299700460463192tmp surefire_528087303033010097223tmp"/>
    <property name="test" value="!TestMiniChaosOzoneCluster"/>
    <property name="surefire.test.class.path" value="/workdir/hadoop-ozone/integration-test/target/test-classes:/workdir/hadoop-ozone/integration-test/target/classes:/home/user/.m2/repository/org/apache/hadoop/hadoop-ozone-common/0.5.0-SNAPSHOT/hadoop-ozone-common-0.5.0-SNAPSHOT.jar:/home/user/.m2/repository/org/apache/commons/commons-compress/1.4.1/commons-compress-1.4.1.jar:/home/user/.m2/repository/org/tukaani/xz/1.0/xz-1.0.jar:/home/user/.m2/repository/org/apache/hadoop/hadoop-common/3.2.0/hadoop-common-3.2.0.jar:/home/user/.m2/repository/org/apache/hadoop/hadoop-hdfs/3.2.0/hadoop-hdfs-3.2.0.jar:/home/user/.m2/repository/org/apache/hadoop/hadoop-hdfs-client/3.2.0/hadoop-hdfs-client-3.2.0.jar:/home/user/.m2/repository/com/fasterxml/jackson/core/jackson-annotations/2.9.5/jackson-annotations-2.9.5.jar:/home/user/.m2/repository/org/apache/hadoop/hadoop-hdds-common/0.5.0-SNAPSHOT/hadoop-hdds-common-0.5.0-SNAPSHOT.jar:/home/user/.m2/repository/javax/annotation/javax.annotation-api/1.2/javax.annotation-api-1.2.jar:/home/user/.m2/repository/org/apache/ratis/ratis-server/0.4.0-78e95b9-SNAPSHOT/ratis-server-0.4.0-78e95b9-SNAPSHOT.jar:/home/user/.m2/repository/org/apache/ratis/ratis-thirdparty-misc/0.2.0/ratis-thirdparty-misc-0.2.0.jar:/home/user/.m2/repository/org/apache/ratis/ratis-proto/0.4.0-78e95b9-SNAPSHOT/ratis-proto-0.4.0-78e95b9-SNAPSHOT.jar:/home/user/.m2/repository/org/apache/ratis/ratis-common/0.4.0-78e95b9-SNAPSHOT/ratis-common-0.4.0-78e95b9-SNAPSHOT.jar:/home/user/.m2/repository/org/apache/ratis/ratis-client/0.4.0-78e95b9-SNAPSHOT/ratis-client-0.4.0-78e95b9-SNAPSHOT.jar:/home/user/.m2/repository/org/apache/ratis/ratis-metrics/0.4.0-78e95b9-SNAPSHOT/ratis-metrics-0.4.0-78e95b9-SNAPSHOT.jar:/home/user/.m2/repository/com/github/joshelser/dropwizard-metrics-hadoop-metrics2-reporter/0.1.2/dropwizard-metrics-hadoop-metrics2-reporter-0.1.2.jar:/home/user/.m2/repository/io/dropwizard/metrics/metrics-jvm/3.2.5/metrics-jvm-3.2.5.jar:/home/user/.m2/repository/io/dropwizard/metrics/metrics-ganglia/3.2.5/metrics-ganglia-3.2.5.jar:/home/user/.m2/repository/info/ganglia/gmetric4j/gmetric4j/1.0.7/gmetric4j-1.0.7.jar:/home/user/.m2/repository/org/apache/ratis/ratis-netty/0.4.0-78e95b9-SNAPSHOT/ratis-netty-0.4.0-78e95b9-SNAPSHOT.jar:/home/user/.m2/repository/org/apache/ratis/ratis-grpc/0.4.0-78e95b9-SNAPSHOT/ratis-grpc-0.4.0-78e95b9-SNAPSHOT.jar:/home/user/.m2/repository/org/rocksdb/rocksdbjni/6.0.1/rocksdbjni-6.0.1.jar:/home/user/.m2/repository/org/apache/logging/log4j/log4j-api/2.11.0/log4j-api-2.11.0.jar:/home/user/.m2/repository/org/apache/logging/log4j/log4j-core/2.11.0/log4j-core-2.11.0.jar:/home/user/.m2/repository/com/lmax/disruptor/3.4.2/disruptor-3.4.2.jar:/home/user/.m2/repository/org/apache/commons/commons-pool2/2.6.0/commons-pool2-2.6.0.jar:/home/user/.m2/repository/org/bouncycastle/bcpkix-jdk15on/1.60/bcpkix-jdk15on-1.60.jar:/home/user/.m2/repository/commons-validator/commons-validator/1.6/commons-validator-1.6.jar:/home/user/.m2/repository/commons-digester/commons-digester/1.8.1/commons-digester-1.8.1.jar:/home/user/.m2/repository/io/jaegertracing/jaeger-client/0.33.1/jaeger-client-0.33.1.jar:/home/user/.m2/repository/io/jaegertracing/jaeger-thrift/0.33.1/jaeger-thrift-0.33.1.jar:/home/user/.m2/repository/org/apache/thrift/libthrift/0.11.0/libthrift-0.11.0.jar:/home/user/.m2/repository/com/squareup/okhttp3/okhttp/3.9.0/okhttp-3.9.0.jar:/home/user/.m2/repository/com/squareup/okio/okio/1.13.0/okio-1.13.0.jar:/home/user/.m2/repository/io/jaegertracing/jaeger-core/0.33.1/jaeger-core-0.33.1.jar:/home/user/.m2/repository/io/jaegertracing/jaeger-tracerresolver/0.33.1/jaeger-tracerresolver-0.33.1.jar:/home/user/.m2/repository/io/opentracing/contrib/opentracing-tracerresolver/0.1.5/opentracing-tracerresolver-0.1.5.jar:/home/user/.m2/repository/io/opentracing/opentracing-util/0.31.0/opentracing-util-0.31.0.jar:/home/user/.m2/repository/io/opentracing/opentracing-api/0.31.0/opentracing-api-0.31.0.jar:/home/user/.m2/repository/io/opentracing/opentracing-noop/0.31.0/opentracing-noop-0.31.0.jar:/home/user/.m2/repository/org/apache/hadoop/hadoop-hdds-server-framework/0.5.0-SNAPSHOT/hadoop-hdds-server-framework-0.5.0-SNAPSHOT.jar:/home/user/.m2/repository/org/apache/hadoop/hadoop-hdds-container-service/0.5.0-SNAPSHOT/hadoop-hdds-container-service-0.5.0-SNAPSHOT.jar:/home/user/.m2/repository/org/apache/hadoop/hadoop-hdds-client/0.5.0-SNAPSHOT/hadoop-hdds-client-0.5.0-SNAPSHOT.jar:/home/user/.m2/repository/org/apache/hadoop/hadoop-hdds-tools/0.5.0-SNAPSHOT/hadoop-hdds-tools-0.5.0-SNAPSHOT.jar:/home/user/.m2/repository/org/apache/hadoop/hadoop-hdds-server-scm/0.5.0-SNAPSHOT/hadoop-hdds-server-scm-0.5.0-SNAPSHOT.jar:/home/user/.m2/repository/org/apache/hadoop/hadoop-hdds-docs/0.5.0-SNAPSHOT/hadoop-hdds-docs-0.5.0-SNAPSHOT.jar:/home/user/.m2/repository/io/dropwizard/metrics/metrics-core/3.2.4/metrics-core-3.2.4.jar:/home/user/.m2/repository/org/hamcrest/hamcrest-all/1.3/hamcrest-all-1.3.jar:/home/user/.m2/repository/org/bouncycastle/bcprov-jdk15on/1.60/bcprov-jdk15on-1.60.jar:/home/user/.m2/repository/info/picocli/picocli/3.9.6/picocli-3.9.6.jar:/home/user/.m2/repository/com/google/protobuf/protobuf-java/2.5.0/protobuf-java-2.5.0.jar:/home/user/.m2/repository/com/google/guava/guava/11.0.2/guava-11.0.2.jar:/home/user/.m2/repository/org/apache/hadoop/hadoop-ozone-ozone-manager/0.5.0-SNAPSHOT/hadoop-ozone-ozone-manager-0.5.0-SNAPSHOT.jar:/home/user/.m2/repository/org/apache/hadoop/hadoop-minikdc/3.2.0/hadoop-minikdc-3.2.0.jar:/home/user/.m2/repository/commons-io/commons-io/2.5/commons-io-2.5.jar:/home/user/.m2/repository/org/apache/kerby/kerb-simplekdc/1.0.1/kerb-simplekdc-1.0.1.jar:/home/user/.m2/repository/org/apache/kerby/kerb-client/1.0.1/kerb-client-1.0.1.jar:/home/user/.m2/repository/org/apache/kerby/kerby-config/1.0.1/kerby-config-1.0.1.jar:/home/user/.m2/repository/org/apache/kerby/kerb-core/1.0.1/kerb-core-1.0.1.jar:/home/user/.m2/repository/org/apache/kerby/kerby-pkix/1.0.1/kerby-pkix-1.0.1.jar:/home/user/.m2/repository/org/apache/kerby/kerby-asn1/1.0.1/kerby-asn1-1.0.1.jar:/home/user/.m2/repository/org/apache/kerby/kerby-util/1.0.1/kerby-util-1.0.1.jar:/home/user/.m2/repository/org/apache/kerby/kerb-common/1.0.1/kerb-common-1.0.1.jar:/home/user/.m2/repository/org/apache/kerby/kerb-crypto/1.0.1/kerb-crypto-1.0.1.jar:/home/user/.m2/repository/org/apache/kerby/kerb-util/1.0.1/kerb-util-1.0.1.jar:/home/user/.m2/repository/org/apache/kerby/token-provider/1.0.1/token-provider-1.0.1.jar:/home/user/.m2/repository/org/apache/kerby/kerb-admin/1.0.1/kerb-admin-1.0.1.jar:/home/user/.m2/repository/org/apache/kerby/kerb-server/1.0.1/kerb-server-1.0.1.jar:/home/user/.m2/repository/org/apache/kerby/kerb-identity/1.0.1/kerb-identity-1.0.1.jar:/home/user/.m2/repository/org/apache/kerby/kerby-xdr/1.0.1/kerby-xdr-1.0.1.jar:/home/user/.m2/repository/org/slf4j/slf4j-log4j12/1.7.25/slf4j-log4j12-1.7.25.jar:/home/user/.m2/repository/org/apache/hadoop/hadoop-ozone-s3gateway/0.5.0-SNAPSHOT/hadoop-ozone-s3gateway-0.5.0-SNAPSHOT.jar:/home/user/.m2/repository/org/jboss/weld/servlet/weld-servlet/2.4.7.Final/weld-servlet-2.4.7.Final.jar:/home/user/.m2/repository/org/glassfish/jersey/containers/jersey-container-servlet-core/2.27/jersey-container-servlet-core-2.27.jar:/home/user/.m2/repository/org/glassfish/hk2/external/javax.inject/2.5.0-b42/javax.inject-2.5.0-b42.jar:/home/user/.m2/repository/org/glassfish/jersey/core/jersey-common/2.27/jersey-common-2.27.jar:/home/user/.m2/repository/org/glassfish/hk2/osgi-resource-locator/1.0.1/osgi-resource-locator-1.0.1.jar:/home/user/.m2/repository/javax/ws/rs/javax.ws.rs-api/2.1/javax.ws.rs-api-2.1.jar:/home/user/.m2/repository/org/glassfish/jersey/ext/cdi/jersey-cdi1x/2.27/jersey-cdi1x-2.27.jar:/home/user/.m2/repository/org/glassfish/jersey/inject/jersey-hk2/2.27/jersey-hk2-2.27.jar:/home/user/.m2/repository/org/glassfish/hk2/hk2-locator/2.5.0-b42/hk2-locator-2.5.0-b42.jar:/home/user/.m2/repository/org/javassist/javassist/3.22.0-CR2/javassist-3.22.0-CR2.jar:/home/user/.m2/repository/org/glassfish/hk2/hk2-api/2.5.0/hk2-api-2.5.0.jar:/home/user/.m2/repository/org/glassfish/hk2/external/jakarta.inject/2.5.0/jakarta.inject-2.5.0.jar:/home/user/.m2/repository/org/glassfish/hk2/hk2-utils/2.5.0/hk2-utils-2.5.0.jar:/home/user/.m2/repository/jakarta/annotation/jakarta.annotation-api/1.3.4/jakarta.annotation-api-1.3.4.jar:/home/user/.m2/repository/org/glassfish/hk2/external/aopalliance-repackaged/2.5.0/aopalliance-repackaged-2.5.0.jar:/home/user/.m2/repository/com/fasterxml/jackson/dataformat/jackson-dataformat-xml/2.9.0/jackson-dataformat-xml-2.9.0.jar:/home/user/.m2/repository/com/fasterxml/jackson/core/jackson-core/2.9.5/jackson-core-2.9.5.jar:/home/user/.m2/repository/com/fasterxml/jackson/module/jackson-module-jaxb-annotations/2.9.5/jackson-module-jaxb-annotations-2.9.5.jar:/home/user/.m2/repository/javax/enterprise/cdi-api/1.2/cdi-api-1.2.jar:/home/user/.m2/repository/javax/el/javax.el-api/3.0.0/javax.el-api-3.0.0.jar:/home/user/.m2/repository/javax/interceptor/javax.interceptor-api/1.2/javax.interceptor-api-1.2.jar:/home/user/.m2/repository/javax/inject/javax.inject/1/javax.inject-1.jar:/home/user/.m2/repository/com/sun/xml/bind/jaxb-impl/2.3.0.1/jaxb-impl-2.3.0.1.jar:/home/user/.m2/repository/com/sun/xml/bind/jaxb-core/2.3.0.1/jaxb-core-2.3.0.1.jar:/home/user/.m2/repository/javax/xml/bind/jaxb-api/2.3.0/jaxb-api-2.3.0.jar:/home/user/.m2/repository/javax/activation/activation/1.1.1/activation-1.1.1.jar:/home/user/.m2/repository/org/apache/hadoop/hadoop-ozone-csi/0.5.0-SNAPSHOT/hadoop-ozone-csi-0.5.0-SNAPSHOT.jar:/home/user/.m2/repository/com/google/protobuf/protobuf-java-util/3.5.1/protobuf-java-util-3.5.1.jar:/home/user/.m2/repository/org/apache/hadoop/hadoop-hdds-config/0.5.0-SNAPSHOT/hadoop-hdds-config-0.5.0-SNAPSHOT.jar:/home/user/.m2/repository/io/grpc/grpc-netty/1.17.1/grpc-netty-1.17.1.jar:/home/user/.m2/repository/io/grpc/grpc-core/1.17.1/grpc-core-1.17.1.jar:/home/user/.m2/repository/io/grpc/grpc-context/1.17.1/grpc-context-1.17.1.jar:/home/user/.m2/repository/com/google/errorprone/error_prone_annotations/2.2.0/error_prone_annotations-2.2.0.jar:/home/user/.m2/repository/org/codehaus/mojo/animal-sniffer-annotations/1.17/animal-sniffer-annotations-1.17.jar:/home/user/.m2/repository/io/opencensus/opencensus-api/0.17.0/opencensus-api-0.17.0.jar:/home/user/.m2/repository/io/opencensus/opencensus-contrib-grpc-metrics/0.17.0/opencensus-contrib-grpc-metrics-0.17.0.jar:/home/user/.m2/repository/io/netty/netty-codec-http2/4.1.30.Final/netty-codec-http2-4.1.30.Final.jar:/home/user/.m2/repository/io/netty/netty-codec-http/4.1.30.Final/netty-codec-http-4.1.30.Final.jar:/home/user/.m2/repository/io/netty/netty-codec/4.1.30.Final/netty-codec-4.1.30.Final.jar:/home/user/.m2/repository/io/netty/netty-handler/4.1.30.Final/netty-handler-4.1.30.Final.jar:/home/user/.m2/repository/io/netty/netty-handler-proxy/4.1.30.Final/netty-handler-proxy-4.1.30.Final.jar:/home/user/.m2/repository/io/netty/netty-codec-socks/4.1.30.Final/netty-codec-socks-4.1.30.Final.jar:/home/user/.m2/repository/io/netty/netty-transport-native-epoll/4.1.30.Final/netty-transport-native-epoll-4.1.30.Final.jar:/home/user/.m2/repository/io/netty/netty-common/4.1.30.Final/netty-common-4.1.30.Final.jar:/home/user/.m2/repository/io/netty/netty-buffer/4.1.30.Final/netty-buffer-4.1.30.Final.jar:/home/user/.m2/repository/io/netty/netty-transport/4.1.30.Final/netty-transport-4.1.30.Final.jar:/home/user/.m2/repository/io/netty/netty-resolver/4.1.30.Final/netty-resolver-4.1.30.Final.jar:/home/user/.m2/repository/io/netty/netty-transport-native-unix-common/4.1.30.Final/netty-transport-native-unix-common-4.1.30.Final.jar:/home/user/.m2/repository/io/grpc/grpc-protobuf/1.17.1/grpc-protobuf-1.17.1.jar:/home/user/.m2/repository/com/google/api/grpc/proto-google-common-protos/1.0.0/proto-google-common-protos-1.0.0.jar:/home/user/.m2/repository/io/grpc/grpc-protobuf-lite/1.17.1/grpc-protobuf-lite-1.17.1.jar:/home/user/.m2/repository/io/grpc/grpc-stub/1.17.1/grpc-stub-1.17.1.jar:/home/user/.m2/repository/org/apache/hadoop/hadoop-ozone-recon/0.5.0-SNAPSHOT/hadoop-ozone-recon-0.5.0-SNAPSHOT.jar:/home/user/.m2/repository/org/apache/hadoop/hadoop-ozone-reconcodegen/0.5.0-SNAPSHOT/hadoop-ozone-reconcodegen-0.5.0-SNAPSHOT.jar:/home/user/.m2/repository/com/google/inject/extensions/guice-multibindings/4.0/guice-multibindings-4.0.jar:/home/user/.m2/repository/com/google/inject/guice/4.0/guice-4.0.jar:/home/user/.m2/repository/aopalliance/aopalliance/1.0/aopalliance-1.0.jar:/home/user/.m2/repository/com/google/inject/extensions/guice-servlet/4.0/guice-servlet-4.0.jar:/home/user/.m2/repository/org/glassfish/jersey/containers/jersey-container-servlet/2.27/jersey-container-servlet-2.27.jar:/home/user/.m2/repository/org/glassfish/hk2/guice-bridge/2.5.0/guice-bridge-2.5.0.jar:/home/user/.m2/repository/org/glassfish/jersey/core/jersey-server/2.27/jersey-server-2.27.jar:/home/user/.m2/repository/org/glassfish/jersey/core/jersey-client/2.27/jersey-client-2.27.jar:/home/user/.m2/repository/org/glassfish/jersey/media/jersey-media-jaxb/2.27/jersey-media-jaxb-2.27.jar:/home/user/.m2/repository/javax/validation/validation-api/1.1.0.Final/validation-api-1.1.0.Final.jar:/home/user/.m2/repository/org/glassfish/jersey/media/jersey-media-json-jackson/2.27/jersey-media-json-jackson-2.27.jar:/home/user/.m2/repository/org/glassfish/jersey/ext/jersey-entity-filtering/2.27/jersey-entity-filtering-2.27.jar:/home/user/.m2/repository/com/google/inject/extensions/guice-assistedinject/4.0/guice-assistedinject-4.0.jar:/home/user/.m2/repository/org/jooq/jooq/3.11.10/jooq-3.11.10.jar:/home/user/.m2/repository/org/jooq/jooq-meta/3.11.10/jooq-meta-3.11.10.jar:/home/user/.m2/repository/org/jooq/jooq-codegen/3.11.10/jooq-codegen-3.11.10.jar:/home/user/.m2/repository/com/jolbox/bonecp/0.8.0.RELEASE/bonecp-0.8.0.RELEASE.jar:/home/user/.m2/repository/org/xerial/sqlite-jdbc/3.25.2/sqlite-jdbc-3.25.2.jar:/home/user/.m2/repository/org/springframework/spring-jdbc/5.1.3.RELEASE/spring-jdbc-5.1.3.RELEASE.jar:/home/user/.m2/repository/org/springframework/spring-beans/5.1.3.RELEASE/spring-beans-5.1.3.RELEASE.jar:/home/user/.m2/repository/org/springframework/spring-core/5.1.3.RELEASE/spring-core-5.1.3.RELEASE.jar:/home/user/.m2/repository/org/springframework/spring-jcl/5.1.3.RELEASE/spring-jcl-5.1.3.RELEASE.jar:/home/user/.m2/repository/org/springframework/spring-tx/5.1.3.RELEASE/spring-tx-5.1.3.RELEASE.jar:/home/user/.m2/repository/org/apache/hadoop/hadoop-ozone-client/0.5.0-SNAPSHOT/hadoop-ozone-client-0.5.0-SNAPSHOT.jar:/home/user/.m2/repository/commons-lang/commons-lang/2.6/commons-lang-2.6.jar:/home/user/.m2/repository/org/apache/hadoop/hadoop-ozone-ozone-manager/0.5.0-SNAPSHOT/hadoop-ozone-ozone-manager-0.5.0-SNAPSHOT-tests.jar:/home/user/.m2/repository/junit/junit/4.11/junit-4.11.jar:/home/user/.m2/repository/org/hamcrest/hamcrest-core/1.3/hamcrest-core-1.3.jar:/home/user/.m2/repository/org/openjdk/jmh/jmh-core/1.19/jmh-core-1.19.jar:/home/user/.m2/repository/net/sf/jopt-simple/jopt-simple/4.6/jopt-simple-4.6.jar:/home/user/.m2/repository/org/apache/commons/commons-math3/3.1.1/commons-math3-3.1.1.jar:/home/user/.m2/repository/org/openjdk/jmh/jmh-generator-annprocess/1.19/jmh-generator-annprocess-1.19.jar:/home/user/.m2/repository/org/mockito/mockito-all/1.8.5/mockito-all-1.8.5.jar:/home/user/.m2/repository/org/apache/hadoop/hadoop-kms/3.2.0/hadoop-kms-3.2.0.jar:/home/user/.m2/repository/org/apache/hadoop/hadoop-auth/3.2.0/hadoop-auth-3.2.0.jar:/home/user/.m2/repository/com/nimbusds/nimbus-jose-jwt/4.41.1/nimbus-jose-jwt-4.41.1.jar:/home/user/.m2/repository/com/github/stephenc/jcip/jcip-annotations/1.0-1/jcip-annotations-1.0-1.jar:/home/user/.m2/repository/net/minidev/json-smart/2.3/json-smart-2.3.jar:/home/user/.m2/repository/net/minidev/accessors-smart/1.2/accessors-smart-1.2.jar:/home/user/.m2/repository/org/ow2/asm/asm/5.0.4/asm-5.0.4.jar:/home/user/.m2/repository/org/apache/curator/curator-framework/2.12.0/curator-framework-2.12.0.jar:/home/user/.m2/repository/com/sun/jersey/jersey-core/1.19/jersey-core-1.19.jar:/home/user/.m2/repository/javax/ws/rs/jsr311-api/1.1.1/jsr311-api-1.1.1.jar:/home/user/.m2/repository/com/sun/jersey/jersey-server/1.19/jersey-server-1.19.jar:/home/user/.m2/repository/javax/servlet/javax.servlet-api/3.1.0/javax.servlet-api-3.1.0.jar:/home/user/.m2/repository/org/eclipse/jetty/jetty-server/9.3.24.v20180605/jetty-server-9.3.24.v20180605.jar:/home/user/.m2/repository/org/eclipse/jetty/jetty-http/9.3.24.v20180605/jetty-http-9.3.24.v20180605.jar:/home/user/.m2/repository/org/eclipse/jetty/jetty-io/9.3.24.v20180605/jetty-io-9.3.24.v20180605.jar:/home/user/.m2/repository/org/eclipse/jetty/jetty-webapp/9.3.24.v20180605/jetty-webapp-9.3.24.v20180605.jar:/home/user/.m2/repository/org/eclipse/jetty/jetty-xml/9.3.24.v20180605/jetty-xml-9.3.24.v20180605.jar:/home/user/.m2/repository/log4j/log4j/1.2.17/log4j-1.2.17.jar:/home/user/.m2/repository/org/slf4j/slf4j-api/1.7.25/slf4j-api-1.7.25.jar:/home/user/.m2/repository/org/slf4j/jul-to-slf4j/1.7.25/jul-to-slf4j-1.7.25.jar:/home/user/.m2/repository/org/eclipse/jetty/jetty-util/9.3.24.v20180605/jetty-util-9.3.24.v20180605.jar:/home/user/.m2/repository/com/fasterxml/jackson/core/jackson-databind/2.9.5/jackson-databind-2.9.5.jar:/home/user/.m2/repository/org/apache/hadoop/hadoop-kms/3.2.0/hadoop-kms-3.2.0-tests.jar:/home/user/.m2/repository/org/apache/hadoop/hadoop-hdds-server-scm/0.5.0-SNAPSHOT/hadoop-hdds-server-scm-0.5.0-SNAPSHOT-tests.jar:/home/user/.m2/repository/org/apache/hadoop/hadoop-hdds-container-service/0.5.0-SNAPSHOT/hadoop-hdds-container-service-0.5.0-SNAPSHOT-tests.jar:/home/user/.m2/repository/org/yaml/snakeyaml/1.16/snakeyaml-1.16.jar:/home/user/.m2/repository/org/apache/hadoop/hadoop-common/3.2.0/hadoop-common-3.2.0-tests.jar:/home/user/.m2/repository/org/apache/hadoop/hadoop-annotations/3.2.0/hadoop-annotations-3.2.0.jar:/usr/lib/jvm/java-1.8-openjdk/jre/../lib/tools.jar:/home/user/.m2/repository/commons-cli/commons-cli/1.2/commons-cli-1.2.jar:/home/user/.m2/repository/org/apache/httpcomponents/httpclient/4.5.2/httpclient-4.5.2.jar:/home/user/.m2/repository/org/apache/httpcomponents/httpcore/4.4.4/httpcore-4.4.4.jar:/home/user/.m2/repository/commons-codec/commons-codec/1.11/commons-codec-1.11.jar:/home/user/.m2/repository/commons-net/commons-net/3.6/commons-net-3.6.jar:/home/user/.m2/repository/commons-collections/commons-collections/3.2.2/commons-collections-3.2.2.jar:/home/user/.m2/repository/org/eclipse/jetty/jetty-servlet/9.3.24.v20180605/jetty-servlet-9.3.24.v20180605.jar:/home/user/.m2/repository/org/eclipse/jetty/jetty-security/9.3.24.v20180605/jetty-security-9.3.24.v20180605.jar:/home/user/.m2/repository/javax/servlet/jsp/jsp-api/2.1/jsp-api-2.1.jar:/home/user/.m2/repository/com/sun/jersey/jersey-servlet/1.19/jersey-servlet-1.19.jar:/home/user/.m2/repository/com/sun/jersey/jersey-json/1.19/jersey-json-1.19.jar:/home/user/.m2/repository/org/codehaus/jettison/jettison/1.1/jettison-1.1.jar:/home/user/.m2/repository/org/codehaus/jackson/jackson-core-asl/1.9.13/jackson-core-asl-1.9.13.jar:/home/user/.m2/repository/org/codehaus/jackson/jackson-mapper-asl/1.9.13/jackson-mapper-asl-1.9.13.jar:/home/user/.m2/repository/org/codehaus/jackson/jackson-jaxrs/1.9.13/jackson-jaxrs-1.9.13.jar:/home/user/.m2/repository/org/codehaus/jackson/jackson-xc/1.9.13/jackson-xc-1.9.13.jar:/home/user/.m2/repository/commons-logging/commons-logging/1.1.3/commons-logging-1.1.3.jar:/home/user/.m2/repository/commons-beanutils/commons-beanutils/1.9.3/commons-beanutils-1.9.3.jar:/home/user/.m2/repository/org/apache/commons/commons-configuration2/2.1.1/commons-configuration2-2.1.1.jar:/home/user/.m2/repository/org/apache/commons/commons-lang3/3.7/commons-lang3-3.7.jar:/home/user/.m2/repository/org/apache/commons/commons-text/1.4/commons-text-1.4.jar:/home/user/.m2/repository/org/apache/avro/avro/1.7.7/avro-1.7.7.jar:/home/user/.m2/repository/com/thoughtworks/paranamer/paranamer/2.3/paranamer-2.3.jar:/home/user/.m2/repository/org/xerial/snappy/snappy-java/1.0.5/snappy-java-1.0.5.jar:/home/user/.m2/repository/com/google/re2j/re2j/1.1/re2j-1.1.jar:/home/user/.m2/repository/com/google/code/gson/gson/2.2.4/gson-2.2.4.jar:/home/user/.m2/repository/com/jcraft/jsch/0.1.54/jsch-0.1.54.jar:/home/user/.m2/repository/org/apache/curator/curator-client/2.12.0/curator-client-2.12.0.jar:/home/user/.m2/repository/org/apache/curator/curator-recipes/2.12.0/curator-recipes-2.12.0.jar:/home/user/.m2/repository/com/google/code/findbugs/jsr305/3.0.0/jsr305-3.0.0.jar:/home/user/.m2/repository/org/apache/htrace/htrace-core4/4.1.0-incubating/htrace-core4-4.1.0-incubating.jar:/home/user/.m2/repository/org/apache/zookeeper/zookeeper/3.4.13/zookeeper-3.4.13.jar:/home/user/.m2/repository/org/apache/yetus/audience-annotations/0.5.0/audience-annotations-0.5.0.jar:/home/user/.m2/repository/org/codehaus/woodstox/stax2-api/3.1.4/stax2-api-3.1.4.jar:/home/user/.m2/repository/com/fasterxml/woodstox/woodstox-core/5.0.3/woodstox-core-5.0.3.jar:/home/user/.m2/repository/dnsjava/dnsjava/2.1.7/dnsjava-2.1.7.jar:/home/user/.m2/repository/org/apache/hadoop/hadoop-hdfs/3.2.0/hadoop-hdfs-3.2.0-tests.jar:/home/user/.m2/repository/org/eclipse/jetty/jetty-util-ajax/9.3.24.v20180605/jetty-util-ajax-9.3.24.v20180605.jar:/home/user/.m2/repository/commons-daemon/commons-daemon/1.0.13/commons-daemon-1.0.13.jar:/home/user/.m2/repository/io/netty/netty/3.10.5.Final/netty-3.10.5.Final.jar:/home/user/.m2/repository/io/netty/netty-all/4.0.52.Final/netty-all-4.0.52.Final.jar:/home/user/.m2/repository/org/fusesource/leveldbjni/leveldbjni-all/1.8/leveldbjni-all-1.8.jar:"/>
    <property name="sun.cpu.endian" value="little"/>
    <property name="user.home" value="/home/user"/>
    <property name="user.language" value="en"/>
    <property name="java.specification.vendor" value="Oracle Corporation"/>
    <property name="java.home" value="/usr/lib/jvm/java-1.8-openjdk/jre"/>
    <property name="java.security.krb5.conf" value="/workdir/hadoop-ozone/integration-test/target/test-classes/krb5.conf"/>
    <property name="basedir" value="/workdir/hadoop-ozone/integration-test"/>
    <property name="file.separator" value="/"/>
    <property name="line.separator" value="&#10;"/>
    <property name="java.vm.specification.vendor" value="Oracle Corporation"/>
    <property name="java.specification.name" value="Java Platform API Specification"/>
    <property name="java.awt.graphicsenv" value="sun.awt.X11GraphicsEnvironment"/>
    <property name="surefire.real.class.path" value="/workdir/hadoop-ozone/integration-test/target/surefire/surefirebooter7139796518403435730.jar"/>
    <property name="hadoop.log.dir" value="/workdir/hadoop-ozone/integration-test/target/log"/>
    <property name="sun.boot.class.path" value="/usr/lib/jvm/java-1.8-openjdk/jre/lib/resources.jar:/usr/lib/jvm/java-1.8-openjdk/jre/lib/rt.jar:/usr/lib/jvm/java-1.8-openjdk/jre/lib/sunrsasign.jar:/usr/lib/jvm/java-1.8-openjdk/jre/lib/jsse.jar:/usr/lib/jvm/java-1.8-openjdk/jre/lib/jce.jar:/usr/lib/jvm/java-1.8-openjdk/jre/lib/charsets.jar:/usr/lib/jvm/java-1.8-openjdk/jre/lib/jfr.jar:/usr/lib/jvm/java-1.8-openjdk/jre/classes"/>
    <property name="sun.management.compiler" value="HotSpot 64-Bit Tiered Compilers"/>
    <property name="java.runtime.version" value="1.8.0_212-b04"/>
    <property name="java.net.preferIPv4Stack" value="true"/>
    <property name="user.name" value="jenkins1000"/>
    <property name="path.separator" value=":"/>
    <property name="java.security.egd" value="file:///dev/urandom"/>
    <property name="os.version" value="3.10.0-957.12.2.el7.x86_64"/>
    <property name="java.endorsed.dirs" value="/usr/lib/jvm/java-1.8-openjdk/jre/lib/endorsed"/>
    <property name="java.runtime.name" value="OpenJDK Runtime Environment"/>
    <property name="file.encoding" value="UTF-8"/>
    <property name="java.vm.name" value="OpenJDK 64-Bit Server VM"/>
    <property name="test.build.webapps" value=""/>
    <property name="localRepository" value="/home/user/.m2/repository"/>
    <property name="java.vendor.url.bug" value="https://icedtea.classpath.org/bugzilla"/>
    <property name="java.io.tmpdir" value="/tmp"/>
    <property name="require.test.libhadoop" value=""/>
    <property name="java.version" value="1.8.0_212"/>
    <property name="user.dir" value="/workdir/hadoop-ozone/integration-test"/>
    <property name="os.arch" value="amd64"/>
    <property name="java.vm.specification.name" value="Java Virtual Machine Specification"/>
    <property name="test.build.classes" value="/workdir/hadoop-ozone/integration-test/target/test-classes"/>
    <property name="java.awt.printerjob" value="sun.print.PSPrinterJob"/>
    <property name="sun.os.patch.level" value="unknown"/>
    <property name="hadoop.tmp.dir" value="/workdir/hadoop-ozone/integration-test/target/tmp"/>
    <property name="java.library.path" value="/usr/lib/jvm/java-1.8-openjdk/jre/lib/amd64/server:/usr/lib/jvm/java-1.8-openjdk/jre/lib/amd64:/usr/lib/jvm/java-1.8-openjdk/jre/../lib/amd64:/workdir/hadoop-ozone/integration-test/target/native/target/usr/local/lib:/workdir/hadoop-ozone/integration-test/../../hadoop-common-project/hadoop-common/target/native/target/usr/local/lib:/usr/java/packages/lib/amd64:/usr/lib64:/lib64:/lib:/usr/lib"/>
    <property name="java.vm.info" value="mixed mode"/>
    <property name="java.vendor" value="IcedTea"/>
    <property name="java.vm.version" value="25.212-b04"/>
    <property name="java.ext.dirs" value="/usr/lib/jvm/java-1.8-openjdk/jre/lib/ext:/usr/java/packages/lib/ext"/>
    <property name="sun.io.unicode.encoding" value="UnicodeLittle"/>
    <property name="java.class.version" value="52.0"/>
  </properties>
  <testcase name="testWatchForCommitWithKeyWrite" classname="org.apache.hadoop.ozone.client.rpc.TestWatchForCommit" time="59.7"/>
  <testcase name="testWatchForCommitWithSmallerTimeoutValue" classname="org.apache.hadoop.ozone.client.rpc.TestWatchForCommit" time="48.903"/>
  <testcase name="testWatchForCommitForRetryfailure" classname="org.apache.hadoop.ozone.client.rpc.TestWatchForCommit" time="91.227"/>
  <testcase name="testWatchForCommitForGroupMismatchException" classname="org.apache.hadoop.ozone.client.rpc.TestWatchForCommit" time="26.581">
    <error message="org.apache.ratis.protocol.RaftRetryFailureException: Failed RaftClientRequest:client-726A961C7BE0-&gt;25fcce2d-b211-4470-848f-cc203df7fa47@group-161DFC9CA29B, cid=81, seq=1*, RW, org.apache.hadoop.hdds.scm.XceiverClientRatis$$Lambda$411/2051889196@2055f89c for 20 attempts with RetryLimited(maxAttempts=20, sleepTime=1000ms)" type="java.util.concurrent.ExecutionException">java.util.concurrent.ExecutionException: org.apache.ratis.protocol.RaftRetryFailureException: Failed RaftClientRequest:client-726A961C7BE0->25fcce2d-b211-4470-848f-cc203df7fa47@group-161DFC9CA29B, cid=81, seq=1*, RW, org.apache.hadoop.hdds.scm.XceiverClientRatis$$Lambda$411/2051889196@2055f89c for 20 attempts with RetryLimited(maxAttempts=20, sleepTime=1000ms)
	at java.util.concurrent.CompletableFuture.reportGet(CompletableFuture.java:357)
	at java.util.concurrent.CompletableFuture.get(CompletableFuture.java:1895)
	at org.apache.hadoop.ozone.client.rpc.TestWatchForCommit.testWatchForCommitForGroupMismatchException(TestWatchForCommit.java:432)
	at sun.reflect.NativeMethodAccessorImpl.invoke0(Native Method)
	at sun.reflect.NativeMethodAccessorImpl.invoke(NativeMethodAccessorImpl.java:62)
	at sun.reflect.DelegatingMethodAccessorImpl.invoke(DelegatingMethodAccessorImpl.java:43)
	at java.lang.reflect.Method.invoke(Method.java:498)
	at org.junit.runners.model.FrameworkMethod$1.runReflectiveCall(FrameworkMethod.java:47)
	at org.junit.internal.runners.model.ReflectiveCallable.run(ReflectiveCallable.java:12)
	at org.junit.runners.model.FrameworkMethod.invokeExplosively(FrameworkMethod.java:44)
	at org.junit.internal.runners.statements.InvokeMethod.evaluate(InvokeMethod.java:17)
	at org.junit.runners.ParentRunner.runLeaf(ParentRunner.java:271)
	at org.junit.runners.BlockJUnit4ClassRunner.runChild(BlockJUnit4ClassRunner.java:70)
	at org.junit.runners.BlockJUnit4ClassRunner.runChild(BlockJUnit4ClassRunner.java:50)
	at org.junit.runners.ParentRunner$3.run(ParentRunner.java:238)
	at org.junit.runners.ParentRunner$1.schedule(ParentRunner.java:63)
	at org.junit.runners.ParentRunner.runChildren(ParentRunner.java:236)
	at org.junit.runners.ParentRunner.access$000(ParentRunner.java:53)
	at org.junit.runners.ParentRunner$2.evaluate(ParentRunner.java:229)
	at org.junit.runners.ParentRunner.run(ParentRunner.java:309)
	at org.apache.maven.surefire.junit4.JUnit4Provider.execute(JUnit4Provider.java:365)
	at org.apache.maven.surefire.junit4.JUnit4Provider.executeWithRerun(JUnit4Provider.java:273)
	at org.apache.maven.surefire.junit4.JUnit4Provider.executeTestSet(JUnit4Provider.java:238)
	at org.apache.maven.surefire.junit4.JUnit4Provider.invoke(JUnit4Provider.java:159)
	at org.apache.maven.surefire.booter.ForkedBooter.invokeProviderInSameClassLoader(ForkedBooter.java:384)
	at org.apache.maven.surefire.booter.ForkedBooter.runSuitesInProcess(ForkedBooter.java:345)
	at org.apache.maven.surefire.booter.ForkedBooter.execute(ForkedBooter.java:126)
	at org.apache.maven.surefire.booter.ForkedBooter.main(ForkedBooter.java:418)
Caused by: org.apache.ratis.protocol.RaftRetryFailureException: Failed RaftClientRequest:client-726A961C7BE0->25fcce2d-b211-4470-848f-cc203df7fa47@group-161DFC9CA29B, cid=81, seq=1*, RW, org.apache.hadoop.hdds.scm.XceiverClientRatis$$Lambda$411/2051889196@2055f89c for 20 attempts with RetryLimited(maxAttempts=20, sleepTime=1000ms)
	at org.apache.ratis.client.impl.RaftClientImpl.noMoreRetries(RaftClientImpl.java:271)
	at org.apache.ratis.client.impl.OrderedAsync.handleAsyncRetryFailure(OrderedAsync.java:138)
	at org.apache.ratis.client.impl.OrderedAsync.lambda$sendRequest$10(OrderedAsync.java:230)
	at java.util.concurrent.CompletableFuture.uniExceptionally(CompletableFuture.java:870)
	at java.util.concurrent.CompletableFuture$UniExceptionally.tryFire(CompletableFuture.java:852)
	at java.util.concurrent.CompletableFuture.postComplete(CompletableFuture.java:474)
	at java.util.concurrent.CompletableFuture.completeExceptionally(CompletableFuture.java:1977)
	at org.apache.ratis.grpc.client.GrpcClientProtocolClient$AsyncStreamObservers.completeReplyExceptionally(GrpcClientProtocolClient.java:339)
	at org.apache.ratis.grpc.client.GrpcClientProtocolClient$AsyncStreamObservers.access$000(GrpcClientProtocolClient.java:255)
	at org.apache.ratis.grpc.client.GrpcClientProtocolClient$AsyncStreamObservers$1.onNext(GrpcClientProtocolClient.java:267)
	at org.apache.ratis.grpc.client.GrpcClientProtocolClient$AsyncStreamObservers$1.onNext(GrpcClientProtocolClient.java:258)
	at org.apache.ratis.thirdparty.io.grpc.stub.ClientCalls$StreamObserverToCallListenerAdapter.onMessage(ClientCalls.java:421)
	at org.apache.ratis.thirdparty.io.grpc.ForwardingClientCallListener.onMessage(ForwardingClientCallListener.java:33)
	at org.apache.ratis.thirdparty.io.grpc.ForwardingClientCallListener.onMessage(ForwardingClientCallListener.java:33)
	at org.apache.ratis.thirdparty.io.grpc.internal.ClientCallImpl$ClientStreamListenerImpl$1MessagesAvailable.runInContext(ClientCallImpl.java:519)
	at org.apache.ratis.thirdparty.io.grpc.internal.ContextRunnable.run(ContextRunnable.java:37)
	at org.apache.ratis.thirdparty.io.grpc.internal.SerializingExecutor.run(SerializingExecutor.java:123)
	at java.util.concurrent.ThreadPoolExecutor.runWorker(ThreadPoolExecutor.java:1149)
	at java.util.concurrent.ThreadPoolExecutor$Worker.run(ThreadPoolExecutor.java:624)
	at java.lang.Thread.run(Thread.java:748)
Caused by: org.apache.ratis.protocol.NotLeaderException: Server 25fcce2d-b211-4470-848f-cc203df7fa47@group-161DFC9CA29B is not the leader 59e26ea6-1ca6-4790-a671-9b2bff083d73:192.168.34.50:43404
	at org.apache.ratis.client.impl.ClientProtoUtils.toRaftClientReply(ClientProtoUtils.java:243)
	at org.apache.ratis.grpc.client.GrpcClientProtocolClient$AsyncStreamObservers$1.onNext(GrpcClientProtocolClient.java:263)
	... 10 more
</error>
    <system-out><![CDATA[2019-09-18 09:57:56,727 [main] WARN  server.ServerUtils (ServerUtils.java:getScmDbDir(145)) - ozone.scm.db.dirs is not configured. We recommend adding this setting. Falling back to ozone.metadata.dirs instead.
2019-09-18 09:57:56,757 [main] WARN  server.ServerUtils (ServerUtils.java:getScmDbDir(145)) - ozone.scm.db.dirs is not configured. We recommend adding this setting. Falling back to ozone.metadata.dirs instead.
2019-09-18 09:57:56,757 [main] WARN  server.ServerUtils (ServerUtils.java:getScmDbDir(145)) - ozone.scm.db.dirs is not configured. We recommend adding this setting. Falling back to ozone.metadata.dirs instead.
2019-09-18 09:57:56,758 [main] INFO  db.DBStoreBuilder (DBStoreBuilder.java:addTable(110)) - using custom profile for table: deletedBlocks
2019-09-18 09:57:56,758 [main] INFO  db.DBStoreBuilder (DBStoreBuilder.java:processTables(161)) - Using default column profile:DBProfile.DISK for Table:deletedBlocks
2019-09-18 09:57:56,758 [main] INFO  db.DBStoreBuilder (DBStoreBuilder.java:addTable(110)) - using custom profile for table: validCerts
2019-09-18 09:57:56,759 [main] INFO  db.DBStoreBuilder (DBStoreBuilder.java:processTables(161)) - Using default column profile:DBProfile.DISK for Table:validCerts
2019-09-18 09:57:56,759 [main] INFO  db.DBStoreBuilder (DBStoreBuilder.java:addTable(110)) - using custom profile for table: revokedCerts
2019-09-18 09:57:56,759 [main] INFO  db.DBStoreBuilder (DBStoreBuilder.java:processTables(161)) - Using default column profile:DBProfile.DISK for Table:revokedCerts
2019-09-18 09:57:56,760 [main] INFO  db.DBStoreBuilder (DBStoreBuilder.java:addTable(110)) - using custom profile for table: default
2019-09-18 09:57:56,760 [main] INFO  db.DBStoreBuilder (DBStoreBuilder.java:processTables(167)) - Using default column profile:DBProfile.DISK for Table:default
2019-09-18 09:57:56,760 [main] INFO  db.DBStoreBuilder (DBStoreBuilder.java:getDbProfile(198)) - Using default options. DBProfile.DISK
2019-09-18 09:57:56,916 [main] INFO  net.NodeSchemaLoader (NodeSchemaLoader.java:loadSchemaFromFile(125)) - Loading file from sun.misc.CompoundEnumeration@3f8dfe74
2019-09-18 09:57:56,916 [main] INFO  net.NodeSchemaLoader (NodeSchemaLoader.java:loadSchema(171)) - Loading network topology layer schema file
2019-09-18 09:57:56,922 [main] INFO  node.SCMNodeManager (SCMNodeManager.java:<init>(114)) - Entering startup safe mode.
2019-09-18 09:57:56,923 [main] INFO  algorithms.ContainerPlacementPolicyFactory (ContainerPlacementPolicyFactory.java:getPolicy(57)) - Create container placement policy of type org.apache.hadoop.hdds.scm.container.placement.algorithms.SCMContainerPlacementRandom
2019-09-18 09:57:56,924 [main] WARN  server.ServerUtils (ServerUtils.java:getScmDbDir(145)) - ozone.scm.db.dirs is not configured. We recommend adding this setting. Falling back to ozone.metadata.dirs instead.
2019-09-18 09:57:56,971 [main] INFO  pipeline.SCMPipelineManager (SCMPipelineManager.java:initializePipelineState(128)) - No pipeline exists in current db
2019-09-18 09:57:56,971 [main] WARN  server.ServerUtils (ServerUtils.java:getScmDbDir(145)) - ozone.scm.db.dirs is not configured. We recommend adding this setting. Falling back to ozone.metadata.dirs instead.
2019-09-18 09:57:57,039 [main] WARN  events.EventQueue (EventQueue.java:fireEvent(183)) - No event handler registered for event TypedEvent{payloadType=SafeModeStatus, name='SafeModeStatus'}
2019-09-18 09:57:57,041 [main] INFO  ipc.CallQueueManager (CallQueueManager.java:<init>(84)) - Using callQueue: class java.util.concurrent.LinkedBlockingQueue, queueCapacity: 2000, scheduler: class org.apache.hadoop.ipc.DefaultRpcScheduler, ipcBackoff: false.
2019-09-18 09:57:57,042 [Socket Reader #1 for port 40488] INFO  ipc.Server (Server.java:run(1074)) - Starting Socket Reader #1 for port 40488
2019-09-18 09:57:57,045 [main] INFO  ipc.CallQueueManager (CallQueueManager.java:<init>(84)) - Using callQueue: class java.util.concurrent.LinkedBlockingQueue, queueCapacity: 2000, scheduler: class org.apache.hadoop.ipc.DefaultRpcScheduler, ipcBackoff: false.
2019-09-18 09:57:57,047 [Socket Reader #1 for port 34966] INFO  ipc.Server (Server.java:run(1074)) - Starting Socket Reader #1 for port 34966
2019-09-18 09:57:57,048 [main] INFO  ipc.CallQueueManager (CallQueueManager.java:<init>(84)) - Using callQueue: class java.util.concurrent.LinkedBlockingQueue, queueCapacity: 2000, scheduler: class org.apache.hadoop.ipc.DefaultRpcScheduler, ipcBackoff: false.
2019-09-18 09:57:57,050 [Socket Reader #1 for port 45258] INFO  ipc.Server (Server.java:run(1074)) - Starting Socket Reader #1 for port 45258
2019-09-18 09:57:57,053 [main] INFO  hdfs.DFSUtil (DFSUtil.java:httpServerTemplateForNNAndJN(1641)) - Starting Web-server for scm at: http://0.0.0.0:0
2019-09-18 09:57:57,055 [main] INFO  server.AuthenticationFilter (AuthenticationFilter.java:constructSecretProvider(240)) - Unable to initialize FileSignerSecretProvider, falling back to use random secrets.
2019-09-18 09:57:57,056 [main] WARN  http.HttpRequestLog (HttpRequestLog.java:getRequestLog(97)) - Jetty request log can only be enabled using Log4j
2019-09-18 09:57:57,059 [main] INFO  http.HttpServer2 (HttpServer2.java:addGlobalFilter(975)) - Added global filter 'safety' (class=org.apache.hadoop.http.HttpServer2$QuotingInputFilter)
2019-09-18 09:57:57,060 [main] INFO  http.HttpServer2 (HttpServer2.java:addFilter(948)) - Added filter static_user_filter (class=org.apache.hadoop.http.lib.StaticUserWebFilter$StaticUserFilter) to context scm
2019-09-18 09:57:57,060 [main] INFO  http.HttpServer2 (HttpServer2.java:addFilter(958)) - Added filter static_user_filter (class=org.apache.hadoop.http.lib.StaticUserWebFilter$StaticUserFilter) to context static
2019-09-18 09:57:57,061 [main] INFO  http.HttpServer2 (HttpServer2.java:addFilter(958)) - Added filter static_user_filter (class=org.apache.hadoop.http.lib.StaticUserWebFilter$StaticUserFilter) to context logs
2019-09-18 09:57:57,064 [main] INFO  server.StorageContainerManager (StorageContainerManager.java:start(763)) - StorageContainerLocationProtocol RPC server is listening at /0.0.0.0:45258
2019-09-18 09:57:57,067 [main] WARN  impl.MetricsConfig (MetricsConfig.java:loadFirst(134)) - Cannot locate configuration: tried hadoop-metrics2-storagecontainermanager.properties,hadoop-metrics2.properties
2019-09-18 09:57:57,071 [main] INFO  impl.MetricsSystemImpl (MetricsSystemImpl.java:startTimer(374)) - Scheduled Metric snapshot period at 10 second(s).
2019-09-18 09:57:57,071 [main] INFO  impl.MetricsSystemImpl (MetricsSystemImpl.java:start(191)) - StorageContainerManager metrics system started
2019-09-18 09:57:57,139 [main] WARN  impl.MetricsSystemImpl (MetricsSystemImpl.java:register(276)) - Sink prometheus already exists!
2019-09-18 09:57:57,203 [main] INFO  server.SCMClientProtocolServer (SCMClientProtocolServer.java:start(151)) - RPC server for Client  is listening at /0.0.0.0:45258
2019-09-18 09:57:57,204 [IPC Server Responder] INFO  ipc.Server (Server.java:run(1314)) - IPC Server Responder: starting
2019-09-18 09:57:57,204 [IPC Server listener on 45258] INFO  ipc.Server (Server.java:run(1153)) - IPC Server listener on 45258: starting
2019-09-18 09:57:57,208 [main] INFO  server.StorageContainerManager (StorageContainerManager.java:start(773)) - ScmBlockLocationProtocol RPC server is listening at /0.0.0.0:34966
2019-09-18 09:57:57,209 [main] INFO  server.SCMBlockProtocolServer (SCMBlockProtocolServer.java:start(146)) - RPC server for Block Protocol is listening at /0.0.0.0:34966
2019-09-18 09:57:57,209 [IPC Server Responder] INFO  ipc.Server (Server.java:run(1314)) - IPC Server Responder: starting
2019-09-18 09:57:57,209 [IPC Server listener on 34966] INFO  ipc.Server (Server.java:run(1153)) - IPC Server listener on 34966: starting
2019-09-18 09:57:57,214 [main] INFO  server.StorageContainerManager (StorageContainerManager.java:start(777)) - ScmDatanodeProtocl RPC server is listening at /0.0.0.0:40488
2019-09-18 09:57:57,214 [main] INFO  server.SCMDatanodeProtocolServer (SCMDatanodeProtocolServer.java:start(191)) - RPC server for DataNodes is listening at /0.0.0.0:40488
2019-09-18 09:57:57,214 [IPC Server Responder] INFO  ipc.Server (Server.java:run(1314)) - IPC Server Responder: starting
2019-09-18 09:57:57,214 [IPC Server listener on 40488] INFO  ipc.Server (Server.java:run(1153)) - IPC Server listener on 40488: starting
2019-09-18 09:57:57,219 [main] INFO  http.HttpServer2 (HttpServer2.java:bindListener(1191)) - Jetty bound to port 43814
2019-09-18 09:57:57,219 [main] INFO  server.Server (Server.java:doStart(351)) - jetty-9.3.24.v20180605, build timestamp: 2018-06-05T17:11:56Z, git hash: 84205aa28f11a4f31f2a3b86d1bba2cc8ab69827
2019-09-18 09:57:57,221 [main] INFO  handler.ContextHandler (ContextHandler.java:doStart(781)) - Started o.e.j.s.ServletContextHandler@d325518{/logs,file:///workdir/hadoop-ozone/integration-test/target/log,AVAILABLE}
2019-09-18 09:57:57,222 [main] INFO  handler.ContextHandler (ContextHandler.java:doStart(781)) - Started o.e.j.s.ServletContextHandler@2233cac0{/static,file:///workdir/hadoop-ozone/integration-test/target/test-classes/webapps/static,AVAILABLE}
2019-09-18 09:57:57,683 [main] INFO  handler.ContextHandler (ContextHandler.java:doStart(781)) - Started o.e.j.w.WebAppContext@171dc7c3{/,file:///workdir/hadoop-ozone/integration-test/target/test-classes/webapps/scm/,AVAILABLE}{/scm}
2019-09-18 09:57:57,684 [main] INFO  server.AbstractConnector (AbstractConnector.java:doStart(278)) - Started ServerConnector@72b0a004{HTTP/1.1,[http/1.1]}{0.0.0.0:43814}
2019-09-18 09:57:57,685 [main] INFO  server.Server (Server.java:doStart(419)) - Started @201229ms
2019-09-18 09:57:57,686 [main] WARN  impl.MetricsSystemImpl (MetricsSystemImpl.java:register(276)) - Sink prometheus already exists!
2019-09-18 09:57:57,687 [main] INFO  server.BaseHttpServer (BaseHttpServer.java:updateConnectorAddress(215)) - HTTP server of SCM is listening at http://0.0.0.0:43814
2019-09-18 09:57:57,688 [main] WARN  server.ServerUtils (ServerUtils.java:getDBPath(222)) - ozone.om.db.dirs is not configured. We recommend adding this setting. Falling back to ozone.metadata.dirs instead.
2019-09-18 09:57:57,689 [org.apache.hadoop.util.JvmPauseMonitor$Monitor@2c1f8dbd] INFO  util.JvmPauseMonitor (JvmPauseMonitor.java:run(188)) - Starting JVM pause monitor
2019-09-18 09:57:57,698 [main] WARN  server.ServerUtils (ServerUtils.java:getDBPath(222)) - ozone.om.db.dirs is not configured. We recommend adding this setting. Falling back to ozone.metadata.dirs instead.
2019-09-18 09:57:57,698 [main] WARN  server.ServerUtils (ServerUtils.java:getDBPath(222)) - ozone.om.db.dirs is not configured. We recommend adding this setting. Falling back to ozone.metadata.dirs instead.
2019-09-18 09:57:57,698 [main] INFO  om.OzoneManager (OzoneManager.java:setOMNodeDetails(649)) - OM Service ID is not set. Setting it to the default ID: omServiceIdDefault
2019-09-18 09:57:57,698 [main] INFO  om.OzoneManager (OzoneManager.java:setOMNodeDetails(655)) - OM Node ID is not set. Setting it to the OmStorage's OmID: be1dada3-6aab-461d-ae7f-623d5b8cbb2d
2019-09-18 09:57:57,699 [main] INFO  om.OzoneManager (OzoneManager.java:loadOMHAConfigs(606)) - Found matching OM address with OMServiceId: null, OMNodeId: null, RPC Address: localhost:0 and Ratis port: 9872
2019-09-18 09:57:57,707 [main] WARN  server.ServerUtils (ServerUtils.java:getDBPath(222)) - ozone.om.db.dirs is not configured. We recommend adding this setting. Falling back to ozone.metadata.dirs instead.
2019-09-18 09:57:57,708 [main] INFO  db.DBStoreBuilder (DBStoreBuilder.java:addTable(110)) - using custom profile for table: userTable
2019-09-18 09:57:57,708 [main] INFO  db.DBStoreBuilder (DBStoreBuilder.java:processTables(161)) - Using default column profile:DBProfile.DISK for Table:userTable
2019-09-18 09:57:57,708 [main] INFO  db.DBStoreBuilder (DBStoreBuilder.java:addTable(110)) - using custom profile for table: volumeTable
2019-09-18 09:57:57,708 [main] INFO  db.DBStoreBuilder (DBStoreBuilder.java:processTables(161)) - Using default column profile:DBProfile.DISK for Table:volumeTable
2019-09-18 09:57:57,709 [main] INFO  db.DBStoreBuilder (DBStoreBuilder.java:addTable(110)) - using custom profile for table: bucketTable
2019-09-18 09:57:57,709 [main] INFO  db.DBStoreBuilder (DBStoreBuilder.java:processTables(161)) - Using default column profile:DBProfile.DISK for Table:bucketTable
2019-09-18 09:57:57,709 [main] INFO  db.DBStoreBuilder (DBStoreBuilder.java:addTable(110)) - using custom profile for table: keyTable
2019-09-18 09:57:57,709 [main] INFO  db.DBStoreBuilder (DBStoreBuilder.java:processTables(161)) - Using default column profile:DBProfile.DISK for Table:keyTable
2019-09-18 09:57:57,709 [main] INFO  db.DBStoreBuilder (DBStoreBuilder.java:addTable(110)) - using custom profile for table: deletedTable
2019-09-18 09:57:57,709 [main] INFO  db.DBStoreBuilder (DBStoreBuilder.java:processTables(161)) - Using default column profile:DBProfile.DISK for Table:deletedTable
2019-09-18 09:57:57,710 [main] INFO  db.DBStoreBuilder (DBStoreBuilder.java:addTable(110)) - using custom profile for table: openKeyTable
2019-09-18 09:57:57,710 [main] INFO  db.DBStoreBuilder (DBStoreBuilder.java:processTables(161)) - Using default column profile:DBProfile.DISK for Table:openKeyTable
2019-09-18 09:57:57,710 [main] INFO  db.DBStoreBuilder (DBStoreBuilder.java:addTable(110)) - using custom profile for table: s3Table
2019-09-18 09:57:57,710 [main] INFO  db.DBStoreBuilder (DBStoreBuilder.java:processTables(161)) - Using default column profile:DBProfile.DISK for Table:s3Table
2019-09-18 09:57:57,710 [main] INFO  db.DBStoreBuilder (DBStoreBuilder.java:addTable(110)) - using custom profile for table: multipartInfoTable
2019-09-18 09:57:57,710 [main] INFO  db.DBStoreBuilder (DBStoreBuilder.java:processTables(161)) - Using default column profile:DBProfile.DISK for Table:multipartInfoTable
2019-09-18 09:57:57,711 [main] INFO  db.DBStoreBuilder (DBStoreBuilder.java:addTable(110)) - using custom profile for table: dTokenTable
2019-09-18 09:57:57,711 [main] INFO  db.DBStoreBuilder (DBStoreBuilder.java:processTables(161)) - Using default column profile:DBProfile.DISK for Table:dTokenTable
2019-09-18 09:57:57,711 [main] INFO  db.DBStoreBuilder (DBStoreBuilder.java:addTable(110)) - using custom profile for table: s3SecretTable
2019-09-18 09:57:57,711 [main] INFO  db.DBStoreBuilder (DBStoreBuilder.java:processTables(161)) - Using default column profile:DBProfile.DISK for Table:s3SecretTable
2019-09-18 09:57:57,711 [main] INFO  db.DBStoreBuilder (DBStoreBuilder.java:addTable(110)) - using custom profile for table: prefixTable
2019-09-18 09:57:57,712 [main] INFO  db.DBStoreBuilder (DBStoreBuilder.java:processTables(161)) - Using default column profile:DBProfile.DISK for Table:prefixTable
2019-09-18 09:57:57,712 [main] INFO  db.DBStoreBuilder (DBStoreBuilder.java:addTable(110)) - using custom profile for table: default
2019-09-18 09:57:57,712 [main] INFO  db.DBStoreBuilder (DBStoreBuilder.java:processTables(167)) - Using default column profile:DBProfile.DISK for Table:default
2019-09-18 09:57:57,712 [main] INFO  db.DBStoreBuilder (DBStoreBuilder.java:getDbProfile(198)) - Using default options. DBProfile.DISK
2019-09-18 09:57:58,222 [main] INFO  ipc.CallQueueManager (CallQueueManager.java:<init>(84)) - Using callQueue: class java.util.concurrent.LinkedBlockingQueue, queueCapacity: 2000, scheduler: class org.apache.hadoop.ipc.DefaultRpcScheduler, ipcBackoff: false.
2019-09-18 09:57:58,223 [Socket Reader #1 for port 35351] INFO  ipc.Server (Server.java:run(1074)) - Starting Socket Reader #1 for port 35351
2019-09-18 09:57:58,236 [main] INFO  om.OzoneManager (OzoneManager.java:start(1240)) - OzoneManager RPC server is listening at localhost/127.0.0.1:35351
2019-09-18 09:57:58,236 [main] INFO  impl.MetricsSystemImpl (MetricsSystemImpl.java:init(158)) - OzoneManager metrics system started (again)
2019-09-18 09:57:58,236 [IPC Server Responder] INFO  ipc.Server (Server.java:run(1314)) - IPC Server Responder: starting
2019-09-18 09:57:58,237 [IPC Server listener on 35351] INFO  ipc.Server (Server.java:run(1153)) - IPC Server listener on 35351: starting
2019-09-18 09:57:58,242 [main] INFO  hdfs.DFSUtil (DFSUtil.java:httpServerTemplateForNNAndJN(1641)) - Starting Web-server for ozoneManager at: http://0.0.0.0:0
2019-09-18 09:57:58,243 [main] INFO  server.AuthenticationFilter (AuthenticationFilter.java:constructSecretProvider(240)) - Unable to initialize FileSignerSecretProvider, falling back to use random secrets.
2019-09-18 09:57:58,244 [main] WARN  http.HttpRequestLog (HttpRequestLog.java:getRequestLog(97)) - Jetty request log can only be enabled using Log4j
2019-09-18 09:57:58,246 [main] INFO  http.HttpServer2 (HttpServer2.java:addGlobalFilter(975)) - Added global filter 'safety' (class=org.apache.hadoop.http.HttpServer2$QuotingInputFilter)
2019-09-18 09:57:58,247 [main] INFO  http.HttpServer2 (HttpServer2.java:addFilter(948)) - Added filter static_user_filter (class=org.apache.hadoop.http.lib.StaticUserWebFilter$StaticUserFilter) to context ozoneManager
2019-09-18 09:57:58,247 [main] INFO  http.HttpServer2 (HttpServer2.java:addFilter(958)) - Added filter static_user_filter (class=org.apache.hadoop.http.lib.StaticUserWebFilter$StaticUserFilter) to context static
2019-09-18 09:57:58,247 [main] INFO  http.HttpServer2 (HttpServer2.java:addFilter(958)) - Added filter static_user_filter (class=org.apache.hadoop.http.lib.StaticUserWebFilter$StaticUserFilter) to context logs
2019-09-18 09:57:58,248 [main] INFO  http.HttpServer2 (HttpServer2.java:bindListener(1191)) - Jetty bound to port 32773
2019-09-18 09:57:58,248 [main] INFO  server.Server (Server.java:doStart(351)) - jetty-9.3.24.v20180605, build timestamp: 2018-06-05T17:11:56Z, git hash: 84205aa28f11a4f31f2a3b86d1bba2cc8ab69827
2019-09-18 09:57:58,250 [main] INFO  handler.ContextHandler (ContextHandler.java:doStart(781)) - Started o.e.j.s.ServletContextHandler@7455dacb{/logs,file:///workdir/hadoop-ozone/integration-test/target/log,AVAILABLE}
2019-09-18 09:57:58,250 [main] INFO  handler.ContextHandler (ContextHandler.java:doStart(781)) - Started o.e.j.s.ServletContextHandler@1d15c0a1{/static,file:///workdir/hadoop-ozone/integration-test/target/test-classes/webapps/static,AVAILABLE}
2019-09-18 09:57:58,254 [main] INFO  handler.ContextHandler (ContextHandler.java:doStart(781)) - Started o.e.j.w.WebAppContext@188a5fc2{/,file:///workdir/hadoop-ozone/integration-test/target/test-classes/webapps/ozoneManager/,AVAILABLE}{/ozoneManager}
2019-09-18 09:57:58,255 [main] INFO  server.AbstractConnector (AbstractConnector.java:doStart(278)) - Started ServerConnector@1cb9ef52{HTTP/1.1,[http/1.1]}{0.0.0.0:32773}
2019-09-18 09:57:58,256 [main] INFO  server.Server (Server.java:doStart(419)) - Started @201799ms
2019-09-18 09:57:58,256 [main] WARN  impl.MetricsSystemImpl (MetricsSystemImpl.java:register(276)) - Sink prometheus already exists!
2019-09-18 09:57:58,257 [main] INFO  server.BaseHttpServer (BaseHttpServer.java:updateConnectorAddress(215)) - HTTP server of OZONEMANAGER is listening at http://0.0.0.0:32773
2019-09-18 09:57:58,272 [main] INFO  impl.MetricsSystemImpl (MetricsSystemImpl.java:init(158)) - HddsDatanode metrics system started (again)
2019-09-18 09:57:58,275 [main] INFO  ozone.HddsDatanodeService (HddsDatanodeService.java:start(184)) - HddsDatanodeService host:pr-hdds-2141-pjvt9-4098185234 ip:192.168.34.50
2019-09-18 09:57:58,281 [main] INFO  volume.HddsVolume (HddsVolume.java:<init>(176)) - Creating Volume: /workdir/hadoop-ozone/integration-test/target/test-dir/MiniOzoneClusterImpl-29f84033-bd2d-4869-8500-f34df785535c/datanode-0/data/containers/hdds of  storage type : DISK and capacity : 1482555576320
2019-09-18 09:57:58,281 [main] INFO  volume.VolumeSet (VolumeSet.java:initializeVolumeSet(170)) - Added Volume : /workdir/hadoop-ozone/integration-test/target/test-dir/MiniOzoneClusterImpl-29f84033-bd2d-4869-8500-f34df785535c/datanode-0/data/containers/hdds to VolumeSet
2019-09-18 09:57:58,281 [main] INFO  volume.ThrottledAsyncChecker (ThrottledAsyncChecker.java:schedule(139)) - Scheduling a check for org.apache.hadoop.ozone.container.common.volume.HddsVolume@db99785
2019-09-18 09:57:58,283 [main] INFO  volume.HddsVolumeChecker (HddsVolumeChecker.java:checkAllVolumes(202)) - Scheduled health check for volume org.apache.hadoop.ozone.container.common.volume.HddsVolume@db99785
2019-09-18 09:57:58,296 [main] INFO  impl.RaftServerProxy (ConfUtils.java:logGet(43)) - raft.rpc.type = GRPC (default)
2019-09-18 09:57:58,296 [main] INFO  grpc.GrpcFactory (GrpcFactory.java:checkPooledByteBufAllocatorUseCacheForAllThreads(45)) - PERFORMANCE WARNING: useCacheForAllThreads is true that may cause Netty to create a lot garbage objects and, as a result, trigger GC.
	It is recommended to disable useCacheForAllThreads by setting -Dorg.apache.ratis.thirdparty.io.netty.allocator.useCacheForAllThreads=false in command line.
2019-09-18 09:57:58,296 [main] INFO  grpc.GrpcConfigKeys$Server (ConfUtils.java:logGet(43)) - raft.grpc.server.port = 0 (default)
2019-09-18 09:57:58,296 [main] INFO  server.GrpcService (ConfUtils.java:logGet(43)) - raft.grpc.message.size.max = 33570816 (custom)
2019-09-18 09:57:58,297 [main] INFO  server.RaftServerConfigKeys (ConfUtils.java:logGet(43)) - raft.server.log.appender.buffer.byte-limit = 33554432 (custom)
2019-09-18 09:57:58,297 [main] INFO  server.GrpcService (ConfUtils.java:logGet(43)) - raft.grpc.flow.control.window = 1MB (=1048576) (default)
2019-09-18 09:57:58,297 [main] INFO  server.RaftServerConfigKeys (ConfUtils.java:logGet(43)) - raft.server.rpc.request.timeout = 3000ms (default)
2019-09-18 09:57:58,298 [main] INFO  server.RaftServerConfigKeys (ConfUtils.java:logGet(43)) - raft.server.storage.dir = [/workdir/hadoop-ozone/integration-test/target/test-dir/MiniOzoneClusterImpl-29f84033-bd2d-4869-8500-f34df785535c/datanode-0/data/ratis] (custom)
2019-09-18 09:57:58,300 [main] INFO  hdfs.DFSUtil (DFSUtil.java:httpServerTemplateForNNAndJN(1641)) - Starting Web-server for hddsDatanode at: http://0.0.0.0:0
2019-09-18 09:57:58,301 [main] INFO  server.AuthenticationFilter (AuthenticationFilter.java:constructSecretProvider(240)) - Unable to initialize FileSignerSecretProvider, falling back to use random secrets.
2019-09-18 09:57:58,301 [main] WARN  http.HttpRequestLog (HttpRequestLog.java:getRequestLog(97)) - Jetty request log can only be enabled using Log4j
2019-09-18 09:57:58,302 [main] INFO  http.HttpServer2 (HttpServer2.java:addGlobalFilter(975)) - Added global filter 'safety' (class=org.apache.hadoop.http.HttpServer2$QuotingInputFilter)
2019-09-18 09:57:58,303 [main] INFO  http.HttpServer2 (HttpServer2.java:addFilter(948)) - Added filter static_user_filter (class=org.apache.hadoop.http.lib.StaticUserWebFilter$StaticUserFilter) to context hddsDatanode
2019-09-18 09:57:58,303 [main] INFO  http.HttpServer2 (HttpServer2.java:addFilter(958)) - Added filter static_user_filter (class=org.apache.hadoop.http.lib.StaticUserWebFilter$StaticUserFilter) to context logs
2019-09-18 09:57:58,303 [main] INFO  http.HttpServer2 (HttpServer2.java:addFilter(958)) - Added filter static_user_filter (class=org.apache.hadoop.http.lib.StaticUserWebFilter$StaticUserFilter) to context static
2019-09-18 09:57:58,304 [main] INFO  http.HttpServer2 (HttpServer2.java:bindListener(1191)) - Jetty bound to port 33090
2019-09-18 09:57:58,304 [main] INFO  server.Server (Server.java:doStart(351)) - jetty-9.3.24.v20180605, build timestamp: 2018-06-05T17:11:56Z, git hash: 84205aa28f11a4f31f2a3b86d1bba2cc8ab69827
2019-09-18 09:57:58,306 [main] INFO  handler.ContextHandler (ContextHandler.java:doStart(781)) - Started o.e.j.s.ServletContextHandler@364b1061{/logs,file:///workdir/hadoop-ozone/integration-test/target/log,AVAILABLE}
2019-09-18 09:57:58,306 [main] INFO  handler.ContextHandler (ContextHandler.java:doStart(781)) - Started o.e.j.s.ServletContextHandler@172f4514{/static,jar:file:/home/user/.m2/repository/org/apache/hadoop/hadoop-hdds-container-service/0.5.0-SNAPSHOT/hadoop-hdds-container-service-0.5.0-SNAPSHOT.jar!/webapps/static,AVAILABLE}
2019-09-18 09:57:58,335 [main] INFO  handler.ContextHandler (ContextHandler.java:doStart(781)) - Started o.e.j.w.WebAppContext@69c532af{/,file:///tmp/jetty-0.0.0.0-33090-hddsDatanode-_-any-1304465103927788457.dir/webapp/,AVAILABLE}{/hddsDatanode}
2019-09-18 09:57:58,335 [main] INFO  server.AbstractConnector (AbstractConnector.java:doStart(278)) - Started ServerConnector@45a1d057{HTTP/1.1,[http/1.1]}{0.0.0.0:33090}
2019-09-18 09:57:58,336 [main] INFO  server.Server (Server.java:doStart(419)) - Started @201880ms
2019-09-18 09:57:58,337 [main] WARN  impl.MetricsSystemImpl (MetricsSystemImpl.java:register(276)) - Sink prometheus already exists!
2019-09-18 09:57:58,338 [main] INFO  server.BaseHttpServer (BaseHttpServer.java:updateConnectorAddress(215)) - HTTP server of HDDSDATANODE is listening at http://0.0.0.0:33090
2019-09-18 09:57:58,338 [main] INFO  impl.MetricsSystemImpl (MetricsSystemImpl.java:init(158)) - HddsDatanode metrics system started (again)
2019-09-18 09:57:58,342 [org.apache.hadoop.util.JvmPauseMonitor$Monitor@33855312] INFO  util.JvmPauseMonitor (JvmPauseMonitor.java:run(188)) - Starting JVM pause monitor
2019-09-18 09:57:58,344 [main] INFO  ozone.HddsDatanodeService (HddsDatanodeService.java:start(184)) - HddsDatanodeService host:pr-hdds-2141-pjvt9-4098185234 ip:192.168.34.50
2019-09-18 09:57:58,345 [Datanode State Machine Thread - 0] INFO  datanode.InitDatanodeState (InitDatanodeState.java:persistContainerDatanodeDetails(140)) - DatanodeDetails is persisted to /workdir/hadoop-ozone/integration-test/target/test-dir/MiniOzoneClusterImpl-29f84033-bd2d-4869-8500-f34df785535c/datanode-0/meta/datanode.id
2019-09-18 09:57:58,351 [main] INFO  volume.HddsVolume (HddsVolume.java:<init>(176)) - Creating Volume: /workdir/hadoop-ozone/integration-test/target/test-dir/MiniOzoneClusterImpl-29f84033-bd2d-4869-8500-f34df785535c/datanode-1/data/containers/hdds of  storage type : DISK and capacity : 1482555576320
2019-09-18 09:57:58,351 [main] INFO  volume.VolumeSet (VolumeSet.java:initializeVolumeSet(170)) - Added Volume : /workdir/hadoop-ozone/integration-test/target/test-dir/MiniOzoneClusterImpl-29f84033-bd2d-4869-8500-f34df785535c/datanode-1/data/containers/hdds to VolumeSet
2019-09-18 09:57:58,351 [main] INFO  volume.ThrottledAsyncChecker (ThrottledAsyncChecker.java:schedule(139)) - Scheduling a check for org.apache.hadoop.ozone.container.common.volume.HddsVolume@353f472a
2019-09-18 09:57:58,352 [main] INFO  volume.HddsVolumeChecker (HddsVolumeChecker.java:checkAllVolumes(202)) - Scheduled health check for volume org.apache.hadoop.ozone.container.common.volume.HddsVolume@353f472a
2019-09-18 09:57:58,370 [main] INFO  impl.RaftServerProxy (ConfUtils.java:logGet(43)) - raft.rpc.type = GRPC (default)
2019-09-18 09:57:58,370 [main] INFO  grpc.GrpcFactory (GrpcFactory.java:checkPooledByteBufAllocatorUseCacheForAllThreads(45)) - PERFORMANCE WARNING: useCacheForAllThreads is true that may cause Netty to create a lot garbage objects and, as a result, trigger GC.
	It is recommended to disable useCacheForAllThreads by setting -Dorg.apache.ratis.thirdparty.io.netty.allocator.useCacheForAllThreads=false in command line.
2019-09-18 09:57:58,371 [main] INFO  grpc.GrpcConfigKeys$Server (ConfUtils.java:logGet(43)) - raft.grpc.server.port = 0 (default)
2019-09-18 09:57:58,371 [main] INFO  server.GrpcService (ConfUtils.java:logGet(43)) - raft.grpc.message.size.max = 33570816 (custom)
2019-09-18 09:57:58,371 [main] INFO  server.RaftServerConfigKeys (ConfUtils.java:logGet(43)) - raft.server.log.appender.buffer.byte-limit = 33554432 (custom)
2019-09-18 09:57:58,371 [main] INFO  server.GrpcService (ConfUtils.java:logGet(43)) - raft.grpc.flow.control.window = 1MB (=1048576) (default)
2019-09-18 09:57:58,372 [main] INFO  server.RaftServerConfigKeys (ConfUtils.java:logGet(43)) - raft.server.rpc.request.timeout = 3000ms (default)
2019-09-18 09:57:58,372 [main] INFO  server.RaftServerConfigKeys (ConfUtils.java:logGet(43)) - raft.server.storage.dir = [/workdir/hadoop-ozone/integration-test/target/test-dir/MiniOzoneClusterImpl-29f84033-bd2d-4869-8500-f34df785535c/datanode-1/data/ratis] (custom)
2019-09-18 09:57:58,374 [main] INFO  hdfs.DFSUtil (DFSUtil.java:httpServerTemplateForNNAndJN(1641)) - Starting Web-server for hddsDatanode at: http://0.0.0.0:0
2019-09-18 09:57:58,375 [main] INFO  server.AuthenticationFilter (AuthenticationFilter.java:constructSecretProvider(240)) - Unable to initialize FileSignerSecretProvider, falling back to use random secrets.
2019-09-18 09:57:58,376 [main] WARN  http.HttpRequestLog (HttpRequestLog.java:getRequestLog(97)) - Jetty request log can only be enabled using Log4j
2019-09-18 09:57:58,378 [main] INFO  http.HttpServer2 (HttpServer2.java:addGlobalFilter(975)) - Added global filter 'safety' (class=org.apache.hadoop.http.HttpServer2$QuotingInputFilter)
2019-09-18 09:57:58,378 [main] INFO  http.HttpServer2 (HttpServer2.java:addFilter(948)) - Added filter static_user_filter (class=org.apache.hadoop.http.lib.StaticUserWebFilter$StaticUserFilter) to context hddsDatanode
2019-09-18 09:57:58,378 [main] INFO  http.HttpServer2 (HttpServer2.java:addFilter(958)) - Added filter static_user_filter (class=org.apache.hadoop.http.lib.StaticUserWebFilter$StaticUserFilter) to context static
2019-09-18 09:57:58,379 [main] INFO  http.HttpServer2 (HttpServer2.java:addFilter(958)) - Added filter static_user_filter (class=org.apache.hadoop.http.lib.StaticUserWebFilter$StaticUserFilter) to context logs
2019-09-18 09:57:58,380 [main] INFO  http.HttpServer2 (HttpServer2.java:bindListener(1191)) - Jetty bound to port 46731
2019-09-18 09:57:58,380 [main] INFO  server.Server (Server.java:doStart(351)) - jetty-9.3.24.v20180605, build timestamp: 2018-06-05T17:11:56Z, git hash: 84205aa28f11a4f31f2a3b86d1bba2cc8ab69827
2019-09-18 09:57:58,381 [main] INFO  handler.ContextHandler (ContextHandler.java:doStart(781)) - Started o.e.j.s.ServletContextHandler@5e002356{/logs,file:///workdir/hadoop-ozone/integration-test/target/log,AVAILABLE}
2019-09-18 09:57:58,382 [main] INFO  handler.ContextHandler (ContextHandler.java:doStart(781)) - Started o.e.j.s.ServletContextHandler@4b325930{/static,jar:file:/home/user/.m2/repository/org/apache/hadoop/hadoop-hdds-container-service/0.5.0-SNAPSHOT/hadoop-hdds-container-service-0.5.0-SNAPSHOT.jar!/webapps/static,AVAILABLE}
2019-09-18 09:57:58,414 [main] INFO  handler.ContextHandler (ContextHandler.java:doStart(781)) - Started o.e.j.w.WebAppContext@bc09d57{/,file:///tmp/jetty-0.0.0.0-46731-hddsDatanode-_-any-1323410177648293680.dir/webapp/,AVAILABLE}{/hddsDatanode}
2019-09-18 09:57:58,415 [main] INFO  server.AbstractConnector (AbstractConnector.java:doStart(278)) - Started ServerConnector@6d963d70{HTTP/1.1,[http/1.1]}{0.0.0.0:46731}
2019-09-18 09:57:58,415 [main] INFO  server.Server (Server.java:doStart(419)) - Started @201959ms
2019-09-18 09:57:58,416 [main] WARN  impl.MetricsSystemImpl (MetricsSystemImpl.java:register(276)) - Sink prometheus already exists!
2019-09-18 09:57:58,416 [main] INFO  server.BaseHttpServer (BaseHttpServer.java:updateConnectorAddress(215)) - HTTP server of HDDSDATANODE is listening at http://0.0.0.0:46731
2019-09-18 09:57:58,417 [main] INFO  impl.MetricsSystemImpl (MetricsSystemImpl.java:init(158)) - HddsDatanode metrics system started (again)
2019-09-18 09:57:58,420 [org.apache.hadoop.util.JvmPauseMonitor$Monitor@4e7b8586] INFO  util.JvmPauseMonitor (JvmPauseMonitor.java:run(188)) - Starting JVM pause monitor
2019-09-18 09:57:58,420 [main] INFO  ozone.HddsDatanodeService (HddsDatanodeService.java:start(184)) - HddsDatanodeService host:pr-hdds-2141-pjvt9-4098185234 ip:192.168.34.50
2019-09-18 09:57:58,421 [Datanode State Machine Thread - 0] INFO  datanode.InitDatanodeState (InitDatanodeState.java:persistContainerDatanodeDetails(140)) - DatanodeDetails is persisted to /workdir/hadoop-ozone/integration-test/target/test-dir/MiniOzoneClusterImpl-29f84033-bd2d-4869-8500-f34df785535c/datanode-1/meta/datanode.id
2019-09-18 09:57:58,426 [main] INFO  volume.HddsVolume (HddsVolume.java:<init>(176)) - Creating Volume: /workdir/hadoop-ozone/integration-test/target/test-dir/MiniOzoneClusterImpl-29f84033-bd2d-4869-8500-f34df785535c/datanode-2/data/containers/hdds of  storage type : DISK and capacity : 1482555576320
2019-09-18 09:57:58,426 [main] INFO  volume.VolumeSet (VolumeSet.java:initializeVolumeSet(170)) - Added Volume : /workdir/hadoop-ozone/integration-test/target/test-dir/MiniOzoneClusterImpl-29f84033-bd2d-4869-8500-f34df785535c/datanode-2/data/containers/hdds to VolumeSet
2019-09-18 09:57:58,427 [main] INFO  volume.ThrottledAsyncChecker (ThrottledAsyncChecker.java:schedule(139)) - Scheduling a check for org.apache.hadoop.ozone.container.common.volume.HddsVolume@617449dd
2019-09-18 09:57:58,427 [main] INFO  volume.HddsVolumeChecker (HddsVolumeChecker.java:checkAllVolumes(202)) - Scheduled health check for volume org.apache.hadoop.ozone.container.common.volume.HddsVolume@617449dd
2019-09-18 09:57:58,440 [main] INFO  impl.RaftServerProxy (ConfUtils.java:logGet(43)) - raft.rpc.type = GRPC (default)
2019-09-18 09:57:58,440 [main] INFO  grpc.GrpcFactory (GrpcFactory.java:checkPooledByteBufAllocatorUseCacheForAllThreads(45)) - PERFORMANCE WARNING: useCacheForAllThreads is true that may cause Netty to create a lot garbage objects and, as a result, trigger GC.
	It is recommended to disable useCacheForAllThreads by setting -Dorg.apache.ratis.thirdparty.io.netty.allocator.useCacheForAllThreads=false in command line.
2019-09-18 09:57:58,440 [main] INFO  grpc.GrpcConfigKeys$Server (ConfUtils.java:logGet(43)) - raft.grpc.server.port = 0 (default)
2019-09-18 09:57:58,441 [main] INFO  server.GrpcService (ConfUtils.java:logGet(43)) - raft.grpc.message.size.max = 33570816 (custom)
2019-09-18 09:57:58,441 [main] INFO  server.RaftServerConfigKeys (ConfUtils.java:logGet(43)) - raft.server.log.appender.buffer.byte-limit = 33554432 (custom)
2019-09-18 09:57:58,441 [main] INFO  server.GrpcService (ConfUtils.java:logGet(43)) - raft.grpc.flow.control.window = 1MB (=1048576) (default)
2019-09-18 09:57:58,441 [main] INFO  server.RaftServerConfigKeys (ConfUtils.java:logGet(43)) - raft.server.rpc.request.timeout = 3000ms (default)
2019-09-18 09:57:58,442 [main] INFO  server.RaftServerConfigKeys (ConfUtils.java:logGet(43)) - raft.server.storage.dir = [/workdir/hadoop-ozone/integration-test/target/test-dir/MiniOzoneClusterImpl-29f84033-bd2d-4869-8500-f34df785535c/datanode-2/data/ratis] (custom)
2019-09-18 09:57:58,443 [main] INFO  hdfs.DFSUtil (DFSUtil.java:httpServerTemplateForNNAndJN(1641)) - Starting Web-server for hddsDatanode at: http://0.0.0.0:0
2019-09-18 09:57:58,444 [main] INFO  server.AuthenticationFilter (AuthenticationFilter.java:constructSecretProvider(240)) - Unable to initialize FileSignerSecretProvider, falling back to use random secrets.
2019-09-18 09:57:58,445 [main] WARN  http.HttpRequestLog (HttpRequestLog.java:getRequestLog(97)) - Jetty request log can only be enabled using Log4j
2019-09-18 09:57:58,446 [main] INFO  http.HttpServer2 (HttpServer2.java:addGlobalFilter(975)) - Added global filter 'safety' (class=org.apache.hadoop.http.HttpServer2$QuotingInputFilter)
2019-09-18 09:57:58,447 [main] INFO  http.HttpServer2 (HttpServer2.java:addFilter(948)) - Added filter static_user_filter (class=org.apache.hadoop.http.lib.StaticUserWebFilter$StaticUserFilter) to context hddsDatanode
2019-09-18 09:57:58,447 [main] INFO  http.HttpServer2 (HttpServer2.java:addFilter(958)) - Added filter static_user_filter (class=org.apache.hadoop.http.lib.StaticUserWebFilter$StaticUserFilter) to context static
2019-09-18 09:57:58,447 [main] INFO  http.HttpServer2 (HttpServer2.java:addFilter(958)) - Added filter static_user_filter (class=org.apache.hadoop.http.lib.StaticUserWebFilter$StaticUserFilter) to context logs
2019-09-18 09:57:58,448 [main] INFO  http.HttpServer2 (HttpServer2.java:bindListener(1191)) - Jetty bound to port 34923
2019-09-18 09:57:58,448 [main] INFO  server.Server (Server.java:doStart(351)) - jetty-9.3.24.v20180605, build timestamp: 2018-06-05T17:11:56Z, git hash: 84205aa28f11a4f31f2a3b86d1bba2cc8ab69827
2019-09-18 09:57:58,449 [main] INFO  handler.ContextHandler (ContextHandler.java:doStart(781)) - Started o.e.j.s.ServletContextHandler@30bbcf91{/logs,file:///workdir/hadoop-ozone/integration-test/target/log,AVAILABLE}
2019-09-18 09:57:58,450 [main] INFO  handler.ContextHandler (ContextHandler.java:doStart(781)) - Started o.e.j.s.ServletContextHandler@1f4f0fcc{/static,jar:file:/home/user/.m2/repository/org/apache/hadoop/hadoop-hdds-container-service/0.5.0-SNAPSHOT/hadoop-hdds-container-service-0.5.0-SNAPSHOT.jar!/webapps/static,AVAILABLE}
2019-09-18 09:57:58,478 [main] INFO  handler.ContextHandler (ContextHandler.java:doStart(781)) - Started o.e.j.w.WebAppContext@6467ddc7{/,file:///tmp/jetty-0.0.0.0-34923-hddsDatanode-_-any-538287497523973873.dir/webapp/,AVAILABLE}{/hddsDatanode}
2019-09-18 09:57:58,479 [main] INFO  server.AbstractConnector (AbstractConnector.java:doStart(278)) - Started ServerConnector@27b337bb{HTTP/1.1,[http/1.1]}{0.0.0.0:34923}
2019-09-18 09:57:58,480 [main] INFO  server.Server (Server.java:doStart(419)) - Started @202023ms
2019-09-18 09:57:58,480 [main] WARN  impl.MetricsSystemImpl (MetricsSystemImpl.java:register(276)) - Sink prometheus already exists!
2019-09-18 09:57:58,481 [main] INFO  server.BaseHttpServer (BaseHttpServer.java:updateConnectorAddress(215)) - HTTP server of HDDSDATANODE is listening at http://0.0.0.0:34923
2019-09-18 09:57:58,481 [main] INFO  impl.MetricsSystemImpl (MetricsSystemImpl.java:init(158)) - HddsDatanode metrics system started (again)
2019-09-18 09:57:58,485 [org.apache.hadoop.util.JvmPauseMonitor$Monitor@9de5569] INFO  util.JvmPauseMonitor (JvmPauseMonitor.java:run(188)) - Starting JVM pause monitor
2019-09-18 09:57:58,487 [Datanode State Machine Thread - 0] INFO  datanode.InitDatanodeState (InitDatanodeState.java:persistContainerDatanodeDetails(140)) - DatanodeDetails is persisted to /workdir/hadoop-ozone/integration-test/target/test-dir/MiniOzoneClusterImpl-29f84033-bd2d-4869-8500-f34df785535c/datanode-2/meta/datanode.id
2019-09-18 09:57:58,487 [main] INFO  ozone.HddsDatanodeService (HddsDatanodeService.java:start(184)) - HddsDatanodeService host:pr-hdds-2141-pjvt9-4098185234 ip:192.168.34.50
2019-09-18 09:57:58,494 [main] INFO  volume.HddsVolume (HddsVolume.java:<init>(176)) - Creating Volume: /workdir/hadoop-ozone/integration-test/target/test-dir/MiniOzoneClusterImpl-29f84033-bd2d-4869-8500-f34df785535c/datanode-3/data/containers/hdds of  storage type : DISK and capacity : 1482555576320
2019-09-18 09:57:58,495 [main] INFO  volume.VolumeSet (VolumeSet.java:initializeVolumeSet(170)) - Added Volume : /workdir/hadoop-ozone/integration-test/target/test-dir/MiniOzoneClusterImpl-29f84033-bd2d-4869-8500-f34df785535c/datanode-3/data/containers/hdds to VolumeSet
2019-09-18 09:57:58,495 [main] INFO  volume.ThrottledAsyncChecker (ThrottledAsyncChecker.java:schedule(139)) - Scheduling a check for org.apache.hadoop.ozone.container.common.volume.HddsVolume@738a5848
2019-09-18 09:57:58,495 [main] INFO  volume.HddsVolumeChecker (HddsVolumeChecker.java:checkAllVolumes(202)) - Scheduled health check for volume org.apache.hadoop.ozone.container.common.volume.HddsVolume@738a5848
2019-09-18 09:57:58,515 [main] INFO  impl.RaftServerProxy (ConfUtils.java:logGet(43)) - raft.rpc.type = GRPC (default)
2019-09-18 09:57:58,515 [main] INFO  grpc.GrpcFactory (GrpcFactory.java:checkPooledByteBufAllocatorUseCacheForAllThreads(45)) - PERFORMANCE WARNING: useCacheForAllThreads is true that may cause Netty to create a lot garbage objects and, as a result, trigger GC.
	It is recommended to disable useCacheForAllThreads by setting -Dorg.apache.ratis.thirdparty.io.netty.allocator.useCacheForAllThreads=false in command line.
2019-09-18 09:57:58,515 [main] INFO  grpc.GrpcConfigKeys$Server (ConfUtils.java:logGet(43)) - raft.grpc.server.port = 0 (default)
2019-09-18 09:57:58,515 [main] INFO  server.GrpcService (ConfUtils.java:logGet(43)) - raft.grpc.message.size.max = 33570816 (custom)
2019-09-18 09:57:58,516 [main] INFO  server.RaftServerConfigKeys (ConfUtils.java:logGet(43)) - raft.server.log.appender.buffer.byte-limit = 33554432 (custom)
2019-09-18 09:57:58,516 [main] INFO  server.GrpcService (ConfUtils.java:logGet(43)) - raft.grpc.flow.control.window = 1MB (=1048576) (default)
2019-09-18 09:57:58,516 [main] INFO  server.RaftServerConfigKeys (ConfUtils.java:logGet(43)) - raft.server.rpc.request.timeout = 3000ms (default)
2019-09-18 09:57:58,517 [main] INFO  server.RaftServerConfigKeys (ConfUtils.java:logGet(43)) - raft.server.storage.dir = [/workdir/hadoop-ozone/integration-test/target/test-dir/MiniOzoneClusterImpl-29f84033-bd2d-4869-8500-f34df785535c/datanode-3/data/ratis] (custom)
2019-09-18 09:57:58,518 [main] INFO  hdfs.DFSUtil (DFSUtil.java:httpServerTemplateForNNAndJN(1641)) - Starting Web-server for hddsDatanode at: http://0.0.0.0:0
2019-09-18 09:57:58,520 [main] INFO  server.AuthenticationFilter (AuthenticationFilter.java:constructSecretProvider(240)) - Unable to initialize FileSignerSecretProvider, falling back to use random secrets.
2019-09-18 09:57:58,520 [main] WARN  http.HttpRequestLog (HttpRequestLog.java:getRequestLog(97)) - Jetty request log can only be enabled using Log4j
2019-09-18 09:57:58,522 [main] INFO  http.HttpServer2 (HttpServer2.java:addGlobalFilter(975)) - Added global filter 'safety' (class=org.apache.hadoop.http.HttpServer2$QuotingInputFilter)
2019-09-18 09:57:58,523 [main] INFO  http.HttpServer2 (HttpServer2.java:addFilter(948)) - Added filter static_user_filter (class=org.apache.hadoop.http.lib.StaticUserWebFilter$StaticUserFilter) to context hddsDatanode
2019-09-18 09:57:58,523 [main] INFO  http.HttpServer2 (HttpServer2.java:addFilter(958)) - Added filter static_user_filter (class=org.apache.hadoop.http.lib.StaticUserWebFilter$StaticUserFilter) to context logs
2019-09-18 09:57:58,523 [main] INFO  http.HttpServer2 (HttpServer2.java:addFilter(958)) - Added filter static_user_filter (class=org.apache.hadoop.http.lib.StaticUserWebFilter$StaticUserFilter) to context static
2019-09-18 09:57:58,524 [main] INFO  http.HttpServer2 (HttpServer2.java:bindListener(1191)) - Jetty bound to port 46491
2019-09-18 09:57:58,524 [main] INFO  server.Server (Server.java:doStart(351)) - jetty-9.3.24.v20180605, build timestamp: 2018-06-05T17:11:56Z, git hash: 84205aa28f11a4f31f2a3b86d1bba2cc8ab69827
2019-09-18 09:57:58,526 [main] INFO  handler.ContextHandler (ContextHandler.java:doStart(781)) - Started o.e.j.s.ServletContextHandler@6fa02932{/logs,file:///workdir/hadoop-ozone/integration-test/target/log,AVAILABLE}
2019-09-18 09:57:58,527 [main] INFO  handler.ContextHandler (ContextHandler.java:doStart(781)) - Started o.e.j.s.ServletContextHandler@7c46c9c3{/static,jar:file:/home/user/.m2/repository/org/apache/hadoop/hadoop-hdds-container-service/0.5.0-SNAPSHOT/hadoop-hdds-container-service-0.5.0-SNAPSHOT.jar!/webapps/static,AVAILABLE}
2019-09-18 09:57:58,557 [main] INFO  handler.ContextHandler (ContextHandler.java:doStart(781)) - Started o.e.j.w.WebAppContext@7c5df615{/,file:///tmp/jetty-0.0.0.0-46491-hddsDatanode-_-any-4489881852511693123.dir/webapp/,AVAILABLE}{/hddsDatanode}
2019-09-18 09:57:58,558 [main] INFO  server.AbstractConnector (AbstractConnector.java:doStart(278)) - Started ServerConnector@2f995afc{HTTP/1.1,[http/1.1]}{0.0.0.0:46491}
2019-09-18 09:57:58,559 [main] INFO  server.Server (Server.java:doStart(419)) - Started @202102ms
2019-09-18 09:57:58,559 [main] WARN  impl.MetricsSystemImpl (MetricsSystemImpl.java:register(276)) - Sink prometheus already exists!
2019-09-18 09:57:58,560 [main] INFO  server.BaseHttpServer (BaseHttpServer.java:updateConnectorAddress(215)) - HTTP server of HDDSDATANODE is listening at http://0.0.0.0:46491
2019-09-18 09:57:58,560 [main] INFO  impl.MetricsSystemImpl (MetricsSystemImpl.java:init(158)) - HddsDatanode metrics system started (again)
2019-09-18 09:57:58,565 [org.apache.hadoop.util.JvmPauseMonitor$Monitor@280e78c8] INFO  util.JvmPauseMonitor (JvmPauseMonitor.java:run(188)) - Starting JVM pause monitor
2019-09-18 09:57:58,566 [Datanode State Machine Thread - 0] INFO  datanode.InitDatanodeState (InitDatanodeState.java:persistContainerDatanodeDetails(140)) - DatanodeDetails is persisted to /workdir/hadoop-ozone/integration-test/target/test-dir/MiniOzoneClusterImpl-29f84033-bd2d-4869-8500-f34df785535c/datanode-3/meta/datanode.id
2019-09-18 09:57:58,567 [main] INFO  ozone.HddsDatanodeService (HddsDatanodeService.java:start(184)) - HddsDatanodeService host:pr-hdds-2141-pjvt9-4098185234 ip:192.168.34.50
2019-09-18 09:57:58,574 [main] INFO  volume.HddsVolume (HddsVolume.java:<init>(176)) - Creating Volume: /workdir/hadoop-ozone/integration-test/target/test-dir/MiniOzoneClusterImpl-29f84033-bd2d-4869-8500-f34df785535c/datanode-4/data/containers/hdds of  storage type : DISK and capacity : 1482555576320
2019-09-18 09:57:58,574 [main] INFO  volume.VolumeSet (VolumeSet.java:initializeVolumeSet(170)) - Added Volume : /workdir/hadoop-ozone/integration-test/target/test-dir/MiniOzoneClusterImpl-29f84033-bd2d-4869-8500-f34df785535c/datanode-4/data/containers/hdds to VolumeSet
2019-09-18 09:57:58,574 [main] INFO  volume.ThrottledAsyncChecker (ThrottledAsyncChecker.java:schedule(139)) - Scheduling a check for org.apache.hadoop.ozone.container.common.volume.HddsVolume@55e1192
2019-09-18 09:57:58,575 [main] INFO  volume.HddsVolumeChecker (HddsVolumeChecker.java:checkAllVolumes(202)) - Scheduled health check for volume org.apache.hadoop.ozone.container.common.volume.HddsVolume@55e1192
2019-09-18 09:57:58,597 [main] INFO  impl.RaftServerProxy (ConfUtils.java:logGet(43)) - raft.rpc.type = GRPC (default)
2019-09-18 09:57:58,598 [main] INFO  grpc.GrpcFactory (GrpcFactory.java:checkPooledByteBufAllocatorUseCacheForAllThreads(45)) - PERFORMANCE WARNING: useCacheForAllThreads is true that may cause Netty to create a lot garbage objects and, as a result, trigger GC.
	It is recommended to disable useCacheForAllThreads by setting -Dorg.apache.ratis.thirdparty.io.netty.allocator.useCacheForAllThreads=false in command line.
2019-09-18 09:57:58,598 [main] INFO  grpc.GrpcConfigKeys$Server (ConfUtils.java:logGet(43)) - raft.grpc.server.port = 0 (default)
2019-09-18 09:57:58,598 [main] INFO  server.GrpcService (ConfUtils.java:logGet(43)) - raft.grpc.message.size.max = 33570816 (custom)
2019-09-18 09:57:58,599 [main] INFO  server.RaftServerConfigKeys (ConfUtils.java:logGet(43)) - raft.server.log.appender.buffer.byte-limit = 33554432 (custom)
2019-09-18 09:57:58,599 [main] INFO  server.GrpcService (ConfUtils.java:logGet(43)) - raft.grpc.flow.control.window = 1MB (=1048576) (default)
2019-09-18 09:57:58,599 [main] INFO  server.RaftServerConfigKeys (ConfUtils.java:logGet(43)) - raft.server.rpc.request.timeout = 3000ms (default)
2019-09-18 09:57:58,600 [main] INFO  server.RaftServerConfigKeys (ConfUtils.java:logGet(43)) - raft.server.storage.dir = [/workdir/hadoop-ozone/integration-test/target/test-dir/MiniOzoneClusterImpl-29f84033-bd2d-4869-8500-f34df785535c/datanode-4/data/ratis] (custom)
2019-09-18 09:57:58,601 [main] INFO  hdfs.DFSUtil (DFSUtil.java:httpServerTemplateForNNAndJN(1641)) - Starting Web-server for hddsDatanode at: http://0.0.0.0:0
2019-09-18 09:57:58,603 [main] INFO  server.AuthenticationFilter (AuthenticationFilter.java:constructSecretProvider(240)) - Unable to initialize FileSignerSecretProvider, falling back to use random secrets.
2019-09-18 09:57:58,604 [main] WARN  http.HttpRequestLog (HttpRequestLog.java:getRequestLog(97)) - Jetty request log can only be enabled using Log4j
2019-09-18 09:57:58,606 [main] INFO  http.HttpServer2 (HttpServer2.java:addGlobalFilter(975)) - Added global filter 'safety' (class=org.apache.hadoop.http.HttpServer2$QuotingInputFilter)
2019-09-18 09:57:58,606 [main] INFO  http.HttpServer2 (HttpServer2.java:addFilter(948)) - Added filter static_user_filter (class=org.apache.hadoop.http.lib.StaticUserWebFilter$StaticUserFilter) to context hddsDatanode
2019-09-18 09:57:58,606 [main] INFO  http.HttpServer2 (HttpServer2.java:addFilter(958)) - Added filter static_user_filter (class=org.apache.hadoop.http.lib.StaticUserWebFilter$StaticUserFilter) to context logs
2019-09-18 09:57:58,607 [main] INFO  http.HttpServer2 (HttpServer2.java:addFilter(958)) - Added filter static_user_filter (class=org.apache.hadoop.http.lib.StaticUserWebFilter$StaticUserFilter) to context static
2019-09-18 09:57:58,607 [main] INFO  http.HttpServer2 (HttpServer2.java:bindListener(1191)) - Jetty bound to port 37479
2019-09-18 09:57:58,608 [main] INFO  server.Server (Server.java:doStart(351)) - jetty-9.3.24.v20180605, build timestamp: 2018-06-05T17:11:56Z, git hash: 84205aa28f11a4f31f2a3b86d1bba2cc8ab69827
2019-09-18 09:57:58,610 [main] INFO  handler.ContextHandler (ContextHandler.java:doStart(781)) - Started o.e.j.s.ServletContextHandler@724bf25f{/logs,file:///workdir/hadoop-ozone/integration-test/target/log,AVAILABLE}
2019-09-18 09:57:58,610 [main] INFO  handler.ContextHandler (ContextHandler.java:doStart(781)) - Started o.e.j.s.ServletContextHandler@6f6cc7da{/static,jar:file:/home/user/.m2/repository/org/apache/hadoop/hadoop-hdds-container-service/0.5.0-SNAPSHOT/hadoop-hdds-container-service-0.5.0-SNAPSHOT.jar!/webapps/static,AVAILABLE}
2019-09-18 09:57:58,646 [main] INFO  handler.ContextHandler (ContextHandler.java:doStart(781)) - Started o.e.j.w.WebAppContext@2f3928ac{/,file:///tmp/jetty-0.0.0.0-37479-hddsDatanode-_-any-3196022374074582343.dir/webapp/,AVAILABLE}{/hddsDatanode}
2019-09-18 09:57:58,647 [main] INFO  server.AbstractConnector (AbstractConnector.java:doStart(278)) - Started ServerConnector@4bf03fee{HTTP/1.1,[http/1.1]}{0.0.0.0:37479}
2019-09-18 09:57:58,648 [main] INFO  server.Server (Server.java:doStart(419)) - Started @202191ms
2019-09-18 09:57:58,648 [main] WARN  impl.MetricsSystemImpl (MetricsSystemImpl.java:register(276)) - Sink prometheus already exists!
2019-09-18 09:57:58,649 [main] INFO  server.BaseHttpServer (BaseHttpServer.java:updateConnectorAddress(215)) - HTTP server of HDDSDATANODE is listening at http://0.0.0.0:37479
2019-09-18 09:57:58,649 [main] INFO  impl.MetricsSystemImpl (MetricsSystemImpl.java:init(158)) - HddsDatanode metrics system started (again)
2019-09-18 09:57:58,653 [org.apache.hadoop.util.JvmPauseMonitor$Monitor@91c094e] INFO  util.JvmPauseMonitor (JvmPauseMonitor.java:run(188)) - Starting JVM pause monitor
2019-09-18 09:57:58,654 [main] INFO  ozone.HddsDatanodeService (HddsDatanodeService.java:start(184)) - HddsDatanodeService host:pr-hdds-2141-pjvt9-4098185234 ip:192.168.34.50
2019-09-18 09:57:58,655 [Datanode State Machine Thread - 0] INFO  datanode.InitDatanodeState (InitDatanodeState.java:persistContainerDatanodeDetails(140)) - DatanodeDetails is persisted to /workdir/hadoop-ozone/integration-test/target/test-dir/MiniOzoneClusterImpl-29f84033-bd2d-4869-8500-f34df785535c/datanode-4/meta/datanode.id
2019-09-18 09:57:58,661 [main] INFO  volume.HddsVolume (HddsVolume.java:<init>(176)) - Creating Volume: /workdir/hadoop-ozone/integration-test/target/test-dir/MiniOzoneClusterImpl-29f84033-bd2d-4869-8500-f34df785535c/datanode-5/data/containers/hdds of  storage type : DISK and capacity : 1482555576320
2019-09-18 09:57:58,661 [main] INFO  volume.VolumeSet (VolumeSet.java:initializeVolumeSet(170)) - Added Volume : /workdir/hadoop-ozone/integration-test/target/test-dir/MiniOzoneClusterImpl-29f84033-bd2d-4869-8500-f34df785535c/datanode-5/data/containers/hdds to VolumeSet
2019-09-18 09:57:58,661 [main] INFO  volume.ThrottledAsyncChecker (ThrottledAsyncChecker.java:schedule(139)) - Scheduling a check for org.apache.hadoop.ozone.container.common.volume.HddsVolume@110b7837
2019-09-18 09:57:58,662 [main] INFO  volume.HddsVolumeChecker (HddsVolumeChecker.java:checkAllVolumes(202)) - Scheduled health check for volume org.apache.hadoop.ozone.container.common.volume.HddsVolume@110b7837
2019-09-18 09:57:58,677 [main] INFO  impl.RaftServerProxy (ConfUtils.java:logGet(43)) - raft.rpc.type = GRPC (default)
2019-09-18 09:57:58,677 [main] INFO  grpc.GrpcFactory (GrpcFactory.java:checkPooledByteBufAllocatorUseCacheForAllThreads(45)) - PERFORMANCE WARNING: useCacheForAllThreads is true that may cause Netty to create a lot garbage objects and, as a result, trigger GC.
	It is recommended to disable useCacheForAllThreads by setting -Dorg.apache.ratis.thirdparty.io.netty.allocator.useCacheForAllThreads=false in command line.
2019-09-18 09:57:58,677 [main] INFO  grpc.GrpcConfigKeys$Server (ConfUtils.java:logGet(43)) - raft.grpc.server.port = 0 (default)
2019-09-18 09:57:58,678 [main] INFO  server.GrpcService (ConfUtils.java:logGet(43)) - raft.grpc.message.size.max = 33570816 (custom)
2019-09-18 09:57:58,678 [main] INFO  server.RaftServerConfigKeys (ConfUtils.java:logGet(43)) - raft.server.log.appender.buffer.byte-limit = 33554432 (custom)
2019-09-18 09:57:58,678 [main] INFO  server.GrpcService (ConfUtils.java:logGet(43)) - raft.grpc.flow.control.window = 1MB (=1048576) (default)
2019-09-18 09:57:58,678 [main] INFO  server.RaftServerConfigKeys (ConfUtils.java:logGet(43)) - raft.server.rpc.request.timeout = 3000ms (default)
2019-09-18 09:57:58,679 [main] INFO  server.RaftServerConfigKeys (ConfUtils.java:logGet(43)) - raft.server.storage.dir = [/workdir/hadoop-ozone/integration-test/target/test-dir/MiniOzoneClusterImpl-29f84033-bd2d-4869-8500-f34df785535c/datanode-5/data/ratis] (custom)
2019-09-18 09:57:58,680 [main] INFO  hdfs.DFSUtil (DFSUtil.java:httpServerTemplateForNNAndJN(1641)) - Starting Web-server for hddsDatanode at: http://0.0.0.0:0
2019-09-18 09:57:58,682 [main] INFO  server.AuthenticationFilter (AuthenticationFilter.java:constructSecretProvider(240)) - Unable to initialize FileSignerSecretProvider, falling back to use random secrets.
2019-09-18 09:57:58,683 [main] WARN  http.HttpRequestLog (HttpRequestLog.java:getRequestLog(97)) - Jetty request log can only be enabled using Log4j
2019-09-18 09:57:58,685 [main] INFO  http.HttpServer2 (HttpServer2.java:addGlobalFilter(975)) - Added global filter 'safety' (class=org.apache.hadoop.http.HttpServer2$QuotingInputFilter)
2019-09-18 09:57:58,685 [main] INFO  http.HttpServer2 (HttpServer2.java:addFilter(948)) - Added filter static_user_filter (class=org.apache.hadoop.http.lib.StaticUserWebFilter$StaticUserFilter) to context hddsDatanode
2019-09-18 09:57:58,686 [main] INFO  http.HttpServer2 (HttpServer2.java:addFilter(958)) - Added filter static_user_filter (class=org.apache.hadoop.http.lib.StaticUserWebFilter$StaticUserFilter) to context logs
2019-09-18 09:57:58,686 [main] INFO  http.HttpServer2 (HttpServer2.java:addFilter(958)) - Added filter static_user_filter (class=org.apache.hadoop.http.lib.StaticUserWebFilter$StaticUserFilter) to context static
2019-09-18 09:57:58,687 [main] INFO  http.HttpServer2 (HttpServer2.java:bindListener(1191)) - Jetty bound to port 33759
2019-09-18 09:57:58,687 [main] INFO  server.Server (Server.java:doStart(351)) - jetty-9.3.24.v20180605, build timestamp: 2018-06-05T17:11:56Z, git hash: 84205aa28f11a4f31f2a3b86d1bba2cc8ab69827
2019-09-18 09:57:58,688 [main] INFO  handler.ContextHandler (ContextHandler.java:doStart(781)) - Started o.e.j.s.ServletContextHandler@2744dcae{/logs,file:///workdir/hadoop-ozone/integration-test/target/log,AVAILABLE}
2019-09-18 09:57:58,689 [main] INFO  handler.ContextHandler (ContextHandler.java:doStart(781)) - Started o.e.j.s.ServletContextHandler@634ca3e7{/static,jar:file:/home/user/.m2/repository/org/apache/hadoop/hadoop-hdds-container-service/0.5.0-SNAPSHOT/hadoop-hdds-container-service-0.5.0-SNAPSHOT.jar!/webapps/static,AVAILABLE}
2019-09-18 09:57:58,727 [main] INFO  handler.ContextHandler (ContextHandler.java:doStart(781)) - Started o.e.j.w.WebAppContext@2de9ca6{/,file:///tmp/jetty-0.0.0.0-33759-hddsDatanode-_-any-7511837391843309094.dir/webapp/,AVAILABLE}{/hddsDatanode}
2019-09-18 09:57:58,727 [main] INFO  server.AbstractConnector (AbstractConnector.java:doStart(278)) - Started ServerConnector@59018eed{HTTP/1.1,[http/1.1]}{0.0.0.0:33759}
2019-09-18 09:57:58,729 [main] INFO  server.Server (Server.java:doStart(419)) - Started @202272ms
2019-09-18 09:57:58,729 [main] WARN  impl.MetricsSystemImpl (MetricsSystemImpl.java:register(276)) - Sink prometheus already exists!
2019-09-18 09:57:58,730 [main] INFO  server.BaseHttpServer (BaseHttpServer.java:updateConnectorAddress(215)) - HTTP server of HDDSDATANODE is listening at http://0.0.0.0:33759
2019-09-18 09:57:58,730 [main] INFO  impl.MetricsSystemImpl (MetricsSystemImpl.java:init(158)) - HddsDatanode metrics system started (again)
2019-09-18 09:57:58,734 [org.apache.hadoop.util.JvmPauseMonitor$Monitor@2fca3ab] INFO  util.JvmPauseMonitor (JvmPauseMonitor.java:run(188)) - Starting JVM pause monitor
2019-09-18 09:57:58,735 [main] INFO  ozone.HddsDatanodeService (HddsDatanodeService.java:start(184)) - HddsDatanodeService host:pr-hdds-2141-pjvt9-4098185234 ip:192.168.34.50
2019-09-18 09:57:58,736 [Datanode State Machine Thread - 0] INFO  datanode.InitDatanodeState (InitDatanodeState.java:persistContainerDatanodeDetails(140)) - DatanodeDetails is persisted to /workdir/hadoop-ozone/integration-test/target/test-dir/MiniOzoneClusterImpl-29f84033-bd2d-4869-8500-f34df785535c/datanode-5/meta/datanode.id
2019-09-18 09:57:58,741 [main] INFO  volume.HddsVolume (HddsVolume.java:<init>(176)) - Creating Volume: /workdir/hadoop-ozone/integration-test/target/test-dir/MiniOzoneClusterImpl-29f84033-bd2d-4869-8500-f34df785535c/datanode-6/data/containers/hdds of  storage type : DISK and capacity : 1482555576320
2019-09-18 09:57:58,742 [main] INFO  volume.VolumeSet (VolumeSet.java:initializeVolumeSet(170)) - Added Volume : /workdir/hadoop-ozone/integration-test/target/test-dir/MiniOzoneClusterImpl-29f84033-bd2d-4869-8500-f34df785535c/datanode-6/data/containers/hdds to VolumeSet
2019-09-18 09:57:58,742 [main] INFO  volume.ThrottledAsyncChecker (ThrottledAsyncChecker.java:schedule(139)) - Scheduling a check for org.apache.hadoop.ozone.container.common.volume.HddsVolume@1142d377
2019-09-18 09:57:58,743 [main] INFO  volume.HddsVolumeChecker (HddsVolumeChecker.java:checkAllVolumes(202)) - Scheduled health check for volume org.apache.hadoop.ozone.container.common.volume.HddsVolume@1142d377
2019-09-18 09:57:58,764 [main] INFO  impl.RaftServerProxy (ConfUtils.java:logGet(43)) - raft.rpc.type = GRPC (default)
2019-09-18 09:57:58,764 [main] INFO  grpc.GrpcFactory (GrpcFactory.java:checkPooledByteBufAllocatorUseCacheForAllThreads(45)) - PERFORMANCE WARNING: useCacheForAllThreads is true that may cause Netty to create a lot garbage objects and, as a result, trigger GC.
	It is recommended to disable useCacheForAllThreads by setting -Dorg.apache.ratis.thirdparty.io.netty.allocator.useCacheForAllThreads=false in command line.
2019-09-18 09:57:58,764 [main] INFO  grpc.GrpcConfigKeys$Server (ConfUtils.java:logGet(43)) - raft.grpc.server.port = 0 (default)
2019-09-18 09:57:58,764 [main] INFO  server.GrpcService (ConfUtils.java:logGet(43)) - raft.grpc.message.size.max = 33570816 (custom)
2019-09-18 09:57:58,765 [main] INFO  server.RaftServerConfigKeys (ConfUtils.java:logGet(43)) - raft.server.log.appender.buffer.byte-limit = 33554432 (custom)
2019-09-18 09:57:58,765 [main] INFO  server.GrpcService (ConfUtils.java:logGet(43)) - raft.grpc.flow.control.window = 1MB (=1048576) (default)
2019-09-18 09:57:58,765 [main] INFO  server.RaftServerConfigKeys (ConfUtils.java:logGet(43)) - raft.server.rpc.request.timeout = 3000ms (default)
2019-09-18 09:57:58,766 [main] INFO  server.RaftServerConfigKeys (ConfUtils.java:logGet(43)) - raft.server.storage.dir = [/workdir/hadoop-ozone/integration-test/target/test-dir/MiniOzoneClusterImpl-29f84033-bd2d-4869-8500-f34df785535c/datanode-6/data/ratis] (custom)
2019-09-18 09:57:58,768 [main] INFO  hdfs.DFSUtil (DFSUtil.java:httpServerTemplateForNNAndJN(1641)) - Starting Web-server for hddsDatanode at: http://0.0.0.0:0
2019-09-18 09:57:58,769 [main] INFO  server.AuthenticationFilter (AuthenticationFilter.java:constructSecretProvider(240)) - Unable to initialize FileSignerSecretProvider, falling back to use random secrets.
2019-09-18 09:57:58,770 [main] WARN  http.HttpRequestLog (HttpRequestLog.java:getRequestLog(97)) - Jetty request log can only be enabled using Log4j
2019-09-18 09:57:58,772 [main] INFO  http.HttpServer2 (HttpServer2.java:addGlobalFilter(975)) - Added global filter 'safety' (class=org.apache.hadoop.http.HttpServer2$QuotingInputFilter)
2019-09-18 09:57:58,773 [main] INFO  http.HttpServer2 (HttpServer2.java:addFilter(948)) - Added filter static_user_filter (class=org.apache.hadoop.http.lib.StaticUserWebFilter$StaticUserFilter) to context hddsDatanode
2019-09-18 09:57:58,773 [main] INFO  http.HttpServer2 (HttpServer2.java:addFilter(958)) - Added filter static_user_filter (class=org.apache.hadoop.http.lib.StaticUserWebFilter$StaticUserFilter) to context logs
2019-09-18 09:57:58,773 [main] INFO  http.HttpServer2 (HttpServer2.java:addFilter(958)) - Added filter static_user_filter (class=org.apache.hadoop.http.lib.StaticUserWebFilter$StaticUserFilter) to context static
2019-09-18 09:57:58,774 [main] INFO  http.HttpServer2 (HttpServer2.java:bindListener(1191)) - Jetty bound to port 44068
2019-09-18 09:57:58,775 [main] INFO  server.Server (Server.java:doStart(351)) - jetty-9.3.24.v20180605, build timestamp: 2018-06-05T17:11:56Z, git hash: 84205aa28f11a4f31f2a3b86d1bba2cc8ab69827
2019-09-18 09:57:58,777 [main] INFO  handler.ContextHandler (ContextHandler.java:doStart(781)) - Started o.e.j.s.ServletContextHandler@4fecf308{/logs,file:///workdir/hadoop-ozone/integration-test/target/log,AVAILABLE}
2019-09-18 09:57:58,777 [main] INFO  handler.ContextHandler (ContextHandler.java:doStart(781)) - Started o.e.j.s.ServletContextHandler@5b5f9003{/static,jar:file:/home/user/.m2/repository/org/apache/hadoop/hadoop-hdds-container-service/0.5.0-SNAPSHOT/hadoop-hdds-container-service-0.5.0-SNAPSHOT.jar!/webapps/static,AVAILABLE}
2019-09-18 09:57:58,817 [main] INFO  handler.ContextHandler (ContextHandler.java:doStart(781)) - Started o.e.j.w.WebAppContext@58feb6b0{/,file:///tmp/jetty-0.0.0.0-44068-hddsDatanode-_-any-4123812459776445268.dir/webapp/,AVAILABLE}{/hddsDatanode}
2019-09-18 09:57:58,818 [main] INFO  server.AbstractConnector (AbstractConnector.java:doStart(278)) - Started ServerConnector@66d25ba9{HTTP/1.1,[http/1.1]}{0.0.0.0:44068}
2019-09-18 09:57:58,821 [main] INFO  server.Server (Server.java:doStart(419)) - Started @202365ms
2019-09-18 09:57:58,822 [main] WARN  impl.MetricsSystemImpl (MetricsSystemImpl.java:register(276)) - Sink prometheus already exists!
2019-09-18 09:57:58,823 [main] INFO  server.BaseHttpServer (BaseHttpServer.java:updateConnectorAddress(215)) - HTTP server of HDDSDATANODE is listening at http://0.0.0.0:44068
2019-09-18 09:57:58,823 [main] INFO  ozone.MiniOzoneClusterImpl (MiniOzoneClusterImpl.java:lambda$waitForClusterToBeReady$0(145)) - Waiting for cluster to be ready. Got 0 of 7 DN Heartbeats.
2019-09-18 09:57:58,824 [org.apache.hadoop.util.JvmPauseMonitor$Monitor@585f1a0d] INFO  util.JvmPauseMonitor (JvmPauseMonitor.java:run(188)) - Starting JVM pause monitor
2019-09-18 09:57:58,826 [Datanode State Machine Thread - 0] INFO  datanode.InitDatanodeState (InitDatanodeState.java:persistContainerDatanodeDetails(140)) - DatanodeDetails is persisted to /workdir/hadoop-ozone/integration-test/target/test-dir/MiniOzoneClusterImpl-29f84033-bd2d-4869-8500-f34df785535c/datanode-6/meta/datanode.id
2019-09-18 09:57:59,823 [main] INFO  ozone.MiniOzoneClusterImpl (MiniOzoneClusterImpl.java:lambda$waitForClusterToBeReady$0(145)) - Waiting for cluster to be ready. Got 0 of 7 DN Heartbeats.
2019-09-18 09:58:00,824 [main] INFO  ozone.MiniOzoneClusterImpl (MiniOzoneClusterImpl.java:lambda$waitForClusterToBeReady$0(145)) - Waiting for cluster to be ready. Got 0 of 7 DN Heartbeats.
2019-09-18 09:58:01,825 [main] INFO  ozone.MiniOzoneClusterImpl (MiniOzoneClusterImpl.java:lambda$waitForClusterToBeReady$0(145)) - Waiting for cluster to be ready. Got 0 of 7 DN Heartbeats.
2019-09-18 09:58:02,190 [Datanode State Machine Thread - 0] INFO  ozoneimpl.OzoneContainer (OzoneContainer.java:start(217)) - Attempting to start container services.
2019-09-18 09:58:02,190 [Datanode State Machine Thread - 0] INFO  ozoneimpl.OzoneContainer (OzoneContainer.java:start(217)) - Attempting to start container services.
2019-09-18 09:58:02,190 [Datanode State Machine Thread - 0] INFO  ozoneimpl.OzoneContainer (OzoneContainer.java:start(217)) - Attempting to start container services.
2019-09-18 09:58:02,190 [Datanode State Machine Thread - 0] INFO  ozoneimpl.OzoneContainer (OzoneContainer.java:start(217)) - Attempting to start container services.
2019-09-18 09:58:02,190 [Datanode State Machine Thread - 0] INFO  ozoneimpl.OzoneContainer (OzoneContainer.java:start(217)) - Attempting to start container services.
2019-09-18 09:58:02,190 [Datanode State Machine Thread - 0] INFO  ozoneimpl.OzoneContainer (OzoneContainer.java:start(217)) - Attempting to start container services.
2019-09-18 09:58:02,190 [Datanode State Machine Thread - 0] INFO  ozoneimpl.OzoneContainer (OzoneContainer.java:start(217)) - Attempting to start container services.
2019-09-18 09:58:02,191 [Datanode State Machine Thread - 0] INFO  ozoneimpl.OzoneContainer (OzoneContainer.java:startContainerScrub(179)) - Background container scanner has been disabled.
2019-09-18 09:58:02,191 [Datanode State Machine Thread - 0] INFO  ozoneimpl.OzoneContainer (OzoneContainer.java:startContainerScrub(179)) - Background container scanner has been disabled.
2019-09-18 09:58:02,191 [Datanode State Machine Thread - 0] INFO  ozoneimpl.OzoneContainer (OzoneContainer.java:startContainerScrub(179)) - Background container scanner has been disabled.
2019-09-18 09:58:02,192 [Datanode State Machine Thread - 0] INFO  ratis.XceiverServerRatis (XceiverServerRatis.java:start(411)) - Starting XceiverServerRatis 36ed70af-376b-40f3-9249-55a5a03d45d8 at port 0
2019-09-18 09:58:02,191 [Datanode State Machine Thread - 0] INFO  ozoneimpl.OzoneContainer (OzoneContainer.java:startContainerScrub(179)) - Background container scanner has been disabled.
2019-09-18 09:58:02,192 [Datanode State Machine Thread - 0] INFO  ratis.XceiverServerRatis (XceiverServerRatis.java:start(411)) - Starting XceiverServerRatis 59e26ea6-1ca6-4790-a671-9b2bff083d73 at port 0
2019-09-18 09:58:02,191 [Datanode State Machine Thread - 0] INFO  ozoneimpl.OzoneContainer (OzoneContainer.java:startContainerScrub(179)) - Background container scanner has been disabled.
2019-09-18 09:58:02,191 [Datanode State Machine Thread - 0] INFO  ozoneimpl.OzoneContainer (OzoneContainer.java:startContainerScrub(179)) - Background container scanner has been disabled.
2019-09-18 09:58:02,193 [Datanode State Machine Thread - 0] INFO  ratis.XceiverServerRatis (XceiverServerRatis.java:start(411)) - Starting XceiverServerRatis 49f6b94c-0106-4685-b069-29ee7e29d9a9 at port 0
2019-09-18 09:58:02,192 [Datanode State Machine Thread - 0] INFO  ratis.XceiverServerRatis (XceiverServerRatis.java:start(411)) - Starting XceiverServerRatis 0fd0c2ec-25ce-43f1-a744-fbda5465e5dd at port 0
2019-09-18 09:58:02,192 [Datanode State Machine Thread - 0] INFO  ratis.XceiverServerRatis (XceiverServerRatis.java:start(411)) - Starting XceiverServerRatis 25fcce2d-b211-4470-848f-cc203df7fa47 at port 0
2019-09-18 09:58:02,192 [Datanode State Machine Thread - 0] INFO  ozoneimpl.OzoneContainer (OzoneContainer.java:startContainerScrub(179)) - Background container scanner has been disabled.
2019-09-18 09:58:02,193 [Datanode State Machine Thread - 0] INFO  ratis.XceiverServerRatis (XceiverServerRatis.java:start(411)) - Starting XceiverServerRatis 0c2b2860-0b45-4f42-ad7c-2b288a3e9202 at port 0
2019-09-18 09:58:02,194 [Datanode State Machine Thread - 0] INFO  ratis.XceiverServerRatis (XceiverServerRatis.java:start(411)) - Starting XceiverServerRatis 186a6e78-09e6-4574-b547-f353bdf9fe3d at port 0
2019-09-18 09:58:02,240 [Datanode State Machine Thread - 0] INFO  impl.RaftServerProxy (RaftServerProxy.java:lambda$start$3(299)) - 0c2b2860-0b45-4f42-ad7c-2b288a3e9202: start RPC server
2019-09-18 09:58:02,240 [Datanode State Machine Thread - 0] INFO  impl.RaftServerProxy (RaftServerProxy.java:lambda$start$3(299)) - 59e26ea6-1ca6-4790-a671-9b2bff083d73: start RPC server
2019-09-18 09:58:02,246 [Datanode State Machine Thread - 0] INFO  impl.RaftServerProxy (RaftServerProxy.java:lambda$start$3(299)) - 36ed70af-376b-40f3-9249-55a5a03d45d8: start RPC server
2019-09-18 09:58:02,246 [Datanode State Machine Thread - 0] INFO  impl.RaftServerProxy (RaftServerProxy.java:lambda$start$3(299)) - 49f6b94c-0106-4685-b069-29ee7e29d9a9: start RPC server
2019-09-18 09:58:02,247 [Datanode State Machine Thread - 0] INFO  server.GrpcService (GrpcService.java:startImpl(158)) - 59e26ea6-1ca6-4790-a671-9b2bff083d73: GrpcService started, listening on 0.0.0.0/0.0.0.0:43404
2019-09-18 09:58:02,250 [Datanode State Machine Thread - 0] INFO  impl.RaftServerProxy (RaftServerProxy.java:lambda$start$3(299)) - 0fd0c2ec-25ce-43f1-a744-fbda5465e5dd: start RPC server
2019-09-18 09:58:02,250 [Datanode State Machine Thread - 0] INFO  server.GrpcService (GrpcService.java:startImpl(158)) - 49f6b94c-0106-4685-b069-29ee7e29d9a9: GrpcService started, listening on 0.0.0.0/0.0.0.0:35449
2019-09-18 09:58:02,250 [Datanode State Machine Thread - 0] INFO  impl.RaftServerProxy (RaftServerProxy.java:lambda$start$3(299)) - 186a6e78-09e6-4574-b547-f353bdf9fe3d: start RPC server
2019-09-18 09:58:02,250 [Datanode State Machine Thread - 0] INFO  server.GrpcService (GrpcService.java:startImpl(158)) - 36ed70af-376b-40f3-9249-55a5a03d45d8: GrpcService started, listening on 0.0.0.0/0.0.0.0:42078
2019-09-18 09:58:02,247 [Datanode State Machine Thread - 0] INFO  server.GrpcService (GrpcService.java:startImpl(158)) - 0c2b2860-0b45-4f42-ad7c-2b288a3e9202: GrpcService started, listening on 0.0.0.0/0.0.0.0:44821
2019-09-18 09:58:02,247 [Datanode State Machine Thread - 0] INFO  impl.RaftServerProxy (RaftServerProxy.java:lambda$start$3(299)) - 25fcce2d-b211-4470-848f-cc203df7fa47: start RPC server
2019-09-18 09:58:02,266 [Datanode State Machine Thread - 0] INFO  ratis.XceiverServerRatis (XceiverServerRatis.java:start(421)) - XceiverServerRatis 0c2b2860-0b45-4f42-ad7c-2b288a3e9202 is started using port 44821
2019-09-18 09:58:02,267 [Datanode State Machine Thread - 0] INFO  server.GrpcService (GrpcService.java:startImpl(158)) - 186a6e78-09e6-4574-b547-f353bdf9fe3d: GrpcService started, listening on 0.0.0.0/0.0.0.0:44451
2019-09-18 09:58:02,252 [Datanode State Machine Thread - 0] INFO  ratis.XceiverServerRatis (XceiverServerRatis.java:start(421)) - XceiverServerRatis 36ed70af-376b-40f3-9249-55a5a03d45d8 is started using port 42078
2019-09-18 09:58:02,252 [Datanode State Machine Thread - 0] INFO  server.GrpcService (GrpcService.java:startImpl(158)) - 0fd0c2ec-25ce-43f1-a744-fbda5465e5dd: GrpcService started, listening on 0.0.0.0/0.0.0.0:35877
2019-09-18 09:58:02,250 [Datanode State Machine Thread - 0] INFO  ratis.XceiverServerRatis (XceiverServerRatis.java:start(421)) - XceiverServerRatis 49f6b94c-0106-4685-b069-29ee7e29d9a9 is started using port 35449
2019-09-18 09:58:02,250 [Datanode State Machine Thread - 0] INFO  ratis.XceiverServerRatis (XceiverServerRatis.java:start(421)) - XceiverServerRatis 59e26ea6-1ca6-4790-a671-9b2bff083d73 is started using port 43404
2019-09-18 09:58:02,270 [Datanode State Machine Thread - 0] INFO  server.XceiverServerGrpc (XceiverServerGrpc.java:start(163)) - XceiverServerGrpc 36ed70af-376b-40f3-9249-55a5a03d45d8 is started using port 43211
2019-09-18 09:58:02,268 [Datanode State Machine Thread - 0] INFO  ratis.XceiverServerRatis (XceiverServerRatis.java:start(421)) - XceiverServerRatis 0fd0c2ec-25ce-43f1-a744-fbda5465e5dd is started using port 35877
2019-09-18 09:58:02,268 [Datanode State Machine Thread - 0] INFO  server.GrpcService (GrpcService.java:startImpl(158)) - 25fcce2d-b211-4470-848f-cc203df7fa47: GrpcService started, listening on 0.0.0.0/0.0.0.0:32826
2019-09-18 09:58:02,268 [Datanode State Machine Thread - 0] INFO  server.XceiverServerGrpc (XceiverServerGrpc.java:start(163)) - XceiverServerGrpc 0c2b2860-0b45-4f42-ad7c-2b288a3e9202 is started using port 44490
2019-09-18 09:58:02,268 [Datanode State Machine Thread - 0] INFO  ratis.XceiverServerRatis (XceiverServerRatis.java:start(421)) - XceiverServerRatis 186a6e78-09e6-4574-b547-f353bdf9fe3d is started using port 44451
2019-09-18 09:58:02,272 [Datanode State Machine Thread - 0] INFO  ratis.XceiverServerRatis (XceiverServerRatis.java:start(421)) - XceiverServerRatis 25fcce2d-b211-4470-848f-cc203df7fa47 is started using port 32826
2019-09-18 09:58:02,272 [Datanode State Machine Thread - 0] INFO  server.XceiverServerGrpc (XceiverServerGrpc.java:start(163)) - XceiverServerGrpc 59e26ea6-1ca6-4790-a671-9b2bff083d73 is started using port 45244
2019-09-18 09:58:02,270 [Datanode State Machine Thread - 0] INFO  server.XceiverServerGrpc (XceiverServerGrpc.java:start(163)) - XceiverServerGrpc 49f6b94c-0106-4685-b069-29ee7e29d9a9 is started using port 41906
2019-09-18 09:58:02,283 [Datanode State Machine Thread - 0] INFO  server.XceiverServerGrpc (XceiverServerGrpc.java:start(163)) - XceiverServerGrpc 25fcce2d-b211-4470-848f-cc203df7fa47 is started using port 36730
2019-09-18 09:58:02,279 [Datanode State Machine Thread - 0] INFO  server.XceiverServerGrpc (XceiverServerGrpc.java:start(163)) - XceiverServerGrpc 186a6e78-09e6-4574-b547-f353bdf9fe3d is started using port 45533
2019-09-18 09:58:02,272 [Datanode State Machine Thread - 0] INFO  server.XceiverServerGrpc (XceiverServerGrpc.java:start(163)) - XceiverServerGrpc 0fd0c2ec-25ce-43f1-a744-fbda5465e5dd is started using port 39983
2019-09-18 09:58:02,347 [IPC Server handler 0 on 40488] INFO  net.NetworkTopology (NetworkTopologyImpl.java:add(111)) - Added a new node: /default-rack/59e26ea6-1ca6-4790-a671-9b2bff083d73
2019-09-18 09:58:02,350 [IPC Server handler 0 on 40488] INFO  node.SCMNodeManager (SCMNodeManager.java:register(266)) - Registered Data node : 59e26ea6-1ca6-4790-a671-9b2bff083d73{ip: 192.168.34.50, host: pr-hdds-2141-pjvt9-4098185234, networkLocation: /default-rack, certSerialId: null}
2019-09-18 09:58:02,351 [EventQueue-NodeRegistrationContainerReportForDataNodeSafeModeRule] INFO  safemode.SCMSafeModeManager (DataNodeSafeModeRule.java:process(71)) - SCM in safe mode. 1 DataNodes registered, 1 required.
2019-09-18 09:58:02,353 [EventQueue-NodeRegistrationContainerReportForDataNodeSafeModeRule] INFO  safemode.SCMSafeModeManager (SCMSafeModeManager.java:validateSafeModeExitRules(177)) - ScmSafeModeManager, all rules are successfully validated
2019-09-18 09:58:02,354 [EventQueue-NodeRegistrationContainerReportForDataNodeSafeModeRule] INFO  safemode.SCMSafeModeManager (SCMSafeModeManager.java:exitSafeMode(193)) - SCM exiting safe mode.
2019-09-18 09:58:02,372 [grpc-default-executor-5] INFO  impl.RaftServerProxy (RaftServerProxy.java:addNew(89)) - 59e26ea6-1ca6-4790-a671-9b2bff083d73: addNew group-025C5DD205BD:[59e26ea6-1ca6-4790-a671-9b2bff083d73:192.168.34.50:43404] returns group-025C5DD205BD:java.util.concurrent.CompletableFuture@4bee9250[Not completed]
2019-09-18 09:58:02,375 [pool-295-thread-1] INFO  impl.RaftServerImpl (RaftServerImpl.java:<init>(95)) - 59e26ea6-1ca6-4790-a671-9b2bff083d73: new RaftServerImpl for group-025C5DD205BD:[59e26ea6-1ca6-4790-a671-9b2bff083d73:192.168.34.50:43404] with ContainerStateMachine:uninitialized
2019-09-18 09:58:02,375 [pool-295-thread-1] INFO  server.RaftServerConfigKeys (ConfUtils.java:logGet(43)) - raft.server.rpc.timeout.min = 5s (custom)
2019-09-18 09:58:02,376 [pool-295-thread-1] INFO  server.RaftServerConfigKeys (ConfUtils.java:logGet(43)) - raft.server.rpc.timeout.max = 5200ms (custom)
2019-09-18 09:58:02,376 [pool-295-thread-1] INFO  server.RaftServerConfigKeys (ConfUtils.java:logGet(43)) - raft.server.rpcslowness.timeout = 120s (custom)
2019-09-18 09:58:02,376 [pool-295-thread-1] INFO  server.RaftServerConfigKeys (ConfUtils.java:logGet(43)) - raft.server.sleep.deviation.threshold = 300 (default)
2019-09-18 09:58:02,376 [pool-295-thread-1] INFO  server.RaftServerConfigKeys (ConfUtils.java:logGet(43)) - raft.server.log.appender.install.snapshot.enabled = false (custom)
2019-09-18 09:58:02,376 [pool-295-thread-1] INFO  impl.RaftServerImpl (ServerState.java:<init>(103)) - 59e26ea6-1ca6-4790-a671-9b2bff083d73@group-025C5DD205BD: ConfigurationManager, init=-1: [59e26ea6-1ca6-4790-a671-9b2bff083d73:192.168.34.50:43404], old=null, confs=<EMPTY_MAP>
2019-09-18 09:58:02,376 [pool-295-thread-1] INFO  server.RaftServerConfigKeys (ConfUtils.java:logGet(43)) - raft.server.storage.dir = [/workdir/hadoop-ozone/integration-test/target/test-dir/MiniOzoneClusterImpl-29f84033-bd2d-4869-8500-f34df785535c/datanode-0/data/ratis] (custom)
2019-09-18 09:58:02,377 [pool-295-thread-1] INFO  storage.RaftStorageDirectory (RaftStorageDirectory.java:analyzeStorage(246)) - The storage directory /workdir/hadoop-ozone/integration-test/target/test-dir/MiniOzoneClusterImpl-29f84033-bd2d-4869-8500-f34df785535c/datanode-0/data/ratis/adbe581b-6a75-45ef-b93e-025c5dd205bd does not exist. Creating ...
2019-09-18 09:58:02,388 [pool-295-thread-1] INFO  storage.RaftStorageDirectory (RaftStorageDirectory.java:tryLock(328)) - Lock on /workdir/hadoop-ozone/integration-test/target/test-dir/MiniOzoneClusterImpl-29f84033-bd2d-4869-8500-f34df785535c/datanode-0/data/ratis/adbe581b-6a75-45ef-b93e-025c5dd205bd/in_use.lock acquired by nodename 867@pr-hdds-2141-pjvt9-4098185234
2019-09-18 09:58:02,396 [pool-295-thread-1] INFO  storage.RaftStorage (RaftStorage.java:format(72)) - Storage directory /workdir/hadoop-ozone/integration-test/target/test-dir/MiniOzoneClusterImpl-29f84033-bd2d-4869-8500-f34df785535c/datanode-0/data/ratis/adbe581b-6a75-45ef-b93e-025c5dd205bd has been successfully formatted.
2019-09-18 09:58:02,396 [pool-295-thread-1] INFO  ratis.ContainerStateMachine (ContainerStateMachine.java:loadSnapshot(230)) - group-025C5DD205BD: The snapshot info is null. Setting the last applied indexto:(t:0, i:~)
2019-09-18 09:58:02,396 [pool-295-thread-1] INFO  server.RaftServerConfigKeys (ConfUtils.java:logGet(43)) - raft.server.notification.no-leader.timeout = 120s (custom)
2019-09-18 09:58:02,396 [pool-295-thread-1] INFO  server.RaftServerConfigKeys (ConfUtils.java:logGet(43)) - raft.server.log.use.memory = false (default)
2019-09-18 09:58:02,397 [pool-295-thread-1] INFO  server.RaftServerConfigKeys (ConfUtils.java:logGet(43)) - raft.server.log.purge.gap = 1000000 (custom)
2019-09-18 09:58:02,397 [pool-295-thread-1] INFO  server.RaftServerConfigKeys (ConfUtils.java:logGet(43)) - raft.server.log.appender.buffer.byte-limit = 33554432 (custom)
2019-09-18 09:58:02,397 [pool-295-thread-1] INFO  server.RaftServerConfigKeys (ConfUtils.java:logGet(43)) - raft.server.log.segment.size.max = 1048576 (custom)
2019-09-18 09:58:02,397 [pool-295-thread-1] INFO  server.RaftServerConfigKeys (ConfUtils.java:logGet(43)) - raft.server.log.segment.cache.num.max = 2 (custom)
2019-09-18 09:58:02,397 [pool-295-thread-1] INFO  segmented.SegmentedRaftLogWorker (SegmentedRaftLogWorker.java:<init>(172)) - new 59e26ea6-1ca6-4790-a671-9b2bff083d73@group-025C5DD205BD-SegmentedRaftLogWorker for RaftStorage:Storage Directory /workdir/hadoop-ozone/integration-test/target/test-dir/MiniOzoneClusterImpl-29f84033-bd2d-4869-8500-f34df785535c/datanode-0/data/ratis/adbe581b-6a75-45ef-b93e-025c5dd205bd
2019-09-18 09:58:02,400 [pool-295-thread-1] INFO  server.RaftServerConfigKeys (ConfUtils.java:logGet(43)) - raft.server.log.queue.byte-limit = 2147483647 (custom)
2019-09-18 09:58:02,400 [pool-295-thread-1] INFO  server.RaftServerConfigKeys (ConfUtils.java:logGet(43)) - raft.server.log.queue.element-limit = 1024 (custom)
2019-09-18 09:58:02,401 [pool-295-thread-1] INFO  server.RaftServerConfigKeys (ConfUtils.java:logGet(43)) - raft.server.log.segment.size.max = 1048576 (custom)
2019-09-18 09:58:02,401 [pool-295-thread-1] INFO  server.RaftServerConfigKeys (ConfUtils.java:logGet(43)) - raft.server.log.preallocated.size = 16384 (custom)
2019-09-18 09:58:02,401 [pool-295-thread-1] INFO  server.RaftServerConfigKeys (ConfUtils.java:logGet(43)) - raft.server.log.write.buffer.size = 33554432 (custom)
2019-09-18 09:58:02,401 [pool-295-thread-1] INFO  server.RaftServerConfigKeys (ConfUtils.java:logGet(43)) - raft.server.log.force.sync.num = 128 (default)
2019-09-18 09:58:02,401 [pool-295-thread-1] INFO  server.RaftServerConfigKeys (ConfUtils.java:logGet(43)) - raft.server.log.statemachine.data.sync = true (default)
2019-09-18 09:58:02,401 [pool-295-thread-1] INFO  server.RaftServerConfigKeys (ConfUtils.java:logGet(43)) - raft.server.log.statemachine.data.sync.timeout = 10s (default)
2019-09-18 09:58:02,401 [pool-295-thread-1] INFO  server.RaftServerConfigKeys (ConfUtils.java:logGet(43)) - raft.server.log.statemachine.data.sync.timeout.retry = -1 (default)
2019-09-18 09:58:02,402 [pool-295-thread-1] INFO  server.RaftServerConfigKeys (ConfUtils.java:logGet(43)) - raft.server.log.statemachine.data.caching.enabled = true (custom)
2019-09-18 09:58:02,402 [pool-295-thread-1] INFO  segmented.SegmentedRaftLogWorker (SegmentedRaftLogWorker.java:lambda$new$0(132)) - 59e26ea6-1ca6-4790-a671-9b2bff083d73@group-025C5DD205BD-SegmentedRaftLogWorker: flushIndex: setUnconditionally 0 -> -1
2019-09-18 09:58:02,402 [pool-295-thread-1] INFO  server.RaftServerConfigKeys (ConfUtils.java:logGet(43)) - raft.server.snapshot.auto.trigger.enabled = true (custom)
2019-09-18 09:58:02,403 [pool-295-thread-1] INFO  server.RaftServerConfigKeys (ConfUtils.java:logGet(43)) - raft.server.snapshot.auto.trigger.threshold = 10000 (custom)
2019-09-18 09:58:02,403 [pool-295-thread-1] INFO  server.RaftServerConfigKeys (ConfUtils.java:logGet(43)) - raft.server.snapshot.retention.num.files = 5 (custom)
2019-09-18 09:58:02,403 [pool-295-thread-1] INFO  server.RaftServerConfigKeys (ConfUtils.java:logGet(43)) - raft.server.retrycache.expirytime = 600000ms (custom)
2019-09-18 09:58:02,405 [pool-295-thread-1] INFO  impl.RaftServerImpl (RaftServerImpl.java:start(185)) - 59e26ea6-1ca6-4790-a671-9b2bff083d73@group-025C5DD205BD: start as a follower, conf=-1: [59e26ea6-1ca6-4790-a671-9b2bff083d73:192.168.34.50:43404], old=null
2019-09-18 09:58:02,405 [pool-295-thread-1] INFO  impl.RaftServerImpl (RaftServerImpl.java:setRole(174)) - 59e26ea6-1ca6-4790-a671-9b2bff083d73@group-025C5DD205BD: changes role from      null to FOLLOWER at term 0 for startAsFollower
2019-09-18 09:58:02,405 [pool-295-thread-1] INFO  impl.RoleInfo (RoleInfo.java:updateAndGet(143)) - 59e26ea6-1ca6-4790-a671-9b2bff083d73: start FollowerState
2019-09-18 09:58:02,406 [pool-295-thread-1] INFO  util.JmxRegister (JmxRegister.java:tryRegister(44)) - Successfully registered JMX Bean with object name Ratis:service=RaftServer,group=group-025C5DD205BD,id=59e26ea6-1ca6-4790-a671-9b2bff083d73
2019-09-18 09:58:02,420 [IPC Server handler 1 on 40488] INFO  net.NetworkTopology (NetworkTopologyImpl.java:add(111)) - Added a new node: /default-rack/36ed70af-376b-40f3-9249-55a5a03d45d8
2019-09-18 09:58:02,421 [IPC Server handler 1 on 40488] INFO  node.SCMNodeManager (SCMNodeManager.java:register(266)) - Registered Data node : 36ed70af-376b-40f3-9249-55a5a03d45d8{ip: 192.168.34.50, host: pr-hdds-2141-pjvt9-4098185234, networkLocation: /default-rack, certSerialId: null}
2019-09-18 09:58:02,426 [RatisPipelineUtilsThread] INFO  pipeline.PipelineStateManager (PipelineStateManager.java:addPipeline(56)) - Created pipeline Pipeline[ Id: adbe581b-6a75-45ef-b93e-025c5dd205bd, Nodes: 59e26ea6-1ca6-4790-a671-9b2bff083d73{ip: 192.168.34.50, host: pr-hdds-2141-pjvt9-4098185234, networkLocation: /default-rack, certSerialId: null}, Type:RATIS, Factor:ONE, State:OPEN]
2019-09-18 09:58:02,435 [grpc-default-executor-5] INFO  impl.RaftServerProxy (RaftServerProxy.java:addNew(89)) - 36ed70af-376b-40f3-9249-55a5a03d45d8: addNew group-87DF24BE448E:[36ed70af-376b-40f3-9249-55a5a03d45d8:192.168.34.50:42078] returns group-87DF24BE448E:java.util.concurrent.CompletableFuture@56c84bdf[Not completed]
2019-09-18 09:58:02,436 [pool-305-thread-1] INFO  impl.RaftServerImpl (RaftServerImpl.java:<init>(95)) - 36ed70af-376b-40f3-9249-55a5a03d45d8: new RaftServerImpl for group-87DF24BE448E:[36ed70af-376b-40f3-9249-55a5a03d45d8:192.168.34.50:42078] with ContainerStateMachine:uninitialized
2019-09-18 09:58:02,437 [pool-305-thread-1] INFO  server.RaftServerConfigKeys (ConfUtils.java:logGet(43)) - raft.server.rpc.timeout.min = 5s (custom)
2019-09-18 09:58:02,437 [pool-305-thread-1] INFO  server.RaftServerConfigKeys (ConfUtils.java:logGet(43)) - raft.server.rpc.timeout.max = 5200ms (custom)
2019-09-18 09:58:02,437 [pool-305-thread-1] INFO  server.RaftServerConfigKeys (ConfUtils.java:logGet(43)) - raft.server.rpcslowness.timeout = 120s (custom)
2019-09-18 09:58:02,437 [pool-305-thread-1] INFO  server.RaftServerConfigKeys (ConfUtils.java:logGet(43)) - raft.server.sleep.deviation.threshold = 300 (default)
2019-09-18 09:58:02,437 [pool-305-thread-1] INFO  server.RaftServerConfigKeys (ConfUtils.java:logGet(43)) - raft.server.log.appender.install.snapshot.enabled = false (custom)
2019-09-18 09:58:02,437 [pool-305-thread-1] INFO  impl.RaftServerImpl (ServerState.java:<init>(103)) - 36ed70af-376b-40f3-9249-55a5a03d45d8@group-87DF24BE448E: ConfigurationManager, init=-1: [36ed70af-376b-40f3-9249-55a5a03d45d8:192.168.34.50:42078], old=null, confs=<EMPTY_MAP>
2019-09-18 09:58:02,438 [pool-305-thread-1] INFO  server.RaftServerConfigKeys (ConfUtils.java:logGet(43)) - raft.server.storage.dir = [/workdir/hadoop-ozone/integration-test/target/test-dir/MiniOzoneClusterImpl-29f84033-bd2d-4869-8500-f34df785535c/datanode-1/data/ratis] (custom)
2019-09-18 09:58:02,438 [pool-305-thread-1] INFO  storage.RaftStorageDirectory (RaftStorageDirectory.java:analyzeStorage(246)) - The storage directory /workdir/hadoop-ozone/integration-test/target/test-dir/MiniOzoneClusterImpl-29f84033-bd2d-4869-8500-f34df785535c/datanode-1/data/ratis/08667160-1dc3-4228-9a4e-87df24be448e does not exist. Creating ...
2019-09-18 09:58:02,446 [pool-305-thread-1] INFO  storage.RaftStorageDirectory (RaftStorageDirectory.java:tryLock(328)) - Lock on /workdir/hadoop-ozone/integration-test/target/test-dir/MiniOzoneClusterImpl-29f84033-bd2d-4869-8500-f34df785535c/datanode-1/data/ratis/08667160-1dc3-4228-9a4e-87df24be448e/in_use.lock acquired by nodename 867@pr-hdds-2141-pjvt9-4098185234
2019-09-18 09:58:02,455 [pool-305-thread-1] INFO  storage.RaftStorage (RaftStorage.java:format(72)) - Storage directory /workdir/hadoop-ozone/integration-test/target/test-dir/MiniOzoneClusterImpl-29f84033-bd2d-4869-8500-f34df785535c/datanode-1/data/ratis/08667160-1dc3-4228-9a4e-87df24be448e has been successfully formatted.
2019-09-18 09:58:02,455 [pool-305-thread-1] INFO  ratis.ContainerStateMachine (ContainerStateMachine.java:loadSnapshot(230)) - group-87DF24BE448E: The snapshot info is null. Setting the last applied indexto:(t:0, i:~)
2019-09-18 09:58:02,455 [pool-305-thread-1] INFO  server.RaftServerConfigKeys (ConfUtils.java:logGet(43)) - raft.server.notification.no-leader.timeout = 120s (custom)
2019-09-18 09:58:02,455 [pool-305-thread-1] INFO  server.RaftServerConfigKeys (ConfUtils.java:logGet(43)) - raft.server.log.use.memory = false (default)
2019-09-18 09:58:02,456 [pool-305-thread-1] INFO  server.RaftServerConfigKeys (ConfUtils.java:logGet(43)) - raft.server.log.purge.gap = 1000000 (custom)
2019-09-18 09:58:02,456 [pool-305-thread-1] INFO  server.RaftServerConfigKeys (ConfUtils.java:logGet(43)) - raft.server.log.appender.buffer.byte-limit = 33554432 (custom)
2019-09-18 09:58:02,456 [pool-305-thread-1] INFO  server.RaftServerConfigKeys (ConfUtils.java:logGet(43)) - raft.server.log.segment.size.max = 1048576 (custom)
2019-09-18 09:58:02,456 [pool-305-thread-1] INFO  server.RaftServerConfigKeys (ConfUtils.java:logGet(43)) - raft.server.log.segment.cache.num.max = 2 (custom)
2019-09-18 09:58:02,456 [pool-305-thread-1] INFO  segmented.SegmentedRaftLogWorker (SegmentedRaftLogWorker.java:<init>(172)) - new 36ed70af-376b-40f3-9249-55a5a03d45d8@group-87DF24BE448E-SegmentedRaftLogWorker for RaftStorage:Storage Directory /workdir/hadoop-ozone/integration-test/target/test-dir/MiniOzoneClusterImpl-29f84033-bd2d-4869-8500-f34df785535c/datanode-1/data/ratis/08667160-1dc3-4228-9a4e-87df24be448e
2019-09-18 09:58:02,458 [pool-305-thread-1] INFO  server.RaftServerConfigKeys (ConfUtils.java:logGet(43)) - raft.server.log.queue.byte-limit = 2147483647 (custom)
2019-09-18 09:58:02,459 [pool-305-thread-1] INFO  server.RaftServerConfigKeys (ConfUtils.java:logGet(43)) - raft.server.log.queue.element-limit = 1024 (custom)
2019-09-18 09:58:02,459 [pool-305-thread-1] INFO  server.RaftServerConfigKeys (ConfUtils.java:logGet(43)) - raft.server.log.segment.size.max = 1048576 (custom)
2019-09-18 09:58:02,459 [pool-305-thread-1] INFO  server.RaftServerConfigKeys (ConfUtils.java:logGet(43)) - raft.server.log.preallocated.size = 16384 (custom)
2019-09-18 09:58:02,459 [pool-305-thread-1] INFO  server.RaftServerConfigKeys (ConfUtils.java:logGet(43)) - raft.server.log.write.buffer.size = 33554432 (custom)
2019-09-18 09:58:02,459 [pool-305-thread-1] INFO  server.RaftServerConfigKeys (ConfUtils.java:logGet(43)) - raft.server.log.force.sync.num = 128 (default)
2019-09-18 09:58:02,459 [pool-305-thread-1] INFO  server.RaftServerConfigKeys (ConfUtils.java:logGet(43)) - raft.server.log.statemachine.data.sync = true (default)
2019-09-18 09:58:02,460 [pool-305-thread-1] INFO  server.RaftServerConfigKeys (ConfUtils.java:logGet(43)) - raft.server.log.statemachine.data.sync.timeout = 10s (default)
2019-09-18 09:58:02,460 [pool-305-thread-1] INFO  server.RaftServerConfigKeys (ConfUtils.java:logGet(43)) - raft.server.log.statemachine.data.sync.timeout.retry = -1 (default)
2019-09-18 09:58:02,460 [pool-305-thread-1] INFO  server.RaftServerConfigKeys (ConfUtils.java:logGet(43)) - raft.server.log.statemachine.data.caching.enabled = true (custom)
2019-09-18 09:58:02,460 [pool-305-thread-1] INFO  segmented.SegmentedRaftLogWorker (SegmentedRaftLogWorker.java:lambda$new$0(132)) - 36ed70af-376b-40f3-9249-55a5a03d45d8@group-87DF24BE448E-SegmentedRaftLogWorker: flushIndex: setUnconditionally 0 -> -1
2019-09-18 09:58:02,461 [pool-305-thread-1] INFO  server.RaftServerConfigKeys (ConfUtils.java:logGet(43)) - raft.server.snapshot.auto.trigger.enabled = true (custom)
2019-09-18 09:58:02,461 [pool-305-thread-1] INFO  server.RaftServerConfigKeys (ConfUtils.java:logGet(43)) - raft.server.snapshot.auto.trigger.threshold = 10000 (custom)
2019-09-18 09:58:02,461 [pool-305-thread-1] INFO  server.RaftServerConfigKeys (ConfUtils.java:logGet(43)) - raft.server.snapshot.retention.num.files = 5 (custom)
2019-09-18 09:58:02,461 [pool-305-thread-1] INFO  server.RaftServerConfigKeys (ConfUtils.java:logGet(43)) - raft.server.retrycache.expirytime = 600000ms (custom)
2019-09-18 09:58:02,463 [pool-305-thread-1] INFO  impl.RaftServerImpl (RaftServerImpl.java:start(185)) - 36ed70af-376b-40f3-9249-55a5a03d45d8@group-87DF24BE448E: start as a follower, conf=-1: [36ed70af-376b-40f3-9249-55a5a03d45d8:192.168.34.50:42078], old=null
2019-09-18 09:58:02,463 [pool-305-thread-1] INFO  impl.RaftServerImpl (RaftServerImpl.java:setRole(174)) - 36ed70af-376b-40f3-9249-55a5a03d45d8@group-87DF24BE448E: changes role from      null to FOLLOWER at term 0 for startAsFollower
2019-09-18 09:58:02,463 [pool-305-thread-1] INFO  impl.RoleInfo (RoleInfo.java:updateAndGet(143)) - 36ed70af-376b-40f3-9249-55a5a03d45d8: start FollowerState
2019-09-18 09:58:02,464 [pool-305-thread-1] INFO  util.JmxRegister (JmxRegister.java:tryRegister(44)) - Successfully registered JMX Bean with object name Ratis:service=RaftServer,group=group-87DF24BE448E,id=36ed70af-376b-40f3-9249-55a5a03d45d8
2019-09-18 09:58:02,468 [RatisPipelineUtilsThread] INFO  pipeline.PipelineStateManager (PipelineStateManager.java:addPipeline(56)) - Created pipeline Pipeline[ Id: 08667160-1dc3-4228-9a4e-87df24be448e, Nodes: 36ed70af-376b-40f3-9249-55a5a03d45d8{ip: 192.168.34.50, host: pr-hdds-2141-pjvt9-4098185234, networkLocation: /default-rack, certSerialId: null}, Type:RATIS, Factor:ONE, State:OPEN]
2019-09-18 09:58:02,487 [IPC Server handler 3 on 40488] INFO  net.NetworkTopology (NetworkTopologyImpl.java:add(111)) - Added a new node: /default-rack/25fcce2d-b211-4470-848f-cc203df7fa47
2019-09-18 09:58:02,487 [IPC Server handler 3 on 40488] INFO  node.SCMNodeManager (SCMNodeManager.java:register(266)) - Registered Data node : 25fcce2d-b211-4470-848f-cc203df7fa47{ip: 192.168.34.50, host: pr-hdds-2141-pjvt9-4098185234, networkLocation: /default-rack, certSerialId: null}
2019-09-18 09:58:02,493 [grpc-default-executor-5] INFO  impl.RaftServerProxy (RaftServerProxy.java:addNew(89)) - 25fcce2d-b211-4470-848f-cc203df7fa47: addNew group-862C06C9E680:[25fcce2d-b211-4470-848f-cc203df7fa47:192.168.34.50:32826] returns group-862C06C9E680:java.util.concurrent.CompletableFuture@5f9d0cf3[Not completed]
2019-09-18 09:58:02,494 [pool-315-thread-1] INFO  impl.RaftServerImpl (RaftServerImpl.java:<init>(95)) - 25fcce2d-b211-4470-848f-cc203df7fa47: new RaftServerImpl for group-862C06C9E680:[25fcce2d-b211-4470-848f-cc203df7fa47:192.168.34.50:32826] with ContainerStateMachine:uninitialized
2019-09-18 09:58:02,494 [pool-315-thread-1] INFO  server.RaftServerConfigKeys (ConfUtils.java:logGet(43)) - raft.server.rpc.timeout.min = 5s (custom)
2019-09-18 09:58:02,495 [pool-315-thread-1] INFO  server.RaftServerConfigKeys (ConfUtils.java:logGet(43)) - raft.server.rpc.timeout.max = 5200ms (custom)
2019-09-18 09:58:02,495 [pool-315-thread-1] INFO  server.RaftServerConfigKeys (ConfUtils.java:logGet(43)) - raft.server.rpcslowness.timeout = 120s (custom)
2019-09-18 09:58:02,495 [pool-315-thread-1] INFO  server.RaftServerConfigKeys (ConfUtils.java:logGet(43)) - raft.server.sleep.deviation.threshold = 300 (default)
2019-09-18 09:58:02,495 [pool-315-thread-1] INFO  server.RaftServerConfigKeys (ConfUtils.java:logGet(43)) - raft.server.log.appender.install.snapshot.enabled = false (custom)
2019-09-18 09:58:02,495 [pool-315-thread-1] INFO  impl.RaftServerImpl (ServerState.java:<init>(103)) - 25fcce2d-b211-4470-848f-cc203df7fa47@group-862C06C9E680: ConfigurationManager, init=-1: [25fcce2d-b211-4470-848f-cc203df7fa47:192.168.34.50:32826], old=null, confs=<EMPTY_MAP>
2019-09-18 09:58:02,495 [pool-315-thread-1] INFO  server.RaftServerConfigKeys (ConfUtils.java:logGet(43)) - raft.server.storage.dir = [/workdir/hadoop-ozone/integration-test/target/test-dir/MiniOzoneClusterImpl-29f84033-bd2d-4869-8500-f34df785535c/datanode-2/data/ratis] (custom)
2019-09-18 09:58:02,496 [pool-315-thread-1] INFO  storage.RaftStorageDirectory (RaftStorageDirectory.java:analyzeStorage(246)) - The storage directory /workdir/hadoop-ozone/integration-test/target/test-dir/MiniOzoneClusterImpl-29f84033-bd2d-4869-8500-f34df785535c/datanode-2/data/ratis/e2a8f429-45b3-4839-9c69-862c06c9e680 does not exist. Creating ...
2019-09-18 09:58:02,507 [pool-315-thread-1] INFO  storage.RaftStorageDirectory (RaftStorageDirectory.java:tryLock(328)) - Lock on /workdir/hadoop-ozone/integration-test/target/test-dir/MiniOzoneClusterImpl-29f84033-bd2d-4869-8500-f34df785535c/datanode-2/data/ratis/e2a8f429-45b3-4839-9c69-862c06c9e680/in_use.lock acquired by nodename 867@pr-hdds-2141-pjvt9-4098185234
2019-09-18 09:58:02,524 [pool-315-thread-1] INFO  storage.RaftStorage (RaftStorage.java:format(72)) - Storage directory /workdir/hadoop-ozone/integration-test/target/test-dir/MiniOzoneClusterImpl-29f84033-bd2d-4869-8500-f34df785535c/datanode-2/data/ratis/e2a8f429-45b3-4839-9c69-862c06c9e680 has been successfully formatted.
2019-09-18 09:58:02,524 [pool-315-thread-1] INFO  ratis.ContainerStateMachine (ContainerStateMachine.java:loadSnapshot(230)) - group-862C06C9E680: The snapshot info is null. Setting the last applied indexto:(t:0, i:~)
2019-09-18 09:58:02,524 [pool-315-thread-1] INFO  server.RaftServerConfigKeys (ConfUtils.java:logGet(43)) - raft.server.notification.no-leader.timeout = 120s (custom)
2019-09-18 09:58:02,524 [pool-315-thread-1] INFO  server.RaftServerConfigKeys (ConfUtils.java:logGet(43)) - raft.server.log.use.memory = false (default)
2019-09-18 09:58:02,524 [pool-315-thread-1] INFO  server.RaftServerConfigKeys (ConfUtils.java:logGet(43)) - raft.server.log.purge.gap = 1000000 (custom)
2019-09-18 09:58:02,524 [pool-315-thread-1] INFO  server.RaftServerConfigKeys (ConfUtils.java:logGet(43)) - raft.server.log.appender.buffer.byte-limit = 33554432 (custom)
2019-09-18 09:58:02,524 [pool-315-thread-1] INFO  server.RaftServerConfigKeys (ConfUtils.java:logGet(43)) - raft.server.log.segment.size.max = 1048576 (custom)
2019-09-18 09:58:02,524 [pool-315-thread-1] INFO  server.RaftServerConfigKeys (ConfUtils.java:logGet(43)) - raft.server.log.segment.cache.num.max = 2 (custom)
2019-09-18 09:58:02,525 [pool-315-thread-1] INFO  segmented.SegmentedRaftLogWorker (SegmentedRaftLogWorker.java:<init>(172)) - new 25fcce2d-b211-4470-848f-cc203df7fa47@group-862C06C9E680-SegmentedRaftLogWorker for RaftStorage:Storage Directory /workdir/hadoop-ozone/integration-test/target/test-dir/MiniOzoneClusterImpl-29f84033-bd2d-4869-8500-f34df785535c/datanode-2/data/ratis/e2a8f429-45b3-4839-9c69-862c06c9e680
2019-09-18 09:58:02,527 [pool-315-thread-1] INFO  server.RaftServerConfigKeys (ConfUtils.java:logGet(43)) - raft.server.log.queue.byte-limit = 2147483647 (custom)
2019-09-18 09:58:02,527 [pool-315-thread-1] INFO  server.RaftServerConfigKeys (ConfUtils.java:logGet(43)) - raft.server.log.queue.element-limit = 1024 (custom)
2019-09-18 09:58:02,527 [pool-315-thread-1] INFO  server.RaftServerConfigKeys (ConfUtils.java:logGet(43)) - raft.server.log.segment.size.max = 1048576 (custom)
2019-09-18 09:58:02,528 [pool-315-thread-1] INFO  server.RaftServerConfigKeys (ConfUtils.java:logGet(43)) - raft.server.log.preallocated.size = 16384 (custom)
2019-09-18 09:58:02,528 [pool-315-thread-1] INFO  server.RaftServerConfigKeys (ConfUtils.java:logGet(43)) - raft.server.log.write.buffer.size = 33554432 (custom)
2019-09-18 09:58:02,528 [pool-315-thread-1] INFO  server.RaftServerConfigKeys (ConfUtils.java:logGet(43)) - raft.server.log.force.sync.num = 128 (default)
2019-09-18 09:58:02,528 [pool-315-thread-1] INFO  server.RaftServerConfigKeys (ConfUtils.java:logGet(43)) - raft.server.log.statemachine.data.sync = true (default)
2019-09-18 09:58:02,528 [pool-315-thread-1] INFO  server.RaftServerConfigKeys (ConfUtils.java:logGet(43)) - raft.server.log.statemachine.data.sync.timeout = 10s (default)
2019-09-18 09:58:02,529 [pool-315-thread-1] INFO  server.RaftServerConfigKeys (ConfUtils.java:logGet(43)) - raft.server.log.statemachine.data.sync.timeout.retry = -1 (default)
2019-09-18 09:58:02,529 [pool-315-thread-1] INFO  server.RaftServerConfigKeys (ConfUtils.java:logGet(43)) - raft.server.log.statemachine.data.caching.enabled = true (custom)
2019-09-18 09:58:02,529 [pool-315-thread-1] INFO  segmented.SegmentedRaftLogWorker (SegmentedRaftLogWorker.java:lambda$new$0(132)) - 25fcce2d-b211-4470-848f-cc203df7fa47@group-862C06C9E680-SegmentedRaftLogWorker: flushIndex: setUnconditionally 0 -> -1
2019-09-18 09:58:02,530 [pool-315-thread-1] INFO  server.RaftServerConfigKeys (ConfUtils.java:logGet(43)) - raft.server.snapshot.auto.trigger.enabled = true (custom)
2019-09-18 09:58:02,530 [pool-315-thread-1] INFO  server.RaftServerConfigKeys (ConfUtils.java:logGet(43)) - raft.server.snapshot.auto.trigger.threshold = 10000 (custom)
2019-09-18 09:58:02,530 [pool-315-thread-1] INFO  server.RaftServerConfigKeys (ConfUtils.java:logGet(43)) - raft.server.snapshot.retention.num.files = 5 (custom)
2019-09-18 09:58:02,530 [pool-315-thread-1] INFO  server.RaftServerConfigKeys (ConfUtils.java:logGet(43)) - raft.server.retrycache.expirytime = 600000ms (custom)
2019-09-18 09:58:02,532 [pool-315-thread-1] INFO  impl.RaftServerImpl (RaftServerImpl.java:start(185)) - 25fcce2d-b211-4470-848f-cc203df7fa47@group-862C06C9E680: start as a follower, conf=-1: [25fcce2d-b211-4470-848f-cc203df7fa47:192.168.34.50:32826], old=null
2019-09-18 09:58:02,533 [pool-315-thread-1] INFO  impl.RaftServerImpl (RaftServerImpl.java:setRole(174)) - 25fcce2d-b211-4470-848f-cc203df7fa47@group-862C06C9E680: changes role from      null to FOLLOWER at term 0 for startAsFollower
2019-09-18 09:58:02,533 [pool-315-thread-1] INFO  impl.RoleInfo (RoleInfo.java:updateAndGet(143)) - 25fcce2d-b211-4470-848f-cc203df7fa47: start FollowerState
2019-09-18 09:58:02,533 [pool-315-thread-1] INFO  util.JmxRegister (JmxRegister.java:tryRegister(44)) - Successfully registered JMX Bean with object name Ratis:service=RaftServer,group=group-862C06C9E680,id=25fcce2d-b211-4470-848f-cc203df7fa47
2019-09-18 09:58:02,538 [RatisPipelineUtilsThread] INFO  pipeline.PipelineStateManager (PipelineStateManager.java:addPipeline(56)) - Created pipeline Pipeline[ Id: e2a8f429-45b3-4839-9c69-862c06c9e680, Nodes: 25fcce2d-b211-4470-848f-cc203df7fa47{ip: 192.168.34.50, host: pr-hdds-2141-pjvt9-4098185234, networkLocation: /default-rack, certSerialId: null}, Type:RATIS, Factor:ONE, State:OPEN]
2019-09-18 09:58:02,550 [grpc-default-executor-1] INFO  impl.RaftServerProxy (RaftServerProxy.java:addNew(89)) - 36ed70af-376b-40f3-9249-55a5a03d45d8: addNew group-161DFC9CA29B:[25fcce2d-b211-4470-848f-cc203df7fa47:192.168.34.50:32826, 36ed70af-376b-40f3-9249-55a5a03d45d8:192.168.34.50:42078, 59e26ea6-1ca6-4790-a671-9b2bff083d73:192.168.34.50:43404] returns group-161DFC9CA29B:java.util.concurrent.CompletableFuture@578514fb[Not completed]
2019-09-18 09:58:02,550 [grpc-default-executor-4] INFO  impl.RaftServerProxy (RaftServerProxy.java:addNew(89)) - 59e26ea6-1ca6-4790-a671-9b2bff083d73: addNew group-161DFC9CA29B:[25fcce2d-b211-4470-848f-cc203df7fa47:192.168.34.50:32826, 36ed70af-376b-40f3-9249-55a5a03d45d8:192.168.34.50:42078, 59e26ea6-1ca6-4790-a671-9b2bff083d73:192.168.34.50:43404] returns group-161DFC9CA29B:java.util.concurrent.CompletableFuture@2eb1540[Not completed]
2019-09-18 09:58:02,550 [grpc-default-executor-1] INFO  impl.RaftServerProxy (RaftServerProxy.java:addNew(89)) - 25fcce2d-b211-4470-848f-cc203df7fa47: addNew group-161DFC9CA29B:[25fcce2d-b211-4470-848f-cc203df7fa47:192.168.34.50:32826, 36ed70af-376b-40f3-9249-55a5a03d45d8:192.168.34.50:42078, 59e26ea6-1ca6-4790-a671-9b2bff083d73:192.168.34.50:43404] returns group-161DFC9CA29B:java.util.concurrent.CompletableFuture@786becc8[Not completed]
2019-09-18 09:58:02,551 [pool-305-thread-1] INFO  impl.RaftServerImpl (RaftServerImpl.java:<init>(95)) - 36ed70af-376b-40f3-9249-55a5a03d45d8: new RaftServerImpl for group-161DFC9CA29B:[25fcce2d-b211-4470-848f-cc203df7fa47:192.168.34.50:32826, 36ed70af-376b-40f3-9249-55a5a03d45d8:192.168.34.50:42078, 59e26ea6-1ca6-4790-a671-9b2bff083d73:192.168.34.50:43404] with ContainerStateMachine:uninitialized
2019-09-18 09:58:02,551 [pool-305-thread-1] INFO  server.RaftServerConfigKeys (ConfUtils.java:logGet(43)) - raft.server.rpc.timeout.min = 5s (custom)
2019-09-18 09:58:02,551 [pool-305-thread-1] INFO  server.RaftServerConfigKeys (ConfUtils.java:logGet(43)) - raft.server.rpc.timeout.max = 5200ms (custom)
2019-09-18 09:58:02,551 [pool-305-thread-1] INFO  server.RaftServerConfigKeys (ConfUtils.java:logGet(43)) - raft.server.rpcslowness.timeout = 120s (custom)
2019-09-18 09:58:02,551 [pool-305-thread-1] INFO  server.RaftServerConfigKeys (ConfUtils.java:logGet(43)) - raft.server.sleep.deviation.threshold = 300 (default)
2019-09-18 09:58:02,551 [pool-305-thread-1] INFO  server.RaftServerConfigKeys (ConfUtils.java:logGet(43)) - raft.server.log.appender.install.snapshot.enabled = false (custom)
2019-09-18 09:58:02,551 [pool-305-thread-1] INFO  impl.RaftServerImpl (ServerState.java:<init>(103)) - 36ed70af-376b-40f3-9249-55a5a03d45d8@group-161DFC9CA29B: ConfigurationManager, init=-1: [25fcce2d-b211-4470-848f-cc203df7fa47:192.168.34.50:32826, 36ed70af-376b-40f3-9249-55a5a03d45d8:192.168.34.50:42078, 59e26ea6-1ca6-4790-a671-9b2bff083d73:192.168.34.50:43404], old=null, confs=<EMPTY_MAP>
2019-09-18 09:58:02,551 [pool-305-thread-1] INFO  server.RaftServerConfigKeys (ConfUtils.java:logGet(43)) - raft.server.storage.dir = [/workdir/hadoop-ozone/integration-test/target/test-dir/MiniOzoneClusterImpl-29f84033-bd2d-4869-8500-f34df785535c/datanode-1/data/ratis] (custom)
2019-09-18 09:58:02,552 [pool-295-thread-1] INFO  impl.RaftServerImpl (RaftServerImpl.java:<init>(95)) - 59e26ea6-1ca6-4790-a671-9b2bff083d73: new RaftServerImpl for group-161DFC9CA29B:[25fcce2d-b211-4470-848f-cc203df7fa47:192.168.34.50:32826, 36ed70af-376b-40f3-9249-55a5a03d45d8:192.168.34.50:42078, 59e26ea6-1ca6-4790-a671-9b2bff083d73:192.168.34.50:43404] with ContainerStateMachine:uninitialized
2019-09-18 09:58:02,552 [pool-295-thread-1] INFO  server.RaftServerConfigKeys (ConfUtils.java:logGet(43)) - raft.server.rpc.timeout.min = 5s (custom)
2019-09-18 09:58:02,552 [pool-305-thread-1] INFO  storage.RaftStorageDirectory (RaftStorageDirectory.java:analyzeStorage(246)) - The storage directory /workdir/hadoop-ozone/integration-test/target/test-dir/MiniOzoneClusterImpl-29f84033-bd2d-4869-8500-f34df785535c/datanode-1/data/ratis/194ea532-837a-4930-a3f5-161dfc9ca29b does not exist. Creating ...
2019-09-18 09:58:02,552 [pool-295-thread-1] INFO  server.RaftServerConfigKeys (ConfUtils.java:logGet(43)) - raft.server.rpc.timeout.max = 5200ms (custom)
2019-09-18 09:58:02,552 [pool-295-thread-1] INFO  server.RaftServerConfigKeys (ConfUtils.java:logGet(43)) - raft.server.rpcslowness.timeout = 120s (custom)
2019-09-18 09:58:02,552 [pool-295-thread-1] INFO  server.RaftServerConfigKeys (ConfUtils.java:logGet(43)) - raft.server.sleep.deviation.threshold = 300 (default)
2019-09-18 09:58:02,552 [pool-315-thread-1] INFO  impl.RaftServerImpl (RaftServerImpl.java:<init>(95)) - 25fcce2d-b211-4470-848f-cc203df7fa47: new RaftServerImpl for group-161DFC9CA29B:[25fcce2d-b211-4470-848f-cc203df7fa47:192.168.34.50:32826, 36ed70af-376b-40f3-9249-55a5a03d45d8:192.168.34.50:42078, 59e26ea6-1ca6-4790-a671-9b2bff083d73:192.168.34.50:43404] with ContainerStateMachine:uninitialized
2019-09-18 09:58:02,552 [pool-295-thread-1] INFO  server.RaftServerConfigKeys (ConfUtils.java:logGet(43)) - raft.server.log.appender.install.snapshot.enabled = false (custom)
2019-09-18 09:58:02,553 [pool-315-thread-1] INFO  server.RaftServerConfigKeys (ConfUtils.java:logGet(43)) - raft.server.rpc.timeout.min = 5s (custom)
2019-09-18 09:58:02,553 [pool-295-thread-1] INFO  impl.RaftServerImpl (ServerState.java:<init>(103)) - 59e26ea6-1ca6-4790-a671-9b2bff083d73@group-161DFC9CA29B: ConfigurationManager, init=-1: [25fcce2d-b211-4470-848f-cc203df7fa47:192.168.34.50:32826, 36ed70af-376b-40f3-9249-55a5a03d45d8:192.168.34.50:42078, 59e26ea6-1ca6-4790-a671-9b2bff083d73:192.168.34.50:43404], old=null, confs=<EMPTY_MAP>
2019-09-18 09:58:02,553 [pool-315-thread-1] INFO  server.RaftServerConfigKeys (ConfUtils.java:logGet(43)) - raft.server.rpc.timeout.max = 5200ms (custom)
2019-09-18 09:58:02,553 [pool-295-thread-1] INFO  server.RaftServerConfigKeys (ConfUtils.java:logGet(43)) - raft.server.storage.dir = [/workdir/hadoop-ozone/integration-test/target/test-dir/MiniOzoneClusterImpl-29f84033-bd2d-4869-8500-f34df785535c/datanode-0/data/ratis] (custom)
2019-09-18 09:58:02,553 [pool-315-thread-1] INFO  server.RaftServerConfigKeys (ConfUtils.java:logGet(43)) - raft.server.rpcslowness.timeout = 120s (custom)
2019-09-18 09:58:02,553 [pool-315-thread-1] INFO  server.RaftServerConfigKeys (ConfUtils.java:logGet(43)) - raft.server.sleep.deviation.threshold = 300 (default)
2019-09-18 09:58:02,553 [pool-295-thread-1] INFO  storage.RaftStorageDirectory (RaftStorageDirectory.java:analyzeStorage(246)) - The storage directory /workdir/hadoop-ozone/integration-test/target/test-dir/MiniOzoneClusterImpl-29f84033-bd2d-4869-8500-f34df785535c/datanode-0/data/ratis/194ea532-837a-4930-a3f5-161dfc9ca29b does not exist. Creating ...
2019-09-18 09:58:02,553 [pool-315-thread-1] INFO  server.RaftServerConfigKeys (ConfUtils.java:logGet(43)) - raft.server.log.appender.install.snapshot.enabled = false (custom)
2019-09-18 09:58:02,554 [pool-315-thread-1] INFO  impl.RaftServerImpl (ServerState.java:<init>(103)) - 25fcce2d-b211-4470-848f-cc203df7fa47@group-161DFC9CA29B: ConfigurationManager, init=-1: [25fcce2d-b211-4470-848f-cc203df7fa47:192.168.34.50:32826, 36ed70af-376b-40f3-9249-55a5a03d45d8:192.168.34.50:42078, 59e26ea6-1ca6-4790-a671-9b2bff083d73:192.168.34.50:43404], old=null, confs=<EMPTY_MAP>
2019-09-18 09:58:02,554 [pool-315-thread-1] INFO  server.RaftServerConfigKeys (ConfUtils.java:logGet(43)) - raft.server.storage.dir = [/workdir/hadoop-ozone/integration-test/target/test-dir/MiniOzoneClusterImpl-29f84033-bd2d-4869-8500-f34df785535c/datanode-2/data/ratis] (custom)
2019-09-18 09:58:02,554 [pool-315-thread-1] INFO  storage.RaftStorageDirectory (RaftStorageDirectory.java:analyzeStorage(246)) - The storage directory /workdir/hadoop-ozone/integration-test/target/test-dir/MiniOzoneClusterImpl-29f84033-bd2d-4869-8500-f34df785535c/datanode-2/data/ratis/194ea532-837a-4930-a3f5-161dfc9ca29b does not exist. Creating ...
2019-09-18 09:58:02,563 [pool-315-thread-1] INFO  storage.RaftStorageDirectory (RaftStorageDirectory.java:tryLock(328)) - Lock on /workdir/hadoop-ozone/integration-test/target/test-dir/MiniOzoneClusterImpl-29f84033-bd2d-4869-8500-f34df785535c/datanode-2/data/ratis/194ea532-837a-4930-a3f5-161dfc9ca29b/in_use.lock acquired by nodename 867@pr-hdds-2141-pjvt9-4098185234
2019-09-18 09:58:02,563 [pool-295-thread-1] INFO  storage.RaftStorageDirectory (RaftStorageDirectory.java:tryLock(328)) - Lock on /workdir/hadoop-ozone/integration-test/target/test-dir/MiniOzoneClusterImpl-29f84033-bd2d-4869-8500-f34df785535c/datanode-0/data/ratis/194ea532-837a-4930-a3f5-161dfc9ca29b/in_use.lock acquired by nodename 867@pr-hdds-2141-pjvt9-4098185234
2019-09-18 09:58:02,563 [pool-305-thread-1] INFO  storage.RaftStorageDirectory (RaftStorageDirectory.java:tryLock(328)) - Lock on /workdir/hadoop-ozone/integration-test/target/test-dir/MiniOzoneClusterImpl-29f84033-bd2d-4869-8500-f34df785535c/datanode-1/data/ratis/194ea532-837a-4930-a3f5-161dfc9ca29b/in_use.lock acquired by nodename 867@pr-hdds-2141-pjvt9-4098185234
2019-09-18 09:58:02,566 [IPC Server handler 7 on 40488] INFO  net.NetworkTopology (NetworkTopologyImpl.java:add(111)) - Added a new node: /default-rack/49f6b94c-0106-4685-b069-29ee7e29d9a9
2019-09-18 09:58:02,566 [IPC Server handler 7 on 40488] INFO  node.SCMNodeManager (SCMNodeManager.java:register(266)) - Registered Data node : 49f6b94c-0106-4685-b069-29ee7e29d9a9{ip: 192.168.34.50, host: pr-hdds-2141-pjvt9-4098185234, networkLocation: /default-rack, certSerialId: null}
2019-09-18 09:58:02,572 [pool-305-thread-1] INFO  storage.RaftStorage (RaftStorage.java:format(72)) - Storage directory /workdir/hadoop-ozone/integration-test/target/test-dir/MiniOzoneClusterImpl-29f84033-bd2d-4869-8500-f34df785535c/datanode-1/data/ratis/194ea532-837a-4930-a3f5-161dfc9ca29b has been successfully formatted.
2019-09-18 09:58:02,572 [pool-315-thread-1] INFO  storage.RaftStorage (RaftStorage.java:format(72)) - Storage directory /workdir/hadoop-ozone/integration-test/target/test-dir/MiniOzoneClusterImpl-29f84033-bd2d-4869-8500-f34df785535c/datanode-2/data/ratis/194ea532-837a-4930-a3f5-161dfc9ca29b has been successfully formatted.
2019-09-18 09:58:02,572 [pool-295-thread-1] INFO  storage.RaftStorage (RaftStorage.java:format(72)) - Storage directory /workdir/hadoop-ozone/integration-test/target/test-dir/MiniOzoneClusterImpl-29f84033-bd2d-4869-8500-f34df785535c/datanode-0/data/ratis/194ea532-837a-4930-a3f5-161dfc9ca29b has been successfully formatted.
2019-09-18 09:58:02,572 [pool-315-thread-1] INFO  ratis.ContainerStateMachine (ContainerStateMachine.java:loadSnapshot(230)) - group-161DFC9CA29B: The snapshot info is null. Setting the last applied indexto:(t:0, i:~)
2019-09-18 09:58:02,572 [pool-305-thread-1] INFO  ratis.ContainerStateMachine (ContainerStateMachine.java:loadSnapshot(230)) - group-161DFC9CA29B: The snapshot info is null. Setting the last applied indexto:(t:0, i:~)
2019-09-18 09:58:02,573 [pool-315-thread-1] INFO  server.RaftServerConfigKeys (ConfUtils.java:logGet(43)) - raft.server.notification.no-leader.timeout = 120s (custom)
2019-09-18 09:58:02,573 [pool-315-thread-1] INFO  server.RaftServerConfigKeys (ConfUtils.java:logGet(43)) - raft.server.log.use.memory = false (default)
2019-09-18 09:58:02,572 [pool-295-thread-1] INFO  ratis.ContainerStateMachine (ContainerStateMachine.java:loadSnapshot(230)) - group-161DFC9CA29B: The snapshot info is null. Setting the last applied indexto:(t:0, i:~)
2019-09-18 09:58:02,573 [pool-315-thread-1] INFO  server.RaftServerConfigKeys (ConfUtils.java:logGet(43)) - raft.server.log.purge.gap = 1000000 (custom)
2019-09-18 09:58:02,573 [pool-305-thread-1] INFO  server.RaftServerConfigKeys (ConfUtils.java:logGet(43)) - raft.server.notification.no-leader.timeout = 120s (custom)
2019-09-18 09:58:02,573 [pool-315-thread-1] INFO  server.RaftServerConfigKeys (ConfUtils.java:logGet(43)) - raft.server.log.appender.buffer.byte-limit = 33554432 (custom)
2019-09-18 09:58:02,573 [pool-295-thread-1] INFO  server.RaftServerConfigKeys (ConfUtils.java:logGet(43)) - raft.server.notification.no-leader.timeout = 120s (custom)
2019-09-18 09:58:02,573 [pool-315-thread-1] INFO  server.RaftServerConfigKeys (ConfUtils.java:logGet(43)) - raft.server.log.segment.size.max = 1048576 (custom)
2019-09-18 09:58:02,573 [pool-305-thread-1] INFO  server.RaftServerConfigKeys (ConfUtils.java:logGet(43)) - raft.server.log.use.memory = false (default)
2019-09-18 09:58:02,574 [pool-315-thread-1] INFO  server.RaftServerConfigKeys (ConfUtils.java:logGet(43)) - raft.server.log.segment.cache.num.max = 2 (custom)
2019-09-18 09:58:02,574 [pool-295-thread-1] INFO  server.RaftServerConfigKeys (ConfUtils.java:logGet(43)) - raft.server.log.use.memory = false (default)
2019-09-18 09:58:02,574 [pool-315-thread-1] INFO  segmented.SegmentedRaftLogWorker (SegmentedRaftLogWorker.java:<init>(172)) - new 25fcce2d-b211-4470-848f-cc203df7fa47@group-161DFC9CA29B-SegmentedRaftLogWorker for RaftStorage:Storage Directory /workdir/hadoop-ozone/integration-test/target/test-dir/MiniOzoneClusterImpl-29f84033-bd2d-4869-8500-f34df785535c/datanode-2/data/ratis/194ea532-837a-4930-a3f5-161dfc9ca29b
2019-09-18 09:58:02,574 [pool-305-thread-1] INFO  server.RaftServerConfigKeys (ConfUtils.java:logGet(43)) - raft.server.log.purge.gap = 1000000 (custom)
2019-09-18 09:58:02,574 [pool-315-thread-1] INFO  server.RaftServerConfigKeys (ConfUtils.java:logGet(43)) - raft.server.log.queue.byte-limit = 2147483647 (custom)
2019-09-18 09:58:02,574 [pool-295-thread-1] INFO  server.RaftServerConfigKeys (ConfUtils.java:logGet(43)) - raft.server.log.purge.gap = 1000000 (custom)
2019-09-18 09:58:02,574 [pool-315-thread-1] INFO  server.RaftServerConfigKeys (ConfUtils.java:logGet(43)) - raft.server.log.queue.element-limit = 1024 (custom)
2019-09-18 09:58:02,574 [pool-305-thread-1] INFO  server.RaftServerConfigKeys (ConfUtils.java:logGet(43)) - raft.server.log.appender.buffer.byte-limit = 33554432 (custom)
2019-09-18 09:58:02,575 [pool-315-thread-1] INFO  server.RaftServerConfigKeys (ConfUtils.java:logGet(43)) - raft.server.log.segment.size.max = 1048576 (custom)
2019-09-18 09:58:02,575 [pool-295-thread-1] INFO  server.RaftServerConfigKeys (ConfUtils.java:logGet(43)) - raft.server.log.appender.buffer.byte-limit = 33554432 (custom)
2019-09-18 09:58:02,575 [pool-315-thread-1] INFO  server.RaftServerConfigKeys (ConfUtils.java:logGet(43)) - raft.server.log.preallocated.size = 16384 (custom)
2019-09-18 09:58:02,575 [pool-305-thread-1] INFO  server.RaftServerConfigKeys (ConfUtils.java:logGet(43)) - raft.server.log.segment.size.max = 1048576 (custom)
2019-09-18 09:58:02,575 [pool-315-thread-1] INFO  server.RaftServerConfigKeys (ConfUtils.java:logGet(43)) - raft.server.log.write.buffer.size = 33554432 (custom)
2019-09-18 09:58:02,575 [pool-295-thread-1] INFO  server.RaftServerConfigKeys (ConfUtils.java:logGet(43)) - raft.server.log.segment.size.max = 1048576 (custom)
2019-09-18 09:58:02,575 [pool-315-thread-1] INFO  server.RaftServerConfigKeys (ConfUtils.java:logGet(43)) - raft.server.log.force.sync.num = 128 (default)
2019-09-18 09:58:02,575 [pool-305-thread-1] INFO  server.RaftServerConfigKeys (ConfUtils.java:logGet(43)) - raft.server.log.segment.cache.num.max = 2 (custom)
2019-09-18 09:58:02,576 [pool-315-thread-1] INFO  server.RaftServerConfigKeys (ConfUtils.java:logGet(43)) - raft.server.log.statemachine.data.sync = true (default)
2019-09-18 09:58:02,576 [pool-295-thread-1] INFO  server.RaftServerConfigKeys (ConfUtils.java:logGet(43)) - raft.server.log.segment.cache.num.max = 2 (custom)
2019-09-18 09:58:02,576 [pool-315-thread-1] INFO  server.RaftServerConfigKeys (ConfUtils.java:logGet(43)) - raft.server.log.statemachine.data.sync.timeout = 10s (default)
2019-09-18 09:58:02,576 [pool-305-thread-1] INFO  segmented.SegmentedRaftLogWorker (SegmentedRaftLogWorker.java:<init>(172)) - new 36ed70af-376b-40f3-9249-55a5a03d45d8@group-161DFC9CA29B-SegmentedRaftLogWorker for RaftStorage:Storage Directory /workdir/hadoop-ozone/integration-test/target/test-dir/MiniOzoneClusterImpl-29f84033-bd2d-4869-8500-f34df785535c/datanode-1/data/ratis/194ea532-837a-4930-a3f5-161dfc9ca29b
2019-09-18 09:58:02,576 [pool-315-thread-1] INFO  server.RaftServerConfigKeys (ConfUtils.java:logGet(43)) - raft.server.log.statemachine.data.sync.timeout.retry = -1 (default)
2019-09-18 09:58:02,576 [pool-295-thread-1] INFO  segmented.SegmentedRaftLogWorker (SegmentedRaftLogWorker.java:<init>(172)) - new 59e26ea6-1ca6-4790-a671-9b2bff083d73@group-161DFC9CA29B-SegmentedRaftLogWorker for RaftStorage:Storage Directory /workdir/hadoop-ozone/integration-test/target/test-dir/MiniOzoneClusterImpl-29f84033-bd2d-4869-8500-f34df785535c/datanode-0/data/ratis/194ea532-837a-4930-a3f5-161dfc9ca29b
2019-09-18 09:58:02,577 [pool-315-thread-1] INFO  server.RaftServerConfigKeys (ConfUtils.java:logGet(43)) - raft.server.log.statemachine.data.caching.enabled = true (custom)
2019-09-18 09:58:02,576 [pool-305-thread-1] INFO  server.RaftServerConfigKeys (ConfUtils.java:logGet(43)) - raft.server.log.queue.byte-limit = 2147483647 (custom)
2019-09-18 09:58:02,577 [pool-295-thread-1] INFO  server.RaftServerConfigKeys (ConfUtils.java:logGet(43)) - raft.server.log.queue.byte-limit = 2147483647 (custom)
2019-09-18 09:58:02,577 [pool-315-thread-1] INFO  segmented.SegmentedRaftLogWorker (SegmentedRaftLogWorker.java:lambda$new$0(132)) - 25fcce2d-b211-4470-848f-cc203df7fa47@group-161DFC9CA29B-SegmentedRaftLogWorker: flushIndex: setUnconditionally 0 -> -1
2019-09-18 09:58:02,577 [pool-305-thread-1] INFO  server.RaftServerConfigKeys (ConfUtils.java:logGet(43)) - raft.server.log.queue.element-limit = 1024 (custom)
2019-09-18 09:58:02,577 [pool-295-thread-1] INFO  server.RaftServerConfigKeys (ConfUtils.java:logGet(43)) - raft.server.log.queue.element-limit = 1024 (custom)
2019-09-18 09:58:02,577 [pool-315-thread-1] INFO  server.RaftServerConfigKeys (ConfUtils.java:logGet(43)) - raft.server.snapshot.auto.trigger.enabled = true (custom)
2019-09-18 09:58:02,577 [pool-305-thread-1] INFO  server.RaftServerConfigKeys (ConfUtils.java:logGet(43)) - raft.server.log.segment.size.max = 1048576 (custom)
2019-09-18 09:58:02,578 [pool-315-thread-1] INFO  server.RaftServerConfigKeys (ConfUtils.java:logGet(43)) - raft.server.snapshot.auto.trigger.threshold = 10000 (custom)
2019-09-18 09:58:02,577 [pool-295-thread-1] INFO  server.RaftServerConfigKeys (ConfUtils.java:logGet(43)) - raft.server.log.segment.size.max = 1048576 (custom)
2019-09-18 09:58:02,578 [pool-315-thread-1] INFO  server.RaftServerConfigKeys (ConfUtils.java:logGet(43)) - raft.server.snapshot.retention.num.files = 5 (custom)
2019-09-18 09:58:02,578 [pool-305-thread-1] INFO  server.RaftServerConfigKeys (ConfUtils.java:logGet(43)) - raft.server.log.preallocated.size = 16384 (custom)
2019-09-18 09:58:02,578 [pool-315-thread-1] INFO  server.RaftServerConfigKeys (ConfUtils.java:logGet(43)) - raft.server.retrycache.expirytime = 600000ms (custom)
2019-09-18 09:58:02,578 [pool-295-thread-1] INFO  server.RaftServerConfigKeys (ConfUtils.java:logGet(43)) - raft.server.log.preallocated.size = 16384 (custom)
2019-09-18 09:58:02,578 [pool-305-thread-1] INFO  server.RaftServerConfigKeys (ConfUtils.java:logGet(43)) - raft.server.log.write.buffer.size = 33554432 (custom)
2019-09-18 09:58:02,578 [pool-295-thread-1] INFO  server.RaftServerConfigKeys (ConfUtils.java:logGet(43)) - raft.server.log.write.buffer.size = 33554432 (custom)
2019-09-18 09:58:02,578 [pool-305-thread-1] INFO  server.RaftServerConfigKeys (ConfUtils.java:logGet(43)) - raft.server.log.force.sync.num = 128 (default)
2019-09-18 09:58:02,579 [pool-295-thread-1] INFO  server.RaftServerConfigKeys (ConfUtils.java:logGet(43)) - raft.server.log.force.sync.num = 128 (default)
2019-09-18 09:58:02,579 [pool-305-thread-1] INFO  server.RaftServerConfigKeys (ConfUtils.java:logGet(43)) - raft.server.log.statemachine.data.sync = true (default)
2019-09-18 09:58:02,579 [pool-295-thread-1] INFO  server.RaftServerConfigKeys (ConfUtils.java:logGet(43)) - raft.server.log.statemachine.data.sync = true (default)
2019-09-18 09:58:02,579 [pool-305-thread-1] INFO  server.RaftServerConfigKeys (ConfUtils.java:logGet(43)) - raft.server.log.statemachine.data.sync.timeout = 10s (default)
2019-09-18 09:58:02,579 [pool-295-thread-1] INFO  server.RaftServerConfigKeys (ConfUtils.java:logGet(43)) - raft.server.log.statemachine.data.sync.timeout = 10s (default)
2019-09-18 09:58:02,579 [pool-305-thread-1] INFO  server.RaftServerConfigKeys (ConfUtils.java:logGet(43)) - raft.server.log.statemachine.data.sync.timeout.retry = -1 (default)
2019-09-18 09:58:02,579 [pool-295-thread-1] INFO  server.RaftServerConfigKeys (ConfUtils.java:logGet(43)) - raft.server.log.statemachine.data.sync.timeout.retry = -1 (default)
2019-09-18 09:58:02,579 [pool-305-thread-1] INFO  server.RaftServerConfigKeys (ConfUtils.java:logGet(43)) - raft.server.log.statemachine.data.caching.enabled = true (custom)
2019-09-18 09:58:02,580 [pool-295-thread-1] INFO  server.RaftServerConfigKeys (ConfUtils.java:logGet(43)) - raft.server.log.statemachine.data.caching.enabled = true (custom)
2019-09-18 09:58:02,580 [pool-305-thread-1] INFO  segmented.SegmentedRaftLogWorker (SegmentedRaftLogWorker.java:lambda$new$0(132)) - 36ed70af-376b-40f3-9249-55a5a03d45d8@group-161DFC9CA29B-SegmentedRaftLogWorker: flushIndex: setUnconditionally 0 -> -1
2019-09-18 09:58:02,580 [pool-295-thread-1] INFO  segmented.SegmentedRaftLogWorker (SegmentedRaftLogWorker.java:lambda$new$0(132)) - 59e26ea6-1ca6-4790-a671-9b2bff083d73@group-161DFC9CA29B-SegmentedRaftLogWorker: flushIndex: setUnconditionally 0 -> -1
2019-09-18 09:58:02,580 [pool-305-thread-1] INFO  server.RaftServerConfigKeys (ConfUtils.java:logGet(43)) - raft.server.snapshot.auto.trigger.enabled = true (custom)
2019-09-18 09:58:02,580 [pool-305-thread-1] INFO  server.RaftServerConfigKeys (ConfUtils.java:logGet(43)) - raft.server.snapshot.auto.trigger.threshold = 10000 (custom)
2019-09-18 09:58:02,580 [pool-295-thread-1] INFO  server.RaftServerConfigKeys (ConfUtils.java:logGet(43)) - raft.server.snapshot.auto.trigger.enabled = true (custom)
2019-09-18 09:58:02,580 [pool-315-thread-1] INFO  impl.RaftServerImpl (RaftServerImpl.java:start(185)) - 25fcce2d-b211-4470-848f-cc203df7fa47@group-161DFC9CA29B: start as a follower, conf=-1: [25fcce2d-b211-4470-848f-cc203df7fa47:192.168.34.50:32826, 36ed70af-376b-40f3-9249-55a5a03d45d8:192.168.34.50:42078, 59e26ea6-1ca6-4790-a671-9b2bff083d73:192.168.34.50:43404], old=null
2019-09-18 09:58:02,580 [pool-305-thread-1] INFO  server.RaftServerConfigKeys (ConfUtils.java:logGet(43)) - raft.server.snapshot.retention.num.files = 5 (custom)
2019-09-18 09:58:02,580 [pool-315-thread-1] INFO  impl.RaftServerImpl (RaftServerImpl.java:setRole(174)) - 25fcce2d-b211-4470-848f-cc203df7fa47@group-161DFC9CA29B: changes role from      null to FOLLOWER at term 0 for startAsFollower
2019-09-18 09:58:02,580 [pool-295-thread-1] INFO  server.RaftServerConfigKeys (ConfUtils.java:logGet(43)) - raft.server.snapshot.auto.trigger.threshold = 10000 (custom)
2019-09-18 09:58:02,581 [pool-315-thread-1] INFO  impl.RoleInfo (RoleInfo.java:updateAndGet(143)) - 25fcce2d-b211-4470-848f-cc203df7fa47: start FollowerState
2019-09-18 09:58:02,581 [pool-305-thread-1] INFO  server.RaftServerConfigKeys (ConfUtils.java:logGet(43)) - raft.server.retrycache.expirytime = 600000ms (custom)
2019-09-18 09:58:02,581 [pool-295-thread-1] INFO  server.RaftServerConfigKeys (ConfUtils.java:logGet(43)) - raft.server.snapshot.retention.num.files = 5 (custom)
2019-09-18 09:58:02,581 [pool-295-thread-1] INFO  server.RaftServerConfigKeys (ConfUtils.java:logGet(43)) - raft.server.retrycache.expirytime = 600000ms (custom)
2019-09-18 09:58:02,581 [pool-315-thread-1] INFO  util.JmxRegister (JmxRegister.java:tryRegister(44)) - Successfully registered JMX Bean with object name Ratis:service=RaftServer,group=group-161DFC9CA29B,id=25fcce2d-b211-4470-848f-cc203df7fa47
2019-09-18 09:58:02,586 [pool-305-thread-1] INFO  impl.RaftServerImpl (RaftServerImpl.java:start(185)) - 36ed70af-376b-40f3-9249-55a5a03d45d8@group-161DFC9CA29B: start as a follower, conf=-1: [25fcce2d-b211-4470-848f-cc203df7fa47:192.168.34.50:32826, 36ed70af-376b-40f3-9249-55a5a03d45d8:192.168.34.50:42078, 59e26ea6-1ca6-4790-a671-9b2bff083d73:192.168.34.50:43404], old=null
2019-09-18 09:58:02,586 [pool-305-thread-1] INFO  impl.RaftServerImpl (RaftServerImpl.java:setRole(174)) - 36ed70af-376b-40f3-9249-55a5a03d45d8@group-161DFC9CA29B: changes role from      null to FOLLOWER at term 0 for startAsFollower
2019-09-18 09:58:02,586 [pool-305-thread-1] INFO  impl.RoleInfo (RoleInfo.java:updateAndGet(143)) - 36ed70af-376b-40f3-9249-55a5a03d45d8: start FollowerState
2019-09-18 09:58:02,586 [pool-295-thread-1] INFO  impl.RaftServerImpl (RaftServerImpl.java:start(185)) - 59e26ea6-1ca6-4790-a671-9b2bff083d73@group-161DFC9CA29B: start as a follower, conf=-1: [25fcce2d-b211-4470-848f-cc203df7fa47:192.168.34.50:32826, 36ed70af-376b-40f3-9249-55a5a03d45d8:192.168.34.50:42078, 59e26ea6-1ca6-4790-a671-9b2bff083d73:192.168.34.50:43404], old=null
2019-09-18 09:58:02,586 [pool-295-thread-1] INFO  impl.RaftServerImpl (RaftServerImpl.java:setRole(174)) - 59e26ea6-1ca6-4790-a671-9b2bff083d73@group-161DFC9CA29B: changes role from      null to FOLLOWER at term 0 for startAsFollower
2019-09-18 09:58:02,586 [pool-305-thread-1] INFO  util.JmxRegister (JmxRegister.java:tryRegister(44)) - Successfully registered JMX Bean with object name Ratis:service=RaftServer,group=group-161DFC9CA29B,id=36ed70af-376b-40f3-9249-55a5a03d45d8
2019-09-18 09:58:02,586 [pool-295-thread-1] INFO  impl.RoleInfo (RoleInfo.java:updateAndGet(143)) - 59e26ea6-1ca6-4790-a671-9b2bff083d73: start FollowerState
2019-09-18 09:58:02,587 [pool-295-thread-1] INFO  util.JmxRegister (JmxRegister.java:tryRegister(44)) - Successfully registered JMX Bean with object name Ratis:service=RaftServer,group=group-161DFC9CA29B,id=59e26ea6-1ca6-4790-a671-9b2bff083d73
2019-09-18 09:58:02,594 [RatisPipelineUtilsThread] INFO  pipeline.PipelineStateManager (PipelineStateManager.java:addPipeline(56)) - Created pipeline Pipeline[ Id: 194ea532-837a-4930-a3f5-161dfc9ca29b, Nodes: 59e26ea6-1ca6-4790-a671-9b2bff083d73{ip: 192.168.34.50, host: pr-hdds-2141-pjvt9-4098185234, networkLocation: /default-rack, certSerialId: null}36ed70af-376b-40f3-9249-55a5a03d45d8{ip: 192.168.34.50, host: pr-hdds-2141-pjvt9-4098185234, networkLocation: /default-rack, certSerialId: null}25fcce2d-b211-4470-848f-cc203df7fa47{ip: 192.168.34.50, host: pr-hdds-2141-pjvt9-4098185234, networkLocation: /default-rack, certSerialId: null}, Type:RATIS, Factor:THREE, State:OPEN]
2019-09-18 09:58:02,655 [IPC Server handler 5 on 40488] INFO  net.NetworkTopology (NetworkTopologyImpl.java:add(111)) - Added a new node: /default-rack/186a6e78-09e6-4574-b547-f353bdf9fe3d
2019-09-18 09:58:02,655 [IPC Server handler 5 on 40488] INFO  node.SCMNodeManager (SCMNodeManager.java:register(266)) - Registered Data node : 186a6e78-09e6-4574-b547-f353bdf9fe3d{ip: 192.168.34.50, host: pr-hdds-2141-pjvt9-4098185234, networkLocation: /default-rack, certSerialId: null}
2019-09-18 09:58:02,666 [grpc-default-executor-1] INFO  impl.RaftServerProxy (RaftServerProxy.java:addNew(89)) - 186a6e78-09e6-4574-b547-f353bdf9fe3d: addNew group-A8D53CD14CD5:[186a6e78-09e6-4574-b547-f353bdf9fe3d:192.168.34.50:44451] returns group-A8D53CD14CD5:java.util.concurrent.CompletableFuture@2b53c7aa[Not completed]
2019-09-18 09:58:02,668 [pool-335-thread-1] INFO  impl.RaftServerImpl (RaftServerImpl.java:<init>(95)) - 186a6e78-09e6-4574-b547-f353bdf9fe3d: new RaftServerImpl for group-A8D53CD14CD5:[186a6e78-09e6-4574-b547-f353bdf9fe3d:192.168.34.50:44451] with ContainerStateMachine:uninitialized
2019-09-18 09:58:02,668 [pool-335-thread-1] INFO  server.RaftServerConfigKeys (ConfUtils.java:logGet(43)) - raft.server.rpc.timeout.min = 5s (custom)
2019-09-18 09:58:02,668 [pool-335-thread-1] INFO  server.RaftServerConfigKeys (ConfUtils.java:logGet(43)) - raft.server.rpc.timeout.max = 5200ms (custom)
2019-09-18 09:58:02,668 [pool-335-thread-1] INFO  server.RaftServerConfigKeys (ConfUtils.java:logGet(43)) - raft.server.rpcslowness.timeout = 120s (custom)
2019-09-18 09:58:02,668 [pool-335-thread-1] INFO  server.RaftServerConfigKeys (ConfUtils.java:logGet(43)) - raft.server.sleep.deviation.threshold = 300 (default)
2019-09-18 09:58:02,668 [pool-335-thread-1] INFO  server.RaftServerConfigKeys (ConfUtils.java:logGet(43)) - raft.server.log.appender.install.snapshot.enabled = false (custom)
2019-09-18 09:58:02,669 [pool-335-thread-1] INFO  impl.RaftServerImpl (ServerState.java:<init>(103)) - 186a6e78-09e6-4574-b547-f353bdf9fe3d@group-A8D53CD14CD5: ConfigurationManager, init=-1: [186a6e78-09e6-4574-b547-f353bdf9fe3d:192.168.34.50:44451], old=null, confs=<EMPTY_MAP>
2019-09-18 09:58:02,669 [pool-335-thread-1] INFO  server.RaftServerConfigKeys (ConfUtils.java:logGet(43)) - raft.server.storage.dir = [/workdir/hadoop-ozone/integration-test/target/test-dir/MiniOzoneClusterImpl-29f84033-bd2d-4869-8500-f34df785535c/datanode-4/data/ratis] (custom)
2019-09-18 09:58:02,669 [pool-335-thread-1] INFO  storage.RaftStorageDirectory (RaftStorageDirectory.java:analyzeStorage(246)) - The storage directory /workdir/hadoop-ozone/integration-test/target/test-dir/MiniOzoneClusterImpl-29f84033-bd2d-4869-8500-f34df785535c/datanode-4/data/ratis/ef7c1383-6012-463f-a5e0-a8d53cd14cd5 does not exist. Creating ...
2019-09-18 09:58:02,683 [pool-335-thread-1] INFO  storage.RaftStorageDirectory (RaftStorageDirectory.java:tryLock(328)) - Lock on /workdir/hadoop-ozone/integration-test/target/test-dir/MiniOzoneClusterImpl-29f84033-bd2d-4869-8500-f34df785535c/datanode-4/data/ratis/ef7c1383-6012-463f-a5e0-a8d53cd14cd5/in_use.lock acquired by nodename 867@pr-hdds-2141-pjvt9-4098185234
2019-09-18 09:58:02,690 [pool-335-thread-1] INFO  storage.RaftStorage (RaftStorage.java:format(72)) - Storage directory /workdir/hadoop-ozone/integration-test/target/test-dir/MiniOzoneClusterImpl-29f84033-bd2d-4869-8500-f34df785535c/datanode-4/data/ratis/ef7c1383-6012-463f-a5e0-a8d53cd14cd5 has been successfully formatted.
2019-09-18 09:58:02,691 [pool-335-thread-1] INFO  ratis.ContainerStateMachine (ContainerStateMachine.java:loadSnapshot(230)) - group-A8D53CD14CD5: The snapshot info is null. Setting the last applied indexto:(t:0, i:~)
2019-09-18 09:58:02,691 [pool-335-thread-1] INFO  server.RaftServerConfigKeys (ConfUtils.java:logGet(43)) - raft.server.notification.no-leader.timeout = 120s (custom)
2019-09-18 09:58:02,691 [pool-335-thread-1] INFO  server.RaftServerConfigKeys (ConfUtils.java:logGet(43)) - raft.server.log.use.memory = false (default)
2019-09-18 09:58:02,691 [pool-335-thread-1] INFO  server.RaftServerConfigKeys (ConfUtils.java:logGet(43)) - raft.server.log.purge.gap = 1000000 (custom)
2019-09-18 09:58:02,691 [pool-335-thread-1] INFO  server.RaftServerConfigKeys (ConfUtils.java:logGet(43)) - raft.server.log.appender.buffer.byte-limit = 33554432 (custom)
2019-09-18 09:58:02,691 [pool-335-thread-1] INFO  server.RaftServerConfigKeys (ConfUtils.java:logGet(43)) - raft.server.log.segment.size.max = 1048576 (custom)
2019-09-18 09:58:02,692 [pool-335-thread-1] INFO  server.RaftServerConfigKeys (ConfUtils.java:logGet(43)) - raft.server.log.segment.cache.num.max = 2 (custom)
2019-09-18 09:58:02,692 [pool-335-thread-1] INFO  segmented.SegmentedRaftLogWorker (SegmentedRaftLogWorker.java:<init>(172)) - new 186a6e78-09e6-4574-b547-f353bdf9fe3d@group-A8D53CD14CD5-SegmentedRaftLogWorker for RaftStorage:Storage Directory /workdir/hadoop-ozone/integration-test/target/test-dir/MiniOzoneClusterImpl-29f84033-bd2d-4869-8500-f34df785535c/datanode-4/data/ratis/ef7c1383-6012-463f-a5e0-a8d53cd14cd5
2019-09-18 09:58:02,694 [pool-335-thread-1] INFO  server.RaftServerConfigKeys (ConfUtils.java:logGet(43)) - raft.server.log.queue.byte-limit = 2147483647 (custom)
2019-09-18 09:58:02,694 [pool-335-thread-1] INFO  server.RaftServerConfigKeys (ConfUtils.java:logGet(43)) - raft.server.log.queue.element-limit = 1024 (custom)
2019-09-18 09:58:02,694 [pool-335-thread-1] INFO  server.RaftServerConfigKeys (ConfUtils.java:logGet(43)) - raft.server.log.segment.size.max = 1048576 (custom)
2019-09-18 09:58:02,694 [pool-335-thread-1] INFO  server.RaftServerConfigKeys (ConfUtils.java:logGet(43)) - raft.server.log.preallocated.size = 16384 (custom)
2019-09-18 09:58:02,695 [pool-335-thread-1] INFO  server.RaftServerConfigKeys (ConfUtils.java:logGet(43)) - raft.server.log.write.buffer.size = 33554432 (custom)
2019-09-18 09:58:02,695 [pool-335-thread-1] INFO  server.RaftServerConfigKeys (ConfUtils.java:logGet(43)) - raft.server.log.force.sync.num = 128 (default)
2019-09-18 09:58:02,695 [pool-335-thread-1] INFO  server.RaftServerConfigKeys (ConfUtils.java:logGet(43)) - raft.server.log.statemachine.data.sync = true (default)
2019-09-18 09:58:02,695 [pool-335-thread-1] INFO  server.RaftServerConfigKeys (ConfUtils.java:logGet(43)) - raft.server.log.statemachine.data.sync.timeout = 10s (default)
2019-09-18 09:58:02,695 [pool-335-thread-1] INFO  server.RaftServerConfigKeys (ConfUtils.java:logGet(43)) - raft.server.log.statemachine.data.sync.timeout.retry = -1 (default)
2019-09-18 09:58:02,695 [pool-335-thread-1] INFO  server.RaftServerConfigKeys (ConfUtils.java:logGet(43)) - raft.server.log.statemachine.data.caching.enabled = true (custom)
2019-09-18 09:58:02,696 [pool-335-thread-1] INFO  segmented.SegmentedRaftLogWorker (SegmentedRaftLogWorker.java:lambda$new$0(132)) - 186a6e78-09e6-4574-b547-f353bdf9fe3d@group-A8D53CD14CD5-SegmentedRaftLogWorker: flushIndex: setUnconditionally 0 -> -1
2019-09-18 09:58:02,696 [pool-335-thread-1] INFO  server.RaftServerConfigKeys (ConfUtils.java:logGet(43)) - raft.server.snapshot.auto.trigger.enabled = true (custom)
2019-09-18 09:58:02,696 [pool-335-thread-1] INFO  server.RaftServerConfigKeys (ConfUtils.java:logGet(43)) - raft.server.snapshot.auto.trigger.threshold = 10000 (custom)
2019-09-18 09:58:02,696 [pool-335-thread-1] INFO  server.RaftServerConfigKeys (ConfUtils.java:logGet(43)) - raft.server.snapshot.retention.num.files = 5 (custom)
2019-09-18 09:58:02,696 [pool-335-thread-1] INFO  server.RaftServerConfigKeys (ConfUtils.java:logGet(43)) - raft.server.retrycache.expirytime = 600000ms (custom)
2019-09-18 09:58:02,698 [pool-335-thread-1] INFO  impl.RaftServerImpl (RaftServerImpl.java:start(185)) - 186a6e78-09e6-4574-b547-f353bdf9fe3d@group-A8D53CD14CD5: start as a follower, conf=-1: [186a6e78-09e6-4574-b547-f353bdf9fe3d:192.168.34.50:44451], old=null
2019-09-18 09:58:02,699 [pool-335-thread-1] INFO  impl.RaftServerImpl (RaftServerImpl.java:setRole(174)) - 186a6e78-09e6-4574-b547-f353bdf9fe3d@group-A8D53CD14CD5: changes role from      null to FOLLOWER at term 0 for startAsFollower
2019-09-18 09:58:02,699 [pool-335-thread-1] INFO  impl.RoleInfo (RoleInfo.java:updateAndGet(143)) - 186a6e78-09e6-4574-b547-f353bdf9fe3d: start FollowerState
2019-09-18 09:58:02,708 [pool-335-thread-1] INFO  util.JmxRegister (JmxRegister.java:tryRegister(44)) - Successfully registered JMX Bean with object name Ratis:service=RaftServer,group=group-A8D53CD14CD5,id=186a6e78-09e6-4574-b547-f353bdf9fe3d
2019-09-18 09:58:02,721 [RatisPipelineUtilsThread] INFO  pipeline.PipelineStateManager (PipelineStateManager.java:addPipeline(56)) - Created pipeline Pipeline[ Id: ef7c1383-6012-463f-a5e0-a8d53cd14cd5, Nodes: 186a6e78-09e6-4574-b547-f353bdf9fe3d{ip: 192.168.34.50, host: pr-hdds-2141-pjvt9-4098185234, networkLocation: /default-rack, certSerialId: null}, Type:RATIS, Factor:ONE, State:OPEN]
2019-09-18 09:58:02,729 [grpc-default-executor-1] INFO  impl.RaftServerProxy (RaftServerProxy.java:addNew(89)) - 49f6b94c-0106-4685-b069-29ee7e29d9a9: addNew group-E79926FBD88F:[49f6b94c-0106-4685-b069-29ee7e29d9a9:192.168.34.50:35449] returns group-E79926FBD88F:java.util.concurrent.CompletableFuture@1cf14666[Not completed]
2019-09-18 09:58:02,730 [pool-325-thread-1] INFO  impl.RaftServerImpl (RaftServerImpl.java:<init>(95)) - 49f6b94c-0106-4685-b069-29ee7e29d9a9: new RaftServerImpl for group-E79926FBD88F:[49f6b94c-0106-4685-b069-29ee7e29d9a9:192.168.34.50:35449] with ContainerStateMachine:uninitialized
2019-09-18 09:58:02,730 [pool-325-thread-1] INFO  server.RaftServerConfigKeys (ConfUtils.java:logGet(43)) - raft.server.rpc.timeout.min = 5s (custom)
2019-09-18 09:58:02,730 [pool-325-thread-1] INFO  server.RaftServerConfigKeys (ConfUtils.java:logGet(43)) - raft.server.rpc.timeout.max = 5200ms (custom)
2019-09-18 09:58:02,730 [pool-325-thread-1] INFO  server.RaftServerConfigKeys (ConfUtils.java:logGet(43)) - raft.server.rpcslowness.timeout = 120s (custom)
2019-09-18 09:58:02,730 [pool-325-thread-1] INFO  server.RaftServerConfigKeys (ConfUtils.java:logGet(43)) - raft.server.sleep.deviation.threshold = 300 (default)
2019-09-18 09:58:02,730 [pool-325-thread-1] INFO  server.RaftServerConfigKeys (ConfUtils.java:logGet(43)) - raft.server.log.appender.install.snapshot.enabled = false (custom)
2019-09-18 09:58:02,731 [pool-325-thread-1] INFO  impl.RaftServerImpl (ServerState.java:<init>(103)) - 49f6b94c-0106-4685-b069-29ee7e29d9a9@group-E79926FBD88F: ConfigurationManager, init=-1: [49f6b94c-0106-4685-b069-29ee7e29d9a9:192.168.34.50:35449], old=null, confs=<EMPTY_MAP>
2019-09-18 09:58:02,731 [pool-325-thread-1] INFO  server.RaftServerConfigKeys (ConfUtils.java:logGet(43)) - raft.server.storage.dir = [/workdir/hadoop-ozone/integration-test/target/test-dir/MiniOzoneClusterImpl-29f84033-bd2d-4869-8500-f34df785535c/datanode-3/data/ratis] (custom)
2019-09-18 09:58:02,731 [pool-325-thread-1] INFO  storage.RaftStorageDirectory (RaftStorageDirectory.java:analyzeStorage(246)) - The storage directory /workdir/hadoop-ozone/integration-test/target/test-dir/MiniOzoneClusterImpl-29f84033-bd2d-4869-8500-f34df785535c/datanode-3/data/ratis/e4336989-bce0-4ed0-935b-e79926fbd88f does not exist. Creating ...
2019-09-18 09:58:02,735 [IPC Server handler 2 on 40488] INFO  net.NetworkTopology (NetworkTopologyImpl.java:add(111)) - Added a new node: /default-rack/0c2b2860-0b45-4f42-ad7c-2b288a3e9202
2019-09-18 09:58:02,736 [IPC Server handler 2 on 40488] INFO  node.SCMNodeManager (SCMNodeManager.java:register(266)) - Registered Data node : 0c2b2860-0b45-4f42-ad7c-2b288a3e9202{ip: 192.168.34.50, host: pr-hdds-2141-pjvt9-4098185234, networkLocation: /default-rack, certSerialId: null}
2019-09-18 09:58:02,741 [pool-325-thread-1] INFO  storage.RaftStorageDirectory (RaftStorageDirectory.java:tryLock(328)) - Lock on /workdir/hadoop-ozone/integration-test/target/test-dir/MiniOzoneClusterImpl-29f84033-bd2d-4869-8500-f34df785535c/datanode-3/data/ratis/e4336989-bce0-4ed0-935b-e79926fbd88f/in_use.lock acquired by nodename 867@pr-hdds-2141-pjvt9-4098185234
2019-09-18 09:58:02,749 [pool-325-thread-1] INFO  storage.RaftStorage (RaftStorage.java:format(72)) - Storage directory /workdir/hadoop-ozone/integration-test/target/test-dir/MiniOzoneClusterImpl-29f84033-bd2d-4869-8500-f34df785535c/datanode-3/data/ratis/e4336989-bce0-4ed0-935b-e79926fbd88f has been successfully formatted.
2019-09-18 09:58:02,749 [pool-325-thread-1] INFO  ratis.ContainerStateMachine (ContainerStateMachine.java:loadSnapshot(230)) - group-E79926FBD88F: The snapshot info is null. Setting the last applied indexto:(t:0, i:~)
2019-09-18 09:58:02,749 [pool-325-thread-1] INFO  server.RaftServerConfigKeys (ConfUtils.java:logGet(43)) - raft.server.notification.no-leader.timeout = 120s (custom)
2019-09-18 09:58:02,750 [pool-325-thread-1] INFO  server.RaftServerConfigKeys (ConfUtils.java:logGet(43)) - raft.server.log.use.memory = false (default)
2019-09-18 09:58:02,750 [pool-325-thread-1] INFO  server.RaftServerConfigKeys (ConfUtils.java:logGet(43)) - raft.server.log.purge.gap = 1000000 (custom)
2019-09-18 09:58:02,750 [pool-325-thread-1] INFO  server.RaftServerConfigKeys (ConfUtils.java:logGet(43)) - raft.server.log.appender.buffer.byte-limit = 33554432 (custom)
2019-09-18 09:58:02,750 [pool-325-thread-1] INFO  server.RaftServerConfigKeys (ConfUtils.java:logGet(43)) - raft.server.log.segment.size.max = 1048576 (custom)
2019-09-18 09:58:02,750 [pool-325-thread-1] INFO  server.RaftServerConfigKeys (ConfUtils.java:logGet(43)) - raft.server.log.segment.cache.num.max = 2 (custom)
2019-09-18 09:58:02,751 [pool-325-thread-1] INFO  segmented.SegmentedRaftLogWorker (SegmentedRaftLogWorker.java:<init>(172)) - new 49f6b94c-0106-4685-b069-29ee7e29d9a9@group-E79926FBD88F-SegmentedRaftLogWorker for RaftStorage:Storage Directory /workdir/hadoop-ozone/integration-test/target/test-dir/MiniOzoneClusterImpl-29f84033-bd2d-4869-8500-f34df785535c/datanode-3/data/ratis/e4336989-bce0-4ed0-935b-e79926fbd88f
2019-09-18 09:58:02,753 [pool-325-thread-1] INFO  server.RaftServerConfigKeys (ConfUtils.java:logGet(43)) - raft.server.log.queue.byte-limit = 2147483647 (custom)
2019-09-18 09:58:02,754 [pool-325-thread-1] INFO  server.RaftServerConfigKeys (ConfUtils.java:logGet(43)) - raft.server.log.queue.element-limit = 1024 (custom)
2019-09-18 09:58:02,754 [pool-325-thread-1] INFO  server.RaftServerConfigKeys (ConfUtils.java:logGet(43)) - raft.server.log.segment.size.max = 1048576 (custom)
2019-09-18 09:58:02,754 [pool-325-thread-1] INFO  server.RaftServerConfigKeys (ConfUtils.java:logGet(43)) - raft.server.log.preallocated.size = 16384 (custom)
2019-09-18 09:58:02,754 [pool-325-thread-1] INFO  server.RaftServerConfigKeys (ConfUtils.java:logGet(43)) - raft.server.log.write.buffer.size = 33554432 (custom)
2019-09-18 09:58:02,754 [pool-325-thread-1] INFO  server.RaftServerConfigKeys (ConfUtils.java:logGet(43)) - raft.server.log.force.sync.num = 128 (default)
2019-09-18 09:58:02,754 [pool-325-thread-1] INFO  server.RaftServerConfigKeys (ConfUtils.java:logGet(43)) - raft.server.log.statemachine.data.sync = true (default)
2019-09-18 09:58:02,755 [pool-325-thread-1] INFO  server.RaftServerConfigKeys (ConfUtils.java:logGet(43)) - raft.server.log.statemachine.data.sync.timeout = 10s (default)
2019-09-18 09:58:02,755 [pool-325-thread-1] INFO  server.RaftServerConfigKeys (ConfUtils.java:logGet(43)) - raft.server.log.statemachine.data.sync.timeout.retry = -1 (default)
2019-09-18 09:58:02,755 [pool-325-thread-1] INFO  server.RaftServerConfigKeys (ConfUtils.java:logGet(43)) - raft.server.log.statemachine.data.caching.enabled = true (custom)
2019-09-18 09:58:02,755 [pool-325-thread-1] INFO  segmented.SegmentedRaftLogWorker (SegmentedRaftLogWorker.java:lambda$new$0(132)) - 49f6b94c-0106-4685-b069-29ee7e29d9a9@group-E79926FBD88F-SegmentedRaftLogWorker: flushIndex: setUnconditionally 0 -> -1
2019-09-18 09:58:02,756 [pool-325-thread-1] INFO  server.RaftServerConfigKeys (ConfUtils.java:logGet(43)) - raft.server.snapshot.auto.trigger.enabled = true (custom)
2019-09-18 09:58:02,756 [pool-325-thread-1] INFO  server.RaftServerConfigKeys (ConfUtils.java:logGet(43)) - raft.server.snapshot.auto.trigger.threshold = 10000 (custom)
2019-09-18 09:58:02,756 [pool-325-thread-1] INFO  server.RaftServerConfigKeys (ConfUtils.java:logGet(43)) - raft.server.snapshot.retention.num.files = 5 (custom)
2019-09-18 09:58:02,756 [pool-325-thread-1] INFO  server.RaftServerConfigKeys (ConfUtils.java:logGet(43)) - raft.server.retrycache.expirytime = 600000ms (custom)
2019-09-18 09:58:02,759 [pool-325-thread-1] INFO  impl.RaftServerImpl (RaftServerImpl.java:start(185)) - 49f6b94c-0106-4685-b069-29ee7e29d9a9@group-E79926FBD88F: start as a follower, conf=-1: [49f6b94c-0106-4685-b069-29ee7e29d9a9:192.168.34.50:35449], old=null
2019-09-18 09:58:02,759 [pool-325-thread-1] INFO  impl.RaftServerImpl (RaftServerImpl.java:setRole(174)) - 49f6b94c-0106-4685-b069-29ee7e29d9a9@group-E79926FBD88F: changes role from      null to FOLLOWER at term 0 for startAsFollower
2019-09-18 09:58:02,759 [pool-325-thread-1] INFO  impl.RoleInfo (RoleInfo.java:updateAndGet(143)) - 49f6b94c-0106-4685-b069-29ee7e29d9a9: start FollowerState
2019-09-18 09:58:02,759 [pool-325-thread-1] INFO  util.JmxRegister (JmxRegister.java:tryRegister(44)) - Successfully registered JMX Bean with object name Ratis:service=RaftServer,group=group-E79926FBD88F,id=49f6b94c-0106-4685-b069-29ee7e29d9a9
2019-09-18 09:58:02,764 [RatisPipelineUtilsThread] INFO  pipeline.PipelineStateManager (PipelineStateManager.java:addPipeline(56)) - Created pipeline Pipeline[ Id: e4336989-bce0-4ed0-935b-e79926fbd88f, Nodes: 49f6b94c-0106-4685-b069-29ee7e29d9a9{ip: 192.168.34.50, host: pr-hdds-2141-pjvt9-4098185234, networkLocation: /default-rack, certSerialId: null}, Type:RATIS, Factor:ONE, State:OPEN]
2019-09-18 09:58:02,771 [grpc-default-executor-1] INFO  impl.RaftServerProxy (RaftServerProxy.java:addNew(89)) - 0c2b2860-0b45-4f42-ad7c-2b288a3e9202: addNew group-D580616C82BC:[0c2b2860-0b45-4f42-ad7c-2b288a3e9202:192.168.34.50:44821] returns group-D580616C82BC:java.util.concurrent.CompletableFuture@47c679db[Not completed]
2019-09-18 09:58:02,773 [pool-345-thread-1] INFO  impl.RaftServerImpl (RaftServerImpl.java:<init>(95)) - 0c2b2860-0b45-4f42-ad7c-2b288a3e9202: new RaftServerImpl for group-D580616C82BC:[0c2b2860-0b45-4f42-ad7c-2b288a3e9202:192.168.34.50:44821] with ContainerStateMachine:uninitialized
2019-09-18 09:58:02,773 [pool-345-thread-1] INFO  server.RaftServerConfigKeys (ConfUtils.java:logGet(43)) - raft.server.rpc.timeout.min = 5s (custom)
2019-09-18 09:58:02,773 [pool-345-thread-1] INFO  server.RaftServerConfigKeys (ConfUtils.java:logGet(43)) - raft.server.rpc.timeout.max = 5200ms (custom)
2019-09-18 09:58:02,773 [pool-345-thread-1] INFO  server.RaftServerConfigKeys (ConfUtils.java:logGet(43)) - raft.server.rpcslowness.timeout = 120s (custom)
2019-09-18 09:58:02,773 [pool-345-thread-1] INFO  server.RaftServerConfigKeys (ConfUtils.java:logGet(43)) - raft.server.sleep.deviation.threshold = 300 (default)
2019-09-18 09:58:02,773 [pool-345-thread-1] INFO  server.RaftServerConfigKeys (ConfUtils.java:logGet(43)) - raft.server.log.appender.install.snapshot.enabled = false (custom)
2019-09-18 09:58:02,774 [pool-345-thread-1] INFO  impl.RaftServerImpl (ServerState.java:<init>(103)) - 0c2b2860-0b45-4f42-ad7c-2b288a3e9202@group-D580616C82BC: ConfigurationManager, init=-1: [0c2b2860-0b45-4f42-ad7c-2b288a3e9202:192.168.34.50:44821], old=null, confs=<EMPTY_MAP>
2019-09-18 09:58:02,774 [pool-345-thread-1] INFO  server.RaftServerConfigKeys (ConfUtils.java:logGet(43)) - raft.server.storage.dir = [/workdir/hadoop-ozone/integration-test/target/test-dir/MiniOzoneClusterImpl-29f84033-bd2d-4869-8500-f34df785535c/datanode-5/data/ratis] (custom)
2019-09-18 09:58:02,774 [pool-345-thread-1] INFO  storage.RaftStorageDirectory (RaftStorageDirectory.java:analyzeStorage(246)) - The storage directory /workdir/hadoop-ozone/integration-test/target/test-dir/MiniOzoneClusterImpl-29f84033-bd2d-4869-8500-f34df785535c/datanode-5/data/ratis/aae6acd7-7bc9-432c-8eb0-d580616c82bc does not exist. Creating ...
2019-09-18 09:58:02,784 [pool-345-thread-1] INFO  storage.RaftStorageDirectory (RaftStorageDirectory.java:tryLock(328)) - Lock on /workdir/hadoop-ozone/integration-test/target/test-dir/MiniOzoneClusterImpl-29f84033-bd2d-4869-8500-f34df785535c/datanode-5/data/ratis/aae6acd7-7bc9-432c-8eb0-d580616c82bc/in_use.lock acquired by nodename 867@pr-hdds-2141-pjvt9-4098185234
2019-09-18 09:58:02,794 [pool-345-thread-1] INFO  storage.RaftStorage (RaftStorage.java:format(72)) - Storage directory /workdir/hadoop-ozone/integration-test/target/test-dir/MiniOzoneClusterImpl-29f84033-bd2d-4869-8500-f34df785535c/datanode-5/data/ratis/aae6acd7-7bc9-432c-8eb0-d580616c82bc has been successfully formatted.
2019-09-18 09:58:02,794 [pool-345-thread-1] INFO  ratis.ContainerStateMachine (ContainerStateMachine.java:loadSnapshot(230)) - group-D580616C82BC: The snapshot info is null. Setting the last applied indexto:(t:0, i:~)
2019-09-18 09:58:02,795 [pool-345-thread-1] INFO  server.RaftServerConfigKeys (ConfUtils.java:logGet(43)) - raft.server.notification.no-leader.timeout = 120s (custom)
2019-09-18 09:58:02,795 [pool-345-thread-1] INFO  server.RaftServerConfigKeys (ConfUtils.java:logGet(43)) - raft.server.log.use.memory = false (default)
2019-09-18 09:58:02,795 [pool-345-thread-1] INFO  server.RaftServerConfigKeys (ConfUtils.java:logGet(43)) - raft.server.log.purge.gap = 1000000 (custom)
2019-09-18 09:58:02,795 [pool-345-thread-1] INFO  server.RaftServerConfigKeys (ConfUtils.java:logGet(43)) - raft.server.log.appender.buffer.byte-limit = 33554432 (custom)
2019-09-18 09:58:02,795 [pool-345-thread-1] INFO  server.RaftServerConfigKeys (ConfUtils.java:logGet(43)) - raft.server.log.segment.size.max = 1048576 (custom)
2019-09-18 09:58:02,795 [pool-345-thread-1] INFO  server.RaftServerConfigKeys (ConfUtils.java:logGet(43)) - raft.server.log.segment.cache.num.max = 2 (custom)
2019-09-18 09:58:02,795 [pool-345-thread-1] INFO  segmented.SegmentedRaftLogWorker (SegmentedRaftLogWorker.java:<init>(172)) - new 0c2b2860-0b45-4f42-ad7c-2b288a3e9202@group-D580616C82BC-SegmentedRaftLogWorker for RaftStorage:Storage Directory /workdir/hadoop-ozone/integration-test/target/test-dir/MiniOzoneClusterImpl-29f84033-bd2d-4869-8500-f34df785535c/datanode-5/data/ratis/aae6acd7-7bc9-432c-8eb0-d580616c82bc
2019-09-18 09:58:02,797 [pool-345-thread-1] INFO  server.RaftServerConfigKeys (ConfUtils.java:logGet(43)) - raft.server.log.queue.byte-limit = 2147483647 (custom)
2019-09-18 09:58:02,797 [pool-345-thread-1] INFO  server.RaftServerConfigKeys (ConfUtils.java:logGet(43)) - raft.server.log.queue.element-limit = 1024 (custom)
2019-09-18 09:58:02,797 [pool-345-thread-1] INFO  server.RaftServerConfigKeys (ConfUtils.java:logGet(43)) - raft.server.log.segment.size.max = 1048576 (custom)
2019-09-18 09:58:02,798 [pool-345-thread-1] INFO  server.RaftServerConfigKeys (ConfUtils.java:logGet(43)) - raft.server.log.preallocated.size = 16384 (custom)
2019-09-18 09:58:02,798 [pool-345-thread-1] INFO  server.RaftServerConfigKeys (ConfUtils.java:logGet(43)) - raft.server.log.write.buffer.size = 33554432 (custom)
2019-09-18 09:58:02,798 [pool-345-thread-1] INFO  server.RaftServerConfigKeys (ConfUtils.java:logGet(43)) - raft.server.log.force.sync.num = 128 (default)
2019-09-18 09:58:02,798 [pool-345-thread-1] INFO  server.RaftServerConfigKeys (ConfUtils.java:logGet(43)) - raft.server.log.statemachine.data.sync = true (default)
2019-09-18 09:58:02,798 [pool-345-thread-1] INFO  server.RaftServerConfigKeys (ConfUtils.java:logGet(43)) - raft.server.log.statemachine.data.sync.timeout = 10s (default)
2019-09-18 09:58:02,798 [pool-345-thread-1] INFO  server.RaftServerConfigKeys (ConfUtils.java:logGet(43)) - raft.server.log.statemachine.data.sync.timeout.retry = -1 (default)
2019-09-18 09:58:02,798 [pool-345-thread-1] INFO  server.RaftServerConfigKeys (ConfUtils.java:logGet(43)) - raft.server.log.statemachine.data.caching.enabled = true (custom)
2019-09-18 09:58:02,799 [pool-345-thread-1] INFO  segmented.SegmentedRaftLogWorker (SegmentedRaftLogWorker.java:lambda$new$0(132)) - 0c2b2860-0b45-4f42-ad7c-2b288a3e9202@group-D580616C82BC-SegmentedRaftLogWorker: flushIndex: setUnconditionally 0 -> -1
2019-09-18 09:58:02,799 [pool-345-thread-1] INFO  server.RaftServerConfigKeys (ConfUtils.java:logGet(43)) - raft.server.snapshot.auto.trigger.enabled = true (custom)
2019-09-18 09:58:02,799 [pool-345-thread-1] INFO  server.RaftServerConfigKeys (ConfUtils.java:logGet(43)) - raft.server.snapshot.auto.trigger.threshold = 10000 (custom)
2019-09-18 09:58:02,799 [pool-345-thread-1] INFO  server.RaftServerConfigKeys (ConfUtils.java:logGet(43)) - raft.server.snapshot.retention.num.files = 5 (custom)
2019-09-18 09:58:02,799 [pool-345-thread-1] INFO  server.RaftServerConfigKeys (ConfUtils.java:logGet(43)) - raft.server.retrycache.expirytime = 600000ms (custom)
2019-09-18 09:58:02,801 [pool-345-thread-1] INFO  impl.RaftServerImpl (RaftServerImpl.java:start(185)) - 0c2b2860-0b45-4f42-ad7c-2b288a3e9202@group-D580616C82BC: start as a follower, conf=-1: [0c2b2860-0b45-4f42-ad7c-2b288a3e9202:192.168.34.50:44821], old=null
2019-09-18 09:58:02,801 [pool-345-thread-1] INFO  impl.RaftServerImpl (RaftServerImpl.java:setRole(174)) - 0c2b2860-0b45-4f42-ad7c-2b288a3e9202@group-D580616C82BC: changes role from      null to FOLLOWER at term 0 for startAsFollower
2019-09-18 09:58:02,801 [pool-345-thread-1] INFO  impl.RoleInfo (RoleInfo.java:updateAndGet(143)) - 0c2b2860-0b45-4f42-ad7c-2b288a3e9202: start FollowerState
2019-09-18 09:58:02,802 [pool-345-thread-1] INFO  util.JmxRegister (JmxRegister.java:tryRegister(44)) - Successfully registered JMX Bean with object name Ratis:service=RaftServer,group=group-D580616C82BC,id=0c2b2860-0b45-4f42-ad7c-2b288a3e9202
2019-09-18 09:58:02,807 [RatisPipelineUtilsThread] INFO  pipeline.PipelineStateManager (PipelineStateManager.java:addPipeline(56)) - Created pipeline Pipeline[ Id: aae6acd7-7bc9-432c-8eb0-d580616c82bc, Nodes: 0c2b2860-0b45-4f42-ad7c-2b288a3e9202{ip: 192.168.34.50, host: pr-hdds-2141-pjvt9-4098185234, networkLocation: /default-rack, certSerialId: null}, Type:RATIS, Factor:ONE, State:OPEN]
2019-09-18 09:58:02,819 [grpc-default-executor-4] INFO  impl.RaftServerProxy (RaftServerProxy.java:addNew(89)) - 186a6e78-09e6-4574-b547-f353bdf9fe3d: addNew group-D193050E8B58:[186a6e78-09e6-4574-b547-f353bdf9fe3d:192.168.34.50:44451, 49f6b94c-0106-4685-b069-29ee7e29d9a9:192.168.34.50:35449, 0c2b2860-0b45-4f42-ad7c-2b288a3e9202:192.168.34.50:44821] returns group-D193050E8B58:java.util.concurrent.CompletableFuture@4b4a85d8[Not completed]
2019-09-18 09:58:02,820 [grpc-default-executor-1] INFO  impl.RaftServerProxy (RaftServerProxy.java:addNew(89)) - 0c2b2860-0b45-4f42-ad7c-2b288a3e9202: addNew group-D193050E8B58:[186a6e78-09e6-4574-b547-f353bdf9fe3d:192.168.34.50:44451, 49f6b94c-0106-4685-b069-29ee7e29d9a9:192.168.34.50:35449, 0c2b2860-0b45-4f42-ad7c-2b288a3e9202:192.168.34.50:44821] returns group-D193050E8B58:java.util.concurrent.CompletableFuture@2d228750[Not completed]
2019-09-18 09:58:02,820 [grpc-default-executor-5] INFO  impl.RaftServerProxy (RaftServerProxy.java:addNew(89)) - 49f6b94c-0106-4685-b069-29ee7e29d9a9: addNew group-D193050E8B58:[186a6e78-09e6-4574-b547-f353bdf9fe3d:192.168.34.50:44451, 49f6b94c-0106-4685-b069-29ee7e29d9a9:192.168.34.50:35449, 0c2b2860-0b45-4f42-ad7c-2b288a3e9202:192.168.34.50:44821] returns group-D193050E8B58:java.util.concurrent.CompletableFuture@4f82e641[Not completed]
2019-09-18 09:58:02,821 [pool-335-thread-1] INFO  impl.RaftServerImpl (RaftServerImpl.java:<init>(95)) - 186a6e78-09e6-4574-b547-f353bdf9fe3d: new RaftServerImpl for group-D193050E8B58:[186a6e78-09e6-4574-b547-f353bdf9fe3d:192.168.34.50:44451, 49f6b94c-0106-4685-b069-29ee7e29d9a9:192.168.34.50:35449, 0c2b2860-0b45-4f42-ad7c-2b288a3e9202:192.168.34.50:44821] with ContainerStateMachine:uninitialized
2019-09-18 09:58:02,821 [pool-335-thread-1] INFO  server.RaftServerConfigKeys (ConfUtils.java:logGet(43)) - raft.server.rpc.timeout.min = 5s (custom)
2019-09-18 09:58:02,821 [pool-335-thread-1] INFO  server.RaftServerConfigKeys (ConfUtils.java:logGet(43)) - raft.server.rpc.timeout.max = 5200ms (custom)
2019-09-18 09:58:02,821 [pool-335-thread-1] INFO  server.RaftServerConfigKeys (ConfUtils.java:logGet(43)) - raft.server.rpcslowness.timeout = 120s (custom)
2019-09-18 09:58:02,821 [pool-335-thread-1] INFO  server.RaftServerConfigKeys (ConfUtils.java:logGet(43)) - raft.server.sleep.deviation.threshold = 300 (default)
2019-09-18 09:58:02,821 [pool-335-thread-1] INFO  server.RaftServerConfigKeys (ConfUtils.java:logGet(43)) - raft.server.log.appender.install.snapshot.enabled = false (custom)
2019-09-18 09:58:02,821 [pool-345-thread-1] INFO  impl.RaftServerImpl (RaftServerImpl.java:<init>(95)) - 0c2b2860-0b45-4f42-ad7c-2b288a3e9202: new RaftServerImpl for group-D193050E8B58:[186a6e78-09e6-4574-b547-f353bdf9fe3d:192.168.34.50:44451, 49f6b94c-0106-4685-b069-29ee7e29d9a9:192.168.34.50:35449, 0c2b2860-0b45-4f42-ad7c-2b288a3e9202:192.168.34.50:44821] with ContainerStateMachine:uninitialized
2019-09-18 09:58:02,822 [pool-335-thread-1] INFO  impl.RaftServerImpl (ServerState.java:<init>(103)) - 186a6e78-09e6-4574-b547-f353bdf9fe3d@group-D193050E8B58: ConfigurationManager, init=-1: [186a6e78-09e6-4574-b547-f353bdf9fe3d:192.168.34.50:44451, 49f6b94c-0106-4685-b069-29ee7e29d9a9:192.168.34.50:35449, 0c2b2860-0b45-4f42-ad7c-2b288a3e9202:192.168.34.50:44821], old=null, confs=<EMPTY_MAP>
2019-09-18 09:58:02,822 [pool-345-thread-1] INFO  server.RaftServerConfigKeys (ConfUtils.java:logGet(43)) - raft.server.rpc.timeout.min = 5s (custom)
2019-09-18 09:58:02,822 [pool-335-thread-1] INFO  server.RaftServerConfigKeys (ConfUtils.java:logGet(43)) - raft.server.storage.dir = [/workdir/hadoop-ozone/integration-test/target/test-dir/MiniOzoneClusterImpl-29f84033-bd2d-4869-8500-f34df785535c/datanode-4/data/ratis] (custom)
2019-09-18 09:58:02,822 [pool-345-thread-1] INFO  server.RaftServerConfigKeys (ConfUtils.java:logGet(43)) - raft.server.rpc.timeout.max = 5200ms (custom)
2019-09-18 09:58:02,822 [pool-325-thread-1] INFO  impl.RaftServerImpl (RaftServerImpl.java:<init>(95)) - 49f6b94c-0106-4685-b069-29ee7e29d9a9: new RaftServerImpl for group-D193050E8B58:[186a6e78-09e6-4574-b547-f353bdf9fe3d:192.168.34.50:44451, 49f6b94c-0106-4685-b069-29ee7e29d9a9:192.168.34.50:35449, 0c2b2860-0b45-4f42-ad7c-2b288a3e9202:192.168.34.50:44821] with ContainerStateMachine:uninitialized
2019-09-18 09:58:02,822 [pool-335-thread-1] INFO  storage.RaftStorageDirectory (RaftStorageDirectory.java:analyzeStorage(246)) - The storage directory /workdir/hadoop-ozone/integration-test/target/test-dir/MiniOzoneClusterImpl-29f84033-bd2d-4869-8500-f34df785535c/datanode-4/data/ratis/477b97f6-44f3-4c71-8301-d193050e8b58 does not exist. Creating ...
2019-09-18 09:58:02,822 [pool-345-thread-1] INFO  server.RaftServerConfigKeys (ConfUtils.java:logGet(43)) - raft.server.rpcslowness.timeout = 120s (custom)
2019-09-18 09:58:02,822 [pool-325-thread-1] INFO  server.RaftServerConfigKeys (ConfUtils.java:logGet(43)) - raft.server.rpc.timeout.min = 5s (custom)
2019-09-18 09:58:02,822 [pool-345-thread-1] INFO  server.RaftServerConfigKeys (ConfUtils.java:logGet(43)) - raft.server.sleep.deviation.threshold = 300 (default)
2019-09-18 09:58:02,823 [pool-325-thread-1] INFO  server.RaftServerConfigKeys (ConfUtils.java:logGet(43)) - raft.server.rpc.timeout.max = 5200ms (custom)
2019-09-18 09:58:02,823 [pool-345-thread-1] INFO  server.RaftServerConfigKeys (ConfUtils.java:logGet(43)) - raft.server.log.appender.install.snapshot.enabled = false (custom)
2019-09-18 09:58:02,823 [pool-325-thread-1] INFO  server.RaftServerConfigKeys (ConfUtils.java:logGet(43)) - raft.server.rpcslowness.timeout = 120s (custom)
2019-09-18 09:58:02,823 [pool-345-thread-1] INFO  impl.RaftServerImpl (ServerState.java:<init>(103)) - 0c2b2860-0b45-4f42-ad7c-2b288a3e9202@group-D193050E8B58: ConfigurationManager, init=-1: [186a6e78-09e6-4574-b547-f353bdf9fe3d:192.168.34.50:44451, 49f6b94c-0106-4685-b069-29ee7e29d9a9:192.168.34.50:35449, 0c2b2860-0b45-4f42-ad7c-2b288a3e9202:192.168.34.50:44821], old=null, confs=<EMPTY_MAP>
2019-09-18 09:58:02,823 [pool-325-thread-1] INFO  server.RaftServerConfigKeys (ConfUtils.java:logGet(43)) - raft.server.sleep.deviation.threshold = 300 (default)
2019-09-18 09:58:02,823 [pool-345-thread-1] INFO  server.RaftServerConfigKeys (ConfUtils.java:logGet(43)) - raft.server.storage.dir = [/workdir/hadoop-ozone/integration-test/target/test-dir/MiniOzoneClusterImpl-29f84033-bd2d-4869-8500-f34df785535c/datanode-5/data/ratis] (custom)
2019-09-18 09:58:02,823 [pool-325-thread-1] INFO  server.RaftServerConfigKeys (ConfUtils.java:logGet(43)) - raft.server.log.appender.install.snapshot.enabled = false (custom)
2019-09-18 09:58:02,824 [pool-325-thread-1] INFO  impl.RaftServerImpl (ServerState.java:<init>(103)) - 49f6b94c-0106-4685-b069-29ee7e29d9a9@group-D193050E8B58: ConfigurationManager, init=-1: [186a6e78-09e6-4574-b547-f353bdf9fe3d:192.168.34.50:44451, 49f6b94c-0106-4685-b069-29ee7e29d9a9:192.168.34.50:35449, 0c2b2860-0b45-4f42-ad7c-2b288a3e9202:192.168.34.50:44821], old=null, confs=<EMPTY_MAP>
2019-09-18 09:58:02,824 [pool-345-thread-1] INFO  storage.RaftStorageDirectory (RaftStorageDirectory.java:analyzeStorage(246)) - The storage directory /workdir/hadoop-ozone/integration-test/target/test-dir/MiniOzoneClusterImpl-29f84033-bd2d-4869-8500-f34df785535c/datanode-5/data/ratis/477b97f6-44f3-4c71-8301-d193050e8b58 does not exist. Creating ...
2019-09-18 09:58:02,824 [pool-325-thread-1] INFO  server.RaftServerConfigKeys (ConfUtils.java:logGet(43)) - raft.server.storage.dir = [/workdir/hadoop-ozone/integration-test/target/test-dir/MiniOzoneClusterImpl-29f84033-bd2d-4869-8500-f34df785535c/datanode-3/data/ratis] (custom)
2019-09-18 09:58:02,824 [pool-325-thread-1] INFO  storage.RaftStorageDirectory (RaftStorageDirectory.java:analyzeStorage(246)) - The storage directory /workdir/hadoop-ozone/integration-test/target/test-dir/MiniOzoneClusterImpl-29f84033-bd2d-4869-8500-f34df785535c/datanode-3/data/ratis/477b97f6-44f3-4c71-8301-d193050e8b58 does not exist. Creating ...
2019-09-18 09:58:02,825 [main] INFO  ozone.MiniOzoneClusterImpl (MiniOzoneClusterImpl.java:lambda$waitForClusterToBeReady$0(145)) - Waiting for cluster to be ready. Got 6 of 7 DN Heartbeats.
2019-09-18 09:58:02,825 [IPC Server handler 8 on 40488] INFO  net.NetworkTopology (NetworkTopologyImpl.java:add(111)) - Added a new node: /default-rack/0fd0c2ec-25ce-43f1-a744-fbda5465e5dd
2019-09-18 09:58:02,826 [IPC Server handler 8 on 40488] INFO  node.SCMNodeManager (SCMNodeManager.java:register(266)) - Registered Data node : 0fd0c2ec-25ce-43f1-a744-fbda5465e5dd{ip: 192.168.34.50, host: pr-hdds-2141-pjvt9-4098185234, networkLocation: /default-rack, certSerialId: null}
2019-09-18 09:58:02,838 [pool-335-thread-1] INFO  storage.RaftStorageDirectory (RaftStorageDirectory.java:tryLock(328)) - Lock on /workdir/hadoop-ozone/integration-test/target/test-dir/MiniOzoneClusterImpl-29f84033-bd2d-4869-8500-f34df785535c/datanode-4/data/ratis/477b97f6-44f3-4c71-8301-d193050e8b58/in_use.lock acquired by nodename 867@pr-hdds-2141-pjvt9-4098185234
2019-09-18 09:58:02,838 [pool-325-thread-1] INFO  storage.RaftStorageDirectory (RaftStorageDirectory.java:tryLock(328)) - Lock on /workdir/hadoop-ozone/integration-test/target/test-dir/MiniOzoneClusterImpl-29f84033-bd2d-4869-8500-f34df785535c/datanode-3/data/ratis/477b97f6-44f3-4c71-8301-d193050e8b58/in_use.lock acquired by nodename 867@pr-hdds-2141-pjvt9-4098185234
2019-09-18 09:58:02,838 [pool-345-thread-1] INFO  storage.RaftStorageDirectory (RaftStorageDirectory.java:tryLock(328)) - Lock on /workdir/hadoop-ozone/integration-test/target/test-dir/MiniOzoneClusterImpl-29f84033-bd2d-4869-8500-f34df785535c/datanode-5/data/ratis/477b97f6-44f3-4c71-8301-d193050e8b58/in_use.lock acquired by nodename 867@pr-hdds-2141-pjvt9-4098185234
2019-09-18 09:58:02,846 [pool-345-thread-1] INFO  storage.RaftStorage (RaftStorage.java:format(72)) - Storage directory /workdir/hadoop-ozone/integration-test/target/test-dir/MiniOzoneClusterImpl-29f84033-bd2d-4869-8500-f34df785535c/datanode-5/data/ratis/477b97f6-44f3-4c71-8301-d193050e8b58 has been successfully formatted.
2019-09-18 09:58:02,846 [pool-325-thread-1] INFO  storage.RaftStorage (RaftStorage.java:format(72)) - Storage directory /workdir/hadoop-ozone/integration-test/target/test-dir/MiniOzoneClusterImpl-29f84033-bd2d-4869-8500-f34df785535c/datanode-3/data/ratis/477b97f6-44f3-4c71-8301-d193050e8b58 has been successfully formatted.
2019-09-18 09:58:02,846 [pool-335-thread-1] INFO  storage.RaftStorage (RaftStorage.java:format(72)) - Storage directory /workdir/hadoop-ozone/integration-test/target/test-dir/MiniOzoneClusterImpl-29f84033-bd2d-4869-8500-f34df785535c/datanode-4/data/ratis/477b97f6-44f3-4c71-8301-d193050e8b58 has been successfully formatted.
2019-09-18 09:58:02,846 [pool-345-thread-1] INFO  ratis.ContainerStateMachine (ContainerStateMachine.java:loadSnapshot(230)) - group-D193050E8B58: The snapshot info is null. Setting the last applied indexto:(t:0, i:~)
2019-09-18 09:58:02,847 [pool-335-thread-1] INFO  ratis.ContainerStateMachine (ContainerStateMachine.java:loadSnapshot(230)) - group-D193050E8B58: The snapshot info is null. Setting the last applied indexto:(t:0, i:~)
2019-09-18 09:58:02,847 [pool-325-thread-1] INFO  ratis.ContainerStateMachine (ContainerStateMachine.java:loadSnapshot(230)) - group-D193050E8B58: The snapshot info is null. Setting the last applied indexto:(t:0, i:~)
2019-09-18 09:58:02,847 [pool-335-thread-1] INFO  server.RaftServerConfigKeys (ConfUtils.java:logGet(43)) - raft.server.notification.no-leader.timeout = 120s (custom)
2019-09-18 09:58:02,847 [pool-345-thread-1] INFO  server.RaftServerConfigKeys (ConfUtils.java:logGet(43)) - raft.server.notification.no-leader.timeout = 120s (custom)
2019-09-18 09:58:02,847 [pool-335-thread-1] INFO  server.RaftServerConfigKeys (ConfUtils.java:logGet(43)) - raft.server.log.use.memory = false (default)
2019-09-18 09:58:02,847 [pool-325-thread-1] INFO  server.RaftServerConfigKeys (ConfUtils.java:logGet(43)) - raft.server.notification.no-leader.timeout = 120s (custom)
2019-09-18 09:58:02,847 [pool-335-thread-1] INFO  server.RaftServerConfigKeys (ConfUtils.java:logGet(43)) - raft.server.log.purge.gap = 1000000 (custom)
2019-09-18 09:58:02,847 [pool-345-thread-1] INFO  server.RaftServerConfigKeys (ConfUtils.java:logGet(43)) - raft.server.log.use.memory = false (default)
2019-09-18 09:58:02,847 [pool-335-thread-1] INFO  server.RaftServerConfigKeys (ConfUtils.java:logGet(43)) - raft.server.log.appender.buffer.byte-limit = 33554432 (custom)
2019-09-18 09:58:02,848 [pool-335-thread-1] INFO  server.RaftServerConfigKeys (ConfUtils.java:logGet(43)) - raft.server.log.segment.size.max = 1048576 (custom)
2019-09-18 09:58:02,847 [pool-325-thread-1] INFO  server.RaftServerConfigKeys (ConfUtils.java:logGet(43)) - raft.server.log.use.memory = false (default)
2019-09-18 09:58:02,848 [pool-335-thread-1] INFO  server.RaftServerConfigKeys (ConfUtils.java:logGet(43)) - raft.server.log.segment.cache.num.max = 2 (custom)
2019-09-18 09:58:02,848 [pool-345-thread-1] INFO  server.RaftServerConfigKeys (ConfUtils.java:logGet(43)) - raft.server.log.purge.gap = 1000000 (custom)
2019-09-18 09:58:02,848 [pool-335-thread-1] INFO  segmented.SegmentedRaftLogWorker (SegmentedRaftLogWorker.java:<init>(172)) - new 186a6e78-09e6-4574-b547-f353bdf9fe3d@group-D193050E8B58-SegmentedRaftLogWorker for RaftStorage:Storage Directory /workdir/hadoop-ozone/integration-test/target/test-dir/MiniOzoneClusterImpl-29f84033-bd2d-4869-8500-f34df785535c/datanode-4/data/ratis/477b97f6-44f3-4c71-8301-d193050e8b58
2019-09-18 09:58:02,848 [pool-325-thread-1] INFO  server.RaftServerConfigKeys (ConfUtils.java:logGet(43)) - raft.server.log.purge.gap = 1000000 (custom)
2019-09-18 09:58:02,848 [pool-335-thread-1] INFO  server.RaftServerConfigKeys (ConfUtils.java:logGet(43)) - raft.server.log.queue.byte-limit = 2147483647 (custom)
2019-09-18 09:58:02,848 [pool-345-thread-1] INFO  server.RaftServerConfigKeys (ConfUtils.java:logGet(43)) - raft.server.log.appender.buffer.byte-limit = 33554432 (custom)
2019-09-18 09:58:02,849 [pool-335-thread-1] INFO  server.RaftServerConfigKeys (ConfUtils.java:logGet(43)) - raft.server.log.queue.element-limit = 1024 (custom)
2019-09-18 09:58:02,848 [pool-325-thread-1] INFO  server.RaftServerConfigKeys (ConfUtils.java:logGet(43)) - raft.server.log.appender.buffer.byte-limit = 33554432 (custom)
2019-09-18 09:58:02,849 [pool-335-thread-1] INFO  server.RaftServerConfigKeys (ConfUtils.java:logGet(43)) - raft.server.log.segment.size.max = 1048576 (custom)
2019-09-18 09:58:02,849 [pool-345-thread-1] INFO  server.RaftServerConfigKeys (ConfUtils.java:logGet(43)) - raft.server.log.segment.size.max = 1048576 (custom)
2019-09-18 09:58:02,849 [pool-335-thread-1] INFO  server.RaftServerConfigKeys (ConfUtils.java:logGet(43)) - raft.server.log.preallocated.size = 16384 (custom)
2019-09-18 09:58:02,849 [pool-325-thread-1] INFO  server.RaftServerConfigKeys (ConfUtils.java:logGet(43)) - raft.server.log.segment.size.max = 1048576 (custom)
2019-09-18 09:58:02,849 [pool-335-thread-1] INFO  server.RaftServerConfigKeys (ConfUtils.java:logGet(43)) - raft.server.log.write.buffer.size = 33554432 (custom)
2019-09-18 09:58:02,849 [pool-345-thread-1] INFO  server.RaftServerConfigKeys (ConfUtils.java:logGet(43)) - raft.server.log.segment.cache.num.max = 2 (custom)
2019-09-18 09:58:02,849 [pool-335-thread-1] INFO  server.RaftServerConfigKeys (ConfUtils.java:logGet(43)) - raft.server.log.force.sync.num = 128 (default)
2019-09-18 09:58:02,850 [pool-335-thread-1] INFO  server.RaftServerConfigKeys (ConfUtils.java:logGet(43)) - raft.server.log.statemachine.data.sync = true (default)
2019-09-18 09:58:02,849 [pool-325-thread-1] INFO  server.RaftServerConfigKeys (ConfUtils.java:logGet(43)) - raft.server.log.segment.cache.num.max = 2 (custom)
2019-09-18 09:58:02,850 [pool-335-thread-1] INFO  server.RaftServerConfigKeys (ConfUtils.java:logGet(43)) - raft.server.log.statemachine.data.sync.timeout = 10s (default)
2019-09-18 09:58:02,850 [pool-345-thread-1] INFO  segmented.SegmentedRaftLogWorker (SegmentedRaftLogWorker.java:<init>(172)) - new 0c2b2860-0b45-4f42-ad7c-2b288a3e9202@group-D193050E8B58-SegmentedRaftLogWorker for RaftStorage:Storage Directory /workdir/hadoop-ozone/integration-test/target/test-dir/MiniOzoneClusterImpl-29f84033-bd2d-4869-8500-f34df785535c/datanode-5/data/ratis/477b97f6-44f3-4c71-8301-d193050e8b58
2019-09-18 09:58:02,850 [pool-335-thread-1] INFO  server.RaftServerConfigKeys (ConfUtils.java:logGet(43)) - raft.server.log.statemachine.data.sync.timeout.retry = -1 (default)
2019-09-18 09:58:02,850 [pool-325-thread-1] INFO  segmented.SegmentedRaftLogWorker (SegmentedRaftLogWorker.java:<init>(172)) - new 49f6b94c-0106-4685-b069-29ee7e29d9a9@group-D193050E8B58-SegmentedRaftLogWorker for RaftStorage:Storage Directory /workdir/hadoop-ozone/integration-test/target/test-dir/MiniOzoneClusterImpl-29f84033-bd2d-4869-8500-f34df785535c/datanode-3/data/ratis/477b97f6-44f3-4c71-8301-d193050e8b58
2019-09-18 09:58:02,850 [pool-335-thread-1] INFO  server.RaftServerConfigKeys (ConfUtils.java:logGet(43)) - raft.server.log.statemachine.data.caching.enabled = true (custom)
2019-09-18 09:58:02,850 [pool-345-thread-1] INFO  server.RaftServerConfigKeys (ConfUtils.java:logGet(43)) - raft.server.log.queue.byte-limit = 2147483647 (custom)
2019-09-18 09:58:02,850 [pool-325-thread-1] INFO  server.RaftServerConfigKeys (ConfUtils.java:logGet(43)) - raft.server.log.queue.byte-limit = 2147483647 (custom)
2019-09-18 09:58:02,851 [pool-335-thread-1] INFO  segmented.SegmentedRaftLogWorker (SegmentedRaftLogWorker.java:lambda$new$0(132)) - 186a6e78-09e6-4574-b547-f353bdf9fe3d@group-D193050E8B58-SegmentedRaftLogWorker: flushIndex: setUnconditionally 0 -> -1
2019-09-18 09:58:02,851 [pool-345-thread-1] INFO  server.RaftServerConfigKeys (ConfUtils.java:logGet(43)) - raft.server.log.queue.element-limit = 1024 (custom)
2019-09-18 09:58:02,851 [pool-325-thread-1] INFO  server.RaftServerConfigKeys (ConfUtils.java:logGet(43)) - raft.server.log.queue.element-limit = 1024 (custom)
2019-09-18 09:58:02,851 [pool-345-thread-1] INFO  server.RaftServerConfigKeys (ConfUtils.java:logGet(43)) - raft.server.log.segment.size.max = 1048576 (custom)
2019-09-18 09:58:02,851 [pool-335-thread-1] INFO  server.RaftServerConfigKeys (ConfUtils.java:logGet(43)) - raft.server.snapshot.auto.trigger.enabled = true (custom)
2019-09-18 09:58:02,851 [pool-345-thread-1] INFO  server.RaftServerConfigKeys (ConfUtils.java:logGet(43)) - raft.server.log.preallocated.size = 16384 (custom)
2019-09-18 09:58:02,851 [pool-325-thread-1] INFO  server.RaftServerConfigKeys (ConfUtils.java:logGet(43)) - raft.server.log.segment.size.max = 1048576 (custom)
2019-09-18 09:58:02,852 [pool-345-thread-1] INFO  server.RaftServerConfigKeys (ConfUtils.java:logGet(43)) - raft.server.log.write.buffer.size = 33554432 (custom)
2019-09-18 09:58:02,852 [pool-335-thread-1] INFO  server.RaftServerConfigKeys (ConfUtils.java:logGet(43)) - raft.server.snapshot.auto.trigger.threshold = 10000 (custom)
2019-09-18 09:58:02,852 [pool-345-thread-1] INFO  server.RaftServerConfigKeys (ConfUtils.java:logGet(43)) - raft.server.log.force.sync.num = 128 (default)
2019-09-18 09:58:02,852 [pool-325-thread-1] INFO  server.RaftServerConfigKeys (ConfUtils.java:logGet(43)) - raft.server.log.preallocated.size = 16384 (custom)
2019-09-18 09:58:02,852 [pool-345-thread-1] INFO  server.RaftServerConfigKeys (ConfUtils.java:logGet(43)) - raft.server.log.statemachine.data.sync = true (default)
2019-09-18 09:58:02,852 [pool-335-thread-1] INFO  server.RaftServerConfigKeys (ConfUtils.java:logGet(43)) - raft.server.snapshot.retention.num.files = 5 (custom)
2019-09-18 09:58:02,852 [pool-345-thread-1] INFO  server.RaftServerConfigKeys (ConfUtils.java:logGet(43)) - raft.server.log.statemachine.data.sync.timeout = 10s (default)
2019-09-18 09:58:02,852 [pool-325-thread-1] INFO  server.RaftServerConfigKeys (ConfUtils.java:logGet(43)) - raft.server.log.write.buffer.size = 33554432 (custom)
2019-09-18 09:58:02,853 [pool-345-thread-1] INFO  server.RaftServerConfigKeys (ConfUtils.java:logGet(43)) - raft.server.log.statemachine.data.sync.timeout.retry = -1 (default)
2019-09-18 09:58:02,852 [pool-335-thread-1] INFO  server.RaftServerConfigKeys (ConfUtils.java:logGet(43)) - raft.server.retrycache.expirytime = 600000ms (custom)
2019-09-18 09:58:02,853 [pool-345-thread-1] INFO  server.RaftServerConfigKeys (ConfUtils.java:logGet(43)) - raft.server.log.statemachine.data.caching.enabled = true (custom)
2019-09-18 09:58:02,853 [pool-325-thread-1] INFO  server.RaftServerConfigKeys (ConfUtils.java:logGet(43)) - raft.server.log.force.sync.num = 128 (default)
2019-09-18 09:58:02,853 [pool-345-thread-1] INFO  segmented.SegmentedRaftLogWorker (SegmentedRaftLogWorker.java:lambda$new$0(132)) - 0c2b2860-0b45-4f42-ad7c-2b288a3e9202@group-D193050E8B58-SegmentedRaftLogWorker: flushIndex: setUnconditionally 0 -> -1
2019-09-18 09:58:02,853 [pool-325-thread-1] INFO  server.RaftServerConfigKeys (ConfUtils.java:logGet(43)) - raft.server.log.statemachine.data.sync = true (default)
2019-09-18 09:58:02,853 [pool-325-thread-1] INFO  server.RaftServerConfigKeys (ConfUtils.java:logGet(43)) - raft.server.log.statemachine.data.sync.timeout = 10s (default)
2019-09-18 09:58:02,853 [pool-345-thread-1] INFO  server.RaftServerConfigKeys (ConfUtils.java:logGet(43)) - raft.server.snapshot.auto.trigger.enabled = true (custom)
2019-09-18 09:58:02,854 [pool-325-thread-1] INFO  server.RaftServerConfigKeys (ConfUtils.java:logGet(43)) - raft.server.log.statemachine.data.sync.timeout.retry = -1 (default)
2019-09-18 09:58:02,854 [pool-345-thread-1] INFO  server.RaftServerConfigKeys (ConfUtils.java:logGet(43)) - raft.server.snapshot.auto.trigger.threshold = 10000 (custom)
2019-09-18 09:58:02,854 [pool-325-thread-1] INFO  server.RaftServerConfigKeys (ConfUtils.java:logGet(43)) - raft.server.log.statemachine.data.caching.enabled = true (custom)
2019-09-18 09:58:02,854 [pool-345-thread-1] INFO  server.RaftServerConfigKeys (ConfUtils.java:logGet(43)) - raft.server.snapshot.retention.num.files = 5 (custom)
2019-09-18 09:58:02,854 [pool-345-thread-1] INFO  server.RaftServerConfigKeys (ConfUtils.java:logGet(43)) - raft.server.retrycache.expirytime = 600000ms (custom)
2019-09-18 09:58:02,854 [pool-325-thread-1] INFO  segmented.SegmentedRaftLogWorker (SegmentedRaftLogWorker.java:lambda$new$0(132)) - 49f6b94c-0106-4685-b069-29ee7e29d9a9@group-D193050E8B58-SegmentedRaftLogWorker: flushIndex: setUnconditionally 0 -> -1
2019-09-18 09:58:02,855 [pool-325-thread-1] INFO  server.RaftServerConfigKeys (ConfUtils.java:logGet(43)) - raft.server.snapshot.auto.trigger.enabled = true (custom)
2019-09-18 09:58:02,855 [pool-325-thread-1] INFO  server.RaftServerConfigKeys (ConfUtils.java:logGet(43)) - raft.server.snapshot.auto.trigger.threshold = 10000 (custom)
2019-09-18 09:58:02,855 [pool-335-thread-1] INFO  impl.RaftServerImpl (RaftServerImpl.java:start(185)) - 186a6e78-09e6-4574-b547-f353bdf9fe3d@group-D193050E8B58: start as a follower, conf=-1: [186a6e78-09e6-4574-b547-f353bdf9fe3d:192.168.34.50:44451, 49f6b94c-0106-4685-b069-29ee7e29d9a9:192.168.34.50:35449, 0c2b2860-0b45-4f42-ad7c-2b288a3e9202:192.168.34.50:44821], old=null
2019-09-18 09:58:02,855 [pool-325-thread-1] INFO  server.RaftServerConfigKeys (ConfUtils.java:logGet(43)) - raft.server.snapshot.retention.num.files = 5 (custom)
2019-09-18 09:58:02,855 [pool-335-thread-1] INFO  impl.RaftServerImpl (RaftServerImpl.java:setRole(174)) - 186a6e78-09e6-4574-b547-f353bdf9fe3d@group-D193050E8B58: changes role from      null to FOLLOWER at term 0 for startAsFollower
2019-09-18 09:58:02,855 [pool-325-thread-1] INFO  server.RaftServerConfigKeys (ConfUtils.java:logGet(43)) - raft.server.retrycache.expirytime = 600000ms (custom)
2019-09-18 09:58:02,855 [pool-335-thread-1] INFO  impl.RoleInfo (RoleInfo.java:updateAndGet(143)) - 186a6e78-09e6-4574-b547-f353bdf9fe3d: start FollowerState
2019-09-18 09:58:02,856 [pool-335-thread-1] INFO  util.JmxRegister (JmxRegister.java:tryRegister(44)) - Successfully registered JMX Bean with object name Ratis:service=RaftServer,group=group-D193050E8B58,id=186a6e78-09e6-4574-b547-f353bdf9fe3d
2019-09-18 09:58:02,860 [pool-345-thread-1] INFO  impl.RaftServerImpl (RaftServerImpl.java:start(185)) - 0c2b2860-0b45-4f42-ad7c-2b288a3e9202@group-D193050E8B58: start as a follower, conf=-1: [186a6e78-09e6-4574-b547-f353bdf9fe3d:192.168.34.50:44451, 49f6b94c-0106-4685-b069-29ee7e29d9a9:192.168.34.50:35449, 0c2b2860-0b45-4f42-ad7c-2b288a3e9202:192.168.34.50:44821], old=null
2019-09-18 09:58:02,860 [pool-345-thread-1] INFO  impl.RaftServerImpl (RaftServerImpl.java:setRole(174)) - 0c2b2860-0b45-4f42-ad7c-2b288a3e9202@group-D193050E8B58: changes role from      null to FOLLOWER at term 0 for startAsFollower
2019-09-18 09:58:02,861 [pool-345-thread-1] INFO  impl.RoleInfo (RoleInfo.java:updateAndGet(143)) - 0c2b2860-0b45-4f42-ad7c-2b288a3e9202: start FollowerState
2019-09-18 09:58:02,861 [pool-325-thread-1] INFO  impl.RaftServerImpl (RaftServerImpl.java:start(185)) - 49f6b94c-0106-4685-b069-29ee7e29d9a9@group-D193050E8B58: start as a follower, conf=-1: [186a6e78-09e6-4574-b547-f353bdf9fe3d:192.168.34.50:44451, 49f6b94c-0106-4685-b069-29ee7e29d9a9:192.168.34.50:35449, 0c2b2860-0b45-4f42-ad7c-2b288a3e9202:192.168.34.50:44821], old=null
2019-09-18 09:58:02,861 [pool-345-thread-1] INFO  util.JmxRegister (JmxRegister.java:tryRegister(44)) - Successfully registered JMX Bean with object name Ratis:service=RaftServer,group=group-D193050E8B58,id=0c2b2860-0b45-4f42-ad7c-2b288a3e9202
2019-09-18 09:58:02,861 [pool-325-thread-1] INFO  impl.RaftServerImpl (RaftServerImpl.java:setRole(174)) - 49f6b94c-0106-4685-b069-29ee7e29d9a9@group-D193050E8B58: changes role from      null to FOLLOWER at term 0 for startAsFollower
2019-09-18 09:58:02,861 [pool-325-thread-1] INFO  impl.RoleInfo (RoleInfo.java:updateAndGet(143)) - 49f6b94c-0106-4685-b069-29ee7e29d9a9: start FollowerState
2019-09-18 09:58:02,862 [pool-325-thread-1] INFO  util.JmxRegister (JmxRegister.java:tryRegister(44)) - Successfully registered JMX Bean with object name Ratis:service=RaftServer,group=group-D193050E8B58,id=49f6b94c-0106-4685-b069-29ee7e29d9a9
2019-09-18 09:58:02,869 [RatisPipelineUtilsThread] INFO  pipeline.PipelineStateManager (PipelineStateManager.java:addPipeline(56)) - Created pipeline Pipeline[ Id: 477b97f6-44f3-4c71-8301-d193050e8b58, Nodes: 186a6e78-09e6-4574-b547-f353bdf9fe3d{ip: 192.168.34.50, host: pr-hdds-2141-pjvt9-4098185234, networkLocation: /default-rack, certSerialId: null}0c2b2860-0b45-4f42-ad7c-2b288a3e9202{ip: 192.168.34.50, host: pr-hdds-2141-pjvt9-4098185234, networkLocation: /default-rack, certSerialId: null}49f6b94c-0106-4685-b069-29ee7e29d9a9{ip: 192.168.34.50, host: pr-hdds-2141-pjvt9-4098185234, networkLocation: /default-rack, certSerialId: null}, Type:RATIS, Factor:THREE, State:OPEN]
2019-09-18 09:58:03,826 [main] INFO  ozone.MiniOzoneClusterImpl (MiniOzoneClusterImpl.java:lambda$waitForClusterToBeReady$0(145)) - Cluster is ready. Got 7 of 7 DN Heartbeats.
2019-09-18 09:58:03,873 [main] INFO  rpc.RpcClient (RpcClient.java:createVolume(302)) - Creating Volume: watchforcommithandlingtest, with jenkins1000 as owner.
2019-09-18 09:58:03,881 [IPC Server handler 2 on 35351] INFO  volume.OMVolumeCreateRequest (OMVolumeCreateRequest.java:validateAndUpdateCache(189)) - created volume:watchforcommithandlingtest for user:jenkins1000
2019-09-18 09:58:03,921 [main] INFO  rpc.RpcClient (RpcClient.java:createBucket(441)) - Creating Bucket: watchforcommithandlingtest/watchforcommithandlingtest, with Versioning false and Storage Type set to DISK and Encryption set to false 
2019-09-18 09:58:03,926 [main] INFO  ozone.MiniOzoneClusterImpl (MiniOzoneClusterImpl.java:getStorageContainerLocationClient(232)) - Creating StorageContainerLocationProtocol RPC client with address /0.0.0.0:45258
2019-09-18 09:58:03,960 [grpc-default-executor-1] INFO  client.GrpcClientProtocolClient (GrpcClientProtocolClient.java:onNext(264)) - client-726A961C7BE0->59e26ea6-1ca6-4790-a671-9b2bff083d73: receive RaftClientReply:client-726A961C7BE0->59e26ea6-1ca6-4790-a671-9b2bff083d73@group-161DFC9CA29B, cid=81, FAILED org.apache.ratis.protocol.NotLeaderException: Server 59e26ea6-1ca6-4790-a671-9b2bff083d73@group-161DFC9CA29B is not the leader, logIndex=0, commits[59e26ea6-1ca6-4790-a671-9b2bff083d73:c-1]
2019-09-18 09:58:04,984 [grpc-default-executor-1] INFO  client.GrpcClientProtocolClient (GrpcClientProtocolClient.java:onNext(264)) - client-726A961C7BE0->36ed70af-376b-40f3-9249-55a5a03d45d8: receive RaftClientReply:client-726A961C7BE0->36ed70af-376b-40f3-9249-55a5a03d45d8@group-161DFC9CA29B, cid=81, FAILED org.apache.ratis.protocol.NotLeaderException: Server 36ed70af-376b-40f3-9249-55a5a03d45d8@group-161DFC9CA29B is not the leader, logIndex=0, commits[36ed70af-376b-40f3-9249-55a5a03d45d8:c-1]
2019-09-18 09:58:05,356 [Thread-1882] INFO  container.ReplicationManager (ReplicationManager.java:start(162)) - Starting Replication Monitor Thread.
2019-09-18 09:58:05,360 [ReplicationMonitor] INFO  container.ReplicationManager (ReplicationManager.java:run(225)) - Replication Monitor Thread took 1 milliseconds for processing 1 containers.
2019-09-18 09:58:06,002 [grpc-default-executor-1] INFO  client.GrpcClientProtocolClient (GrpcClientProtocolClient.java:onNext(264)) - client-726A961C7BE0->25fcce2d-b211-4470-848f-cc203df7fa47: receive RaftClientReply:client-726A961C7BE0->25fcce2d-b211-4470-848f-cc203df7fa47@group-161DFC9CA29B, cid=81, FAILED org.apache.ratis.protocol.NotLeaderException: Server 25fcce2d-b211-4470-848f-cc203df7fa47@group-161DFC9CA29B is not the leader, logIndex=0, commits[25fcce2d-b211-4470-848f-cc203df7fa47:c-1]
2019-09-18 09:58:07,025 [grpc-default-executor-1] INFO  client.GrpcClientProtocolClient (GrpcClientProtocolClient.java:onNext(264)) - client-726A961C7BE0->36ed70af-376b-40f3-9249-55a5a03d45d8: receive RaftClientReply:client-726A961C7BE0->36ed70af-376b-40f3-9249-55a5a03d45d8@group-161DFC9CA29B, cid=81, FAILED org.apache.ratis.protocol.NotLeaderException: Server 36ed70af-376b-40f3-9249-55a5a03d45d8@group-161DFC9CA29B is not the leader, logIndex=0, commits[36ed70af-376b-40f3-9249-55a5a03d45d8:c-1]
2019-09-18 09:58:07,551 [Thread-1887] INFO  impl.FollowerState (FollowerState.java:run(106)) - 36ed70af-376b-40f3-9249-55a5a03d45d8:group-87DF24BE448E changes to CANDIDATE, lastRpcTime:5087, electionTimeout:5087ms
2019-09-18 09:58:07,552 [Thread-1887] INFO  impl.RoleInfo (RoleInfo.java:shutdownFollowerState(121)) - 36ed70af-376b-40f3-9249-55a5a03d45d8: shutdown FollowerState
2019-09-18 09:58:07,552 [Thread-1887] INFO  impl.RaftServerImpl (RaftServerImpl.java:setRole(174)) - 36ed70af-376b-40f3-9249-55a5a03d45d8@group-87DF24BE448E: changes role from  FOLLOWER to CANDIDATE at term 0 for changeToCandidate
2019-09-18 09:58:07,552 [Thread-1887] INFO  impl.RoleInfo (RoleInfo.java:updateAndGet(143)) - 36ed70af-376b-40f3-9249-55a5a03d45d8: start LeaderElection
2019-09-18 09:58:07,570 [Thread-1884] INFO  impl.FollowerState (FollowerState.java:run(106)) - 59e26ea6-1ca6-4790-a671-9b2bff083d73:group-025C5DD205BD changes to CANDIDATE, lastRpcTime:5164, electionTimeout:5164ms
2019-09-18 09:58:07,570 [Thread-1884] INFO  impl.RoleInfo (RoleInfo.java:shutdownFollowerState(121)) - 59e26ea6-1ca6-4790-a671-9b2bff083d73: shutdown FollowerState
2019-09-18 09:58:07,570 [Thread-1884] INFO  impl.RaftServerImpl (RaftServerImpl.java:setRole(174)) - 59e26ea6-1ca6-4790-a671-9b2bff083d73@group-025C5DD205BD: changes role from  FOLLOWER to CANDIDATE at term 0 for changeToCandidate
2019-09-18 09:58:07,570 [Thread-1884] INFO  impl.RoleInfo (RoleInfo.java:updateAndGet(143)) - 59e26ea6-1ca6-4790-a671-9b2bff083d73: start LeaderElection
2019-09-18 09:58:07,575 [36ed70af-376b-40f3-9249-55a5a03d45d8@group-87DF24BE448E:LeaderElection68] INFO  impl.LeaderElection (LeaderElection.java:askForVotes(182)) - 36ed70af-376b-40f3-9249-55a5a03d45d8@group-87DF24BE448E:LeaderElection68: begin an election at term 1 for -1: [36ed70af-376b-40f3-9249-55a5a03d45d8:192.168.34.50:42078], old=null
2019-09-18 09:58:07,576 [36ed70af-376b-40f3-9249-55a5a03d45d8@group-87DF24BE448E:LeaderElection68] INFO  impl.RoleInfo (RoleInfo.java:shutdownLeaderElection(134)) - 36ed70af-376b-40f3-9249-55a5a03d45d8: shutdown LeaderElection
2019-09-18 09:58:07,576 [36ed70af-376b-40f3-9249-55a5a03d45d8@group-87DF24BE448E:LeaderElection68] INFO  impl.RaftServerImpl (RaftServerImpl.java:setRole(174)) - 36ed70af-376b-40f3-9249-55a5a03d45d8@group-87DF24BE448E: changes role from CANDIDATE to LEADER at term 1 for changeToLeader
2019-09-18 09:58:07,576 [36ed70af-376b-40f3-9249-55a5a03d45d8@group-87DF24BE448E:LeaderElection68] INFO  impl.RaftServerImpl (ServerState.java:setLeader(253)) - 36ed70af-376b-40f3-9249-55a5a03d45d8@group-87DF24BE448E: change Leader from null to 36ed70af-376b-40f3-9249-55a5a03d45d8 at term 1 for becomeLeader, leader elected after 5120ms
2019-09-18 09:58:07,576 [36ed70af-376b-40f3-9249-55a5a03d45d8@group-87DF24BE448E:LeaderElection68] INFO  server.RaftServerConfigKeys (ConfUtils.java:logGet(43)) - raft.server.staging.catchup.gap = 1000 (default)
2019-09-18 09:58:07,576 [36ed70af-376b-40f3-9249-55a5a03d45d8@group-87DF24BE448E:LeaderElection68] INFO  server.RaftServerConfigKeys (ConfUtils.java:logGet(43)) - raft.server.rpc.sleep.time = 25ms (default)
2019-09-18 09:58:07,577 [36ed70af-376b-40f3-9249-55a5a03d45d8@group-87DF24BE448E:LeaderElection68] INFO  server.RaftServerConfigKeys (ConfUtils.java:logGet(43)) - raft.server.write.element-limit = 4096 (default)
2019-09-18 09:58:07,577 [36ed70af-376b-40f3-9249-55a5a03d45d8@group-87DF24BE448E:LeaderElection68] INFO  server.RaftServerConfigKeys (ConfUtils.java:logGet(43)) - raft.server.watch.timeout = 10s (default)
2019-09-18 09:58:07,577 [36ed70af-376b-40f3-9249-55a5a03d45d8@group-87DF24BE448E:LeaderElection68] INFO  server.RaftServerConfigKeys (ConfUtils.java:logGet(43)) - raft.server.watch.timeout.denomination = 1s (default)
2019-09-18 09:58:07,577 [36ed70af-376b-40f3-9249-55a5a03d45d8@group-87DF24BE448E:LeaderElection68] INFO  server.RaftServerConfigKeys (ConfUtils.java:logGet(43)) - raft.server.watch.element-limit = 65536 (default)
2019-09-18 09:58:07,580 [36ed70af-376b-40f3-9249-55a5a03d45d8@group-87DF24BE448E:LeaderElection68] INFO  impl.RoleInfo (RoleInfo.java:updateAndGet(143)) - 36ed70af-376b-40f3-9249-55a5a03d45d8: start LeaderState
2019-09-18 09:58:07,581 [36ed70af-376b-40f3-9249-55a5a03d45d8@group-87DF24BE448E:LeaderElection68] INFO  segmented.SegmentedRaftLogWorker (SegmentedRaftLogWorker.java:startLogSegment(380)) - 36ed70af-376b-40f3-9249-55a5a03d45d8@group-87DF24BE448E-SegmentedRaftLogWorker: Starting segment from index:0
2019-09-18 09:58:07,581 [59e26ea6-1ca6-4790-a671-9b2bff083d73@group-025C5DD205BD:LeaderElection69] INFO  impl.LeaderElection (LeaderElection.java:askForVotes(182)) - 59e26ea6-1ca6-4790-a671-9b2bff083d73@group-025C5DD205BD:LeaderElection69: begin an election at term 1 for -1: [59e26ea6-1ca6-4790-a671-9b2bff083d73:192.168.34.50:43404], old=null
2019-09-18 09:58:07,582 [59e26ea6-1ca6-4790-a671-9b2bff083d73@group-025C5DD205BD:LeaderElection69] INFO  impl.RoleInfo (RoleInfo.java:shutdownLeaderElection(134)) - 59e26ea6-1ca6-4790-a671-9b2bff083d73: shutdown LeaderElection
2019-09-18 09:58:07,582 [59e26ea6-1ca6-4790-a671-9b2bff083d73@group-025C5DD205BD:LeaderElection69] INFO  impl.RaftServerImpl (RaftServerImpl.java:setRole(174)) - 59e26ea6-1ca6-4790-a671-9b2bff083d73@group-025C5DD205BD: changes role from CANDIDATE to LEADER at term 1 for changeToLeader
2019-09-18 09:58:07,582 [59e26ea6-1ca6-4790-a671-9b2bff083d73@group-025C5DD205BD:LeaderElection69] INFO  impl.RaftServerImpl (ServerState.java:setLeader(253)) - 59e26ea6-1ca6-4790-a671-9b2bff083d73@group-025C5DD205BD: change Leader from null to 59e26ea6-1ca6-4790-a671-9b2bff083d73 at term 1 for becomeLeader, leader elected after 5185ms
2019-09-18 09:58:07,582 [59e26ea6-1ca6-4790-a671-9b2bff083d73@group-025C5DD205BD:LeaderElection69] INFO  server.RaftServerConfigKeys (ConfUtils.java:logGet(43)) - raft.server.staging.catchup.gap = 1000 (default)
2019-09-18 09:58:07,582 [36ed70af-376b-40f3-9249-55a5a03d45d8@group-87DF24BE448E:LeaderElection68] INFO  impl.RaftServerImpl (ServerState.java:setRaftConf(354)) - 36ed70af-376b-40f3-9249-55a5a03d45d8@group-87DF24BE448E: set configuration 0: [36ed70af-376b-40f3-9249-55a5a03d45d8:192.168.34.50:42078], old=null at 0
2019-09-18 09:58:07,582 [59e26ea6-1ca6-4790-a671-9b2bff083d73@group-025C5DD205BD:LeaderElection69] INFO  server.RaftServerConfigKeys (ConfUtils.java:logGet(43)) - raft.server.rpc.sleep.time = 25ms (default)
2019-09-18 09:58:07,583 [59e26ea6-1ca6-4790-a671-9b2bff083d73@group-025C5DD205BD:LeaderElection69] INFO  server.RaftServerConfigKeys (ConfUtils.java:logGet(43)) - raft.server.write.element-limit = 4096 (default)
2019-09-18 09:58:07,583 [59e26ea6-1ca6-4790-a671-9b2bff083d73@group-025C5DD205BD:LeaderElection69] INFO  server.RaftServerConfigKeys (ConfUtils.java:logGet(43)) - raft.server.watch.timeout = 10s (default)
2019-09-18 09:58:07,583 [59e26ea6-1ca6-4790-a671-9b2bff083d73@group-025C5DD205BD:LeaderElection69] INFO  server.RaftServerConfigKeys (ConfUtils.java:logGet(43)) - raft.server.watch.timeout.denomination = 1s (default)
2019-09-18 09:58:07,583 [59e26ea6-1ca6-4790-a671-9b2bff083d73@group-025C5DD205BD:LeaderElection69] INFO  server.RaftServerConfigKeys (ConfUtils.java:logGet(43)) - raft.server.watch.element-limit = 65536 (default)
2019-09-18 09:58:07,585 [59e26ea6-1ca6-4790-a671-9b2bff083d73@group-025C5DD205BD:LeaderElection69] INFO  impl.RoleInfo (RoleInfo.java:updateAndGet(143)) - 59e26ea6-1ca6-4790-a671-9b2bff083d73: start LeaderState
2019-09-18 09:58:07,585 [59e26ea6-1ca6-4790-a671-9b2bff083d73@group-025C5DD205BD:LeaderElection69] INFO  segmented.SegmentedRaftLogWorker (SegmentedRaftLogWorker.java:startLogSegment(380)) - 59e26ea6-1ca6-4790-a671-9b2bff083d73@group-025C5DD205BD-SegmentedRaftLogWorker: Starting segment from index:0
2019-09-18 09:58:07,586 [59e26ea6-1ca6-4790-a671-9b2bff083d73@group-025C5DD205BD:LeaderElection69] INFO  impl.RaftServerImpl (ServerState.java:setRaftConf(354)) - 59e26ea6-1ca6-4790-a671-9b2bff083d73@group-025C5DD205BD: set configuration 0: [59e26ea6-1ca6-4790-a671-9b2bff083d73:192.168.34.50:43404], old=null at 0
2019-09-18 09:58:07,627 [36ed70af-376b-40f3-9249-55a5a03d45d8@group-87DF24BE448E-SegmentedRaftLogWorker] INFO  segmented.SegmentedRaftLogWorker (SegmentedRaftLogWorker.java:execute(569)) - 36ed70af-376b-40f3-9249-55a5a03d45d8@group-87DF24BE448E-SegmentedRaftLogWorker: created new log segment /workdir/hadoop-ozone/integration-test/target/test-dir/MiniOzoneClusterImpl-29f84033-bd2d-4869-8500-f34df785535c/datanode-1/data/ratis/08667160-1dc3-4228-9a4e-87df24be448e/current/log_inprogress_0
2019-09-18 09:58:07,627 [59e26ea6-1ca6-4790-a671-9b2bff083d73@group-025C5DD205BD-SegmentedRaftLogWorker] INFO  segmented.SegmentedRaftLogWorker (SegmentedRaftLogWorker.java:execute(569)) - 59e26ea6-1ca6-4790-a671-9b2bff083d73@group-025C5DD205BD-SegmentedRaftLogWorker: created new log segment /workdir/hadoop-ozone/integration-test/target/test-dir/MiniOzoneClusterImpl-29f84033-bd2d-4869-8500-f34df785535c/datanode-0/data/ratis/adbe581b-6a75-45ef-b93e-025c5dd205bd/current/log_inprogress_0
2019-09-18 09:58:07,632 [Thread-1890] INFO  impl.FollowerState (FollowerState.java:run(106)) - 25fcce2d-b211-4470-848f-cc203df7fa47:group-862C06C9E680 changes to CANDIDATE, lastRpcTime:5099, electionTimeout:5099ms
2019-09-18 09:58:07,633 [Thread-1890] INFO  impl.RoleInfo (RoleInfo.java:shutdownFollowerState(121)) - 25fcce2d-b211-4470-848f-cc203df7fa47: shutdown FollowerState
2019-09-18 09:58:07,633 [Thread-1890] INFO  impl.RaftServerImpl (RaftServerImpl.java:setRole(174)) - 25fcce2d-b211-4470-848f-cc203df7fa47@group-862C06C9E680: changes role from  FOLLOWER to CANDIDATE at term 0 for changeToCandidate
2019-09-18 09:58:07,633 [Thread-1890] INFO  impl.RoleInfo (RoleInfo.java:updateAndGet(143)) - 25fcce2d-b211-4470-848f-cc203df7fa47: start LeaderElection
2019-09-18 09:58:07,645 [25fcce2d-b211-4470-848f-cc203df7fa47@group-862C06C9E680:LeaderElection70] INFO  impl.LeaderElection (LeaderElection.java:askForVotes(182)) - 25fcce2d-b211-4470-848f-cc203df7fa47@group-862C06C9E680:LeaderElection70: begin an election at term 1 for -1: [25fcce2d-b211-4470-848f-cc203df7fa47:192.168.34.50:32826], old=null
2019-09-18 09:58:07,645 [25fcce2d-b211-4470-848f-cc203df7fa47@group-862C06C9E680:LeaderElection70] INFO  impl.RoleInfo (RoleInfo.java:shutdownLeaderElection(134)) - 25fcce2d-b211-4470-848f-cc203df7fa47: shutdown LeaderElection
2019-09-18 09:58:07,645 [25fcce2d-b211-4470-848f-cc203df7fa47@group-862C06C9E680:LeaderElection70] INFO  impl.RaftServerImpl (RaftServerImpl.java:setRole(174)) - 25fcce2d-b211-4470-848f-cc203df7fa47@group-862C06C9E680: changes role from CANDIDATE to LEADER at term 1 for changeToLeader
2019-09-18 09:58:07,645 [25fcce2d-b211-4470-848f-cc203df7fa47@group-862C06C9E680:LeaderElection70] INFO  impl.RaftServerImpl (ServerState.java:setLeader(253)) - 25fcce2d-b211-4470-848f-cc203df7fa47@group-862C06C9E680: change Leader from null to 25fcce2d-b211-4470-848f-cc203df7fa47 at term 1 for becomeLeader, leader elected after 5121ms
2019-09-18 09:58:07,645 [25fcce2d-b211-4470-848f-cc203df7fa47@group-862C06C9E680:LeaderElection70] INFO  server.RaftServerConfigKeys (ConfUtils.java:logGet(43)) - raft.server.staging.catchup.gap = 1000 (default)
2019-09-18 09:58:07,645 [25fcce2d-b211-4470-848f-cc203df7fa47@group-862C06C9E680:LeaderElection70] INFO  server.RaftServerConfigKeys (ConfUtils.java:logGet(43)) - raft.server.rpc.sleep.time = 25ms (default)
2019-09-18 09:58:07,646 [25fcce2d-b211-4470-848f-cc203df7fa47@group-862C06C9E680:LeaderElection70] INFO  server.RaftServerConfigKeys (ConfUtils.java:logGet(43)) - raft.server.write.element-limit = 4096 (default)
2019-09-18 09:58:07,646 [25fcce2d-b211-4470-848f-cc203df7fa47@group-862C06C9E680:LeaderElection70] INFO  server.RaftServerConfigKeys (ConfUtils.java:logGet(43)) - raft.server.watch.timeout = 10s (default)
2019-09-18 09:58:07,646 [25fcce2d-b211-4470-848f-cc203df7fa47@group-862C06C9E680:LeaderElection70] INFO  server.RaftServerConfigKeys (ConfUtils.java:logGet(43)) - raft.server.watch.timeout.denomination = 1s (default)
2019-09-18 09:58:07,646 [25fcce2d-b211-4470-848f-cc203df7fa47@group-862C06C9E680:LeaderElection70] INFO  server.RaftServerConfigKeys (ConfUtils.java:logGet(43)) - raft.server.watch.element-limit = 65536 (default)
2019-09-18 09:58:07,648 [25fcce2d-b211-4470-848f-cc203df7fa47@group-862C06C9E680:LeaderElection70] INFO  impl.RoleInfo (RoleInfo.java:updateAndGet(143)) - 25fcce2d-b211-4470-848f-cc203df7fa47: start LeaderState
2019-09-18 09:58:07,648 [25fcce2d-b211-4470-848f-cc203df7fa47@group-862C06C9E680:LeaderElection70] INFO  segmented.SegmentedRaftLogWorker (SegmentedRaftLogWorker.java:startLogSegment(380)) - 25fcce2d-b211-4470-848f-cc203df7fa47@group-862C06C9E680-SegmentedRaftLogWorker: Starting segment from index:0
2019-09-18 09:58:07,649 [25fcce2d-b211-4470-848f-cc203df7fa47@group-862C06C9E680:LeaderElection70] INFO  impl.RaftServerImpl (ServerState.java:setRaftConf(354)) - 25fcce2d-b211-4470-848f-cc203df7fa47@group-862C06C9E680: set configuration 0: [25fcce2d-b211-4470-848f-cc203df7fa47:192.168.34.50:32826], old=null at 0
2019-09-18 09:58:07,689 [Thread-1894] INFO  impl.FollowerState (FollowerState.java:run(106)) - 25fcce2d-b211-4470-848f-cc203df7fa47:group-161DFC9CA29B changes to CANDIDATE, lastRpcTime:5108, electionTimeout:5108ms
2019-09-18 09:58:07,690 [Thread-1894] INFO  impl.RoleInfo (RoleInfo.java:shutdownFollowerState(121)) - 25fcce2d-b211-4470-848f-cc203df7fa47: shutdown FollowerState
2019-09-18 09:58:07,690 [Thread-1894] INFO  impl.RaftServerImpl (RaftServerImpl.java:setRole(174)) - 25fcce2d-b211-4470-848f-cc203df7fa47@group-161DFC9CA29B: changes role from  FOLLOWER to CANDIDATE at term 0 for changeToCandidate
2019-09-18 09:58:07,690 [Thread-1894] INFO  impl.RoleInfo (RoleInfo.java:updateAndGet(143)) - 25fcce2d-b211-4470-848f-cc203df7fa47: start LeaderElection
2019-09-18 09:58:07,693 [Thread-1898] INFO  impl.FollowerState (FollowerState.java:run(106)) - 59e26ea6-1ca6-4790-a671-9b2bff083d73:group-161DFC9CA29B changes to CANDIDATE, lastRpcTime:5106, electionTimeout:5104ms
2019-09-18 09:58:07,693 [Thread-1898] INFO  impl.RoleInfo (RoleInfo.java:shutdownFollowerState(121)) - 59e26ea6-1ca6-4790-a671-9b2bff083d73: shutdown FollowerState
2019-09-18 09:58:07,693 [Thread-1898] INFO  impl.RaftServerImpl (RaftServerImpl.java:setRole(174)) - 59e26ea6-1ca6-4790-a671-9b2bff083d73@group-161DFC9CA29B: changes role from  FOLLOWER to CANDIDATE at term 0 for changeToCandidate
2019-09-18 09:58:07,693 [Thread-1898] INFO  impl.RoleInfo (RoleInfo.java:updateAndGet(143)) - 59e26ea6-1ca6-4790-a671-9b2bff083d73: start LeaderElection
2019-09-18 09:58:07,709 [Thread-1897] INFO  impl.FollowerState (FollowerState.java:run(106)) - 36ed70af-376b-40f3-9249-55a5a03d45d8:group-161DFC9CA29B changes to CANDIDATE, lastRpcTime:5123, electionTimeout:5123ms
2019-09-18 09:58:07,710 [Thread-1897] INFO  impl.RoleInfo (RoleInfo.java:shutdownFollowerState(121)) - 36ed70af-376b-40f3-9249-55a5a03d45d8: shutdown FollowerState
2019-09-18 09:58:07,710 [Thread-1897] INFO  impl.RaftServerImpl (RaftServerImpl.java:setRole(174)) - 36ed70af-376b-40f3-9249-55a5a03d45d8@group-161DFC9CA29B: changes role from  FOLLOWER to CANDIDATE at term 0 for changeToCandidate
2019-09-18 09:58:07,710 [Thread-1897] INFO  impl.RoleInfo (RoleInfo.java:updateAndGet(143)) - 36ed70af-376b-40f3-9249-55a5a03d45d8: start LeaderElection
2019-09-18 09:58:07,760 [Thread-1902] INFO  impl.FollowerState (FollowerState.java:run(106)) - 186a6e78-09e6-4574-b547-f353bdf9fe3d:group-A8D53CD14CD5 changes to CANDIDATE, lastRpcTime:5061, electionTimeout:5052ms
2019-09-18 09:58:07,761 [Thread-1902] INFO  impl.RoleInfo (RoleInfo.java:shutdownFollowerState(121)) - 186a6e78-09e6-4574-b547-f353bdf9fe3d: shutdown FollowerState
2019-09-18 09:58:07,761 [Thread-1902] INFO  impl.RaftServerImpl (RaftServerImpl.java:setRole(174)) - 186a6e78-09e6-4574-b547-f353bdf9fe3d@group-A8D53CD14CD5: changes role from  FOLLOWER to CANDIDATE at term 0 for changeToCandidate
2019-09-18 09:58:07,761 [Thread-1902] INFO  impl.RoleInfo (RoleInfo.java:updateAndGet(143)) - 186a6e78-09e6-4574-b547-f353bdf9fe3d: start LeaderElection
2019-09-18 09:58:07,800 [Thread-1905] INFO  impl.FollowerState (FollowerState.java:run(106)) - 49f6b94c-0106-4685-b069-29ee7e29d9a9:group-E79926FBD88F changes to CANDIDATE, lastRpcTime:5040, electionTimeout:5040ms
2019-09-18 09:58:07,800 [Thread-1905] INFO  impl.RoleInfo (RoleInfo.java:shutdownFollowerState(121)) - 49f6b94c-0106-4685-b069-29ee7e29d9a9: shutdown FollowerState
2019-09-18 09:58:07,800 [Thread-1905] INFO  impl.RaftServerImpl (RaftServerImpl.java:setRole(174)) - 49f6b94c-0106-4685-b069-29ee7e29d9a9@group-E79926FBD88F: changes role from  FOLLOWER to CANDIDATE at term 0 for changeToCandidate
2019-09-18 09:58:07,800 [Thread-1905] INFO  impl.RoleInfo (RoleInfo.java:updateAndGet(143)) - 49f6b94c-0106-4685-b069-29ee7e29d9a9: start LeaderElection
2019-09-18 09:58:07,940 [Thread-1908] INFO  impl.FollowerState (FollowerState.java:run(106)) - 0c2b2860-0b45-4f42-ad7c-2b288a3e9202:group-D580616C82BC changes to CANDIDATE, lastRpcTime:5138, electionTimeout:5138ms
2019-09-18 09:58:07,940 [Thread-1908] INFO  impl.RoleInfo (RoleInfo.java:shutdownFollowerState(121)) - 0c2b2860-0b45-4f42-ad7c-2b288a3e9202: shutdown FollowerState
2019-09-18 09:58:07,940 [Thread-1908] INFO  impl.RaftServerImpl (RaftServerImpl.java:setRole(174)) - 0c2b2860-0b45-4f42-ad7c-2b288a3e9202@group-D580616C82BC: changes role from  FOLLOWER to CANDIDATE at term 0 for changeToCandidate
2019-09-18 09:58:07,940 [Thread-1908] INFO  impl.RoleInfo (RoleInfo.java:updateAndGet(143)) - 0c2b2860-0b45-4f42-ad7c-2b288a3e9202: start LeaderElection
2019-09-18 09:58:07,943 [Thread-1916] INFO  impl.FollowerState (FollowerState.java:run(106)) - 49f6b94c-0106-4685-b069-29ee7e29d9a9:group-D193050E8B58 changes to CANDIDATE, lastRpcTime:5081, electionTimeout:5079ms
2019-09-18 09:58:07,944 [Thread-1916] INFO  impl.RoleInfo (RoleInfo.java:shutdownFollowerState(121)) - 49f6b94c-0106-4685-b069-29ee7e29d9a9: shutdown FollowerState
2019-09-18 09:58:07,944 [Thread-1916] INFO  impl.RaftServerImpl (RaftServerImpl.java:setRole(174)) - 49f6b94c-0106-4685-b069-29ee7e29d9a9@group-D193050E8B58: changes role from  FOLLOWER to CANDIDATE at term 0 for changeToCandidate
2019-09-18 09:58:07,944 [Thread-1916] INFO  impl.RoleInfo (RoleInfo.java:updateAndGet(143)) - 49f6b94c-0106-4685-b069-29ee7e29d9a9: start LeaderElection
2019-09-18 09:58:07,954 [Thread-1915] INFO  impl.FollowerState (FollowerState.java:run(106)) - 0c2b2860-0b45-4f42-ad7c-2b288a3e9202:group-D193050E8B58 changes to CANDIDATE, lastRpcTime:5093, electionTimeout:5093ms
2019-09-18 09:58:07,954 [Thread-1915] INFO  impl.RoleInfo (RoleInfo.java:shutdownFollowerState(121)) - 0c2b2860-0b45-4f42-ad7c-2b288a3e9202: shutdown FollowerState
2019-09-18 09:58:07,954 [Thread-1915] INFO  impl.RaftServerImpl (RaftServerImpl.java:setRole(174)) - 0c2b2860-0b45-4f42-ad7c-2b288a3e9202@group-D193050E8B58: changes role from  FOLLOWER to CANDIDATE at term 0 for changeToCandidate
2019-09-18 09:58:07,955 [Thread-1915] INFO  impl.RoleInfo (RoleInfo.java:updateAndGet(143)) - 0c2b2860-0b45-4f42-ad7c-2b288a3e9202: start LeaderElection
2019-09-18 09:58:08,037 [grpc-default-executor-1] INFO  client.GrpcClientProtocolClient (GrpcClientProtocolClient.java:onNext(264)) - client-726A961C7BE0->25fcce2d-b211-4470-848f-cc203df7fa47: receive RaftClientReply:client-726A961C7BE0->25fcce2d-b211-4470-848f-cc203df7fa47@group-161DFC9CA29B, cid=81, FAILED org.apache.ratis.protocol.NotLeaderException: Server 25fcce2d-b211-4470-848f-cc203df7fa47@group-161DFC9CA29B is not the leader, logIndex=0, commits[25fcce2d-b211-4470-848f-cc203df7fa47:c-1]
2019-09-18 09:58:08,052 [Thread-1913] INFO  impl.FollowerState (FollowerState.java:run(106)) - 186a6e78-09e6-4574-b547-f353bdf9fe3d:group-D193050E8B58 changes to CANDIDATE, lastRpcTime:5196, electionTimeout:5196ms
2019-09-18 09:58:08,052 [Thread-1913] INFO  impl.RoleInfo (RoleInfo.java:shutdownFollowerState(121)) - 186a6e78-09e6-4574-b547-f353bdf9fe3d: shutdown FollowerState
2019-09-18 09:58:08,052 [Thread-1913] INFO  impl.RaftServerImpl (RaftServerImpl.java:setRole(174)) - 186a6e78-09e6-4574-b547-f353bdf9fe3d@group-D193050E8B58: changes role from  FOLLOWER to CANDIDATE at term 0 for changeToCandidate
2019-09-18 09:58:08,052 [Thread-1913] INFO  impl.RoleInfo (RoleInfo.java:updateAndGet(143)) - 186a6e78-09e6-4574-b547-f353bdf9fe3d: start LeaderElection
2019-09-18 09:58:09,050 [grpc-default-executor-1] INFO  client.GrpcClientProtocolClient (GrpcClientProtocolClient.java:onNext(264)) - client-726A961C7BE0->59e26ea6-1ca6-4790-a671-9b2bff083d73: receive RaftClientReply:client-726A961C7BE0->59e26ea6-1ca6-4790-a671-9b2bff083d73@group-161DFC9CA29B, cid=81, FAILED org.apache.ratis.protocol.NotLeaderException: Server 59e26ea6-1ca6-4790-a671-9b2bff083d73@group-161DFC9CA29B is not the leader, logIndex=0, commits[59e26ea6-1ca6-4790-a671-9b2bff083d73:c-1]
2019-09-18 09:58:10,064 [grpc-default-executor-4] INFO  client.GrpcClientProtocolClient (GrpcClientProtocolClient.java:onNext(264)) - client-726A961C7BE0->36ed70af-376b-40f3-9249-55a5a03d45d8: receive RaftClientReply:client-726A961C7BE0->36ed70af-376b-40f3-9249-55a5a03d45d8@group-161DFC9CA29B, cid=81, FAILED org.apache.ratis.protocol.NotLeaderException: Server 36ed70af-376b-40f3-9249-55a5a03d45d8@group-161DFC9CA29B is not the leader, logIndex=0, commits[36ed70af-376b-40f3-9249-55a5a03d45d8:c-1]
2019-09-18 09:58:10,247 [25fcce2d-b211-4470-848f-cc203df7fa47@group-862C06C9E680-SegmentedRaftLogWorker] INFO  segmented.SegmentedRaftLogWorker (SegmentedRaftLogWorker.java:execute(569)) - 25fcce2d-b211-4470-848f-cc203df7fa47@group-862C06C9E680-SegmentedRaftLogWorker: created new log segment /workdir/hadoop-ozone/integration-test/target/test-dir/MiniOzoneClusterImpl-29f84033-bd2d-4869-8500-f34df785535c/datanode-2/data/ratis/e2a8f429-45b3-4839-9c69-862c06c9e680/current/log_inprogress_0
2019-09-18 09:58:10,247 [0c2b2860-0b45-4f42-ad7c-2b288a3e9202@group-D193050E8B58:LeaderElection78] INFO  impl.LeaderElection (LeaderElection.java:askForVotes(182)) - 0c2b2860-0b45-4f42-ad7c-2b288a3e9202@group-D193050E8B58:LeaderElection78: begin an election at term 1 for -1: [186a6e78-09e6-4574-b547-f353bdf9fe3d:192.168.34.50:44451, 49f6b94c-0106-4685-b069-29ee7e29d9a9:192.168.34.50:35449, 0c2b2860-0b45-4f42-ad7c-2b288a3e9202:192.168.34.50:44821], old=null
2019-09-18 09:58:10,247 [25fcce2d-b211-4470-848f-cc203df7fa47@group-161DFC9CA29B:LeaderElection71] INFO  impl.LeaderElection (LeaderElection.java:askForVotes(182)) - 25fcce2d-b211-4470-848f-cc203df7fa47@group-161DFC9CA29B:LeaderElection71: begin an election at term 1 for -1: [25fcce2d-b211-4470-848f-cc203df7fa47:192.168.34.50:32826, 36ed70af-376b-40f3-9249-55a5a03d45d8:192.168.34.50:42078, 59e26ea6-1ca6-4790-a671-9b2bff083d73:192.168.34.50:43404], old=null
2019-09-18 09:58:10,247 [0c2b2860-0b45-4f42-ad7c-2b288a3e9202@group-D580616C82BC:LeaderElection76] INFO  impl.LeaderElection (LeaderElection.java:askForVotes(182)) - 0c2b2860-0b45-4f42-ad7c-2b288a3e9202@group-D580616C82BC:LeaderElection76: begin an election at term 1 for -1: [0c2b2860-0b45-4f42-ad7c-2b288a3e9202:192.168.34.50:44821], old=null
2019-09-18 09:58:10,247 [186a6e78-09e6-4574-b547-f353bdf9fe3d@group-A8D53CD14CD5:LeaderElection74] INFO  impl.LeaderElection (LeaderElection.java:askForVotes(182)) - 186a6e78-09e6-4574-b547-f353bdf9fe3d@group-A8D53CD14CD5:LeaderElection74: begin an election at term 1 for -1: [186a6e78-09e6-4574-b547-f353bdf9fe3d:192.168.34.50:44451], old=null
2019-09-18 09:58:10,247 [59e26ea6-1ca6-4790-a671-9b2bff083d73@group-161DFC9CA29B:LeaderElection72] INFO  impl.LeaderElection (LeaderElection.java:askForVotes(182)) - 59e26ea6-1ca6-4790-a671-9b2bff083d73@group-161DFC9CA29B:LeaderElection72: begin an election at term 1 for -1: [25fcce2d-b211-4470-848f-cc203df7fa47:192.168.34.50:32826, 36ed70af-376b-40f3-9249-55a5a03d45d8:192.168.34.50:42078, 59e26ea6-1ca6-4790-a671-9b2bff083d73:192.168.34.50:43404], old=null
2019-09-18 09:58:10,247 [36ed70af-376b-40f3-9249-55a5a03d45d8@group-161DFC9CA29B:LeaderElection73] INFO  impl.LeaderElection (LeaderElection.java:askForVotes(182)) - 36ed70af-376b-40f3-9249-55a5a03d45d8@group-161DFC9CA29B:LeaderElection73: begin an election at term 1 for -1: [25fcce2d-b211-4470-848f-cc203df7fa47:192.168.34.50:32826, 36ed70af-376b-40f3-9249-55a5a03d45d8:192.168.34.50:42078, 59e26ea6-1ca6-4790-a671-9b2bff083d73:192.168.34.50:43404], old=null
2019-09-18 09:58:10,247 [186a6e78-09e6-4574-b547-f353bdf9fe3d@group-D193050E8B58:LeaderElection79] INFO  impl.LeaderElection (LeaderElection.java:askForVotes(182)) - 186a6e78-09e6-4574-b547-f353bdf9fe3d@group-D193050E8B58:LeaderElection79: begin an election at term 1 for -1: [186a6e78-09e6-4574-b547-f353bdf9fe3d:192.168.34.50:44451, 49f6b94c-0106-4685-b069-29ee7e29d9a9:192.168.34.50:35449, 0c2b2860-0b45-4f42-ad7c-2b288a3e9202:192.168.34.50:44821], old=null
2019-09-18 09:58:10,247 [49f6b94c-0106-4685-b069-29ee7e29d9a9@group-E79926FBD88F:LeaderElection75] INFO  impl.LeaderElection (LeaderElection.java:askForVotes(182)) - 49f6b94c-0106-4685-b069-29ee7e29d9a9@group-E79926FBD88F:LeaderElection75: begin an election at term 1 for -1: [49f6b94c-0106-4685-b069-29ee7e29d9a9:192.168.34.50:35449], old=null
2019-09-18 09:58:10,247 [49f6b94c-0106-4685-b069-29ee7e29d9a9@group-D193050E8B58:LeaderElection77] INFO  impl.LeaderElection (LeaderElection.java:askForVotes(182)) - 49f6b94c-0106-4685-b069-29ee7e29d9a9@group-D193050E8B58:LeaderElection77: begin an election at term 1 for -1: [186a6e78-09e6-4574-b547-f353bdf9fe3d:192.168.34.50:44451, 49f6b94c-0106-4685-b069-29ee7e29d9a9:192.168.34.50:35449, 0c2b2860-0b45-4f42-ad7c-2b288a3e9202:192.168.34.50:44821], old=null
2019-09-18 09:58:10,249 [49f6b94c-0106-4685-b069-29ee7e29d9a9@group-E79926FBD88F:LeaderElection75] INFO  impl.RoleInfo (RoleInfo.java:shutdownLeaderElection(134)) - 49f6b94c-0106-4685-b069-29ee7e29d9a9: shutdown LeaderElection
2019-09-18 09:58:10,248 [186a6e78-09e6-4574-b547-f353bdf9fe3d@group-A8D53CD14CD5:LeaderElection74] INFO  impl.RoleInfo (RoleInfo.java:shutdownLeaderElection(134)) - 186a6e78-09e6-4574-b547-f353bdf9fe3d: shutdown LeaderElection
2019-09-18 09:58:10,248 [0c2b2860-0b45-4f42-ad7c-2b288a3e9202@group-D580616C82BC:LeaderElection76] INFO  impl.RoleInfo (RoleInfo.java:shutdownLeaderElection(134)) - 0c2b2860-0b45-4f42-ad7c-2b288a3e9202: shutdown LeaderElection
2019-09-18 09:58:10,249 [186a6e78-09e6-4574-b547-f353bdf9fe3d@group-A8D53CD14CD5:LeaderElection74] INFO  impl.RaftServerImpl (RaftServerImpl.java:setRole(174)) - 186a6e78-09e6-4574-b547-f353bdf9fe3d@group-A8D53CD14CD5: changes role from CANDIDATE to LEADER at term 1 for changeToLeader
2019-09-18 09:58:10,249 [49f6b94c-0106-4685-b069-29ee7e29d9a9@group-E79926FBD88F:LeaderElection75] INFO  impl.RaftServerImpl (RaftServerImpl.java:setRole(174)) - 49f6b94c-0106-4685-b069-29ee7e29d9a9@group-E79926FBD88F: changes role from CANDIDATE to LEADER at term 1 for changeToLeader
2019-09-18 09:58:10,250 [49f6b94c-0106-4685-b069-29ee7e29d9a9@group-E79926FBD88F:LeaderElection75] INFO  impl.RaftServerImpl (ServerState.java:setLeader(253)) - 49f6b94c-0106-4685-b069-29ee7e29d9a9@group-E79926FBD88F: change Leader from null to 49f6b94c-0106-4685-b069-29ee7e29d9a9 at term 1 for becomeLeader, leader elected after 7500ms
2019-09-18 09:58:10,250 [49f6b94c-0106-4685-b069-29ee7e29d9a9@group-E79926FBD88F:LeaderElection75] INFO  server.RaftServerConfigKeys (ConfUtils.java:logGet(43)) - raft.server.staging.catchup.gap = 1000 (default)
2019-09-18 09:58:10,251 [49f6b94c-0106-4685-b069-29ee7e29d9a9@group-E79926FBD88F:LeaderElection75] INFO  server.RaftServerConfigKeys (ConfUtils.java:logGet(43)) - raft.server.rpc.sleep.time = 25ms (default)
2019-09-18 09:58:10,250 [186a6e78-09e6-4574-b547-f353bdf9fe3d@group-A8D53CD14CD5:LeaderElection74] INFO  impl.RaftServerImpl (ServerState.java:setLeader(253)) - 186a6e78-09e6-4574-b547-f353bdf9fe3d@group-A8D53CD14CD5: change Leader from null to 186a6e78-09e6-4574-b547-f353bdf9fe3d at term 1 for becomeLeader, leader elected after 7558ms
2019-09-18 09:58:10,250 [0c2b2860-0b45-4f42-ad7c-2b288a3e9202@group-D580616C82BC:LeaderElection76] INFO  impl.RaftServerImpl (RaftServerImpl.java:setRole(174)) - 0c2b2860-0b45-4f42-ad7c-2b288a3e9202@group-D580616C82BC: changes role from CANDIDATE to LEADER at term 1 for changeToLeader
2019-09-18 09:58:10,252 [0c2b2860-0b45-4f42-ad7c-2b288a3e9202@group-D580616C82BC:LeaderElection76] INFO  impl.RaftServerImpl (ServerState.java:setLeader(253)) - 0c2b2860-0b45-4f42-ad7c-2b288a3e9202@group-D580616C82BC: change Leader from null to 0c2b2860-0b45-4f42-ad7c-2b288a3e9202 at term 1 for becomeLeader, leader elected after 7457ms
2019-09-18 09:58:10,252 [0c2b2860-0b45-4f42-ad7c-2b288a3e9202@group-D580616C82BC:LeaderElection76] INFO  server.RaftServerConfigKeys (ConfUtils.java:logGet(43)) - raft.server.staging.catchup.gap = 1000 (default)
2019-09-18 09:58:10,252 [0c2b2860-0b45-4f42-ad7c-2b288a3e9202@group-D580616C82BC:LeaderElection76] INFO  server.RaftServerConfigKeys (ConfUtils.java:logGet(43)) - raft.server.rpc.sleep.time = 25ms (default)
2019-09-18 09:58:10,252 [186a6e78-09e6-4574-b547-f353bdf9fe3d@group-A8D53CD14CD5:LeaderElection74] INFO  server.RaftServerConfigKeys (ConfUtils.java:logGet(43)) - raft.server.staging.catchup.gap = 1000 (default)
2019-09-18 09:58:10,251 [49f6b94c-0106-4685-b069-29ee7e29d9a9@group-E79926FBD88F:LeaderElection75] INFO  server.RaftServerConfigKeys (ConfUtils.java:logGet(43)) - raft.server.write.element-limit = 4096 (default)
2019-09-18 09:58:10,252 [186a6e78-09e6-4574-b547-f353bdf9fe3d@group-A8D53CD14CD5:LeaderElection74] INFO  server.RaftServerConfigKeys (ConfUtils.java:logGet(43)) - raft.server.rpc.sleep.time = 25ms (default)
2019-09-18 09:58:10,252 [0c2b2860-0b45-4f42-ad7c-2b288a3e9202@group-D580616C82BC:LeaderElection76] INFO  server.RaftServerConfigKeys (ConfUtils.java:logGet(43)) - raft.server.write.element-limit = 4096 (default)
2019-09-18 09:58:10,256 [186a6e78-09e6-4574-b547-f353bdf9fe3d@group-A8D53CD14CD5:LeaderElection74] INFO  server.RaftServerConfigKeys (ConfUtils.java:logGet(43)) - raft.server.write.element-limit = 4096 (default)
2019-09-18 09:58:10,252 [49f6b94c-0106-4685-b069-29ee7e29d9a9@group-E79926FBD88F:LeaderElection75] INFO  server.RaftServerConfigKeys (ConfUtils.java:logGet(43)) - raft.server.watch.timeout = 10s (default)
2019-09-18 09:58:10,256 [186a6e78-09e6-4574-b547-f353bdf9fe3d@group-A8D53CD14CD5:LeaderElection74] INFO  server.RaftServerConfigKeys (ConfUtils.java:logGet(43)) - raft.server.watch.timeout = 10s (default)
2019-09-18 09:58:10,256 [0c2b2860-0b45-4f42-ad7c-2b288a3e9202@group-D580616C82BC:LeaderElection76] INFO  server.RaftServerConfigKeys (ConfUtils.java:logGet(43)) - raft.server.watch.timeout = 10s (default)
2019-09-18 09:58:10,257 [186a6e78-09e6-4574-b547-f353bdf9fe3d@group-A8D53CD14CD5:LeaderElection74] INFO  server.RaftServerConfigKeys (ConfUtils.java:logGet(43)) - raft.server.watch.timeout.denomination = 1s (default)
2019-09-18 09:58:10,256 [49f6b94c-0106-4685-b069-29ee7e29d9a9@group-E79926FBD88F:LeaderElection75] INFO  server.RaftServerConfigKeys (ConfUtils.java:logGet(43)) - raft.server.watch.timeout.denomination = 1s (default)
2019-09-18 09:58:10,257 [186a6e78-09e6-4574-b547-f353bdf9fe3d@group-A8D53CD14CD5:LeaderElection74] INFO  server.RaftServerConfigKeys (ConfUtils.java:logGet(43)) - raft.server.watch.element-limit = 65536 (default)
2019-09-18 09:58:10,257 [0c2b2860-0b45-4f42-ad7c-2b288a3e9202@group-D580616C82BC:LeaderElection76] INFO  server.RaftServerConfigKeys (ConfUtils.java:logGet(43)) - raft.server.watch.timeout.denomination = 1s (default)
2019-09-18 09:58:10,257 [0c2b2860-0b45-4f42-ad7c-2b288a3e9202@group-D580616C82BC:LeaderElection76] INFO  server.RaftServerConfigKeys (ConfUtils.java:logGet(43)) - raft.server.watch.element-limit = 65536 (default)
2019-09-18 09:58:10,257 [49f6b94c-0106-4685-b069-29ee7e29d9a9@group-E79926FBD88F:LeaderElection75] INFO  server.RaftServerConfigKeys (ConfUtils.java:logGet(43)) - raft.server.watch.element-limit = 65536 (default)
2019-09-18 09:58:10,276 [25fcce2d-b211-4470-848f-cc203df7fa47@group-161DFC9CA29B:LeaderElection71] INFO  impl.LeaderElection (LeaderElection.java:logAndReturn(56)) - 25fcce2d-b211-4470-848f-cc203df7fa47@group-161DFC9CA29B:LeaderElection71: Election REJECTED; received 2 response(s) [25fcce2d-b211-4470-848f-cc203df7fa47<-36ed70af-376b-40f3-9249-55a5a03d45d8#0:FAIL-t1, 25fcce2d-b211-4470-848f-cc203df7fa47<-59e26ea6-1ca6-4790-a671-9b2bff083d73#0:FAIL-t1] and 0 exception(s); 25fcce2d-b211-4470-848f-cc203df7fa47@group-161DFC9CA29B:t1, leader=null, voted=25fcce2d-b211-4470-848f-cc203df7fa47, raftlog=25fcce2d-b211-4470-848f-cc203df7fa47@group-161DFC9CA29B-SegmentedRaftLog:OPENED:c-1,f-1,i0, conf=-1: [25fcce2d-b211-4470-848f-cc203df7fa47:192.168.34.50:32826, 36ed70af-376b-40f3-9249-55a5a03d45d8:192.168.34.50:42078, 59e26ea6-1ca6-4790-a671-9b2bff083d73:192.168.34.50:43404], old=null
2019-09-18 09:58:10,276 [25fcce2d-b211-4470-848f-cc203df7fa47@group-161DFC9CA29B:LeaderElection71] INFO  impl.RaftServerImpl (RaftServerImpl.java:setRole(174)) - 25fcce2d-b211-4470-848f-cc203df7fa47@group-161DFC9CA29B: changes role from CANDIDATE to FOLLOWER at term 1 for DISCOVERED_A_NEW_TERM
2019-09-18 09:58:10,276 [25fcce2d-b211-4470-848f-cc203df7fa47@group-161DFC9CA29B:LeaderElection71] INFO  impl.RoleInfo (RoleInfo.java:shutdownLeaderElection(134)) - 25fcce2d-b211-4470-848f-cc203df7fa47: shutdown LeaderElection
2019-09-18 09:58:10,276 [25fcce2d-b211-4470-848f-cc203df7fa47@group-161DFC9CA29B:LeaderElection71] INFO  impl.RoleInfo (RoleInfo.java:updateAndGet(143)) - 25fcce2d-b211-4470-848f-cc203df7fa47: start FollowerState
2019-09-18 09:58:10,280 [186a6e78-09e6-4574-b547-f353bdf9fe3d@group-D193050E8B58:LeaderElection79] INFO  impl.LeaderElection (LeaderElection.java:logAndReturn(56)) - 186a6e78-09e6-4574-b547-f353bdf9fe3d@group-D193050E8B58:LeaderElection79: Election REJECTED; received 2 response(s) [186a6e78-09e6-4574-b547-f353bdf9fe3d<-49f6b94c-0106-4685-b069-29ee7e29d9a9#0:FAIL-t1, 186a6e78-09e6-4574-b547-f353bdf9fe3d<-0c2b2860-0b45-4f42-ad7c-2b288a3e9202#0:FAIL-t1] and 0 exception(s); 186a6e78-09e6-4574-b547-f353bdf9fe3d@group-D193050E8B58:t1, leader=null, voted=186a6e78-09e6-4574-b547-f353bdf9fe3d, raftlog=186a6e78-09e6-4574-b547-f353bdf9fe3d@group-D193050E8B58-SegmentedRaftLog:OPENED:c-1,f-1,i0, conf=-1: [186a6e78-09e6-4574-b547-f353bdf9fe3d:192.168.34.50:44451, 49f6b94c-0106-4685-b069-29ee7e29d9a9:192.168.34.50:35449, 0c2b2860-0b45-4f42-ad7c-2b288a3e9202:192.168.34.50:44821], old=null
2019-09-18 09:58:10,280 [186a6e78-09e6-4574-b547-f353bdf9fe3d@group-D193050E8B58:LeaderElection79] INFO  impl.RaftServerImpl (RaftServerImpl.java:setRole(174)) - 186a6e78-09e6-4574-b547-f353bdf9fe3d@group-D193050E8B58: changes role from CANDIDATE to FOLLOWER at term 1 for DISCOVERED_A_NEW_TERM
2019-09-18 09:58:10,280 [186a6e78-09e6-4574-b547-f353bdf9fe3d@group-D193050E8B58:LeaderElection79] INFO  impl.RoleInfo (RoleInfo.java:shutdownLeaderElection(134)) - 186a6e78-09e6-4574-b547-f353bdf9fe3d: shutdown LeaderElection
2019-09-18 09:58:10,280 [186a6e78-09e6-4574-b547-f353bdf9fe3d@group-D193050E8B58:LeaderElection79] INFO  impl.RoleInfo (RoleInfo.java:updateAndGet(143)) - 186a6e78-09e6-4574-b547-f353bdf9fe3d: start FollowerState
2019-09-18 09:58:10,283 [186a6e78-09e6-4574-b547-f353bdf9fe3d@group-A8D53CD14CD5:LeaderElection74] INFO  impl.RoleInfo (RoleInfo.java:updateAndGet(143)) - 186a6e78-09e6-4574-b547-f353bdf9fe3d: start LeaderState
2019-09-18 09:58:10,283 [59e26ea6-1ca6-4790-a671-9b2bff083d73@group-161DFC9CA29B:LeaderElection72] INFO  impl.LeaderElection (LeaderElection.java:logAndReturn(56)) - 59e26ea6-1ca6-4790-a671-9b2bff083d73@group-161DFC9CA29B:LeaderElection72: Election REJECTED; received 2 response(s) [59e26ea6-1ca6-4790-a671-9b2bff083d73<-25fcce2d-b211-4470-848f-cc203df7fa47#0:FAIL-t1, 59e26ea6-1ca6-4790-a671-9b2bff083d73<-36ed70af-376b-40f3-9249-55a5a03d45d8#0:FAIL-t1] and 0 exception(s); 59e26ea6-1ca6-4790-a671-9b2bff083d73@group-161DFC9CA29B:t1, leader=null, voted=59e26ea6-1ca6-4790-a671-9b2bff083d73, raftlog=59e26ea6-1ca6-4790-a671-9b2bff083d73@group-161DFC9CA29B-SegmentedRaftLog:OPENED:c-1,f-1,i0, conf=-1: [25fcce2d-b211-4470-848f-cc203df7fa47:192.168.34.50:32826, 36ed70af-376b-40f3-9249-55a5a03d45d8:192.168.34.50:42078, 59e26ea6-1ca6-4790-a671-9b2bff083d73:192.168.34.50:43404], old=null
2019-09-18 09:58:10,283 [0c2b2860-0b45-4f42-ad7c-2b288a3e9202@group-D580616C82BC:LeaderElection76] INFO  impl.RoleInfo (RoleInfo.java:updateAndGet(143)) - 0c2b2860-0b45-4f42-ad7c-2b288a3e9202: start LeaderState
2019-09-18 09:58:10,283 [59e26ea6-1ca6-4790-a671-9b2bff083d73@group-161DFC9CA29B:LeaderElection72] INFO  impl.RaftServerImpl (RaftServerImpl.java:setRole(174)) - 59e26ea6-1ca6-4790-a671-9b2bff083d73@group-161DFC9CA29B: changes role from CANDIDATE to FOLLOWER at term 1 for DISCOVERED_A_NEW_TERM
2019-09-18 09:58:10,283 [0c2b2860-0b45-4f42-ad7c-2b288a3e9202@group-D580616C82BC:LeaderElection76] INFO  segmented.SegmentedRaftLogWorker (SegmentedRaftLogWorker.java:startLogSegment(380)) - 0c2b2860-0b45-4f42-ad7c-2b288a3e9202@group-D580616C82BC-SegmentedRaftLogWorker: Starting segment from index:0
2019-09-18 09:58:10,283 [186a6e78-09e6-4574-b547-f353bdf9fe3d@group-A8D53CD14CD5:LeaderElection74] INFO  segmented.SegmentedRaftLogWorker (SegmentedRaftLogWorker.java:startLogSegment(380)) - 186a6e78-09e6-4574-b547-f353bdf9fe3d@group-A8D53CD14CD5-SegmentedRaftLogWorker: Starting segment from index:0
2019-09-18 09:58:10,283 [59e26ea6-1ca6-4790-a671-9b2bff083d73@group-161DFC9CA29B:LeaderElection72] INFO  impl.RoleInfo (RoleInfo.java:shutdownLeaderElection(134)) - 59e26ea6-1ca6-4790-a671-9b2bff083d73: shutdown LeaderElection
2019-09-18 09:58:10,283 [49f6b94c-0106-4685-b069-29ee7e29d9a9@group-E79926FBD88F:LeaderElection75] INFO  impl.RoleInfo (RoleInfo.java:updateAndGet(143)) - 49f6b94c-0106-4685-b069-29ee7e29d9a9: start LeaderState
2019-09-18 09:58:10,290 [49f6b94c-0106-4685-b069-29ee7e29d9a9@group-D193050E8B58:LeaderElection77] INFO  impl.LeaderElection (LeaderElection.java:logAndReturn(56)) - 49f6b94c-0106-4685-b069-29ee7e29d9a9@group-D193050E8B58:LeaderElection77: Election REJECTED; received 2 response(s) [49f6b94c-0106-4685-b069-29ee7e29d9a9<-186a6e78-09e6-4574-b547-f353bdf9fe3d#0:FAIL-t1, 49f6b94c-0106-4685-b069-29ee7e29d9a9<-0c2b2860-0b45-4f42-ad7c-2b288a3e9202#0:FAIL-t1] and 0 exception(s); 49f6b94c-0106-4685-b069-29ee7e29d9a9@group-D193050E8B58:t1, leader=null, voted=49f6b94c-0106-4685-b069-29ee7e29d9a9, raftlog=49f6b94c-0106-4685-b069-29ee7e29d9a9@group-D193050E8B58-SegmentedRaftLog:OPENED:c-1,f-1,i0, conf=-1: [186a6e78-09e6-4574-b547-f353bdf9fe3d:192.168.34.50:44451, 49f6b94c-0106-4685-b069-29ee7e29d9a9:192.168.34.50:35449, 0c2b2860-0b45-4f42-ad7c-2b288a3e9202:192.168.34.50:44821], old=null
2019-09-18 09:58:10,288 [186a6e78-09e6-4574-b547-f353bdf9fe3d@group-A8D53CD14CD5:LeaderElection74] INFO  impl.RaftServerImpl (ServerState.java:setRaftConf(354)) - 186a6e78-09e6-4574-b547-f353bdf9fe3d@group-A8D53CD14CD5: set configuration 0: [186a6e78-09e6-4574-b547-f353bdf9fe3d:192.168.34.50:44451], old=null at 0
2019-09-18 09:58:10,288 [0c2b2860-0b45-4f42-ad7c-2b288a3e9202@group-D193050E8B58:LeaderElection78] INFO  impl.LeaderElection (LeaderElection.java:logAndReturn(56)) - 0c2b2860-0b45-4f42-ad7c-2b288a3e9202@group-D193050E8B58:LeaderElection78: Election REJECTED; received 2 response(s) [0c2b2860-0b45-4f42-ad7c-2b288a3e9202<-186a6e78-09e6-4574-b547-f353bdf9fe3d#0:FAIL-t1, 0c2b2860-0b45-4f42-ad7c-2b288a3e9202<-49f6b94c-0106-4685-b069-29ee7e29d9a9#0:FAIL-t1] and 0 exception(s); 0c2b2860-0b45-4f42-ad7c-2b288a3e9202@group-D193050E8B58:t1, leader=null, voted=0c2b2860-0b45-4f42-ad7c-2b288a3e9202, raftlog=0c2b2860-0b45-4f42-ad7c-2b288a3e9202@group-D193050E8B58-SegmentedRaftLog:OPENED:c-1,f-1,i0, conf=-1: [186a6e78-09e6-4574-b547-f353bdf9fe3d:192.168.34.50:44451, 49f6b94c-0106-4685-b069-29ee7e29d9a9:192.168.34.50:35449, 0c2b2860-0b45-4f42-ad7c-2b288a3e9202:192.168.34.50:44821], old=null
2019-09-18 09:58:10,288 [59e26ea6-1ca6-4790-a671-9b2bff083d73@group-161DFC9CA29B:LeaderElection72] INFO  impl.RoleInfo (RoleInfo.java:updateAndGet(143)) - 59e26ea6-1ca6-4790-a671-9b2bff083d73: start FollowerState
2019-09-18 09:58:10,285 [0c2b2860-0b45-4f42-ad7c-2b288a3e9202@group-D580616C82BC:LeaderElection76] INFO  impl.RaftServerImpl (ServerState.java:setRaftConf(354)) - 0c2b2860-0b45-4f42-ad7c-2b288a3e9202@group-D580616C82BC: set configuration 0: [0c2b2860-0b45-4f42-ad7c-2b288a3e9202:192.168.34.50:44821], old=null at 0
2019-09-18 09:58:10,323 [36ed70af-376b-40f3-9249-55a5a03d45d8@group-161DFC9CA29B:LeaderElection73] INFO  impl.LeaderElection (LeaderElection.java:logAndReturn(56)) - 36ed70af-376b-40f3-9249-55a5a03d45d8@group-161DFC9CA29B:LeaderElection73: Election REJECTED; received 2 response(s) [36ed70af-376b-40f3-9249-55a5a03d45d8<-25fcce2d-b211-4470-848f-cc203df7fa47#0:FAIL-t1, 36ed70af-376b-40f3-9249-55a5a03d45d8<-59e26ea6-1ca6-4790-a671-9b2bff083d73#0:FAIL-t1] and 0 exception(s); 36ed70af-376b-40f3-9249-55a5a03d45d8@group-161DFC9CA29B:t1, leader=null, voted=36ed70af-376b-40f3-9249-55a5a03d45d8, raftlog=36ed70af-376b-40f3-9249-55a5a03d45d8@group-161DFC9CA29B-SegmentedRaftLog:OPENED:c-1,f-1,i0, conf=-1: [25fcce2d-b211-4470-848f-cc203df7fa47:192.168.34.50:32826, 36ed70af-376b-40f3-9249-55a5a03d45d8:192.168.34.50:42078, 59e26ea6-1ca6-4790-a671-9b2bff083d73:192.168.34.50:43404], old=null
2019-09-18 09:58:10,323 [0c2b2860-0b45-4f42-ad7c-2b288a3e9202@group-D193050E8B58:LeaderElection78] INFO  impl.RaftServerImpl (RaftServerImpl.java:setRole(174)) - 0c2b2860-0b45-4f42-ad7c-2b288a3e9202@group-D193050E8B58: changes role from CANDIDATE to FOLLOWER at term 1 for DISCOVERED_A_NEW_TERM
2019-09-18 09:58:10,290 [49f6b94c-0106-4685-b069-29ee7e29d9a9@group-D193050E8B58:LeaderElection77] INFO  impl.RaftServerImpl (RaftServerImpl.java:setRole(174)) - 49f6b94c-0106-4685-b069-29ee7e29d9a9@group-D193050E8B58: changes role from CANDIDATE to FOLLOWER at term 1 for DISCOVERED_A_NEW_TERM
2019-09-18 09:58:10,290 [49f6b94c-0106-4685-b069-29ee7e29d9a9@group-E79926FBD88F:LeaderElection75] INFO  segmented.SegmentedRaftLogWorker (SegmentedRaftLogWorker.java:startLogSegment(380)) - 49f6b94c-0106-4685-b069-29ee7e29d9a9@group-E79926FBD88F-SegmentedRaftLogWorker: Starting segment from index:0
2019-09-18 09:58:10,326 [49f6b94c-0106-4685-b069-29ee7e29d9a9@group-D193050E8B58:LeaderElection77] INFO  impl.RoleInfo (RoleInfo.java:shutdownLeaderElection(134)) - 49f6b94c-0106-4685-b069-29ee7e29d9a9: shutdown LeaderElection
2019-09-18 09:58:10,326 [0c2b2860-0b45-4f42-ad7c-2b288a3e9202@group-D193050E8B58:LeaderElection78] INFO  impl.RoleInfo (RoleInfo.java:shutdownLeaderElection(134)) - 0c2b2860-0b45-4f42-ad7c-2b288a3e9202: shutdown LeaderElection
2019-09-18 09:58:10,326 [36ed70af-376b-40f3-9249-55a5a03d45d8@group-161DFC9CA29B:LeaderElection73] INFO  impl.RaftServerImpl (RaftServerImpl.java:setRole(174)) - 36ed70af-376b-40f3-9249-55a5a03d45d8@group-161DFC9CA29B: changes role from CANDIDATE to FOLLOWER at term 1 for DISCOVERED_A_NEW_TERM
2019-09-18 09:58:10,326 [49f6b94c-0106-4685-b069-29ee7e29d9a9@group-E79926FBD88F:LeaderElection75] INFO  impl.RaftServerImpl (ServerState.java:setRaftConf(354)) - 49f6b94c-0106-4685-b069-29ee7e29d9a9@group-E79926FBD88F: set configuration 0: [49f6b94c-0106-4685-b069-29ee7e29d9a9:192.168.34.50:35449], old=null at 0
2019-09-18 09:58:10,326 [0c2b2860-0b45-4f42-ad7c-2b288a3e9202@group-D193050E8B58:LeaderElection78] INFO  impl.RoleInfo (RoleInfo.java:updateAndGet(143)) - 0c2b2860-0b45-4f42-ad7c-2b288a3e9202: start FollowerState
2019-09-18 09:58:10,326 [49f6b94c-0106-4685-b069-29ee7e29d9a9@group-D193050E8B58:LeaderElection77] INFO  impl.RoleInfo (RoleInfo.java:updateAndGet(143)) - 49f6b94c-0106-4685-b069-29ee7e29d9a9: start FollowerState
2019-09-18 09:58:10,326 [36ed70af-376b-40f3-9249-55a5a03d45d8@group-161DFC9CA29B:LeaderElection73] INFO  impl.RoleInfo (RoleInfo.java:shutdownLeaderElection(134)) - 36ed70af-376b-40f3-9249-55a5a03d45d8: shutdown LeaderElection
2019-09-18 09:58:10,329 [36ed70af-376b-40f3-9249-55a5a03d45d8@group-161DFC9CA29B:LeaderElection73] INFO  impl.RoleInfo (RoleInfo.java:updateAndGet(143)) - 36ed70af-376b-40f3-9249-55a5a03d45d8: start FollowerState
2019-09-18 09:58:11,081 [grpc-default-executor-4] INFO  client.GrpcClientProtocolClient (GrpcClientProtocolClient.java:onNext(264)) - client-726A961C7BE0->59e26ea6-1ca6-4790-a671-9b2bff083d73: receive RaftClientReply:client-726A961C7BE0->59e26ea6-1ca6-4790-a671-9b2bff083d73@group-161DFC9CA29B, cid=81, FAILED org.apache.ratis.protocol.NotLeaderException: Server 59e26ea6-1ca6-4790-a671-9b2bff083d73@group-161DFC9CA29B is not the leader, logIndex=0, commits[59e26ea6-1ca6-4790-a671-9b2bff083d73:c-1]
2019-09-18 09:58:12,096 [grpc-default-executor-0] INFO  client.GrpcClientProtocolClient (GrpcClientProtocolClient.java:onNext(264)) - client-726A961C7BE0->36ed70af-376b-40f3-9249-55a5a03d45d8: receive RaftClientReply:client-726A961C7BE0->36ed70af-376b-40f3-9249-55a5a03d45d8@group-161DFC9CA29B, cid=81, FAILED org.apache.ratis.protocol.NotLeaderException: Server 36ed70af-376b-40f3-9249-55a5a03d45d8@group-161DFC9CA29B is not the leader, logIndex=0, commits[36ed70af-376b-40f3-9249-55a5a03d45d8:c-1]
2019-09-18 09:58:13,111 [grpc-default-executor-0] INFO  client.GrpcClientProtocolClient (GrpcClientProtocolClient.java:onNext(264)) - client-726A961C7BE0->25fcce2d-b211-4470-848f-cc203df7fa47: receive RaftClientReply:client-726A961C7BE0->25fcce2d-b211-4470-848f-cc203df7fa47@group-161DFC9CA29B, cid=81, FAILED org.apache.ratis.protocol.NotLeaderException: Server 25fcce2d-b211-4470-848f-cc203df7fa47@group-161DFC9CA29B is not the leader, logIndex=0, commits[25fcce2d-b211-4470-848f-cc203df7fa47:c-1]
2019-09-18 09:58:14,123 [grpc-default-executor-4] INFO  client.GrpcClientProtocolClient (GrpcClientProtocolClient.java:onNext(264)) - client-726A961C7BE0->36ed70af-376b-40f3-9249-55a5a03d45d8: receive RaftClientReply:client-726A961C7BE0->36ed70af-376b-40f3-9249-55a5a03d45d8@group-161DFC9CA29B, cid=81, FAILED org.apache.ratis.protocol.NotLeaderException: Server 36ed70af-376b-40f3-9249-55a5a03d45d8@group-161DFC9CA29B is not the leader, logIndex=0, commits[36ed70af-376b-40f3-9249-55a5a03d45d8:c-1]
2019-09-18 09:58:15,133 [grpc-default-executor-4] INFO  client.GrpcClientProtocolClient (GrpcClientProtocolClient.java:onNext(264)) - client-726A961C7BE0->59e26ea6-1ca6-4790-a671-9b2bff083d73: receive RaftClientReply:client-726A961C7BE0->59e26ea6-1ca6-4790-a671-9b2bff083d73@group-161DFC9CA29B, cid=81, FAILED org.apache.ratis.protocol.NotLeaderException: Server 59e26ea6-1ca6-4790-a671-9b2bff083d73@group-161DFC9CA29B is not the leader, logIndex=0, commits[59e26ea6-1ca6-4790-a671-9b2bff083d73:c-1]
2019-09-18 09:58:15,352 [Thread-1969] INFO  impl.FollowerState (FollowerState.java:run(106)) - 59e26ea6-1ca6-4790-a671-9b2bff083d73:group-161DFC9CA29B changes to CANDIDATE, lastRpcTime:5064, electionTimeout:5026ms
2019-09-18 09:58:15,352 [Thread-1969] INFO  impl.RoleInfo (RoleInfo.java:shutdownFollowerState(121)) - 59e26ea6-1ca6-4790-a671-9b2bff083d73: shutdown FollowerState
2019-09-18 09:58:15,352 [Thread-1969] INFO  impl.RaftServerImpl (RaftServerImpl.java:setRole(174)) - 59e26ea6-1ca6-4790-a671-9b2bff083d73@group-161DFC9CA29B: changes role from  FOLLOWER to CANDIDATE at term 1 for changeToCandidate
2019-09-18 09:58:15,352 [Thread-1969] INFO  impl.RoleInfo (RoleInfo.java:updateAndGet(143)) - 59e26ea6-1ca6-4790-a671-9b2bff083d73: start LeaderElection
2019-09-18 09:58:15,361 [Thread-1967] INFO  impl.FollowerState (FollowerState.java:run(106)) - 25fcce2d-b211-4470-848f-cc203df7fa47:group-161DFC9CA29B changes to CANDIDATE, lastRpcTime:5084, electionTimeout:5084ms
2019-09-18 09:58:15,361 [Thread-1967] INFO  impl.RoleInfo (RoleInfo.java:shutdownFollowerState(121)) - 25fcce2d-b211-4470-848f-cc203df7fa47: shutdown FollowerState
2019-09-18 09:58:15,362 [Thread-1967] INFO  impl.RaftServerImpl (RaftServerImpl.java:setRole(174)) - 25fcce2d-b211-4470-848f-cc203df7fa47@group-161DFC9CA29B: changes role from  FOLLOWER to CANDIDATE at term 1 for changeToCandidate
2019-09-18 09:58:15,362 [Thread-1967] INFO  impl.RoleInfo (RoleInfo.java:updateAndGet(143)) - 25fcce2d-b211-4470-848f-cc203df7fa47: start LeaderElection
2019-09-18 09:58:15,387 [Thread-1971] INFO  impl.FollowerState (FollowerState.java:run(106)) - 0c2b2860-0b45-4f42-ad7c-2b288a3e9202:group-D193050E8B58 changes to CANDIDATE, lastRpcTime:5060, electionTimeout:5058ms
2019-09-18 09:58:15,387 [Thread-1971] INFO  impl.RoleInfo (RoleInfo.java:shutdownFollowerState(121)) - 0c2b2860-0b45-4f42-ad7c-2b288a3e9202: shutdown FollowerState
2019-09-18 09:58:15,387 [Thread-1971] INFO  impl.RaftServerImpl (RaftServerImpl.java:setRole(174)) - 0c2b2860-0b45-4f42-ad7c-2b288a3e9202@group-D193050E8B58: changes role from  FOLLOWER to CANDIDATE at term 1 for changeToCandidate
2019-09-18 09:58:15,387 [Thread-1971] INFO  impl.RoleInfo (RoleInfo.java:updateAndGet(143)) - 0c2b2860-0b45-4f42-ad7c-2b288a3e9202: start LeaderElection
2019-09-18 09:58:15,396 [Thread-1968] INFO  impl.FollowerState (FollowerState.java:run(106)) - 186a6e78-09e6-4574-b547-f353bdf9fe3d:group-D193050E8B58 changes to CANDIDATE, lastRpcTime:5115, electionTimeout:5113ms
2019-09-18 09:58:15,396 [Thread-1968] INFO  impl.RoleInfo (RoleInfo.java:shutdownFollowerState(121)) - 186a6e78-09e6-4574-b547-f353bdf9fe3d: shutdown FollowerState
2019-09-18 09:58:15,396 [Thread-1968] INFO  impl.RaftServerImpl (RaftServerImpl.java:setRole(174)) - 186a6e78-09e6-4574-b547-f353bdf9fe3d@group-D193050E8B58: changes role from  FOLLOWER to CANDIDATE at term 1 for changeToCandidate
2019-09-18 09:58:15,396 [Thread-1968] INFO  impl.RoleInfo (RoleInfo.java:updateAndGet(143)) - 186a6e78-09e6-4574-b547-f353bdf9fe3d: start LeaderElection
2019-09-18 09:58:15,472 [Thread-1970] INFO  impl.FollowerState (FollowerState.java:run(106)) - 49f6b94c-0106-4685-b069-29ee7e29d9a9:group-D193050E8B58 changes to CANDIDATE, lastRpcTime:5145, electionTimeout:5143ms
2019-09-18 09:58:15,473 [Thread-1970] INFO  impl.RoleInfo (RoleInfo.java:shutdownFollowerState(121)) - 49f6b94c-0106-4685-b069-29ee7e29d9a9: shutdown FollowerState
2019-09-18 09:58:15,473 [Thread-1970] INFO  impl.RaftServerImpl (RaftServerImpl.java:setRole(174)) - 49f6b94c-0106-4685-b069-29ee7e29d9a9@group-D193050E8B58: changes role from  FOLLOWER to CANDIDATE at term 1 for changeToCandidate
2019-09-18 09:58:15,473 [Thread-1970] INFO  impl.RoleInfo (RoleInfo.java:updateAndGet(143)) - 49f6b94c-0106-4685-b069-29ee7e29d9a9: start LeaderElection
2019-09-18 09:58:15,501 [Thread-1972] INFO  impl.FollowerState (FollowerState.java:run(106)) - 36ed70af-376b-40f3-9249-55a5a03d45d8:group-161DFC9CA29B changes to CANDIDATE, lastRpcTime:5172, electionTimeout:5172ms
2019-09-18 09:58:15,501 [Thread-1972] INFO  impl.RoleInfo (RoleInfo.java:shutdownFollowerState(121)) - 36ed70af-376b-40f3-9249-55a5a03d45d8: shutdown FollowerState
2019-09-18 09:58:15,501 [Thread-1972] INFO  impl.RaftServerImpl (RaftServerImpl.java:setRole(174)) - 36ed70af-376b-40f3-9249-55a5a03d45d8@group-161DFC9CA29B: changes role from  FOLLOWER to CANDIDATE at term 1 for changeToCandidate
2019-09-18 09:58:15,502 [Thread-1972] INFO  impl.RoleInfo (RoleInfo.java:updateAndGet(143)) - 36ed70af-376b-40f3-9249-55a5a03d45d8: start LeaderElection
2019-09-18 09:58:16,148 [grpc-default-executor-4] INFO  client.GrpcClientProtocolClient (GrpcClientProtocolClient.java:onNext(264)) - client-726A961C7BE0->25fcce2d-b211-4470-848f-cc203df7fa47: receive RaftClientReply:client-726A961C7BE0->25fcce2d-b211-4470-848f-cc203df7fa47@group-161DFC9CA29B, cid=81, FAILED org.apache.ratis.protocol.NotLeaderException: Server 25fcce2d-b211-4470-848f-cc203df7fa47@group-161DFC9CA29B is not the leader, logIndex=0, commits[25fcce2d-b211-4470-848f-cc203df7fa47:c-1]
2019-09-18 09:58:17,164 [grpc-default-executor-0] INFO  client.GrpcClientProtocolClient (GrpcClientProtocolClient.java:onNext(264)) - client-726A961C7BE0->59e26ea6-1ca6-4790-a671-9b2bff083d73: receive RaftClientReply:client-726A961C7BE0->59e26ea6-1ca6-4790-a671-9b2bff083d73@group-161DFC9CA29B, cid=81, FAILED org.apache.ratis.protocol.NotLeaderException: Server 59e26ea6-1ca6-4790-a671-9b2bff083d73@group-161DFC9CA29B is not the leader, logIndex=0, commits[59e26ea6-1ca6-4790-a671-9b2bff083d73:c-1]
2019-09-18 09:58:17,558 [186a6e78-09e6-4574-b547-f353bdf9fe3d@group-A8D53CD14CD5-SegmentedRaftLogWorker] INFO  segmented.SegmentedRaftLogWorker (SegmentedRaftLogWorker.java:execute(569)) - 186a6e78-09e6-4574-b547-f353bdf9fe3d@group-A8D53CD14CD5-SegmentedRaftLogWorker: created new log segment /workdir/hadoop-ozone/integration-test/target/test-dir/MiniOzoneClusterImpl-29f84033-bd2d-4869-8500-f34df785535c/datanode-4/data/ratis/ef7c1383-6012-463f-a5e0-a8d53cd14cd5/current/log_inprogress_0
2019-09-18 09:58:17,558 [49f6b94c-0106-4685-b069-29ee7e29d9a9@group-E79926FBD88F-SegmentedRaftLogWorker] INFO  segmented.SegmentedRaftLogWorker (SegmentedRaftLogWorker.java:execute(569)) - 49f6b94c-0106-4685-b069-29ee7e29d9a9@group-E79926FBD88F-SegmentedRaftLogWorker: created new log segment /workdir/hadoop-ozone/integration-test/target/test-dir/MiniOzoneClusterImpl-29f84033-bd2d-4869-8500-f34df785535c/datanode-3/data/ratis/e4336989-bce0-4ed0-935b-e79926fbd88f/current/log_inprogress_0
2019-09-18 09:58:17,558 [0c2b2860-0b45-4f42-ad7c-2b288a3e9202@group-D580616C82BC-SegmentedRaftLogWorker] INFO  segmented.SegmentedRaftLogWorker (SegmentedRaftLogWorker.java:execute(569)) - 0c2b2860-0b45-4f42-ad7c-2b288a3e9202@group-D580616C82BC-SegmentedRaftLogWorker: created new log segment /workdir/hadoop-ozone/integration-test/target/test-dir/MiniOzoneClusterImpl-29f84033-bd2d-4869-8500-f34df785535c/datanode-5/data/ratis/aae6acd7-7bc9-432c-8eb0-d580616c82bc/current/log_inprogress_0
2019-09-18 09:58:17,561 [49f6b94c-0106-4685-b069-29ee7e29d9a9@group-D193050E8B58:LeaderElection84] INFO  impl.LeaderElection (LeaderElection.java:askForVotes(182)) - 49f6b94c-0106-4685-b069-29ee7e29d9a9@group-D193050E8B58:LeaderElection84: begin an election at term 2 for -1: [186a6e78-09e6-4574-b547-f353bdf9fe3d:192.168.34.50:44451, 49f6b94c-0106-4685-b069-29ee7e29d9a9:192.168.34.50:35449, 0c2b2860-0b45-4f42-ad7c-2b288a3e9202:192.168.34.50:44821], old=null
2019-09-18 09:58:17,561 [0c2b2860-0b45-4f42-ad7c-2b288a3e9202@group-D193050E8B58:LeaderElection82] INFO  impl.LeaderElection (LeaderElection.java:askForVotes(182)) - 0c2b2860-0b45-4f42-ad7c-2b288a3e9202@group-D193050E8B58:LeaderElection82: begin an election at term 2 for -1: [186a6e78-09e6-4574-b547-f353bdf9fe3d:192.168.34.50:44451, 49f6b94c-0106-4685-b069-29ee7e29d9a9:192.168.34.50:35449, 0c2b2860-0b45-4f42-ad7c-2b288a3e9202:192.168.34.50:44821], old=null
2019-09-18 09:58:17,561 [186a6e78-09e6-4574-b547-f353bdf9fe3d@group-D193050E8B58:LeaderElection83] INFO  impl.LeaderElection (LeaderElection.java:askForVotes(182)) - 186a6e78-09e6-4574-b547-f353bdf9fe3d@group-D193050E8B58:LeaderElection83: begin an election at term 2 for -1: [186a6e78-09e6-4574-b547-f353bdf9fe3d:192.168.34.50:44451, 49f6b94c-0106-4685-b069-29ee7e29d9a9:192.168.34.50:35449, 0c2b2860-0b45-4f42-ad7c-2b288a3e9202:192.168.34.50:44821], old=null
2019-09-18 09:58:17,561 [36ed70af-376b-40f3-9249-55a5a03d45d8@group-161DFC9CA29B:LeaderElection85] INFO  impl.LeaderElection (LeaderElection.java:askForVotes(182)) - 36ed70af-376b-40f3-9249-55a5a03d45d8@group-161DFC9CA29B:LeaderElection85: begin an election at term 2 for -1: [25fcce2d-b211-4470-848f-cc203df7fa47:192.168.34.50:32826, 36ed70af-376b-40f3-9249-55a5a03d45d8:192.168.34.50:42078, 59e26ea6-1ca6-4790-a671-9b2bff083d73:192.168.34.50:43404], old=null
2019-09-18 09:58:17,561 [59e26ea6-1ca6-4790-a671-9b2bff083d73@group-161DFC9CA29B:LeaderElection80] INFO  impl.LeaderElection (LeaderElection.java:askForVotes(182)) - 59e26ea6-1ca6-4790-a671-9b2bff083d73@group-161DFC9CA29B:LeaderElection80: begin an election at term 2 for -1: [25fcce2d-b211-4470-848f-cc203df7fa47:192.168.34.50:32826, 36ed70af-376b-40f3-9249-55a5a03d45d8:192.168.34.50:42078, 59e26ea6-1ca6-4790-a671-9b2bff083d73:192.168.34.50:43404], old=null
2019-09-18 09:58:17,561 [25fcce2d-b211-4470-848f-cc203df7fa47@group-161DFC9CA29B:LeaderElection81] INFO  impl.LeaderElection (LeaderElection.java:askForVotes(182)) - 25fcce2d-b211-4470-848f-cc203df7fa47@group-161DFC9CA29B:LeaderElection81: begin an election at term 2 for -1: [25fcce2d-b211-4470-848f-cc203df7fa47:192.168.34.50:32826, 36ed70af-376b-40f3-9249-55a5a03d45d8:192.168.34.50:42078, 59e26ea6-1ca6-4790-a671-9b2bff083d73:192.168.34.50:43404], old=null
2019-09-18 09:58:17,567 [186a6e78-09e6-4574-b547-f353bdf9fe3d@group-D193050E8B58:LeaderElection83] INFO  impl.LeaderElection (LeaderElection.java:logAndReturn(56)) - 186a6e78-09e6-4574-b547-f353bdf9fe3d@group-D193050E8B58:LeaderElection83: Election REJECTED; received 2 response(s) [186a6e78-09e6-4574-b547-f353bdf9fe3d<-49f6b94c-0106-4685-b069-29ee7e29d9a9#0:FAIL-t2, 186a6e78-09e6-4574-b547-f353bdf9fe3d<-0c2b2860-0b45-4f42-ad7c-2b288a3e9202#0:FAIL-t2] and 0 exception(s); 186a6e78-09e6-4574-b547-f353bdf9fe3d@group-D193050E8B58:t2, leader=null, voted=186a6e78-09e6-4574-b547-f353bdf9fe3d, raftlog=186a6e78-09e6-4574-b547-f353bdf9fe3d@group-D193050E8B58-SegmentedRaftLog:OPENED:c-1,f-1,i0, conf=-1: [186a6e78-09e6-4574-b547-f353bdf9fe3d:192.168.34.50:44451, 49f6b94c-0106-4685-b069-29ee7e29d9a9:192.168.34.50:35449, 0c2b2860-0b45-4f42-ad7c-2b288a3e9202:192.168.34.50:44821], old=null
2019-09-18 09:58:17,567 [186a6e78-09e6-4574-b547-f353bdf9fe3d@group-D193050E8B58:LeaderElection83] INFO  impl.RaftServerImpl (RaftServerImpl.java:setRole(174)) - 186a6e78-09e6-4574-b547-f353bdf9fe3d@group-D193050E8B58: changes role from CANDIDATE to FOLLOWER at term 2 for DISCOVERED_A_NEW_TERM
2019-09-18 09:58:17,568 [186a6e78-09e6-4574-b547-f353bdf9fe3d@group-D193050E8B58:LeaderElection83] INFO  impl.RoleInfo (RoleInfo.java:shutdownLeaderElection(134)) - 186a6e78-09e6-4574-b547-f353bdf9fe3d: shutdown LeaderElection
2019-09-18 09:58:17,568 [186a6e78-09e6-4574-b547-f353bdf9fe3d@group-D193050E8B58:LeaderElection83] INFO  impl.RoleInfo (RoleInfo.java:updateAndGet(143)) - 186a6e78-09e6-4574-b547-f353bdf9fe3d: start FollowerState
2019-09-18 09:58:17,569 [36ed70af-376b-40f3-9249-55a5a03d45d8@group-161DFC9CA29B:LeaderElection85] INFO  impl.LeaderElection (LeaderElection.java:logAndReturn(56)) - 36ed70af-376b-40f3-9249-55a5a03d45d8@group-161DFC9CA29B:LeaderElection85: Election REJECTED; received 2 response(s) [36ed70af-376b-40f3-9249-55a5a03d45d8<-25fcce2d-b211-4470-848f-cc203df7fa47#0:FAIL-t2, 36ed70af-376b-40f3-9249-55a5a03d45d8<-59e26ea6-1ca6-4790-a671-9b2bff083d73#0:FAIL-t2] and 0 exception(s); 36ed70af-376b-40f3-9249-55a5a03d45d8@group-161DFC9CA29B:t2, leader=null, voted=36ed70af-376b-40f3-9249-55a5a03d45d8, raftlog=36ed70af-376b-40f3-9249-55a5a03d45d8@group-161DFC9CA29B-SegmentedRaftLog:OPENED:c-1,f-1,i0, conf=-1: [25fcce2d-b211-4470-848f-cc203df7fa47:192.168.34.50:32826, 36ed70af-376b-40f3-9249-55a5a03d45d8:192.168.34.50:42078, 59e26ea6-1ca6-4790-a671-9b2bff083d73:192.168.34.50:43404], old=null
2019-09-18 09:58:17,569 [49f6b94c-0106-4685-b069-29ee7e29d9a9@group-D193050E8B58:LeaderElection84] INFO  impl.LeaderElection (LeaderElection.java:logAndReturn(56)) - 49f6b94c-0106-4685-b069-29ee7e29d9a9@group-D193050E8B58:LeaderElection84: Election REJECTED; received 2 response(s) [49f6b94c-0106-4685-b069-29ee7e29d9a9<-186a6e78-09e6-4574-b547-f353bdf9fe3d#0:FAIL-t2, 49f6b94c-0106-4685-b069-29ee7e29d9a9<-0c2b2860-0b45-4f42-ad7c-2b288a3e9202#0:FAIL-t2] and 0 exception(s); 49f6b94c-0106-4685-b069-29ee7e29d9a9@group-D193050E8B58:t2, leader=null, voted=49f6b94c-0106-4685-b069-29ee7e29d9a9, raftlog=49f6b94c-0106-4685-b069-29ee7e29d9a9@group-D193050E8B58-SegmentedRaftLog:OPENED:c-1,f-1,i0, conf=-1: [186a6e78-09e6-4574-b547-f353bdf9fe3d:192.168.34.50:44451, 49f6b94c-0106-4685-b069-29ee7e29d9a9:192.168.34.50:35449, 0c2b2860-0b45-4f42-ad7c-2b288a3e9202:192.168.34.50:44821], old=null
2019-09-18 09:58:17,570 [36ed70af-376b-40f3-9249-55a5a03d45d8@group-161DFC9CA29B:LeaderElection85] INFO  impl.RaftServerImpl (RaftServerImpl.java:setRole(174)) - 36ed70af-376b-40f3-9249-55a5a03d45d8@group-161DFC9CA29B: changes role from CANDIDATE to FOLLOWER at term 2 for DISCOVERED_A_NEW_TERM
2019-09-18 09:58:17,570 [49f6b94c-0106-4685-b069-29ee7e29d9a9@group-D193050E8B58:LeaderElection84] INFO  impl.RaftServerImpl (RaftServerImpl.java:setRole(174)) - 49f6b94c-0106-4685-b069-29ee7e29d9a9@group-D193050E8B58: changes role from CANDIDATE to FOLLOWER at term 2 for DISCOVERED_A_NEW_TERM
2019-09-18 09:58:17,570 [36ed70af-376b-40f3-9249-55a5a03d45d8@group-161DFC9CA29B:LeaderElection85] INFO  impl.RoleInfo (RoleInfo.java:shutdownLeaderElection(134)) - 36ed70af-376b-40f3-9249-55a5a03d45d8: shutdown LeaderElection
2019-09-18 09:58:17,570 [49f6b94c-0106-4685-b069-29ee7e29d9a9@group-D193050E8B58:LeaderElection84] INFO  impl.RoleInfo (RoleInfo.java:shutdownLeaderElection(134)) - 49f6b94c-0106-4685-b069-29ee7e29d9a9: shutdown LeaderElection
2019-09-18 09:58:17,570 [36ed70af-376b-40f3-9249-55a5a03d45d8@group-161DFC9CA29B:LeaderElection85] INFO  impl.RoleInfo (RoleInfo.java:updateAndGet(143)) - 36ed70af-376b-40f3-9249-55a5a03d45d8: start FollowerState
2019-09-18 09:58:17,570 [49f6b94c-0106-4685-b069-29ee7e29d9a9@group-D193050E8B58:LeaderElection84] INFO  impl.RoleInfo (RoleInfo.java:updateAndGet(143)) - 49f6b94c-0106-4685-b069-29ee7e29d9a9: start FollowerState
2019-09-18 09:58:17,571 [25fcce2d-b211-4470-848f-cc203df7fa47@group-161DFC9CA29B:LeaderElection81] INFO  impl.LeaderElection (LeaderElection.java:logAndReturn(56)) - 25fcce2d-b211-4470-848f-cc203df7fa47@group-161DFC9CA29B:LeaderElection81: Election REJECTED; received 2 response(s) [25fcce2d-b211-4470-848f-cc203df7fa47<-36ed70af-376b-40f3-9249-55a5a03d45d8#0:FAIL-t2, 25fcce2d-b211-4470-848f-cc203df7fa47<-59e26ea6-1ca6-4790-a671-9b2bff083d73#0:FAIL-t2] and 0 exception(s); 25fcce2d-b211-4470-848f-cc203df7fa47@group-161DFC9CA29B:t2, leader=null, voted=25fcce2d-b211-4470-848f-cc203df7fa47, raftlog=25fcce2d-b211-4470-848f-cc203df7fa47@group-161DFC9CA29B-SegmentedRaftLog:OPENED:c-1,f-1,i0, conf=-1: [25fcce2d-b211-4470-848f-cc203df7fa47:192.168.34.50:32826, 36ed70af-376b-40f3-9249-55a5a03d45d8:192.168.34.50:42078, 59e26ea6-1ca6-4790-a671-9b2bff083d73:192.168.34.50:43404], old=null
2019-09-18 09:58:17,571 [25fcce2d-b211-4470-848f-cc203df7fa47@group-161DFC9CA29B:LeaderElection81] INFO  impl.RaftServerImpl (RaftServerImpl.java:setRole(174)) - 25fcce2d-b211-4470-848f-cc203df7fa47@group-161DFC9CA29B: changes role from CANDIDATE to FOLLOWER at term 2 for DISCOVERED_A_NEW_TERM
2019-09-18 09:58:17,571 [25fcce2d-b211-4470-848f-cc203df7fa47@group-161DFC9CA29B:LeaderElection81] INFO  impl.RoleInfo (RoleInfo.java:shutdownLeaderElection(134)) - 25fcce2d-b211-4470-848f-cc203df7fa47: shutdown LeaderElection
2019-09-18 09:58:17,571 [25fcce2d-b211-4470-848f-cc203df7fa47@group-161DFC9CA29B:LeaderElection81] INFO  impl.RoleInfo (RoleInfo.java:updateAndGet(143)) - 25fcce2d-b211-4470-848f-cc203df7fa47: start FollowerState
2019-09-18 09:58:17,572 [59e26ea6-1ca6-4790-a671-9b2bff083d73@group-161DFC9CA29B:LeaderElection80] INFO  impl.LeaderElection (LeaderElection.java:logAndReturn(56)) - 59e26ea6-1ca6-4790-a671-9b2bff083d73@group-161DFC9CA29B:LeaderElection80: Election REJECTED; received 2 response(s) [59e26ea6-1ca6-4790-a671-9b2bff083d73<-25fcce2d-b211-4470-848f-cc203df7fa47#0:FAIL-t2, 59e26ea6-1ca6-4790-a671-9b2bff083d73<-36ed70af-376b-40f3-9249-55a5a03d45d8#0:FAIL-t2] and 0 exception(s); 59e26ea6-1ca6-4790-a671-9b2bff083d73@group-161DFC9CA29B:t2, leader=null, voted=59e26ea6-1ca6-4790-a671-9b2bff083d73, raftlog=59e26ea6-1ca6-4790-a671-9b2bff083d73@group-161DFC9CA29B-SegmentedRaftLog:OPENED:c-1,f-1,i0, conf=-1: [25fcce2d-b211-4470-848f-cc203df7fa47:192.168.34.50:32826, 36ed70af-376b-40f3-9249-55a5a03d45d8:192.168.34.50:42078, 59e26ea6-1ca6-4790-a671-9b2bff083d73:192.168.34.50:43404], old=null
2019-09-18 09:58:17,572 [0c2b2860-0b45-4f42-ad7c-2b288a3e9202@group-D193050E8B58:LeaderElection82] INFO  impl.LeaderElection (LeaderElection.java:logAndReturn(56)) - 0c2b2860-0b45-4f42-ad7c-2b288a3e9202@group-D193050E8B58:LeaderElection82: Election REJECTED; received 2 response(s) [0c2b2860-0b45-4f42-ad7c-2b288a3e9202<-186a6e78-09e6-4574-b547-f353bdf9fe3d#0:FAIL-t2, 0c2b2860-0b45-4f42-ad7c-2b288a3e9202<-49f6b94c-0106-4685-b069-29ee7e29d9a9#0:FAIL-t2] and 0 exception(s); 0c2b2860-0b45-4f42-ad7c-2b288a3e9202@group-D193050E8B58:t2, leader=null, voted=0c2b2860-0b45-4f42-ad7c-2b288a3e9202, raftlog=0c2b2860-0b45-4f42-ad7c-2b288a3e9202@group-D193050E8B58-SegmentedRaftLog:OPENED:c-1,f-1,i0, conf=-1: [186a6e78-09e6-4574-b547-f353bdf9fe3d:192.168.34.50:44451, 49f6b94c-0106-4685-b069-29ee7e29d9a9:192.168.34.50:35449, 0c2b2860-0b45-4f42-ad7c-2b288a3e9202:192.168.34.50:44821], old=null
2019-09-18 09:58:17,572 [59e26ea6-1ca6-4790-a671-9b2bff083d73@group-161DFC9CA29B:LeaderElection80] INFO  impl.RaftServerImpl (RaftServerImpl.java:setRole(174)) - 59e26ea6-1ca6-4790-a671-9b2bff083d73@group-161DFC9CA29B: changes role from CANDIDATE to FOLLOWER at term 2 for DISCOVERED_A_NEW_TERM
2019-09-18 09:58:17,572 [0c2b2860-0b45-4f42-ad7c-2b288a3e9202@group-D193050E8B58:LeaderElection82] INFO  impl.RaftServerImpl (RaftServerImpl.java:setRole(174)) - 0c2b2860-0b45-4f42-ad7c-2b288a3e9202@group-D193050E8B58: changes role from CANDIDATE to FOLLOWER at term 2 for DISCOVERED_A_NEW_TERM
2019-09-18 09:58:17,572 [59e26ea6-1ca6-4790-a671-9b2bff083d73@group-161DFC9CA29B:LeaderElection80] INFO  impl.RoleInfo (RoleInfo.java:shutdownLeaderElection(134)) - 59e26ea6-1ca6-4790-a671-9b2bff083d73: shutdown LeaderElection
2019-09-18 09:58:17,573 [0c2b2860-0b45-4f42-ad7c-2b288a3e9202@group-D193050E8B58:LeaderElection82] INFO  impl.RoleInfo (RoleInfo.java:shutdownLeaderElection(134)) - 0c2b2860-0b45-4f42-ad7c-2b288a3e9202: shutdown LeaderElection
2019-09-18 09:58:17,573 [59e26ea6-1ca6-4790-a671-9b2bff083d73@group-161DFC9CA29B:LeaderElection80] INFO  impl.RoleInfo (RoleInfo.java:updateAndGet(143)) - 59e26ea6-1ca6-4790-a671-9b2bff083d73: start FollowerState
2019-09-18 09:58:17,573 [0c2b2860-0b45-4f42-ad7c-2b288a3e9202@group-D193050E8B58:LeaderElection82] INFO  impl.RoleInfo (RoleInfo.java:updateAndGet(143)) - 0c2b2860-0b45-4f42-ad7c-2b288a3e9202: start FollowerState
2019-09-18 09:58:18,177 [grpc-default-executor-0] INFO  client.GrpcClientProtocolClient (GrpcClientProtocolClient.java:onNext(264)) - client-726A961C7BE0->25fcce2d-b211-4470-848f-cc203df7fa47: receive RaftClientReply:client-726A961C7BE0->25fcce2d-b211-4470-848f-cc203df7fa47@group-161DFC9CA29B, cid=81, FAILED org.apache.ratis.protocol.NotLeaderException: Server 25fcce2d-b211-4470-848f-cc203df7fa47@group-161DFC9CA29B is not the leader, logIndex=0, commits[25fcce2d-b211-4470-848f-cc203df7fa47:c-1]
2019-09-18 09:58:19,189 [grpc-default-executor-2] INFO  client.GrpcClientProtocolClient (GrpcClientProtocolClient.java:onNext(264)) - client-726A961C7BE0->59e26ea6-1ca6-4790-a671-9b2bff083d73: receive RaftClientReply:client-726A961C7BE0->59e26ea6-1ca6-4790-a671-9b2bff083d73@group-161DFC9CA29B, cid=81, FAILED org.apache.ratis.protocol.NotLeaderException: Server 59e26ea6-1ca6-4790-a671-9b2bff083d73@group-161DFC9CA29B is not the leader, logIndex=0, commits[59e26ea6-1ca6-4790-a671-9b2bff083d73:c-1]
2019-09-18 09:58:20,208 [grpc-default-executor-0] INFO  client.GrpcClientProtocolClient (GrpcClientProtocolClient.java:onNext(264)) - client-726A961C7BE0->25fcce2d-b211-4470-848f-cc203df7fa47: receive RaftClientReply:client-726A961C7BE0->25fcce2d-b211-4470-848f-cc203df7fa47@group-161DFC9CA29B, cid=81, FAILED org.apache.ratis.protocol.NotLeaderException: Server 25fcce2d-b211-4470-848f-cc203df7fa47@group-161DFC9CA29B is not the leader, logIndex=0, commits[25fcce2d-b211-4470-848f-cc203df7fa47:c-1]
2019-09-18 09:58:21,221 [grpc-default-executor-2] INFO  client.GrpcClientProtocolClient (GrpcClientProtocolClient.java:onNext(264)) - client-726A961C7BE0->36ed70af-376b-40f3-9249-55a5a03d45d8: receive RaftClientReply:client-726A961C7BE0->36ed70af-376b-40f3-9249-55a5a03d45d8@group-161DFC9CA29B, cid=81, FAILED org.apache.ratis.protocol.NotLeaderException: Server 36ed70af-376b-40f3-9249-55a5a03d45d8@group-161DFC9CA29B is not the leader, logIndex=0, commits[36ed70af-376b-40f3-9249-55a5a03d45d8:c-1]
2019-09-18 09:58:22,238 [grpc-default-executor-0] INFO  client.GrpcClientProtocolClient (GrpcClientProtocolClient.java:onNext(264)) - client-726A961C7BE0->59e26ea6-1ca6-4790-a671-9b2bff083d73: receive RaftClientReply:client-726A961C7BE0->59e26ea6-1ca6-4790-a671-9b2bff083d73@group-161DFC9CA29B, cid=81, FAILED org.apache.ratis.protocol.NotLeaderException: Server 59e26ea6-1ca6-4790-a671-9b2bff083d73@group-161DFC9CA29B is not the leader, logIndex=0, commits[59e26ea6-1ca6-4790-a671-9b2bff083d73:c-1]
2019-09-18 09:58:22,614 [Thread-2009] INFO  impl.FollowerState (FollowerState.java:run(106)) - 59e26ea6-1ca6-4790-a671-9b2bff083d73:group-161DFC9CA29B changes to CANDIDATE, lastRpcTime:5041, electionTimeout:5041ms
2019-09-18 09:58:22,615 [Thread-2009] INFO  impl.RoleInfo (RoleInfo.java:shutdownFollowerState(121)) - 59e26ea6-1ca6-4790-a671-9b2bff083d73: shutdown FollowerState
2019-09-18 09:58:22,615 [Thread-2009] INFO  impl.RaftServerImpl (RaftServerImpl.java:setRole(174)) - 59e26ea6-1ca6-4790-a671-9b2bff083d73@group-161DFC9CA29B: changes role from  FOLLOWER to CANDIDATE at term 2 for changeToCandidate
2019-09-18 09:58:22,615 [Thread-2009] INFO  impl.RoleInfo (RoleInfo.java:updateAndGet(143)) - 59e26ea6-1ca6-4790-a671-9b2bff083d73: start LeaderElection
2019-09-18 09:58:22,625 [59e26ea6-1ca6-4790-a671-9b2bff083d73@group-161DFC9CA29B:LeaderElection86] INFO  impl.LeaderElection (LeaderElection.java:askForVotes(182)) - 59e26ea6-1ca6-4790-a671-9b2bff083d73@group-161DFC9CA29B:LeaderElection86: begin an election at term 3 for -1: [25fcce2d-b211-4470-848f-cc203df7fa47:192.168.34.50:32826, 36ed70af-376b-40f3-9249-55a5a03d45d8:192.168.34.50:42078, 59e26ea6-1ca6-4790-a671-9b2bff083d73:192.168.34.50:43404], old=null
2019-09-18 09:58:22,627 [Thread-2005] INFO  impl.FollowerState (FollowerState.java:run(106)) - 186a6e78-09e6-4574-b547-f353bdf9fe3d:group-D193050E8B58 changes to CANDIDATE, lastRpcTime:5058, electionTimeout:5058ms
2019-09-18 09:58:22,627 [Thread-2005] INFO  impl.RoleInfo (RoleInfo.java:shutdownFollowerState(121)) - 186a6e78-09e6-4574-b547-f353bdf9fe3d: shutdown FollowerState
2019-09-18 09:58:22,627 [Thread-2005] INFO  impl.RaftServerImpl (RaftServerImpl.java:setRole(174)) - 186a6e78-09e6-4574-b547-f353bdf9fe3d@group-D193050E8B58: changes role from  FOLLOWER to CANDIDATE at term 2 for changeToCandidate
2019-09-18 09:58:22,627 [Thread-2005] INFO  impl.RoleInfo (RoleInfo.java:updateAndGet(143)) - 186a6e78-09e6-4574-b547-f353bdf9fe3d: start LeaderElection
2019-09-18 09:58:22,629 [grpc-default-executor-2] INFO  impl.RaftServerImpl (RaftServerImpl.java:setRole(174)) - 36ed70af-376b-40f3-9249-55a5a03d45d8@group-161DFC9CA29B: changes role from  FOLLOWER to FOLLOWER at term 3 for recognizeCandidate:59e26ea6-1ca6-4790-a671-9b2bff083d73
2019-09-18 09:58:22,629 [grpc-default-executor-0] INFO  impl.RaftServerImpl (RaftServerImpl.java:setRole(174)) - 25fcce2d-b211-4470-848f-cc203df7fa47@group-161DFC9CA29B: changes role from  FOLLOWER to FOLLOWER at term 3 for recognizeCandidate:59e26ea6-1ca6-4790-a671-9b2bff083d73
2019-09-18 09:58:22,629 [grpc-default-executor-2] INFO  impl.RoleInfo (RoleInfo.java:shutdownFollowerState(121)) - 36ed70af-376b-40f3-9249-55a5a03d45d8: shutdown FollowerState
2019-09-18 09:58:22,629 [grpc-default-executor-0] INFO  impl.RoleInfo (RoleInfo.java:shutdownFollowerState(121)) - 25fcce2d-b211-4470-848f-cc203df7fa47: shutdown FollowerState
2019-09-18 09:58:22,629 [grpc-default-executor-2] INFO  impl.RoleInfo (RoleInfo.java:updateAndGet(143)) - 36ed70af-376b-40f3-9249-55a5a03d45d8: start FollowerState
2019-09-18 09:58:22,629 [Thread-2006] INFO  impl.FollowerState (FollowerState.java:run(115)) - 36ed70af-376b-40f3-9249-55a5a03d45d8: FollowerState was interrupted: java.lang.InterruptedException: sleep interrupted
2019-09-18 09:58:22,629 [grpc-default-executor-0] INFO  impl.RoleInfo (RoleInfo.java:updateAndGet(143)) - 25fcce2d-b211-4470-848f-cc203df7fa47: start FollowerState
2019-09-18 09:58:22,630 [Thread-2008] INFO  impl.FollowerState (FollowerState.java:run(115)) - 25fcce2d-b211-4470-848f-cc203df7fa47: FollowerState was interrupted: java.lang.InterruptedException: sleep interrupted
2019-09-18 09:58:22,636 [186a6e78-09e6-4574-b547-f353bdf9fe3d@group-D193050E8B58:LeaderElection87] INFO  impl.LeaderElection (LeaderElection.java:askForVotes(182)) - 186a6e78-09e6-4574-b547-f353bdf9fe3d@group-D193050E8B58:LeaderElection87: begin an election at term 3 for -1: [186a6e78-09e6-4574-b547-f353bdf9fe3d:192.168.34.50:44451, 49f6b94c-0106-4685-b069-29ee7e29d9a9:192.168.34.50:35449, 0c2b2860-0b45-4f42-ad7c-2b288a3e9202:192.168.34.50:44821], old=null
2019-09-18 09:58:22,637 [59e26ea6-1ca6-4790-a671-9b2bff083d73@group-161DFC9CA29B:LeaderElection86] INFO  impl.LeaderElection (LeaderElection.java:logAndReturn(56)) - 59e26ea6-1ca6-4790-a671-9b2bff083d73@group-161DFC9CA29B:LeaderElection86: Election PASSED; received 1 response(s) [59e26ea6-1ca6-4790-a671-9b2bff083d73<-25fcce2d-b211-4470-848f-cc203df7fa47#0:OK-t3] and 0 exception(s); 59e26ea6-1ca6-4790-a671-9b2bff083d73@group-161DFC9CA29B:t3, leader=null, voted=59e26ea6-1ca6-4790-a671-9b2bff083d73, raftlog=59e26ea6-1ca6-4790-a671-9b2bff083d73@group-161DFC9CA29B-SegmentedRaftLog:OPENED:c-1,f-1,i0, conf=-1: [25fcce2d-b211-4470-848f-cc203df7fa47:192.168.34.50:32826, 36ed70af-376b-40f3-9249-55a5a03d45d8:192.168.34.50:42078, 59e26ea6-1ca6-4790-a671-9b2bff083d73:192.168.34.50:43404], old=null
2019-09-18 09:58:22,637 [59e26ea6-1ca6-4790-a671-9b2bff083d73@group-161DFC9CA29B:LeaderElection86] INFO  impl.RoleInfo (RoleInfo.java:shutdownLeaderElection(134)) - 59e26ea6-1ca6-4790-a671-9b2bff083d73: shutdown LeaderElection
2019-09-18 09:58:22,637 [59e26ea6-1ca6-4790-a671-9b2bff083d73@group-161DFC9CA29B:LeaderElection86] INFO  impl.RaftServerImpl (RaftServerImpl.java:setRole(174)) - 59e26ea6-1ca6-4790-a671-9b2bff083d73@group-161DFC9CA29B: changes role from CANDIDATE to LEADER at term 3 for changeToLeader
2019-09-18 09:58:22,637 [59e26ea6-1ca6-4790-a671-9b2bff083d73@group-161DFC9CA29B:LeaderElection86] INFO  impl.RaftServerImpl (ServerState.java:setLeader(253)) - 59e26ea6-1ca6-4790-a671-9b2bff083d73@group-161DFC9CA29B: change Leader from null to 59e26ea6-1ca6-4790-a671-9b2bff083d73 at term 3 for becomeLeader, leader elected after 20064ms
2019-09-18 09:58:22,638 [59e26ea6-1ca6-4790-a671-9b2bff083d73@group-161DFC9CA29B:LeaderElection86] INFO  server.RaftServerConfigKeys (ConfUtils.java:logGet(43)) - raft.server.staging.catchup.gap = 1000 (default)
2019-09-18 09:58:22,638 [59e26ea6-1ca6-4790-a671-9b2bff083d73@group-161DFC9CA29B:LeaderElection86] INFO  server.RaftServerConfigKeys (ConfUtils.java:logGet(43)) - raft.server.rpc.sleep.time = 25ms (default)
2019-09-18 09:58:22,638 [59e26ea6-1ca6-4790-a671-9b2bff083d73@group-161DFC9CA29B:LeaderElection86] INFO  server.RaftServerConfigKeys (ConfUtils.java:logGet(43)) - raft.server.write.element-limit = 4096 (default)
2019-09-18 09:58:22,638 [59e26ea6-1ca6-4790-a671-9b2bff083d73@group-161DFC9CA29B:LeaderElection86] INFO  server.RaftServerConfigKeys (ConfUtils.java:logGet(43)) - raft.server.watch.timeout = 10s (default)
2019-09-18 09:58:22,639 [59e26ea6-1ca6-4790-a671-9b2bff083d73@group-161DFC9CA29B:LeaderElection86] INFO  server.RaftServerConfigKeys (ConfUtils.java:logGet(43)) - raft.server.watch.timeout.denomination = 1s (default)
2019-09-18 09:58:22,639 [grpc-default-executor-2] INFO  impl.RaftServerImpl (RaftServerImpl.java:setRole(174)) - 49f6b94c-0106-4685-b069-29ee7e29d9a9@group-D193050E8B58: changes role from  FOLLOWER to FOLLOWER at term 3 for recognizeCandidate:186a6e78-09e6-4574-b547-f353bdf9fe3d
2019-09-18 09:58:22,639 [59e26ea6-1ca6-4790-a671-9b2bff083d73@group-161DFC9CA29B:LeaderElection86] INFO  server.RaftServerConfigKeys (ConfUtils.java:logGet(43)) - raft.server.watch.element-limit = 65536 (default)
2019-09-18 09:58:22,639 [grpc-default-executor-0] INFO  impl.RaftServerImpl (RaftServerImpl.java:setRole(174)) - 0c2b2860-0b45-4f42-ad7c-2b288a3e9202@group-D193050E8B58: changes role from  FOLLOWER to FOLLOWER at term 3 for recognizeCandidate:186a6e78-09e6-4574-b547-f353bdf9fe3d
2019-09-18 09:58:22,639 [grpc-default-executor-2] INFO  impl.RoleInfo (RoleInfo.java:shutdownFollowerState(121)) - 49f6b94c-0106-4685-b069-29ee7e29d9a9: shutdown FollowerState
2019-09-18 09:58:22,639 [grpc-default-executor-0] INFO  impl.RoleInfo (RoleInfo.java:shutdownFollowerState(121)) - 0c2b2860-0b45-4f42-ad7c-2b288a3e9202: shutdown FollowerState
2019-09-18 09:58:22,640 [Thread-2007] INFO  impl.FollowerState (FollowerState.java:run(115)) - 49f6b94c-0106-4685-b069-29ee7e29d9a9: FollowerState was interrupted: java.lang.InterruptedException: sleep interrupted
2019-09-18 09:58:22,639 [grpc-default-executor-2] INFO  impl.RoleInfo (RoleInfo.java:updateAndGet(143)) - 49f6b94c-0106-4685-b069-29ee7e29d9a9: start FollowerState
2019-09-18 09:58:22,640 [Thread-2010] INFO  impl.FollowerState (FollowerState.java:run(115)) - 0c2b2860-0b45-4f42-ad7c-2b288a3e9202: FollowerState was interrupted: java.lang.InterruptedException: sleep interrupted
2019-09-18 09:58:22,640 [grpc-default-executor-0] INFO  impl.RoleInfo (RoleInfo.java:updateAndGet(143)) - 0c2b2860-0b45-4f42-ad7c-2b288a3e9202: start FollowerState
2019-09-18 09:58:22,642 [59e26ea6-1ca6-4790-a671-9b2bff083d73@group-161DFC9CA29B:LeaderElection86] INFO  server.RaftServerConfigKeys (ConfUtils.java:logGet(43)) - raft.server.log.appender.snapshot.chunk.size.max = 16MB (=16777216) (default)
2019-09-18 09:58:22,643 [59e26ea6-1ca6-4790-a671-9b2bff083d73@group-161DFC9CA29B:LeaderElection86] INFO  server.RaftServerConfigKeys (ConfUtils.java:logGet(43)) - raft.server.log.appender.buffer.byte-limit = 33554432 (custom)
2019-09-18 09:58:22,643 [59e26ea6-1ca6-4790-a671-9b2bff083d73@group-161DFC9CA29B:LeaderElection86] INFO  server.RaftServerConfigKeys (ConfUtils.java:logGet(43)) - raft.server.log.appender.buffer.element-limit = 1 (custom)
2019-09-18 09:58:22,643 [59e26ea6-1ca6-4790-a671-9b2bff083d73@group-161DFC9CA29B:LeaderElection86] INFO  grpc.GrpcConfigKeys$Server (ConfUtils.java:logGet(43)) - raft.grpc.server.leader.outstanding.appends.max = 128 (default)
2019-09-18 09:58:22,643 [59e26ea6-1ca6-4790-a671-9b2bff083d73@group-161DFC9CA29B:LeaderElection86] INFO  server.RaftServerConfigKeys (ConfUtils.java:logGet(43)) - raft.server.rpc.request.timeout = 3000ms (default)
2019-09-18 09:58:22,644 [59e26ea6-1ca6-4790-a671-9b2bff083d73@group-161DFC9CA29B:LeaderElection86] INFO  server.RaftServerConfigKeys (ConfUtils.java:logGet(43)) - raft.server.log.appender.install.snapshot.enabled = false (custom)
2019-09-18 09:58:22,644 [59e26ea6-1ca6-4790-a671-9b2bff083d73@group-161DFC9CA29B:LeaderElection86] INFO  server.RaftServerConfigKeys (ConfUtils.java:logGet(43)) - raft.server.log.appender.snapshot.chunk.size.max = 16MB (=16777216) (default)
2019-09-18 09:58:22,644 [59e26ea6-1ca6-4790-a671-9b2bff083d73@group-161DFC9CA29B:LeaderElection86] INFO  server.RaftServerConfigKeys (ConfUtils.java:logGet(43)) - raft.server.log.appender.buffer.byte-limit = 33554432 (custom)
2019-09-18 09:58:22,644 [59e26ea6-1ca6-4790-a671-9b2bff083d73@group-161DFC9CA29B:LeaderElection86] INFO  server.RaftServerConfigKeys (ConfUtils.java:logGet(43)) - raft.server.log.appender.buffer.element-limit = 1 (custom)
2019-09-18 09:58:22,644 [59e26ea6-1ca6-4790-a671-9b2bff083d73@group-161DFC9CA29B:LeaderElection86] INFO  grpc.GrpcConfigKeys$Server (ConfUtils.java:logGet(43)) - raft.grpc.server.leader.outstanding.appends.max = 128 (default)
2019-09-18 09:58:22,644 [59e26ea6-1ca6-4790-a671-9b2bff083d73@group-161DFC9CA29B:LeaderElection86] INFO  server.RaftServerConfigKeys (ConfUtils.java:logGet(43)) - raft.server.rpc.request.timeout = 3000ms (default)
2019-09-18 09:58:22,645 [59e26ea6-1ca6-4790-a671-9b2bff083d73@group-161DFC9CA29B:LeaderElection86] INFO  server.RaftServerConfigKeys (ConfUtils.java:logGet(43)) - raft.server.log.appender.install.snapshot.enabled = false (custom)
2019-09-18 09:58:22,645 [59e26ea6-1ca6-4790-a671-9b2bff083d73@group-161DFC9CA29B:LeaderElection86] INFO  impl.RoleInfo (RoleInfo.java:updateAndGet(143)) - 59e26ea6-1ca6-4790-a671-9b2bff083d73: start LeaderState
2019-09-18 09:58:22,645 [59e26ea6-1ca6-4790-a671-9b2bff083d73@group-161DFC9CA29B:LeaderElection86] INFO  segmented.SegmentedRaftLogWorker (SegmentedRaftLogWorker.java:startLogSegment(380)) - 59e26ea6-1ca6-4790-a671-9b2bff083d73@group-161DFC9CA29B-SegmentedRaftLogWorker: Starting segment from index:0
2019-09-18 09:58:22,646 [59e26ea6-1ca6-4790-a671-9b2bff083d73@group-161DFC9CA29B:LeaderElection86] INFO  impl.RaftServerImpl (ServerState.java:setRaftConf(354)) - 59e26ea6-1ca6-4790-a671-9b2bff083d73@group-161DFC9CA29B: set configuration 0: [25fcce2d-b211-4470-848f-cc203df7fa47:192.168.34.50:32826, 36ed70af-376b-40f3-9249-55a5a03d45d8:192.168.34.50:42078, 59e26ea6-1ca6-4790-a671-9b2bff083d73:192.168.34.50:43404], old=null at 0
2019-09-18 09:58:22,684 [186a6e78-09e6-4574-b547-f353bdf9fe3d@group-D193050E8B58:LeaderElection87] INFO  impl.LeaderElection (LeaderElection.java:logAndReturn(56)) - 186a6e78-09e6-4574-b547-f353bdf9fe3d@group-D193050E8B58:LeaderElection87: Election PASSED; received 1 response(s) [186a6e78-09e6-4574-b547-f353bdf9fe3d<-49f6b94c-0106-4685-b069-29ee7e29d9a9#0:OK-t3] and 0 exception(s); 186a6e78-09e6-4574-b547-f353bdf9fe3d@group-D193050E8B58:t3, leader=null, voted=186a6e78-09e6-4574-b547-f353bdf9fe3d, raftlog=186a6e78-09e6-4574-b547-f353bdf9fe3d@group-D193050E8B58-SegmentedRaftLog:OPENED:c-1,f-1,i0, conf=-1: [186a6e78-09e6-4574-b547-f353bdf9fe3d:192.168.34.50:44451, 49f6b94c-0106-4685-b069-29ee7e29d9a9:192.168.34.50:35449, 0c2b2860-0b45-4f42-ad7c-2b288a3e9202:192.168.34.50:44821], old=null
2019-09-18 09:58:22,684 [186a6e78-09e6-4574-b547-f353bdf9fe3d@group-D193050E8B58:LeaderElection87] INFO  impl.RoleInfo (RoleInfo.java:shutdownLeaderElection(134)) - 186a6e78-09e6-4574-b547-f353bdf9fe3d: shutdown LeaderElection
2019-09-18 09:58:22,684 [186a6e78-09e6-4574-b547-f353bdf9fe3d@group-D193050E8B58:LeaderElection87] INFO  impl.RaftServerImpl (RaftServerImpl.java:setRole(174)) - 186a6e78-09e6-4574-b547-f353bdf9fe3d@group-D193050E8B58: changes role from CANDIDATE to LEADER at term 3 for changeToLeader
2019-09-18 09:58:22,692 [186a6e78-09e6-4574-b547-f353bdf9fe3d@group-D193050E8B58:LeaderElection87] INFO  impl.RaftServerImpl (ServerState.java:setLeader(253)) - 186a6e78-09e6-4574-b547-f353bdf9fe3d@group-D193050E8B58: change Leader from null to 186a6e78-09e6-4574-b547-f353bdf9fe3d at term 3 for becomeLeader, leader elected after 19844ms
2019-09-18 09:58:22,692 [186a6e78-09e6-4574-b547-f353bdf9fe3d@group-D193050E8B58:LeaderElection87] INFO  server.RaftServerConfigKeys (ConfUtils.java:logGet(43)) - raft.server.staging.catchup.gap = 1000 (default)
2019-09-18 09:58:22,692 [grpc-default-executor-2] INFO  impl.RaftServerImpl (ServerState.java:setLeader(253)) - 36ed70af-376b-40f3-9249-55a5a03d45d8@group-161DFC9CA29B: change Leader from null to 59e26ea6-1ca6-4790-a671-9b2bff083d73 at term 3 for appendEntries, leader elected after 20119ms
2019-09-18 09:58:22,692 [186a6e78-09e6-4574-b547-f353bdf9fe3d@group-D193050E8B58:LeaderElection87] INFO  server.RaftServerConfigKeys (ConfUtils.java:logGet(43)) - raft.server.rpc.sleep.time = 25ms (default)
2019-09-18 09:58:22,692 [grpc-default-executor-0] INFO  impl.RaftServerImpl (ServerState.java:setLeader(253)) - 25fcce2d-b211-4470-848f-cc203df7fa47@group-161DFC9CA29B: change Leader from null to 59e26ea6-1ca6-4790-a671-9b2bff083d73 at term 3 for appendEntries, leader elected after 20119ms
2019-09-18 09:58:22,693 [186a6e78-09e6-4574-b547-f353bdf9fe3d@group-D193050E8B58:LeaderElection87] INFO  server.RaftServerConfigKeys (ConfUtils.java:logGet(43)) - raft.server.write.element-limit = 4096 (default)
2019-09-18 09:58:22,693 [186a6e78-09e6-4574-b547-f353bdf9fe3d@group-D193050E8B58:LeaderElection87] INFO  server.RaftServerConfigKeys (ConfUtils.java:logGet(43)) - raft.server.watch.timeout = 10s (default)
2019-09-18 09:58:22,693 [186a6e78-09e6-4574-b547-f353bdf9fe3d@group-D193050E8B58:LeaderElection87] INFO  server.RaftServerConfigKeys (ConfUtils.java:logGet(43)) - raft.server.watch.timeout.denomination = 1s (default)
2019-09-18 09:58:22,694 [186a6e78-09e6-4574-b547-f353bdf9fe3d@group-D193050E8B58:LeaderElection87] INFO  server.RaftServerConfigKeys (ConfUtils.java:logGet(43)) - raft.server.watch.element-limit = 65536 (default)
2019-09-18 09:58:22,696 [grpc-default-executor-0] INFO  impl.RaftServerImpl (ServerState.java:setRaftConf(354)) - 36ed70af-376b-40f3-9249-55a5a03d45d8@group-161DFC9CA29B: set configuration 0: [25fcce2d-b211-4470-848f-cc203df7fa47:192.168.34.50:32826, 36ed70af-376b-40f3-9249-55a5a03d45d8:192.168.34.50:42078, 59e26ea6-1ca6-4790-a671-9b2bff083d73:192.168.34.50:43404], old=null at 0
2019-09-18 09:58:22,697 [grpc-default-executor-0] INFO  segmented.SegmentedRaftLogWorker (SegmentedRaftLogWorker.java:startLogSegment(380)) - 36ed70af-376b-40f3-9249-55a5a03d45d8@group-161DFC9CA29B-SegmentedRaftLogWorker: Starting segment from index:0
2019-09-18 09:58:22,697 [grpc-default-executor-2] INFO  impl.RaftServerImpl (ServerState.java:setRaftConf(354)) - 25fcce2d-b211-4470-848f-cc203df7fa47@group-161DFC9CA29B: set configuration 0: [25fcce2d-b211-4470-848f-cc203df7fa47:192.168.34.50:32826, 36ed70af-376b-40f3-9249-55a5a03d45d8:192.168.34.50:42078, 59e26ea6-1ca6-4790-a671-9b2bff083d73:192.168.34.50:43404], old=null at 0
2019-09-18 09:58:22,697 [grpc-default-executor-2] INFO  segmented.SegmentedRaftLogWorker (SegmentedRaftLogWorker.java:startLogSegment(380)) - 25fcce2d-b211-4470-848f-cc203df7fa47@group-161DFC9CA29B-SegmentedRaftLogWorker: Starting segment from index:0
2019-09-18 09:58:22,697 [186a6e78-09e6-4574-b547-f353bdf9fe3d@group-D193050E8B58:LeaderElection87] INFO  server.RaftServerConfigKeys (ConfUtils.java:logGet(43)) - raft.server.log.appender.snapshot.chunk.size.max = 16MB (=16777216) (default)
2019-09-18 09:58:22,698 [186a6e78-09e6-4574-b547-f353bdf9fe3d@group-D193050E8B58:LeaderElection87] INFO  server.RaftServerConfigKeys (ConfUtils.java:logGet(43)) - raft.server.log.appender.buffer.byte-limit = 33554432 (custom)
2019-09-18 09:58:22,698 [186a6e78-09e6-4574-b547-f353bdf9fe3d@group-D193050E8B58:LeaderElection87] INFO  server.RaftServerConfigKeys (ConfUtils.java:logGet(43)) - raft.server.log.appender.buffer.element-limit = 1 (custom)
2019-09-18 09:58:22,698 [186a6e78-09e6-4574-b547-f353bdf9fe3d@group-D193050E8B58:LeaderElection87] INFO  grpc.GrpcConfigKeys$Server (ConfUtils.java:logGet(43)) - raft.grpc.server.leader.outstanding.appends.max = 128 (default)
2019-09-18 09:58:22,699 [186a6e78-09e6-4574-b547-f353bdf9fe3d@group-D193050E8B58:LeaderElection87] INFO  server.RaftServerConfigKeys (ConfUtils.java:logGet(43)) - raft.server.rpc.request.timeout = 3000ms (default)
2019-09-18 09:58:22,699 [186a6e78-09e6-4574-b547-f353bdf9fe3d@group-D193050E8B58:LeaderElection87] INFO  server.RaftServerConfigKeys (ConfUtils.java:logGet(43)) - raft.server.log.appender.install.snapshot.enabled = false (custom)
2019-09-18 09:58:22,699 [186a6e78-09e6-4574-b547-f353bdf9fe3d@group-D193050E8B58:LeaderElection87] INFO  server.RaftServerConfigKeys (ConfUtils.java:logGet(43)) - raft.server.log.appender.snapshot.chunk.size.max = 16MB (=16777216) (default)
2019-09-18 09:58:22,699 [186a6e78-09e6-4574-b547-f353bdf9fe3d@group-D193050E8B58:LeaderElection87] INFO  server.RaftServerConfigKeys (ConfUtils.java:logGet(43)) - raft.server.log.appender.buffer.byte-limit = 33554432 (custom)
2019-09-18 09:58:22,699 [186a6e78-09e6-4574-b547-f353bdf9fe3d@group-D193050E8B58:LeaderElection87] INFO  server.RaftServerConfigKeys (ConfUtils.java:logGet(43)) - raft.server.log.appender.buffer.element-limit = 1 (custom)
2019-09-18 09:58:22,700 [186a6e78-09e6-4574-b547-f353bdf9fe3d@group-D193050E8B58:LeaderElection87] INFO  grpc.GrpcConfigKeys$Server (ConfUtils.java:logGet(43)) - raft.grpc.server.leader.outstanding.appends.max = 128 (default)
2019-09-18 09:58:22,700 [186a6e78-09e6-4574-b547-f353bdf9fe3d@group-D193050E8B58:LeaderElection87] INFO  server.RaftServerConfigKeys (ConfUtils.java:logGet(43)) - raft.server.rpc.request.timeout = 3000ms (default)
2019-09-18 09:58:22,700 [186a6e78-09e6-4574-b547-f353bdf9fe3d@group-D193050E8B58:LeaderElection87] INFO  server.RaftServerConfigKeys (ConfUtils.java:logGet(43)) - raft.server.log.appender.install.snapshot.enabled = false (custom)
2019-09-18 09:58:22,701 [186a6e78-09e6-4574-b547-f353bdf9fe3d@group-D193050E8B58:LeaderElection87] INFO  impl.RoleInfo (RoleInfo.java:updateAndGet(143)) - 186a6e78-09e6-4574-b547-f353bdf9fe3d: start LeaderState
2019-09-18 09:58:22,701 [186a6e78-09e6-4574-b547-f353bdf9fe3d@group-D193050E8B58:LeaderElection87] INFO  segmented.SegmentedRaftLogWorker (SegmentedRaftLogWorker.java:startLogSegment(380)) - 186a6e78-09e6-4574-b547-f353bdf9fe3d@group-D193050E8B58-SegmentedRaftLogWorker: Starting segment from index:0
2019-09-18 09:58:22,702 [186a6e78-09e6-4574-b547-f353bdf9fe3d@group-D193050E8B58:LeaderElection87] INFO  impl.RaftServerImpl (ServerState.java:setRaftConf(354)) - 186a6e78-09e6-4574-b547-f353bdf9fe3d@group-D193050E8B58: set configuration 0: [186a6e78-09e6-4574-b547-f353bdf9fe3d:192.168.34.50:44451, 49f6b94c-0106-4685-b069-29ee7e29d9a9:192.168.34.50:35449, 0c2b2860-0b45-4f42-ad7c-2b288a3e9202:192.168.34.50:44821], old=null at 0
2019-09-18 09:58:22,704 [grpc-default-executor-2] INFO  impl.RaftServerImpl (ServerState.java:setLeader(253)) - 49f6b94c-0106-4685-b069-29ee7e29d9a9@group-D193050E8B58: change Leader from null to 186a6e78-09e6-4574-b547-f353bdf9fe3d at term 3 for appendEntries, leader elected after 19856ms
2019-09-18 09:58:22,704 [grpc-default-executor-2] INFO  impl.RaftServerImpl (ServerState.java:setLeader(253)) - 0c2b2860-0b45-4f42-ad7c-2b288a3e9202@group-D193050E8B58: change Leader from null to 186a6e78-09e6-4574-b547-f353bdf9fe3d at term 3 for appendEntries, leader elected after 19857ms
2019-09-18 09:58:22,705 [59e26ea6-1ca6-4790-a671-9b2bff083d73@group-161DFC9CA29B-SegmentedRaftLogWorker] INFO  segmented.SegmentedRaftLogWorker (SegmentedRaftLogWorker.java:execute(569)) - 59e26ea6-1ca6-4790-a671-9b2bff083d73@group-161DFC9CA29B-SegmentedRaftLogWorker: created new log segment /workdir/hadoop-ozone/integration-test/target/test-dir/MiniOzoneClusterImpl-29f84033-bd2d-4869-8500-f34df785535c/datanode-0/data/ratis/194ea532-837a-4930-a3f5-161dfc9ca29b/current/log_inprogress_0
2019-09-18 09:58:22,707 [grpc-default-executor-2] INFO  impl.RaftServerImpl (ServerState.java:setRaftConf(354)) - 49f6b94c-0106-4685-b069-29ee7e29d9a9@group-D193050E8B58: set configuration 0: [186a6e78-09e6-4574-b547-f353bdf9fe3d:192.168.34.50:44451, 49f6b94c-0106-4685-b069-29ee7e29d9a9:192.168.34.50:35449, 0c2b2860-0b45-4f42-ad7c-2b288a3e9202:192.168.34.50:44821], old=null at 0
2019-09-18 09:58:22,707 [grpc-default-executor-2] INFO  segmented.SegmentedRaftLogWorker (SegmentedRaftLogWorker.java:startLogSegment(380)) - 49f6b94c-0106-4685-b069-29ee7e29d9a9@group-D193050E8B58-SegmentedRaftLogWorker: Starting segment from index:0
2019-09-18 09:58:22,708 [grpc-default-executor-0] INFO  impl.RaftServerImpl (ServerState.java:setRaftConf(354)) - 0c2b2860-0b45-4f42-ad7c-2b288a3e9202@group-D193050E8B58: set configuration 0: [186a6e78-09e6-4574-b547-f353bdf9fe3d:192.168.34.50:44451, 49f6b94c-0106-4685-b069-29ee7e29d9a9:192.168.34.50:35449, 0c2b2860-0b45-4f42-ad7c-2b288a3e9202:192.168.34.50:44821], old=null at 0
2019-09-18 09:58:22,708 [grpc-default-executor-0] INFO  segmented.SegmentedRaftLogWorker (SegmentedRaftLogWorker.java:startLogSegment(380)) - 0c2b2860-0b45-4f42-ad7c-2b288a3e9202@group-D193050E8B58-SegmentedRaftLogWorker: Starting segment from index:0
2019-09-18 09:58:22,743 [25fcce2d-b211-4470-848f-cc203df7fa47@group-161DFC9CA29B-SegmentedRaftLogWorker] INFO  segmented.SegmentedRaftLogWorker (SegmentedRaftLogWorker.java:execute(569)) - 25fcce2d-b211-4470-848f-cc203df7fa47@group-161DFC9CA29B-SegmentedRaftLogWorker: created new log segment /workdir/hadoop-ozone/integration-test/target/test-dir/MiniOzoneClusterImpl-29f84033-bd2d-4869-8500-f34df785535c/datanode-2/data/ratis/194ea532-837a-4930-a3f5-161dfc9ca29b/current/log_inprogress_0
2019-09-18 09:58:22,743 [186a6e78-09e6-4574-b547-f353bdf9fe3d@group-D193050E8B58-SegmentedRaftLogWorker] INFO  segmented.SegmentedRaftLogWorker (SegmentedRaftLogWorker.java:execute(569)) - 186a6e78-09e6-4574-b547-f353bdf9fe3d@group-D193050E8B58-SegmentedRaftLogWorker: created new log segment /workdir/hadoop-ozone/integration-test/target/test-dir/MiniOzoneClusterImpl-29f84033-bd2d-4869-8500-f34df785535c/datanode-4/data/ratis/477b97f6-44f3-4c71-8301-d193050e8b58/current/log_inprogress_0
2019-09-18 09:58:22,743 [49f6b94c-0106-4685-b069-29ee7e29d9a9@group-D193050E8B58-SegmentedRaftLogWorker] INFO  segmented.SegmentedRaftLogWorker (SegmentedRaftLogWorker.java:execute(569)) - 49f6b94c-0106-4685-b069-29ee7e29d9a9@group-D193050E8B58-SegmentedRaftLogWorker: created new log segment /workdir/hadoop-ozone/integration-test/target/test-dir/MiniOzoneClusterImpl-29f84033-bd2d-4869-8500-f34df785535c/datanode-3/data/ratis/477b97f6-44f3-4c71-8301-d193050e8b58/current/log_inprogress_0
2019-09-18 09:58:22,743 [36ed70af-376b-40f3-9249-55a5a03d45d8@group-161DFC9CA29B-SegmentedRaftLogWorker] INFO  segmented.SegmentedRaftLogWorker (SegmentedRaftLogWorker.java:execute(569)) - 36ed70af-376b-40f3-9249-55a5a03d45d8@group-161DFC9CA29B-SegmentedRaftLogWorker: created new log segment /workdir/hadoop-ozone/integration-test/target/test-dir/MiniOzoneClusterImpl-29f84033-bd2d-4869-8500-f34df785535c/datanode-1/data/ratis/194ea532-837a-4930-a3f5-161dfc9ca29b/current/log_inprogress_0
2019-09-18 09:58:22,758 [0c2b2860-0b45-4f42-ad7c-2b288a3e9202@group-D193050E8B58-SegmentedRaftLogWorker] INFO  segmented.SegmentedRaftLogWorker (SegmentedRaftLogWorker.java:execute(569)) - 0c2b2860-0b45-4f42-ad7c-2b288a3e9202@group-D193050E8B58-SegmentedRaftLogWorker: created new log segment /workdir/hadoop-ozone/integration-test/target/test-dir/MiniOzoneClusterImpl-29f84033-bd2d-4869-8500-f34df785535c/datanode-5/data/ratis/477b97f6-44f3-4c71-8301-d193050e8b58/current/log_inprogress_0
2019-09-18 09:58:23,262 [grpc-default-executor-0] INFO  client.GrpcClientProtocolClient (GrpcClientProtocolClient.java:onNext(264)) - client-726A961C7BE0->25fcce2d-b211-4470-848f-cc203df7fa47: receive RaftClientReply:client-726A961C7BE0->25fcce2d-b211-4470-848f-cc203df7fa47@group-161DFC9CA29B, cid=81, FAILED org.apache.ratis.protocol.NotLeaderException: Server 25fcce2d-b211-4470-848f-cc203df7fa47@group-161DFC9CA29B is not the leader 59e26ea6-1ca6-4790-a671-9b2bff083d73:192.168.34.50:43404, logIndex=0, commits[25fcce2d-b211-4470-848f-cc203df7fa47:c-1, 36ed70af-376b-40f3-9249-55a5a03d45d8:c-1, 59e26ea6-1ca6-4790-a671-9b2bff083d73:c-1]
]]></system-out>
  </testcase>
  <testcase name="test2WayCommitForTimeoutException" classname="org.apache.hadoop.ozone.client.rpc.TestWatchForCommit" time="46.071">
    <error message="org.apache.ratis.protocol.RaftRetryFailureException: Failed RaftClientRequest:client-479A69DB9DBD-&gt;005abd97-d8f5-4c59-a49a-947228164777@group-B205252F0856, cid=96, seq=2*, RW, org.apache.hadoop.hdds.scm.XceiverClientRatis$$Lambda$411/2051889196@5421b86d for 20 attempts with RetryLimited(maxAttempts=20, sleepTime=1000ms)" type="java.util.concurrent.ExecutionException">java.util.concurrent.ExecutionException: org.apache.ratis.protocol.RaftRetryFailureException: Failed RaftClientRequest:client-479A69DB9DBD->005abd97-d8f5-4c59-a49a-947228164777@group-B205252F0856, cid=96, seq=2*, RW, org.apache.hadoop.hdds.scm.XceiverClientRatis$$Lambda$411/2051889196@5421b86d for 20 attempts with RetryLimited(maxAttempts=20, sleepTime=1000ms)
	at java.util.concurrent.CompletableFuture.reportGet(CompletableFuture.java:357)
	at java.util.concurrent.CompletableFuture.get(CompletableFuture.java:1895)
	at org.apache.hadoop.ozone.client.rpc.TestWatchForCommit.test2WayCommitForTimeoutException(TestWatchForCommit.java:390)
	at sun.reflect.NativeMethodAccessorImpl.invoke0(Native Method)
	at sun.reflect.NativeMethodAccessorImpl.invoke(NativeMethodAccessorImpl.java:62)
	at sun.reflect.DelegatingMethodAccessorImpl.invoke(DelegatingMethodAccessorImpl.java:43)
	at java.lang.reflect.Method.invoke(Method.java:498)
	at org.junit.runners.model.FrameworkMethod$1.runReflectiveCall(FrameworkMethod.java:47)
	at org.junit.internal.runners.model.ReflectiveCallable.run(ReflectiveCallable.java:12)
	at org.junit.runners.model.FrameworkMethod.invokeExplosively(FrameworkMethod.java:44)
	at org.junit.internal.runners.statements.InvokeMethod.evaluate(InvokeMethod.java:17)
	at org.junit.runners.ParentRunner.runLeaf(ParentRunner.java:271)
	at org.junit.runners.BlockJUnit4ClassRunner.runChild(BlockJUnit4ClassRunner.java:70)
	at org.junit.runners.BlockJUnit4ClassRunner.runChild(BlockJUnit4ClassRunner.java:50)
	at org.junit.runners.ParentRunner$3.run(ParentRunner.java:238)
	at org.junit.runners.ParentRunner$1.schedule(ParentRunner.java:63)
	at org.junit.runners.ParentRunner.runChildren(ParentRunner.java:236)
	at org.junit.runners.ParentRunner.access$000(ParentRunner.java:53)
	at org.junit.runners.ParentRunner$2.evaluate(ParentRunner.java:229)
	at org.junit.runners.ParentRunner.run(ParentRunner.java:309)
	at org.apache.maven.surefire.junit4.JUnit4Provider.execute(JUnit4Provider.java:365)
	at org.apache.maven.surefire.junit4.JUnit4Provider.executeWithRerun(JUnit4Provider.java:273)
	at org.apache.maven.surefire.junit4.JUnit4Provider.executeTestSet(JUnit4Provider.java:238)
	at org.apache.maven.surefire.junit4.JUnit4Provider.invoke(JUnit4Provider.java:159)
	at org.apache.maven.surefire.booter.ForkedBooter.invokeProviderInSameClassLoader(ForkedBooter.java:384)
	at org.apache.maven.surefire.booter.ForkedBooter.runSuitesInProcess(ForkedBooter.java:345)
	at org.apache.maven.surefire.booter.ForkedBooter.execute(ForkedBooter.java:126)
	at org.apache.maven.surefire.booter.ForkedBooter.main(ForkedBooter.java:418)
Caused by: org.apache.ratis.protocol.RaftRetryFailureException: Failed RaftClientRequest:client-479A69DB9DBD->005abd97-d8f5-4c59-a49a-947228164777@group-B205252F0856, cid=96, seq=2*, RW, org.apache.hadoop.hdds.scm.XceiverClientRatis$$Lambda$411/2051889196@5421b86d for 20 attempts with RetryLimited(maxAttempts=20, sleepTime=1000ms)
	at org.apache.ratis.client.impl.RaftClientImpl.noMoreRetries(RaftClientImpl.java:271)
	at org.apache.ratis.client.impl.OrderedAsync.handleAsyncRetryFailure(OrderedAsync.java:138)
	at org.apache.ratis.client.impl.OrderedAsync.lambda$sendRequest$10(OrderedAsync.java:230)
	at java.util.concurrent.CompletableFuture.uniExceptionally(CompletableFuture.java:870)
	at java.util.concurrent.CompletableFuture$UniExceptionally.tryFire(CompletableFuture.java:852)
	at java.util.concurrent.CompletableFuture.postComplete(CompletableFuture.java:474)
	at java.util.concurrent.CompletableFuture.completeExceptionally(CompletableFuture.java:1977)
	at org.apache.ratis.grpc.client.GrpcClientProtocolClient$AsyncStreamObservers.completeReplyExceptionally(GrpcClientProtocolClient.java:339)
	at org.apache.ratis.grpc.client.GrpcClientProtocolClient$AsyncStreamObservers.access$000(GrpcClientProtocolClient.java:255)
	at org.apache.ratis.grpc.client.GrpcClientProtocolClient$AsyncStreamObservers$1.onNext(GrpcClientProtocolClient.java:267)
	at org.apache.ratis.grpc.client.GrpcClientProtocolClient$AsyncStreamObservers$1.onNext(GrpcClientProtocolClient.java:258)
	at org.apache.ratis.thirdparty.io.grpc.stub.ClientCalls$StreamObserverToCallListenerAdapter.onMessage(ClientCalls.java:421)
	at org.apache.ratis.thirdparty.io.grpc.ForwardingClientCallListener.onMessage(ForwardingClientCallListener.java:33)
	at org.apache.ratis.thirdparty.io.grpc.ForwardingClientCallListener.onMessage(ForwardingClientCallListener.java:33)
	at org.apache.ratis.thirdparty.io.grpc.internal.ClientCallImpl$ClientStreamListenerImpl$1MessagesAvailable.runInContext(ClientCallImpl.java:519)
	at org.apache.ratis.thirdparty.io.grpc.internal.ContextRunnable.run(ContextRunnable.java:37)
	at org.apache.ratis.thirdparty.io.grpc.internal.SerializingExecutor.run(SerializingExecutor.java:123)
	at java.util.concurrent.ThreadPoolExecutor.runWorker(ThreadPoolExecutor.java:1149)
	at java.util.concurrent.ThreadPoolExecutor$Worker.run(ThreadPoolExecutor.java:624)
	at java.lang.Thread.run(Thread.java:748)
Caused by: org.apache.ratis.protocol.NotLeaderException: Server 005abd97-d8f5-4c59-a49a-947228164777@group-B205252F0856 is not the leader
	at org.apache.ratis.client.impl.ClientProtoUtils.toRaftClientReply(ClientProtoUtils.java:243)
	at org.apache.ratis.grpc.client.GrpcClientProtocolClient$AsyncStreamObservers$1.onNext(GrpcClientProtocolClient.java:263)
	... 10 more
</error>
    <system-out><![CDATA[2019-09-18 09:58:23,297 [main] WARN  server.ServerUtils (ServerUtils.java:getScmDbDir(145)) - ozone.scm.db.dirs is not configured. We recommend adding this setting. Falling back to ozone.metadata.dirs instead.
2019-09-18 09:58:23,304 [main] WARN  server.ServerUtils (ServerUtils.java:getScmDbDir(145)) - ozone.scm.db.dirs is not configured. We recommend adding this setting. Falling back to ozone.metadata.dirs instead.
2019-09-18 09:58:23,305 [main] WARN  server.ServerUtils (ServerUtils.java:getScmDbDir(145)) - ozone.scm.db.dirs is not configured. We recommend adding this setting. Falling back to ozone.metadata.dirs instead.
2019-09-18 09:58:23,305 [main] INFO  db.DBStoreBuilder (DBStoreBuilder.java:addTable(110)) - using custom profile for table: deletedBlocks
2019-09-18 09:58:23,305 [main] INFO  db.DBStoreBuilder (DBStoreBuilder.java:processTables(161)) - Using default column profile:DBProfile.DISK for Table:deletedBlocks
2019-09-18 09:58:23,306 [main] INFO  db.DBStoreBuilder (DBStoreBuilder.java:addTable(110)) - using custom profile for table: validCerts
2019-09-18 09:58:23,306 [main] INFO  db.DBStoreBuilder (DBStoreBuilder.java:processTables(161)) - Using default column profile:DBProfile.DISK for Table:validCerts
2019-09-18 09:58:23,306 [main] INFO  db.DBStoreBuilder (DBStoreBuilder.java:addTable(110)) - using custom profile for table: revokedCerts
2019-09-18 09:58:23,306 [main] INFO  db.DBStoreBuilder (DBStoreBuilder.java:processTables(161)) - Using default column profile:DBProfile.DISK for Table:revokedCerts
2019-09-18 09:58:23,306 [main] INFO  db.DBStoreBuilder (DBStoreBuilder.java:addTable(110)) - using custom profile for table: default
2019-09-18 09:58:23,306 [main] INFO  db.DBStoreBuilder (DBStoreBuilder.java:processTables(167)) - Using default column profile:DBProfile.DISK for Table:default
2019-09-18 09:58:23,306 [main] INFO  db.DBStoreBuilder (DBStoreBuilder.java:getDbProfile(198)) - Using default options. DBProfile.DISK
2019-09-18 09:58:23,415 [main] INFO  net.NodeSchemaLoader (NodeSchemaLoader.java:loadSchemaFromFile(125)) - Loading file from sun.misc.CompoundEnumeration@6a98f353
2019-09-18 09:58:23,415 [main] INFO  net.NodeSchemaLoader (NodeSchemaLoader.java:loadSchema(171)) - Loading network topology layer schema file
2019-09-18 09:58:23,419 [main] WARN  server.ServerUtils (ServerUtils.java:sanitizeUserArgs(70)) - ozone.scm.stale.node.interval value = 300000 is larger than max = 100000 based on the key value of ozone.scm.heartbeat.thread.interval, reset to the max value 100000.
2019-09-18 09:58:23,419 [main] WARN  server.ServerUtils (ServerUtils.java:sanitizeUserArgs(70)) - ozone.scm.stale.node.interval value = 300000 is larger than max = 100000 based on the key value of ozone.scm.heartbeat.thread.interval, reset to the max value 100000.
2019-09-18 09:58:23,419 [main] INFO  node.SCMNodeManager (SCMNodeManager.java:<init>(114)) - Entering startup safe mode.
2019-09-18 09:58:23,420 [main] INFO  algorithms.ContainerPlacementPolicyFactory (ContainerPlacementPolicyFactory.java:getPolicy(57)) - Create container placement policy of type org.apache.hadoop.hdds.scm.container.placement.algorithms.SCMContainerPlacementRandom
2019-09-18 09:58:23,420 [main] WARN  server.ServerUtils (ServerUtils.java:getScmDbDir(145)) - ozone.scm.db.dirs is not configured. We recommend adding this setting. Falling back to ozone.metadata.dirs instead.
2019-09-18 09:58:23,455 [main] INFO  pipeline.SCMPipelineManager (SCMPipelineManager.java:initializePipelineState(128)) - No pipeline exists in current db
2019-09-18 09:58:23,455 [main] WARN  server.ServerUtils (ServerUtils.java:getScmDbDir(145)) - ozone.scm.db.dirs is not configured. We recommend adding this setting. Falling back to ozone.metadata.dirs instead.
2019-09-18 09:58:23,490 [main] WARN  events.EventQueue (EventQueue.java:fireEvent(183)) - No event handler registered for event TypedEvent{payloadType=SafeModeStatus, name='SafeModeStatus'}
2019-09-18 09:58:23,491 [main] INFO  ipc.CallQueueManager (CallQueueManager.java:<init>(84)) - Using callQueue: class java.util.concurrent.LinkedBlockingQueue, queueCapacity: 2000, scheduler: class org.apache.hadoop.ipc.DefaultRpcScheduler, ipcBackoff: false.
2019-09-18 09:58:23,492 [Socket Reader #1 for port 44192] INFO  ipc.Server (Server.java:run(1074)) - Starting Socket Reader #1 for port 44192
2019-09-18 09:58:23,497 [main] INFO  ipc.CallQueueManager (CallQueueManager.java:<init>(84)) - Using callQueue: class java.util.concurrent.LinkedBlockingQueue, queueCapacity: 2000, scheduler: class org.apache.hadoop.ipc.DefaultRpcScheduler, ipcBackoff: false.
2019-09-18 09:58:23,498 [Socket Reader #1 for port 39279] INFO  ipc.Server (Server.java:run(1074)) - Starting Socket Reader #1 for port 39279
2019-09-18 09:58:23,500 [main] INFO  ipc.CallQueueManager (CallQueueManager.java:<init>(84)) - Using callQueue: class java.util.concurrent.LinkedBlockingQueue, queueCapacity: 2000, scheduler: class org.apache.hadoop.ipc.DefaultRpcScheduler, ipcBackoff: false.
2019-09-18 09:58:23,501 [Socket Reader #1 for port 36177] INFO  ipc.Server (Server.java:run(1074)) - Starting Socket Reader #1 for port 36177
2019-09-18 09:58:23,525 [main] INFO  hdfs.DFSUtil (DFSUtil.java:httpServerTemplateForNNAndJN(1641)) - Starting Web-server for scm at: http://0.0.0.0:0
2019-09-18 09:58:23,526 [main] INFO  server.AuthenticationFilter (AuthenticationFilter.java:constructSecretProvider(240)) - Unable to initialize FileSignerSecretProvider, falling back to use random secrets.
2019-09-18 09:58:23,527 [main] WARN  http.HttpRequestLog (HttpRequestLog.java:getRequestLog(97)) - Jetty request log can only be enabled using Log4j
2019-09-18 09:58:23,528 [main] INFO  http.HttpServer2 (HttpServer2.java:addGlobalFilter(975)) - Added global filter 'safety' (class=org.apache.hadoop.http.HttpServer2$QuotingInputFilter)
2019-09-18 09:58:23,528 [main] INFO  http.HttpServer2 (HttpServer2.java:addFilter(948)) - Added filter static_user_filter (class=org.apache.hadoop.http.lib.StaticUserWebFilter$StaticUserFilter) to context scm
2019-09-18 09:58:23,529 [main] INFO  http.HttpServer2 (HttpServer2.java:addFilter(958)) - Added filter static_user_filter (class=org.apache.hadoop.http.lib.StaticUserWebFilter$StaticUserFilter) to context logs
2019-09-18 09:58:23,529 [main] INFO  http.HttpServer2 (HttpServer2.java:addFilter(958)) - Added filter static_user_filter (class=org.apache.hadoop.http.lib.StaticUserWebFilter$StaticUserFilter) to context static
2019-09-18 09:58:23,532 [main] INFO  server.StorageContainerManager (StorageContainerManager.java:start(763)) - StorageContainerLocationProtocol RPC server is listening at /0.0.0.0:36177
2019-09-18 09:58:23,532 [main] INFO  impl.MetricsSystemImpl (MetricsSystemImpl.java:init(158)) - StorageContainerManager metrics system started (again)
2019-09-18 09:58:23,549 [main] INFO  server.SCMClientProtocolServer (SCMClientProtocolServer.java:start(151)) - RPC server for Client  is listening at /0.0.0.0:36177
2019-09-18 09:58:23,549 [IPC Server Responder] INFO  ipc.Server (Server.java:run(1314)) - IPC Server Responder: starting
2019-09-18 09:58:23,549 [IPC Server listener on 36177] INFO  ipc.Server (Server.java:run(1153)) - IPC Server listener on 36177: starting
2019-09-18 09:58:23,564 [main] INFO  server.StorageContainerManager (StorageContainerManager.java:start(773)) - ScmBlockLocationProtocol RPC server is listening at /0.0.0.0:39279
2019-09-18 09:58:23,565 [main] INFO  server.SCMBlockProtocolServer (SCMBlockProtocolServer.java:start(146)) - RPC server for Block Protocol is listening at /0.0.0.0:39279
2019-09-18 09:58:23,565 [IPC Server Responder] INFO  ipc.Server (Server.java:run(1314)) - IPC Server Responder: starting
2019-09-18 09:58:23,565 [IPC Server listener on 39279] INFO  ipc.Server (Server.java:run(1153)) - IPC Server listener on 39279: starting
2019-09-18 09:58:23,570 [main] INFO  server.StorageContainerManager (StorageContainerManager.java:start(777)) - ScmDatanodeProtocl RPC server is listening at /0.0.0.0:44192
2019-09-18 09:58:23,570 [main] INFO  server.SCMDatanodeProtocolServer (SCMDatanodeProtocolServer.java:start(191)) - RPC server for DataNodes is listening at /0.0.0.0:44192
2019-09-18 09:58:23,571 [IPC Server Responder] INFO  ipc.Server (Server.java:run(1314)) - IPC Server Responder: starting
2019-09-18 09:58:23,571 [IPC Server listener on 44192] INFO  ipc.Server (Server.java:run(1153)) - IPC Server listener on 44192: starting
2019-09-18 09:58:23,576 [main] INFO  http.HttpServer2 (HttpServer2.java:bindListener(1191)) - Jetty bound to port 44629
2019-09-18 09:58:23,576 [main] INFO  server.Server (Server.java:doStart(351)) - jetty-9.3.24.v20180605, build timestamp: 2018-06-05T17:11:56Z, git hash: 84205aa28f11a4f31f2a3b86d1bba2cc8ab69827
2019-09-18 09:58:23,578 [main] INFO  handler.ContextHandler (ContextHandler.java:doStart(781)) - Started o.e.j.s.ServletContextHandler@525647f3{/logs,file:///workdir/hadoop-ozone/integration-test/target/log,AVAILABLE}
2019-09-18 09:58:23,578 [main] INFO  handler.ContextHandler (ContextHandler.java:doStart(781)) - Started o.e.j.s.ServletContextHandler@20a24edf{/static,file:///workdir/hadoop-ozone/integration-test/target/test-classes/webapps/static,AVAILABLE}
2019-09-18 09:58:23,583 [main] INFO  handler.ContextHandler (ContextHandler.java:doStart(781)) - Started o.e.j.w.WebAppContext@78e68401{/,file:///workdir/hadoop-ozone/integration-test/target/test-classes/webapps/scm/,AVAILABLE}{/scm}
2019-09-18 09:58:23,584 [main] INFO  server.AbstractConnector (AbstractConnector.java:doStart(278)) - Started ServerConnector@391515c7{HTTP/1.1,[http/1.1]}{0.0.0.0:44629}
2019-09-18 09:58:23,587 [main] INFO  server.Server (Server.java:doStart(419)) - Started @227130ms
2019-09-18 09:58:23,587 [main] WARN  impl.MetricsSystemImpl (MetricsSystemImpl.java:register(276)) - Sink prometheus already exists!
2019-09-18 09:58:23,588 [main] INFO  server.BaseHttpServer (BaseHttpServer.java:updateConnectorAddress(215)) - HTTP server of SCM is listening at http://0.0.0.0:44629
2019-09-18 09:58:23,591 [org.apache.hadoop.util.JvmPauseMonitor$Monitor@4b9dbf07] INFO  util.JvmPauseMonitor (JvmPauseMonitor.java:run(188)) - Starting JVM pause monitor
2019-09-18 09:58:23,591 [main] WARN  server.ServerUtils (ServerUtils.java:getDBPath(222)) - ozone.om.db.dirs is not configured. We recommend adding this setting. Falling back to ozone.metadata.dirs instead.
2019-09-18 09:58:23,597 [main] WARN  server.ServerUtils (ServerUtils.java:getDBPath(222)) - ozone.om.db.dirs is not configured. We recommend adding this setting. Falling back to ozone.metadata.dirs instead.
2019-09-18 09:58:23,597 [main] WARN  server.ServerUtils (ServerUtils.java:getDBPath(222)) - ozone.om.db.dirs is not configured. We recommend adding this setting. Falling back to ozone.metadata.dirs instead.
2019-09-18 09:58:23,598 [main] INFO  om.OzoneManager (OzoneManager.java:setOMNodeDetails(649)) - OM Service ID is not set. Setting it to the default ID: omServiceIdDefault
2019-09-18 09:58:23,598 [main] INFO  om.OzoneManager (OzoneManager.java:setOMNodeDetails(655)) - OM Node ID is not set. Setting it to the OmStorage's OmID: c079291e-be0c-4b63-96e0-a3cb44ad3dc9
2019-09-18 09:58:23,598 [main] INFO  om.OzoneManager (OzoneManager.java:loadOMHAConfigs(606)) - Found matching OM address with OMServiceId: null, OMNodeId: null, RPC Address: localhost:0 and Ratis port: 9872
2019-09-18 09:58:23,612 [main] WARN  server.ServerUtils (ServerUtils.java:getDBPath(222)) - ozone.om.db.dirs is not configured. We recommend adding this setting. Falling back to ozone.metadata.dirs instead.
2019-09-18 09:58:23,613 [main] INFO  db.DBStoreBuilder (DBStoreBuilder.java:addTable(110)) - using custom profile for table: userTable
2019-09-18 09:58:23,613 [main] INFO  db.DBStoreBuilder (DBStoreBuilder.java:processTables(161)) - Using default column profile:DBProfile.DISK for Table:userTable
2019-09-18 09:58:23,613 [main] INFO  db.DBStoreBuilder (DBStoreBuilder.java:addTable(110)) - using custom profile for table: volumeTable
2019-09-18 09:58:23,613 [main] INFO  db.DBStoreBuilder (DBStoreBuilder.java:processTables(161)) - Using default column profile:DBProfile.DISK for Table:volumeTable
2019-09-18 09:58:23,614 [main] INFO  db.DBStoreBuilder (DBStoreBuilder.java:addTable(110)) - using custom profile for table: bucketTable
2019-09-18 09:58:23,614 [main] INFO  db.DBStoreBuilder (DBStoreBuilder.java:processTables(161)) - Using default column profile:DBProfile.DISK for Table:bucketTable
2019-09-18 09:58:23,614 [main] INFO  db.DBStoreBuilder (DBStoreBuilder.java:addTable(110)) - using custom profile for table: keyTable
2019-09-18 09:58:23,614 [main] INFO  db.DBStoreBuilder (DBStoreBuilder.java:processTables(161)) - Using default column profile:DBProfile.DISK for Table:keyTable
2019-09-18 09:58:23,614 [main] INFO  db.DBStoreBuilder (DBStoreBuilder.java:addTable(110)) - using custom profile for table: deletedTable
2019-09-18 09:58:23,615 [main] INFO  db.DBStoreBuilder (DBStoreBuilder.java:processTables(161)) - Using default column profile:DBProfile.DISK for Table:deletedTable
2019-09-18 09:58:23,615 [main] INFO  db.DBStoreBuilder (DBStoreBuilder.java:addTable(110)) - using custom profile for table: openKeyTable
2019-09-18 09:58:23,615 [main] INFO  db.DBStoreBuilder (DBStoreBuilder.java:processTables(161)) - Using default column profile:DBProfile.DISK for Table:openKeyTable
2019-09-18 09:58:23,615 [main] INFO  db.DBStoreBuilder (DBStoreBuilder.java:addTable(110)) - using custom profile for table: s3Table
2019-09-18 09:58:23,615 [main] INFO  db.DBStoreBuilder (DBStoreBuilder.java:processTables(161)) - Using default column profile:DBProfile.DISK for Table:s3Table
2019-09-18 09:58:23,616 [main] INFO  db.DBStoreBuilder (DBStoreBuilder.java:addTable(110)) - using custom profile for table: multipartInfoTable
2019-09-18 09:58:23,616 [main] INFO  db.DBStoreBuilder (DBStoreBuilder.java:processTables(161)) - Using default column profile:DBProfile.DISK for Table:multipartInfoTable
2019-09-18 09:58:23,616 [main] INFO  db.DBStoreBuilder (DBStoreBuilder.java:addTable(110)) - using custom profile for table: dTokenTable
2019-09-18 09:58:23,616 [main] INFO  db.DBStoreBuilder (DBStoreBuilder.java:processTables(161)) - Using default column profile:DBProfile.DISK for Table:dTokenTable
2019-09-18 09:58:23,617 [main] INFO  db.DBStoreBuilder (DBStoreBuilder.java:addTable(110)) - using custom profile for table: s3SecretTable
2019-09-18 09:58:23,617 [main] INFO  db.DBStoreBuilder (DBStoreBuilder.java:processTables(161)) - Using default column profile:DBProfile.DISK for Table:s3SecretTable
2019-09-18 09:58:23,617 [main] INFO  db.DBStoreBuilder (DBStoreBuilder.java:addTable(110)) - using custom profile for table: prefixTable
2019-09-18 09:58:23,617 [main] INFO  db.DBStoreBuilder (DBStoreBuilder.java:processTables(161)) - Using default column profile:DBProfile.DISK for Table:prefixTable
2019-09-18 09:58:23,617 [main] INFO  db.DBStoreBuilder (DBStoreBuilder.java:addTable(110)) - using custom profile for table: default
2019-09-18 09:58:23,618 [main] INFO  db.DBStoreBuilder (DBStoreBuilder.java:processTables(167)) - Using default column profile:DBProfile.DISK for Table:default
2019-09-18 09:58:23,618 [main] INFO  db.DBStoreBuilder (DBStoreBuilder.java:getDbProfile(198)) - Using default options. DBProfile.DISK
2019-09-18 09:58:24,095 [main] INFO  ipc.CallQueueManager (CallQueueManager.java:<init>(84)) - Using callQueue: class java.util.concurrent.LinkedBlockingQueue, queueCapacity: 2000, scheduler: class org.apache.hadoop.ipc.DefaultRpcScheduler, ipcBackoff: false.
2019-09-18 09:58:24,096 [Socket Reader #1 for port 44486] INFO  ipc.Server (Server.java:run(1074)) - Starting Socket Reader #1 for port 44486
2019-09-18 09:58:24,115 [main] INFO  om.OzoneManager (OzoneManager.java:start(1240)) - OzoneManager RPC server is listening at localhost/127.0.0.1:44486
2019-09-18 09:58:24,115 [main] INFO  impl.MetricsSystemImpl (MetricsSystemImpl.java:init(158)) - OzoneManager metrics system started (again)
2019-09-18 09:58:24,116 [IPC Server Responder] INFO  ipc.Server (Server.java:run(1314)) - IPC Server Responder: starting
2019-09-18 09:58:24,118 [IPC Server listener on 44486] INFO  ipc.Server (Server.java:run(1153)) - IPC Server listener on 44486: starting
2019-09-18 09:58:24,127 [main] INFO  hdfs.DFSUtil (DFSUtil.java:httpServerTemplateForNNAndJN(1641)) - Starting Web-server for ozoneManager at: http://0.0.0.0:0
2019-09-18 09:58:24,128 [main] INFO  server.AuthenticationFilter (AuthenticationFilter.java:constructSecretProvider(240)) - Unable to initialize FileSignerSecretProvider, falling back to use random secrets.
2019-09-18 09:58:24,129 [main] WARN  http.HttpRequestLog (HttpRequestLog.java:getRequestLog(97)) - Jetty request log can only be enabled using Log4j
2019-09-18 09:58:24,131 [main] INFO  http.HttpServer2 (HttpServer2.java:addGlobalFilter(975)) - Added global filter 'safety' (class=org.apache.hadoop.http.HttpServer2$QuotingInputFilter)
2019-09-18 09:58:24,132 [main] INFO  http.HttpServer2 (HttpServer2.java:addFilter(948)) - Added filter static_user_filter (class=org.apache.hadoop.http.lib.StaticUserWebFilter$StaticUserFilter) to context ozoneManager
2019-09-18 09:58:24,132 [main] INFO  http.HttpServer2 (HttpServer2.java:addFilter(958)) - Added filter static_user_filter (class=org.apache.hadoop.http.lib.StaticUserWebFilter$StaticUserFilter) to context static
2019-09-18 09:58:24,133 [main] INFO  http.HttpServer2 (HttpServer2.java:addFilter(958)) - Added filter static_user_filter (class=org.apache.hadoop.http.lib.StaticUserWebFilter$StaticUserFilter) to context logs
2019-09-18 09:58:24,133 [main] INFO  http.HttpServer2 (HttpServer2.java:bindListener(1191)) - Jetty bound to port 46219
2019-09-18 09:58:24,134 [main] INFO  server.Server (Server.java:doStart(351)) - jetty-9.3.24.v20180605, build timestamp: 2018-06-05T17:11:56Z, git hash: 84205aa28f11a4f31f2a3b86d1bba2cc8ab69827
2019-09-18 09:58:24,136 [main] INFO  handler.ContextHandler (ContextHandler.java:doStart(781)) - Started o.e.j.s.ServletContextHandler@7c950b3b{/logs,file:///workdir/hadoop-ozone/integration-test/target/log,AVAILABLE}
2019-09-18 09:58:24,136 [main] INFO  handler.ContextHandler (ContextHandler.java:doStart(781)) - Started o.e.j.s.ServletContextHandler@6806468e{/static,file:///workdir/hadoop-ozone/integration-test/target/test-classes/webapps/static,AVAILABLE}
2019-09-18 09:58:32,056 [main] INFO  handler.ContextHandler (ContextHandler.java:doStart(781)) - Started o.e.j.w.WebAppContext@48bc2fce{/,file:///workdir/hadoop-ozone/integration-test/target/test-classes/webapps/ozoneManager/,AVAILABLE}{/ozoneManager}
2019-09-18 09:58:32,057 [main] INFO  server.AbstractConnector (AbstractConnector.java:doStart(278)) - Started ServerConnector@1eca3ea7{HTTP/1.1,[http/1.1]}{0.0.0.0:46219}
2019-09-18 09:58:32,061 [main] INFO  server.Server (Server.java:doStart(419)) - Started @235604ms
2019-09-18 09:58:32,061 [main] WARN  impl.MetricsSystemImpl (MetricsSystemImpl.java:register(276)) - Sink prometheus already exists!
2019-09-18 09:58:32,063 [main] INFO  server.BaseHttpServer (BaseHttpServer.java:updateConnectorAddress(215)) - HTTP server of OZONEMANAGER is listening at http://0.0.0.0:46219
2019-09-18 09:58:32,090 [main] INFO  impl.MetricsSystemImpl (MetricsSystemImpl.java:init(158)) - HddsDatanode metrics system started (again)
2019-09-18 09:58:32,116 [main] INFO  ozone.HddsDatanodeService (HddsDatanodeService.java:start(184)) - HddsDatanodeService host:pr-hdds-2141-pjvt9-4098185234 ip:192.168.34.50
2019-09-18 09:58:32,125 [main] INFO  volume.HddsVolume (HddsVolume.java:<init>(176)) - Creating Volume: /workdir/hadoop-ozone/integration-test/target/test-dir/MiniOzoneClusterImpl-5f4d0526-9e7c-4c5b-a88f-fb02f19e7f1d/datanode-0/data/containers/hdds of  storage type : DISK and capacity : 1482555576320
2019-09-18 09:58:32,125 [main] INFO  volume.VolumeSet (VolumeSet.java:initializeVolumeSet(170)) - Added Volume : /workdir/hadoop-ozone/integration-test/target/test-dir/MiniOzoneClusterImpl-5f4d0526-9e7c-4c5b-a88f-fb02f19e7f1d/datanode-0/data/containers/hdds to VolumeSet
2019-09-18 09:58:32,126 [main] INFO  volume.ThrottledAsyncChecker (ThrottledAsyncChecker.java:schedule(139)) - Scheduling a check for org.apache.hadoop.ozone.container.common.volume.HddsVolume@7b18658a
2019-09-18 09:58:32,126 [main] INFO  volume.HddsVolumeChecker (HddsVolumeChecker.java:checkAllVolumes(202)) - Scheduled health check for volume org.apache.hadoop.ozone.container.common.volume.HddsVolume@7b18658a
2019-09-18 09:58:32,144 [main] INFO  impl.RaftServerProxy (ConfUtils.java:logGet(43)) - raft.rpc.type = GRPC (default)
2019-09-18 09:58:32,145 [main] INFO  grpc.GrpcFactory (GrpcFactory.java:checkPooledByteBufAllocatorUseCacheForAllThreads(45)) - PERFORMANCE WARNING: useCacheForAllThreads is true that may cause Netty to create a lot garbage objects and, as a result, trigger GC.
	It is recommended to disable useCacheForAllThreads by setting -Dorg.apache.ratis.thirdparty.io.netty.allocator.useCacheForAllThreads=false in command line.
2019-09-18 09:58:32,145 [main] INFO  grpc.GrpcConfigKeys$Server (ConfUtils.java:logGet(43)) - raft.grpc.server.port = 0 (default)
2019-09-18 09:58:32,145 [main] INFO  server.GrpcService (ConfUtils.java:logGet(43)) - raft.grpc.message.size.max = 33570816 (custom)
2019-09-18 09:58:32,145 [main] INFO  server.RaftServerConfigKeys (ConfUtils.java:logGet(43)) - raft.server.log.appender.buffer.byte-limit = 33554432 (custom)
2019-09-18 09:58:32,146 [main] INFO  server.GrpcService (ConfUtils.java:logGet(43)) - raft.grpc.flow.control.window = 1MB (=1048576) (default)
2019-09-18 09:58:32,146 [main] INFO  server.RaftServerConfigKeys (ConfUtils.java:logGet(43)) - raft.server.rpc.request.timeout = 3000ms (default)
2019-09-18 09:58:32,147 [main] INFO  server.RaftServerConfigKeys (ConfUtils.java:logGet(43)) - raft.server.storage.dir = [/workdir/hadoop-ozone/integration-test/target/test-dir/MiniOzoneClusterImpl-5f4d0526-9e7c-4c5b-a88f-fb02f19e7f1d/datanode-0/data/ratis] (custom)
2019-09-18 09:58:32,149 [main] INFO  hdfs.DFSUtil (DFSUtil.java:httpServerTemplateForNNAndJN(1641)) - Starting Web-server for hddsDatanode at: http://0.0.0.0:0
2019-09-18 09:58:32,151 [main] INFO  server.AuthenticationFilter (AuthenticationFilter.java:constructSecretProvider(240)) - Unable to initialize FileSignerSecretProvider, falling back to use random secrets.
2019-09-18 09:58:32,151 [main] WARN  http.HttpRequestLog (HttpRequestLog.java:getRequestLog(97)) - Jetty request log can only be enabled using Log4j
2019-09-18 09:58:32,153 [main] INFO  http.HttpServer2 (HttpServer2.java:addGlobalFilter(975)) - Added global filter 'safety' (class=org.apache.hadoop.http.HttpServer2$QuotingInputFilter)
2019-09-18 09:58:32,154 [main] INFO  http.HttpServer2 (HttpServer2.java:addFilter(948)) - Added filter static_user_filter (class=org.apache.hadoop.http.lib.StaticUserWebFilter$StaticUserFilter) to context hddsDatanode
2019-09-18 09:58:32,154 [main] INFO  http.HttpServer2 (HttpServer2.java:addFilter(958)) - Added filter static_user_filter (class=org.apache.hadoop.http.lib.StaticUserWebFilter$StaticUserFilter) to context static
2019-09-18 09:58:32,155 [main] INFO  http.HttpServer2 (HttpServer2.java:addFilter(958)) - Added filter static_user_filter (class=org.apache.hadoop.http.lib.StaticUserWebFilter$StaticUserFilter) to context logs
2019-09-18 09:58:32,156 [main] INFO  http.HttpServer2 (HttpServer2.java:bindListener(1191)) - Jetty bound to port 45310
2019-09-18 09:58:32,156 [main] INFO  server.Server (Server.java:doStart(351)) - jetty-9.3.24.v20180605, build timestamp: 2018-06-05T17:11:56Z, git hash: 84205aa28f11a4f31f2a3b86d1bba2cc8ab69827
2019-09-18 09:58:32,158 [main] INFO  handler.ContextHandler (ContextHandler.java:doStart(781)) - Started o.e.j.s.ServletContextHandler@6d69a0d3{/logs,file:///workdir/hadoop-ozone/integration-test/target/log,AVAILABLE}
2019-09-18 09:58:32,159 [main] INFO  handler.ContextHandler (ContextHandler.java:doStart(781)) - Started o.e.j.s.ServletContextHandler@257f30f7{/static,jar:file:/home/user/.m2/repository/org/apache/hadoop/hadoop-hdds-container-service/0.5.0-SNAPSHOT/hadoop-hdds-container-service-0.5.0-SNAPSHOT.jar!/webapps/static,AVAILABLE}
2019-09-18 09:58:32,218 [main] INFO  handler.ContextHandler (ContextHandler.java:doStart(781)) - Started o.e.j.w.WebAppContext@752b69e3{/,file:///tmp/jetty-0.0.0.0-45310-hddsDatanode-_-any-2638752786379303749.dir/webapp/,AVAILABLE}{/hddsDatanode}
2019-09-18 09:58:32,219 [main] INFO  server.AbstractConnector (AbstractConnector.java:doStart(278)) - Started ServerConnector@15605d83{HTTP/1.1,[http/1.1]}{0.0.0.0:45310}
2019-09-18 09:58:32,221 [main] INFO  server.Server (Server.java:doStart(419)) - Started @235764ms
2019-09-18 09:58:32,221 [main] WARN  impl.MetricsSystemImpl (MetricsSystemImpl.java:register(276)) - Sink prometheus already exists!
2019-09-18 09:58:32,222 [main] INFO  server.BaseHttpServer (BaseHttpServer.java:updateConnectorAddress(215)) - HTTP server of HDDSDATANODE is listening at http://0.0.0.0:45310
2019-09-18 09:58:32,223 [main] INFO  impl.MetricsSystemImpl (MetricsSystemImpl.java:init(158)) - HddsDatanode metrics system started (again)
2019-09-18 09:58:32,255 [org.apache.hadoop.util.JvmPauseMonitor$Monitor@6892a629] INFO  util.JvmPauseMonitor (JvmPauseMonitor.java:run(188)) - Starting JVM pause monitor
2019-09-18 09:58:32,257 [Datanode State Machine Thread - 0] INFO  datanode.InitDatanodeState (InitDatanodeState.java:persistContainerDatanodeDetails(140)) - DatanodeDetails is persisted to /workdir/hadoop-ozone/integration-test/target/test-dir/MiniOzoneClusterImpl-5f4d0526-9e7c-4c5b-a88f-fb02f19e7f1d/datanode-0/meta/datanode.id
2019-09-18 09:58:32,258 [main] INFO  ozone.HddsDatanodeService (HddsDatanodeService.java:start(184)) - HddsDatanodeService host:pr-hdds-2141-pjvt9-4098185234 ip:192.168.34.50
2019-09-18 09:58:32,266 [main] INFO  volume.HddsVolume (HddsVolume.java:<init>(176)) - Creating Volume: /workdir/hadoop-ozone/integration-test/target/test-dir/MiniOzoneClusterImpl-5f4d0526-9e7c-4c5b-a88f-fb02f19e7f1d/datanode-1/data/containers/hdds of  storage type : DISK and capacity : 1482555576320
2019-09-18 09:58:32,267 [main] INFO  volume.VolumeSet (VolumeSet.java:initializeVolumeSet(170)) - Added Volume : /workdir/hadoop-ozone/integration-test/target/test-dir/MiniOzoneClusterImpl-5f4d0526-9e7c-4c5b-a88f-fb02f19e7f1d/datanode-1/data/containers/hdds to VolumeSet
2019-09-18 09:58:32,267 [main] INFO  volume.ThrottledAsyncChecker (ThrottledAsyncChecker.java:schedule(139)) - Scheduling a check for org.apache.hadoop.ozone.container.common.volume.HddsVolume@6b2fdffc
2019-09-18 09:58:32,268 [main] INFO  volume.HddsVolumeChecker (HddsVolumeChecker.java:checkAllVolumes(202)) - Scheduled health check for volume org.apache.hadoop.ozone.container.common.volume.HddsVolume@6b2fdffc
2019-09-18 09:58:32,286 [main] INFO  impl.RaftServerProxy (ConfUtils.java:logGet(43)) - raft.rpc.type = GRPC (default)
2019-09-18 09:58:32,286 [main] INFO  grpc.GrpcFactory (GrpcFactory.java:checkPooledByteBufAllocatorUseCacheForAllThreads(45)) - PERFORMANCE WARNING: useCacheForAllThreads is true that may cause Netty to create a lot garbage objects and, as a result, trigger GC.
	It is recommended to disable useCacheForAllThreads by setting -Dorg.apache.ratis.thirdparty.io.netty.allocator.useCacheForAllThreads=false in command line.
2019-09-18 09:58:32,286 [main] INFO  grpc.GrpcConfigKeys$Server (ConfUtils.java:logGet(43)) - raft.grpc.server.port = 0 (default)
2019-09-18 09:58:32,287 [main] INFO  server.GrpcService (ConfUtils.java:logGet(43)) - raft.grpc.message.size.max = 33570816 (custom)
2019-09-18 09:58:32,287 [main] INFO  server.RaftServerConfigKeys (ConfUtils.java:logGet(43)) - raft.server.log.appender.buffer.byte-limit = 33554432 (custom)
2019-09-18 09:58:32,287 [main] INFO  server.GrpcService (ConfUtils.java:logGet(43)) - raft.grpc.flow.control.window = 1MB (=1048576) (default)
2019-09-18 09:58:32,287 [main] INFO  server.RaftServerConfigKeys (ConfUtils.java:logGet(43)) - raft.server.rpc.request.timeout = 3000ms (default)
2019-09-18 09:58:32,288 [main] INFO  server.RaftServerConfigKeys (ConfUtils.java:logGet(43)) - raft.server.storage.dir = [/workdir/hadoop-ozone/integration-test/target/test-dir/MiniOzoneClusterImpl-5f4d0526-9e7c-4c5b-a88f-fb02f19e7f1d/datanode-1/data/ratis] (custom)
2019-09-18 09:58:32,290 [main] INFO  hdfs.DFSUtil (DFSUtil.java:httpServerTemplateForNNAndJN(1641)) - Starting Web-server for hddsDatanode at: http://0.0.0.0:0
2019-09-18 09:58:32,291 [main] INFO  server.AuthenticationFilter (AuthenticationFilter.java:constructSecretProvider(240)) - Unable to initialize FileSignerSecretProvider, falling back to use random secrets.
2019-09-18 09:58:32,292 [main] WARN  http.HttpRequestLog (HttpRequestLog.java:getRequestLog(97)) - Jetty request log can only be enabled using Log4j
2019-09-18 09:58:32,294 [main] INFO  http.HttpServer2 (HttpServer2.java:addGlobalFilter(975)) - Added global filter 'safety' (class=org.apache.hadoop.http.HttpServer2$QuotingInputFilter)
2019-09-18 09:58:32,294 [main] INFO  http.HttpServer2 (HttpServer2.java:addFilter(948)) - Added filter static_user_filter (class=org.apache.hadoop.http.lib.StaticUserWebFilter$StaticUserFilter) to context hddsDatanode
2019-09-18 09:58:32,294 [main] INFO  http.HttpServer2 (HttpServer2.java:addFilter(958)) - Added filter static_user_filter (class=org.apache.hadoop.http.lib.StaticUserWebFilter$StaticUserFilter) to context static
2019-09-18 09:58:32,295 [main] INFO  http.HttpServer2 (HttpServer2.java:addFilter(958)) - Added filter static_user_filter (class=org.apache.hadoop.http.lib.StaticUserWebFilter$StaticUserFilter) to context logs
2019-09-18 09:58:32,295 [main] INFO  http.HttpServer2 (HttpServer2.java:bindListener(1191)) - Jetty bound to port 40686
2019-09-18 09:58:32,296 [main] INFO  server.Server (Server.java:doStart(351)) - jetty-9.3.24.v20180605, build timestamp: 2018-06-05T17:11:56Z, git hash: 84205aa28f11a4f31f2a3b86d1bba2cc8ab69827
2019-09-18 09:58:32,297 [main] INFO  handler.ContextHandler (ContextHandler.java:doStart(781)) - Started o.e.j.s.ServletContextHandler@7e61e25c{/logs,file:///workdir/hadoop-ozone/integration-test/target/log,AVAILABLE}
2019-09-18 09:58:32,298 [main] INFO  handler.ContextHandler (ContextHandler.java:doStart(781)) - Started o.e.j.s.ServletContextHandler@256bb5be{/static,jar:file:/home/user/.m2/repository/org/apache/hadoop/hadoop-hdds-container-service/0.5.0-SNAPSHOT/hadoop-hdds-container-service-0.5.0-SNAPSHOT.jar!/webapps/static,AVAILABLE}
2019-09-18 09:58:32,334 [main] INFO  handler.ContextHandler (ContextHandler.java:doStart(781)) - Started o.e.j.w.WebAppContext@367d34c0{/,file:///tmp/jetty-0.0.0.0-40686-hddsDatanode-_-any-7604288272659993406.dir/webapp/,AVAILABLE}{/hddsDatanode}
2019-09-18 09:58:32,334 [main] INFO  server.AbstractConnector (AbstractConnector.java:doStart(278)) - Started ServerConnector@4ce25e47{HTTP/1.1,[http/1.1]}{0.0.0.0:40686}
2019-09-18 09:58:32,337 [main] INFO  server.Server (Server.java:doStart(419)) - Started @235880ms
2019-09-18 09:58:32,337 [main] WARN  impl.MetricsSystemImpl (MetricsSystemImpl.java:register(276)) - Sink prometheus already exists!
2019-09-18 09:58:32,338 [main] INFO  server.BaseHttpServer (BaseHttpServer.java:updateConnectorAddress(215)) - HTTP server of HDDSDATANODE is listening at http://0.0.0.0:40686
2019-09-18 09:58:32,339 [main] INFO  impl.MetricsSystemImpl (MetricsSystemImpl.java:init(158)) - HddsDatanode metrics system started (again)
2019-09-18 09:58:32,361 [org.apache.hadoop.util.JvmPauseMonitor$Monitor@6726c6c7] INFO  util.JvmPauseMonitor (JvmPauseMonitor.java:run(188)) - Starting JVM pause monitor
2019-09-18 09:58:32,361 [Datanode State Machine Thread - 0] INFO  datanode.InitDatanodeState (InitDatanodeState.java:persistContainerDatanodeDetails(140)) - DatanodeDetails is persisted to /workdir/hadoop-ozone/integration-test/target/test-dir/MiniOzoneClusterImpl-5f4d0526-9e7c-4c5b-a88f-fb02f19e7f1d/datanode-1/meta/datanode.id
2019-09-18 09:58:32,363 [main] INFO  ozone.HddsDatanodeService (HddsDatanodeService.java:start(184)) - HddsDatanodeService host:pr-hdds-2141-pjvt9-4098185234 ip:192.168.34.50
2019-09-18 09:58:32,370 [main] INFO  volume.HddsVolume (HddsVolume.java:<init>(176)) - Creating Volume: /workdir/hadoop-ozone/integration-test/target/test-dir/MiniOzoneClusterImpl-5f4d0526-9e7c-4c5b-a88f-fb02f19e7f1d/datanode-2/data/containers/hdds of  storage type : DISK and capacity : 1482555576320
2019-09-18 09:58:32,371 [main] INFO  volume.VolumeSet (VolumeSet.java:initializeVolumeSet(170)) - Added Volume : /workdir/hadoop-ozone/integration-test/target/test-dir/MiniOzoneClusterImpl-5f4d0526-9e7c-4c5b-a88f-fb02f19e7f1d/datanode-2/data/containers/hdds to VolumeSet
2019-09-18 09:58:32,371 [main] INFO  volume.ThrottledAsyncChecker (ThrottledAsyncChecker.java:schedule(139)) - Scheduling a check for org.apache.hadoop.ozone.container.common.volume.HddsVolume@7c453c34
2019-09-18 09:58:32,371 [main] INFO  volume.HddsVolumeChecker (HddsVolumeChecker.java:checkAllVolumes(202)) - Scheduled health check for volume org.apache.hadoop.ozone.container.common.volume.HddsVolume@7c453c34
2019-09-18 09:58:32,388 [main] INFO  impl.RaftServerProxy (ConfUtils.java:logGet(43)) - raft.rpc.type = GRPC (default)
2019-09-18 09:58:32,388 [main] INFO  grpc.GrpcFactory (GrpcFactory.java:checkPooledByteBufAllocatorUseCacheForAllThreads(45)) - PERFORMANCE WARNING: useCacheForAllThreads is true that may cause Netty to create a lot garbage objects and, as a result, trigger GC.
	It is recommended to disable useCacheForAllThreads by setting -Dorg.apache.ratis.thirdparty.io.netty.allocator.useCacheForAllThreads=false in command line.
2019-09-18 09:58:32,389 [main] INFO  grpc.GrpcConfigKeys$Server (ConfUtils.java:logGet(43)) - raft.grpc.server.port = 0 (default)
2019-09-18 09:58:32,389 [main] INFO  server.GrpcService (ConfUtils.java:logGet(43)) - raft.grpc.message.size.max = 33570816 (custom)
2019-09-18 09:58:32,389 [main] INFO  server.RaftServerConfigKeys (ConfUtils.java:logGet(43)) - raft.server.log.appender.buffer.byte-limit = 33554432 (custom)
2019-09-18 09:58:32,389 [main] INFO  server.GrpcService (ConfUtils.java:logGet(43)) - raft.grpc.flow.control.window = 1MB (=1048576) (default)
2019-09-18 09:58:32,389 [main] INFO  server.RaftServerConfigKeys (ConfUtils.java:logGet(43)) - raft.server.rpc.request.timeout = 3000ms (default)
2019-09-18 09:58:32,390 [main] INFO  server.RaftServerConfigKeys (ConfUtils.java:logGet(43)) - raft.server.storage.dir = [/workdir/hadoop-ozone/integration-test/target/test-dir/MiniOzoneClusterImpl-5f4d0526-9e7c-4c5b-a88f-fb02f19e7f1d/datanode-2/data/ratis] (custom)
2019-09-18 09:58:32,391 [main] INFO  hdfs.DFSUtil (DFSUtil.java:httpServerTemplateForNNAndJN(1641)) - Starting Web-server for hddsDatanode at: http://0.0.0.0:0
2019-09-18 09:58:32,393 [main] INFO  server.AuthenticationFilter (AuthenticationFilter.java:constructSecretProvider(240)) - Unable to initialize FileSignerSecretProvider, falling back to use random secrets.
2019-09-18 09:58:32,393 [main] WARN  http.HttpRequestLog (HttpRequestLog.java:getRequestLog(97)) - Jetty request log can only be enabled using Log4j
2019-09-18 09:58:32,394 [main] INFO  http.HttpServer2 (HttpServer2.java:addGlobalFilter(975)) - Added global filter 'safety' (class=org.apache.hadoop.http.HttpServer2$QuotingInputFilter)
2019-09-18 09:58:32,395 [main] INFO  http.HttpServer2 (HttpServer2.java:addFilter(948)) - Added filter static_user_filter (class=org.apache.hadoop.http.lib.StaticUserWebFilter$StaticUserFilter) to context hddsDatanode
2019-09-18 09:58:32,395 [main] INFO  http.HttpServer2 (HttpServer2.java:addFilter(958)) - Added filter static_user_filter (class=org.apache.hadoop.http.lib.StaticUserWebFilter$StaticUserFilter) to context static
2019-09-18 09:58:32,395 [main] INFO  http.HttpServer2 (HttpServer2.java:addFilter(958)) - Added filter static_user_filter (class=org.apache.hadoop.http.lib.StaticUserWebFilter$StaticUserFilter) to context logs
2019-09-18 09:58:32,396 [main] INFO  http.HttpServer2 (HttpServer2.java:bindListener(1191)) - Jetty bound to port 39003
2019-09-18 09:58:32,396 [main] INFO  server.Server (Server.java:doStart(351)) - jetty-9.3.24.v20180605, build timestamp: 2018-06-05T17:11:56Z, git hash: 84205aa28f11a4f31f2a3b86d1bba2cc8ab69827
2019-09-18 09:58:32,397 [main] INFO  handler.ContextHandler (ContextHandler.java:doStart(781)) - Started o.e.j.s.ServletContextHandler@1595d2b2{/logs,file:///workdir/hadoop-ozone/integration-test/target/log,AVAILABLE}
2019-09-18 09:58:32,398 [main] INFO  handler.ContextHandler (ContextHandler.java:doStart(781)) - Started o.e.j.s.ServletContextHandler@6cbb7a7d{/static,jar:file:/home/user/.m2/repository/org/apache/hadoop/hadoop-hdds-container-service/0.5.0-SNAPSHOT/hadoop-hdds-container-service-0.5.0-SNAPSHOT.jar!/webapps/static,AVAILABLE}
2019-09-18 09:58:32,422 [main] INFO  handler.ContextHandler (ContextHandler.java:doStart(781)) - Started o.e.j.w.WebAppContext@2bd8f7db{/,file:///tmp/jetty-0.0.0.0-39003-hddsDatanode-_-any-5311418185065572087.dir/webapp/,AVAILABLE}{/hddsDatanode}
2019-09-18 09:58:32,422 [main] INFO  server.AbstractConnector (AbstractConnector.java:doStart(278)) - Started ServerConnector@6d7ad0f5{HTTP/1.1,[http/1.1]}{0.0.0.0:39003}
2019-09-18 09:58:32,424 [main] INFO  server.Server (Server.java:doStart(419)) - Started @235967ms
2019-09-18 09:58:32,424 [main] WARN  impl.MetricsSystemImpl (MetricsSystemImpl.java:register(276)) - Sink prometheus already exists!
2019-09-18 09:58:32,424 [main] INFO  server.BaseHttpServer (BaseHttpServer.java:updateConnectorAddress(215)) - HTTP server of HDDSDATANODE is listening at http://0.0.0.0:39003
2019-09-18 09:58:32,425 [main] INFO  impl.MetricsSystemImpl (MetricsSystemImpl.java:init(158)) - HddsDatanode metrics system started (again)
2019-09-18 09:58:32,443 [org.apache.hadoop.util.JvmPauseMonitor$Monitor@69df6e57] INFO  util.JvmPauseMonitor (JvmPauseMonitor.java:run(188)) - Starting JVM pause monitor
2019-09-18 09:58:32,445 [Datanode State Machine Thread - 0] INFO  datanode.InitDatanodeState (InitDatanodeState.java:persistContainerDatanodeDetails(140)) - DatanodeDetails is persisted to /workdir/hadoop-ozone/integration-test/target/test-dir/MiniOzoneClusterImpl-5f4d0526-9e7c-4c5b-a88f-fb02f19e7f1d/datanode-2/meta/datanode.id
2019-09-18 09:58:32,446 [main] INFO  ozone.HddsDatanodeService (HddsDatanodeService.java:start(184)) - HddsDatanodeService host:pr-hdds-2141-pjvt9-4098185234 ip:192.168.34.50
2019-09-18 09:58:32,455 [main] INFO  volume.HddsVolume (HddsVolume.java:<init>(176)) - Creating Volume: /workdir/hadoop-ozone/integration-test/target/test-dir/MiniOzoneClusterImpl-5f4d0526-9e7c-4c5b-a88f-fb02f19e7f1d/datanode-3/data/containers/hdds of  storage type : DISK and capacity : 1482555576320
2019-09-18 09:58:32,455 [main] INFO  volume.VolumeSet (VolumeSet.java:initializeVolumeSet(170)) - Added Volume : /workdir/hadoop-ozone/integration-test/target/test-dir/MiniOzoneClusterImpl-5f4d0526-9e7c-4c5b-a88f-fb02f19e7f1d/datanode-3/data/containers/hdds to VolumeSet
2019-09-18 09:58:32,455 [main] INFO  volume.ThrottledAsyncChecker (ThrottledAsyncChecker.java:schedule(139)) - Scheduling a check for org.apache.hadoop.ozone.container.common.volume.HddsVolume@2dfa02c1
2019-09-18 09:58:32,456 [main] INFO  volume.HddsVolumeChecker (HddsVolumeChecker.java:checkAllVolumes(202)) - Scheduled health check for volume org.apache.hadoop.ozone.container.common.volume.HddsVolume@2dfa02c1
2019-09-18 09:58:32,469 [main] INFO  impl.RaftServerProxy (ConfUtils.java:logGet(43)) - raft.rpc.type = GRPC (default)
2019-09-18 09:58:32,469 [main] INFO  grpc.GrpcFactory (GrpcFactory.java:checkPooledByteBufAllocatorUseCacheForAllThreads(45)) - PERFORMANCE WARNING: useCacheForAllThreads is true that may cause Netty to create a lot garbage objects and, as a result, trigger GC.
	It is recommended to disable useCacheForAllThreads by setting -Dorg.apache.ratis.thirdparty.io.netty.allocator.useCacheForAllThreads=false in command line.
2019-09-18 09:58:32,469 [main] INFO  grpc.GrpcConfigKeys$Server (ConfUtils.java:logGet(43)) - raft.grpc.server.port = 0 (default)
2019-09-18 09:58:32,470 [main] INFO  server.GrpcService (ConfUtils.java:logGet(43)) - raft.grpc.message.size.max = 33570816 (custom)
2019-09-18 09:58:32,470 [main] INFO  server.RaftServerConfigKeys (ConfUtils.java:logGet(43)) - raft.server.log.appender.buffer.byte-limit = 33554432 (custom)
2019-09-18 09:58:32,470 [main] INFO  server.GrpcService (ConfUtils.java:logGet(43)) - raft.grpc.flow.control.window = 1MB (=1048576) (default)
2019-09-18 09:58:32,470 [main] INFO  server.RaftServerConfigKeys (ConfUtils.java:logGet(43)) - raft.server.rpc.request.timeout = 3000ms (default)
2019-09-18 09:58:32,471 [main] INFO  server.RaftServerConfigKeys (ConfUtils.java:logGet(43)) - raft.server.storage.dir = [/workdir/hadoop-ozone/integration-test/target/test-dir/MiniOzoneClusterImpl-5f4d0526-9e7c-4c5b-a88f-fb02f19e7f1d/datanode-3/data/ratis] (custom)
2019-09-18 09:58:32,472 [main] INFO  hdfs.DFSUtil (DFSUtil.java:httpServerTemplateForNNAndJN(1641)) - Starting Web-server for hddsDatanode at: http://0.0.0.0:0
2019-09-18 09:58:32,473 [main] INFO  server.AuthenticationFilter (AuthenticationFilter.java:constructSecretProvider(240)) - Unable to initialize FileSignerSecretProvider, falling back to use random secrets.
2019-09-18 09:58:32,473 [main] WARN  http.HttpRequestLog (HttpRequestLog.java:getRequestLog(97)) - Jetty request log can only be enabled using Log4j
2019-09-18 09:58:32,475 [main] INFO  http.HttpServer2 (HttpServer2.java:addGlobalFilter(975)) - Added global filter 'safety' (class=org.apache.hadoop.http.HttpServer2$QuotingInputFilter)
2019-09-18 09:58:32,475 [main] INFO  http.HttpServer2 (HttpServer2.java:addFilter(948)) - Added filter static_user_filter (class=org.apache.hadoop.http.lib.StaticUserWebFilter$StaticUserFilter) to context hddsDatanode
2019-09-18 09:58:32,475 [main] INFO  http.HttpServer2 (HttpServer2.java:addFilter(958)) - Added filter static_user_filter (class=org.apache.hadoop.http.lib.StaticUserWebFilter$StaticUserFilter) to context static
2019-09-18 09:58:32,476 [main] INFO  http.HttpServer2 (HttpServer2.java:addFilter(958)) - Added filter static_user_filter (class=org.apache.hadoop.http.lib.StaticUserWebFilter$StaticUserFilter) to context logs
2019-09-18 09:58:32,476 [main] INFO  http.HttpServer2 (HttpServer2.java:bindListener(1191)) - Jetty bound to port 44074
2019-09-18 09:58:32,476 [main] INFO  server.Server (Server.java:doStart(351)) - jetty-9.3.24.v20180605, build timestamp: 2018-06-05T17:11:56Z, git hash: 84205aa28f11a4f31f2a3b86d1bba2cc8ab69827
2019-09-18 09:58:32,478 [main] INFO  handler.ContextHandler (ContextHandler.java:doStart(781)) - Started o.e.j.s.ServletContextHandler@fddd7ae{/logs,file:///workdir/hadoop-ozone/integration-test/target/log,AVAILABLE}
2019-09-18 09:58:32,478 [main] INFO  handler.ContextHandler (ContextHandler.java:doStart(781)) - Started o.e.j.s.ServletContextHandler@2725ca05{/static,jar:file:/home/user/.m2/repository/org/apache/hadoop/hadoop-hdds-container-service/0.5.0-SNAPSHOT/hadoop-hdds-container-service-0.5.0-SNAPSHOT.jar!/webapps/static,AVAILABLE}
2019-09-18 09:58:32,507 [main] INFO  handler.ContextHandler (ContextHandler.java:doStart(781)) - Started o.e.j.w.WebAppContext@79df80a4{/,file:///tmp/jetty-0.0.0.0-44074-hddsDatanode-_-any-7221497665092560963.dir/webapp/,AVAILABLE}{/hddsDatanode}
2019-09-18 09:58:32,507 [main] INFO  server.AbstractConnector (AbstractConnector.java:doStart(278)) - Started ServerConnector@130cfc47{HTTP/1.1,[http/1.1]}{0.0.0.0:44074}
2019-09-18 09:58:32,510 [main] INFO  server.Server (Server.java:doStart(419)) - Started @236053ms
2019-09-18 09:58:32,510 [main] WARN  impl.MetricsSystemImpl (MetricsSystemImpl.java:register(276)) - Sink prometheus already exists!
2019-09-18 09:58:32,511 [main] INFO  server.BaseHttpServer (BaseHttpServer.java:updateConnectorAddress(215)) - HTTP server of HDDSDATANODE is listening at http://0.0.0.0:44074
2019-09-18 09:58:32,511 [main] INFO  impl.MetricsSystemImpl (MetricsSystemImpl.java:init(158)) - HddsDatanode metrics system started (again)
2019-09-18 09:58:32,539 [org.apache.hadoop.util.JvmPauseMonitor$Monitor@37b88ed] INFO  util.JvmPauseMonitor (JvmPauseMonitor.java:run(188)) - Starting JVM pause monitor
2019-09-18 09:58:32,540 [Datanode State Machine Thread - 0] INFO  datanode.InitDatanodeState (InitDatanodeState.java:persistContainerDatanodeDetails(140)) - DatanodeDetails is persisted to /workdir/hadoop-ozone/integration-test/target/test-dir/MiniOzoneClusterImpl-5f4d0526-9e7c-4c5b-a88f-fb02f19e7f1d/datanode-3/meta/datanode.id
2019-09-18 09:58:32,543 [main] INFO  ozone.HddsDatanodeService (HddsDatanodeService.java:start(184)) - HddsDatanodeService host:pr-hdds-2141-pjvt9-4098185234 ip:192.168.34.50
2019-09-18 09:58:32,554 [main] INFO  volume.HddsVolume (HddsVolume.java:<init>(176)) - Creating Volume: /workdir/hadoop-ozone/integration-test/target/test-dir/MiniOzoneClusterImpl-5f4d0526-9e7c-4c5b-a88f-fb02f19e7f1d/datanode-4/data/containers/hdds of  storage type : DISK and capacity : 1482555576320
2019-09-18 09:58:32,554 [main] INFO  volume.VolumeSet (VolumeSet.java:initializeVolumeSet(170)) - Added Volume : /workdir/hadoop-ozone/integration-test/target/test-dir/MiniOzoneClusterImpl-5f4d0526-9e7c-4c5b-a88f-fb02f19e7f1d/datanode-4/data/containers/hdds to VolumeSet
2019-09-18 09:58:32,555 [main] INFO  volume.ThrottledAsyncChecker (ThrottledAsyncChecker.java:schedule(139)) - Scheduling a check for org.apache.hadoop.ozone.container.common.volume.HddsVolume@1c5d3a37
2019-09-18 09:58:32,555 [main] INFO  volume.HddsVolumeChecker (HddsVolumeChecker.java:checkAllVolumes(202)) - Scheduled health check for volume org.apache.hadoop.ozone.container.common.volume.HddsVolume@1c5d3a37
2019-09-18 09:58:32,577 [main] INFO  impl.RaftServerProxy (ConfUtils.java:logGet(43)) - raft.rpc.type = GRPC (default)
2019-09-18 09:58:32,578 [main] INFO  grpc.GrpcFactory (GrpcFactory.java:checkPooledByteBufAllocatorUseCacheForAllThreads(45)) - PERFORMANCE WARNING: useCacheForAllThreads is true that may cause Netty to create a lot garbage objects and, as a result, trigger GC.
	It is recommended to disable useCacheForAllThreads by setting -Dorg.apache.ratis.thirdparty.io.netty.allocator.useCacheForAllThreads=false in command line.
2019-09-18 09:58:32,578 [main] INFO  grpc.GrpcConfigKeys$Server (ConfUtils.java:logGet(43)) - raft.grpc.server.port = 0 (default)
2019-09-18 09:58:32,578 [main] INFO  server.GrpcService (ConfUtils.java:logGet(43)) - raft.grpc.message.size.max = 33570816 (custom)
2019-09-18 09:58:32,579 [main] INFO  server.RaftServerConfigKeys (ConfUtils.java:logGet(43)) - raft.server.log.appender.buffer.byte-limit = 33554432 (custom)
2019-09-18 09:58:32,579 [main] INFO  server.GrpcService (ConfUtils.java:logGet(43)) - raft.grpc.flow.control.window = 1MB (=1048576) (default)
2019-09-18 09:58:32,579 [main] INFO  server.RaftServerConfigKeys (ConfUtils.java:logGet(43)) - raft.server.rpc.request.timeout = 3000ms (default)
2019-09-18 09:58:32,580 [main] INFO  server.RaftServerConfigKeys (ConfUtils.java:logGet(43)) - raft.server.storage.dir = [/workdir/hadoop-ozone/integration-test/target/test-dir/MiniOzoneClusterImpl-5f4d0526-9e7c-4c5b-a88f-fb02f19e7f1d/datanode-4/data/ratis] (custom)
2019-09-18 09:58:32,581 [main] INFO  hdfs.DFSUtil (DFSUtil.java:httpServerTemplateForNNAndJN(1641)) - Starting Web-server for hddsDatanode at: http://0.0.0.0:0
2019-09-18 09:58:32,583 [main] INFO  server.AuthenticationFilter (AuthenticationFilter.java:constructSecretProvider(240)) - Unable to initialize FileSignerSecretProvider, falling back to use random secrets.
2019-09-18 09:58:32,584 [main] WARN  http.HttpRequestLog (HttpRequestLog.java:getRequestLog(97)) - Jetty request log can only be enabled using Log4j
2019-09-18 09:58:32,587 [main] INFO  http.HttpServer2 (HttpServer2.java:addGlobalFilter(975)) - Added global filter 'safety' (class=org.apache.hadoop.http.HttpServer2$QuotingInputFilter)
2019-09-18 09:58:32,588 [main] INFO  http.HttpServer2 (HttpServer2.java:addFilter(948)) - Added filter static_user_filter (class=org.apache.hadoop.http.lib.StaticUserWebFilter$StaticUserFilter) to context hddsDatanode
2019-09-18 09:58:32,588 [main] INFO  http.HttpServer2 (HttpServer2.java:addFilter(958)) - Added filter static_user_filter (class=org.apache.hadoop.http.lib.StaticUserWebFilter$StaticUserFilter) to context static
2019-09-18 09:58:32,588 [main] INFO  http.HttpServer2 (HttpServer2.java:addFilter(958)) - Added filter static_user_filter (class=org.apache.hadoop.http.lib.StaticUserWebFilter$StaticUserFilter) to context logs
2019-09-18 09:58:32,589 [main] INFO  http.HttpServer2 (HttpServer2.java:bindListener(1191)) - Jetty bound to port 44234
2019-09-18 09:58:32,590 [main] INFO  server.Server (Server.java:doStart(351)) - jetty-9.3.24.v20180605, build timestamp: 2018-06-05T17:11:56Z, git hash: 84205aa28f11a4f31f2a3b86d1bba2cc8ab69827
2019-09-18 09:58:32,592 [main] INFO  handler.ContextHandler (ContextHandler.java:doStart(781)) - Started o.e.j.s.ServletContextHandler@2407a36c{/logs,file:///workdir/hadoop-ozone/integration-test/target/log,AVAILABLE}
2019-09-18 09:58:32,593 [main] INFO  handler.ContextHandler (ContextHandler.java:doStart(781)) - Started o.e.j.s.ServletContextHandler@28b8f98a{/static,jar:file:/home/user/.m2/repository/org/apache/hadoop/hadoop-hdds-container-service/0.5.0-SNAPSHOT/hadoop-hdds-container-service-0.5.0-SNAPSHOT.jar!/webapps/static,AVAILABLE}
2019-09-18 09:58:32,639 [main] INFO  handler.ContextHandler (ContextHandler.java:doStart(781)) - Started o.e.j.w.WebAppContext@46a8c2b4{/,file:///tmp/jetty-0.0.0.0-44234-hddsDatanode-_-any-2828008382138112814.dir/webapp/,AVAILABLE}{/hddsDatanode}
2019-09-18 09:58:32,639 [main] INFO  server.AbstractConnector (AbstractConnector.java:doStart(278)) - Started ServerConnector@4f664bee{HTTP/1.1,[http/1.1]}{0.0.0.0:44234}
2019-09-18 09:58:32,643 [main] INFO  server.Server (Server.java:doStart(419)) - Started @236186ms
2019-09-18 09:58:32,643 [main] WARN  impl.MetricsSystemImpl (MetricsSystemImpl.java:register(276)) - Sink prometheus already exists!
2019-09-18 09:58:32,644 [main] INFO  server.BaseHttpServer (BaseHttpServer.java:updateConnectorAddress(215)) - HTTP server of HDDSDATANODE is listening at http://0.0.0.0:44234
2019-09-18 09:58:32,644 [main] INFO  impl.MetricsSystemImpl (MetricsSystemImpl.java:init(158)) - HddsDatanode metrics system started (again)
2019-09-18 09:58:32,673 [org.apache.hadoop.util.JvmPauseMonitor$Monitor@28d94b8e] INFO  util.JvmPauseMonitor (JvmPauseMonitor.java:run(188)) - Starting JVM pause monitor
2019-09-18 09:58:32,674 [Datanode State Machine Thread - 0] INFO  datanode.InitDatanodeState (InitDatanodeState.java:persistContainerDatanodeDetails(140)) - DatanodeDetails is persisted to /workdir/hadoop-ozone/integration-test/target/test-dir/MiniOzoneClusterImpl-5f4d0526-9e7c-4c5b-a88f-fb02f19e7f1d/datanode-4/meta/datanode.id
2019-09-18 09:58:32,675 [main] INFO  ozone.HddsDatanodeService (HddsDatanodeService.java:start(184)) - HddsDatanodeService host:pr-hdds-2141-pjvt9-4098185234 ip:192.168.34.50
2019-09-18 09:58:32,685 [main] INFO  volume.HddsVolume (HddsVolume.java:<init>(176)) - Creating Volume: /workdir/hadoop-ozone/integration-test/target/test-dir/MiniOzoneClusterImpl-5f4d0526-9e7c-4c5b-a88f-fb02f19e7f1d/datanode-5/data/containers/hdds of  storage type : DISK and capacity : 1482555576320
2019-09-18 09:58:32,686 [main] INFO  volume.VolumeSet (VolumeSet.java:initializeVolumeSet(170)) - Added Volume : /workdir/hadoop-ozone/integration-test/target/test-dir/MiniOzoneClusterImpl-5f4d0526-9e7c-4c5b-a88f-fb02f19e7f1d/datanode-5/data/containers/hdds to VolumeSet
2019-09-18 09:58:32,686 [main] INFO  volume.ThrottledAsyncChecker (ThrottledAsyncChecker.java:schedule(139)) - Scheduling a check for org.apache.hadoop.ozone.container.common.volume.HddsVolume@1df9186f
2019-09-18 09:58:32,686 [main] INFO  volume.HddsVolumeChecker (HddsVolumeChecker.java:checkAllVolumes(202)) - Scheduled health check for volume org.apache.hadoop.ozone.container.common.volume.HddsVolume@1df9186f
2019-09-18 09:58:32,702 [main] INFO  impl.RaftServerProxy (ConfUtils.java:logGet(43)) - raft.rpc.type = GRPC (default)
2019-09-18 09:58:32,703 [main] INFO  grpc.GrpcFactory (GrpcFactory.java:checkPooledByteBufAllocatorUseCacheForAllThreads(45)) - PERFORMANCE WARNING: useCacheForAllThreads is true that may cause Netty to create a lot garbage objects and, as a result, trigger GC.
	It is recommended to disable useCacheForAllThreads by setting -Dorg.apache.ratis.thirdparty.io.netty.allocator.useCacheForAllThreads=false in command line.
2019-09-18 09:58:32,703 [main] INFO  grpc.GrpcConfigKeys$Server (ConfUtils.java:logGet(43)) - raft.grpc.server.port = 0 (default)
2019-09-18 09:58:32,703 [main] INFO  server.GrpcService (ConfUtils.java:logGet(43)) - raft.grpc.message.size.max = 33570816 (custom)
2019-09-18 09:58:32,703 [main] INFO  server.RaftServerConfigKeys (ConfUtils.java:logGet(43)) - raft.server.log.appender.buffer.byte-limit = 33554432 (custom)
2019-09-18 09:58:32,703 [main] INFO  server.GrpcService (ConfUtils.java:logGet(43)) - raft.grpc.flow.control.window = 1MB (=1048576) (default)
2019-09-18 09:58:32,704 [main] INFO  server.RaftServerConfigKeys (ConfUtils.java:logGet(43)) - raft.server.rpc.request.timeout = 3000ms (default)
2019-09-18 09:58:32,704 [main] INFO  server.RaftServerConfigKeys (ConfUtils.java:logGet(43)) - raft.server.storage.dir = [/workdir/hadoop-ozone/integration-test/target/test-dir/MiniOzoneClusterImpl-5f4d0526-9e7c-4c5b-a88f-fb02f19e7f1d/datanode-5/data/ratis] (custom)
2019-09-18 09:58:32,705 [main] INFO  hdfs.DFSUtil (DFSUtil.java:httpServerTemplateForNNAndJN(1641)) - Starting Web-server for hddsDatanode at: http://0.0.0.0:0
2019-09-18 09:58:32,707 [main] INFO  server.AuthenticationFilter (AuthenticationFilter.java:constructSecretProvider(240)) - Unable to initialize FileSignerSecretProvider, falling back to use random secrets.
2019-09-18 09:58:32,708 [main] WARN  http.HttpRequestLog (HttpRequestLog.java:getRequestLog(97)) - Jetty request log can only be enabled using Log4j
2019-09-18 09:58:32,710 [main] INFO  http.HttpServer2 (HttpServer2.java:addGlobalFilter(975)) - Added global filter 'safety' (class=org.apache.hadoop.http.HttpServer2$QuotingInputFilter)
2019-09-18 09:58:32,710 [main] INFO  http.HttpServer2 (HttpServer2.java:addFilter(948)) - Added filter static_user_filter (class=org.apache.hadoop.http.lib.StaticUserWebFilter$StaticUserFilter) to context hddsDatanode
2019-09-18 09:58:32,710 [main] INFO  http.HttpServer2 (HttpServer2.java:addFilter(958)) - Added filter static_user_filter (class=org.apache.hadoop.http.lib.StaticUserWebFilter$StaticUserFilter) to context static
2019-09-18 09:58:32,711 [main] INFO  http.HttpServer2 (HttpServer2.java:addFilter(958)) - Added filter static_user_filter (class=org.apache.hadoop.http.lib.StaticUserWebFilter$StaticUserFilter) to context logs
2019-09-18 09:58:32,712 [main] INFO  http.HttpServer2 (HttpServer2.java:bindListener(1191)) - Jetty bound to port 37076
2019-09-18 09:58:32,712 [main] INFO  server.Server (Server.java:doStart(351)) - jetty-9.3.24.v20180605, build timestamp: 2018-06-05T17:11:56Z, git hash: 84205aa28f11a4f31f2a3b86d1bba2cc8ab69827
2019-09-18 09:58:32,714 [main] INFO  handler.ContextHandler (ContextHandler.java:doStart(781)) - Started o.e.j.s.ServletContextHandler@6b867ee7{/logs,file:///workdir/hadoop-ozone/integration-test/target/log,AVAILABLE}
2019-09-18 09:58:32,714 [main] INFO  handler.ContextHandler (ContextHandler.java:doStart(781)) - Started o.e.j.s.ServletContextHandler@7a606260{/static,jar:file:/home/user/.m2/repository/org/apache/hadoop/hadoop-hdds-container-service/0.5.0-SNAPSHOT/hadoop-hdds-container-service-0.5.0-SNAPSHOT.jar!/webapps/static,AVAILABLE}
2019-09-18 09:58:37,270 [Datanode State Machine Thread - 0] INFO  ozoneimpl.OzoneContainer (OzoneContainer.java:start(217)) - Attempting to start container services.
2019-09-18 09:58:37,270 [Datanode State Machine Thread - 0] INFO  ozoneimpl.OzoneContainer (OzoneContainer.java:start(217)) - Attempting to start container services.
2019-09-18 09:58:37,270 [Datanode State Machine Thread - 0] INFO  ozoneimpl.OzoneContainer (OzoneContainer.java:start(217)) - Attempting to start container services.
2019-09-18 09:58:37,270 [Datanode State Machine Thread - 0] INFO  ozoneimpl.OzoneContainer (OzoneContainer.java:start(217)) - Attempting to start container services.
2019-09-18 09:58:37,270 [Datanode State Machine Thread - 0] INFO  ozoneimpl.OzoneContainer (OzoneContainer.java:start(217)) - Attempting to start container services.
2019-09-18 09:58:37,271 [Datanode State Machine Thread - 0] INFO  ozoneimpl.OzoneContainer (OzoneContainer.java:startContainerScrub(179)) - Background container scanner has been disabled.
2019-09-18 09:58:37,270 [Datanode State Machine Thread - 0] INFO  ozoneimpl.OzoneContainer (OzoneContainer.java:startContainerScrub(179)) - Background container scanner has been disabled.
2019-09-18 09:58:37,270 [Datanode State Machine Thread - 0] INFO  ozoneimpl.OzoneContainer (OzoneContainer.java:startContainerScrub(179)) - Background container scanner has been disabled.
2019-09-18 09:58:37,270 [Datanode State Machine Thread - 0] INFO  ozoneimpl.OzoneContainer (OzoneContainer.java:startContainerScrub(179)) - Background container scanner has been disabled.
2019-09-18 09:58:37,271 [Datanode State Machine Thread - 0] INFO  ratis.XceiverServerRatis (XceiverServerRatis.java:start(411)) - Starting XceiverServerRatis 2de5b735-5f5e-4913-97f2-cd9b7e38d44d at port 0
2019-09-18 09:58:37,271 [Datanode State Machine Thread - 0] INFO  ratis.XceiverServerRatis (XceiverServerRatis.java:start(411)) - Starting XceiverServerRatis 3a0c29e2-5599-4a38-a73f-e743e8986a45 at port 0
2019-09-18 09:58:37,271 [Datanode State Machine Thread - 0] INFO  ratis.XceiverServerRatis (XceiverServerRatis.java:start(411)) - Starting XceiverServerRatis 8f53d3c5-7943-4c00-9108-ce782fbf9e92 at port 0
2019-09-18 09:58:37,271 [Datanode State Machine Thread - 0] INFO  ozoneimpl.OzoneContainer (OzoneContainer.java:startContainerScrub(179)) - Background container scanner has been disabled.
2019-09-18 09:58:37,271 [Datanode State Machine Thread - 0] INFO  ratis.XceiverServerRatis (XceiverServerRatis.java:start(411)) - Starting XceiverServerRatis a4c87eb4-b75f-4e60-9914-913e5c1f17d9 at port 0
2019-09-18 09:58:37,272 [Datanode State Machine Thread - 0] INFO  ratis.XceiverServerRatis (XceiverServerRatis.java:start(411)) - Starting XceiverServerRatis 005abd97-d8f5-4c59-a49a-947228164777 at port 0
2019-09-18 09:58:37,285 [main] INFO  handler.ContextHandler (ContextHandler.java:doStart(781)) - Started o.e.j.w.WebAppContext@34edd065{/,file:///tmp/jetty-0.0.0.0-37076-hddsDatanode-_-any-586599742725457872.dir/webapp/,AVAILABLE}{/hddsDatanode}
2019-09-18 09:58:37,285 [main] INFO  server.AbstractConnector (AbstractConnector.java:doStart(278)) - Started ServerConnector@681e913c{HTTP/1.1,[http/1.1]}{0.0.0.0:37076}
2019-09-18 09:58:37,285 [main] INFO  server.Server (Server.java:doStart(419)) - Started @240829ms
2019-09-18 09:58:37,285 [main] WARN  impl.MetricsSystemImpl (MetricsSystemImpl.java:register(276)) - Sink prometheus already exists!
2019-09-18 09:58:37,290 [main] INFO  server.BaseHttpServer (BaseHttpServer.java:updateConnectorAddress(215)) - HTTP server of HDDSDATANODE is listening at http://0.0.0.0:37076
2019-09-18 09:58:37,291 [main] INFO  impl.MetricsSystemImpl (MetricsSystemImpl.java:init(158)) - HddsDatanode metrics system started (again)
2019-09-18 09:58:37,339 [main] INFO  ozone.HddsDatanodeService (HddsDatanodeService.java:start(184)) - HddsDatanodeService host:pr-hdds-2141-pjvt9-4098185234 ip:192.168.34.50
2019-09-18 09:58:37,340 [org.apache.hadoop.util.JvmPauseMonitor$Monitor@6b9664c2] INFO  util.JvmPauseMonitor (JvmPauseMonitor.java:run(188)) - Starting JVM pause monitor
2019-09-18 09:58:37,343 [Datanode State Machine Thread - 0] INFO  datanode.InitDatanodeState (InitDatanodeState.java:persistContainerDatanodeDetails(140)) - DatanodeDetails is persisted to /workdir/hadoop-ozone/integration-test/target/test-dir/MiniOzoneClusterImpl-5f4d0526-9e7c-4c5b-a88f-fb02f19e7f1d/datanode-5/meta/datanode.id
2019-09-18 09:58:37,352 [Datanode State Machine Thread - 0] INFO  impl.RaftServerProxy (RaftServerProxy.java:lambda$start$3(299)) - 2de5b735-5f5e-4913-97f2-cd9b7e38d44d: start RPC server
2019-09-18 09:58:37,356 [Datanode State Machine Thread - 0] INFO  impl.RaftServerProxy (RaftServerProxy.java:lambda$start$3(299)) - a4c87eb4-b75f-4e60-9914-913e5c1f17d9: start RPC server
2019-09-18 09:58:37,356 [main] INFO  volume.HddsVolume (HddsVolume.java:<init>(176)) - Creating Volume: /workdir/hadoop-ozone/integration-test/target/test-dir/MiniOzoneClusterImpl-5f4d0526-9e7c-4c5b-a88f-fb02f19e7f1d/datanode-6/data/containers/hdds of  storage type : DISK and capacity : 1482555576320
2019-09-18 09:58:37,357 [main] INFO  volume.VolumeSet (VolumeSet.java:initializeVolumeSet(170)) - Added Volume : /workdir/hadoop-ozone/integration-test/target/test-dir/MiniOzoneClusterImpl-5f4d0526-9e7c-4c5b-a88f-fb02f19e7f1d/datanode-6/data/containers/hdds to VolumeSet
2019-09-18 09:58:37,357 [Datanode State Machine Thread - 0] INFO  impl.RaftServerProxy (RaftServerProxy.java:lambda$start$3(299)) - 005abd97-d8f5-4c59-a49a-947228164777: start RPC server
2019-09-18 09:58:37,357 [Datanode State Machine Thread - 0] INFO  impl.RaftServerProxy (RaftServerProxy.java:lambda$start$3(299)) - 3a0c29e2-5599-4a38-a73f-e743e8986a45: start RPC server
2019-09-18 09:58:37,357 [main] INFO  volume.ThrottledAsyncChecker (ThrottledAsyncChecker.java:schedule(139)) - Scheduling a check for org.apache.hadoop.ozone.container.common.volume.HddsVolume@120aa40b
2019-09-18 09:58:37,357 [Datanode State Machine Thread - 0] INFO  server.GrpcService (GrpcService.java:startImpl(158)) - 2de5b735-5f5e-4913-97f2-cd9b7e38d44d: GrpcService started, listening on 0.0.0.0/0.0.0.0:39091
2019-09-18 09:58:37,361 [main] INFO  volume.HddsVolumeChecker (HddsVolumeChecker.java:checkAllVolumes(202)) - Scheduled health check for volume org.apache.hadoop.ozone.container.common.volume.HddsVolume@120aa40b
2019-09-18 09:58:37,357 [Datanode State Machine Thread - 0] INFO  server.GrpcService (GrpcService.java:startImpl(158)) - a4c87eb4-b75f-4e60-9914-913e5c1f17d9: GrpcService started, listening on 0.0.0.0/0.0.0.0:37158
2019-09-18 09:58:37,365 [Datanode State Machine Thread - 0] INFO  ratis.XceiverServerRatis (XceiverServerRatis.java:start(421)) - XceiverServerRatis a4c87eb4-b75f-4e60-9914-913e5c1f17d9 is started using port 37158
2019-09-18 09:58:37,361 [Datanode State Machine Thread - 0] INFO  ratis.XceiverServerRatis (XceiverServerRatis.java:start(421)) - XceiverServerRatis 2de5b735-5f5e-4913-97f2-cd9b7e38d44d is started using port 39091
2019-09-18 09:58:37,361 [Datanode State Machine Thread - 0] INFO  server.GrpcService (GrpcService.java:startImpl(158)) - 3a0c29e2-5599-4a38-a73f-e743e8986a45: GrpcService started, listening on 0.0.0.0/0.0.0.0:34324
2019-09-18 09:58:37,357 [Datanode State Machine Thread - 0] INFO  server.GrpcService (GrpcService.java:startImpl(158)) - 005abd97-d8f5-4c59-a49a-947228164777: GrpcService started, listening on 0.0.0.0/0.0.0.0:46193
2019-09-18 09:58:37,365 [Datanode State Machine Thread - 0] INFO  server.XceiverServerGrpc (XceiverServerGrpc.java:start(163)) - XceiverServerGrpc a4c87eb4-b75f-4e60-9914-913e5c1f17d9 is started using port 37694
2019-09-18 09:58:37,365 [Datanode State Machine Thread - 0] INFO  ratis.XceiverServerRatis (XceiverServerRatis.java:start(421)) - XceiverServerRatis 3a0c29e2-5599-4a38-a73f-e743e8986a45 is started using port 34324
2019-09-18 09:58:37,369 [Datanode State Machine Thread - 0] INFO  server.XceiverServerGrpc (XceiverServerGrpc.java:start(163)) - XceiverServerGrpc 2de5b735-5f5e-4913-97f2-cd9b7e38d44d is started using port 45177
2019-09-18 09:58:37,365 [Datanode State Machine Thread - 0] INFO  ratis.XceiverServerRatis (XceiverServerRatis.java:start(421)) - XceiverServerRatis 005abd97-d8f5-4c59-a49a-947228164777 is started using port 46193
2019-09-18 09:58:37,373 [Datanode State Machine Thread - 0] INFO  server.XceiverServerGrpc (XceiverServerGrpc.java:start(163)) - XceiverServerGrpc 3a0c29e2-5599-4a38-a73f-e743e8986a45 is started using port 34677
2019-09-18 09:58:37,377 [Datanode State Machine Thread - 0] INFO  impl.RaftServerProxy (RaftServerProxy.java:lambda$start$3(299)) - 8f53d3c5-7943-4c00-9108-ce782fbf9e92: start RPC server
2019-09-18 09:58:37,387 [Datanode State Machine Thread - 0] INFO  server.XceiverServerGrpc (XceiverServerGrpc.java:start(163)) - XceiverServerGrpc 005abd97-d8f5-4c59-a49a-947228164777 is started using port 34313
2019-09-18 09:58:37,390 [Datanode State Machine Thread - 0] INFO  server.GrpcService (GrpcService.java:startImpl(158)) - 8f53d3c5-7943-4c00-9108-ce782fbf9e92: GrpcService started, listening on 0.0.0.0/0.0.0.0:34289
2019-09-18 09:58:37,390 [Datanode State Machine Thread - 0] INFO  ratis.XceiverServerRatis (XceiverServerRatis.java:start(421)) - XceiverServerRatis 8f53d3c5-7943-4c00-9108-ce782fbf9e92 is started using port 34289
2019-09-18 09:58:37,394 [Datanode State Machine Thread - 0] INFO  server.XceiverServerGrpc (XceiverServerGrpc.java:start(163)) - XceiverServerGrpc 8f53d3c5-7943-4c00-9108-ce782fbf9e92 is started using port 33377
2019-09-18 09:58:37,416 [main] INFO  impl.RaftServerProxy (ConfUtils.java:logGet(43)) - raft.rpc.type = GRPC (default)
2019-09-18 09:58:37,417 [main] INFO  grpc.GrpcFactory (GrpcFactory.java:checkPooledByteBufAllocatorUseCacheForAllThreads(45)) - PERFORMANCE WARNING: useCacheForAllThreads is true that may cause Netty to create a lot garbage objects and, as a result, trigger GC.
	It is recommended to disable useCacheForAllThreads by setting -Dorg.apache.ratis.thirdparty.io.netty.allocator.useCacheForAllThreads=false in command line.
2019-09-18 09:58:37,417 [main] INFO  grpc.GrpcConfigKeys$Server (ConfUtils.java:logGet(43)) - raft.grpc.server.port = 0 (default)
2019-09-18 09:58:37,417 [main] INFO  server.GrpcService (ConfUtils.java:logGet(43)) - raft.grpc.message.size.max = 33570816 (custom)
2019-09-18 09:58:37,418 [main] INFO  server.RaftServerConfigKeys (ConfUtils.java:logGet(43)) - raft.server.log.appender.buffer.byte-limit = 33554432 (custom)
2019-09-18 09:58:37,418 [main] INFO  server.GrpcService (ConfUtils.java:logGet(43)) - raft.grpc.flow.control.window = 1MB (=1048576) (default)
2019-09-18 09:58:37,418 [main] INFO  server.RaftServerConfigKeys (ConfUtils.java:logGet(43)) - raft.server.rpc.request.timeout = 3000ms (default)
2019-09-18 09:58:37,419 [main] INFO  server.RaftServerConfigKeys (ConfUtils.java:logGet(43)) - raft.server.storage.dir = [/workdir/hadoop-ozone/integration-test/target/test-dir/MiniOzoneClusterImpl-5f4d0526-9e7c-4c5b-a88f-fb02f19e7f1d/datanode-6/data/ratis] (custom)
2019-09-18 09:58:37,420 [main] INFO  hdfs.DFSUtil (DFSUtil.java:httpServerTemplateForNNAndJN(1641)) - Starting Web-server for hddsDatanode at: http://0.0.0.0:0
2019-09-18 09:58:37,423 [main] INFO  server.AuthenticationFilter (AuthenticationFilter.java:constructSecretProvider(240)) - Unable to initialize FileSignerSecretProvider, falling back to use random secrets.
2019-09-18 09:58:37,423 [main] WARN  http.HttpRequestLog (HttpRequestLog.java:getRequestLog(97)) - Jetty request log can only be enabled using Log4j
2019-09-18 09:58:37,426 [main] INFO  http.HttpServer2 (HttpServer2.java:addGlobalFilter(975)) - Added global filter 'safety' (class=org.apache.hadoop.http.HttpServer2$QuotingInputFilter)
2019-09-18 09:58:37,427 [main] INFO  http.HttpServer2 (HttpServer2.java:addFilter(948)) - Added filter static_user_filter (class=org.apache.hadoop.http.lib.StaticUserWebFilter$StaticUserFilter) to context hddsDatanode
2019-09-18 09:58:37,427 [main] INFO  http.HttpServer2 (HttpServer2.java:addFilter(958)) - Added filter static_user_filter (class=org.apache.hadoop.http.lib.StaticUserWebFilter$StaticUserFilter) to context logs
2019-09-18 09:58:37,427 [main] INFO  http.HttpServer2 (HttpServer2.java:addFilter(958)) - Added filter static_user_filter (class=org.apache.hadoop.http.lib.StaticUserWebFilter$StaticUserFilter) to context static
2019-09-18 09:58:37,428 [main] INFO  http.HttpServer2 (HttpServer2.java:bindListener(1191)) - Jetty bound to port 44857
2019-09-18 09:58:37,429 [main] INFO  server.Server (Server.java:doStart(351)) - jetty-9.3.24.v20180605, build timestamp: 2018-06-05T17:11:56Z, git hash: 84205aa28f11a4f31f2a3b86d1bba2cc8ab69827
2019-09-18 09:58:37,431 [main] INFO  handler.ContextHandler (ContextHandler.java:doStart(781)) - Started o.e.j.s.ServletContextHandler@231df705{/logs,file:///workdir/hadoop-ozone/integration-test/target/log,AVAILABLE}
2019-09-18 09:58:37,431 [main] INFO  handler.ContextHandler (ContextHandler.java:doStart(781)) - Started o.e.j.s.ServletContextHandler@2f0ccb34{/static,jar:file:/home/user/.m2/repository/org/apache/hadoop/hadoop-hdds-container-service/0.5.0-SNAPSHOT/hadoop-hdds-container-service-0.5.0-SNAPSHOT.jar!/webapps/static,AVAILABLE}
2019-09-18 09:58:37,473 [main] INFO  handler.ContextHandler (ContextHandler.java:doStart(781)) - Started o.e.j.w.WebAppContext@79252c83{/,file:///tmp/jetty-0.0.0.0-44857-hddsDatanode-_-any-607673145733449815.dir/webapp/,AVAILABLE}{/hddsDatanode}
2019-09-18 09:58:37,474 [main] INFO  server.AbstractConnector (AbstractConnector.java:doStart(278)) - Started ServerConnector@6fbf5db2{HTTP/1.1,[http/1.1]}{0.0.0.0:44857}
2019-09-18 09:58:37,476 [main] INFO  server.Server (Server.java:doStart(419)) - Started @241020ms
2019-09-18 09:58:37,476 [main] WARN  impl.MetricsSystemImpl (MetricsSystemImpl.java:register(276)) - Sink prometheus already exists!
2019-09-18 09:58:37,477 [main] INFO  server.BaseHttpServer (BaseHttpServer.java:updateConnectorAddress(215)) - HTTP server of HDDSDATANODE is listening at http://0.0.0.0:44857
2019-09-18 09:58:37,478 [main] INFO  ozone.MiniOzoneClusterImpl (MiniOzoneClusterImpl.java:lambda$waitForClusterToBeReady$0(145)) - Waiting for cluster to be ready. Got 0 of 7 DN Heartbeats.
2019-09-18 09:58:37,479 [org.apache.hadoop.util.JvmPauseMonitor$Monitor@6234f0d] INFO  util.JvmPauseMonitor (JvmPauseMonitor.java:run(188)) - Starting JVM pause monitor
2019-09-18 09:58:37,481 [Datanode State Machine Thread - 0] INFO  datanode.InitDatanodeState (InitDatanodeState.java:persistContainerDatanodeDetails(140)) - DatanodeDetails is persisted to /workdir/hadoop-ozone/integration-test/target/test-dir/MiniOzoneClusterImpl-5f4d0526-9e7c-4c5b-a88f-fb02f19e7f1d/datanode-6/meta/datanode.id
2019-09-18 09:58:38,266 [IPC Server handler 3 on 44192] INFO  net.NetworkTopology (NetworkTopologyImpl.java:add(111)) - Added a new node: /default-rack/a4c87eb4-b75f-4e60-9914-913e5c1f17d9
2019-09-18 09:58:38,269 [IPC Server handler 3 on 44192] INFO  node.SCMNodeManager (SCMNodeManager.java:register(266)) - Registered Data node : a4c87eb4-b75f-4e60-9914-913e5c1f17d9{ip: 192.168.34.50, host: pr-hdds-2141-pjvt9-4098185234, networkLocation: /default-rack, certSerialId: null}
2019-09-18 09:58:38,271 [EventQueue-NodeRegistrationContainerReportForDataNodeSafeModeRule] INFO  safemode.SCMSafeModeManager (DataNodeSafeModeRule.java:process(71)) - SCM in safe mode. 1 DataNodes registered, 1 required.
2019-09-18 09:58:38,274 [EventQueue-NodeRegistrationContainerReportForDataNodeSafeModeRule] INFO  safemode.SCMSafeModeManager (SCMSafeModeManager.java:validateSafeModeExitRules(177)) - ScmSafeModeManager, all rules are successfully validated
2019-09-18 09:58:38,274 [EventQueue-NodeRegistrationContainerReportForDataNodeSafeModeRule] INFO  safemode.SCMSafeModeManager (SCMSafeModeManager.java:exitSafeMode(193)) - SCM exiting safe mode.
2019-09-18 09:58:38,281 [grpc-default-executor-3] INFO  impl.RaftServerProxy (RaftServerProxy.java:addNew(89)) - a4c87eb4-b75f-4e60-9914-913e5c1f17d9: addNew group-A166B26F0589:[a4c87eb4-b75f-4e60-9914-913e5c1f17d9:192.168.34.50:37158] returns group-A166B26F0589:java.util.concurrent.CompletableFuture@5da77ae1[Not completed]
2019-09-18 09:58:38,284 [pool-383-thread-1] INFO  impl.RaftServerImpl (RaftServerImpl.java:<init>(95)) - a4c87eb4-b75f-4e60-9914-913e5c1f17d9: new RaftServerImpl for group-A166B26F0589:[a4c87eb4-b75f-4e60-9914-913e5c1f17d9:192.168.34.50:37158] with ContainerStateMachine:uninitialized
2019-09-18 09:58:38,284 [pool-383-thread-1] INFO  server.RaftServerConfigKeys (ConfUtils.java:logGet(43)) - raft.server.rpc.timeout.min = 5s (custom)
2019-09-18 09:58:38,285 [pool-383-thread-1] INFO  server.RaftServerConfigKeys (ConfUtils.java:logGet(43)) - raft.server.rpc.timeout.max = 5200ms (custom)
2019-09-18 09:58:38,285 [pool-383-thread-1] INFO  server.RaftServerConfigKeys (ConfUtils.java:logGet(43)) - raft.server.rpcslowness.timeout = 120s (custom)
2019-09-18 09:58:38,285 [pool-383-thread-1] INFO  server.RaftServerConfigKeys (ConfUtils.java:logGet(43)) - raft.server.sleep.deviation.threshold = 300 (default)
2019-09-18 09:58:38,286 [pool-383-thread-1] INFO  server.RaftServerConfigKeys (ConfUtils.java:logGet(43)) - raft.server.log.appender.install.snapshot.enabled = false (custom)
2019-09-18 09:58:38,286 [pool-383-thread-1] INFO  impl.RaftServerImpl (ServerState.java:<init>(103)) - a4c87eb4-b75f-4e60-9914-913e5c1f17d9@group-A166B26F0589: ConfigurationManager, init=-1: [a4c87eb4-b75f-4e60-9914-913e5c1f17d9:192.168.34.50:37158], old=null, confs=<EMPTY_MAP>
2019-09-18 09:58:38,286 [pool-383-thread-1] INFO  server.RaftServerConfigKeys (ConfUtils.java:logGet(43)) - raft.server.storage.dir = [/workdir/hadoop-ozone/integration-test/target/test-dir/MiniOzoneClusterImpl-5f4d0526-9e7c-4c5b-a88f-fb02f19e7f1d/datanode-0/data/ratis] (custom)
2019-09-18 09:58:38,287 [pool-383-thread-1] INFO  storage.RaftStorageDirectory (RaftStorageDirectory.java:analyzeStorage(246)) - The storage directory /workdir/hadoop-ozone/integration-test/target/test-dir/MiniOzoneClusterImpl-5f4d0526-9e7c-4c5b-a88f-fb02f19e7f1d/datanode-0/data/ratis/e94add6a-a656-45c2-a17f-a166b26f0589 does not exist. Creating ...
2019-09-18 09:58:38,366 [IPC Server handler 2 on 44192] INFO  net.NetworkTopology (NetworkTopologyImpl.java:add(111)) - Added a new node: /default-rack/2de5b735-5f5e-4913-97f2-cd9b7e38d44d
2019-09-18 09:58:38,366 [IPC Server handler 2 on 44192] INFO  node.SCMNodeManager (SCMNodeManager.java:register(266)) - Registered Data node : 2de5b735-5f5e-4913-97f2-cd9b7e38d44d{ip: 192.168.34.50, host: pr-hdds-2141-pjvt9-4098185234, networkLocation: /default-rack, certSerialId: null}
2019-09-18 09:58:38,448 [IPC Server handler 4 on 44192] INFO  net.NetworkTopology (NetworkTopologyImpl.java:add(111)) - Added a new node: /default-rack/005abd97-d8f5-4c59-a49a-947228164777
2019-09-18 09:58:38,449 [IPC Server handler 4 on 44192] INFO  node.SCMNodeManager (SCMNodeManager.java:register(266)) - Registered Data node : 005abd97-d8f5-4c59-a49a-947228164777{ip: 192.168.34.50, host: pr-hdds-2141-pjvt9-4098185234, networkLocation: /default-rack, certSerialId: null}
2019-09-18 09:58:38,478 [main] INFO  ozone.MiniOzoneClusterImpl (MiniOzoneClusterImpl.java:lambda$waitForClusterToBeReady$0(145)) - Waiting for cluster to be ready. Got 3 of 7 DN Heartbeats.
2019-09-18 09:58:38,544 [IPC Server handler 5 on 44192] INFO  net.NetworkTopology (NetworkTopologyImpl.java:add(111)) - Added a new node: /default-rack/8f53d3c5-7943-4c00-9108-ce782fbf9e92
2019-09-18 09:58:38,544 [IPC Server handler 5 on 44192] INFO  node.SCMNodeManager (SCMNodeManager.java:register(266)) - Registered Data node : 8f53d3c5-7943-4c00-9108-ce782fbf9e92{ip: 192.168.34.50, host: pr-hdds-2141-pjvt9-4098185234, networkLocation: /default-rack, certSerialId: null}
2019-09-18 09:58:38,685 [IPC Server handler 3 on 44192] INFO  net.NetworkTopology (NetworkTopologyImpl.java:add(111)) - Added a new node: /default-rack/3a0c29e2-5599-4a38-a73f-e743e8986a45
2019-09-18 09:58:38,685 [IPC Server handler 3 on 44192] INFO  node.SCMNodeManager (SCMNodeManager.java:register(266)) - Registered Data node : 3a0c29e2-5599-4a38-a73f-e743e8986a45{ip: 192.168.34.50, host: pr-hdds-2141-pjvt9-4098185234, networkLocation: /default-rack, certSerialId: null}
2019-09-18 09:58:39,479 [main] INFO  ozone.MiniOzoneClusterImpl (MiniOzoneClusterImpl.java:lambda$waitForClusterToBeReady$0(145)) - Waiting for cluster to be ready. Got 5 of 7 DN Heartbeats.
2019-09-18 09:58:40,308 [pool-383-thread-1] INFO  storage.RaftStorageDirectory (RaftStorageDirectory.java:tryLock(328)) - Lock on /workdir/hadoop-ozone/integration-test/target/test-dir/MiniOzoneClusterImpl-5f4d0526-9e7c-4c5b-a88f-fb02f19e7f1d/datanode-0/data/ratis/e94add6a-a656-45c2-a17f-a166b26f0589/in_use.lock acquired by nodename 867@pr-hdds-2141-pjvt9-4098185234
2019-09-18 09:58:40,308 [Datanode State Machine Thread - 0] INFO  ozoneimpl.OzoneContainer (OzoneContainer.java:start(217)) - Attempting to start container services.
2019-09-18 09:58:40,308 [Datanode State Machine Thread - 0] INFO  ozoneimpl.OzoneContainer (OzoneContainer.java:start(217)) - Attempting to start container services.
2019-09-18 09:58:40,308 [Datanode State Machine Thread - 0] INFO  ozoneimpl.OzoneContainer (OzoneContainer.java:startContainerScrub(179)) - Background container scanner has been disabled.
2019-09-18 09:58:40,309 [Datanode State Machine Thread - 0] INFO  ratis.XceiverServerRatis (XceiverServerRatis.java:start(411)) - Starting XceiverServerRatis 9c46bebe-7017-4198-8b11-dc6744ed4c0e at port 0
2019-09-18 09:58:40,309 [Datanode State Machine Thread - 0] INFO  ozoneimpl.OzoneContainer (OzoneContainer.java:startContainerScrub(179)) - Background container scanner has been disabled.
2019-09-18 09:58:40,309 [Datanode State Machine Thread - 0] INFO  ratis.XceiverServerRatis (XceiverServerRatis.java:start(411)) - Starting XceiverServerRatis 43692c40-cad1-44a4-bc68-5df2581f8f96 at port 0
2019-09-18 09:58:40,324 [Datanode State Machine Thread - 0] INFO  impl.RaftServerProxy (RaftServerProxy.java:lambda$start$3(299)) - 9c46bebe-7017-4198-8b11-dc6744ed4c0e: start RPC server
2019-09-18 09:58:40,325 [Datanode State Machine Thread - 0] INFO  impl.RaftServerProxy (RaftServerProxy.java:lambda$start$3(299)) - 43692c40-cad1-44a4-bc68-5df2581f8f96: start RPC server
2019-09-18 09:58:40,348 [Datanode State Machine Thread - 0] INFO  server.GrpcService (GrpcService.java:startImpl(158)) - 9c46bebe-7017-4198-8b11-dc6744ed4c0e: GrpcService started, listening on 0.0.0.0/0.0.0.0:33972
2019-09-18 09:58:40,349 [Datanode State Machine Thread - 0] INFO  ratis.XceiverServerRatis (XceiverServerRatis.java:start(421)) - XceiverServerRatis 9c46bebe-7017-4198-8b11-dc6744ed4c0e is started using port 33972
2019-09-18 09:58:40,352 [Datanode State Machine Thread - 0] INFO  server.GrpcService (GrpcService.java:startImpl(158)) - 43692c40-cad1-44a4-bc68-5df2581f8f96: GrpcService started, listening on 0.0.0.0/0.0.0.0:37858
2019-09-18 09:58:40,352 [Datanode State Machine Thread - 0] INFO  ratis.XceiverServerRatis (XceiverServerRatis.java:start(421)) - XceiverServerRatis 43692c40-cad1-44a4-bc68-5df2581f8f96 is started using port 37858
2019-09-18 09:58:40,352 [Datanode State Machine Thread - 0] INFO  server.XceiverServerGrpc (XceiverServerGrpc.java:start(163)) - XceiverServerGrpc 9c46bebe-7017-4198-8b11-dc6744ed4c0e is started using port 38806
2019-09-18 09:58:40,353 [Datanode State Machine Thread - 0] INFO  server.XceiverServerGrpc (XceiverServerGrpc.java:start(163)) - XceiverServerGrpc 43692c40-cad1-44a4-bc68-5df2581f8f96 is started using port 46085
2019-09-18 09:58:40,366 [pool-383-thread-1] INFO  storage.RaftStorage (RaftStorage.java:format(72)) - Storage directory /workdir/hadoop-ozone/integration-test/target/test-dir/MiniOzoneClusterImpl-5f4d0526-9e7c-4c5b-a88f-fb02f19e7f1d/datanode-0/data/ratis/e94add6a-a656-45c2-a17f-a166b26f0589 has been successfully formatted.
2019-09-18 09:58:40,366 [pool-383-thread-1] INFO  ratis.ContainerStateMachine (ContainerStateMachine.java:loadSnapshot(230)) - group-A166B26F0589: The snapshot info is null. Setting the last applied indexto:(t:0, i:~)
2019-09-18 09:58:40,366 [pool-383-thread-1] INFO  server.RaftServerConfigKeys (ConfUtils.java:logGet(43)) - raft.server.notification.no-leader.timeout = 120s (custom)
2019-09-18 09:58:40,367 [pool-383-thread-1] INFO  server.RaftServerConfigKeys (ConfUtils.java:logGet(43)) - raft.server.log.use.memory = false (default)
2019-09-18 09:58:40,367 [pool-383-thread-1] INFO  server.RaftServerConfigKeys (ConfUtils.java:logGet(43)) - raft.server.log.purge.gap = 1000000 (custom)
2019-09-18 09:58:40,367 [pool-383-thread-1] INFO  server.RaftServerConfigKeys (ConfUtils.java:logGet(43)) - raft.server.log.appender.buffer.byte-limit = 33554432 (custom)
2019-09-18 09:58:40,367 [pool-383-thread-1] INFO  server.RaftServerConfigKeys (ConfUtils.java:logGet(43)) - raft.server.log.segment.size.max = 1048576 (custom)
2019-09-18 09:58:40,367 [pool-383-thread-1] INFO  server.RaftServerConfigKeys (ConfUtils.java:logGet(43)) - raft.server.log.segment.cache.num.max = 2 (custom)
2019-09-18 09:58:40,368 [pool-383-thread-1] INFO  segmented.SegmentedRaftLogWorker (SegmentedRaftLogWorker.java:<init>(172)) - new a4c87eb4-b75f-4e60-9914-913e5c1f17d9@group-A166B26F0589-SegmentedRaftLogWorker for RaftStorage:Storage Directory /workdir/hadoop-ozone/integration-test/target/test-dir/MiniOzoneClusterImpl-5f4d0526-9e7c-4c5b-a88f-fb02f19e7f1d/datanode-0/data/ratis/e94add6a-a656-45c2-a17f-a166b26f0589
2019-09-18 09:58:40,370 [pool-383-thread-1] INFO  server.RaftServerConfigKeys (ConfUtils.java:logGet(43)) - raft.server.log.queue.byte-limit = 2147483647 (custom)
2019-09-18 09:58:40,370 [pool-383-thread-1] INFO  server.RaftServerConfigKeys (ConfUtils.java:logGet(43)) - raft.server.log.queue.element-limit = 1024 (custom)
2019-09-18 09:58:40,370 [pool-383-thread-1] INFO  server.RaftServerConfigKeys (ConfUtils.java:logGet(43)) - raft.server.log.segment.size.max = 1048576 (custom)
2019-09-18 09:58:40,370 [pool-383-thread-1] INFO  server.RaftServerConfigKeys (ConfUtils.java:logGet(43)) - raft.server.log.preallocated.size = 16384 (custom)
2019-09-18 09:58:40,371 [pool-383-thread-1] INFO  server.RaftServerConfigKeys (ConfUtils.java:logGet(43)) - raft.server.log.write.buffer.size = 33554432 (custom)
2019-09-18 09:58:40,371 [pool-383-thread-1] INFO  server.RaftServerConfigKeys (ConfUtils.java:logGet(43)) - raft.server.log.force.sync.num = 128 (default)
2019-09-18 09:58:40,371 [pool-383-thread-1] INFO  server.RaftServerConfigKeys (ConfUtils.java:logGet(43)) - raft.server.log.statemachine.data.sync = true (default)
2019-09-18 09:58:40,371 [pool-383-thread-1] INFO  server.RaftServerConfigKeys (ConfUtils.java:logGet(43)) - raft.server.log.statemachine.data.sync.timeout = 10s (default)
2019-09-18 09:58:40,371 [pool-383-thread-1] INFO  server.RaftServerConfigKeys (ConfUtils.java:logGet(43)) - raft.server.log.statemachine.data.sync.timeout.retry = -1 (default)
2019-09-18 09:58:40,372 [pool-383-thread-1] INFO  server.RaftServerConfigKeys (ConfUtils.java:logGet(43)) - raft.server.log.statemachine.data.caching.enabled = true (custom)
2019-09-18 09:58:40,372 [pool-383-thread-1] INFO  segmented.SegmentedRaftLogWorker (SegmentedRaftLogWorker.java:lambda$new$0(132)) - a4c87eb4-b75f-4e60-9914-913e5c1f17d9@group-A166B26F0589-SegmentedRaftLogWorker: flushIndex: setUnconditionally 0 -> -1
2019-09-18 09:58:40,372 [pool-383-thread-1] INFO  server.RaftServerConfigKeys (ConfUtils.java:logGet(43)) - raft.server.snapshot.auto.trigger.enabled = true (custom)
2019-09-18 09:58:40,373 [pool-383-thread-1] INFO  server.RaftServerConfigKeys (ConfUtils.java:logGet(43)) - raft.server.snapshot.auto.trigger.threshold = 10000 (custom)
2019-09-18 09:58:40,373 [pool-383-thread-1] INFO  server.RaftServerConfigKeys (ConfUtils.java:logGet(43)) - raft.server.snapshot.retention.num.files = 5 (custom)
2019-09-18 09:58:40,373 [pool-383-thread-1] INFO  server.RaftServerConfigKeys (ConfUtils.java:logGet(43)) - raft.server.retrycache.expirytime = 600000ms (custom)
2019-09-18 09:58:40,376 [pool-383-thread-1] INFO  impl.RaftServerImpl (RaftServerImpl.java:start(185)) - a4c87eb4-b75f-4e60-9914-913e5c1f17d9@group-A166B26F0589: start as a follower, conf=-1: [a4c87eb4-b75f-4e60-9914-913e5c1f17d9:192.168.34.50:37158], old=null
2019-09-18 09:58:40,376 [pool-383-thread-1] INFO  impl.RaftServerImpl (RaftServerImpl.java:setRole(174)) - a4c87eb4-b75f-4e60-9914-913e5c1f17d9@group-A166B26F0589: changes role from      null to FOLLOWER at term 0 for startAsFollower
2019-09-18 09:58:40,376 [pool-383-thread-1] INFO  impl.RoleInfo (RoleInfo.java:updateAndGet(143)) - a4c87eb4-b75f-4e60-9914-913e5c1f17d9: start FollowerState
2019-09-18 09:58:40,377 [pool-383-thread-1] INFO  util.JmxRegister (JmxRegister.java:tryRegister(44)) - Successfully registered JMX Bean with object name Ratis:service=RaftServer,group=group-A166B26F0589,id=a4c87eb4-b75f-4e60-9914-913e5c1f17d9
2019-09-18 09:58:40,393 [RatisPipelineUtilsThread] INFO  pipeline.PipelineStateManager (PipelineStateManager.java:addPipeline(56)) - Created pipeline Pipeline[ Id: e94add6a-a656-45c2-a17f-a166b26f0589, Nodes: a4c87eb4-b75f-4e60-9914-913e5c1f17d9{ip: 192.168.34.50, host: pr-hdds-2141-pjvt9-4098185234, networkLocation: /default-rack, certSerialId: null}, Type:RATIS, Factor:ONE, State:OPEN]
2019-09-18 09:58:40,399 [grpc-default-executor-3] INFO  impl.RaftServerProxy (RaftServerProxy.java:addNew(89)) - 2de5b735-5f5e-4913-97f2-cd9b7e38d44d: addNew group-2AAB68E64FAC:[2de5b735-5f5e-4913-97f2-cd9b7e38d44d:192.168.34.50:39091] returns group-2AAB68E64FAC:java.util.concurrent.CompletableFuture@7229b3ed[Not completed]
2019-09-18 09:58:40,400 [pool-393-thread-1] INFO  impl.RaftServerImpl (RaftServerImpl.java:<init>(95)) - 2de5b735-5f5e-4913-97f2-cd9b7e38d44d: new RaftServerImpl for group-2AAB68E64FAC:[2de5b735-5f5e-4913-97f2-cd9b7e38d44d:192.168.34.50:39091] with ContainerStateMachine:uninitialized
2019-09-18 09:58:40,401 [pool-393-thread-1] INFO  server.RaftServerConfigKeys (ConfUtils.java:logGet(43)) - raft.server.rpc.timeout.min = 5s (custom)
2019-09-18 09:58:40,401 [pool-393-thread-1] INFO  server.RaftServerConfigKeys (ConfUtils.java:logGet(43)) - raft.server.rpc.timeout.max = 5200ms (custom)
2019-09-18 09:58:40,401 [pool-393-thread-1] INFO  server.RaftServerConfigKeys (ConfUtils.java:logGet(43)) - raft.server.rpcslowness.timeout = 120s (custom)
2019-09-18 09:58:40,401 [pool-393-thread-1] INFO  server.RaftServerConfigKeys (ConfUtils.java:logGet(43)) - raft.server.sleep.deviation.threshold = 300 (default)
2019-09-18 09:58:40,401 [pool-393-thread-1] INFO  server.RaftServerConfigKeys (ConfUtils.java:logGet(43)) - raft.server.log.appender.install.snapshot.enabled = false (custom)
2019-09-18 09:58:40,401 [pool-393-thread-1] INFO  impl.RaftServerImpl (ServerState.java:<init>(103)) - 2de5b735-5f5e-4913-97f2-cd9b7e38d44d@group-2AAB68E64FAC: ConfigurationManager, init=-1: [2de5b735-5f5e-4913-97f2-cd9b7e38d44d:192.168.34.50:39091], old=null, confs=<EMPTY_MAP>
2019-09-18 09:58:40,401 [pool-393-thread-1] INFO  server.RaftServerConfigKeys (ConfUtils.java:logGet(43)) - raft.server.storage.dir = [/workdir/hadoop-ozone/integration-test/target/test-dir/MiniOzoneClusterImpl-5f4d0526-9e7c-4c5b-a88f-fb02f19e7f1d/datanode-1/data/ratis] (custom)
2019-09-18 09:58:40,402 [pool-393-thread-1] INFO  storage.RaftStorageDirectory (RaftStorageDirectory.java:analyzeStorage(246)) - The storage directory /workdir/hadoop-ozone/integration-test/target/test-dir/MiniOzoneClusterImpl-5f4d0526-9e7c-4c5b-a88f-fb02f19e7f1d/datanode-1/data/ratis/e23cd99d-bc91-4469-9de2-2aab68e64fac does not exist. Creating ...
2019-09-18 09:58:40,408 [pool-393-thread-1] INFO  storage.RaftStorageDirectory (RaftStorageDirectory.java:tryLock(328)) - Lock on /workdir/hadoop-ozone/integration-test/target/test-dir/MiniOzoneClusterImpl-5f4d0526-9e7c-4c5b-a88f-fb02f19e7f1d/datanode-1/data/ratis/e23cd99d-bc91-4469-9de2-2aab68e64fac/in_use.lock acquired by nodename 867@pr-hdds-2141-pjvt9-4098185234
2019-09-18 09:58:40,417 [pool-393-thread-1] INFO  storage.RaftStorage (RaftStorage.java:format(72)) - Storage directory /workdir/hadoop-ozone/integration-test/target/test-dir/MiniOzoneClusterImpl-5f4d0526-9e7c-4c5b-a88f-fb02f19e7f1d/datanode-1/data/ratis/e23cd99d-bc91-4469-9de2-2aab68e64fac has been successfully formatted.
2019-09-18 09:58:40,418 [pool-393-thread-1] INFO  ratis.ContainerStateMachine (ContainerStateMachine.java:loadSnapshot(230)) - group-2AAB68E64FAC: The snapshot info is null. Setting the last applied indexto:(t:0, i:~)
2019-09-18 09:58:40,418 [pool-393-thread-1] INFO  server.RaftServerConfigKeys (ConfUtils.java:logGet(43)) - raft.server.notification.no-leader.timeout = 120s (custom)
2019-09-18 09:58:40,418 [pool-393-thread-1] INFO  server.RaftServerConfigKeys (ConfUtils.java:logGet(43)) - raft.server.log.use.memory = false (default)
2019-09-18 09:58:40,418 [pool-393-thread-1] INFO  server.RaftServerConfigKeys (ConfUtils.java:logGet(43)) - raft.server.log.purge.gap = 1000000 (custom)
2019-09-18 09:58:40,418 [pool-393-thread-1] INFO  server.RaftServerConfigKeys (ConfUtils.java:logGet(43)) - raft.server.log.appender.buffer.byte-limit = 33554432 (custom)
2019-09-18 09:58:40,418 [pool-393-thread-1] INFO  server.RaftServerConfigKeys (ConfUtils.java:logGet(43)) - raft.server.log.segment.size.max = 1048576 (custom)
2019-09-18 09:58:40,418 [pool-393-thread-1] INFO  server.RaftServerConfigKeys (ConfUtils.java:logGet(43)) - raft.server.log.segment.cache.num.max = 2 (custom)
2019-09-18 09:58:40,418 [pool-393-thread-1] INFO  segmented.SegmentedRaftLogWorker (SegmentedRaftLogWorker.java:<init>(172)) - new 2de5b735-5f5e-4913-97f2-cd9b7e38d44d@group-2AAB68E64FAC-SegmentedRaftLogWorker for RaftStorage:Storage Directory /workdir/hadoop-ozone/integration-test/target/test-dir/MiniOzoneClusterImpl-5f4d0526-9e7c-4c5b-a88f-fb02f19e7f1d/datanode-1/data/ratis/e23cd99d-bc91-4469-9de2-2aab68e64fac
2019-09-18 09:58:40,420 [pool-393-thread-1] INFO  server.RaftServerConfigKeys (ConfUtils.java:logGet(43)) - raft.server.log.queue.byte-limit = 2147483647 (custom)
2019-09-18 09:58:40,420 [pool-393-thread-1] INFO  server.RaftServerConfigKeys (ConfUtils.java:logGet(43)) - raft.server.log.queue.element-limit = 1024 (custom)
2019-09-18 09:58:40,421 [pool-393-thread-1] INFO  server.RaftServerConfigKeys (ConfUtils.java:logGet(43)) - raft.server.log.segment.size.max = 1048576 (custom)
2019-09-18 09:58:40,421 [pool-393-thread-1] INFO  server.RaftServerConfigKeys (ConfUtils.java:logGet(43)) - raft.server.log.preallocated.size = 16384 (custom)
2019-09-18 09:58:40,421 [pool-393-thread-1] INFO  server.RaftServerConfigKeys (ConfUtils.java:logGet(43)) - raft.server.log.write.buffer.size = 33554432 (custom)
2019-09-18 09:58:40,421 [pool-393-thread-1] INFO  server.RaftServerConfigKeys (ConfUtils.java:logGet(43)) - raft.server.log.force.sync.num = 128 (default)
2019-09-18 09:58:40,421 [pool-393-thread-1] INFO  server.RaftServerConfigKeys (ConfUtils.java:logGet(43)) - raft.server.log.statemachine.data.sync = true (default)
2019-09-18 09:58:40,421 [pool-393-thread-1] INFO  server.RaftServerConfigKeys (ConfUtils.java:logGet(43)) - raft.server.log.statemachine.data.sync.timeout = 10s (default)
2019-09-18 09:58:40,421 [pool-393-thread-1] INFO  server.RaftServerConfigKeys (ConfUtils.java:logGet(43)) - raft.server.log.statemachine.data.sync.timeout.retry = -1 (default)
2019-09-18 09:58:40,421 [pool-393-thread-1] INFO  server.RaftServerConfigKeys (ConfUtils.java:logGet(43)) - raft.server.log.statemachine.data.caching.enabled = true (custom)
2019-09-18 09:58:40,422 [pool-393-thread-1] INFO  segmented.SegmentedRaftLogWorker (SegmentedRaftLogWorker.java:lambda$new$0(132)) - 2de5b735-5f5e-4913-97f2-cd9b7e38d44d@group-2AAB68E64FAC-SegmentedRaftLogWorker: flushIndex: setUnconditionally 0 -> -1
2019-09-18 09:58:40,422 [pool-393-thread-1] INFO  server.RaftServerConfigKeys (ConfUtils.java:logGet(43)) - raft.server.snapshot.auto.trigger.enabled = true (custom)
2019-09-18 09:58:40,422 [pool-393-thread-1] INFO  server.RaftServerConfigKeys (ConfUtils.java:logGet(43)) - raft.server.snapshot.auto.trigger.threshold = 10000 (custom)
2019-09-18 09:58:40,422 [pool-393-thread-1] INFO  server.RaftServerConfigKeys (ConfUtils.java:logGet(43)) - raft.server.snapshot.retention.num.files = 5 (custom)
2019-09-18 09:58:40,422 [pool-393-thread-1] INFO  server.RaftServerConfigKeys (ConfUtils.java:logGet(43)) - raft.server.retrycache.expirytime = 600000ms (custom)
2019-09-18 09:58:40,424 [pool-393-thread-1] INFO  impl.RaftServerImpl (RaftServerImpl.java:start(185)) - 2de5b735-5f5e-4913-97f2-cd9b7e38d44d@group-2AAB68E64FAC: start as a follower, conf=-1: [2de5b735-5f5e-4913-97f2-cd9b7e38d44d:192.168.34.50:39091], old=null
2019-09-18 09:58:40,424 [pool-393-thread-1] INFO  impl.RaftServerImpl (RaftServerImpl.java:setRole(174)) - 2de5b735-5f5e-4913-97f2-cd9b7e38d44d@group-2AAB68E64FAC: changes role from      null to FOLLOWER at term 0 for startAsFollower
2019-09-18 09:58:40,424 [pool-393-thread-1] INFO  impl.RoleInfo (RoleInfo.java:updateAndGet(143)) - 2de5b735-5f5e-4913-97f2-cd9b7e38d44d: start FollowerState
2019-09-18 09:58:40,425 [pool-393-thread-1] INFO  util.JmxRegister (JmxRegister.java:tryRegister(44)) - Successfully registered JMX Bean with object name Ratis:service=RaftServer,group=group-2AAB68E64FAC,id=2de5b735-5f5e-4913-97f2-cd9b7e38d44d
2019-09-18 09:58:40,427 [RatisPipelineUtilsThread] INFO  pipeline.PipelineStateManager (PipelineStateManager.java:addPipeline(56)) - Created pipeline Pipeline[ Id: e23cd99d-bc91-4469-9de2-2aab68e64fac, Nodes: 2de5b735-5f5e-4913-97f2-cd9b7e38d44d{ip: 192.168.34.50, host: pr-hdds-2141-pjvt9-4098185234, networkLocation: /default-rack, certSerialId: null}, Type:RATIS, Factor:ONE, State:OPEN]
2019-09-18 09:58:40,432 [grpc-default-executor-3] INFO  impl.RaftServerProxy (RaftServerProxy.java:addNew(89)) - 005abd97-d8f5-4c59-a49a-947228164777: addNew group-18AA91A67B7E:[005abd97-d8f5-4c59-a49a-947228164777:192.168.34.50:46193] returns group-18AA91A67B7E:java.util.concurrent.CompletableFuture@21557e[Not completed]
2019-09-18 09:58:40,436 [pool-403-thread-1] INFO  impl.RaftServerImpl (RaftServerImpl.java:<init>(95)) - 005abd97-d8f5-4c59-a49a-947228164777: new RaftServerImpl for group-18AA91A67B7E:[005abd97-d8f5-4c59-a49a-947228164777:192.168.34.50:46193] with ContainerStateMachine:uninitialized
2019-09-18 09:58:40,436 [pool-403-thread-1] INFO  server.RaftServerConfigKeys (ConfUtils.java:logGet(43)) - raft.server.rpc.timeout.min = 5s (custom)
2019-09-18 09:58:40,436 [pool-403-thread-1] INFO  server.RaftServerConfigKeys (ConfUtils.java:logGet(43)) - raft.server.rpc.timeout.max = 5200ms (custom)
2019-09-18 09:58:40,436 [pool-403-thread-1] INFO  server.RaftServerConfigKeys (ConfUtils.java:logGet(43)) - raft.server.rpcslowness.timeout = 120s (custom)
2019-09-18 09:58:40,436 [pool-403-thread-1] INFO  server.RaftServerConfigKeys (ConfUtils.java:logGet(43)) - raft.server.sleep.deviation.threshold = 300 (default)
2019-09-18 09:58:40,436 [pool-403-thread-1] INFO  server.RaftServerConfigKeys (ConfUtils.java:logGet(43)) - raft.server.log.appender.install.snapshot.enabled = false (custom)
2019-09-18 09:58:40,436 [pool-403-thread-1] INFO  impl.RaftServerImpl (ServerState.java:<init>(103)) - 005abd97-d8f5-4c59-a49a-947228164777@group-18AA91A67B7E: ConfigurationManager, init=-1: [005abd97-d8f5-4c59-a49a-947228164777:192.168.34.50:46193], old=null, confs=<EMPTY_MAP>
2019-09-18 09:58:40,437 [pool-403-thread-1] INFO  server.RaftServerConfigKeys (ConfUtils.java:logGet(43)) - raft.server.storage.dir = [/workdir/hadoop-ozone/integration-test/target/test-dir/MiniOzoneClusterImpl-5f4d0526-9e7c-4c5b-a88f-fb02f19e7f1d/datanode-2/data/ratis] (custom)
2019-09-18 09:58:40,437 [pool-403-thread-1] INFO  storage.RaftStorageDirectory (RaftStorageDirectory.java:analyzeStorage(246)) - The storage directory /workdir/hadoop-ozone/integration-test/target/test-dir/MiniOzoneClusterImpl-5f4d0526-9e7c-4c5b-a88f-fb02f19e7f1d/datanode-2/data/ratis/8692b698-ef91-4e8a-a6ae-18aa91a67b7e does not exist. Creating ...
2019-09-18 09:58:40,448 [pool-403-thread-1] INFO  storage.RaftStorageDirectory (RaftStorageDirectory.java:tryLock(328)) - Lock on /workdir/hadoop-ozone/integration-test/target/test-dir/MiniOzoneClusterImpl-5f4d0526-9e7c-4c5b-a88f-fb02f19e7f1d/datanode-2/data/ratis/8692b698-ef91-4e8a-a6ae-18aa91a67b7e/in_use.lock acquired by nodename 867@pr-hdds-2141-pjvt9-4098185234
2019-09-18 09:58:40,457 [pool-403-thread-1] INFO  storage.RaftStorage (RaftStorage.java:format(72)) - Storage directory /workdir/hadoop-ozone/integration-test/target/test-dir/MiniOzoneClusterImpl-5f4d0526-9e7c-4c5b-a88f-fb02f19e7f1d/datanode-2/data/ratis/8692b698-ef91-4e8a-a6ae-18aa91a67b7e has been successfully formatted.
2019-09-18 09:58:40,457 [pool-403-thread-1] INFO  ratis.ContainerStateMachine (ContainerStateMachine.java:loadSnapshot(230)) - group-18AA91A67B7E: The snapshot info is null. Setting the last applied indexto:(t:0, i:~)
2019-09-18 09:58:40,457 [pool-403-thread-1] INFO  server.RaftServerConfigKeys (ConfUtils.java:logGet(43)) - raft.server.notification.no-leader.timeout = 120s (custom)
2019-09-18 09:58:40,458 [pool-403-thread-1] INFO  server.RaftServerConfigKeys (ConfUtils.java:logGet(43)) - raft.server.log.use.memory = false (default)
2019-09-18 09:58:40,458 [pool-403-thread-1] INFO  server.RaftServerConfigKeys (ConfUtils.java:logGet(43)) - raft.server.log.purge.gap = 1000000 (custom)
2019-09-18 09:58:40,458 [pool-403-thread-1] INFO  server.RaftServerConfigKeys (ConfUtils.java:logGet(43)) - raft.server.log.appender.buffer.byte-limit = 33554432 (custom)
2019-09-18 09:58:40,458 [pool-403-thread-1] INFO  server.RaftServerConfigKeys (ConfUtils.java:logGet(43)) - raft.server.log.segment.size.max = 1048576 (custom)
2019-09-18 09:58:40,458 [pool-403-thread-1] INFO  server.RaftServerConfigKeys (ConfUtils.java:logGet(43)) - raft.server.log.segment.cache.num.max = 2 (custom)
2019-09-18 09:58:40,458 [pool-403-thread-1] INFO  segmented.SegmentedRaftLogWorker (SegmentedRaftLogWorker.java:<init>(172)) - new 005abd97-d8f5-4c59-a49a-947228164777@group-18AA91A67B7E-SegmentedRaftLogWorker for RaftStorage:Storage Directory /workdir/hadoop-ozone/integration-test/target/test-dir/MiniOzoneClusterImpl-5f4d0526-9e7c-4c5b-a88f-fb02f19e7f1d/datanode-2/data/ratis/8692b698-ef91-4e8a-a6ae-18aa91a67b7e
2019-09-18 09:58:40,460 [pool-403-thread-1] INFO  server.RaftServerConfigKeys (ConfUtils.java:logGet(43)) - raft.server.log.queue.byte-limit = 2147483647 (custom)
2019-09-18 09:58:40,460 [pool-403-thread-1] INFO  server.RaftServerConfigKeys (ConfUtils.java:logGet(43)) - raft.server.log.queue.element-limit = 1024 (custom)
2019-09-18 09:58:40,460 [pool-403-thread-1] INFO  server.RaftServerConfigKeys (ConfUtils.java:logGet(43)) - raft.server.log.segment.size.max = 1048576 (custom)
2019-09-18 09:58:40,460 [pool-403-thread-1] INFO  server.RaftServerConfigKeys (ConfUtils.java:logGet(43)) - raft.server.log.preallocated.size = 16384 (custom)
2019-09-18 09:58:40,460 [pool-403-thread-1] INFO  server.RaftServerConfigKeys (ConfUtils.java:logGet(43)) - raft.server.log.write.buffer.size = 33554432 (custom)
2019-09-18 09:58:40,461 [pool-403-thread-1] INFO  server.RaftServerConfigKeys (ConfUtils.java:logGet(43)) - raft.server.log.force.sync.num = 128 (default)
2019-09-18 09:58:40,461 [pool-403-thread-1] INFO  server.RaftServerConfigKeys (ConfUtils.java:logGet(43)) - raft.server.log.statemachine.data.sync = true (default)
2019-09-18 09:58:40,461 [pool-403-thread-1] INFO  server.RaftServerConfigKeys (ConfUtils.java:logGet(43)) - raft.server.log.statemachine.data.sync.timeout = 10s (default)
2019-09-18 09:58:40,461 [pool-403-thread-1] INFO  server.RaftServerConfigKeys (ConfUtils.java:logGet(43)) - raft.server.log.statemachine.data.sync.timeout.retry = -1 (default)
2019-09-18 09:58:40,461 [pool-403-thread-1] INFO  server.RaftServerConfigKeys (ConfUtils.java:logGet(43)) - raft.server.log.statemachine.data.caching.enabled = true (custom)
2019-09-18 09:58:40,461 [pool-403-thread-1] INFO  segmented.SegmentedRaftLogWorker (SegmentedRaftLogWorker.java:lambda$new$0(132)) - 005abd97-d8f5-4c59-a49a-947228164777@group-18AA91A67B7E-SegmentedRaftLogWorker: flushIndex: setUnconditionally 0 -> -1
2019-09-18 09:58:40,462 [pool-403-thread-1] INFO  server.RaftServerConfigKeys (ConfUtils.java:logGet(43)) - raft.server.snapshot.auto.trigger.enabled = true (custom)
2019-09-18 09:58:40,462 [pool-403-thread-1] INFO  server.RaftServerConfigKeys (ConfUtils.java:logGet(43)) - raft.server.snapshot.auto.trigger.threshold = 10000 (custom)
2019-09-18 09:58:40,462 [pool-403-thread-1] INFO  server.RaftServerConfigKeys (ConfUtils.java:logGet(43)) - raft.server.snapshot.retention.num.files = 5 (custom)
2019-09-18 09:58:40,462 [pool-403-thread-1] INFO  server.RaftServerConfigKeys (ConfUtils.java:logGet(43)) - raft.server.retrycache.expirytime = 600000ms (custom)
2019-09-18 09:58:40,464 [pool-403-thread-1] INFO  impl.RaftServerImpl (RaftServerImpl.java:start(185)) - 005abd97-d8f5-4c59-a49a-947228164777@group-18AA91A67B7E: start as a follower, conf=-1: [005abd97-d8f5-4c59-a49a-947228164777:192.168.34.50:46193], old=null
2019-09-18 09:58:40,464 [pool-403-thread-1] INFO  impl.RaftServerImpl (RaftServerImpl.java:setRole(174)) - 005abd97-d8f5-4c59-a49a-947228164777@group-18AA91A67B7E: changes role from      null to FOLLOWER at term 0 for startAsFollower
2019-09-18 09:58:40,464 [pool-403-thread-1] INFO  impl.RoleInfo (RoleInfo.java:updateAndGet(143)) - 005abd97-d8f5-4c59-a49a-947228164777: start FollowerState
2019-09-18 09:58:40,465 [pool-403-thread-1] INFO  util.JmxRegister (JmxRegister.java:tryRegister(44)) - Successfully registered JMX Bean with object name Ratis:service=RaftServer,group=group-18AA91A67B7E,id=005abd97-d8f5-4c59-a49a-947228164777
2019-09-18 09:58:40,466 [RatisPipelineUtilsThread] INFO  pipeline.PipelineStateManager (PipelineStateManager.java:addPipeline(56)) - Created pipeline Pipeline[ Id: 8692b698-ef91-4e8a-a6ae-18aa91a67b7e, Nodes: 005abd97-d8f5-4c59-a49a-947228164777{ip: 192.168.34.50, host: pr-hdds-2141-pjvt9-4098185234, networkLocation: /default-rack, certSerialId: null}, Type:RATIS, Factor:ONE, State:OPEN]
2019-09-18 09:58:40,475 [grpc-default-executor-3] INFO  impl.RaftServerProxy (RaftServerProxy.java:addNew(89)) - 8f53d3c5-7943-4c00-9108-ce782fbf9e92: addNew group-031D147C7A00:[8f53d3c5-7943-4c00-9108-ce782fbf9e92:192.168.34.50:34289] returns group-031D147C7A00:java.util.concurrent.CompletableFuture@2991b43a[Not completed]
2019-09-18 09:58:40,477 [pool-413-thread-1] INFO  impl.RaftServerImpl (RaftServerImpl.java:<init>(95)) - 8f53d3c5-7943-4c00-9108-ce782fbf9e92: new RaftServerImpl for group-031D147C7A00:[8f53d3c5-7943-4c00-9108-ce782fbf9e92:192.168.34.50:34289] with ContainerStateMachine:uninitialized
2019-09-18 09:58:40,477 [pool-413-thread-1] INFO  server.RaftServerConfigKeys (ConfUtils.java:logGet(43)) - raft.server.rpc.timeout.min = 5s (custom)
2019-09-18 09:58:40,477 [pool-413-thread-1] INFO  server.RaftServerConfigKeys (ConfUtils.java:logGet(43)) - raft.server.rpc.timeout.max = 5200ms (custom)
2019-09-18 09:58:40,477 [pool-413-thread-1] INFO  server.RaftServerConfigKeys (ConfUtils.java:logGet(43)) - raft.server.rpcslowness.timeout = 120s (custom)
2019-09-18 09:58:40,477 [pool-413-thread-1] INFO  server.RaftServerConfigKeys (ConfUtils.java:logGet(43)) - raft.server.sleep.deviation.threshold = 300 (default)
2019-09-18 09:58:40,477 [pool-413-thread-1] INFO  server.RaftServerConfigKeys (ConfUtils.java:logGet(43)) - raft.server.log.appender.install.snapshot.enabled = false (custom)
2019-09-18 09:58:40,477 [pool-413-thread-1] INFO  impl.RaftServerImpl (ServerState.java:<init>(103)) - 8f53d3c5-7943-4c00-9108-ce782fbf9e92@group-031D147C7A00: ConfigurationManager, init=-1: [8f53d3c5-7943-4c00-9108-ce782fbf9e92:192.168.34.50:34289], old=null, confs=<EMPTY_MAP>
2019-09-18 09:58:40,478 [pool-413-thread-1] INFO  server.RaftServerConfigKeys (ConfUtils.java:logGet(43)) - raft.server.storage.dir = [/workdir/hadoop-ozone/integration-test/target/test-dir/MiniOzoneClusterImpl-5f4d0526-9e7c-4c5b-a88f-fb02f19e7f1d/datanode-3/data/ratis] (custom)
2019-09-18 09:58:40,478 [pool-413-thread-1] INFO  storage.RaftStorageDirectory (RaftStorageDirectory.java:analyzeStorage(246)) - The storage directory /workdir/hadoop-ozone/integration-test/target/test-dir/MiniOzoneClusterImpl-5f4d0526-9e7c-4c5b-a88f-fb02f19e7f1d/datanode-3/data/ratis/38164a70-95df-4a4b-ad65-031d147c7a00 does not exist. Creating ...
2019-09-18 09:58:40,479 [main] INFO  ozone.MiniOzoneClusterImpl (MiniOzoneClusterImpl.java:lambda$waitForClusterToBeReady$0(145)) - Waiting for cluster to be ready. Got 5 of 7 DN Heartbeats.
2019-09-18 09:58:40,484 [pool-413-thread-1] INFO  storage.RaftStorageDirectory (RaftStorageDirectory.java:tryLock(328)) - Lock on /workdir/hadoop-ozone/integration-test/target/test-dir/MiniOzoneClusterImpl-5f4d0526-9e7c-4c5b-a88f-fb02f19e7f1d/datanode-3/data/ratis/38164a70-95df-4a4b-ad65-031d147c7a00/in_use.lock acquired by nodename 867@pr-hdds-2141-pjvt9-4098185234
2019-09-18 09:58:40,493 [pool-413-thread-1] INFO  storage.RaftStorage (RaftStorage.java:format(72)) - Storage directory /workdir/hadoop-ozone/integration-test/target/test-dir/MiniOzoneClusterImpl-5f4d0526-9e7c-4c5b-a88f-fb02f19e7f1d/datanode-3/data/ratis/38164a70-95df-4a4b-ad65-031d147c7a00 has been successfully formatted.
2019-09-18 09:58:40,494 [pool-413-thread-1] INFO  ratis.ContainerStateMachine (ContainerStateMachine.java:loadSnapshot(230)) - group-031D147C7A00: The snapshot info is null. Setting the last applied indexto:(t:0, i:~)
2019-09-18 09:58:40,494 [pool-413-thread-1] INFO  server.RaftServerConfigKeys (ConfUtils.java:logGet(43)) - raft.server.notification.no-leader.timeout = 120s (custom)
2019-09-18 09:58:40,494 [pool-413-thread-1] INFO  server.RaftServerConfigKeys (ConfUtils.java:logGet(43)) - raft.server.log.use.memory = false (default)
2019-09-18 09:58:40,494 [pool-413-thread-1] INFO  server.RaftServerConfigKeys (ConfUtils.java:logGet(43)) - raft.server.log.purge.gap = 1000000 (custom)
2019-09-18 09:58:40,494 [pool-413-thread-1] INFO  server.RaftServerConfigKeys (ConfUtils.java:logGet(43)) - raft.server.log.appender.buffer.byte-limit = 33554432 (custom)
2019-09-18 09:58:40,494 [pool-413-thread-1] INFO  server.RaftServerConfigKeys (ConfUtils.java:logGet(43)) - raft.server.log.segment.size.max = 1048576 (custom)
2019-09-18 09:58:40,494 [pool-413-thread-1] INFO  server.RaftServerConfigKeys (ConfUtils.java:logGet(43)) - raft.server.log.segment.cache.num.max = 2 (custom)
2019-09-18 09:58:40,494 [pool-413-thread-1] INFO  segmented.SegmentedRaftLogWorker (SegmentedRaftLogWorker.java:<init>(172)) - new 8f53d3c5-7943-4c00-9108-ce782fbf9e92@group-031D147C7A00-SegmentedRaftLogWorker for RaftStorage:Storage Directory /workdir/hadoop-ozone/integration-test/target/test-dir/MiniOzoneClusterImpl-5f4d0526-9e7c-4c5b-a88f-fb02f19e7f1d/datanode-3/data/ratis/38164a70-95df-4a4b-ad65-031d147c7a00
2019-09-18 09:58:40,496 [pool-413-thread-1] INFO  server.RaftServerConfigKeys (ConfUtils.java:logGet(43)) - raft.server.log.queue.byte-limit = 2147483647 (custom)
2019-09-18 09:58:40,496 [pool-413-thread-1] INFO  server.RaftServerConfigKeys (ConfUtils.java:logGet(43)) - raft.server.log.queue.element-limit = 1024 (custom)
2019-09-18 09:58:40,496 [pool-413-thread-1] INFO  server.RaftServerConfigKeys (ConfUtils.java:logGet(43)) - raft.server.log.segment.size.max = 1048576 (custom)
2019-09-18 09:58:40,496 [pool-413-thread-1] INFO  server.RaftServerConfigKeys (ConfUtils.java:logGet(43)) - raft.server.log.preallocated.size = 16384 (custom)
2019-09-18 09:58:40,497 [pool-413-thread-1] INFO  server.RaftServerConfigKeys (ConfUtils.java:logGet(43)) - raft.server.log.write.buffer.size = 33554432 (custom)
2019-09-18 09:58:40,497 [pool-413-thread-1] INFO  server.RaftServerConfigKeys (ConfUtils.java:logGet(43)) - raft.server.log.force.sync.num = 128 (default)
2019-09-18 09:58:40,497 [pool-413-thread-1] INFO  server.RaftServerConfigKeys (ConfUtils.java:logGet(43)) - raft.server.log.statemachine.data.sync = true (default)
2019-09-18 09:58:40,497 [pool-413-thread-1] INFO  server.RaftServerConfigKeys (ConfUtils.java:logGet(43)) - raft.server.log.statemachine.data.sync.timeout = 10s (default)
2019-09-18 09:58:40,497 [pool-413-thread-1] INFO  server.RaftServerConfigKeys (ConfUtils.java:logGet(43)) - raft.server.log.statemachine.data.sync.timeout.retry = -1 (default)
2019-09-18 09:58:40,497 [pool-413-thread-1] INFO  server.RaftServerConfigKeys (ConfUtils.java:logGet(43)) - raft.server.log.statemachine.data.caching.enabled = true (custom)
2019-09-18 09:58:40,497 [pool-413-thread-1] INFO  segmented.SegmentedRaftLogWorker (SegmentedRaftLogWorker.java:lambda$new$0(132)) - 8f53d3c5-7943-4c00-9108-ce782fbf9e92@group-031D147C7A00-SegmentedRaftLogWorker: flushIndex: setUnconditionally 0 -> -1
2019-09-18 09:58:40,498 [pool-413-thread-1] INFO  server.RaftServerConfigKeys (ConfUtils.java:logGet(43)) - raft.server.snapshot.auto.trigger.enabled = true (custom)
2019-09-18 09:58:40,498 [pool-413-thread-1] INFO  server.RaftServerConfigKeys (ConfUtils.java:logGet(43)) - raft.server.snapshot.auto.trigger.threshold = 10000 (custom)
2019-09-18 09:58:40,498 [pool-413-thread-1] INFO  server.RaftServerConfigKeys (ConfUtils.java:logGet(43)) - raft.server.snapshot.retention.num.files = 5 (custom)
2019-09-18 09:58:40,498 [pool-413-thread-1] INFO  server.RaftServerConfigKeys (ConfUtils.java:logGet(43)) - raft.server.retrycache.expirytime = 600000ms (custom)
2019-09-18 09:58:40,500 [pool-413-thread-1] INFO  impl.RaftServerImpl (RaftServerImpl.java:start(185)) - 8f53d3c5-7943-4c00-9108-ce782fbf9e92@group-031D147C7A00: start as a follower, conf=-1: [8f53d3c5-7943-4c00-9108-ce782fbf9e92:192.168.34.50:34289], old=null
2019-09-18 09:58:40,500 [pool-413-thread-1] INFO  impl.RaftServerImpl (RaftServerImpl.java:setRole(174)) - 8f53d3c5-7943-4c00-9108-ce782fbf9e92@group-031D147C7A00: changes role from      null to FOLLOWER at term 0 for startAsFollower
2019-09-18 09:58:40,500 [pool-413-thread-1] INFO  impl.RoleInfo (RoleInfo.java:updateAndGet(143)) - 8f53d3c5-7943-4c00-9108-ce782fbf9e92: start FollowerState
2019-09-18 09:58:40,500 [pool-413-thread-1] INFO  util.JmxRegister (JmxRegister.java:tryRegister(44)) - Successfully registered JMX Bean with object name Ratis:service=RaftServer,group=group-031D147C7A00,id=8f53d3c5-7943-4c00-9108-ce782fbf9e92
2019-09-18 09:58:40,502 [RatisPipelineUtilsThread] INFO  pipeline.PipelineStateManager (PipelineStateManager.java:addPipeline(56)) - Created pipeline Pipeline[ Id: 38164a70-95df-4a4b-ad65-031d147c7a00, Nodes: 8f53d3c5-7943-4c00-9108-ce782fbf9e92{ip: 192.168.34.50, host: pr-hdds-2141-pjvt9-4098185234, networkLocation: /default-rack, certSerialId: null}, Type:RATIS, Factor:ONE, State:OPEN]
2019-09-18 09:58:40,511 [grpc-default-executor-3] INFO  impl.RaftServerProxy (RaftServerProxy.java:addNew(89)) - 3a0c29e2-5599-4a38-a73f-e743e8986a45: addNew group-9E7E8255A66C:[3a0c29e2-5599-4a38-a73f-e743e8986a45:192.168.34.50:34324] returns group-9E7E8255A66C:java.util.concurrent.CompletableFuture@379f7556[Not completed]
2019-09-18 09:58:40,512 [pool-423-thread-1] INFO  impl.RaftServerImpl (RaftServerImpl.java:<init>(95)) - 3a0c29e2-5599-4a38-a73f-e743e8986a45: new RaftServerImpl for group-9E7E8255A66C:[3a0c29e2-5599-4a38-a73f-e743e8986a45:192.168.34.50:34324] with ContainerStateMachine:uninitialized
2019-09-18 09:58:40,512 [pool-423-thread-1] INFO  server.RaftServerConfigKeys (ConfUtils.java:logGet(43)) - raft.server.rpc.timeout.min = 5s (custom)
2019-09-18 09:58:40,513 [pool-423-thread-1] INFO  server.RaftServerConfigKeys (ConfUtils.java:logGet(43)) - raft.server.rpc.timeout.max = 5200ms (custom)
2019-09-18 09:58:40,513 [pool-423-thread-1] INFO  server.RaftServerConfigKeys (ConfUtils.java:logGet(43)) - raft.server.rpcslowness.timeout = 120s (custom)
2019-09-18 09:58:40,513 [pool-423-thread-1] INFO  server.RaftServerConfigKeys (ConfUtils.java:logGet(43)) - raft.server.sleep.deviation.threshold = 300 (default)
2019-09-18 09:58:40,513 [pool-423-thread-1] INFO  server.RaftServerConfigKeys (ConfUtils.java:logGet(43)) - raft.server.log.appender.install.snapshot.enabled = false (custom)
2019-09-18 09:58:40,513 [pool-423-thread-1] INFO  impl.RaftServerImpl (ServerState.java:<init>(103)) - 3a0c29e2-5599-4a38-a73f-e743e8986a45@group-9E7E8255A66C: ConfigurationManager, init=-1: [3a0c29e2-5599-4a38-a73f-e743e8986a45:192.168.34.50:34324], old=null, confs=<EMPTY_MAP>
2019-09-18 09:58:40,513 [pool-423-thread-1] INFO  server.RaftServerConfigKeys (ConfUtils.java:logGet(43)) - raft.server.storage.dir = [/workdir/hadoop-ozone/integration-test/target/test-dir/MiniOzoneClusterImpl-5f4d0526-9e7c-4c5b-a88f-fb02f19e7f1d/datanode-4/data/ratis] (custom)
2019-09-18 09:58:40,513 [pool-423-thread-1] INFO  storage.RaftStorageDirectory (RaftStorageDirectory.java:analyzeStorage(246)) - The storage directory /workdir/hadoop-ozone/integration-test/target/test-dir/MiniOzoneClusterImpl-5f4d0526-9e7c-4c5b-a88f-fb02f19e7f1d/datanode-4/data/ratis/1ca5e6a0-9b59-4858-a464-9e7e8255a66c does not exist. Creating ...
2019-09-18 09:58:40,525 [pool-423-thread-1] INFO  storage.RaftStorageDirectory (RaftStorageDirectory.java:tryLock(328)) - Lock on /workdir/hadoop-ozone/integration-test/target/test-dir/MiniOzoneClusterImpl-5f4d0526-9e7c-4c5b-a88f-fb02f19e7f1d/datanode-4/data/ratis/1ca5e6a0-9b59-4858-a464-9e7e8255a66c/in_use.lock acquired by nodename 867@pr-hdds-2141-pjvt9-4098185234
2019-09-18 09:58:40,533 [pool-423-thread-1] INFO  storage.RaftStorage (RaftStorage.java:format(72)) - Storage directory /workdir/hadoop-ozone/integration-test/target/test-dir/MiniOzoneClusterImpl-5f4d0526-9e7c-4c5b-a88f-fb02f19e7f1d/datanode-4/data/ratis/1ca5e6a0-9b59-4858-a464-9e7e8255a66c has been successfully formatted.
2019-09-18 09:58:40,533 [pool-423-thread-1] INFO  ratis.ContainerStateMachine (ContainerStateMachine.java:loadSnapshot(230)) - group-9E7E8255A66C: The snapshot info is null. Setting the last applied indexto:(t:0, i:~)
2019-09-18 09:58:40,533 [pool-423-thread-1] INFO  server.RaftServerConfigKeys (ConfUtils.java:logGet(43)) - raft.server.notification.no-leader.timeout = 120s (custom)
2019-09-18 09:58:40,534 [pool-423-thread-1] INFO  server.RaftServerConfigKeys (ConfUtils.java:logGet(43)) - raft.server.log.use.memory = false (default)
2019-09-18 09:58:40,534 [pool-423-thread-1] INFO  server.RaftServerConfigKeys (ConfUtils.java:logGet(43)) - raft.server.log.purge.gap = 1000000 (custom)
2019-09-18 09:58:40,534 [pool-423-thread-1] INFO  server.RaftServerConfigKeys (ConfUtils.java:logGet(43)) - raft.server.log.appender.buffer.byte-limit = 33554432 (custom)
2019-09-18 09:58:40,534 [pool-423-thread-1] INFO  server.RaftServerConfigKeys (ConfUtils.java:logGet(43)) - raft.server.log.segment.size.max = 1048576 (custom)
2019-09-18 09:58:40,534 [pool-423-thread-1] INFO  server.RaftServerConfigKeys (ConfUtils.java:logGet(43)) - raft.server.log.segment.cache.num.max = 2 (custom)
2019-09-18 09:58:40,534 [pool-423-thread-1] INFO  segmented.SegmentedRaftLogWorker (SegmentedRaftLogWorker.java:<init>(172)) - new 3a0c29e2-5599-4a38-a73f-e743e8986a45@group-9E7E8255A66C-SegmentedRaftLogWorker for RaftStorage:Storage Directory /workdir/hadoop-ozone/integration-test/target/test-dir/MiniOzoneClusterImpl-5f4d0526-9e7c-4c5b-a88f-fb02f19e7f1d/datanode-4/data/ratis/1ca5e6a0-9b59-4858-a464-9e7e8255a66c
2019-09-18 09:58:40,536 [pool-423-thread-1] INFO  server.RaftServerConfigKeys (ConfUtils.java:logGet(43)) - raft.server.log.queue.byte-limit = 2147483647 (custom)
2019-09-18 09:58:40,536 [pool-423-thread-1] INFO  server.RaftServerConfigKeys (ConfUtils.java:logGet(43)) - raft.server.log.queue.element-limit = 1024 (custom)
2019-09-18 09:58:40,537 [pool-423-thread-1] INFO  server.RaftServerConfigKeys (ConfUtils.java:logGet(43)) - raft.server.log.segment.size.max = 1048576 (custom)
2019-09-18 09:58:40,537 [pool-423-thread-1] INFO  server.RaftServerConfigKeys (ConfUtils.java:logGet(43)) - raft.server.log.preallocated.size = 16384 (custom)
2019-09-18 09:58:40,537 [pool-423-thread-1] INFO  server.RaftServerConfigKeys (ConfUtils.java:logGet(43)) - raft.server.log.write.buffer.size = 33554432 (custom)
2019-09-18 09:58:40,537 [pool-423-thread-1] INFO  server.RaftServerConfigKeys (ConfUtils.java:logGet(43)) - raft.server.log.force.sync.num = 128 (default)
2019-09-18 09:58:40,537 [pool-423-thread-1] INFO  server.RaftServerConfigKeys (ConfUtils.java:logGet(43)) - raft.server.log.statemachine.data.sync = true (default)
2019-09-18 09:58:40,537 [pool-423-thread-1] INFO  server.RaftServerConfigKeys (ConfUtils.java:logGet(43)) - raft.server.log.statemachine.data.sync.timeout = 10s (default)
2019-09-18 09:58:40,538 [pool-423-thread-1] INFO  server.RaftServerConfigKeys (ConfUtils.java:logGet(43)) - raft.server.log.statemachine.data.sync.timeout.retry = -1 (default)
2019-09-18 09:58:40,538 [pool-423-thread-1] INFO  server.RaftServerConfigKeys (ConfUtils.java:logGet(43)) - raft.server.log.statemachine.data.caching.enabled = true (custom)
2019-09-18 09:58:40,538 [pool-423-thread-1] INFO  segmented.SegmentedRaftLogWorker (SegmentedRaftLogWorker.java:lambda$new$0(132)) - 3a0c29e2-5599-4a38-a73f-e743e8986a45@group-9E7E8255A66C-SegmentedRaftLogWorker: flushIndex: setUnconditionally 0 -> -1
2019-09-18 09:58:40,538 [pool-423-thread-1] INFO  server.RaftServerConfigKeys (ConfUtils.java:logGet(43)) - raft.server.snapshot.auto.trigger.enabled = true (custom)
2019-09-18 09:58:40,538 [pool-423-thread-1] INFO  server.RaftServerConfigKeys (ConfUtils.java:logGet(43)) - raft.server.snapshot.auto.trigger.threshold = 10000 (custom)
2019-09-18 09:58:40,539 [pool-423-thread-1] INFO  server.RaftServerConfigKeys (ConfUtils.java:logGet(43)) - raft.server.snapshot.retention.num.files = 5 (custom)
2019-09-18 09:58:40,539 [pool-423-thread-1] INFO  server.RaftServerConfigKeys (ConfUtils.java:logGet(43)) - raft.server.retrycache.expirytime = 600000ms (custom)
2019-09-18 09:58:40,541 [pool-423-thread-1] INFO  impl.RaftServerImpl (RaftServerImpl.java:start(185)) - 3a0c29e2-5599-4a38-a73f-e743e8986a45@group-9E7E8255A66C: start as a follower, conf=-1: [3a0c29e2-5599-4a38-a73f-e743e8986a45:192.168.34.50:34324], old=null
2019-09-18 09:58:40,541 [pool-423-thread-1] INFO  impl.RaftServerImpl (RaftServerImpl.java:setRole(174)) - 3a0c29e2-5599-4a38-a73f-e743e8986a45@group-9E7E8255A66C: changes role from      null to FOLLOWER at term 0 for startAsFollower
2019-09-18 09:58:40,541 [pool-423-thread-1] INFO  impl.RoleInfo (RoleInfo.java:updateAndGet(143)) - 3a0c29e2-5599-4a38-a73f-e743e8986a45: start FollowerState
2019-09-18 09:58:40,541 [pool-423-thread-1] INFO  util.JmxRegister (JmxRegister.java:tryRegister(44)) - Successfully registered JMX Bean with object name Ratis:service=RaftServer,group=group-9E7E8255A66C,id=3a0c29e2-5599-4a38-a73f-e743e8986a45
2019-09-18 09:58:40,544 [RatisPipelineUtilsThread] INFO  pipeline.PipelineStateManager (PipelineStateManager.java:addPipeline(56)) - Created pipeline Pipeline[ Id: 1ca5e6a0-9b59-4858-a464-9e7e8255a66c, Nodes: 3a0c29e2-5599-4a38-a73f-e743e8986a45{ip: 192.168.34.50, host: pr-hdds-2141-pjvt9-4098185234, networkLocation: /default-rack, certSerialId: null}, Type:RATIS, Factor:ONE, State:OPEN]
2019-09-18 09:58:40,561 [grpc-default-executor-0] INFO  impl.RaftServerProxy (RaftServerProxy.java:addNew(89)) - 005abd97-d8f5-4c59-a49a-947228164777: addNew group-B205252F0856:[2de5b735-5f5e-4913-97f2-cd9b7e38d44d:192.168.34.50:39091, 8f53d3c5-7943-4c00-9108-ce782fbf9e92:192.168.34.50:34289, 005abd97-d8f5-4c59-a49a-947228164777:192.168.34.50:46193] returns group-B205252F0856:java.util.concurrent.CompletableFuture@732bf76e[Not completed]
2019-09-18 09:58:40,561 [grpc-default-executor-3] INFO  impl.RaftServerProxy (RaftServerProxy.java:addNew(89)) - 8f53d3c5-7943-4c00-9108-ce782fbf9e92: addNew group-B205252F0856:[2de5b735-5f5e-4913-97f2-cd9b7e38d44d:192.168.34.50:39091, 8f53d3c5-7943-4c00-9108-ce782fbf9e92:192.168.34.50:34289, 005abd97-d8f5-4c59-a49a-947228164777:192.168.34.50:46193] returns group-B205252F0856:java.util.concurrent.CompletableFuture@3cc3544f[Not completed]
2019-09-18 09:58:40,562 [grpc-default-executor-3] INFO  impl.RaftServerProxy (RaftServerProxy.java:addNew(89)) - 2de5b735-5f5e-4913-97f2-cd9b7e38d44d: addNew group-B205252F0856:[2de5b735-5f5e-4913-97f2-cd9b7e38d44d:192.168.34.50:39091, 8f53d3c5-7943-4c00-9108-ce782fbf9e92:192.168.34.50:34289, 005abd97-d8f5-4c59-a49a-947228164777:192.168.34.50:46193] returns group-B205252F0856:java.util.concurrent.CompletableFuture@4c7393f2[Not completed]
2019-09-18 09:58:40,562 [pool-403-thread-1] INFO  impl.RaftServerImpl (RaftServerImpl.java:<init>(95)) - 005abd97-d8f5-4c59-a49a-947228164777: new RaftServerImpl for group-B205252F0856:[2de5b735-5f5e-4913-97f2-cd9b7e38d44d:192.168.34.50:39091, 8f53d3c5-7943-4c00-9108-ce782fbf9e92:192.168.34.50:34289, 005abd97-d8f5-4c59-a49a-947228164777:192.168.34.50:46193] with ContainerStateMachine:uninitialized
2019-09-18 09:58:40,563 [pool-403-thread-1] INFO  server.RaftServerConfigKeys (ConfUtils.java:logGet(43)) - raft.server.rpc.timeout.min = 5s (custom)
2019-09-18 09:58:40,563 [pool-403-thread-1] INFO  server.RaftServerConfigKeys (ConfUtils.java:logGet(43)) - raft.server.rpc.timeout.max = 5200ms (custom)
2019-09-18 09:58:40,563 [pool-403-thread-1] INFO  server.RaftServerConfigKeys (ConfUtils.java:logGet(43)) - raft.server.rpcslowness.timeout = 120s (custom)
2019-09-18 09:58:40,563 [pool-403-thread-1] INFO  server.RaftServerConfigKeys (ConfUtils.java:logGet(43)) - raft.server.sleep.deviation.threshold = 300 (default)
2019-09-18 09:58:40,563 [pool-403-thread-1] INFO  server.RaftServerConfigKeys (ConfUtils.java:logGet(43)) - raft.server.log.appender.install.snapshot.enabled = false (custom)
2019-09-18 09:58:40,563 [pool-403-thread-1] INFO  impl.RaftServerImpl (ServerState.java:<init>(103)) - 005abd97-d8f5-4c59-a49a-947228164777@group-B205252F0856: ConfigurationManager, init=-1: [2de5b735-5f5e-4913-97f2-cd9b7e38d44d:192.168.34.50:39091, 8f53d3c5-7943-4c00-9108-ce782fbf9e92:192.168.34.50:34289, 005abd97-d8f5-4c59-a49a-947228164777:192.168.34.50:46193], old=null, confs=<EMPTY_MAP>
2019-09-18 09:58:40,563 [pool-413-thread-1] INFO  impl.RaftServerImpl (RaftServerImpl.java:<init>(95)) - 8f53d3c5-7943-4c00-9108-ce782fbf9e92: new RaftServerImpl for group-B205252F0856:[2de5b735-5f5e-4913-97f2-cd9b7e38d44d:192.168.34.50:39091, 8f53d3c5-7943-4c00-9108-ce782fbf9e92:192.168.34.50:34289, 005abd97-d8f5-4c59-a49a-947228164777:192.168.34.50:46193] with ContainerStateMachine:uninitialized
2019-09-18 09:58:40,563 [pool-403-thread-1] INFO  server.RaftServerConfigKeys (ConfUtils.java:logGet(43)) - raft.server.storage.dir = [/workdir/hadoop-ozone/integration-test/target/test-dir/MiniOzoneClusterImpl-5f4d0526-9e7c-4c5b-a88f-fb02f19e7f1d/datanode-2/data/ratis] (custom)
2019-09-18 09:58:40,563 [pool-413-thread-1] INFO  server.RaftServerConfigKeys (ConfUtils.java:logGet(43)) - raft.server.rpc.timeout.min = 5s (custom)
2019-09-18 09:58:40,564 [pool-413-thread-1] INFO  server.RaftServerConfigKeys (ConfUtils.java:logGet(43)) - raft.server.rpc.timeout.max = 5200ms (custom)
2019-09-18 09:58:40,564 [pool-413-thread-1] INFO  server.RaftServerConfigKeys (ConfUtils.java:logGet(43)) - raft.server.rpcslowness.timeout = 120s (custom)
2019-09-18 09:58:40,564 [pool-403-thread-1] INFO  storage.RaftStorageDirectory (RaftStorageDirectory.java:analyzeStorage(246)) - The storage directory /workdir/hadoop-ozone/integration-test/target/test-dir/MiniOzoneClusterImpl-5f4d0526-9e7c-4c5b-a88f-fb02f19e7f1d/datanode-2/data/ratis/d49dfb5f-5d98-48e8-91bd-b205252f0856 does not exist. Creating ...
2019-09-18 09:58:40,564 [pool-413-thread-1] INFO  server.RaftServerConfigKeys (ConfUtils.java:logGet(43)) - raft.server.sleep.deviation.threshold = 300 (default)
2019-09-18 09:58:40,564 [pool-413-thread-1] INFO  server.RaftServerConfigKeys (ConfUtils.java:logGet(43)) - raft.server.log.appender.install.snapshot.enabled = false (custom)
2019-09-18 09:58:40,564 [pool-413-thread-1] INFO  impl.RaftServerImpl (ServerState.java:<init>(103)) - 8f53d3c5-7943-4c00-9108-ce782fbf9e92@group-B205252F0856: ConfigurationManager, init=-1: [2de5b735-5f5e-4913-97f2-cd9b7e38d44d:192.168.34.50:39091, 8f53d3c5-7943-4c00-9108-ce782fbf9e92:192.168.34.50:34289, 005abd97-d8f5-4c59-a49a-947228164777:192.168.34.50:46193], old=null, confs=<EMPTY_MAP>
2019-09-18 09:58:40,564 [pool-393-thread-1] INFO  impl.RaftServerImpl (RaftServerImpl.java:<init>(95)) - 2de5b735-5f5e-4913-97f2-cd9b7e38d44d: new RaftServerImpl for group-B205252F0856:[2de5b735-5f5e-4913-97f2-cd9b7e38d44d:192.168.34.50:39091, 8f53d3c5-7943-4c00-9108-ce782fbf9e92:192.168.34.50:34289, 005abd97-d8f5-4c59-a49a-947228164777:192.168.34.50:46193] with ContainerStateMachine:uninitialized
2019-09-18 09:58:40,564 [pool-413-thread-1] INFO  server.RaftServerConfigKeys (ConfUtils.java:logGet(43)) - raft.server.storage.dir = [/workdir/hadoop-ozone/integration-test/target/test-dir/MiniOzoneClusterImpl-5f4d0526-9e7c-4c5b-a88f-fb02f19e7f1d/datanode-3/data/ratis] (custom)
2019-09-18 09:58:40,564 [pool-393-thread-1] INFO  server.RaftServerConfigKeys (ConfUtils.java:logGet(43)) - raft.server.rpc.timeout.min = 5s (custom)
2019-09-18 09:58:40,565 [pool-413-thread-1] INFO  storage.RaftStorageDirectory (RaftStorageDirectory.java:analyzeStorage(246)) - The storage directory /workdir/hadoop-ozone/integration-test/target/test-dir/MiniOzoneClusterImpl-5f4d0526-9e7c-4c5b-a88f-fb02f19e7f1d/datanode-3/data/ratis/d49dfb5f-5d98-48e8-91bd-b205252f0856 does not exist. Creating ...
2019-09-18 09:58:40,565 [pool-393-thread-1] INFO  server.RaftServerConfigKeys (ConfUtils.java:logGet(43)) - raft.server.rpc.timeout.max = 5200ms (custom)
2019-09-18 09:58:40,565 [pool-393-thread-1] INFO  server.RaftServerConfigKeys (ConfUtils.java:logGet(43)) - raft.server.rpcslowness.timeout = 120s (custom)
2019-09-18 09:58:40,565 [pool-393-thread-1] INFO  server.RaftServerConfigKeys (ConfUtils.java:logGet(43)) - raft.server.sleep.deviation.threshold = 300 (default)
2019-09-18 09:58:40,565 [pool-393-thread-1] INFO  server.RaftServerConfigKeys (ConfUtils.java:logGet(43)) - raft.server.log.appender.install.snapshot.enabled = false (custom)
2019-09-18 09:58:40,565 [pool-393-thread-1] INFO  impl.RaftServerImpl (ServerState.java:<init>(103)) - 2de5b735-5f5e-4913-97f2-cd9b7e38d44d@group-B205252F0856: ConfigurationManager, init=-1: [2de5b735-5f5e-4913-97f2-cd9b7e38d44d:192.168.34.50:39091, 8f53d3c5-7943-4c00-9108-ce782fbf9e92:192.168.34.50:34289, 005abd97-d8f5-4c59-a49a-947228164777:192.168.34.50:46193], old=null, confs=<EMPTY_MAP>
2019-09-18 09:58:40,565 [pool-393-thread-1] INFO  server.RaftServerConfigKeys (ConfUtils.java:logGet(43)) - raft.server.storage.dir = [/workdir/hadoop-ozone/integration-test/target/test-dir/MiniOzoneClusterImpl-5f4d0526-9e7c-4c5b-a88f-fb02f19e7f1d/datanode-1/data/ratis] (custom)
2019-09-18 09:58:40,566 [pool-393-thread-1] INFO  storage.RaftStorageDirectory (RaftStorageDirectory.java:analyzeStorage(246)) - The storage directory /workdir/hadoop-ozone/integration-test/target/test-dir/MiniOzoneClusterImpl-5f4d0526-9e7c-4c5b-a88f-fb02f19e7f1d/datanode-1/data/ratis/d49dfb5f-5d98-48e8-91bd-b205252f0856 does not exist. Creating ...
2019-09-18 09:58:40,570 [pool-413-thread-1] INFO  storage.RaftStorageDirectory (RaftStorageDirectory.java:tryLock(328)) - Lock on /workdir/hadoop-ozone/integration-test/target/test-dir/MiniOzoneClusterImpl-5f4d0526-9e7c-4c5b-a88f-fb02f19e7f1d/datanode-3/data/ratis/d49dfb5f-5d98-48e8-91bd-b205252f0856/in_use.lock acquired by nodename 867@pr-hdds-2141-pjvt9-4098185234
2019-09-18 09:58:40,570 [pool-393-thread-1] INFO  storage.RaftStorageDirectory (RaftStorageDirectory.java:tryLock(328)) - Lock on /workdir/hadoop-ozone/integration-test/target/test-dir/MiniOzoneClusterImpl-5f4d0526-9e7c-4c5b-a88f-fb02f19e7f1d/datanode-1/data/ratis/d49dfb5f-5d98-48e8-91bd-b205252f0856/in_use.lock acquired by nodename 867@pr-hdds-2141-pjvt9-4098185234
2019-09-18 09:58:40,570 [pool-403-thread-1] INFO  storage.RaftStorageDirectory (RaftStorageDirectory.java:tryLock(328)) - Lock on /workdir/hadoop-ozone/integration-test/target/test-dir/MiniOzoneClusterImpl-5f4d0526-9e7c-4c5b-a88f-fb02f19e7f1d/datanode-2/data/ratis/d49dfb5f-5d98-48e8-91bd-b205252f0856/in_use.lock acquired by nodename 867@pr-hdds-2141-pjvt9-4098185234
2019-09-18 09:58:40,584 [pool-403-thread-1] INFO  storage.RaftStorage (RaftStorage.java:format(72)) - Storage directory /workdir/hadoop-ozone/integration-test/target/test-dir/MiniOzoneClusterImpl-5f4d0526-9e7c-4c5b-a88f-fb02f19e7f1d/datanode-2/data/ratis/d49dfb5f-5d98-48e8-91bd-b205252f0856 has been successfully formatted.
2019-09-18 09:58:40,584 [pool-393-thread-1] INFO  storage.RaftStorage (RaftStorage.java:format(72)) - Storage directory /workdir/hadoop-ozone/integration-test/target/test-dir/MiniOzoneClusterImpl-5f4d0526-9e7c-4c5b-a88f-fb02f19e7f1d/datanode-1/data/ratis/d49dfb5f-5d98-48e8-91bd-b205252f0856 has been successfully formatted.
2019-09-18 09:58:40,584 [pool-413-thread-1] INFO  storage.RaftStorage (RaftStorage.java:format(72)) - Storage directory /workdir/hadoop-ozone/integration-test/target/test-dir/MiniOzoneClusterImpl-5f4d0526-9e7c-4c5b-a88f-fb02f19e7f1d/datanode-3/data/ratis/d49dfb5f-5d98-48e8-91bd-b205252f0856 has been successfully formatted.
2019-09-18 09:58:40,584 [pool-393-thread-1] INFO  ratis.ContainerStateMachine (ContainerStateMachine.java:loadSnapshot(230)) - group-B205252F0856: The snapshot info is null. Setting the last applied indexto:(t:0, i:~)
2019-09-18 09:58:40,584 [pool-403-thread-1] INFO  ratis.ContainerStateMachine (ContainerStateMachine.java:loadSnapshot(230)) - group-B205252F0856: The snapshot info is null. Setting the last applied indexto:(t:0, i:~)
2019-09-18 09:58:40,584 [pool-393-thread-1] INFO  server.RaftServerConfigKeys (ConfUtils.java:logGet(43)) - raft.server.notification.no-leader.timeout = 120s (custom)
2019-09-18 09:58:40,584 [pool-413-thread-1] INFO  ratis.ContainerStateMachine (ContainerStateMachine.java:loadSnapshot(230)) - group-B205252F0856: The snapshot info is null. Setting the last applied indexto:(t:0, i:~)
2019-09-18 09:58:40,585 [pool-393-thread-1] INFO  server.RaftServerConfigKeys (ConfUtils.java:logGet(43)) - raft.server.log.use.memory = false (default)
2019-09-18 09:58:40,584 [pool-403-thread-1] INFO  server.RaftServerConfigKeys (ConfUtils.java:logGet(43)) - raft.server.notification.no-leader.timeout = 120s (custom)
2019-09-18 09:58:40,585 [pool-393-thread-1] INFO  server.RaftServerConfigKeys (ConfUtils.java:logGet(43)) - raft.server.log.purge.gap = 1000000 (custom)
2019-09-18 09:58:40,585 [pool-413-thread-1] INFO  server.RaftServerConfigKeys (ConfUtils.java:logGet(43)) - raft.server.notification.no-leader.timeout = 120s (custom)
2019-09-18 09:58:40,585 [pool-393-thread-1] INFO  server.RaftServerConfigKeys (ConfUtils.java:logGet(43)) - raft.server.log.appender.buffer.byte-limit = 33554432 (custom)
2019-09-18 09:58:40,585 [pool-403-thread-1] INFO  server.RaftServerConfigKeys (ConfUtils.java:logGet(43)) - raft.server.log.use.memory = false (default)
2019-09-18 09:58:40,585 [pool-393-thread-1] INFO  server.RaftServerConfigKeys (ConfUtils.java:logGet(43)) - raft.server.log.segment.size.max = 1048576 (custom)
2019-09-18 09:58:40,585 [pool-413-thread-1] INFO  server.RaftServerConfigKeys (ConfUtils.java:logGet(43)) - raft.server.log.use.memory = false (default)
2019-09-18 09:58:40,585 [pool-393-thread-1] INFO  server.RaftServerConfigKeys (ConfUtils.java:logGet(43)) - raft.server.log.segment.cache.num.max = 2 (custom)
2019-09-18 09:58:40,585 [pool-403-thread-1] INFO  server.RaftServerConfigKeys (ConfUtils.java:logGet(43)) - raft.server.log.purge.gap = 1000000 (custom)
2019-09-18 09:58:40,586 [pool-393-thread-1] INFO  segmented.SegmentedRaftLogWorker (SegmentedRaftLogWorker.java:<init>(172)) - new 2de5b735-5f5e-4913-97f2-cd9b7e38d44d@group-B205252F0856-SegmentedRaftLogWorker for RaftStorage:Storage Directory /workdir/hadoop-ozone/integration-test/target/test-dir/MiniOzoneClusterImpl-5f4d0526-9e7c-4c5b-a88f-fb02f19e7f1d/datanode-1/data/ratis/d49dfb5f-5d98-48e8-91bd-b205252f0856
2019-09-18 09:58:40,586 [pool-413-thread-1] INFO  server.RaftServerConfigKeys (ConfUtils.java:logGet(43)) - raft.server.log.purge.gap = 1000000 (custom)
2019-09-18 09:58:40,586 [pool-393-thread-1] INFO  server.RaftServerConfigKeys (ConfUtils.java:logGet(43)) - raft.server.log.queue.byte-limit = 2147483647 (custom)
2019-09-18 09:58:40,586 [pool-403-thread-1] INFO  server.RaftServerConfigKeys (ConfUtils.java:logGet(43)) - raft.server.log.appender.buffer.byte-limit = 33554432 (custom)
2019-09-18 09:58:40,586 [pool-393-thread-1] INFO  server.RaftServerConfigKeys (ConfUtils.java:logGet(43)) - raft.server.log.queue.element-limit = 1024 (custom)
2019-09-18 09:58:40,586 [pool-413-thread-1] INFO  server.RaftServerConfigKeys (ConfUtils.java:logGet(43)) - raft.server.log.appender.buffer.byte-limit = 33554432 (custom)
2019-09-18 09:58:40,587 [pool-393-thread-1] INFO  server.RaftServerConfigKeys (ConfUtils.java:logGet(43)) - raft.server.log.segment.size.max = 1048576 (custom)
2019-09-18 09:58:40,586 [pool-403-thread-1] INFO  server.RaftServerConfigKeys (ConfUtils.java:logGet(43)) - raft.server.log.segment.size.max = 1048576 (custom)
2019-09-18 09:58:40,587 [pool-393-thread-1] INFO  server.RaftServerConfigKeys (ConfUtils.java:logGet(43)) - raft.server.log.preallocated.size = 16384 (custom)
2019-09-18 09:58:40,587 [pool-413-thread-1] INFO  server.RaftServerConfigKeys (ConfUtils.java:logGet(43)) - raft.server.log.segment.size.max = 1048576 (custom)
2019-09-18 09:58:40,587 [pool-393-thread-1] INFO  server.RaftServerConfigKeys (ConfUtils.java:logGet(43)) - raft.server.log.write.buffer.size = 33554432 (custom)
2019-09-18 09:58:40,587 [pool-403-thread-1] INFO  server.RaftServerConfigKeys (ConfUtils.java:logGet(43)) - raft.server.log.segment.cache.num.max = 2 (custom)
2019-09-18 09:58:40,587 [pool-393-thread-1] INFO  server.RaftServerConfigKeys (ConfUtils.java:logGet(43)) - raft.server.log.force.sync.num = 128 (default)
2019-09-18 09:58:40,587 [pool-413-thread-1] INFO  server.RaftServerConfigKeys (ConfUtils.java:logGet(43)) - raft.server.log.segment.cache.num.max = 2 (custom)
2019-09-18 09:58:40,587 [pool-393-thread-1] INFO  server.RaftServerConfigKeys (ConfUtils.java:logGet(43)) - raft.server.log.statemachine.data.sync = true (default)
2019-09-18 09:58:40,587 [pool-403-thread-1] INFO  segmented.SegmentedRaftLogWorker (SegmentedRaftLogWorker.java:<init>(172)) - new 005abd97-d8f5-4c59-a49a-947228164777@group-B205252F0856-SegmentedRaftLogWorker for RaftStorage:Storage Directory /workdir/hadoop-ozone/integration-test/target/test-dir/MiniOzoneClusterImpl-5f4d0526-9e7c-4c5b-a88f-fb02f19e7f1d/datanode-2/data/ratis/d49dfb5f-5d98-48e8-91bd-b205252f0856
2019-09-18 09:58:40,588 [pool-393-thread-1] INFO  server.RaftServerConfigKeys (ConfUtils.java:logGet(43)) - raft.server.log.statemachine.data.sync.timeout = 10s (default)
2019-09-18 09:58:40,588 [pool-393-thread-1] INFO  server.RaftServerConfigKeys (ConfUtils.java:logGet(43)) - raft.server.log.statemachine.data.sync.timeout.retry = -1 (default)
2019-09-18 09:58:40,588 [pool-413-thread-1] INFO  segmented.SegmentedRaftLogWorker (SegmentedRaftLogWorker.java:<init>(172)) - new 8f53d3c5-7943-4c00-9108-ce782fbf9e92@group-B205252F0856-SegmentedRaftLogWorker for RaftStorage:Storage Directory /workdir/hadoop-ozone/integration-test/target/test-dir/MiniOzoneClusterImpl-5f4d0526-9e7c-4c5b-a88f-fb02f19e7f1d/datanode-3/data/ratis/d49dfb5f-5d98-48e8-91bd-b205252f0856
2019-09-18 09:58:40,588 [pool-393-thread-1] INFO  server.RaftServerConfigKeys (ConfUtils.java:logGet(43)) - raft.server.log.statemachine.data.caching.enabled = true (custom)
2019-09-18 09:58:40,588 [pool-403-thread-1] INFO  server.RaftServerConfigKeys (ConfUtils.java:logGet(43)) - raft.server.log.queue.byte-limit = 2147483647 (custom)
2019-09-18 09:58:40,588 [pool-413-thread-1] INFO  server.RaftServerConfigKeys (ConfUtils.java:logGet(43)) - raft.server.log.queue.byte-limit = 2147483647 (custom)
2019-09-18 09:58:40,589 [pool-393-thread-1] INFO  segmented.SegmentedRaftLogWorker (SegmentedRaftLogWorker.java:lambda$new$0(132)) - 2de5b735-5f5e-4913-97f2-cd9b7e38d44d@group-B205252F0856-SegmentedRaftLogWorker: flushIndex: setUnconditionally 0 -> -1
2019-09-18 09:58:40,589 [pool-403-thread-1] INFO  server.RaftServerConfigKeys (ConfUtils.java:logGet(43)) - raft.server.log.queue.element-limit = 1024 (custom)
2019-09-18 09:58:40,589 [pool-413-thread-1] INFO  server.RaftServerConfigKeys (ConfUtils.java:logGet(43)) - raft.server.log.queue.element-limit = 1024 (custom)
2019-09-18 09:58:40,589 [pool-393-thread-1] INFO  server.RaftServerConfigKeys (ConfUtils.java:logGet(43)) - raft.server.snapshot.auto.trigger.enabled = true (custom)
2019-09-18 09:58:40,589 [pool-403-thread-1] INFO  server.RaftServerConfigKeys (ConfUtils.java:logGet(43)) - raft.server.log.segment.size.max = 1048576 (custom)
2019-09-18 09:58:40,589 [pool-393-thread-1] INFO  server.RaftServerConfigKeys (ConfUtils.java:logGet(43)) - raft.server.snapshot.auto.trigger.threshold = 10000 (custom)
2019-09-18 09:58:40,589 [pool-413-thread-1] INFO  server.RaftServerConfigKeys (ConfUtils.java:logGet(43)) - raft.server.log.segment.size.max = 1048576 (custom)
2019-09-18 09:58:40,589 [pool-393-thread-1] INFO  server.RaftServerConfigKeys (ConfUtils.java:logGet(43)) - raft.server.snapshot.retention.num.files = 5 (custom)
2019-09-18 09:58:40,589 [pool-403-thread-1] INFO  server.RaftServerConfigKeys (ConfUtils.java:logGet(43)) - raft.server.log.preallocated.size = 16384 (custom)
2019-09-18 09:58:40,590 [pool-393-thread-1] INFO  server.RaftServerConfigKeys (ConfUtils.java:logGet(43)) - raft.server.retrycache.expirytime = 600000ms (custom)
2019-09-18 09:58:40,590 [pool-413-thread-1] INFO  server.RaftServerConfigKeys (ConfUtils.java:logGet(43)) - raft.server.log.preallocated.size = 16384 (custom)
2019-09-18 09:58:40,590 [pool-403-thread-1] INFO  server.RaftServerConfigKeys (ConfUtils.java:logGet(43)) - raft.server.log.write.buffer.size = 33554432 (custom)
2019-09-18 09:58:40,590 [pool-413-thread-1] INFO  server.RaftServerConfigKeys (ConfUtils.java:logGet(43)) - raft.server.log.write.buffer.size = 33554432 (custom)
2019-09-18 09:58:40,590 [pool-403-thread-1] INFO  server.RaftServerConfigKeys (ConfUtils.java:logGet(43)) - raft.server.log.force.sync.num = 128 (default)
2019-09-18 09:58:40,590 [pool-413-thread-1] INFO  server.RaftServerConfigKeys (ConfUtils.java:logGet(43)) - raft.server.log.force.sync.num = 128 (default)
2019-09-18 09:58:40,590 [pool-403-thread-1] INFO  server.RaftServerConfigKeys (ConfUtils.java:logGet(43)) - raft.server.log.statemachine.data.sync = true (default)
2019-09-18 09:58:40,591 [pool-413-thread-1] INFO  server.RaftServerConfigKeys (ConfUtils.java:logGet(43)) - raft.server.log.statemachine.data.sync = true (default)
2019-09-18 09:58:40,591 [pool-403-thread-1] INFO  server.RaftServerConfigKeys (ConfUtils.java:logGet(43)) - raft.server.log.statemachine.data.sync.timeout = 10s (default)
2019-09-18 09:58:40,591 [pool-413-thread-1] INFO  server.RaftServerConfigKeys (ConfUtils.java:logGet(43)) - raft.server.log.statemachine.data.sync.timeout = 10s (default)
2019-09-18 09:58:40,591 [pool-403-thread-1] INFO  server.RaftServerConfigKeys (ConfUtils.java:logGet(43)) - raft.server.log.statemachine.data.sync.timeout.retry = -1 (default)
2019-09-18 09:58:40,591 [pool-413-thread-1] INFO  server.RaftServerConfigKeys (ConfUtils.java:logGet(43)) - raft.server.log.statemachine.data.sync.timeout.retry = -1 (default)
2019-09-18 09:58:40,591 [pool-403-thread-1] INFO  server.RaftServerConfigKeys (ConfUtils.java:logGet(43)) - raft.server.log.statemachine.data.caching.enabled = true (custom)
2019-09-18 09:58:40,591 [pool-413-thread-1] INFO  server.RaftServerConfigKeys (ConfUtils.java:logGet(43)) - raft.server.log.statemachine.data.caching.enabled = true (custom)
2019-09-18 09:58:40,591 [pool-403-thread-1] INFO  segmented.SegmentedRaftLogWorker (SegmentedRaftLogWorker.java:lambda$new$0(132)) - 005abd97-d8f5-4c59-a49a-947228164777@group-B205252F0856-SegmentedRaftLogWorker: flushIndex: setUnconditionally 0 -> -1
2019-09-18 09:58:40,592 [pool-413-thread-1] INFO  segmented.SegmentedRaftLogWorker (SegmentedRaftLogWorker.java:lambda$new$0(132)) - 8f53d3c5-7943-4c00-9108-ce782fbf9e92@group-B205252F0856-SegmentedRaftLogWorker: flushIndex: setUnconditionally 0 -> -1
2019-09-18 09:58:40,592 [pool-403-thread-1] INFO  server.RaftServerConfigKeys (ConfUtils.java:logGet(43)) - raft.server.snapshot.auto.trigger.enabled = true (custom)
2019-09-18 09:58:40,592 [pool-403-thread-1] INFO  server.RaftServerConfigKeys (ConfUtils.java:logGet(43)) - raft.server.snapshot.auto.trigger.threshold = 10000 (custom)
2019-09-18 09:58:40,592 [pool-393-thread-1] INFO  impl.RaftServerImpl (RaftServerImpl.java:start(185)) - 2de5b735-5f5e-4913-97f2-cd9b7e38d44d@group-B205252F0856: start as a follower, conf=-1: [2de5b735-5f5e-4913-97f2-cd9b7e38d44d:192.168.34.50:39091, 8f53d3c5-7943-4c00-9108-ce782fbf9e92:192.168.34.50:34289, 005abd97-d8f5-4c59-a49a-947228164777:192.168.34.50:46193], old=null
2019-09-18 09:58:40,592 [pool-413-thread-1] INFO  server.RaftServerConfigKeys (ConfUtils.java:logGet(43)) - raft.server.snapshot.auto.trigger.enabled = true (custom)
2019-09-18 09:58:40,592 [pool-403-thread-1] INFO  server.RaftServerConfigKeys (ConfUtils.java:logGet(43)) - raft.server.snapshot.retention.num.files = 5 (custom)
2019-09-18 09:58:40,592 [pool-413-thread-1] INFO  server.RaftServerConfigKeys (ConfUtils.java:logGet(43)) - raft.server.snapshot.auto.trigger.threshold = 10000 (custom)
2019-09-18 09:58:40,592 [pool-393-thread-1] INFO  impl.RaftServerImpl (RaftServerImpl.java:setRole(174)) - 2de5b735-5f5e-4913-97f2-cd9b7e38d44d@group-B205252F0856: changes role from      null to FOLLOWER at term 0 for startAsFollower
2019-09-18 09:58:40,592 [pool-413-thread-1] INFO  server.RaftServerConfigKeys (ConfUtils.java:logGet(43)) - raft.server.snapshot.retention.num.files = 5 (custom)
2019-09-18 09:58:40,592 [pool-403-thread-1] INFO  server.RaftServerConfigKeys (ConfUtils.java:logGet(43)) - raft.server.retrycache.expirytime = 600000ms (custom)
2019-09-18 09:58:40,593 [pool-413-thread-1] INFO  server.RaftServerConfigKeys (ConfUtils.java:logGet(43)) - raft.server.retrycache.expirytime = 600000ms (custom)
2019-09-18 09:58:40,593 [pool-393-thread-1] INFO  impl.RoleInfo (RoleInfo.java:updateAndGet(143)) - 2de5b735-5f5e-4913-97f2-cd9b7e38d44d: start FollowerState
2019-09-18 09:58:40,593 [pool-393-thread-1] INFO  util.JmxRegister (JmxRegister.java:tryRegister(44)) - Successfully registered JMX Bean with object name Ratis:service=RaftServer,group=group-B205252F0856,id=2de5b735-5f5e-4913-97f2-cd9b7e38d44d
2019-09-18 09:58:40,595 [pool-403-thread-1] INFO  impl.RaftServerImpl (RaftServerImpl.java:start(185)) - 005abd97-d8f5-4c59-a49a-947228164777@group-B205252F0856: start as a follower, conf=-1: [2de5b735-5f5e-4913-97f2-cd9b7e38d44d:192.168.34.50:39091, 8f53d3c5-7943-4c00-9108-ce782fbf9e92:192.168.34.50:34289, 005abd97-d8f5-4c59-a49a-947228164777:192.168.34.50:46193], old=null
2019-09-18 09:58:40,595 [pool-403-thread-1] INFO  impl.RaftServerImpl (RaftServerImpl.java:setRole(174)) - 005abd97-d8f5-4c59-a49a-947228164777@group-B205252F0856: changes role from      null to FOLLOWER at term 0 for startAsFollower
2019-09-18 09:58:40,595 [pool-403-thread-1] INFO  impl.RoleInfo (RoleInfo.java:updateAndGet(143)) - 005abd97-d8f5-4c59-a49a-947228164777: start FollowerState
2019-09-18 09:58:40,595 [pool-403-thread-1] INFO  util.JmxRegister (JmxRegister.java:tryRegister(44)) - Successfully registered JMX Bean with object name Ratis:service=RaftServer,group=group-B205252F0856,id=005abd97-d8f5-4c59-a49a-947228164777
2019-09-18 09:58:40,597 [pool-413-thread-1] INFO  impl.RaftServerImpl (RaftServerImpl.java:start(185)) - 8f53d3c5-7943-4c00-9108-ce782fbf9e92@group-B205252F0856: start as a follower, conf=-1: [2de5b735-5f5e-4913-97f2-cd9b7e38d44d:192.168.34.50:39091, 8f53d3c5-7943-4c00-9108-ce782fbf9e92:192.168.34.50:34289, 005abd97-d8f5-4c59-a49a-947228164777:192.168.34.50:46193], old=null
2019-09-18 09:58:40,597 [pool-413-thread-1] INFO  impl.RaftServerImpl (RaftServerImpl.java:setRole(174)) - 8f53d3c5-7943-4c00-9108-ce782fbf9e92@group-B205252F0856: changes role from      null to FOLLOWER at term 0 for startAsFollower
2019-09-18 09:58:40,597 [pool-413-thread-1] INFO  impl.RoleInfo (RoleInfo.java:updateAndGet(143)) - 8f53d3c5-7943-4c00-9108-ce782fbf9e92: start FollowerState
2019-09-18 09:58:40,597 [pool-413-thread-1] INFO  util.JmxRegister (JmxRegister.java:tryRegister(44)) - Successfully registered JMX Bean with object name Ratis:service=RaftServer,group=group-B205252F0856,id=8f53d3c5-7943-4c00-9108-ce782fbf9e92
2019-09-18 09:58:40,599 [RatisPipelineUtilsThread] INFO  pipeline.PipelineStateManager (PipelineStateManager.java:addPipeline(56)) - Created pipeline Pipeline[ Id: d49dfb5f-5d98-48e8-91bd-b205252f0856, Nodes: 2de5b735-5f5e-4913-97f2-cd9b7e38d44d{ip: 192.168.34.50, host: pr-hdds-2141-pjvt9-4098185234, networkLocation: /default-rack, certSerialId: null}005abd97-d8f5-4c59-a49a-947228164777{ip: 192.168.34.50, host: pr-hdds-2141-pjvt9-4098185234, networkLocation: /default-rack, certSerialId: null}8f53d3c5-7943-4c00-9108-ce782fbf9e92{ip: 192.168.34.50, host: pr-hdds-2141-pjvt9-4098185234, networkLocation: /default-rack, certSerialId: null}, Type:RATIS, Factor:THREE, State:OPEN]
2019-09-18 09:58:41,276 [Thread-2301] INFO  container.ReplicationManager (ReplicationManager.java:start(162)) - Starting Replication Monitor Thread.
2019-09-18 09:58:41,282 [ReplicationMonitor] INFO  container.ReplicationManager (ReplicationManager.java:run(225)) - Replication Monitor Thread took 0 milliseconds for processing 0 containers.
2019-09-18 09:58:41,341 [IPC Server handler 4 on 44192] INFO  net.NetworkTopology (NetworkTopologyImpl.java:add(111)) - Added a new node: /default-rack/9c46bebe-7017-4198-8b11-dc6744ed4c0e
2019-09-18 09:58:41,341 [IPC Server handler 4 on 44192] INFO  node.SCMNodeManager (SCMNodeManager.java:register(266)) - Registered Data node : 9c46bebe-7017-4198-8b11-dc6744ed4c0e{ip: 192.168.34.50, host: pr-hdds-2141-pjvt9-4098185234, networkLocation: /default-rack, certSerialId: null}
2019-09-18 09:58:41,351 [grpc-default-executor-3] INFO  impl.RaftServerProxy (RaftServerProxy.java:addNew(89)) - 9c46bebe-7017-4198-8b11-dc6744ed4c0e: addNew group-E1490AC8E525:[9c46bebe-7017-4198-8b11-dc6744ed4c0e:192.168.34.50:33972] returns group-E1490AC8E525:java.util.concurrent.CompletableFuture@3c8f97a0[Not completed]
2019-09-18 09:58:41,353 [pool-433-thread-1] INFO  impl.RaftServerImpl (RaftServerImpl.java:<init>(95)) - 9c46bebe-7017-4198-8b11-dc6744ed4c0e: new RaftServerImpl for group-E1490AC8E525:[9c46bebe-7017-4198-8b11-dc6744ed4c0e:192.168.34.50:33972] with ContainerStateMachine:uninitialized
2019-09-18 09:58:41,353 [pool-433-thread-1] INFO  server.RaftServerConfigKeys (ConfUtils.java:logGet(43)) - raft.server.rpc.timeout.min = 5s (custom)
2019-09-18 09:58:41,354 [pool-433-thread-1] INFO  server.RaftServerConfigKeys (ConfUtils.java:logGet(43)) - raft.server.rpc.timeout.max = 5200ms (custom)
2019-09-18 09:58:41,354 [pool-433-thread-1] INFO  server.RaftServerConfigKeys (ConfUtils.java:logGet(43)) - raft.server.rpcslowness.timeout = 120s (custom)
2019-09-18 09:58:41,354 [pool-433-thread-1] INFO  server.RaftServerConfigKeys (ConfUtils.java:logGet(43)) - raft.server.sleep.deviation.threshold = 300 (default)
2019-09-18 09:58:41,354 [pool-433-thread-1] INFO  server.RaftServerConfigKeys (ConfUtils.java:logGet(43)) - raft.server.log.appender.install.snapshot.enabled = false (custom)
2019-09-18 09:58:41,354 [pool-433-thread-1] INFO  impl.RaftServerImpl (ServerState.java:<init>(103)) - 9c46bebe-7017-4198-8b11-dc6744ed4c0e@group-E1490AC8E525: ConfigurationManager, init=-1: [9c46bebe-7017-4198-8b11-dc6744ed4c0e:192.168.34.50:33972], old=null, confs=<EMPTY_MAP>
2019-09-18 09:58:41,354 [pool-433-thread-1] INFO  server.RaftServerConfigKeys (ConfUtils.java:logGet(43)) - raft.server.storage.dir = [/workdir/hadoop-ozone/integration-test/target/test-dir/MiniOzoneClusterImpl-5f4d0526-9e7c-4c5b-a88f-fb02f19e7f1d/datanode-5/data/ratis] (custom)
2019-09-18 09:58:41,355 [pool-433-thread-1] INFO  storage.RaftStorageDirectory (RaftStorageDirectory.java:analyzeStorage(246)) - The storage directory /workdir/hadoop-ozone/integration-test/target/test-dir/MiniOzoneClusterImpl-5f4d0526-9e7c-4c5b-a88f-fb02f19e7f1d/datanode-5/data/ratis/b82c811a-80ba-4d4a-8774-e1490ac8e525 does not exist. Creating ...
2019-09-18 09:58:41,480 [main] INFO  ozone.MiniOzoneClusterImpl (MiniOzoneClusterImpl.java:lambda$waitForClusterToBeReady$0(145)) - Waiting for cluster to be ready. Got 6 of 7 DN Heartbeats.
2019-09-18 09:58:41,481 [IPC Server handler 6 on 44192] INFO  net.NetworkTopology (NetworkTopologyImpl.java:add(111)) - Added a new node: /default-rack/43692c40-cad1-44a4-bc68-5df2581f8f96
2019-09-18 09:58:41,482 [IPC Server handler 6 on 44192] INFO  node.SCMNodeManager (SCMNodeManager.java:register(266)) - Registered Data node : 43692c40-cad1-44a4-bc68-5df2581f8f96{ip: 192.168.34.50, host: pr-hdds-2141-pjvt9-4098185234, networkLocation: /default-rack, certSerialId: null}
2019-09-18 09:58:41,787 [pool-433-thread-1] INFO  storage.RaftStorageDirectory (RaftStorageDirectory.java:tryLock(328)) - Lock on /workdir/hadoop-ozone/integration-test/target/test-dir/MiniOzoneClusterImpl-5f4d0526-9e7c-4c5b-a88f-fb02f19e7f1d/datanode-5/data/ratis/b82c811a-80ba-4d4a-8774-e1490ac8e525/in_use.lock acquired by nodename 867@pr-hdds-2141-pjvt9-4098185234
2019-09-18 09:58:41,816 [pool-433-thread-1] INFO  storage.RaftStorage (RaftStorage.java:format(72)) - Storage directory /workdir/hadoop-ozone/integration-test/target/test-dir/MiniOzoneClusterImpl-5f4d0526-9e7c-4c5b-a88f-fb02f19e7f1d/datanode-5/data/ratis/b82c811a-80ba-4d4a-8774-e1490ac8e525 has been successfully formatted.
2019-09-18 09:58:41,816 [pool-433-thread-1] INFO  ratis.ContainerStateMachine (ContainerStateMachine.java:loadSnapshot(230)) - group-E1490AC8E525: The snapshot info is null. Setting the last applied indexto:(t:0, i:~)
2019-09-18 09:58:41,817 [pool-433-thread-1] INFO  server.RaftServerConfigKeys (ConfUtils.java:logGet(43)) - raft.server.notification.no-leader.timeout = 120s (custom)
2019-09-18 09:58:41,817 [pool-433-thread-1] INFO  server.RaftServerConfigKeys (ConfUtils.java:logGet(43)) - raft.server.log.use.memory = false (default)
2019-09-18 09:58:41,817 [pool-433-thread-1] INFO  server.RaftServerConfigKeys (ConfUtils.java:logGet(43)) - raft.server.log.purge.gap = 1000000 (custom)
2019-09-18 09:58:41,817 [pool-433-thread-1] INFO  server.RaftServerConfigKeys (ConfUtils.java:logGet(43)) - raft.server.log.appender.buffer.byte-limit = 33554432 (custom)
2019-09-18 09:58:41,817 [pool-433-thread-1] INFO  server.RaftServerConfigKeys (ConfUtils.java:logGet(43)) - raft.server.log.segment.size.max = 1048576 (custom)
2019-09-18 09:58:41,818 [pool-433-thread-1] INFO  server.RaftServerConfigKeys (ConfUtils.java:logGet(43)) - raft.server.log.segment.cache.num.max = 2 (custom)
2019-09-18 09:58:41,818 [pool-433-thread-1] INFO  segmented.SegmentedRaftLogWorker (SegmentedRaftLogWorker.java:<init>(172)) - new 9c46bebe-7017-4198-8b11-dc6744ed4c0e@group-E1490AC8E525-SegmentedRaftLogWorker for RaftStorage:Storage Directory /workdir/hadoop-ozone/integration-test/target/test-dir/MiniOzoneClusterImpl-5f4d0526-9e7c-4c5b-a88f-fb02f19e7f1d/datanode-5/data/ratis/b82c811a-80ba-4d4a-8774-e1490ac8e525
2019-09-18 09:58:41,821 [pool-433-thread-1] INFO  server.RaftServerConfigKeys (ConfUtils.java:logGet(43)) - raft.server.log.queue.byte-limit = 2147483647 (custom)
2019-09-18 09:58:41,821 [pool-433-thread-1] INFO  server.RaftServerConfigKeys (ConfUtils.java:logGet(43)) - raft.server.log.queue.element-limit = 1024 (custom)
2019-09-18 09:58:41,821 [pool-433-thread-1] INFO  server.RaftServerConfigKeys (ConfUtils.java:logGet(43)) - raft.server.log.segment.size.max = 1048576 (custom)
2019-09-18 09:58:41,821 [pool-433-thread-1] INFO  server.RaftServerConfigKeys (ConfUtils.java:logGet(43)) - raft.server.log.preallocated.size = 16384 (custom)
2019-09-18 09:58:41,822 [pool-433-thread-1] INFO  server.RaftServerConfigKeys (ConfUtils.java:logGet(43)) - raft.server.log.write.buffer.size = 33554432 (custom)
2019-09-18 09:58:41,822 [pool-433-thread-1] INFO  server.RaftServerConfigKeys (ConfUtils.java:logGet(43)) - raft.server.log.force.sync.num = 128 (default)
2019-09-18 09:58:41,822 [pool-433-thread-1] INFO  server.RaftServerConfigKeys (ConfUtils.java:logGet(43)) - raft.server.log.statemachine.data.sync = true (default)
2019-09-18 09:58:41,822 [pool-433-thread-1] INFO  server.RaftServerConfigKeys (ConfUtils.java:logGet(43)) - raft.server.log.statemachine.data.sync.timeout = 10s (default)
2019-09-18 09:58:41,822 [pool-433-thread-1] INFO  server.RaftServerConfigKeys (ConfUtils.java:logGet(43)) - raft.server.log.statemachine.data.sync.timeout.retry = -1 (default)
2019-09-18 09:58:41,823 [pool-433-thread-1] INFO  server.RaftServerConfigKeys (ConfUtils.java:logGet(43)) - raft.server.log.statemachine.data.caching.enabled = true (custom)
2019-09-18 09:58:41,823 [pool-433-thread-1] INFO  segmented.SegmentedRaftLogWorker (SegmentedRaftLogWorker.java:lambda$new$0(132)) - 9c46bebe-7017-4198-8b11-dc6744ed4c0e@group-E1490AC8E525-SegmentedRaftLogWorker: flushIndex: setUnconditionally 0 -> -1
2019-09-18 09:58:41,823 [pool-433-thread-1] INFO  server.RaftServerConfigKeys (ConfUtils.java:logGet(43)) - raft.server.snapshot.auto.trigger.enabled = true (custom)
2019-09-18 09:58:41,824 [pool-433-thread-1] INFO  server.RaftServerConfigKeys (ConfUtils.java:logGet(43)) - raft.server.snapshot.auto.trigger.threshold = 10000 (custom)
2019-09-18 09:58:41,824 [pool-433-thread-1] INFO  server.RaftServerConfigKeys (ConfUtils.java:logGet(43)) - raft.server.snapshot.retention.num.files = 5 (custom)
2019-09-18 09:58:41,824 [pool-433-thread-1] INFO  server.RaftServerConfigKeys (ConfUtils.java:logGet(43)) - raft.server.retrycache.expirytime = 600000ms (custom)
2019-09-18 09:58:41,827 [pool-433-thread-1] INFO  impl.RaftServerImpl (RaftServerImpl.java:start(185)) - 9c46bebe-7017-4198-8b11-dc6744ed4c0e@group-E1490AC8E525: start as a follower, conf=-1: [9c46bebe-7017-4198-8b11-dc6744ed4c0e:192.168.34.50:33972], old=null
2019-09-18 09:58:41,827 [pool-433-thread-1] INFO  impl.RaftServerImpl (RaftServerImpl.java:setRole(174)) - 9c46bebe-7017-4198-8b11-dc6744ed4c0e@group-E1490AC8E525: changes role from      null to FOLLOWER at term 0 for startAsFollower
2019-09-18 09:58:41,827 [pool-433-thread-1] INFO  impl.RoleInfo (RoleInfo.java:updateAndGet(143)) - 9c46bebe-7017-4198-8b11-dc6744ed4c0e: start FollowerState
2019-09-18 09:58:41,827 [pool-433-thread-1] INFO  util.JmxRegister (JmxRegister.java:tryRegister(44)) - Successfully registered JMX Bean with object name Ratis:service=RaftServer,group=group-E1490AC8E525,id=9c46bebe-7017-4198-8b11-dc6744ed4c0e
2019-09-18 09:58:41,830 [RatisPipelineUtilsThread] INFO  pipeline.PipelineStateManager (PipelineStateManager.java:addPipeline(56)) - Created pipeline Pipeline[ Id: b82c811a-80ba-4d4a-8774-e1490ac8e525, Nodes: 9c46bebe-7017-4198-8b11-dc6744ed4c0e{ip: 192.168.34.50, host: pr-hdds-2141-pjvt9-4098185234, networkLocation: /default-rack, certSerialId: null}, Type:RATIS, Factor:ONE, State:OPEN]
2019-09-18 09:58:41,841 [grpc-default-executor-3] INFO  impl.RaftServerProxy (RaftServerProxy.java:addNew(89)) - 43692c40-cad1-44a4-bc68-5df2581f8f96: addNew group-A6D591E7EF1D:[43692c40-cad1-44a4-bc68-5df2581f8f96:192.168.34.50:37858] returns group-A6D591E7EF1D:java.util.concurrent.CompletableFuture@73fb98bf[Not completed]
2019-09-18 09:58:41,843 [pool-443-thread-1] INFO  impl.RaftServerImpl (RaftServerImpl.java:<init>(95)) - 43692c40-cad1-44a4-bc68-5df2581f8f96: new RaftServerImpl for group-A6D591E7EF1D:[43692c40-cad1-44a4-bc68-5df2581f8f96:192.168.34.50:37858] with ContainerStateMachine:uninitialized
2019-09-18 09:58:41,843 [pool-443-thread-1] INFO  server.RaftServerConfigKeys (ConfUtils.java:logGet(43)) - raft.server.rpc.timeout.min = 5s (custom)
2019-09-18 09:58:41,843 [pool-443-thread-1] INFO  server.RaftServerConfigKeys (ConfUtils.java:logGet(43)) - raft.server.rpc.timeout.max = 5200ms (custom)
2019-09-18 09:58:41,843 [pool-443-thread-1] INFO  server.RaftServerConfigKeys (ConfUtils.java:logGet(43)) - raft.server.rpcslowness.timeout = 120s (custom)
2019-09-18 09:58:41,843 [pool-443-thread-1] INFO  server.RaftServerConfigKeys (ConfUtils.java:logGet(43)) - raft.server.sleep.deviation.threshold = 300 (default)
2019-09-18 09:58:41,843 [pool-443-thread-1] INFO  server.RaftServerConfigKeys (ConfUtils.java:logGet(43)) - raft.server.log.appender.install.snapshot.enabled = false (custom)
2019-09-18 09:58:41,844 [pool-443-thread-1] INFO  impl.RaftServerImpl (ServerState.java:<init>(103)) - 43692c40-cad1-44a4-bc68-5df2581f8f96@group-A6D591E7EF1D: ConfigurationManager, init=-1: [43692c40-cad1-44a4-bc68-5df2581f8f96:192.168.34.50:37858], old=null, confs=<EMPTY_MAP>
2019-09-18 09:58:41,844 [pool-443-thread-1] INFO  server.RaftServerConfigKeys (ConfUtils.java:logGet(43)) - raft.server.storage.dir = [/workdir/hadoop-ozone/integration-test/target/test-dir/MiniOzoneClusterImpl-5f4d0526-9e7c-4c5b-a88f-fb02f19e7f1d/datanode-6/data/ratis] (custom)
2019-09-18 09:58:41,844 [pool-443-thread-1] INFO  storage.RaftStorageDirectory (RaftStorageDirectory.java:analyzeStorage(246)) - The storage directory /workdir/hadoop-ozone/integration-test/target/test-dir/MiniOzoneClusterImpl-5f4d0526-9e7c-4c5b-a88f-fb02f19e7f1d/datanode-6/data/ratis/e0090e8d-21a3-4bd9-abc2-a6d591e7ef1d does not exist. Creating ...
2019-09-18 09:58:41,860 [pool-443-thread-1] INFO  storage.RaftStorageDirectory (RaftStorageDirectory.java:tryLock(328)) - Lock on /workdir/hadoop-ozone/integration-test/target/test-dir/MiniOzoneClusterImpl-5f4d0526-9e7c-4c5b-a88f-fb02f19e7f1d/datanode-6/data/ratis/e0090e8d-21a3-4bd9-abc2-a6d591e7ef1d/in_use.lock acquired by nodename 867@pr-hdds-2141-pjvt9-4098185234
2019-09-18 09:58:41,868 [pool-443-thread-1] INFO  storage.RaftStorage (RaftStorage.java:format(72)) - Storage directory /workdir/hadoop-ozone/integration-test/target/test-dir/MiniOzoneClusterImpl-5f4d0526-9e7c-4c5b-a88f-fb02f19e7f1d/datanode-6/data/ratis/e0090e8d-21a3-4bd9-abc2-a6d591e7ef1d has been successfully formatted.
2019-09-18 09:58:41,868 [pool-443-thread-1] INFO  ratis.ContainerStateMachine (ContainerStateMachine.java:loadSnapshot(230)) - group-A6D591E7EF1D: The snapshot info is null. Setting the last applied indexto:(t:0, i:~)
2019-09-18 09:58:41,869 [pool-443-thread-1] INFO  server.RaftServerConfigKeys (ConfUtils.java:logGet(43)) - raft.server.notification.no-leader.timeout = 120s (custom)
2019-09-18 09:58:41,869 [pool-443-thread-1] INFO  server.RaftServerConfigKeys (ConfUtils.java:logGet(43)) - raft.server.log.use.memory = false (default)
2019-09-18 09:58:41,869 [pool-443-thread-1] INFO  server.RaftServerConfigKeys (ConfUtils.java:logGet(43)) - raft.server.log.purge.gap = 1000000 (custom)
2019-09-18 09:58:41,869 [pool-443-thread-1] INFO  server.RaftServerConfigKeys (ConfUtils.java:logGet(43)) - raft.server.log.appender.buffer.byte-limit = 33554432 (custom)
2019-09-18 09:58:41,869 [pool-443-thread-1] INFO  server.RaftServerConfigKeys (ConfUtils.java:logGet(43)) - raft.server.log.segment.size.max = 1048576 (custom)
2019-09-18 09:58:41,869 [pool-443-thread-1] INFO  server.RaftServerConfigKeys (ConfUtils.java:logGet(43)) - raft.server.log.segment.cache.num.max = 2 (custom)
2019-09-18 09:58:41,870 [pool-443-thread-1] INFO  segmented.SegmentedRaftLogWorker (SegmentedRaftLogWorker.java:<init>(172)) - new 43692c40-cad1-44a4-bc68-5df2581f8f96@group-A6D591E7EF1D-SegmentedRaftLogWorker for RaftStorage:Storage Directory /workdir/hadoop-ozone/integration-test/target/test-dir/MiniOzoneClusterImpl-5f4d0526-9e7c-4c5b-a88f-fb02f19e7f1d/datanode-6/data/ratis/e0090e8d-21a3-4bd9-abc2-a6d591e7ef1d
2019-09-18 09:58:41,871 [pool-443-thread-1] INFO  server.RaftServerConfigKeys (ConfUtils.java:logGet(43)) - raft.server.log.queue.byte-limit = 2147483647 (custom)
2019-09-18 09:58:41,872 [pool-443-thread-1] INFO  server.RaftServerConfigKeys (ConfUtils.java:logGet(43)) - raft.server.log.queue.element-limit = 1024 (custom)
2019-09-18 09:58:41,872 [pool-443-thread-1] INFO  server.RaftServerConfigKeys (ConfUtils.java:logGet(43)) - raft.server.log.segment.size.max = 1048576 (custom)
2019-09-18 09:58:41,872 [pool-443-thread-1] INFO  server.RaftServerConfigKeys (ConfUtils.java:logGet(43)) - raft.server.log.preallocated.size = 16384 (custom)
2019-09-18 09:58:41,872 [pool-443-thread-1] INFO  server.RaftServerConfigKeys (ConfUtils.java:logGet(43)) - raft.server.log.write.buffer.size = 33554432 (custom)
2019-09-18 09:58:41,872 [pool-443-thread-1] INFO  server.RaftServerConfigKeys (ConfUtils.java:logGet(43)) - raft.server.log.force.sync.num = 128 (default)
2019-09-18 09:58:41,872 [pool-443-thread-1] INFO  server.RaftServerConfigKeys (ConfUtils.java:logGet(43)) - raft.server.log.statemachine.data.sync = true (default)
2019-09-18 09:58:41,873 [pool-443-thread-1] INFO  server.RaftServerConfigKeys (ConfUtils.java:logGet(43)) - raft.server.log.statemachine.data.sync.timeout = 10s (default)
2019-09-18 09:58:41,873 [pool-443-thread-1] INFO  server.RaftServerConfigKeys (ConfUtils.java:logGet(43)) - raft.server.log.statemachine.data.sync.timeout.retry = -1 (default)
2019-09-18 09:58:41,873 [pool-443-thread-1] INFO  server.RaftServerConfigKeys (ConfUtils.java:logGet(43)) - raft.server.log.statemachine.data.caching.enabled = true (custom)
2019-09-18 09:58:41,873 [pool-443-thread-1] INFO  segmented.SegmentedRaftLogWorker (SegmentedRaftLogWorker.java:lambda$new$0(132)) - 43692c40-cad1-44a4-bc68-5df2581f8f96@group-A6D591E7EF1D-SegmentedRaftLogWorker: flushIndex: setUnconditionally 0 -> -1
2019-09-18 09:58:41,874 [pool-443-thread-1] INFO  server.RaftServerConfigKeys (ConfUtils.java:logGet(43)) - raft.server.snapshot.auto.trigger.enabled = true (custom)
2019-09-18 09:58:41,874 [pool-443-thread-1] INFO  server.RaftServerConfigKeys (ConfUtils.java:logGet(43)) - raft.server.snapshot.auto.trigger.threshold = 10000 (custom)
2019-09-18 09:58:41,874 [pool-443-thread-1] INFO  server.RaftServerConfigKeys (ConfUtils.java:logGet(43)) - raft.server.snapshot.retention.num.files = 5 (custom)
2019-09-18 09:58:41,874 [pool-443-thread-1] INFO  server.RaftServerConfigKeys (ConfUtils.java:logGet(43)) - raft.server.retrycache.expirytime = 600000ms (custom)
2019-09-18 09:58:41,876 [pool-443-thread-1] INFO  impl.RaftServerImpl (RaftServerImpl.java:start(185)) - 43692c40-cad1-44a4-bc68-5df2581f8f96@group-A6D591E7EF1D: start as a follower, conf=-1: [43692c40-cad1-44a4-bc68-5df2581f8f96:192.168.34.50:37858], old=null
2019-09-18 09:58:41,877 [pool-443-thread-1] INFO  impl.RaftServerImpl (RaftServerImpl.java:setRole(174)) - 43692c40-cad1-44a4-bc68-5df2581f8f96@group-A6D591E7EF1D: changes role from      null to FOLLOWER at term 0 for startAsFollower
2019-09-18 09:58:41,877 [pool-443-thread-1] INFO  impl.RoleInfo (RoleInfo.java:updateAndGet(143)) - 43692c40-cad1-44a4-bc68-5df2581f8f96: start FollowerState
2019-09-18 09:58:41,877 [pool-443-thread-1] INFO  util.JmxRegister (JmxRegister.java:tryRegister(44)) - Successfully registered JMX Bean with object name Ratis:service=RaftServer,group=group-A6D591E7EF1D,id=43692c40-cad1-44a4-bc68-5df2581f8f96
2019-09-18 09:58:41,879 [RatisPipelineUtilsThread] INFO  pipeline.PipelineStateManager (PipelineStateManager.java:addPipeline(56)) - Created pipeline Pipeline[ Id: e0090e8d-21a3-4bd9-abc2-a6d591e7ef1d, Nodes: 43692c40-cad1-44a4-bc68-5df2581f8f96{ip: 192.168.34.50, host: pr-hdds-2141-pjvt9-4098185234, networkLocation: /default-rack, certSerialId: null}, Type:RATIS, Factor:ONE, State:OPEN]
2019-09-18 09:58:41,901 [grpc-default-executor-2] INFO  impl.RaftServerProxy (RaftServerProxy.java:addNew(89)) - a4c87eb4-b75f-4e60-9914-913e5c1f17d9: addNew group-CB4828712792:[9c46bebe-7017-4198-8b11-dc6744ed4c0e:192.168.34.50:33972, a4c87eb4-b75f-4e60-9914-913e5c1f17d9:192.168.34.50:37158, 3a0c29e2-5599-4a38-a73f-e743e8986a45:192.168.34.50:34324] returns group-CB4828712792:java.util.concurrent.CompletableFuture@1f68bd18[Not completed]
2019-09-18 09:58:41,901 [grpc-default-executor-0] INFO  impl.RaftServerProxy (RaftServerProxy.java:addNew(89)) - 3a0c29e2-5599-4a38-a73f-e743e8986a45: addNew group-CB4828712792:[9c46bebe-7017-4198-8b11-dc6744ed4c0e:192.168.34.50:33972, a4c87eb4-b75f-4e60-9914-913e5c1f17d9:192.168.34.50:37158, 3a0c29e2-5599-4a38-a73f-e743e8986a45:192.168.34.50:34324] returns group-CB4828712792:java.util.concurrent.CompletableFuture@5870ab25[Not completed]
2019-09-18 09:58:41,901 [grpc-default-executor-3] INFO  impl.RaftServerProxy (RaftServerProxy.java:addNew(89)) - 9c46bebe-7017-4198-8b11-dc6744ed4c0e: addNew group-CB4828712792:[9c46bebe-7017-4198-8b11-dc6744ed4c0e:192.168.34.50:33972, a4c87eb4-b75f-4e60-9914-913e5c1f17d9:192.168.34.50:37158, 3a0c29e2-5599-4a38-a73f-e743e8986a45:192.168.34.50:34324] returns group-CB4828712792:java.util.concurrent.CompletableFuture@5217e575[Not completed]
2019-09-18 09:58:41,903 [pool-383-thread-1] INFO  impl.RaftServerImpl (RaftServerImpl.java:<init>(95)) - a4c87eb4-b75f-4e60-9914-913e5c1f17d9: new RaftServerImpl for group-CB4828712792:[9c46bebe-7017-4198-8b11-dc6744ed4c0e:192.168.34.50:33972, a4c87eb4-b75f-4e60-9914-913e5c1f17d9:192.168.34.50:37158, 3a0c29e2-5599-4a38-a73f-e743e8986a45:192.168.34.50:34324] with ContainerStateMachine:uninitialized
2019-09-18 09:58:41,903 [pool-383-thread-1] INFO  server.RaftServerConfigKeys (ConfUtils.java:logGet(43)) - raft.server.rpc.timeout.min = 5s (custom)
2019-09-18 09:58:41,903 [pool-383-thread-1] INFO  server.RaftServerConfigKeys (ConfUtils.java:logGet(43)) - raft.server.rpc.timeout.max = 5200ms (custom)
2019-09-18 09:58:41,903 [pool-383-thread-1] INFO  server.RaftServerConfigKeys (ConfUtils.java:logGet(43)) - raft.server.rpcslowness.timeout = 120s (custom)
2019-09-18 09:58:41,903 [pool-383-thread-1] INFO  server.RaftServerConfigKeys (ConfUtils.java:logGet(43)) - raft.server.sleep.deviation.threshold = 300 (default)
2019-09-18 09:58:41,903 [pool-383-thread-1] INFO  server.RaftServerConfigKeys (ConfUtils.java:logGet(43)) - raft.server.log.appender.install.snapshot.enabled = false (custom)
2019-09-18 09:58:41,904 [pool-433-thread-1] INFO  impl.RaftServerImpl (RaftServerImpl.java:<init>(95)) - 9c46bebe-7017-4198-8b11-dc6744ed4c0e: new RaftServerImpl for group-CB4828712792:[9c46bebe-7017-4198-8b11-dc6744ed4c0e:192.168.34.50:33972, a4c87eb4-b75f-4e60-9914-913e5c1f17d9:192.168.34.50:37158, 3a0c29e2-5599-4a38-a73f-e743e8986a45:192.168.34.50:34324] with ContainerStateMachine:uninitialized
2019-09-18 09:58:41,904 [pool-383-thread-1] INFO  impl.RaftServerImpl (ServerState.java:<init>(103)) - a4c87eb4-b75f-4e60-9914-913e5c1f17d9@group-CB4828712792: ConfigurationManager, init=-1: [9c46bebe-7017-4198-8b11-dc6744ed4c0e:192.168.34.50:33972, a4c87eb4-b75f-4e60-9914-913e5c1f17d9:192.168.34.50:37158, 3a0c29e2-5599-4a38-a73f-e743e8986a45:192.168.34.50:34324], old=null, confs=<EMPTY_MAP>
2019-09-18 09:58:41,904 [pool-433-thread-1] INFO  server.RaftServerConfigKeys (ConfUtils.java:logGet(43)) - raft.server.rpc.timeout.min = 5s (custom)
2019-09-18 09:58:41,904 [pool-383-thread-1] INFO  server.RaftServerConfigKeys (ConfUtils.java:logGet(43)) - raft.server.storage.dir = [/workdir/hadoop-ozone/integration-test/target/test-dir/MiniOzoneClusterImpl-5f4d0526-9e7c-4c5b-a88f-fb02f19e7f1d/datanode-0/data/ratis] (custom)
2019-09-18 09:58:41,904 [pool-433-thread-1] INFO  server.RaftServerConfigKeys (ConfUtils.java:logGet(43)) - raft.server.rpc.timeout.max = 5200ms (custom)
2019-09-18 09:58:41,904 [pool-433-thread-1] INFO  server.RaftServerConfigKeys (ConfUtils.java:logGet(43)) - raft.server.rpcslowness.timeout = 120s (custom)
2019-09-18 09:58:41,904 [pool-423-thread-1] INFO  impl.RaftServerImpl (RaftServerImpl.java:<init>(95)) - 3a0c29e2-5599-4a38-a73f-e743e8986a45: new RaftServerImpl for group-CB4828712792:[9c46bebe-7017-4198-8b11-dc6744ed4c0e:192.168.34.50:33972, a4c87eb4-b75f-4e60-9914-913e5c1f17d9:192.168.34.50:37158, 3a0c29e2-5599-4a38-a73f-e743e8986a45:192.168.34.50:34324] with ContainerStateMachine:uninitialized
2019-09-18 09:58:41,904 [pool-383-thread-1] INFO  storage.RaftStorageDirectory (RaftStorageDirectory.java:analyzeStorage(246)) - The storage directory /workdir/hadoop-ozone/integration-test/target/test-dir/MiniOzoneClusterImpl-5f4d0526-9e7c-4c5b-a88f-fb02f19e7f1d/datanode-0/data/ratis/58c4e94f-b77d-4f57-aaa3-cb4828712792 does not exist. Creating ...
2019-09-18 09:58:41,904 [pool-433-thread-1] INFO  server.RaftServerConfigKeys (ConfUtils.java:logGet(43)) - raft.server.sleep.deviation.threshold = 300 (default)
2019-09-18 09:58:41,905 [pool-423-thread-1] INFO  server.RaftServerConfigKeys (ConfUtils.java:logGet(43)) - raft.server.rpc.timeout.min = 5s (custom)
2019-09-18 09:58:41,905 [pool-433-thread-1] INFO  server.RaftServerConfigKeys (ConfUtils.java:logGet(43)) - raft.server.log.appender.install.snapshot.enabled = false (custom)
2019-09-18 09:58:41,905 [pool-423-thread-1] INFO  server.RaftServerConfigKeys (ConfUtils.java:logGet(43)) - raft.server.rpc.timeout.max = 5200ms (custom)
2019-09-18 09:58:41,905 [pool-433-thread-1] INFO  impl.RaftServerImpl (ServerState.java:<init>(103)) - 9c46bebe-7017-4198-8b11-dc6744ed4c0e@group-CB4828712792: ConfigurationManager, init=-1: [9c46bebe-7017-4198-8b11-dc6744ed4c0e:192.168.34.50:33972, a4c87eb4-b75f-4e60-9914-913e5c1f17d9:192.168.34.50:37158, 3a0c29e2-5599-4a38-a73f-e743e8986a45:192.168.34.50:34324], old=null, confs=<EMPTY_MAP>
2019-09-18 09:58:41,905 [pool-423-thread-1] INFO  server.RaftServerConfigKeys (ConfUtils.java:logGet(43)) - raft.server.rpcslowness.timeout = 120s (custom)
2019-09-18 09:58:41,905 [pool-433-thread-1] INFO  server.RaftServerConfigKeys (ConfUtils.java:logGet(43)) - raft.server.storage.dir = [/workdir/hadoop-ozone/integration-test/target/test-dir/MiniOzoneClusterImpl-5f4d0526-9e7c-4c5b-a88f-fb02f19e7f1d/datanode-5/data/ratis] (custom)
2019-09-18 09:58:41,906 [pool-423-thread-1] INFO  server.RaftServerConfigKeys (ConfUtils.java:logGet(43)) - raft.server.sleep.deviation.threshold = 300 (default)
2019-09-18 09:58:41,906 [pool-423-thread-1] INFO  server.RaftServerConfigKeys (ConfUtils.java:logGet(43)) - raft.server.log.appender.install.snapshot.enabled = false (custom)
2019-09-18 09:58:41,906 [pool-433-thread-1] INFO  storage.RaftStorageDirectory (RaftStorageDirectory.java:analyzeStorage(246)) - The storage directory /workdir/hadoop-ozone/integration-test/target/test-dir/MiniOzoneClusterImpl-5f4d0526-9e7c-4c5b-a88f-fb02f19e7f1d/datanode-5/data/ratis/58c4e94f-b77d-4f57-aaa3-cb4828712792 does not exist. Creating ...
2019-09-18 09:58:41,906 [pool-423-thread-1] INFO  impl.RaftServerImpl (ServerState.java:<init>(103)) - 3a0c29e2-5599-4a38-a73f-e743e8986a45@group-CB4828712792: ConfigurationManager, init=-1: [9c46bebe-7017-4198-8b11-dc6744ed4c0e:192.168.34.50:33972, a4c87eb4-b75f-4e60-9914-913e5c1f17d9:192.168.34.50:37158, 3a0c29e2-5599-4a38-a73f-e743e8986a45:192.168.34.50:34324], old=null, confs=<EMPTY_MAP>
2019-09-18 09:58:41,906 [pool-423-thread-1] INFO  server.RaftServerConfigKeys (ConfUtils.java:logGet(43)) - raft.server.storage.dir = [/workdir/hadoop-ozone/integration-test/target/test-dir/MiniOzoneClusterImpl-5f4d0526-9e7c-4c5b-a88f-fb02f19e7f1d/datanode-4/data/ratis] (custom)
2019-09-18 09:58:41,907 [pool-423-thread-1] INFO  storage.RaftStorageDirectory (RaftStorageDirectory.java:analyzeStorage(246)) - The storage directory /workdir/hadoop-ozone/integration-test/target/test-dir/MiniOzoneClusterImpl-5f4d0526-9e7c-4c5b-a88f-fb02f19e7f1d/datanode-4/data/ratis/58c4e94f-b77d-4f57-aaa3-cb4828712792 does not exist. Creating ...
2019-09-18 09:58:41,912 [pool-423-thread-1] INFO  storage.RaftStorageDirectory (RaftStorageDirectory.java:tryLock(328)) - Lock on /workdir/hadoop-ozone/integration-test/target/test-dir/MiniOzoneClusterImpl-5f4d0526-9e7c-4c5b-a88f-fb02f19e7f1d/datanode-4/data/ratis/58c4e94f-b77d-4f57-aaa3-cb4828712792/in_use.lock acquired by nodename 867@pr-hdds-2141-pjvt9-4098185234
2019-09-18 09:58:41,912 [pool-383-thread-1] INFO  storage.RaftStorageDirectory (RaftStorageDirectory.java:tryLock(328)) - Lock on /workdir/hadoop-ozone/integration-test/target/test-dir/MiniOzoneClusterImpl-5f4d0526-9e7c-4c5b-a88f-fb02f19e7f1d/datanode-0/data/ratis/58c4e94f-b77d-4f57-aaa3-cb4828712792/in_use.lock acquired by nodename 867@pr-hdds-2141-pjvt9-4098185234
2019-09-18 09:58:41,912 [pool-433-thread-1] INFO  storage.RaftStorageDirectory (RaftStorageDirectory.java:tryLock(328)) - Lock on /workdir/hadoop-ozone/integration-test/target/test-dir/MiniOzoneClusterImpl-5f4d0526-9e7c-4c5b-a88f-fb02f19e7f1d/datanode-5/data/ratis/58c4e94f-b77d-4f57-aaa3-cb4828712792/in_use.lock acquired by nodename 867@pr-hdds-2141-pjvt9-4098185234
2019-09-18 09:58:41,926 [pool-433-thread-1] INFO  storage.RaftStorage (RaftStorage.java:format(72)) - Storage directory /workdir/hadoop-ozone/integration-test/target/test-dir/MiniOzoneClusterImpl-5f4d0526-9e7c-4c5b-a88f-fb02f19e7f1d/datanode-5/data/ratis/58c4e94f-b77d-4f57-aaa3-cb4828712792 has been successfully formatted.
2019-09-18 09:58:41,926 [pool-383-thread-1] INFO  storage.RaftStorage (RaftStorage.java:format(72)) - Storage directory /workdir/hadoop-ozone/integration-test/target/test-dir/MiniOzoneClusterImpl-5f4d0526-9e7c-4c5b-a88f-fb02f19e7f1d/datanode-0/data/ratis/58c4e94f-b77d-4f57-aaa3-cb4828712792 has been successfully formatted.
2019-09-18 09:58:41,926 [pool-423-thread-1] INFO  storage.RaftStorage (RaftStorage.java:format(72)) - Storage directory /workdir/hadoop-ozone/integration-test/target/test-dir/MiniOzoneClusterImpl-5f4d0526-9e7c-4c5b-a88f-fb02f19e7f1d/datanode-4/data/ratis/58c4e94f-b77d-4f57-aaa3-cb4828712792 has been successfully formatted.
2019-09-18 09:58:41,927 [pool-433-thread-1] INFO  ratis.ContainerStateMachine (ContainerStateMachine.java:loadSnapshot(230)) - group-CB4828712792: The snapshot info is null. Setting the last applied indexto:(t:0, i:~)
2019-09-18 09:58:41,927 [pool-383-thread-1] INFO  ratis.ContainerStateMachine (ContainerStateMachine.java:loadSnapshot(230)) - group-CB4828712792: The snapshot info is null. Setting the last applied indexto:(t:0, i:~)
2019-09-18 09:58:41,927 [pool-423-thread-1] INFO  ratis.ContainerStateMachine (ContainerStateMachine.java:loadSnapshot(230)) - group-CB4828712792: The snapshot info is null. Setting the last applied indexto:(t:0, i:~)
2019-09-18 09:58:41,927 [pool-383-thread-1] INFO  server.RaftServerConfigKeys (ConfUtils.java:logGet(43)) - raft.server.notification.no-leader.timeout = 120s (custom)
2019-09-18 09:58:41,927 [pool-433-thread-1] INFO  server.RaftServerConfigKeys (ConfUtils.java:logGet(43)) - raft.server.notification.no-leader.timeout = 120s (custom)
2019-09-18 09:58:41,927 [pool-383-thread-1] INFO  server.RaftServerConfigKeys (ConfUtils.java:logGet(43)) - raft.server.log.use.memory = false (default)
2019-09-18 09:58:41,927 [pool-423-thread-1] INFO  server.RaftServerConfigKeys (ConfUtils.java:logGet(43)) - raft.server.notification.no-leader.timeout = 120s (custom)
2019-09-18 09:58:41,928 [pool-383-thread-1] INFO  server.RaftServerConfigKeys (ConfUtils.java:logGet(43)) - raft.server.log.purge.gap = 1000000 (custom)
2019-09-18 09:58:41,927 [pool-433-thread-1] INFO  server.RaftServerConfigKeys (ConfUtils.java:logGet(43)) - raft.server.log.use.memory = false (default)
2019-09-18 09:58:41,928 [pool-383-thread-1] INFO  server.RaftServerConfigKeys (ConfUtils.java:logGet(43)) - raft.server.log.appender.buffer.byte-limit = 33554432 (custom)
2019-09-18 09:58:41,928 [pool-423-thread-1] INFO  server.RaftServerConfigKeys (ConfUtils.java:logGet(43)) - raft.server.log.use.memory = false (default)
2019-09-18 09:58:41,928 [pool-383-thread-1] INFO  server.RaftServerConfigKeys (ConfUtils.java:logGet(43)) - raft.server.log.segment.size.max = 1048576 (custom)
2019-09-18 09:58:41,928 [pool-433-thread-1] INFO  server.RaftServerConfigKeys (ConfUtils.java:logGet(43)) - raft.server.log.purge.gap = 1000000 (custom)
2019-09-18 09:58:41,929 [pool-383-thread-1] INFO  server.RaftServerConfigKeys (ConfUtils.java:logGet(43)) - raft.server.log.segment.cache.num.max = 2 (custom)
2019-09-18 09:58:41,928 [pool-423-thread-1] INFO  server.RaftServerConfigKeys (ConfUtils.java:logGet(43)) - raft.server.log.purge.gap = 1000000 (custom)
2019-09-18 09:58:41,929 [pool-383-thread-1] INFO  segmented.SegmentedRaftLogWorker (SegmentedRaftLogWorker.java:<init>(172)) - new a4c87eb4-b75f-4e60-9914-913e5c1f17d9@group-CB4828712792-SegmentedRaftLogWorker for RaftStorage:Storage Directory /workdir/hadoop-ozone/integration-test/target/test-dir/MiniOzoneClusterImpl-5f4d0526-9e7c-4c5b-a88f-fb02f19e7f1d/datanode-0/data/ratis/58c4e94f-b77d-4f57-aaa3-cb4828712792
2019-09-18 09:58:41,929 [pool-433-thread-1] INFO  server.RaftServerConfigKeys (ConfUtils.java:logGet(43)) - raft.server.log.appender.buffer.byte-limit = 33554432 (custom)
2019-09-18 09:58:41,929 [pool-383-thread-1] INFO  server.RaftServerConfigKeys (ConfUtils.java:logGet(43)) - raft.server.log.queue.byte-limit = 2147483647 (custom)
2019-09-18 09:58:41,929 [pool-423-thread-1] INFO  server.RaftServerConfigKeys (ConfUtils.java:logGet(43)) - raft.server.log.appender.buffer.byte-limit = 33554432 (custom)
2019-09-18 09:58:41,929 [pool-383-thread-1] INFO  server.RaftServerConfigKeys (ConfUtils.java:logGet(43)) - raft.server.log.queue.element-limit = 1024 (custom)
2019-09-18 09:58:41,929 [pool-433-thread-1] INFO  server.RaftServerConfigKeys (ConfUtils.java:logGet(43)) - raft.server.log.segment.size.max = 1048576 (custom)
2019-09-18 09:58:41,930 [pool-383-thread-1] INFO  server.RaftServerConfigKeys (ConfUtils.java:logGet(43)) - raft.server.log.segment.size.max = 1048576 (custom)
2019-09-18 09:58:41,930 [pool-423-thread-1] INFO  server.RaftServerConfigKeys (ConfUtils.java:logGet(43)) - raft.server.log.segment.size.max = 1048576 (custom)
2019-09-18 09:58:41,930 [pool-383-thread-1] INFO  server.RaftServerConfigKeys (ConfUtils.java:logGet(43)) - raft.server.log.preallocated.size = 16384 (custom)
2019-09-18 09:58:41,930 [pool-433-thread-1] INFO  server.RaftServerConfigKeys (ConfUtils.java:logGet(43)) - raft.server.log.segment.cache.num.max = 2 (custom)
2019-09-18 09:58:41,930 [pool-383-thread-1] INFO  server.RaftServerConfigKeys (ConfUtils.java:logGet(43)) - raft.server.log.write.buffer.size = 33554432 (custom)
2019-09-18 09:58:41,930 [pool-423-thread-1] INFO  server.RaftServerConfigKeys (ConfUtils.java:logGet(43)) - raft.server.log.segment.cache.num.max = 2 (custom)
2019-09-18 09:58:41,931 [pool-383-thread-1] INFO  server.RaftServerConfigKeys (ConfUtils.java:logGet(43)) - raft.server.log.force.sync.num = 128 (default)
2019-09-18 09:58:41,931 [pool-433-thread-1] INFO  segmented.SegmentedRaftLogWorker (SegmentedRaftLogWorker.java:<init>(172)) - new 9c46bebe-7017-4198-8b11-dc6744ed4c0e@group-CB4828712792-SegmentedRaftLogWorker for RaftStorage:Storage Directory /workdir/hadoop-ozone/integration-test/target/test-dir/MiniOzoneClusterImpl-5f4d0526-9e7c-4c5b-a88f-fb02f19e7f1d/datanode-5/data/ratis/58c4e94f-b77d-4f57-aaa3-cb4828712792
2019-09-18 09:58:41,931 [pool-383-thread-1] INFO  server.RaftServerConfigKeys (ConfUtils.java:logGet(43)) - raft.server.log.statemachine.data.sync = true (default)
2019-09-18 09:58:41,931 [pool-423-thread-1] INFO  segmented.SegmentedRaftLogWorker (SegmentedRaftLogWorker.java:<init>(172)) - new 3a0c29e2-5599-4a38-a73f-e743e8986a45@group-CB4828712792-SegmentedRaftLogWorker for RaftStorage:Storage Directory /workdir/hadoop-ozone/integration-test/target/test-dir/MiniOzoneClusterImpl-5f4d0526-9e7c-4c5b-a88f-fb02f19e7f1d/datanode-4/data/ratis/58c4e94f-b77d-4f57-aaa3-cb4828712792
2019-09-18 09:58:41,931 [pool-383-thread-1] INFO  server.RaftServerConfigKeys (ConfUtils.java:logGet(43)) - raft.server.log.statemachine.data.sync.timeout = 10s (default)
2019-09-18 09:58:41,931 [pool-433-thread-1] INFO  server.RaftServerConfigKeys (ConfUtils.java:logGet(43)) - raft.server.log.queue.byte-limit = 2147483647 (custom)
2019-09-18 09:58:41,932 [pool-383-thread-1] INFO  server.RaftServerConfigKeys (ConfUtils.java:logGet(43)) - raft.server.log.statemachine.data.sync.timeout.retry = -1 (default)
2019-09-18 09:58:41,931 [pool-423-thread-1] INFO  server.RaftServerConfigKeys (ConfUtils.java:logGet(43)) - raft.server.log.queue.byte-limit = 2147483647 (custom)
2019-09-18 09:58:41,932 [pool-383-thread-1] INFO  server.RaftServerConfigKeys (ConfUtils.java:logGet(43)) - raft.server.log.statemachine.data.caching.enabled = true (custom)
2019-09-18 09:58:41,932 [pool-433-thread-1] INFO  server.RaftServerConfigKeys (ConfUtils.java:logGet(43)) - raft.server.log.queue.element-limit = 1024 (custom)
2019-09-18 09:58:41,932 [pool-423-thread-1] INFO  server.RaftServerConfigKeys (ConfUtils.java:logGet(43)) - raft.server.log.queue.element-limit = 1024 (custom)
2019-09-18 09:58:41,932 [pool-433-thread-1] INFO  server.RaftServerConfigKeys (ConfUtils.java:logGet(43)) - raft.server.log.segment.size.max = 1048576 (custom)
2019-09-18 09:58:41,932 [pool-383-thread-1] INFO  segmented.SegmentedRaftLogWorker (SegmentedRaftLogWorker.java:lambda$new$0(132)) - a4c87eb4-b75f-4e60-9914-913e5c1f17d9@group-CB4828712792-SegmentedRaftLogWorker: flushIndex: setUnconditionally 0 -> -1
2019-09-18 09:58:41,933 [pool-433-thread-1] INFO  server.RaftServerConfigKeys (ConfUtils.java:logGet(43)) - raft.server.log.preallocated.size = 16384 (custom)
2019-09-18 09:58:41,932 [pool-423-thread-1] INFO  server.RaftServerConfigKeys (ConfUtils.java:logGet(43)) - raft.server.log.segment.size.max = 1048576 (custom)
2019-09-18 09:58:41,933 [pool-383-thread-1] INFO  server.RaftServerConfigKeys (ConfUtils.java:logGet(43)) - raft.server.snapshot.auto.trigger.enabled = true (custom)
2019-09-18 09:58:41,933 [pool-433-thread-1] INFO  server.RaftServerConfigKeys (ConfUtils.java:logGet(43)) - raft.server.log.write.buffer.size = 33554432 (custom)
2019-09-18 09:58:41,933 [pool-383-thread-1] INFO  server.RaftServerConfigKeys (ConfUtils.java:logGet(43)) - raft.server.snapshot.auto.trigger.threshold = 10000 (custom)
2019-09-18 09:58:41,933 [pool-423-thread-1] INFO  server.RaftServerConfigKeys (ConfUtils.java:logGet(43)) - raft.server.log.preallocated.size = 16384 (custom)
2019-09-18 09:58:41,934 [pool-383-thread-1] INFO  server.RaftServerConfigKeys (ConfUtils.java:logGet(43)) - raft.server.snapshot.retention.num.files = 5 (custom)
2019-09-18 09:58:41,933 [pool-433-thread-1] INFO  server.RaftServerConfigKeys (ConfUtils.java:logGet(43)) - raft.server.log.force.sync.num = 128 (default)
2019-09-18 09:58:41,934 [pool-383-thread-1] INFO  server.RaftServerConfigKeys (ConfUtils.java:logGet(43)) - raft.server.retrycache.expirytime = 600000ms (custom)
2019-09-18 09:58:41,934 [pool-423-thread-1] INFO  server.RaftServerConfigKeys (ConfUtils.java:logGet(43)) - raft.server.log.write.buffer.size = 33554432 (custom)
2019-09-18 09:58:41,934 [pool-433-thread-1] INFO  server.RaftServerConfigKeys (ConfUtils.java:logGet(43)) - raft.server.log.statemachine.data.sync = true (default)
2019-09-18 09:58:41,934 [pool-423-thread-1] INFO  server.RaftServerConfigKeys (ConfUtils.java:logGet(43)) - raft.server.log.force.sync.num = 128 (default)
2019-09-18 09:58:41,934 [pool-433-thread-1] INFO  server.RaftServerConfigKeys (ConfUtils.java:logGet(43)) - raft.server.log.statemachine.data.sync.timeout = 10s (default)
2019-09-18 09:58:41,935 [pool-423-thread-1] INFO  server.RaftServerConfigKeys (ConfUtils.java:logGet(43)) - raft.server.log.statemachine.data.sync = true (default)
2019-09-18 09:58:41,935 [pool-433-thread-1] INFO  server.RaftServerConfigKeys (ConfUtils.java:logGet(43)) - raft.server.log.statemachine.data.sync.timeout.retry = -1 (default)
2019-09-18 09:58:41,935 [pool-423-thread-1] INFO  server.RaftServerConfigKeys (ConfUtils.java:logGet(43)) - raft.server.log.statemachine.data.sync.timeout = 10s (default)
2019-09-18 09:58:41,935 [pool-433-thread-1] INFO  server.RaftServerConfigKeys (ConfUtils.java:logGet(43)) - raft.server.log.statemachine.data.caching.enabled = true (custom)
2019-09-18 09:58:41,935 [pool-423-thread-1] INFO  server.RaftServerConfigKeys (ConfUtils.java:logGet(43)) - raft.server.log.statemachine.data.sync.timeout.retry = -1 (default)
2019-09-18 09:58:41,935 [pool-433-thread-1] INFO  segmented.SegmentedRaftLogWorker (SegmentedRaftLogWorker.java:lambda$new$0(132)) - 9c46bebe-7017-4198-8b11-dc6744ed4c0e@group-CB4828712792-SegmentedRaftLogWorker: flushIndex: setUnconditionally 0 -> -1
2019-09-18 09:58:41,935 [pool-423-thread-1] INFO  server.RaftServerConfigKeys (ConfUtils.java:logGet(43)) - raft.server.log.statemachine.data.caching.enabled = true (custom)
2019-09-18 09:58:41,936 [pool-433-thread-1] INFO  server.RaftServerConfigKeys (ConfUtils.java:logGet(43)) - raft.server.snapshot.auto.trigger.enabled = true (custom)
2019-09-18 09:58:41,936 [pool-423-thread-1] INFO  segmented.SegmentedRaftLogWorker (SegmentedRaftLogWorker.java:lambda$new$0(132)) - 3a0c29e2-5599-4a38-a73f-e743e8986a45@group-CB4828712792-SegmentedRaftLogWorker: flushIndex: setUnconditionally 0 -> -1
2019-09-18 09:58:41,936 [pool-433-thread-1] INFO  server.RaftServerConfigKeys (ConfUtils.java:logGet(43)) - raft.server.snapshot.auto.trigger.threshold = 10000 (custom)
2019-09-18 09:58:41,936 [pool-423-thread-1] INFO  server.RaftServerConfigKeys (ConfUtils.java:logGet(43)) - raft.server.snapshot.auto.trigger.enabled = true (custom)
2019-09-18 09:58:41,936 [pool-433-thread-1] INFO  server.RaftServerConfigKeys (ConfUtils.java:logGet(43)) - raft.server.snapshot.retention.num.files = 5 (custom)
2019-09-18 09:58:41,936 [pool-423-thread-1] INFO  server.RaftServerConfigKeys (ConfUtils.java:logGet(43)) - raft.server.snapshot.auto.trigger.threshold = 10000 (custom)
2019-09-18 09:58:41,937 [pool-433-thread-1] INFO  server.RaftServerConfigKeys (ConfUtils.java:logGet(43)) - raft.server.retrycache.expirytime = 600000ms (custom)
2019-09-18 09:58:41,937 [pool-423-thread-1] INFO  server.RaftServerConfigKeys (ConfUtils.java:logGet(43)) - raft.server.snapshot.retention.num.files = 5 (custom)
2019-09-18 09:58:41,937 [pool-423-thread-1] INFO  server.RaftServerConfigKeys (ConfUtils.java:logGet(43)) - raft.server.retrycache.expirytime = 600000ms (custom)
2019-09-18 09:58:41,937 [pool-383-thread-1] INFO  impl.RaftServerImpl (RaftServerImpl.java:start(185)) - a4c87eb4-b75f-4e60-9914-913e5c1f17d9@group-CB4828712792: start as a follower, conf=-1: [9c46bebe-7017-4198-8b11-dc6744ed4c0e:192.168.34.50:33972, a4c87eb4-b75f-4e60-9914-913e5c1f17d9:192.168.34.50:37158, 3a0c29e2-5599-4a38-a73f-e743e8986a45:192.168.34.50:34324], old=null
2019-09-18 09:58:41,938 [pool-383-thread-1] INFO  impl.RaftServerImpl (RaftServerImpl.java:setRole(174)) - a4c87eb4-b75f-4e60-9914-913e5c1f17d9@group-CB4828712792: changes role from      null to FOLLOWER at term 0 for startAsFollower
2019-09-18 09:58:41,938 [pool-383-thread-1] INFO  impl.RoleInfo (RoleInfo.java:updateAndGet(143)) - a4c87eb4-b75f-4e60-9914-913e5c1f17d9: start FollowerState
2019-09-18 09:58:41,938 [pool-383-thread-1] INFO  util.JmxRegister (JmxRegister.java:tryRegister(44)) - Successfully registered JMX Bean with object name Ratis:service=RaftServer,group=group-CB4828712792,id=a4c87eb4-b75f-4e60-9914-913e5c1f17d9
2019-09-18 09:58:41,941 [pool-423-thread-1] INFO  impl.RaftServerImpl (RaftServerImpl.java:start(185)) - 3a0c29e2-5599-4a38-a73f-e743e8986a45@group-CB4828712792: start as a follower, conf=-1: [9c46bebe-7017-4198-8b11-dc6744ed4c0e:192.168.34.50:33972, a4c87eb4-b75f-4e60-9914-913e5c1f17d9:192.168.34.50:37158, 3a0c29e2-5599-4a38-a73f-e743e8986a45:192.168.34.50:34324], old=null
2019-09-18 09:58:41,941 [pool-433-thread-1] INFO  impl.RaftServerImpl (RaftServerImpl.java:start(185)) - 9c46bebe-7017-4198-8b11-dc6744ed4c0e@group-CB4828712792: start as a follower, conf=-1: [9c46bebe-7017-4198-8b11-dc6744ed4c0e:192.168.34.50:33972, a4c87eb4-b75f-4e60-9914-913e5c1f17d9:192.168.34.50:37158, 3a0c29e2-5599-4a38-a73f-e743e8986a45:192.168.34.50:34324], old=null
2019-09-18 09:58:41,941 [pool-423-thread-1] INFO  impl.RaftServerImpl (RaftServerImpl.java:setRole(174)) - 3a0c29e2-5599-4a38-a73f-e743e8986a45@group-CB4828712792: changes role from      null to FOLLOWER at term 0 for startAsFollower
2019-09-18 09:58:41,942 [pool-433-thread-1] INFO  impl.RaftServerImpl (RaftServerImpl.java:setRole(174)) - 9c46bebe-7017-4198-8b11-dc6744ed4c0e@group-CB4828712792: changes role from      null to FOLLOWER at term 0 for startAsFollower
2019-09-18 09:58:41,942 [pool-423-thread-1] INFO  impl.RoleInfo (RoleInfo.java:updateAndGet(143)) - 3a0c29e2-5599-4a38-a73f-e743e8986a45: start FollowerState
2019-09-18 09:58:41,942 [pool-433-thread-1] INFO  impl.RoleInfo (RoleInfo.java:updateAndGet(143)) - 9c46bebe-7017-4198-8b11-dc6744ed4c0e: start FollowerState
2019-09-18 09:58:41,942 [pool-423-thread-1] INFO  util.JmxRegister (JmxRegister.java:tryRegister(44)) - Successfully registered JMX Bean with object name Ratis:service=RaftServer,group=group-CB4828712792,id=3a0c29e2-5599-4a38-a73f-e743e8986a45
2019-09-18 09:58:41,942 [pool-433-thread-1] INFO  util.JmxRegister (JmxRegister.java:tryRegister(44)) - Successfully registered JMX Bean with object name Ratis:service=RaftServer,group=group-CB4828712792,id=9c46bebe-7017-4198-8b11-dc6744ed4c0e
2019-09-18 09:58:41,945 [RatisPipelineUtilsThread] INFO  pipeline.PipelineStateManager (PipelineStateManager.java:addPipeline(56)) - Created pipeline Pipeline[ Id: 58c4e94f-b77d-4f57-aaa3-cb4828712792, Nodes: 9c46bebe-7017-4198-8b11-dc6744ed4c0e{ip: 192.168.34.50, host: pr-hdds-2141-pjvt9-4098185234, networkLocation: /default-rack, certSerialId: null}3a0c29e2-5599-4a38-a73f-e743e8986a45{ip: 192.168.34.50, host: pr-hdds-2141-pjvt9-4098185234, networkLocation: /default-rack, certSerialId: null}a4c87eb4-b75f-4e60-9914-913e5c1f17d9{ip: 192.168.34.50, host: pr-hdds-2141-pjvt9-4098185234, networkLocation: /default-rack, certSerialId: null}, Type:RATIS, Factor:THREE, State:OPEN]
2019-09-18 09:58:42,480 [main] INFO  ozone.MiniOzoneClusterImpl (MiniOzoneClusterImpl.java:lambda$waitForClusterToBeReady$0(145)) - Cluster is ready. Got 7 of 7 DN Heartbeats.
2019-09-18 09:58:42,530 [main] INFO  rpc.RpcClient (RpcClient.java:createVolume(302)) - Creating Volume: watchforcommithandlingtest, with jenkins1000 as owner.
2019-09-18 09:58:42,534 [IPC Server handler 0 on 44486] INFO  volume.OMVolumeCreateRequest (OMVolumeCreateRequest.java:validateAndUpdateCache(189)) - created volume:watchforcommithandlingtest for user:jenkins1000
2019-09-18 09:58:42,558 [main] INFO  rpc.RpcClient (RpcClient.java:createBucket(441)) - Creating Bucket: watchforcommithandlingtest/watchforcommithandlingtest, with Versioning false and Storage Type set to DISK and Encryption set to false 
2019-09-18 09:58:42,565 [main] INFO  ozone.MiniOzoneClusterImpl (MiniOzoneClusterImpl.java:getStorageContainerLocationClient(232)) - Creating StorageContainerLocationProtocol RPC client with address /0.0.0.0:36177
2019-09-18 09:58:42,650 [grpc-default-executor-3] INFO  client.GrpcClientProtocolClient (GrpcClientProtocolClient.java:onNext(264)) - client-479A69DB9DBD->2de5b735-5f5e-4913-97f2-cd9b7e38d44d: receive RaftClientReply:client-479A69DB9DBD->2de5b735-5f5e-4913-97f2-cd9b7e38d44d@group-B205252F0856, cid=95, FAILED org.apache.ratis.protocol.NotLeaderException: Server 2de5b735-5f5e-4913-97f2-cd9b7e38d44d@group-B205252F0856 is not the leader, logIndex=0, commits[2de5b735-5f5e-4913-97f2-cd9b7e38d44d:c-1]
2019-09-18 09:58:43,670 [grpc-default-executor-3] INFO  client.GrpcClientProtocolClient (GrpcClientProtocolClient.java:onNext(264)) - client-479A69DB9DBD->005abd97-d8f5-4c59-a49a-947228164777: receive RaftClientReply:client-479A69DB9DBD->005abd97-d8f5-4c59-a49a-947228164777@group-B205252F0856, cid=95, FAILED org.apache.ratis.protocol.NotLeaderException: Server 005abd97-d8f5-4c59-a49a-947228164777@group-B205252F0856 is not the leader, logIndex=0, commits[005abd97-d8f5-4c59-a49a-947228164777:c-1]
2019-09-18 09:58:44,682 [grpc-default-executor-3] INFO  client.GrpcClientProtocolClient (GrpcClientProtocolClient.java:onNext(264)) - client-479A69DB9DBD->2de5b735-5f5e-4913-97f2-cd9b7e38d44d: receive RaftClientReply:client-479A69DB9DBD->2de5b735-5f5e-4913-97f2-cd9b7e38d44d@group-B205252F0856, cid=95, FAILED org.apache.ratis.protocol.NotLeaderException: Server 2de5b735-5f5e-4913-97f2-cd9b7e38d44d@group-B205252F0856 is not the leader, logIndex=0, commits[2de5b735-5f5e-4913-97f2-cd9b7e38d44d:c-1]
2019-09-18 09:58:45,471 [Thread-2311] INFO  impl.FollowerState (FollowerState.java:run(106)) - a4c87eb4-b75f-4e60-9914-913e5c1f17d9:group-A166B26F0589 changes to CANDIDATE, lastRpcTime:5094, electionTimeout:5060ms
2019-09-18 09:58:45,477 [Thread-2311] INFO  impl.RoleInfo (RoleInfo.java:shutdownFollowerState(121)) - a4c87eb4-b75f-4e60-9914-913e5c1f17d9: shutdown FollowerState
2019-09-18 09:58:45,496 [Thread-2311] INFO  impl.RaftServerImpl (RaftServerImpl.java:setRole(174)) - a4c87eb4-b75f-4e60-9914-913e5c1f17d9@group-A166B26F0589: changes role from  FOLLOWER to CANDIDATE at term 0 for changeToCandidate
2019-09-18 09:58:45,511 [Thread-2317] INFO  impl.FollowerState (FollowerState.java:run(106)) - 005abd97-d8f5-4c59-a49a-947228164777:group-18AA91A67B7E changes to CANDIDATE, lastRpcTime:5041, electionTimeout:5041ms
2019-09-18 09:58:45,516 [Thread-2317] INFO  impl.RoleInfo (RoleInfo.java:shutdownFollowerState(121)) - 005abd97-d8f5-4c59-a49a-947228164777: shutdown FollowerState
2019-09-18 09:58:45,526 [Thread-2317] INFO  impl.RaftServerImpl (RaftServerImpl.java:setRole(174)) - 005abd97-d8f5-4c59-a49a-947228164777@group-18AA91A67B7E: changes role from  FOLLOWER to CANDIDATE at term 0 for changeToCandidate
2019-09-18 09:58:45,526 [Thread-2311] INFO  impl.RoleInfo (RoleInfo.java:updateAndGet(143)) - a4c87eb4-b75f-4e60-9914-913e5c1f17d9: start LeaderElection
2019-09-18 09:58:45,535 [Thread-2314] INFO  impl.FollowerState (FollowerState.java:run(106)) - 2de5b735-5f5e-4913-97f2-cd9b7e38d44d:group-2AAB68E64FAC changes to CANDIDATE, lastRpcTime:5106, electionTimeout:5103ms
2019-09-18 09:58:45,535 [Thread-2320] INFO  impl.FollowerState (FollowerState.java:run(106)) - 8f53d3c5-7943-4c00-9108-ce782fbf9e92:group-031D147C7A00 changes to CANDIDATE, lastRpcTime:5030, electionTimeout:5029ms
2019-09-18 09:58:45,535 [Thread-2317] INFO  impl.RoleInfo (RoleInfo.java:updateAndGet(143)) - 005abd97-d8f5-4c59-a49a-947228164777: start LeaderElection
2019-09-18 09:58:45,535 [Thread-2314] INFO  impl.RoleInfo (RoleInfo.java:shutdownFollowerState(121)) - 2de5b735-5f5e-4913-97f2-cd9b7e38d44d: shutdown FollowerState
2019-09-18 09:58:45,535 [Thread-2320] INFO  impl.RoleInfo (RoleInfo.java:shutdownFollowerState(121)) - 8f53d3c5-7943-4c00-9108-ce782fbf9e92: shutdown FollowerState
2019-09-18 09:58:45,536 [Thread-2314] INFO  impl.RaftServerImpl (RaftServerImpl.java:setRole(174)) - 2de5b735-5f5e-4913-97f2-cd9b7e38d44d@group-2AAB68E64FAC: changes role from  FOLLOWER to CANDIDATE at term 0 for changeToCandidate
2019-09-18 09:58:45,541 [Thread-2320] INFO  impl.RaftServerImpl (RaftServerImpl.java:setRole(174)) - 8f53d3c5-7943-4c00-9108-ce782fbf9e92@group-031D147C7A00: changes role from  FOLLOWER to CANDIDATE at term 0 for changeToCandidate
2019-09-18 09:58:45,547 [Thread-2314] INFO  impl.RoleInfo (RoleInfo.java:updateAndGet(143)) - 2de5b735-5f5e-4913-97f2-cd9b7e38d44d: start LeaderElection
2019-09-18 09:58:45,576 [Thread-2320] INFO  impl.RoleInfo (RoleInfo.java:updateAndGet(143)) - 8f53d3c5-7943-4c00-9108-ce782fbf9e92: start LeaderElection
2019-09-18 09:58:45,604 [a4c87eb4-b75f-4e60-9914-913e5c1f17d9@group-A166B26F0589:LeaderElection88] INFO  impl.LeaderElection (LeaderElection.java:askForVotes(182)) - a4c87eb4-b75f-4e60-9914-913e5c1f17d9@group-A166B26F0589:LeaderElection88: begin an election at term 1 for -1: [a4c87eb4-b75f-4e60-9914-913e5c1f17d9:192.168.34.50:37158], old=null
2019-09-18 09:58:45,605 [a4c87eb4-b75f-4e60-9914-913e5c1f17d9@group-A166B26F0589:LeaderElection88] INFO  impl.RoleInfo (RoleInfo.java:shutdownLeaderElection(134)) - a4c87eb4-b75f-4e60-9914-913e5c1f17d9: shutdown LeaderElection
2019-09-18 09:58:45,622 [a4c87eb4-b75f-4e60-9914-913e5c1f17d9@group-A166B26F0589:LeaderElection88] INFO  impl.RaftServerImpl (RaftServerImpl.java:setRole(174)) - a4c87eb4-b75f-4e60-9914-913e5c1f17d9@group-A166B26F0589: changes role from CANDIDATE to LEADER at term 1 for changeToLeader
2019-09-18 09:58:45,627 [Thread-2332] INFO  impl.FollowerState (FollowerState.java:run(106)) - 8f53d3c5-7943-4c00-9108-ce782fbf9e92:group-B205252F0856 changes to CANDIDATE, lastRpcTime:5025, electionTimeout:5024ms
2019-09-18 09:58:45,638 [a4c87eb4-b75f-4e60-9914-913e5c1f17d9@group-A166B26F0589:LeaderElection88] INFO  impl.RaftServerImpl (ServerState.java:setLeader(253)) - a4c87eb4-b75f-4e60-9914-913e5c1f17d9@group-A166B26F0589: change Leader from null to a4c87eb4-b75f-4e60-9914-913e5c1f17d9 at term 1 for becomeLeader, leader elected after 5268ms
2019-09-18 09:58:45,638 [005abd97-d8f5-4c59-a49a-947228164777@group-18AA91A67B7E:LeaderElection89] INFO  impl.LeaderElection (LeaderElection.java:askForVotes(182)) - 005abd97-d8f5-4c59-a49a-947228164777@group-18AA91A67B7E:LeaderElection89: begin an election at term 1 for -1: [005abd97-d8f5-4c59-a49a-947228164777:192.168.34.50:46193], old=null
2019-09-18 09:58:45,639 [Thread-2332] INFO  impl.RoleInfo (RoleInfo.java:shutdownFollowerState(121)) - 8f53d3c5-7943-4c00-9108-ce782fbf9e92: shutdown FollowerState
2019-09-18 09:58:45,644 [a4c87eb4-b75f-4e60-9914-913e5c1f17d9@group-A166B26F0589:LeaderElection88] INFO  server.RaftServerConfigKeys (ConfUtils.java:logGet(43)) - raft.server.staging.catchup.gap = 1000 (default)
2019-09-18 09:58:45,644 [005abd97-d8f5-4c59-a49a-947228164777@group-18AA91A67B7E:LeaderElection89] INFO  impl.RoleInfo (RoleInfo.java:shutdownLeaderElection(134)) - 005abd97-d8f5-4c59-a49a-947228164777: shutdown LeaderElection
2019-09-18 09:58:45,644 [a4c87eb4-b75f-4e60-9914-913e5c1f17d9@group-A166B26F0589:LeaderElection88] INFO  server.RaftServerConfigKeys (ConfUtils.java:logGet(43)) - raft.server.rpc.sleep.time = 25ms (default)
2019-09-18 09:58:45,644 [Thread-2332] INFO  impl.RaftServerImpl (RaftServerImpl.java:setRole(174)) - 8f53d3c5-7943-4c00-9108-ce782fbf9e92@group-B205252F0856: changes role from  FOLLOWER to CANDIDATE at term 0 for changeToCandidate
2019-09-18 09:58:45,645 [a4c87eb4-b75f-4e60-9914-913e5c1f17d9@group-A166B26F0589:LeaderElection88] INFO  server.RaftServerConfigKeys (ConfUtils.java:logGet(43)) - raft.server.write.element-limit = 4096 (default)
2019-09-18 09:58:45,644 [005abd97-d8f5-4c59-a49a-947228164777@group-18AA91A67B7E:LeaderElection89] INFO  impl.RaftServerImpl (RaftServerImpl.java:setRole(174)) - 005abd97-d8f5-4c59-a49a-947228164777@group-18AA91A67B7E: changes role from CANDIDATE to LEADER at term 1 for changeToLeader
2019-09-18 09:58:45,645 [a4c87eb4-b75f-4e60-9914-913e5c1f17d9@group-A166B26F0589:LeaderElection88] INFO  server.RaftServerConfigKeys (ConfUtils.java:logGet(43)) - raft.server.watch.timeout = 10s (default)
2019-09-18 09:58:45,645 [Thread-2332] INFO  impl.RoleInfo (RoleInfo.java:updateAndGet(143)) - 8f53d3c5-7943-4c00-9108-ce782fbf9e92: start LeaderElection
2019-09-18 09:58:45,645 [a4c87eb4-b75f-4e60-9914-913e5c1f17d9@group-A166B26F0589:LeaderElection88] INFO  server.RaftServerConfigKeys (ConfUtils.java:logGet(43)) - raft.server.watch.timeout.denomination = 1s (default)
2019-09-18 09:58:45,645 [005abd97-d8f5-4c59-a49a-947228164777@group-18AA91A67B7E:LeaderElection89] INFO  impl.RaftServerImpl (ServerState.java:setLeader(253)) - 005abd97-d8f5-4c59-a49a-947228164777@group-18AA91A67B7E: change Leader from null to 005abd97-d8f5-4c59-a49a-947228164777 at term 1 for becomeLeader, leader elected after 5187ms
2019-09-18 09:58:45,664 [2de5b735-5f5e-4913-97f2-cd9b7e38d44d@group-2AAB68E64FAC:LeaderElection90] INFO  impl.LeaderElection (LeaderElection.java:askForVotes(182)) - 2de5b735-5f5e-4913-97f2-cd9b7e38d44d@group-2AAB68E64FAC:LeaderElection90: begin an election at term 1 for -1: [2de5b735-5f5e-4913-97f2-cd9b7e38d44d:192.168.34.50:39091], old=null
2019-09-18 09:58:45,664 [a4c87eb4-b75f-4e60-9914-913e5c1f17d9@group-A166B26F0589:LeaderElection88] INFO  server.RaftServerConfigKeys (ConfUtils.java:logGet(43)) - raft.server.watch.element-limit = 65536 (default)
2019-09-18 09:58:45,665 [2de5b735-5f5e-4913-97f2-cd9b7e38d44d@group-2AAB68E64FAC:LeaderElection90] INFO  impl.RoleInfo (RoleInfo.java:shutdownLeaderElection(134)) - 2de5b735-5f5e-4913-97f2-cd9b7e38d44d: shutdown LeaderElection
2019-09-18 09:58:45,664 [005abd97-d8f5-4c59-a49a-947228164777@group-18AA91A67B7E:LeaderElection89] INFO  server.RaftServerConfigKeys (ConfUtils.java:logGet(43)) - raft.server.staging.catchup.gap = 1000 (default)
2019-09-18 09:58:45,664 [8f53d3c5-7943-4c00-9108-ce782fbf9e92@group-031D147C7A00:LeaderElection91] INFO  impl.LeaderElection (LeaderElection.java:askForVotes(182)) - 8f53d3c5-7943-4c00-9108-ce782fbf9e92@group-031D147C7A00:LeaderElection91: begin an election at term 1 for -1: [8f53d3c5-7943-4c00-9108-ce782fbf9e92:192.168.34.50:34289], old=null
2019-09-18 09:58:45,668 [005abd97-d8f5-4c59-a49a-947228164777@group-18AA91A67B7E:LeaderElection89] INFO  server.RaftServerConfigKeys (ConfUtils.java:logGet(43)) - raft.server.rpc.sleep.time = 25ms (default)
2019-09-18 09:58:45,665 [2de5b735-5f5e-4913-97f2-cd9b7e38d44d@group-2AAB68E64FAC:LeaderElection90] INFO  impl.RaftServerImpl (RaftServerImpl.java:setRole(174)) - 2de5b735-5f5e-4913-97f2-cd9b7e38d44d@group-2AAB68E64FAC: changes role from CANDIDATE to LEADER at term 1 for changeToLeader
2019-09-18 09:58:45,731 [005abd97-d8f5-4c59-a49a-947228164777@group-18AA91A67B7E:LeaderElection89] INFO  server.RaftServerConfigKeys (ConfUtils.java:logGet(43)) - raft.server.write.element-limit = 4096 (default)
2019-09-18 09:58:45,697 [8f53d3c5-7943-4c00-9108-ce782fbf9e92@group-031D147C7A00:LeaderElection91] INFO  impl.RoleInfo (RoleInfo.java:shutdownLeaderElection(134)) - 8f53d3c5-7943-4c00-9108-ce782fbf9e92: shutdown LeaderElection
2019-09-18 09:58:45,730 [Thread-2327] INFO  impl.FollowerState (FollowerState.java:run(106)) - 2de5b735-5f5e-4913-97f2-cd9b7e38d44d:group-B205252F0856 changes to CANDIDATE, lastRpcTime:5137, electionTimeout:5119ms
2019-09-18 09:58:45,730 [8f53d3c5-7943-4c00-9108-ce782fbf9e92@group-B205252F0856:LeaderElection92] INFO  impl.LeaderElection (LeaderElection.java:askForVotes(182)) - 8f53d3c5-7943-4c00-9108-ce782fbf9e92@group-B205252F0856:LeaderElection92: begin an election at term 1 for -1: [2de5b735-5f5e-4913-97f2-cd9b7e38d44d:192.168.34.50:39091, 8f53d3c5-7943-4c00-9108-ce782fbf9e92:192.168.34.50:34289, 005abd97-d8f5-4c59-a49a-947228164777:192.168.34.50:46193], old=null
2019-09-18 09:58:45,732 [Thread-2327] INFO  impl.RoleInfo (RoleInfo.java:shutdownFollowerState(121)) - 2de5b735-5f5e-4913-97f2-cd9b7e38d44d: shutdown FollowerState
2019-09-18 09:58:45,731 [8f53d3c5-7943-4c00-9108-ce782fbf9e92@group-031D147C7A00:LeaderElection91] INFO  impl.RaftServerImpl (RaftServerImpl.java:setRole(174)) - 8f53d3c5-7943-4c00-9108-ce782fbf9e92@group-031D147C7A00: changes role from CANDIDATE to LEADER at term 1 for changeToLeader
2019-09-18 09:58:45,732 [8f53d3c5-7943-4c00-9108-ce782fbf9e92@group-031D147C7A00:LeaderElection91] INFO  impl.RaftServerImpl (ServerState.java:setLeader(253)) - 8f53d3c5-7943-4c00-9108-ce782fbf9e92@group-031D147C7A00: change Leader from null to 8f53d3c5-7943-4c00-9108-ce782fbf9e92 at term 1 for becomeLeader, leader elected after 5238ms
2019-09-18 09:58:45,731 [005abd97-d8f5-4c59-a49a-947228164777@group-18AA91A67B7E:LeaderElection89] INFO  server.RaftServerConfigKeys (ConfUtils.java:logGet(43)) - raft.server.watch.timeout = 10s (default)
2019-09-18 09:58:45,731 [2de5b735-5f5e-4913-97f2-cd9b7e38d44d@group-2AAB68E64FAC:LeaderElection90] INFO  impl.RaftServerImpl (ServerState.java:setLeader(253)) - 2de5b735-5f5e-4913-97f2-cd9b7e38d44d@group-2AAB68E64FAC: change Leader from null to 2de5b735-5f5e-4913-97f2-cd9b7e38d44d at term 1 for becomeLeader, leader elected after 5313ms
2019-09-18 09:58:45,732 [a4c87eb4-b75f-4e60-9914-913e5c1f17d9@group-A166B26F0589:LeaderElection88] INFO  impl.RoleInfo (RoleInfo.java:updateAndGet(143)) - a4c87eb4-b75f-4e60-9914-913e5c1f17d9: start LeaderState
2019-09-18 09:58:45,732 [005abd97-d8f5-4c59-a49a-947228164777@group-18AA91A67B7E:LeaderElection89] INFO  server.RaftServerConfigKeys (ConfUtils.java:logGet(43)) - raft.server.watch.timeout.denomination = 1s (default)
2019-09-18 09:58:45,732 [8f53d3c5-7943-4c00-9108-ce782fbf9e92@group-031D147C7A00:LeaderElection91] INFO  server.RaftServerConfigKeys (ConfUtils.java:logGet(43)) - raft.server.staging.catchup.gap = 1000 (default)
2019-09-18 09:58:45,732 [Thread-2327] INFO  impl.RaftServerImpl (RaftServerImpl.java:setRole(174)) - 2de5b735-5f5e-4913-97f2-cd9b7e38d44d@group-B205252F0856: changes role from  FOLLOWER to CANDIDATE at term 0 for changeToCandidate
2019-09-18 09:58:45,733 [8f53d3c5-7943-4c00-9108-ce782fbf9e92@group-031D147C7A00:LeaderElection91] INFO  server.RaftServerConfigKeys (ConfUtils.java:logGet(43)) - raft.server.rpc.sleep.time = 25ms (default)
2019-09-18 09:58:45,733 [a4c87eb4-b75f-4e60-9914-913e5c1f17d9@group-A166B26F0589:LeaderElection88] INFO  segmented.SegmentedRaftLogWorker (SegmentedRaftLogWorker.java:startLogSegment(380)) - a4c87eb4-b75f-4e60-9914-913e5c1f17d9@group-A166B26F0589-SegmentedRaftLogWorker: Starting segment from index:0
2019-09-18 09:58:45,733 [005abd97-d8f5-4c59-a49a-947228164777@group-18AA91A67B7E:LeaderElection89] INFO  server.RaftServerConfigKeys (ConfUtils.java:logGet(43)) - raft.server.watch.element-limit = 65536 (default)
2019-09-18 09:58:45,732 [2de5b735-5f5e-4913-97f2-cd9b7e38d44d@group-2AAB68E64FAC:LeaderElection90] INFO  server.RaftServerConfigKeys (ConfUtils.java:logGet(43)) - raft.server.staging.catchup.gap = 1000 (default)
2019-09-18 09:58:45,733 [8f53d3c5-7943-4c00-9108-ce782fbf9e92@group-031D147C7A00:LeaderElection91] INFO  server.RaftServerConfigKeys (ConfUtils.java:logGet(43)) - raft.server.write.element-limit = 4096 (default)
2019-09-18 09:58:45,733 [Thread-2327] INFO  impl.RoleInfo (RoleInfo.java:updateAndGet(143)) - 2de5b735-5f5e-4913-97f2-cd9b7e38d44d: start LeaderElection
2019-09-18 09:58:45,737 [8f53d3c5-7943-4c00-9108-ce782fbf9e92@group-031D147C7A00:LeaderElection91] INFO  server.RaftServerConfigKeys (ConfUtils.java:logGet(43)) - raft.server.watch.timeout = 10s (default)
2019-09-18 09:58:45,737 [2de5b735-5f5e-4913-97f2-cd9b7e38d44d@group-2AAB68E64FAC:LeaderElection90] INFO  server.RaftServerConfigKeys (ConfUtils.java:logGet(43)) - raft.server.rpc.sleep.time = 25ms (default)
2019-09-18 09:58:45,738 [8f53d3c5-7943-4c00-9108-ce782fbf9e92@group-031D147C7A00:LeaderElection91] INFO  server.RaftServerConfigKeys (ConfUtils.java:logGet(43)) - raft.server.watch.timeout.denomination = 1s (default)
2019-09-18 09:58:45,738 [2de5b735-5f5e-4913-97f2-cd9b7e38d44d@group-2AAB68E64FAC:LeaderElection90] INFO  server.RaftServerConfigKeys (ConfUtils.java:logGet(43)) - raft.server.write.element-limit = 4096 (default)
2019-09-18 09:58:45,738 [a4c87eb4-b75f-4e60-9914-913e5c1f17d9@group-A166B26F0589:LeaderElection88] INFO  impl.RaftServerImpl (ServerState.java:setRaftConf(354)) - a4c87eb4-b75f-4e60-9914-913e5c1f17d9@group-A166B26F0589: set configuration 0: [a4c87eb4-b75f-4e60-9914-913e5c1f17d9:192.168.34.50:37158], old=null at 0
2019-09-18 09:58:45,767 [2de5b735-5f5e-4913-97f2-cd9b7e38d44d@group-2AAB68E64FAC:LeaderElection90] INFO  server.RaftServerConfigKeys (ConfUtils.java:logGet(43)) - raft.server.watch.timeout = 10s (default)
2019-09-18 09:58:45,767 [Thread-2323] INFO  impl.FollowerState (FollowerState.java:run(106)) - 3a0c29e2-5599-4a38-a73f-e743e8986a45:group-9E7E8255A66C changes to CANDIDATE, lastRpcTime:5225, electionTimeout:5198ms
2019-09-18 09:58:45,766 [Thread-2330] INFO  impl.FollowerState (FollowerState.java:run(106)) - 005abd97-d8f5-4c59-a49a-947228164777:group-B205252F0856 changes to CANDIDATE, lastRpcTime:5171, electionTimeout:5166ms
2019-09-18 09:58:45,738 [8f53d3c5-7943-4c00-9108-ce782fbf9e92@group-031D147C7A00:LeaderElection91] INFO  server.RaftServerConfigKeys (ConfUtils.java:logGet(43)) - raft.server.watch.element-limit = 65536 (default)
2019-09-18 09:58:45,771 [Thread-2330] INFO  impl.RoleInfo (RoleInfo.java:shutdownFollowerState(121)) - 005abd97-d8f5-4c59-a49a-947228164777: shutdown FollowerState
2019-09-18 09:58:45,771 [Thread-2323] INFO  impl.RoleInfo (RoleInfo.java:shutdownFollowerState(121)) - 3a0c29e2-5599-4a38-a73f-e743e8986a45: shutdown FollowerState
2019-09-18 09:58:45,771 [2de5b735-5f5e-4913-97f2-cd9b7e38d44d@group-2AAB68E64FAC:LeaderElection90] INFO  server.RaftServerConfigKeys (ConfUtils.java:logGet(43)) - raft.server.watch.timeout.denomination = 1s (default)
2019-09-18 09:58:45,772 [Thread-2323] INFO  impl.RaftServerImpl (RaftServerImpl.java:setRole(174)) - 3a0c29e2-5599-4a38-a73f-e743e8986a45@group-9E7E8255A66C: changes role from  FOLLOWER to CANDIDATE at term 0 for changeToCandidate
2019-09-18 09:58:45,772 [Thread-2330] INFO  impl.RaftServerImpl (RaftServerImpl.java:setRole(174)) - 005abd97-d8f5-4c59-a49a-947228164777@group-B205252F0856: changes role from  FOLLOWER to CANDIDATE at term 0 for changeToCandidate
2019-09-18 09:58:45,772 [Thread-2323] INFO  impl.RoleInfo (RoleInfo.java:updateAndGet(143)) - 3a0c29e2-5599-4a38-a73f-e743e8986a45: start LeaderElection
2019-09-18 09:58:45,772 [2de5b735-5f5e-4913-97f2-cd9b7e38d44d@group-2AAB68E64FAC:LeaderElection90] INFO  server.RaftServerConfigKeys (ConfUtils.java:logGet(43)) - raft.server.watch.element-limit = 65536 (default)
2019-09-18 09:58:45,772 [Thread-2330] INFO  impl.RoleInfo (RoleInfo.java:updateAndGet(143)) - 005abd97-d8f5-4c59-a49a-947228164777: start LeaderElection
2019-09-18 09:58:45,781 [a4c87eb4-b75f-4e60-9914-913e5c1f17d9@group-A166B26F0589-SegmentedRaftLogWorker] INFO  segmented.SegmentedRaftLogWorker (SegmentedRaftLogWorker.java:execute(569)) - a4c87eb4-b75f-4e60-9914-913e5c1f17d9@group-A166B26F0589-SegmentedRaftLogWorker: created new log segment /workdir/hadoop-ozone/integration-test/target/test-dir/MiniOzoneClusterImpl-5f4d0526-9e7c-4c5b-a88f-fb02f19e7f1d/datanode-0/data/ratis/e94add6a-a656-45c2-a17f-a166b26f0589/current/log_inprogress_0
2019-09-18 09:58:45,781 [2de5b735-5f5e-4913-97f2-cd9b7e38d44d@group-B205252F0856:LeaderElection93] INFO  impl.LeaderElection (LeaderElection.java:askForVotes(182)) - 2de5b735-5f5e-4913-97f2-cd9b7e38d44d@group-B205252F0856:LeaderElection93: begin an election at term 1 for -1: [2de5b735-5f5e-4913-97f2-cd9b7e38d44d:192.168.34.50:39091, 8f53d3c5-7943-4c00-9108-ce782fbf9e92:192.168.34.50:34289, 005abd97-d8f5-4c59-a49a-947228164777:192.168.34.50:46193], old=null
2019-09-18 09:58:45,781 [005abd97-d8f5-4c59-a49a-947228164777@group-18AA91A67B7E:LeaderElection89] INFO  impl.RoleInfo (RoleInfo.java:updateAndGet(143)) - 005abd97-d8f5-4c59-a49a-947228164777: start LeaderState
2019-09-18 09:58:45,782 [005abd97-d8f5-4c59-a49a-947228164777@group-18AA91A67B7E:LeaderElection89] INFO  segmented.SegmentedRaftLogWorker (SegmentedRaftLogWorker.java:startLogSegment(380)) - 005abd97-d8f5-4c59-a49a-947228164777@group-18AA91A67B7E-SegmentedRaftLogWorker: Starting segment from index:0
2019-09-18 09:58:45,782 [005abd97-d8f5-4c59-a49a-947228164777@group-18AA91A67B7E:LeaderElection89] INFO  impl.RaftServerImpl (ServerState.java:setRaftConf(354)) - 005abd97-d8f5-4c59-a49a-947228164777@group-18AA91A67B7E: set configuration 0: [005abd97-d8f5-4c59-a49a-947228164777:192.168.34.50:46193], old=null at 0
2019-09-18 09:58:45,782 [8f53d3c5-7943-4c00-9108-ce782fbf9e92@group-031D147C7A00:LeaderElection91] INFO  impl.RoleInfo (RoleInfo.java:updateAndGet(143)) - 8f53d3c5-7943-4c00-9108-ce782fbf9e92: start LeaderState
2019-09-18 09:58:45,783 [8f53d3c5-7943-4c00-9108-ce782fbf9e92@group-031D147C7A00:LeaderElection91] INFO  segmented.SegmentedRaftLogWorker (SegmentedRaftLogWorker.java:startLogSegment(380)) - 8f53d3c5-7943-4c00-9108-ce782fbf9e92@group-031D147C7A00-SegmentedRaftLogWorker: Starting segment from index:0
2019-09-18 09:58:45,808 [005abd97-d8f5-4c59-a49a-947228164777@group-B205252F0856:LeaderElection95] INFO  impl.LeaderElection (LeaderElection.java:askForVotes(182)) - 005abd97-d8f5-4c59-a49a-947228164777@group-B205252F0856:LeaderElection95: begin an election at term 1 for -1: [2de5b735-5f5e-4913-97f2-cd9b7e38d44d:192.168.34.50:39091, 8f53d3c5-7943-4c00-9108-ce782fbf9e92:192.168.34.50:34289, 005abd97-d8f5-4c59-a49a-947228164777:192.168.34.50:46193], old=null
2019-09-18 09:58:45,808 [3a0c29e2-5599-4a38-a73f-e743e8986a45@group-9E7E8255A66C:LeaderElection94] INFO  impl.LeaderElection (LeaderElection.java:askForVotes(182)) - 3a0c29e2-5599-4a38-a73f-e743e8986a45@group-9E7E8255A66C:LeaderElection94: begin an election at term 1 for -1: [3a0c29e2-5599-4a38-a73f-e743e8986a45:192.168.34.50:34324], old=null
2019-09-18 09:58:45,808 [8f53d3c5-7943-4c00-9108-ce782fbf9e92@group-031D147C7A00:LeaderElection91] INFO  impl.RaftServerImpl (ServerState.java:setRaftConf(354)) - 8f53d3c5-7943-4c00-9108-ce782fbf9e92@group-031D147C7A00: set configuration 0: [8f53d3c5-7943-4c00-9108-ce782fbf9e92:192.168.34.50:34289], old=null at 0
2019-09-18 09:58:45,808 [2de5b735-5f5e-4913-97f2-cd9b7e38d44d@group-2AAB68E64FAC:LeaderElection90] INFO  impl.RoleInfo (RoleInfo.java:updateAndGet(143)) - 2de5b735-5f5e-4913-97f2-cd9b7e38d44d: start LeaderState
2019-09-18 09:58:45,808 [3a0c29e2-5599-4a38-a73f-e743e8986a45@group-9E7E8255A66C:LeaderElection94] INFO  impl.RoleInfo (RoleInfo.java:shutdownLeaderElection(134)) - 3a0c29e2-5599-4a38-a73f-e743e8986a45: shutdown LeaderElection
2019-09-18 09:58:45,809 [2de5b735-5f5e-4913-97f2-cd9b7e38d44d@group-2AAB68E64FAC:LeaderElection90] INFO  segmented.SegmentedRaftLogWorker (SegmentedRaftLogWorker.java:startLogSegment(380)) - 2de5b735-5f5e-4913-97f2-cd9b7e38d44d@group-2AAB68E64FAC-SegmentedRaftLogWorker: Starting segment from index:0
2019-09-18 09:58:45,809 [3a0c29e2-5599-4a38-a73f-e743e8986a45@group-9E7E8255A66C:LeaderElection94] INFO  impl.RaftServerImpl (RaftServerImpl.java:setRole(174)) - 3a0c29e2-5599-4a38-a73f-e743e8986a45@group-9E7E8255A66C: changes role from CANDIDATE to LEADER at term 1 for changeToLeader
2019-09-18 09:58:45,809 [grpc-default-executor-2] INFO  client.GrpcClientProtocolClient (GrpcClientProtocolClient.java:onNext(264)) - client-479A69DB9DBD->005abd97-d8f5-4c59-a49a-947228164777: receive RaftClientReply:client-479A69DB9DBD->005abd97-d8f5-4c59-a49a-947228164777@group-B205252F0856, cid=95, FAILED org.apache.ratis.protocol.NotLeaderException: Server 005abd97-d8f5-4c59-a49a-947228164777@group-B205252F0856 is not the leader, logIndex=0, commits[005abd97-d8f5-4c59-a49a-947228164777:c-1]
2019-09-18 09:58:45,809 [2de5b735-5f5e-4913-97f2-cd9b7e38d44d@group-2AAB68E64FAC:LeaderElection90] INFO  impl.RaftServerImpl (ServerState.java:setRaftConf(354)) - 2de5b735-5f5e-4913-97f2-cd9b7e38d44d@group-2AAB68E64FAC: set configuration 0: [2de5b735-5f5e-4913-97f2-cd9b7e38d44d:192.168.34.50:39091], old=null at 0
2019-09-18 09:58:45,809 [8f53d3c5-7943-4c00-9108-ce782fbf9e92@group-B205252F0856:LeaderElection92] INFO  impl.LeaderElection (LeaderElection.java:logAndReturn(56)) - 8f53d3c5-7943-4c00-9108-ce782fbf9e92@group-B205252F0856:LeaderElection92: Election REJECTED; received 2 response(s) [8f53d3c5-7943-4c00-9108-ce782fbf9e92<-2de5b735-5f5e-4913-97f2-cd9b7e38d44d#0:FAIL-t1, 8f53d3c5-7943-4c00-9108-ce782fbf9e92<-005abd97-d8f5-4c59-a49a-947228164777#0:FAIL-t1] and 0 exception(s); 8f53d3c5-7943-4c00-9108-ce782fbf9e92@group-B205252F0856:t1, leader=null, voted=8f53d3c5-7943-4c00-9108-ce782fbf9e92, raftlog=8f53d3c5-7943-4c00-9108-ce782fbf9e92@group-B205252F0856-SegmentedRaftLog:OPENED:c-1,f-1,i0, conf=-1: [2de5b735-5f5e-4913-97f2-cd9b7e38d44d:192.168.34.50:39091, 8f53d3c5-7943-4c00-9108-ce782fbf9e92:192.168.34.50:34289, 005abd97-d8f5-4c59-a49a-947228164777:192.168.34.50:46193], old=null
2019-09-18 09:58:45,809 [3a0c29e2-5599-4a38-a73f-e743e8986a45@group-9E7E8255A66C:LeaderElection94] INFO  impl.RaftServerImpl (ServerState.java:setLeader(253)) - 3a0c29e2-5599-4a38-a73f-e743e8986a45@group-9E7E8255A66C: change Leader from null to 3a0c29e2-5599-4a38-a73f-e743e8986a45 at term 1 for becomeLeader, leader elected after 5275ms
2019-09-18 09:58:45,810 [8f53d3c5-7943-4c00-9108-ce782fbf9e92@group-B205252F0856:LeaderElection92] INFO  impl.RaftServerImpl (RaftServerImpl.java:setRole(174)) - 8f53d3c5-7943-4c00-9108-ce782fbf9e92@group-B205252F0856: changes role from CANDIDATE to FOLLOWER at term 1 for DISCOVERED_A_NEW_TERM
2019-09-18 09:58:45,810 [8f53d3c5-7943-4c00-9108-ce782fbf9e92@group-B205252F0856:LeaderElection92] INFO  impl.RoleInfo (RoleInfo.java:shutdownLeaderElection(134)) - 8f53d3c5-7943-4c00-9108-ce782fbf9e92: shutdown LeaderElection
2019-09-18 09:58:45,850 [3a0c29e2-5599-4a38-a73f-e743e8986a45@group-9E7E8255A66C:LeaderElection94] INFO  server.RaftServerConfigKeys (ConfUtils.java:logGet(43)) - raft.server.staging.catchup.gap = 1000 (default)
2019-09-18 09:58:45,850 [005abd97-d8f5-4c59-a49a-947228164777@group-18AA91A67B7E-SegmentedRaftLogWorker] INFO  segmented.SegmentedRaftLogWorker (SegmentedRaftLogWorker.java:execute(569)) - 005abd97-d8f5-4c59-a49a-947228164777@group-18AA91A67B7E-SegmentedRaftLogWorker: created new log segment /workdir/hadoop-ozone/integration-test/target/test-dir/MiniOzoneClusterImpl-5f4d0526-9e7c-4c5b-a88f-fb02f19e7f1d/datanode-2/data/ratis/8692b698-ef91-4e8a-a6ae-18aa91a67b7e/current/log_inprogress_0
2019-09-18 09:58:45,852 [3a0c29e2-5599-4a38-a73f-e743e8986a45@group-9E7E8255A66C:LeaderElection94] INFO  server.RaftServerConfigKeys (ConfUtils.java:logGet(43)) - raft.server.rpc.sleep.time = 25ms (default)
2019-09-18 09:58:45,851 [8f53d3c5-7943-4c00-9108-ce782fbf9e92@group-B205252F0856:LeaderElection92] INFO  impl.RoleInfo (RoleInfo.java:updateAndGet(143)) - 8f53d3c5-7943-4c00-9108-ce782fbf9e92: start FollowerState
2019-09-18 09:58:45,852 [3a0c29e2-5599-4a38-a73f-e743e8986a45@group-9E7E8255A66C:LeaderElection94] INFO  server.RaftServerConfigKeys (ConfUtils.java:logGet(43)) - raft.server.write.element-limit = 4096 (default)
2019-09-18 09:58:45,852 [3a0c29e2-5599-4a38-a73f-e743e8986a45@group-9E7E8255A66C:LeaderElection94] INFO  server.RaftServerConfigKeys (ConfUtils.java:logGet(43)) - raft.server.watch.timeout = 10s (default)
2019-09-18 09:58:45,852 [3a0c29e2-5599-4a38-a73f-e743e8986a45@group-9E7E8255A66C:LeaderElection94] INFO  server.RaftServerConfigKeys (ConfUtils.java:logGet(43)) - raft.server.watch.timeout.denomination = 1s (default)
2019-09-18 09:58:45,853 [3a0c29e2-5599-4a38-a73f-e743e8986a45@group-9E7E8255A66C:LeaderElection94] INFO  server.RaftServerConfigKeys (ConfUtils.java:logGet(43)) - raft.server.watch.element-limit = 65536 (default)
2019-09-18 09:58:45,854 [2de5b735-5f5e-4913-97f2-cd9b7e38d44d@group-B205252F0856:LeaderElection93] INFO  impl.LeaderElection (LeaderElection.java:logAndReturn(56)) - 2de5b735-5f5e-4913-97f2-cd9b7e38d44d@group-B205252F0856:LeaderElection93: Election REJECTED; received 2 response(s) [2de5b735-5f5e-4913-97f2-cd9b7e38d44d<-8f53d3c5-7943-4c00-9108-ce782fbf9e92#0:FAIL-t1, 2de5b735-5f5e-4913-97f2-cd9b7e38d44d<-005abd97-d8f5-4c59-a49a-947228164777#0:FAIL-t1] and 0 exception(s); 2de5b735-5f5e-4913-97f2-cd9b7e38d44d@group-B205252F0856:t1, leader=null, voted=2de5b735-5f5e-4913-97f2-cd9b7e38d44d, raftlog=2de5b735-5f5e-4913-97f2-cd9b7e38d44d@group-B205252F0856-SegmentedRaftLog:OPENED:c-1,f-1,i0, conf=-1: [2de5b735-5f5e-4913-97f2-cd9b7e38d44d:192.168.34.50:39091, 8f53d3c5-7943-4c00-9108-ce782fbf9e92:192.168.34.50:34289, 005abd97-d8f5-4c59-a49a-947228164777:192.168.34.50:46193], old=null
2019-09-18 09:58:45,854 [2de5b735-5f5e-4913-97f2-cd9b7e38d44d@group-B205252F0856:LeaderElection93] INFO  impl.RaftServerImpl (RaftServerImpl.java:setRole(174)) - 2de5b735-5f5e-4913-97f2-cd9b7e38d44d@group-B205252F0856: changes role from CANDIDATE to FOLLOWER at term 1 for DISCOVERED_A_NEW_TERM
2019-09-18 09:58:45,854 [2de5b735-5f5e-4913-97f2-cd9b7e38d44d@group-B205252F0856:LeaderElection93] INFO  impl.RoleInfo (RoleInfo.java:shutdownLeaderElection(134)) - 2de5b735-5f5e-4913-97f2-cd9b7e38d44d: shutdown LeaderElection
2019-09-18 09:58:45,854 [2de5b735-5f5e-4913-97f2-cd9b7e38d44d@group-B205252F0856:LeaderElection93] INFO  impl.RoleInfo (RoleInfo.java:updateAndGet(143)) - 2de5b735-5f5e-4913-97f2-cd9b7e38d44d: start FollowerState
2019-09-18 09:58:45,855 [3a0c29e2-5599-4a38-a73f-e743e8986a45@group-9E7E8255A66C:LeaderElection94] INFO  impl.RoleInfo (RoleInfo.java:updateAndGet(143)) - 3a0c29e2-5599-4a38-a73f-e743e8986a45: start LeaderState
2019-09-18 09:58:45,855 [3a0c29e2-5599-4a38-a73f-e743e8986a45@group-9E7E8255A66C:LeaderElection94] INFO  segmented.SegmentedRaftLogWorker (SegmentedRaftLogWorker.java:startLogSegment(380)) - 3a0c29e2-5599-4a38-a73f-e743e8986a45@group-9E7E8255A66C-SegmentedRaftLogWorker: Starting segment from index:0
2019-09-18 09:58:45,855 [3a0c29e2-5599-4a38-a73f-e743e8986a45@group-9E7E8255A66C:LeaderElection94] INFO  impl.RaftServerImpl (ServerState.java:setRaftConf(354)) - 3a0c29e2-5599-4a38-a73f-e743e8986a45@group-9E7E8255A66C: set configuration 0: [3a0c29e2-5599-4a38-a73f-e743e8986a45:192.168.34.50:34324], old=null at 0
2019-09-18 09:58:45,856 [005abd97-d8f5-4c59-a49a-947228164777@group-B205252F0856:LeaderElection95] INFO  impl.LeaderElection (LeaderElection.java:logAndReturn(56)) - 005abd97-d8f5-4c59-a49a-947228164777@group-B205252F0856:LeaderElection95: Election REJECTED; received 2 response(s) [005abd97-d8f5-4c59-a49a-947228164777<-2de5b735-5f5e-4913-97f2-cd9b7e38d44d#0:FAIL-t1, 005abd97-d8f5-4c59-a49a-947228164777<-8f53d3c5-7943-4c00-9108-ce782fbf9e92#0:FAIL-t1] and 0 exception(s); 005abd97-d8f5-4c59-a49a-947228164777@group-B205252F0856:t1, leader=null, voted=005abd97-d8f5-4c59-a49a-947228164777, raftlog=005abd97-d8f5-4c59-a49a-947228164777@group-B205252F0856-SegmentedRaftLog:OPENED:c-1,f-1,i0, conf=-1: [2de5b735-5f5e-4913-97f2-cd9b7e38d44d:192.168.34.50:39091, 8f53d3c5-7943-4c00-9108-ce782fbf9e92:192.168.34.50:34289, 005abd97-d8f5-4c59-a49a-947228164777:192.168.34.50:46193], old=null
2019-09-18 09:58:45,856 [005abd97-d8f5-4c59-a49a-947228164777@group-B205252F0856:LeaderElection95] INFO  impl.RaftServerImpl (RaftServerImpl.java:setRole(174)) - 005abd97-d8f5-4c59-a49a-947228164777@group-B205252F0856: changes role from CANDIDATE to FOLLOWER at term 1 for DISCOVERED_A_NEW_TERM
2019-09-18 09:58:45,856 [005abd97-d8f5-4c59-a49a-947228164777@group-B205252F0856:LeaderElection95] INFO  impl.RoleInfo (RoleInfo.java:shutdownLeaderElection(134)) - 005abd97-d8f5-4c59-a49a-947228164777: shutdown LeaderElection
2019-09-18 09:58:45,856 [005abd97-d8f5-4c59-a49a-947228164777@group-B205252F0856:LeaderElection95] INFO  impl.RoleInfo (RoleInfo.java:updateAndGet(143)) - 005abd97-d8f5-4c59-a49a-947228164777: start FollowerState
2019-09-18 09:58:45,864 [8f53d3c5-7943-4c00-9108-ce782fbf9e92@group-031D147C7A00-SegmentedRaftLogWorker] INFO  segmented.SegmentedRaftLogWorker (SegmentedRaftLogWorker.java:execute(569)) - 8f53d3c5-7943-4c00-9108-ce782fbf9e92@group-031D147C7A00-SegmentedRaftLogWorker: created new log segment /workdir/hadoop-ozone/integration-test/target/test-dir/MiniOzoneClusterImpl-5f4d0526-9e7c-4c5b-a88f-fb02f19e7f1d/datanode-3/data/ratis/38164a70-95df-4a4b-ad65-031d147c7a00/current/log_inprogress_0
2019-09-18 09:58:45,864 [2de5b735-5f5e-4913-97f2-cd9b7e38d44d@group-2AAB68E64FAC-SegmentedRaftLogWorker] INFO  segmented.SegmentedRaftLogWorker (SegmentedRaftLogWorker.java:execute(569)) - 2de5b735-5f5e-4913-97f2-cd9b7e38d44d@group-2AAB68E64FAC-SegmentedRaftLogWorker: created new log segment /workdir/hadoop-ozone/integration-test/target/test-dir/MiniOzoneClusterImpl-5f4d0526-9e7c-4c5b-a88f-fb02f19e7f1d/datanode-1/data/ratis/e23cd99d-bc91-4469-9de2-2aab68e64fac/current/log_inprogress_0
2019-09-18 09:58:45,890 [3a0c29e2-5599-4a38-a73f-e743e8986a45@group-9E7E8255A66C-SegmentedRaftLogWorker] INFO  segmented.SegmentedRaftLogWorker (SegmentedRaftLogWorker.java:execute(569)) - 3a0c29e2-5599-4a38-a73f-e743e8986a45@group-9E7E8255A66C-SegmentedRaftLogWorker: created new log segment /workdir/hadoop-ozone/integration-test/target/test-dir/MiniOzoneClusterImpl-5f4d0526-9e7c-4c5b-a88f-fb02f19e7f1d/datanode-4/data/ratis/1ca5e6a0-9b59-4858-a464-9e7e8255a66c/current/log_inprogress_0
2019-09-18 09:58:46,820 [grpc-default-executor-0] INFO  client.GrpcClientProtocolClient (GrpcClientProtocolClient.java:onNext(264)) - client-479A69DB9DBD->2de5b735-5f5e-4913-97f2-cd9b7e38d44d: receive RaftClientReply:client-479A69DB9DBD->2de5b735-5f5e-4913-97f2-cd9b7e38d44d@group-B205252F0856, cid=95, FAILED org.apache.ratis.protocol.NotLeaderException: Server 2de5b735-5f5e-4913-97f2-cd9b7e38d44d@group-B205252F0856 is not the leader, logIndex=0, commits[2de5b735-5f5e-4913-97f2-cd9b7e38d44d:c-1]
2019-09-18 09:58:46,933 [Thread-2339] INFO  impl.FollowerState (FollowerState.java:run(106)) - 43692c40-cad1-44a4-bc68-5df2581f8f96:group-A6D591E7EF1D changes to CANDIDATE, lastRpcTime:5056, electionTimeout:5056ms
2019-09-18 09:58:46,934 [Thread-2339] INFO  impl.RoleInfo (RoleInfo.java:shutdownFollowerState(121)) - 43692c40-cad1-44a4-bc68-5df2581f8f96: shutdown FollowerState
2019-09-18 09:58:46,934 [Thread-2339] INFO  impl.RaftServerImpl (RaftServerImpl.java:setRole(174)) - 43692c40-cad1-44a4-bc68-5df2581f8f96@group-A6D591E7EF1D: changes role from  FOLLOWER to CANDIDATE at term 0 for changeToCandidate
2019-09-18 09:58:46,934 [Thread-2339] INFO  impl.RoleInfo (RoleInfo.java:updateAndGet(143)) - 43692c40-cad1-44a4-bc68-5df2581f8f96: start LeaderElection
2019-09-18 09:58:46,947 [Thread-2344] INFO  impl.FollowerState (FollowerState.java:run(106)) - a4c87eb4-b75f-4e60-9914-913e5c1f17d9:group-CB4828712792 changes to CANDIDATE, lastRpcTime:5009, electionTimeout:5009ms
2019-09-18 09:58:46,947 [Thread-2346] INFO  impl.FollowerState (FollowerState.java:run(106)) - 3a0c29e2-5599-4a38-a73f-e743e8986a45:group-CB4828712792 changes to CANDIDATE, lastRpcTime:5005, electionTimeout:5005ms
2019-09-18 09:58:46,948 [Thread-2344] INFO  impl.RoleInfo (RoleInfo.java:shutdownFollowerState(121)) - a4c87eb4-b75f-4e60-9914-913e5c1f17d9: shutdown FollowerState
2019-09-18 09:58:46,948 [Thread-2346] INFO  impl.RoleInfo (RoleInfo.java:shutdownFollowerState(121)) - 3a0c29e2-5599-4a38-a73f-e743e8986a45: shutdown FollowerState
2019-09-18 09:58:46,948 [Thread-2344] INFO  impl.RaftServerImpl (RaftServerImpl.java:setRole(174)) - a4c87eb4-b75f-4e60-9914-913e5c1f17d9@group-CB4828712792: changes role from  FOLLOWER to CANDIDATE at term 0 for changeToCandidate
2019-09-18 09:58:46,948 [Thread-2346] INFO  impl.RaftServerImpl (RaftServerImpl.java:setRole(174)) - 3a0c29e2-5599-4a38-a73f-e743e8986a45@group-CB4828712792: changes role from  FOLLOWER to CANDIDATE at term 0 for changeToCandidate
2019-09-18 09:58:46,948 [Thread-2344] INFO  impl.RoleInfo (RoleInfo.java:updateAndGet(143)) - a4c87eb4-b75f-4e60-9914-913e5c1f17d9: start LeaderElection
2019-09-18 09:58:46,948 [Thread-2346] INFO  impl.RoleInfo (RoleInfo.java:updateAndGet(143)) - 3a0c29e2-5599-4a38-a73f-e743e8986a45: start LeaderElection
2019-09-18 09:58:46,964 [43692c40-cad1-44a4-bc68-5df2581f8f96@group-A6D591E7EF1D:LeaderElection96] INFO  impl.LeaderElection (LeaderElection.java:askForVotes(182)) - 43692c40-cad1-44a4-bc68-5df2581f8f96@group-A6D591E7EF1D:LeaderElection96: begin an election at term 1 for -1: [43692c40-cad1-44a4-bc68-5df2581f8f96:192.168.34.50:37858], old=null
2019-09-18 09:58:46,964 [43692c40-cad1-44a4-bc68-5df2581f8f96@group-A6D591E7EF1D:LeaderElection96] INFO  impl.RoleInfo (RoleInfo.java:shutdownLeaderElection(134)) - 43692c40-cad1-44a4-bc68-5df2581f8f96: shutdown LeaderElection
2019-09-18 09:58:46,964 [43692c40-cad1-44a4-bc68-5df2581f8f96@group-A6D591E7EF1D:LeaderElection96] INFO  impl.RaftServerImpl (RaftServerImpl.java:setRole(174)) - 43692c40-cad1-44a4-bc68-5df2581f8f96@group-A6D591E7EF1D: changes role from CANDIDATE to LEADER at term 1 for changeToLeader
2019-09-18 09:58:46,964 [43692c40-cad1-44a4-bc68-5df2581f8f96@group-A6D591E7EF1D:LeaderElection96] INFO  impl.RaftServerImpl (ServerState.java:setLeader(253)) - 43692c40-cad1-44a4-bc68-5df2581f8f96@group-A6D591E7EF1D: change Leader from null to 43692c40-cad1-44a4-bc68-5df2581f8f96 at term 1 for becomeLeader, leader elected after 5095ms
2019-09-18 09:58:46,965 [43692c40-cad1-44a4-bc68-5df2581f8f96@group-A6D591E7EF1D:LeaderElection96] INFO  server.RaftServerConfigKeys (ConfUtils.java:logGet(43)) - raft.server.staging.catchup.gap = 1000 (default)
2019-09-18 09:58:46,965 [43692c40-cad1-44a4-bc68-5df2581f8f96@group-A6D591E7EF1D:LeaderElection96] INFO  server.RaftServerConfigKeys (ConfUtils.java:logGet(43)) - raft.server.rpc.sleep.time = 25ms (default)
2019-09-18 09:58:46,965 [43692c40-cad1-44a4-bc68-5df2581f8f96@group-A6D591E7EF1D:LeaderElection96] INFO  server.RaftServerConfigKeys (ConfUtils.java:logGet(43)) - raft.server.write.element-limit = 4096 (default)
2019-09-18 09:58:46,965 [43692c40-cad1-44a4-bc68-5df2581f8f96@group-A6D591E7EF1D:LeaderElection96] INFO  server.RaftServerConfigKeys (ConfUtils.java:logGet(43)) - raft.server.watch.timeout = 10s (default)
2019-09-18 09:58:46,965 [43692c40-cad1-44a4-bc68-5df2581f8f96@group-A6D591E7EF1D:LeaderElection96] INFO  server.RaftServerConfigKeys (ConfUtils.java:logGet(43)) - raft.server.watch.timeout.denomination = 1s (default)
2019-09-18 09:58:46,965 [43692c40-cad1-44a4-bc68-5df2581f8f96@group-A6D591E7EF1D:LeaderElection96] INFO  server.RaftServerConfigKeys (ConfUtils.java:logGet(43)) - raft.server.watch.element-limit = 65536 (default)
2019-09-18 09:58:46,967 [43692c40-cad1-44a4-bc68-5df2581f8f96@group-A6D591E7EF1D:LeaderElection96] INFO  impl.RoleInfo (RoleInfo.java:updateAndGet(143)) - 43692c40-cad1-44a4-bc68-5df2581f8f96: start LeaderState
2019-09-18 09:58:46,968 [43692c40-cad1-44a4-bc68-5df2581f8f96@group-A6D591E7EF1D:LeaderElection96] INFO  segmented.SegmentedRaftLogWorker (SegmentedRaftLogWorker.java:startLogSegment(380)) - 43692c40-cad1-44a4-bc68-5df2581f8f96@group-A6D591E7EF1D-SegmentedRaftLogWorker: Starting segment from index:0
2019-09-18 09:58:46,968 [43692c40-cad1-44a4-bc68-5df2581f8f96@group-A6D591E7EF1D:LeaderElection96] INFO  impl.RaftServerImpl (ServerState.java:setRaftConf(354)) - 43692c40-cad1-44a4-bc68-5df2581f8f96@group-A6D591E7EF1D: set configuration 0: [43692c40-cad1-44a4-bc68-5df2581f8f96:192.168.34.50:37858], old=null at 0
2019-09-18 09:58:46,977 [3a0c29e2-5599-4a38-a73f-e743e8986a45@group-CB4828712792:LeaderElection98] INFO  impl.LeaderElection (LeaderElection.java:askForVotes(182)) - 3a0c29e2-5599-4a38-a73f-e743e8986a45@group-CB4828712792:LeaderElection98: begin an election at term 1 for -1: [9c46bebe-7017-4198-8b11-dc6744ed4c0e:192.168.34.50:33972, a4c87eb4-b75f-4e60-9914-913e5c1f17d9:192.168.34.50:37158, 3a0c29e2-5599-4a38-a73f-e743e8986a45:192.168.34.50:34324], old=null
2019-09-18 09:58:46,977 [a4c87eb4-b75f-4e60-9914-913e5c1f17d9@group-CB4828712792:LeaderElection97] INFO  impl.LeaderElection (LeaderElection.java:askForVotes(182)) - a4c87eb4-b75f-4e60-9914-913e5c1f17d9@group-CB4828712792:LeaderElection97: begin an election at term 1 for -1: [9c46bebe-7017-4198-8b11-dc6744ed4c0e:192.168.34.50:33972, a4c87eb4-b75f-4e60-9914-913e5c1f17d9:192.168.34.50:37158, 3a0c29e2-5599-4a38-a73f-e743e8986a45:192.168.34.50:34324], old=null
2019-09-18 09:58:46,999 [Thread-2347] INFO  impl.FollowerState (FollowerState.java:run(106)) - 9c46bebe-7017-4198-8b11-dc6744ed4c0e:group-CB4828712792 changes to CANDIDATE, lastRpcTime:5057, electionTimeout:5047ms
2019-09-18 09:58:46,999 [Thread-2347] INFO  impl.RoleInfo (RoleInfo.java:shutdownFollowerState(121)) - 9c46bebe-7017-4198-8b11-dc6744ed4c0e: shutdown FollowerState
2019-09-18 09:58:47,000 [Thread-2347] INFO  impl.RaftServerImpl (RaftServerImpl.java:setRole(174)) - 9c46bebe-7017-4198-8b11-dc6744ed4c0e@group-CB4828712792: changes role from  FOLLOWER to CANDIDATE at term 0 for changeToCandidate
2019-09-18 09:58:47,000 [Thread-2347] INFO  impl.RoleInfo (RoleInfo.java:updateAndGet(143)) - 9c46bebe-7017-4198-8b11-dc6744ed4c0e: start LeaderElection
2019-09-18 09:58:47,012 [43692c40-cad1-44a4-bc68-5df2581f8f96@group-A6D591E7EF1D-SegmentedRaftLogWorker] INFO  segmented.SegmentedRaftLogWorker (SegmentedRaftLogWorker.java:execute(569)) - 43692c40-cad1-44a4-bc68-5df2581f8f96@group-A6D591E7EF1D-SegmentedRaftLogWorker: created new log segment /workdir/hadoop-ozone/integration-test/target/test-dir/MiniOzoneClusterImpl-5f4d0526-9e7c-4c5b-a88f-fb02f19e7f1d/datanode-6/data/ratis/e0090e8d-21a3-4bd9-abc2-a6d591e7ef1d/current/log_inprogress_0
2019-09-18 09:58:47,012 [9c46bebe-7017-4198-8b11-dc6744ed4c0e@group-CB4828712792:LeaderElection99] INFO  impl.LeaderElection (LeaderElection.java:askForVotes(182)) - 9c46bebe-7017-4198-8b11-dc6744ed4c0e@group-CB4828712792:LeaderElection99: begin an election at term 1 for -1: [9c46bebe-7017-4198-8b11-dc6744ed4c0e:192.168.34.50:33972, a4c87eb4-b75f-4e60-9914-913e5c1f17d9:192.168.34.50:37158, 3a0c29e2-5599-4a38-a73f-e743e8986a45:192.168.34.50:34324], old=null
2019-09-18 09:58:47,013 [3a0c29e2-5599-4a38-a73f-e743e8986a45@group-CB4828712792:LeaderElection98] INFO  impl.LeaderElection (LeaderElection.java:logAndReturn(56)) - 3a0c29e2-5599-4a38-a73f-e743e8986a45@group-CB4828712792:LeaderElection98: Election REJECTED; received 2 response(s) [3a0c29e2-5599-4a38-a73f-e743e8986a45<-9c46bebe-7017-4198-8b11-dc6744ed4c0e#0:FAIL-t1, 3a0c29e2-5599-4a38-a73f-e743e8986a45<-a4c87eb4-b75f-4e60-9914-913e5c1f17d9#0:FAIL-t1] and 0 exception(s); 3a0c29e2-5599-4a38-a73f-e743e8986a45@group-CB4828712792:t1, leader=null, voted=3a0c29e2-5599-4a38-a73f-e743e8986a45, raftlog=3a0c29e2-5599-4a38-a73f-e743e8986a45@group-CB4828712792-SegmentedRaftLog:OPENED:c-1,f-1,i0, conf=-1: [9c46bebe-7017-4198-8b11-dc6744ed4c0e:192.168.34.50:33972, a4c87eb4-b75f-4e60-9914-913e5c1f17d9:192.168.34.50:37158, 3a0c29e2-5599-4a38-a73f-e743e8986a45:192.168.34.50:34324], old=null
2019-09-18 09:58:47,014 [3a0c29e2-5599-4a38-a73f-e743e8986a45@group-CB4828712792:LeaderElection98] INFO  impl.RaftServerImpl (RaftServerImpl.java:setRole(174)) - 3a0c29e2-5599-4a38-a73f-e743e8986a45@group-CB4828712792: changes role from CANDIDATE to FOLLOWER at term 1 for DISCOVERED_A_NEW_TERM
2019-09-18 09:58:47,014 [3a0c29e2-5599-4a38-a73f-e743e8986a45@group-CB4828712792:LeaderElection98] INFO  impl.RoleInfo (RoleInfo.java:shutdownLeaderElection(134)) - 3a0c29e2-5599-4a38-a73f-e743e8986a45: shutdown LeaderElection
2019-09-18 09:58:47,014 [3a0c29e2-5599-4a38-a73f-e743e8986a45@group-CB4828712792:LeaderElection98] INFO  impl.RoleInfo (RoleInfo.java:updateAndGet(143)) - 3a0c29e2-5599-4a38-a73f-e743e8986a45: start FollowerState
2019-09-18 09:58:47,014 [a4c87eb4-b75f-4e60-9914-913e5c1f17d9@group-CB4828712792:LeaderElection97] INFO  impl.LeaderElection (LeaderElection.java:logAndReturn(56)) - a4c87eb4-b75f-4e60-9914-913e5c1f17d9@group-CB4828712792:LeaderElection97: Election REJECTED; received 2 response(s) [a4c87eb4-b75f-4e60-9914-913e5c1f17d9<-9c46bebe-7017-4198-8b11-dc6744ed4c0e#0:FAIL-t1, a4c87eb4-b75f-4e60-9914-913e5c1f17d9<-3a0c29e2-5599-4a38-a73f-e743e8986a45#0:FAIL-t1] and 0 exception(s); a4c87eb4-b75f-4e60-9914-913e5c1f17d9@group-CB4828712792:t1, leader=null, voted=a4c87eb4-b75f-4e60-9914-913e5c1f17d9, raftlog=a4c87eb4-b75f-4e60-9914-913e5c1f17d9@group-CB4828712792-SegmentedRaftLog:OPENED:c-1,f-1,i0, conf=-1: [9c46bebe-7017-4198-8b11-dc6744ed4c0e:192.168.34.50:33972, a4c87eb4-b75f-4e60-9914-913e5c1f17d9:192.168.34.50:37158, 3a0c29e2-5599-4a38-a73f-e743e8986a45:192.168.34.50:34324], old=null
2019-09-18 09:58:47,014 [a4c87eb4-b75f-4e60-9914-913e5c1f17d9@group-CB4828712792:LeaderElection97] INFO  impl.RaftServerImpl (RaftServerImpl.java:setRole(174)) - a4c87eb4-b75f-4e60-9914-913e5c1f17d9@group-CB4828712792: changes role from CANDIDATE to FOLLOWER at term 1 for DISCOVERED_A_NEW_TERM
2019-09-18 09:58:47,014 [a4c87eb4-b75f-4e60-9914-913e5c1f17d9@group-CB4828712792:LeaderElection97] INFO  impl.RoleInfo (RoleInfo.java:shutdownLeaderElection(134)) - a4c87eb4-b75f-4e60-9914-913e5c1f17d9: shutdown LeaderElection
2019-09-18 09:58:47,014 [a4c87eb4-b75f-4e60-9914-913e5c1f17d9@group-CB4828712792:LeaderElection97] INFO  impl.RoleInfo (RoleInfo.java:updateAndGet(143)) - a4c87eb4-b75f-4e60-9914-913e5c1f17d9: start FollowerState
2019-09-18 09:58:47,015 [Thread-2336] INFO  impl.FollowerState (FollowerState.java:run(106)) - 9c46bebe-7017-4198-8b11-dc6744ed4c0e:group-E1490AC8E525 changes to CANDIDATE, lastRpcTime:5187, electionTimeout:5187ms
2019-09-18 09:58:47,015 [Thread-2336] INFO  impl.RoleInfo (RoleInfo.java:shutdownFollowerState(121)) - 9c46bebe-7017-4198-8b11-dc6744ed4c0e: shutdown FollowerState
2019-09-18 09:58:47,015 [Thread-2336] INFO  impl.RaftServerImpl (RaftServerImpl.java:setRole(174)) - 9c46bebe-7017-4198-8b11-dc6744ed4c0e@group-E1490AC8E525: changes role from  FOLLOWER to CANDIDATE at term 0 for changeToCandidate
2019-09-18 09:58:47,015 [Thread-2336] INFO  impl.RoleInfo (RoleInfo.java:updateAndGet(143)) - 9c46bebe-7017-4198-8b11-dc6744ed4c0e: start LeaderElection
2019-09-18 09:58:47,036 [9c46bebe-7017-4198-8b11-dc6744ed4c0e@group-CB4828712792:LeaderElection99] INFO  impl.LeaderElection (LeaderElection.java:logAndReturn(56)) - 9c46bebe-7017-4198-8b11-dc6744ed4c0e@group-CB4828712792:LeaderElection99: Election REJECTED; received 2 response(s) [9c46bebe-7017-4198-8b11-dc6744ed4c0e<-a4c87eb4-b75f-4e60-9914-913e5c1f17d9#0:FAIL-t1, 9c46bebe-7017-4198-8b11-dc6744ed4c0e<-3a0c29e2-5599-4a38-a73f-e743e8986a45#0:FAIL-t1] and 0 exception(s); 9c46bebe-7017-4198-8b11-dc6744ed4c0e@group-CB4828712792:t1, leader=null, voted=9c46bebe-7017-4198-8b11-dc6744ed4c0e, raftlog=9c46bebe-7017-4198-8b11-dc6744ed4c0e@group-CB4828712792-SegmentedRaftLog:OPENED:c-1,f-1,i0, conf=-1: [9c46bebe-7017-4198-8b11-dc6744ed4c0e:192.168.34.50:33972, a4c87eb4-b75f-4e60-9914-913e5c1f17d9:192.168.34.50:37158, 3a0c29e2-5599-4a38-a73f-e743e8986a45:192.168.34.50:34324], old=null
2019-09-18 09:58:47,036 [9c46bebe-7017-4198-8b11-dc6744ed4c0e@group-CB4828712792:LeaderElection99] INFO  impl.RaftServerImpl (RaftServerImpl.java:setRole(174)) - 9c46bebe-7017-4198-8b11-dc6744ed4c0e@group-CB4828712792: changes role from CANDIDATE to FOLLOWER at term 1 for DISCOVERED_A_NEW_TERM
2019-09-18 09:58:47,036 [9c46bebe-7017-4198-8b11-dc6744ed4c0e@group-CB4828712792:LeaderElection99] INFO  impl.RoleInfo (RoleInfo.java:shutdownLeaderElection(134)) - 9c46bebe-7017-4198-8b11-dc6744ed4c0e: shutdown LeaderElection
2019-09-18 09:58:47,036 [9c46bebe-7017-4198-8b11-dc6744ed4c0e@group-CB4828712792:LeaderElection99] INFO  impl.RoleInfo (RoleInfo.java:updateAndGet(143)) - 9c46bebe-7017-4198-8b11-dc6744ed4c0e: start FollowerState
2019-09-18 09:58:47,047 [9c46bebe-7017-4198-8b11-dc6744ed4c0e@group-E1490AC8E525:LeaderElection100] INFO  impl.LeaderElection (LeaderElection.java:askForVotes(182)) - 9c46bebe-7017-4198-8b11-dc6744ed4c0e@group-E1490AC8E525:LeaderElection100: begin an election at term 1 for -1: [9c46bebe-7017-4198-8b11-dc6744ed4c0e:192.168.34.50:33972], old=null
2019-09-18 09:58:47,047 [9c46bebe-7017-4198-8b11-dc6744ed4c0e@group-E1490AC8E525:LeaderElection100] INFO  impl.RoleInfo (RoleInfo.java:shutdownLeaderElection(134)) - 9c46bebe-7017-4198-8b11-dc6744ed4c0e: shutdown LeaderElection
2019-09-18 09:58:47,047 [9c46bebe-7017-4198-8b11-dc6744ed4c0e@group-E1490AC8E525:LeaderElection100] INFO  impl.RaftServerImpl (RaftServerImpl.java:setRole(174)) - 9c46bebe-7017-4198-8b11-dc6744ed4c0e@group-E1490AC8E525: changes role from CANDIDATE to LEADER at term 1 for changeToLeader
2019-09-18 09:58:47,047 [9c46bebe-7017-4198-8b11-dc6744ed4c0e@group-E1490AC8E525:LeaderElection100] INFO  impl.RaftServerImpl (ServerState.java:setLeader(253)) - 9c46bebe-7017-4198-8b11-dc6744ed4c0e@group-E1490AC8E525: change Leader from null to 9c46bebe-7017-4198-8b11-dc6744ed4c0e at term 1 for becomeLeader, leader elected after 5230ms
2019-09-18 09:58:47,047 [9c46bebe-7017-4198-8b11-dc6744ed4c0e@group-E1490AC8E525:LeaderElection100] INFO  server.RaftServerConfigKeys (ConfUtils.java:logGet(43)) - raft.server.staging.catchup.gap = 1000 (default)
2019-09-18 09:58:47,047 [9c46bebe-7017-4198-8b11-dc6744ed4c0e@group-E1490AC8E525:LeaderElection100] INFO  server.RaftServerConfigKeys (ConfUtils.java:logGet(43)) - raft.server.rpc.sleep.time = 25ms (default)
2019-09-18 09:58:47,047 [9c46bebe-7017-4198-8b11-dc6744ed4c0e@group-E1490AC8E525:LeaderElection100] INFO  server.RaftServerConfigKeys (ConfUtils.java:logGet(43)) - raft.server.write.element-limit = 4096 (default)
2019-09-18 09:58:47,047 [9c46bebe-7017-4198-8b11-dc6744ed4c0e@group-E1490AC8E525:LeaderElection100] INFO  server.RaftServerConfigKeys (ConfUtils.java:logGet(43)) - raft.server.watch.timeout = 10s (default)
2019-09-18 09:58:47,048 [9c46bebe-7017-4198-8b11-dc6744ed4c0e@group-E1490AC8E525:LeaderElection100] INFO  server.RaftServerConfigKeys (ConfUtils.java:logGet(43)) - raft.server.watch.timeout.denomination = 1s (default)
2019-09-18 09:58:47,048 [9c46bebe-7017-4198-8b11-dc6744ed4c0e@group-E1490AC8E525:LeaderElection100] INFO  server.RaftServerConfigKeys (ConfUtils.java:logGet(43)) - raft.server.watch.element-limit = 65536 (default)
2019-09-18 09:58:47,049 [9c46bebe-7017-4198-8b11-dc6744ed4c0e@group-E1490AC8E525:LeaderElection100] INFO  impl.RoleInfo (RoleInfo.java:updateAndGet(143)) - 9c46bebe-7017-4198-8b11-dc6744ed4c0e: start LeaderState
2019-09-18 09:58:47,050 [9c46bebe-7017-4198-8b11-dc6744ed4c0e@group-E1490AC8E525:LeaderElection100] INFO  segmented.SegmentedRaftLogWorker (SegmentedRaftLogWorker.java:startLogSegment(380)) - 9c46bebe-7017-4198-8b11-dc6744ed4c0e@group-E1490AC8E525-SegmentedRaftLogWorker: Starting segment from index:0
2019-09-18 09:58:47,050 [9c46bebe-7017-4198-8b11-dc6744ed4c0e@group-E1490AC8E525:LeaderElection100] INFO  impl.RaftServerImpl (ServerState.java:setRaftConf(354)) - 9c46bebe-7017-4198-8b11-dc6744ed4c0e@group-E1490AC8E525: set configuration 0: [9c46bebe-7017-4198-8b11-dc6744ed4c0e:192.168.34.50:33972], old=null at 0
2019-09-18 09:58:47,091 [9c46bebe-7017-4198-8b11-dc6744ed4c0e@group-E1490AC8E525-SegmentedRaftLogWorker] INFO  segmented.SegmentedRaftLogWorker (SegmentedRaftLogWorker.java:execute(569)) - 9c46bebe-7017-4198-8b11-dc6744ed4c0e@group-E1490AC8E525-SegmentedRaftLogWorker: created new log segment /workdir/hadoop-ozone/integration-test/target/test-dir/MiniOzoneClusterImpl-5f4d0526-9e7c-4c5b-a88f-fb02f19e7f1d/datanode-5/data/ratis/b82c811a-80ba-4d4a-8774-e1490ac8e525/current/log_inprogress_0
2019-09-18 09:58:47,833 [grpc-default-executor-5] INFO  client.GrpcClientProtocolClient (GrpcClientProtocolClient.java:onNext(264)) - client-479A69DB9DBD->005abd97-d8f5-4c59-a49a-947228164777: receive RaftClientReply:client-479A69DB9DBD->005abd97-d8f5-4c59-a49a-947228164777@group-B205252F0856, cid=95, FAILED org.apache.ratis.protocol.NotLeaderException: Server 005abd97-d8f5-4c59-a49a-947228164777@group-B205252F0856 is not the leader, logIndex=0, commits[005abd97-d8f5-4c59-a49a-947228164777:c-1]
2019-09-18 09:58:48,855 [grpc-default-executor-2] INFO  client.GrpcClientProtocolClient (GrpcClientProtocolClient.java:onNext(264)) - client-479A69DB9DBD->8f53d3c5-7943-4c00-9108-ce782fbf9e92: receive RaftClientReply:client-479A69DB9DBD->8f53d3c5-7943-4c00-9108-ce782fbf9e92@group-B205252F0856, cid=95, FAILED org.apache.ratis.protocol.NotLeaderException: Server 8f53d3c5-7943-4c00-9108-ce782fbf9e92@group-B205252F0856 is not the leader, logIndex=0, commits[8f53d3c5-7943-4c00-9108-ce782fbf9e92:c-1]
2019-09-18 09:58:49,871 [grpc-default-executor-5] INFO  client.GrpcClientProtocolClient (GrpcClientProtocolClient.java:onNext(264)) - client-479A69DB9DBD->005abd97-d8f5-4c59-a49a-947228164777: receive RaftClientReply:client-479A69DB9DBD->005abd97-d8f5-4c59-a49a-947228164777@group-B205252F0856, cid=95, FAILED org.apache.ratis.protocol.NotLeaderException: Server 005abd97-d8f5-4c59-a49a-947228164777@group-B205252F0856 is not the leader, logIndex=0, commits[005abd97-d8f5-4c59-a49a-947228164777:c-1]
2019-09-18 09:58:50,882 [grpc-default-executor-2] INFO  client.GrpcClientProtocolClient (GrpcClientProtocolClient.java:onNext(264)) - client-479A69DB9DBD->2de5b735-5f5e-4913-97f2-cd9b7e38d44d: receive RaftClientReply:client-479A69DB9DBD->2de5b735-5f5e-4913-97f2-cd9b7e38d44d@group-B205252F0856, cid=95, FAILED org.apache.ratis.protocol.NotLeaderException: Server 2de5b735-5f5e-4913-97f2-cd9b7e38d44d@group-B205252F0856 is not the leader, logIndex=0, commits[2de5b735-5f5e-4913-97f2-cd9b7e38d44d:c-1]
2019-09-18 09:58:50,913 [Thread-2389] INFO  impl.FollowerState (FollowerState.java:run(106)) - 2de5b735-5f5e-4913-97f2-cd9b7e38d44d:group-B205252F0856 changes to CANDIDATE, lastRpcTime:5058, electionTimeout:5058ms
2019-09-18 09:58:50,913 [Thread-2389] INFO  impl.RoleInfo (RoleInfo.java:shutdownFollowerState(121)) - 2de5b735-5f5e-4913-97f2-cd9b7e38d44d: shutdown FollowerState
2019-09-18 09:58:50,913 [Thread-2389] INFO  impl.RaftServerImpl (RaftServerImpl.java:setRole(174)) - 2de5b735-5f5e-4913-97f2-cd9b7e38d44d@group-B205252F0856: changes role from  FOLLOWER to CANDIDATE at term 1 for changeToCandidate
2019-09-18 09:58:50,913 [Thread-2389] INFO  impl.RoleInfo (RoleInfo.java:updateAndGet(143)) - 2de5b735-5f5e-4913-97f2-cd9b7e38d44d: start LeaderElection
2019-09-18 09:58:50,927 [2de5b735-5f5e-4913-97f2-cd9b7e38d44d@group-B205252F0856:LeaderElection101] INFO  impl.LeaderElection (LeaderElection.java:askForVotes(182)) - 2de5b735-5f5e-4913-97f2-cd9b7e38d44d@group-B205252F0856:LeaderElection101: begin an election at term 2 for -1: [2de5b735-5f5e-4913-97f2-cd9b7e38d44d:192.168.34.50:39091, 8f53d3c5-7943-4c00-9108-ce782fbf9e92:192.168.34.50:34289, 005abd97-d8f5-4c59-a49a-947228164777:192.168.34.50:46193], old=null
2019-09-18 09:58:50,930 [grpc-default-executor-5] INFO  impl.RaftServerImpl (RaftServerImpl.java:setRole(174)) - 005abd97-d8f5-4c59-a49a-947228164777@group-B205252F0856: changes role from  FOLLOWER to FOLLOWER at term 2 for recognizeCandidate:2de5b735-5f5e-4913-97f2-cd9b7e38d44d
2019-09-18 09:58:50,931 [grpc-default-executor-2] INFO  impl.RaftServerImpl (RaftServerImpl.java:setRole(174)) - 8f53d3c5-7943-4c00-9108-ce782fbf9e92@group-B205252F0856: changes role from  FOLLOWER to FOLLOWER at term 2 for recognizeCandidate:2de5b735-5f5e-4913-97f2-cd9b7e38d44d
2019-09-18 09:58:50,931 [grpc-default-executor-5] INFO  impl.RoleInfo (RoleInfo.java:shutdownFollowerState(121)) - 005abd97-d8f5-4c59-a49a-947228164777: shutdown FollowerState
2019-09-18 09:58:50,931 [grpc-default-executor-2] INFO  impl.RoleInfo (RoleInfo.java:shutdownFollowerState(121)) - 8f53d3c5-7943-4c00-9108-ce782fbf9e92: shutdown FollowerState
2019-09-18 09:58:50,931 [Thread-2390] INFO  impl.FollowerState (FollowerState.java:run(115)) - 005abd97-d8f5-4c59-a49a-947228164777: FollowerState was interrupted: java.lang.InterruptedException: sleep interrupted
2019-09-18 09:58:50,931 [grpc-default-executor-2] INFO  impl.RoleInfo (RoleInfo.java:updateAndGet(143)) - 8f53d3c5-7943-4c00-9108-ce782fbf9e92: start FollowerState
2019-09-18 09:58:50,931 [grpc-default-executor-5] INFO  impl.RoleInfo (RoleInfo.java:updateAndGet(143)) - 005abd97-d8f5-4c59-a49a-947228164777: start FollowerState
2019-09-18 09:58:50,932 [Thread-2387] INFO  impl.FollowerState (FollowerState.java:run(115)) - 8f53d3c5-7943-4c00-9108-ce782fbf9e92: FollowerState was interrupted: java.lang.InterruptedException: sleep interrupted
2019-09-18 09:58:50,947 [2de5b735-5f5e-4913-97f2-cd9b7e38d44d@group-B205252F0856:LeaderElection101] INFO  impl.LeaderElection (LeaderElection.java:logAndReturn(56)) - 2de5b735-5f5e-4913-97f2-cd9b7e38d44d@group-B205252F0856:LeaderElection101: Election PASSED; received 1 response(s) [2de5b735-5f5e-4913-97f2-cd9b7e38d44d<-005abd97-d8f5-4c59-a49a-947228164777#0:OK-t2] and 0 exception(s); 2de5b735-5f5e-4913-97f2-cd9b7e38d44d@group-B205252F0856:t2, leader=null, voted=2de5b735-5f5e-4913-97f2-cd9b7e38d44d, raftlog=2de5b735-5f5e-4913-97f2-cd9b7e38d44d@group-B205252F0856-SegmentedRaftLog:OPENED:c-1,f-1,i0, conf=-1: [2de5b735-5f5e-4913-97f2-cd9b7e38d44d:192.168.34.50:39091, 8f53d3c5-7943-4c00-9108-ce782fbf9e92:192.168.34.50:34289, 005abd97-d8f5-4c59-a49a-947228164777:192.168.34.50:46193], old=null
2019-09-18 09:58:50,947 [2de5b735-5f5e-4913-97f2-cd9b7e38d44d@group-B205252F0856:LeaderElection101] INFO  impl.RoleInfo (RoleInfo.java:shutdownLeaderElection(134)) - 2de5b735-5f5e-4913-97f2-cd9b7e38d44d: shutdown LeaderElection
2019-09-18 09:58:50,947 [2de5b735-5f5e-4913-97f2-cd9b7e38d44d@group-B205252F0856:LeaderElection101] INFO  impl.RaftServerImpl (RaftServerImpl.java:setRole(174)) - 2de5b735-5f5e-4913-97f2-cd9b7e38d44d@group-B205252F0856: changes role from CANDIDATE to LEADER at term 2 for changeToLeader
2019-09-18 09:58:50,947 [2de5b735-5f5e-4913-97f2-cd9b7e38d44d@group-B205252F0856:LeaderElection101] INFO  impl.RaftServerImpl (ServerState.java:setLeader(253)) - 2de5b735-5f5e-4913-97f2-cd9b7e38d44d@group-B205252F0856: change Leader from null to 2de5b735-5f5e-4913-97f2-cd9b7e38d44d at term 2 for becomeLeader, leader elected after 10363ms
2019-09-18 09:58:50,948 [2de5b735-5f5e-4913-97f2-cd9b7e38d44d@group-B205252F0856:LeaderElection101] INFO  server.RaftServerConfigKeys (ConfUtils.java:logGet(43)) - raft.server.staging.catchup.gap = 1000 (default)
2019-09-18 09:58:50,948 [2de5b735-5f5e-4913-97f2-cd9b7e38d44d@group-B205252F0856:LeaderElection101] INFO  server.RaftServerConfigKeys (ConfUtils.java:logGet(43)) - raft.server.rpc.sleep.time = 25ms (default)
2019-09-18 09:58:50,948 [2de5b735-5f5e-4913-97f2-cd9b7e38d44d@group-B205252F0856:LeaderElection101] INFO  server.RaftServerConfigKeys (ConfUtils.java:logGet(43)) - raft.server.write.element-limit = 4096 (default)
2019-09-18 09:58:50,948 [2de5b735-5f5e-4913-97f2-cd9b7e38d44d@group-B205252F0856:LeaderElection101] INFO  server.RaftServerConfigKeys (ConfUtils.java:logGet(43)) - raft.server.watch.timeout = 10s (default)
2019-09-18 09:58:50,948 [2de5b735-5f5e-4913-97f2-cd9b7e38d44d@group-B205252F0856:LeaderElection101] INFO  server.RaftServerConfigKeys (ConfUtils.java:logGet(43)) - raft.server.watch.timeout.denomination = 1s (default)
2019-09-18 09:58:50,949 [2de5b735-5f5e-4913-97f2-cd9b7e38d44d@group-B205252F0856:LeaderElection101] INFO  server.RaftServerConfigKeys (ConfUtils.java:logGet(43)) - raft.server.watch.element-limit = 65536 (default)
2019-09-18 09:58:50,951 [2de5b735-5f5e-4913-97f2-cd9b7e38d44d@group-B205252F0856:LeaderElection101] INFO  server.RaftServerConfigKeys (ConfUtils.java:logGet(43)) - raft.server.log.appender.snapshot.chunk.size.max = 16MB (=16777216) (default)
2019-09-18 09:58:50,951 [2de5b735-5f5e-4913-97f2-cd9b7e38d44d@group-B205252F0856:LeaderElection101] INFO  server.RaftServerConfigKeys (ConfUtils.java:logGet(43)) - raft.server.log.appender.buffer.byte-limit = 33554432 (custom)
2019-09-18 09:58:50,951 [2de5b735-5f5e-4913-97f2-cd9b7e38d44d@group-B205252F0856:LeaderElection101] INFO  server.RaftServerConfigKeys (ConfUtils.java:logGet(43)) - raft.server.log.appender.buffer.element-limit = 1 (custom)
2019-09-18 09:58:50,952 [2de5b735-5f5e-4913-97f2-cd9b7e38d44d@group-B205252F0856:LeaderElection101] INFO  grpc.GrpcConfigKeys$Server (ConfUtils.java:logGet(43)) - raft.grpc.server.leader.outstanding.appends.max = 128 (default)
2019-09-18 09:58:50,952 [2de5b735-5f5e-4913-97f2-cd9b7e38d44d@group-B205252F0856:LeaderElection101] INFO  server.RaftServerConfigKeys (ConfUtils.java:logGet(43)) - raft.server.rpc.request.timeout = 3000ms (default)
2019-09-18 09:58:50,952 [2de5b735-5f5e-4913-97f2-cd9b7e38d44d@group-B205252F0856:LeaderElection101] INFO  server.RaftServerConfigKeys (ConfUtils.java:logGet(43)) - raft.server.log.appender.install.snapshot.enabled = false (custom)
2019-09-18 09:58:50,952 [2de5b735-5f5e-4913-97f2-cd9b7e38d44d@group-B205252F0856:LeaderElection101] INFO  server.RaftServerConfigKeys (ConfUtils.java:logGet(43)) - raft.server.log.appender.snapshot.chunk.size.max = 16MB (=16777216) (default)
2019-09-18 09:58:50,952 [2de5b735-5f5e-4913-97f2-cd9b7e38d44d@group-B205252F0856:LeaderElection101] INFO  server.RaftServerConfigKeys (ConfUtils.java:logGet(43)) - raft.server.log.appender.buffer.byte-limit = 33554432 (custom)
2019-09-18 09:58:50,953 [2de5b735-5f5e-4913-97f2-cd9b7e38d44d@group-B205252F0856:LeaderElection101] INFO  server.RaftServerConfigKeys (ConfUtils.java:logGet(43)) - raft.server.log.appender.buffer.element-limit = 1 (custom)
2019-09-18 09:58:50,953 [2de5b735-5f5e-4913-97f2-cd9b7e38d44d@group-B205252F0856:LeaderElection101] INFO  grpc.GrpcConfigKeys$Server (ConfUtils.java:logGet(43)) - raft.grpc.server.leader.outstanding.appends.max = 128 (default)
2019-09-18 09:58:50,953 [2de5b735-5f5e-4913-97f2-cd9b7e38d44d@group-B205252F0856:LeaderElection101] INFO  server.RaftServerConfigKeys (ConfUtils.java:logGet(43)) - raft.server.rpc.request.timeout = 3000ms (default)
2019-09-18 09:58:50,953 [2de5b735-5f5e-4913-97f2-cd9b7e38d44d@group-B205252F0856:LeaderElection101] INFO  server.RaftServerConfigKeys (ConfUtils.java:logGet(43)) - raft.server.log.appender.install.snapshot.enabled = false (custom)
2019-09-18 09:58:50,953 [2de5b735-5f5e-4913-97f2-cd9b7e38d44d@group-B205252F0856:LeaderElection101] INFO  impl.RoleInfo (RoleInfo.java:updateAndGet(143)) - 2de5b735-5f5e-4913-97f2-cd9b7e38d44d: start LeaderState
2019-09-18 09:58:50,954 [2de5b735-5f5e-4913-97f2-cd9b7e38d44d@group-B205252F0856:LeaderElection101] INFO  segmented.SegmentedRaftLogWorker (SegmentedRaftLogWorker.java:startLogSegment(380)) - 2de5b735-5f5e-4913-97f2-cd9b7e38d44d@group-B205252F0856-SegmentedRaftLogWorker: Starting segment from index:0
2019-09-18 09:58:50,955 [2de5b735-5f5e-4913-97f2-cd9b7e38d44d@group-B205252F0856:LeaderElection101] INFO  impl.RaftServerImpl (ServerState.java:setRaftConf(354)) - 2de5b735-5f5e-4913-97f2-cd9b7e38d44d@group-B205252F0856: set configuration 0: [2de5b735-5f5e-4913-97f2-cd9b7e38d44d:192.168.34.50:39091, 8f53d3c5-7943-4c00-9108-ce782fbf9e92:192.168.34.50:34289, 005abd97-d8f5-4c59-a49a-947228164777:192.168.34.50:46193], old=null at 0
2019-09-18 09:58:50,956 [grpc-default-executor-2] INFO  impl.RaftServerImpl (ServerState.java:setLeader(253)) - 8f53d3c5-7943-4c00-9108-ce782fbf9e92@group-B205252F0856: change Leader from null to 2de5b735-5f5e-4913-97f2-cd9b7e38d44d at term 2 for appendEntries, leader elected after 10370ms
2019-09-18 09:58:50,956 [grpc-default-executor-5] INFO  impl.RaftServerImpl (ServerState.java:setLeader(253)) - 005abd97-d8f5-4c59-a49a-947228164777@group-B205252F0856: change Leader from null to 2de5b735-5f5e-4913-97f2-cd9b7e38d44d at term 2 for appendEntries, leader elected after 10371ms
2019-09-18 09:58:50,959 [grpc-default-executor-2] INFO  impl.RaftServerImpl (ServerState.java:setRaftConf(354)) - 005abd97-d8f5-4c59-a49a-947228164777@group-B205252F0856: set configuration 0: [2de5b735-5f5e-4913-97f2-cd9b7e38d44d:192.168.34.50:39091, 8f53d3c5-7943-4c00-9108-ce782fbf9e92:192.168.34.50:34289, 005abd97-d8f5-4c59-a49a-947228164777:192.168.34.50:46193], old=null at 0
2019-09-18 09:58:50,959 [grpc-default-executor-5] INFO  impl.RaftServerImpl (ServerState.java:setRaftConf(354)) - 8f53d3c5-7943-4c00-9108-ce782fbf9e92@group-B205252F0856: set configuration 0: [2de5b735-5f5e-4913-97f2-cd9b7e38d44d:192.168.34.50:39091, 8f53d3c5-7943-4c00-9108-ce782fbf9e92:192.168.34.50:34289, 005abd97-d8f5-4c59-a49a-947228164777:192.168.34.50:46193], old=null at 0
2019-09-18 09:58:50,959 [grpc-default-executor-2] INFO  segmented.SegmentedRaftLogWorker (SegmentedRaftLogWorker.java:startLogSegment(380)) - 005abd97-d8f5-4c59-a49a-947228164777@group-B205252F0856-SegmentedRaftLogWorker: Starting segment from index:0
2019-09-18 09:58:50,959 [grpc-default-executor-5] INFO  segmented.SegmentedRaftLogWorker (SegmentedRaftLogWorker.java:startLogSegment(380)) - 8f53d3c5-7943-4c00-9108-ce782fbf9e92@group-B205252F0856-SegmentedRaftLogWorker: Starting segment from index:0
2019-09-18 09:58:50,998 [005abd97-d8f5-4c59-a49a-947228164777@group-B205252F0856-SegmentedRaftLogWorker] INFO  segmented.SegmentedRaftLogWorker (SegmentedRaftLogWorker.java:execute(569)) - 005abd97-d8f5-4c59-a49a-947228164777@group-B205252F0856-SegmentedRaftLogWorker: created new log segment /workdir/hadoop-ozone/integration-test/target/test-dir/MiniOzoneClusterImpl-5f4d0526-9e7c-4c5b-a88f-fb02f19e7f1d/datanode-2/data/ratis/d49dfb5f-5d98-48e8-91bd-b205252f0856/current/log_inprogress_0
2019-09-18 09:58:50,998 [8f53d3c5-7943-4c00-9108-ce782fbf9e92@group-B205252F0856-SegmentedRaftLogWorker] INFO  segmented.SegmentedRaftLogWorker (SegmentedRaftLogWorker.java:execute(569)) - 8f53d3c5-7943-4c00-9108-ce782fbf9e92@group-B205252F0856-SegmentedRaftLogWorker: created new log segment /workdir/hadoop-ozone/integration-test/target/test-dir/MiniOzoneClusterImpl-5f4d0526-9e7c-4c5b-a88f-fb02f19e7f1d/datanode-3/data/ratis/d49dfb5f-5d98-48e8-91bd-b205252f0856/current/log_inprogress_0
2019-09-18 09:58:50,998 [2de5b735-5f5e-4913-97f2-cd9b7e38d44d@group-B205252F0856-SegmentedRaftLogWorker] INFO  segmented.SegmentedRaftLogWorker (SegmentedRaftLogWorker.java:execute(569)) - 2de5b735-5f5e-4913-97f2-cd9b7e38d44d@group-B205252F0856-SegmentedRaftLogWorker: created new log segment /workdir/hadoop-ozone/integration-test/target/test-dir/MiniOzoneClusterImpl-5f4d0526-9e7c-4c5b-a88f-fb02f19e7f1d/datanode-1/data/ratis/d49dfb5f-5d98-48e8-91bd-b205252f0856/current/log_inprogress_0
2019-09-18 09:58:51,896 [grpc-default-executor-5] INFO  client.GrpcClientProtocolClient (GrpcClientProtocolClient.java:onNext(264)) - client-479A69DB9DBD->8f53d3c5-7943-4c00-9108-ce782fbf9e92: receive RaftClientReply:client-479A69DB9DBD->8f53d3c5-7943-4c00-9108-ce782fbf9e92@group-B205252F0856, cid=95, FAILED org.apache.ratis.protocol.NotLeaderException: Server 8f53d3c5-7943-4c00-9108-ce782fbf9e92@group-B205252F0856 is not the leader 2de5b735-5f5e-4913-97f2-cd9b7e38d44d:192.168.34.50:39091, logIndex=0, commits[8f53d3c5-7943-4c00-9108-ce782fbf9e92:c-1, 2de5b735-5f5e-4913-97f2-cd9b7e38d44d:c-1, 005abd97-d8f5-4c59-a49a-947228164777:c-1]
2019-09-18 09:58:52,014 [grpc-default-executor-2] INFO  client.GrpcClientProtocolClient (GrpcClientProtocolClient.java:onNext(264)) - client-479A69DB9DBD->2de5b735-5f5e-4913-97f2-cd9b7e38d44d: receive RaftClientReply:client-479A69DB9DBD->2de5b735-5f5e-4913-97f2-cd9b7e38d44d@group-B205252F0856, cid=95, SUCCESS, logIndex=1, commits[2de5b735-5f5e-4913-97f2-cd9b7e38d44d:c2, 8f53d3c5-7943-4c00-9108-ce782fbf9e92:c1, 005abd97-d8f5-4c59-a49a-947228164777:c1]
2019-09-18 09:58:52,041 [Thread-2407] INFO  impl.FollowerState (FollowerState.java:run(106)) - 9c46bebe-7017-4198-8b11-dc6744ed4c0e:group-CB4828712792 changes to CANDIDATE, lastRpcTime:5004, electionTimeout:5001ms
2019-09-18 09:58:52,041 [Thread-2407] INFO  impl.RoleInfo (RoleInfo.java:shutdownFollowerState(121)) - 9c46bebe-7017-4198-8b11-dc6744ed4c0e: shutdown FollowerState
2019-09-18 09:58:52,041 [Thread-2407] INFO  impl.RaftServerImpl (RaftServerImpl.java:setRole(174)) - 9c46bebe-7017-4198-8b11-dc6744ed4c0e@group-CB4828712792: changes role from  FOLLOWER to CANDIDATE at term 1 for changeToCandidate
2019-09-18 09:58:52,041 [Thread-2407] INFO  impl.RoleInfo (RoleInfo.java:updateAndGet(143)) - 9c46bebe-7017-4198-8b11-dc6744ed4c0e: start LeaderElection
2019-09-18 09:58:52,055 [9c46bebe-7017-4198-8b11-dc6744ed4c0e@group-CB4828712792:LeaderElection102] INFO  impl.LeaderElection (LeaderElection.java:askForVotes(182)) - 9c46bebe-7017-4198-8b11-dc6744ed4c0e@group-CB4828712792:LeaderElection102: begin an election at term 2 for -1: [9c46bebe-7017-4198-8b11-dc6744ed4c0e:192.168.34.50:33972, a4c87eb4-b75f-4e60-9914-913e5c1f17d9:192.168.34.50:37158, 3a0c29e2-5599-4a38-a73f-e743e8986a45:192.168.34.50:34324], old=null
2019-09-18 09:58:52,057 [grpc-default-executor-5] INFO  impl.RaftServerImpl (RaftServerImpl.java:setRole(174)) - a4c87eb4-b75f-4e60-9914-913e5c1f17d9@group-CB4828712792: changes role from  FOLLOWER to FOLLOWER at term 2 for recognizeCandidate:9c46bebe-7017-4198-8b11-dc6744ed4c0e
2019-09-18 09:58:52,057 [grpc-default-executor-2] INFO  impl.RaftServerImpl (RaftServerImpl.java:setRole(174)) - 3a0c29e2-5599-4a38-a73f-e743e8986a45@group-CB4828712792: changes role from  FOLLOWER to FOLLOWER at term 2 for recognizeCandidate:9c46bebe-7017-4198-8b11-dc6744ed4c0e
2019-09-18 09:58:52,057 [grpc-default-executor-5] INFO  impl.RoleInfo (RoleInfo.java:shutdownFollowerState(121)) - a4c87eb4-b75f-4e60-9914-913e5c1f17d9: shutdown FollowerState
2019-09-18 09:58:52,057 [grpc-default-executor-2] INFO  impl.RoleInfo (RoleInfo.java:shutdownFollowerState(121)) - 3a0c29e2-5599-4a38-a73f-e743e8986a45: shutdown FollowerState
2019-09-18 09:58:52,058 [Thread-2405] INFO  impl.FollowerState (FollowerState.java:run(115)) - a4c87eb4-b75f-4e60-9914-913e5c1f17d9: FollowerState was interrupted: java.lang.InterruptedException: sleep interrupted
2019-09-18 09:58:52,058 [grpc-default-executor-5] INFO  impl.RoleInfo (RoleInfo.java:updateAndGet(143)) - a4c87eb4-b75f-4e60-9914-913e5c1f17d9: start FollowerState
2019-09-18 09:58:52,058 [Thread-2404] INFO  impl.FollowerState (FollowerState.java:run(115)) - 3a0c29e2-5599-4a38-a73f-e743e8986a45: FollowerState was interrupted: java.lang.InterruptedException: sleep interrupted
2019-09-18 09:58:52,058 [grpc-default-executor-2] INFO  impl.RoleInfo (RoleInfo.java:updateAndGet(143)) - 3a0c29e2-5599-4a38-a73f-e743e8986a45: start FollowerState
2019-09-18 09:58:52,073 [9c46bebe-7017-4198-8b11-dc6744ed4c0e@group-CB4828712792:LeaderElection102] INFO  impl.LeaderElection (LeaderElection.java:logAndReturn(56)) - 9c46bebe-7017-4198-8b11-dc6744ed4c0e@group-CB4828712792:LeaderElection102: Election PASSED; received 1 response(s) [9c46bebe-7017-4198-8b11-dc6744ed4c0e<-a4c87eb4-b75f-4e60-9914-913e5c1f17d9#0:OK-t2] and 0 exception(s); 9c46bebe-7017-4198-8b11-dc6744ed4c0e@group-CB4828712792:t2, leader=null, voted=9c46bebe-7017-4198-8b11-dc6744ed4c0e, raftlog=9c46bebe-7017-4198-8b11-dc6744ed4c0e@group-CB4828712792-SegmentedRaftLog:OPENED:c-1,f-1,i0, conf=-1: [9c46bebe-7017-4198-8b11-dc6744ed4c0e:192.168.34.50:33972, a4c87eb4-b75f-4e60-9914-913e5c1f17d9:192.168.34.50:37158, 3a0c29e2-5599-4a38-a73f-e743e8986a45:192.168.34.50:34324], old=null
2019-09-18 09:58:52,073 [9c46bebe-7017-4198-8b11-dc6744ed4c0e@group-CB4828712792:LeaderElection102] INFO  impl.RoleInfo (RoleInfo.java:shutdownLeaderElection(134)) - 9c46bebe-7017-4198-8b11-dc6744ed4c0e: shutdown LeaderElection
2019-09-18 09:58:52,073 [9c46bebe-7017-4198-8b11-dc6744ed4c0e@group-CB4828712792:LeaderElection102] INFO  impl.RaftServerImpl (RaftServerImpl.java:setRole(174)) - 9c46bebe-7017-4198-8b11-dc6744ed4c0e@group-CB4828712792: changes role from CANDIDATE to LEADER at term 2 for changeToLeader
2019-09-18 09:58:52,073 [9c46bebe-7017-4198-8b11-dc6744ed4c0e@group-CB4828712792:LeaderElection102] INFO  impl.RaftServerImpl (ServerState.java:setLeader(253)) - 9c46bebe-7017-4198-8b11-dc6744ed4c0e@group-CB4828712792: change Leader from null to 9c46bebe-7017-4198-8b11-dc6744ed4c0e at term 2 for becomeLeader, leader elected after 10146ms
2019-09-18 09:58:52,073 [9c46bebe-7017-4198-8b11-dc6744ed4c0e@group-CB4828712792:LeaderElection102] INFO  server.RaftServerConfigKeys (ConfUtils.java:logGet(43)) - raft.server.staging.catchup.gap = 1000 (default)
2019-09-18 09:58:52,073 [9c46bebe-7017-4198-8b11-dc6744ed4c0e@group-CB4828712792:LeaderElection102] INFO  server.RaftServerConfigKeys (ConfUtils.java:logGet(43)) - raft.server.rpc.sleep.time = 25ms (default)
2019-09-18 09:58:52,074 [9c46bebe-7017-4198-8b11-dc6744ed4c0e@group-CB4828712792:LeaderElection102] INFO  server.RaftServerConfigKeys (ConfUtils.java:logGet(43)) - raft.server.write.element-limit = 4096 (default)
2019-09-18 09:58:52,074 [9c46bebe-7017-4198-8b11-dc6744ed4c0e@group-CB4828712792:LeaderElection102] INFO  server.RaftServerConfigKeys (ConfUtils.java:logGet(43)) - raft.server.watch.timeout = 10s (default)
2019-09-18 09:58:52,074 [9c46bebe-7017-4198-8b11-dc6744ed4c0e@group-CB4828712792:LeaderElection102] INFO  server.RaftServerConfigKeys (ConfUtils.java:logGet(43)) - raft.server.watch.timeout.denomination = 1s (default)
2019-09-18 09:58:52,074 [9c46bebe-7017-4198-8b11-dc6744ed4c0e@group-CB4828712792:LeaderElection102] INFO  server.RaftServerConfigKeys (ConfUtils.java:logGet(43)) - raft.server.watch.element-limit = 65536 (default)
2019-09-18 09:58:52,076 [9c46bebe-7017-4198-8b11-dc6744ed4c0e@group-CB4828712792:LeaderElection102] INFO  server.RaftServerConfigKeys (ConfUtils.java:logGet(43)) - raft.server.log.appender.snapshot.chunk.size.max = 16MB (=16777216) (default)
2019-09-18 09:58:52,076 [9c46bebe-7017-4198-8b11-dc6744ed4c0e@group-CB4828712792:LeaderElection102] INFO  server.RaftServerConfigKeys (ConfUtils.java:logGet(43)) - raft.server.log.appender.buffer.byte-limit = 33554432 (custom)
2019-09-18 09:58:52,077 [9c46bebe-7017-4198-8b11-dc6744ed4c0e@group-CB4828712792:LeaderElection102] INFO  server.RaftServerConfigKeys (ConfUtils.java:logGet(43)) - raft.server.log.appender.buffer.element-limit = 1 (custom)
2019-09-18 09:58:52,077 [9c46bebe-7017-4198-8b11-dc6744ed4c0e@group-CB4828712792:LeaderElection102] INFO  grpc.GrpcConfigKeys$Server (ConfUtils.java:logGet(43)) - raft.grpc.server.leader.outstanding.appends.max = 128 (default)
2019-09-18 09:58:52,077 [9c46bebe-7017-4198-8b11-dc6744ed4c0e@group-CB4828712792:LeaderElection102] INFO  server.RaftServerConfigKeys (ConfUtils.java:logGet(43)) - raft.server.rpc.request.timeout = 3000ms (default)
2019-09-18 09:58:52,077 [9c46bebe-7017-4198-8b11-dc6744ed4c0e@group-CB4828712792:LeaderElection102] INFO  server.RaftServerConfigKeys (ConfUtils.java:logGet(43)) - raft.server.log.appender.install.snapshot.enabled = false (custom)
2019-09-18 09:58:52,078 [9c46bebe-7017-4198-8b11-dc6744ed4c0e@group-CB4828712792:LeaderElection102] INFO  server.RaftServerConfigKeys (ConfUtils.java:logGet(43)) - raft.server.log.appender.snapshot.chunk.size.max = 16MB (=16777216) (default)
2019-09-18 09:58:52,078 [9c46bebe-7017-4198-8b11-dc6744ed4c0e@group-CB4828712792:LeaderElection102] INFO  server.RaftServerConfigKeys (ConfUtils.java:logGet(43)) - raft.server.log.appender.buffer.byte-limit = 33554432 (custom)
2019-09-18 09:58:52,078 [9c46bebe-7017-4198-8b11-dc6744ed4c0e@group-CB4828712792:LeaderElection102] INFO  server.RaftServerConfigKeys (ConfUtils.java:logGet(43)) - raft.server.log.appender.buffer.element-limit = 1 (custom)
2019-09-18 09:58:52,078 [9c46bebe-7017-4198-8b11-dc6744ed4c0e@group-CB4828712792:LeaderElection102] INFO  grpc.GrpcConfigKeys$Server (ConfUtils.java:logGet(43)) - raft.grpc.server.leader.outstanding.appends.max = 128 (default)
2019-09-18 09:58:52,078 [9c46bebe-7017-4198-8b11-dc6744ed4c0e@group-CB4828712792:LeaderElection102] INFO  server.RaftServerConfigKeys (ConfUtils.java:logGet(43)) - raft.server.rpc.request.timeout = 3000ms (default)
2019-09-18 09:58:52,079 [9c46bebe-7017-4198-8b11-dc6744ed4c0e@group-CB4828712792:LeaderElection102] INFO  server.RaftServerConfigKeys (ConfUtils.java:logGet(43)) - raft.server.log.appender.install.snapshot.enabled = false (custom)
2019-09-18 09:58:52,079 [9c46bebe-7017-4198-8b11-dc6744ed4c0e@group-CB4828712792:LeaderElection102] INFO  impl.RoleInfo (RoleInfo.java:updateAndGet(143)) - 9c46bebe-7017-4198-8b11-dc6744ed4c0e: start LeaderState
2019-09-18 09:58:52,079 [9c46bebe-7017-4198-8b11-dc6744ed4c0e@group-CB4828712792:LeaderElection102] INFO  segmented.SegmentedRaftLogWorker (SegmentedRaftLogWorker.java:startLogSegment(380)) - 9c46bebe-7017-4198-8b11-dc6744ed4c0e@group-CB4828712792-SegmentedRaftLogWorker: Starting segment from index:0
2019-09-18 09:58:52,080 [9c46bebe-7017-4198-8b11-dc6744ed4c0e@group-CB4828712792:LeaderElection102] INFO  impl.RaftServerImpl (ServerState.java:setRaftConf(354)) - 9c46bebe-7017-4198-8b11-dc6744ed4c0e@group-CB4828712792: set configuration 0: [9c46bebe-7017-4198-8b11-dc6744ed4c0e:192.168.34.50:33972, a4c87eb4-b75f-4e60-9914-913e5c1f17d9:192.168.34.50:37158, 3a0c29e2-5599-4a38-a73f-e743e8986a45:192.168.34.50:34324], old=null at 0
2019-09-18 09:58:52,081 [grpc-default-executor-2] INFO  impl.RaftServerImpl (ServerState.java:setLeader(253)) - a4c87eb4-b75f-4e60-9914-913e5c1f17d9@group-CB4828712792: change Leader from null to 9c46bebe-7017-4198-8b11-dc6744ed4c0e at term 2 for appendEntries, leader elected after 10153ms
2019-09-18 09:58:52,081 [grpc-default-executor-5] INFO  impl.RaftServerImpl (ServerState.java:setLeader(253)) - 3a0c29e2-5599-4a38-a73f-e743e8986a45@group-CB4828712792: change Leader from null to 9c46bebe-7017-4198-8b11-dc6744ed4c0e at term 2 for appendEntries, leader elected after 10153ms
2019-09-18 09:58:52,083 [grpc-default-executor-5] INFO  impl.RaftServerImpl (ServerState.java:setRaftConf(354)) - a4c87eb4-b75f-4e60-9914-913e5c1f17d9@group-CB4828712792: set configuration 0: [9c46bebe-7017-4198-8b11-dc6744ed4c0e:192.168.34.50:33972, a4c87eb4-b75f-4e60-9914-913e5c1f17d9:192.168.34.50:37158, 3a0c29e2-5599-4a38-a73f-e743e8986a45:192.168.34.50:34324], old=null at 0
2019-09-18 09:58:52,083 [grpc-default-executor-5] INFO  segmented.SegmentedRaftLogWorker (SegmentedRaftLogWorker.java:startLogSegment(380)) - a4c87eb4-b75f-4e60-9914-913e5c1f17d9@group-CB4828712792-SegmentedRaftLogWorker: Starting segment from index:0
2019-09-18 09:58:52,083 [grpc-default-executor-2] INFO  impl.RaftServerImpl (ServerState.java:setRaftConf(354)) - 3a0c29e2-5599-4a38-a73f-e743e8986a45@group-CB4828712792: set configuration 0: [9c46bebe-7017-4198-8b11-dc6744ed4c0e:192.168.34.50:33972, a4c87eb4-b75f-4e60-9914-913e5c1f17d9:192.168.34.50:37158, 3a0c29e2-5599-4a38-a73f-e743e8986a45:192.168.34.50:34324], old=null at 0
2019-09-18 09:58:52,084 [grpc-default-executor-2] INFO  segmented.SegmentedRaftLogWorker (SegmentedRaftLogWorker.java:startLogSegment(380)) - 3a0c29e2-5599-4a38-a73f-e743e8986a45@group-CB4828712792-SegmentedRaftLogWorker: Starting segment from index:0
2019-09-18 09:58:52,125 [a4c87eb4-b75f-4e60-9914-913e5c1f17d9@group-CB4828712792-SegmentedRaftLogWorker] INFO  segmented.SegmentedRaftLogWorker (SegmentedRaftLogWorker.java:execute(569)) - a4c87eb4-b75f-4e60-9914-913e5c1f17d9@group-CB4828712792-SegmentedRaftLogWorker: created new log segment /workdir/hadoop-ozone/integration-test/target/test-dir/MiniOzoneClusterImpl-5f4d0526-9e7c-4c5b-a88f-fb02f19e7f1d/datanode-0/data/ratis/58c4e94f-b77d-4f57-aaa3-cb4828712792/current/log_inprogress_0
2019-09-18 09:58:52,125 [9c46bebe-7017-4198-8b11-dc6744ed4c0e@group-CB4828712792-SegmentedRaftLogWorker] INFO  segmented.SegmentedRaftLogWorker (SegmentedRaftLogWorker.java:execute(569)) - 9c46bebe-7017-4198-8b11-dc6744ed4c0e@group-CB4828712792-SegmentedRaftLogWorker: created new log segment /workdir/hadoop-ozone/integration-test/target/test-dir/MiniOzoneClusterImpl-5f4d0526-9e7c-4c5b-a88f-fb02f19e7f1d/datanode-5/data/ratis/58c4e94f-b77d-4f57-aaa3-cb4828712792/current/log_inprogress_0
2019-09-18 09:58:52,125 [3a0c29e2-5599-4a38-a73f-e743e8986a45@group-CB4828712792-SegmentedRaftLogWorker] INFO  segmented.SegmentedRaftLogWorker (SegmentedRaftLogWorker.java:execute(569)) - 3a0c29e2-5599-4a38-a73f-e743e8986a45@group-CB4828712792-SegmentedRaftLogWorker: created new log segment /workdir/hadoop-ozone/integration-test/target/test-dir/MiniOzoneClusterImpl-5f4d0526-9e7c-4c5b-a88f-fb02f19e7f1d/datanode-4/data/ratis/58c4e94f-b77d-4f57-aaa3-cb4828712792/current/log_inprogress_0
2019-09-18 09:58:57,015 [Datanode State Machine Thread - 0] INFO  statemachine.DatanodeStateMachine (DatanodeStateMachine.java:lambda$startDaemon$0(350)) - Ozone container server started.
2019-09-18 09:58:57,018 [main] INFO  ozoneimpl.OzoneContainer (OzoneContainer.java:stop(231)) - Attempting to stop container services.
2019-09-18 09:58:57,019 [main] INFO  impl.RaftServerProxy (RaftServerProxy.java:lambda$close$4(314)) - 2de5b735-5f5e-4913-97f2-cd9b7e38d44d: close
2019-09-18 09:58:57,020 [main] INFO  impl.RaftServerImpl (RaftServerImpl.java:lambda$shutdown$3(251)) - 2de5b735-5f5e-4913-97f2-cd9b7e38d44d@group-B205252F0856: shutdown
2019-09-18 09:58:57,020 [ForkJoinPool.commonPool-worker-1] INFO  impl.RaftServerImpl (RaftServerImpl.java:lambda$shutdown$3(251)) - 2de5b735-5f5e-4913-97f2-cd9b7e38d44d@group-2AAB68E64FAC: shutdown
2019-09-18 09:58:57,021 [main] INFO  util.JmxRegister (JmxRegister.java:unregister(73)) - Successfully un-registered JMX Bean with object name Ratis:service=RaftServer,group=group-B205252F0856,id=2de5b735-5f5e-4913-97f2-cd9b7e38d44d
2019-09-18 09:58:57,021 [ForkJoinPool.commonPool-worker-1] INFO  util.JmxRegister (JmxRegister.java:unregister(73)) - Successfully un-registered JMX Bean with object name Ratis:service=RaftServer,group=group-2AAB68E64FAC,id=2de5b735-5f5e-4913-97f2-cd9b7e38d44d
2019-09-18 09:58:57,022 [main] INFO  impl.RoleInfo (RoleInfo.java:shutdownLeaderState(104)) - 2de5b735-5f5e-4913-97f2-cd9b7e38d44d: shutdown LeaderState
2019-09-18 09:58:57,022 [ForkJoinPool.commonPool-worker-1] INFO  impl.RoleInfo (RoleInfo.java:shutdownLeaderState(104)) - 2de5b735-5f5e-4913-97f2-cd9b7e38d44d: shutdown LeaderState
2019-09-18 09:58:57,057 [main] INFO  impl.PendingRequests (PendingRequests.java:sendNotLeaderResponses(202)) - 2de5b735-5f5e-4913-97f2-cd9b7e38d44d-PendingRequests: sendNotLeaderResponses
2019-09-18 09:58:57,057 [org.apache.ratis.server.impl.LogAppender$AppenderDaemon$$Lambda$559/997495108@357687c7] WARN  server.GrpcLogAppender (GrpcLogAppender.java:mayWait(143)) - 2de5b735-5f5e-4913-97f2-cd9b7e38d44d@group-B205252F0856->005abd97-d8f5-4c59-a49a-947228164777-GrpcLogAppender: Wait interrupted by java.lang.InterruptedException
2019-09-18 09:58:57,057 [ForkJoinPool.commonPool-worker-1] INFO  impl.PendingRequests (PendingRequests.java:sendNotLeaderResponses(202)) - 2de5b735-5f5e-4913-97f2-cd9b7e38d44d-PendingRequests: sendNotLeaderResponses
2019-09-18 09:58:57,057 [org.apache.ratis.server.impl.LogAppender$AppenderDaemon$$Lambda$559/997495108@6465ba9d] WARN  server.GrpcLogAppender (GrpcLogAppender.java:mayWait(143)) - 2de5b735-5f5e-4913-97f2-cd9b7e38d44d@group-B205252F0856->8f53d3c5-7943-4c00-9108-ce782fbf9e92-GrpcLogAppender: Wait interrupted by java.lang.InterruptedException
2019-09-18 09:58:57,084 [ForkJoinPool.commonPool-worker-1] INFO  impl.StateMachineUpdater (StateMachineUpdater.java:stopAndJoin(125)) - 2de5b735-5f5e-4913-97f2-cd9b7e38d44d@group-2AAB68E64FAC-StateMachineUpdater: set stopIndex = 0
2019-09-18 09:58:57,084 [main] INFO  impl.StateMachineUpdater (StateMachineUpdater.java:stopAndJoin(125)) - 2de5b735-5f5e-4913-97f2-cd9b7e38d44d@group-B205252F0856-StateMachineUpdater: set stopIndex = 2
2019-09-18 09:58:57,085 [ForkJoinPool.commonPool-worker-1] INFO  impl.RaftServerImpl (ServerState.java:close(385)) - 2de5b735-5f5e-4913-97f2-cd9b7e38d44d@group-2AAB68E64FAC: closes. applyIndex: 0
2019-09-18 09:58:57,084 [2de5b735-5f5e-4913-97f2-cd9b7e38d44d@group-B205252F0856-StateMachineUpdater] INFO  ratis.ContainerStateMachine (ContainerStateMachine.java:takeSnapshot(289)) - group-B205252F0856: Taking a snapshot at:(t:2, i:2) file /workdir/hadoop-ozone/integration-test/target/test-dir/MiniOzoneClusterImpl-5f4d0526-9e7c-4c5b-a88f-fb02f19e7f1d/datanode-1/data/ratis/d49dfb5f-5d98-48e8-91bd-b205252f0856/sm/snapshot.2_2
2019-09-18 09:58:57,085 [grpc-default-executor-4] INFO  server.GrpcServerProtocolService (GrpcServerProtocolService.java:onCompleted(113)) - 8f53d3c5-7943-4c00-9108-ce782fbf9e92: Completed APPEND_ENTRIES, lastRequest: 2de5b735-5f5e-4913-97f2-cd9b7e38d44d->8f53d3c5-7943-4c00-9108-ce782fbf9e92#5-t2, previous=(t:2, i:2), leaderCommit=2, initializing? false, entries: <empty>
2019-09-18 09:58:57,085 [grpc-default-executor-5] INFO  server.GrpcServerProtocolService (GrpcServerProtocolService.java:onCompleted(113)) - 005abd97-d8f5-4c59-a49a-947228164777: Completed APPEND_ENTRIES, lastRequest: 2de5b735-5f5e-4913-97f2-cd9b7e38d44d->005abd97-d8f5-4c59-a49a-947228164777#5-t2, previous=(t:2, i:2), leaderCommit=2, initializing? false, entries: <empty>
2019-09-18 09:58:57,086 [2de5b735-5f5e-4913-97f2-cd9b7e38d44d@group-2AAB68E64FAC-SegmentedRaftLogWorker] INFO  segmented.SegmentedRaftLogWorker (SegmentedRaftLogWorker.java:run(313)) - 2de5b735-5f5e-4913-97f2-cd9b7e38d44d@group-2AAB68E64FAC-SegmentedRaftLogWorker was interrupted, exiting. There are 0 tasks remaining in the queue.
2019-09-18 09:58:57,091 [ForkJoinPool.commonPool-worker-1] INFO  segmented.SegmentedRaftLogWorker (SegmentedRaftLogWorker.java:close(228)) - 2de5b735-5f5e-4913-97f2-cd9b7e38d44d@group-2AAB68E64FAC-SegmentedRaftLogWorker close()
2019-09-18 09:58:57,092 [grpc-default-executor-4] INFO  server.GrpcLogAppender (GrpcLogAppender.java:onCompleted(293)) - 2de5b735-5f5e-4913-97f2-cd9b7e38d44d@group-B205252F0856->005abd97-d8f5-4c59-a49a-947228164777-AppendLogResponseHandler: follower responses appendEntries COMPLETED
2019-09-18 09:58:57,091 [grpc-default-executor-5] INFO  server.GrpcLogAppender (GrpcLogAppender.java:onCompleted(293)) - 2de5b735-5f5e-4913-97f2-cd9b7e38d44d@group-B205252F0856->8f53d3c5-7943-4c00-9108-ce782fbf9e92-AppendLogResponseHandler: follower responses appendEntries COMPLETED
2019-09-18 09:58:57,099 [grpc-default-executor-4] INFO  impl.FollowerInfo (FollowerInfo.java:lambda$new$0(51)) - 2de5b735-5f5e-4913-97f2-cd9b7e38d44d@group-B205252F0856->005abd97-d8f5-4c59-a49a-947228164777: nextIndex: updateUnconditionally 3 -> 2
2019-09-18 09:58:57,099 [2de5b735-5f5e-4913-97f2-cd9b7e38d44d@group-B205252F0856-StateMachineUpdater] INFO  ratis.ContainerStateMachine (ContainerStateMachine.java:takeSnapshot(300)) - group-B205252F0856: Finished taking a snapshot at:(t:2, i:2) file:/workdir/hadoop-ozone/integration-test/target/test-dir/MiniOzoneClusterImpl-5f4d0526-9e7c-4c5b-a88f-fb02f19e7f1d/datanode-1/data/ratis/d49dfb5f-5d98-48e8-91bd-b205252f0856/sm/snapshot.2_2 time:15
2019-09-18 09:58:57,099 [grpc-default-executor-5] INFO  impl.FollowerInfo (FollowerInfo.java:lambda$new$0(51)) - 2de5b735-5f5e-4913-97f2-cd9b7e38d44d@group-B205252F0856->8f53d3c5-7943-4c00-9108-ce782fbf9e92: nextIndex: updateUnconditionally 3 -> 2
2019-09-18 09:58:57,100 [2de5b735-5f5e-4913-97f2-cd9b7e38d44d@group-B205252F0856-StateMachineUpdater] INFO  impl.StateMachineUpdater (StateMachineUpdater.java:takeSnapshot(258)) - 2de5b735-5f5e-4913-97f2-cd9b7e38d44d@group-B205252F0856-StateMachineUpdater: Took a snapshot at index 2
2019-09-18 09:58:57,100 [2de5b735-5f5e-4913-97f2-cd9b7e38d44d@group-B205252F0856-StateMachineUpdater] INFO  impl.StateMachineUpdater (StateMachineUpdater.java:lambda$new$0(83)) - 2de5b735-5f5e-4913-97f2-cd9b7e38d44d@group-B205252F0856-StateMachineUpdater: snapshotIndex: updateIncreasingly -1 -> 2
2019-09-18 09:58:57,100 [main] INFO  impl.RaftServerImpl (ServerState.java:close(385)) - 2de5b735-5f5e-4913-97f2-cd9b7e38d44d@group-B205252F0856: closes. applyIndex: 2
2019-09-18 09:58:57,101 [2de5b735-5f5e-4913-97f2-cd9b7e38d44d@group-B205252F0856-SegmentedRaftLogWorker] INFO  segmented.SegmentedRaftLogWorker (SegmentedRaftLogWorker.java:run(313)) - 2de5b735-5f5e-4913-97f2-cd9b7e38d44d@group-B205252F0856-SegmentedRaftLogWorker was interrupted, exiting. There are 0 tasks remaining in the queue.
2019-09-18 09:58:57,105 [main] INFO  segmented.SegmentedRaftLogWorker (SegmentedRaftLogWorker.java:close(228)) - 2de5b735-5f5e-4913-97f2-cd9b7e38d44d@group-B205252F0856-SegmentedRaftLogWorker close()
2019-09-18 09:58:57,110 [main] INFO  server.GrpcService (GrpcService.java:closeImpl(164)) - 2de5b735-5f5e-4913-97f2-cd9b7e38d44d: shutdown server with port 39091 now
2019-09-18 09:58:57,111 [main] INFO  server.GrpcService (GrpcService.java:closeImpl(172)) - 2de5b735-5f5e-4913-97f2-cd9b7e38d44d: shutdown server with port 39091 successfully
2019-09-18 09:58:57,114 [refreshUsed-/workdir/hadoop-ozone/integration-test/target/test-dir/MiniOzoneClusterImpl-5f4d0526-9e7c-4c5b-a88f-fb02f19e7f1d/datanode-1/data/containers] WARN  fs.CachingGetSpaceUsed (CachingGetSpaceUsed.java:run(183)) - Thread Interrupted waiting to refresh disk information: sleep interrupted
2019-09-18 09:58:57,129 [main] INFO  utils.BackgroundService (BackgroundService.java:shutdown(148)) - Shutting down service BlockDeletingService
2019-09-18 09:58:57,145 [main] INFO  statemachine.DatanodeStateMachine (DatanodeStateMachine.java:stopDaemon(395)) - Ozone container server stopped.
2019-09-18 09:58:57,146 [main] INFO  handler.ContextHandler (ContextHandler.java:doStop(910)) - Stopped o.e.j.w.WebAppContext@367d34c0{/,null,UNAVAILABLE}{/hddsDatanode}
2019-09-18 09:58:57,147 [main] INFO  server.AbstractConnector (AbstractConnector.java:doStop(318)) - Stopped ServerConnector@4ce25e47{HTTP/1.1,[http/1.1]}{0.0.0.0:0}
2019-09-18 09:58:57,148 [main] INFO  handler.ContextHandler (ContextHandler.java:doStop(910)) - Stopped o.e.j.s.ServletContextHandler@256bb5be{/static,jar:file:/home/user/.m2/repository/org/apache/hadoop/hadoop-hdds-container-service/0.5.0-SNAPSHOT/hadoop-hdds-container-service-0.5.0-SNAPSHOT.jar!/webapps/static,UNAVAILABLE}
2019-09-18 09:58:57,148 [main] INFO  handler.ContextHandler (ContextHandler.java:doStop(910)) - Stopped o.e.j.s.ServletContextHandler@7e61e25c{/logs,file:///workdir/hadoop-ozone/integration-test/target/log,UNAVAILABLE}
2019-09-18 09:58:59,164 [grpc-default-executor-4] INFO  client.GrpcClientProtocolClient (GrpcClientProtocolClient.java:onNext(264)) - client-479A69DB9DBD->8f53d3c5-7943-4c00-9108-ce782fbf9e92: receive RaftClientReply:client-479A69DB9DBD->8f53d3c5-7943-4c00-9108-ce782fbf9e92@group-B205252F0856, cid=96, FAILED org.apache.ratis.protocol.NotLeaderException: Server 8f53d3c5-7943-4c00-9108-ce782fbf9e92@group-B205252F0856 is not the leader 2de5b735-5f5e-4913-97f2-cd9b7e38d44d:192.168.34.50:39091, logIndex=0, commits[8f53d3c5-7943-4c00-9108-ce782fbf9e92:c2, 2de5b735-5f5e-4913-97f2-cd9b7e38d44d:c2, 005abd97-d8f5-4c59-a49a-947228164777:c2]
2019-09-18 09:59:00,182 [grpc-default-executor-4] INFO  client.GrpcClientProtocolClient (GrpcClientProtocolClient.java:onNext(264)) - client-479A69DB9DBD->8f53d3c5-7943-4c00-9108-ce782fbf9e92: receive RaftClientReply:client-479A69DB9DBD->8f53d3c5-7943-4c00-9108-ce782fbf9e92@group-B205252F0856, cid=96, FAILED org.apache.ratis.protocol.NotLeaderException: Server 8f53d3c5-7943-4c00-9108-ce782fbf9e92@group-B205252F0856 is not the leader 2de5b735-5f5e-4913-97f2-cd9b7e38d44d:192.168.34.50:39091, logIndex=0, commits[8f53d3c5-7943-4c00-9108-ce782fbf9e92:c2, 2de5b735-5f5e-4913-97f2-cd9b7e38d44d:c2, 005abd97-d8f5-4c59-a49a-947228164777:c2]
2019-09-18 09:59:01,201 [grpc-default-executor-2] INFO  client.GrpcClientProtocolClient (GrpcClientProtocolClient.java:onNext(264)) - client-479A69DB9DBD->005abd97-d8f5-4c59-a49a-947228164777: receive RaftClientReply:client-479A69DB9DBD->005abd97-d8f5-4c59-a49a-947228164777@group-B205252F0856, cid=96, FAILED org.apache.ratis.protocol.NotLeaderException: Server 005abd97-d8f5-4c59-a49a-947228164777@group-B205252F0856 is not the leader 2de5b735-5f5e-4913-97f2-cd9b7e38d44d:192.168.34.50:39091, logIndex=0, commits[005abd97-d8f5-4c59-a49a-947228164777:c2, 2de5b735-5f5e-4913-97f2-cd9b7e38d44d:c2, 8f53d3c5-7943-4c00-9108-ce782fbf9e92:c2]
2019-09-18 09:59:02,218 [grpc-default-executor-2] INFO  client.GrpcClientProtocolClient (GrpcClientProtocolClient.java:onNext(264)) - client-479A69DB9DBD->8f53d3c5-7943-4c00-9108-ce782fbf9e92: receive RaftClientReply:client-479A69DB9DBD->8f53d3c5-7943-4c00-9108-ce782fbf9e92@group-B205252F0856, cid=96, FAILED org.apache.ratis.protocol.NotLeaderException: Server 8f53d3c5-7943-4c00-9108-ce782fbf9e92@group-B205252F0856 is not the leader 2de5b735-5f5e-4913-97f2-cd9b7e38d44d:192.168.34.50:39091, logIndex=0, commits[8f53d3c5-7943-4c00-9108-ce782fbf9e92:c2, 2de5b735-5f5e-4913-97f2-cd9b7e38d44d:c2, 005abd97-d8f5-4c59-a49a-947228164777:c2]
2019-09-18 09:59:03,237 [grpc-default-executor-5] INFO  client.GrpcClientProtocolClient (GrpcClientProtocolClient.java:onNext(264)) - client-479A69DB9DBD->005abd97-d8f5-4c59-a49a-947228164777: receive RaftClientReply:client-479A69DB9DBD->005abd97-d8f5-4c59-a49a-947228164777@group-B205252F0856, cid=96, FAILED org.apache.ratis.protocol.NotLeaderException: Server 005abd97-d8f5-4c59-a49a-947228164777@group-B205252F0856 is not the leader 2de5b735-5f5e-4913-97f2-cd9b7e38d44d:192.168.34.50:39091, logIndex=0, commits[005abd97-d8f5-4c59-a49a-947228164777:c2, 2de5b735-5f5e-4913-97f2-cd9b7e38d44d:c2, 8f53d3c5-7943-4c00-9108-ce782fbf9e92:c2]
2019-09-18 09:59:04,257 [grpc-default-executor-4] INFO  client.GrpcClientProtocolClient (GrpcClientProtocolClient.java:onNext(264)) - client-479A69DB9DBD->8f53d3c5-7943-4c00-9108-ce782fbf9e92: receive RaftClientReply:client-479A69DB9DBD->8f53d3c5-7943-4c00-9108-ce782fbf9e92@group-B205252F0856, cid=96, FAILED org.apache.ratis.protocol.NotLeaderException: Server 8f53d3c5-7943-4c00-9108-ce782fbf9e92@group-B205252F0856 is not the leader 2de5b735-5f5e-4913-97f2-cd9b7e38d44d:192.168.34.50:39091, logIndex=0, commits[8f53d3c5-7943-4c00-9108-ce782fbf9e92:c2, 2de5b735-5f5e-4913-97f2-cd9b7e38d44d:c2, 005abd97-d8f5-4c59-a49a-947228164777:c2]
2019-09-18 09:59:05,274 [grpc-default-executor-4] INFO  client.GrpcClientProtocolClient (GrpcClientProtocolClient.java:onNext(264)) - client-479A69DB9DBD->8f53d3c5-7943-4c00-9108-ce782fbf9e92: receive RaftClientReply:client-479A69DB9DBD->8f53d3c5-7943-4c00-9108-ce782fbf9e92@group-B205252F0856, cid=96, FAILED org.apache.ratis.protocol.NotLeaderException: Server 8f53d3c5-7943-4c00-9108-ce782fbf9e92@group-B205252F0856 is not the leader 2de5b735-5f5e-4913-97f2-cd9b7e38d44d:192.168.34.50:39091, logIndex=0, commits[8f53d3c5-7943-4c00-9108-ce782fbf9e92:c2, 2de5b735-5f5e-4913-97f2-cd9b7e38d44d:c2, 005abd97-d8f5-4c59-a49a-947228164777:c2]
2019-09-18 09:59:06,094 [Thread-2428] INFO  impl.FollowerState (FollowerState.java:run(106)) - 005abd97-d8f5-4c59-a49a-947228164777:group-B205252F0856 changes to CANDIDATE, lastRpcTime:9156, electionTimeout:5029ms
2019-09-18 09:59:06,094 [Thread-2428] INFO  impl.RoleInfo (RoleInfo.java:shutdownFollowerState(121)) - 005abd97-d8f5-4c59-a49a-947228164777: shutdown FollowerState
2019-09-18 09:59:06,094 [Thread-2428] INFO  impl.RaftServerImpl (RaftServerImpl.java:setRole(174)) - 005abd97-d8f5-4c59-a49a-947228164777@group-B205252F0856: changes role from  FOLLOWER to CANDIDATE at term 2 for changeToCandidate
2019-09-18 09:59:06,094 [Thread-2428] INFO  impl.RoleInfo (RoleInfo.java:updateAndGet(143)) - 005abd97-d8f5-4c59-a49a-947228164777: start LeaderElection
2019-09-18 09:59:06,095 [005abd97-d8f5-4c59-a49a-947228164777@group-B205252F0856:LeaderElection103] INFO  impl.RaftServerImpl (ServerState.java:setLeader(253)) - 005abd97-d8f5-4c59-a49a-947228164777@group-B205252F0856: change Leader from 2de5b735-5f5e-4913-97f2-cd9b7e38d44d to null at term 2 for initElection
2019-09-18 09:59:06,104 [Thread-2429] INFO  impl.FollowerState (FollowerState.java:run(106)) - 8f53d3c5-7943-4c00-9108-ce782fbf9e92:group-B205252F0856 changes to CANDIDATE, lastRpcTime:9166, electionTimeout:5058ms
2019-09-18 09:59:06,105 [Thread-2429] INFO  impl.RoleInfo (RoleInfo.java:shutdownFollowerState(121)) - 8f53d3c5-7943-4c00-9108-ce782fbf9e92: shutdown FollowerState
2019-09-18 09:59:06,105 [Thread-2429] INFO  impl.RaftServerImpl (RaftServerImpl.java:setRole(174)) - 8f53d3c5-7943-4c00-9108-ce782fbf9e92@group-B205252F0856: changes role from  FOLLOWER to CANDIDATE at term 2 for changeToCandidate
2019-09-18 09:59:06,105 [Thread-2429] INFO  impl.RoleInfo (RoleInfo.java:updateAndGet(143)) - 8f53d3c5-7943-4c00-9108-ce782fbf9e92: start LeaderElection
2019-09-18 09:59:06,105 [8f53d3c5-7943-4c00-9108-ce782fbf9e92@group-B205252F0856:LeaderElection104] INFO  impl.RaftServerImpl (ServerState.java:setLeader(253)) - 8f53d3c5-7943-4c00-9108-ce782fbf9e92@group-B205252F0856: change Leader from 2de5b735-5f5e-4913-97f2-cd9b7e38d44d to null at term 2 for initElection
2019-09-18 09:59:06,301 [grpc-default-executor-2] INFO  client.GrpcClientProtocolClient (GrpcClientProtocolClient.java:onNext(264)) - client-479A69DB9DBD->005abd97-d8f5-4c59-a49a-947228164777: receive RaftClientReply:client-479A69DB9DBD->005abd97-d8f5-4c59-a49a-947228164777@group-B205252F0856, cid=96, FAILED org.apache.ratis.protocol.NotLeaderException: Server 005abd97-d8f5-4c59-a49a-947228164777@group-B205252F0856 is not the leader, logIndex=0, commits[005abd97-d8f5-4c59-a49a-947228164777:c2, 2de5b735-5f5e-4913-97f2-cd9b7e38d44d:c2, 8f53d3c5-7943-4c00-9108-ce782fbf9e92:c2]
2019-09-18 09:59:07,328 [grpc-default-executor-2] INFO  client.GrpcClientProtocolClient (GrpcClientProtocolClient.java:onNext(264)) - client-479A69DB9DBD->8f53d3c5-7943-4c00-9108-ce782fbf9e92: receive RaftClientReply:client-479A69DB9DBD->8f53d3c5-7943-4c00-9108-ce782fbf9e92@group-B205252F0856, cid=96, FAILED org.apache.ratis.protocol.NotLeaderException: Server 8f53d3c5-7943-4c00-9108-ce782fbf9e92@group-B205252F0856 is not the leader, logIndex=0, commits[8f53d3c5-7943-4c00-9108-ce782fbf9e92:c2, 2de5b735-5f5e-4913-97f2-cd9b7e38d44d:c2, 005abd97-d8f5-4c59-a49a-947228164777:c2]
2019-09-18 09:59:09,340 [grpc-default-executor-4] INFO  client.GrpcClientProtocolClient (GrpcClientProtocolClient.java:onNext(264)) - client-479A69DB9DBD->005abd97-d8f5-4c59-a49a-947228164777: receive RaftClientReply:client-479A69DB9DBD->005abd97-d8f5-4c59-a49a-947228164777@group-B205252F0856, cid=96, FAILED org.apache.ratis.protocol.NotLeaderException: Server 005abd97-d8f5-4c59-a49a-947228164777@group-B205252F0856 is not the leader, logIndex=0, commits[005abd97-d8f5-4c59-a49a-947228164777:c2, 2de5b735-5f5e-4913-97f2-cd9b7e38d44d:c2, 8f53d3c5-7943-4c00-9108-ce782fbf9e92:c2]
]]></system-out>
    <system-err><![CDATA[Sep 18, 2019 9:58:45 AM org.apache.ratis.thirdparty.io.grpc.internal.ManagedChannelOrphanWrapper$ManagedChannelReference cleanQueue
SEVERE: *~*~*~ Channel ManagedChannelImpl{logId=915, target=192.168.34.50:45153} was not shutdown properly!!! ~*~*~*
    Make sure to call shutdown()/shutdownNow() and wait until awaitTermination() returns true.
java.lang.RuntimeException: ManagedChannel allocation site
	at org.apache.ratis.thirdparty.io.grpc.internal.ManagedChannelOrphanWrapper$ManagedChannelReference.<init>(ManagedChannelOrphanWrapper.java:103)
	at org.apache.ratis.thirdparty.io.grpc.internal.ManagedChannelOrphanWrapper.<init>(ManagedChannelOrphanWrapper.java:53)
	at org.apache.ratis.thirdparty.io.grpc.internal.ManagedChannelOrphanWrapper.<init>(ManagedChannelOrphanWrapper.java:44)
	at org.apache.ratis.thirdparty.io.grpc.internal.AbstractManagedChannelImplBuilder.build(AbstractManagedChannelImplBuilder.java:411)
	at org.apache.ratis.grpc.client.GrpcClientProtocolClient.<init>(GrpcClientProtocolClient.java:127)
	at org.apache.ratis.grpc.client.GrpcClientRpc.lambda$new$0(GrpcClientRpc.java:55)
	at org.apache.ratis.util.PeerProxyMap$PeerAndProxy.lambda$getProxy$0(PeerProxyMap.java:61)
	at org.apache.ratis.util.LifeCycle.startAndTransition(LifeCycle.java:202)
	at org.apache.ratis.util.PeerProxyMap$PeerAndProxy.getProxy(PeerProxyMap.java:60)
	at org.apache.ratis.util.PeerProxyMap.getProxy(PeerProxyMap.java:108)
	at org.apache.ratis.grpc.client.GrpcClientRpc.sendRequestAsync(GrpcClientRpc.java:66)
	at org.apache.ratis.client.impl.OrderedAsync.sendRequest(OrderedAsync.java:208)
	at org.apache.ratis.client.impl.OrderedAsync.sendRequestWithRetry(OrderedAsync.java:169)
	at org.apache.ratis.util.SlidingWindow$Client.sendOrDelayRequest(SlidingWindow.java:278)
	at org.apache.ratis.util.SlidingWindow$Client.retry(SlidingWindow.java:294)
	at org.apache.ratis.client.impl.OrderedAsync.lambda$scheduleWithTimeout$7(OrderedAsync.java:195)
	at org.apache.ratis.util.TimeoutScheduler.lambda$onTimeout$0(TimeoutScheduler.java:113)
	at org.apache.ratis.util.TimeoutScheduler.lambda$onTimeout$1(TimeoutScheduler.java:133)
	at org.apache.ratis.util.LogUtils.runAndLog(LogUtils.java:50)
	at org.apache.ratis.util.LogUtils$1.run(LogUtils.java:91)
	at java.util.concurrent.Executors$RunnableAdapter.call(Executors.java:511)
	at java.util.concurrent.FutureTask.run(FutureTask.java:266)
	at java.util.concurrent.ScheduledThreadPoolExecutor$ScheduledFutureTask.access$201(ScheduledThreadPoolExecutor.java:180)
	at java.util.concurrent.ScheduledThreadPoolExecutor$ScheduledFutureTask.run(ScheduledThreadPoolExecutor.java:293)
	at java.util.concurrent.ThreadPoolExecutor.runWorker(ThreadPoolExecutor.java:1149)
	at java.util.concurrent.ThreadPoolExecutor$Worker.run(ThreadPoolExecutor.java:624)
	at java.lang.Thread.run(Thread.java:748)

Sep 18, 2019 9:58:45 AM org.apache.ratis.thirdparty.io.grpc.internal.ManagedChannelOrphanWrapper$ManagedChannelReference cleanQueue
SEVERE: *~*~*~ Channel ManagedChannelImpl{logId=713, target=192.168.34.50:45054} was not shutdown properly!!! ~*~*~*
    Make sure to call shutdown()/shutdownNow() and wait until awaitTermination() returns true.
java.lang.RuntimeException: ManagedChannel allocation site
	at org.apache.ratis.thirdparty.io.grpc.internal.ManagedChannelOrphanWrapper$ManagedChannelReference.<init>(ManagedChannelOrphanWrapper.java:103)
	at org.apache.ratis.thirdparty.io.grpc.internal.ManagedChannelOrphanWrapper.<init>(ManagedChannelOrphanWrapper.java:53)
	at org.apache.ratis.thirdparty.io.grpc.internal.ManagedChannelOrphanWrapper.<init>(ManagedChannelOrphanWrapper.java:44)
	at org.apache.ratis.thirdparty.io.grpc.internal.AbstractManagedChannelImplBuilder.build(AbstractManagedChannelImplBuilder.java:411)
	at org.apache.ratis.grpc.client.GrpcClientProtocolClient.<init>(GrpcClientProtocolClient.java:127)
	at org.apache.ratis.grpc.client.GrpcClientRpc.lambda$new$0(GrpcClientRpc.java:55)
	at org.apache.ratis.util.PeerProxyMap$PeerAndProxy.lambda$getProxy$0(PeerProxyMap.java:61)
	at org.apache.ratis.util.LifeCycle.startAndTransition(LifeCycle.java:202)
	at org.apache.ratis.util.PeerProxyMap$PeerAndProxy.getProxy(PeerProxyMap.java:60)
	at org.apache.ratis.util.PeerProxyMap.getProxy(PeerProxyMap.java:108)
	at org.apache.ratis.grpc.client.GrpcClientRpc.sendRequestAsyncUnordered(GrpcClientRpc.java:78)
	at org.apache.ratis.client.impl.UnorderedAsync.sendRequestWithRetry(UnorderedAsync.java:75)
	at org.apache.ratis.client.impl.UnorderedAsync.lambda$null$2(UnorderedAsync.java:120)
	at org.apache.ratis.util.TimeoutScheduler.lambda$onTimeout$0(TimeoutScheduler.java:113)
	at org.apache.ratis.util.TimeoutScheduler.lambda$onTimeout$1(TimeoutScheduler.java:133)
	at org.apache.ratis.util.LogUtils.runAndLog(LogUtils.java:50)
	at org.apache.ratis.util.LogUtils$1.run(LogUtils.java:91)
	at java.util.concurrent.Executors$RunnableAdapter.call(Executors.java:511)
	at java.util.concurrent.FutureTask.run(FutureTask.java:266)
	at java.util.concurrent.ScheduledThreadPoolExecutor$ScheduledFutureTask.access$201(ScheduledThreadPoolExecutor.java:180)
	at java.util.concurrent.ScheduledThreadPoolExecutor$ScheduledFutureTask.run(ScheduledThreadPoolExecutor.java:293)
	at java.util.concurrent.ThreadPoolExecutor.runWorker(ThreadPoolExecutor.java:1149)
	at java.util.concurrent.ThreadPoolExecutor$Worker.run(ThreadPoolExecutor.java:624)
	at java.lang.Thread.run(Thread.java:748)

]]></system-err>
  </testcase>
</testsuite>