<?xml version="1.0" encoding="UTF-8"?>
<testsuite xmlns:xsi="http://www.w3.org/2001/XMLSchema-instance" xsi:noNamespaceSchemaLocation="https://maven.apache.org/surefire/maven-surefire-plugin/xsd/surefire-test-report.xsd" name="org.apache.hadoop.ozone.client.rpc.TestBlockOutputStreamWithFailures" time="724.233" tests="8" errors="0" skipped="0" failures="1">
  <properties>
    <property name="awt.toolkit" value="sun.awt.X11.XToolkit"/>
    <property name="file.encoding.pkg" value="sun.io"/>
    <property name="java.specification.version" value="1.8"/>
    <property name="sun.cpu.isalist" value=""/>
    <property name="sun.jnu.encoding" value="UTF-8"/>
    <property name="java.class.path" value="/workdir/hadoop-ozone/integration-test/target/test-classes:/workdir/hadoop-ozone/integration-test/target/classes:/home/user/.m2/repository/org/apache/hadoop/hadoop-ozone-common/0.5.0-SNAPSHOT/hadoop-ozone-common-0.5.0-SNAPSHOT.jar:/home/user/.m2/repository/org/apache/commons/commons-compress/1.4.1/commons-compress-1.4.1.jar:/home/user/.m2/repository/org/tukaani/xz/1.0/xz-1.0.jar:/home/user/.m2/repository/org/apache/hadoop/hadoop-common/3.2.0/hadoop-common-3.2.0.jar:/home/user/.m2/repository/org/apache/hadoop/hadoop-hdfs/3.2.0/hadoop-hdfs-3.2.0.jar:/home/user/.m2/repository/org/apache/hadoop/hadoop-hdfs-client/3.2.0/hadoop-hdfs-client-3.2.0.jar:/home/user/.m2/repository/com/fasterxml/jackson/core/jackson-annotations/2.9.5/jackson-annotations-2.9.5.jar:/home/user/.m2/repository/org/apache/hadoop/hadoop-hdds-common/0.5.0-SNAPSHOT/hadoop-hdds-common-0.5.0-SNAPSHOT.jar:/home/user/.m2/repository/javax/annotation/javax.annotation-api/1.2/javax.annotation-api-1.2.jar:/home/user/.m2/repository/org/apache/ratis/ratis-server/0.4.0-2337318-SNAPSHOT/ratis-server-0.4.0-2337318-SNAPSHOT.jar:/home/user/.m2/repository/org/apache/ratis/ratis-thirdparty-misc/0.2.0/ratis-thirdparty-misc-0.2.0.jar:/home/user/.m2/repository/org/apache/ratis/ratis-proto/0.4.0-2337318-SNAPSHOT/ratis-proto-0.4.0-2337318-SNAPSHOT.jar:/home/user/.m2/repository/org/apache/ratis/ratis-common/0.4.0-2337318-SNAPSHOT/ratis-common-0.4.0-2337318-SNAPSHOT.jar:/home/user/.m2/repository/org/apache/ratis/ratis-client/0.4.0-2337318-SNAPSHOT/ratis-client-0.4.0-2337318-SNAPSHOT.jar:/home/user/.m2/repository/org/apache/ratis/ratis-metrics/0.4.0-2337318-SNAPSHOT/ratis-metrics-0.4.0-2337318-SNAPSHOT.jar:/home/user/.m2/repository/org/apache/ratis/ratis-netty/0.4.0-2337318-SNAPSHOT/ratis-netty-0.4.0-2337318-SNAPSHOT.jar:/home/user/.m2/repository/org/apache/ratis/ratis-grpc/0.4.0-2337318-SNAPSHOT/ratis-grpc-0.4.0-2337318-SNAPSHOT.jar:/home/user/.m2/repository/org/rocksdb/rocksdbjni/6.0.1/rocksdbjni-6.0.1.jar:/home/user/.m2/repository/org/apache/logging/log4j/log4j-api/2.11.0/log4j-api-2.11.0.jar:/home/user/.m2/repository/org/apache/logging/log4j/log4j-core/2.11.0/log4j-core-2.11.0.jar:/home/user/.m2/repository/com/lmax/disruptor/3.4.2/disruptor-3.4.2.jar:/home/user/.m2/repository/org/apache/commons/commons-pool2/2.6.0/commons-pool2-2.6.0.jar:/home/user/.m2/repository/org/bouncycastle/bcpkix-jdk15on/1.60/bcpkix-jdk15on-1.60.jar:/home/user/.m2/repository/commons-validator/commons-validator/1.6/commons-validator-1.6.jar:/home/user/.m2/repository/commons-digester/commons-digester/1.8.1/commons-digester-1.8.1.jar:/home/user/.m2/repository/io/jaegertracing/jaeger-client/0.33.1/jaeger-client-0.33.1.jar:/home/user/.m2/repository/io/jaegertracing/jaeger-thrift/0.33.1/jaeger-thrift-0.33.1.jar:/home/user/.m2/repository/org/apache/thrift/libthrift/0.11.0/libthrift-0.11.0.jar:/home/user/.m2/repository/com/squareup/okhttp3/okhttp/3.9.0/okhttp-3.9.0.jar:/home/user/.m2/repository/com/squareup/okio/okio/1.13.0/okio-1.13.0.jar:/home/user/.m2/repository/io/jaegertracing/jaeger-core/0.33.1/jaeger-core-0.33.1.jar:/home/user/.m2/repository/io/jaegertracing/jaeger-tracerresolver/0.33.1/jaeger-tracerresolver-0.33.1.jar:/home/user/.m2/repository/io/opentracing/contrib/opentracing-tracerresolver/0.1.5/opentracing-tracerresolver-0.1.5.jar:/home/user/.m2/repository/io/opentracing/opentracing-util/0.31.0/opentracing-util-0.31.0.jar:/home/user/.m2/repository/io/opentracing/opentracing-api/0.31.0/opentracing-api-0.31.0.jar:/home/user/.m2/repository/io/opentracing/opentracing-noop/0.31.0/opentracing-noop-0.31.0.jar:/home/user/.m2/repository/org/apache/hadoop/hadoop-hdds-server-framework/0.5.0-SNAPSHOT/hadoop-hdds-server-framework-0.5.0-SNAPSHOT.jar:/home/user/.m2/repository/org/apache/hadoop/hadoop-hdds-container-service/0.5.0-SNAPSHOT/hadoop-hdds-container-service-0.5.0-SNAPSHOT.jar:/home/user/.m2/repository/org/apache/hadoop/hadoop-hdds-client/0.5.0-SNAPSHOT/hadoop-hdds-client-0.5.0-SNAPSHOT.jar:/home/user/.m2/repository/org/apache/hadoop/hadoop-hdds-tools/0.5.0-SNAPSHOT/hadoop-hdds-tools-0.5.0-SNAPSHOT.jar:/home/user/.m2/repository/org/apache/hadoop/hadoop-hdds-server-scm/0.5.0-SNAPSHOT/hadoop-hdds-server-scm-0.5.0-SNAPSHOT.jar:/home/user/.m2/repository/org/apache/hadoop/hadoop-hdds-docs/0.5.0-SNAPSHOT/hadoop-hdds-docs-0.5.0-SNAPSHOT.jar:/home/user/.m2/repository/io/dropwizard/metrics/metrics-core/3.2.4/metrics-core-3.2.4.jar:/home/user/.m2/repository/org/hamcrest/hamcrest-all/1.3/hamcrest-all-1.3.jar:/home/user/.m2/repository/org/bouncycastle/bcprov-jdk15on/1.60/bcprov-jdk15on-1.60.jar:/home/user/.m2/repository/info/picocli/picocli/3.9.6/picocli-3.9.6.jar:/home/user/.m2/repository/com/google/protobuf/protobuf-java/2.5.0/protobuf-java-2.5.0.jar:/home/user/.m2/repository/com/google/guava/guava/11.0.2/guava-11.0.2.jar:/home/user/.m2/repository/org/apache/hadoop/hadoop-ozone-ozone-manager/0.5.0-SNAPSHOT/hadoop-ozone-ozone-manager-0.5.0-SNAPSHOT.jar:/home/user/.m2/repository/org/apache/hadoop/hadoop-minikdc/3.2.0/hadoop-minikdc-3.2.0.jar:/home/user/.m2/repository/commons-io/commons-io/2.5/commons-io-2.5.jar:/home/user/.m2/repository/org/apache/kerby/kerb-simplekdc/1.0.1/kerb-simplekdc-1.0.1.jar:/home/user/.m2/repository/org/apache/kerby/kerb-client/1.0.1/kerb-client-1.0.1.jar:/home/user/.m2/repository/org/apache/kerby/kerby-config/1.0.1/kerby-config-1.0.1.jar:/home/user/.m2/repository/org/apache/kerby/kerb-core/1.0.1/kerb-core-1.0.1.jar:/home/user/.m2/repository/org/apache/kerby/kerby-pkix/1.0.1/kerby-pkix-1.0.1.jar:/home/user/.m2/repository/org/apache/kerby/kerby-asn1/1.0.1/kerby-asn1-1.0.1.jar:/home/user/.m2/repository/org/apache/kerby/kerby-util/1.0.1/kerby-util-1.0.1.jar:/home/user/.m2/repository/org/apache/kerby/kerb-common/1.0.1/kerb-common-1.0.1.jar:/home/user/.m2/repository/org/apache/kerby/kerb-crypto/1.0.1/kerb-crypto-1.0.1.jar:/home/user/.m2/repository/org/apache/kerby/kerb-util/1.0.1/kerb-util-1.0.1.jar:/home/user/.m2/repository/org/apache/kerby/token-provider/1.0.1/token-provider-1.0.1.jar:/home/user/.m2/repository/org/apache/kerby/kerb-admin/1.0.1/kerb-admin-1.0.1.jar:/home/user/.m2/repository/org/apache/kerby/kerb-server/1.0.1/kerb-server-1.0.1.jar:/home/user/.m2/repository/org/apache/kerby/kerb-identity/1.0.1/kerb-identity-1.0.1.jar:/home/user/.m2/repository/org/apache/kerby/kerby-xdr/1.0.1/kerby-xdr-1.0.1.jar:/home/user/.m2/repository/org/slf4j/slf4j-log4j12/1.7.25/slf4j-log4j12-1.7.25.jar:/home/user/.m2/repository/org/apache/hadoop/hadoop-ozone-s3gateway/0.5.0-SNAPSHOT/hadoop-ozone-s3gateway-0.5.0-SNAPSHOT.jar:/home/user/.m2/repository/org/jboss/weld/servlet/weld-servlet/2.4.7.Final/weld-servlet-2.4.7.Final.jar:/home/user/.m2/repository/org/glassfish/jersey/containers/jersey-container-servlet-core/2.27/jersey-container-servlet-core-2.27.jar:/home/user/.m2/repository/org/glassfish/hk2/external/javax.inject/2.5.0-b42/javax.inject-2.5.0-b42.jar:/home/user/.m2/repository/org/glassfish/jersey/core/jersey-common/2.27/jersey-common-2.27.jar:/home/user/.m2/repository/org/glassfish/hk2/osgi-resource-locator/1.0.1/osgi-resource-locator-1.0.1.jar:/home/user/.m2/repository/javax/ws/rs/javax.ws.rs-api/2.1/javax.ws.rs-api-2.1.jar:/home/user/.m2/repository/org/glassfish/jersey/ext/cdi/jersey-cdi1x/2.27/jersey-cdi1x-2.27.jar:/home/user/.m2/repository/org/glassfish/jersey/inject/jersey-hk2/2.27/jersey-hk2-2.27.jar:/home/user/.m2/repository/org/glassfish/hk2/hk2-locator/2.5.0-b42/hk2-locator-2.5.0-b42.jar:/home/user/.m2/repository/org/javassist/javassist/3.22.0-CR2/javassist-3.22.0-CR2.jar:/home/user/.m2/repository/org/glassfish/hk2/hk2-api/2.5.0/hk2-api-2.5.0.jar:/home/user/.m2/repository/org/glassfish/hk2/external/jakarta.inject/2.5.0/jakarta.inject-2.5.0.jar:/home/user/.m2/repository/org/glassfish/hk2/hk2-utils/2.5.0/hk2-utils-2.5.0.jar:/home/user/.m2/repository/jakarta/annotation/jakarta.annotation-api/1.3.4/jakarta.annotation-api-1.3.4.jar:/home/user/.m2/repository/org/glassfish/hk2/external/aopalliance-repackaged/2.5.0/aopalliance-repackaged-2.5.0.jar:/home/user/.m2/repository/com/fasterxml/jackson/dataformat/jackson-dataformat-xml/2.9.0/jackson-dataformat-xml-2.9.0.jar:/home/user/.m2/repository/com/fasterxml/jackson/core/jackson-core/2.9.5/jackson-core-2.9.5.jar:/home/user/.m2/repository/com/fasterxml/jackson/module/jackson-module-jaxb-annotations/2.9.5/jackson-module-jaxb-annotations-2.9.5.jar:/home/user/.m2/repository/javax/enterprise/cdi-api/1.2/cdi-api-1.2.jar:/home/user/.m2/repository/javax/el/javax.el-api/3.0.0/javax.el-api-3.0.0.jar:/home/user/.m2/repository/javax/interceptor/javax.interceptor-api/1.2/javax.interceptor-api-1.2.jar:/home/user/.m2/repository/javax/inject/javax.inject/1/javax.inject-1.jar:/home/user/.m2/repository/com/sun/xml/bind/jaxb-impl/2.3.0.1/jaxb-impl-2.3.0.1.jar:/home/user/.m2/repository/com/sun/xml/bind/jaxb-core/2.3.0.1/jaxb-core-2.3.0.1.jar:/home/user/.m2/repository/javax/xml/bind/jaxb-api/2.3.0/jaxb-api-2.3.0.jar:/home/user/.m2/repository/javax/activation/activation/1.1.1/activation-1.1.1.jar:/home/user/.m2/repository/org/apache/hadoop/hadoop-ozone-csi/0.5.0-SNAPSHOT/hadoop-ozone-csi-0.5.0-SNAPSHOT.jar:/home/user/.m2/repository/com/google/protobuf/protobuf-java-util/3.5.1/protobuf-java-util-3.5.1.jar:/home/user/.m2/repository/org/apache/hadoop/hadoop-hdds-config/0.5.0-SNAPSHOT/hadoop-hdds-config-0.5.0-SNAPSHOT.jar:/home/user/.m2/repository/io/grpc/grpc-netty/1.17.1/grpc-netty-1.17.1.jar:/home/user/.m2/repository/io/grpc/grpc-core/1.17.1/grpc-core-1.17.1.jar:/home/user/.m2/repository/io/grpc/grpc-context/1.17.1/grpc-context-1.17.1.jar:/home/user/.m2/repository/com/google/errorprone/error_prone_annotations/2.2.0/error_prone_annotations-2.2.0.jar:/home/user/.m2/repository/org/codehaus/mojo/animal-sniffer-annotations/1.17/animal-sniffer-annotations-1.17.jar:/home/user/.m2/repository/io/opencensus/opencensus-api/0.17.0/opencensus-api-0.17.0.jar:/home/user/.m2/repository/io/opencensus/opencensus-contrib-grpc-metrics/0.17.0/opencensus-contrib-grpc-metrics-0.17.0.jar:/home/user/.m2/repository/io/netty/netty-codec-http2/4.1.30.Final/netty-codec-http2-4.1.30.Final.jar:/home/user/.m2/repository/io/netty/netty-codec-http/4.1.30.Final/netty-codec-http-4.1.30.Final.jar:/home/user/.m2/repository/io/netty/netty-codec/4.1.30.Final/netty-codec-4.1.30.Final.jar:/home/user/.m2/repository/io/netty/netty-handler/4.1.30.Final/netty-handler-4.1.30.Final.jar:/home/user/.m2/repository/io/netty/netty-handler-proxy/4.1.30.Final/netty-handler-proxy-4.1.30.Final.jar:/home/user/.m2/repository/io/netty/netty-codec-socks/4.1.30.Final/netty-codec-socks-4.1.30.Final.jar:/home/user/.m2/repository/io/netty/netty-transport-native-epoll/4.1.30.Final/netty-transport-native-epoll-4.1.30.Final.jar:/home/user/.m2/repository/io/netty/netty-common/4.1.30.Final/netty-common-4.1.30.Final.jar:/home/user/.m2/repository/io/netty/netty-buffer/4.1.30.Final/netty-buffer-4.1.30.Final.jar:/home/user/.m2/repository/io/netty/netty-transport/4.1.30.Final/netty-transport-4.1.30.Final.jar:/home/user/.m2/repository/io/netty/netty-resolver/4.1.30.Final/netty-resolver-4.1.30.Final.jar:/home/user/.m2/repository/io/netty/netty-transport-native-unix-common/4.1.30.Final/netty-transport-native-unix-common-4.1.30.Final.jar:/home/user/.m2/repository/io/grpc/grpc-protobuf/1.17.1/grpc-protobuf-1.17.1.jar:/home/user/.m2/repository/com/google/api/grpc/proto-google-common-protos/1.0.0/proto-google-common-protos-1.0.0.jar:/home/user/.m2/repository/io/grpc/grpc-protobuf-lite/1.17.1/grpc-protobuf-lite-1.17.1.jar:/home/user/.m2/repository/io/grpc/grpc-stub/1.17.1/grpc-stub-1.17.1.jar:/home/user/.m2/repository/org/apache/hadoop/hadoop-ozone-recon/0.5.0-SNAPSHOT/hadoop-ozone-recon-0.5.0-SNAPSHOT.jar:/home/user/.m2/repository/org/apache/hadoop/hadoop-ozone-reconcodegen/0.5.0-SNAPSHOT/hadoop-ozone-reconcodegen-0.5.0-SNAPSHOT.jar:/home/user/.m2/repository/com/google/inject/extensions/guice-multibindings/4.0/guice-multibindings-4.0.jar:/home/user/.m2/repository/com/google/inject/guice/4.0/guice-4.0.jar:/home/user/.m2/repository/aopalliance/aopalliance/1.0/aopalliance-1.0.jar:/home/user/.m2/repository/com/google/inject/extensions/guice-servlet/4.0/guice-servlet-4.0.jar:/home/user/.m2/repository/org/glassfish/jersey/containers/jersey-container-servlet/2.27/jersey-container-servlet-2.27.jar:/home/user/.m2/repository/org/glassfish/hk2/guice-bridge/2.5.0/guice-bridge-2.5.0.jar:/home/user/.m2/repository/org/glassfish/jersey/core/jersey-server/2.27/jersey-server-2.27.jar:/home/user/.m2/repository/org/glassfish/jersey/core/jersey-client/2.27/jersey-client-2.27.jar:/home/user/.m2/repository/org/glassfish/jersey/media/jersey-media-jaxb/2.27/jersey-media-jaxb-2.27.jar:/home/user/.m2/repository/javax/validation/validation-api/1.1.0.Final/validation-api-1.1.0.Final.jar:/home/user/.m2/repository/org/glassfish/jersey/media/jersey-media-json-jackson/2.27/jersey-media-json-jackson-2.27.jar:/home/user/.m2/repository/org/glassfish/jersey/ext/jersey-entity-filtering/2.27/jersey-entity-filtering-2.27.jar:/home/user/.m2/repository/com/google/inject/extensions/guice-assistedinject/4.0/guice-assistedinject-4.0.jar:/home/user/.m2/repository/org/jooq/jooq/3.11.10/jooq-3.11.10.jar:/home/user/.m2/repository/org/jooq/jooq-meta/3.11.10/jooq-meta-3.11.10.jar:/home/user/.m2/repository/org/jooq/jooq-codegen/3.11.10/jooq-codegen-3.11.10.jar:/home/user/.m2/repository/com/jolbox/bonecp/0.8.0.RELEASE/bonecp-0.8.0.RELEASE.jar:/home/user/.m2/repository/org/xerial/sqlite-jdbc/3.25.2/sqlite-jdbc-3.25.2.jar:/home/user/.m2/repository/org/springframework/spring-jdbc/5.1.3.RELEASE/spring-jdbc-5.1.3.RELEASE.jar:/home/user/.m2/repository/org/springframework/spring-beans/5.1.3.RELEASE/spring-beans-5.1.3.RELEASE.jar:/home/user/.m2/repository/org/springframework/spring-core/5.1.3.RELEASE/spring-core-5.1.3.RELEASE.jar:/home/user/.m2/repository/org/springframework/spring-jcl/5.1.3.RELEASE/spring-jcl-5.1.3.RELEASE.jar:/home/user/.m2/repository/org/springframework/spring-tx/5.1.3.RELEASE/spring-tx-5.1.3.RELEASE.jar:/home/user/.m2/repository/org/apache/hadoop/hadoop-ozone-client/0.5.0-SNAPSHOT/hadoop-ozone-client-0.5.0-SNAPSHOT.jar:/home/user/.m2/repository/commons-lang/commons-lang/2.6/commons-lang-2.6.jar:/home/user/.m2/repository/org/apache/hadoop/hadoop-ozone-ozone-manager/0.5.0-SNAPSHOT/hadoop-ozone-ozone-manager-0.5.0-SNAPSHOT-tests.jar:/home/user/.m2/repository/junit/junit/4.11/junit-4.11.jar:/home/user/.m2/repository/org/hamcrest/hamcrest-core/1.3/hamcrest-core-1.3.jar:/home/user/.m2/repository/org/openjdk/jmh/jmh-core/1.19/jmh-core-1.19.jar:/home/user/.m2/repository/net/sf/jopt-simple/jopt-simple/4.6/jopt-simple-4.6.jar:/home/user/.m2/repository/org/apache/commons/commons-math3/3.1.1/commons-math3-3.1.1.jar:/home/user/.m2/repository/org/openjdk/jmh/jmh-generator-annprocess/1.19/jmh-generator-annprocess-1.19.jar:/home/user/.m2/repository/org/mockito/mockito-all/1.8.5/mockito-all-1.8.5.jar:/home/user/.m2/repository/org/apache/hadoop/hadoop-kms/3.2.0/hadoop-kms-3.2.0.jar:/home/user/.m2/repository/org/apache/hadoop/hadoop-auth/3.2.0/hadoop-auth-3.2.0.jar:/home/user/.m2/repository/com/nimbusds/nimbus-jose-jwt/4.41.1/nimbus-jose-jwt-4.41.1.jar:/home/user/.m2/repository/com/github/stephenc/jcip/jcip-annotations/1.0-1/jcip-annotations-1.0-1.jar:/home/user/.m2/repository/net/minidev/json-smart/2.3/json-smart-2.3.jar:/home/user/.m2/repository/net/minidev/accessors-smart/1.2/accessors-smart-1.2.jar:/home/user/.m2/repository/org/ow2/asm/asm/5.0.4/asm-5.0.4.jar:/home/user/.m2/repository/org/apache/curator/curator-framework/2.12.0/curator-framework-2.12.0.jar:/home/user/.m2/repository/com/sun/jersey/jersey-core/1.19/jersey-core-1.19.jar:/home/user/.m2/repository/javax/ws/rs/jsr311-api/1.1.1/jsr311-api-1.1.1.jar:/home/user/.m2/repository/com/sun/jersey/jersey-server/1.19/jersey-server-1.19.jar:/home/user/.m2/repository/javax/servlet/javax.servlet-api/3.1.0/javax.servlet-api-3.1.0.jar:/home/user/.m2/repository/org/eclipse/jetty/jetty-server/9.3.24.v20180605/jetty-server-9.3.24.v20180605.jar:/home/user/.m2/repository/org/eclipse/jetty/jetty-http/9.3.24.v20180605/jetty-http-9.3.24.v20180605.jar:/home/user/.m2/repository/org/eclipse/jetty/jetty-io/9.3.24.v20180605/jetty-io-9.3.24.v20180605.jar:/home/user/.m2/repository/org/eclipse/jetty/jetty-webapp/9.3.24.v20180605/jetty-webapp-9.3.24.v20180605.jar:/home/user/.m2/repository/org/eclipse/jetty/jetty-xml/9.3.24.v20180605/jetty-xml-9.3.24.v20180605.jar:/home/user/.m2/repository/log4j/log4j/1.2.17/log4j-1.2.17.jar:/home/user/.m2/repository/org/slf4j/slf4j-api/1.7.25/slf4j-api-1.7.25.jar:/home/user/.m2/repository/org/slf4j/jul-to-slf4j/1.7.25/jul-to-slf4j-1.7.25.jar:/home/user/.m2/repository/org/eclipse/jetty/jetty-util/9.3.24.v20180605/jetty-util-9.3.24.v20180605.jar:/home/user/.m2/repository/com/fasterxml/jackson/core/jackson-databind/2.9.5/jackson-databind-2.9.5.jar:/home/user/.m2/repository/org/apache/hadoop/hadoop-kms/3.2.0/hadoop-kms-3.2.0-tests.jar:/home/user/.m2/repository/org/apache/hadoop/hadoop-hdds-server-scm/0.5.0-SNAPSHOT/hadoop-hdds-server-scm-0.5.0-SNAPSHOT-tests.jar:/home/user/.m2/repository/org/apache/hadoop/hadoop-hdds-container-service/0.5.0-SNAPSHOT/hadoop-hdds-container-service-0.5.0-SNAPSHOT-tests.jar:/home/user/.m2/repository/org/yaml/snakeyaml/1.16/snakeyaml-1.16.jar:/home/user/.m2/repository/org/apache/hadoop/hadoop-common/3.2.0/hadoop-common-3.2.0-tests.jar:/home/user/.m2/repository/org/apache/hadoop/hadoop-annotations/3.2.0/hadoop-annotations-3.2.0.jar:/usr/lib/jvm/java-1.8-openjdk/jre/../lib/tools.jar:/home/user/.m2/repository/commons-cli/commons-cli/1.2/commons-cli-1.2.jar:/home/user/.m2/repository/org/apache/httpcomponents/httpclient/4.5.2/httpclient-4.5.2.jar:/home/user/.m2/repository/org/apache/httpcomponents/httpcore/4.4.4/httpcore-4.4.4.jar:/home/user/.m2/repository/commons-codec/commons-codec/1.11/commons-codec-1.11.jar:/home/user/.m2/repository/commons-net/commons-net/3.6/commons-net-3.6.jar:/home/user/.m2/repository/commons-collections/commons-collections/3.2.2/commons-collections-3.2.2.jar:/home/user/.m2/repository/org/eclipse/jetty/jetty-servlet/9.3.24.v20180605/jetty-servlet-9.3.24.v20180605.jar:/home/user/.m2/repository/org/eclipse/jetty/jetty-security/9.3.24.v20180605/jetty-security-9.3.24.v20180605.jar:/home/user/.m2/repository/javax/servlet/jsp/jsp-api/2.1/jsp-api-2.1.jar:/home/user/.m2/repository/com/sun/jersey/jersey-servlet/1.19/jersey-servlet-1.19.jar:/home/user/.m2/repository/com/sun/jersey/jersey-json/1.19/jersey-json-1.19.jar:/home/user/.m2/repository/org/codehaus/jettison/jettison/1.1/jettison-1.1.jar:/home/user/.m2/repository/org/codehaus/jackson/jackson-core-asl/1.9.13/jackson-core-asl-1.9.13.jar:/home/user/.m2/repository/org/codehaus/jackson/jackson-mapper-asl/1.9.13/jackson-mapper-asl-1.9.13.jar:/home/user/.m2/repository/org/codehaus/jackson/jackson-jaxrs/1.9.13/jackson-jaxrs-1.9.13.jar:/home/user/.m2/repository/org/codehaus/jackson/jackson-xc/1.9.13/jackson-xc-1.9.13.jar:/home/user/.m2/repository/commons-logging/commons-logging/1.1.3/commons-logging-1.1.3.jar:/home/user/.m2/repository/commons-beanutils/commons-beanutils/1.9.3/commons-beanutils-1.9.3.jar:/home/user/.m2/repository/org/apache/commons/commons-configuration2/2.1.1/commons-configuration2-2.1.1.jar:/home/user/.m2/repository/org/apache/commons/commons-lang3/3.7/commons-lang3-3.7.jar:/home/user/.m2/repository/org/apache/commons/commons-text/1.4/commons-text-1.4.jar:/home/user/.m2/repository/org/apache/avro/avro/1.7.7/avro-1.7.7.jar:/home/user/.m2/repository/com/thoughtworks/paranamer/paranamer/2.3/paranamer-2.3.jar:/home/user/.m2/repository/org/xerial/snappy/snappy-java/1.0.5/snappy-java-1.0.5.jar:/home/user/.m2/repository/com/google/re2j/re2j/1.1/re2j-1.1.jar:/home/user/.m2/repository/com/google/code/gson/gson/2.2.4/gson-2.2.4.jar:/home/user/.m2/repository/com/jcraft/jsch/0.1.54/jsch-0.1.54.jar:/home/user/.m2/repository/org/apache/curator/curator-client/2.12.0/curator-client-2.12.0.jar:/home/user/.m2/repository/org/apache/curator/curator-recipes/2.12.0/curator-recipes-2.12.0.jar:/home/user/.m2/repository/com/google/code/findbugs/jsr305/3.0.0/jsr305-3.0.0.jar:/home/user/.m2/repository/org/apache/htrace/htrace-core4/4.1.0-incubating/htrace-core4-4.1.0-incubating.jar:/home/user/.m2/repository/org/apache/zookeeper/zookeeper/3.4.13/zookeeper-3.4.13.jar:/home/user/.m2/repository/org/apache/yetus/audience-annotations/0.5.0/audience-annotations-0.5.0.jar:/home/user/.m2/repository/org/codehaus/woodstox/stax2-api/3.1.4/stax2-api-3.1.4.jar:/home/user/.m2/repository/com/fasterxml/woodstox/woodstox-core/5.0.3/woodstox-core-5.0.3.jar:/home/user/.m2/repository/dnsjava/dnsjava/2.1.7/dnsjava-2.1.7.jar:/home/user/.m2/repository/org/apache/hadoop/hadoop-hdfs/3.2.0/hadoop-hdfs-3.2.0-tests.jar:/home/user/.m2/repository/org/eclipse/jetty/jetty-util-ajax/9.3.24.v20180605/jetty-util-ajax-9.3.24.v20180605.jar:/home/user/.m2/repository/commons-daemon/commons-daemon/1.0.13/commons-daemon-1.0.13.jar:/home/user/.m2/repository/io/netty/netty/3.10.5.Final/netty-3.10.5.Final.jar:/home/user/.m2/repository/io/netty/netty-all/4.0.52.Final/netty-all-4.0.52.Final.jar:/home/user/.m2/repository/org/fusesource/leveldbjni/leveldbjni-all/1.8/leveldbjni-all-1.8.jar:"/>
    <property name="java.vm.vendor" value="IcedTea"/>
    <property name="sun.arch.data.model" value="64"/>
    <property name="test.build.dir" value="/workdir/hadoop-ozone/integration-test/target/test-dir"/>
    <property name="test.cache.data" value=""/>
    <property name="java.vendor.url" value="https://icedtea.classpath.org"/>
    <property name="user.timezone" value=""/>
    <property name="java.vm.specification.version" value="1.8"/>
    <property name="os.name" value="Linux"/>
    <property name="test.build.data" value="/workdir/hadoop-ozone/integration-test/target/test-dir"/>
    <property name="user.country" value="US"/>
    <property name="sun.java.launcher" value="SUN_STANDARD"/>
    <property name="sun.boot.library.path" value="/usr/lib/jvm/java-1.8-openjdk/jre/lib/amd64"/>
    <property name="sun.java.command" value="/workdir/hadoop-ozone/integration-test/target/surefire/surefirebooter5435040892711159158.jar /workdir/hadoop-ozone/integration-test/target/surefire 2019-09-06T20-42-56_619-jvmRun1 surefire5331645056028032490tmp surefire_208379306033283595691tmp"/>
    <property name="test" value="!TestMiniChaosOzoneCluster"/>
    <property name="surefire.test.class.path" value="/workdir/hadoop-ozone/integration-test/target/test-classes:/workdir/hadoop-ozone/integration-test/target/classes:/home/user/.m2/repository/org/apache/hadoop/hadoop-ozone-common/0.5.0-SNAPSHOT/hadoop-ozone-common-0.5.0-SNAPSHOT.jar:/home/user/.m2/repository/org/apache/commons/commons-compress/1.4.1/commons-compress-1.4.1.jar:/home/user/.m2/repository/org/tukaani/xz/1.0/xz-1.0.jar:/home/user/.m2/repository/org/apache/hadoop/hadoop-common/3.2.0/hadoop-common-3.2.0.jar:/home/user/.m2/repository/org/apache/hadoop/hadoop-hdfs/3.2.0/hadoop-hdfs-3.2.0.jar:/home/user/.m2/repository/org/apache/hadoop/hadoop-hdfs-client/3.2.0/hadoop-hdfs-client-3.2.0.jar:/home/user/.m2/repository/com/fasterxml/jackson/core/jackson-annotations/2.9.5/jackson-annotations-2.9.5.jar:/home/user/.m2/repository/org/apache/hadoop/hadoop-hdds-common/0.5.0-SNAPSHOT/hadoop-hdds-common-0.5.0-SNAPSHOT.jar:/home/user/.m2/repository/javax/annotation/javax.annotation-api/1.2/javax.annotation-api-1.2.jar:/home/user/.m2/repository/org/apache/ratis/ratis-server/0.4.0-2337318-SNAPSHOT/ratis-server-0.4.0-2337318-SNAPSHOT.jar:/home/user/.m2/repository/org/apache/ratis/ratis-thirdparty-misc/0.2.0/ratis-thirdparty-misc-0.2.0.jar:/home/user/.m2/repository/org/apache/ratis/ratis-proto/0.4.0-2337318-SNAPSHOT/ratis-proto-0.4.0-2337318-SNAPSHOT.jar:/home/user/.m2/repository/org/apache/ratis/ratis-common/0.4.0-2337318-SNAPSHOT/ratis-common-0.4.0-2337318-SNAPSHOT.jar:/home/user/.m2/repository/org/apache/ratis/ratis-client/0.4.0-2337318-SNAPSHOT/ratis-client-0.4.0-2337318-SNAPSHOT.jar:/home/user/.m2/repository/org/apache/ratis/ratis-metrics/0.4.0-2337318-SNAPSHOT/ratis-metrics-0.4.0-2337318-SNAPSHOT.jar:/home/user/.m2/repository/org/apache/ratis/ratis-netty/0.4.0-2337318-SNAPSHOT/ratis-netty-0.4.0-2337318-SNAPSHOT.jar:/home/user/.m2/repository/org/apache/ratis/ratis-grpc/0.4.0-2337318-SNAPSHOT/ratis-grpc-0.4.0-2337318-SNAPSHOT.jar:/home/user/.m2/repository/org/rocksdb/rocksdbjni/6.0.1/rocksdbjni-6.0.1.jar:/home/user/.m2/repository/org/apache/logging/log4j/log4j-api/2.11.0/log4j-api-2.11.0.jar:/home/user/.m2/repository/org/apache/logging/log4j/log4j-core/2.11.0/log4j-core-2.11.0.jar:/home/user/.m2/repository/com/lmax/disruptor/3.4.2/disruptor-3.4.2.jar:/home/user/.m2/repository/org/apache/commons/commons-pool2/2.6.0/commons-pool2-2.6.0.jar:/home/user/.m2/repository/org/bouncycastle/bcpkix-jdk15on/1.60/bcpkix-jdk15on-1.60.jar:/home/user/.m2/repository/commons-validator/commons-validator/1.6/commons-validator-1.6.jar:/home/user/.m2/repository/commons-digester/commons-digester/1.8.1/commons-digester-1.8.1.jar:/home/user/.m2/repository/io/jaegertracing/jaeger-client/0.33.1/jaeger-client-0.33.1.jar:/home/user/.m2/repository/io/jaegertracing/jaeger-thrift/0.33.1/jaeger-thrift-0.33.1.jar:/home/user/.m2/repository/org/apache/thrift/libthrift/0.11.0/libthrift-0.11.0.jar:/home/user/.m2/repository/com/squareup/okhttp3/okhttp/3.9.0/okhttp-3.9.0.jar:/home/user/.m2/repository/com/squareup/okio/okio/1.13.0/okio-1.13.0.jar:/home/user/.m2/repository/io/jaegertracing/jaeger-core/0.33.1/jaeger-core-0.33.1.jar:/home/user/.m2/repository/io/jaegertracing/jaeger-tracerresolver/0.33.1/jaeger-tracerresolver-0.33.1.jar:/home/user/.m2/repository/io/opentracing/contrib/opentracing-tracerresolver/0.1.5/opentracing-tracerresolver-0.1.5.jar:/home/user/.m2/repository/io/opentracing/opentracing-util/0.31.0/opentracing-util-0.31.0.jar:/home/user/.m2/repository/io/opentracing/opentracing-api/0.31.0/opentracing-api-0.31.0.jar:/home/user/.m2/repository/io/opentracing/opentracing-noop/0.31.0/opentracing-noop-0.31.0.jar:/home/user/.m2/repository/org/apache/hadoop/hadoop-hdds-server-framework/0.5.0-SNAPSHOT/hadoop-hdds-server-framework-0.5.0-SNAPSHOT.jar:/home/user/.m2/repository/org/apache/hadoop/hadoop-hdds-container-service/0.5.0-SNAPSHOT/hadoop-hdds-container-service-0.5.0-SNAPSHOT.jar:/home/user/.m2/repository/org/apache/hadoop/hadoop-hdds-client/0.5.0-SNAPSHOT/hadoop-hdds-client-0.5.0-SNAPSHOT.jar:/home/user/.m2/repository/org/apache/hadoop/hadoop-hdds-tools/0.5.0-SNAPSHOT/hadoop-hdds-tools-0.5.0-SNAPSHOT.jar:/home/user/.m2/repository/org/apache/hadoop/hadoop-hdds-server-scm/0.5.0-SNAPSHOT/hadoop-hdds-server-scm-0.5.0-SNAPSHOT.jar:/home/user/.m2/repository/org/apache/hadoop/hadoop-hdds-docs/0.5.0-SNAPSHOT/hadoop-hdds-docs-0.5.0-SNAPSHOT.jar:/home/user/.m2/repository/io/dropwizard/metrics/metrics-core/3.2.4/metrics-core-3.2.4.jar:/home/user/.m2/repository/org/hamcrest/hamcrest-all/1.3/hamcrest-all-1.3.jar:/home/user/.m2/repository/org/bouncycastle/bcprov-jdk15on/1.60/bcprov-jdk15on-1.60.jar:/home/user/.m2/repository/info/picocli/picocli/3.9.6/picocli-3.9.6.jar:/home/user/.m2/repository/com/google/protobuf/protobuf-java/2.5.0/protobuf-java-2.5.0.jar:/home/user/.m2/repository/com/google/guava/guava/11.0.2/guava-11.0.2.jar:/home/user/.m2/repository/org/apache/hadoop/hadoop-ozone-ozone-manager/0.5.0-SNAPSHOT/hadoop-ozone-ozone-manager-0.5.0-SNAPSHOT.jar:/home/user/.m2/repository/org/apache/hadoop/hadoop-minikdc/3.2.0/hadoop-minikdc-3.2.0.jar:/home/user/.m2/repository/commons-io/commons-io/2.5/commons-io-2.5.jar:/home/user/.m2/repository/org/apache/kerby/kerb-simplekdc/1.0.1/kerb-simplekdc-1.0.1.jar:/home/user/.m2/repository/org/apache/kerby/kerb-client/1.0.1/kerb-client-1.0.1.jar:/home/user/.m2/repository/org/apache/kerby/kerby-config/1.0.1/kerby-config-1.0.1.jar:/home/user/.m2/repository/org/apache/kerby/kerb-core/1.0.1/kerb-core-1.0.1.jar:/home/user/.m2/repository/org/apache/kerby/kerby-pkix/1.0.1/kerby-pkix-1.0.1.jar:/home/user/.m2/repository/org/apache/kerby/kerby-asn1/1.0.1/kerby-asn1-1.0.1.jar:/home/user/.m2/repository/org/apache/kerby/kerby-util/1.0.1/kerby-util-1.0.1.jar:/home/user/.m2/repository/org/apache/kerby/kerb-common/1.0.1/kerb-common-1.0.1.jar:/home/user/.m2/repository/org/apache/kerby/kerb-crypto/1.0.1/kerb-crypto-1.0.1.jar:/home/user/.m2/repository/org/apache/kerby/kerb-util/1.0.1/kerb-util-1.0.1.jar:/home/user/.m2/repository/org/apache/kerby/token-provider/1.0.1/token-provider-1.0.1.jar:/home/user/.m2/repository/org/apache/kerby/kerb-admin/1.0.1/kerb-admin-1.0.1.jar:/home/user/.m2/repository/org/apache/kerby/kerb-server/1.0.1/kerb-server-1.0.1.jar:/home/user/.m2/repository/org/apache/kerby/kerb-identity/1.0.1/kerb-identity-1.0.1.jar:/home/user/.m2/repository/org/apache/kerby/kerby-xdr/1.0.1/kerby-xdr-1.0.1.jar:/home/user/.m2/repository/org/slf4j/slf4j-log4j12/1.7.25/slf4j-log4j12-1.7.25.jar:/home/user/.m2/repository/org/apache/hadoop/hadoop-ozone-s3gateway/0.5.0-SNAPSHOT/hadoop-ozone-s3gateway-0.5.0-SNAPSHOT.jar:/home/user/.m2/repository/org/jboss/weld/servlet/weld-servlet/2.4.7.Final/weld-servlet-2.4.7.Final.jar:/home/user/.m2/repository/org/glassfish/jersey/containers/jersey-container-servlet-core/2.27/jersey-container-servlet-core-2.27.jar:/home/user/.m2/repository/org/glassfish/hk2/external/javax.inject/2.5.0-b42/javax.inject-2.5.0-b42.jar:/home/user/.m2/repository/org/glassfish/jersey/core/jersey-common/2.27/jersey-common-2.27.jar:/home/user/.m2/repository/org/glassfish/hk2/osgi-resource-locator/1.0.1/osgi-resource-locator-1.0.1.jar:/home/user/.m2/repository/javax/ws/rs/javax.ws.rs-api/2.1/javax.ws.rs-api-2.1.jar:/home/user/.m2/repository/org/glassfish/jersey/ext/cdi/jersey-cdi1x/2.27/jersey-cdi1x-2.27.jar:/home/user/.m2/repository/org/glassfish/jersey/inject/jersey-hk2/2.27/jersey-hk2-2.27.jar:/home/user/.m2/repository/org/glassfish/hk2/hk2-locator/2.5.0-b42/hk2-locator-2.5.0-b42.jar:/home/user/.m2/repository/org/javassist/javassist/3.22.0-CR2/javassist-3.22.0-CR2.jar:/home/user/.m2/repository/org/glassfish/hk2/hk2-api/2.5.0/hk2-api-2.5.0.jar:/home/user/.m2/repository/org/glassfish/hk2/external/jakarta.inject/2.5.0/jakarta.inject-2.5.0.jar:/home/user/.m2/repository/org/glassfish/hk2/hk2-utils/2.5.0/hk2-utils-2.5.0.jar:/home/user/.m2/repository/jakarta/annotation/jakarta.annotation-api/1.3.4/jakarta.annotation-api-1.3.4.jar:/home/user/.m2/repository/org/glassfish/hk2/external/aopalliance-repackaged/2.5.0/aopalliance-repackaged-2.5.0.jar:/home/user/.m2/repository/com/fasterxml/jackson/dataformat/jackson-dataformat-xml/2.9.0/jackson-dataformat-xml-2.9.0.jar:/home/user/.m2/repository/com/fasterxml/jackson/core/jackson-core/2.9.5/jackson-core-2.9.5.jar:/home/user/.m2/repository/com/fasterxml/jackson/module/jackson-module-jaxb-annotations/2.9.5/jackson-module-jaxb-annotations-2.9.5.jar:/home/user/.m2/repository/javax/enterprise/cdi-api/1.2/cdi-api-1.2.jar:/home/user/.m2/repository/javax/el/javax.el-api/3.0.0/javax.el-api-3.0.0.jar:/home/user/.m2/repository/javax/interceptor/javax.interceptor-api/1.2/javax.interceptor-api-1.2.jar:/home/user/.m2/repository/javax/inject/javax.inject/1/javax.inject-1.jar:/home/user/.m2/repository/com/sun/xml/bind/jaxb-impl/2.3.0.1/jaxb-impl-2.3.0.1.jar:/home/user/.m2/repository/com/sun/xml/bind/jaxb-core/2.3.0.1/jaxb-core-2.3.0.1.jar:/home/user/.m2/repository/javax/xml/bind/jaxb-api/2.3.0/jaxb-api-2.3.0.jar:/home/user/.m2/repository/javax/activation/activation/1.1.1/activation-1.1.1.jar:/home/user/.m2/repository/org/apache/hadoop/hadoop-ozone-csi/0.5.0-SNAPSHOT/hadoop-ozone-csi-0.5.0-SNAPSHOT.jar:/home/user/.m2/repository/com/google/protobuf/protobuf-java-util/3.5.1/protobuf-java-util-3.5.1.jar:/home/user/.m2/repository/org/apache/hadoop/hadoop-hdds-config/0.5.0-SNAPSHOT/hadoop-hdds-config-0.5.0-SNAPSHOT.jar:/home/user/.m2/repository/io/grpc/grpc-netty/1.17.1/grpc-netty-1.17.1.jar:/home/user/.m2/repository/io/grpc/grpc-core/1.17.1/grpc-core-1.17.1.jar:/home/user/.m2/repository/io/grpc/grpc-context/1.17.1/grpc-context-1.17.1.jar:/home/user/.m2/repository/com/google/errorprone/error_prone_annotations/2.2.0/error_prone_annotations-2.2.0.jar:/home/user/.m2/repository/org/codehaus/mojo/animal-sniffer-annotations/1.17/animal-sniffer-annotations-1.17.jar:/home/user/.m2/repository/io/opencensus/opencensus-api/0.17.0/opencensus-api-0.17.0.jar:/home/user/.m2/repository/io/opencensus/opencensus-contrib-grpc-metrics/0.17.0/opencensus-contrib-grpc-metrics-0.17.0.jar:/home/user/.m2/repository/io/netty/netty-codec-http2/4.1.30.Final/netty-codec-http2-4.1.30.Final.jar:/home/user/.m2/repository/io/netty/netty-codec-http/4.1.30.Final/netty-codec-http-4.1.30.Final.jar:/home/user/.m2/repository/io/netty/netty-codec/4.1.30.Final/netty-codec-4.1.30.Final.jar:/home/user/.m2/repository/io/netty/netty-handler/4.1.30.Final/netty-handler-4.1.30.Final.jar:/home/user/.m2/repository/io/netty/netty-handler-proxy/4.1.30.Final/netty-handler-proxy-4.1.30.Final.jar:/home/user/.m2/repository/io/netty/netty-codec-socks/4.1.30.Final/netty-codec-socks-4.1.30.Final.jar:/home/user/.m2/repository/io/netty/netty-transport-native-epoll/4.1.30.Final/netty-transport-native-epoll-4.1.30.Final.jar:/home/user/.m2/repository/io/netty/netty-common/4.1.30.Final/netty-common-4.1.30.Final.jar:/home/user/.m2/repository/io/netty/netty-buffer/4.1.30.Final/netty-buffer-4.1.30.Final.jar:/home/user/.m2/repository/io/netty/netty-transport/4.1.30.Final/netty-transport-4.1.30.Final.jar:/home/user/.m2/repository/io/netty/netty-resolver/4.1.30.Final/netty-resolver-4.1.30.Final.jar:/home/user/.m2/repository/io/netty/netty-transport-native-unix-common/4.1.30.Final/netty-transport-native-unix-common-4.1.30.Final.jar:/home/user/.m2/repository/io/grpc/grpc-protobuf/1.17.1/grpc-protobuf-1.17.1.jar:/home/user/.m2/repository/com/google/api/grpc/proto-google-common-protos/1.0.0/proto-google-common-protos-1.0.0.jar:/home/user/.m2/repository/io/grpc/grpc-protobuf-lite/1.17.1/grpc-protobuf-lite-1.17.1.jar:/home/user/.m2/repository/io/grpc/grpc-stub/1.17.1/grpc-stub-1.17.1.jar:/home/user/.m2/repository/org/apache/hadoop/hadoop-ozone-recon/0.5.0-SNAPSHOT/hadoop-ozone-recon-0.5.0-SNAPSHOT.jar:/home/user/.m2/repository/org/apache/hadoop/hadoop-ozone-reconcodegen/0.5.0-SNAPSHOT/hadoop-ozone-reconcodegen-0.5.0-SNAPSHOT.jar:/home/user/.m2/repository/com/google/inject/extensions/guice-multibindings/4.0/guice-multibindings-4.0.jar:/home/user/.m2/repository/com/google/inject/guice/4.0/guice-4.0.jar:/home/user/.m2/repository/aopalliance/aopalliance/1.0/aopalliance-1.0.jar:/home/user/.m2/repository/com/google/inject/extensions/guice-servlet/4.0/guice-servlet-4.0.jar:/home/user/.m2/repository/org/glassfish/jersey/containers/jersey-container-servlet/2.27/jersey-container-servlet-2.27.jar:/home/user/.m2/repository/org/glassfish/hk2/guice-bridge/2.5.0/guice-bridge-2.5.0.jar:/home/user/.m2/repository/org/glassfish/jersey/core/jersey-server/2.27/jersey-server-2.27.jar:/home/user/.m2/repository/org/glassfish/jersey/core/jersey-client/2.27/jersey-client-2.27.jar:/home/user/.m2/repository/org/glassfish/jersey/media/jersey-media-jaxb/2.27/jersey-media-jaxb-2.27.jar:/home/user/.m2/repository/javax/validation/validation-api/1.1.0.Final/validation-api-1.1.0.Final.jar:/home/user/.m2/repository/org/glassfish/jersey/media/jersey-media-json-jackson/2.27/jersey-media-json-jackson-2.27.jar:/home/user/.m2/repository/org/glassfish/jersey/ext/jersey-entity-filtering/2.27/jersey-entity-filtering-2.27.jar:/home/user/.m2/repository/com/google/inject/extensions/guice-assistedinject/4.0/guice-assistedinject-4.0.jar:/home/user/.m2/repository/org/jooq/jooq/3.11.10/jooq-3.11.10.jar:/home/user/.m2/repository/org/jooq/jooq-meta/3.11.10/jooq-meta-3.11.10.jar:/home/user/.m2/repository/org/jooq/jooq-codegen/3.11.10/jooq-codegen-3.11.10.jar:/home/user/.m2/repository/com/jolbox/bonecp/0.8.0.RELEASE/bonecp-0.8.0.RELEASE.jar:/home/user/.m2/repository/org/xerial/sqlite-jdbc/3.25.2/sqlite-jdbc-3.25.2.jar:/home/user/.m2/repository/org/springframework/spring-jdbc/5.1.3.RELEASE/spring-jdbc-5.1.3.RELEASE.jar:/home/user/.m2/repository/org/springframework/spring-beans/5.1.3.RELEASE/spring-beans-5.1.3.RELEASE.jar:/home/user/.m2/repository/org/springframework/spring-core/5.1.3.RELEASE/spring-core-5.1.3.RELEASE.jar:/home/user/.m2/repository/org/springframework/spring-jcl/5.1.3.RELEASE/spring-jcl-5.1.3.RELEASE.jar:/home/user/.m2/repository/org/springframework/spring-tx/5.1.3.RELEASE/spring-tx-5.1.3.RELEASE.jar:/home/user/.m2/repository/org/apache/hadoop/hadoop-ozone-client/0.5.0-SNAPSHOT/hadoop-ozone-client-0.5.0-SNAPSHOT.jar:/home/user/.m2/repository/commons-lang/commons-lang/2.6/commons-lang-2.6.jar:/home/user/.m2/repository/org/apache/hadoop/hadoop-ozone-ozone-manager/0.5.0-SNAPSHOT/hadoop-ozone-ozone-manager-0.5.0-SNAPSHOT-tests.jar:/home/user/.m2/repository/junit/junit/4.11/junit-4.11.jar:/home/user/.m2/repository/org/hamcrest/hamcrest-core/1.3/hamcrest-core-1.3.jar:/home/user/.m2/repository/org/openjdk/jmh/jmh-core/1.19/jmh-core-1.19.jar:/home/user/.m2/repository/net/sf/jopt-simple/jopt-simple/4.6/jopt-simple-4.6.jar:/home/user/.m2/repository/org/apache/commons/commons-math3/3.1.1/commons-math3-3.1.1.jar:/home/user/.m2/repository/org/openjdk/jmh/jmh-generator-annprocess/1.19/jmh-generator-annprocess-1.19.jar:/home/user/.m2/repository/org/mockito/mockito-all/1.8.5/mockito-all-1.8.5.jar:/home/user/.m2/repository/org/apache/hadoop/hadoop-kms/3.2.0/hadoop-kms-3.2.0.jar:/home/user/.m2/repository/org/apache/hadoop/hadoop-auth/3.2.0/hadoop-auth-3.2.0.jar:/home/user/.m2/repository/com/nimbusds/nimbus-jose-jwt/4.41.1/nimbus-jose-jwt-4.41.1.jar:/home/user/.m2/repository/com/github/stephenc/jcip/jcip-annotations/1.0-1/jcip-annotations-1.0-1.jar:/home/user/.m2/repository/net/minidev/json-smart/2.3/json-smart-2.3.jar:/home/user/.m2/repository/net/minidev/accessors-smart/1.2/accessors-smart-1.2.jar:/home/user/.m2/repository/org/ow2/asm/asm/5.0.4/asm-5.0.4.jar:/home/user/.m2/repository/org/apache/curator/curator-framework/2.12.0/curator-framework-2.12.0.jar:/home/user/.m2/repository/com/sun/jersey/jersey-core/1.19/jersey-core-1.19.jar:/home/user/.m2/repository/javax/ws/rs/jsr311-api/1.1.1/jsr311-api-1.1.1.jar:/home/user/.m2/repository/com/sun/jersey/jersey-server/1.19/jersey-server-1.19.jar:/home/user/.m2/repository/javax/servlet/javax.servlet-api/3.1.0/javax.servlet-api-3.1.0.jar:/home/user/.m2/repository/org/eclipse/jetty/jetty-server/9.3.24.v20180605/jetty-server-9.3.24.v20180605.jar:/home/user/.m2/repository/org/eclipse/jetty/jetty-http/9.3.24.v20180605/jetty-http-9.3.24.v20180605.jar:/home/user/.m2/repository/org/eclipse/jetty/jetty-io/9.3.24.v20180605/jetty-io-9.3.24.v20180605.jar:/home/user/.m2/repository/org/eclipse/jetty/jetty-webapp/9.3.24.v20180605/jetty-webapp-9.3.24.v20180605.jar:/home/user/.m2/repository/org/eclipse/jetty/jetty-xml/9.3.24.v20180605/jetty-xml-9.3.24.v20180605.jar:/home/user/.m2/repository/log4j/log4j/1.2.17/log4j-1.2.17.jar:/home/user/.m2/repository/org/slf4j/slf4j-api/1.7.25/slf4j-api-1.7.25.jar:/home/user/.m2/repository/org/slf4j/jul-to-slf4j/1.7.25/jul-to-slf4j-1.7.25.jar:/home/user/.m2/repository/org/eclipse/jetty/jetty-util/9.3.24.v20180605/jetty-util-9.3.24.v20180605.jar:/home/user/.m2/repository/com/fasterxml/jackson/core/jackson-databind/2.9.5/jackson-databind-2.9.5.jar:/home/user/.m2/repository/org/apache/hadoop/hadoop-kms/3.2.0/hadoop-kms-3.2.0-tests.jar:/home/user/.m2/repository/org/apache/hadoop/hadoop-hdds-server-scm/0.5.0-SNAPSHOT/hadoop-hdds-server-scm-0.5.0-SNAPSHOT-tests.jar:/home/user/.m2/repository/org/apache/hadoop/hadoop-hdds-container-service/0.5.0-SNAPSHOT/hadoop-hdds-container-service-0.5.0-SNAPSHOT-tests.jar:/home/user/.m2/repository/org/yaml/snakeyaml/1.16/snakeyaml-1.16.jar:/home/user/.m2/repository/org/apache/hadoop/hadoop-common/3.2.0/hadoop-common-3.2.0-tests.jar:/home/user/.m2/repository/org/apache/hadoop/hadoop-annotations/3.2.0/hadoop-annotations-3.2.0.jar:/usr/lib/jvm/java-1.8-openjdk/jre/../lib/tools.jar:/home/user/.m2/repository/commons-cli/commons-cli/1.2/commons-cli-1.2.jar:/home/user/.m2/repository/org/apache/httpcomponents/httpclient/4.5.2/httpclient-4.5.2.jar:/home/user/.m2/repository/org/apache/httpcomponents/httpcore/4.4.4/httpcore-4.4.4.jar:/home/user/.m2/repository/commons-codec/commons-codec/1.11/commons-codec-1.11.jar:/home/user/.m2/repository/commons-net/commons-net/3.6/commons-net-3.6.jar:/home/user/.m2/repository/commons-collections/commons-collections/3.2.2/commons-collections-3.2.2.jar:/home/user/.m2/repository/org/eclipse/jetty/jetty-servlet/9.3.24.v20180605/jetty-servlet-9.3.24.v20180605.jar:/home/user/.m2/repository/org/eclipse/jetty/jetty-security/9.3.24.v20180605/jetty-security-9.3.24.v20180605.jar:/home/user/.m2/repository/javax/servlet/jsp/jsp-api/2.1/jsp-api-2.1.jar:/home/user/.m2/repository/com/sun/jersey/jersey-servlet/1.19/jersey-servlet-1.19.jar:/home/user/.m2/repository/com/sun/jersey/jersey-json/1.19/jersey-json-1.19.jar:/home/user/.m2/repository/org/codehaus/jettison/jettison/1.1/jettison-1.1.jar:/home/user/.m2/repository/org/codehaus/jackson/jackson-core-asl/1.9.13/jackson-core-asl-1.9.13.jar:/home/user/.m2/repository/org/codehaus/jackson/jackson-mapper-asl/1.9.13/jackson-mapper-asl-1.9.13.jar:/home/user/.m2/repository/org/codehaus/jackson/jackson-jaxrs/1.9.13/jackson-jaxrs-1.9.13.jar:/home/user/.m2/repository/org/codehaus/jackson/jackson-xc/1.9.13/jackson-xc-1.9.13.jar:/home/user/.m2/repository/commons-logging/commons-logging/1.1.3/commons-logging-1.1.3.jar:/home/user/.m2/repository/commons-beanutils/commons-beanutils/1.9.3/commons-beanutils-1.9.3.jar:/home/user/.m2/repository/org/apache/commons/commons-configuration2/2.1.1/commons-configuration2-2.1.1.jar:/home/user/.m2/repository/org/apache/commons/commons-lang3/3.7/commons-lang3-3.7.jar:/home/user/.m2/repository/org/apache/commons/commons-text/1.4/commons-text-1.4.jar:/home/user/.m2/repository/org/apache/avro/avro/1.7.7/avro-1.7.7.jar:/home/user/.m2/repository/com/thoughtworks/paranamer/paranamer/2.3/paranamer-2.3.jar:/home/user/.m2/repository/org/xerial/snappy/snappy-java/1.0.5/snappy-java-1.0.5.jar:/home/user/.m2/repository/com/google/re2j/re2j/1.1/re2j-1.1.jar:/home/user/.m2/repository/com/google/code/gson/gson/2.2.4/gson-2.2.4.jar:/home/user/.m2/repository/com/jcraft/jsch/0.1.54/jsch-0.1.54.jar:/home/user/.m2/repository/org/apache/curator/curator-client/2.12.0/curator-client-2.12.0.jar:/home/user/.m2/repository/org/apache/curator/curator-recipes/2.12.0/curator-recipes-2.12.0.jar:/home/user/.m2/repository/com/google/code/findbugs/jsr305/3.0.0/jsr305-3.0.0.jar:/home/user/.m2/repository/org/apache/htrace/htrace-core4/4.1.0-incubating/htrace-core4-4.1.0-incubating.jar:/home/user/.m2/repository/org/apache/zookeeper/zookeeper/3.4.13/zookeeper-3.4.13.jar:/home/user/.m2/repository/org/apache/yetus/audience-annotations/0.5.0/audience-annotations-0.5.0.jar:/home/user/.m2/repository/org/codehaus/woodstox/stax2-api/3.1.4/stax2-api-3.1.4.jar:/home/user/.m2/repository/com/fasterxml/woodstox/woodstox-core/5.0.3/woodstox-core-5.0.3.jar:/home/user/.m2/repository/dnsjava/dnsjava/2.1.7/dnsjava-2.1.7.jar:/home/user/.m2/repository/org/apache/hadoop/hadoop-hdfs/3.2.0/hadoop-hdfs-3.2.0-tests.jar:/home/user/.m2/repository/org/eclipse/jetty/jetty-util-ajax/9.3.24.v20180605/jetty-util-ajax-9.3.24.v20180605.jar:/home/user/.m2/repository/commons-daemon/commons-daemon/1.0.13/commons-daemon-1.0.13.jar:/home/user/.m2/repository/io/netty/netty/3.10.5.Final/netty-3.10.5.Final.jar:/home/user/.m2/repository/io/netty/netty-all/4.0.52.Final/netty-all-4.0.52.Final.jar:/home/user/.m2/repository/org/fusesource/leveldbjni/leveldbjni-all/1.8/leveldbjni-all-1.8.jar:"/>
    <property name="sun.cpu.endian" value="little"/>
    <property name="user.home" value="/home/user"/>
    <property name="user.language" value="en"/>
    <property name="java.specification.vendor" value="Oracle Corporation"/>
    <property name="java.home" value="/usr/lib/jvm/java-1.8-openjdk/jre"/>
    <property name="java.security.krb5.conf" value="/workdir/hadoop-ozone/integration-test/target/test-classes/krb5.conf"/>
    <property name="basedir" value="/workdir/hadoop-ozone/integration-test"/>
    <property name="file.separator" value="/"/>
    <property name="line.separator" value="&#10;"/>
    <property name="java.vm.specification.vendor" value="Oracle Corporation"/>
    <property name="java.specification.name" value="Java Platform API Specification"/>
    <property name="java.awt.graphicsenv" value="sun.awt.X11GraphicsEnvironment"/>
    <property name="surefire.real.class.path" value="/workdir/hadoop-ozone/integration-test/target/surefire/surefirebooter5435040892711159158.jar"/>
    <property name="hadoop.log.dir" value="/workdir/hadoop-ozone/integration-test/target/log"/>
    <property name="sun.boot.class.path" value="/usr/lib/jvm/java-1.8-openjdk/jre/lib/resources.jar:/usr/lib/jvm/java-1.8-openjdk/jre/lib/rt.jar:/usr/lib/jvm/java-1.8-openjdk/jre/lib/sunrsasign.jar:/usr/lib/jvm/java-1.8-openjdk/jre/lib/jsse.jar:/usr/lib/jvm/java-1.8-openjdk/jre/lib/jce.jar:/usr/lib/jvm/java-1.8-openjdk/jre/lib/charsets.jar:/usr/lib/jvm/java-1.8-openjdk/jre/lib/jfr.jar:/usr/lib/jvm/java-1.8-openjdk/jre/classes"/>
    <property name="sun.management.compiler" value="HotSpot 64-Bit Tiered Compilers"/>
    <property name="java.runtime.version" value="1.8.0_212-b04"/>
    <property name="java.net.preferIPv4Stack" value="true"/>
    <property name="user.name" value="jenkins1000"/>
    <property name="path.separator" value=":"/>
    <property name="java.security.egd" value="file:///dev/urandom"/>
    <property name="os.version" value="3.10.0-957.12.2.el7.x86_64"/>
    <property name="java.endorsed.dirs" value="/usr/lib/jvm/java-1.8-openjdk/jre/lib/endorsed"/>
    <property name="java.runtime.name" value="OpenJDK Runtime Environment"/>
    <property name="file.encoding" value="UTF-8"/>
    <property name="java.vm.name" value="OpenJDK 64-Bit Server VM"/>
    <property name="test.build.webapps" value=""/>
    <property name="localRepository" value="/home/user/.m2/repository"/>
    <property name="java.vendor.url.bug" value="https://icedtea.classpath.org/bugzilla"/>
    <property name="java.io.tmpdir" value="/tmp"/>
    <property name="require.test.libhadoop" value=""/>
    <property name="java.version" value="1.8.0_212"/>
    <property name="user.dir" value="/workdir/hadoop-ozone/integration-test"/>
    <property name="os.arch" value="amd64"/>
    <property name="java.vm.specification.name" value="Java Virtual Machine Specification"/>
    <property name="test.build.classes" value="/workdir/hadoop-ozone/integration-test/target/test-classes"/>
    <property name="java.awt.printerjob" value="sun.print.PSPrinterJob"/>
    <property name="sun.os.patch.level" value="unknown"/>
    <property name="hadoop.tmp.dir" value="/workdir/hadoop-ozone/integration-test/target/tmp"/>
    <property name="java.library.path" value="/usr/lib/jvm/java-1.8-openjdk/jre/lib/amd64/server:/usr/lib/jvm/java-1.8-openjdk/jre/lib/amd64:/usr/lib/jvm/java-1.8-openjdk/jre/../lib/amd64:/workdir/hadoop-ozone/integration-test/target/native/target/usr/local/lib:/workdir/hadoop-ozone/integration-test/../../hadoop-common-project/hadoop-common/target/native/target/usr/local/lib:/usr/java/packages/lib/amd64:/usr/lib64:/lib64:/lib:/usr/lib"/>
    <property name="java.vm.info" value="mixed mode"/>
    <property name="java.vendor" value="IcedTea"/>
    <property name="java.vm.version" value="25.212-b04"/>
    <property name="java.ext.dirs" value="/usr/lib/jvm/java-1.8-openjdk/jre/lib/ext:/usr/java/packages/lib/ext"/>
    <property name="sun.io.unicode.encoding" value="UnicodeLittle"/>
    <property name="java.class.version" value="52.0"/>
  </properties>
  <testcase name="test2DatanodesFailure" classname="org.apache.hadoop.ozone.client.rpc.TestBlockOutputStreamWithFailures" time="44.061"/>
  <testcase name="testDatanodeFailureWithPreAllocation" classname="org.apache.hadoop.ozone.client.rpc.TestBlockOutputStreamWithFailures" time="226.691"/>
  <testcase name="testDatanodeFailureWithSingleNodeRatis" classname="org.apache.hadoop.ozone.client.rpc.TestBlockOutputStreamWithFailures" time="224.35"/>
  <testcase name="testWatchForCommitWithSingleNodeRatis" classname="org.apache.hadoop.ozone.client.rpc.TestBlockOutputStreamWithFailures" time="35.967"/>
  <testcase name="testWatchForCommitDatanodeFailure" classname="org.apache.hadoop.ozone.client.rpc.TestBlockOutputStreamWithFailures" time="44.968">
    <failure message="expected:&lt;2&gt; but was:&lt;3&gt;" type="java.lang.AssertionError"><![CDATA[java.lang.AssertionError: expected:<2> but was:<3>
	at org.junit.Assert.fail(Assert.java:88)
	at org.junit.Assert.failNotEquals(Assert.java:743)
	at org.junit.Assert.assertEquals(Assert.java:118)
	at org.junit.Assert.assertEquals(Assert.java:555)
	at org.junit.Assert.assertEquals(Assert.java:542)
	at org.apache.hadoop.ozone.client.rpc.TestBlockOutputStreamWithFailures.testWatchForCommitDatanodeFailure(TestBlockOutputStreamWithFailures.java:366)
	at sun.reflect.NativeMethodAccessorImpl.invoke0(Native Method)
	at sun.reflect.NativeMethodAccessorImpl.invoke(NativeMethodAccessorImpl.java:62)
	at sun.reflect.DelegatingMethodAccessorImpl.invoke(DelegatingMethodAccessorImpl.java:43)
	at java.lang.reflect.Method.invoke(Method.java:498)
	at org.junit.runners.model.FrameworkMethod$1.runReflectiveCall(FrameworkMethod.java:47)
	at org.junit.internal.runners.model.ReflectiveCallable.run(ReflectiveCallable.java:12)
	at org.junit.runners.model.FrameworkMethod.invokeExplosively(FrameworkMethod.java:44)
	at org.junit.internal.runners.statements.InvokeMethod.evaluate(InvokeMethod.java:17)
	at org.junit.internal.runners.statements.RunBefores.evaluate(RunBefores.java:26)
	at org.junit.internal.runners.statements.RunAfters.evaluate(RunAfters.java:27)
	at org.junit.runners.ParentRunner.runLeaf(ParentRunner.java:271)
	at org.junit.runners.BlockJUnit4ClassRunner.runChild(BlockJUnit4ClassRunner.java:70)
	at org.junit.runners.BlockJUnit4ClassRunner.runChild(BlockJUnit4ClassRunner.java:50)
	at org.junit.runners.ParentRunner$3.run(ParentRunner.java:238)
	at org.junit.runners.ParentRunner$1.schedule(ParentRunner.java:63)
	at org.junit.runners.ParentRunner.runChildren(ParentRunner.java:236)
	at org.junit.runners.ParentRunner.access$000(ParentRunner.java:53)
	at org.junit.runners.ParentRunner$2.evaluate(ParentRunner.java:229)
	at org.junit.runners.ParentRunner.run(ParentRunner.java:309)
	at org.apache.maven.surefire.junit4.JUnit4Provider.execute(JUnit4Provider.java:365)
	at org.apache.maven.surefire.junit4.JUnit4Provider.executeWithRerun(JUnit4Provider.java:273)
	at org.apache.maven.surefire.junit4.JUnit4Provider.executeTestSet(JUnit4Provider.java:238)
	at org.apache.maven.surefire.junit4.JUnit4Provider.invoke(JUnit4Provider.java:159)
	at org.apache.maven.surefire.booter.ForkedBooter.invokeProviderInSameClassLoader(ForkedBooter.java:384)
	at org.apache.maven.surefire.booter.ForkedBooter.runSuitesInProcess(ForkedBooter.java:345)
	at org.apache.maven.surefire.booter.ForkedBooter.execute(ForkedBooter.java:126)
	at org.apache.maven.surefire.booter.ForkedBooter.main(ForkedBooter.java:418)
]]></failure>
    <system-out><![CDATA[2019-09-06 21:00:11,686 [main] WARN  server.ServerUtils (ServerUtils.java:getScmDbDir(145)) - ozone.scm.db.dirs is not configured. We recommend adding this setting. Falling back to ozone.metadata.dirs instead.
2019-09-06 21:00:11,717 [main] WARN  server.ServerUtils (ServerUtils.java:getScmDbDir(145)) - ozone.scm.db.dirs is not configured. We recommend adding this setting. Falling back to ozone.metadata.dirs instead.
2019-09-06 21:00:11,717 [main] WARN  server.ServerUtils (ServerUtils.java:getScmDbDir(145)) - ozone.scm.db.dirs is not configured. We recommend adding this setting. Falling back to ozone.metadata.dirs instead.
2019-09-06 21:00:11,718 [main] INFO  db.DBStoreBuilder (DBStoreBuilder.java:addTable(110)) - using custom profile for table: deletedBlocks
2019-09-06 21:00:11,718 [main] INFO  db.DBStoreBuilder (DBStoreBuilder.java:processTables(161)) - Using default column profile:DBProfile.DISK for Table:deletedBlocks
2019-09-06 21:00:11,718 [main] INFO  db.DBStoreBuilder (DBStoreBuilder.java:addTable(110)) - using custom profile for table: validCerts
2019-09-06 21:00:11,718 [main] INFO  db.DBStoreBuilder (DBStoreBuilder.java:processTables(161)) - Using default column profile:DBProfile.DISK for Table:validCerts
2019-09-06 21:00:11,719 [main] INFO  db.DBStoreBuilder (DBStoreBuilder.java:addTable(110)) - using custom profile for table: revokedCerts
2019-09-06 21:00:11,719 [main] INFO  db.DBStoreBuilder (DBStoreBuilder.java:processTables(161)) - Using default column profile:DBProfile.DISK for Table:revokedCerts
2019-09-06 21:00:11,719 [main] INFO  db.DBStoreBuilder (DBStoreBuilder.java:addTable(110)) - using custom profile for table: default
2019-09-06 21:00:11,719 [main] INFO  db.DBStoreBuilder (DBStoreBuilder.java:processTables(167)) - Using default column profile:DBProfile.DISK for Table:default
2019-09-06 21:00:11,719 [main] INFO  db.DBStoreBuilder (DBStoreBuilder.java:getDbProfile(198)) - Using default options. DBProfile.DISK
2019-09-06 21:00:11,948 [main] INFO  net.NodeSchemaLoader (NodeSchemaLoader.java:loadSchemaFromFile(125)) - Loading file from sun.misc.CompoundEnumeration@1a14fdf0
2019-09-06 21:00:11,948 [main] INFO  net.NodeSchemaLoader (NodeSchemaLoader.java:loadSchema(171)) - Loading network topology layer schema file
2019-09-06 21:00:11,953 [main] INFO  node.SCMNodeManager (SCMNodeManager.java:<init>(114)) - Entering startup safe mode.
2019-09-06 21:00:11,954 [main] INFO  algorithms.ContainerPlacementPolicyFactory (ContainerPlacementPolicyFactory.java:getPolicy(55)) - Create container placement policy of type org.apache.hadoop.hdds.scm.container.placement.algorithms.SCMContainerPlacementRandom
2019-09-06 21:00:11,954 [main] WARN  server.ServerUtils (ServerUtils.java:getScmDbDir(145)) - ozone.scm.db.dirs is not configured. We recommend adding this setting. Falling back to ozone.metadata.dirs instead.
2019-09-06 21:00:12,044 [main] INFO  pipeline.SCMPipelineManager (SCMPipelineManager.java:initializePipelineState(128)) - No pipeline exists in current db
2019-09-06 21:00:12,044 [main] WARN  server.ServerUtils (ServerUtils.java:getScmDbDir(145)) - ozone.scm.db.dirs is not configured. We recommend adding this setting. Falling back to ozone.metadata.dirs instead.
2019-09-06 21:00:12,118 [main] WARN  events.EventQueue (EventQueue.java:fireEvent(183)) - No event handler registered for event TypedEvent{payloadType=SafeModeStatus, name='SafeModeStatus'}
2019-09-06 21:00:12,119 [main] INFO  ipc.CallQueueManager (CallQueueManager.java:<init>(84)) - Using callQueue: class java.util.concurrent.LinkedBlockingQueue, queueCapacity: 2000, scheduler: class org.apache.hadoop.ipc.DefaultRpcScheduler, ipcBackoff: false.
2019-09-06 21:00:12,120 [Socket Reader #1 for port 39029] INFO  ipc.Server (Server.java:run(1074)) - Starting Socket Reader #1 for port 39029
2019-09-06 21:00:12,122 [main] INFO  ipc.CallQueueManager (CallQueueManager.java:<init>(84)) - Using callQueue: class java.util.concurrent.LinkedBlockingQueue, queueCapacity: 2000, scheduler: class org.apache.hadoop.ipc.DefaultRpcScheduler, ipcBackoff: false.
2019-09-06 21:00:12,123 [Socket Reader #1 for port 35470] INFO  ipc.Server (Server.java:run(1074)) - Starting Socket Reader #1 for port 35470
2019-09-06 21:00:12,124 [main] INFO  ipc.CallQueueManager (CallQueueManager.java:<init>(84)) - Using callQueue: class java.util.concurrent.LinkedBlockingQueue, queueCapacity: 2000, scheduler: class org.apache.hadoop.ipc.DefaultRpcScheduler, ipcBackoff: false.
2019-09-06 21:00:12,125 [Socket Reader #1 for port 37280] INFO  ipc.Server (Server.java:run(1074)) - Starting Socket Reader #1 for port 37280
2019-09-06 21:00:12,128 [main] INFO  hdfs.DFSUtil (DFSUtil.java:httpServerTemplateForNNAndJN(1641)) - Starting Web-server for scm at: http://0.0.0.0:0
2019-09-06 21:00:12,131 [main] INFO  server.AuthenticationFilter (AuthenticationFilter.java:constructSecretProvider(240)) - Unable to initialize FileSignerSecretProvider, falling back to use random secrets.
2019-09-06 21:00:12,132 [main] WARN  http.HttpRequestLog (HttpRequestLog.java:getRequestLog(97)) - Jetty request log can only be enabled using Log4j
2019-09-06 21:00:12,134 [main] INFO  http.HttpServer2 (HttpServer2.java:addGlobalFilter(975)) - Added global filter 'safety' (class=org.apache.hadoop.http.HttpServer2$QuotingInputFilter)
2019-09-06 21:00:12,135 [main] INFO  http.HttpServer2 (HttpServer2.java:addFilter(948)) - Added filter static_user_filter (class=org.apache.hadoop.http.lib.StaticUserWebFilter$StaticUserFilter) to context scm
2019-09-06 21:00:12,135 [main] INFO  http.HttpServer2 (HttpServer2.java:addFilter(958)) - Added filter static_user_filter (class=org.apache.hadoop.http.lib.StaticUserWebFilter$StaticUserFilter) to context logs
2019-09-06 21:00:12,135 [main] INFO  http.HttpServer2 (HttpServer2.java:addFilter(958)) - Added filter static_user_filter (class=org.apache.hadoop.http.lib.StaticUserWebFilter$StaticUserFilter) to context static
2019-09-06 21:00:12,138 [main] INFO  server.StorageContainerManager (StorageContainerManager.java:start(759)) - StorageContainerLocationProtocol RPC server is listening at /0.0.0.0:37280
2019-09-06 21:00:12,140 [main] WARN  impl.MetricsConfig (MetricsConfig.java:loadFirst(134)) - Cannot locate configuration: tried hadoop-metrics2-storagecontainermanager.properties,hadoop-metrics2.properties
2019-09-06 21:00:12,141 [main] INFO  impl.MetricsSystemImpl (MetricsSystemImpl.java:startTimer(374)) - Scheduled Metric snapshot period at 10 second(s).
2019-09-06 21:00:12,141 [main] INFO  impl.MetricsSystemImpl (MetricsSystemImpl.java:start(191)) - StorageContainerManager metrics system started
2019-09-06 21:00:12,167 [main] WARN  impl.MetricsSystemImpl (MetricsSystemImpl.java:register(276)) - Sink prometheus already exists!
2019-09-06 21:00:12,211 [main] INFO  server.SCMClientProtocolServer (SCMClientProtocolServer.java:start(151)) - RPC server for Client  is listening at /0.0.0.0:37280
2019-09-06 21:00:12,211 [IPC Server Responder] INFO  ipc.Server (Server.java:run(1314)) - IPC Server Responder: starting
2019-09-06 21:00:12,211 [IPC Server listener on 37280] INFO  ipc.Server (Server.java:run(1153)) - IPC Server listener on 37280: starting
2019-09-06 21:00:12,215 [main] INFO  server.StorageContainerManager (StorageContainerManager.java:start(769)) - ScmBlockLocationProtocol RPC server is listening at /0.0.0.0:35470
2019-09-06 21:00:12,216 [main] INFO  server.SCMBlockProtocolServer (SCMBlockProtocolServer.java:start(146)) - RPC server for Block Protocol is listening at /0.0.0.0:35470
2019-09-06 21:00:12,217 [IPC Server Responder] INFO  ipc.Server (Server.java:run(1314)) - IPC Server Responder: starting
2019-09-06 21:00:12,217 [IPC Server listener on 35470] INFO  ipc.Server (Server.java:run(1153)) - IPC Server listener on 35470: starting
2019-09-06 21:00:12,221 [main] INFO  server.StorageContainerManager (StorageContainerManager.java:start(773)) - ScmDatanodeProtocl RPC server is listening at /0.0.0.0:39029
2019-09-06 21:00:12,221 [main] INFO  server.SCMDatanodeProtocolServer (SCMDatanodeProtocolServer.java:start(191)) - RPC server for DataNodes is listening at /0.0.0.0:39029
2019-09-06 21:00:12,221 [IPC Server Responder] INFO  ipc.Server (Server.java:run(1314)) - IPC Server Responder: starting
2019-09-06 21:00:12,221 [IPC Server listener on 39029] INFO  ipc.Server (Server.java:run(1153)) - IPC Server listener on 39029: starting
2019-09-06 21:00:12,225 [main] INFO  http.HttpServer2 (HttpServer2.java:bindListener(1191)) - Jetty bound to port 35952
2019-09-06 21:00:12,225 [main] INFO  server.Server (Server.java:doStart(351)) - jetty-9.3.24.v20180605, build timestamp: 2018-06-05T17:11:56Z, git hash: 84205aa28f11a4f31f2a3b86d1bba2cc8ab69827
2019-09-06 21:00:12,228 [main] INFO  handler.ContextHandler (ContextHandler.java:doStart(781)) - Started o.e.j.s.ServletContextHandler@560271a1{/logs,file:///workdir/hadoop-ozone/integration-test/target/log,AVAILABLE}
2019-09-06 21:00:12,228 [main] INFO  handler.ContextHandler (ContextHandler.java:doStart(781)) - Started o.e.j.s.ServletContextHandler@41e9f86{/static,file:///workdir/hadoop-ozone/integration-test/target/test-classes/webapps/static,AVAILABLE}
2019-09-06 21:00:12,234 [main] INFO  handler.ContextHandler (ContextHandler.java:doStart(781)) - Started o.e.j.w.WebAppContext@1ee5632d{/,file:///workdir/hadoop-ozone/integration-test/target/test-classes/webapps/scm/,AVAILABLE}{/scm}
2019-09-06 21:00:12,234 [main] INFO  server.AbstractConnector (AbstractConnector.java:doStart(278)) - Started ServerConnector@52a7928a{HTTP/1.1,[http/1.1]}{0.0.0.0:35952}
2019-09-06 21:00:12,235 [main] INFO  server.Server (Server.java:doStart(419)) - Started @532171ms
2019-09-06 21:00:12,235 [main] WARN  impl.MetricsSystemImpl (MetricsSystemImpl.java:register(276)) - Sink prometheus already exists!
2019-09-06 21:00:12,236 [main] INFO  server.BaseHttpServer (BaseHttpServer.java:updateConnectorAddress(215)) - HTTP server of SCM is listening at http://0.0.0.0:35952
2019-09-06 21:00:12,238 [main] WARN  server.ServerUtils (ServerUtils.java:getDBPath(222)) - ozone.om.db.dirs is not configured. We recommend adding this setting. Falling back to ozone.metadata.dirs instead.
2019-09-06 21:00:12,238 [org.apache.hadoop.util.JvmPauseMonitor$Monitor@72465eb2] INFO  util.JvmPauseMonitor (JvmPauseMonitor.java:run(188)) - Starting JVM pause monitor
2019-09-06 21:00:12,534 [main] WARN  server.ServerUtils (ServerUtils.java:getDBPath(222)) - ozone.om.db.dirs is not configured. We recommend adding this setting. Falling back to ozone.metadata.dirs instead.
2019-09-06 21:00:12,534 [main] WARN  server.ServerUtils (ServerUtils.java:getDBPath(222)) - ozone.om.db.dirs is not configured. We recommend adding this setting. Falling back to ozone.metadata.dirs instead.
2019-09-06 21:00:12,535 [main] INFO  om.OzoneManager (OzoneManager.java:setOMNodeDetails(649)) - OM Service ID is not set. Setting it to the default ID: omServiceIdDefault
2019-09-06 21:00:12,535 [main] INFO  om.OzoneManager (OzoneManager.java:setOMNodeDetails(655)) - OM Node ID is not set. Setting it to the OmStorage's OmID: a625fb09-6ab9-4fdc-b8e5-48242aec9b39
2019-09-06 21:00:12,535 [main] INFO  om.OzoneManager (OzoneManager.java:loadOMHAConfigs(606)) - Found matching OM address with OMServiceId: null, OMNodeId: null, RPC Address: localhost:0 and Ratis port: 9872
2019-09-06 21:00:12,541 [main] WARN  server.ServerUtils (ServerUtils.java:getDBPath(222)) - ozone.om.db.dirs is not configured. We recommend adding this setting. Falling back to ozone.metadata.dirs instead.
2019-09-06 21:00:12,541 [main] INFO  db.DBStoreBuilder (DBStoreBuilder.java:addTable(110)) - using custom profile for table: userTable
2019-09-06 21:00:12,542 [main] INFO  db.DBStoreBuilder (DBStoreBuilder.java:processTables(161)) - Using default column profile:DBProfile.DISK for Table:userTable
2019-09-06 21:00:12,542 [main] INFO  db.DBStoreBuilder (DBStoreBuilder.java:addTable(110)) - using custom profile for table: volumeTable
2019-09-06 21:00:12,542 [main] INFO  db.DBStoreBuilder (DBStoreBuilder.java:processTables(161)) - Using default column profile:DBProfile.DISK for Table:volumeTable
2019-09-06 21:00:12,542 [main] INFO  db.DBStoreBuilder (DBStoreBuilder.java:addTable(110)) - using custom profile for table: bucketTable
2019-09-06 21:00:12,542 [main] INFO  db.DBStoreBuilder (DBStoreBuilder.java:processTables(161)) - Using default column profile:DBProfile.DISK for Table:bucketTable
2019-09-06 21:00:12,542 [main] INFO  db.DBStoreBuilder (DBStoreBuilder.java:addTable(110)) - using custom profile for table: keyTable
2019-09-06 21:00:12,543 [main] INFO  db.DBStoreBuilder (DBStoreBuilder.java:processTables(161)) - Using default column profile:DBProfile.DISK for Table:keyTable
2019-09-06 21:00:12,543 [main] INFO  db.DBStoreBuilder (DBStoreBuilder.java:addTable(110)) - using custom profile for table: deletedTable
2019-09-06 21:00:12,543 [main] INFO  db.DBStoreBuilder (DBStoreBuilder.java:processTables(161)) - Using default column profile:DBProfile.DISK for Table:deletedTable
2019-09-06 21:00:12,543 [main] INFO  db.DBStoreBuilder (DBStoreBuilder.java:addTable(110)) - using custom profile for table: openKeyTable
2019-09-06 21:00:12,543 [main] INFO  db.DBStoreBuilder (DBStoreBuilder.java:processTables(161)) - Using default column profile:DBProfile.DISK for Table:openKeyTable
2019-09-06 21:00:12,543 [main] INFO  db.DBStoreBuilder (DBStoreBuilder.java:addTable(110)) - using custom profile for table: s3Table
2019-09-06 21:00:12,544 [main] INFO  db.DBStoreBuilder (DBStoreBuilder.java:processTables(161)) - Using default column profile:DBProfile.DISK for Table:s3Table
2019-09-06 21:00:12,544 [main] INFO  db.DBStoreBuilder (DBStoreBuilder.java:addTable(110)) - using custom profile for table: multipartInfoTable
2019-09-06 21:00:12,544 [main] INFO  db.DBStoreBuilder (DBStoreBuilder.java:processTables(161)) - Using default column profile:DBProfile.DISK for Table:multipartInfoTable
2019-09-06 21:00:12,544 [main] INFO  db.DBStoreBuilder (DBStoreBuilder.java:addTable(110)) - using custom profile for table: dTokenTable
2019-09-06 21:00:12,544 [main] INFO  db.DBStoreBuilder (DBStoreBuilder.java:processTables(161)) - Using default column profile:DBProfile.DISK for Table:dTokenTable
2019-09-06 21:00:12,544 [main] INFO  db.DBStoreBuilder (DBStoreBuilder.java:addTable(110)) - using custom profile for table: s3SecretTable
2019-09-06 21:00:12,544 [main] INFO  db.DBStoreBuilder (DBStoreBuilder.java:processTables(161)) - Using default column profile:DBProfile.DISK for Table:s3SecretTable
2019-09-06 21:00:12,545 [main] INFO  db.DBStoreBuilder (DBStoreBuilder.java:addTable(110)) - using custom profile for table: prefixTable
2019-09-06 21:00:12,545 [main] INFO  db.DBStoreBuilder (DBStoreBuilder.java:processTables(161)) - Using default column profile:DBProfile.DISK for Table:prefixTable
2019-09-06 21:00:12,545 [main] INFO  db.DBStoreBuilder (DBStoreBuilder.java:addTable(110)) - using custom profile for table: default
2019-09-06 21:00:12,545 [main] INFO  db.DBStoreBuilder (DBStoreBuilder.java:processTables(167)) - Using default column profile:DBProfile.DISK for Table:default
2019-09-06 21:00:12,545 [main] INFO  db.DBStoreBuilder (DBStoreBuilder.java:getDbProfile(198)) - Using default options. DBProfile.DISK
2019-09-06 21:00:13,185 [main] INFO  ipc.CallQueueManager (CallQueueManager.java:<init>(84)) - Using callQueue: class java.util.concurrent.LinkedBlockingQueue, queueCapacity: 2000, scheduler: class org.apache.hadoop.ipc.DefaultRpcScheduler, ipcBackoff: false.
2019-09-06 21:00:13,186 [Socket Reader #1 for port 44117] INFO  ipc.Server (Server.java:run(1074)) - Starting Socket Reader #1 for port 44117
2019-09-06 21:00:13,203 [main] INFO  om.OzoneManager (OzoneManager.java:start(1240)) - OzoneManager RPC server is listening at localhost/127.0.0.1:44117
2019-09-06 21:00:13,203 [main] INFO  impl.MetricsSystemImpl (MetricsSystemImpl.java:init(158)) - OzoneManager metrics system started (again)
2019-09-06 21:00:13,204 [IPC Server Responder] INFO  ipc.Server (Server.java:run(1314)) - IPC Server Responder: starting
2019-09-06 21:00:13,204 [IPC Server listener on 44117] INFO  ipc.Server (Server.java:run(1153)) - IPC Server listener on 44117: starting
2019-09-06 21:00:13,211 [main] INFO  hdfs.DFSUtil (DFSUtil.java:httpServerTemplateForNNAndJN(1641)) - Starting Web-server for ozoneManager at: http://0.0.0.0:0
2019-09-06 21:00:13,213 [main] INFO  server.AuthenticationFilter (AuthenticationFilter.java:constructSecretProvider(240)) - Unable to initialize FileSignerSecretProvider, falling back to use random secrets.
2019-09-06 21:00:13,214 [main] WARN  http.HttpRequestLog (HttpRequestLog.java:getRequestLog(97)) - Jetty request log can only be enabled using Log4j
2019-09-06 21:00:13,216 [main] INFO  http.HttpServer2 (HttpServer2.java:addGlobalFilter(975)) - Added global filter 'safety' (class=org.apache.hadoop.http.HttpServer2$QuotingInputFilter)
2019-09-06 21:00:13,216 [main] INFO  http.HttpServer2 (HttpServer2.java:addFilter(948)) - Added filter static_user_filter (class=org.apache.hadoop.http.lib.StaticUserWebFilter$StaticUserFilter) to context ozoneManager
2019-09-06 21:00:13,217 [main] INFO  http.HttpServer2 (HttpServer2.java:addFilter(958)) - Added filter static_user_filter (class=org.apache.hadoop.http.lib.StaticUserWebFilter$StaticUserFilter) to context static
2019-09-06 21:00:13,217 [main] INFO  http.HttpServer2 (HttpServer2.java:addFilter(958)) - Added filter static_user_filter (class=org.apache.hadoop.http.lib.StaticUserWebFilter$StaticUserFilter) to context logs
2019-09-06 21:00:13,218 [main] INFO  http.HttpServer2 (HttpServer2.java:bindListener(1191)) - Jetty bound to port 35455
2019-09-06 21:00:13,218 [main] INFO  server.Server (Server.java:doStart(351)) - jetty-9.3.24.v20180605, build timestamp: 2018-06-05T17:11:56Z, git hash: 84205aa28f11a4f31f2a3b86d1bba2cc8ab69827
2019-09-06 21:00:13,220 [main] INFO  handler.ContextHandler (ContextHandler.java:doStart(781)) - Started o.e.j.s.ServletContextHandler@6544899b{/logs,file:///workdir/hadoop-ozone/integration-test/target/log,AVAILABLE}
2019-09-06 21:00:13,221 [main] INFO  handler.ContextHandler (ContextHandler.java:doStart(781)) - Started o.e.j.s.ServletContextHandler@1bd8afc8{/static,file:///workdir/hadoop-ozone/integration-test/target/test-classes/webapps/static,AVAILABLE}
2019-09-06 21:00:13,227 [main] INFO  handler.ContextHandler (ContextHandler.java:doStart(781)) - Started o.e.j.w.WebAppContext@2e6d76ba{/,file:///workdir/hadoop-ozone/integration-test/target/test-classes/webapps/ozoneManager/,AVAILABLE}{/ozoneManager}
2019-09-06 21:00:13,228 [main] INFO  server.AbstractConnector (AbstractConnector.java:doStart(278)) - Started ServerConnector@22a6d75c{HTTP/1.1,[http/1.1]}{0.0.0.0:35455}
2019-09-06 21:00:13,229 [main] INFO  server.Server (Server.java:doStart(419)) - Started @533165ms
2019-09-06 21:00:13,229 [main] WARN  impl.MetricsSystemImpl (MetricsSystemImpl.java:register(276)) - Sink prometheus already exists!
2019-09-06 21:00:13,230 [main] INFO  server.BaseHttpServer (BaseHttpServer.java:updateConnectorAddress(215)) - HTTP server of OZONEMANAGER is listening at http://0.0.0.0:35455
2019-09-06 21:00:13,250 [main] INFO  impl.MetricsSystemImpl (MetricsSystemImpl.java:init(158)) - HddsDatanode metrics system started (again)
2019-09-06 21:00:13,253 [main] INFO  ozone.HddsDatanodeService (HddsDatanodeService.java:start(184)) - HddsDatanodeService host:pr-hdds-2087-j7wfl-3989464410 ip:192.168.69.79
2019-09-06 21:00:13,260 [main] INFO  volume.HddsVolume (HddsVolume.java:<init>(176)) - Creating Volume: /workdir/hadoop-ozone/integration-test/target/test-dir/MiniOzoneClusterImpl-a4353b45-efea-4a09-bf1c-6c3a3aa95231/datanode-0/data/containers/hdds of  storage type : DISK and capacity : 1482555576320
2019-09-06 21:00:13,261 [main] INFO  volume.VolumeSet (VolumeSet.java:initializeVolumeSet(170)) - Added Volume : /workdir/hadoop-ozone/integration-test/target/test-dir/MiniOzoneClusterImpl-a4353b45-efea-4a09-bf1c-6c3a3aa95231/datanode-0/data/containers/hdds to VolumeSet
2019-09-06 21:00:13,261 [main] INFO  volume.ThrottledAsyncChecker (ThrottledAsyncChecker.java:schedule(140)) - Scheduling a check for org.apache.hadoop.ozone.container.common.volume.HddsVolume@50ec4bfc
2019-09-06 21:00:13,263 [main] INFO  volume.HddsVolumeChecker (HddsVolumeChecker.java:checkAllVolumes(203)) - Scheduled health check for volume org.apache.hadoop.ozone.container.common.volume.HddsVolume@50ec4bfc
2019-09-06 21:00:13,279 [main] INFO  impl.RaftServerProxy (ConfUtils.java:logGet(43)) - raft.rpc.type = GRPC (default)
2019-09-06 21:00:13,279 [main] INFO  grpc.GrpcFactory (GrpcFactory.java:checkPooledByteBufAllocatorUseCacheForAllThreads(45)) - PERFORMANCE WARNING: useCacheForAllThreads is true that may cause Netty to create a lot garbage objects and, as a result, trigger GC.
	It is recommended to disable useCacheForAllThreads by setting -Dorg.apache.ratis.thirdparty.io.netty.allocator.useCacheForAllThreads=false in command line.
2019-09-06 21:00:13,280 [main] INFO  grpc.GrpcConfigKeys$Server (ConfUtils.java:logGet(43)) - raft.grpc.server.port = 0 (default)
2019-09-06 21:00:13,280 [main] INFO  server.GrpcService (ConfUtils.java:logGet(43)) - raft.grpc.message.size.max = 33570816 (custom)
2019-09-06 21:00:13,280 [main] INFO  server.RaftServerConfigKeys (ConfUtils.java:logGet(43)) - raft.server.log.appender.buffer.byte-limit = 33554432 (custom)
2019-09-06 21:00:13,280 [main] INFO  server.GrpcService (ConfUtils.java:logGet(43)) - raft.grpc.flow.control.window = 1MB (=1048576) (default)
2019-09-06 21:00:13,281 [main] INFO  server.RaftServerConfigKeys (ConfUtils.java:logGet(43)) - raft.server.rpc.request.timeout = 3000ms (default)
2019-09-06 21:00:13,281 [main] INFO  server.RaftServerConfigKeys (ConfUtils.java:logGet(43)) - raft.server.storage.dir = [/workdir/hadoop-ozone/integration-test/target/test-dir/MiniOzoneClusterImpl-a4353b45-efea-4a09-bf1c-6c3a3aa95231/datanode-0/data/ratis] (custom)
2019-09-06 21:00:13,283 [main] INFO  hdfs.DFSUtil (DFSUtil.java:httpServerTemplateForNNAndJN(1641)) - Starting Web-server for hddsDatanode at: http://0.0.0.0:0
2019-09-06 21:00:13,284 [main] INFO  server.AuthenticationFilter (AuthenticationFilter.java:constructSecretProvider(240)) - Unable to initialize FileSignerSecretProvider, falling back to use random secrets.
2019-09-06 21:00:13,285 [main] WARN  http.HttpRequestLog (HttpRequestLog.java:getRequestLog(97)) - Jetty request log can only be enabled using Log4j
2019-09-06 21:00:13,286 [main] INFO  http.HttpServer2 (HttpServer2.java:addGlobalFilter(975)) - Added global filter 'safety' (class=org.apache.hadoop.http.HttpServer2$QuotingInputFilter)
2019-09-06 21:00:13,287 [main] INFO  http.HttpServer2 (HttpServer2.java:addFilter(948)) - Added filter static_user_filter (class=org.apache.hadoop.http.lib.StaticUserWebFilter$StaticUserFilter) to context hddsDatanode
2019-09-06 21:00:13,287 [main] INFO  http.HttpServer2 (HttpServer2.java:addFilter(958)) - Added filter static_user_filter (class=org.apache.hadoop.http.lib.StaticUserWebFilter$StaticUserFilter) to context logs
2019-09-06 21:00:13,287 [main] INFO  http.HttpServer2 (HttpServer2.java:addFilter(958)) - Added filter static_user_filter (class=org.apache.hadoop.http.lib.StaticUserWebFilter$StaticUserFilter) to context static
2019-09-06 21:00:13,288 [main] INFO  http.HttpServer2 (HttpServer2.java:bindListener(1191)) - Jetty bound to port 38986
2019-09-06 21:00:13,288 [main] INFO  server.Server (Server.java:doStart(351)) - jetty-9.3.24.v20180605, build timestamp: 2018-06-05T17:11:56Z, git hash: 84205aa28f11a4f31f2a3b86d1bba2cc8ab69827
2019-09-06 21:00:13,290 [main] INFO  handler.ContextHandler (ContextHandler.java:doStart(781)) - Started o.e.j.s.ServletContextHandler@45037e16{/logs,file:///workdir/hadoop-ozone/integration-test/target/log,AVAILABLE}
2019-09-06 21:00:13,291 [main] INFO  handler.ContextHandler (ContextHandler.java:doStart(781)) - Started o.e.j.s.ServletContextHandler@6222391a{/static,jar:file:/home/user/.m2/repository/org/apache/hadoop/hadoop-hdds-container-service/0.5.0-SNAPSHOT/hadoop-hdds-container-service-0.5.0-SNAPSHOT.jar!/webapps/static,AVAILABLE}
2019-09-06 21:00:13,323 [main] INFO  handler.ContextHandler (ContextHandler.java:doStart(781)) - Started o.e.j.w.WebAppContext@8641b7d{/,file:///tmp/jetty-0.0.0.0-38986-hddsDatanode-_-any-5537123024142092117.dir/webapp/,AVAILABLE}{/hddsDatanode}
2019-09-06 21:00:13,324 [main] INFO  server.AbstractConnector (AbstractConnector.java:doStart(278)) - Started ServerConnector@37c7766e{HTTP/1.1,[http/1.1]}{0.0.0.0:38986}
2019-09-06 21:00:13,324 [main] INFO  server.Server (Server.java:doStart(419)) - Started @533260ms
2019-09-06 21:00:13,325 [main] WARN  impl.MetricsSystemImpl (MetricsSystemImpl.java:register(276)) - Sink prometheus already exists!
2019-09-06 21:00:13,326 [main] INFO  server.BaseHttpServer (BaseHttpServer.java:updateConnectorAddress(215)) - HTTP server of HDDSDATANODE is listening at http://0.0.0.0:38986
2019-09-06 21:00:13,326 [main] INFO  impl.MetricsSystemImpl (MetricsSystemImpl.java:init(158)) - HddsDatanode metrics system started (again)
2019-09-06 21:00:13,328 [main] INFO  ozone.HddsDatanodeService (HddsDatanodeService.java:start(184)) - HddsDatanodeService host:pr-hdds-2087-j7wfl-3989464410 ip:192.168.69.79
2019-09-06 21:00:13,329 [org.apache.hadoop.util.JvmPauseMonitor$Monitor@65ab3449] INFO  util.JvmPauseMonitor (JvmPauseMonitor.java:run(188)) - Starting JVM pause monitor
2019-09-06 21:00:13,331 [Datanode State Machine Thread - 0] INFO  datanode.InitDatanodeState (InitDatanodeState.java:persistContainerDatanodeDetails(140)) - DatanodeDetails is persisted to /workdir/hadoop-ozone/integration-test/target/test-dir/MiniOzoneClusterImpl-a4353b45-efea-4a09-bf1c-6c3a3aa95231/datanode-0/meta/datanode.id
2019-09-06 21:00:13,335 [main] INFO  volume.HddsVolume (HddsVolume.java:<init>(176)) - Creating Volume: /workdir/hadoop-ozone/integration-test/target/test-dir/MiniOzoneClusterImpl-a4353b45-efea-4a09-bf1c-6c3a3aa95231/datanode-1/data/containers/hdds of  storage type : DISK and capacity : 1482555576320
2019-09-06 21:00:13,336 [main] INFO  volume.VolumeSet (VolumeSet.java:initializeVolumeSet(170)) - Added Volume : /workdir/hadoop-ozone/integration-test/target/test-dir/MiniOzoneClusterImpl-a4353b45-efea-4a09-bf1c-6c3a3aa95231/datanode-1/data/containers/hdds to VolumeSet
2019-09-06 21:00:13,336 [main] INFO  volume.ThrottledAsyncChecker (ThrottledAsyncChecker.java:schedule(140)) - Scheduling a check for org.apache.hadoop.ozone.container.common.volume.HddsVolume@681061d6
2019-09-06 21:00:13,336 [main] INFO  volume.HddsVolumeChecker (HddsVolumeChecker.java:checkAllVolumes(203)) - Scheduled health check for volume org.apache.hadoop.ozone.container.common.volume.HddsVolume@681061d6
2019-09-06 21:00:13,349 [main] INFO  impl.RaftServerProxy (ConfUtils.java:logGet(43)) - raft.rpc.type = GRPC (default)
2019-09-06 21:00:13,350 [main] INFO  grpc.GrpcFactory (GrpcFactory.java:checkPooledByteBufAllocatorUseCacheForAllThreads(45)) - PERFORMANCE WARNING: useCacheForAllThreads is true that may cause Netty to create a lot garbage objects and, as a result, trigger GC.
	It is recommended to disable useCacheForAllThreads by setting -Dorg.apache.ratis.thirdparty.io.netty.allocator.useCacheForAllThreads=false in command line.
2019-09-06 21:00:13,350 [main] INFO  grpc.GrpcConfigKeys$Server (ConfUtils.java:logGet(43)) - raft.grpc.server.port = 0 (default)
2019-09-06 21:00:13,350 [main] INFO  server.GrpcService (ConfUtils.java:logGet(43)) - raft.grpc.message.size.max = 33570816 (custom)
2019-09-06 21:00:13,350 [main] INFO  server.RaftServerConfigKeys (ConfUtils.java:logGet(43)) - raft.server.log.appender.buffer.byte-limit = 33554432 (custom)
2019-09-06 21:00:13,350 [main] INFO  server.GrpcService (ConfUtils.java:logGet(43)) - raft.grpc.flow.control.window = 1MB (=1048576) (default)
2019-09-06 21:00:13,351 [main] INFO  server.RaftServerConfigKeys (ConfUtils.java:logGet(43)) - raft.server.rpc.request.timeout = 3000ms (default)
2019-09-06 21:00:13,351 [main] INFO  server.RaftServerConfigKeys (ConfUtils.java:logGet(43)) - raft.server.storage.dir = [/workdir/hadoop-ozone/integration-test/target/test-dir/MiniOzoneClusterImpl-a4353b45-efea-4a09-bf1c-6c3a3aa95231/datanode-1/data/ratis] (custom)
2019-09-06 21:00:13,352 [main] INFO  hdfs.DFSUtil (DFSUtil.java:httpServerTemplateForNNAndJN(1641)) - Starting Web-server for hddsDatanode at: http://0.0.0.0:0
2019-09-06 21:00:13,354 [main] INFO  server.AuthenticationFilter (AuthenticationFilter.java:constructSecretProvider(240)) - Unable to initialize FileSignerSecretProvider, falling back to use random secrets.
2019-09-06 21:00:13,354 [main] WARN  http.HttpRequestLog (HttpRequestLog.java:getRequestLog(97)) - Jetty request log can only be enabled using Log4j
2019-09-06 21:00:13,355 [main] INFO  http.HttpServer2 (HttpServer2.java:addGlobalFilter(975)) - Added global filter 'safety' (class=org.apache.hadoop.http.HttpServer2$QuotingInputFilter)
2019-09-06 21:00:13,356 [main] INFO  http.HttpServer2 (HttpServer2.java:addFilter(948)) - Added filter static_user_filter (class=org.apache.hadoop.http.lib.StaticUserWebFilter$StaticUserFilter) to context hddsDatanode
2019-09-06 21:00:13,356 [main] INFO  http.HttpServer2 (HttpServer2.java:addFilter(958)) - Added filter static_user_filter (class=org.apache.hadoop.http.lib.StaticUserWebFilter$StaticUserFilter) to context static
2019-09-06 21:00:13,356 [main] INFO  http.HttpServer2 (HttpServer2.java:addFilter(958)) - Added filter static_user_filter (class=org.apache.hadoop.http.lib.StaticUserWebFilter$StaticUserFilter) to context logs
2019-09-06 21:00:13,357 [main] INFO  http.HttpServer2 (HttpServer2.java:bindListener(1191)) - Jetty bound to port 38304
2019-09-06 21:00:13,357 [main] INFO  server.Server (Server.java:doStart(351)) - jetty-9.3.24.v20180605, build timestamp: 2018-06-05T17:11:56Z, git hash: 84205aa28f11a4f31f2a3b86d1bba2cc8ab69827
2019-09-06 21:00:13,358 [main] INFO  handler.ContextHandler (ContextHandler.java:doStart(781)) - Started o.e.j.s.ServletContextHandler@599f1b7{/logs,file:///workdir/hadoop-ozone/integration-test/target/log,AVAILABLE}
2019-09-06 21:00:13,359 [main] INFO  handler.ContextHandler (ContextHandler.java:doStart(781)) - Started o.e.j.s.ServletContextHandler@64f4f12{/static,jar:file:/home/user/.m2/repository/org/apache/hadoop/hadoop-hdds-container-service/0.5.0-SNAPSHOT/hadoop-hdds-container-service-0.5.0-SNAPSHOT.jar!/webapps/static,AVAILABLE}
2019-09-06 21:00:13,387 [main] INFO  handler.ContextHandler (ContextHandler.java:doStart(781)) - Started o.e.j.w.WebAppContext@6ac45c0c{/,file:///tmp/jetty-0.0.0.0-38304-hddsDatanode-_-any-6324266254078866017.dir/webapp/,AVAILABLE}{/hddsDatanode}
2019-09-06 21:00:13,387 [main] INFO  server.AbstractConnector (AbstractConnector.java:doStart(278)) - Started ServerConnector@12192604{HTTP/1.1,[http/1.1]}{0.0.0.0:38304}
2019-09-06 21:00:13,387 [main] INFO  server.Server (Server.java:doStart(419)) - Started @533324ms
2019-09-06 21:00:13,388 [main] WARN  impl.MetricsSystemImpl (MetricsSystemImpl.java:register(276)) - Sink prometheus already exists!
2019-09-06 21:00:13,389 [main] INFO  server.BaseHttpServer (BaseHttpServer.java:updateConnectorAddress(215)) - HTTP server of HDDSDATANODE is listening at http://0.0.0.0:38304
2019-09-06 21:00:13,390 [main] INFO  impl.MetricsSystemImpl (MetricsSystemImpl.java:init(158)) - HddsDatanode metrics system started (again)
2019-09-06 21:00:13,392 [org.apache.hadoop.util.JvmPauseMonitor$Monitor@7cf818e] INFO  util.JvmPauseMonitor (JvmPauseMonitor.java:run(188)) - Starting JVM pause monitor
2019-09-06 21:00:13,392 [main] INFO  ozone.HddsDatanodeService (HddsDatanodeService.java:start(184)) - HddsDatanodeService host:pr-hdds-2087-j7wfl-3989464410 ip:192.168.69.79
2019-09-06 21:00:13,394 [Datanode State Machine Thread - 0] INFO  datanode.InitDatanodeState (InitDatanodeState.java:persistContainerDatanodeDetails(140)) - DatanodeDetails is persisted to /workdir/hadoop-ozone/integration-test/target/test-dir/MiniOzoneClusterImpl-a4353b45-efea-4a09-bf1c-6c3a3aa95231/datanode-1/meta/datanode.id
2019-09-06 21:00:13,398 [main] INFO  volume.HddsVolume (HddsVolume.java:<init>(176)) - Creating Volume: /workdir/hadoop-ozone/integration-test/target/test-dir/MiniOzoneClusterImpl-a4353b45-efea-4a09-bf1c-6c3a3aa95231/datanode-2/data/containers/hdds of  storage type : DISK and capacity : 1482555576320
2019-09-06 21:00:13,399 [main] INFO  volume.VolumeSet (VolumeSet.java:initializeVolumeSet(170)) - Added Volume : /workdir/hadoop-ozone/integration-test/target/test-dir/MiniOzoneClusterImpl-a4353b45-efea-4a09-bf1c-6c3a3aa95231/datanode-2/data/containers/hdds to VolumeSet
2019-09-06 21:00:13,399 [main] INFO  volume.ThrottledAsyncChecker (ThrottledAsyncChecker.java:schedule(140)) - Scheduling a check for org.apache.hadoop.ozone.container.common.volume.HddsVolume@5a2ae1ab
2019-09-06 21:00:13,399 [main] INFO  volume.HddsVolumeChecker (HddsVolumeChecker.java:checkAllVolumes(203)) - Scheduled health check for volume org.apache.hadoop.ozone.container.common.volume.HddsVolume@5a2ae1ab
2019-09-06 21:00:13,412 [main] INFO  impl.RaftServerProxy (ConfUtils.java:logGet(43)) - raft.rpc.type = GRPC (default)
2019-09-06 21:00:13,412 [main] INFO  grpc.GrpcFactory (GrpcFactory.java:checkPooledByteBufAllocatorUseCacheForAllThreads(45)) - PERFORMANCE WARNING: useCacheForAllThreads is true that may cause Netty to create a lot garbage objects and, as a result, trigger GC.
	It is recommended to disable useCacheForAllThreads by setting -Dorg.apache.ratis.thirdparty.io.netty.allocator.useCacheForAllThreads=false in command line.
2019-09-06 21:00:13,413 [main] INFO  grpc.GrpcConfigKeys$Server (ConfUtils.java:logGet(43)) - raft.grpc.server.port = 0 (default)
2019-09-06 21:00:13,413 [main] INFO  server.GrpcService (ConfUtils.java:logGet(43)) - raft.grpc.message.size.max = 33570816 (custom)
2019-09-06 21:00:13,413 [main] INFO  server.RaftServerConfigKeys (ConfUtils.java:logGet(43)) - raft.server.log.appender.buffer.byte-limit = 33554432 (custom)
2019-09-06 21:00:13,413 [main] INFO  server.GrpcService (ConfUtils.java:logGet(43)) - raft.grpc.flow.control.window = 1MB (=1048576) (default)
2019-09-06 21:00:13,413 [main] INFO  server.RaftServerConfigKeys (ConfUtils.java:logGet(43)) - raft.server.rpc.request.timeout = 3000ms (default)
2019-09-06 21:00:13,414 [main] INFO  server.RaftServerConfigKeys (ConfUtils.java:logGet(43)) - raft.server.storage.dir = [/workdir/hadoop-ozone/integration-test/target/test-dir/MiniOzoneClusterImpl-a4353b45-efea-4a09-bf1c-6c3a3aa95231/datanode-2/data/ratis] (custom)
2019-09-06 21:00:13,415 [main] INFO  hdfs.DFSUtil (DFSUtil.java:httpServerTemplateForNNAndJN(1641)) - Starting Web-server for hddsDatanode at: http://0.0.0.0:0
2019-09-06 21:00:13,416 [main] INFO  server.AuthenticationFilter (AuthenticationFilter.java:constructSecretProvider(240)) - Unable to initialize FileSignerSecretProvider, falling back to use random secrets.
2019-09-06 21:00:13,416 [main] WARN  http.HttpRequestLog (HttpRequestLog.java:getRequestLog(97)) - Jetty request log can only be enabled using Log4j
2019-09-06 21:00:13,418 [main] INFO  http.HttpServer2 (HttpServer2.java:addGlobalFilter(975)) - Added global filter 'safety' (class=org.apache.hadoop.http.HttpServer2$QuotingInputFilter)
2019-09-06 21:00:13,418 [main] INFO  http.HttpServer2 (HttpServer2.java:addFilter(948)) - Added filter static_user_filter (class=org.apache.hadoop.http.lib.StaticUserWebFilter$StaticUserFilter) to context hddsDatanode
2019-09-06 21:00:13,418 [main] INFO  http.HttpServer2 (HttpServer2.java:addFilter(958)) - Added filter static_user_filter (class=org.apache.hadoop.http.lib.StaticUserWebFilter$StaticUserFilter) to context logs
2019-09-06 21:00:13,418 [main] INFO  http.HttpServer2 (HttpServer2.java:addFilter(958)) - Added filter static_user_filter (class=org.apache.hadoop.http.lib.StaticUserWebFilter$StaticUserFilter) to context static
2019-09-06 21:00:13,419 [main] INFO  http.HttpServer2 (HttpServer2.java:bindListener(1191)) - Jetty bound to port 37529
2019-09-06 21:00:13,419 [main] INFO  server.Server (Server.java:doStart(351)) - jetty-9.3.24.v20180605, build timestamp: 2018-06-05T17:11:56Z, git hash: 84205aa28f11a4f31f2a3b86d1bba2cc8ab69827
2019-09-06 21:00:13,420 [main] INFO  handler.ContextHandler (ContextHandler.java:doStart(781)) - Started o.e.j.s.ServletContextHandler@51888019{/logs,file:///workdir/hadoop-ozone/integration-test/target/log,AVAILABLE}
2019-09-06 21:00:13,421 [main] INFO  handler.ContextHandler (ContextHandler.java:doStart(781)) - Started o.e.j.s.ServletContextHandler@19b5214b{/static,jar:file:/home/user/.m2/repository/org/apache/hadoop/hadoop-hdds-container-service/0.5.0-SNAPSHOT/hadoop-hdds-container-service-0.5.0-SNAPSHOT.jar!/webapps/static,AVAILABLE}
2019-09-06 21:00:13,447 [main] INFO  handler.ContextHandler (ContextHandler.java:doStart(781)) - Started o.e.j.w.WebAppContext@2b999ee8{/,file:///tmp/jetty-0.0.0.0-37529-hddsDatanode-_-any-693567122281646216.dir/webapp/,AVAILABLE}{/hddsDatanode}
2019-09-06 21:00:13,448 [main] INFO  server.AbstractConnector (AbstractConnector.java:doStart(278)) - Started ServerConnector@31ab1e67{HTTP/1.1,[http/1.1]}{0.0.0.0:37529}
2019-09-06 21:00:13,449 [main] INFO  server.Server (Server.java:doStart(419)) - Started @533385ms
2019-09-06 21:00:13,449 [main] WARN  impl.MetricsSystemImpl (MetricsSystemImpl.java:register(276)) - Sink prometheus already exists!
2019-09-06 21:00:13,450 [main] INFO  server.BaseHttpServer (BaseHttpServer.java:updateConnectorAddress(215)) - HTTP server of HDDSDATANODE is listening at http://0.0.0.0:37529
2019-09-06 21:00:13,450 [main] INFO  impl.MetricsSystemImpl (MetricsSystemImpl.java:init(158)) - HddsDatanode metrics system started (again)
2019-09-06 21:00:13,453 [main] INFO  ozone.HddsDatanodeService (HddsDatanodeService.java:start(184)) - HddsDatanodeService host:pr-hdds-2087-j7wfl-3989464410 ip:192.168.69.79
2019-09-06 21:00:13,453 [org.apache.hadoop.util.JvmPauseMonitor$Monitor@5955daf6] INFO  util.JvmPauseMonitor (JvmPauseMonitor.java:run(188)) - Starting JVM pause monitor
2019-09-06 21:00:13,455 [Datanode State Machine Thread - 0] INFO  datanode.InitDatanodeState (InitDatanodeState.java:persistContainerDatanodeDetails(140)) - DatanodeDetails is persisted to /workdir/hadoop-ozone/integration-test/target/test-dir/MiniOzoneClusterImpl-a4353b45-efea-4a09-bf1c-6c3a3aa95231/datanode-2/meta/datanode.id
2019-09-06 21:00:13,460 [main] INFO  volume.HddsVolume (HddsVolume.java:<init>(176)) - Creating Volume: /workdir/hadoop-ozone/integration-test/target/test-dir/MiniOzoneClusterImpl-a4353b45-efea-4a09-bf1c-6c3a3aa95231/datanode-3/data/containers/hdds of  storage type : DISK and capacity : 1482555576320
2019-09-06 21:00:13,460 [main] INFO  volume.VolumeSet (VolumeSet.java:initializeVolumeSet(170)) - Added Volume : /workdir/hadoop-ozone/integration-test/target/test-dir/MiniOzoneClusterImpl-a4353b45-efea-4a09-bf1c-6c3a3aa95231/datanode-3/data/containers/hdds to VolumeSet
2019-09-06 21:00:13,461 [main] INFO  volume.ThrottledAsyncChecker (ThrottledAsyncChecker.java:schedule(140)) - Scheduling a check for org.apache.hadoop.ozone.container.common.volume.HddsVolume@32ae8f27
2019-09-06 21:00:13,461 [main] INFO  volume.HddsVolumeChecker (HddsVolumeChecker.java:checkAllVolumes(203)) - Scheduled health check for volume org.apache.hadoop.ozone.container.common.volume.HddsVolume@32ae8f27
2019-09-06 21:00:13,478 [main] INFO  impl.RaftServerProxy (ConfUtils.java:logGet(43)) - raft.rpc.type = GRPC (default)
2019-09-06 21:00:13,479 [main] INFO  grpc.GrpcFactory (GrpcFactory.java:checkPooledByteBufAllocatorUseCacheForAllThreads(45)) - PERFORMANCE WARNING: useCacheForAllThreads is true that may cause Netty to create a lot garbage objects and, as a result, trigger GC.
	It is recommended to disable useCacheForAllThreads by setting -Dorg.apache.ratis.thirdparty.io.netty.allocator.useCacheForAllThreads=false in command line.
2019-09-06 21:00:13,479 [main] INFO  grpc.GrpcConfigKeys$Server (ConfUtils.java:logGet(43)) - raft.grpc.server.port = 0 (default)
2019-09-06 21:00:13,479 [main] INFO  server.GrpcService (ConfUtils.java:logGet(43)) - raft.grpc.message.size.max = 33570816 (custom)
2019-09-06 21:00:13,479 [main] INFO  server.RaftServerConfigKeys (ConfUtils.java:logGet(43)) - raft.server.log.appender.buffer.byte-limit = 33554432 (custom)
2019-09-06 21:00:13,480 [main] INFO  server.GrpcService (ConfUtils.java:logGet(43)) - raft.grpc.flow.control.window = 1MB (=1048576) (default)
2019-09-06 21:00:13,480 [main] INFO  server.RaftServerConfigKeys (ConfUtils.java:logGet(43)) - raft.server.rpc.request.timeout = 3000ms (default)
2019-09-06 21:00:13,481 [main] INFO  server.RaftServerConfigKeys (ConfUtils.java:logGet(43)) - raft.server.storage.dir = [/workdir/hadoop-ozone/integration-test/target/test-dir/MiniOzoneClusterImpl-a4353b45-efea-4a09-bf1c-6c3a3aa95231/datanode-3/data/ratis] (custom)
2019-09-06 21:00:13,482 [main] INFO  hdfs.DFSUtil (DFSUtil.java:httpServerTemplateForNNAndJN(1641)) - Starting Web-server for hddsDatanode at: http://0.0.0.0:0
2019-09-06 21:00:13,484 [main] INFO  server.AuthenticationFilter (AuthenticationFilter.java:constructSecretProvider(240)) - Unable to initialize FileSignerSecretProvider, falling back to use random secrets.
2019-09-06 21:00:13,484 [main] WARN  http.HttpRequestLog (HttpRequestLog.java:getRequestLog(97)) - Jetty request log can only be enabled using Log4j
2019-09-06 21:00:13,485 [main] INFO  http.HttpServer2 (HttpServer2.java:addGlobalFilter(975)) - Added global filter 'safety' (class=org.apache.hadoop.http.HttpServer2$QuotingInputFilter)
2019-09-06 21:00:13,486 [main] INFO  http.HttpServer2 (HttpServer2.java:addFilter(948)) - Added filter static_user_filter (class=org.apache.hadoop.http.lib.StaticUserWebFilter$StaticUserFilter) to context hddsDatanode
2019-09-06 21:00:13,486 [main] INFO  http.HttpServer2 (HttpServer2.java:addFilter(958)) - Added filter static_user_filter (class=org.apache.hadoop.http.lib.StaticUserWebFilter$StaticUserFilter) to context static
2019-09-06 21:00:13,486 [main] INFO  http.HttpServer2 (HttpServer2.java:addFilter(958)) - Added filter static_user_filter (class=org.apache.hadoop.http.lib.StaticUserWebFilter$StaticUserFilter) to context logs
2019-09-06 21:00:13,487 [main] INFO  http.HttpServer2 (HttpServer2.java:bindListener(1191)) - Jetty bound to port 40501
2019-09-06 21:00:13,487 [main] INFO  server.Server (Server.java:doStart(351)) - jetty-9.3.24.v20180605, build timestamp: 2018-06-05T17:11:56Z, git hash: 84205aa28f11a4f31f2a3b86d1bba2cc8ab69827
2019-09-06 21:00:13,488 [main] INFO  handler.ContextHandler (ContextHandler.java:doStart(781)) - Started o.e.j.s.ServletContextHandler@5b48f0f4{/logs,file:///workdir/hadoop-ozone/integration-test/target/log,AVAILABLE}
2019-09-06 21:00:13,489 [main] INFO  handler.ContextHandler (ContextHandler.java:doStart(781)) - Started o.e.j.s.ServletContextHandler@5bfc79cb{/static,jar:file:/home/user/.m2/repository/org/apache/hadoop/hadoop-hdds-container-service/0.5.0-SNAPSHOT/hadoop-hdds-container-service-0.5.0-SNAPSHOT.jar!/webapps/static,AVAILABLE}
2019-09-06 21:00:13,516 [main] INFO  handler.ContextHandler (ContextHandler.java:doStart(781)) - Started o.e.j.w.WebAppContext@4645679e{/,file:///tmp/jetty-0.0.0.0-40501-hddsDatanode-_-any-503752242381536808.dir/webapp/,AVAILABLE}{/hddsDatanode}
2019-09-06 21:00:13,516 [main] INFO  server.AbstractConnector (AbstractConnector.java:doStart(278)) - Started ServerConnector@3a0b6a{HTTP/1.1,[http/1.1]}{0.0.0.0:40501}
2019-09-06 21:00:13,517 [main] INFO  server.Server (Server.java:doStart(419)) - Started @533453ms
2019-09-06 21:00:13,518 [main] WARN  impl.MetricsSystemImpl (MetricsSystemImpl.java:register(276)) - Sink prometheus already exists!
2019-09-06 21:00:13,519 [main] INFO  server.BaseHttpServer (BaseHttpServer.java:updateConnectorAddress(215)) - HTTP server of HDDSDATANODE is listening at http://0.0.0.0:40501
2019-09-06 21:00:13,519 [main] INFO  impl.MetricsSystemImpl (MetricsSystemImpl.java:init(158)) - HddsDatanode metrics system started (again)
2019-09-06 21:00:13,522 [main] INFO  ozone.HddsDatanodeService (HddsDatanodeService.java:start(184)) - HddsDatanodeService host:pr-hdds-2087-j7wfl-3989464410 ip:192.168.69.79
2019-09-06 21:00:13,522 [org.apache.hadoop.util.JvmPauseMonitor$Monitor@34ac56f8] INFO  util.JvmPauseMonitor (JvmPauseMonitor.java:run(188)) - Starting JVM pause monitor
2019-09-06 21:00:13,523 [Datanode State Machine Thread - 0] INFO  datanode.InitDatanodeState (InitDatanodeState.java:persistContainerDatanodeDetails(140)) - DatanodeDetails is persisted to /workdir/hadoop-ozone/integration-test/target/test-dir/MiniOzoneClusterImpl-a4353b45-efea-4a09-bf1c-6c3a3aa95231/datanode-3/meta/datanode.id
2019-09-06 21:00:13,527 [main] INFO  volume.HddsVolume (HddsVolume.java:<init>(176)) - Creating Volume: /workdir/hadoop-ozone/integration-test/target/test-dir/MiniOzoneClusterImpl-a4353b45-efea-4a09-bf1c-6c3a3aa95231/datanode-4/data/containers/hdds of  storage type : DISK and capacity : 1482555576320
2019-09-06 21:00:13,527 [main] INFO  volume.VolumeSet (VolumeSet.java:initializeVolumeSet(170)) - Added Volume : /workdir/hadoop-ozone/integration-test/target/test-dir/MiniOzoneClusterImpl-a4353b45-efea-4a09-bf1c-6c3a3aa95231/datanode-4/data/containers/hdds to VolumeSet
2019-09-06 21:00:13,527 [main] INFO  volume.ThrottledAsyncChecker (ThrottledAsyncChecker.java:schedule(140)) - Scheduling a check for org.apache.hadoop.ozone.container.common.volume.HddsVolume@58d4238e
2019-09-06 21:00:13,528 [main] INFO  volume.HddsVolumeChecker (HddsVolumeChecker.java:checkAllVolumes(203)) - Scheduled health check for volume org.apache.hadoop.ozone.container.common.volume.HddsVolume@58d4238e
2019-09-06 21:00:13,539 [main] INFO  impl.RaftServerProxy (ConfUtils.java:logGet(43)) - raft.rpc.type = GRPC (default)
2019-09-06 21:00:13,539 [main] INFO  grpc.GrpcFactory (GrpcFactory.java:checkPooledByteBufAllocatorUseCacheForAllThreads(45)) - PERFORMANCE WARNING: useCacheForAllThreads is true that may cause Netty to create a lot garbage objects and, as a result, trigger GC.
	It is recommended to disable useCacheForAllThreads by setting -Dorg.apache.ratis.thirdparty.io.netty.allocator.useCacheForAllThreads=false in command line.
2019-09-06 21:00:13,539 [main] INFO  grpc.GrpcConfigKeys$Server (ConfUtils.java:logGet(43)) - raft.grpc.server.port = 0 (default)
2019-09-06 21:00:13,540 [main] INFO  server.GrpcService (ConfUtils.java:logGet(43)) - raft.grpc.message.size.max = 33570816 (custom)
2019-09-06 21:00:13,540 [main] INFO  server.RaftServerConfigKeys (ConfUtils.java:logGet(43)) - raft.server.log.appender.buffer.byte-limit = 33554432 (custom)
2019-09-06 21:00:13,540 [main] INFO  server.GrpcService (ConfUtils.java:logGet(43)) - raft.grpc.flow.control.window = 1MB (=1048576) (default)
2019-09-06 21:00:13,540 [main] INFO  server.RaftServerConfigKeys (ConfUtils.java:logGet(43)) - raft.server.rpc.request.timeout = 3000ms (default)
2019-09-06 21:00:13,541 [main] INFO  server.RaftServerConfigKeys (ConfUtils.java:logGet(43)) - raft.server.storage.dir = [/workdir/hadoop-ozone/integration-test/target/test-dir/MiniOzoneClusterImpl-a4353b45-efea-4a09-bf1c-6c3a3aa95231/datanode-4/data/ratis] (custom)
2019-09-06 21:00:13,542 [main] INFO  hdfs.DFSUtil (DFSUtil.java:httpServerTemplateForNNAndJN(1641)) - Starting Web-server for hddsDatanode at: http://0.0.0.0:0
2019-09-06 21:00:13,543 [main] INFO  server.AuthenticationFilter (AuthenticationFilter.java:constructSecretProvider(240)) - Unable to initialize FileSignerSecretProvider, falling back to use random secrets.
2019-09-06 21:00:13,543 [main] WARN  http.HttpRequestLog (HttpRequestLog.java:getRequestLog(97)) - Jetty request log can only be enabled using Log4j
2019-09-06 21:00:13,544 [main] INFO  http.HttpServer2 (HttpServer2.java:addGlobalFilter(975)) - Added global filter 'safety' (class=org.apache.hadoop.http.HttpServer2$QuotingInputFilter)
2019-09-06 21:00:13,545 [main] INFO  http.HttpServer2 (HttpServer2.java:addFilter(948)) - Added filter static_user_filter (class=org.apache.hadoop.http.lib.StaticUserWebFilter$StaticUserFilter) to context hddsDatanode
2019-09-06 21:00:13,545 [main] INFO  http.HttpServer2 (HttpServer2.java:addFilter(958)) - Added filter static_user_filter (class=org.apache.hadoop.http.lib.StaticUserWebFilter$StaticUserFilter) to context logs
2019-09-06 21:00:13,545 [main] INFO  http.HttpServer2 (HttpServer2.java:addFilter(958)) - Added filter static_user_filter (class=org.apache.hadoop.http.lib.StaticUserWebFilter$StaticUserFilter) to context static
2019-09-06 21:00:13,546 [main] INFO  http.HttpServer2 (HttpServer2.java:bindListener(1191)) - Jetty bound to port 38409
2019-09-06 21:00:13,546 [main] INFO  server.Server (Server.java:doStart(351)) - jetty-9.3.24.v20180605, build timestamp: 2018-06-05T17:11:56Z, git hash: 84205aa28f11a4f31f2a3b86d1bba2cc8ab69827
2019-09-06 21:00:13,547 [main] INFO  handler.ContextHandler (ContextHandler.java:doStart(781)) - Started o.e.j.s.ServletContextHandler@6842c101{/logs,file:///workdir/hadoop-ozone/integration-test/target/log,AVAILABLE}
2019-09-06 21:00:13,548 [main] INFO  handler.ContextHandler (ContextHandler.java:doStart(781)) - Started o.e.j.s.ServletContextHandler@2c48cede{/static,jar:file:/home/user/.m2/repository/org/apache/hadoop/hadoop-hdds-container-service/0.5.0-SNAPSHOT/hadoop-hdds-container-service-0.5.0-SNAPSHOT.jar!/webapps/static,AVAILABLE}
2019-09-06 21:00:13,575 [main] INFO  handler.ContextHandler (ContextHandler.java:doStart(781)) - Started o.e.j.w.WebAppContext@60591e1b{/,file:///tmp/jetty-0.0.0.0-38409-hddsDatanode-_-any-8371474939025676562.dir/webapp/,AVAILABLE}{/hddsDatanode}
2019-09-06 21:00:13,575 [main] INFO  server.AbstractConnector (AbstractConnector.java:doStart(278)) - Started ServerConnector@29c53c4f{HTTP/1.1,[http/1.1]}{0.0.0.0:38409}
2019-09-06 21:00:13,575 [main] INFO  server.Server (Server.java:doStart(419)) - Started @533511ms
2019-09-06 21:00:13,578 [main] WARN  impl.MetricsSystemImpl (MetricsSystemImpl.java:register(276)) - Sink prometheus already exists!
2019-09-06 21:00:13,578 [main] INFO  server.BaseHttpServer (BaseHttpServer.java:updateConnectorAddress(215)) - HTTP server of HDDSDATANODE is listening at http://0.0.0.0:38409
2019-09-06 21:00:13,579 [main] INFO  impl.MetricsSystemImpl (MetricsSystemImpl.java:init(158)) - HddsDatanode metrics system started (again)
2019-09-06 21:00:13,582 [org.apache.hadoop.util.JvmPauseMonitor$Monitor@6d4f7b03] INFO  util.JvmPauseMonitor (JvmPauseMonitor.java:run(188)) - Starting JVM pause monitor
2019-09-06 21:00:13,583 [main] INFO  ozone.HddsDatanodeService (HddsDatanodeService.java:start(184)) - HddsDatanodeService host:pr-hdds-2087-j7wfl-3989464410 ip:192.168.69.79
2019-09-06 21:00:13,584 [Datanode State Machine Thread - 0] INFO  datanode.InitDatanodeState (InitDatanodeState.java:persistContainerDatanodeDetails(140)) - DatanodeDetails is persisted to /workdir/hadoop-ozone/integration-test/target/test-dir/MiniOzoneClusterImpl-a4353b45-efea-4a09-bf1c-6c3a3aa95231/datanode-4/meta/datanode.id
2019-09-06 21:00:13,591 [main] INFO  volume.HddsVolume (HddsVolume.java:<init>(176)) - Creating Volume: /workdir/hadoop-ozone/integration-test/target/test-dir/MiniOzoneClusterImpl-a4353b45-efea-4a09-bf1c-6c3a3aa95231/datanode-5/data/containers/hdds of  storage type : DISK and capacity : 1482555576320
2019-09-06 21:00:13,591 [main] INFO  volume.VolumeSet (VolumeSet.java:initializeVolumeSet(170)) - Added Volume : /workdir/hadoop-ozone/integration-test/target/test-dir/MiniOzoneClusterImpl-a4353b45-efea-4a09-bf1c-6c3a3aa95231/datanode-5/data/containers/hdds to VolumeSet
2019-09-06 21:00:13,591 [main] INFO  volume.ThrottledAsyncChecker (ThrottledAsyncChecker.java:schedule(140)) - Scheduling a check for org.apache.hadoop.ozone.container.common.volume.HddsVolume@58a3d521
2019-09-06 21:00:13,592 [main] INFO  volume.HddsVolumeChecker (HddsVolumeChecker.java:checkAllVolumes(203)) - Scheduled health check for volume org.apache.hadoop.ozone.container.common.volume.HddsVolume@58a3d521
2019-09-06 21:00:13,610 [main] INFO  impl.RaftServerProxy (ConfUtils.java:logGet(43)) - raft.rpc.type = GRPC (default)
2019-09-06 21:00:13,610 [main] INFO  grpc.GrpcFactory (GrpcFactory.java:checkPooledByteBufAllocatorUseCacheForAllThreads(45)) - PERFORMANCE WARNING: useCacheForAllThreads is true that may cause Netty to create a lot garbage objects and, as a result, trigger GC.
	It is recommended to disable useCacheForAllThreads by setting -Dorg.apache.ratis.thirdparty.io.netty.allocator.useCacheForAllThreads=false in command line.
2019-09-06 21:00:13,610 [main] INFO  grpc.GrpcConfigKeys$Server (ConfUtils.java:logGet(43)) - raft.grpc.server.port = 0 (default)
2019-09-06 21:00:13,611 [main] INFO  server.GrpcService (ConfUtils.java:logGet(43)) - raft.grpc.message.size.max = 33570816 (custom)
2019-09-06 21:00:13,611 [main] INFO  server.RaftServerConfigKeys (ConfUtils.java:logGet(43)) - raft.server.log.appender.buffer.byte-limit = 33554432 (custom)
2019-09-06 21:00:13,611 [main] INFO  server.GrpcService (ConfUtils.java:logGet(43)) - raft.grpc.flow.control.window = 1MB (=1048576) (default)
2019-09-06 21:00:13,611 [main] INFO  server.RaftServerConfigKeys (ConfUtils.java:logGet(43)) - raft.server.rpc.request.timeout = 3000ms (default)
2019-09-06 21:00:13,612 [main] INFO  server.RaftServerConfigKeys (ConfUtils.java:logGet(43)) - raft.server.storage.dir = [/workdir/hadoop-ozone/integration-test/target/test-dir/MiniOzoneClusterImpl-a4353b45-efea-4a09-bf1c-6c3a3aa95231/datanode-5/data/ratis] (custom)
2019-09-06 21:00:13,614 [main] INFO  hdfs.DFSUtil (DFSUtil.java:httpServerTemplateForNNAndJN(1641)) - Starting Web-server for hddsDatanode at: http://0.0.0.0:0
2019-09-06 21:00:13,615 [main] INFO  server.AuthenticationFilter (AuthenticationFilter.java:constructSecretProvider(240)) - Unable to initialize FileSignerSecretProvider, falling back to use random secrets.
2019-09-06 21:00:13,615 [main] WARN  http.HttpRequestLog (HttpRequestLog.java:getRequestLog(97)) - Jetty request log can only be enabled using Log4j
2019-09-06 21:00:13,616 [main] INFO  http.HttpServer2 (HttpServer2.java:addGlobalFilter(975)) - Added global filter 'safety' (class=org.apache.hadoop.http.HttpServer2$QuotingInputFilter)
2019-09-06 21:00:13,617 [main] INFO  http.HttpServer2 (HttpServer2.java:addFilter(948)) - Added filter static_user_filter (class=org.apache.hadoop.http.lib.StaticUserWebFilter$StaticUserFilter) to context hddsDatanode
2019-09-06 21:00:13,617 [main] INFO  http.HttpServer2 (HttpServer2.java:addFilter(958)) - Added filter static_user_filter (class=org.apache.hadoop.http.lib.StaticUserWebFilter$StaticUserFilter) to context static
2019-09-06 21:00:13,617 [main] INFO  http.HttpServer2 (HttpServer2.java:addFilter(958)) - Added filter static_user_filter (class=org.apache.hadoop.http.lib.StaticUserWebFilter$StaticUserFilter) to context logs
2019-09-06 21:00:13,618 [main] INFO  http.HttpServer2 (HttpServer2.java:bindListener(1191)) - Jetty bound to port 33532
2019-09-06 21:00:13,618 [main] INFO  server.Server (Server.java:doStart(351)) - jetty-9.3.24.v20180605, build timestamp: 2018-06-05T17:11:56Z, git hash: 84205aa28f11a4f31f2a3b86d1bba2cc8ab69827
2019-09-06 21:00:13,619 [main] INFO  handler.ContextHandler (ContextHandler.java:doStart(781)) - Started o.e.j.s.ServletContextHandler@2365ea38{/logs,file:///workdir/hadoop-ozone/integration-test/target/log,AVAILABLE}
2019-09-06 21:00:13,620 [main] INFO  handler.ContextHandler (ContextHandler.java:doStart(781)) - Started o.e.j.s.ServletContextHandler@49232c6f{/static,jar:file:/home/user/.m2/repository/org/apache/hadoop/hadoop-hdds-container-service/0.5.0-SNAPSHOT/hadoop-hdds-container-service-0.5.0-SNAPSHOT.jar!/webapps/static,AVAILABLE}
2019-09-06 21:00:13,646 [main] INFO  handler.ContextHandler (ContextHandler.java:doStart(781)) - Started o.e.j.w.WebAppContext@7741ae1b{/,file:///tmp/jetty-0.0.0.0-33532-hddsDatanode-_-any-8500483439249737525.dir/webapp/,AVAILABLE}{/hddsDatanode}
2019-09-06 21:00:13,647 [main] INFO  server.AbstractConnector (AbstractConnector.java:doStart(278)) - Started ServerConnector@50e5032c{HTTP/1.1,[http/1.1]}{0.0.0.0:33532}
2019-09-06 21:00:13,647 [main] INFO  server.Server (Server.java:doStart(419)) - Started @533583ms
2019-09-06 21:00:13,648 [main] WARN  impl.MetricsSystemImpl (MetricsSystemImpl.java:register(276)) - Sink prometheus already exists!
2019-09-06 21:00:13,649 [main] INFO  server.BaseHttpServer (BaseHttpServer.java:updateConnectorAddress(215)) - HTTP server of HDDSDATANODE is listening at http://0.0.0.0:33532
2019-09-06 21:00:13,649 [main] INFO  impl.MetricsSystemImpl (MetricsSystemImpl.java:init(158)) - HddsDatanode metrics system started (again)
2019-09-06 21:00:13,653 [org.apache.hadoop.util.JvmPauseMonitor$Monitor@3e2cec55] INFO  util.JvmPauseMonitor (JvmPauseMonitor.java:run(188)) - Starting JVM pause monitor
2019-09-06 21:00:13,653 [main] INFO  ozone.HddsDatanodeService (HddsDatanodeService.java:start(184)) - HddsDatanodeService host:pr-hdds-2087-j7wfl-3989464410 ip:192.168.69.79
2019-09-06 21:00:13,654 [Datanode State Machine Thread - 0] INFO  datanode.InitDatanodeState (InitDatanodeState.java:persistContainerDatanodeDetails(140)) - DatanodeDetails is persisted to /workdir/hadoop-ozone/integration-test/target/test-dir/MiniOzoneClusterImpl-a4353b45-efea-4a09-bf1c-6c3a3aa95231/datanode-5/meta/datanode.id
2019-09-06 21:00:13,660 [main] INFO  volume.HddsVolume (HddsVolume.java:<init>(176)) - Creating Volume: /workdir/hadoop-ozone/integration-test/target/test-dir/MiniOzoneClusterImpl-a4353b45-efea-4a09-bf1c-6c3a3aa95231/datanode-6/data/containers/hdds of  storage type : DISK and capacity : 1482555576320
2019-09-06 21:00:13,660 [main] INFO  volume.VolumeSet (VolumeSet.java:initializeVolumeSet(170)) - Added Volume : /workdir/hadoop-ozone/integration-test/target/test-dir/MiniOzoneClusterImpl-a4353b45-efea-4a09-bf1c-6c3a3aa95231/datanode-6/data/containers/hdds to VolumeSet
2019-09-06 21:00:13,660 [main] INFO  volume.ThrottledAsyncChecker (ThrottledAsyncChecker.java:schedule(140)) - Scheduling a check for org.apache.hadoop.ozone.container.common.volume.HddsVolume@1e2445f6
2019-09-06 21:00:13,661 [main] INFO  volume.HddsVolumeChecker (HddsVolumeChecker.java:checkAllVolumes(203)) - Scheduled health check for volume org.apache.hadoop.ozone.container.common.volume.HddsVolume@1e2445f6
2019-09-06 21:00:13,676 [main] INFO  impl.RaftServerProxy (ConfUtils.java:logGet(43)) - raft.rpc.type = GRPC (default)
2019-09-06 21:00:13,676 [main] INFO  grpc.GrpcFactory (GrpcFactory.java:checkPooledByteBufAllocatorUseCacheForAllThreads(45)) - PERFORMANCE WARNING: useCacheForAllThreads is true that may cause Netty to create a lot garbage objects and, as a result, trigger GC.
	It is recommended to disable useCacheForAllThreads by setting -Dorg.apache.ratis.thirdparty.io.netty.allocator.useCacheForAllThreads=false in command line.
2019-09-06 21:00:13,677 [main] INFO  grpc.GrpcConfigKeys$Server (ConfUtils.java:logGet(43)) - raft.grpc.server.port = 0 (default)
2019-09-06 21:00:13,677 [main] INFO  server.GrpcService (ConfUtils.java:logGet(43)) - raft.grpc.message.size.max = 33570816 (custom)
2019-09-06 21:00:13,677 [main] INFO  server.RaftServerConfigKeys (ConfUtils.java:logGet(43)) - raft.server.log.appender.buffer.byte-limit = 33554432 (custom)
2019-09-06 21:00:13,678 [main] INFO  server.GrpcService (ConfUtils.java:logGet(43)) - raft.grpc.flow.control.window = 1MB (=1048576) (default)
2019-09-06 21:00:13,678 [main] INFO  server.RaftServerConfigKeys (ConfUtils.java:logGet(43)) - raft.server.rpc.request.timeout = 3000ms (default)
2019-09-06 21:00:13,679 [main] INFO  server.RaftServerConfigKeys (ConfUtils.java:logGet(43)) - raft.server.storage.dir = [/workdir/hadoop-ozone/integration-test/target/test-dir/MiniOzoneClusterImpl-a4353b45-efea-4a09-bf1c-6c3a3aa95231/datanode-6/data/ratis] (custom)
2019-09-06 21:00:13,680 [main] INFO  hdfs.DFSUtil (DFSUtil.java:httpServerTemplateForNNAndJN(1641)) - Starting Web-server for hddsDatanode at: http://0.0.0.0:0
2019-09-06 21:00:13,682 [main] INFO  server.AuthenticationFilter (AuthenticationFilter.java:constructSecretProvider(240)) - Unable to initialize FileSignerSecretProvider, falling back to use random secrets.
2019-09-06 21:00:13,682 [main] WARN  http.HttpRequestLog (HttpRequestLog.java:getRequestLog(97)) - Jetty request log can only be enabled using Log4j
2019-09-06 21:00:13,684 [main] INFO  http.HttpServer2 (HttpServer2.java:addGlobalFilter(975)) - Added global filter 'safety' (class=org.apache.hadoop.http.HttpServer2$QuotingInputFilter)
2019-09-06 21:00:13,684 [main] INFO  http.HttpServer2 (HttpServer2.java:addFilter(948)) - Added filter static_user_filter (class=org.apache.hadoop.http.lib.StaticUserWebFilter$StaticUserFilter) to context hddsDatanode
2019-09-06 21:00:13,684 [main] INFO  http.HttpServer2 (HttpServer2.java:addFilter(958)) - Added filter static_user_filter (class=org.apache.hadoop.http.lib.StaticUserWebFilter$StaticUserFilter) to context static
2019-09-06 21:00:13,684 [main] INFO  http.HttpServer2 (HttpServer2.java:addFilter(958)) - Added filter static_user_filter (class=org.apache.hadoop.http.lib.StaticUserWebFilter$StaticUserFilter) to context logs
2019-09-06 21:00:13,685 [main] INFO  http.HttpServer2 (HttpServer2.java:bindListener(1191)) - Jetty bound to port 36906
2019-09-06 21:00:13,685 [main] INFO  server.Server (Server.java:doStart(351)) - jetty-9.3.24.v20180605, build timestamp: 2018-06-05T17:11:56Z, git hash: 84205aa28f11a4f31f2a3b86d1bba2cc8ab69827
2019-09-06 21:00:13,687 [main] INFO  handler.ContextHandler (ContextHandler.java:doStart(781)) - Started o.e.j.s.ServletContextHandler@7ceb6c45{/logs,file:///workdir/hadoop-ozone/integration-test/target/log,AVAILABLE}
2019-09-06 21:00:13,687 [main] INFO  handler.ContextHandler (ContextHandler.java:doStart(781)) - Started o.e.j.s.ServletContextHandler@48499739{/static,jar:file:/home/user/.m2/repository/org/apache/hadoop/hadoop-hdds-container-service/0.5.0-SNAPSHOT/hadoop-hdds-container-service-0.5.0-SNAPSHOT.jar!/webapps/static,AVAILABLE}
2019-09-06 21:00:13,714 [main] INFO  handler.ContextHandler (ContextHandler.java:doStart(781)) - Started o.e.j.w.WebAppContext@79ca7bea{/,file:///tmp/jetty-0.0.0.0-36906-hddsDatanode-_-any-672471780423007146.dir/webapp/,AVAILABLE}{/hddsDatanode}
2019-09-06 21:00:13,714 [main] INFO  server.AbstractConnector (AbstractConnector.java:doStart(278)) - Started ServerConnector@54f6b629{HTTP/1.1,[http/1.1]}{0.0.0.0:36906}
2019-09-06 21:00:13,714 [main] INFO  server.Server (Server.java:doStart(419)) - Started @533650ms
2019-09-06 21:00:13,719 [main] WARN  impl.MetricsSystemImpl (MetricsSystemImpl.java:register(276)) - Sink prometheus already exists!
2019-09-06 21:00:13,719 [main] INFO  server.BaseHttpServer (BaseHttpServer.java:updateConnectorAddress(215)) - HTTP server of HDDSDATANODE is listening at http://0.0.0.0:36906
2019-09-06 21:00:13,720 [main] INFO  ozone.MiniOzoneClusterImpl (MiniOzoneClusterImpl.java:lambda$waitForClusterToBeReady$0(140)) - Waiting for cluster to be ready. Got 0 of 7 DN Heartbeats.
2019-09-06 21:00:13,721 [org.apache.hadoop.util.JvmPauseMonitor$Monitor@528f3276] INFO  util.JvmPauseMonitor (JvmPauseMonitor.java:run(188)) - Starting JVM pause monitor
2019-09-06 21:00:13,722 [Datanode State Machine Thread - 0] INFO  datanode.InitDatanodeState (InitDatanodeState.java:persistContainerDatanodeDetails(140)) - DatanodeDetails is persisted to /workdir/hadoop-ozone/integration-test/target/test-dir/MiniOzoneClusterImpl-a4353b45-efea-4a09-bf1c-6c3a3aa95231/datanode-6/meta/datanode.id
2019-09-06 21:00:14,720 [main] INFO  ozone.MiniOzoneClusterImpl (MiniOzoneClusterImpl.java:lambda$waitForClusterToBeReady$0(140)) - Waiting for cluster to be ready. Got 0 of 7 DN Heartbeats.
2019-09-06 21:00:15,361 [Datanode State Machine Thread - 0] INFO  ozoneimpl.OzoneContainer (OzoneContainer.java:start(216)) - Attempting to start container services.
2019-09-06 21:00:15,362 [Datanode State Machine Thread - 0] INFO  ozoneimpl.OzoneContainer (OzoneContainer.java:startContainerScrub(178)) - Background container scanner has been disabled.
2019-09-06 21:00:15,362 [Datanode State Machine Thread - 0] INFO  ratis.XceiverServerRatis (XceiverServerRatis.java:start(393)) - Starting XceiverServerRatis 1e7c2804-6315-4ea1-a19d-948e315fb9b4 at port 0
2019-09-06 21:00:15,369 [Datanode State Machine Thread - 0] INFO  impl.RaftServerProxy (RaftServerProxy.java:lambda$start$3(299)) - 1e7c2804-6315-4ea1-a19d-948e315fb9b4: start RPC server
2019-09-06 21:00:15,371 [Datanode State Machine Thread - 0] INFO  server.GrpcService (GrpcService.java:startImpl(149)) - 1e7c2804-6315-4ea1-a19d-948e315fb9b4: GrpcService started, listening on 0.0.0.0/0.0.0.0:45272
2019-09-06 21:00:15,371 [Datanode State Machine Thread - 0] INFO  ratis.XceiverServerRatis (XceiverServerRatis.java:start(403)) - XceiverServerRatis 1e7c2804-6315-4ea1-a19d-948e315fb9b4 is started using port 45272
2019-09-06 21:00:15,372 [Datanode State Machine Thread - 0] INFO  server.XceiverServerGrpc (XceiverServerGrpc.java:start(163)) - XceiverServerGrpc 1e7c2804-6315-4ea1-a19d-948e315fb9b4 is started using port 42842
2019-09-06 21:00:15,418 [Datanode State Machine Thread - 0] INFO  ozoneimpl.OzoneContainer (OzoneContainer.java:start(216)) - Attempting to start container services.
2019-09-06 21:00:15,418 [Datanode State Machine Thread - 0] INFO  ozoneimpl.OzoneContainer (OzoneContainer.java:startContainerScrub(178)) - Background container scanner has been disabled.
2019-09-06 21:00:15,419 [Datanode State Machine Thread - 0] INFO  ratis.XceiverServerRatis (XceiverServerRatis.java:start(393)) - Starting XceiverServerRatis d6006497-b0fb-42f8-ab26-f6c3c9c7f1ef at port 0
2019-09-06 21:00:15,425 [Datanode State Machine Thread - 0] INFO  impl.RaftServerProxy (RaftServerProxy.java:lambda$start$3(299)) - d6006497-b0fb-42f8-ab26-f6c3c9c7f1ef: start RPC server
2019-09-06 21:00:15,426 [Datanode State Machine Thread - 0] INFO  server.GrpcService (GrpcService.java:startImpl(149)) - d6006497-b0fb-42f8-ab26-f6c3c9c7f1ef: GrpcService started, listening on 0.0.0.0/0.0.0.0:36953
2019-09-06 21:00:15,426 [Datanode State Machine Thread - 0] INFO  ratis.XceiverServerRatis (XceiverServerRatis.java:start(403)) - XceiverServerRatis d6006497-b0fb-42f8-ab26-f6c3c9c7f1ef is started using port 36953
2019-09-06 21:00:15,427 [Datanode State Machine Thread - 0] INFO  server.XceiverServerGrpc (XceiverServerGrpc.java:start(163)) - XceiverServerGrpc d6006497-b0fb-42f8-ab26-f6c3c9c7f1ef is started using port 44157
2019-09-06 21:00:15,481 [Datanode State Machine Thread - 0] INFO  ozoneimpl.OzoneContainer (OzoneContainer.java:start(216)) - Attempting to start container services.
2019-09-06 21:00:15,481 [Datanode State Machine Thread - 0] INFO  ozoneimpl.OzoneContainer (OzoneContainer.java:startContainerScrub(178)) - Background container scanner has been disabled.
2019-09-06 21:00:15,481 [Datanode State Machine Thread - 0] INFO  ratis.XceiverServerRatis (XceiverServerRatis.java:start(393)) - Starting XceiverServerRatis ced85cde-8cf9-4c13-a7ed-8c6ff9465544 at port 0
2019-09-06 21:00:15,489 [Datanode State Machine Thread - 0] INFO  impl.RaftServerProxy (RaftServerProxy.java:lambda$start$3(299)) - ced85cde-8cf9-4c13-a7ed-8c6ff9465544: start RPC server
2019-09-06 21:00:15,490 [Datanode State Machine Thread - 0] INFO  server.GrpcService (GrpcService.java:startImpl(149)) - ced85cde-8cf9-4c13-a7ed-8c6ff9465544: GrpcService started, listening on 0.0.0.0/0.0.0.0:43725
2019-09-06 21:00:15,490 [Datanode State Machine Thread - 0] INFO  ratis.XceiverServerRatis (XceiverServerRatis.java:start(403)) - XceiverServerRatis ced85cde-8cf9-4c13-a7ed-8c6ff9465544 is started using port 43725
2019-09-06 21:00:15,490 [Datanode State Machine Thread - 0] INFO  server.XceiverServerGrpc (XceiverServerGrpc.java:start(163)) - XceiverServerGrpc ced85cde-8cf9-4c13-a7ed-8c6ff9465544 is started using port 41724
2019-09-06 21:00:15,548 [Datanode State Machine Thread - 0] INFO  ozoneimpl.OzoneContainer (OzoneContainer.java:start(216)) - Attempting to start container services.
2019-09-06 21:00:15,549 [Datanode State Machine Thread - 0] INFO  ozoneimpl.OzoneContainer (OzoneContainer.java:startContainerScrub(178)) - Background container scanner has been disabled.
2019-09-06 21:00:15,549 [Datanode State Machine Thread - 0] INFO  ratis.XceiverServerRatis (XceiverServerRatis.java:start(393)) - Starting XceiverServerRatis 09e4882c-6b26-4422-8bfe-d1403bdd4066 at port 0
2019-09-06 21:00:15,559 [Datanode State Machine Thread - 0] INFO  impl.RaftServerProxy (RaftServerProxy.java:lambda$start$3(299)) - 09e4882c-6b26-4422-8bfe-d1403bdd4066: start RPC server
2019-09-06 21:00:15,563 [Datanode State Machine Thread - 0] INFO  server.GrpcService (GrpcService.java:startImpl(149)) - 09e4882c-6b26-4422-8bfe-d1403bdd4066: GrpcService started, listening on 0.0.0.0/0.0.0.0:44025
2019-09-06 21:00:15,563 [Datanode State Machine Thread - 0] INFO  ratis.XceiverServerRatis (XceiverServerRatis.java:start(403)) - XceiverServerRatis 09e4882c-6b26-4422-8bfe-d1403bdd4066 is started using port 44025
2019-09-06 21:00:15,564 [Datanode State Machine Thread - 0] INFO  server.XceiverServerGrpc (XceiverServerGrpc.java:start(163)) - XceiverServerGrpc 09e4882c-6b26-4422-8bfe-d1403bdd4066 is started using port 42909
2019-09-06 21:00:15,607 [Datanode State Machine Thread - 0] INFO  ozoneimpl.OzoneContainer (OzoneContainer.java:start(216)) - Attempting to start container services.
2019-09-06 21:00:15,608 [Datanode State Machine Thread - 0] INFO  ozoneimpl.OzoneContainer (OzoneContainer.java:startContainerScrub(178)) - Background container scanner has been disabled.
2019-09-06 21:00:15,608 [Datanode State Machine Thread - 0] INFO  ratis.XceiverServerRatis (XceiverServerRatis.java:start(393)) - Starting XceiverServerRatis fbf37fd0-cd16-4237-a40d-69722fedc998 at port 0
2019-09-06 21:00:15,615 [Datanode State Machine Thread - 0] INFO  impl.RaftServerProxy (RaftServerProxy.java:lambda$start$3(299)) - fbf37fd0-cd16-4237-a40d-69722fedc998: start RPC server
2019-09-06 21:00:15,615 [Datanode State Machine Thread - 0] INFO  server.GrpcService (GrpcService.java:startImpl(149)) - fbf37fd0-cd16-4237-a40d-69722fedc998: GrpcService started, listening on 0.0.0.0/0.0.0.0:42262
2019-09-06 21:00:15,616 [Datanode State Machine Thread - 0] INFO  ratis.XceiverServerRatis (XceiverServerRatis.java:start(403)) - XceiverServerRatis fbf37fd0-cd16-4237-a40d-69722fedc998 is started using port 42262
2019-09-06 21:00:15,616 [Datanode State Machine Thread - 0] INFO  server.XceiverServerGrpc (XceiverServerGrpc.java:start(163)) - XceiverServerGrpc fbf37fd0-cd16-4237-a40d-69722fedc998 is started using port 35971
2019-09-06 21:00:15,678 [Datanode State Machine Thread - 0] INFO  ozoneimpl.OzoneContainer (OzoneContainer.java:start(216)) - Attempting to start container services.
2019-09-06 21:00:15,678 [Datanode State Machine Thread - 0] INFO  ozoneimpl.OzoneContainer (OzoneContainer.java:startContainerScrub(178)) - Background container scanner has been disabled.
2019-09-06 21:00:15,678 [Datanode State Machine Thread - 0] INFO  ratis.XceiverServerRatis (XceiverServerRatis.java:start(393)) - Starting XceiverServerRatis f08ec93a-17fb-4985-ac3a-369735124bec at port 0
2019-09-06 21:00:15,687 [Datanode State Machine Thread - 0] INFO  impl.RaftServerProxy (RaftServerProxy.java:lambda$start$3(299)) - f08ec93a-17fb-4985-ac3a-369735124bec: start RPC server
2019-09-06 21:00:15,691 [Datanode State Machine Thread - 0] INFO  server.GrpcService (GrpcService.java:startImpl(149)) - f08ec93a-17fb-4985-ac3a-369735124bec: GrpcService started, listening on 0.0.0.0/0.0.0.0:37055
2019-09-06 21:00:15,691 [Datanode State Machine Thread - 0] INFO  ratis.XceiverServerRatis (XceiverServerRatis.java:start(403)) - XceiverServerRatis f08ec93a-17fb-4985-ac3a-369735124bec is started using port 37055
2019-09-06 21:00:15,692 [Datanode State Machine Thread - 0] INFO  server.XceiverServerGrpc (XceiverServerGrpc.java:start(163)) - XceiverServerGrpc f08ec93a-17fb-4985-ac3a-369735124bec is started using port 34982
2019-09-06 21:00:15,721 [main] INFO  ozone.MiniOzoneClusterImpl (MiniOzoneClusterImpl.java:lambda$waitForClusterToBeReady$0(140)) - Waiting for cluster to be ready. Got 0 of 7 DN Heartbeats.
2019-09-06 21:00:15,746 [Datanode State Machine Thread - 0] INFO  ozoneimpl.OzoneContainer (OzoneContainer.java:start(216)) - Attempting to start container services.
2019-09-06 21:00:15,746 [Datanode State Machine Thread - 0] INFO  ozoneimpl.OzoneContainer (OzoneContainer.java:startContainerScrub(178)) - Background container scanner has been disabled.
2019-09-06 21:00:15,746 [Datanode State Machine Thread - 0] INFO  ratis.XceiverServerRatis (XceiverServerRatis.java:start(393)) - Starting XceiverServerRatis 6820f5c3-6a00-4616-8415-97e192fe644d at port 0
2019-09-06 21:00:15,754 [Datanode State Machine Thread - 0] INFO  impl.RaftServerProxy (RaftServerProxy.java:lambda$start$3(299)) - 6820f5c3-6a00-4616-8415-97e192fe644d: start RPC server
2019-09-06 21:00:15,758 [Datanode State Machine Thread - 0] INFO  server.GrpcService (GrpcService.java:startImpl(149)) - 6820f5c3-6a00-4616-8415-97e192fe644d: GrpcService started, listening on 0.0.0.0/0.0.0.0:34578
2019-09-06 21:00:15,758 [Datanode State Machine Thread - 0] INFO  ratis.XceiverServerRatis (XceiverServerRatis.java:start(403)) - XceiverServerRatis 6820f5c3-6a00-4616-8415-97e192fe644d is started using port 34578
2019-09-06 21:00:15,759 [Datanode State Machine Thread - 0] INFO  server.XceiverServerGrpc (XceiverServerGrpc.java:start(163)) - XceiverServerGrpc 6820f5c3-6a00-4616-8415-97e192fe644d is started using port 40178
2019-09-06 21:00:16,721 [main] INFO  ozone.MiniOzoneClusterImpl (MiniOzoneClusterImpl.java:lambda$waitForClusterToBeReady$0(140)) - Waiting for cluster to be ready. Got 0 of 7 DN Heartbeats.
2019-09-06 21:00:17,334 [IPC Server handler 0 on 39029] INFO  net.NetworkTopology (NetworkTopologyImpl.java:add(110)) - Added a new node: /default-rack/1e7c2804-6315-4ea1-a19d-948e315fb9b4
2019-09-06 21:00:17,337 [IPC Server handler 0 on 39029] INFO  node.SCMNodeManager (SCMNodeManager.java:register(266)) - Registered Data node : 1e7c2804-6315-4ea1-a19d-948e315fb9b4{ip: 192.168.69.79, host: pr-hdds-2087-j7wfl-3989464410, networkLocation: /default-rack, certSerialId: null}
2019-09-06 21:00:17,338 [EventQueue-NodeRegistrationContainerReportForDataNodeSafeModeRule] INFO  safemode.SCMSafeModeManager (DataNodeSafeModeRule.java:process(71)) - SCM in safe mode. 1 DataNodes registered, 1 required.
2019-09-06 21:00:17,340 [EventQueue-NodeRegistrationContainerReportForDataNodeSafeModeRule] INFO  safemode.SCMSafeModeManager (SCMSafeModeManager.java:validateSafeModeExitRules(177)) - ScmSafeModeManager, all rules are successfully validated
2019-09-06 21:00:17,340 [EventQueue-NodeRegistrationContainerReportForDataNodeSafeModeRule] INFO  safemode.SCMSafeModeManager (SCMSafeModeManager.java:exitSafeMode(193)) - SCM exiting safe mode.
2019-09-06 21:00:17,349 [grpc-default-executor-6] INFO  impl.RaftServerProxy (RaftServerProxy.java:addNew(89)) - 1e7c2804-6315-4ea1-a19d-948e315fb9b4: addNew group-AFA080BD2535:[1e7c2804-6315-4ea1-a19d-948e315fb9b4:192.168.69.79:45272] returns group-AFA080BD2535:java.util.concurrent.CompletableFuture@3ef033d8[Not completed]
2019-09-06 21:00:17,351 [pool-409-thread-1] INFO  impl.RaftServerImpl (RaftServerImpl.java:<init>(93)) - 1e7c2804-6315-4ea1-a19d-948e315fb9b4: new RaftServerImpl for group-AFA080BD2535:[1e7c2804-6315-4ea1-a19d-948e315fb9b4:192.168.69.79:45272] with ContainerStateMachine:uninitialized
2019-09-06 21:00:17,351 [pool-409-thread-1] INFO  server.RaftServerConfigKeys (ConfUtils.java:logGet(43)) - raft.server.rpc.timeout.min = 5s (custom)
2019-09-06 21:00:17,351 [pool-409-thread-1] INFO  server.RaftServerConfigKeys (ConfUtils.java:logGet(43)) - raft.server.rpc.timeout.max = 5200ms (custom)
2019-09-06 21:00:17,351 [pool-409-thread-1] INFO  server.RaftServerConfigKeys (ConfUtils.java:logGet(43)) - raft.server.rpcslowness.timeout = 120s (custom)
2019-09-06 21:00:17,351 [pool-409-thread-1] INFO  server.RaftServerConfigKeys (ConfUtils.java:logGet(43)) - raft.server.sleep.deviation.threshold = 300 (default)
2019-09-06 21:00:17,351 [pool-409-thread-1] INFO  server.RaftServerConfigKeys (ConfUtils.java:logGet(43)) - raft.server.log.appender.install.snapshot.enabled = false (custom)
2019-09-06 21:00:17,351 [pool-409-thread-1] INFO  impl.RaftServerImpl (ServerState.java:<init>(105)) - 1e7c2804-6315-4ea1-a19d-948e315fb9b4:group-AFA080BD2535 ConfigurationManager, init=-1: [1e7c2804-6315-4ea1-a19d-948e315fb9b4:192.168.69.79:45272], old=null, confs=<EMPTY_MAP>
2019-09-06 21:00:17,352 [pool-409-thread-1] INFO  server.RaftServerConfigKeys (ConfUtils.java:logGet(43)) - raft.server.storage.dir = [/workdir/hadoop-ozone/integration-test/target/test-dir/MiniOzoneClusterImpl-a4353b45-efea-4a09-bf1c-6c3a3aa95231/datanode-0/data/ratis] (custom)
2019-09-06 21:00:17,352 [pool-409-thread-1] INFO  storage.RaftStorageDirectory (RaftStorageDirectory.java:analyzeStorage(246)) - The storage directory /workdir/hadoop-ozone/integration-test/target/test-dir/MiniOzoneClusterImpl-a4353b45-efea-4a09-bf1c-6c3a3aa95231/datanode-0/data/ratis/d40f6b1b-20a2-4c47-8557-afa080bd2535 does not exist. Creating ...
2019-09-06 21:00:17,375 [pool-409-thread-1] INFO  storage.RaftStorageDirectory (RaftStorageDirectory.java:tryLock(328)) - Lock on /workdir/hadoop-ozone/integration-test/target/test-dir/MiniOzoneClusterImpl-a4353b45-efea-4a09-bf1c-6c3a3aa95231/datanode-0/data/ratis/d40f6b1b-20a2-4c47-8557-afa080bd2535/in_use.lock acquired by nodename 17137@pr-hdds-2087-j7wfl-3989464410
2019-09-06 21:00:17,397 [IPC Server handler 2 on 39029] INFO  net.NetworkTopology (NetworkTopologyImpl.java:add(110)) - Added a new node: /default-rack/d6006497-b0fb-42f8-ab26-f6c3c9c7f1ef
2019-09-06 21:00:17,397 [IPC Server handler 2 on 39029] INFO  node.SCMNodeManager (SCMNodeManager.java:register(266)) - Registered Data node : d6006497-b0fb-42f8-ab26-f6c3c9c7f1ef{ip: 192.168.69.79, host: pr-hdds-2087-j7wfl-3989464410, networkLocation: /default-rack, certSerialId: null}
2019-09-06 21:00:17,407 [pool-409-thread-1] INFO  storage.RaftStorage (RaftStorage.java:format(72)) - Storage directory /workdir/hadoop-ozone/integration-test/target/test-dir/MiniOzoneClusterImpl-a4353b45-efea-4a09-bf1c-6c3a3aa95231/datanode-0/data/ratis/d40f6b1b-20a2-4c47-8557-afa080bd2535 has been successfully formatted.
2019-09-06 21:00:17,408 [pool-409-thread-1] INFO  ratis.ContainerStateMachine (ContainerStateMachine.java:loadSnapshot(227)) - group-AFA080BD2535: The snapshot info is null. Setting the last applied indexto:(t:0, i:~)
2019-09-06 21:00:17,408 [pool-409-thread-1] INFO  server.RaftServerConfigKeys (ConfUtils.java:logGet(43)) - raft.server.leader.election.timeout = 120s (custom)
2019-09-06 21:00:17,408 [pool-409-thread-1] INFO  server.RaftServerConfigKeys (ConfUtils.java:logGet(43)) - raft.server.log.use.memory = false (default)
2019-09-06 21:00:17,409 [pool-409-thread-1] INFO  server.RaftServerConfigKeys (ConfUtils.java:logGet(43)) - raft.server.log.purge.gap = 1000000 (custom)
2019-09-06 21:00:17,409 [pool-409-thread-1] INFO  server.RaftServerConfigKeys (ConfUtils.java:logGet(43)) - raft.server.log.appender.buffer.byte-limit = 33554432 (custom)
2019-09-06 21:00:17,410 [pool-409-thread-1] INFO  server.RaftServerConfigKeys (ConfUtils.java:logGet(43)) - raft.server.log.segment.size.max = 1048576 (custom)
2019-09-06 21:00:17,410 [pool-409-thread-1] INFO  server.RaftServerConfigKeys (ConfUtils.java:logGet(43)) - raft.server.log.segment.cache.num.max = 2 (custom)
2019-09-06 21:00:17,410 [pool-409-thread-1] INFO  segmented.SegmentedRaftLogWorker (SegmentedRaftLogWorker.java:<init>(172)) - new 1e7c2804-6315-4ea1-a19d-948e315fb9b4-SegmentedRaftLogWorker:Storage Directory /workdir/hadoop-ozone/integration-test/target/test-dir/MiniOzoneClusterImpl-a4353b45-efea-4a09-bf1c-6c3a3aa95231/datanode-0/data/ratis/d40f6b1b-20a2-4c47-8557-afa080bd2535 for RaftStorage:Storage Directory /workdir/hadoop-ozone/integration-test/target/test-dir/MiniOzoneClusterImpl-a4353b45-efea-4a09-bf1c-6c3a3aa95231/datanode-0/data/ratis/d40f6b1b-20a2-4c47-8557-afa080bd2535
2019-09-06 21:00:17,411 [pool-409-thread-1] INFO  server.RaftServerConfigKeys (ConfUtils.java:logGet(43)) - raft.server.log.queue.byte-limit = 2147483647 (custom)
2019-09-06 21:00:17,411 [pool-409-thread-1] INFO  server.RaftServerConfigKeys (ConfUtils.java:logGet(43)) - raft.server.log.queue.element-limit = 1024 (custom)
2019-09-06 21:00:17,411 [pool-409-thread-1] INFO  server.RaftServerConfigKeys (ConfUtils.java:logGet(43)) - raft.server.log.segment.size.max = 1048576 (custom)
2019-09-06 21:00:17,412 [pool-409-thread-1] INFO  server.RaftServerConfigKeys (ConfUtils.java:logGet(43)) - raft.server.log.preallocated.size = 16384 (custom)
2019-09-06 21:00:17,412 [pool-409-thread-1] INFO  server.RaftServerConfigKeys (ConfUtils.java:logGet(43)) - raft.server.log.write.buffer.size = 33554432 (custom)
2019-09-06 21:00:17,412 [pool-409-thread-1] INFO  server.RaftServerConfigKeys (ConfUtils.java:logGet(43)) - raft.server.log.force.sync.num = 128 (default)
2019-09-06 21:00:17,413 [pool-409-thread-1] INFO  server.RaftServerConfigKeys (ConfUtils.java:logGet(43)) - raft.server.log.statemachine.data.sync = true (default)
2019-09-06 21:00:17,413 [pool-409-thread-1] INFO  server.RaftServerConfigKeys (ConfUtils.java:logGet(43)) - raft.server.log.statemachine.data.sync.timeout = 10s (default)
2019-09-06 21:00:17,413 [pool-409-thread-1] INFO  server.RaftServerConfigKeys (ConfUtils.java:logGet(43)) - raft.server.log.statemachine.data.sync.timeout.retry = -1 (default)
2019-09-06 21:00:17,414 [pool-409-thread-1] INFO  server.RaftServerConfigKeys (ConfUtils.java:logGet(43)) - raft.server.log.statemachine.data.caching.enabled = true (custom)
2019-09-06 21:00:17,415 [pool-409-thread-1] INFO  segmented.SegmentedRaftLogWorker (SegmentedRaftLogWorker.java:lambda$new$0(132)) - 1e7c2804-6315-4ea1-a19d-948e315fb9b4-SegmentedRaftLogWorker:Storage Directory /workdir/hadoop-ozone/integration-test/target/test-dir/MiniOzoneClusterImpl-a4353b45-efea-4a09-bf1c-6c3a3aa95231/datanode-0/data/ratis/d40f6b1b-20a2-4c47-8557-afa080bd2535: flushIndex: setUnconditionally 0 -> -1
2019-09-06 21:00:17,415 [pool-409-thread-1] INFO  server.RaftServerConfigKeys (ConfUtils.java:logGet(43)) - raft.server.snapshot.auto.trigger.enabled = true (custom)
2019-09-06 21:00:17,416 [pool-409-thread-1] INFO  server.RaftServerConfigKeys (ConfUtils.java:logGet(43)) - raft.server.snapshot.auto.trigger.threshold = 10000 (custom)
2019-09-06 21:00:17,416 [pool-409-thread-1] INFO  server.RaftServerConfigKeys (ConfUtils.java:logGet(43)) - raft.server.retrycache.expirytime = 600000ms (custom)
2019-09-06 21:00:17,417 [pool-409-thread-1] INFO  impl.RaftServerImpl (RaftServerImpl.java:start(180)) - 1e7c2804-6315-4ea1-a19d-948e315fb9b4: start group-AFA080BD2535
2019-09-06 21:00:17,417 [pool-409-thread-1] INFO  impl.RaftServerImpl (RaftServerImpl.java:setRole(171)) - 1e7c2804-6315-4ea1-a19d-948e315fb9b4:group-AFA080BD2535 changes role from null to FOLLOWER at term 0 for startAsFollower
2019-09-06 21:00:17,417 [pool-409-thread-1] INFO  impl.RoleInfo (RoleInfo.java:updateAndGet(143)) - 1e7c2804-6315-4ea1-a19d-948e315fb9b4: start FollowerState
2019-09-06 21:00:17,418 [pool-409-thread-1] INFO  util.JmxRegister (JmxRegister.java:tryRegister(44)) - Successfully registered JMX Bean with object name Ratis:service=RaftServer,group=group-AFA080BD2535,id=1e7c2804-6315-4ea1-a19d-948e315fb9b4
2019-09-06 21:00:17,421 [RatisPipelineUtilsThread] INFO  pipeline.PipelineStateManager (PipelineStateManager.java:addPipeline(56)) - Created pipeline Pipeline[ Id: d40f6b1b-20a2-4c47-8557-afa080bd2535, Nodes: 1e7c2804-6315-4ea1-a19d-948e315fb9b4{ip: 192.168.69.79, host: pr-hdds-2087-j7wfl-3989464410, networkLocation: /default-rack, certSerialId: null}, Type:RATIS, Factor:ONE, State:OPEN]
2019-09-06 21:00:17,430 [grpc-default-executor-6] INFO  impl.RaftServerProxy (RaftServerProxy.java:addNew(89)) - d6006497-b0fb-42f8-ab26-f6c3c9c7f1ef: addNew group-577AC5850B87:[d6006497-b0fb-42f8-ab26-f6c3c9c7f1ef:192.168.69.79:36953] returns group-577AC5850B87:java.util.concurrent.CompletableFuture@7cf8921c[Not completed]
2019-09-06 21:00:17,432 [pool-419-thread-1] INFO  impl.RaftServerImpl (RaftServerImpl.java:<init>(93)) - d6006497-b0fb-42f8-ab26-f6c3c9c7f1ef: new RaftServerImpl for group-577AC5850B87:[d6006497-b0fb-42f8-ab26-f6c3c9c7f1ef:192.168.69.79:36953] with ContainerStateMachine:uninitialized
2019-09-06 21:00:17,432 [pool-419-thread-1] INFO  server.RaftServerConfigKeys (ConfUtils.java:logGet(43)) - raft.server.rpc.timeout.min = 5s (custom)
2019-09-06 21:00:17,432 [pool-419-thread-1] INFO  server.RaftServerConfigKeys (ConfUtils.java:logGet(43)) - raft.server.rpc.timeout.max = 5200ms (custom)
2019-09-06 21:00:17,432 [pool-419-thread-1] INFO  server.RaftServerConfigKeys (ConfUtils.java:logGet(43)) - raft.server.rpcslowness.timeout = 120s (custom)
2019-09-06 21:00:17,432 [pool-419-thread-1] INFO  server.RaftServerConfigKeys (ConfUtils.java:logGet(43)) - raft.server.sleep.deviation.threshold = 300 (default)
2019-09-06 21:00:17,432 [pool-419-thread-1] INFO  server.RaftServerConfigKeys (ConfUtils.java:logGet(43)) - raft.server.log.appender.install.snapshot.enabled = false (custom)
2019-09-06 21:00:17,432 [pool-419-thread-1] INFO  impl.RaftServerImpl (ServerState.java:<init>(105)) - d6006497-b0fb-42f8-ab26-f6c3c9c7f1ef:group-577AC5850B87 ConfigurationManager, init=-1: [d6006497-b0fb-42f8-ab26-f6c3c9c7f1ef:192.168.69.79:36953], old=null, confs=<EMPTY_MAP>
2019-09-06 21:00:17,433 [pool-419-thread-1] INFO  server.RaftServerConfigKeys (ConfUtils.java:logGet(43)) - raft.server.storage.dir = [/workdir/hadoop-ozone/integration-test/target/test-dir/MiniOzoneClusterImpl-a4353b45-efea-4a09-bf1c-6c3a3aa95231/datanode-1/data/ratis] (custom)
2019-09-06 21:00:17,433 [pool-419-thread-1] INFO  storage.RaftStorageDirectory (RaftStorageDirectory.java:analyzeStorage(246)) - The storage directory /workdir/hadoop-ozone/integration-test/target/test-dir/MiniOzoneClusterImpl-a4353b45-efea-4a09-bf1c-6c3a3aa95231/datanode-1/data/ratis/922ddbc3-0c8b-467d-8448-577ac5850b87 does not exist. Creating ...
2019-09-06 21:00:17,452 [pool-419-thread-1] INFO  storage.RaftStorageDirectory (RaftStorageDirectory.java:tryLock(328)) - Lock on /workdir/hadoop-ozone/integration-test/target/test-dir/MiniOzoneClusterImpl-a4353b45-efea-4a09-bf1c-6c3a3aa95231/datanode-1/data/ratis/922ddbc3-0c8b-467d-8448-577ac5850b87/in_use.lock acquired by nodename 17137@pr-hdds-2087-j7wfl-3989464410
2019-09-06 21:00:17,456 [IPC Server handler 3 on 39029] INFO  net.NetworkTopology (NetworkTopologyImpl.java:add(110)) - Added a new node: /default-rack/ced85cde-8cf9-4c13-a7ed-8c6ff9465544
2019-09-06 21:00:17,456 [IPC Server handler 3 on 39029] INFO  node.SCMNodeManager (SCMNodeManager.java:register(266)) - Registered Data node : ced85cde-8cf9-4c13-a7ed-8c6ff9465544{ip: 192.168.69.79, host: pr-hdds-2087-j7wfl-3989464410, networkLocation: /default-rack, certSerialId: null}
2019-09-06 21:00:17,479 [pool-419-thread-1] INFO  storage.RaftStorage (RaftStorage.java:format(72)) - Storage directory /workdir/hadoop-ozone/integration-test/target/test-dir/MiniOzoneClusterImpl-a4353b45-efea-4a09-bf1c-6c3a3aa95231/datanode-1/data/ratis/922ddbc3-0c8b-467d-8448-577ac5850b87 has been successfully formatted.
2019-09-06 21:00:17,480 [pool-419-thread-1] INFO  ratis.ContainerStateMachine (ContainerStateMachine.java:loadSnapshot(227)) - group-577AC5850B87: The snapshot info is null. Setting the last applied indexto:(t:0, i:~)
2019-09-06 21:00:17,480 [pool-419-thread-1] INFO  server.RaftServerConfigKeys (ConfUtils.java:logGet(43)) - raft.server.leader.election.timeout = 120s (custom)
2019-09-06 21:00:17,480 [pool-419-thread-1] INFO  server.RaftServerConfigKeys (ConfUtils.java:logGet(43)) - raft.server.log.use.memory = false (default)
2019-09-06 21:00:17,481 [pool-419-thread-1] INFO  server.RaftServerConfigKeys (ConfUtils.java:logGet(43)) - raft.server.log.purge.gap = 1000000 (custom)
2019-09-06 21:00:17,481 [pool-419-thread-1] INFO  server.RaftServerConfigKeys (ConfUtils.java:logGet(43)) - raft.server.log.appender.buffer.byte-limit = 33554432 (custom)
2019-09-06 21:00:17,481 [pool-419-thread-1] INFO  server.RaftServerConfigKeys (ConfUtils.java:logGet(43)) - raft.server.log.segment.size.max = 1048576 (custom)
2019-09-06 21:00:17,481 [pool-419-thread-1] INFO  server.RaftServerConfigKeys (ConfUtils.java:logGet(43)) - raft.server.log.segment.cache.num.max = 2 (custom)
2019-09-06 21:00:17,482 [pool-419-thread-1] INFO  segmented.SegmentedRaftLogWorker (SegmentedRaftLogWorker.java:<init>(172)) - new d6006497-b0fb-42f8-ab26-f6c3c9c7f1ef-SegmentedRaftLogWorker:Storage Directory /workdir/hadoop-ozone/integration-test/target/test-dir/MiniOzoneClusterImpl-a4353b45-efea-4a09-bf1c-6c3a3aa95231/datanode-1/data/ratis/922ddbc3-0c8b-467d-8448-577ac5850b87 for RaftStorage:Storage Directory /workdir/hadoop-ozone/integration-test/target/test-dir/MiniOzoneClusterImpl-a4353b45-efea-4a09-bf1c-6c3a3aa95231/datanode-1/data/ratis/922ddbc3-0c8b-467d-8448-577ac5850b87
2019-09-06 21:00:17,482 [pool-419-thread-1] INFO  server.RaftServerConfigKeys (ConfUtils.java:logGet(43)) - raft.server.log.queue.byte-limit = 2147483647 (custom)
2019-09-06 21:00:17,482 [pool-419-thread-1] INFO  server.RaftServerConfigKeys (ConfUtils.java:logGet(43)) - raft.server.log.queue.element-limit = 1024 (custom)
2019-09-06 21:00:17,483 [pool-419-thread-1] INFO  server.RaftServerConfigKeys (ConfUtils.java:logGet(43)) - raft.server.log.segment.size.max = 1048576 (custom)
2019-09-06 21:00:17,483 [pool-419-thread-1] INFO  server.RaftServerConfigKeys (ConfUtils.java:logGet(43)) - raft.server.log.preallocated.size = 16384 (custom)
2019-09-06 21:00:17,483 [pool-419-thread-1] INFO  server.RaftServerConfigKeys (ConfUtils.java:logGet(43)) - raft.server.log.write.buffer.size = 33554432 (custom)
2019-09-06 21:00:17,483 [pool-419-thread-1] INFO  server.RaftServerConfigKeys (ConfUtils.java:logGet(43)) - raft.server.log.force.sync.num = 128 (default)
2019-09-06 21:00:17,483 [pool-419-thread-1] INFO  server.RaftServerConfigKeys (ConfUtils.java:logGet(43)) - raft.server.log.statemachine.data.sync = true (default)
2019-09-06 21:00:17,483 [pool-419-thread-1] INFO  server.RaftServerConfigKeys (ConfUtils.java:logGet(43)) - raft.server.log.statemachine.data.sync.timeout = 10s (default)
2019-09-06 21:00:17,484 [pool-419-thread-1] INFO  server.RaftServerConfigKeys (ConfUtils.java:logGet(43)) - raft.server.log.statemachine.data.sync.timeout.retry = -1 (default)
2019-09-06 21:00:17,484 [pool-419-thread-1] INFO  server.RaftServerConfigKeys (ConfUtils.java:logGet(43)) - raft.server.log.statemachine.data.caching.enabled = true (custom)
2019-09-06 21:00:17,484 [pool-419-thread-1] INFO  segmented.SegmentedRaftLogWorker (SegmentedRaftLogWorker.java:lambda$new$0(132)) - d6006497-b0fb-42f8-ab26-f6c3c9c7f1ef-SegmentedRaftLogWorker:Storage Directory /workdir/hadoop-ozone/integration-test/target/test-dir/MiniOzoneClusterImpl-a4353b45-efea-4a09-bf1c-6c3a3aa95231/datanode-1/data/ratis/922ddbc3-0c8b-467d-8448-577ac5850b87: flushIndex: setUnconditionally 0 -> -1
2019-09-06 21:00:17,485 [pool-419-thread-1] INFO  server.RaftServerConfigKeys (ConfUtils.java:logGet(43)) - raft.server.snapshot.auto.trigger.enabled = true (custom)
2019-09-06 21:00:17,485 [pool-419-thread-1] INFO  server.RaftServerConfigKeys (ConfUtils.java:logGet(43)) - raft.server.snapshot.auto.trigger.threshold = 10000 (custom)
2019-09-06 21:00:17,485 [pool-419-thread-1] INFO  server.RaftServerConfigKeys (ConfUtils.java:logGet(43)) - raft.server.retrycache.expirytime = 600000ms (custom)
2019-09-06 21:00:17,486 [pool-419-thread-1] INFO  impl.RaftServerImpl (RaftServerImpl.java:start(180)) - d6006497-b0fb-42f8-ab26-f6c3c9c7f1ef: start group-577AC5850B87
2019-09-06 21:00:17,486 [pool-419-thread-1] INFO  impl.RaftServerImpl (RaftServerImpl.java:setRole(171)) - d6006497-b0fb-42f8-ab26-f6c3c9c7f1ef:group-577AC5850B87 changes role from null to FOLLOWER at term 0 for startAsFollower
2019-09-06 21:00:17,486 [pool-419-thread-1] INFO  impl.RoleInfo (RoleInfo.java:updateAndGet(143)) - d6006497-b0fb-42f8-ab26-f6c3c9c7f1ef: start FollowerState
2019-09-06 21:00:17,486 [pool-419-thread-1] INFO  util.JmxRegister (JmxRegister.java:tryRegister(44)) - Successfully registered JMX Bean with object name Ratis:service=RaftServer,group=group-577AC5850B87,id=d6006497-b0fb-42f8-ab26-f6c3c9c7f1ef
2019-09-06 21:00:17,489 [RatisPipelineUtilsThread] INFO  pipeline.PipelineStateManager (PipelineStateManager.java:addPipeline(56)) - Created pipeline Pipeline[ Id: 922ddbc3-0c8b-467d-8448-577ac5850b87, Nodes: d6006497-b0fb-42f8-ab26-f6c3c9c7f1ef{ip: 192.168.69.79, host: pr-hdds-2087-j7wfl-3989464410, networkLocation: /default-rack, certSerialId: null}, Type:RATIS, Factor:ONE, State:OPEN]
2019-09-06 21:00:17,501 [grpc-default-executor-6] INFO  impl.RaftServerProxy (RaftServerProxy.java:addNew(89)) - ced85cde-8cf9-4c13-a7ed-8c6ff9465544: addNew group-82CC12B8133C:[ced85cde-8cf9-4c13-a7ed-8c6ff9465544:192.168.69.79:43725] returns group-82CC12B8133C:java.util.concurrent.CompletableFuture@28c04520[Not completed]
2019-09-06 21:00:17,503 [pool-429-thread-1] INFO  impl.RaftServerImpl (RaftServerImpl.java:<init>(93)) - ced85cde-8cf9-4c13-a7ed-8c6ff9465544: new RaftServerImpl for group-82CC12B8133C:[ced85cde-8cf9-4c13-a7ed-8c6ff9465544:192.168.69.79:43725] with ContainerStateMachine:uninitialized
2019-09-06 21:00:17,503 [pool-429-thread-1] INFO  server.RaftServerConfigKeys (ConfUtils.java:logGet(43)) - raft.server.rpc.timeout.min = 5s (custom)
2019-09-06 21:00:17,504 [pool-429-thread-1] INFO  server.RaftServerConfigKeys (ConfUtils.java:logGet(43)) - raft.server.rpc.timeout.max = 5200ms (custom)
2019-09-06 21:00:17,504 [pool-429-thread-1] INFO  server.RaftServerConfigKeys (ConfUtils.java:logGet(43)) - raft.server.rpcslowness.timeout = 120s (custom)
2019-09-06 21:00:17,504 [pool-429-thread-1] INFO  server.RaftServerConfigKeys (ConfUtils.java:logGet(43)) - raft.server.sleep.deviation.threshold = 300 (default)
2019-09-06 21:00:17,504 [pool-429-thread-1] INFO  server.RaftServerConfigKeys (ConfUtils.java:logGet(43)) - raft.server.log.appender.install.snapshot.enabled = false (custom)
2019-09-06 21:00:17,504 [pool-429-thread-1] INFO  impl.RaftServerImpl (ServerState.java:<init>(105)) - ced85cde-8cf9-4c13-a7ed-8c6ff9465544:group-82CC12B8133C ConfigurationManager, init=-1: [ced85cde-8cf9-4c13-a7ed-8c6ff9465544:192.168.69.79:43725], old=null, confs=<EMPTY_MAP>
2019-09-06 21:00:17,504 [pool-429-thread-1] INFO  server.RaftServerConfigKeys (ConfUtils.java:logGet(43)) - raft.server.storage.dir = [/workdir/hadoop-ozone/integration-test/target/test-dir/MiniOzoneClusterImpl-a4353b45-efea-4a09-bf1c-6c3a3aa95231/datanode-2/data/ratis] (custom)
2019-09-06 21:00:17,505 [pool-429-thread-1] INFO  storage.RaftStorageDirectory (RaftStorageDirectory.java:analyzeStorage(246)) - The storage directory /workdir/hadoop-ozone/integration-test/target/test-dir/MiniOzoneClusterImpl-a4353b45-efea-4a09-bf1c-6c3a3aa95231/datanode-2/data/ratis/a6d4c6e5-9e5f-4d4c-8599-82cc12b8133c does not exist. Creating ...
2019-09-06 21:00:17,523 [IPC Server handler 4 on 39029] INFO  net.NetworkTopology (NetworkTopologyImpl.java:add(110)) - Added a new node: /default-rack/09e4882c-6b26-4422-8bfe-d1403bdd4066
2019-09-06 21:00:17,523 [IPC Server handler 4 on 39029] INFO  node.SCMNodeManager (SCMNodeManager.java:register(266)) - Registered Data node : 09e4882c-6b26-4422-8bfe-d1403bdd4066{ip: 192.168.69.79, host: pr-hdds-2087-j7wfl-3989464410, networkLocation: /default-rack, certSerialId: null}
2019-09-06 21:00:17,529 [pool-429-thread-1] INFO  storage.RaftStorageDirectory (RaftStorageDirectory.java:tryLock(328)) - Lock on /workdir/hadoop-ozone/integration-test/target/test-dir/MiniOzoneClusterImpl-a4353b45-efea-4a09-bf1c-6c3a3aa95231/datanode-2/data/ratis/a6d4c6e5-9e5f-4d4c-8599-82cc12b8133c/in_use.lock acquired by nodename 17137@pr-hdds-2087-j7wfl-3989464410
2019-09-06 21:00:17,552 [pool-429-thread-1] INFO  storage.RaftStorage (RaftStorage.java:format(72)) - Storage directory /workdir/hadoop-ozone/integration-test/target/test-dir/MiniOzoneClusterImpl-a4353b45-efea-4a09-bf1c-6c3a3aa95231/datanode-2/data/ratis/a6d4c6e5-9e5f-4d4c-8599-82cc12b8133c has been successfully formatted.
2019-09-06 21:00:17,553 [pool-429-thread-1] INFO  ratis.ContainerStateMachine (ContainerStateMachine.java:loadSnapshot(227)) - group-82CC12B8133C: The snapshot info is null. Setting the last applied indexto:(t:0, i:~)
2019-09-06 21:00:17,553 [pool-429-thread-1] INFO  server.RaftServerConfigKeys (ConfUtils.java:logGet(43)) - raft.server.leader.election.timeout = 120s (custom)
2019-09-06 21:00:17,553 [pool-429-thread-1] INFO  server.RaftServerConfigKeys (ConfUtils.java:logGet(43)) - raft.server.log.use.memory = false (default)
2019-09-06 21:00:17,553 [pool-429-thread-1] INFO  server.RaftServerConfigKeys (ConfUtils.java:logGet(43)) - raft.server.log.purge.gap = 1000000 (custom)
2019-09-06 21:00:17,553 [pool-429-thread-1] INFO  server.RaftServerConfigKeys (ConfUtils.java:logGet(43)) - raft.server.log.appender.buffer.byte-limit = 33554432 (custom)
2019-09-06 21:00:17,554 [pool-429-thread-1] INFO  server.RaftServerConfigKeys (ConfUtils.java:logGet(43)) - raft.server.log.segment.size.max = 1048576 (custom)
2019-09-06 21:00:17,554 [pool-429-thread-1] INFO  server.RaftServerConfigKeys (ConfUtils.java:logGet(43)) - raft.server.log.segment.cache.num.max = 2 (custom)
2019-09-06 21:00:17,554 [pool-429-thread-1] INFO  segmented.SegmentedRaftLogWorker (SegmentedRaftLogWorker.java:<init>(172)) - new ced85cde-8cf9-4c13-a7ed-8c6ff9465544-SegmentedRaftLogWorker:Storage Directory /workdir/hadoop-ozone/integration-test/target/test-dir/MiniOzoneClusterImpl-a4353b45-efea-4a09-bf1c-6c3a3aa95231/datanode-2/data/ratis/a6d4c6e5-9e5f-4d4c-8599-82cc12b8133c for RaftStorage:Storage Directory /workdir/hadoop-ozone/integration-test/target/test-dir/MiniOzoneClusterImpl-a4353b45-efea-4a09-bf1c-6c3a3aa95231/datanode-2/data/ratis/a6d4c6e5-9e5f-4d4c-8599-82cc12b8133c
2019-09-06 21:00:17,554 [pool-429-thread-1] INFO  server.RaftServerConfigKeys (ConfUtils.java:logGet(43)) - raft.server.log.queue.byte-limit = 2147483647 (custom)
2019-09-06 21:00:17,554 [pool-429-thread-1] INFO  server.RaftServerConfigKeys (ConfUtils.java:logGet(43)) - raft.server.log.queue.element-limit = 1024 (custom)
2019-09-06 21:00:17,555 [pool-429-thread-1] INFO  server.RaftServerConfigKeys (ConfUtils.java:logGet(43)) - raft.server.log.segment.size.max = 1048576 (custom)
2019-09-06 21:00:17,555 [pool-429-thread-1] INFO  server.RaftServerConfigKeys (ConfUtils.java:logGet(43)) - raft.server.log.preallocated.size = 16384 (custom)
2019-09-06 21:00:17,555 [pool-429-thread-1] INFO  server.RaftServerConfigKeys (ConfUtils.java:logGet(43)) - raft.server.log.write.buffer.size = 33554432 (custom)
2019-09-06 21:00:17,555 [pool-429-thread-1] INFO  server.RaftServerConfigKeys (ConfUtils.java:logGet(43)) - raft.server.log.force.sync.num = 128 (default)
2019-09-06 21:00:17,555 [pool-429-thread-1] INFO  server.RaftServerConfigKeys (ConfUtils.java:logGet(43)) - raft.server.log.statemachine.data.sync = true (default)
2019-09-06 21:00:17,556 [pool-429-thread-1] INFO  server.RaftServerConfigKeys (ConfUtils.java:logGet(43)) - raft.server.log.statemachine.data.sync.timeout = 10s (default)
2019-09-06 21:00:17,556 [pool-429-thread-1] INFO  server.RaftServerConfigKeys (ConfUtils.java:logGet(43)) - raft.server.log.statemachine.data.sync.timeout.retry = -1 (default)
2019-09-06 21:00:17,556 [pool-429-thread-1] INFO  server.RaftServerConfigKeys (ConfUtils.java:logGet(43)) - raft.server.log.statemachine.data.caching.enabled = true (custom)
2019-09-06 21:00:17,556 [pool-429-thread-1] INFO  segmented.SegmentedRaftLogWorker (SegmentedRaftLogWorker.java:lambda$new$0(132)) - ced85cde-8cf9-4c13-a7ed-8c6ff9465544-SegmentedRaftLogWorker:Storage Directory /workdir/hadoop-ozone/integration-test/target/test-dir/MiniOzoneClusterImpl-a4353b45-efea-4a09-bf1c-6c3a3aa95231/datanode-2/data/ratis/a6d4c6e5-9e5f-4d4c-8599-82cc12b8133c: flushIndex: setUnconditionally 0 -> -1
2019-09-06 21:00:17,557 [pool-429-thread-1] INFO  server.RaftServerConfigKeys (ConfUtils.java:logGet(43)) - raft.server.snapshot.auto.trigger.enabled = true (custom)
2019-09-06 21:00:17,557 [pool-429-thread-1] INFO  server.RaftServerConfigKeys (ConfUtils.java:logGet(43)) - raft.server.snapshot.auto.trigger.threshold = 10000 (custom)
2019-09-06 21:00:17,557 [pool-429-thread-1] INFO  server.RaftServerConfigKeys (ConfUtils.java:logGet(43)) - raft.server.retrycache.expirytime = 600000ms (custom)
2019-09-06 21:00:17,557 [pool-429-thread-1] INFO  impl.RaftServerImpl (RaftServerImpl.java:start(180)) - ced85cde-8cf9-4c13-a7ed-8c6ff9465544: start group-82CC12B8133C
2019-09-06 21:00:17,558 [pool-429-thread-1] INFO  impl.RaftServerImpl (RaftServerImpl.java:setRole(171)) - ced85cde-8cf9-4c13-a7ed-8c6ff9465544:group-82CC12B8133C changes role from null to FOLLOWER at term 0 for startAsFollower
2019-09-06 21:00:17,558 [pool-429-thread-1] INFO  impl.RoleInfo (RoleInfo.java:updateAndGet(143)) - ced85cde-8cf9-4c13-a7ed-8c6ff9465544: start FollowerState
2019-09-06 21:00:17,558 [pool-429-thread-1] INFO  util.JmxRegister (JmxRegister.java:tryRegister(44)) - Successfully registered JMX Bean with object name Ratis:service=RaftServer,group=group-82CC12B8133C,id=ced85cde-8cf9-4c13-a7ed-8c6ff9465544
2019-09-06 21:00:17,560 [RatisPipelineUtilsThread] INFO  pipeline.PipelineStateManager (PipelineStateManager.java:addPipeline(56)) - Created pipeline Pipeline[ Id: a6d4c6e5-9e5f-4d4c-8599-82cc12b8133c, Nodes: ced85cde-8cf9-4c13-a7ed-8c6ff9465544{ip: 192.168.69.79, host: pr-hdds-2087-j7wfl-3989464410, networkLocation: /default-rack, certSerialId: null}, Type:RATIS, Factor:ONE, State:OPEN]
2019-09-06 21:00:17,570 [grpc-default-executor-6] INFO  impl.RaftServerProxy (RaftServerProxy.java:addNew(89)) - 09e4882c-6b26-4422-8bfe-d1403bdd4066: addNew group-858935912B5A:[09e4882c-6b26-4422-8bfe-d1403bdd4066:192.168.69.79:44025] returns group-858935912B5A:java.util.concurrent.CompletableFuture@24772e86[Not completed]
2019-09-06 21:00:17,571 [pool-439-thread-1] INFO  impl.RaftServerImpl (RaftServerImpl.java:<init>(93)) - 09e4882c-6b26-4422-8bfe-d1403bdd4066: new RaftServerImpl for group-858935912B5A:[09e4882c-6b26-4422-8bfe-d1403bdd4066:192.168.69.79:44025] with ContainerStateMachine:uninitialized
2019-09-06 21:00:17,572 [pool-439-thread-1] INFO  server.RaftServerConfigKeys (ConfUtils.java:logGet(43)) - raft.server.rpc.timeout.min = 5s (custom)
2019-09-06 21:00:17,572 [pool-439-thread-1] INFO  server.RaftServerConfigKeys (ConfUtils.java:logGet(43)) - raft.server.rpc.timeout.max = 5200ms (custom)
2019-09-06 21:00:17,572 [pool-439-thread-1] INFO  server.RaftServerConfigKeys (ConfUtils.java:logGet(43)) - raft.server.rpcslowness.timeout = 120s (custom)
2019-09-06 21:00:17,572 [pool-439-thread-1] INFO  server.RaftServerConfigKeys (ConfUtils.java:logGet(43)) - raft.server.sleep.deviation.threshold = 300 (default)
2019-09-06 21:00:17,572 [pool-439-thread-1] INFO  server.RaftServerConfigKeys (ConfUtils.java:logGet(43)) - raft.server.log.appender.install.snapshot.enabled = false (custom)
2019-09-06 21:00:17,572 [pool-439-thread-1] INFO  impl.RaftServerImpl (ServerState.java:<init>(105)) - 09e4882c-6b26-4422-8bfe-d1403bdd4066:group-858935912B5A ConfigurationManager, init=-1: [09e4882c-6b26-4422-8bfe-d1403bdd4066:192.168.69.79:44025], old=null, confs=<EMPTY_MAP>
2019-09-06 21:00:17,572 [pool-439-thread-1] INFO  server.RaftServerConfigKeys (ConfUtils.java:logGet(43)) - raft.server.storage.dir = [/workdir/hadoop-ozone/integration-test/target/test-dir/MiniOzoneClusterImpl-a4353b45-efea-4a09-bf1c-6c3a3aa95231/datanode-3/data/ratis] (custom)
2019-09-06 21:00:17,573 [pool-439-thread-1] INFO  storage.RaftStorageDirectory (RaftStorageDirectory.java:analyzeStorage(246)) - The storage directory /workdir/hadoop-ozone/integration-test/target/test-dir/MiniOzoneClusterImpl-a4353b45-efea-4a09-bf1c-6c3a3aa95231/datanode-3/data/ratis/1878085a-28ca-4f46-aba0-858935912b5a does not exist. Creating ...
2019-09-06 21:00:17,584 [IPC Server handler 5 on 39029] INFO  net.NetworkTopology (NetworkTopologyImpl.java:add(110)) - Added a new node: /default-rack/fbf37fd0-cd16-4237-a40d-69722fedc998
2019-09-06 21:00:17,584 [IPC Server handler 5 on 39029] INFO  node.SCMNodeManager (SCMNodeManager.java:register(266)) - Registered Data node : fbf37fd0-cd16-4237-a40d-69722fedc998{ip: 192.168.69.79, host: pr-hdds-2087-j7wfl-3989464410, networkLocation: /default-rack, certSerialId: null}
2019-09-06 21:00:17,596 [pool-439-thread-1] INFO  storage.RaftStorageDirectory (RaftStorageDirectory.java:tryLock(328)) - Lock on /workdir/hadoop-ozone/integration-test/target/test-dir/MiniOzoneClusterImpl-a4353b45-efea-4a09-bf1c-6c3a3aa95231/datanode-3/data/ratis/1878085a-28ca-4f46-aba0-858935912b5a/in_use.lock acquired by nodename 17137@pr-hdds-2087-j7wfl-3989464410
2019-09-06 21:00:17,622 [pool-439-thread-1] INFO  storage.RaftStorage (RaftStorage.java:format(72)) - Storage directory /workdir/hadoop-ozone/integration-test/target/test-dir/MiniOzoneClusterImpl-a4353b45-efea-4a09-bf1c-6c3a3aa95231/datanode-3/data/ratis/1878085a-28ca-4f46-aba0-858935912b5a has been successfully formatted.
2019-09-06 21:00:17,623 [pool-439-thread-1] INFO  ratis.ContainerStateMachine (ContainerStateMachine.java:loadSnapshot(227)) - group-858935912B5A: The snapshot info is null. Setting the last applied indexto:(t:0, i:~)
2019-09-06 21:00:17,623 [pool-439-thread-1] INFO  server.RaftServerConfigKeys (ConfUtils.java:logGet(43)) - raft.server.leader.election.timeout = 120s (custom)
2019-09-06 21:00:17,623 [pool-439-thread-1] INFO  server.RaftServerConfigKeys (ConfUtils.java:logGet(43)) - raft.server.log.use.memory = false (default)
2019-09-06 21:00:17,623 [pool-439-thread-1] INFO  server.RaftServerConfigKeys (ConfUtils.java:logGet(43)) - raft.server.log.purge.gap = 1000000 (custom)
2019-09-06 21:00:17,623 [pool-439-thread-1] INFO  server.RaftServerConfigKeys (ConfUtils.java:logGet(43)) - raft.server.log.appender.buffer.byte-limit = 33554432 (custom)
2019-09-06 21:00:17,623 [pool-439-thread-1] INFO  server.RaftServerConfigKeys (ConfUtils.java:logGet(43)) - raft.server.log.segment.size.max = 1048576 (custom)
2019-09-06 21:00:17,624 [pool-439-thread-1] INFO  server.RaftServerConfigKeys (ConfUtils.java:logGet(43)) - raft.server.log.segment.cache.num.max = 2 (custom)
2019-09-06 21:00:17,624 [pool-439-thread-1] INFO  segmented.SegmentedRaftLogWorker (SegmentedRaftLogWorker.java:<init>(172)) - new 09e4882c-6b26-4422-8bfe-d1403bdd4066-SegmentedRaftLogWorker:Storage Directory /workdir/hadoop-ozone/integration-test/target/test-dir/MiniOzoneClusterImpl-a4353b45-efea-4a09-bf1c-6c3a3aa95231/datanode-3/data/ratis/1878085a-28ca-4f46-aba0-858935912b5a for RaftStorage:Storage Directory /workdir/hadoop-ozone/integration-test/target/test-dir/MiniOzoneClusterImpl-a4353b45-efea-4a09-bf1c-6c3a3aa95231/datanode-3/data/ratis/1878085a-28ca-4f46-aba0-858935912b5a
2019-09-06 21:00:17,624 [pool-439-thread-1] INFO  server.RaftServerConfigKeys (ConfUtils.java:logGet(43)) - raft.server.log.queue.byte-limit = 2147483647 (custom)
2019-09-06 21:00:17,624 [pool-439-thread-1] INFO  server.RaftServerConfigKeys (ConfUtils.java:logGet(43)) - raft.server.log.queue.element-limit = 1024 (custom)
2019-09-06 21:00:17,624 [pool-439-thread-1] INFO  server.RaftServerConfigKeys (ConfUtils.java:logGet(43)) - raft.server.log.segment.size.max = 1048576 (custom)
2019-09-06 21:00:17,624 [pool-439-thread-1] INFO  server.RaftServerConfigKeys (ConfUtils.java:logGet(43)) - raft.server.log.preallocated.size = 16384 (custom)
2019-09-06 21:00:17,625 [pool-439-thread-1] INFO  server.RaftServerConfigKeys (ConfUtils.java:logGet(43)) - raft.server.log.write.buffer.size = 33554432 (custom)
2019-09-06 21:00:17,625 [pool-439-thread-1] INFO  server.RaftServerConfigKeys (ConfUtils.java:logGet(43)) - raft.server.log.force.sync.num = 128 (default)
2019-09-06 21:00:17,625 [pool-439-thread-1] INFO  server.RaftServerConfigKeys (ConfUtils.java:logGet(43)) - raft.server.log.statemachine.data.sync = true (default)
2019-09-06 21:00:17,625 [pool-439-thread-1] INFO  server.RaftServerConfigKeys (ConfUtils.java:logGet(43)) - raft.server.log.statemachine.data.sync.timeout = 10s (default)
2019-09-06 21:00:17,625 [pool-439-thread-1] INFO  server.RaftServerConfigKeys (ConfUtils.java:logGet(43)) - raft.server.log.statemachine.data.sync.timeout.retry = -1 (default)
2019-09-06 21:00:17,625 [pool-439-thread-1] INFO  server.RaftServerConfigKeys (ConfUtils.java:logGet(43)) - raft.server.log.statemachine.data.caching.enabled = true (custom)
2019-09-06 21:00:17,626 [pool-439-thread-1] INFO  segmented.SegmentedRaftLogWorker (SegmentedRaftLogWorker.java:lambda$new$0(132)) - 09e4882c-6b26-4422-8bfe-d1403bdd4066-SegmentedRaftLogWorker:Storage Directory /workdir/hadoop-ozone/integration-test/target/test-dir/MiniOzoneClusterImpl-a4353b45-efea-4a09-bf1c-6c3a3aa95231/datanode-3/data/ratis/1878085a-28ca-4f46-aba0-858935912b5a: flushIndex: setUnconditionally 0 -> -1
2019-09-06 21:00:17,626 [pool-439-thread-1] INFO  server.RaftServerConfigKeys (ConfUtils.java:logGet(43)) - raft.server.snapshot.auto.trigger.enabled = true (custom)
2019-09-06 21:00:17,626 [pool-439-thread-1] INFO  server.RaftServerConfigKeys (ConfUtils.java:logGet(43)) - raft.server.snapshot.auto.trigger.threshold = 10000 (custom)
2019-09-06 21:00:17,627 [pool-439-thread-1] INFO  server.RaftServerConfigKeys (ConfUtils.java:logGet(43)) - raft.server.retrycache.expirytime = 600000ms (custom)
2019-09-06 21:00:17,627 [pool-439-thread-1] INFO  impl.RaftServerImpl (RaftServerImpl.java:start(180)) - 09e4882c-6b26-4422-8bfe-d1403bdd4066: start group-858935912B5A
2019-09-06 21:00:17,627 [pool-439-thread-1] INFO  impl.RaftServerImpl (RaftServerImpl.java:setRole(171)) - 09e4882c-6b26-4422-8bfe-d1403bdd4066:group-858935912B5A changes role from null to FOLLOWER at term 0 for startAsFollower
2019-09-06 21:00:17,627 [pool-439-thread-1] INFO  impl.RoleInfo (RoleInfo.java:updateAndGet(143)) - 09e4882c-6b26-4422-8bfe-d1403bdd4066: start FollowerState
2019-09-06 21:00:17,640 [pool-439-thread-1] INFO  util.JmxRegister (JmxRegister.java:tryRegister(44)) - Successfully registered JMX Bean with object name Ratis:service=RaftServer,group=group-858935912B5A,id=09e4882c-6b26-4422-8bfe-d1403bdd4066
2019-09-06 21:00:17,650 [RatisPipelineUtilsThread] INFO  pipeline.PipelineStateManager (PipelineStateManager.java:addPipeline(56)) - Created pipeline Pipeline[ Id: 1878085a-28ca-4f46-aba0-858935912b5a, Nodes: 09e4882c-6b26-4422-8bfe-d1403bdd4066{ip: 192.168.69.79, host: pr-hdds-2087-j7wfl-3989464410, networkLocation: /default-rack, certSerialId: null}, Type:RATIS, Factor:ONE, State:OPEN]
2019-09-06 21:00:17,654 [IPC Server handler 7 on 39029] INFO  net.NetworkTopology (NetworkTopologyImpl.java:add(110)) - Added a new node: /default-rack/f08ec93a-17fb-4985-ac3a-369735124bec
2019-09-06 21:00:17,654 [IPC Server handler 7 on 39029] INFO  node.SCMNodeManager (SCMNodeManager.java:register(266)) - Registered Data node : f08ec93a-17fb-4985-ac3a-369735124bec{ip: 192.168.69.79, host: pr-hdds-2087-j7wfl-3989464410, networkLocation: /default-rack, certSerialId: null}
2019-09-06 21:00:17,661 [grpc-default-executor-6] INFO  impl.RaftServerProxy (RaftServerProxy.java:addNew(89)) - fbf37fd0-cd16-4237-a40d-69722fedc998: addNew group-DF2A3A41EB4C:[fbf37fd0-cd16-4237-a40d-69722fedc998:192.168.69.79:42262] returns group-DF2A3A41EB4C:java.util.concurrent.CompletableFuture@3ad0ea63[Not completed]
2019-09-06 21:00:17,663 [pool-449-thread-1] INFO  impl.RaftServerImpl (RaftServerImpl.java:<init>(93)) - fbf37fd0-cd16-4237-a40d-69722fedc998: new RaftServerImpl for group-DF2A3A41EB4C:[fbf37fd0-cd16-4237-a40d-69722fedc998:192.168.69.79:42262] with ContainerStateMachine:uninitialized
2019-09-06 21:00:17,663 [pool-449-thread-1] INFO  server.RaftServerConfigKeys (ConfUtils.java:logGet(43)) - raft.server.rpc.timeout.min = 5s (custom)
2019-09-06 21:00:17,663 [pool-449-thread-1] INFO  server.RaftServerConfigKeys (ConfUtils.java:logGet(43)) - raft.server.rpc.timeout.max = 5200ms (custom)
2019-09-06 21:00:17,664 [pool-449-thread-1] INFO  server.RaftServerConfigKeys (ConfUtils.java:logGet(43)) - raft.server.rpcslowness.timeout = 120s (custom)
2019-09-06 21:00:17,664 [pool-449-thread-1] INFO  server.RaftServerConfigKeys (ConfUtils.java:logGet(43)) - raft.server.sleep.deviation.threshold = 300 (default)
2019-09-06 21:00:17,664 [pool-449-thread-1] INFO  server.RaftServerConfigKeys (ConfUtils.java:logGet(43)) - raft.server.log.appender.install.snapshot.enabled = false (custom)
2019-09-06 21:00:17,664 [pool-449-thread-1] INFO  impl.RaftServerImpl (ServerState.java:<init>(105)) - fbf37fd0-cd16-4237-a40d-69722fedc998:group-DF2A3A41EB4C ConfigurationManager, init=-1: [fbf37fd0-cd16-4237-a40d-69722fedc998:192.168.69.79:42262], old=null, confs=<EMPTY_MAP>
2019-09-06 21:00:17,664 [pool-449-thread-1] INFO  server.RaftServerConfigKeys (ConfUtils.java:logGet(43)) - raft.server.storage.dir = [/workdir/hadoop-ozone/integration-test/target/test-dir/MiniOzoneClusterImpl-a4353b45-efea-4a09-bf1c-6c3a3aa95231/datanode-4/data/ratis] (custom)
2019-09-06 21:00:17,665 [pool-449-thread-1] INFO  storage.RaftStorageDirectory (RaftStorageDirectory.java:analyzeStorage(246)) - The storage directory /workdir/hadoop-ozone/integration-test/target/test-dir/MiniOzoneClusterImpl-a4353b45-efea-4a09-bf1c-6c3a3aa95231/datanode-4/data/ratis/b8b39fc7-0722-4871-808f-df2a3a41eb4c does not exist. Creating ...
2019-09-06 21:00:17,688 [pool-449-thread-1] INFO  storage.RaftStorageDirectory (RaftStorageDirectory.java:tryLock(328)) - Lock on /workdir/hadoop-ozone/integration-test/target/test-dir/MiniOzoneClusterImpl-a4353b45-efea-4a09-bf1c-6c3a3aa95231/datanode-4/data/ratis/b8b39fc7-0722-4871-808f-df2a3a41eb4c/in_use.lock acquired by nodename 17137@pr-hdds-2087-j7wfl-3989464410
2019-09-06 21:00:17,722 [main] INFO  ozone.MiniOzoneClusterImpl (MiniOzoneClusterImpl.java:lambda$waitForClusterToBeReady$0(140)) - Waiting for cluster to be ready. Got 6 of 7 DN Heartbeats.
2019-09-06 21:00:17,722 [IPC Server handler 6 on 39029] INFO  net.NetworkTopology (NetworkTopologyImpl.java:add(110)) - Added a new node: /default-rack/6820f5c3-6a00-4616-8415-97e192fe644d
2019-09-06 21:00:17,723 [IPC Server handler 6 on 39029] INFO  node.SCMNodeManager (SCMNodeManager.java:register(266)) - Registered Data node : 6820f5c3-6a00-4616-8415-97e192fe644d{ip: 192.168.69.79, host: pr-hdds-2087-j7wfl-3989464410, networkLocation: /default-rack, certSerialId: null}
2019-09-06 21:00:17,724 [pool-449-thread-1] INFO  storage.RaftStorage (RaftStorage.java:format(72)) - Storage directory /workdir/hadoop-ozone/integration-test/target/test-dir/MiniOzoneClusterImpl-a4353b45-efea-4a09-bf1c-6c3a3aa95231/datanode-4/data/ratis/b8b39fc7-0722-4871-808f-df2a3a41eb4c has been successfully formatted.
2019-09-06 21:00:17,725 [pool-449-thread-1] INFO  ratis.ContainerStateMachine (ContainerStateMachine.java:loadSnapshot(227)) - group-DF2A3A41EB4C: The snapshot info is null. Setting the last applied indexto:(t:0, i:~)
2019-09-06 21:00:17,725 [pool-449-thread-1] INFO  server.RaftServerConfigKeys (ConfUtils.java:logGet(43)) - raft.server.leader.election.timeout = 120s (custom)
2019-09-06 21:00:17,725 [pool-449-thread-1] INFO  server.RaftServerConfigKeys (ConfUtils.java:logGet(43)) - raft.server.log.use.memory = false (default)
2019-09-06 21:00:17,725 [pool-449-thread-1] INFO  server.RaftServerConfigKeys (ConfUtils.java:logGet(43)) - raft.server.log.purge.gap = 1000000 (custom)
2019-09-06 21:00:17,725 [pool-449-thread-1] INFO  server.RaftServerConfigKeys (ConfUtils.java:logGet(43)) - raft.server.log.appender.buffer.byte-limit = 33554432 (custom)
2019-09-06 21:00:17,726 [pool-449-thread-1] INFO  server.RaftServerConfigKeys (ConfUtils.java:logGet(43)) - raft.server.log.segment.size.max = 1048576 (custom)
2019-09-06 21:00:17,726 [pool-449-thread-1] INFO  server.RaftServerConfigKeys (ConfUtils.java:logGet(43)) - raft.server.log.segment.cache.num.max = 2 (custom)
2019-09-06 21:00:17,726 [pool-449-thread-1] INFO  segmented.SegmentedRaftLogWorker (SegmentedRaftLogWorker.java:<init>(172)) - new fbf37fd0-cd16-4237-a40d-69722fedc998-SegmentedRaftLogWorker:Storage Directory /workdir/hadoop-ozone/integration-test/target/test-dir/MiniOzoneClusterImpl-a4353b45-efea-4a09-bf1c-6c3a3aa95231/datanode-4/data/ratis/b8b39fc7-0722-4871-808f-df2a3a41eb4c for RaftStorage:Storage Directory /workdir/hadoop-ozone/integration-test/target/test-dir/MiniOzoneClusterImpl-a4353b45-efea-4a09-bf1c-6c3a3aa95231/datanode-4/data/ratis/b8b39fc7-0722-4871-808f-df2a3a41eb4c
2019-09-06 21:00:17,726 [pool-449-thread-1] INFO  server.RaftServerConfigKeys (ConfUtils.java:logGet(43)) - raft.server.log.queue.byte-limit = 2147483647 (custom)
2019-09-06 21:00:17,726 [pool-449-thread-1] INFO  server.RaftServerConfigKeys (ConfUtils.java:logGet(43)) - raft.server.log.queue.element-limit = 1024 (custom)
2019-09-06 21:00:17,727 [pool-449-thread-1] INFO  server.RaftServerConfigKeys (ConfUtils.java:logGet(43)) - raft.server.log.segment.size.max = 1048576 (custom)
2019-09-06 21:00:17,727 [pool-449-thread-1] INFO  server.RaftServerConfigKeys (ConfUtils.java:logGet(43)) - raft.server.log.preallocated.size = 16384 (custom)
2019-09-06 21:00:17,727 [pool-449-thread-1] INFO  server.RaftServerConfigKeys (ConfUtils.java:logGet(43)) - raft.server.log.write.buffer.size = 33554432 (custom)
2019-09-06 21:00:17,727 [pool-449-thread-1] INFO  server.RaftServerConfigKeys (ConfUtils.java:logGet(43)) - raft.server.log.force.sync.num = 128 (default)
2019-09-06 21:00:17,727 [pool-449-thread-1] INFO  server.RaftServerConfigKeys (ConfUtils.java:logGet(43)) - raft.server.log.statemachine.data.sync = true (default)
2019-09-06 21:00:17,727 [pool-449-thread-1] INFO  server.RaftServerConfigKeys (ConfUtils.java:logGet(43)) - raft.server.log.statemachine.data.sync.timeout = 10s (default)
2019-09-06 21:00:17,728 [pool-449-thread-1] INFO  server.RaftServerConfigKeys (ConfUtils.java:logGet(43)) - raft.server.log.statemachine.data.sync.timeout.retry = -1 (default)
2019-09-06 21:00:17,728 [pool-449-thread-1] INFO  server.RaftServerConfigKeys (ConfUtils.java:logGet(43)) - raft.server.log.statemachine.data.caching.enabled = true (custom)
2019-09-06 21:00:17,728 [pool-449-thread-1] INFO  segmented.SegmentedRaftLogWorker (SegmentedRaftLogWorker.java:lambda$new$0(132)) - fbf37fd0-cd16-4237-a40d-69722fedc998-SegmentedRaftLogWorker:Storage Directory /workdir/hadoop-ozone/integration-test/target/test-dir/MiniOzoneClusterImpl-a4353b45-efea-4a09-bf1c-6c3a3aa95231/datanode-4/data/ratis/b8b39fc7-0722-4871-808f-df2a3a41eb4c: flushIndex: setUnconditionally 0 -> -1
2019-09-06 21:00:17,729 [pool-449-thread-1] INFO  server.RaftServerConfigKeys (ConfUtils.java:logGet(43)) - raft.server.snapshot.auto.trigger.enabled = true (custom)
2019-09-06 21:00:17,729 [pool-449-thread-1] INFO  server.RaftServerConfigKeys (ConfUtils.java:logGet(43)) - raft.server.snapshot.auto.trigger.threshold = 10000 (custom)
2019-09-06 21:00:17,729 [pool-449-thread-1] INFO  server.RaftServerConfigKeys (ConfUtils.java:logGet(43)) - raft.server.retrycache.expirytime = 600000ms (custom)
2019-09-06 21:00:17,729 [pool-449-thread-1] INFO  impl.RaftServerImpl (RaftServerImpl.java:start(180)) - fbf37fd0-cd16-4237-a40d-69722fedc998: start group-DF2A3A41EB4C
2019-09-06 21:00:17,730 [pool-449-thread-1] INFO  impl.RaftServerImpl (RaftServerImpl.java:setRole(171)) - fbf37fd0-cd16-4237-a40d-69722fedc998:group-DF2A3A41EB4C changes role from null to FOLLOWER at term 0 for startAsFollower
2019-09-06 21:00:17,730 [pool-449-thread-1] INFO  impl.RoleInfo (RoleInfo.java:updateAndGet(143)) - fbf37fd0-cd16-4237-a40d-69722fedc998: start FollowerState
2019-09-06 21:00:17,730 [pool-449-thread-1] INFO  util.JmxRegister (JmxRegister.java:tryRegister(44)) - Successfully registered JMX Bean with object name Ratis:service=RaftServer,group=group-DF2A3A41EB4C,id=fbf37fd0-cd16-4237-a40d-69722fedc998
2019-09-06 21:00:17,733 [RatisPipelineUtilsThread] INFO  pipeline.PipelineStateManager (PipelineStateManager.java:addPipeline(56)) - Created pipeline Pipeline[ Id: b8b39fc7-0722-4871-808f-df2a3a41eb4c, Nodes: fbf37fd0-cd16-4237-a40d-69722fedc998{ip: 192.168.69.79, host: pr-hdds-2087-j7wfl-3989464410, networkLocation: /default-rack, certSerialId: null}, Type:RATIS, Factor:ONE, State:OPEN]
2019-09-06 21:00:17,750 [grpc-default-executor-6] INFO  impl.RaftServerProxy (RaftServerProxy.java:addNew(89)) - 6820f5c3-6a00-4616-8415-97e192fe644d: addNew group-18D7BDD57A1A:[6820f5c3-6a00-4616-8415-97e192fe644d:192.168.69.79:34578] returns group-18D7BDD57A1A:java.util.concurrent.CompletableFuture@344607f7[Not completed]
2019-09-06 21:00:17,751 [pool-469-thread-1] INFO  impl.RaftServerImpl (RaftServerImpl.java:<init>(93)) - 6820f5c3-6a00-4616-8415-97e192fe644d: new RaftServerImpl for group-18D7BDD57A1A:[6820f5c3-6a00-4616-8415-97e192fe644d:192.168.69.79:34578] with ContainerStateMachine:uninitialized
2019-09-06 21:00:17,752 [pool-469-thread-1] INFO  server.RaftServerConfigKeys (ConfUtils.java:logGet(43)) - raft.server.rpc.timeout.min = 5s (custom)
2019-09-06 21:00:17,752 [pool-469-thread-1] INFO  server.RaftServerConfigKeys (ConfUtils.java:logGet(43)) - raft.server.rpc.timeout.max = 5200ms (custom)
2019-09-06 21:00:17,752 [pool-469-thread-1] INFO  server.RaftServerConfigKeys (ConfUtils.java:logGet(43)) - raft.server.rpcslowness.timeout = 120s (custom)
2019-09-06 21:00:17,752 [pool-469-thread-1] INFO  server.RaftServerConfigKeys (ConfUtils.java:logGet(43)) - raft.server.sleep.deviation.threshold = 300 (default)
2019-09-06 21:00:17,752 [pool-469-thread-1] INFO  server.RaftServerConfigKeys (ConfUtils.java:logGet(43)) - raft.server.log.appender.install.snapshot.enabled = false (custom)
2019-09-06 21:00:17,752 [pool-469-thread-1] INFO  impl.RaftServerImpl (ServerState.java:<init>(105)) - 6820f5c3-6a00-4616-8415-97e192fe644d:group-18D7BDD57A1A ConfigurationManager, init=-1: [6820f5c3-6a00-4616-8415-97e192fe644d:192.168.69.79:34578], old=null, confs=<EMPTY_MAP>
2019-09-06 21:00:17,753 [pool-469-thread-1] INFO  server.RaftServerConfigKeys (ConfUtils.java:logGet(43)) - raft.server.storage.dir = [/workdir/hadoop-ozone/integration-test/target/test-dir/MiniOzoneClusterImpl-a4353b45-efea-4a09-bf1c-6c3a3aa95231/datanode-6/data/ratis] (custom)
2019-09-06 21:00:17,753 [pool-469-thread-1] INFO  storage.RaftStorageDirectory (RaftStorageDirectory.java:analyzeStorage(246)) - The storage directory /workdir/hadoop-ozone/integration-test/target/test-dir/MiniOzoneClusterImpl-a4353b45-efea-4a09-bf1c-6c3a3aa95231/datanode-6/data/ratis/558b38c7-df04-4a90-8aa6-18d7bdd57a1a does not exist. Creating ...
2019-09-06 21:00:17,775 [pool-469-thread-1] INFO  storage.RaftStorageDirectory (RaftStorageDirectory.java:tryLock(328)) - Lock on /workdir/hadoop-ozone/integration-test/target/test-dir/MiniOzoneClusterImpl-a4353b45-efea-4a09-bf1c-6c3a3aa95231/datanode-6/data/ratis/558b38c7-df04-4a90-8aa6-18d7bdd57a1a/in_use.lock acquired by nodename 17137@pr-hdds-2087-j7wfl-3989464410
2019-09-06 21:00:17,800 [pool-469-thread-1] INFO  storage.RaftStorage (RaftStorage.java:format(72)) - Storage directory /workdir/hadoop-ozone/integration-test/target/test-dir/MiniOzoneClusterImpl-a4353b45-efea-4a09-bf1c-6c3a3aa95231/datanode-6/data/ratis/558b38c7-df04-4a90-8aa6-18d7bdd57a1a has been successfully formatted.
2019-09-06 21:00:17,801 [pool-469-thread-1] INFO  ratis.ContainerStateMachine (ContainerStateMachine.java:loadSnapshot(227)) - group-18D7BDD57A1A: The snapshot info is null. Setting the last applied indexto:(t:0, i:~)
2019-09-06 21:00:17,801 [pool-469-thread-1] INFO  server.RaftServerConfigKeys (ConfUtils.java:logGet(43)) - raft.server.leader.election.timeout = 120s (custom)
2019-09-06 21:00:17,801 [pool-469-thread-1] INFO  server.RaftServerConfigKeys (ConfUtils.java:logGet(43)) - raft.server.log.use.memory = false (default)
2019-09-06 21:00:17,801 [pool-469-thread-1] INFO  server.RaftServerConfigKeys (ConfUtils.java:logGet(43)) - raft.server.log.purge.gap = 1000000 (custom)
2019-09-06 21:00:17,801 [pool-469-thread-1] INFO  server.RaftServerConfigKeys (ConfUtils.java:logGet(43)) - raft.server.log.appender.buffer.byte-limit = 33554432 (custom)
2019-09-06 21:00:17,801 [pool-469-thread-1] INFO  server.RaftServerConfigKeys (ConfUtils.java:logGet(43)) - raft.server.log.segment.size.max = 1048576 (custom)
2019-09-06 21:00:17,802 [pool-469-thread-1] INFO  server.RaftServerConfigKeys (ConfUtils.java:logGet(43)) - raft.server.log.segment.cache.num.max = 2 (custom)
2019-09-06 21:00:17,802 [pool-469-thread-1] INFO  segmented.SegmentedRaftLogWorker (SegmentedRaftLogWorker.java:<init>(172)) - new 6820f5c3-6a00-4616-8415-97e192fe644d-SegmentedRaftLogWorker:Storage Directory /workdir/hadoop-ozone/integration-test/target/test-dir/MiniOzoneClusterImpl-a4353b45-efea-4a09-bf1c-6c3a3aa95231/datanode-6/data/ratis/558b38c7-df04-4a90-8aa6-18d7bdd57a1a for RaftStorage:Storage Directory /workdir/hadoop-ozone/integration-test/target/test-dir/MiniOzoneClusterImpl-a4353b45-efea-4a09-bf1c-6c3a3aa95231/datanode-6/data/ratis/558b38c7-df04-4a90-8aa6-18d7bdd57a1a
2019-09-06 21:00:17,802 [pool-469-thread-1] INFO  server.RaftServerConfigKeys (ConfUtils.java:logGet(43)) - raft.server.log.queue.byte-limit = 2147483647 (custom)
2019-09-06 21:00:17,802 [pool-469-thread-1] INFO  server.RaftServerConfigKeys (ConfUtils.java:logGet(43)) - raft.server.log.queue.element-limit = 1024 (custom)
2019-09-06 21:00:17,803 [pool-469-thread-1] INFO  server.RaftServerConfigKeys (ConfUtils.java:logGet(43)) - raft.server.log.segment.size.max = 1048576 (custom)
2019-09-06 21:00:17,803 [pool-469-thread-1] INFO  server.RaftServerConfigKeys (ConfUtils.java:logGet(43)) - raft.server.log.preallocated.size = 16384 (custom)
2019-09-06 21:00:17,803 [pool-469-thread-1] INFO  server.RaftServerConfigKeys (ConfUtils.java:logGet(43)) - raft.server.log.write.buffer.size = 33554432 (custom)
2019-09-06 21:00:17,803 [pool-469-thread-1] INFO  server.RaftServerConfigKeys (ConfUtils.java:logGet(43)) - raft.server.log.force.sync.num = 128 (default)
2019-09-06 21:00:17,803 [pool-469-thread-1] INFO  server.RaftServerConfigKeys (ConfUtils.java:logGet(43)) - raft.server.log.statemachine.data.sync = true (default)
2019-09-06 21:00:17,804 [pool-469-thread-1] INFO  server.RaftServerConfigKeys (ConfUtils.java:logGet(43)) - raft.server.log.statemachine.data.sync.timeout = 10s (default)
2019-09-06 21:00:17,804 [pool-469-thread-1] INFO  server.RaftServerConfigKeys (ConfUtils.java:logGet(43)) - raft.server.log.statemachine.data.sync.timeout.retry = -1 (default)
2019-09-06 21:00:17,804 [pool-469-thread-1] INFO  server.RaftServerConfigKeys (ConfUtils.java:logGet(43)) - raft.server.log.statemachine.data.caching.enabled = true (custom)
2019-09-06 21:00:17,805 [pool-469-thread-1] INFO  segmented.SegmentedRaftLogWorker (SegmentedRaftLogWorker.java:lambda$new$0(132)) - 6820f5c3-6a00-4616-8415-97e192fe644d-SegmentedRaftLogWorker:Storage Directory /workdir/hadoop-ozone/integration-test/target/test-dir/MiniOzoneClusterImpl-a4353b45-efea-4a09-bf1c-6c3a3aa95231/datanode-6/data/ratis/558b38c7-df04-4a90-8aa6-18d7bdd57a1a: flushIndex: setUnconditionally 0 -> -1
2019-09-06 21:00:17,805 [pool-469-thread-1] INFO  server.RaftServerConfigKeys (ConfUtils.java:logGet(43)) - raft.server.snapshot.auto.trigger.enabled = true (custom)
2019-09-06 21:00:17,805 [pool-469-thread-1] INFO  server.RaftServerConfigKeys (ConfUtils.java:logGet(43)) - raft.server.snapshot.auto.trigger.threshold = 10000 (custom)
2019-09-06 21:00:17,805 [pool-469-thread-1] INFO  server.RaftServerConfigKeys (ConfUtils.java:logGet(43)) - raft.server.retrycache.expirytime = 600000ms (custom)
2019-09-06 21:00:17,806 [pool-469-thread-1] INFO  impl.RaftServerImpl (RaftServerImpl.java:start(180)) - 6820f5c3-6a00-4616-8415-97e192fe644d: start group-18D7BDD57A1A
2019-09-06 21:00:17,806 [pool-469-thread-1] INFO  impl.RaftServerImpl (RaftServerImpl.java:setRole(171)) - 6820f5c3-6a00-4616-8415-97e192fe644d:group-18D7BDD57A1A changes role from null to FOLLOWER at term 0 for startAsFollower
2019-09-06 21:00:17,806 [pool-469-thread-1] INFO  impl.RoleInfo (RoleInfo.java:updateAndGet(143)) - 6820f5c3-6a00-4616-8415-97e192fe644d: start FollowerState
2019-09-06 21:00:17,806 [pool-469-thread-1] INFO  util.JmxRegister (JmxRegister.java:tryRegister(44)) - Successfully registered JMX Bean with object name Ratis:service=RaftServer,group=group-18D7BDD57A1A,id=6820f5c3-6a00-4616-8415-97e192fe644d
2019-09-06 21:00:17,808 [RatisPipelineUtilsThread] INFO  pipeline.PipelineStateManager (PipelineStateManager.java:addPipeline(56)) - Created pipeline Pipeline[ Id: 558b38c7-df04-4a90-8aa6-18d7bdd57a1a, Nodes: 6820f5c3-6a00-4616-8415-97e192fe644d{ip: 192.168.69.79, host: pr-hdds-2087-j7wfl-3989464410, networkLocation: /default-rack, certSerialId: null}, Type:RATIS, Factor:ONE, State:OPEN]
2019-09-06 21:00:17,817 [grpc-default-executor-6] INFO  impl.RaftServerProxy (RaftServerProxy.java:addNew(89)) - f08ec93a-17fb-4985-ac3a-369735124bec: addNew group-29AF8A6AB097:[f08ec93a-17fb-4985-ac3a-369735124bec:192.168.69.79:37055] returns group-29AF8A6AB097:java.util.concurrent.CompletableFuture@4cfb913a[Not completed]
2019-09-06 21:00:17,819 [pool-459-thread-1] INFO  impl.RaftServerImpl (RaftServerImpl.java:<init>(93)) - f08ec93a-17fb-4985-ac3a-369735124bec: new RaftServerImpl for group-29AF8A6AB097:[f08ec93a-17fb-4985-ac3a-369735124bec:192.168.69.79:37055] with ContainerStateMachine:uninitialized
2019-09-06 21:00:17,819 [pool-459-thread-1] INFO  server.RaftServerConfigKeys (ConfUtils.java:logGet(43)) - raft.server.rpc.timeout.min = 5s (custom)
2019-09-06 21:00:17,819 [pool-459-thread-1] INFO  server.RaftServerConfigKeys (ConfUtils.java:logGet(43)) - raft.server.rpc.timeout.max = 5200ms (custom)
2019-09-06 21:00:17,819 [pool-459-thread-1] INFO  server.RaftServerConfigKeys (ConfUtils.java:logGet(43)) - raft.server.rpcslowness.timeout = 120s (custom)
2019-09-06 21:00:17,819 [pool-459-thread-1] INFO  server.RaftServerConfigKeys (ConfUtils.java:logGet(43)) - raft.server.sleep.deviation.threshold = 300 (default)
2019-09-06 21:00:17,819 [pool-459-thread-1] INFO  server.RaftServerConfigKeys (ConfUtils.java:logGet(43)) - raft.server.log.appender.install.snapshot.enabled = false (custom)
2019-09-06 21:00:17,819 [pool-459-thread-1] INFO  impl.RaftServerImpl (ServerState.java:<init>(105)) - f08ec93a-17fb-4985-ac3a-369735124bec:group-29AF8A6AB097 ConfigurationManager, init=-1: [f08ec93a-17fb-4985-ac3a-369735124bec:192.168.69.79:37055], old=null, confs=<EMPTY_MAP>
2019-09-06 21:00:17,820 [pool-459-thread-1] INFO  server.RaftServerConfigKeys (ConfUtils.java:logGet(43)) - raft.server.storage.dir = [/workdir/hadoop-ozone/integration-test/target/test-dir/MiniOzoneClusterImpl-a4353b45-efea-4a09-bf1c-6c3a3aa95231/datanode-5/data/ratis] (custom)
2019-09-06 21:00:17,820 [pool-459-thread-1] INFO  storage.RaftStorageDirectory (RaftStorageDirectory.java:analyzeStorage(246)) - The storage directory /workdir/hadoop-ozone/integration-test/target/test-dir/MiniOzoneClusterImpl-a4353b45-efea-4a09-bf1c-6c3a3aa95231/datanode-5/data/ratis/41a99658-330e-4a06-bd2c-29af8a6ab097 does not exist. Creating ...
2019-09-06 21:00:17,842 [pool-459-thread-1] INFO  storage.RaftStorageDirectory (RaftStorageDirectory.java:tryLock(328)) - Lock on /workdir/hadoop-ozone/integration-test/target/test-dir/MiniOzoneClusterImpl-a4353b45-efea-4a09-bf1c-6c3a3aa95231/datanode-5/data/ratis/41a99658-330e-4a06-bd2c-29af8a6ab097/in_use.lock acquired by nodename 17137@pr-hdds-2087-j7wfl-3989464410
2019-09-06 21:00:17,868 [pool-459-thread-1] INFO  storage.RaftStorage (RaftStorage.java:format(72)) - Storage directory /workdir/hadoop-ozone/integration-test/target/test-dir/MiniOzoneClusterImpl-a4353b45-efea-4a09-bf1c-6c3a3aa95231/datanode-5/data/ratis/41a99658-330e-4a06-bd2c-29af8a6ab097 has been successfully formatted.
2019-09-06 21:00:17,868 [pool-459-thread-1] INFO  ratis.ContainerStateMachine (ContainerStateMachine.java:loadSnapshot(227)) - group-29AF8A6AB097: The snapshot info is null. Setting the last applied indexto:(t:0, i:~)
2019-09-06 21:00:17,868 [pool-459-thread-1] INFO  server.RaftServerConfigKeys (ConfUtils.java:logGet(43)) - raft.server.leader.election.timeout = 120s (custom)
2019-09-06 21:00:17,868 [pool-459-thread-1] INFO  server.RaftServerConfigKeys (ConfUtils.java:logGet(43)) - raft.server.log.use.memory = false (default)
2019-09-06 21:00:17,868 [pool-459-thread-1] INFO  server.RaftServerConfigKeys (ConfUtils.java:logGet(43)) - raft.server.log.purge.gap = 1000000 (custom)
2019-09-06 21:00:17,869 [pool-459-thread-1] INFO  server.RaftServerConfigKeys (ConfUtils.java:logGet(43)) - raft.server.log.appender.buffer.byte-limit = 33554432 (custom)
2019-09-06 21:00:17,869 [pool-459-thread-1] INFO  server.RaftServerConfigKeys (ConfUtils.java:logGet(43)) - raft.server.log.segment.size.max = 1048576 (custom)
2019-09-06 21:00:17,869 [pool-459-thread-1] INFO  server.RaftServerConfigKeys (ConfUtils.java:logGet(43)) - raft.server.log.segment.cache.num.max = 2 (custom)
2019-09-06 21:00:17,869 [pool-459-thread-1] INFO  segmented.SegmentedRaftLogWorker (SegmentedRaftLogWorker.java:<init>(172)) - new f08ec93a-17fb-4985-ac3a-369735124bec-SegmentedRaftLogWorker:Storage Directory /workdir/hadoop-ozone/integration-test/target/test-dir/MiniOzoneClusterImpl-a4353b45-efea-4a09-bf1c-6c3a3aa95231/datanode-5/data/ratis/41a99658-330e-4a06-bd2c-29af8a6ab097 for RaftStorage:Storage Directory /workdir/hadoop-ozone/integration-test/target/test-dir/MiniOzoneClusterImpl-a4353b45-efea-4a09-bf1c-6c3a3aa95231/datanode-5/data/ratis/41a99658-330e-4a06-bd2c-29af8a6ab097
2019-09-06 21:00:17,869 [pool-459-thread-1] INFO  server.RaftServerConfigKeys (ConfUtils.java:logGet(43)) - raft.server.log.queue.byte-limit = 2147483647 (custom)
2019-09-06 21:00:17,869 [pool-459-thread-1] INFO  server.RaftServerConfigKeys (ConfUtils.java:logGet(43)) - raft.server.log.queue.element-limit = 1024 (custom)
2019-09-06 21:00:17,870 [pool-459-thread-1] INFO  server.RaftServerConfigKeys (ConfUtils.java:logGet(43)) - raft.server.log.segment.size.max = 1048576 (custom)
2019-09-06 21:00:17,870 [pool-459-thread-1] INFO  server.RaftServerConfigKeys (ConfUtils.java:logGet(43)) - raft.server.log.preallocated.size = 16384 (custom)
2019-09-06 21:00:17,870 [pool-459-thread-1] INFO  server.RaftServerConfigKeys (ConfUtils.java:logGet(43)) - raft.server.log.write.buffer.size = 33554432 (custom)
2019-09-06 21:00:17,870 [pool-459-thread-1] INFO  server.RaftServerConfigKeys (ConfUtils.java:logGet(43)) - raft.server.log.force.sync.num = 128 (default)
2019-09-06 21:00:17,870 [pool-459-thread-1] INFO  server.RaftServerConfigKeys (ConfUtils.java:logGet(43)) - raft.server.log.statemachine.data.sync = true (default)
2019-09-06 21:00:17,870 [pool-459-thread-1] INFO  server.RaftServerConfigKeys (ConfUtils.java:logGet(43)) - raft.server.log.statemachine.data.sync.timeout = 10s (default)
2019-09-06 21:00:17,871 [pool-459-thread-1] INFO  server.RaftServerConfigKeys (ConfUtils.java:logGet(43)) - raft.server.log.statemachine.data.sync.timeout.retry = -1 (default)
2019-09-06 21:00:17,871 [pool-459-thread-1] INFO  server.RaftServerConfigKeys (ConfUtils.java:logGet(43)) - raft.server.log.statemachine.data.caching.enabled = true (custom)
2019-09-06 21:00:17,871 [pool-459-thread-1] INFO  segmented.SegmentedRaftLogWorker (SegmentedRaftLogWorker.java:lambda$new$0(132)) - f08ec93a-17fb-4985-ac3a-369735124bec-SegmentedRaftLogWorker:Storage Directory /workdir/hadoop-ozone/integration-test/target/test-dir/MiniOzoneClusterImpl-a4353b45-efea-4a09-bf1c-6c3a3aa95231/datanode-5/data/ratis/41a99658-330e-4a06-bd2c-29af8a6ab097: flushIndex: setUnconditionally 0 -> -1
2019-09-06 21:00:17,872 [pool-459-thread-1] INFO  server.RaftServerConfigKeys (ConfUtils.java:logGet(43)) - raft.server.snapshot.auto.trigger.enabled = true (custom)
2019-09-06 21:00:17,872 [pool-459-thread-1] INFO  server.RaftServerConfigKeys (ConfUtils.java:logGet(43)) - raft.server.snapshot.auto.trigger.threshold = 10000 (custom)
2019-09-06 21:00:17,872 [pool-459-thread-1] INFO  server.RaftServerConfigKeys (ConfUtils.java:logGet(43)) - raft.server.retrycache.expirytime = 600000ms (custom)
2019-09-06 21:00:17,872 [pool-459-thread-1] INFO  impl.RaftServerImpl (RaftServerImpl.java:start(180)) - f08ec93a-17fb-4985-ac3a-369735124bec: start group-29AF8A6AB097
2019-09-06 21:00:17,872 [pool-459-thread-1] INFO  impl.RaftServerImpl (RaftServerImpl.java:setRole(171)) - f08ec93a-17fb-4985-ac3a-369735124bec:group-29AF8A6AB097 changes role from null to FOLLOWER at term 0 for startAsFollower
2019-09-06 21:00:17,872 [pool-459-thread-1] INFO  impl.RoleInfo (RoleInfo.java:updateAndGet(143)) - f08ec93a-17fb-4985-ac3a-369735124bec: start FollowerState
2019-09-06 21:00:17,873 [pool-459-thread-1] INFO  util.JmxRegister (JmxRegister.java:tryRegister(44)) - Successfully registered JMX Bean with object name Ratis:service=RaftServer,group=group-29AF8A6AB097,id=f08ec93a-17fb-4985-ac3a-369735124bec
2019-09-06 21:00:17,875 [RatisPipelineUtilsThread] INFO  pipeline.PipelineStateManager (PipelineStateManager.java:addPipeline(56)) - Created pipeline Pipeline[ Id: 41a99658-330e-4a06-bd2c-29af8a6ab097, Nodes: f08ec93a-17fb-4985-ac3a-369735124bec{ip: 192.168.69.79, host: pr-hdds-2087-j7wfl-3989464410, networkLocation: /default-rack, certSerialId: null}, Type:RATIS, Factor:ONE, State:OPEN]
2019-09-06 21:00:17,888 [grpc-default-executor-4] INFO  impl.RaftServerProxy (RaftServerProxy.java:addNew(89)) - 1e7c2804-6315-4ea1-a19d-948e315fb9b4: addNew group-E2322F3ACBE7:[1e7c2804-6315-4ea1-a19d-948e315fb9b4:192.168.69.79:45272, fbf37fd0-cd16-4237-a40d-69722fedc998:192.168.69.79:42262, 6820f5c3-6a00-4616-8415-97e192fe644d:192.168.69.79:34578] returns group-E2322F3ACBE7:java.util.concurrent.CompletableFuture@21cd93ed[Not completed]
2019-09-06 21:00:17,888 [grpc-default-executor-6] INFO  impl.RaftServerProxy (RaftServerProxy.java:addNew(89)) - 6820f5c3-6a00-4616-8415-97e192fe644d: addNew group-E2322F3ACBE7:[1e7c2804-6315-4ea1-a19d-948e315fb9b4:192.168.69.79:45272, fbf37fd0-cd16-4237-a40d-69722fedc998:192.168.69.79:42262, 6820f5c3-6a00-4616-8415-97e192fe644d:192.168.69.79:34578] returns group-E2322F3ACBE7:java.util.concurrent.CompletableFuture@2b3a813[Not completed]
2019-09-06 21:00:17,888 [grpc-default-executor-4] INFO  impl.RaftServerProxy (RaftServerProxy.java:addNew(89)) - fbf37fd0-cd16-4237-a40d-69722fedc998: addNew group-E2322F3ACBE7:[1e7c2804-6315-4ea1-a19d-948e315fb9b4:192.168.69.79:45272, fbf37fd0-cd16-4237-a40d-69722fedc998:192.168.69.79:42262, 6820f5c3-6a00-4616-8415-97e192fe644d:192.168.69.79:34578] returns group-E2322F3ACBE7:java.util.concurrent.CompletableFuture@3b41111c[Not completed]
2019-09-06 21:00:17,889 [pool-409-thread-1] INFO  impl.RaftServerImpl (RaftServerImpl.java:<init>(93)) - 1e7c2804-6315-4ea1-a19d-948e315fb9b4: new RaftServerImpl for group-E2322F3ACBE7:[1e7c2804-6315-4ea1-a19d-948e315fb9b4:192.168.69.79:45272, fbf37fd0-cd16-4237-a40d-69722fedc998:192.168.69.79:42262, 6820f5c3-6a00-4616-8415-97e192fe644d:192.168.69.79:34578] with ContainerStateMachine:uninitialized
2019-09-06 21:00:17,889 [pool-409-thread-1] INFO  server.RaftServerConfigKeys (ConfUtils.java:logGet(43)) - raft.server.rpc.timeout.min = 5s (custom)
2019-09-06 21:00:17,889 [pool-409-thread-1] INFO  server.RaftServerConfigKeys (ConfUtils.java:logGet(43)) - raft.server.rpc.timeout.max = 5200ms (custom)
2019-09-06 21:00:17,889 [pool-409-thread-1] INFO  server.RaftServerConfigKeys (ConfUtils.java:logGet(43)) - raft.server.rpcslowness.timeout = 120s (custom)
2019-09-06 21:00:17,889 [pool-469-thread-1] INFO  impl.RaftServerImpl (RaftServerImpl.java:<init>(93)) - 6820f5c3-6a00-4616-8415-97e192fe644d: new RaftServerImpl for group-E2322F3ACBE7:[1e7c2804-6315-4ea1-a19d-948e315fb9b4:192.168.69.79:45272, fbf37fd0-cd16-4237-a40d-69722fedc998:192.168.69.79:42262, 6820f5c3-6a00-4616-8415-97e192fe644d:192.168.69.79:34578] with ContainerStateMachine:uninitialized
2019-09-06 21:00:17,889 [pool-409-thread-1] INFO  server.RaftServerConfigKeys (ConfUtils.java:logGet(43)) - raft.server.sleep.deviation.threshold = 300 (default)
2019-09-06 21:00:17,890 [pool-469-thread-1] INFO  server.RaftServerConfigKeys (ConfUtils.java:logGet(43)) - raft.server.rpc.timeout.min = 5s (custom)
2019-09-06 21:00:17,890 [pool-409-thread-1] INFO  server.RaftServerConfigKeys (ConfUtils.java:logGet(43)) - raft.server.log.appender.install.snapshot.enabled = false (custom)
2019-09-06 21:00:17,890 [pool-469-thread-1] INFO  server.RaftServerConfigKeys (ConfUtils.java:logGet(43)) - raft.server.rpc.timeout.max = 5200ms (custom)
2019-09-06 21:00:17,890 [pool-409-thread-1] INFO  impl.RaftServerImpl (ServerState.java:<init>(105)) - 1e7c2804-6315-4ea1-a19d-948e315fb9b4:group-E2322F3ACBE7 ConfigurationManager, init=-1: [1e7c2804-6315-4ea1-a19d-948e315fb9b4:192.168.69.79:45272, fbf37fd0-cd16-4237-a40d-69722fedc998:192.168.69.79:42262, 6820f5c3-6a00-4616-8415-97e192fe644d:192.168.69.79:34578], old=null, confs=<EMPTY_MAP>
2019-09-06 21:00:17,890 [pool-449-thread-1] INFO  impl.RaftServerImpl (RaftServerImpl.java:<init>(93)) - fbf37fd0-cd16-4237-a40d-69722fedc998: new RaftServerImpl for group-E2322F3ACBE7:[1e7c2804-6315-4ea1-a19d-948e315fb9b4:192.168.69.79:45272, fbf37fd0-cd16-4237-a40d-69722fedc998:192.168.69.79:42262, 6820f5c3-6a00-4616-8415-97e192fe644d:192.168.69.79:34578] with ContainerStateMachine:uninitialized
2019-09-06 21:00:17,890 [pool-469-thread-1] INFO  server.RaftServerConfigKeys (ConfUtils.java:logGet(43)) - raft.server.rpcslowness.timeout = 120s (custom)
2019-09-06 21:00:17,890 [pool-449-thread-1] INFO  server.RaftServerConfigKeys (ConfUtils.java:logGet(43)) - raft.server.rpc.timeout.min = 5s (custom)
2019-09-06 21:00:17,890 [pool-409-thread-1] INFO  server.RaftServerConfigKeys (ConfUtils.java:logGet(43)) - raft.server.storage.dir = [/workdir/hadoop-ozone/integration-test/target/test-dir/MiniOzoneClusterImpl-a4353b45-efea-4a09-bf1c-6c3a3aa95231/datanode-0/data/ratis] (custom)
2019-09-06 21:00:17,891 [pool-449-thread-1] INFO  server.RaftServerConfigKeys (ConfUtils.java:logGet(43)) - raft.server.rpc.timeout.max = 5200ms (custom)
2019-09-06 21:00:17,891 [pool-469-thread-1] INFO  server.RaftServerConfigKeys (ConfUtils.java:logGet(43)) - raft.server.sleep.deviation.threshold = 300 (default)
2019-09-06 21:00:17,891 [pool-409-thread-1] INFO  storage.RaftStorageDirectory (RaftStorageDirectory.java:analyzeStorage(246)) - The storage directory /workdir/hadoop-ozone/integration-test/target/test-dir/MiniOzoneClusterImpl-a4353b45-efea-4a09-bf1c-6c3a3aa95231/datanode-0/data/ratis/6153a5fb-a965-494a-983f-e2322f3acbe7 does not exist. Creating ...
2019-09-06 21:00:17,891 [pool-449-thread-1] INFO  server.RaftServerConfigKeys (ConfUtils.java:logGet(43)) - raft.server.rpcslowness.timeout = 120s (custom)
2019-09-06 21:00:17,891 [pool-469-thread-1] INFO  server.RaftServerConfigKeys (ConfUtils.java:logGet(43)) - raft.server.log.appender.install.snapshot.enabled = false (custom)
2019-09-06 21:00:17,891 [pool-449-thread-1] INFO  server.RaftServerConfigKeys (ConfUtils.java:logGet(43)) - raft.server.sleep.deviation.threshold = 300 (default)
2019-09-06 21:00:17,892 [pool-469-thread-1] INFO  impl.RaftServerImpl (ServerState.java:<init>(105)) - 6820f5c3-6a00-4616-8415-97e192fe644d:group-E2322F3ACBE7 ConfigurationManager, init=-1: [1e7c2804-6315-4ea1-a19d-948e315fb9b4:192.168.69.79:45272, fbf37fd0-cd16-4237-a40d-69722fedc998:192.168.69.79:42262, 6820f5c3-6a00-4616-8415-97e192fe644d:192.168.69.79:34578], old=null, confs=<EMPTY_MAP>
2019-09-06 21:00:17,892 [pool-449-thread-1] INFO  server.RaftServerConfigKeys (ConfUtils.java:logGet(43)) - raft.server.log.appender.install.snapshot.enabled = false (custom)
2019-09-06 21:00:17,892 [pool-469-thread-1] INFO  server.RaftServerConfigKeys (ConfUtils.java:logGet(43)) - raft.server.storage.dir = [/workdir/hadoop-ozone/integration-test/target/test-dir/MiniOzoneClusterImpl-a4353b45-efea-4a09-bf1c-6c3a3aa95231/datanode-6/data/ratis] (custom)
2019-09-06 21:00:17,892 [pool-449-thread-1] INFO  impl.RaftServerImpl (ServerState.java:<init>(105)) - fbf37fd0-cd16-4237-a40d-69722fedc998:group-E2322F3ACBE7 ConfigurationManager, init=-1: [1e7c2804-6315-4ea1-a19d-948e315fb9b4:192.168.69.79:45272, fbf37fd0-cd16-4237-a40d-69722fedc998:192.168.69.79:42262, 6820f5c3-6a00-4616-8415-97e192fe644d:192.168.69.79:34578], old=null, confs=<EMPTY_MAP>
2019-09-06 21:00:17,892 [pool-449-thread-1] INFO  server.RaftServerConfigKeys (ConfUtils.java:logGet(43)) - raft.server.storage.dir = [/workdir/hadoop-ozone/integration-test/target/test-dir/MiniOzoneClusterImpl-a4353b45-efea-4a09-bf1c-6c3a3aa95231/datanode-4/data/ratis] (custom)
2019-09-06 21:00:17,892 [pool-469-thread-1] INFO  storage.RaftStorageDirectory (RaftStorageDirectory.java:analyzeStorage(246)) - The storage directory /workdir/hadoop-ozone/integration-test/target/test-dir/MiniOzoneClusterImpl-a4353b45-efea-4a09-bf1c-6c3a3aa95231/datanode-6/data/ratis/6153a5fb-a965-494a-983f-e2322f3acbe7 does not exist. Creating ...
2019-09-06 21:00:17,893 [pool-449-thread-1] INFO  storage.RaftStorageDirectory (RaftStorageDirectory.java:analyzeStorage(246)) - The storage directory /workdir/hadoop-ozone/integration-test/target/test-dir/MiniOzoneClusterImpl-a4353b45-efea-4a09-bf1c-6c3a3aa95231/datanode-4/data/ratis/6153a5fb-a965-494a-983f-e2322f3acbe7 does not exist. Creating ...
2019-09-06 21:00:17,918 [pool-469-thread-1] INFO  storage.RaftStorageDirectory (RaftStorageDirectory.java:tryLock(328)) - Lock on /workdir/hadoop-ozone/integration-test/target/test-dir/MiniOzoneClusterImpl-a4353b45-efea-4a09-bf1c-6c3a3aa95231/datanode-6/data/ratis/6153a5fb-a965-494a-983f-e2322f3acbe7/in_use.lock acquired by nodename 17137@pr-hdds-2087-j7wfl-3989464410
2019-09-06 21:00:17,918 [pool-449-thread-1] INFO  storage.RaftStorageDirectory (RaftStorageDirectory.java:tryLock(328)) - Lock on /workdir/hadoop-ozone/integration-test/target/test-dir/MiniOzoneClusterImpl-a4353b45-efea-4a09-bf1c-6c3a3aa95231/datanode-4/data/ratis/6153a5fb-a965-494a-983f-e2322f3acbe7/in_use.lock acquired by nodename 17137@pr-hdds-2087-j7wfl-3989464410
2019-09-06 21:00:17,918 [pool-409-thread-1] INFO  storage.RaftStorageDirectory (RaftStorageDirectory.java:tryLock(328)) - Lock on /workdir/hadoop-ozone/integration-test/target/test-dir/MiniOzoneClusterImpl-a4353b45-efea-4a09-bf1c-6c3a3aa95231/datanode-0/data/ratis/6153a5fb-a965-494a-983f-e2322f3acbe7/in_use.lock acquired by nodename 17137@pr-hdds-2087-j7wfl-3989464410
2019-09-06 21:00:17,936 [pool-449-thread-1] INFO  storage.RaftStorage (RaftStorage.java:format(72)) - Storage directory /workdir/hadoop-ozone/integration-test/target/test-dir/MiniOzoneClusterImpl-a4353b45-efea-4a09-bf1c-6c3a3aa95231/datanode-4/data/ratis/6153a5fb-a965-494a-983f-e2322f3acbe7 has been successfully formatted.
2019-09-06 21:00:17,936 [pool-409-thread-1] INFO  storage.RaftStorage (RaftStorage.java:format(72)) - Storage directory /workdir/hadoop-ozone/integration-test/target/test-dir/MiniOzoneClusterImpl-a4353b45-efea-4a09-bf1c-6c3a3aa95231/datanode-0/data/ratis/6153a5fb-a965-494a-983f-e2322f3acbe7 has been successfully formatted.
2019-09-06 21:00:17,936 [pool-469-thread-1] INFO  storage.RaftStorage (RaftStorage.java:format(72)) - Storage directory /workdir/hadoop-ozone/integration-test/target/test-dir/MiniOzoneClusterImpl-a4353b45-efea-4a09-bf1c-6c3a3aa95231/datanode-6/data/ratis/6153a5fb-a965-494a-983f-e2322f3acbe7 has been successfully formatted.
2019-09-06 21:00:17,937 [pool-409-thread-1] INFO  ratis.ContainerStateMachine (ContainerStateMachine.java:loadSnapshot(227)) - group-E2322F3ACBE7: The snapshot info is null. Setting the last applied indexto:(t:0, i:~)
2019-09-06 21:00:17,937 [pool-449-thread-1] INFO  ratis.ContainerStateMachine (ContainerStateMachine.java:loadSnapshot(227)) - group-E2322F3ACBE7: The snapshot info is null. Setting the last applied indexto:(t:0, i:~)
2019-09-06 21:00:17,937 [pool-409-thread-1] INFO  server.RaftServerConfigKeys (ConfUtils.java:logGet(43)) - raft.server.leader.election.timeout = 120s (custom)
2019-09-06 21:00:17,937 [pool-469-thread-1] INFO  ratis.ContainerStateMachine (ContainerStateMachine.java:loadSnapshot(227)) - group-E2322F3ACBE7: The snapshot info is null. Setting the last applied indexto:(t:0, i:~)
2019-09-06 21:00:17,937 [pool-409-thread-1] INFO  server.RaftServerConfigKeys (ConfUtils.java:logGet(43)) - raft.server.log.use.memory = false (default)
2019-09-06 21:00:17,937 [pool-449-thread-1] INFO  server.RaftServerConfigKeys (ConfUtils.java:logGet(43)) - raft.server.leader.election.timeout = 120s (custom)
2019-09-06 21:00:17,938 [pool-409-thread-1] INFO  server.RaftServerConfigKeys (ConfUtils.java:logGet(43)) - raft.server.log.purge.gap = 1000000 (custom)
2019-09-06 21:00:17,938 [pool-469-thread-1] INFO  server.RaftServerConfigKeys (ConfUtils.java:logGet(43)) - raft.server.leader.election.timeout = 120s (custom)
2019-09-06 21:00:17,938 [pool-409-thread-1] INFO  server.RaftServerConfigKeys (ConfUtils.java:logGet(43)) - raft.server.log.appender.buffer.byte-limit = 33554432 (custom)
2019-09-06 21:00:17,938 [pool-449-thread-1] INFO  server.RaftServerConfigKeys (ConfUtils.java:logGet(43)) - raft.server.log.use.memory = false (default)
2019-09-06 21:00:17,939 [pool-409-thread-1] INFO  server.RaftServerConfigKeys (ConfUtils.java:logGet(43)) - raft.server.log.segment.size.max = 1048576 (custom)
2019-09-06 21:00:17,938 [pool-469-thread-1] INFO  server.RaftServerConfigKeys (ConfUtils.java:logGet(43)) - raft.server.log.use.memory = false (default)
2019-09-06 21:00:17,939 [pool-409-thread-1] INFO  server.RaftServerConfigKeys (ConfUtils.java:logGet(43)) - raft.server.log.segment.cache.num.max = 2 (custom)
2019-09-06 21:00:17,939 [pool-449-thread-1] INFO  server.RaftServerConfigKeys (ConfUtils.java:logGet(43)) - raft.server.log.purge.gap = 1000000 (custom)
2019-09-06 21:00:17,939 [pool-409-thread-1] INFO  segmented.SegmentedRaftLogWorker (SegmentedRaftLogWorker.java:<init>(172)) - new 1e7c2804-6315-4ea1-a19d-948e315fb9b4-SegmentedRaftLogWorker:Storage Directory /workdir/hadoop-ozone/integration-test/target/test-dir/MiniOzoneClusterImpl-a4353b45-efea-4a09-bf1c-6c3a3aa95231/datanode-0/data/ratis/6153a5fb-a965-494a-983f-e2322f3acbe7 for RaftStorage:Storage Directory /workdir/hadoop-ozone/integration-test/target/test-dir/MiniOzoneClusterImpl-a4353b45-efea-4a09-bf1c-6c3a3aa95231/datanode-0/data/ratis/6153a5fb-a965-494a-983f-e2322f3acbe7
2019-09-06 21:00:17,939 [pool-469-thread-1] INFO  server.RaftServerConfigKeys (ConfUtils.java:logGet(43)) - raft.server.log.purge.gap = 1000000 (custom)
2019-09-06 21:00:17,940 [pool-409-thread-1] INFO  server.RaftServerConfigKeys (ConfUtils.java:logGet(43)) - raft.server.log.queue.byte-limit = 2147483647 (custom)
2019-09-06 21:00:17,939 [pool-449-thread-1] INFO  server.RaftServerConfigKeys (ConfUtils.java:logGet(43)) - raft.server.log.appender.buffer.byte-limit = 33554432 (custom)
2019-09-06 21:00:17,940 [pool-409-thread-1] INFO  server.RaftServerConfigKeys (ConfUtils.java:logGet(43)) - raft.server.log.queue.element-limit = 1024 (custom)
2019-09-06 21:00:17,940 [pool-469-thread-1] INFO  server.RaftServerConfigKeys (ConfUtils.java:logGet(43)) - raft.server.log.appender.buffer.byte-limit = 33554432 (custom)
2019-09-06 21:00:17,940 [pool-409-thread-1] INFO  server.RaftServerConfigKeys (ConfUtils.java:logGet(43)) - raft.server.log.segment.size.max = 1048576 (custom)
2019-09-06 21:00:17,941 [pool-409-thread-1] INFO  server.RaftServerConfigKeys (ConfUtils.java:logGet(43)) - raft.server.log.preallocated.size = 16384 (custom)
2019-09-06 21:00:17,940 [pool-449-thread-1] INFO  server.RaftServerConfigKeys (ConfUtils.java:logGet(43)) - raft.server.log.segment.size.max = 1048576 (custom)
2019-09-06 21:00:17,941 [pool-409-thread-1] INFO  server.RaftServerConfigKeys (ConfUtils.java:logGet(43)) - raft.server.log.write.buffer.size = 33554432 (custom)
2019-09-06 21:00:17,941 [pool-409-thread-1] INFO  server.RaftServerConfigKeys (ConfUtils.java:logGet(43)) - raft.server.log.force.sync.num = 128 (default)
2019-09-06 21:00:17,940 [pool-469-thread-1] INFO  server.RaftServerConfigKeys (ConfUtils.java:logGet(43)) - raft.server.log.segment.size.max = 1048576 (custom)
2019-09-06 21:00:17,941 [pool-409-thread-1] INFO  server.RaftServerConfigKeys (ConfUtils.java:logGet(43)) - raft.server.log.statemachine.data.sync = true (default)
2019-09-06 21:00:17,941 [pool-449-thread-1] INFO  server.RaftServerConfigKeys (ConfUtils.java:logGet(43)) - raft.server.log.segment.cache.num.max = 2 (custom)
2019-09-06 21:00:17,942 [pool-409-thread-1] INFO  server.RaftServerConfigKeys (ConfUtils.java:logGet(43)) - raft.server.log.statemachine.data.sync.timeout = 10s (default)
2019-09-06 21:00:17,942 [pool-469-thread-1] INFO  server.RaftServerConfigKeys (ConfUtils.java:logGet(43)) - raft.server.log.segment.cache.num.max = 2 (custom)
2019-09-06 21:00:17,942 [pool-409-thread-1] INFO  server.RaftServerConfigKeys (ConfUtils.java:logGet(43)) - raft.server.log.statemachine.data.sync.timeout.retry = -1 (default)
2019-09-06 21:00:17,942 [pool-449-thread-1] INFO  segmented.SegmentedRaftLogWorker (SegmentedRaftLogWorker.java:<init>(172)) - new fbf37fd0-cd16-4237-a40d-69722fedc998-SegmentedRaftLogWorker:Storage Directory /workdir/hadoop-ozone/integration-test/target/test-dir/MiniOzoneClusterImpl-a4353b45-efea-4a09-bf1c-6c3a3aa95231/datanode-4/data/ratis/6153a5fb-a965-494a-983f-e2322f3acbe7 for RaftStorage:Storage Directory /workdir/hadoop-ozone/integration-test/target/test-dir/MiniOzoneClusterImpl-a4353b45-efea-4a09-bf1c-6c3a3aa95231/datanode-4/data/ratis/6153a5fb-a965-494a-983f-e2322f3acbe7
2019-09-06 21:00:17,942 [pool-409-thread-1] INFO  server.RaftServerConfigKeys (ConfUtils.java:logGet(43)) - raft.server.log.statemachine.data.caching.enabled = true (custom)
2019-09-06 21:00:17,942 [pool-469-thread-1] INFO  segmented.SegmentedRaftLogWorker (SegmentedRaftLogWorker.java:<init>(172)) - new 6820f5c3-6a00-4616-8415-97e192fe644d-SegmentedRaftLogWorker:Storage Directory /workdir/hadoop-ozone/integration-test/target/test-dir/MiniOzoneClusterImpl-a4353b45-efea-4a09-bf1c-6c3a3aa95231/datanode-6/data/ratis/6153a5fb-a965-494a-983f-e2322f3acbe7 for RaftStorage:Storage Directory /workdir/hadoop-ozone/integration-test/target/test-dir/MiniOzoneClusterImpl-a4353b45-efea-4a09-bf1c-6c3a3aa95231/datanode-6/data/ratis/6153a5fb-a965-494a-983f-e2322f3acbe7
2019-09-06 21:00:17,943 [pool-449-thread-1] INFO  server.RaftServerConfigKeys (ConfUtils.java:logGet(43)) - raft.server.log.queue.byte-limit = 2147483647 (custom)
2019-09-06 21:00:17,943 [pool-409-thread-1] INFO  segmented.SegmentedRaftLogWorker (SegmentedRaftLogWorker.java:lambda$new$0(132)) - 1e7c2804-6315-4ea1-a19d-948e315fb9b4-SegmentedRaftLogWorker:Storage Directory /workdir/hadoop-ozone/integration-test/target/test-dir/MiniOzoneClusterImpl-a4353b45-efea-4a09-bf1c-6c3a3aa95231/datanode-0/data/ratis/6153a5fb-a965-494a-983f-e2322f3acbe7: flushIndex: setUnconditionally 0 -> -1
2019-09-06 21:00:17,943 [pool-469-thread-1] INFO  server.RaftServerConfigKeys (ConfUtils.java:logGet(43)) - raft.server.log.queue.byte-limit = 2147483647 (custom)
2019-09-06 21:00:17,943 [pool-469-thread-1] INFO  server.RaftServerConfigKeys (ConfUtils.java:logGet(43)) - raft.server.log.queue.element-limit = 1024 (custom)
2019-09-06 21:00:17,943 [pool-449-thread-1] INFO  server.RaftServerConfigKeys (ConfUtils.java:logGet(43)) - raft.server.log.queue.element-limit = 1024 (custom)
2019-09-06 21:00:17,944 [pool-469-thread-1] INFO  server.RaftServerConfigKeys (ConfUtils.java:logGet(43)) - raft.server.log.segment.size.max = 1048576 (custom)
2019-09-06 21:00:17,943 [pool-409-thread-1] INFO  server.RaftServerConfigKeys (ConfUtils.java:logGet(43)) - raft.server.snapshot.auto.trigger.enabled = true (custom)
2019-09-06 21:00:17,944 [pool-469-thread-1] INFO  server.RaftServerConfigKeys (ConfUtils.java:logGet(43)) - raft.server.log.preallocated.size = 16384 (custom)
2019-09-06 21:00:17,944 [pool-469-thread-1] INFO  server.RaftServerConfigKeys (ConfUtils.java:logGet(43)) - raft.server.log.write.buffer.size = 33554432 (custom)
2019-09-06 21:00:17,944 [pool-449-thread-1] INFO  server.RaftServerConfigKeys (ConfUtils.java:logGet(43)) - raft.server.log.segment.size.max = 1048576 (custom)
2019-09-06 21:00:17,944 [pool-469-thread-1] INFO  server.RaftServerConfigKeys (ConfUtils.java:logGet(43)) - raft.server.log.force.sync.num = 128 (default)
2019-09-06 21:00:17,944 [pool-409-thread-1] INFO  server.RaftServerConfigKeys (ConfUtils.java:logGet(43)) - raft.server.snapshot.auto.trigger.threshold = 10000 (custom)
2019-09-06 21:00:17,945 [pool-469-thread-1] INFO  server.RaftServerConfigKeys (ConfUtils.java:logGet(43)) - raft.server.log.statemachine.data.sync = true (default)
2019-09-06 21:00:17,945 [pool-449-thread-1] INFO  server.RaftServerConfigKeys (ConfUtils.java:logGet(43)) - raft.server.log.preallocated.size = 16384 (custom)
2019-09-06 21:00:17,945 [pool-469-thread-1] INFO  server.RaftServerConfigKeys (ConfUtils.java:logGet(43)) - raft.server.log.statemachine.data.sync.timeout = 10s (default)
2019-09-06 21:00:17,945 [pool-409-thread-1] INFO  server.RaftServerConfigKeys (ConfUtils.java:logGet(43)) - raft.server.retrycache.expirytime = 600000ms (custom)
2019-09-06 21:00:17,946 [pool-469-thread-1] INFO  server.RaftServerConfigKeys (ConfUtils.java:logGet(43)) - raft.server.log.statemachine.data.sync.timeout.retry = -1 (default)
2019-09-06 21:00:17,945 [pool-449-thread-1] INFO  server.RaftServerConfigKeys (ConfUtils.java:logGet(43)) - raft.server.log.write.buffer.size = 33554432 (custom)
2019-09-06 21:00:17,946 [pool-469-thread-1] INFO  server.RaftServerConfigKeys (ConfUtils.java:logGet(43)) - raft.server.log.statemachine.data.caching.enabled = true (custom)
2019-09-06 21:00:17,946 [pool-409-thread-1] INFO  impl.RaftServerImpl (RaftServerImpl.java:start(180)) - 1e7c2804-6315-4ea1-a19d-948e315fb9b4: start group-E2322F3ACBE7
2019-09-06 21:00:17,946 [pool-409-thread-1] INFO  impl.RaftServerImpl (RaftServerImpl.java:setRole(171)) - 1e7c2804-6315-4ea1-a19d-948e315fb9b4:group-E2322F3ACBE7 changes role from null to FOLLOWER at term 0 for startAsFollower
2019-09-06 21:00:17,946 [pool-449-thread-1] INFO  server.RaftServerConfigKeys (ConfUtils.java:logGet(43)) - raft.server.log.force.sync.num = 128 (default)
2019-09-06 21:00:17,947 [pool-409-thread-1] INFO  impl.RoleInfo (RoleInfo.java:updateAndGet(143)) - 1e7c2804-6315-4ea1-a19d-948e315fb9b4: start FollowerState
2019-09-06 21:00:17,947 [pool-469-thread-1] INFO  segmented.SegmentedRaftLogWorker (SegmentedRaftLogWorker.java:lambda$new$0(132)) - 6820f5c3-6a00-4616-8415-97e192fe644d-SegmentedRaftLogWorker:Storage Directory /workdir/hadoop-ozone/integration-test/target/test-dir/MiniOzoneClusterImpl-a4353b45-efea-4a09-bf1c-6c3a3aa95231/datanode-6/data/ratis/6153a5fb-a965-494a-983f-e2322f3acbe7: flushIndex: setUnconditionally 0 -> -1
2019-09-06 21:00:17,947 [pool-449-thread-1] INFO  server.RaftServerConfigKeys (ConfUtils.java:logGet(43)) - raft.server.log.statemachine.data.sync = true (default)
2019-09-06 21:00:17,947 [pool-409-thread-1] INFO  util.JmxRegister (JmxRegister.java:tryRegister(44)) - Successfully registered JMX Bean with object name Ratis:service=RaftServer,group=group-E2322F3ACBE7,id=1e7c2804-6315-4ea1-a19d-948e315fb9b4
2019-09-06 21:00:17,948 [pool-469-thread-1] INFO  server.RaftServerConfigKeys (ConfUtils.java:logGet(43)) - raft.server.snapshot.auto.trigger.enabled = true (custom)
2019-09-06 21:00:17,948 [pool-449-thread-1] INFO  server.RaftServerConfigKeys (ConfUtils.java:logGet(43)) - raft.server.log.statemachine.data.sync.timeout = 10s (default)
2019-09-06 21:00:17,948 [pool-469-thread-1] INFO  server.RaftServerConfigKeys (ConfUtils.java:logGet(43)) - raft.server.snapshot.auto.trigger.threshold = 10000 (custom)
2019-09-06 21:00:17,948 [pool-449-thread-1] INFO  server.RaftServerConfigKeys (ConfUtils.java:logGet(43)) - raft.server.log.statemachine.data.sync.timeout.retry = -1 (default)
2019-09-06 21:00:17,948 [pool-469-thread-1] INFO  server.RaftServerConfigKeys (ConfUtils.java:logGet(43)) - raft.server.retrycache.expirytime = 600000ms (custom)
2019-09-06 21:00:17,949 [pool-449-thread-1] INFO  server.RaftServerConfigKeys (ConfUtils.java:logGet(43)) - raft.server.log.statemachine.data.caching.enabled = true (custom)
2019-09-06 21:00:17,949 [pool-469-thread-1] INFO  impl.RaftServerImpl (RaftServerImpl.java:start(180)) - 6820f5c3-6a00-4616-8415-97e192fe644d: start group-E2322F3ACBE7
2019-09-06 21:00:17,949 [pool-469-thread-1] INFO  impl.RaftServerImpl (RaftServerImpl.java:setRole(171)) - 6820f5c3-6a00-4616-8415-97e192fe644d:group-E2322F3ACBE7 changes role from null to FOLLOWER at term 0 for startAsFollower
2019-09-06 21:00:17,949 [pool-449-thread-1] INFO  segmented.SegmentedRaftLogWorker (SegmentedRaftLogWorker.java:lambda$new$0(132)) - fbf37fd0-cd16-4237-a40d-69722fedc998-SegmentedRaftLogWorker:Storage Directory /workdir/hadoop-ozone/integration-test/target/test-dir/MiniOzoneClusterImpl-a4353b45-efea-4a09-bf1c-6c3a3aa95231/datanode-4/data/ratis/6153a5fb-a965-494a-983f-e2322f3acbe7: flushIndex: setUnconditionally 0 -> -1
2019-09-06 21:00:17,949 [pool-469-thread-1] INFO  impl.RoleInfo (RoleInfo.java:updateAndGet(143)) - 6820f5c3-6a00-4616-8415-97e192fe644d: start FollowerState
2019-09-06 21:00:17,950 [pool-449-thread-1] INFO  server.RaftServerConfigKeys (ConfUtils.java:logGet(43)) - raft.server.snapshot.auto.trigger.enabled = true (custom)
2019-09-06 21:00:17,950 [pool-449-thread-1] INFO  server.RaftServerConfigKeys (ConfUtils.java:logGet(43)) - raft.server.snapshot.auto.trigger.threshold = 10000 (custom)
2019-09-06 21:00:17,950 [pool-449-thread-1] INFO  server.RaftServerConfigKeys (ConfUtils.java:logGet(43)) - raft.server.retrycache.expirytime = 600000ms (custom)
2019-09-06 21:00:17,951 [pool-449-thread-1] INFO  impl.RaftServerImpl (RaftServerImpl.java:start(180)) - fbf37fd0-cd16-4237-a40d-69722fedc998: start group-E2322F3ACBE7
2019-09-06 21:00:17,951 [pool-469-thread-1] INFO  util.JmxRegister (JmxRegister.java:tryRegister(44)) - Successfully registered JMX Bean with object name Ratis:service=RaftServer,group=group-E2322F3ACBE7,id=6820f5c3-6a00-4616-8415-97e192fe644d
2019-09-06 21:00:17,951 [pool-449-thread-1] INFO  impl.RaftServerImpl (RaftServerImpl.java:setRole(171)) - fbf37fd0-cd16-4237-a40d-69722fedc998:group-E2322F3ACBE7 changes role from null to FOLLOWER at term 0 for startAsFollower
2019-09-06 21:00:17,951 [pool-449-thread-1] INFO  impl.RoleInfo (RoleInfo.java:updateAndGet(143)) - fbf37fd0-cd16-4237-a40d-69722fedc998: start FollowerState
2019-09-06 21:00:17,952 [pool-449-thread-1] INFO  util.JmxRegister (JmxRegister.java:tryRegister(44)) - Successfully registered JMX Bean with object name Ratis:service=RaftServer,group=group-E2322F3ACBE7,id=fbf37fd0-cd16-4237-a40d-69722fedc998
2019-09-06 21:00:17,954 [RatisPipelineUtilsThread] INFO  pipeline.PipelineStateManager (PipelineStateManager.java:addPipeline(56)) - Created pipeline Pipeline[ Id: 6153a5fb-a965-494a-983f-e2322f3acbe7, Nodes: 6820f5c3-6a00-4616-8415-97e192fe644d{ip: 192.168.69.79, host: pr-hdds-2087-j7wfl-3989464410, networkLocation: /default-rack, certSerialId: null}1e7c2804-6315-4ea1-a19d-948e315fb9b4{ip: 192.168.69.79, host: pr-hdds-2087-j7wfl-3989464410, networkLocation: /default-rack, certSerialId: null}fbf37fd0-cd16-4237-a40d-69722fedc998{ip: 192.168.69.79, host: pr-hdds-2087-j7wfl-3989464410, networkLocation: /default-rack, certSerialId: null}, Type:RATIS, Factor:THREE, State:OPEN]
2019-09-06 21:00:17,968 [grpc-default-executor-0] INFO  impl.RaftServerProxy (RaftServerProxy.java:addNew(89)) - 09e4882c-6b26-4422-8bfe-d1403bdd4066: addNew group-7524C19ECF18:[d6006497-b0fb-42f8-ab26-f6c3c9c7f1ef:192.168.69.79:36953, 09e4882c-6b26-4422-8bfe-d1403bdd4066:192.168.69.79:44025, f08ec93a-17fb-4985-ac3a-369735124bec:192.168.69.79:37055] returns group-7524C19ECF18:java.util.concurrent.CompletableFuture@200ab835[Not completed]
2019-09-06 21:00:17,968 [grpc-default-executor-6] INFO  impl.RaftServerProxy (RaftServerProxy.java:addNew(89)) - d6006497-b0fb-42f8-ab26-f6c3c9c7f1ef: addNew group-7524C19ECF18:[d6006497-b0fb-42f8-ab26-f6c3c9c7f1ef:192.168.69.79:36953, 09e4882c-6b26-4422-8bfe-d1403bdd4066:192.168.69.79:44025, f08ec93a-17fb-4985-ac3a-369735124bec:192.168.69.79:37055] returns group-7524C19ECF18:java.util.concurrent.CompletableFuture@5561e614[Not completed]
2019-09-06 21:00:17,968 [grpc-default-executor-4] INFO  impl.RaftServerProxy (RaftServerProxy.java:addNew(89)) - f08ec93a-17fb-4985-ac3a-369735124bec: addNew group-7524C19ECF18:[d6006497-b0fb-42f8-ab26-f6c3c9c7f1ef:192.168.69.79:36953, 09e4882c-6b26-4422-8bfe-d1403bdd4066:192.168.69.79:44025, f08ec93a-17fb-4985-ac3a-369735124bec:192.168.69.79:37055] returns group-7524C19ECF18:java.util.concurrent.CompletableFuture@2b6a8fcc[Not completed]
2019-09-06 21:00:17,971 [pool-459-thread-1] INFO  impl.RaftServerImpl (RaftServerImpl.java:<init>(93)) - f08ec93a-17fb-4985-ac3a-369735124bec: new RaftServerImpl for group-7524C19ECF18:[d6006497-b0fb-42f8-ab26-f6c3c9c7f1ef:192.168.69.79:36953, 09e4882c-6b26-4422-8bfe-d1403bdd4066:192.168.69.79:44025, f08ec93a-17fb-4985-ac3a-369735124bec:192.168.69.79:37055] with ContainerStateMachine:uninitialized
2019-09-06 21:00:17,971 [pool-459-thread-1] INFO  server.RaftServerConfigKeys (ConfUtils.java:logGet(43)) - raft.server.rpc.timeout.min = 5s (custom)
2019-09-06 21:00:17,971 [pool-459-thread-1] INFO  server.RaftServerConfigKeys (ConfUtils.java:logGet(43)) - raft.server.rpc.timeout.max = 5200ms (custom)
2019-09-06 21:00:17,971 [pool-459-thread-1] INFO  server.RaftServerConfigKeys (ConfUtils.java:logGet(43)) - raft.server.rpcslowness.timeout = 120s (custom)
2019-09-06 21:00:17,971 [pool-459-thread-1] INFO  server.RaftServerConfigKeys (ConfUtils.java:logGet(43)) - raft.server.sleep.deviation.threshold = 300 (default)
2019-09-06 21:00:17,971 [pool-459-thread-1] INFO  server.RaftServerConfigKeys (ConfUtils.java:logGet(43)) - raft.server.log.appender.install.snapshot.enabled = false (custom)
2019-09-06 21:00:17,971 [pool-439-thread-1] INFO  impl.RaftServerImpl (RaftServerImpl.java:<init>(93)) - 09e4882c-6b26-4422-8bfe-d1403bdd4066: new RaftServerImpl for group-7524C19ECF18:[d6006497-b0fb-42f8-ab26-f6c3c9c7f1ef:192.168.69.79:36953, 09e4882c-6b26-4422-8bfe-d1403bdd4066:192.168.69.79:44025, f08ec93a-17fb-4985-ac3a-369735124bec:192.168.69.79:37055] with ContainerStateMachine:uninitialized
2019-09-06 21:00:17,972 [pool-459-thread-1] INFO  impl.RaftServerImpl (ServerState.java:<init>(105)) - f08ec93a-17fb-4985-ac3a-369735124bec:group-7524C19ECF18 ConfigurationManager, init=-1: [d6006497-b0fb-42f8-ab26-f6c3c9c7f1ef:192.168.69.79:36953, 09e4882c-6b26-4422-8bfe-d1403bdd4066:192.168.69.79:44025, f08ec93a-17fb-4985-ac3a-369735124bec:192.168.69.79:37055], old=null, confs=<EMPTY_MAP>
2019-09-06 21:00:17,972 [pool-439-thread-1] INFO  server.RaftServerConfigKeys (ConfUtils.java:logGet(43)) - raft.server.rpc.timeout.min = 5s (custom)
2019-09-06 21:00:17,972 [pool-459-thread-1] INFO  server.RaftServerConfigKeys (ConfUtils.java:logGet(43)) - raft.server.storage.dir = [/workdir/hadoop-ozone/integration-test/target/test-dir/MiniOzoneClusterImpl-a4353b45-efea-4a09-bf1c-6c3a3aa95231/datanode-5/data/ratis] (custom)
2019-09-06 21:00:17,972 [pool-439-thread-1] INFO  server.RaftServerConfigKeys (ConfUtils.java:logGet(43)) - raft.server.rpc.timeout.max = 5200ms (custom)
2019-09-06 21:00:17,972 [pool-419-thread-1] INFO  impl.RaftServerImpl (RaftServerImpl.java:<init>(93)) - d6006497-b0fb-42f8-ab26-f6c3c9c7f1ef: new RaftServerImpl for group-7524C19ECF18:[d6006497-b0fb-42f8-ab26-f6c3c9c7f1ef:192.168.69.79:36953, 09e4882c-6b26-4422-8bfe-d1403bdd4066:192.168.69.79:44025, f08ec93a-17fb-4985-ac3a-369735124bec:192.168.69.79:37055] with ContainerStateMachine:uninitialized
2019-09-06 21:00:17,972 [pool-459-thread-1] INFO  storage.RaftStorageDirectory (RaftStorageDirectory.java:analyzeStorage(246)) - The storage directory /workdir/hadoop-ozone/integration-test/target/test-dir/MiniOzoneClusterImpl-a4353b45-efea-4a09-bf1c-6c3a3aa95231/datanode-5/data/ratis/96668254-eba9-4934-96d7-7524c19ecf18 does not exist. Creating ...
2019-09-06 21:00:17,972 [pool-439-thread-1] INFO  server.RaftServerConfigKeys (ConfUtils.java:logGet(43)) - raft.server.rpcslowness.timeout = 120s (custom)
2019-09-06 21:00:17,972 [pool-419-thread-1] INFO  server.RaftServerConfigKeys (ConfUtils.java:logGet(43)) - raft.server.rpc.timeout.min = 5s (custom)
2019-09-06 21:00:17,973 [pool-439-thread-1] INFO  server.RaftServerConfigKeys (ConfUtils.java:logGet(43)) - raft.server.sleep.deviation.threshold = 300 (default)
2019-09-06 21:00:17,973 [pool-419-thread-1] INFO  server.RaftServerConfigKeys (ConfUtils.java:logGet(43)) - raft.server.rpc.timeout.max = 5200ms (custom)
2019-09-06 21:00:17,973 [pool-439-thread-1] INFO  server.RaftServerConfigKeys (ConfUtils.java:logGet(43)) - raft.server.log.appender.install.snapshot.enabled = false (custom)
2019-09-06 21:00:17,973 [pool-419-thread-1] INFO  server.RaftServerConfigKeys (ConfUtils.java:logGet(43)) - raft.server.rpcslowness.timeout = 120s (custom)
2019-09-06 21:00:17,973 [pool-439-thread-1] INFO  impl.RaftServerImpl (ServerState.java:<init>(105)) - 09e4882c-6b26-4422-8bfe-d1403bdd4066:group-7524C19ECF18 ConfigurationManager, init=-1: [d6006497-b0fb-42f8-ab26-f6c3c9c7f1ef:192.168.69.79:36953, 09e4882c-6b26-4422-8bfe-d1403bdd4066:192.168.69.79:44025, f08ec93a-17fb-4985-ac3a-369735124bec:192.168.69.79:37055], old=null, confs=<EMPTY_MAP>
2019-09-06 21:00:17,973 [pool-419-thread-1] INFO  server.RaftServerConfigKeys (ConfUtils.java:logGet(43)) - raft.server.sleep.deviation.threshold = 300 (default)
2019-09-06 21:00:17,974 [pool-439-thread-1] INFO  server.RaftServerConfigKeys (ConfUtils.java:logGet(43)) - raft.server.storage.dir = [/workdir/hadoop-ozone/integration-test/target/test-dir/MiniOzoneClusterImpl-a4353b45-efea-4a09-bf1c-6c3a3aa95231/datanode-3/data/ratis] (custom)
2019-09-06 21:00:17,974 [pool-419-thread-1] INFO  server.RaftServerConfigKeys (ConfUtils.java:logGet(43)) - raft.server.log.appender.install.snapshot.enabled = false (custom)
2019-09-06 21:00:17,974 [pool-419-thread-1] INFO  impl.RaftServerImpl (ServerState.java:<init>(105)) - d6006497-b0fb-42f8-ab26-f6c3c9c7f1ef:group-7524C19ECF18 ConfigurationManager, init=-1: [d6006497-b0fb-42f8-ab26-f6c3c9c7f1ef:192.168.69.79:36953, 09e4882c-6b26-4422-8bfe-d1403bdd4066:192.168.69.79:44025, f08ec93a-17fb-4985-ac3a-369735124bec:192.168.69.79:37055], old=null, confs=<EMPTY_MAP>
2019-09-06 21:00:17,974 [pool-439-thread-1] INFO  storage.RaftStorageDirectory (RaftStorageDirectory.java:analyzeStorage(246)) - The storage directory /workdir/hadoop-ozone/integration-test/target/test-dir/MiniOzoneClusterImpl-a4353b45-efea-4a09-bf1c-6c3a3aa95231/datanode-3/data/ratis/96668254-eba9-4934-96d7-7524c19ecf18 does not exist. Creating ...
2019-09-06 21:00:17,974 [pool-419-thread-1] INFO  server.RaftServerConfigKeys (ConfUtils.java:logGet(43)) - raft.server.storage.dir = [/workdir/hadoop-ozone/integration-test/target/test-dir/MiniOzoneClusterImpl-a4353b45-efea-4a09-bf1c-6c3a3aa95231/datanode-1/data/ratis] (custom)
2019-09-06 21:00:17,975 [pool-419-thread-1] INFO  storage.RaftStorageDirectory (RaftStorageDirectory.java:analyzeStorage(246)) - The storage directory /workdir/hadoop-ozone/integration-test/target/test-dir/MiniOzoneClusterImpl-a4353b45-efea-4a09-bf1c-6c3a3aa95231/datanode-1/data/ratis/96668254-eba9-4934-96d7-7524c19ecf18 does not exist. Creating ...
2019-09-06 21:00:17,987 [pool-459-thread-1] INFO  storage.RaftStorageDirectory (RaftStorageDirectory.java:tryLock(328)) - Lock on /workdir/hadoop-ozone/integration-test/target/test-dir/MiniOzoneClusterImpl-a4353b45-efea-4a09-bf1c-6c3a3aa95231/datanode-5/data/ratis/96668254-eba9-4934-96d7-7524c19ecf18/in_use.lock acquired by nodename 17137@pr-hdds-2087-j7wfl-3989464410
2019-09-06 21:00:17,987 [pool-419-thread-1] INFO  storage.RaftStorageDirectory (RaftStorageDirectory.java:tryLock(328)) - Lock on /workdir/hadoop-ozone/integration-test/target/test-dir/MiniOzoneClusterImpl-a4353b45-efea-4a09-bf1c-6c3a3aa95231/datanode-1/data/ratis/96668254-eba9-4934-96d7-7524c19ecf18/in_use.lock acquired by nodename 17137@pr-hdds-2087-j7wfl-3989464410
2019-09-06 21:00:17,987 [pool-439-thread-1] INFO  storage.RaftStorageDirectory (RaftStorageDirectory.java:tryLock(328)) - Lock on /workdir/hadoop-ozone/integration-test/target/test-dir/MiniOzoneClusterImpl-a4353b45-efea-4a09-bf1c-6c3a3aa95231/datanode-3/data/ratis/96668254-eba9-4934-96d7-7524c19ecf18/in_use.lock acquired by nodename 17137@pr-hdds-2087-j7wfl-3989464410
2019-09-06 21:00:18,013 [pool-459-thread-1] INFO  storage.RaftStorage (RaftStorage.java:format(72)) - Storage directory /workdir/hadoop-ozone/integration-test/target/test-dir/MiniOzoneClusterImpl-a4353b45-efea-4a09-bf1c-6c3a3aa95231/datanode-5/data/ratis/96668254-eba9-4934-96d7-7524c19ecf18 has been successfully formatted.
2019-09-06 21:00:18,013 [pool-439-thread-1] INFO  storage.RaftStorage (RaftStorage.java:format(72)) - Storage directory /workdir/hadoop-ozone/integration-test/target/test-dir/MiniOzoneClusterImpl-a4353b45-efea-4a09-bf1c-6c3a3aa95231/datanode-3/data/ratis/96668254-eba9-4934-96d7-7524c19ecf18 has been successfully formatted.
2019-09-06 21:00:18,013 [pool-419-thread-1] INFO  storage.RaftStorage (RaftStorage.java:format(72)) - Storage directory /workdir/hadoop-ozone/integration-test/target/test-dir/MiniOzoneClusterImpl-a4353b45-efea-4a09-bf1c-6c3a3aa95231/datanode-1/data/ratis/96668254-eba9-4934-96d7-7524c19ecf18 has been successfully formatted.
2019-09-06 21:00:18,014 [pool-439-thread-1] INFO  ratis.ContainerStateMachine (ContainerStateMachine.java:loadSnapshot(227)) - group-7524C19ECF18: The snapshot info is null. Setting the last applied indexto:(t:0, i:~)
2019-09-06 21:00:18,013 [pool-459-thread-1] INFO  ratis.ContainerStateMachine (ContainerStateMachine.java:loadSnapshot(227)) - group-7524C19ECF18: The snapshot info is null. Setting the last applied indexto:(t:0, i:~)
2019-09-06 21:00:18,014 [pool-439-thread-1] INFO  server.RaftServerConfigKeys (ConfUtils.java:logGet(43)) - raft.server.leader.election.timeout = 120s (custom)
2019-09-06 21:00:18,014 [pool-419-thread-1] INFO  ratis.ContainerStateMachine (ContainerStateMachine.java:loadSnapshot(227)) - group-7524C19ECF18: The snapshot info is null. Setting the last applied indexto:(t:0, i:~)
2019-09-06 21:00:18,014 [pool-439-thread-1] INFO  server.RaftServerConfigKeys (ConfUtils.java:logGet(43)) - raft.server.log.use.memory = false (default)
2019-09-06 21:00:18,014 [pool-459-thread-1] INFO  server.RaftServerConfigKeys (ConfUtils.java:logGet(43)) - raft.server.leader.election.timeout = 120s (custom)
2019-09-06 21:00:18,014 [pool-439-thread-1] INFO  server.RaftServerConfigKeys (ConfUtils.java:logGet(43)) - raft.server.log.purge.gap = 1000000 (custom)
2019-09-06 21:00:18,015 [pool-439-thread-1] INFO  server.RaftServerConfigKeys (ConfUtils.java:logGet(43)) - raft.server.log.appender.buffer.byte-limit = 33554432 (custom)
2019-09-06 21:00:18,014 [pool-419-thread-1] INFO  server.RaftServerConfigKeys (ConfUtils.java:logGet(43)) - raft.server.leader.election.timeout = 120s (custom)
2019-09-06 21:00:18,015 [pool-439-thread-1] INFO  server.RaftServerConfigKeys (ConfUtils.java:logGet(43)) - raft.server.log.segment.size.max = 1048576 (custom)
2019-09-06 21:00:18,015 [pool-459-thread-1] INFO  server.RaftServerConfigKeys (ConfUtils.java:logGet(43)) - raft.server.log.use.memory = false (default)
2019-09-06 21:00:18,015 [pool-439-thread-1] INFO  server.RaftServerConfigKeys (ConfUtils.java:logGet(43)) - raft.server.log.segment.cache.num.max = 2 (custom)
2019-09-06 21:00:18,015 [pool-419-thread-1] INFO  server.RaftServerConfigKeys (ConfUtils.java:logGet(43)) - raft.server.log.use.memory = false (default)
2019-09-06 21:00:18,016 [pool-439-thread-1] INFO  segmented.SegmentedRaftLogWorker (SegmentedRaftLogWorker.java:<init>(172)) - new 09e4882c-6b26-4422-8bfe-d1403bdd4066-SegmentedRaftLogWorker:Storage Directory /workdir/hadoop-ozone/integration-test/target/test-dir/MiniOzoneClusterImpl-a4353b45-efea-4a09-bf1c-6c3a3aa95231/datanode-3/data/ratis/96668254-eba9-4934-96d7-7524c19ecf18 for RaftStorage:Storage Directory /workdir/hadoop-ozone/integration-test/target/test-dir/MiniOzoneClusterImpl-a4353b45-efea-4a09-bf1c-6c3a3aa95231/datanode-3/data/ratis/96668254-eba9-4934-96d7-7524c19ecf18
2019-09-06 21:00:18,015 [pool-459-thread-1] INFO  server.RaftServerConfigKeys (ConfUtils.java:logGet(43)) - raft.server.log.purge.gap = 1000000 (custom)
2019-09-06 21:00:18,016 [pool-439-thread-1] INFO  server.RaftServerConfigKeys (ConfUtils.java:logGet(43)) - raft.server.log.queue.byte-limit = 2147483647 (custom)
2019-09-06 21:00:18,016 [pool-419-thread-1] INFO  server.RaftServerConfigKeys (ConfUtils.java:logGet(43)) - raft.server.log.purge.gap = 1000000 (custom)
2019-09-06 21:00:18,016 [pool-439-thread-1] INFO  server.RaftServerConfigKeys (ConfUtils.java:logGet(43)) - raft.server.log.queue.element-limit = 1024 (custom)
2019-09-06 21:00:18,016 [pool-459-thread-1] INFO  server.RaftServerConfigKeys (ConfUtils.java:logGet(43)) - raft.server.log.appender.buffer.byte-limit = 33554432 (custom)
2019-09-06 21:00:18,016 [pool-439-thread-1] INFO  server.RaftServerConfigKeys (ConfUtils.java:logGet(43)) - raft.server.log.segment.size.max = 1048576 (custom)
2019-09-06 21:00:18,017 [pool-439-thread-1] INFO  server.RaftServerConfigKeys (ConfUtils.java:logGet(43)) - raft.server.log.preallocated.size = 16384 (custom)
2019-09-06 21:00:18,016 [pool-419-thread-1] INFO  server.RaftServerConfigKeys (ConfUtils.java:logGet(43)) - raft.server.log.appender.buffer.byte-limit = 33554432 (custom)
2019-09-06 21:00:18,017 [pool-439-thread-1] INFO  server.RaftServerConfigKeys (ConfUtils.java:logGet(43)) - raft.server.log.write.buffer.size = 33554432 (custom)
2019-09-06 21:00:18,017 [pool-439-thread-1] INFO  server.RaftServerConfigKeys (ConfUtils.java:logGet(43)) - raft.server.log.force.sync.num = 128 (default)
2019-09-06 21:00:18,017 [pool-459-thread-1] INFO  server.RaftServerConfigKeys (ConfUtils.java:logGet(43)) - raft.server.log.segment.size.max = 1048576 (custom)
2019-09-06 21:00:18,017 [pool-439-thread-1] INFO  server.RaftServerConfigKeys (ConfUtils.java:logGet(43)) - raft.server.log.statemachine.data.sync = true (default)
2019-09-06 21:00:18,017 [pool-419-thread-1] INFO  server.RaftServerConfigKeys (ConfUtils.java:logGet(43)) - raft.server.log.segment.size.max = 1048576 (custom)
2019-09-06 21:00:18,018 [pool-439-thread-1] INFO  server.RaftServerConfigKeys (ConfUtils.java:logGet(43)) - raft.server.log.statemachine.data.sync.timeout = 10s (default)
2019-09-06 21:00:18,018 [pool-459-thread-1] INFO  server.RaftServerConfigKeys (ConfUtils.java:logGet(43)) - raft.server.log.segment.cache.num.max = 2 (custom)
2019-09-06 21:00:18,018 [pool-439-thread-1] INFO  server.RaftServerConfigKeys (ConfUtils.java:logGet(43)) - raft.server.log.statemachine.data.sync.timeout.retry = -1 (default)
2019-09-06 21:00:18,018 [pool-419-thread-1] INFO  server.RaftServerConfigKeys (ConfUtils.java:logGet(43)) - raft.server.log.segment.cache.num.max = 2 (custom)
2019-09-06 21:00:18,018 [pool-439-thread-1] INFO  server.RaftServerConfigKeys (ConfUtils.java:logGet(43)) - raft.server.log.statemachine.data.caching.enabled = true (custom)
2019-09-06 21:00:18,018 [pool-459-thread-1] INFO  segmented.SegmentedRaftLogWorker (SegmentedRaftLogWorker.java:<init>(172)) - new f08ec93a-17fb-4985-ac3a-369735124bec-SegmentedRaftLogWorker:Storage Directory /workdir/hadoop-ozone/integration-test/target/test-dir/MiniOzoneClusterImpl-a4353b45-efea-4a09-bf1c-6c3a3aa95231/datanode-5/data/ratis/96668254-eba9-4934-96d7-7524c19ecf18 for RaftStorage:Storage Directory /workdir/hadoop-ozone/integration-test/target/test-dir/MiniOzoneClusterImpl-a4353b45-efea-4a09-bf1c-6c3a3aa95231/datanode-5/data/ratis/96668254-eba9-4934-96d7-7524c19ecf18
2019-09-06 21:00:18,019 [pool-419-thread-1] INFO  segmented.SegmentedRaftLogWorker (SegmentedRaftLogWorker.java:<init>(172)) - new d6006497-b0fb-42f8-ab26-f6c3c9c7f1ef-SegmentedRaftLogWorker:Storage Directory /workdir/hadoop-ozone/integration-test/target/test-dir/MiniOzoneClusterImpl-a4353b45-efea-4a09-bf1c-6c3a3aa95231/datanode-1/data/ratis/96668254-eba9-4934-96d7-7524c19ecf18 for RaftStorage:Storage Directory /workdir/hadoop-ozone/integration-test/target/test-dir/MiniOzoneClusterImpl-a4353b45-efea-4a09-bf1c-6c3a3aa95231/datanode-1/data/ratis/96668254-eba9-4934-96d7-7524c19ecf18
2019-09-06 21:00:18,019 [pool-439-thread-1] INFO  segmented.SegmentedRaftLogWorker (SegmentedRaftLogWorker.java:lambda$new$0(132)) - 09e4882c-6b26-4422-8bfe-d1403bdd4066-SegmentedRaftLogWorker:Storage Directory /workdir/hadoop-ozone/integration-test/target/test-dir/MiniOzoneClusterImpl-a4353b45-efea-4a09-bf1c-6c3a3aa95231/datanode-3/data/ratis/96668254-eba9-4934-96d7-7524c19ecf18: flushIndex: setUnconditionally 0 -> -1
2019-09-06 21:00:18,019 [pool-459-thread-1] INFO  server.RaftServerConfigKeys (ConfUtils.java:logGet(43)) - raft.server.log.queue.byte-limit = 2147483647 (custom)
2019-09-06 21:00:18,019 [pool-419-thread-1] INFO  server.RaftServerConfigKeys (ConfUtils.java:logGet(43)) - raft.server.log.queue.byte-limit = 2147483647 (custom)
2019-09-06 21:00:18,019 [pool-439-thread-1] INFO  server.RaftServerConfigKeys (ConfUtils.java:logGet(43)) - raft.server.snapshot.auto.trigger.enabled = true (custom)
2019-09-06 21:00:18,019 [pool-459-thread-1] INFO  server.RaftServerConfigKeys (ConfUtils.java:logGet(43)) - raft.server.log.queue.element-limit = 1024 (custom)
2019-09-06 21:00:18,020 [pool-439-thread-1] INFO  server.RaftServerConfigKeys (ConfUtils.java:logGet(43)) - raft.server.snapshot.auto.trigger.threshold = 10000 (custom)
2019-09-06 21:00:18,019 [pool-419-thread-1] INFO  server.RaftServerConfigKeys (ConfUtils.java:logGet(43)) - raft.server.log.queue.element-limit = 1024 (custom)
2019-09-06 21:00:18,020 [pool-439-thread-1] INFO  server.RaftServerConfigKeys (ConfUtils.java:logGet(43)) - raft.server.retrycache.expirytime = 600000ms (custom)
2019-09-06 21:00:18,020 [pool-459-thread-1] INFO  server.RaftServerConfigKeys (ConfUtils.java:logGet(43)) - raft.server.log.segment.size.max = 1048576 (custom)
2019-09-06 21:00:18,020 [pool-439-thread-1] INFO  impl.RaftServerImpl (RaftServerImpl.java:start(180)) - 09e4882c-6b26-4422-8bfe-d1403bdd4066: start group-7524C19ECF18
2019-09-06 21:00:18,020 [pool-419-thread-1] INFO  server.RaftServerConfigKeys (ConfUtils.java:logGet(43)) - raft.server.log.segment.size.max = 1048576 (custom)
2019-09-06 21:00:18,021 [pool-439-thread-1] INFO  impl.RaftServerImpl (RaftServerImpl.java:setRole(171)) - 09e4882c-6b26-4422-8bfe-d1403bdd4066:group-7524C19ECF18 changes role from null to FOLLOWER at term 0 for startAsFollower
2019-09-06 21:00:18,020 [pool-459-thread-1] INFO  server.RaftServerConfigKeys (ConfUtils.java:logGet(43)) - raft.server.log.preallocated.size = 16384 (custom)
2019-09-06 21:00:18,021 [pool-439-thread-1] INFO  impl.RoleInfo (RoleInfo.java:updateAndGet(143)) - 09e4882c-6b26-4422-8bfe-d1403bdd4066: start FollowerState
2019-09-06 21:00:18,021 [pool-419-thread-1] INFO  server.RaftServerConfigKeys (ConfUtils.java:logGet(43)) - raft.server.log.preallocated.size = 16384 (custom)
2019-09-06 21:00:18,021 [pool-419-thread-1] INFO  server.RaftServerConfigKeys (ConfUtils.java:logGet(43)) - raft.server.log.write.buffer.size = 33554432 (custom)
2019-09-06 21:00:18,021 [pool-459-thread-1] INFO  server.RaftServerConfigKeys (ConfUtils.java:logGet(43)) - raft.server.log.write.buffer.size = 33554432 (custom)
2019-09-06 21:00:18,022 [pool-419-thread-1] INFO  server.RaftServerConfigKeys (ConfUtils.java:logGet(43)) - raft.server.log.force.sync.num = 128 (default)
2019-09-06 21:00:18,022 [pool-439-thread-1] INFO  util.JmxRegister (JmxRegister.java:tryRegister(44)) - Successfully registered JMX Bean with object name Ratis:service=RaftServer,group=group-7524C19ECF18,id=09e4882c-6b26-4422-8bfe-d1403bdd4066
2019-09-06 21:00:18,022 [pool-419-thread-1] INFO  server.RaftServerConfigKeys (ConfUtils.java:logGet(43)) - raft.server.log.statemachine.data.sync = true (default)
2019-09-06 21:00:18,022 [pool-459-thread-1] INFO  server.RaftServerConfigKeys (ConfUtils.java:logGet(43)) - raft.server.log.force.sync.num = 128 (default)
2019-09-06 21:00:18,022 [pool-419-thread-1] INFO  server.RaftServerConfigKeys (ConfUtils.java:logGet(43)) - raft.server.log.statemachine.data.sync.timeout = 10s (default)
2019-09-06 21:00:18,023 [pool-459-thread-1] INFO  server.RaftServerConfigKeys (ConfUtils.java:logGet(43)) - raft.server.log.statemachine.data.sync = true (default)
2019-09-06 21:00:18,023 [pool-419-thread-1] INFO  server.RaftServerConfigKeys (ConfUtils.java:logGet(43)) - raft.server.log.statemachine.data.sync.timeout.retry = -1 (default)
2019-09-06 21:00:18,023 [pool-459-thread-1] INFO  server.RaftServerConfigKeys (ConfUtils.java:logGet(43)) - raft.server.log.statemachine.data.sync.timeout = 10s (default)
2019-09-06 21:00:18,023 [pool-419-thread-1] INFO  server.RaftServerConfigKeys (ConfUtils.java:logGet(43)) - raft.server.log.statemachine.data.caching.enabled = true (custom)
2019-09-06 21:00:18,023 [pool-459-thread-1] INFO  server.RaftServerConfigKeys (ConfUtils.java:logGet(43)) - raft.server.log.statemachine.data.sync.timeout.retry = -1 (default)
2019-09-06 21:00:18,023 [pool-419-thread-1] INFO  segmented.SegmentedRaftLogWorker (SegmentedRaftLogWorker.java:lambda$new$0(132)) - d6006497-b0fb-42f8-ab26-f6c3c9c7f1ef-SegmentedRaftLogWorker:Storage Directory /workdir/hadoop-ozone/integration-test/target/test-dir/MiniOzoneClusterImpl-a4353b45-efea-4a09-bf1c-6c3a3aa95231/datanode-1/data/ratis/96668254-eba9-4934-96d7-7524c19ecf18: flushIndex: setUnconditionally 0 -> -1
2019-09-06 21:00:18,024 [pool-459-thread-1] INFO  server.RaftServerConfigKeys (ConfUtils.java:logGet(43)) - raft.server.log.statemachine.data.caching.enabled = true (custom)
2019-09-06 21:00:18,024 [pool-419-thread-1] INFO  server.RaftServerConfigKeys (ConfUtils.java:logGet(43)) - raft.server.snapshot.auto.trigger.enabled = true (custom)
2019-09-06 21:00:18,024 [pool-419-thread-1] INFO  server.RaftServerConfigKeys (ConfUtils.java:logGet(43)) - raft.server.snapshot.auto.trigger.threshold = 10000 (custom)
2019-09-06 21:00:18,024 [pool-459-thread-1] INFO  segmented.SegmentedRaftLogWorker (SegmentedRaftLogWorker.java:lambda$new$0(132)) - f08ec93a-17fb-4985-ac3a-369735124bec-SegmentedRaftLogWorker:Storage Directory /workdir/hadoop-ozone/integration-test/target/test-dir/MiniOzoneClusterImpl-a4353b45-efea-4a09-bf1c-6c3a3aa95231/datanode-5/data/ratis/96668254-eba9-4934-96d7-7524c19ecf18: flushIndex: setUnconditionally 0 -> -1
2019-09-06 21:00:18,024 [pool-419-thread-1] INFO  server.RaftServerConfigKeys (ConfUtils.java:logGet(43)) - raft.server.retrycache.expirytime = 600000ms (custom)
2019-09-06 21:00:18,025 [pool-459-thread-1] INFO  server.RaftServerConfigKeys (ConfUtils.java:logGet(43)) - raft.server.snapshot.auto.trigger.enabled = true (custom)
2019-09-06 21:00:18,025 [pool-419-thread-1] INFO  impl.RaftServerImpl (RaftServerImpl.java:start(180)) - d6006497-b0fb-42f8-ab26-f6c3c9c7f1ef: start group-7524C19ECF18
2019-09-06 21:00:18,025 [pool-459-thread-1] INFO  server.RaftServerConfigKeys (ConfUtils.java:logGet(43)) - raft.server.snapshot.auto.trigger.threshold = 10000 (custom)
2019-09-06 21:00:18,025 [pool-419-thread-1] INFO  impl.RaftServerImpl (RaftServerImpl.java:setRole(171)) - d6006497-b0fb-42f8-ab26-f6c3c9c7f1ef:group-7524C19ECF18 changes role from null to FOLLOWER at term 0 for startAsFollower
2019-09-06 21:00:18,025 [pool-459-thread-1] INFO  server.RaftServerConfigKeys (ConfUtils.java:logGet(43)) - raft.server.retrycache.expirytime = 600000ms (custom)
2019-09-06 21:00:18,025 [pool-419-thread-1] INFO  impl.RoleInfo (RoleInfo.java:updateAndGet(143)) - d6006497-b0fb-42f8-ab26-f6c3c9c7f1ef: start FollowerState
2019-09-06 21:00:18,025 [pool-459-thread-1] INFO  impl.RaftServerImpl (RaftServerImpl.java:start(180)) - f08ec93a-17fb-4985-ac3a-369735124bec: start group-7524C19ECF18
2019-09-06 21:00:18,026 [pool-459-thread-1] INFO  impl.RaftServerImpl (RaftServerImpl.java:setRole(171)) - f08ec93a-17fb-4985-ac3a-369735124bec:group-7524C19ECF18 changes role from null to FOLLOWER at term 0 for startAsFollower
2019-09-06 21:00:18,026 [pool-459-thread-1] INFO  impl.RoleInfo (RoleInfo.java:updateAndGet(143)) - f08ec93a-17fb-4985-ac3a-369735124bec: start FollowerState
2019-09-06 21:00:18,026 [pool-419-thread-1] INFO  util.JmxRegister (JmxRegister.java:tryRegister(44)) - Successfully registered JMX Bean with object name Ratis:service=RaftServer,group=group-7524C19ECF18,id=d6006497-b0fb-42f8-ab26-f6c3c9c7f1ef
2019-09-06 21:00:18,026 [pool-459-thread-1] INFO  util.JmxRegister (JmxRegister.java:tryRegister(44)) - Successfully registered JMX Bean with object name Ratis:service=RaftServer,group=group-7524C19ECF18,id=f08ec93a-17fb-4985-ac3a-369735124bec
2019-09-06 21:00:18,030 [RatisPipelineUtilsThread] INFO  pipeline.PipelineStateManager (PipelineStateManager.java:addPipeline(56)) - Created pipeline Pipeline[ Id: 96668254-eba9-4934-96d7-7524c19ecf18, Nodes: d6006497-b0fb-42f8-ab26-f6c3c9c7f1ef{ip: 192.168.69.79, host: pr-hdds-2087-j7wfl-3989464410, networkLocation: /default-rack, certSerialId: null}09e4882c-6b26-4422-8bfe-d1403bdd4066{ip: 192.168.69.79, host: pr-hdds-2087-j7wfl-3989464410, networkLocation: /default-rack, certSerialId: null}f08ec93a-17fb-4985-ac3a-369735124bec{ip: 192.168.69.79, host: pr-hdds-2087-j7wfl-3989464410, networkLocation: /default-rack, certSerialId: null}, Type:RATIS, Factor:THREE, State:OPEN]
2019-09-06 21:00:18,722 [main] INFO  ozone.MiniOzoneClusterImpl (MiniOzoneClusterImpl.java:lambda$waitForClusterToBeReady$0(140)) - Cluster is ready. Got 7 of 7 DN Heartbeats.
2019-09-06 21:00:18,754 [main] INFO  rpc.RpcClient (RpcClient.java:createVolume(293)) - Creating Volume: testblockoutputstream, with jenkins1000 as owner.
2019-09-06 21:00:18,757 [IPC Server handler 0 on 44117] INFO  volume.OMVolumeCreateRequest (OMVolumeCreateRequest.java:validateAndUpdateCache(189)) - created volume:testblockoutputstream for user:jenkins1000
2019-09-06 21:00:18,773 [main] INFO  rpc.RpcClient (RpcClient.java:createBucket(432)) - Creating Bucket: testblockoutputstream/testblockoutputstream, with Versioning false and Storage Type set to DISK and Encryption set to false 
2019-09-06 21:00:18,799 [grpc-default-executor-4] INFO  client.GrpcClientProtocolClient (GrpcClientProtocolClient.java:onNext(255)) - client-BDA9335C03EB->6820f5c3-6a00-4616-8415-97e192fe644d: receive RaftClientReply:client-BDA9335C03EB->6820f5c3-6a00-4616-8415-97e192fe644d@group-E2322F3ACBE7, cid=175, FAILED org.apache.ratis.protocol.NotLeaderException: Server 6820f5c3-6a00-4616-8415-97e192fe644d is not the leader (null). Request must be sent to leader., logIndex=0, commits[6820f5c3-6a00-4616-8415-97e192fe644d:c-1]
2019-09-06 21:00:19,819 [grpc-default-executor-6] INFO  client.GrpcClientProtocolClient (GrpcClientProtocolClient.java:onNext(255)) - client-BDA9335C03EB->fbf37fd0-cd16-4237-a40d-69722fedc998: receive RaftClientReply:client-BDA9335C03EB->fbf37fd0-cd16-4237-a40d-69722fedc998@group-E2322F3ACBE7, cid=175, FAILED org.apache.ratis.protocol.NotLeaderException: Server fbf37fd0-cd16-4237-a40d-69722fedc998 is not the leader (null). Request must be sent to leader., logIndex=0, commits[fbf37fd0-cd16-4237-a40d-69722fedc998:c-1]
2019-09-06 21:00:20,342 [Thread-3261] INFO  container.ReplicationManager (ReplicationManager.java:start(162)) - Starting Replication Monitor Thread.
2019-09-06 21:00:20,346 [ReplicationMonitor] INFO  container.ReplicationManager (ReplicationManager.java:run(225)) - Replication Monitor Thread took 0 milliseconds for processing 1 containers.
2019-09-06 21:00:20,831 [grpc-default-executor-4] INFO  client.GrpcClientProtocolClient (GrpcClientProtocolClient.java:onNext(255)) - client-BDA9335C03EB->1e7c2804-6315-4ea1-a19d-948e315fb9b4: receive RaftClientReply:client-BDA9335C03EB->1e7c2804-6315-4ea1-a19d-948e315fb9b4@group-E2322F3ACBE7, cid=175, FAILED org.apache.ratis.protocol.NotLeaderException: Server 1e7c2804-6315-4ea1-a19d-948e315fb9b4 is not the leader (null). Request must be sent to leader., logIndex=0, commits[1e7c2804-6315-4ea1-a19d-948e315fb9b4:c-1]
2019-09-06 21:00:21,845 [grpc-default-executor-6] INFO  client.GrpcClientProtocolClient (GrpcClientProtocolClient.java:onNext(255)) - client-BDA9335C03EB->fbf37fd0-cd16-4237-a40d-69722fedc998: receive RaftClientReply:client-BDA9335C03EB->fbf37fd0-cd16-4237-a40d-69722fedc998@group-E2322F3ACBE7, cid=175, FAILED org.apache.ratis.protocol.NotLeaderException: Server fbf37fd0-cd16-4237-a40d-69722fedc998 is not the leader (null). Request must be sent to leader., logIndex=0, commits[fbf37fd0-cd16-4237-a40d-69722fedc998:c-1]
2019-09-06 21:00:22,544 [Thread-3263] INFO  impl.FollowerState (FollowerState.java:run(106)) - 1e7c2804-6315-4ea1-a19d-948e315fb9b4:group-AFA080BD2535 changes to CANDIDATE, lastRpcTime:5126, electionTimeout:5126ms
2019-09-06 21:00:22,544 [Thread-3263] INFO  impl.RoleInfo (RoleInfo.java:shutdownFollowerState(121)) - 1e7c2804-6315-4ea1-a19d-948e315fb9b4: shutdown FollowerState
2019-09-06 21:00:22,544 [Thread-3263] INFO  impl.RaftServerImpl (RaftServerImpl.java:setRole(171)) - 1e7c2804-6315-4ea1-a19d-948e315fb9b4:group-AFA080BD2535 changes role from FOLLOWER to CANDIDATE at term 0 for changeToCandidate
2019-09-06 21:00:22,545 [Thread-3263] INFO  impl.RoleInfo (RoleInfo.java:updateAndGet(143)) - 1e7c2804-6315-4ea1-a19d-948e315fb9b4: start LeaderElection
2019-09-06 21:00:22,593 [1e7c2804-6315-4ea1-a19d-948e315fb9b4:group-AFA080BD2535:LeaderElection52] INFO  impl.LeaderElection (LeaderElection.java:askForVotes(181)) - 1e7c2804-6315-4ea1-a19d-948e315fb9b4:group-AFA080BD2535:LeaderElection52: begin an election at term 1 for -1: [1e7c2804-6315-4ea1-a19d-948e315fb9b4:192.168.69.79:45272], old=null
2019-09-06 21:00:22,593 [1e7c2804-6315-4ea1-a19d-948e315fb9b4:group-AFA080BD2535:LeaderElection52] INFO  impl.RoleInfo (RoleInfo.java:shutdownLeaderElection(134)) - 1e7c2804-6315-4ea1-a19d-948e315fb9b4: shutdown LeaderElection
2019-09-06 21:00:22,594 [1e7c2804-6315-4ea1-a19d-948e315fb9b4:group-AFA080BD2535:LeaderElection52] INFO  impl.RaftServerImpl (RaftServerImpl.java:setRole(171)) - 1e7c2804-6315-4ea1-a19d-948e315fb9b4:group-AFA080BD2535 changes role from CANDIDATE to LEADER at term 1 for changeToLeader
2019-09-06 21:00:22,594 [1e7c2804-6315-4ea1-a19d-948e315fb9b4:group-AFA080BD2535:LeaderElection52] INFO  impl.RaftServerImpl (ServerState.java:setLeader(263)) - 1e7c2804-6315-4ea1-a19d-948e315fb9b4:group-AFA080BD2535 change Leader from null to 1e7c2804-6315-4ea1-a19d-948e315fb9b4 at term 1 for becomeLeader, leader elected after 5185ms
2019-09-06 21:00:22,594 [1e7c2804-6315-4ea1-a19d-948e315fb9b4:group-AFA080BD2535:LeaderElection52] INFO  server.RaftServerConfigKeys (ConfUtils.java:logGet(43)) - raft.server.staging.catchup.gap = 1000 (default)
2019-09-06 21:00:22,594 [1e7c2804-6315-4ea1-a19d-948e315fb9b4:group-AFA080BD2535:LeaderElection52] INFO  server.RaftServerConfigKeys (ConfUtils.java:logGet(43)) - raft.server.rpc.sleep.time = 25ms (default)
2019-09-06 21:00:22,594 [1e7c2804-6315-4ea1-a19d-948e315fb9b4:group-AFA080BD2535:LeaderElection52] INFO  server.RaftServerConfigKeys (ConfUtils.java:logGet(43)) - raft.server.write.element-limit = 4096 (default)
2019-09-06 21:00:22,594 [1e7c2804-6315-4ea1-a19d-948e315fb9b4:group-AFA080BD2535:LeaderElection52] INFO  server.RaftServerConfigKeys (ConfUtils.java:logGet(43)) - raft.server.watch.timeout = 10s (default)
2019-09-06 21:00:22,595 [1e7c2804-6315-4ea1-a19d-948e315fb9b4:group-AFA080BD2535:LeaderElection52] INFO  server.RaftServerConfigKeys (ConfUtils.java:logGet(43)) - raft.server.watch.timeout.denomination = 1s (default)
2019-09-06 21:00:22,595 [1e7c2804-6315-4ea1-a19d-948e315fb9b4:group-AFA080BD2535:LeaderElection52] INFO  server.RaftServerConfigKeys (ConfUtils.java:logGet(43)) - raft.server.watch.element-limit = 65536 (default)
2019-09-06 21:00:22,595 [1e7c2804-6315-4ea1-a19d-948e315fb9b4:group-AFA080BD2535:LeaderElection52] INFO  impl.RoleInfo (RoleInfo.java:updateAndGet(143)) - 1e7c2804-6315-4ea1-a19d-948e315fb9b4: start LeaderState
2019-09-06 21:00:22,595 [1e7c2804-6315-4ea1-a19d-948e315fb9b4:group-AFA080BD2535:LeaderElection52] INFO  segmented.SegmentedRaftLogWorker (SegmentedRaftLogWorker.java:startLogSegment(380)) - 1e7c2804-6315-4ea1-a19d-948e315fb9b4-SegmentedRaftLogWorker:Storage Directory /workdir/hadoop-ozone/integration-test/target/test-dir/MiniOzoneClusterImpl-a4353b45-efea-4a09-bf1c-6c3a3aa95231/datanode-0/data/ratis/d40f6b1b-20a2-4c47-8557-afa080bd2535: Starting segment from index:0
2019-09-06 21:00:22,596 [1e7c2804-6315-4ea1-a19d-948e315fb9b4:group-AFA080BD2535:LeaderElection52] INFO  impl.RaftServerImpl (ServerState.java:setRaftConf(361)) - 1e7c2804-6315-4ea1-a19d-948e315fb9b4:group-AFA080BD2535 set configuration 0: [1e7c2804-6315-4ea1-a19d-948e315fb9b4:192.168.69.79:45272], old=null at 0
2019-09-06 21:00:22,658 [1e7c2804-6315-4ea1-a19d-948e315fb9b4-SegmentedRaftLogWorker:Storage Directory /workdir/hadoop-ozone/integration-test/target/test-dir/MiniOzoneClusterImpl-a4353b45-efea-4a09-bf1c-6c3a3aa95231/datanode-0/data/ratis/d40f6b1b-20a2-4c47-8557-afa080bd2535] INFO  segmented.SegmentedRaftLogWorker (SegmentedRaftLogWorker.java:execute(569)) - 1e7c2804-6315-4ea1-a19d-948e315fb9b4-SegmentedRaftLogWorker:Storage Directory /workdir/hadoop-ozone/integration-test/target/test-dir/MiniOzoneClusterImpl-a4353b45-efea-4a09-bf1c-6c3a3aa95231/datanode-0/data/ratis/d40f6b1b-20a2-4c47-8557-afa080bd2535: created new log segment /workdir/hadoop-ozone/integration-test/target/test-dir/MiniOzoneClusterImpl-a4353b45-efea-4a09-bf1c-6c3a3aa95231/datanode-0/data/ratis/d40f6b1b-20a2-4c47-8557-afa080bd2535/current/log_inprogress_0
2019-09-06 21:00:22,676 [Thread-3269] INFO  impl.FollowerState (FollowerState.java:run(106)) - ced85cde-8cf9-4c13-a7ed-8c6ff9465544:group-82CC12B8133C changes to CANDIDATE, lastRpcTime:5118, electionTimeout:5118ms
2019-09-06 21:00:22,676 [Thread-3269] INFO  impl.RoleInfo (RoleInfo.java:shutdownFollowerState(121)) - ced85cde-8cf9-4c13-a7ed-8c6ff9465544: shutdown FollowerState
2019-09-06 21:00:22,676 [Thread-3269] INFO  impl.RaftServerImpl (RaftServerImpl.java:setRole(171)) - ced85cde-8cf9-4c13-a7ed-8c6ff9465544:group-82CC12B8133C changes role from FOLLOWER to CANDIDATE at term 0 for changeToCandidate
2019-09-06 21:00:22,677 [Thread-3269] INFO  impl.RoleInfo (RoleInfo.java:updateAndGet(143)) - ced85cde-8cf9-4c13-a7ed-8c6ff9465544: start LeaderElection
2019-09-06 21:00:22,680 [Thread-3266] INFO  impl.FollowerState (FollowerState.java:run(106)) - d6006497-b0fb-42f8-ab26-f6c3c9c7f1ef:group-577AC5850B87 changes to CANDIDATE, lastRpcTime:5194, electionTimeout:5193ms
2019-09-06 21:00:22,682 [Thread-3272] INFO  impl.FollowerState (FollowerState.java:run(106)) - 09e4882c-6b26-4422-8bfe-d1403bdd4066:group-858935912B5A changes to CANDIDATE, lastRpcTime:5055, electionTimeout:5042ms
2019-09-06 21:00:22,683 [Thread-3266] INFO  impl.RoleInfo (RoleInfo.java:shutdownFollowerState(121)) - d6006497-b0fb-42f8-ab26-f6c3c9c7f1ef: shutdown FollowerState
2019-09-06 21:00:22,683 [Thread-3272] INFO  impl.RoleInfo (RoleInfo.java:shutdownFollowerState(121)) - 09e4882c-6b26-4422-8bfe-d1403bdd4066: shutdown FollowerState
2019-09-06 21:00:22,683 [Thread-3266] INFO  impl.RaftServerImpl (RaftServerImpl.java:setRole(171)) - d6006497-b0fb-42f8-ab26-f6c3c9c7f1ef:group-577AC5850B87 changes role from FOLLOWER to CANDIDATE at term 0 for changeToCandidate
2019-09-06 21:00:22,683 [Thread-3272] INFO  impl.RaftServerImpl (RaftServerImpl.java:setRole(171)) - 09e4882c-6b26-4422-8bfe-d1403bdd4066:group-858935912B5A changes role from FOLLOWER to CANDIDATE at term 0 for changeToCandidate
2019-09-06 21:00:22,683 [Thread-3266] INFO  impl.RoleInfo (RoleInfo.java:updateAndGet(143)) - d6006497-b0fb-42f8-ab26-f6c3c9c7f1ef: start LeaderElection
2019-09-06 21:00:22,683 [Thread-3272] INFO  impl.RoleInfo (RoleInfo.java:updateAndGet(143)) - 09e4882c-6b26-4422-8bfe-d1403bdd4066: start LeaderElection
2019-09-06 21:00:22,706 [ced85cde-8cf9-4c13-a7ed-8c6ff9465544:group-82CC12B8133C:LeaderElection53] INFO  impl.LeaderElection (LeaderElection.java:askForVotes(181)) - ced85cde-8cf9-4c13-a7ed-8c6ff9465544:group-82CC12B8133C:LeaderElection53: begin an election at term 1 for -1: [ced85cde-8cf9-4c13-a7ed-8c6ff9465544:192.168.69.79:43725], old=null
2019-09-06 21:00:22,706 [09e4882c-6b26-4422-8bfe-d1403bdd4066:group-858935912B5A:LeaderElection55] INFO  impl.LeaderElection (LeaderElection.java:askForVotes(181)) - 09e4882c-6b26-4422-8bfe-d1403bdd4066:group-858935912B5A:LeaderElection55: begin an election at term 1 for -1: [09e4882c-6b26-4422-8bfe-d1403bdd4066:192.168.69.79:44025], old=null
2019-09-06 21:00:22,707 [ced85cde-8cf9-4c13-a7ed-8c6ff9465544:group-82CC12B8133C:LeaderElection53] INFO  impl.RoleInfo (RoleInfo.java:shutdownLeaderElection(134)) - ced85cde-8cf9-4c13-a7ed-8c6ff9465544: shutdown LeaderElection
2019-09-06 21:00:22,706 [d6006497-b0fb-42f8-ab26-f6c3c9c7f1ef:group-577AC5850B87:LeaderElection54] INFO  impl.LeaderElection (LeaderElection.java:askForVotes(181)) - d6006497-b0fb-42f8-ab26-f6c3c9c7f1ef:group-577AC5850B87:LeaderElection54: begin an election at term 1 for -1: [d6006497-b0fb-42f8-ab26-f6c3c9c7f1ef:192.168.69.79:36953], old=null
2019-09-06 21:00:22,707 [ced85cde-8cf9-4c13-a7ed-8c6ff9465544:group-82CC12B8133C:LeaderElection53] INFO  impl.RaftServerImpl (RaftServerImpl.java:setRole(171)) - ced85cde-8cf9-4c13-a7ed-8c6ff9465544:group-82CC12B8133C changes role from CANDIDATE to LEADER at term 1 for changeToLeader
2019-09-06 21:00:22,707 [09e4882c-6b26-4422-8bfe-d1403bdd4066:group-858935912B5A:LeaderElection55] INFO  impl.RoleInfo (RoleInfo.java:shutdownLeaderElection(134)) - 09e4882c-6b26-4422-8bfe-d1403bdd4066: shutdown LeaderElection
2019-09-06 21:00:22,707 [ced85cde-8cf9-4c13-a7ed-8c6ff9465544:group-82CC12B8133C:LeaderElection53] INFO  impl.RaftServerImpl (ServerState.java:setLeader(263)) - ced85cde-8cf9-4c13-a7ed-8c6ff9465544:group-82CC12B8133C change Leader from null to ced85cde-8cf9-4c13-a7ed-8c6ff9465544 at term 1 for becomeLeader, leader elected after 5154ms
2019-09-06 21:00:22,707 [d6006497-b0fb-42f8-ab26-f6c3c9c7f1ef:group-577AC5850B87:LeaderElection54] INFO  impl.RoleInfo (RoleInfo.java:shutdownLeaderElection(134)) - d6006497-b0fb-42f8-ab26-f6c3c9c7f1ef: shutdown LeaderElection
2019-09-06 21:00:22,707 [ced85cde-8cf9-4c13-a7ed-8c6ff9465544:group-82CC12B8133C:LeaderElection53] INFO  server.RaftServerConfigKeys (ConfUtils.java:logGet(43)) - raft.server.staging.catchup.gap = 1000 (default)
2019-09-06 21:00:22,707 [09e4882c-6b26-4422-8bfe-d1403bdd4066:group-858935912B5A:LeaderElection55] INFO  impl.RaftServerImpl (RaftServerImpl.java:setRole(171)) - 09e4882c-6b26-4422-8bfe-d1403bdd4066:group-858935912B5A changes role from CANDIDATE to LEADER at term 1 for changeToLeader
2019-09-06 21:00:22,707 [ced85cde-8cf9-4c13-a7ed-8c6ff9465544:group-82CC12B8133C:LeaderElection53] INFO  server.RaftServerConfigKeys (ConfUtils.java:logGet(43)) - raft.server.rpc.sleep.time = 25ms (default)
2019-09-06 21:00:22,707 [d6006497-b0fb-42f8-ab26-f6c3c9c7f1ef:group-577AC5850B87:LeaderElection54] INFO  impl.RaftServerImpl (RaftServerImpl.java:setRole(171)) - d6006497-b0fb-42f8-ab26-f6c3c9c7f1ef:group-577AC5850B87 changes role from CANDIDATE to LEADER at term 1 for changeToLeader
2019-09-06 21:00:22,708 [ced85cde-8cf9-4c13-a7ed-8c6ff9465544:group-82CC12B8133C:LeaderElection53] INFO  server.RaftServerConfigKeys (ConfUtils.java:logGet(43)) - raft.server.write.element-limit = 4096 (default)
2019-09-06 21:00:22,708 [09e4882c-6b26-4422-8bfe-d1403bdd4066:group-858935912B5A:LeaderElection55] INFO  impl.RaftServerImpl (ServerState.java:setLeader(263)) - 09e4882c-6b26-4422-8bfe-d1403bdd4066:group-858935912B5A change Leader from null to 09e4882c-6b26-4422-8bfe-d1403bdd4066 at term 1 for becomeLeader, leader elected after 5084ms
2019-09-06 21:00:22,708 [ced85cde-8cf9-4c13-a7ed-8c6ff9465544:group-82CC12B8133C:LeaderElection53] INFO  server.RaftServerConfigKeys (ConfUtils.java:logGet(43)) - raft.server.watch.timeout = 10s (default)
2019-09-06 21:00:22,708 [d6006497-b0fb-42f8-ab26-f6c3c9c7f1ef:group-577AC5850B87:LeaderElection54] INFO  impl.RaftServerImpl (ServerState.java:setLeader(263)) - d6006497-b0fb-42f8-ab26-f6c3c9c7f1ef:group-577AC5850B87 change Leader from null to d6006497-b0fb-42f8-ab26-f6c3c9c7f1ef at term 1 for becomeLeader, leader elected after 5227ms
2019-09-06 21:00:22,708 [ced85cde-8cf9-4c13-a7ed-8c6ff9465544:group-82CC12B8133C:LeaderElection53] INFO  server.RaftServerConfigKeys (ConfUtils.java:logGet(43)) - raft.server.watch.timeout.denomination = 1s (default)
2019-09-06 21:00:22,708 [09e4882c-6b26-4422-8bfe-d1403bdd4066:group-858935912B5A:LeaderElection55] INFO  server.RaftServerConfigKeys (ConfUtils.java:logGet(43)) - raft.server.staging.catchup.gap = 1000 (default)
2019-09-06 21:00:22,708 [ced85cde-8cf9-4c13-a7ed-8c6ff9465544:group-82CC12B8133C:LeaderElection53] INFO  server.RaftServerConfigKeys (ConfUtils.java:logGet(43)) - raft.server.watch.element-limit = 65536 (default)
2019-09-06 21:00:22,708 [d6006497-b0fb-42f8-ab26-f6c3c9c7f1ef:group-577AC5850B87:LeaderElection54] INFO  server.RaftServerConfigKeys (ConfUtils.java:logGet(43)) - raft.server.staging.catchup.gap = 1000 (default)
2019-09-06 21:00:22,709 [09e4882c-6b26-4422-8bfe-d1403bdd4066:group-858935912B5A:LeaderElection55] INFO  server.RaftServerConfigKeys (ConfUtils.java:logGet(43)) - raft.server.rpc.sleep.time = 25ms (default)
2019-09-06 21:00:22,709 [ced85cde-8cf9-4c13-a7ed-8c6ff9465544:group-82CC12B8133C:LeaderElection53] INFO  impl.RoleInfo (RoleInfo.java:updateAndGet(143)) - ced85cde-8cf9-4c13-a7ed-8c6ff9465544: start LeaderState
2019-09-06 21:00:22,709 [d6006497-b0fb-42f8-ab26-f6c3c9c7f1ef:group-577AC5850B87:LeaderElection54] INFO  server.RaftServerConfigKeys (ConfUtils.java:logGet(43)) - raft.server.rpc.sleep.time = 25ms (default)
2019-09-06 21:00:22,709 [09e4882c-6b26-4422-8bfe-d1403bdd4066:group-858935912B5A:LeaderElection55] INFO  server.RaftServerConfigKeys (ConfUtils.java:logGet(43)) - raft.server.write.element-limit = 4096 (default)
2019-09-06 21:00:22,709 [d6006497-b0fb-42f8-ab26-f6c3c9c7f1ef:group-577AC5850B87:LeaderElection54] INFO  server.RaftServerConfigKeys (ConfUtils.java:logGet(43)) - raft.server.write.element-limit = 4096 (default)
2019-09-06 21:00:22,709 [ced85cde-8cf9-4c13-a7ed-8c6ff9465544:group-82CC12B8133C:LeaderElection53] INFO  segmented.SegmentedRaftLogWorker (SegmentedRaftLogWorker.java:startLogSegment(380)) - ced85cde-8cf9-4c13-a7ed-8c6ff9465544-SegmentedRaftLogWorker:Storage Directory /workdir/hadoop-ozone/integration-test/target/test-dir/MiniOzoneClusterImpl-a4353b45-efea-4a09-bf1c-6c3a3aa95231/datanode-2/data/ratis/a6d4c6e5-9e5f-4d4c-8599-82cc12b8133c: Starting segment from index:0
2019-09-06 21:00:22,709 [d6006497-b0fb-42f8-ab26-f6c3c9c7f1ef:group-577AC5850B87:LeaderElection54] INFO  server.RaftServerConfigKeys (ConfUtils.java:logGet(43)) - raft.server.watch.timeout = 10s (default)
2019-09-06 21:00:22,709 [09e4882c-6b26-4422-8bfe-d1403bdd4066:group-858935912B5A:LeaderElection55] INFO  server.RaftServerConfigKeys (ConfUtils.java:logGet(43)) - raft.server.watch.timeout = 10s (default)
2019-09-06 21:00:22,710 [d6006497-b0fb-42f8-ab26-f6c3c9c7f1ef:group-577AC5850B87:LeaderElection54] INFO  server.RaftServerConfigKeys (ConfUtils.java:logGet(43)) - raft.server.watch.timeout.denomination = 1s (default)
2019-09-06 21:00:22,710 [ced85cde-8cf9-4c13-a7ed-8c6ff9465544:group-82CC12B8133C:LeaderElection53] INFO  impl.RaftServerImpl (ServerState.java:setRaftConf(361)) - ced85cde-8cf9-4c13-a7ed-8c6ff9465544:group-82CC12B8133C set configuration 0: [ced85cde-8cf9-4c13-a7ed-8c6ff9465544:192.168.69.79:43725], old=null at 0
2019-09-06 21:00:22,710 [09e4882c-6b26-4422-8bfe-d1403bdd4066:group-858935912B5A:LeaderElection55] INFO  server.RaftServerConfigKeys (ConfUtils.java:logGet(43)) - raft.server.watch.timeout.denomination = 1s (default)
2019-09-06 21:00:22,710 [d6006497-b0fb-42f8-ab26-f6c3c9c7f1ef:group-577AC5850B87:LeaderElection54] INFO  server.RaftServerConfigKeys (ConfUtils.java:logGet(43)) - raft.server.watch.element-limit = 65536 (default)
2019-09-06 21:00:22,751 [09e4882c-6b26-4422-8bfe-d1403bdd4066:group-858935912B5A:LeaderElection55] INFO  server.RaftServerConfigKeys (ConfUtils.java:logGet(43)) - raft.server.watch.element-limit = 65536 (default)
2019-09-06 21:00:22,751 [d6006497-b0fb-42f8-ab26-f6c3c9c7f1ef:group-577AC5850B87:LeaderElection54] INFO  impl.RoleInfo (RoleInfo.java:updateAndGet(143)) - d6006497-b0fb-42f8-ab26-f6c3c9c7f1ef: start LeaderState
2019-09-06 21:00:22,752 [09e4882c-6b26-4422-8bfe-d1403bdd4066:group-858935912B5A:LeaderElection55] INFO  impl.RoleInfo (RoleInfo.java:updateAndGet(143)) - 09e4882c-6b26-4422-8bfe-d1403bdd4066: start LeaderState
2019-09-06 21:00:22,752 [d6006497-b0fb-42f8-ab26-f6c3c9c7f1ef:group-577AC5850B87:LeaderElection54] INFO  segmented.SegmentedRaftLogWorker (SegmentedRaftLogWorker.java:startLogSegment(380)) - d6006497-b0fb-42f8-ab26-f6c3c9c7f1ef-SegmentedRaftLogWorker:Storage Directory /workdir/hadoop-ozone/integration-test/target/test-dir/MiniOzoneClusterImpl-a4353b45-efea-4a09-bf1c-6c3a3aa95231/datanode-1/data/ratis/922ddbc3-0c8b-467d-8448-577ac5850b87: Starting segment from index:0
2019-09-06 21:00:22,752 [09e4882c-6b26-4422-8bfe-d1403bdd4066:group-858935912B5A:LeaderElection55] INFO  segmented.SegmentedRaftLogWorker (SegmentedRaftLogWorker.java:startLogSegment(380)) - 09e4882c-6b26-4422-8bfe-d1403bdd4066-SegmentedRaftLogWorker:Storage Directory /workdir/hadoop-ozone/integration-test/target/test-dir/MiniOzoneClusterImpl-a4353b45-efea-4a09-bf1c-6c3a3aa95231/datanode-3/data/ratis/1878085a-28ca-4f46-aba0-858935912b5a: Starting segment from index:0
2019-09-06 21:00:22,752 [d6006497-b0fb-42f8-ab26-f6c3c9c7f1ef:group-577AC5850B87:LeaderElection54] INFO  impl.RaftServerImpl (ServerState.java:setRaftConf(361)) - d6006497-b0fb-42f8-ab26-f6c3c9c7f1ef:group-577AC5850B87 set configuration 0: [d6006497-b0fb-42f8-ab26-f6c3c9c7f1ef:192.168.69.79:36953], old=null at 0
2019-09-06 21:00:22,753 [09e4882c-6b26-4422-8bfe-d1403bdd4066:group-858935912B5A:LeaderElection55] INFO  impl.RaftServerImpl (ServerState.java:setRaftConf(361)) - 09e4882c-6b26-4422-8bfe-d1403bdd4066:group-858935912B5A set configuration 0: [09e4882c-6b26-4422-8bfe-d1403bdd4066:192.168.69.79:44025], old=null at 0
2019-09-06 21:00:22,792 [ced85cde-8cf9-4c13-a7ed-8c6ff9465544-SegmentedRaftLogWorker:Storage Directory /workdir/hadoop-ozone/integration-test/target/test-dir/MiniOzoneClusterImpl-a4353b45-efea-4a09-bf1c-6c3a3aa95231/datanode-2/data/ratis/a6d4c6e5-9e5f-4d4c-8599-82cc12b8133c] INFO  segmented.SegmentedRaftLogWorker (SegmentedRaftLogWorker.java:execute(569)) - ced85cde-8cf9-4c13-a7ed-8c6ff9465544-SegmentedRaftLogWorker:Storage Directory /workdir/hadoop-ozone/integration-test/target/test-dir/MiniOzoneClusterImpl-a4353b45-efea-4a09-bf1c-6c3a3aa95231/datanode-2/data/ratis/a6d4c6e5-9e5f-4d4c-8599-82cc12b8133c: created new log segment /workdir/hadoop-ozone/integration-test/target/test-dir/MiniOzoneClusterImpl-a4353b45-efea-4a09-bf1c-6c3a3aa95231/datanode-2/data/ratis/a6d4c6e5-9e5f-4d4c-8599-82cc12b8133c/current/log_inprogress_0
2019-09-06 21:00:22,808 [Thread-3275] INFO  impl.FollowerState (FollowerState.java:run(106)) - fbf37fd0-cd16-4237-a40d-69722fedc998:group-DF2A3A41EB4C changes to CANDIDATE, lastRpcTime:5078, electionTimeout:5078ms
2019-09-06 21:00:22,808 [Thread-3275] INFO  impl.RoleInfo (RoleInfo.java:shutdownFollowerState(121)) - fbf37fd0-cd16-4237-a40d-69722fedc998: shutdown FollowerState
2019-09-06 21:00:22,809 [Thread-3275] INFO  impl.RaftServerImpl (RaftServerImpl.java:setRole(171)) - fbf37fd0-cd16-4237-a40d-69722fedc998:group-DF2A3A41EB4C changes role from FOLLOWER to CANDIDATE at term 0 for changeToCandidate
2019-09-06 21:00:22,809 [Thread-3275] INFO  impl.RoleInfo (RoleInfo.java:updateAndGet(143)) - fbf37fd0-cd16-4237-a40d-69722fedc998: start LeaderElection
2019-09-06 21:00:22,828 [d6006497-b0fb-42f8-ab26-f6c3c9c7f1ef-SegmentedRaftLogWorker:Storage Directory /workdir/hadoop-ozone/integration-test/target/test-dir/MiniOzoneClusterImpl-a4353b45-efea-4a09-bf1c-6c3a3aa95231/datanode-1/data/ratis/922ddbc3-0c8b-467d-8448-577ac5850b87] INFO  segmented.SegmentedRaftLogWorker (SegmentedRaftLogWorker.java:execute(569)) - d6006497-b0fb-42f8-ab26-f6c3c9c7f1ef-SegmentedRaftLogWorker:Storage Directory /workdir/hadoop-ozone/integration-test/target/test-dir/MiniOzoneClusterImpl-a4353b45-efea-4a09-bf1c-6c3a3aa95231/datanode-1/data/ratis/922ddbc3-0c8b-467d-8448-577ac5850b87: created new log segment /workdir/hadoop-ozone/integration-test/target/test-dir/MiniOzoneClusterImpl-a4353b45-efea-4a09-bf1c-6c3a3aa95231/datanode-1/data/ratis/922ddbc3-0c8b-467d-8448-577ac5850b87/current/log_inprogress_0
2019-09-06 21:00:22,850 [09e4882c-6b26-4422-8bfe-d1403bdd4066-SegmentedRaftLogWorker:Storage Directory /workdir/hadoop-ozone/integration-test/target/test-dir/MiniOzoneClusterImpl-a4353b45-efea-4a09-bf1c-6c3a3aa95231/datanode-3/data/ratis/1878085a-28ca-4f46-aba0-858935912b5a] INFO  segmented.SegmentedRaftLogWorker (SegmentedRaftLogWorker.java:execute(569)) - 09e4882c-6b26-4422-8bfe-d1403bdd4066-SegmentedRaftLogWorker:Storage Directory /workdir/hadoop-ozone/integration-test/target/test-dir/MiniOzoneClusterImpl-a4353b45-efea-4a09-bf1c-6c3a3aa95231/datanode-3/data/ratis/1878085a-28ca-4f46-aba0-858935912b5a: created new log segment /workdir/hadoop-ozone/integration-test/target/test-dir/MiniOzoneClusterImpl-a4353b45-efea-4a09-bf1c-6c3a3aa95231/datanode-3/data/ratis/1878085a-28ca-4f46-aba0-858935912b5a/current/log_inprogress_0
2019-09-06 21:00:22,850 [fbf37fd0-cd16-4237-a40d-69722fedc998:group-DF2A3A41EB4C:LeaderElection56] INFO  impl.LeaderElection (LeaderElection.java:askForVotes(181)) - fbf37fd0-cd16-4237-a40d-69722fedc998:group-DF2A3A41EB4C:LeaderElection56: begin an election at term 1 for -1: [fbf37fd0-cd16-4237-a40d-69722fedc998:192.168.69.79:42262], old=null
2019-09-06 21:00:22,852 [fbf37fd0-cd16-4237-a40d-69722fedc998:group-DF2A3A41EB4C:LeaderElection56] INFO  impl.RoleInfo (RoleInfo.java:shutdownLeaderElection(134)) - fbf37fd0-cd16-4237-a40d-69722fedc998: shutdown LeaderElection
2019-09-06 21:00:22,852 [fbf37fd0-cd16-4237-a40d-69722fedc998:group-DF2A3A41EB4C:LeaderElection56] INFO  impl.RaftServerImpl (RaftServerImpl.java:setRole(171)) - fbf37fd0-cd16-4237-a40d-69722fedc998:group-DF2A3A41EB4C changes role from CANDIDATE to LEADER at term 1 for changeToLeader
2019-09-06 21:00:22,853 [fbf37fd0-cd16-4237-a40d-69722fedc998:group-DF2A3A41EB4C:LeaderElection56] INFO  impl.RaftServerImpl (ServerState.java:setLeader(263)) - fbf37fd0-cd16-4237-a40d-69722fedc998:group-DF2A3A41EB4C change Leader from null to fbf37fd0-cd16-4237-a40d-69722fedc998 at term 1 for becomeLeader, leader elected after 5127ms
2019-09-06 21:00:22,853 [fbf37fd0-cd16-4237-a40d-69722fedc998:group-DF2A3A41EB4C:LeaderElection56] INFO  server.RaftServerConfigKeys (ConfUtils.java:logGet(43)) - raft.server.staging.catchup.gap = 1000 (default)
2019-09-06 21:00:22,853 [fbf37fd0-cd16-4237-a40d-69722fedc998:group-DF2A3A41EB4C:LeaderElection56] INFO  server.RaftServerConfigKeys (ConfUtils.java:logGet(43)) - raft.server.rpc.sleep.time = 25ms (default)
2019-09-06 21:00:22,853 [grpc-default-executor-4] INFO  client.GrpcClientProtocolClient (GrpcClientProtocolClient.java:onNext(255)) - client-BDA9335C03EB->6820f5c3-6a00-4616-8415-97e192fe644d: receive RaftClientReply:client-BDA9335C03EB->6820f5c3-6a00-4616-8415-97e192fe644d@group-E2322F3ACBE7, cid=175, FAILED org.apache.ratis.protocol.NotLeaderException: Server 6820f5c3-6a00-4616-8415-97e192fe644d is not the leader (null). Request must be sent to leader., logIndex=0, commits[6820f5c3-6a00-4616-8415-97e192fe644d:c-1]
2019-09-06 21:00:22,853 [fbf37fd0-cd16-4237-a40d-69722fedc998:group-DF2A3A41EB4C:LeaderElection56] INFO  server.RaftServerConfigKeys (ConfUtils.java:logGet(43)) - raft.server.write.element-limit = 4096 (default)
2019-09-06 21:00:22,853 [fbf37fd0-cd16-4237-a40d-69722fedc998:group-DF2A3A41EB4C:LeaderElection56] INFO  server.RaftServerConfigKeys (ConfUtils.java:logGet(43)) - raft.server.watch.timeout = 10s (default)
2019-09-06 21:00:22,854 [fbf37fd0-cd16-4237-a40d-69722fedc998:group-DF2A3A41EB4C:LeaderElection56] INFO  server.RaftServerConfigKeys (ConfUtils.java:logGet(43)) - raft.server.watch.timeout.denomination = 1s (default)
2019-09-06 21:00:22,854 [fbf37fd0-cd16-4237-a40d-69722fedc998:group-DF2A3A41EB4C:LeaderElection56] INFO  server.RaftServerConfigKeys (ConfUtils.java:logGet(43)) - raft.server.watch.element-limit = 65536 (default)
2019-09-06 21:00:22,856 [Thread-3278] INFO  impl.FollowerState (FollowerState.java:run(106)) - 6820f5c3-6a00-4616-8415-97e192fe644d:group-18D7BDD57A1A changes to CANDIDATE, lastRpcTime:5050, electionTimeout:5049ms
2019-09-06 21:00:22,856 [fbf37fd0-cd16-4237-a40d-69722fedc998:group-DF2A3A41EB4C:LeaderElection56] INFO  impl.RoleInfo (RoleInfo.java:updateAndGet(143)) - fbf37fd0-cd16-4237-a40d-69722fedc998: start LeaderState
2019-09-06 21:00:22,856 [Thread-3278] INFO  impl.RoleInfo (RoleInfo.java:shutdownFollowerState(121)) - 6820f5c3-6a00-4616-8415-97e192fe644d: shutdown FollowerState
2019-09-06 21:00:22,857 [fbf37fd0-cd16-4237-a40d-69722fedc998:group-DF2A3A41EB4C:LeaderElection56] INFO  segmented.SegmentedRaftLogWorker (SegmentedRaftLogWorker.java:startLogSegment(380)) - fbf37fd0-cd16-4237-a40d-69722fedc998-SegmentedRaftLogWorker:Storage Directory /workdir/hadoop-ozone/integration-test/target/test-dir/MiniOzoneClusterImpl-a4353b45-efea-4a09-bf1c-6c3a3aa95231/datanode-4/data/ratis/b8b39fc7-0722-4871-808f-df2a3a41eb4c: Starting segment from index:0
2019-09-06 21:00:22,857 [Thread-3278] INFO  impl.RaftServerImpl (RaftServerImpl.java:setRole(171)) - 6820f5c3-6a00-4616-8415-97e192fe644d:group-18D7BDD57A1A changes role from FOLLOWER to CANDIDATE at term 0 for changeToCandidate
2019-09-06 21:00:22,857 [Thread-3278] INFO  impl.RoleInfo (RoleInfo.java:updateAndGet(143)) - 6820f5c3-6a00-4616-8415-97e192fe644d: start LeaderElection
2019-09-06 21:00:22,857 [fbf37fd0-cd16-4237-a40d-69722fedc998:group-DF2A3A41EB4C:LeaderElection56] INFO  impl.RaftServerImpl (ServerState.java:setRaftConf(361)) - fbf37fd0-cd16-4237-a40d-69722fedc998:group-DF2A3A41EB4C set configuration 0: [fbf37fd0-cd16-4237-a40d-69722fedc998:192.168.69.79:42262], old=null at 0
2019-09-06 21:00:22,918 [fbf37fd0-cd16-4237-a40d-69722fedc998-SegmentedRaftLogWorker:Storage Directory /workdir/hadoop-ozone/integration-test/target/test-dir/MiniOzoneClusterImpl-a4353b45-efea-4a09-bf1c-6c3a3aa95231/datanode-4/data/ratis/b8b39fc7-0722-4871-808f-df2a3a41eb4c] INFO  segmented.SegmentedRaftLogWorker (SegmentedRaftLogWorker.java:execute(569)) - fbf37fd0-cd16-4237-a40d-69722fedc998-SegmentedRaftLogWorker:Storage Directory /workdir/hadoop-ozone/integration-test/target/test-dir/MiniOzoneClusterImpl-a4353b45-efea-4a09-bf1c-6c3a3aa95231/datanode-4/data/ratis/b8b39fc7-0722-4871-808f-df2a3a41eb4c: created new log segment /workdir/hadoop-ozone/integration-test/target/test-dir/MiniOzoneClusterImpl-a4353b45-efea-4a09-bf1c-6c3a3aa95231/datanode-4/data/ratis/b8b39fc7-0722-4871-808f-df2a3a41eb4c/current/log_inprogress_0
2019-09-06 21:00:22,925 [6820f5c3-6a00-4616-8415-97e192fe644d:group-18D7BDD57A1A:LeaderElection57] INFO  impl.LeaderElection (LeaderElection.java:askForVotes(181)) - 6820f5c3-6a00-4616-8415-97e192fe644d:group-18D7BDD57A1A:LeaderElection57: begin an election at term 1 for -1: [6820f5c3-6a00-4616-8415-97e192fe644d:192.168.69.79:34578], old=null
2019-09-06 21:00:22,925 [6820f5c3-6a00-4616-8415-97e192fe644d:group-18D7BDD57A1A:LeaderElection57] INFO  impl.RoleInfo (RoleInfo.java:shutdownLeaderElection(134)) - 6820f5c3-6a00-4616-8415-97e192fe644d: shutdown LeaderElection
2019-09-06 21:00:22,926 [6820f5c3-6a00-4616-8415-97e192fe644d:group-18D7BDD57A1A:LeaderElection57] INFO  impl.RaftServerImpl (RaftServerImpl.java:setRole(171)) - 6820f5c3-6a00-4616-8415-97e192fe644d:group-18D7BDD57A1A changes role from CANDIDATE to LEADER at term 1 for changeToLeader
2019-09-06 21:00:22,926 [6820f5c3-6a00-4616-8415-97e192fe644d:group-18D7BDD57A1A:LeaderElection57] INFO  impl.RaftServerImpl (ServerState.java:setLeader(263)) - 6820f5c3-6a00-4616-8415-97e192fe644d:group-18D7BDD57A1A change Leader from null to 6820f5c3-6a00-4616-8415-97e192fe644d at term 1 for becomeLeader, leader elected after 5125ms
2019-09-06 21:00:22,926 [6820f5c3-6a00-4616-8415-97e192fe644d:group-18D7BDD57A1A:LeaderElection57] INFO  server.RaftServerConfigKeys (ConfUtils.java:logGet(43)) - raft.server.staging.catchup.gap = 1000 (default)
2019-09-06 21:00:22,926 [6820f5c3-6a00-4616-8415-97e192fe644d:group-18D7BDD57A1A:LeaderElection57] INFO  server.RaftServerConfigKeys (ConfUtils.java:logGet(43)) - raft.server.rpc.sleep.time = 25ms (default)
2019-09-06 21:00:22,926 [6820f5c3-6a00-4616-8415-97e192fe644d:group-18D7BDD57A1A:LeaderElection57] INFO  server.RaftServerConfigKeys (ConfUtils.java:logGet(43)) - raft.server.write.element-limit = 4096 (default)
2019-09-06 21:00:22,927 [6820f5c3-6a00-4616-8415-97e192fe644d:group-18D7BDD57A1A:LeaderElection57] INFO  server.RaftServerConfigKeys (ConfUtils.java:logGet(43)) - raft.server.watch.timeout = 10s (default)
2019-09-06 21:00:22,927 [6820f5c3-6a00-4616-8415-97e192fe644d:group-18D7BDD57A1A:LeaderElection57] INFO  server.RaftServerConfigKeys (ConfUtils.java:logGet(43)) - raft.server.watch.timeout.denomination = 1s (default)
2019-09-06 21:00:22,927 [6820f5c3-6a00-4616-8415-97e192fe644d:group-18D7BDD57A1A:LeaderElection57] INFO  server.RaftServerConfigKeys (ConfUtils.java:logGet(43)) - raft.server.watch.element-limit = 65536 (default)
2019-09-06 21:00:22,927 [6820f5c3-6a00-4616-8415-97e192fe644d:group-18D7BDD57A1A:LeaderElection57] INFO  impl.RoleInfo (RoleInfo.java:updateAndGet(143)) - 6820f5c3-6a00-4616-8415-97e192fe644d: start LeaderState
2019-09-06 21:00:22,927 [6820f5c3-6a00-4616-8415-97e192fe644d:group-18D7BDD57A1A:LeaderElection57] INFO  segmented.SegmentedRaftLogWorker (SegmentedRaftLogWorker.java:startLogSegment(380)) - 6820f5c3-6a00-4616-8415-97e192fe644d-SegmentedRaftLogWorker:Storage Directory /workdir/hadoop-ozone/integration-test/target/test-dir/MiniOzoneClusterImpl-a4353b45-efea-4a09-bf1c-6c3a3aa95231/datanode-6/data/ratis/558b38c7-df04-4a90-8aa6-18d7bdd57a1a: Starting segment from index:0
2019-09-06 21:00:22,928 [6820f5c3-6a00-4616-8415-97e192fe644d:group-18D7BDD57A1A:LeaderElection57] INFO  impl.RaftServerImpl (ServerState.java:setRaftConf(361)) - 6820f5c3-6a00-4616-8415-97e192fe644d:group-18D7BDD57A1A set configuration 0: [6820f5c3-6a00-4616-8415-97e192fe644d:192.168.69.79:34578], old=null at 0
2019-09-06 21:00:22,992 [6820f5c3-6a00-4616-8415-97e192fe644d-SegmentedRaftLogWorker:Storage Directory /workdir/hadoop-ozone/integration-test/target/test-dir/MiniOzoneClusterImpl-a4353b45-efea-4a09-bf1c-6c3a3aa95231/datanode-6/data/ratis/558b38c7-df04-4a90-8aa6-18d7bdd57a1a] INFO  segmented.SegmentedRaftLogWorker (SegmentedRaftLogWorker.java:execute(569)) - 6820f5c3-6a00-4616-8415-97e192fe644d-SegmentedRaftLogWorker:Storage Directory /workdir/hadoop-ozone/integration-test/target/test-dir/MiniOzoneClusterImpl-a4353b45-efea-4a09-bf1c-6c3a3aa95231/datanode-6/data/ratis/558b38c7-df04-4a90-8aa6-18d7bdd57a1a: created new log segment /workdir/hadoop-ozone/integration-test/target/test-dir/MiniOzoneClusterImpl-a4353b45-efea-4a09-bf1c-6c3a3aa95231/datanode-6/data/ratis/558b38c7-df04-4a90-8aa6-18d7bdd57a1a/current/log_inprogress_0
2019-09-06 21:00:22,998 [Thread-3281] INFO  impl.FollowerState (FollowerState.java:run(106)) - f08ec93a-17fb-4985-ac3a-369735124bec:group-29AF8A6AB097 changes to CANDIDATE, lastRpcTime:5125, electionTimeout:5125ms
2019-09-06 21:00:22,998 [Thread-3281] INFO  impl.RoleInfo (RoleInfo.java:shutdownFollowerState(121)) - f08ec93a-17fb-4985-ac3a-369735124bec: shutdown FollowerState
2019-09-06 21:00:22,998 [Thread-3281] INFO  impl.RaftServerImpl (RaftServerImpl.java:setRole(171)) - f08ec93a-17fb-4985-ac3a-369735124bec:group-29AF8A6AB097 changes role from FOLLOWER to CANDIDATE at term 0 for changeToCandidate
2019-09-06 21:00:22,998 [Thread-3281] INFO  impl.RoleInfo (RoleInfo.java:updateAndGet(143)) - f08ec93a-17fb-4985-ac3a-369735124bec: start LeaderElection
2019-09-06 21:00:23,006 [Thread-3287] INFO  impl.FollowerState (FollowerState.java:run(106)) - 6820f5c3-6a00-4616-8415-97e192fe644d:group-E2322F3ACBE7 changes to CANDIDATE, lastRpcTime:5056, electionTimeout:5055ms
2019-09-06 21:00:23,006 [Thread-3287] INFO  impl.RoleInfo (RoleInfo.java:shutdownFollowerState(121)) - 6820f5c3-6a00-4616-8415-97e192fe644d: shutdown FollowerState
2019-09-06 21:00:23,006 [Thread-3287] INFO  impl.RaftServerImpl (RaftServerImpl.java:setRole(171)) - 6820f5c3-6a00-4616-8415-97e192fe644d:group-E2322F3ACBE7 changes role from FOLLOWER to CANDIDATE at term 0 for changeToCandidate
2019-09-06 21:00:23,006 [Thread-3287] INFO  impl.RoleInfo (RoleInfo.java:updateAndGet(143)) - 6820f5c3-6a00-4616-8415-97e192fe644d: start LeaderElection
2019-09-06 21:00:23,026 [f08ec93a-17fb-4985-ac3a-369735124bec:group-29AF8A6AB097:LeaderElection58] INFO  impl.LeaderElection (LeaderElection.java:askForVotes(181)) - f08ec93a-17fb-4985-ac3a-369735124bec:group-29AF8A6AB097:LeaderElection58: begin an election at term 1 for -1: [f08ec93a-17fb-4985-ac3a-369735124bec:192.168.69.79:37055], old=null
2019-09-06 21:00:23,026 [f08ec93a-17fb-4985-ac3a-369735124bec:group-29AF8A6AB097:LeaderElection58] INFO  impl.RoleInfo (RoleInfo.java:shutdownLeaderElection(134)) - f08ec93a-17fb-4985-ac3a-369735124bec: shutdown LeaderElection
2019-09-06 21:00:23,027 [f08ec93a-17fb-4985-ac3a-369735124bec:group-29AF8A6AB097:LeaderElection58] INFO  impl.RaftServerImpl (RaftServerImpl.java:setRole(171)) - f08ec93a-17fb-4985-ac3a-369735124bec:group-29AF8A6AB097 changes role from CANDIDATE to LEADER at term 1 for changeToLeader
2019-09-06 21:00:23,027 [f08ec93a-17fb-4985-ac3a-369735124bec:group-29AF8A6AB097:LeaderElection58] INFO  impl.RaftServerImpl (ServerState.java:setLeader(263)) - f08ec93a-17fb-4985-ac3a-369735124bec:group-29AF8A6AB097 change Leader from null to f08ec93a-17fb-4985-ac3a-369735124bec at term 1 for becomeLeader, leader elected after 5158ms
2019-09-06 21:00:23,027 [f08ec93a-17fb-4985-ac3a-369735124bec:group-29AF8A6AB097:LeaderElection58] INFO  server.RaftServerConfigKeys (ConfUtils.java:logGet(43)) - raft.server.staging.catchup.gap = 1000 (default)
2019-09-06 21:00:23,027 [f08ec93a-17fb-4985-ac3a-369735124bec:group-29AF8A6AB097:LeaderElection58] INFO  server.RaftServerConfigKeys (ConfUtils.java:logGet(43)) - raft.server.rpc.sleep.time = 25ms (default)
2019-09-06 21:00:23,027 [f08ec93a-17fb-4985-ac3a-369735124bec:group-29AF8A6AB097:LeaderElection58] INFO  server.RaftServerConfigKeys (ConfUtils.java:logGet(43)) - raft.server.write.element-limit = 4096 (default)
2019-09-06 21:00:23,027 [f08ec93a-17fb-4985-ac3a-369735124bec:group-29AF8A6AB097:LeaderElection58] INFO  server.RaftServerConfigKeys (ConfUtils.java:logGet(43)) - raft.server.watch.timeout = 10s (default)
2019-09-06 21:00:23,027 [f08ec93a-17fb-4985-ac3a-369735124bec:group-29AF8A6AB097:LeaderElection58] INFO  server.RaftServerConfigKeys (ConfUtils.java:logGet(43)) - raft.server.watch.timeout.denomination = 1s (default)
2019-09-06 21:00:23,027 [f08ec93a-17fb-4985-ac3a-369735124bec:group-29AF8A6AB097:LeaderElection58] INFO  server.RaftServerConfigKeys (ConfUtils.java:logGet(43)) - raft.server.watch.element-limit = 65536 (default)
2019-09-06 21:00:23,028 [f08ec93a-17fb-4985-ac3a-369735124bec:group-29AF8A6AB097:LeaderElection58] INFO  impl.RoleInfo (RoleInfo.java:updateAndGet(143)) - f08ec93a-17fb-4985-ac3a-369735124bec: start LeaderState
2019-09-06 21:00:23,028 [f08ec93a-17fb-4985-ac3a-369735124bec:group-29AF8A6AB097:LeaderElection58] INFO  segmented.SegmentedRaftLogWorker (SegmentedRaftLogWorker.java:startLogSegment(380)) - f08ec93a-17fb-4985-ac3a-369735124bec-SegmentedRaftLogWorker:Storage Directory /workdir/hadoop-ozone/integration-test/target/test-dir/MiniOzoneClusterImpl-a4353b45-efea-4a09-bf1c-6c3a3aa95231/datanode-5/data/ratis/41a99658-330e-4a06-bd2c-29af8a6ab097: Starting segment from index:0
2019-09-06 21:00:23,028 [f08ec93a-17fb-4985-ac3a-369735124bec:group-29AF8A6AB097:LeaderElection58] INFO  impl.RaftServerImpl (ServerState.java:setRaftConf(361)) - f08ec93a-17fb-4985-ac3a-369735124bec:group-29AF8A6AB097 set configuration 0: [f08ec93a-17fb-4985-ac3a-369735124bec:192.168.69.79:37055], old=null at 0
2019-09-06 21:00:23,061 [Thread-3297] INFO  impl.FollowerState (FollowerState.java:run(106)) - d6006497-b0fb-42f8-ab26-f6c3c9c7f1ef:group-7524C19ECF18 changes to CANDIDATE, lastRpcTime:5035, electionTimeout:5009ms
2019-09-06 21:00:23,061 [Thread-3297] INFO  impl.RoleInfo (RoleInfo.java:shutdownFollowerState(121)) - d6006497-b0fb-42f8-ab26-f6c3c9c7f1ef: shutdown FollowerState
2019-09-06 21:00:23,061 [6820f5c3-6a00-4616-8415-97e192fe644d:group-E2322F3ACBE7:LeaderElection59] INFO  impl.LeaderElection (LeaderElection.java:askForVotes(181)) - 6820f5c3-6a00-4616-8415-97e192fe644d:group-E2322F3ACBE7:LeaderElection59: begin an election at term 1 for -1: [1e7c2804-6315-4ea1-a19d-948e315fb9b4:192.168.69.79:45272, fbf37fd0-cd16-4237-a40d-69722fedc998:192.168.69.79:42262, 6820f5c3-6a00-4616-8415-97e192fe644d:192.168.69.79:34578], old=null
2019-09-06 21:00:23,061 [Thread-3297] INFO  impl.RaftServerImpl (RaftServerImpl.java:setRole(171)) - d6006497-b0fb-42f8-ab26-f6c3c9c7f1ef:group-7524C19ECF18 changes role from FOLLOWER to CANDIDATE at term 0 for changeToCandidate
2019-09-06 21:00:23,062 [Thread-3297] INFO  impl.RoleInfo (RoleInfo.java:updateAndGet(143)) - d6006497-b0fb-42f8-ab26-f6c3c9c7f1ef: start LeaderElection
2019-09-06 21:00:23,066 [Thread-3284] INFO  impl.FollowerState (FollowerState.java:run(106)) - 1e7c2804-6315-4ea1-a19d-948e315fb9b4:group-E2322F3ACBE7 changes to CANDIDATE, lastRpcTime:5119, electionTimeout:5119ms
2019-09-06 21:00:23,067 [Thread-3284] INFO  impl.RoleInfo (RoleInfo.java:shutdownFollowerState(121)) - 1e7c2804-6315-4ea1-a19d-948e315fb9b4: shutdown FollowerState
2019-09-06 21:00:23,067 [Thread-3284] INFO  impl.RaftServerImpl (RaftServerImpl.java:setRole(171)) - 1e7c2804-6315-4ea1-a19d-948e315fb9b4:group-E2322F3ACBE7 changes role from FOLLOWER to CANDIDATE at term 0 for changeToCandidate
2019-09-06 21:00:23,067 [Thread-3284] INFO  impl.RoleInfo (RoleInfo.java:updateAndGet(143)) - 1e7c2804-6315-4ea1-a19d-948e315fb9b4: start LeaderElection
2019-09-06 21:00:23,071 [Thread-3293] INFO  impl.FollowerState (FollowerState.java:run(106)) - 09e4882c-6b26-4422-8bfe-d1403bdd4066:group-7524C19ECF18 changes to CANDIDATE, lastRpcTime:5049, electionTimeout:5048ms
2019-09-06 21:00:23,071 [Thread-3293] INFO  impl.RoleInfo (RoleInfo.java:shutdownFollowerState(121)) - 09e4882c-6b26-4422-8bfe-d1403bdd4066: shutdown FollowerState
2019-09-06 21:00:23,071 [Thread-3293] INFO  impl.RaftServerImpl (RaftServerImpl.java:setRole(171)) - 09e4882c-6b26-4422-8bfe-d1403bdd4066:group-7524C19ECF18 changes role from FOLLOWER to CANDIDATE at term 0 for changeToCandidate
2019-09-06 21:00:23,071 [Thread-3293] INFO  impl.RoleInfo (RoleInfo.java:updateAndGet(143)) - 09e4882c-6b26-4422-8bfe-d1403bdd4066: start LeaderElection
2019-09-06 21:00:23,071 [grpc-default-executor-4] INFO  impl.RaftServerImpl (RaftServerImpl.java:setRole(171)) - fbf37fd0-cd16-4237-a40d-69722fedc998:group-E2322F3ACBE7 changes role from FOLLOWER to FOLLOWER at term 1 for recognizeCandidate:6820f5c3-6a00-4616-8415-97e192fe644d
2019-09-06 21:00:23,074 [grpc-default-executor-4] INFO  impl.RoleInfo (RoleInfo.java:shutdownFollowerState(121)) - fbf37fd0-cd16-4237-a40d-69722fedc998: shutdown FollowerState
2019-09-06 21:00:23,074 [grpc-default-executor-4] INFO  impl.RoleInfo (RoleInfo.java:updateAndGet(143)) - fbf37fd0-cd16-4237-a40d-69722fedc998: start FollowerState
2019-09-06 21:00:23,074 [Thread-3289] INFO  impl.FollowerState (FollowerState.java:run(114)) - fbf37fd0-cd16-4237-a40d-69722fedc998: FollowerState was interrupted: java.lang.InterruptedException: sleep interrupted
2019-09-06 21:00:23,077 [f08ec93a-17fb-4985-ac3a-369735124bec-SegmentedRaftLogWorker:Storage Directory /workdir/hadoop-ozone/integration-test/target/test-dir/MiniOzoneClusterImpl-a4353b45-efea-4a09-bf1c-6c3a3aa95231/datanode-5/data/ratis/41a99658-330e-4a06-bd2c-29af8a6ab097] INFO  segmented.SegmentedRaftLogWorker (SegmentedRaftLogWorker.java:execute(569)) - f08ec93a-17fb-4985-ac3a-369735124bec-SegmentedRaftLogWorker:Storage Directory /workdir/hadoop-ozone/integration-test/target/test-dir/MiniOzoneClusterImpl-a4353b45-efea-4a09-bf1c-6c3a3aa95231/datanode-5/data/ratis/41a99658-330e-4a06-bd2c-29af8a6ab097: created new log segment /workdir/hadoop-ozone/integration-test/target/test-dir/MiniOzoneClusterImpl-a4353b45-efea-4a09-bf1c-6c3a3aa95231/datanode-5/data/ratis/41a99658-330e-4a06-bd2c-29af8a6ab097/current/log_inprogress_0
2019-09-06 21:00:23,090 [Thread-3298] INFO  impl.FollowerState (FollowerState.java:run(106)) - f08ec93a-17fb-4985-ac3a-369735124bec:group-7524C19ECF18 changes to CANDIDATE, lastRpcTime:5064, electionTimeout:5064ms
2019-09-06 21:00:23,090 [Thread-3298] INFO  impl.RoleInfo (RoleInfo.java:shutdownFollowerState(121)) - f08ec93a-17fb-4985-ac3a-369735124bec: shutdown FollowerState
2019-09-06 21:00:23,090 [Thread-3298] INFO  impl.RaftServerImpl (RaftServerImpl.java:setRole(171)) - f08ec93a-17fb-4985-ac3a-369735124bec:group-7524C19ECF18 changes role from FOLLOWER to CANDIDATE at term 0 for changeToCandidate
2019-09-06 21:00:23,090 [Thread-3298] INFO  impl.RoleInfo (RoleInfo.java:updateAndGet(143)) - f08ec93a-17fb-4985-ac3a-369735124bec: start LeaderElection
2019-09-06 21:00:23,094 [1e7c2804-6315-4ea1-a19d-948e315fb9b4:group-E2322F3ACBE7:LeaderElection61] INFO  impl.LeaderElection (LeaderElection.java:askForVotes(181)) - 1e7c2804-6315-4ea1-a19d-948e315fb9b4:group-E2322F3ACBE7:LeaderElection61: begin an election at term 1 for -1: [1e7c2804-6315-4ea1-a19d-948e315fb9b4:192.168.69.79:45272, fbf37fd0-cd16-4237-a40d-69722fedc998:192.168.69.79:42262, 6820f5c3-6a00-4616-8415-97e192fe644d:192.168.69.79:34578], old=null
2019-09-06 21:00:23,094 [d6006497-b0fb-42f8-ab26-f6c3c9c7f1ef:group-7524C19ECF18:LeaderElection60] INFO  impl.LeaderElection (LeaderElection.java:askForVotes(181)) - d6006497-b0fb-42f8-ab26-f6c3c9c7f1ef:group-7524C19ECF18:LeaderElection60: begin an election at term 1 for -1: [d6006497-b0fb-42f8-ab26-f6c3c9c7f1ef:192.168.69.79:36953, 09e4882c-6b26-4422-8bfe-d1403bdd4066:192.168.69.79:44025, f08ec93a-17fb-4985-ac3a-369735124bec:192.168.69.79:37055], old=null
2019-09-06 21:00:23,094 [09e4882c-6b26-4422-8bfe-d1403bdd4066:group-7524C19ECF18:LeaderElection62] INFO  impl.LeaderElection (LeaderElection.java:askForVotes(181)) - 09e4882c-6b26-4422-8bfe-d1403bdd4066:group-7524C19ECF18:LeaderElection62: begin an election at term 1 for -1: [d6006497-b0fb-42f8-ab26-f6c3c9c7f1ef:192.168.69.79:36953, 09e4882c-6b26-4422-8bfe-d1403bdd4066:192.168.69.79:44025, f08ec93a-17fb-4985-ac3a-369735124bec:192.168.69.79:37055], old=null
2019-09-06 21:00:23,095 [6820f5c3-6a00-4616-8415-97e192fe644d:group-E2322F3ACBE7:LeaderElection59] INFO  impl.LeaderElection (LeaderElection.java:logAndReturn(56)) - 6820f5c3-6a00-4616-8415-97e192fe644d:group-E2322F3ACBE7:LeaderElection59: Election PASSED; received 2 response(s) [6820f5c3-6a00-4616-8415-97e192fe644d<-1e7c2804-6315-4ea1-a19d-948e315fb9b4#0:FAIL-t1, 6820f5c3-6a00-4616-8415-97e192fe644d<-fbf37fd0-cd16-4237-a40d-69722fedc998#0:OK-t1] and 0 exception(s); 6820f5c3-6a00-4616-8415-97e192fe644d:t1, leader=null, voted=6820f5c3-6a00-4616-8415-97e192fe644d, raftlog=6820f5c3-6a00-4616-8415-97e192fe644d-SegmentedRaftLog:OPENED:c-1,f-1,i0, conf=-1: [1e7c2804-6315-4ea1-a19d-948e315fb9b4:192.168.69.79:45272, fbf37fd0-cd16-4237-a40d-69722fedc998:192.168.69.79:42262, 6820f5c3-6a00-4616-8415-97e192fe644d:192.168.69.79:34578], old=null
2019-09-06 21:00:23,096 [6820f5c3-6a00-4616-8415-97e192fe644d:group-E2322F3ACBE7:LeaderElection59] INFO  impl.RoleInfo (RoleInfo.java:shutdownLeaderElection(134)) - 6820f5c3-6a00-4616-8415-97e192fe644d: shutdown LeaderElection
2019-09-06 21:00:23,096 [6820f5c3-6a00-4616-8415-97e192fe644d:group-E2322F3ACBE7:LeaderElection59] INFO  impl.RaftServerImpl (RaftServerImpl.java:setRole(171)) - 6820f5c3-6a00-4616-8415-97e192fe644d:group-E2322F3ACBE7 changes role from CANDIDATE to LEADER at term 1 for changeToLeader
2019-09-06 21:00:23,096 [6820f5c3-6a00-4616-8415-97e192fe644d:group-E2322F3ACBE7:LeaderElection59] INFO  impl.RaftServerImpl (ServerState.java:setLeader(263)) - 6820f5c3-6a00-4616-8415-97e192fe644d:group-E2322F3ACBE7 change Leader from null to 6820f5c3-6a00-4616-8415-97e192fe644d at term 1 for becomeLeader, leader elected after 5158ms
2019-09-06 21:00:23,096 [6820f5c3-6a00-4616-8415-97e192fe644d:group-E2322F3ACBE7:LeaderElection59] INFO  server.RaftServerConfigKeys (ConfUtils.java:logGet(43)) - raft.server.staging.catchup.gap = 1000 (default)
2019-09-06 21:00:23,096 [6820f5c3-6a00-4616-8415-97e192fe644d:group-E2322F3ACBE7:LeaderElection59] INFO  server.RaftServerConfigKeys (ConfUtils.java:logGet(43)) - raft.server.rpc.sleep.time = 25ms (default)
2019-09-06 21:00:23,096 [6820f5c3-6a00-4616-8415-97e192fe644d:group-E2322F3ACBE7:LeaderElection59] INFO  server.RaftServerConfigKeys (ConfUtils.java:logGet(43)) - raft.server.write.element-limit = 4096 (default)
2019-09-06 21:00:23,097 [6820f5c3-6a00-4616-8415-97e192fe644d:group-E2322F3ACBE7:LeaderElection59] INFO  server.RaftServerConfigKeys (ConfUtils.java:logGet(43)) - raft.server.watch.timeout = 10s (default)
2019-09-06 21:00:23,097 [6820f5c3-6a00-4616-8415-97e192fe644d:group-E2322F3ACBE7:LeaderElection59] INFO  server.RaftServerConfigKeys (ConfUtils.java:logGet(43)) - raft.server.watch.timeout.denomination = 1s (default)
2019-09-06 21:00:23,097 [6820f5c3-6a00-4616-8415-97e192fe644d:group-E2322F3ACBE7:LeaderElection59] INFO  server.RaftServerConfigKeys (ConfUtils.java:logGet(43)) - raft.server.watch.element-limit = 65536 (default)
2019-09-06 21:00:23,097 [6820f5c3-6a00-4616-8415-97e192fe644d:group-E2322F3ACBE7:LeaderElection59] INFO  server.RaftServerConfigKeys (ConfUtils.java:logGet(43)) - raft.server.log.appender.snapshot.chunk.size.max = 16MB (=16777216) (default)
2019-09-06 21:00:23,104 [6820f5c3-6a00-4616-8415-97e192fe644d:group-E2322F3ACBE7:LeaderElection59] INFO  server.RaftServerConfigKeys (ConfUtils.java:logGet(43)) - raft.server.log.appender.buffer.byte-limit = 33554432 (custom)
2019-09-06 21:00:23,104 [6820f5c3-6a00-4616-8415-97e192fe644d:group-E2322F3ACBE7:LeaderElection59] INFO  server.RaftServerConfigKeys (ConfUtils.java:logGet(43)) - raft.server.log.appender.buffer.element-limit = 1 (custom)
2019-09-06 21:00:23,105 [6820f5c3-6a00-4616-8415-97e192fe644d:group-E2322F3ACBE7:LeaderElection59] INFO  grpc.GrpcConfigKeys$Server (ConfUtils.java:logGet(43)) - raft.grpc.server.leader.outstanding.appends.max = 128 (default)
2019-09-06 21:00:23,105 [6820f5c3-6a00-4616-8415-97e192fe644d:group-E2322F3ACBE7:LeaderElection59] INFO  server.RaftServerConfigKeys (ConfUtils.java:logGet(43)) - raft.server.rpc.request.timeout = 3000ms (default)
2019-09-06 21:00:23,105 [6820f5c3-6a00-4616-8415-97e192fe644d:group-E2322F3ACBE7:LeaderElection59] INFO  server.RaftServerConfigKeys (ConfUtils.java:logGet(43)) - raft.server.log.appender.install.snapshot.enabled = false (custom)
2019-09-06 21:00:23,105 [6820f5c3-6a00-4616-8415-97e192fe644d:group-E2322F3ACBE7:LeaderElection59] INFO  server.RaftServerConfigKeys (ConfUtils.java:logGet(43)) - raft.server.log.appender.snapshot.chunk.size.max = 16MB (=16777216) (default)
2019-09-06 21:00:23,105 [6820f5c3-6a00-4616-8415-97e192fe644d:group-E2322F3ACBE7:LeaderElection59] INFO  server.RaftServerConfigKeys (ConfUtils.java:logGet(43)) - raft.server.log.appender.buffer.byte-limit = 33554432 (custom)
2019-09-06 21:00:23,107 [6820f5c3-6a00-4616-8415-97e192fe644d:group-E2322F3ACBE7:LeaderElection59] INFO  server.RaftServerConfigKeys (ConfUtils.java:logGet(43)) - raft.server.log.appender.buffer.element-limit = 1 (custom)
2019-09-06 21:00:23,109 [6820f5c3-6a00-4616-8415-97e192fe644d:group-E2322F3ACBE7:LeaderElection59] INFO  grpc.GrpcConfigKeys$Server (ConfUtils.java:logGet(43)) - raft.grpc.server.leader.outstanding.appends.max = 128 (default)
2019-09-06 21:00:23,109 [6820f5c3-6a00-4616-8415-97e192fe644d:group-E2322F3ACBE7:LeaderElection59] INFO  server.RaftServerConfigKeys (ConfUtils.java:logGet(43)) - raft.server.rpc.request.timeout = 3000ms (default)
2019-09-06 21:00:23,109 [6820f5c3-6a00-4616-8415-97e192fe644d:group-E2322F3ACBE7:LeaderElection59] INFO  server.RaftServerConfigKeys (ConfUtils.java:logGet(43)) - raft.server.log.appender.install.snapshot.enabled = false (custom)
2019-09-06 21:00:23,109 [6820f5c3-6a00-4616-8415-97e192fe644d:group-E2322F3ACBE7:LeaderElection59] INFO  impl.RoleInfo (RoleInfo.java:updateAndGet(143)) - 6820f5c3-6a00-4616-8415-97e192fe644d: start LeaderState
2019-09-06 21:00:23,109 [6820f5c3-6a00-4616-8415-97e192fe644d:group-E2322F3ACBE7:LeaderElection59] INFO  segmented.SegmentedRaftLogWorker (SegmentedRaftLogWorker.java:startLogSegment(380)) - 6820f5c3-6a00-4616-8415-97e192fe644d-SegmentedRaftLogWorker:Storage Directory /workdir/hadoop-ozone/integration-test/target/test-dir/MiniOzoneClusterImpl-a4353b45-efea-4a09-bf1c-6c3a3aa95231/datanode-6/data/ratis/6153a5fb-a965-494a-983f-e2322f3acbe7: Starting segment from index:0
2019-09-06 21:00:23,145 [6820f5c3-6a00-4616-8415-97e192fe644d:group-E2322F3ACBE7:LeaderElection59] INFO  impl.RaftServerImpl (ServerState.java:setRaftConf(361)) - 6820f5c3-6a00-4616-8415-97e192fe644d:group-E2322F3ACBE7 set configuration 0: [1e7c2804-6315-4ea1-a19d-948e315fb9b4:192.168.69.79:45272, fbf37fd0-cd16-4237-a40d-69722fedc998:192.168.69.79:42262, 6820f5c3-6a00-4616-8415-97e192fe644d:192.168.69.79:34578], old=null at 0
2019-09-06 21:00:23,147 [f08ec93a-17fb-4985-ac3a-369735124bec:group-7524C19ECF18:LeaderElection63] INFO  impl.LeaderElection (LeaderElection.java:askForVotes(181)) - f08ec93a-17fb-4985-ac3a-369735124bec:group-7524C19ECF18:LeaderElection63: begin an election at term 1 for -1: [d6006497-b0fb-42f8-ab26-f6c3c9c7f1ef:192.168.69.79:36953, 09e4882c-6b26-4422-8bfe-d1403bdd4066:192.168.69.79:44025, f08ec93a-17fb-4985-ac3a-369735124bec:192.168.69.79:37055], old=null
2019-09-06 21:00:23,150 [grpc-default-executor-4] INFO  impl.RaftServerImpl (RaftServerImpl.java:requestVote(754)) - 6820f5c3-6a00-4616-8415-97e192fe644d-LEADER: Withhold vote from candidate 1e7c2804-6315-4ea1-a19d-948e315fb9b4 with term 1. State: leader=6820f5c3-6a00-4616-8415-97e192fe644d, term=1, lastRpcElapsed=null
2019-09-06 21:00:23,151 [09e4882c-6b26-4422-8bfe-d1403bdd4066:group-7524C19ECF18:LeaderElection62] INFO  impl.LeaderElection (LeaderElection.java:logAndReturn(56)) - 09e4882c-6b26-4422-8bfe-d1403bdd4066:group-7524C19ECF18:LeaderElection62: Election REJECTED; received 2 response(s) [09e4882c-6b26-4422-8bfe-d1403bdd4066<-d6006497-b0fb-42f8-ab26-f6c3c9c7f1ef#0:FAIL-t1, 09e4882c-6b26-4422-8bfe-d1403bdd4066<-f08ec93a-17fb-4985-ac3a-369735124bec#0:FAIL-t1] and 0 exception(s); 09e4882c-6b26-4422-8bfe-d1403bdd4066:t1, leader=null, voted=09e4882c-6b26-4422-8bfe-d1403bdd4066, raftlog=09e4882c-6b26-4422-8bfe-d1403bdd4066-SegmentedRaftLog:OPENED:c-1,f-1,i0, conf=-1: [d6006497-b0fb-42f8-ab26-f6c3c9c7f1ef:192.168.69.79:36953, 09e4882c-6b26-4422-8bfe-d1403bdd4066:192.168.69.79:44025, f08ec93a-17fb-4985-ac3a-369735124bec:192.168.69.79:37055], old=null
2019-09-06 21:00:23,151 [09e4882c-6b26-4422-8bfe-d1403bdd4066:group-7524C19ECF18:LeaderElection62] INFO  impl.RaftServerImpl (RaftServerImpl.java:setRole(171)) - 09e4882c-6b26-4422-8bfe-d1403bdd4066:group-7524C19ECF18 changes role from CANDIDATE to FOLLOWER at term 1 for DISCOVERED_A_NEW_TERM
2019-09-06 21:00:23,152 [09e4882c-6b26-4422-8bfe-d1403bdd4066:group-7524C19ECF18:LeaderElection62] INFO  impl.RoleInfo (RoleInfo.java:shutdownLeaderElection(134)) - 09e4882c-6b26-4422-8bfe-d1403bdd4066: shutdown LeaderElection
2019-09-06 21:00:23,152 [1e7c2804-6315-4ea1-a19d-948e315fb9b4:group-E2322F3ACBE7:LeaderElection61] INFO  impl.LeaderElection (LeaderElection.java:logAndReturn(56)) - 1e7c2804-6315-4ea1-a19d-948e315fb9b4:group-E2322F3ACBE7:LeaderElection61: Election REJECTED; received 2 response(s) [1e7c2804-6315-4ea1-a19d-948e315fb9b4<-fbf37fd0-cd16-4237-a40d-69722fedc998#0:FAIL-t1, 1e7c2804-6315-4ea1-a19d-948e315fb9b4<-6820f5c3-6a00-4616-8415-97e192fe644d#0:FAIL-t1] and 0 exception(s); 1e7c2804-6315-4ea1-a19d-948e315fb9b4:t1, leader=null, voted=1e7c2804-6315-4ea1-a19d-948e315fb9b4, raftlog=1e7c2804-6315-4ea1-a19d-948e315fb9b4-SegmentedRaftLog:OPENED:c-1,f-1,i0, conf=-1: [1e7c2804-6315-4ea1-a19d-948e315fb9b4:192.168.69.79:45272, fbf37fd0-cd16-4237-a40d-69722fedc998:192.168.69.79:42262, 6820f5c3-6a00-4616-8415-97e192fe644d:192.168.69.79:34578], old=null
2019-09-06 21:00:23,152 [grpc-default-executor-4] INFO  impl.RaftServerImpl (ServerState.java:setLeader(263)) - fbf37fd0-cd16-4237-a40d-69722fedc998:group-E2322F3ACBE7 change Leader from null to 6820f5c3-6a00-4616-8415-97e192fe644d at term 1 for appendEntries, leader elected after 5214ms
2019-09-06 21:00:23,152 [d6006497-b0fb-42f8-ab26-f6c3c9c7f1ef:group-7524C19ECF18:LeaderElection60] INFO  impl.LeaderElection (LeaderElection.java:logAndReturn(56)) - d6006497-b0fb-42f8-ab26-f6c3c9c7f1ef:group-7524C19ECF18:LeaderElection60: Election REJECTED; received 2 response(s) [d6006497-b0fb-42f8-ab26-f6c3c9c7f1ef<-09e4882c-6b26-4422-8bfe-d1403bdd4066#0:FAIL-t1, d6006497-b0fb-42f8-ab26-f6c3c9c7f1ef<-f08ec93a-17fb-4985-ac3a-369735124bec#0:FAIL-t1] and 0 exception(s); d6006497-b0fb-42f8-ab26-f6c3c9c7f1ef:t1, leader=null, voted=d6006497-b0fb-42f8-ab26-f6c3c9c7f1ef, raftlog=d6006497-b0fb-42f8-ab26-f6c3c9c7f1ef-SegmentedRaftLog:OPENED:c-1,f-1,i0, conf=-1: [d6006497-b0fb-42f8-ab26-f6c3c9c7f1ef:192.168.69.79:36953, 09e4882c-6b26-4422-8bfe-d1403bdd4066:192.168.69.79:44025, f08ec93a-17fb-4985-ac3a-369735124bec:192.168.69.79:37055], old=null
2019-09-06 21:00:23,152 [grpc-default-executor-0] INFO  impl.RaftServerImpl (RaftServerImpl.java:setRole(171)) - 1e7c2804-6315-4ea1-a19d-948e315fb9b4:group-E2322F3ACBE7 changes role from CANDIDATE to FOLLOWER at term 1 for appendEntries
2019-09-06 21:00:23,152 [09e4882c-6b26-4422-8bfe-d1403bdd4066:group-7524C19ECF18:LeaderElection62] INFO  impl.RoleInfo (RoleInfo.java:updateAndGet(143)) - 09e4882c-6b26-4422-8bfe-d1403bdd4066: start FollowerState
2019-09-06 21:00:23,152 [grpc-default-executor-0] INFO  impl.RoleInfo (RoleInfo.java:shutdownLeaderElection(134)) - 1e7c2804-6315-4ea1-a19d-948e315fb9b4: shutdown LeaderElection
2019-09-06 21:00:23,152 [d6006497-b0fb-42f8-ab26-f6c3c9c7f1ef:group-7524C19ECF18:LeaderElection60] INFO  impl.RaftServerImpl (RaftServerImpl.java:setRole(171)) - d6006497-b0fb-42f8-ab26-f6c3c9c7f1ef:group-7524C19ECF18 changes role from CANDIDATE to FOLLOWER at term 1 for DISCOVERED_A_NEW_TERM
2019-09-06 21:00:23,153 [grpc-default-executor-0] INFO  impl.RoleInfo (RoleInfo.java:updateAndGet(143)) - 1e7c2804-6315-4ea1-a19d-948e315fb9b4: start FollowerState
2019-09-06 21:00:23,153 [d6006497-b0fb-42f8-ab26-f6c3c9c7f1ef:group-7524C19ECF18:LeaderElection60] INFO  impl.RoleInfo (RoleInfo.java:shutdownLeaderElection(134)) - d6006497-b0fb-42f8-ab26-f6c3c9c7f1ef: shutdown LeaderElection
2019-09-06 21:00:23,153 [grpc-default-executor-0] INFO  impl.RaftServerImpl (ServerState.java:setLeader(263)) - 1e7c2804-6315-4ea1-a19d-948e315fb9b4:group-E2322F3ACBE7 change Leader from null to 6820f5c3-6a00-4616-8415-97e192fe644d at term 1 for appendEntries, leader elected after 5216ms
2019-09-06 21:00:23,153 [d6006497-b0fb-42f8-ab26-f6c3c9c7f1ef:group-7524C19ECF18:LeaderElection60] INFO  impl.RoleInfo (RoleInfo.java:updateAndGet(143)) - d6006497-b0fb-42f8-ab26-f6c3c9c7f1ef: start FollowerState
2019-09-06 21:00:23,155 [grpc-default-executor-0] INFO  impl.RaftServerImpl (ServerState.java:setRaftConf(361)) - fbf37fd0-cd16-4237-a40d-69722fedc998:group-E2322F3ACBE7 set configuration 0: [1e7c2804-6315-4ea1-a19d-948e315fb9b4:192.168.69.79:45272, fbf37fd0-cd16-4237-a40d-69722fedc998:192.168.69.79:42262, 6820f5c3-6a00-4616-8415-97e192fe644d:192.168.69.79:34578], old=null at 0
2019-09-06 21:00:23,155 [grpc-default-executor-0] INFO  segmented.SegmentedRaftLogWorker (SegmentedRaftLogWorker.java:startLogSegment(380)) - fbf37fd0-cd16-4237-a40d-69722fedc998-SegmentedRaftLogWorker:Storage Directory /workdir/hadoop-ozone/integration-test/target/test-dir/MiniOzoneClusterImpl-a4353b45-efea-4a09-bf1c-6c3a3aa95231/datanode-4/data/ratis/6153a5fb-a965-494a-983f-e2322f3acbe7: Starting segment from index:0
2019-09-06 21:00:23,155 [grpc-default-executor-4] INFO  impl.RaftServerImpl (ServerState.java:setRaftConf(361)) - 1e7c2804-6315-4ea1-a19d-948e315fb9b4:group-E2322F3ACBE7 set configuration 0: [1e7c2804-6315-4ea1-a19d-948e315fb9b4:192.168.69.79:45272, fbf37fd0-cd16-4237-a40d-69722fedc998:192.168.69.79:42262, 6820f5c3-6a00-4616-8415-97e192fe644d:192.168.69.79:34578], old=null at 0
2019-09-06 21:00:23,155 [grpc-default-executor-4] INFO  segmented.SegmentedRaftLogWorker (SegmentedRaftLogWorker.java:startLogSegment(380)) - 1e7c2804-6315-4ea1-a19d-948e315fb9b4-SegmentedRaftLogWorker:Storage Directory /workdir/hadoop-ozone/integration-test/target/test-dir/MiniOzoneClusterImpl-a4353b45-efea-4a09-bf1c-6c3a3aa95231/datanode-0/data/ratis/6153a5fb-a965-494a-983f-e2322f3acbe7: Starting segment from index:0
2019-09-06 21:00:23,156 [f08ec93a-17fb-4985-ac3a-369735124bec:group-7524C19ECF18:LeaderElection63] INFO  impl.LeaderElection (LeaderElection.java:logAndReturn(56)) - f08ec93a-17fb-4985-ac3a-369735124bec:group-7524C19ECF18:LeaderElection63: Election REJECTED; received 2 response(s) [f08ec93a-17fb-4985-ac3a-369735124bec<-09e4882c-6b26-4422-8bfe-d1403bdd4066#0:FAIL-t1, f08ec93a-17fb-4985-ac3a-369735124bec<-d6006497-b0fb-42f8-ab26-f6c3c9c7f1ef#0:FAIL-t1] and 0 exception(s); f08ec93a-17fb-4985-ac3a-369735124bec:t1, leader=null, voted=f08ec93a-17fb-4985-ac3a-369735124bec, raftlog=f08ec93a-17fb-4985-ac3a-369735124bec-SegmentedRaftLog:OPENED:c-1,f-1,i0, conf=-1: [d6006497-b0fb-42f8-ab26-f6c3c9c7f1ef:192.168.69.79:36953, 09e4882c-6b26-4422-8bfe-d1403bdd4066:192.168.69.79:44025, f08ec93a-17fb-4985-ac3a-369735124bec:192.168.69.79:37055], old=null
2019-09-06 21:00:23,156 [f08ec93a-17fb-4985-ac3a-369735124bec:group-7524C19ECF18:LeaderElection63] INFO  impl.RaftServerImpl (RaftServerImpl.java:setRole(171)) - f08ec93a-17fb-4985-ac3a-369735124bec:group-7524C19ECF18 changes role from CANDIDATE to FOLLOWER at term 1 for DISCOVERED_A_NEW_TERM
2019-09-06 21:00:23,156 [f08ec93a-17fb-4985-ac3a-369735124bec:group-7524C19ECF18:LeaderElection63] INFO  impl.RoleInfo (RoleInfo.java:shutdownLeaderElection(134)) - f08ec93a-17fb-4985-ac3a-369735124bec: shutdown LeaderElection
2019-09-06 21:00:23,156 [f08ec93a-17fb-4985-ac3a-369735124bec:group-7524C19ECF18:LeaderElection63] INFO  impl.RoleInfo (RoleInfo.java:updateAndGet(143)) - f08ec93a-17fb-4985-ac3a-369735124bec: start FollowerState
2019-09-06 21:00:23,171 [6820f5c3-6a00-4616-8415-97e192fe644d-SegmentedRaftLogWorker:Storage Directory /workdir/hadoop-ozone/integration-test/target/test-dir/MiniOzoneClusterImpl-a4353b45-efea-4a09-bf1c-6c3a3aa95231/datanode-6/data/ratis/6153a5fb-a965-494a-983f-e2322f3acbe7] INFO  segmented.SegmentedRaftLogWorker (SegmentedRaftLogWorker.java:execute(569)) - 6820f5c3-6a00-4616-8415-97e192fe644d-SegmentedRaftLogWorker:Storage Directory /workdir/hadoop-ozone/integration-test/target/test-dir/MiniOzoneClusterImpl-a4353b45-efea-4a09-bf1c-6c3a3aa95231/datanode-6/data/ratis/6153a5fb-a965-494a-983f-e2322f3acbe7: created new log segment /workdir/hadoop-ozone/integration-test/target/test-dir/MiniOzoneClusterImpl-a4353b45-efea-4a09-bf1c-6c3a3aa95231/datanode-6/data/ratis/6153a5fb-a965-494a-983f-e2322f3acbe7/current/log_inprogress_0
2019-09-06 21:00:23,213 [1e7c2804-6315-4ea1-a19d-948e315fb9b4-SegmentedRaftLogWorker:Storage Directory /workdir/hadoop-ozone/integration-test/target/test-dir/MiniOzoneClusterImpl-a4353b45-efea-4a09-bf1c-6c3a3aa95231/datanode-0/data/ratis/6153a5fb-a965-494a-983f-e2322f3acbe7] INFO  segmented.SegmentedRaftLogWorker (SegmentedRaftLogWorker.java:execute(569)) - 1e7c2804-6315-4ea1-a19d-948e315fb9b4-SegmentedRaftLogWorker:Storage Directory /workdir/hadoop-ozone/integration-test/target/test-dir/MiniOzoneClusterImpl-a4353b45-efea-4a09-bf1c-6c3a3aa95231/datanode-0/data/ratis/6153a5fb-a965-494a-983f-e2322f3acbe7: created new log segment /workdir/hadoop-ozone/integration-test/target/test-dir/MiniOzoneClusterImpl-a4353b45-efea-4a09-bf1c-6c3a3aa95231/datanode-0/data/ratis/6153a5fb-a965-494a-983f-e2322f3acbe7/current/log_inprogress_0
2019-09-06 21:00:23,213 [fbf37fd0-cd16-4237-a40d-69722fedc998-SegmentedRaftLogWorker:Storage Directory /workdir/hadoop-ozone/integration-test/target/test-dir/MiniOzoneClusterImpl-a4353b45-efea-4a09-bf1c-6c3a3aa95231/datanode-4/data/ratis/6153a5fb-a965-494a-983f-e2322f3acbe7] INFO  segmented.SegmentedRaftLogWorker (SegmentedRaftLogWorker.java:execute(569)) - fbf37fd0-cd16-4237-a40d-69722fedc998-SegmentedRaftLogWorker:Storage Directory /workdir/hadoop-ozone/integration-test/target/test-dir/MiniOzoneClusterImpl-a4353b45-efea-4a09-bf1c-6c3a3aa95231/datanode-4/data/ratis/6153a5fb-a965-494a-983f-e2322f3acbe7: created new log segment /workdir/hadoop-ozone/integration-test/target/test-dir/MiniOzoneClusterImpl-a4353b45-efea-4a09-bf1c-6c3a3aa95231/datanode-4/data/ratis/6153a5fb-a965-494a-983f-e2322f3acbe7/current/log_inprogress_0
2019-09-06 21:00:23,864 [grpc-default-executor-4] INFO  client.GrpcClientProtocolClient (GrpcClientProtocolClient.java:onNext(255)) - client-BDA9335C03EB->1e7c2804-6315-4ea1-a19d-948e315fb9b4: receive RaftClientReply:client-BDA9335C03EB->1e7c2804-6315-4ea1-a19d-948e315fb9b4@group-E2322F3ACBE7, cid=175, FAILED org.apache.ratis.protocol.NotLeaderException: Server 1e7c2804-6315-4ea1-a19d-948e315fb9b4 is not the leader (6820f5c3-6a00-4616-8415-97e192fe644d:192.168.69.79:34578). Request must be sent to leader., logIndex=0, commits[1e7c2804-6315-4ea1-a19d-948e315fb9b4:c-1, fbf37fd0-cd16-4237-a40d-69722fedc998:c-1, 6820f5c3-6a00-4616-8415-97e192fe644d:c-1]
2019-09-06 21:00:24,053 [grpc-default-executor-0] INFO  client.GrpcClientProtocolClient (GrpcClientProtocolClient.java:onNext(255)) - client-BDA9335C03EB->6820f5c3-6a00-4616-8415-97e192fe644d: receive RaftClientReply:client-BDA9335C03EB->6820f5c3-6a00-4616-8415-97e192fe644d@group-E2322F3ACBE7, cid=175, SUCCESS, logIndex=1, commits[6820f5c3-6a00-4616-8415-97e192fe644d:c1, 1e7c2804-6315-4ea1-a19d-948e315fb9b4:c0, fbf37fd0-cd16-4237-a40d-69722fedc998:c0]
2019-09-06 21:00:24,068 [grpc-default-executor-8] INFO  client.GrpcClientProtocolClient (GrpcClientProtocolClient.java:onNext(255)) - client-BDA9335C03EB->6820f5c3-6a00-4616-8415-97e192fe644d: receive RaftClientReply:client-BDA9335C03EB->6820f5c3-6a00-4616-8415-97e192fe644d@group-E2322F3ACBE7, cid=176, SUCCESS, logIndex=3, commits[6820f5c3-6a00-4616-8415-97e192fe644d:c3, 1e7c2804-6315-4ea1-a19d-948e315fb9b4:c1, fbf37fd0-cd16-4237-a40d-69722fedc998:c1]
2019-09-06 21:00:24,145 [grpc-default-executor-4] INFO  client.GrpcClientProtocolClient (GrpcClientProtocolClient.java:onNext(255)) - client-BDA9335C03EB->6820f5c3-6a00-4616-8415-97e192fe644d: receive RaftClientReply:client-BDA9335C03EB->6820f5c3-6a00-4616-8415-97e192fe644d@group-E2322F3ACBE7, cid=177, SUCCESS, logIndex=4, commits[6820f5c3-6a00-4616-8415-97e192fe644d:c12, 1e7c2804-6315-4ea1-a19d-948e315fb9b4:c7, fbf37fd0-cd16-4237-a40d-69722fedc998:c7]
2019-09-06 21:00:24,148 [grpc-default-executor-4] INFO  client.GrpcClientProtocolClient (GrpcClientProtocolClient.java:onNext(255)) - client-BDA9335C03EB->6820f5c3-6a00-4616-8415-97e192fe644d: receive RaftClientReply:client-BDA9335C03EB->6820f5c3-6a00-4616-8415-97e192fe644d@group-E2322F3ACBE7, cid=178, SUCCESS, logIndex=5, commits[6820f5c3-6a00-4616-8415-97e192fe644d:c12, 1e7c2804-6315-4ea1-a19d-948e315fb9b4:c7, fbf37fd0-cd16-4237-a40d-69722fedc998:c7]
2019-09-06 21:00:24,148 [grpc-default-executor-4] INFO  client.GrpcClientProtocolClient (GrpcClientProtocolClient.java:onNext(255)) - client-BDA9335C03EB->6820f5c3-6a00-4616-8415-97e192fe644d: receive RaftClientReply:client-BDA9335C03EB->6820f5c3-6a00-4616-8415-97e192fe644d@group-E2322F3ACBE7, cid=179, SUCCESS, logIndex=6, commits[6820f5c3-6a00-4616-8415-97e192fe644d:c12, 1e7c2804-6315-4ea1-a19d-948e315fb9b4:c7, fbf37fd0-cd16-4237-a40d-69722fedc998:c7]
2019-09-06 21:00:24,306 [grpc-default-executor-4] INFO  client.GrpcClientProtocolClient (GrpcClientProtocolClient.java:onNext(255)) - client-BDA9335C03EB->6820f5c3-6a00-4616-8415-97e192fe644d: receive RaftClientReply:client-BDA9335C03EB->6820f5c3-6a00-4616-8415-97e192fe644d@group-E2322F3ACBE7, cid=180, SUCCESS, logIndex=7, commits[6820f5c3-6a00-4616-8415-97e192fe644d:c12, 1e7c2804-6315-4ea1-a19d-948e315fb9b4:c7, fbf37fd0-cd16-4237-a40d-69722fedc998:c7]
2019-09-06 21:00:24,331 [grpc-default-executor-4] INFO  client.GrpcClientProtocolClient (GrpcClientProtocolClient.java:onNext(255)) - client-BDA9335C03EB->6820f5c3-6a00-4616-8415-97e192fe644d: receive RaftClientReply:client-BDA9335C03EB->6820f5c3-6a00-4616-8415-97e192fe644d@group-E2322F3ACBE7, cid=181, SUCCESS, logIndex=13, commits[6820f5c3-6a00-4616-8415-97e192fe644d:c14, 1e7c2804-6315-4ea1-a19d-948e315fb9b4:c12, fbf37fd0-cd16-4237-a40d-69722fedc998:c12]
2019-09-06 21:00:24,332 [grpc-default-executor-4] INFO  client.GrpcClientProtocolClient (GrpcClientProtocolClient.java:onNext(255)) - client-BDA9335C03EB->6820f5c3-6a00-4616-8415-97e192fe644d: receive RaftClientReply:client-BDA9335C03EB->6820f5c3-6a00-4616-8415-97e192fe644d@group-E2322F3ACBE7, cid=182, SUCCESS, logIndex=14, commits[6820f5c3-6a00-4616-8415-97e192fe644d:c14, 1e7c2804-6315-4ea1-a19d-948e315fb9b4:c12, fbf37fd0-cd16-4237-a40d-69722fedc998:c12]
2019-09-06 21:00:24,352 [grpc-default-executor-4] INFO  client.GrpcClientProtocolClient (GrpcClientProtocolClient.java:onNext(255)) - client-BDA9335C03EB->6820f5c3-6a00-4616-8415-97e192fe644d: receive RaftClientReply:client-BDA9335C03EB->6820f5c3-6a00-4616-8415-97e192fe644d@group-E2322F3ACBE7, cid=183, SUCCESS, logIndex=0, commits[6820f5c3-6a00-4616-8415-97e192fe644d:c16, 1e7c2804-6315-4ea1-a19d-948e315fb9b4:c14, fbf37fd0-cd16-4237-a40d-69722fedc998:c14]
2019-09-06 21:00:25,036 [Datanode State Machine Thread - 0] INFO  statemachine.DatanodeStateMachine (DatanodeStateMachine.java:lambda$startDaemon$0(350)) - Ozone container server started.
2019-09-06 21:00:28,207 [Thread-3359] INFO  impl.FollowerState (FollowerState.java:run(106)) - f08ec93a-17fb-4985-ac3a-369735124bec:group-7524C19ECF18 changes to CANDIDATE, lastRpcTime:5050, electionTimeout:5050ms
2019-09-06 21:00:28,207 [Thread-3359] INFO  impl.RoleInfo (RoleInfo.java:shutdownFollowerState(121)) - f08ec93a-17fb-4985-ac3a-369735124bec: shutdown FollowerState
2019-09-06 21:00:28,207 [Thread-3359] INFO  impl.RaftServerImpl (RaftServerImpl.java:setRole(171)) - f08ec93a-17fb-4985-ac3a-369735124bec:group-7524C19ECF18 changes role from FOLLOWER to CANDIDATE at term 1 for changeToCandidate
2019-09-06 21:00:28,207 [Thread-3359] INFO  impl.RoleInfo (RoleInfo.java:updateAndGet(143)) - f08ec93a-17fb-4985-ac3a-369735124bec: start LeaderElection
2019-09-06 21:00:28,237 [f08ec93a-17fb-4985-ac3a-369735124bec:group-7524C19ECF18:LeaderElection64] INFO  impl.LeaderElection (LeaderElection.java:askForVotes(181)) - f08ec93a-17fb-4985-ac3a-369735124bec:group-7524C19ECF18:LeaderElection64: begin an election at term 2 for -1: [d6006497-b0fb-42f8-ab26-f6c3c9c7f1ef:192.168.69.79:36953, 09e4882c-6b26-4422-8bfe-d1403bdd4066:192.168.69.79:44025, f08ec93a-17fb-4985-ac3a-369735124bec:192.168.69.79:37055], old=null
2019-09-06 21:00:28,240 [grpc-default-executor-4] INFO  impl.RaftServerImpl (RaftServerImpl.java:setRole(171)) - d6006497-b0fb-42f8-ab26-f6c3c9c7f1ef:group-7524C19ECF18 changes role from FOLLOWER to FOLLOWER at term 2 for recognizeCandidate:f08ec93a-17fb-4985-ac3a-369735124bec
2019-09-06 21:00:28,240 [grpc-default-executor-7] INFO  impl.RaftServerImpl (RaftServerImpl.java:setRole(171)) - 09e4882c-6b26-4422-8bfe-d1403bdd4066:group-7524C19ECF18 changes role from FOLLOWER to FOLLOWER at term 2 for recognizeCandidate:f08ec93a-17fb-4985-ac3a-369735124bec
2019-09-06 21:00:28,240 [grpc-default-executor-4] INFO  impl.RoleInfo (RoleInfo.java:shutdownFollowerState(121)) - d6006497-b0fb-42f8-ab26-f6c3c9c7f1ef: shutdown FollowerState
2019-09-06 21:00:28,241 [grpc-default-executor-7] INFO  impl.RoleInfo (RoleInfo.java:shutdownFollowerState(121)) - 09e4882c-6b26-4422-8bfe-d1403bdd4066: shutdown FollowerState
2019-09-06 21:00:28,241 [Thread-3357] INFO  impl.FollowerState (FollowerState.java:run(114)) - d6006497-b0fb-42f8-ab26-f6c3c9c7f1ef: FollowerState was interrupted: java.lang.InterruptedException: sleep interrupted
2019-09-06 21:00:28,241 [grpc-default-executor-4] INFO  impl.RoleInfo (RoleInfo.java:updateAndGet(143)) - d6006497-b0fb-42f8-ab26-f6c3c9c7f1ef: start FollowerState
2019-09-06 21:00:28,241 [Thread-3354] INFO  impl.FollowerState (FollowerState.java:run(114)) - 09e4882c-6b26-4422-8bfe-d1403bdd4066: FollowerState was interrupted: java.lang.InterruptedException: sleep interrupted
2019-09-06 21:00:28,241 [grpc-default-executor-7] INFO  impl.RoleInfo (RoleInfo.java:updateAndGet(143)) - 09e4882c-6b26-4422-8bfe-d1403bdd4066: start FollowerState
2019-09-06 21:00:28,271 [f08ec93a-17fb-4985-ac3a-369735124bec:group-7524C19ECF18:LeaderElection64] INFO  impl.LeaderElection (LeaderElection.java:logAndReturn(56)) - f08ec93a-17fb-4985-ac3a-369735124bec:group-7524C19ECF18:LeaderElection64: Election PASSED; received 1 response(s) [f08ec93a-17fb-4985-ac3a-369735124bec<-d6006497-b0fb-42f8-ab26-f6c3c9c7f1ef#0:OK-t2] and 0 exception(s); f08ec93a-17fb-4985-ac3a-369735124bec:t2, leader=null, voted=f08ec93a-17fb-4985-ac3a-369735124bec, raftlog=f08ec93a-17fb-4985-ac3a-369735124bec-SegmentedRaftLog:OPENED:c-1,f-1,i0, conf=-1: [d6006497-b0fb-42f8-ab26-f6c3c9c7f1ef:192.168.69.79:36953, 09e4882c-6b26-4422-8bfe-d1403bdd4066:192.168.69.79:44025, f08ec93a-17fb-4985-ac3a-369735124bec:192.168.69.79:37055], old=null
2019-09-06 21:00:28,271 [f08ec93a-17fb-4985-ac3a-369735124bec:group-7524C19ECF18:LeaderElection64] INFO  impl.RoleInfo (RoleInfo.java:shutdownLeaderElection(134)) - f08ec93a-17fb-4985-ac3a-369735124bec: shutdown LeaderElection
2019-09-06 21:00:28,272 [f08ec93a-17fb-4985-ac3a-369735124bec:group-7524C19ECF18:LeaderElection64] INFO  impl.RaftServerImpl (RaftServerImpl.java:setRole(171)) - f08ec93a-17fb-4985-ac3a-369735124bec:group-7524C19ECF18 changes role from CANDIDATE to LEADER at term 2 for changeToLeader
2019-09-06 21:00:28,272 [f08ec93a-17fb-4985-ac3a-369735124bec:group-7524C19ECF18:LeaderElection64] INFO  impl.RaftServerImpl (ServerState.java:setLeader(263)) - f08ec93a-17fb-4985-ac3a-369735124bec:group-7524C19ECF18 change Leader from null to f08ec93a-17fb-4985-ac3a-369735124bec at term 2 for becomeLeader, leader elected after 10258ms
2019-09-06 21:00:28,272 [f08ec93a-17fb-4985-ac3a-369735124bec:group-7524C19ECF18:LeaderElection64] INFO  server.RaftServerConfigKeys (ConfUtils.java:logGet(43)) - raft.server.staging.catchup.gap = 1000 (default)
2019-09-06 21:00:28,272 [f08ec93a-17fb-4985-ac3a-369735124bec:group-7524C19ECF18:LeaderElection64] INFO  server.RaftServerConfigKeys (ConfUtils.java:logGet(43)) - raft.server.rpc.sleep.time = 25ms (default)
2019-09-06 21:00:28,273 [f08ec93a-17fb-4985-ac3a-369735124bec:group-7524C19ECF18:LeaderElection64] INFO  server.RaftServerConfigKeys (ConfUtils.java:logGet(43)) - raft.server.write.element-limit = 4096 (default)
2019-09-06 21:00:28,273 [f08ec93a-17fb-4985-ac3a-369735124bec:group-7524C19ECF18:LeaderElection64] INFO  server.RaftServerConfigKeys (ConfUtils.java:logGet(43)) - raft.server.watch.timeout = 10s (default)
2019-09-06 21:00:28,273 [f08ec93a-17fb-4985-ac3a-369735124bec:group-7524C19ECF18:LeaderElection64] INFO  server.RaftServerConfigKeys (ConfUtils.java:logGet(43)) - raft.server.watch.timeout.denomination = 1s (default)
2019-09-06 21:00:28,273 [f08ec93a-17fb-4985-ac3a-369735124bec:group-7524C19ECF18:LeaderElection64] INFO  server.RaftServerConfigKeys (ConfUtils.java:logGet(43)) - raft.server.watch.element-limit = 65536 (default)
2019-09-06 21:00:28,273 [f08ec93a-17fb-4985-ac3a-369735124bec:group-7524C19ECF18:LeaderElection64] INFO  server.RaftServerConfigKeys (ConfUtils.java:logGet(43)) - raft.server.log.appender.snapshot.chunk.size.max = 16MB (=16777216) (default)
2019-09-06 21:00:28,274 [f08ec93a-17fb-4985-ac3a-369735124bec:group-7524C19ECF18:LeaderElection64] INFO  server.RaftServerConfigKeys (ConfUtils.java:logGet(43)) - raft.server.log.appender.buffer.byte-limit = 33554432 (custom)
2019-09-06 21:00:28,274 [f08ec93a-17fb-4985-ac3a-369735124bec:group-7524C19ECF18:LeaderElection64] INFO  server.RaftServerConfigKeys (ConfUtils.java:logGet(43)) - raft.server.log.appender.buffer.element-limit = 1 (custom)
2019-09-06 21:00:28,274 [f08ec93a-17fb-4985-ac3a-369735124bec:group-7524C19ECF18:LeaderElection64] INFO  grpc.GrpcConfigKeys$Server (ConfUtils.java:logGet(43)) - raft.grpc.server.leader.outstanding.appends.max = 128 (default)
2019-09-06 21:00:28,274 [f08ec93a-17fb-4985-ac3a-369735124bec:group-7524C19ECF18:LeaderElection64] INFO  server.RaftServerConfigKeys (ConfUtils.java:logGet(43)) - raft.server.rpc.request.timeout = 3000ms (default)
2019-09-06 21:00:28,275 [f08ec93a-17fb-4985-ac3a-369735124bec:group-7524C19ECF18:LeaderElection64] INFO  server.RaftServerConfigKeys (ConfUtils.java:logGet(43)) - raft.server.log.appender.install.snapshot.enabled = false (custom)
2019-09-06 21:00:28,275 [f08ec93a-17fb-4985-ac3a-369735124bec:group-7524C19ECF18:LeaderElection64] INFO  server.RaftServerConfigKeys (ConfUtils.java:logGet(43)) - raft.server.log.appender.snapshot.chunk.size.max = 16MB (=16777216) (default)
2019-09-06 21:00:28,275 [f08ec93a-17fb-4985-ac3a-369735124bec:group-7524C19ECF18:LeaderElection64] INFO  server.RaftServerConfigKeys (ConfUtils.java:logGet(43)) - raft.server.log.appender.buffer.byte-limit = 33554432 (custom)
2019-09-06 21:00:28,275 [f08ec93a-17fb-4985-ac3a-369735124bec:group-7524C19ECF18:LeaderElection64] INFO  server.RaftServerConfigKeys (ConfUtils.java:logGet(43)) - raft.server.log.appender.buffer.element-limit = 1 (custom)
2019-09-06 21:00:28,276 [f08ec93a-17fb-4985-ac3a-369735124bec:group-7524C19ECF18:LeaderElection64] INFO  grpc.GrpcConfigKeys$Server (ConfUtils.java:logGet(43)) - raft.grpc.server.leader.outstanding.appends.max = 128 (default)
2019-09-06 21:00:28,276 [f08ec93a-17fb-4985-ac3a-369735124bec:group-7524C19ECF18:LeaderElection64] INFO  server.RaftServerConfigKeys (ConfUtils.java:logGet(43)) - raft.server.rpc.request.timeout = 3000ms (default)
2019-09-06 21:00:28,276 [f08ec93a-17fb-4985-ac3a-369735124bec:group-7524C19ECF18:LeaderElection64] INFO  server.RaftServerConfigKeys (ConfUtils.java:logGet(43)) - raft.server.log.appender.install.snapshot.enabled = false (custom)
2019-09-06 21:00:28,276 [f08ec93a-17fb-4985-ac3a-369735124bec:group-7524C19ECF18:LeaderElection64] INFO  impl.RoleInfo (RoleInfo.java:updateAndGet(143)) - f08ec93a-17fb-4985-ac3a-369735124bec: start LeaderState
2019-09-06 21:00:28,277 [f08ec93a-17fb-4985-ac3a-369735124bec:group-7524C19ECF18:LeaderElection64] INFO  segmented.SegmentedRaftLogWorker (SegmentedRaftLogWorker.java:startLogSegment(380)) - f08ec93a-17fb-4985-ac3a-369735124bec-SegmentedRaftLogWorker:Storage Directory /workdir/hadoop-ozone/integration-test/target/test-dir/MiniOzoneClusterImpl-a4353b45-efea-4a09-bf1c-6c3a3aa95231/datanode-5/data/ratis/96668254-eba9-4934-96d7-7524c19ecf18: Starting segment from index:0
2019-09-06 21:00:28,278 [f08ec93a-17fb-4985-ac3a-369735124bec:group-7524C19ECF18:LeaderElection64] INFO  impl.RaftServerImpl (ServerState.java:setRaftConf(361)) - f08ec93a-17fb-4985-ac3a-369735124bec:group-7524C19ECF18 set configuration 0: [d6006497-b0fb-42f8-ab26-f6c3c9c7f1ef:192.168.69.79:36953, 09e4882c-6b26-4422-8bfe-d1403bdd4066:192.168.69.79:44025, f08ec93a-17fb-4985-ac3a-369735124bec:192.168.69.79:37055], old=null at 0
2019-09-06 21:00:28,279 [grpc-default-executor-7] INFO  impl.RaftServerImpl (ServerState.java:setLeader(263)) - d6006497-b0fb-42f8-ab26-f6c3c9c7f1ef:group-7524C19ECF18 change Leader from null to f08ec93a-17fb-4985-ac3a-369735124bec at term 2 for appendEntries, leader elected after 10265ms
2019-09-06 21:00:28,280 [grpc-default-executor-4] INFO  impl.RaftServerImpl (ServerState.java:setLeader(263)) - 09e4882c-6b26-4422-8bfe-d1403bdd4066:group-7524C19ECF18 change Leader from null to f08ec93a-17fb-4985-ac3a-369735124bec at term 2 for appendEntries, leader elected after 10266ms
2019-09-06 21:00:28,282 [grpc-default-executor-7] INFO  impl.RaftServerImpl (ServerState.java:setRaftConf(361)) - d6006497-b0fb-42f8-ab26-f6c3c9c7f1ef:group-7524C19ECF18 set configuration 0: [d6006497-b0fb-42f8-ab26-f6c3c9c7f1ef:192.168.69.79:36953, 09e4882c-6b26-4422-8bfe-d1403bdd4066:192.168.69.79:44025, f08ec93a-17fb-4985-ac3a-369735124bec:192.168.69.79:37055], old=null at 0
2019-09-06 21:00:28,283 [grpc-default-executor-7] INFO  segmented.SegmentedRaftLogWorker (SegmentedRaftLogWorker.java:startLogSegment(380)) - d6006497-b0fb-42f8-ab26-f6c3c9c7f1ef-SegmentedRaftLogWorker:Storage Directory /workdir/hadoop-ozone/integration-test/target/test-dir/MiniOzoneClusterImpl-a4353b45-efea-4a09-bf1c-6c3a3aa95231/datanode-1/data/ratis/96668254-eba9-4934-96d7-7524c19ecf18: Starting segment from index:0
2019-09-06 21:00:28,283 [grpc-default-executor-4] INFO  impl.RaftServerImpl (ServerState.java:setRaftConf(361)) - 09e4882c-6b26-4422-8bfe-d1403bdd4066:group-7524C19ECF18 set configuration 0: [d6006497-b0fb-42f8-ab26-f6c3c9c7f1ef:192.168.69.79:36953, 09e4882c-6b26-4422-8bfe-d1403bdd4066:192.168.69.79:44025, f08ec93a-17fb-4985-ac3a-369735124bec:192.168.69.79:37055], old=null at 0
2019-09-06 21:00:28,283 [grpc-default-executor-4] INFO  segmented.SegmentedRaftLogWorker (SegmentedRaftLogWorker.java:startLogSegment(380)) - 09e4882c-6b26-4422-8bfe-d1403bdd4066-SegmentedRaftLogWorker:Storage Directory /workdir/hadoop-ozone/integration-test/target/test-dir/MiniOzoneClusterImpl-a4353b45-efea-4a09-bf1c-6c3a3aa95231/datanode-3/data/ratis/96668254-eba9-4934-96d7-7524c19ecf18: Starting segment from index:0
2019-09-06 21:00:28,332 [f08ec93a-17fb-4985-ac3a-369735124bec-SegmentedRaftLogWorker:Storage Directory /workdir/hadoop-ozone/integration-test/target/test-dir/MiniOzoneClusterImpl-a4353b45-efea-4a09-bf1c-6c3a3aa95231/datanode-5/data/ratis/96668254-eba9-4934-96d7-7524c19ecf18] INFO  segmented.SegmentedRaftLogWorker (SegmentedRaftLogWorker.java:execute(569)) - f08ec93a-17fb-4985-ac3a-369735124bec-SegmentedRaftLogWorker:Storage Directory /workdir/hadoop-ozone/integration-test/target/test-dir/MiniOzoneClusterImpl-a4353b45-efea-4a09-bf1c-6c3a3aa95231/datanode-5/data/ratis/96668254-eba9-4934-96d7-7524c19ecf18: created new log segment /workdir/hadoop-ozone/integration-test/target/test-dir/MiniOzoneClusterImpl-a4353b45-efea-4a09-bf1c-6c3a3aa95231/datanode-5/data/ratis/96668254-eba9-4934-96d7-7524c19ecf18/current/log_inprogress_0
2019-09-06 21:00:28,354 [09e4882c-6b26-4422-8bfe-d1403bdd4066-SegmentedRaftLogWorker:Storage Directory /workdir/hadoop-ozone/integration-test/target/test-dir/MiniOzoneClusterImpl-a4353b45-efea-4a09-bf1c-6c3a3aa95231/datanode-3/data/ratis/96668254-eba9-4934-96d7-7524c19ecf18] INFO  segmented.SegmentedRaftLogWorker (SegmentedRaftLogWorker.java:execute(569)) - 09e4882c-6b26-4422-8bfe-d1403bdd4066-SegmentedRaftLogWorker:Storage Directory /workdir/hadoop-ozone/integration-test/target/test-dir/MiniOzoneClusterImpl-a4353b45-efea-4a09-bf1c-6c3a3aa95231/datanode-3/data/ratis/96668254-eba9-4934-96d7-7524c19ecf18: created new log segment /workdir/hadoop-ozone/integration-test/target/test-dir/MiniOzoneClusterImpl-a4353b45-efea-4a09-bf1c-6c3a3aa95231/datanode-3/data/ratis/96668254-eba9-4934-96d7-7524c19ecf18/current/log_inprogress_0
2019-09-06 21:00:28,354 [d6006497-b0fb-42f8-ab26-f6c3c9c7f1ef-SegmentedRaftLogWorker:Storage Directory /workdir/hadoop-ozone/integration-test/target/test-dir/MiniOzoneClusterImpl-a4353b45-efea-4a09-bf1c-6c3a3aa95231/datanode-1/data/ratis/96668254-eba9-4934-96d7-7524c19ecf18] INFO  segmented.SegmentedRaftLogWorker (SegmentedRaftLogWorker.java:execute(569)) - d6006497-b0fb-42f8-ab26-f6c3c9c7f1ef-SegmentedRaftLogWorker:Storage Directory /workdir/hadoop-ozone/integration-test/target/test-dir/MiniOzoneClusterImpl-a4353b45-efea-4a09-bf1c-6c3a3aa95231/datanode-1/data/ratis/96668254-eba9-4934-96d7-7524c19ecf18: created new log segment /workdir/hadoop-ozone/integration-test/target/test-dir/MiniOzoneClusterImpl-a4353b45-efea-4a09-bf1c-6c3a3aa95231/datanode-1/data/ratis/96668254-eba9-4934-96d7-7524c19ecf18/current/log_inprogress_0
2019-09-06 21:00:29,114 [EventQueue-StaleNodeForStaleNodeHandler] INFO  node.StaleNodeHandler (StaleNodeHandler.java:onMessage(58)) - Datanode 6820f5c3-6a00-4616-8415-97e192fe644d{ip: 192.168.69.79, host: pr-hdds-2087-j7wfl-3989464410, networkLocation: /default-rack, certSerialId: null} moved to stale state. Finalizing its pipelines [PipelineID=558b38c7-df04-4a90-8aa6-18d7bdd57a1a, PipelineID=6153a5fb-a965-494a-983f-e2322f3acbe7]
2019-09-06 21:00:29,114 [EventQueue-StaleNodeForStaleNodeHandler] INFO  pipeline.SCMPipelineManager (SCMPipelineManager.java:finalizeAndDestroyPipeline(311)) - destroying pipeline:Pipeline[ Id: 558b38c7-df04-4a90-8aa6-18d7bdd57a1a, Nodes: 6820f5c3-6a00-4616-8415-97e192fe644d{ip: 192.168.69.79, host: pr-hdds-2087-j7wfl-3989464410, networkLocation: /default-rack, certSerialId: null}, Type:RATIS, Factor:ONE, State:OPEN]
2019-09-06 21:00:29,114 [EventQueue-StaleNodeForStaleNodeHandler] INFO  pipeline.PipelineStateManager (PipelineStateManager.java:finalizePipeline(123)) - Pipeline Pipeline[ Id: 558b38c7-df04-4a90-8aa6-18d7bdd57a1a, Nodes: 6820f5c3-6a00-4616-8415-97e192fe644d{ip: 192.168.69.79, host: pr-hdds-2087-j7wfl-3989464410, networkLocation: /default-rack, certSerialId: null}, Type:RATIS, Factor:ONE, State:CLOSED] moved to CLOSED state
2019-09-06 21:00:29,115 [EventQueue-StaleNodeForStaleNodeHandler] INFO  pipeline.SCMPipelineManager (SCMPipelineManager.java:finalizeAndDestroyPipeline(311)) - destroying pipeline:Pipeline[ Id: 6153a5fb-a965-494a-983f-e2322f3acbe7, Nodes: 6820f5c3-6a00-4616-8415-97e192fe644d{ip: 192.168.69.79, host: pr-hdds-2087-j7wfl-3989464410, networkLocation: /default-rack, certSerialId: null}1e7c2804-6315-4ea1-a19d-948e315fb9b4{ip: 192.168.69.79, host: pr-hdds-2087-j7wfl-3989464410, networkLocation: /default-rack, certSerialId: null}fbf37fd0-cd16-4237-a40d-69722fedc998{ip: 192.168.69.79, host: pr-hdds-2087-j7wfl-3989464410, networkLocation: /default-rack, certSerialId: null}, Type:RATIS, Factor:THREE, State:OPEN]
2019-09-06 21:00:29,115 [EventQueue-StaleNodeForStaleNodeHandler] INFO  pipeline.PipelineStateManager (PipelineStateManager.java:finalizePipeline(123)) - Pipeline Pipeline[ Id: 6153a5fb-a965-494a-983f-e2322f3acbe7, Nodes: 6820f5c3-6a00-4616-8415-97e192fe644d{ip: 192.168.69.79, host: pr-hdds-2087-j7wfl-3989464410, networkLocation: /default-rack, certSerialId: null}1e7c2804-6315-4ea1-a19d-948e315fb9b4{ip: 192.168.69.79, host: pr-hdds-2087-j7wfl-3989464410, networkLocation: /default-rack, certSerialId: null}fbf37fd0-cd16-4237-a40d-69722fedc998{ip: 192.168.69.79, host: pr-hdds-2087-j7wfl-3989464410, networkLocation: /default-rack, certSerialId: null}, Type:RATIS, Factor:THREE, State:CLOSED] moved to CLOSED state
2019-09-06 21:00:29,116 [EventQueue-CloseContainerForCloseContainerEventHandler] INFO  container.CloseContainerEventHandler (CloseContainerEventHandler.java:onMessage(61)) - Close container Event triggered for container : #1
2019-09-06 21:00:29,354 [main] INFO  ozoneimpl.OzoneContainer (OzoneContainer.java:stop(230)) - Attempting to stop container services.
2019-09-06 21:00:29,354 [main] INFO  impl.RaftServerProxy (RaftServerProxy.java:lambda$close$4(314)) - 6820f5c3-6a00-4616-8415-97e192fe644d: close
2019-09-06 21:00:29,355 [main] INFO  impl.RaftServerImpl (RaftServerImpl.java:lambda$shutdown$3(245)) - 6820f5c3-6a00-4616-8415-97e192fe644d: shutdown group-18D7BDD57A1A
2019-09-06 21:00:29,355 [main] INFO  util.JmxRegister (JmxRegister.java:unregister(73)) - Successfully un-registered JMX Bean with object name Ratis:service=RaftServer,group=group-18D7BDD57A1A,id=6820f5c3-6a00-4616-8415-97e192fe644d
2019-09-06 21:00:29,356 [main] INFO  impl.RoleInfo (RoleInfo.java:shutdownLeaderState(104)) - 6820f5c3-6a00-4616-8415-97e192fe644d: shutdown LeaderState
2019-09-06 21:00:29,356 [main] INFO  impl.PendingRequests (PendingRequests.java:sendNotLeaderResponses(202)) - 6820f5c3-6a00-4616-8415-97e192fe644d-PendingRequests: sendNotLeaderResponses
2019-09-06 21:00:29,356 [main] INFO  impl.StateMachineUpdater (StateMachineUpdater.java:stopAndJoin(115)) - StateMachineUpdater:6820f5c3-6a00-4616-8415-97e192fe644d:group-18D7BDD57A1A: set stopIndex = 0
2019-09-06 21:00:29,357 [main] INFO  impl.RaftServerImpl (ServerState.java:close(394)) - 6820f5c3-6a00-4616-8415-97e192fe644d:group-18D7BDD57A1A closes. The last applied log index is 0
2019-09-06 21:00:29,357 [6820f5c3-6a00-4616-8415-97e192fe644d-SegmentedRaftLogWorker:Storage Directory /workdir/hadoop-ozone/integration-test/target/test-dir/MiniOzoneClusterImpl-a4353b45-efea-4a09-bf1c-6c3a3aa95231/datanode-6/data/ratis/558b38c7-df04-4a90-8aa6-18d7bdd57a1a] INFO  segmented.SegmentedRaftLogWorker (SegmentedRaftLogWorker.java:run(313)) - 6820f5c3-6a00-4616-8415-97e192fe644d-SegmentedRaftLogWorker:Storage Directory /workdir/hadoop-ozone/integration-test/target/test-dir/MiniOzoneClusterImpl-a4353b45-efea-4a09-bf1c-6c3a3aa95231/datanode-6/data/ratis/558b38c7-df04-4a90-8aa6-18d7bdd57a1a was interrupted, exiting. There are 0 tasks remaining in the queue.
2019-09-06 21:00:29,361 [main] INFO  segmented.SegmentedRaftLogWorker (SegmentedRaftLogWorker.java:close(228)) - 6820f5c3-6a00-4616-8415-97e192fe644d-SegmentedRaftLogWorker:Storage Directory /workdir/hadoop-ozone/integration-test/target/test-dir/MiniOzoneClusterImpl-a4353b45-efea-4a09-bf1c-6c3a3aa95231/datanode-6/data/ratis/558b38c7-df04-4a90-8aa6-18d7bdd57a1a close()
2019-09-06 21:00:29,366 [main] INFO  impl.RaftServerImpl (RaftServerImpl.java:lambda$shutdown$3(245)) - 6820f5c3-6a00-4616-8415-97e192fe644d: shutdown group-E2322F3ACBE7
2019-09-06 21:00:29,366 [main] INFO  util.JmxRegister (JmxRegister.java:unregister(73)) - Successfully un-registered JMX Bean with object name Ratis:service=RaftServer,group=group-E2322F3ACBE7,id=6820f5c3-6a00-4616-8415-97e192fe644d
2019-09-06 21:00:29,366 [main] INFO  impl.RoleInfo (RoleInfo.java:shutdownLeaderState(104)) - 6820f5c3-6a00-4616-8415-97e192fe644d: shutdown LeaderState
2019-09-06 21:00:29,371 [main] INFO  impl.PendingRequests (PendingRequests.java:sendNotLeaderResponses(202)) - 6820f5c3-6a00-4616-8415-97e192fe644d-PendingRequests: sendNotLeaderResponses
2019-09-06 21:00:29,371 [org.apache.ratis.server.impl.LogAppender$AppenderDaemon$$Lambda$510/621472309@6ed8f40] WARN  server.GrpcLogAppender (GrpcLogAppender.java:mayWait(143)) - GrpcLogAppender(6820f5c3-6a00-4616-8415-97e192fe644d->fbf37fd0-cd16-4237-a40d-69722fedc998): Wait interrupted by java.lang.InterruptedException
2019-09-06 21:00:29,371 [org.apache.ratis.server.impl.LogAppender$AppenderDaemon$$Lambda$510/621472309@43ef1959] WARN  server.GrpcLogAppender (GrpcLogAppender.java:mayWait(143)) - GrpcLogAppender(6820f5c3-6a00-4616-8415-97e192fe644d->1e7c2804-6315-4ea1-a19d-948e315fb9b4): Wait interrupted by java.lang.InterruptedException
2019-09-06 21:00:29,376 [main] INFO  impl.StateMachineUpdater (StateMachineUpdater.java:stopAndJoin(115)) - StateMachineUpdater:6820f5c3-6a00-4616-8415-97e192fe644d:group-E2322F3ACBE7: set stopIndex = 16
2019-09-06 21:00:29,376 [grpc-default-executor-4] INFO  server.GrpcServerProtocolService (GrpcServerProtocolService.java:onCompleted(104)) - 1e7c2804-6315-4ea1-a19d-948e315fb9b4: appendEntries completed
2019-09-06 21:00:29,376 [grpc-default-executor-7] INFO  server.GrpcServerProtocolService (GrpcServerProtocolService.java:onCompleted(104)) - fbf37fd0-cd16-4237-a40d-69722fedc998: appendEntries completed
2019-09-06 21:00:29,376 [StateMachineUpdater:6820f5c3-6a00-4616-8415-97e192fe644d:group-E2322F3ACBE7] INFO  ratis.ContainerStateMachine (ContainerStateMachine.java:takeSnapshot(284)) - group-E2322F3ACBE7: Taking a snapshot at:(t:1, i:14) file /workdir/hadoop-ozone/integration-test/target/test-dir/MiniOzoneClusterImpl-a4353b45-efea-4a09-bf1c-6c3a3aa95231/datanode-6/data/ratis/6153a5fb-a965-494a-983f-e2322f3acbe7/sm/snapshot.1_14
2019-09-06 21:00:29,377 [grpc-default-executor-4] INFO  server.GrpcLogAppender (GrpcLogAppender.java:onCompleted(292)) - 6820f5c3-6a00-4616-8415-97e192fe644d->1e7c2804-6315-4ea1-a19d-948e315fb9b4: follower responses appendEntries COMPLETED
2019-09-06 21:00:29,377 [grpc-default-executor-7] INFO  server.GrpcLogAppender (GrpcLogAppender.java:onCompleted(292)) - 6820f5c3-6a00-4616-8415-97e192fe644d->fbf37fd0-cd16-4237-a40d-69722fedc998: follower responses appendEntries COMPLETED
2019-09-06 21:00:29,378 [grpc-default-executor-4] INFO  impl.FollowerInfo (FollowerInfo.java:lambda$new$0(50)) - 6820f5c3-6a00-4616-8415-97e192fe644d->1e7c2804-6315-4ea1-a19d-948e315fb9b4: nextIndex: updateUnconditionally 17 -> 16
2019-09-06 21:00:29,378 [grpc-default-executor-7] INFO  impl.FollowerInfo (FollowerInfo.java:lambda$new$0(50)) - 6820f5c3-6a00-4616-8415-97e192fe644d->fbf37fd0-cd16-4237-a40d-69722fedc998: nextIndex: updateUnconditionally 17 -> 16
2019-09-06 21:00:29,392 [StateMachineUpdater:6820f5c3-6a00-4616-8415-97e192fe644d:group-E2322F3ACBE7] INFO  ratis.ContainerStateMachine (ContainerStateMachine.java:takeSnapshot(295)) - group-E2322F3ACBE7: Finished taking a snapshot at:(t:1, i:14) file:/workdir/hadoop-ozone/integration-test/target/test-dir/MiniOzoneClusterImpl-a4353b45-efea-4a09-bf1c-6c3a3aa95231/datanode-6/data/ratis/6153a5fb-a965-494a-983f-e2322f3acbe7/sm/snapshot.1_14 time:16
2019-09-06 21:00:29,393 [StateMachineUpdater:6820f5c3-6a00-4616-8415-97e192fe644d:group-E2322F3ACBE7] INFO  impl.StateMachineUpdater (StateMachineUpdater.java:takeSnapshot(242)) - StateMachineUpdater:6820f5c3-6a00-4616-8415-97e192fe644d:group-E2322F3ACBE7: Took a snapshot at index 14
2019-09-06 21:00:29,393 [StateMachineUpdater:6820f5c3-6a00-4616-8415-97e192fe644d:group-E2322F3ACBE7] INFO  impl.StateMachineUpdater (StateMachineUpdater.java:lambda$new$0(80)) - StateMachineUpdater:6820f5c3-6a00-4616-8415-97e192fe644d:group-E2322F3ACBE7: snapshotIndex: updateIncreasingly -1 -> 14
2019-09-06 21:00:29,393 [main] INFO  impl.RaftServerImpl (ServerState.java:close(394)) - 6820f5c3-6a00-4616-8415-97e192fe644d:group-E2322F3ACBE7 closes. The last applied log index is 16
2019-09-06 21:00:29,394 [6820f5c3-6a00-4616-8415-97e192fe644d-SegmentedRaftLogWorker:Storage Directory /workdir/hadoop-ozone/integration-test/target/test-dir/MiniOzoneClusterImpl-a4353b45-efea-4a09-bf1c-6c3a3aa95231/datanode-6/data/ratis/6153a5fb-a965-494a-983f-e2322f3acbe7] INFO  segmented.SegmentedRaftLogWorker (SegmentedRaftLogWorker.java:run(313)) - 6820f5c3-6a00-4616-8415-97e192fe644d-SegmentedRaftLogWorker:Storage Directory /workdir/hadoop-ozone/integration-test/target/test-dir/MiniOzoneClusterImpl-a4353b45-efea-4a09-bf1c-6c3a3aa95231/datanode-6/data/ratis/6153a5fb-a965-494a-983f-e2322f3acbe7 was interrupted, exiting. There are 0 tasks remaining in the queue.
2019-09-06 21:00:29,396 [main] INFO  segmented.SegmentedRaftLogWorker (SegmentedRaftLogWorker.java:close(228)) - 6820f5c3-6a00-4616-8415-97e192fe644d-SegmentedRaftLogWorker:Storage Directory /workdir/hadoop-ozone/integration-test/target/test-dir/MiniOzoneClusterImpl-a4353b45-efea-4a09-bf1c-6c3a3aa95231/datanode-6/data/ratis/6153a5fb-a965-494a-983f-e2322f3acbe7 close()
2019-09-06 21:00:29,400 [main] INFO  server.GrpcService (GrpcService.java:closeImpl(155)) - 6820f5c3-6a00-4616-8415-97e192fe644d: shutdown server with port 34578 now
2019-09-06 21:00:29,401 [grpc-default-executor-4] WARN  client.GrpcClientProtocolService (LogUtils.java:warn(134)) - 3-UnorderedRequestStreamObserver3: onError: org.apache.ratis.thirdparty.io.grpc.StatusRuntimeException: CANCELLED: cancelled before receiving half close
2019-09-06 21:00:29,403 [main] INFO  server.GrpcService (GrpcService.java:closeImpl(163)) - 6820f5c3-6a00-4616-8415-97e192fe644d: shutdown server with port 34578 successfully
2019-09-06 21:00:29,405 [refreshUsed-/workdir/hadoop-ozone/integration-test/target/test-dir/MiniOzoneClusterImpl-a4353b45-efea-4a09-bf1c-6c3a3aa95231/datanode-6/data/containers] WARN  fs.CachingGetSpaceUsed (CachingGetSpaceUsed.java:run(183)) - Thread Interrupted waiting to refresh disk information: sleep interrupted
2019-09-06 21:00:29,422 [main] INFO  utils.BackgroundService (BackgroundService.java:shutdown(148)) - Shutting down service BlockDeletingService
2019-09-06 21:00:29,432 [main] INFO  statemachine.DatanodeStateMachine (DatanodeStateMachine.java:stopDaemon(395)) - Ozone container server stopped.
2019-09-06 21:00:29,434 [main] INFO  handler.ContextHandler (ContextHandler.java:doStop(910)) - Stopped o.e.j.w.WebAppContext@79ca7bea{/,null,UNAVAILABLE}{/hddsDatanode}
2019-09-06 21:00:29,436 [main] INFO  server.AbstractConnector (AbstractConnector.java:doStop(318)) - Stopped ServerConnector@54f6b629{HTTP/1.1,[http/1.1]}{0.0.0.0:0}
2019-09-06 21:00:29,436 [main] INFO  handler.ContextHandler (ContextHandler.java:doStop(910)) - Stopped o.e.j.s.ServletContextHandler@48499739{/static,jar:file:/home/user/.m2/repository/org/apache/hadoop/hadoop-hdds-container-service/0.5.0-SNAPSHOT/hadoop-hdds-container-service-0.5.0-SNAPSHOT.jar!/webapps/static,UNAVAILABLE}
2019-09-06 21:00:29,437 [main] INFO  handler.ContextHandler (ContextHandler.java:doStop(910)) - Stopped o.e.j.s.ServletContextHandler@7ceb6c45{/logs,file:///workdir/hadoop-ozone/integration-test/target/log,UNAVAILABLE}
2019-09-06 21:00:31,451 [grpc-default-executor-8] INFO  client.GrpcClientProtocolClient (GrpcClientProtocolClient.java:onNext(255)) - client-BDA9335C03EB->fbf37fd0-cd16-4237-a40d-69722fedc998: receive RaftClientReply:client-BDA9335C03EB->fbf37fd0-cd16-4237-a40d-69722fedc998@group-E2322F3ACBE7, cid=184, FAILED org.apache.ratis.protocol.NotLeaderException: Server fbf37fd0-cd16-4237-a40d-69722fedc998 is not the leader (6820f5c3-6a00-4616-8415-97e192fe644d:192.168.69.79:34578). Request must be sent to leader., logIndex=0, commits[fbf37fd0-cd16-4237-a40d-69722fedc998:c16, 1e7c2804-6315-4ea1-a19d-948e315fb9b4:c16, 6820f5c3-6a00-4616-8415-97e192fe644d:c16]
2019-09-06 21:00:32,465 [grpc-default-executor-7] INFO  client.GrpcClientProtocolClient (GrpcClientProtocolClient.java:onNext(255)) - client-BDA9335C03EB->fbf37fd0-cd16-4237-a40d-69722fedc998: receive RaftClientReply:client-BDA9335C03EB->fbf37fd0-cd16-4237-a40d-69722fedc998@group-E2322F3ACBE7, cid=184, FAILED org.apache.ratis.protocol.NotLeaderException: Server fbf37fd0-cd16-4237-a40d-69722fedc998 is not the leader (6820f5c3-6a00-4616-8415-97e192fe644d:192.168.69.79:34578). Request must be sent to leader., logIndex=0, commits[fbf37fd0-cd16-4237-a40d-69722fedc998:c16, 1e7c2804-6315-4ea1-a19d-948e315fb9b4:c16, 6820f5c3-6a00-4616-8415-97e192fe644d:c16]
2019-09-06 21:00:33,478 [grpc-default-executor-8] INFO  client.GrpcClientProtocolClient (GrpcClientProtocolClient.java:onNext(255)) - client-BDA9335C03EB->1e7c2804-6315-4ea1-a19d-948e315fb9b4: receive RaftClientReply:client-BDA9335C03EB->1e7c2804-6315-4ea1-a19d-948e315fb9b4@group-E2322F3ACBE7, cid=184, FAILED org.apache.ratis.protocol.NotLeaderException: Server 1e7c2804-6315-4ea1-a19d-948e315fb9b4 is not the leader (6820f5c3-6a00-4616-8415-97e192fe644d:192.168.69.79:34578). Request must be sent to leader., logIndex=0, commits[1e7c2804-6315-4ea1-a19d-948e315fb9b4:c16, fbf37fd0-cd16-4237-a40d-69722fedc998:c16, 6820f5c3-6a00-4616-8415-97e192fe644d:c16]
2019-09-06 21:00:34,495 [grpc-default-executor-7] INFO  client.GrpcClientProtocolClient (GrpcClientProtocolClient.java:onNext(255)) - client-BDA9335C03EB->fbf37fd0-cd16-4237-a40d-69722fedc998: receive RaftClientReply:client-BDA9335C03EB->fbf37fd0-cd16-4237-a40d-69722fedc998@group-E2322F3ACBE7, cid=184, FAILED org.apache.ratis.protocol.NotLeaderException: Server fbf37fd0-cd16-4237-a40d-69722fedc998 is not the leader (6820f5c3-6a00-4616-8415-97e192fe644d:192.168.69.79:34578). Request must be sent to leader., logIndex=0, commits[fbf37fd0-cd16-4237-a40d-69722fedc998:c16, 1e7c2804-6315-4ea1-a19d-948e315fb9b4:c16, 6820f5c3-6a00-4616-8415-97e192fe644d:c16]
2019-09-06 21:00:35,510 [grpc-default-executor-7] INFO  client.GrpcClientProtocolClient (GrpcClientProtocolClient.java:onNext(255)) - client-BDA9335C03EB->fbf37fd0-cd16-4237-a40d-69722fedc998: receive RaftClientReply:client-BDA9335C03EB->fbf37fd0-cd16-4237-a40d-69722fedc998@group-E2322F3ACBE7, cid=184, FAILED org.apache.ratis.protocol.NotLeaderException: Server fbf37fd0-cd16-4237-a40d-69722fedc998 is not the leader (6820f5c3-6a00-4616-8415-97e192fe644d:192.168.69.79:34578). Request must be sent to leader., logIndex=0, commits[fbf37fd0-cd16-4237-a40d-69722fedc998:c16, 1e7c2804-6315-4ea1-a19d-948e315fb9b4:c16, 6820f5c3-6a00-4616-8415-97e192fe644d:c16]
2019-09-06 21:00:36,525 [grpc-default-executor-4] INFO  client.GrpcClientProtocolClient (GrpcClientProtocolClient.java:onNext(255)) - client-BDA9335C03EB->fbf37fd0-cd16-4237-a40d-69722fedc998: receive RaftClientReply:client-BDA9335C03EB->fbf37fd0-cd16-4237-a40d-69722fedc998@group-E2322F3ACBE7, cid=184, FAILED org.apache.ratis.protocol.NotLeaderException: Server fbf37fd0-cd16-4237-a40d-69722fedc998 is not the leader (6820f5c3-6a00-4616-8415-97e192fe644d:192.168.69.79:34578). Request must be sent to leader., logIndex=0, commits[fbf37fd0-cd16-4237-a40d-69722fedc998:c16, 1e7c2804-6315-4ea1-a19d-948e315fb9b4:c16, 6820f5c3-6a00-4616-8415-97e192fe644d:c16]
2019-09-06 21:00:37,539 [grpc-default-executor-8] INFO  client.GrpcClientProtocolClient (GrpcClientProtocolClient.java:onNext(255)) - client-BDA9335C03EB->1e7c2804-6315-4ea1-a19d-948e315fb9b4: receive RaftClientReply:client-BDA9335C03EB->1e7c2804-6315-4ea1-a19d-948e315fb9b4@group-E2322F3ACBE7, cid=184, FAILED org.apache.ratis.protocol.NotLeaderException: Server 1e7c2804-6315-4ea1-a19d-948e315fb9b4 is not the leader (6820f5c3-6a00-4616-8415-97e192fe644d:192.168.69.79:34578). Request must be sent to leader., logIndex=0, commits[1e7c2804-6315-4ea1-a19d-948e315fb9b4:c16, fbf37fd0-cd16-4237-a40d-69722fedc998:c16, 6820f5c3-6a00-4616-8415-97e192fe644d:c16]
2019-09-06 21:00:38,408 [Thread-3356] INFO  impl.FollowerState (FollowerState.java:run(106)) - 1e7c2804-6315-4ea1-a19d-948e315fb9b4:group-E2322F3ACBE7 changes to CANDIDATE, lastRpcTime:9059, electionTimeout:5068ms
2019-09-06 21:00:38,408 [Thread-3356] INFO  impl.RoleInfo (RoleInfo.java:shutdownFollowerState(121)) - 1e7c2804-6315-4ea1-a19d-948e315fb9b4: shutdown FollowerState
2019-09-06 21:00:38,408 [Thread-3356] INFO  impl.RaftServerImpl (RaftServerImpl.java:setRole(171)) - 1e7c2804-6315-4ea1-a19d-948e315fb9b4:group-E2322F3ACBE7 changes role from FOLLOWER to CANDIDATE at term 1 for changeToCandidate
2019-09-06 21:00:38,408 [Thread-3356] INFO  impl.RoleInfo (RoleInfo.java:updateAndGet(143)) - 1e7c2804-6315-4ea1-a19d-948e315fb9b4: start LeaderElection
2019-09-06 21:00:38,412 [1e7c2804-6315-4ea1-a19d-948e315fb9b4:group-E2322F3ACBE7:LeaderElection65] INFO  impl.RaftServerImpl (ServerState.java:setLeader(263)) - 1e7c2804-6315-4ea1-a19d-948e315fb9b4:group-E2322F3ACBE7 change Leader from 6820f5c3-6a00-4616-8415-97e192fe644d to null at term 1 for initElection
2019-09-06 21:00:38,436 [1e7c2804-6315-4ea1-a19d-948e315fb9b4:group-E2322F3ACBE7:LeaderElection65] INFO  impl.LeaderElection (LeaderElection.java:askForVotes(181)) - 1e7c2804-6315-4ea1-a19d-948e315fb9b4:group-E2322F3ACBE7:LeaderElection65: begin an election at term 2 for 0: [1e7c2804-6315-4ea1-a19d-948e315fb9b4:192.168.69.79:45272, fbf37fd0-cd16-4237-a40d-69722fedc998:192.168.69.79:42262, 6820f5c3-6a00-4616-8415-97e192fe644d:192.168.69.79:34578], old=null
2019-09-06 21:00:38,439 [1e7c2804-6315-4ea1-a19d-948e315fb9b4:group-E2322F3ACBE7:LeaderElection65] INFO  impl.LeaderElection (LogUtils.java:infoOrTrace(149)) - 1e7c2804-6315-4ea1-a19d-948e315fb9b4:group-E2322F3ACBE7:LeaderElection65 got exception when requesting votes: {}
java.util.concurrent.ExecutionException: org.apache.ratis.thirdparty.io.grpc.StatusRuntimeException: UNAVAILABLE: io exception
	at java.util.concurrent.FutureTask.report(FutureTask.java:122)
	at java.util.concurrent.FutureTask.get(FutureTask.java:192)
	at org.apache.ratis.server.impl.LeaderElection.waitForResults(LeaderElection.java:262)
	at org.apache.ratis.server.impl.LeaderElection.askForVotes(LeaderElection.java:200)
	at org.apache.ratis.server.impl.LeaderElection.run(LeaderElection.java:130)
	at java.lang.Thread.run(Thread.java:748)
Caused by: org.apache.ratis.thirdparty.io.grpc.StatusRuntimeException: UNAVAILABLE: io exception
	at org.apache.ratis.thirdparty.io.grpc.stub.ClientCalls.toStatusRuntimeException(ClientCalls.java:233)
	at org.apache.ratis.thirdparty.io.grpc.stub.ClientCalls.getUnchecked(ClientCalls.java:214)
	at org.apache.ratis.thirdparty.io.grpc.stub.ClientCalls.blockingUnaryCall(ClientCalls.java:139)
	at org.apache.ratis.proto.grpc.RaftServerProtocolServiceGrpc$RaftServerProtocolServiceBlockingStub.requestVote(RaftServerProtocolServiceGrpc.java:265)
	at org.apache.ratis.grpc.server.GrpcServerProtocolClient.requestVote(GrpcServerProtocolClient.java:83)
	at org.apache.ratis.grpc.server.GrpcService.requestVote(GrpcService.java:195)
	at org.apache.ratis.server.impl.LeaderElection.lambda$submitRequests$1(LeaderElection.java:237)
	at java.util.concurrent.FutureTask.run(FutureTask.java:266)
	at java.util.concurrent.Executors$RunnableAdapter.call(Executors.java:511)
	at java.util.concurrent.FutureTask.run(FutureTask.java:266)
	at java.util.concurrent.ThreadPoolExecutor.runWorker(ThreadPoolExecutor.java:1149)
	at java.util.concurrent.ThreadPoolExecutor$Worker.run(ThreadPoolExecutor.java:624)
	... 1 more
Caused by: org.apache.ratis.thirdparty.io.netty.channel.AbstractChannel$AnnotatedConnectException: Connection refused: /192.168.69.79:34578
	at sun.nio.ch.SocketChannelImpl.checkConnect(Native Method)
	at sun.nio.ch.SocketChannelImpl.finishConnect(SocketChannelImpl.java:717)
	at org.apache.ratis.thirdparty.io.netty.channel.socket.nio.NioSocketChannel.doFinishConnect(NioSocketChannel.java:327)
	at org.apache.ratis.thirdparty.io.netty.channel.nio.AbstractNioChannel$AbstractNioUnsafe.finishConnect(AbstractNioChannel.java:340)
	at org.apache.ratis.thirdparty.io.netty.channel.nio.NioEventLoop.processSelectedKey(NioEventLoop.java:632)
	at org.apache.ratis.thirdparty.io.netty.channel.nio.NioEventLoop.processSelectedKeysOptimized(NioEventLoop.java:579)
	at org.apache.ratis.thirdparty.io.netty.channel.nio.NioEventLoop.processSelectedKeys(NioEventLoop.java:496)
	at org.apache.ratis.thirdparty.io.netty.channel.nio.NioEventLoop.run(NioEventLoop.java:458)
	at org.apache.ratis.thirdparty.io.netty.util.concurrent.SingleThreadEventExecutor$5.run(SingleThreadEventExecutor.java:897)
	at org.apache.ratis.thirdparty.io.netty.util.concurrent.FastThreadLocalRunnable.run(FastThreadLocalRunnable.java:30)
	... 1 more
Caused by: java.net.ConnectException: Connection refused
	... 11 more
2019-09-06 21:00:38,459 [grpc-default-executor-4] INFO  impl.RaftServerImpl (ServerState.java:setLeader(263)) - fbf37fd0-cd16-4237-a40d-69722fedc998:group-E2322F3ACBE7 change Leader from 6820f5c3-6a00-4616-8415-97e192fe644d to null at term 2 for updateCurrentTerm
2019-09-06 21:00:38,460 [grpc-default-executor-4] INFO  impl.RaftServerImpl (RaftServerImpl.java:setRole(171)) - fbf37fd0-cd16-4237-a40d-69722fedc998:group-E2322F3ACBE7 changes role from FOLLOWER to FOLLOWER at term 2 for recognizeCandidate:1e7c2804-6315-4ea1-a19d-948e315fb9b4
2019-09-06 21:00:38,460 [grpc-default-executor-4] INFO  impl.RoleInfo (RoleInfo.java:shutdownFollowerState(121)) - fbf37fd0-cd16-4237-a40d-69722fedc998: shutdown FollowerState
2019-09-06 21:00:38,460 [grpc-default-executor-4] INFO  impl.RoleInfo (RoleInfo.java:updateAndGet(143)) - fbf37fd0-cd16-4237-a40d-69722fedc998: start FollowerState
2019-09-06 21:00:38,460 [Thread-3339] INFO  impl.FollowerState (FollowerState.java:run(114)) - fbf37fd0-cd16-4237-a40d-69722fedc998: FollowerState was interrupted: java.lang.InterruptedException: sleep interrupted
2019-09-06 21:00:38,487 [1e7c2804-6315-4ea1-a19d-948e315fb9b4:group-E2322F3ACBE7:LeaderElection65] INFO  impl.LeaderElection (LeaderElection.java:logAndReturn(56)) - 1e7c2804-6315-4ea1-a19d-948e315fb9b4:group-E2322F3ACBE7:LeaderElection65: Election PASSED; received 1 response(s) [1e7c2804-6315-4ea1-a19d-948e315fb9b4<-fbf37fd0-cd16-4237-a40d-69722fedc998#0:OK-t2] and 1 exception(s); 1e7c2804-6315-4ea1-a19d-948e315fb9b4:t2, leader=null, voted=1e7c2804-6315-4ea1-a19d-948e315fb9b4, raftlog=1e7c2804-6315-4ea1-a19d-948e315fb9b4-SegmentedRaftLog:OPENED:c16,f16,i16, conf=0: [1e7c2804-6315-4ea1-a19d-948e315fb9b4:192.168.69.79:45272, fbf37fd0-cd16-4237-a40d-69722fedc998:192.168.69.79:42262, 6820f5c3-6a00-4616-8415-97e192fe644d:192.168.69.79:34578], old=null
2019-09-06 21:00:38,487 [1e7c2804-6315-4ea1-a19d-948e315fb9b4:group-E2322F3ACBE7:LeaderElection65] INFO  impl.LeaderElection (LogUtils.java:infoOrTrace(149)) -   Exception 0: {}
java.util.concurrent.ExecutionException: org.apache.ratis.thirdparty.io.grpc.StatusRuntimeException: UNAVAILABLE: io exception
	at java.util.concurrent.FutureTask.report(FutureTask.java:122)
	at java.util.concurrent.FutureTask.get(FutureTask.java:192)
	at org.apache.ratis.server.impl.LeaderElection.waitForResults(LeaderElection.java:262)
	at org.apache.ratis.server.impl.LeaderElection.askForVotes(LeaderElection.java:200)
	at org.apache.ratis.server.impl.LeaderElection.run(LeaderElection.java:130)
	at java.lang.Thread.run(Thread.java:748)
Caused by: org.apache.ratis.thirdparty.io.grpc.StatusRuntimeException: UNAVAILABLE: io exception
	at org.apache.ratis.thirdparty.io.grpc.stub.ClientCalls.toStatusRuntimeException(ClientCalls.java:233)
	at org.apache.ratis.thirdparty.io.grpc.stub.ClientCalls.getUnchecked(ClientCalls.java:214)
	at org.apache.ratis.thirdparty.io.grpc.stub.ClientCalls.blockingUnaryCall(ClientCalls.java:139)
	at org.apache.ratis.proto.grpc.RaftServerProtocolServiceGrpc$RaftServerProtocolServiceBlockingStub.requestVote(RaftServerProtocolServiceGrpc.java:265)
	at org.apache.ratis.grpc.server.GrpcServerProtocolClient.requestVote(GrpcServerProtocolClient.java:83)
	at org.apache.ratis.grpc.server.GrpcService.requestVote(GrpcService.java:195)
	at org.apache.ratis.server.impl.LeaderElection.lambda$submitRequests$1(LeaderElection.java:237)
	at java.util.concurrent.FutureTask.run(FutureTask.java:266)
	at java.util.concurrent.Executors$RunnableAdapter.call(Executors.java:511)
	at java.util.concurrent.FutureTask.run(FutureTask.java:266)
	at java.util.concurrent.ThreadPoolExecutor.runWorker(ThreadPoolExecutor.java:1149)
	at java.util.concurrent.ThreadPoolExecutor$Worker.run(ThreadPoolExecutor.java:624)
	... 1 more
Caused by: org.apache.ratis.thirdparty.io.netty.channel.AbstractChannel$AnnotatedConnectException: Connection refused: /192.168.69.79:34578
	at sun.nio.ch.SocketChannelImpl.checkConnect(Native Method)
	at sun.nio.ch.SocketChannelImpl.finishConnect(SocketChannelImpl.java:717)
	at org.apache.ratis.thirdparty.io.netty.channel.socket.nio.NioSocketChannel.doFinishConnect(NioSocketChannel.java:327)
	at org.apache.ratis.thirdparty.io.netty.channel.nio.AbstractNioChannel$AbstractNioUnsafe.finishConnect(AbstractNioChannel.java:340)
	at org.apache.ratis.thirdparty.io.netty.channel.nio.NioEventLoop.processSelectedKey(NioEventLoop.java:632)
	at org.apache.ratis.thirdparty.io.netty.channel.nio.NioEventLoop.processSelectedKeysOptimized(NioEventLoop.java:579)
	at org.apache.ratis.thirdparty.io.netty.channel.nio.NioEventLoop.processSelectedKeys(NioEventLoop.java:496)
	at org.apache.ratis.thirdparty.io.netty.channel.nio.NioEventLoop.run(NioEventLoop.java:458)
	at org.apache.ratis.thirdparty.io.netty.util.concurrent.SingleThreadEventExecutor$5.run(SingleThreadEventExecutor.java:897)
	at org.apache.ratis.thirdparty.io.netty.util.concurrent.FastThreadLocalRunnable.run(FastThreadLocalRunnable.java:30)
	... 1 more
Caused by: java.net.ConnectException: Connection refused
	... 11 more
2019-09-06 21:00:38,488 [1e7c2804-6315-4ea1-a19d-948e315fb9b4:group-E2322F3ACBE7:LeaderElection65] INFO  impl.RoleInfo (RoleInfo.java:shutdownLeaderElection(134)) - 1e7c2804-6315-4ea1-a19d-948e315fb9b4: shutdown LeaderElection
2019-09-06 21:00:38,488 [1e7c2804-6315-4ea1-a19d-948e315fb9b4:group-E2322F3ACBE7:LeaderElection65] INFO  impl.RaftServerImpl (RaftServerImpl.java:setRole(171)) - 1e7c2804-6315-4ea1-a19d-948e315fb9b4:group-E2322F3ACBE7 changes role from CANDIDATE to LEADER at term 2 for changeToLeader
2019-09-06 21:00:38,488 [1e7c2804-6315-4ea1-a19d-948e315fb9b4:group-E2322F3ACBE7:LeaderElection65] INFO  impl.RaftServerImpl (ServerState.java:setLeader(263)) - 1e7c2804-6315-4ea1-a19d-948e315fb9b4:group-E2322F3ACBE7 change Leader from null to 1e7c2804-6315-4ea1-a19d-948e315fb9b4 at term 2 for becomeLeader, leader elected after 76ms
2019-09-06 21:00:38,488 [1e7c2804-6315-4ea1-a19d-948e315fb9b4:group-E2322F3ACBE7:LeaderElection65] INFO  server.RaftServerConfigKeys (ConfUtils.java:logGet(43)) - raft.server.staging.catchup.gap = 1000 (default)
2019-09-06 21:00:38,489 [1e7c2804-6315-4ea1-a19d-948e315fb9b4:group-E2322F3ACBE7:LeaderElection65] INFO  server.RaftServerConfigKeys (ConfUtils.java:logGet(43)) - raft.server.rpc.sleep.time = 25ms (default)
2019-09-06 21:00:38,489 [1e7c2804-6315-4ea1-a19d-948e315fb9b4:group-E2322F3ACBE7:LeaderElection65] INFO  server.RaftServerConfigKeys (ConfUtils.java:logGet(43)) - raft.server.write.element-limit = 4096 (default)
2019-09-06 21:00:38,489 [1e7c2804-6315-4ea1-a19d-948e315fb9b4:group-E2322F3ACBE7:LeaderElection65] INFO  server.RaftServerConfigKeys (ConfUtils.java:logGet(43)) - raft.server.watch.timeout = 10s (default)
2019-09-06 21:00:38,489 [1e7c2804-6315-4ea1-a19d-948e315fb9b4:group-E2322F3ACBE7:LeaderElection65] INFO  server.RaftServerConfigKeys (ConfUtils.java:logGet(43)) - raft.server.watch.timeout.denomination = 1s (default)
2019-09-06 21:00:38,489 [1e7c2804-6315-4ea1-a19d-948e315fb9b4:group-E2322F3ACBE7:LeaderElection65] INFO  server.RaftServerConfigKeys (ConfUtils.java:logGet(43)) - raft.server.watch.element-limit = 65536 (default)
2019-09-06 21:00:38,489 [1e7c2804-6315-4ea1-a19d-948e315fb9b4:group-E2322F3ACBE7:LeaderElection65] INFO  server.RaftServerConfigKeys (ConfUtils.java:logGet(43)) - raft.server.log.appender.snapshot.chunk.size.max = 16MB (=16777216) (default)
2019-09-06 21:00:38,490 [1e7c2804-6315-4ea1-a19d-948e315fb9b4:group-E2322F3ACBE7:LeaderElection65] INFO  server.RaftServerConfigKeys (ConfUtils.java:logGet(43)) - raft.server.log.appender.buffer.byte-limit = 33554432 (custom)
2019-09-06 21:00:38,490 [1e7c2804-6315-4ea1-a19d-948e315fb9b4:group-E2322F3ACBE7:LeaderElection65] INFO  server.RaftServerConfigKeys (ConfUtils.java:logGet(43)) - raft.server.log.appender.buffer.element-limit = 1 (custom)
2019-09-06 21:00:38,490 [1e7c2804-6315-4ea1-a19d-948e315fb9b4:group-E2322F3ACBE7:LeaderElection65] INFO  grpc.GrpcConfigKeys$Server (ConfUtils.java:logGet(43)) - raft.grpc.server.leader.outstanding.appends.max = 128 (default)
2019-09-06 21:00:38,490 [1e7c2804-6315-4ea1-a19d-948e315fb9b4:group-E2322F3ACBE7:LeaderElection65] INFO  server.RaftServerConfigKeys (ConfUtils.java:logGet(43)) - raft.server.rpc.request.timeout = 3000ms (default)
2019-09-06 21:00:38,491 [1e7c2804-6315-4ea1-a19d-948e315fb9b4:group-E2322F3ACBE7:LeaderElection65] INFO  server.RaftServerConfigKeys (ConfUtils.java:logGet(43)) - raft.server.log.appender.install.snapshot.enabled = false (custom)
2019-09-06 21:00:38,491 [1e7c2804-6315-4ea1-a19d-948e315fb9b4:group-E2322F3ACBE7:LeaderElection65] INFO  server.RaftServerConfigKeys (ConfUtils.java:logGet(43)) - raft.server.log.appender.snapshot.chunk.size.max = 16MB (=16777216) (default)
2019-09-06 21:00:38,491 [1e7c2804-6315-4ea1-a19d-948e315fb9b4:group-E2322F3ACBE7:LeaderElection65] INFO  server.RaftServerConfigKeys (ConfUtils.java:logGet(43)) - raft.server.log.appender.buffer.byte-limit = 33554432 (custom)
2019-09-06 21:00:38,491 [1e7c2804-6315-4ea1-a19d-948e315fb9b4:group-E2322F3ACBE7:LeaderElection65] INFO  server.RaftServerConfigKeys (ConfUtils.java:logGet(43)) - raft.server.log.appender.buffer.element-limit = 1 (custom)
2019-09-06 21:00:38,491 [1e7c2804-6315-4ea1-a19d-948e315fb9b4:group-E2322F3ACBE7:LeaderElection65] INFO  grpc.GrpcConfigKeys$Server (ConfUtils.java:logGet(43)) - raft.grpc.server.leader.outstanding.appends.max = 128 (default)
2019-09-06 21:00:38,492 [1e7c2804-6315-4ea1-a19d-948e315fb9b4:group-E2322F3ACBE7:LeaderElection65] INFO  server.RaftServerConfigKeys (ConfUtils.java:logGet(43)) - raft.server.rpc.request.timeout = 3000ms (default)
2019-09-06 21:00:38,492 [1e7c2804-6315-4ea1-a19d-948e315fb9b4:group-E2322F3ACBE7:LeaderElection65] INFO  server.RaftServerConfigKeys (ConfUtils.java:logGet(43)) - raft.server.log.appender.install.snapshot.enabled = false (custom)
2019-09-06 21:00:38,492 [1e7c2804-6315-4ea1-a19d-948e315fb9b4:group-E2322F3ACBE7:LeaderElection65] INFO  impl.RoleInfo (RoleInfo.java:updateAndGet(143)) - 1e7c2804-6315-4ea1-a19d-948e315fb9b4: start LeaderState
2019-09-06 21:00:38,493 [1e7c2804-6315-4ea1-a19d-948e315fb9b4:group-E2322F3ACBE7:LeaderElection65] INFO  segmented.SegmentedRaftLogWorker (SegmentedRaftLogWorker.java:rollLogSegment(385)) - 1e7c2804-6315-4ea1-a19d-948e315fb9b4-SegmentedRaftLogWorker:Storage Directory /workdir/hadoop-ozone/integration-test/target/test-dir/MiniOzoneClusterImpl-a4353b45-efea-4a09-bf1c-6c3a3aa95231/datanode-0/data/ratis/6153a5fb-a965-494a-983f-e2322f3acbe7: Rolling segment log-0_16 to index:16
2019-09-06 21:00:38,496 [1e7c2804-6315-4ea1-a19d-948e315fb9b4:group-E2322F3ACBE7:LeaderElection65] INFO  impl.RaftServerImpl (ServerState.java:setRaftConf(361)) - 1e7c2804-6315-4ea1-a19d-948e315fb9b4:group-E2322F3ACBE7 set configuration 17: [1e7c2804-6315-4ea1-a19d-948e315fb9b4:192.168.69.79:45272, fbf37fd0-cd16-4237-a40d-69722fedc998:192.168.69.79:42262, 6820f5c3-6a00-4616-8415-97e192fe644d:192.168.69.79:34578], old=null at 17
2019-09-06 21:00:38,496 [1e7c2804-6315-4ea1-a19d-948e315fb9b4-SegmentedRaftLogWorker:Storage Directory /workdir/hadoop-ozone/integration-test/target/test-dir/MiniOzoneClusterImpl-a4353b45-efea-4a09-bf1c-6c3a3aa95231/datanode-0/data/ratis/6153a5fb-a965-494a-983f-e2322f3acbe7] INFO  segmented.SegmentedRaftLogWorker (SegmentedRaftLogWorker.java:execute(526)) - 1e7c2804-6315-4ea1-a19d-948e315fb9b4-SegmentedRaftLogWorker:Storage Directory /workdir/hadoop-ozone/integration-test/target/test-dir/MiniOzoneClusterImpl-a4353b45-efea-4a09-bf1c-6c3a3aa95231/datanode-0/data/ratis/6153a5fb-a965-494a-983f-e2322f3acbe7: Rolled log segment from /workdir/hadoop-ozone/integration-test/target/test-dir/MiniOzoneClusterImpl-a4353b45-efea-4a09-bf1c-6c3a3aa95231/datanode-0/data/ratis/6153a5fb-a965-494a-983f-e2322f3acbe7/current/log_inprogress_0 to /workdir/hadoop-ozone/integration-test/target/test-dir/MiniOzoneClusterImpl-a4353b45-efea-4a09-bf1c-6c3a3aa95231/datanode-0/data/ratis/6153a5fb-a965-494a-983f-e2322f3acbe7/current/log_0-16
2019-09-06 21:00:38,497 [grpc-default-executor-4] WARN  server.GrpcLogAppender (LogUtils.java:warn(134)) - 1e7c2804-6315-4ea1-a19d-948e315fb9b4->6820f5c3-6a00-4616-8415-97e192fe644d: Failed appendEntries: org.apache.ratis.thirdparty.io.grpc.StatusRuntimeException: UNAVAILABLE: io exception
2019-09-06 21:00:38,497 [grpc-default-executor-4] INFO  impl.FollowerInfo (FollowerInfo.java:lambda$new$0(50)) - 1e7c2804-6315-4ea1-a19d-948e315fb9b4->6820f5c3-6a00-4616-8415-97e192fe644d: nextIndex: updateUnconditionally 17 -> 1
2019-09-06 21:00:38,497 [grpc-default-executor-4] INFO  impl.RaftServerImpl (ServerState.java:setLeader(263)) - fbf37fd0-cd16-4237-a40d-69722fedc998:group-E2322F3ACBE7 change Leader from null to 1e7c2804-6315-4ea1-a19d-948e315fb9b4 at term 2 for appendEntries, leader elected after 38ms
2019-09-06 21:00:38,500 [grpc-default-executor-4] INFO  impl.RaftServerImpl (ServerState.java:setRaftConf(361)) - fbf37fd0-cd16-4237-a40d-69722fedc998:group-E2322F3ACBE7 set configuration 17: [1e7c2804-6315-4ea1-a19d-948e315fb9b4:192.168.69.79:45272, fbf37fd0-cd16-4237-a40d-69722fedc998:192.168.69.79:42262, 6820f5c3-6a00-4616-8415-97e192fe644d:192.168.69.79:34578], old=null at 17
2019-09-06 21:00:38,500 [grpc-default-executor-4] INFO  segmented.SegmentedRaftLogWorker (SegmentedRaftLogWorker.java:rollLogSegment(385)) - fbf37fd0-cd16-4237-a40d-69722fedc998-SegmentedRaftLogWorker:Storage Directory /workdir/hadoop-ozone/integration-test/target/test-dir/MiniOzoneClusterImpl-a4353b45-efea-4a09-bf1c-6c3a3aa95231/datanode-4/data/ratis/6153a5fb-a965-494a-983f-e2322f3acbe7: Rolling segment log-0_16 to index:16
2019-09-06 21:00:38,501 [fbf37fd0-cd16-4237-a40d-69722fedc998-SegmentedRaftLogWorker:Storage Directory /workdir/hadoop-ozone/integration-test/target/test-dir/MiniOzoneClusterImpl-a4353b45-efea-4a09-bf1c-6c3a3aa95231/datanode-4/data/ratis/6153a5fb-a965-494a-983f-e2322f3acbe7] INFO  segmented.SegmentedRaftLogWorker (SegmentedRaftLogWorker.java:execute(526)) - fbf37fd0-cd16-4237-a40d-69722fedc998-SegmentedRaftLogWorker:Storage Directory /workdir/hadoop-ozone/integration-test/target/test-dir/MiniOzoneClusterImpl-a4353b45-efea-4a09-bf1c-6c3a3aa95231/datanode-4/data/ratis/6153a5fb-a965-494a-983f-e2322f3acbe7: Rolled log segment from /workdir/hadoop-ozone/integration-test/target/test-dir/MiniOzoneClusterImpl-a4353b45-efea-4a09-bf1c-6c3a3aa95231/datanode-4/data/ratis/6153a5fb-a965-494a-983f-e2322f3acbe7/current/log_inprogress_0 to /workdir/hadoop-ozone/integration-test/target/test-dir/MiniOzoneClusterImpl-a4353b45-efea-4a09-bf1c-6c3a3aa95231/datanode-4/data/ratis/6153a5fb-a965-494a-983f-e2322f3acbe7/current/log_0-16
2019-09-06 21:00:38,548 [fbf37fd0-cd16-4237-a40d-69722fedc998-SegmentedRaftLogWorker:Storage Directory /workdir/hadoop-ozone/integration-test/target/test-dir/MiniOzoneClusterImpl-a4353b45-efea-4a09-bf1c-6c3a3aa95231/datanode-4/data/ratis/6153a5fb-a965-494a-983f-e2322f3acbe7] INFO  segmented.SegmentedRaftLogWorker (SegmentedRaftLogWorker.java:execute(569)) - fbf37fd0-cd16-4237-a40d-69722fedc998-SegmentedRaftLogWorker:Storage Directory /workdir/hadoop-ozone/integration-test/target/test-dir/MiniOzoneClusterImpl-a4353b45-efea-4a09-bf1c-6c3a3aa95231/datanode-4/data/ratis/6153a5fb-a965-494a-983f-e2322f3acbe7: created new log segment /workdir/hadoop-ozone/integration-test/target/test-dir/MiniOzoneClusterImpl-a4353b45-efea-4a09-bf1c-6c3a3aa95231/datanode-4/data/ratis/6153a5fb-a965-494a-983f-e2322f3acbe7/current/log_inprogress_17
2019-09-06 21:00:38,548 [1e7c2804-6315-4ea1-a19d-948e315fb9b4-SegmentedRaftLogWorker:Storage Directory /workdir/hadoop-ozone/integration-test/target/test-dir/MiniOzoneClusterImpl-a4353b45-efea-4a09-bf1c-6c3a3aa95231/datanode-0/data/ratis/6153a5fb-a965-494a-983f-e2322f3acbe7] INFO  segmented.SegmentedRaftLogWorker (SegmentedRaftLogWorker.java:execute(569)) - 1e7c2804-6315-4ea1-a19d-948e315fb9b4-SegmentedRaftLogWorker:Storage Directory /workdir/hadoop-ozone/integration-test/target/test-dir/MiniOzoneClusterImpl-a4353b45-efea-4a09-bf1c-6c3a3aa95231/datanode-0/data/ratis/6153a5fb-a965-494a-983f-e2322f3acbe7: created new log segment /workdir/hadoop-ozone/integration-test/target/test-dir/MiniOzoneClusterImpl-a4353b45-efea-4a09-bf1c-6c3a3aa95231/datanode-0/data/ratis/6153a5fb-a965-494a-983f-e2322f3acbe7/current/log_inprogress_17
2019-09-06 21:00:38,558 [grpc-default-executor-4] INFO  client.GrpcClientProtocolClient (GrpcClientProtocolClient.java:onNext(255)) - client-BDA9335C03EB->1e7c2804-6315-4ea1-a19d-948e315fb9b4: receive RaftClientReply:client-BDA9335C03EB->1e7c2804-6315-4ea1-a19d-948e315fb9b4@group-E2322F3ACBE7, cid=184, FAILED org.apache.ratis.protocol.LeaderNotReadyException: 1e7c2804-6315-4ea1-a19d-948e315fb9b4 is in LEADER state but not ready yet., logIndex=0, commits[1e7c2804-6315-4ea1-a19d-948e315fb9b4:c16, fbf37fd0-cd16-4237-a40d-69722fedc998:c16, 6820f5c3-6a00-4616-8415-97e192fe644d:c16]
2019-09-06 21:00:38,566 [grpc-default-executor-4] WARN  server.GrpcLogAppender (LogUtils.java:warn(134)) - 1e7c2804-6315-4ea1-a19d-948e315fb9b4->6820f5c3-6a00-4616-8415-97e192fe644d: Failed appendEntries: org.apache.ratis.thirdparty.io.grpc.StatusRuntimeException: UNAVAILABLE: io exception
2019-09-06 21:00:38,567 [grpc-default-executor-4] INFO  impl.FollowerInfo (FollowerInfo.java:lambda$new$0(50)) - 1e7c2804-6315-4ea1-a19d-948e315fb9b4->6820f5c3-6a00-4616-8415-97e192fe644d: nextIndex: updateUnconditionally 2 -> 1
2019-09-06 21:00:38,575 [grpc-default-executor-8] WARN  server.GrpcLogAppender (LogUtils.java:warn(134)) - 1e7c2804-6315-4ea1-a19d-948e315fb9b4->6820f5c3-6a00-4616-8415-97e192fe644d: Failed appendEntries: org.apache.ratis.thirdparty.io.grpc.StatusRuntimeException: UNAVAILABLE: io exception
2019-09-06 21:00:38,575 [grpc-default-executor-8] INFO  impl.FollowerInfo (FollowerInfo.java:lambda$new$0(50)) - 1e7c2804-6315-4ea1-a19d-948e315fb9b4->6820f5c3-6a00-4616-8415-97e192fe644d: nextIndex: updateUnconditionally 2 -> 1
21:00:40.569 [grpc-default-executor-8] ERROR DNAudit - user=null | ip=null | op=WRITE_CHUNK {blockData=conID: 1 locID: 102747577960562701 bcsId: 14} | ret=FAILURE
org.apache.hadoop.hdds.scm.container.common.helpers.ContainerNotOpenException: Container 1 in CLOSING state
	at org.apache.hadoop.ozone.container.common.impl.HddsDispatcher.validateContainerCommand(HddsDispatcher.java:408) ~[hadoop-hdds-container-service-0.5.0-SNAPSHOT.jar:?]
	at org.apache.hadoop.ozone.container.common.transport.server.ratis.ContainerStateMachine.startTransaction(ContainerStateMachine.java:310) ~[hadoop-hdds-container-service-0.5.0-SNAPSHOT.jar:?]
	at org.apache.ratis.server.impl.RaftServerImpl.submitClientRequestAsync(RaftServerImpl.java:566) ~[ratis-server-0.4.0-2337318-SNAPSHOT.jar:0.4.0-2337318-SNAPSHOT]
	at org.apache.ratis.server.impl.RaftServerProxy.lambda$submitClientRequestAsync$7(RaftServerProxy.java:333) ~[ratis-server-0.4.0-2337318-SNAPSHOT.jar:0.4.0-2337318-SNAPSHOT]
	at org.apache.ratis.server.impl.RaftServerProxy.lambda$null$5(RaftServerProxy.java:328) ~[ratis-server-0.4.0-2337318-SNAPSHOT.jar:0.4.0-2337318-SNAPSHOT]
	at org.apache.ratis.util.JavaUtils.callAsUnchecked(JavaUtils.java:109) ~[ratis-common-0.4.0-2337318-SNAPSHOT.jar:0.4.0-2337318-SNAPSHOT]
	at org.apache.ratis.server.impl.RaftServerProxy.lambda$submitRequest$6(RaftServerProxy.java:328) ~[ratis-server-0.4.0-2337318-SNAPSHOT.jar:0.4.0-2337318-SNAPSHOT]
	at java.util.concurrent.CompletableFuture.uniComposeStage(CompletableFuture.java:981) ~[?:1.8.0_212]
	at java.util.concurrent.CompletableFuture.thenCompose(CompletableFuture.java:2124) ~[?:1.8.0_212]
	at org.apache.ratis.server.impl.RaftServerProxy.submitRequest(RaftServerProxy.java:327) ~[ratis-server-0.4.0-2337318-SNAPSHOT.jar:0.4.0-2337318-SNAPSHOT]
	at org.apache.ratis.server.impl.RaftServerProxy.submitClientRequestAsync(RaftServerProxy.java:333) ~[ratis-server-0.4.0-2337318-SNAPSHOT.jar:0.4.0-2337318-SNAPSHOT]
	at org.apache.ratis.grpc.client.GrpcClientProtocolService$RequestStreamObserver.processClientRequest(GrpcClientProtocolService.java:220) ~[ratis-grpc-0.4.0-2337318-SNAPSHOT.jar:0.4.0-2337318-SNAPSHOT]
	at org.apache.ratis.grpc.client.GrpcClientProtocolService$OrderedRequestStreamObserver.processClientRequest(GrpcClientProtocolService.java:326) ~[ratis-grpc-0.4.0-2337318-SNAPSHOT.jar:0.4.0-2337318-SNAPSHOT]
	at org.apache.ratis.util.SlidingWindow$Server.processRequestsFromHead(SlidingWindow.java:429) [ratis-common-0.4.0-2337318-SNAPSHOT.jar:0.4.0-2337318-SNAPSHOT]
	at org.apache.ratis.util.SlidingWindow$Server.receivedRequest(SlidingWindow.java:421) [ratis-common-0.4.0-2337318-SNAPSHOT.jar:0.4.0-2337318-SNAPSHOT]
	at org.apache.ratis.grpc.client.GrpcClientProtocolService$OrderedRequestStreamObserver.processClientRequest(GrpcClientProtocolService.java:345) [ratis-grpc-0.4.0-2337318-SNAPSHOT.jar:0.4.0-2337318-SNAPSHOT]
	at org.apache.ratis.grpc.client.GrpcClientProtocolService$RequestStreamObserver.onNext(GrpcClientProtocolService.java:240) [ratis-grpc-0.4.0-2337318-SNAPSHOT.jar:0.4.0-2337318-SNAPSHOT]
	at org.apache.ratis.grpc.client.GrpcClientProtocolService$RequestStreamObserver.onNext(GrpcClientProtocolService.java:168) [ratis-grpc-0.4.0-2337318-SNAPSHOT.jar:0.4.0-2337318-SNAPSHOT]
	at org.apache.ratis.thirdparty.io.grpc.stub.ServerCalls$StreamingServerCallHandler$StreamingServerCallListener.onMessage(ServerCalls.java:248) [ratis-thirdparty-misc-0.2.0.jar:0.2.0]
	at org.apache.ratis.thirdparty.io.grpc.internal.ServerCallImpl$ServerStreamListenerImpl.messagesAvailable(ServerCallImpl.java:263) [ratis-thirdparty-misc-0.2.0.jar:0.2.0]
	at org.apache.ratis.thirdparty.io.grpc.internal.ServerImpl$JumpToApplicationThreadServerStreamListener$1MessagesAvailable.runInContext(ServerImpl.java:686) [ratis-thirdparty-misc-0.2.0.jar:0.2.0]
	at org.apache.ratis.thirdparty.io.grpc.internal.ContextRunnable.run(ContextRunnable.java:37) [ratis-thirdparty-misc-0.2.0.jar:0.2.0]
	at org.apache.ratis.thirdparty.io.grpc.internal.SerializingExecutor.run(SerializingExecutor.java:123) [ratis-thirdparty-misc-0.2.0.jar:0.2.0]
	at java.util.concurrent.ThreadPoolExecutor.runWorker(ThreadPoolExecutor.java:1149) [?:1.8.0_212]
	at java.util.concurrent.ThreadPoolExecutor$Worker.run(ThreadPoolExecutor.java:624) [?:1.8.0_212]
	at java.lang.Thread.run(Thread.java:748) [?:1.8.0_212]
2019-09-06 21:00:40,581 [grpc-default-executor-8] INFO  client.GrpcClientProtocolClient (GrpcClientProtocolClient.java:onNext(255)) - client-BDA9335C03EB->1e7c2804-6315-4ea1-a19d-948e315fb9b4: receive RaftClientReply:client-BDA9335C03EB->1e7c2804-6315-4ea1-a19d-948e315fb9b4@group-E2322F3ACBE7, cid=184, FAILED org.apache.ratis.protocol.StateMachineException: org.apache.hadoop.hdds.scm.container.common.helpers.ContainerNotOpenException from Server 1e7c2804-6315-4ea1-a19d-948e315fb9b4: Container 1 in CLOSING state, logIndex=0, commits[1e7c2804-6315-4ea1-a19d-948e315fb9b4:c18, fbf37fd0-cd16-4237-a40d-69722fedc998:c17, 6820f5c3-6a00-4616-8415-97e192fe644d:c16]
21:00:40.582 [grpc-default-executor-4] ERROR DNAudit - user=null | ip=null | op=WRITE_CHUNK {blockData=conID: 1 locID: 102747577960562701 bcsId: 14} | ret=FAILURE
org.apache.hadoop.hdds.scm.container.common.helpers.ContainerNotOpenException: Container 1 in CLOSING state
	at org.apache.hadoop.ozone.container.common.impl.HddsDispatcher.validateContainerCommand(HddsDispatcher.java:408) ~[hadoop-hdds-container-service-0.5.0-SNAPSHOT.jar:?]
	at org.apache.hadoop.ozone.container.common.transport.server.ratis.ContainerStateMachine.startTransaction(ContainerStateMachine.java:310) ~[hadoop-hdds-container-service-0.5.0-SNAPSHOT.jar:?]
	at org.apache.ratis.server.impl.RaftServerImpl.submitClientRequestAsync(RaftServerImpl.java:566) ~[ratis-server-0.4.0-2337318-SNAPSHOT.jar:0.4.0-2337318-SNAPSHOT]
	at org.apache.ratis.server.impl.RaftServerProxy.lambda$submitClientRequestAsync$7(RaftServerProxy.java:333) ~[ratis-server-0.4.0-2337318-SNAPSHOT.jar:0.4.0-2337318-SNAPSHOT]
	at org.apache.ratis.server.impl.RaftServerProxy.lambda$null$5(RaftServerProxy.java:328) ~[ratis-server-0.4.0-2337318-SNAPSHOT.jar:0.4.0-2337318-SNAPSHOT]
	at org.apache.ratis.util.JavaUtils.callAsUnchecked(JavaUtils.java:109) ~[ratis-common-0.4.0-2337318-SNAPSHOT.jar:0.4.0-2337318-SNAPSHOT]
	at org.apache.ratis.server.impl.RaftServerProxy.lambda$submitRequest$6(RaftServerProxy.java:328) ~[ratis-server-0.4.0-2337318-SNAPSHOT.jar:0.4.0-2337318-SNAPSHOT]
	at java.util.concurrent.CompletableFuture.uniComposeStage(CompletableFuture.java:981) ~[?:1.8.0_212]
	at java.util.concurrent.CompletableFuture.thenCompose(CompletableFuture.java:2124) ~[?:1.8.0_212]
	at org.apache.ratis.server.impl.RaftServerProxy.submitRequest(RaftServerProxy.java:327) ~[ratis-server-0.4.0-2337318-SNAPSHOT.jar:0.4.0-2337318-SNAPSHOT]
	at org.apache.ratis.server.impl.RaftServerProxy.submitClientRequestAsync(RaftServerProxy.java:333) ~[ratis-server-0.4.0-2337318-SNAPSHOT.jar:0.4.0-2337318-SNAPSHOT]
	at org.apache.ratis.grpc.client.GrpcClientProtocolService$RequestStreamObserver.processClientRequest(GrpcClientProtocolService.java:220) ~[ratis-grpc-0.4.0-2337318-SNAPSHOT.jar:0.4.0-2337318-SNAPSHOT]
	at org.apache.ratis.grpc.client.GrpcClientProtocolService$OrderedRequestStreamObserver.processClientRequest(GrpcClientProtocolService.java:326) ~[ratis-grpc-0.4.0-2337318-SNAPSHOT.jar:0.4.0-2337318-SNAPSHOT]
	at org.apache.ratis.util.SlidingWindow$Server.processRequestsFromHead(SlidingWindow.java:429) [ratis-common-0.4.0-2337318-SNAPSHOT.jar:0.4.0-2337318-SNAPSHOT]
	at org.apache.ratis.util.SlidingWindow$Server.receivedRequest(SlidingWindow.java:421) [ratis-common-0.4.0-2337318-SNAPSHOT.jar:0.4.0-2337318-SNAPSHOT]
	at org.apache.ratis.grpc.client.GrpcClientProtocolService$OrderedRequestStreamObserver.processClientRequest(GrpcClientProtocolService.java:345) [ratis-grpc-0.4.0-2337318-SNAPSHOT.jar:0.4.0-2337318-SNAPSHOT]
	at org.apache.ratis.grpc.client.GrpcClientProtocolService$RequestStreamObserver.onNext(GrpcClientProtocolService.java:240) [ratis-grpc-0.4.0-2337318-SNAPSHOT.jar:0.4.0-2337318-SNAPSHOT]
	at org.apache.ratis.grpc.client.GrpcClientProtocolService$RequestStreamObserver.onNext(GrpcClientProtocolService.java:168) [ratis-grpc-0.4.0-2337318-SNAPSHOT.jar:0.4.0-2337318-SNAPSHOT]
	at org.apache.ratis.thirdparty.io.grpc.stub.ServerCalls$StreamingServerCallHandler$StreamingServerCallListener.onMessage(ServerCalls.java:248) [ratis-thirdparty-misc-0.2.0.jar:0.2.0]
	at org.apache.ratis.thirdparty.io.grpc.internal.ServerCallImpl$ServerStreamListenerImpl.messagesAvailable(ServerCallImpl.java:263) [ratis-thirdparty-misc-0.2.0.jar:0.2.0]
	at org.apache.ratis.thirdparty.io.grpc.internal.ServerImpl$JumpToApplicationThreadServerStreamListener$1MessagesAvailable.runInContext(ServerImpl.java:686) [ratis-thirdparty-misc-0.2.0.jar:0.2.0]
	at org.apache.ratis.thirdparty.io.grpc.internal.ContextRunnable.run(ContextRunnable.java:37) [ratis-thirdparty-misc-0.2.0.jar:0.2.0]
	at org.apache.ratis.thirdparty.io.grpc.internal.SerializingExecutor.run(SerializingExecutor.java:123) [ratis-thirdparty-misc-0.2.0.jar:0.2.0]
	at java.util.concurrent.ThreadPoolExecutor.runWorker(ThreadPoolExecutor.java:1149) [?:1.8.0_212]
	at java.util.concurrent.ThreadPoolExecutor$Worker.run(ThreadPoolExecutor.java:624) [?:1.8.0_212]
	at java.lang.Thread.run(Thread.java:748) [?:1.8.0_212]
21:00:40.584 [grpc-default-executor-4] ERROR DNAudit - user=null | ip=null | op=PUT_BLOCK {blockData=[blockId=conID: 1 locID: 102747577960562701 bcsId: 0,size=650]} | ret=FAILURE
org.apache.hadoop.hdds.scm.container.common.helpers.ContainerNotOpenException: Container 1 in CLOSING state
	at org.apache.hadoop.ozone.container.common.impl.HddsDispatcher.validateContainerCommand(HddsDispatcher.java:408) ~[hadoop-hdds-container-service-0.5.0-SNAPSHOT.jar:?]
	at org.apache.hadoop.ozone.container.common.transport.server.ratis.ContainerStateMachine.startTransaction(ContainerStateMachine.java:310) ~[hadoop-hdds-container-service-0.5.0-SNAPSHOT.jar:?]
	at org.apache.ratis.server.impl.RaftServerImpl.submitClientRequestAsync(RaftServerImpl.java:566) ~[ratis-server-0.4.0-2337318-SNAPSHOT.jar:0.4.0-2337318-SNAPSHOT]
	at org.apache.ratis.server.impl.RaftServerProxy.lambda$submitClientRequestAsync$7(RaftServerProxy.java:333) ~[ratis-server-0.4.0-2337318-SNAPSHOT.jar:0.4.0-2337318-SNAPSHOT]
	at org.apache.ratis.server.impl.RaftServerProxy.lambda$null$5(RaftServerProxy.java:328) ~[ratis-server-0.4.0-2337318-SNAPSHOT.jar:0.4.0-2337318-SNAPSHOT]
	at org.apache.ratis.util.JavaUtils.callAsUnchecked(JavaUtils.java:109) ~[ratis-common-0.4.0-2337318-SNAPSHOT.jar:0.4.0-2337318-SNAPSHOT]
	at org.apache.ratis.server.impl.RaftServerProxy.lambda$submitRequest$6(RaftServerProxy.java:328) ~[ratis-server-0.4.0-2337318-SNAPSHOT.jar:0.4.0-2337318-SNAPSHOT]
	at java.util.concurrent.CompletableFuture.uniComposeStage(CompletableFuture.java:981) ~[?:1.8.0_212]
	at java.util.concurrent.CompletableFuture.thenCompose(CompletableFuture.java:2124) ~[?:1.8.0_212]
	at org.apache.ratis.server.impl.RaftServerProxy.submitRequest(RaftServerProxy.java:327) ~[ratis-server-0.4.0-2337318-SNAPSHOT.jar:0.4.0-2337318-SNAPSHOT]
	at org.apache.ratis.server.impl.RaftServerProxy.submitClientRequestAsync(RaftServerProxy.java:333) ~[ratis-server-0.4.0-2337318-SNAPSHOT.jar:0.4.0-2337318-SNAPSHOT]
	at org.apache.ratis.grpc.client.GrpcClientProtocolService$RequestStreamObserver.processClientRequest(GrpcClientProtocolService.java:220) ~[ratis-grpc-0.4.0-2337318-SNAPSHOT.jar:0.4.0-2337318-SNAPSHOT]
	at org.apache.ratis.grpc.client.GrpcClientProtocolService$OrderedRequestStreamObserver.processClientRequest(GrpcClientProtocolService.java:326) ~[ratis-grpc-0.4.0-2337318-SNAPSHOT.jar:0.4.0-2337318-SNAPSHOT]
	at org.apache.ratis.util.SlidingWindow$Server.processRequestsFromHead(SlidingWindow.java:429) [ratis-common-0.4.0-2337318-SNAPSHOT.jar:0.4.0-2337318-SNAPSHOT]
	at org.apache.ratis.util.SlidingWindow$Server.receivedRequest(SlidingWindow.java:421) [ratis-common-0.4.0-2337318-SNAPSHOT.jar:0.4.0-2337318-SNAPSHOT]
	at org.apache.ratis.grpc.client.GrpcClientProtocolService$OrderedRequestStreamObserver.processClientRequest(GrpcClientProtocolService.java:345) [ratis-grpc-0.4.0-2337318-SNAPSHOT.jar:0.4.0-2337318-SNAPSHOT]
	at org.apache.ratis.grpc.client.GrpcClientProtocolService$RequestStreamObserver.onNext(GrpcClientProtocolService.java:240) [ratis-grpc-0.4.0-2337318-SNAPSHOT.jar:0.4.0-2337318-SNAPSHOT]
	at org.apache.ratis.grpc.client.GrpcClientProtocolService$RequestStreamObserver.onNext(GrpcClientProtocolService.java:168) [ratis-grpc-0.4.0-2337318-SNAPSHOT.jar:0.4.0-2337318-SNAPSHOT]
	at org.apache.ratis.thirdparty.io.grpc.stub.ServerCalls$StreamingServerCallHandler$StreamingServerCallListener.onMessage(ServerCalls.java:248) [ratis-thirdparty-misc-0.2.0.jar:0.2.0]
	at org.apache.ratis.thirdparty.io.grpc.internal.ServerCallImpl$ServerStreamListenerImpl.messagesAvailable(ServerCallImpl.java:263) [ratis-thirdparty-misc-0.2.0.jar:0.2.0]
	at org.apache.ratis.thirdparty.io.grpc.internal.ServerImpl$JumpToApplicationThreadServerStreamListener$1MessagesAvailable.runInContext(ServerImpl.java:686) [ratis-thirdparty-misc-0.2.0.jar:0.2.0]
	at org.apache.ratis.thirdparty.io.grpc.internal.ContextRunnable.run(ContextRunnable.java:37) [ratis-thirdparty-misc-0.2.0.jar:0.2.0]
	at org.apache.ratis.thirdparty.io.grpc.internal.SerializingExecutor.run(SerializingExecutor.java:123) [ratis-thirdparty-misc-0.2.0.jar:0.2.0]
	at java.util.concurrent.ThreadPoolExecutor.runWorker(ThreadPoolExecutor.java:1149) [?:1.8.0_212]
	at java.util.concurrent.ThreadPoolExecutor$Worker.run(ThreadPoolExecutor.java:624) [?:1.8.0_212]
	at java.lang.Thread.run(Thread.java:748) [?:1.8.0_212]
21:00:40.593 [grpc-default-executor-4] ERROR DNAudit - user=null | ip=null | op=WRITE_CHUNK {blockData=conID: 1 locID: 102747577960562701 bcsId: 14} | ret=FAILURE
org.apache.hadoop.hdds.scm.container.common.helpers.ContainerNotOpenException: Container 1 in CLOSING state
	at org.apache.hadoop.ozone.container.common.impl.HddsDispatcher.validateContainerCommand(HddsDispatcher.java:408) ~[hadoop-hdds-container-service-0.5.0-SNAPSHOT.jar:?]
	at org.apache.hadoop.ozone.container.common.transport.server.ratis.ContainerStateMachine.startTransaction(ContainerStateMachine.java:310) ~[hadoop-hdds-container-service-0.5.0-SNAPSHOT.jar:?]
	at org.apache.ratis.server.impl.RaftServerImpl.submitClientRequestAsync(RaftServerImpl.java:566) ~[ratis-server-0.4.0-2337318-SNAPSHOT.jar:0.4.0-2337318-SNAPSHOT]
	at org.apache.ratis.server.impl.RaftServerProxy.lambda$submitClientRequestAsync$7(RaftServerProxy.java:333) ~[ratis-server-0.4.0-2337318-SNAPSHOT.jar:0.4.0-2337318-SNAPSHOT]
	at org.apache.ratis.server.impl.RaftServerProxy.lambda$null$5(RaftServerProxy.java:328) ~[ratis-server-0.4.0-2337318-SNAPSHOT.jar:0.4.0-2337318-SNAPSHOT]
	at org.apache.ratis.util.JavaUtils.callAsUnchecked(JavaUtils.java:109) ~[ratis-common-0.4.0-2337318-SNAPSHOT.jar:0.4.0-2337318-SNAPSHOT]
	at org.apache.ratis.server.impl.RaftServerProxy.lambda$submitRequest$6(RaftServerProxy.java:328) ~[ratis-server-0.4.0-2337318-SNAPSHOT.jar:0.4.0-2337318-SNAPSHOT]
	at java.util.concurrent.CompletableFuture.uniComposeStage(CompletableFuture.java:981) ~[?:1.8.0_212]
	at java.util.concurrent.CompletableFuture.thenCompose(CompletableFuture.java:2124) ~[?:1.8.0_212]
	at org.apache.ratis.server.impl.RaftServerProxy.submitRequest(RaftServerProxy.java:327) ~[ratis-server-0.4.0-2337318-SNAPSHOT.jar:0.4.0-2337318-SNAPSHOT]
	at org.apache.ratis.server.impl.RaftServerProxy.submitClientRequestAsync(RaftServerProxy.java:333) ~[ratis-server-0.4.0-2337318-SNAPSHOT.jar:0.4.0-2337318-SNAPSHOT]
	at org.apache.ratis.grpc.client.GrpcClientProtocolService$RequestStreamObserver.processClientRequest(GrpcClientProtocolService.java:220) ~[ratis-grpc-0.4.0-2337318-SNAPSHOT.jar:0.4.0-2337318-SNAPSHOT]
	at org.apache.ratis.grpc.client.GrpcClientProtocolService$OrderedRequestStreamObserver.processClientRequest(GrpcClientProtocolService.java:326) ~[ratis-grpc-0.4.0-2337318-SNAPSHOT.jar:0.4.0-2337318-SNAPSHOT]
	at org.apache.ratis.util.SlidingWindow$Server.processRequestsFromHead(SlidingWindow.java:429) [ratis-common-0.4.0-2337318-SNAPSHOT.jar:0.4.0-2337318-SNAPSHOT]
	at org.apache.ratis.util.SlidingWindow$Server.receivedRequest(SlidingWindow.java:421) [ratis-common-0.4.0-2337318-SNAPSHOT.jar:0.4.0-2337318-SNAPSHOT]
	at org.apache.ratis.grpc.client.GrpcClientProtocolService$OrderedRequestStreamObserver.processClientRequest(GrpcClientProtocolService.java:345) [ratis-grpc-0.4.0-2337318-SNAPSHOT.jar:0.4.0-2337318-SNAPSHOT]
	at org.apache.ratis.grpc.client.GrpcClientProtocolService$RequestStreamObserver.onNext(GrpcClientProtocolService.java:240) [ratis-grpc-0.4.0-2337318-SNAPSHOT.jar:0.4.0-2337318-SNAPSHOT]
	at org.apache.ratis.grpc.client.GrpcClientProtocolService$RequestStreamObserver.onNext(GrpcClientProtocolService.java:168) [ratis-grpc-0.4.0-2337318-SNAPSHOT.jar:0.4.0-2337318-SNAPSHOT]
	at org.apache.ratis.thirdparty.io.grpc.stub.ServerCalls$StreamingServerCallHandler$StreamingServerCallListener.onMessage(ServerCalls.java:248) [ratis-thirdparty-misc-0.2.0.jar:0.2.0]
	at org.apache.ratis.thirdparty.io.grpc.internal.ServerCallImpl$ServerStreamListenerImpl.messagesAvailable(ServerCallImpl.java:263) [ratis-thirdparty-misc-0.2.0.jar:0.2.0]
	at org.apache.ratis.thirdparty.io.grpc.internal.ServerImpl$JumpToApplicationThreadServerStreamListener$1MessagesAvailable.runInContext(ServerImpl.java:686) [ratis-thirdparty-misc-0.2.0.jar:0.2.0]
	at org.apache.ratis.thirdparty.io.grpc.internal.ContextRunnable.run(ContextRunnable.java:37) [ratis-thirdparty-misc-0.2.0.jar:0.2.0]
	at org.apache.ratis.thirdparty.io.grpc.internal.SerializingExecutor.run(SerializingExecutor.java:123) [ratis-thirdparty-misc-0.2.0.jar:0.2.0]
	at java.util.concurrent.ThreadPoolExecutor.runWorker(ThreadPoolExecutor.java:1149) [?:1.8.0_212]
	at java.util.concurrent.ThreadPoolExecutor$Worker.run(ThreadPoolExecutor.java:624) [?:1.8.0_212]
	at java.lang.Thread.run(Thread.java:748) [?:1.8.0_212]
2019-09-06 21:00:40,594 [grpc-default-executor-8] INFO  client.GrpcClientProtocolClient (GrpcClientProtocolClient.java:onNext(255)) - client-BDA9335C03EB->1e7c2804-6315-4ea1-a19d-948e315fb9b4: receive RaftClientReply:client-BDA9335C03EB->1e7c2804-6315-4ea1-a19d-948e315fb9b4@group-E2322F3ACBE7, cid=185, FAILED org.apache.ratis.protocol.StateMachineException: org.apache.hadoop.hdds.scm.container.common.helpers.ContainerNotOpenException from Server 1e7c2804-6315-4ea1-a19d-948e315fb9b4: Container 1 in CLOSING state, logIndex=0, commits[1e7c2804-6315-4ea1-a19d-948e315fb9b4:c18, fbf37fd0-cd16-4237-a40d-69722fedc998:c17, 6820f5c3-6a00-4616-8415-97e192fe644d:c16]
2019-09-06 21:00:40,604 [grpc-default-executor-8] INFO  client.GrpcClientProtocolClient (GrpcClientProtocolClient.java:onNext(255)) - client-BDA9335C03EB->1e7c2804-6315-4ea1-a19d-948e315fb9b4: receive RaftClientReply:client-BDA9335C03EB->1e7c2804-6315-4ea1-a19d-948e315fb9b4@group-E2322F3ACBE7, cid=186, FAILED org.apache.ratis.protocol.StateMachineException: org.apache.hadoop.hdds.scm.container.common.helpers.ContainerNotOpenException from Server 1e7c2804-6315-4ea1-a19d-948e315fb9b4: Container 1 in CLOSING state, logIndex=0, commits[1e7c2804-6315-4ea1-a19d-948e315fb9b4:c18, fbf37fd0-cd16-4237-a40d-69722fedc998:c17, 6820f5c3-6a00-4616-8415-97e192fe644d:c16]
21:00:40.605 [grpc-default-executor-4] ERROR DNAudit - user=null | ip=null | op=WRITE_CHUNK {blockData=conID: 1 locID: 102747577960562701 bcsId: 14} | ret=FAILURE
org.apache.hadoop.hdds.scm.container.common.helpers.ContainerNotOpenException: Container 1 in CLOSING state
	at org.apache.hadoop.ozone.container.common.impl.HddsDispatcher.validateContainerCommand(HddsDispatcher.java:408) ~[hadoop-hdds-container-service-0.5.0-SNAPSHOT.jar:?]
	at org.apache.hadoop.ozone.container.common.transport.server.ratis.ContainerStateMachine.startTransaction(ContainerStateMachine.java:310) ~[hadoop-hdds-container-service-0.5.0-SNAPSHOT.jar:?]
	at org.apache.ratis.server.impl.RaftServerImpl.submitClientRequestAsync(RaftServerImpl.java:566) ~[ratis-server-0.4.0-2337318-SNAPSHOT.jar:0.4.0-2337318-SNAPSHOT]
	at org.apache.ratis.server.impl.RaftServerProxy.lambda$submitClientRequestAsync$7(RaftServerProxy.java:333) ~[ratis-server-0.4.0-2337318-SNAPSHOT.jar:0.4.0-2337318-SNAPSHOT]
	at org.apache.ratis.server.impl.RaftServerProxy.lambda$null$5(RaftServerProxy.java:328) ~[ratis-server-0.4.0-2337318-SNAPSHOT.jar:0.4.0-2337318-SNAPSHOT]
	at org.apache.ratis.util.JavaUtils.callAsUnchecked(JavaUtils.java:109) ~[ratis-common-0.4.0-2337318-SNAPSHOT.jar:0.4.0-2337318-SNAPSHOT]
	at org.apache.ratis.server.impl.RaftServerProxy.lambda$submitRequest$6(RaftServerProxy.java:328) ~[ratis-server-0.4.0-2337318-SNAPSHOT.jar:0.4.0-2337318-SNAPSHOT]
	at java.util.concurrent.CompletableFuture.uniComposeStage(CompletableFuture.java:981) ~[?:1.8.0_212]
	at java.util.concurrent.CompletableFuture.thenCompose(CompletableFuture.java:2124) ~[?:1.8.0_212]
	at org.apache.ratis.server.impl.RaftServerProxy.submitRequest(RaftServerProxy.java:327) ~[ratis-server-0.4.0-2337318-SNAPSHOT.jar:0.4.0-2337318-SNAPSHOT]
	at org.apache.ratis.server.impl.RaftServerProxy.submitClientRequestAsync(RaftServerProxy.java:333) ~[ratis-server-0.4.0-2337318-SNAPSHOT.jar:0.4.0-2337318-SNAPSHOT]
	at org.apache.ratis.grpc.client.GrpcClientProtocolService$RequestStreamObserver.processClientRequest(GrpcClientProtocolService.java:220) ~[ratis-grpc-0.4.0-2337318-SNAPSHOT.jar:0.4.0-2337318-SNAPSHOT]
	at org.apache.ratis.grpc.client.GrpcClientProtocolService$OrderedRequestStreamObserver.processClientRequest(GrpcClientProtocolService.java:326) ~[ratis-grpc-0.4.0-2337318-SNAPSHOT.jar:0.4.0-2337318-SNAPSHOT]
	at org.apache.ratis.util.SlidingWindow$Server.processRequestsFromHead(SlidingWindow.java:429) [ratis-common-0.4.0-2337318-SNAPSHOT.jar:0.4.0-2337318-SNAPSHOT]
	at org.apache.ratis.util.SlidingWindow$Server.receivedRequest(SlidingWindow.java:421) [ratis-common-0.4.0-2337318-SNAPSHOT.jar:0.4.0-2337318-SNAPSHOT]
	at org.apache.ratis.grpc.client.GrpcClientProtocolService$OrderedRequestStreamObserver.processClientRequest(GrpcClientProtocolService.java:345) [ratis-grpc-0.4.0-2337318-SNAPSHOT.jar:0.4.0-2337318-SNAPSHOT]
	at org.apache.ratis.grpc.client.GrpcClientProtocolService$RequestStreamObserver.onNext(GrpcClientProtocolService.java:240) [ratis-grpc-0.4.0-2337318-SNAPSHOT.jar:0.4.0-2337318-SNAPSHOT]
	at org.apache.ratis.grpc.client.GrpcClientProtocolService$RequestStreamObserver.onNext(GrpcClientProtocolService.java:168) [ratis-grpc-0.4.0-2337318-SNAPSHOT.jar:0.4.0-2337318-SNAPSHOT]
	at org.apache.ratis.thirdparty.io.grpc.stub.ServerCalls$StreamingServerCallHandler$StreamingServerCallListener.onMessage(ServerCalls.java:248) [ratis-thirdparty-misc-0.2.0.jar:0.2.0]
	at org.apache.ratis.thirdparty.io.grpc.internal.ServerCallImpl$ServerStreamListenerImpl.messagesAvailable(ServerCallImpl.java:263) [ratis-thirdparty-misc-0.2.0.jar:0.2.0]
	at org.apache.ratis.thirdparty.io.grpc.internal.ServerImpl$JumpToApplicationThreadServerStreamListener$1MessagesAvailable.runInContext(ServerImpl.java:686) [ratis-thirdparty-misc-0.2.0.jar:0.2.0]
	at org.apache.ratis.thirdparty.io.grpc.internal.ContextRunnable.run(ContextRunnable.java:37) [ratis-thirdparty-misc-0.2.0.jar:0.2.0]
	at org.apache.ratis.thirdparty.io.grpc.internal.SerializingExecutor.run(SerializingExecutor.java:123) [ratis-thirdparty-misc-0.2.0.jar:0.2.0]
	at java.util.concurrent.ThreadPoolExecutor.runWorker(ThreadPoolExecutor.java:1149) [?:1.8.0_212]
	at java.util.concurrent.ThreadPoolExecutor$Worker.run(ThreadPoolExecutor.java:624) [?:1.8.0_212]
	at java.lang.Thread.run(Thread.java:748) [?:1.8.0_212]
2019-09-06 21:00:40,612 [grpc-default-executor-8] INFO  client.GrpcClientProtocolClient (GrpcClientProtocolClient.java:onNext(255)) - client-BDA9335C03EB->1e7c2804-6315-4ea1-a19d-948e315fb9b4: receive RaftClientReply:client-BDA9335C03EB->1e7c2804-6315-4ea1-a19d-948e315fb9b4@group-E2322F3ACBE7, cid=187, FAILED org.apache.ratis.protocol.StateMachineException: org.apache.hadoop.hdds.scm.container.common.helpers.ContainerNotOpenException from Server 1e7c2804-6315-4ea1-a19d-948e315fb9b4: Container 1 in CLOSING state, logIndex=0, commits[1e7c2804-6315-4ea1-a19d-948e315fb9b4:c18, fbf37fd0-cd16-4237-a40d-69722fedc998:c17, 6820f5c3-6a00-4616-8415-97e192fe644d:c16]
21:00:40.611 [grpc-default-executor-4] ERROR DNAudit - user=null | ip=null | op=PUT_BLOCK {blockData=[blockId=conID: 1 locID: 102747577960562701 bcsId: 0,size=800]} | ret=FAILURE
org.apache.hadoop.hdds.scm.container.common.helpers.ContainerNotOpenException: Container 1 in CLOSING state
	at org.apache.hadoop.ozone.container.common.impl.HddsDispatcher.validateContainerCommand(HddsDispatcher.java:408) ~[hadoop-hdds-container-service-0.5.0-SNAPSHOT.jar:?]
	at org.apache.hadoop.ozone.container.common.transport.server.ratis.ContainerStateMachine.startTransaction(ContainerStateMachine.java:310) ~[hadoop-hdds-container-service-0.5.0-SNAPSHOT.jar:?]
	at org.apache.ratis.server.impl.RaftServerImpl.submitClientRequestAsync(RaftServerImpl.java:566) ~[ratis-server-0.4.0-2337318-SNAPSHOT.jar:0.4.0-2337318-SNAPSHOT]
	at org.apache.ratis.server.impl.RaftServerProxy.lambda$submitClientRequestAsync$7(RaftServerProxy.java:333) ~[ratis-server-0.4.0-2337318-SNAPSHOT.jar:0.4.0-2337318-SNAPSHOT]
	at org.apache.ratis.server.impl.RaftServerProxy.lambda$null$5(RaftServerProxy.java:328) ~[ratis-server-0.4.0-2337318-SNAPSHOT.jar:0.4.0-2337318-SNAPSHOT]
	at org.apache.ratis.util.JavaUtils.callAsUnchecked(JavaUtils.java:109) ~[ratis-common-0.4.0-2337318-SNAPSHOT.jar:0.4.0-2337318-SNAPSHOT]
	at org.apache.ratis.server.impl.RaftServerProxy.lambda$submitRequest$6(RaftServerProxy.java:328) ~[ratis-server-0.4.0-2337318-SNAPSHOT.jar:0.4.0-2337318-SNAPSHOT]
	at java.util.concurrent.CompletableFuture.uniComposeStage(CompletableFuture.java:981) ~[?:1.8.0_212]
	at java.util.concurrent.CompletableFuture.thenCompose(CompletableFuture.java:2124) ~[?:1.8.0_212]
	at org.apache.ratis.server.impl.RaftServerProxy.submitRequest(RaftServerProxy.java:327) ~[ratis-server-0.4.0-2337318-SNAPSHOT.jar:0.4.0-2337318-SNAPSHOT]
	at org.apache.ratis.server.impl.RaftServerProxy.submitClientRequestAsync(RaftServerProxy.java:333) ~[ratis-server-0.4.0-2337318-SNAPSHOT.jar:0.4.0-2337318-SNAPSHOT]
	at org.apache.ratis.grpc.client.GrpcClientProtocolService$RequestStreamObserver.processClientRequest(GrpcClientProtocolService.java:220) ~[ratis-grpc-0.4.0-2337318-SNAPSHOT.jar:0.4.0-2337318-SNAPSHOT]
	at org.apache.ratis.grpc.client.GrpcClientProtocolService$OrderedRequestStreamObserver.processClientRequest(GrpcClientProtocolService.java:326) ~[ratis-grpc-0.4.0-2337318-SNAPSHOT.jar:0.4.0-2337318-SNAPSHOT]
	at org.apache.ratis.util.SlidingWindow$Server.processRequestsFromHead(SlidingWindow.java:429) [ratis-common-0.4.0-2337318-SNAPSHOT.jar:0.4.0-2337318-SNAPSHOT]
	at org.apache.ratis.util.SlidingWindow$Server.receivedRequest(SlidingWindow.java:421) [ratis-common-0.4.0-2337318-SNAPSHOT.jar:0.4.0-2337318-SNAPSHOT]
	at org.apache.ratis.grpc.client.GrpcClientProtocolService$OrderedRequestStreamObserver.processClientRequest(GrpcClientProtocolService.java:345) [ratis-grpc-0.4.0-2337318-SNAPSHOT.jar:0.4.0-2337318-SNAPSHOT]
	at org.apache.ratis.grpc.client.GrpcClientProtocolService$RequestStreamObserver.onNext(GrpcClientProtocolService.java:240) [ratis-grpc-0.4.0-2337318-SNAPSHOT.jar:0.4.0-2337318-SNAPSHOT]
	at org.apache.ratis.grpc.client.GrpcClientProtocolService$RequestStreamObserver.onNext(GrpcClientProtocolService.java:168) [ratis-grpc-0.4.0-2337318-SNAPSHOT.jar:0.4.0-2337318-SNAPSHOT]
	at org.apache.ratis.thirdparty.io.grpc.stub.ServerCalls$StreamingServerCallHandler$StreamingServerCallListener.onMessage(ServerCalls.java:248) [ratis-thirdparty-misc-0.2.0.jar:0.2.0]
	at org.apache.ratis.thirdparty.io.grpc.internal.ServerCallImpl$ServerStreamListenerImpl.messagesAvailable(ServerCallImpl.java:263) [ratis-thirdparty-misc-0.2.0.jar:0.2.0]
	at org.apache.ratis.thirdparty.io.grpc.internal.ServerImpl$JumpToApplicationThreadServerStreamListener$1MessagesAvailable.runInContext(ServerImpl.java:686) [ratis-thirdparty-misc-0.2.0.jar:0.2.0]
	at org.apache.ratis.thirdparty.io.grpc.internal.ContextRunnable.run(ContextRunnable.java:37) [ratis-thirdparty-misc-0.2.0.jar:0.2.0]
	at org.apache.ratis.thirdparty.io.grpc.internal.SerializingExecutor.run(SerializingExecutor.java:123) [ratis-thirdparty-misc-0.2.0.jar:0.2.0]
	at java.util.concurrent.ThreadPoolExecutor.runWorker(ThreadPoolExecutor.java:1149) [?:1.8.0_212]
	at java.util.concurrent.ThreadPoolExecutor$Worker.run(ThreadPoolExecutor.java:624) [?:1.8.0_212]
	at java.lang.Thread.run(Thread.java:748) [?:1.8.0_212]
2019-09-06 21:00:40,613 [grpc-default-executor-8] INFO  client.GrpcClientProtocolClient (GrpcClientProtocolClient.java:onNext(255)) - client-BDA9335C03EB->1e7c2804-6315-4ea1-a19d-948e315fb9b4: receive RaftClientReply:client-BDA9335C03EB->1e7c2804-6315-4ea1-a19d-948e315fb9b4@group-E2322F3ACBE7, cid=188, FAILED org.apache.ratis.protocol.StateMachineException: org.apache.hadoop.hdds.scm.container.common.helpers.ContainerNotOpenException from Server 1e7c2804-6315-4ea1-a19d-948e315fb9b4: Container 1 in CLOSING state, logIndex=0, commits[1e7c2804-6315-4ea1-a19d-948e315fb9b4:c18, fbf37fd0-cd16-4237-a40d-69722fedc998:c17, 6820f5c3-6a00-4616-8415-97e192fe644d:c16]
2019-09-06 21:00:40,624 [grpc-default-executor-8] INFO  client.GrpcClientProtocolClient (GrpcClientProtocolClient.java:onNext(255)) - client-BDA9335C03EB->1e7c2804-6315-4ea1-a19d-948e315fb9b4: receive RaftClientReply:client-BDA9335C03EB->1e7c2804-6315-4ea1-a19d-948e315fb9b4@group-E2322F3ACBE7, cid=189, FAILED org.apache.ratis.protocol.StateMachineException: org.apache.hadoop.hdds.scm.container.common.helpers.ContainerNotOpenException from Server 1e7c2804-6315-4ea1-a19d-948e315fb9b4: Container 1 in CLOSING state, logIndex=0, commits[1e7c2804-6315-4ea1-a19d-948e315fb9b4:c18, fbf37fd0-cd16-4237-a40d-69722fedc998:c17, 6820f5c3-6a00-4616-8415-97e192fe644d:c16]
2019-09-06 21:00:40,670 [grpc-default-executor-8] INFO  client.GrpcClientProtocolClient (GrpcClientProtocolClient.java:onNext(255)) - client-5BA46C921FFF->d6006497-b0fb-42f8-ab26-f6c3c9c7f1ef: receive RaftClientReply:client-5BA46C921FFF->d6006497-b0fb-42f8-ab26-f6c3c9c7f1ef@group-7524C19ECF18, cid=190, FAILED org.apache.ratis.protocol.NotLeaderException: Server d6006497-b0fb-42f8-ab26-f6c3c9c7f1ef is not the leader (f08ec93a-17fb-4985-ac3a-369735124bec:192.168.69.79:37055). Request must be sent to leader., logIndex=0, commits[d6006497-b0fb-42f8-ab26-f6c3c9c7f1ef:c0, 09e4882c-6b26-4422-8bfe-d1403bdd4066:c0, f08ec93a-17fb-4985-ac3a-369735124bec:c0]
2019-09-06 21:00:40,855 [grpc-default-executor-4] INFO  client.GrpcClientProtocolClient (GrpcClientProtocolClient.java:onNext(255)) - client-5BA46C921FFF->f08ec93a-17fb-4985-ac3a-369735124bec: receive RaftClientReply:client-5BA46C921FFF->f08ec93a-17fb-4985-ac3a-369735124bec@group-7524C19ECF18, cid=190, SUCCESS, logIndex=1, commits[f08ec93a-17fb-4985-ac3a-369735124bec:c1, d6006497-b0fb-42f8-ab26-f6c3c9c7f1ef:c0, 09e4882c-6b26-4422-8bfe-d1403bdd4066:c0]
2019-09-06 21:00:40,870 [grpc-default-executor-7] INFO  client.GrpcClientProtocolClient (GrpcClientProtocolClient.java:onNext(255)) - client-5BA46C921FFF->f08ec93a-17fb-4985-ac3a-369735124bec: receive RaftClientReply:client-5BA46C921FFF->f08ec93a-17fb-4985-ac3a-369735124bec@group-7524C19ECF18, cid=191, SUCCESS, logIndex=3, commits[f08ec93a-17fb-4985-ac3a-369735124bec:c5, d6006497-b0fb-42f8-ab26-f6c3c9c7f1ef:c1, 09e4882c-6b26-4422-8bfe-d1403bdd4066:c1]
2019-09-06 21:00:40,938 [grpc-default-executor-0] INFO  client.GrpcClientProtocolClient (GrpcClientProtocolClient.java:onNext(255)) - client-5BA46C921FFF->f08ec93a-17fb-4985-ac3a-369735124bec: receive RaftClientReply:client-5BA46C921FFF->f08ec93a-17fb-4985-ac3a-369735124bec@group-7524C19ECF18, cid=192, SUCCESS, logIndex=4, commits[f08ec93a-17fb-4985-ac3a-369735124bec:c12, d6006497-b0fb-42f8-ab26-f6c3c9c7f1ef:c7, 09e4882c-6b26-4422-8bfe-d1403bdd4066:c7]
2019-09-06 21:00:40,939 [grpc-default-executor-0] INFO  client.GrpcClientProtocolClient (GrpcClientProtocolClient.java:onNext(255)) - client-5BA46C921FFF->f08ec93a-17fb-4985-ac3a-369735124bec: receive RaftClientReply:client-5BA46C921FFF->f08ec93a-17fb-4985-ac3a-369735124bec@group-7524C19ECF18, cid=193, SUCCESS, logIndex=5, commits[f08ec93a-17fb-4985-ac3a-369735124bec:c12, d6006497-b0fb-42f8-ab26-f6c3c9c7f1ef:c7, 09e4882c-6b26-4422-8bfe-d1403bdd4066:c7]
2019-09-06 21:00:40,940 [grpc-default-executor-0] INFO  client.GrpcClientProtocolClient (GrpcClientProtocolClient.java:onNext(255)) - client-5BA46C921FFF->f08ec93a-17fb-4985-ac3a-369735124bec: receive RaftClientReply:client-5BA46C921FFF->f08ec93a-17fb-4985-ac3a-369735124bec@group-7524C19ECF18, cid=194, SUCCESS, logIndex=6, commits[f08ec93a-17fb-4985-ac3a-369735124bec:c12, d6006497-b0fb-42f8-ab26-f6c3c9c7f1ef:c7, 09e4882c-6b26-4422-8bfe-d1403bdd4066:c7]
2019-09-06 21:00:41,084 [grpc-default-executor-0] WARN  server.GrpcLogAppender (LogUtils.java:warn(134)) - 1e7c2804-6315-4ea1-a19d-948e315fb9b4->6820f5c3-6a00-4616-8415-97e192fe644d: Failed appendEntries: org.apache.ratis.thirdparty.io.grpc.StatusRuntimeException: UNAVAILABLE: io exception
2019-09-06 21:00:41,084 [grpc-default-executor-4] INFO  client.GrpcClientProtocolClient (GrpcClientProtocolClient.java:onNext(255)) - client-5BA46C921FFF->f08ec93a-17fb-4985-ac3a-369735124bec: receive RaftClientReply:client-5BA46C921FFF->f08ec93a-17fb-4985-ac3a-369735124bec@group-7524C19ECF18, cid=195, SUCCESS, logIndex=7, commits[f08ec93a-17fb-4985-ac3a-369735124bec:c12, d6006497-b0fb-42f8-ab26-f6c3c9c7f1ef:c7, 09e4882c-6b26-4422-8bfe-d1403bdd4066:c7]
2019-09-06 21:00:41,084 [grpc-default-executor-0] INFO  impl.FollowerInfo (FollowerInfo.java:lambda$new$0(50)) - 1e7c2804-6315-4ea1-a19d-948e315fb9b4->6820f5c3-6a00-4616-8415-97e192fe644d: nextIndex: updateUnconditionally 1 -> 0
2019-09-06 21:00:41,104 [grpc-default-executor-4] INFO  client.GrpcClientProtocolClient (GrpcClientProtocolClient.java:onNext(255)) - client-5BA46C921FFF->f08ec93a-17fb-4985-ac3a-369735124bec: receive RaftClientReply:client-5BA46C921FFF->f08ec93a-17fb-4985-ac3a-369735124bec@group-7524C19ECF18, cid=196, SUCCESS, logIndex=13, commits[f08ec93a-17fb-4985-ac3a-369735124bec:c14, d6006497-b0fb-42f8-ab26-f6c3c9c7f1ef:c12, 09e4882c-6b26-4422-8bfe-d1403bdd4066:c12]
2019-09-06 21:00:41,105 [grpc-default-executor-4] INFO  client.GrpcClientProtocolClient (GrpcClientProtocolClient.java:onNext(255)) - client-5BA46C921FFF->f08ec93a-17fb-4985-ac3a-369735124bec: receive RaftClientReply:client-5BA46C921FFF->f08ec93a-17fb-4985-ac3a-369735124bec@group-7524C19ECF18, cid=197, SUCCESS, logIndex=14, commits[f08ec93a-17fb-4985-ac3a-369735124bec:c14, d6006497-b0fb-42f8-ab26-f6c3c9c7f1ef:c12, 09e4882c-6b26-4422-8bfe-d1403bdd4066:c12]
2019-09-06 21:00:41,112 [grpc-default-executor-4] INFO  client.GrpcClientProtocolClient (GrpcClientProtocolClient.java:onNext(255)) - client-5BA46C921FFF->f08ec93a-17fb-4985-ac3a-369735124bec: receive RaftClientReply:client-5BA46C921FFF->f08ec93a-17fb-4985-ac3a-369735124bec@group-7524C19ECF18, cid=198, SUCCESS, logIndex=0, commits[f08ec93a-17fb-4985-ac3a-369735124bec:c16, d6006497-b0fb-42f8-ab26-f6c3c9c7f1ef:c14, 09e4882c-6b26-4422-8bfe-d1403bdd4066:c14]
2019-09-06 21:00:41,113 [main] INFO  ozone.MiniOzoneClusterImpl (MiniOzoneClusterImpl.java:shutdown(307)) - Shutting down the Mini Ozone Cluster
2019-09-06 21:00:41,113 [main] INFO  ozone.MiniOzoneClusterImpl (MiniOzoneClusterImpl.java:stop(322)) - Stopping the Mini Ozone Cluster
2019-09-06 21:00:41,114 [main] INFO  ozone.MiniOzoneClusterImpl (MiniOzoneClusterImpl.java:stop(324)) - Stopping the OzoneManager
2019-09-06 21:00:41,114 [main] INFO  ipc.Server (Server.java:stop(3082)) - Stopping server on 44117
2019-09-06 21:00:41,127 [IPC Server listener on 44117] INFO  ipc.Server (Server.java:run(1185)) - Stopping IPC Server listener on 44117
2019-09-06 21:00:41,129 [main] INFO  ratis.OzoneManagerDoubleBuffer (OzoneManagerDoubleBuffer.java:stop(248)) - Stopping OMDoubleBuffer flush thread
2019-09-06 21:00:41,130 [IPC Server Responder] INFO  ipc.Server (Server.java:run(1319)) - Stopping IPC Server Responder
2019-09-06 21:00:41,141 [OMDoubleBufferFlushThread] INFO  ratis.OzoneManagerDoubleBuffer (OzoneManagerDoubleBuffer.java:flushTransactions(191)) - OMDoubleBuffer flush thread OMDoubleBufferFlushThread is interrupted and will exit. OMDoubleBufferFlushThread
2019-09-06 21:00:41,141 [main] INFO  utils.BackgroundService (BackgroundService.java:shutdown(148)) - Shutting down service KeyDeletingService
2019-09-06 21:00:41,143 [main] INFO  handler.ContextHandler (ContextHandler.java:doStop(910)) - Stopped o.e.j.w.WebAppContext@2e6d76ba{/,null,UNAVAILABLE}{/ozoneManager}
2019-09-06 21:00:41,144 [main] INFO  server.AbstractConnector (AbstractConnector.java:doStop(318)) - Stopped ServerConnector@22a6d75c{HTTP/1.1,[http/1.1]}{0.0.0.0:0}
2019-09-06 21:00:41,144 [main] INFO  handler.ContextHandler (ContextHandler.java:doStop(910)) - Stopped o.e.j.s.ServletContextHandler@1bd8afc8{/static,file:///workdir/hadoop-ozone/integration-test/target/test-classes/webapps/static,UNAVAILABLE}
2019-09-06 21:00:41,145 [main] INFO  handler.ContextHandler (ContextHandler.java:doStop(910)) - Stopped o.e.j.s.ServletContextHandler@6544899b{/logs,file:///workdir/hadoop-ozone/integration-test/target/log,UNAVAILABLE}
2019-09-06 21:00:41,147 [main] INFO  ozone.MiniOzoneClusterImpl (MiniOzoneClusterImpl.java:stop(330)) - Shutting the HddsDatanodes
2019-09-06 21:00:41,836 [Datanode State Machine Thread - 0] INFO  statemachine.DatanodeStateMachine (DatanodeStateMachine.java:lambda$startDaemon$0(350)) - Ozone container server started.
2019-09-06 21:00:42,081 [Datanode State Machine Thread - 0] INFO  statemachine.DatanodeStateMachine (DatanodeStateMachine.java:lambda$startDaemon$0(350)) - Ozone container server started.
2019-09-06 21:00:43,584 [grpc-default-executor-7] WARN  server.GrpcLogAppender (LogUtils.java:warn(134)) - 1e7c2804-6315-4ea1-a19d-948e315fb9b4->6820f5c3-6a00-4616-8415-97e192fe644d: Failed appendEntries: org.apache.ratis.thirdparty.io.grpc.StatusRuntimeException: UNAVAILABLE: io exception
2019-09-06 21:00:43,584 [grpc-default-executor-7] INFO  impl.FollowerInfo (FollowerInfo.java:lambda$new$0(50)) - 1e7c2804-6315-4ea1-a19d-948e315fb9b4->6820f5c3-6a00-4616-8415-97e192fe644d: nextIndex: updateUnconditionally 0 -> 0
2019-09-06 21:00:45,845 [EventQueue-StaleNodeForStaleNodeHandler] INFO  node.StaleNodeHandler (StaleNodeHandler.java:onMessage(58)) - Datanode d6006497-b0fb-42f8-ab26-f6c3c9c7f1ef{ip: 192.168.69.79, host: pr-hdds-2087-j7wfl-3989464410, networkLocation: /default-rack, certSerialId: null} moved to stale state. Finalizing its pipelines [PipelineID=922ddbc3-0c8b-467d-8448-577ac5850b87, PipelineID=96668254-eba9-4934-96d7-7524c19ecf18]
2019-09-06 21:00:45,845 [EventQueue-StaleNodeForStaleNodeHandler] INFO  pipeline.SCMPipelineManager (SCMPipelineManager.java:finalizeAndDestroyPipeline(311)) - destroying pipeline:Pipeline[ Id: 922ddbc3-0c8b-467d-8448-577ac5850b87, Nodes: d6006497-b0fb-42f8-ab26-f6c3c9c7f1ef{ip: 192.168.69.79, host: pr-hdds-2087-j7wfl-3989464410, networkLocation: /default-rack, certSerialId: null}, Type:RATIS, Factor:ONE, State:OPEN]
2019-09-06 21:00:45,845 [EventQueue-StaleNodeForStaleNodeHandler] INFO  pipeline.PipelineStateManager (PipelineStateManager.java:finalizePipeline(123)) - Pipeline Pipeline[ Id: 922ddbc3-0c8b-467d-8448-577ac5850b87, Nodes: d6006497-b0fb-42f8-ab26-f6c3c9c7f1ef{ip: 192.168.69.79, host: pr-hdds-2087-j7wfl-3989464410, networkLocation: /default-rack, certSerialId: null}, Type:RATIS, Factor:ONE, State:CLOSED] moved to CLOSED state
2019-09-06 21:00:45,846 [EventQueue-StaleNodeForStaleNodeHandler] INFO  pipeline.SCMPipelineManager (SCMPipelineManager.java:finalizeAndDestroyPipeline(311)) - destroying pipeline:Pipeline[ Id: 96668254-eba9-4934-96d7-7524c19ecf18, Nodes: d6006497-b0fb-42f8-ab26-f6c3c9c7f1ef{ip: 192.168.69.79, host: pr-hdds-2087-j7wfl-3989464410, networkLocation: /default-rack, certSerialId: null}09e4882c-6b26-4422-8bfe-d1403bdd4066{ip: 192.168.69.79, host: pr-hdds-2087-j7wfl-3989464410, networkLocation: /default-rack, certSerialId: null}f08ec93a-17fb-4985-ac3a-369735124bec{ip: 192.168.69.79, host: pr-hdds-2087-j7wfl-3989464410, networkLocation: /default-rack, certSerialId: null}, Type:RATIS, Factor:THREE, State:OPEN]
2019-09-06 21:00:45,846 [EventQueue-StaleNodeForStaleNodeHandler] INFO  pipeline.PipelineStateManager (PipelineStateManager.java:finalizePipeline(123)) - Pipeline Pipeline[ Id: 96668254-eba9-4934-96d7-7524c19ecf18, Nodes: d6006497-b0fb-42f8-ab26-f6c3c9c7f1ef{ip: 192.168.69.79, host: pr-hdds-2087-j7wfl-3989464410, networkLocation: /default-rack, certSerialId: null}09e4882c-6b26-4422-8bfe-d1403bdd4066{ip: 192.168.69.79, host: pr-hdds-2087-j7wfl-3989464410, networkLocation: /default-rack, certSerialId: null}f08ec93a-17fb-4985-ac3a-369735124bec{ip: 192.168.69.79, host: pr-hdds-2087-j7wfl-3989464410, networkLocation: /default-rack, certSerialId: null}, Type:RATIS, Factor:THREE, State:CLOSED] moved to CLOSED state
2019-09-06 21:00:45,846 [EventQueue-CloseContainerForCloseContainerEventHandler] INFO  container.CloseContainerEventHandler (CloseContainerEventHandler.java:onMessage(61)) - Close container Event triggered for container : #2
2019-09-06 21:00:46,085 [grpc-default-executor-4] WARN  server.GrpcLogAppender (LogUtils.java:warn(134)) - 1e7c2804-6315-4ea1-a19d-948e315fb9b4->6820f5c3-6a00-4616-8415-97e192fe644d: Failed appendEntries: org.apache.ratis.thirdparty.io.grpc.StatusRuntimeException: UNAVAILABLE: io exception
2019-09-06 21:00:46,085 [grpc-default-executor-4] INFO  impl.FollowerInfo (FollowerInfo.java:lambda$new$0(50)) - 1e7c2804-6315-4ea1-a19d-948e315fb9b4->6820f5c3-6a00-4616-8415-97e192fe644d: nextIndex: updateUnconditionally 0 -> 0
2019-09-06 21:00:46,145 [EventQueue-StaleNodeForStaleNodeHandler] INFO  node.StaleNodeHandler (StaleNodeHandler.java:onMessage(58)) - Datanode fbf37fd0-cd16-4237-a40d-69722fedc998{ip: 192.168.69.79, host: pr-hdds-2087-j7wfl-3989464410, networkLocation: /default-rack, certSerialId: null} moved to stale state. Finalizing its pipelines [PipelineID=6153a5fb-a965-494a-983f-e2322f3acbe7, PipelineID=b8b39fc7-0722-4871-808f-df2a3a41eb4c]
2019-09-06 21:00:46,145 [EventQueue-StaleNodeForStaleNodeHandler] INFO  pipeline.SCMPipelineManager (SCMPipelineManager.java:finalizeAndDestroyPipeline(311)) - destroying pipeline:Pipeline[ Id: 6153a5fb-a965-494a-983f-e2322f3acbe7, Nodes: 6820f5c3-6a00-4616-8415-97e192fe644d{ip: 192.168.69.79, host: pr-hdds-2087-j7wfl-3989464410, networkLocation: /default-rack, certSerialId: null}1e7c2804-6315-4ea1-a19d-948e315fb9b4{ip: 192.168.69.79, host: pr-hdds-2087-j7wfl-3989464410, networkLocation: /default-rack, certSerialId: null}fbf37fd0-cd16-4237-a40d-69722fedc998{ip: 192.168.69.79, host: pr-hdds-2087-j7wfl-3989464410, networkLocation: /default-rack, certSerialId: null}, Type:RATIS, Factor:THREE, State:CLOSED]
2019-09-06 21:00:46,145 [EventQueue-StaleNodeForStaleNodeHandler] INFO  pipeline.SCMPipelineManager (SCMPipelineManager.java:finalizeAndDestroyPipeline(311)) - destroying pipeline:Pipeline[ Id: b8b39fc7-0722-4871-808f-df2a3a41eb4c, Nodes: fbf37fd0-cd16-4237-a40d-69722fedc998{ip: 192.168.69.79, host: pr-hdds-2087-j7wfl-3989464410, networkLocation: /default-rack, certSerialId: null}, Type:RATIS, Factor:ONE, State:OPEN]
2019-09-06 21:00:46,146 [EventQueue-StaleNodeForStaleNodeHandler] INFO  pipeline.PipelineStateManager (PipelineStateManager.java:finalizePipeline(123)) - Pipeline Pipeline[ Id: b8b39fc7-0722-4871-808f-df2a3a41eb4c, Nodes: fbf37fd0-cd16-4237-a40d-69722fedc998{ip: 192.168.69.79, host: pr-hdds-2087-j7wfl-3989464410, networkLocation: /default-rack, certSerialId: null}, Type:RATIS, Factor:ONE, State:CLOSED] moved to CLOSED state
2019-09-06 21:00:46,151 [ForkJoinPool.commonPool-worker-0] INFO  ozoneimpl.OzoneContainer (OzoneContainer.java:stop(230)) - Attempting to stop container services.
2019-09-06 21:00:46,151 [main] INFO  ozoneimpl.OzoneContainer (OzoneContainer.java:stop(230)) - Attempting to stop container services.
2019-09-06 21:00:46,151 [ForkJoinPool.commonPool-worker-0] INFO  impl.RaftServerProxy (RaftServerProxy.java:lambda$close$4(314)) - d6006497-b0fb-42f8-ab26-f6c3c9c7f1ef: close
2019-09-06 21:00:46,152 [main] INFO  impl.RaftServerProxy (RaftServerProxy.java:lambda$close$4(314)) - fbf37fd0-cd16-4237-a40d-69722fedc998: close
2019-09-06 21:00:46,152 [ForkJoinPool.commonPool-worker-0] INFO  impl.RaftServerImpl (RaftServerImpl.java:lambda$shutdown$3(245)) - d6006497-b0fb-42f8-ab26-f6c3c9c7f1ef: shutdown group-577AC5850B87
2019-09-06 21:00:46,152 [main] INFO  impl.RaftServerImpl (RaftServerImpl.java:lambda$shutdown$3(245)) - fbf37fd0-cd16-4237-a40d-69722fedc998: shutdown group-E2322F3ACBE7
2019-09-06 21:00:46,152 [ForkJoinPool.commonPool-worker-0] INFO  util.JmxRegister (JmxRegister.java:unregister(73)) - Successfully un-registered JMX Bean with object name Ratis:service=RaftServer,group=group-577AC5850B87,id=d6006497-b0fb-42f8-ab26-f6c3c9c7f1ef
2019-09-06 21:00:46,153 [main] INFO  util.JmxRegister (JmxRegister.java:unregister(73)) - Successfully un-registered JMX Bean with object name Ratis:service=RaftServer,group=group-E2322F3ACBE7,id=fbf37fd0-cd16-4237-a40d-69722fedc998
2019-09-06 21:00:46,153 [ForkJoinPool.commonPool-worker-0] INFO  impl.RoleInfo (RoleInfo.java:shutdownLeaderState(104)) - d6006497-b0fb-42f8-ab26-f6c3c9c7f1ef: shutdown LeaderState
2019-09-06 21:00:46,154 [main] INFO  impl.RoleInfo (RoleInfo.java:shutdownFollowerState(121)) - fbf37fd0-cd16-4237-a40d-69722fedc998: shutdown FollowerState
2019-09-06 21:00:46,154 [ForkJoinPool.commonPool-worker-0] INFO  impl.PendingRequests (PendingRequests.java:sendNotLeaderResponses(202)) - d6006497-b0fb-42f8-ab26-f6c3c9c7f1ef-PendingRequests: sendNotLeaderResponses
2019-09-06 21:00:46,155 [Thread-3482] INFO  impl.FollowerState (FollowerState.java:run(114)) - fbf37fd0-cd16-4237-a40d-69722fedc998: FollowerState was interrupted: java.lang.InterruptedException: sleep interrupted
2019-09-06 21:00:46,155 [StateMachineUpdater:fbf37fd0-cd16-4237-a40d-69722fedc998:group-E2322F3ACBE7] INFO  ratis.ContainerStateMachine (ContainerStateMachine.java:takeSnapshot(284)) - group-E2322F3ACBE7: Taking a snapshot at:(t:1, i:14) file /workdir/hadoop-ozone/integration-test/target/test-dir/MiniOzoneClusterImpl-a4353b45-efea-4a09-bf1c-6c3a3aa95231/datanode-4/data/ratis/6153a5fb-a965-494a-983f-e2322f3acbe7/sm/snapshot.1_14
2019-09-06 21:00:46,155 [main] INFO  impl.StateMachineUpdater (StateMachineUpdater.java:stopAndJoin(115)) - StateMachineUpdater:fbf37fd0-cd16-4237-a40d-69722fedc998:group-E2322F3ACBE7: set stopIndex = 18
2019-09-06 21:00:46,155 [ForkJoinPool.commonPool-worker-0] INFO  impl.StateMachineUpdater (StateMachineUpdater.java:stopAndJoin(115)) - StateMachineUpdater:d6006497-b0fb-42f8-ab26-f6c3c9c7f1ef:group-577AC5850B87: set stopIndex = 0
2019-09-06 21:00:46,159 [ForkJoinPool.commonPool-worker-0] INFO  impl.RaftServerImpl (ServerState.java:close(394)) - d6006497-b0fb-42f8-ab26-f6c3c9c7f1ef:group-577AC5850B87 closes. The last applied log index is 0
2019-09-06 21:00:46,159 [d6006497-b0fb-42f8-ab26-f6c3c9c7f1ef-SegmentedRaftLogWorker:Storage Directory /workdir/hadoop-ozone/integration-test/target/test-dir/MiniOzoneClusterImpl-a4353b45-efea-4a09-bf1c-6c3a3aa95231/datanode-1/data/ratis/922ddbc3-0c8b-467d-8448-577ac5850b87] INFO  segmented.SegmentedRaftLogWorker (SegmentedRaftLogWorker.java:run(313)) - d6006497-b0fb-42f8-ab26-f6c3c9c7f1ef-SegmentedRaftLogWorker:Storage Directory /workdir/hadoop-ozone/integration-test/target/test-dir/MiniOzoneClusterImpl-a4353b45-efea-4a09-bf1c-6c3a3aa95231/datanode-1/data/ratis/922ddbc3-0c8b-467d-8448-577ac5850b87 was interrupted, exiting. There are 0 tasks remaining in the queue.
2019-09-06 21:00:46,169 [ForkJoinPool.commonPool-worker-0] INFO  segmented.SegmentedRaftLogWorker (SegmentedRaftLogWorker.java:close(228)) - d6006497-b0fb-42f8-ab26-f6c3c9c7f1ef-SegmentedRaftLogWorker:Storage Directory /workdir/hadoop-ozone/integration-test/target/test-dir/MiniOzoneClusterImpl-a4353b45-efea-4a09-bf1c-6c3a3aa95231/datanode-1/data/ratis/922ddbc3-0c8b-467d-8448-577ac5850b87 close()
2019-09-06 21:00:46,174 [ForkJoinPool.commonPool-worker-0] INFO  impl.RaftServerImpl (RaftServerImpl.java:lambda$shutdown$3(245)) - d6006497-b0fb-42f8-ab26-f6c3c9c7f1ef: shutdown group-7524C19ECF18
2019-09-06 21:00:46,174 [ForkJoinPool.commonPool-worker-0] INFO  util.JmxRegister (JmxRegister.java:unregister(73)) - Successfully un-registered JMX Bean with object name Ratis:service=RaftServer,group=group-7524C19ECF18,id=d6006497-b0fb-42f8-ab26-f6c3c9c7f1ef
2019-09-06 21:00:46,174 [ForkJoinPool.commonPool-worker-0] INFO  impl.RoleInfo (RoleInfo.java:shutdownFollowerState(121)) - d6006497-b0fb-42f8-ab26-f6c3c9c7f1ef: shutdown FollowerState
2019-09-06 21:00:46,174 [ForkJoinPool.commonPool-worker-0] INFO  impl.StateMachineUpdater (StateMachineUpdater.java:stopAndJoin(115)) - StateMachineUpdater:d6006497-b0fb-42f8-ab26-f6c3c9c7f1ef:group-7524C19ECF18: set stopIndex = 16
2019-09-06 21:00:46,175 [StateMachineUpdater:d6006497-b0fb-42f8-ab26-f6c3c9c7f1ef:group-7524C19ECF18] INFO  ratis.ContainerStateMachine (ContainerStateMachine.java:takeSnapshot(284)) - group-7524C19ECF18: Taking a snapshot at:(t:2, i:14) file /workdir/hadoop-ozone/integration-test/target/test-dir/MiniOzoneClusterImpl-a4353b45-efea-4a09-bf1c-6c3a3aa95231/datanode-1/data/ratis/96668254-eba9-4934-96d7-7524c19ecf18/sm/snapshot.2_14
2019-09-06 21:00:46,175 [Thread-3423] INFO  impl.FollowerState (FollowerState.java:run(114)) - d6006497-b0fb-42f8-ab26-f6c3c9c7f1ef: FollowerState was interrupted: java.lang.InterruptedException: sleep interrupted
2019-09-06 21:00:46,188 [StateMachineUpdater:fbf37fd0-cd16-4237-a40d-69722fedc998:group-E2322F3ACBE7] INFO  ratis.ContainerStateMachine (ContainerStateMachine.java:takeSnapshot(295)) - group-E2322F3ACBE7: Finished taking a snapshot at:(t:1, i:14) file:/workdir/hadoop-ozone/integration-test/target/test-dir/MiniOzoneClusterImpl-a4353b45-efea-4a09-bf1c-6c3a3aa95231/datanode-4/data/ratis/6153a5fb-a965-494a-983f-e2322f3acbe7/sm/snapshot.1_14 time:33
2019-09-06 21:00:46,188 [StateMachineUpdater:fbf37fd0-cd16-4237-a40d-69722fedc998:group-E2322F3ACBE7] INFO  impl.StateMachineUpdater (StateMachineUpdater.java:takeSnapshot(242)) - StateMachineUpdater:fbf37fd0-cd16-4237-a40d-69722fedc998:group-E2322F3ACBE7: Took a snapshot at index 14
2019-09-06 21:00:46,188 [StateMachineUpdater:fbf37fd0-cd16-4237-a40d-69722fedc998:group-E2322F3ACBE7] INFO  impl.StateMachineUpdater (StateMachineUpdater.java:lambda$new$0(80)) - StateMachineUpdater:fbf37fd0-cd16-4237-a40d-69722fedc998:group-E2322F3ACBE7: snapshotIndex: updateIncreasingly -1 -> 14
2019-09-06 21:00:46,188 [main] INFO  impl.RaftServerImpl (ServerState.java:close(394)) - fbf37fd0-cd16-4237-a40d-69722fedc998:group-E2322F3ACBE7 closes. The last applied log index is 18
2019-09-06 21:00:46,189 [fbf37fd0-cd16-4237-a40d-69722fedc998-SegmentedRaftLogWorker:Storage Directory /workdir/hadoop-ozone/integration-test/target/test-dir/MiniOzoneClusterImpl-a4353b45-efea-4a09-bf1c-6c3a3aa95231/datanode-4/data/ratis/6153a5fb-a965-494a-983f-e2322f3acbe7] INFO  segmented.SegmentedRaftLogWorker (SegmentedRaftLogWorker.java:run(313)) - fbf37fd0-cd16-4237-a40d-69722fedc998-SegmentedRaftLogWorker:Storage Directory /workdir/hadoop-ozone/integration-test/target/test-dir/MiniOzoneClusterImpl-a4353b45-efea-4a09-bf1c-6c3a3aa95231/datanode-4/data/ratis/6153a5fb-a965-494a-983f-e2322f3acbe7 was interrupted, exiting. There are 0 tasks remaining in the queue.
2019-09-06 21:00:46,192 [main] INFO  segmented.SegmentedRaftLogWorker (SegmentedRaftLogWorker.java:close(228)) - fbf37fd0-cd16-4237-a40d-69722fedc998-SegmentedRaftLogWorker:Storage Directory /workdir/hadoop-ozone/integration-test/target/test-dir/MiniOzoneClusterImpl-a4353b45-efea-4a09-bf1c-6c3a3aa95231/datanode-4/data/ratis/6153a5fb-a965-494a-983f-e2322f3acbe7 close()
2019-09-06 21:00:46,197 [main] INFO  impl.RaftServerImpl (RaftServerImpl.java:lambda$shutdown$3(245)) - fbf37fd0-cd16-4237-a40d-69722fedc998: shutdown group-DF2A3A41EB4C
2019-09-06 21:00:46,197 [main] INFO  util.JmxRegister (JmxRegister.java:unregister(73)) - Successfully un-registered JMX Bean with object name Ratis:service=RaftServer,group=group-DF2A3A41EB4C,id=fbf37fd0-cd16-4237-a40d-69722fedc998
2019-09-06 21:00:46,197 [main] INFO  impl.RoleInfo (RoleInfo.java:shutdownLeaderState(104)) - fbf37fd0-cd16-4237-a40d-69722fedc998: shutdown LeaderState
2019-09-06 21:00:46,198 [main] INFO  impl.PendingRequests (PendingRequests.java:sendNotLeaderResponses(202)) - fbf37fd0-cd16-4237-a40d-69722fedc998-PendingRequests: sendNotLeaderResponses
2019-09-06 21:00:46,199 [main] INFO  impl.StateMachineUpdater (StateMachineUpdater.java:stopAndJoin(115)) - StateMachineUpdater:fbf37fd0-cd16-4237-a40d-69722fedc998:group-DF2A3A41EB4C: set stopIndex = 0
2019-09-06 21:00:46,199 [main] INFO  impl.RaftServerImpl (ServerState.java:close(394)) - fbf37fd0-cd16-4237-a40d-69722fedc998:group-DF2A3A41EB4C closes. The last applied log index is 0
2019-09-06 21:00:46,200 [fbf37fd0-cd16-4237-a40d-69722fedc998-SegmentedRaftLogWorker:Storage Directory /workdir/hadoop-ozone/integration-test/target/test-dir/MiniOzoneClusterImpl-a4353b45-efea-4a09-bf1c-6c3a3aa95231/datanode-4/data/ratis/b8b39fc7-0722-4871-808f-df2a3a41eb4c] INFO  segmented.SegmentedRaftLogWorker (SegmentedRaftLogWorker.java:run(313)) - fbf37fd0-cd16-4237-a40d-69722fedc998-SegmentedRaftLogWorker:Storage Directory /workdir/hadoop-ozone/integration-test/target/test-dir/MiniOzoneClusterImpl-a4353b45-efea-4a09-bf1c-6c3a3aa95231/datanode-4/data/ratis/b8b39fc7-0722-4871-808f-df2a3a41eb4c was interrupted, exiting. There are 0 tasks remaining in the queue.
2019-09-06 21:00:46,210 [main] INFO  segmented.SegmentedRaftLogWorker (SegmentedRaftLogWorker.java:close(228)) - fbf37fd0-cd16-4237-a40d-69722fedc998-SegmentedRaftLogWorker:Storage Directory /workdir/hadoop-ozone/integration-test/target/test-dir/MiniOzoneClusterImpl-a4353b45-efea-4a09-bf1c-6c3a3aa95231/datanode-4/data/ratis/b8b39fc7-0722-4871-808f-df2a3a41eb4c close()
2019-09-06 21:00:46,212 [StateMachineUpdater:d6006497-b0fb-42f8-ab26-f6c3c9c7f1ef:group-7524C19ECF18] INFO  ratis.ContainerStateMachine (ContainerStateMachine.java:takeSnapshot(295)) - group-7524C19ECF18: Finished taking a snapshot at:(t:2, i:14) file:/workdir/hadoop-ozone/integration-test/target/test-dir/MiniOzoneClusterImpl-a4353b45-efea-4a09-bf1c-6c3a3aa95231/datanode-1/data/ratis/96668254-eba9-4934-96d7-7524c19ecf18/sm/snapshot.2_14 time:38
2019-09-06 21:00:46,214 [main] INFO  server.GrpcService (GrpcService.java:closeImpl(155)) - fbf37fd0-cd16-4237-a40d-69722fedc998: shutdown server with port 42262 now
2019-09-06 21:00:46,214 [StateMachineUpdater:d6006497-b0fb-42f8-ab26-f6c3c9c7f1ef:group-7524C19ECF18] INFO  impl.StateMachineUpdater (StateMachineUpdater.java:takeSnapshot(242)) - StateMachineUpdater:d6006497-b0fb-42f8-ab26-f6c3c9c7f1ef:group-7524C19ECF18: Took a snapshot at index 14
2019-09-06 21:00:46,215 [StateMachineUpdater:d6006497-b0fb-42f8-ab26-f6c3c9c7f1ef:group-7524C19ECF18] INFO  impl.StateMachineUpdater (StateMachineUpdater.java:lambda$new$0(80)) - StateMachineUpdater:d6006497-b0fb-42f8-ab26-f6c3c9c7f1ef:group-7524C19ECF18: snapshotIndex: updateIncreasingly -1 -> 14
2019-09-06 21:00:46,215 [ForkJoinPool.commonPool-worker-0] INFO  impl.RaftServerImpl (ServerState.java:close(394)) - d6006497-b0fb-42f8-ab26-f6c3c9c7f1ef:group-7524C19ECF18 closes. The last applied log index is 16
2019-09-06 21:00:46,216 [grpc-default-executor-4] WARN  server.GrpcServerProtocolService (LogUtils.java:warn(134)) - fbf37fd0-cd16-4237-a40d-69722fedc998: appendEntries onError: org.apache.ratis.thirdparty.io.grpc.StatusRuntimeException: CANCELLED: cancelled before receiving half close
2019-09-06 21:00:46,216 [main] INFO  server.GrpcService (GrpcService.java:closeImpl(163)) - fbf37fd0-cd16-4237-a40d-69722fedc998: shutdown server with port 42262 successfully
2019-09-06 21:00:46,216 [d6006497-b0fb-42f8-ab26-f6c3c9c7f1ef-SegmentedRaftLogWorker:Storage Directory /workdir/hadoop-ozone/integration-test/target/test-dir/MiniOzoneClusterImpl-a4353b45-efea-4a09-bf1c-6c3a3aa95231/datanode-1/data/ratis/96668254-eba9-4934-96d7-7524c19ecf18] INFO  segmented.SegmentedRaftLogWorker (SegmentedRaftLogWorker.java:run(313)) - d6006497-b0fb-42f8-ab26-f6c3c9c7f1ef-SegmentedRaftLogWorker:Storage Directory /workdir/hadoop-ozone/integration-test/target/test-dir/MiniOzoneClusterImpl-a4353b45-efea-4a09-bf1c-6c3a3aa95231/datanode-1/data/ratis/96668254-eba9-4934-96d7-7524c19ecf18 was interrupted, exiting. There are 0 tasks remaining in the queue.
2019-09-06 21:00:46,216 [grpc-default-executor-7] WARN  server.GrpcLogAppender (LogUtils.java:warn(134)) - 1e7c2804-6315-4ea1-a19d-948e315fb9b4->fbf37fd0-cd16-4237-a40d-69722fedc998: Failed appendEntries: org.apache.ratis.thirdparty.io.grpc.StatusRuntimeException: CANCELLED: HTTP/2 error code: CANCEL
Received Rst Stream
2019-09-06 21:00:46,222 [ForkJoinPool.commonPool-worker-0] INFO  segmented.SegmentedRaftLogWorker (SegmentedRaftLogWorker.java:close(228)) - d6006497-b0fb-42f8-ab26-f6c3c9c7f1ef-SegmentedRaftLogWorker:Storage Directory /workdir/hadoop-ozone/integration-test/target/test-dir/MiniOzoneClusterImpl-a4353b45-efea-4a09-bf1c-6c3a3aa95231/datanode-1/data/ratis/96668254-eba9-4934-96d7-7524c19ecf18 close()
2019-09-06 21:00:46,222 [grpc-default-executor-7] INFO  impl.FollowerInfo (FollowerInfo.java:lambda$new$0(50)) - 1e7c2804-6315-4ea1-a19d-948e315fb9b4->fbf37fd0-cd16-4237-a40d-69722fedc998: nextIndex: updateUnconditionally 19 -> 18
2019-09-06 21:00:46,228 [ForkJoinPool.commonPool-worker-0] INFO  server.GrpcService (GrpcService.java:closeImpl(155)) - d6006497-b0fb-42f8-ab26-f6c3c9c7f1ef: shutdown server with port 36953 now
2019-09-06 21:00:46,234 [ForkJoinPool.commonPool-worker-0] INFO  server.GrpcService (GrpcService.java:closeImpl(163)) - d6006497-b0fb-42f8-ab26-f6c3c9c7f1ef: shutdown server with port 36953 successfully
2019-09-06 21:00:46,234 [grpc-default-executor-0] WARN  server.GrpcServerProtocolService (LogUtils.java:warn(134)) - d6006497-b0fb-42f8-ab26-f6c3c9c7f1ef: appendEntries onError: org.apache.ratis.thirdparty.io.grpc.StatusRuntimeException: CANCELLED: cancelled before receiving half close
2019-09-06 21:00:46,236 [refreshUsed-/workdir/hadoop-ozone/integration-test/target/test-dir/MiniOzoneClusterImpl-a4353b45-efea-4a09-bf1c-6c3a3aa95231/datanode-4/data/containers] WARN  fs.CachingGetSpaceUsed (CachingGetSpaceUsed.java:run(183)) - Thread Interrupted waiting to refresh disk information: sleep interrupted
2019-09-06 21:00:46,236 [grpc-default-executor-4] WARN  server.GrpcLogAppender (LogUtils.java:warn(134)) - f08ec93a-17fb-4985-ac3a-369735124bec->d6006497-b0fb-42f8-ab26-f6c3c9c7f1ef: Failed appendEntries: org.apache.ratis.thirdparty.io.grpc.StatusRuntimeException: CANCELLED: HTTP/2 error code: CANCEL
Received Rst Stream
2019-09-06 21:00:46,237 [grpc-default-executor-4] INFO  impl.FollowerInfo (FollowerInfo.java:lambda$new$0(50)) - f08ec93a-17fb-4985-ac3a-369735124bec->d6006497-b0fb-42f8-ab26-f6c3c9c7f1ef: nextIndex: updateUnconditionally 17 -> 16
2019-09-06 21:00:46,240 [refreshUsed-/workdir/hadoop-ozone/integration-test/target/test-dir/MiniOzoneClusterImpl-a4353b45-efea-4a09-bf1c-6c3a3aa95231/datanode-1/data/containers] WARN  fs.CachingGetSpaceUsed (CachingGetSpaceUsed.java:run(183)) - Thread Interrupted waiting to refresh disk information: sleep interrupted
2019-09-06 21:00:46,260 [main] INFO  utils.BackgroundService (BackgroundService.java:shutdown(148)) - Shutting down service BlockDeletingService
2019-09-06 21:00:46,260 [ForkJoinPool.commonPool-worker-0] INFO  utils.BackgroundService (BackgroundService.java:shutdown(148)) - Shutting down service BlockDeletingService
2019-09-06 21:00:46,269 [main] INFO  statemachine.DatanodeStateMachine (DatanodeStateMachine.java:stopDaemon(395)) - Ozone container server stopped.
2019-09-06 21:00:46,271 [ForkJoinPool.commonPool-worker-0] INFO  statemachine.DatanodeStateMachine (DatanodeStateMachine.java:stopDaemon(395)) - Ozone container server stopped.
2019-09-06 21:00:46,277 [main] INFO  handler.ContextHandler (ContextHandler.java:doStop(910)) - Stopped o.e.j.w.WebAppContext@60591e1b{/,null,UNAVAILABLE}{/hddsDatanode}
2019-09-06 21:00:46,277 [ForkJoinPool.commonPool-worker-0] INFO  handler.ContextHandler (ContextHandler.java:doStop(910)) - Stopped o.e.j.w.WebAppContext@6ac45c0c{/,null,UNAVAILABLE}{/hddsDatanode}
2019-09-06 21:00:46,278 [main] INFO  server.AbstractConnector (AbstractConnector.java:doStop(318)) - Stopped ServerConnector@29c53c4f{HTTP/1.1,[http/1.1]}{0.0.0.0:0}
2019-09-06 21:00:46,278 [ForkJoinPool.commonPool-worker-0] INFO  server.AbstractConnector (AbstractConnector.java:doStop(318)) - Stopped ServerConnector@12192604{HTTP/1.1,[http/1.1]}{0.0.0.0:0}
2019-09-06 21:00:46,278 [main] INFO  handler.ContextHandler (ContextHandler.java:doStop(910)) - Stopped o.e.j.s.ServletContextHandler@2c48cede{/static,jar:file:/home/user/.m2/repository/org/apache/hadoop/hadoop-hdds-container-service/0.5.0-SNAPSHOT/hadoop-hdds-container-service-0.5.0-SNAPSHOT.jar!/webapps/static,UNAVAILABLE}
2019-09-06 21:00:46,280 [ForkJoinPool.commonPool-worker-0] INFO  handler.ContextHandler (ContextHandler.java:doStop(910)) - Stopped o.e.j.s.ServletContextHandler@64f4f12{/static,jar:file:/home/user/.m2/repository/org/apache/hadoop/hadoop-hdds-container-service/0.5.0-SNAPSHOT/hadoop-hdds-container-service-0.5.0-SNAPSHOT.jar!/webapps/static,UNAVAILABLE}
2019-09-06 21:00:46,280 [main] INFO  handler.ContextHandler (ContextHandler.java:doStop(910)) - Stopped o.e.j.s.ServletContextHandler@6842c101{/logs,file:///workdir/hadoop-ozone/integration-test/target/log,UNAVAILABLE}
2019-09-06 21:00:46,282 [ForkJoinPool.commonPool-worker-0] INFO  handler.ContextHandler (ContextHandler.java:doStop(910)) - Stopped o.e.j.s.ServletContextHandler@599f1b7{/logs,file:///workdir/hadoop-ozone/integration-test/target/log,UNAVAILABLE}
2019-09-06 21:00:46,462 [Datanode State Machine Thread - 0] INFO  statemachine.DatanodeStateMachine (DatanodeStateMachine.java:lambda$startDaemon$0(350)) - Ozone container server started.
2019-09-06 21:00:46,837 [Datanode State Machine Thread - 0] INFO  statemachine.DatanodeStateMachine (DatanodeStateMachine.java:lambda$startDaemon$0(350)) - Ozone container server started.
2019-09-06 21:00:47,918 [grpc-default-executor-0] WARN  server.GrpcLogAppender (LogUtils.java:warn(134)) - f08ec93a-17fb-4985-ac3a-369735124bec->d6006497-b0fb-42f8-ab26-f6c3c9c7f1ef: Failed appendEntries: org.apache.ratis.thirdparty.io.grpc.StatusRuntimeException: UNAVAILABLE: io exception
2019-09-06 21:00:47,918 [grpc-default-executor-0] INFO  impl.FollowerInfo (FollowerInfo.java:lambda$new$0(50)) - f08ec93a-17fb-4985-ac3a-369735124bec->d6006497-b0fb-42f8-ab26-f6c3c9c7f1ef: nextIndex: updateUnconditionally 17 -> 16
2019-09-06 21:00:47,924 [grpc-default-executor-4] WARN  server.GrpcLogAppender (LogUtils.java:warn(134)) - f08ec93a-17fb-4985-ac3a-369735124bec->d6006497-b0fb-42f8-ab26-f6c3c9c7f1ef: Failed appendEntries: org.apache.ratis.thirdparty.io.grpc.StatusRuntimeException: UNAVAILABLE: io exception
2019-09-06 21:00:47,925 [grpc-default-executor-4] INFO  impl.FollowerInfo (FollowerInfo.java:lambda$new$0(50)) - f08ec93a-17fb-4985-ac3a-369735124bec->d6006497-b0fb-42f8-ab26-f6c3c9c7f1ef: nextIndex: updateUnconditionally 17 -> 16
2019-09-06 21:00:47,937 [grpc-default-executor-4] WARN  server.GrpcLogAppender (LogUtils.java:warn(134)) - f08ec93a-17fb-4985-ac3a-369735124bec->d6006497-b0fb-42f8-ab26-f6c3c9c7f1ef: Failed appendEntries: org.apache.ratis.thirdparty.io.grpc.StatusRuntimeException: UNAVAILABLE: io exception
2019-09-06 21:00:47,938 [grpc-default-executor-4] INFO  impl.FollowerInfo (FollowerInfo.java:lambda$new$0(50)) - f08ec93a-17fb-4985-ac3a-369735124bec->d6006497-b0fb-42f8-ab26-f6c3c9c7f1ef: nextIndex: updateUnconditionally 17 -> 16
2019-09-06 21:00:47,959 [RatisApplyTransactionExecutor 2] INFO  interfaces.Container (KeyValueContainer.java:flushAndSyncDB(384)) - Container 2 is synced with bcsId 14.
2019-09-06 21:00:47,960 [RatisApplyTransactionExecutor 2] INFO  interfaces.Container (KeyValueContainer.java:flushAndSyncDB(384)) - Container 2 is synced with bcsId 14.
2019-09-06 21:00:47,973 [RatisApplyTransactionExecutor 2] INFO  interfaces.Container (KeyValueContainer.java:flushAndSyncDB(384)) - Container 2 is synced with bcsId 14.
2019-09-06 21:00:47,973 [RatisApplyTransactionExecutor 2] INFO  interfaces.Container (KeyValueContainer.java:close(333)) - Container 2 is closed with bcsId 14.
2019-09-06 21:00:47,973 [RatisApplyTransactionExecutor 2] INFO  interfaces.Container (KeyValueContainer.java:flushAndSyncDB(384)) - Container 2 is synced with bcsId 14.
2019-09-06 21:00:47,976 [EventQueue-IncrementalContainerReportForIncrementalContainerReportHandler] INFO  container.IncrementalContainerReportHandler (AbstractContainerReportHandler.java:updateContainerState(176)) - Moving container #2 to CLOSED state, datanode f08ec93a-17fb-4985-ac3a-369735124bec{ip: 192.168.69.79, host: pr-hdds-2087-j7wfl-3989464410, networkLocation: /default-rack, certSerialId: null} reported CLOSED replica.
2019-09-06 21:00:47,991 [RatisApplyTransactionExecutor 2] INFO  interfaces.Container (KeyValueContainer.java:close(333)) - Container 2 is closed with bcsId 14.
2019-09-06 21:00:48,581 [grpc-default-executor-7] WARN  server.GrpcLogAppender (LogUtils.java:warn(134)) - 1e7c2804-6315-4ea1-a19d-948e315fb9b4->fbf37fd0-cd16-4237-a40d-69722fedc998: Failed appendEntries: org.apache.ratis.thirdparty.io.grpc.StatusRuntimeException: UNAVAILABLE: io exception
2019-09-06 21:00:48,581 [grpc-default-executor-7] INFO  impl.FollowerInfo (FollowerInfo.java:lambda$new$0(50)) - 1e7c2804-6315-4ea1-a19d-948e315fb9b4->fbf37fd0-cd16-4237-a40d-69722fedc998: nextIndex: updateUnconditionally 18 -> 17
2019-09-06 21:00:48,585 [grpc-default-executor-4] WARN  server.GrpcLogAppender (LogUtils.java:warn(134)) - 1e7c2804-6315-4ea1-a19d-948e315fb9b4->6820f5c3-6a00-4616-8415-97e192fe644d: Failed appendEntries: org.apache.ratis.thirdparty.io.grpc.StatusRuntimeException: UNAVAILABLE: io exception
2019-09-06 21:00:48,585 [grpc-default-executor-4] INFO  impl.FollowerInfo (FollowerInfo.java:lambda$new$0(50)) - 1e7c2804-6315-4ea1-a19d-948e315fb9b4->6820f5c3-6a00-4616-8415-97e192fe644d: nextIndex: updateUnconditionally 0 -> 0
2019-09-06 21:00:50,437 [grpc-default-executor-4] WARN  server.GrpcLogAppender (LogUtils.java:warn(134)) - f08ec93a-17fb-4985-ac3a-369735124bec->d6006497-b0fb-42f8-ab26-f6c3c9c7f1ef: Failed appendEntries: org.apache.ratis.thirdparty.io.grpc.StatusRuntimeException: UNAVAILABLE: io exception
2019-09-06 21:00:50,438 [grpc-default-executor-4] INFO  impl.FollowerInfo (FollowerInfo.java:lambda$new$0(50)) - f08ec93a-17fb-4985-ac3a-369735124bec->d6006497-b0fb-42f8-ab26-f6c3c9c7f1ef: nextIndex: updateUnconditionally 16 -> 15
2019-09-06 21:00:50,551 [EventQueue-StaleNodeForStaleNodeHandler] INFO  node.StaleNodeHandler (StaleNodeHandler.java:onMessage(58)) - Datanode ced85cde-8cf9-4c13-a7ed-8c6ff9465544{ip: 192.168.69.79, host: pr-hdds-2087-j7wfl-3989464410, networkLocation: /default-rack, certSerialId: null} moved to stale state. Finalizing its pipelines [PipelineID=a6d4c6e5-9e5f-4d4c-8599-82cc12b8133c]
2019-09-06 21:00:50,552 [EventQueue-StaleNodeForStaleNodeHandler] INFO  pipeline.SCMPipelineManager (SCMPipelineManager.java:finalizeAndDestroyPipeline(311)) - destroying pipeline:Pipeline[ Id: a6d4c6e5-9e5f-4d4c-8599-82cc12b8133c, Nodes: ced85cde-8cf9-4c13-a7ed-8c6ff9465544{ip: 192.168.69.79, host: pr-hdds-2087-j7wfl-3989464410, networkLocation: /default-rack, certSerialId: null}, Type:RATIS, Factor:ONE, State:OPEN]
2019-09-06 21:00:50,552 [EventQueue-StaleNodeForStaleNodeHandler] INFO  pipeline.PipelineStateManager (PipelineStateManager.java:finalizePipeline(123)) - Pipeline Pipeline[ Id: a6d4c6e5-9e5f-4d4c-8599-82cc12b8133c, Nodes: ced85cde-8cf9-4c13-a7ed-8c6ff9465544{ip: 192.168.69.79, host: pr-hdds-2087-j7wfl-3989464410, networkLocation: /default-rack, certSerialId: null}, Type:RATIS, Factor:ONE, State:CLOSED] moved to CLOSED state
2019-09-06 21:00:50,852 [EventQueue-StaleNodeForStaleNodeHandler] INFO  node.StaleNodeHandler (StaleNodeHandler.java:onMessage(58)) - Datanode 09e4882c-6b26-4422-8bfe-d1403bdd4066{ip: 192.168.69.79, host: pr-hdds-2087-j7wfl-3989464410, networkLocation: /default-rack, certSerialId: null} moved to stale state. Finalizing its pipelines [PipelineID=96668254-eba9-4934-96d7-7524c19ecf18, PipelineID=1878085a-28ca-4f46-aba0-858935912b5a]
2019-09-06 21:00:50,852 [EventQueue-StaleNodeForStaleNodeHandler] INFO  pipeline.SCMPipelineManager (SCMPipelineManager.java:finalizeAndDestroyPipeline(311)) - destroying pipeline:Pipeline[ Id: 96668254-eba9-4934-96d7-7524c19ecf18, Nodes: d6006497-b0fb-42f8-ab26-f6c3c9c7f1ef{ip: 192.168.69.79, host: pr-hdds-2087-j7wfl-3989464410, networkLocation: /default-rack, certSerialId: null}09e4882c-6b26-4422-8bfe-d1403bdd4066{ip: 192.168.69.79, host: pr-hdds-2087-j7wfl-3989464410, networkLocation: /default-rack, certSerialId: null}f08ec93a-17fb-4985-ac3a-369735124bec{ip: 192.168.69.79, host: pr-hdds-2087-j7wfl-3989464410, networkLocation: /default-rack, certSerialId: null}, Type:RATIS, Factor:THREE, State:CLOSED]
2019-09-06 21:00:50,852 [EventQueue-StaleNodeForStaleNodeHandler] INFO  pipeline.SCMPipelineManager (SCMPipelineManager.java:finalizeAndDestroyPipeline(311)) - destroying pipeline:Pipeline[ Id: 1878085a-28ca-4f46-aba0-858935912b5a, Nodes: 09e4882c-6b26-4422-8bfe-d1403bdd4066{ip: 192.168.69.79, host: pr-hdds-2087-j7wfl-3989464410, networkLocation: /default-rack, certSerialId: null}, Type:RATIS, Factor:ONE, State:OPEN]
2019-09-06 21:00:50,853 [EventQueue-StaleNodeForStaleNodeHandler] INFO  pipeline.PipelineStateManager (PipelineStateManager.java:finalizePipeline(123)) - Pipeline Pipeline[ Id: 1878085a-28ca-4f46-aba0-858935912b5a, Nodes: 09e4882c-6b26-4422-8bfe-d1403bdd4066{ip: 192.168.69.79, host: pr-hdds-2087-j7wfl-3989464410, networkLocation: /default-rack, certSerialId: null}, Type:RATIS, Factor:ONE, State:CLOSED] moved to CLOSED state
2019-09-06 21:00:51,081 [grpc-default-executor-7] WARN  server.GrpcLogAppender (LogUtils.java:warn(134)) - 1e7c2804-6315-4ea1-a19d-948e315fb9b4->fbf37fd0-cd16-4237-a40d-69722fedc998: Failed appendEntries: org.apache.ratis.thirdparty.io.grpc.StatusRuntimeException: UNAVAILABLE: io exception
2019-09-06 21:00:51,082 [grpc-default-executor-7] INFO  impl.FollowerInfo (FollowerInfo.java:lambda$new$0(50)) - 1e7c2804-6315-4ea1-a19d-948e315fb9b4->fbf37fd0-cd16-4237-a40d-69722fedc998: nextIndex: updateUnconditionally 17 -> 16
2019-09-06 21:00:51,085 [grpc-default-executor-4] WARN  server.GrpcLogAppender (LogUtils.java:warn(134)) - 1e7c2804-6315-4ea1-a19d-948e315fb9b4->6820f5c3-6a00-4616-8415-97e192fe644d: Failed appendEntries: org.apache.ratis.thirdparty.io.grpc.StatusRuntimeException: UNAVAILABLE: io exception
2019-09-06 21:00:51,086 [grpc-default-executor-4] INFO  impl.FollowerInfo (FollowerInfo.java:lambda$new$0(50)) - 1e7c2804-6315-4ea1-a19d-948e315fb9b4->6820f5c3-6a00-4616-8415-97e192fe644d: nextIndex: updateUnconditionally 0 -> 0
2019-09-06 21:00:51,285 [ForkJoinPool.commonPool-worker-0] INFO  ozoneimpl.OzoneContainer (OzoneContainer.java:stop(230)) - Attempting to stop container services.
2019-09-06 21:00:51,285 [main] INFO  ozoneimpl.OzoneContainer (OzoneContainer.java:stop(230)) - Attempting to stop container services.
2019-09-06 21:00:51,286 [ForkJoinPool.commonPool-worker-0] INFO  impl.RaftServerProxy (RaftServerProxy.java:lambda$close$4(314)) - ced85cde-8cf9-4c13-a7ed-8c6ff9465544: close
2019-09-06 21:00:51,287 [main] INFO  impl.RaftServerProxy (RaftServerProxy.java:lambda$close$4(314)) - 09e4882c-6b26-4422-8bfe-d1403bdd4066: close
2019-09-06 21:00:51,287 [ForkJoinPool.commonPool-worker-0] INFO  impl.RaftServerImpl (RaftServerImpl.java:lambda$shutdown$3(245)) - ced85cde-8cf9-4c13-a7ed-8c6ff9465544: shutdown group-82CC12B8133C
2019-09-06 21:00:51,287 [main] INFO  impl.RaftServerImpl (RaftServerImpl.java:lambda$shutdown$3(245)) - 09e4882c-6b26-4422-8bfe-d1403bdd4066: shutdown group-7524C19ECF18
2019-09-06 21:00:51,287 [ForkJoinPool.commonPool-worker-0] INFO  util.JmxRegister (JmxRegister.java:unregister(73)) - Successfully un-registered JMX Bean with object name Ratis:service=RaftServer,group=group-82CC12B8133C,id=ced85cde-8cf9-4c13-a7ed-8c6ff9465544
2019-09-06 21:00:51,288 [main] INFO  util.JmxRegister (JmxRegister.java:unregister(73)) - Successfully un-registered JMX Bean with object name Ratis:service=RaftServer,group=group-7524C19ECF18,id=09e4882c-6b26-4422-8bfe-d1403bdd4066
2019-09-06 21:00:51,288 [ForkJoinPool.commonPool-worker-0] INFO  impl.RoleInfo (RoleInfo.java:shutdownLeaderState(104)) - ced85cde-8cf9-4c13-a7ed-8c6ff9465544: shutdown LeaderState
2019-09-06 21:00:51,289 [main] INFO  impl.RoleInfo (RoleInfo.java:shutdownFollowerState(121)) - 09e4882c-6b26-4422-8bfe-d1403bdd4066: shutdown FollowerState
2019-09-06 21:00:51,289 [ForkJoinPool.commonPool-worker-0] INFO  impl.PendingRequests (PendingRequests.java:sendNotLeaderResponses(202)) - ced85cde-8cf9-4c13-a7ed-8c6ff9465544-PendingRequests: sendNotLeaderResponses
2019-09-06 21:00:51,289 [Thread-3424] INFO  impl.FollowerState (FollowerState.java:run(114)) - 09e4882c-6b26-4422-8bfe-d1403bdd4066: FollowerState was interrupted: java.lang.InterruptedException: sleep interrupted
2019-09-06 21:00:51,289 [StateMachineUpdater:09e4882c-6b26-4422-8bfe-d1403bdd4066:group-7524C19ECF18] INFO  ratis.ContainerStateMachine (ContainerStateMachine.java:takeSnapshot(284)) - group-7524C19ECF18: Taking a snapshot at:(t:2, i:17) file /workdir/hadoop-ozone/integration-test/target/test-dir/MiniOzoneClusterImpl-a4353b45-efea-4a09-bf1c-6c3a3aa95231/datanode-3/data/ratis/96668254-eba9-4934-96d7-7524c19ecf18/sm/snapshot.2_17
2019-09-06 21:00:51,289 [main] INFO  impl.StateMachineUpdater (StateMachineUpdater.java:stopAndJoin(115)) - StateMachineUpdater:09e4882c-6b26-4422-8bfe-d1403bdd4066:group-7524C19ECF18: set stopIndex = 18
2019-09-06 21:00:51,290 [ForkJoinPool.commonPool-worker-0] INFO  impl.StateMachineUpdater (StateMachineUpdater.java:stopAndJoin(115)) - StateMachineUpdater:ced85cde-8cf9-4c13-a7ed-8c6ff9465544:group-82CC12B8133C: set stopIndex = 0
2019-09-06 21:00:51,291 [ForkJoinPool.commonPool-worker-0] INFO  impl.RaftServerImpl (ServerState.java:close(394)) - ced85cde-8cf9-4c13-a7ed-8c6ff9465544:group-82CC12B8133C closes. The last applied log index is 0
2019-09-06 21:00:51,291 [ced85cde-8cf9-4c13-a7ed-8c6ff9465544-SegmentedRaftLogWorker:Storage Directory /workdir/hadoop-ozone/integration-test/target/test-dir/MiniOzoneClusterImpl-a4353b45-efea-4a09-bf1c-6c3a3aa95231/datanode-2/data/ratis/a6d4c6e5-9e5f-4d4c-8599-82cc12b8133c] INFO  segmented.SegmentedRaftLogWorker (SegmentedRaftLogWorker.java:run(313)) - ced85cde-8cf9-4c13-a7ed-8c6ff9465544-SegmentedRaftLogWorker:Storage Directory /workdir/hadoop-ozone/integration-test/target/test-dir/MiniOzoneClusterImpl-a4353b45-efea-4a09-bf1c-6c3a3aa95231/datanode-2/data/ratis/a6d4c6e5-9e5f-4d4c-8599-82cc12b8133c was interrupted, exiting. There are 0 tasks remaining in the queue.
2019-09-06 21:00:51,294 [ForkJoinPool.commonPool-worker-0] INFO  segmented.SegmentedRaftLogWorker (SegmentedRaftLogWorker.java:close(228)) - ced85cde-8cf9-4c13-a7ed-8c6ff9465544-SegmentedRaftLogWorker:Storage Directory /workdir/hadoop-ozone/integration-test/target/test-dir/MiniOzoneClusterImpl-a4353b45-efea-4a09-bf1c-6c3a3aa95231/datanode-2/data/ratis/a6d4c6e5-9e5f-4d4c-8599-82cc12b8133c close()
2019-09-06 21:00:51,298 [ForkJoinPool.commonPool-worker-0] INFO  server.GrpcService (GrpcService.java:closeImpl(155)) - ced85cde-8cf9-4c13-a7ed-8c6ff9465544: shutdown server with port 43725 now
2019-09-06 21:00:51,298 [ForkJoinPool.commonPool-worker-0] INFO  server.GrpcService (GrpcService.java:closeImpl(163)) - ced85cde-8cf9-4c13-a7ed-8c6ff9465544: shutdown server with port 43725 successfully
2019-09-06 21:00:51,301 [refreshUsed-/workdir/hadoop-ozone/integration-test/target/test-dir/MiniOzoneClusterImpl-a4353b45-efea-4a09-bf1c-6c3a3aa95231/datanode-2/data/containers] WARN  fs.CachingGetSpaceUsed (CachingGetSpaceUsed.java:run(183)) - Thread Interrupted waiting to refresh disk information: sleep interrupted
2019-09-06 21:00:51,320 [ForkJoinPool.commonPool-worker-0] INFO  utils.BackgroundService (BackgroundService.java:shutdown(148)) - Shutting down service BlockDeletingService
2019-09-06 21:00:51,324 [StateMachineUpdater:09e4882c-6b26-4422-8bfe-d1403bdd4066:group-7524C19ECF18] INFO  ratis.ContainerStateMachine (ContainerStateMachine.java:takeSnapshot(295)) - group-7524C19ECF18: Finished taking a snapshot at:(t:2, i:17) file:/workdir/hadoop-ozone/integration-test/target/test-dir/MiniOzoneClusterImpl-a4353b45-efea-4a09-bf1c-6c3a3aa95231/datanode-3/data/ratis/96668254-eba9-4934-96d7-7524c19ecf18/sm/snapshot.2_17 time:34
2019-09-06 21:00:51,324 [StateMachineUpdater:09e4882c-6b26-4422-8bfe-d1403bdd4066:group-7524C19ECF18] INFO  impl.StateMachineUpdater (StateMachineUpdater.java:takeSnapshot(242)) - StateMachineUpdater:09e4882c-6b26-4422-8bfe-d1403bdd4066:group-7524C19ECF18: Took a snapshot at index 17
2019-09-06 21:00:51,324 [StateMachineUpdater:09e4882c-6b26-4422-8bfe-d1403bdd4066:group-7524C19ECF18] INFO  impl.StateMachineUpdater (StateMachineUpdater.java:lambda$new$0(80)) - StateMachineUpdater:09e4882c-6b26-4422-8bfe-d1403bdd4066:group-7524C19ECF18: snapshotIndex: updateIncreasingly -1 -> 17
2019-09-06 21:00:51,326 [ForkJoinPool.commonPool-worker-0] INFO  statemachine.DatanodeStateMachine (DatanodeStateMachine.java:stopDaemon(395)) - Ozone container server stopped.
2019-09-06 21:00:51,326 [main] INFO  impl.RaftServerImpl (ServerState.java:close(394)) - 09e4882c-6b26-4422-8bfe-d1403bdd4066:group-7524C19ECF18 closes. The last applied log index is 18
2019-09-06 21:00:51,330 [09e4882c-6b26-4422-8bfe-d1403bdd4066-SegmentedRaftLogWorker:Storage Directory /workdir/hadoop-ozone/integration-test/target/test-dir/MiniOzoneClusterImpl-a4353b45-efea-4a09-bf1c-6c3a3aa95231/datanode-3/data/ratis/96668254-eba9-4934-96d7-7524c19ecf18] INFO  segmented.SegmentedRaftLogWorker (SegmentedRaftLogWorker.java:run(313)) - 09e4882c-6b26-4422-8bfe-d1403bdd4066-SegmentedRaftLogWorker:Storage Directory /workdir/hadoop-ozone/integration-test/target/test-dir/MiniOzoneClusterImpl-a4353b45-efea-4a09-bf1c-6c3a3aa95231/datanode-3/data/ratis/96668254-eba9-4934-96d7-7524c19ecf18 was interrupted, exiting. There are 0 tasks remaining in the queue.
2019-09-06 21:00:51,332 [main] INFO  segmented.SegmentedRaftLogWorker (SegmentedRaftLogWorker.java:close(228)) - 09e4882c-6b26-4422-8bfe-d1403bdd4066-SegmentedRaftLogWorker:Storage Directory /workdir/hadoop-ozone/integration-test/target/test-dir/MiniOzoneClusterImpl-a4353b45-efea-4a09-bf1c-6c3a3aa95231/datanode-3/data/ratis/96668254-eba9-4934-96d7-7524c19ecf18 close()
2019-09-06 21:00:51,333 [ForkJoinPool.commonPool-worker-0] INFO  handler.ContextHandler (ContextHandler.java:doStop(910)) - Stopped o.e.j.w.WebAppContext@2b999ee8{/,null,UNAVAILABLE}{/hddsDatanode}
2019-09-06 21:00:51,336 [main] INFO  impl.RaftServerImpl (RaftServerImpl.java:lambda$shutdown$3(245)) - 09e4882c-6b26-4422-8bfe-d1403bdd4066: shutdown group-858935912B5A
2019-09-06 21:00:51,337 [main] INFO  util.JmxRegister (JmxRegister.java:unregister(73)) - Successfully un-registered JMX Bean with object name Ratis:service=RaftServer,group=group-858935912B5A,id=09e4882c-6b26-4422-8bfe-d1403bdd4066
2019-09-06 21:00:51,337 [ForkJoinPool.commonPool-worker-0] INFO  server.AbstractConnector (AbstractConnector.java:doStop(318)) - Stopped ServerConnector@31ab1e67{HTTP/1.1,[http/1.1]}{0.0.0.0:0}
2019-09-06 21:00:51,337 [main] INFO  impl.RoleInfo (RoleInfo.java:shutdownLeaderState(104)) - 09e4882c-6b26-4422-8bfe-d1403bdd4066: shutdown LeaderState
2019-09-06 21:00:51,339 [ForkJoinPool.commonPool-worker-0] INFO  handler.ContextHandler (ContextHandler.java:doStop(910)) - Stopped o.e.j.s.ServletContextHandler@19b5214b{/static,jar:file:/home/user/.m2/repository/org/apache/hadoop/hadoop-hdds-container-service/0.5.0-SNAPSHOT/hadoop-hdds-container-service-0.5.0-SNAPSHOT.jar!/webapps/static,UNAVAILABLE}
2019-09-06 21:00:51,339 [main] INFO  impl.PendingRequests (PendingRequests.java:sendNotLeaderResponses(202)) - 09e4882c-6b26-4422-8bfe-d1403bdd4066-PendingRequests: sendNotLeaderResponses
2019-09-06 21:00:51,341 [ForkJoinPool.commonPool-worker-0] INFO  handler.ContextHandler (ContextHandler.java:doStop(910)) - Stopped o.e.j.s.ServletContextHandler@51888019{/logs,file:///workdir/hadoop-ozone/integration-test/target/log,UNAVAILABLE}
2019-09-06 21:00:51,341 [main] INFO  impl.StateMachineUpdater (StateMachineUpdater.java:stopAndJoin(115)) - StateMachineUpdater:09e4882c-6b26-4422-8bfe-d1403bdd4066:group-858935912B5A: set stopIndex = 0
2019-09-06 21:00:51,342 [main] INFO  impl.RaftServerImpl (ServerState.java:close(394)) - 09e4882c-6b26-4422-8bfe-d1403bdd4066:group-858935912B5A closes. The last applied log index is 0
2019-09-06 21:00:51,342 [09e4882c-6b26-4422-8bfe-d1403bdd4066-SegmentedRaftLogWorker:Storage Directory /workdir/hadoop-ozone/integration-test/target/test-dir/MiniOzoneClusterImpl-a4353b45-efea-4a09-bf1c-6c3a3aa95231/datanode-3/data/ratis/1878085a-28ca-4f46-aba0-858935912b5a] INFO  segmented.SegmentedRaftLogWorker (SegmentedRaftLogWorker.java:run(313)) - 09e4882c-6b26-4422-8bfe-d1403bdd4066-SegmentedRaftLogWorker:Storage Directory /workdir/hadoop-ozone/integration-test/target/test-dir/MiniOzoneClusterImpl-a4353b45-efea-4a09-bf1c-6c3a3aa95231/datanode-3/data/ratis/1878085a-28ca-4f46-aba0-858935912b5a was interrupted, exiting. There are 0 tasks remaining in the queue.
2019-09-06 21:00:51,344 [main] INFO  segmented.SegmentedRaftLogWorker (SegmentedRaftLogWorker.java:close(228)) - 09e4882c-6b26-4422-8bfe-d1403bdd4066-SegmentedRaftLogWorker:Storage Directory /workdir/hadoop-ozone/integration-test/target/test-dir/MiniOzoneClusterImpl-a4353b45-efea-4a09-bf1c-6c3a3aa95231/datanode-3/data/ratis/1878085a-28ca-4f46-aba0-858935912b5a close()
2019-09-06 21:00:51,347 [main] INFO  server.GrpcService (GrpcService.java:closeImpl(155)) - 09e4882c-6b26-4422-8bfe-d1403bdd4066: shutdown server with port 44025 now
2019-09-06 21:00:51,348 [grpc-default-executor-0] WARN  server.GrpcServerProtocolService (LogUtils.java:warn(134)) - 09e4882c-6b26-4422-8bfe-d1403bdd4066: appendEntries onError: org.apache.ratis.thirdparty.io.grpc.StatusRuntimeException: CANCELLED: cancelled before receiving half close
2019-09-06 21:00:51,348 [main] INFO  server.GrpcService (GrpcService.java:closeImpl(163)) - 09e4882c-6b26-4422-8bfe-d1403bdd4066: shutdown server with port 44025 successfully
2019-09-06 21:00:51,348 [grpc-default-executor-4] WARN  server.GrpcLogAppender (LogUtils.java:warn(134)) - f08ec93a-17fb-4985-ac3a-369735124bec->09e4882c-6b26-4422-8bfe-d1403bdd4066: Failed appendEntries: org.apache.ratis.thirdparty.io.grpc.StatusRuntimeException: CANCELLED: HTTP/2 error code: CANCEL
Received Rst Stream
2019-09-06 21:00:51,349 [grpc-default-executor-4] INFO  impl.FollowerInfo (FollowerInfo.java:lambda$new$0(50)) - f08ec93a-17fb-4985-ac3a-369735124bec->09e4882c-6b26-4422-8bfe-d1403bdd4066: nextIndex: updateUnconditionally 19 -> 18
2019-09-06 21:00:51,353 [refreshUsed-/workdir/hadoop-ozone/integration-test/target/test-dir/MiniOzoneClusterImpl-a4353b45-efea-4a09-bf1c-6c3a3aa95231/datanode-3/data/containers] WARN  fs.CachingGetSpaceUsed (CachingGetSpaceUsed.java:run(183)) - Thread Interrupted waiting to refresh disk information: sleep interrupted
2019-09-06 21:00:51,365 [main] INFO  utils.BackgroundService (BackgroundService.java:shutdown(148)) - Shutting down service BlockDeletingService
2019-09-06 21:00:51,370 [main] INFO  statemachine.DatanodeStateMachine (DatanodeStateMachine.java:stopDaemon(395)) - Ozone container server stopped.
2019-09-06 21:00:51,371 [main] INFO  handler.ContextHandler (ContextHandler.java:doStop(910)) - Stopped o.e.j.w.WebAppContext@4645679e{/,null,UNAVAILABLE}{/hddsDatanode}
2019-09-06 21:00:51,372 [main] INFO  server.AbstractConnector (AbstractConnector.java:doStop(318)) - Stopped ServerConnector@3a0b6a{HTTP/1.1,[http/1.1]}{0.0.0.0:0}
2019-09-06 21:00:51,372 [main] INFO  handler.ContextHandler (ContextHandler.java:doStop(910)) - Stopped o.e.j.s.ServletContextHandler@5bfc79cb{/static,jar:file:/home/user/.m2/repository/org/apache/hadoop/hadoop-hdds-container-service/0.5.0-SNAPSHOT/hadoop-hdds-container-service-0.5.0-SNAPSHOT.jar!/webapps/static,UNAVAILABLE}
2019-09-06 21:00:51,372 [main] INFO  handler.ContextHandler (ContextHandler.java:doStop(910)) - Stopped o.e.j.s.ServletContextHandler@5b48f0f4{/logs,file:///workdir/hadoop-ozone/integration-test/target/log,UNAVAILABLE}
2019-09-06 21:00:51,974 [Datanode State Machine Thread - 0] INFO  statemachine.DatanodeStateMachine (DatanodeStateMachine.java:lambda$startDaemon$0(350)) - Ozone container server started.
2019-09-06 21:00:52,082 [Datanode State Machine Thread - 0] INFO  statemachine.DatanodeStateMachine (DatanodeStateMachine.java:lambda$startDaemon$0(350)) - Ozone container server started.
2019-09-06 21:00:52,937 [grpc-default-executor-8] WARN  server.GrpcLogAppender (LogUtils.java:warn(134)) - f08ec93a-17fb-4985-ac3a-369735124bec->09e4882c-6b26-4422-8bfe-d1403bdd4066: Failed appendEntries: org.apache.ratis.thirdparty.io.grpc.StatusRuntimeException: UNAVAILABLE: io exception
2019-09-06 21:00:52,937 [grpc-default-executor-8] INFO  impl.FollowerInfo (FollowerInfo.java:lambda$new$0(50)) - f08ec93a-17fb-4985-ac3a-369735124bec->09e4882c-6b26-4422-8bfe-d1403bdd4066: nextIndex: updateUnconditionally 18 -> 17
2019-09-06 21:00:52,937 [grpc-default-executor-8] WARN  server.GrpcLogAppender (LogUtils.java:warn(134)) - f08ec93a-17fb-4985-ac3a-369735124bec->d6006497-b0fb-42f8-ab26-f6c3c9c7f1ef: Failed appendEntries: org.apache.ratis.thirdparty.io.grpc.StatusRuntimeException: UNAVAILABLE: io exception
2019-09-06 21:00:52,938 [grpc-default-executor-8] INFO  impl.FollowerInfo (FollowerInfo.java:lambda$new$0(50)) - f08ec93a-17fb-4985-ac3a-369735124bec->d6006497-b0fb-42f8-ab26-f6c3c9c7f1ef: nextIndex: updateUnconditionally 15 -> 14
2019-09-06 21:00:53,582 [grpc-default-executor-8] WARN  server.GrpcLogAppender (LogUtils.java:warn(134)) - 1e7c2804-6315-4ea1-a19d-948e315fb9b4->fbf37fd0-cd16-4237-a40d-69722fedc998: Failed appendEntries: org.apache.ratis.thirdparty.io.grpc.StatusRuntimeException: UNAVAILABLE: io exception
2019-09-06 21:00:53,583 [grpc-default-executor-8] INFO  impl.FollowerInfo (FollowerInfo.java:lambda$new$0(50)) - 1e7c2804-6315-4ea1-a19d-948e315fb9b4->fbf37fd0-cd16-4237-a40d-69722fedc998: nextIndex: updateUnconditionally 16 -> 15
2019-09-06 21:00:53,586 [grpc-default-executor-8] WARN  server.GrpcLogAppender (LogUtils.java:warn(134)) - 1e7c2804-6315-4ea1-a19d-948e315fb9b4->6820f5c3-6a00-4616-8415-97e192fe644d: Failed appendEntries: org.apache.ratis.thirdparty.io.grpc.StatusRuntimeException: UNAVAILABLE: io exception
2019-09-06 21:00:53,586 [grpc-default-executor-8] INFO  impl.FollowerInfo (FollowerInfo.java:lambda$new$0(50)) - 1e7c2804-6315-4ea1-a19d-948e315fb9b4->6820f5c3-6a00-4616-8415-97e192fe644d: nextIndex: updateUnconditionally 0 -> 0
2019-09-06 21:00:55,438 [grpc-default-executor-8] WARN  server.GrpcLogAppender (LogUtils.java:warn(134)) - f08ec93a-17fb-4985-ac3a-369735124bec->d6006497-b0fb-42f8-ab26-f6c3c9c7f1ef: Failed appendEntries: org.apache.ratis.thirdparty.io.grpc.StatusRuntimeException: UNAVAILABLE: io exception
2019-09-06 21:00:55,438 [grpc-default-executor-7] WARN  server.GrpcLogAppender (LogUtils.java:warn(134)) - f08ec93a-17fb-4985-ac3a-369735124bec->09e4882c-6b26-4422-8bfe-d1403bdd4066: Failed appendEntries: org.apache.ratis.thirdparty.io.grpc.StatusRuntimeException: UNAVAILABLE: io exception
2019-09-06 21:00:55,439 [grpc-default-executor-8] INFO  impl.FollowerInfo (FollowerInfo.java:lambda$new$0(50)) - f08ec93a-17fb-4985-ac3a-369735124bec->d6006497-b0fb-42f8-ab26-f6c3c9c7f1ef: nextIndex: updateUnconditionally 14 -> 13
2019-09-06 21:00:55,439 [grpc-default-executor-7] INFO  impl.FollowerInfo (FollowerInfo.java:lambda$new$0(50)) - f08ec93a-17fb-4985-ac3a-369735124bec->09e4882c-6b26-4422-8bfe-d1403bdd4066: nextIndex: updateUnconditionally 17 -> 16
2019-09-06 21:00:56,059 [EventQueue-StaleNodeForStaleNodeHandler] INFO  node.StaleNodeHandler (StaleNodeHandler.java:onMessage(58)) - Datanode f08ec93a-17fb-4985-ac3a-369735124bec{ip: 192.168.69.79, host: pr-hdds-2087-j7wfl-3989464410, networkLocation: /default-rack, certSerialId: null} moved to stale state. Finalizing its pipelines [PipelineID=41a99658-330e-4a06-bd2c-29af8a6ab097, PipelineID=96668254-eba9-4934-96d7-7524c19ecf18]
2019-09-06 21:00:56,059 [EventQueue-StaleNodeForStaleNodeHandler] INFO  pipeline.SCMPipelineManager (SCMPipelineManager.java:finalizeAndDestroyPipeline(311)) - destroying pipeline:Pipeline[ Id: 41a99658-330e-4a06-bd2c-29af8a6ab097, Nodes: f08ec93a-17fb-4985-ac3a-369735124bec{ip: 192.168.69.79, host: pr-hdds-2087-j7wfl-3989464410, networkLocation: /default-rack, certSerialId: null}, Type:RATIS, Factor:ONE, State:OPEN]
2019-09-06 21:00:56,059 [EventQueue-StaleNodeForStaleNodeHandler] INFO  pipeline.PipelineStateManager (PipelineStateManager.java:finalizePipeline(123)) - Pipeline Pipeline[ Id: 41a99658-330e-4a06-bd2c-29af8a6ab097, Nodes: f08ec93a-17fb-4985-ac3a-369735124bec{ip: 192.168.69.79, host: pr-hdds-2087-j7wfl-3989464410, networkLocation: /default-rack, certSerialId: null}, Type:RATIS, Factor:ONE, State:CLOSED] moved to CLOSED state
2019-09-06 21:00:56,060 [EventQueue-StaleNodeForStaleNodeHandler] INFO  pipeline.SCMPipelineManager (SCMPipelineManager.java:finalizeAndDestroyPipeline(311)) - destroying pipeline:Pipeline[ Id: 96668254-eba9-4934-96d7-7524c19ecf18, Nodes: d6006497-b0fb-42f8-ab26-f6c3c9c7f1ef{ip: 192.168.69.79, host: pr-hdds-2087-j7wfl-3989464410, networkLocation: /default-rack, certSerialId: null}09e4882c-6b26-4422-8bfe-d1403bdd4066{ip: 192.168.69.79, host: pr-hdds-2087-j7wfl-3989464410, networkLocation: /default-rack, certSerialId: null}f08ec93a-17fb-4985-ac3a-369735124bec{ip: 192.168.69.79, host: pr-hdds-2087-j7wfl-3989464410, networkLocation: /default-rack, certSerialId: null}, Type:RATIS, Factor:THREE, State:CLOSED]
2019-09-06 21:00:56,083 [grpc-default-executor-7] WARN  server.GrpcLogAppender (LogUtils.java:warn(134)) - 1e7c2804-6315-4ea1-a19d-948e315fb9b4->fbf37fd0-cd16-4237-a40d-69722fedc998: Failed appendEntries: org.apache.ratis.thirdparty.io.grpc.StatusRuntimeException: UNAVAILABLE: io exception
2019-09-06 21:00:56,084 [grpc-default-executor-7] INFO  impl.FollowerInfo (FollowerInfo.java:lambda$new$0(50)) - 1e7c2804-6315-4ea1-a19d-948e315fb9b4->fbf37fd0-cd16-4237-a40d-69722fedc998: nextIndex: updateUnconditionally 15 -> 14
2019-09-06 21:00:56,087 [grpc-default-executor-4] WARN  server.GrpcLogAppender (LogUtils.java:warn(134)) - 1e7c2804-6315-4ea1-a19d-948e315fb9b4->6820f5c3-6a00-4616-8415-97e192fe644d: Failed appendEntries: org.apache.ratis.thirdparty.io.grpc.StatusRuntimeException: UNAVAILABLE: io exception
2019-09-06 21:00:56,087 [grpc-default-executor-4] INFO  impl.FollowerInfo (FollowerInfo.java:lambda$new$0(50)) - 1e7c2804-6315-4ea1-a19d-948e315fb9b4->6820f5c3-6a00-4616-8415-97e192fe644d: nextIndex: updateUnconditionally 0 -> 0
2019-09-06 21:00:56,159 [EventQueue-StaleNodeForStaleNodeHandler] INFO  node.StaleNodeHandler (StaleNodeHandler.java:onMessage(58)) - Datanode 1e7c2804-6315-4ea1-a19d-948e315fb9b4{ip: 192.168.69.79, host: pr-hdds-2087-j7wfl-3989464410, networkLocation: /default-rack, certSerialId: null} moved to stale state. Finalizing its pipelines [PipelineID=6153a5fb-a965-494a-983f-e2322f3acbe7, PipelineID=d40f6b1b-20a2-4c47-8557-afa080bd2535]
2019-09-06 21:00:56,159 [EventQueue-StaleNodeForStaleNodeHandler] INFO  pipeline.SCMPipelineManager (SCMPipelineManager.java:finalizeAndDestroyPipeline(311)) - destroying pipeline:Pipeline[ Id: 6153a5fb-a965-494a-983f-e2322f3acbe7, Nodes: 6820f5c3-6a00-4616-8415-97e192fe644d{ip: 192.168.69.79, host: pr-hdds-2087-j7wfl-3989464410, networkLocation: /default-rack, certSerialId: null}1e7c2804-6315-4ea1-a19d-948e315fb9b4{ip: 192.168.69.79, host: pr-hdds-2087-j7wfl-3989464410, networkLocation: /default-rack, certSerialId: null}fbf37fd0-cd16-4237-a40d-69722fedc998{ip: 192.168.69.79, host: pr-hdds-2087-j7wfl-3989464410, networkLocation: /default-rack, certSerialId: null}, Type:RATIS, Factor:THREE, State:CLOSED]
2019-09-06 21:00:56,159 [EventQueue-StaleNodeForStaleNodeHandler] INFO  pipeline.SCMPipelineManager (SCMPipelineManager.java:finalizeAndDestroyPipeline(311)) - destroying pipeline:Pipeline[ Id: d40f6b1b-20a2-4c47-8557-afa080bd2535, Nodes: 1e7c2804-6315-4ea1-a19d-948e315fb9b4{ip: 192.168.69.79, host: pr-hdds-2087-j7wfl-3989464410, networkLocation: /default-rack, certSerialId: null}, Type:RATIS, Factor:ONE, State:OPEN]
2019-09-06 21:00:56,160 [EventQueue-StaleNodeForStaleNodeHandler] INFO  pipeline.PipelineStateManager (PipelineStateManager.java:finalizePipeline(123)) - Pipeline Pipeline[ Id: d40f6b1b-20a2-4c47-8557-afa080bd2535, Nodes: 1e7c2804-6315-4ea1-a19d-948e315fb9b4{ip: 192.168.69.79, host: pr-hdds-2087-j7wfl-3989464410, networkLocation: /default-rack, certSerialId: null}, Type:RATIS, Factor:ONE, State:CLOSED] moved to CLOSED state
2019-09-06 21:00:56,343 [ForkJoinPool.commonPool-worker-0] INFO  ozoneimpl.OzoneContainer (OzoneContainer.java:stop(230)) - Attempting to stop container services.
2019-09-06 21:00:56,344 [ForkJoinPool.commonPool-worker-0] INFO  impl.RaftServerProxy (RaftServerProxy.java:lambda$close$4(314)) - 1e7c2804-6315-4ea1-a19d-948e315fb9b4: close
2019-09-06 21:00:56,344 [ForkJoinPool.commonPool-worker-0] INFO  impl.RaftServerImpl (RaftServerImpl.java:lambda$shutdown$3(245)) - 1e7c2804-6315-4ea1-a19d-948e315fb9b4: shutdown group-E2322F3ACBE7
2019-09-06 21:00:56,344 [ForkJoinPool.commonPool-worker-0] INFO  util.JmxRegister (JmxRegister.java:unregister(73)) - Successfully un-registered JMX Bean with object name Ratis:service=RaftServer,group=group-E2322F3ACBE7,id=1e7c2804-6315-4ea1-a19d-948e315fb9b4
2019-09-06 21:00:56,345 [ForkJoinPool.commonPool-worker-0] INFO  impl.RoleInfo (RoleInfo.java:shutdownLeaderState(104)) - 1e7c2804-6315-4ea1-a19d-948e315fb9b4: shutdown LeaderState
2019-09-06 21:00:56,349 [ForkJoinPool.commonPool-worker-0] INFO  impl.PendingRequests (PendingRequests.java:sendNotLeaderResponses(202)) - 1e7c2804-6315-4ea1-a19d-948e315fb9b4-PendingRequests: sendNotLeaderResponses
2019-09-06 21:00:56,349 [org.apache.ratis.server.impl.LogAppender$AppenderDaemon$$Lambda$510/621472309@2e4c6ab9] WARN  server.GrpcLogAppender (GrpcLogAppender.java:mayWait(143)) - GrpcLogAppender(1e7c2804-6315-4ea1-a19d-948e315fb9b4->6820f5c3-6a00-4616-8415-97e192fe644d): Wait interrupted by java.lang.InterruptedException
2019-09-06 21:00:56,349 [org.apache.ratis.server.impl.LogAppender$AppenderDaemon$$Lambda$510/621472309@50da11b9] WARN  server.GrpcLogAppender (GrpcLogAppender.java:mayWait(143)) - GrpcLogAppender(1e7c2804-6315-4ea1-a19d-948e315fb9b4->fbf37fd0-cd16-4237-a40d-69722fedc998): Wait interrupted by java.lang.InterruptedException
2019-09-06 21:00:56,351 [ForkJoinPool.commonPool-worker-0] INFO  impl.StateMachineUpdater (StateMachineUpdater.java:stopAndJoin(115)) - StateMachineUpdater:1e7c2804-6315-4ea1-a19d-948e315fb9b4:group-E2322F3ACBE7: set stopIndex = 18
2019-09-06 21:00:56,351 [StateMachineUpdater:1e7c2804-6315-4ea1-a19d-948e315fb9b4:group-E2322F3ACBE7] INFO  ratis.ContainerStateMachine (ContainerStateMachine.java:takeSnapshot(284)) - group-E2322F3ACBE7: Taking a snapshot at:(t:1, i:14) file /workdir/hadoop-ozone/integration-test/target/test-dir/MiniOzoneClusterImpl-a4353b45-efea-4a09-bf1c-6c3a3aa95231/datanode-0/data/ratis/6153a5fb-a965-494a-983f-e2322f3acbe7/sm/snapshot.1_14
2019-09-06 21:00:56,374 [main] INFO  ozoneimpl.OzoneContainer (OzoneContainer.java:stop(230)) - Attempting to stop container services.
2019-09-06 21:00:56,374 [main] INFO  impl.RaftServerProxy (RaftServerProxy.java:lambda$close$4(314)) - f08ec93a-17fb-4985-ac3a-369735124bec: close
2019-09-06 21:00:56,375 [main] INFO  impl.RaftServerImpl (RaftServerImpl.java:lambda$shutdown$3(245)) - f08ec93a-17fb-4985-ac3a-369735124bec: shutdown group-29AF8A6AB097
2019-09-06 21:00:56,375 [main] INFO  util.JmxRegister (JmxRegister.java:unregister(73)) - Successfully un-registered JMX Bean with object name Ratis:service=RaftServer,group=group-29AF8A6AB097,id=f08ec93a-17fb-4985-ac3a-369735124bec
2019-09-06 21:00:56,376 [StateMachineUpdater:1e7c2804-6315-4ea1-a19d-948e315fb9b4:group-E2322F3ACBE7] INFO  ratis.ContainerStateMachine (ContainerStateMachine.java:takeSnapshot(295)) - group-E2322F3ACBE7: Finished taking a snapshot at:(t:1, i:14) file:/workdir/hadoop-ozone/integration-test/target/test-dir/MiniOzoneClusterImpl-a4353b45-efea-4a09-bf1c-6c3a3aa95231/datanode-0/data/ratis/6153a5fb-a965-494a-983f-e2322f3acbe7/sm/snapshot.1_14 time:24
2019-09-06 21:00:56,376 [main] INFO  impl.RoleInfo (RoleInfo.java:shutdownLeaderState(104)) - f08ec93a-17fb-4985-ac3a-369735124bec: shutdown LeaderState
2019-09-06 21:00:56,376 [StateMachineUpdater:1e7c2804-6315-4ea1-a19d-948e315fb9b4:group-E2322F3ACBE7] INFO  impl.StateMachineUpdater (StateMachineUpdater.java:takeSnapshot(242)) - StateMachineUpdater:1e7c2804-6315-4ea1-a19d-948e315fb9b4:group-E2322F3ACBE7: Took a snapshot at index 14
2019-09-06 21:00:56,376 [main] INFO  impl.PendingRequests (PendingRequests.java:sendNotLeaderResponses(202)) - f08ec93a-17fb-4985-ac3a-369735124bec-PendingRequests: sendNotLeaderResponses
2019-09-06 21:00:56,377 [StateMachineUpdater:1e7c2804-6315-4ea1-a19d-948e315fb9b4:group-E2322F3ACBE7] INFO  impl.StateMachineUpdater (StateMachineUpdater.java:lambda$new$0(80)) - StateMachineUpdater:1e7c2804-6315-4ea1-a19d-948e315fb9b4:group-E2322F3ACBE7: snapshotIndex: updateIncreasingly -1 -> 14
2019-09-06 21:00:56,377 [main] INFO  impl.StateMachineUpdater (StateMachineUpdater.java:stopAndJoin(115)) - StateMachineUpdater:f08ec93a-17fb-4985-ac3a-369735124bec:group-29AF8A6AB097: set stopIndex = 0
2019-09-06 21:00:56,377 [ForkJoinPool.commonPool-worker-0] INFO  impl.RaftServerImpl (ServerState.java:close(394)) - 1e7c2804-6315-4ea1-a19d-948e315fb9b4:group-E2322F3ACBE7 closes. The last applied log index is 18
2019-09-06 21:00:56,378 [main] INFO  impl.RaftServerImpl (ServerState.java:close(394)) - f08ec93a-17fb-4985-ac3a-369735124bec:group-29AF8A6AB097 closes. The last applied log index is 0
2019-09-06 21:00:56,378 [1e7c2804-6315-4ea1-a19d-948e315fb9b4-SegmentedRaftLogWorker:Storage Directory /workdir/hadoop-ozone/integration-test/target/test-dir/MiniOzoneClusterImpl-a4353b45-efea-4a09-bf1c-6c3a3aa95231/datanode-0/data/ratis/6153a5fb-a965-494a-983f-e2322f3acbe7] INFO  segmented.SegmentedRaftLogWorker (SegmentedRaftLogWorker.java:run(313)) - 1e7c2804-6315-4ea1-a19d-948e315fb9b4-SegmentedRaftLogWorker:Storage Directory /workdir/hadoop-ozone/integration-test/target/test-dir/MiniOzoneClusterImpl-a4353b45-efea-4a09-bf1c-6c3a3aa95231/datanode-0/data/ratis/6153a5fb-a965-494a-983f-e2322f3acbe7 was interrupted, exiting. There are 0 tasks remaining in the queue.
2019-09-06 21:00:56,379 [f08ec93a-17fb-4985-ac3a-369735124bec-SegmentedRaftLogWorker:Storage Directory /workdir/hadoop-ozone/integration-test/target/test-dir/MiniOzoneClusterImpl-a4353b45-efea-4a09-bf1c-6c3a3aa95231/datanode-5/data/ratis/41a99658-330e-4a06-bd2c-29af8a6ab097] INFO  segmented.SegmentedRaftLogWorker (SegmentedRaftLogWorker.java:run(313)) - f08ec93a-17fb-4985-ac3a-369735124bec-SegmentedRaftLogWorker:Storage Directory /workdir/hadoop-ozone/integration-test/target/test-dir/MiniOzoneClusterImpl-a4353b45-efea-4a09-bf1c-6c3a3aa95231/datanode-5/data/ratis/41a99658-330e-4a06-bd2c-29af8a6ab097 was interrupted, exiting. There are 0 tasks remaining in the queue.
2019-09-06 21:00:56,380 [ForkJoinPool.commonPool-worker-0] INFO  segmented.SegmentedRaftLogWorker (SegmentedRaftLogWorker.java:close(228)) - 1e7c2804-6315-4ea1-a19d-948e315fb9b4-SegmentedRaftLogWorker:Storage Directory /workdir/hadoop-ozone/integration-test/target/test-dir/MiniOzoneClusterImpl-a4353b45-efea-4a09-bf1c-6c3a3aa95231/datanode-0/data/ratis/6153a5fb-a965-494a-983f-e2322f3acbe7 close()
2019-09-06 21:00:56,382 [main] INFO  segmented.SegmentedRaftLogWorker (SegmentedRaftLogWorker.java:close(228)) - f08ec93a-17fb-4985-ac3a-369735124bec-SegmentedRaftLogWorker:Storage Directory /workdir/hadoop-ozone/integration-test/target/test-dir/MiniOzoneClusterImpl-a4353b45-efea-4a09-bf1c-6c3a3aa95231/datanode-5/data/ratis/41a99658-330e-4a06-bd2c-29af8a6ab097 close()
2019-09-06 21:00:56,385 [ForkJoinPool.commonPool-worker-0] INFO  impl.RaftServerImpl (RaftServerImpl.java:lambda$shutdown$3(245)) - 1e7c2804-6315-4ea1-a19d-948e315fb9b4: shutdown group-AFA080BD2535
2019-09-06 21:00:56,387 [main] INFO  impl.RaftServerImpl (RaftServerImpl.java:lambda$shutdown$3(245)) - f08ec93a-17fb-4985-ac3a-369735124bec: shutdown group-7524C19ECF18
2019-09-06 21:00:56,387 [ForkJoinPool.commonPool-worker-0] INFO  util.JmxRegister (JmxRegister.java:unregister(73)) - Successfully un-registered JMX Bean with object name Ratis:service=RaftServer,group=group-AFA080BD2535,id=1e7c2804-6315-4ea1-a19d-948e315fb9b4
2019-09-06 21:00:56,388 [main] INFO  util.JmxRegister (JmxRegister.java:unregister(73)) - Successfully un-registered JMX Bean with object name Ratis:service=RaftServer,group=group-7524C19ECF18,id=f08ec93a-17fb-4985-ac3a-369735124bec
2019-09-06 21:00:56,388 [ForkJoinPool.commonPool-worker-0] INFO  impl.RoleInfo (RoleInfo.java:shutdownLeaderState(104)) - 1e7c2804-6315-4ea1-a19d-948e315fb9b4: shutdown LeaderState
2019-09-06 21:00:56,389 [main] INFO  impl.RoleInfo (RoleInfo.java:shutdownLeaderState(104)) - f08ec93a-17fb-4985-ac3a-369735124bec: shutdown LeaderState
2019-09-06 21:00:56,389 [ForkJoinPool.commonPool-worker-0] INFO  impl.PendingRequests (PendingRequests.java:sendNotLeaderResponses(202)) - 1e7c2804-6315-4ea1-a19d-948e315fb9b4-PendingRequests: sendNotLeaderResponses
2019-09-06 21:00:56,392 [org.apache.ratis.server.impl.LogAppender$AppenderDaemon$$Lambda$510/621472309@567cd572] WARN  server.GrpcLogAppender (GrpcLogAppender.java:mayWait(143)) - GrpcLogAppender(f08ec93a-17fb-4985-ac3a-369735124bec->d6006497-b0fb-42f8-ab26-f6c3c9c7f1ef): Wait interrupted by java.lang.InterruptedException
2019-09-06 21:00:56,392 [org.apache.ratis.server.impl.LogAppender$AppenderDaemon$$Lambda$510/621472309@137e51d9] WARN  server.GrpcLogAppender (GrpcLogAppender.java:mayWait(143)) - GrpcLogAppender(f08ec93a-17fb-4985-ac3a-369735124bec->09e4882c-6b26-4422-8bfe-d1403bdd4066): Wait interrupted by java.lang.InterruptedException
2019-09-06 21:00:56,392 [main] INFO  impl.PendingRequests (PendingRequests.java:sendNotLeaderResponses(202)) - f08ec93a-17fb-4985-ac3a-369735124bec-PendingRequests: sendNotLeaderResponses
2019-09-06 21:00:56,392 [ForkJoinPool.commonPool-worker-0] INFO  impl.StateMachineUpdater (StateMachineUpdater.java:stopAndJoin(115)) - StateMachineUpdater:1e7c2804-6315-4ea1-a19d-948e315fb9b4:group-AFA080BD2535: set stopIndex = 0
2019-09-06 21:00:56,396 [main] INFO  impl.StateMachineUpdater (StateMachineUpdater.java:stopAndJoin(115)) - StateMachineUpdater:f08ec93a-17fb-4985-ac3a-369735124bec:group-7524C19ECF18: set stopIndex = 18
2019-09-06 21:00:56,396 [StateMachineUpdater:f08ec93a-17fb-4985-ac3a-369735124bec:group-7524C19ECF18] INFO  ratis.ContainerStateMachine (ContainerStateMachine.java:takeSnapshot(284)) - group-7524C19ECF18: Taking a snapshot at:(t:2, i:18) file /workdir/hadoop-ozone/integration-test/target/test-dir/MiniOzoneClusterImpl-a4353b45-efea-4a09-bf1c-6c3a3aa95231/datanode-5/data/ratis/96668254-eba9-4934-96d7-7524c19ecf18/sm/snapshot.2_18
2019-09-06 21:00:56,396 [ForkJoinPool.commonPool-worker-0] INFO  impl.RaftServerImpl (ServerState.java:close(394)) - 1e7c2804-6315-4ea1-a19d-948e315fb9b4:group-AFA080BD2535 closes. The last applied log index is 0
2019-09-06 21:00:56,397 [1e7c2804-6315-4ea1-a19d-948e315fb9b4-SegmentedRaftLogWorker:Storage Directory /workdir/hadoop-ozone/integration-test/target/test-dir/MiniOzoneClusterImpl-a4353b45-efea-4a09-bf1c-6c3a3aa95231/datanode-0/data/ratis/d40f6b1b-20a2-4c47-8557-afa080bd2535] INFO  segmented.SegmentedRaftLogWorker (SegmentedRaftLogWorker.java:run(313)) - 1e7c2804-6315-4ea1-a19d-948e315fb9b4-SegmentedRaftLogWorker:Storage Directory /workdir/hadoop-ozone/integration-test/target/test-dir/MiniOzoneClusterImpl-a4353b45-efea-4a09-bf1c-6c3a3aa95231/datanode-0/data/ratis/d40f6b1b-20a2-4c47-8557-afa080bd2535 was interrupted, exiting. There are 0 tasks remaining in the queue.
2019-09-06 21:00:56,409 [ForkJoinPool.commonPool-worker-0] INFO  segmented.SegmentedRaftLogWorker (SegmentedRaftLogWorker.java:close(228)) - 1e7c2804-6315-4ea1-a19d-948e315fb9b4-SegmentedRaftLogWorker:Storage Directory /workdir/hadoop-ozone/integration-test/target/test-dir/MiniOzoneClusterImpl-a4353b45-efea-4a09-bf1c-6c3a3aa95231/datanode-0/data/ratis/d40f6b1b-20a2-4c47-8557-afa080bd2535 close()
2019-09-06 21:00:56,415 [StateMachineUpdater:f08ec93a-17fb-4985-ac3a-369735124bec:group-7524C19ECF18] INFO  ratis.ContainerStateMachine (ContainerStateMachine.java:takeSnapshot(295)) - group-7524C19ECF18: Finished taking a snapshot at:(t:2, i:18) file:/workdir/hadoop-ozone/integration-test/target/test-dir/MiniOzoneClusterImpl-a4353b45-efea-4a09-bf1c-6c3a3aa95231/datanode-5/data/ratis/96668254-eba9-4934-96d7-7524c19ecf18/sm/snapshot.2_18 time:20
2019-09-06 21:00:56,417 [ForkJoinPool.commonPool-worker-0] INFO  server.GrpcService (GrpcService.java:closeImpl(155)) - 1e7c2804-6315-4ea1-a19d-948e315fb9b4: shutdown server with port 45272 now
2019-09-06 21:00:56,417 [StateMachineUpdater:f08ec93a-17fb-4985-ac3a-369735124bec:group-7524C19ECF18] INFO  impl.StateMachineUpdater (StateMachineUpdater.java:takeSnapshot(242)) - StateMachineUpdater:f08ec93a-17fb-4985-ac3a-369735124bec:group-7524C19ECF18: Took a snapshot at index 18
2019-09-06 21:00:56,417 [StateMachineUpdater:f08ec93a-17fb-4985-ac3a-369735124bec:group-7524C19ECF18] INFO  impl.StateMachineUpdater (StateMachineUpdater.java:lambda$new$0(80)) - StateMachineUpdater:f08ec93a-17fb-4985-ac3a-369735124bec:group-7524C19ECF18: snapshotIndex: updateIncreasingly -1 -> 18
2019-09-06 21:00:56,418 [main] INFO  impl.RaftServerImpl (ServerState.java:close(394)) - f08ec93a-17fb-4985-ac3a-369735124bec:group-7524C19ECF18 closes. The last applied log index is 18
2019-09-06 21:00:56,418 [ForkJoinPool.commonPool-worker-0] INFO  server.GrpcService (GrpcService.java:closeImpl(163)) - 1e7c2804-6315-4ea1-a19d-948e315fb9b4: shutdown server with port 45272 successfully
2019-09-06 21:00:56,418 [f08ec93a-17fb-4985-ac3a-369735124bec-SegmentedRaftLogWorker:Storage Directory /workdir/hadoop-ozone/integration-test/target/test-dir/MiniOzoneClusterImpl-a4353b45-efea-4a09-bf1c-6c3a3aa95231/datanode-5/data/ratis/96668254-eba9-4934-96d7-7524c19ecf18] INFO  segmented.SegmentedRaftLogWorker (SegmentedRaftLogWorker.java:run(313)) - f08ec93a-17fb-4985-ac3a-369735124bec-SegmentedRaftLogWorker:Storage Directory /workdir/hadoop-ozone/integration-test/target/test-dir/MiniOzoneClusterImpl-a4353b45-efea-4a09-bf1c-6c3a3aa95231/datanode-5/data/ratis/96668254-eba9-4934-96d7-7524c19ecf18 was interrupted, exiting. There are 0 tasks remaining in the queue.
2019-09-06 21:00:56,419 [main] INFO  segmented.SegmentedRaftLogWorker (SegmentedRaftLogWorker.java:close(228)) - f08ec93a-17fb-4985-ac3a-369735124bec-SegmentedRaftLogWorker:Storage Directory /workdir/hadoop-ozone/integration-test/target/test-dir/MiniOzoneClusterImpl-a4353b45-efea-4a09-bf1c-6c3a3aa95231/datanode-5/data/ratis/96668254-eba9-4934-96d7-7524c19ecf18 close()
2019-09-06 21:00:56,420 [main] INFO  server.GrpcService (GrpcService.java:closeImpl(155)) - f08ec93a-17fb-4985-ac3a-369735124bec: shutdown server with port 37055 now
2019-09-06 21:00:56,421 [grpc-default-executor-7] WARN  client.GrpcClientProtocolService (LogUtils.java:warn(134)) - 1-UnorderedRequestStreamObserver1: onError: org.apache.ratis.thirdparty.io.grpc.StatusRuntimeException: CANCELLED: cancelled before receiving half close
2019-09-06 21:00:56,422 [main] INFO  server.GrpcService (GrpcService.java:closeImpl(163)) - f08ec93a-17fb-4985-ac3a-369735124bec: shutdown server with port 37055 successfully
2019-09-06 21:00:56,422 [refreshUsed-/workdir/hadoop-ozone/integration-test/target/test-dir/MiniOzoneClusterImpl-a4353b45-efea-4a09-bf1c-6c3a3aa95231/datanode-0/data/containers] WARN  fs.CachingGetSpaceUsed (CachingGetSpaceUsed.java:run(183)) - Thread Interrupted waiting to refresh disk information: sleep interrupted
2019-09-06 21:00:56,431 [refreshUsed-/workdir/hadoop-ozone/integration-test/target/test-dir/MiniOzoneClusterImpl-a4353b45-efea-4a09-bf1c-6c3a3aa95231/datanode-5/data/containers] WARN  fs.CachingGetSpaceUsed (CachingGetSpaceUsed.java:run(183)) - Thread Interrupted waiting to refresh disk information: sleep interrupted
2019-09-06 21:00:56,444 [main] INFO  utils.BackgroundService (BackgroundService.java:shutdown(148)) - Shutting down service BlockDeletingService
2019-09-06 21:00:56,447 [main] INFO  statemachine.DatanodeStateMachine (DatanodeStateMachine.java:stopDaemon(395)) - Ozone container server stopped.
2019-09-06 21:00:56,448 [ForkJoinPool.commonPool-worker-0] INFO  utils.BackgroundService (BackgroundService.java:shutdown(148)) - Shutting down service BlockDeletingService
2019-09-06 21:00:56,449 [main] INFO  handler.ContextHandler (ContextHandler.java:doStop(910)) - Stopped o.e.j.w.WebAppContext@7741ae1b{/,null,UNAVAILABLE}{/hddsDatanode}
2019-09-06 21:00:56,451 [ForkJoinPool.commonPool-worker-0] INFO  statemachine.DatanodeStateMachine (DatanodeStateMachine.java:stopDaemon(395)) - Ozone container server stopped.
2019-09-06 21:00:56,453 [main] INFO  server.AbstractConnector (AbstractConnector.java:doStop(318)) - Stopped ServerConnector@50e5032c{HTTP/1.1,[http/1.1]}{0.0.0.0:0}
2019-09-06 21:00:56,454 [main] INFO  handler.ContextHandler (ContextHandler.java:doStop(910)) - Stopped o.e.j.s.ServletContextHandler@49232c6f{/static,jar:file:/home/user/.m2/repository/org/apache/hadoop/hadoop-hdds-container-service/0.5.0-SNAPSHOT/hadoop-hdds-container-service-0.5.0-SNAPSHOT.jar!/webapps/static,UNAVAILABLE}
2019-09-06 21:00:56,454 [ForkJoinPool.commonPool-worker-0] INFO  handler.ContextHandler (ContextHandler.java:doStop(910)) - Stopped o.e.j.w.WebAppContext@8641b7d{/,null,UNAVAILABLE}{/hddsDatanode}
2019-09-06 21:00:56,454 [main] INFO  handler.ContextHandler (ContextHandler.java:doStop(910)) - Stopped o.e.j.s.ServletContextHandler@2365ea38{/logs,file:///workdir/hadoop-ozone/integration-test/target/log,UNAVAILABLE}
2019-09-06 21:00:56,455 [ForkJoinPool.commonPool-worker-0] INFO  server.AbstractConnector (AbstractConnector.java:doStop(318)) - Stopped ServerConnector@37c7766e{HTTP/1.1,[http/1.1]}{0.0.0.0:0}
2019-09-06 21:00:56,459 [ForkJoinPool.commonPool-worker-0] INFO  handler.ContextHandler (ContextHandler.java:doStop(910)) - Stopped o.e.j.s.ServletContextHandler@6222391a{/static,jar:file:/home/user/.m2/repository/org/apache/hadoop/hadoop-hdds-container-service/0.5.0-SNAPSHOT/hadoop-hdds-container-service-0.5.0-SNAPSHOT.jar!/webapps/static,UNAVAILABLE}
2019-09-06 21:00:56,459 [ForkJoinPool.commonPool-worker-0] INFO  handler.ContextHandler (ContextHandler.java:doStop(910)) - Stopped o.e.j.s.ServletContextHandler@45037e16{/logs,file:///workdir/hadoop-ozone/integration-test/target/log,UNAVAILABLE}
2019-09-06 21:00:56,460 [main] INFO  ozone.MiniOzoneClusterImpl (MiniOzoneClusterImpl.java:stop(339)) - Stopping the StorageContainerManager
2019-09-06 21:00:56,461 [main] INFO  server.StorageContainerManager (StorageContainerManager.java:stop(797)) - Stopping Replication Manager Service.
2019-09-06 21:00:56,461 [main] INFO  container.ReplicationManager (ReplicationManager.java:stop(203)) - Stopping Replication Monitor Thread.
2019-09-06 21:00:56,461 [main] INFO  server.StorageContainerManager (StorageContainerManager.java:stop(804)) - Stopping Lease Manager of the command watchers
2019-09-06 21:00:56,461 [main] INFO  server.StorageContainerManager (StorageContainerManager.java:stop(811)) - Stopping datanode service RPC server
2019-09-06 21:00:56,461 [main] INFO  server.SCMDatanodeProtocolServer (SCMDatanodeProtocolServer.java:stop(367)) - Stopping the RPC server for DataNodes
2019-09-06 21:00:56,462 [main] INFO  ipc.Server (Server.java:stop(3082)) - Stopping server on 39029
2019-09-06 21:00:56,464 [IPC Server listener on 39029] INFO  ipc.Server (Server.java:run(1185)) - Stopping IPC Server listener on 39029
2019-09-06 21:00:56,465 [IPC Server Responder] INFO  ipc.Server (Server.java:run(1319)) - Stopping IPC Server Responder
2019-09-06 21:00:56,559 [SCM Heartbeat Processing Thread - 0] WARN  node.NodeStateManager (NodeStateManager.java:scheduleNextHealthCheck(646)) - Current Thread is interrupted, shutting down HB processing thread for Node Manager.
2019-09-06 21:00:56,559 [main] INFO  server.StorageContainerManager (StorageContainerManager.java:stop(819)) - Stopping block service RPC server
2019-09-06 21:00:56,560 [main] INFO  server.SCMBlockProtocolServer (SCMBlockProtocolServer.java:stop(155)) - Stopping the RPC server for Block Protocol
2019-09-06 21:00:56,560 [main] INFO  ipc.Server (Server.java:stop(3082)) - Stopping server on 35470
2019-09-06 21:00:56,562 [IPC Server listener on 35470] INFO  ipc.Server (Server.java:run(1185)) - Stopping IPC Server listener on 35470
2019-09-06 21:00:56,562 [main] INFO  server.StorageContainerManager (StorageContainerManager.java:stop(826)) - Stopping the StorageContainerLocationProtocol RPC server
2019-09-06 21:00:56,564 [IPC Server Responder] INFO  ipc.Server (Server.java:run(1319)) - Stopping IPC Server Responder
2019-09-06 21:00:56,564 [main] INFO  server.SCMClientProtocolServer (SCMClientProtocolServer.java:stop(159)) - Stopping the RPC server for Client Protocol
2019-09-06 21:00:56,565 [main] INFO  ipc.Server (Server.java:stop(3082)) - Stopping server on 37280
2019-09-06 21:00:56,567 [IPC Server listener on 37280] INFO  ipc.Server (Server.java:run(1185)) - Stopping IPC Server listener on 37280
2019-09-06 21:00:56,567 [main] INFO  server.StorageContainerManager (StorageContainerManager.java:stop(833)) - Stopping Storage Container Manager HTTP server.
2019-09-06 21:00:56,568 [IPC Server Responder] INFO  ipc.Server (Server.java:run(1319)) - Stopping IPC Server Responder
2019-09-06 21:00:56,570 [main] INFO  handler.ContextHandler (ContextHandler.java:doStop(910)) - Stopped o.e.j.w.WebAppContext@1ee5632d{/,null,UNAVAILABLE}{/scm}
2019-09-06 21:00:56,570 [main] INFO  server.AbstractConnector (AbstractConnector.java:doStop(318)) - Stopped ServerConnector@52a7928a{HTTP/1.1,[http/1.1]}{0.0.0.0:0}
2019-09-06 21:00:56,571 [main] INFO  handler.ContextHandler (ContextHandler.java:doStop(910)) - Stopped o.e.j.s.ServletContextHandler@41e9f86{/static,file:///workdir/hadoop-ozone/integration-test/target/test-classes/webapps/static,UNAVAILABLE}
2019-09-06 21:00:56,571 [main] INFO  handler.ContextHandler (ContextHandler.java:doStop(910)) - Stopped o.e.j.s.ServletContextHandler@560271a1{/logs,file:///workdir/hadoop-ozone/integration-test/target/log,UNAVAILABLE}
2019-09-06 21:00:56,573 [main] INFO  server.StorageContainerManager (StorageContainerManager.java:stop(844)) - Stopping Block Manager Service.
2019-09-06 21:00:56,573 [main] INFO  utils.BackgroundService (BackgroundService.java:shutdown(148)) - Shutting down service SCMBlockDeletingService
2019-09-06 21:00:56,573 [main] INFO  utils.BackgroundService (BackgroundService.java:shutdown(148)) - Shutting down service SCMBlockDeletingService
2019-09-06 21:00:56,574 [main] INFO  server.StorageContainerManager (StorageContainerManager.java:stop(866)) - Stopping SCM Event Queue.
2019-09-06 21:00:56,579 [main] INFO  impl.MetricsSystemImpl (MetricsSystemImpl.java:stop(210)) - Stopping HddsDatanode metrics system...
2019-09-06 21:00:56,590 [main] INFO  impl.MetricsSystemImpl (MetricsSystemImpl.java:stop(216)) - HddsDatanode metrics system stopped.
]]></system-out>
  </testcase>
  <testcase name="testFailureWithPrimeSizedData" classname="org.apache.hadoop.ozone.client.rpc.TestBlockOutputStreamWithFailures" time="36.122"/>
  <testcase name="testWatchForCommitWithCloseContainerException" classname="org.apache.hadoop.ozone.client.rpc.TestBlockOutputStreamWithFailures" time="66.037"/>
  <testcase name="testExceptionDuringClose" classname="org.apache.hadoop.ozone.client.rpc.TestBlockOutputStreamWithFailures" time="45.815"/>
</testsuite>