<?xml version="1.0" encoding="UTF-8"?>
<testsuite xmlns:xsi="http://www.w3.org/2001/XMLSchema-instance" xsi:noNamespaceSchemaLocation="https://maven.apache.org/surefire/maven-surefire-plugin/xsd/surefire-test-report.xsd" name="org.apache.hadoop.ozone.client.rpc.TestOzoneClientRetriesOnException" time="75.689" tests="2" errors="1" skipped="0" failures="0">
  <properties>
    <property name="awt.toolkit" value="sun.awt.X11.XToolkit"/>
    <property name="file.encoding.pkg" value="sun.io"/>
    <property name="java.specification.version" value="1.8"/>
    <property name="sun.cpu.isalist" value=""/>
    <property name="sun.jnu.encoding" value="UTF-8"/>
    <property name="java.class.path" value="/workdir/hadoop-ozone/integration-test/target/test-classes:/workdir/hadoop-ozone/integration-test/target/classes:/home/user/.m2/repository/org/apache/hadoop/hadoop-ozone-common/0.4.1-SNAPSHOT/hadoop-ozone-common-0.4.1-SNAPSHOT.jar:/home/user/.m2/repository/org/apache/commons/commons-compress/1.4.1/commons-compress-1.4.1.jar:/home/user/.m2/repository/org/tukaani/xz/1.0/xz-1.0.jar:/home/user/.m2/repository/org/apache/hadoop/hadoop-common/3.2.0/hadoop-common-3.2.0.jar:/home/user/.m2/repository/org/apache/hadoop/hadoop-hdfs/3.2.0/hadoop-hdfs-3.2.0.jar:/home/user/.m2/repository/org/apache/hadoop/hadoop-hdfs-client/3.2.0/hadoop-hdfs-client-3.2.0.jar:/home/user/.m2/repository/com/fasterxml/jackson/core/jackson-annotations/2.9.5/jackson-annotations-2.9.5.jar:/home/user/.m2/repository/org/apache/hadoop/hadoop-hdds-common/0.4.1-SNAPSHOT/hadoop-hdds-common-0.4.1-SNAPSHOT.jar:/home/user/.m2/repository/javax/annotation/javax.annotation-api/1.2/javax.annotation-api-1.2.jar:/home/user/.m2/repository/org/apache/ratis/ratis-server/0.4.0-2337318-SNAPSHOT/ratis-server-0.4.0-2337318-SNAPSHOT.jar:/home/user/.m2/repository/org/apache/ratis/ratis-thirdparty-misc/0.2.0/ratis-thirdparty-misc-0.2.0.jar:/home/user/.m2/repository/org/apache/ratis/ratis-proto/0.4.0-2337318-SNAPSHOT/ratis-proto-0.4.0-2337318-SNAPSHOT.jar:/home/user/.m2/repository/org/apache/ratis/ratis-common/0.4.0-2337318-SNAPSHOT/ratis-common-0.4.0-2337318-SNAPSHOT.jar:/home/user/.m2/repository/org/apache/ratis/ratis-client/0.4.0-2337318-SNAPSHOT/ratis-client-0.4.0-2337318-SNAPSHOT.jar:/home/user/.m2/repository/org/apache/ratis/ratis-metrics/0.4.0-2337318-SNAPSHOT/ratis-metrics-0.4.0-2337318-SNAPSHOT.jar:/home/user/.m2/repository/org/apache/ratis/ratis-netty/0.4.0-2337318-SNAPSHOT/ratis-netty-0.4.0-2337318-SNAPSHOT.jar:/home/user/.m2/repository/org/apache/ratis/ratis-grpc/0.4.0-2337318-SNAPSHOT/ratis-grpc-0.4.0-2337318-SNAPSHOT.jar:/home/user/.m2/repository/org/rocksdb/rocksdbjni/6.0.1/rocksdbjni-6.0.1.jar:/home/user/.m2/repository/org/apache/logging/log4j/log4j-api/2.11.0/log4j-api-2.11.0.jar:/home/user/.m2/repository/org/apache/logging/log4j/log4j-core/2.11.0/log4j-core-2.11.0.jar:/home/user/.m2/repository/com/lmax/disruptor/3.4.2/disruptor-3.4.2.jar:/home/user/.m2/repository/org/apache/commons/commons-pool2/2.6.0/commons-pool2-2.6.0.jar:/home/user/.m2/repository/org/bouncycastle/bcpkix-jdk15on/1.60/bcpkix-jdk15on-1.60.jar:/home/user/.m2/repository/commons-validator/commons-validator/1.6/commons-validator-1.6.jar:/home/user/.m2/repository/commons-digester/commons-digester/1.8.1/commons-digester-1.8.1.jar:/home/user/.m2/repository/io/jaegertracing/jaeger-client/0.33.1/jaeger-client-0.33.1.jar:/home/user/.m2/repository/io/jaegertracing/jaeger-thrift/0.33.1/jaeger-thrift-0.33.1.jar:/home/user/.m2/repository/org/apache/thrift/libthrift/0.11.0/libthrift-0.11.0.jar:/home/user/.m2/repository/com/squareup/okhttp3/okhttp/3.9.0/okhttp-3.9.0.jar:/home/user/.m2/repository/com/squareup/okio/okio/1.13.0/okio-1.13.0.jar:/home/user/.m2/repository/io/jaegertracing/jaeger-core/0.33.1/jaeger-core-0.33.1.jar:/home/user/.m2/repository/io/jaegertracing/jaeger-tracerresolver/0.33.1/jaeger-tracerresolver-0.33.1.jar:/home/user/.m2/repository/io/opentracing/contrib/opentracing-tracerresolver/0.1.5/opentracing-tracerresolver-0.1.5.jar:/home/user/.m2/repository/io/opentracing/opentracing-util/0.31.0/opentracing-util-0.31.0.jar:/home/user/.m2/repository/io/opentracing/opentracing-api/0.31.0/opentracing-api-0.31.0.jar:/home/user/.m2/repository/io/opentracing/opentracing-noop/0.31.0/opentracing-noop-0.31.0.jar:/home/user/.m2/repository/org/apache/hadoop/hadoop-hdds-server-framework/0.4.1-SNAPSHOT/hadoop-hdds-server-framework-0.4.1-SNAPSHOT.jar:/home/user/.m2/repository/org/apache/hadoop/hadoop-hdds-container-service/0.4.1-SNAPSHOT/hadoop-hdds-container-service-0.4.1-SNAPSHOT.jar:/home/user/.m2/repository/org/apache/hadoop/hadoop-hdds-client/0.4.1-SNAPSHOT/hadoop-hdds-client-0.4.1-SNAPSHOT.jar:/home/user/.m2/repository/org/apache/hadoop/hadoop-hdds-tools/0.4.1-SNAPSHOT/hadoop-hdds-tools-0.4.1-SNAPSHOT.jar:/home/user/.m2/repository/org/apache/hadoop/hadoop-hdds-server-scm/0.4.1-SNAPSHOT/hadoop-hdds-server-scm-0.4.1-SNAPSHOT.jar:/home/user/.m2/repository/org/apache/hadoop/hadoop-hdds-docs/0.4.1-SNAPSHOT/hadoop-hdds-docs-0.4.1-SNAPSHOT.jar:/home/user/.m2/repository/io/dropwizard/metrics/metrics-core/3.2.4/metrics-core-3.2.4.jar:/home/user/.m2/repository/org/hamcrest/hamcrest-all/1.3/hamcrest-all-1.3.jar:/home/user/.m2/repository/org/bouncycastle/bcprov-jdk15on/1.60/bcprov-jdk15on-1.60.jar:/home/user/.m2/repository/info/picocli/picocli/3.9.6/picocli-3.9.6.jar:/home/user/.m2/repository/com/google/protobuf/protobuf-java/2.5.0/protobuf-java-2.5.0.jar:/home/user/.m2/repository/com/google/guava/guava/11.0.2/guava-11.0.2.jar:/home/user/.m2/repository/org/apache/hadoop/hadoop-ozone-ozone-manager/0.4.1-SNAPSHOT/hadoop-ozone-ozone-manager-0.4.1-SNAPSHOT.jar:/home/user/.m2/repository/org/apache/hadoop/hadoop-minikdc/3.2.0/hadoop-minikdc-3.2.0.jar:/home/user/.m2/repository/commons-io/commons-io/2.5/commons-io-2.5.jar:/home/user/.m2/repository/org/apache/kerby/kerb-simplekdc/1.0.1/kerb-simplekdc-1.0.1.jar:/home/user/.m2/repository/org/apache/kerby/kerb-client/1.0.1/kerb-client-1.0.1.jar:/home/user/.m2/repository/org/apache/kerby/kerby-config/1.0.1/kerby-config-1.0.1.jar:/home/user/.m2/repository/org/apache/kerby/kerb-core/1.0.1/kerb-core-1.0.1.jar:/home/user/.m2/repository/org/apache/kerby/kerby-pkix/1.0.1/kerby-pkix-1.0.1.jar:/home/user/.m2/repository/org/apache/kerby/kerby-asn1/1.0.1/kerby-asn1-1.0.1.jar:/home/user/.m2/repository/org/apache/kerby/kerby-util/1.0.1/kerby-util-1.0.1.jar:/home/user/.m2/repository/org/apache/kerby/kerb-common/1.0.1/kerb-common-1.0.1.jar:/home/user/.m2/repository/org/apache/kerby/kerb-crypto/1.0.1/kerb-crypto-1.0.1.jar:/home/user/.m2/repository/org/apache/kerby/kerb-util/1.0.1/kerb-util-1.0.1.jar:/home/user/.m2/repository/org/apache/kerby/token-provider/1.0.1/token-provider-1.0.1.jar:/home/user/.m2/repository/org/apache/kerby/kerb-admin/1.0.1/kerb-admin-1.0.1.jar:/home/user/.m2/repository/org/apache/kerby/kerb-server/1.0.1/kerb-server-1.0.1.jar:/home/user/.m2/repository/org/apache/kerby/kerb-identity/1.0.1/kerb-identity-1.0.1.jar:/home/user/.m2/repository/org/apache/kerby/kerby-xdr/1.0.1/kerby-xdr-1.0.1.jar:/home/user/.m2/repository/org/slf4j/slf4j-log4j12/1.7.25/slf4j-log4j12-1.7.25.jar:/home/user/.m2/repository/org/apache/hadoop/hadoop-ozone-objectstore-service/0.4.1-SNAPSHOT/hadoop-ozone-objectstore-service-0.4.1-SNAPSHOT.jar:/home/user/.m2/repository/org/apache/hadoop/hadoop-ozone-s3gateway/0.4.1-SNAPSHOT/hadoop-ozone-s3gateway-0.4.1-SNAPSHOT.jar:/home/user/.m2/repository/org/jboss/weld/servlet/weld-servlet/2.4.7.Final/weld-servlet-2.4.7.Final.jar:/home/user/.m2/repository/org/glassfish/jersey/containers/jersey-container-servlet-core/2.27/jersey-container-servlet-core-2.27.jar:/home/user/.m2/repository/org/glassfish/hk2/external/javax.inject/2.5.0-b42/javax.inject-2.5.0-b42.jar:/home/user/.m2/repository/org/glassfish/jersey/core/jersey-common/2.27/jersey-common-2.27.jar:/home/user/.m2/repository/org/glassfish/hk2/osgi-resource-locator/1.0.1/osgi-resource-locator-1.0.1.jar:/home/user/.m2/repository/javax/ws/rs/javax.ws.rs-api/2.1/javax.ws.rs-api-2.1.jar:/home/user/.m2/repository/org/glassfish/jersey/ext/cdi/jersey-cdi1x/2.27/jersey-cdi1x-2.27.jar:/home/user/.m2/repository/org/glassfish/jersey/inject/jersey-hk2/2.27/jersey-hk2-2.27.jar:/home/user/.m2/repository/org/glassfish/hk2/hk2-locator/2.5.0-b42/hk2-locator-2.5.0-b42.jar:/home/user/.m2/repository/org/javassist/javassist/3.22.0-CR2/javassist-3.22.0-CR2.jar:/home/user/.m2/repository/org/glassfish/hk2/hk2-api/2.5.0/hk2-api-2.5.0.jar:/home/user/.m2/repository/org/glassfish/hk2/external/jakarta.inject/2.5.0/jakarta.inject-2.5.0.jar:/home/user/.m2/repository/org/glassfish/hk2/hk2-utils/2.5.0/hk2-utils-2.5.0.jar:/home/user/.m2/repository/jakarta/annotation/jakarta.annotation-api/1.3.4/jakarta.annotation-api-1.3.4.jar:/home/user/.m2/repository/org/glassfish/hk2/external/aopalliance-repackaged/2.5.0/aopalliance-repackaged-2.5.0.jar:/home/user/.m2/repository/com/fasterxml/jackson/dataformat/jackson-dataformat-xml/2.9.0/jackson-dataformat-xml-2.9.0.jar:/home/user/.m2/repository/com/fasterxml/jackson/core/jackson-core/2.9.5/jackson-core-2.9.5.jar:/home/user/.m2/repository/com/fasterxml/jackson/module/jackson-module-jaxb-annotations/2.9.5/jackson-module-jaxb-annotations-2.9.5.jar:/home/user/.m2/repository/javax/enterprise/cdi-api/1.2/cdi-api-1.2.jar:/home/user/.m2/repository/javax/el/javax.el-api/3.0.0/javax.el-api-3.0.0.jar:/home/user/.m2/repository/javax/interceptor/javax.interceptor-api/1.2/javax.interceptor-api-1.2.jar:/home/user/.m2/repository/javax/inject/javax.inject/1/javax.inject-1.jar:/home/user/.m2/repository/com/sun/xml/bind/jaxb-impl/2.3.0.1/jaxb-impl-2.3.0.1.jar:/home/user/.m2/repository/com/sun/xml/bind/jaxb-core/2.3.0.1/jaxb-core-2.3.0.1.jar:/home/user/.m2/repository/javax/xml/bind/jaxb-api/2.3.0/jaxb-api-2.3.0.jar:/home/user/.m2/repository/javax/activation/activation/1.1.1/activation-1.1.1.jar:/home/user/.m2/repository/org/apache/hadoop/hadoop-ozone-csi/0.4.1-SNAPSHOT/hadoop-ozone-csi-0.4.1-SNAPSHOT.jar:/home/user/.m2/repository/com/google/protobuf/protobuf-java-util/3.5.1/protobuf-java-util-3.5.1.jar:/home/user/.m2/repository/org/apache/hadoop/hadoop-hdds-config/0.4.1-SNAPSHOT/hadoop-hdds-config-0.4.1-SNAPSHOT.jar:/home/user/.m2/repository/io/grpc/grpc-netty/1.17.1/grpc-netty-1.17.1.jar:/home/user/.m2/repository/io/grpc/grpc-core/1.17.1/grpc-core-1.17.1.jar:/home/user/.m2/repository/io/grpc/grpc-context/1.17.1/grpc-context-1.17.1.jar:/home/user/.m2/repository/com/google/errorprone/error_prone_annotations/2.2.0/error_prone_annotations-2.2.0.jar:/home/user/.m2/repository/org/codehaus/mojo/animal-sniffer-annotations/1.17/animal-sniffer-annotations-1.17.jar:/home/user/.m2/repository/io/opencensus/opencensus-api/0.17.0/opencensus-api-0.17.0.jar:/home/user/.m2/repository/io/opencensus/opencensus-contrib-grpc-metrics/0.17.0/opencensus-contrib-grpc-metrics-0.17.0.jar:/home/user/.m2/repository/io/netty/netty-codec-http2/4.1.30.Final/netty-codec-http2-4.1.30.Final.jar:/home/user/.m2/repository/io/netty/netty-codec-http/4.1.30.Final/netty-codec-http-4.1.30.Final.jar:/home/user/.m2/repository/io/netty/netty-codec/4.1.30.Final/netty-codec-4.1.30.Final.jar:/home/user/.m2/repository/io/netty/netty-handler/4.1.30.Final/netty-handler-4.1.30.Final.jar:/home/user/.m2/repository/io/netty/netty-handler-proxy/4.1.30.Final/netty-handler-proxy-4.1.30.Final.jar:/home/user/.m2/repository/io/netty/netty-codec-socks/4.1.30.Final/netty-codec-socks-4.1.30.Final.jar:/home/user/.m2/repository/io/netty/netty-transport-native-epoll/4.1.30.Final/netty-transport-native-epoll-4.1.30.Final.jar:/home/user/.m2/repository/io/netty/netty-common/4.1.30.Final/netty-common-4.1.30.Final.jar:/home/user/.m2/repository/io/netty/netty-buffer/4.1.30.Final/netty-buffer-4.1.30.Final.jar:/home/user/.m2/repository/io/netty/netty-transport/4.1.30.Final/netty-transport-4.1.30.Final.jar:/home/user/.m2/repository/io/netty/netty-resolver/4.1.30.Final/netty-resolver-4.1.30.Final.jar:/home/user/.m2/repository/io/netty/netty-transport-native-unix-common/4.1.30.Final/netty-transport-native-unix-common-4.1.30.Final.jar:/home/user/.m2/repository/io/grpc/grpc-protobuf/1.17.1/grpc-protobuf-1.17.1.jar:/home/user/.m2/repository/com/google/api/grpc/proto-google-common-protos/1.0.0/proto-google-common-protos-1.0.0.jar:/home/user/.m2/repository/io/grpc/grpc-protobuf-lite/1.17.1/grpc-protobuf-lite-1.17.1.jar:/home/user/.m2/repository/io/grpc/grpc-stub/1.17.1/grpc-stub-1.17.1.jar:/home/user/.m2/repository/org/apache/hadoop/hadoop-ozone-recon/0.4.1-SNAPSHOT/hadoop-ozone-recon-0.4.1-SNAPSHOT.jar:/home/user/.m2/repository/org/apache/hadoop/hadoop-ozone-reconcodegen/0.4.1-SNAPSHOT/hadoop-ozone-reconcodegen-0.4.1-SNAPSHOT.jar:/home/user/.m2/repository/com/google/inject/extensions/guice-multibindings/4.0/guice-multibindings-4.0.jar:/home/user/.m2/repository/com/google/inject/guice/4.0/guice-4.0.jar:/home/user/.m2/repository/aopalliance/aopalliance/1.0/aopalliance-1.0.jar:/home/user/.m2/repository/com/google/inject/extensions/guice-servlet/4.0/guice-servlet-4.0.jar:/home/user/.m2/repository/org/glassfish/jersey/containers/jersey-container-servlet/2.27/jersey-container-servlet-2.27.jar:/home/user/.m2/repository/org/glassfish/hk2/guice-bridge/2.5.0/guice-bridge-2.5.0.jar:/home/user/.m2/repository/org/glassfish/jersey/core/jersey-server/2.27/jersey-server-2.27.jar:/home/user/.m2/repository/org/glassfish/jersey/core/jersey-client/2.27/jersey-client-2.27.jar:/home/user/.m2/repository/org/glassfish/jersey/media/jersey-media-jaxb/2.27/jersey-media-jaxb-2.27.jar:/home/user/.m2/repository/javax/validation/validation-api/1.1.0.Final/validation-api-1.1.0.Final.jar:/home/user/.m2/repository/org/glassfish/jersey/media/jersey-media-json-jackson/2.27/jersey-media-json-jackson-2.27.jar:/home/user/.m2/repository/org/glassfish/jersey/ext/jersey-entity-filtering/2.27/jersey-entity-filtering-2.27.jar:/home/user/.m2/repository/com/google/inject/extensions/guice-assistedinject/4.0/guice-assistedinject-4.0.jar:/home/user/.m2/repository/org/jooq/jooq/3.11.10/jooq-3.11.10.jar:/home/user/.m2/repository/org/jooq/jooq-meta/3.11.10/jooq-meta-3.11.10.jar:/home/user/.m2/repository/org/jooq/jooq-codegen/3.11.10/jooq-codegen-3.11.10.jar:/home/user/.m2/repository/com/jolbox/bonecp/0.8.0.RELEASE/bonecp-0.8.0.RELEASE.jar:/home/user/.m2/repository/org/xerial/sqlite-jdbc/3.25.2/sqlite-jdbc-3.25.2.jar:/home/user/.m2/repository/org/springframework/spring-jdbc/5.1.3.RELEASE/spring-jdbc-5.1.3.RELEASE.jar:/home/user/.m2/repository/org/springframework/spring-beans/5.1.3.RELEASE/spring-beans-5.1.3.RELEASE.jar:/home/user/.m2/repository/org/springframework/spring-core/5.1.3.RELEASE/spring-core-5.1.3.RELEASE.jar:/home/user/.m2/repository/org/springframework/spring-jcl/5.1.3.RELEASE/spring-jcl-5.1.3.RELEASE.jar:/home/user/.m2/repository/org/springframework/spring-tx/5.1.3.RELEASE/spring-tx-5.1.3.RELEASE.jar:/home/user/.m2/repository/org/apache/hadoop/hadoop-ozone-client/0.4.1-SNAPSHOT/hadoop-ozone-client-0.4.1-SNAPSHOT.jar:/home/user/.m2/repository/commons-lang/commons-lang/2.6/commons-lang-2.6.jar:/home/user/.m2/repository/org/apache/hadoop/hadoop-ozone-ozone-manager/0.4.1-SNAPSHOT/hadoop-ozone-ozone-manager-0.4.1-SNAPSHOT-tests.jar:/home/user/.m2/repository/junit/junit/4.11/junit-4.11.jar:/home/user/.m2/repository/org/hamcrest/hamcrest-core/1.3/hamcrest-core-1.3.jar:/home/user/.m2/repository/org/openjdk/jmh/jmh-core/1.19/jmh-core-1.19.jar:/home/user/.m2/repository/net/sf/jopt-simple/jopt-simple/4.6/jopt-simple-4.6.jar:/home/user/.m2/repository/org/apache/commons/commons-math3/3.1.1/commons-math3-3.1.1.jar:/home/user/.m2/repository/org/openjdk/jmh/jmh-generator-annprocess/1.19/jmh-generator-annprocess-1.19.jar:/home/user/.m2/repository/org/mockito/mockito-all/1.8.5/mockito-all-1.8.5.jar:/home/user/.m2/repository/org/apache/hadoop/hadoop-kms/3.2.0/hadoop-kms-3.2.0.jar:/home/user/.m2/repository/org/apache/hadoop/hadoop-auth/3.2.0/hadoop-auth-3.2.0.jar:/home/user/.m2/repository/com/nimbusds/nimbus-jose-jwt/4.41.1/nimbus-jose-jwt-4.41.1.jar:/home/user/.m2/repository/com/github/stephenc/jcip/jcip-annotations/1.0-1/jcip-annotations-1.0-1.jar:/home/user/.m2/repository/net/minidev/json-smart/2.3/json-smart-2.3.jar:/home/user/.m2/repository/net/minidev/accessors-smart/1.2/accessors-smart-1.2.jar:/home/user/.m2/repository/org/ow2/asm/asm/5.0.4/asm-5.0.4.jar:/home/user/.m2/repository/org/apache/curator/curator-framework/2.12.0/curator-framework-2.12.0.jar:/home/user/.m2/repository/com/sun/jersey/jersey-core/1.19/jersey-core-1.19.jar:/home/user/.m2/repository/javax/ws/rs/jsr311-api/1.1.1/jsr311-api-1.1.1.jar:/home/user/.m2/repository/com/sun/jersey/jersey-server/1.19/jersey-server-1.19.jar:/home/user/.m2/repository/javax/servlet/javax.servlet-api/3.1.0/javax.servlet-api-3.1.0.jar:/home/user/.m2/repository/org/eclipse/jetty/jetty-server/9.3.24.v20180605/jetty-server-9.3.24.v20180605.jar:/home/user/.m2/repository/org/eclipse/jetty/jetty-http/9.3.24.v20180605/jetty-http-9.3.24.v20180605.jar:/home/user/.m2/repository/org/eclipse/jetty/jetty-io/9.3.24.v20180605/jetty-io-9.3.24.v20180605.jar:/home/user/.m2/repository/org/eclipse/jetty/jetty-webapp/9.3.24.v20180605/jetty-webapp-9.3.24.v20180605.jar:/home/user/.m2/repository/org/eclipse/jetty/jetty-xml/9.3.24.v20180605/jetty-xml-9.3.24.v20180605.jar:/home/user/.m2/repository/log4j/log4j/1.2.17/log4j-1.2.17.jar:/home/user/.m2/repository/org/slf4j/slf4j-api/1.7.25/slf4j-api-1.7.25.jar:/home/user/.m2/repository/org/slf4j/jul-to-slf4j/1.7.25/jul-to-slf4j-1.7.25.jar:/home/user/.m2/repository/org/eclipse/jetty/jetty-util/9.3.24.v20180605/jetty-util-9.3.24.v20180605.jar:/home/user/.m2/repository/com/fasterxml/jackson/core/jackson-databind/2.9.5/jackson-databind-2.9.5.jar:/home/user/.m2/repository/org/apache/hadoop/hadoop-kms/3.2.0/hadoop-kms-3.2.0-tests.jar:/home/user/.m2/repository/org/apache/hadoop/hadoop-hdds-server-scm/0.4.1-SNAPSHOT/hadoop-hdds-server-scm-0.4.1-SNAPSHOT-tests.jar:/home/user/.m2/repository/org/apache/hadoop/hadoop-hdds-container-service/0.4.1-SNAPSHOT/hadoop-hdds-container-service-0.4.1-SNAPSHOT-tests.jar:/home/user/.m2/repository/org/yaml/snakeyaml/1.16/snakeyaml-1.16.jar:/home/user/.m2/repository/org/apache/hadoop/hadoop-common/3.2.0/hadoop-common-3.2.0-tests.jar:/home/user/.m2/repository/org/apache/hadoop/hadoop-annotations/3.2.0/hadoop-annotations-3.2.0.jar:/usr/lib/jvm/java-1.8-openjdk/jre/../lib/tools.jar:/home/user/.m2/repository/commons-cli/commons-cli/1.2/commons-cli-1.2.jar:/home/user/.m2/repository/org/apache/httpcomponents/httpclient/4.5.2/httpclient-4.5.2.jar:/home/user/.m2/repository/org/apache/httpcomponents/httpcore/4.4.4/httpcore-4.4.4.jar:/home/user/.m2/repository/commons-codec/commons-codec/1.11/commons-codec-1.11.jar:/home/user/.m2/repository/commons-net/commons-net/3.6/commons-net-3.6.jar:/home/user/.m2/repository/commons-collections/commons-collections/3.2.2/commons-collections-3.2.2.jar:/home/user/.m2/repository/org/eclipse/jetty/jetty-servlet/9.3.24.v20180605/jetty-servlet-9.3.24.v20180605.jar:/home/user/.m2/repository/org/eclipse/jetty/jetty-security/9.3.24.v20180605/jetty-security-9.3.24.v20180605.jar:/home/user/.m2/repository/javax/servlet/jsp/jsp-api/2.1/jsp-api-2.1.jar:/home/user/.m2/repository/com/sun/jersey/jersey-servlet/1.19/jersey-servlet-1.19.jar:/home/user/.m2/repository/com/sun/jersey/jersey-json/1.19/jersey-json-1.19.jar:/home/user/.m2/repository/org/codehaus/jettison/jettison/1.1/jettison-1.1.jar:/home/user/.m2/repository/org/codehaus/jackson/jackson-core-asl/1.9.13/jackson-core-asl-1.9.13.jar:/home/user/.m2/repository/org/codehaus/jackson/jackson-mapper-asl/1.9.13/jackson-mapper-asl-1.9.13.jar:/home/user/.m2/repository/org/codehaus/jackson/jackson-jaxrs/1.9.13/jackson-jaxrs-1.9.13.jar:/home/user/.m2/repository/org/codehaus/jackson/jackson-xc/1.9.13/jackson-xc-1.9.13.jar:/home/user/.m2/repository/commons-logging/commons-logging/1.1.3/commons-logging-1.1.3.jar:/home/user/.m2/repository/commons-beanutils/commons-beanutils/1.9.3/commons-beanutils-1.9.3.jar:/home/user/.m2/repository/org/apache/commons/commons-configuration2/2.1.1/commons-configuration2-2.1.1.jar:/home/user/.m2/repository/org/apache/commons/commons-lang3/3.7/commons-lang3-3.7.jar:/home/user/.m2/repository/org/apache/commons/commons-text/1.4/commons-text-1.4.jar:/home/user/.m2/repository/org/apache/avro/avro/1.7.7/avro-1.7.7.jar:/home/user/.m2/repository/com/thoughtworks/paranamer/paranamer/2.3/paranamer-2.3.jar:/home/user/.m2/repository/org/xerial/snappy/snappy-java/1.0.5/snappy-java-1.0.5.jar:/home/user/.m2/repository/com/google/re2j/re2j/1.1/re2j-1.1.jar:/home/user/.m2/repository/com/google/code/gson/gson/2.2.4/gson-2.2.4.jar:/home/user/.m2/repository/com/jcraft/jsch/0.1.54/jsch-0.1.54.jar:/home/user/.m2/repository/org/apache/curator/curator-client/2.12.0/curator-client-2.12.0.jar:/home/user/.m2/repository/org/apache/curator/curator-recipes/2.12.0/curator-recipes-2.12.0.jar:/home/user/.m2/repository/com/google/code/findbugs/jsr305/3.0.0/jsr305-3.0.0.jar:/home/user/.m2/repository/org/apache/htrace/htrace-core4/4.1.0-incubating/htrace-core4-4.1.0-incubating.jar:/home/user/.m2/repository/org/apache/zookeeper/zookeeper/3.4.13/zookeeper-3.4.13.jar:/home/user/.m2/repository/org/apache/yetus/audience-annotations/0.5.0/audience-annotations-0.5.0.jar:/home/user/.m2/repository/org/codehaus/woodstox/stax2-api/3.1.4/stax2-api-3.1.4.jar:/home/user/.m2/repository/com/fasterxml/woodstox/woodstox-core/5.0.3/woodstox-core-5.0.3.jar:/home/user/.m2/repository/dnsjava/dnsjava/2.1.7/dnsjava-2.1.7.jar:/home/user/.m2/repository/org/apache/hadoop/hadoop-hdfs/3.2.0/hadoop-hdfs-3.2.0-tests.jar:/home/user/.m2/repository/org/eclipse/jetty/jetty-util-ajax/9.3.24.v20180605/jetty-util-ajax-9.3.24.v20180605.jar:/home/user/.m2/repository/commons-daemon/commons-daemon/1.0.13/commons-daemon-1.0.13.jar:/home/user/.m2/repository/io/netty/netty/3.10.5.Final/netty-3.10.5.Final.jar:/home/user/.m2/repository/io/netty/netty-all/4.0.52.Final/netty-all-4.0.52.Final.jar:/home/user/.m2/repository/org/fusesource/leveldbjni/leveldbjni-all/1.8/leveldbjni-all-1.8.jar:"/>
    <property name="java.vm.vendor" value="IcedTea"/>
    <property name="sun.arch.data.model" value="64"/>
    <property name="test.build.dir" value="/workdir/hadoop-ozone/integration-test/target/test-dir"/>
    <property name="test.cache.data" value=""/>
    <property name="java.vendor.url" value="https://icedtea.classpath.org"/>
    <property name="user.timezone" value=""/>
    <property name="java.vm.specification.version" value="1.8"/>
    <property name="os.name" value="Linux"/>
    <property name="test.build.data" value="/workdir/hadoop-ozone/integration-test/target/test-dir"/>
    <property name="user.country" value="US"/>
    <property name="sun.java.launcher" value="SUN_STANDARD"/>
    <property name="sun.boot.library.path" value="/usr/lib/jvm/java-1.8-openjdk/jre/lib/amd64"/>
    <property name="sun.java.command" value="/workdir/hadoop-ozone/integration-test/target/surefire/surefirebooter3634737693088188369.jar /workdir/hadoop-ozone/integration-test/target/surefire 2019-08-20T03-13-02_451-jvmRun1 surefire3731444947156856422tmp surefire_137561929267820089826tmp"/>
    <property name="test" value="!TestMiniChaosOzoneCluster"/>
    <property name="surefire.test.class.path" value="/workdir/hadoop-ozone/integration-test/target/test-classes:/workdir/hadoop-ozone/integration-test/target/classes:/home/user/.m2/repository/org/apache/hadoop/hadoop-ozone-common/0.4.1-SNAPSHOT/hadoop-ozone-common-0.4.1-SNAPSHOT.jar:/home/user/.m2/repository/org/apache/commons/commons-compress/1.4.1/commons-compress-1.4.1.jar:/home/user/.m2/repository/org/tukaani/xz/1.0/xz-1.0.jar:/home/user/.m2/repository/org/apache/hadoop/hadoop-common/3.2.0/hadoop-common-3.2.0.jar:/home/user/.m2/repository/org/apache/hadoop/hadoop-hdfs/3.2.0/hadoop-hdfs-3.2.0.jar:/home/user/.m2/repository/org/apache/hadoop/hadoop-hdfs-client/3.2.0/hadoop-hdfs-client-3.2.0.jar:/home/user/.m2/repository/com/fasterxml/jackson/core/jackson-annotations/2.9.5/jackson-annotations-2.9.5.jar:/home/user/.m2/repository/org/apache/hadoop/hadoop-hdds-common/0.4.1-SNAPSHOT/hadoop-hdds-common-0.4.1-SNAPSHOT.jar:/home/user/.m2/repository/javax/annotation/javax.annotation-api/1.2/javax.annotation-api-1.2.jar:/home/user/.m2/repository/org/apache/ratis/ratis-server/0.4.0-2337318-SNAPSHOT/ratis-server-0.4.0-2337318-SNAPSHOT.jar:/home/user/.m2/repository/org/apache/ratis/ratis-thirdparty-misc/0.2.0/ratis-thirdparty-misc-0.2.0.jar:/home/user/.m2/repository/org/apache/ratis/ratis-proto/0.4.0-2337318-SNAPSHOT/ratis-proto-0.4.0-2337318-SNAPSHOT.jar:/home/user/.m2/repository/org/apache/ratis/ratis-common/0.4.0-2337318-SNAPSHOT/ratis-common-0.4.0-2337318-SNAPSHOT.jar:/home/user/.m2/repository/org/apache/ratis/ratis-client/0.4.0-2337318-SNAPSHOT/ratis-client-0.4.0-2337318-SNAPSHOT.jar:/home/user/.m2/repository/org/apache/ratis/ratis-metrics/0.4.0-2337318-SNAPSHOT/ratis-metrics-0.4.0-2337318-SNAPSHOT.jar:/home/user/.m2/repository/org/apache/ratis/ratis-netty/0.4.0-2337318-SNAPSHOT/ratis-netty-0.4.0-2337318-SNAPSHOT.jar:/home/user/.m2/repository/org/apache/ratis/ratis-grpc/0.4.0-2337318-SNAPSHOT/ratis-grpc-0.4.0-2337318-SNAPSHOT.jar:/home/user/.m2/repository/org/rocksdb/rocksdbjni/6.0.1/rocksdbjni-6.0.1.jar:/home/user/.m2/repository/org/apache/logging/log4j/log4j-api/2.11.0/log4j-api-2.11.0.jar:/home/user/.m2/repository/org/apache/logging/log4j/log4j-core/2.11.0/log4j-core-2.11.0.jar:/home/user/.m2/repository/com/lmax/disruptor/3.4.2/disruptor-3.4.2.jar:/home/user/.m2/repository/org/apache/commons/commons-pool2/2.6.0/commons-pool2-2.6.0.jar:/home/user/.m2/repository/org/bouncycastle/bcpkix-jdk15on/1.60/bcpkix-jdk15on-1.60.jar:/home/user/.m2/repository/commons-validator/commons-validator/1.6/commons-validator-1.6.jar:/home/user/.m2/repository/commons-digester/commons-digester/1.8.1/commons-digester-1.8.1.jar:/home/user/.m2/repository/io/jaegertracing/jaeger-client/0.33.1/jaeger-client-0.33.1.jar:/home/user/.m2/repository/io/jaegertracing/jaeger-thrift/0.33.1/jaeger-thrift-0.33.1.jar:/home/user/.m2/repository/org/apache/thrift/libthrift/0.11.0/libthrift-0.11.0.jar:/home/user/.m2/repository/com/squareup/okhttp3/okhttp/3.9.0/okhttp-3.9.0.jar:/home/user/.m2/repository/com/squareup/okio/okio/1.13.0/okio-1.13.0.jar:/home/user/.m2/repository/io/jaegertracing/jaeger-core/0.33.1/jaeger-core-0.33.1.jar:/home/user/.m2/repository/io/jaegertracing/jaeger-tracerresolver/0.33.1/jaeger-tracerresolver-0.33.1.jar:/home/user/.m2/repository/io/opentracing/contrib/opentracing-tracerresolver/0.1.5/opentracing-tracerresolver-0.1.5.jar:/home/user/.m2/repository/io/opentracing/opentracing-util/0.31.0/opentracing-util-0.31.0.jar:/home/user/.m2/repository/io/opentracing/opentracing-api/0.31.0/opentracing-api-0.31.0.jar:/home/user/.m2/repository/io/opentracing/opentracing-noop/0.31.0/opentracing-noop-0.31.0.jar:/home/user/.m2/repository/org/apache/hadoop/hadoop-hdds-server-framework/0.4.1-SNAPSHOT/hadoop-hdds-server-framework-0.4.1-SNAPSHOT.jar:/home/user/.m2/repository/org/apache/hadoop/hadoop-hdds-container-service/0.4.1-SNAPSHOT/hadoop-hdds-container-service-0.4.1-SNAPSHOT.jar:/home/user/.m2/repository/org/apache/hadoop/hadoop-hdds-client/0.4.1-SNAPSHOT/hadoop-hdds-client-0.4.1-SNAPSHOT.jar:/home/user/.m2/repository/org/apache/hadoop/hadoop-hdds-tools/0.4.1-SNAPSHOT/hadoop-hdds-tools-0.4.1-SNAPSHOT.jar:/home/user/.m2/repository/org/apache/hadoop/hadoop-hdds-server-scm/0.4.1-SNAPSHOT/hadoop-hdds-server-scm-0.4.1-SNAPSHOT.jar:/home/user/.m2/repository/org/apache/hadoop/hadoop-hdds-docs/0.4.1-SNAPSHOT/hadoop-hdds-docs-0.4.1-SNAPSHOT.jar:/home/user/.m2/repository/io/dropwizard/metrics/metrics-core/3.2.4/metrics-core-3.2.4.jar:/home/user/.m2/repository/org/hamcrest/hamcrest-all/1.3/hamcrest-all-1.3.jar:/home/user/.m2/repository/org/bouncycastle/bcprov-jdk15on/1.60/bcprov-jdk15on-1.60.jar:/home/user/.m2/repository/info/picocli/picocli/3.9.6/picocli-3.9.6.jar:/home/user/.m2/repository/com/google/protobuf/protobuf-java/2.5.0/protobuf-java-2.5.0.jar:/home/user/.m2/repository/com/google/guava/guava/11.0.2/guava-11.0.2.jar:/home/user/.m2/repository/org/apache/hadoop/hadoop-ozone-ozone-manager/0.4.1-SNAPSHOT/hadoop-ozone-ozone-manager-0.4.1-SNAPSHOT.jar:/home/user/.m2/repository/org/apache/hadoop/hadoop-minikdc/3.2.0/hadoop-minikdc-3.2.0.jar:/home/user/.m2/repository/commons-io/commons-io/2.5/commons-io-2.5.jar:/home/user/.m2/repository/org/apache/kerby/kerb-simplekdc/1.0.1/kerb-simplekdc-1.0.1.jar:/home/user/.m2/repository/org/apache/kerby/kerb-client/1.0.1/kerb-client-1.0.1.jar:/home/user/.m2/repository/org/apache/kerby/kerby-config/1.0.1/kerby-config-1.0.1.jar:/home/user/.m2/repository/org/apache/kerby/kerb-core/1.0.1/kerb-core-1.0.1.jar:/home/user/.m2/repository/org/apache/kerby/kerby-pkix/1.0.1/kerby-pkix-1.0.1.jar:/home/user/.m2/repository/org/apache/kerby/kerby-asn1/1.0.1/kerby-asn1-1.0.1.jar:/home/user/.m2/repository/org/apache/kerby/kerby-util/1.0.1/kerby-util-1.0.1.jar:/home/user/.m2/repository/org/apache/kerby/kerb-common/1.0.1/kerb-common-1.0.1.jar:/home/user/.m2/repository/org/apache/kerby/kerb-crypto/1.0.1/kerb-crypto-1.0.1.jar:/home/user/.m2/repository/org/apache/kerby/kerb-util/1.0.1/kerb-util-1.0.1.jar:/home/user/.m2/repository/org/apache/kerby/token-provider/1.0.1/token-provider-1.0.1.jar:/home/user/.m2/repository/org/apache/kerby/kerb-admin/1.0.1/kerb-admin-1.0.1.jar:/home/user/.m2/repository/org/apache/kerby/kerb-server/1.0.1/kerb-server-1.0.1.jar:/home/user/.m2/repository/org/apache/kerby/kerb-identity/1.0.1/kerb-identity-1.0.1.jar:/home/user/.m2/repository/org/apache/kerby/kerby-xdr/1.0.1/kerby-xdr-1.0.1.jar:/home/user/.m2/repository/org/slf4j/slf4j-log4j12/1.7.25/slf4j-log4j12-1.7.25.jar:/home/user/.m2/repository/org/apache/hadoop/hadoop-ozone-objectstore-service/0.4.1-SNAPSHOT/hadoop-ozone-objectstore-service-0.4.1-SNAPSHOT.jar:/home/user/.m2/repository/org/apache/hadoop/hadoop-ozone-s3gateway/0.4.1-SNAPSHOT/hadoop-ozone-s3gateway-0.4.1-SNAPSHOT.jar:/home/user/.m2/repository/org/jboss/weld/servlet/weld-servlet/2.4.7.Final/weld-servlet-2.4.7.Final.jar:/home/user/.m2/repository/org/glassfish/jersey/containers/jersey-container-servlet-core/2.27/jersey-container-servlet-core-2.27.jar:/home/user/.m2/repository/org/glassfish/hk2/external/javax.inject/2.5.0-b42/javax.inject-2.5.0-b42.jar:/home/user/.m2/repository/org/glassfish/jersey/core/jersey-common/2.27/jersey-common-2.27.jar:/home/user/.m2/repository/org/glassfish/hk2/osgi-resource-locator/1.0.1/osgi-resource-locator-1.0.1.jar:/home/user/.m2/repository/javax/ws/rs/javax.ws.rs-api/2.1/javax.ws.rs-api-2.1.jar:/home/user/.m2/repository/org/glassfish/jersey/ext/cdi/jersey-cdi1x/2.27/jersey-cdi1x-2.27.jar:/home/user/.m2/repository/org/glassfish/jersey/inject/jersey-hk2/2.27/jersey-hk2-2.27.jar:/home/user/.m2/repository/org/glassfish/hk2/hk2-locator/2.5.0-b42/hk2-locator-2.5.0-b42.jar:/home/user/.m2/repository/org/javassist/javassist/3.22.0-CR2/javassist-3.22.0-CR2.jar:/home/user/.m2/repository/org/glassfish/hk2/hk2-api/2.5.0/hk2-api-2.5.0.jar:/home/user/.m2/repository/org/glassfish/hk2/external/jakarta.inject/2.5.0/jakarta.inject-2.5.0.jar:/home/user/.m2/repository/org/glassfish/hk2/hk2-utils/2.5.0/hk2-utils-2.5.0.jar:/home/user/.m2/repository/jakarta/annotation/jakarta.annotation-api/1.3.4/jakarta.annotation-api-1.3.4.jar:/home/user/.m2/repository/org/glassfish/hk2/external/aopalliance-repackaged/2.5.0/aopalliance-repackaged-2.5.0.jar:/home/user/.m2/repository/com/fasterxml/jackson/dataformat/jackson-dataformat-xml/2.9.0/jackson-dataformat-xml-2.9.0.jar:/home/user/.m2/repository/com/fasterxml/jackson/core/jackson-core/2.9.5/jackson-core-2.9.5.jar:/home/user/.m2/repository/com/fasterxml/jackson/module/jackson-module-jaxb-annotations/2.9.5/jackson-module-jaxb-annotations-2.9.5.jar:/home/user/.m2/repository/javax/enterprise/cdi-api/1.2/cdi-api-1.2.jar:/home/user/.m2/repository/javax/el/javax.el-api/3.0.0/javax.el-api-3.0.0.jar:/home/user/.m2/repository/javax/interceptor/javax.interceptor-api/1.2/javax.interceptor-api-1.2.jar:/home/user/.m2/repository/javax/inject/javax.inject/1/javax.inject-1.jar:/home/user/.m2/repository/com/sun/xml/bind/jaxb-impl/2.3.0.1/jaxb-impl-2.3.0.1.jar:/home/user/.m2/repository/com/sun/xml/bind/jaxb-core/2.3.0.1/jaxb-core-2.3.0.1.jar:/home/user/.m2/repository/javax/xml/bind/jaxb-api/2.3.0/jaxb-api-2.3.0.jar:/home/user/.m2/repository/javax/activation/activation/1.1.1/activation-1.1.1.jar:/home/user/.m2/repository/org/apache/hadoop/hadoop-ozone-csi/0.4.1-SNAPSHOT/hadoop-ozone-csi-0.4.1-SNAPSHOT.jar:/home/user/.m2/repository/com/google/protobuf/protobuf-java-util/3.5.1/protobuf-java-util-3.5.1.jar:/home/user/.m2/repository/org/apache/hadoop/hadoop-hdds-config/0.4.1-SNAPSHOT/hadoop-hdds-config-0.4.1-SNAPSHOT.jar:/home/user/.m2/repository/io/grpc/grpc-netty/1.17.1/grpc-netty-1.17.1.jar:/home/user/.m2/repository/io/grpc/grpc-core/1.17.1/grpc-core-1.17.1.jar:/home/user/.m2/repository/io/grpc/grpc-context/1.17.1/grpc-context-1.17.1.jar:/home/user/.m2/repository/com/google/errorprone/error_prone_annotations/2.2.0/error_prone_annotations-2.2.0.jar:/home/user/.m2/repository/org/codehaus/mojo/animal-sniffer-annotations/1.17/animal-sniffer-annotations-1.17.jar:/home/user/.m2/repository/io/opencensus/opencensus-api/0.17.0/opencensus-api-0.17.0.jar:/home/user/.m2/repository/io/opencensus/opencensus-contrib-grpc-metrics/0.17.0/opencensus-contrib-grpc-metrics-0.17.0.jar:/home/user/.m2/repository/io/netty/netty-codec-http2/4.1.30.Final/netty-codec-http2-4.1.30.Final.jar:/home/user/.m2/repository/io/netty/netty-codec-http/4.1.30.Final/netty-codec-http-4.1.30.Final.jar:/home/user/.m2/repository/io/netty/netty-codec/4.1.30.Final/netty-codec-4.1.30.Final.jar:/home/user/.m2/repository/io/netty/netty-handler/4.1.30.Final/netty-handler-4.1.30.Final.jar:/home/user/.m2/repository/io/netty/netty-handler-proxy/4.1.30.Final/netty-handler-proxy-4.1.30.Final.jar:/home/user/.m2/repository/io/netty/netty-codec-socks/4.1.30.Final/netty-codec-socks-4.1.30.Final.jar:/home/user/.m2/repository/io/netty/netty-transport-native-epoll/4.1.30.Final/netty-transport-native-epoll-4.1.30.Final.jar:/home/user/.m2/repository/io/netty/netty-common/4.1.30.Final/netty-common-4.1.30.Final.jar:/home/user/.m2/repository/io/netty/netty-buffer/4.1.30.Final/netty-buffer-4.1.30.Final.jar:/home/user/.m2/repository/io/netty/netty-transport/4.1.30.Final/netty-transport-4.1.30.Final.jar:/home/user/.m2/repository/io/netty/netty-resolver/4.1.30.Final/netty-resolver-4.1.30.Final.jar:/home/user/.m2/repository/io/netty/netty-transport-native-unix-common/4.1.30.Final/netty-transport-native-unix-common-4.1.30.Final.jar:/home/user/.m2/repository/io/grpc/grpc-protobuf/1.17.1/grpc-protobuf-1.17.1.jar:/home/user/.m2/repository/com/google/api/grpc/proto-google-common-protos/1.0.0/proto-google-common-protos-1.0.0.jar:/home/user/.m2/repository/io/grpc/grpc-protobuf-lite/1.17.1/grpc-protobuf-lite-1.17.1.jar:/home/user/.m2/repository/io/grpc/grpc-stub/1.17.1/grpc-stub-1.17.1.jar:/home/user/.m2/repository/org/apache/hadoop/hadoop-ozone-recon/0.4.1-SNAPSHOT/hadoop-ozone-recon-0.4.1-SNAPSHOT.jar:/home/user/.m2/repository/org/apache/hadoop/hadoop-ozone-reconcodegen/0.4.1-SNAPSHOT/hadoop-ozone-reconcodegen-0.4.1-SNAPSHOT.jar:/home/user/.m2/repository/com/google/inject/extensions/guice-multibindings/4.0/guice-multibindings-4.0.jar:/home/user/.m2/repository/com/google/inject/guice/4.0/guice-4.0.jar:/home/user/.m2/repository/aopalliance/aopalliance/1.0/aopalliance-1.0.jar:/home/user/.m2/repository/com/google/inject/extensions/guice-servlet/4.0/guice-servlet-4.0.jar:/home/user/.m2/repository/org/glassfish/jersey/containers/jersey-container-servlet/2.27/jersey-container-servlet-2.27.jar:/home/user/.m2/repository/org/glassfish/hk2/guice-bridge/2.5.0/guice-bridge-2.5.0.jar:/home/user/.m2/repository/org/glassfish/jersey/core/jersey-server/2.27/jersey-server-2.27.jar:/home/user/.m2/repository/org/glassfish/jersey/core/jersey-client/2.27/jersey-client-2.27.jar:/home/user/.m2/repository/org/glassfish/jersey/media/jersey-media-jaxb/2.27/jersey-media-jaxb-2.27.jar:/home/user/.m2/repository/javax/validation/validation-api/1.1.0.Final/validation-api-1.1.0.Final.jar:/home/user/.m2/repository/org/glassfish/jersey/media/jersey-media-json-jackson/2.27/jersey-media-json-jackson-2.27.jar:/home/user/.m2/repository/org/glassfish/jersey/ext/jersey-entity-filtering/2.27/jersey-entity-filtering-2.27.jar:/home/user/.m2/repository/com/google/inject/extensions/guice-assistedinject/4.0/guice-assistedinject-4.0.jar:/home/user/.m2/repository/org/jooq/jooq/3.11.10/jooq-3.11.10.jar:/home/user/.m2/repository/org/jooq/jooq-meta/3.11.10/jooq-meta-3.11.10.jar:/home/user/.m2/repository/org/jooq/jooq-codegen/3.11.10/jooq-codegen-3.11.10.jar:/home/user/.m2/repository/com/jolbox/bonecp/0.8.0.RELEASE/bonecp-0.8.0.RELEASE.jar:/home/user/.m2/repository/org/xerial/sqlite-jdbc/3.25.2/sqlite-jdbc-3.25.2.jar:/home/user/.m2/repository/org/springframework/spring-jdbc/5.1.3.RELEASE/spring-jdbc-5.1.3.RELEASE.jar:/home/user/.m2/repository/org/springframework/spring-beans/5.1.3.RELEASE/spring-beans-5.1.3.RELEASE.jar:/home/user/.m2/repository/org/springframework/spring-core/5.1.3.RELEASE/spring-core-5.1.3.RELEASE.jar:/home/user/.m2/repository/org/springframework/spring-jcl/5.1.3.RELEASE/spring-jcl-5.1.3.RELEASE.jar:/home/user/.m2/repository/org/springframework/spring-tx/5.1.3.RELEASE/spring-tx-5.1.3.RELEASE.jar:/home/user/.m2/repository/org/apache/hadoop/hadoop-ozone-client/0.4.1-SNAPSHOT/hadoop-ozone-client-0.4.1-SNAPSHOT.jar:/home/user/.m2/repository/commons-lang/commons-lang/2.6/commons-lang-2.6.jar:/home/user/.m2/repository/org/apache/hadoop/hadoop-ozone-ozone-manager/0.4.1-SNAPSHOT/hadoop-ozone-ozone-manager-0.4.1-SNAPSHOT-tests.jar:/home/user/.m2/repository/junit/junit/4.11/junit-4.11.jar:/home/user/.m2/repository/org/hamcrest/hamcrest-core/1.3/hamcrest-core-1.3.jar:/home/user/.m2/repository/org/openjdk/jmh/jmh-core/1.19/jmh-core-1.19.jar:/home/user/.m2/repository/net/sf/jopt-simple/jopt-simple/4.6/jopt-simple-4.6.jar:/home/user/.m2/repository/org/apache/commons/commons-math3/3.1.1/commons-math3-3.1.1.jar:/home/user/.m2/repository/org/openjdk/jmh/jmh-generator-annprocess/1.19/jmh-generator-annprocess-1.19.jar:/home/user/.m2/repository/org/mockito/mockito-all/1.8.5/mockito-all-1.8.5.jar:/home/user/.m2/repository/org/apache/hadoop/hadoop-kms/3.2.0/hadoop-kms-3.2.0.jar:/home/user/.m2/repository/org/apache/hadoop/hadoop-auth/3.2.0/hadoop-auth-3.2.0.jar:/home/user/.m2/repository/com/nimbusds/nimbus-jose-jwt/4.41.1/nimbus-jose-jwt-4.41.1.jar:/home/user/.m2/repository/com/github/stephenc/jcip/jcip-annotations/1.0-1/jcip-annotations-1.0-1.jar:/home/user/.m2/repository/net/minidev/json-smart/2.3/json-smart-2.3.jar:/home/user/.m2/repository/net/minidev/accessors-smart/1.2/accessors-smart-1.2.jar:/home/user/.m2/repository/org/ow2/asm/asm/5.0.4/asm-5.0.4.jar:/home/user/.m2/repository/org/apache/curator/curator-framework/2.12.0/curator-framework-2.12.0.jar:/home/user/.m2/repository/com/sun/jersey/jersey-core/1.19/jersey-core-1.19.jar:/home/user/.m2/repository/javax/ws/rs/jsr311-api/1.1.1/jsr311-api-1.1.1.jar:/home/user/.m2/repository/com/sun/jersey/jersey-server/1.19/jersey-server-1.19.jar:/home/user/.m2/repository/javax/servlet/javax.servlet-api/3.1.0/javax.servlet-api-3.1.0.jar:/home/user/.m2/repository/org/eclipse/jetty/jetty-server/9.3.24.v20180605/jetty-server-9.3.24.v20180605.jar:/home/user/.m2/repository/org/eclipse/jetty/jetty-http/9.3.24.v20180605/jetty-http-9.3.24.v20180605.jar:/home/user/.m2/repository/org/eclipse/jetty/jetty-io/9.3.24.v20180605/jetty-io-9.3.24.v20180605.jar:/home/user/.m2/repository/org/eclipse/jetty/jetty-webapp/9.3.24.v20180605/jetty-webapp-9.3.24.v20180605.jar:/home/user/.m2/repository/org/eclipse/jetty/jetty-xml/9.3.24.v20180605/jetty-xml-9.3.24.v20180605.jar:/home/user/.m2/repository/log4j/log4j/1.2.17/log4j-1.2.17.jar:/home/user/.m2/repository/org/slf4j/slf4j-api/1.7.25/slf4j-api-1.7.25.jar:/home/user/.m2/repository/org/slf4j/jul-to-slf4j/1.7.25/jul-to-slf4j-1.7.25.jar:/home/user/.m2/repository/org/eclipse/jetty/jetty-util/9.3.24.v20180605/jetty-util-9.3.24.v20180605.jar:/home/user/.m2/repository/com/fasterxml/jackson/core/jackson-databind/2.9.5/jackson-databind-2.9.5.jar:/home/user/.m2/repository/org/apache/hadoop/hadoop-kms/3.2.0/hadoop-kms-3.2.0-tests.jar:/home/user/.m2/repository/org/apache/hadoop/hadoop-hdds-server-scm/0.4.1-SNAPSHOT/hadoop-hdds-server-scm-0.4.1-SNAPSHOT-tests.jar:/home/user/.m2/repository/org/apache/hadoop/hadoop-hdds-container-service/0.4.1-SNAPSHOT/hadoop-hdds-container-service-0.4.1-SNAPSHOT-tests.jar:/home/user/.m2/repository/org/yaml/snakeyaml/1.16/snakeyaml-1.16.jar:/home/user/.m2/repository/org/apache/hadoop/hadoop-common/3.2.0/hadoop-common-3.2.0-tests.jar:/home/user/.m2/repository/org/apache/hadoop/hadoop-annotations/3.2.0/hadoop-annotations-3.2.0.jar:/usr/lib/jvm/java-1.8-openjdk/jre/../lib/tools.jar:/home/user/.m2/repository/commons-cli/commons-cli/1.2/commons-cli-1.2.jar:/home/user/.m2/repository/org/apache/httpcomponents/httpclient/4.5.2/httpclient-4.5.2.jar:/home/user/.m2/repository/org/apache/httpcomponents/httpcore/4.4.4/httpcore-4.4.4.jar:/home/user/.m2/repository/commons-codec/commons-codec/1.11/commons-codec-1.11.jar:/home/user/.m2/repository/commons-net/commons-net/3.6/commons-net-3.6.jar:/home/user/.m2/repository/commons-collections/commons-collections/3.2.2/commons-collections-3.2.2.jar:/home/user/.m2/repository/org/eclipse/jetty/jetty-servlet/9.3.24.v20180605/jetty-servlet-9.3.24.v20180605.jar:/home/user/.m2/repository/org/eclipse/jetty/jetty-security/9.3.24.v20180605/jetty-security-9.3.24.v20180605.jar:/home/user/.m2/repository/javax/servlet/jsp/jsp-api/2.1/jsp-api-2.1.jar:/home/user/.m2/repository/com/sun/jersey/jersey-servlet/1.19/jersey-servlet-1.19.jar:/home/user/.m2/repository/com/sun/jersey/jersey-json/1.19/jersey-json-1.19.jar:/home/user/.m2/repository/org/codehaus/jettison/jettison/1.1/jettison-1.1.jar:/home/user/.m2/repository/org/codehaus/jackson/jackson-core-asl/1.9.13/jackson-core-asl-1.9.13.jar:/home/user/.m2/repository/org/codehaus/jackson/jackson-mapper-asl/1.9.13/jackson-mapper-asl-1.9.13.jar:/home/user/.m2/repository/org/codehaus/jackson/jackson-jaxrs/1.9.13/jackson-jaxrs-1.9.13.jar:/home/user/.m2/repository/org/codehaus/jackson/jackson-xc/1.9.13/jackson-xc-1.9.13.jar:/home/user/.m2/repository/commons-logging/commons-logging/1.1.3/commons-logging-1.1.3.jar:/home/user/.m2/repository/commons-beanutils/commons-beanutils/1.9.3/commons-beanutils-1.9.3.jar:/home/user/.m2/repository/org/apache/commons/commons-configuration2/2.1.1/commons-configuration2-2.1.1.jar:/home/user/.m2/repository/org/apache/commons/commons-lang3/3.7/commons-lang3-3.7.jar:/home/user/.m2/repository/org/apache/commons/commons-text/1.4/commons-text-1.4.jar:/home/user/.m2/repository/org/apache/avro/avro/1.7.7/avro-1.7.7.jar:/home/user/.m2/repository/com/thoughtworks/paranamer/paranamer/2.3/paranamer-2.3.jar:/home/user/.m2/repository/org/xerial/snappy/snappy-java/1.0.5/snappy-java-1.0.5.jar:/home/user/.m2/repository/com/google/re2j/re2j/1.1/re2j-1.1.jar:/home/user/.m2/repository/com/google/code/gson/gson/2.2.4/gson-2.2.4.jar:/home/user/.m2/repository/com/jcraft/jsch/0.1.54/jsch-0.1.54.jar:/home/user/.m2/repository/org/apache/curator/curator-client/2.12.0/curator-client-2.12.0.jar:/home/user/.m2/repository/org/apache/curator/curator-recipes/2.12.0/curator-recipes-2.12.0.jar:/home/user/.m2/repository/com/google/code/findbugs/jsr305/3.0.0/jsr305-3.0.0.jar:/home/user/.m2/repository/org/apache/htrace/htrace-core4/4.1.0-incubating/htrace-core4-4.1.0-incubating.jar:/home/user/.m2/repository/org/apache/zookeeper/zookeeper/3.4.13/zookeeper-3.4.13.jar:/home/user/.m2/repository/org/apache/yetus/audience-annotations/0.5.0/audience-annotations-0.5.0.jar:/home/user/.m2/repository/org/codehaus/woodstox/stax2-api/3.1.4/stax2-api-3.1.4.jar:/home/user/.m2/repository/com/fasterxml/woodstox/woodstox-core/5.0.3/woodstox-core-5.0.3.jar:/home/user/.m2/repository/dnsjava/dnsjava/2.1.7/dnsjava-2.1.7.jar:/home/user/.m2/repository/org/apache/hadoop/hadoop-hdfs/3.2.0/hadoop-hdfs-3.2.0-tests.jar:/home/user/.m2/repository/org/eclipse/jetty/jetty-util-ajax/9.3.24.v20180605/jetty-util-ajax-9.3.24.v20180605.jar:/home/user/.m2/repository/commons-daemon/commons-daemon/1.0.13/commons-daemon-1.0.13.jar:/home/user/.m2/repository/io/netty/netty/3.10.5.Final/netty-3.10.5.Final.jar:/home/user/.m2/repository/io/netty/netty-all/4.0.52.Final/netty-all-4.0.52.Final.jar:/home/user/.m2/repository/org/fusesource/leveldbjni/leveldbjni-all/1.8/leveldbjni-all-1.8.jar:"/>
    <property name="sun.cpu.endian" value="little"/>
    <property name="user.home" value="/home/user"/>
    <property name="user.language" value="en"/>
    <property name="java.specification.vendor" value="Oracle Corporation"/>
    <property name="java.home" value="/usr/lib/jvm/java-1.8-openjdk/jre"/>
    <property name="java.security.krb5.conf" value="/workdir/hadoop-ozone/integration-test/target/test-classes/krb5.conf"/>
    <property name="basedir" value="/workdir/hadoop-ozone/integration-test"/>
    <property name="file.separator" value="/"/>
    <property name="line.separator" value="&#10;"/>
    <property name="java.vm.specification.vendor" value="Oracle Corporation"/>
    <property name="java.specification.name" value="Java Platform API Specification"/>
    <property name="java.awt.graphicsenv" value="sun.awt.X11GraphicsEnvironment"/>
    <property name="surefire.real.class.path" value="/workdir/hadoop-ozone/integration-test/target/surefire/surefirebooter3634737693088188369.jar"/>
    <property name="hadoop.log.dir" value="/workdir/hadoop-ozone/integration-test/target/log"/>
    <property name="sun.boot.class.path" value="/usr/lib/jvm/java-1.8-openjdk/jre/lib/resources.jar:/usr/lib/jvm/java-1.8-openjdk/jre/lib/rt.jar:/usr/lib/jvm/java-1.8-openjdk/jre/lib/sunrsasign.jar:/usr/lib/jvm/java-1.8-openjdk/jre/lib/jsse.jar:/usr/lib/jvm/java-1.8-openjdk/jre/lib/jce.jar:/usr/lib/jvm/java-1.8-openjdk/jre/lib/charsets.jar:/usr/lib/jvm/java-1.8-openjdk/jre/lib/jfr.jar:/usr/lib/jvm/java-1.8-openjdk/jre/classes"/>
    <property name="sun.management.compiler" value="HotSpot 64-Bit Tiered Compilers"/>
    <property name="java.runtime.version" value="1.8.0_212-b04"/>
    <property name="java.net.preferIPv4Stack" value="true"/>
    <property name="user.name" value="jenkins1000"/>
    <property name="path.separator" value=":"/>
    <property name="java.security.egd" value="file:///dev/urandom"/>
    <property name="os.version" value="3.10.0-957.12.2.el7.x86_64"/>
    <property name="java.endorsed.dirs" value="/usr/lib/jvm/java-1.8-openjdk/jre/lib/endorsed"/>
    <property name="java.runtime.name" value="OpenJDK Runtime Environment"/>
    <property name="file.encoding" value="UTF-8"/>
    <property name="java.vm.name" value="OpenJDK 64-Bit Server VM"/>
    <property name="test.build.webapps" value=""/>
    <property name="localRepository" value="/home/user/.m2/repository"/>
    <property name="java.vendor.url.bug" value="https://icedtea.classpath.org/bugzilla"/>
    <property name="java.io.tmpdir" value="/tmp"/>
    <property name="require.test.libhadoop" value=""/>
    <property name="java.version" value="1.8.0_212"/>
    <property name="user.dir" value="/workdir/hadoop-ozone/integration-test"/>
    <property name="os.arch" value="amd64"/>
    <property name="java.vm.specification.name" value="Java Virtual Machine Specification"/>
    <property name="test.build.classes" value="/workdir/hadoop-ozone/integration-test/target/test-classes"/>
    <property name="java.awt.printerjob" value="sun.print.PSPrinterJob"/>
    <property name="sun.os.patch.level" value="unknown"/>
    <property name="hadoop.tmp.dir" value="/workdir/hadoop-ozone/integration-test/target/tmp"/>
    <property name="java.library.path" value="/usr/lib/jvm/java-1.8-openjdk/jre/lib/amd64/server:/usr/lib/jvm/java-1.8-openjdk/jre/lib/amd64:/usr/lib/jvm/java-1.8-openjdk/jre/../lib/amd64:/workdir/hadoop-ozone/integration-test/target/native/target/usr/local/lib:/workdir/hadoop-ozone/integration-test/../../hadoop-common-project/hadoop-common/target/native/target/usr/local/lib:/usr/java/packages/lib/amd64:/usr/lib64:/lib64:/lib:/usr/lib"/>
    <property name="java.vm.info" value="mixed mode"/>
    <property name="java.vendor" value="IcedTea"/>
    <property name="java.vm.version" value="25.212-b04"/>
    <property name="java.ext.dirs" value="/usr/lib/jvm/java-1.8-openjdk/jre/lib/ext:/usr/java/packages/lib/ext"/>
    <property name="sun.io.unicode.encoding" value="UnicodeLittle"/>
    <property name="java.class.version" value="52.0"/>
  </properties>
  <testcase name="testGroupMismatchExceptionHandling" classname="org.apache.hadoop.ozone.client.rpc.TestOzoneClientRetriesOnException" time="40.992"/>
  <testcase name="testMaxRetriesByOzoneClient" classname="org.apache.hadoop.ozone.client.rpc.TestOzoneClientRetriesOnException" time="34.463">
    <error message="Failed to command cmdType: CreateContainer&#10;containerID: 1&#10;datanodeUuid: &quot;feb5a246-eecb-488b-8c66-a6561a6d2dd6&quot;&#10;createContainer {&#10;}&#10;" type="java.io.IOException">java.io.IOException: 
Failed to command cmdType: CreateContainer
containerID: 1
datanodeUuid: "feb5a246-eecb-488b-8c66-a6561a6d2dd6"
createContainer {
}

	at org.apache.hadoop.hdds.scm.XceiverClientSpi.sendCommand(XceiverClientSpi.java:113)
	at org.apache.hadoop.ozone.client.rpc.TestOzoneClientRetriesOnException.testMaxRetriesByOzoneClient(TestOzoneClientRetriesOnException.java:190)
	at sun.reflect.NativeMethodAccessorImpl.invoke0(Native Method)
	at sun.reflect.NativeMethodAccessorImpl.invoke(NativeMethodAccessorImpl.java:62)
	at sun.reflect.DelegatingMethodAccessorImpl.invoke(DelegatingMethodAccessorImpl.java:43)
	at java.lang.reflect.Method.invoke(Method.java:498)
	at org.junit.runners.model.FrameworkMethod$1.runReflectiveCall(FrameworkMethod.java:47)
	at org.junit.internal.runners.model.ReflectiveCallable.run(ReflectiveCallable.java:12)
	at org.junit.runners.model.FrameworkMethod.invokeExplosively(FrameworkMethod.java:44)
	at org.junit.internal.runners.statements.InvokeMethod.evaluate(InvokeMethod.java:17)
	at org.junit.internal.runners.statements.RunBefores.evaluate(RunBefores.java:26)
	at org.junit.internal.runners.statements.RunAfters.evaluate(RunAfters.java:27)
	at org.junit.runners.ParentRunner.runLeaf(ParentRunner.java:271)
	at org.junit.runners.BlockJUnit4ClassRunner.runChild(BlockJUnit4ClassRunner.java:70)
	at org.junit.runners.BlockJUnit4ClassRunner.runChild(BlockJUnit4ClassRunner.java:50)
	at org.junit.runners.ParentRunner$3.run(ParentRunner.java:238)
	at org.junit.runners.ParentRunner$1.schedule(ParentRunner.java:63)
	at org.junit.runners.ParentRunner.runChildren(ParentRunner.java:236)
	at org.junit.runners.ParentRunner.access$000(ParentRunner.java:53)
	at org.junit.runners.ParentRunner$2.evaluate(ParentRunner.java:229)
	at org.junit.runners.ParentRunner.run(ParentRunner.java:309)
	at org.apache.maven.surefire.junit4.JUnit4Provider.execute(JUnit4Provider.java:365)
	at org.apache.maven.surefire.junit4.JUnit4Provider.executeWithRerun(JUnit4Provider.java:273)
	at org.apache.maven.surefire.junit4.JUnit4Provider.executeTestSet(JUnit4Provider.java:238)
	at org.apache.maven.surefire.junit4.JUnit4Provider.invoke(JUnit4Provider.java:159)
	at org.apache.maven.surefire.booter.ForkedBooter.invokeProviderInSameClassLoader(ForkedBooter.java:384)
	at org.apache.maven.surefire.booter.ForkedBooter.runSuitesInProcess(ForkedBooter.java:345)
	at org.apache.maven.surefire.booter.ForkedBooter.execute(ForkedBooter.java:126)
	at org.apache.maven.surefire.booter.ForkedBooter.main(ForkedBooter.java:418)
Caused by: java.util.concurrent.ExecutionException: org.apache.ratis.protocol.StateMachineException: java.util.concurrent.CompletionException: java.lang.IllegalArgumentException
	at java.util.concurrent.CompletableFuture.reportGet(CompletableFuture.java:357)
	at java.util.concurrent.CompletableFuture.get(CompletableFuture.java:1895)
	at org.apache.hadoop.hdds.scm.XceiverClientSpi.sendCommand(XceiverClientSpi.java:110)
	... 28 more
Caused by: org.apache.ratis.protocol.StateMachineException: java.util.concurrent.CompletionException: java.lang.IllegalArgumentException
	at java.util.concurrent.CompletableFuture.encodeThrowable(CompletableFuture.java:273)
	at java.util.concurrent.CompletableFuture.completeThrowable(CompletableFuture.java:280)
	at java.util.concurrent.CompletableFuture$AsyncSupply.run(CompletableFuture.java:1592)
	at java.util.concurrent.ThreadPoolExecutor.runWorker(ThreadPoolExecutor.java:1149)
	at java.util.concurrent.ThreadPoolExecutor$Worker.run(ThreadPoolExecutor.java:624)
	at java.lang.Thread.run(Thread.java:748)
</error>
    <system-out><![CDATA[2019-08-20 03:21:46,202 WARN  server.ServerUtils (ServerUtils.java:getScmDbDir(145)) - ozone.scm.db.dirs is not configured. We recommend adding this setting. Falling back to ozone.metadata.dirs instead.
2019-08-20 03:21:46,235 WARN  server.ServerUtils (ServerUtils.java:getScmDbDir(145)) - ozone.scm.db.dirs is not configured. We recommend adding this setting. Falling back to ozone.metadata.dirs instead.
2019-08-20 03:21:46,236 WARN  server.ServerUtils (ServerUtils.java:getScmDbDir(145)) - ozone.scm.db.dirs is not configured. We recommend adding this setting. Falling back to ozone.metadata.dirs instead.
2019-08-20 03:21:46,237 INFO  db.DBStoreBuilder (DBStoreBuilder.java:addTable(110)) - using custom profile for table: deletedBlocks
2019-08-20 03:21:46,237 INFO  db.DBStoreBuilder (DBStoreBuilder.java:processTables(161)) - Using default column profile:DBProfile.DISK for Table:deletedBlocks
2019-08-20 03:21:46,237 INFO  db.DBStoreBuilder (DBStoreBuilder.java:addTable(110)) - using custom profile for table: validCerts
2019-08-20 03:21:46,237 INFO  db.DBStoreBuilder (DBStoreBuilder.java:processTables(161)) - Using default column profile:DBProfile.DISK for Table:validCerts
2019-08-20 03:21:46,238 INFO  db.DBStoreBuilder (DBStoreBuilder.java:addTable(110)) - using custom profile for table: revokedCerts
2019-08-20 03:21:46,238 INFO  db.DBStoreBuilder (DBStoreBuilder.java:processTables(161)) - Using default column profile:DBProfile.DISK for Table:revokedCerts
2019-08-20 03:21:46,239 INFO  db.DBStoreBuilder (DBStoreBuilder.java:addTable(110)) - using custom profile for table: default
2019-08-20 03:21:46,239 INFO  db.DBStoreBuilder (DBStoreBuilder.java:processTables(167)) - Using default column profile:DBProfile.DISK for Table:default
2019-08-20 03:21:46,239 INFO  db.DBStoreBuilder (DBStoreBuilder.java:getDbProfile(198)) - Using default options. DBProfile.DISK
2019-08-20 03:21:46,396 INFO  net.NodeSchemaLoader (NodeSchemaLoader.java:loadSchemaFromFile(125)) - Loading file from sun.misc.CompoundEnumeration@48c5698
2019-08-20 03:21:46,396 INFO  net.NodeSchemaLoader (NodeSchemaLoader.java:loadSchema(171)) - Loading network topology layer schema file
2019-08-20 03:21:46,403 WARN  server.ServerUtils (ServerUtils.java:sanitizeUserArgs(70)) - ozone.scm.stale.node.interval value = 300000 is larger than max = 100000 based on the key value of ozone.scm.heartbeat.thread.interval, reset to the max value 100000.
2019-08-20 03:21:46,403 WARN  server.ServerUtils (ServerUtils.java:sanitizeUserArgs(70)) - ozone.scm.stale.node.interval value = 300000 is larger than max = 100000 based on the key value of ozone.scm.heartbeat.thread.interval, reset to the max value 100000.
2019-08-20 03:21:46,404 INFO  node.SCMNodeManager (SCMNodeManager.java:<init>(121)) - Entering startup safe mode.
2019-08-20 03:21:46,405 WARN  server.ServerUtils (ServerUtils.java:getScmDbDir(145)) - ozone.scm.db.dirs is not configured. We recommend adding this setting. Falling back to ozone.metadata.dirs instead.
2019-08-20 03:21:46,429 INFO  pipeline.SCMPipelineManager (SCMPipelineManager.java:initializePipelineState(126)) - No pipeline exists in current db
2019-08-20 03:21:46,429 WARN  server.ServerUtils (ServerUtils.java:getScmDbDir(145)) - ozone.scm.db.dirs is not configured. We recommend adding this setting. Falling back to ozone.metadata.dirs instead.
2019-08-20 03:21:46,453 WARN  events.EventQueue (EventQueue.java:fireEvent(175)) - No event handler registered for event TypedEvent{payloadType=SafeModeStatus, name='SafeModeStatus'}
2019-08-20 03:21:46,454 INFO  ipc.CallQueueManager (CallQueueManager.java:<init>(84)) - Using callQueue: class java.util.concurrent.LinkedBlockingQueue, queueCapacity: 2000, scheduler: class org.apache.hadoop.ipc.DefaultRpcScheduler, ipcBackoff: false.
2019-08-20 03:21:46,455 INFO  ipc.Server (Server.java:run(1074)) - Starting Socket Reader #1 for port 36796
2019-08-20 03:21:46,457 INFO  ipc.CallQueueManager (CallQueueManager.java:<init>(84)) - Using callQueue: class java.util.concurrent.LinkedBlockingQueue, queueCapacity: 2000, scheduler: class org.apache.hadoop.ipc.DefaultRpcScheduler, ipcBackoff: false.
2019-08-20 03:21:46,458 INFO  ipc.Server (Server.java:run(1074)) - Starting Socket Reader #1 for port 34243
2019-08-20 03:21:46,460 INFO  ipc.CallQueueManager (CallQueueManager.java:<init>(84)) - Using callQueue: class java.util.concurrent.LinkedBlockingQueue, queueCapacity: 2000, scheduler: class org.apache.hadoop.ipc.DefaultRpcScheduler, ipcBackoff: false.
2019-08-20 03:21:46,461 INFO  ipc.Server (Server.java:run(1074)) - Starting Socket Reader #1 for port 41845
2019-08-20 03:21:46,463 INFO  hdfs.DFSUtil (DFSUtil.java:httpServerTemplateForNNAndJN(1641)) - Starting Web-server for scm at: http://0.0.0.0:0
2019-08-20 03:21:46,466 INFO  server.AuthenticationFilter (AuthenticationFilter.java:constructSecretProvider(240)) - Unable to initialize FileSignerSecretProvider, falling back to use random secrets.
2019-08-20 03:21:46,467 WARN  http.HttpRequestLog (HttpRequestLog.java:getRequestLog(97)) - Jetty request log can only be enabled using Log4j
2019-08-20 03:21:46,469 INFO  http.HttpServer2 (HttpServer2.java:addGlobalFilter(975)) - Added global filter 'safety' (class=org.apache.hadoop.http.HttpServer2$QuotingInputFilter)
2019-08-20 03:21:46,471 INFO  http.HttpServer2 (HttpServer2.java:addFilter(948)) - Added filter static_user_filter (class=org.apache.hadoop.http.lib.StaticUserWebFilter$StaticUserFilter) to context scm
2019-08-20 03:21:46,471 INFO  http.HttpServer2 (HttpServer2.java:addFilter(958)) - Added filter static_user_filter (class=org.apache.hadoop.http.lib.StaticUserWebFilter$StaticUserFilter) to context logs
2019-08-20 03:21:46,471 INFO  http.HttpServer2 (HttpServer2.java:addFilter(958)) - Added filter static_user_filter (class=org.apache.hadoop.http.lib.StaticUserWebFilter$StaticUserFilter) to context static
2019-08-20 03:21:46,474 INFO  server.StorageContainerManager (StorageContainerManager.java:start(759)) - StorageContainerLocationProtocol RPC server is listening at /0.0.0.0:41845
2019-08-20 03:21:46,477 WARN  impl.MetricsConfig (MetricsConfig.java:loadFirst(134)) - Cannot locate configuration: tried hadoop-metrics2-storagecontainermanager.properties,hadoop-metrics2.properties
2019-08-20 03:21:46,478 INFO  impl.MetricsSystemImpl (MetricsSystemImpl.java:startTimer(374)) - Scheduled Metric snapshot period at 10 second(s).
2019-08-20 03:21:46,479 INFO  impl.MetricsSystemImpl (MetricsSystemImpl.java:start(191)) - StorageContainerManager metrics system started
2019-08-20 03:21:46,536 INFO  server.SCMClientProtocolServer (SCMClientProtocolServer.java:start(151)) - RPC server for Client  is listening at /0.0.0.0:41845
2019-08-20 03:21:46,536 INFO  ipc.Server (Server.java:run(1314)) - IPC Server Responder: starting
2019-08-20 03:21:46,536 INFO  ipc.Server (Server.java:run(1153)) - IPC Server listener on 41845: starting
2019-08-20 03:21:46,541 INFO  server.StorageContainerManager (StorageContainerManager.java:start(769)) - ScmBlockLocationProtocol RPC server is listening at /0.0.0.0:34243
2019-08-20 03:21:46,541 INFO  server.SCMBlockProtocolServer (SCMBlockProtocolServer.java:start(140)) - RPC server for Block Protocol is listening at /0.0.0.0:34243
2019-08-20 03:21:46,542 INFO  ipc.Server (Server.java:run(1314)) - IPC Server Responder: starting
2019-08-20 03:21:46,542 INFO  ipc.Server (Server.java:run(1153)) - IPC Server listener on 34243: starting
2019-08-20 03:21:46,547 INFO  server.StorageContainerManager (StorageContainerManager.java:start(773)) - ScmDatanodeProtocl RPC server is listening at /0.0.0.0:36796
2019-08-20 03:21:46,547 INFO  server.SCMDatanodeProtocolServer (SCMDatanodeProtocolServer.java:start(191)) - RPC server for DataNodes is listening at /0.0.0.0:36796
2019-08-20 03:21:46,547 INFO  ipc.Server (Server.java:run(1314)) - IPC Server Responder: starting
2019-08-20 03:21:46,547 INFO  ipc.Server (Server.java:run(1153)) - IPC Server listener on 36796: starting
2019-08-20 03:21:46,552 INFO  http.HttpServer2 (HttpServer2.java:bindListener(1191)) - Jetty bound to port 35126
2019-08-20 03:21:46,552 INFO  server.Server (Server.java:doStart(351)) - jetty-9.3.24.v20180605, build timestamp: 2018-06-05T17:11:56Z, git hash: 84205aa28f11a4f31f2a3b86d1bba2cc8ab69827
2019-08-20 03:21:46,555 INFO  handler.ContextHandler (ContextHandler.java:doStart(781)) - Started o.e.j.s.ServletContextHandler@56835f2f{/logs,file:///workdir/hadoop-ozone/integration-test/target/log,AVAILABLE}
2019-08-20 03:21:46,556 INFO  handler.ContextHandler (ContextHandler.java:doStart(781)) - Started o.e.j.s.ServletContextHandler@1c72189f{/static,file:///workdir/hadoop-ozone/integration-test/target/test-classes/webapps/static,AVAILABLE}
2019-08-20 03:21:46,563 INFO  handler.ContextHandler (ContextHandler.java:doStart(781)) - Started o.e.j.w.WebAppContext@d1c5cf2{/,file:///workdir/hadoop-ozone/integration-test/target/test-classes/webapps/scm/,AVAILABLE}{/scm}
2019-08-20 03:21:46,563 INFO  server.AbstractConnector (AbstractConnector.java:doStart(278)) - Started ServerConnector@7e0986c9{HTTP/1.1,[http/1.1]}{0.0.0.0:35126}
2019-08-20 03:21:46,564 INFO  server.Server (Server.java:doStart(419)) - Started @41974ms
2019-08-20 03:21:46,565 INFO  server.BaseHttpServer (BaseHttpServer.java:updateConnectorAddress(207)) - HTTP server of SCM is listening at http://0.0.0.0:35126
2019-08-20 03:21:46,566 WARN  server.ServerUtils (ServerUtils.java:getDBPath(222)) - ozone.om.db.dirs is not configured. We recommend adding this setting. Falling back to ozone.metadata.dirs instead.
2019-08-20 03:21:46,566 INFO  util.JvmPauseMonitor (JvmPauseMonitor.java:run(188)) - Starting JVM pause monitor
2019-08-20 03:21:46,579 WARN  server.ServerUtils (ServerUtils.java:getDBPath(222)) - ozone.om.db.dirs is not configured. We recommend adding this setting. Falling back to ozone.metadata.dirs instead.
2019-08-20 03:21:46,580 WARN  server.ServerUtils (ServerUtils.java:getDBPath(222)) - ozone.om.db.dirs is not configured. We recommend adding this setting. Falling back to ozone.metadata.dirs instead.
2019-08-20 03:21:46,580 INFO  om.OzoneManager (OzoneManager.java:setOMNodeDetails(644)) - OM Service ID is not set. Setting it to the default ID: omServiceIdDefault
2019-08-20 03:21:46,580 INFO  om.OzoneManager (OzoneManager.java:setOMNodeDetails(650)) - OM Node ID is not set. Setting it to the OmStorage's OmID: e223b9f9-04cb-40f7-9ab5-709f4539a96c
2019-08-20 03:21:46,581 INFO  om.OzoneManager (OzoneManager.java:loadOMHAConfigs(601)) - Found matching OM address with OMServiceId: null, OMNodeId: null, RPC Address: localhost:0 and Ratis port: 9872
2019-08-20 03:21:46,590 WARN  server.ServerUtils (ServerUtils.java:getDBPath(222)) - ozone.om.db.dirs is not configured. We recommend adding this setting. Falling back to ozone.metadata.dirs instead.
2019-08-20 03:21:46,590 INFO  db.DBStoreBuilder (DBStoreBuilder.java:addTable(110)) - using custom profile for table: userTable
2019-08-20 03:21:46,590 INFO  db.DBStoreBuilder (DBStoreBuilder.java:processTables(161)) - Using default column profile:DBProfile.DISK for Table:userTable
2019-08-20 03:21:46,591 INFO  db.DBStoreBuilder (DBStoreBuilder.java:addTable(110)) - using custom profile for table: volumeTable
2019-08-20 03:21:46,591 INFO  db.DBStoreBuilder (DBStoreBuilder.java:processTables(161)) - Using default column profile:DBProfile.DISK for Table:volumeTable
2019-08-20 03:21:46,591 INFO  db.DBStoreBuilder (DBStoreBuilder.java:addTable(110)) - using custom profile for table: bucketTable
2019-08-20 03:21:46,591 INFO  db.DBStoreBuilder (DBStoreBuilder.java:processTables(161)) - Using default column profile:DBProfile.DISK for Table:bucketTable
2019-08-20 03:21:46,592 INFO  db.DBStoreBuilder (DBStoreBuilder.java:addTable(110)) - using custom profile for table: keyTable
2019-08-20 03:21:46,592 INFO  db.DBStoreBuilder (DBStoreBuilder.java:processTables(161)) - Using default column profile:DBProfile.DISK for Table:keyTable
2019-08-20 03:21:46,592 INFO  db.DBStoreBuilder (DBStoreBuilder.java:addTable(110)) - using custom profile for table: deletedTable
2019-08-20 03:21:46,592 INFO  db.DBStoreBuilder (DBStoreBuilder.java:processTables(161)) - Using default column profile:DBProfile.DISK for Table:deletedTable
2019-08-20 03:21:46,593 INFO  db.DBStoreBuilder (DBStoreBuilder.java:addTable(110)) - using custom profile for table: openKeyTable
2019-08-20 03:21:46,593 INFO  db.DBStoreBuilder (DBStoreBuilder.java:processTables(161)) - Using default column profile:DBProfile.DISK for Table:openKeyTable
2019-08-20 03:21:46,593 INFO  db.DBStoreBuilder (DBStoreBuilder.java:addTable(110)) - using custom profile for table: s3Table
2019-08-20 03:21:46,593 INFO  db.DBStoreBuilder (DBStoreBuilder.java:processTables(161)) - Using default column profile:DBProfile.DISK for Table:s3Table
2019-08-20 03:21:46,594 INFO  db.DBStoreBuilder (DBStoreBuilder.java:addTable(110)) - using custom profile for table: multipartInfoTable
2019-08-20 03:21:46,594 INFO  db.DBStoreBuilder (DBStoreBuilder.java:processTables(161)) - Using default column profile:DBProfile.DISK for Table:multipartInfoTable
2019-08-20 03:21:46,594 INFO  db.DBStoreBuilder (DBStoreBuilder.java:addTable(110)) - using custom profile for table: dTokenTable
2019-08-20 03:21:46,594 INFO  db.DBStoreBuilder (DBStoreBuilder.java:processTables(161)) - Using default column profile:DBProfile.DISK for Table:dTokenTable
2019-08-20 03:21:46,595 INFO  db.DBStoreBuilder (DBStoreBuilder.java:addTable(110)) - using custom profile for table: s3SecretTable
2019-08-20 03:21:46,595 INFO  db.DBStoreBuilder (DBStoreBuilder.java:processTables(161)) - Using default column profile:DBProfile.DISK for Table:s3SecretTable
2019-08-20 03:21:46,595 INFO  db.DBStoreBuilder (DBStoreBuilder.java:addTable(110)) - using custom profile for table: prefixTable
2019-08-20 03:21:46,595 INFO  db.DBStoreBuilder (DBStoreBuilder.java:processTables(161)) - Using default column profile:DBProfile.DISK for Table:prefixTable
2019-08-20 03:21:46,596 INFO  db.DBStoreBuilder (DBStoreBuilder.java:addTable(110)) - using custom profile for table: default
2019-08-20 03:21:46,596 INFO  db.DBStoreBuilder (DBStoreBuilder.java:processTables(167)) - Using default column profile:DBProfile.DISK for Table:default
2019-08-20 03:21:46,596 INFO  db.DBStoreBuilder (DBStoreBuilder.java:getDbProfile(198)) - Using default options. DBProfile.DISK
2019-08-20 03:21:46,941 INFO  ipc.CallQueueManager (CallQueueManager.java:<init>(84)) - Using callQueue: class java.util.concurrent.LinkedBlockingQueue, queueCapacity: 2000, scheduler: class org.apache.hadoop.ipc.DefaultRpcScheduler, ipcBackoff: false.
2019-08-20 03:21:46,942 INFO  ipc.Server (Server.java:run(1074)) - Starting Socket Reader #1 for port 45116
2019-08-20 03:21:46,958 INFO  om.OzoneManager (OzoneManager.java:start(1255)) - OzoneManager RPC server is listening at localhost/127.0.0.1:45116
2019-08-20 03:21:46,958 INFO  impl.MetricsSystemImpl (MetricsSystemImpl.java:init(158)) - OzoneManager metrics system started (again)
2019-08-20 03:21:46,959 INFO  ipc.Server (Server.java:run(1314)) - IPC Server Responder: starting
2019-08-20 03:21:46,960 INFO  ipc.Server (Server.java:run(1153)) - IPC Server listener on 45116: starting
2019-08-20 03:21:46,966 INFO  hdfs.DFSUtil (DFSUtil.java:httpServerTemplateForNNAndJN(1641)) - Starting Web-server for ozoneManager at: http://0.0.0.0:0
2019-08-20 03:21:46,968 INFO  server.AuthenticationFilter (AuthenticationFilter.java:constructSecretProvider(240)) - Unable to initialize FileSignerSecretProvider, falling back to use random secrets.
2019-08-20 03:21:46,969 WARN  http.HttpRequestLog (HttpRequestLog.java:getRequestLog(97)) - Jetty request log can only be enabled using Log4j
2019-08-20 03:21:46,972 INFO  http.HttpServer2 (HttpServer2.java:addGlobalFilter(975)) - Added global filter 'safety' (class=org.apache.hadoop.http.HttpServer2$QuotingInputFilter)
2019-08-20 03:21:46,972 INFO  http.HttpServer2 (HttpServer2.java:addFilter(948)) - Added filter static_user_filter (class=org.apache.hadoop.http.lib.StaticUserWebFilter$StaticUserFilter) to context ozoneManager
2019-08-20 03:21:46,973 INFO  http.HttpServer2 (HttpServer2.java:addFilter(958)) - Added filter static_user_filter (class=org.apache.hadoop.http.lib.StaticUserWebFilter$StaticUserFilter) to context logs
2019-08-20 03:21:46,973 INFO  http.HttpServer2 (HttpServer2.java:addFilter(958)) - Added filter static_user_filter (class=org.apache.hadoop.http.lib.StaticUserWebFilter$StaticUserFilter) to context static
2019-08-20 03:21:46,974 INFO  http.HttpServer2 (HttpServer2.java:bindListener(1191)) - Jetty bound to port 41151
2019-08-20 03:21:46,974 INFO  server.Server (Server.java:doStart(351)) - jetty-9.3.24.v20180605, build timestamp: 2018-06-05T17:11:56Z, git hash: 84205aa28f11a4f31f2a3b86d1bba2cc8ab69827
2019-08-20 03:21:46,977 INFO  handler.ContextHandler (ContextHandler.java:doStart(781)) - Started o.e.j.s.ServletContextHandler@d28c214{/logs,file:///workdir/hadoop-ozone/integration-test/target/log,AVAILABLE}
2019-08-20 03:21:46,978 INFO  handler.ContextHandler (ContextHandler.java:doStart(781)) - Started o.e.j.s.ServletContextHandler@7f8c48f3{/static,file:///workdir/hadoop-ozone/integration-test/target/test-classes/webapps/static,AVAILABLE}
2019-08-20 03:21:46,984 INFO  handler.ContextHandler (ContextHandler.java:doStart(781)) - Started o.e.j.w.WebAppContext@36d697ab{/,file:///workdir/hadoop-ozone/integration-test/target/test-classes/webapps/ozoneManager/,AVAILABLE}{/ozoneManager}
2019-08-20 03:21:46,984 INFO  server.AbstractConnector (AbstractConnector.java:doStart(278)) - Started ServerConnector@28831d69{HTTP/1.1,[http/1.1]}{0.0.0.0:41151}
2019-08-20 03:21:46,985 INFO  server.Server (Server.java:doStart(419)) - Started @42395ms
2019-08-20 03:21:46,986 INFO  server.BaseHttpServer (BaseHttpServer.java:updateConnectorAddress(207)) - HTTP server of OZONEMANAGER is listening at http://0.0.0.0:41151
2019-08-20 03:21:47,007 INFO  impl.MetricsSystemImpl (MetricsSystemImpl.java:init(158)) - HddsDatanode metrics system started (again)
2019-08-20 03:21:47,010 INFO  ozone.HddsDatanodeService (HddsDatanodeService.java:start(184)) - HddsDatanodeService host:byscane-nightly-kg45w-2568576839 ip:192.168.36.123
2019-08-20 03:21:47,018 INFO  volume.HddsVolume (HddsVolume.java:<init>(176)) - Creating Volume: /workdir/hadoop-ozone/integration-test/target/test-dir/MiniOzoneClusterImpl-84cf6d8e-7da2-4c93-8e7d-b6cdc2cb985f/datanode-0/data/containers/hdds of  storage type : DISK and capacity : 1482555576320
2019-08-20 03:21:47,018 INFO  volume.VolumeSet (VolumeSet.java:initializeVolumeSet(170)) - Added Volume : /workdir/hadoop-ozone/integration-test/target/test-dir/MiniOzoneClusterImpl-84cf6d8e-7da2-4c93-8e7d-b6cdc2cb985f/datanode-0/data/containers/hdds to VolumeSet
2019-08-20 03:21:47,019 INFO  volume.ThrottledAsyncChecker (ThrottledAsyncChecker.java:schedule(140)) - Scheduling a check for org.apache.hadoop.ozone.container.common.volume.HddsVolume@6eed46e9
2019-08-20 03:21:47,019 INFO  volume.HddsVolumeChecker (HddsVolumeChecker.java:checkAllVolumes(203)) - Scheduled health check for volume org.apache.hadoop.ozone.container.common.volume.HddsVolume@6eed46e9
2019-08-20 03:21:47,036 INFO  impl.RaftServerProxy (ConfUtils.java:logGet(43)) - raft.rpc.type = GRPC (default)
2019-08-20 03:21:47,037 INFO  grpc.GrpcFactory (GrpcFactory.java:checkPooledByteBufAllocatorUseCacheForAllThreads(45)) - PERFORMANCE WARNING: useCacheForAllThreads is true that may cause Netty to create a lot garbage objects and, as a result, trigger GC.
	It is recommended to disable useCacheForAllThreads by setting -Dorg.apache.ratis.thirdparty.io.netty.allocator.useCacheForAllThreads=false in command line.
2019-08-20 03:21:47,037 INFO  grpc.GrpcConfigKeys$Server (ConfUtils.java:logGet(43)) - raft.grpc.server.port = 0 (default)
2019-08-20 03:21:47,037 INFO  server.GrpcService (ConfUtils.java:logGet(43)) - raft.grpc.message.size.max = 33570816 (custom)
2019-08-20 03:21:47,038 INFO  server.RaftServerConfigKeys (ConfUtils.java:logGet(43)) - raft.server.log.appender.buffer.byte-limit = 33554432 (custom)
2019-08-20 03:21:47,038 INFO  server.GrpcService (ConfUtils.java:logGet(43)) - raft.grpc.flow.control.window = 1MB (=1048576) (default)
2019-08-20 03:21:47,038 INFO  server.RaftServerConfigKeys (ConfUtils.java:logGet(43)) - raft.server.rpc.request.timeout = 3000ms (default)
2019-08-20 03:21:47,039 INFO  server.RaftServerConfigKeys (ConfUtils.java:logGet(43)) - raft.server.storage.dir = [/workdir/hadoop-ozone/integration-test/target/test-dir/MiniOzoneClusterImpl-84cf6d8e-7da2-4c93-8e7d-b6cdc2cb985f/datanode-0/data/ratis] (custom)
2019-08-20 03:21:47,039 INFO  replication.SimpleContainerDownloader (SimpleContainerDownloader.java:<init>(72)) - Starting container downloader service to copy containers to replicate.
2019-08-20 03:21:47,042 INFO  hdfs.DFSUtil (DFSUtil.java:httpServerTemplateForNNAndJN(1641)) - Starting Web-server for hddsDatanode at: http://0.0.0.0:0
2019-08-20 03:21:47,044 INFO  server.AuthenticationFilter (AuthenticationFilter.java:constructSecretProvider(240)) - Unable to initialize FileSignerSecretProvider, falling back to use random secrets.
2019-08-20 03:21:47,045 WARN  http.HttpRequestLog (HttpRequestLog.java:getRequestLog(97)) - Jetty request log can only be enabled using Log4j
2019-08-20 03:21:47,047 INFO  http.HttpServer2 (HttpServer2.java:addGlobalFilter(975)) - Added global filter 'safety' (class=org.apache.hadoop.http.HttpServer2$QuotingInputFilter)
2019-08-20 03:21:47,048 INFO  http.HttpServer2 (HttpServer2.java:addFilter(948)) - Added filter static_user_filter (class=org.apache.hadoop.http.lib.StaticUserWebFilter$StaticUserFilter) to context hddsDatanode
2019-08-20 03:21:47,048 INFO  http.HttpServer2 (HttpServer2.java:addFilter(958)) - Added filter static_user_filter (class=org.apache.hadoop.http.lib.StaticUserWebFilter$StaticUserFilter) to context logs
2019-08-20 03:21:47,048 INFO  http.HttpServer2 (HttpServer2.java:addFilter(958)) - Added filter static_user_filter (class=org.apache.hadoop.http.lib.StaticUserWebFilter$StaticUserFilter) to context static
2019-08-20 03:21:47,049 INFO  http.HttpServer2 (HttpServer2.java:bindListener(1191)) - Jetty bound to port 35790
2019-08-20 03:21:47,050 INFO  server.Server (Server.java:doStart(351)) - jetty-9.3.24.v20180605, build timestamp: 2018-06-05T17:11:56Z, git hash: 84205aa28f11a4f31f2a3b86d1bba2cc8ab69827
2019-08-20 03:21:47,052 INFO  handler.ContextHandler (ContextHandler.java:doStart(781)) - Started o.e.j.s.ServletContextHandler@76af34b5{/logs,file:///workdir/hadoop-ozone/integration-test/target/log,AVAILABLE}
2019-08-20 03:21:47,053 INFO  handler.ContextHandler (ContextHandler.java:doStart(781)) - Started o.e.j.s.ServletContextHandler@9c0d0bd{/static,jar:file:/home/user/.m2/repository/org/apache/hadoop/hadoop-hdds-container-service/0.4.1-SNAPSHOT/hadoop-hdds-container-service-0.4.1-SNAPSHOT.jar!/webapps/static,AVAILABLE}
2019-08-20 03:21:47,097 INFO  handler.ContextHandler (ContextHandler.java:doStart(781)) - Started o.e.j.w.WebAppContext@3cd46491{/,file:///tmp/jetty-0.0.0.0-35790-hddsDatanode-_-any-3219255213334202595.dir/webapp/,AVAILABLE}{/hddsDatanode}
2019-08-20 03:21:47,097 INFO  server.AbstractConnector (AbstractConnector.java:doStart(278)) - Started ServerConnector@27d98bef{HTTP/1.1,[http/1.1]}{0.0.0.0:35790}
2019-08-20 03:21:47,099 INFO  server.Server (Server.java:doStart(419)) - Started @42508ms
2019-08-20 03:21:47,099 INFO  server.BaseHttpServer (BaseHttpServer.java:updateConnectorAddress(207)) - HTTP server of HDDSDATANODE is listening at http://0.0.0.0:35790
2019-08-20 03:21:47,238 INFO  ozone.HddsDatanodeService (HddsDatanodeService.java:startPlugins(395)) - Started plug-in org.apache.hadoop.ozone.web.OzoneHddsDatanodeService@74ebd159
2019-08-20 03:21:47,238 INFO  impl.MetricsSystemImpl (MetricsSystemImpl.java:init(158)) - HddsDatanode metrics system started (again)
2019-08-20 03:21:47,242 INFO  ozone.HddsDatanodeService (HddsDatanodeService.java:start(184)) - HddsDatanodeService host:byscane-nightly-kg45w-2568576839 ip:192.168.36.123
2019-08-20 03:21:47,242 INFO  util.JvmPauseMonitor (JvmPauseMonitor.java:run(188)) - Starting JVM pause monitor
2019-08-20 03:21:47,244 INFO  datanode.InitDatanodeState (InitDatanodeState.java:persistContainerDatanodeDetails(140)) - DatanodeDetails is persisted to /workdir/hadoop-ozone/integration-test/target/test-dir/MiniOzoneClusterImpl-84cf6d8e-7da2-4c93-8e7d-b6cdc2cb985f/datanode-0/meta/datanode.id
2019-08-20 03:21:47,249 INFO  volume.HddsVolume (HddsVolume.java:<init>(176)) - Creating Volume: /workdir/hadoop-ozone/integration-test/target/test-dir/MiniOzoneClusterImpl-84cf6d8e-7da2-4c93-8e7d-b6cdc2cb985f/datanode-1/data/containers/hdds of  storage type : DISK and capacity : 1482555576320
2019-08-20 03:21:47,249 INFO  volume.VolumeSet (VolumeSet.java:initializeVolumeSet(170)) - Added Volume : /workdir/hadoop-ozone/integration-test/target/test-dir/MiniOzoneClusterImpl-84cf6d8e-7da2-4c93-8e7d-b6cdc2cb985f/datanode-1/data/containers/hdds to VolumeSet
2019-08-20 03:21:47,250 INFO  volume.ThrottledAsyncChecker (ThrottledAsyncChecker.java:schedule(140)) - Scheduling a check for org.apache.hadoop.ozone.container.common.volume.HddsVolume@3ce7394f
2019-08-20 03:21:47,250 INFO  volume.HddsVolumeChecker (HddsVolumeChecker.java:checkAllVolumes(203)) - Scheduled health check for volume org.apache.hadoop.ozone.container.common.volume.HddsVolume@3ce7394f
2019-08-20 03:21:47,264 INFO  impl.RaftServerProxy (ConfUtils.java:logGet(43)) - raft.rpc.type = GRPC (default)
2019-08-20 03:21:47,264 INFO  grpc.GrpcFactory (GrpcFactory.java:checkPooledByteBufAllocatorUseCacheForAllThreads(45)) - PERFORMANCE WARNING: useCacheForAllThreads is true that may cause Netty to create a lot garbage objects and, as a result, trigger GC.
	It is recommended to disable useCacheForAllThreads by setting -Dorg.apache.ratis.thirdparty.io.netty.allocator.useCacheForAllThreads=false in command line.
2019-08-20 03:21:47,264 INFO  grpc.GrpcConfigKeys$Server (ConfUtils.java:logGet(43)) - raft.grpc.server.port = 0 (default)
2019-08-20 03:21:47,264 INFO  server.GrpcService (ConfUtils.java:logGet(43)) - raft.grpc.message.size.max = 33570816 (custom)
2019-08-20 03:21:47,265 INFO  server.RaftServerConfigKeys (ConfUtils.java:logGet(43)) - raft.server.log.appender.buffer.byte-limit = 33554432 (custom)
2019-08-20 03:21:47,265 INFO  server.GrpcService (ConfUtils.java:logGet(43)) - raft.grpc.flow.control.window = 1MB (=1048576) (default)
2019-08-20 03:21:47,265 INFO  server.RaftServerConfigKeys (ConfUtils.java:logGet(43)) - raft.server.rpc.request.timeout = 3000ms (default)
2019-08-20 03:21:47,265 INFO  server.RaftServerConfigKeys (ConfUtils.java:logGet(43)) - raft.server.storage.dir = [/workdir/hadoop-ozone/integration-test/target/test-dir/MiniOzoneClusterImpl-84cf6d8e-7da2-4c93-8e7d-b6cdc2cb985f/datanode-1/data/ratis] (custom)
2019-08-20 03:21:47,266 INFO  replication.SimpleContainerDownloader (SimpleContainerDownloader.java:<init>(72)) - Starting container downloader service to copy containers to replicate.
2019-08-20 03:21:47,267 INFO  hdfs.DFSUtil (DFSUtil.java:httpServerTemplateForNNAndJN(1641)) - Starting Web-server for hddsDatanode at: http://0.0.0.0:0
2019-08-20 03:21:47,269 INFO  server.AuthenticationFilter (AuthenticationFilter.java:constructSecretProvider(240)) - Unable to initialize FileSignerSecretProvider, falling back to use random secrets.
2019-08-20 03:21:47,269 WARN  http.HttpRequestLog (HttpRequestLog.java:getRequestLog(97)) - Jetty request log can only be enabled using Log4j
2019-08-20 03:21:47,271 INFO  http.HttpServer2 (HttpServer2.java:addGlobalFilter(975)) - Added global filter 'safety' (class=org.apache.hadoop.http.HttpServer2$QuotingInputFilter)
2019-08-20 03:21:47,271 INFO  http.HttpServer2 (HttpServer2.java:addFilter(948)) - Added filter static_user_filter (class=org.apache.hadoop.http.lib.StaticUserWebFilter$StaticUserFilter) to context hddsDatanode
2019-08-20 03:21:47,271 INFO  http.HttpServer2 (HttpServer2.java:addFilter(958)) - Added filter static_user_filter (class=org.apache.hadoop.http.lib.StaticUserWebFilter$StaticUserFilter) to context static
2019-08-20 03:21:47,272 INFO  http.HttpServer2 (HttpServer2.java:addFilter(958)) - Added filter static_user_filter (class=org.apache.hadoop.http.lib.StaticUserWebFilter$StaticUserFilter) to context logs
2019-08-20 03:21:47,272 INFO  http.HttpServer2 (HttpServer2.java:bindListener(1191)) - Jetty bound to port 37879
2019-08-20 03:21:47,272 INFO  server.Server (Server.java:doStart(351)) - jetty-9.3.24.v20180605, build timestamp: 2018-06-05T17:11:56Z, git hash: 84205aa28f11a4f31f2a3b86d1bba2cc8ab69827
2019-08-20 03:21:47,274 INFO  handler.ContextHandler (ContextHandler.java:doStart(781)) - Started o.e.j.s.ServletContextHandler@2eb6d34a{/logs,file:///workdir/hadoop-ozone/integration-test/target/log,AVAILABLE}
2019-08-20 03:21:47,275 INFO  handler.ContextHandler (ContextHandler.java:doStart(781)) - Started o.e.j.s.ServletContextHandler@6ce2e079{/static,jar:file:/home/user/.m2/repository/org/apache/hadoop/hadoop-hdds-container-service/0.4.1-SNAPSHOT/hadoop-hdds-container-service-0.4.1-SNAPSHOT.jar!/webapps/static,AVAILABLE}
2019-08-20 03:21:47,310 INFO  handler.ContextHandler (ContextHandler.java:doStart(781)) - Started o.e.j.w.WebAppContext@1640f20f{/,file:///tmp/jetty-0.0.0.0-37879-hddsDatanode-_-any-1258870483773645910.dir/webapp/,AVAILABLE}{/hddsDatanode}
2019-08-20 03:21:47,310 INFO  server.AbstractConnector (AbstractConnector.java:doStart(278)) - Started ServerConnector@134d7ffa{HTTP/1.1,[http/1.1]}{0.0.0.0:37879}
2019-08-20 03:21:47,311 INFO  server.Server (Server.java:doStart(419)) - Started @42721ms
2019-08-20 03:21:47,313 INFO  server.BaseHttpServer (BaseHttpServer.java:updateConnectorAddress(207)) - HTTP server of HDDSDATANODE is listening at http://0.0.0.0:37879
2019-08-20 03:21:47,454 INFO  ozone.HddsDatanodeService (HddsDatanodeService.java:startPlugins(395)) - Started plug-in org.apache.hadoop.ozone.web.OzoneHddsDatanodeService@604c7e9b
2019-08-20 03:21:47,455 INFO  impl.MetricsSystemImpl (MetricsSystemImpl.java:init(158)) - HddsDatanode metrics system started (again)
2019-08-20 03:21:47,459 INFO  ozone.HddsDatanodeService (HddsDatanodeService.java:start(184)) - HddsDatanodeService host:byscane-nightly-kg45w-2568576839 ip:192.168.36.123
2019-08-20 03:21:47,459 INFO  util.JvmPauseMonitor (JvmPauseMonitor.java:run(188)) - Starting JVM pause monitor
2019-08-20 03:21:47,460 INFO  datanode.InitDatanodeState (InitDatanodeState.java:persistContainerDatanodeDetails(140)) - DatanodeDetails is persisted to /workdir/hadoop-ozone/integration-test/target/test-dir/MiniOzoneClusterImpl-84cf6d8e-7da2-4c93-8e7d-b6cdc2cb985f/datanode-1/meta/datanode.id
2019-08-20 03:21:47,465 INFO  volume.HddsVolume (HddsVolume.java:<init>(176)) - Creating Volume: /workdir/hadoop-ozone/integration-test/target/test-dir/MiniOzoneClusterImpl-84cf6d8e-7da2-4c93-8e7d-b6cdc2cb985f/datanode-2/data/containers/hdds of  storage type : DISK and capacity : 1482555576320
2019-08-20 03:21:47,466 INFO  volume.VolumeSet (VolumeSet.java:initializeVolumeSet(170)) - Added Volume : /workdir/hadoop-ozone/integration-test/target/test-dir/MiniOzoneClusterImpl-84cf6d8e-7da2-4c93-8e7d-b6cdc2cb985f/datanode-2/data/containers/hdds to VolumeSet
2019-08-20 03:21:47,466 INFO  volume.ThrottledAsyncChecker (ThrottledAsyncChecker.java:schedule(140)) - Scheduling a check for org.apache.hadoop.ozone.container.common.volume.HddsVolume@5e541ef9
2019-08-20 03:21:47,466 INFO  volume.HddsVolumeChecker (HddsVolumeChecker.java:checkAllVolumes(203)) - Scheduled health check for volume org.apache.hadoop.ozone.container.common.volume.HddsVolume@5e541ef9
2019-08-20 03:21:47,485 INFO  impl.RaftServerProxy (ConfUtils.java:logGet(43)) - raft.rpc.type = GRPC (default)
2019-08-20 03:21:47,486 INFO  grpc.GrpcFactory (GrpcFactory.java:checkPooledByteBufAllocatorUseCacheForAllThreads(45)) - PERFORMANCE WARNING: useCacheForAllThreads is true that may cause Netty to create a lot garbage objects and, as a result, trigger GC.
	It is recommended to disable useCacheForAllThreads by setting -Dorg.apache.ratis.thirdparty.io.netty.allocator.useCacheForAllThreads=false in command line.
2019-08-20 03:21:47,486 INFO  grpc.GrpcConfigKeys$Server (ConfUtils.java:logGet(43)) - raft.grpc.server.port = 0 (default)
2019-08-20 03:21:47,486 INFO  server.GrpcService (ConfUtils.java:logGet(43)) - raft.grpc.message.size.max = 33570816 (custom)
2019-08-20 03:21:47,486 INFO  server.RaftServerConfigKeys (ConfUtils.java:logGet(43)) - raft.server.log.appender.buffer.byte-limit = 33554432 (custom)
2019-08-20 03:21:47,486 INFO  server.GrpcService (ConfUtils.java:logGet(43)) - raft.grpc.flow.control.window = 1MB (=1048576) (default)
2019-08-20 03:21:47,487 INFO  server.RaftServerConfigKeys (ConfUtils.java:logGet(43)) - raft.server.rpc.request.timeout = 3000ms (default)
2019-08-20 03:21:47,487 INFO  server.RaftServerConfigKeys (ConfUtils.java:logGet(43)) - raft.server.storage.dir = [/workdir/hadoop-ozone/integration-test/target/test-dir/MiniOzoneClusterImpl-84cf6d8e-7da2-4c93-8e7d-b6cdc2cb985f/datanode-2/data/ratis] (custom)
2019-08-20 03:21:47,487 INFO  replication.SimpleContainerDownloader (SimpleContainerDownloader.java:<init>(72)) - Starting container downloader service to copy containers to replicate.
2019-08-20 03:21:47,488 INFO  hdfs.DFSUtil (DFSUtil.java:httpServerTemplateForNNAndJN(1641)) - Starting Web-server for hddsDatanode at: http://0.0.0.0:0
2019-08-20 03:21:47,490 INFO  server.AuthenticationFilter (AuthenticationFilter.java:constructSecretProvider(240)) - Unable to initialize FileSignerSecretProvider, falling back to use random secrets.
2019-08-20 03:21:47,490 WARN  http.HttpRequestLog (HttpRequestLog.java:getRequestLog(97)) - Jetty request log can only be enabled using Log4j
2019-08-20 03:21:47,491 INFO  http.HttpServer2 (HttpServer2.java:addGlobalFilter(975)) - Added global filter 'safety' (class=org.apache.hadoop.http.HttpServer2$QuotingInputFilter)
2019-08-20 03:21:47,492 INFO  http.HttpServer2 (HttpServer2.java:addFilter(948)) - Added filter static_user_filter (class=org.apache.hadoop.http.lib.StaticUserWebFilter$StaticUserFilter) to context hddsDatanode
2019-08-20 03:21:47,492 INFO  http.HttpServer2 (HttpServer2.java:addFilter(958)) - Added filter static_user_filter (class=org.apache.hadoop.http.lib.StaticUserWebFilter$StaticUserFilter) to context static
2019-08-20 03:21:47,492 INFO  http.HttpServer2 (HttpServer2.java:addFilter(958)) - Added filter static_user_filter (class=org.apache.hadoop.http.lib.StaticUserWebFilter$StaticUserFilter) to context logs
2019-08-20 03:21:47,492 INFO  http.HttpServer2 (HttpServer2.java:bindListener(1191)) - Jetty bound to port 46229
2019-08-20 03:21:47,493 INFO  server.Server (Server.java:doStart(351)) - jetty-9.3.24.v20180605, build timestamp: 2018-06-05T17:11:56Z, git hash: 84205aa28f11a4f31f2a3b86d1bba2cc8ab69827
2019-08-20 03:21:47,494 INFO  handler.ContextHandler (ContextHandler.java:doStart(781)) - Started o.e.j.s.ServletContextHandler@77ba583{/logs,file:///workdir/hadoop-ozone/integration-test/target/log,AVAILABLE}
2019-08-20 03:21:47,495 INFO  handler.ContextHandler (ContextHandler.java:doStart(781)) - Started o.e.j.s.ServletContextHandler@6851b296{/static,jar:file:/home/user/.m2/repository/org/apache/hadoop/hadoop-hdds-container-service/0.4.1-SNAPSHOT/hadoop-hdds-container-service-0.4.1-SNAPSHOT.jar!/webapps/static,AVAILABLE}
2019-08-20 03:21:47,529 INFO  handler.ContextHandler (ContextHandler.java:doStart(781)) - Started o.e.j.w.WebAppContext@c94bd18{/,file:///tmp/jetty-0.0.0.0-46229-hddsDatanode-_-any-2659248298018286025.dir/webapp/,AVAILABLE}{/hddsDatanode}
2019-08-20 03:21:47,529 INFO  server.AbstractConnector (AbstractConnector.java:doStart(278)) - Started ServerConnector@71fb8301{HTTP/1.1,[http/1.1]}{0.0.0.0:46229}
2019-08-20 03:21:47,531 INFO  server.Server (Server.java:doStart(419)) - Started @42940ms
2019-08-20 03:21:47,532 INFO  server.BaseHttpServer (BaseHttpServer.java:updateConnectorAddress(207)) - HTTP server of HDDSDATANODE is listening at http://0.0.0.0:46229
2019-08-20 03:21:47,656 INFO  ozone.HddsDatanodeService (HddsDatanodeService.java:startPlugins(395)) - Started plug-in org.apache.hadoop.ozone.web.OzoneHddsDatanodeService@26d73519
2019-08-20 03:21:47,657 INFO  impl.MetricsSystemImpl (MetricsSystemImpl.java:init(158)) - HddsDatanode metrics system started (again)
2019-08-20 03:21:47,661 INFO  util.JvmPauseMonitor (JvmPauseMonitor.java:run(188)) - Starting JVM pause monitor
2019-08-20 03:21:47,661 INFO  ozone.HddsDatanodeService (HddsDatanodeService.java:start(184)) - HddsDatanodeService host:byscane-nightly-kg45w-2568576839 ip:192.168.36.123
2019-08-20 03:21:47,663 INFO  datanode.InitDatanodeState (InitDatanodeState.java:persistContainerDatanodeDetails(140)) - DatanodeDetails is persisted to /workdir/hadoop-ozone/integration-test/target/test-dir/MiniOzoneClusterImpl-84cf6d8e-7da2-4c93-8e7d-b6cdc2cb985f/datanode-2/meta/datanode.id
2019-08-20 03:21:47,669 INFO  volume.HddsVolume (HddsVolume.java:<init>(176)) - Creating Volume: /workdir/hadoop-ozone/integration-test/target/test-dir/MiniOzoneClusterImpl-84cf6d8e-7da2-4c93-8e7d-b6cdc2cb985f/datanode-3/data/containers/hdds of  storage type : DISK and capacity : 1482555576320
2019-08-20 03:21:47,669 INFO  volume.VolumeSet (VolumeSet.java:initializeVolumeSet(170)) - Added Volume : /workdir/hadoop-ozone/integration-test/target/test-dir/MiniOzoneClusterImpl-84cf6d8e-7da2-4c93-8e7d-b6cdc2cb985f/datanode-3/data/containers/hdds to VolumeSet
2019-08-20 03:21:47,669 INFO  volume.ThrottledAsyncChecker (ThrottledAsyncChecker.java:schedule(140)) - Scheduling a check for org.apache.hadoop.ozone.container.common.volume.HddsVolume@1308ef19
2019-08-20 03:21:47,670 INFO  volume.HddsVolumeChecker (HddsVolumeChecker.java:checkAllVolumes(203)) - Scheduled health check for volume org.apache.hadoop.ozone.container.common.volume.HddsVolume@1308ef19
2019-08-20 03:21:47,683 INFO  impl.RaftServerProxy (ConfUtils.java:logGet(43)) - raft.rpc.type = GRPC (default)
2019-08-20 03:21:47,683 INFO  grpc.GrpcFactory (GrpcFactory.java:checkPooledByteBufAllocatorUseCacheForAllThreads(45)) - PERFORMANCE WARNING: useCacheForAllThreads is true that may cause Netty to create a lot garbage objects and, as a result, trigger GC.
	It is recommended to disable useCacheForAllThreads by setting -Dorg.apache.ratis.thirdparty.io.netty.allocator.useCacheForAllThreads=false in command line.
2019-08-20 03:21:47,683 INFO  grpc.GrpcConfigKeys$Server (ConfUtils.java:logGet(43)) - raft.grpc.server.port = 0 (default)
2019-08-20 03:21:47,683 INFO  server.GrpcService (ConfUtils.java:logGet(43)) - raft.grpc.message.size.max = 33570816 (custom)
2019-08-20 03:21:47,684 INFO  server.RaftServerConfigKeys (ConfUtils.java:logGet(43)) - raft.server.log.appender.buffer.byte-limit = 33554432 (custom)
2019-08-20 03:21:47,684 INFO  server.GrpcService (ConfUtils.java:logGet(43)) - raft.grpc.flow.control.window = 1MB (=1048576) (default)
2019-08-20 03:21:47,684 INFO  server.RaftServerConfigKeys (ConfUtils.java:logGet(43)) - raft.server.rpc.request.timeout = 3000ms (default)
2019-08-20 03:21:47,684 INFO  server.RaftServerConfigKeys (ConfUtils.java:logGet(43)) - raft.server.storage.dir = [/workdir/hadoop-ozone/integration-test/target/test-dir/MiniOzoneClusterImpl-84cf6d8e-7da2-4c93-8e7d-b6cdc2cb985f/datanode-3/data/ratis] (custom)
2019-08-20 03:21:47,685 INFO  replication.SimpleContainerDownloader (SimpleContainerDownloader.java:<init>(72)) - Starting container downloader service to copy containers to replicate.
2019-08-20 03:21:47,686 INFO  hdfs.DFSUtil (DFSUtil.java:httpServerTemplateForNNAndJN(1641)) - Starting Web-server for hddsDatanode at: http://0.0.0.0:0
2019-08-20 03:21:47,688 INFO  server.AuthenticationFilter (AuthenticationFilter.java:constructSecretProvider(240)) - Unable to initialize FileSignerSecretProvider, falling back to use random secrets.
2019-08-20 03:21:47,689 WARN  http.HttpRequestLog (HttpRequestLog.java:getRequestLog(97)) - Jetty request log can only be enabled using Log4j
2019-08-20 03:21:47,691 INFO  http.HttpServer2 (HttpServer2.java:addGlobalFilter(975)) - Added global filter 'safety' (class=org.apache.hadoop.http.HttpServer2$QuotingInputFilter)
2019-08-20 03:21:47,691 INFO  http.HttpServer2 (HttpServer2.java:addFilter(948)) - Added filter static_user_filter (class=org.apache.hadoop.http.lib.StaticUserWebFilter$StaticUserFilter) to context hddsDatanode
2019-08-20 03:21:47,692 INFO  http.HttpServer2 (HttpServer2.java:addFilter(958)) - Added filter static_user_filter (class=org.apache.hadoop.http.lib.StaticUserWebFilter$StaticUserFilter) to context logs
2019-08-20 03:21:47,692 INFO  http.HttpServer2 (HttpServer2.java:addFilter(958)) - Added filter static_user_filter (class=org.apache.hadoop.http.lib.StaticUserWebFilter$StaticUserFilter) to context static
2019-08-20 03:21:47,693 INFO  http.HttpServer2 (HttpServer2.java:bindListener(1191)) - Jetty bound to port 39013
2019-08-20 03:21:47,693 INFO  server.Server (Server.java:doStart(351)) - jetty-9.3.24.v20180605, build timestamp: 2018-06-05T17:11:56Z, git hash: 84205aa28f11a4f31f2a3b86d1bba2cc8ab69827
2019-08-20 03:21:47,695 INFO  handler.ContextHandler (ContextHandler.java:doStart(781)) - Started o.e.j.s.ServletContextHandler@73da7f08{/logs,file:///workdir/hadoop-ozone/integration-test/target/log,AVAILABLE}
2019-08-20 03:21:47,696 INFO  handler.ContextHandler (ContextHandler.java:doStart(781)) - Started o.e.j.s.ServletContextHandler@62de73eb{/static,jar:file:/home/user/.m2/repository/org/apache/hadoop/hadoop-hdds-container-service/0.4.1-SNAPSHOT/hadoop-hdds-container-service-0.4.1-SNAPSHOT.jar!/webapps/static,AVAILABLE}
2019-08-20 03:21:47,737 INFO  handler.ContextHandler (ContextHandler.java:doStart(781)) - Started o.e.j.w.WebAppContext@1f60824e{/,file:///tmp/jetty-0.0.0.0-39013-hddsDatanode-_-any-5601913027128908726.dir/webapp/,AVAILABLE}{/hddsDatanode}
2019-08-20 03:21:47,737 INFO  server.AbstractConnector (AbstractConnector.java:doStart(278)) - Started ServerConnector@1218e12{HTTP/1.1,[http/1.1]}{0.0.0.0:39013}
2019-08-20 03:21:47,739 INFO  server.Server (Server.java:doStart(419)) - Started @43149ms
2019-08-20 03:21:47,740 INFO  server.BaseHttpServer (BaseHttpServer.java:updateConnectorAddress(207)) - HTTP server of HDDSDATANODE is listening at http://0.0.0.0:39013
2019-08-20 03:21:47,859 INFO  ozone.HddsDatanodeService (HddsDatanodeService.java:startPlugins(395)) - Started plug-in org.apache.hadoop.ozone.web.OzoneHddsDatanodeService@2328ec73
2019-08-20 03:21:47,859 INFO  impl.MetricsSystemImpl (MetricsSystemImpl.java:init(158)) - HddsDatanode metrics system started (again)
2019-08-20 03:21:47,864 INFO  util.JvmPauseMonitor (JvmPauseMonitor.java:run(188)) - Starting JVM pause monitor
2019-08-20 03:21:47,864 INFO  ozone.HddsDatanodeService (HddsDatanodeService.java:start(184)) - HddsDatanodeService host:byscane-nightly-kg45w-2568576839 ip:192.168.36.123
2019-08-20 03:21:47,865 INFO  datanode.InitDatanodeState (InitDatanodeState.java:persistContainerDatanodeDetails(140)) - DatanodeDetails is persisted to /workdir/hadoop-ozone/integration-test/target/test-dir/MiniOzoneClusterImpl-84cf6d8e-7da2-4c93-8e7d-b6cdc2cb985f/datanode-3/meta/datanode.id
2019-08-20 03:21:47,872 INFO  volume.HddsVolume (HddsVolume.java:<init>(176)) - Creating Volume: /workdir/hadoop-ozone/integration-test/target/test-dir/MiniOzoneClusterImpl-84cf6d8e-7da2-4c93-8e7d-b6cdc2cb985f/datanode-4/data/containers/hdds of  storage type : DISK and capacity : 1482555576320
2019-08-20 03:21:47,872 INFO  volume.VolumeSet (VolumeSet.java:initializeVolumeSet(170)) - Added Volume : /workdir/hadoop-ozone/integration-test/target/test-dir/MiniOzoneClusterImpl-84cf6d8e-7da2-4c93-8e7d-b6cdc2cb985f/datanode-4/data/containers/hdds to VolumeSet
2019-08-20 03:21:47,872 INFO  volume.ThrottledAsyncChecker (ThrottledAsyncChecker.java:schedule(140)) - Scheduling a check for org.apache.hadoop.ozone.container.common.volume.HddsVolume@6b7c4734
2019-08-20 03:21:47,873 INFO  volume.HddsVolumeChecker (HddsVolumeChecker.java:checkAllVolumes(203)) - Scheduled health check for volume org.apache.hadoop.ozone.container.common.volume.HddsVolume@6b7c4734
2019-08-20 03:21:47,893 INFO  impl.RaftServerProxy (ConfUtils.java:logGet(43)) - raft.rpc.type = GRPC (default)
2019-08-20 03:21:47,893 INFO  grpc.GrpcFactory (GrpcFactory.java:checkPooledByteBufAllocatorUseCacheForAllThreads(45)) - PERFORMANCE WARNING: useCacheForAllThreads is true that may cause Netty to create a lot garbage objects and, as a result, trigger GC.
	It is recommended to disable useCacheForAllThreads by setting -Dorg.apache.ratis.thirdparty.io.netty.allocator.useCacheForAllThreads=false in command line.
2019-08-20 03:21:47,893 INFO  grpc.GrpcConfigKeys$Server (ConfUtils.java:logGet(43)) - raft.grpc.server.port = 0 (default)
2019-08-20 03:21:47,893 INFO  server.GrpcService (ConfUtils.java:logGet(43)) - raft.grpc.message.size.max = 33570816 (custom)
2019-08-20 03:21:47,894 INFO  server.RaftServerConfigKeys (ConfUtils.java:logGet(43)) - raft.server.log.appender.buffer.byte-limit = 33554432 (custom)
2019-08-20 03:21:47,894 INFO  server.GrpcService (ConfUtils.java:logGet(43)) - raft.grpc.flow.control.window = 1MB (=1048576) (default)
2019-08-20 03:21:47,894 INFO  server.RaftServerConfigKeys (ConfUtils.java:logGet(43)) - raft.server.rpc.request.timeout = 3000ms (default)
2019-08-20 03:21:47,895 INFO  server.RaftServerConfigKeys (ConfUtils.java:logGet(43)) - raft.server.storage.dir = [/workdir/hadoop-ozone/integration-test/target/test-dir/MiniOzoneClusterImpl-84cf6d8e-7da2-4c93-8e7d-b6cdc2cb985f/datanode-4/data/ratis] (custom)
2019-08-20 03:21:47,896 INFO  replication.SimpleContainerDownloader (SimpleContainerDownloader.java:<init>(72)) - Starting container downloader service to copy containers to replicate.
2019-08-20 03:21:47,897 INFO  hdfs.DFSUtil (DFSUtil.java:httpServerTemplateForNNAndJN(1641)) - Starting Web-server for hddsDatanode at: http://0.0.0.0:0
2019-08-20 03:21:47,899 INFO  server.AuthenticationFilter (AuthenticationFilter.java:constructSecretProvider(240)) - Unable to initialize FileSignerSecretProvider, falling back to use random secrets.
2019-08-20 03:21:47,899 WARN  http.HttpRequestLog (HttpRequestLog.java:getRequestLog(97)) - Jetty request log can only be enabled using Log4j
2019-08-20 03:21:47,901 INFO  http.HttpServer2 (HttpServer2.java:addGlobalFilter(975)) - Added global filter 'safety' (class=org.apache.hadoop.http.HttpServer2$QuotingInputFilter)
2019-08-20 03:21:47,902 INFO  http.HttpServer2 (HttpServer2.java:addFilter(948)) - Added filter static_user_filter (class=org.apache.hadoop.http.lib.StaticUserWebFilter$StaticUserFilter) to context hddsDatanode
2019-08-20 03:21:47,902 INFO  http.HttpServer2 (HttpServer2.java:addFilter(958)) - Added filter static_user_filter (class=org.apache.hadoop.http.lib.StaticUserWebFilter$StaticUserFilter) to context logs
2019-08-20 03:21:47,902 INFO  http.HttpServer2 (HttpServer2.java:addFilter(958)) - Added filter static_user_filter (class=org.apache.hadoop.http.lib.StaticUserWebFilter$StaticUserFilter) to context static
2019-08-20 03:21:47,903 INFO  http.HttpServer2 (HttpServer2.java:bindListener(1191)) - Jetty bound to port 40547
2019-08-20 03:21:47,903 INFO  server.Server (Server.java:doStart(351)) - jetty-9.3.24.v20180605, build timestamp: 2018-06-05T17:11:56Z, git hash: 84205aa28f11a4f31f2a3b86d1bba2cc8ab69827
2019-08-20 03:21:47,906 INFO  handler.ContextHandler (ContextHandler.java:doStart(781)) - Started o.e.j.s.ServletContextHandler@7c69e1e1{/logs,file:///workdir/hadoop-ozone/integration-test/target/log,AVAILABLE}
2019-08-20 03:21:47,906 INFO  handler.ContextHandler (ContextHandler.java:doStart(781)) - Started o.e.j.s.ServletContextHandler@1bc6c20d{/static,jar:file:/home/user/.m2/repository/org/apache/hadoop/hadoop-hdds-container-service/0.4.1-SNAPSHOT/hadoop-hdds-container-service-0.4.1-SNAPSHOT.jar!/webapps/static,AVAILABLE}
2019-08-20 03:21:47,944 INFO  handler.ContextHandler (ContextHandler.java:doStart(781)) - Started o.e.j.w.WebAppContext@4e85dcb2{/,file:///tmp/jetty-0.0.0.0-40547-hddsDatanode-_-any-7144307721183007590.dir/webapp/,AVAILABLE}{/hddsDatanode}
2019-08-20 03:21:47,944 INFO  server.AbstractConnector (AbstractConnector.java:doStart(278)) - Started ServerConnector@1b28cff{HTTP/1.1,[http/1.1]}{0.0.0.0:40547}
2019-08-20 03:21:47,946 INFO  server.Server (Server.java:doStart(419)) - Started @43355ms
2019-08-20 03:21:47,946 INFO  server.BaseHttpServer (BaseHttpServer.java:updateConnectorAddress(207)) - HTTP server of HDDSDATANODE is listening at http://0.0.0.0:40547
2019-08-20 03:21:48,214 INFO  ozone.HddsDatanodeService (HddsDatanodeService.java:startPlugins(395)) - Started plug-in org.apache.hadoop.ozone.web.OzoneHddsDatanodeService@6339e604
2019-08-20 03:21:48,214 INFO  impl.MetricsSystemImpl (MetricsSystemImpl.java:init(158)) - HddsDatanode metrics system started (again)
2019-08-20 03:21:48,220 INFO  util.JvmPauseMonitor (JvmPauseMonitor.java:run(188)) - Starting JVM pause monitor
2019-08-20 03:21:48,221 INFO  ozone.HddsDatanodeService (HddsDatanodeService.java:start(184)) - HddsDatanodeService host:byscane-nightly-kg45w-2568576839 ip:192.168.36.123
2019-08-20 03:21:48,222 INFO  datanode.InitDatanodeState (InitDatanodeState.java:persistContainerDatanodeDetails(140)) - DatanodeDetails is persisted to /workdir/hadoop-ozone/integration-test/target/test-dir/MiniOzoneClusterImpl-84cf6d8e-7da2-4c93-8e7d-b6cdc2cb985f/datanode-4/meta/datanode.id
2019-08-20 03:21:48,230 INFO  volume.HddsVolume (HddsVolume.java:<init>(176)) - Creating Volume: /workdir/hadoop-ozone/integration-test/target/test-dir/MiniOzoneClusterImpl-84cf6d8e-7da2-4c93-8e7d-b6cdc2cb985f/datanode-5/data/containers/hdds of  storage type : DISK and capacity : 1482555576320
2019-08-20 03:21:48,230 INFO  volume.VolumeSet (VolumeSet.java:initializeVolumeSet(170)) - Added Volume : /workdir/hadoop-ozone/integration-test/target/test-dir/MiniOzoneClusterImpl-84cf6d8e-7da2-4c93-8e7d-b6cdc2cb985f/datanode-5/data/containers/hdds to VolumeSet
2019-08-20 03:21:48,231 INFO  volume.ThrottledAsyncChecker (ThrottledAsyncChecker.java:schedule(140)) - Scheduling a check for org.apache.hadoop.ozone.container.common.volume.HddsVolume@283bb8b7
2019-08-20 03:21:48,231 INFO  volume.HddsVolumeChecker (HddsVolumeChecker.java:checkAllVolumes(203)) - Scheduled health check for volume org.apache.hadoop.ozone.container.common.volume.HddsVolume@283bb8b7
2019-08-20 03:21:48,248 INFO  impl.RaftServerProxy (ConfUtils.java:logGet(43)) - raft.rpc.type = GRPC (default)
2019-08-20 03:21:48,249 INFO  grpc.GrpcFactory (GrpcFactory.java:checkPooledByteBufAllocatorUseCacheForAllThreads(45)) - PERFORMANCE WARNING: useCacheForAllThreads is true that may cause Netty to create a lot garbage objects and, as a result, trigger GC.
	It is recommended to disable useCacheForAllThreads by setting -Dorg.apache.ratis.thirdparty.io.netty.allocator.useCacheForAllThreads=false in command line.
2019-08-20 03:21:48,249 INFO  grpc.GrpcConfigKeys$Server (ConfUtils.java:logGet(43)) - raft.grpc.server.port = 0 (default)
2019-08-20 03:21:48,249 INFO  server.GrpcService (ConfUtils.java:logGet(43)) - raft.grpc.message.size.max = 33570816 (custom)
2019-08-20 03:21:48,249 INFO  server.RaftServerConfigKeys (ConfUtils.java:logGet(43)) - raft.server.log.appender.buffer.byte-limit = 33554432 (custom)
2019-08-20 03:21:48,249 INFO  server.GrpcService (ConfUtils.java:logGet(43)) - raft.grpc.flow.control.window = 1MB (=1048576) (default)
2019-08-20 03:21:48,250 INFO  server.RaftServerConfigKeys (ConfUtils.java:logGet(43)) - raft.server.rpc.request.timeout = 3000ms (default)
2019-08-20 03:21:48,250 INFO  server.RaftServerConfigKeys (ConfUtils.java:logGet(43)) - raft.server.storage.dir = [/workdir/hadoop-ozone/integration-test/target/test-dir/MiniOzoneClusterImpl-84cf6d8e-7da2-4c93-8e7d-b6cdc2cb985f/datanode-5/data/ratis] (custom)
2019-08-20 03:21:48,251 INFO  replication.SimpleContainerDownloader (SimpleContainerDownloader.java:<init>(72)) - Starting container downloader service to copy containers to replicate.
2019-08-20 03:21:48,252 INFO  hdfs.DFSUtil (DFSUtil.java:httpServerTemplateForNNAndJN(1641)) - Starting Web-server for hddsDatanode at: http://0.0.0.0:0
2019-08-20 03:21:48,253 INFO  server.AuthenticationFilter (AuthenticationFilter.java:constructSecretProvider(240)) - Unable to initialize FileSignerSecretProvider, falling back to use random secrets.
2019-08-20 03:21:48,253 WARN  http.HttpRequestLog (HttpRequestLog.java:getRequestLog(97)) - Jetty request log can only be enabled using Log4j
2019-08-20 03:21:48,255 INFO  http.HttpServer2 (HttpServer2.java:addGlobalFilter(975)) - Added global filter 'safety' (class=org.apache.hadoop.http.HttpServer2$QuotingInputFilter)
2019-08-20 03:21:48,255 INFO  http.HttpServer2 (HttpServer2.java:addFilter(948)) - Added filter static_user_filter (class=org.apache.hadoop.http.lib.StaticUserWebFilter$StaticUserFilter) to context hddsDatanode
2019-08-20 03:21:48,255 INFO  http.HttpServer2 (HttpServer2.java:addFilter(958)) - Added filter static_user_filter (class=org.apache.hadoop.http.lib.StaticUserWebFilter$StaticUserFilter) to context logs
2019-08-20 03:21:48,256 INFO  http.HttpServer2 (HttpServer2.java:addFilter(958)) - Added filter static_user_filter (class=org.apache.hadoop.http.lib.StaticUserWebFilter$StaticUserFilter) to context static
2019-08-20 03:21:48,256 INFO  http.HttpServer2 (HttpServer2.java:bindListener(1191)) - Jetty bound to port 43750
2019-08-20 03:21:48,256 INFO  server.Server (Server.java:doStart(351)) - jetty-9.3.24.v20180605, build timestamp: 2018-06-05T17:11:56Z, git hash: 84205aa28f11a4f31f2a3b86d1bba2cc8ab69827
2019-08-20 03:21:48,258 INFO  handler.ContextHandler (ContextHandler.java:doStart(781)) - Started o.e.j.s.ServletContextHandler@44e08a7a{/logs,file:///workdir/hadoop-ozone/integration-test/target/log,AVAILABLE}
2019-08-20 03:21:48,259 INFO  handler.ContextHandler (ContextHandler.java:doStart(781)) - Started o.e.j.s.ServletContextHandler@28dacf31{/static,jar:file:/home/user/.m2/repository/org/apache/hadoop/hadoop-hdds-container-service/0.4.1-SNAPSHOT/hadoop-hdds-container-service-0.4.1-SNAPSHOT.jar!/webapps/static,AVAILABLE}
2019-08-20 03:21:48,286 INFO  handler.ContextHandler (ContextHandler.java:doStart(781)) - Started o.e.j.w.WebAppContext@61d011e{/,file:///tmp/jetty-0.0.0.0-43750-hddsDatanode-_-any-6086279807017843896.dir/webapp/,AVAILABLE}{/hddsDatanode}
2019-08-20 03:21:48,286 INFO  server.AbstractConnector (AbstractConnector.java:doStart(278)) - Started ServerConnector@3b56947a{HTTP/1.1,[http/1.1]}{0.0.0.0:43750}
2019-08-20 03:21:48,288 INFO  server.Server (Server.java:doStart(419)) - Started @43698ms
2019-08-20 03:21:48,290 INFO  server.BaseHttpServer (BaseHttpServer.java:updateConnectorAddress(207)) - HTTP server of HDDSDATANODE is listening at http://0.0.0.0:43750
2019-08-20 03:21:48,414 INFO  ozone.HddsDatanodeService (HddsDatanodeService.java:startPlugins(395)) - Started plug-in org.apache.hadoop.ozone.web.OzoneHddsDatanodeService@7809b43a
2019-08-20 03:21:48,415 INFO  impl.MetricsSystemImpl (MetricsSystemImpl.java:init(158)) - HddsDatanode metrics system started (again)
2019-08-20 03:21:48,420 INFO  util.JvmPauseMonitor (JvmPauseMonitor.java:run(188)) - Starting JVM pause monitor
2019-08-20 03:21:48,421 INFO  ozone.HddsDatanodeService (HddsDatanodeService.java:start(184)) - HddsDatanodeService host:byscane-nightly-kg45w-2568576839 ip:192.168.36.123
2019-08-20 03:21:48,422 INFO  datanode.InitDatanodeState (InitDatanodeState.java:persistContainerDatanodeDetails(140)) - DatanodeDetails is persisted to /workdir/hadoop-ozone/integration-test/target/test-dir/MiniOzoneClusterImpl-84cf6d8e-7da2-4c93-8e7d-b6cdc2cb985f/datanode-5/meta/datanode.id
2019-08-20 03:21:48,428 INFO  volume.HddsVolume (HddsVolume.java:<init>(176)) - Creating Volume: /workdir/hadoop-ozone/integration-test/target/test-dir/MiniOzoneClusterImpl-84cf6d8e-7da2-4c93-8e7d-b6cdc2cb985f/datanode-6/data/containers/hdds of  storage type : DISK and capacity : 1482555576320
2019-08-20 03:21:48,428 INFO  volume.VolumeSet (VolumeSet.java:initializeVolumeSet(170)) - Added Volume : /workdir/hadoop-ozone/integration-test/target/test-dir/MiniOzoneClusterImpl-84cf6d8e-7da2-4c93-8e7d-b6cdc2cb985f/datanode-6/data/containers/hdds to VolumeSet
2019-08-20 03:21:48,428 INFO  volume.ThrottledAsyncChecker (ThrottledAsyncChecker.java:schedule(140)) - Scheduling a check for org.apache.hadoop.ozone.container.common.volume.HddsVolume@722b3ba2
2019-08-20 03:21:48,429 INFO  volume.HddsVolumeChecker (HddsVolumeChecker.java:checkAllVolumes(203)) - Scheduled health check for volume org.apache.hadoop.ozone.container.common.volume.HddsVolume@722b3ba2
2019-08-20 03:21:48,443 INFO  impl.RaftServerProxy (ConfUtils.java:logGet(43)) - raft.rpc.type = GRPC (default)
2019-08-20 03:21:48,443 INFO  grpc.GrpcFactory (GrpcFactory.java:checkPooledByteBufAllocatorUseCacheForAllThreads(45)) - PERFORMANCE WARNING: useCacheForAllThreads is true that may cause Netty to create a lot garbage objects and, as a result, trigger GC.
	It is recommended to disable useCacheForAllThreads by setting -Dorg.apache.ratis.thirdparty.io.netty.allocator.useCacheForAllThreads=false in command line.
2019-08-20 03:21:48,443 INFO  grpc.GrpcConfigKeys$Server (ConfUtils.java:logGet(43)) - raft.grpc.server.port = 0 (default)
2019-08-20 03:21:48,444 INFO  server.GrpcService (ConfUtils.java:logGet(43)) - raft.grpc.message.size.max = 33570816 (custom)
2019-08-20 03:21:48,444 INFO  server.RaftServerConfigKeys (ConfUtils.java:logGet(43)) - raft.server.log.appender.buffer.byte-limit = 33554432 (custom)
2019-08-20 03:21:48,444 INFO  server.GrpcService (ConfUtils.java:logGet(43)) - raft.grpc.flow.control.window = 1MB (=1048576) (default)
2019-08-20 03:21:48,444 INFO  server.RaftServerConfigKeys (ConfUtils.java:logGet(43)) - raft.server.rpc.request.timeout = 3000ms (default)
2019-08-20 03:21:48,445 INFO  server.RaftServerConfigKeys (ConfUtils.java:logGet(43)) - raft.server.storage.dir = [/workdir/hadoop-ozone/integration-test/target/test-dir/MiniOzoneClusterImpl-84cf6d8e-7da2-4c93-8e7d-b6cdc2cb985f/datanode-6/data/ratis] (custom)
2019-08-20 03:21:48,445 INFO  replication.SimpleContainerDownloader (SimpleContainerDownloader.java:<init>(72)) - Starting container downloader service to copy containers to replicate.
2019-08-20 03:21:48,446 INFO  hdfs.DFSUtil (DFSUtil.java:httpServerTemplateForNNAndJN(1641)) - Starting Web-server for hddsDatanode at: http://0.0.0.0:0
2019-08-20 03:21:48,447 INFO  server.AuthenticationFilter (AuthenticationFilter.java:constructSecretProvider(240)) - Unable to initialize FileSignerSecretProvider, falling back to use random secrets.
2019-08-20 03:21:48,447 WARN  http.HttpRequestLog (HttpRequestLog.java:getRequestLog(97)) - Jetty request log can only be enabled using Log4j
2019-08-20 03:21:48,449 INFO  http.HttpServer2 (HttpServer2.java:addGlobalFilter(975)) - Added global filter 'safety' (class=org.apache.hadoop.http.HttpServer2$QuotingInputFilter)
2019-08-20 03:21:48,449 INFO  http.HttpServer2 (HttpServer2.java:addFilter(948)) - Added filter static_user_filter (class=org.apache.hadoop.http.lib.StaticUserWebFilter$StaticUserFilter) to context hddsDatanode
2019-08-20 03:21:48,450 INFO  http.HttpServer2 (HttpServer2.java:addFilter(958)) - Added filter static_user_filter (class=org.apache.hadoop.http.lib.StaticUserWebFilter$StaticUserFilter) to context static
2019-08-20 03:21:48,450 INFO  http.HttpServer2 (HttpServer2.java:addFilter(958)) - Added filter static_user_filter (class=org.apache.hadoop.http.lib.StaticUserWebFilter$StaticUserFilter) to context logs
2019-08-20 03:21:48,450 INFO  http.HttpServer2 (HttpServer2.java:bindListener(1191)) - Jetty bound to port 45946
2019-08-20 03:21:48,450 INFO  server.Server (Server.java:doStart(351)) - jetty-9.3.24.v20180605, build timestamp: 2018-06-05T17:11:56Z, git hash: 84205aa28f11a4f31f2a3b86d1bba2cc8ab69827
2019-08-20 03:21:48,452 INFO  handler.ContextHandler (ContextHandler.java:doStart(781)) - Started o.e.j.s.ServletContextHandler@7210f559{/logs,file:///workdir/hadoop-ozone/integration-test/target/log,AVAILABLE}
2019-08-20 03:21:48,453 INFO  handler.ContextHandler (ContextHandler.java:doStart(781)) - Started o.e.j.s.ServletContextHandler@7be62956{/static,jar:file:/home/user/.m2/repository/org/apache/hadoop/hadoop-hdds-container-service/0.4.1-SNAPSHOT/hadoop-hdds-container-service-0.4.1-SNAPSHOT.jar!/webapps/static,AVAILABLE}
2019-08-20 03:21:48,480 INFO  handler.ContextHandler (ContextHandler.java:doStart(781)) - Started o.e.j.w.WebAppContext@308c65e0{/,file:///tmp/jetty-0.0.0.0-45946-hddsDatanode-_-any-3521020363121933078.dir/webapp/,AVAILABLE}{/hddsDatanode}
2019-08-20 03:21:48,480 INFO  server.AbstractConnector (AbstractConnector.java:doStart(278)) - Started ServerConnector@50fa5938{HTTP/1.1,[http/1.1]}{0.0.0.0:45946}
2019-08-20 03:21:48,482 INFO  server.Server (Server.java:doStart(419)) - Started @43892ms
2019-08-20 03:21:48,483 INFO  server.BaseHttpServer (BaseHttpServer.java:updateConnectorAddress(207)) - HTTP server of HDDSDATANODE is listening at http://0.0.0.0:45946
2019-08-20 03:21:48,600 INFO  ozone.HddsDatanodeService (HddsDatanodeService.java:startPlugins(395)) - Started plug-in org.apache.hadoop.ozone.web.OzoneHddsDatanodeService@388e4c25
2019-08-20 03:21:48,601 INFO  ozone.MiniOzoneClusterImpl (MiniOzoneClusterImpl.java:lambda$waitForClusterToBeReady$0(142)) - Waiting for cluster to be ready. Got 0 of 7 DN Heartbeats.
2019-08-20 03:21:48,604 INFO  util.JvmPauseMonitor (JvmPauseMonitor.java:run(188)) - Starting JVM pause monitor
2019-08-20 03:21:48,605 INFO  datanode.InitDatanodeState (InitDatanodeState.java:persistContainerDatanodeDetails(140)) - DatanodeDetails is persisted to /workdir/hadoop-ozone/integration-test/target/test-dir/MiniOzoneClusterImpl-84cf6d8e-7da2-4c93-8e7d-b6cdc2cb985f/datanode-6/meta/datanode.id
2019-08-20 03:21:49,277 INFO  ozoneimpl.OzoneContainer (OzoneContainer.java:start(186)) - Attempting to start container services.
2019-08-20 03:21:49,280 INFO  ozoneimpl.OzoneContainer (OzoneContainer.java:startContainerScrub(160)) - Background container scrubber has been disabled by hdds.containerscrub.enabled
2019-08-20 03:21:49,280 INFO  ratis.XceiverServerRatis (XceiverServerRatis.java:start(404)) - Starting XceiverServerRatis 8f621917-e309-448a-b7d2-29ad5c52a25b at port 0
2019-08-20 03:21:49,287 INFO  impl.RaftServerProxy (RaftServerProxy.java:lambda$start$3(299)) - 8f621917-e309-448a-b7d2-29ad5c52a25b: start RPC server
2019-08-20 03:21:49,290 INFO  server.GrpcService (GrpcService.java:startImpl(149)) - 8f621917-e309-448a-b7d2-29ad5c52a25b: GrpcService started, listening on 0.0.0.0/0.0.0.0:36875
2019-08-20 03:21:49,290 INFO  ratis.XceiverServerRatis (XceiverServerRatis.java:start(414)) - XceiverServerRatis 8f621917-e309-448a-b7d2-29ad5c52a25b is started using port 36875
2019-08-20 03:21:49,291 INFO  server.XceiverServerGrpc (XceiverServerGrpc.java:start(161)) - XceiverServerGrpc 8f621917-e309-448a-b7d2-29ad5c52a25b is started using port 33580
2019-08-20 03:21:49,475 INFO  ozoneimpl.OzoneContainer (OzoneContainer.java:start(186)) - Attempting to start container services.
2019-08-20 03:21:49,481 INFO  ozoneimpl.OzoneContainer (OzoneContainer.java:startContainerScrub(160)) - Background container scrubber has been disabled by hdds.containerscrub.enabled
2019-08-20 03:21:49,481 INFO  ratis.XceiverServerRatis (XceiverServerRatis.java:start(404)) - Starting XceiverServerRatis 3cc52965-b24f-4ade-b456-81120ebcb5f7 at port 0
2019-08-20 03:21:49,489 INFO  impl.RaftServerProxy (RaftServerProxy.java:lambda$start$3(299)) - 3cc52965-b24f-4ade-b456-81120ebcb5f7: start RPC server
2019-08-20 03:21:49,490 INFO  server.GrpcService (GrpcService.java:startImpl(149)) - 3cc52965-b24f-4ade-b456-81120ebcb5f7: GrpcService started, listening on 0.0.0.0/0.0.0.0:37436
2019-08-20 03:21:49,490 INFO  ratis.XceiverServerRatis (XceiverServerRatis.java:start(414)) - XceiverServerRatis 3cc52965-b24f-4ade-b456-81120ebcb5f7 is started using port 37436
2019-08-20 03:21:49,491 INFO  server.XceiverServerGrpc (XceiverServerGrpc.java:start(161)) - XceiverServerGrpc 3cc52965-b24f-4ade-b456-81120ebcb5f7 is started using port 45037
2019-08-20 03:21:49,601 INFO  ozone.MiniOzoneClusterImpl (MiniOzoneClusterImpl.java:lambda$waitForClusterToBeReady$0(142)) - Waiting for cluster to be ready. Got 0 of 7 DN Heartbeats.
2019-08-20 03:21:49,675 INFO  ozoneimpl.OzoneContainer (OzoneContainer.java:start(186)) - Attempting to start container services.
2019-08-20 03:21:49,675 INFO  ozoneimpl.OzoneContainer (OzoneContainer.java:startContainerScrub(160)) - Background container scrubber has been disabled by hdds.containerscrub.enabled
2019-08-20 03:21:49,676 INFO  ratis.XceiverServerRatis (XceiverServerRatis.java:start(404)) - Starting XceiverServerRatis f82856fb-d116-4006-bb10-cc10654ec057 at port 0
2019-08-20 03:21:49,683 INFO  impl.RaftServerProxy (RaftServerProxy.java:lambda$start$3(299)) - f82856fb-d116-4006-bb10-cc10654ec057: start RPC server
2019-08-20 03:21:49,690 INFO  server.GrpcService (GrpcService.java:startImpl(149)) - f82856fb-d116-4006-bb10-cc10654ec057: GrpcService started, listening on 0.0.0.0/0.0.0.0:32774
2019-08-20 03:21:49,691 INFO  ratis.XceiverServerRatis (XceiverServerRatis.java:start(414)) - XceiverServerRatis f82856fb-d116-4006-bb10-cc10654ec057 is started using port 32774
2019-08-20 03:21:49,698 INFO  server.XceiverServerGrpc (XceiverServerGrpc.java:start(161)) - XceiverServerGrpc f82856fb-d116-4006-bb10-cc10654ec057 is started using port 36339
2019-08-20 03:21:49,909 INFO  ozoneimpl.OzoneContainer (OzoneContainer.java:start(186)) - Attempting to start container services.
2019-08-20 03:21:49,909 INFO  ozoneimpl.OzoneContainer (OzoneContainer.java:startContainerScrub(160)) - Background container scrubber has been disabled by hdds.containerscrub.enabled
2019-08-20 03:21:49,909 INFO  ratis.XceiverServerRatis (XceiverServerRatis.java:start(404)) - Starting XceiverServerRatis feb5a246-eecb-488b-8c66-a6561a6d2dd6 at port 0
2019-08-20 03:21:49,917 INFO  impl.RaftServerProxy (RaftServerProxy.java:lambda$start$3(299)) - feb5a246-eecb-488b-8c66-a6561a6d2dd6: start RPC server
2019-08-20 03:21:49,919 INFO  server.GrpcService (GrpcService.java:startImpl(149)) - feb5a246-eecb-488b-8c66-a6561a6d2dd6: GrpcService started, listening on 0.0.0.0/0.0.0.0:35979
2019-08-20 03:21:49,919 INFO  ratis.XceiverServerRatis (XceiverServerRatis.java:start(414)) - XceiverServerRatis feb5a246-eecb-488b-8c66-a6561a6d2dd6 is started using port 35979
2019-08-20 03:21:49,922 INFO  server.XceiverServerGrpc (XceiverServerGrpc.java:start(161)) - XceiverServerGrpc feb5a246-eecb-488b-8c66-a6561a6d2dd6 is started using port 35498
2019-08-20 03:21:50,235 INFO  ozoneimpl.OzoneContainer (OzoneContainer.java:start(186)) - Attempting to start container services.
2019-08-20 03:21:50,235 INFO  ozoneimpl.OzoneContainer (OzoneContainer.java:startContainerScrub(160)) - Background container scrubber has been disabled by hdds.containerscrub.enabled
2019-08-20 03:21:50,236 INFO  ratis.XceiverServerRatis (XceiverServerRatis.java:start(404)) - Starting XceiverServerRatis af76d286-0381-46ea-bc73-c25b997719ac at port 0
2019-08-20 03:21:50,244 INFO  impl.RaftServerProxy (RaftServerProxy.java:lambda$start$3(299)) - af76d286-0381-46ea-bc73-c25b997719ac: start RPC server
2019-08-20 03:21:50,245 INFO  server.GrpcService (GrpcService.java:startImpl(149)) - af76d286-0381-46ea-bc73-c25b997719ac: GrpcService started, listening on 0.0.0.0/0.0.0.0:39714
2019-08-20 03:21:50,245 INFO  ratis.XceiverServerRatis (XceiverServerRatis.java:start(414)) - XceiverServerRatis af76d286-0381-46ea-bc73-c25b997719ac is started using port 39714
2019-08-20 03:21:50,246 INFO  server.XceiverServerGrpc (XceiverServerGrpc.java:start(161)) - XceiverServerGrpc af76d286-0381-46ea-bc73-c25b997719ac is started using port 44781
2019-08-20 03:21:50,447 INFO  ozoneimpl.OzoneContainer (OzoneContainer.java:start(186)) - Attempting to start container services.
2019-08-20 03:21:50,447 INFO  ozoneimpl.OzoneContainer (OzoneContainer.java:startContainerScrub(160)) - Background container scrubber has been disabled by hdds.containerscrub.enabled
2019-08-20 03:21:50,447 INFO  ratis.XceiverServerRatis (XceiverServerRatis.java:start(404)) - Starting XceiverServerRatis c873431d-dd2c-424d-858f-cac9d922acb6 at port 0
2019-08-20 03:21:50,455 INFO  impl.RaftServerProxy (RaftServerProxy.java:lambda$start$3(299)) - c873431d-dd2c-424d-858f-cac9d922acb6: start RPC server
2019-08-20 03:21:50,458 INFO  server.GrpcService (GrpcService.java:startImpl(149)) - c873431d-dd2c-424d-858f-cac9d922acb6: GrpcService started, listening on 0.0.0.0/0.0.0.0:40173
2019-08-20 03:21:50,459 INFO  ratis.XceiverServerRatis (XceiverServerRatis.java:start(414)) - XceiverServerRatis c873431d-dd2c-424d-858f-cac9d922acb6 is started using port 40173
2019-08-20 03:21:50,461 INFO  server.XceiverServerGrpc (XceiverServerGrpc.java:start(161)) - XceiverServerGrpc c873431d-dd2c-424d-858f-cac9d922acb6 is started using port 42224
2019-08-20 03:21:50,601 INFO  ozone.MiniOzoneClusterImpl (MiniOzoneClusterImpl.java:lambda$waitForClusterToBeReady$0(142)) - Waiting for cluster to be ready. Got 0 of 7 DN Heartbeats.
2019-08-20 03:21:50,627 INFO  ozoneimpl.OzoneContainer (OzoneContainer.java:start(186)) - Attempting to start container services.
2019-08-20 03:21:50,627 INFO  ozoneimpl.OzoneContainer (OzoneContainer.java:startContainerScrub(160)) - Background container scrubber has been disabled by hdds.containerscrub.enabled
2019-08-20 03:21:50,628 INFO  ratis.XceiverServerRatis (XceiverServerRatis.java:start(404)) - Starting XceiverServerRatis d51d9641-3229-439d-b443-7a39d972eb3a at port 0
2019-08-20 03:21:50,635 INFO  impl.RaftServerProxy (RaftServerProxy.java:lambda$start$3(299)) - d51d9641-3229-439d-b443-7a39d972eb3a: start RPC server
2019-08-20 03:21:50,636 INFO  server.GrpcService (GrpcService.java:startImpl(149)) - d51d9641-3229-439d-b443-7a39d972eb3a: GrpcService started, listening on 0.0.0.0/0.0.0.0:40504
2019-08-20 03:21:50,636 INFO  ratis.XceiverServerRatis (XceiverServerRatis.java:start(414)) - XceiverServerRatis d51d9641-3229-439d-b443-7a39d972eb3a is started using port 40504
2019-08-20 03:21:50,640 INFO  server.XceiverServerGrpc (XceiverServerGrpc.java:start(161)) - XceiverServerGrpc d51d9641-3229-439d-b443-7a39d972eb3a is started using port 39479
2019-08-20 03:21:51,247 INFO  net.NetworkTopology (NetworkTopologyImpl.java:add(110)) - Added a new node: /default-rack/8f621917-e309-448a-b7d2-29ad5c52a25b
2019-08-20 03:21:51,250 INFO  node.SCMNodeManager (SCMNodeManager.java:register(273)) - Registered Data node : 8f621917-e309-448a-b7d2-29ad5c52a25b{ip: 192.168.36.123, host: byscane-nightly-kg45w-2568576839, networkLocation: /default-rack, certSerialId: null}
2019-08-20 03:21:51,251 INFO  safemode.SCMSafeModeManager (DataNodeSafeModeRule.java:process(71)) - SCM in safe mode. 1 DataNodes registered, 1 required.
2019-08-20 03:21:51,254 INFO  safemode.SCMSafeModeManager (SCMSafeModeManager.java:validateSafeModeExitRules(177)) - ScmSafeModeManager, all rules are successfully validated
2019-08-20 03:21:51,254 INFO  safemode.SCMSafeModeManager (SCMSafeModeManager.java:exitSafeMode(193)) - SCM exiting safe mode.
2019-08-20 03:21:51,271 INFO  impl.RaftServerProxy (RaftServerProxy.java:addNew(89)) - 8f621917-e309-448a-b7d2-29ad5c52a25b: addNew group-1BBFF313D5CA:[8f621917-e309-448a-b7d2-29ad5c52a25b:192.168.36.123:36875] returns group-1BBFF313D5CA:java.util.concurrent.CompletableFuture@32251257[Not completed]
2019-08-20 03:21:51,273 INFO  impl.RaftServerImpl (RaftServerImpl.java:<init>(93)) - 8f621917-e309-448a-b7d2-29ad5c52a25b: new RaftServerImpl for group-1BBFF313D5CA:[8f621917-e309-448a-b7d2-29ad5c52a25b:192.168.36.123:36875] with ContainerStateMachine:uninitialized
2019-08-20 03:21:51,273 INFO  server.RaftServerConfigKeys (ConfUtils.java:logGet(43)) - raft.server.rpc.timeout.min = 5s (custom)
2019-08-20 03:21:51,273 INFO  server.RaftServerConfigKeys (ConfUtils.java:logGet(43)) - raft.server.rpc.timeout.max = 5200ms (custom)
2019-08-20 03:21:51,273 INFO  server.RaftServerConfigKeys (ConfUtils.java:logGet(43)) - raft.server.rpcslowness.timeout = 120s (custom)
2019-08-20 03:21:51,273 INFO  server.RaftServerConfigKeys (ConfUtils.java:logGet(43)) - raft.server.sleep.deviation.threshold = 300 (default)
2019-08-20 03:21:51,274 INFO  server.RaftServerConfigKeys (ConfUtils.java:logGet(43)) - raft.server.log.appender.install.snapshot.enabled = false (custom)
2019-08-20 03:21:51,274 INFO  impl.RaftServerImpl (ServerState.java:<init>(105)) - 8f621917-e309-448a-b7d2-29ad5c52a25b:group-1BBFF313D5CA ConfigurationManager, init=-1: [8f621917-e309-448a-b7d2-29ad5c52a25b:192.168.36.123:36875], old=null, confs=<EMPTY_MAP>
2019-08-20 03:21:51,274 INFO  server.RaftServerConfigKeys (ConfUtils.java:logGet(43)) - raft.server.storage.dir = [/workdir/hadoop-ozone/integration-test/target/test-dir/MiniOzoneClusterImpl-84cf6d8e-7da2-4c93-8e7d-b6cdc2cb985f/datanode-0/data/ratis] (custom)
2019-08-20 03:21:51,275 INFO  storage.RaftStorageDirectory (RaftStorageDirectory.java:analyzeStorage(246)) - The storage directory /workdir/hadoop-ozone/integration-test/target/test-dir/MiniOzoneClusterImpl-84cf6d8e-7da2-4c93-8e7d-b6cdc2cb985f/datanode-0/data/ratis/ad1d097a-f44d-4ae4-b7f2-1bbff313d5ca does not exist. Creating ...
2019-08-20 03:21:51,296 INFO  storage.RaftStorageDirectory (RaftStorageDirectory.java:tryLock(328)) - Lock on /workdir/hadoop-ozone/integration-test/target/test-dir/MiniOzoneClusterImpl-84cf6d8e-7da2-4c93-8e7d-b6cdc2cb985f/datanode-0/data/ratis/ad1d097a-f44d-4ae4-b7f2-1bbff313d5ca/in_use.lock acquired by nodename 14833@byscane-nightly-kg45w-2568576839
2019-08-20 03:21:51,311 INFO  storage.RaftStorage (RaftStorage.java:format(72)) - Storage directory /workdir/hadoop-ozone/integration-test/target/test-dir/MiniOzoneClusterImpl-84cf6d8e-7da2-4c93-8e7d-b6cdc2cb985f/datanode-0/data/ratis/ad1d097a-f44d-4ae4-b7f2-1bbff313d5ca has been successfully formatted.
2019-08-20 03:21:51,312 INFO  ratis.ContainerStateMachine (ContainerStateMachine.java:loadSnapshot(213)) - group-1BBFF313D5CA: The snapshot info is null. Setting the last applied indexto:(t:0, i:~)
2019-08-20 03:21:51,312 INFO  server.RaftServerConfigKeys (ConfUtils.java:logGet(43)) - raft.server.leader.election.timeout = 120s (custom)
2019-08-20 03:21:51,312 INFO  server.RaftServerConfigKeys (ConfUtils.java:logGet(43)) - raft.server.log.use.memory = false (default)
2019-08-20 03:21:51,312 INFO  server.RaftServerConfigKeys (ConfUtils.java:logGet(43)) - raft.server.log.purge.gap = 1000000000 (custom)
2019-08-20 03:21:51,313 INFO  server.RaftServerConfigKeys (ConfUtils.java:logGet(43)) - raft.server.log.appender.buffer.byte-limit = 33554432 (custom)
2019-08-20 03:21:51,313 INFO  server.RaftServerConfigKeys (ConfUtils.java:logGet(43)) - raft.server.log.segment.size.max = 1048576 (custom)
2019-08-20 03:21:51,313 INFO  server.RaftServerConfigKeys (ConfUtils.java:logGet(43)) - raft.server.log.segment.cache.num.max = 2 (custom)
2019-08-20 03:21:51,313 INFO  segmented.SegmentedRaftLogWorker (SegmentedRaftLogWorker.java:<init>(172)) - new 8f621917-e309-448a-b7d2-29ad5c52a25b-SegmentedRaftLogWorker:Storage Directory /workdir/hadoop-ozone/integration-test/target/test-dir/MiniOzoneClusterImpl-84cf6d8e-7da2-4c93-8e7d-b6cdc2cb985f/datanode-0/data/ratis/ad1d097a-f44d-4ae4-b7f2-1bbff313d5ca for RaftStorage:Storage Directory /workdir/hadoop-ozone/integration-test/target/test-dir/MiniOzoneClusterImpl-84cf6d8e-7da2-4c93-8e7d-b6cdc2cb985f/datanode-0/data/ratis/ad1d097a-f44d-4ae4-b7f2-1bbff313d5ca
2019-08-20 03:21:51,314 INFO  server.RaftServerConfigKeys (ConfUtils.java:logGet(43)) - raft.server.log.queue.byte-limit = 2147483647 (custom)
2019-08-20 03:21:51,314 INFO  server.RaftServerConfigKeys (ConfUtils.java:logGet(43)) - raft.server.log.queue.element-limit = 1024 (custom)
2019-08-20 03:21:51,314 INFO  server.RaftServerConfigKeys (ConfUtils.java:logGet(43)) - raft.server.log.segment.size.max = 1048576 (custom)
2019-08-20 03:21:51,315 INFO  server.RaftServerConfigKeys (ConfUtils.java:logGet(43)) - raft.server.log.preallocated.size = 16384 (custom)
2019-08-20 03:21:51,315 INFO  server.RaftServerConfigKeys (ConfUtils.java:logGet(43)) - raft.server.log.write.buffer.size = 33554432 (custom)
2019-08-20 03:21:51,315 INFO  server.RaftServerConfigKeys (ConfUtils.java:logGet(43)) - raft.server.log.force.sync.num = 128 (default)
2019-08-20 03:21:51,315 INFO  server.RaftServerConfigKeys (ConfUtils.java:logGet(43)) - raft.server.log.statemachine.data.sync = true (default)
2019-08-20 03:21:51,315 INFO  server.RaftServerConfigKeys (ConfUtils.java:logGet(43)) - raft.server.log.statemachine.data.sync.timeout = 10s (default)
2019-08-20 03:21:51,316 INFO  server.RaftServerConfigKeys (ConfUtils.java:logGet(43)) - raft.server.log.statemachine.data.sync.timeout.retry = -1 (default)
2019-08-20 03:21:51,316 INFO  server.RaftServerConfigKeys (ConfUtils.java:logGet(43)) - raft.server.log.statemachine.data.caching.enabled = true (custom)
2019-08-20 03:21:51,317 INFO  segmented.SegmentedRaftLogWorker (SegmentedRaftLogWorker.java:lambda$new$0(132)) - 8f621917-e309-448a-b7d2-29ad5c52a25b-SegmentedRaftLogWorker:Storage Directory /workdir/hadoop-ozone/integration-test/target/test-dir/MiniOzoneClusterImpl-84cf6d8e-7da2-4c93-8e7d-b6cdc2cb985f/datanode-0/data/ratis/ad1d097a-f44d-4ae4-b7f2-1bbff313d5ca: flushIndex: setUnconditionally 0 -> -1
2019-08-20 03:21:51,317 INFO  server.RaftServerConfigKeys (ConfUtils.java:logGet(43)) - raft.server.snapshot.auto.trigger.enabled = true (custom)
2019-08-20 03:21:51,317 INFO  server.RaftServerConfigKeys (ConfUtils.java:logGet(43)) - raft.server.snapshot.auto.trigger.threshold = 10000 (custom)
2019-08-20 03:21:51,318 INFO  server.RaftServerConfigKeys (ConfUtils.java:logGet(43)) - raft.server.retrycache.expirytime = 600000ms (custom)
2019-08-20 03:21:51,318 INFO  impl.RaftServerImpl (RaftServerImpl.java:start(180)) - 8f621917-e309-448a-b7d2-29ad5c52a25b: start group-1BBFF313D5CA
2019-08-20 03:21:51,318 INFO  impl.RaftServerImpl (RaftServerImpl.java:setRole(171)) - 8f621917-e309-448a-b7d2-29ad5c52a25b:group-1BBFF313D5CA changes role from null to FOLLOWER at term 0 for startAsFollower
2019-08-20 03:21:51,318 INFO  impl.RoleInfo (RoleInfo.java:updateAndGet(143)) - 8f621917-e309-448a-b7d2-29ad5c52a25b: start FollowerState
2019-08-20 03:21:51,320 INFO  util.JmxRegister (JmxRegister.java:tryRegister(44)) - Successfully registered JMX Bean with object name Ratis:service=RaftServer,group=group-1BBFF313D5CA,id=8f621917-e309-448a-b7d2-29ad5c52a25b
2019-08-20 03:21:51,325 INFO  pipeline.PipelineStateManager (PipelineStateManager.java:addPipeline(56)) - Created pipeline Pipeline[ Id: ad1d097a-f44d-4ae4-b7f2-1bbff313d5ca, Nodes: 8f621917-e309-448a-b7d2-29ad5c52a25b{ip: 192.168.36.123, host: byscane-nightly-kg45w-2568576839, networkLocation: /default-rack, certSerialId: null}, Type:RATIS, Factor:ONE, State:OPEN]
2019-08-20 03:21:51,462 INFO  net.NetworkTopology (NetworkTopologyImpl.java:add(110)) - Added a new node: /default-rack/3cc52965-b24f-4ade-b456-81120ebcb5f7
2019-08-20 03:21:51,462 INFO  node.SCMNodeManager (SCMNodeManager.java:register(273)) - Registered Data node : 3cc52965-b24f-4ade-b456-81120ebcb5f7{ip: 192.168.36.123, host: byscane-nightly-kg45w-2568576839, networkLocation: /default-rack, certSerialId: null}
2019-08-20 03:21:51,479 INFO  impl.RaftServerProxy (RaftServerProxy.java:addNew(89)) - 3cc52965-b24f-4ade-b456-81120ebcb5f7: addNew group-C2B6FA6DDEE4:[3cc52965-b24f-4ade-b456-81120ebcb5f7:192.168.36.123:37436] returns group-C2B6FA6DDEE4:java.util.concurrent.CompletableFuture@1548545d[Not completed]
2019-08-20 03:21:51,483 INFO  impl.RaftServerImpl (RaftServerImpl.java:<init>(93)) - 3cc52965-b24f-4ade-b456-81120ebcb5f7: new RaftServerImpl for group-C2B6FA6DDEE4:[3cc52965-b24f-4ade-b456-81120ebcb5f7:192.168.36.123:37436] with ContainerStateMachine:uninitialized
2019-08-20 03:21:51,483 INFO  server.RaftServerConfigKeys (ConfUtils.java:logGet(43)) - raft.server.rpc.timeout.min = 5s (custom)
2019-08-20 03:21:51,484 INFO  server.RaftServerConfigKeys (ConfUtils.java:logGet(43)) - raft.server.rpc.timeout.max = 5200ms (custom)
2019-08-20 03:21:51,484 INFO  server.RaftServerConfigKeys (ConfUtils.java:logGet(43)) - raft.server.rpcslowness.timeout = 120s (custom)
2019-08-20 03:21:51,484 INFO  server.RaftServerConfigKeys (ConfUtils.java:logGet(43)) - raft.server.sleep.deviation.threshold = 300 (default)
2019-08-20 03:21:51,484 INFO  server.RaftServerConfigKeys (ConfUtils.java:logGet(43)) - raft.server.log.appender.install.snapshot.enabled = false (custom)
2019-08-20 03:21:51,484 INFO  impl.RaftServerImpl (ServerState.java:<init>(105)) - 3cc52965-b24f-4ade-b456-81120ebcb5f7:group-C2B6FA6DDEE4 ConfigurationManager, init=-1: [3cc52965-b24f-4ade-b456-81120ebcb5f7:192.168.36.123:37436], old=null, confs=<EMPTY_MAP>
2019-08-20 03:21:51,484 INFO  server.RaftServerConfigKeys (ConfUtils.java:logGet(43)) - raft.server.storage.dir = [/workdir/hadoop-ozone/integration-test/target/test-dir/MiniOzoneClusterImpl-84cf6d8e-7da2-4c93-8e7d-b6cdc2cb985f/datanode-1/data/ratis] (custom)
2019-08-20 03:21:51,485 INFO  storage.RaftStorageDirectory (RaftStorageDirectory.java:analyzeStorage(246)) - The storage directory /workdir/hadoop-ozone/integration-test/target/test-dir/MiniOzoneClusterImpl-84cf6d8e-7da2-4c93-8e7d-b6cdc2cb985f/datanode-1/data/ratis/5b6f0b74-09ea-4d66-a6cc-c2b6fa6ddee4 does not exist. Creating ...
2019-08-20 03:21:51,498 INFO  storage.RaftStorageDirectory (RaftStorageDirectory.java:tryLock(328)) - Lock on /workdir/hadoop-ozone/integration-test/target/test-dir/MiniOzoneClusterImpl-84cf6d8e-7da2-4c93-8e7d-b6cdc2cb985f/datanode-1/data/ratis/5b6f0b74-09ea-4d66-a6cc-c2b6fa6ddee4/in_use.lock acquired by nodename 14833@byscane-nightly-kg45w-2568576839
2019-08-20 03:21:51,523 INFO  storage.RaftStorage (RaftStorage.java:format(72)) - Storage directory /workdir/hadoop-ozone/integration-test/target/test-dir/MiniOzoneClusterImpl-84cf6d8e-7da2-4c93-8e7d-b6cdc2cb985f/datanode-1/data/ratis/5b6f0b74-09ea-4d66-a6cc-c2b6fa6ddee4 has been successfully formatted.
2019-08-20 03:21:51,523 INFO  ratis.ContainerStateMachine (ContainerStateMachine.java:loadSnapshot(213)) - group-C2B6FA6DDEE4: The snapshot info is null. Setting the last applied indexto:(t:0, i:~)
2019-08-20 03:21:51,523 INFO  server.RaftServerConfigKeys (ConfUtils.java:logGet(43)) - raft.server.leader.election.timeout = 120s (custom)
2019-08-20 03:21:51,523 INFO  server.RaftServerConfigKeys (ConfUtils.java:logGet(43)) - raft.server.log.use.memory = false (default)
2019-08-20 03:21:51,524 INFO  server.RaftServerConfigKeys (ConfUtils.java:logGet(43)) - raft.server.log.purge.gap = 1000000000 (custom)
2019-08-20 03:21:51,524 INFO  server.RaftServerConfigKeys (ConfUtils.java:logGet(43)) - raft.server.log.appender.buffer.byte-limit = 33554432 (custom)
2019-08-20 03:21:51,524 INFO  server.RaftServerConfigKeys (ConfUtils.java:logGet(43)) - raft.server.log.segment.size.max = 1048576 (custom)
2019-08-20 03:21:51,524 INFO  server.RaftServerConfigKeys (ConfUtils.java:logGet(43)) - raft.server.log.segment.cache.num.max = 2 (custom)
2019-08-20 03:21:51,524 INFO  segmented.SegmentedRaftLogWorker (SegmentedRaftLogWorker.java:<init>(172)) - new 3cc52965-b24f-4ade-b456-81120ebcb5f7-SegmentedRaftLogWorker:Storage Directory /workdir/hadoop-ozone/integration-test/target/test-dir/MiniOzoneClusterImpl-84cf6d8e-7da2-4c93-8e7d-b6cdc2cb985f/datanode-1/data/ratis/5b6f0b74-09ea-4d66-a6cc-c2b6fa6ddee4 for RaftStorage:Storage Directory /workdir/hadoop-ozone/integration-test/target/test-dir/MiniOzoneClusterImpl-84cf6d8e-7da2-4c93-8e7d-b6cdc2cb985f/datanode-1/data/ratis/5b6f0b74-09ea-4d66-a6cc-c2b6fa6ddee4
2019-08-20 03:21:51,525 INFO  server.RaftServerConfigKeys (ConfUtils.java:logGet(43)) - raft.server.log.queue.byte-limit = 2147483647 (custom)
2019-08-20 03:21:51,525 INFO  server.RaftServerConfigKeys (ConfUtils.java:logGet(43)) - raft.server.log.queue.element-limit = 1024 (custom)
2019-08-20 03:21:51,525 INFO  server.RaftServerConfigKeys (ConfUtils.java:logGet(43)) - raft.server.log.segment.size.max = 1048576 (custom)
2019-08-20 03:21:51,525 INFO  server.RaftServerConfigKeys (ConfUtils.java:logGet(43)) - raft.server.log.preallocated.size = 16384 (custom)
2019-08-20 03:21:51,526 INFO  server.RaftServerConfigKeys (ConfUtils.java:logGet(43)) - raft.server.log.write.buffer.size = 33554432 (custom)
2019-08-20 03:21:51,526 INFO  server.RaftServerConfigKeys (ConfUtils.java:logGet(43)) - raft.server.log.force.sync.num = 128 (default)
2019-08-20 03:21:51,526 INFO  server.RaftServerConfigKeys (ConfUtils.java:logGet(43)) - raft.server.log.statemachine.data.sync = true (default)
2019-08-20 03:21:51,526 INFO  server.RaftServerConfigKeys (ConfUtils.java:logGet(43)) - raft.server.log.statemachine.data.sync.timeout = 10s (default)
2019-08-20 03:21:51,526 INFO  server.RaftServerConfigKeys (ConfUtils.java:logGet(43)) - raft.server.log.statemachine.data.sync.timeout.retry = -1 (default)
2019-08-20 03:21:51,527 INFO  server.RaftServerConfigKeys (ConfUtils.java:logGet(43)) - raft.server.log.statemachine.data.caching.enabled = true (custom)
2019-08-20 03:21:51,527 INFO  segmented.SegmentedRaftLogWorker (SegmentedRaftLogWorker.java:lambda$new$0(132)) - 3cc52965-b24f-4ade-b456-81120ebcb5f7-SegmentedRaftLogWorker:Storage Directory /workdir/hadoop-ozone/integration-test/target/test-dir/MiniOzoneClusterImpl-84cf6d8e-7da2-4c93-8e7d-b6cdc2cb985f/datanode-1/data/ratis/5b6f0b74-09ea-4d66-a6cc-c2b6fa6ddee4: flushIndex: setUnconditionally 0 -> -1
2019-08-20 03:21:51,528 INFO  server.RaftServerConfigKeys (ConfUtils.java:logGet(43)) - raft.server.snapshot.auto.trigger.enabled = true (custom)
2019-08-20 03:21:51,528 INFO  server.RaftServerConfigKeys (ConfUtils.java:logGet(43)) - raft.server.snapshot.auto.trigger.threshold = 10000 (custom)
2019-08-20 03:21:51,528 INFO  server.RaftServerConfigKeys (ConfUtils.java:logGet(43)) - raft.server.retrycache.expirytime = 600000ms (custom)
2019-08-20 03:21:51,528 INFO  impl.RaftServerImpl (RaftServerImpl.java:start(180)) - 3cc52965-b24f-4ade-b456-81120ebcb5f7: start group-C2B6FA6DDEE4
2019-08-20 03:21:51,529 INFO  impl.RaftServerImpl (RaftServerImpl.java:setRole(171)) - 3cc52965-b24f-4ade-b456-81120ebcb5f7:group-C2B6FA6DDEE4 changes role from null to FOLLOWER at term 0 for startAsFollower
2019-08-20 03:21:51,529 INFO  impl.RoleInfo (RoleInfo.java:updateAndGet(143)) - 3cc52965-b24f-4ade-b456-81120ebcb5f7: start FollowerState
2019-08-20 03:21:51,529 INFO  util.JmxRegister (JmxRegister.java:tryRegister(44)) - Successfully registered JMX Bean with object name Ratis:service=RaftServer,group=group-C2B6FA6DDEE4,id=3cc52965-b24f-4ade-b456-81120ebcb5f7
2019-08-20 03:21:51,533 INFO  pipeline.PipelineStateManager (PipelineStateManager.java:addPipeline(56)) - Created pipeline Pipeline[ Id: 5b6f0b74-09ea-4d66-a6cc-c2b6fa6ddee4, Nodes: 3cc52965-b24f-4ade-b456-81120ebcb5f7{ip: 192.168.36.123, host: byscane-nightly-kg45w-2568576839, networkLocation: /default-rack, certSerialId: null}, Type:RATIS, Factor:ONE, State:OPEN]
2019-08-20 03:21:51,602 INFO  ozone.MiniOzoneClusterImpl (MiniOzoneClusterImpl.java:lambda$waitForClusterToBeReady$0(142)) - Waiting for cluster to be ready. Got 2 of 7 DN Heartbeats.
2019-08-20 03:21:51,662 INFO  net.NetworkTopology (NetworkTopologyImpl.java:add(110)) - Added a new node: /default-rack/f82856fb-d116-4006-bb10-cc10654ec057
2019-08-20 03:21:51,663 INFO  node.SCMNodeManager (SCMNodeManager.java:register(273)) - Registered Data node : f82856fb-d116-4006-bb10-cc10654ec057{ip: 192.168.36.123, host: byscane-nightly-kg45w-2568576839, networkLocation: /default-rack, certSerialId: null}
2019-08-20 03:21:51,675 INFO  impl.RaftServerProxy (RaftServerProxy.java:addNew(89)) - f82856fb-d116-4006-bb10-cc10654ec057: addNew group-7F7F4D006E11:[f82856fb-d116-4006-bb10-cc10654ec057:192.168.36.123:32774] returns group-7F7F4D006E11:java.util.concurrent.CompletableFuture@a36e53f[Not completed]
2019-08-20 03:21:51,681 INFO  impl.RaftServerImpl (RaftServerImpl.java:<init>(93)) - f82856fb-d116-4006-bb10-cc10654ec057: new RaftServerImpl for group-7F7F4D006E11:[f82856fb-d116-4006-bb10-cc10654ec057:192.168.36.123:32774] with ContainerStateMachine:uninitialized
2019-08-20 03:21:51,682 INFO  server.RaftServerConfigKeys (ConfUtils.java:logGet(43)) - raft.server.rpc.timeout.min = 5s (custom)
2019-08-20 03:21:51,682 INFO  server.RaftServerConfigKeys (ConfUtils.java:logGet(43)) - raft.server.rpc.timeout.max = 5200ms (custom)
2019-08-20 03:21:51,682 INFO  server.RaftServerConfigKeys (ConfUtils.java:logGet(43)) - raft.server.rpcslowness.timeout = 120s (custom)
2019-08-20 03:21:51,682 INFO  server.RaftServerConfigKeys (ConfUtils.java:logGet(43)) - raft.server.sleep.deviation.threshold = 300 (default)
2019-08-20 03:21:51,682 INFO  server.RaftServerConfigKeys (ConfUtils.java:logGet(43)) - raft.server.log.appender.install.snapshot.enabled = false (custom)
2019-08-20 03:21:51,682 INFO  impl.RaftServerImpl (ServerState.java:<init>(105)) - f82856fb-d116-4006-bb10-cc10654ec057:group-7F7F4D006E11 ConfigurationManager, init=-1: [f82856fb-d116-4006-bb10-cc10654ec057:192.168.36.123:32774], old=null, confs=<EMPTY_MAP>
2019-08-20 03:21:51,683 INFO  server.RaftServerConfigKeys (ConfUtils.java:logGet(43)) - raft.server.storage.dir = [/workdir/hadoop-ozone/integration-test/target/test-dir/MiniOzoneClusterImpl-84cf6d8e-7da2-4c93-8e7d-b6cdc2cb985f/datanode-2/data/ratis] (custom)
2019-08-20 03:21:51,683 INFO  storage.RaftStorageDirectory (RaftStorageDirectory.java:analyzeStorage(246)) - The storage directory /workdir/hadoop-ozone/integration-test/target/test-dir/MiniOzoneClusterImpl-84cf6d8e-7da2-4c93-8e7d-b6cdc2cb985f/datanode-2/data/ratis/c085d131-50e2-43cb-8376-7f7f4d006e11 does not exist. Creating ...
2019-08-20 03:21:51,697 INFO  storage.RaftStorageDirectory (RaftStorageDirectory.java:tryLock(328)) - Lock on /workdir/hadoop-ozone/integration-test/target/test-dir/MiniOzoneClusterImpl-84cf6d8e-7da2-4c93-8e7d-b6cdc2cb985f/datanode-2/data/ratis/c085d131-50e2-43cb-8376-7f7f4d006e11/in_use.lock acquired by nodename 14833@byscane-nightly-kg45w-2568576839
2019-08-20 03:21:51,711 INFO  storage.RaftStorage (RaftStorage.java:format(72)) - Storage directory /workdir/hadoop-ozone/integration-test/target/test-dir/MiniOzoneClusterImpl-84cf6d8e-7da2-4c93-8e7d-b6cdc2cb985f/datanode-2/data/ratis/c085d131-50e2-43cb-8376-7f7f4d006e11 has been successfully formatted.
2019-08-20 03:21:51,711 INFO  ratis.ContainerStateMachine (ContainerStateMachine.java:loadSnapshot(213)) - group-7F7F4D006E11: The snapshot info is null. Setting the last applied indexto:(t:0, i:~)
2019-08-20 03:21:51,711 INFO  server.RaftServerConfigKeys (ConfUtils.java:logGet(43)) - raft.server.leader.election.timeout = 120s (custom)
2019-08-20 03:21:51,711 INFO  server.RaftServerConfigKeys (ConfUtils.java:logGet(43)) - raft.server.log.use.memory = false (default)
2019-08-20 03:21:51,711 INFO  server.RaftServerConfigKeys (ConfUtils.java:logGet(43)) - raft.server.log.purge.gap = 1000000000 (custom)
2019-08-20 03:21:51,712 INFO  server.RaftServerConfigKeys (ConfUtils.java:logGet(43)) - raft.server.log.appender.buffer.byte-limit = 33554432 (custom)
2019-08-20 03:21:51,712 INFO  server.RaftServerConfigKeys (ConfUtils.java:logGet(43)) - raft.server.log.segment.size.max = 1048576 (custom)
2019-08-20 03:21:51,712 INFO  server.RaftServerConfigKeys (ConfUtils.java:logGet(43)) - raft.server.log.segment.cache.num.max = 2 (custom)
2019-08-20 03:21:51,712 INFO  segmented.SegmentedRaftLogWorker (SegmentedRaftLogWorker.java:<init>(172)) - new f82856fb-d116-4006-bb10-cc10654ec057-SegmentedRaftLogWorker:Storage Directory /workdir/hadoop-ozone/integration-test/target/test-dir/MiniOzoneClusterImpl-84cf6d8e-7da2-4c93-8e7d-b6cdc2cb985f/datanode-2/data/ratis/c085d131-50e2-43cb-8376-7f7f4d006e11 for RaftStorage:Storage Directory /workdir/hadoop-ozone/integration-test/target/test-dir/MiniOzoneClusterImpl-84cf6d8e-7da2-4c93-8e7d-b6cdc2cb985f/datanode-2/data/ratis/c085d131-50e2-43cb-8376-7f7f4d006e11
2019-08-20 03:21:51,713 INFO  server.RaftServerConfigKeys (ConfUtils.java:logGet(43)) - raft.server.log.queue.byte-limit = 2147483647 (custom)
2019-08-20 03:21:51,713 INFO  server.RaftServerConfigKeys (ConfUtils.java:logGet(43)) - raft.server.log.queue.element-limit = 1024 (custom)
2019-08-20 03:21:51,713 INFO  server.RaftServerConfigKeys (ConfUtils.java:logGet(43)) - raft.server.log.segment.size.max = 1048576 (custom)
2019-08-20 03:21:51,713 INFO  server.RaftServerConfigKeys (ConfUtils.java:logGet(43)) - raft.server.log.preallocated.size = 16384 (custom)
2019-08-20 03:21:51,713 INFO  server.RaftServerConfigKeys (ConfUtils.java:logGet(43)) - raft.server.log.write.buffer.size = 33554432 (custom)
2019-08-20 03:21:51,714 INFO  server.RaftServerConfigKeys (ConfUtils.java:logGet(43)) - raft.server.log.force.sync.num = 128 (default)
2019-08-20 03:21:51,714 INFO  server.RaftServerConfigKeys (ConfUtils.java:logGet(43)) - raft.server.log.statemachine.data.sync = true (default)
2019-08-20 03:21:51,714 INFO  server.RaftServerConfigKeys (ConfUtils.java:logGet(43)) - raft.server.log.statemachine.data.sync.timeout = 10s (default)
2019-08-20 03:21:51,714 INFO  server.RaftServerConfigKeys (ConfUtils.java:logGet(43)) - raft.server.log.statemachine.data.sync.timeout.retry = -1 (default)
2019-08-20 03:21:51,715 INFO  server.RaftServerConfigKeys (ConfUtils.java:logGet(43)) - raft.server.log.statemachine.data.caching.enabled = true (custom)
2019-08-20 03:21:51,715 INFO  segmented.SegmentedRaftLogWorker (SegmentedRaftLogWorker.java:lambda$new$0(132)) - f82856fb-d116-4006-bb10-cc10654ec057-SegmentedRaftLogWorker:Storage Directory /workdir/hadoop-ozone/integration-test/target/test-dir/MiniOzoneClusterImpl-84cf6d8e-7da2-4c93-8e7d-b6cdc2cb985f/datanode-2/data/ratis/c085d131-50e2-43cb-8376-7f7f4d006e11: flushIndex: setUnconditionally 0 -> -1
2019-08-20 03:21:51,715 INFO  server.RaftServerConfigKeys (ConfUtils.java:logGet(43)) - raft.server.snapshot.auto.trigger.enabled = true (custom)
2019-08-20 03:21:51,716 INFO  server.RaftServerConfigKeys (ConfUtils.java:logGet(43)) - raft.server.snapshot.auto.trigger.threshold = 10000 (custom)
2019-08-20 03:21:51,716 INFO  server.RaftServerConfigKeys (ConfUtils.java:logGet(43)) - raft.server.retrycache.expirytime = 600000ms (custom)
2019-08-20 03:21:51,716 INFO  impl.RaftServerImpl (RaftServerImpl.java:start(180)) - f82856fb-d116-4006-bb10-cc10654ec057: start group-7F7F4D006E11
2019-08-20 03:21:51,716 INFO  impl.RaftServerImpl (RaftServerImpl.java:setRole(171)) - f82856fb-d116-4006-bb10-cc10654ec057:group-7F7F4D006E11 changes role from null to FOLLOWER at term 0 for startAsFollower
2019-08-20 03:21:51,716 INFO  impl.RoleInfo (RoleInfo.java:updateAndGet(143)) - f82856fb-d116-4006-bb10-cc10654ec057: start FollowerState
2019-08-20 03:21:51,717 INFO  util.JmxRegister (JmxRegister.java:tryRegister(44)) - Successfully registered JMX Bean with object name Ratis:service=RaftServer,group=group-7F7F4D006E11,id=f82856fb-d116-4006-bb10-cc10654ec057
2019-08-20 03:21:51,720 INFO  pipeline.PipelineStateManager (PipelineStateManager.java:addPipeline(56)) - Created pipeline Pipeline[ Id: c085d131-50e2-43cb-8376-7f7f4d006e11, Nodes: f82856fb-d116-4006-bb10-cc10654ec057{ip: 192.168.36.123, host: byscane-nightly-kg45w-2568576839, networkLocation: /default-rack, certSerialId: null}, Type:RATIS, Factor:ONE, State:OPEN]
2019-08-20 03:21:51,741 INFO  impl.RaftServerProxy (RaftServerProxy.java:addNew(89)) - 8f621917-e309-448a-b7d2-29ad5c52a25b: addNew group-517F37DA4231:[3cc52965-b24f-4ade-b456-81120ebcb5f7:192.168.36.123:37436, 8f621917-e309-448a-b7d2-29ad5c52a25b:192.168.36.123:36875, f82856fb-d116-4006-bb10-cc10654ec057:192.168.36.123:32774] returns group-517F37DA4231:java.util.concurrent.CompletableFuture@78938723[Not completed]
2019-08-20 03:21:51,742 INFO  impl.RaftServerProxy (RaftServerProxy.java:addNew(89)) - 3cc52965-b24f-4ade-b456-81120ebcb5f7: addNew group-517F37DA4231:[3cc52965-b24f-4ade-b456-81120ebcb5f7:192.168.36.123:37436, 8f621917-e309-448a-b7d2-29ad5c52a25b:192.168.36.123:36875, f82856fb-d116-4006-bb10-cc10654ec057:192.168.36.123:32774] returns group-517F37DA4231:java.util.concurrent.CompletableFuture@45fa46ab[Not completed]
2019-08-20 03:21:51,742 INFO  impl.RaftServerProxy (RaftServerProxy.java:addNew(89)) - f82856fb-d116-4006-bb10-cc10654ec057: addNew group-517F37DA4231:[3cc52965-b24f-4ade-b456-81120ebcb5f7:192.168.36.123:37436, 8f621917-e309-448a-b7d2-29ad5c52a25b:192.168.36.123:36875, f82856fb-d116-4006-bb10-cc10654ec057:192.168.36.123:32774] returns group-517F37DA4231:java.util.concurrent.CompletableFuture@5bdfd6c5[Not completed]
2019-08-20 03:21:51,744 INFO  impl.RaftServerImpl (RaftServerImpl.java:<init>(93)) - 8f621917-e309-448a-b7d2-29ad5c52a25b: new RaftServerImpl for group-517F37DA4231:[3cc52965-b24f-4ade-b456-81120ebcb5f7:192.168.36.123:37436, 8f621917-e309-448a-b7d2-29ad5c52a25b:192.168.36.123:36875, f82856fb-d116-4006-bb10-cc10654ec057:192.168.36.123:32774] with ContainerStateMachine:uninitialized
2019-08-20 03:21:51,744 INFO  server.RaftServerConfigKeys (ConfUtils.java:logGet(43)) - raft.server.rpc.timeout.min = 5s (custom)
2019-08-20 03:21:51,744 INFO  server.RaftServerConfigKeys (ConfUtils.java:logGet(43)) - raft.server.rpc.timeout.max = 5200ms (custom)
2019-08-20 03:21:51,744 INFO  server.RaftServerConfigKeys (ConfUtils.java:logGet(43)) - raft.server.rpcslowness.timeout = 120s (custom)
2019-08-20 03:21:51,745 INFO  server.RaftServerConfigKeys (ConfUtils.java:logGet(43)) - raft.server.sleep.deviation.threshold = 300 (default)
2019-08-20 03:21:51,745 INFO  server.RaftServerConfigKeys (ConfUtils.java:logGet(43)) - raft.server.log.appender.install.snapshot.enabled = false (custom)
2019-08-20 03:21:51,745 INFO  impl.RaftServerImpl (RaftServerImpl.java:<init>(93)) - 3cc52965-b24f-4ade-b456-81120ebcb5f7: new RaftServerImpl for group-517F37DA4231:[3cc52965-b24f-4ade-b456-81120ebcb5f7:192.168.36.123:37436, 8f621917-e309-448a-b7d2-29ad5c52a25b:192.168.36.123:36875, f82856fb-d116-4006-bb10-cc10654ec057:192.168.36.123:32774] with ContainerStateMachine:uninitialized
2019-08-20 03:21:51,745 INFO  impl.RaftServerImpl (ServerState.java:<init>(105)) - 8f621917-e309-448a-b7d2-29ad5c52a25b:group-517F37DA4231 ConfigurationManager, init=-1: [3cc52965-b24f-4ade-b456-81120ebcb5f7:192.168.36.123:37436, 8f621917-e309-448a-b7d2-29ad5c52a25b:192.168.36.123:36875, f82856fb-d116-4006-bb10-cc10654ec057:192.168.36.123:32774], old=null, confs=<EMPTY_MAP>
2019-08-20 03:21:51,745 INFO  server.RaftServerConfigKeys (ConfUtils.java:logGet(43)) - raft.server.rpc.timeout.min = 5s (custom)
2019-08-20 03:21:51,745 INFO  server.RaftServerConfigKeys (ConfUtils.java:logGet(43)) - raft.server.storage.dir = [/workdir/hadoop-ozone/integration-test/target/test-dir/MiniOzoneClusterImpl-84cf6d8e-7da2-4c93-8e7d-b6cdc2cb985f/datanode-0/data/ratis] (custom)
2019-08-20 03:21:51,745 INFO  server.RaftServerConfigKeys (ConfUtils.java:logGet(43)) - raft.server.rpc.timeout.max = 5200ms (custom)
2019-08-20 03:21:51,746 INFO  server.RaftServerConfigKeys (ConfUtils.java:logGet(43)) - raft.server.rpcslowness.timeout = 120s (custom)
2019-08-20 03:21:51,746 INFO  server.RaftServerConfigKeys (ConfUtils.java:logGet(43)) - raft.server.sleep.deviation.threshold = 300 (default)
2019-08-20 03:21:51,746 INFO  storage.RaftStorageDirectory (RaftStorageDirectory.java:analyzeStorage(246)) - The storage directory /workdir/hadoop-ozone/integration-test/target/test-dir/MiniOzoneClusterImpl-84cf6d8e-7da2-4c93-8e7d-b6cdc2cb985f/datanode-0/data/ratis/96623a04-0970-4587-a811-517f37da4231 does not exist. Creating ...
2019-08-20 03:21:51,746 INFO  server.RaftServerConfigKeys (ConfUtils.java:logGet(43)) - raft.server.log.appender.install.snapshot.enabled = false (custom)
2019-08-20 03:21:51,746 INFO  impl.RaftServerImpl (RaftServerImpl.java:<init>(93)) - f82856fb-d116-4006-bb10-cc10654ec057: new RaftServerImpl for group-517F37DA4231:[3cc52965-b24f-4ade-b456-81120ebcb5f7:192.168.36.123:37436, 8f621917-e309-448a-b7d2-29ad5c52a25b:192.168.36.123:36875, f82856fb-d116-4006-bb10-cc10654ec057:192.168.36.123:32774] with ContainerStateMachine:uninitialized
2019-08-20 03:21:51,746 INFO  impl.RaftServerImpl (ServerState.java:<init>(105)) - 3cc52965-b24f-4ade-b456-81120ebcb5f7:group-517F37DA4231 ConfigurationManager, init=-1: [3cc52965-b24f-4ade-b456-81120ebcb5f7:192.168.36.123:37436, 8f621917-e309-448a-b7d2-29ad5c52a25b:192.168.36.123:36875, f82856fb-d116-4006-bb10-cc10654ec057:192.168.36.123:32774], old=null, confs=<EMPTY_MAP>
2019-08-20 03:21:51,747 INFO  server.RaftServerConfigKeys (ConfUtils.java:logGet(43)) - raft.server.rpc.timeout.min = 5s (custom)
2019-08-20 03:21:51,747 INFO  server.RaftServerConfigKeys (ConfUtils.java:logGet(43)) - raft.server.storage.dir = [/workdir/hadoop-ozone/integration-test/target/test-dir/MiniOzoneClusterImpl-84cf6d8e-7da2-4c93-8e7d-b6cdc2cb985f/datanode-1/data/ratis] (custom)
2019-08-20 03:21:51,747 INFO  server.RaftServerConfigKeys (ConfUtils.java:logGet(43)) - raft.server.rpc.timeout.max = 5200ms (custom)
2019-08-20 03:21:51,747 INFO  server.RaftServerConfigKeys (ConfUtils.java:logGet(43)) - raft.server.rpcslowness.timeout = 120s (custom)
2019-08-20 03:21:51,747 INFO  storage.RaftStorageDirectory (RaftStorageDirectory.java:analyzeStorage(246)) - The storage directory /workdir/hadoop-ozone/integration-test/target/test-dir/MiniOzoneClusterImpl-84cf6d8e-7da2-4c93-8e7d-b6cdc2cb985f/datanode-1/data/ratis/96623a04-0970-4587-a811-517f37da4231 does not exist. Creating ...
2019-08-20 03:21:51,747 INFO  server.RaftServerConfigKeys (ConfUtils.java:logGet(43)) - raft.server.sleep.deviation.threshold = 300 (default)
2019-08-20 03:21:51,748 INFO  server.RaftServerConfigKeys (ConfUtils.java:logGet(43)) - raft.server.log.appender.install.snapshot.enabled = false (custom)
2019-08-20 03:21:51,748 INFO  impl.RaftServerImpl (ServerState.java:<init>(105)) - f82856fb-d116-4006-bb10-cc10654ec057:group-517F37DA4231 ConfigurationManager, init=-1: [3cc52965-b24f-4ade-b456-81120ebcb5f7:192.168.36.123:37436, 8f621917-e309-448a-b7d2-29ad5c52a25b:192.168.36.123:36875, f82856fb-d116-4006-bb10-cc10654ec057:192.168.36.123:32774], old=null, confs=<EMPTY_MAP>
2019-08-20 03:21:51,748 INFO  server.RaftServerConfigKeys (ConfUtils.java:logGet(43)) - raft.server.storage.dir = [/workdir/hadoop-ozone/integration-test/target/test-dir/MiniOzoneClusterImpl-84cf6d8e-7da2-4c93-8e7d-b6cdc2cb985f/datanode-2/data/ratis] (custom)
2019-08-20 03:21:51,748 INFO  storage.RaftStorageDirectory (RaftStorageDirectory.java:analyzeStorage(246)) - The storage directory /workdir/hadoop-ozone/integration-test/target/test-dir/MiniOzoneClusterImpl-84cf6d8e-7da2-4c93-8e7d-b6cdc2cb985f/datanode-2/data/ratis/96623a04-0970-4587-a811-517f37da4231 does not exist. Creating ...
2019-08-20 03:21:51,760 INFO  storage.RaftStorageDirectory (RaftStorageDirectory.java:tryLock(328)) - Lock on /workdir/hadoop-ozone/integration-test/target/test-dir/MiniOzoneClusterImpl-84cf6d8e-7da2-4c93-8e7d-b6cdc2cb985f/datanode-0/data/ratis/96623a04-0970-4587-a811-517f37da4231/in_use.lock acquired by nodename 14833@byscane-nightly-kg45w-2568576839
2019-08-20 03:21:51,760 INFO  storage.RaftStorageDirectory (RaftStorageDirectory.java:tryLock(328)) - Lock on /workdir/hadoop-ozone/integration-test/target/test-dir/MiniOzoneClusterImpl-84cf6d8e-7da2-4c93-8e7d-b6cdc2cb985f/datanode-2/data/ratis/96623a04-0970-4587-a811-517f37da4231/in_use.lock acquired by nodename 14833@byscane-nightly-kg45w-2568576839
2019-08-20 03:21:51,760 INFO  storage.RaftStorageDirectory (RaftStorageDirectory.java:tryLock(328)) - Lock on /workdir/hadoop-ozone/integration-test/target/test-dir/MiniOzoneClusterImpl-84cf6d8e-7da2-4c93-8e7d-b6cdc2cb985f/datanode-1/data/ratis/96623a04-0970-4587-a811-517f37da4231/in_use.lock acquired by nodename 14833@byscane-nightly-kg45w-2568576839
2019-08-20 03:21:51,774 INFO  storage.RaftStorage (RaftStorage.java:format(72)) - Storage directory /workdir/hadoop-ozone/integration-test/target/test-dir/MiniOzoneClusterImpl-84cf6d8e-7da2-4c93-8e7d-b6cdc2cb985f/datanode-0/data/ratis/96623a04-0970-4587-a811-517f37da4231 has been successfully formatted.
2019-08-20 03:21:51,774 INFO  storage.RaftStorage (RaftStorage.java:format(72)) - Storage directory /workdir/hadoop-ozone/integration-test/target/test-dir/MiniOzoneClusterImpl-84cf6d8e-7da2-4c93-8e7d-b6cdc2cb985f/datanode-1/data/ratis/96623a04-0970-4587-a811-517f37da4231 has been successfully formatted.
2019-08-20 03:21:51,774 INFO  storage.RaftStorage (RaftStorage.java:format(72)) - Storage directory /workdir/hadoop-ozone/integration-test/target/test-dir/MiniOzoneClusterImpl-84cf6d8e-7da2-4c93-8e7d-b6cdc2cb985f/datanode-2/data/ratis/96623a04-0970-4587-a811-517f37da4231 has been successfully formatted.
2019-08-20 03:21:51,774 INFO  ratis.ContainerStateMachine (ContainerStateMachine.java:loadSnapshot(213)) - group-517F37DA4231: The snapshot info is null. Setting the last applied indexto:(t:0, i:~)
2019-08-20 03:21:51,774 INFO  ratis.ContainerStateMachine (ContainerStateMachine.java:loadSnapshot(213)) - group-517F37DA4231: The snapshot info is null. Setting the last applied indexto:(t:0, i:~)
2019-08-20 03:21:51,774 INFO  ratis.ContainerStateMachine (ContainerStateMachine.java:loadSnapshot(213)) - group-517F37DA4231: The snapshot info is null. Setting the last applied indexto:(t:0, i:~)
2019-08-20 03:21:51,774 INFO  server.RaftServerConfigKeys (ConfUtils.java:logGet(43)) - raft.server.leader.election.timeout = 120s (custom)
2019-08-20 03:21:51,774 INFO  server.RaftServerConfigKeys (ConfUtils.java:logGet(43)) - raft.server.leader.election.timeout = 120s (custom)
2019-08-20 03:21:51,775 INFO  server.RaftServerConfigKeys (ConfUtils.java:logGet(43)) - raft.server.log.use.memory = false (default)
2019-08-20 03:21:51,775 INFO  server.RaftServerConfigKeys (ConfUtils.java:logGet(43)) - raft.server.leader.election.timeout = 120s (custom)
2019-08-20 03:21:51,775 INFO  server.RaftServerConfigKeys (ConfUtils.java:logGet(43)) - raft.server.log.purge.gap = 1000000000 (custom)
2019-08-20 03:21:51,775 INFO  server.RaftServerConfigKeys (ConfUtils.java:logGet(43)) - raft.server.log.use.memory = false (default)
2019-08-20 03:21:51,775 INFO  server.RaftServerConfigKeys (ConfUtils.java:logGet(43)) - raft.server.log.appender.buffer.byte-limit = 33554432 (custom)
2019-08-20 03:21:51,775 INFO  server.RaftServerConfigKeys (ConfUtils.java:logGet(43)) - raft.server.log.use.memory = false (default)
2019-08-20 03:21:51,776 INFO  server.RaftServerConfigKeys (ConfUtils.java:logGet(43)) - raft.server.log.segment.size.max = 1048576 (custom)
2019-08-20 03:21:51,776 INFO  server.RaftServerConfigKeys (ConfUtils.java:logGet(43)) - raft.server.log.purge.gap = 1000000000 (custom)
2019-08-20 03:21:51,776 INFO  server.RaftServerConfigKeys (ConfUtils.java:logGet(43)) - raft.server.log.segment.cache.num.max = 2 (custom)
2019-08-20 03:21:51,776 INFO  server.RaftServerConfigKeys (ConfUtils.java:logGet(43)) - raft.server.log.purge.gap = 1000000000 (custom)
2019-08-20 03:21:51,776 INFO  segmented.SegmentedRaftLogWorker (SegmentedRaftLogWorker.java:<init>(172)) - new f82856fb-d116-4006-bb10-cc10654ec057-SegmentedRaftLogWorker:Storage Directory /workdir/hadoop-ozone/integration-test/target/test-dir/MiniOzoneClusterImpl-84cf6d8e-7da2-4c93-8e7d-b6cdc2cb985f/datanode-2/data/ratis/96623a04-0970-4587-a811-517f37da4231 for RaftStorage:Storage Directory /workdir/hadoop-ozone/integration-test/target/test-dir/MiniOzoneClusterImpl-84cf6d8e-7da2-4c93-8e7d-b6cdc2cb985f/datanode-2/data/ratis/96623a04-0970-4587-a811-517f37da4231
2019-08-20 03:21:51,776 INFO  server.RaftServerConfigKeys (ConfUtils.java:logGet(43)) - raft.server.log.appender.buffer.byte-limit = 33554432 (custom)
2019-08-20 03:21:51,777 INFO  server.RaftServerConfigKeys (ConfUtils.java:logGet(43)) - raft.server.log.queue.byte-limit = 2147483647 (custom)
2019-08-20 03:21:51,777 INFO  server.RaftServerConfigKeys (ConfUtils.java:logGet(43)) - raft.server.log.appender.buffer.byte-limit = 33554432 (custom)
2019-08-20 03:21:51,777 INFO  server.RaftServerConfigKeys (ConfUtils.java:logGet(43)) - raft.server.log.queue.element-limit = 1024 (custom)
2019-08-20 03:21:51,777 INFO  server.RaftServerConfigKeys (ConfUtils.java:logGet(43)) - raft.server.log.segment.size.max = 1048576 (custom)
2019-08-20 03:21:51,777 INFO  server.RaftServerConfigKeys (ConfUtils.java:logGet(43)) - raft.server.log.segment.size.max = 1048576 (custom)
2019-08-20 03:21:51,777 INFO  server.RaftServerConfigKeys (ConfUtils.java:logGet(43)) - raft.server.log.segment.size.max = 1048576 (custom)
2019-08-20 03:21:51,778 INFO  server.RaftServerConfigKeys (ConfUtils.java:logGet(43)) - raft.server.log.preallocated.size = 16384 (custom)
2019-08-20 03:21:51,778 INFO  server.RaftServerConfigKeys (ConfUtils.java:logGet(43)) - raft.server.log.segment.cache.num.max = 2 (custom)
2019-08-20 03:21:51,778 INFO  server.RaftServerConfigKeys (ConfUtils.java:logGet(43)) - raft.server.log.write.buffer.size = 33554432 (custom)
2019-08-20 03:21:51,778 INFO  server.RaftServerConfigKeys (ConfUtils.java:logGet(43)) - raft.server.log.segment.cache.num.max = 2 (custom)
2019-08-20 03:21:51,778 INFO  server.RaftServerConfigKeys (ConfUtils.java:logGet(43)) - raft.server.log.force.sync.num = 128 (default)
2019-08-20 03:21:51,778 INFO  segmented.SegmentedRaftLogWorker (SegmentedRaftLogWorker.java:<init>(172)) - new 8f621917-e309-448a-b7d2-29ad5c52a25b-SegmentedRaftLogWorker:Storage Directory /workdir/hadoop-ozone/integration-test/target/test-dir/MiniOzoneClusterImpl-84cf6d8e-7da2-4c93-8e7d-b6cdc2cb985f/datanode-0/data/ratis/96623a04-0970-4587-a811-517f37da4231 for RaftStorage:Storage Directory /workdir/hadoop-ozone/integration-test/target/test-dir/MiniOzoneClusterImpl-84cf6d8e-7da2-4c93-8e7d-b6cdc2cb985f/datanode-0/data/ratis/96623a04-0970-4587-a811-517f37da4231
2019-08-20 03:21:51,779 INFO  server.RaftServerConfigKeys (ConfUtils.java:logGet(43)) - raft.server.log.statemachine.data.sync = true (default)
2019-08-20 03:21:51,779 INFO  segmented.SegmentedRaftLogWorker (SegmentedRaftLogWorker.java:<init>(172)) - new 3cc52965-b24f-4ade-b456-81120ebcb5f7-SegmentedRaftLogWorker:Storage Directory /workdir/hadoop-ozone/integration-test/target/test-dir/MiniOzoneClusterImpl-84cf6d8e-7da2-4c93-8e7d-b6cdc2cb985f/datanode-1/data/ratis/96623a04-0970-4587-a811-517f37da4231 for RaftStorage:Storage Directory /workdir/hadoop-ozone/integration-test/target/test-dir/MiniOzoneClusterImpl-84cf6d8e-7da2-4c93-8e7d-b6cdc2cb985f/datanode-1/data/ratis/96623a04-0970-4587-a811-517f37da4231
2019-08-20 03:21:51,779 INFO  server.RaftServerConfigKeys (ConfUtils.java:logGet(43)) - raft.server.log.statemachine.data.sync.timeout = 10s (default)
2019-08-20 03:21:51,779 INFO  server.RaftServerConfigKeys (ConfUtils.java:logGet(43)) - raft.server.log.queue.byte-limit = 2147483647 (custom)
2019-08-20 03:21:51,779 INFO  server.RaftServerConfigKeys (ConfUtils.java:logGet(43)) - raft.server.log.statemachine.data.sync.timeout.retry = -1 (default)
2019-08-20 03:21:51,779 INFO  server.RaftServerConfigKeys (ConfUtils.java:logGet(43)) - raft.server.log.queue.byte-limit = 2147483647 (custom)
2019-08-20 03:21:51,780 INFO  server.RaftServerConfigKeys (ConfUtils.java:logGet(43)) - raft.server.log.statemachine.data.caching.enabled = true (custom)
2019-08-20 03:21:51,780 INFO  server.RaftServerConfigKeys (ConfUtils.java:logGet(43)) - raft.server.log.queue.element-limit = 1024 (custom)
2019-08-20 03:21:51,780 INFO  server.RaftServerConfigKeys (ConfUtils.java:logGet(43)) - raft.server.log.queue.element-limit = 1024 (custom)
2019-08-20 03:21:51,780 INFO  server.RaftServerConfigKeys (ConfUtils.java:logGet(43)) - raft.server.log.segment.size.max = 1048576 (custom)
2019-08-20 03:21:51,780 INFO  segmented.SegmentedRaftLogWorker (SegmentedRaftLogWorker.java:lambda$new$0(132)) - f82856fb-d116-4006-bb10-cc10654ec057-SegmentedRaftLogWorker:Storage Directory /workdir/hadoop-ozone/integration-test/target/test-dir/MiniOzoneClusterImpl-84cf6d8e-7da2-4c93-8e7d-b6cdc2cb985f/datanode-2/data/ratis/96623a04-0970-4587-a811-517f37da4231: flushIndex: setUnconditionally 0 -> -1
2019-08-20 03:21:51,781 INFO  server.RaftServerConfigKeys (ConfUtils.java:logGet(43)) - raft.server.log.preallocated.size = 16384 (custom)
2019-08-20 03:21:51,780 INFO  server.RaftServerConfigKeys (ConfUtils.java:logGet(43)) - raft.server.log.segment.size.max = 1048576 (custom)
2019-08-20 03:21:51,781 INFO  server.RaftServerConfigKeys (ConfUtils.java:logGet(43)) - raft.server.snapshot.auto.trigger.enabled = true (custom)
2019-08-20 03:21:51,781 INFO  server.RaftServerConfigKeys (ConfUtils.java:logGet(43)) - raft.server.log.write.buffer.size = 33554432 (custom)
2019-08-20 03:21:51,781 INFO  server.RaftServerConfigKeys (ConfUtils.java:logGet(43)) - raft.server.snapshot.auto.trigger.threshold = 10000 (custom)
2019-08-20 03:21:51,781 INFO  server.RaftServerConfigKeys (ConfUtils.java:logGet(43)) - raft.server.log.preallocated.size = 16384 (custom)
2019-08-20 03:21:51,782 INFO  server.RaftServerConfigKeys (ConfUtils.java:logGet(43)) - raft.server.retrycache.expirytime = 600000ms (custom)
2019-08-20 03:21:51,781 INFO  server.RaftServerConfigKeys (ConfUtils.java:logGet(43)) - raft.server.log.force.sync.num = 128 (default)
2019-08-20 03:21:51,782 INFO  impl.RaftServerImpl (RaftServerImpl.java:start(180)) - f82856fb-d116-4006-bb10-cc10654ec057: start group-517F37DA4231
2019-08-20 03:21:51,782 INFO  impl.RaftServerImpl (RaftServerImpl.java:setRole(171)) - f82856fb-d116-4006-bb10-cc10654ec057:group-517F37DA4231 changes role from null to FOLLOWER at term 0 for startAsFollower
2019-08-20 03:21:51,782 INFO  server.RaftServerConfigKeys (ConfUtils.java:logGet(43)) - raft.server.log.write.buffer.size = 33554432 (custom)
2019-08-20 03:21:51,782 INFO  impl.RoleInfo (RoleInfo.java:updateAndGet(143)) - f82856fb-d116-4006-bb10-cc10654ec057: start FollowerState
2019-08-20 03:21:51,782 INFO  server.RaftServerConfigKeys (ConfUtils.java:logGet(43)) - raft.server.log.statemachine.data.sync = true (default)
2019-08-20 03:21:51,783 INFO  server.RaftServerConfigKeys (ConfUtils.java:logGet(43)) - raft.server.log.force.sync.num = 128 (default)
2019-08-20 03:21:51,783 INFO  server.RaftServerConfigKeys (ConfUtils.java:logGet(43)) - raft.server.log.statemachine.data.sync.timeout = 10s (default)
2019-08-20 03:21:51,803 INFO  server.RaftServerConfigKeys (ConfUtils.java:logGet(43)) - raft.server.log.statemachine.data.sync = true (default)
2019-08-20 03:21:51,803 INFO  util.JmxRegister (JmxRegister.java:tryRegister(44)) - Successfully registered JMX Bean with object name Ratis:service=RaftServer,group=group-517F37DA4231,id=f82856fb-d116-4006-bb10-cc10654ec057
2019-08-20 03:21:51,803 INFO  server.RaftServerConfigKeys (ConfUtils.java:logGet(43)) - raft.server.log.statemachine.data.sync.timeout = 10s (default)
2019-08-20 03:21:51,803 INFO  server.RaftServerConfigKeys (ConfUtils.java:logGet(43)) - raft.server.log.statemachine.data.sync.timeout.retry = -1 (default)
2019-08-20 03:21:51,804 INFO  server.RaftServerConfigKeys (ConfUtils.java:logGet(43)) - raft.server.log.statemachine.data.sync.timeout.retry = -1 (default)
2019-08-20 03:21:51,813 INFO  server.RaftServerConfigKeys (ConfUtils.java:logGet(43)) - raft.server.log.statemachine.data.caching.enabled = true (custom)
2019-08-20 03:21:51,814 INFO  server.RaftServerConfigKeys (ConfUtils.java:logGet(43)) - raft.server.log.statemachine.data.caching.enabled = true (custom)
2019-08-20 03:21:51,814 INFO  segmented.SegmentedRaftLogWorker (SegmentedRaftLogWorker.java:lambda$new$0(132)) - 3cc52965-b24f-4ade-b456-81120ebcb5f7-SegmentedRaftLogWorker:Storage Directory /workdir/hadoop-ozone/integration-test/target/test-dir/MiniOzoneClusterImpl-84cf6d8e-7da2-4c93-8e7d-b6cdc2cb985f/datanode-1/data/ratis/96623a04-0970-4587-a811-517f37da4231: flushIndex: setUnconditionally 0 -> -1
2019-08-20 03:21:51,814 INFO  segmented.SegmentedRaftLogWorker (SegmentedRaftLogWorker.java:lambda$new$0(132)) - 8f621917-e309-448a-b7d2-29ad5c52a25b-SegmentedRaftLogWorker:Storage Directory /workdir/hadoop-ozone/integration-test/target/test-dir/MiniOzoneClusterImpl-84cf6d8e-7da2-4c93-8e7d-b6cdc2cb985f/datanode-0/data/ratis/96623a04-0970-4587-a811-517f37da4231: flushIndex: setUnconditionally 0 -> -1
2019-08-20 03:21:51,815 INFO  server.RaftServerConfigKeys (ConfUtils.java:logGet(43)) - raft.server.snapshot.auto.trigger.enabled = true (custom)
2019-08-20 03:21:51,815 INFO  server.RaftServerConfigKeys (ConfUtils.java:logGet(43)) - raft.server.snapshot.auto.trigger.threshold = 10000 (custom)
2019-08-20 03:21:51,815 INFO  server.RaftServerConfigKeys (ConfUtils.java:logGet(43)) - raft.server.snapshot.auto.trigger.enabled = true (custom)
2019-08-20 03:21:51,815 INFO  server.RaftServerConfigKeys (ConfUtils.java:logGet(43)) - raft.server.retrycache.expirytime = 600000ms (custom)
2019-08-20 03:21:51,815 INFO  server.RaftServerConfigKeys (ConfUtils.java:logGet(43)) - raft.server.snapshot.auto.trigger.threshold = 10000 (custom)
2019-08-20 03:21:51,815 INFO  impl.RaftServerImpl (RaftServerImpl.java:start(180)) - 3cc52965-b24f-4ade-b456-81120ebcb5f7: start group-517F37DA4231
2019-08-20 03:21:51,815 INFO  server.RaftServerConfigKeys (ConfUtils.java:logGet(43)) - raft.server.retrycache.expirytime = 600000ms (custom)
2019-08-20 03:21:51,815 INFO  impl.RaftServerImpl (RaftServerImpl.java:setRole(171)) - 3cc52965-b24f-4ade-b456-81120ebcb5f7:group-517F37DA4231 changes role from null to FOLLOWER at term 0 for startAsFollower
2019-08-20 03:21:51,816 INFO  impl.RaftServerImpl (RaftServerImpl.java:start(180)) - 8f621917-e309-448a-b7d2-29ad5c52a25b: start group-517F37DA4231
2019-08-20 03:21:51,816 INFO  impl.RoleInfo (RoleInfo.java:updateAndGet(143)) - 3cc52965-b24f-4ade-b456-81120ebcb5f7: start FollowerState
2019-08-20 03:21:51,816 INFO  impl.RaftServerImpl (RaftServerImpl.java:setRole(171)) - 8f621917-e309-448a-b7d2-29ad5c52a25b:group-517F37DA4231 changes role from null to FOLLOWER at term 0 for startAsFollower
2019-08-20 03:21:51,816 INFO  impl.RoleInfo (RoleInfo.java:updateAndGet(143)) - 8f621917-e309-448a-b7d2-29ad5c52a25b: start FollowerState
2019-08-20 03:21:51,816 INFO  util.JmxRegister (JmxRegister.java:tryRegister(44)) - Successfully registered JMX Bean with object name Ratis:service=RaftServer,group=group-517F37DA4231,id=3cc52965-b24f-4ade-b456-81120ebcb5f7
2019-08-20 03:21:51,817 INFO  util.JmxRegister (JmxRegister.java:tryRegister(44)) - Successfully registered JMX Bean with object name Ratis:service=RaftServer,group=group-517F37DA4231,id=8f621917-e309-448a-b7d2-29ad5c52a25b
2019-08-20 03:21:51,820 INFO  pipeline.PipelineStateManager (PipelineStateManager.java:addPipeline(56)) - Created pipeline Pipeline[ Id: 96623a04-0970-4587-a811-517f37da4231, Nodes: 8f621917-e309-448a-b7d2-29ad5c52a25b{ip: 192.168.36.123, host: byscane-nightly-kg45w-2568576839, networkLocation: /default-rack, certSerialId: null}f82856fb-d116-4006-bb10-cc10654ec057{ip: 192.168.36.123, host: byscane-nightly-kg45w-2568576839, networkLocation: /default-rack, certSerialId: null}3cc52965-b24f-4ade-b456-81120ebcb5f7{ip: 192.168.36.123, host: byscane-nightly-kg45w-2568576839, networkLocation: /default-rack, certSerialId: null}, Type:RATIS, Factor:THREE, State:OPEN]
2019-08-20 03:21:51,867 INFO  net.NetworkTopology (NetworkTopologyImpl.java:add(110)) - Added a new node: /default-rack/feb5a246-eecb-488b-8c66-a6561a6d2dd6
2019-08-20 03:21:51,868 INFO  node.SCMNodeManager (SCMNodeManager.java:register(273)) - Registered Data node : feb5a246-eecb-488b-8c66-a6561a6d2dd6{ip: 192.168.36.123, host: byscane-nightly-kg45w-2568576839, networkLocation: /default-rack, certSerialId: null}
2019-08-20 03:21:51,880 INFO  impl.RaftServerProxy (RaftServerProxy.java:addNew(89)) - feb5a246-eecb-488b-8c66-a6561a6d2dd6: addNew group-5ACFF0AB292B:[feb5a246-eecb-488b-8c66-a6561a6d2dd6:192.168.36.123:35979] returns group-5ACFF0AB292B:java.util.concurrent.CompletableFuture@1529c173[Not completed]
2019-08-20 03:21:51,886 INFO  impl.RaftServerImpl (RaftServerImpl.java:<init>(93)) - feb5a246-eecb-488b-8c66-a6561a6d2dd6: new RaftServerImpl for group-5ACFF0AB292B:[feb5a246-eecb-488b-8c66-a6561a6d2dd6:192.168.36.123:35979] with ContainerStateMachine:uninitialized
2019-08-20 03:21:51,886 INFO  server.RaftServerConfigKeys (ConfUtils.java:logGet(43)) - raft.server.rpc.timeout.min = 5s (custom)
2019-08-20 03:21:51,887 INFO  server.RaftServerConfigKeys (ConfUtils.java:logGet(43)) - raft.server.rpc.timeout.max = 5200ms (custom)
2019-08-20 03:21:51,887 INFO  server.RaftServerConfigKeys (ConfUtils.java:logGet(43)) - raft.server.rpcslowness.timeout = 120s (custom)
2019-08-20 03:21:51,887 INFO  server.RaftServerConfigKeys (ConfUtils.java:logGet(43)) - raft.server.sleep.deviation.threshold = 300 (default)
2019-08-20 03:21:51,887 INFO  server.RaftServerConfigKeys (ConfUtils.java:logGet(43)) - raft.server.log.appender.install.snapshot.enabled = false (custom)
2019-08-20 03:21:51,888 INFO  impl.RaftServerImpl (ServerState.java:<init>(105)) - feb5a246-eecb-488b-8c66-a6561a6d2dd6:group-5ACFF0AB292B ConfigurationManager, init=-1: [feb5a246-eecb-488b-8c66-a6561a6d2dd6:192.168.36.123:35979], old=null, confs=<EMPTY_MAP>
2019-08-20 03:21:51,888 INFO  server.RaftServerConfigKeys (ConfUtils.java:logGet(43)) - raft.server.storage.dir = [/workdir/hadoop-ozone/integration-test/target/test-dir/MiniOzoneClusterImpl-84cf6d8e-7da2-4c93-8e7d-b6cdc2cb985f/datanode-3/data/ratis] (custom)
2019-08-20 03:21:51,889 INFO  storage.RaftStorageDirectory (RaftStorageDirectory.java:analyzeStorage(246)) - The storage directory /workdir/hadoop-ozone/integration-test/target/test-dir/MiniOzoneClusterImpl-84cf6d8e-7da2-4c93-8e7d-b6cdc2cb985f/datanode-3/data/ratis/dd6f371e-2f5d-4994-8584-5acff0ab292b does not exist. Creating ...
2019-08-20 03:21:51,914 INFO  storage.RaftStorageDirectory (RaftStorageDirectory.java:tryLock(328)) - Lock on /workdir/hadoop-ozone/integration-test/target/test-dir/MiniOzoneClusterImpl-84cf6d8e-7da2-4c93-8e7d-b6cdc2cb985f/datanode-3/data/ratis/dd6f371e-2f5d-4994-8584-5acff0ab292b/in_use.lock acquired by nodename 14833@byscane-nightly-kg45w-2568576839
2019-08-20 03:21:51,928 INFO  storage.RaftStorage (RaftStorage.java:format(72)) - Storage directory /workdir/hadoop-ozone/integration-test/target/test-dir/MiniOzoneClusterImpl-84cf6d8e-7da2-4c93-8e7d-b6cdc2cb985f/datanode-3/data/ratis/dd6f371e-2f5d-4994-8584-5acff0ab292b has been successfully formatted.
2019-08-20 03:21:51,928 INFO  ratis.ContainerStateMachine (ContainerStateMachine.java:loadSnapshot(213)) - group-5ACFF0AB292B: The snapshot info is null. Setting the last applied indexto:(t:0, i:~)
2019-08-20 03:21:51,928 INFO  server.RaftServerConfigKeys (ConfUtils.java:logGet(43)) - raft.server.leader.election.timeout = 120s (custom)
2019-08-20 03:21:51,928 INFO  server.RaftServerConfigKeys (ConfUtils.java:logGet(43)) - raft.server.log.use.memory = false (default)
2019-08-20 03:21:51,928 INFO  server.RaftServerConfigKeys (ConfUtils.java:logGet(43)) - raft.server.log.purge.gap = 1000000000 (custom)
2019-08-20 03:21:51,928 INFO  server.RaftServerConfigKeys (ConfUtils.java:logGet(43)) - raft.server.log.appender.buffer.byte-limit = 33554432 (custom)
2019-08-20 03:21:51,929 INFO  server.RaftServerConfigKeys (ConfUtils.java:logGet(43)) - raft.server.log.segment.size.max = 1048576 (custom)
2019-08-20 03:21:51,929 INFO  server.RaftServerConfigKeys (ConfUtils.java:logGet(43)) - raft.server.log.segment.cache.num.max = 2 (custom)
2019-08-20 03:21:51,929 INFO  segmented.SegmentedRaftLogWorker (SegmentedRaftLogWorker.java:<init>(172)) - new feb5a246-eecb-488b-8c66-a6561a6d2dd6-SegmentedRaftLogWorker:Storage Directory /workdir/hadoop-ozone/integration-test/target/test-dir/MiniOzoneClusterImpl-84cf6d8e-7da2-4c93-8e7d-b6cdc2cb985f/datanode-3/data/ratis/dd6f371e-2f5d-4994-8584-5acff0ab292b for RaftStorage:Storage Directory /workdir/hadoop-ozone/integration-test/target/test-dir/MiniOzoneClusterImpl-84cf6d8e-7da2-4c93-8e7d-b6cdc2cb985f/datanode-3/data/ratis/dd6f371e-2f5d-4994-8584-5acff0ab292b
2019-08-20 03:21:51,929 INFO  server.RaftServerConfigKeys (ConfUtils.java:logGet(43)) - raft.server.log.queue.byte-limit = 2147483647 (custom)
2019-08-20 03:21:51,929 INFO  server.RaftServerConfigKeys (ConfUtils.java:logGet(43)) - raft.server.log.queue.element-limit = 1024 (custom)
2019-08-20 03:21:51,930 INFO  server.RaftServerConfigKeys (ConfUtils.java:logGet(43)) - raft.server.log.segment.size.max = 1048576 (custom)
2019-08-20 03:21:51,930 INFO  server.RaftServerConfigKeys (ConfUtils.java:logGet(43)) - raft.server.log.preallocated.size = 16384 (custom)
2019-08-20 03:21:51,930 INFO  server.RaftServerConfigKeys (ConfUtils.java:logGet(43)) - raft.server.log.write.buffer.size = 33554432 (custom)
2019-08-20 03:21:51,930 INFO  server.RaftServerConfigKeys (ConfUtils.java:logGet(43)) - raft.server.log.force.sync.num = 128 (default)
2019-08-20 03:21:51,930 INFO  server.RaftServerConfigKeys (ConfUtils.java:logGet(43)) - raft.server.log.statemachine.data.sync = true (default)
2019-08-20 03:21:51,930 INFO  server.RaftServerConfigKeys (ConfUtils.java:logGet(43)) - raft.server.log.statemachine.data.sync.timeout = 10s (default)
2019-08-20 03:21:51,931 INFO  server.RaftServerConfigKeys (ConfUtils.java:logGet(43)) - raft.server.log.statemachine.data.sync.timeout.retry = -1 (default)
2019-08-20 03:21:51,931 INFO  server.RaftServerConfigKeys (ConfUtils.java:logGet(43)) - raft.server.log.statemachine.data.caching.enabled = true (custom)
2019-08-20 03:21:51,931 INFO  segmented.SegmentedRaftLogWorker (SegmentedRaftLogWorker.java:lambda$new$0(132)) - feb5a246-eecb-488b-8c66-a6561a6d2dd6-SegmentedRaftLogWorker:Storage Directory /workdir/hadoop-ozone/integration-test/target/test-dir/MiniOzoneClusterImpl-84cf6d8e-7da2-4c93-8e7d-b6cdc2cb985f/datanode-3/data/ratis/dd6f371e-2f5d-4994-8584-5acff0ab292b: flushIndex: setUnconditionally 0 -> -1
2019-08-20 03:21:51,932 INFO  server.RaftServerConfigKeys (ConfUtils.java:logGet(43)) - raft.server.snapshot.auto.trigger.enabled = true (custom)
2019-08-20 03:21:51,932 INFO  server.RaftServerConfigKeys (ConfUtils.java:logGet(43)) - raft.server.snapshot.auto.trigger.threshold = 10000 (custom)
2019-08-20 03:21:51,932 INFO  server.RaftServerConfigKeys (ConfUtils.java:logGet(43)) - raft.server.retrycache.expirytime = 600000ms (custom)
2019-08-20 03:21:51,932 INFO  impl.RaftServerImpl (RaftServerImpl.java:start(180)) - feb5a246-eecb-488b-8c66-a6561a6d2dd6: start group-5ACFF0AB292B
2019-08-20 03:21:51,932 INFO  impl.RaftServerImpl (RaftServerImpl.java:setRole(171)) - feb5a246-eecb-488b-8c66-a6561a6d2dd6:group-5ACFF0AB292B changes role from null to FOLLOWER at term 0 for startAsFollower
2019-08-20 03:21:51,932 INFO  impl.RoleInfo (RoleInfo.java:updateAndGet(143)) - feb5a246-eecb-488b-8c66-a6561a6d2dd6: start FollowerState
2019-08-20 03:21:51,933 INFO  util.JmxRegister (JmxRegister.java:tryRegister(44)) - Successfully registered JMX Bean with object name Ratis:service=RaftServer,group=group-5ACFF0AB292B,id=feb5a246-eecb-488b-8c66-a6561a6d2dd6
2019-08-20 03:21:51,936 INFO  pipeline.PipelineStateManager (PipelineStateManager.java:addPipeline(56)) - Created pipeline Pipeline[ Id: dd6f371e-2f5d-4994-8584-5acff0ab292b, Nodes: feb5a246-eecb-488b-8c66-a6561a6d2dd6{ip: 192.168.36.123, host: byscane-nightly-kg45w-2568576839, networkLocation: /default-rack, certSerialId: null}, Type:RATIS, Factor:ONE, State:OPEN]
2019-08-20 03:21:52,222 INFO  net.NetworkTopology (NetworkTopologyImpl.java:add(110)) - Added a new node: /default-rack/af76d286-0381-46ea-bc73-c25b997719ac
2019-08-20 03:21:52,222 INFO  node.SCMNodeManager (SCMNodeManager.java:register(273)) - Registered Data node : af76d286-0381-46ea-bc73-c25b997719ac{ip: 192.168.36.123, host: byscane-nightly-kg45w-2568576839, networkLocation: /default-rack, certSerialId: null}
2019-08-20 03:21:52,237 INFO  impl.RaftServerProxy (RaftServerProxy.java:addNew(89)) - af76d286-0381-46ea-bc73-c25b997719ac: addNew group-63EC6CCED95F:[af76d286-0381-46ea-bc73-c25b997719ac:192.168.36.123:39714] returns group-63EC6CCED95F:java.util.concurrent.CompletableFuture@412983b7[Not completed]
2019-08-20 03:21:52,243 INFO  impl.RaftServerImpl (RaftServerImpl.java:<init>(93)) - af76d286-0381-46ea-bc73-c25b997719ac: new RaftServerImpl for group-63EC6CCED95F:[af76d286-0381-46ea-bc73-c25b997719ac:192.168.36.123:39714] with ContainerStateMachine:uninitialized
2019-08-20 03:21:52,244 INFO  server.RaftServerConfigKeys (ConfUtils.java:logGet(43)) - raft.server.rpc.timeout.min = 5s (custom)
2019-08-20 03:21:52,244 INFO  server.RaftServerConfigKeys (ConfUtils.java:logGet(43)) - raft.server.rpc.timeout.max = 5200ms (custom)
2019-08-20 03:21:52,244 INFO  server.RaftServerConfigKeys (ConfUtils.java:logGet(43)) - raft.server.rpcslowness.timeout = 120s (custom)
2019-08-20 03:21:52,244 INFO  server.RaftServerConfigKeys (ConfUtils.java:logGet(43)) - raft.server.sleep.deviation.threshold = 300 (default)
2019-08-20 03:21:52,244 INFO  server.RaftServerConfigKeys (ConfUtils.java:logGet(43)) - raft.server.log.appender.install.snapshot.enabled = false (custom)
2019-08-20 03:21:52,245 INFO  impl.RaftServerImpl (ServerState.java:<init>(105)) - af76d286-0381-46ea-bc73-c25b997719ac:group-63EC6CCED95F ConfigurationManager, init=-1: [af76d286-0381-46ea-bc73-c25b997719ac:192.168.36.123:39714], old=null, confs=<EMPTY_MAP>
2019-08-20 03:21:52,245 INFO  server.RaftServerConfigKeys (ConfUtils.java:logGet(43)) - raft.server.storage.dir = [/workdir/hadoop-ozone/integration-test/target/test-dir/MiniOzoneClusterImpl-84cf6d8e-7da2-4c93-8e7d-b6cdc2cb985f/datanode-4/data/ratis] (custom)
2019-08-20 03:21:52,245 INFO  storage.RaftStorageDirectory (RaftStorageDirectory.java:analyzeStorage(246)) - The storage directory /workdir/hadoop-ozone/integration-test/target/test-dir/MiniOzoneClusterImpl-84cf6d8e-7da2-4c93-8e7d-b6cdc2cb985f/datanode-4/data/ratis/4a821784-780b-4756-9ab4-63ec6cced95f does not exist. Creating ...
2019-08-20 03:21:52,270 INFO  storage.RaftStorageDirectory (RaftStorageDirectory.java:tryLock(328)) - Lock on /workdir/hadoop-ozone/integration-test/target/test-dir/MiniOzoneClusterImpl-84cf6d8e-7da2-4c93-8e7d-b6cdc2cb985f/datanode-4/data/ratis/4a821784-780b-4756-9ab4-63ec6cced95f/in_use.lock acquired by nodename 14833@byscane-nightly-kg45w-2568576839
2019-08-20 03:21:52,283 INFO  storage.RaftStorage (RaftStorage.java:format(72)) - Storage directory /workdir/hadoop-ozone/integration-test/target/test-dir/MiniOzoneClusterImpl-84cf6d8e-7da2-4c93-8e7d-b6cdc2cb985f/datanode-4/data/ratis/4a821784-780b-4756-9ab4-63ec6cced95f has been successfully formatted.
2019-08-20 03:21:52,284 INFO  ratis.ContainerStateMachine (ContainerStateMachine.java:loadSnapshot(213)) - group-63EC6CCED95F: The snapshot info is null. Setting the last applied indexto:(t:0, i:~)
2019-08-20 03:21:52,284 INFO  server.RaftServerConfigKeys (ConfUtils.java:logGet(43)) - raft.server.leader.election.timeout = 120s (custom)
2019-08-20 03:21:52,284 INFO  server.RaftServerConfigKeys (ConfUtils.java:logGet(43)) - raft.server.log.use.memory = false (default)
2019-08-20 03:21:52,284 INFO  server.RaftServerConfigKeys (ConfUtils.java:logGet(43)) - raft.server.log.purge.gap = 1000000000 (custom)
2019-08-20 03:21:52,285 INFO  server.RaftServerConfigKeys (ConfUtils.java:logGet(43)) - raft.server.log.appender.buffer.byte-limit = 33554432 (custom)
2019-08-20 03:21:52,285 INFO  server.RaftServerConfigKeys (ConfUtils.java:logGet(43)) - raft.server.log.segment.size.max = 1048576 (custom)
2019-08-20 03:21:52,285 INFO  server.RaftServerConfigKeys (ConfUtils.java:logGet(43)) - raft.server.log.segment.cache.num.max = 2 (custom)
2019-08-20 03:21:52,285 INFO  segmented.SegmentedRaftLogWorker (SegmentedRaftLogWorker.java:<init>(172)) - new af76d286-0381-46ea-bc73-c25b997719ac-SegmentedRaftLogWorker:Storage Directory /workdir/hadoop-ozone/integration-test/target/test-dir/MiniOzoneClusterImpl-84cf6d8e-7da2-4c93-8e7d-b6cdc2cb985f/datanode-4/data/ratis/4a821784-780b-4756-9ab4-63ec6cced95f for RaftStorage:Storage Directory /workdir/hadoop-ozone/integration-test/target/test-dir/MiniOzoneClusterImpl-84cf6d8e-7da2-4c93-8e7d-b6cdc2cb985f/datanode-4/data/ratis/4a821784-780b-4756-9ab4-63ec6cced95f
2019-08-20 03:21:52,285 INFO  server.RaftServerConfigKeys (ConfUtils.java:logGet(43)) - raft.server.log.queue.byte-limit = 2147483647 (custom)
2019-08-20 03:21:52,286 INFO  server.RaftServerConfigKeys (ConfUtils.java:logGet(43)) - raft.server.log.queue.element-limit = 1024 (custom)
2019-08-20 03:21:52,286 INFO  server.RaftServerConfigKeys (ConfUtils.java:logGet(43)) - raft.server.log.segment.size.max = 1048576 (custom)
2019-08-20 03:21:52,286 INFO  server.RaftServerConfigKeys (ConfUtils.java:logGet(43)) - raft.server.log.preallocated.size = 16384 (custom)
2019-08-20 03:21:52,286 INFO  server.RaftServerConfigKeys (ConfUtils.java:logGet(43)) - raft.server.log.write.buffer.size = 33554432 (custom)
2019-08-20 03:21:52,286 INFO  server.RaftServerConfigKeys (ConfUtils.java:logGet(43)) - raft.server.log.force.sync.num = 128 (default)
2019-08-20 03:21:52,287 INFO  server.RaftServerConfigKeys (ConfUtils.java:logGet(43)) - raft.server.log.statemachine.data.sync = true (default)
2019-08-20 03:21:52,287 INFO  server.RaftServerConfigKeys (ConfUtils.java:logGet(43)) - raft.server.log.statemachine.data.sync.timeout = 10s (default)
2019-08-20 03:21:52,287 INFO  server.RaftServerConfigKeys (ConfUtils.java:logGet(43)) - raft.server.log.statemachine.data.sync.timeout.retry = -1 (default)
2019-08-20 03:21:52,287 INFO  server.RaftServerConfigKeys (ConfUtils.java:logGet(43)) - raft.server.log.statemachine.data.caching.enabled = true (custom)
2019-08-20 03:21:52,288 INFO  segmented.SegmentedRaftLogWorker (SegmentedRaftLogWorker.java:lambda$new$0(132)) - af76d286-0381-46ea-bc73-c25b997719ac-SegmentedRaftLogWorker:Storage Directory /workdir/hadoop-ozone/integration-test/target/test-dir/MiniOzoneClusterImpl-84cf6d8e-7da2-4c93-8e7d-b6cdc2cb985f/datanode-4/data/ratis/4a821784-780b-4756-9ab4-63ec6cced95f: flushIndex: setUnconditionally 0 -> -1
2019-08-20 03:21:52,288 INFO  server.RaftServerConfigKeys (ConfUtils.java:logGet(43)) - raft.server.snapshot.auto.trigger.enabled = true (custom)
2019-08-20 03:21:52,288 INFO  server.RaftServerConfigKeys (ConfUtils.java:logGet(43)) - raft.server.snapshot.auto.trigger.threshold = 10000 (custom)
2019-08-20 03:21:52,289 INFO  server.RaftServerConfigKeys (ConfUtils.java:logGet(43)) - raft.server.retrycache.expirytime = 600000ms (custom)
2019-08-20 03:21:52,289 INFO  impl.RaftServerImpl (RaftServerImpl.java:start(180)) - af76d286-0381-46ea-bc73-c25b997719ac: start group-63EC6CCED95F
2019-08-20 03:21:52,289 INFO  impl.RaftServerImpl (RaftServerImpl.java:setRole(171)) - af76d286-0381-46ea-bc73-c25b997719ac:group-63EC6CCED95F changes role from null to FOLLOWER at term 0 for startAsFollower
2019-08-20 03:21:52,289 INFO  impl.RoleInfo (RoleInfo.java:updateAndGet(143)) - af76d286-0381-46ea-bc73-c25b997719ac: start FollowerState
2019-08-20 03:21:52,290 INFO  util.JmxRegister (JmxRegister.java:tryRegister(44)) - Successfully registered JMX Bean with object name Ratis:service=RaftServer,group=group-63EC6CCED95F,id=af76d286-0381-46ea-bc73-c25b997719ac
2019-08-20 03:21:52,293 INFO  pipeline.PipelineStateManager (PipelineStateManager.java:addPipeline(56)) - Created pipeline Pipeline[ Id: 4a821784-780b-4756-9ab4-63ec6cced95f, Nodes: af76d286-0381-46ea-bc73-c25b997719ac{ip: 192.168.36.123, host: byscane-nightly-kg45w-2568576839, networkLocation: /default-rack, certSerialId: null}, Type:RATIS, Factor:ONE, State:OPEN]
2019-08-20 03:21:52,423 INFO  net.NetworkTopology (NetworkTopologyImpl.java:add(110)) - Added a new node: /default-rack/c873431d-dd2c-424d-858f-cac9d922acb6
2019-08-20 03:21:52,423 INFO  node.SCMNodeManager (SCMNodeManager.java:register(273)) - Registered Data node : c873431d-dd2c-424d-858f-cac9d922acb6{ip: 192.168.36.123, host: byscane-nightly-kg45w-2568576839, networkLocation: /default-rack, certSerialId: null}
2019-08-20 03:21:52,437 INFO  impl.RaftServerProxy (RaftServerProxy.java:addNew(89)) - c873431d-dd2c-424d-858f-cac9d922acb6: addNew group-F0BDD2231E81:[c873431d-dd2c-424d-858f-cac9d922acb6:192.168.36.123:40173] returns group-F0BDD2231E81:java.util.concurrent.CompletableFuture@4b82aca6[Not completed]
2019-08-20 03:21:52,443 INFO  impl.RaftServerImpl (RaftServerImpl.java:<init>(93)) - c873431d-dd2c-424d-858f-cac9d922acb6: new RaftServerImpl for group-F0BDD2231E81:[c873431d-dd2c-424d-858f-cac9d922acb6:192.168.36.123:40173] with ContainerStateMachine:uninitialized
2019-08-20 03:21:52,443 INFO  server.RaftServerConfigKeys (ConfUtils.java:logGet(43)) - raft.server.rpc.timeout.min = 5s (custom)
2019-08-20 03:21:52,443 INFO  server.RaftServerConfigKeys (ConfUtils.java:logGet(43)) - raft.server.rpc.timeout.max = 5200ms (custom)
2019-08-20 03:21:52,443 INFO  server.RaftServerConfigKeys (ConfUtils.java:logGet(43)) - raft.server.rpcslowness.timeout = 120s (custom)
2019-08-20 03:21:52,444 INFO  server.RaftServerConfigKeys (ConfUtils.java:logGet(43)) - raft.server.sleep.deviation.threshold = 300 (default)
2019-08-20 03:21:52,444 INFO  server.RaftServerConfigKeys (ConfUtils.java:logGet(43)) - raft.server.log.appender.install.snapshot.enabled = false (custom)
2019-08-20 03:21:52,444 INFO  impl.RaftServerImpl (ServerState.java:<init>(105)) - c873431d-dd2c-424d-858f-cac9d922acb6:group-F0BDD2231E81 ConfigurationManager, init=-1: [c873431d-dd2c-424d-858f-cac9d922acb6:192.168.36.123:40173], old=null, confs=<EMPTY_MAP>
2019-08-20 03:21:52,444 INFO  server.RaftServerConfigKeys (ConfUtils.java:logGet(43)) - raft.server.storage.dir = [/workdir/hadoop-ozone/integration-test/target/test-dir/MiniOzoneClusterImpl-84cf6d8e-7da2-4c93-8e7d-b6cdc2cb985f/datanode-5/data/ratis] (custom)
2019-08-20 03:21:52,445 INFO  storage.RaftStorageDirectory (RaftStorageDirectory.java:analyzeStorage(246)) - The storage directory /workdir/hadoop-ozone/integration-test/target/test-dir/MiniOzoneClusterImpl-84cf6d8e-7da2-4c93-8e7d-b6cdc2cb985f/datanode-5/data/ratis/28fbe42b-0c95-4999-8c87-f0bdd2231e81 does not exist. Creating ...
2019-08-20 03:21:52,466 INFO  storage.RaftStorageDirectory (RaftStorageDirectory.java:tryLock(328)) - Lock on /workdir/hadoop-ozone/integration-test/target/test-dir/MiniOzoneClusterImpl-84cf6d8e-7da2-4c93-8e7d-b6cdc2cb985f/datanode-5/data/ratis/28fbe42b-0c95-4999-8c87-f0bdd2231e81/in_use.lock acquired by nodename 14833@byscane-nightly-kg45w-2568576839
2019-08-20 03:21:52,495 INFO  storage.RaftStorage (RaftStorage.java:format(72)) - Storage directory /workdir/hadoop-ozone/integration-test/target/test-dir/MiniOzoneClusterImpl-84cf6d8e-7da2-4c93-8e7d-b6cdc2cb985f/datanode-5/data/ratis/28fbe42b-0c95-4999-8c87-f0bdd2231e81 has been successfully formatted.
2019-08-20 03:21:52,495 INFO  ratis.ContainerStateMachine (ContainerStateMachine.java:loadSnapshot(213)) - group-F0BDD2231E81: The snapshot info is null. Setting the last applied indexto:(t:0, i:~)
2019-08-20 03:21:52,495 INFO  server.RaftServerConfigKeys (ConfUtils.java:logGet(43)) - raft.server.leader.election.timeout = 120s (custom)
2019-08-20 03:21:52,496 INFO  server.RaftServerConfigKeys (ConfUtils.java:logGet(43)) - raft.server.log.use.memory = false (default)
2019-08-20 03:21:52,496 INFO  server.RaftServerConfigKeys (ConfUtils.java:logGet(43)) - raft.server.log.purge.gap = 1000000000 (custom)
2019-08-20 03:21:52,496 INFO  server.RaftServerConfigKeys (ConfUtils.java:logGet(43)) - raft.server.log.appender.buffer.byte-limit = 33554432 (custom)
2019-08-20 03:21:52,496 INFO  server.RaftServerConfigKeys (ConfUtils.java:logGet(43)) - raft.server.log.segment.size.max = 1048576 (custom)
2019-08-20 03:21:52,496 INFO  server.RaftServerConfigKeys (ConfUtils.java:logGet(43)) - raft.server.log.segment.cache.num.max = 2 (custom)
2019-08-20 03:21:52,497 INFO  segmented.SegmentedRaftLogWorker (SegmentedRaftLogWorker.java:<init>(172)) - new c873431d-dd2c-424d-858f-cac9d922acb6-SegmentedRaftLogWorker:Storage Directory /workdir/hadoop-ozone/integration-test/target/test-dir/MiniOzoneClusterImpl-84cf6d8e-7da2-4c93-8e7d-b6cdc2cb985f/datanode-5/data/ratis/28fbe42b-0c95-4999-8c87-f0bdd2231e81 for RaftStorage:Storage Directory /workdir/hadoop-ozone/integration-test/target/test-dir/MiniOzoneClusterImpl-84cf6d8e-7da2-4c93-8e7d-b6cdc2cb985f/datanode-5/data/ratis/28fbe42b-0c95-4999-8c87-f0bdd2231e81
2019-08-20 03:21:52,497 INFO  server.RaftServerConfigKeys (ConfUtils.java:logGet(43)) - raft.server.log.queue.byte-limit = 2147483647 (custom)
2019-08-20 03:21:52,497 INFO  server.RaftServerConfigKeys (ConfUtils.java:logGet(43)) - raft.server.log.queue.element-limit = 1024 (custom)
2019-08-20 03:21:52,497 INFO  server.RaftServerConfigKeys (ConfUtils.java:logGet(43)) - raft.server.log.segment.size.max = 1048576 (custom)
2019-08-20 03:21:52,498 INFO  server.RaftServerConfigKeys (ConfUtils.java:logGet(43)) - raft.server.log.preallocated.size = 16384 (custom)
2019-08-20 03:21:52,498 INFO  server.RaftServerConfigKeys (ConfUtils.java:logGet(43)) - raft.server.log.write.buffer.size = 33554432 (custom)
2019-08-20 03:21:52,498 INFO  server.RaftServerConfigKeys (ConfUtils.java:logGet(43)) - raft.server.log.force.sync.num = 128 (default)
2019-08-20 03:21:52,498 INFO  server.RaftServerConfigKeys (ConfUtils.java:logGet(43)) - raft.server.log.statemachine.data.sync = true (default)
2019-08-20 03:21:52,498 INFO  server.RaftServerConfigKeys (ConfUtils.java:logGet(43)) - raft.server.log.statemachine.data.sync.timeout = 10s (default)
2019-08-20 03:21:52,499 INFO  server.RaftServerConfigKeys (ConfUtils.java:logGet(43)) - raft.server.log.statemachine.data.sync.timeout.retry = -1 (default)
2019-08-20 03:21:52,499 INFO  server.RaftServerConfigKeys (ConfUtils.java:logGet(43)) - raft.server.log.statemachine.data.caching.enabled = true (custom)
2019-08-20 03:21:52,499 INFO  segmented.SegmentedRaftLogWorker (SegmentedRaftLogWorker.java:lambda$new$0(132)) - c873431d-dd2c-424d-858f-cac9d922acb6-SegmentedRaftLogWorker:Storage Directory /workdir/hadoop-ozone/integration-test/target/test-dir/MiniOzoneClusterImpl-84cf6d8e-7da2-4c93-8e7d-b6cdc2cb985f/datanode-5/data/ratis/28fbe42b-0c95-4999-8c87-f0bdd2231e81: flushIndex: setUnconditionally 0 -> -1
2019-08-20 03:21:52,500 INFO  server.RaftServerConfigKeys (ConfUtils.java:logGet(43)) - raft.server.snapshot.auto.trigger.enabled = true (custom)
2019-08-20 03:21:52,500 INFO  server.RaftServerConfigKeys (ConfUtils.java:logGet(43)) - raft.server.snapshot.auto.trigger.threshold = 10000 (custom)
2019-08-20 03:21:52,500 INFO  server.RaftServerConfigKeys (ConfUtils.java:logGet(43)) - raft.server.retrycache.expirytime = 600000ms (custom)
2019-08-20 03:21:52,501 INFO  impl.RaftServerImpl (RaftServerImpl.java:start(180)) - c873431d-dd2c-424d-858f-cac9d922acb6: start group-F0BDD2231E81
2019-08-20 03:21:52,501 INFO  impl.RaftServerImpl (RaftServerImpl.java:setRole(171)) - c873431d-dd2c-424d-858f-cac9d922acb6:group-F0BDD2231E81 changes role from null to FOLLOWER at term 0 for startAsFollower
2019-08-20 03:21:52,501 INFO  impl.RoleInfo (RoleInfo.java:updateAndGet(143)) - c873431d-dd2c-424d-858f-cac9d922acb6: start FollowerState
2019-08-20 03:21:52,501 INFO  util.JmxRegister (JmxRegister.java:tryRegister(44)) - Successfully registered JMX Bean with object name Ratis:service=RaftServer,group=group-F0BDD2231E81,id=c873431d-dd2c-424d-858f-cac9d922acb6
2019-08-20 03:21:52,504 INFO  pipeline.PipelineStateManager (PipelineStateManager.java:addPipeline(56)) - Created pipeline Pipeline[ Id: 28fbe42b-0c95-4999-8c87-f0bdd2231e81, Nodes: c873431d-dd2c-424d-858f-cac9d922acb6{ip: 192.168.36.123, host: byscane-nightly-kg45w-2568576839, networkLocation: /default-rack, certSerialId: null}, Type:RATIS, Factor:ONE, State:OPEN]
2019-08-20 03:21:52,521 INFO  impl.RaftServerProxy (RaftServerProxy.java:addNew(89)) - c873431d-dd2c-424d-858f-cac9d922acb6: addNew group-F0776E50E46F:[c873431d-dd2c-424d-858f-cac9d922acb6:192.168.36.123:40173, af76d286-0381-46ea-bc73-c25b997719ac:192.168.36.123:39714, feb5a246-eecb-488b-8c66-a6561a6d2dd6:192.168.36.123:35979] returns group-F0776E50E46F:java.util.concurrent.CompletableFuture@5bf3c705[Not completed]
2019-08-20 03:21:52,524 INFO  impl.RaftServerProxy (RaftServerProxy.java:addNew(89)) - af76d286-0381-46ea-bc73-c25b997719ac: addNew group-F0776E50E46F:[c873431d-dd2c-424d-858f-cac9d922acb6:192.168.36.123:40173, af76d286-0381-46ea-bc73-c25b997719ac:192.168.36.123:39714, feb5a246-eecb-488b-8c66-a6561a6d2dd6:192.168.36.123:35979] returns group-F0776E50E46F:java.util.concurrent.CompletableFuture@dfb8d86[Not completed]
2019-08-20 03:21:52,527 INFO  impl.RaftServerProxy (RaftServerProxy.java:addNew(89)) - feb5a246-eecb-488b-8c66-a6561a6d2dd6: addNew group-F0776E50E46F:[c873431d-dd2c-424d-858f-cac9d922acb6:192.168.36.123:40173, af76d286-0381-46ea-bc73-c25b997719ac:192.168.36.123:39714, feb5a246-eecb-488b-8c66-a6561a6d2dd6:192.168.36.123:35979] returns group-F0776E50E46F:java.util.concurrent.CompletableFuture@272f4ec1[Not completed]
2019-08-20 03:21:52,528 INFO  impl.RaftServerImpl (RaftServerImpl.java:<init>(93)) - c873431d-dd2c-424d-858f-cac9d922acb6: new RaftServerImpl for group-F0776E50E46F:[c873431d-dd2c-424d-858f-cac9d922acb6:192.168.36.123:40173, af76d286-0381-46ea-bc73-c25b997719ac:192.168.36.123:39714, feb5a246-eecb-488b-8c66-a6561a6d2dd6:192.168.36.123:35979] with ContainerStateMachine:uninitialized
2019-08-20 03:21:52,528 INFO  server.RaftServerConfigKeys (ConfUtils.java:logGet(43)) - raft.server.rpc.timeout.min = 5s (custom)
2019-08-20 03:21:52,528 INFO  server.RaftServerConfigKeys (ConfUtils.java:logGet(43)) - raft.server.rpc.timeout.max = 5200ms (custom)
2019-08-20 03:21:52,528 INFO  impl.RaftServerImpl (RaftServerImpl.java:<init>(93)) - feb5a246-eecb-488b-8c66-a6561a6d2dd6: new RaftServerImpl for group-F0776E50E46F:[c873431d-dd2c-424d-858f-cac9d922acb6:192.168.36.123:40173, af76d286-0381-46ea-bc73-c25b997719ac:192.168.36.123:39714, feb5a246-eecb-488b-8c66-a6561a6d2dd6:192.168.36.123:35979] with ContainerStateMachine:uninitialized
2019-08-20 03:21:52,528 INFO  server.RaftServerConfigKeys (ConfUtils.java:logGet(43)) - raft.server.rpcslowness.timeout = 120s (custom)
2019-08-20 03:21:52,529 INFO  server.RaftServerConfigKeys (ConfUtils.java:logGet(43)) - raft.server.rpc.timeout.min = 5s (custom)
2019-08-20 03:21:52,529 INFO  server.RaftServerConfigKeys (ConfUtils.java:logGet(43)) - raft.server.sleep.deviation.threshold = 300 (default)
2019-08-20 03:21:52,529 INFO  server.RaftServerConfigKeys (ConfUtils.java:logGet(43)) - raft.server.rpc.timeout.max = 5200ms (custom)
2019-08-20 03:21:52,529 INFO  server.RaftServerConfigKeys (ConfUtils.java:logGet(43)) - raft.server.log.appender.install.snapshot.enabled = false (custom)
2019-08-20 03:21:52,529 INFO  server.RaftServerConfigKeys (ConfUtils.java:logGet(43)) - raft.server.rpcslowness.timeout = 120s (custom)
2019-08-20 03:21:52,529 INFO  impl.RaftServerImpl (RaftServerImpl.java:<init>(93)) - af76d286-0381-46ea-bc73-c25b997719ac: new RaftServerImpl for group-F0776E50E46F:[c873431d-dd2c-424d-858f-cac9d922acb6:192.168.36.123:40173, af76d286-0381-46ea-bc73-c25b997719ac:192.168.36.123:39714, feb5a246-eecb-488b-8c66-a6561a6d2dd6:192.168.36.123:35979] with ContainerStateMachine:uninitialized
2019-08-20 03:21:52,529 INFO  server.RaftServerConfigKeys (ConfUtils.java:logGet(43)) - raft.server.sleep.deviation.threshold = 300 (default)
2019-08-20 03:21:52,529 INFO  impl.RaftServerImpl (ServerState.java:<init>(105)) - c873431d-dd2c-424d-858f-cac9d922acb6:group-F0776E50E46F ConfigurationManager, init=-1: [c873431d-dd2c-424d-858f-cac9d922acb6:192.168.36.123:40173, af76d286-0381-46ea-bc73-c25b997719ac:192.168.36.123:39714, feb5a246-eecb-488b-8c66-a6561a6d2dd6:192.168.36.123:35979], old=null, confs=<EMPTY_MAP>
2019-08-20 03:21:52,530 INFO  server.RaftServerConfigKeys (ConfUtils.java:logGet(43)) - raft.server.log.appender.install.snapshot.enabled = false (custom)
2019-08-20 03:21:52,530 INFO  server.RaftServerConfigKeys (ConfUtils.java:logGet(43)) - raft.server.rpc.timeout.min = 5s (custom)
2019-08-20 03:21:52,530 INFO  impl.RaftServerImpl (ServerState.java:<init>(105)) - feb5a246-eecb-488b-8c66-a6561a6d2dd6:group-F0776E50E46F ConfigurationManager, init=-1: [c873431d-dd2c-424d-858f-cac9d922acb6:192.168.36.123:40173, af76d286-0381-46ea-bc73-c25b997719ac:192.168.36.123:39714, feb5a246-eecb-488b-8c66-a6561a6d2dd6:192.168.36.123:35979], old=null, confs=<EMPTY_MAP>
2019-08-20 03:21:52,530 INFO  server.RaftServerConfigKeys (ConfUtils.java:logGet(43)) - raft.server.storage.dir = [/workdir/hadoop-ozone/integration-test/target/test-dir/MiniOzoneClusterImpl-84cf6d8e-7da2-4c93-8e7d-b6cdc2cb985f/datanode-5/data/ratis] (custom)
2019-08-20 03:21:52,531 INFO  server.RaftServerConfigKeys (ConfUtils.java:logGet(43)) - raft.server.storage.dir = [/workdir/hadoop-ozone/integration-test/target/test-dir/MiniOzoneClusterImpl-84cf6d8e-7da2-4c93-8e7d-b6cdc2cb985f/datanode-3/data/ratis] (custom)
2019-08-20 03:21:52,530 INFO  server.RaftServerConfigKeys (ConfUtils.java:logGet(43)) - raft.server.rpc.timeout.max = 5200ms (custom)
2019-08-20 03:21:52,531 INFO  storage.RaftStorageDirectory (RaftStorageDirectory.java:analyzeStorage(246)) - The storage directory /workdir/hadoop-ozone/integration-test/target/test-dir/MiniOzoneClusterImpl-84cf6d8e-7da2-4c93-8e7d-b6cdc2cb985f/datanode-5/data/ratis/3b5cd820-5bbf-401d-8620-f0776e50e46f does not exist. Creating ...
2019-08-20 03:21:52,531 INFO  storage.RaftStorageDirectory (RaftStorageDirectory.java:analyzeStorage(246)) - The storage directory /workdir/hadoop-ozone/integration-test/target/test-dir/MiniOzoneClusterImpl-84cf6d8e-7da2-4c93-8e7d-b6cdc2cb985f/datanode-3/data/ratis/3b5cd820-5bbf-401d-8620-f0776e50e46f does not exist. Creating ...
2019-08-20 03:21:52,531 INFO  server.RaftServerConfigKeys (ConfUtils.java:logGet(43)) - raft.server.rpcslowness.timeout = 120s (custom)
2019-08-20 03:21:52,531 INFO  server.RaftServerConfigKeys (ConfUtils.java:logGet(43)) - raft.server.sleep.deviation.threshold = 300 (default)
2019-08-20 03:21:52,532 INFO  server.RaftServerConfigKeys (ConfUtils.java:logGet(43)) - raft.server.log.appender.install.snapshot.enabled = false (custom)
2019-08-20 03:21:52,532 INFO  impl.RaftServerImpl (ServerState.java:<init>(105)) - af76d286-0381-46ea-bc73-c25b997719ac:group-F0776E50E46F ConfigurationManager, init=-1: [c873431d-dd2c-424d-858f-cac9d922acb6:192.168.36.123:40173, af76d286-0381-46ea-bc73-c25b997719ac:192.168.36.123:39714, feb5a246-eecb-488b-8c66-a6561a6d2dd6:192.168.36.123:35979], old=null, confs=<EMPTY_MAP>
2019-08-20 03:21:52,532 INFO  server.RaftServerConfigKeys (ConfUtils.java:logGet(43)) - raft.server.storage.dir = [/workdir/hadoop-ozone/integration-test/target/test-dir/MiniOzoneClusterImpl-84cf6d8e-7da2-4c93-8e7d-b6cdc2cb985f/datanode-4/data/ratis] (custom)
2019-08-20 03:21:52,533 INFO  storage.RaftStorageDirectory (RaftStorageDirectory.java:analyzeStorage(246)) - The storage directory /workdir/hadoop-ozone/integration-test/target/test-dir/MiniOzoneClusterImpl-84cf6d8e-7da2-4c93-8e7d-b6cdc2cb985f/datanode-4/data/ratis/3b5cd820-5bbf-401d-8620-f0776e50e46f does not exist. Creating ...
2019-08-20 03:21:52,545 INFO  storage.RaftStorageDirectory (RaftStorageDirectory.java:tryLock(328)) - Lock on /workdir/hadoop-ozone/integration-test/target/test-dir/MiniOzoneClusterImpl-84cf6d8e-7da2-4c93-8e7d-b6cdc2cb985f/datanode-4/data/ratis/3b5cd820-5bbf-401d-8620-f0776e50e46f/in_use.lock acquired by nodename 14833@byscane-nightly-kg45w-2568576839
2019-08-20 03:21:52,545 INFO  storage.RaftStorageDirectory (RaftStorageDirectory.java:tryLock(328)) - Lock on /workdir/hadoop-ozone/integration-test/target/test-dir/MiniOzoneClusterImpl-84cf6d8e-7da2-4c93-8e7d-b6cdc2cb985f/datanode-5/data/ratis/3b5cd820-5bbf-401d-8620-f0776e50e46f/in_use.lock acquired by nodename 14833@byscane-nightly-kg45w-2568576839
2019-08-20 03:21:52,545 INFO  storage.RaftStorageDirectory (RaftStorageDirectory.java:tryLock(328)) - Lock on /workdir/hadoop-ozone/integration-test/target/test-dir/MiniOzoneClusterImpl-84cf6d8e-7da2-4c93-8e7d-b6cdc2cb985f/datanode-3/data/ratis/3b5cd820-5bbf-401d-8620-f0776e50e46f/in_use.lock acquired by nodename 14833@byscane-nightly-kg45w-2568576839
2019-08-20 03:21:52,572 INFO  storage.RaftStorage (RaftStorage.java:format(72)) - Storage directory /workdir/hadoop-ozone/integration-test/target/test-dir/MiniOzoneClusterImpl-84cf6d8e-7da2-4c93-8e7d-b6cdc2cb985f/datanode-4/data/ratis/3b5cd820-5bbf-401d-8620-f0776e50e46f has been successfully formatted.
2019-08-20 03:21:52,572 INFO  storage.RaftStorage (RaftStorage.java:format(72)) - Storage directory /workdir/hadoop-ozone/integration-test/target/test-dir/MiniOzoneClusterImpl-84cf6d8e-7da2-4c93-8e7d-b6cdc2cb985f/datanode-3/data/ratis/3b5cd820-5bbf-401d-8620-f0776e50e46f has been successfully formatted.
2019-08-20 03:21:52,572 INFO  storage.RaftStorage (RaftStorage.java:format(72)) - Storage directory /workdir/hadoop-ozone/integration-test/target/test-dir/MiniOzoneClusterImpl-84cf6d8e-7da2-4c93-8e7d-b6cdc2cb985f/datanode-5/data/ratis/3b5cd820-5bbf-401d-8620-f0776e50e46f has been successfully formatted.
2019-08-20 03:21:52,572 INFO  ratis.ContainerStateMachine (ContainerStateMachine.java:loadSnapshot(213)) - group-F0776E50E46F: The snapshot info is null. Setting the last applied indexto:(t:0, i:~)
2019-08-20 03:21:52,572 INFO  ratis.ContainerStateMachine (ContainerStateMachine.java:loadSnapshot(213)) - group-F0776E50E46F: The snapshot info is null. Setting the last applied indexto:(t:0, i:~)
2019-08-20 03:21:52,572 INFO  ratis.ContainerStateMachine (ContainerStateMachine.java:loadSnapshot(213)) - group-F0776E50E46F: The snapshot info is null. Setting the last applied indexto:(t:0, i:~)
2019-08-20 03:21:52,573 INFO  server.RaftServerConfigKeys (ConfUtils.java:logGet(43)) - raft.server.leader.election.timeout = 120s (custom)
2019-08-20 03:21:52,572 INFO  server.RaftServerConfigKeys (ConfUtils.java:logGet(43)) - raft.server.leader.election.timeout = 120s (custom)
2019-08-20 03:21:52,573 INFO  server.RaftServerConfigKeys (ConfUtils.java:logGet(43)) - raft.server.log.use.memory = false (default)
2019-08-20 03:21:52,573 INFO  server.RaftServerConfigKeys (ConfUtils.java:logGet(43)) - raft.server.leader.election.timeout = 120s (custom)
2019-08-20 03:21:52,573 INFO  server.RaftServerConfigKeys (ConfUtils.java:logGet(43)) - raft.server.log.purge.gap = 1000000000 (custom)
2019-08-20 03:21:52,574 INFO  server.RaftServerConfigKeys (ConfUtils.java:logGet(43)) - raft.server.log.appender.buffer.byte-limit = 33554432 (custom)
2019-08-20 03:21:52,573 INFO  server.RaftServerConfigKeys (ConfUtils.java:logGet(43)) - raft.server.log.use.memory = false (default)
2019-08-20 03:21:52,574 INFO  server.RaftServerConfigKeys (ConfUtils.java:logGet(43)) - raft.server.log.segment.size.max = 1048576 (custom)
2019-08-20 03:21:52,573 INFO  server.RaftServerConfigKeys (ConfUtils.java:logGet(43)) - raft.server.log.use.memory = false (default)
2019-08-20 03:21:52,574 INFO  server.RaftServerConfigKeys (ConfUtils.java:logGet(43)) - raft.server.log.segment.cache.num.max = 2 (custom)
2019-08-20 03:21:52,574 INFO  server.RaftServerConfigKeys (ConfUtils.java:logGet(43)) - raft.server.log.purge.gap = 1000000000 (custom)
2019-08-20 03:21:52,574 INFO  segmented.SegmentedRaftLogWorker (SegmentedRaftLogWorker.java:<init>(172)) - new c873431d-dd2c-424d-858f-cac9d922acb6-SegmentedRaftLogWorker:Storage Directory /workdir/hadoop-ozone/integration-test/target/test-dir/MiniOzoneClusterImpl-84cf6d8e-7da2-4c93-8e7d-b6cdc2cb985f/datanode-5/data/ratis/3b5cd820-5bbf-401d-8620-f0776e50e46f for RaftStorage:Storage Directory /workdir/hadoop-ozone/integration-test/target/test-dir/MiniOzoneClusterImpl-84cf6d8e-7da2-4c93-8e7d-b6cdc2cb985f/datanode-5/data/ratis/3b5cd820-5bbf-401d-8620-f0776e50e46f
2019-08-20 03:21:52,574 INFO  server.RaftServerConfigKeys (ConfUtils.java:logGet(43)) - raft.server.log.purge.gap = 1000000000 (custom)
2019-08-20 03:21:52,575 INFO  server.RaftServerConfigKeys (ConfUtils.java:logGet(43)) - raft.server.log.queue.byte-limit = 2147483647 (custom)
2019-08-20 03:21:52,575 INFO  server.RaftServerConfigKeys (ConfUtils.java:logGet(43)) - raft.server.log.appender.buffer.byte-limit = 33554432 (custom)
2019-08-20 03:21:52,575 INFO  server.RaftServerConfigKeys (ConfUtils.java:logGet(43)) - raft.server.log.queue.element-limit = 1024 (custom)
2019-08-20 03:21:52,575 INFO  server.RaftServerConfigKeys (ConfUtils.java:logGet(43)) - raft.server.log.appender.buffer.byte-limit = 33554432 (custom)
2019-08-20 03:21:52,576 INFO  server.RaftServerConfigKeys (ConfUtils.java:logGet(43)) - raft.server.log.segment.size.max = 1048576 (custom)
2019-08-20 03:21:52,575 INFO  server.RaftServerConfigKeys (ConfUtils.java:logGet(43)) - raft.server.log.segment.size.max = 1048576 (custom)
2019-08-20 03:21:52,576 INFO  server.RaftServerConfigKeys (ConfUtils.java:logGet(43)) - raft.server.log.preallocated.size = 16384 (custom)
2019-08-20 03:21:52,576 INFO  server.RaftServerConfigKeys (ConfUtils.java:logGet(43)) - raft.server.log.segment.size.max = 1048576 (custom)
2019-08-20 03:21:52,576 INFO  server.RaftServerConfigKeys (ConfUtils.java:logGet(43)) - raft.server.log.write.buffer.size = 33554432 (custom)
2019-08-20 03:21:52,577 INFO  server.RaftServerConfigKeys (ConfUtils.java:logGet(43)) - raft.server.log.force.sync.num = 128 (default)
2019-08-20 03:21:52,576 INFO  server.RaftServerConfigKeys (ConfUtils.java:logGet(43)) - raft.server.log.segment.cache.num.max = 2 (custom)
2019-08-20 03:21:52,577 INFO  server.RaftServerConfigKeys (ConfUtils.java:logGet(43)) - raft.server.log.statemachine.data.sync = true (default)
2019-08-20 03:21:52,577 INFO  server.RaftServerConfigKeys (ConfUtils.java:logGet(43)) - raft.server.log.segment.cache.num.max = 2 (custom)
2019-08-20 03:21:52,577 INFO  server.RaftServerConfigKeys (ConfUtils.java:logGet(43)) - raft.server.log.statemachine.data.sync.timeout = 10s (default)
2019-08-20 03:21:52,578 INFO  server.RaftServerConfigKeys (ConfUtils.java:logGet(43)) - raft.server.log.statemachine.data.sync.timeout.retry = -1 (default)
2019-08-20 03:21:52,577 INFO  segmented.SegmentedRaftLogWorker (SegmentedRaftLogWorker.java:<init>(172)) - new feb5a246-eecb-488b-8c66-a6561a6d2dd6-SegmentedRaftLogWorker:Storage Directory /workdir/hadoop-ozone/integration-test/target/test-dir/MiniOzoneClusterImpl-84cf6d8e-7da2-4c93-8e7d-b6cdc2cb985f/datanode-3/data/ratis/3b5cd820-5bbf-401d-8620-f0776e50e46f for RaftStorage:Storage Directory /workdir/hadoop-ozone/integration-test/target/test-dir/MiniOzoneClusterImpl-84cf6d8e-7da2-4c93-8e7d-b6cdc2cb985f/datanode-3/data/ratis/3b5cd820-5bbf-401d-8620-f0776e50e46f
2019-08-20 03:21:52,578 INFO  server.RaftServerConfigKeys (ConfUtils.java:logGet(43)) - raft.server.log.statemachine.data.caching.enabled = true (custom)
2019-08-20 03:21:52,577 INFO  segmented.SegmentedRaftLogWorker (SegmentedRaftLogWorker.java:<init>(172)) - new af76d286-0381-46ea-bc73-c25b997719ac-SegmentedRaftLogWorker:Storage Directory /workdir/hadoop-ozone/integration-test/target/test-dir/MiniOzoneClusterImpl-84cf6d8e-7da2-4c93-8e7d-b6cdc2cb985f/datanode-4/data/ratis/3b5cd820-5bbf-401d-8620-f0776e50e46f for RaftStorage:Storage Directory /workdir/hadoop-ozone/integration-test/target/test-dir/MiniOzoneClusterImpl-84cf6d8e-7da2-4c93-8e7d-b6cdc2cb985f/datanode-4/data/ratis/3b5cd820-5bbf-401d-8620-f0776e50e46f
2019-08-20 03:21:52,578 INFO  server.RaftServerConfigKeys (ConfUtils.java:logGet(43)) - raft.server.log.queue.byte-limit = 2147483647 (custom)
2019-08-20 03:21:52,578 INFO  server.RaftServerConfigKeys (ConfUtils.java:logGet(43)) - raft.server.log.queue.byte-limit = 2147483647 (custom)
2019-08-20 03:21:52,578 INFO  segmented.SegmentedRaftLogWorker (SegmentedRaftLogWorker.java:lambda$new$0(132)) - c873431d-dd2c-424d-858f-cac9d922acb6-SegmentedRaftLogWorker:Storage Directory /workdir/hadoop-ozone/integration-test/target/test-dir/MiniOzoneClusterImpl-84cf6d8e-7da2-4c93-8e7d-b6cdc2cb985f/datanode-5/data/ratis/3b5cd820-5bbf-401d-8620-f0776e50e46f: flushIndex: setUnconditionally 0 -> -1
2019-08-20 03:21:52,579 INFO  server.RaftServerConfigKeys (ConfUtils.java:logGet(43)) - raft.server.log.queue.element-limit = 1024 (custom)
2019-08-20 03:21:52,579 INFO  server.RaftServerConfigKeys (ConfUtils.java:logGet(43)) - raft.server.log.queue.element-limit = 1024 (custom)
2019-08-20 03:21:52,579 INFO  server.RaftServerConfigKeys (ConfUtils.java:logGet(43)) - raft.server.snapshot.auto.trigger.enabled = true (custom)
2019-08-20 03:21:52,579 INFO  server.RaftServerConfigKeys (ConfUtils.java:logGet(43)) - raft.server.log.segment.size.max = 1048576 (custom)
2019-08-20 03:21:52,579 INFO  server.RaftServerConfigKeys (ConfUtils.java:logGet(43)) - raft.server.snapshot.auto.trigger.threshold = 10000 (custom)
2019-08-20 03:21:52,579 INFO  server.RaftServerConfigKeys (ConfUtils.java:logGet(43)) - raft.server.log.segment.size.max = 1048576 (custom)
2019-08-20 03:21:52,580 INFO  server.RaftServerConfigKeys (ConfUtils.java:logGet(43)) - raft.server.retrycache.expirytime = 600000ms (custom)
2019-08-20 03:21:52,580 INFO  server.RaftServerConfigKeys (ConfUtils.java:logGet(43)) - raft.server.log.preallocated.size = 16384 (custom)
2019-08-20 03:21:52,580 INFO  impl.RaftServerImpl (RaftServerImpl.java:start(180)) - c873431d-dd2c-424d-858f-cac9d922acb6: start group-F0776E50E46F
2019-08-20 03:21:52,581 INFO  impl.RaftServerImpl (RaftServerImpl.java:setRole(171)) - c873431d-dd2c-424d-858f-cac9d922acb6:group-F0776E50E46F changes role from null to FOLLOWER at term 0 for startAsFollower
2019-08-20 03:21:52,580 INFO  server.RaftServerConfigKeys (ConfUtils.java:logGet(43)) - raft.server.log.preallocated.size = 16384 (custom)
2019-08-20 03:21:52,581 INFO  impl.RoleInfo (RoleInfo.java:updateAndGet(143)) - c873431d-dd2c-424d-858f-cac9d922acb6: start FollowerState
2019-08-20 03:21:52,580 INFO  server.RaftServerConfigKeys (ConfUtils.java:logGet(43)) - raft.server.log.write.buffer.size = 33554432 (custom)
2019-08-20 03:21:52,581 INFO  server.RaftServerConfigKeys (ConfUtils.java:logGet(43)) - raft.server.log.force.sync.num = 128 (default)
2019-08-20 03:21:52,581 INFO  server.RaftServerConfigKeys (ConfUtils.java:logGet(43)) - raft.server.log.write.buffer.size = 33554432 (custom)
2019-08-20 03:21:52,581 INFO  server.RaftServerConfigKeys (ConfUtils.java:logGet(43)) - raft.server.log.statemachine.data.sync = true (default)
2019-08-20 03:21:52,581 INFO  util.JmxRegister (JmxRegister.java:tryRegister(44)) - Successfully registered JMX Bean with object name Ratis:service=RaftServer,group=group-F0776E50E46F,id=c873431d-dd2c-424d-858f-cac9d922acb6
2019-08-20 03:21:52,582 INFO  server.RaftServerConfigKeys (ConfUtils.java:logGet(43)) - raft.server.log.statemachine.data.sync.timeout = 10s (default)
2019-08-20 03:21:52,582 INFO  server.RaftServerConfigKeys (ConfUtils.java:logGet(43)) - raft.server.log.force.sync.num = 128 (default)
2019-08-20 03:21:52,582 INFO  server.RaftServerConfigKeys (ConfUtils.java:logGet(43)) - raft.server.log.statemachine.data.sync.timeout.retry = -1 (default)
2019-08-20 03:21:52,582 INFO  server.RaftServerConfigKeys (ConfUtils.java:logGet(43)) - raft.server.log.statemachine.data.sync = true (default)
2019-08-20 03:21:52,583 INFO  server.RaftServerConfigKeys (ConfUtils.java:logGet(43)) - raft.server.log.statemachine.data.caching.enabled = true (custom)
2019-08-20 03:21:52,583 INFO  server.RaftServerConfigKeys (ConfUtils.java:logGet(43)) - raft.server.log.statemachine.data.sync.timeout = 10s (default)
2019-08-20 03:21:52,583 INFO  segmented.SegmentedRaftLogWorker (SegmentedRaftLogWorker.java:lambda$new$0(132)) - af76d286-0381-46ea-bc73-c25b997719ac-SegmentedRaftLogWorker:Storage Directory /workdir/hadoop-ozone/integration-test/target/test-dir/MiniOzoneClusterImpl-84cf6d8e-7da2-4c93-8e7d-b6cdc2cb985f/datanode-4/data/ratis/3b5cd820-5bbf-401d-8620-f0776e50e46f: flushIndex: setUnconditionally 0 -> -1
2019-08-20 03:21:52,583 INFO  server.RaftServerConfigKeys (ConfUtils.java:logGet(43)) - raft.server.log.statemachine.data.sync.timeout.retry = -1 (default)
2019-08-20 03:21:52,583 INFO  server.RaftServerConfigKeys (ConfUtils.java:logGet(43)) - raft.server.log.statemachine.data.caching.enabled = true (custom)
2019-08-20 03:21:52,584 INFO  server.RaftServerConfigKeys (ConfUtils.java:logGet(43)) - raft.server.snapshot.auto.trigger.enabled = true (custom)
2019-08-20 03:21:52,584 INFO  segmented.SegmentedRaftLogWorker (SegmentedRaftLogWorker.java:lambda$new$0(132)) - feb5a246-eecb-488b-8c66-a6561a6d2dd6-SegmentedRaftLogWorker:Storage Directory /workdir/hadoop-ozone/integration-test/target/test-dir/MiniOzoneClusterImpl-84cf6d8e-7da2-4c93-8e7d-b6cdc2cb985f/datanode-3/data/ratis/3b5cd820-5bbf-401d-8620-f0776e50e46f: flushIndex: setUnconditionally 0 -> -1
2019-08-20 03:21:52,584 INFO  server.RaftServerConfigKeys (ConfUtils.java:logGet(43)) - raft.server.snapshot.auto.trigger.threshold = 10000 (custom)
2019-08-20 03:21:52,584 INFO  server.RaftServerConfigKeys (ConfUtils.java:logGet(43)) - raft.server.snapshot.auto.trigger.enabled = true (custom)
2019-08-20 03:21:52,584 INFO  server.RaftServerConfigKeys (ConfUtils.java:logGet(43)) - raft.server.retrycache.expirytime = 600000ms (custom)
2019-08-20 03:21:52,584 INFO  server.RaftServerConfigKeys (ConfUtils.java:logGet(43)) - raft.server.snapshot.auto.trigger.threshold = 10000 (custom)
2019-08-20 03:21:52,585 INFO  impl.RaftServerImpl (RaftServerImpl.java:start(180)) - af76d286-0381-46ea-bc73-c25b997719ac: start group-F0776E50E46F
2019-08-20 03:21:52,585 INFO  server.RaftServerConfigKeys (ConfUtils.java:logGet(43)) - raft.server.retrycache.expirytime = 600000ms (custom)
2019-08-20 03:21:52,585 INFO  impl.RaftServerImpl (RaftServerImpl.java:setRole(171)) - af76d286-0381-46ea-bc73-c25b997719ac:group-F0776E50E46F changes role from null to FOLLOWER at term 0 for startAsFollower
2019-08-20 03:21:52,585 INFO  impl.RaftServerImpl (RaftServerImpl.java:start(180)) - feb5a246-eecb-488b-8c66-a6561a6d2dd6: start group-F0776E50E46F
2019-08-20 03:21:52,585 INFO  impl.RoleInfo (RoleInfo.java:updateAndGet(143)) - af76d286-0381-46ea-bc73-c25b997719ac: start FollowerState
2019-08-20 03:21:52,585 INFO  impl.RaftServerImpl (RaftServerImpl.java:setRole(171)) - feb5a246-eecb-488b-8c66-a6561a6d2dd6:group-F0776E50E46F changes role from null to FOLLOWER at term 0 for startAsFollower
2019-08-20 03:21:52,586 INFO  impl.RoleInfo (RoleInfo.java:updateAndGet(143)) - feb5a246-eecb-488b-8c66-a6561a6d2dd6: start FollowerState
2019-08-20 03:21:52,586 INFO  util.JmxRegister (JmxRegister.java:tryRegister(44)) - Successfully registered JMX Bean with object name Ratis:service=RaftServer,group=group-F0776E50E46F,id=af76d286-0381-46ea-bc73-c25b997719ac
2019-08-20 03:21:52,586 INFO  util.JmxRegister (JmxRegister.java:tryRegister(44)) - Successfully registered JMX Bean with object name Ratis:service=RaftServer,group=group-F0776E50E46F,id=feb5a246-eecb-488b-8c66-a6561a6d2dd6
2019-08-20 03:21:52,592 INFO  pipeline.PipelineStateManager (PipelineStateManager.java:addPipeline(56)) - Created pipeline Pipeline[ Id: 3b5cd820-5bbf-401d-8620-f0776e50e46f, Nodes: feb5a246-eecb-488b-8c66-a6561a6d2dd6{ip: 192.168.36.123, host: byscane-nightly-kg45w-2568576839, networkLocation: /default-rack, certSerialId: null}af76d286-0381-46ea-bc73-c25b997719ac{ip: 192.168.36.123, host: byscane-nightly-kg45w-2568576839, networkLocation: /default-rack, certSerialId: null}c873431d-dd2c-424d-858f-cac9d922acb6{ip: 192.168.36.123, host: byscane-nightly-kg45w-2568576839, networkLocation: /default-rack, certSerialId: null}, Type:RATIS, Factor:THREE, State:OPEN]
2019-08-20 03:21:52,603 INFO  ozone.MiniOzoneClusterImpl (MiniOzoneClusterImpl.java:lambda$waitForClusterToBeReady$0(142)) - Waiting for cluster to be ready. Got 6 of 7 DN Heartbeats.
2019-08-20 03:21:52,605 INFO  net.NetworkTopology (NetworkTopologyImpl.java:add(110)) - Added a new node: /default-rack/d51d9641-3229-439d-b443-7a39d972eb3a
2019-08-20 03:21:52,606 INFO  node.SCMNodeManager (SCMNodeManager.java:register(273)) - Registered Data node : d51d9641-3229-439d-b443-7a39d972eb3a{ip: 192.168.36.123, host: byscane-nightly-kg45w-2568576839, networkLocation: /default-rack, certSerialId: null}
2019-08-20 03:21:52,620 INFO  impl.RaftServerProxy (RaftServerProxy.java:addNew(89)) - d51d9641-3229-439d-b443-7a39d972eb3a: addNew group-96EF3210B1CB:[d51d9641-3229-439d-b443-7a39d972eb3a:192.168.36.123:40504] returns group-96EF3210B1CB:java.util.concurrent.CompletableFuture@65008e39[Not completed]
2019-08-20 03:21:52,626 INFO  impl.RaftServerImpl (RaftServerImpl.java:<init>(93)) - d51d9641-3229-439d-b443-7a39d972eb3a: new RaftServerImpl for group-96EF3210B1CB:[d51d9641-3229-439d-b443-7a39d972eb3a:192.168.36.123:40504] with ContainerStateMachine:uninitialized
2019-08-20 03:21:52,626 INFO  server.RaftServerConfigKeys (ConfUtils.java:logGet(43)) - raft.server.rpc.timeout.min = 5s (custom)
2019-08-20 03:21:52,626 INFO  server.RaftServerConfigKeys (ConfUtils.java:logGet(43)) - raft.server.rpc.timeout.max = 5200ms (custom)
2019-08-20 03:21:52,626 INFO  server.RaftServerConfigKeys (ConfUtils.java:logGet(43)) - raft.server.rpcslowness.timeout = 120s (custom)
2019-08-20 03:21:52,626 INFO  server.RaftServerConfigKeys (ConfUtils.java:logGet(43)) - raft.server.sleep.deviation.threshold = 300 (default)
2019-08-20 03:21:52,626 INFO  server.RaftServerConfigKeys (ConfUtils.java:logGet(43)) - raft.server.log.appender.install.snapshot.enabled = false (custom)
2019-08-20 03:21:52,627 INFO  impl.RaftServerImpl (ServerState.java:<init>(105)) - d51d9641-3229-439d-b443-7a39d972eb3a:group-96EF3210B1CB ConfigurationManager, init=-1: [d51d9641-3229-439d-b443-7a39d972eb3a:192.168.36.123:40504], old=null, confs=<EMPTY_MAP>
2019-08-20 03:21:52,627 INFO  server.RaftServerConfigKeys (ConfUtils.java:logGet(43)) - raft.server.storage.dir = [/workdir/hadoop-ozone/integration-test/target/test-dir/MiniOzoneClusterImpl-84cf6d8e-7da2-4c93-8e7d-b6cdc2cb985f/datanode-6/data/ratis] (custom)
2019-08-20 03:21:52,627 INFO  storage.RaftStorageDirectory (RaftStorageDirectory.java:analyzeStorage(246)) - The storage directory /workdir/hadoop-ozone/integration-test/target/test-dir/MiniOzoneClusterImpl-84cf6d8e-7da2-4c93-8e7d-b6cdc2cb985f/datanode-6/data/ratis/ad460b74-7345-4a9a-ad5e-96ef3210b1cb does not exist. Creating ...
2019-08-20 03:21:52,640 INFO  storage.RaftStorageDirectory (RaftStorageDirectory.java:tryLock(328)) - Lock on /workdir/hadoop-ozone/integration-test/target/test-dir/MiniOzoneClusterImpl-84cf6d8e-7da2-4c93-8e7d-b6cdc2cb985f/datanode-6/data/ratis/ad460b74-7345-4a9a-ad5e-96ef3210b1cb/in_use.lock acquired by nodename 14833@byscane-nightly-kg45w-2568576839
2019-08-20 03:21:52,653 INFO  storage.RaftStorage (RaftStorage.java:format(72)) - Storage directory /workdir/hadoop-ozone/integration-test/target/test-dir/MiniOzoneClusterImpl-84cf6d8e-7da2-4c93-8e7d-b6cdc2cb985f/datanode-6/data/ratis/ad460b74-7345-4a9a-ad5e-96ef3210b1cb has been successfully formatted.
2019-08-20 03:21:52,653 INFO  ratis.ContainerStateMachine (ContainerStateMachine.java:loadSnapshot(213)) - group-96EF3210B1CB: The snapshot info is null. Setting the last applied indexto:(t:0, i:~)
2019-08-20 03:21:52,654 INFO  server.RaftServerConfigKeys (ConfUtils.java:logGet(43)) - raft.server.leader.election.timeout = 120s (custom)
2019-08-20 03:21:52,654 INFO  server.RaftServerConfigKeys (ConfUtils.java:logGet(43)) - raft.server.log.use.memory = false (default)
2019-08-20 03:21:52,654 INFO  server.RaftServerConfigKeys (ConfUtils.java:logGet(43)) - raft.server.log.purge.gap = 1000000000 (custom)
2019-08-20 03:21:52,654 INFO  server.RaftServerConfigKeys (ConfUtils.java:logGet(43)) - raft.server.log.appender.buffer.byte-limit = 33554432 (custom)
2019-08-20 03:21:52,654 INFO  server.RaftServerConfigKeys (ConfUtils.java:logGet(43)) - raft.server.log.segment.size.max = 1048576 (custom)
2019-08-20 03:21:52,655 INFO  server.RaftServerConfigKeys (ConfUtils.java:logGet(43)) - raft.server.log.segment.cache.num.max = 2 (custom)
2019-08-20 03:21:52,655 INFO  segmented.SegmentedRaftLogWorker (SegmentedRaftLogWorker.java:<init>(172)) - new d51d9641-3229-439d-b443-7a39d972eb3a-SegmentedRaftLogWorker:Storage Directory /workdir/hadoop-ozone/integration-test/target/test-dir/MiniOzoneClusterImpl-84cf6d8e-7da2-4c93-8e7d-b6cdc2cb985f/datanode-6/data/ratis/ad460b74-7345-4a9a-ad5e-96ef3210b1cb for RaftStorage:Storage Directory /workdir/hadoop-ozone/integration-test/target/test-dir/MiniOzoneClusterImpl-84cf6d8e-7da2-4c93-8e7d-b6cdc2cb985f/datanode-6/data/ratis/ad460b74-7345-4a9a-ad5e-96ef3210b1cb
2019-08-20 03:21:52,655 INFO  server.RaftServerConfigKeys (ConfUtils.java:logGet(43)) - raft.server.log.queue.byte-limit = 2147483647 (custom)
2019-08-20 03:21:52,655 INFO  server.RaftServerConfigKeys (ConfUtils.java:logGet(43)) - raft.server.log.queue.element-limit = 1024 (custom)
2019-08-20 03:21:52,656 INFO  server.RaftServerConfigKeys (ConfUtils.java:logGet(43)) - raft.server.log.segment.size.max = 1048576 (custom)
2019-08-20 03:21:52,656 INFO  server.RaftServerConfigKeys (ConfUtils.java:logGet(43)) - raft.server.log.preallocated.size = 16384 (custom)
2019-08-20 03:21:52,656 INFO  server.RaftServerConfigKeys (ConfUtils.java:logGet(43)) - raft.server.log.write.buffer.size = 33554432 (custom)
2019-08-20 03:21:52,656 INFO  server.RaftServerConfigKeys (ConfUtils.java:logGet(43)) - raft.server.log.force.sync.num = 128 (default)
2019-08-20 03:21:52,656 INFO  server.RaftServerConfigKeys (ConfUtils.java:logGet(43)) - raft.server.log.statemachine.data.sync = true (default)
2019-08-20 03:21:52,657 INFO  server.RaftServerConfigKeys (ConfUtils.java:logGet(43)) - raft.server.log.statemachine.data.sync.timeout = 10s (default)
2019-08-20 03:21:52,657 INFO  server.RaftServerConfigKeys (ConfUtils.java:logGet(43)) - raft.server.log.statemachine.data.sync.timeout.retry = -1 (default)
2019-08-20 03:21:52,657 INFO  server.RaftServerConfigKeys (ConfUtils.java:logGet(43)) - raft.server.log.statemachine.data.caching.enabled = true (custom)
2019-08-20 03:21:52,658 INFO  segmented.SegmentedRaftLogWorker (SegmentedRaftLogWorker.java:lambda$new$0(132)) - d51d9641-3229-439d-b443-7a39d972eb3a-SegmentedRaftLogWorker:Storage Directory /workdir/hadoop-ozone/integration-test/target/test-dir/MiniOzoneClusterImpl-84cf6d8e-7da2-4c93-8e7d-b6cdc2cb985f/datanode-6/data/ratis/ad460b74-7345-4a9a-ad5e-96ef3210b1cb: flushIndex: setUnconditionally 0 -> -1
2019-08-20 03:21:52,658 INFO  server.RaftServerConfigKeys (ConfUtils.java:logGet(43)) - raft.server.snapshot.auto.trigger.enabled = true (custom)
2019-08-20 03:21:52,658 INFO  server.RaftServerConfigKeys (ConfUtils.java:logGet(43)) - raft.server.snapshot.auto.trigger.threshold = 10000 (custom)
2019-08-20 03:21:52,659 INFO  server.RaftServerConfigKeys (ConfUtils.java:logGet(43)) - raft.server.retrycache.expirytime = 600000ms (custom)
2019-08-20 03:21:52,659 INFO  impl.RaftServerImpl (RaftServerImpl.java:start(180)) - d51d9641-3229-439d-b443-7a39d972eb3a: start group-96EF3210B1CB
2019-08-20 03:21:52,659 INFO  impl.RaftServerImpl (RaftServerImpl.java:setRole(171)) - d51d9641-3229-439d-b443-7a39d972eb3a:group-96EF3210B1CB changes role from null to FOLLOWER at term 0 for startAsFollower
2019-08-20 03:21:52,659 INFO  impl.RoleInfo (RoleInfo.java:updateAndGet(143)) - d51d9641-3229-439d-b443-7a39d972eb3a: start FollowerState
2019-08-20 03:21:52,660 INFO  util.JmxRegister (JmxRegister.java:tryRegister(44)) - Successfully registered JMX Bean with object name Ratis:service=RaftServer,group=group-96EF3210B1CB,id=d51d9641-3229-439d-b443-7a39d972eb3a
2019-08-20 03:21:52,663 INFO  pipeline.PipelineStateManager (PipelineStateManager.java:addPipeline(56)) - Created pipeline Pipeline[ Id: ad460b74-7345-4a9a-ad5e-96ef3210b1cb, Nodes: d51d9641-3229-439d-b443-7a39d972eb3a{ip: 192.168.36.123, host: byscane-nightly-kg45w-2568576839, networkLocation: /default-rack, certSerialId: null}, Type:RATIS, Factor:ONE, State:OPEN]
2019-08-20 03:21:53,603 INFO  ozone.MiniOzoneClusterImpl (MiniOzoneClusterImpl.java:lambda$waitForClusterToBeReady$0(142)) - Cluster is ready. Got 7 of 7 DN Heartbeats.
2019-08-20 03:21:53,650 INFO  rpc.RpcClient (RpcClient.java:createVolume(288)) - Creating Volume: testblockoutputstreamwithretries, with jenkins1000 as owner.
2019-08-20 03:21:53,671 INFO  rpc.RpcClient (RpcClient.java:createBucket(427)) - Creating Bucket: testblockoutputstreamwithretries/testblockoutputstreamwithretries, with Versioning false and Storage Type set to DISK and Encryption set to false 
2019-08-20 03:21:53,712 INFO  client.GrpcClientProtocolClient (GrpcClientProtocolClient.java:onNext(255)) - client-D9A26F6C4DFC->feb5a246-eecb-488b-8c66-a6561a6d2dd6: receive RaftClientReply:client-D9A26F6C4DFC->feb5a246-eecb-488b-8c66-a6561a6d2dd6@group-F0776E50E46F, cid=42, FAILED org.apache.ratis.protocol.NotLeaderException: Server feb5a246-eecb-488b-8c66-a6561a6d2dd6 is not the leader (null). Request must be sent to leader., logIndex=0, commits[feb5a246-eecb-488b-8c66-a6561a6d2dd6:c-1]
2019-08-20 03:21:54,258 INFO  container.ReplicationManager (ReplicationManager.java:start(152)) - Starting Replication Monitor Thread.
2019-08-20 03:21:54,262 INFO  container.ReplicationManager (ReplicationManager.java:run(215)) - Replication Monitor Thread took 0 milliseconds for processing 3 containers.
2019-08-20 03:21:54,740 INFO  client.GrpcClientProtocolClient (GrpcClientProtocolClient.java:onNext(255)) - client-D9A26F6C4DFC->c873431d-dd2c-424d-858f-cac9d922acb6: receive RaftClientReply:client-D9A26F6C4DFC->c873431d-dd2c-424d-858f-cac9d922acb6@group-F0776E50E46F, cid=42, FAILED org.apache.ratis.protocol.NotLeaderException: Server c873431d-dd2c-424d-858f-cac9d922acb6 is not the leader (null). Request must be sent to leader., logIndex=0, commits[c873431d-dd2c-424d-858f-cac9d922acb6:c-1]
2019-08-20 03:21:55,763 INFO  client.GrpcClientProtocolClient (GrpcClientProtocolClient.java:onNext(255)) - client-D9A26F6C4DFC->feb5a246-eecb-488b-8c66-a6561a6d2dd6: receive RaftClientReply:client-D9A26F6C4DFC->feb5a246-eecb-488b-8c66-a6561a6d2dd6@group-F0776E50E46F, cid=42, FAILED org.apache.ratis.protocol.NotLeaderException: Server feb5a246-eecb-488b-8c66-a6561a6d2dd6 is not the leader (null). Request must be sent to leader., logIndex=0, commits[feb5a246-eecb-488b-8c66-a6561a6d2dd6:c-1]
2019-08-20 03:21:56,428 INFO  impl.FollowerState (FollowerState.java:run(106)) - 8f621917-e309-448a-b7d2-29ad5c52a25b:group-1BBFF313D5CA changes to CANDIDATE, lastRpcTime:5109, electionTimeout:5109ms
2019-08-20 03:21:56,428 INFO  impl.RoleInfo (RoleInfo.java:shutdownFollowerState(121)) - 8f621917-e309-448a-b7d2-29ad5c52a25b: shutdown FollowerState
2019-08-20 03:21:56,429 INFO  impl.RaftServerImpl (RaftServerImpl.java:setRole(171)) - 8f621917-e309-448a-b7d2-29ad5c52a25b:group-1BBFF313D5CA changes role from FOLLOWER to CANDIDATE at term 0 for changeToCandidate
2019-08-20 03:21:56,429 INFO  impl.RoleInfo (RoleInfo.java:updateAndGet(143)) - 8f621917-e309-448a-b7d2-29ad5c52a25b: start LeaderElection
2019-08-20 03:21:56,451 INFO  impl.LeaderElection (LeaderElection.java:askForVotes(181)) - 8f621917-e309-448a-b7d2-29ad5c52a25b:group-1BBFF313D5CA:LeaderElection16: begin an election at term 1 for -1: [8f621917-e309-448a-b7d2-29ad5c52a25b:192.168.36.123:36875], old=null
2019-08-20 03:21:56,451 INFO  impl.RoleInfo (RoleInfo.java:shutdownLeaderElection(134)) - 8f621917-e309-448a-b7d2-29ad5c52a25b: shutdown LeaderElection
2019-08-20 03:21:56,451 INFO  impl.RaftServerImpl (RaftServerImpl.java:setRole(171)) - 8f621917-e309-448a-b7d2-29ad5c52a25b:group-1BBFF313D5CA changes role from CANDIDATE to LEADER at term 1 for changeToLeader
2019-08-20 03:21:56,451 INFO  impl.RaftServerImpl (ServerState.java:setLeader(263)) - 8f621917-e309-448a-b7d2-29ad5c52a25b:group-1BBFF313D5CA change Leader from null to 8f621917-e309-448a-b7d2-29ad5c52a25b at term 1 for becomeLeader, leader elected after 5139ms
2019-08-20 03:21:56,454 INFO  server.RaftServerConfigKeys (ConfUtils.java:logGet(43)) - raft.server.staging.catchup.gap = 1000 (default)
2019-08-20 03:21:56,454 INFO  server.RaftServerConfigKeys (ConfUtils.java:logGet(43)) - raft.server.rpc.sleep.time = 25ms (default)
2019-08-20 03:21:56,454 INFO  server.RaftServerConfigKeys (ConfUtils.java:logGet(43)) - raft.server.write.element-limit = 4096 (default)
2019-08-20 03:21:56,454 INFO  server.RaftServerConfigKeys (ConfUtils.java:logGet(43)) - raft.server.watch.timeout = 10s (default)
2019-08-20 03:21:56,454 INFO  server.RaftServerConfigKeys (ConfUtils.java:logGet(43)) - raft.server.watch.timeout.denomination = 1s (default)
2019-08-20 03:21:56,455 INFO  server.RaftServerConfigKeys (ConfUtils.java:logGet(43)) - raft.server.watch.element-limit = 65536 (default)
2019-08-20 03:21:56,455 INFO  impl.RoleInfo (RoleInfo.java:updateAndGet(143)) - 8f621917-e309-448a-b7d2-29ad5c52a25b: start LeaderState
2019-08-20 03:21:56,456 INFO  segmented.SegmentedRaftLogWorker (SegmentedRaftLogWorker.java:startLogSegment(380)) - 8f621917-e309-448a-b7d2-29ad5c52a25b-SegmentedRaftLogWorker:Storage Directory /workdir/hadoop-ozone/integration-test/target/test-dir/MiniOzoneClusterImpl-84cf6d8e-7da2-4c93-8e7d-b6cdc2cb985f/datanode-0/data/ratis/ad1d097a-f44d-4ae4-b7f2-1bbff313d5ca: Starting segment from index:0
2019-08-20 03:21:56,456 INFO  impl.RaftServerImpl (ServerState.java:setRaftConf(361)) - 8f621917-e309-448a-b7d2-29ad5c52a25b:group-1BBFF313D5CA set configuration 0: [8f621917-e309-448a-b7d2-29ad5c52a25b:192.168.36.123:36875], old=null at 0
2019-08-20 03:21:56,487 INFO  segmented.SegmentedRaftLogWorker (SegmentedRaftLogWorker.java:execute(569)) - 8f621917-e309-448a-b7d2-29ad5c52a25b-SegmentedRaftLogWorker:Storage Directory /workdir/hadoop-ozone/integration-test/target/test-dir/MiniOzoneClusterImpl-84cf6d8e-7da2-4c93-8e7d-b6cdc2cb985f/datanode-0/data/ratis/ad1d097a-f44d-4ae4-b7f2-1bbff313d5ca: created new log segment /workdir/hadoop-ozone/integration-test/target/test-dir/MiniOzoneClusterImpl-84cf6d8e-7da2-4c93-8e7d-b6cdc2cb985f/datanode-0/data/ratis/ad1d097a-f44d-4ae4-b7f2-1bbff313d5ca/current/log_inprogress_0
2019-08-20 03:21:56,572 INFO  impl.FollowerState (FollowerState.java:run(106)) - 3cc52965-b24f-4ade-b456-81120ebcb5f7:group-C2B6FA6DDEE4 changes to CANDIDATE, lastRpcTime:5043, electionTimeout:5043ms
2019-08-20 03:21:56,573 INFO  impl.RoleInfo (RoleInfo.java:shutdownFollowerState(121)) - 3cc52965-b24f-4ade-b456-81120ebcb5f7: shutdown FollowerState
2019-08-20 03:21:56,573 INFO  impl.RaftServerImpl (RaftServerImpl.java:setRole(171)) - 3cc52965-b24f-4ade-b456-81120ebcb5f7:group-C2B6FA6DDEE4 changes role from FOLLOWER to CANDIDATE at term 0 for changeToCandidate
2019-08-20 03:21:56,573 INFO  impl.RoleInfo (RoleInfo.java:updateAndGet(143)) - 3cc52965-b24f-4ade-b456-81120ebcb5f7: start LeaderElection
2019-08-20 03:21:56,607 INFO  impl.LeaderElection (LeaderElection.java:askForVotes(181)) - 3cc52965-b24f-4ade-b456-81120ebcb5f7:group-C2B6FA6DDEE4:LeaderElection17: begin an election at term 1 for -1: [3cc52965-b24f-4ade-b456-81120ebcb5f7:192.168.36.123:37436], old=null
2019-08-20 03:21:56,607 INFO  impl.RoleInfo (RoleInfo.java:shutdownLeaderElection(134)) - 3cc52965-b24f-4ade-b456-81120ebcb5f7: shutdown LeaderElection
2019-08-20 03:21:56,608 INFO  impl.RaftServerImpl (RaftServerImpl.java:setRole(171)) - 3cc52965-b24f-4ade-b456-81120ebcb5f7:group-C2B6FA6DDEE4 changes role from CANDIDATE to LEADER at term 1 for changeToLeader
2019-08-20 03:21:56,608 INFO  impl.RaftServerImpl (ServerState.java:setLeader(263)) - 3cc52965-b24f-4ade-b456-81120ebcb5f7:group-C2B6FA6DDEE4 change Leader from null to 3cc52965-b24f-4ade-b456-81120ebcb5f7 at term 1 for becomeLeader, leader elected after 5084ms
2019-08-20 03:21:56,610 INFO  server.RaftServerConfigKeys (ConfUtils.java:logGet(43)) - raft.server.staging.catchup.gap = 1000 (default)
2019-08-20 03:21:56,610 INFO  server.RaftServerConfigKeys (ConfUtils.java:logGet(43)) - raft.server.rpc.sleep.time = 25ms (default)
2019-08-20 03:21:56,610 INFO  server.RaftServerConfigKeys (ConfUtils.java:logGet(43)) - raft.server.write.element-limit = 4096 (default)
2019-08-20 03:21:56,611 INFO  server.RaftServerConfigKeys (ConfUtils.java:logGet(43)) - raft.server.watch.timeout = 10s (default)
2019-08-20 03:21:56,611 INFO  server.RaftServerConfigKeys (ConfUtils.java:logGet(43)) - raft.server.watch.timeout.denomination = 1s (default)
2019-08-20 03:21:56,611 INFO  server.RaftServerConfigKeys (ConfUtils.java:logGet(43)) - raft.server.watch.element-limit = 65536 (default)
2019-08-20 03:21:56,611 INFO  impl.RoleInfo (RoleInfo.java:updateAndGet(143)) - 3cc52965-b24f-4ade-b456-81120ebcb5f7: start LeaderState
2019-08-20 03:21:56,612 INFO  segmented.SegmentedRaftLogWorker (SegmentedRaftLogWorker.java:startLogSegment(380)) - 3cc52965-b24f-4ade-b456-81120ebcb5f7-SegmentedRaftLogWorker:Storage Directory /workdir/hadoop-ozone/integration-test/target/test-dir/MiniOzoneClusterImpl-84cf6d8e-7da2-4c93-8e7d-b6cdc2cb985f/datanode-1/data/ratis/5b6f0b74-09ea-4d66-a6cc-c2b6fa6ddee4: Starting segment from index:0
2019-08-20 03:21:56,612 INFO  impl.RaftServerImpl (ServerState.java:setRaftConf(361)) - 3cc52965-b24f-4ade-b456-81120ebcb5f7:group-C2B6FA6DDEE4 set configuration 0: [3cc52965-b24f-4ade-b456-81120ebcb5f7:192.168.36.123:37436], old=null at 0
2019-08-20 03:21:56,637 INFO  segmented.SegmentedRaftLogWorker (SegmentedRaftLogWorker.java:execute(569)) - 3cc52965-b24f-4ade-b456-81120ebcb5f7-SegmentedRaftLogWorker:Storage Directory /workdir/hadoop-ozone/integration-test/target/test-dir/MiniOzoneClusterImpl-84cf6d8e-7da2-4c93-8e7d-b6cdc2cb985f/datanode-1/data/ratis/5b6f0b74-09ea-4d66-a6cc-c2b6fa6ddee4: created new log segment /workdir/hadoop-ozone/integration-test/target/test-dir/MiniOzoneClusterImpl-84cf6d8e-7da2-4c93-8e7d-b6cdc2cb985f/datanode-1/data/ratis/5b6f0b74-09ea-4d66-a6cc-c2b6fa6ddee4/current/log_inprogress_0
2019-08-20 03:21:56,782 INFO  client.GrpcClientProtocolClient (GrpcClientProtocolClient.java:onNext(255)) - client-D9A26F6C4DFC->c873431d-dd2c-424d-858f-cac9d922acb6: receive RaftClientReply:client-D9A26F6C4DFC->c873431d-dd2c-424d-858f-cac9d922acb6@group-F0776E50E46F, cid=42, FAILED org.apache.ratis.protocol.NotLeaderException: Server c873431d-dd2c-424d-858f-cac9d922acb6 is not the leader (null). Request must be sent to leader., logIndex=0, commits[c873431d-dd2c-424d-858f-cac9d922acb6:c-1]
2019-08-20 03:21:56,852 INFO  impl.FollowerState (FollowerState.java:run(106)) - 8f621917-e309-448a-b7d2-29ad5c52a25b:group-517F37DA4231 changes to CANDIDATE, lastRpcTime:5035, electionTimeout:5035ms
2019-08-20 03:21:56,852 INFO  impl.RoleInfo (RoleInfo.java:shutdownFollowerState(121)) - 8f621917-e309-448a-b7d2-29ad5c52a25b: shutdown FollowerState
2019-08-20 03:21:56,852 INFO  impl.RaftServerImpl (RaftServerImpl.java:setRole(171)) - 8f621917-e309-448a-b7d2-29ad5c52a25b:group-517F37DA4231 changes role from FOLLOWER to CANDIDATE at term 0 for changeToCandidate
2019-08-20 03:21:56,852 INFO  impl.RoleInfo (RoleInfo.java:updateAndGet(143)) - 8f621917-e309-448a-b7d2-29ad5c52a25b: start LeaderElection
2019-08-20 03:21:56,871 INFO  impl.LeaderElection (LeaderElection.java:askForVotes(181)) - 8f621917-e309-448a-b7d2-29ad5c52a25b:group-517F37DA4231:LeaderElection18: begin an election at term 1 for -1: [3cc52965-b24f-4ade-b456-81120ebcb5f7:192.168.36.123:37436, 8f621917-e309-448a-b7d2-29ad5c52a25b:192.168.36.123:36875, f82856fb-d116-4006-bb10-cc10654ec057:192.168.36.123:32774], old=null
2019-08-20 03:21:56,875 INFO  impl.FollowerState (FollowerState.java:run(106)) - 3cc52965-b24f-4ade-b456-81120ebcb5f7:group-517F37DA4231 changes to CANDIDATE, lastRpcTime:5058, electionTimeout:5058ms
2019-08-20 03:21:56,875 INFO  impl.RoleInfo (RoleInfo.java:shutdownFollowerState(121)) - 3cc52965-b24f-4ade-b456-81120ebcb5f7: shutdown FollowerState
2019-08-20 03:21:56,875 INFO  impl.RaftServerImpl (RaftServerImpl.java:setRole(171)) - 3cc52965-b24f-4ade-b456-81120ebcb5f7:group-517F37DA4231 changes role from FOLLOWER to CANDIDATE at term 0 for changeToCandidate
2019-08-20 03:21:56,875 INFO  impl.RoleInfo (RoleInfo.java:updateAndGet(143)) - 3cc52965-b24f-4ade-b456-81120ebcb5f7: start LeaderElection
2019-08-20 03:21:56,889 INFO  impl.FollowerState (FollowerState.java:run(106)) - f82856fb-d116-4006-bb10-cc10654ec057:group-517F37DA4231 changes to CANDIDATE, lastRpcTime:5106, electionTimeout:5101ms
2019-08-20 03:21:56,889 INFO  impl.RoleInfo (RoleInfo.java:shutdownFollowerState(121)) - f82856fb-d116-4006-bb10-cc10654ec057: shutdown FollowerState
2019-08-20 03:21:56,889 INFO  impl.RaftServerImpl (RaftServerImpl.java:setRole(171)) - f82856fb-d116-4006-bb10-cc10654ec057:group-517F37DA4231 changes role from FOLLOWER to CANDIDATE at term 0 for changeToCandidate
2019-08-20 03:21:56,890 INFO  impl.RoleInfo (RoleInfo.java:updateAndGet(143)) - f82856fb-d116-4006-bb10-cc10654ec057: start LeaderElection
2019-08-20 03:21:56,899 INFO  impl.FollowerState (FollowerState.java:run(106)) - f82856fb-d116-4006-bb10-cc10654ec057:group-7F7F4D006E11 changes to CANDIDATE, lastRpcTime:5182, electionTimeout:5181ms
2019-08-20 03:21:56,899 INFO  impl.RoleInfo (RoleInfo.java:shutdownFollowerState(121)) - f82856fb-d116-4006-bb10-cc10654ec057: shutdown FollowerState
2019-08-20 03:21:56,899 INFO  impl.RaftServerImpl (RaftServerImpl.java:setRole(171)) - f82856fb-d116-4006-bb10-cc10654ec057:group-7F7F4D006E11 changes role from FOLLOWER to CANDIDATE at term 0 for changeToCandidate
2019-08-20 03:21:56,899 INFO  impl.RoleInfo (RoleInfo.java:updateAndGet(143)) - f82856fb-d116-4006-bb10-cc10654ec057: start LeaderElection
2019-08-20 03:21:56,906 INFO  impl.LeaderElection (LeaderElection.java:askForVotes(181)) - 3cc52965-b24f-4ade-b456-81120ebcb5f7:group-517F37DA4231:LeaderElection19: begin an election at term 1 for -1: [3cc52965-b24f-4ade-b456-81120ebcb5f7:192.168.36.123:37436, 8f621917-e309-448a-b7d2-29ad5c52a25b:192.168.36.123:36875, f82856fb-d116-4006-bb10-cc10654ec057:192.168.36.123:32774], old=null
2019-08-20 03:21:56,908 INFO  impl.LeaderElection (LeaderElection.java:askForVotes(181)) - f82856fb-d116-4006-bb10-cc10654ec057:group-517F37DA4231:LeaderElection20: begin an election at term 1 for -1: [3cc52965-b24f-4ade-b456-81120ebcb5f7:192.168.36.123:37436, 8f621917-e309-448a-b7d2-29ad5c52a25b:192.168.36.123:36875, f82856fb-d116-4006-bb10-cc10654ec057:192.168.36.123:32774], old=null
2019-08-20 03:21:56,914 INFO  impl.LeaderElection (LeaderElection.java:logAndReturn(56)) - 8f621917-e309-448a-b7d2-29ad5c52a25b:group-517F37DA4231:LeaderElection18: Election REJECTED; received 2 response(s) [8f621917-e309-448a-b7d2-29ad5c52a25b<-3cc52965-b24f-4ade-b456-81120ebcb5f7#0:FAIL-t1, 8f621917-e309-448a-b7d2-29ad5c52a25b<-f82856fb-d116-4006-bb10-cc10654ec057#0:FAIL-t1] and 0 exception(s); 8f621917-e309-448a-b7d2-29ad5c52a25b:t1, leader=null, voted=8f621917-e309-448a-b7d2-29ad5c52a25b, raftlog=8f621917-e309-448a-b7d2-29ad5c52a25b-SegmentedRaftLog:OPENED:c-1,f-1,i0, conf=-1: [3cc52965-b24f-4ade-b456-81120ebcb5f7:192.168.36.123:37436, 8f621917-e309-448a-b7d2-29ad5c52a25b:192.168.36.123:36875, f82856fb-d116-4006-bb10-cc10654ec057:192.168.36.123:32774], old=null
2019-08-20 03:21:56,914 INFO  impl.RaftServerImpl (RaftServerImpl.java:setRole(171)) - 8f621917-e309-448a-b7d2-29ad5c52a25b:group-517F37DA4231 changes role from CANDIDATE to FOLLOWER at term 1 for DISCOVERED_A_NEW_TERM
2019-08-20 03:21:56,915 INFO  impl.RoleInfo (RoleInfo.java:shutdownLeaderElection(134)) - 8f621917-e309-448a-b7d2-29ad5c52a25b: shutdown LeaderElection
2019-08-20 03:21:56,915 INFO  impl.RoleInfo (RoleInfo.java:updateAndGet(143)) - 8f621917-e309-448a-b7d2-29ad5c52a25b: start FollowerState
2019-08-20 03:21:56,928 INFO  impl.LeaderElection (LeaderElection.java:askForVotes(181)) - f82856fb-d116-4006-bb10-cc10654ec057:group-7F7F4D006E11:LeaderElection21: begin an election at term 1 for -1: [f82856fb-d116-4006-bb10-cc10654ec057:192.168.36.123:32774], old=null
2019-08-20 03:21:56,938 INFO  impl.RoleInfo (RoleInfo.java:shutdownLeaderElection(134)) - f82856fb-d116-4006-bb10-cc10654ec057: shutdown LeaderElection
2019-08-20 03:21:56,938 INFO  impl.RaftServerImpl (RaftServerImpl.java:setRole(171)) - f82856fb-d116-4006-bb10-cc10654ec057:group-7F7F4D006E11 changes role from CANDIDATE to LEADER at term 1 for changeToLeader
2019-08-20 03:21:56,938 INFO  impl.RaftServerImpl (ServerState.java:setLeader(263)) - f82856fb-d116-4006-bb10-cc10654ec057:group-7F7F4D006E11 change Leader from null to f82856fb-d116-4006-bb10-cc10654ec057 at term 1 for becomeLeader, leader elected after 5227ms
2019-08-20 03:21:56,941 INFO  server.RaftServerConfigKeys (ConfUtils.java:logGet(43)) - raft.server.staging.catchup.gap = 1000 (default)
2019-08-20 03:21:56,941 INFO  server.RaftServerConfigKeys (ConfUtils.java:logGet(43)) - raft.server.rpc.sleep.time = 25ms (default)
2019-08-20 03:21:56,944 INFO  server.RaftServerConfigKeys (ConfUtils.java:logGet(43)) - raft.server.write.element-limit = 4096 (default)
2019-08-20 03:21:56,944 INFO  server.RaftServerConfigKeys (ConfUtils.java:logGet(43)) - raft.server.watch.timeout = 10s (default)
2019-08-20 03:21:56,944 INFO  server.RaftServerConfigKeys (ConfUtils.java:logGet(43)) - raft.server.watch.timeout.denomination = 1s (default)
2019-08-20 03:21:56,944 INFO  server.RaftServerConfigKeys (ConfUtils.java:logGet(43)) - raft.server.watch.element-limit = 65536 (default)
2019-08-20 03:21:56,944 INFO  impl.LeaderElection (LeaderElection.java:logAndReturn(56)) - 3cc52965-b24f-4ade-b456-81120ebcb5f7:group-517F37DA4231:LeaderElection19: Election REJECTED; received 2 response(s) [3cc52965-b24f-4ade-b456-81120ebcb5f7<-8f621917-e309-448a-b7d2-29ad5c52a25b#0:FAIL-t1, 3cc52965-b24f-4ade-b456-81120ebcb5f7<-f82856fb-d116-4006-bb10-cc10654ec057#0:FAIL-t1] and 0 exception(s); 3cc52965-b24f-4ade-b456-81120ebcb5f7:t1, leader=null, voted=3cc52965-b24f-4ade-b456-81120ebcb5f7, raftlog=3cc52965-b24f-4ade-b456-81120ebcb5f7-SegmentedRaftLog:OPENED:c-1,f-1,i0, conf=-1: [3cc52965-b24f-4ade-b456-81120ebcb5f7:192.168.36.123:37436, 8f621917-e309-448a-b7d2-29ad5c52a25b:192.168.36.123:36875, f82856fb-d116-4006-bb10-cc10654ec057:192.168.36.123:32774], old=null
2019-08-20 03:21:56,944 INFO  impl.LeaderElection (LeaderElection.java:logAndReturn(56)) - f82856fb-d116-4006-bb10-cc10654ec057:group-517F37DA4231:LeaderElection20: Election REJECTED; received 2 response(s) [f82856fb-d116-4006-bb10-cc10654ec057<-3cc52965-b24f-4ade-b456-81120ebcb5f7#0:FAIL-t1, f82856fb-d116-4006-bb10-cc10654ec057<-8f621917-e309-448a-b7d2-29ad5c52a25b#0:FAIL-t1] and 0 exception(s); f82856fb-d116-4006-bb10-cc10654ec057:t1, leader=null, voted=f82856fb-d116-4006-bb10-cc10654ec057, raftlog=f82856fb-d116-4006-bb10-cc10654ec057-SegmentedRaftLog:OPENED:c-1,f-1,i0, conf=-1: [3cc52965-b24f-4ade-b456-81120ebcb5f7:192.168.36.123:37436, 8f621917-e309-448a-b7d2-29ad5c52a25b:192.168.36.123:36875, f82856fb-d116-4006-bb10-cc10654ec057:192.168.36.123:32774], old=null
2019-08-20 03:21:56,945 INFO  impl.RaftServerImpl (RaftServerImpl.java:setRole(171)) - 3cc52965-b24f-4ade-b456-81120ebcb5f7:group-517F37DA4231 changes role from CANDIDATE to FOLLOWER at term 1 for DISCOVERED_A_NEW_TERM
2019-08-20 03:21:56,945 INFO  impl.RaftServerImpl (RaftServerImpl.java:setRole(171)) - f82856fb-d116-4006-bb10-cc10654ec057:group-517F37DA4231 changes role from CANDIDATE to FOLLOWER at term 1 for DISCOVERED_A_NEW_TERM
2019-08-20 03:21:56,944 INFO  impl.RoleInfo (RoleInfo.java:updateAndGet(143)) - f82856fb-d116-4006-bb10-cc10654ec057: start LeaderState
2019-08-20 03:21:56,945 INFO  impl.RoleInfo (RoleInfo.java:shutdownLeaderElection(134)) - f82856fb-d116-4006-bb10-cc10654ec057: shutdown LeaderElection
2019-08-20 03:21:56,945 INFO  impl.RoleInfo (RoleInfo.java:shutdownLeaderElection(134)) - 3cc52965-b24f-4ade-b456-81120ebcb5f7: shutdown LeaderElection
2019-08-20 03:21:56,945 INFO  impl.RoleInfo (RoleInfo.java:updateAndGet(143)) - f82856fb-d116-4006-bb10-cc10654ec057: start FollowerState
2019-08-20 03:21:56,945 INFO  segmented.SegmentedRaftLogWorker (SegmentedRaftLogWorker.java:startLogSegment(380)) - f82856fb-d116-4006-bb10-cc10654ec057-SegmentedRaftLogWorker:Storage Directory /workdir/hadoop-ozone/integration-test/target/test-dir/MiniOzoneClusterImpl-84cf6d8e-7da2-4c93-8e7d-b6cdc2cb985f/datanode-2/data/ratis/c085d131-50e2-43cb-8376-7f7f4d006e11: Starting segment from index:0
2019-08-20 03:21:56,945 INFO  impl.RoleInfo (RoleInfo.java:updateAndGet(143)) - 3cc52965-b24f-4ade-b456-81120ebcb5f7: start FollowerState
2019-08-20 03:21:56,946 INFO  impl.RaftServerImpl (ServerState.java:setRaftConf(361)) - f82856fb-d116-4006-bb10-cc10654ec057:group-7F7F4D006E11 set configuration 0: [f82856fb-d116-4006-bb10-cc10654ec057:192.168.36.123:32774], old=null at 0
2019-08-20 03:21:56,986 INFO  segmented.SegmentedRaftLogWorker (SegmentedRaftLogWorker.java:execute(569)) - f82856fb-d116-4006-bb10-cc10654ec057-SegmentedRaftLogWorker:Storage Directory /workdir/hadoop-ozone/integration-test/target/test-dir/MiniOzoneClusterImpl-84cf6d8e-7da2-4c93-8e7d-b6cdc2cb985f/datanode-2/data/ratis/c085d131-50e2-43cb-8376-7f7f4d006e11: created new log segment /workdir/hadoop-ozone/integration-test/target/test-dir/MiniOzoneClusterImpl-84cf6d8e-7da2-4c93-8e7d-b6cdc2cb985f/datanode-2/data/ratis/c085d131-50e2-43cb-8376-7f7f4d006e11/current/log_inprogress_0
2019-08-20 03:21:57,018 INFO  impl.FollowerState (FollowerState.java:run(106)) - feb5a246-eecb-488b-8c66-a6561a6d2dd6:group-5ACFF0AB292B changes to CANDIDATE, lastRpcTime:5085, electionTimeout:5085ms
2019-08-20 03:21:57,018 INFO  impl.RoleInfo (RoleInfo.java:shutdownFollowerState(121)) - feb5a246-eecb-488b-8c66-a6561a6d2dd6: shutdown FollowerState
2019-08-20 03:21:57,018 INFO  impl.RaftServerImpl (RaftServerImpl.java:setRole(171)) - feb5a246-eecb-488b-8c66-a6561a6d2dd6:group-5ACFF0AB292B changes role from FOLLOWER to CANDIDATE at term 0 for changeToCandidate
2019-08-20 03:21:57,019 INFO  impl.RoleInfo (RoleInfo.java:updateAndGet(143)) - feb5a246-eecb-488b-8c66-a6561a6d2dd6: start LeaderElection
2019-08-20 03:21:57,038 INFO  impl.LeaderElection (LeaderElection.java:askForVotes(181)) - feb5a246-eecb-488b-8c66-a6561a6d2dd6:group-5ACFF0AB292B:LeaderElection22: begin an election at term 1 for -1: [feb5a246-eecb-488b-8c66-a6561a6d2dd6:192.168.36.123:35979], old=null
2019-08-20 03:21:57,038 INFO  impl.RoleInfo (RoleInfo.java:shutdownLeaderElection(134)) - feb5a246-eecb-488b-8c66-a6561a6d2dd6: shutdown LeaderElection
2019-08-20 03:21:57,038 INFO  impl.RaftServerImpl (RaftServerImpl.java:setRole(171)) - feb5a246-eecb-488b-8c66-a6561a6d2dd6:group-5ACFF0AB292B changes role from CANDIDATE to LEADER at term 1 for changeToLeader
2019-08-20 03:21:57,038 INFO  impl.RaftServerImpl (ServerState.java:setLeader(263)) - feb5a246-eecb-488b-8c66-a6561a6d2dd6:group-5ACFF0AB292B change Leader from null to feb5a246-eecb-488b-8c66-a6561a6d2dd6 at term 1 for becomeLeader, leader elected after 5110ms
2019-08-20 03:21:57,040 INFO  server.RaftServerConfigKeys (ConfUtils.java:logGet(43)) - raft.server.staging.catchup.gap = 1000 (default)
2019-08-20 03:21:57,041 INFO  server.RaftServerConfigKeys (ConfUtils.java:logGet(43)) - raft.server.rpc.sleep.time = 25ms (default)
2019-08-20 03:21:57,041 INFO  server.RaftServerConfigKeys (ConfUtils.java:logGet(43)) - raft.server.write.element-limit = 4096 (default)
2019-08-20 03:21:57,041 INFO  server.RaftServerConfigKeys (ConfUtils.java:logGet(43)) - raft.server.watch.timeout = 10s (default)
2019-08-20 03:21:57,041 INFO  server.RaftServerConfigKeys (ConfUtils.java:logGet(43)) - raft.server.watch.timeout.denomination = 1s (default)
2019-08-20 03:21:57,041 INFO  server.RaftServerConfigKeys (ConfUtils.java:logGet(43)) - raft.server.watch.element-limit = 65536 (default)
2019-08-20 03:21:57,042 INFO  impl.RoleInfo (RoleInfo.java:updateAndGet(143)) - feb5a246-eecb-488b-8c66-a6561a6d2dd6: start LeaderState
2019-08-20 03:21:57,042 INFO  segmented.SegmentedRaftLogWorker (SegmentedRaftLogWorker.java:startLogSegment(380)) - feb5a246-eecb-488b-8c66-a6561a6d2dd6-SegmentedRaftLogWorker:Storage Directory /workdir/hadoop-ozone/integration-test/target/test-dir/MiniOzoneClusterImpl-84cf6d8e-7da2-4c93-8e7d-b6cdc2cb985f/datanode-3/data/ratis/dd6f371e-2f5d-4994-8584-5acff0ab292b: Starting segment from index:0
2019-08-20 03:21:57,042 INFO  impl.RaftServerImpl (ServerState.java:setRaftConf(361)) - feb5a246-eecb-488b-8c66-a6561a6d2dd6:group-5ACFF0AB292B set configuration 0: [feb5a246-eecb-488b-8c66-a6561a6d2dd6:192.168.36.123:35979], old=null at 0
2019-08-20 03:21:57,076 INFO  segmented.SegmentedRaftLogWorker (SegmentedRaftLogWorker.java:execute(569)) - feb5a246-eecb-488b-8c66-a6561a6d2dd6-SegmentedRaftLogWorker:Storage Directory /workdir/hadoop-ozone/integration-test/target/test-dir/MiniOzoneClusterImpl-84cf6d8e-7da2-4c93-8e7d-b6cdc2cb985f/datanode-3/data/ratis/dd6f371e-2f5d-4994-8584-5acff0ab292b: created new log segment /workdir/hadoop-ozone/integration-test/target/test-dir/MiniOzoneClusterImpl-84cf6d8e-7da2-4c93-8e7d-b6cdc2cb985f/datanode-3/data/ratis/dd6f371e-2f5d-4994-8584-5acff0ab292b/current/log_inprogress_0
2019-08-20 03:21:57,313 INFO  impl.FollowerState (FollowerState.java:run(106)) - af76d286-0381-46ea-bc73-c25b997719ac:group-63EC6CCED95F changes to CANDIDATE, lastRpcTime:5023, electionTimeout:5023ms
2019-08-20 03:21:57,313 INFO  impl.RoleInfo (RoleInfo.java:shutdownFollowerState(121)) - af76d286-0381-46ea-bc73-c25b997719ac: shutdown FollowerState
2019-08-20 03:21:57,313 INFO  impl.RaftServerImpl (RaftServerImpl.java:setRole(171)) - af76d286-0381-46ea-bc73-c25b997719ac:group-63EC6CCED95F changes role from FOLLOWER to CANDIDATE at term 0 for changeToCandidate
2019-08-20 03:21:57,313 INFO  impl.RoleInfo (RoleInfo.java:updateAndGet(143)) - af76d286-0381-46ea-bc73-c25b997719ac: start LeaderElection
2019-08-20 03:21:57,330 INFO  impl.LeaderElection (LeaderElection.java:askForVotes(181)) - af76d286-0381-46ea-bc73-c25b997719ac:group-63EC6CCED95F:LeaderElection23: begin an election at term 1 for -1: [af76d286-0381-46ea-bc73-c25b997719ac:192.168.36.123:39714], old=null
2019-08-20 03:21:57,330 INFO  impl.RoleInfo (RoleInfo.java:shutdownLeaderElection(134)) - af76d286-0381-46ea-bc73-c25b997719ac: shutdown LeaderElection
2019-08-20 03:21:57,331 INFO  impl.RaftServerImpl (RaftServerImpl.java:setRole(171)) - af76d286-0381-46ea-bc73-c25b997719ac:group-63EC6CCED95F changes role from CANDIDATE to LEADER at term 1 for changeToLeader
2019-08-20 03:21:57,331 INFO  impl.RaftServerImpl (ServerState.java:setLeader(263)) - af76d286-0381-46ea-bc73-c25b997719ac:group-63EC6CCED95F change Leader from null to af76d286-0381-46ea-bc73-c25b997719ac at term 1 for becomeLeader, leader elected after 5046ms
2019-08-20 03:21:57,333 INFO  server.RaftServerConfigKeys (ConfUtils.java:logGet(43)) - raft.server.staging.catchup.gap = 1000 (default)
2019-08-20 03:21:57,333 INFO  server.RaftServerConfigKeys (ConfUtils.java:logGet(43)) - raft.server.rpc.sleep.time = 25ms (default)
2019-08-20 03:21:57,333 INFO  server.RaftServerConfigKeys (ConfUtils.java:logGet(43)) - raft.server.write.element-limit = 4096 (default)
2019-08-20 03:21:57,334 INFO  server.RaftServerConfigKeys (ConfUtils.java:logGet(43)) - raft.server.watch.timeout = 10s (default)
2019-08-20 03:21:57,334 INFO  server.RaftServerConfigKeys (ConfUtils.java:logGet(43)) - raft.server.watch.timeout.denomination = 1s (default)
2019-08-20 03:21:57,334 INFO  server.RaftServerConfigKeys (ConfUtils.java:logGet(43)) - raft.server.watch.element-limit = 65536 (default)
2019-08-20 03:21:57,334 INFO  impl.RoleInfo (RoleInfo.java:updateAndGet(143)) - af76d286-0381-46ea-bc73-c25b997719ac: start LeaderState
2019-08-20 03:21:57,334 INFO  segmented.SegmentedRaftLogWorker (SegmentedRaftLogWorker.java:startLogSegment(380)) - af76d286-0381-46ea-bc73-c25b997719ac-SegmentedRaftLogWorker:Storage Directory /workdir/hadoop-ozone/integration-test/target/test-dir/MiniOzoneClusterImpl-84cf6d8e-7da2-4c93-8e7d-b6cdc2cb985f/datanode-4/data/ratis/4a821784-780b-4756-9ab4-63ec6cced95f: Starting segment from index:0
2019-08-20 03:21:57,335 INFO  impl.RaftServerImpl (ServerState.java:setRaftConf(361)) - af76d286-0381-46ea-bc73-c25b997719ac:group-63EC6CCED95F set configuration 0: [af76d286-0381-46ea-bc73-c25b997719ac:192.168.36.123:39714], old=null at 0
2019-08-20 03:21:57,368 INFO  segmented.SegmentedRaftLogWorker (SegmentedRaftLogWorker.java:execute(569)) - af76d286-0381-46ea-bc73-c25b997719ac-SegmentedRaftLogWorker:Storage Directory /workdir/hadoop-ozone/integration-test/target/test-dir/MiniOzoneClusterImpl-84cf6d8e-7da2-4c93-8e7d-b6cdc2cb985f/datanode-4/data/ratis/4a821784-780b-4756-9ab4-63ec6cced95f: created new log segment /workdir/hadoop-ozone/integration-test/target/test-dir/MiniOzoneClusterImpl-84cf6d8e-7da2-4c93-8e7d-b6cdc2cb985f/datanode-4/data/ratis/4a821784-780b-4756-9ab4-63ec6cced95f/current/log_inprogress_0
2019-08-20 03:21:57,585 INFO  impl.FollowerState (FollowerState.java:run(106)) - c873431d-dd2c-424d-858f-cac9d922acb6:group-F0BDD2231E81 changes to CANDIDATE, lastRpcTime:5083, electionTimeout:5083ms
2019-08-20 03:21:57,585 INFO  impl.RoleInfo (RoleInfo.java:shutdownFollowerState(121)) - c873431d-dd2c-424d-858f-cac9d922acb6: shutdown FollowerState
2019-08-20 03:21:57,585 INFO  impl.RaftServerImpl (RaftServerImpl.java:setRole(171)) - c873431d-dd2c-424d-858f-cac9d922acb6:group-F0BDD2231E81 changes role from FOLLOWER to CANDIDATE at term 0 for changeToCandidate
2019-08-20 03:21:57,585 INFO  impl.RoleInfo (RoleInfo.java:updateAndGet(143)) - c873431d-dd2c-424d-858f-cac9d922acb6: start LeaderElection
2019-08-20 03:21:57,603 INFO  impl.LeaderElection (LeaderElection.java:askForVotes(181)) - c873431d-dd2c-424d-858f-cac9d922acb6:group-F0BDD2231E81:LeaderElection24: begin an election at term 1 for -1: [c873431d-dd2c-424d-858f-cac9d922acb6:192.168.36.123:40173], old=null
2019-08-20 03:21:57,603 INFO  impl.RoleInfo (RoleInfo.java:shutdownLeaderElection(134)) - c873431d-dd2c-424d-858f-cac9d922acb6: shutdown LeaderElection
2019-08-20 03:21:57,604 INFO  impl.RaftServerImpl (RaftServerImpl.java:setRole(171)) - c873431d-dd2c-424d-858f-cac9d922acb6:group-F0BDD2231E81 changes role from CANDIDATE to LEADER at term 1 for changeToLeader
2019-08-20 03:21:57,604 INFO  impl.RaftServerImpl (ServerState.java:setLeader(263)) - c873431d-dd2c-424d-858f-cac9d922acb6:group-F0BDD2231E81 change Leader from null to c873431d-dd2c-424d-858f-cac9d922acb6 at term 1 for becomeLeader, leader elected after 5108ms
2019-08-20 03:21:57,605 INFO  server.RaftServerConfigKeys (ConfUtils.java:logGet(43)) - raft.server.staging.catchup.gap = 1000 (default)
2019-08-20 03:21:57,606 INFO  server.RaftServerConfigKeys (ConfUtils.java:logGet(43)) - raft.server.rpc.sleep.time = 25ms (default)
2019-08-20 03:21:57,606 INFO  server.RaftServerConfigKeys (ConfUtils.java:logGet(43)) - raft.server.write.element-limit = 4096 (default)
2019-08-20 03:21:57,606 INFO  server.RaftServerConfigKeys (ConfUtils.java:logGet(43)) - raft.server.watch.timeout = 10s (default)
2019-08-20 03:21:57,606 INFO  server.RaftServerConfigKeys (ConfUtils.java:logGet(43)) - raft.server.watch.timeout.denomination = 1s (default)
2019-08-20 03:21:57,606 INFO  server.RaftServerConfigKeys (ConfUtils.java:logGet(43)) - raft.server.watch.element-limit = 65536 (default)
2019-08-20 03:21:57,607 INFO  impl.RoleInfo (RoleInfo.java:updateAndGet(143)) - c873431d-dd2c-424d-858f-cac9d922acb6: start LeaderState
2019-08-20 03:21:57,607 INFO  segmented.SegmentedRaftLogWorker (SegmentedRaftLogWorker.java:startLogSegment(380)) - c873431d-dd2c-424d-858f-cac9d922acb6-SegmentedRaftLogWorker:Storage Directory /workdir/hadoop-ozone/integration-test/target/test-dir/MiniOzoneClusterImpl-84cf6d8e-7da2-4c93-8e7d-b6cdc2cb985f/datanode-5/data/ratis/28fbe42b-0c95-4999-8c87-f0bdd2231e81: Starting segment from index:0
2019-08-20 03:21:57,608 INFO  impl.RaftServerImpl (ServerState.java:setRaftConf(361)) - c873431d-dd2c-424d-858f-cac9d922acb6:group-F0BDD2231E81 set configuration 0: [c873431d-dd2c-424d-858f-cac9d922acb6:192.168.36.123:40173], old=null at 0
2019-08-20 03:21:57,641 INFO  segmented.SegmentedRaftLogWorker (SegmentedRaftLogWorker.java:execute(569)) - c873431d-dd2c-424d-858f-cac9d922acb6-SegmentedRaftLogWorker:Storage Directory /workdir/hadoop-ozone/integration-test/target/test-dir/MiniOzoneClusterImpl-84cf6d8e-7da2-4c93-8e7d-b6cdc2cb985f/datanode-5/data/ratis/28fbe42b-0c95-4999-8c87-f0bdd2231e81: created new log segment /workdir/hadoop-ozone/integration-test/target/test-dir/MiniOzoneClusterImpl-84cf6d8e-7da2-4c93-8e7d-b6cdc2cb985f/datanode-5/data/ratis/28fbe42b-0c95-4999-8c87-f0bdd2231e81/current/log_inprogress_0
2019-08-20 03:21:57,695 INFO  impl.FollowerState (FollowerState.java:run(106)) - d51d9641-3229-439d-b443-7a39d972eb3a:group-96EF3210B1CB changes to CANDIDATE, lastRpcTime:5035, electionTimeout:5035ms
2019-08-20 03:21:57,695 INFO  impl.RoleInfo (RoleInfo.java:shutdownFollowerState(121)) - d51d9641-3229-439d-b443-7a39d972eb3a: shutdown FollowerState
2019-08-20 03:21:57,695 INFO  impl.RaftServerImpl (RaftServerImpl.java:setRole(171)) - d51d9641-3229-439d-b443-7a39d972eb3a:group-96EF3210B1CB changes role from FOLLOWER to CANDIDATE at term 0 for changeToCandidate
2019-08-20 03:21:57,695 INFO  impl.RoleInfo (RoleInfo.java:updateAndGet(143)) - d51d9641-3229-439d-b443-7a39d972eb3a: start LeaderElection
2019-08-20 03:21:57,701 INFO  impl.FollowerState (FollowerState.java:run(106)) - af76d286-0381-46ea-bc73-c25b997719ac:group-F0776E50E46F changes to CANDIDATE, lastRpcTime:5115, electionTimeout:5115ms
2019-08-20 03:21:57,701 INFO  impl.RoleInfo (RoleInfo.java:shutdownFollowerState(121)) - af76d286-0381-46ea-bc73-c25b997719ac: shutdown FollowerState
2019-08-20 03:21:57,701 INFO  impl.RaftServerImpl (RaftServerImpl.java:setRole(171)) - af76d286-0381-46ea-bc73-c25b997719ac:group-F0776E50E46F changes role from FOLLOWER to CANDIDATE at term 0 for changeToCandidate
2019-08-20 03:21:57,702 INFO  impl.RoleInfo (RoleInfo.java:updateAndGet(143)) - af76d286-0381-46ea-bc73-c25b997719ac: start LeaderElection
2019-08-20 03:21:57,712 INFO  impl.FollowerState (FollowerState.java:run(106)) - c873431d-dd2c-424d-858f-cac9d922acb6:group-F0776E50E46F changes to CANDIDATE, lastRpcTime:5130, electionTimeout:5130ms
2019-08-20 03:21:57,712 INFO  impl.RoleInfo (RoleInfo.java:shutdownFollowerState(121)) - c873431d-dd2c-424d-858f-cac9d922acb6: shutdown FollowerState
2019-08-20 03:21:57,712 INFO  impl.RaftServerImpl (RaftServerImpl.java:setRole(171)) - c873431d-dd2c-424d-858f-cac9d922acb6:group-F0776E50E46F changes role from FOLLOWER to CANDIDATE at term 0 for changeToCandidate
2019-08-20 03:21:57,712 INFO  impl.RoleInfo (RoleInfo.java:updateAndGet(143)) - c873431d-dd2c-424d-858f-cac9d922acb6: start LeaderElection
2019-08-20 03:21:57,716 INFO  impl.LeaderElection (LeaderElection.java:askForVotes(181)) - d51d9641-3229-439d-b443-7a39d972eb3a:group-96EF3210B1CB:LeaderElection25: begin an election at term 1 for -1: [d51d9641-3229-439d-b443-7a39d972eb3a:192.168.36.123:40504], old=null
2019-08-20 03:21:57,716 INFO  impl.LeaderElection (LeaderElection.java:askForVotes(181)) - af76d286-0381-46ea-bc73-c25b997719ac:group-F0776E50E46F:LeaderElection26: begin an election at term 1 for -1: [c873431d-dd2c-424d-858f-cac9d922acb6:192.168.36.123:40173, af76d286-0381-46ea-bc73-c25b997719ac:192.168.36.123:39714, feb5a246-eecb-488b-8c66-a6561a6d2dd6:192.168.36.123:35979], old=null
2019-08-20 03:21:57,717 INFO  impl.RoleInfo (RoleInfo.java:shutdownLeaderElection(134)) - d51d9641-3229-439d-b443-7a39d972eb3a: shutdown LeaderElection
2019-08-20 03:21:57,717 INFO  impl.RaftServerImpl (RaftServerImpl.java:setRole(171)) - d51d9641-3229-439d-b443-7a39d972eb3a:group-96EF3210B1CB changes role from CANDIDATE to LEADER at term 1 for changeToLeader
2019-08-20 03:21:57,717 INFO  impl.RaftServerImpl (ServerState.java:setLeader(263)) - d51d9641-3229-439d-b443-7a39d972eb3a:group-96EF3210B1CB change Leader from null to d51d9641-3229-439d-b443-7a39d972eb3a at term 1 for becomeLeader, leader elected after 5063ms
2019-08-20 03:21:57,731 INFO  server.RaftServerConfigKeys (ConfUtils.java:logGet(43)) - raft.server.staging.catchup.gap = 1000 (default)
2019-08-20 03:21:57,735 INFO  impl.LeaderElection (LeaderElection.java:askForVotes(181)) - c873431d-dd2c-424d-858f-cac9d922acb6:group-F0776E50E46F:LeaderElection27: begin an election at term 1 for -1: [c873431d-dd2c-424d-858f-cac9d922acb6:192.168.36.123:40173, af76d286-0381-46ea-bc73-c25b997719ac:192.168.36.123:39714, feb5a246-eecb-488b-8c66-a6561a6d2dd6:192.168.36.123:35979], old=null
2019-08-20 03:21:57,735 INFO  server.RaftServerConfigKeys (ConfUtils.java:logGet(43)) - raft.server.rpc.sleep.time = 25ms (default)
2019-08-20 03:21:57,735 INFO  server.RaftServerConfigKeys (ConfUtils.java:logGet(43)) - raft.server.write.element-limit = 4096 (default)
2019-08-20 03:21:57,735 INFO  server.RaftServerConfigKeys (ConfUtils.java:logGet(43)) - raft.server.watch.timeout = 10s (default)
2019-08-20 03:21:57,735 INFO  server.RaftServerConfigKeys (ConfUtils.java:logGet(43)) - raft.server.watch.timeout.denomination = 1s (default)
2019-08-20 03:21:57,735 INFO  server.RaftServerConfigKeys (ConfUtils.java:logGet(43)) - raft.server.watch.element-limit = 65536 (default)
2019-08-20 03:21:57,736 INFO  impl.RoleInfo (RoleInfo.java:updateAndGet(143)) - d51d9641-3229-439d-b443-7a39d972eb3a: start LeaderState
2019-08-20 03:21:57,736 INFO  segmented.SegmentedRaftLogWorker (SegmentedRaftLogWorker.java:startLogSegment(380)) - d51d9641-3229-439d-b443-7a39d972eb3a-SegmentedRaftLogWorker:Storage Directory /workdir/hadoop-ozone/integration-test/target/test-dir/MiniOzoneClusterImpl-84cf6d8e-7da2-4c93-8e7d-b6cdc2cb985f/datanode-6/data/ratis/ad460b74-7345-4a9a-ad5e-96ef3210b1cb: Starting segment from index:0
2019-08-20 03:21:57,737 INFO  impl.RaftServerImpl (ServerState.java:setRaftConf(361)) - d51d9641-3229-439d-b443-7a39d972eb3a:group-96EF3210B1CB set configuration 0: [d51d9641-3229-439d-b443-7a39d972eb3a:192.168.36.123:40504], old=null at 0
2019-08-20 03:21:57,767 INFO  impl.RaftServerImpl (RaftServerImpl.java:setRole(171)) - feb5a246-eecb-488b-8c66-a6561a6d2dd6:group-F0776E50E46F changes role from FOLLOWER to FOLLOWER at term 1 for recognizeCandidate:c873431d-dd2c-424d-858f-cac9d922acb6
2019-08-20 03:21:57,769 INFO  segmented.SegmentedRaftLogWorker (SegmentedRaftLogWorker.java:execute(569)) - d51d9641-3229-439d-b443-7a39d972eb3a-SegmentedRaftLogWorker:Storage Directory /workdir/hadoop-ozone/integration-test/target/test-dir/MiniOzoneClusterImpl-84cf6d8e-7da2-4c93-8e7d-b6cdc2cb985f/datanode-6/data/ratis/ad460b74-7345-4a9a-ad5e-96ef3210b1cb: created new log segment /workdir/hadoop-ozone/integration-test/target/test-dir/MiniOzoneClusterImpl-84cf6d8e-7da2-4c93-8e7d-b6cdc2cb985f/datanode-6/data/ratis/ad460b74-7345-4a9a-ad5e-96ef3210b1cb/current/log_inprogress_0
2019-08-20 03:21:57,770 INFO  impl.RoleInfo (RoleInfo.java:shutdownFollowerState(121)) - feb5a246-eecb-488b-8c66-a6561a6d2dd6: shutdown FollowerState
2019-08-20 03:21:57,770 INFO  impl.RoleInfo (RoleInfo.java:updateAndGet(143)) - feb5a246-eecb-488b-8c66-a6561a6d2dd6: start FollowerState
2019-08-20 03:21:57,786 INFO  impl.LeaderElection (LeaderElection.java:logAndReturn(56)) - c873431d-dd2c-424d-858f-cac9d922acb6:group-F0776E50E46F:LeaderElection27: Election PASSED; received 2 response(s) [c873431d-dd2c-424d-858f-cac9d922acb6<-af76d286-0381-46ea-bc73-c25b997719ac#0:FAIL-t1, c873431d-dd2c-424d-858f-cac9d922acb6<-feb5a246-eecb-488b-8c66-a6561a6d2dd6#0:OK-t1] and 0 exception(s); c873431d-dd2c-424d-858f-cac9d922acb6:t1, leader=null, voted=c873431d-dd2c-424d-858f-cac9d922acb6, raftlog=c873431d-dd2c-424d-858f-cac9d922acb6-SegmentedRaftLog:OPENED:c-1,f-1,i0, conf=-1: [c873431d-dd2c-424d-858f-cac9d922acb6:192.168.36.123:40173, af76d286-0381-46ea-bc73-c25b997719ac:192.168.36.123:39714, feb5a246-eecb-488b-8c66-a6561a6d2dd6:192.168.36.123:35979], old=null
2019-08-20 03:21:57,786 INFO  impl.LeaderElection (LeaderElection.java:logAndReturn(56)) - af76d286-0381-46ea-bc73-c25b997719ac:group-F0776E50E46F:LeaderElection26: Election REJECTED; received 2 response(s) [af76d286-0381-46ea-bc73-c25b997719ac<-c873431d-dd2c-424d-858f-cac9d922acb6#0:FAIL-t1, af76d286-0381-46ea-bc73-c25b997719ac<-feb5a246-eecb-488b-8c66-a6561a6d2dd6#0:FAIL-t1] and 0 exception(s); af76d286-0381-46ea-bc73-c25b997719ac:t1, leader=null, voted=af76d286-0381-46ea-bc73-c25b997719ac, raftlog=af76d286-0381-46ea-bc73-c25b997719ac-SegmentedRaftLog:OPENED:c-1,f-1,i0, conf=-1: [c873431d-dd2c-424d-858f-cac9d922acb6:192.168.36.123:40173, af76d286-0381-46ea-bc73-c25b997719ac:192.168.36.123:39714, feb5a246-eecb-488b-8c66-a6561a6d2dd6:192.168.36.123:35979], old=null
2019-08-20 03:21:57,786 INFO  impl.RoleInfo (RoleInfo.java:shutdownLeaderElection(134)) - c873431d-dd2c-424d-858f-cac9d922acb6: shutdown LeaderElection
2019-08-20 03:21:57,786 INFO  impl.RaftServerImpl (RaftServerImpl.java:setRole(171)) - af76d286-0381-46ea-bc73-c25b997719ac:group-F0776E50E46F changes role from CANDIDATE to FOLLOWER at term 1 for DISCOVERED_A_NEW_TERM
2019-08-20 03:21:57,786 INFO  impl.RaftServerImpl (RaftServerImpl.java:setRole(171)) - c873431d-dd2c-424d-858f-cac9d922acb6:group-F0776E50E46F changes role from CANDIDATE to LEADER at term 1 for changeToLeader
2019-08-20 03:21:57,786 INFO  impl.RoleInfo (RoleInfo.java:shutdownLeaderElection(134)) - af76d286-0381-46ea-bc73-c25b997719ac: shutdown LeaderElection
2019-08-20 03:21:57,786 INFO  impl.RaftServerImpl (ServerState.java:setLeader(263)) - c873431d-dd2c-424d-858f-cac9d922acb6:group-F0776E50E46F change Leader from null to c873431d-dd2c-424d-858f-cac9d922acb6 at term 1 for becomeLeader, leader elected after 5213ms
2019-08-20 03:21:57,786 INFO  impl.RoleInfo (RoleInfo.java:updateAndGet(143)) - af76d286-0381-46ea-bc73-c25b997719ac: start FollowerState
2019-08-20 03:21:57,786 INFO  server.RaftServerConfigKeys (ConfUtils.java:logGet(43)) - raft.server.staging.catchup.gap = 1000 (default)
2019-08-20 03:21:57,787 INFO  server.RaftServerConfigKeys (ConfUtils.java:logGet(43)) - raft.server.rpc.sleep.time = 25ms (default)
2019-08-20 03:21:57,787 INFO  server.RaftServerConfigKeys (ConfUtils.java:logGet(43)) - raft.server.write.element-limit = 4096 (default)
2019-08-20 03:21:57,787 INFO  server.RaftServerConfigKeys (ConfUtils.java:logGet(43)) - raft.server.watch.timeout = 10s (default)
2019-08-20 03:21:57,787 INFO  server.RaftServerConfigKeys (ConfUtils.java:logGet(43)) - raft.server.watch.timeout.denomination = 1s (default)
2019-08-20 03:21:57,787 INFO  server.RaftServerConfigKeys (ConfUtils.java:logGet(43)) - raft.server.watch.element-limit = 65536 (default)
2019-08-20 03:21:57,787 INFO  server.RaftServerConfigKeys (ConfUtils.java:logGet(43)) - raft.server.log.appender.snapshot.chunk.size.max = 16MB (=16777216) (default)
2019-08-20 03:21:57,788 INFO  server.RaftServerConfigKeys (ConfUtils.java:logGet(43)) - raft.server.log.appender.buffer.byte-limit = 33554432 (custom)
2019-08-20 03:21:57,788 INFO  server.RaftServerConfigKeys (ConfUtils.java:logGet(43)) - raft.server.log.appender.buffer.element-limit = 1 (custom)
2019-08-20 03:21:57,788 INFO  grpc.GrpcConfigKeys$Server (ConfUtils.java:logGet(43)) - raft.grpc.server.leader.outstanding.appends.max = 128 (default)
2019-08-20 03:21:57,788 INFO  server.RaftServerConfigKeys (ConfUtils.java:logGet(43)) - raft.server.rpc.request.timeout = 3000ms (default)
2019-08-20 03:21:57,788 INFO  server.RaftServerConfigKeys (ConfUtils.java:logGet(43)) - raft.server.log.appender.install.snapshot.enabled = false (custom)
2019-08-20 03:21:57,788 INFO  server.RaftServerConfigKeys (ConfUtils.java:logGet(43)) - raft.server.log.appender.snapshot.chunk.size.max = 16MB (=16777216) (default)
2019-08-20 03:21:57,789 INFO  server.RaftServerConfigKeys (ConfUtils.java:logGet(43)) - raft.server.log.appender.buffer.byte-limit = 33554432 (custom)
2019-08-20 03:21:57,789 INFO  server.RaftServerConfigKeys (ConfUtils.java:logGet(43)) - raft.server.log.appender.buffer.element-limit = 1 (custom)
2019-08-20 03:21:57,789 INFO  grpc.GrpcConfigKeys$Server (ConfUtils.java:logGet(43)) - raft.grpc.server.leader.outstanding.appends.max = 128 (default)
2019-08-20 03:21:57,789 INFO  server.RaftServerConfigKeys (ConfUtils.java:logGet(43)) - raft.server.rpc.request.timeout = 3000ms (default)
2019-08-20 03:21:57,789 INFO  server.RaftServerConfigKeys (ConfUtils.java:logGet(43)) - raft.server.log.appender.install.snapshot.enabled = false (custom)
2019-08-20 03:21:57,789 INFO  impl.RoleInfo (RoleInfo.java:updateAndGet(143)) - c873431d-dd2c-424d-858f-cac9d922acb6: start LeaderState
2019-08-20 03:21:57,790 INFO  segmented.SegmentedRaftLogWorker (SegmentedRaftLogWorker.java:startLogSegment(380)) - c873431d-dd2c-424d-858f-cac9d922acb6-SegmentedRaftLogWorker:Storage Directory /workdir/hadoop-ozone/integration-test/target/test-dir/MiniOzoneClusterImpl-84cf6d8e-7da2-4c93-8e7d-b6cdc2cb985f/datanode-5/data/ratis/3b5cd820-5bbf-401d-8620-f0776e50e46f: Starting segment from index:0
2019-08-20 03:21:57,790 INFO  impl.RaftServerImpl (ServerState.java:setRaftConf(361)) - c873431d-dd2c-424d-858f-cac9d922acb6:group-F0776E50E46F set configuration 0: [c873431d-dd2c-424d-858f-cac9d922acb6:192.168.36.123:40173, af76d286-0381-46ea-bc73-c25b997719ac:192.168.36.123:39714, feb5a246-eecb-488b-8c66-a6561a6d2dd6:192.168.36.123:35979], old=null at 0
2019-08-20 03:21:57,793 INFO  impl.RaftServerImpl (ServerState.java:setLeader(263)) - feb5a246-eecb-488b-8c66-a6561a6d2dd6:group-F0776E50E46F change Leader from null to c873431d-dd2c-424d-858f-cac9d922acb6 at term 1 for appendEntries, leader elected after 5220ms
2019-08-20 03:21:57,793 INFO  impl.RaftServerImpl (ServerState.java:setLeader(263)) - af76d286-0381-46ea-bc73-c25b997719ac:group-F0776E50E46F change Leader from null to c873431d-dd2c-424d-858f-cac9d922acb6 at term 1 for appendEntries, leader elected after 5220ms
2019-08-20 03:21:57,810 INFO  client.GrpcClientProtocolClient (GrpcClientProtocolClient.java:onNext(255)) - client-D9A26F6C4DFC->af76d286-0381-46ea-bc73-c25b997719ac: receive RaftClientReply:client-D9A26F6C4DFC->af76d286-0381-46ea-bc73-c25b997719ac@group-F0776E50E46F, cid=42, FAILED org.apache.ratis.protocol.NotLeaderException: Server af76d286-0381-46ea-bc73-c25b997719ac is not the leader (c873431d-dd2c-424d-858f-cac9d922acb6:192.168.36.123:40173). Request must be sent to leader., logIndex=0, commits[af76d286-0381-46ea-bc73-c25b997719ac:c-1, c873431d-dd2c-424d-858f-cac9d922acb6:c-1, feb5a246-eecb-488b-8c66-a6561a6d2dd6:c-1]
2019-08-20 03:21:57,815 INFO  impl.RaftServerImpl (ServerState.java:setRaftConf(361)) - af76d286-0381-46ea-bc73-c25b997719ac:group-F0776E50E46F set configuration 0: [c873431d-dd2c-424d-858f-cac9d922acb6:192.168.36.123:40173, af76d286-0381-46ea-bc73-c25b997719ac:192.168.36.123:39714, feb5a246-eecb-488b-8c66-a6561a6d2dd6:192.168.36.123:35979], old=null at 0
2019-08-20 03:21:57,815 INFO  impl.RaftServerImpl (ServerState.java:setRaftConf(361)) - feb5a246-eecb-488b-8c66-a6561a6d2dd6:group-F0776E50E46F set configuration 0: [c873431d-dd2c-424d-858f-cac9d922acb6:192.168.36.123:40173, af76d286-0381-46ea-bc73-c25b997719ac:192.168.36.123:39714, feb5a246-eecb-488b-8c66-a6561a6d2dd6:192.168.36.123:35979], old=null at 0
2019-08-20 03:21:57,816 INFO  segmented.SegmentedRaftLogWorker (SegmentedRaftLogWorker.java:startLogSegment(380)) - af76d286-0381-46ea-bc73-c25b997719ac-SegmentedRaftLogWorker:Storage Directory /workdir/hadoop-ozone/integration-test/target/test-dir/MiniOzoneClusterImpl-84cf6d8e-7da2-4c93-8e7d-b6cdc2cb985f/datanode-4/data/ratis/3b5cd820-5bbf-401d-8620-f0776e50e46f: Starting segment from index:0
2019-08-20 03:21:57,817 INFO  segmented.SegmentedRaftLogWorker (SegmentedRaftLogWorker.java:startLogSegment(380)) - feb5a246-eecb-488b-8c66-a6561a6d2dd6-SegmentedRaftLogWorker:Storage Directory /workdir/hadoop-ozone/integration-test/target/test-dir/MiniOzoneClusterImpl-84cf6d8e-7da2-4c93-8e7d-b6cdc2cb985f/datanode-3/data/ratis/3b5cd820-5bbf-401d-8620-f0776e50e46f: Starting segment from index:0
2019-08-20 03:21:57,821 INFO  segmented.SegmentedRaftLogWorker (SegmentedRaftLogWorker.java:execute(569)) - c873431d-dd2c-424d-858f-cac9d922acb6-SegmentedRaftLogWorker:Storage Directory /workdir/hadoop-ozone/integration-test/target/test-dir/MiniOzoneClusterImpl-84cf6d8e-7da2-4c93-8e7d-b6cdc2cb985f/datanode-5/data/ratis/3b5cd820-5bbf-401d-8620-f0776e50e46f: created new log segment /workdir/hadoop-ozone/integration-test/target/test-dir/MiniOzoneClusterImpl-84cf6d8e-7da2-4c93-8e7d-b6cdc2cb985f/datanode-5/data/ratis/3b5cd820-5bbf-401d-8620-f0776e50e46f/current/log_inprogress_0
2019-08-20 03:21:57,863 INFO  client.GrpcClientProtocolClient (GrpcClientProtocolClient.java:onNext(255)) - client-D9A26F6C4DFC->c873431d-dd2c-424d-858f-cac9d922acb6: receive RaftClientReply:client-D9A26F6C4DFC->c873431d-dd2c-424d-858f-cac9d922acb6@group-F0776E50E46F, cid=42, FAILED org.apache.ratis.protocol.LeaderNotReadyException: c873431d-dd2c-424d-858f-cac9d922acb6 is in LEADER state but not ready yet., logIndex=0, commits[c873431d-dd2c-424d-858f-cac9d922acb6:c-1, af76d286-0381-46ea-bc73-c25b997719ac:c-1, feb5a246-eecb-488b-8c66-a6561a6d2dd6:c-1]
2019-08-20 03:21:57,881 INFO  segmented.SegmentedRaftLogWorker (SegmentedRaftLogWorker.java:execute(569)) - feb5a246-eecb-488b-8c66-a6561a6d2dd6-SegmentedRaftLogWorker:Storage Directory /workdir/hadoop-ozone/integration-test/target/test-dir/MiniOzoneClusterImpl-84cf6d8e-7da2-4c93-8e7d-b6cdc2cb985f/datanode-3/data/ratis/3b5cd820-5bbf-401d-8620-f0776e50e46f: created new log segment /workdir/hadoop-ozone/integration-test/target/test-dir/MiniOzoneClusterImpl-84cf6d8e-7da2-4c93-8e7d-b6cdc2cb985f/datanode-3/data/ratis/3b5cd820-5bbf-401d-8620-f0776e50e46f/current/log_inprogress_0
2019-08-20 03:21:57,881 INFO  segmented.SegmentedRaftLogWorker (SegmentedRaftLogWorker.java:execute(569)) - af76d286-0381-46ea-bc73-c25b997719ac-SegmentedRaftLogWorker:Storage Directory /workdir/hadoop-ozone/integration-test/target/test-dir/MiniOzoneClusterImpl-84cf6d8e-7da2-4c93-8e7d-b6cdc2cb985f/datanode-4/data/ratis/3b5cd820-5bbf-401d-8620-f0776e50e46f: created new log segment /workdir/hadoop-ozone/integration-test/target/test-dir/MiniOzoneClusterImpl-84cf6d8e-7da2-4c93-8e7d-b6cdc2cb985f/datanode-4/data/ratis/3b5cd820-5bbf-401d-8620-f0776e50e46f/current/log_inprogress_0
2019-08-20 03:21:59,995 INFO  client.GrpcClientProtocolClient (GrpcClientProtocolClient.java:onNext(255)) - client-D9A26F6C4DFC->c873431d-dd2c-424d-858f-cac9d922acb6: receive RaftClientReply:client-D9A26F6C4DFC->c873431d-dd2c-424d-858f-cac9d922acb6@group-F0776E50E46F, cid=42, SUCCESS, logIndex=1, commits[c873431d-dd2c-424d-858f-cac9d922acb6:c2, af76d286-0381-46ea-bc73-c25b997719ac:c1, feb5a246-eecb-488b-8c66-a6561a6d2dd6:c1]
2019-08-20 03:22:00,062 INFO  client.GrpcClientProtocolClient (GrpcClientProtocolClient.java:onNext(255)) - client-D9A26F6C4DFC->c873431d-dd2c-424d-858f-cac9d922acb6: receive RaftClientReply:client-D9A26F6C4DFC->c873431d-dd2c-424d-858f-cac9d922acb6@group-F0776E50E46F, cid=43, SUCCESS, logIndex=3, commits[c873431d-dd2c-424d-858f-cac9d922acb6:c4, af76d286-0381-46ea-bc73-c25b997719ac:c3, feb5a246-eecb-488b-8c66-a6561a6d2dd6:c3]
2019-08-20 03:22:00,109 INFO  client.GrpcClientProtocolClient (GrpcClientProtocolClient.java:onNext(255)) - client-D9A26F6C4DFC->c873431d-dd2c-424d-858f-cac9d922acb6: receive RaftClientReply:client-D9A26F6C4DFC->c873431d-dd2c-424d-858f-cac9d922acb6@group-F0776E50E46F, cid=44, SUCCESS, logIndex=5, commits[c873431d-dd2c-424d-858f-cac9d922acb6:c6, af76d286-0381-46ea-bc73-c25b997719ac:c5, feb5a246-eecb-488b-8c66-a6561a6d2dd6:c5]
2019-08-20 03:22:00,129 INFO  client.GrpcClientProtocolClient (GrpcClientProtocolClient.java:onNext(255)) - client-D9A26F6C4DFC->c873431d-dd2c-424d-858f-cac9d922acb6: receive RaftClientReply:client-D9A26F6C4DFC->c873431d-dd2c-424d-858f-cac9d922acb6@group-F0776E50E46F, cid=45, FAILED org.apache.ratis.protocol.StateMachineException: java.util.concurrent.CompletionException: java.lang.IllegalArgumentException, logIndex=7, commits[c873431d-dd2c-424d-858f-cac9d922acb6:c7, af76d286-0381-46ea-bc73-c25b997719ac:c6, feb5a246-eecb-488b-8c66-a6561a6d2dd6:c5]
2019-08-20 03:22:00,133 INFO  ozone.MiniOzoneClusterImpl (MiniOzoneClusterImpl.java:shutdown(321)) - Shutting down the Mini Ozone Cluster
2019-08-20 03:22:00,133 INFO  ozone.MiniOzoneClusterImpl (MiniOzoneClusterImpl.java:stop(336)) - Stopping the Mini Ozone Cluster
2019-08-20 03:22:00,133 INFO  ozone.MiniOzoneClusterImpl (MiniOzoneClusterImpl.java:stop(338)) - Stopping the OzoneManager
2019-08-20 03:22:00,133 INFO  ipc.Server (Server.java:stop(3082)) - Stopping server on 45116
2019-08-20 03:22:00,146 INFO  ipc.Server (Server.java:run(1185)) - Stopping IPC Server listener on 45116
2019-08-20 03:22:00,146 INFO  utils.BackgroundService (BackgroundService.java:shutdown(148)) - Shutting down service KeyDeletingService
2019-08-20 03:22:00,146 INFO  ipc.Server (Server.java:run(1319)) - Stopping IPC Server Responder
2019-08-20 03:22:00,171 INFO  handler.ContextHandler (ContextHandler.java:doStop(910)) - Stopped o.e.j.w.WebAppContext@36d697ab{/,null,UNAVAILABLE}{/ozoneManager}
2019-08-20 03:22:00,172 INFO  server.AbstractConnector (AbstractConnector.java:doStop(318)) - Stopped ServerConnector@28831d69{HTTP/1.1,[http/1.1]}{0.0.0.0:0}
2019-08-20 03:22:00,172 INFO  handler.ContextHandler (ContextHandler.java:doStop(910)) - Stopped o.e.j.s.ServletContextHandler@7f8c48f3{/static,file:///workdir/hadoop-ozone/integration-test/target/test-classes/webapps/static,UNAVAILABLE}
2019-08-20 03:22:00,172 INFO  handler.ContextHandler (ContextHandler.java:doStop(910)) - Stopped o.e.j.s.ServletContextHandler@d28c214{/logs,file:///workdir/hadoop-ozone/integration-test/target/log,UNAVAILABLE}
2019-08-20 03:22:00,174 INFO  ozone.MiniOzoneClusterImpl (MiniOzoneClusterImpl.java:stop(344)) - Shutting the HddsDatanodes
2019-08-20 03:22:00,175 INFO  datanode.ObjectStoreHandler (ObjectStoreHandler.java:close(155)) - Closing ObjectStoreHandler.
2019-08-20 03:22:00,175 INFO  datanode.ObjectStoreHandler (ObjectStoreHandler.java:close(155)) - Closing ObjectStoreHandler.
2019-08-20 03:22:00,176 INFO  ozone.HddsDatanodeService (HddsDatanodeService.java:stop(451)) - Stopped plug-in org.apache.hadoop.ozone.web.OzoneHddsDatanodeService@6339e604
2019-08-20 03:22:00,176 INFO  ozone.HddsDatanodeService (HddsDatanodeService.java:stop(451)) - Stopped plug-in org.apache.hadoop.ozone.web.OzoneHddsDatanodeService@604c7e9b
2019-08-20 03:22:00,462 INFO  statemachine.DatanodeStateMachine (DatanodeStateMachine.java:lambda$startDaemon$0(350)) - Ozone container server started.
2019-08-20 03:22:01,148 INFO  statemachine.DatanodeStateMachine (DatanodeStateMachine.java:lambda$startDaemon$0(350)) - Ozone container server started.
2019-08-20 03:22:01,947 INFO  impl.FollowerState (FollowerState.java:run(106)) - 8f621917-e309-448a-b7d2-29ad5c52a25b:group-517F37DA4231 changes to CANDIDATE, lastRpcTime:5032, electionTimeout:5032ms
2019-08-20 03:22:01,948 INFO  impl.RoleInfo (RoleInfo.java:shutdownFollowerState(121)) - 8f621917-e309-448a-b7d2-29ad5c52a25b: shutdown FollowerState
2019-08-20 03:22:01,948 INFO  impl.RaftServerImpl (RaftServerImpl.java:setRole(171)) - 8f621917-e309-448a-b7d2-29ad5c52a25b:group-517F37DA4231 changes role from FOLLOWER to CANDIDATE at term 1 for changeToCandidate
2019-08-20 03:22:01,948 INFO  impl.RoleInfo (RoleInfo.java:updateAndGet(143)) - 8f621917-e309-448a-b7d2-29ad5c52a25b: start LeaderElection
2019-08-20 03:22:01,966 INFO  impl.LeaderElection (LeaderElection.java:askForVotes(181)) - 8f621917-e309-448a-b7d2-29ad5c52a25b:group-517F37DA4231:LeaderElection28: begin an election at term 2 for -1: [3cc52965-b24f-4ade-b456-81120ebcb5f7:192.168.36.123:37436, 8f621917-e309-448a-b7d2-29ad5c52a25b:192.168.36.123:36875, f82856fb-d116-4006-bb10-cc10654ec057:192.168.36.123:32774], old=null
2019-08-20 03:22:01,973 INFO  impl.FollowerState (FollowerState.java:run(106)) - 3cc52965-b24f-4ade-b456-81120ebcb5f7:group-517F37DA4231 changes to CANDIDATE, lastRpcTime:5027, electionTimeout:5005ms
2019-08-20 03:22:01,973 INFO  impl.RoleInfo (RoleInfo.java:shutdownFollowerState(121)) - 3cc52965-b24f-4ade-b456-81120ebcb5f7: shutdown FollowerState
2019-08-20 03:22:01,973 INFO  impl.RaftServerImpl (RaftServerImpl.java:setRole(171)) - 3cc52965-b24f-4ade-b456-81120ebcb5f7:group-517F37DA4231 changes role from FOLLOWER to CANDIDATE at term 1 for changeToCandidate
2019-08-20 03:22:01,973 INFO  impl.RaftServerImpl (RaftServerImpl.java:setRole(171)) - f82856fb-d116-4006-bb10-cc10654ec057:group-517F37DA4231 changes role from FOLLOWER to FOLLOWER at term 2 for recognizeCandidate:8f621917-e309-448a-b7d2-29ad5c52a25b
2019-08-20 03:22:01,973 INFO  impl.RoleInfo (RoleInfo.java:updateAndGet(143)) - 3cc52965-b24f-4ade-b456-81120ebcb5f7: start LeaderElection
2019-08-20 03:22:01,974 INFO  impl.RoleInfo (RoleInfo.java:shutdownFollowerState(121)) - f82856fb-d116-4006-bb10-cc10654ec057: shutdown FollowerState
2019-08-20 03:22:01,976 INFO  impl.RoleInfo (RoleInfo.java:updateAndGet(143)) - f82856fb-d116-4006-bb10-cc10654ec057: start FollowerState
2019-08-20 03:22:01,977 INFO  impl.FollowerState (FollowerState.java:run(114)) - f82856fb-d116-4006-bb10-cc10654ec057: FollowerState was interrupted: java.lang.InterruptedException: sleep interrupted
2019-08-20 03:22:01,976 INFO  impl.RaftServerImpl (RaftServerImpl.java:setRole(171)) - 3cc52965-b24f-4ade-b456-81120ebcb5f7:group-517F37DA4231 changes role from CANDIDATE to FOLLOWER at term 2 for recognizeCandidate:8f621917-e309-448a-b7d2-29ad5c52a25b
2019-08-20 03:22:01,979 INFO  impl.RoleInfo (RoleInfo.java:shutdownLeaderElection(134)) - 3cc52965-b24f-4ade-b456-81120ebcb5f7: shutdown LeaderElection
2019-08-20 03:22:01,980 INFO  impl.RoleInfo (RoleInfo.java:updateAndGet(143)) - 3cc52965-b24f-4ade-b456-81120ebcb5f7: start FollowerState
2019-08-20 03:22:01,995 INFO  impl.LeaderElection (LeaderElection.java:logAndReturn(56)) - 8f621917-e309-448a-b7d2-29ad5c52a25b:group-517F37DA4231:LeaderElection28: Election PASSED; received 2 response(s) [8f621917-e309-448a-b7d2-29ad5c52a25b<-3cc52965-b24f-4ade-b456-81120ebcb5f7#0:FAIL-t2, 8f621917-e309-448a-b7d2-29ad5c52a25b<-f82856fb-d116-4006-bb10-cc10654ec057#0:OK-t2] and 0 exception(s); 8f621917-e309-448a-b7d2-29ad5c52a25b:t2, leader=null, voted=8f621917-e309-448a-b7d2-29ad5c52a25b, raftlog=8f621917-e309-448a-b7d2-29ad5c52a25b-SegmentedRaftLog:OPENED:c-1,f-1,i0, conf=-1: [3cc52965-b24f-4ade-b456-81120ebcb5f7:192.168.36.123:37436, 8f621917-e309-448a-b7d2-29ad5c52a25b:192.168.36.123:36875, f82856fb-d116-4006-bb10-cc10654ec057:192.168.36.123:32774], old=null
2019-08-20 03:22:01,995 INFO  impl.RoleInfo (RoleInfo.java:shutdownLeaderElection(134)) - 8f621917-e309-448a-b7d2-29ad5c52a25b: shutdown LeaderElection
2019-08-20 03:22:01,995 INFO  impl.RaftServerImpl (RaftServerImpl.java:setRole(171)) - 8f621917-e309-448a-b7d2-29ad5c52a25b:group-517F37DA4231 changes role from CANDIDATE to LEADER at term 2 for changeToLeader
2019-08-20 03:22:01,995 INFO  impl.RaftServerImpl (ServerState.java:setLeader(263)) - 8f621917-e309-448a-b7d2-29ad5c52a25b:group-517F37DA4231 change Leader from null to 8f621917-e309-448a-b7d2-29ad5c52a25b at term 2 for becomeLeader, leader elected after 10221ms
2019-08-20 03:22:01,996 INFO  server.RaftServerConfigKeys (ConfUtils.java:logGet(43)) - raft.server.staging.catchup.gap = 1000 (default)
2019-08-20 03:22:01,996 INFO  server.RaftServerConfigKeys (ConfUtils.java:logGet(43)) - raft.server.rpc.sleep.time = 25ms (default)
2019-08-20 03:22:01,996 INFO  server.RaftServerConfigKeys (ConfUtils.java:logGet(43)) - raft.server.write.element-limit = 4096 (default)
2019-08-20 03:22:01,996 INFO  server.RaftServerConfigKeys (ConfUtils.java:logGet(43)) - raft.server.watch.timeout = 10s (default)
2019-08-20 03:22:01,996 INFO  server.RaftServerConfigKeys (ConfUtils.java:logGet(43)) - raft.server.watch.timeout.denomination = 1s (default)
2019-08-20 03:22:01,997 INFO  server.RaftServerConfigKeys (ConfUtils.java:logGet(43)) - raft.server.watch.element-limit = 65536 (default)
2019-08-20 03:22:01,997 INFO  server.RaftServerConfigKeys (ConfUtils.java:logGet(43)) - raft.server.log.appender.snapshot.chunk.size.max = 16MB (=16777216) (default)
2019-08-20 03:22:01,997 INFO  server.RaftServerConfigKeys (ConfUtils.java:logGet(43)) - raft.server.log.appender.buffer.byte-limit = 33554432 (custom)
2019-08-20 03:22:01,997 INFO  server.RaftServerConfigKeys (ConfUtils.java:logGet(43)) - raft.server.log.appender.buffer.element-limit = 1 (custom)
2019-08-20 03:22:01,998 INFO  grpc.GrpcConfigKeys$Server (ConfUtils.java:logGet(43)) - raft.grpc.server.leader.outstanding.appends.max = 128 (default)
2019-08-20 03:22:01,998 INFO  server.RaftServerConfigKeys (ConfUtils.java:logGet(43)) - raft.server.rpc.request.timeout = 3000ms (default)
2019-08-20 03:22:01,998 INFO  server.RaftServerConfigKeys (ConfUtils.java:logGet(43)) - raft.server.log.appender.install.snapshot.enabled = false (custom)
2019-08-20 03:22:01,998 INFO  server.RaftServerConfigKeys (ConfUtils.java:logGet(43)) - raft.server.log.appender.snapshot.chunk.size.max = 16MB (=16777216) (default)
2019-08-20 03:22:01,998 INFO  server.RaftServerConfigKeys (ConfUtils.java:logGet(43)) - raft.server.log.appender.buffer.byte-limit = 33554432 (custom)
2019-08-20 03:22:01,999 INFO  server.RaftServerConfigKeys (ConfUtils.java:logGet(43)) - raft.server.log.appender.buffer.element-limit = 1 (custom)
2019-08-20 03:22:01,999 INFO  grpc.GrpcConfigKeys$Server (ConfUtils.java:logGet(43)) - raft.grpc.server.leader.outstanding.appends.max = 128 (default)
2019-08-20 03:22:01,999 INFO  server.RaftServerConfigKeys (ConfUtils.java:logGet(43)) - raft.server.rpc.request.timeout = 3000ms (default)
2019-08-20 03:22:01,999 INFO  server.RaftServerConfigKeys (ConfUtils.java:logGet(43)) - raft.server.log.appender.install.snapshot.enabled = false (custom)
2019-08-20 03:22:02,000 INFO  impl.RoleInfo (RoleInfo.java:updateAndGet(143)) - 8f621917-e309-448a-b7d2-29ad5c52a25b: start LeaderState
2019-08-20 03:22:02,000 INFO  segmented.SegmentedRaftLogWorker (SegmentedRaftLogWorker.java:startLogSegment(380)) - 8f621917-e309-448a-b7d2-29ad5c52a25b-SegmentedRaftLogWorker:Storage Directory /workdir/hadoop-ozone/integration-test/target/test-dir/MiniOzoneClusterImpl-84cf6d8e-7da2-4c93-8e7d-b6cdc2cb985f/datanode-0/data/ratis/96623a04-0970-4587-a811-517f37da4231: Starting segment from index:0
2019-08-20 03:22:02,001 INFO  impl.RaftServerImpl (ServerState.java:setRaftConf(361)) - 8f621917-e309-448a-b7d2-29ad5c52a25b:group-517F37DA4231 set configuration 0: [3cc52965-b24f-4ade-b456-81120ebcb5f7:192.168.36.123:37436, 8f621917-e309-448a-b7d2-29ad5c52a25b:192.168.36.123:36875, f82856fb-d116-4006-bb10-cc10654ec057:192.168.36.123:32774], old=null at 0
2019-08-20 03:22:02,003 INFO  impl.RaftServerImpl (ServerState.java:setLeader(263)) - f82856fb-d116-4006-bb10-cc10654ec057:group-517F37DA4231 change Leader from null to 8f621917-e309-448a-b7d2-29ad5c52a25b at term 2 for appendEntries, leader elected after 10228ms
2019-08-20 03:22:02,006 INFO  impl.RaftServerImpl (ServerState.java:setRaftConf(361)) - f82856fb-d116-4006-bb10-cc10654ec057:group-517F37DA4231 set configuration 0: [3cc52965-b24f-4ade-b456-81120ebcb5f7:192.168.36.123:37436, 8f621917-e309-448a-b7d2-29ad5c52a25b:192.168.36.123:36875, f82856fb-d116-4006-bb10-cc10654ec057:192.168.36.123:32774], old=null at 0
2019-08-20 03:22:02,006 INFO  segmented.SegmentedRaftLogWorker (SegmentedRaftLogWorker.java:startLogSegment(380)) - f82856fb-d116-4006-bb10-cc10654ec057-SegmentedRaftLogWorker:Storage Directory /workdir/hadoop-ozone/integration-test/target/test-dir/MiniOzoneClusterImpl-84cf6d8e-7da2-4c93-8e7d-b6cdc2cb985f/datanode-2/data/ratis/96623a04-0970-4587-a811-517f37da4231: Starting segment from index:0
2019-08-20 03:22:02,007 INFO  impl.LeaderElection (LeaderElection.java:askForVotes(181)) - 3cc52965-b24f-4ade-b456-81120ebcb5f7:group-517F37DA4231:LeaderElection29: begin an election at term 3 for -1: [3cc52965-b24f-4ade-b456-81120ebcb5f7:192.168.36.123:37436, 8f621917-e309-448a-b7d2-29ad5c52a25b:192.168.36.123:36875, f82856fb-d116-4006-bb10-cc10654ec057:192.168.36.123:32774], old=null
2019-08-20 03:22:02,007 INFO  impl.LeaderElection (LeaderElection.java:logAndReturn(56)) - 3cc52965-b24f-4ade-b456-81120ebcb5f7:group-517F37DA4231:LeaderElection29: Election REJECTED; received 0 response(s) [] and 0 exception(s); 3cc52965-b24f-4ade-b456-81120ebcb5f7:t3, leader=null, voted=3cc52965-b24f-4ade-b456-81120ebcb5f7, raftlog=3cc52965-b24f-4ade-b456-81120ebcb5f7-SegmentedRaftLog:OPENED:c-1,f-1,i0, conf=-1: [3cc52965-b24f-4ade-b456-81120ebcb5f7:192.168.36.123:37436, 8f621917-e309-448a-b7d2-29ad5c52a25b:192.168.36.123:36875, f82856fb-d116-4006-bb10-cc10654ec057:192.168.36.123:32774], old=null
2019-08-20 03:22:02,053 INFO  impl.RaftServerImpl (ServerState.java:setLeader(263)) - 8f621917-e309-448a-b7d2-29ad5c52a25b:group-517F37DA4231 change Leader from 8f621917-e309-448a-b7d2-29ad5c52a25b to null at term 3 for updateCurrentTerm
2019-08-20 03:22:02,053 INFO  impl.RaftServerImpl (ServerState.java:setLeader(263)) - f82856fb-d116-4006-bb10-cc10654ec057:group-517F37DA4231 change Leader from 8f621917-e309-448a-b7d2-29ad5c52a25b to null at term 3 for updateCurrentTerm
2019-08-20 03:22:02,053 INFO  impl.RaftServerImpl (RaftServerImpl.java:setRole(171)) - 8f621917-e309-448a-b7d2-29ad5c52a25b:group-517F37DA4231 changes role from LEADER to FOLLOWER at term 3 for recognizeCandidate:3cc52965-b24f-4ade-b456-81120ebcb5f7
2019-08-20 03:22:02,053 INFO  impl.RaftServerImpl (RaftServerImpl.java:setRole(171)) - f82856fb-d116-4006-bb10-cc10654ec057:group-517F37DA4231 changes role from FOLLOWER to FOLLOWER at term 3 for recognizeCandidate:3cc52965-b24f-4ade-b456-81120ebcb5f7
2019-08-20 03:22:02,054 INFO  impl.RoleInfo (RoleInfo.java:shutdownLeaderState(104)) - 8f621917-e309-448a-b7d2-29ad5c52a25b: shutdown LeaderState
2019-08-20 03:22:02,054 INFO  impl.RoleInfo (RoleInfo.java:shutdownFollowerState(121)) - f82856fb-d116-4006-bb10-cc10654ec057: shutdown FollowerState
2019-08-20 03:22:02,059 WARN  server.GrpcLogAppender (GrpcLogAppender.java:mayWait(143)) - GrpcLogAppender(8f621917-e309-448a-b7d2-29ad5c52a25b->3cc52965-b24f-4ade-b456-81120ebcb5f7): Wait interrupted by java.lang.InterruptedException
2019-08-20 03:22:02,059 INFO  impl.FollowerState (FollowerState.java:run(114)) - f82856fb-d116-4006-bb10-cc10654ec057: FollowerState was interrupted: java.lang.InterruptedException: sleep interrupted
2019-08-20 03:22:02,059 INFO  impl.RoleInfo (RoleInfo.java:updateAndGet(143)) - f82856fb-d116-4006-bb10-cc10654ec057: start FollowerState
2019-08-20 03:22:02,059 WARN  server.GrpcLogAppender (GrpcLogAppender.java:mayWait(143)) - GrpcLogAppender(8f621917-e309-448a-b7d2-29ad5c52a25b->f82856fb-d116-4006-bb10-cc10654ec057): Wait interrupted by java.lang.InterruptedException
2019-08-20 03:22:02,059 INFO  impl.PendingRequests (PendingRequests.java:sendNotLeaderResponses(202)) - 8f621917-e309-448a-b7d2-29ad5c52a25b-PendingRequests: sendNotLeaderResponses
2019-08-20 03:22:02,062 INFO  server.GrpcServerProtocolService (GrpcServerProtocolService.java:onCompleted(104)) - 3cc52965-b24f-4ade-b456-81120ebcb5f7: appendEntries completed
2019-08-20 03:22:02,062 INFO  segmented.SegmentedRaftLogWorker (SegmentedRaftLogWorker.java:execute(569)) - 8f621917-e309-448a-b7d2-29ad5c52a25b-SegmentedRaftLogWorker:Storage Directory /workdir/hadoop-ozone/integration-test/target/test-dir/MiniOzoneClusterImpl-84cf6d8e-7da2-4c93-8e7d-b6cdc2cb985f/datanode-0/data/ratis/96623a04-0970-4587-a811-517f37da4231: created new log segment /workdir/hadoop-ozone/integration-test/target/test-dir/MiniOzoneClusterImpl-84cf6d8e-7da2-4c93-8e7d-b6cdc2cb985f/datanode-0/data/ratis/96623a04-0970-4587-a811-517f37da4231/current/log_inprogress_0
2019-08-20 03:22:02,062 INFO  segmented.SegmentedRaftLogWorker (SegmentedRaftLogWorker.java:execute(569)) - f82856fb-d116-4006-bb10-cc10654ec057-SegmentedRaftLogWorker:Storage Directory /workdir/hadoop-ozone/integration-test/target/test-dir/MiniOzoneClusterImpl-84cf6d8e-7da2-4c93-8e7d-b6cdc2cb985f/datanode-2/data/ratis/96623a04-0970-4587-a811-517f37da4231: created new log segment /workdir/hadoop-ozone/integration-test/target/test-dir/MiniOzoneClusterImpl-84cf6d8e-7da2-4c93-8e7d-b6cdc2cb985f/datanode-2/data/ratis/96623a04-0970-4587-a811-517f37da4231/current/log_inprogress_0
2019-08-20 03:22:02,063 INFO  impl.RoleInfo (RoleInfo.java:updateAndGet(143)) - 8f621917-e309-448a-b7d2-29ad5c52a25b: start FollowerState
2019-08-20 03:22:02,063 INFO  server.GrpcServerProtocolService (GrpcServerProtocolService.java:onCompleted(104)) - f82856fb-d116-4006-bb10-cc10654ec057: appendEntries completed
2019-08-20 03:22:02,064 INFO  server.GrpcLogAppender (GrpcLogAppender.java:onCompleted(292)) - 8f621917-e309-448a-b7d2-29ad5c52a25b->3cc52965-b24f-4ade-b456-81120ebcb5f7: follower responses appendEntries COMPLETED
2019-08-20 03:22:02,068 INFO  server.GrpcLogAppender (GrpcLogAppender.java:onCompleted(292)) - 8f621917-e309-448a-b7d2-29ad5c52a25b->f82856fb-d116-4006-bb10-cc10654ec057: follower responses appendEntries COMPLETED
2019-08-20 03:22:02,071 INFO  impl.FollowerInfo (FollowerInfo.java:lambda$new$0(50)) - 8f621917-e309-448a-b7d2-29ad5c52a25b->3cc52965-b24f-4ade-b456-81120ebcb5f7: nextIndex: updateUnconditionally 0 -> 0
2019-08-20 03:22:02,071 INFO  impl.FollowerInfo (FollowerInfo.java:lambda$new$0(50)) - 8f621917-e309-448a-b7d2-29ad5c52a25b->f82856fb-d116-4006-bb10-cc10654ec057: nextIndex: updateUnconditionally 1 -> 0
2019-08-20 03:22:05,176 INFO  ozoneimpl.OzoneContainer (OzoneContainer.java:stop(199)) - Attempting to stop container services.
2019-08-20 03:22:05,177 INFO  ozoneimpl.OzoneContainer (OzoneContainer.java:stop(199)) - Attempting to stop container services.
2019-08-20 03:22:05,177 INFO  impl.RaftServerProxy (RaftServerProxy.java:lambda$close$4(314)) - af76d286-0381-46ea-bc73-c25b997719ac: close
2019-08-20 03:22:05,178 INFO  impl.RaftServerProxy (RaftServerProxy.java:lambda$close$4(314)) - 3cc52965-b24f-4ade-b456-81120ebcb5f7: close
2019-08-20 03:22:05,178 INFO  impl.RaftServerImpl (RaftServerImpl.java:lambda$shutdown$3(245)) - af76d286-0381-46ea-bc73-c25b997719ac: shutdown group-63EC6CCED95F
2019-08-20 03:22:05,178 INFO  impl.RaftServerImpl (RaftServerImpl.java:lambda$shutdown$3(245)) - 3cc52965-b24f-4ade-b456-81120ebcb5f7: shutdown group-C2B6FA6DDEE4
2019-08-20 03:22:05,178 INFO  util.JmxRegister (JmxRegister.java:unregister(73)) - Successfully un-registered JMX Bean with object name Ratis:service=RaftServer,group=group-63EC6CCED95F,id=af76d286-0381-46ea-bc73-c25b997719ac
2019-08-20 03:22:05,179 INFO  impl.RoleInfo (RoleInfo.java:shutdownLeaderState(104)) - af76d286-0381-46ea-bc73-c25b997719ac: shutdown LeaderState
2019-08-20 03:22:05,179 INFO  util.JmxRegister (JmxRegister.java:unregister(73)) - Successfully un-registered JMX Bean with object name Ratis:service=RaftServer,group=group-C2B6FA6DDEE4,id=3cc52965-b24f-4ade-b456-81120ebcb5f7
2019-08-20 03:22:05,180 INFO  impl.PendingRequests (PendingRequests.java:sendNotLeaderResponses(202)) - af76d286-0381-46ea-bc73-c25b997719ac-PendingRequests: sendNotLeaderResponses
2019-08-20 03:22:05,180 INFO  impl.RoleInfo (RoleInfo.java:shutdownLeaderState(104)) - 3cc52965-b24f-4ade-b456-81120ebcb5f7: shutdown LeaderState
2019-08-20 03:22:05,181 INFO  impl.StateMachineUpdater (StateMachineUpdater.java:stopAndJoin(115)) - StateMachineUpdater:af76d286-0381-46ea-bc73-c25b997719ac:group-63EC6CCED95F: set stopIndex = 0
2019-08-20 03:22:05,181 INFO  impl.RaftServerImpl (ServerState.java:close(394)) - af76d286-0381-46ea-bc73-c25b997719ac:group-63EC6CCED95F closes. The last applied log index is 0
2019-08-20 03:22:05,181 INFO  impl.PendingRequests (PendingRequests.java:sendNotLeaderResponses(202)) - 3cc52965-b24f-4ade-b456-81120ebcb5f7-PendingRequests: sendNotLeaderResponses
2019-08-20 03:22:05,182 INFO  segmented.SegmentedRaftLogWorker (SegmentedRaftLogWorker.java:run(313)) - af76d286-0381-46ea-bc73-c25b997719ac-SegmentedRaftLogWorker:Storage Directory /workdir/hadoop-ozone/integration-test/target/test-dir/MiniOzoneClusterImpl-84cf6d8e-7da2-4c93-8e7d-b6cdc2cb985f/datanode-4/data/ratis/4a821784-780b-4756-9ab4-63ec6cced95f was interrupted, exiting. There are 0 tasks remaining in the queue.
2019-08-20 03:22:05,182 INFO  impl.StateMachineUpdater (StateMachineUpdater.java:stopAndJoin(115)) - StateMachineUpdater:3cc52965-b24f-4ade-b456-81120ebcb5f7:group-C2B6FA6DDEE4: set stopIndex = 0
2019-08-20 03:22:05,185 INFO  impl.RaftServerImpl (ServerState.java:close(394)) - 3cc52965-b24f-4ade-b456-81120ebcb5f7:group-C2B6FA6DDEE4 closes. The last applied log index is 0
2019-08-20 03:22:05,185 INFO  segmented.SegmentedRaftLogWorker (SegmentedRaftLogWorker.java:close(228)) - af76d286-0381-46ea-bc73-c25b997719ac-SegmentedRaftLogWorker:Storage Directory /workdir/hadoop-ozone/integration-test/target/test-dir/MiniOzoneClusterImpl-84cf6d8e-7da2-4c93-8e7d-b6cdc2cb985f/datanode-4/data/ratis/4a821784-780b-4756-9ab4-63ec6cced95f close()
2019-08-20 03:22:05,185 INFO  segmented.SegmentedRaftLogWorker (SegmentedRaftLogWorker.java:run(313)) - 3cc52965-b24f-4ade-b456-81120ebcb5f7-SegmentedRaftLogWorker:Storage Directory /workdir/hadoop-ozone/integration-test/target/test-dir/MiniOzoneClusterImpl-84cf6d8e-7da2-4c93-8e7d-b6cdc2cb985f/datanode-1/data/ratis/5b6f0b74-09ea-4d66-a6cc-c2b6fa6ddee4 was interrupted, exiting. There are 0 tasks remaining in the queue.
2019-08-20 03:22:05,193 INFO  impl.RaftServerImpl (RaftServerImpl.java:lambda$shutdown$3(245)) - af76d286-0381-46ea-bc73-c25b997719ac: shutdown group-F0776E50E46F
2019-08-20 03:22:05,193 INFO  segmented.SegmentedRaftLogWorker (SegmentedRaftLogWorker.java:close(228)) - 3cc52965-b24f-4ade-b456-81120ebcb5f7-SegmentedRaftLogWorker:Storage Directory /workdir/hadoop-ozone/integration-test/target/test-dir/MiniOzoneClusterImpl-84cf6d8e-7da2-4c93-8e7d-b6cdc2cb985f/datanode-1/data/ratis/5b6f0b74-09ea-4d66-a6cc-c2b6fa6ddee4 close()
2019-08-20 03:22:05,194 INFO  util.JmxRegister (JmxRegister.java:unregister(73)) - Successfully un-registered JMX Bean with object name Ratis:service=RaftServer,group=group-F0776E50E46F,id=af76d286-0381-46ea-bc73-c25b997719ac
2019-08-20 03:22:05,199 INFO  impl.RaftServerImpl (RaftServerImpl.java:lambda$shutdown$3(245)) - 3cc52965-b24f-4ade-b456-81120ebcb5f7: shutdown group-517F37DA4231
2019-08-20 03:22:05,199 INFO  impl.RoleInfo (RoleInfo.java:shutdownFollowerState(121)) - af76d286-0381-46ea-bc73-c25b997719ac: shutdown FollowerState
2019-08-20 03:22:05,199 INFO  util.JmxRegister (JmxRegister.java:unregister(73)) - Successfully un-registered JMX Bean with object name Ratis:service=RaftServer,group=group-517F37DA4231,id=3cc52965-b24f-4ade-b456-81120ebcb5f7
2019-08-20 03:22:05,200 INFO  ratis.ContainerStateMachine (ContainerStateMachine.java:takeSnapshot(262)) - group-F0776E50E46F: Taking a snapshot at:(t:1, i:6) file /workdir/hadoop-ozone/integration-test/target/test-dir/MiniOzoneClusterImpl-84cf6d8e-7da2-4c93-8e7d-b6cdc2cb985f/datanode-4/data/ratis/3b5cd820-5bbf-401d-8620-f0776e50e46f/sm/snapshot.1_6
2019-08-20 03:22:05,200 INFO  impl.FollowerState (FollowerState.java:run(114)) - af76d286-0381-46ea-bc73-c25b997719ac: FollowerState was interrupted: java.lang.InterruptedException: sleep interrupted
2019-08-20 03:22:05,200 INFO  impl.StateMachineUpdater (StateMachineUpdater.java:stopAndJoin(115)) - StateMachineUpdater:af76d286-0381-46ea-bc73-c25b997719ac:group-F0776E50E46F: set stopIndex = 8
2019-08-20 03:22:05,200 INFO  impl.RoleInfo (RoleInfo.java:shutdownFollowerState(121)) - 3cc52965-b24f-4ade-b456-81120ebcb5f7: shutdown FollowerState
2019-08-20 03:22:05,204 INFO  impl.StateMachineUpdater (StateMachineUpdater.java:stopAndJoin(115)) - StateMachineUpdater:3cc52965-b24f-4ade-b456-81120ebcb5f7:group-517F37DA4231: set stopIndex = -1
2019-08-20 03:22:05,204 INFO  impl.FollowerState (FollowerState.java:run(114)) - 3cc52965-b24f-4ade-b456-81120ebcb5f7: FollowerState was interrupted: java.lang.InterruptedException: sleep interrupted
2019-08-20 03:22:05,204 INFO  impl.RaftServerImpl (ServerState.java:close(394)) - 3cc52965-b24f-4ade-b456-81120ebcb5f7:group-517F37DA4231 closes. The last applied log index is -1
2019-08-20 03:22:05,207 INFO  segmented.SegmentedRaftLogWorker (SegmentedRaftLogWorker.java:run(313)) - 3cc52965-b24f-4ade-b456-81120ebcb5f7-SegmentedRaftLogWorker:Storage Directory /workdir/hadoop-ozone/integration-test/target/test-dir/MiniOzoneClusterImpl-84cf6d8e-7da2-4c93-8e7d-b6cdc2cb985f/datanode-1/data/ratis/96623a04-0970-4587-a811-517f37da4231 was interrupted, exiting. There are 0 tasks remaining in the queue.
2019-08-20 03:22:05,207 INFO  segmented.SegmentedRaftLogWorker (SegmentedRaftLogWorker.java:close(228)) - 3cc52965-b24f-4ade-b456-81120ebcb5f7-SegmentedRaftLogWorker:Storage Directory /workdir/hadoop-ozone/integration-test/target/test-dir/MiniOzoneClusterImpl-84cf6d8e-7da2-4c93-8e7d-b6cdc2cb985f/datanode-1/data/ratis/96623a04-0970-4587-a811-517f37da4231 close()
2019-08-20 03:22:05,212 INFO  server.GrpcService (GrpcService.java:closeImpl(155)) - 3cc52965-b24f-4ade-b456-81120ebcb5f7: shutdown server with port 37436 now
2019-08-20 03:22:05,217 INFO  ratis.ContainerStateMachine (ContainerStateMachine.java:takeSnapshot(273)) - group-F0776E50E46F: Finished taking a snapshot at:(t:1, i:6) file:/workdir/hadoop-ozone/integration-test/target/test-dir/MiniOzoneClusterImpl-84cf6d8e-7da2-4c93-8e7d-b6cdc2cb985f/datanode-4/data/ratis/3b5cd820-5bbf-401d-8620-f0776e50e46f/sm/snapshot.1_6 time:17
2019-08-20 03:22:05,217 INFO  impl.StateMachineUpdater (StateMachineUpdater.java:takeSnapshot(242)) - StateMachineUpdater:af76d286-0381-46ea-bc73-c25b997719ac:group-F0776E50E46F: Took a snapshot at index 6
2019-08-20 03:22:05,217 INFO  impl.StateMachineUpdater (StateMachineUpdater.java:lambda$new$0(80)) - StateMachineUpdater:af76d286-0381-46ea-bc73-c25b997719ac:group-F0776E50E46F: snapshotIndex: updateIncreasingly -1 -> 6
2019-08-20 03:22:05,218 INFO  server.GrpcService (GrpcService.java:closeImpl(163)) - 3cc52965-b24f-4ade-b456-81120ebcb5f7: shutdown server with port 37436 successfully
2019-08-20 03:22:05,218 INFO  impl.RaftServerImpl (ServerState.java:close(394)) - af76d286-0381-46ea-bc73-c25b997719ac:group-F0776E50E46F closes. The last applied log index is 8
2019-08-20 03:22:05,219 INFO  segmented.SegmentedRaftLogWorker (SegmentedRaftLogWorker.java:run(313)) - af76d286-0381-46ea-bc73-c25b997719ac-SegmentedRaftLogWorker:Storage Directory /workdir/hadoop-ozone/integration-test/target/test-dir/MiniOzoneClusterImpl-84cf6d8e-7da2-4c93-8e7d-b6cdc2cb985f/datanode-4/data/ratis/3b5cd820-5bbf-401d-8620-f0776e50e46f was interrupted, exiting. There are 0 tasks remaining in the queue.
2019-08-20 03:22:05,219 INFO  utils.BackgroundService (BackgroundService.java:shutdown(148)) - Shutting down service BlockDeletingService
2019-08-20 03:22:05,222 INFO  segmented.SegmentedRaftLogWorker (SegmentedRaftLogWorker.java:close(228)) - af76d286-0381-46ea-bc73-c25b997719ac-SegmentedRaftLogWorker:Storage Directory /workdir/hadoop-ozone/integration-test/target/test-dir/MiniOzoneClusterImpl-84cf6d8e-7da2-4c93-8e7d-b6cdc2cb985f/datanode-4/data/ratis/3b5cd820-5bbf-401d-8620-f0776e50e46f close()
2019-08-20 03:22:05,241 INFO  server.GrpcService (GrpcService.java:closeImpl(155)) - af76d286-0381-46ea-bc73-c25b997719ac: shutdown server with port 39714 now
2019-08-20 03:22:05,241 WARN  fs.CachingGetSpaceUsed (CachingGetSpaceUsed.java:run(183)) - Thread Interrupted waiting to refresh disk information: sleep interrupted
2019-08-20 03:22:05,249 INFO  server.GrpcService (GrpcService.java:closeImpl(163)) - af76d286-0381-46ea-bc73-c25b997719ac: shutdown server with port 39714 successfully
2019-08-20 03:22:05,253 WARN  server.GrpcServerProtocolService (LogUtils.java:warn(134)) - af76d286-0381-46ea-bc73-c25b997719ac: appendEntries onError: org.apache.ratis.thirdparty.io.grpc.StatusRuntimeException: CANCELLED: cancelled before receiving half close
2019-08-20 03:22:05,253 WARN  server.GrpcLogAppender (LogUtils.java:warn(134)) - c873431d-dd2c-424d-858f-cac9d922acb6->af76d286-0381-46ea-bc73-c25b997719ac: Failed appendEntries: org.apache.ratis.thirdparty.io.grpc.StatusRuntimeException: CANCELLED: HTTP/2 error code: CANCEL
Received Rst Stream
2019-08-20 03:22:05,261 INFO  impl.FollowerInfo (FollowerInfo.java:lambda$new$0(50)) - c873431d-dd2c-424d-858f-cac9d922acb6->af76d286-0381-46ea-bc73-c25b997719ac: nextIndex: updateUnconditionally 9 -> 8
2019-08-20 03:22:05,262 INFO  utils.BackgroundService (BackgroundService.java:shutdown(148)) - Shutting down service BlockDeletingService
2019-08-20 03:22:05,264 WARN  fs.CachingGetSpaceUsed (CachingGetSpaceUsed.java:run(183)) - Thread Interrupted waiting to refresh disk information: sleep interrupted
2019-08-20 03:22:05,283 INFO  statemachine.DatanodeStateMachine (DatanodeStateMachine.java:stopDaemon(395)) - Ozone container server stopped.
2019-08-20 03:22:05,289 INFO  handler.ContextHandler (ContextHandler.java:doStop(910)) - Stopped o.e.j.w.WebAppContext@1640f20f{/,null,UNAVAILABLE}{/hddsDatanode}
2019-08-20 03:22:05,290 INFO  server.AbstractConnector (AbstractConnector.java:doStop(318)) - Stopped ServerConnector@134d7ffa{HTTP/1.1,[http/1.1]}{0.0.0.0:0}
2019-08-20 03:22:05,292 INFO  handler.ContextHandler (ContextHandler.java:doStop(910)) - Stopped o.e.j.s.ServletContextHandler@6ce2e079{/static,jar:file:/home/user/.m2/repository/org/apache/hadoop/hadoop-hdds-container-service/0.4.1-SNAPSHOT/hadoop-hdds-container-service-0.4.1-SNAPSHOT.jar!/webapps/static,UNAVAILABLE}
2019-08-20 03:22:05,294 INFO  handler.ContextHandler (ContextHandler.java:doStop(910)) - Stopped o.e.j.s.ServletContextHandler@2eb6d34a{/logs,file:///workdir/hadoop-ozone/integration-test/target/log,UNAVAILABLE}
2019-08-20 03:22:05,298 INFO  statemachine.DatanodeStateMachine (DatanodeStateMachine.java:stopDaemon(395)) - Ozone container server stopped.
2019-08-20 03:22:05,299 INFO  datanode.ObjectStoreHandler (ObjectStoreHandler.java:close(155)) - Closing ObjectStoreHandler.
2019-08-20 03:22:05,300 INFO  ozone.HddsDatanodeService (HddsDatanodeService.java:stop(451)) - Stopped plug-in org.apache.hadoop.ozone.web.OzoneHddsDatanodeService@26d73519
2019-08-20 03:22:05,300 INFO  handler.ContextHandler (ContextHandler.java:doStop(910)) - Stopped o.e.j.w.WebAppContext@4e85dcb2{/,null,UNAVAILABLE}{/hddsDatanode}
2019-08-20 03:22:05,301 INFO  server.AbstractConnector (AbstractConnector.java:doStop(318)) - Stopped ServerConnector@1b28cff{HTTP/1.1,[http/1.1]}{0.0.0.0:0}
2019-08-20 03:22:05,301 INFO  handler.ContextHandler (ContextHandler.java:doStop(910)) - Stopped o.e.j.s.ServletContextHandler@1bc6c20d{/static,jar:file:/home/user/.m2/repository/org/apache/hadoop/hadoop-hdds-container-service/0.4.1-SNAPSHOT/hadoop-hdds-container-service-0.4.1-SNAPSHOT.jar!/webapps/static,UNAVAILABLE}
2019-08-20 03:22:05,302 INFO  handler.ContextHandler (ContextHandler.java:doStop(910)) - Stopped o.e.j.s.ServletContextHandler@7c69e1e1{/logs,file:///workdir/hadoop-ozone/integration-test/target/log,UNAVAILABLE}
2019-08-20 03:22:05,303 INFO  datanode.ObjectStoreHandler (ObjectStoreHandler.java:close(155)) - Closing ObjectStoreHandler.
2019-08-20 03:22:05,304 INFO  ozone.HddsDatanodeService (HddsDatanodeService.java:stop(451)) - Stopped plug-in org.apache.hadoop.ozone.web.OzoneHddsDatanodeService@2328ec73
2019-08-20 03:22:05,671 INFO  statemachine.DatanodeStateMachine (DatanodeStateMachine.java:lambda$startDaemon$0(350)) - Ozone container server started.
2019-08-20 03:22:06,152 INFO  statemachine.DatanodeStateMachine (DatanodeStateMachine.java:lambda$startDaemon$0(350)) - Ozone container server started.
2019-08-20 03:22:07,097 INFO  impl.FollowerState (FollowerState.java:run(106)) - f82856fb-d116-4006-bb10-cc10654ec057:group-517F37DA4231 changes to CANDIDATE, lastRpcTime:5037, electionTimeout:5034ms
2019-08-20 03:22:07,097 INFO  impl.RoleInfo (RoleInfo.java:shutdownFollowerState(121)) - f82856fb-d116-4006-bb10-cc10654ec057: shutdown FollowerState
2019-08-20 03:22:07,097 INFO  impl.RaftServerImpl (RaftServerImpl.java:setRole(171)) - f82856fb-d116-4006-bb10-cc10654ec057:group-517F37DA4231 changes role from FOLLOWER to CANDIDATE at term 3 for changeToCandidate
2019-08-20 03:22:07,097 INFO  impl.RoleInfo (RoleInfo.java:updateAndGet(143)) - f82856fb-d116-4006-bb10-cc10654ec057: start LeaderElection
2019-08-20 03:22:07,113 INFO  impl.LeaderElection (LeaderElection.java:askForVotes(181)) - f82856fb-d116-4006-bb10-cc10654ec057:group-517F37DA4231:LeaderElection30: begin an election at term 4 for 0: [3cc52965-b24f-4ade-b456-81120ebcb5f7:192.168.36.123:37436, 8f621917-e309-448a-b7d2-29ad5c52a25b:192.168.36.123:36875, f82856fb-d116-4006-bb10-cc10654ec057:192.168.36.123:32774], old=null
2019-08-20 03:22:07,118 INFO  impl.LeaderElection (LogUtils.java:infoOrTrace(149)) - f82856fb-d116-4006-bb10-cc10654ec057:group-517F37DA4231:LeaderElection30 got exception when requesting votes: {}
java.util.concurrent.ExecutionException: org.apache.ratis.thirdparty.io.grpc.StatusRuntimeException: UNAVAILABLE: io exception
	at java.util.concurrent.FutureTask.report(FutureTask.java:122)
	at java.util.concurrent.FutureTask.get(FutureTask.java:192)
	at org.apache.ratis.server.impl.LeaderElection.waitForResults(LeaderElection.java:262)
	at org.apache.ratis.server.impl.LeaderElection.askForVotes(LeaderElection.java:200)
	at org.apache.ratis.server.impl.LeaderElection.run(LeaderElection.java:130)
	at java.lang.Thread.run(Thread.java:748)
Caused by: org.apache.ratis.thirdparty.io.grpc.StatusRuntimeException: UNAVAILABLE: io exception
	at org.apache.ratis.thirdparty.io.grpc.stub.ClientCalls.toStatusRuntimeException(ClientCalls.java:233)
	at org.apache.ratis.thirdparty.io.grpc.stub.ClientCalls.getUnchecked(ClientCalls.java:214)
	at org.apache.ratis.thirdparty.io.grpc.stub.ClientCalls.blockingUnaryCall(ClientCalls.java:139)
	at org.apache.ratis.proto.grpc.RaftServerProtocolServiceGrpc$RaftServerProtocolServiceBlockingStub.requestVote(RaftServerProtocolServiceGrpc.java:265)
	at org.apache.ratis.grpc.server.GrpcServerProtocolClient.requestVote(GrpcServerProtocolClient.java:83)
	at org.apache.ratis.grpc.server.GrpcService.requestVote(GrpcService.java:195)
	at org.apache.ratis.server.impl.LeaderElection.lambda$submitRequests$1(LeaderElection.java:237)
	at java.util.concurrent.FutureTask.run(FutureTask.java:266)
	at java.util.concurrent.Executors$RunnableAdapter.call(Executors.java:511)
	at java.util.concurrent.FutureTask.run(FutureTask.java:266)
	at java.util.concurrent.ThreadPoolExecutor.runWorker(ThreadPoolExecutor.java:1149)
	at java.util.concurrent.ThreadPoolExecutor$Worker.run(ThreadPoolExecutor.java:624)
	... 1 more
Caused by: org.apache.ratis.thirdparty.io.netty.channel.AbstractChannel$AnnotatedConnectException: Connection refused: /192.168.36.123:37436
	at sun.nio.ch.SocketChannelImpl.checkConnect(Native Method)
	at sun.nio.ch.SocketChannelImpl.finishConnect(SocketChannelImpl.java:717)
	at org.apache.ratis.thirdparty.io.netty.channel.socket.nio.NioSocketChannel.doFinishConnect(NioSocketChannel.java:327)
	at org.apache.ratis.thirdparty.io.netty.channel.nio.AbstractNioChannel$AbstractNioUnsafe.finishConnect(AbstractNioChannel.java:340)
	at org.apache.ratis.thirdparty.io.netty.channel.nio.NioEventLoop.processSelectedKey(NioEventLoop.java:632)
	at org.apache.ratis.thirdparty.io.netty.channel.nio.NioEventLoop.processSelectedKeysOptimized(NioEventLoop.java:579)
	at org.apache.ratis.thirdparty.io.netty.channel.nio.NioEventLoop.processSelectedKeys(NioEventLoop.java:496)
	at org.apache.ratis.thirdparty.io.netty.channel.nio.NioEventLoop.run(NioEventLoop.java:458)
	at org.apache.ratis.thirdparty.io.netty.util.concurrent.SingleThreadEventExecutor$5.run(SingleThreadEventExecutor.java:897)
	at org.apache.ratis.thirdparty.io.netty.util.concurrent.FastThreadLocalRunnable.run(FastThreadLocalRunnable.java:30)
	... 1 more
Caused by: java.net.ConnectException: Connection refused
	... 11 more
2019-08-20 03:22:07,123 INFO  impl.RaftServerImpl (RaftServerImpl.java:setRole(171)) - 8f621917-e309-448a-b7d2-29ad5c52a25b:group-517F37DA4231 changes role from FOLLOWER to FOLLOWER at term 4 for recognizeCandidate:f82856fb-d116-4006-bb10-cc10654ec057
2019-08-20 03:22:07,123 INFO  impl.RoleInfo (RoleInfo.java:shutdownFollowerState(121)) - 8f621917-e309-448a-b7d2-29ad5c52a25b: shutdown FollowerState
2019-08-20 03:22:07,123 INFO  impl.RoleInfo (RoleInfo.java:updateAndGet(143)) - 8f621917-e309-448a-b7d2-29ad5c52a25b: start FollowerState
2019-08-20 03:22:07,123 INFO  impl.FollowerState (FollowerState.java:run(114)) - 8f621917-e309-448a-b7d2-29ad5c52a25b: FollowerState was interrupted: java.lang.InterruptedException: sleep interrupted
2019-08-20 03:22:07,140 INFO  impl.LeaderElection (LeaderElection.java:logAndReturn(56)) - f82856fb-d116-4006-bb10-cc10654ec057:group-517F37DA4231:LeaderElection30: Election PASSED; received 1 response(s) [f82856fb-d116-4006-bb10-cc10654ec057<-8f621917-e309-448a-b7d2-29ad5c52a25b#0:OK-t4] and 1 exception(s); f82856fb-d116-4006-bb10-cc10654ec057:t4, leader=null, voted=f82856fb-d116-4006-bb10-cc10654ec057, raftlog=f82856fb-d116-4006-bb10-cc10654ec057-SegmentedRaftLog:OPENED:c-1,f0,i0, conf=0: [3cc52965-b24f-4ade-b456-81120ebcb5f7:192.168.36.123:37436, 8f621917-e309-448a-b7d2-29ad5c52a25b:192.168.36.123:36875, f82856fb-d116-4006-bb10-cc10654ec057:192.168.36.123:32774], old=null
2019-08-20 03:22:07,141 INFO  impl.LeaderElection (LogUtils.java:infoOrTrace(149)) -   Exception 0: {}
java.util.concurrent.ExecutionException: org.apache.ratis.thirdparty.io.grpc.StatusRuntimeException: UNAVAILABLE: io exception
	at java.util.concurrent.FutureTask.report(FutureTask.java:122)
	at java.util.concurrent.FutureTask.get(FutureTask.java:192)
	at org.apache.ratis.server.impl.LeaderElection.waitForResults(LeaderElection.java:262)
	at org.apache.ratis.server.impl.LeaderElection.askForVotes(LeaderElection.java:200)
	at org.apache.ratis.server.impl.LeaderElection.run(LeaderElection.java:130)
	at java.lang.Thread.run(Thread.java:748)
Caused by: org.apache.ratis.thirdparty.io.grpc.StatusRuntimeException: UNAVAILABLE: io exception
	at org.apache.ratis.thirdparty.io.grpc.stub.ClientCalls.toStatusRuntimeException(ClientCalls.java:233)
	at org.apache.ratis.thirdparty.io.grpc.stub.ClientCalls.getUnchecked(ClientCalls.java:214)
	at org.apache.ratis.thirdparty.io.grpc.stub.ClientCalls.blockingUnaryCall(ClientCalls.java:139)
	at org.apache.ratis.proto.grpc.RaftServerProtocolServiceGrpc$RaftServerProtocolServiceBlockingStub.requestVote(RaftServerProtocolServiceGrpc.java:265)
	at org.apache.ratis.grpc.server.GrpcServerProtocolClient.requestVote(GrpcServerProtocolClient.java:83)
	at org.apache.ratis.grpc.server.GrpcService.requestVote(GrpcService.java:195)
	at org.apache.ratis.server.impl.LeaderElection.lambda$submitRequests$1(LeaderElection.java:237)
	at java.util.concurrent.FutureTask.run(FutureTask.java:266)
	at java.util.concurrent.Executors$RunnableAdapter.call(Executors.java:511)
	at java.util.concurrent.FutureTask.run(FutureTask.java:266)
	at java.util.concurrent.ThreadPoolExecutor.runWorker(ThreadPoolExecutor.java:1149)
	at java.util.concurrent.ThreadPoolExecutor$Worker.run(ThreadPoolExecutor.java:624)
	... 1 more
Caused by: org.apache.ratis.thirdparty.io.netty.channel.AbstractChannel$AnnotatedConnectException: Connection refused: /192.168.36.123:37436
	at sun.nio.ch.SocketChannelImpl.checkConnect(Native Method)
	at sun.nio.ch.SocketChannelImpl.finishConnect(SocketChannelImpl.java:717)
	at org.apache.ratis.thirdparty.io.netty.channel.socket.nio.NioSocketChannel.doFinishConnect(NioSocketChannel.java:327)
	at org.apache.ratis.thirdparty.io.netty.channel.nio.AbstractNioChannel$AbstractNioUnsafe.finishConnect(AbstractNioChannel.java:340)
	at org.apache.ratis.thirdparty.io.netty.channel.nio.NioEventLoop.processSelectedKey(NioEventLoop.java:632)
	at org.apache.ratis.thirdparty.io.netty.channel.nio.NioEventLoop.processSelectedKeysOptimized(NioEventLoop.java:579)
	at org.apache.ratis.thirdparty.io.netty.channel.nio.NioEventLoop.processSelectedKeys(NioEventLoop.java:496)
	at org.apache.ratis.thirdparty.io.netty.channel.nio.NioEventLoop.run(NioEventLoop.java:458)
	at org.apache.ratis.thirdparty.io.netty.util.concurrent.SingleThreadEventExecutor$5.run(SingleThreadEventExecutor.java:897)
	at org.apache.ratis.thirdparty.io.netty.util.concurrent.FastThreadLocalRunnable.run(FastThreadLocalRunnable.java:30)
	... 1 more
Caused by: java.net.ConnectException: Connection refused
	... 11 more
2019-08-20 03:22:07,141 INFO  impl.RoleInfo (RoleInfo.java:shutdownLeaderElection(134)) - f82856fb-d116-4006-bb10-cc10654ec057: shutdown LeaderElection
2019-08-20 03:22:07,141 INFO  impl.RaftServerImpl (RaftServerImpl.java:setRole(171)) - f82856fb-d116-4006-bb10-cc10654ec057:group-517F37DA4231 changes role from CANDIDATE to LEADER at term 4 for changeToLeader
2019-08-20 03:22:07,141 INFO  impl.RaftServerImpl (ServerState.java:setLeader(263)) - f82856fb-d116-4006-bb10-cc10654ec057:group-517F37DA4231 change Leader from null to f82856fb-d116-4006-bb10-cc10654ec057 at term 4 for becomeLeader, leader elected after 5088ms
2019-08-20 03:22:07,142 INFO  server.RaftServerConfigKeys (ConfUtils.java:logGet(43)) - raft.server.staging.catchup.gap = 1000 (default)
2019-08-20 03:22:07,142 INFO  server.RaftServerConfigKeys (ConfUtils.java:logGet(43)) - raft.server.rpc.sleep.time = 25ms (default)
2019-08-20 03:22:07,142 INFO  server.RaftServerConfigKeys (ConfUtils.java:logGet(43)) - raft.server.write.element-limit = 4096 (default)
2019-08-20 03:22:07,142 INFO  server.RaftServerConfigKeys (ConfUtils.java:logGet(43)) - raft.server.watch.timeout = 10s (default)
2019-08-20 03:22:07,142 INFO  server.RaftServerConfigKeys (ConfUtils.java:logGet(43)) - raft.server.watch.timeout.denomination = 1s (default)
2019-08-20 03:22:07,143 INFO  server.RaftServerConfigKeys (ConfUtils.java:logGet(43)) - raft.server.watch.element-limit = 65536 (default)
2019-08-20 03:22:07,143 INFO  server.RaftServerConfigKeys (ConfUtils.java:logGet(43)) - raft.server.log.appender.snapshot.chunk.size.max = 16MB (=16777216) (default)
2019-08-20 03:22:07,143 INFO  server.RaftServerConfigKeys (ConfUtils.java:logGet(43)) - raft.server.log.appender.buffer.byte-limit = 33554432 (custom)
2019-08-20 03:22:07,143 INFO  server.RaftServerConfigKeys (ConfUtils.java:logGet(43)) - raft.server.log.appender.buffer.element-limit = 1 (custom)
2019-08-20 03:22:07,144 INFO  grpc.GrpcConfigKeys$Server (ConfUtils.java:logGet(43)) - raft.grpc.server.leader.outstanding.appends.max = 128 (default)
2019-08-20 03:22:07,144 INFO  server.RaftServerConfigKeys (ConfUtils.java:logGet(43)) - raft.server.rpc.request.timeout = 3000ms (default)
2019-08-20 03:22:07,144 INFO  server.RaftServerConfigKeys (ConfUtils.java:logGet(43)) - raft.server.log.appender.install.snapshot.enabled = false (custom)
2019-08-20 03:22:07,145 INFO  server.RaftServerConfigKeys (ConfUtils.java:logGet(43)) - raft.server.log.appender.snapshot.chunk.size.max = 16MB (=16777216) (default)
2019-08-20 03:22:07,145 INFO  server.RaftServerConfigKeys (ConfUtils.java:logGet(43)) - raft.server.log.appender.buffer.byte-limit = 33554432 (custom)
2019-08-20 03:22:07,145 INFO  server.RaftServerConfigKeys (ConfUtils.java:logGet(43)) - raft.server.log.appender.buffer.element-limit = 1 (custom)
2019-08-20 03:22:07,146 INFO  grpc.GrpcConfigKeys$Server (ConfUtils.java:logGet(43)) - raft.grpc.server.leader.outstanding.appends.max = 128 (default)
2019-08-20 03:22:07,146 INFO  server.RaftServerConfigKeys (ConfUtils.java:logGet(43)) - raft.server.rpc.request.timeout = 3000ms (default)
2019-08-20 03:22:07,146 INFO  server.RaftServerConfigKeys (ConfUtils.java:logGet(43)) - raft.server.log.appender.install.snapshot.enabled = false (custom)
2019-08-20 03:22:07,146 INFO  impl.RoleInfo (RoleInfo.java:updateAndGet(143)) - f82856fb-d116-4006-bb10-cc10654ec057: start LeaderState
2019-08-20 03:22:07,147 INFO  segmented.SegmentedRaftLogWorker (SegmentedRaftLogWorker.java:rollLogSegment(385)) - f82856fb-d116-4006-bb10-cc10654ec057-SegmentedRaftLogWorker:Storage Directory /workdir/hadoop-ozone/integration-test/target/test-dir/MiniOzoneClusterImpl-84cf6d8e-7da2-4c93-8e7d-b6cdc2cb985f/datanode-2/data/ratis/96623a04-0970-4587-a811-517f37da4231: Rolling segment log-0_0 to index:0
2019-08-20 03:22:07,150 INFO  impl.RaftServerImpl (ServerState.java:setRaftConf(361)) - f82856fb-d116-4006-bb10-cc10654ec057:group-517F37DA4231 set configuration 1: [3cc52965-b24f-4ade-b456-81120ebcb5f7:192.168.36.123:37436, 8f621917-e309-448a-b7d2-29ad5c52a25b:192.168.36.123:36875, f82856fb-d116-4006-bb10-cc10654ec057:192.168.36.123:32774], old=null at 1
2019-08-20 03:22:07,150 WARN  server.GrpcLogAppender (LogUtils.java:warn(134)) - f82856fb-d116-4006-bb10-cc10654ec057->3cc52965-b24f-4ade-b456-81120ebcb5f7: Failed appendEntries: org.apache.ratis.thirdparty.io.grpc.StatusRuntimeException: UNAVAILABLE: io exception
2019-08-20 03:22:07,150 INFO  segmented.SegmentedRaftLogWorker (SegmentedRaftLogWorker.java:execute(526)) - f82856fb-d116-4006-bb10-cc10654ec057-SegmentedRaftLogWorker:Storage Directory /workdir/hadoop-ozone/integration-test/target/test-dir/MiniOzoneClusterImpl-84cf6d8e-7da2-4c93-8e7d-b6cdc2cb985f/datanode-2/data/ratis/96623a04-0970-4587-a811-517f37da4231: Rolled log segment from /workdir/hadoop-ozone/integration-test/target/test-dir/MiniOzoneClusterImpl-84cf6d8e-7da2-4c93-8e7d-b6cdc2cb985f/datanode-2/data/ratis/96623a04-0970-4587-a811-517f37da4231/current/log_inprogress_0 to /workdir/hadoop-ozone/integration-test/target/test-dir/MiniOzoneClusterImpl-84cf6d8e-7da2-4c93-8e7d-b6cdc2cb985f/datanode-2/data/ratis/96623a04-0970-4587-a811-517f37da4231/current/log_0-0
2019-08-20 03:22:07,153 INFO  impl.FollowerInfo (FollowerInfo.java:lambda$new$0(50)) - f82856fb-d116-4006-bb10-cc10654ec057->3cc52965-b24f-4ade-b456-81120ebcb5f7: nextIndex: updateUnconditionally 1 -> 0
2019-08-20 03:22:07,154 INFO  impl.RaftServerImpl (ServerState.java:setLeader(263)) - 8f621917-e309-448a-b7d2-29ad5c52a25b:group-517F37DA4231 change Leader from null to f82856fb-d116-4006-bb10-cc10654ec057 at term 4 for appendEntries, leader elected after 5101ms
2019-08-20 03:22:07,159 INFO  impl.RaftServerImpl (ServerState.java:setRaftConf(361)) - 8f621917-e309-448a-b7d2-29ad5c52a25b:group-517F37DA4231 set configuration 1: [3cc52965-b24f-4ade-b456-81120ebcb5f7:192.168.36.123:37436, 8f621917-e309-448a-b7d2-29ad5c52a25b:192.168.36.123:36875, f82856fb-d116-4006-bb10-cc10654ec057:192.168.36.123:32774], old=null at 1
2019-08-20 03:22:07,159 INFO  segmented.SegmentedRaftLogWorker (SegmentedRaftLogWorker.java:rollLogSegment(385)) - 8f621917-e309-448a-b7d2-29ad5c52a25b-SegmentedRaftLogWorker:Storage Directory /workdir/hadoop-ozone/integration-test/target/test-dir/MiniOzoneClusterImpl-84cf6d8e-7da2-4c93-8e7d-b6cdc2cb985f/datanode-0/data/ratis/96623a04-0970-4587-a811-517f37da4231: Rolling segment log-0_0 to index:0
2019-08-20 03:22:07,160 INFO  segmented.SegmentedRaftLogWorker (SegmentedRaftLogWorker.java:execute(526)) - 8f621917-e309-448a-b7d2-29ad5c52a25b-SegmentedRaftLogWorker:Storage Directory /workdir/hadoop-ozone/integration-test/target/test-dir/MiniOzoneClusterImpl-84cf6d8e-7da2-4c93-8e7d-b6cdc2cb985f/datanode-0/data/ratis/96623a04-0970-4587-a811-517f37da4231: Rolled log segment from /workdir/hadoop-ozone/integration-test/target/test-dir/MiniOzoneClusterImpl-84cf6d8e-7da2-4c93-8e7d-b6cdc2cb985f/datanode-0/data/ratis/96623a04-0970-4587-a811-517f37da4231/current/log_inprogress_0 to /workdir/hadoop-ozone/integration-test/target/test-dir/MiniOzoneClusterImpl-84cf6d8e-7da2-4c93-8e7d-b6cdc2cb985f/datanode-0/data/ratis/96623a04-0970-4587-a811-517f37da4231/current/log_0-0
2019-08-20 03:22:07,192 INFO  segmented.SegmentedRaftLogWorker (SegmentedRaftLogWorker.java:execute(569)) - f82856fb-d116-4006-bb10-cc10654ec057-SegmentedRaftLogWorker:Storage Directory /workdir/hadoop-ozone/integration-test/target/test-dir/MiniOzoneClusterImpl-84cf6d8e-7da2-4c93-8e7d-b6cdc2cb985f/datanode-2/data/ratis/96623a04-0970-4587-a811-517f37da4231: created new log segment /workdir/hadoop-ozone/integration-test/target/test-dir/MiniOzoneClusterImpl-84cf6d8e-7da2-4c93-8e7d-b6cdc2cb985f/datanode-2/data/ratis/96623a04-0970-4587-a811-517f37da4231/current/log_inprogress_1
2019-08-20 03:22:07,192 INFO  segmented.SegmentedRaftLogWorker (SegmentedRaftLogWorker.java:execute(569)) - 8f621917-e309-448a-b7d2-29ad5c52a25b-SegmentedRaftLogWorker:Storage Directory /workdir/hadoop-ozone/integration-test/target/test-dir/MiniOzoneClusterImpl-84cf6d8e-7da2-4c93-8e7d-b6cdc2cb985f/datanode-0/data/ratis/96623a04-0970-4587-a811-517f37da4231: created new log segment /workdir/hadoop-ozone/integration-test/target/test-dir/MiniOzoneClusterImpl-84cf6d8e-7da2-4c93-8e7d-b6cdc2cb985f/datanode-0/data/ratis/96623a04-0970-4587-a811-517f37da4231/current/log_inprogress_1
2019-08-20 03:22:07,211 WARN  server.GrpcLogAppender (LogUtils.java:warn(134)) - f82856fb-d116-4006-bb10-cc10654ec057->3cc52965-b24f-4ade-b456-81120ebcb5f7: Failed appendEntries: org.apache.ratis.thirdparty.io.grpc.StatusRuntimeException: UNAVAILABLE: io exception
2019-08-20 03:22:07,215 INFO  impl.FollowerInfo (FollowerInfo.java:lambda$new$0(50)) - f82856fb-d116-4006-bb10-cc10654ec057->3cc52965-b24f-4ade-b456-81120ebcb5f7: nextIndex: updateUnconditionally 1 -> 0
2019-08-20 03:22:07,225 WARN  server.GrpcLogAppender (LogUtils.java:warn(134)) - f82856fb-d116-4006-bb10-cc10654ec057->3cc52965-b24f-4ade-b456-81120ebcb5f7: Failed appendEntries: org.apache.ratis.thirdparty.io.grpc.StatusRuntimeException: UNAVAILABLE: io exception
2019-08-20 03:22:07,229 INFO  impl.FollowerInfo (FollowerInfo.java:lambda$new$0(50)) - f82856fb-d116-4006-bb10-cc10654ec057->3cc52965-b24f-4ade-b456-81120ebcb5f7: nextIndex: updateUnconditionally 1 -> 0
2019-08-20 03:22:07,631 WARN  server.GrpcLogAppender (LogUtils.java:warn(134)) - c873431d-dd2c-424d-858f-cac9d922acb6->af76d286-0381-46ea-bc73-c25b997719ac: Failed appendEntries: org.apache.ratis.thirdparty.io.grpc.StatusRuntimeException: UNAVAILABLE: io exception
2019-08-20 03:22:07,634 INFO  impl.FollowerInfo (FollowerInfo.java:lambda$new$0(50)) - c873431d-dd2c-424d-858f-cac9d922acb6->af76d286-0381-46ea-bc73-c25b997719ac: nextIndex: updateUnconditionally 8 -> 7
2019-08-20 03:22:09,729 WARN  server.GrpcLogAppender (LogUtils.java:warn(134)) - f82856fb-d116-4006-bb10-cc10654ec057->3cc52965-b24f-4ade-b456-81120ebcb5f7: Failed appendEntries: org.apache.ratis.thirdparty.io.grpc.StatusRuntimeException: UNAVAILABLE: io exception
2019-08-20 03:22:09,732 INFO  impl.FollowerInfo (FollowerInfo.java:lambda$new$0(50)) - f82856fb-d116-4006-bb10-cc10654ec057->3cc52965-b24f-4ade-b456-81120ebcb5f7: nextIndex: updateUnconditionally 0 -> 0
2019-08-20 03:22:10,131 WARN  server.GrpcLogAppender (LogUtils.java:warn(134)) - c873431d-dd2c-424d-858f-cac9d922acb6->af76d286-0381-46ea-bc73-c25b997719ac: Failed appendEntries: org.apache.ratis.thirdparty.io.grpc.StatusRuntimeException: UNAVAILABLE: io exception
2019-08-20 03:22:10,134 INFO  impl.FollowerInfo (FollowerInfo.java:lambda$new$0(50)) - c873431d-dd2c-424d-858f-cac9d922acb6->af76d286-0381-46ea-bc73-c25b997719ac: nextIndex: updateUnconditionally 7 -> 6
2019-08-20 03:22:10,301 INFO  ozoneimpl.OzoneContainer (OzoneContainer.java:stop(199)) - Attempting to stop container services.
2019-08-20 03:22:10,302 INFO  impl.RaftServerProxy (RaftServerProxy.java:lambda$close$4(314)) - f82856fb-d116-4006-bb10-cc10654ec057: close
2019-08-20 03:22:10,302 INFO  impl.RaftServerImpl (RaftServerImpl.java:lambda$shutdown$3(245)) - f82856fb-d116-4006-bb10-cc10654ec057: shutdown group-517F37DA4231
2019-08-20 03:22:10,302 INFO  util.JmxRegister (JmxRegister.java:unregister(73)) - Successfully un-registered JMX Bean with object name Ratis:service=RaftServer,group=group-517F37DA4231,id=f82856fb-d116-4006-bb10-cc10654ec057
2019-08-20 03:22:10,303 INFO  impl.RoleInfo (RoleInfo.java:shutdownLeaderState(104)) - f82856fb-d116-4006-bb10-cc10654ec057: shutdown LeaderState
2019-08-20 03:22:10,307 INFO  impl.PendingRequests (PendingRequests.java:sendNotLeaderResponses(202)) - f82856fb-d116-4006-bb10-cc10654ec057-PendingRequests: sendNotLeaderResponses
2019-08-20 03:22:10,307 INFO  ozoneimpl.OzoneContainer (OzoneContainer.java:stop(199)) - Attempting to stop container services.
2019-08-20 03:22:10,307 WARN  server.GrpcLogAppender (GrpcLogAppender.java:mayWait(143)) - GrpcLogAppender(f82856fb-d116-4006-bb10-cc10654ec057->3cc52965-b24f-4ade-b456-81120ebcb5f7): Wait interrupted by java.lang.InterruptedException
2019-08-20 03:22:10,307 WARN  server.GrpcLogAppender (GrpcLogAppender.java:mayWait(143)) - GrpcLogAppender(f82856fb-d116-4006-bb10-cc10654ec057->8f621917-e309-448a-b7d2-29ad5c52a25b): Wait interrupted by java.lang.InterruptedException
2019-08-20 03:22:10,310 INFO  impl.RaftServerProxy (RaftServerProxy.java:lambda$close$4(314)) - feb5a246-eecb-488b-8c66-a6561a6d2dd6: close
2019-08-20 03:22:10,310 INFO  impl.StateMachineUpdater (StateMachineUpdater.java:stopAndJoin(115)) - StateMachineUpdater:f82856fb-d116-4006-bb10-cc10654ec057:group-517F37DA4231: set stopIndex = 2
2019-08-20 03:22:10,311 INFO  impl.RaftServerImpl (RaftServerImpl.java:lambda$shutdown$3(245)) - feb5a246-eecb-488b-8c66-a6561a6d2dd6: shutdown group-5ACFF0AB292B
2019-08-20 03:22:10,311 INFO  server.GrpcServerProtocolService (GrpcServerProtocolService.java:onCompleted(104)) - 8f621917-e309-448a-b7d2-29ad5c52a25b: appendEntries completed
2019-08-20 03:22:10,311 INFO  util.JmxRegister (JmxRegister.java:unregister(73)) - Successfully un-registered JMX Bean with object name Ratis:service=RaftServer,group=group-5ACFF0AB292B,id=feb5a246-eecb-488b-8c66-a6561a6d2dd6
2019-08-20 03:22:10,312 INFO  impl.RoleInfo (RoleInfo.java:shutdownLeaderState(104)) - feb5a246-eecb-488b-8c66-a6561a6d2dd6: shutdown LeaderState
2019-08-20 03:22:10,311 INFO  impl.RaftServerImpl (ServerState.java:close(394)) - f82856fb-d116-4006-bb10-cc10654ec057:group-517F37DA4231 closes. The last applied log index is 2
2019-08-20 03:22:10,312 INFO  impl.PendingRequests (PendingRequests.java:sendNotLeaderResponses(202)) - feb5a246-eecb-488b-8c66-a6561a6d2dd6-PendingRequests: sendNotLeaderResponses
2019-08-20 03:22:10,313 INFO  segmented.SegmentedRaftLogWorker (SegmentedRaftLogWorker.java:run(313)) - f82856fb-d116-4006-bb10-cc10654ec057-SegmentedRaftLogWorker:Storage Directory /workdir/hadoop-ozone/integration-test/target/test-dir/MiniOzoneClusterImpl-84cf6d8e-7da2-4c93-8e7d-b6cdc2cb985f/datanode-2/data/ratis/96623a04-0970-4587-a811-517f37da4231 was interrupted, exiting. There are 0 tasks remaining in the queue.
2019-08-20 03:22:10,313 INFO  server.GrpcLogAppender (GrpcLogAppender.java:onCompleted(292)) - f82856fb-d116-4006-bb10-cc10654ec057->8f621917-e309-448a-b7d2-29ad5c52a25b: follower responses appendEntries COMPLETED
2019-08-20 03:22:10,315 INFO  segmented.SegmentedRaftLogWorker (SegmentedRaftLogWorker.java:close(228)) - f82856fb-d116-4006-bb10-cc10654ec057-SegmentedRaftLogWorker:Storage Directory /workdir/hadoop-ozone/integration-test/target/test-dir/MiniOzoneClusterImpl-84cf6d8e-7da2-4c93-8e7d-b6cdc2cb985f/datanode-2/data/ratis/96623a04-0970-4587-a811-517f37da4231 close()
2019-08-20 03:22:10,313 INFO  impl.StateMachineUpdater (StateMachineUpdater.java:stopAndJoin(115)) - StateMachineUpdater:feb5a246-eecb-488b-8c66-a6561a6d2dd6:group-5ACFF0AB292B: set stopIndex = 0
2019-08-20 03:22:10,327 INFO  impl.RaftServerImpl (RaftServerImpl.java:lambda$shutdown$3(245)) - f82856fb-d116-4006-bb10-cc10654ec057: shutdown group-7F7F4D006E11
2019-08-20 03:22:10,325 INFO  impl.FollowerInfo (FollowerInfo.java:lambda$new$0(50)) - f82856fb-d116-4006-bb10-cc10654ec057->8f621917-e309-448a-b7d2-29ad5c52a25b: nextIndex: updateUnconditionally 3 -> 2
2019-08-20 03:22:10,328 INFO  util.JmxRegister (JmxRegister.java:unregister(73)) - Successfully un-registered JMX Bean with object name Ratis:service=RaftServer,group=group-7F7F4D006E11,id=f82856fb-d116-4006-bb10-cc10654ec057
2019-08-20 03:22:10,327 INFO  impl.RaftServerImpl (ServerState.java:close(394)) - feb5a246-eecb-488b-8c66-a6561a6d2dd6:group-5ACFF0AB292B closes. The last applied log index is 0
2019-08-20 03:22:10,328 INFO  impl.RoleInfo (RoleInfo.java:shutdownLeaderState(104)) - f82856fb-d116-4006-bb10-cc10654ec057: shutdown LeaderState
2019-08-20 03:22:10,329 INFO  segmented.SegmentedRaftLogWorker (SegmentedRaftLogWorker.java:run(313)) - feb5a246-eecb-488b-8c66-a6561a6d2dd6-SegmentedRaftLogWorker:Storage Directory /workdir/hadoop-ozone/integration-test/target/test-dir/MiniOzoneClusterImpl-84cf6d8e-7da2-4c93-8e7d-b6cdc2cb985f/datanode-3/data/ratis/dd6f371e-2f5d-4994-8584-5acff0ab292b was interrupted, exiting. There are 0 tasks remaining in the queue.
2019-08-20 03:22:10,329 INFO  impl.PendingRequests (PendingRequests.java:sendNotLeaderResponses(202)) - f82856fb-d116-4006-bb10-cc10654ec057-PendingRequests: sendNotLeaderResponses
2019-08-20 03:22:10,331 INFO  segmented.SegmentedRaftLogWorker (SegmentedRaftLogWorker.java:close(228)) - feb5a246-eecb-488b-8c66-a6561a6d2dd6-SegmentedRaftLogWorker:Storage Directory /workdir/hadoop-ozone/integration-test/target/test-dir/MiniOzoneClusterImpl-84cf6d8e-7da2-4c93-8e7d-b6cdc2cb985f/datanode-3/data/ratis/dd6f371e-2f5d-4994-8584-5acff0ab292b close()
2019-08-20 03:22:10,331 INFO  impl.StateMachineUpdater (StateMachineUpdater.java:stopAndJoin(115)) - StateMachineUpdater:f82856fb-d116-4006-bb10-cc10654ec057:group-7F7F4D006E11: set stopIndex = 0
2019-08-20 03:22:10,333 INFO  impl.RaftServerImpl (RaftServerImpl.java:lambda$shutdown$3(245)) - feb5a246-eecb-488b-8c66-a6561a6d2dd6: shutdown group-F0776E50E46F
2019-08-20 03:22:10,334 INFO  impl.RaftServerImpl (ServerState.java:close(394)) - f82856fb-d116-4006-bb10-cc10654ec057:group-7F7F4D006E11 closes. The last applied log index is 0
2019-08-20 03:22:10,334 INFO  util.JmxRegister (JmxRegister.java:unregister(73)) - Successfully un-registered JMX Bean with object name Ratis:service=RaftServer,group=group-F0776E50E46F,id=feb5a246-eecb-488b-8c66-a6561a6d2dd6
2019-08-20 03:22:10,334 INFO  segmented.SegmentedRaftLogWorker (SegmentedRaftLogWorker.java:run(313)) - f82856fb-d116-4006-bb10-cc10654ec057-SegmentedRaftLogWorker:Storage Directory /workdir/hadoop-ozone/integration-test/target/test-dir/MiniOzoneClusterImpl-84cf6d8e-7da2-4c93-8e7d-b6cdc2cb985f/datanode-2/data/ratis/c085d131-50e2-43cb-8376-7f7f4d006e11 was interrupted, exiting. There are 0 tasks remaining in the queue.
2019-08-20 03:22:10,335 INFO  impl.RoleInfo (RoleInfo.java:shutdownFollowerState(121)) - feb5a246-eecb-488b-8c66-a6561a6d2dd6: shutdown FollowerState
2019-08-20 03:22:10,337 INFO  segmented.SegmentedRaftLogWorker (SegmentedRaftLogWorker.java:close(228)) - f82856fb-d116-4006-bb10-cc10654ec057-SegmentedRaftLogWorker:Storage Directory /workdir/hadoop-ozone/integration-test/target/test-dir/MiniOzoneClusterImpl-84cf6d8e-7da2-4c93-8e7d-b6cdc2cb985f/datanode-2/data/ratis/c085d131-50e2-43cb-8376-7f7f4d006e11 close()
2019-08-20 03:22:10,337 INFO  ratis.ContainerStateMachine (ContainerStateMachine.java:takeSnapshot(262)) - group-F0776E50E46F: Taking a snapshot at:(t:1, i:6) file /workdir/hadoop-ozone/integration-test/target/test-dir/MiniOzoneClusterImpl-84cf6d8e-7da2-4c93-8e7d-b6cdc2cb985f/datanode-3/data/ratis/3b5cd820-5bbf-401d-8620-f0776e50e46f/sm/snapshot.1_6
2019-08-20 03:22:10,339 INFO  server.GrpcService (GrpcService.java:closeImpl(155)) - f82856fb-d116-4006-bb10-cc10654ec057: shutdown server with port 32774 now
2019-08-20 03:22:10,337 INFO  impl.FollowerState (FollowerState.java:run(114)) - feb5a246-eecb-488b-8c66-a6561a6d2dd6: FollowerState was interrupted: java.lang.InterruptedException: sleep interrupted
2019-08-20 03:22:10,337 INFO  impl.StateMachineUpdater (StateMachineUpdater.java:stopAndJoin(115)) - StateMachineUpdater:feb5a246-eecb-488b-8c66-a6561a6d2dd6:group-F0776E50E46F: set stopIndex = 8
2019-08-20 03:22:10,341 INFO  server.GrpcService (GrpcService.java:closeImpl(163)) - f82856fb-d116-4006-bb10-cc10654ec057: shutdown server with port 32774 successfully
2019-08-20 03:22:10,345 INFO  utils.BackgroundService (BackgroundService.java:shutdown(148)) - Shutting down service BlockDeletingService
2019-08-20 03:22:10,351 WARN  fs.CachingGetSpaceUsed (CachingGetSpaceUsed.java:run(183)) - Thread Interrupted waiting to refresh disk information: sleep interrupted
2019-08-20 03:22:10,352 INFO  ratis.ContainerStateMachine (ContainerStateMachine.java:takeSnapshot(273)) - group-F0776E50E46F: Finished taking a snapshot at:(t:1, i:6) file:/workdir/hadoop-ozone/integration-test/target/test-dir/MiniOzoneClusterImpl-84cf6d8e-7da2-4c93-8e7d-b6cdc2cb985f/datanode-3/data/ratis/3b5cd820-5bbf-401d-8620-f0776e50e46f/sm/snapshot.1_6 time:15
2019-08-20 03:22:10,352 INFO  impl.StateMachineUpdater (StateMachineUpdater.java:takeSnapshot(242)) - StateMachineUpdater:feb5a246-eecb-488b-8c66-a6561a6d2dd6:group-F0776E50E46F: Took a snapshot at index 6
2019-08-20 03:22:10,352 INFO  impl.StateMachineUpdater (StateMachineUpdater.java:lambda$new$0(80)) - StateMachineUpdater:feb5a246-eecb-488b-8c66-a6561a6d2dd6:group-F0776E50E46F: snapshotIndex: updateIncreasingly -1 -> 6
2019-08-20 03:22:10,352 INFO  impl.RaftServerImpl (ServerState.java:close(394)) - feb5a246-eecb-488b-8c66-a6561a6d2dd6:group-F0776E50E46F closes. The last applied log index is 8
2019-08-20 03:22:10,353 INFO  segmented.SegmentedRaftLogWorker (SegmentedRaftLogWorker.java:run(313)) - feb5a246-eecb-488b-8c66-a6561a6d2dd6-SegmentedRaftLogWorker:Storage Directory /workdir/hadoop-ozone/integration-test/target/test-dir/MiniOzoneClusterImpl-84cf6d8e-7da2-4c93-8e7d-b6cdc2cb985f/datanode-3/data/ratis/3b5cd820-5bbf-401d-8620-f0776e50e46f was interrupted, exiting. There are 0 tasks remaining in the queue.
2019-08-20 03:22:10,355 INFO  segmented.SegmentedRaftLogWorker (SegmentedRaftLogWorker.java:close(228)) - feb5a246-eecb-488b-8c66-a6561a6d2dd6-SegmentedRaftLogWorker:Storage Directory /workdir/hadoop-ozone/integration-test/target/test-dir/MiniOzoneClusterImpl-84cf6d8e-7da2-4c93-8e7d-b6cdc2cb985f/datanode-3/data/ratis/3b5cd820-5bbf-401d-8620-f0776e50e46f close()
2019-08-20 03:22:10,357 INFO  server.GrpcService (GrpcService.java:closeImpl(155)) - feb5a246-eecb-488b-8c66-a6561a6d2dd6: shutdown server with port 35979 now
2019-08-20 03:22:10,361 WARN  server.GrpcServerProtocolService (LogUtils.java:warn(134)) - feb5a246-eecb-488b-8c66-a6561a6d2dd6: appendEntries onError: org.apache.ratis.thirdparty.io.grpc.StatusRuntimeException: CANCELLED: cancelled before receiving half close
2019-08-20 03:22:10,362 INFO  server.GrpcService (GrpcService.java:closeImpl(163)) - feb5a246-eecb-488b-8c66-a6561a6d2dd6: shutdown server with port 35979 successfully
2019-08-20 03:22:10,362 WARN  server.GrpcLogAppender (LogUtils.java:warn(134)) - c873431d-dd2c-424d-858f-cac9d922acb6->feb5a246-eecb-488b-8c66-a6561a6d2dd6: Failed appendEntries: org.apache.ratis.thirdparty.io.grpc.StatusRuntimeException: CANCELLED: HTTP/2 error code: CANCEL
Received Rst Stream
2019-08-20 03:22:10,363 INFO  impl.FollowerInfo (FollowerInfo.java:lambda$new$0(50)) - c873431d-dd2c-424d-858f-cac9d922acb6->feb5a246-eecb-488b-8c66-a6561a6d2dd6: nextIndex: updateUnconditionally 9 -> 8
2019-08-20 03:22:10,364 INFO  utils.BackgroundService (BackgroundService.java:shutdown(148)) - Shutting down service BlockDeletingService
2019-08-20 03:22:10,369 WARN  fs.CachingGetSpaceUsed (CachingGetSpaceUsed.java:run(183)) - Thread Interrupted waiting to refresh disk information: sleep interrupted
2019-08-20 03:22:10,380 INFO  statemachine.DatanodeStateMachine (DatanodeStateMachine.java:stopDaemon(395)) - Ozone container server stopped.
2019-08-20 03:22:10,386 INFO  handler.ContextHandler (ContextHandler.java:doStop(910)) - Stopped o.e.j.w.WebAppContext@c94bd18{/,null,UNAVAILABLE}{/hddsDatanode}
2019-08-20 03:22:10,387 INFO  server.AbstractConnector (AbstractConnector.java:doStop(318)) - Stopped ServerConnector@71fb8301{HTTP/1.1,[http/1.1]}{0.0.0.0:0}
2019-08-20 03:22:10,389 INFO  handler.ContextHandler (ContextHandler.java:doStop(910)) - Stopped o.e.j.s.ServletContextHandler@6851b296{/static,jar:file:/home/user/.m2/repository/org/apache/hadoop/hadoop-hdds-container-service/0.4.1-SNAPSHOT/hadoop-hdds-container-service-0.4.1-SNAPSHOT.jar!/webapps/static,UNAVAILABLE}
2019-08-20 03:22:10,391 INFO  handler.ContextHandler (ContextHandler.java:doStop(910)) - Stopped o.e.j.s.ServletContextHandler@77ba583{/logs,file:///workdir/hadoop-ozone/integration-test/target/log,UNAVAILABLE}
2019-08-20 03:22:10,392 INFO  datanode.ObjectStoreHandler (ObjectStoreHandler.java:close(155)) - Closing ObjectStoreHandler.
2019-08-20 03:22:10,393 INFO  ozone.HddsDatanodeService (HddsDatanodeService.java:stop(451)) - Stopped plug-in org.apache.hadoop.ozone.web.OzoneHddsDatanodeService@74ebd159
2019-08-20 03:22:10,399 INFO  statemachine.DatanodeStateMachine (DatanodeStateMachine.java:stopDaemon(395)) - Ozone container server stopped.
2019-08-20 03:22:10,401 INFO  handler.ContextHandler (ContextHandler.java:doStop(910)) - Stopped o.e.j.w.WebAppContext@1f60824e{/,null,UNAVAILABLE}{/hddsDatanode}
2019-08-20 03:22:10,401 INFO  server.AbstractConnector (AbstractConnector.java:doStop(318)) - Stopped ServerConnector@1218e12{HTTP/1.1,[http/1.1]}{0.0.0.0:0}
2019-08-20 03:22:10,402 INFO  handler.ContextHandler (ContextHandler.java:doStop(910)) - Stopped o.e.j.s.ServletContextHandler@62de73eb{/static,jar:file:/home/user/.m2/repository/org/apache/hadoop/hadoop-hdds-container-service/0.4.1-SNAPSHOT/hadoop-hdds-container-service-0.4.1-SNAPSHOT.jar!/webapps/static,UNAVAILABLE}
2019-08-20 03:22:10,402 INFO  handler.ContextHandler (ContextHandler.java:doStop(910)) - Stopped o.e.j.s.ServletContextHandler@73da7f08{/logs,file:///workdir/hadoop-ozone/integration-test/target/log,UNAVAILABLE}
2019-08-20 03:22:10,404 INFO  datanode.ObjectStoreHandler (ObjectStoreHandler.java:close(155)) - Closing ObjectStoreHandler.
2019-08-20 03:22:10,404 INFO  ozone.HddsDatanodeService (HddsDatanodeService.java:stop(451)) - Stopped plug-in org.apache.hadoop.ozone.web.OzoneHddsDatanodeService@388e4c25
2019-08-20 03:22:10,608 INFO  statemachine.DatanodeStateMachine (DatanodeStateMachine.java:lambda$startDaemon$0(350)) - Ozone container server started.
2019-08-20 03:22:11,248 INFO  statemachine.DatanodeStateMachine (DatanodeStateMachine.java:lambda$startDaemon$0(350)) - Ozone container server started.
2019-08-20 03:22:12,633 WARN  server.GrpcLogAppender (LogUtils.java:warn(134)) - c873431d-dd2c-424d-858f-cac9d922acb6->af76d286-0381-46ea-bc73-c25b997719ac: Failed appendEntries: org.apache.ratis.thirdparty.io.grpc.StatusRuntimeException: UNAVAILABLE: io exception
2019-08-20 03:22:12,634 INFO  impl.FollowerInfo (FollowerInfo.java:lambda$new$0(50)) - c873431d-dd2c-424d-858f-cac9d922acb6->af76d286-0381-46ea-bc73-c25b997719ac: nextIndex: updateUnconditionally 6 -> 5
2019-08-20 03:22:12,652 WARN  server.GrpcLogAppender (LogUtils.java:warn(134)) - c873431d-dd2c-424d-858f-cac9d922acb6->feb5a246-eecb-488b-8c66-a6561a6d2dd6: Failed appendEntries: org.apache.ratis.thirdparty.io.grpc.StatusRuntimeException: UNAVAILABLE: io exception
2019-08-20 03:22:12,652 INFO  impl.FollowerInfo (FollowerInfo.java:lambda$new$0(50)) - c873431d-dd2c-424d-858f-cac9d922acb6->feb5a246-eecb-488b-8c66-a6561a6d2dd6: nextIndex: updateUnconditionally 8 -> 7
2019-08-20 03:22:15,134 WARN  server.GrpcLogAppender (LogUtils.java:warn(134)) - c873431d-dd2c-424d-858f-cac9d922acb6->af76d286-0381-46ea-bc73-c25b997719ac: Failed appendEntries: org.apache.ratis.thirdparty.io.grpc.StatusRuntimeException: UNAVAILABLE: io exception
2019-08-20 03:22:15,135 INFO  impl.FollowerInfo (FollowerInfo.java:lambda$new$0(50)) - c873431d-dd2c-424d-858f-cac9d922acb6->af76d286-0381-46ea-bc73-c25b997719ac: nextIndex: updateUnconditionally 5 -> 4
2019-08-20 03:22:15,142 WARN  server.GrpcLogAppender (LogUtils.java:warn(134)) - c873431d-dd2c-424d-858f-cac9d922acb6->feb5a246-eecb-488b-8c66-a6561a6d2dd6: Failed appendEntries: org.apache.ratis.thirdparty.io.grpc.StatusRuntimeException: UNAVAILABLE: io exception
2019-08-20 03:22:15,142 INFO  impl.FollowerInfo (FollowerInfo.java:lambda$new$0(50)) - c873431d-dd2c-424d-858f-cac9d922acb6->feb5a246-eecb-488b-8c66-a6561a6d2dd6: nextIndex: updateUnconditionally 7 -> 6
2019-08-20 03:22:15,394 INFO  ozoneimpl.OzoneContainer (OzoneContainer.java:stop(199)) - Attempting to stop container services.
2019-08-20 03:22:15,394 INFO  impl.RaftServerProxy (RaftServerProxy.java:lambda$close$4(314)) - 8f621917-e309-448a-b7d2-29ad5c52a25b: close
2019-08-20 03:22:15,394 INFO  impl.RaftServerImpl (RaftServerImpl.java:lambda$shutdown$3(245)) - 8f621917-e309-448a-b7d2-29ad5c52a25b: shutdown group-517F37DA4231
2019-08-20 03:22:15,395 INFO  util.JmxRegister (JmxRegister.java:unregister(73)) - Successfully un-registered JMX Bean with object name Ratis:service=RaftServer,group=group-517F37DA4231,id=8f621917-e309-448a-b7d2-29ad5c52a25b
2019-08-20 03:22:15,395 INFO  impl.RoleInfo (RoleInfo.java:shutdownFollowerState(121)) - 8f621917-e309-448a-b7d2-29ad5c52a25b: shutdown FollowerState
2019-08-20 03:22:15,395 INFO  impl.StateMachineUpdater (StateMachineUpdater.java:stopAndJoin(115)) - StateMachineUpdater:8f621917-e309-448a-b7d2-29ad5c52a25b:group-517F37DA4231: set stopIndex = 2
2019-08-20 03:22:15,396 INFO  impl.FollowerState (FollowerState.java:run(114)) - 8f621917-e309-448a-b7d2-29ad5c52a25b: FollowerState was interrupted: java.lang.InterruptedException: sleep interrupted
2019-08-20 03:22:15,396 INFO  impl.RaftServerImpl (ServerState.java:close(394)) - 8f621917-e309-448a-b7d2-29ad5c52a25b:group-517F37DA4231 closes. The last applied log index is 2
2019-08-20 03:22:15,399 INFO  segmented.SegmentedRaftLogWorker (SegmentedRaftLogWorker.java:run(313)) - 8f621917-e309-448a-b7d2-29ad5c52a25b-SegmentedRaftLogWorker:Storage Directory /workdir/hadoop-ozone/integration-test/target/test-dir/MiniOzoneClusterImpl-84cf6d8e-7da2-4c93-8e7d-b6cdc2cb985f/datanode-0/data/ratis/96623a04-0970-4587-a811-517f37da4231 was interrupted, exiting. There are 0 tasks remaining in the queue.
2019-08-20 03:22:15,401 INFO  segmented.SegmentedRaftLogWorker (SegmentedRaftLogWorker.java:close(228)) - 8f621917-e309-448a-b7d2-29ad5c52a25b-SegmentedRaftLogWorker:Storage Directory /workdir/hadoop-ozone/integration-test/target/test-dir/MiniOzoneClusterImpl-84cf6d8e-7da2-4c93-8e7d-b6cdc2cb985f/datanode-0/data/ratis/96623a04-0970-4587-a811-517f37da4231 close()
2019-08-20 03:22:15,403 INFO  impl.RaftServerImpl (RaftServerImpl.java:lambda$shutdown$3(245)) - 8f621917-e309-448a-b7d2-29ad5c52a25b: shutdown group-1BBFF313D5CA
2019-08-20 03:22:15,403 INFO  util.JmxRegister (JmxRegister.java:unregister(73)) - Successfully un-registered JMX Bean with object name Ratis:service=RaftServer,group=group-1BBFF313D5CA,id=8f621917-e309-448a-b7d2-29ad5c52a25b
2019-08-20 03:22:15,404 INFO  impl.RoleInfo (RoleInfo.java:shutdownLeaderState(104)) - 8f621917-e309-448a-b7d2-29ad5c52a25b: shutdown LeaderState
2019-08-20 03:22:15,404 INFO  impl.PendingRequests (PendingRequests.java:sendNotLeaderResponses(202)) - 8f621917-e309-448a-b7d2-29ad5c52a25b-PendingRequests: sendNotLeaderResponses
2019-08-20 03:22:15,404 INFO  impl.StateMachineUpdater (StateMachineUpdater.java:stopAndJoin(115)) - StateMachineUpdater:8f621917-e309-448a-b7d2-29ad5c52a25b:group-1BBFF313D5CA: set stopIndex = 0
2019-08-20 03:22:15,405 INFO  impl.RaftServerImpl (ServerState.java:close(394)) - 8f621917-e309-448a-b7d2-29ad5c52a25b:group-1BBFF313D5CA closes. The last applied log index is 0
2019-08-20 03:22:15,405 INFO  ozoneimpl.OzoneContainer (OzoneContainer.java:stop(199)) - Attempting to stop container services.
2019-08-20 03:22:15,405 INFO  segmented.SegmentedRaftLogWorker (SegmentedRaftLogWorker.java:run(313)) - 8f621917-e309-448a-b7d2-29ad5c52a25b-SegmentedRaftLogWorker:Storage Directory /workdir/hadoop-ozone/integration-test/target/test-dir/MiniOzoneClusterImpl-84cf6d8e-7da2-4c93-8e7d-b6cdc2cb985f/datanode-0/data/ratis/ad1d097a-f44d-4ae4-b7f2-1bbff313d5ca was interrupted, exiting. There are 0 tasks remaining in the queue.
2019-08-20 03:22:15,406 INFO  impl.RaftServerProxy (RaftServerProxy.java:lambda$close$4(314)) - d51d9641-3229-439d-b443-7a39d972eb3a: close
2019-08-20 03:22:15,408 INFO  impl.RaftServerImpl (RaftServerImpl.java:lambda$shutdown$3(245)) - d51d9641-3229-439d-b443-7a39d972eb3a: shutdown group-96EF3210B1CB
2019-08-20 03:22:15,408 INFO  util.JmxRegister (JmxRegister.java:unregister(73)) - Successfully un-registered JMX Bean with object name Ratis:service=RaftServer,group=group-96EF3210B1CB,id=d51d9641-3229-439d-b443-7a39d972eb3a
2019-08-20 03:22:15,409 INFO  impl.RoleInfo (RoleInfo.java:shutdownLeaderState(104)) - d51d9641-3229-439d-b443-7a39d972eb3a: shutdown LeaderState
2019-08-20 03:22:15,409 INFO  impl.PendingRequests (PendingRequests.java:sendNotLeaderResponses(202)) - d51d9641-3229-439d-b443-7a39d972eb3a-PendingRequests: sendNotLeaderResponses
2019-08-20 03:22:15,410 INFO  impl.StateMachineUpdater (StateMachineUpdater.java:stopAndJoin(115)) - StateMachineUpdater:d51d9641-3229-439d-b443-7a39d972eb3a:group-96EF3210B1CB: set stopIndex = 0
2019-08-20 03:22:15,410 INFO  impl.RaftServerImpl (ServerState.java:close(394)) - d51d9641-3229-439d-b443-7a39d972eb3a:group-96EF3210B1CB closes. The last applied log index is 0
2019-08-20 03:22:15,411 INFO  segmented.SegmentedRaftLogWorker (SegmentedRaftLogWorker.java:run(313)) - d51d9641-3229-439d-b443-7a39d972eb3a-SegmentedRaftLogWorker:Storage Directory /workdir/hadoop-ozone/integration-test/target/test-dir/MiniOzoneClusterImpl-84cf6d8e-7da2-4c93-8e7d-b6cdc2cb985f/datanode-6/data/ratis/ad460b74-7345-4a9a-ad5e-96ef3210b1cb was interrupted, exiting. There are 0 tasks remaining in the queue.
2019-08-20 03:22:15,412 INFO  segmented.SegmentedRaftLogWorker (SegmentedRaftLogWorker.java:close(228)) - 8f621917-e309-448a-b7d2-29ad5c52a25b-SegmentedRaftLogWorker:Storage Directory /workdir/hadoop-ozone/integration-test/target/test-dir/MiniOzoneClusterImpl-84cf6d8e-7da2-4c93-8e7d-b6cdc2cb985f/datanode-0/data/ratis/ad1d097a-f44d-4ae4-b7f2-1bbff313d5ca close()
2019-08-20 03:22:15,412 INFO  segmented.SegmentedRaftLogWorker (SegmentedRaftLogWorker.java:close(228)) - d51d9641-3229-439d-b443-7a39d972eb3a-SegmentedRaftLogWorker:Storage Directory /workdir/hadoop-ozone/integration-test/target/test-dir/MiniOzoneClusterImpl-84cf6d8e-7da2-4c93-8e7d-b6cdc2cb985f/datanode-6/data/ratis/ad460b74-7345-4a9a-ad5e-96ef3210b1cb close()
2019-08-20 03:22:15,419 INFO  server.GrpcService (GrpcService.java:closeImpl(155)) - 8f621917-e309-448a-b7d2-29ad5c52a25b: shutdown server with port 36875 now
2019-08-20 03:22:15,420 INFO  server.GrpcService (GrpcService.java:closeImpl(155)) - d51d9641-3229-439d-b443-7a39d972eb3a: shutdown server with port 40504 now
2019-08-20 03:22:15,420 INFO  server.GrpcService (GrpcService.java:closeImpl(163)) - 8f621917-e309-448a-b7d2-29ad5c52a25b: shutdown server with port 36875 successfully
2019-08-20 03:22:15,422 INFO  server.GrpcService (GrpcService.java:closeImpl(163)) - d51d9641-3229-439d-b443-7a39d972eb3a: shutdown server with port 40504 successfully
2019-08-20 03:22:15,423 INFO  utils.BackgroundService (BackgroundService.java:shutdown(148)) - Shutting down service BlockDeletingService
2019-08-20 03:22:15,424 INFO  utils.BackgroundService (BackgroundService.java:shutdown(148)) - Shutting down service BlockDeletingService
2019-08-20 03:22:15,425 WARN  fs.CachingGetSpaceUsed (CachingGetSpaceUsed.java:run(183)) - Thread Interrupted waiting to refresh disk information: sleep interrupted
2019-08-20 03:22:15,429 WARN  fs.CachingGetSpaceUsed (CachingGetSpaceUsed.java:run(183)) - Thread Interrupted waiting to refresh disk information: sleep interrupted
2019-08-20 03:22:15,446 INFO  statemachine.DatanodeStateMachine (DatanodeStateMachine.java:stopDaemon(395)) - Ozone container server stopped.
2019-08-20 03:22:15,451 INFO  handler.ContextHandler (ContextHandler.java:doStop(910)) - Stopped o.e.j.w.WebAppContext@3cd46491{/,null,UNAVAILABLE}{/hddsDatanode}
2019-08-20 03:22:15,452 INFO  server.AbstractConnector (AbstractConnector.java:doStop(318)) - Stopped ServerConnector@27d98bef{HTTP/1.1,[http/1.1]}{0.0.0.0:0}
2019-08-20 03:22:15,458 INFO  handler.ContextHandler (ContextHandler.java:doStop(910)) - Stopped o.e.j.s.ServletContextHandler@9c0d0bd{/static,jar:file:/home/user/.m2/repository/org/apache/hadoop/hadoop-hdds-container-service/0.4.1-SNAPSHOT/hadoop-hdds-container-service-0.4.1-SNAPSHOT.jar!/webapps/static,UNAVAILABLE}
2019-08-20 03:22:15,459 INFO  statemachine.DatanodeStateMachine (DatanodeStateMachine.java:stopDaemon(395)) - Ozone container server stopped.
2019-08-20 03:22:15,460 INFO  handler.ContextHandler (ContextHandler.java:doStop(910)) - Stopped o.e.j.s.ServletContextHandler@76af34b5{/logs,file:///workdir/hadoop-ozone/integration-test/target/log,UNAVAILABLE}
2019-08-20 03:22:15,461 INFO  handler.ContextHandler (ContextHandler.java:doStop(910)) - Stopped o.e.j.w.WebAppContext@308c65e0{/,null,UNAVAILABLE}{/hddsDatanode}
2019-08-20 03:22:15,462 INFO  datanode.ObjectStoreHandler (ObjectStoreHandler.java:close(155)) - Closing ObjectStoreHandler.
2019-08-20 03:22:15,462 INFO  server.AbstractConnector (AbstractConnector.java:doStop(318)) - Stopped ServerConnector@50fa5938{HTTP/1.1,[http/1.1]}{0.0.0.0:0}
2019-08-20 03:22:15,462 INFO  ozone.HddsDatanodeService (HddsDatanodeService.java:stop(451)) - Stopped plug-in org.apache.hadoop.ozone.web.OzoneHddsDatanodeService@7809b43a
2019-08-20 03:22:15,462 INFO  handler.ContextHandler (ContextHandler.java:doStop(910)) - Stopped o.e.j.s.ServletContextHandler@7be62956{/static,jar:file:/home/user/.m2/repository/org/apache/hadoop/hadoop-hdds-container-service/0.4.1-SNAPSHOT/hadoop-hdds-container-service-0.4.1-SNAPSHOT.jar!/webapps/static,UNAVAILABLE}
2019-08-20 03:22:15,463 INFO  handler.ContextHandler (ContextHandler.java:doStop(910)) - Stopped o.e.j.s.ServletContextHandler@7210f559{/logs,file:///workdir/hadoop-ozone/integration-test/target/log,UNAVAILABLE}
2019-08-20 03:22:16,110 INFO  statemachine.DatanodeStateMachine (DatanodeStateMachine.java:lambda$startDaemon$0(350)) - Ozone container server started.
2019-08-20 03:22:17,636 WARN  server.GrpcLogAppender (LogUtils.java:warn(134)) - c873431d-dd2c-424d-858f-cac9d922acb6->af76d286-0381-46ea-bc73-c25b997719ac: Failed appendEntries: org.apache.ratis.thirdparty.io.grpc.StatusRuntimeException: UNAVAILABLE: io exception
2019-08-20 03:22:17,637 INFO  impl.FollowerInfo (FollowerInfo.java:lambda$new$0(50)) - c873431d-dd2c-424d-858f-cac9d922acb6->af76d286-0381-46ea-bc73-c25b997719ac: nextIndex: updateUnconditionally 4 -> 3
2019-08-20 03:22:17,643 WARN  server.GrpcLogAppender (LogUtils.java:warn(134)) - c873431d-dd2c-424d-858f-cac9d922acb6->feb5a246-eecb-488b-8c66-a6561a6d2dd6: Failed appendEntries: org.apache.ratis.thirdparty.io.grpc.StatusRuntimeException: UNAVAILABLE: io exception
2019-08-20 03:22:17,644 INFO  impl.FollowerInfo (FollowerInfo.java:lambda$new$0(50)) - c873431d-dd2c-424d-858f-cac9d922acb6->feb5a246-eecb-488b-8c66-a6561a6d2dd6: nextIndex: updateUnconditionally 6 -> 5
2019-08-20 03:22:20,138 WARN  server.GrpcLogAppender (LogUtils.java:warn(134)) - c873431d-dd2c-424d-858f-cac9d922acb6->af76d286-0381-46ea-bc73-c25b997719ac: Failed appendEntries: org.apache.ratis.thirdparty.io.grpc.StatusRuntimeException: UNAVAILABLE: io exception
2019-08-20 03:22:20,138 INFO  impl.FollowerInfo (FollowerInfo.java:lambda$new$0(50)) - c873431d-dd2c-424d-858f-cac9d922acb6->af76d286-0381-46ea-bc73-c25b997719ac: nextIndex: updateUnconditionally 3 -> 2
2019-08-20 03:22:20,144 WARN  server.GrpcLogAppender (LogUtils.java:warn(134)) - c873431d-dd2c-424d-858f-cac9d922acb6->feb5a246-eecb-488b-8c66-a6561a6d2dd6: Failed appendEntries: org.apache.ratis.thirdparty.io.grpc.StatusRuntimeException: UNAVAILABLE: io exception
2019-08-20 03:22:20,145 INFO  impl.FollowerInfo (FollowerInfo.java:lambda$new$0(50)) - c873431d-dd2c-424d-858f-cac9d922acb6->feb5a246-eecb-488b-8c66-a6561a6d2dd6: nextIndex: updateUnconditionally 5 -> 4
2019-08-20 03:22:20,463 INFO  ozoneimpl.OzoneContainer (OzoneContainer.java:stop(199)) - Attempting to stop container services.
2019-08-20 03:22:20,464 INFO  impl.RaftServerProxy (RaftServerProxy.java:lambda$close$4(314)) - c873431d-dd2c-424d-858f-cac9d922acb6: close
2019-08-20 03:22:20,464 INFO  impl.RaftServerImpl (RaftServerImpl.java:lambda$shutdown$3(245)) - c873431d-dd2c-424d-858f-cac9d922acb6: shutdown group-F0BDD2231E81
2019-08-20 03:22:20,464 INFO  util.JmxRegister (JmxRegister.java:unregister(73)) - Successfully un-registered JMX Bean with object name Ratis:service=RaftServer,group=group-F0BDD2231E81,id=c873431d-dd2c-424d-858f-cac9d922acb6
2019-08-20 03:22:20,465 INFO  impl.RoleInfo (RoleInfo.java:shutdownLeaderState(104)) - c873431d-dd2c-424d-858f-cac9d922acb6: shutdown LeaderState
2019-08-20 03:22:20,465 INFO  impl.PendingRequests (PendingRequests.java:sendNotLeaderResponses(202)) - c873431d-dd2c-424d-858f-cac9d922acb6-PendingRequests: sendNotLeaderResponses
2019-08-20 03:22:20,465 INFO  impl.StateMachineUpdater (StateMachineUpdater.java:stopAndJoin(115)) - StateMachineUpdater:c873431d-dd2c-424d-858f-cac9d922acb6:group-F0BDD2231E81: set stopIndex = 0
2019-08-20 03:22:20,466 INFO  impl.RaftServerImpl (ServerState.java:close(394)) - c873431d-dd2c-424d-858f-cac9d922acb6:group-F0BDD2231E81 closes. The last applied log index is 0
2019-08-20 03:22:20,466 INFO  segmented.SegmentedRaftLogWorker (SegmentedRaftLogWorker.java:run(313)) - c873431d-dd2c-424d-858f-cac9d922acb6-SegmentedRaftLogWorker:Storage Directory /workdir/hadoop-ozone/integration-test/target/test-dir/MiniOzoneClusterImpl-84cf6d8e-7da2-4c93-8e7d-b6cdc2cb985f/datanode-5/data/ratis/28fbe42b-0c95-4999-8c87-f0bdd2231e81 was interrupted, exiting. There are 0 tasks remaining in the queue.
2019-08-20 03:22:20,467 INFO  segmented.SegmentedRaftLogWorker (SegmentedRaftLogWorker.java:close(228)) - c873431d-dd2c-424d-858f-cac9d922acb6-SegmentedRaftLogWorker:Storage Directory /workdir/hadoop-ozone/integration-test/target/test-dir/MiniOzoneClusterImpl-84cf6d8e-7da2-4c93-8e7d-b6cdc2cb985f/datanode-5/data/ratis/28fbe42b-0c95-4999-8c87-f0bdd2231e81 close()
2019-08-20 03:22:20,467 INFO  impl.RaftServerImpl (RaftServerImpl.java:lambda$shutdown$3(245)) - c873431d-dd2c-424d-858f-cac9d922acb6: shutdown group-F0776E50E46F
2019-08-20 03:22:20,467 INFO  util.JmxRegister (JmxRegister.java:unregister(73)) - Successfully un-registered JMX Bean with object name Ratis:service=RaftServer,group=group-F0776E50E46F,id=c873431d-dd2c-424d-858f-cac9d922acb6
2019-08-20 03:22:20,468 INFO  impl.RoleInfo (RoleInfo.java:shutdownLeaderState(104)) - c873431d-dd2c-424d-858f-cac9d922acb6: shutdown LeaderState
2019-08-20 03:22:20,471 WARN  server.GrpcLogAppender (GrpcLogAppender.java:mayWait(143)) - GrpcLogAppender(c873431d-dd2c-424d-858f-cac9d922acb6->af76d286-0381-46ea-bc73-c25b997719ac): Wait interrupted by java.lang.InterruptedException
2019-08-20 03:22:20,471 INFO  impl.PendingRequests (PendingRequests.java:sendNotLeaderResponses(202)) - c873431d-dd2c-424d-858f-cac9d922acb6-PendingRequests: sendNotLeaderResponses
2019-08-20 03:22:20,471 WARN  server.GrpcLogAppender (GrpcLogAppender.java:mayWait(143)) - GrpcLogAppender(c873431d-dd2c-424d-858f-cac9d922acb6->feb5a246-eecb-488b-8c66-a6561a6d2dd6): Wait interrupted by java.lang.InterruptedException
2019-08-20 03:22:20,474 INFO  impl.StateMachineUpdater (StateMachineUpdater.java:stopAndJoin(115)) - StateMachineUpdater:c873431d-dd2c-424d-858f-cac9d922acb6:group-F0776E50E46F: set stopIndex = 8
2019-08-20 03:22:20,474 INFO  ratis.ContainerStateMachine (ContainerStateMachine.java:takeSnapshot(262)) - group-F0776E50E46F: Taking a snapshot at:(t:1, i:6) file /workdir/hadoop-ozone/integration-test/target/test-dir/MiniOzoneClusterImpl-84cf6d8e-7da2-4c93-8e7d-b6cdc2cb985f/datanode-5/data/ratis/3b5cd820-5bbf-401d-8620-f0776e50e46f/sm/snapshot.1_6
2019-08-20 03:22:20,480 INFO  ratis.ContainerStateMachine (ContainerStateMachine.java:takeSnapshot(273)) - group-F0776E50E46F: Finished taking a snapshot at:(t:1, i:6) file:/workdir/hadoop-ozone/integration-test/target/test-dir/MiniOzoneClusterImpl-84cf6d8e-7da2-4c93-8e7d-b6cdc2cb985f/datanode-5/data/ratis/3b5cd820-5bbf-401d-8620-f0776e50e46f/sm/snapshot.1_6 time:6
2019-08-20 03:22:20,480 INFO  impl.StateMachineUpdater (StateMachineUpdater.java:takeSnapshot(242)) - StateMachineUpdater:c873431d-dd2c-424d-858f-cac9d922acb6:group-F0776E50E46F: Took a snapshot at index 6
2019-08-20 03:22:20,480 INFO  impl.StateMachineUpdater (StateMachineUpdater.java:lambda$new$0(80)) - StateMachineUpdater:c873431d-dd2c-424d-858f-cac9d922acb6:group-F0776E50E46F: snapshotIndex: updateIncreasingly -1 -> 6
2019-08-20 03:22:20,481 INFO  impl.RaftServerImpl (ServerState.java:close(394)) - c873431d-dd2c-424d-858f-cac9d922acb6:group-F0776E50E46F closes. The last applied log index is 8
2019-08-20 03:22:20,482 INFO  segmented.SegmentedRaftLogWorker (SegmentedRaftLogWorker.java:run(313)) - c873431d-dd2c-424d-858f-cac9d922acb6-SegmentedRaftLogWorker:Storage Directory /workdir/hadoop-ozone/integration-test/target/test-dir/MiniOzoneClusterImpl-84cf6d8e-7da2-4c93-8e7d-b6cdc2cb985f/datanode-5/data/ratis/3b5cd820-5bbf-401d-8620-f0776e50e46f was interrupted, exiting. There are 0 tasks remaining in the queue.
2019-08-20 03:22:20,482 INFO  segmented.SegmentedRaftLogWorker (SegmentedRaftLogWorker.java:close(228)) - c873431d-dd2c-424d-858f-cac9d922acb6-SegmentedRaftLogWorker:Storage Directory /workdir/hadoop-ozone/integration-test/target/test-dir/MiniOzoneClusterImpl-84cf6d8e-7da2-4c93-8e7d-b6cdc2cb985f/datanode-5/data/ratis/3b5cd820-5bbf-401d-8620-f0776e50e46f close()
2019-08-20 03:22:20,482 INFO  server.GrpcService (GrpcService.java:closeImpl(155)) - c873431d-dd2c-424d-858f-cac9d922acb6: shutdown server with port 40173 now
2019-08-20 03:22:20,483 INFO  server.GrpcService (GrpcService.java:closeImpl(163)) - c873431d-dd2c-424d-858f-cac9d922acb6: shutdown server with port 40173 successfully
2019-08-20 03:22:20,485 INFO  utils.BackgroundService (BackgroundService.java:shutdown(148)) - Shutting down service BlockDeletingService
2019-08-20 03:22:20,487 WARN  fs.CachingGetSpaceUsed (CachingGetSpaceUsed.java:run(183)) - Thread Interrupted waiting to refresh disk information: sleep interrupted
2019-08-20 03:22:20,504 INFO  statemachine.DatanodeStateMachine (DatanodeStateMachine.java:stopDaemon(395)) - Ozone container server stopped.
2019-08-20 03:22:20,518 INFO  handler.ContextHandler (ContextHandler.java:doStop(910)) - Stopped o.e.j.w.WebAppContext@61d011e{/,null,UNAVAILABLE}{/hddsDatanode}
2019-08-20 03:22:20,519 INFO  server.AbstractConnector (AbstractConnector.java:doStop(318)) - Stopped ServerConnector@3b56947a{HTTP/1.1,[http/1.1]}{0.0.0.0:0}
2019-08-20 03:22:20,519 INFO  handler.ContextHandler (ContextHandler.java:doStop(910)) - Stopped o.e.j.s.ServletContextHandler@28dacf31{/static,jar:file:/home/user/.m2/repository/org/apache/hadoop/hadoop-hdds-container-service/0.4.1-SNAPSHOT/hadoop-hdds-container-service-0.4.1-SNAPSHOT.jar!/webapps/static,UNAVAILABLE}
2019-08-20 03:22:20,520 INFO  handler.ContextHandler (ContextHandler.java:doStop(910)) - Stopped o.e.j.s.ServletContextHandler@44e08a7a{/logs,file:///workdir/hadoop-ozone/integration-test/target/log,UNAVAILABLE}
2019-08-20 03:22:20,521 INFO  ozone.MiniOzoneClusterImpl (MiniOzoneClusterImpl.java:stop(353)) - Stopping the StorageContainerManager
2019-08-20 03:22:20,521 INFO  server.StorageContainerManager (StorageContainerManager.java:stop(797)) - Stopping Replication Manager Service.
2019-08-20 03:22:20,521 INFO  container.ReplicationManager (ReplicationManager.java:stop(193)) - Stopping Replication Monitor Thread.
2019-08-20 03:22:20,522 INFO  server.StorageContainerManager (StorageContainerManager.java:stop(804)) - Stopping Lease Manager of the command watchers
2019-08-20 03:22:20,522 INFO  server.StorageContainerManager (StorageContainerManager.java:stop(811)) - Stopping datanode service RPC server
2019-08-20 03:22:20,522 INFO  server.SCMDatanodeProtocolServer (SCMDatanodeProtocolServer.java:stop(367)) - Stopping the RPC server for DataNodes
2019-08-20 03:22:20,522 INFO  ipc.Server (Server.java:stop(3082)) - Stopping server on 36796
2019-08-20 03:22:20,525 INFO  ipc.Server (Server.java:run(1319)) - Stopping IPC Server Responder
2019-08-20 03:22:20,525 INFO  ipc.Server (Server.java:run(1185)) - Stopping IPC Server listener on 36796
2019-08-20 03:22:20,576 WARN  node.NodeStateManager (NodeStateManager.java:scheduleNextHealthCheck(646)) - Current Thread is interrupted, shutting down HB processing thread for Node Manager.
2019-08-20 03:22:20,576 INFO  server.StorageContainerManager (StorageContainerManager.java:stop(819)) - Stopping block service RPC server
2019-08-20 03:22:20,576 INFO  server.SCMBlockProtocolServer (SCMBlockProtocolServer.java:stop(148)) - Stopping the RPC server for Block Protocol
2019-08-20 03:22:20,577 INFO  ipc.Server (Server.java:stop(3082)) - Stopping server on 34243
2019-08-20 03:22:20,579 INFO  server.StorageContainerManager (StorageContainerManager.java:stop(826)) - Stopping the StorageContainerLocationProtocol RPC server
2019-08-20 03:22:20,579 INFO  ipc.Server (Server.java:run(1185)) - Stopping IPC Server listener on 34243
2019-08-20 03:22:20,579 INFO  ipc.Server (Server.java:run(1319)) - Stopping IPC Server Responder
2019-08-20 03:22:20,579 INFO  server.SCMClientProtocolServer (SCMClientProtocolServer.java:stop(159)) - Stopping the RPC server for Client Protocol
2019-08-20 03:22:20,581 INFO  ipc.Server (Server.java:stop(3082)) - Stopping server on 41845
2019-08-20 03:22:20,584 INFO  ipc.Server (Server.java:run(1185)) - Stopping IPC Server listener on 41845
2019-08-20 03:22:20,584 INFO  server.StorageContainerManager (StorageContainerManager.java:stop(833)) - Stopping Storage Container Manager HTTP server.
2019-08-20 03:22:20,584 INFO  ipc.Server (Server.java:run(1319)) - Stopping IPC Server Responder
2019-08-20 03:22:20,587 INFO  handler.ContextHandler (ContextHandler.java:doStop(910)) - Stopped o.e.j.w.WebAppContext@d1c5cf2{/,null,UNAVAILABLE}{/scm}
2019-08-20 03:22:20,588 INFO  server.AbstractConnector (AbstractConnector.java:doStop(318)) - Stopped ServerConnector@7e0986c9{HTTP/1.1,[http/1.1]}{0.0.0.0:0}
2019-08-20 03:22:20,588 INFO  handler.ContextHandler (ContextHandler.java:doStop(910)) - Stopped o.e.j.s.ServletContextHandler@1c72189f{/static,file:///workdir/hadoop-ozone/integration-test/target/test-classes/webapps/static,UNAVAILABLE}
2019-08-20 03:22:20,589 INFO  handler.ContextHandler (ContextHandler.java:doStop(910)) - Stopped o.e.j.s.ServletContextHandler@56835f2f{/logs,file:///workdir/hadoop-ozone/integration-test/target/log,UNAVAILABLE}
2019-08-20 03:22:20,591 INFO  server.StorageContainerManager (StorageContainerManager.java:stop(844)) - Stopping Block Manager Service.
2019-08-20 03:22:20,591 INFO  utils.BackgroundService (BackgroundService.java:shutdown(148)) - Shutting down service SCMBlockDeletingService
2019-08-20 03:22:20,591 INFO  utils.BackgroundService (BackgroundService.java:shutdown(148)) - Shutting down service SCMBlockDeletingService
2019-08-20 03:22:20,592 INFO  server.StorageContainerManager (StorageContainerManager.java:stop(866)) - Stopping SCM Event Queue.
2019-08-20 03:22:20,596 INFO  impl.MetricsSystemImpl (MetricsSystemImpl.java:stop(210)) - Stopping HddsDatanode metrics system...
2019-08-20 03:22:20,603 INFO  impl.MetricsSystemImpl (MetricsSystemImpl.java:stop(216)) - HddsDatanode metrics system stopped.
]]></system-out>
    <system-err><![CDATA[Aug 20, 2019 3:21:47 AM com.sun.jersey.server.impl.application.WebApplicationImpl _initiate
INFO: Initiating Jersey application, version 'Jersey: 1.19 02/11/2015 03:25 AM'
Aug 20, 2019 3:21:47 AM com.sun.jersey.server.impl.application.WebApplicationImpl _initiate
INFO: Initiating Jersey application, version 'Jersey: 1.19 02/11/2015 03:25 AM'
Aug 20, 2019 3:21:47 AM com.sun.jersey.server.impl.application.WebApplicationImpl _initiate
INFO: Initiating Jersey application, version 'Jersey: 1.19 02/11/2015 03:25 AM'
Aug 20, 2019 3:21:47 AM com.sun.jersey.server.impl.application.WebApplicationImpl _initiate
INFO: Initiating Jersey application, version 'Jersey: 1.19 02/11/2015 03:25 AM'
Aug 20, 2019 3:21:47 AM com.sun.jersey.server.impl.application.WebApplicationImpl _initiate
INFO: Initiating Jersey application, version 'Jersey: 1.19 02/11/2015 03:25 AM'
Aug 20, 2019 3:21:48 AM com.sun.jersey.server.impl.application.WebApplicationImpl _initiate
INFO: Initiating Jersey application, version 'Jersey: 1.19 02/11/2015 03:25 AM'
Aug 20, 2019 3:21:48 AM com.sun.jersey.server.impl.application.WebApplicationImpl _initiate
INFO: Initiating Jersey application, version 'Jersey: 1.19 02/11/2015 03:25 AM'
]]></system-err>
  </testcase>
</testsuite>