<?xml version="1.0" encoding="UTF-8"?>
<testsuite xmlns:xsi="http://www.w3.org/2001/XMLSchema-instance" xsi:noNamespaceSchemaLocation="https://maven.apache.org/surefire/maven-surefire-plugin/xsd/surefire-test-report.xsd" name="org.apache.hadoop.ozone.client.rpc.TestFailureHandlingByClient" time="280.913" tests="5" errors="0" skipped="0" failures="1">
  <properties>
    <property name="awt.toolkit" value="sun.awt.X11.XToolkit"/>
    <property name="file.encoding.pkg" value="sun.io"/>
    <property name="java.specification.version" value="1.8"/>
    <property name="sun.cpu.isalist" value=""/>
    <property name="sun.jnu.encoding" value="UTF-8"/>
    <property name="java.class.path" value="/workdir/hadoop-ozone/integration-test/target/test-classes:/workdir/hadoop-ozone/integration-test/target/classes:/home/user/.m2/repository/org/apache/hadoop/hadoop-ozone-common/0.5.0-SNAPSHOT/hadoop-ozone-common-0.5.0-SNAPSHOT.jar:/home/user/.m2/repository/org/apache/commons/commons-compress/1.4.1/commons-compress-1.4.1.jar:/home/user/.m2/repository/org/tukaani/xz/1.0/xz-1.0.jar:/home/user/.m2/repository/org/apache/hadoop/hadoop-common/3.2.0/hadoop-common-3.2.0.jar:/home/user/.m2/repository/org/apache/hadoop/hadoop-hdfs/3.2.0/hadoop-hdfs-3.2.0.jar:/home/user/.m2/repository/org/apache/hadoop/hadoop-hdfs-client/3.2.0/hadoop-hdfs-client-3.2.0.jar:/home/user/.m2/repository/com/fasterxml/jackson/core/jackson-annotations/2.9.5/jackson-annotations-2.9.5.jar:/home/user/.m2/repository/org/apache/hadoop/hadoop-hdds-common/0.5.0-SNAPSHOT/hadoop-hdds-common-0.5.0-SNAPSHOT.jar:/home/user/.m2/repository/javax/annotation/javax.annotation-api/1.2/javax.annotation-api-1.2.jar:/home/user/.m2/repository/org/apache/ratis/ratis-server/0.4.0-2337318-SNAPSHOT/ratis-server-0.4.0-2337318-SNAPSHOT.jar:/home/user/.m2/repository/org/apache/ratis/ratis-thirdparty-misc/0.2.0/ratis-thirdparty-misc-0.2.0.jar:/home/user/.m2/repository/org/apache/ratis/ratis-proto/0.4.0-2337318-SNAPSHOT/ratis-proto-0.4.0-2337318-SNAPSHOT.jar:/home/user/.m2/repository/org/apache/ratis/ratis-common/0.4.0-2337318-SNAPSHOT/ratis-common-0.4.0-2337318-SNAPSHOT.jar:/home/user/.m2/repository/org/apache/ratis/ratis-client/0.4.0-2337318-SNAPSHOT/ratis-client-0.4.0-2337318-SNAPSHOT.jar:/home/user/.m2/repository/org/apache/ratis/ratis-metrics/0.4.0-2337318-SNAPSHOT/ratis-metrics-0.4.0-2337318-SNAPSHOT.jar:/home/user/.m2/repository/org/apache/ratis/ratis-netty/0.4.0-2337318-SNAPSHOT/ratis-netty-0.4.0-2337318-SNAPSHOT.jar:/home/user/.m2/repository/org/apache/ratis/ratis-grpc/0.4.0-2337318-SNAPSHOT/ratis-grpc-0.4.0-2337318-SNAPSHOT.jar:/home/user/.m2/repository/org/rocksdb/rocksdbjni/6.0.1/rocksdbjni-6.0.1.jar:/home/user/.m2/repository/org/apache/logging/log4j/log4j-api/2.11.0/log4j-api-2.11.0.jar:/home/user/.m2/repository/org/apache/logging/log4j/log4j-core/2.11.0/log4j-core-2.11.0.jar:/home/user/.m2/repository/com/lmax/disruptor/3.4.2/disruptor-3.4.2.jar:/home/user/.m2/repository/org/apache/commons/commons-pool2/2.6.0/commons-pool2-2.6.0.jar:/home/user/.m2/repository/org/bouncycastle/bcpkix-jdk15on/1.60/bcpkix-jdk15on-1.60.jar:/home/user/.m2/repository/commons-validator/commons-validator/1.6/commons-validator-1.6.jar:/home/user/.m2/repository/commons-digester/commons-digester/1.8.1/commons-digester-1.8.1.jar:/home/user/.m2/repository/io/jaegertracing/jaeger-client/0.33.1/jaeger-client-0.33.1.jar:/home/user/.m2/repository/io/jaegertracing/jaeger-thrift/0.33.1/jaeger-thrift-0.33.1.jar:/home/user/.m2/repository/org/apache/thrift/libthrift/0.11.0/libthrift-0.11.0.jar:/home/user/.m2/repository/com/squareup/okhttp3/okhttp/3.9.0/okhttp-3.9.0.jar:/home/user/.m2/repository/com/squareup/okio/okio/1.13.0/okio-1.13.0.jar:/home/user/.m2/repository/io/jaegertracing/jaeger-core/0.33.1/jaeger-core-0.33.1.jar:/home/user/.m2/repository/io/jaegertracing/jaeger-tracerresolver/0.33.1/jaeger-tracerresolver-0.33.1.jar:/home/user/.m2/repository/io/opentracing/contrib/opentracing-tracerresolver/0.1.5/opentracing-tracerresolver-0.1.5.jar:/home/user/.m2/repository/io/opentracing/opentracing-util/0.31.0/opentracing-util-0.31.0.jar:/home/user/.m2/repository/io/opentracing/opentracing-api/0.31.0/opentracing-api-0.31.0.jar:/home/user/.m2/repository/io/opentracing/opentracing-noop/0.31.0/opentracing-noop-0.31.0.jar:/home/user/.m2/repository/org/apache/hadoop/hadoop-hdds-server-framework/0.5.0-SNAPSHOT/hadoop-hdds-server-framework-0.5.0-SNAPSHOT.jar:/home/user/.m2/repository/org/apache/hadoop/hadoop-hdds-container-service/0.5.0-SNAPSHOT/hadoop-hdds-container-service-0.5.0-SNAPSHOT.jar:/home/user/.m2/repository/org/apache/hadoop/hadoop-hdds-client/0.5.0-SNAPSHOT/hadoop-hdds-client-0.5.0-SNAPSHOT.jar:/home/user/.m2/repository/org/apache/hadoop/hadoop-hdds-tools/0.5.0-SNAPSHOT/hadoop-hdds-tools-0.5.0-SNAPSHOT.jar:/home/user/.m2/repository/org/apache/hadoop/hadoop-hdds-server-scm/0.5.0-SNAPSHOT/hadoop-hdds-server-scm-0.5.0-SNAPSHOT.jar:/home/user/.m2/repository/org/apache/hadoop/hadoop-hdds-docs/0.5.0-SNAPSHOT/hadoop-hdds-docs-0.5.0-SNAPSHOT.jar:/home/user/.m2/repository/io/dropwizard/metrics/metrics-core/3.2.4/metrics-core-3.2.4.jar:/home/user/.m2/repository/org/hamcrest/hamcrest-all/1.3/hamcrest-all-1.3.jar:/home/user/.m2/repository/org/bouncycastle/bcprov-jdk15on/1.60/bcprov-jdk15on-1.60.jar:/home/user/.m2/repository/info/picocli/picocli/3.9.6/picocli-3.9.6.jar:/home/user/.m2/repository/com/google/protobuf/protobuf-java/2.5.0/protobuf-java-2.5.0.jar:/home/user/.m2/repository/com/google/guava/guava/11.0.2/guava-11.0.2.jar:/home/user/.m2/repository/org/apache/hadoop/hadoop-ozone-ozone-manager/0.5.0-SNAPSHOT/hadoop-ozone-ozone-manager-0.5.0-SNAPSHOT.jar:/home/user/.m2/repository/org/apache/hadoop/hadoop-minikdc/3.2.0/hadoop-minikdc-3.2.0.jar:/home/user/.m2/repository/commons-io/commons-io/2.5/commons-io-2.5.jar:/home/user/.m2/repository/org/apache/kerby/kerb-simplekdc/1.0.1/kerb-simplekdc-1.0.1.jar:/home/user/.m2/repository/org/apache/kerby/kerb-client/1.0.1/kerb-client-1.0.1.jar:/home/user/.m2/repository/org/apache/kerby/kerby-config/1.0.1/kerby-config-1.0.1.jar:/home/user/.m2/repository/org/apache/kerby/kerb-core/1.0.1/kerb-core-1.0.1.jar:/home/user/.m2/repository/org/apache/kerby/kerby-pkix/1.0.1/kerby-pkix-1.0.1.jar:/home/user/.m2/repository/org/apache/kerby/kerby-asn1/1.0.1/kerby-asn1-1.0.1.jar:/home/user/.m2/repository/org/apache/kerby/kerby-util/1.0.1/kerby-util-1.0.1.jar:/home/user/.m2/repository/org/apache/kerby/kerb-common/1.0.1/kerb-common-1.0.1.jar:/home/user/.m2/repository/org/apache/kerby/kerb-crypto/1.0.1/kerb-crypto-1.0.1.jar:/home/user/.m2/repository/org/apache/kerby/kerb-util/1.0.1/kerb-util-1.0.1.jar:/home/user/.m2/repository/org/apache/kerby/token-provider/1.0.1/token-provider-1.0.1.jar:/home/user/.m2/repository/org/apache/kerby/kerb-admin/1.0.1/kerb-admin-1.0.1.jar:/home/user/.m2/repository/org/apache/kerby/kerb-server/1.0.1/kerb-server-1.0.1.jar:/home/user/.m2/repository/org/apache/kerby/kerb-identity/1.0.1/kerb-identity-1.0.1.jar:/home/user/.m2/repository/org/apache/kerby/kerby-xdr/1.0.1/kerby-xdr-1.0.1.jar:/home/user/.m2/repository/org/slf4j/slf4j-log4j12/1.7.25/slf4j-log4j12-1.7.25.jar:/home/user/.m2/repository/org/apache/hadoop/hadoop-ozone-s3gateway/0.5.0-SNAPSHOT/hadoop-ozone-s3gateway-0.5.0-SNAPSHOT.jar:/home/user/.m2/repository/org/jboss/weld/servlet/weld-servlet/2.4.7.Final/weld-servlet-2.4.7.Final.jar:/home/user/.m2/repository/org/glassfish/jersey/containers/jersey-container-servlet-core/2.27/jersey-container-servlet-core-2.27.jar:/home/user/.m2/repository/org/glassfish/hk2/external/javax.inject/2.5.0-b42/javax.inject-2.5.0-b42.jar:/home/user/.m2/repository/org/glassfish/jersey/core/jersey-common/2.27/jersey-common-2.27.jar:/home/user/.m2/repository/org/glassfish/hk2/osgi-resource-locator/1.0.1/osgi-resource-locator-1.0.1.jar:/home/user/.m2/repository/javax/ws/rs/javax.ws.rs-api/2.1/javax.ws.rs-api-2.1.jar:/home/user/.m2/repository/org/glassfish/jersey/ext/cdi/jersey-cdi1x/2.27/jersey-cdi1x-2.27.jar:/home/user/.m2/repository/org/glassfish/jersey/inject/jersey-hk2/2.27/jersey-hk2-2.27.jar:/home/user/.m2/repository/org/glassfish/hk2/hk2-locator/2.5.0-b42/hk2-locator-2.5.0-b42.jar:/home/user/.m2/repository/org/javassist/javassist/3.22.0-CR2/javassist-3.22.0-CR2.jar:/home/user/.m2/repository/org/glassfish/hk2/hk2-api/2.5.0/hk2-api-2.5.0.jar:/home/user/.m2/repository/org/glassfish/hk2/external/jakarta.inject/2.5.0/jakarta.inject-2.5.0.jar:/home/user/.m2/repository/org/glassfish/hk2/hk2-utils/2.5.0/hk2-utils-2.5.0.jar:/home/user/.m2/repository/jakarta/annotation/jakarta.annotation-api/1.3.4/jakarta.annotation-api-1.3.4.jar:/home/user/.m2/repository/org/glassfish/hk2/external/aopalliance-repackaged/2.5.0/aopalliance-repackaged-2.5.0.jar:/home/user/.m2/repository/com/fasterxml/jackson/dataformat/jackson-dataformat-xml/2.9.0/jackson-dataformat-xml-2.9.0.jar:/home/user/.m2/repository/com/fasterxml/jackson/core/jackson-core/2.9.5/jackson-core-2.9.5.jar:/home/user/.m2/repository/com/fasterxml/jackson/module/jackson-module-jaxb-annotations/2.9.5/jackson-module-jaxb-annotations-2.9.5.jar:/home/user/.m2/repository/javax/enterprise/cdi-api/1.2/cdi-api-1.2.jar:/home/user/.m2/repository/javax/el/javax.el-api/3.0.0/javax.el-api-3.0.0.jar:/home/user/.m2/repository/javax/interceptor/javax.interceptor-api/1.2/javax.interceptor-api-1.2.jar:/home/user/.m2/repository/javax/inject/javax.inject/1/javax.inject-1.jar:/home/user/.m2/repository/com/sun/xml/bind/jaxb-impl/2.3.0.1/jaxb-impl-2.3.0.1.jar:/home/user/.m2/repository/com/sun/xml/bind/jaxb-core/2.3.0.1/jaxb-core-2.3.0.1.jar:/home/user/.m2/repository/javax/xml/bind/jaxb-api/2.3.0/jaxb-api-2.3.0.jar:/home/user/.m2/repository/javax/activation/activation/1.1.1/activation-1.1.1.jar:/home/user/.m2/repository/org/apache/hadoop/hadoop-ozone-csi/0.5.0-SNAPSHOT/hadoop-ozone-csi-0.5.0-SNAPSHOT.jar:/home/user/.m2/repository/com/google/protobuf/protobuf-java-util/3.5.1/protobuf-java-util-3.5.1.jar:/home/user/.m2/repository/org/apache/hadoop/hadoop-hdds-config/0.5.0-SNAPSHOT/hadoop-hdds-config-0.5.0-SNAPSHOT.jar:/home/user/.m2/repository/io/grpc/grpc-netty/1.17.1/grpc-netty-1.17.1.jar:/home/user/.m2/repository/io/grpc/grpc-core/1.17.1/grpc-core-1.17.1.jar:/home/user/.m2/repository/io/grpc/grpc-context/1.17.1/grpc-context-1.17.1.jar:/home/user/.m2/repository/com/google/errorprone/error_prone_annotations/2.2.0/error_prone_annotations-2.2.0.jar:/home/user/.m2/repository/org/codehaus/mojo/animal-sniffer-annotations/1.17/animal-sniffer-annotations-1.17.jar:/home/user/.m2/repository/io/opencensus/opencensus-api/0.17.0/opencensus-api-0.17.0.jar:/home/user/.m2/repository/io/opencensus/opencensus-contrib-grpc-metrics/0.17.0/opencensus-contrib-grpc-metrics-0.17.0.jar:/home/user/.m2/repository/io/netty/netty-codec-http2/4.1.30.Final/netty-codec-http2-4.1.30.Final.jar:/home/user/.m2/repository/io/netty/netty-codec-http/4.1.30.Final/netty-codec-http-4.1.30.Final.jar:/home/user/.m2/repository/io/netty/netty-codec/4.1.30.Final/netty-codec-4.1.30.Final.jar:/home/user/.m2/repository/io/netty/netty-handler/4.1.30.Final/netty-handler-4.1.30.Final.jar:/home/user/.m2/repository/io/netty/netty-handler-proxy/4.1.30.Final/netty-handler-proxy-4.1.30.Final.jar:/home/user/.m2/repository/io/netty/netty-codec-socks/4.1.30.Final/netty-codec-socks-4.1.30.Final.jar:/home/user/.m2/repository/io/netty/netty-transport-native-epoll/4.1.30.Final/netty-transport-native-epoll-4.1.30.Final.jar:/home/user/.m2/repository/io/netty/netty-common/4.1.30.Final/netty-common-4.1.30.Final.jar:/home/user/.m2/repository/io/netty/netty-buffer/4.1.30.Final/netty-buffer-4.1.30.Final.jar:/home/user/.m2/repository/io/netty/netty-transport/4.1.30.Final/netty-transport-4.1.30.Final.jar:/home/user/.m2/repository/io/netty/netty-resolver/4.1.30.Final/netty-resolver-4.1.30.Final.jar:/home/user/.m2/repository/io/netty/netty-transport-native-unix-common/4.1.30.Final/netty-transport-native-unix-common-4.1.30.Final.jar:/home/user/.m2/repository/io/grpc/grpc-protobuf/1.17.1/grpc-protobuf-1.17.1.jar:/home/user/.m2/repository/com/google/api/grpc/proto-google-common-protos/1.0.0/proto-google-common-protos-1.0.0.jar:/home/user/.m2/repository/io/grpc/grpc-protobuf-lite/1.17.1/grpc-protobuf-lite-1.17.1.jar:/home/user/.m2/repository/io/grpc/grpc-stub/1.17.1/grpc-stub-1.17.1.jar:/home/user/.m2/repository/org/apache/hadoop/hadoop-ozone-recon/0.5.0-SNAPSHOT/hadoop-ozone-recon-0.5.0-SNAPSHOT.jar:/home/user/.m2/repository/org/apache/hadoop/hadoop-ozone-reconcodegen/0.5.0-SNAPSHOT/hadoop-ozone-reconcodegen-0.5.0-SNAPSHOT.jar:/home/user/.m2/repository/com/google/inject/extensions/guice-multibindings/4.0/guice-multibindings-4.0.jar:/home/user/.m2/repository/com/google/inject/guice/4.0/guice-4.0.jar:/home/user/.m2/repository/aopalliance/aopalliance/1.0/aopalliance-1.0.jar:/home/user/.m2/repository/com/google/inject/extensions/guice-servlet/4.0/guice-servlet-4.0.jar:/home/user/.m2/repository/org/glassfish/jersey/containers/jersey-container-servlet/2.27/jersey-container-servlet-2.27.jar:/home/user/.m2/repository/org/glassfish/hk2/guice-bridge/2.5.0/guice-bridge-2.5.0.jar:/home/user/.m2/repository/org/glassfish/jersey/core/jersey-server/2.27/jersey-server-2.27.jar:/home/user/.m2/repository/org/glassfish/jersey/core/jersey-client/2.27/jersey-client-2.27.jar:/home/user/.m2/repository/org/glassfish/jersey/media/jersey-media-jaxb/2.27/jersey-media-jaxb-2.27.jar:/home/user/.m2/repository/javax/validation/validation-api/1.1.0.Final/validation-api-1.1.0.Final.jar:/home/user/.m2/repository/org/glassfish/jersey/media/jersey-media-json-jackson/2.27/jersey-media-json-jackson-2.27.jar:/home/user/.m2/repository/org/glassfish/jersey/ext/jersey-entity-filtering/2.27/jersey-entity-filtering-2.27.jar:/home/user/.m2/repository/com/google/inject/extensions/guice-assistedinject/4.0/guice-assistedinject-4.0.jar:/home/user/.m2/repository/org/jooq/jooq/3.11.10/jooq-3.11.10.jar:/home/user/.m2/repository/org/jooq/jooq-meta/3.11.10/jooq-meta-3.11.10.jar:/home/user/.m2/repository/org/jooq/jooq-codegen/3.11.10/jooq-codegen-3.11.10.jar:/home/user/.m2/repository/com/jolbox/bonecp/0.8.0.RELEASE/bonecp-0.8.0.RELEASE.jar:/home/user/.m2/repository/org/xerial/sqlite-jdbc/3.25.2/sqlite-jdbc-3.25.2.jar:/home/user/.m2/repository/org/springframework/spring-jdbc/5.1.3.RELEASE/spring-jdbc-5.1.3.RELEASE.jar:/home/user/.m2/repository/org/springframework/spring-beans/5.1.3.RELEASE/spring-beans-5.1.3.RELEASE.jar:/home/user/.m2/repository/org/springframework/spring-core/5.1.3.RELEASE/spring-core-5.1.3.RELEASE.jar:/home/user/.m2/repository/org/springframework/spring-jcl/5.1.3.RELEASE/spring-jcl-5.1.3.RELEASE.jar:/home/user/.m2/repository/org/springframework/spring-tx/5.1.3.RELEASE/spring-tx-5.1.3.RELEASE.jar:/home/user/.m2/repository/org/apache/hadoop/hadoop-ozone-client/0.5.0-SNAPSHOT/hadoop-ozone-client-0.5.0-SNAPSHOT.jar:/home/user/.m2/repository/commons-lang/commons-lang/2.6/commons-lang-2.6.jar:/home/user/.m2/repository/org/apache/hadoop/hadoop-ozone-ozone-manager/0.5.0-SNAPSHOT/hadoop-ozone-ozone-manager-0.5.0-SNAPSHOT-tests.jar:/home/user/.m2/repository/junit/junit/4.11/junit-4.11.jar:/home/user/.m2/repository/org/hamcrest/hamcrest-core/1.3/hamcrest-core-1.3.jar:/home/user/.m2/repository/org/openjdk/jmh/jmh-core/1.19/jmh-core-1.19.jar:/home/user/.m2/repository/net/sf/jopt-simple/jopt-simple/4.6/jopt-simple-4.6.jar:/home/user/.m2/repository/org/apache/commons/commons-math3/3.1.1/commons-math3-3.1.1.jar:/home/user/.m2/repository/org/openjdk/jmh/jmh-generator-annprocess/1.19/jmh-generator-annprocess-1.19.jar:/home/user/.m2/repository/org/mockito/mockito-all/1.8.5/mockito-all-1.8.5.jar:/home/user/.m2/repository/org/apache/hadoop/hadoop-kms/3.2.0/hadoop-kms-3.2.0.jar:/home/user/.m2/repository/org/apache/hadoop/hadoop-auth/3.2.0/hadoop-auth-3.2.0.jar:/home/user/.m2/repository/com/nimbusds/nimbus-jose-jwt/4.41.1/nimbus-jose-jwt-4.41.1.jar:/home/user/.m2/repository/com/github/stephenc/jcip/jcip-annotations/1.0-1/jcip-annotations-1.0-1.jar:/home/user/.m2/repository/net/minidev/json-smart/2.3/json-smart-2.3.jar:/home/user/.m2/repository/net/minidev/accessors-smart/1.2/accessors-smart-1.2.jar:/home/user/.m2/repository/org/ow2/asm/asm/5.0.4/asm-5.0.4.jar:/home/user/.m2/repository/org/apache/curator/curator-framework/2.12.0/curator-framework-2.12.0.jar:/home/user/.m2/repository/com/sun/jersey/jersey-core/1.19/jersey-core-1.19.jar:/home/user/.m2/repository/javax/ws/rs/jsr311-api/1.1.1/jsr311-api-1.1.1.jar:/home/user/.m2/repository/com/sun/jersey/jersey-server/1.19/jersey-server-1.19.jar:/home/user/.m2/repository/javax/servlet/javax.servlet-api/3.1.0/javax.servlet-api-3.1.0.jar:/home/user/.m2/repository/org/eclipse/jetty/jetty-server/9.3.24.v20180605/jetty-server-9.3.24.v20180605.jar:/home/user/.m2/repository/org/eclipse/jetty/jetty-http/9.3.24.v20180605/jetty-http-9.3.24.v20180605.jar:/home/user/.m2/repository/org/eclipse/jetty/jetty-io/9.3.24.v20180605/jetty-io-9.3.24.v20180605.jar:/home/user/.m2/repository/org/eclipse/jetty/jetty-webapp/9.3.24.v20180605/jetty-webapp-9.3.24.v20180605.jar:/home/user/.m2/repository/org/eclipse/jetty/jetty-xml/9.3.24.v20180605/jetty-xml-9.3.24.v20180605.jar:/home/user/.m2/repository/log4j/log4j/1.2.17/log4j-1.2.17.jar:/home/user/.m2/repository/org/slf4j/slf4j-api/1.7.25/slf4j-api-1.7.25.jar:/home/user/.m2/repository/org/slf4j/jul-to-slf4j/1.7.25/jul-to-slf4j-1.7.25.jar:/home/user/.m2/repository/org/eclipse/jetty/jetty-util/9.3.24.v20180605/jetty-util-9.3.24.v20180605.jar:/home/user/.m2/repository/com/fasterxml/jackson/core/jackson-databind/2.9.5/jackson-databind-2.9.5.jar:/home/user/.m2/repository/org/apache/hadoop/hadoop-kms/3.2.0/hadoop-kms-3.2.0-tests.jar:/home/user/.m2/repository/org/apache/hadoop/hadoop-hdds-server-scm/0.5.0-SNAPSHOT/hadoop-hdds-server-scm-0.5.0-SNAPSHOT-tests.jar:/home/user/.m2/repository/org/apache/hadoop/hadoop-hdds-container-service/0.5.0-SNAPSHOT/hadoop-hdds-container-service-0.5.0-SNAPSHOT-tests.jar:/home/user/.m2/repository/org/yaml/snakeyaml/1.16/snakeyaml-1.16.jar:/home/user/.m2/repository/org/apache/hadoop/hadoop-common/3.2.0/hadoop-common-3.2.0-tests.jar:/home/user/.m2/repository/org/apache/hadoop/hadoop-annotations/3.2.0/hadoop-annotations-3.2.0.jar:/usr/lib/jvm/java-1.8-openjdk/jre/../lib/tools.jar:/home/user/.m2/repository/commons-cli/commons-cli/1.2/commons-cli-1.2.jar:/home/user/.m2/repository/org/apache/httpcomponents/httpclient/4.5.2/httpclient-4.5.2.jar:/home/user/.m2/repository/org/apache/httpcomponents/httpcore/4.4.4/httpcore-4.4.4.jar:/home/user/.m2/repository/commons-codec/commons-codec/1.11/commons-codec-1.11.jar:/home/user/.m2/repository/commons-net/commons-net/3.6/commons-net-3.6.jar:/home/user/.m2/repository/commons-collections/commons-collections/3.2.2/commons-collections-3.2.2.jar:/home/user/.m2/repository/org/eclipse/jetty/jetty-servlet/9.3.24.v20180605/jetty-servlet-9.3.24.v20180605.jar:/home/user/.m2/repository/org/eclipse/jetty/jetty-security/9.3.24.v20180605/jetty-security-9.3.24.v20180605.jar:/home/user/.m2/repository/javax/servlet/jsp/jsp-api/2.1/jsp-api-2.1.jar:/home/user/.m2/repository/com/sun/jersey/jersey-servlet/1.19/jersey-servlet-1.19.jar:/home/user/.m2/repository/com/sun/jersey/jersey-json/1.19/jersey-json-1.19.jar:/home/user/.m2/repository/org/codehaus/jettison/jettison/1.1/jettison-1.1.jar:/home/user/.m2/repository/org/codehaus/jackson/jackson-core-asl/1.9.13/jackson-core-asl-1.9.13.jar:/home/user/.m2/repository/org/codehaus/jackson/jackson-mapper-asl/1.9.13/jackson-mapper-asl-1.9.13.jar:/home/user/.m2/repository/org/codehaus/jackson/jackson-jaxrs/1.9.13/jackson-jaxrs-1.9.13.jar:/home/user/.m2/repository/org/codehaus/jackson/jackson-xc/1.9.13/jackson-xc-1.9.13.jar:/home/user/.m2/repository/commons-logging/commons-logging/1.1.3/commons-logging-1.1.3.jar:/home/user/.m2/repository/commons-beanutils/commons-beanutils/1.9.3/commons-beanutils-1.9.3.jar:/home/user/.m2/repository/org/apache/commons/commons-configuration2/2.1.1/commons-configuration2-2.1.1.jar:/home/user/.m2/repository/org/apache/commons/commons-lang3/3.7/commons-lang3-3.7.jar:/home/user/.m2/repository/org/apache/commons/commons-text/1.4/commons-text-1.4.jar:/home/user/.m2/repository/org/apache/avro/avro/1.7.7/avro-1.7.7.jar:/home/user/.m2/repository/com/thoughtworks/paranamer/paranamer/2.3/paranamer-2.3.jar:/home/user/.m2/repository/org/xerial/snappy/snappy-java/1.0.5/snappy-java-1.0.5.jar:/home/user/.m2/repository/com/google/re2j/re2j/1.1/re2j-1.1.jar:/home/user/.m2/repository/com/google/code/gson/gson/2.2.4/gson-2.2.4.jar:/home/user/.m2/repository/com/jcraft/jsch/0.1.54/jsch-0.1.54.jar:/home/user/.m2/repository/org/apache/curator/curator-client/2.12.0/curator-client-2.12.0.jar:/home/user/.m2/repository/org/apache/curator/curator-recipes/2.12.0/curator-recipes-2.12.0.jar:/home/user/.m2/repository/com/google/code/findbugs/jsr305/3.0.0/jsr305-3.0.0.jar:/home/user/.m2/repository/org/apache/htrace/htrace-core4/4.1.0-incubating/htrace-core4-4.1.0-incubating.jar:/home/user/.m2/repository/org/apache/zookeeper/zookeeper/3.4.13/zookeeper-3.4.13.jar:/home/user/.m2/repository/org/apache/yetus/audience-annotations/0.5.0/audience-annotations-0.5.0.jar:/home/user/.m2/repository/org/codehaus/woodstox/stax2-api/3.1.4/stax2-api-3.1.4.jar:/home/user/.m2/repository/com/fasterxml/woodstox/woodstox-core/5.0.3/woodstox-core-5.0.3.jar:/home/user/.m2/repository/dnsjava/dnsjava/2.1.7/dnsjava-2.1.7.jar:/home/user/.m2/repository/org/apache/hadoop/hadoop-hdfs/3.2.0/hadoop-hdfs-3.2.0-tests.jar:/home/user/.m2/repository/org/eclipse/jetty/jetty-util-ajax/9.3.24.v20180605/jetty-util-ajax-9.3.24.v20180605.jar:/home/user/.m2/repository/commons-daemon/commons-daemon/1.0.13/commons-daemon-1.0.13.jar:/home/user/.m2/repository/io/netty/netty/3.10.5.Final/netty-3.10.5.Final.jar:/home/user/.m2/repository/io/netty/netty-all/4.0.52.Final/netty-all-4.0.52.Final.jar:/home/user/.m2/repository/org/fusesource/leveldbjni/leveldbjni-all/1.8/leveldbjni-all-1.8.jar:"/>
    <property name="java.vm.vendor" value="IcedTea"/>
    <property name="sun.arch.data.model" value="64"/>
    <property name="test.build.dir" value="/workdir/hadoop-ozone/integration-test/target/test-dir"/>
    <property name="test.cache.data" value=""/>
    <property name="java.vendor.url" value="https://icedtea.classpath.org"/>
    <property name="user.timezone" value=""/>
    <property name="java.vm.specification.version" value="1.8"/>
    <property name="os.name" value="Linux"/>
    <property name="test.build.data" value="/workdir/hadoop-ozone/integration-test/target/test-dir"/>
    <property name="user.country" value="US"/>
    <property name="sun.java.launcher" value="SUN_STANDARD"/>
    <property name="sun.boot.library.path" value="/usr/lib/jvm/java-1.8-openjdk/jre/lib/amd64"/>
    <property name="sun.java.command" value="/workdir/hadoop-ozone/integration-test/target/surefire/surefirebooter6123948536510866613.jar /workdir/hadoop-ozone/integration-test/target/surefire 2019-08-29T08-08-25_281-jvmRun1 surefire541593925471618265tmp surefire_37132770359290414511tmp"/>
    <property name="test" value="!TestMiniChaosOzoneCluster"/>
    <property name="surefire.test.class.path" value="/workdir/hadoop-ozone/integration-test/target/test-classes:/workdir/hadoop-ozone/integration-test/target/classes:/home/user/.m2/repository/org/apache/hadoop/hadoop-ozone-common/0.5.0-SNAPSHOT/hadoop-ozone-common-0.5.0-SNAPSHOT.jar:/home/user/.m2/repository/org/apache/commons/commons-compress/1.4.1/commons-compress-1.4.1.jar:/home/user/.m2/repository/org/tukaani/xz/1.0/xz-1.0.jar:/home/user/.m2/repository/org/apache/hadoop/hadoop-common/3.2.0/hadoop-common-3.2.0.jar:/home/user/.m2/repository/org/apache/hadoop/hadoop-hdfs/3.2.0/hadoop-hdfs-3.2.0.jar:/home/user/.m2/repository/org/apache/hadoop/hadoop-hdfs-client/3.2.0/hadoop-hdfs-client-3.2.0.jar:/home/user/.m2/repository/com/fasterxml/jackson/core/jackson-annotations/2.9.5/jackson-annotations-2.9.5.jar:/home/user/.m2/repository/org/apache/hadoop/hadoop-hdds-common/0.5.0-SNAPSHOT/hadoop-hdds-common-0.5.0-SNAPSHOT.jar:/home/user/.m2/repository/javax/annotation/javax.annotation-api/1.2/javax.annotation-api-1.2.jar:/home/user/.m2/repository/org/apache/ratis/ratis-server/0.4.0-2337318-SNAPSHOT/ratis-server-0.4.0-2337318-SNAPSHOT.jar:/home/user/.m2/repository/org/apache/ratis/ratis-thirdparty-misc/0.2.0/ratis-thirdparty-misc-0.2.0.jar:/home/user/.m2/repository/org/apache/ratis/ratis-proto/0.4.0-2337318-SNAPSHOT/ratis-proto-0.4.0-2337318-SNAPSHOT.jar:/home/user/.m2/repository/org/apache/ratis/ratis-common/0.4.0-2337318-SNAPSHOT/ratis-common-0.4.0-2337318-SNAPSHOT.jar:/home/user/.m2/repository/org/apache/ratis/ratis-client/0.4.0-2337318-SNAPSHOT/ratis-client-0.4.0-2337318-SNAPSHOT.jar:/home/user/.m2/repository/org/apache/ratis/ratis-metrics/0.4.0-2337318-SNAPSHOT/ratis-metrics-0.4.0-2337318-SNAPSHOT.jar:/home/user/.m2/repository/org/apache/ratis/ratis-netty/0.4.0-2337318-SNAPSHOT/ratis-netty-0.4.0-2337318-SNAPSHOT.jar:/home/user/.m2/repository/org/apache/ratis/ratis-grpc/0.4.0-2337318-SNAPSHOT/ratis-grpc-0.4.0-2337318-SNAPSHOT.jar:/home/user/.m2/repository/org/rocksdb/rocksdbjni/6.0.1/rocksdbjni-6.0.1.jar:/home/user/.m2/repository/org/apache/logging/log4j/log4j-api/2.11.0/log4j-api-2.11.0.jar:/home/user/.m2/repository/org/apache/logging/log4j/log4j-core/2.11.0/log4j-core-2.11.0.jar:/home/user/.m2/repository/com/lmax/disruptor/3.4.2/disruptor-3.4.2.jar:/home/user/.m2/repository/org/apache/commons/commons-pool2/2.6.0/commons-pool2-2.6.0.jar:/home/user/.m2/repository/org/bouncycastle/bcpkix-jdk15on/1.60/bcpkix-jdk15on-1.60.jar:/home/user/.m2/repository/commons-validator/commons-validator/1.6/commons-validator-1.6.jar:/home/user/.m2/repository/commons-digester/commons-digester/1.8.1/commons-digester-1.8.1.jar:/home/user/.m2/repository/io/jaegertracing/jaeger-client/0.33.1/jaeger-client-0.33.1.jar:/home/user/.m2/repository/io/jaegertracing/jaeger-thrift/0.33.1/jaeger-thrift-0.33.1.jar:/home/user/.m2/repository/org/apache/thrift/libthrift/0.11.0/libthrift-0.11.0.jar:/home/user/.m2/repository/com/squareup/okhttp3/okhttp/3.9.0/okhttp-3.9.0.jar:/home/user/.m2/repository/com/squareup/okio/okio/1.13.0/okio-1.13.0.jar:/home/user/.m2/repository/io/jaegertracing/jaeger-core/0.33.1/jaeger-core-0.33.1.jar:/home/user/.m2/repository/io/jaegertracing/jaeger-tracerresolver/0.33.1/jaeger-tracerresolver-0.33.1.jar:/home/user/.m2/repository/io/opentracing/contrib/opentracing-tracerresolver/0.1.5/opentracing-tracerresolver-0.1.5.jar:/home/user/.m2/repository/io/opentracing/opentracing-util/0.31.0/opentracing-util-0.31.0.jar:/home/user/.m2/repository/io/opentracing/opentracing-api/0.31.0/opentracing-api-0.31.0.jar:/home/user/.m2/repository/io/opentracing/opentracing-noop/0.31.0/opentracing-noop-0.31.0.jar:/home/user/.m2/repository/org/apache/hadoop/hadoop-hdds-server-framework/0.5.0-SNAPSHOT/hadoop-hdds-server-framework-0.5.0-SNAPSHOT.jar:/home/user/.m2/repository/org/apache/hadoop/hadoop-hdds-container-service/0.5.0-SNAPSHOT/hadoop-hdds-container-service-0.5.0-SNAPSHOT.jar:/home/user/.m2/repository/org/apache/hadoop/hadoop-hdds-client/0.5.0-SNAPSHOT/hadoop-hdds-client-0.5.0-SNAPSHOT.jar:/home/user/.m2/repository/org/apache/hadoop/hadoop-hdds-tools/0.5.0-SNAPSHOT/hadoop-hdds-tools-0.5.0-SNAPSHOT.jar:/home/user/.m2/repository/org/apache/hadoop/hadoop-hdds-server-scm/0.5.0-SNAPSHOT/hadoop-hdds-server-scm-0.5.0-SNAPSHOT.jar:/home/user/.m2/repository/org/apache/hadoop/hadoop-hdds-docs/0.5.0-SNAPSHOT/hadoop-hdds-docs-0.5.0-SNAPSHOT.jar:/home/user/.m2/repository/io/dropwizard/metrics/metrics-core/3.2.4/metrics-core-3.2.4.jar:/home/user/.m2/repository/org/hamcrest/hamcrest-all/1.3/hamcrest-all-1.3.jar:/home/user/.m2/repository/org/bouncycastle/bcprov-jdk15on/1.60/bcprov-jdk15on-1.60.jar:/home/user/.m2/repository/info/picocli/picocli/3.9.6/picocli-3.9.6.jar:/home/user/.m2/repository/com/google/protobuf/protobuf-java/2.5.0/protobuf-java-2.5.0.jar:/home/user/.m2/repository/com/google/guava/guava/11.0.2/guava-11.0.2.jar:/home/user/.m2/repository/org/apache/hadoop/hadoop-ozone-ozone-manager/0.5.0-SNAPSHOT/hadoop-ozone-ozone-manager-0.5.0-SNAPSHOT.jar:/home/user/.m2/repository/org/apache/hadoop/hadoop-minikdc/3.2.0/hadoop-minikdc-3.2.0.jar:/home/user/.m2/repository/commons-io/commons-io/2.5/commons-io-2.5.jar:/home/user/.m2/repository/org/apache/kerby/kerb-simplekdc/1.0.1/kerb-simplekdc-1.0.1.jar:/home/user/.m2/repository/org/apache/kerby/kerb-client/1.0.1/kerb-client-1.0.1.jar:/home/user/.m2/repository/org/apache/kerby/kerby-config/1.0.1/kerby-config-1.0.1.jar:/home/user/.m2/repository/org/apache/kerby/kerb-core/1.0.1/kerb-core-1.0.1.jar:/home/user/.m2/repository/org/apache/kerby/kerby-pkix/1.0.1/kerby-pkix-1.0.1.jar:/home/user/.m2/repository/org/apache/kerby/kerby-asn1/1.0.1/kerby-asn1-1.0.1.jar:/home/user/.m2/repository/org/apache/kerby/kerby-util/1.0.1/kerby-util-1.0.1.jar:/home/user/.m2/repository/org/apache/kerby/kerb-common/1.0.1/kerb-common-1.0.1.jar:/home/user/.m2/repository/org/apache/kerby/kerb-crypto/1.0.1/kerb-crypto-1.0.1.jar:/home/user/.m2/repository/org/apache/kerby/kerb-util/1.0.1/kerb-util-1.0.1.jar:/home/user/.m2/repository/org/apache/kerby/token-provider/1.0.1/token-provider-1.0.1.jar:/home/user/.m2/repository/org/apache/kerby/kerb-admin/1.0.1/kerb-admin-1.0.1.jar:/home/user/.m2/repository/org/apache/kerby/kerb-server/1.0.1/kerb-server-1.0.1.jar:/home/user/.m2/repository/org/apache/kerby/kerb-identity/1.0.1/kerb-identity-1.0.1.jar:/home/user/.m2/repository/org/apache/kerby/kerby-xdr/1.0.1/kerby-xdr-1.0.1.jar:/home/user/.m2/repository/org/slf4j/slf4j-log4j12/1.7.25/slf4j-log4j12-1.7.25.jar:/home/user/.m2/repository/org/apache/hadoop/hadoop-ozone-s3gateway/0.5.0-SNAPSHOT/hadoop-ozone-s3gateway-0.5.0-SNAPSHOT.jar:/home/user/.m2/repository/org/jboss/weld/servlet/weld-servlet/2.4.7.Final/weld-servlet-2.4.7.Final.jar:/home/user/.m2/repository/org/glassfish/jersey/containers/jersey-container-servlet-core/2.27/jersey-container-servlet-core-2.27.jar:/home/user/.m2/repository/org/glassfish/hk2/external/javax.inject/2.5.0-b42/javax.inject-2.5.0-b42.jar:/home/user/.m2/repository/org/glassfish/jersey/core/jersey-common/2.27/jersey-common-2.27.jar:/home/user/.m2/repository/org/glassfish/hk2/osgi-resource-locator/1.0.1/osgi-resource-locator-1.0.1.jar:/home/user/.m2/repository/javax/ws/rs/javax.ws.rs-api/2.1/javax.ws.rs-api-2.1.jar:/home/user/.m2/repository/org/glassfish/jersey/ext/cdi/jersey-cdi1x/2.27/jersey-cdi1x-2.27.jar:/home/user/.m2/repository/org/glassfish/jersey/inject/jersey-hk2/2.27/jersey-hk2-2.27.jar:/home/user/.m2/repository/org/glassfish/hk2/hk2-locator/2.5.0-b42/hk2-locator-2.5.0-b42.jar:/home/user/.m2/repository/org/javassist/javassist/3.22.0-CR2/javassist-3.22.0-CR2.jar:/home/user/.m2/repository/org/glassfish/hk2/hk2-api/2.5.0/hk2-api-2.5.0.jar:/home/user/.m2/repository/org/glassfish/hk2/external/jakarta.inject/2.5.0/jakarta.inject-2.5.0.jar:/home/user/.m2/repository/org/glassfish/hk2/hk2-utils/2.5.0/hk2-utils-2.5.0.jar:/home/user/.m2/repository/jakarta/annotation/jakarta.annotation-api/1.3.4/jakarta.annotation-api-1.3.4.jar:/home/user/.m2/repository/org/glassfish/hk2/external/aopalliance-repackaged/2.5.0/aopalliance-repackaged-2.5.0.jar:/home/user/.m2/repository/com/fasterxml/jackson/dataformat/jackson-dataformat-xml/2.9.0/jackson-dataformat-xml-2.9.0.jar:/home/user/.m2/repository/com/fasterxml/jackson/core/jackson-core/2.9.5/jackson-core-2.9.5.jar:/home/user/.m2/repository/com/fasterxml/jackson/module/jackson-module-jaxb-annotations/2.9.5/jackson-module-jaxb-annotations-2.9.5.jar:/home/user/.m2/repository/javax/enterprise/cdi-api/1.2/cdi-api-1.2.jar:/home/user/.m2/repository/javax/el/javax.el-api/3.0.0/javax.el-api-3.0.0.jar:/home/user/.m2/repository/javax/interceptor/javax.interceptor-api/1.2/javax.interceptor-api-1.2.jar:/home/user/.m2/repository/javax/inject/javax.inject/1/javax.inject-1.jar:/home/user/.m2/repository/com/sun/xml/bind/jaxb-impl/2.3.0.1/jaxb-impl-2.3.0.1.jar:/home/user/.m2/repository/com/sun/xml/bind/jaxb-core/2.3.0.1/jaxb-core-2.3.0.1.jar:/home/user/.m2/repository/javax/xml/bind/jaxb-api/2.3.0/jaxb-api-2.3.0.jar:/home/user/.m2/repository/javax/activation/activation/1.1.1/activation-1.1.1.jar:/home/user/.m2/repository/org/apache/hadoop/hadoop-ozone-csi/0.5.0-SNAPSHOT/hadoop-ozone-csi-0.5.0-SNAPSHOT.jar:/home/user/.m2/repository/com/google/protobuf/protobuf-java-util/3.5.1/protobuf-java-util-3.5.1.jar:/home/user/.m2/repository/org/apache/hadoop/hadoop-hdds-config/0.5.0-SNAPSHOT/hadoop-hdds-config-0.5.0-SNAPSHOT.jar:/home/user/.m2/repository/io/grpc/grpc-netty/1.17.1/grpc-netty-1.17.1.jar:/home/user/.m2/repository/io/grpc/grpc-core/1.17.1/grpc-core-1.17.1.jar:/home/user/.m2/repository/io/grpc/grpc-context/1.17.1/grpc-context-1.17.1.jar:/home/user/.m2/repository/com/google/errorprone/error_prone_annotations/2.2.0/error_prone_annotations-2.2.0.jar:/home/user/.m2/repository/org/codehaus/mojo/animal-sniffer-annotations/1.17/animal-sniffer-annotations-1.17.jar:/home/user/.m2/repository/io/opencensus/opencensus-api/0.17.0/opencensus-api-0.17.0.jar:/home/user/.m2/repository/io/opencensus/opencensus-contrib-grpc-metrics/0.17.0/opencensus-contrib-grpc-metrics-0.17.0.jar:/home/user/.m2/repository/io/netty/netty-codec-http2/4.1.30.Final/netty-codec-http2-4.1.30.Final.jar:/home/user/.m2/repository/io/netty/netty-codec-http/4.1.30.Final/netty-codec-http-4.1.30.Final.jar:/home/user/.m2/repository/io/netty/netty-codec/4.1.30.Final/netty-codec-4.1.30.Final.jar:/home/user/.m2/repository/io/netty/netty-handler/4.1.30.Final/netty-handler-4.1.30.Final.jar:/home/user/.m2/repository/io/netty/netty-handler-proxy/4.1.30.Final/netty-handler-proxy-4.1.30.Final.jar:/home/user/.m2/repository/io/netty/netty-codec-socks/4.1.30.Final/netty-codec-socks-4.1.30.Final.jar:/home/user/.m2/repository/io/netty/netty-transport-native-epoll/4.1.30.Final/netty-transport-native-epoll-4.1.30.Final.jar:/home/user/.m2/repository/io/netty/netty-common/4.1.30.Final/netty-common-4.1.30.Final.jar:/home/user/.m2/repository/io/netty/netty-buffer/4.1.30.Final/netty-buffer-4.1.30.Final.jar:/home/user/.m2/repository/io/netty/netty-transport/4.1.30.Final/netty-transport-4.1.30.Final.jar:/home/user/.m2/repository/io/netty/netty-resolver/4.1.30.Final/netty-resolver-4.1.30.Final.jar:/home/user/.m2/repository/io/netty/netty-transport-native-unix-common/4.1.30.Final/netty-transport-native-unix-common-4.1.30.Final.jar:/home/user/.m2/repository/io/grpc/grpc-protobuf/1.17.1/grpc-protobuf-1.17.1.jar:/home/user/.m2/repository/com/google/api/grpc/proto-google-common-protos/1.0.0/proto-google-common-protos-1.0.0.jar:/home/user/.m2/repository/io/grpc/grpc-protobuf-lite/1.17.1/grpc-protobuf-lite-1.17.1.jar:/home/user/.m2/repository/io/grpc/grpc-stub/1.17.1/grpc-stub-1.17.1.jar:/home/user/.m2/repository/org/apache/hadoop/hadoop-ozone-recon/0.5.0-SNAPSHOT/hadoop-ozone-recon-0.5.0-SNAPSHOT.jar:/home/user/.m2/repository/org/apache/hadoop/hadoop-ozone-reconcodegen/0.5.0-SNAPSHOT/hadoop-ozone-reconcodegen-0.5.0-SNAPSHOT.jar:/home/user/.m2/repository/com/google/inject/extensions/guice-multibindings/4.0/guice-multibindings-4.0.jar:/home/user/.m2/repository/com/google/inject/guice/4.0/guice-4.0.jar:/home/user/.m2/repository/aopalliance/aopalliance/1.0/aopalliance-1.0.jar:/home/user/.m2/repository/com/google/inject/extensions/guice-servlet/4.0/guice-servlet-4.0.jar:/home/user/.m2/repository/org/glassfish/jersey/containers/jersey-container-servlet/2.27/jersey-container-servlet-2.27.jar:/home/user/.m2/repository/org/glassfish/hk2/guice-bridge/2.5.0/guice-bridge-2.5.0.jar:/home/user/.m2/repository/org/glassfish/jersey/core/jersey-server/2.27/jersey-server-2.27.jar:/home/user/.m2/repository/org/glassfish/jersey/core/jersey-client/2.27/jersey-client-2.27.jar:/home/user/.m2/repository/org/glassfish/jersey/media/jersey-media-jaxb/2.27/jersey-media-jaxb-2.27.jar:/home/user/.m2/repository/javax/validation/validation-api/1.1.0.Final/validation-api-1.1.0.Final.jar:/home/user/.m2/repository/org/glassfish/jersey/media/jersey-media-json-jackson/2.27/jersey-media-json-jackson-2.27.jar:/home/user/.m2/repository/org/glassfish/jersey/ext/jersey-entity-filtering/2.27/jersey-entity-filtering-2.27.jar:/home/user/.m2/repository/com/google/inject/extensions/guice-assistedinject/4.0/guice-assistedinject-4.0.jar:/home/user/.m2/repository/org/jooq/jooq/3.11.10/jooq-3.11.10.jar:/home/user/.m2/repository/org/jooq/jooq-meta/3.11.10/jooq-meta-3.11.10.jar:/home/user/.m2/repository/org/jooq/jooq-codegen/3.11.10/jooq-codegen-3.11.10.jar:/home/user/.m2/repository/com/jolbox/bonecp/0.8.0.RELEASE/bonecp-0.8.0.RELEASE.jar:/home/user/.m2/repository/org/xerial/sqlite-jdbc/3.25.2/sqlite-jdbc-3.25.2.jar:/home/user/.m2/repository/org/springframework/spring-jdbc/5.1.3.RELEASE/spring-jdbc-5.1.3.RELEASE.jar:/home/user/.m2/repository/org/springframework/spring-beans/5.1.3.RELEASE/spring-beans-5.1.3.RELEASE.jar:/home/user/.m2/repository/org/springframework/spring-core/5.1.3.RELEASE/spring-core-5.1.3.RELEASE.jar:/home/user/.m2/repository/org/springframework/spring-jcl/5.1.3.RELEASE/spring-jcl-5.1.3.RELEASE.jar:/home/user/.m2/repository/org/springframework/spring-tx/5.1.3.RELEASE/spring-tx-5.1.3.RELEASE.jar:/home/user/.m2/repository/org/apache/hadoop/hadoop-ozone-client/0.5.0-SNAPSHOT/hadoop-ozone-client-0.5.0-SNAPSHOT.jar:/home/user/.m2/repository/commons-lang/commons-lang/2.6/commons-lang-2.6.jar:/home/user/.m2/repository/org/apache/hadoop/hadoop-ozone-ozone-manager/0.5.0-SNAPSHOT/hadoop-ozone-ozone-manager-0.5.0-SNAPSHOT-tests.jar:/home/user/.m2/repository/junit/junit/4.11/junit-4.11.jar:/home/user/.m2/repository/org/hamcrest/hamcrest-core/1.3/hamcrest-core-1.3.jar:/home/user/.m2/repository/org/openjdk/jmh/jmh-core/1.19/jmh-core-1.19.jar:/home/user/.m2/repository/net/sf/jopt-simple/jopt-simple/4.6/jopt-simple-4.6.jar:/home/user/.m2/repository/org/apache/commons/commons-math3/3.1.1/commons-math3-3.1.1.jar:/home/user/.m2/repository/org/openjdk/jmh/jmh-generator-annprocess/1.19/jmh-generator-annprocess-1.19.jar:/home/user/.m2/repository/org/mockito/mockito-all/1.8.5/mockito-all-1.8.5.jar:/home/user/.m2/repository/org/apache/hadoop/hadoop-kms/3.2.0/hadoop-kms-3.2.0.jar:/home/user/.m2/repository/org/apache/hadoop/hadoop-auth/3.2.0/hadoop-auth-3.2.0.jar:/home/user/.m2/repository/com/nimbusds/nimbus-jose-jwt/4.41.1/nimbus-jose-jwt-4.41.1.jar:/home/user/.m2/repository/com/github/stephenc/jcip/jcip-annotations/1.0-1/jcip-annotations-1.0-1.jar:/home/user/.m2/repository/net/minidev/json-smart/2.3/json-smart-2.3.jar:/home/user/.m2/repository/net/minidev/accessors-smart/1.2/accessors-smart-1.2.jar:/home/user/.m2/repository/org/ow2/asm/asm/5.0.4/asm-5.0.4.jar:/home/user/.m2/repository/org/apache/curator/curator-framework/2.12.0/curator-framework-2.12.0.jar:/home/user/.m2/repository/com/sun/jersey/jersey-core/1.19/jersey-core-1.19.jar:/home/user/.m2/repository/javax/ws/rs/jsr311-api/1.1.1/jsr311-api-1.1.1.jar:/home/user/.m2/repository/com/sun/jersey/jersey-server/1.19/jersey-server-1.19.jar:/home/user/.m2/repository/javax/servlet/javax.servlet-api/3.1.0/javax.servlet-api-3.1.0.jar:/home/user/.m2/repository/org/eclipse/jetty/jetty-server/9.3.24.v20180605/jetty-server-9.3.24.v20180605.jar:/home/user/.m2/repository/org/eclipse/jetty/jetty-http/9.3.24.v20180605/jetty-http-9.3.24.v20180605.jar:/home/user/.m2/repository/org/eclipse/jetty/jetty-io/9.3.24.v20180605/jetty-io-9.3.24.v20180605.jar:/home/user/.m2/repository/org/eclipse/jetty/jetty-webapp/9.3.24.v20180605/jetty-webapp-9.3.24.v20180605.jar:/home/user/.m2/repository/org/eclipse/jetty/jetty-xml/9.3.24.v20180605/jetty-xml-9.3.24.v20180605.jar:/home/user/.m2/repository/log4j/log4j/1.2.17/log4j-1.2.17.jar:/home/user/.m2/repository/org/slf4j/slf4j-api/1.7.25/slf4j-api-1.7.25.jar:/home/user/.m2/repository/org/slf4j/jul-to-slf4j/1.7.25/jul-to-slf4j-1.7.25.jar:/home/user/.m2/repository/org/eclipse/jetty/jetty-util/9.3.24.v20180605/jetty-util-9.3.24.v20180605.jar:/home/user/.m2/repository/com/fasterxml/jackson/core/jackson-databind/2.9.5/jackson-databind-2.9.5.jar:/home/user/.m2/repository/org/apache/hadoop/hadoop-kms/3.2.0/hadoop-kms-3.2.0-tests.jar:/home/user/.m2/repository/org/apache/hadoop/hadoop-hdds-server-scm/0.5.0-SNAPSHOT/hadoop-hdds-server-scm-0.5.0-SNAPSHOT-tests.jar:/home/user/.m2/repository/org/apache/hadoop/hadoop-hdds-container-service/0.5.0-SNAPSHOT/hadoop-hdds-container-service-0.5.0-SNAPSHOT-tests.jar:/home/user/.m2/repository/org/yaml/snakeyaml/1.16/snakeyaml-1.16.jar:/home/user/.m2/repository/org/apache/hadoop/hadoop-common/3.2.0/hadoop-common-3.2.0-tests.jar:/home/user/.m2/repository/org/apache/hadoop/hadoop-annotations/3.2.0/hadoop-annotations-3.2.0.jar:/usr/lib/jvm/java-1.8-openjdk/jre/../lib/tools.jar:/home/user/.m2/repository/commons-cli/commons-cli/1.2/commons-cli-1.2.jar:/home/user/.m2/repository/org/apache/httpcomponents/httpclient/4.5.2/httpclient-4.5.2.jar:/home/user/.m2/repository/org/apache/httpcomponents/httpcore/4.4.4/httpcore-4.4.4.jar:/home/user/.m2/repository/commons-codec/commons-codec/1.11/commons-codec-1.11.jar:/home/user/.m2/repository/commons-net/commons-net/3.6/commons-net-3.6.jar:/home/user/.m2/repository/commons-collections/commons-collections/3.2.2/commons-collections-3.2.2.jar:/home/user/.m2/repository/org/eclipse/jetty/jetty-servlet/9.3.24.v20180605/jetty-servlet-9.3.24.v20180605.jar:/home/user/.m2/repository/org/eclipse/jetty/jetty-security/9.3.24.v20180605/jetty-security-9.3.24.v20180605.jar:/home/user/.m2/repository/javax/servlet/jsp/jsp-api/2.1/jsp-api-2.1.jar:/home/user/.m2/repository/com/sun/jersey/jersey-servlet/1.19/jersey-servlet-1.19.jar:/home/user/.m2/repository/com/sun/jersey/jersey-json/1.19/jersey-json-1.19.jar:/home/user/.m2/repository/org/codehaus/jettison/jettison/1.1/jettison-1.1.jar:/home/user/.m2/repository/org/codehaus/jackson/jackson-core-asl/1.9.13/jackson-core-asl-1.9.13.jar:/home/user/.m2/repository/org/codehaus/jackson/jackson-mapper-asl/1.9.13/jackson-mapper-asl-1.9.13.jar:/home/user/.m2/repository/org/codehaus/jackson/jackson-jaxrs/1.9.13/jackson-jaxrs-1.9.13.jar:/home/user/.m2/repository/org/codehaus/jackson/jackson-xc/1.9.13/jackson-xc-1.9.13.jar:/home/user/.m2/repository/commons-logging/commons-logging/1.1.3/commons-logging-1.1.3.jar:/home/user/.m2/repository/commons-beanutils/commons-beanutils/1.9.3/commons-beanutils-1.9.3.jar:/home/user/.m2/repository/org/apache/commons/commons-configuration2/2.1.1/commons-configuration2-2.1.1.jar:/home/user/.m2/repository/org/apache/commons/commons-lang3/3.7/commons-lang3-3.7.jar:/home/user/.m2/repository/org/apache/commons/commons-text/1.4/commons-text-1.4.jar:/home/user/.m2/repository/org/apache/avro/avro/1.7.7/avro-1.7.7.jar:/home/user/.m2/repository/com/thoughtworks/paranamer/paranamer/2.3/paranamer-2.3.jar:/home/user/.m2/repository/org/xerial/snappy/snappy-java/1.0.5/snappy-java-1.0.5.jar:/home/user/.m2/repository/com/google/re2j/re2j/1.1/re2j-1.1.jar:/home/user/.m2/repository/com/google/code/gson/gson/2.2.4/gson-2.2.4.jar:/home/user/.m2/repository/com/jcraft/jsch/0.1.54/jsch-0.1.54.jar:/home/user/.m2/repository/org/apache/curator/curator-client/2.12.0/curator-client-2.12.0.jar:/home/user/.m2/repository/org/apache/curator/curator-recipes/2.12.0/curator-recipes-2.12.0.jar:/home/user/.m2/repository/com/google/code/findbugs/jsr305/3.0.0/jsr305-3.0.0.jar:/home/user/.m2/repository/org/apache/htrace/htrace-core4/4.1.0-incubating/htrace-core4-4.1.0-incubating.jar:/home/user/.m2/repository/org/apache/zookeeper/zookeeper/3.4.13/zookeeper-3.4.13.jar:/home/user/.m2/repository/org/apache/yetus/audience-annotations/0.5.0/audience-annotations-0.5.0.jar:/home/user/.m2/repository/org/codehaus/woodstox/stax2-api/3.1.4/stax2-api-3.1.4.jar:/home/user/.m2/repository/com/fasterxml/woodstox/woodstox-core/5.0.3/woodstox-core-5.0.3.jar:/home/user/.m2/repository/dnsjava/dnsjava/2.1.7/dnsjava-2.1.7.jar:/home/user/.m2/repository/org/apache/hadoop/hadoop-hdfs/3.2.0/hadoop-hdfs-3.2.0-tests.jar:/home/user/.m2/repository/org/eclipse/jetty/jetty-util-ajax/9.3.24.v20180605/jetty-util-ajax-9.3.24.v20180605.jar:/home/user/.m2/repository/commons-daemon/commons-daemon/1.0.13/commons-daemon-1.0.13.jar:/home/user/.m2/repository/io/netty/netty/3.10.5.Final/netty-3.10.5.Final.jar:/home/user/.m2/repository/io/netty/netty-all/4.0.52.Final/netty-all-4.0.52.Final.jar:/home/user/.m2/repository/org/fusesource/leveldbjni/leveldbjni-all/1.8/leveldbjni-all-1.8.jar:"/>
    <property name="sun.cpu.endian" value="little"/>
    <property name="user.home" value="/home/user"/>
    <property name="user.language" value="en"/>
    <property name="java.specification.vendor" value="Oracle Corporation"/>
    <property name="java.home" value="/usr/lib/jvm/java-1.8-openjdk/jre"/>
    <property name="java.security.krb5.conf" value="/workdir/hadoop-ozone/integration-test/target/test-classes/krb5.conf"/>
    <property name="basedir" value="/workdir/hadoop-ozone/integration-test"/>
    <property name="file.separator" value="/"/>
    <property name="line.separator" value="&#10;"/>
    <property name="java.vm.specification.vendor" value="Oracle Corporation"/>
    <property name="java.specification.name" value="Java Platform API Specification"/>
    <property name="java.awt.graphicsenv" value="sun.awt.X11GraphicsEnvironment"/>
    <property name="surefire.real.class.path" value="/workdir/hadoop-ozone/integration-test/target/surefire/surefirebooter6123948536510866613.jar"/>
    <property name="hadoop.log.dir" value="/workdir/hadoop-ozone/integration-test/target/log"/>
    <property name="sun.boot.class.path" value="/usr/lib/jvm/java-1.8-openjdk/jre/lib/resources.jar:/usr/lib/jvm/java-1.8-openjdk/jre/lib/rt.jar:/usr/lib/jvm/java-1.8-openjdk/jre/lib/sunrsasign.jar:/usr/lib/jvm/java-1.8-openjdk/jre/lib/jsse.jar:/usr/lib/jvm/java-1.8-openjdk/jre/lib/jce.jar:/usr/lib/jvm/java-1.8-openjdk/jre/lib/charsets.jar:/usr/lib/jvm/java-1.8-openjdk/jre/lib/jfr.jar:/usr/lib/jvm/java-1.8-openjdk/jre/classes"/>
    <property name="sun.management.compiler" value="HotSpot 64-Bit Tiered Compilers"/>
    <property name="java.runtime.version" value="1.8.0_212-b04"/>
    <property name="java.net.preferIPv4Stack" value="true"/>
    <property name="user.name" value="jenkins1000"/>
    <property name="path.separator" value=":"/>
    <property name="java.security.egd" value="file:///dev/urandom"/>
    <property name="os.version" value="3.10.0-957.12.2.el7.x86_64"/>
    <property name="java.endorsed.dirs" value="/usr/lib/jvm/java-1.8-openjdk/jre/lib/endorsed"/>
    <property name="java.runtime.name" value="OpenJDK Runtime Environment"/>
    <property name="file.encoding" value="UTF-8"/>
    <property name="java.vm.name" value="OpenJDK 64-Bit Server VM"/>
    <property name="test.build.webapps" value=""/>
    <property name="localRepository" value="/home/user/.m2/repository"/>
    <property name="java.vendor.url.bug" value="https://icedtea.classpath.org/bugzilla"/>
    <property name="java.io.tmpdir" value="/tmp"/>
    <property name="require.test.libhadoop" value=""/>
    <property name="java.version" value="1.8.0_212"/>
    <property name="user.dir" value="/workdir/hadoop-ozone/integration-test"/>
    <property name="os.arch" value="amd64"/>
    <property name="java.vm.specification.name" value="Java Virtual Machine Specification"/>
    <property name="test.build.classes" value="/workdir/hadoop-ozone/integration-test/target/test-classes"/>
    <property name="java.awt.printerjob" value="sun.print.PSPrinterJob"/>
    <property name="sun.os.patch.level" value="unknown"/>
    <property name="hadoop.tmp.dir" value="/workdir/hadoop-ozone/integration-test/target/tmp"/>
    <property name="java.library.path" value="/usr/lib/jvm/java-1.8-openjdk/jre/lib/amd64/server:/usr/lib/jvm/java-1.8-openjdk/jre/lib/amd64:/usr/lib/jvm/java-1.8-openjdk/jre/../lib/amd64:/workdir/hadoop-ozone/integration-test/target/native/target/usr/local/lib:/workdir/hadoop-ozone/integration-test/../../hadoop-common-project/hadoop-common/target/native/target/usr/local/lib:/usr/java/packages/lib/amd64:/usr/lib64:/lib64:/lib:/usr/lib"/>
    <property name="java.vm.info" value="mixed mode"/>
    <property name="java.vendor" value="IcedTea"/>
    <property name="java.vm.version" value="25.212-b04"/>
    <property name="java.ext.dirs" value="/usr/lib/jvm/java-1.8-openjdk/jre/lib/ext:/usr/java/packages/lib/ext"/>
    <property name="sun.io.unicode.encoding" value="UnicodeLittle"/>
    <property name="java.class.version" value="52.0"/>
  </properties>
  <testcase name="testPipelineExclusionWithPipelineFailure" classname="org.apache.hadoop.ozone.client.rpc.TestFailureHandlingByClient" time="54.535"/>
  <testcase name="testContainerExclusionWithClosedContainerException" classname="org.apache.hadoop.ozone.client.rpc.TestFailureHandlingByClient" time="53.59">
    <failure type="java.lang.AssertionError">java.lang.AssertionError
	at org.junit.Assert.fail(Assert.java:86)
	at org.junit.Assert.assertTrue(Assert.java:41)
	at org.junit.Assert.assertTrue(Assert.java:52)
	at org.apache.hadoop.ozone.client.rpc.TestFailureHandlingByClient.testContainerExclusionWithClosedContainerException(TestFailureHandlingByClient.java:256)
	at sun.reflect.NativeMethodAccessorImpl.invoke0(Native Method)
	at sun.reflect.NativeMethodAccessorImpl.invoke(NativeMethodAccessorImpl.java:62)
	at sun.reflect.DelegatingMethodAccessorImpl.invoke(DelegatingMethodAccessorImpl.java:43)
	at java.lang.reflect.Method.invoke(Method.java:498)
	at org.junit.runners.model.FrameworkMethod$1.runReflectiveCall(FrameworkMethod.java:47)
	at org.junit.internal.runners.model.ReflectiveCallable.run(ReflectiveCallable.java:12)
	at org.junit.runners.model.FrameworkMethod.invokeExplosively(FrameworkMethod.java:44)
	at org.junit.internal.runners.statements.InvokeMethod.evaluate(InvokeMethod.java:17)
	at org.junit.internal.runners.statements.RunAfters.evaluate(RunAfters.java:27)
	at org.junit.runners.ParentRunner.runLeaf(ParentRunner.java:271)
	at org.junit.runners.BlockJUnit4ClassRunner.runChild(BlockJUnit4ClassRunner.java:70)
	at org.junit.runners.BlockJUnit4ClassRunner.runChild(BlockJUnit4ClassRunner.java:50)
	at org.junit.runners.ParentRunner$3.run(ParentRunner.java:238)
	at org.junit.runners.ParentRunner$1.schedule(ParentRunner.java:63)
	at org.junit.runners.ParentRunner.runChildren(ParentRunner.java:236)
	at org.junit.runners.ParentRunner.access$000(ParentRunner.java:53)
	at org.junit.runners.ParentRunner$2.evaluate(ParentRunner.java:229)
	at org.junit.runners.ParentRunner.run(ParentRunner.java:309)
	at org.apache.maven.surefire.junit4.JUnit4Provider.execute(JUnit4Provider.java:365)
	at org.apache.maven.surefire.junit4.JUnit4Provider.executeWithRerun(JUnit4Provider.java:273)
	at org.apache.maven.surefire.junit4.JUnit4Provider.executeTestSet(JUnit4Provider.java:238)
	at org.apache.maven.surefire.junit4.JUnit4Provider.invoke(JUnit4Provider.java:159)
	at org.apache.maven.surefire.booter.ForkedBooter.invokeProviderInSameClassLoader(ForkedBooter.java:384)
	at org.apache.maven.surefire.booter.ForkedBooter.runSuitesInProcess(ForkedBooter.java:345)
	at org.apache.maven.surefire.booter.ForkedBooter.execute(ForkedBooter.java:126)
	at org.apache.maven.surefire.booter.ForkedBooter.main(ForkedBooter.java:418)
</failure>
    <system-out><![CDATA[2019-08-29 08:45:33,974 [main] WARN  server.ServerUtils (ServerUtils.java:getScmDbDir(145)) - ozone.scm.db.dirs is not configured. We recommend adding this setting. Falling back to ozone.metadata.dirs instead.
2019-08-29 08:45:34,077 [main] WARN  server.ServerUtils (ServerUtils.java:getScmDbDir(145)) - ozone.scm.db.dirs is not configured. We recommend adding this setting. Falling back to ozone.metadata.dirs instead.
2019-08-29 08:45:34,078 [main] WARN  server.ServerUtils (ServerUtils.java:getScmDbDir(145)) - ozone.scm.db.dirs is not configured. We recommend adding this setting. Falling back to ozone.metadata.dirs instead.
2019-08-29 08:45:34,079 [main] INFO  db.DBStoreBuilder (DBStoreBuilder.java:addTable(110)) - using custom profile for table: deletedBlocks
2019-08-29 08:45:34,079 [main] INFO  db.DBStoreBuilder (DBStoreBuilder.java:processTables(161)) - Using default column profile:DBProfile.DISK for Table:deletedBlocks
2019-08-29 08:45:34,079 [main] INFO  db.DBStoreBuilder (DBStoreBuilder.java:addTable(110)) - using custom profile for table: validCerts
2019-08-29 08:45:34,079 [main] INFO  db.DBStoreBuilder (DBStoreBuilder.java:processTables(161)) - Using default column profile:DBProfile.DISK for Table:validCerts
2019-08-29 08:45:34,080 [main] INFO  db.DBStoreBuilder (DBStoreBuilder.java:addTable(110)) - using custom profile for table: revokedCerts
2019-08-29 08:45:34,080 [main] INFO  db.DBStoreBuilder (DBStoreBuilder.java:processTables(161)) - Using default column profile:DBProfile.DISK for Table:revokedCerts
2019-08-29 08:45:34,080 [main] INFO  db.DBStoreBuilder (DBStoreBuilder.java:addTable(110)) - using custom profile for table: default
2019-08-29 08:45:34,081 [main] INFO  db.DBStoreBuilder (DBStoreBuilder.java:processTables(167)) - Using default column profile:DBProfile.DISK for Table:default
2019-08-29 08:45:34,081 [main] INFO  db.DBStoreBuilder (DBStoreBuilder.java:getDbProfile(198)) - Using default options. DBProfile.DISK
2019-08-29 08:45:34,253 [main] INFO  net.NodeSchemaLoader (NodeSchemaLoader.java:loadSchemaFromFile(125)) - Loading file from sun.misc.CompoundEnumeration@e784320
2019-08-29 08:45:34,253 [main] INFO  net.NodeSchemaLoader (NodeSchemaLoader.java:loadSchema(171)) - Loading network topology layer schema file
2019-08-29 08:45:34,260 [main] INFO  node.SCMNodeManager (SCMNodeManager.java:<init>(121)) - Entering startup safe mode.
2019-08-29 08:45:34,262 [main] INFO  algorithms.ContainerPlacementPolicyFactory (ContainerPlacementPolicyFactory.java:getPolicy(55)) - Create container placement policy of type org.apache.hadoop.hdds.scm.container.placement.algorithms.SCMContainerPlacementRandom
2019-08-29 08:45:34,263 [main] WARN  server.ServerUtils (ServerUtils.java:getScmDbDir(145)) - ozone.scm.db.dirs is not configured. We recommend adding this setting. Falling back to ozone.metadata.dirs instead.
2019-08-29 08:45:34,318 [main] INFO  pipeline.SCMPipelineManager (SCMPipelineManager.java:initializePipelineState(126)) - No pipeline exists in current db
2019-08-29 08:45:34,319 [main] WARN  server.ServerUtils (ServerUtils.java:getScmDbDir(145)) - ozone.scm.db.dirs is not configured. We recommend adding this setting. Falling back to ozone.metadata.dirs instead.
2019-08-29 08:45:34,373 [main] WARN  events.EventQueue (EventQueue.java:fireEvent(175)) - No event handler registered for event TypedEvent{payloadType=SafeModeStatus, name='SafeModeStatus'}
2019-08-29 08:45:34,375 [main] INFO  ipc.CallQueueManager (CallQueueManager.java:<init>(84)) - Using callQueue: class java.util.concurrent.LinkedBlockingQueue, queueCapacity: 2000, scheduler: class org.apache.hadoop.ipc.DefaultRpcScheduler, ipcBackoff: false.
2019-08-29 08:45:34,376 [Socket Reader #1 for port 46034] INFO  ipc.Server (Server.java:run(1074)) - Starting Socket Reader #1 for port 46034
2019-08-29 08:45:34,378 [main] INFO  ipc.CallQueueManager (CallQueueManager.java:<init>(84)) - Using callQueue: class java.util.concurrent.LinkedBlockingQueue, queueCapacity: 2000, scheduler: class org.apache.hadoop.ipc.DefaultRpcScheduler, ipcBackoff: false.
2019-08-29 08:45:34,379 [Socket Reader #1 for port 40642] INFO  ipc.Server (Server.java:run(1074)) - Starting Socket Reader #1 for port 40642
2019-08-29 08:45:34,381 [main] INFO  ipc.CallQueueManager (CallQueueManager.java:<init>(84)) - Using callQueue: class java.util.concurrent.LinkedBlockingQueue, queueCapacity: 2000, scheduler: class org.apache.hadoop.ipc.DefaultRpcScheduler, ipcBackoff: false.
2019-08-29 08:45:34,382 [Socket Reader #1 for port 45951] INFO  ipc.Server (Server.java:run(1074)) - Starting Socket Reader #1 for port 45951
2019-08-29 08:45:34,384 [main] INFO  hdfs.DFSUtil (DFSUtil.java:httpServerTemplateForNNAndJN(1641)) - Starting Web-server for scm at: http://0.0.0.0:0
2019-08-29 08:45:34,388 [main] INFO  server.AuthenticationFilter (AuthenticationFilter.java:constructSecretProvider(240)) - Unable to initialize FileSignerSecretProvider, falling back to use random secrets.
2019-08-29 08:45:34,388 [main] WARN  http.HttpRequestLog (HttpRequestLog.java:getRequestLog(97)) - Jetty request log can only be enabled using Log4j
2019-08-29 08:45:34,391 [main] INFO  http.HttpServer2 (HttpServer2.java:addGlobalFilter(975)) - Added global filter 'safety' (class=org.apache.hadoop.http.HttpServer2$QuotingInputFilter)
2019-08-29 08:45:34,392 [main] INFO  http.HttpServer2 (HttpServer2.java:addFilter(948)) - Added filter static_user_filter (class=org.apache.hadoop.http.lib.StaticUserWebFilter$StaticUserFilter) to context scm
2019-08-29 08:45:34,393 [main] INFO  http.HttpServer2 (HttpServer2.java:addFilter(958)) - Added filter static_user_filter (class=org.apache.hadoop.http.lib.StaticUserWebFilter$StaticUserFilter) to context logs
2019-08-29 08:45:34,393 [main] INFO  http.HttpServer2 (HttpServer2.java:addFilter(958)) - Added filter static_user_filter (class=org.apache.hadoop.http.lib.StaticUserWebFilter$StaticUserFilter) to context static
2019-08-29 08:45:34,396 [main] INFO  server.StorageContainerManager (StorageContainerManager.java:start(759)) - StorageContainerLocationProtocol RPC server is listening at /0.0.0.0:45951
2019-08-29 08:45:34,399 [main] WARN  impl.MetricsConfig (MetricsConfig.java:loadFirst(134)) - Cannot locate configuration: tried hadoop-metrics2-storagecontainermanager.properties,hadoop-metrics2.properties
2019-08-29 08:45:34,401 [main] INFO  impl.MetricsSystemImpl (MetricsSystemImpl.java:startTimer(374)) - Scheduled Metric snapshot period at 10 second(s).
2019-08-29 08:45:34,401 [main] INFO  impl.MetricsSystemImpl (MetricsSystemImpl.java:start(191)) - StorageContainerManager metrics system started
2019-08-29 08:45:34,463 [main] INFO  server.SCMClientProtocolServer (SCMClientProtocolServer.java:start(151)) - RPC server for Client  is listening at /0.0.0.0:45951
2019-08-29 08:45:34,464 [IPC Server Responder] INFO  ipc.Server (Server.java:run(1314)) - IPC Server Responder: starting
2019-08-29 08:45:34,464 [IPC Server listener on 45951] INFO  ipc.Server (Server.java:run(1153)) - IPC Server listener on 45951: starting
2019-08-29 08:45:34,468 [main] INFO  server.StorageContainerManager (StorageContainerManager.java:start(769)) - ScmBlockLocationProtocol RPC server is listening at /0.0.0.0:40642
2019-08-29 08:45:34,468 [main] INFO  server.SCMBlockProtocolServer (SCMBlockProtocolServer.java:start(140)) - RPC server for Block Protocol is listening at /0.0.0.0:40642
2019-08-29 08:45:34,468 [IPC Server Responder] INFO  ipc.Server (Server.java:run(1314)) - IPC Server Responder: starting
2019-08-29 08:45:34,468 [IPC Server listener on 40642] INFO  ipc.Server (Server.java:run(1153)) - IPC Server listener on 40642: starting
2019-08-29 08:45:34,472 [main] INFO  server.StorageContainerManager (StorageContainerManager.java:start(773)) - ScmDatanodeProtocl RPC server is listening at /0.0.0.0:46034
2019-08-29 08:45:34,473 [main] INFO  server.SCMDatanodeProtocolServer (SCMDatanodeProtocolServer.java:start(191)) - RPC server for DataNodes is listening at /0.0.0.0:46034
2019-08-29 08:45:34,473 [IPC Server Responder] INFO  ipc.Server (Server.java:run(1314)) - IPC Server Responder: starting
2019-08-29 08:45:34,473 [IPC Server listener on 46034] INFO  ipc.Server (Server.java:run(1153)) - IPC Server listener on 46034: starting
2019-08-29 08:45:34,477 [main] INFO  http.HttpServer2 (HttpServer2.java:bindListener(1191)) - Jetty bound to port 43364
2019-08-29 08:45:34,478 [main] INFO  server.Server (Server.java:doStart(351)) - jetty-9.3.24.v20180605, build timestamp: 2018-06-05T17:11:56Z, git hash: 84205aa28f11a4f31f2a3b86d1bba2cc8ab69827
2019-08-29 08:45:34,665 [main] INFO  handler.ContextHandler (ContextHandler.java:doStart(781)) - Started o.e.j.s.ServletContextHandler@3472947a{/logs,file:///workdir/hadoop-ozone/integration-test/target/log,AVAILABLE}
2019-08-29 08:45:34,688 [main] INFO  handler.ContextHandler (ContextHandler.java:doStart(781)) - Started o.e.j.s.ServletContextHandler@3a3ed300{/static,file:///workdir/hadoop-ozone/integration-test/target/test-classes/webapps/static,AVAILABLE}
2019-08-29 08:45:34,707 [main] INFO  handler.ContextHandler (ContextHandler.java:doStart(781)) - Started o.e.j.w.WebAppContext@2b6a0ea9{/,file:///workdir/hadoop-ozone/integration-test/target/test-classes/webapps/scm/,AVAILABLE}{/scm}
2019-08-29 08:45:34,708 [main] INFO  server.AbstractConnector (AbstractConnector.java:doStart(278)) - Started ServerConnector@4dde8976{HTTP/1.1,[http/1.1]}{0.0.0.0:43364}
2019-08-29 08:45:34,708 [main] INFO  server.Server (Server.java:doStart(419)) - Started @55735ms
2019-08-29 08:45:34,710 [main] INFO  server.BaseHttpServer (BaseHttpServer.java:updateConnectorAddress(213)) - HTTP server of SCM is listening at http://0.0.0.0:43364
2019-08-29 08:45:34,710 [main] WARN  server.ServerUtils (ServerUtils.java:getDBPath(222)) - ozone.om.db.dirs is not configured. We recommend adding this setting. Falling back to ozone.metadata.dirs instead.
2019-08-29 08:45:34,711 [org.apache.hadoop.util.JvmPauseMonitor$Monitor@3b4825f0] INFO  util.JvmPauseMonitor (JvmPauseMonitor.java:run(188)) - Starting JVM pause monitor
2019-08-29 08:45:35,011 [main] WARN  server.ServerUtils (ServerUtils.java:getDBPath(222)) - ozone.om.db.dirs is not configured. We recommend adding this setting. Falling back to ozone.metadata.dirs instead.
2019-08-29 08:45:35,012 [main] WARN  server.ServerUtils (ServerUtils.java:getDBPath(222)) - ozone.om.db.dirs is not configured. We recommend adding this setting. Falling back to ozone.metadata.dirs instead.
2019-08-29 08:45:35,013 [main] INFO  om.OzoneManager (OzoneManager.java:setOMNodeDetails(645)) - OM Service ID is not set. Setting it to the default ID: omServiceIdDefault
2019-08-29 08:45:35,013 [main] INFO  om.OzoneManager (OzoneManager.java:setOMNodeDetails(651)) - OM Node ID is not set. Setting it to the OmStorage's OmID: 93bc9f7f-7593-4d13-9434-51384dd2d5ed
2019-08-29 08:45:35,013 [main] INFO  om.OzoneManager (OzoneManager.java:loadOMHAConfigs(602)) - Found matching OM address with OMServiceId: null, OMNodeId: null, RPC Address: localhost:0 and Ratis port: 9872
2019-08-29 08:45:35,020 | INFO  | SCMAudit | user=jenkins1000 | ip=192.168.157.194 | op=GET_SCM_INFO null | ret=SUCCESS |  
2019-08-29 08:45:35,024 [main] WARN  server.ServerUtils (ServerUtils.java:getDBPath(222)) - ozone.om.db.dirs is not configured. We recommend adding this setting. Falling back to ozone.metadata.dirs instead.
2019-08-29 08:45:35,025 [main] INFO  db.DBStoreBuilder (DBStoreBuilder.java:addTable(110)) - using custom profile for table: userTable
2019-08-29 08:45:35,025 [main] INFO  db.DBStoreBuilder (DBStoreBuilder.java:processTables(161)) - Using default column profile:DBProfile.DISK for Table:userTable
2019-08-29 08:45:35,025 [main] INFO  db.DBStoreBuilder (DBStoreBuilder.java:addTable(110)) - using custom profile for table: volumeTable
2019-08-29 08:45:35,025 [main] INFO  db.DBStoreBuilder (DBStoreBuilder.java:processTables(161)) - Using default column profile:DBProfile.DISK for Table:volumeTable
2019-08-29 08:45:35,026 [main] INFO  db.DBStoreBuilder (DBStoreBuilder.java:addTable(110)) - using custom profile for table: bucketTable
2019-08-29 08:45:35,026 [main] INFO  db.DBStoreBuilder (DBStoreBuilder.java:processTables(161)) - Using default column profile:DBProfile.DISK for Table:bucketTable
2019-08-29 08:45:35,026 [main] INFO  db.DBStoreBuilder (DBStoreBuilder.java:addTable(110)) - using custom profile for table: keyTable
2019-08-29 08:45:35,027 [main] INFO  db.DBStoreBuilder (DBStoreBuilder.java:processTables(161)) - Using default column profile:DBProfile.DISK for Table:keyTable
2019-08-29 08:45:35,027 [main] INFO  db.DBStoreBuilder (DBStoreBuilder.java:addTable(110)) - using custom profile for table: deletedTable
2019-08-29 08:45:35,027 [main] INFO  db.DBStoreBuilder (DBStoreBuilder.java:processTables(161)) - Using default column profile:DBProfile.DISK for Table:deletedTable
2019-08-29 08:45:35,027 [main] INFO  db.DBStoreBuilder (DBStoreBuilder.java:addTable(110)) - using custom profile for table: openKeyTable
2019-08-29 08:45:35,028 [main] INFO  db.DBStoreBuilder (DBStoreBuilder.java:processTables(161)) - Using default column profile:DBProfile.DISK for Table:openKeyTable
2019-08-29 08:45:35,028 [main] INFO  db.DBStoreBuilder (DBStoreBuilder.java:addTable(110)) - using custom profile for table: s3Table
2019-08-29 08:45:35,028 [main] INFO  db.DBStoreBuilder (DBStoreBuilder.java:processTables(161)) - Using default column profile:DBProfile.DISK for Table:s3Table
2019-08-29 08:45:35,029 [main] INFO  db.DBStoreBuilder (DBStoreBuilder.java:addTable(110)) - using custom profile for table: multipartInfoTable
2019-08-29 08:45:35,029 [main] INFO  db.DBStoreBuilder (DBStoreBuilder.java:processTables(161)) - Using default column profile:DBProfile.DISK for Table:multipartInfoTable
2019-08-29 08:45:35,029 [main] INFO  db.DBStoreBuilder (DBStoreBuilder.java:addTable(110)) - using custom profile for table: dTokenTable
2019-08-29 08:45:35,029 [main] INFO  db.DBStoreBuilder (DBStoreBuilder.java:processTables(161)) - Using default column profile:DBProfile.DISK for Table:dTokenTable
2019-08-29 08:45:35,030 [main] INFO  db.DBStoreBuilder (DBStoreBuilder.java:addTable(110)) - using custom profile for table: s3SecretTable
2019-08-29 08:45:35,030 [main] INFO  db.DBStoreBuilder (DBStoreBuilder.java:processTables(161)) - Using default column profile:DBProfile.DISK for Table:s3SecretTable
2019-08-29 08:45:35,030 [main] INFO  db.DBStoreBuilder (DBStoreBuilder.java:addTable(110)) - using custom profile for table: prefixTable
2019-08-29 08:45:35,030 [main] INFO  db.DBStoreBuilder (DBStoreBuilder.java:processTables(161)) - Using default column profile:DBProfile.DISK for Table:prefixTable
2019-08-29 08:45:35,031 [main] INFO  db.DBStoreBuilder (DBStoreBuilder.java:addTable(110)) - using custom profile for table: default
2019-08-29 08:45:35,031 [main] INFO  db.DBStoreBuilder (DBStoreBuilder.java:processTables(167)) - Using default column profile:DBProfile.DISK for Table:default
2019-08-29 08:45:35,031 [main] INFO  db.DBStoreBuilder (DBStoreBuilder.java:getDbProfile(198)) - Using default options. DBProfile.DISK
2019-08-29 08:45:35,580 [main] INFO  ipc.CallQueueManager (CallQueueManager.java:<init>(84)) - Using callQueue: class java.util.concurrent.LinkedBlockingQueue, queueCapacity: 2000, scheduler: class org.apache.hadoop.ipc.DefaultRpcScheduler, ipcBackoff: false.
2019-08-29 08:45:35,581 [Socket Reader #1 for port 44066] INFO  ipc.Server (Server.java:run(1074)) - Starting Socket Reader #1 for port 44066
2019-08-29 08:45:35,599 [main] INFO  om.OzoneManager (OzoneManager.java:start(1256)) - OzoneManager RPC server is listening at localhost/127.0.0.1:44066
2019-08-29 08:45:35,599 [main] INFO  impl.MetricsSystemImpl (MetricsSystemImpl.java:init(158)) - OzoneManager metrics system started (again)
2019-08-29 08:45:35,600 [IPC Server Responder] INFO  ipc.Server (Server.java:run(1314)) - IPC Server Responder: starting
2019-08-29 08:45:35,600 [IPC Server listener on 44066] INFO  ipc.Server (Server.java:run(1153)) - IPC Server listener on 44066: starting
2019-08-29 08:45:35,606 [main] INFO  hdfs.DFSUtil (DFSUtil.java:httpServerTemplateForNNAndJN(1641)) - Starting Web-server for ozoneManager at: http://0.0.0.0:0
2019-08-29 08:45:35,607 [main] INFO  server.AuthenticationFilter (AuthenticationFilter.java:constructSecretProvider(240)) - Unable to initialize FileSignerSecretProvider, falling back to use random secrets.
2019-08-29 08:45:35,608 [main] WARN  http.HttpRequestLog (HttpRequestLog.java:getRequestLog(97)) - Jetty request log can only be enabled using Log4j
2019-08-29 08:45:35,610 [main] INFO  http.HttpServer2 (HttpServer2.java:addGlobalFilter(975)) - Added global filter 'safety' (class=org.apache.hadoop.http.HttpServer2$QuotingInputFilter)
2019-08-29 08:45:35,611 [main] INFO  http.HttpServer2 (HttpServer2.java:addFilter(948)) - Added filter static_user_filter (class=org.apache.hadoop.http.lib.StaticUserWebFilter$StaticUserFilter) to context ozoneManager
2019-08-29 08:45:35,611 [main] INFO  http.HttpServer2 (HttpServer2.java:addFilter(958)) - Added filter static_user_filter (class=org.apache.hadoop.http.lib.StaticUserWebFilter$StaticUserFilter) to context logs
2019-08-29 08:45:35,611 [main] INFO  http.HttpServer2 (HttpServer2.java:addFilter(958)) - Added filter static_user_filter (class=org.apache.hadoop.http.lib.StaticUserWebFilter$StaticUserFilter) to context static
2019-08-29 08:45:35,612 [main] INFO  http.HttpServer2 (HttpServer2.java:bindListener(1191)) - Jetty bound to port 43559
2019-08-29 08:45:35,613 [main] INFO  server.Server (Server.java:doStart(351)) - jetty-9.3.24.v20180605, build timestamp: 2018-06-05T17:11:56Z, git hash: 84205aa28f11a4f31f2a3b86d1bba2cc8ab69827
2019-08-29 08:45:35,614 [main] INFO  handler.ContextHandler (ContextHandler.java:doStart(781)) - Started o.e.j.s.ServletContextHandler@36f7d7b{/logs,file:///workdir/hadoop-ozone/integration-test/target/log,AVAILABLE}
2019-08-29 08:45:35,615 [main] INFO  handler.ContextHandler (ContextHandler.java:doStart(781)) - Started o.e.j.s.ServletContextHandler@25a7fedf{/static,file:///workdir/hadoop-ozone/integration-test/target/test-classes/webapps/static,AVAILABLE}
2019-08-29 08:45:35,620 [main] INFO  handler.ContextHandler (ContextHandler.java:doStart(781)) - Started o.e.j.w.WebAppContext@485caa8f{/,file:///workdir/hadoop-ozone/integration-test/target/test-classes/webapps/ozoneManager/,AVAILABLE}{/ozoneManager}
2019-08-29 08:45:35,620 [main] INFO  server.AbstractConnector (AbstractConnector.java:doStart(278)) - Started ServerConnector@2703d91{HTTP/1.1,[http/1.1]}{0.0.0.0:43559}
2019-08-29 08:45:35,621 [main] INFO  server.Server (Server.java:doStart(419)) - Started @56648ms
2019-08-29 08:45:35,622 [main] INFO  server.BaseHttpServer (BaseHttpServer.java:updateConnectorAddress(213)) - HTTP server of OZONEMANAGER is listening at http://0.0.0.0:43559
2019-08-29 08:45:35,649 [main] INFO  impl.MetricsSystemImpl (MetricsSystemImpl.java:init(158)) - HddsDatanode metrics system started (again)
2019-08-29 08:45:35,651 [main] INFO  ozone.HddsDatanodeService (HddsDatanodeService.java:start(184)) - HddsDatanodeService host:pr-hdds-2042-w774d-3815662616 ip:192.168.157.194
2019-08-29 08:45:35,657 [main] INFO  volume.HddsVolume (HddsVolume.java:<init>(176)) - Creating Volume: /workdir/hadoop-ozone/integration-test/target/test-dir/MiniOzoneClusterImpl-43bc7ae7-4e66-4855-88e6-16f3e36bad4f/datanode-0/data/containers/hdds of  storage type : DISK and capacity : 1482555576320
2019-08-29 08:45:35,658 [main] INFO  volume.VolumeSet (VolumeSet.java:initializeVolumeSet(170)) - Added Volume : /workdir/hadoop-ozone/integration-test/target/test-dir/MiniOzoneClusterImpl-43bc7ae7-4e66-4855-88e6-16f3e36bad4f/datanode-0/data/containers/hdds to VolumeSet
2019-08-29 08:45:35,658 [main] INFO  volume.ThrottledAsyncChecker (ThrottledAsyncChecker.java:schedule(140)) - Scheduling a check for org.apache.hadoop.ozone.container.common.volume.HddsVolume@2dbc408c
2019-08-29 08:45:35,659 [main] INFO  volume.HddsVolumeChecker (HddsVolumeChecker.java:checkAllVolumes(203)) - Scheduled health check for volume org.apache.hadoop.ozone.container.common.volume.HddsVolume@2dbc408c
2019-08-29 08:45:35,674 [main] INFO  impl.RaftServerProxy (ConfUtils.java:logGet(43)) - raft.rpc.type = GRPC (default)
2019-08-29 08:45:35,674 [main] INFO  grpc.GrpcFactory (GrpcFactory.java:checkPooledByteBufAllocatorUseCacheForAllThreads(45)) - PERFORMANCE WARNING: useCacheForAllThreads is true that may cause Netty to create a lot garbage objects and, as a result, trigger GC.
	It is recommended to disable useCacheForAllThreads by setting -Dorg.apache.ratis.thirdparty.io.netty.allocator.useCacheForAllThreads=false in command line.
2019-08-29 08:45:35,674 [main] INFO  grpc.GrpcConfigKeys$Server (ConfUtils.java:logGet(43)) - raft.grpc.server.port = 0 (default)
2019-08-29 08:45:35,674 [main] INFO  server.GrpcService (ConfUtils.java:logGet(43)) - raft.grpc.message.size.max = 33570816 (custom)
2019-08-29 08:45:35,675 [main] INFO  server.RaftServerConfigKeys (ConfUtils.java:logGet(43)) - raft.server.log.appender.buffer.byte-limit = 33554432 (custom)
2019-08-29 08:45:35,675 [main] INFO  server.GrpcService (ConfUtils.java:logGet(43)) - raft.grpc.flow.control.window = 1MB (=1048576) (default)
2019-08-29 08:45:35,675 [main] INFO  server.RaftServerConfigKeys (ConfUtils.java:logGet(43)) - raft.server.rpc.request.timeout = 3000ms (default)
2019-08-29 08:45:35,676 [main] INFO  server.RaftServerConfigKeys (ConfUtils.java:logGet(43)) - raft.server.storage.dir = [/workdir/hadoop-ozone/integration-test/target/test-dir/MiniOzoneClusterImpl-43bc7ae7-4e66-4855-88e6-16f3e36bad4f/datanode-0/data/ratis] (custom)
2019-08-29 08:45:35,677 [main] INFO  hdfs.DFSUtil (DFSUtil.java:httpServerTemplateForNNAndJN(1641)) - Starting Web-server for hddsDatanode at: http://0.0.0.0:0
2019-08-29 08:45:35,679 [main] INFO  server.AuthenticationFilter (AuthenticationFilter.java:constructSecretProvider(240)) - Unable to initialize FileSignerSecretProvider, falling back to use random secrets.
2019-08-29 08:45:35,679 [main] WARN  http.HttpRequestLog (HttpRequestLog.java:getRequestLog(97)) - Jetty request log can only be enabled using Log4j
2019-08-29 08:45:35,680 [main] INFO  http.HttpServer2 (HttpServer2.java:addGlobalFilter(975)) - Added global filter 'safety' (class=org.apache.hadoop.http.HttpServer2$QuotingInputFilter)
2019-08-29 08:45:35,681 [main] INFO  http.HttpServer2 (HttpServer2.java:addFilter(948)) - Added filter static_user_filter (class=org.apache.hadoop.http.lib.StaticUserWebFilter$StaticUserFilter) to context hddsDatanode
2019-08-29 08:45:35,681 [main] INFO  http.HttpServer2 (HttpServer2.java:addFilter(958)) - Added filter static_user_filter (class=org.apache.hadoop.http.lib.StaticUserWebFilter$StaticUserFilter) to context logs
2019-08-29 08:45:35,681 [main] INFO  http.HttpServer2 (HttpServer2.java:addFilter(958)) - Added filter static_user_filter (class=org.apache.hadoop.http.lib.StaticUserWebFilter$StaticUserFilter) to context static
2019-08-29 08:45:35,682 [main] INFO  http.HttpServer2 (HttpServer2.java:bindListener(1191)) - Jetty bound to port 33153
2019-08-29 08:45:35,682 [main] INFO  server.Server (Server.java:doStart(351)) - jetty-9.3.24.v20180605, build timestamp: 2018-06-05T17:11:56Z, git hash: 84205aa28f11a4f31f2a3b86d1bba2cc8ab69827
2019-08-29 08:45:35,684 [main] INFO  handler.ContextHandler (ContextHandler.java:doStart(781)) - Started o.e.j.s.ServletContextHandler@781711b7{/logs,file:///workdir/hadoop-ozone/integration-test/target/log,AVAILABLE}
2019-08-29 08:45:35,685 [main] INFO  handler.ContextHandler (ContextHandler.java:doStart(781)) - Started o.e.j.s.ServletContextHandler@642ee49c{/static,jar:file:/home/user/.m2/repository/org/apache/hadoop/hadoop-hdds-container-service/0.5.0-SNAPSHOT/hadoop-hdds-container-service-0.5.0-SNAPSHOT.jar!/webapps/static,AVAILABLE}
2019-08-29 08:45:35,716 [main] INFO  handler.ContextHandler (ContextHandler.java:doStart(781)) - Started o.e.j.w.WebAppContext@91f565d{/,file:///tmp/jetty-0.0.0.0-33153-hddsDatanode-_-any-7762437129767991733.dir/webapp/,AVAILABLE}{/hddsDatanode}
2019-08-29 08:45:35,718 [main] INFO  server.AbstractConnector (AbstractConnector.java:doStart(278)) - Started ServerConnector@46e3559f{HTTP/1.1,[http/1.1]}{0.0.0.0:33153}
2019-08-29 08:45:35,719 [main] INFO  server.Server (Server.java:doStart(419)) - Started @56746ms
2019-08-29 08:45:35,720 [main] INFO  server.BaseHttpServer (BaseHttpServer.java:updateConnectorAddress(213)) - HTTP server of HDDSDATANODE is listening at http://0.0.0.0:33153
2019-08-29 08:45:35,720 [main] INFO  impl.MetricsSystemImpl (MetricsSystemImpl.java:init(158)) - HddsDatanode metrics system started (again)
2019-08-29 08:45:35,722 [main] INFO  ozone.HddsDatanodeService (HddsDatanodeService.java:start(184)) - HddsDatanodeService host:pr-hdds-2042-w774d-3815662616 ip:192.168.157.194
2019-08-29 08:45:35,723 [org.apache.hadoop.util.JvmPauseMonitor$Monitor@14d09fea] INFO  util.JvmPauseMonitor (JvmPauseMonitor.java:run(188)) - Starting JVM pause monitor
2019-08-29 08:45:35,726 [Datanode State Machine Thread - 0] INFO  datanode.InitDatanodeState (InitDatanodeState.java:persistContainerDatanodeDetails(140)) - DatanodeDetails is persisted to /workdir/hadoop-ozone/integration-test/target/test-dir/MiniOzoneClusterImpl-43bc7ae7-4e66-4855-88e6-16f3e36bad4f/datanode-0/meta/datanode.id
2019-08-29 08:45:35,728 [main] INFO  volume.HddsVolume (HddsVolume.java:<init>(176)) - Creating Volume: /workdir/hadoop-ozone/integration-test/target/test-dir/MiniOzoneClusterImpl-43bc7ae7-4e66-4855-88e6-16f3e36bad4f/datanode-1/data/containers/hdds of  storage type : DISK and capacity : 1482555576320
2019-08-29 08:45:35,729 [main] INFO  volume.VolumeSet (VolumeSet.java:initializeVolumeSet(170)) - Added Volume : /workdir/hadoop-ozone/integration-test/target/test-dir/MiniOzoneClusterImpl-43bc7ae7-4e66-4855-88e6-16f3e36bad4f/datanode-1/data/containers/hdds to VolumeSet
2019-08-29 08:45:35,729 [main] INFO  volume.ThrottledAsyncChecker (ThrottledAsyncChecker.java:schedule(140)) - Scheduling a check for org.apache.hadoop.ozone.container.common.volume.HddsVolume@72a2312e
2019-08-29 08:45:35,729 [main] INFO  volume.HddsVolumeChecker (HddsVolumeChecker.java:checkAllVolumes(203)) - Scheduled health check for volume org.apache.hadoop.ozone.container.common.volume.HddsVolume@72a2312e
2019-08-29 08:45:35,749 [main] INFO  impl.RaftServerProxy (ConfUtils.java:logGet(43)) - raft.rpc.type = GRPC (default)
2019-08-29 08:45:35,749 [main] INFO  grpc.GrpcFactory (GrpcFactory.java:checkPooledByteBufAllocatorUseCacheForAllThreads(45)) - PERFORMANCE WARNING: useCacheForAllThreads is true that may cause Netty to create a lot garbage objects and, as a result, trigger GC.
	It is recommended to disable useCacheForAllThreads by setting -Dorg.apache.ratis.thirdparty.io.netty.allocator.useCacheForAllThreads=false in command line.
2019-08-29 08:45:35,749 [main] INFO  grpc.GrpcConfigKeys$Server (ConfUtils.java:logGet(43)) - raft.grpc.server.port = 0 (default)
2019-08-29 08:45:35,750 [main] INFO  server.GrpcService (ConfUtils.java:logGet(43)) - raft.grpc.message.size.max = 33570816 (custom)
2019-08-29 08:45:35,750 [main] INFO  server.RaftServerConfigKeys (ConfUtils.java:logGet(43)) - raft.server.log.appender.buffer.byte-limit = 33554432 (custom)
2019-08-29 08:45:35,750 [main] INFO  server.GrpcService (ConfUtils.java:logGet(43)) - raft.grpc.flow.control.window = 1MB (=1048576) (default)
2019-08-29 08:45:35,751 [main] INFO  server.RaftServerConfigKeys (ConfUtils.java:logGet(43)) - raft.server.rpc.request.timeout = 3000ms (default)
2019-08-29 08:45:35,751 [main] INFO  server.RaftServerConfigKeys (ConfUtils.java:logGet(43)) - raft.server.storage.dir = [/workdir/hadoop-ozone/integration-test/target/test-dir/MiniOzoneClusterImpl-43bc7ae7-4e66-4855-88e6-16f3e36bad4f/datanode-1/data/ratis] (custom)
2019-08-29 08:45:35,753 [main] INFO  hdfs.DFSUtil (DFSUtil.java:httpServerTemplateForNNAndJN(1641)) - Starting Web-server for hddsDatanode at: http://0.0.0.0:0
2019-08-29 08:45:35,755 [main] INFO  server.AuthenticationFilter (AuthenticationFilter.java:constructSecretProvider(240)) - Unable to initialize FileSignerSecretProvider, falling back to use random secrets.
2019-08-29 08:45:35,755 [main] WARN  http.HttpRequestLog (HttpRequestLog.java:getRequestLog(97)) - Jetty request log can only be enabled using Log4j
2019-08-29 08:45:35,757 [main] INFO  http.HttpServer2 (HttpServer2.java:addGlobalFilter(975)) - Added global filter 'safety' (class=org.apache.hadoop.http.HttpServer2$QuotingInputFilter)
2019-08-29 08:45:35,757 [main] INFO  http.HttpServer2 (HttpServer2.java:addFilter(948)) - Added filter static_user_filter (class=org.apache.hadoop.http.lib.StaticUserWebFilter$StaticUserFilter) to context hddsDatanode
2019-08-29 08:45:35,757 [main] INFO  http.HttpServer2 (HttpServer2.java:addFilter(958)) - Added filter static_user_filter (class=org.apache.hadoop.http.lib.StaticUserWebFilter$StaticUserFilter) to context static
2019-08-29 08:45:35,758 [main] INFO  http.HttpServer2 (HttpServer2.java:addFilter(958)) - Added filter static_user_filter (class=org.apache.hadoop.http.lib.StaticUserWebFilter$StaticUserFilter) to context logs
2019-08-29 08:45:35,758 [main] INFO  http.HttpServer2 (HttpServer2.java:bindListener(1191)) - Jetty bound to port 42887
2019-08-29 08:45:35,758 [main] INFO  server.Server (Server.java:doStart(351)) - jetty-9.3.24.v20180605, build timestamp: 2018-06-05T17:11:56Z, git hash: 84205aa28f11a4f31f2a3b86d1bba2cc8ab69827
2019-08-29 08:45:35,760 [main] INFO  handler.ContextHandler (ContextHandler.java:doStart(781)) - Started o.e.j.s.ServletContextHandler@3610f277{/logs,file:///workdir/hadoop-ozone/integration-test/target/log,AVAILABLE}
2019-08-29 08:45:35,761 [main] INFO  handler.ContextHandler (ContextHandler.java:doStart(781)) - Started o.e.j.s.ServletContextHandler@41fa769c{/static,jar:file:/home/user/.m2/repository/org/apache/hadoop/hadoop-hdds-container-service/0.5.0-SNAPSHOT/hadoop-hdds-container-service-0.5.0-SNAPSHOT.jar!/webapps/static,AVAILABLE}
2019-08-29 08:45:35,789 [main] INFO  handler.ContextHandler (ContextHandler.java:doStart(781)) - Started o.e.j.w.WebAppContext@6baf25d7{/,file:///tmp/jetty-0.0.0.0-42887-hddsDatanode-_-any-1924794654865530583.dir/webapp/,AVAILABLE}{/hddsDatanode}
2019-08-29 08:45:35,789 [main] INFO  server.AbstractConnector (AbstractConnector.java:doStart(278)) - Started ServerConnector@57a6a933{HTTP/1.1,[http/1.1]}{0.0.0.0:42887}
2019-08-29 08:45:35,791 [main] INFO  server.Server (Server.java:doStart(419)) - Started @56818ms
2019-08-29 08:45:35,791 [main] INFO  server.BaseHttpServer (BaseHttpServer.java:updateConnectorAddress(213)) - HTTP server of HDDSDATANODE is listening at http://0.0.0.0:42887
2019-08-29 08:45:35,792 [main] INFO  impl.MetricsSystemImpl (MetricsSystemImpl.java:init(158)) - HddsDatanode metrics system started (again)
2019-08-29 08:45:35,794 [org.apache.hadoop.util.JvmPauseMonitor$Monitor@11f53d37] INFO  util.JvmPauseMonitor (JvmPauseMonitor.java:run(188)) - Starting JVM pause monitor
2019-08-29 08:45:35,794 [main] INFO  ozone.HddsDatanodeService (HddsDatanodeService.java:start(184)) - HddsDatanodeService host:pr-hdds-2042-w774d-3815662616 ip:192.168.157.194
2019-08-29 08:45:35,796 [Datanode State Machine Thread - 0] INFO  datanode.InitDatanodeState (InitDatanodeState.java:persistContainerDatanodeDetails(140)) - DatanodeDetails is persisted to /workdir/hadoop-ozone/integration-test/target/test-dir/MiniOzoneClusterImpl-43bc7ae7-4e66-4855-88e6-16f3e36bad4f/datanode-1/meta/datanode.id
2019-08-29 08:45:35,800 [main] INFO  volume.HddsVolume (HddsVolume.java:<init>(176)) - Creating Volume: /workdir/hadoop-ozone/integration-test/target/test-dir/MiniOzoneClusterImpl-43bc7ae7-4e66-4855-88e6-16f3e36bad4f/datanode-2/data/containers/hdds of  storage type : DISK and capacity : 1482555576320
2019-08-29 08:45:35,800 [main] INFO  volume.VolumeSet (VolumeSet.java:initializeVolumeSet(170)) - Added Volume : /workdir/hadoop-ozone/integration-test/target/test-dir/MiniOzoneClusterImpl-43bc7ae7-4e66-4855-88e6-16f3e36bad4f/datanode-2/data/containers/hdds to VolumeSet
2019-08-29 08:45:35,800 [main] INFO  volume.ThrottledAsyncChecker (ThrottledAsyncChecker.java:schedule(140)) - Scheduling a check for org.apache.hadoop.ozone.container.common.volume.HddsVolume@64f9f455
2019-08-29 08:45:35,801 [main] INFO  volume.HddsVolumeChecker (HddsVolumeChecker.java:checkAllVolumes(203)) - Scheduled health check for volume org.apache.hadoop.ozone.container.common.volume.HddsVolume@64f9f455
2019-08-29 08:45:35,816 [main] INFO  impl.RaftServerProxy (ConfUtils.java:logGet(43)) - raft.rpc.type = GRPC (default)
2019-08-29 08:45:35,816 [main] INFO  grpc.GrpcFactory (GrpcFactory.java:checkPooledByteBufAllocatorUseCacheForAllThreads(45)) - PERFORMANCE WARNING: useCacheForAllThreads is true that may cause Netty to create a lot garbage objects and, as a result, trigger GC.
	It is recommended to disable useCacheForAllThreads by setting -Dorg.apache.ratis.thirdparty.io.netty.allocator.useCacheForAllThreads=false in command line.
2019-08-29 08:45:35,817 [main] INFO  grpc.GrpcConfigKeys$Server (ConfUtils.java:logGet(43)) - raft.grpc.server.port = 0 (default)
2019-08-29 08:45:35,817 [main] INFO  server.GrpcService (ConfUtils.java:logGet(43)) - raft.grpc.message.size.max = 33570816 (custom)
2019-08-29 08:45:35,817 [main] INFO  server.RaftServerConfigKeys (ConfUtils.java:logGet(43)) - raft.server.log.appender.buffer.byte-limit = 33554432 (custom)
2019-08-29 08:45:35,817 [main] INFO  server.GrpcService (ConfUtils.java:logGet(43)) - raft.grpc.flow.control.window = 1MB (=1048576) (default)
2019-08-29 08:45:35,817 [main] INFO  server.RaftServerConfigKeys (ConfUtils.java:logGet(43)) - raft.server.rpc.request.timeout = 3000ms (default)
2019-08-29 08:45:35,818 [main] INFO  server.RaftServerConfigKeys (ConfUtils.java:logGet(43)) - raft.server.storage.dir = [/workdir/hadoop-ozone/integration-test/target/test-dir/MiniOzoneClusterImpl-43bc7ae7-4e66-4855-88e6-16f3e36bad4f/datanode-2/data/ratis] (custom)
2019-08-29 08:45:35,819 [main] INFO  hdfs.DFSUtil (DFSUtil.java:httpServerTemplateForNNAndJN(1641)) - Starting Web-server for hddsDatanode at: http://0.0.0.0:0
2019-08-29 08:45:35,820 [main] INFO  server.AuthenticationFilter (AuthenticationFilter.java:constructSecretProvider(240)) - Unable to initialize FileSignerSecretProvider, falling back to use random secrets.
2019-08-29 08:45:35,821 [main] WARN  http.HttpRequestLog (HttpRequestLog.java:getRequestLog(97)) - Jetty request log can only be enabled using Log4j
2019-08-29 08:45:35,822 [main] INFO  http.HttpServer2 (HttpServer2.java:addGlobalFilter(975)) - Added global filter 'safety' (class=org.apache.hadoop.http.HttpServer2$QuotingInputFilter)
2019-08-29 08:45:35,822 [main] INFO  http.HttpServer2 (HttpServer2.java:addFilter(948)) - Added filter static_user_filter (class=org.apache.hadoop.http.lib.StaticUserWebFilter$StaticUserFilter) to context hddsDatanode
2019-08-29 08:45:35,822 [main] INFO  http.HttpServer2 (HttpServer2.java:addFilter(958)) - Added filter static_user_filter (class=org.apache.hadoop.http.lib.StaticUserWebFilter$StaticUserFilter) to context static
2019-08-29 08:45:35,823 [main] INFO  http.HttpServer2 (HttpServer2.java:addFilter(958)) - Added filter static_user_filter (class=org.apache.hadoop.http.lib.StaticUserWebFilter$StaticUserFilter) to context logs
2019-08-29 08:45:35,823 [main] INFO  http.HttpServer2 (HttpServer2.java:bindListener(1191)) - Jetty bound to port 35078
2019-08-29 08:45:35,823 [main] INFO  server.Server (Server.java:doStart(351)) - jetty-9.3.24.v20180605, build timestamp: 2018-06-05T17:11:56Z, git hash: 84205aa28f11a4f31f2a3b86d1bba2cc8ab69827
2019-08-29 08:45:35,825 [main] INFO  handler.ContextHandler (ContextHandler.java:doStart(781)) - Started o.e.j.s.ServletContextHandler@58aa10f4{/logs,file:///workdir/hadoop-ozone/integration-test/target/log,AVAILABLE}
2019-08-29 08:45:35,825 [main] INFO  handler.ContextHandler (ContextHandler.java:doStart(781)) - Started o.e.j.s.ServletContextHandler@5e5beb8a{/static,jar:file:/home/user/.m2/repository/org/apache/hadoop/hadoop-hdds-container-service/0.5.0-SNAPSHOT/hadoop-hdds-container-service-0.5.0-SNAPSHOT.jar!/webapps/static,AVAILABLE}
2019-08-29 08:45:35,862 [main] INFO  handler.ContextHandler (ContextHandler.java:doStart(781)) - Started o.e.j.w.WebAppContext@479ac2cb{/,file:///tmp/jetty-0.0.0.0-35078-hddsDatanode-_-any-8069509195738688065.dir/webapp/,AVAILABLE}{/hddsDatanode}
2019-08-29 08:45:35,863 [main] INFO  server.AbstractConnector (AbstractConnector.java:doStart(278)) - Started ServerConnector@220c9a63{HTTP/1.1,[http/1.1]}{0.0.0.0:35078}
2019-08-29 08:45:35,864 [main] INFO  server.Server (Server.java:doStart(419)) - Started @56891ms
2019-08-29 08:45:35,865 [main] INFO  server.BaseHttpServer (BaseHttpServer.java:updateConnectorAddress(213)) - HTTP server of HDDSDATANODE is listening at http://0.0.0.0:35078
2019-08-29 08:45:35,865 [main] INFO  impl.MetricsSystemImpl (MetricsSystemImpl.java:init(158)) - HddsDatanode metrics system started (again)
2019-08-29 08:45:35,868 [main] INFO  ozone.HddsDatanodeService (HddsDatanodeService.java:start(184)) - HddsDatanodeService host:pr-hdds-2042-w774d-3815662616 ip:192.168.157.194
2019-08-29 08:45:35,868 [org.apache.hadoop.util.JvmPauseMonitor$Monitor@18ece45d] INFO  util.JvmPauseMonitor (JvmPauseMonitor.java:run(188)) - Starting JVM pause monitor
2019-08-29 08:45:35,870 [Datanode State Machine Thread - 0] INFO  datanode.InitDatanodeState (InitDatanodeState.java:persistContainerDatanodeDetails(140)) - DatanodeDetails is persisted to /workdir/hadoop-ozone/integration-test/target/test-dir/MiniOzoneClusterImpl-43bc7ae7-4e66-4855-88e6-16f3e36bad4f/datanode-2/meta/datanode.id
2019-08-29 08:45:35,874 [main] INFO  volume.HddsVolume (HddsVolume.java:<init>(176)) - Creating Volume: /workdir/hadoop-ozone/integration-test/target/test-dir/MiniOzoneClusterImpl-43bc7ae7-4e66-4855-88e6-16f3e36bad4f/datanode-3/data/containers/hdds of  storage type : DISK and capacity : 1482555576320
2019-08-29 08:45:35,874 [main] INFO  volume.VolumeSet (VolumeSet.java:initializeVolumeSet(170)) - Added Volume : /workdir/hadoop-ozone/integration-test/target/test-dir/MiniOzoneClusterImpl-43bc7ae7-4e66-4855-88e6-16f3e36bad4f/datanode-3/data/containers/hdds to VolumeSet
2019-08-29 08:45:35,875 [main] INFO  volume.ThrottledAsyncChecker (ThrottledAsyncChecker.java:schedule(140)) - Scheduling a check for org.apache.hadoop.ozone.container.common.volume.HddsVolume@65e22def
2019-08-29 08:45:35,875 [main] INFO  volume.HddsVolumeChecker (HddsVolumeChecker.java:checkAllVolumes(203)) - Scheduled health check for volume org.apache.hadoop.ozone.container.common.volume.HddsVolume@65e22def
2019-08-29 08:45:35,888 [main] INFO  impl.RaftServerProxy (ConfUtils.java:logGet(43)) - raft.rpc.type = GRPC (default)
2019-08-29 08:45:35,888 [main] INFO  grpc.GrpcFactory (GrpcFactory.java:checkPooledByteBufAllocatorUseCacheForAllThreads(45)) - PERFORMANCE WARNING: useCacheForAllThreads is true that may cause Netty to create a lot garbage objects and, as a result, trigger GC.
	It is recommended to disable useCacheForAllThreads by setting -Dorg.apache.ratis.thirdparty.io.netty.allocator.useCacheForAllThreads=false in command line.
2019-08-29 08:45:35,888 [main] INFO  grpc.GrpcConfigKeys$Server (ConfUtils.java:logGet(43)) - raft.grpc.server.port = 0 (default)
2019-08-29 08:45:35,888 [main] INFO  server.GrpcService (ConfUtils.java:logGet(43)) - raft.grpc.message.size.max = 33570816 (custom)
2019-08-29 08:45:35,889 [main] INFO  server.RaftServerConfigKeys (ConfUtils.java:logGet(43)) - raft.server.log.appender.buffer.byte-limit = 33554432 (custom)
2019-08-29 08:45:35,889 [main] INFO  server.GrpcService (ConfUtils.java:logGet(43)) - raft.grpc.flow.control.window = 1MB (=1048576) (default)
2019-08-29 08:45:35,889 [main] INFO  server.RaftServerConfigKeys (ConfUtils.java:logGet(43)) - raft.server.rpc.request.timeout = 3000ms (default)
2019-08-29 08:45:35,890 [main] INFO  server.RaftServerConfigKeys (ConfUtils.java:logGet(43)) - raft.server.storage.dir = [/workdir/hadoop-ozone/integration-test/target/test-dir/MiniOzoneClusterImpl-43bc7ae7-4e66-4855-88e6-16f3e36bad4f/datanode-3/data/ratis] (custom)
2019-08-29 08:45:35,891 [main] INFO  hdfs.DFSUtil (DFSUtil.java:httpServerTemplateForNNAndJN(1641)) - Starting Web-server for hddsDatanode at: http://0.0.0.0:0
2019-08-29 08:45:35,893 [main] INFO  server.AuthenticationFilter (AuthenticationFilter.java:constructSecretProvider(240)) - Unable to initialize FileSignerSecretProvider, falling back to use random secrets.
2019-08-29 08:45:35,894 [main] WARN  http.HttpRequestLog (HttpRequestLog.java:getRequestLog(97)) - Jetty request log can only be enabled using Log4j
2019-08-29 08:45:35,896 [main] INFO  http.HttpServer2 (HttpServer2.java:addGlobalFilter(975)) - Added global filter 'safety' (class=org.apache.hadoop.http.HttpServer2$QuotingInputFilter)
2019-08-29 08:45:35,897 [main] INFO  http.HttpServer2 (HttpServer2.java:addFilter(948)) - Added filter static_user_filter (class=org.apache.hadoop.http.lib.StaticUserWebFilter$StaticUserFilter) to context hddsDatanode
2019-08-29 08:45:35,897 [main] INFO  http.HttpServer2 (HttpServer2.java:addFilter(958)) - Added filter static_user_filter (class=org.apache.hadoop.http.lib.StaticUserWebFilter$StaticUserFilter) to context logs
2019-08-29 08:45:35,898 [main] INFO  http.HttpServer2 (HttpServer2.java:addFilter(958)) - Added filter static_user_filter (class=org.apache.hadoop.http.lib.StaticUserWebFilter$StaticUserFilter) to context static
2019-08-29 08:45:35,898 [main] INFO  http.HttpServer2 (HttpServer2.java:bindListener(1191)) - Jetty bound to port 43198
2019-08-29 08:45:35,899 [main] INFO  server.Server (Server.java:doStart(351)) - jetty-9.3.24.v20180605, build timestamp: 2018-06-05T17:11:56Z, git hash: 84205aa28f11a4f31f2a3b86d1bba2cc8ab69827
2019-08-29 08:45:35,900 [main] INFO  handler.ContextHandler (ContextHandler.java:doStart(781)) - Started o.e.j.s.ServletContextHandler@49ca94a9{/logs,file:///workdir/hadoop-ozone/integration-test/target/log,AVAILABLE}
2019-08-29 08:45:35,901 [main] INFO  handler.ContextHandler (ContextHandler.java:doStart(781)) - Started o.e.j.s.ServletContextHandler@5b40de43{/static,jar:file:/home/user/.m2/repository/org/apache/hadoop/hadoop-hdds-container-service/0.5.0-SNAPSHOT/hadoop-hdds-container-service-0.5.0-SNAPSHOT.jar!/webapps/static,AVAILABLE}
2019-08-29 08:45:35,933 [main] INFO  handler.ContextHandler (ContextHandler.java:doStart(781)) - Started o.e.j.w.WebAppContext@64387c17{/,file:///tmp/jetty-0.0.0.0-43198-hddsDatanode-_-any-341702507860499320.dir/webapp/,AVAILABLE}{/hddsDatanode}
2019-08-29 08:45:35,936 [main] INFO  server.AbstractConnector (AbstractConnector.java:doStart(278)) - Started ServerConnector@7c369270{HTTP/1.1,[http/1.1]}{0.0.0.0:43198}
2019-08-29 08:45:35,936 [main] INFO  server.Server (Server.java:doStart(419)) - Started @56963ms
2019-08-29 08:45:35,937 [main] INFO  server.BaseHttpServer (BaseHttpServer.java:updateConnectorAddress(213)) - HTTP server of HDDSDATANODE is listening at http://0.0.0.0:43198
2019-08-29 08:45:35,937 [main] INFO  impl.MetricsSystemImpl (MetricsSystemImpl.java:init(158)) - HddsDatanode metrics system started (again)
2019-08-29 08:45:35,940 [org.apache.hadoop.util.JvmPauseMonitor$Monitor@34b339f5] INFO  util.JvmPauseMonitor (JvmPauseMonitor.java:run(188)) - Starting JVM pause monitor
2019-08-29 08:45:35,941 [main] INFO  ozone.HddsDatanodeService (HddsDatanodeService.java:start(184)) - HddsDatanodeService host:pr-hdds-2042-w774d-3815662616 ip:192.168.157.194
2019-08-29 08:45:35,942 [Datanode State Machine Thread - 0] INFO  datanode.InitDatanodeState (InitDatanodeState.java:persistContainerDatanodeDetails(140)) - DatanodeDetails is persisted to /workdir/hadoop-ozone/integration-test/target/test-dir/MiniOzoneClusterImpl-43bc7ae7-4e66-4855-88e6-16f3e36bad4f/datanode-3/meta/datanode.id
2019-08-29 08:45:35,946 [main] INFO  volume.HddsVolume (HddsVolume.java:<init>(176)) - Creating Volume: /workdir/hadoop-ozone/integration-test/target/test-dir/MiniOzoneClusterImpl-43bc7ae7-4e66-4855-88e6-16f3e36bad4f/datanode-4/data/containers/hdds of  storage type : DISK and capacity : 1482555576320
2019-08-29 08:45:35,947 [main] INFO  volume.VolumeSet (VolumeSet.java:initializeVolumeSet(170)) - Added Volume : /workdir/hadoop-ozone/integration-test/target/test-dir/MiniOzoneClusterImpl-43bc7ae7-4e66-4855-88e6-16f3e36bad4f/datanode-4/data/containers/hdds to VolumeSet
2019-08-29 08:45:35,947 [main] INFO  volume.ThrottledAsyncChecker (ThrottledAsyncChecker.java:schedule(140)) - Scheduling a check for org.apache.hadoop.ozone.container.common.volume.HddsVolume@5503de1
2019-08-29 08:45:35,947 [main] INFO  volume.HddsVolumeChecker (HddsVolumeChecker.java:checkAllVolumes(203)) - Scheduled health check for volume org.apache.hadoop.ozone.container.common.volume.HddsVolume@5503de1
2019-08-29 08:45:35,960 [main] INFO  impl.RaftServerProxy (ConfUtils.java:logGet(43)) - raft.rpc.type = GRPC (default)
2019-08-29 08:45:35,961 [main] INFO  grpc.GrpcFactory (GrpcFactory.java:checkPooledByteBufAllocatorUseCacheForAllThreads(45)) - PERFORMANCE WARNING: useCacheForAllThreads is true that may cause Netty to create a lot garbage objects and, as a result, trigger GC.
	It is recommended to disable useCacheForAllThreads by setting -Dorg.apache.ratis.thirdparty.io.netty.allocator.useCacheForAllThreads=false in command line.
2019-08-29 08:45:35,961 [main] INFO  grpc.GrpcConfigKeys$Server (ConfUtils.java:logGet(43)) - raft.grpc.server.port = 0 (default)
2019-08-29 08:45:35,961 [main] INFO  server.GrpcService (ConfUtils.java:logGet(43)) - raft.grpc.message.size.max = 33570816 (custom)
2019-08-29 08:45:35,962 [main] INFO  server.RaftServerConfigKeys (ConfUtils.java:logGet(43)) - raft.server.log.appender.buffer.byte-limit = 33554432 (custom)
2019-08-29 08:45:35,962 [main] INFO  server.GrpcService (ConfUtils.java:logGet(43)) - raft.grpc.flow.control.window = 1MB (=1048576) (default)
2019-08-29 08:45:35,962 [main] INFO  server.RaftServerConfigKeys (ConfUtils.java:logGet(43)) - raft.server.rpc.request.timeout = 3000ms (default)
2019-08-29 08:45:35,963 [main] INFO  server.RaftServerConfigKeys (ConfUtils.java:logGet(43)) - raft.server.storage.dir = [/workdir/hadoop-ozone/integration-test/target/test-dir/MiniOzoneClusterImpl-43bc7ae7-4e66-4855-88e6-16f3e36bad4f/datanode-4/data/ratis] (custom)
2019-08-29 08:45:35,965 [main] INFO  hdfs.DFSUtil (DFSUtil.java:httpServerTemplateForNNAndJN(1641)) - Starting Web-server for hddsDatanode at: http://0.0.0.0:0
2019-08-29 08:45:35,966 [main] INFO  server.AuthenticationFilter (AuthenticationFilter.java:constructSecretProvider(240)) - Unable to initialize FileSignerSecretProvider, falling back to use random secrets.
2019-08-29 08:45:35,966 [main] WARN  http.HttpRequestLog (HttpRequestLog.java:getRequestLog(97)) - Jetty request log can only be enabled using Log4j
2019-08-29 08:45:35,968 [main] INFO  http.HttpServer2 (HttpServer2.java:addGlobalFilter(975)) - Added global filter 'safety' (class=org.apache.hadoop.http.HttpServer2$QuotingInputFilter)
2019-08-29 08:45:35,968 [main] INFO  http.HttpServer2 (HttpServer2.java:addFilter(948)) - Added filter static_user_filter (class=org.apache.hadoop.http.lib.StaticUserWebFilter$StaticUserFilter) to context hddsDatanode
2019-08-29 08:45:35,968 [main] INFO  http.HttpServer2 (HttpServer2.java:addFilter(958)) - Added filter static_user_filter (class=org.apache.hadoop.http.lib.StaticUserWebFilter$StaticUserFilter) to context static
2019-08-29 08:45:35,969 [main] INFO  http.HttpServer2 (HttpServer2.java:addFilter(958)) - Added filter static_user_filter (class=org.apache.hadoop.http.lib.StaticUserWebFilter$StaticUserFilter) to context logs
2019-08-29 08:45:35,969 [main] INFO  http.HttpServer2 (HttpServer2.java:bindListener(1191)) - Jetty bound to port 33675
2019-08-29 08:45:35,969 [main] INFO  server.Server (Server.java:doStart(351)) - jetty-9.3.24.v20180605, build timestamp: 2018-06-05T17:11:56Z, git hash: 84205aa28f11a4f31f2a3b86d1bba2cc8ab69827
2019-08-29 08:45:35,971 [main] INFO  handler.ContextHandler (ContextHandler.java:doStart(781)) - Started o.e.j.s.ServletContextHandler@5820070c{/logs,file:///workdir/hadoop-ozone/integration-test/target/log,AVAILABLE}
2019-08-29 08:45:35,971 [main] INFO  handler.ContextHandler (ContextHandler.java:doStart(781)) - Started o.e.j.s.ServletContextHandler@71370fec{/static,jar:file:/home/user/.m2/repository/org/apache/hadoop/hadoop-hdds-container-service/0.5.0-SNAPSHOT/hadoop-hdds-container-service-0.5.0-SNAPSHOT.jar!/webapps/static,AVAILABLE}
2019-08-29 08:45:35,999 [main] INFO  handler.ContextHandler (ContextHandler.java:doStart(781)) - Started o.e.j.w.WebAppContext@6f5bd362{/,file:///tmp/jetty-0.0.0.0-33675-hddsDatanode-_-any-676093760857961437.dir/webapp/,AVAILABLE}{/hddsDatanode}
2019-08-29 08:45:36,000 [main] INFO  server.AbstractConnector (AbstractConnector.java:doStart(278)) - Started ServerConnector@3a401749{HTTP/1.1,[http/1.1]}{0.0.0.0:33675}
2019-08-29 08:45:36,002 [main] INFO  server.Server (Server.java:doStart(419)) - Started @57029ms
2019-08-29 08:45:36,003 [main] INFO  server.BaseHttpServer (BaseHttpServer.java:updateConnectorAddress(213)) - HTTP server of HDDSDATANODE is listening at http://0.0.0.0:33675
2019-08-29 08:45:36,003 [main] INFO  impl.MetricsSystemImpl (MetricsSystemImpl.java:init(158)) - HddsDatanode metrics system started (again)
2019-08-29 08:45:36,006 [org.apache.hadoop.util.JvmPauseMonitor$Monitor@6bf25709] INFO  util.JvmPauseMonitor (JvmPauseMonitor.java:run(188)) - Starting JVM pause monitor
2019-08-29 08:45:36,006 [main] INFO  ozone.HddsDatanodeService (HddsDatanodeService.java:start(184)) - HddsDatanodeService host:pr-hdds-2042-w774d-3815662616 ip:192.168.157.194
2019-08-29 08:45:36,007 [Datanode State Machine Thread - 0] INFO  datanode.InitDatanodeState (InitDatanodeState.java:persistContainerDatanodeDetails(140)) - DatanodeDetails is persisted to /workdir/hadoop-ozone/integration-test/target/test-dir/MiniOzoneClusterImpl-43bc7ae7-4e66-4855-88e6-16f3e36bad4f/datanode-4/meta/datanode.id
2019-08-29 08:45:36,013 [main] INFO  volume.HddsVolume (HddsVolume.java:<init>(176)) - Creating Volume: /workdir/hadoop-ozone/integration-test/target/test-dir/MiniOzoneClusterImpl-43bc7ae7-4e66-4855-88e6-16f3e36bad4f/datanode-5/data/containers/hdds of  storage type : DISK and capacity : 1482555576320
2019-08-29 08:45:36,013 [main] INFO  volume.VolumeSet (VolumeSet.java:initializeVolumeSet(170)) - Added Volume : /workdir/hadoop-ozone/integration-test/target/test-dir/MiniOzoneClusterImpl-43bc7ae7-4e66-4855-88e6-16f3e36bad4f/datanode-5/data/containers/hdds to VolumeSet
2019-08-29 08:45:36,014 [main] INFO  volume.ThrottledAsyncChecker (ThrottledAsyncChecker.java:schedule(140)) - Scheduling a check for org.apache.hadoop.ozone.container.common.volume.HddsVolume@214beff9
2019-08-29 08:45:36,014 [main] INFO  volume.HddsVolumeChecker (HddsVolumeChecker.java:checkAllVolumes(203)) - Scheduled health check for volume org.apache.hadoop.ozone.container.common.volume.HddsVolume@214beff9
2019-08-29 08:45:36,029 [main] INFO  impl.RaftServerProxy (ConfUtils.java:logGet(43)) - raft.rpc.type = GRPC (default)
2019-08-29 08:45:36,030 [main] INFO  grpc.GrpcFactory (GrpcFactory.java:checkPooledByteBufAllocatorUseCacheForAllThreads(45)) - PERFORMANCE WARNING: useCacheForAllThreads is true that may cause Netty to create a lot garbage objects and, as a result, trigger GC.
	It is recommended to disable useCacheForAllThreads by setting -Dorg.apache.ratis.thirdparty.io.netty.allocator.useCacheForAllThreads=false in command line.
2019-08-29 08:45:36,030 [main] INFO  grpc.GrpcConfigKeys$Server (ConfUtils.java:logGet(43)) - raft.grpc.server.port = 0 (default)
2019-08-29 08:45:36,030 [main] INFO  server.GrpcService (ConfUtils.java:logGet(43)) - raft.grpc.message.size.max = 33570816 (custom)
2019-08-29 08:45:36,030 [main] INFO  server.RaftServerConfigKeys (ConfUtils.java:logGet(43)) - raft.server.log.appender.buffer.byte-limit = 33554432 (custom)
2019-08-29 08:45:36,030 [main] INFO  server.GrpcService (ConfUtils.java:logGet(43)) - raft.grpc.flow.control.window = 1MB (=1048576) (default)
2019-08-29 08:45:36,031 [main] INFO  server.RaftServerConfigKeys (ConfUtils.java:logGet(43)) - raft.server.rpc.request.timeout = 3000ms (default)
2019-08-29 08:45:36,031 [main] INFO  server.RaftServerConfigKeys (ConfUtils.java:logGet(43)) - raft.server.storage.dir = [/workdir/hadoop-ozone/integration-test/target/test-dir/MiniOzoneClusterImpl-43bc7ae7-4e66-4855-88e6-16f3e36bad4f/datanode-5/data/ratis] (custom)
2019-08-29 08:45:36,033 [main] INFO  hdfs.DFSUtil (DFSUtil.java:httpServerTemplateForNNAndJN(1641)) - Starting Web-server for hddsDatanode at: http://0.0.0.0:0
2019-08-29 08:45:36,035 [main] INFO  server.AuthenticationFilter (AuthenticationFilter.java:constructSecretProvider(240)) - Unable to initialize FileSignerSecretProvider, falling back to use random secrets.
2019-08-29 08:45:36,035 [main] WARN  http.HttpRequestLog (HttpRequestLog.java:getRequestLog(97)) - Jetty request log can only be enabled using Log4j
2019-08-29 08:45:36,037 [main] INFO  http.HttpServer2 (HttpServer2.java:addGlobalFilter(975)) - Added global filter 'safety' (class=org.apache.hadoop.http.HttpServer2$QuotingInputFilter)
2019-08-29 08:45:36,037 [main] INFO  http.HttpServer2 (HttpServer2.java:addFilter(948)) - Added filter static_user_filter (class=org.apache.hadoop.http.lib.StaticUserWebFilter$StaticUserFilter) to context hddsDatanode
2019-08-29 08:45:36,037 [main] INFO  http.HttpServer2 (HttpServer2.java:addFilter(958)) - Added filter static_user_filter (class=org.apache.hadoop.http.lib.StaticUserWebFilter$StaticUserFilter) to context static
2019-08-29 08:45:36,037 [main] INFO  http.HttpServer2 (HttpServer2.java:addFilter(958)) - Added filter static_user_filter (class=org.apache.hadoop.http.lib.StaticUserWebFilter$StaticUserFilter) to context logs
2019-08-29 08:45:36,038 [main] INFO  http.HttpServer2 (HttpServer2.java:bindListener(1191)) - Jetty bound to port 40512
2019-08-29 08:45:36,038 [main] INFO  server.Server (Server.java:doStart(351)) - jetty-9.3.24.v20180605, build timestamp: 2018-06-05T17:11:56Z, git hash: 84205aa28f11a4f31f2a3b86d1bba2cc8ab69827
2019-08-29 08:45:36,040 [main] INFO  handler.ContextHandler (ContextHandler.java:doStart(781)) - Started o.e.j.s.ServletContextHandler@22d9ca63{/logs,file:///workdir/hadoop-ozone/integration-test/target/log,AVAILABLE}
2019-08-29 08:45:36,040 [main] INFO  handler.ContextHandler (ContextHandler.java:doStart(781)) - Started o.e.j.s.ServletContextHandler@14c141c0{/static,jar:file:/home/user/.m2/repository/org/apache/hadoop/hadoop-hdds-container-service/0.5.0-SNAPSHOT/hadoop-hdds-container-service-0.5.0-SNAPSHOT.jar!/webapps/static,AVAILABLE}
2019-08-29 08:45:36,068 [main] INFO  handler.ContextHandler (ContextHandler.java:doStart(781)) - Started o.e.j.w.WebAppContext@2ffe243f{/,file:///tmp/jetty-0.0.0.0-40512-hddsDatanode-_-any-9219181833951892435.dir/webapp/,AVAILABLE}{/hddsDatanode}
2019-08-29 08:45:36,068 [main] INFO  server.AbstractConnector (AbstractConnector.java:doStart(278)) - Started ServerConnector@58ae402b{HTTP/1.1,[http/1.1]}{0.0.0.0:40512}
2019-08-29 08:45:36,069 [main] INFO  server.Server (Server.java:doStart(419)) - Started @57096ms
2019-08-29 08:45:36,070 [main] INFO  server.BaseHttpServer (BaseHttpServer.java:updateConnectorAddress(213)) - HTTP server of HDDSDATANODE is listening at http://0.0.0.0:40512
2019-08-29 08:45:36,070 [main] INFO  impl.MetricsSystemImpl (MetricsSystemImpl.java:init(158)) - HddsDatanode metrics system started (again)
2019-08-29 08:45:36,073 [org.apache.hadoop.util.JvmPauseMonitor$Monitor@5c713167] INFO  util.JvmPauseMonitor (JvmPauseMonitor.java:run(188)) - Starting JVM pause monitor
2019-08-29 08:45:36,074 [main] INFO  ozone.HddsDatanodeService (HddsDatanodeService.java:start(184)) - HddsDatanodeService host:pr-hdds-2042-w774d-3815662616 ip:192.168.157.194
2019-08-29 08:45:36,078 [Datanode State Machine Thread - 0] INFO  datanode.InitDatanodeState (InitDatanodeState.java:persistContainerDatanodeDetails(140)) - DatanodeDetails is persisted to /workdir/hadoop-ozone/integration-test/target/test-dir/MiniOzoneClusterImpl-43bc7ae7-4e66-4855-88e6-16f3e36bad4f/datanode-5/meta/datanode.id
2019-08-29 08:45:36,080 [main] INFO  volume.HddsVolume (HddsVolume.java:<init>(176)) - Creating Volume: /workdir/hadoop-ozone/integration-test/target/test-dir/MiniOzoneClusterImpl-43bc7ae7-4e66-4855-88e6-16f3e36bad4f/datanode-6/data/containers/hdds of  storage type : DISK and capacity : 1482555576320
2019-08-29 08:45:36,080 [main] INFO  volume.VolumeSet (VolumeSet.java:initializeVolumeSet(170)) - Added Volume : /workdir/hadoop-ozone/integration-test/target/test-dir/MiniOzoneClusterImpl-43bc7ae7-4e66-4855-88e6-16f3e36bad4f/datanode-6/data/containers/hdds to VolumeSet
2019-08-29 08:45:36,080 [main] INFO  volume.ThrottledAsyncChecker (ThrottledAsyncChecker.java:schedule(140)) - Scheduling a check for org.apache.hadoop.ozone.container.common.volume.HddsVolume@7bc58891
2019-08-29 08:45:36,081 [main] INFO  volume.HddsVolumeChecker (HddsVolumeChecker.java:checkAllVolumes(203)) - Scheduled health check for volume org.apache.hadoop.ozone.container.common.volume.HddsVolume@7bc58891
2019-08-29 08:45:36,092 [main] INFO  impl.RaftServerProxy (ConfUtils.java:logGet(43)) - raft.rpc.type = GRPC (default)
2019-08-29 08:45:36,092 [main] INFO  grpc.GrpcFactory (GrpcFactory.java:checkPooledByteBufAllocatorUseCacheForAllThreads(45)) - PERFORMANCE WARNING: useCacheForAllThreads is true that may cause Netty to create a lot garbage objects and, as a result, trigger GC.
	It is recommended to disable useCacheForAllThreads by setting -Dorg.apache.ratis.thirdparty.io.netty.allocator.useCacheForAllThreads=false in command line.
2019-08-29 08:45:36,093 [main] INFO  grpc.GrpcConfigKeys$Server (ConfUtils.java:logGet(43)) - raft.grpc.server.port = 0 (default)
2019-08-29 08:45:36,093 [main] INFO  server.GrpcService (ConfUtils.java:logGet(43)) - raft.grpc.message.size.max = 33570816 (custom)
2019-08-29 08:45:36,093 [main] INFO  server.RaftServerConfigKeys (ConfUtils.java:logGet(43)) - raft.server.log.appender.buffer.byte-limit = 33554432 (custom)
2019-08-29 08:45:36,093 [main] INFO  server.GrpcService (ConfUtils.java:logGet(43)) - raft.grpc.flow.control.window = 1MB (=1048576) (default)
2019-08-29 08:45:36,093 [main] INFO  server.RaftServerConfigKeys (ConfUtils.java:logGet(43)) - raft.server.rpc.request.timeout = 3000ms (default)
2019-08-29 08:45:36,094 [main] INFO  server.RaftServerConfigKeys (ConfUtils.java:logGet(43)) - raft.server.storage.dir = [/workdir/hadoop-ozone/integration-test/target/test-dir/MiniOzoneClusterImpl-43bc7ae7-4e66-4855-88e6-16f3e36bad4f/datanode-6/data/ratis] (custom)
2019-08-29 08:45:36,095 [main] INFO  hdfs.DFSUtil (DFSUtil.java:httpServerTemplateForNNAndJN(1641)) - Starting Web-server for hddsDatanode at: http://0.0.0.0:0
2019-08-29 08:45:36,099 [main] INFO  server.AuthenticationFilter (AuthenticationFilter.java:constructSecretProvider(240)) - Unable to initialize FileSignerSecretProvider, falling back to use random secrets.
2019-08-29 08:45:36,100 [main] WARN  http.HttpRequestLog (HttpRequestLog.java:getRequestLog(97)) - Jetty request log can only be enabled using Log4j
2019-08-29 08:45:36,101 [main] INFO  http.HttpServer2 (HttpServer2.java:addGlobalFilter(975)) - Added global filter 'safety' (class=org.apache.hadoop.http.HttpServer2$QuotingInputFilter)
2019-08-29 08:45:36,101 [main] INFO  http.HttpServer2 (HttpServer2.java:addFilter(948)) - Added filter static_user_filter (class=org.apache.hadoop.http.lib.StaticUserWebFilter$StaticUserFilter) to context hddsDatanode
2019-08-29 08:45:36,101 [main] INFO  http.HttpServer2 (HttpServer2.java:addFilter(958)) - Added filter static_user_filter (class=org.apache.hadoop.http.lib.StaticUserWebFilter$StaticUserFilter) to context logs
2019-08-29 08:45:36,101 [main] INFO  http.HttpServer2 (HttpServer2.java:addFilter(958)) - Added filter static_user_filter (class=org.apache.hadoop.http.lib.StaticUserWebFilter$StaticUserFilter) to context static
2019-08-29 08:45:36,102 [main] INFO  http.HttpServer2 (HttpServer2.java:bindListener(1191)) - Jetty bound to port 35403
2019-08-29 08:45:36,102 [main] INFO  server.Server (Server.java:doStart(351)) - jetty-9.3.24.v20180605, build timestamp: 2018-06-05T17:11:56Z, git hash: 84205aa28f11a4f31f2a3b86d1bba2cc8ab69827
2019-08-29 08:45:36,104 [main] INFO  handler.ContextHandler (ContextHandler.java:doStart(781)) - Started o.e.j.s.ServletContextHandler@511f5b1d{/logs,file:///workdir/hadoop-ozone/integration-test/target/log,AVAILABLE}
2019-08-29 08:45:36,104 [main] INFO  handler.ContextHandler (ContextHandler.java:doStart(781)) - Started o.e.j.s.ServletContextHandler@7a687d8d{/static,jar:file:/home/user/.m2/repository/org/apache/hadoop/hadoop-hdds-container-service/0.5.0-SNAPSHOT/hadoop-hdds-container-service-0.5.0-SNAPSHOT.jar!/webapps/static,AVAILABLE}
2019-08-29 08:45:36,131 [main] INFO  handler.ContextHandler (ContextHandler.java:doStart(781)) - Started o.e.j.w.WebAppContext@6ea246af{/,file:///tmp/jetty-0.0.0.0-35403-hddsDatanode-_-any-5676828829374754999.dir/webapp/,AVAILABLE}{/hddsDatanode}
2019-08-29 08:45:36,132 [main] INFO  server.AbstractConnector (AbstractConnector.java:doStart(278)) - Started ServerConnector@2e4389ed{HTTP/1.1,[http/1.1]}{0.0.0.0:35403}
2019-08-29 08:45:36,135 [main] INFO  server.Server (Server.java:doStart(419)) - Started @57162ms
2019-08-29 08:45:36,136 [main] INFO  server.BaseHttpServer (BaseHttpServer.java:updateConnectorAddress(213)) - HTTP server of HDDSDATANODE is listening at http://0.0.0.0:35403
2019-08-29 08:45:36,137 [main] INFO  impl.MetricsSystemImpl (MetricsSystemImpl.java:init(158)) - HddsDatanode metrics system started (again)
2019-08-29 08:45:36,140 [org.apache.hadoop.util.JvmPauseMonitor$Monitor@270b49dc] INFO  util.JvmPauseMonitor (JvmPauseMonitor.java:run(188)) - Starting JVM pause monitor
2019-08-29 08:45:36,141 [main] INFO  ozone.HddsDatanodeService (HddsDatanodeService.java:start(184)) - HddsDatanodeService host:pr-hdds-2042-w774d-3815662616 ip:192.168.157.194
2019-08-29 08:45:36,142 [Datanode State Machine Thread - 0] INFO  datanode.InitDatanodeState (InitDatanodeState.java:persistContainerDatanodeDetails(140)) - DatanodeDetails is persisted to /workdir/hadoop-ozone/integration-test/target/test-dir/MiniOzoneClusterImpl-43bc7ae7-4e66-4855-88e6-16f3e36bad4f/datanode-6/meta/datanode.id
2019-08-29 08:45:36,147 [main] INFO  volume.HddsVolume (HddsVolume.java:<init>(176)) - Creating Volume: /workdir/hadoop-ozone/integration-test/target/test-dir/MiniOzoneClusterImpl-43bc7ae7-4e66-4855-88e6-16f3e36bad4f/datanode-7/data/containers/hdds of  storage type : DISK and capacity : 1482555576320
2019-08-29 08:45:36,147 [main] INFO  volume.VolumeSet (VolumeSet.java:initializeVolumeSet(170)) - Added Volume : /workdir/hadoop-ozone/integration-test/target/test-dir/MiniOzoneClusterImpl-43bc7ae7-4e66-4855-88e6-16f3e36bad4f/datanode-7/data/containers/hdds to VolumeSet
2019-08-29 08:45:36,147 [main] INFO  volume.ThrottledAsyncChecker (ThrottledAsyncChecker.java:schedule(140)) - Scheduling a check for org.apache.hadoop.ozone.container.common.volume.HddsVolume@716185fe
2019-08-29 08:45:36,148 [main] INFO  volume.HddsVolumeChecker (HddsVolumeChecker.java:checkAllVolumes(203)) - Scheduled health check for volume org.apache.hadoop.ozone.container.common.volume.HddsVolume@716185fe
2019-08-29 08:45:36,160 [main] INFO  impl.RaftServerProxy (ConfUtils.java:logGet(43)) - raft.rpc.type = GRPC (default)
2019-08-29 08:45:36,160 [main] INFO  grpc.GrpcFactory (GrpcFactory.java:checkPooledByteBufAllocatorUseCacheForAllThreads(45)) - PERFORMANCE WARNING: useCacheForAllThreads is true that may cause Netty to create a lot garbage objects and, as a result, trigger GC.
	It is recommended to disable useCacheForAllThreads by setting -Dorg.apache.ratis.thirdparty.io.netty.allocator.useCacheForAllThreads=false in command line.
2019-08-29 08:45:36,160 [main] INFO  grpc.GrpcConfigKeys$Server (ConfUtils.java:logGet(43)) - raft.grpc.server.port = 0 (default)
2019-08-29 08:45:36,161 [main] INFO  server.GrpcService (ConfUtils.java:logGet(43)) - raft.grpc.message.size.max = 33570816 (custom)
2019-08-29 08:45:36,161 [main] INFO  server.RaftServerConfigKeys (ConfUtils.java:logGet(43)) - raft.server.log.appender.buffer.byte-limit = 33554432 (custom)
2019-08-29 08:45:36,161 [main] INFO  server.GrpcService (ConfUtils.java:logGet(43)) - raft.grpc.flow.control.window = 1MB (=1048576) (default)
2019-08-29 08:45:36,161 [main] INFO  server.RaftServerConfigKeys (ConfUtils.java:logGet(43)) - raft.server.rpc.request.timeout = 3000ms (default)
2019-08-29 08:45:36,162 [main] INFO  server.RaftServerConfigKeys (ConfUtils.java:logGet(43)) - raft.server.storage.dir = [/workdir/hadoop-ozone/integration-test/target/test-dir/MiniOzoneClusterImpl-43bc7ae7-4e66-4855-88e6-16f3e36bad4f/datanode-7/data/ratis] (custom)
2019-08-29 08:45:36,163 [main] INFO  hdfs.DFSUtil (DFSUtil.java:httpServerTemplateForNNAndJN(1641)) - Starting Web-server for hddsDatanode at: http://0.0.0.0:0
2019-08-29 08:45:36,164 [main] INFO  server.AuthenticationFilter (AuthenticationFilter.java:constructSecretProvider(240)) - Unable to initialize FileSignerSecretProvider, falling back to use random secrets.
2019-08-29 08:45:36,165 [main] WARN  http.HttpRequestLog (HttpRequestLog.java:getRequestLog(97)) - Jetty request log can only be enabled using Log4j
2019-08-29 08:45:36,166 [main] INFO  http.HttpServer2 (HttpServer2.java:addGlobalFilter(975)) - Added global filter 'safety' (class=org.apache.hadoop.http.HttpServer2$QuotingInputFilter)
2019-08-29 08:45:36,167 [main] INFO  http.HttpServer2 (HttpServer2.java:addFilter(948)) - Added filter static_user_filter (class=org.apache.hadoop.http.lib.StaticUserWebFilter$StaticUserFilter) to context hddsDatanode
2019-08-29 08:45:36,167 [main] INFO  http.HttpServer2 (HttpServer2.java:addFilter(958)) - Added filter static_user_filter (class=org.apache.hadoop.http.lib.StaticUserWebFilter$StaticUserFilter) to context static
2019-08-29 08:45:36,167 [main] INFO  http.HttpServer2 (HttpServer2.java:addFilter(958)) - Added filter static_user_filter (class=org.apache.hadoop.http.lib.StaticUserWebFilter$StaticUserFilter) to context logs
2019-08-29 08:45:36,168 [main] INFO  http.HttpServer2 (HttpServer2.java:bindListener(1191)) - Jetty bound to port 36791
2019-08-29 08:45:36,168 [main] INFO  server.Server (Server.java:doStart(351)) - jetty-9.3.24.v20180605, build timestamp: 2018-06-05T17:11:56Z, git hash: 84205aa28f11a4f31f2a3b86d1bba2cc8ab69827
2019-08-29 08:45:36,169 [main] INFO  handler.ContextHandler (ContextHandler.java:doStart(781)) - Started o.e.j.s.ServletContextHandler@38291795{/logs,file:///workdir/hadoop-ozone/integration-test/target/log,AVAILABLE}
2019-08-29 08:45:36,170 [main] INFO  handler.ContextHandler (ContextHandler.java:doStart(781)) - Started o.e.j.s.ServletContextHandler@40ef0af8{/static,jar:file:/home/user/.m2/repository/org/apache/hadoop/hadoop-hdds-container-service/0.5.0-SNAPSHOT/hadoop-hdds-container-service-0.5.0-SNAPSHOT.jar!/webapps/static,AVAILABLE}
2019-08-29 08:45:36,202 [main] INFO  handler.ContextHandler (ContextHandler.java:doStart(781)) - Started o.e.j.w.WebAppContext@5d512ddb{/,file:///tmp/jetty-0.0.0.0-36791-hddsDatanode-_-any-1004172847591669104.dir/webapp/,AVAILABLE}{/hddsDatanode}
2019-08-29 08:45:36,203 [main] INFO  server.AbstractConnector (AbstractConnector.java:doStart(278)) - Started ServerConnector@707ca986{HTTP/1.1,[http/1.1]}{0.0.0.0:36791}
2019-08-29 08:45:36,205 [main] INFO  server.Server (Server.java:doStart(419)) - Started @57232ms
2019-08-29 08:45:36,206 [main] INFO  server.BaseHttpServer (BaseHttpServer.java:updateConnectorAddress(213)) - HTTP server of HDDSDATANODE is listening at http://0.0.0.0:36791
2019-08-29 08:45:36,206 [main] INFO  impl.MetricsSystemImpl (MetricsSystemImpl.java:init(158)) - HddsDatanode metrics system started (again)
2019-08-29 08:45:36,211 [org.apache.hadoop.util.JvmPauseMonitor$Monitor@23118c4a] INFO  util.JvmPauseMonitor (JvmPauseMonitor.java:run(188)) - Starting JVM pause monitor
2019-08-29 08:45:36,212 [main] INFO  ozone.HddsDatanodeService (HddsDatanodeService.java:start(184)) - HddsDatanodeService host:pr-hdds-2042-w774d-3815662616 ip:192.168.157.194
2019-08-29 08:45:36,212 [Datanode State Machine Thread - 0] INFO  datanode.InitDatanodeState (InitDatanodeState.java:persistContainerDatanodeDetails(140)) - DatanodeDetails is persisted to /workdir/hadoop-ozone/integration-test/target/test-dir/MiniOzoneClusterImpl-43bc7ae7-4e66-4855-88e6-16f3e36bad4f/datanode-7/meta/datanode.id
2019-08-29 08:45:36,222 [main] INFO  volume.HddsVolume (HddsVolume.java:<init>(176)) - Creating Volume: /workdir/hadoop-ozone/integration-test/target/test-dir/MiniOzoneClusterImpl-43bc7ae7-4e66-4855-88e6-16f3e36bad4f/datanode-8/data/containers/hdds of  storage type : DISK and capacity : 1482555576320
2019-08-29 08:45:36,223 [main] INFO  volume.VolumeSet (VolumeSet.java:initializeVolumeSet(170)) - Added Volume : /workdir/hadoop-ozone/integration-test/target/test-dir/MiniOzoneClusterImpl-43bc7ae7-4e66-4855-88e6-16f3e36bad4f/datanode-8/data/containers/hdds to VolumeSet
2019-08-29 08:45:36,223 [main] INFO  volume.ThrottledAsyncChecker (ThrottledAsyncChecker.java:schedule(140)) - Scheduling a check for org.apache.hadoop.ozone.container.common.volume.HddsVolume@32f32623
2019-08-29 08:45:36,223 [main] INFO  volume.HddsVolumeChecker (HddsVolumeChecker.java:checkAllVolumes(203)) - Scheduled health check for volume org.apache.hadoop.ozone.container.common.volume.HddsVolume@32f32623
2019-08-29 08:45:36,241 [main] INFO  impl.RaftServerProxy (ConfUtils.java:logGet(43)) - raft.rpc.type = GRPC (default)
2019-08-29 08:45:36,241 [main] INFO  grpc.GrpcFactory (GrpcFactory.java:checkPooledByteBufAllocatorUseCacheForAllThreads(45)) - PERFORMANCE WARNING: useCacheForAllThreads is true that may cause Netty to create a lot garbage objects and, as a result, trigger GC.
	It is recommended to disable useCacheForAllThreads by setting -Dorg.apache.ratis.thirdparty.io.netty.allocator.useCacheForAllThreads=false in command line.
2019-08-29 08:45:36,242 [main] INFO  grpc.GrpcConfigKeys$Server (ConfUtils.java:logGet(43)) - raft.grpc.server.port = 0 (default)
2019-08-29 08:45:36,242 [main] INFO  server.GrpcService (ConfUtils.java:logGet(43)) - raft.grpc.message.size.max = 33570816 (custom)
2019-08-29 08:45:36,242 [main] INFO  server.RaftServerConfigKeys (ConfUtils.java:logGet(43)) - raft.server.log.appender.buffer.byte-limit = 33554432 (custom)
2019-08-29 08:45:36,243 [main] INFO  server.GrpcService (ConfUtils.java:logGet(43)) - raft.grpc.flow.control.window = 1MB (=1048576) (default)
2019-08-29 08:45:36,243 [main] INFO  server.RaftServerConfigKeys (ConfUtils.java:logGet(43)) - raft.server.rpc.request.timeout = 3000ms (default)
2019-08-29 08:45:36,244 [main] INFO  server.RaftServerConfigKeys (ConfUtils.java:logGet(43)) - raft.server.storage.dir = [/workdir/hadoop-ozone/integration-test/target/test-dir/MiniOzoneClusterImpl-43bc7ae7-4e66-4855-88e6-16f3e36bad4f/datanode-8/data/ratis] (custom)
2019-08-29 08:45:36,245 [main] INFO  hdfs.DFSUtil (DFSUtil.java:httpServerTemplateForNNAndJN(1641)) - Starting Web-server for hddsDatanode at: http://0.0.0.0:0
2019-08-29 08:45:36,247 [main] INFO  server.AuthenticationFilter (AuthenticationFilter.java:constructSecretProvider(240)) - Unable to initialize FileSignerSecretProvider, falling back to use random secrets.
2019-08-29 08:45:36,247 [main] WARN  http.HttpRequestLog (HttpRequestLog.java:getRequestLog(97)) - Jetty request log can only be enabled using Log4j
2019-08-29 08:45:36,249 [main] INFO  http.HttpServer2 (HttpServer2.java:addGlobalFilter(975)) - Added global filter 'safety' (class=org.apache.hadoop.http.HttpServer2$QuotingInputFilter)
2019-08-29 08:45:36,250 [main] INFO  http.HttpServer2 (HttpServer2.java:addFilter(948)) - Added filter static_user_filter (class=org.apache.hadoop.http.lib.StaticUserWebFilter$StaticUserFilter) to context hddsDatanode
2019-08-29 08:45:36,250 [main] INFO  http.HttpServer2 (HttpServer2.java:addFilter(958)) - Added filter static_user_filter (class=org.apache.hadoop.http.lib.StaticUserWebFilter$StaticUserFilter) to context logs
2019-08-29 08:45:36,250 [main] INFO  http.HttpServer2 (HttpServer2.java:addFilter(958)) - Added filter static_user_filter (class=org.apache.hadoop.http.lib.StaticUserWebFilter$StaticUserFilter) to context static
2019-08-29 08:45:36,251 [main] INFO  http.HttpServer2 (HttpServer2.java:bindListener(1191)) - Jetty bound to port 35710
2019-08-29 08:45:36,251 [main] INFO  server.Server (Server.java:doStart(351)) - jetty-9.3.24.v20180605, build timestamp: 2018-06-05T17:11:56Z, git hash: 84205aa28f11a4f31f2a3b86d1bba2cc8ab69827
2019-08-29 08:45:36,253 [main] INFO  handler.ContextHandler (ContextHandler.java:doStart(781)) - Started o.e.j.s.ServletContextHandler@45e6d1e0{/logs,file:///workdir/hadoop-ozone/integration-test/target/log,AVAILABLE}
2019-08-29 08:45:36,253 [main] INFO  handler.ContextHandler (ContextHandler.java:doStart(781)) - Started o.e.j.s.ServletContextHandler@4da1f38a{/static,jar:file:/home/user/.m2/repository/org/apache/hadoop/hadoop-hdds-container-service/0.5.0-SNAPSHOT/hadoop-hdds-container-service-0.5.0-SNAPSHOT.jar!/webapps/static,AVAILABLE}
2019-08-29 08:45:36,285 [main] INFO  handler.ContextHandler (ContextHandler.java:doStart(781)) - Started o.e.j.w.WebAppContext@73041b7d{/,file:///tmp/jetty-0.0.0.0-35710-hddsDatanode-_-any-1072949256647884905.dir/webapp/,AVAILABLE}{/hddsDatanode}
2019-08-29 08:45:36,285 [main] INFO  server.AbstractConnector (AbstractConnector.java:doStart(278)) - Started ServerConnector@1235151c{HTTP/1.1,[http/1.1]}{0.0.0.0:35710}
2019-08-29 08:45:36,287 [main] INFO  server.Server (Server.java:doStart(419)) - Started @57314ms
2019-08-29 08:45:36,288 [main] INFO  server.BaseHttpServer (BaseHttpServer.java:updateConnectorAddress(213)) - HTTP server of HDDSDATANODE is listening at http://0.0.0.0:35710
2019-08-29 08:45:36,289 [main] INFO  impl.MetricsSystemImpl (MetricsSystemImpl.java:init(158)) - HddsDatanode metrics system started (again)
2019-08-29 08:45:36,290 [org.apache.hadoop.util.JvmPauseMonitor$Monitor@2f81e37e] INFO  util.JvmPauseMonitor (JvmPauseMonitor.java:run(188)) - Starting JVM pause monitor
2019-08-29 08:45:36,293 [main] INFO  ozone.HddsDatanodeService (HddsDatanodeService.java:start(184)) - HddsDatanodeService host:pr-hdds-2042-w774d-3815662616 ip:192.168.157.194
2019-08-29 08:45:36,293 [Datanode State Machine Thread - 0] INFO  datanode.InitDatanodeState (InitDatanodeState.java:persistContainerDatanodeDetails(140)) - DatanodeDetails is persisted to /workdir/hadoop-ozone/integration-test/target/test-dir/MiniOzoneClusterImpl-43bc7ae7-4e66-4855-88e6-16f3e36bad4f/datanode-8/meta/datanode.id
2019-08-29 08:45:36,299 [main] INFO  volume.HddsVolume (HddsVolume.java:<init>(176)) - Creating Volume: /workdir/hadoop-ozone/integration-test/target/test-dir/MiniOzoneClusterImpl-43bc7ae7-4e66-4855-88e6-16f3e36bad4f/datanode-9/data/containers/hdds of  storage type : DISK and capacity : 1482555576320
2019-08-29 08:45:36,300 [main] INFO  volume.VolumeSet (VolumeSet.java:initializeVolumeSet(170)) - Added Volume : /workdir/hadoop-ozone/integration-test/target/test-dir/MiniOzoneClusterImpl-43bc7ae7-4e66-4855-88e6-16f3e36bad4f/datanode-9/data/containers/hdds to VolumeSet
2019-08-29 08:45:36,300 [main] INFO  volume.ThrottledAsyncChecker (ThrottledAsyncChecker.java:schedule(140)) - Scheduling a check for org.apache.hadoop.ozone.container.common.volume.HddsVolume@3a479fda
2019-08-29 08:45:36,300 [main] INFO  volume.HddsVolumeChecker (HddsVolumeChecker.java:checkAllVolumes(203)) - Scheduled health check for volume org.apache.hadoop.ozone.container.common.volume.HddsVolume@3a479fda
2019-08-29 08:45:36,343 [main] INFO  impl.RaftServerProxy (ConfUtils.java:logGet(43)) - raft.rpc.type = GRPC (default)
2019-08-29 08:45:36,343 [main] INFO  grpc.GrpcFactory (GrpcFactory.java:checkPooledByteBufAllocatorUseCacheForAllThreads(45)) - PERFORMANCE WARNING: useCacheForAllThreads is true that may cause Netty to create a lot garbage objects and, as a result, trigger GC.
	It is recommended to disable useCacheForAllThreads by setting -Dorg.apache.ratis.thirdparty.io.netty.allocator.useCacheForAllThreads=false in command line.
2019-08-29 08:45:36,343 [main] INFO  grpc.GrpcConfigKeys$Server (ConfUtils.java:logGet(43)) - raft.grpc.server.port = 0 (default)
2019-08-29 08:45:36,343 [main] INFO  server.GrpcService (ConfUtils.java:logGet(43)) - raft.grpc.message.size.max = 33570816 (custom)
2019-08-29 08:45:36,344 [main] INFO  server.RaftServerConfigKeys (ConfUtils.java:logGet(43)) - raft.server.log.appender.buffer.byte-limit = 33554432 (custom)
2019-08-29 08:45:36,344 [main] INFO  server.GrpcService (ConfUtils.java:logGet(43)) - raft.grpc.flow.control.window = 1MB (=1048576) (default)
2019-08-29 08:45:36,344 [main] INFO  server.RaftServerConfigKeys (ConfUtils.java:logGet(43)) - raft.server.rpc.request.timeout = 3000ms (default)
2019-08-29 08:45:36,345 [main] INFO  server.RaftServerConfigKeys (ConfUtils.java:logGet(43)) - raft.server.storage.dir = [/workdir/hadoop-ozone/integration-test/target/test-dir/MiniOzoneClusterImpl-43bc7ae7-4e66-4855-88e6-16f3e36bad4f/datanode-9/data/ratis] (custom)
2019-08-29 08:45:36,346 [main] INFO  hdfs.DFSUtil (DFSUtil.java:httpServerTemplateForNNAndJN(1641)) - Starting Web-server for hddsDatanode at: http://0.0.0.0:0
2019-08-29 08:45:36,347 [main] INFO  server.AuthenticationFilter (AuthenticationFilter.java:constructSecretProvider(240)) - Unable to initialize FileSignerSecretProvider, falling back to use random secrets.
2019-08-29 08:45:36,348 [main] WARN  http.HttpRequestLog (HttpRequestLog.java:getRequestLog(97)) - Jetty request log can only be enabled using Log4j
2019-08-29 08:45:36,349 [main] INFO  http.HttpServer2 (HttpServer2.java:addGlobalFilter(975)) - Added global filter 'safety' (class=org.apache.hadoop.http.HttpServer2$QuotingInputFilter)
2019-08-29 08:45:36,349 [main] INFO  http.HttpServer2 (HttpServer2.java:addFilter(948)) - Added filter static_user_filter (class=org.apache.hadoop.http.lib.StaticUserWebFilter$StaticUserFilter) to context hddsDatanode
2019-08-29 08:45:36,349 [main] INFO  http.HttpServer2 (HttpServer2.java:addFilter(958)) - Added filter static_user_filter (class=org.apache.hadoop.http.lib.StaticUserWebFilter$StaticUserFilter) to context static
2019-08-29 08:45:36,350 [main] INFO  http.HttpServer2 (HttpServer2.java:addFilter(958)) - Added filter static_user_filter (class=org.apache.hadoop.http.lib.StaticUserWebFilter$StaticUserFilter) to context logs
2019-08-29 08:45:36,350 [main] INFO  http.HttpServer2 (HttpServer2.java:bindListener(1191)) - Jetty bound to port 39866
2019-08-29 08:45:36,350 [main] INFO  server.Server (Server.java:doStart(351)) - jetty-9.3.24.v20180605, build timestamp: 2018-06-05T17:11:56Z, git hash: 84205aa28f11a4f31f2a3b86d1bba2cc8ab69827
2019-08-29 08:45:36,352 [main] INFO  handler.ContextHandler (ContextHandler.java:doStart(781)) - Started o.e.j.s.ServletContextHandler@76d7881e{/logs,file:///workdir/hadoop-ozone/integration-test/target/log,AVAILABLE}
2019-08-29 08:45:36,352 [main] INFO  handler.ContextHandler (ContextHandler.java:doStart(781)) - Started o.e.j.s.ServletContextHandler@7945b206{/static,jar:file:/home/user/.m2/repository/org/apache/hadoop/hadoop-hdds-container-service/0.5.0-SNAPSHOT/hadoop-hdds-container-service-0.5.0-SNAPSHOT.jar!/webapps/static,AVAILABLE}
2019-08-29 08:45:36,398 [main] INFO  handler.ContextHandler (ContextHandler.java:doStart(781)) - Started o.e.j.w.WebAppContext@709f0202{/,file:///tmp/jetty-0.0.0.0-39866-hddsDatanode-_-any-6230181790470550453.dir/webapp/,AVAILABLE}{/hddsDatanode}
2019-08-29 08:45:36,401 [main] INFO  server.AbstractConnector (AbstractConnector.java:doStart(278)) - Started ServerConnector@654e6a90{HTTP/1.1,[http/1.1]}{0.0.0.0:39866}
2019-08-29 08:45:36,401 [main] INFO  server.Server (Server.java:doStart(419)) - Started @57428ms
2019-08-29 08:45:36,402 [main] INFO  server.BaseHttpServer (BaseHttpServer.java:updateConnectorAddress(213)) - HTTP server of HDDSDATANODE is listening at http://0.0.0.0:39866
2019-08-29 08:45:36,402 [main] INFO  ozone.MiniOzoneClusterImpl (MiniOzoneClusterImpl.java:lambda$waitForClusterToBeReady$0(140)) - Waiting for cluster to be ready. Got 0 of 10 DN Heartbeats.
2019-08-29 08:45:36,403 [org.apache.hadoop.util.JvmPauseMonitor$Monitor@25fde424] INFO  util.JvmPauseMonitor (JvmPauseMonitor.java:run(188)) - Starting JVM pause monitor
2019-08-29 08:45:36,405 [Datanode State Machine Thread - 0] INFO  datanode.InitDatanodeState (InitDatanodeState.java:persistContainerDatanodeDetails(140)) - DatanodeDetails is persisted to /workdir/hadoop-ozone/integration-test/target/test-dir/MiniOzoneClusterImpl-43bc7ae7-4e66-4855-88e6-16f3e36bad4f/datanode-9/meta/datanode.id
2019-08-29 08:45:37,403 [main] INFO  ozone.MiniOzoneClusterImpl (MiniOzoneClusterImpl.java:lambda$waitForClusterToBeReady$0(140)) - Waiting for cluster to be ready. Got 0 of 10 DN Heartbeats.
2019-08-29 08:45:37,727 | INFO  | SCMAudit | user=jenkins1000 | ip=192.168.157.194 | op=GET_VERSION null | ret=SUCCESS |  
2019-08-29 08:45:37,744 [Datanode State Machine Thread - 0] INFO  ozoneimpl.OzoneContainer (OzoneContainer.java:start(201)) - Attempting to start container services.
2019-08-29 08:45:37,744 [Datanode State Machine Thread - 0] INFO  ozoneimpl.OzoneContainer (OzoneContainer.java:startContainerScrub(175)) - Background container scrubber has been disabled by hdds.containerscrub.enabled
2019-08-29 08:45:37,744 [Datanode State Machine Thread - 0] INFO  ratis.XceiverServerRatis (XceiverServerRatis.java:start(393)) - Starting XceiverServerRatis af10c44b-16fa-4c36-b19d-5f1088e11be1 at port 0
2019-08-29 08:45:37,750 [Datanode State Machine Thread - 0] INFO  impl.RaftServerProxy (RaftServerProxy.java:lambda$start$3(299)) - af10c44b-16fa-4c36-b19d-5f1088e11be1: start RPC server
2019-08-29 08:45:37,752 [Datanode State Machine Thread - 0] INFO  server.GrpcService (GrpcService.java:startImpl(149)) - af10c44b-16fa-4c36-b19d-5f1088e11be1: GrpcService started, listening on 0.0.0.0/0.0.0.0:32884
2019-08-29 08:45:37,752 [Datanode State Machine Thread - 0] INFO  ratis.XceiverServerRatis (XceiverServerRatis.java:start(403)) - XceiverServerRatis af10c44b-16fa-4c36-b19d-5f1088e11be1 is started using port 32884
2019-08-29 08:45:37,752 [Datanode State Machine Thread - 0] INFO  server.XceiverServerGrpc (XceiverServerGrpc.java:start(163)) - XceiverServerGrpc af10c44b-16fa-4c36-b19d-5f1088e11be1 is started using port 46029
2019-08-29 08:45:37,794 | INFO  | SCMAudit | user=jenkins1000 | ip=192.168.157.194 | op=GET_VERSION null | ret=SUCCESS |  
2019-08-29 08:45:37,810 [Datanode State Machine Thread - 0] INFO  ozoneimpl.OzoneContainer (OzoneContainer.java:start(201)) - Attempting to start container services.
2019-08-29 08:45:37,810 [Datanode State Machine Thread - 0] INFO  ozoneimpl.OzoneContainer (OzoneContainer.java:startContainerScrub(175)) - Background container scrubber has been disabled by hdds.containerscrub.enabled
2019-08-29 08:45:37,810 [Datanode State Machine Thread - 0] INFO  ratis.XceiverServerRatis (XceiverServerRatis.java:start(393)) - Starting XceiverServerRatis d42e1e69-47db-482b-ad03-89cca26a9b49 at port 0
2019-08-29 08:45:37,815 [Datanode State Machine Thread - 0] INFO  impl.RaftServerProxy (RaftServerProxy.java:lambda$start$3(299)) - d42e1e69-47db-482b-ad03-89cca26a9b49: start RPC server
2019-08-29 08:45:37,816 [Datanode State Machine Thread - 0] INFO  server.GrpcService (GrpcService.java:startImpl(149)) - d42e1e69-47db-482b-ad03-89cca26a9b49: GrpcService started, listening on 0.0.0.0/0.0.0.0:44267
2019-08-29 08:45:37,816 [Datanode State Machine Thread - 0] INFO  ratis.XceiverServerRatis (XceiverServerRatis.java:start(403)) - XceiverServerRatis d42e1e69-47db-482b-ad03-89cca26a9b49 is started using port 44267
2019-08-29 08:45:37,817 [Datanode State Machine Thread - 0] INFO  server.XceiverServerGrpc (XceiverServerGrpc.java:start(163)) - XceiverServerGrpc d42e1e69-47db-482b-ad03-89cca26a9b49 is started using port 37911
2019-08-29 08:45:37,868 | INFO  | SCMAudit | user=jenkins1000 | ip=192.168.157.194 | op=GET_VERSION null | ret=SUCCESS |  
2019-08-29 08:45:37,877 [Datanode State Machine Thread - 0] INFO  ozoneimpl.OzoneContainer (OzoneContainer.java:start(201)) - Attempting to start container services.
2019-08-29 08:45:37,878 [Datanode State Machine Thread - 0] INFO  ozoneimpl.OzoneContainer (OzoneContainer.java:startContainerScrub(175)) - Background container scrubber has been disabled by hdds.containerscrub.enabled
2019-08-29 08:45:37,878 [Datanode State Machine Thread - 0] INFO  ratis.XceiverServerRatis (XceiverServerRatis.java:start(393)) - Starting XceiverServerRatis 4d8418c6-9aaf-413c-a95a-22b3e00264fc at port 0
2019-08-29 08:45:37,882 [Datanode State Machine Thread - 0] INFO  impl.RaftServerProxy (RaftServerProxy.java:lambda$start$3(299)) - 4d8418c6-9aaf-413c-a95a-22b3e00264fc: start RPC server
2019-08-29 08:45:37,883 [Datanode State Machine Thread - 0] INFO  server.GrpcService (GrpcService.java:startImpl(149)) - 4d8418c6-9aaf-413c-a95a-22b3e00264fc: GrpcService started, listening on 0.0.0.0/0.0.0.0:33119
2019-08-29 08:45:37,883 [Datanode State Machine Thread - 0] INFO  ratis.XceiverServerRatis (XceiverServerRatis.java:start(403)) - XceiverServerRatis 4d8418c6-9aaf-413c-a95a-22b3e00264fc is started using port 33119
2019-08-29 08:45:37,884 [Datanode State Machine Thread - 0] INFO  server.XceiverServerGrpc (XceiverServerGrpc.java:start(163)) - XceiverServerGrpc 4d8418c6-9aaf-413c-a95a-22b3e00264fc is started using port 35032
2019-08-29 08:45:37,940 | INFO  | SCMAudit | user=jenkins1000 | ip=192.168.157.194 | op=GET_VERSION null | ret=SUCCESS |  
2019-08-29 08:45:37,950 [Datanode State Machine Thread - 0] INFO  ozoneimpl.OzoneContainer (OzoneContainer.java:start(201)) - Attempting to start container services.
2019-08-29 08:45:37,950 [Datanode State Machine Thread - 0] INFO  ozoneimpl.OzoneContainer (OzoneContainer.java:startContainerScrub(175)) - Background container scrubber has been disabled by hdds.containerscrub.enabled
2019-08-29 08:45:37,950 [Datanode State Machine Thread - 0] INFO  ratis.XceiverServerRatis (XceiverServerRatis.java:start(393)) - Starting XceiverServerRatis beb647cc-dc8a-44df-94ce-0366e8d6be6e at port 0
2019-08-29 08:45:37,955 [Datanode State Machine Thread - 0] INFO  impl.RaftServerProxy (RaftServerProxy.java:lambda$start$3(299)) - beb647cc-dc8a-44df-94ce-0366e8d6be6e: start RPC server
2019-08-29 08:45:37,955 [Datanode State Machine Thread - 0] INFO  server.GrpcService (GrpcService.java:startImpl(149)) - beb647cc-dc8a-44df-94ce-0366e8d6be6e: GrpcService started, listening on 0.0.0.0/0.0.0.0:36608
2019-08-29 08:45:37,956 [Datanode State Machine Thread - 0] INFO  ratis.XceiverServerRatis (XceiverServerRatis.java:start(403)) - XceiverServerRatis beb647cc-dc8a-44df-94ce-0366e8d6be6e is started using port 36608
2019-08-29 08:45:37,956 [Datanode State Machine Thread - 0] INFO  server.XceiverServerGrpc (XceiverServerGrpc.java:start(163)) - XceiverServerGrpc beb647cc-dc8a-44df-94ce-0366e8d6be6e is started using port 44960
2019-08-29 08:45:38,007 | INFO  | SCMAudit | user=jenkins1000 | ip=192.168.157.194 | op=GET_VERSION null | ret=SUCCESS |  
2019-08-29 08:45:38,020 [Datanode State Machine Thread - 0] INFO  ozoneimpl.OzoneContainer (OzoneContainer.java:start(201)) - Attempting to start container services.
2019-08-29 08:45:38,020 [Datanode State Machine Thread - 0] INFO  ozoneimpl.OzoneContainer (OzoneContainer.java:startContainerScrub(175)) - Background container scrubber has been disabled by hdds.containerscrub.enabled
2019-08-29 08:45:38,020 [Datanode State Machine Thread - 0] INFO  ratis.XceiverServerRatis (XceiverServerRatis.java:start(393)) - Starting XceiverServerRatis 94988375-8e84-4aa9-97e8-8e5d754fbb51 at port 0
2019-08-29 08:45:38,025 [Datanode State Machine Thread - 0] INFO  impl.RaftServerProxy (RaftServerProxy.java:lambda$start$3(299)) - 94988375-8e84-4aa9-97e8-8e5d754fbb51: start RPC server
2019-08-29 08:45:38,026 [Datanode State Machine Thread - 0] INFO  server.GrpcService (GrpcService.java:startImpl(149)) - 94988375-8e84-4aa9-97e8-8e5d754fbb51: GrpcService started, listening on 0.0.0.0/0.0.0.0:40870
2019-08-29 08:45:38,026 [Datanode State Machine Thread - 0] INFO  ratis.XceiverServerRatis (XceiverServerRatis.java:start(403)) - XceiverServerRatis 94988375-8e84-4aa9-97e8-8e5d754fbb51 is started using port 40870
2019-08-29 08:45:38,029 [Datanode State Machine Thread - 0] INFO  server.XceiverServerGrpc (XceiverServerGrpc.java:start(163)) - XceiverServerGrpc 94988375-8e84-4aa9-97e8-8e5d754fbb51 is started using port 33988
2019-08-29 08:45:38,075 | INFO  | SCMAudit | user=jenkins1000 | ip=192.168.157.194 | op=GET_VERSION null | ret=SUCCESS |  
2019-08-29 08:45:38,090 [Datanode State Machine Thread - 0] INFO  ozoneimpl.OzoneContainer (OzoneContainer.java:start(201)) - Attempting to start container services.
2019-08-29 08:45:38,090 [Datanode State Machine Thread - 0] INFO  ozoneimpl.OzoneContainer (OzoneContainer.java:startContainerScrub(175)) - Background container scrubber has been disabled by hdds.containerscrub.enabled
2019-08-29 08:45:38,090 [Datanode State Machine Thread - 0] INFO  ratis.XceiverServerRatis (XceiverServerRatis.java:start(393)) - Starting XceiverServerRatis 75ccd8a6-06da-4259-a20c-b7736bd9bda0 at port 0
2019-08-29 08:45:38,095 [Datanode State Machine Thread - 0] INFO  impl.RaftServerProxy (RaftServerProxy.java:lambda$start$3(299)) - 75ccd8a6-06da-4259-a20c-b7736bd9bda0: start RPC server
2019-08-29 08:45:38,098 [Datanode State Machine Thread - 0] INFO  server.GrpcService (GrpcService.java:startImpl(149)) - 75ccd8a6-06da-4259-a20c-b7736bd9bda0: GrpcService started, listening on 0.0.0.0/0.0.0.0:33470
2019-08-29 08:45:38,098 [Datanode State Machine Thread - 0] INFO  ratis.XceiverServerRatis (XceiverServerRatis.java:start(403)) - XceiverServerRatis 75ccd8a6-06da-4259-a20c-b7736bd9bda0 is started using port 33470
2019-08-29 08:45:38,098 [Datanode State Machine Thread - 0] INFO  server.XceiverServerGrpc (XceiverServerGrpc.java:start(163)) - XceiverServerGrpc 75ccd8a6-06da-4259-a20c-b7736bd9bda0 is started using port 45565
2019-08-29 08:45:38,141 | INFO  | SCMAudit | user=jenkins1000 | ip=192.168.157.194 | op=GET_VERSION null | ret=SUCCESS |  
2019-08-29 08:45:38,155 [Datanode State Machine Thread - 0] INFO  ozoneimpl.OzoneContainer (OzoneContainer.java:start(201)) - Attempting to start container services.
2019-08-29 08:45:38,156 [Datanode State Machine Thread - 0] INFO  ozoneimpl.OzoneContainer (OzoneContainer.java:startContainerScrub(175)) - Background container scrubber has been disabled by hdds.containerscrub.enabled
2019-08-29 08:45:38,156 [Datanode State Machine Thread - 0] INFO  ratis.XceiverServerRatis (XceiverServerRatis.java:start(393)) - Starting XceiverServerRatis 691d973f-4ee5-4b71-9c79-714a3e15e6a2 at port 0
2019-08-29 08:45:38,161 [Datanode State Machine Thread - 0] INFO  impl.RaftServerProxy (RaftServerProxy.java:lambda$start$3(299)) - 691d973f-4ee5-4b71-9c79-714a3e15e6a2: start RPC server
2019-08-29 08:45:38,162 [Datanode State Machine Thread - 0] INFO  server.GrpcService (GrpcService.java:startImpl(149)) - 691d973f-4ee5-4b71-9c79-714a3e15e6a2: GrpcService started, listening on 0.0.0.0/0.0.0.0:43776
2019-08-29 08:45:38,162 [Datanode State Machine Thread - 0] INFO  ratis.XceiverServerRatis (XceiverServerRatis.java:start(403)) - XceiverServerRatis 691d973f-4ee5-4b71-9c79-714a3e15e6a2 is started using port 43776
2019-08-29 08:45:38,162 [Datanode State Machine Thread - 0] INFO  server.XceiverServerGrpc (XceiverServerGrpc.java:start(163)) - XceiverServerGrpc 691d973f-4ee5-4b71-9c79-714a3e15e6a2 is started using port 39805
2019-08-29 08:45:38,211 | INFO  | SCMAudit | user=jenkins1000 | ip=192.168.157.194 | op=GET_VERSION null | ret=SUCCESS |  
2019-08-29 08:45:38,226 [Datanode State Machine Thread - 0] INFO  ozoneimpl.OzoneContainer (OzoneContainer.java:start(201)) - Attempting to start container services.
2019-08-29 08:45:38,226 [Datanode State Machine Thread - 0] INFO  ozoneimpl.OzoneContainer (OzoneContainer.java:startContainerScrub(175)) - Background container scrubber has been disabled by hdds.containerscrub.enabled
2019-08-29 08:45:38,226 [Datanode State Machine Thread - 0] INFO  ratis.XceiverServerRatis (XceiverServerRatis.java:start(393)) - Starting XceiverServerRatis ead32545-d171-4909-a11e-9b7dde0365ee at port 0
2019-08-29 08:45:38,231 [Datanode State Machine Thread - 0] INFO  impl.RaftServerProxy (RaftServerProxy.java:lambda$start$3(299)) - ead32545-d171-4909-a11e-9b7dde0365ee: start RPC server
2019-08-29 08:45:38,235 [Datanode State Machine Thread - 0] INFO  server.GrpcService (GrpcService.java:startImpl(149)) - ead32545-d171-4909-a11e-9b7dde0365ee: GrpcService started, listening on 0.0.0.0/0.0.0.0:46882
2019-08-29 08:45:38,235 [Datanode State Machine Thread - 0] INFO  ratis.XceiverServerRatis (XceiverServerRatis.java:start(403)) - XceiverServerRatis ead32545-d171-4909-a11e-9b7dde0365ee is started using port 46882
2019-08-29 08:45:38,246 [Datanode State Machine Thread - 0] INFO  server.XceiverServerGrpc (XceiverServerGrpc.java:start(163)) - XceiverServerGrpc ead32545-d171-4909-a11e-9b7dde0365ee is started using port 40420
2019-08-29 08:45:38,290 | INFO  | SCMAudit | user=jenkins1000 | ip=192.168.157.194 | op=GET_VERSION null | ret=SUCCESS |  
2019-08-29 08:45:38,305 [Datanode State Machine Thread - 0] INFO  ozoneimpl.OzoneContainer (OzoneContainer.java:start(201)) - Attempting to start container services.
2019-08-29 08:45:38,305 [Datanode State Machine Thread - 0] INFO  ozoneimpl.OzoneContainer (OzoneContainer.java:startContainerScrub(175)) - Background container scrubber has been disabled by hdds.containerscrub.enabled
2019-08-29 08:45:38,305 [Datanode State Machine Thread - 0] INFO  ratis.XceiverServerRatis (XceiverServerRatis.java:start(393)) - Starting XceiverServerRatis b6aa82e4-5823-49f6-a34d-d75ec3f4bf0a at port 0
2019-08-29 08:45:38,311 [Datanode State Machine Thread - 0] INFO  impl.RaftServerProxy (RaftServerProxy.java:lambda$start$3(299)) - b6aa82e4-5823-49f6-a34d-d75ec3f4bf0a: start RPC server
2019-08-29 08:45:38,312 [Datanode State Machine Thread - 0] INFO  server.GrpcService (GrpcService.java:startImpl(149)) - b6aa82e4-5823-49f6-a34d-d75ec3f4bf0a: GrpcService started, listening on 0.0.0.0/0.0.0.0:39858
2019-08-29 08:45:38,312 [Datanode State Machine Thread - 0] INFO  ratis.XceiverServerRatis (XceiverServerRatis.java:start(403)) - XceiverServerRatis b6aa82e4-5823-49f6-a34d-d75ec3f4bf0a is started using port 39858
2019-08-29 08:45:38,312 [Datanode State Machine Thread - 0] INFO  server.XceiverServerGrpc (XceiverServerGrpc.java:start(163)) - XceiverServerGrpc b6aa82e4-5823-49f6-a34d-d75ec3f4bf0a is started using port 38860
2019-08-29 08:45:38,403 [main] INFO  ozone.MiniOzoneClusterImpl (MiniOzoneClusterImpl.java:lambda$waitForClusterToBeReady$0(140)) - Waiting for cluster to be ready. Got 0 of 10 DN Heartbeats.
2019-08-29 08:45:38,404 | INFO  | SCMAudit | user=jenkins1000 | ip=192.168.157.194 | op=GET_VERSION null | ret=SUCCESS |  
2019-08-29 08:45:38,420 [Datanode State Machine Thread - 0] INFO  ozoneimpl.OzoneContainer (OzoneContainer.java:start(201)) - Attempting to start container services.
2019-08-29 08:45:38,420 [Datanode State Machine Thread - 0] INFO  ozoneimpl.OzoneContainer (OzoneContainer.java:startContainerScrub(175)) - Background container scrubber has been disabled by hdds.containerscrub.enabled
2019-08-29 08:45:38,420 [Datanode State Machine Thread - 0] INFO  ratis.XceiverServerRatis (XceiverServerRatis.java:start(393)) - Starting XceiverServerRatis aeaf91a4-7b36-452e-90c9-b2e74ddba1a8 at port 0
2019-08-29 08:45:38,427 [Datanode State Machine Thread - 0] INFO  impl.RaftServerProxy (RaftServerProxy.java:lambda$start$3(299)) - aeaf91a4-7b36-452e-90c9-b2e74ddba1a8: start RPC server
2019-08-29 08:45:38,427 [Datanode State Machine Thread - 0] INFO  server.GrpcService (GrpcService.java:startImpl(149)) - aeaf91a4-7b36-452e-90c9-b2e74ddba1a8: GrpcService started, listening on 0.0.0.0/0.0.0.0:41794
2019-08-29 08:45:38,427 [Datanode State Machine Thread - 0] INFO  ratis.XceiverServerRatis (XceiverServerRatis.java:start(403)) - XceiverServerRatis aeaf91a4-7b36-452e-90c9-b2e74ddba1a8 is started using port 41794
2019-08-29 08:45:38,443 [Datanode State Machine Thread - 0] INFO  server.XceiverServerGrpc (XceiverServerGrpc.java:start(163)) - XceiverServerGrpc aeaf91a4-7b36-452e-90c9-b2e74ddba1a8 is started using port 38046
2019-08-29 08:45:39,404 [main] INFO  ozone.MiniOzoneClusterImpl (MiniOzoneClusterImpl.java:lambda$waitForClusterToBeReady$0(140)) - Waiting for cluster to be ready. Got 0 of 10 DN Heartbeats.
2019-08-29 08:45:39,729 [IPC Server handler 0 on 46034] INFO  net.NetworkTopology (NetworkTopologyImpl.java:add(110)) - Added a new node: /rack1/af10c44b-16fa-4c36-b19d-5f1088e11be1
2019-08-29 08:45:39,732 [IPC Server handler 0 on 46034] INFO  node.SCMNodeManager (SCMNodeManager.java:register(273)) - Registered Data node : af10c44b-16fa-4c36-b19d-5f1088e11be1{ip: 192.168.157.194, host: pr-hdds-2042-w774d-3815662616, networkLocation: /rack1, certSerialId: null}
2019-08-29 08:45:39,733 [EventQueue-NodeRegistrationContainerReportForDataNodeSafeModeRule] INFO  safemode.SCMSafeModeManager (DataNodeSafeModeRule.java:process(71)) - SCM in safe mode. 1 DataNodes registered, 1 required.
2019-08-29 08:45:39,733 | INFO  | SCMAudit | user=jenkins1000 | ip=192.168.157.194 | op=REGISTER {datanodeDetails=af10c44b-16fa-4c36-b19d-5f1088e11be1{ip: 192.168.157.194, host: pr-hdds-2042-w774d-3815662616, networkLocation: /default-rack, certSerialId: null}} | ret=SUCCESS |  
2019-08-29 08:45:39,735 [EventQueue-NodeRegistrationContainerReportForDataNodeSafeModeRule] INFO  safemode.SCMSafeModeManager (SCMSafeModeManager.java:validateSafeModeExitRules(177)) - ScmSafeModeManager, all rules are successfully validated
2019-08-29 08:45:39,735 [EventQueue-NodeRegistrationContainerReportForDataNodeSafeModeRule] INFO  safemode.SCMSafeModeManager (SCMSafeModeManager.java:exitSafeMode(193)) - SCM exiting safe mode.
2019-08-29 08:45:39,744 [grpc-default-executor-3] INFO  impl.RaftServerProxy (RaftServerProxy.java:addNew(89)) - af10c44b-16fa-4c36-b19d-5f1088e11be1: addNew group-C6E626FCA7C3:[af10c44b-16fa-4c36-b19d-5f1088e11be1:192.168.157.194:32884] returns group-C6E626FCA7C3:java.util.concurrent.CompletableFuture@522c8d2d[Not completed]
2019-08-29 08:45:39,746 [pool-149-thread-1] INFO  impl.RaftServerImpl (RaftServerImpl.java:<init>(93)) - af10c44b-16fa-4c36-b19d-5f1088e11be1: new RaftServerImpl for group-C6E626FCA7C3:[af10c44b-16fa-4c36-b19d-5f1088e11be1:192.168.157.194:32884] with ContainerStateMachine:uninitialized
2019-08-29 08:45:39,747 [pool-149-thread-1] INFO  server.RaftServerConfigKeys (ConfUtils.java:logGet(43)) - raft.server.rpc.timeout.min = 1s (custom)
2019-08-29 08:45:39,747 [pool-149-thread-1] INFO  server.RaftServerConfigKeys (ConfUtils.java:logGet(43)) - raft.server.rpc.timeout.max = 1200ms (custom)
2019-08-29 08:45:39,747 [pool-149-thread-1] INFO  server.RaftServerConfigKeys (ConfUtils.java:logGet(43)) - raft.server.rpcslowness.timeout = 120s (custom)
2019-08-29 08:45:39,747 [pool-149-thread-1] INFO  server.RaftServerConfigKeys (ConfUtils.java:logGet(43)) - raft.server.sleep.deviation.threshold = 300 (default)
2019-08-29 08:45:39,747 [pool-149-thread-1] INFO  server.RaftServerConfigKeys (ConfUtils.java:logGet(43)) - raft.server.log.appender.install.snapshot.enabled = false (custom)
2019-08-29 08:45:39,747 [pool-149-thread-1] INFO  impl.RaftServerImpl (ServerState.java:<init>(105)) - af10c44b-16fa-4c36-b19d-5f1088e11be1:group-C6E626FCA7C3 ConfigurationManager, init=-1: [af10c44b-16fa-4c36-b19d-5f1088e11be1:192.168.157.194:32884], old=null, confs=<EMPTY_MAP>
2019-08-29 08:45:39,747 [pool-149-thread-1] INFO  server.RaftServerConfigKeys (ConfUtils.java:logGet(43)) - raft.server.storage.dir = [/workdir/hadoop-ozone/integration-test/target/test-dir/MiniOzoneClusterImpl-43bc7ae7-4e66-4855-88e6-16f3e36bad4f/datanode-0/data/ratis] (custom)
2019-08-29 08:45:39,748 [pool-149-thread-1] INFO  storage.RaftStorageDirectory (RaftStorageDirectory.java:analyzeStorage(246)) - The storage directory /workdir/hadoop-ozone/integration-test/target/test-dir/MiniOzoneClusterImpl-43bc7ae7-4e66-4855-88e6-16f3e36bad4f/datanode-0/data/ratis/c2cf2b49-898b-4c4e-a6b5-c6e626fca7c3 does not exist. Creating ...
2019-08-29 08:45:39,794 [IPC Server handler 1 on 46034] INFO  net.NetworkTopology (NetworkTopologyImpl.java:add(110)) - Added a new node: /rack1/d42e1e69-47db-482b-ad03-89cca26a9b49
2019-08-29 08:45:39,795 [IPC Server handler 1 on 46034] INFO  node.SCMNodeManager (SCMNodeManager.java:register(273)) - Registered Data node : d42e1e69-47db-482b-ad03-89cca26a9b49{ip: 192.168.157.194, host: pr-hdds-2042-w774d-3815662616, networkLocation: /rack1, certSerialId: null}
2019-08-29 08:45:39,795 | INFO  | SCMAudit | user=jenkins1000 | ip=192.168.157.194 | op=REGISTER {datanodeDetails=d42e1e69-47db-482b-ad03-89cca26a9b49{ip: 192.168.157.194, host: pr-hdds-2042-w774d-3815662616, networkLocation: /default-rack, certSerialId: null}} | ret=SUCCESS |  
2019-08-29 08:45:39,868 [IPC Server handler 3 on 46034] INFO  net.NetworkTopology (NetworkTopologyImpl.java:add(110)) - Added a new node: /rack1/4d8418c6-9aaf-413c-a95a-22b3e00264fc
2019-08-29 08:45:39,869 [IPC Server handler 3 on 46034] INFO  node.SCMNodeManager (SCMNodeManager.java:register(273)) - Registered Data node : 4d8418c6-9aaf-413c-a95a-22b3e00264fc{ip: 192.168.157.194, host: pr-hdds-2042-w774d-3815662616, networkLocation: /rack1, certSerialId: null}
2019-08-29 08:45:39,869 | INFO  | SCMAudit | user=jenkins1000 | ip=192.168.157.194 | op=REGISTER {datanodeDetails=4d8418c6-9aaf-413c-a95a-22b3e00264fc{ip: 192.168.157.194, host: pr-hdds-2042-w774d-3815662616, networkLocation: /default-rack, certSerialId: null}} | ret=SUCCESS |  
2019-08-29 08:45:39,940 [IPC Server handler 4 on 46034] INFO  net.NetworkTopology (NetworkTopologyImpl.java:add(110)) - Added a new node: /rack1/beb647cc-dc8a-44df-94ce-0366e8d6be6e
2019-08-29 08:45:39,941 [IPC Server handler 4 on 46034] INFO  node.SCMNodeManager (SCMNodeManager.java:register(273)) - Registered Data node : beb647cc-dc8a-44df-94ce-0366e8d6be6e{ip: 192.168.157.194, host: pr-hdds-2042-w774d-3815662616, networkLocation: /rack1, certSerialId: null}
2019-08-29 08:45:39,941 | INFO  | SCMAudit | user=jenkins1000 | ip=192.168.157.194 | op=REGISTER {datanodeDetails=beb647cc-dc8a-44df-94ce-0366e8d6be6e{ip: 192.168.157.194, host: pr-hdds-2042-w774d-3815662616, networkLocation: /default-rack, certSerialId: null}} | ret=SUCCESS |  
2019-08-29 08:45:39,990 [pool-149-thread-1] INFO  storage.RaftStorageDirectory (RaftStorageDirectory.java:tryLock(328)) - Lock on /workdir/hadoop-ozone/integration-test/target/test-dir/MiniOzoneClusterImpl-43bc7ae7-4e66-4855-88e6-16f3e36bad4f/datanode-0/data/ratis/c2cf2b49-898b-4c4e-a6b5-c6e626fca7c3/in_use.lock acquired by nodename 24105@pr-hdds-2042-w774d-3815662616
2019-08-29 08:45:40,001 [pool-149-thread-1] INFO  storage.RaftStorage (RaftStorage.java:format(72)) - Storage directory /workdir/hadoop-ozone/integration-test/target/test-dir/MiniOzoneClusterImpl-43bc7ae7-4e66-4855-88e6-16f3e36bad4f/datanode-0/data/ratis/c2cf2b49-898b-4c4e-a6b5-c6e626fca7c3 has been successfully formatted.
2019-08-29 08:45:40,002 [pool-149-thread-1] INFO  ratis.ContainerStateMachine (ContainerStateMachine.java:loadSnapshot(227)) - group-C6E626FCA7C3: The snapshot info is null. Setting the last applied indexto:(t:0, i:~)
2019-08-29 08:45:40,002 [pool-149-thread-1] INFO  server.RaftServerConfigKeys (ConfUtils.java:logGet(43)) - raft.server.leader.election.timeout = 120s (custom)
2019-08-29 08:45:40,002 [pool-149-thread-1] INFO  server.RaftServerConfigKeys (ConfUtils.java:logGet(43)) - raft.server.log.use.memory = false (default)
2019-08-29 08:45:40,003 [pool-149-thread-1] INFO  server.RaftServerConfigKeys (ConfUtils.java:logGet(43)) - raft.server.log.purge.gap = 1000000 (custom)
2019-08-29 08:45:40,003 [pool-149-thread-1] INFO  server.RaftServerConfigKeys (ConfUtils.java:logGet(43)) - raft.server.log.appender.buffer.byte-limit = 33554432 (custom)
2019-08-29 08:45:40,003 [pool-149-thread-1] INFO  server.RaftServerConfigKeys (ConfUtils.java:logGet(43)) - raft.server.log.segment.size.max = 1048576 (custom)
2019-08-29 08:45:40,003 [pool-149-thread-1] INFO  server.RaftServerConfigKeys (ConfUtils.java:logGet(43)) - raft.server.log.segment.cache.num.max = 2 (custom)
2019-08-29 08:45:40,004 [pool-149-thread-1] INFO  segmented.SegmentedRaftLogWorker (SegmentedRaftLogWorker.java:<init>(172)) - new af10c44b-16fa-4c36-b19d-5f1088e11be1-SegmentedRaftLogWorker:Storage Directory /workdir/hadoop-ozone/integration-test/target/test-dir/MiniOzoneClusterImpl-43bc7ae7-4e66-4855-88e6-16f3e36bad4f/datanode-0/data/ratis/c2cf2b49-898b-4c4e-a6b5-c6e626fca7c3 for RaftStorage:Storage Directory /workdir/hadoop-ozone/integration-test/target/test-dir/MiniOzoneClusterImpl-43bc7ae7-4e66-4855-88e6-16f3e36bad4f/datanode-0/data/ratis/c2cf2b49-898b-4c4e-a6b5-c6e626fca7c3
2019-08-29 08:45:40,004 [pool-149-thread-1] INFO  server.RaftServerConfigKeys (ConfUtils.java:logGet(43)) - raft.server.log.queue.byte-limit = 2147483647 (custom)
2019-08-29 08:45:40,004 [pool-149-thread-1] INFO  server.RaftServerConfigKeys (ConfUtils.java:logGet(43)) - raft.server.log.queue.element-limit = 1024 (custom)
2019-08-29 08:45:40,005 [pool-149-thread-1] INFO  server.RaftServerConfigKeys (ConfUtils.java:logGet(43)) - raft.server.log.segment.size.max = 1048576 (custom)
2019-08-29 08:45:40,005 [pool-149-thread-1] INFO  server.RaftServerConfigKeys (ConfUtils.java:logGet(43)) - raft.server.log.preallocated.size = 16384 (custom)
2019-08-29 08:45:40,005 [pool-149-thread-1] INFO  server.RaftServerConfigKeys (ConfUtils.java:logGet(43)) - raft.server.log.write.buffer.size = 33554432 (custom)
2019-08-29 08:45:40,005 [pool-149-thread-1] INFO  server.RaftServerConfigKeys (ConfUtils.java:logGet(43)) - raft.server.log.force.sync.num = 128 (default)
2019-08-29 08:45:40,006 [pool-149-thread-1] INFO  server.RaftServerConfigKeys (ConfUtils.java:logGet(43)) - raft.server.log.statemachine.data.sync = true (default)
2019-08-29 08:45:40,006 [pool-149-thread-1] INFO  server.RaftServerConfigKeys (ConfUtils.java:logGet(43)) - raft.server.log.statemachine.data.sync.timeout = 10s (default)
2019-08-29 08:45:40,006 [pool-149-thread-1] INFO  server.RaftServerConfigKeys (ConfUtils.java:logGet(43)) - raft.server.log.statemachine.data.sync.timeout.retry = -1 (default)
2019-08-29 08:45:40,007 [pool-149-thread-1] INFO  server.RaftServerConfigKeys (ConfUtils.java:logGet(43)) - raft.server.log.statemachine.data.caching.enabled = true (custom)
2019-08-29 08:45:40,007 [IPC Server handler 2 on 46034] INFO  net.NetworkTopology (NetworkTopologyImpl.java:add(110)) - Added a new node: /rack1/94988375-8e84-4aa9-97e8-8e5d754fbb51
2019-08-29 08:45:40,007 [IPC Server handler 2 on 46034] INFO  node.SCMNodeManager (SCMNodeManager.java:register(273)) - Registered Data node : 94988375-8e84-4aa9-97e8-8e5d754fbb51{ip: 192.168.157.194, host: pr-hdds-2042-w774d-3815662616, networkLocation: /rack1, certSerialId: null}
2019-08-29 08:45:40,007 [pool-149-thread-1] INFO  segmented.SegmentedRaftLogWorker (SegmentedRaftLogWorker.java:lambda$new$0(132)) - af10c44b-16fa-4c36-b19d-5f1088e11be1-SegmentedRaftLogWorker:Storage Directory /workdir/hadoop-ozone/integration-test/target/test-dir/MiniOzoneClusterImpl-43bc7ae7-4e66-4855-88e6-16f3e36bad4f/datanode-0/data/ratis/c2cf2b49-898b-4c4e-a6b5-c6e626fca7c3: flushIndex: setUnconditionally 0 -> -1
2019-08-29 08:45:40,008 | INFO  | SCMAudit | user=jenkins1000 | ip=192.168.157.194 | op=REGISTER {datanodeDetails=94988375-8e84-4aa9-97e8-8e5d754fbb51{ip: 192.168.157.194, host: pr-hdds-2042-w774d-3815662616, networkLocation: /default-rack, certSerialId: null}} | ret=SUCCESS |  
2019-08-29 08:45:40,008 [pool-149-thread-1] INFO  server.RaftServerConfigKeys (ConfUtils.java:logGet(43)) - raft.server.snapshot.auto.trigger.enabled = true (custom)
2019-08-29 08:45:40,008 [pool-149-thread-1] INFO  server.RaftServerConfigKeys (ConfUtils.java:logGet(43)) - raft.server.snapshot.auto.trigger.threshold = 10000 (custom)
2019-08-29 08:45:40,008 [pool-149-thread-1] INFO  server.RaftServerConfigKeys (ConfUtils.java:logGet(43)) - raft.server.retrycache.expirytime = 600000ms (custom)
2019-08-29 08:45:40,009 [pool-149-thread-1] INFO  impl.RaftServerImpl (RaftServerImpl.java:start(180)) - af10c44b-16fa-4c36-b19d-5f1088e11be1: start group-C6E626FCA7C3
2019-08-29 08:45:40,009 [pool-149-thread-1] INFO  impl.RaftServerImpl (RaftServerImpl.java:setRole(171)) - af10c44b-16fa-4c36-b19d-5f1088e11be1:group-C6E626FCA7C3 changes role from null to FOLLOWER at term 0 for startAsFollower
2019-08-29 08:45:40,009 [pool-149-thread-1] INFO  impl.RoleInfo (RoleInfo.java:updateAndGet(143)) - af10c44b-16fa-4c36-b19d-5f1088e11be1: start FollowerState
2019-08-29 08:45:40,028 [pool-149-thread-1] INFO  util.JmxRegister (JmxRegister.java:tryRegister(44)) - Successfully registered JMX Bean with object name Ratis:service=RaftServer,group=group-C6E626FCA7C3,id=af10c44b-16fa-4c36-b19d-5f1088e11be1
2019-08-29 08:45:40,050 [RatisPipelineUtilsThread] INFO  pipeline.PipelineStateManager (PipelineStateManager.java:addPipeline(56)) - Created pipeline Pipeline[ Id: c2cf2b49-898b-4c4e-a6b5-c6e626fca7c3, Nodes: af10c44b-16fa-4c36-b19d-5f1088e11be1{ip: 192.168.157.194, host: pr-hdds-2042-w774d-3815662616, networkLocation: /rack1, certSerialId: null}, Type:RATIS, Factor:ONE, State:OPEN]
2019-08-29 08:45:40,059 [grpc-default-executor-3] INFO  impl.RaftServerProxy (RaftServerProxy.java:addNew(89)) - 4d8418c6-9aaf-413c-a95a-22b3e00264fc: addNew group-A4BC83B70E41:[4d8418c6-9aaf-413c-a95a-22b3e00264fc:192.168.157.194:33119] returns group-A4BC83B70E41:java.util.concurrent.CompletableFuture@56639b4a[Not completed]
2019-08-29 08:45:40,060 [pool-169-thread-1] INFO  impl.RaftServerImpl (RaftServerImpl.java:<init>(93)) - 4d8418c6-9aaf-413c-a95a-22b3e00264fc: new RaftServerImpl for group-A4BC83B70E41:[4d8418c6-9aaf-413c-a95a-22b3e00264fc:192.168.157.194:33119] with ContainerStateMachine:uninitialized
2019-08-29 08:45:40,060 [pool-169-thread-1] INFO  server.RaftServerConfigKeys (ConfUtils.java:logGet(43)) - raft.server.rpc.timeout.min = 1s (custom)
2019-08-29 08:45:40,060 [pool-169-thread-1] INFO  server.RaftServerConfigKeys (ConfUtils.java:logGet(43)) - raft.server.rpc.timeout.max = 1200ms (custom)
2019-08-29 08:45:40,060 [pool-169-thread-1] INFO  server.RaftServerConfigKeys (ConfUtils.java:logGet(43)) - raft.server.rpcslowness.timeout = 120s (custom)
2019-08-29 08:45:40,060 [pool-169-thread-1] INFO  server.RaftServerConfigKeys (ConfUtils.java:logGet(43)) - raft.server.sleep.deviation.threshold = 300 (default)
2019-08-29 08:45:40,060 [pool-169-thread-1] INFO  server.RaftServerConfigKeys (ConfUtils.java:logGet(43)) - raft.server.log.appender.install.snapshot.enabled = false (custom)
2019-08-29 08:45:40,061 [pool-169-thread-1] INFO  impl.RaftServerImpl (ServerState.java:<init>(105)) - 4d8418c6-9aaf-413c-a95a-22b3e00264fc:group-A4BC83B70E41 ConfigurationManager, init=-1: [4d8418c6-9aaf-413c-a95a-22b3e00264fc:192.168.157.194:33119], old=null, confs=<EMPTY_MAP>
2019-08-29 08:45:40,061 [pool-169-thread-1] INFO  server.RaftServerConfigKeys (ConfUtils.java:logGet(43)) - raft.server.storage.dir = [/workdir/hadoop-ozone/integration-test/target/test-dir/MiniOzoneClusterImpl-43bc7ae7-4e66-4855-88e6-16f3e36bad4f/datanode-2/data/ratis] (custom)
2019-08-29 08:45:40,061 [pool-169-thread-1] INFO  storage.RaftStorageDirectory (RaftStorageDirectory.java:analyzeStorage(246)) - The storage directory /workdir/hadoop-ozone/integration-test/target/test-dir/MiniOzoneClusterImpl-43bc7ae7-4e66-4855-88e6-16f3e36bad4f/datanode-2/data/ratis/0354c130-5d56-4e42-b13d-a4bc83b70e41 does not exist. Creating ...
2019-08-29 08:45:40,075 [IPC Server handler 6 on 46034] INFO  net.NetworkTopology (NetworkTopologyImpl.java:add(110)) - Added a new node: /rack1/75ccd8a6-06da-4259-a20c-b7736bd9bda0
2019-08-29 08:45:40,075 [IPC Server handler 6 on 46034] INFO  node.SCMNodeManager (SCMNodeManager.java:register(273)) - Registered Data node : 75ccd8a6-06da-4259-a20c-b7736bd9bda0{ip: 192.168.157.194, host: pr-hdds-2042-w774d-3815662616, networkLocation: /rack1, certSerialId: null}
2019-08-29 08:45:40,075 | INFO  | SCMAudit | user=jenkins1000 | ip=192.168.157.194 | op=REGISTER {datanodeDetails=75ccd8a6-06da-4259-a20c-b7736bd9bda0{ip: 192.168.157.194, host: pr-hdds-2042-w774d-3815662616, networkLocation: /default-rack, certSerialId: null}} | ret=SUCCESS |  
2019-08-29 08:45:40,101 [pool-169-thread-1] INFO  storage.RaftStorageDirectory (RaftStorageDirectory.java:tryLock(328)) - Lock on /workdir/hadoop-ozone/integration-test/target/test-dir/MiniOzoneClusterImpl-43bc7ae7-4e66-4855-88e6-16f3e36bad4f/datanode-2/data/ratis/0354c130-5d56-4e42-b13d-a4bc83b70e41/in_use.lock acquired by nodename 24105@pr-hdds-2042-w774d-3815662616
2019-08-29 08:45:40,126 [pool-169-thread-1] INFO  storage.RaftStorage (RaftStorage.java:format(72)) - Storage directory /workdir/hadoop-ozone/integration-test/target/test-dir/MiniOzoneClusterImpl-43bc7ae7-4e66-4855-88e6-16f3e36bad4f/datanode-2/data/ratis/0354c130-5d56-4e42-b13d-a4bc83b70e41 has been successfully formatted.
2019-08-29 08:45:40,126 [pool-169-thread-1] INFO  ratis.ContainerStateMachine (ContainerStateMachine.java:loadSnapshot(227)) - group-A4BC83B70E41: The snapshot info is null. Setting the last applied indexto:(t:0, i:~)
2019-08-29 08:45:40,127 [pool-169-thread-1] INFO  server.RaftServerConfigKeys (ConfUtils.java:logGet(43)) - raft.server.leader.election.timeout = 120s (custom)
2019-08-29 08:45:40,127 [pool-169-thread-1] INFO  server.RaftServerConfigKeys (ConfUtils.java:logGet(43)) - raft.server.log.use.memory = false (default)
2019-08-29 08:45:40,127 [pool-169-thread-1] INFO  server.RaftServerConfigKeys (ConfUtils.java:logGet(43)) - raft.server.log.purge.gap = 1000000 (custom)
2019-08-29 08:45:40,127 [pool-169-thread-1] INFO  server.RaftServerConfigKeys (ConfUtils.java:logGet(43)) - raft.server.log.appender.buffer.byte-limit = 33554432 (custom)
2019-08-29 08:45:40,127 [pool-169-thread-1] INFO  server.RaftServerConfigKeys (ConfUtils.java:logGet(43)) - raft.server.log.segment.size.max = 1048576 (custom)
2019-08-29 08:45:40,127 [pool-169-thread-1] INFO  server.RaftServerConfigKeys (ConfUtils.java:logGet(43)) - raft.server.log.segment.cache.num.max = 2 (custom)
2019-08-29 08:45:40,127 [pool-169-thread-1] INFO  segmented.SegmentedRaftLogWorker (SegmentedRaftLogWorker.java:<init>(172)) - new 4d8418c6-9aaf-413c-a95a-22b3e00264fc-SegmentedRaftLogWorker:Storage Directory /workdir/hadoop-ozone/integration-test/target/test-dir/MiniOzoneClusterImpl-43bc7ae7-4e66-4855-88e6-16f3e36bad4f/datanode-2/data/ratis/0354c130-5d56-4e42-b13d-a4bc83b70e41 for RaftStorage:Storage Directory /workdir/hadoop-ozone/integration-test/target/test-dir/MiniOzoneClusterImpl-43bc7ae7-4e66-4855-88e6-16f3e36bad4f/datanode-2/data/ratis/0354c130-5d56-4e42-b13d-a4bc83b70e41
2019-08-29 08:45:40,128 [pool-169-thread-1] INFO  server.RaftServerConfigKeys (ConfUtils.java:logGet(43)) - raft.server.log.queue.byte-limit = 2147483647 (custom)
2019-08-29 08:45:40,128 [pool-169-thread-1] INFO  server.RaftServerConfigKeys (ConfUtils.java:logGet(43)) - raft.server.log.queue.element-limit = 1024 (custom)
2019-08-29 08:45:40,128 [pool-169-thread-1] INFO  server.RaftServerConfigKeys (ConfUtils.java:logGet(43)) - raft.server.log.segment.size.max = 1048576 (custom)
2019-08-29 08:45:40,128 [pool-169-thread-1] INFO  server.RaftServerConfigKeys (ConfUtils.java:logGet(43)) - raft.server.log.preallocated.size = 16384 (custom)
2019-08-29 08:45:40,128 [pool-169-thread-1] INFO  server.RaftServerConfigKeys (ConfUtils.java:logGet(43)) - raft.server.log.write.buffer.size = 33554432 (custom)
2019-08-29 08:45:40,128 [pool-169-thread-1] INFO  server.RaftServerConfigKeys (ConfUtils.java:logGet(43)) - raft.server.log.force.sync.num = 128 (default)
2019-08-29 08:45:40,128 [pool-169-thread-1] INFO  server.RaftServerConfigKeys (ConfUtils.java:logGet(43)) - raft.server.log.statemachine.data.sync = true (default)
2019-08-29 08:45:40,129 [pool-169-thread-1] INFO  server.RaftServerConfigKeys (ConfUtils.java:logGet(43)) - raft.server.log.statemachine.data.sync.timeout = 10s (default)
2019-08-29 08:45:40,129 [pool-169-thread-1] INFO  server.RaftServerConfigKeys (ConfUtils.java:logGet(43)) - raft.server.log.statemachine.data.sync.timeout.retry = -1 (default)
2019-08-29 08:45:40,129 [pool-169-thread-1] INFO  server.RaftServerConfigKeys (ConfUtils.java:logGet(43)) - raft.server.log.statemachine.data.caching.enabled = true (custom)
2019-08-29 08:45:40,129 [pool-169-thread-1] INFO  segmented.SegmentedRaftLogWorker (SegmentedRaftLogWorker.java:lambda$new$0(132)) - 4d8418c6-9aaf-413c-a95a-22b3e00264fc-SegmentedRaftLogWorker:Storage Directory /workdir/hadoop-ozone/integration-test/target/test-dir/MiniOzoneClusterImpl-43bc7ae7-4e66-4855-88e6-16f3e36bad4f/datanode-2/data/ratis/0354c130-5d56-4e42-b13d-a4bc83b70e41: flushIndex: setUnconditionally 0 -> -1
2019-08-29 08:45:40,130 [pool-169-thread-1] INFO  server.RaftServerConfigKeys (ConfUtils.java:logGet(43)) - raft.server.snapshot.auto.trigger.enabled = true (custom)
2019-08-29 08:45:40,130 [pool-169-thread-1] INFO  server.RaftServerConfigKeys (ConfUtils.java:logGet(43)) - raft.server.snapshot.auto.trigger.threshold = 10000 (custom)
2019-08-29 08:45:40,130 [pool-169-thread-1] INFO  server.RaftServerConfigKeys (ConfUtils.java:logGet(43)) - raft.server.retrycache.expirytime = 600000ms (custom)
2019-08-29 08:45:40,130 [pool-169-thread-1] INFO  impl.RaftServerImpl (RaftServerImpl.java:start(180)) - 4d8418c6-9aaf-413c-a95a-22b3e00264fc: start group-A4BC83B70E41
2019-08-29 08:45:40,130 [pool-169-thread-1] INFO  impl.RaftServerImpl (RaftServerImpl.java:setRole(171)) - 4d8418c6-9aaf-413c-a95a-22b3e00264fc:group-A4BC83B70E41 changes role from null to FOLLOWER at term 0 for startAsFollower
2019-08-29 08:45:40,130 [pool-169-thread-1] INFO  impl.RoleInfo (RoleInfo.java:updateAndGet(143)) - 4d8418c6-9aaf-413c-a95a-22b3e00264fc: start FollowerState
2019-08-29 08:45:40,131 [pool-169-thread-1] INFO  util.JmxRegister (JmxRegister.java:tryRegister(44)) - Successfully registered JMX Bean with object name Ratis:service=RaftServer,group=group-A4BC83B70E41,id=4d8418c6-9aaf-413c-a95a-22b3e00264fc
2019-08-29 08:45:40,137 [RatisPipelineUtilsThread] INFO  pipeline.PipelineStateManager (PipelineStateManager.java:addPipeline(56)) - Created pipeline Pipeline[ Id: 0354c130-5d56-4e42-b13d-a4bc83b70e41, Nodes: 4d8418c6-9aaf-413c-a95a-22b3e00264fc{ip: 192.168.157.194, host: pr-hdds-2042-w774d-3815662616, networkLocation: /rack1, certSerialId: null}, Type:RATIS, Factor:ONE, State:OPEN]
2019-08-29 08:45:40,142 [IPC Server handler 7 on 46034] INFO  net.NetworkTopology (NetworkTopologyImpl.java:add(110)) - Added a new node: /rack1/691d973f-4ee5-4b71-9c79-714a3e15e6a2
2019-08-29 08:45:40,142 [IPC Server handler 7 on 46034] INFO  node.SCMNodeManager (SCMNodeManager.java:register(273)) - Registered Data node : 691d973f-4ee5-4b71-9c79-714a3e15e6a2{ip: 192.168.157.194, host: pr-hdds-2042-w774d-3815662616, networkLocation: /rack1, certSerialId: null}
2019-08-29 08:45:40,143 | INFO  | SCMAudit | user=jenkins1000 | ip=192.168.157.194 | op=REGISTER {datanodeDetails=691d973f-4ee5-4b71-9c79-714a3e15e6a2{ip: 192.168.157.194, host: pr-hdds-2042-w774d-3815662616, networkLocation: /default-rack, certSerialId: null}} | ret=SUCCESS |  
2019-08-29 08:45:40,147 [grpc-default-executor-3] INFO  impl.RaftServerProxy (RaftServerProxy.java:addNew(89)) - d42e1e69-47db-482b-ad03-89cca26a9b49: addNew group-58547ACC6AA3:[d42e1e69-47db-482b-ad03-89cca26a9b49:192.168.157.194:44267] returns group-58547ACC6AA3:java.util.concurrent.CompletableFuture@665615f1[Not completed]
2019-08-29 08:45:40,148 [pool-159-thread-1] INFO  impl.RaftServerImpl (RaftServerImpl.java:<init>(93)) - d42e1e69-47db-482b-ad03-89cca26a9b49: new RaftServerImpl for group-58547ACC6AA3:[d42e1e69-47db-482b-ad03-89cca26a9b49:192.168.157.194:44267] with ContainerStateMachine:uninitialized
2019-08-29 08:45:40,148 [pool-159-thread-1] INFO  server.RaftServerConfigKeys (ConfUtils.java:logGet(43)) - raft.server.rpc.timeout.min = 1s (custom)
2019-08-29 08:45:40,148 [pool-159-thread-1] INFO  server.RaftServerConfigKeys (ConfUtils.java:logGet(43)) - raft.server.rpc.timeout.max = 1200ms (custom)
2019-08-29 08:45:40,148 [pool-159-thread-1] INFO  server.RaftServerConfigKeys (ConfUtils.java:logGet(43)) - raft.server.rpcslowness.timeout = 120s (custom)
2019-08-29 08:45:40,149 [pool-159-thread-1] INFO  server.RaftServerConfigKeys (ConfUtils.java:logGet(43)) - raft.server.sleep.deviation.threshold = 300 (default)
2019-08-29 08:45:40,149 [pool-159-thread-1] INFO  server.RaftServerConfigKeys (ConfUtils.java:logGet(43)) - raft.server.log.appender.install.snapshot.enabled = false (custom)
2019-08-29 08:45:40,149 [pool-159-thread-1] INFO  impl.RaftServerImpl (ServerState.java:<init>(105)) - d42e1e69-47db-482b-ad03-89cca26a9b49:group-58547ACC6AA3 ConfigurationManager, init=-1: [d42e1e69-47db-482b-ad03-89cca26a9b49:192.168.157.194:44267], old=null, confs=<EMPTY_MAP>
2019-08-29 08:45:40,149 [pool-159-thread-1] INFO  server.RaftServerConfigKeys (ConfUtils.java:logGet(43)) - raft.server.storage.dir = [/workdir/hadoop-ozone/integration-test/target/test-dir/MiniOzoneClusterImpl-43bc7ae7-4e66-4855-88e6-16f3e36bad4f/datanode-1/data/ratis] (custom)
2019-08-29 08:45:40,149 [pool-159-thread-1] INFO  storage.RaftStorageDirectory (RaftStorageDirectory.java:analyzeStorage(246)) - The storage directory /workdir/hadoop-ozone/integration-test/target/test-dir/MiniOzoneClusterImpl-43bc7ae7-4e66-4855-88e6-16f3e36bad4f/datanode-1/data/ratis/27adcffe-1a90-4f34-bc26-58547acc6aa3 does not exist. Creating ...
2019-08-29 08:45:40,158 [pool-159-thread-1] INFO  storage.RaftStorageDirectory (RaftStorageDirectory.java:tryLock(328)) - Lock on /workdir/hadoop-ozone/integration-test/target/test-dir/MiniOzoneClusterImpl-43bc7ae7-4e66-4855-88e6-16f3e36bad4f/datanode-1/data/ratis/27adcffe-1a90-4f34-bc26-58547acc6aa3/in_use.lock acquired by nodename 24105@pr-hdds-2042-w774d-3815662616
2019-08-29 08:45:40,168 [pool-159-thread-1] INFO  storage.RaftStorage (RaftStorage.java:format(72)) - Storage directory /workdir/hadoop-ozone/integration-test/target/test-dir/MiniOzoneClusterImpl-43bc7ae7-4e66-4855-88e6-16f3e36bad4f/datanode-1/data/ratis/27adcffe-1a90-4f34-bc26-58547acc6aa3 has been successfully formatted.
2019-08-29 08:45:40,168 [pool-159-thread-1] INFO  ratis.ContainerStateMachine (ContainerStateMachine.java:loadSnapshot(227)) - group-58547ACC6AA3: The snapshot info is null. Setting the last applied indexto:(t:0, i:~)
2019-08-29 08:45:40,169 [pool-159-thread-1] INFO  server.RaftServerConfigKeys (ConfUtils.java:logGet(43)) - raft.server.leader.election.timeout = 120s (custom)
2019-08-29 08:45:40,169 [pool-159-thread-1] INFO  server.RaftServerConfigKeys (ConfUtils.java:logGet(43)) - raft.server.log.use.memory = false (default)
2019-08-29 08:45:40,169 [pool-159-thread-1] INFO  server.RaftServerConfigKeys (ConfUtils.java:logGet(43)) - raft.server.log.purge.gap = 1000000 (custom)
2019-08-29 08:45:40,169 [pool-159-thread-1] INFO  server.RaftServerConfigKeys (ConfUtils.java:logGet(43)) - raft.server.log.appender.buffer.byte-limit = 33554432 (custom)
2019-08-29 08:45:40,169 [pool-159-thread-1] INFO  server.RaftServerConfigKeys (ConfUtils.java:logGet(43)) - raft.server.log.segment.size.max = 1048576 (custom)
2019-08-29 08:45:40,170 [pool-159-thread-1] INFO  server.RaftServerConfigKeys (ConfUtils.java:logGet(43)) - raft.server.log.segment.cache.num.max = 2 (custom)
2019-08-29 08:45:40,170 [pool-159-thread-1] INFO  segmented.SegmentedRaftLogWorker (SegmentedRaftLogWorker.java:<init>(172)) - new d42e1e69-47db-482b-ad03-89cca26a9b49-SegmentedRaftLogWorker:Storage Directory /workdir/hadoop-ozone/integration-test/target/test-dir/MiniOzoneClusterImpl-43bc7ae7-4e66-4855-88e6-16f3e36bad4f/datanode-1/data/ratis/27adcffe-1a90-4f34-bc26-58547acc6aa3 for RaftStorage:Storage Directory /workdir/hadoop-ozone/integration-test/target/test-dir/MiniOzoneClusterImpl-43bc7ae7-4e66-4855-88e6-16f3e36bad4f/datanode-1/data/ratis/27adcffe-1a90-4f34-bc26-58547acc6aa3
2019-08-29 08:45:40,170 [pool-159-thread-1] INFO  server.RaftServerConfigKeys (ConfUtils.java:logGet(43)) - raft.server.log.queue.byte-limit = 2147483647 (custom)
2019-08-29 08:45:40,170 [pool-159-thread-1] INFO  server.RaftServerConfigKeys (ConfUtils.java:logGet(43)) - raft.server.log.queue.element-limit = 1024 (custom)
2019-08-29 08:45:40,171 [pool-159-thread-1] INFO  server.RaftServerConfigKeys (ConfUtils.java:logGet(43)) - raft.server.log.segment.size.max = 1048576 (custom)
2019-08-29 08:45:40,171 [pool-159-thread-1] INFO  server.RaftServerConfigKeys (ConfUtils.java:logGet(43)) - raft.server.log.preallocated.size = 16384 (custom)
2019-08-29 08:45:40,171 [pool-159-thread-1] INFO  server.RaftServerConfigKeys (ConfUtils.java:logGet(43)) - raft.server.log.write.buffer.size = 33554432 (custom)
2019-08-29 08:45:40,171 [pool-159-thread-1] INFO  server.RaftServerConfigKeys (ConfUtils.java:logGet(43)) - raft.server.log.force.sync.num = 128 (default)
2019-08-29 08:45:40,171 [pool-159-thread-1] INFO  server.RaftServerConfigKeys (ConfUtils.java:logGet(43)) - raft.server.log.statemachine.data.sync = true (default)
2019-08-29 08:45:40,172 [pool-159-thread-1] INFO  server.RaftServerConfigKeys (ConfUtils.java:logGet(43)) - raft.server.log.statemachine.data.sync.timeout = 10s (default)
2019-08-29 08:45:40,172 [pool-159-thread-1] INFO  server.RaftServerConfigKeys (ConfUtils.java:logGet(43)) - raft.server.log.statemachine.data.sync.timeout.retry = -1 (default)
2019-08-29 08:45:40,172 [pool-159-thread-1] INFO  server.RaftServerConfigKeys (ConfUtils.java:logGet(43)) - raft.server.log.statemachine.data.caching.enabled = true (custom)
2019-08-29 08:45:40,173 [pool-159-thread-1] INFO  segmented.SegmentedRaftLogWorker (SegmentedRaftLogWorker.java:lambda$new$0(132)) - d42e1e69-47db-482b-ad03-89cca26a9b49-SegmentedRaftLogWorker:Storage Directory /workdir/hadoop-ozone/integration-test/target/test-dir/MiniOzoneClusterImpl-43bc7ae7-4e66-4855-88e6-16f3e36bad4f/datanode-1/data/ratis/27adcffe-1a90-4f34-bc26-58547acc6aa3: flushIndex: setUnconditionally 0 -> -1
2019-08-29 08:45:40,173 [pool-159-thread-1] INFO  server.RaftServerConfigKeys (ConfUtils.java:logGet(43)) - raft.server.snapshot.auto.trigger.enabled = true (custom)
2019-08-29 08:45:40,173 [pool-159-thread-1] INFO  server.RaftServerConfigKeys (ConfUtils.java:logGet(43)) - raft.server.snapshot.auto.trigger.threshold = 10000 (custom)
2019-08-29 08:45:40,174 [pool-159-thread-1] INFO  server.RaftServerConfigKeys (ConfUtils.java:logGet(43)) - raft.server.retrycache.expirytime = 600000ms (custom)
2019-08-29 08:45:40,174 [pool-159-thread-1] INFO  impl.RaftServerImpl (RaftServerImpl.java:start(180)) - d42e1e69-47db-482b-ad03-89cca26a9b49: start group-58547ACC6AA3
2019-08-29 08:45:40,174 [pool-159-thread-1] INFO  impl.RaftServerImpl (RaftServerImpl.java:setRole(171)) - d42e1e69-47db-482b-ad03-89cca26a9b49:group-58547ACC6AA3 changes role from null to FOLLOWER at term 0 for startAsFollower
2019-08-29 08:45:40,174 [pool-159-thread-1] INFO  impl.RoleInfo (RoleInfo.java:updateAndGet(143)) - d42e1e69-47db-482b-ad03-89cca26a9b49: start FollowerState
2019-08-29 08:45:40,175 [pool-159-thread-1] INFO  util.JmxRegister (JmxRegister.java:tryRegister(44)) - Successfully registered JMX Bean with object name Ratis:service=RaftServer,group=group-58547ACC6AA3,id=d42e1e69-47db-482b-ad03-89cca26a9b49
2019-08-29 08:45:40,181 [RatisPipelineUtilsThread] INFO  pipeline.PipelineStateManager (PipelineStateManager.java:addPipeline(56)) - Created pipeline Pipeline[ Id: 27adcffe-1a90-4f34-bc26-58547acc6aa3, Nodes: d42e1e69-47db-482b-ad03-89cca26a9b49{ip: 192.168.157.194, host: pr-hdds-2042-w774d-3815662616, networkLocation: /rack1, certSerialId: null}, Type:RATIS, Factor:ONE, State:OPEN]
2019-08-29 08:45:40,193 [grpc-default-executor-3] INFO  impl.RaftServerProxy (RaftServerProxy.java:addNew(89)) - 691d973f-4ee5-4b71-9c79-714a3e15e6a2: addNew group-C60AC54EF87A:[691d973f-4ee5-4b71-9c79-714a3e15e6a2:192.168.157.194:43776] returns group-C60AC54EF87A:java.util.concurrent.CompletableFuture@19bd0c15[Not completed]
2019-08-29 08:45:40,194 [pool-209-thread-1] INFO  impl.RaftServerImpl (RaftServerImpl.java:<init>(93)) - 691d973f-4ee5-4b71-9c79-714a3e15e6a2: new RaftServerImpl for group-C60AC54EF87A:[691d973f-4ee5-4b71-9c79-714a3e15e6a2:192.168.157.194:43776] with ContainerStateMachine:uninitialized
2019-08-29 08:45:40,195 [pool-209-thread-1] INFO  server.RaftServerConfigKeys (ConfUtils.java:logGet(43)) - raft.server.rpc.timeout.min = 1s (custom)
2019-08-29 08:45:40,195 [pool-209-thread-1] INFO  server.RaftServerConfigKeys (ConfUtils.java:logGet(43)) - raft.server.rpc.timeout.max = 1200ms (custom)
2019-08-29 08:45:40,195 [pool-209-thread-1] INFO  server.RaftServerConfigKeys (ConfUtils.java:logGet(43)) - raft.server.rpcslowness.timeout = 120s (custom)
2019-08-29 08:45:40,195 [pool-209-thread-1] INFO  server.RaftServerConfigKeys (ConfUtils.java:logGet(43)) - raft.server.sleep.deviation.threshold = 300 (default)
2019-08-29 08:45:40,195 [pool-209-thread-1] INFO  server.RaftServerConfigKeys (ConfUtils.java:logGet(43)) - raft.server.log.appender.install.snapshot.enabled = false (custom)
2019-08-29 08:45:40,195 [pool-209-thread-1] INFO  impl.RaftServerImpl (ServerState.java:<init>(105)) - 691d973f-4ee5-4b71-9c79-714a3e15e6a2:group-C60AC54EF87A ConfigurationManager, init=-1: [691d973f-4ee5-4b71-9c79-714a3e15e6a2:192.168.157.194:43776], old=null, confs=<EMPTY_MAP>
2019-08-29 08:45:40,196 [pool-209-thread-1] INFO  server.RaftServerConfigKeys (ConfUtils.java:logGet(43)) - raft.server.storage.dir = [/workdir/hadoop-ozone/integration-test/target/test-dir/MiniOzoneClusterImpl-43bc7ae7-4e66-4855-88e6-16f3e36bad4f/datanode-6/data/ratis] (custom)
2019-08-29 08:45:40,196 [pool-209-thread-1] INFO  storage.RaftStorageDirectory (RaftStorageDirectory.java:analyzeStorage(246)) - The storage directory /workdir/hadoop-ozone/integration-test/target/test-dir/MiniOzoneClusterImpl-43bc7ae7-4e66-4855-88e6-16f3e36bad4f/datanode-6/data/ratis/cac51f17-f390-43b4-9ed8-c60ac54ef87a does not exist. Creating ...
2019-08-29 08:45:40,212 [IPC Server handler 5 on 46034] INFO  net.NetworkTopology (NetworkTopologyImpl.java:add(110)) - Added a new node: /rack1/ead32545-d171-4909-a11e-9b7dde0365ee
2019-08-29 08:45:40,212 [IPC Server handler 5 on 46034] INFO  node.SCMNodeManager (SCMNodeManager.java:register(273)) - Registered Data node : ead32545-d171-4909-a11e-9b7dde0365ee{ip: 192.168.157.194, host: pr-hdds-2042-w774d-3815662616, networkLocation: /rack1, certSerialId: null}
2019-08-29 08:45:40,212 | INFO  | SCMAudit | user=jenkins1000 | ip=192.168.157.194 | op=REGISTER {datanodeDetails=ead32545-d171-4909-a11e-9b7dde0365ee{ip: 192.168.157.194, host: pr-hdds-2042-w774d-3815662616, networkLocation: /default-rack, certSerialId: null}} | ret=SUCCESS |  
2019-08-29 08:45:40,240 [pool-209-thread-1] INFO  storage.RaftStorageDirectory (RaftStorageDirectory.java:tryLock(328)) - Lock on /workdir/hadoop-ozone/integration-test/target/test-dir/MiniOzoneClusterImpl-43bc7ae7-4e66-4855-88e6-16f3e36bad4f/datanode-6/data/ratis/cac51f17-f390-43b4-9ed8-c60ac54ef87a/in_use.lock acquired by nodename 24105@pr-hdds-2042-w774d-3815662616
2019-08-29 08:45:40,254 [pool-209-thread-1] INFO  storage.RaftStorage (RaftStorage.java:format(72)) - Storage directory /workdir/hadoop-ozone/integration-test/target/test-dir/MiniOzoneClusterImpl-43bc7ae7-4e66-4855-88e6-16f3e36bad4f/datanode-6/data/ratis/cac51f17-f390-43b4-9ed8-c60ac54ef87a has been successfully formatted.
2019-08-29 08:45:40,254 [pool-209-thread-1] INFO  ratis.ContainerStateMachine (ContainerStateMachine.java:loadSnapshot(227)) - group-C60AC54EF87A: The snapshot info is null. Setting the last applied indexto:(t:0, i:~)
2019-08-29 08:45:40,255 [pool-209-thread-1] INFO  server.RaftServerConfigKeys (ConfUtils.java:logGet(43)) - raft.server.leader.election.timeout = 120s (custom)
2019-08-29 08:45:40,255 [pool-209-thread-1] INFO  server.RaftServerConfigKeys (ConfUtils.java:logGet(43)) - raft.server.log.use.memory = false (default)
2019-08-29 08:45:40,255 [pool-209-thread-1] INFO  server.RaftServerConfigKeys (ConfUtils.java:logGet(43)) - raft.server.log.purge.gap = 1000000 (custom)
2019-08-29 08:45:40,255 [pool-209-thread-1] INFO  server.RaftServerConfigKeys (ConfUtils.java:logGet(43)) - raft.server.log.appender.buffer.byte-limit = 33554432 (custom)
2019-08-29 08:45:40,255 [pool-209-thread-1] INFO  server.RaftServerConfigKeys (ConfUtils.java:logGet(43)) - raft.server.log.segment.size.max = 1048576 (custom)
2019-08-29 08:45:40,255 [pool-209-thread-1] INFO  server.RaftServerConfigKeys (ConfUtils.java:logGet(43)) - raft.server.log.segment.cache.num.max = 2 (custom)
2019-08-29 08:45:40,255 [pool-209-thread-1] INFO  segmented.SegmentedRaftLogWorker (SegmentedRaftLogWorker.java:<init>(172)) - new 691d973f-4ee5-4b71-9c79-714a3e15e6a2-SegmentedRaftLogWorker:Storage Directory /workdir/hadoop-ozone/integration-test/target/test-dir/MiniOzoneClusterImpl-43bc7ae7-4e66-4855-88e6-16f3e36bad4f/datanode-6/data/ratis/cac51f17-f390-43b4-9ed8-c60ac54ef87a for RaftStorage:Storage Directory /workdir/hadoop-ozone/integration-test/target/test-dir/MiniOzoneClusterImpl-43bc7ae7-4e66-4855-88e6-16f3e36bad4f/datanode-6/data/ratis/cac51f17-f390-43b4-9ed8-c60ac54ef87a
2019-08-29 08:45:40,256 [pool-209-thread-1] INFO  server.RaftServerConfigKeys (ConfUtils.java:logGet(43)) - raft.server.log.queue.byte-limit = 2147483647 (custom)
2019-08-29 08:45:40,256 [pool-209-thread-1] INFO  server.RaftServerConfigKeys (ConfUtils.java:logGet(43)) - raft.server.log.queue.element-limit = 1024 (custom)
2019-08-29 08:45:40,256 [pool-209-thread-1] INFO  server.RaftServerConfigKeys (ConfUtils.java:logGet(43)) - raft.server.log.segment.size.max = 1048576 (custom)
2019-08-29 08:45:40,256 [pool-209-thread-1] INFO  server.RaftServerConfigKeys (ConfUtils.java:logGet(43)) - raft.server.log.preallocated.size = 16384 (custom)
2019-08-29 08:45:40,256 [pool-209-thread-1] INFO  server.RaftServerConfigKeys (ConfUtils.java:logGet(43)) - raft.server.log.write.buffer.size = 33554432 (custom)
2019-08-29 08:45:40,256 [pool-209-thread-1] INFO  server.RaftServerConfigKeys (ConfUtils.java:logGet(43)) - raft.server.log.force.sync.num = 128 (default)
2019-08-29 08:45:40,257 [pool-209-thread-1] INFO  server.RaftServerConfigKeys (ConfUtils.java:logGet(43)) - raft.server.log.statemachine.data.sync = true (default)
2019-08-29 08:45:40,257 [pool-209-thread-1] INFO  server.RaftServerConfigKeys (ConfUtils.java:logGet(43)) - raft.server.log.statemachine.data.sync.timeout = 10s (default)
2019-08-29 08:45:40,257 [pool-209-thread-1] INFO  server.RaftServerConfigKeys (ConfUtils.java:logGet(43)) - raft.server.log.statemachine.data.sync.timeout.retry = -1 (default)
2019-08-29 08:45:40,257 [pool-209-thread-1] INFO  server.RaftServerConfigKeys (ConfUtils.java:logGet(43)) - raft.server.log.statemachine.data.caching.enabled = true (custom)
2019-08-29 08:45:40,257 [pool-209-thread-1] INFO  segmented.SegmentedRaftLogWorker (SegmentedRaftLogWorker.java:lambda$new$0(132)) - 691d973f-4ee5-4b71-9c79-714a3e15e6a2-SegmentedRaftLogWorker:Storage Directory /workdir/hadoop-ozone/integration-test/target/test-dir/MiniOzoneClusterImpl-43bc7ae7-4e66-4855-88e6-16f3e36bad4f/datanode-6/data/ratis/cac51f17-f390-43b4-9ed8-c60ac54ef87a: flushIndex: setUnconditionally 0 -> -1
2019-08-29 08:45:40,258 [pool-209-thread-1] INFO  server.RaftServerConfigKeys (ConfUtils.java:logGet(43)) - raft.server.snapshot.auto.trigger.enabled = true (custom)
2019-08-29 08:45:40,258 [pool-209-thread-1] INFO  server.RaftServerConfigKeys (ConfUtils.java:logGet(43)) - raft.server.snapshot.auto.trigger.threshold = 10000 (custom)
2019-08-29 08:45:40,258 [pool-209-thread-1] INFO  server.RaftServerConfigKeys (ConfUtils.java:logGet(43)) - raft.server.retrycache.expirytime = 600000ms (custom)
2019-08-29 08:45:40,258 [pool-209-thread-1] INFO  impl.RaftServerImpl (RaftServerImpl.java:start(180)) - 691d973f-4ee5-4b71-9c79-714a3e15e6a2: start group-C60AC54EF87A
2019-08-29 08:45:40,258 [pool-209-thread-1] INFO  impl.RaftServerImpl (RaftServerImpl.java:setRole(171)) - 691d973f-4ee5-4b71-9c79-714a3e15e6a2:group-C60AC54EF87A changes role from null to FOLLOWER at term 0 for startAsFollower
2019-08-29 08:45:40,259 [pool-209-thread-1] INFO  impl.RoleInfo (RoleInfo.java:updateAndGet(143)) - 691d973f-4ee5-4b71-9c79-714a3e15e6a2: start FollowerState
2019-08-29 08:45:40,259 [pool-209-thread-1] INFO  util.JmxRegister (JmxRegister.java:tryRegister(44)) - Successfully registered JMX Bean with object name Ratis:service=RaftServer,group=group-C60AC54EF87A,id=691d973f-4ee5-4b71-9c79-714a3e15e6a2
2019-08-29 08:45:40,265 [RatisPipelineUtilsThread] INFO  pipeline.PipelineStateManager (PipelineStateManager.java:addPipeline(56)) - Created pipeline Pipeline[ Id: cac51f17-f390-43b4-9ed8-c60ac54ef87a, Nodes: 691d973f-4ee5-4b71-9c79-714a3e15e6a2{ip: 192.168.157.194, host: pr-hdds-2042-w774d-3815662616, networkLocation: /rack1, certSerialId: null}, Type:RATIS, Factor:ONE, State:OPEN]
2019-08-29 08:45:40,274 [grpc-default-executor-3] INFO  impl.RaftServerProxy (RaftServerProxy.java:addNew(89)) - ead32545-d171-4909-a11e-9b7dde0365ee: addNew group-AC8EC9305C41:[ead32545-d171-4909-a11e-9b7dde0365ee:192.168.157.194:46882] returns group-AC8EC9305C41:java.util.concurrent.CompletableFuture@7022e22c[Not completed]
2019-08-29 08:45:40,275 [pool-219-thread-1] INFO  impl.RaftServerImpl (RaftServerImpl.java:<init>(93)) - ead32545-d171-4909-a11e-9b7dde0365ee: new RaftServerImpl for group-AC8EC9305C41:[ead32545-d171-4909-a11e-9b7dde0365ee:192.168.157.194:46882] with ContainerStateMachine:uninitialized
2019-08-29 08:45:40,275 [pool-219-thread-1] INFO  server.RaftServerConfigKeys (ConfUtils.java:logGet(43)) - raft.server.rpc.timeout.min = 1s (custom)
2019-08-29 08:45:40,275 [pool-219-thread-1] INFO  server.RaftServerConfigKeys (ConfUtils.java:logGet(43)) - raft.server.rpc.timeout.max = 1200ms (custom)
2019-08-29 08:45:40,275 [pool-219-thread-1] INFO  server.RaftServerConfigKeys (ConfUtils.java:logGet(43)) - raft.server.rpcslowness.timeout = 120s (custom)
2019-08-29 08:45:40,275 [pool-219-thread-1] INFO  server.RaftServerConfigKeys (ConfUtils.java:logGet(43)) - raft.server.sleep.deviation.threshold = 300 (default)
2019-08-29 08:45:40,275 [pool-219-thread-1] INFO  server.RaftServerConfigKeys (ConfUtils.java:logGet(43)) - raft.server.log.appender.install.snapshot.enabled = false (custom)
2019-08-29 08:45:40,276 [pool-219-thread-1] INFO  impl.RaftServerImpl (ServerState.java:<init>(105)) - ead32545-d171-4909-a11e-9b7dde0365ee:group-AC8EC9305C41 ConfigurationManager, init=-1: [ead32545-d171-4909-a11e-9b7dde0365ee:192.168.157.194:46882], old=null, confs=<EMPTY_MAP>
2019-08-29 08:45:40,276 [pool-219-thread-1] INFO  server.RaftServerConfigKeys (ConfUtils.java:logGet(43)) - raft.server.storage.dir = [/workdir/hadoop-ozone/integration-test/target/test-dir/MiniOzoneClusterImpl-43bc7ae7-4e66-4855-88e6-16f3e36bad4f/datanode-7/data/ratis] (custom)
2019-08-29 08:45:40,276 [pool-219-thread-1] INFO  storage.RaftStorageDirectory (RaftStorageDirectory.java:analyzeStorage(246)) - The storage directory /workdir/hadoop-ozone/integration-test/target/test-dir/MiniOzoneClusterImpl-43bc7ae7-4e66-4855-88e6-16f3e36bad4f/datanode-7/data/ratis/94a1b149-8f82-476b-9650-ac8ec9305c41 does not exist. Creating ...
2019-08-29 08:45:40,282 [pool-219-thread-1] INFO  storage.RaftStorageDirectory (RaftStorageDirectory.java:tryLock(328)) - Lock on /workdir/hadoop-ozone/integration-test/target/test-dir/MiniOzoneClusterImpl-43bc7ae7-4e66-4855-88e6-16f3e36bad4f/datanode-7/data/ratis/94a1b149-8f82-476b-9650-ac8ec9305c41/in_use.lock acquired by nodename 24105@pr-hdds-2042-w774d-3815662616
2019-08-29 08:45:40,291 [IPC Server handler 10 on 46034] INFO  net.NetworkTopology (NetworkTopologyImpl.java:add(110)) - Added a new node: /rack1/b6aa82e4-5823-49f6-a34d-d75ec3f4bf0a
2019-08-29 08:45:40,291 [IPC Server handler 10 on 46034] INFO  node.SCMNodeManager (SCMNodeManager.java:register(273)) - Registered Data node : b6aa82e4-5823-49f6-a34d-d75ec3f4bf0a{ip: 192.168.157.194, host: pr-hdds-2042-w774d-3815662616, networkLocation: /rack1, certSerialId: null}
2019-08-29 08:45:40,292 | INFO  | SCMAudit | user=jenkins1000 | ip=192.168.157.194 | op=REGISTER {datanodeDetails=b6aa82e4-5823-49f6-a34d-d75ec3f4bf0a{ip: 192.168.157.194, host: pr-hdds-2042-w774d-3815662616, networkLocation: /default-rack, certSerialId: null}} | ret=SUCCESS |  
2019-08-29 08:45:40,296 [pool-219-thread-1] INFO  storage.RaftStorage (RaftStorage.java:format(72)) - Storage directory /workdir/hadoop-ozone/integration-test/target/test-dir/MiniOzoneClusterImpl-43bc7ae7-4e66-4855-88e6-16f3e36bad4f/datanode-7/data/ratis/94a1b149-8f82-476b-9650-ac8ec9305c41 has been successfully formatted.
2019-08-29 08:45:40,296 [pool-219-thread-1] INFO  ratis.ContainerStateMachine (ContainerStateMachine.java:loadSnapshot(227)) - group-AC8EC9305C41: The snapshot info is null. Setting the last applied indexto:(t:0, i:~)
2019-08-29 08:45:40,296 [pool-219-thread-1] INFO  server.RaftServerConfigKeys (ConfUtils.java:logGet(43)) - raft.server.leader.election.timeout = 120s (custom)
2019-08-29 08:45:40,297 [pool-219-thread-1] INFO  server.RaftServerConfigKeys (ConfUtils.java:logGet(43)) - raft.server.log.use.memory = false (default)
2019-08-29 08:45:40,297 [pool-219-thread-1] INFO  server.RaftServerConfigKeys (ConfUtils.java:logGet(43)) - raft.server.log.purge.gap = 1000000 (custom)
2019-08-29 08:45:40,297 [pool-219-thread-1] INFO  server.RaftServerConfigKeys (ConfUtils.java:logGet(43)) - raft.server.log.appender.buffer.byte-limit = 33554432 (custom)
2019-08-29 08:45:40,297 [pool-219-thread-1] INFO  server.RaftServerConfigKeys (ConfUtils.java:logGet(43)) - raft.server.log.segment.size.max = 1048576 (custom)
2019-08-29 08:45:40,297 [pool-219-thread-1] INFO  server.RaftServerConfigKeys (ConfUtils.java:logGet(43)) - raft.server.log.segment.cache.num.max = 2 (custom)
2019-08-29 08:45:40,297 [pool-219-thread-1] INFO  segmented.SegmentedRaftLogWorker (SegmentedRaftLogWorker.java:<init>(172)) - new ead32545-d171-4909-a11e-9b7dde0365ee-SegmentedRaftLogWorker:Storage Directory /workdir/hadoop-ozone/integration-test/target/test-dir/MiniOzoneClusterImpl-43bc7ae7-4e66-4855-88e6-16f3e36bad4f/datanode-7/data/ratis/94a1b149-8f82-476b-9650-ac8ec9305c41 for RaftStorage:Storage Directory /workdir/hadoop-ozone/integration-test/target/test-dir/MiniOzoneClusterImpl-43bc7ae7-4e66-4855-88e6-16f3e36bad4f/datanode-7/data/ratis/94a1b149-8f82-476b-9650-ac8ec9305c41
2019-08-29 08:45:40,297 [pool-219-thread-1] INFO  server.RaftServerConfigKeys (ConfUtils.java:logGet(43)) - raft.server.log.queue.byte-limit = 2147483647 (custom)
2019-08-29 08:45:40,297 [pool-219-thread-1] INFO  server.RaftServerConfigKeys (ConfUtils.java:logGet(43)) - raft.server.log.queue.element-limit = 1024 (custom)
2019-08-29 08:45:40,298 [pool-219-thread-1] INFO  server.RaftServerConfigKeys (ConfUtils.java:logGet(43)) - raft.server.log.segment.size.max = 1048576 (custom)
2019-08-29 08:45:40,298 [pool-219-thread-1] INFO  server.RaftServerConfigKeys (ConfUtils.java:logGet(43)) - raft.server.log.preallocated.size = 16384 (custom)
2019-08-29 08:45:40,298 [pool-219-thread-1] INFO  server.RaftServerConfigKeys (ConfUtils.java:logGet(43)) - raft.server.log.write.buffer.size = 33554432 (custom)
2019-08-29 08:45:40,298 [pool-219-thread-1] INFO  server.RaftServerConfigKeys (ConfUtils.java:logGet(43)) - raft.server.log.force.sync.num = 128 (default)
2019-08-29 08:45:40,298 [pool-219-thread-1] INFO  server.RaftServerConfigKeys (ConfUtils.java:logGet(43)) - raft.server.log.statemachine.data.sync = true (default)
2019-08-29 08:45:40,298 [pool-219-thread-1] INFO  server.RaftServerConfigKeys (ConfUtils.java:logGet(43)) - raft.server.log.statemachine.data.sync.timeout = 10s (default)
2019-08-29 08:45:40,298 [pool-219-thread-1] INFO  server.RaftServerConfigKeys (ConfUtils.java:logGet(43)) - raft.server.log.statemachine.data.sync.timeout.retry = -1 (default)
2019-08-29 08:45:40,299 [pool-219-thread-1] INFO  server.RaftServerConfigKeys (ConfUtils.java:logGet(43)) - raft.server.log.statemachine.data.caching.enabled = true (custom)
2019-08-29 08:45:40,299 [pool-219-thread-1] INFO  segmented.SegmentedRaftLogWorker (SegmentedRaftLogWorker.java:lambda$new$0(132)) - ead32545-d171-4909-a11e-9b7dde0365ee-SegmentedRaftLogWorker:Storage Directory /workdir/hadoop-ozone/integration-test/target/test-dir/MiniOzoneClusterImpl-43bc7ae7-4e66-4855-88e6-16f3e36bad4f/datanode-7/data/ratis/94a1b149-8f82-476b-9650-ac8ec9305c41: flushIndex: setUnconditionally 0 -> -1
2019-08-29 08:45:40,299 [pool-219-thread-1] INFO  server.RaftServerConfigKeys (ConfUtils.java:logGet(43)) - raft.server.snapshot.auto.trigger.enabled = true (custom)
2019-08-29 08:45:40,299 [pool-219-thread-1] INFO  server.RaftServerConfigKeys (ConfUtils.java:logGet(43)) - raft.server.snapshot.auto.trigger.threshold = 10000 (custom)
2019-08-29 08:45:40,300 [pool-219-thread-1] INFO  server.RaftServerConfigKeys (ConfUtils.java:logGet(43)) - raft.server.retrycache.expirytime = 600000ms (custom)
2019-08-29 08:45:40,300 [pool-219-thread-1] INFO  impl.RaftServerImpl (RaftServerImpl.java:start(180)) - ead32545-d171-4909-a11e-9b7dde0365ee: start group-AC8EC9305C41
2019-08-29 08:45:40,300 [pool-219-thread-1] INFO  impl.RaftServerImpl (RaftServerImpl.java:setRole(171)) - ead32545-d171-4909-a11e-9b7dde0365ee:group-AC8EC9305C41 changes role from null to FOLLOWER at term 0 for startAsFollower
2019-08-29 08:45:40,300 [pool-219-thread-1] INFO  impl.RoleInfo (RoleInfo.java:updateAndGet(143)) - ead32545-d171-4909-a11e-9b7dde0365ee: start FollowerState
2019-08-29 08:45:40,300 [pool-219-thread-1] INFO  util.JmxRegister (JmxRegister.java:tryRegister(44)) - Successfully registered JMX Bean with object name Ratis:service=RaftServer,group=group-AC8EC9305C41,id=ead32545-d171-4909-a11e-9b7dde0365ee
2019-08-29 08:45:40,312 [RatisPipelineUtilsThread] INFO  pipeline.PipelineStateManager (PipelineStateManager.java:addPipeline(56)) - Created pipeline Pipeline[ Id: 94a1b149-8f82-476b-9650-ac8ec9305c41, Nodes: ead32545-d171-4909-a11e-9b7dde0365ee{ip: 192.168.157.194, host: pr-hdds-2042-w774d-3815662616, networkLocation: /rack1, certSerialId: null}, Type:RATIS, Factor:ONE, State:OPEN]
2019-08-29 08:45:40,321 [grpc-default-executor-3] INFO  impl.RaftServerProxy (RaftServerProxy.java:addNew(89)) - b6aa82e4-5823-49f6-a34d-d75ec3f4bf0a: addNew group-0ADD4CCD3DD5:[b6aa82e4-5823-49f6-a34d-d75ec3f4bf0a:192.168.157.194:39858] returns group-0ADD4CCD3DD5:java.util.concurrent.CompletableFuture@785f74aa[Not completed]
2019-08-29 08:45:40,323 [pool-229-thread-1] INFO  impl.RaftServerImpl (RaftServerImpl.java:<init>(93)) - b6aa82e4-5823-49f6-a34d-d75ec3f4bf0a: new RaftServerImpl for group-0ADD4CCD3DD5:[b6aa82e4-5823-49f6-a34d-d75ec3f4bf0a:192.168.157.194:39858] with ContainerStateMachine:uninitialized
2019-08-29 08:45:40,323 [pool-229-thread-1] INFO  server.RaftServerConfigKeys (ConfUtils.java:logGet(43)) - raft.server.rpc.timeout.min = 1s (custom)
2019-08-29 08:45:40,323 [pool-229-thread-1] INFO  server.RaftServerConfigKeys (ConfUtils.java:logGet(43)) - raft.server.rpc.timeout.max = 1200ms (custom)
2019-08-29 08:45:40,323 [pool-229-thread-1] INFO  server.RaftServerConfigKeys (ConfUtils.java:logGet(43)) - raft.server.rpcslowness.timeout = 120s (custom)
2019-08-29 08:45:40,323 [pool-229-thread-1] INFO  server.RaftServerConfigKeys (ConfUtils.java:logGet(43)) - raft.server.sleep.deviation.threshold = 300 (default)
2019-08-29 08:45:40,324 [pool-229-thread-1] INFO  server.RaftServerConfigKeys (ConfUtils.java:logGet(43)) - raft.server.log.appender.install.snapshot.enabled = false (custom)
2019-08-29 08:45:40,324 [pool-229-thread-1] INFO  impl.RaftServerImpl (ServerState.java:<init>(105)) - b6aa82e4-5823-49f6-a34d-d75ec3f4bf0a:group-0ADD4CCD3DD5 ConfigurationManager, init=-1: [b6aa82e4-5823-49f6-a34d-d75ec3f4bf0a:192.168.157.194:39858], old=null, confs=<EMPTY_MAP>
2019-08-29 08:45:40,324 [pool-229-thread-1] INFO  server.RaftServerConfigKeys (ConfUtils.java:logGet(43)) - raft.server.storage.dir = [/workdir/hadoop-ozone/integration-test/target/test-dir/MiniOzoneClusterImpl-43bc7ae7-4e66-4855-88e6-16f3e36bad4f/datanode-8/data/ratis] (custom)
2019-08-29 08:45:40,324 [pool-229-thread-1] INFO  storage.RaftStorageDirectory (RaftStorageDirectory.java:analyzeStorage(246)) - The storage directory /workdir/hadoop-ozone/integration-test/target/test-dir/MiniOzoneClusterImpl-43bc7ae7-4e66-4855-88e6-16f3e36bad4f/datanode-8/data/ratis/54955165-a55b-4276-a150-0add4ccd3dd5 does not exist. Creating ...
2019-08-29 08:45:40,331 [pool-229-thread-1] INFO  storage.RaftStorageDirectory (RaftStorageDirectory.java:tryLock(328)) - Lock on /workdir/hadoop-ozone/integration-test/target/test-dir/MiniOzoneClusterImpl-43bc7ae7-4e66-4855-88e6-16f3e36bad4f/datanode-8/data/ratis/54955165-a55b-4276-a150-0add4ccd3dd5/in_use.lock acquired by nodename 24105@pr-hdds-2042-w774d-3815662616
2019-08-29 08:45:40,340 [pool-229-thread-1] INFO  storage.RaftStorage (RaftStorage.java:format(72)) - Storage directory /workdir/hadoop-ozone/integration-test/target/test-dir/MiniOzoneClusterImpl-43bc7ae7-4e66-4855-88e6-16f3e36bad4f/datanode-8/data/ratis/54955165-a55b-4276-a150-0add4ccd3dd5 has been successfully formatted.
2019-08-29 08:45:40,340 [pool-229-thread-1] INFO  ratis.ContainerStateMachine (ContainerStateMachine.java:loadSnapshot(227)) - group-0ADD4CCD3DD5: The snapshot info is null. Setting the last applied indexto:(t:0, i:~)
2019-08-29 08:45:40,340 [pool-229-thread-1] INFO  server.RaftServerConfigKeys (ConfUtils.java:logGet(43)) - raft.server.leader.election.timeout = 120s (custom)
2019-08-29 08:45:40,341 [pool-229-thread-1] INFO  server.RaftServerConfigKeys (ConfUtils.java:logGet(43)) - raft.server.log.use.memory = false (default)
2019-08-29 08:45:40,341 [pool-229-thread-1] INFO  server.RaftServerConfigKeys (ConfUtils.java:logGet(43)) - raft.server.log.purge.gap = 1000000 (custom)
2019-08-29 08:45:40,341 [pool-229-thread-1] INFO  server.RaftServerConfigKeys (ConfUtils.java:logGet(43)) - raft.server.log.appender.buffer.byte-limit = 33554432 (custom)
2019-08-29 08:45:40,341 [pool-229-thread-1] INFO  server.RaftServerConfigKeys (ConfUtils.java:logGet(43)) - raft.server.log.segment.size.max = 1048576 (custom)
2019-08-29 08:45:40,341 [pool-229-thread-1] INFO  server.RaftServerConfigKeys (ConfUtils.java:logGet(43)) - raft.server.log.segment.cache.num.max = 2 (custom)
2019-08-29 08:45:40,341 [pool-229-thread-1] INFO  segmented.SegmentedRaftLogWorker (SegmentedRaftLogWorker.java:<init>(172)) - new b6aa82e4-5823-49f6-a34d-d75ec3f4bf0a-SegmentedRaftLogWorker:Storage Directory /workdir/hadoop-ozone/integration-test/target/test-dir/MiniOzoneClusterImpl-43bc7ae7-4e66-4855-88e6-16f3e36bad4f/datanode-8/data/ratis/54955165-a55b-4276-a150-0add4ccd3dd5 for RaftStorage:Storage Directory /workdir/hadoop-ozone/integration-test/target/test-dir/MiniOzoneClusterImpl-43bc7ae7-4e66-4855-88e6-16f3e36bad4f/datanode-8/data/ratis/54955165-a55b-4276-a150-0add4ccd3dd5
2019-08-29 08:45:40,342 [pool-229-thread-1] INFO  server.RaftServerConfigKeys (ConfUtils.java:logGet(43)) - raft.server.log.queue.byte-limit = 2147483647 (custom)
2019-08-29 08:45:40,342 [pool-229-thread-1] INFO  server.RaftServerConfigKeys (ConfUtils.java:logGet(43)) - raft.server.log.queue.element-limit = 1024 (custom)
2019-08-29 08:45:40,342 [pool-229-thread-1] INFO  server.RaftServerConfigKeys (ConfUtils.java:logGet(43)) - raft.server.log.segment.size.max = 1048576 (custom)
2019-08-29 08:45:40,342 [pool-229-thread-1] INFO  server.RaftServerConfigKeys (ConfUtils.java:logGet(43)) - raft.server.log.preallocated.size = 16384 (custom)
2019-08-29 08:45:40,342 [pool-229-thread-1] INFO  server.RaftServerConfigKeys (ConfUtils.java:logGet(43)) - raft.server.log.write.buffer.size = 33554432 (custom)
2019-08-29 08:45:40,342 [pool-229-thread-1] INFO  server.RaftServerConfigKeys (ConfUtils.java:logGet(43)) - raft.server.log.force.sync.num = 128 (default)
2019-08-29 08:45:40,343 [pool-229-thread-1] INFO  server.RaftServerConfigKeys (ConfUtils.java:logGet(43)) - raft.server.log.statemachine.data.sync = true (default)
2019-08-29 08:45:40,343 [pool-229-thread-1] INFO  server.RaftServerConfigKeys (ConfUtils.java:logGet(43)) - raft.server.log.statemachine.data.sync.timeout = 10s (default)
2019-08-29 08:45:40,343 [pool-229-thread-1] INFO  server.RaftServerConfigKeys (ConfUtils.java:logGet(43)) - raft.server.log.statemachine.data.sync.timeout.retry = -1 (default)
2019-08-29 08:45:40,343 [pool-229-thread-1] INFO  server.RaftServerConfigKeys (ConfUtils.java:logGet(43)) - raft.server.log.statemachine.data.caching.enabled = true (custom)
2019-08-29 08:45:40,344 [pool-229-thread-1] INFO  segmented.SegmentedRaftLogWorker (SegmentedRaftLogWorker.java:lambda$new$0(132)) - b6aa82e4-5823-49f6-a34d-d75ec3f4bf0a-SegmentedRaftLogWorker:Storage Directory /workdir/hadoop-ozone/integration-test/target/test-dir/MiniOzoneClusterImpl-43bc7ae7-4e66-4855-88e6-16f3e36bad4f/datanode-8/data/ratis/54955165-a55b-4276-a150-0add4ccd3dd5: flushIndex: setUnconditionally 0 -> -1
2019-08-29 08:45:40,344 [pool-229-thread-1] INFO  server.RaftServerConfigKeys (ConfUtils.java:logGet(43)) - raft.server.snapshot.auto.trigger.enabled = true (custom)
2019-08-29 08:45:40,344 [pool-229-thread-1] INFO  server.RaftServerConfigKeys (ConfUtils.java:logGet(43)) - raft.server.snapshot.auto.trigger.threshold = 10000 (custom)
2019-08-29 08:45:40,344 [pool-229-thread-1] INFO  server.RaftServerConfigKeys (ConfUtils.java:logGet(43)) - raft.server.retrycache.expirytime = 600000ms (custom)
2019-08-29 08:45:40,344 [pool-229-thread-1] INFO  impl.RaftServerImpl (RaftServerImpl.java:start(180)) - b6aa82e4-5823-49f6-a34d-d75ec3f4bf0a: start group-0ADD4CCD3DD5
2019-08-29 08:45:40,345 [pool-229-thread-1] INFO  impl.RaftServerImpl (RaftServerImpl.java:setRole(171)) - b6aa82e4-5823-49f6-a34d-d75ec3f4bf0a:group-0ADD4CCD3DD5 changes role from null to FOLLOWER at term 0 for startAsFollower
2019-08-29 08:45:40,345 [pool-229-thread-1] INFO  impl.RoleInfo (RoleInfo.java:updateAndGet(143)) - b6aa82e4-5823-49f6-a34d-d75ec3f4bf0a: start FollowerState
2019-08-29 08:45:40,345 [pool-229-thread-1] INFO  util.JmxRegister (JmxRegister.java:tryRegister(44)) - Successfully registered JMX Bean with object name Ratis:service=RaftServer,group=group-0ADD4CCD3DD5,id=b6aa82e4-5823-49f6-a34d-d75ec3f4bf0a
2019-08-29 08:45:40,351 [RatisPipelineUtilsThread] INFO  pipeline.PipelineStateManager (PipelineStateManager.java:addPipeline(56)) - Created pipeline Pipeline[ Id: 54955165-a55b-4276-a150-0add4ccd3dd5, Nodes: b6aa82e4-5823-49f6-a34d-d75ec3f4bf0a{ip: 192.168.157.194, host: pr-hdds-2042-w774d-3815662616, networkLocation: /rack1, certSerialId: null}, Type:RATIS, Factor:ONE, State:OPEN]
2019-08-29 08:45:40,372 [grpc-default-executor-3] INFO  impl.RaftServerProxy (RaftServerProxy.java:addNew(89)) - 94988375-8e84-4aa9-97e8-8e5d754fbb51: addNew group-832A939584E8:[94988375-8e84-4aa9-97e8-8e5d754fbb51:192.168.157.194:40870] returns group-832A939584E8:java.util.concurrent.CompletableFuture@61faa832[Not completed]
2019-08-29 08:45:40,373 [pool-189-thread-1] INFO  impl.RaftServerImpl (RaftServerImpl.java:<init>(93)) - 94988375-8e84-4aa9-97e8-8e5d754fbb51: new RaftServerImpl for group-832A939584E8:[94988375-8e84-4aa9-97e8-8e5d754fbb51:192.168.157.194:40870] with ContainerStateMachine:uninitialized
2019-08-29 08:45:40,373 [pool-189-thread-1] INFO  server.RaftServerConfigKeys (ConfUtils.java:logGet(43)) - raft.server.rpc.timeout.min = 1s (custom)
2019-08-29 08:45:40,373 [pool-189-thread-1] INFO  server.RaftServerConfigKeys (ConfUtils.java:logGet(43)) - raft.server.rpc.timeout.max = 1200ms (custom)
2019-08-29 08:45:40,374 [pool-189-thread-1] INFO  server.RaftServerConfigKeys (ConfUtils.java:logGet(43)) - raft.server.rpcslowness.timeout = 120s (custom)
2019-08-29 08:45:40,374 [pool-189-thread-1] INFO  server.RaftServerConfigKeys (ConfUtils.java:logGet(43)) - raft.server.sleep.deviation.threshold = 300 (default)
2019-08-29 08:45:40,374 [pool-189-thread-1] INFO  server.RaftServerConfigKeys (ConfUtils.java:logGet(43)) - raft.server.log.appender.install.snapshot.enabled = false (custom)
2019-08-29 08:45:40,374 [pool-189-thread-1] INFO  impl.RaftServerImpl (ServerState.java:<init>(105)) - 94988375-8e84-4aa9-97e8-8e5d754fbb51:group-832A939584E8 ConfigurationManager, init=-1: [94988375-8e84-4aa9-97e8-8e5d754fbb51:192.168.157.194:40870], old=null, confs=<EMPTY_MAP>
2019-08-29 08:45:40,374 [pool-189-thread-1] INFO  server.RaftServerConfigKeys (ConfUtils.java:logGet(43)) - raft.server.storage.dir = [/workdir/hadoop-ozone/integration-test/target/test-dir/MiniOzoneClusterImpl-43bc7ae7-4e66-4855-88e6-16f3e36bad4f/datanode-4/data/ratis] (custom)
2019-08-29 08:45:40,374 [pool-189-thread-1] INFO  storage.RaftStorageDirectory (RaftStorageDirectory.java:analyzeStorage(246)) - The storage directory /workdir/hadoop-ozone/integration-test/target/test-dir/MiniOzoneClusterImpl-43bc7ae7-4e66-4855-88e6-16f3e36bad4f/datanode-4/data/ratis/e29990f0-8564-419c-aa3a-832a939584e8 does not exist. Creating ...
2019-08-29 08:45:40,404 [main] INFO  ozone.MiniOzoneClusterImpl (MiniOzoneClusterImpl.java:lambda$waitForClusterToBeReady$0(140)) - Waiting for cluster to be ready. Got 9 of 10 DN Heartbeats.
2019-08-29 08:45:40,405 [IPC Server handler 9 on 46034] INFO  net.NetworkTopology (NetworkTopologyImpl.java:add(110)) - Added a new node: /rack1/aeaf91a4-7b36-452e-90c9-b2e74ddba1a8
2019-08-29 08:45:40,405 [IPC Server handler 9 on 46034] INFO  node.SCMNodeManager (SCMNodeManager.java:register(273)) - Registered Data node : aeaf91a4-7b36-452e-90c9-b2e74ddba1a8{ip: 192.168.157.194, host: pr-hdds-2042-w774d-3815662616, networkLocation: /rack1, certSerialId: null}
2019-08-29 08:45:40,405 | INFO  | SCMAudit | user=jenkins1000 | ip=192.168.157.194 | op=REGISTER {datanodeDetails=aeaf91a4-7b36-452e-90c9-b2e74ddba1a8{ip: 192.168.157.194, host: pr-hdds-2042-w774d-3815662616, networkLocation: /default-rack, certSerialId: null}} | ret=SUCCESS |  
2019-08-29 08:45:40,453 [pool-189-thread-1] INFO  storage.RaftStorageDirectory (RaftStorageDirectory.java:tryLock(328)) - Lock on /workdir/hadoop-ozone/integration-test/target/test-dir/MiniOzoneClusterImpl-43bc7ae7-4e66-4855-88e6-16f3e36bad4f/datanode-4/data/ratis/e29990f0-8564-419c-aa3a-832a939584e8/in_use.lock acquired by nodename 24105@pr-hdds-2042-w774d-3815662616
2019-08-29 08:45:40,480 [pool-189-thread-1] INFO  storage.RaftStorage (RaftStorage.java:format(72)) - Storage directory /workdir/hadoop-ozone/integration-test/target/test-dir/MiniOzoneClusterImpl-43bc7ae7-4e66-4855-88e6-16f3e36bad4f/datanode-4/data/ratis/e29990f0-8564-419c-aa3a-832a939584e8 has been successfully formatted.
2019-08-29 08:45:40,480 [pool-189-thread-1] INFO  ratis.ContainerStateMachine (ContainerStateMachine.java:loadSnapshot(227)) - group-832A939584E8: The snapshot info is null. Setting the last applied indexto:(t:0, i:~)
2019-08-29 08:45:40,481 [pool-189-thread-1] INFO  server.RaftServerConfigKeys (ConfUtils.java:logGet(43)) - raft.server.leader.election.timeout = 120s (custom)
2019-08-29 08:45:40,481 [pool-189-thread-1] INFO  server.RaftServerConfigKeys (ConfUtils.java:logGet(43)) - raft.server.log.use.memory = false (default)
2019-08-29 08:45:40,481 [pool-189-thread-1] INFO  server.RaftServerConfigKeys (ConfUtils.java:logGet(43)) - raft.server.log.purge.gap = 1000000 (custom)
2019-08-29 08:45:40,481 [pool-189-thread-1] INFO  server.RaftServerConfigKeys (ConfUtils.java:logGet(43)) - raft.server.log.appender.buffer.byte-limit = 33554432 (custom)
2019-08-29 08:45:40,481 [pool-189-thread-1] INFO  server.RaftServerConfigKeys (ConfUtils.java:logGet(43)) - raft.server.log.segment.size.max = 1048576 (custom)
2019-08-29 08:45:40,481 [pool-189-thread-1] INFO  server.RaftServerConfigKeys (ConfUtils.java:logGet(43)) - raft.server.log.segment.cache.num.max = 2 (custom)
2019-08-29 08:45:40,482 [pool-189-thread-1] INFO  segmented.SegmentedRaftLogWorker (SegmentedRaftLogWorker.java:<init>(172)) - new 94988375-8e84-4aa9-97e8-8e5d754fbb51-SegmentedRaftLogWorker:Storage Directory /workdir/hadoop-ozone/integration-test/target/test-dir/MiniOzoneClusterImpl-43bc7ae7-4e66-4855-88e6-16f3e36bad4f/datanode-4/data/ratis/e29990f0-8564-419c-aa3a-832a939584e8 for RaftStorage:Storage Directory /workdir/hadoop-ozone/integration-test/target/test-dir/MiniOzoneClusterImpl-43bc7ae7-4e66-4855-88e6-16f3e36bad4f/datanode-4/data/ratis/e29990f0-8564-419c-aa3a-832a939584e8
2019-08-29 08:45:40,482 [pool-189-thread-1] INFO  server.RaftServerConfigKeys (ConfUtils.java:logGet(43)) - raft.server.log.queue.byte-limit = 2147483647 (custom)
2019-08-29 08:45:40,482 [pool-189-thread-1] INFO  server.RaftServerConfigKeys (ConfUtils.java:logGet(43)) - raft.server.log.queue.element-limit = 1024 (custom)
2019-08-29 08:45:40,482 [pool-189-thread-1] INFO  server.RaftServerConfigKeys (ConfUtils.java:logGet(43)) - raft.server.log.segment.size.max = 1048576 (custom)
2019-08-29 08:45:40,482 [pool-189-thread-1] INFO  server.RaftServerConfigKeys (ConfUtils.java:logGet(43)) - raft.server.log.preallocated.size = 16384 (custom)
2019-08-29 08:45:40,482 [pool-189-thread-1] INFO  server.RaftServerConfigKeys (ConfUtils.java:logGet(43)) - raft.server.log.write.buffer.size = 33554432 (custom)
2019-08-29 08:45:40,483 [pool-189-thread-1] INFO  server.RaftServerConfigKeys (ConfUtils.java:logGet(43)) - raft.server.log.force.sync.num = 128 (default)
2019-08-29 08:45:40,483 [pool-189-thread-1] INFO  server.RaftServerConfigKeys (ConfUtils.java:logGet(43)) - raft.server.log.statemachine.data.sync = true (default)
2019-08-29 08:45:40,483 [pool-189-thread-1] INFO  server.RaftServerConfigKeys (ConfUtils.java:logGet(43)) - raft.server.log.statemachine.data.sync.timeout = 10s (default)
2019-08-29 08:45:40,483 [pool-189-thread-1] INFO  server.RaftServerConfigKeys (ConfUtils.java:logGet(43)) - raft.server.log.statemachine.data.sync.timeout.retry = -1 (default)
2019-08-29 08:45:40,483 [pool-189-thread-1] INFO  server.RaftServerConfigKeys (ConfUtils.java:logGet(43)) - raft.server.log.statemachine.data.caching.enabled = true (custom)
2019-08-29 08:45:40,484 [pool-189-thread-1] INFO  segmented.SegmentedRaftLogWorker (SegmentedRaftLogWorker.java:lambda$new$0(132)) - 94988375-8e84-4aa9-97e8-8e5d754fbb51-SegmentedRaftLogWorker:Storage Directory /workdir/hadoop-ozone/integration-test/target/test-dir/MiniOzoneClusterImpl-43bc7ae7-4e66-4855-88e6-16f3e36bad4f/datanode-4/data/ratis/e29990f0-8564-419c-aa3a-832a939584e8: flushIndex: setUnconditionally 0 -> -1
2019-08-29 08:45:40,484 [pool-189-thread-1] INFO  server.RaftServerConfigKeys (ConfUtils.java:logGet(43)) - raft.server.snapshot.auto.trigger.enabled = true (custom)
2019-08-29 08:45:40,484 [pool-189-thread-1] INFO  server.RaftServerConfigKeys (ConfUtils.java:logGet(43)) - raft.server.snapshot.auto.trigger.threshold = 10000 (custom)
2019-08-29 08:45:40,484 [pool-189-thread-1] INFO  server.RaftServerConfigKeys (ConfUtils.java:logGet(43)) - raft.server.retrycache.expirytime = 600000ms (custom)
2019-08-29 08:45:40,485 [pool-189-thread-1] INFO  impl.RaftServerImpl (RaftServerImpl.java:start(180)) - 94988375-8e84-4aa9-97e8-8e5d754fbb51: start group-832A939584E8
2019-08-29 08:45:40,485 [pool-189-thread-1] INFO  impl.RaftServerImpl (RaftServerImpl.java:setRole(171)) - 94988375-8e84-4aa9-97e8-8e5d754fbb51:group-832A939584E8 changes role from null to FOLLOWER at term 0 for startAsFollower
2019-08-29 08:45:40,485 [pool-189-thread-1] INFO  impl.RoleInfo (RoleInfo.java:updateAndGet(143)) - 94988375-8e84-4aa9-97e8-8e5d754fbb51: start FollowerState
2019-08-29 08:45:40,485 [pool-189-thread-1] INFO  util.JmxRegister (JmxRegister.java:tryRegister(44)) - Successfully registered JMX Bean with object name Ratis:service=RaftServer,group=group-832A939584E8,id=94988375-8e84-4aa9-97e8-8e5d754fbb51
2019-08-29 08:45:40,492 [RatisPipelineUtilsThread] INFO  pipeline.PipelineStateManager (PipelineStateManager.java:addPipeline(56)) - Created pipeline Pipeline[ Id: e29990f0-8564-419c-aa3a-832a939584e8, Nodes: 94988375-8e84-4aa9-97e8-8e5d754fbb51{ip: 192.168.157.194, host: pr-hdds-2042-w774d-3815662616, networkLocation: /rack1, certSerialId: null}, Type:RATIS, Factor:ONE, State:OPEN]
2019-08-29 08:45:40,502 [grpc-default-executor-3] INFO  impl.RaftServerProxy (RaftServerProxy.java:addNew(89)) - aeaf91a4-7b36-452e-90c9-b2e74ddba1a8: addNew group-91D68ABEE7C8:[aeaf91a4-7b36-452e-90c9-b2e74ddba1a8:192.168.157.194:41794] returns group-91D68ABEE7C8:java.util.concurrent.CompletableFuture@2cfb90d1[Not completed]
2019-08-29 08:45:40,503 [pool-239-thread-1] INFO  impl.RaftServerImpl (RaftServerImpl.java:<init>(93)) - aeaf91a4-7b36-452e-90c9-b2e74ddba1a8: new RaftServerImpl for group-91D68ABEE7C8:[aeaf91a4-7b36-452e-90c9-b2e74ddba1a8:192.168.157.194:41794] with ContainerStateMachine:uninitialized
2019-08-29 08:45:40,503 [pool-239-thread-1] INFO  server.RaftServerConfigKeys (ConfUtils.java:logGet(43)) - raft.server.rpc.timeout.min = 1s (custom)
2019-08-29 08:45:40,504 [pool-239-thread-1] INFO  server.RaftServerConfigKeys (ConfUtils.java:logGet(43)) - raft.server.rpc.timeout.max = 1200ms (custom)
2019-08-29 08:45:40,504 [pool-239-thread-1] INFO  server.RaftServerConfigKeys (ConfUtils.java:logGet(43)) - raft.server.rpcslowness.timeout = 120s (custom)
2019-08-29 08:45:40,504 [pool-239-thread-1] INFO  server.RaftServerConfigKeys (ConfUtils.java:logGet(43)) - raft.server.sleep.deviation.threshold = 300 (default)
2019-08-29 08:45:40,504 [pool-239-thread-1] INFO  server.RaftServerConfigKeys (ConfUtils.java:logGet(43)) - raft.server.log.appender.install.snapshot.enabled = false (custom)
2019-08-29 08:45:40,504 [pool-239-thread-1] INFO  impl.RaftServerImpl (ServerState.java:<init>(105)) - aeaf91a4-7b36-452e-90c9-b2e74ddba1a8:group-91D68ABEE7C8 ConfigurationManager, init=-1: [aeaf91a4-7b36-452e-90c9-b2e74ddba1a8:192.168.157.194:41794], old=null, confs=<EMPTY_MAP>
2019-08-29 08:45:40,504 [pool-239-thread-1] INFO  server.RaftServerConfigKeys (ConfUtils.java:logGet(43)) - raft.server.storage.dir = [/workdir/hadoop-ozone/integration-test/target/test-dir/MiniOzoneClusterImpl-43bc7ae7-4e66-4855-88e6-16f3e36bad4f/datanode-9/data/ratis] (custom)
2019-08-29 08:45:40,505 [pool-239-thread-1] INFO  storage.RaftStorageDirectory (RaftStorageDirectory.java:analyzeStorage(246)) - The storage directory /workdir/hadoop-ozone/integration-test/target/test-dir/MiniOzoneClusterImpl-43bc7ae7-4e66-4855-88e6-16f3e36bad4f/datanode-9/data/ratis/3b8e1699-1107-482d-89a8-91d68abee7c8 does not exist. Creating ...
2019-08-29 08:45:40,522 [pool-239-thread-1] INFO  storage.RaftStorageDirectory (RaftStorageDirectory.java:tryLock(328)) - Lock on /workdir/hadoop-ozone/integration-test/target/test-dir/MiniOzoneClusterImpl-43bc7ae7-4e66-4855-88e6-16f3e36bad4f/datanode-9/data/ratis/3b8e1699-1107-482d-89a8-91d68abee7c8/in_use.lock acquired by nodename 24105@pr-hdds-2042-w774d-3815662616
2019-08-29 08:45:40,534 [pool-239-thread-1] INFO  storage.RaftStorage (RaftStorage.java:format(72)) - Storage directory /workdir/hadoop-ozone/integration-test/target/test-dir/MiniOzoneClusterImpl-43bc7ae7-4e66-4855-88e6-16f3e36bad4f/datanode-9/data/ratis/3b8e1699-1107-482d-89a8-91d68abee7c8 has been successfully formatted.
2019-08-29 08:45:40,535 [pool-239-thread-1] INFO  ratis.ContainerStateMachine (ContainerStateMachine.java:loadSnapshot(227)) - group-91D68ABEE7C8: The snapshot info is null. Setting the last applied indexto:(t:0, i:~)
2019-08-29 08:45:40,535 [pool-239-thread-1] INFO  server.RaftServerConfigKeys (ConfUtils.java:logGet(43)) - raft.server.leader.election.timeout = 120s (custom)
2019-08-29 08:45:40,535 [pool-239-thread-1] INFO  server.RaftServerConfigKeys (ConfUtils.java:logGet(43)) - raft.server.log.use.memory = false (default)
2019-08-29 08:45:40,535 [pool-239-thread-1] INFO  server.RaftServerConfigKeys (ConfUtils.java:logGet(43)) - raft.server.log.purge.gap = 1000000 (custom)
2019-08-29 08:45:40,535 [pool-239-thread-1] INFO  server.RaftServerConfigKeys (ConfUtils.java:logGet(43)) - raft.server.log.appender.buffer.byte-limit = 33554432 (custom)
2019-08-29 08:45:40,535 [pool-239-thread-1] INFO  server.RaftServerConfigKeys (ConfUtils.java:logGet(43)) - raft.server.log.segment.size.max = 1048576 (custom)
2019-08-29 08:45:40,535 [pool-239-thread-1] INFO  server.RaftServerConfigKeys (ConfUtils.java:logGet(43)) - raft.server.log.segment.cache.num.max = 2 (custom)
2019-08-29 08:45:40,536 [pool-239-thread-1] INFO  segmented.SegmentedRaftLogWorker (SegmentedRaftLogWorker.java:<init>(172)) - new aeaf91a4-7b36-452e-90c9-b2e74ddba1a8-SegmentedRaftLogWorker:Storage Directory /workdir/hadoop-ozone/integration-test/target/test-dir/MiniOzoneClusterImpl-43bc7ae7-4e66-4855-88e6-16f3e36bad4f/datanode-9/data/ratis/3b8e1699-1107-482d-89a8-91d68abee7c8 for RaftStorage:Storage Directory /workdir/hadoop-ozone/integration-test/target/test-dir/MiniOzoneClusterImpl-43bc7ae7-4e66-4855-88e6-16f3e36bad4f/datanode-9/data/ratis/3b8e1699-1107-482d-89a8-91d68abee7c8
2019-08-29 08:45:40,536 [pool-239-thread-1] INFO  server.RaftServerConfigKeys (ConfUtils.java:logGet(43)) - raft.server.log.queue.byte-limit = 2147483647 (custom)
2019-08-29 08:45:40,536 [pool-239-thread-1] INFO  server.RaftServerConfigKeys (ConfUtils.java:logGet(43)) - raft.server.log.queue.element-limit = 1024 (custom)
2019-08-29 08:45:40,536 [pool-239-thread-1] INFO  server.RaftServerConfigKeys (ConfUtils.java:logGet(43)) - raft.server.log.segment.size.max = 1048576 (custom)
2019-08-29 08:45:40,536 [pool-239-thread-1] INFO  server.RaftServerConfigKeys (ConfUtils.java:logGet(43)) - raft.server.log.preallocated.size = 16384 (custom)
2019-08-29 08:45:40,537 [pool-239-thread-1] INFO  server.RaftServerConfigKeys (ConfUtils.java:logGet(43)) - raft.server.log.write.buffer.size = 33554432 (custom)
2019-08-29 08:45:40,537 [pool-239-thread-1] INFO  server.RaftServerConfigKeys (ConfUtils.java:logGet(43)) - raft.server.log.force.sync.num = 128 (default)
2019-08-29 08:45:40,537 [pool-239-thread-1] INFO  server.RaftServerConfigKeys (ConfUtils.java:logGet(43)) - raft.server.log.statemachine.data.sync = true (default)
2019-08-29 08:45:40,537 [pool-239-thread-1] INFO  server.RaftServerConfigKeys (ConfUtils.java:logGet(43)) - raft.server.log.statemachine.data.sync.timeout = 10s (default)
2019-08-29 08:45:40,537 [pool-239-thread-1] INFO  server.RaftServerConfigKeys (ConfUtils.java:logGet(43)) - raft.server.log.statemachine.data.sync.timeout.retry = -1 (default)
2019-08-29 08:45:40,537 [pool-239-thread-1] INFO  server.RaftServerConfigKeys (ConfUtils.java:logGet(43)) - raft.server.log.statemachine.data.caching.enabled = true (custom)
2019-08-29 08:45:40,538 [pool-239-thread-1] INFO  segmented.SegmentedRaftLogWorker (SegmentedRaftLogWorker.java:lambda$new$0(132)) - aeaf91a4-7b36-452e-90c9-b2e74ddba1a8-SegmentedRaftLogWorker:Storage Directory /workdir/hadoop-ozone/integration-test/target/test-dir/MiniOzoneClusterImpl-43bc7ae7-4e66-4855-88e6-16f3e36bad4f/datanode-9/data/ratis/3b8e1699-1107-482d-89a8-91d68abee7c8: flushIndex: setUnconditionally 0 -> -1
2019-08-29 08:45:40,538 [pool-239-thread-1] INFO  server.RaftServerConfigKeys (ConfUtils.java:logGet(43)) - raft.server.snapshot.auto.trigger.enabled = true (custom)
2019-08-29 08:45:40,538 [pool-239-thread-1] INFO  server.RaftServerConfigKeys (ConfUtils.java:logGet(43)) - raft.server.snapshot.auto.trigger.threshold = 10000 (custom)
2019-08-29 08:45:40,538 [pool-239-thread-1] INFO  server.RaftServerConfigKeys (ConfUtils.java:logGet(43)) - raft.server.retrycache.expirytime = 600000ms (custom)
2019-08-29 08:45:40,539 [pool-239-thread-1] INFO  impl.RaftServerImpl (RaftServerImpl.java:start(180)) - aeaf91a4-7b36-452e-90c9-b2e74ddba1a8: start group-91D68ABEE7C8
2019-08-29 08:45:40,539 [pool-239-thread-1] INFO  impl.RaftServerImpl (RaftServerImpl.java:setRole(171)) - aeaf91a4-7b36-452e-90c9-b2e74ddba1a8:group-91D68ABEE7C8 changes role from null to FOLLOWER at term 0 for startAsFollower
2019-08-29 08:45:40,539 [pool-239-thread-1] INFO  impl.RoleInfo (RoleInfo.java:updateAndGet(143)) - aeaf91a4-7b36-452e-90c9-b2e74ddba1a8: start FollowerState
2019-08-29 08:45:40,539 [pool-239-thread-1] INFO  util.JmxRegister (JmxRegister.java:tryRegister(44)) - Successfully registered JMX Bean with object name Ratis:service=RaftServer,group=group-91D68ABEE7C8,id=aeaf91a4-7b36-452e-90c9-b2e74ddba1a8
2019-08-29 08:45:40,545 [RatisPipelineUtilsThread] INFO  pipeline.PipelineStateManager (PipelineStateManager.java:addPipeline(56)) - Created pipeline Pipeline[ Id: 3b8e1699-1107-482d-89a8-91d68abee7c8, Nodes: aeaf91a4-7b36-452e-90c9-b2e74ddba1a8{ip: 192.168.157.194, host: pr-hdds-2042-w774d-3815662616, networkLocation: /rack1, certSerialId: null}, Type:RATIS, Factor:ONE, State:OPEN]
2019-08-29 08:45:40,554 [grpc-default-executor-3] INFO  impl.RaftServerProxy (RaftServerProxy.java:addNew(89)) - beb647cc-dc8a-44df-94ce-0366e8d6be6e: addNew group-1D905CC20791:[beb647cc-dc8a-44df-94ce-0366e8d6be6e:192.168.157.194:36608] returns group-1D905CC20791:java.util.concurrent.CompletableFuture@ed72101[Not completed]
2019-08-29 08:45:40,556 [pool-179-thread-1] INFO  impl.RaftServerImpl (RaftServerImpl.java:<init>(93)) - beb647cc-dc8a-44df-94ce-0366e8d6be6e: new RaftServerImpl for group-1D905CC20791:[beb647cc-dc8a-44df-94ce-0366e8d6be6e:192.168.157.194:36608] with ContainerStateMachine:uninitialized
2019-08-29 08:45:40,556 [pool-179-thread-1] INFO  server.RaftServerConfigKeys (ConfUtils.java:logGet(43)) - raft.server.rpc.timeout.min = 1s (custom)
2019-08-29 08:45:40,556 [pool-179-thread-1] INFO  server.RaftServerConfigKeys (ConfUtils.java:logGet(43)) - raft.server.rpc.timeout.max = 1200ms (custom)
2019-08-29 08:45:40,556 [pool-179-thread-1] INFO  server.RaftServerConfigKeys (ConfUtils.java:logGet(43)) - raft.server.rpcslowness.timeout = 120s (custom)
2019-08-29 08:45:40,556 [pool-179-thread-1] INFO  server.RaftServerConfigKeys (ConfUtils.java:logGet(43)) - raft.server.sleep.deviation.threshold = 300 (default)
2019-08-29 08:45:40,557 [pool-179-thread-1] INFO  server.RaftServerConfigKeys (ConfUtils.java:logGet(43)) - raft.server.log.appender.install.snapshot.enabled = false (custom)
2019-08-29 08:45:40,557 [pool-179-thread-1] INFO  impl.RaftServerImpl (ServerState.java:<init>(105)) - beb647cc-dc8a-44df-94ce-0366e8d6be6e:group-1D905CC20791 ConfigurationManager, init=-1: [beb647cc-dc8a-44df-94ce-0366e8d6be6e:192.168.157.194:36608], old=null, confs=<EMPTY_MAP>
2019-08-29 08:45:40,557 [pool-179-thread-1] INFO  server.RaftServerConfigKeys (ConfUtils.java:logGet(43)) - raft.server.storage.dir = [/workdir/hadoop-ozone/integration-test/target/test-dir/MiniOzoneClusterImpl-43bc7ae7-4e66-4855-88e6-16f3e36bad4f/datanode-3/data/ratis] (custom)
2019-08-29 08:45:40,557 [pool-179-thread-1] INFO  storage.RaftStorageDirectory (RaftStorageDirectory.java:analyzeStorage(246)) - The storage directory /workdir/hadoop-ozone/integration-test/target/test-dir/MiniOzoneClusterImpl-43bc7ae7-4e66-4855-88e6-16f3e36bad4f/datanode-3/data/ratis/8648c358-795a-4980-a6f3-1d905cc20791 does not exist. Creating ...
2019-08-29 08:45:40,568 [pool-179-thread-1] INFO  storage.RaftStorageDirectory (RaftStorageDirectory.java:tryLock(328)) - Lock on /workdir/hadoop-ozone/integration-test/target/test-dir/MiniOzoneClusterImpl-43bc7ae7-4e66-4855-88e6-16f3e36bad4f/datanode-3/data/ratis/8648c358-795a-4980-a6f3-1d905cc20791/in_use.lock acquired by nodename 24105@pr-hdds-2042-w774d-3815662616
2019-08-29 08:45:40,577 [pool-179-thread-1] INFO  storage.RaftStorage (RaftStorage.java:format(72)) - Storage directory /workdir/hadoop-ozone/integration-test/target/test-dir/MiniOzoneClusterImpl-43bc7ae7-4e66-4855-88e6-16f3e36bad4f/datanode-3/data/ratis/8648c358-795a-4980-a6f3-1d905cc20791 has been successfully formatted.
2019-08-29 08:45:40,578 [pool-179-thread-1] INFO  ratis.ContainerStateMachine (ContainerStateMachine.java:loadSnapshot(227)) - group-1D905CC20791: The snapshot info is null. Setting the last applied indexto:(t:0, i:~)
2019-08-29 08:45:40,578 [pool-179-thread-1] INFO  server.RaftServerConfigKeys (ConfUtils.java:logGet(43)) - raft.server.leader.election.timeout = 120s (custom)
2019-08-29 08:45:40,578 [pool-179-thread-1] INFO  server.RaftServerConfigKeys (ConfUtils.java:logGet(43)) - raft.server.log.use.memory = false (default)
2019-08-29 08:45:40,578 [pool-179-thread-1] INFO  server.RaftServerConfigKeys (ConfUtils.java:logGet(43)) - raft.server.log.purge.gap = 1000000 (custom)
2019-08-29 08:45:40,579 [pool-179-thread-1] INFO  server.RaftServerConfigKeys (ConfUtils.java:logGet(43)) - raft.server.log.appender.buffer.byte-limit = 33554432 (custom)
2019-08-29 08:45:40,579 [pool-179-thread-1] INFO  server.RaftServerConfigKeys (ConfUtils.java:logGet(43)) - raft.server.log.segment.size.max = 1048576 (custom)
2019-08-29 08:45:40,579 [pool-179-thread-1] INFO  server.RaftServerConfigKeys (ConfUtils.java:logGet(43)) - raft.server.log.segment.cache.num.max = 2 (custom)
2019-08-29 08:45:40,579 [pool-179-thread-1] INFO  segmented.SegmentedRaftLogWorker (SegmentedRaftLogWorker.java:<init>(172)) - new beb647cc-dc8a-44df-94ce-0366e8d6be6e-SegmentedRaftLogWorker:Storage Directory /workdir/hadoop-ozone/integration-test/target/test-dir/MiniOzoneClusterImpl-43bc7ae7-4e66-4855-88e6-16f3e36bad4f/datanode-3/data/ratis/8648c358-795a-4980-a6f3-1d905cc20791 for RaftStorage:Storage Directory /workdir/hadoop-ozone/integration-test/target/test-dir/MiniOzoneClusterImpl-43bc7ae7-4e66-4855-88e6-16f3e36bad4f/datanode-3/data/ratis/8648c358-795a-4980-a6f3-1d905cc20791
2019-08-29 08:45:40,579 [pool-179-thread-1] INFO  server.RaftServerConfigKeys (ConfUtils.java:logGet(43)) - raft.server.log.queue.byte-limit = 2147483647 (custom)
2019-08-29 08:45:40,580 [pool-179-thread-1] INFO  server.RaftServerConfigKeys (ConfUtils.java:logGet(43)) - raft.server.log.queue.element-limit = 1024 (custom)
2019-08-29 08:45:40,580 [pool-179-thread-1] INFO  server.RaftServerConfigKeys (ConfUtils.java:logGet(43)) - raft.server.log.segment.size.max = 1048576 (custom)
2019-08-29 08:45:40,580 [pool-179-thread-1] INFO  server.RaftServerConfigKeys (ConfUtils.java:logGet(43)) - raft.server.log.preallocated.size = 16384 (custom)
2019-08-29 08:45:40,581 [pool-179-thread-1] INFO  server.RaftServerConfigKeys (ConfUtils.java:logGet(43)) - raft.server.log.write.buffer.size = 33554432 (custom)
2019-08-29 08:45:40,581 [pool-179-thread-1] INFO  server.RaftServerConfigKeys (ConfUtils.java:logGet(43)) - raft.server.log.force.sync.num = 128 (default)
2019-08-29 08:45:40,581 [pool-179-thread-1] INFO  server.RaftServerConfigKeys (ConfUtils.java:logGet(43)) - raft.server.log.statemachine.data.sync = true (default)
2019-08-29 08:45:40,581 [pool-179-thread-1] INFO  server.RaftServerConfigKeys (ConfUtils.java:logGet(43)) - raft.server.log.statemachine.data.sync.timeout = 10s (default)
2019-08-29 08:45:40,582 [pool-179-thread-1] INFO  server.RaftServerConfigKeys (ConfUtils.java:logGet(43)) - raft.server.log.statemachine.data.sync.timeout.retry = -1 (default)
2019-08-29 08:45:40,582 [pool-179-thread-1] INFO  server.RaftServerConfigKeys (ConfUtils.java:logGet(43)) - raft.server.log.statemachine.data.caching.enabled = true (custom)
2019-08-29 08:45:40,583 [pool-179-thread-1] INFO  segmented.SegmentedRaftLogWorker (SegmentedRaftLogWorker.java:lambda$new$0(132)) - beb647cc-dc8a-44df-94ce-0366e8d6be6e-SegmentedRaftLogWorker:Storage Directory /workdir/hadoop-ozone/integration-test/target/test-dir/MiniOzoneClusterImpl-43bc7ae7-4e66-4855-88e6-16f3e36bad4f/datanode-3/data/ratis/8648c358-795a-4980-a6f3-1d905cc20791: flushIndex: setUnconditionally 0 -> -1
2019-08-29 08:45:40,583 [pool-179-thread-1] INFO  server.RaftServerConfigKeys (ConfUtils.java:logGet(43)) - raft.server.snapshot.auto.trigger.enabled = true (custom)
2019-08-29 08:45:40,583 [pool-179-thread-1] INFO  server.RaftServerConfigKeys (ConfUtils.java:logGet(43)) - raft.server.snapshot.auto.trigger.threshold = 10000 (custom)
2019-08-29 08:45:40,583 [pool-179-thread-1] INFO  server.RaftServerConfigKeys (ConfUtils.java:logGet(43)) - raft.server.retrycache.expirytime = 600000ms (custom)
2019-08-29 08:45:40,584 [pool-179-thread-1] INFO  impl.RaftServerImpl (RaftServerImpl.java:start(180)) - beb647cc-dc8a-44df-94ce-0366e8d6be6e: start group-1D905CC20791
2019-08-29 08:45:40,584 [pool-179-thread-1] INFO  impl.RaftServerImpl (RaftServerImpl.java:setRole(171)) - beb647cc-dc8a-44df-94ce-0366e8d6be6e:group-1D905CC20791 changes role from null to FOLLOWER at term 0 for startAsFollower
2019-08-29 08:45:40,584 [pool-179-thread-1] INFO  impl.RoleInfo (RoleInfo.java:updateAndGet(143)) - beb647cc-dc8a-44df-94ce-0366e8d6be6e: start FollowerState
2019-08-29 08:45:40,585 [pool-179-thread-1] INFO  util.JmxRegister (JmxRegister.java:tryRegister(44)) - Successfully registered JMX Bean with object name Ratis:service=RaftServer,group=group-1D905CC20791,id=beb647cc-dc8a-44df-94ce-0366e8d6be6e
2019-08-29 08:45:40,591 [RatisPipelineUtilsThread] INFO  pipeline.PipelineStateManager (PipelineStateManager.java:addPipeline(56)) - Created pipeline Pipeline[ Id: 8648c358-795a-4980-a6f3-1d905cc20791, Nodes: beb647cc-dc8a-44df-94ce-0366e8d6be6e{ip: 192.168.157.194, host: pr-hdds-2042-w774d-3815662616, networkLocation: /rack1, certSerialId: null}, Type:RATIS, Factor:ONE, State:OPEN]
2019-08-29 08:45:40,608 [grpc-default-executor-3] INFO  impl.RaftServerProxy (RaftServerProxy.java:addNew(89)) - 75ccd8a6-06da-4259-a20c-b7736bd9bda0: addNew group-658FE73EBB8E:[75ccd8a6-06da-4259-a20c-b7736bd9bda0:192.168.157.194:33470] returns group-658FE73EBB8E:java.util.concurrent.CompletableFuture@764b053c[Not completed]
2019-08-29 08:45:40,610 [pool-199-thread-1] INFO  impl.RaftServerImpl (RaftServerImpl.java:<init>(93)) - 75ccd8a6-06da-4259-a20c-b7736bd9bda0: new RaftServerImpl for group-658FE73EBB8E:[75ccd8a6-06da-4259-a20c-b7736bd9bda0:192.168.157.194:33470] with ContainerStateMachine:uninitialized
2019-08-29 08:45:40,610 [pool-199-thread-1] INFO  server.RaftServerConfigKeys (ConfUtils.java:logGet(43)) - raft.server.rpc.timeout.min = 1s (custom)
2019-08-29 08:45:40,610 [pool-199-thread-1] INFO  server.RaftServerConfigKeys (ConfUtils.java:logGet(43)) - raft.server.rpc.timeout.max = 1200ms (custom)
2019-08-29 08:45:40,610 [pool-199-thread-1] INFO  server.RaftServerConfigKeys (ConfUtils.java:logGet(43)) - raft.server.rpcslowness.timeout = 120s (custom)
2019-08-29 08:45:40,610 [pool-199-thread-1] INFO  server.RaftServerConfigKeys (ConfUtils.java:logGet(43)) - raft.server.sleep.deviation.threshold = 300 (default)
2019-08-29 08:45:40,610 [pool-199-thread-1] INFO  server.RaftServerConfigKeys (ConfUtils.java:logGet(43)) - raft.server.log.appender.install.snapshot.enabled = false (custom)
2019-08-29 08:45:40,611 [pool-199-thread-1] INFO  impl.RaftServerImpl (ServerState.java:<init>(105)) - 75ccd8a6-06da-4259-a20c-b7736bd9bda0:group-658FE73EBB8E ConfigurationManager, init=-1: [75ccd8a6-06da-4259-a20c-b7736bd9bda0:192.168.157.194:33470], old=null, confs=<EMPTY_MAP>
2019-08-29 08:45:40,611 [pool-199-thread-1] INFO  server.RaftServerConfigKeys (ConfUtils.java:logGet(43)) - raft.server.storage.dir = [/workdir/hadoop-ozone/integration-test/target/test-dir/MiniOzoneClusterImpl-43bc7ae7-4e66-4855-88e6-16f3e36bad4f/datanode-5/data/ratis] (custom)
2019-08-29 08:45:40,611 [pool-199-thread-1] INFO  storage.RaftStorageDirectory (RaftStorageDirectory.java:analyzeStorage(246)) - The storage directory /workdir/hadoop-ozone/integration-test/target/test-dir/MiniOzoneClusterImpl-43bc7ae7-4e66-4855-88e6-16f3e36bad4f/datanode-5/data/ratis/7e4f435b-33c3-4de4-bce5-658fe73ebb8e does not exist. Creating ...
2019-08-29 08:45:40,631 [pool-199-thread-1] INFO  storage.RaftStorageDirectory (RaftStorageDirectory.java:tryLock(328)) - Lock on /workdir/hadoop-ozone/integration-test/target/test-dir/MiniOzoneClusterImpl-43bc7ae7-4e66-4855-88e6-16f3e36bad4f/datanode-5/data/ratis/7e4f435b-33c3-4de4-bce5-658fe73ebb8e/in_use.lock acquired by nodename 24105@pr-hdds-2042-w774d-3815662616
2019-08-29 08:45:40,640 [pool-199-thread-1] INFO  storage.RaftStorage (RaftStorage.java:format(72)) - Storage directory /workdir/hadoop-ozone/integration-test/target/test-dir/MiniOzoneClusterImpl-43bc7ae7-4e66-4855-88e6-16f3e36bad4f/datanode-5/data/ratis/7e4f435b-33c3-4de4-bce5-658fe73ebb8e has been successfully formatted.
2019-08-29 08:45:40,640 [pool-199-thread-1] INFO  ratis.ContainerStateMachine (ContainerStateMachine.java:loadSnapshot(227)) - group-658FE73EBB8E: The snapshot info is null. Setting the last applied indexto:(t:0, i:~)
2019-08-29 08:45:40,640 [pool-199-thread-1] INFO  server.RaftServerConfigKeys (ConfUtils.java:logGet(43)) - raft.server.leader.election.timeout = 120s (custom)
2019-08-29 08:45:40,640 [pool-199-thread-1] INFO  server.RaftServerConfigKeys (ConfUtils.java:logGet(43)) - raft.server.log.use.memory = false (default)
2019-08-29 08:45:40,640 [pool-199-thread-1] INFO  server.RaftServerConfigKeys (ConfUtils.java:logGet(43)) - raft.server.log.purge.gap = 1000000 (custom)
2019-08-29 08:45:40,640 [pool-199-thread-1] INFO  server.RaftServerConfigKeys (ConfUtils.java:logGet(43)) - raft.server.log.appender.buffer.byte-limit = 33554432 (custom)
2019-08-29 08:45:40,641 [pool-199-thread-1] INFO  server.RaftServerConfigKeys (ConfUtils.java:logGet(43)) - raft.server.log.segment.size.max = 1048576 (custom)
2019-08-29 08:45:40,641 [pool-199-thread-1] INFO  server.RaftServerConfigKeys (ConfUtils.java:logGet(43)) - raft.server.log.segment.cache.num.max = 2 (custom)
2019-08-29 08:45:40,641 [pool-199-thread-1] INFO  segmented.SegmentedRaftLogWorker (SegmentedRaftLogWorker.java:<init>(172)) - new 75ccd8a6-06da-4259-a20c-b7736bd9bda0-SegmentedRaftLogWorker:Storage Directory /workdir/hadoop-ozone/integration-test/target/test-dir/MiniOzoneClusterImpl-43bc7ae7-4e66-4855-88e6-16f3e36bad4f/datanode-5/data/ratis/7e4f435b-33c3-4de4-bce5-658fe73ebb8e for RaftStorage:Storage Directory /workdir/hadoop-ozone/integration-test/target/test-dir/MiniOzoneClusterImpl-43bc7ae7-4e66-4855-88e6-16f3e36bad4f/datanode-5/data/ratis/7e4f435b-33c3-4de4-bce5-658fe73ebb8e
2019-08-29 08:45:40,641 [pool-199-thread-1] INFO  server.RaftServerConfigKeys (ConfUtils.java:logGet(43)) - raft.server.log.queue.byte-limit = 2147483647 (custom)
2019-08-29 08:45:40,641 [pool-199-thread-1] INFO  server.RaftServerConfigKeys (ConfUtils.java:logGet(43)) - raft.server.log.queue.element-limit = 1024 (custom)
2019-08-29 08:45:40,642 [pool-199-thread-1] INFO  server.RaftServerConfigKeys (ConfUtils.java:logGet(43)) - raft.server.log.segment.size.max = 1048576 (custom)
2019-08-29 08:45:40,642 [pool-199-thread-1] INFO  server.RaftServerConfigKeys (ConfUtils.java:logGet(43)) - raft.server.log.preallocated.size = 16384 (custom)
2019-08-29 08:45:40,642 [pool-199-thread-1] INFO  server.RaftServerConfigKeys (ConfUtils.java:logGet(43)) - raft.server.log.write.buffer.size = 33554432 (custom)
2019-08-29 08:45:40,642 [pool-199-thread-1] INFO  server.RaftServerConfigKeys (ConfUtils.java:logGet(43)) - raft.server.log.force.sync.num = 128 (default)
2019-08-29 08:45:40,642 [pool-199-thread-1] INFO  server.RaftServerConfigKeys (ConfUtils.java:logGet(43)) - raft.server.log.statemachine.data.sync = true (default)
2019-08-29 08:45:40,642 [pool-199-thread-1] INFO  server.RaftServerConfigKeys (ConfUtils.java:logGet(43)) - raft.server.log.statemachine.data.sync.timeout = 10s (default)
2019-08-29 08:45:40,642 [pool-199-thread-1] INFO  server.RaftServerConfigKeys (ConfUtils.java:logGet(43)) - raft.server.log.statemachine.data.sync.timeout.retry = -1 (default)
2019-08-29 08:45:40,643 [pool-199-thread-1] INFO  server.RaftServerConfigKeys (ConfUtils.java:logGet(43)) - raft.server.log.statemachine.data.caching.enabled = true (custom)
2019-08-29 08:45:40,643 [pool-199-thread-1] INFO  segmented.SegmentedRaftLogWorker (SegmentedRaftLogWorker.java:lambda$new$0(132)) - 75ccd8a6-06da-4259-a20c-b7736bd9bda0-SegmentedRaftLogWorker:Storage Directory /workdir/hadoop-ozone/integration-test/target/test-dir/MiniOzoneClusterImpl-43bc7ae7-4e66-4855-88e6-16f3e36bad4f/datanode-5/data/ratis/7e4f435b-33c3-4de4-bce5-658fe73ebb8e: flushIndex: setUnconditionally 0 -> -1
2019-08-29 08:45:40,643 [pool-199-thread-1] INFO  server.RaftServerConfigKeys (ConfUtils.java:logGet(43)) - raft.server.snapshot.auto.trigger.enabled = true (custom)
2019-08-29 08:45:40,644 [pool-199-thread-1] INFO  server.RaftServerConfigKeys (ConfUtils.java:logGet(43)) - raft.server.snapshot.auto.trigger.threshold = 10000 (custom)
2019-08-29 08:45:40,644 [pool-199-thread-1] INFO  server.RaftServerConfigKeys (ConfUtils.java:logGet(43)) - raft.server.retrycache.expirytime = 600000ms (custom)
2019-08-29 08:45:40,644 [pool-199-thread-1] INFO  impl.RaftServerImpl (RaftServerImpl.java:start(180)) - 75ccd8a6-06da-4259-a20c-b7736bd9bda0: start group-658FE73EBB8E
2019-08-29 08:45:40,644 [pool-199-thread-1] INFO  impl.RaftServerImpl (RaftServerImpl.java:setRole(171)) - 75ccd8a6-06da-4259-a20c-b7736bd9bda0:group-658FE73EBB8E changes role from null to FOLLOWER at term 0 for startAsFollower
2019-08-29 08:45:40,644 [pool-199-thread-1] INFO  impl.RoleInfo (RoleInfo.java:updateAndGet(143)) - 75ccd8a6-06da-4259-a20c-b7736bd9bda0: start FollowerState
2019-08-29 08:45:40,645 [pool-199-thread-1] INFO  util.JmxRegister (JmxRegister.java:tryRegister(44)) - Successfully registered JMX Bean with object name Ratis:service=RaftServer,group=group-658FE73EBB8E,id=75ccd8a6-06da-4259-a20c-b7736bd9bda0
2019-08-29 08:45:40,651 [RatisPipelineUtilsThread] INFO  pipeline.PipelineStateManager (PipelineStateManager.java:addPipeline(56)) - Created pipeline Pipeline[ Id: 7e4f435b-33c3-4de4-bce5-658fe73ebb8e, Nodes: 75ccd8a6-06da-4259-a20c-b7736bd9bda0{ip: 192.168.157.194, host: pr-hdds-2042-w774d-3815662616, networkLocation: /rack1, certSerialId: null}, Type:RATIS, Factor:ONE, State:OPEN]
2019-08-29 08:45:40,670 [grpc-default-executor-3] INFO  impl.RaftServerProxy (RaftServerProxy.java:addNew(89)) - 691d973f-4ee5-4b71-9c79-714a3e15e6a2: addNew group-144D18612C90:[691d973f-4ee5-4b71-9c79-714a3e15e6a2:192.168.157.194:43776, ead32545-d171-4909-a11e-9b7dde0365ee:192.168.157.194:46882, 4d8418c6-9aaf-413c-a95a-22b3e00264fc:192.168.157.194:33119] returns group-144D18612C90:java.util.concurrent.CompletableFuture@6d7d423e[Not completed]
2019-08-29 08:45:40,670 [grpc-default-executor-5] INFO  impl.RaftServerProxy (RaftServerProxy.java:addNew(89)) - ead32545-d171-4909-a11e-9b7dde0365ee: addNew group-144D18612C90:[691d973f-4ee5-4b71-9c79-714a3e15e6a2:192.168.157.194:43776, ead32545-d171-4909-a11e-9b7dde0365ee:192.168.157.194:46882, 4d8418c6-9aaf-413c-a95a-22b3e00264fc:192.168.157.194:33119] returns group-144D18612C90:java.util.concurrent.CompletableFuture@138da640[Not completed]
2019-08-29 08:45:40,670 [grpc-default-executor-4] INFO  impl.RaftServerProxy (RaftServerProxy.java:addNew(89)) - 4d8418c6-9aaf-413c-a95a-22b3e00264fc: addNew group-144D18612C90:[691d973f-4ee5-4b71-9c79-714a3e15e6a2:192.168.157.194:43776, ead32545-d171-4909-a11e-9b7dde0365ee:192.168.157.194:46882, 4d8418c6-9aaf-413c-a95a-22b3e00264fc:192.168.157.194:33119] returns group-144D18612C90:java.util.concurrent.CompletableFuture@672d6ba5[Not completed]
2019-08-29 08:45:40,671 [pool-209-thread-1] INFO  impl.RaftServerImpl (RaftServerImpl.java:<init>(93)) - 691d973f-4ee5-4b71-9c79-714a3e15e6a2: new RaftServerImpl for group-144D18612C90:[691d973f-4ee5-4b71-9c79-714a3e15e6a2:192.168.157.194:43776, ead32545-d171-4909-a11e-9b7dde0365ee:192.168.157.194:46882, 4d8418c6-9aaf-413c-a95a-22b3e00264fc:192.168.157.194:33119] with ContainerStateMachine:uninitialized
2019-08-29 08:45:40,671 [pool-209-thread-1] INFO  server.RaftServerConfigKeys (ConfUtils.java:logGet(43)) - raft.server.rpc.timeout.min = 1s (custom)
2019-08-29 08:45:40,671 [pool-209-thread-1] INFO  server.RaftServerConfigKeys (ConfUtils.java:logGet(43)) - raft.server.rpc.timeout.max = 1200ms (custom)
2019-08-29 08:45:40,671 [pool-209-thread-1] INFO  server.RaftServerConfigKeys (ConfUtils.java:logGet(43)) - raft.server.rpcslowness.timeout = 120s (custom)
2019-08-29 08:45:40,671 [pool-209-thread-1] INFO  server.RaftServerConfigKeys (ConfUtils.java:logGet(43)) - raft.server.sleep.deviation.threshold = 300 (default)
2019-08-29 08:45:40,671 [pool-209-thread-1] INFO  server.RaftServerConfigKeys (ConfUtils.java:logGet(43)) - raft.server.log.appender.install.snapshot.enabled = false (custom)
2019-08-29 08:45:40,671 [pool-209-thread-1] INFO  impl.RaftServerImpl (ServerState.java:<init>(105)) - 691d973f-4ee5-4b71-9c79-714a3e15e6a2:group-144D18612C90 ConfigurationManager, init=-1: [691d973f-4ee5-4b71-9c79-714a3e15e6a2:192.168.157.194:43776, ead32545-d171-4909-a11e-9b7dde0365ee:192.168.157.194:46882, 4d8418c6-9aaf-413c-a95a-22b3e00264fc:192.168.157.194:33119], old=null, confs=<EMPTY_MAP>
2019-08-29 08:45:40,671 [pool-209-thread-1] INFO  server.RaftServerConfigKeys (ConfUtils.java:logGet(43)) - raft.server.storage.dir = [/workdir/hadoop-ozone/integration-test/target/test-dir/MiniOzoneClusterImpl-43bc7ae7-4e66-4855-88e6-16f3e36bad4f/datanode-6/data/ratis] (custom)
2019-08-29 08:45:40,672 [pool-169-thread-1] INFO  impl.RaftServerImpl (RaftServerImpl.java:<init>(93)) - 4d8418c6-9aaf-413c-a95a-22b3e00264fc: new RaftServerImpl for group-144D18612C90:[691d973f-4ee5-4b71-9c79-714a3e15e6a2:192.168.157.194:43776, ead32545-d171-4909-a11e-9b7dde0365ee:192.168.157.194:46882, 4d8418c6-9aaf-413c-a95a-22b3e00264fc:192.168.157.194:33119] with ContainerStateMachine:uninitialized
2019-08-29 08:45:40,672 [pool-209-thread-1] INFO  storage.RaftStorageDirectory (RaftStorageDirectory.java:analyzeStorage(246)) - The storage directory /workdir/hadoop-ozone/integration-test/target/test-dir/MiniOzoneClusterImpl-43bc7ae7-4e66-4855-88e6-16f3e36bad4f/datanode-6/data/ratis/cbfa81a5-799f-4263-b232-144d18612c90 does not exist. Creating ...
2019-08-29 08:45:40,672 [pool-169-thread-1] INFO  server.RaftServerConfigKeys (ConfUtils.java:logGet(43)) - raft.server.rpc.timeout.min = 1s (custom)
2019-08-29 08:45:40,672 [pool-169-thread-1] INFO  server.RaftServerConfigKeys (ConfUtils.java:logGet(43)) - raft.server.rpc.timeout.max = 1200ms (custom)
2019-08-29 08:45:40,672 [pool-219-thread-1] INFO  impl.RaftServerImpl (RaftServerImpl.java:<init>(93)) - ead32545-d171-4909-a11e-9b7dde0365ee: new RaftServerImpl for group-144D18612C90:[691d973f-4ee5-4b71-9c79-714a3e15e6a2:192.168.157.194:43776, ead32545-d171-4909-a11e-9b7dde0365ee:192.168.157.194:46882, 4d8418c6-9aaf-413c-a95a-22b3e00264fc:192.168.157.194:33119] with ContainerStateMachine:uninitialized
2019-08-29 08:45:40,672 [pool-169-thread-1] INFO  server.RaftServerConfigKeys (ConfUtils.java:logGet(43)) - raft.server.rpcslowness.timeout = 120s (custom)
2019-08-29 08:45:40,672 [pool-219-thread-1] INFO  server.RaftServerConfigKeys (ConfUtils.java:logGet(43)) - raft.server.rpc.timeout.min = 1s (custom)
2019-08-29 08:45:40,673 [pool-169-thread-1] INFO  server.RaftServerConfigKeys (ConfUtils.java:logGet(43)) - raft.server.sleep.deviation.threshold = 300 (default)
2019-08-29 08:45:40,673 [pool-219-thread-1] INFO  server.RaftServerConfigKeys (ConfUtils.java:logGet(43)) - raft.server.rpc.timeout.max = 1200ms (custom)
2019-08-29 08:45:40,673 [pool-169-thread-1] INFO  server.RaftServerConfigKeys (ConfUtils.java:logGet(43)) - raft.server.log.appender.install.snapshot.enabled = false (custom)
2019-08-29 08:45:40,673 [pool-219-thread-1] INFO  server.RaftServerConfigKeys (ConfUtils.java:logGet(43)) - raft.server.rpcslowness.timeout = 120s (custom)
2019-08-29 08:45:40,673 [pool-169-thread-1] INFO  impl.RaftServerImpl (ServerState.java:<init>(105)) - 4d8418c6-9aaf-413c-a95a-22b3e00264fc:group-144D18612C90 ConfigurationManager, init=-1: [691d973f-4ee5-4b71-9c79-714a3e15e6a2:192.168.157.194:43776, ead32545-d171-4909-a11e-9b7dde0365ee:192.168.157.194:46882, 4d8418c6-9aaf-413c-a95a-22b3e00264fc:192.168.157.194:33119], old=null, confs=<EMPTY_MAP>
2019-08-29 08:45:40,673 [pool-219-thread-1] INFO  server.RaftServerConfigKeys (ConfUtils.java:logGet(43)) - raft.server.sleep.deviation.threshold = 300 (default)
2019-08-29 08:45:40,674 [pool-169-thread-1] INFO  server.RaftServerConfigKeys (ConfUtils.java:logGet(43)) - raft.server.storage.dir = [/workdir/hadoop-ozone/integration-test/target/test-dir/MiniOzoneClusterImpl-43bc7ae7-4e66-4855-88e6-16f3e36bad4f/datanode-2/data/ratis] (custom)
2019-08-29 08:45:40,674 [pool-219-thread-1] INFO  server.RaftServerConfigKeys (ConfUtils.java:logGet(43)) - raft.server.log.appender.install.snapshot.enabled = false (custom)
2019-08-29 08:45:40,674 [pool-219-thread-1] INFO  impl.RaftServerImpl (ServerState.java:<init>(105)) - ead32545-d171-4909-a11e-9b7dde0365ee:group-144D18612C90 ConfigurationManager, init=-1: [691d973f-4ee5-4b71-9c79-714a3e15e6a2:192.168.157.194:43776, ead32545-d171-4909-a11e-9b7dde0365ee:192.168.157.194:46882, 4d8418c6-9aaf-413c-a95a-22b3e00264fc:192.168.157.194:33119], old=null, confs=<EMPTY_MAP>
2019-08-29 08:45:40,674 [pool-169-thread-1] INFO  storage.RaftStorageDirectory (RaftStorageDirectory.java:analyzeStorage(246)) - The storage directory /workdir/hadoop-ozone/integration-test/target/test-dir/MiniOzoneClusterImpl-43bc7ae7-4e66-4855-88e6-16f3e36bad4f/datanode-2/data/ratis/cbfa81a5-799f-4263-b232-144d18612c90 does not exist. Creating ...
2019-08-29 08:45:40,674 [pool-219-thread-1] INFO  server.RaftServerConfigKeys (ConfUtils.java:logGet(43)) - raft.server.storage.dir = [/workdir/hadoop-ozone/integration-test/target/test-dir/MiniOzoneClusterImpl-43bc7ae7-4e66-4855-88e6-16f3e36bad4f/datanode-7/data/ratis] (custom)
2019-08-29 08:45:40,675 [pool-219-thread-1] INFO  storage.RaftStorageDirectory (RaftStorageDirectory.java:analyzeStorage(246)) - The storage directory /workdir/hadoop-ozone/integration-test/target/test-dir/MiniOzoneClusterImpl-43bc7ae7-4e66-4855-88e6-16f3e36bad4f/datanode-7/data/ratis/cbfa81a5-799f-4263-b232-144d18612c90 does not exist. Creating ...
2019-08-29 08:45:40,687 [pool-209-thread-1] INFO  storage.RaftStorageDirectory (RaftStorageDirectory.java:tryLock(328)) - Lock on /workdir/hadoop-ozone/integration-test/target/test-dir/MiniOzoneClusterImpl-43bc7ae7-4e66-4855-88e6-16f3e36bad4f/datanode-6/data/ratis/cbfa81a5-799f-4263-b232-144d18612c90/in_use.lock acquired by nodename 24105@pr-hdds-2042-w774d-3815662616
2019-08-29 08:45:40,687 [pool-219-thread-1] INFO  storage.RaftStorageDirectory (RaftStorageDirectory.java:tryLock(328)) - Lock on /workdir/hadoop-ozone/integration-test/target/test-dir/MiniOzoneClusterImpl-43bc7ae7-4e66-4855-88e6-16f3e36bad4f/datanode-7/data/ratis/cbfa81a5-799f-4263-b232-144d18612c90/in_use.lock acquired by nodename 24105@pr-hdds-2042-w774d-3815662616
2019-08-29 08:45:40,687 [pool-169-thread-1] INFO  storage.RaftStorageDirectory (RaftStorageDirectory.java:tryLock(328)) - Lock on /workdir/hadoop-ozone/integration-test/target/test-dir/MiniOzoneClusterImpl-43bc7ae7-4e66-4855-88e6-16f3e36bad4f/datanode-2/data/ratis/cbfa81a5-799f-4263-b232-144d18612c90/in_use.lock acquired by nodename 24105@pr-hdds-2042-w774d-3815662616
2019-08-29 08:45:40,701 [pool-219-thread-1] INFO  storage.RaftStorage (RaftStorage.java:format(72)) - Storage directory /workdir/hadoop-ozone/integration-test/target/test-dir/MiniOzoneClusterImpl-43bc7ae7-4e66-4855-88e6-16f3e36bad4f/datanode-7/data/ratis/cbfa81a5-799f-4263-b232-144d18612c90 has been successfully formatted.
2019-08-29 08:45:40,701 [pool-169-thread-1] INFO  storage.RaftStorage (RaftStorage.java:format(72)) - Storage directory /workdir/hadoop-ozone/integration-test/target/test-dir/MiniOzoneClusterImpl-43bc7ae7-4e66-4855-88e6-16f3e36bad4f/datanode-2/data/ratis/cbfa81a5-799f-4263-b232-144d18612c90 has been successfully formatted.
2019-08-29 08:45:40,701 [pool-209-thread-1] INFO  storage.RaftStorage (RaftStorage.java:format(72)) - Storage directory /workdir/hadoop-ozone/integration-test/target/test-dir/MiniOzoneClusterImpl-43bc7ae7-4e66-4855-88e6-16f3e36bad4f/datanode-6/data/ratis/cbfa81a5-799f-4263-b232-144d18612c90 has been successfully formatted.
2019-08-29 08:45:40,702 [pool-169-thread-1] INFO  ratis.ContainerStateMachine (ContainerStateMachine.java:loadSnapshot(227)) - group-144D18612C90: The snapshot info is null. Setting the last applied indexto:(t:0, i:~)
2019-08-29 08:45:40,702 [pool-219-thread-1] INFO  ratis.ContainerStateMachine (ContainerStateMachine.java:loadSnapshot(227)) - group-144D18612C90: The snapshot info is null. Setting the last applied indexto:(t:0, i:~)
2019-08-29 08:45:40,702 [pool-169-thread-1] INFO  server.RaftServerConfigKeys (ConfUtils.java:logGet(43)) - raft.server.leader.election.timeout = 120s (custom)
2019-08-29 08:45:40,702 [pool-209-thread-1] INFO  ratis.ContainerStateMachine (ContainerStateMachine.java:loadSnapshot(227)) - group-144D18612C90: The snapshot info is null. Setting the last applied indexto:(t:0, i:~)
2019-08-29 08:45:40,702 [pool-169-thread-1] INFO  server.RaftServerConfigKeys (ConfUtils.java:logGet(43)) - raft.server.log.use.memory = false (default)
2019-08-29 08:45:40,702 [pool-219-thread-1] INFO  server.RaftServerConfigKeys (ConfUtils.java:logGet(43)) - raft.server.leader.election.timeout = 120s (custom)
2019-08-29 08:45:40,702 [pool-169-thread-1] INFO  server.RaftServerConfigKeys (ConfUtils.java:logGet(43)) - raft.server.log.purge.gap = 1000000 (custom)
2019-08-29 08:45:40,702 [pool-209-thread-1] INFO  server.RaftServerConfigKeys (ConfUtils.java:logGet(43)) - raft.server.leader.election.timeout = 120s (custom)
2019-08-29 08:45:40,703 [pool-169-thread-1] INFO  server.RaftServerConfigKeys (ConfUtils.java:logGet(43)) - raft.server.log.appender.buffer.byte-limit = 33554432 (custom)
2019-08-29 08:45:40,703 [pool-219-thread-1] INFO  server.RaftServerConfigKeys (ConfUtils.java:logGet(43)) - raft.server.log.use.memory = false (default)
2019-08-29 08:45:40,703 [pool-169-thread-1] INFO  server.RaftServerConfigKeys (ConfUtils.java:logGet(43)) - raft.server.log.segment.size.max = 1048576 (custom)
2019-08-29 08:45:40,703 [pool-209-thread-1] INFO  server.RaftServerConfigKeys (ConfUtils.java:logGet(43)) - raft.server.log.use.memory = false (default)
2019-08-29 08:45:40,703 [pool-169-thread-1] INFO  server.RaftServerConfigKeys (ConfUtils.java:logGet(43)) - raft.server.log.segment.cache.num.max = 2 (custom)
2019-08-29 08:45:40,703 [pool-219-thread-1] INFO  server.RaftServerConfigKeys (ConfUtils.java:logGet(43)) - raft.server.log.purge.gap = 1000000 (custom)
2019-08-29 08:45:40,704 [pool-169-thread-1] INFO  segmented.SegmentedRaftLogWorker (SegmentedRaftLogWorker.java:<init>(172)) - new 4d8418c6-9aaf-413c-a95a-22b3e00264fc-SegmentedRaftLogWorker:Storage Directory /workdir/hadoop-ozone/integration-test/target/test-dir/MiniOzoneClusterImpl-43bc7ae7-4e66-4855-88e6-16f3e36bad4f/datanode-2/data/ratis/cbfa81a5-799f-4263-b232-144d18612c90 for RaftStorage:Storage Directory /workdir/hadoop-ozone/integration-test/target/test-dir/MiniOzoneClusterImpl-43bc7ae7-4e66-4855-88e6-16f3e36bad4f/datanode-2/data/ratis/cbfa81a5-799f-4263-b232-144d18612c90
2019-08-29 08:45:40,703 [pool-209-thread-1] INFO  server.RaftServerConfigKeys (ConfUtils.java:logGet(43)) - raft.server.log.purge.gap = 1000000 (custom)
2019-08-29 08:45:40,704 [pool-169-thread-1] INFO  server.RaftServerConfigKeys (ConfUtils.java:logGet(43)) - raft.server.log.queue.byte-limit = 2147483647 (custom)
2019-08-29 08:45:40,704 [pool-219-thread-1] INFO  server.RaftServerConfigKeys (ConfUtils.java:logGet(43)) - raft.server.log.appender.buffer.byte-limit = 33554432 (custom)
2019-08-29 08:45:40,704 [pool-169-thread-1] INFO  server.RaftServerConfigKeys (ConfUtils.java:logGet(43)) - raft.server.log.queue.element-limit = 1024 (custom)
2019-08-29 08:45:40,704 [pool-209-thread-1] INFO  server.RaftServerConfigKeys (ConfUtils.java:logGet(43)) - raft.server.log.appender.buffer.byte-limit = 33554432 (custom)
2019-08-29 08:45:40,704 [pool-169-thread-1] INFO  server.RaftServerConfigKeys (ConfUtils.java:logGet(43)) - raft.server.log.segment.size.max = 1048576 (custom)
2019-08-29 08:45:40,704 [pool-219-thread-1] INFO  server.RaftServerConfigKeys (ConfUtils.java:logGet(43)) - raft.server.log.segment.size.max = 1048576 (custom)
2019-08-29 08:45:40,705 [pool-169-thread-1] INFO  server.RaftServerConfigKeys (ConfUtils.java:logGet(43)) - raft.server.log.preallocated.size = 16384 (custom)
2019-08-29 08:45:40,705 [pool-209-thread-1] INFO  server.RaftServerConfigKeys (ConfUtils.java:logGet(43)) - raft.server.log.segment.size.max = 1048576 (custom)
2019-08-29 08:45:40,705 [pool-169-thread-1] INFO  server.RaftServerConfigKeys (ConfUtils.java:logGet(43)) - raft.server.log.write.buffer.size = 33554432 (custom)
2019-08-29 08:45:40,705 [pool-219-thread-1] INFO  server.RaftServerConfigKeys (ConfUtils.java:logGet(43)) - raft.server.log.segment.cache.num.max = 2 (custom)
2019-08-29 08:45:40,705 [pool-169-thread-1] INFO  server.RaftServerConfigKeys (ConfUtils.java:logGet(43)) - raft.server.log.force.sync.num = 128 (default)
2019-08-29 08:45:40,705 [pool-209-thread-1] INFO  server.RaftServerConfigKeys (ConfUtils.java:logGet(43)) - raft.server.log.segment.cache.num.max = 2 (custom)
2019-08-29 08:45:40,706 [pool-169-thread-1] INFO  server.RaftServerConfigKeys (ConfUtils.java:logGet(43)) - raft.server.log.statemachine.data.sync = true (default)
2019-08-29 08:45:40,706 [pool-219-thread-1] INFO  segmented.SegmentedRaftLogWorker (SegmentedRaftLogWorker.java:<init>(172)) - new ead32545-d171-4909-a11e-9b7dde0365ee-SegmentedRaftLogWorker:Storage Directory /workdir/hadoop-ozone/integration-test/target/test-dir/MiniOzoneClusterImpl-43bc7ae7-4e66-4855-88e6-16f3e36bad4f/datanode-7/data/ratis/cbfa81a5-799f-4263-b232-144d18612c90 for RaftStorage:Storage Directory /workdir/hadoop-ozone/integration-test/target/test-dir/MiniOzoneClusterImpl-43bc7ae7-4e66-4855-88e6-16f3e36bad4f/datanode-7/data/ratis/cbfa81a5-799f-4263-b232-144d18612c90
2019-08-29 08:45:40,706 [pool-209-thread-1] INFO  segmented.SegmentedRaftLogWorker (SegmentedRaftLogWorker.java:<init>(172)) - new 691d973f-4ee5-4b71-9c79-714a3e15e6a2-SegmentedRaftLogWorker:Storage Directory /workdir/hadoop-ozone/integration-test/target/test-dir/MiniOzoneClusterImpl-43bc7ae7-4e66-4855-88e6-16f3e36bad4f/datanode-6/data/ratis/cbfa81a5-799f-4263-b232-144d18612c90 for RaftStorage:Storage Directory /workdir/hadoop-ozone/integration-test/target/test-dir/MiniOzoneClusterImpl-43bc7ae7-4e66-4855-88e6-16f3e36bad4f/datanode-6/data/ratis/cbfa81a5-799f-4263-b232-144d18612c90
2019-08-29 08:45:40,706 [pool-219-thread-1] INFO  server.RaftServerConfigKeys (ConfUtils.java:logGet(43)) - raft.server.log.queue.byte-limit = 2147483647 (custom)
2019-08-29 08:45:40,706 [pool-169-thread-1] INFO  server.RaftServerConfigKeys (ConfUtils.java:logGet(43)) - raft.server.log.statemachine.data.sync.timeout = 10s (default)
2019-08-29 08:45:40,706 [pool-219-thread-1] INFO  server.RaftServerConfigKeys (ConfUtils.java:logGet(43)) - raft.server.log.queue.element-limit = 1024 (custom)
2019-08-29 08:45:40,706 [pool-209-thread-1] INFO  server.RaftServerConfigKeys (ConfUtils.java:logGet(43)) - raft.server.log.queue.byte-limit = 2147483647 (custom)
2019-08-29 08:45:40,707 [pool-219-thread-1] INFO  server.RaftServerConfigKeys (ConfUtils.java:logGet(43)) - raft.server.log.segment.size.max = 1048576 (custom)
2019-08-29 08:45:40,707 [pool-169-thread-1] INFO  server.RaftServerConfigKeys (ConfUtils.java:logGet(43)) - raft.server.log.statemachine.data.sync.timeout.retry = -1 (default)
2019-08-29 08:45:40,707 [pool-219-thread-1] INFO  server.RaftServerConfigKeys (ConfUtils.java:logGet(43)) - raft.server.log.preallocated.size = 16384 (custom)
2019-08-29 08:45:40,707 [pool-209-thread-1] INFO  server.RaftServerConfigKeys (ConfUtils.java:logGet(43)) - raft.server.log.queue.element-limit = 1024 (custom)
2019-08-29 08:45:40,707 [pool-219-thread-1] INFO  server.RaftServerConfigKeys (ConfUtils.java:logGet(43)) - raft.server.log.write.buffer.size = 33554432 (custom)
2019-08-29 08:45:40,707 [pool-169-thread-1] INFO  server.RaftServerConfigKeys (ConfUtils.java:logGet(43)) - raft.server.log.statemachine.data.caching.enabled = true (custom)
2019-08-29 08:45:40,708 [pool-219-thread-1] INFO  server.RaftServerConfigKeys (ConfUtils.java:logGet(43)) - raft.server.log.force.sync.num = 128 (default)
2019-08-29 08:45:40,708 [pool-209-thread-1] INFO  server.RaftServerConfigKeys (ConfUtils.java:logGet(43)) - raft.server.log.segment.size.max = 1048576 (custom)
2019-08-29 08:45:40,708 [pool-169-thread-1] INFO  segmented.SegmentedRaftLogWorker (SegmentedRaftLogWorker.java:lambda$new$0(132)) - 4d8418c6-9aaf-413c-a95a-22b3e00264fc-SegmentedRaftLogWorker:Storage Directory /workdir/hadoop-ozone/integration-test/target/test-dir/MiniOzoneClusterImpl-43bc7ae7-4e66-4855-88e6-16f3e36bad4f/datanode-2/data/ratis/cbfa81a5-799f-4263-b232-144d18612c90: flushIndex: setUnconditionally 0 -> -1
2019-08-29 08:45:40,708 [pool-219-thread-1] INFO  server.RaftServerConfigKeys (ConfUtils.java:logGet(43)) - raft.server.log.statemachine.data.sync = true (default)
2019-08-29 08:45:40,708 [pool-209-thread-1] INFO  server.RaftServerConfigKeys (ConfUtils.java:logGet(43)) - raft.server.log.preallocated.size = 16384 (custom)
2019-08-29 08:45:40,708 [pool-219-thread-1] INFO  server.RaftServerConfigKeys (ConfUtils.java:logGet(43)) - raft.server.log.statemachine.data.sync.timeout = 10s (default)
2019-08-29 08:45:40,708 [pool-169-thread-1] INFO  server.RaftServerConfigKeys (ConfUtils.java:logGet(43)) - raft.server.snapshot.auto.trigger.enabled = true (custom)
2019-08-29 08:45:40,709 [pool-219-thread-1] INFO  server.RaftServerConfigKeys (ConfUtils.java:logGet(43)) - raft.server.log.statemachine.data.sync.timeout.retry = -1 (default)
2019-08-29 08:45:40,709 [pool-209-thread-1] INFO  server.RaftServerConfigKeys (ConfUtils.java:logGet(43)) - raft.server.log.write.buffer.size = 33554432 (custom)
2019-08-29 08:45:40,709 [pool-219-thread-1] INFO  server.RaftServerConfigKeys (ConfUtils.java:logGet(43)) - raft.server.log.statemachine.data.caching.enabled = true (custom)
2019-08-29 08:45:40,709 [pool-169-thread-1] INFO  server.RaftServerConfigKeys (ConfUtils.java:logGet(43)) - raft.server.snapshot.auto.trigger.threshold = 10000 (custom)
2019-08-29 08:45:40,709 [pool-209-thread-1] INFO  server.RaftServerConfigKeys (ConfUtils.java:logGet(43)) - raft.server.log.force.sync.num = 128 (default)
2019-08-29 08:45:40,709 [pool-219-thread-1] INFO  segmented.SegmentedRaftLogWorker (SegmentedRaftLogWorker.java:lambda$new$0(132)) - ead32545-d171-4909-a11e-9b7dde0365ee-SegmentedRaftLogWorker:Storage Directory /workdir/hadoop-ozone/integration-test/target/test-dir/MiniOzoneClusterImpl-43bc7ae7-4e66-4855-88e6-16f3e36bad4f/datanode-7/data/ratis/cbfa81a5-799f-4263-b232-144d18612c90: flushIndex: setUnconditionally 0 -> -1
2019-08-29 08:45:40,709 [pool-169-thread-1] INFO  server.RaftServerConfigKeys (ConfUtils.java:logGet(43)) - raft.server.retrycache.expirytime = 600000ms (custom)
2019-08-29 08:45:40,710 [pool-209-thread-1] INFO  server.RaftServerConfigKeys (ConfUtils.java:logGet(43)) - raft.server.log.statemachine.data.sync = true (default)
2019-08-29 08:45:40,710 [pool-169-thread-1] INFO  impl.RaftServerImpl (RaftServerImpl.java:start(180)) - 4d8418c6-9aaf-413c-a95a-22b3e00264fc: start group-144D18612C90
2019-08-29 08:45:40,710 [pool-219-thread-1] INFO  server.RaftServerConfigKeys (ConfUtils.java:logGet(43)) - raft.server.snapshot.auto.trigger.enabled = true (custom)
2019-08-29 08:45:40,710 [pool-209-thread-1] INFO  server.RaftServerConfigKeys (ConfUtils.java:logGet(43)) - raft.server.log.statemachine.data.sync.timeout = 10s (default)
2019-08-29 08:45:40,710 [pool-219-thread-1] INFO  server.RaftServerConfigKeys (ConfUtils.java:logGet(43)) - raft.server.snapshot.auto.trigger.threshold = 10000 (custom)
2019-08-29 08:45:40,710 [pool-169-thread-1] INFO  impl.RaftServerImpl (RaftServerImpl.java:setRole(171)) - 4d8418c6-9aaf-413c-a95a-22b3e00264fc:group-144D18612C90 changes role from null to FOLLOWER at term 0 for startAsFollower
2019-08-29 08:45:40,710 [pool-219-thread-1] INFO  server.RaftServerConfigKeys (ConfUtils.java:logGet(43)) - raft.server.retrycache.expirytime = 600000ms (custom)
2019-08-29 08:45:40,710 [pool-209-thread-1] INFO  server.RaftServerConfigKeys (ConfUtils.java:logGet(43)) - raft.server.log.statemachine.data.sync.timeout.retry = -1 (default)
2019-08-29 08:45:40,711 [pool-219-thread-1] INFO  impl.RaftServerImpl (RaftServerImpl.java:start(180)) - ead32545-d171-4909-a11e-9b7dde0365ee: start group-144D18612C90
2019-08-29 08:45:40,710 [pool-169-thread-1] INFO  impl.RoleInfo (RoleInfo.java:updateAndGet(143)) - 4d8418c6-9aaf-413c-a95a-22b3e00264fc: start FollowerState
2019-08-29 08:45:40,711 [pool-219-thread-1] INFO  impl.RaftServerImpl (RaftServerImpl.java:setRole(171)) - ead32545-d171-4909-a11e-9b7dde0365ee:group-144D18612C90 changes role from null to FOLLOWER at term 0 for startAsFollower
2019-08-29 08:45:40,711 [pool-209-thread-1] INFO  server.RaftServerConfigKeys (ConfUtils.java:logGet(43)) - raft.server.log.statemachine.data.caching.enabled = true (custom)
2019-08-29 08:45:40,711 [pool-219-thread-1] INFO  impl.RoleInfo (RoleInfo.java:updateAndGet(143)) - ead32545-d171-4909-a11e-9b7dde0365ee: start FollowerState
2019-08-29 08:45:40,711 [pool-209-thread-1] INFO  segmented.SegmentedRaftLogWorker (SegmentedRaftLogWorker.java:lambda$new$0(132)) - 691d973f-4ee5-4b71-9c79-714a3e15e6a2-SegmentedRaftLogWorker:Storage Directory /workdir/hadoop-ozone/integration-test/target/test-dir/MiniOzoneClusterImpl-43bc7ae7-4e66-4855-88e6-16f3e36bad4f/datanode-6/data/ratis/cbfa81a5-799f-4263-b232-144d18612c90: flushIndex: setUnconditionally 0 -> -1
2019-08-29 08:45:40,711 [pool-169-thread-1] INFO  util.JmxRegister (JmxRegister.java:tryRegister(44)) - Successfully registered JMX Bean with object name Ratis:service=RaftServer,group=group-144D18612C90,id=4d8418c6-9aaf-413c-a95a-22b3e00264fc
2019-08-29 08:45:40,712 [pool-209-thread-1] INFO  server.RaftServerConfigKeys (ConfUtils.java:logGet(43)) - raft.server.snapshot.auto.trigger.enabled = true (custom)
2019-08-29 08:45:40,712 [pool-219-thread-1] INFO  util.JmxRegister (JmxRegister.java:tryRegister(44)) - Successfully registered JMX Bean with object name Ratis:service=RaftServer,group=group-144D18612C90,id=ead32545-d171-4909-a11e-9b7dde0365ee
2019-08-29 08:45:40,712 [pool-209-thread-1] INFO  server.RaftServerConfigKeys (ConfUtils.java:logGet(43)) - raft.server.snapshot.auto.trigger.threshold = 10000 (custom)
2019-08-29 08:45:40,712 [pool-209-thread-1] INFO  server.RaftServerConfigKeys (ConfUtils.java:logGet(43)) - raft.server.retrycache.expirytime = 600000ms (custom)
2019-08-29 08:45:40,712 [pool-209-thread-1] INFO  impl.RaftServerImpl (RaftServerImpl.java:start(180)) - 691d973f-4ee5-4b71-9c79-714a3e15e6a2: start group-144D18612C90
2019-08-29 08:45:40,712 [pool-209-thread-1] INFO  impl.RaftServerImpl (RaftServerImpl.java:setRole(171)) - 691d973f-4ee5-4b71-9c79-714a3e15e6a2:group-144D18612C90 changes role from null to FOLLOWER at term 0 for startAsFollower
2019-08-29 08:45:40,712 [pool-209-thread-1] INFO  impl.RoleInfo (RoleInfo.java:updateAndGet(143)) - 691d973f-4ee5-4b71-9c79-714a3e15e6a2: start FollowerState
2019-08-29 08:45:40,717 [pool-209-thread-1] INFO  util.JmxRegister (JmxRegister.java:tryRegister(44)) - Successfully registered JMX Bean with object name Ratis:service=RaftServer,group=group-144D18612C90,id=691d973f-4ee5-4b71-9c79-714a3e15e6a2
2019-08-29 08:45:40,724 [RatisPipelineUtilsThread] INFO  pipeline.PipelineStateManager (PipelineStateManager.java:addPipeline(56)) - Created pipeline Pipeline[ Id: cbfa81a5-799f-4263-b232-144d18612c90, Nodes: ead32545-d171-4909-a11e-9b7dde0365ee{ip: 192.168.157.194, host: pr-hdds-2042-w774d-3815662616, networkLocation: /rack1, certSerialId: null}691d973f-4ee5-4b71-9c79-714a3e15e6a2{ip: 192.168.157.194, host: pr-hdds-2042-w774d-3815662616, networkLocation: /rack1, certSerialId: null}4d8418c6-9aaf-413c-a95a-22b3e00264fc{ip: 192.168.157.194, host: pr-hdds-2042-w774d-3815662616, networkLocation: /rack1, certSerialId: null}, Type:RATIS, Factor:THREE, State:OPEN]
2019-08-29 08:45:40,733 [grpc-default-executor-3] INFO  impl.RaftServerProxy (RaftServerProxy.java:addNew(89)) - d42e1e69-47db-482b-ad03-89cca26a9b49: addNew group-655B46E240B2:[b6aa82e4-5823-49f6-a34d-d75ec3f4bf0a:192.168.157.194:39858, af10c44b-16fa-4c36-b19d-5f1088e11be1:192.168.157.194:32884, d42e1e69-47db-482b-ad03-89cca26a9b49:192.168.157.194:44267] returns group-655B46E240B2:java.util.concurrent.CompletableFuture@24a7dacc[Not completed]
2019-08-29 08:45:40,733 [grpc-default-executor-4] INFO  impl.RaftServerProxy (RaftServerProxy.java:addNew(89)) - af10c44b-16fa-4c36-b19d-5f1088e11be1: addNew group-655B46E240B2:[b6aa82e4-5823-49f6-a34d-d75ec3f4bf0a:192.168.157.194:39858, af10c44b-16fa-4c36-b19d-5f1088e11be1:192.168.157.194:32884, d42e1e69-47db-482b-ad03-89cca26a9b49:192.168.157.194:44267] returns group-655B46E240B2:java.util.concurrent.CompletableFuture@43b80bd6[Not completed]
2019-08-29 08:45:40,734 [grpc-default-executor-5] INFO  impl.RaftServerProxy (RaftServerProxy.java:addNew(89)) - b6aa82e4-5823-49f6-a34d-d75ec3f4bf0a: addNew group-655B46E240B2:[b6aa82e4-5823-49f6-a34d-d75ec3f4bf0a:192.168.157.194:39858, af10c44b-16fa-4c36-b19d-5f1088e11be1:192.168.157.194:32884, d42e1e69-47db-482b-ad03-89cca26a9b49:192.168.157.194:44267] returns group-655B46E240B2:java.util.concurrent.CompletableFuture@7c058825[Not completed]
2019-08-29 08:45:40,735 [pool-149-thread-1] INFO  impl.RaftServerImpl (RaftServerImpl.java:<init>(93)) - af10c44b-16fa-4c36-b19d-5f1088e11be1: new RaftServerImpl for group-655B46E240B2:[b6aa82e4-5823-49f6-a34d-d75ec3f4bf0a:192.168.157.194:39858, af10c44b-16fa-4c36-b19d-5f1088e11be1:192.168.157.194:32884, d42e1e69-47db-482b-ad03-89cca26a9b49:192.168.157.194:44267] with ContainerStateMachine:uninitialized
2019-08-29 08:45:40,735 [pool-149-thread-1] INFO  server.RaftServerConfigKeys (ConfUtils.java:logGet(43)) - raft.server.rpc.timeout.min = 1s (custom)
2019-08-29 08:45:40,736 [pool-149-thread-1] INFO  server.RaftServerConfigKeys (ConfUtils.java:logGet(43)) - raft.server.rpc.timeout.max = 1200ms (custom)
2019-08-29 08:45:40,736 [pool-229-thread-1] INFO  impl.RaftServerImpl (RaftServerImpl.java:<init>(93)) - b6aa82e4-5823-49f6-a34d-d75ec3f4bf0a: new RaftServerImpl for group-655B46E240B2:[b6aa82e4-5823-49f6-a34d-d75ec3f4bf0a:192.168.157.194:39858, af10c44b-16fa-4c36-b19d-5f1088e11be1:192.168.157.194:32884, d42e1e69-47db-482b-ad03-89cca26a9b49:192.168.157.194:44267] with ContainerStateMachine:uninitialized
2019-08-29 08:45:40,736 [pool-149-thread-1] INFO  server.RaftServerConfigKeys (ConfUtils.java:logGet(43)) - raft.server.rpcslowness.timeout = 120s (custom)
2019-08-29 08:45:40,736 [pool-229-thread-1] INFO  server.RaftServerConfigKeys (ConfUtils.java:logGet(43)) - raft.server.rpc.timeout.min = 1s (custom)
2019-08-29 08:45:40,736 [pool-149-thread-1] INFO  server.RaftServerConfigKeys (ConfUtils.java:logGet(43)) - raft.server.sleep.deviation.threshold = 300 (default)
2019-08-29 08:45:40,736 [pool-229-thread-1] INFO  server.RaftServerConfigKeys (ConfUtils.java:logGet(43)) - raft.server.rpc.timeout.max = 1200ms (custom)
2019-08-29 08:45:40,736 [pool-149-thread-1] INFO  server.RaftServerConfigKeys (ConfUtils.java:logGet(43)) - raft.server.log.appender.install.snapshot.enabled = false (custom)
2019-08-29 08:45:40,736 [pool-229-thread-1] INFO  server.RaftServerConfigKeys (ConfUtils.java:logGet(43)) - raft.server.rpcslowness.timeout = 120s (custom)
2019-08-29 08:45:40,736 [pool-159-thread-1] INFO  impl.RaftServerImpl (RaftServerImpl.java:<init>(93)) - d42e1e69-47db-482b-ad03-89cca26a9b49: new RaftServerImpl for group-655B46E240B2:[b6aa82e4-5823-49f6-a34d-d75ec3f4bf0a:192.168.157.194:39858, af10c44b-16fa-4c36-b19d-5f1088e11be1:192.168.157.194:32884, d42e1e69-47db-482b-ad03-89cca26a9b49:192.168.157.194:44267] with ContainerStateMachine:uninitialized
2019-08-29 08:45:40,737 [pool-229-thread-1] INFO  server.RaftServerConfigKeys (ConfUtils.java:logGet(43)) - raft.server.sleep.deviation.threshold = 300 (default)
2019-08-29 08:45:40,736 [pool-149-thread-1] INFO  impl.RaftServerImpl (ServerState.java:<init>(105)) - af10c44b-16fa-4c36-b19d-5f1088e11be1:group-655B46E240B2 ConfigurationManager, init=-1: [b6aa82e4-5823-49f6-a34d-d75ec3f4bf0a:192.168.157.194:39858, af10c44b-16fa-4c36-b19d-5f1088e11be1:192.168.157.194:32884, d42e1e69-47db-482b-ad03-89cca26a9b49:192.168.157.194:44267], old=null, confs=<EMPTY_MAP>
2019-08-29 08:45:40,737 [pool-229-thread-1] INFO  server.RaftServerConfigKeys (ConfUtils.java:logGet(43)) - raft.server.log.appender.install.snapshot.enabled = false (custom)
2019-08-29 08:45:40,737 [pool-159-thread-1] INFO  server.RaftServerConfigKeys (ConfUtils.java:logGet(43)) - raft.server.rpc.timeout.min = 1s (custom)
2019-08-29 08:45:40,737 [pool-229-thread-1] INFO  impl.RaftServerImpl (ServerState.java:<init>(105)) - b6aa82e4-5823-49f6-a34d-d75ec3f4bf0a:group-655B46E240B2 ConfigurationManager, init=-1: [b6aa82e4-5823-49f6-a34d-d75ec3f4bf0a:192.168.157.194:39858, af10c44b-16fa-4c36-b19d-5f1088e11be1:192.168.157.194:32884, d42e1e69-47db-482b-ad03-89cca26a9b49:192.168.157.194:44267], old=null, confs=<EMPTY_MAP>
2019-08-29 08:45:40,737 [pool-149-thread-1] INFO  server.RaftServerConfigKeys (ConfUtils.java:logGet(43)) - raft.server.storage.dir = [/workdir/hadoop-ozone/integration-test/target/test-dir/MiniOzoneClusterImpl-43bc7ae7-4e66-4855-88e6-16f3e36bad4f/datanode-0/data/ratis] (custom)
2019-08-29 08:45:40,737 [pool-229-thread-1] INFO  server.RaftServerConfigKeys (ConfUtils.java:logGet(43)) - raft.server.storage.dir = [/workdir/hadoop-ozone/integration-test/target/test-dir/MiniOzoneClusterImpl-43bc7ae7-4e66-4855-88e6-16f3e36bad4f/datanode-8/data/ratis] (custom)
2019-08-29 08:45:40,737 [pool-159-thread-1] INFO  server.RaftServerConfigKeys (ConfUtils.java:logGet(43)) - raft.server.rpc.timeout.max = 1200ms (custom)
2019-08-29 08:45:40,738 [pool-159-thread-1] INFO  server.RaftServerConfigKeys (ConfUtils.java:logGet(43)) - raft.server.rpcslowness.timeout = 120s (custom)
2019-08-29 08:45:40,738 [pool-229-thread-1] INFO  storage.RaftStorageDirectory (RaftStorageDirectory.java:analyzeStorage(246)) - The storage directory /workdir/hadoop-ozone/integration-test/target/test-dir/MiniOzoneClusterImpl-43bc7ae7-4e66-4855-88e6-16f3e36bad4f/datanode-8/data/ratis/52ca8880-1f24-4e87-a4d8-655b46e240b2 does not exist. Creating ...
2019-08-29 08:45:40,738 [pool-149-thread-1] INFO  storage.RaftStorageDirectory (RaftStorageDirectory.java:analyzeStorage(246)) - The storage directory /workdir/hadoop-ozone/integration-test/target/test-dir/MiniOzoneClusterImpl-43bc7ae7-4e66-4855-88e6-16f3e36bad4f/datanode-0/data/ratis/52ca8880-1f24-4e87-a4d8-655b46e240b2 does not exist. Creating ...
2019-08-29 08:45:40,738 [pool-159-thread-1] INFO  server.RaftServerConfigKeys (ConfUtils.java:logGet(43)) - raft.server.sleep.deviation.threshold = 300 (default)
2019-08-29 08:45:40,738 [pool-159-thread-1] INFO  server.RaftServerConfigKeys (ConfUtils.java:logGet(43)) - raft.server.log.appender.install.snapshot.enabled = false (custom)
2019-08-29 08:45:40,738 [pool-159-thread-1] INFO  impl.RaftServerImpl (ServerState.java:<init>(105)) - d42e1e69-47db-482b-ad03-89cca26a9b49:group-655B46E240B2 ConfigurationManager, init=-1: [b6aa82e4-5823-49f6-a34d-d75ec3f4bf0a:192.168.157.194:39858, af10c44b-16fa-4c36-b19d-5f1088e11be1:192.168.157.194:32884, d42e1e69-47db-482b-ad03-89cca26a9b49:192.168.157.194:44267], old=null, confs=<EMPTY_MAP>
2019-08-29 08:45:40,738 [pool-159-thread-1] INFO  server.RaftServerConfigKeys (ConfUtils.java:logGet(43)) - raft.server.storage.dir = [/workdir/hadoop-ozone/integration-test/target/test-dir/MiniOzoneClusterImpl-43bc7ae7-4e66-4855-88e6-16f3e36bad4f/datanode-1/data/ratis] (custom)
2019-08-29 08:45:40,739 [pool-159-thread-1] INFO  storage.RaftStorageDirectory (RaftStorageDirectory.java:analyzeStorage(246)) - The storage directory /workdir/hadoop-ozone/integration-test/target/test-dir/MiniOzoneClusterImpl-43bc7ae7-4e66-4855-88e6-16f3e36bad4f/datanode-1/data/ratis/52ca8880-1f24-4e87-a4d8-655b46e240b2 does not exist. Creating ...
2019-08-29 08:45:40,744 [pool-159-thread-1] INFO  storage.RaftStorageDirectory (RaftStorageDirectory.java:tryLock(328)) - Lock on /workdir/hadoop-ozone/integration-test/target/test-dir/MiniOzoneClusterImpl-43bc7ae7-4e66-4855-88e6-16f3e36bad4f/datanode-1/data/ratis/52ca8880-1f24-4e87-a4d8-655b46e240b2/in_use.lock acquired by nodename 24105@pr-hdds-2042-w774d-3815662616
2019-08-29 08:45:40,744 [pool-149-thread-1] INFO  storage.RaftStorageDirectory (RaftStorageDirectory.java:tryLock(328)) - Lock on /workdir/hadoop-ozone/integration-test/target/test-dir/MiniOzoneClusterImpl-43bc7ae7-4e66-4855-88e6-16f3e36bad4f/datanode-0/data/ratis/52ca8880-1f24-4e87-a4d8-655b46e240b2/in_use.lock acquired by nodename 24105@pr-hdds-2042-w774d-3815662616
2019-08-29 08:45:40,744 [pool-229-thread-1] INFO  storage.RaftStorageDirectory (RaftStorageDirectory.java:tryLock(328)) - Lock on /workdir/hadoop-ozone/integration-test/target/test-dir/MiniOzoneClusterImpl-43bc7ae7-4e66-4855-88e6-16f3e36bad4f/datanode-8/data/ratis/52ca8880-1f24-4e87-a4d8-655b46e240b2/in_use.lock acquired by nodename 24105@pr-hdds-2042-w774d-3815662616
2019-08-29 08:45:40,759 [pool-159-thread-1] INFO  storage.RaftStorage (RaftStorage.java:format(72)) - Storage directory /workdir/hadoop-ozone/integration-test/target/test-dir/MiniOzoneClusterImpl-43bc7ae7-4e66-4855-88e6-16f3e36bad4f/datanode-1/data/ratis/52ca8880-1f24-4e87-a4d8-655b46e240b2 has been successfully formatted.
2019-08-29 08:45:40,759 [pool-229-thread-1] INFO  storage.RaftStorage (RaftStorage.java:format(72)) - Storage directory /workdir/hadoop-ozone/integration-test/target/test-dir/MiniOzoneClusterImpl-43bc7ae7-4e66-4855-88e6-16f3e36bad4f/datanode-8/data/ratis/52ca8880-1f24-4e87-a4d8-655b46e240b2 has been successfully formatted.
2019-08-29 08:45:40,759 [pool-149-thread-1] INFO  storage.RaftStorage (RaftStorage.java:format(72)) - Storage directory /workdir/hadoop-ozone/integration-test/target/test-dir/MiniOzoneClusterImpl-43bc7ae7-4e66-4855-88e6-16f3e36bad4f/datanode-0/data/ratis/52ca8880-1f24-4e87-a4d8-655b46e240b2 has been successfully formatted.
2019-08-29 08:45:40,759 [pool-159-thread-1] INFO  ratis.ContainerStateMachine (ContainerStateMachine.java:loadSnapshot(227)) - group-655B46E240B2: The snapshot info is null. Setting the last applied indexto:(t:0, i:~)
2019-08-29 08:45:40,759 [pool-149-thread-1] INFO  ratis.ContainerStateMachine (ContainerStateMachine.java:loadSnapshot(227)) - group-655B46E240B2: The snapshot info is null. Setting the last applied indexto:(t:0, i:~)
2019-08-29 08:45:40,759 [pool-159-thread-1] INFO  server.RaftServerConfigKeys (ConfUtils.java:logGet(43)) - raft.server.leader.election.timeout = 120s (custom)
2019-08-29 08:45:40,759 [pool-229-thread-1] INFO  ratis.ContainerStateMachine (ContainerStateMachine.java:loadSnapshot(227)) - group-655B46E240B2: The snapshot info is null. Setting the last applied indexto:(t:0, i:~)
2019-08-29 08:45:40,759 [pool-159-thread-1] INFO  server.RaftServerConfigKeys (ConfUtils.java:logGet(43)) - raft.server.log.use.memory = false (default)
2019-08-29 08:45:40,759 [pool-149-thread-1] INFO  server.RaftServerConfigKeys (ConfUtils.java:logGet(43)) - raft.server.leader.election.timeout = 120s (custom)
2019-08-29 08:45:40,759 [pool-159-thread-1] INFO  server.RaftServerConfigKeys (ConfUtils.java:logGet(43)) - raft.server.log.purge.gap = 1000000 (custom)
2019-08-29 08:45:40,759 [pool-229-thread-1] INFO  server.RaftServerConfigKeys (ConfUtils.java:logGet(43)) - raft.server.leader.election.timeout = 120s (custom)
2019-08-29 08:45:40,760 [pool-159-thread-1] INFO  server.RaftServerConfigKeys (ConfUtils.java:logGet(43)) - raft.server.log.appender.buffer.byte-limit = 33554432 (custom)
2019-08-29 08:45:40,760 [pool-149-thread-1] INFO  server.RaftServerConfigKeys (ConfUtils.java:logGet(43)) - raft.server.log.use.memory = false (default)
2019-08-29 08:45:40,760 [pool-159-thread-1] INFO  server.RaftServerConfigKeys (ConfUtils.java:logGet(43)) - raft.server.log.segment.size.max = 1048576 (custom)
2019-08-29 08:45:40,760 [pool-229-thread-1] INFO  server.RaftServerConfigKeys (ConfUtils.java:logGet(43)) - raft.server.log.use.memory = false (default)
2019-08-29 08:45:40,760 [pool-159-thread-1] INFO  server.RaftServerConfigKeys (ConfUtils.java:logGet(43)) - raft.server.log.segment.cache.num.max = 2 (custom)
2019-08-29 08:45:40,760 [pool-149-thread-1] INFO  server.RaftServerConfigKeys (ConfUtils.java:logGet(43)) - raft.server.log.purge.gap = 1000000 (custom)
2019-08-29 08:45:40,760 [pool-159-thread-1] INFO  segmented.SegmentedRaftLogWorker (SegmentedRaftLogWorker.java:<init>(172)) - new d42e1e69-47db-482b-ad03-89cca26a9b49-SegmentedRaftLogWorker:Storage Directory /workdir/hadoop-ozone/integration-test/target/test-dir/MiniOzoneClusterImpl-43bc7ae7-4e66-4855-88e6-16f3e36bad4f/datanode-1/data/ratis/52ca8880-1f24-4e87-a4d8-655b46e240b2 for RaftStorage:Storage Directory /workdir/hadoop-ozone/integration-test/target/test-dir/MiniOzoneClusterImpl-43bc7ae7-4e66-4855-88e6-16f3e36bad4f/datanode-1/data/ratis/52ca8880-1f24-4e87-a4d8-655b46e240b2
2019-08-29 08:45:40,760 [pool-229-thread-1] INFO  server.RaftServerConfigKeys (ConfUtils.java:logGet(43)) - raft.server.log.purge.gap = 1000000 (custom)
2019-08-29 08:45:40,761 [pool-159-thread-1] INFO  server.RaftServerConfigKeys (ConfUtils.java:logGet(43)) - raft.server.log.queue.byte-limit = 2147483647 (custom)
2019-08-29 08:45:40,760 [pool-149-thread-1] INFO  server.RaftServerConfigKeys (ConfUtils.java:logGet(43)) - raft.server.log.appender.buffer.byte-limit = 33554432 (custom)
2019-08-29 08:45:40,761 [pool-159-thread-1] INFO  server.RaftServerConfigKeys (ConfUtils.java:logGet(43)) - raft.server.log.queue.element-limit = 1024 (custom)
2019-08-29 08:45:40,761 [pool-229-thread-1] INFO  server.RaftServerConfigKeys (ConfUtils.java:logGet(43)) - raft.server.log.appender.buffer.byte-limit = 33554432 (custom)
2019-08-29 08:45:40,761 [pool-159-thread-1] INFO  server.RaftServerConfigKeys (ConfUtils.java:logGet(43)) - raft.server.log.segment.size.max = 1048576 (custom)
2019-08-29 08:45:40,761 [pool-149-thread-1] INFO  server.RaftServerConfigKeys (ConfUtils.java:logGet(43)) - raft.server.log.segment.size.max = 1048576 (custom)
2019-08-29 08:45:40,761 [pool-159-thread-1] INFO  server.RaftServerConfigKeys (ConfUtils.java:logGet(43)) - raft.server.log.preallocated.size = 16384 (custom)
2019-08-29 08:45:40,761 [pool-229-thread-1] INFO  server.RaftServerConfigKeys (ConfUtils.java:logGet(43)) - raft.server.log.segment.size.max = 1048576 (custom)
2019-08-29 08:45:40,761 [pool-159-thread-1] INFO  server.RaftServerConfigKeys (ConfUtils.java:logGet(43)) - raft.server.log.write.buffer.size = 33554432 (custom)
2019-08-29 08:45:40,762 [pool-159-thread-1] INFO  server.RaftServerConfigKeys (ConfUtils.java:logGet(43)) - raft.server.log.force.sync.num = 128 (default)
2019-08-29 08:45:40,761 [pool-149-thread-1] INFO  server.RaftServerConfigKeys (ConfUtils.java:logGet(43)) - raft.server.log.segment.cache.num.max = 2 (custom)
2019-08-29 08:45:40,762 [pool-159-thread-1] INFO  server.RaftServerConfigKeys (ConfUtils.java:logGet(43)) - raft.server.log.statemachine.data.sync = true (default)
2019-08-29 08:45:40,762 [pool-229-thread-1] INFO  server.RaftServerConfigKeys (ConfUtils.java:logGet(43)) - raft.server.log.segment.cache.num.max = 2 (custom)
2019-08-29 08:45:40,762 [pool-159-thread-1] INFO  server.RaftServerConfigKeys (ConfUtils.java:logGet(43)) - raft.server.log.statemachine.data.sync.timeout = 10s (default)
2019-08-29 08:45:40,762 [pool-149-thread-1] INFO  segmented.SegmentedRaftLogWorker (SegmentedRaftLogWorker.java:<init>(172)) - new af10c44b-16fa-4c36-b19d-5f1088e11be1-SegmentedRaftLogWorker:Storage Directory /workdir/hadoop-ozone/integration-test/target/test-dir/MiniOzoneClusterImpl-43bc7ae7-4e66-4855-88e6-16f3e36bad4f/datanode-0/data/ratis/52ca8880-1f24-4e87-a4d8-655b46e240b2 for RaftStorage:Storage Directory /workdir/hadoop-ozone/integration-test/target/test-dir/MiniOzoneClusterImpl-43bc7ae7-4e66-4855-88e6-16f3e36bad4f/datanode-0/data/ratis/52ca8880-1f24-4e87-a4d8-655b46e240b2
2019-08-29 08:45:40,762 [pool-159-thread-1] INFO  server.RaftServerConfigKeys (ConfUtils.java:logGet(43)) - raft.server.log.statemachine.data.sync.timeout.retry = -1 (default)
2019-08-29 08:45:40,762 [pool-229-thread-1] INFO  segmented.SegmentedRaftLogWorker (SegmentedRaftLogWorker.java:<init>(172)) - new b6aa82e4-5823-49f6-a34d-d75ec3f4bf0a-SegmentedRaftLogWorker:Storage Directory /workdir/hadoop-ozone/integration-test/target/test-dir/MiniOzoneClusterImpl-43bc7ae7-4e66-4855-88e6-16f3e36bad4f/datanode-8/data/ratis/52ca8880-1f24-4e87-a4d8-655b46e240b2 for RaftStorage:Storage Directory /workdir/hadoop-ozone/integration-test/target/test-dir/MiniOzoneClusterImpl-43bc7ae7-4e66-4855-88e6-16f3e36bad4f/datanode-8/data/ratis/52ca8880-1f24-4e87-a4d8-655b46e240b2
2019-08-29 08:45:40,762 [pool-159-thread-1] INFO  server.RaftServerConfigKeys (ConfUtils.java:logGet(43)) - raft.server.log.statemachine.data.caching.enabled = true (custom)
2019-08-29 08:45:40,762 [pool-149-thread-1] INFO  server.RaftServerConfigKeys (ConfUtils.java:logGet(43)) - raft.server.log.queue.byte-limit = 2147483647 (custom)
2019-08-29 08:45:40,763 [pool-229-thread-1] INFO  server.RaftServerConfigKeys (ConfUtils.java:logGet(43)) - raft.server.log.queue.byte-limit = 2147483647 (custom)
2019-08-29 08:45:40,763 [pool-159-thread-1] INFO  segmented.SegmentedRaftLogWorker (SegmentedRaftLogWorker.java:lambda$new$0(132)) - d42e1e69-47db-482b-ad03-89cca26a9b49-SegmentedRaftLogWorker:Storage Directory /workdir/hadoop-ozone/integration-test/target/test-dir/MiniOzoneClusterImpl-43bc7ae7-4e66-4855-88e6-16f3e36bad4f/datanode-1/data/ratis/52ca8880-1f24-4e87-a4d8-655b46e240b2: flushIndex: setUnconditionally 0 -> -1
2019-08-29 08:45:40,763 [pool-149-thread-1] INFO  server.RaftServerConfigKeys (ConfUtils.java:logGet(43)) - raft.server.log.queue.element-limit = 1024 (custom)
2019-08-29 08:45:40,763 [pool-229-thread-1] INFO  server.RaftServerConfigKeys (ConfUtils.java:logGet(43)) - raft.server.log.queue.element-limit = 1024 (custom)
2019-08-29 08:45:40,763 [pool-159-thread-1] INFO  server.RaftServerConfigKeys (ConfUtils.java:logGet(43)) - raft.server.snapshot.auto.trigger.enabled = true (custom)
2019-08-29 08:45:40,763 [pool-149-thread-1] INFO  server.RaftServerConfigKeys (ConfUtils.java:logGet(43)) - raft.server.log.segment.size.max = 1048576 (custom)
2019-08-29 08:45:40,763 [pool-229-thread-1] INFO  server.RaftServerConfigKeys (ConfUtils.java:logGet(43)) - raft.server.log.segment.size.max = 1048576 (custom)
2019-08-29 08:45:40,763 [pool-159-thread-1] INFO  server.RaftServerConfigKeys (ConfUtils.java:logGet(43)) - raft.server.snapshot.auto.trigger.threshold = 10000 (custom)
2019-08-29 08:45:40,764 [pool-229-thread-1] INFO  server.RaftServerConfigKeys (ConfUtils.java:logGet(43)) - raft.server.log.preallocated.size = 16384 (custom)
2019-08-29 08:45:40,763 [pool-149-thread-1] INFO  server.RaftServerConfigKeys (ConfUtils.java:logGet(43)) - raft.server.log.preallocated.size = 16384 (custom)
2019-08-29 08:45:40,764 [pool-229-thread-1] INFO  server.RaftServerConfigKeys (ConfUtils.java:logGet(43)) - raft.server.log.write.buffer.size = 33554432 (custom)
2019-08-29 08:45:40,764 [pool-159-thread-1] INFO  server.RaftServerConfigKeys (ConfUtils.java:logGet(43)) - raft.server.retrycache.expirytime = 600000ms (custom)
2019-08-29 08:45:40,764 [pool-229-thread-1] INFO  server.RaftServerConfigKeys (ConfUtils.java:logGet(43)) - raft.server.log.force.sync.num = 128 (default)
2019-08-29 08:45:40,764 [pool-149-thread-1] INFO  server.RaftServerConfigKeys (ConfUtils.java:logGet(43)) - raft.server.log.write.buffer.size = 33554432 (custom)
2019-08-29 08:45:40,764 [pool-229-thread-1] INFO  server.RaftServerConfigKeys (ConfUtils.java:logGet(43)) - raft.server.log.statemachine.data.sync = true (default)
2019-08-29 08:45:40,764 [pool-159-thread-1] INFO  impl.RaftServerImpl (RaftServerImpl.java:start(180)) - d42e1e69-47db-482b-ad03-89cca26a9b49: start group-655B46E240B2
2019-08-29 08:45:40,765 [pool-229-thread-1] INFO  server.RaftServerConfigKeys (ConfUtils.java:logGet(43)) - raft.server.log.statemachine.data.sync.timeout = 10s (default)
2019-08-29 08:45:40,765 [pool-149-thread-1] INFO  server.RaftServerConfigKeys (ConfUtils.java:logGet(43)) - raft.server.log.force.sync.num = 128 (default)
2019-08-29 08:45:40,765 [pool-229-thread-1] INFO  server.RaftServerConfigKeys (ConfUtils.java:logGet(43)) - raft.server.log.statemachine.data.sync.timeout.retry = -1 (default)
2019-08-29 08:45:40,765 [pool-159-thread-1] INFO  impl.RaftServerImpl (RaftServerImpl.java:setRole(171)) - d42e1e69-47db-482b-ad03-89cca26a9b49:group-655B46E240B2 changes role from null to FOLLOWER at term 0 for startAsFollower
2019-08-29 08:45:40,765 [pool-229-thread-1] INFO  server.RaftServerConfigKeys (ConfUtils.java:logGet(43)) - raft.server.log.statemachine.data.caching.enabled = true (custom)
2019-08-29 08:45:40,765 [pool-149-thread-1] INFO  server.RaftServerConfigKeys (ConfUtils.java:logGet(43)) - raft.server.log.statemachine.data.sync = true (default)
2019-08-29 08:45:40,766 [pool-149-thread-1] INFO  server.RaftServerConfigKeys (ConfUtils.java:logGet(43)) - raft.server.log.statemachine.data.sync.timeout = 10s (default)
2019-08-29 08:45:40,765 [pool-159-thread-1] INFO  impl.RoleInfo (RoleInfo.java:updateAndGet(143)) - d42e1e69-47db-482b-ad03-89cca26a9b49: start FollowerState
2019-08-29 08:45:40,766 [pool-149-thread-1] INFO  server.RaftServerConfigKeys (ConfUtils.java:logGet(43)) - raft.server.log.statemachine.data.sync.timeout.retry = -1 (default)
2019-08-29 08:45:40,766 [pool-229-thread-1] INFO  segmented.SegmentedRaftLogWorker (SegmentedRaftLogWorker.java:lambda$new$0(132)) - b6aa82e4-5823-49f6-a34d-d75ec3f4bf0a-SegmentedRaftLogWorker:Storage Directory /workdir/hadoop-ozone/integration-test/target/test-dir/MiniOzoneClusterImpl-43bc7ae7-4e66-4855-88e6-16f3e36bad4f/datanode-8/data/ratis/52ca8880-1f24-4e87-a4d8-655b46e240b2: flushIndex: setUnconditionally 0 -> -1
2019-08-29 08:45:40,766 [pool-149-thread-1] INFO  server.RaftServerConfigKeys (ConfUtils.java:logGet(43)) - raft.server.log.statemachine.data.caching.enabled = true (custom)
2019-08-29 08:45:40,766 [pool-159-thread-1] INFO  util.JmxRegister (JmxRegister.java:tryRegister(44)) - Successfully registered JMX Bean with object name Ratis:service=RaftServer,group=group-655B46E240B2,id=d42e1e69-47db-482b-ad03-89cca26a9b49
2019-08-29 08:45:40,766 [pool-229-thread-1] INFO  server.RaftServerConfigKeys (ConfUtils.java:logGet(43)) - raft.server.snapshot.auto.trigger.enabled = true (custom)
2019-08-29 08:45:40,766 [pool-149-thread-1] INFO  segmented.SegmentedRaftLogWorker (SegmentedRaftLogWorker.java:lambda$new$0(132)) - af10c44b-16fa-4c36-b19d-5f1088e11be1-SegmentedRaftLogWorker:Storage Directory /workdir/hadoop-ozone/integration-test/target/test-dir/MiniOzoneClusterImpl-43bc7ae7-4e66-4855-88e6-16f3e36bad4f/datanode-0/data/ratis/52ca8880-1f24-4e87-a4d8-655b46e240b2: flushIndex: setUnconditionally 0 -> -1
2019-08-29 08:45:40,766 [pool-229-thread-1] INFO  server.RaftServerConfigKeys (ConfUtils.java:logGet(43)) - raft.server.snapshot.auto.trigger.threshold = 10000 (custom)
2019-08-29 08:45:40,767 [pool-229-thread-1] INFO  server.RaftServerConfigKeys (ConfUtils.java:logGet(43)) - raft.server.retrycache.expirytime = 600000ms (custom)
2019-08-29 08:45:40,767 [pool-149-thread-1] INFO  server.RaftServerConfigKeys (ConfUtils.java:logGet(43)) - raft.server.snapshot.auto.trigger.enabled = true (custom)
2019-08-29 08:45:40,767 [pool-229-thread-1] INFO  impl.RaftServerImpl (RaftServerImpl.java:start(180)) - b6aa82e4-5823-49f6-a34d-d75ec3f4bf0a: start group-655B46E240B2
2019-08-29 08:45:40,767 [pool-149-thread-1] INFO  server.RaftServerConfigKeys (ConfUtils.java:logGet(43)) - raft.server.snapshot.auto.trigger.threshold = 10000 (custom)
2019-08-29 08:45:40,767 [pool-229-thread-1] INFO  impl.RaftServerImpl (RaftServerImpl.java:setRole(171)) - b6aa82e4-5823-49f6-a34d-d75ec3f4bf0a:group-655B46E240B2 changes role from null to FOLLOWER at term 0 for startAsFollower
2019-08-29 08:45:40,767 [pool-149-thread-1] INFO  server.RaftServerConfigKeys (ConfUtils.java:logGet(43)) - raft.server.retrycache.expirytime = 600000ms (custom)
2019-08-29 08:45:40,767 [pool-229-thread-1] INFO  impl.RoleInfo (RoleInfo.java:updateAndGet(143)) - b6aa82e4-5823-49f6-a34d-d75ec3f4bf0a: start FollowerState
2019-08-29 08:45:40,771 [pool-149-thread-1] INFO  impl.RaftServerImpl (RaftServerImpl.java:start(180)) - af10c44b-16fa-4c36-b19d-5f1088e11be1: start group-655B46E240B2
2019-08-29 08:45:40,771 [pool-149-thread-1] INFO  impl.RaftServerImpl (RaftServerImpl.java:setRole(171)) - af10c44b-16fa-4c36-b19d-5f1088e11be1:group-655B46E240B2 changes role from null to FOLLOWER at term 0 for startAsFollower
2019-08-29 08:45:40,771 [pool-149-thread-1] INFO  impl.RoleInfo (RoleInfo.java:updateAndGet(143)) - af10c44b-16fa-4c36-b19d-5f1088e11be1: start FollowerState
2019-08-29 08:45:40,771 [pool-229-thread-1] INFO  util.JmxRegister (JmxRegister.java:tryRegister(44)) - Successfully registered JMX Bean with object name Ratis:service=RaftServer,group=group-655B46E240B2,id=b6aa82e4-5823-49f6-a34d-d75ec3f4bf0a
2019-08-29 08:45:40,772 [pool-149-thread-1] INFO  util.JmxRegister (JmxRegister.java:tryRegister(44)) - Successfully registered JMX Bean with object name Ratis:service=RaftServer,group=group-655B46E240B2,id=af10c44b-16fa-4c36-b19d-5f1088e11be1
2019-08-29 08:45:40,779 [RatisPipelineUtilsThread] INFO  pipeline.PipelineStateManager (PipelineStateManager.java:addPipeline(56)) - Created pipeline Pipeline[ Id: 52ca8880-1f24-4e87-a4d8-655b46e240b2, Nodes: b6aa82e4-5823-49f6-a34d-d75ec3f4bf0a{ip: 192.168.157.194, host: pr-hdds-2042-w774d-3815662616, networkLocation: /rack1, certSerialId: null}af10c44b-16fa-4c36-b19d-5f1088e11be1{ip: 192.168.157.194, host: pr-hdds-2042-w774d-3815662616, networkLocation: /rack1, certSerialId: null}d42e1e69-47db-482b-ad03-89cca26a9b49{ip: 192.168.157.194, host: pr-hdds-2042-w774d-3815662616, networkLocation: /rack1, certSerialId: null}, Type:RATIS, Factor:THREE, State:OPEN]
2019-08-29 08:45:40,790 [grpc-default-executor-4] INFO  impl.RaftServerProxy (RaftServerProxy.java:addNew(89)) - aeaf91a4-7b36-452e-90c9-b2e74ddba1a8: addNew group-5C6A73FB4D0A:[94988375-8e84-4aa9-97e8-8e5d754fbb51:192.168.157.194:40870, aeaf91a4-7b36-452e-90c9-b2e74ddba1a8:192.168.157.194:41794, beb647cc-dc8a-44df-94ce-0366e8d6be6e:192.168.157.194:36608] returns group-5C6A73FB4D0A:java.util.concurrent.CompletableFuture@4e6c9b81[Not completed]
2019-08-29 08:45:40,791 [grpc-default-executor-5] INFO  impl.RaftServerProxy (RaftServerProxy.java:addNew(89)) - 94988375-8e84-4aa9-97e8-8e5d754fbb51: addNew group-5C6A73FB4D0A:[94988375-8e84-4aa9-97e8-8e5d754fbb51:192.168.157.194:40870, aeaf91a4-7b36-452e-90c9-b2e74ddba1a8:192.168.157.194:41794, beb647cc-dc8a-44df-94ce-0366e8d6be6e:192.168.157.194:36608] returns group-5C6A73FB4D0A:java.util.concurrent.CompletableFuture@1b08ad16[Not completed]
2019-08-29 08:45:40,791 [grpc-default-executor-3] INFO  impl.RaftServerProxy (RaftServerProxy.java:addNew(89)) - beb647cc-dc8a-44df-94ce-0366e8d6be6e: addNew group-5C6A73FB4D0A:[94988375-8e84-4aa9-97e8-8e5d754fbb51:192.168.157.194:40870, aeaf91a4-7b36-452e-90c9-b2e74ddba1a8:192.168.157.194:41794, beb647cc-dc8a-44df-94ce-0366e8d6be6e:192.168.157.194:36608] returns group-5C6A73FB4D0A:java.util.concurrent.CompletableFuture@7ddfc74a[Not completed]
2019-08-29 08:45:40,791 [pool-239-thread-1] INFO  impl.RaftServerImpl (RaftServerImpl.java:<init>(93)) - aeaf91a4-7b36-452e-90c9-b2e74ddba1a8: new RaftServerImpl for group-5C6A73FB4D0A:[94988375-8e84-4aa9-97e8-8e5d754fbb51:192.168.157.194:40870, aeaf91a4-7b36-452e-90c9-b2e74ddba1a8:192.168.157.194:41794, beb647cc-dc8a-44df-94ce-0366e8d6be6e:192.168.157.194:36608] with ContainerStateMachine:uninitialized
2019-08-29 08:45:40,792 [pool-239-thread-1] INFO  server.RaftServerConfigKeys (ConfUtils.java:logGet(43)) - raft.server.rpc.timeout.min = 1s (custom)
2019-08-29 08:45:40,792 [pool-239-thread-1] INFO  server.RaftServerConfigKeys (ConfUtils.java:logGet(43)) - raft.server.rpc.timeout.max = 1200ms (custom)
2019-08-29 08:45:40,792 [pool-239-thread-1] INFO  server.RaftServerConfigKeys (ConfUtils.java:logGet(43)) - raft.server.rpcslowness.timeout = 120s (custom)
2019-08-29 08:45:40,792 [pool-239-thread-1] INFO  server.RaftServerConfigKeys (ConfUtils.java:logGet(43)) - raft.server.sleep.deviation.threshold = 300 (default)
2019-08-29 08:45:40,792 [pool-179-thread-1] INFO  impl.RaftServerImpl (RaftServerImpl.java:<init>(93)) - beb647cc-dc8a-44df-94ce-0366e8d6be6e: new RaftServerImpl for group-5C6A73FB4D0A:[94988375-8e84-4aa9-97e8-8e5d754fbb51:192.168.157.194:40870, aeaf91a4-7b36-452e-90c9-b2e74ddba1a8:192.168.157.194:41794, beb647cc-dc8a-44df-94ce-0366e8d6be6e:192.168.157.194:36608] with ContainerStateMachine:uninitialized
2019-08-29 08:45:40,792 [pool-239-thread-1] INFO  server.RaftServerConfigKeys (ConfUtils.java:logGet(43)) - raft.server.log.appender.install.snapshot.enabled = false (custom)
2019-08-29 08:45:40,792 [pool-179-thread-1] INFO  server.RaftServerConfigKeys (ConfUtils.java:logGet(43)) - raft.server.rpc.timeout.min = 1s (custom)
2019-08-29 08:45:40,792 [pool-239-thread-1] INFO  impl.RaftServerImpl (ServerState.java:<init>(105)) - aeaf91a4-7b36-452e-90c9-b2e74ddba1a8:group-5C6A73FB4D0A ConfigurationManager, init=-1: [94988375-8e84-4aa9-97e8-8e5d754fbb51:192.168.157.194:40870, aeaf91a4-7b36-452e-90c9-b2e74ddba1a8:192.168.157.194:41794, beb647cc-dc8a-44df-94ce-0366e8d6be6e:192.168.157.194:36608], old=null, confs=<EMPTY_MAP>
2019-08-29 08:45:40,792 [pool-179-thread-1] INFO  server.RaftServerConfigKeys (ConfUtils.java:logGet(43)) - raft.server.rpc.timeout.max = 1200ms (custom)
2019-08-29 08:45:40,792 [pool-239-thread-1] INFO  server.RaftServerConfigKeys (ConfUtils.java:logGet(43)) - raft.server.storage.dir = [/workdir/hadoop-ozone/integration-test/target/test-dir/MiniOzoneClusterImpl-43bc7ae7-4e66-4855-88e6-16f3e36bad4f/datanode-9/data/ratis] (custom)
2019-08-29 08:45:40,792 [pool-189-thread-1] INFO  impl.RaftServerImpl (RaftServerImpl.java:<init>(93)) - 94988375-8e84-4aa9-97e8-8e5d754fbb51: new RaftServerImpl for group-5C6A73FB4D0A:[94988375-8e84-4aa9-97e8-8e5d754fbb51:192.168.157.194:40870, aeaf91a4-7b36-452e-90c9-b2e74ddba1a8:192.168.157.194:41794, beb647cc-dc8a-44df-94ce-0366e8d6be6e:192.168.157.194:36608] with ContainerStateMachine:uninitialized
2019-08-29 08:45:40,792 [pool-179-thread-1] INFO  server.RaftServerConfigKeys (ConfUtils.java:logGet(43)) - raft.server.rpcslowness.timeout = 120s (custom)
2019-08-29 08:45:40,793 [pool-189-thread-1] INFO  server.RaftServerConfigKeys (ConfUtils.java:logGet(43)) - raft.server.rpc.timeout.min = 1s (custom)
2019-08-29 08:45:40,793 [pool-239-thread-1] INFO  storage.RaftStorageDirectory (RaftStorageDirectory.java:analyzeStorage(246)) - The storage directory /workdir/hadoop-ozone/integration-test/target/test-dir/MiniOzoneClusterImpl-43bc7ae7-4e66-4855-88e6-16f3e36bad4f/datanode-9/data/ratis/445197ae-c843-4376-ab37-5c6a73fb4d0a does not exist. Creating ...
2019-08-29 08:45:40,793 [pool-179-thread-1] INFO  server.RaftServerConfigKeys (ConfUtils.java:logGet(43)) - raft.server.sleep.deviation.threshold = 300 (default)
2019-08-29 08:45:40,793 [pool-189-thread-1] INFO  server.RaftServerConfigKeys (ConfUtils.java:logGet(43)) - raft.server.rpc.timeout.max = 1200ms (custom)
2019-08-29 08:45:40,793 [pool-179-thread-1] INFO  server.RaftServerConfigKeys (ConfUtils.java:logGet(43)) - raft.server.log.appender.install.snapshot.enabled = false (custom)
2019-08-29 08:45:40,793 [pool-189-thread-1] INFO  server.RaftServerConfigKeys (ConfUtils.java:logGet(43)) - raft.server.rpcslowness.timeout = 120s (custom)
2019-08-29 08:45:40,793 [pool-179-thread-1] INFO  impl.RaftServerImpl (ServerState.java:<init>(105)) - beb647cc-dc8a-44df-94ce-0366e8d6be6e:group-5C6A73FB4D0A ConfigurationManager, init=-1: [94988375-8e84-4aa9-97e8-8e5d754fbb51:192.168.157.194:40870, aeaf91a4-7b36-452e-90c9-b2e74ddba1a8:192.168.157.194:41794, beb647cc-dc8a-44df-94ce-0366e8d6be6e:192.168.157.194:36608], old=null, confs=<EMPTY_MAP>
2019-08-29 08:45:40,793 [pool-189-thread-1] INFO  server.RaftServerConfigKeys (ConfUtils.java:logGet(43)) - raft.server.sleep.deviation.threshold = 300 (default)
2019-08-29 08:45:40,793 [pool-179-thread-1] INFO  server.RaftServerConfigKeys (ConfUtils.java:logGet(43)) - raft.server.storage.dir = [/workdir/hadoop-ozone/integration-test/target/test-dir/MiniOzoneClusterImpl-43bc7ae7-4e66-4855-88e6-16f3e36bad4f/datanode-3/data/ratis] (custom)
2019-08-29 08:45:40,793 [pool-189-thread-1] INFO  server.RaftServerConfigKeys (ConfUtils.java:logGet(43)) - raft.server.log.appender.install.snapshot.enabled = false (custom)
2019-08-29 08:45:40,793 [pool-189-thread-1] INFO  impl.RaftServerImpl (ServerState.java:<init>(105)) - 94988375-8e84-4aa9-97e8-8e5d754fbb51:group-5C6A73FB4D0A ConfigurationManager, init=-1: [94988375-8e84-4aa9-97e8-8e5d754fbb51:192.168.157.194:40870, aeaf91a4-7b36-452e-90c9-b2e74ddba1a8:192.168.157.194:41794, beb647cc-dc8a-44df-94ce-0366e8d6be6e:192.168.157.194:36608], old=null, confs=<EMPTY_MAP>
2019-08-29 08:45:40,793 [pool-179-thread-1] INFO  storage.RaftStorageDirectory (RaftStorageDirectory.java:analyzeStorage(246)) - The storage directory /workdir/hadoop-ozone/integration-test/target/test-dir/MiniOzoneClusterImpl-43bc7ae7-4e66-4855-88e6-16f3e36bad4f/datanode-3/data/ratis/445197ae-c843-4376-ab37-5c6a73fb4d0a does not exist. Creating ...
2019-08-29 08:45:40,793 [pool-189-thread-1] INFO  server.RaftServerConfigKeys (ConfUtils.java:logGet(43)) - raft.server.storage.dir = [/workdir/hadoop-ozone/integration-test/target/test-dir/MiniOzoneClusterImpl-43bc7ae7-4e66-4855-88e6-16f3e36bad4f/datanode-4/data/ratis] (custom)
2019-08-29 08:45:40,794 [pool-189-thread-1] INFO  storage.RaftStorageDirectory (RaftStorageDirectory.java:analyzeStorage(246)) - The storage directory /workdir/hadoop-ozone/integration-test/target/test-dir/MiniOzoneClusterImpl-43bc7ae7-4e66-4855-88e6-16f3e36bad4f/datanode-4/data/ratis/445197ae-c843-4376-ab37-5c6a73fb4d0a does not exist. Creating ...
2019-08-29 08:45:40,824 [pool-179-thread-1] INFO  storage.RaftStorageDirectory (RaftStorageDirectory.java:tryLock(328)) - Lock on /workdir/hadoop-ozone/integration-test/target/test-dir/MiniOzoneClusterImpl-43bc7ae7-4e66-4855-88e6-16f3e36bad4f/datanode-3/data/ratis/445197ae-c843-4376-ab37-5c6a73fb4d0a/in_use.lock acquired by nodename 24105@pr-hdds-2042-w774d-3815662616
2019-08-29 08:45:40,824 [pool-239-thread-1] INFO  storage.RaftStorageDirectory (RaftStorageDirectory.java:tryLock(328)) - Lock on /workdir/hadoop-ozone/integration-test/target/test-dir/MiniOzoneClusterImpl-43bc7ae7-4e66-4855-88e6-16f3e36bad4f/datanode-9/data/ratis/445197ae-c843-4376-ab37-5c6a73fb4d0a/in_use.lock acquired by nodename 24105@pr-hdds-2042-w774d-3815662616
2019-08-29 08:45:40,824 [pool-189-thread-1] INFO  storage.RaftStorageDirectory (RaftStorageDirectory.java:tryLock(328)) - Lock on /workdir/hadoop-ozone/integration-test/target/test-dir/MiniOzoneClusterImpl-43bc7ae7-4e66-4855-88e6-16f3e36bad4f/datanode-4/data/ratis/445197ae-c843-4376-ab37-5c6a73fb4d0a/in_use.lock acquired by nodename 24105@pr-hdds-2042-w774d-3815662616
2019-08-29 08:45:40,856 [pool-239-thread-1] INFO  storage.RaftStorage (RaftStorage.java:format(72)) - Storage directory /workdir/hadoop-ozone/integration-test/target/test-dir/MiniOzoneClusterImpl-43bc7ae7-4e66-4855-88e6-16f3e36bad4f/datanode-9/data/ratis/445197ae-c843-4376-ab37-5c6a73fb4d0a has been successfully formatted.
2019-08-29 08:45:40,856 [pool-189-thread-1] INFO  storage.RaftStorage (RaftStorage.java:format(72)) - Storage directory /workdir/hadoop-ozone/integration-test/target/test-dir/MiniOzoneClusterImpl-43bc7ae7-4e66-4855-88e6-16f3e36bad4f/datanode-4/data/ratis/445197ae-c843-4376-ab37-5c6a73fb4d0a has been successfully formatted.
2019-08-29 08:45:40,856 [pool-179-thread-1] INFO  storage.RaftStorage (RaftStorage.java:format(72)) - Storage directory /workdir/hadoop-ozone/integration-test/target/test-dir/MiniOzoneClusterImpl-43bc7ae7-4e66-4855-88e6-16f3e36bad4f/datanode-3/data/ratis/445197ae-c843-4376-ab37-5c6a73fb4d0a has been successfully formatted.
2019-08-29 08:45:40,856 [pool-239-thread-1] INFO  ratis.ContainerStateMachine (ContainerStateMachine.java:loadSnapshot(227)) - group-5C6A73FB4D0A: The snapshot info is null. Setting the last applied indexto:(t:0, i:~)
2019-08-29 08:45:40,857 [pool-179-thread-1] INFO  ratis.ContainerStateMachine (ContainerStateMachine.java:loadSnapshot(227)) - group-5C6A73FB4D0A: The snapshot info is null. Setting the last applied indexto:(t:0, i:~)
2019-08-29 08:45:40,856 [pool-189-thread-1] INFO  ratis.ContainerStateMachine (ContainerStateMachine.java:loadSnapshot(227)) - group-5C6A73FB4D0A: The snapshot info is null. Setting the last applied indexto:(t:0, i:~)
2019-08-29 08:45:40,857 [pool-179-thread-1] INFO  server.RaftServerConfigKeys (ConfUtils.java:logGet(43)) - raft.server.leader.election.timeout = 120s (custom)
2019-08-29 08:45:40,857 [pool-239-thread-1] INFO  server.RaftServerConfigKeys (ConfUtils.java:logGet(43)) - raft.server.leader.election.timeout = 120s (custom)
2019-08-29 08:45:40,857 [pool-179-thread-1] INFO  server.RaftServerConfigKeys (ConfUtils.java:logGet(43)) - raft.server.log.use.memory = false (default)
2019-08-29 08:45:40,857 [pool-189-thread-1] INFO  server.RaftServerConfigKeys (ConfUtils.java:logGet(43)) - raft.server.leader.election.timeout = 120s (custom)
2019-08-29 08:45:40,857 [pool-179-thread-1] INFO  server.RaftServerConfigKeys (ConfUtils.java:logGet(43)) - raft.server.log.purge.gap = 1000000 (custom)
2019-08-29 08:45:40,858 [pool-179-thread-1] INFO  server.RaftServerConfigKeys (ConfUtils.java:logGet(43)) - raft.server.log.appender.buffer.byte-limit = 33554432 (custom)
2019-08-29 08:45:40,857 [pool-239-thread-1] INFO  server.RaftServerConfigKeys (ConfUtils.java:logGet(43)) - raft.server.log.use.memory = false (default)
2019-08-29 08:45:40,858 [pool-179-thread-1] INFO  server.RaftServerConfigKeys (ConfUtils.java:logGet(43)) - raft.server.log.segment.size.max = 1048576 (custom)
2019-08-29 08:45:40,857 [pool-189-thread-1] INFO  server.RaftServerConfigKeys (ConfUtils.java:logGet(43)) - raft.server.log.use.memory = false (default)
2019-08-29 08:45:40,858 [pool-179-thread-1] INFO  server.RaftServerConfigKeys (ConfUtils.java:logGet(43)) - raft.server.log.segment.cache.num.max = 2 (custom)
2019-08-29 08:45:40,858 [pool-239-thread-1] INFO  server.RaftServerConfigKeys (ConfUtils.java:logGet(43)) - raft.server.log.purge.gap = 1000000 (custom)
2019-08-29 08:45:40,858 [pool-179-thread-1] INFO  segmented.SegmentedRaftLogWorker (SegmentedRaftLogWorker.java:<init>(172)) - new beb647cc-dc8a-44df-94ce-0366e8d6be6e-SegmentedRaftLogWorker:Storage Directory /workdir/hadoop-ozone/integration-test/target/test-dir/MiniOzoneClusterImpl-43bc7ae7-4e66-4855-88e6-16f3e36bad4f/datanode-3/data/ratis/445197ae-c843-4376-ab37-5c6a73fb4d0a for RaftStorage:Storage Directory /workdir/hadoop-ozone/integration-test/target/test-dir/MiniOzoneClusterImpl-43bc7ae7-4e66-4855-88e6-16f3e36bad4f/datanode-3/data/ratis/445197ae-c843-4376-ab37-5c6a73fb4d0a
2019-08-29 08:45:40,858 [pool-189-thread-1] INFO  server.RaftServerConfigKeys (ConfUtils.java:logGet(43)) - raft.server.log.purge.gap = 1000000 (custom)
2019-08-29 08:45:40,858 [pool-179-thread-1] INFO  server.RaftServerConfigKeys (ConfUtils.java:logGet(43)) - raft.server.log.queue.byte-limit = 2147483647 (custom)
2019-08-29 08:45:40,858 [pool-239-thread-1] INFO  server.RaftServerConfigKeys (ConfUtils.java:logGet(43)) - raft.server.log.appender.buffer.byte-limit = 33554432 (custom)
2019-08-29 08:45:40,859 [pool-179-thread-1] INFO  server.RaftServerConfigKeys (ConfUtils.java:logGet(43)) - raft.server.log.queue.element-limit = 1024 (custom)
2019-08-29 08:45:40,859 [pool-189-thread-1] INFO  server.RaftServerConfigKeys (ConfUtils.java:logGet(43)) - raft.server.log.appender.buffer.byte-limit = 33554432 (custom)
2019-08-29 08:45:40,859 [pool-179-thread-1] INFO  server.RaftServerConfigKeys (ConfUtils.java:logGet(43)) - raft.server.log.segment.size.max = 1048576 (custom)
2019-08-29 08:45:40,859 [pool-239-thread-1] INFO  server.RaftServerConfigKeys (ConfUtils.java:logGet(43)) - raft.server.log.segment.size.max = 1048576 (custom)
2019-08-29 08:45:40,859 [pool-179-thread-1] INFO  server.RaftServerConfigKeys (ConfUtils.java:logGet(43)) - raft.server.log.preallocated.size = 16384 (custom)
2019-08-29 08:45:40,859 [pool-189-thread-1] INFO  server.RaftServerConfigKeys (ConfUtils.java:logGet(43)) - raft.server.log.segment.size.max = 1048576 (custom)
2019-08-29 08:45:40,860 [pool-179-thread-1] INFO  server.RaftServerConfigKeys (ConfUtils.java:logGet(43)) - raft.server.log.write.buffer.size = 33554432 (custom)
2019-08-29 08:45:40,859 [pool-239-thread-1] INFO  server.RaftServerConfigKeys (ConfUtils.java:logGet(43)) - raft.server.log.segment.cache.num.max = 2 (custom)
2019-08-29 08:45:40,860 [pool-179-thread-1] INFO  server.RaftServerConfigKeys (ConfUtils.java:logGet(43)) - raft.server.log.force.sync.num = 128 (default)
2019-08-29 08:45:40,860 [pool-189-thread-1] INFO  server.RaftServerConfigKeys (ConfUtils.java:logGet(43)) - raft.server.log.segment.cache.num.max = 2 (custom)
2019-08-29 08:45:40,860 [pool-179-thread-1] INFO  server.RaftServerConfigKeys (ConfUtils.java:logGet(43)) - raft.server.log.statemachine.data.sync = true (default)
2019-08-29 08:45:40,860 [pool-239-thread-1] INFO  segmented.SegmentedRaftLogWorker (SegmentedRaftLogWorker.java:<init>(172)) - new aeaf91a4-7b36-452e-90c9-b2e74ddba1a8-SegmentedRaftLogWorker:Storage Directory /workdir/hadoop-ozone/integration-test/target/test-dir/MiniOzoneClusterImpl-43bc7ae7-4e66-4855-88e6-16f3e36bad4f/datanode-9/data/ratis/445197ae-c843-4376-ab37-5c6a73fb4d0a for RaftStorage:Storage Directory /workdir/hadoop-ozone/integration-test/target/test-dir/MiniOzoneClusterImpl-43bc7ae7-4e66-4855-88e6-16f3e36bad4f/datanode-9/data/ratis/445197ae-c843-4376-ab37-5c6a73fb4d0a
2019-08-29 08:45:40,860 [pool-179-thread-1] INFO  server.RaftServerConfigKeys (ConfUtils.java:logGet(43)) - raft.server.log.statemachine.data.sync.timeout = 10s (default)
2019-08-29 08:45:40,860 [pool-189-thread-1] INFO  segmented.SegmentedRaftLogWorker (SegmentedRaftLogWorker.java:<init>(172)) - new 94988375-8e84-4aa9-97e8-8e5d754fbb51-SegmentedRaftLogWorker:Storage Directory /workdir/hadoop-ozone/integration-test/target/test-dir/MiniOzoneClusterImpl-43bc7ae7-4e66-4855-88e6-16f3e36bad4f/datanode-4/data/ratis/445197ae-c843-4376-ab37-5c6a73fb4d0a for RaftStorage:Storage Directory /workdir/hadoop-ozone/integration-test/target/test-dir/MiniOzoneClusterImpl-43bc7ae7-4e66-4855-88e6-16f3e36bad4f/datanode-4/data/ratis/445197ae-c843-4376-ab37-5c6a73fb4d0a
2019-08-29 08:45:40,861 [pool-179-thread-1] INFO  server.RaftServerConfigKeys (ConfUtils.java:logGet(43)) - raft.server.log.statemachine.data.sync.timeout.retry = -1 (default)
2019-08-29 08:45:40,861 [pool-239-thread-1] INFO  server.RaftServerConfigKeys (ConfUtils.java:logGet(43)) - raft.server.log.queue.byte-limit = 2147483647 (custom)
2019-08-29 08:45:40,861 [pool-179-thread-1] INFO  server.RaftServerConfigKeys (ConfUtils.java:logGet(43)) - raft.server.log.statemachine.data.caching.enabled = true (custom)
2019-08-29 08:45:40,861 [pool-189-thread-1] INFO  server.RaftServerConfigKeys (ConfUtils.java:logGet(43)) - raft.server.log.queue.byte-limit = 2147483647 (custom)
2019-08-29 08:45:40,861 [pool-239-thread-1] INFO  server.RaftServerConfigKeys (ConfUtils.java:logGet(43)) - raft.server.log.queue.element-limit = 1024 (custom)
2019-08-29 08:45:40,861 [pool-189-thread-1] INFO  server.RaftServerConfigKeys (ConfUtils.java:logGet(43)) - raft.server.log.queue.element-limit = 1024 (custom)
2019-08-29 08:45:40,861 [pool-179-thread-1] INFO  segmented.SegmentedRaftLogWorker (SegmentedRaftLogWorker.java:lambda$new$0(132)) - beb647cc-dc8a-44df-94ce-0366e8d6be6e-SegmentedRaftLogWorker:Storage Directory /workdir/hadoop-ozone/integration-test/target/test-dir/MiniOzoneClusterImpl-43bc7ae7-4e66-4855-88e6-16f3e36bad4f/datanode-3/data/ratis/445197ae-c843-4376-ab37-5c6a73fb4d0a: flushIndex: setUnconditionally 0 -> -1
2019-08-29 08:45:40,862 [pool-189-thread-1] INFO  server.RaftServerConfigKeys (ConfUtils.java:logGet(43)) - raft.server.log.segment.size.max = 1048576 (custom)
2019-08-29 08:45:40,862 [pool-239-thread-1] INFO  server.RaftServerConfigKeys (ConfUtils.java:logGet(43)) - raft.server.log.segment.size.max = 1048576 (custom)
2019-08-29 08:45:40,862 [pool-189-thread-1] INFO  server.RaftServerConfigKeys (ConfUtils.java:logGet(43)) - raft.server.log.preallocated.size = 16384 (custom)
2019-08-29 08:45:40,862 [pool-179-thread-1] INFO  server.RaftServerConfigKeys (ConfUtils.java:logGet(43)) - raft.server.snapshot.auto.trigger.enabled = true (custom)
2019-08-29 08:45:40,862 [pool-189-thread-1] INFO  server.RaftServerConfigKeys (ConfUtils.java:logGet(43)) - raft.server.log.write.buffer.size = 33554432 (custom)
2019-08-29 08:45:40,862 [pool-239-thread-1] INFO  server.RaftServerConfigKeys (ConfUtils.java:logGet(43)) - raft.server.log.preallocated.size = 16384 (custom)
2019-08-29 08:45:40,863 [pool-189-thread-1] INFO  server.RaftServerConfigKeys (ConfUtils.java:logGet(43)) - raft.server.log.force.sync.num = 128 (default)
2019-08-29 08:45:40,862 [pool-179-thread-1] INFO  server.RaftServerConfigKeys (ConfUtils.java:logGet(43)) - raft.server.snapshot.auto.trigger.threshold = 10000 (custom)
2019-08-29 08:45:40,863 [pool-189-thread-1] INFO  server.RaftServerConfigKeys (ConfUtils.java:logGet(43)) - raft.server.log.statemachine.data.sync = true (default)
2019-08-29 08:45:40,863 [pool-239-thread-1] INFO  server.RaftServerConfigKeys (ConfUtils.java:logGet(43)) - raft.server.log.write.buffer.size = 33554432 (custom)
2019-08-29 08:45:40,863 [pool-189-thread-1] INFO  server.RaftServerConfigKeys (ConfUtils.java:logGet(43)) - raft.server.log.statemachine.data.sync.timeout = 10s (default)
2019-08-29 08:45:40,863 [pool-179-thread-1] INFO  server.RaftServerConfigKeys (ConfUtils.java:logGet(43)) - raft.server.retrycache.expirytime = 600000ms (custom)
2019-08-29 08:45:40,864 [pool-189-thread-1] INFO  server.RaftServerConfigKeys (ConfUtils.java:logGet(43)) - raft.server.log.statemachine.data.sync.timeout.retry = -1 (default)
2019-08-29 08:45:40,863 [pool-239-thread-1] INFO  server.RaftServerConfigKeys (ConfUtils.java:logGet(43)) - raft.server.log.force.sync.num = 128 (default)
2019-08-29 08:45:40,864 [pool-189-thread-1] INFO  server.RaftServerConfigKeys (ConfUtils.java:logGet(43)) - raft.server.log.statemachine.data.caching.enabled = true (custom)
2019-08-29 08:45:40,864 [pool-179-thread-1] INFO  impl.RaftServerImpl (RaftServerImpl.java:start(180)) - beb647cc-dc8a-44df-94ce-0366e8d6be6e: start group-5C6A73FB4D0A
2019-08-29 08:45:40,864 [pool-239-thread-1] INFO  server.RaftServerConfigKeys (ConfUtils.java:logGet(43)) - raft.server.log.statemachine.data.sync = true (default)
2019-08-29 08:45:40,864 [pool-189-thread-1] INFO  segmented.SegmentedRaftLogWorker (SegmentedRaftLogWorker.java:lambda$new$0(132)) - 94988375-8e84-4aa9-97e8-8e5d754fbb51-SegmentedRaftLogWorker:Storage Directory /workdir/hadoop-ozone/integration-test/target/test-dir/MiniOzoneClusterImpl-43bc7ae7-4e66-4855-88e6-16f3e36bad4f/datanode-4/data/ratis/445197ae-c843-4376-ab37-5c6a73fb4d0a: flushIndex: setUnconditionally 0 -> -1
2019-08-29 08:45:40,864 [pool-179-thread-1] INFO  impl.RaftServerImpl (RaftServerImpl.java:setRole(171)) - beb647cc-dc8a-44df-94ce-0366e8d6be6e:group-5C6A73FB4D0A changes role from null to FOLLOWER at term 0 for startAsFollower
2019-08-29 08:45:40,864 [pool-239-thread-1] INFO  server.RaftServerConfigKeys (ConfUtils.java:logGet(43)) - raft.server.log.statemachine.data.sync.timeout = 10s (default)
2019-08-29 08:45:40,865 [pool-189-thread-1] INFO  server.RaftServerConfigKeys (ConfUtils.java:logGet(43)) - raft.server.snapshot.auto.trigger.enabled = true (custom)
2019-08-29 08:45:40,865 [pool-179-thread-1] INFO  impl.RoleInfo (RoleInfo.java:updateAndGet(143)) - beb647cc-dc8a-44df-94ce-0366e8d6be6e: start FollowerState
2019-08-29 08:45:40,865 [pool-189-thread-1] INFO  server.RaftServerConfigKeys (ConfUtils.java:logGet(43)) - raft.server.snapshot.auto.trigger.threshold = 10000 (custom)
2019-08-29 08:45:40,865 [pool-239-thread-1] INFO  server.RaftServerConfigKeys (ConfUtils.java:logGet(43)) - raft.server.log.statemachine.data.sync.timeout.retry = -1 (default)
2019-08-29 08:45:40,865 [pool-189-thread-1] INFO  server.RaftServerConfigKeys (ConfUtils.java:logGet(43)) - raft.server.retrycache.expirytime = 600000ms (custom)
2019-08-29 08:45:40,865 [pool-179-thread-1] INFO  util.JmxRegister (JmxRegister.java:tryRegister(44)) - Successfully registered JMX Bean with object name Ratis:service=RaftServer,group=group-5C6A73FB4D0A,id=beb647cc-dc8a-44df-94ce-0366e8d6be6e
2019-08-29 08:45:40,865 [pool-239-thread-1] INFO  server.RaftServerConfigKeys (ConfUtils.java:logGet(43)) - raft.server.log.statemachine.data.caching.enabled = true (custom)
2019-08-29 08:45:40,866 [pool-189-thread-1] INFO  impl.RaftServerImpl (RaftServerImpl.java:start(180)) - 94988375-8e84-4aa9-97e8-8e5d754fbb51: start group-5C6A73FB4D0A
2019-08-29 08:45:40,866 [pool-239-thread-1] INFO  segmented.SegmentedRaftLogWorker (SegmentedRaftLogWorker.java:lambda$new$0(132)) - aeaf91a4-7b36-452e-90c9-b2e74ddba1a8-SegmentedRaftLogWorker:Storage Directory /workdir/hadoop-ozone/integration-test/target/test-dir/MiniOzoneClusterImpl-43bc7ae7-4e66-4855-88e6-16f3e36bad4f/datanode-9/data/ratis/445197ae-c843-4376-ab37-5c6a73fb4d0a: flushIndex: setUnconditionally 0 -> -1
2019-08-29 08:45:40,866 [pool-189-thread-1] INFO  impl.RaftServerImpl (RaftServerImpl.java:setRole(171)) - 94988375-8e84-4aa9-97e8-8e5d754fbb51:group-5C6A73FB4D0A changes role from null to FOLLOWER at term 0 for startAsFollower
2019-08-29 08:45:40,866 [pool-239-thread-1] INFO  server.RaftServerConfigKeys (ConfUtils.java:logGet(43)) - raft.server.snapshot.auto.trigger.enabled = true (custom)
2019-08-29 08:45:40,866 [pool-189-thread-1] INFO  impl.RoleInfo (RoleInfo.java:updateAndGet(143)) - 94988375-8e84-4aa9-97e8-8e5d754fbb51: start FollowerState
2019-08-29 08:45:40,866 [pool-239-thread-1] INFO  server.RaftServerConfigKeys (ConfUtils.java:logGet(43)) - raft.server.snapshot.auto.trigger.threshold = 10000 (custom)
2019-08-29 08:45:40,867 [pool-239-thread-1] INFO  server.RaftServerConfigKeys (ConfUtils.java:logGet(43)) - raft.server.retrycache.expirytime = 600000ms (custom)
2019-08-29 08:45:40,867 [pool-239-thread-1] INFO  impl.RaftServerImpl (RaftServerImpl.java:start(180)) - aeaf91a4-7b36-452e-90c9-b2e74ddba1a8: start group-5C6A73FB4D0A
2019-08-29 08:45:40,867 [pool-239-thread-1] INFO  impl.RaftServerImpl (RaftServerImpl.java:setRole(171)) - aeaf91a4-7b36-452e-90c9-b2e74ddba1a8:group-5C6A73FB4D0A changes role from null to FOLLOWER at term 0 for startAsFollower
2019-08-29 08:45:40,867 [pool-189-thread-1] INFO  util.JmxRegister (JmxRegister.java:tryRegister(44)) - Successfully registered JMX Bean with object name Ratis:service=RaftServer,group=group-5C6A73FB4D0A,id=94988375-8e84-4aa9-97e8-8e5d754fbb51
2019-08-29 08:45:40,867 [pool-239-thread-1] INFO  impl.RoleInfo (RoleInfo.java:updateAndGet(143)) - aeaf91a4-7b36-452e-90c9-b2e74ddba1a8: start FollowerState
2019-08-29 08:45:40,871 [pool-239-thread-1] INFO  util.JmxRegister (JmxRegister.java:tryRegister(44)) - Successfully registered JMX Bean with object name Ratis:service=RaftServer,group=group-5C6A73FB4D0A,id=aeaf91a4-7b36-452e-90c9-b2e74ddba1a8
2019-08-29 08:45:40,876 [RatisPipelineUtilsThread] INFO  pipeline.PipelineStateManager (PipelineStateManager.java:addPipeline(56)) - Created pipeline Pipeline[ Id: 445197ae-c843-4376-ab37-5c6a73fb4d0a, Nodes: 94988375-8e84-4aa9-97e8-8e5d754fbb51{ip: 192.168.157.194, host: pr-hdds-2042-w774d-3815662616, networkLocation: /rack1, certSerialId: null}aeaf91a4-7b36-452e-90c9-b2e74ddba1a8{ip: 192.168.157.194, host: pr-hdds-2042-w774d-3815662616, networkLocation: /rack1, certSerialId: null}beb647cc-dc8a-44df-94ce-0366e8d6be6e{ip: 192.168.157.194, host: pr-hdds-2042-w774d-3815662616, networkLocation: /rack1, certSerialId: null}, Type:RATIS, Factor:THREE, State:OPEN]
2019-08-29 08:45:41,057 [Thread-1104] INFO  impl.FollowerState (FollowerState.java:run(106)) - af10c44b-16fa-4c36-b19d-5f1088e11be1:group-C6E626FCA7C3 changes to CANDIDATE, lastRpcTime:1047, electionTimeout:1047ms
2019-08-29 08:45:41,057 [Thread-1104] INFO  impl.RoleInfo (RoleInfo.java:shutdownFollowerState(121)) - af10c44b-16fa-4c36-b19d-5f1088e11be1: shutdown FollowerState
2019-08-29 08:45:41,057 [Thread-1104] INFO  impl.RaftServerImpl (RaftServerImpl.java:setRole(171)) - af10c44b-16fa-4c36-b19d-5f1088e11be1:group-C6E626FCA7C3 changes role from FOLLOWER to CANDIDATE at term 0 for changeToCandidate
2019-08-29 08:45:41,057 [Thread-1104] INFO  impl.RoleInfo (RoleInfo.java:updateAndGet(143)) - af10c44b-16fa-4c36-b19d-5f1088e11be1: start LeaderElection
2019-08-29 08:45:41,118 [af10c44b-16fa-4c36-b19d-5f1088e11be1:group-C6E626FCA7C3:LeaderElection34] INFO  impl.LeaderElection (LeaderElection.java:askForVotes(181)) - af10c44b-16fa-4c36-b19d-5f1088e11be1:group-C6E626FCA7C3:LeaderElection34: begin an election at term 1 for -1: [af10c44b-16fa-4c36-b19d-5f1088e11be1:192.168.157.194:32884], old=null
2019-08-29 08:45:41,118 [af10c44b-16fa-4c36-b19d-5f1088e11be1:group-C6E626FCA7C3:LeaderElection34] INFO  impl.RoleInfo (RoleInfo.java:shutdownLeaderElection(134)) - af10c44b-16fa-4c36-b19d-5f1088e11be1: shutdown LeaderElection
2019-08-29 08:45:41,119 [af10c44b-16fa-4c36-b19d-5f1088e11be1:group-C6E626FCA7C3:LeaderElection34] INFO  impl.RaftServerImpl (RaftServerImpl.java:setRole(171)) - af10c44b-16fa-4c36-b19d-5f1088e11be1:group-C6E626FCA7C3 changes role from CANDIDATE to LEADER at term 1 for changeToLeader
2019-08-29 08:45:41,119 [af10c44b-16fa-4c36-b19d-5f1088e11be1:group-C6E626FCA7C3:LeaderElection34] INFO  impl.RaftServerImpl (ServerState.java:setLeader(263)) - af10c44b-16fa-4c36-b19d-5f1088e11be1:group-C6E626FCA7C3 change Leader from null to af10c44b-16fa-4c36-b19d-5f1088e11be1 at term 1 for becomeLeader, leader elected after 1116ms
2019-08-29 08:45:41,119 [af10c44b-16fa-4c36-b19d-5f1088e11be1:group-C6E626FCA7C3:LeaderElection34] INFO  server.RaftServerConfigKeys (ConfUtils.java:logGet(43)) - raft.server.staging.catchup.gap = 1000 (default)
2019-08-29 08:45:41,119 [af10c44b-16fa-4c36-b19d-5f1088e11be1:group-C6E626FCA7C3:LeaderElection34] INFO  server.RaftServerConfigKeys (ConfUtils.java:logGet(43)) - raft.server.rpc.sleep.time = 25ms (default)
2019-08-29 08:45:41,119 [af10c44b-16fa-4c36-b19d-5f1088e11be1:group-C6E626FCA7C3:LeaderElection34] INFO  server.RaftServerConfigKeys (ConfUtils.java:logGet(43)) - raft.server.write.element-limit = 4096 (default)
2019-08-29 08:45:41,119 [af10c44b-16fa-4c36-b19d-5f1088e11be1:group-C6E626FCA7C3:LeaderElection34] INFO  server.RaftServerConfigKeys (ConfUtils.java:logGet(43)) - raft.server.watch.timeout = 10s (default)
2019-08-29 08:45:41,119 [af10c44b-16fa-4c36-b19d-5f1088e11be1:group-C6E626FCA7C3:LeaderElection34] INFO  server.RaftServerConfigKeys (ConfUtils.java:logGet(43)) - raft.server.watch.timeout.denomination = 1s (default)
2019-08-29 08:45:41,119 [af10c44b-16fa-4c36-b19d-5f1088e11be1:group-C6E626FCA7C3:LeaderElection34] INFO  server.RaftServerConfigKeys (ConfUtils.java:logGet(43)) - raft.server.watch.element-limit = 65536 (default)
2019-08-29 08:45:41,120 [af10c44b-16fa-4c36-b19d-5f1088e11be1:group-C6E626FCA7C3:LeaderElection34] INFO  impl.RoleInfo (RoleInfo.java:updateAndGet(143)) - af10c44b-16fa-4c36-b19d-5f1088e11be1: start LeaderState
2019-08-29 08:45:41,120 [af10c44b-16fa-4c36-b19d-5f1088e11be1:group-C6E626FCA7C3:LeaderElection34] INFO  segmented.SegmentedRaftLogWorker (SegmentedRaftLogWorker.java:startLogSegment(380)) - af10c44b-16fa-4c36-b19d-5f1088e11be1-SegmentedRaftLogWorker:Storage Directory /workdir/hadoop-ozone/integration-test/target/test-dir/MiniOzoneClusterImpl-43bc7ae7-4e66-4855-88e6-16f3e36bad4f/datanode-0/data/ratis/c2cf2b49-898b-4c4e-a6b5-c6e626fca7c3: Starting segment from index:0
2019-08-29 08:45:41,121 [af10c44b-16fa-4c36-b19d-5f1088e11be1:group-C6E626FCA7C3:LeaderElection34] INFO  impl.RaftServerImpl (ServerState.java:setRaftConf(361)) - af10c44b-16fa-4c36-b19d-5f1088e11be1:group-C6E626FCA7C3 set configuration 0: [af10c44b-16fa-4c36-b19d-5f1088e11be1:192.168.157.194:32884], old=null at 0
2019-08-29 08:45:41,154 [Thread-1107] INFO  impl.FollowerState (FollowerState.java:run(106)) - 4d8418c6-9aaf-413c-a95a-22b3e00264fc:group-A4BC83B70E41 changes to CANDIDATE, lastRpcTime:1023, electionTimeout:1018ms
2019-08-29 08:45:41,157 [Thread-1107] INFO  impl.RoleInfo (RoleInfo.java:shutdownFollowerState(121)) - 4d8418c6-9aaf-413c-a95a-22b3e00264fc: shutdown FollowerState
2019-08-29 08:45:41,157 [Thread-1107] INFO  impl.RaftServerImpl (RaftServerImpl.java:setRole(171)) - 4d8418c6-9aaf-413c-a95a-22b3e00264fc:group-A4BC83B70E41 changes role from FOLLOWER to CANDIDATE at term 0 for changeToCandidate
2019-08-29 08:45:41,157 [Thread-1107] INFO  impl.RoleInfo (RoleInfo.java:updateAndGet(143)) - 4d8418c6-9aaf-413c-a95a-22b3e00264fc: start LeaderElection
2019-08-29 08:45:41,171 [af10c44b-16fa-4c36-b19d-5f1088e11be1-SegmentedRaftLogWorker:Storage Directory /workdir/hadoop-ozone/integration-test/target/test-dir/MiniOzoneClusterImpl-43bc7ae7-4e66-4855-88e6-16f3e36bad4f/datanode-0/data/ratis/c2cf2b49-898b-4c4e-a6b5-c6e626fca7c3] INFO  segmented.SegmentedRaftLogWorker (SegmentedRaftLogWorker.java:execute(569)) - af10c44b-16fa-4c36-b19d-5f1088e11be1-SegmentedRaftLogWorker:Storage Directory /workdir/hadoop-ozone/integration-test/target/test-dir/MiniOzoneClusterImpl-43bc7ae7-4e66-4855-88e6-16f3e36bad4f/datanode-0/data/ratis/c2cf2b49-898b-4c4e-a6b5-c6e626fca7c3: created new log segment /workdir/hadoop-ozone/integration-test/target/test-dir/MiniOzoneClusterImpl-43bc7ae7-4e66-4855-88e6-16f3e36bad4f/datanode-0/data/ratis/c2cf2b49-898b-4c4e-a6b5-c6e626fca7c3/current/log_inprogress_0
2019-08-29 08:45:41,171 [4d8418c6-9aaf-413c-a95a-22b3e00264fc:group-A4BC83B70E41:LeaderElection35] INFO  impl.LeaderElection (LeaderElection.java:askForVotes(181)) - 4d8418c6-9aaf-413c-a95a-22b3e00264fc:group-A4BC83B70E41:LeaderElection35: begin an election at term 1 for -1: [4d8418c6-9aaf-413c-a95a-22b3e00264fc:192.168.157.194:33119], old=null
2019-08-29 08:45:41,172 [4d8418c6-9aaf-413c-a95a-22b3e00264fc:group-A4BC83B70E41:LeaderElection35] INFO  impl.RoleInfo (RoleInfo.java:shutdownLeaderElection(134)) - 4d8418c6-9aaf-413c-a95a-22b3e00264fc: shutdown LeaderElection
2019-08-29 08:45:41,172 [4d8418c6-9aaf-413c-a95a-22b3e00264fc:group-A4BC83B70E41:LeaderElection35] INFO  impl.RaftServerImpl (RaftServerImpl.java:setRole(171)) - 4d8418c6-9aaf-413c-a95a-22b3e00264fc:group-A4BC83B70E41 changes role from CANDIDATE to LEADER at term 1 for changeToLeader
2019-08-29 08:45:41,172 [4d8418c6-9aaf-413c-a95a-22b3e00264fc:group-A4BC83B70E41:LeaderElection35] INFO  impl.RaftServerImpl (ServerState.java:setLeader(263)) - 4d8418c6-9aaf-413c-a95a-22b3e00264fc:group-A4BC83B70E41 change Leader from null to 4d8418c6-9aaf-413c-a95a-22b3e00264fc at term 1 for becomeLeader, leader elected after 1045ms
2019-08-29 08:45:41,172 [4d8418c6-9aaf-413c-a95a-22b3e00264fc:group-A4BC83B70E41:LeaderElection35] INFO  server.RaftServerConfigKeys (ConfUtils.java:logGet(43)) - raft.server.staging.catchup.gap = 1000 (default)
2019-08-29 08:45:41,172 [4d8418c6-9aaf-413c-a95a-22b3e00264fc:group-A4BC83B70E41:LeaderElection35] INFO  server.RaftServerConfigKeys (ConfUtils.java:logGet(43)) - raft.server.rpc.sleep.time = 25ms (default)
2019-08-29 08:45:41,173 [4d8418c6-9aaf-413c-a95a-22b3e00264fc:group-A4BC83B70E41:LeaderElection35] INFO  server.RaftServerConfigKeys (ConfUtils.java:logGet(43)) - raft.server.write.element-limit = 4096 (default)
2019-08-29 08:45:41,173 [4d8418c6-9aaf-413c-a95a-22b3e00264fc:group-A4BC83B70E41:LeaderElection35] INFO  server.RaftServerConfigKeys (ConfUtils.java:logGet(43)) - raft.server.watch.timeout = 10s (default)
2019-08-29 08:45:41,173 [4d8418c6-9aaf-413c-a95a-22b3e00264fc:group-A4BC83B70E41:LeaderElection35] INFO  server.RaftServerConfigKeys (ConfUtils.java:logGet(43)) - raft.server.watch.timeout.denomination = 1s (default)
2019-08-29 08:45:41,173 [4d8418c6-9aaf-413c-a95a-22b3e00264fc:group-A4BC83B70E41:LeaderElection35] INFO  server.RaftServerConfigKeys (ConfUtils.java:logGet(43)) - raft.server.watch.element-limit = 65536 (default)
2019-08-29 08:45:41,173 [4d8418c6-9aaf-413c-a95a-22b3e00264fc:group-A4BC83B70E41:LeaderElection35] INFO  impl.RoleInfo (RoleInfo.java:updateAndGet(143)) - 4d8418c6-9aaf-413c-a95a-22b3e00264fc: start LeaderState
2019-08-29 08:45:41,174 [4d8418c6-9aaf-413c-a95a-22b3e00264fc:group-A4BC83B70E41:LeaderElection35] INFO  segmented.SegmentedRaftLogWorker (SegmentedRaftLogWorker.java:startLogSegment(380)) - 4d8418c6-9aaf-413c-a95a-22b3e00264fc-SegmentedRaftLogWorker:Storage Directory /workdir/hadoop-ozone/integration-test/target/test-dir/MiniOzoneClusterImpl-43bc7ae7-4e66-4855-88e6-16f3e36bad4f/datanode-2/data/ratis/0354c130-5d56-4e42-b13d-a4bc83b70e41: Starting segment from index:0
2019-08-29 08:45:41,174 [4d8418c6-9aaf-413c-a95a-22b3e00264fc:group-A4BC83B70E41:LeaderElection35] INFO  impl.RaftServerImpl (ServerState.java:setRaftConf(361)) - 4d8418c6-9aaf-413c-a95a-22b3e00264fc:group-A4BC83B70E41 set configuration 0: [4d8418c6-9aaf-413c-a95a-22b3e00264fc:192.168.157.194:33119], old=null at 0
2019-08-29 08:45:41,227 [4d8418c6-9aaf-413c-a95a-22b3e00264fc-SegmentedRaftLogWorker:Storage Directory /workdir/hadoop-ozone/integration-test/target/test-dir/MiniOzoneClusterImpl-43bc7ae7-4e66-4855-88e6-16f3e36bad4f/datanode-2/data/ratis/0354c130-5d56-4e42-b13d-a4bc83b70e41] INFO  segmented.SegmentedRaftLogWorker (SegmentedRaftLogWorker.java:execute(569)) - 4d8418c6-9aaf-413c-a95a-22b3e00264fc-SegmentedRaftLogWorker:Storage Directory /workdir/hadoop-ozone/integration-test/target/test-dir/MiniOzoneClusterImpl-43bc7ae7-4e66-4855-88e6-16f3e36bad4f/datanode-2/data/ratis/0354c130-5d56-4e42-b13d-a4bc83b70e41: created new log segment /workdir/hadoop-ozone/integration-test/target/test-dir/MiniOzoneClusterImpl-43bc7ae7-4e66-4855-88e6-16f3e36bad4f/datanode-2/data/ratis/0354c130-5d56-4e42-b13d-a4bc83b70e41/current/log_inprogress_0
2019-08-29 08:45:41,261 [Thread-1113] INFO  impl.FollowerState (FollowerState.java:run(106)) - 691d973f-4ee5-4b71-9c79-714a3e15e6a2:group-C60AC54EF87A changes to CANDIDATE, lastRpcTime:1002, electionTimeout:1002ms
2019-08-29 08:45:41,261 [Thread-1113] INFO  impl.RoleInfo (RoleInfo.java:shutdownFollowerState(121)) - 691d973f-4ee5-4b71-9c79-714a3e15e6a2: shutdown FollowerState
2019-08-29 08:45:41,261 [Thread-1113] INFO  impl.RaftServerImpl (RaftServerImpl.java:setRole(171)) - 691d973f-4ee5-4b71-9c79-714a3e15e6a2:group-C60AC54EF87A changes role from FOLLOWER to CANDIDATE at term 0 for changeToCandidate
2019-08-29 08:45:41,262 [Thread-1113] INFO  impl.RoleInfo (RoleInfo.java:updateAndGet(143)) - 691d973f-4ee5-4b71-9c79-714a3e15e6a2: start LeaderElection
2019-08-29 08:45:41,282 [691d973f-4ee5-4b71-9c79-714a3e15e6a2:group-C60AC54EF87A:LeaderElection36] INFO  impl.LeaderElection (LeaderElection.java:askForVotes(181)) - 691d973f-4ee5-4b71-9c79-714a3e15e6a2:group-C60AC54EF87A:LeaderElection36: begin an election at term 1 for -1: [691d973f-4ee5-4b71-9c79-714a3e15e6a2:192.168.157.194:43776], old=null
2019-08-29 08:45:41,282 [691d973f-4ee5-4b71-9c79-714a3e15e6a2:group-C60AC54EF87A:LeaderElection36] INFO  impl.RoleInfo (RoleInfo.java:shutdownLeaderElection(134)) - 691d973f-4ee5-4b71-9c79-714a3e15e6a2: shutdown LeaderElection
2019-08-29 08:45:41,282 [691d973f-4ee5-4b71-9c79-714a3e15e6a2:group-C60AC54EF87A:LeaderElection36] INFO  impl.RaftServerImpl (RaftServerImpl.java:setRole(171)) - 691d973f-4ee5-4b71-9c79-714a3e15e6a2:group-C60AC54EF87A changes role from CANDIDATE to LEADER at term 1 for changeToLeader
2019-08-29 08:45:41,282 [691d973f-4ee5-4b71-9c79-714a3e15e6a2:group-C60AC54EF87A:LeaderElection36] INFO  impl.RaftServerImpl (ServerState.java:setLeader(263)) - 691d973f-4ee5-4b71-9c79-714a3e15e6a2:group-C60AC54EF87A change Leader from null to 691d973f-4ee5-4b71-9c79-714a3e15e6a2 at term 1 for becomeLeader, leader elected after 1027ms
2019-08-29 08:45:41,282 [691d973f-4ee5-4b71-9c79-714a3e15e6a2:group-C60AC54EF87A:LeaderElection36] INFO  server.RaftServerConfigKeys (ConfUtils.java:logGet(43)) - raft.server.staging.catchup.gap = 1000 (default)
2019-08-29 08:45:41,283 [691d973f-4ee5-4b71-9c79-714a3e15e6a2:group-C60AC54EF87A:LeaderElection36] INFO  server.RaftServerConfigKeys (ConfUtils.java:logGet(43)) - raft.server.rpc.sleep.time = 25ms (default)
2019-08-29 08:45:41,283 [691d973f-4ee5-4b71-9c79-714a3e15e6a2:group-C60AC54EF87A:LeaderElection36] INFO  server.RaftServerConfigKeys (ConfUtils.java:logGet(43)) - raft.server.write.element-limit = 4096 (default)
2019-08-29 08:45:41,283 [691d973f-4ee5-4b71-9c79-714a3e15e6a2:group-C60AC54EF87A:LeaderElection36] INFO  server.RaftServerConfigKeys (ConfUtils.java:logGet(43)) - raft.server.watch.timeout = 10s (default)
2019-08-29 08:45:41,283 [691d973f-4ee5-4b71-9c79-714a3e15e6a2:group-C60AC54EF87A:LeaderElection36] INFO  server.RaftServerConfigKeys (ConfUtils.java:logGet(43)) - raft.server.watch.timeout.denomination = 1s (default)
2019-08-29 08:45:41,283 [691d973f-4ee5-4b71-9c79-714a3e15e6a2:group-C60AC54EF87A:LeaderElection36] INFO  server.RaftServerConfigKeys (ConfUtils.java:logGet(43)) - raft.server.watch.element-limit = 65536 (default)
2019-08-29 08:45:41,284 [691d973f-4ee5-4b71-9c79-714a3e15e6a2:group-C60AC54EF87A:LeaderElection36] INFO  impl.RoleInfo (RoleInfo.java:updateAndGet(143)) - 691d973f-4ee5-4b71-9c79-714a3e15e6a2: start LeaderState
2019-08-29 08:45:41,284 [691d973f-4ee5-4b71-9c79-714a3e15e6a2:group-C60AC54EF87A:LeaderElection36] INFO  segmented.SegmentedRaftLogWorker (SegmentedRaftLogWorker.java:startLogSegment(380)) - 691d973f-4ee5-4b71-9c79-714a3e15e6a2-SegmentedRaftLogWorker:Storage Directory /workdir/hadoop-ozone/integration-test/target/test-dir/MiniOzoneClusterImpl-43bc7ae7-4e66-4855-88e6-16f3e36bad4f/datanode-6/data/ratis/cac51f17-f390-43b4-9ed8-c60ac54ef87a: Starting segment from index:0
2019-08-29 08:45:41,284 [691d973f-4ee5-4b71-9c79-714a3e15e6a2:group-C60AC54EF87A:LeaderElection36] INFO  impl.RaftServerImpl (ServerState.java:setRaftConf(361)) - 691d973f-4ee5-4b71-9c79-714a3e15e6a2:group-C60AC54EF87A set configuration 0: [691d973f-4ee5-4b71-9c79-714a3e15e6a2:192.168.157.194:43776], old=null at 0
2019-08-29 08:45:41,316 [Thread-1110] INFO  impl.FollowerState (FollowerState.java:run(106)) - d42e1e69-47db-482b-ad03-89cca26a9b49:group-58547ACC6AA3 changes to CANDIDATE, lastRpcTime:1141, electionTimeout:1122ms
2019-08-29 08:45:41,316 [Thread-1110] INFO  impl.RoleInfo (RoleInfo.java:shutdownFollowerState(121)) - d42e1e69-47db-482b-ad03-89cca26a9b49: shutdown FollowerState
2019-08-29 08:45:41,316 [Thread-1110] INFO  impl.RaftServerImpl (RaftServerImpl.java:setRole(171)) - d42e1e69-47db-482b-ad03-89cca26a9b49:group-58547ACC6AA3 changes role from FOLLOWER to CANDIDATE at term 0 for changeToCandidate
2019-08-29 08:45:41,316 [Thread-1110] INFO  impl.RoleInfo (RoleInfo.java:updateAndGet(143)) - d42e1e69-47db-482b-ad03-89cca26a9b49: start LeaderElection
2019-08-29 08:45:41,330 [691d973f-4ee5-4b71-9c79-714a3e15e6a2-SegmentedRaftLogWorker:Storage Directory /workdir/hadoop-ozone/integration-test/target/test-dir/MiniOzoneClusterImpl-43bc7ae7-4e66-4855-88e6-16f3e36bad4f/datanode-6/data/ratis/cac51f17-f390-43b4-9ed8-c60ac54ef87a] INFO  segmented.SegmentedRaftLogWorker (SegmentedRaftLogWorker.java:execute(569)) - 691d973f-4ee5-4b71-9c79-714a3e15e6a2-SegmentedRaftLogWorker:Storage Directory /workdir/hadoop-ozone/integration-test/target/test-dir/MiniOzoneClusterImpl-43bc7ae7-4e66-4855-88e6-16f3e36bad4f/datanode-6/data/ratis/cac51f17-f390-43b4-9ed8-c60ac54ef87a: created new log segment /workdir/hadoop-ozone/integration-test/target/test-dir/MiniOzoneClusterImpl-43bc7ae7-4e66-4855-88e6-16f3e36bad4f/datanode-6/data/ratis/cac51f17-f390-43b4-9ed8-c60ac54ef87a/current/log_inprogress_0
2019-08-29 08:45:41,330 [d42e1e69-47db-482b-ad03-89cca26a9b49:group-58547ACC6AA3:LeaderElection37] INFO  impl.LeaderElection (LeaderElection.java:askForVotes(181)) - d42e1e69-47db-482b-ad03-89cca26a9b49:group-58547ACC6AA3:LeaderElection37: begin an election at term 1 for -1: [d42e1e69-47db-482b-ad03-89cca26a9b49:192.168.157.194:44267], old=null
2019-08-29 08:45:41,330 [d42e1e69-47db-482b-ad03-89cca26a9b49:group-58547ACC6AA3:LeaderElection37] INFO  impl.RoleInfo (RoleInfo.java:shutdownLeaderElection(134)) - d42e1e69-47db-482b-ad03-89cca26a9b49: shutdown LeaderElection
2019-08-29 08:45:41,330 [d42e1e69-47db-482b-ad03-89cca26a9b49:group-58547ACC6AA3:LeaderElection37] INFO  impl.RaftServerImpl (RaftServerImpl.java:setRole(171)) - d42e1e69-47db-482b-ad03-89cca26a9b49:group-58547ACC6AA3 changes role from CANDIDATE to LEADER at term 1 for changeToLeader
2019-08-29 08:45:41,330 [d42e1e69-47db-482b-ad03-89cca26a9b49:group-58547ACC6AA3:LeaderElection37] INFO  impl.RaftServerImpl (ServerState.java:setLeader(263)) - d42e1e69-47db-482b-ad03-89cca26a9b49:group-58547ACC6AA3 change Leader from null to d42e1e69-47db-482b-ad03-89cca26a9b49 at term 1 for becomeLeader, leader elected after 1161ms
2019-08-29 08:45:41,330 [d42e1e69-47db-482b-ad03-89cca26a9b49:group-58547ACC6AA3:LeaderElection37] INFO  server.RaftServerConfigKeys (ConfUtils.java:logGet(43)) - raft.server.staging.catchup.gap = 1000 (default)
2019-08-29 08:45:41,331 [d42e1e69-47db-482b-ad03-89cca26a9b49:group-58547ACC6AA3:LeaderElection37] INFO  server.RaftServerConfigKeys (ConfUtils.java:logGet(43)) - raft.server.rpc.sleep.time = 25ms (default)
2019-08-29 08:45:41,331 [d42e1e69-47db-482b-ad03-89cca26a9b49:group-58547ACC6AA3:LeaderElection37] INFO  server.RaftServerConfigKeys (ConfUtils.java:logGet(43)) - raft.server.write.element-limit = 4096 (default)
2019-08-29 08:45:41,331 [d42e1e69-47db-482b-ad03-89cca26a9b49:group-58547ACC6AA3:LeaderElection37] INFO  server.RaftServerConfigKeys (ConfUtils.java:logGet(43)) - raft.server.watch.timeout = 10s (default)
2019-08-29 08:45:41,331 [d42e1e69-47db-482b-ad03-89cca26a9b49:group-58547ACC6AA3:LeaderElection37] INFO  server.RaftServerConfigKeys (ConfUtils.java:logGet(43)) - raft.server.watch.timeout.denomination = 1s (default)
2019-08-29 08:45:41,331 [d42e1e69-47db-482b-ad03-89cca26a9b49:group-58547ACC6AA3:LeaderElection37] INFO  server.RaftServerConfigKeys (ConfUtils.java:logGet(43)) - raft.server.watch.element-limit = 65536 (default)
2019-08-29 08:45:41,331 [d42e1e69-47db-482b-ad03-89cca26a9b49:group-58547ACC6AA3:LeaderElection37] INFO  impl.RoleInfo (RoleInfo.java:updateAndGet(143)) - d42e1e69-47db-482b-ad03-89cca26a9b49: start LeaderState
2019-08-29 08:45:41,332 [d42e1e69-47db-482b-ad03-89cca26a9b49:group-58547ACC6AA3:LeaderElection37] INFO  segmented.SegmentedRaftLogWorker (SegmentedRaftLogWorker.java:startLogSegment(380)) - d42e1e69-47db-482b-ad03-89cca26a9b49-SegmentedRaftLogWorker:Storage Directory /workdir/hadoop-ozone/integration-test/target/test-dir/MiniOzoneClusterImpl-43bc7ae7-4e66-4855-88e6-16f3e36bad4f/datanode-1/data/ratis/27adcffe-1a90-4f34-bc26-58547acc6aa3: Starting segment from index:0
2019-08-29 08:45:41,332 [d42e1e69-47db-482b-ad03-89cca26a9b49:group-58547ACC6AA3:LeaderElection37] INFO  impl.RaftServerImpl (ServerState.java:setRaftConf(361)) - d42e1e69-47db-482b-ad03-89cca26a9b49:group-58547ACC6AA3 set configuration 0: [d42e1e69-47db-482b-ad03-89cca26a9b49:192.168.157.194:44267], old=null at 0
2019-08-29 08:45:41,376 [d42e1e69-47db-482b-ad03-89cca26a9b49-SegmentedRaftLogWorker:Storage Directory /workdir/hadoop-ozone/integration-test/target/test-dir/MiniOzoneClusterImpl-43bc7ae7-4e66-4855-88e6-16f3e36bad4f/datanode-1/data/ratis/27adcffe-1a90-4f34-bc26-58547acc6aa3] INFO  segmented.SegmentedRaftLogWorker (SegmentedRaftLogWorker.java:execute(569)) - d42e1e69-47db-482b-ad03-89cca26a9b49-SegmentedRaftLogWorker:Storage Directory /workdir/hadoop-ozone/integration-test/target/test-dir/MiniOzoneClusterImpl-43bc7ae7-4e66-4855-88e6-16f3e36bad4f/datanode-1/data/ratis/27adcffe-1a90-4f34-bc26-58547acc6aa3: created new log segment /workdir/hadoop-ozone/integration-test/target/test-dir/MiniOzoneClusterImpl-43bc7ae7-4e66-4855-88e6-16f3e36bad4f/datanode-1/data/ratis/27adcffe-1a90-4f34-bc26-58547acc6aa3/current/log_inprogress_0
2019-08-29 08:45:41,399 [Thread-1116] INFO  impl.FollowerState (FollowerState.java:run(106)) - ead32545-d171-4909-a11e-9b7dde0365ee:group-AC8EC9305C41 changes to CANDIDATE, lastRpcTime:1099, electionTimeout:1099ms
2019-08-29 08:45:41,400 [Thread-1116] INFO  impl.RoleInfo (RoleInfo.java:shutdownFollowerState(121)) - ead32545-d171-4909-a11e-9b7dde0365ee: shutdown FollowerState
2019-08-29 08:45:41,400 [Thread-1116] INFO  impl.RaftServerImpl (RaftServerImpl.java:setRole(171)) - ead32545-d171-4909-a11e-9b7dde0365ee:group-AC8EC9305C41 changes role from FOLLOWER to CANDIDATE at term 0 for changeToCandidate
2019-08-29 08:45:41,400 [Thread-1116] INFO  impl.RoleInfo (RoleInfo.java:updateAndGet(143)) - ead32545-d171-4909-a11e-9b7dde0365ee: start LeaderElection
2019-08-29 08:45:41,405 [main] INFO  ozone.MiniOzoneClusterImpl (MiniOzoneClusterImpl.java:lambda$waitForClusterToBeReady$0(140)) - Cluster is ready. Got 10 of 10 DN Heartbeats.
2019-08-29 08:45:41,420 [ead32545-d171-4909-a11e-9b7dde0365ee:group-AC8EC9305C41:LeaderElection38] INFO  impl.LeaderElection (LeaderElection.java:askForVotes(181)) - ead32545-d171-4909-a11e-9b7dde0365ee:group-AC8EC9305C41:LeaderElection38: begin an election at term 1 for -1: [ead32545-d171-4909-a11e-9b7dde0365ee:192.168.157.194:46882], old=null
2019-08-29 08:45:41,420 [ead32545-d171-4909-a11e-9b7dde0365ee:group-AC8EC9305C41:LeaderElection38] INFO  impl.RoleInfo (RoleInfo.java:shutdownLeaderElection(134)) - ead32545-d171-4909-a11e-9b7dde0365ee: shutdown LeaderElection
2019-08-29 08:45:41,420 [ead32545-d171-4909-a11e-9b7dde0365ee:group-AC8EC9305C41:LeaderElection38] INFO  impl.RaftServerImpl (RaftServerImpl.java:setRole(171)) - ead32545-d171-4909-a11e-9b7dde0365ee:group-AC8EC9305C41 changes role from CANDIDATE to LEADER at term 1 for changeToLeader
2019-08-29 08:45:41,420 [ead32545-d171-4909-a11e-9b7dde0365ee:group-AC8EC9305C41:LeaderElection38] INFO  impl.RaftServerImpl (ServerState.java:setLeader(263)) - ead32545-d171-4909-a11e-9b7dde0365ee:group-AC8EC9305C41 change Leader from null to ead32545-d171-4909-a11e-9b7dde0365ee at term 1 for becomeLeader, leader elected after 1124ms
2019-08-29 08:45:41,421 [ead32545-d171-4909-a11e-9b7dde0365ee:group-AC8EC9305C41:LeaderElection38] INFO  server.RaftServerConfigKeys (ConfUtils.java:logGet(43)) - raft.server.staging.catchup.gap = 1000 (default)
2019-08-29 08:45:41,424 [ead32545-d171-4909-a11e-9b7dde0365ee:group-AC8EC9305C41:LeaderElection38] INFO  server.RaftServerConfigKeys (ConfUtils.java:logGet(43)) - raft.server.rpc.sleep.time = 25ms (default)
2019-08-29 08:45:41,438 [ead32545-d171-4909-a11e-9b7dde0365ee:group-AC8EC9305C41:LeaderElection38] INFO  server.RaftServerConfigKeys (ConfUtils.java:logGet(43)) - raft.server.write.element-limit = 4096 (default)
2019-08-29 08:45:41,438 [ead32545-d171-4909-a11e-9b7dde0365ee:group-AC8EC9305C41:LeaderElection38] INFO  server.RaftServerConfigKeys (ConfUtils.java:logGet(43)) - raft.server.watch.timeout = 10s (default)
2019-08-29 08:45:41,438 [ead32545-d171-4909-a11e-9b7dde0365ee:group-AC8EC9305C41:LeaderElection38] INFO  server.RaftServerConfigKeys (ConfUtils.java:logGet(43)) - raft.server.watch.timeout.denomination = 1s (default)
2019-08-29 08:45:41,438 [ead32545-d171-4909-a11e-9b7dde0365ee:group-AC8EC9305C41:LeaderElection38] INFO  server.RaftServerConfigKeys (ConfUtils.java:logGet(43)) - raft.server.watch.element-limit = 65536 (default)
2019-08-29 08:45:41,438 [ead32545-d171-4909-a11e-9b7dde0365ee:group-AC8EC9305C41:LeaderElection38] INFO  impl.RoleInfo (RoleInfo.java:updateAndGet(143)) - ead32545-d171-4909-a11e-9b7dde0365ee: start LeaderState
2019-08-29 08:45:41,444 [ead32545-d171-4909-a11e-9b7dde0365ee:group-AC8EC9305C41:LeaderElection38] INFO  segmented.SegmentedRaftLogWorker (SegmentedRaftLogWorker.java:startLogSegment(380)) - ead32545-d171-4909-a11e-9b7dde0365ee-SegmentedRaftLogWorker:Storage Directory /workdir/hadoop-ozone/integration-test/target/test-dir/MiniOzoneClusterImpl-43bc7ae7-4e66-4855-88e6-16f3e36bad4f/datanode-7/data/ratis/94a1b149-8f82-476b-9650-ac8ec9305c41: Starting segment from index:0
2019-08-29 08:45:41,444 [ead32545-d171-4909-a11e-9b7dde0365ee:group-AC8EC9305C41:LeaderElection38] INFO  impl.RaftServerImpl (ServerState.java:setRaftConf(361)) - ead32545-d171-4909-a11e-9b7dde0365ee:group-AC8EC9305C41 set configuration 0: [ead32545-d171-4909-a11e-9b7dde0365ee:192.168.157.194:46882], old=null at 0
2019-08-29 08:45:41,491 [main] INFO  rpc.RpcClient (RpcClient.java:createVolume(293)) - Creating Volume: datanodefailurehandlingtest, with jenkins1000 as owner.
2019-08-29 08:45:41,538 [Thread-1119] INFO  impl.FollowerState (FollowerState.java:run(106)) - b6aa82e4-5823-49f6-a34d-d75ec3f4bf0a:group-0ADD4CCD3DD5 changes to CANDIDATE, lastRpcTime:1193, electionTimeout:1193ms
2019-08-29 08:45:41,538 [Thread-1119] INFO  impl.RoleInfo (RoleInfo.java:shutdownFollowerState(121)) - b6aa82e4-5823-49f6-a34d-d75ec3f4bf0a: shutdown FollowerState
2019-08-29 08:45:41,539 [Thread-1119] INFO  impl.RaftServerImpl (RaftServerImpl.java:setRole(171)) - b6aa82e4-5823-49f6-a34d-d75ec3f4bf0a:group-0ADD4CCD3DD5 changes role from FOLLOWER to CANDIDATE at term 0 for changeToCandidate
2019-08-29 08:45:41,539 [Thread-1119] INFO  impl.RoleInfo (RoleInfo.java:updateAndGet(143)) - b6aa82e4-5823-49f6-a34d-d75ec3f4bf0a: start LeaderElection
2019-08-29 08:45:41,640 [Thread-1125] INFO  impl.FollowerState (FollowerState.java:run(106)) - aeaf91a4-7b36-452e-90c9-b2e74ddba1a8:group-91D68ABEE7C8 changes to CANDIDATE, lastRpcTime:1101, electionTimeout:1101ms
2019-08-29 08:45:41,641 [Thread-1125] INFO  impl.RoleInfo (RoleInfo.java:shutdownFollowerState(121)) - aeaf91a4-7b36-452e-90c9-b2e74ddba1a8: shutdown FollowerState
2019-08-29 08:45:41,641 [Thread-1125] INFO  impl.RaftServerImpl (RaftServerImpl.java:setRole(171)) - aeaf91a4-7b36-452e-90c9-b2e74ddba1a8:group-91D68ABEE7C8 changes role from FOLLOWER to CANDIDATE at term 0 for changeToCandidate
2019-08-29 08:45:41,641 [Thread-1125] INFO  impl.RoleInfo (RoleInfo.java:updateAndGet(143)) - aeaf91a4-7b36-452e-90c9-b2e74ddba1a8: start LeaderElection
2019-08-29 08:45:41,645 [Thread-1128] INFO  impl.FollowerState (FollowerState.java:run(106)) - beb647cc-dc8a-44df-94ce-0366e8d6be6e:group-1D905CC20791 changes to CANDIDATE, lastRpcTime:1060, electionTimeout:1059ms
2019-08-29 08:45:41,648 [Thread-1128] INFO  impl.RoleInfo (RoleInfo.java:shutdownFollowerState(121)) - beb647cc-dc8a-44df-94ce-0366e8d6be6e: shutdown FollowerState
2019-08-29 08:45:41,648 [Thread-1128] INFO  impl.RaftServerImpl (RaftServerImpl.java:setRole(171)) - beb647cc-dc8a-44df-94ce-0366e8d6be6e:group-1D905CC20791 changes role from FOLLOWER to CANDIDATE at term 0 for changeToCandidate
2019-08-29 08:45:41,648 [Thread-1128] INFO  impl.RoleInfo (RoleInfo.java:updateAndGet(143)) - beb647cc-dc8a-44df-94ce-0366e8d6be6e: start LeaderElection
2019-08-29 08:45:41,651 [Thread-1122] INFO  impl.FollowerState (FollowerState.java:run(106)) - 94988375-8e84-4aa9-97e8-8e5d754fbb51:group-832A939584E8 changes to CANDIDATE, lastRpcTime:1166, electionTimeout:1165ms
2019-08-29 08:45:41,651 [Thread-1122] INFO  impl.RoleInfo (RoleInfo.java:shutdownFollowerState(121)) - 94988375-8e84-4aa9-97e8-8e5d754fbb51: shutdown FollowerState
2019-08-29 08:45:41,654 [Thread-1122] INFO  impl.RaftServerImpl (RaftServerImpl.java:setRole(171)) - 94988375-8e84-4aa9-97e8-8e5d754fbb51:group-832A939584E8 changes role from FOLLOWER to CANDIDATE at term 0 for changeToCandidate
2019-08-29 08:45:41,654 [Thread-1122] INFO  impl.RoleInfo (RoleInfo.java:updateAndGet(143)) - 94988375-8e84-4aa9-97e8-8e5d754fbb51: start LeaderElection
2019-08-29 08:45:41,688 [ead32545-d171-4909-a11e-9b7dde0365ee-SegmentedRaftLogWorker:Storage Directory /workdir/hadoop-ozone/integration-test/target/test-dir/MiniOzoneClusterImpl-43bc7ae7-4e66-4855-88e6-16f3e36bad4f/datanode-7/data/ratis/94a1b149-8f82-476b-9650-ac8ec9305c41] INFO  segmented.SegmentedRaftLogWorker (SegmentedRaftLogWorker.java:execute(569)) - ead32545-d171-4909-a11e-9b7dde0365ee-SegmentedRaftLogWorker:Storage Directory /workdir/hadoop-ozone/integration-test/target/test-dir/MiniOzoneClusterImpl-43bc7ae7-4e66-4855-88e6-16f3e36bad4f/datanode-7/data/ratis/94a1b149-8f82-476b-9650-ac8ec9305c41: created new log segment /workdir/hadoop-ozone/integration-test/target/test-dir/MiniOzoneClusterImpl-43bc7ae7-4e66-4855-88e6-16f3e36bad4f/datanode-7/data/ratis/94a1b149-8f82-476b-9650-ac8ec9305c41/current/log_inprogress_0
2019-08-29 08:45:41,724 | INFO  | SCMAudit | user=jenkins1000 | ip=192.168.157.194 | op=SEND_HEARTBEAT {datanodeUUID=af10c44b-16fa-4c36-b19d-5f1088e11be1, command=[]} | ret=SUCCESS |  
2019-08-29 08:45:41,744 [Thread-1136] INFO  impl.FollowerState (FollowerState.java:run(106)) - ead32545-d171-4909-a11e-9b7dde0365ee:group-144D18612C90 changes to CANDIDATE, lastRpcTime:1032, electionTimeout:1032ms
2019-08-29 08:45:41,744 [Thread-1136] INFO  impl.RoleInfo (RoleInfo.java:shutdownFollowerState(121)) - ead32545-d171-4909-a11e-9b7dde0365ee: shutdown FollowerState
2019-08-29 08:45:41,744 [Thread-1136] INFO  impl.RaftServerImpl (RaftServerImpl.java:setRole(171)) - ead32545-d171-4909-a11e-9b7dde0365ee:group-144D18612C90 changes role from FOLLOWER to CANDIDATE at term 0 for changeToCandidate
2019-08-29 08:45:41,744 [Thread-1136] INFO  impl.RoleInfo (RoleInfo.java:updateAndGet(143)) - ead32545-d171-4909-a11e-9b7dde0365ee: start LeaderElection
2019-08-29 08:45:41,748 [Thread-1131] INFO  impl.FollowerState (FollowerState.java:run(106)) - 75ccd8a6-06da-4259-a20c-b7736bd9bda0:group-658FE73EBB8E changes to CANDIDATE, lastRpcTime:1103, electionTimeout:1103ms
2019-08-29 08:45:41,751 [Thread-1131] INFO  impl.RoleInfo (RoleInfo.java:shutdownFollowerState(121)) - 75ccd8a6-06da-4259-a20c-b7736bd9bda0: shutdown FollowerState
2019-08-29 08:45:41,751 [Thread-1131] INFO  impl.RaftServerImpl (RaftServerImpl.java:setRole(171)) - 75ccd8a6-06da-4259-a20c-b7736bd9bda0:group-658FE73EBB8E changes role from FOLLOWER to CANDIDATE at term 0 for changeToCandidate
2019-08-29 08:45:41,751 [Thread-1131] INFO  impl.RoleInfo (RoleInfo.java:updateAndGet(143)) - 75ccd8a6-06da-4259-a20c-b7736bd9bda0: start LeaderElection
2019-08-29 08:45:41,776 | INFO  | OMAudit | user=jenkins1000 | ip=127.0.0.1 | op=CREATE_VOLUME {admin=jenkins1000, owner=jenkins1000, volume=datanodefailurehandlingtest, creationTime=1567068341493, quotaInBytes=1152921504606846976} | ret=SUCCESS |  
2019-08-29 08:45:41,790 | INFO  | OMAudit | user=jenkins1000 | ip=127.0.0.1 | op=READ_VOLUME {volume=datanodefailurehandlingtest} | ret=SUCCESS |  
2019-08-29 08:45:41,791 [beb647cc-dc8a-44df-94ce-0366e8d6be6e:group-1D905CC20791:LeaderElection41] INFO  impl.LeaderElection (LeaderElection.java:askForVotes(181)) - beb647cc-dc8a-44df-94ce-0366e8d6be6e:group-1D905CC20791:LeaderElection41: begin an election at term 1 for -1: [beb647cc-dc8a-44df-94ce-0366e8d6be6e:192.168.157.194:36608], old=null
2019-08-29 08:45:41,791 [ead32545-d171-4909-a11e-9b7dde0365ee:group-144D18612C90:LeaderElection43] INFO  impl.LeaderElection (LeaderElection.java:askForVotes(181)) - ead32545-d171-4909-a11e-9b7dde0365ee:group-144D18612C90:LeaderElection43: begin an election at term 1 for -1: [691d973f-4ee5-4b71-9c79-714a3e15e6a2:192.168.157.194:43776, ead32545-d171-4909-a11e-9b7dde0365ee:192.168.157.194:46882, 4d8418c6-9aaf-413c-a95a-22b3e00264fc:192.168.157.194:33119], old=null
2019-08-29 08:45:41,791 [beb647cc-dc8a-44df-94ce-0366e8d6be6e:group-1D905CC20791:LeaderElection41] INFO  impl.RoleInfo (RoleInfo.java:shutdownLeaderElection(134)) - beb647cc-dc8a-44df-94ce-0366e8d6be6e: shutdown LeaderElection
2019-08-29 08:45:41,791 [b6aa82e4-5823-49f6-a34d-d75ec3f4bf0a:group-0ADD4CCD3DD5:LeaderElection39] INFO  impl.LeaderElection (LeaderElection.java:askForVotes(181)) - b6aa82e4-5823-49f6-a34d-d75ec3f4bf0a:group-0ADD4CCD3DD5:LeaderElection39: begin an election at term 1 for -1: [b6aa82e4-5823-49f6-a34d-d75ec3f4bf0a:192.168.157.194:39858], old=null
2019-08-29 08:45:41,791 [94988375-8e84-4aa9-97e8-8e5d754fbb51:group-832A939584E8:LeaderElection42] INFO  impl.LeaderElection (LeaderElection.java:askForVotes(181)) - 94988375-8e84-4aa9-97e8-8e5d754fbb51:group-832A939584E8:LeaderElection42: begin an election at term 1 for -1: [94988375-8e84-4aa9-97e8-8e5d754fbb51:192.168.157.194:40870], old=null
2019-08-29 08:45:41,791 [aeaf91a4-7b36-452e-90c9-b2e74ddba1a8:group-91D68ABEE7C8:LeaderElection40] INFO  impl.LeaderElection (LeaderElection.java:askForVotes(181)) - aeaf91a4-7b36-452e-90c9-b2e74ddba1a8:group-91D68ABEE7C8:LeaderElection40: begin an election at term 1 for -1: [aeaf91a4-7b36-452e-90c9-b2e74ddba1a8:192.168.157.194:41794], old=null
2019-08-29 08:45:41,791 [75ccd8a6-06da-4259-a20c-b7736bd9bda0:group-658FE73EBB8E:LeaderElection44] INFO  impl.LeaderElection (LeaderElection.java:askForVotes(181)) - 75ccd8a6-06da-4259-a20c-b7736bd9bda0:group-658FE73EBB8E:LeaderElection44: begin an election at term 1 for -1: [75ccd8a6-06da-4259-a20c-b7736bd9bda0:192.168.157.194:33470], old=null
2019-08-29 08:45:41,792 [aeaf91a4-7b36-452e-90c9-b2e74ddba1a8:group-91D68ABEE7C8:LeaderElection40] INFO  impl.RoleInfo (RoleInfo.java:shutdownLeaderElection(134)) - aeaf91a4-7b36-452e-90c9-b2e74ddba1a8: shutdown LeaderElection
2019-08-29 08:45:41,792 [94988375-8e84-4aa9-97e8-8e5d754fbb51:group-832A939584E8:LeaderElection42] INFO  impl.RoleInfo (RoleInfo.java:shutdownLeaderElection(134)) - 94988375-8e84-4aa9-97e8-8e5d754fbb51: shutdown LeaderElection
2019-08-29 08:45:41,792 [94988375-8e84-4aa9-97e8-8e5d754fbb51:group-832A939584E8:LeaderElection42] INFO  impl.RaftServerImpl (RaftServerImpl.java:setRole(171)) - 94988375-8e84-4aa9-97e8-8e5d754fbb51:group-832A939584E8 changes role from CANDIDATE to LEADER at term 1 for changeToLeader
2019-08-29 08:45:41,792 [b6aa82e4-5823-49f6-a34d-d75ec3f4bf0a:group-0ADD4CCD3DD5:LeaderElection39] INFO  impl.RoleInfo (RoleInfo.java:shutdownLeaderElection(134)) - b6aa82e4-5823-49f6-a34d-d75ec3f4bf0a: shutdown LeaderElection
2019-08-29 08:45:41,791 [beb647cc-dc8a-44df-94ce-0366e8d6be6e:group-1D905CC20791:LeaderElection41] INFO  impl.RaftServerImpl (RaftServerImpl.java:setRole(171)) - beb647cc-dc8a-44df-94ce-0366e8d6be6e:group-1D905CC20791 changes role from CANDIDATE to LEADER at term 1 for changeToLeader
2019-08-29 08:45:41,793 [beb647cc-dc8a-44df-94ce-0366e8d6be6e:group-1D905CC20791:LeaderElection41] INFO  impl.RaftServerImpl (ServerState.java:setLeader(263)) - beb647cc-dc8a-44df-94ce-0366e8d6be6e:group-1D905CC20791 change Leader from null to beb647cc-dc8a-44df-94ce-0366e8d6be6e at term 1 for becomeLeader, leader elected after 1214ms
2019-08-29 08:45:41,791 [main] INFO  rpc.RpcClient (RpcClient.java:createBucket(432)) - Creating Bucket: datanodefailurehandlingtest/datanodefailurehandlingtest, with Versioning false and Storage Type set to DISK and Encryption set to false 
2019-08-29 08:45:41,793 [beb647cc-dc8a-44df-94ce-0366e8d6be6e:group-1D905CC20791:LeaderElection41] INFO  server.RaftServerConfigKeys (ConfUtils.java:logGet(43)) - raft.server.staging.catchup.gap = 1000 (default)
2019-08-29 08:45:41,793 [beb647cc-dc8a-44df-94ce-0366e8d6be6e:group-1D905CC20791:LeaderElection41] INFO  server.RaftServerConfigKeys (ConfUtils.java:logGet(43)) - raft.server.rpc.sleep.time = 25ms (default)
2019-08-29 08:45:41,793 [b6aa82e4-5823-49f6-a34d-d75ec3f4bf0a:group-0ADD4CCD3DD5:LeaderElection39] INFO  impl.RaftServerImpl (RaftServerImpl.java:setRole(171)) - b6aa82e4-5823-49f6-a34d-d75ec3f4bf0a:group-0ADD4CCD3DD5 changes role from CANDIDATE to LEADER at term 1 for changeToLeader
2019-08-29 08:45:41,794 [b6aa82e4-5823-49f6-a34d-d75ec3f4bf0a:group-0ADD4CCD3DD5:LeaderElection39] INFO  impl.RaftServerImpl (ServerState.java:setLeader(263)) - b6aa82e4-5823-49f6-a34d-d75ec3f4bf0a:group-0ADD4CCD3DD5 change Leader from null to b6aa82e4-5823-49f6-a34d-d75ec3f4bf0a at term 1 for becomeLeader, leader elected after 1453ms
2019-08-29 08:45:41,794 [b6aa82e4-5823-49f6-a34d-d75ec3f4bf0a:group-0ADD4CCD3DD5:LeaderElection39] INFO  server.RaftServerConfigKeys (ConfUtils.java:logGet(43)) - raft.server.staging.catchup.gap = 1000 (default)
2019-08-29 08:45:41,794 [b6aa82e4-5823-49f6-a34d-d75ec3f4bf0a:group-0ADD4CCD3DD5:LeaderElection39] INFO  server.RaftServerConfigKeys (ConfUtils.java:logGet(43)) - raft.server.rpc.sleep.time = 25ms (default)
2019-08-29 08:45:41,794 [b6aa82e4-5823-49f6-a34d-d75ec3f4bf0a:group-0ADD4CCD3DD5:LeaderElection39] INFO  server.RaftServerConfigKeys (ConfUtils.java:logGet(43)) - raft.server.write.element-limit = 4096 (default)
2019-08-29 08:45:41,792 [94988375-8e84-4aa9-97e8-8e5d754fbb51:group-832A939584E8:LeaderElection42] INFO  impl.RaftServerImpl (ServerState.java:setLeader(263)) - 94988375-8e84-4aa9-97e8-8e5d754fbb51:group-832A939584E8 change Leader from null to 94988375-8e84-4aa9-97e8-8e5d754fbb51 at term 1 for becomeLeader, leader elected after 1311ms
2019-08-29 08:45:41,792 [aeaf91a4-7b36-452e-90c9-b2e74ddba1a8:group-91D68ABEE7C8:LeaderElection40] INFO  impl.RaftServerImpl (RaftServerImpl.java:setRole(171)) - aeaf91a4-7b36-452e-90c9-b2e74ddba1a8:group-91D68ABEE7C8 changes role from CANDIDATE to LEADER at term 1 for changeToLeader
2019-08-29 08:45:41,792 [75ccd8a6-06da-4259-a20c-b7736bd9bda0:group-658FE73EBB8E:LeaderElection44] INFO  impl.RoleInfo (RoleInfo.java:shutdownLeaderElection(134)) - 75ccd8a6-06da-4259-a20c-b7736bd9bda0: shutdown LeaderElection
2019-08-29 08:45:41,795 | INFO  | SCMAudit | user=jenkins1000 | ip=192.168.157.194 | op=SEND_HEARTBEAT {datanodeUUID=d42e1e69-47db-482b-ad03-89cca26a9b49, command=[]} | ret=SUCCESS |  
2019-08-29 08:45:41,795 [aeaf91a4-7b36-452e-90c9-b2e74ddba1a8:group-91D68ABEE7C8:LeaderElection40] INFO  impl.RaftServerImpl (ServerState.java:setLeader(263)) - aeaf91a4-7b36-452e-90c9-b2e74ddba1a8:group-91D68ABEE7C8 change Leader from null to aeaf91a4-7b36-452e-90c9-b2e74ddba1a8 at term 1 for becomeLeader, leader elected after 1260ms
2019-08-29 08:45:41,795 [94988375-8e84-4aa9-97e8-8e5d754fbb51:group-832A939584E8:LeaderElection42] INFO  server.RaftServerConfigKeys (ConfUtils.java:logGet(43)) - raft.server.staging.catchup.gap = 1000 (default)
2019-08-29 08:45:41,795 [b6aa82e4-5823-49f6-a34d-d75ec3f4bf0a:group-0ADD4CCD3DD5:LeaderElection39] INFO  server.RaftServerConfigKeys (ConfUtils.java:logGet(43)) - raft.server.watch.timeout = 10s (default)
2019-08-29 08:45:41,793 [beb647cc-dc8a-44df-94ce-0366e8d6be6e:group-1D905CC20791:LeaderElection41] INFO  server.RaftServerConfigKeys (ConfUtils.java:logGet(43)) - raft.server.write.element-limit = 4096 (default)
2019-08-29 08:45:41,799 [b6aa82e4-5823-49f6-a34d-d75ec3f4bf0a:group-0ADD4CCD3DD5:LeaderElection39] INFO  server.RaftServerConfigKeys (ConfUtils.java:logGet(43)) - raft.server.watch.timeout.denomination = 1s (default)
2019-08-29 08:45:41,795 [94988375-8e84-4aa9-97e8-8e5d754fbb51:group-832A939584E8:LeaderElection42] INFO  server.RaftServerConfigKeys (ConfUtils.java:logGet(43)) - raft.server.rpc.sleep.time = 25ms (default)
2019-08-29 08:45:41,800 | INFO  | OMAudit | user=jenkins1000 | ip=127.0.0.1 | op=CREATE_BUCKET {volume=datanodefailurehandlingtest, bucket=datanodefailurehandlingtest, acls=[user:jenkins1000:a[ACCESS], group:default:a[ACCESS]], isVersionEnabled=false, storageType=DISK, creationTime=0} | ret=SUCCESS |  
2019-08-29 08:45:41,795 [aeaf91a4-7b36-452e-90c9-b2e74ddba1a8:group-91D68ABEE7C8:LeaderElection40] INFO  server.RaftServerConfigKeys (ConfUtils.java:logGet(43)) - raft.server.staging.catchup.gap = 1000 (default)
2019-08-29 08:45:41,795 [75ccd8a6-06da-4259-a20c-b7736bd9bda0:group-658FE73EBB8E:LeaderElection44] INFO  impl.RaftServerImpl (RaftServerImpl.java:setRole(171)) - 75ccd8a6-06da-4259-a20c-b7736bd9bda0:group-658FE73EBB8E changes role from CANDIDATE to LEADER at term 1 for changeToLeader
2019-08-29 08:45:41,800 [aeaf91a4-7b36-452e-90c9-b2e74ddba1a8:group-91D68ABEE7C8:LeaderElection40] INFO  server.RaftServerConfigKeys (ConfUtils.java:logGet(43)) - raft.server.rpc.sleep.time = 25ms (default)
2019-08-29 08:45:41,800 [94988375-8e84-4aa9-97e8-8e5d754fbb51:group-832A939584E8:LeaderElection42] INFO  server.RaftServerConfigKeys (ConfUtils.java:logGet(43)) - raft.server.write.element-limit = 4096 (default)
2019-08-29 08:45:41,800 [b6aa82e4-5823-49f6-a34d-d75ec3f4bf0a:group-0ADD4CCD3DD5:LeaderElection39] INFO  server.RaftServerConfigKeys (ConfUtils.java:logGet(43)) - raft.server.watch.element-limit = 65536 (default)
2019-08-29 08:45:41,799 [beb647cc-dc8a-44df-94ce-0366e8d6be6e:group-1D905CC20791:LeaderElection41] INFO  server.RaftServerConfigKeys (ConfUtils.java:logGet(43)) - raft.server.watch.timeout = 10s (default)
2019-08-29 08:45:41,801 [94988375-8e84-4aa9-97e8-8e5d754fbb51:group-832A939584E8:LeaderElection42] INFO  server.RaftServerConfigKeys (ConfUtils.java:logGet(43)) - raft.server.watch.timeout = 10s (default)
2019-08-29 08:45:41,800 [aeaf91a4-7b36-452e-90c9-b2e74ddba1a8:group-91D68ABEE7C8:LeaderElection40] INFO  server.RaftServerConfigKeys (ConfUtils.java:logGet(43)) - raft.server.write.element-limit = 4096 (default)
2019-08-29 08:45:41,800 [75ccd8a6-06da-4259-a20c-b7736bd9bda0:group-658FE73EBB8E:LeaderElection44] INFO  impl.RaftServerImpl (ServerState.java:setLeader(263)) - 75ccd8a6-06da-4259-a20c-b7736bd9bda0:group-658FE73EBB8E change Leader from null to 75ccd8a6-06da-4259-a20c-b7736bd9bda0 at term 1 for becomeLeader, leader elected after 1160ms
2019-08-29 08:45:41,802 | INFO  | OMAudit | user=jenkins1000 | ip=127.0.0.1 | op=READ_VOLUME {volume=datanodefailurehandlingtest} | ret=SUCCESS |  
2019-08-29 08:45:41,801 [grpc-default-executor-5] INFO  impl.RaftServerImpl (RaftServerImpl.java:setRole(171)) - 691d973f-4ee5-4b71-9c79-714a3e15e6a2:group-144D18612C90 changes role from FOLLOWER to FOLLOWER at term 1 for recognizeCandidate:ead32545-d171-4909-a11e-9b7dde0365ee
2019-08-29 08:45:41,801 [aeaf91a4-7b36-452e-90c9-b2e74ddba1a8:group-91D68ABEE7C8:LeaderElection40] INFO  server.RaftServerConfigKeys (ConfUtils.java:logGet(43)) - raft.server.watch.timeout = 10s (default)
2019-08-29 08:45:41,801 [94988375-8e84-4aa9-97e8-8e5d754fbb51:group-832A939584E8:LeaderElection42] INFO  server.RaftServerConfigKeys (ConfUtils.java:logGet(43)) - raft.server.watch.timeout.denomination = 1s (default)
2019-08-29 08:45:41,801 [b6aa82e4-5823-49f6-a34d-d75ec3f4bf0a:group-0ADD4CCD3DD5:LeaderElection39] INFO  impl.RoleInfo (RoleInfo.java:updateAndGet(143)) - b6aa82e4-5823-49f6-a34d-d75ec3f4bf0a: start LeaderState
2019-08-29 08:45:41,801 [beb647cc-dc8a-44df-94ce-0366e8d6be6e:group-1D905CC20791:LeaderElection41] INFO  server.RaftServerConfigKeys (ConfUtils.java:logGet(43)) - raft.server.watch.timeout.denomination = 1s (default)
2019-08-29 08:45:41,802 [grpc-default-executor-3] INFO  impl.RaftServerImpl (RaftServerImpl.java:setRole(171)) - 4d8418c6-9aaf-413c-a95a-22b3e00264fc:group-144D18612C90 changes role from FOLLOWER to FOLLOWER at term 1 for recognizeCandidate:ead32545-d171-4909-a11e-9b7dde0365ee
2019-08-29 08:45:41,802 [94988375-8e84-4aa9-97e8-8e5d754fbb51:group-832A939584E8:LeaderElection42] INFO  server.RaftServerConfigKeys (ConfUtils.java:logGet(43)) - raft.server.watch.element-limit = 65536 (default)
2019-08-29 08:45:41,802 [aeaf91a4-7b36-452e-90c9-b2e74ddba1a8:group-91D68ABEE7C8:LeaderElection40] INFO  server.RaftServerConfigKeys (ConfUtils.java:logGet(43)) - raft.server.watch.timeout.denomination = 1s (default)
2019-08-29 08:45:41,802 [grpc-default-executor-5] INFO  impl.RoleInfo (RoleInfo.java:shutdownFollowerState(121)) - 691d973f-4ee5-4b71-9c79-714a3e15e6a2: shutdown FollowerState
2019-08-29 08:45:41,802 [75ccd8a6-06da-4259-a20c-b7736bd9bda0:group-658FE73EBB8E:LeaderElection44] INFO  server.RaftServerConfigKeys (ConfUtils.java:logGet(43)) - raft.server.staging.catchup.gap = 1000 (default)
2019-08-29 08:45:41,803 | INFO  | OMAudit | user=jenkins1000 | ip=127.0.0.1 | op=READ_BUCKET {volume=datanodefailurehandlingtest, bucket=datanodefailurehandlingtest} | ret=SUCCESS |  
2019-08-29 08:45:41,803 [Thread-1140] INFO  impl.FollowerState (FollowerState.java:run(114)) - 691d973f-4ee5-4b71-9c79-714a3e15e6a2: FollowerState was interrupted: java.lang.InterruptedException: sleep interrupted
2019-08-29 08:45:41,803 [grpc-default-executor-5] INFO  impl.RoleInfo (RoleInfo.java:updateAndGet(143)) - 691d973f-4ee5-4b71-9c79-714a3e15e6a2: start FollowerState
2019-08-29 08:45:41,803 [aeaf91a4-7b36-452e-90c9-b2e74ddba1a8:group-91D68ABEE7C8:LeaderElection40] INFO  server.RaftServerConfigKeys (ConfUtils.java:logGet(43)) - raft.server.watch.element-limit = 65536 (default)
2019-08-29 08:45:41,803 [94988375-8e84-4aa9-97e8-8e5d754fbb51:group-832A939584E8:LeaderElection42] INFO  impl.RoleInfo (RoleInfo.java:updateAndGet(143)) - 94988375-8e84-4aa9-97e8-8e5d754fbb51: start LeaderState
2019-08-29 08:45:41,803 [grpc-default-executor-3] INFO  impl.RoleInfo (RoleInfo.java:shutdownFollowerState(121)) - 4d8418c6-9aaf-413c-a95a-22b3e00264fc: shutdown FollowerState
2019-08-29 08:45:41,808 [94988375-8e84-4aa9-97e8-8e5d754fbb51:group-832A939584E8:LeaderElection42] INFO  segmented.SegmentedRaftLogWorker (SegmentedRaftLogWorker.java:startLogSegment(380)) - 94988375-8e84-4aa9-97e8-8e5d754fbb51-SegmentedRaftLogWorker:Storage Directory /workdir/hadoop-ozone/integration-test/target/test-dir/MiniOzoneClusterImpl-43bc7ae7-4e66-4855-88e6-16f3e36bad4f/datanode-4/data/ratis/e29990f0-8564-419c-aa3a-832a939584e8: Starting segment from index:0
2019-08-29 08:45:41,803 [b6aa82e4-5823-49f6-a34d-d75ec3f4bf0a:group-0ADD4CCD3DD5:LeaderElection39] INFO  segmented.SegmentedRaftLogWorker (SegmentedRaftLogWorker.java:startLogSegment(380)) - b6aa82e4-5823-49f6-a34d-d75ec3f4bf0a-SegmentedRaftLogWorker:Storage Directory /workdir/hadoop-ozone/integration-test/target/test-dir/MiniOzoneClusterImpl-43bc7ae7-4e66-4855-88e6-16f3e36bad4f/datanode-8/data/ratis/54955165-a55b-4276-a150-0add4ccd3dd5: Starting segment from index:0
2019-08-29 08:45:41,803 [beb647cc-dc8a-44df-94ce-0366e8d6be6e:group-1D905CC20791:LeaderElection41] INFO  server.RaftServerConfigKeys (ConfUtils.java:logGet(43)) - raft.server.watch.element-limit = 65536 (default)
2019-08-29 08:45:41,808 [94988375-8e84-4aa9-97e8-8e5d754fbb51:group-832A939584E8:LeaderElection42] INFO  impl.RaftServerImpl (ServerState.java:setRaftConf(361)) - 94988375-8e84-4aa9-97e8-8e5d754fbb51:group-832A939584E8 set configuration 0: [94988375-8e84-4aa9-97e8-8e5d754fbb51:192.168.157.194:40870], old=null at 0
2019-08-29 08:45:41,808 [Thread-1135] INFO  impl.FollowerState (FollowerState.java:run(114)) - 4d8418c6-9aaf-413c-a95a-22b3e00264fc: FollowerState was interrupted: java.lang.InterruptedException: sleep interrupted
2019-08-29 08:45:41,808 [grpc-default-executor-3] INFO  impl.RoleInfo (RoleInfo.java:updateAndGet(143)) - 4d8418c6-9aaf-413c-a95a-22b3e00264fc: start FollowerState
2019-08-29 08:45:41,807 [aeaf91a4-7b36-452e-90c9-b2e74ddba1a8:group-91D68ABEE7C8:LeaderElection40] INFO  impl.RoleInfo (RoleInfo.java:updateAndGet(143)) - aeaf91a4-7b36-452e-90c9-b2e74ddba1a8: start LeaderState
2019-08-29 08:45:41,804 [75ccd8a6-06da-4259-a20c-b7736bd9bda0:group-658FE73EBB8E:LeaderElection44] INFO  server.RaftServerConfigKeys (ConfUtils.java:logGet(43)) - raft.server.rpc.sleep.time = 25ms (default)
2019-08-29 08:45:41,902 [aeaf91a4-7b36-452e-90c9-b2e74ddba1a8:group-91D68ABEE7C8:LeaderElection40] INFO  segmented.SegmentedRaftLogWorker (SegmentedRaftLogWorker.java:startLogSegment(380)) - aeaf91a4-7b36-452e-90c9-b2e74ddba1a8-SegmentedRaftLogWorker:Storage Directory /workdir/hadoop-ozone/integration-test/target/test-dir/MiniOzoneClusterImpl-43bc7ae7-4e66-4855-88e6-16f3e36bad4f/datanode-9/data/ratis/3b8e1699-1107-482d-89a8-91d68abee7c8: Starting segment from index:0
2019-08-29 08:45:41,902 [b6aa82e4-5823-49f6-a34d-d75ec3f4bf0a-SegmentedRaftLogWorker:Storage Directory /workdir/hadoop-ozone/integration-test/target/test-dir/MiniOzoneClusterImpl-43bc7ae7-4e66-4855-88e6-16f3e36bad4f/datanode-8/data/ratis/54955165-a55b-4276-a150-0add4ccd3dd5] INFO  segmented.SegmentedRaftLogWorker (SegmentedRaftLogWorker.java:execute(569)) - b6aa82e4-5823-49f6-a34d-d75ec3f4bf0a-SegmentedRaftLogWorker:Storage Directory /workdir/hadoop-ozone/integration-test/target/test-dir/MiniOzoneClusterImpl-43bc7ae7-4e66-4855-88e6-16f3e36bad4f/datanode-8/data/ratis/54955165-a55b-4276-a150-0add4ccd3dd5: created new log segment /workdir/hadoop-ozone/integration-test/target/test-dir/MiniOzoneClusterImpl-43bc7ae7-4e66-4855-88e6-16f3e36bad4f/datanode-8/data/ratis/54955165-a55b-4276-a150-0add4ccd3dd5/current/log_inprogress_0
2019-08-29 08:45:41,889 [b6aa82e4-5823-49f6-a34d-d75ec3f4bf0a:group-0ADD4CCD3DD5:LeaderElection39] INFO  impl.RaftServerImpl (ServerState.java:setRaftConf(361)) - b6aa82e4-5823-49f6-a34d-d75ec3f4bf0a:group-0ADD4CCD3DD5 set configuration 0: [b6aa82e4-5823-49f6-a34d-d75ec3f4bf0a:192.168.157.194:39858], old=null at 0
2019-08-29 08:45:41,903 | INFO  | SCMAudit | user=jenkins1000 | ip=192.168.157.194 | op=SEND_HEARTBEAT {datanodeUUID=4d8418c6-9aaf-413c-a95a-22b3e00264fc, command=[]} | ret=SUCCESS |  
2019-08-29 08:45:41,889 [94988375-8e84-4aa9-97e8-8e5d754fbb51-SegmentedRaftLogWorker:Storage Directory /workdir/hadoop-ozone/integration-test/target/test-dir/MiniOzoneClusterImpl-43bc7ae7-4e66-4855-88e6-16f3e36bad4f/datanode-4/data/ratis/e29990f0-8564-419c-aa3a-832a939584e8] INFO  segmented.SegmentedRaftLogWorker (SegmentedRaftLogWorker.java:execute(569)) - 94988375-8e84-4aa9-97e8-8e5d754fbb51-SegmentedRaftLogWorker:Storage Directory /workdir/hadoop-ozone/integration-test/target/test-dir/MiniOzoneClusterImpl-43bc7ae7-4e66-4855-88e6-16f3e36bad4f/datanode-4/data/ratis/e29990f0-8564-419c-aa3a-832a939584e8: created new log segment /workdir/hadoop-ozone/integration-test/target/test-dir/MiniOzoneClusterImpl-43bc7ae7-4e66-4855-88e6-16f3e36bad4f/datanode-4/data/ratis/e29990f0-8564-419c-aa3a-832a939584e8/current/log_inprogress_0
2019-08-29 08:45:41,839 [Thread-1147] INFO  impl.FollowerState (FollowerState.java:run(106)) - b6aa82e4-5823-49f6-a34d-d75ec3f4bf0a:group-655B46E240B2 changes to CANDIDATE, lastRpcTime:1071, electionTimeout:1047ms
2019-08-29 08:45:41,939 [Thread-1147] INFO  impl.RoleInfo (RoleInfo.java:shutdownFollowerState(121)) - b6aa82e4-5823-49f6-a34d-d75ec3f4bf0a: shutdown FollowerState
2019-08-29 08:45:41,839 [Thread-1148] INFO  impl.FollowerState (FollowerState.java:run(106)) - af10c44b-16fa-4c36-b19d-5f1088e11be1:group-655B46E240B2 changes to CANDIDATE, lastRpcTime:1067, electionTimeout:1056ms
2019-08-29 08:45:41,808 [beb647cc-dc8a-44df-94ce-0366e8d6be6e:group-1D905CC20791:LeaderElection41] INFO  impl.RoleInfo (RoleInfo.java:updateAndGet(143)) - beb647cc-dc8a-44df-94ce-0366e8d6be6e: start LeaderState
2019-08-29 08:45:41,939 [Thread-1148] INFO  impl.RoleInfo (RoleInfo.java:shutdownFollowerState(121)) - af10c44b-16fa-4c36-b19d-5f1088e11be1: shutdown FollowerState
2019-08-29 08:45:41,939 [Thread-1147] INFO  impl.RaftServerImpl (RaftServerImpl.java:setRole(171)) - b6aa82e4-5823-49f6-a34d-d75ec3f4bf0a:group-655B46E240B2 changes role from FOLLOWER to CANDIDATE at term 0 for changeToCandidate
2019-08-29 08:45:41,939 [ead32545-d171-4909-a11e-9b7dde0365ee:group-144D18612C90:LeaderElection43] INFO  impl.LeaderElection (LeaderElection.java:logAndReturn(56)) - ead32545-d171-4909-a11e-9b7dde0365ee:group-144D18612C90:LeaderElection43: Election PASSED; received 1 response(s) [ead32545-d171-4909-a11e-9b7dde0365ee<-691d973f-4ee5-4b71-9c79-714a3e15e6a2#0:OK-t1] and 0 exception(s); ead32545-d171-4909-a11e-9b7dde0365ee:t1, leader=null, voted=ead32545-d171-4909-a11e-9b7dde0365ee, raftlog=ead32545-d171-4909-a11e-9b7dde0365ee-SegmentedRaftLog:OPENED:c-1,f-1,i0, conf=-1: [691d973f-4ee5-4b71-9c79-714a3e15e6a2:192.168.157.194:43776, ead32545-d171-4909-a11e-9b7dde0365ee:192.168.157.194:46882, 4d8418c6-9aaf-413c-a95a-22b3e00264fc:192.168.157.194:33119], old=null
2019-08-29 08:45:41,939 [aeaf91a4-7b36-452e-90c9-b2e74ddba1a8:group-91D68ABEE7C8:LeaderElection40] INFO  impl.RaftServerImpl (ServerState.java:setRaftConf(361)) - aeaf91a4-7b36-452e-90c9-b2e74ddba1a8:group-91D68ABEE7C8 set configuration 0: [aeaf91a4-7b36-452e-90c9-b2e74ddba1a8:192.168.157.194:41794], old=null at 0
2019-08-29 08:45:41,902 [75ccd8a6-06da-4259-a20c-b7736bd9bda0:group-658FE73EBB8E:LeaderElection44] INFO  server.RaftServerConfigKeys (ConfUtils.java:logGet(43)) - raft.server.write.element-limit = 4096 (default)
2019-08-29 08:45:41,940 [ead32545-d171-4909-a11e-9b7dde0365ee:group-144D18612C90:LeaderElection43] INFO  impl.RoleInfo (RoleInfo.java:shutdownLeaderElection(134)) - ead32545-d171-4909-a11e-9b7dde0365ee: shutdown LeaderElection
2019-08-29 08:45:41,940 [Thread-1147] INFO  impl.RoleInfo (RoleInfo.java:updateAndGet(143)) - b6aa82e4-5823-49f6-a34d-d75ec3f4bf0a: start LeaderElection
2019-08-29 08:45:41,939 [Thread-1148] INFO  impl.RaftServerImpl (RaftServerImpl.java:setRole(171)) - af10c44b-16fa-4c36-b19d-5f1088e11be1:group-655B46E240B2 changes role from FOLLOWER to CANDIDATE at term 0 for changeToCandidate
2019-08-29 08:45:41,939 [beb647cc-dc8a-44df-94ce-0366e8d6be6e:group-1D905CC20791:LeaderElection41] INFO  segmented.SegmentedRaftLogWorker (SegmentedRaftLogWorker.java:startLogSegment(380)) - beb647cc-dc8a-44df-94ce-0366e8d6be6e-SegmentedRaftLogWorker:Storage Directory /workdir/hadoop-ozone/integration-test/target/test-dir/MiniOzoneClusterImpl-43bc7ae7-4e66-4855-88e6-16f3e36bad4f/datanode-3/data/ratis/8648c358-795a-4980-a6f3-1d905cc20791: Starting segment from index:0
2019-08-29 08:45:41,944 [Thread-1148] INFO  impl.RoleInfo (RoleInfo.java:updateAndGet(143)) - af10c44b-16fa-4c36-b19d-5f1088e11be1: start LeaderElection
2019-08-29 08:45:41,944 [ead32545-d171-4909-a11e-9b7dde0365ee:group-144D18612C90:LeaderElection43] INFO  impl.RaftServerImpl (RaftServerImpl.java:setRole(171)) - ead32545-d171-4909-a11e-9b7dde0365ee:group-144D18612C90 changes role from CANDIDATE to LEADER at term 1 for changeToLeader
2019-08-29 08:45:41,944 [75ccd8a6-06da-4259-a20c-b7736bd9bda0:group-658FE73EBB8E:LeaderElection44] INFO  server.RaftServerConfigKeys (ConfUtils.java:logGet(43)) - raft.server.watch.timeout = 10s (default)
2019-08-29 08:45:41,944 | INFO  | SCMAudit | user=jenkins1000 | ip=192.168.157.194 | op=SEND_HEARTBEAT {datanodeUUID=beb647cc-dc8a-44df-94ce-0366e8d6be6e, command=[]} | ret=SUCCESS |  
2019-08-29 08:45:41,948 [Thread-1155] INFO  impl.FollowerState (FollowerState.java:run(106)) - 94988375-8e84-4aa9-97e8-8e5d754fbb51:group-5C6A73FB4D0A changes to CANDIDATE, lastRpcTime:1082, electionTimeout:1078ms
2019-08-29 08:45:41,944 [beb647cc-dc8a-44df-94ce-0366e8d6be6e:group-1D905CC20791:LeaderElection41] INFO  impl.RaftServerImpl (ServerState.java:setRaftConf(361)) - beb647cc-dc8a-44df-94ce-0366e8d6be6e:group-1D905CC20791 set configuration 0: [beb647cc-dc8a-44df-94ce-0366e8d6be6e:192.168.157.194:36608], old=null at 0
2019-08-29 08:45:41,949 | INFO  | SCMAudit | user=jenkins1000 | ip=192.168.157.194 | op=ALLOCATE_BLOCK {owner=93bc9f7f-7593-4d13-9434-51384dd2d5ed, size=4194304, type=RATIS, factor=THREE} | ret=SUCCESS |  
2019-08-29 08:45:41,944 [ead32545-d171-4909-a11e-9b7dde0365ee:group-144D18612C90:LeaderElection43] INFO  impl.RaftServerImpl (ServerState.java:setLeader(263)) - ead32545-d171-4909-a11e-9b7dde0365ee:group-144D18612C90 change Leader from null to ead32545-d171-4909-a11e-9b7dde0365ee at term 1 for becomeLeader, leader elected after 1242ms
2019-08-29 08:45:41,988 [Thread-1152] INFO  impl.FollowerState (FollowerState.java:run(106)) - beb647cc-dc8a-44df-94ce-0366e8d6be6e:group-5C6A73FB4D0A changes to CANDIDATE, lastRpcTime:1123, electionTimeout:1084ms
2019-08-29 08:45:41,988 [Thread-1143] INFO  impl.FollowerState (FollowerState.java:run(106)) - d42e1e69-47db-482b-ad03-89cca26a9b49:group-655B46E240B2 changes to CANDIDATE, lastRpcTime:1222, electionTimeout:1187ms
2019-08-29 08:45:41,988 [aeaf91a4-7b36-452e-90c9-b2e74ddba1a8-SegmentedRaftLogWorker:Storage Directory /workdir/hadoop-ozone/integration-test/target/test-dir/MiniOzoneClusterImpl-43bc7ae7-4e66-4855-88e6-16f3e36bad4f/datanode-9/data/ratis/3b8e1699-1107-482d-89a8-91d68abee7c8] INFO  segmented.SegmentedRaftLogWorker (SegmentedRaftLogWorker.java:execute(569)) - aeaf91a4-7b36-452e-90c9-b2e74ddba1a8-SegmentedRaftLogWorker:Storage Directory /workdir/hadoop-ozone/integration-test/target/test-dir/MiniOzoneClusterImpl-43bc7ae7-4e66-4855-88e6-16f3e36bad4f/datanode-9/data/ratis/3b8e1699-1107-482d-89a8-91d68abee7c8: created new log segment /workdir/hadoop-ozone/integration-test/target/test-dir/MiniOzoneClusterImpl-43bc7ae7-4e66-4855-88e6-16f3e36bad4f/datanode-9/data/ratis/3b8e1699-1107-482d-89a8-91d68abee7c8/current/log_inprogress_0
2019-08-29 08:45:41,949 [Thread-1155] INFO  impl.RoleInfo (RoleInfo.java:shutdownFollowerState(121)) - 94988375-8e84-4aa9-97e8-8e5d754fbb51: shutdown FollowerState
2019-08-29 08:45:41,948 [75ccd8a6-06da-4259-a20c-b7736bd9bda0:group-658FE73EBB8E:LeaderElection44] INFO  server.RaftServerConfigKeys (ConfUtils.java:logGet(43)) - raft.server.watch.timeout.denomination = 1s (default)
2019-08-29 08:45:41,991 [Thread-1155] INFO  impl.RaftServerImpl (RaftServerImpl.java:setRole(171)) - 94988375-8e84-4aa9-97e8-8e5d754fbb51:group-5C6A73FB4D0A changes role from FOLLOWER to CANDIDATE at term 0 for changeToCandidate
2019-08-29 08:45:41,991 [Thread-1143] INFO  impl.RoleInfo (RoleInfo.java:shutdownFollowerState(121)) - d42e1e69-47db-482b-ad03-89cca26a9b49: shutdown FollowerState
2019-08-29 08:45:41,991 [Thread-1152] INFO  impl.RoleInfo (RoleInfo.java:shutdownFollowerState(121)) - beb647cc-dc8a-44df-94ce-0366e8d6be6e: shutdown FollowerState
2019-08-29 08:45:41,991 [ead32545-d171-4909-a11e-9b7dde0365ee:group-144D18612C90:LeaderElection43] INFO  server.RaftServerConfigKeys (ConfUtils.java:logGet(43)) - raft.server.staging.catchup.gap = 1000 (default)
2019-08-29 08:45:41,992 [Thread-1152] INFO  impl.RaftServerImpl (RaftServerImpl.java:setRole(171)) - beb647cc-dc8a-44df-94ce-0366e8d6be6e:group-5C6A73FB4D0A changes role from FOLLOWER to CANDIDATE at term 0 for changeToCandidate
2019-08-29 08:45:41,992 [Thread-1143] INFO  impl.RaftServerImpl (RaftServerImpl.java:setRole(171)) - d42e1e69-47db-482b-ad03-89cca26a9b49:group-655B46E240B2 changes role from FOLLOWER to CANDIDATE at term 0 for changeToCandidate
2019-08-29 08:45:41,992 [Thread-1155] INFO  impl.RoleInfo (RoleInfo.java:updateAndGet(143)) - 94988375-8e84-4aa9-97e8-8e5d754fbb51: start LeaderElection
2019-08-29 08:45:41,991 [75ccd8a6-06da-4259-a20c-b7736bd9bda0:group-658FE73EBB8E:LeaderElection44] INFO  server.RaftServerConfigKeys (ConfUtils.java:logGet(43)) - raft.server.watch.element-limit = 65536 (default)
2019-08-29 08:45:41,992 [Thread-1143] INFO  impl.RoleInfo (RoleInfo.java:updateAndGet(143)) - d42e1e69-47db-482b-ad03-89cca26a9b49: start LeaderElection
2019-08-29 08:45:41,992 [Thread-1152] INFO  impl.RoleInfo (RoleInfo.java:updateAndGet(143)) - beb647cc-dc8a-44df-94ce-0366e8d6be6e: start LeaderElection
2019-08-29 08:45:41,992 [75ccd8a6-06da-4259-a20c-b7736bd9bda0:group-658FE73EBB8E:LeaderElection44] INFO  impl.RoleInfo (RoleInfo.java:updateAndGet(143)) - 75ccd8a6-06da-4259-a20c-b7736bd9bda0: start LeaderState
2019-08-29 08:45:41,992 [ead32545-d171-4909-a11e-9b7dde0365ee:group-144D18612C90:LeaderElection43] INFO  server.RaftServerConfigKeys (ConfUtils.java:logGet(43)) - raft.server.rpc.sleep.time = 25ms (default)
2019-08-29 08:45:41,997 [75ccd8a6-06da-4259-a20c-b7736bd9bda0:group-658FE73EBB8E:LeaderElection44] INFO  segmented.SegmentedRaftLogWorker (SegmentedRaftLogWorker.java:startLogSegment(380)) - 75ccd8a6-06da-4259-a20c-b7736bd9bda0-SegmentedRaftLogWorker:Storage Directory /workdir/hadoop-ozone/integration-test/target/test-dir/MiniOzoneClusterImpl-43bc7ae7-4e66-4855-88e6-16f3e36bad4f/datanode-5/data/ratis/7e4f435b-33c3-4de4-bce5-658fe73ebb8e: Starting segment from index:0
2019-08-29 08:45:41,992 | INFO  | OMAudit | user=jenkins1000 | ip=127.0.0.1 | op=ALLOCATE_KEY {volume=datanodefailurehandlingtest, bucket=datanodefailurehandlingtest, key=3a159445-0549-4360-9a2a-13dabc01dc47, dataSize=4194304, replicationType=RATIS, replicationFactor=THREE, keyLocationInfo=null} | ret=SUCCESS |  
2019-08-29 08:45:41,999 [ead32545-d171-4909-a11e-9b7dde0365ee:group-144D18612C90:LeaderElection43] INFO  server.RaftServerConfigKeys (ConfUtils.java:logGet(43)) - raft.server.write.element-limit = 4096 (default)
2019-08-29 08:45:41,999 [ead32545-d171-4909-a11e-9b7dde0365ee:group-144D18612C90:LeaderElection43] INFO  server.RaftServerConfigKeys (ConfUtils.java:logGet(43)) - raft.server.watch.timeout = 10s (default)
2019-08-29 08:45:41,999 [ead32545-d171-4909-a11e-9b7dde0365ee:group-144D18612C90:LeaderElection43] INFO  server.RaftServerConfigKeys (ConfUtils.java:logGet(43)) - raft.server.watch.timeout.denomination = 1s (default)
2019-08-29 08:45:41,999 [ead32545-d171-4909-a11e-9b7dde0365ee:group-144D18612C90:LeaderElection43] INFO  server.RaftServerConfigKeys (ConfUtils.java:logGet(43)) - raft.server.watch.element-limit = 65536 (default)
2019-08-29 08:45:41,999 [75ccd8a6-06da-4259-a20c-b7736bd9bda0:group-658FE73EBB8E:LeaderElection44] INFO  impl.RaftServerImpl (ServerState.java:setRaftConf(361)) - 75ccd8a6-06da-4259-a20c-b7736bd9bda0:group-658FE73EBB8E set configuration 0: [75ccd8a6-06da-4259-a20c-b7736bd9bda0:192.168.157.194:33470], old=null at 0
2019-08-29 08:45:42,000 [ead32545-d171-4909-a11e-9b7dde0365ee:group-144D18612C90:LeaderElection43] INFO  server.RaftServerConfigKeys (ConfUtils.java:logGet(43)) - raft.server.log.appender.snapshot.chunk.size.max = 16MB (=16777216) (default)
2019-08-29 08:45:42,033 [beb647cc-dc8a-44df-94ce-0366e8d6be6e:group-5C6A73FB4D0A:LeaderElection48] INFO  impl.LeaderElection (LeaderElection.java:askForVotes(181)) - beb647cc-dc8a-44df-94ce-0366e8d6be6e:group-5C6A73FB4D0A:LeaderElection48: begin an election at term 1 for -1: [94988375-8e84-4aa9-97e8-8e5d754fbb51:192.168.157.194:40870, aeaf91a4-7b36-452e-90c9-b2e74ddba1a8:192.168.157.194:41794, beb647cc-dc8a-44df-94ce-0366e8d6be6e:192.168.157.194:36608], old=null
2019-08-29 08:45:42,033 [b6aa82e4-5823-49f6-a34d-d75ec3f4bf0a:group-655B46E240B2:LeaderElection45] INFO  impl.LeaderElection (LeaderElection.java:askForVotes(181)) - b6aa82e4-5823-49f6-a34d-d75ec3f4bf0a:group-655B46E240B2:LeaderElection45: begin an election at term 1 for -1: [b6aa82e4-5823-49f6-a34d-d75ec3f4bf0a:192.168.157.194:39858, af10c44b-16fa-4c36-b19d-5f1088e11be1:192.168.157.194:32884, d42e1e69-47db-482b-ad03-89cca26a9b49:192.168.157.194:44267], old=null
2019-08-29 08:45:42,033 [d42e1e69-47db-482b-ad03-89cca26a9b49:group-655B46E240B2:LeaderElection49] INFO  impl.LeaderElection (LeaderElection.java:askForVotes(181)) - d42e1e69-47db-482b-ad03-89cca26a9b49:group-655B46E240B2:LeaderElection49: begin an election at term 1 for -1: [b6aa82e4-5823-49f6-a34d-d75ec3f4bf0a:192.168.157.194:39858, af10c44b-16fa-4c36-b19d-5f1088e11be1:192.168.157.194:32884, d42e1e69-47db-482b-ad03-89cca26a9b49:192.168.157.194:44267], old=null
2019-08-29 08:45:42,033 [af10c44b-16fa-4c36-b19d-5f1088e11be1:group-655B46E240B2:LeaderElection46] INFO  impl.LeaderElection (LeaderElection.java:askForVotes(181)) - af10c44b-16fa-4c36-b19d-5f1088e11be1:group-655B46E240B2:LeaderElection46: begin an election at term 1 for -1: [b6aa82e4-5823-49f6-a34d-d75ec3f4bf0a:192.168.157.194:39858, af10c44b-16fa-4c36-b19d-5f1088e11be1:192.168.157.194:32884, d42e1e69-47db-482b-ad03-89cca26a9b49:192.168.157.194:44267], old=null
2019-08-29 08:45:42,033 [beb647cc-dc8a-44df-94ce-0366e8d6be6e-SegmentedRaftLogWorker:Storage Directory /workdir/hadoop-ozone/integration-test/target/test-dir/MiniOzoneClusterImpl-43bc7ae7-4e66-4855-88e6-16f3e36bad4f/datanode-3/data/ratis/8648c358-795a-4980-a6f3-1d905cc20791] INFO  segmented.SegmentedRaftLogWorker (SegmentedRaftLogWorker.java:execute(569)) - beb647cc-dc8a-44df-94ce-0366e8d6be6e-SegmentedRaftLogWorker:Storage Directory /workdir/hadoop-ozone/integration-test/target/test-dir/MiniOzoneClusterImpl-43bc7ae7-4e66-4855-88e6-16f3e36bad4f/datanode-3/data/ratis/8648c358-795a-4980-a6f3-1d905cc20791: created new log segment /workdir/hadoop-ozone/integration-test/target/test-dir/MiniOzoneClusterImpl-43bc7ae7-4e66-4855-88e6-16f3e36bad4f/datanode-3/data/ratis/8648c358-795a-4980-a6f3-1d905cc20791/current/log_inprogress_0
2019-08-29 08:45:42,033 [ead32545-d171-4909-a11e-9b7dde0365ee:group-144D18612C90:LeaderElection43] INFO  server.RaftServerConfigKeys (ConfUtils.java:logGet(43)) - raft.server.log.appender.buffer.byte-limit = 33554432 (custom)
2019-08-29 08:45:42,034 | INFO  | SCMAudit | user=jenkins1000 | ip=192.168.157.194 | op=SEND_HEARTBEAT {datanodeUUID=94988375-8e84-4aa9-97e8-8e5d754fbb51, command=[]} | ret=SUCCESS |  
2019-08-29 08:45:42,034 [ead32545-d171-4909-a11e-9b7dde0365ee:group-144D18612C90:LeaderElection43] INFO  server.RaftServerConfigKeys (ConfUtils.java:logGet(43)) - raft.server.log.appender.buffer.element-limit = 1 (custom)
2019-08-29 08:45:42,035 [ead32545-d171-4909-a11e-9b7dde0365ee:group-144D18612C90:LeaderElection43] INFO  grpc.GrpcConfigKeys$Server (ConfUtils.java:logGet(43)) - raft.grpc.server.leader.outstanding.appends.max = 128 (default)
2019-08-29 08:45:42,035 [ead32545-d171-4909-a11e-9b7dde0365ee:group-144D18612C90:LeaderElection43] INFO  server.RaftServerConfigKeys (ConfUtils.java:logGet(43)) - raft.server.rpc.request.timeout = 3000ms (default)
2019-08-29 08:45:42,035 [ead32545-d171-4909-a11e-9b7dde0365ee:group-144D18612C90:LeaderElection43] INFO  server.RaftServerConfigKeys (ConfUtils.java:logGet(43)) - raft.server.log.appender.install.snapshot.enabled = false (custom)
2019-08-29 08:45:42,035 [ead32545-d171-4909-a11e-9b7dde0365ee:group-144D18612C90:LeaderElection43] INFO  server.RaftServerConfigKeys (ConfUtils.java:logGet(43)) - raft.server.log.appender.snapshot.chunk.size.max = 16MB (=16777216) (default)
2019-08-29 08:45:42,036 [ead32545-d171-4909-a11e-9b7dde0365ee:group-144D18612C90:LeaderElection43] INFO  server.RaftServerConfigKeys (ConfUtils.java:logGet(43)) - raft.server.log.appender.buffer.byte-limit = 33554432 (custom)
2019-08-29 08:45:42,036 [ead32545-d171-4909-a11e-9b7dde0365ee:group-144D18612C90:LeaderElection43] INFO  server.RaftServerConfigKeys (ConfUtils.java:logGet(43)) - raft.server.log.appender.buffer.element-limit = 1 (custom)
2019-08-29 08:45:42,036 [ead32545-d171-4909-a11e-9b7dde0365ee:group-144D18612C90:LeaderElection43] INFO  grpc.GrpcConfigKeys$Server (ConfUtils.java:logGet(43)) - raft.grpc.server.leader.outstanding.appends.max = 128 (default)
2019-08-29 08:45:42,036 [ead32545-d171-4909-a11e-9b7dde0365ee:group-144D18612C90:LeaderElection43] INFO  server.RaftServerConfigKeys (ConfUtils.java:logGet(43)) - raft.server.rpc.request.timeout = 3000ms (default)
2019-08-29 08:45:42,050 [94988375-8e84-4aa9-97e8-8e5d754fbb51:group-5C6A73FB4D0A:LeaderElection47] INFO  impl.LeaderElection (LeaderElection.java:askForVotes(181)) - 94988375-8e84-4aa9-97e8-8e5d754fbb51:group-5C6A73FB4D0A:LeaderElection47: begin an election at term 1 for -1: [94988375-8e84-4aa9-97e8-8e5d754fbb51:192.168.157.194:40870, aeaf91a4-7b36-452e-90c9-b2e74ddba1a8:192.168.157.194:41794, beb647cc-dc8a-44df-94ce-0366e8d6be6e:192.168.157.194:36608], old=null
2019-08-29 08:45:42,050 [75ccd8a6-06da-4259-a20c-b7736bd9bda0-SegmentedRaftLogWorker:Storage Directory /workdir/hadoop-ozone/integration-test/target/test-dir/MiniOzoneClusterImpl-43bc7ae7-4e66-4855-88e6-16f3e36bad4f/datanode-5/data/ratis/7e4f435b-33c3-4de4-bce5-658fe73ebb8e] INFO  segmented.SegmentedRaftLogWorker (SegmentedRaftLogWorker.java:execute(569)) - 75ccd8a6-06da-4259-a20c-b7736bd9bda0-SegmentedRaftLogWorker:Storage Directory /workdir/hadoop-ozone/integration-test/target/test-dir/MiniOzoneClusterImpl-43bc7ae7-4e66-4855-88e6-16f3e36bad4f/datanode-5/data/ratis/7e4f435b-33c3-4de4-bce5-658fe73ebb8e: created new log segment /workdir/hadoop-ozone/integration-test/target/test-dir/MiniOzoneClusterImpl-43bc7ae7-4e66-4855-88e6-16f3e36bad4f/datanode-5/data/ratis/7e4f435b-33c3-4de4-bce5-658fe73ebb8e/current/log_inprogress_0
2019-08-29 08:45:42,050 [ead32545-d171-4909-a11e-9b7dde0365ee:group-144D18612C90:LeaderElection43] INFO  server.RaftServerConfigKeys (ConfUtils.java:logGet(43)) - raft.server.log.appender.install.snapshot.enabled = false (custom)
2019-08-29 08:45:42,057 [ead32545-d171-4909-a11e-9b7dde0365ee:group-144D18612C90:LeaderElection43] INFO  impl.RoleInfo (RoleInfo.java:updateAndGet(143)) - ead32545-d171-4909-a11e-9b7dde0365ee: start LeaderState
2019-08-29 08:45:42,057 [ead32545-d171-4909-a11e-9b7dde0365ee:group-144D18612C90:LeaderElection43] INFO  segmented.SegmentedRaftLogWorker (SegmentedRaftLogWorker.java:startLogSegment(380)) - ead32545-d171-4909-a11e-9b7dde0365ee-SegmentedRaftLogWorker:Storage Directory /workdir/hadoop-ozone/integration-test/target/test-dir/MiniOzoneClusterImpl-43bc7ae7-4e66-4855-88e6-16f3e36bad4f/datanode-7/data/ratis/cbfa81a5-799f-4263-b232-144d18612c90: Starting segment from index:0
2019-08-29 08:45:42,059 [ead32545-d171-4909-a11e-9b7dde0365ee:group-144D18612C90:LeaderElection43] INFO  impl.RaftServerImpl (ServerState.java:setRaftConf(361)) - ead32545-d171-4909-a11e-9b7dde0365ee:group-144D18612C90 set configuration 0: [691d973f-4ee5-4b71-9c79-714a3e15e6a2:192.168.157.194:43776, ead32545-d171-4909-a11e-9b7dde0365ee:192.168.157.194:46882, 4d8418c6-9aaf-413c-a95a-22b3e00264fc:192.168.157.194:33119], old=null at 0
2019-08-29 08:45:42,085 [Thread-1157] INFO  impl.FollowerState (FollowerState.java:run(106)) - aeaf91a4-7b36-452e-90c9-b2e74ddba1a8:group-5C6A73FB4D0A changes to CANDIDATE, lastRpcTime:1217, electionTimeout:1194ms
2019-08-29 08:45:42,085 [Thread-1157] INFO  impl.RoleInfo (RoleInfo.java:shutdownFollowerState(121)) - aeaf91a4-7b36-452e-90c9-b2e74ddba1a8: shutdown FollowerState
2019-08-29 08:45:42,085 [Thread-1157] INFO  impl.RaftServerImpl (RaftServerImpl.java:setRole(171)) - aeaf91a4-7b36-452e-90c9-b2e74ddba1a8:group-5C6A73FB4D0A changes role from FOLLOWER to CANDIDATE at term 0 for changeToCandidate
2019-08-29 08:45:42,085 [Thread-1157] INFO  impl.RoleInfo (RoleInfo.java:updateAndGet(143)) - aeaf91a4-7b36-452e-90c9-b2e74ddba1a8: start LeaderElection
2019-08-29 08:45:42,086 | INFO  | SCMAudit | user=jenkins1000 | ip=192.168.157.194 | op=SEND_HEARTBEAT {datanodeUUID=75ccd8a6-06da-4259-a20c-b7736bd9bda0, command=[]} | ret=SUCCESS |  
2019-08-29 08:45:42,097 [ead32545-d171-4909-a11e-9b7dde0365ee-SegmentedRaftLogWorker:Storage Directory /workdir/hadoop-ozone/integration-test/target/test-dir/MiniOzoneClusterImpl-43bc7ae7-4e66-4855-88e6-16f3e36bad4f/datanode-7/data/ratis/cbfa81a5-799f-4263-b232-144d18612c90] INFO  segmented.SegmentedRaftLogWorker (SegmentedRaftLogWorker.java:execute(569)) - ead32545-d171-4909-a11e-9b7dde0365ee-SegmentedRaftLogWorker:Storage Directory /workdir/hadoop-ozone/integration-test/target/test-dir/MiniOzoneClusterImpl-43bc7ae7-4e66-4855-88e6-16f3e36bad4f/datanode-7/data/ratis/cbfa81a5-799f-4263-b232-144d18612c90: created new log segment /workdir/hadoop-ozone/integration-test/target/test-dir/MiniOzoneClusterImpl-43bc7ae7-4e66-4855-88e6-16f3e36bad4f/datanode-7/data/ratis/cbfa81a5-799f-4263-b232-144d18612c90/current/log_inprogress_0
2019-08-29 08:45:42,098 [aeaf91a4-7b36-452e-90c9-b2e74ddba1a8:group-5C6A73FB4D0A:LeaderElection50] INFO  impl.LeaderElection (LeaderElection.java:askForVotes(181)) - aeaf91a4-7b36-452e-90c9-b2e74ddba1a8:group-5C6A73FB4D0A:LeaderElection50: begin an election at term 1 for -1: [94988375-8e84-4aa9-97e8-8e5d754fbb51:192.168.157.194:40870, aeaf91a4-7b36-452e-90c9-b2e74ddba1a8:192.168.157.194:41794, beb647cc-dc8a-44df-94ce-0366e8d6be6e:192.168.157.194:36608], old=null
2019-08-29 08:45:42,105 [af10c44b-16fa-4c36-b19d-5f1088e11be1:group-655B46E240B2:LeaderElection46] INFO  impl.LeaderElection (LeaderElection.java:logAndReturn(56)) - af10c44b-16fa-4c36-b19d-5f1088e11be1:group-655B46E240B2:LeaderElection46: Election REJECTED; received 2 response(s) [af10c44b-16fa-4c36-b19d-5f1088e11be1<-b6aa82e4-5823-49f6-a34d-d75ec3f4bf0a#0:FAIL-t1, af10c44b-16fa-4c36-b19d-5f1088e11be1<-d42e1e69-47db-482b-ad03-89cca26a9b49#0:FAIL-t1] and 0 exception(s); af10c44b-16fa-4c36-b19d-5f1088e11be1:t1, leader=null, voted=af10c44b-16fa-4c36-b19d-5f1088e11be1, raftlog=af10c44b-16fa-4c36-b19d-5f1088e11be1-SegmentedRaftLog:OPENED:c-1,f-1,i0, conf=-1: [b6aa82e4-5823-49f6-a34d-d75ec3f4bf0a:192.168.157.194:39858, af10c44b-16fa-4c36-b19d-5f1088e11be1:192.168.157.194:32884, d42e1e69-47db-482b-ad03-89cca26a9b49:192.168.157.194:44267], old=null
2019-08-29 08:45:42,107 [af10c44b-16fa-4c36-b19d-5f1088e11be1:group-655B46E240B2:LeaderElection46] INFO  impl.RaftServerImpl (RaftServerImpl.java:setRole(171)) - af10c44b-16fa-4c36-b19d-5f1088e11be1:group-655B46E240B2 changes role from CANDIDATE to FOLLOWER at term 1 for DISCOVERED_A_NEW_TERM
2019-08-29 08:45:42,107 [af10c44b-16fa-4c36-b19d-5f1088e11be1:group-655B46E240B2:LeaderElection46] INFO  impl.RoleInfo (RoleInfo.java:shutdownLeaderElection(134)) - af10c44b-16fa-4c36-b19d-5f1088e11be1: shutdown LeaderElection
2019-08-29 08:45:42,107 [beb647cc-dc8a-44df-94ce-0366e8d6be6e:group-5C6A73FB4D0A:LeaderElection48] INFO  impl.LeaderElection (LeaderElection.java:logAndReturn(56)) - beb647cc-dc8a-44df-94ce-0366e8d6be6e:group-5C6A73FB4D0A:LeaderElection48: Election REJECTED; received 2 response(s) [beb647cc-dc8a-44df-94ce-0366e8d6be6e<-94988375-8e84-4aa9-97e8-8e5d754fbb51#0:FAIL-t1, beb647cc-dc8a-44df-94ce-0366e8d6be6e<-aeaf91a4-7b36-452e-90c9-b2e74ddba1a8#0:FAIL-t1] and 0 exception(s); beb647cc-dc8a-44df-94ce-0366e8d6be6e:t1, leader=null, voted=beb647cc-dc8a-44df-94ce-0366e8d6be6e, raftlog=beb647cc-dc8a-44df-94ce-0366e8d6be6e-SegmentedRaftLog:OPENED:c-1,f-1,i0, conf=-1: [94988375-8e84-4aa9-97e8-8e5d754fbb51:192.168.157.194:40870, aeaf91a4-7b36-452e-90c9-b2e74ddba1a8:192.168.157.194:41794, beb647cc-dc8a-44df-94ce-0366e8d6be6e:192.168.157.194:36608], old=null
2019-08-29 08:45:42,107 [af10c44b-16fa-4c36-b19d-5f1088e11be1:group-655B46E240B2:LeaderElection46] INFO  impl.RoleInfo (RoleInfo.java:updateAndGet(143)) - af10c44b-16fa-4c36-b19d-5f1088e11be1: start FollowerState
2019-08-29 08:45:42,113 [grpc-default-executor-4] INFO  impl.RaftServerImpl (ServerState.java:setLeader(263)) - 691d973f-4ee5-4b71-9c79-714a3e15e6a2:group-144D18612C90 change Leader from null to ead32545-d171-4909-a11e-9b7dde0365ee at term 1 for appendEntries, leader elected after 1410ms
2019-08-29 08:45:42,109 [beb647cc-dc8a-44df-94ce-0366e8d6be6e:group-5C6A73FB4D0A:LeaderElection48] INFO  impl.RaftServerImpl (RaftServerImpl.java:setRole(171)) - beb647cc-dc8a-44df-94ce-0366e8d6be6e:group-5C6A73FB4D0A changes role from CANDIDATE to FOLLOWER at term 1 for DISCOVERED_A_NEW_TERM
2019-08-29 08:45:42,114 [beb647cc-dc8a-44df-94ce-0366e8d6be6e:group-5C6A73FB4D0A:LeaderElection48] INFO  impl.RoleInfo (RoleInfo.java:shutdownLeaderElection(134)) - beb647cc-dc8a-44df-94ce-0366e8d6be6e: shutdown LeaderElection
2019-08-29 08:45:42,114 [beb647cc-dc8a-44df-94ce-0366e8d6be6e:group-5C6A73FB4D0A:LeaderElection48] INFO  impl.RoleInfo (RoleInfo.java:updateAndGet(143)) - beb647cc-dc8a-44df-94ce-0366e8d6be6e: start FollowerState
2019-08-29 08:45:42,118 [grpc-default-executor-4] INFO  impl.RaftServerImpl (ServerState.java:setLeader(263)) - 4d8418c6-9aaf-413c-a95a-22b3e00264fc:group-144D18612C90 change Leader from null to ead32545-d171-4909-a11e-9b7dde0365ee at term 1 for appendEntries, leader elected after 1415ms
2019-08-29 08:45:42,123 [94988375-8e84-4aa9-97e8-8e5d754fbb51:group-5C6A73FB4D0A:LeaderElection47] INFO  impl.LeaderElection (LeaderElection.java:logAndReturn(56)) - 94988375-8e84-4aa9-97e8-8e5d754fbb51:group-5C6A73FB4D0A:LeaderElection47: Election REJECTED; received 2 response(s) [94988375-8e84-4aa9-97e8-8e5d754fbb51<-aeaf91a4-7b36-452e-90c9-b2e74ddba1a8#0:FAIL-t1, 94988375-8e84-4aa9-97e8-8e5d754fbb51<-beb647cc-dc8a-44df-94ce-0366e8d6be6e#0:FAIL-t1] and 0 exception(s); 94988375-8e84-4aa9-97e8-8e5d754fbb51:t1, leader=null, voted=94988375-8e84-4aa9-97e8-8e5d754fbb51, raftlog=94988375-8e84-4aa9-97e8-8e5d754fbb51-SegmentedRaftLog:OPENED:c-1,f-1,i0, conf=-1: [94988375-8e84-4aa9-97e8-8e5d754fbb51:192.168.157.194:40870, aeaf91a4-7b36-452e-90c9-b2e74ddba1a8:192.168.157.194:41794, beb647cc-dc8a-44df-94ce-0366e8d6be6e:192.168.157.194:36608], old=null
2019-08-29 08:45:42,123 [94988375-8e84-4aa9-97e8-8e5d754fbb51:group-5C6A73FB4D0A:LeaderElection47] INFO  impl.RaftServerImpl (RaftServerImpl.java:setRole(171)) - 94988375-8e84-4aa9-97e8-8e5d754fbb51:group-5C6A73FB4D0A changes role from CANDIDATE to FOLLOWER at term 1 for DISCOVERED_A_NEW_TERM
2019-08-29 08:45:42,123 [94988375-8e84-4aa9-97e8-8e5d754fbb51:group-5C6A73FB4D0A:LeaderElection47] INFO  impl.RoleInfo (RoleInfo.java:shutdownLeaderElection(134)) - 94988375-8e84-4aa9-97e8-8e5d754fbb51: shutdown LeaderElection
2019-08-29 08:45:42,123 [94988375-8e84-4aa9-97e8-8e5d754fbb51:group-5C6A73FB4D0A:LeaderElection47] INFO  impl.RoleInfo (RoleInfo.java:updateAndGet(143)) - 94988375-8e84-4aa9-97e8-8e5d754fbb51: start FollowerState
2019-08-29 08:45:42,128 [b6aa82e4-5823-49f6-a34d-d75ec3f4bf0a:group-655B46E240B2:LeaderElection45] INFO  impl.LeaderElection (LeaderElection.java:logAndReturn(56)) - b6aa82e4-5823-49f6-a34d-d75ec3f4bf0a:group-655B46E240B2:LeaderElection45: Election REJECTED; received 2 response(s) [b6aa82e4-5823-49f6-a34d-d75ec3f4bf0a<-af10c44b-16fa-4c36-b19d-5f1088e11be1#0:FAIL-t1, b6aa82e4-5823-49f6-a34d-d75ec3f4bf0a<-d42e1e69-47db-482b-ad03-89cca26a9b49#0:FAIL-t1] and 0 exception(s); b6aa82e4-5823-49f6-a34d-d75ec3f4bf0a:t1, leader=null, voted=b6aa82e4-5823-49f6-a34d-d75ec3f4bf0a, raftlog=b6aa82e4-5823-49f6-a34d-d75ec3f4bf0a-SegmentedRaftLog:OPENED:c-1,f-1,i0, conf=-1: [b6aa82e4-5823-49f6-a34d-d75ec3f4bf0a:192.168.157.194:39858, af10c44b-16fa-4c36-b19d-5f1088e11be1:192.168.157.194:32884, d42e1e69-47db-482b-ad03-89cca26a9b49:192.168.157.194:44267], old=null
2019-08-29 08:45:42,128 [d42e1e69-47db-482b-ad03-89cca26a9b49:group-655B46E240B2:LeaderElection49] INFO  impl.LeaderElection (LeaderElection.java:logAndReturn(56)) - d42e1e69-47db-482b-ad03-89cca26a9b49:group-655B46E240B2:LeaderElection49: Election REJECTED; received 2 response(s) [d42e1e69-47db-482b-ad03-89cca26a9b49<-b6aa82e4-5823-49f6-a34d-d75ec3f4bf0a#0:FAIL-t1, d42e1e69-47db-482b-ad03-89cca26a9b49<-af10c44b-16fa-4c36-b19d-5f1088e11be1#0:FAIL-t1] and 0 exception(s); d42e1e69-47db-482b-ad03-89cca26a9b49:t1, leader=null, voted=d42e1e69-47db-482b-ad03-89cca26a9b49, raftlog=d42e1e69-47db-482b-ad03-89cca26a9b49-SegmentedRaftLog:OPENED:c-1,f-1,i0, conf=-1: [b6aa82e4-5823-49f6-a34d-d75ec3f4bf0a:192.168.157.194:39858, af10c44b-16fa-4c36-b19d-5f1088e11be1:192.168.157.194:32884, d42e1e69-47db-482b-ad03-89cca26a9b49:192.168.157.194:44267], old=null
2019-08-29 08:45:42,128 [b6aa82e4-5823-49f6-a34d-d75ec3f4bf0a:group-655B46E240B2:LeaderElection45] INFO  impl.RaftServerImpl (RaftServerImpl.java:setRole(171)) - b6aa82e4-5823-49f6-a34d-d75ec3f4bf0a:group-655B46E240B2 changes role from CANDIDATE to FOLLOWER at term 1 for DISCOVERED_A_NEW_TERM
2019-08-29 08:45:42,128 [d42e1e69-47db-482b-ad03-89cca26a9b49:group-655B46E240B2:LeaderElection49] INFO  impl.RaftServerImpl (RaftServerImpl.java:setRole(171)) - d42e1e69-47db-482b-ad03-89cca26a9b49:group-655B46E240B2 changes role from CANDIDATE to FOLLOWER at term 1 for DISCOVERED_A_NEW_TERM
2019-08-29 08:45:42,128 [b6aa82e4-5823-49f6-a34d-d75ec3f4bf0a:group-655B46E240B2:LeaderElection45] INFO  impl.RoleInfo (RoleInfo.java:shutdownLeaderElection(134)) - b6aa82e4-5823-49f6-a34d-d75ec3f4bf0a: shutdown LeaderElection
2019-08-29 08:45:42,128 [d42e1e69-47db-482b-ad03-89cca26a9b49:group-655B46E240B2:LeaderElection49] INFO  impl.RoleInfo (RoleInfo.java:shutdownLeaderElection(134)) - d42e1e69-47db-482b-ad03-89cca26a9b49: shutdown LeaderElection
2019-08-29 08:45:42,131 [grpc-default-executor-2] INFO  impl.RaftServerImpl (ServerState.java:setRaftConf(361)) - 4d8418c6-9aaf-413c-a95a-22b3e00264fc:group-144D18612C90 set configuration 0: [691d973f-4ee5-4b71-9c79-714a3e15e6a2:192.168.157.194:43776, ead32545-d171-4909-a11e-9b7dde0365ee:192.168.157.194:46882, 4d8418c6-9aaf-413c-a95a-22b3e00264fc:192.168.157.194:33119], old=null at 0
2019-08-29 08:45:42,131 [b6aa82e4-5823-49f6-a34d-d75ec3f4bf0a:group-655B46E240B2:LeaderElection45] INFO  impl.RoleInfo (RoleInfo.java:updateAndGet(143)) - b6aa82e4-5823-49f6-a34d-d75ec3f4bf0a: start FollowerState
2019-08-29 08:45:42,131 [grpc-default-executor-2] INFO  segmented.SegmentedRaftLogWorker (SegmentedRaftLogWorker.java:startLogSegment(380)) - 4d8418c6-9aaf-413c-a95a-22b3e00264fc-SegmentedRaftLogWorker:Storage Directory /workdir/hadoop-ozone/integration-test/target/test-dir/MiniOzoneClusterImpl-43bc7ae7-4e66-4855-88e6-16f3e36bad4f/datanode-2/data/ratis/cbfa81a5-799f-4263-b232-144d18612c90: Starting segment from index:0
2019-08-29 08:45:42,131 [grpc-default-executor-3] INFO  impl.RaftServerImpl (ServerState.java:setRaftConf(361)) - 691d973f-4ee5-4b71-9c79-714a3e15e6a2:group-144D18612C90 set configuration 0: [691d973f-4ee5-4b71-9c79-714a3e15e6a2:192.168.157.194:43776, ead32545-d171-4909-a11e-9b7dde0365ee:192.168.157.194:46882, 4d8418c6-9aaf-413c-a95a-22b3e00264fc:192.168.157.194:33119], old=null at 0
2019-08-29 08:45:42,131 [d42e1e69-47db-482b-ad03-89cca26a9b49:group-655B46E240B2:LeaderElection49] INFO  impl.RoleInfo (RoleInfo.java:updateAndGet(143)) - d42e1e69-47db-482b-ad03-89cca26a9b49: start FollowerState
2019-08-29 08:45:42,132 [grpc-default-executor-3] INFO  segmented.SegmentedRaftLogWorker (SegmentedRaftLogWorker.java:startLogSegment(380)) - 691d973f-4ee5-4b71-9c79-714a3e15e6a2-SegmentedRaftLogWorker:Storage Directory /workdir/hadoop-ozone/integration-test/target/test-dir/MiniOzoneClusterImpl-43bc7ae7-4e66-4855-88e6-16f3e36bad4f/datanode-6/data/ratis/cbfa81a5-799f-4263-b232-144d18612c90: Starting segment from index:0
2019-08-29 08:45:42,164 | INFO  | SCMAudit | user=jenkins1000 | ip=192.168.157.194 | op=SEND_HEARTBEAT {datanodeUUID=691d973f-4ee5-4b71-9c79-714a3e15e6a2, command=[]} | ret=SUCCESS |  
2019-08-29 08:45:42,192 [4d8418c6-9aaf-413c-a95a-22b3e00264fc-SegmentedRaftLogWorker:Storage Directory /workdir/hadoop-ozone/integration-test/target/test-dir/MiniOzoneClusterImpl-43bc7ae7-4e66-4855-88e6-16f3e36bad4f/datanode-2/data/ratis/cbfa81a5-799f-4263-b232-144d18612c90] INFO  segmented.SegmentedRaftLogWorker (SegmentedRaftLogWorker.java:execute(569)) - 4d8418c6-9aaf-413c-a95a-22b3e00264fc-SegmentedRaftLogWorker:Storage Directory /workdir/hadoop-ozone/integration-test/target/test-dir/MiniOzoneClusterImpl-43bc7ae7-4e66-4855-88e6-16f3e36bad4f/datanode-2/data/ratis/cbfa81a5-799f-4263-b232-144d18612c90: created new log segment /workdir/hadoop-ozone/integration-test/target/test-dir/MiniOzoneClusterImpl-43bc7ae7-4e66-4855-88e6-16f3e36bad4f/datanode-2/data/ratis/cbfa81a5-799f-4263-b232-144d18612c90/current/log_inprogress_0
2019-08-29 08:45:42,193 [aeaf91a4-7b36-452e-90c9-b2e74ddba1a8:group-5C6A73FB4D0A:LeaderElection50] INFO  impl.LeaderElection (LeaderElection.java:logAndReturn(56)) - aeaf91a4-7b36-452e-90c9-b2e74ddba1a8:group-5C6A73FB4D0A:LeaderElection50: Election REJECTED; received 2 response(s) [aeaf91a4-7b36-452e-90c9-b2e74ddba1a8<-94988375-8e84-4aa9-97e8-8e5d754fbb51#0:FAIL-t1, aeaf91a4-7b36-452e-90c9-b2e74ddba1a8<-beb647cc-dc8a-44df-94ce-0366e8d6be6e#0:FAIL-t1] and 0 exception(s); aeaf91a4-7b36-452e-90c9-b2e74ddba1a8:t1, leader=null, voted=aeaf91a4-7b36-452e-90c9-b2e74ddba1a8, raftlog=aeaf91a4-7b36-452e-90c9-b2e74ddba1a8-SegmentedRaftLog:OPENED:c-1,f-1,i0, conf=-1: [94988375-8e84-4aa9-97e8-8e5d754fbb51:192.168.157.194:40870, aeaf91a4-7b36-452e-90c9-b2e74ddba1a8:192.168.157.194:41794, beb647cc-dc8a-44df-94ce-0366e8d6be6e:192.168.157.194:36608], old=null
2019-08-29 08:45:42,193 [aeaf91a4-7b36-452e-90c9-b2e74ddba1a8:group-5C6A73FB4D0A:LeaderElection50] INFO  impl.RaftServerImpl (RaftServerImpl.java:setRole(171)) - aeaf91a4-7b36-452e-90c9-b2e74ddba1a8:group-5C6A73FB4D0A changes role from CANDIDATE to FOLLOWER at term 1 for DISCOVERED_A_NEW_TERM
2019-08-29 08:45:42,193 [aeaf91a4-7b36-452e-90c9-b2e74ddba1a8:group-5C6A73FB4D0A:LeaderElection50] INFO  impl.RoleInfo (RoleInfo.java:shutdownLeaderElection(134)) - aeaf91a4-7b36-452e-90c9-b2e74ddba1a8: shutdown LeaderElection
2019-08-29 08:45:42,193 [aeaf91a4-7b36-452e-90c9-b2e74ddba1a8:group-5C6A73FB4D0A:LeaderElection50] INFO  impl.RoleInfo (RoleInfo.java:updateAndGet(143)) - aeaf91a4-7b36-452e-90c9-b2e74ddba1a8: start FollowerState
2019-08-29 08:45:42,203 [grpc-default-executor-3] INFO  client.GrpcClientProtocolClient (GrpcClientProtocolClient.java:onNext(255)) - client-36F8BFB7C9B7->94988375-8e84-4aa9-97e8-8e5d754fbb51: receive RaftClientReply:client-36F8BFB7C9B7->94988375-8e84-4aa9-97e8-8e5d754fbb51@group-5C6A73FB4D0A, cid=48, FAILED org.apache.ratis.protocol.NotLeaderException: Server 94988375-8e84-4aa9-97e8-8e5d754fbb51 is not the leader (null). Request must be sent to leader., logIndex=0, commits[94988375-8e84-4aa9-97e8-8e5d754fbb51:c-1]
2019-08-29 08:45:42,208 [691d973f-4ee5-4b71-9c79-714a3e15e6a2-SegmentedRaftLogWorker:Storage Directory /workdir/hadoop-ozone/integration-test/target/test-dir/MiniOzoneClusterImpl-43bc7ae7-4e66-4855-88e6-16f3e36bad4f/datanode-6/data/ratis/cbfa81a5-799f-4263-b232-144d18612c90] INFO  segmented.SegmentedRaftLogWorker (SegmentedRaftLogWorker.java:execute(569)) - 691d973f-4ee5-4b71-9c79-714a3e15e6a2-SegmentedRaftLogWorker:Storage Directory /workdir/hadoop-ozone/integration-test/target/test-dir/MiniOzoneClusterImpl-43bc7ae7-4e66-4855-88e6-16f3e36bad4f/datanode-6/data/ratis/cbfa81a5-799f-4263-b232-144d18612c90: created new log segment /workdir/hadoop-ozone/integration-test/target/test-dir/MiniOzoneClusterImpl-43bc7ae7-4e66-4855-88e6-16f3e36bad4f/datanode-6/data/ratis/cbfa81a5-799f-4263-b232-144d18612c90/current/log_inprogress_0
2019-08-29 08:45:42,213 | INFO  | SCMAudit | user=jenkins1000 | ip=192.168.157.194 | op=SEND_HEARTBEAT {datanodeUUID=ead32545-d171-4909-a11e-9b7dde0365ee, command=[]} | ret=SUCCESS |  
2019-08-29 08:45:42,290 | INFO  | SCMAudit | user=jenkins1000 | ip=192.168.157.194 | op=SEND_HEARTBEAT {datanodeUUID=b6aa82e4-5823-49f6-a34d-d75ec3f4bf0a, command=[]} | ret=SUCCESS |  
2019-08-29 08:45:42,404 | INFO  | SCMAudit | user=jenkins1000 | ip=192.168.157.194 | op=SEND_HEARTBEAT {datanodeUUID=aeaf91a4-7b36-452e-90c9-b2e74ddba1a8, command=[]} | ret=SUCCESS |  
2019-08-29 08:45:42,724 | INFO  | SCMAudit | user=jenkins1000 | ip=192.168.157.194 | op=SEND_HEARTBEAT {datanodeUUID=af10c44b-16fa-4c36-b19d-5f1088e11be1, command=[]} | ret=SUCCESS |  
2019-08-29 08:45:42,736 [Thread-1102] INFO  container.ReplicationManager (ReplicationManager.java:start(152)) - Starting Replication Monitor Thread.
2019-08-29 08:45:42,741 [ReplicationMonitor] INFO  container.ReplicationManager (ReplicationManager.java:run(215)) - Replication Monitor Thread took 1 milliseconds for processing 1 containers.
2019-08-29 08:45:42,794 | INFO  | SCMAudit | user=jenkins1000 | ip=192.168.157.194 | op=SEND_HEARTBEAT {datanodeUUID=d42e1e69-47db-482b-ad03-89cca26a9b49, command=[]} | ret=SUCCESS |  
2019-08-29 08:45:42,892 | INFO  | SCMAudit | user=jenkins1000 | ip=192.168.157.194 | op=SEND_HEARTBEAT {datanodeUUID=4d8418c6-9aaf-413c-a95a-22b3e00264fc, command=[]} | ret=SUCCESS |  
2019-08-29 08:45:42,940 | INFO  | SCMAudit | user=jenkins1000 | ip=192.168.157.194 | op=SEND_HEARTBEAT {datanodeUUID=beb647cc-dc8a-44df-94ce-0366e8d6be6e, command=[]} | ret=SUCCESS |  
2019-08-29 08:45:43,035 | INFO  | SCMAudit | user=jenkins1000 | ip=192.168.157.194 | op=SEND_HEARTBEAT {datanodeUUID=94988375-8e84-4aa9-97e8-8e5d754fbb51, command=[]} | ret=SUCCESS |  
2019-08-29 08:45:43,085 | INFO  | SCMAudit | user=jenkins1000 | ip=192.168.157.194 | op=SEND_HEARTBEAT {datanodeUUID=75ccd8a6-06da-4259-a20c-b7736bd9bda0, command=[]} | ret=SUCCESS |  
2019-08-29 08:45:43,163 | INFO  | SCMAudit | user=jenkins1000 | ip=192.168.157.194 | op=SEND_HEARTBEAT {datanodeUUID=691d973f-4ee5-4b71-9c79-714a3e15e6a2, command=[]} | ret=SUCCESS |  
2019-08-29 08:45:43,171 [Thread-1208] INFO  impl.FollowerState (FollowerState.java:run(106)) - af10c44b-16fa-4c36-b19d-5f1088e11be1:group-655B46E240B2 changes to CANDIDATE, lastRpcTime:1063, electionTimeout:1057ms
2019-08-29 08:45:43,171 [Thread-1208] INFO  impl.RoleInfo (RoleInfo.java:shutdownFollowerState(121)) - af10c44b-16fa-4c36-b19d-5f1088e11be1: shutdown FollowerState
2019-08-29 08:45:43,171 [Thread-1208] INFO  impl.RaftServerImpl (RaftServerImpl.java:setRole(171)) - af10c44b-16fa-4c36-b19d-5f1088e11be1:group-655B46E240B2 changes role from FOLLOWER to CANDIDATE at term 1 for changeToCandidate
2019-08-29 08:45:43,171 [Thread-1208] INFO  impl.RoleInfo (RoleInfo.java:updateAndGet(143)) - af10c44b-16fa-4c36-b19d-5f1088e11be1: start LeaderElection
2019-08-29 08:45:43,190 [af10c44b-16fa-4c36-b19d-5f1088e11be1:group-655B46E240B2:LeaderElection51] INFO  impl.LeaderElection (LeaderElection.java:askForVotes(181)) - af10c44b-16fa-4c36-b19d-5f1088e11be1:group-655B46E240B2:LeaderElection51: begin an election at term 2 for -1: [b6aa82e4-5823-49f6-a34d-d75ec3f4bf0a:192.168.157.194:39858, af10c44b-16fa-4c36-b19d-5f1088e11be1:192.168.157.194:32884, d42e1e69-47db-482b-ad03-89cca26a9b49:192.168.157.194:44267], old=null
2019-08-29 08:45:43,193 [grpc-default-executor-3] INFO  impl.RaftServerImpl (RaftServerImpl.java:setRole(171)) - b6aa82e4-5823-49f6-a34d-d75ec3f4bf0a:group-655B46E240B2 changes role from FOLLOWER to FOLLOWER at term 2 for recognizeCandidate:af10c44b-16fa-4c36-b19d-5f1088e11be1
2019-08-29 08:45:43,193 [grpc-default-executor-3] INFO  impl.RoleInfo (RoleInfo.java:shutdownFollowerState(121)) - b6aa82e4-5823-49f6-a34d-d75ec3f4bf0a: shutdown FollowerState
2019-08-29 08:45:43,193 [grpc-default-executor-2] INFO  impl.RaftServerImpl (RaftServerImpl.java:setRole(171)) - d42e1e69-47db-482b-ad03-89cca26a9b49:group-655B46E240B2 changes role from FOLLOWER to FOLLOWER at term 2 for recognizeCandidate:af10c44b-16fa-4c36-b19d-5f1088e11be1
2019-08-29 08:45:43,193 [grpc-default-executor-3] INFO  impl.RoleInfo (RoleInfo.java:updateAndGet(143)) - b6aa82e4-5823-49f6-a34d-d75ec3f4bf0a: start FollowerState
2019-08-29 08:45:43,194 [Thread-1216] INFO  impl.FollowerState (FollowerState.java:run(114)) - b6aa82e4-5823-49f6-a34d-d75ec3f4bf0a: FollowerState was interrupted: java.lang.InterruptedException: sleep interrupted
2019-08-29 08:45:43,194 [grpc-default-executor-2] INFO  impl.RoleInfo (RoleInfo.java:shutdownFollowerState(121)) - d42e1e69-47db-482b-ad03-89cca26a9b49: shutdown FollowerState
2019-08-29 08:45:43,198 [grpc-default-executor-2] INFO  impl.RoleInfo (RoleInfo.java:updateAndGet(143)) - d42e1e69-47db-482b-ad03-89cca26a9b49: start FollowerState
2019-08-29 08:45:43,198 [Thread-1217] INFO  impl.FollowerState (FollowerState.java:run(114)) - d42e1e69-47db-482b-ad03-89cca26a9b49: FollowerState was interrupted: java.lang.InterruptedException: sleep interrupted
2019-08-29 08:45:43,217 | INFO  | SCMAudit | user=jenkins1000 | ip=192.168.157.194 | op=SEND_HEARTBEAT {datanodeUUID=ead32545-d171-4909-a11e-9b7dde0365ee, command=[]} | ret=SUCCESS |  
2019-08-29 08:45:43,217 [af10c44b-16fa-4c36-b19d-5f1088e11be1:group-655B46E240B2:LeaderElection51] INFO  impl.LeaderElection (LeaderElection.java:logAndReturn(56)) - af10c44b-16fa-4c36-b19d-5f1088e11be1:group-655B46E240B2:LeaderElection51: Election PASSED; received 1 response(s) [af10c44b-16fa-4c36-b19d-5f1088e11be1<-d42e1e69-47db-482b-ad03-89cca26a9b49#0:OK-t2] and 0 exception(s); af10c44b-16fa-4c36-b19d-5f1088e11be1:t2, leader=null, voted=af10c44b-16fa-4c36-b19d-5f1088e11be1, raftlog=af10c44b-16fa-4c36-b19d-5f1088e11be1-SegmentedRaftLog:OPENED:c-1,f-1,i0, conf=-1: [b6aa82e4-5823-49f6-a34d-d75ec3f4bf0a:192.168.157.194:39858, af10c44b-16fa-4c36-b19d-5f1088e11be1:192.168.157.194:32884, d42e1e69-47db-482b-ad03-89cca26a9b49:192.168.157.194:44267], old=null
2019-08-29 08:45:43,218 [af10c44b-16fa-4c36-b19d-5f1088e11be1:group-655B46E240B2:LeaderElection51] INFO  impl.RoleInfo (RoleInfo.java:shutdownLeaderElection(134)) - af10c44b-16fa-4c36-b19d-5f1088e11be1: shutdown LeaderElection
2019-08-29 08:45:43,218 [af10c44b-16fa-4c36-b19d-5f1088e11be1:group-655B46E240B2:LeaderElection51] INFO  impl.RaftServerImpl (RaftServerImpl.java:setRole(171)) - af10c44b-16fa-4c36-b19d-5f1088e11be1:group-655B46E240B2 changes role from CANDIDATE to LEADER at term 2 for changeToLeader
2019-08-29 08:45:43,218 [af10c44b-16fa-4c36-b19d-5f1088e11be1:group-655B46E240B2:LeaderElection51] INFO  impl.RaftServerImpl (ServerState.java:setLeader(263)) - af10c44b-16fa-4c36-b19d-5f1088e11be1:group-655B46E240B2 change Leader from null to af10c44b-16fa-4c36-b19d-5f1088e11be1 at term 2 for becomeLeader, leader elected after 2458ms
2019-08-29 08:45:43,218 [af10c44b-16fa-4c36-b19d-5f1088e11be1:group-655B46E240B2:LeaderElection51] INFO  server.RaftServerConfigKeys (ConfUtils.java:logGet(43)) - raft.server.staging.catchup.gap = 1000 (default)
2019-08-29 08:45:43,218 [af10c44b-16fa-4c36-b19d-5f1088e11be1:group-655B46E240B2:LeaderElection51] INFO  server.RaftServerConfigKeys (ConfUtils.java:logGet(43)) - raft.server.rpc.sleep.time = 25ms (default)
2019-08-29 08:45:43,218 [af10c44b-16fa-4c36-b19d-5f1088e11be1:group-655B46E240B2:LeaderElection51] INFO  server.RaftServerConfigKeys (ConfUtils.java:logGet(43)) - raft.server.write.element-limit = 4096 (default)
2019-08-29 08:45:43,219 [af10c44b-16fa-4c36-b19d-5f1088e11be1:group-655B46E240B2:LeaderElection51] INFO  server.RaftServerConfigKeys (ConfUtils.java:logGet(43)) - raft.server.watch.timeout = 10s (default)
2019-08-29 08:45:43,219 [af10c44b-16fa-4c36-b19d-5f1088e11be1:group-655B46E240B2:LeaderElection51] INFO  server.RaftServerConfigKeys (ConfUtils.java:logGet(43)) - raft.server.watch.timeout.denomination = 1s (default)
2019-08-29 08:45:43,219 [af10c44b-16fa-4c36-b19d-5f1088e11be1:group-655B46E240B2:LeaderElection51] INFO  server.RaftServerConfigKeys (ConfUtils.java:logGet(43)) - raft.server.watch.element-limit = 65536 (default)
2019-08-29 08:45:43,219 [af10c44b-16fa-4c36-b19d-5f1088e11be1:group-655B46E240B2:LeaderElection51] INFO  server.RaftServerConfigKeys (ConfUtils.java:logGet(43)) - raft.server.log.appender.snapshot.chunk.size.max = 16MB (=16777216) (default)
2019-08-29 08:45:43,220 [af10c44b-16fa-4c36-b19d-5f1088e11be1:group-655B46E240B2:LeaderElection51] INFO  server.RaftServerConfigKeys (ConfUtils.java:logGet(43)) - raft.server.log.appender.buffer.byte-limit = 33554432 (custom)
2019-08-29 08:45:43,223 [af10c44b-16fa-4c36-b19d-5f1088e11be1:group-655B46E240B2:LeaderElection51] INFO  server.RaftServerConfigKeys (ConfUtils.java:logGet(43)) - raft.server.log.appender.buffer.element-limit = 1 (custom)
2019-08-29 08:45:43,223 [af10c44b-16fa-4c36-b19d-5f1088e11be1:group-655B46E240B2:LeaderElection51] INFO  grpc.GrpcConfigKeys$Server (ConfUtils.java:logGet(43)) - raft.grpc.server.leader.outstanding.appends.max = 128 (default)
2019-08-29 08:45:43,223 [af10c44b-16fa-4c36-b19d-5f1088e11be1:group-655B46E240B2:LeaderElection51] INFO  server.RaftServerConfigKeys (ConfUtils.java:logGet(43)) - raft.server.rpc.request.timeout = 3000ms (default)
2019-08-29 08:45:43,223 [af10c44b-16fa-4c36-b19d-5f1088e11be1:group-655B46E240B2:LeaderElection51] INFO  server.RaftServerConfigKeys (ConfUtils.java:logGet(43)) - raft.server.log.appender.install.snapshot.enabled = false (custom)
2019-08-29 08:45:43,223 [af10c44b-16fa-4c36-b19d-5f1088e11be1:group-655B46E240B2:LeaderElection51] INFO  server.RaftServerConfigKeys (ConfUtils.java:logGet(43)) - raft.server.log.appender.snapshot.chunk.size.max = 16MB (=16777216) (default)
2019-08-29 08:45:43,223 [af10c44b-16fa-4c36-b19d-5f1088e11be1:group-655B46E240B2:LeaderElection51] INFO  server.RaftServerConfigKeys (ConfUtils.java:logGet(43)) - raft.server.log.appender.buffer.byte-limit = 33554432 (custom)
2019-08-29 08:45:43,224 [af10c44b-16fa-4c36-b19d-5f1088e11be1:group-655B46E240B2:LeaderElection51] INFO  server.RaftServerConfigKeys (ConfUtils.java:logGet(43)) - raft.server.log.appender.buffer.element-limit = 1 (custom)
2019-08-29 08:45:43,224 [af10c44b-16fa-4c36-b19d-5f1088e11be1:group-655B46E240B2:LeaderElection51] INFO  grpc.GrpcConfigKeys$Server (ConfUtils.java:logGet(43)) - raft.grpc.server.leader.outstanding.appends.max = 128 (default)
2019-08-29 08:45:43,224 [af10c44b-16fa-4c36-b19d-5f1088e11be1:group-655B46E240B2:LeaderElection51] INFO  server.RaftServerConfigKeys (ConfUtils.java:logGet(43)) - raft.server.rpc.request.timeout = 3000ms (default)
2019-08-29 08:45:43,224 [af10c44b-16fa-4c36-b19d-5f1088e11be1:group-655B46E240B2:LeaderElection51] INFO  server.RaftServerConfigKeys (ConfUtils.java:logGet(43)) - raft.server.log.appender.install.snapshot.enabled = false (custom)
2019-08-29 08:45:43,224 [af10c44b-16fa-4c36-b19d-5f1088e11be1:group-655B46E240B2:LeaderElection51] INFO  impl.RoleInfo (RoleInfo.java:updateAndGet(143)) - af10c44b-16fa-4c36-b19d-5f1088e11be1: start LeaderState
2019-08-29 08:45:43,224 [af10c44b-16fa-4c36-b19d-5f1088e11be1:group-655B46E240B2:LeaderElection51] INFO  segmented.SegmentedRaftLogWorker (SegmentedRaftLogWorker.java:startLogSegment(380)) - af10c44b-16fa-4c36-b19d-5f1088e11be1-SegmentedRaftLogWorker:Storage Directory /workdir/hadoop-ozone/integration-test/target/test-dir/MiniOzoneClusterImpl-43bc7ae7-4e66-4855-88e6-16f3e36bad4f/datanode-0/data/ratis/52ca8880-1f24-4e87-a4d8-655b46e240b2: Starting segment from index:0
2019-08-29 08:45:43,225 [af10c44b-16fa-4c36-b19d-5f1088e11be1:group-655B46E240B2:LeaderElection51] INFO  impl.RaftServerImpl (ServerState.java:setRaftConf(361)) - af10c44b-16fa-4c36-b19d-5f1088e11be1:group-655B46E240B2 set configuration 0: [b6aa82e4-5823-49f6-a34d-d75ec3f4bf0a:192.168.157.194:39858, af10c44b-16fa-4c36-b19d-5f1088e11be1:192.168.157.194:32884, d42e1e69-47db-482b-ad03-89cca26a9b49:192.168.157.194:44267], old=null at 0
2019-08-29 08:45:43,227 [grpc-default-executor-3] INFO  impl.RaftServerImpl (ServerState.java:setLeader(263)) - d42e1e69-47db-482b-ad03-89cca26a9b49:group-655B46E240B2 change Leader from null to af10c44b-16fa-4c36-b19d-5f1088e11be1 at term 2 for appendEntries, leader elected after 2467ms
2019-08-29 08:45:43,227 [grpc-default-executor-4] INFO  impl.RaftServerImpl (ServerState.java:setLeader(263)) - b6aa82e4-5823-49f6-a34d-d75ec3f4bf0a:group-655B46E240B2 change Leader from null to af10c44b-16fa-4c36-b19d-5f1088e11be1 at term 2 for appendEntries, leader elected after 2467ms
2019-08-29 08:45:43,262 [grpc-default-executor-4] INFO  client.GrpcClientProtocolClient (GrpcClientProtocolClient.java:onNext(255)) - client-36F8BFB7C9B7->aeaf91a4-7b36-452e-90c9-b2e74ddba1a8: receive RaftClientReply:client-36F8BFB7C9B7->aeaf91a4-7b36-452e-90c9-b2e74ddba1a8@group-5C6A73FB4D0A, cid=48, FAILED org.apache.ratis.protocol.NotLeaderException: Server aeaf91a4-7b36-452e-90c9-b2e74ddba1a8 is not the leader (null). Request must be sent to leader., logIndex=0, commits[aeaf91a4-7b36-452e-90c9-b2e74ddba1a8:c-1]
2019-08-29 08:45:43,265 [Thread-1212] INFO  impl.FollowerState (FollowerState.java:run(106)) - beb647cc-dc8a-44df-94ce-0366e8d6be6e:group-5C6A73FB4D0A changes to CANDIDATE, lastRpcTime:1151, electionTimeout:1146ms
2019-08-29 08:45:43,268 [grpc-default-executor-7] INFO  impl.RaftServerImpl (ServerState.java:setRaftConf(361)) - d42e1e69-47db-482b-ad03-89cca26a9b49:group-655B46E240B2 set configuration 0: [b6aa82e4-5823-49f6-a34d-d75ec3f4bf0a:192.168.157.194:39858, af10c44b-16fa-4c36-b19d-5f1088e11be1:192.168.157.194:32884, d42e1e69-47db-482b-ad03-89cca26a9b49:192.168.157.194:44267], old=null at 0
2019-08-29 08:45:43,268 [Thread-1212] INFO  impl.RoleInfo (RoleInfo.java:shutdownFollowerState(121)) - beb647cc-dc8a-44df-94ce-0366e8d6be6e: shutdown FollowerState
2019-08-29 08:45:43,268 [grpc-default-executor-3] INFO  impl.RaftServerImpl (ServerState.java:setRaftConf(361)) - b6aa82e4-5823-49f6-a34d-d75ec3f4bf0a:group-655B46E240B2 set configuration 0: [b6aa82e4-5823-49f6-a34d-d75ec3f4bf0a:192.168.157.194:39858, af10c44b-16fa-4c36-b19d-5f1088e11be1:192.168.157.194:32884, d42e1e69-47db-482b-ad03-89cca26a9b49:192.168.157.194:44267], old=null at 0
2019-08-29 08:45:43,268 [grpc-default-executor-7] INFO  segmented.SegmentedRaftLogWorker (SegmentedRaftLogWorker.java:startLogSegment(380)) - d42e1e69-47db-482b-ad03-89cca26a9b49-SegmentedRaftLogWorker:Storage Directory /workdir/hadoop-ozone/integration-test/target/test-dir/MiniOzoneClusterImpl-43bc7ae7-4e66-4855-88e6-16f3e36bad4f/datanode-1/data/ratis/52ca8880-1f24-4e87-a4d8-655b46e240b2: Starting segment from index:0
2019-08-29 08:45:43,270 [grpc-default-executor-3] INFO  segmented.SegmentedRaftLogWorker (SegmentedRaftLogWorker.java:startLogSegment(380)) - b6aa82e4-5823-49f6-a34d-d75ec3f4bf0a-SegmentedRaftLogWorker:Storage Directory /workdir/hadoop-ozone/integration-test/target/test-dir/MiniOzoneClusterImpl-43bc7ae7-4e66-4855-88e6-16f3e36bad4f/datanode-8/data/ratis/52ca8880-1f24-4e87-a4d8-655b46e240b2: Starting segment from index:0
2019-08-29 08:45:43,270 [Thread-1212] INFO  impl.RaftServerImpl (RaftServerImpl.java:setRole(171)) - beb647cc-dc8a-44df-94ce-0366e8d6be6e:group-5C6A73FB4D0A changes role from FOLLOWER to CANDIDATE at term 1 for changeToCandidate
2019-08-29 08:45:43,271 [Thread-1212] INFO  impl.RoleInfo (RoleInfo.java:updateAndGet(143)) - beb647cc-dc8a-44df-94ce-0366e8d6be6e: start LeaderElection
2019-08-29 08:45:43,303 [af10c44b-16fa-4c36-b19d-5f1088e11be1-SegmentedRaftLogWorker:Storage Directory /workdir/hadoop-ozone/integration-test/target/test-dir/MiniOzoneClusterImpl-43bc7ae7-4e66-4855-88e6-16f3e36bad4f/datanode-0/data/ratis/52ca8880-1f24-4e87-a4d8-655b46e240b2] INFO  segmented.SegmentedRaftLogWorker (SegmentedRaftLogWorker.java:execute(569)) - af10c44b-16fa-4c36-b19d-5f1088e11be1-SegmentedRaftLogWorker:Storage Directory /workdir/hadoop-ozone/integration-test/target/test-dir/MiniOzoneClusterImpl-43bc7ae7-4e66-4855-88e6-16f3e36bad4f/datanode-0/data/ratis/52ca8880-1f24-4e87-a4d8-655b46e240b2: created new log segment /workdir/hadoop-ozone/integration-test/target/test-dir/MiniOzoneClusterImpl-43bc7ae7-4e66-4855-88e6-16f3e36bad4f/datanode-0/data/ratis/52ca8880-1f24-4e87-a4d8-655b46e240b2/current/log_inprogress_0
2019-08-29 08:45:43,304 | INFO  | SCMAudit | user=jenkins1000 | ip=192.168.157.194 | op=SEND_HEARTBEAT {datanodeUUID=b6aa82e4-5823-49f6-a34d-d75ec3f4bf0a, command=[]} | ret=SUCCESS |  
2019-08-29 08:45:43,318 [Thread-1215] INFO  impl.FollowerState (FollowerState.java:run(106)) - 94988375-8e84-4aa9-97e8-8e5d754fbb51:group-5C6A73FB4D0A changes to CANDIDATE, lastRpcTime:1194, electionTimeout:1192ms
2019-08-29 08:45:43,318 [d42e1e69-47db-482b-ad03-89cca26a9b49-SegmentedRaftLogWorker:Storage Directory /workdir/hadoop-ozone/integration-test/target/test-dir/MiniOzoneClusterImpl-43bc7ae7-4e66-4855-88e6-16f3e36bad4f/datanode-1/data/ratis/52ca8880-1f24-4e87-a4d8-655b46e240b2] INFO  segmented.SegmentedRaftLogWorker (SegmentedRaftLogWorker.java:execute(569)) - d42e1e69-47db-482b-ad03-89cca26a9b49-SegmentedRaftLogWorker:Storage Directory /workdir/hadoop-ozone/integration-test/target/test-dir/MiniOzoneClusterImpl-43bc7ae7-4e66-4855-88e6-16f3e36bad4f/datanode-1/data/ratis/52ca8880-1f24-4e87-a4d8-655b46e240b2: created new log segment /workdir/hadoop-ozone/integration-test/target/test-dir/MiniOzoneClusterImpl-43bc7ae7-4e66-4855-88e6-16f3e36bad4f/datanode-1/data/ratis/52ca8880-1f24-4e87-a4d8-655b46e240b2/current/log_inprogress_0
2019-08-29 08:45:43,318 [beb647cc-dc8a-44df-94ce-0366e8d6be6e:group-5C6A73FB4D0A:LeaderElection52] INFO  impl.LeaderElection (LeaderElection.java:askForVotes(181)) - beb647cc-dc8a-44df-94ce-0366e8d6be6e:group-5C6A73FB4D0A:LeaderElection52: begin an election at term 2 for -1: [94988375-8e84-4aa9-97e8-8e5d754fbb51:192.168.157.194:40870, aeaf91a4-7b36-452e-90c9-b2e74ddba1a8:192.168.157.194:41794, beb647cc-dc8a-44df-94ce-0366e8d6be6e:192.168.157.194:36608], old=null
2019-08-29 08:45:43,318 [Thread-1215] INFO  impl.RoleInfo (RoleInfo.java:shutdownFollowerState(121)) - 94988375-8e84-4aa9-97e8-8e5d754fbb51: shutdown FollowerState
2019-08-29 08:45:43,318 [Thread-1215] INFO  impl.RaftServerImpl (RaftServerImpl.java:setRole(171)) - 94988375-8e84-4aa9-97e8-8e5d754fbb51:group-5C6A73FB4D0A changes role from FOLLOWER to CANDIDATE at term 1 for changeToCandidate
2019-08-29 08:45:43,318 [b6aa82e4-5823-49f6-a34d-d75ec3f4bf0a-SegmentedRaftLogWorker:Storage Directory /workdir/hadoop-ozone/integration-test/target/test-dir/MiniOzoneClusterImpl-43bc7ae7-4e66-4855-88e6-16f3e36bad4f/datanode-8/data/ratis/52ca8880-1f24-4e87-a4d8-655b46e240b2] INFO  segmented.SegmentedRaftLogWorker (SegmentedRaftLogWorker.java:execute(569)) - b6aa82e4-5823-49f6-a34d-d75ec3f4bf0a-SegmentedRaftLogWorker:Storage Directory /workdir/hadoop-ozone/integration-test/target/test-dir/MiniOzoneClusterImpl-43bc7ae7-4e66-4855-88e6-16f3e36bad4f/datanode-8/data/ratis/52ca8880-1f24-4e87-a4d8-655b46e240b2: created new log segment /workdir/hadoop-ozone/integration-test/target/test-dir/MiniOzoneClusterImpl-43bc7ae7-4e66-4855-88e6-16f3e36bad4f/datanode-8/data/ratis/52ca8880-1f24-4e87-a4d8-655b46e240b2/current/log_inprogress_0
2019-08-29 08:45:43,319 [Thread-1215] INFO  impl.RoleInfo (RoleInfo.java:updateAndGet(143)) - 94988375-8e84-4aa9-97e8-8e5d754fbb51: start LeaderElection
2019-08-29 08:45:43,326 [grpc-default-executor-3] INFO  impl.RaftServerImpl (RaftServerImpl.java:setRole(171)) - aeaf91a4-7b36-452e-90c9-b2e74ddba1a8:group-5C6A73FB4D0A changes role from FOLLOWER to FOLLOWER at term 2 for recognizeCandidate:beb647cc-dc8a-44df-94ce-0366e8d6be6e
2019-08-29 08:45:43,326 [grpc-default-executor-3] INFO  impl.RoleInfo (RoleInfo.java:shutdownFollowerState(121)) - aeaf91a4-7b36-452e-90c9-b2e74ddba1a8: shutdown FollowerState
2019-08-29 08:45:43,326 [grpc-default-executor-3] INFO  impl.RoleInfo (RoleInfo.java:updateAndGet(143)) - aeaf91a4-7b36-452e-90c9-b2e74ddba1a8: start FollowerState
2019-08-29 08:45:43,326 [Thread-1218] INFO  impl.FollowerState (FollowerState.java:run(114)) - aeaf91a4-7b36-452e-90c9-b2e74ddba1a8: FollowerState was interrupted: java.lang.InterruptedException: sleep interrupted
2019-08-29 08:45:43,334 [94988375-8e84-4aa9-97e8-8e5d754fbb51:group-5C6A73FB4D0A:LeaderElection53] INFO  impl.LeaderElection (LeaderElection.java:askForVotes(181)) - 94988375-8e84-4aa9-97e8-8e5d754fbb51:group-5C6A73FB4D0A:LeaderElection53: begin an election at term 2 for -1: [94988375-8e84-4aa9-97e8-8e5d754fbb51:192.168.157.194:40870, aeaf91a4-7b36-452e-90c9-b2e74ddba1a8:192.168.157.194:41794, beb647cc-dc8a-44df-94ce-0366e8d6be6e:192.168.157.194:36608], old=null
2019-08-29 08:45:43,337 [94988375-8e84-4aa9-97e8-8e5d754fbb51:group-5C6A73FB4D0A:LeaderElection53] INFO  impl.LeaderElection (LeaderElection.java:logAndReturn(56)) - 94988375-8e84-4aa9-97e8-8e5d754fbb51:group-5C6A73FB4D0A:LeaderElection53: Election REJECTED; received 2 response(s) [94988375-8e84-4aa9-97e8-8e5d754fbb51<-aeaf91a4-7b36-452e-90c9-b2e74ddba1a8#0:FAIL-t2, 94988375-8e84-4aa9-97e8-8e5d754fbb51<-beb647cc-dc8a-44df-94ce-0366e8d6be6e#0:FAIL-t2] and 0 exception(s); 94988375-8e84-4aa9-97e8-8e5d754fbb51:t2, leader=null, voted=94988375-8e84-4aa9-97e8-8e5d754fbb51, raftlog=94988375-8e84-4aa9-97e8-8e5d754fbb51-SegmentedRaftLog:OPENED:c-1,f-1,i0, conf=-1: [94988375-8e84-4aa9-97e8-8e5d754fbb51:192.168.157.194:40870, aeaf91a4-7b36-452e-90c9-b2e74ddba1a8:192.168.157.194:41794, beb647cc-dc8a-44df-94ce-0366e8d6be6e:192.168.157.194:36608], old=null
2019-08-29 08:45:43,337 [beb647cc-dc8a-44df-94ce-0366e8d6be6e:group-5C6A73FB4D0A:LeaderElection52] INFO  impl.LeaderElection (LeaderElection.java:logAndReturn(56)) - beb647cc-dc8a-44df-94ce-0366e8d6be6e:group-5C6A73FB4D0A:LeaderElection52: Election PASSED; received 2 response(s) [beb647cc-dc8a-44df-94ce-0366e8d6be6e<-94988375-8e84-4aa9-97e8-8e5d754fbb51#0:FAIL-t2, beb647cc-dc8a-44df-94ce-0366e8d6be6e<-aeaf91a4-7b36-452e-90c9-b2e74ddba1a8#0:OK-t2] and 0 exception(s); beb647cc-dc8a-44df-94ce-0366e8d6be6e:t2, leader=null, voted=beb647cc-dc8a-44df-94ce-0366e8d6be6e, raftlog=beb647cc-dc8a-44df-94ce-0366e8d6be6e-SegmentedRaftLog:OPENED:c-1,f-1,i0, conf=-1: [94988375-8e84-4aa9-97e8-8e5d754fbb51:192.168.157.194:40870, aeaf91a4-7b36-452e-90c9-b2e74ddba1a8:192.168.157.194:41794, beb647cc-dc8a-44df-94ce-0366e8d6be6e:192.168.157.194:36608], old=null
2019-08-29 08:45:43,337 [94988375-8e84-4aa9-97e8-8e5d754fbb51:group-5C6A73FB4D0A:LeaderElection53] INFO  impl.RaftServerImpl (RaftServerImpl.java:setRole(171)) - 94988375-8e84-4aa9-97e8-8e5d754fbb51:group-5C6A73FB4D0A changes role from CANDIDATE to FOLLOWER at term 2 for DISCOVERED_A_NEW_TERM
2019-08-29 08:45:43,337 [beb647cc-dc8a-44df-94ce-0366e8d6be6e:group-5C6A73FB4D0A:LeaderElection52] INFO  impl.RoleInfo (RoleInfo.java:shutdownLeaderElection(134)) - beb647cc-dc8a-44df-94ce-0366e8d6be6e: shutdown LeaderElection
2019-08-29 08:45:43,337 [94988375-8e84-4aa9-97e8-8e5d754fbb51:group-5C6A73FB4D0A:LeaderElection53] INFO  impl.RoleInfo (RoleInfo.java:shutdownLeaderElection(134)) - 94988375-8e84-4aa9-97e8-8e5d754fbb51: shutdown LeaderElection
2019-08-29 08:45:43,337 [beb647cc-dc8a-44df-94ce-0366e8d6be6e:group-5C6A73FB4D0A:LeaderElection52] INFO  impl.RaftServerImpl (RaftServerImpl.java:setRole(171)) - beb647cc-dc8a-44df-94ce-0366e8d6be6e:group-5C6A73FB4D0A changes role from CANDIDATE to LEADER at term 2 for changeToLeader
2019-08-29 08:45:43,338 [94988375-8e84-4aa9-97e8-8e5d754fbb51:group-5C6A73FB4D0A:LeaderElection53] INFO  impl.RoleInfo (RoleInfo.java:updateAndGet(143)) - 94988375-8e84-4aa9-97e8-8e5d754fbb51: start FollowerState
2019-08-29 08:45:43,338 [beb647cc-dc8a-44df-94ce-0366e8d6be6e:group-5C6A73FB4D0A:LeaderElection52] INFO  impl.RaftServerImpl (ServerState.java:setLeader(263)) - beb647cc-dc8a-44df-94ce-0366e8d6be6e:group-5C6A73FB4D0A change Leader from null to beb647cc-dc8a-44df-94ce-0366e8d6be6e at term 2 for becomeLeader, leader elected after 2481ms
2019-08-29 08:45:43,338 [beb647cc-dc8a-44df-94ce-0366e8d6be6e:group-5C6A73FB4D0A:LeaderElection52] INFO  server.RaftServerConfigKeys (ConfUtils.java:logGet(43)) - raft.server.staging.catchup.gap = 1000 (default)
2019-08-29 08:45:43,338 [beb647cc-dc8a-44df-94ce-0366e8d6be6e:group-5C6A73FB4D0A:LeaderElection52] INFO  server.RaftServerConfigKeys (ConfUtils.java:logGet(43)) - raft.server.rpc.sleep.time = 25ms (default)
2019-08-29 08:45:43,338 [beb647cc-dc8a-44df-94ce-0366e8d6be6e:group-5C6A73FB4D0A:LeaderElection52] INFO  server.RaftServerConfigKeys (ConfUtils.java:logGet(43)) - raft.server.write.element-limit = 4096 (default)
2019-08-29 08:45:43,338 [beb647cc-dc8a-44df-94ce-0366e8d6be6e:group-5C6A73FB4D0A:LeaderElection52] INFO  server.RaftServerConfigKeys (ConfUtils.java:logGet(43)) - raft.server.watch.timeout = 10s (default)
2019-08-29 08:45:43,338 [beb647cc-dc8a-44df-94ce-0366e8d6be6e:group-5C6A73FB4D0A:LeaderElection52] INFO  server.RaftServerConfigKeys (ConfUtils.java:logGet(43)) - raft.server.watch.timeout.denomination = 1s (default)
2019-08-29 08:45:43,338 [beb647cc-dc8a-44df-94ce-0366e8d6be6e:group-5C6A73FB4D0A:LeaderElection52] INFO  server.RaftServerConfigKeys (ConfUtils.java:logGet(43)) - raft.server.watch.element-limit = 65536 (default)
2019-08-29 08:45:43,339 [beb647cc-dc8a-44df-94ce-0366e8d6be6e:group-5C6A73FB4D0A:LeaderElection52] INFO  server.RaftServerConfigKeys (ConfUtils.java:logGet(43)) - raft.server.log.appender.snapshot.chunk.size.max = 16MB (=16777216) (default)
2019-08-29 08:45:43,339 [beb647cc-dc8a-44df-94ce-0366e8d6be6e:group-5C6A73FB4D0A:LeaderElection52] INFO  server.RaftServerConfigKeys (ConfUtils.java:logGet(43)) - raft.server.log.appender.buffer.byte-limit = 33554432 (custom)
2019-08-29 08:45:43,339 [beb647cc-dc8a-44df-94ce-0366e8d6be6e:group-5C6A73FB4D0A:LeaderElection52] INFO  server.RaftServerConfigKeys (ConfUtils.java:logGet(43)) - raft.server.log.appender.buffer.element-limit = 1 (custom)
2019-08-29 08:45:43,339 [beb647cc-dc8a-44df-94ce-0366e8d6be6e:group-5C6A73FB4D0A:LeaderElection52] INFO  grpc.GrpcConfigKeys$Server (ConfUtils.java:logGet(43)) - raft.grpc.server.leader.outstanding.appends.max = 128 (default)
2019-08-29 08:45:43,339 [beb647cc-dc8a-44df-94ce-0366e8d6be6e:group-5C6A73FB4D0A:LeaderElection52] INFO  server.RaftServerConfigKeys (ConfUtils.java:logGet(43)) - raft.server.rpc.request.timeout = 3000ms (default)
2019-08-29 08:45:43,339 [beb647cc-dc8a-44df-94ce-0366e8d6be6e:group-5C6A73FB4D0A:LeaderElection52] INFO  server.RaftServerConfigKeys (ConfUtils.java:logGet(43)) - raft.server.log.appender.install.snapshot.enabled = false (custom)
2019-08-29 08:45:43,339 [beb647cc-dc8a-44df-94ce-0366e8d6be6e:group-5C6A73FB4D0A:LeaderElection52] INFO  server.RaftServerConfigKeys (ConfUtils.java:logGet(43)) - raft.server.log.appender.snapshot.chunk.size.max = 16MB (=16777216) (default)
2019-08-29 08:45:43,340 [beb647cc-dc8a-44df-94ce-0366e8d6be6e:group-5C6A73FB4D0A:LeaderElection52] INFO  server.RaftServerConfigKeys (ConfUtils.java:logGet(43)) - raft.server.log.appender.buffer.byte-limit = 33554432 (custom)
2019-08-29 08:45:43,340 [beb647cc-dc8a-44df-94ce-0366e8d6be6e:group-5C6A73FB4D0A:LeaderElection52] INFO  server.RaftServerConfigKeys (ConfUtils.java:logGet(43)) - raft.server.log.appender.buffer.element-limit = 1 (custom)
2019-08-29 08:45:43,340 [beb647cc-dc8a-44df-94ce-0366e8d6be6e:group-5C6A73FB4D0A:LeaderElection52] INFO  grpc.GrpcConfigKeys$Server (ConfUtils.java:logGet(43)) - raft.grpc.server.leader.outstanding.appends.max = 128 (default)
2019-08-29 08:45:43,340 [beb647cc-dc8a-44df-94ce-0366e8d6be6e:group-5C6A73FB4D0A:LeaderElection52] INFO  server.RaftServerConfigKeys (ConfUtils.java:logGet(43)) - raft.server.rpc.request.timeout = 3000ms (default)
2019-08-29 08:45:43,340 [beb647cc-dc8a-44df-94ce-0366e8d6be6e:group-5C6A73FB4D0A:LeaderElection52] INFO  server.RaftServerConfigKeys (ConfUtils.java:logGet(43)) - raft.server.log.appender.install.snapshot.enabled = false (custom)
2019-08-29 08:45:43,340 [beb647cc-dc8a-44df-94ce-0366e8d6be6e:group-5C6A73FB4D0A:LeaderElection52] INFO  impl.RoleInfo (RoleInfo.java:updateAndGet(143)) - beb647cc-dc8a-44df-94ce-0366e8d6be6e: start LeaderState
2019-08-29 08:45:43,340 [beb647cc-dc8a-44df-94ce-0366e8d6be6e:group-5C6A73FB4D0A:LeaderElection52] INFO  segmented.SegmentedRaftLogWorker (SegmentedRaftLogWorker.java:startLogSegment(380)) - beb647cc-dc8a-44df-94ce-0366e8d6be6e-SegmentedRaftLogWorker:Storage Directory /workdir/hadoop-ozone/integration-test/target/test-dir/MiniOzoneClusterImpl-43bc7ae7-4e66-4855-88e6-16f3e36bad4f/datanode-3/data/ratis/445197ae-c843-4376-ab37-5c6a73fb4d0a: Starting segment from index:0
2019-08-29 08:45:43,341 [beb647cc-dc8a-44df-94ce-0366e8d6be6e:group-5C6A73FB4D0A:LeaderElection52] INFO  impl.RaftServerImpl (ServerState.java:setRaftConf(361)) - beb647cc-dc8a-44df-94ce-0366e8d6be6e:group-5C6A73FB4D0A set configuration 0: [94988375-8e84-4aa9-97e8-8e5d754fbb51:192.168.157.194:40870, aeaf91a4-7b36-452e-90c9-b2e74ddba1a8:192.168.157.194:41794, beb647cc-dc8a-44df-94ce-0366e8d6be6e:192.168.157.194:36608], old=null at 0
2019-08-29 08:45:43,342 [grpc-default-executor-7] INFO  impl.RaftServerImpl (ServerState.java:setLeader(263)) - aeaf91a4-7b36-452e-90c9-b2e74ddba1a8:group-5C6A73FB4D0A change Leader from null to beb647cc-dc8a-44df-94ce-0366e8d6be6e at term 2 for appendEntries, leader elected after 2485ms
2019-08-29 08:45:43,342 [grpc-default-executor-4] INFO  impl.RaftServerImpl (ServerState.java:setLeader(263)) - 94988375-8e84-4aa9-97e8-8e5d754fbb51:group-5C6A73FB4D0A change Leader from null to beb647cc-dc8a-44df-94ce-0366e8d6be6e at term 2 for appendEntries, leader elected after 2485ms
2019-08-29 08:45:43,345 [grpc-default-executor-4] INFO  impl.RaftServerImpl (ServerState.java:setRaftConf(361)) - aeaf91a4-7b36-452e-90c9-b2e74ddba1a8:group-5C6A73FB4D0A set configuration 0: [94988375-8e84-4aa9-97e8-8e5d754fbb51:192.168.157.194:40870, aeaf91a4-7b36-452e-90c9-b2e74ddba1a8:192.168.157.194:41794, beb647cc-dc8a-44df-94ce-0366e8d6be6e:192.168.157.194:36608], old=null at 0
2019-08-29 08:45:43,345 [grpc-default-executor-4] INFO  segmented.SegmentedRaftLogWorker (SegmentedRaftLogWorker.java:startLogSegment(380)) - aeaf91a4-7b36-452e-90c9-b2e74ddba1a8-SegmentedRaftLogWorker:Storage Directory /workdir/hadoop-ozone/integration-test/target/test-dir/MiniOzoneClusterImpl-43bc7ae7-4e66-4855-88e6-16f3e36bad4f/datanode-9/data/ratis/445197ae-c843-4376-ab37-5c6a73fb4d0a: Starting segment from index:0
2019-08-29 08:45:43,345 [grpc-default-executor-7] INFO  impl.RaftServerImpl (ServerState.java:setRaftConf(361)) - 94988375-8e84-4aa9-97e8-8e5d754fbb51:group-5C6A73FB4D0A set configuration 0: [94988375-8e84-4aa9-97e8-8e5d754fbb51:192.168.157.194:40870, aeaf91a4-7b36-452e-90c9-b2e74ddba1a8:192.168.157.194:41794, beb647cc-dc8a-44df-94ce-0366e8d6be6e:192.168.157.194:36608], old=null at 0
2019-08-29 08:45:43,345 [grpc-default-executor-7] INFO  segmented.SegmentedRaftLogWorker (SegmentedRaftLogWorker.java:startLogSegment(380)) - 94988375-8e84-4aa9-97e8-8e5d754fbb51-SegmentedRaftLogWorker:Storage Directory /workdir/hadoop-ozone/integration-test/target/test-dir/MiniOzoneClusterImpl-43bc7ae7-4e66-4855-88e6-16f3e36bad4f/datanode-4/data/ratis/445197ae-c843-4376-ab37-5c6a73fb4d0a: Starting segment from index:0
2019-08-29 08:45:43,380 [beb647cc-dc8a-44df-94ce-0366e8d6be6e-SegmentedRaftLogWorker:Storage Directory /workdir/hadoop-ozone/integration-test/target/test-dir/MiniOzoneClusterImpl-43bc7ae7-4e66-4855-88e6-16f3e36bad4f/datanode-3/data/ratis/445197ae-c843-4376-ab37-5c6a73fb4d0a] INFO  segmented.SegmentedRaftLogWorker (SegmentedRaftLogWorker.java:execute(569)) - beb647cc-dc8a-44df-94ce-0366e8d6be6e-SegmentedRaftLogWorker:Storage Directory /workdir/hadoop-ozone/integration-test/target/test-dir/MiniOzoneClusterImpl-43bc7ae7-4e66-4855-88e6-16f3e36bad4f/datanode-3/data/ratis/445197ae-c843-4376-ab37-5c6a73fb4d0a: created new log segment /workdir/hadoop-ozone/integration-test/target/test-dir/MiniOzoneClusterImpl-43bc7ae7-4e66-4855-88e6-16f3e36bad4f/datanode-3/data/ratis/445197ae-c843-4376-ab37-5c6a73fb4d0a/current/log_inprogress_0
2019-08-29 08:45:43,380 [aeaf91a4-7b36-452e-90c9-b2e74ddba1a8-SegmentedRaftLogWorker:Storage Directory /workdir/hadoop-ozone/integration-test/target/test-dir/MiniOzoneClusterImpl-43bc7ae7-4e66-4855-88e6-16f3e36bad4f/datanode-9/data/ratis/445197ae-c843-4376-ab37-5c6a73fb4d0a] INFO  segmented.SegmentedRaftLogWorker (SegmentedRaftLogWorker.java:execute(569)) - aeaf91a4-7b36-452e-90c9-b2e74ddba1a8-SegmentedRaftLogWorker:Storage Directory /workdir/hadoop-ozone/integration-test/target/test-dir/MiniOzoneClusterImpl-43bc7ae7-4e66-4855-88e6-16f3e36bad4f/datanode-9/data/ratis/445197ae-c843-4376-ab37-5c6a73fb4d0a: created new log segment /workdir/hadoop-ozone/integration-test/target/test-dir/MiniOzoneClusterImpl-43bc7ae7-4e66-4855-88e6-16f3e36bad4f/datanode-9/data/ratis/445197ae-c843-4376-ab37-5c6a73fb4d0a/current/log_inprogress_0
2019-08-29 08:45:43,380 [94988375-8e84-4aa9-97e8-8e5d754fbb51-SegmentedRaftLogWorker:Storage Directory /workdir/hadoop-ozone/integration-test/target/test-dir/MiniOzoneClusterImpl-43bc7ae7-4e66-4855-88e6-16f3e36bad4f/datanode-4/data/ratis/445197ae-c843-4376-ab37-5c6a73fb4d0a] INFO  segmented.SegmentedRaftLogWorker (SegmentedRaftLogWorker.java:execute(569)) - 94988375-8e84-4aa9-97e8-8e5d754fbb51-SegmentedRaftLogWorker:Storage Directory /workdir/hadoop-ozone/integration-test/target/test-dir/MiniOzoneClusterImpl-43bc7ae7-4e66-4855-88e6-16f3e36bad4f/datanode-4/data/ratis/445197ae-c843-4376-ab37-5c6a73fb4d0a: created new log segment /workdir/hadoop-ozone/integration-test/target/test-dir/MiniOzoneClusterImpl-43bc7ae7-4e66-4855-88e6-16f3e36bad4f/datanode-4/data/ratis/445197ae-c843-4376-ab37-5c6a73fb4d0a/current/log_inprogress_0
2019-08-29 08:45:43,405 | INFO  | SCMAudit | user=jenkins1000 | ip=192.168.157.194 | op=SEND_HEARTBEAT {datanodeUUID=aeaf91a4-7b36-452e-90c9-b2e74ddba1a8, command=[]} | ret=SUCCESS |  
2019-08-29 08:45:43,725 | INFO  | SCMAudit | user=jenkins1000 | ip=192.168.157.194 | op=SEND_HEARTBEAT {datanodeUUID=af10c44b-16fa-4c36-b19d-5f1088e11be1, command=[]} | ret=SUCCESS |  
2019-08-29 08:45:43,794 | INFO  | SCMAudit | user=jenkins1000 | ip=192.168.157.194 | op=SEND_HEARTBEAT {datanodeUUID=d42e1e69-47db-482b-ad03-89cca26a9b49, command=[]} | ret=SUCCESS |  
2019-08-29 08:45:43,889 | INFO  | SCMAudit | user=jenkins1000 | ip=192.168.157.194 | op=SEND_HEARTBEAT {datanodeUUID=4d8418c6-9aaf-413c-a95a-22b3e00264fc, command=[]} | ret=SUCCESS |  
2019-08-29 08:45:43,941 | INFO  | SCMAudit | user=jenkins1000 | ip=192.168.157.194 | op=SEND_HEARTBEAT {datanodeUUID=beb647cc-dc8a-44df-94ce-0366e8d6be6e, command=[]} | ret=SUCCESS |  
2019-08-29 08:45:44,036 | INFO  | SCMAudit | user=jenkins1000 | ip=192.168.157.194 | op=SEND_HEARTBEAT {datanodeUUID=94988375-8e84-4aa9-97e8-8e5d754fbb51, command=[]} | ret=SUCCESS |  
2019-08-29 08:45:44,085 | INFO  | SCMAudit | user=jenkins1000 | ip=192.168.157.194 | op=SEND_HEARTBEAT {datanodeUUID=75ccd8a6-06da-4259-a20c-b7736bd9bda0, command=[]} | ret=SUCCESS |  
2019-08-29 08:45:44,163 | INFO  | SCMAudit | user=jenkins1000 | ip=192.168.157.194 | op=SEND_HEARTBEAT {datanodeUUID=691d973f-4ee5-4b71-9c79-714a3e15e6a2, command=[]} | ret=SUCCESS |  
2019-08-29 08:45:44,218 | INFO  | SCMAudit | user=jenkins1000 | ip=192.168.157.194 | op=SEND_HEARTBEAT {datanodeUUID=ead32545-d171-4909-a11e-9b7dde0365ee, command=[]} | ret=SUCCESS |  
2019-08-29 08:45:44,305 | INFO  | SCMAudit | user=jenkins1000 | ip=192.168.157.194 | op=SEND_HEARTBEAT {datanodeUUID=b6aa82e4-5823-49f6-a34d-d75ec3f4bf0a, command=[]} | ret=SUCCESS |  
2019-08-29 08:45:44,405 | INFO  | SCMAudit | user=jenkins1000 | ip=192.168.157.194 | op=SEND_HEARTBEAT {datanodeUUID=aeaf91a4-7b36-452e-90c9-b2e74ddba1a8, command=[]} | ret=SUCCESS |  
2019-08-29 08:45:44,726 | INFO  | SCMAudit | user=jenkins1000 | ip=192.168.157.194 | op=SEND_HEARTBEAT {datanodeUUID=af10c44b-16fa-4c36-b19d-5f1088e11be1, command=[]} | ret=SUCCESS |  
2019-08-29 08:45:44,795 | INFO  | SCMAudit | user=jenkins1000 | ip=192.168.157.194 | op=SEND_HEARTBEAT {datanodeUUID=d42e1e69-47db-482b-ad03-89cca26a9b49, command=[]} | ret=SUCCESS |  
2019-08-29 08:45:44,890 | INFO  | SCMAudit | user=jenkins1000 | ip=192.168.157.194 | op=SEND_HEARTBEAT {datanodeUUID=4d8418c6-9aaf-413c-a95a-22b3e00264fc, command=[]} | ret=SUCCESS |  
2019-08-29 08:45:44,940 | INFO  | SCMAudit | user=jenkins1000 | ip=192.168.157.194 | op=SEND_HEARTBEAT {datanodeUUID=beb647cc-dc8a-44df-94ce-0366e8d6be6e, command=[]} | ret=SUCCESS |  
2019-08-29 08:45:45,035 | INFO  | SCMAudit | user=jenkins1000 | ip=192.168.157.194 | op=SEND_HEARTBEAT {datanodeUUID=94988375-8e84-4aa9-97e8-8e5d754fbb51, command=[]} | ret=SUCCESS |  
2019-08-29 08:45:45,086 | INFO  | SCMAudit | user=jenkins1000 | ip=192.168.157.194 | op=SEND_HEARTBEAT {datanodeUUID=75ccd8a6-06da-4259-a20c-b7736bd9bda0, command=[]} | ret=SUCCESS |  
2019-08-29 08:45:45,168 | INFO  | SCMAudit | user=jenkins1000 | ip=192.168.157.194 | op=SEND_HEARTBEAT {datanodeUUID=691d973f-4ee5-4b71-9c79-714a3e15e6a2, command=[]} | ret=SUCCESS |  
2019-08-29 08:45:45,217 | INFO  | SCMAudit | user=jenkins1000 | ip=192.168.157.194 | op=SEND_HEARTBEAT {datanodeUUID=ead32545-d171-4909-a11e-9b7dde0365ee, command=[]} | ret=SUCCESS |  
2019-08-29 08:45:45,304 | INFO  | SCMAudit | user=jenkins1000 | ip=192.168.157.194 | op=SEND_HEARTBEAT {datanodeUUID=b6aa82e4-5823-49f6-a34d-d75ec3f4bf0a, command=[]} | ret=SUCCESS |  
2019-08-29 08:45:45,404 | INFO  | SCMAudit | user=jenkins1000 | ip=192.168.157.194 | op=SEND_HEARTBEAT {datanodeUUID=aeaf91a4-7b36-452e-90c9-b2e74ddba1a8, command=[]} | ret=SUCCESS |  
2019-08-29 08:45:45,726 | INFO  | SCMAudit | user=jenkins1000 | ip=192.168.157.194 | op=SEND_HEARTBEAT {datanodeUUID=af10c44b-16fa-4c36-b19d-5f1088e11be1, command=[]} | ret=SUCCESS |  
2019-08-29 08:45:45,795 | INFO  | SCMAudit | user=jenkins1000 | ip=192.168.157.194 | op=SEND_HEARTBEAT {datanodeUUID=d42e1e69-47db-482b-ad03-89cca26a9b49, command=[]} | ret=SUCCESS |  
2019-08-29 08:45:45,889 | INFO  | SCMAudit | user=jenkins1000 | ip=192.168.157.194 | op=SEND_HEARTBEAT {datanodeUUID=4d8418c6-9aaf-413c-a95a-22b3e00264fc, command=[]} | ret=SUCCESS |  
2019-08-29 08:45:45,940 | INFO  | SCMAudit | user=jenkins1000 | ip=192.168.157.194 | op=SEND_HEARTBEAT {datanodeUUID=beb647cc-dc8a-44df-94ce-0366e8d6be6e, command=[]} | ret=SUCCESS |  
2019-08-29 08:45:46,035 | INFO  | SCMAudit | user=jenkins1000 | ip=192.168.157.194 | op=SEND_HEARTBEAT {datanodeUUID=94988375-8e84-4aa9-97e8-8e5d754fbb51, command=[]} | ret=SUCCESS |  
2019-08-29 08:45:46,085 | INFO  | SCMAudit | user=jenkins1000 | ip=192.168.157.194 | op=SEND_HEARTBEAT {datanodeUUID=75ccd8a6-06da-4259-a20c-b7736bd9bda0, command=[]} | ret=SUCCESS |  
2019-08-29 08:45:46,164 | INFO  | SCMAudit | user=jenkins1000 | ip=192.168.157.194 | op=SEND_HEARTBEAT {datanodeUUID=691d973f-4ee5-4b71-9c79-714a3e15e6a2, command=[]} | ret=SUCCESS |  
2019-08-29 08:45:46,218 | INFO  | SCMAudit | user=jenkins1000 | ip=192.168.157.194 | op=SEND_HEARTBEAT {datanodeUUID=ead32545-d171-4909-a11e-9b7dde0365ee, command=[]} | ret=SUCCESS |  
2019-08-29 08:45:46,304 | INFO  | SCMAudit | user=jenkins1000 | ip=192.168.157.194 | op=SEND_HEARTBEAT {datanodeUUID=b6aa82e4-5823-49f6-a34d-d75ec3f4bf0a, command=[]} | ret=SUCCESS |  
2019-08-29 08:45:46,404 | INFO  | SCMAudit | user=jenkins1000 | ip=192.168.157.194 | op=SEND_HEARTBEAT {datanodeUUID=aeaf91a4-7b36-452e-90c9-b2e74ddba1a8, command=[]} | ret=SUCCESS |  
2019-08-29 08:45:46,725 | INFO  | SCMAudit | user=jenkins1000 | ip=192.168.157.194 | op=SEND_HEARTBEAT {datanodeUUID=af10c44b-16fa-4c36-b19d-5f1088e11be1, command=[]} | ret=SUCCESS |  
2019-08-29 08:45:46,795 | INFO  | SCMAudit | user=jenkins1000 | ip=192.168.157.194 | op=SEND_HEARTBEAT {datanodeUUID=d42e1e69-47db-482b-ad03-89cca26a9b49, command=[]} | ret=SUCCESS |  
2019-08-29 08:45:46,889 | INFO  | SCMAudit | user=jenkins1000 | ip=192.168.157.194 | op=SEND_HEARTBEAT {datanodeUUID=4d8418c6-9aaf-413c-a95a-22b3e00264fc, command=[]} | ret=SUCCESS |  
2019-08-29 08:45:46,941 | INFO  | SCMAudit | user=jenkins1000 | ip=192.168.157.194 | op=SEND_HEARTBEAT {datanodeUUID=beb647cc-dc8a-44df-94ce-0366e8d6be6e, command=[]} | ret=SUCCESS |  
2019-08-29 08:45:47,035 | INFO  | SCMAudit | user=jenkins1000 | ip=192.168.157.194 | op=SEND_HEARTBEAT {datanodeUUID=94988375-8e84-4aa9-97e8-8e5d754fbb51, command=[]} | ret=SUCCESS |  
2019-08-29 08:45:47,086 | INFO  | SCMAudit | user=jenkins1000 | ip=192.168.157.194 | op=SEND_HEARTBEAT {datanodeUUID=75ccd8a6-06da-4259-a20c-b7736bd9bda0, command=[]} | ret=SUCCESS |  
2019-08-29 08:45:47,164 | INFO  | SCMAudit | user=jenkins1000 | ip=192.168.157.194 | op=SEND_HEARTBEAT {datanodeUUID=691d973f-4ee5-4b71-9c79-714a3e15e6a2, command=[]} | ret=SUCCESS |  
2019-08-29 08:45:47,218 | INFO  | SCMAudit | user=jenkins1000 | ip=192.168.157.194 | op=SEND_HEARTBEAT {datanodeUUID=ead32545-d171-4909-a11e-9b7dde0365ee, command=[]} | ret=SUCCESS |  
2019-08-29 08:45:47,285 [java.util.concurrent.ThreadPoolExecutor$Worker@74408794[State = -1, empty queue]] WARN  server.GrpcLogAppender (GrpcLogAppender.java:timeoutAppendRequest(200)) - GrpcLogAppender(beb647cc-dc8a-44df-94ce-0366e8d6be6e->aeaf91a4-7b36-452e-90c9-b2e74ddba1a8): appendEntries Timeout, request=beb647cc-dc8a-44df-94ce-0366e8d6be6e->aeaf91a4-7b36-452e-90c9-b2e74ddba1a8#3-t2, previous=(t:2, i:0), leaderCommit=0, initializing? false, entries: size=1, first=(t:2, i:1), STATEMACHINELOGENTRY, client-36F8BFB7C9B7, cid=48
2019-08-29 08:45:47,285 [java.util.concurrent.ThreadPoolExecutor$Worker@5fe26cd4[State = -1, empty queue]] WARN  server.GrpcLogAppender (GrpcLogAppender.java:timeoutAppendRequest(200)) - GrpcLogAppender(beb647cc-dc8a-44df-94ce-0366e8d6be6e->94988375-8e84-4aa9-97e8-8e5d754fbb51): appendEntries Timeout, request=beb647cc-dc8a-44df-94ce-0366e8d6be6e->94988375-8e84-4aa9-97e8-8e5d754fbb51#3-t2, previous=(t:2, i:0), leaderCommit=0, initializing? false, entries: size=1, first=(t:2, i:1), STATEMACHINELOGENTRY, client-36F8BFB7C9B7, cid=48
2019-08-29 08:45:47,304 | INFO  | SCMAudit | user=jenkins1000 | ip=192.168.157.194 | op=SEND_HEARTBEAT {datanodeUUID=b6aa82e4-5823-49f6-a34d-d75ec3f4bf0a, command=[]} | ret=SUCCESS |  
2019-08-29 08:45:47,404 | INFO  | SCMAudit | user=jenkins1000 | ip=192.168.157.194 | op=SEND_HEARTBEAT {datanodeUUID=aeaf91a4-7b36-452e-90c9-b2e74ddba1a8, command=[]} | ret=SUCCESS |  
2019-08-29 08:45:47,725 | INFO  | SCMAudit | user=jenkins1000 | ip=192.168.157.194 | op=SEND_HEARTBEAT {datanodeUUID=af10c44b-16fa-4c36-b19d-5f1088e11be1, command=[]} | ret=SUCCESS |  
2019-08-29 08:45:47,785 [java.util.concurrent.ThreadPoolExecutor$Worker@74408794[State = -1, empty queue]] WARN  server.GrpcLogAppender (GrpcLogAppender.java:timeoutAppendRequest(200)) - GrpcLogAppender(beb647cc-dc8a-44df-94ce-0366e8d6be6e->aeaf91a4-7b36-452e-90c9-b2e74ddba1a8): appendEntries Timeout, request=beb647cc-dc8a-44df-94ce-0366e8d6be6e->aeaf91a4-7b36-452e-90c9-b2e74ddba1a8#4-t2, previous=(t:2, i:1), leaderCommit=0, initializing? false, entries: <empty>
2019-08-29 08:45:47,785 [java.util.concurrent.ThreadPoolExecutor$Worker@5fe26cd4[State = -1, empty queue]] WARN  server.GrpcLogAppender (GrpcLogAppender.java:timeoutAppendRequest(200)) - GrpcLogAppender(beb647cc-dc8a-44df-94ce-0366e8d6be6e->94988375-8e84-4aa9-97e8-8e5d754fbb51): appendEntries Timeout, request=beb647cc-dc8a-44df-94ce-0366e8d6be6e->94988375-8e84-4aa9-97e8-8e5d754fbb51#4-t2, previous=(t:2, i:1), leaderCommit=0, initializing? false, entries: <empty>
2019-08-29 08:45:47,795 | INFO  | SCMAudit | user=jenkins1000 | ip=192.168.157.194 | op=SEND_HEARTBEAT {datanodeUUID=d42e1e69-47db-482b-ad03-89cca26a9b49, command=[]} | ret=SUCCESS |  
2019-08-29 08:45:47,890 | INFO  | SCMAudit | user=jenkins1000 | ip=192.168.157.194 | op=SEND_HEARTBEAT {datanodeUUID=4d8418c6-9aaf-413c-a95a-22b3e00264fc, command=[]} | ret=SUCCESS |  
2019-08-29 08:45:47,941 | INFO  | SCMAudit | user=jenkins1000 | ip=192.168.157.194 | op=SEND_HEARTBEAT {datanodeUUID=beb647cc-dc8a-44df-94ce-0366e8d6be6e, command=[]} | ret=SUCCESS |  
2019-08-29 08:45:48,036 | INFO  | SCMAudit | user=jenkins1000 | ip=192.168.157.194 | op=SEND_HEARTBEAT {datanodeUUID=94988375-8e84-4aa9-97e8-8e5d754fbb51, command=[]} | ret=SUCCESS |  
2019-08-29 08:45:48,085 | INFO  | SCMAudit | user=jenkins1000 | ip=192.168.157.194 | op=SEND_HEARTBEAT {datanodeUUID=75ccd8a6-06da-4259-a20c-b7736bd9bda0, command=[]} | ret=SUCCESS |  
2019-08-29 08:45:48,165 | INFO  | SCMAudit | user=jenkins1000 | ip=192.168.157.194 | op=SEND_HEARTBEAT {datanodeUUID=691d973f-4ee5-4b71-9c79-714a3e15e6a2, command=[]} | ret=SUCCESS |  
2019-08-29 08:45:48,219 | INFO  | SCMAudit | user=jenkins1000 | ip=192.168.157.194 | op=SEND_HEARTBEAT {datanodeUUID=ead32545-d171-4909-a11e-9b7dde0365ee, command=[]} | ret=SUCCESS |  
2019-08-29 08:45:48,285 [java.util.concurrent.ThreadPoolExecutor$Worker@74408794[State = -1, empty queue]] WARN  server.GrpcLogAppender (GrpcLogAppender.java:timeoutAppendRequest(200)) - GrpcLogAppender(beb647cc-dc8a-44df-94ce-0366e8d6be6e->aeaf91a4-7b36-452e-90c9-b2e74ddba1a8): appendEntries Timeout, request=beb647cc-dc8a-44df-94ce-0366e8d6be6e->aeaf91a4-7b36-452e-90c9-b2e74ddba1a8#5-t2, previous=(t:2, i:1), leaderCommit=0, initializing? false, entries: <empty>
2019-08-29 08:45:48,285 [java.util.concurrent.ThreadPoolExecutor$Worker@5fe26cd4[State = -1, empty queue]] WARN  server.GrpcLogAppender (GrpcLogAppender.java:timeoutAppendRequest(200)) - GrpcLogAppender(beb647cc-dc8a-44df-94ce-0366e8d6be6e->94988375-8e84-4aa9-97e8-8e5d754fbb51): appendEntries Timeout, request=beb647cc-dc8a-44df-94ce-0366e8d6be6e->94988375-8e84-4aa9-97e8-8e5d754fbb51#5-t2, previous=(t:2, i:1), leaderCommit=0, initializing? false, entries: <empty>
2019-08-29 08:45:48,305 | INFO  | SCMAudit | user=jenkins1000 | ip=192.168.157.194 | op=SEND_HEARTBEAT {datanodeUUID=b6aa82e4-5823-49f6-a34d-d75ec3f4bf0a, command=[]} | ret=SUCCESS |  
2019-08-29 08:45:48,404 | INFO  | SCMAudit | user=jenkins1000 | ip=192.168.157.194 | op=SEND_HEARTBEAT {datanodeUUID=aeaf91a4-7b36-452e-90c9-b2e74ddba1a8, command=[]} | ret=SUCCESS |  
2019-08-29 08:45:48,726 | INFO  | SCMAudit | user=jenkins1000 | ip=192.168.157.194 | op=SEND_HEARTBEAT {datanodeUUID=af10c44b-16fa-4c36-b19d-5f1088e11be1, command=[]} | ret=SUCCESS |  
2019-08-29 08:45:48,786 [java.util.concurrent.ThreadPoolExecutor$Worker@74408794[State = -1, empty queue]] WARN  server.GrpcLogAppender (GrpcLogAppender.java:timeoutAppendRequest(200)) - GrpcLogAppender(beb647cc-dc8a-44df-94ce-0366e8d6be6e->aeaf91a4-7b36-452e-90c9-b2e74ddba1a8): appendEntries Timeout, request=beb647cc-dc8a-44df-94ce-0366e8d6be6e->aeaf91a4-7b36-452e-90c9-b2e74ddba1a8#6-t2, previous=(t:2, i:1), leaderCommit=0, initializing? false, entries: <empty>
2019-08-29 08:45:48,786 [java.util.concurrent.ThreadPoolExecutor$Worker@5fe26cd4[State = -1, empty queue]] WARN  server.GrpcLogAppender (GrpcLogAppender.java:timeoutAppendRequest(200)) - GrpcLogAppender(beb647cc-dc8a-44df-94ce-0366e8d6be6e->94988375-8e84-4aa9-97e8-8e5d754fbb51): appendEntries Timeout, request=beb647cc-dc8a-44df-94ce-0366e8d6be6e->94988375-8e84-4aa9-97e8-8e5d754fbb51#6-t2, previous=(t:2, i:1), leaderCommit=0, initializing? false, entries: <empty>
2019-08-29 08:45:48,795 | INFO  | SCMAudit | user=jenkins1000 | ip=192.168.157.194 | op=SEND_HEARTBEAT {datanodeUUID=d42e1e69-47db-482b-ad03-89cca26a9b49, command=[]} | ret=SUCCESS |  
2019-08-29 08:45:48,889 | INFO  | SCMAudit | user=jenkins1000 | ip=192.168.157.194 | op=SEND_HEARTBEAT {datanodeUUID=4d8418c6-9aaf-413c-a95a-22b3e00264fc, command=[]} | ret=SUCCESS |  
2019-08-29 08:45:48,940 | INFO  | SCMAudit | user=jenkins1000 | ip=192.168.157.194 | op=SEND_HEARTBEAT {datanodeUUID=beb647cc-dc8a-44df-94ce-0366e8d6be6e, command=[]} | ret=SUCCESS |  
2019-08-29 08:45:49,035 | INFO  | SCMAudit | user=jenkins1000 | ip=192.168.157.194 | op=SEND_HEARTBEAT {datanodeUUID=94988375-8e84-4aa9-97e8-8e5d754fbb51, command=[]} | ret=SUCCESS |  
2019-08-29 08:45:49,086 | INFO  | SCMAudit | user=jenkins1000 | ip=192.168.157.194 | op=SEND_HEARTBEAT {datanodeUUID=75ccd8a6-06da-4259-a20c-b7736bd9bda0, command=[]} | ret=SUCCESS |  
2019-08-29 08:45:49,165 | INFO  | SCMAudit | user=jenkins1000 | ip=192.168.157.194 | op=SEND_HEARTBEAT {datanodeUUID=691d973f-4ee5-4b71-9c79-714a3e15e6a2, command=[]} | ret=SUCCESS |  
2019-08-29 08:45:49,219 | INFO  | SCMAudit | user=jenkins1000 | ip=192.168.157.194 | op=SEND_HEARTBEAT {datanodeUUID=ead32545-d171-4909-a11e-9b7dde0365ee, command=[]} | ret=SUCCESS |  
2019-08-29 08:45:49,290 [java.util.concurrent.ThreadPoolExecutor$Worker@5fe26cd4[State = -1, empty queue]] WARN  server.GrpcLogAppender (GrpcLogAppender.java:timeoutAppendRequest(200)) - GrpcLogAppender(beb647cc-dc8a-44df-94ce-0366e8d6be6e->94988375-8e84-4aa9-97e8-8e5d754fbb51): appendEntries Timeout, request=beb647cc-dc8a-44df-94ce-0366e8d6be6e->94988375-8e84-4aa9-97e8-8e5d754fbb51#7-t2, previous=(t:2, i:1), leaderCommit=0, initializing? false, entries: <empty>
2019-08-29 08:45:49,290 [java.util.concurrent.ThreadPoolExecutor$Worker@74408794[State = -1, empty queue]] WARN  server.GrpcLogAppender (GrpcLogAppender.java:timeoutAppendRequest(200)) - GrpcLogAppender(beb647cc-dc8a-44df-94ce-0366e8d6be6e->aeaf91a4-7b36-452e-90c9-b2e74ddba1a8): appendEntries Timeout, request=beb647cc-dc8a-44df-94ce-0366e8d6be6e->aeaf91a4-7b36-452e-90c9-b2e74ddba1a8#7-t2, previous=(t:2, i:1), leaderCommit=0, initializing? false, entries: <empty>
2019-08-29 08:45:49,305 | INFO  | SCMAudit | user=jenkins1000 | ip=192.168.157.194 | op=SEND_HEARTBEAT {datanodeUUID=b6aa82e4-5823-49f6-a34d-d75ec3f4bf0a, command=[]} | ret=SUCCESS |  
2019-08-29 08:45:49,341 [grpc-default-executor-4] INFO  client.GrpcClientProtocolClient (GrpcClientProtocolClient.java:onNext(255)) - client-36F8BFB7C9B7->94988375-8e84-4aa9-97e8-8e5d754fbb51: receive RaftClientReply:client-36F8BFB7C9B7->94988375-8e84-4aa9-97e8-8e5d754fbb51@group-5C6A73FB4D0A, cid=48, FAILED org.apache.ratis.protocol.NotLeaderException: Server 94988375-8e84-4aa9-97e8-8e5d754fbb51 is not the leader (beb647cc-dc8a-44df-94ce-0366e8d6be6e:192.168.157.194:36608). Request must be sent to leader., logIndex=0, commits[94988375-8e84-4aa9-97e8-8e5d754fbb51:c0, aeaf91a4-7b36-452e-90c9-b2e74ddba1a8:c0, beb647cc-dc8a-44df-94ce-0366e8d6be6e:c0]
2019-08-29 08:45:49,405 | INFO  | SCMAudit | user=jenkins1000 | ip=192.168.157.194 | op=SEND_HEARTBEAT {datanodeUUID=aeaf91a4-7b36-452e-90c9-b2e74ddba1a8, command=[]} | ret=SUCCESS |  
2019-08-29 08:45:49,727 | INFO  | SCMAudit | user=jenkins1000 | ip=192.168.157.194 | op=SEND_HEARTBEAT {datanodeUUID=af10c44b-16fa-4c36-b19d-5f1088e11be1, command=[]} | ret=SUCCESS |  
2019-08-29 08:45:49,786 [java.util.concurrent.ThreadPoolExecutor$Worker@5fe26cd4[State = -1, empty queue]] WARN  server.GrpcLogAppender (GrpcLogAppender.java:timeoutAppendRequest(200)) - GrpcLogAppender(beb647cc-dc8a-44df-94ce-0366e8d6be6e->94988375-8e84-4aa9-97e8-8e5d754fbb51): appendEntries Timeout, request=beb647cc-dc8a-44df-94ce-0366e8d6be6e->94988375-8e84-4aa9-97e8-8e5d754fbb51#8-t2, previous=(t:2, i:1), leaderCommit=0, initializing? false, entries: <empty>
2019-08-29 08:45:49,786 [java.util.concurrent.ThreadPoolExecutor$Worker@74408794[State = -1, empty queue]] WARN  server.GrpcLogAppender (GrpcLogAppender.java:timeoutAppendRequest(200)) - GrpcLogAppender(beb647cc-dc8a-44df-94ce-0366e8d6be6e->aeaf91a4-7b36-452e-90c9-b2e74ddba1a8): appendEntries Timeout, request=beb647cc-dc8a-44df-94ce-0366e8d6be6e->aeaf91a4-7b36-452e-90c9-b2e74ddba1a8#8-t2, previous=(t:2, i:1), leaderCommit=0, initializing? false, entries: <empty>
2019-08-29 08:45:49,795 | INFO  | SCMAudit | user=jenkins1000 | ip=192.168.157.194 | op=SEND_HEARTBEAT {datanodeUUID=d42e1e69-47db-482b-ad03-89cca26a9b49, command=[]} | ret=SUCCESS |  
2019-08-29 08:45:49,889 | INFO  | SCMAudit | user=jenkins1000 | ip=192.168.157.194 | op=SEND_HEARTBEAT {datanodeUUID=4d8418c6-9aaf-413c-a95a-22b3e00264fc, command=[]} | ret=SUCCESS |  
2019-08-29 08:45:49,941 | INFO  | SCMAudit | user=jenkins1000 | ip=192.168.157.194 | op=SEND_HEARTBEAT {datanodeUUID=beb647cc-dc8a-44df-94ce-0366e8d6be6e, command=[]} | ret=SUCCESS |  
2019-08-29 08:45:50,036 | INFO  | SCMAudit | user=jenkins1000 | ip=192.168.157.194 | op=SEND_HEARTBEAT {datanodeUUID=94988375-8e84-4aa9-97e8-8e5d754fbb51, command=[]} | ret=SUCCESS |  
2019-08-29 08:45:50,085 | INFO  | SCMAudit | user=jenkins1000 | ip=192.168.157.194 | op=SEND_HEARTBEAT {datanodeUUID=75ccd8a6-06da-4259-a20c-b7736bd9bda0, command=[]} | ret=SUCCESS |  
2019-08-29 08:45:50,165 | INFO  | SCMAudit | user=jenkins1000 | ip=192.168.157.194 | op=SEND_HEARTBEAT {datanodeUUID=691d973f-4ee5-4b71-9c79-714a3e15e6a2, command=[]} | ret=SUCCESS |  
2019-08-29 08:45:50,219 | INFO  | SCMAudit | user=jenkins1000 | ip=192.168.157.194 | op=SEND_HEARTBEAT {datanodeUUID=ead32545-d171-4909-a11e-9b7dde0365ee, command=[]} | ret=SUCCESS |  
2019-08-29 08:45:50,286 [java.util.concurrent.ThreadPoolExecutor$Worker@74408794[State = -1, empty queue]] WARN  server.GrpcLogAppender (GrpcLogAppender.java:timeoutAppendRequest(200)) - GrpcLogAppender(beb647cc-dc8a-44df-94ce-0366e8d6be6e->aeaf91a4-7b36-452e-90c9-b2e74ddba1a8): appendEntries Timeout, request=beb647cc-dc8a-44df-94ce-0366e8d6be6e->aeaf91a4-7b36-452e-90c9-b2e74ddba1a8#9-t2, previous=(t:2, i:1), leaderCommit=0, initializing? false, entries: <empty>
2019-08-29 08:45:50,286 [java.util.concurrent.ThreadPoolExecutor$Worker@5fe26cd4[State = -1, empty queue]] WARN  server.GrpcLogAppender (GrpcLogAppender.java:timeoutAppendRequest(200)) - GrpcLogAppender(beb647cc-dc8a-44df-94ce-0366e8d6be6e->94988375-8e84-4aa9-97e8-8e5d754fbb51): appendEntries Timeout, request=beb647cc-dc8a-44df-94ce-0366e8d6be6e->94988375-8e84-4aa9-97e8-8e5d754fbb51#9-t2, previous=(t:2, i:1), leaderCommit=0, initializing? false, entries: <empty>
2019-08-29 08:45:50,306 | INFO  | SCMAudit | user=jenkins1000 | ip=192.168.157.194 | op=SEND_HEARTBEAT {datanodeUUID=b6aa82e4-5823-49f6-a34d-d75ec3f4bf0a, command=[]} | ret=SUCCESS |  
2019-08-29 08:45:50,404 | INFO  | SCMAudit | user=jenkins1000 | ip=192.168.157.194 | op=SEND_HEARTBEAT {datanodeUUID=aeaf91a4-7b36-452e-90c9-b2e74ddba1a8, command=[]} | ret=SUCCESS |  
2019-08-29 08:45:50,726 | INFO  | SCMAudit | user=jenkins1000 | ip=192.168.157.194 | op=SEND_HEARTBEAT {datanodeUUID=af10c44b-16fa-4c36-b19d-5f1088e11be1, command=[]} | ret=SUCCESS |  
2019-08-29 08:45:50,787 [java.util.concurrent.ThreadPoolExecutor$Worker@74408794[State = -1, empty queue]] WARN  server.GrpcLogAppender (GrpcLogAppender.java:timeoutAppendRequest(200)) - GrpcLogAppender(beb647cc-dc8a-44df-94ce-0366e8d6be6e->aeaf91a4-7b36-452e-90c9-b2e74ddba1a8): appendEntries Timeout, request=beb647cc-dc8a-44df-94ce-0366e8d6be6e->aeaf91a4-7b36-452e-90c9-b2e74ddba1a8#10-t2, previous=(t:2, i:1), leaderCommit=0, initializing? false, entries: <empty>
2019-08-29 08:45:50,787 [java.util.concurrent.ThreadPoolExecutor$Worker@5fe26cd4[State = -1, empty queue]] WARN  server.GrpcLogAppender (GrpcLogAppender.java:timeoutAppendRequest(200)) - GrpcLogAppender(beb647cc-dc8a-44df-94ce-0366e8d6be6e->94988375-8e84-4aa9-97e8-8e5d754fbb51): appendEntries Timeout, request=beb647cc-dc8a-44df-94ce-0366e8d6be6e->94988375-8e84-4aa9-97e8-8e5d754fbb51#10-t2, previous=(t:2, i:1), leaderCommit=0, initializing? false, entries: <empty>
2019-08-29 08:45:50,795 | INFO  | SCMAudit | user=jenkins1000 | ip=192.168.157.194 | op=SEND_HEARTBEAT {datanodeUUID=d42e1e69-47db-482b-ad03-89cca26a9b49, command=[]} | ret=SUCCESS |  
2019-08-29 08:45:50,890 | INFO  | SCMAudit | user=jenkins1000 | ip=192.168.157.194 | op=SEND_HEARTBEAT {datanodeUUID=4d8418c6-9aaf-413c-a95a-22b3e00264fc, command=[]} | ret=SUCCESS |  
2019-08-29 08:45:50,940 | INFO  | SCMAudit | user=jenkins1000 | ip=192.168.157.194 | op=SEND_HEARTBEAT {datanodeUUID=beb647cc-dc8a-44df-94ce-0366e8d6be6e, command=[]} | ret=SUCCESS |  
2019-08-29 08:45:51,035 | INFO  | SCMAudit | user=jenkins1000 | ip=192.168.157.194 | op=SEND_HEARTBEAT {datanodeUUID=94988375-8e84-4aa9-97e8-8e5d754fbb51, command=[]} | ret=SUCCESS |  
2019-08-29 08:45:51,085 | INFO  | SCMAudit | user=jenkins1000 | ip=192.168.157.194 | op=SEND_HEARTBEAT {datanodeUUID=75ccd8a6-06da-4259-a20c-b7736bd9bda0, command=[]} | ret=SUCCESS |  
2019-08-29 08:45:51,165 | INFO  | SCMAudit | user=jenkins1000 | ip=192.168.157.194 | op=SEND_HEARTBEAT {datanodeUUID=691d973f-4ee5-4b71-9c79-714a3e15e6a2, command=[]} | ret=SUCCESS |  
2019-08-29 08:45:51,219 | INFO  | SCMAudit | user=jenkins1000 | ip=192.168.157.194 | op=SEND_HEARTBEAT {datanodeUUID=ead32545-d171-4909-a11e-9b7dde0365ee, command=[]} | ret=SUCCESS |  
2019-08-29 08:45:51,287 [java.util.concurrent.ThreadPoolExecutor$Worker@74408794[State = -1, empty queue]] WARN  server.GrpcLogAppender (GrpcLogAppender.java:timeoutAppendRequest(200)) - GrpcLogAppender(beb647cc-dc8a-44df-94ce-0366e8d6be6e->aeaf91a4-7b36-452e-90c9-b2e74ddba1a8): appendEntries Timeout, request=beb647cc-dc8a-44df-94ce-0366e8d6be6e->aeaf91a4-7b36-452e-90c9-b2e74ddba1a8#11-t2, previous=(t:2, i:1), leaderCommit=0, initializing? false, entries: <empty>
2019-08-29 08:45:51,287 [java.util.concurrent.ThreadPoolExecutor$Worker@5fe26cd4[State = -1, empty queue]] WARN  server.GrpcLogAppender (GrpcLogAppender.java:timeoutAppendRequest(200)) - GrpcLogAppender(beb647cc-dc8a-44df-94ce-0366e8d6be6e->94988375-8e84-4aa9-97e8-8e5d754fbb51): appendEntries Timeout, request=beb647cc-dc8a-44df-94ce-0366e8d6be6e->94988375-8e84-4aa9-97e8-8e5d754fbb51#11-t2, previous=(t:2, i:1), leaderCommit=0, initializing? false, entries: <empty>
2019-08-29 08:45:51,305 | INFO  | SCMAudit | user=jenkins1000 | ip=192.168.157.194 | op=SEND_HEARTBEAT {datanodeUUID=b6aa82e4-5823-49f6-a34d-d75ec3f4bf0a, command=[]} | ret=SUCCESS |  
2019-08-29 08:45:51,404 | INFO  | SCMAudit | user=jenkins1000 | ip=192.168.157.194 | op=SEND_HEARTBEAT {datanodeUUID=aeaf91a4-7b36-452e-90c9-b2e74ddba1a8, command=[]} | ret=SUCCESS |  
2019-08-29 08:45:51,726 | INFO  | SCMAudit | user=jenkins1000 | ip=192.168.157.194 | op=SEND_HEARTBEAT {datanodeUUID=af10c44b-16fa-4c36-b19d-5f1088e11be1, command=[]} | ret=SUCCESS |  
2019-08-29 08:45:51,787 [java.util.concurrent.ThreadPoolExecutor$Worker@74408794[State = -1, empty queue]] WARN  server.GrpcLogAppender (GrpcLogAppender.java:timeoutAppendRequest(200)) - GrpcLogAppender(beb647cc-dc8a-44df-94ce-0366e8d6be6e->aeaf91a4-7b36-452e-90c9-b2e74ddba1a8): appendEntries Timeout, request=beb647cc-dc8a-44df-94ce-0366e8d6be6e->aeaf91a4-7b36-452e-90c9-b2e74ddba1a8#12-t2, previous=(t:2, i:1), leaderCommit=0, initializing? false, entries: <empty>
2019-08-29 08:45:51,787 [java.util.concurrent.ThreadPoolExecutor$Worker@5fe26cd4[State = -1, empty queue]] WARN  server.GrpcLogAppender (GrpcLogAppender.java:timeoutAppendRequest(200)) - GrpcLogAppender(beb647cc-dc8a-44df-94ce-0366e8d6be6e->94988375-8e84-4aa9-97e8-8e5d754fbb51): appendEntries Timeout, request=beb647cc-dc8a-44df-94ce-0366e8d6be6e->94988375-8e84-4aa9-97e8-8e5d754fbb51#12-t2, previous=(t:2, i:1), leaderCommit=0, initializing? false, entries: <empty>
2019-08-29 08:45:51,795 | INFO  | SCMAudit | user=jenkins1000 | ip=192.168.157.194 | op=SEND_HEARTBEAT {datanodeUUID=d42e1e69-47db-482b-ad03-89cca26a9b49, command=[]} | ret=SUCCESS |  
2019-08-29 08:45:51,889 | INFO  | SCMAudit | user=jenkins1000 | ip=192.168.157.194 | op=SEND_HEARTBEAT {datanodeUUID=4d8418c6-9aaf-413c-a95a-22b3e00264fc, command=[]} | ret=SUCCESS |  
2019-08-29 08:45:51,941 | INFO  | SCMAudit | user=jenkins1000 | ip=192.168.157.194 | op=SEND_HEARTBEAT {datanodeUUID=beb647cc-dc8a-44df-94ce-0366e8d6be6e, command=[]} | ret=SUCCESS |  
2019-08-29 08:45:52,036 | INFO  | SCMAudit | user=jenkins1000 | ip=192.168.157.194 | op=SEND_HEARTBEAT {datanodeUUID=94988375-8e84-4aa9-97e8-8e5d754fbb51, command=[]} | ret=SUCCESS |  
2019-08-29 08:45:52,085 | INFO  | SCMAudit | user=jenkins1000 | ip=192.168.157.194 | op=SEND_HEARTBEAT {datanodeUUID=75ccd8a6-06da-4259-a20c-b7736bd9bda0, command=[]} | ret=SUCCESS |  
2019-08-29 08:45:52,166 | INFO  | SCMAudit | user=jenkins1000 | ip=192.168.157.194 | op=SEND_HEARTBEAT {datanodeUUID=691d973f-4ee5-4b71-9c79-714a3e15e6a2, command=[]} | ret=SUCCESS |  
2019-08-29 08:45:52,219 | INFO  | SCMAudit | user=jenkins1000 | ip=192.168.157.194 | op=SEND_HEARTBEAT {datanodeUUID=ead32545-d171-4909-a11e-9b7dde0365ee, command=[]} | ret=SUCCESS |  
2019-08-29 08:45:52,290 [java.util.concurrent.ThreadPoolExecutor$Worker@74408794[State = -1, empty queue]] WARN  server.GrpcLogAppender (GrpcLogAppender.java:timeoutAppendRequest(200)) - GrpcLogAppender(beb647cc-dc8a-44df-94ce-0366e8d6be6e->aeaf91a4-7b36-452e-90c9-b2e74ddba1a8): appendEntries Timeout, request=beb647cc-dc8a-44df-94ce-0366e8d6be6e->aeaf91a4-7b36-452e-90c9-b2e74ddba1a8#13-t2, previous=(t:2, i:1), leaderCommit=0, initializing? false, entries: <empty>
2019-08-29 08:45:52,290 [java.util.concurrent.ThreadPoolExecutor$Worker@5fe26cd4[State = -1, empty queue]] WARN  server.GrpcLogAppender (GrpcLogAppender.java:timeoutAppendRequest(200)) - GrpcLogAppender(beb647cc-dc8a-44df-94ce-0366e8d6be6e->94988375-8e84-4aa9-97e8-8e5d754fbb51): appendEntries Timeout, request=beb647cc-dc8a-44df-94ce-0366e8d6be6e->94988375-8e84-4aa9-97e8-8e5d754fbb51#13-t2, previous=(t:2, i:1), leaderCommit=0, initializing? false, entries: <empty>
2019-08-29 08:45:52,306 | INFO  | SCMAudit | user=jenkins1000 | ip=192.168.157.194 | op=SEND_HEARTBEAT {datanodeUUID=b6aa82e4-5823-49f6-a34d-d75ec3f4bf0a, command=[]} | ret=SUCCESS |  
2019-08-29 08:45:52,405 | INFO  | SCMAudit | user=jenkins1000 | ip=192.168.157.194 | op=SEND_HEARTBEAT {datanodeUUID=aeaf91a4-7b36-452e-90c9-b2e74ddba1a8, command=[]} | ret=SUCCESS |  
2019-08-29 08:45:52,726 | INFO  | SCMAudit | user=jenkins1000 | ip=192.168.157.194 | op=SEND_HEARTBEAT {datanodeUUID=af10c44b-16fa-4c36-b19d-5f1088e11be1, command=[]} | ret=SUCCESS |  
2019-08-29 08:45:52,790 [java.util.concurrent.ThreadPoolExecutor$Worker@5fe26cd4[State = -1, empty queue]] WARN  server.GrpcLogAppender (GrpcLogAppender.java:timeoutAppendRequest(200)) - GrpcLogAppender(beb647cc-dc8a-44df-94ce-0366e8d6be6e->94988375-8e84-4aa9-97e8-8e5d754fbb51): appendEntries Timeout, request=beb647cc-dc8a-44df-94ce-0366e8d6be6e->94988375-8e84-4aa9-97e8-8e5d754fbb51#14-t2, previous=(t:2, i:1), leaderCommit=0, initializing? false, entries: <empty>
2019-08-29 08:45:52,790 [java.util.concurrent.ThreadPoolExecutor$Worker@74408794[State = -1, empty queue]] WARN  server.GrpcLogAppender (GrpcLogAppender.java:timeoutAppendRequest(200)) - GrpcLogAppender(beb647cc-dc8a-44df-94ce-0366e8d6be6e->aeaf91a4-7b36-452e-90c9-b2e74ddba1a8): appendEntries Timeout, request=beb647cc-dc8a-44df-94ce-0366e8d6be6e->aeaf91a4-7b36-452e-90c9-b2e74ddba1a8#14-t2, previous=(t:2, i:1), leaderCommit=0, initializing? false, entries: <empty>
2019-08-29 08:45:52,796 | INFO  | SCMAudit | user=jenkins1000 | ip=192.168.157.194 | op=SEND_HEARTBEAT {datanodeUUID=d42e1e69-47db-482b-ad03-89cca26a9b49, command=[]} | ret=SUCCESS |  
2019-08-29 08:45:52,889 | INFO  | SCMAudit | user=jenkins1000 | ip=192.168.157.194 | op=SEND_HEARTBEAT {datanodeUUID=4d8418c6-9aaf-413c-a95a-22b3e00264fc, command=[]} | ret=SUCCESS |  
2019-08-29 08:45:52,941 | INFO  | SCMAudit | user=jenkins1000 | ip=192.168.157.194 | op=SEND_HEARTBEAT {datanodeUUID=beb647cc-dc8a-44df-94ce-0366e8d6be6e, command=[]} | ret=SUCCESS |  
2019-08-29 08:45:53,037 | INFO  | SCMAudit | user=jenkins1000 | ip=192.168.157.194 | op=SEND_HEARTBEAT {datanodeUUID=94988375-8e84-4aa9-97e8-8e5d754fbb51, command=[]} | ret=SUCCESS |  
2019-08-29 08:45:53,086 | INFO  | SCMAudit | user=jenkins1000 | ip=192.168.157.194 | op=SEND_HEARTBEAT {datanodeUUID=75ccd8a6-06da-4259-a20c-b7736bd9bda0, command=[]} | ret=SUCCESS |  
2019-08-29 08:45:53,165 | INFO  | SCMAudit | user=jenkins1000 | ip=192.168.157.194 | op=SEND_HEARTBEAT {datanodeUUID=691d973f-4ee5-4b71-9c79-714a3e15e6a2, command=[]} | ret=SUCCESS |  
2019-08-29 08:45:53,220 | INFO  | SCMAudit | user=jenkins1000 | ip=192.168.157.194 | op=SEND_HEARTBEAT {datanodeUUID=ead32545-d171-4909-a11e-9b7dde0365ee, command=[]} | ret=SUCCESS |  
2019-08-29 08:45:53,291 [java.util.concurrent.ThreadPoolExecutor$Worker@74408794[State = -1, empty queue]] WARN  server.GrpcLogAppender (GrpcLogAppender.java:timeoutAppendRequest(200)) - GrpcLogAppender(beb647cc-dc8a-44df-94ce-0366e8d6be6e->aeaf91a4-7b36-452e-90c9-b2e74ddba1a8): appendEntries Timeout, request=beb647cc-dc8a-44df-94ce-0366e8d6be6e->aeaf91a4-7b36-452e-90c9-b2e74ddba1a8#15-t2, previous=(t:2, i:1), leaderCommit=0, initializing? false, entries: <empty>
2019-08-29 08:45:53,291 [java.util.concurrent.ThreadPoolExecutor$Worker@5fe26cd4[State = -1, empty queue]] WARN  server.GrpcLogAppender (GrpcLogAppender.java:timeoutAppendRequest(200)) - GrpcLogAppender(beb647cc-dc8a-44df-94ce-0366e8d6be6e->94988375-8e84-4aa9-97e8-8e5d754fbb51): appendEntries Timeout, request=beb647cc-dc8a-44df-94ce-0366e8d6be6e->94988375-8e84-4aa9-97e8-8e5d754fbb51#15-t2, previous=(t:2, i:1), leaderCommit=0, initializing? false, entries: <empty>
2019-08-29 08:45:53,306 | INFO  | SCMAudit | user=jenkins1000 | ip=192.168.157.194 | op=SEND_HEARTBEAT {datanodeUUID=b6aa82e4-5823-49f6-a34d-d75ec3f4bf0a, command=[]} | ret=SUCCESS |  
2019-08-29 08:45:53,404 | INFO  | SCMAudit | user=jenkins1000 | ip=192.168.157.194 | op=SEND_HEARTBEAT {datanodeUUID=aeaf91a4-7b36-452e-90c9-b2e74ddba1a8, command=[]} | ret=SUCCESS |  
2019-08-29 08:45:53,727 | INFO  | SCMAudit | user=jenkins1000 | ip=192.168.157.194 | op=SEND_HEARTBEAT {datanodeUUID=af10c44b-16fa-4c36-b19d-5f1088e11be1, command=[]} | ret=SUCCESS |  
2019-08-29 08:45:53,791 [java.util.concurrent.ThreadPoolExecutor$Worker@5fe26cd4[State = -1, empty queue]] WARN  server.GrpcLogAppender (GrpcLogAppender.java:timeoutAppendRequest(200)) - GrpcLogAppender(beb647cc-dc8a-44df-94ce-0366e8d6be6e->94988375-8e84-4aa9-97e8-8e5d754fbb51): appendEntries Timeout, request=beb647cc-dc8a-44df-94ce-0366e8d6be6e->94988375-8e84-4aa9-97e8-8e5d754fbb51#16-t2, previous=(t:2, i:1), leaderCommit=0, initializing? false, entries: <empty>
2019-08-29 08:45:53,791 [java.util.concurrent.ThreadPoolExecutor$Worker@74408794[State = -1, empty queue]] WARN  server.GrpcLogAppender (GrpcLogAppender.java:timeoutAppendRequest(200)) - GrpcLogAppender(beb647cc-dc8a-44df-94ce-0366e8d6be6e->aeaf91a4-7b36-452e-90c9-b2e74ddba1a8): appendEntries Timeout, request=beb647cc-dc8a-44df-94ce-0366e8d6be6e->aeaf91a4-7b36-452e-90c9-b2e74ddba1a8#16-t2, previous=(t:2, i:1), leaderCommit=0, initializing? false, entries: <empty>
2019-08-29 08:45:53,795 | INFO  | SCMAudit | user=jenkins1000 | ip=192.168.157.194 | op=SEND_HEARTBEAT {datanodeUUID=d42e1e69-47db-482b-ad03-89cca26a9b49, command=[]} | ret=SUCCESS |  
2019-08-29 08:45:53,890 | INFO  | SCMAudit | user=jenkins1000 | ip=192.168.157.194 | op=SEND_HEARTBEAT {datanodeUUID=4d8418c6-9aaf-413c-a95a-22b3e00264fc, command=[]} | ret=SUCCESS |  
2019-08-29 08:45:53,941 | INFO  | SCMAudit | user=jenkins1000 | ip=192.168.157.194 | op=SEND_HEARTBEAT {datanodeUUID=beb647cc-dc8a-44df-94ce-0366e8d6be6e, command=[]} | ret=SUCCESS |  
2019-08-29 08:45:54,037 | INFO  | SCMAudit | user=jenkins1000 | ip=192.168.157.194 | op=SEND_HEARTBEAT {datanodeUUID=94988375-8e84-4aa9-97e8-8e5d754fbb51, command=[]} | ret=SUCCESS |  
2019-08-29 08:45:54,086 | INFO  | SCMAudit | user=jenkins1000 | ip=192.168.157.194 | op=SEND_HEARTBEAT {datanodeUUID=75ccd8a6-06da-4259-a20c-b7736bd9bda0, command=[]} | ret=SUCCESS |  
2019-08-29 08:45:54,165 | INFO  | SCMAudit | user=jenkins1000 | ip=192.168.157.194 | op=SEND_HEARTBEAT {datanodeUUID=691d973f-4ee5-4b71-9c79-714a3e15e6a2, command=[]} | ret=SUCCESS |  
2019-08-29 08:45:54,219 | INFO  | SCMAudit | user=jenkins1000 | ip=192.168.157.194 | op=SEND_HEARTBEAT {datanodeUUID=ead32545-d171-4909-a11e-9b7dde0365ee, command=[]} | ret=SUCCESS |  
2019-08-29 08:45:54,284 [beb647cc-dc8a-44df-94ce-0366e8d6be6e-SegmentedRaftLogWorker:Storage Directory /workdir/hadoop-ozone/integration-test/target/test-dir/MiniOzoneClusterImpl-43bc7ae7-4e66-4855-88e6-16f3e36bad4f/datanode-3/data/ratis/445197ae-c843-4376-ab37-5c6a73fb4d0a] WARN  segmented.SegmentedRaftLogWorker (SegmentedRaftLogWorker.java:getFromFuture(90)) - Timeout 0/~
org.apache.ratis.protocol.TimeoutIOException: Timeout 10s: WriteLog:1: (t:2, i:1), STATEMACHINELOGENTRY, client-36F8BFB7C9B7, cid=48-writeStateMachineData
	at org.apache.ratis.util.IOUtils.getFromFuture(IOUtils.java:87)
	at org.apache.ratis.server.raftlog.segmented.SegmentedRaftLogWorker$StateMachineDataPolicy.getFromFuture(SegmentedRaftLogWorker.java:87)
	at org.apache.ratis.server.raftlog.segmented.SegmentedRaftLogWorker$WriteLog.execute(SegmentedRaftLogWorker.java:477)
	at org.apache.ratis.server.raftlog.segmented.SegmentedRaftLogWorker.run(SegmentedRaftLogWorker.java:289)
	at java.lang.Thread.run(Thread.java:748)
Caused by: java.util.concurrent.TimeoutException
	at java.util.concurrent.CompletableFuture.timedGet(CompletableFuture.java:1771)
	at java.util.concurrent.CompletableFuture.get(CompletableFuture.java:1915)
	at org.apache.ratis.util.IOUtils.getFromFuture(IOUtils.java:79)
	... 4 more
2019-08-29 08:45:54,291 [java.util.concurrent.ThreadPoolExecutor$Worker@5fe26cd4[State = -1, empty queue]] WARN  server.GrpcLogAppender (GrpcLogAppender.java:timeoutAppendRequest(200)) - GrpcLogAppender(beb647cc-dc8a-44df-94ce-0366e8d6be6e->94988375-8e84-4aa9-97e8-8e5d754fbb51): appendEntries Timeout, request=beb647cc-dc8a-44df-94ce-0366e8d6be6e->94988375-8e84-4aa9-97e8-8e5d754fbb51#17-t2, previous=(t:2, i:1), leaderCommit=0, initializing? false, entries: <empty>
2019-08-29 08:45:54,291 [java.util.concurrent.ThreadPoolExecutor$Worker@74408794[State = -1, empty queue]] WARN  server.GrpcLogAppender (GrpcLogAppender.java:timeoutAppendRequest(200)) - GrpcLogAppender(beb647cc-dc8a-44df-94ce-0366e8d6be6e->aeaf91a4-7b36-452e-90c9-b2e74ddba1a8): appendEntries Timeout, request=beb647cc-dc8a-44df-94ce-0366e8d6be6e->aeaf91a4-7b36-452e-90c9-b2e74ddba1a8#17-t2, previous=(t:2, i:1), leaderCommit=0, initializing? false, entries: <empty>
2019-08-29 08:45:54,293 [94988375-8e84-4aa9-97e8-8e5d754fbb51-SegmentedRaftLogWorker:Storage Directory /workdir/hadoop-ozone/integration-test/target/test-dir/MiniOzoneClusterImpl-43bc7ae7-4e66-4855-88e6-16f3e36bad4f/datanode-4/data/ratis/445197ae-c843-4376-ab37-5c6a73fb4d0a] WARN  segmented.SegmentedRaftLogWorker (SegmentedRaftLogWorker.java:getFromFuture(90)) - Timeout 0/~
org.apache.ratis.protocol.TimeoutIOException: Timeout 10s: WriteLog:1: (t:2, i:1), STATEMACHINELOGENTRY, client-36F8BFB7C9B7, cid=48-writeStateMachineData
	at org.apache.ratis.util.IOUtils.getFromFuture(IOUtils.java:87)
	at org.apache.ratis.server.raftlog.segmented.SegmentedRaftLogWorker$StateMachineDataPolicy.getFromFuture(SegmentedRaftLogWorker.java:87)
	at org.apache.ratis.server.raftlog.segmented.SegmentedRaftLogWorker$WriteLog.execute(SegmentedRaftLogWorker.java:477)
	at org.apache.ratis.server.raftlog.segmented.SegmentedRaftLogWorker.run(SegmentedRaftLogWorker.java:289)
	at java.lang.Thread.run(Thread.java:748)
Caused by: java.util.concurrent.TimeoutException
	at java.util.concurrent.CompletableFuture.timedGet(CompletableFuture.java:1771)
	at java.util.concurrent.CompletableFuture.get(CompletableFuture.java:1915)
	at org.apache.ratis.util.IOUtils.getFromFuture(IOUtils.java:79)
	... 4 more
2019-08-29 08:45:54,293 [aeaf91a4-7b36-452e-90c9-b2e74ddba1a8-SegmentedRaftLogWorker:Storage Directory /workdir/hadoop-ozone/integration-test/target/test-dir/MiniOzoneClusterImpl-43bc7ae7-4e66-4855-88e6-16f3e36bad4f/datanode-9/data/ratis/445197ae-c843-4376-ab37-5c6a73fb4d0a] WARN  segmented.SegmentedRaftLogWorker (SegmentedRaftLogWorker.java:getFromFuture(90)) - Timeout 0/~
org.apache.ratis.protocol.TimeoutIOException: Timeout 10s: WriteLog:1: (t:2, i:1), STATEMACHINELOGENTRY, client-36F8BFB7C9B7, cid=48-writeStateMachineData
	at org.apache.ratis.util.IOUtils.getFromFuture(IOUtils.java:87)
	at org.apache.ratis.server.raftlog.segmented.SegmentedRaftLogWorker$StateMachineDataPolicy.getFromFuture(SegmentedRaftLogWorker.java:87)
	at org.apache.ratis.server.raftlog.segmented.SegmentedRaftLogWorker$WriteLog.execute(SegmentedRaftLogWorker.java:477)
	at org.apache.ratis.server.raftlog.segmented.SegmentedRaftLogWorker.run(SegmentedRaftLogWorker.java:289)
	at java.lang.Thread.run(Thread.java:748)
Caused by: java.util.concurrent.TimeoutException
	at java.util.concurrent.CompletableFuture.timedGet(CompletableFuture.java:1771)
	at java.util.concurrent.CompletableFuture.get(CompletableFuture.java:1915)
	at org.apache.ratis.util.IOUtils.getFromFuture(IOUtils.java:79)
	... 4 more
2019-08-29 08:45:54,306 | INFO  | SCMAudit | user=jenkins1000 | ip=192.168.157.194 | op=SEND_HEARTBEAT {datanodeUUID=b6aa82e4-5823-49f6-a34d-d75ec3f4bf0a, command=[]} | ret=SUCCESS |  
2019-08-29 08:45:54,387 [grpc-default-executor-4] INFO  client.GrpcClientProtocolClient (GrpcClientProtocolClient.java:onNext(255)) - client-36F8BFB7C9B7->94988375-8e84-4aa9-97e8-8e5d754fbb51: receive RaftClientReply:client-36F8BFB7C9B7->94988375-8e84-4aa9-97e8-8e5d754fbb51@group-5C6A73FB4D0A, cid=48, FAILED org.apache.ratis.protocol.NotLeaderException: Server 94988375-8e84-4aa9-97e8-8e5d754fbb51 is not the leader (beb647cc-dc8a-44df-94ce-0366e8d6be6e:192.168.157.194:36608). Request must be sent to leader., logIndex=0, commits[94988375-8e84-4aa9-97e8-8e5d754fbb51:c0, aeaf91a4-7b36-452e-90c9-b2e74ddba1a8:c0, beb647cc-dc8a-44df-94ce-0366e8d6be6e:c0]
2019-08-29 08:45:54,404 | INFO  | SCMAudit | user=jenkins1000 | ip=192.168.157.194 | op=SEND_HEARTBEAT {datanodeUUID=aeaf91a4-7b36-452e-90c9-b2e74ddba1a8, command=[]} | ret=SUCCESS |  
2019-08-29 08:45:54,727 | INFO  | SCMAudit | user=jenkins1000 | ip=192.168.157.194 | op=SEND_HEARTBEAT {datanodeUUID=af10c44b-16fa-4c36-b19d-5f1088e11be1, command=[]} | ret=SUCCESS |  
2019-08-29 08:45:54,792 [java.util.concurrent.ThreadPoolExecutor$Worker@74408794[State = -1, empty queue]] WARN  server.GrpcLogAppender (GrpcLogAppender.java:timeoutAppendRequest(200)) - GrpcLogAppender(beb647cc-dc8a-44df-94ce-0366e8d6be6e->aeaf91a4-7b36-452e-90c9-b2e74ddba1a8): appendEntries Timeout, request=beb647cc-dc8a-44df-94ce-0366e8d6be6e->aeaf91a4-7b36-452e-90c9-b2e74ddba1a8#18-t2, previous=(t:2, i:1), leaderCommit=0, initializing? false, entries: <empty>
2019-08-29 08:45:54,792 [java.util.concurrent.ThreadPoolExecutor$Worker@5fe26cd4[State = -1, empty queue]] WARN  server.GrpcLogAppender (GrpcLogAppender.java:timeoutAppendRequest(200)) - GrpcLogAppender(beb647cc-dc8a-44df-94ce-0366e8d6be6e->94988375-8e84-4aa9-97e8-8e5d754fbb51): appendEntries Timeout, request=beb647cc-dc8a-44df-94ce-0366e8d6be6e->94988375-8e84-4aa9-97e8-8e5d754fbb51#18-t2, previous=(t:2, i:1), leaderCommit=0, initializing? false, entries: <empty>
2019-08-29 08:45:54,795 | INFO  | SCMAudit | user=jenkins1000 | ip=192.168.157.194 | op=SEND_HEARTBEAT {datanodeUUID=d42e1e69-47db-482b-ad03-89cca26a9b49, command=[]} | ret=SUCCESS |  
2019-08-29 08:45:54,889 | INFO  | SCMAudit | user=jenkins1000 | ip=192.168.157.194 | op=SEND_HEARTBEAT {datanodeUUID=4d8418c6-9aaf-413c-a95a-22b3e00264fc, command=[]} | ret=SUCCESS |  
2019-08-29 08:45:54,940 | INFO  | SCMAudit | user=jenkins1000 | ip=192.168.157.194 | op=SEND_HEARTBEAT {datanodeUUID=beb647cc-dc8a-44df-94ce-0366e8d6be6e, command=[]} | ret=SUCCESS |  
2019-08-29 08:45:55,036 | INFO  | SCMAudit | user=jenkins1000 | ip=192.168.157.194 | op=SEND_HEARTBEAT {datanodeUUID=94988375-8e84-4aa9-97e8-8e5d754fbb51, command=[]} | ret=SUCCESS |  
2019-08-29 08:45:55,086 | INFO  | SCMAudit | user=jenkins1000 | ip=192.168.157.194 | op=SEND_HEARTBEAT {datanodeUUID=75ccd8a6-06da-4259-a20c-b7736bd9bda0, command=[]} | ret=SUCCESS |  
2019-08-29 08:45:55,166 | INFO  | SCMAudit | user=jenkins1000 | ip=192.168.157.194 | op=SEND_HEARTBEAT {datanodeUUID=691d973f-4ee5-4b71-9c79-714a3e15e6a2, command=[]} | ret=SUCCESS |  
2019-08-29 08:45:55,220 | INFO  | SCMAudit | user=jenkins1000 | ip=192.168.157.194 | op=SEND_HEARTBEAT {datanodeUUID=ead32545-d171-4909-a11e-9b7dde0365ee, command=[]} | ret=SUCCESS |  
2019-08-29 08:45:55,292 [java.util.concurrent.ThreadPoolExecutor$Worker@5fe26cd4[State = -1, empty queue]] WARN  server.GrpcLogAppender (GrpcLogAppender.java:timeoutAppendRequest(200)) - GrpcLogAppender(beb647cc-dc8a-44df-94ce-0366e8d6be6e->94988375-8e84-4aa9-97e8-8e5d754fbb51): appendEntries Timeout, request=beb647cc-dc8a-44df-94ce-0366e8d6be6e->94988375-8e84-4aa9-97e8-8e5d754fbb51#19-t2, previous=(t:2, i:1), leaderCommit=0, initializing? false, entries: <empty>
2019-08-29 08:45:55,292 [java.util.concurrent.ThreadPoolExecutor$Worker@74408794[State = -1, empty queue]] WARN  server.GrpcLogAppender (GrpcLogAppender.java:timeoutAppendRequest(200)) - GrpcLogAppender(beb647cc-dc8a-44df-94ce-0366e8d6be6e->aeaf91a4-7b36-452e-90c9-b2e74ddba1a8): appendEntries Timeout, request=beb647cc-dc8a-44df-94ce-0366e8d6be6e->aeaf91a4-7b36-452e-90c9-b2e74ddba1a8#19-t2, previous=(t:2, i:1), leaderCommit=0, initializing? false, entries: <empty>
2019-08-29 08:45:55,307 | INFO  | SCMAudit | user=jenkins1000 | ip=192.168.157.194 | op=SEND_HEARTBEAT {datanodeUUID=b6aa82e4-5823-49f6-a34d-d75ec3f4bf0a, command=[]} | ret=SUCCESS |  
2019-08-29 08:45:55,409 | INFO  | SCMAudit | user=jenkins1000 | ip=192.168.157.194 | op=SEND_HEARTBEAT {datanodeUUID=aeaf91a4-7b36-452e-90c9-b2e74ddba1a8, command=[]} | ret=SUCCESS |  
2019-08-29 08:45:55,726 | INFO  | SCMAudit | user=jenkins1000 | ip=192.168.157.194 | op=SEND_HEARTBEAT {datanodeUUID=af10c44b-16fa-4c36-b19d-5f1088e11be1, command=[]} | ret=SUCCESS |  
2019-08-29 08:45:55,792 [java.util.concurrent.ThreadPoolExecutor$Worker@5fe26cd4[State = -1, empty queue]] WARN  server.GrpcLogAppender (GrpcLogAppender.java:timeoutAppendRequest(200)) - GrpcLogAppender(beb647cc-dc8a-44df-94ce-0366e8d6be6e->94988375-8e84-4aa9-97e8-8e5d754fbb51): appendEntries Timeout, request=beb647cc-dc8a-44df-94ce-0366e8d6be6e->94988375-8e84-4aa9-97e8-8e5d754fbb51#20-t2, previous=(t:2, i:1), leaderCommit=0, initializing? false, entries: <empty>
2019-08-29 08:45:55,792 [java.util.concurrent.ThreadPoolExecutor$Worker@74408794[State = -1, empty queue]] WARN  server.GrpcLogAppender (GrpcLogAppender.java:timeoutAppendRequest(200)) - GrpcLogAppender(beb647cc-dc8a-44df-94ce-0366e8d6be6e->aeaf91a4-7b36-452e-90c9-b2e74ddba1a8): appendEntries Timeout, request=beb647cc-dc8a-44df-94ce-0366e8d6be6e->aeaf91a4-7b36-452e-90c9-b2e74ddba1a8#20-t2, previous=(t:2, i:1), leaderCommit=0, initializing? false, entries: <empty>
2019-08-29 08:45:55,796 | INFO  | SCMAudit | user=jenkins1000 | ip=192.168.157.194 | op=SEND_HEARTBEAT {datanodeUUID=d42e1e69-47db-482b-ad03-89cca26a9b49, command=[]} | ret=SUCCESS |  
2019-08-29 08:45:55,837 | INFO  | SCMAudit | user=jenkins1000 | ip=192.168.157.194 | op=SEND_HEARTBEAT {datanodeUUID=beb647cc-dc8a-44df-94ce-0366e8d6be6e, command=[]} | ret=SUCCESS |  
2019-08-29 08:45:55,844 | INFO  | DNAudit | user=null | ip=null | op=WRITE_CHUNK {blockData=conID: 1 locID: 102699390857641988 bcsId: 0} | ret=SUCCESS |  
2019-08-29 08:45:55,890 | INFO  | SCMAudit | user=jenkins1000 | ip=192.168.157.194 | op=SEND_HEARTBEAT {datanodeUUID=4d8418c6-9aaf-413c-a95a-22b3e00264fc, command=[]} | ret=SUCCESS |  
2019-08-29 08:45:56,037 | INFO  | SCMAudit | user=jenkins1000 | ip=192.168.157.194 | op=SEND_HEARTBEAT {datanodeUUID=94988375-8e84-4aa9-97e8-8e5d754fbb51, command=[]} | ret=SUCCESS |  
2019-08-29 08:45:56,087 | INFO  | SCMAudit | user=jenkins1000 | ip=192.168.157.194 | op=SEND_HEARTBEAT {datanodeUUID=75ccd8a6-06da-4259-a20c-b7736bd9bda0, command=[]} | ret=SUCCESS |  
2019-08-29 08:45:56,165 | INFO  | SCMAudit | user=jenkins1000 | ip=192.168.157.194 | op=SEND_HEARTBEAT {datanodeUUID=691d973f-4ee5-4b71-9c79-714a3e15e6a2, command=[]} | ret=SUCCESS |  
2019-08-29 08:45:56,219 | INFO  | SCMAudit | user=jenkins1000 | ip=192.168.157.194 | op=SEND_HEARTBEAT {datanodeUUID=ead32545-d171-4909-a11e-9b7dde0365ee, command=[]} | ret=SUCCESS |  
2019-08-29 08:45:56,292 [java.util.concurrent.ThreadPoolExecutor$Worker@5fe26cd4[State = -1, empty queue]] WARN  server.GrpcLogAppender (GrpcLogAppender.java:timeoutAppendRequest(200)) - GrpcLogAppender(beb647cc-dc8a-44df-94ce-0366e8d6be6e->94988375-8e84-4aa9-97e8-8e5d754fbb51): appendEntries Timeout, request=beb647cc-dc8a-44df-94ce-0366e8d6be6e->94988375-8e84-4aa9-97e8-8e5d754fbb51#21-t2, previous=(t:2, i:1), leaderCommit=0, initializing? false, entries: <empty>
2019-08-29 08:45:56,292 [java.util.concurrent.ThreadPoolExecutor$Worker@74408794[State = -1, empty queue]] WARN  server.GrpcLogAppender (GrpcLogAppender.java:timeoutAppendRequest(200)) - GrpcLogAppender(beb647cc-dc8a-44df-94ce-0366e8d6be6e->aeaf91a4-7b36-452e-90c9-b2e74ddba1a8): appendEntries Timeout, request=beb647cc-dc8a-44df-94ce-0366e8d6be6e->aeaf91a4-7b36-452e-90c9-b2e74ddba1a8#21-t2, previous=(t:2, i:1), leaderCommit=0, initializing? false, entries: <empty>
2019-08-29 08:45:56,306 | INFO  | SCMAudit | user=jenkins1000 | ip=192.168.157.194 | op=SEND_HEARTBEAT {datanodeUUID=b6aa82e4-5823-49f6-a34d-d75ec3f4bf0a, command=[]} | ret=SUCCESS |  
2019-08-29 08:45:56,408 | INFO  | SCMAudit | user=jenkins1000 | ip=192.168.157.194 | op=SEND_HEARTBEAT {datanodeUUID=aeaf91a4-7b36-452e-90c9-b2e74ddba1a8, command=[]} | ret=SUCCESS |  
2019-08-29 08:45:56,726 | INFO  | SCMAudit | user=jenkins1000 | ip=192.168.157.194 | op=SEND_HEARTBEAT {datanodeUUID=af10c44b-16fa-4c36-b19d-5f1088e11be1, command=[]} | ret=SUCCESS |  
2019-08-29 08:45:56,793 [java.util.concurrent.ThreadPoolExecutor$Worker@74408794[State = -1, empty queue]] WARN  server.GrpcLogAppender (GrpcLogAppender.java:timeoutAppendRequest(200)) - GrpcLogAppender(beb647cc-dc8a-44df-94ce-0366e8d6be6e->aeaf91a4-7b36-452e-90c9-b2e74ddba1a8): appendEntries Timeout, request=beb647cc-dc8a-44df-94ce-0366e8d6be6e->aeaf91a4-7b36-452e-90c9-b2e74ddba1a8#22-t2, previous=(t:2, i:1), leaderCommit=0, initializing? false, entries: <empty>
2019-08-29 08:45:56,793 [java.util.concurrent.ThreadPoolExecutor$Worker@5fe26cd4[State = -1, empty queue]] WARN  server.GrpcLogAppender (GrpcLogAppender.java:timeoutAppendRequest(200)) - GrpcLogAppender(beb647cc-dc8a-44df-94ce-0366e8d6be6e->94988375-8e84-4aa9-97e8-8e5d754fbb51): appendEntries Timeout, request=beb647cc-dc8a-44df-94ce-0366e8d6be6e->94988375-8e84-4aa9-97e8-8e5d754fbb51#22-t2, previous=(t:2, i:1), leaderCommit=0, initializing? false, entries: <empty>
2019-08-29 08:45:56,797 | INFO  | SCMAudit | user=jenkins1000 | ip=192.168.157.194 | op=SEND_HEARTBEAT {datanodeUUID=d42e1e69-47db-482b-ad03-89cca26a9b49, command=[]} | ret=SUCCESS |  
2019-08-29 08:45:56,836 | INFO  | SCMAudit | user=jenkins1000 | ip=192.168.157.194 | op=SEND_HEARTBEAT {datanodeUUID=beb647cc-dc8a-44df-94ce-0366e8d6be6e, command=[]} | ret=SUCCESS |  
2019-08-29 08:45:56,890 | INFO  | SCMAudit | user=jenkins1000 | ip=192.168.157.194 | op=SEND_HEARTBEAT {datanodeUUID=4d8418c6-9aaf-413c-a95a-22b3e00264fc, command=[]} | ret=SUCCESS |  
2019-08-29 08:45:57,036 | INFO  | SCMAudit | user=jenkins1000 | ip=192.168.157.194 | op=SEND_HEARTBEAT {datanodeUUID=94988375-8e84-4aa9-97e8-8e5d754fbb51, command=[]} | ret=SUCCESS |  
2019-08-29 08:45:57,088 | INFO  | SCMAudit | user=jenkins1000 | ip=192.168.157.194 | op=SEND_HEARTBEAT {datanodeUUID=75ccd8a6-06da-4259-a20c-b7736bd9bda0, command=[]} | ret=SUCCESS |  
2019-08-29 08:45:57,166 | INFO  | SCMAudit | user=jenkins1000 | ip=192.168.157.194 | op=SEND_HEARTBEAT {datanodeUUID=691d973f-4ee5-4b71-9c79-714a3e15e6a2, command=[]} | ret=SUCCESS |  
2019-08-29 08:45:57,220 | INFO  | SCMAudit | user=jenkins1000 | ip=192.168.157.194 | op=SEND_HEARTBEAT {datanodeUUID=ead32545-d171-4909-a11e-9b7dde0365ee, command=[]} | ret=SUCCESS |  
2019-08-29 08:45:57,293 [java.util.concurrent.ThreadPoolExecutor$Worker@5fe26cd4[State = -1, empty queue]] WARN  server.GrpcLogAppender (GrpcLogAppender.java:timeoutAppendRequest(200)) - GrpcLogAppender(beb647cc-dc8a-44df-94ce-0366e8d6be6e->94988375-8e84-4aa9-97e8-8e5d754fbb51): appendEntries Timeout, request=beb647cc-dc8a-44df-94ce-0366e8d6be6e->94988375-8e84-4aa9-97e8-8e5d754fbb51#23-t2, previous=(t:2, i:1), leaderCommit=0, initializing? false, entries: <empty>
2019-08-29 08:45:57,293 [java.util.concurrent.ThreadPoolExecutor$Worker@74408794[State = -1, empty queue]] WARN  server.GrpcLogAppender (GrpcLogAppender.java:timeoutAppendRequest(200)) - GrpcLogAppender(beb647cc-dc8a-44df-94ce-0366e8d6be6e->aeaf91a4-7b36-452e-90c9-b2e74ddba1a8): appendEntries Timeout, request=beb647cc-dc8a-44df-94ce-0366e8d6be6e->aeaf91a4-7b36-452e-90c9-b2e74ddba1a8#23-t2, previous=(t:2, i:1), leaderCommit=0, initializing? false, entries: <empty>
2019-08-29 08:45:57,307 | INFO  | SCMAudit | user=jenkins1000 | ip=192.168.157.194 | op=SEND_HEARTBEAT {datanodeUUID=b6aa82e4-5823-49f6-a34d-d75ec3f4bf0a, command=[]} | ret=SUCCESS |  
2019-08-29 08:45:57,408 | INFO  | SCMAudit | user=jenkins1000 | ip=192.168.157.194 | op=SEND_HEARTBEAT {datanodeUUID=aeaf91a4-7b36-452e-90c9-b2e74ddba1a8, command=[]} | ret=SUCCESS |  
2019-08-29 08:45:57,727 | INFO  | SCMAudit | user=jenkins1000 | ip=192.168.157.194 | op=SEND_HEARTBEAT {datanodeUUID=af10c44b-16fa-4c36-b19d-5f1088e11be1, command=[]} | ret=SUCCESS |  
2019-08-29 08:45:57,761 | INFO  | SCMAudit | user=jenkins1000 | ip=192.168.157.194 | op=SEND_HEARTBEAT {datanodeUUID=aeaf91a4-7b36-452e-90c9-b2e74ddba1a8, command=[]} | ret=SUCCESS |  
2019-08-29 08:45:57,761 | INFO  | SCMAudit | user=jenkins1000 | ip=192.168.157.194 | op=SEND_HEARTBEAT {datanodeUUID=94988375-8e84-4aa9-97e8-8e5d754fbb51, command=[]} | ret=SUCCESS |  
2019-08-29 08:45:57,767 | INFO  | DNAudit | user=null | ip=null | op=WRITE_CHUNK {blockData=conID: 1 locID: 102699390857641988 bcsId: 0} | ret=SUCCESS |  
2019-08-29 08:45:57,770 | INFO  | DNAudit | user=null | ip=null | op=WRITE_CHUNK {blockData=conID: 1 locID: 102699390857641988 bcsId: 0} | ret=SUCCESS |  
2019-08-29 08:45:57,793 [java.util.concurrent.ThreadPoolExecutor$Worker@5fe26cd4[State = -1, empty queue]] WARN  server.GrpcLogAppender (GrpcLogAppender.java:timeoutAppendRequest(200)) - GrpcLogAppender(beb647cc-dc8a-44df-94ce-0366e8d6be6e->94988375-8e84-4aa9-97e8-8e5d754fbb51): appendEntries Timeout, request=beb647cc-dc8a-44df-94ce-0366e8d6be6e->94988375-8e84-4aa9-97e8-8e5d754fbb51#24-t2, previous=(t:2, i:1), leaderCommit=0, initializing? false, entries: <empty>
2019-08-29 08:45:57,793 [java.util.concurrent.ThreadPoolExecutor$Worker@74408794[State = -1, empty queue]] WARN  server.GrpcLogAppender (GrpcLogAppender.java:timeoutAppendRequest(200)) - GrpcLogAppender(beb647cc-dc8a-44df-94ce-0366e8d6be6e->aeaf91a4-7b36-452e-90c9-b2e74ddba1a8): appendEntries Timeout, request=beb647cc-dc8a-44df-94ce-0366e8d6be6e->aeaf91a4-7b36-452e-90c9-b2e74ddba1a8#24-t2, previous=(t:2, i:1), leaderCommit=0, initializing? false, entries: <empty>
2019-08-29 08:45:57,796 | INFO  | SCMAudit | user=jenkins1000 | ip=192.168.157.194 | op=SEND_HEARTBEAT {datanodeUUID=d42e1e69-47db-482b-ad03-89cca26a9b49, command=[]} | ret=SUCCESS |  
2019-08-29 08:45:57,837 | INFO  | SCMAudit | user=jenkins1000 | ip=192.168.157.194 | op=SEND_HEARTBEAT {datanodeUUID=beb647cc-dc8a-44df-94ce-0366e8d6be6e, command=[]} | ret=SUCCESS |  
2019-08-29 08:45:57,890 | INFO  | SCMAudit | user=jenkins1000 | ip=192.168.157.194 | op=SEND_HEARTBEAT {datanodeUUID=4d8418c6-9aaf-413c-a95a-22b3e00264fc, command=[]} | ret=SUCCESS |  
2019-08-29 08:45:58,087 | INFO  | SCMAudit | user=jenkins1000 | ip=192.168.157.194 | op=SEND_HEARTBEAT {datanodeUUID=75ccd8a6-06da-4259-a20c-b7736bd9bda0, command=[]} | ret=SUCCESS |  
2019-08-29 08:45:58,167 | INFO  | SCMAudit | user=jenkins1000 | ip=192.168.157.194 | op=SEND_HEARTBEAT {datanodeUUID=691d973f-4ee5-4b71-9c79-714a3e15e6a2, command=[]} | ret=SUCCESS |  
2019-08-29 08:45:58,219 | INFO  | SCMAudit | user=jenkins1000 | ip=192.168.157.194 | op=SEND_HEARTBEAT {datanodeUUID=ead32545-d171-4909-a11e-9b7dde0365ee, command=[]} | ret=SUCCESS |  
2019-08-29 08:45:58,293 [java.util.concurrent.ThreadPoolExecutor$Worker@5fe26cd4[State = -1, empty queue]] WARN  server.GrpcLogAppender (GrpcLogAppender.java:timeoutAppendRequest(200)) - GrpcLogAppender(beb647cc-dc8a-44df-94ce-0366e8d6be6e->94988375-8e84-4aa9-97e8-8e5d754fbb51): appendEntries Timeout, request=beb647cc-dc8a-44df-94ce-0366e8d6be6e->94988375-8e84-4aa9-97e8-8e5d754fbb51#25-t2, previous=(t:2, i:1), leaderCommit=0, initializing? false, entries: <empty>
2019-08-29 08:45:58,293 [java.util.concurrent.ThreadPoolExecutor$Worker@74408794[State = -1, empty queue]] WARN  server.GrpcLogAppender (GrpcLogAppender.java:timeoutAppendRequest(200)) - GrpcLogAppender(beb647cc-dc8a-44df-94ce-0366e8d6be6e->aeaf91a4-7b36-452e-90c9-b2e74ddba1a8): appendEntries Timeout, request=beb647cc-dc8a-44df-94ce-0366e8d6be6e->aeaf91a4-7b36-452e-90c9-b2e74ddba1a8#25-t2, previous=(t:2, i:1), leaderCommit=0, initializing? false, entries: <empty>
2019-08-29 08:45:58,306 | INFO  | SCMAudit | user=jenkins1000 | ip=192.168.157.194 | op=SEND_HEARTBEAT {datanodeUUID=b6aa82e4-5823-49f6-a34d-d75ec3f4bf0a, command=[]} | ret=SUCCESS |  
2019-08-29 08:45:58,434 [main] WARN  io.KeyOutputStream (KeyOutputStream.java:handleException(276)) - Encountered exception java.io.IOException: Unexpected Storage Container Exception: java.util.concurrent.CompletionException: java.util.concurrent.CompletionException: org.apache.ratis.protocol.RaftRetryFailureException: Failed RaftClientRequest:client-36F8BFB7C9B7->beb647cc-dc8a-44df-94ce-0366e8d6be6e@group-5C6A73FB4D0A, cid=48, seq=1*, RW, org.apache.hadoop.hdds.scm.XceiverClientRatis$$Lambda$509/1137945509@3fc5e743 for 10 attempts with RetryLimited(maxAttempts=10, sleepTime=1000ms) on the pipeline Pipeline[ Id: 445197ae-c843-4376-ab37-5c6a73fb4d0a, Nodes: 94988375-8e84-4aa9-97e8-8e5d754fbb51{ip: 192.168.157.194, host: pr-hdds-2042-w774d-3815662616, networkLocation: /rack1, certSerialId: null}aeaf91a4-7b36-452e-90c9-b2e74ddba1a8{ip: 192.168.157.194, host: pr-hdds-2042-w774d-3815662616, networkLocation: /rack1, certSerialId: null}beb647cc-dc8a-44df-94ce-0366e8d6be6e{ip: 192.168.157.194, host: pr-hdds-2042-w774d-3815662616, networkLocation: /rack1, certSerialId: null}, Type:RATIS, Factor:THREE, State:OPEN]. The last committed block length is 0, uncommitted data length is 1048576 retry count 0
2019-08-29 08:45:58,469 | INFO  | SCMAudit | user=jenkins1000 | ip=192.168.157.194 | op=ALLOCATE_BLOCK {owner=93bc9f7f-7593-4d13-9434-51384dd2d5ed, size=4194304, type=RATIS, factor=THREE} | ret=SUCCESS |  
2019-08-29 08:45:58,470 | INFO  | OMAudit | user=jenkins1000 | ip=127.0.0.1 | op=ALLOCATE_BLOCK {volume=datanodefailurehandlingtest, bucket=datanodefailurehandlingtest, key=3a159445-0549-4360-9a2a-13dabc01dc47, dataSize=0, replicationType=null, replicationFactor=null, keyLocationInfo=null, clientID=102699390854889475} | ret=SUCCESS |  
2019-08-29 08:45:58,638 [grpc-default-executor-4] WARN  server.GrpcLogAppender (GrpcLogAppender.java:onNextImpl(250)) - org.apache.ratis.grpc.server.GrpcLogAppender$AppendLogResponseHandler@2ca6e8a6: Request not found, ignoring reply: beb647cc-dc8a-44df-94ce-0366e8d6be6e<-aeaf91a4-7b36-452e-90c9-b2e74ddba1a8#3:OK,SUCCESS,nextIndex:2,term:2,followerCommit:0
2019-08-29 08:45:58,638 [grpc-default-executor-4] WARN  server.GrpcLogAppender (GrpcLogAppender.java:onNextImpl(250)) - org.apache.ratis.grpc.server.GrpcLogAppender$AppendLogResponseHandler@2ca6e8a6: Request not found, ignoring reply: beb647cc-dc8a-44df-94ce-0366e8d6be6e<-aeaf91a4-7b36-452e-90c9-b2e74ddba1a8#4:OK,SUCCESS,nextIndex:2,term:2,followerCommit:0
2019-08-29 08:45:58,638 [grpc-default-executor-4] WARN  server.GrpcLogAppender (GrpcLogAppender.java:onNextImpl(250)) - org.apache.ratis.grpc.server.GrpcLogAppender$AppendLogResponseHandler@2ca6e8a6: Request not found, ignoring reply: beb647cc-dc8a-44df-94ce-0366e8d6be6e<-aeaf91a4-7b36-452e-90c9-b2e74ddba1a8#5:OK,SUCCESS,nextIndex:2,term:2,followerCommit:0
2019-08-29 08:45:58,639 [grpc-default-executor-4] WARN  server.GrpcLogAppender (GrpcLogAppender.java:onNextImpl(250)) - org.apache.ratis.grpc.server.GrpcLogAppender$AppendLogResponseHandler@2ca6e8a6: Request not found, ignoring reply: beb647cc-dc8a-44df-94ce-0366e8d6be6e<-aeaf91a4-7b36-452e-90c9-b2e74ddba1a8#6:OK,SUCCESS,nextIndex:2,term:2,followerCommit:0
2019-08-29 08:45:58,639 [grpc-default-executor-4] WARN  server.GrpcLogAppender (GrpcLogAppender.java:onNextImpl(250)) - org.apache.ratis.grpc.server.GrpcLogAppender$AppendLogResponseHandler@2ca6e8a6: Request not found, ignoring reply: beb647cc-dc8a-44df-94ce-0366e8d6be6e<-aeaf91a4-7b36-452e-90c9-b2e74ddba1a8#7:OK,SUCCESS,nextIndex:2,term:2,followerCommit:0
2019-08-29 08:45:58,639 [grpc-default-executor-4] WARN  server.GrpcLogAppender (GrpcLogAppender.java:onNextImpl(250)) - org.apache.ratis.grpc.server.GrpcLogAppender$AppendLogResponseHandler@2ca6e8a6: Request not found, ignoring reply: beb647cc-dc8a-44df-94ce-0366e8d6be6e<-aeaf91a4-7b36-452e-90c9-b2e74ddba1a8#8:OK,SUCCESS,nextIndex:2,term:2,followerCommit:0
2019-08-29 08:45:58,639 [grpc-default-executor-4] WARN  server.GrpcLogAppender (GrpcLogAppender.java:onNextImpl(250)) - org.apache.ratis.grpc.server.GrpcLogAppender$AppendLogResponseHandler@2ca6e8a6: Request not found, ignoring reply: beb647cc-dc8a-44df-94ce-0366e8d6be6e<-aeaf91a4-7b36-452e-90c9-b2e74ddba1a8#9:OK,SUCCESS,nextIndex:2,term:2,followerCommit:0
2019-08-29 08:45:58,639 [grpc-default-executor-4] WARN  server.GrpcLogAppender (GrpcLogAppender.java:onNextImpl(250)) - org.apache.ratis.grpc.server.GrpcLogAppender$AppendLogResponseHandler@2ca6e8a6: Request not found, ignoring reply: beb647cc-dc8a-44df-94ce-0366e8d6be6e<-aeaf91a4-7b36-452e-90c9-b2e74ddba1a8#10:OK,SUCCESS,nextIndex:2,term:2,followerCommit:0
2019-08-29 08:45:58,640 [grpc-default-executor-4] WARN  server.GrpcLogAppender (GrpcLogAppender.java:onNextImpl(250)) - org.apache.ratis.grpc.server.GrpcLogAppender$AppendLogResponseHandler@2ca6e8a6: Request not found, ignoring reply: beb647cc-dc8a-44df-94ce-0366e8d6be6e<-aeaf91a4-7b36-452e-90c9-b2e74ddba1a8#11:OK,SUCCESS,nextIndex:2,term:2,followerCommit:0
2019-08-29 08:45:58,640 [grpc-default-executor-4] WARN  server.GrpcLogAppender (GrpcLogAppender.java:onNextImpl(250)) - org.apache.ratis.grpc.server.GrpcLogAppender$AppendLogResponseHandler@2ca6e8a6: Request not found, ignoring reply: beb647cc-dc8a-44df-94ce-0366e8d6be6e<-aeaf91a4-7b36-452e-90c9-b2e74ddba1a8#12:OK,SUCCESS,nextIndex:2,term:2,followerCommit:0
2019-08-29 08:45:58,640 [grpc-default-executor-4] WARN  server.GrpcLogAppender (GrpcLogAppender.java:onNextImpl(250)) - org.apache.ratis.grpc.server.GrpcLogAppender$AppendLogResponseHandler@2ca6e8a6: Request not found, ignoring reply: beb647cc-dc8a-44df-94ce-0366e8d6be6e<-aeaf91a4-7b36-452e-90c9-b2e74ddba1a8#13:OK,SUCCESS,nextIndex:2,term:2,followerCommit:0
2019-08-29 08:45:58,640 [grpc-default-executor-4] WARN  server.GrpcLogAppender (GrpcLogAppender.java:onNextImpl(250)) - org.apache.ratis.grpc.server.GrpcLogAppender$AppendLogResponseHandler@2ca6e8a6: Request not found, ignoring reply: beb647cc-dc8a-44df-94ce-0366e8d6be6e<-aeaf91a4-7b36-452e-90c9-b2e74ddba1a8#14:OK,SUCCESS,nextIndex:2,term:2,followerCommit:0
2019-08-29 08:45:58,640 [grpc-default-executor-4] WARN  server.GrpcLogAppender (GrpcLogAppender.java:onNextImpl(250)) - org.apache.ratis.grpc.server.GrpcLogAppender$AppendLogResponseHandler@2ca6e8a6: Request not found, ignoring reply: beb647cc-dc8a-44df-94ce-0366e8d6be6e<-aeaf91a4-7b36-452e-90c9-b2e74ddba1a8#15:OK,SUCCESS,nextIndex:2,term:2,followerCommit:0
2019-08-29 08:45:58,641 [grpc-default-executor-4] WARN  server.GrpcLogAppender (GrpcLogAppender.java:onNextImpl(250)) - org.apache.ratis.grpc.server.GrpcLogAppender$AppendLogResponseHandler@2ca6e8a6: Request not found, ignoring reply: beb647cc-dc8a-44df-94ce-0366e8d6be6e<-aeaf91a4-7b36-452e-90c9-b2e74ddba1a8#16:OK,SUCCESS,nextIndex:2,term:2,followerCommit:0
2019-08-29 08:45:58,641 [grpc-default-executor-4] WARN  server.GrpcLogAppender (GrpcLogAppender.java:onNextImpl(250)) - org.apache.ratis.grpc.server.GrpcLogAppender$AppendLogResponseHandler@2ca6e8a6: Request not found, ignoring reply: beb647cc-dc8a-44df-94ce-0366e8d6be6e<-aeaf91a4-7b36-452e-90c9-b2e74ddba1a8#17:OK,SUCCESS,nextIndex:2,term:2,followerCommit:0
2019-08-29 08:45:58,641 [grpc-default-executor-4] WARN  server.GrpcLogAppender (GrpcLogAppender.java:onNextImpl(250)) - org.apache.ratis.grpc.server.GrpcLogAppender$AppendLogResponseHandler@2ca6e8a6: Request not found, ignoring reply: beb647cc-dc8a-44df-94ce-0366e8d6be6e<-aeaf91a4-7b36-452e-90c9-b2e74ddba1a8#18:OK,SUCCESS,nextIndex:2,term:2,followerCommit:0
2019-08-29 08:45:58,641 [grpc-default-executor-4] WARN  server.GrpcLogAppender (GrpcLogAppender.java:onNextImpl(250)) - org.apache.ratis.grpc.server.GrpcLogAppender$AppendLogResponseHandler@2ca6e8a6: Request not found, ignoring reply: beb647cc-dc8a-44df-94ce-0366e8d6be6e<-aeaf91a4-7b36-452e-90c9-b2e74ddba1a8#19:OK,SUCCESS,nextIndex:2,term:2,followerCommit:0
2019-08-29 08:45:58,641 [grpc-default-executor-4] WARN  server.GrpcLogAppender (GrpcLogAppender.java:onNextImpl(250)) - org.apache.ratis.grpc.server.GrpcLogAppender$AppendLogResponseHandler@2ca6e8a6: Request not found, ignoring reply: beb647cc-dc8a-44df-94ce-0366e8d6be6e<-aeaf91a4-7b36-452e-90c9-b2e74ddba1a8#20:OK,SUCCESS,nextIndex:2,term:2,followerCommit:0
2019-08-29 08:45:58,642 [grpc-default-executor-4] WARN  server.GrpcLogAppender (GrpcLogAppender.java:onNextImpl(250)) - org.apache.ratis.grpc.server.GrpcLogAppender$AppendLogResponseHandler@2ca6e8a6: Request not found, ignoring reply: beb647cc-dc8a-44df-94ce-0366e8d6be6e<-aeaf91a4-7b36-452e-90c9-b2e74ddba1a8#21:OK,SUCCESS,nextIndex:2,term:2,followerCommit:0
2019-08-29 08:45:58,642 [grpc-default-executor-4] WARN  server.GrpcLogAppender (GrpcLogAppender.java:onNextImpl(250)) - org.apache.ratis.grpc.server.GrpcLogAppender$AppendLogResponseHandler@2ca6e8a6: Request not found, ignoring reply: beb647cc-dc8a-44df-94ce-0366e8d6be6e<-aeaf91a4-7b36-452e-90c9-b2e74ddba1a8#22:OK,SUCCESS,nextIndex:2,term:2,followerCommit:0
2019-08-29 08:45:58,642 [grpc-default-executor-4] WARN  server.GrpcLogAppender (GrpcLogAppender.java:onNextImpl(250)) - org.apache.ratis.grpc.server.GrpcLogAppender$AppendLogResponseHandler@2ca6e8a6: Request not found, ignoring reply: beb647cc-dc8a-44df-94ce-0366e8d6be6e<-aeaf91a4-7b36-452e-90c9-b2e74ddba1a8#23:OK,SUCCESS,nextIndex:2,term:2,followerCommit:0
2019-08-29 08:45:58,642 [grpc-default-executor-4] WARN  server.GrpcLogAppender (GrpcLogAppender.java:onNextImpl(250)) - org.apache.ratis.grpc.server.GrpcLogAppender$AppendLogResponseHandler@2ca6e8a6: Request not found, ignoring reply: beb647cc-dc8a-44df-94ce-0366e8d6be6e<-aeaf91a4-7b36-452e-90c9-b2e74ddba1a8#24:OK,SUCCESS,nextIndex:2,term:2,followerCommit:0
2019-08-29 08:45:58,642 [grpc-default-executor-4] WARN  server.GrpcLogAppender (GrpcLogAppender.java:onNextImpl(250)) - org.apache.ratis.grpc.server.GrpcLogAppender$AppendLogResponseHandler@2ca6e8a6: Request not found, ignoring reply: beb647cc-dc8a-44df-94ce-0366e8d6be6e<-aeaf91a4-7b36-452e-90c9-b2e74ddba1a8#25:OK,SUCCESS,nextIndex:2,term:2,followerCommit:0
2019-08-29 08:45:58,645 | INFO  | DNAudit | user=null | ip=null | op=WRITE_CHUNK {blockData=conID: 1 locID: 102699390857641988 bcsId: 0} | ret=SUCCESS |  
2019-08-29 08:45:58,727 | INFO  | SCMAudit | user=jenkins1000 | ip=192.168.157.194 | op=SEND_HEARTBEAT {datanodeUUID=af10c44b-16fa-4c36-b19d-5f1088e11be1, command=[]} | ret=SUCCESS |  
2019-08-29 08:45:58,760 | INFO  | SCMAudit | user=jenkins1000 | ip=192.168.157.194 | op=SEND_HEARTBEAT {datanodeUUID=aeaf91a4-7b36-452e-90c9-b2e74ddba1a8, command=[]} | ret=SUCCESS |  
2019-08-29 08:45:58,760 | INFO  | SCMAudit | user=jenkins1000 | ip=192.168.157.194 | op=SEND_HEARTBEAT {datanodeUUID=94988375-8e84-4aa9-97e8-8e5d754fbb51, command=[]} | ret=SUCCESS |  
2019-08-29 08:45:58,773 [grpc-default-executor-3] WARN  server.GrpcLogAppender (GrpcLogAppender.java:onNextImpl(250)) - org.apache.ratis.grpc.server.GrpcLogAppender$AppendLogResponseHandler@baf41d3: Request not found, ignoring reply: beb647cc-dc8a-44df-94ce-0366e8d6be6e<-94988375-8e84-4aa9-97e8-8e5d754fbb51#3:OK,SUCCESS,nextIndex:2,term:2,followerCommit:0
2019-08-29 08:45:58,774 [grpc-default-executor-3] WARN  server.GrpcLogAppender (GrpcLogAppender.java:onNextImpl(250)) - org.apache.ratis.grpc.server.GrpcLogAppender$AppendLogResponseHandler@baf41d3: Request not found, ignoring reply: beb647cc-dc8a-44df-94ce-0366e8d6be6e<-94988375-8e84-4aa9-97e8-8e5d754fbb51#4:OK,SUCCESS,nextIndex:2,term:2,followerCommit:0
2019-08-29 08:45:58,774 [grpc-default-executor-3] WARN  server.GrpcLogAppender (GrpcLogAppender.java:onNextImpl(250)) - org.apache.ratis.grpc.server.GrpcLogAppender$AppendLogResponseHandler@baf41d3: Request not found, ignoring reply: beb647cc-dc8a-44df-94ce-0366e8d6be6e<-94988375-8e84-4aa9-97e8-8e5d754fbb51#5:OK,SUCCESS,nextIndex:2,term:2,followerCommit:0
2019-08-29 08:45:58,775 [grpc-default-executor-3] WARN  server.GrpcLogAppender (GrpcLogAppender.java:onNextImpl(250)) - org.apache.ratis.grpc.server.GrpcLogAppender$AppendLogResponseHandler@baf41d3: Request not found, ignoring reply: beb647cc-dc8a-44df-94ce-0366e8d6be6e<-94988375-8e84-4aa9-97e8-8e5d754fbb51#6:OK,SUCCESS,nextIndex:2,term:2,followerCommit:0
2019-08-29 08:45:58,775 [grpc-default-executor-3] WARN  server.GrpcLogAppender (GrpcLogAppender.java:onNextImpl(250)) - org.apache.ratis.grpc.server.GrpcLogAppender$AppendLogResponseHandler@baf41d3: Request not found, ignoring reply: beb647cc-dc8a-44df-94ce-0366e8d6be6e<-94988375-8e84-4aa9-97e8-8e5d754fbb51#7:OK,SUCCESS,nextIndex:2,term:2,followerCommit:0
2019-08-29 08:45:58,776 [grpc-default-executor-3] WARN  server.GrpcLogAppender (GrpcLogAppender.java:onNextImpl(250)) - org.apache.ratis.grpc.server.GrpcLogAppender$AppendLogResponseHandler@baf41d3: Request not found, ignoring reply: beb647cc-dc8a-44df-94ce-0366e8d6be6e<-94988375-8e84-4aa9-97e8-8e5d754fbb51#8:OK,SUCCESS,nextIndex:2,term:2,followerCommit:0
2019-08-29 08:45:58,776 [grpc-default-executor-3] WARN  server.GrpcLogAppender (GrpcLogAppender.java:onNextImpl(250)) - org.apache.ratis.grpc.server.GrpcLogAppender$AppendLogResponseHandler@baf41d3: Request not found, ignoring reply: beb647cc-dc8a-44df-94ce-0366e8d6be6e<-94988375-8e84-4aa9-97e8-8e5d754fbb51#9:OK,SUCCESS,nextIndex:2,term:2,followerCommit:0
2019-08-29 08:45:58,776 [grpc-default-executor-3] WARN  server.GrpcLogAppender (GrpcLogAppender.java:onNextImpl(250)) - org.apache.ratis.grpc.server.GrpcLogAppender$AppendLogResponseHandler@baf41d3: Request not found, ignoring reply: beb647cc-dc8a-44df-94ce-0366e8d6be6e<-94988375-8e84-4aa9-97e8-8e5d754fbb51#10:OK,SUCCESS,nextIndex:2,term:2,followerCommit:0
2019-08-29 08:45:58,777 [grpc-default-executor-3] WARN  server.GrpcLogAppender (GrpcLogAppender.java:onNextImpl(250)) - org.apache.ratis.grpc.server.GrpcLogAppender$AppendLogResponseHandler@baf41d3: Request not found, ignoring reply: beb647cc-dc8a-44df-94ce-0366e8d6be6e<-94988375-8e84-4aa9-97e8-8e5d754fbb51#11:OK,SUCCESS,nextIndex:2,term:2,followerCommit:0
2019-08-29 08:45:58,777 [grpc-default-executor-3] WARN  server.GrpcLogAppender (GrpcLogAppender.java:onNextImpl(250)) - org.apache.ratis.grpc.server.GrpcLogAppender$AppendLogResponseHandler@baf41d3: Request not found, ignoring reply: beb647cc-dc8a-44df-94ce-0366e8d6be6e<-94988375-8e84-4aa9-97e8-8e5d754fbb51#12:OK,SUCCESS,nextIndex:2,term:2,followerCommit:0
2019-08-29 08:45:58,777 [grpc-default-executor-3] WARN  server.GrpcLogAppender (GrpcLogAppender.java:onNextImpl(250)) - org.apache.ratis.grpc.server.GrpcLogAppender$AppendLogResponseHandler@baf41d3: Request not found, ignoring reply: beb647cc-dc8a-44df-94ce-0366e8d6be6e<-94988375-8e84-4aa9-97e8-8e5d754fbb51#13:OK,SUCCESS,nextIndex:2,term:2,followerCommit:0
2019-08-29 08:45:58,778 [grpc-default-executor-3] WARN  server.GrpcLogAppender (GrpcLogAppender.java:onNextImpl(250)) - org.apache.ratis.grpc.server.GrpcLogAppender$AppendLogResponseHandler@baf41d3: Request not found, ignoring reply: beb647cc-dc8a-44df-94ce-0366e8d6be6e<-94988375-8e84-4aa9-97e8-8e5d754fbb51#14:OK,SUCCESS,nextIndex:2,term:2,followerCommit:0
2019-08-29 08:45:58,778 [grpc-default-executor-3] WARN  server.GrpcLogAppender (GrpcLogAppender.java:onNextImpl(250)) - org.apache.ratis.grpc.server.GrpcLogAppender$AppendLogResponseHandler@baf41d3: Request not found, ignoring reply: beb647cc-dc8a-44df-94ce-0366e8d6be6e<-94988375-8e84-4aa9-97e8-8e5d754fbb51#15:OK,SUCCESS,nextIndex:2,term:2,followerCommit:0
2019-08-29 08:45:58,779 [grpc-default-executor-3] WARN  server.GrpcLogAppender (GrpcLogAppender.java:onNextImpl(250)) - org.apache.ratis.grpc.server.GrpcLogAppender$AppendLogResponseHandler@baf41d3: Request not found, ignoring reply: beb647cc-dc8a-44df-94ce-0366e8d6be6e<-94988375-8e84-4aa9-97e8-8e5d754fbb51#16:OK,SUCCESS,nextIndex:2,term:2,followerCommit:0
2019-08-29 08:45:58,779 [grpc-default-executor-3] WARN  server.GrpcLogAppender (GrpcLogAppender.java:onNextImpl(250)) - org.apache.ratis.grpc.server.GrpcLogAppender$AppendLogResponseHandler@baf41d3: Request not found, ignoring reply: beb647cc-dc8a-44df-94ce-0366e8d6be6e<-94988375-8e84-4aa9-97e8-8e5d754fbb51#17:OK,SUCCESS,nextIndex:2,term:2,followerCommit:0
2019-08-29 08:45:58,779 [grpc-default-executor-3] WARN  server.GrpcLogAppender (GrpcLogAppender.java:onNextImpl(250)) - org.apache.ratis.grpc.server.GrpcLogAppender$AppendLogResponseHandler@baf41d3: Request not found, ignoring reply: beb647cc-dc8a-44df-94ce-0366e8d6be6e<-94988375-8e84-4aa9-97e8-8e5d754fbb51#18:OK,SUCCESS,nextIndex:2,term:2,followerCommit:0
2019-08-29 08:45:58,780 [grpc-default-executor-3] WARN  server.GrpcLogAppender (GrpcLogAppender.java:onNextImpl(250)) - org.apache.ratis.grpc.server.GrpcLogAppender$AppendLogResponseHandler@baf41d3: Request not found, ignoring reply: beb647cc-dc8a-44df-94ce-0366e8d6be6e<-94988375-8e84-4aa9-97e8-8e5d754fbb51#19:OK,SUCCESS,nextIndex:2,term:2,followerCommit:0
2019-08-29 08:45:58,780 [grpc-default-executor-3] WARN  server.GrpcLogAppender (GrpcLogAppender.java:onNextImpl(250)) - org.apache.ratis.grpc.server.GrpcLogAppender$AppendLogResponseHandler@baf41d3: Request not found, ignoring reply: beb647cc-dc8a-44df-94ce-0366e8d6be6e<-94988375-8e84-4aa9-97e8-8e5d754fbb51#20:OK,SUCCESS,nextIndex:2,term:2,followerCommit:0
2019-08-29 08:45:58,780 [grpc-default-executor-3] WARN  server.GrpcLogAppender (GrpcLogAppender.java:onNextImpl(250)) - org.apache.ratis.grpc.server.GrpcLogAppender$AppendLogResponseHandler@baf41d3: Request not found, ignoring reply: beb647cc-dc8a-44df-94ce-0366e8d6be6e<-94988375-8e84-4aa9-97e8-8e5d754fbb51#21:OK,SUCCESS,nextIndex:2,term:2,followerCommit:0
2019-08-29 08:45:58,781 [grpc-default-executor-3] WARN  server.GrpcLogAppender (GrpcLogAppender.java:onNextImpl(250)) - org.apache.ratis.grpc.server.GrpcLogAppender$AppendLogResponseHandler@baf41d3: Request not found, ignoring reply: beb647cc-dc8a-44df-94ce-0366e8d6be6e<-94988375-8e84-4aa9-97e8-8e5d754fbb51#22:OK,SUCCESS,nextIndex:2,term:2,followerCommit:0
2019-08-29 08:45:58,781 [grpc-default-executor-3] WARN  server.GrpcLogAppender (GrpcLogAppender.java:onNextImpl(250)) - org.apache.ratis.grpc.server.GrpcLogAppender$AppendLogResponseHandler@baf41d3: Request not found, ignoring reply: beb647cc-dc8a-44df-94ce-0366e8d6be6e<-94988375-8e84-4aa9-97e8-8e5d754fbb51#23:OK,SUCCESS,nextIndex:2,term:2,followerCommit:0
2019-08-29 08:45:58,781 [grpc-default-executor-3] WARN  server.GrpcLogAppender (GrpcLogAppender.java:onNextImpl(250)) - org.apache.ratis.grpc.server.GrpcLogAppender$AppendLogResponseHandler@baf41d3: Request not found, ignoring reply: beb647cc-dc8a-44df-94ce-0366e8d6be6e<-94988375-8e84-4aa9-97e8-8e5d754fbb51#24:OK,SUCCESS,nextIndex:2,term:2,followerCommit:0
2019-08-29 08:45:58,782 [grpc-default-executor-3] WARN  server.GrpcLogAppender (GrpcLogAppender.java:onNextImpl(250)) - org.apache.ratis.grpc.server.GrpcLogAppender$AppendLogResponseHandler@baf41d3: Request not found, ignoring reply: beb647cc-dc8a-44df-94ce-0366e8d6be6e<-94988375-8e84-4aa9-97e8-8e5d754fbb51#25:OK,SUCCESS,nextIndex:2,term:2,followerCommit:0
2019-08-29 08:45:58,797 | INFO  | SCMAudit | user=jenkins1000 | ip=192.168.157.194 | op=SEND_HEARTBEAT {datanodeUUID=d42e1e69-47db-482b-ad03-89cca26a9b49, command=[]} | ret=SUCCESS |  
2019-08-29 08:45:58,836 | INFO  | SCMAudit | user=jenkins1000 | ip=192.168.157.194 | op=SEND_HEARTBEAT {datanodeUUID=beb647cc-dc8a-44df-94ce-0366e8d6be6e, command=[]} | ret=SUCCESS |  
2019-08-29 08:45:58,890 | INFO  | SCMAudit | user=jenkins1000 | ip=192.168.157.194 | op=SEND_HEARTBEAT {datanodeUUID=4d8418c6-9aaf-413c-a95a-22b3e00264fc, command=[]} | ret=SUCCESS |  
2019-08-29 08:45:59,053 | INFO  | DNAudit | user=null | ip=null | op=WRITE_CHUNK {blockData=conID: 1 locID: 102699390857641988 bcsId: 0} | ret=SUCCESS |  
2019-08-29 08:45:59,053 | INFO  | DNAudit | user=null | ip=null | op=WRITE_CHUNK {blockData=conID: 1 locID: 102699390857641988 bcsId: 0} | ret=SUCCESS |  
2019-08-29 08:45:59,090 | INFO  | SCMAudit | user=jenkins1000 | ip=192.168.157.194 | op=SEND_HEARTBEAT {datanodeUUID=75ccd8a6-06da-4259-a20c-b7736bd9bda0, command=[]} | ret=SUCCESS |  
2019-08-29 08:45:59,166 | INFO  | SCMAudit | user=jenkins1000 | ip=192.168.157.194 | op=SEND_HEARTBEAT {datanodeUUID=691d973f-4ee5-4b71-9c79-714a3e15e6a2, command=[]} | ret=SUCCESS |  
2019-08-29 08:45:59,220 | INFO  | SCMAudit | user=jenkins1000 | ip=192.168.157.194 | op=SEND_HEARTBEAT {datanodeUUID=ead32545-d171-4909-a11e-9b7dde0365ee, command=[]} | ret=SUCCESS |  
2019-08-29 08:45:59,273 | INFO  | SCMAudit | user=jenkins1000 | ip=192.168.157.194 | op=SEND_HEARTBEAT {datanodeUUID=691d973f-4ee5-4b71-9c79-714a3e15e6a2, command=[]} | ret=SUCCESS |  
2019-08-29 08:45:59,273 | INFO  | SCMAudit | user=jenkins1000 | ip=192.168.157.194 | op=SEND_HEARTBEAT {datanodeUUID=ead32545-d171-4909-a11e-9b7dde0365ee, command=[]} | ret=SUCCESS |  
2019-08-29 08:45:59,273 | INFO  | SCMAudit | user=jenkins1000 | ip=192.168.157.194 | op=SEND_HEARTBEAT {datanodeUUID=4d8418c6-9aaf-413c-a95a-22b3e00264fc, command=[]} | ret=SUCCESS |  
2019-08-29 08:45:59,278 | INFO  | DNAudit | user=null | ip=null | op=WRITE_CHUNK {blockData=conID: 2 locID: 102699391940558853 bcsId: 0} | ret=SUCCESS |  
2019-08-29 08:45:59,280 | INFO  | DNAudit | user=null | ip=null | op=WRITE_CHUNK {blockData=conID: 2 locID: 102699391940558853 bcsId: 0} | ret=SUCCESS |  
2019-08-29 08:45:59,280 | INFO  | DNAudit | user=null | ip=null | op=WRITE_CHUNK {blockData=conID: 2 locID: 102699391940558853 bcsId: 0} | ret=SUCCESS |  
2019-08-29 08:45:59,293 | INFO  | DNAudit | user=null | ip=null | op=WRITE_CHUNK {blockData=conID: 2 locID: 102699391940558853 bcsId: 0} | ret=SUCCESS |  
2019-08-29 08:45:59,301 | INFO  | DNAudit | user=null | ip=null | op=WRITE_CHUNK {blockData=conID: 2 locID: 102699391940558853 bcsId: 0} | ret=SUCCESS |  
2019-08-29 08:45:59,301 | INFO  | DNAudit | user=null | ip=null | op=WRITE_CHUNK {blockData=conID: 2 locID: 102699391940558853 bcsId: 0} | ret=SUCCESS |  
2019-08-29 08:45:59,301 [grpc-default-executor-4] INFO  client.GrpcClientProtocolClient (GrpcClientProtocolClient.java:onNext(255)) - client-36F493CD8DF7->ead32545-d171-4909-a11e-9b7dde0365ee: receive RaftClientReply:client-36F493CD8DF7->ead32545-d171-4909-a11e-9b7dde0365ee@group-144D18612C90, cid=50, SUCCESS, logIndex=1, commits[ead32545-d171-4909-a11e-9b7dde0365ee:c1, 691d973f-4ee5-4b71-9c79-714a3e15e6a2:c0, 4d8418c6-9aaf-413c-a95a-22b3e00264fc:c0]
2019-08-29 08:45:59,311 | INFO  | SCMAudit | user=jenkins1000 | ip=192.168.157.194 | op=SEND_HEARTBEAT {datanodeUUID=b6aa82e4-5823-49f6-a34d-d75ec3f4bf0a, command=[]} | ret=SUCCESS |  
2019-08-29 08:45:59,471 | INFO  | DNAudit | user=null | ip=null | op=PUT_BLOCK {blockData=[blockId=conID: 2 locID: 102699391940558853 bcsId: 0,size=1048576]} | ret=SUCCESS |  
2019-08-29 08:45:59,479 [grpc-default-executor-3] INFO  client.GrpcClientProtocolClient (GrpcClientProtocolClient.java:onNext(255)) - client-36F493CD8DF7->ead32545-d171-4909-a11e-9b7dde0365ee: receive RaftClientReply:client-36F493CD8DF7->ead32545-d171-4909-a11e-9b7dde0365ee@group-144D18612C90, cid=51, SUCCESS, logIndex=3, commits[ead32545-d171-4909-a11e-9b7dde0365ee:c4, 691d973f-4ee5-4b71-9c79-714a3e15e6a2:c3, 4d8418c6-9aaf-413c-a95a-22b3e00264fc:c3]
2019-08-29 08:45:59,482 [EventQueue-CloseContainerForCloseContainerEventHandler] INFO  container.CloseContainerEventHandler (CloseContainerEventHandler.java:onMessage(61)) - Close container Event triggered for container : #1
2019-08-29 08:45:59,487 [EventQueue-CloseContainerForCloseContainerEventHandler] INFO  container.CloseContainerEventHandler (CloseContainerEventHandler.java:onMessage(61)) - Close container Event triggered for container : #1
2019-08-29 08:45:59,487 [EventQueue-CloseContainerForCloseContainerEventHandler] INFO  container.CloseContainerEventHandler (CloseContainerEventHandler.java:onMessage(61)) - Close container Event triggered for container : #1
2019-08-29 08:45:59,522 | INFO  | DNAudit | user=null | ip=null | op=PUT_BLOCK {blockData=[blockId=conID: 2 locID: 102699391940558853 bcsId: 0,size=1048576]} | ret=SUCCESS |  
2019-08-29 08:45:59,580 | INFO  | DNAudit | user=null | ip=null | op=PUT_BLOCK {blockData=[blockId=conID: 2 locID: 102699391940558853 bcsId: 0,size=1048576]} | ret=SUCCESS |  
2019-08-29 08:45:59,727 | INFO  | SCMAudit | user=jenkins1000 | ip=192.168.157.194 | op=SEND_HEARTBEAT {datanodeUUID=af10c44b-16fa-4c36-b19d-5f1088e11be1, command=[]} | ret=SUCCESS |  
2019-08-29 08:45:59,790 | INFO  | SCMAudit | user=jenkins1000 | ip=192.168.157.194 | op=SEND_HEARTBEAT {datanodeUUID=aeaf91a4-7b36-452e-90c9-b2e74ddba1a8, command=[commandType: closeContainerCommand closeContainerCommandProto { containerID: 1 pipelineID { id: "445197ae-c843-4376-ab37-5c6a73fb4d0a" } cmdId: 1 force: false } , commandType: closeContainerCommand closeContainerCommandProto { containerID: 1 pipelineID { id: "445197ae-c843-4376-ab37-5c6a73fb4d0a" } cmdId: 1 force: false } , commandType: closeContainerCommand closeContainerCommandProto { containerID: 1 pipelineID { id: "445197ae-c843-4376-ab37-5c6a73fb4d0a" } cmdId: 1 force: false } ]} | ret=SUCCESS |  
2019-08-29 08:45:59,790 | INFO  | SCMAudit | user=jenkins1000 | ip=192.168.157.194 | op=SEND_HEARTBEAT {datanodeUUID=94988375-8e84-4aa9-97e8-8e5d754fbb51, command=[commandType: closeContainerCommand closeContainerCommandProto { containerID: 1 pipelineID { id: "445197ae-c843-4376-ab37-5c6a73fb4d0a" } cmdId: 1 force: false } , commandType: closeContainerCommand closeContainerCommandProto { containerID: 1 pipelineID { id: "445197ae-c843-4376-ab37-5c6a73fb4d0a" } cmdId: 1 force: false } , commandType: closeContainerCommand closeContainerCommandProto { containerID: 1 pipelineID { id: "445197ae-c843-4376-ab37-5c6a73fb4d0a" } cmdId: 1 force: false } ]} | ret=SUCCESS |  
2019-08-29 08:45:59,797 | INFO  | SCMAudit | user=jenkins1000 | ip=192.168.157.194 | op=SEND_HEARTBEAT {datanodeUUID=d42e1e69-47db-482b-ad03-89cca26a9b49, command=[]} | ret=SUCCESS |  
2019-08-29 08:45:59,837 | INFO  | SCMAudit | user=jenkins1000 | ip=192.168.157.194 | op=SEND_HEARTBEAT {datanodeUUID=beb647cc-dc8a-44df-94ce-0366e8d6be6e, command=[commandType: closeContainerCommand closeContainerCommandProto { containerID: 1 pipelineID { id: "445197ae-c843-4376-ab37-5c6a73fb4d0a" } cmdId: 1 force: false } , commandType: closeContainerCommand closeContainerCommandProto { containerID: 1 pipelineID { id: "445197ae-c843-4376-ab37-5c6a73fb4d0a" } cmdId: 1 force: false } , commandType: closeContainerCommand closeContainerCommandProto { containerID: 1 pipelineID { id: "445197ae-c843-4376-ab37-5c6a73fb4d0a" } cmdId: 1 force: false } ]} | ret=SUCCESS |  
2019-08-29 08:46:00,089 | INFO  | SCMAudit | user=jenkins1000 | ip=192.168.157.194 | op=SEND_HEARTBEAT {datanodeUUID=75ccd8a6-06da-4259-a20c-b7736bd9bda0, command=[]} | ret=SUCCESS |  
2019-08-29 08:46:00,272 | INFO  | SCMAudit | user=jenkins1000 | ip=192.168.157.194 | op=SEND_HEARTBEAT {datanodeUUID=ead32545-d171-4909-a11e-9b7dde0365ee, command=[]} | ret=SUCCESS |  
2019-08-29 08:46:00,272 | INFO  | SCMAudit | user=jenkins1000 | ip=192.168.157.194 | op=SEND_HEARTBEAT {datanodeUUID=691d973f-4ee5-4b71-9c79-714a3e15e6a2, command=[]} | ret=SUCCESS |  
2019-08-29 08:46:00,273 | INFO  | SCMAudit | user=jenkins1000 | ip=192.168.157.194 | op=SEND_HEARTBEAT {datanodeUUID=4d8418c6-9aaf-413c-a95a-22b3e00264fc, command=[]} | ret=SUCCESS |  
2019-08-29 08:46:00,308 | INFO  | SCMAudit | user=jenkins1000 | ip=192.168.157.194 | op=SEND_HEARTBEAT {datanodeUUID=b6aa82e4-5823-49f6-a34d-d75ec3f4bf0a, command=[]} | ret=SUCCESS |  
2019-08-29 08:46:00,727 | INFO  | SCMAudit | user=jenkins1000 | ip=192.168.157.194 | op=SEND_HEARTBEAT {datanodeUUID=af10c44b-16fa-4c36-b19d-5f1088e11be1, command=[]} | ret=SUCCESS |  
2019-08-29 08:46:00,760 | INFO  | SCMAudit | user=jenkins1000 | ip=192.168.157.194 | op=SEND_HEARTBEAT {datanodeUUID=aeaf91a4-7b36-452e-90c9-b2e74ddba1a8, command=[]} | ret=SUCCESS |  
2019-08-29 08:46:00,760 | INFO  | SCMAudit | user=jenkins1000 | ip=192.168.157.194 | op=SEND_HEARTBEAT {datanodeUUID=94988375-8e84-4aa9-97e8-8e5d754fbb51, command=[]} | ret=SUCCESS |  
2019-08-29 08:46:00,797 | INFO  | SCMAudit | user=jenkins1000 | ip=192.168.157.194 | op=SEND_HEARTBEAT {datanodeUUID=d42e1e69-47db-482b-ad03-89cca26a9b49, command=[]} | ret=SUCCESS |  
2019-08-29 08:46:00,836 | INFO  | SCMAudit | user=jenkins1000 | ip=192.168.157.194 | op=SEND_HEARTBEAT {datanodeUUID=beb647cc-dc8a-44df-94ce-0366e8d6be6e, command=[]} | ret=SUCCESS |  
2019-08-29 08:46:00,867 | INFO  | SCMAudit | user=jenkins1000 | ip=192.168.157.194 | op=SEND_HEARTBEAT {datanodeUUID=aeaf91a4-7b36-452e-90c9-b2e74ddba1a8, command=[]} | ret=SUCCESS |  
2019-08-29 08:46:00,876 | INFO  | SCMAudit | user=jenkins1000 | ip=192.168.157.194 | op=SEND_HEARTBEAT {datanodeUUID=beb647cc-dc8a-44df-94ce-0366e8d6be6e, command=[]} | ret=SUCCESS |  
2019-08-29 08:46:00,938 | INFO  | SCMAudit | user=jenkins1000 | ip=192.168.157.194 | op=SEND_HEARTBEAT {datanodeUUID=94988375-8e84-4aa9-97e8-8e5d754fbb51, command=[]} | ret=SUCCESS |  
2019-08-29 08:46:00,954 [RatisApplyTransactionExecutor 1] INFO  interfaces.Container (KeyValueContainer.java:flushAndSyncDB(382)) - Container 1 is synced with bcsId 0.
2019-08-29 08:46:01,012 [RatisApplyTransactionExecutor 1] INFO  interfaces.Container (KeyValueContainer.java:flushAndSyncDB(382)) - Container 1 is synced with bcsId 0.
2019-08-29 08:46:01,053 [RatisApplyTransactionExecutor 1] INFO  interfaces.Container (KeyValueContainer.java:flushAndSyncDB(382)) - Container 1 is synced with bcsId 0.
2019-08-29 08:46:01,053 [RatisApplyTransactionExecutor 1] INFO  interfaces.Container (KeyValueContainer.java:flushAndSyncDB(382)) - Container 1 is synced with bcsId 0.
2019-08-29 08:46:01,062 [RatisApplyTransactionExecutor 1] INFO  interfaces.Container (KeyValueContainer.java:flushAndSyncDB(382)) - Container 1 is synced with bcsId 0.
2019-08-29 08:46:01,063 [RatisApplyTransactionExecutor 1] INFO  interfaces.Container (KeyValueContainer.java:flushAndSyncDB(382)) - Container 1 is synced with bcsId 0.
2019-08-29 08:46:01,084 | INFO  | DNAudit | user=null | ip=null | op=CLOSE_CONTAINER {containerID=1} | ret=SUCCESS |  
2019-08-29 08:46:01,084 | INFO  | DNAudit | user=null | ip=null | op=CLOSE_CONTAINER {containerID=1} | ret=SUCCESS |  
2019-08-29 08:46:01,086 | INFO  | SCMAudit | user=jenkins1000 | ip=192.168.157.194 | op=SEND_HEARTBEAT {datanodeUUID=aeaf91a4-7b36-452e-90c9-b2e74ddba1a8, command=[]} | ret=SUCCESS |  
2019-08-29 08:46:01,086 | INFO  | SCMAudit | user=jenkins1000 | ip=192.168.157.194 | op=SEND_HEARTBEAT {datanodeUUID=beb647cc-dc8a-44df-94ce-0366e8d6be6e, command=[]} | ret=SUCCESS |  
2019-08-29 08:46:01,086 [EventQueue-IncrementalContainerReportForIncrementalContainerReportHandler] INFO  container.IncrementalContainerReportHandler (AbstractContainerReportHandler.java:updateContainerState(176)) - Moving container #1 to CLOSED state, datanode beb647cc-dc8a-44df-94ce-0366e8d6be6e{ip: 192.168.157.194, host: pr-hdds-2042-w774d-3815662616, networkLocation: /rack1, certSerialId: null} reported CLOSED replica.
2019-08-29 08:46:01,088 | INFO  | SCMAudit | user=jenkins1000 | ip=192.168.157.194 | op=SEND_HEARTBEAT {datanodeUUID=75ccd8a6-06da-4259-a20c-b7736bd9bda0, command=[]} | ret=SUCCESS |  
2019-08-29 08:46:01,113 | INFO  | DNAudit | user=null | ip=null | op=CLOSE_CONTAINER {containerID=1} | ret=SUCCESS |  
2019-08-29 08:46:01,114 | INFO  | SCMAudit | user=jenkins1000 | ip=192.168.157.194 | op=SEND_HEARTBEAT {datanodeUUID=94988375-8e84-4aa9-97e8-8e5d754fbb51, command=[]} | ret=SUCCESS |  
2019-08-29 08:46:01,272 | INFO  | SCMAudit | user=jenkins1000 | ip=192.168.157.194 | op=SEND_HEARTBEAT {datanodeUUID=4d8418c6-9aaf-413c-a95a-22b3e00264fc, command=[]} | ret=SUCCESS |  
2019-08-29 08:46:01,272 | INFO  | SCMAudit | user=jenkins1000 | ip=192.168.157.194 | op=SEND_HEARTBEAT {datanodeUUID=ead32545-d171-4909-a11e-9b7dde0365ee, command=[]} | ret=SUCCESS |  
2019-08-29 08:46:01,273 | INFO  | SCMAudit | user=jenkins1000 | ip=192.168.157.194 | op=SEND_HEARTBEAT {datanodeUUID=691d973f-4ee5-4b71-9c79-714a3e15e6a2, command=[]} | ret=SUCCESS |  
2019-08-29 08:46:01,309 | INFO  | SCMAudit | user=jenkins1000 | ip=192.168.157.194 | op=SEND_HEARTBEAT {datanodeUUID=b6aa82e4-5823-49f6-a34d-d75ec3f4bf0a, command=[]} | ret=SUCCESS |  
2019-08-29 08:46:01,513 | INFO  | DNAudit | user=null | ip=null | op=WRITE_CHUNK {blockData=conID: 2 locID: 102699391940558853 bcsId: 3} | ret=SUCCESS |  
2019-08-29 08:46:01,518 | INFO  | DNAudit | user=null | ip=null | op=WRITE_CHUNK {blockData=conID: 2 locID: 102699391940558853 bcsId: 3} | ret=SUCCESS |  
2019-08-29 08:46:01,519 | INFO  | DNAudit | user=null | ip=null | op=WRITE_CHUNK {blockData=conID: 2 locID: 102699391940558853 bcsId: 3} | ret=SUCCESS |  
2019-08-29 08:46:01,527 | INFO  | DNAudit | user=null | ip=null | op=WRITE_CHUNK {blockData=conID: 2 locID: 102699391940558853 bcsId: 3} | ret=SUCCESS |  
2019-08-29 08:46:01,533 | INFO  | DNAudit | user=null | ip=null | op=PUT_BLOCK {blockData=[blockId=conID: 2 locID: 102699391940558853 bcsId: 0,size=2097152]} | ret=SUCCESS |  
2019-08-29 08:46:01,533 [grpc-default-executor-7] INFO  client.GrpcClientProtocolClient (GrpcClientProtocolClient.java:onNext(255)) - client-36F493CD8DF7->ead32545-d171-4909-a11e-9b7dde0365ee: receive RaftClientReply:client-36F493CD8DF7->ead32545-d171-4909-a11e-9b7dde0365ee@group-144D18612C90, cid=52, SUCCESS, logIndex=5, commits[ead32545-d171-4909-a11e-9b7dde0365ee:c6, 691d973f-4ee5-4b71-9c79-714a3e15e6a2:c4, 4d8418c6-9aaf-413c-a95a-22b3e00264fc:c4]
2019-08-29 08:46:01,534 [grpc-default-executor-7] INFO  client.GrpcClientProtocolClient (GrpcClientProtocolClient.java:onNext(255)) - client-36F493CD8DF7->ead32545-d171-4909-a11e-9b7dde0365ee: receive RaftClientReply:client-36F493CD8DF7->ead32545-d171-4909-a11e-9b7dde0365ee@group-144D18612C90, cid=53, SUCCESS, logIndex=6, commits[ead32545-d171-4909-a11e-9b7dde0365ee:c6, 691d973f-4ee5-4b71-9c79-714a3e15e6a2:c4, 4d8418c6-9aaf-413c-a95a-22b3e00264fc:c4]
2019-08-29 08:46:01,539 | INFO  | DNAudit | user=null | ip=null | op=WRITE_CHUNK {blockData=conID: 2 locID: 102699391940558853 bcsId: 3} | ret=SUCCESS |  
2019-08-29 08:46:01,539 | INFO  | DNAudit | user=null | ip=null | op=WRITE_CHUNK {blockData=conID: 2 locID: 102699391940558853 bcsId: 3} | ret=SUCCESS |  
2019-08-29 08:46:01,546 | INFO  | DNAudit | user=null | ip=null | op=PUT_BLOCK {blockData=[blockId=conID: 2 locID: 102699391940558853 bcsId: 0,size=2097152]} | ret=SUCCESS |  
2019-08-29 08:46:01,546 | INFO  | DNAudit | user=null | ip=null | op=PUT_BLOCK {blockData=[blockId=conID: 2 locID: 102699391940558853 bcsId: 0,size=2097152]} | ret=SUCCESS |  
2019-08-29 08:46:01,556 [grpc-default-executor-7] INFO  client.GrpcClientProtocolClient (GrpcClientProtocolClient.java:onNext(255)) - client-36F493CD8DF7->ead32545-d171-4909-a11e-9b7dde0365ee: receive RaftClientReply:client-36F493CD8DF7->ead32545-d171-4909-a11e-9b7dde0365ee@group-144D18612C90, cid=54, SUCCESS, logIndex=0, commits[ead32545-d171-4909-a11e-9b7dde0365ee:c8, 691d973f-4ee5-4b71-9c79-714a3e15e6a2:c6, 4d8418c6-9aaf-413c-a95a-22b3e00264fc:c6]
2019-08-29 08:46:01,557 [main] INFO  ozone.MiniOzoneClusterImpl (MiniOzoneClusterImpl.java:shutdown(307)) - Shutting down the Mini Ozone Cluster
2019-08-29 08:46:01,557 | INFO  | SCMAudit | user=null | ip=null | op=GET_SCM_INFO null | ret=SUCCESS |  
2019-08-29 08:46:01,558 [main] INFO  ozone.MiniOzoneClusterImpl (MiniOzoneClusterImpl.java:stop(322)) - Stopping the Mini Ozone Cluster
2019-08-29 08:46:01,558 [main] INFO  ozone.MiniOzoneClusterImpl (MiniOzoneClusterImpl.java:stop(324)) - Stopping the OzoneManager
2019-08-29 08:46:01,558 [main] INFO  ipc.Server (Server.java:stop(3082)) - Stopping server on 44066
2019-08-29 08:46:01,570 [IPC Server listener on 44066] INFO  ipc.Server (Server.java:run(1185)) - Stopping IPC Server listener on 44066
2019-08-29 08:46:01,574 [IPC Server Responder] INFO  ipc.Server (Server.java:run(1319)) - Stopping IPC Server Responder
2019-08-29 08:46:01,574 [main] INFO  ratis.OzoneManagerDoubleBuffer (OzoneManagerDoubleBuffer.java:stop(248)) - Stopping OMDoubleBuffer flush thread
2019-08-29 08:46:01,594 [OMDoubleBufferFlushThread] INFO  ratis.OzoneManagerDoubleBuffer (OzoneManagerDoubleBuffer.java:flushTransactions(191)) - OMDoubleBuffer flush thread OMDoubleBufferFlushThread is interrupted and will exit. OMDoubleBufferFlushThread
2019-08-29 08:46:01,594 [main] INFO  utils.BackgroundService (BackgroundService.java:shutdown(148)) - Shutting down service KeyDeletingService
2019-08-29 08:46:01,595 [main] INFO  handler.ContextHandler (ContextHandler.java:doStop(910)) - Stopped o.e.j.w.WebAppContext@485caa8f{/,null,UNAVAILABLE}{/ozoneManager}
2019-08-29 08:46:01,596 [main] INFO  server.AbstractConnector (AbstractConnector.java:doStop(318)) - Stopped ServerConnector@2703d91{HTTP/1.1,[http/1.1]}{0.0.0.0:0}
2019-08-29 08:46:01,596 [main] INFO  handler.ContextHandler (ContextHandler.java:doStop(910)) - Stopped o.e.j.s.ServletContextHandler@25a7fedf{/static,file:///workdir/hadoop-ozone/integration-test/target/test-classes/webapps/static,UNAVAILABLE}
2019-08-29 08:46:01,596 [main] INFO  handler.ContextHandler (ContextHandler.java:doStop(910)) - Stopped o.e.j.s.ServletContextHandler@36f7d7b{/logs,file:///workdir/hadoop-ozone/integration-test/target/log,UNAVAILABLE}
2019-08-29 08:46:01,598 [main] INFO  ozone.MiniOzoneClusterImpl (MiniOzoneClusterImpl.java:stop(330)) - Shutting the HddsDatanodes
2019-08-29 08:46:01,727 | INFO  | SCMAudit | user=jenkins1000 | ip=192.168.157.194 | op=SEND_HEARTBEAT {datanodeUUID=af10c44b-16fa-4c36-b19d-5f1088e11be1, command=[]} | ret=SUCCESS |  
2019-08-29 08:46:01,798 | INFO  | SCMAudit | user=jenkins1000 | ip=192.168.157.194 | op=SEND_HEARTBEAT {datanodeUUID=d42e1e69-47db-482b-ad03-89cca26a9b49, command=[]} | ret=SUCCESS |  
2019-08-29 08:46:02,066 | INFO  | SCMAudit | user=jenkins1000 | ip=192.168.157.194 | op=SEND_HEARTBEAT {datanodeUUID=beb647cc-dc8a-44df-94ce-0366e8d6be6e, command=[]} | ret=SUCCESS |  
2019-08-29 08:46:02,066 | INFO  | SCMAudit | user=jenkins1000 | ip=192.168.157.194 | op=SEND_HEARTBEAT {datanodeUUID=aeaf91a4-7b36-452e-90c9-b2e74ddba1a8, command=[]} | ret=SUCCESS |  
2019-08-29 08:46:02,087 [Datanode State Machine Thread - 0] INFO  statemachine.DatanodeStateMachine (DatanodeStateMachine.java:lambda$startDaemon$0(350)) - Ozone container server started.
2019-08-29 08:46:02,114 | INFO  | SCMAudit | user=jenkins1000 | ip=192.168.157.194 | op=SEND_HEARTBEAT {datanodeUUID=94988375-8e84-4aa9-97e8-8e5d754fbb51, command=[]} | ret=SUCCESS |  
2019-08-29 08:46:02,272 [Datanode State Machine Thread - 0] INFO  statemachine.DatanodeStateMachine (DatanodeStateMachine.java:lambda$startDaemon$0(350)) - Ozone container server started.
2019-08-29 08:46:02,273 | INFO  | SCMAudit | user=jenkins1000 | ip=192.168.157.194 | op=SEND_HEARTBEAT {datanodeUUID=ead32545-d171-4909-a11e-9b7dde0365ee, command=[]} | ret=SUCCESS |  
2019-08-29 08:46:02,273 | INFO  | SCMAudit | user=jenkins1000 | ip=192.168.157.194 | op=SEND_HEARTBEAT {datanodeUUID=691d973f-4ee5-4b71-9c79-714a3e15e6a2, command=[]} | ret=SUCCESS |  
2019-08-29 08:46:02,309 | INFO  | SCMAudit | user=jenkins1000 | ip=192.168.157.194 | op=SEND_HEARTBEAT {datanodeUUID=b6aa82e4-5823-49f6-a34d-d75ec3f4bf0a, command=[]} | ret=SUCCESS |  
2019-08-29 08:46:02,728 | INFO  | SCMAudit | user=jenkins1000 | ip=192.168.157.194 | op=SEND_HEARTBEAT {datanodeUUID=af10c44b-16fa-4c36-b19d-5f1088e11be1, command=[]} | ret=SUCCESS |  
2019-08-29 08:46:02,797 | INFO  | SCMAudit | user=jenkins1000 | ip=192.168.157.194 | op=SEND_HEARTBEAT {datanodeUUID=d42e1e69-47db-482b-ad03-89cca26a9b49, command=[]} | ret=SUCCESS |  
2019-08-29 08:46:03,065 | INFO  | SCMAudit | user=jenkins1000 | ip=192.168.157.194 | op=SEND_HEARTBEAT {datanodeUUID=beb647cc-dc8a-44df-94ce-0366e8d6be6e, command=[]} | ret=SUCCESS |  
2019-08-29 08:46:03,065 | INFO  | SCMAudit | user=jenkins1000 | ip=192.168.157.194 | op=SEND_HEARTBEAT {datanodeUUID=aeaf91a4-7b36-452e-90c9-b2e74ddba1a8, command=[]} | ret=SUCCESS |  
2019-08-29 08:46:03,114 | INFO  | SCMAudit | user=jenkins1000 | ip=192.168.157.194 | op=SEND_HEARTBEAT {datanodeUUID=94988375-8e84-4aa9-97e8-8e5d754fbb51, command=[]} | ret=SUCCESS |  
2019-08-29 08:46:03,273 | INFO  | SCMAudit | user=jenkins1000 | ip=192.168.157.194 | op=SEND_HEARTBEAT {datanodeUUID=ead32545-d171-4909-a11e-9b7dde0365ee, command=[]} | ret=SUCCESS |  
2019-08-29 08:46:03,273 | INFO  | SCMAudit | user=jenkins1000 | ip=192.168.157.194 | op=SEND_HEARTBEAT {datanodeUUID=691d973f-4ee5-4b71-9c79-714a3e15e6a2, command=[]} | ret=SUCCESS |  
2019-08-29 08:46:03,309 | INFO  | SCMAudit | user=jenkins1000 | ip=192.168.157.194 | op=SEND_HEARTBEAT {datanodeUUID=b6aa82e4-5823-49f6-a34d-d75ec3f4bf0a, command=[]} | ret=SUCCESS |  
2019-08-29 08:46:03,728 | INFO  | SCMAudit | user=jenkins1000 | ip=192.168.157.194 | op=SEND_HEARTBEAT {datanodeUUID=af10c44b-16fa-4c36-b19d-5f1088e11be1, command=[]} | ret=SUCCESS |  
2019-08-29 08:46:03,797 | INFO  | SCMAudit | user=jenkins1000 | ip=192.168.157.194 | op=SEND_HEARTBEAT {datanodeUUID=d42e1e69-47db-482b-ad03-89cca26a9b49, command=[]} | ret=SUCCESS |  
2019-08-29 08:46:04,065 | INFO  | SCMAudit | user=jenkins1000 | ip=192.168.157.194 | op=SEND_HEARTBEAT {datanodeUUID=beb647cc-dc8a-44df-94ce-0366e8d6be6e, command=[]} | ret=SUCCESS |  
2019-08-29 08:46:04,065 | INFO  | SCMAudit | user=jenkins1000 | ip=192.168.157.194 | op=SEND_HEARTBEAT {datanodeUUID=aeaf91a4-7b36-452e-90c9-b2e74ddba1a8, command=[]} | ret=SUCCESS |  
2019-08-29 08:46:04,114 | INFO  | SCMAudit | user=jenkins1000 | ip=192.168.157.194 | op=SEND_HEARTBEAT {datanodeUUID=94988375-8e84-4aa9-97e8-8e5d754fbb51, command=[]} | ret=SUCCESS |  
2019-08-29 08:46:04,273 | INFO  | SCMAudit | user=jenkins1000 | ip=192.168.157.194 | op=SEND_HEARTBEAT {datanodeUUID=ead32545-d171-4909-a11e-9b7dde0365ee, command=[]} | ret=SUCCESS |  
2019-08-29 08:46:04,273 | INFO  | SCMAudit | user=jenkins1000 | ip=192.168.157.194 | op=SEND_HEARTBEAT {datanodeUUID=691d973f-4ee5-4b71-9c79-714a3e15e6a2, command=[]} | ret=SUCCESS |  
2019-08-29 08:46:04,309 | INFO  | SCMAudit | user=jenkins1000 | ip=192.168.157.194 | op=SEND_HEARTBEAT {datanodeUUID=b6aa82e4-5823-49f6-a34d-d75ec3f4bf0a, command=[]} | ret=SUCCESS |  
2019-08-29 08:46:04,728 | INFO  | SCMAudit | user=jenkins1000 | ip=192.168.157.194 | op=SEND_HEARTBEAT {datanodeUUID=af10c44b-16fa-4c36-b19d-5f1088e11be1, command=[]} | ret=SUCCESS |  
2019-08-29 08:46:04,798 | INFO  | SCMAudit | user=jenkins1000 | ip=192.168.157.194 | op=SEND_HEARTBEAT {datanodeUUID=d42e1e69-47db-482b-ad03-89cca26a9b49, command=[]} | ret=SUCCESS |  
2019-08-29 08:46:05,066 | INFO  | SCMAudit | user=jenkins1000 | ip=192.168.157.194 | op=SEND_HEARTBEAT {datanodeUUID=aeaf91a4-7b36-452e-90c9-b2e74ddba1a8, command=[]} | ret=SUCCESS |  
2019-08-29 08:46:05,066 | INFO  | SCMAudit | user=jenkins1000 | ip=192.168.157.194 | op=SEND_HEARTBEAT {datanodeUUID=beb647cc-dc8a-44df-94ce-0366e8d6be6e, command=[]} | ret=SUCCESS |  
2019-08-29 08:46:05,114 | INFO  | SCMAudit | user=jenkins1000 | ip=192.168.157.194 | op=SEND_HEARTBEAT {datanodeUUID=94988375-8e84-4aa9-97e8-8e5d754fbb51, command=[]} | ret=SUCCESS |  
2019-08-29 08:46:05,273 | INFO  | SCMAudit | user=jenkins1000 | ip=192.168.157.194 | op=SEND_HEARTBEAT {datanodeUUID=691d973f-4ee5-4b71-9c79-714a3e15e6a2, command=[]} | ret=SUCCESS |  
2019-08-29 08:46:05,273 | INFO  | SCMAudit | user=jenkins1000 | ip=192.168.157.194 | op=SEND_HEARTBEAT {datanodeUUID=ead32545-d171-4909-a11e-9b7dde0365ee, command=[]} | ret=SUCCESS |  
2019-08-29 08:46:05,310 | INFO  | SCMAudit | user=jenkins1000 | ip=192.168.157.194 | op=SEND_HEARTBEAT {datanodeUUID=b6aa82e4-5823-49f6-a34d-d75ec3f4bf0a, command=[]} | ret=SUCCESS |  
2019-08-29 08:46:05,729 | INFO  | SCMAudit | user=jenkins1000 | ip=192.168.157.194 | op=SEND_HEARTBEAT {datanodeUUID=af10c44b-16fa-4c36-b19d-5f1088e11be1, command=[]} | ret=SUCCESS |  
2019-08-29 08:46:05,797 | INFO  | SCMAudit | user=jenkins1000 | ip=192.168.157.194 | op=SEND_HEARTBEAT {datanodeUUID=d42e1e69-47db-482b-ad03-89cca26a9b49, command=[]} | ret=SUCCESS |  
2019-08-29 08:46:06,066 | INFO  | SCMAudit | user=jenkins1000 | ip=192.168.157.194 | op=SEND_HEARTBEAT {datanodeUUID=aeaf91a4-7b36-452e-90c9-b2e74ddba1a8, command=[]} | ret=SUCCESS |  
2019-08-29 08:46:06,066 | INFO  | SCMAudit | user=jenkins1000 | ip=192.168.157.194 | op=SEND_HEARTBEAT {datanodeUUID=beb647cc-dc8a-44df-94ce-0366e8d6be6e, command=[]} | ret=SUCCESS |  
2019-08-29 08:46:06,114 | INFO  | SCMAudit | user=jenkins1000 | ip=192.168.157.194 | op=SEND_HEARTBEAT {datanodeUUID=94988375-8e84-4aa9-97e8-8e5d754fbb51, command=[]} | ret=SUCCESS |  
2019-08-29 08:46:06,273 | INFO  | SCMAudit | user=jenkins1000 | ip=192.168.157.194 | op=SEND_HEARTBEAT {datanodeUUID=691d973f-4ee5-4b71-9c79-714a3e15e6a2, command=[]} | ret=SUCCESS |  
2019-08-29 08:46:06,273 | INFO  | SCMAudit | user=jenkins1000 | ip=192.168.157.194 | op=SEND_HEARTBEAT {datanodeUUID=ead32545-d171-4909-a11e-9b7dde0365ee, command=[]} | ret=SUCCESS |  
2019-08-29 08:46:06,310 | INFO  | SCMAudit | user=jenkins1000 | ip=192.168.157.194 | op=SEND_HEARTBEAT {datanodeUUID=b6aa82e4-5823-49f6-a34d-d75ec3f4bf0a, command=[]} | ret=SUCCESS |  
2019-08-29 08:46:06,599 [main] INFO  ozoneimpl.OzoneContainer (OzoneContainer.java:stop(215)) - Attempting to stop container services.
2019-08-29 08:46:06,599 [ForkJoinPool.commonPool-worker-0] INFO  ozoneimpl.OzoneContainer (OzoneContainer.java:stop(215)) - Attempting to stop container services.
2019-08-29 08:46:06,600 [main] INFO  impl.RaftServerProxy (RaftServerProxy.java:lambda$close$4(314)) - 75ccd8a6-06da-4259-a20c-b7736bd9bda0: close
2019-08-29 08:46:06,600 [ForkJoinPool.commonPool-worker-0] INFO  impl.RaftServerProxy (RaftServerProxy.java:lambda$close$4(314)) - 4d8418c6-9aaf-413c-a95a-22b3e00264fc: close
2019-08-29 08:46:06,604 [main] INFO  impl.RaftServerImpl (RaftServerImpl.java:lambda$shutdown$3(245)) - 75ccd8a6-06da-4259-a20c-b7736bd9bda0: shutdown group-658FE73EBB8E
2019-08-29 08:46:06,604 [ForkJoinPool.commonPool-worker-0] INFO  impl.RaftServerImpl (RaftServerImpl.java:lambda$shutdown$3(245)) - 4d8418c6-9aaf-413c-a95a-22b3e00264fc: shutdown group-A4BC83B70E41
2019-08-29 08:46:06,605 [main] INFO  util.JmxRegister (JmxRegister.java:unregister(73)) - Successfully un-registered JMX Bean with object name Ratis:service=RaftServer,group=group-658FE73EBB8E,id=75ccd8a6-06da-4259-a20c-b7736bd9bda0
2019-08-29 08:46:06,605 [ForkJoinPool.commonPool-worker-0] INFO  util.JmxRegister (JmxRegister.java:unregister(73)) - Successfully un-registered JMX Bean with object name Ratis:service=RaftServer,group=group-A4BC83B70E41,id=4d8418c6-9aaf-413c-a95a-22b3e00264fc
2019-08-29 08:46:06,605 [main] INFO  impl.RoleInfo (RoleInfo.java:shutdownLeaderState(104)) - 75ccd8a6-06da-4259-a20c-b7736bd9bda0: shutdown LeaderState
2019-08-29 08:46:06,606 [ForkJoinPool.commonPool-worker-0] INFO  impl.RoleInfo (RoleInfo.java:shutdownLeaderState(104)) - 4d8418c6-9aaf-413c-a95a-22b3e00264fc: shutdown LeaderState
2019-08-29 08:46:06,606 [main] INFO  impl.PendingRequests (PendingRequests.java:sendNotLeaderResponses(202)) - 75ccd8a6-06da-4259-a20c-b7736bd9bda0-PendingRequests: sendNotLeaderResponses
2019-08-29 08:46:06,606 [ForkJoinPool.commonPool-worker-0] INFO  impl.PendingRequests (PendingRequests.java:sendNotLeaderResponses(202)) - 4d8418c6-9aaf-413c-a95a-22b3e00264fc-PendingRequests: sendNotLeaderResponses
2019-08-29 08:46:06,607 [main] INFO  impl.StateMachineUpdater (StateMachineUpdater.java:stopAndJoin(115)) - StateMachineUpdater:75ccd8a6-06da-4259-a20c-b7736bd9bda0:group-658FE73EBB8E: set stopIndex = 0
2019-08-29 08:46:06,607 [ForkJoinPool.commonPool-worker-0] INFO  impl.StateMachineUpdater (StateMachineUpdater.java:stopAndJoin(115)) - StateMachineUpdater:4d8418c6-9aaf-413c-a95a-22b3e00264fc:group-A4BC83B70E41: set stopIndex = 0
2019-08-29 08:46:06,608 [main] INFO  impl.RaftServerImpl (ServerState.java:close(394)) - 75ccd8a6-06da-4259-a20c-b7736bd9bda0:group-658FE73EBB8E closes. The last applied log index is 0
2019-08-29 08:46:06,608 [ForkJoinPool.commonPool-worker-0] INFO  impl.RaftServerImpl (ServerState.java:close(394)) - 4d8418c6-9aaf-413c-a95a-22b3e00264fc:group-A4BC83B70E41 closes. The last applied log index is 0
2019-08-29 08:46:06,609 [75ccd8a6-06da-4259-a20c-b7736bd9bda0-SegmentedRaftLogWorker:Storage Directory /workdir/hadoop-ozone/integration-test/target/test-dir/MiniOzoneClusterImpl-43bc7ae7-4e66-4855-88e6-16f3e36bad4f/datanode-5/data/ratis/7e4f435b-33c3-4de4-bce5-658fe73ebb8e] INFO  segmented.SegmentedRaftLogWorker (SegmentedRaftLogWorker.java:run(313)) - 75ccd8a6-06da-4259-a20c-b7736bd9bda0-SegmentedRaftLogWorker:Storage Directory /workdir/hadoop-ozone/integration-test/target/test-dir/MiniOzoneClusterImpl-43bc7ae7-4e66-4855-88e6-16f3e36bad4f/datanode-5/data/ratis/7e4f435b-33c3-4de4-bce5-658fe73ebb8e was interrupted, exiting. There are 0 tasks remaining in the queue.
2019-08-29 08:46:06,609 [4d8418c6-9aaf-413c-a95a-22b3e00264fc-SegmentedRaftLogWorker:Storage Directory /workdir/hadoop-ozone/integration-test/target/test-dir/MiniOzoneClusterImpl-43bc7ae7-4e66-4855-88e6-16f3e36bad4f/datanode-2/data/ratis/0354c130-5d56-4e42-b13d-a4bc83b70e41] INFO  segmented.SegmentedRaftLogWorker (SegmentedRaftLogWorker.java:run(313)) - 4d8418c6-9aaf-413c-a95a-22b3e00264fc-SegmentedRaftLogWorker:Storage Directory /workdir/hadoop-ozone/integration-test/target/test-dir/MiniOzoneClusterImpl-43bc7ae7-4e66-4855-88e6-16f3e36bad4f/datanode-2/data/ratis/0354c130-5d56-4e42-b13d-a4bc83b70e41 was interrupted, exiting. There are 0 tasks remaining in the queue.
2019-08-29 08:46:06,615 [main] INFO  segmented.SegmentedRaftLogWorker (SegmentedRaftLogWorker.java:close(228)) - 75ccd8a6-06da-4259-a20c-b7736bd9bda0-SegmentedRaftLogWorker:Storage Directory /workdir/hadoop-ozone/integration-test/target/test-dir/MiniOzoneClusterImpl-43bc7ae7-4e66-4855-88e6-16f3e36bad4f/datanode-5/data/ratis/7e4f435b-33c3-4de4-bce5-658fe73ebb8e close()
2019-08-29 08:46:06,615 [ForkJoinPool.commonPool-worker-0] INFO  segmented.SegmentedRaftLogWorker (SegmentedRaftLogWorker.java:close(228)) - 4d8418c6-9aaf-413c-a95a-22b3e00264fc-SegmentedRaftLogWorker:Storage Directory /workdir/hadoop-ozone/integration-test/target/test-dir/MiniOzoneClusterImpl-43bc7ae7-4e66-4855-88e6-16f3e36bad4f/datanode-2/data/ratis/0354c130-5d56-4e42-b13d-a4bc83b70e41 close()
2019-08-29 08:46:06,635 [main] INFO  server.GrpcService (GrpcService.java:closeImpl(155)) - 75ccd8a6-06da-4259-a20c-b7736bd9bda0: shutdown server with port 33470 now
2019-08-29 08:46:06,639 [ForkJoinPool.commonPool-worker-0] INFO  impl.RaftServerImpl (RaftServerImpl.java:lambda$shutdown$3(245)) - 4d8418c6-9aaf-413c-a95a-22b3e00264fc: shutdown group-144D18612C90
2019-08-29 08:46:06,640 [main] INFO  server.GrpcService (GrpcService.java:closeImpl(163)) - 75ccd8a6-06da-4259-a20c-b7736bd9bda0: shutdown server with port 33470 successfully
2019-08-29 08:46:06,640 [ForkJoinPool.commonPool-worker-0] INFO  util.JmxRegister (JmxRegister.java:unregister(73)) - Successfully un-registered JMX Bean with object name Ratis:service=RaftServer,group=group-144D18612C90,id=4d8418c6-9aaf-413c-a95a-22b3e00264fc
2019-08-29 08:46:06,641 [ForkJoinPool.commonPool-worker-0] INFO  impl.RoleInfo (RoleInfo.java:shutdownFollowerState(121)) - 4d8418c6-9aaf-413c-a95a-22b3e00264fc: shutdown FollowerState
2019-08-29 08:46:06,641 [ForkJoinPool.commonPool-worker-0] INFO  impl.StateMachineUpdater (StateMachineUpdater.java:stopAndJoin(115)) - StateMachineUpdater:4d8418c6-9aaf-413c-a95a-22b3e00264fc:group-144D18612C90: set stopIndex = 8
2019-08-29 08:46:06,641 [Thread-1185] INFO  impl.FollowerState (FollowerState.java:run(114)) - 4d8418c6-9aaf-413c-a95a-22b3e00264fc: FollowerState was interrupted: java.lang.InterruptedException: sleep interrupted
2019-08-29 08:46:06,641 [StateMachineUpdater:4d8418c6-9aaf-413c-a95a-22b3e00264fc:group-144D18612C90] INFO  ratis.ContainerStateMachine (ContainerStateMachine.java:takeSnapshot(284)) - group-144D18612C90: Taking a snapshot at:(t:1, i:6) file /workdir/hadoop-ozone/integration-test/target/test-dir/MiniOzoneClusterImpl-43bc7ae7-4e66-4855-88e6-16f3e36bad4f/datanode-2/data/ratis/cbfa81a5-799f-4263-b232-144d18612c90/sm/snapshot.1_6
2019-08-29 08:46:06,645 [refreshUsed-/workdir/hadoop-ozone/integration-test/target/test-dir/MiniOzoneClusterImpl-43bc7ae7-4e66-4855-88e6-16f3e36bad4f/datanode-5/data/containers] WARN  fs.CachingGetSpaceUsed (CachingGetSpaceUsed.java:run(183)) - Thread Interrupted waiting to refresh disk information: sleep interrupted
2019-08-29 08:46:06,665 [main] INFO  utils.BackgroundService (BackgroundService.java:shutdown(148)) - Shutting down service BlockDeletingService
2019-08-29 08:46:06,672 [main] INFO  statemachine.DatanodeStateMachine (DatanodeStateMachine.java:stopDaemon(395)) - Ozone container server stopped.
2019-08-29 08:46:06,674 [main] INFO  handler.ContextHandler (ContextHandler.java:doStop(910)) - Stopped o.e.j.w.WebAppContext@2ffe243f{/,null,UNAVAILABLE}{/hddsDatanode}
2019-08-29 08:46:06,675 [main] INFO  server.AbstractConnector (AbstractConnector.java:doStop(318)) - Stopped ServerConnector@58ae402b{HTTP/1.1,[http/1.1]}{0.0.0.0:0}
2019-08-29 08:46:06,675 [main] INFO  handler.ContextHandler (ContextHandler.java:doStop(910)) - Stopped o.e.j.s.ServletContextHandler@14c141c0{/static,jar:file:/home/user/.m2/repository/org/apache/hadoop/hadoop-hdds-container-service/0.5.0-SNAPSHOT/hadoop-hdds-container-service-0.5.0-SNAPSHOT.jar!/webapps/static,UNAVAILABLE}
2019-08-29 08:46:06,675 [main] INFO  handler.ContextHandler (ContextHandler.java:doStop(910)) - Stopped o.e.j.s.ServletContextHandler@22d9ca63{/logs,file:///workdir/hadoop-ozone/integration-test/target/log,UNAVAILABLE}
2019-08-29 08:46:06,728 | INFO  | SCMAudit | user=jenkins1000 | ip=192.168.157.194 | op=SEND_HEARTBEAT {datanodeUUID=af10c44b-16fa-4c36-b19d-5f1088e11be1, command=[]} | ret=SUCCESS |  
2019-08-29 08:46:06,798 | INFO  | SCMAudit | user=jenkins1000 | ip=192.168.157.194 | op=SEND_HEARTBEAT {datanodeUUID=d42e1e69-47db-482b-ad03-89cca26a9b49, command=[]} | ret=SUCCESS |  
2019-08-29 08:46:06,799 [StateMachineUpdater:4d8418c6-9aaf-413c-a95a-22b3e00264fc:group-144D18612C90] INFO  ratis.ContainerStateMachine (ContainerStateMachine.java:takeSnapshot(295)) - group-144D18612C90: Finished taking a snapshot at:(t:1, i:6) file:/workdir/hadoop-ozone/integration-test/target/test-dir/MiniOzoneClusterImpl-43bc7ae7-4e66-4855-88e6-16f3e36bad4f/datanode-2/data/ratis/cbfa81a5-799f-4263-b232-144d18612c90/sm/snapshot.1_6 time:159
2019-08-29 08:46:06,799 [StateMachineUpdater:4d8418c6-9aaf-413c-a95a-22b3e00264fc:group-144D18612C90] INFO  impl.StateMachineUpdater (StateMachineUpdater.java:takeSnapshot(242)) - StateMachineUpdater:4d8418c6-9aaf-413c-a95a-22b3e00264fc:group-144D18612C90: Took a snapshot at index 6
2019-08-29 08:46:06,799 [StateMachineUpdater:4d8418c6-9aaf-413c-a95a-22b3e00264fc:group-144D18612C90] INFO  impl.StateMachineUpdater (StateMachineUpdater.java:lambda$new$0(80)) - StateMachineUpdater:4d8418c6-9aaf-413c-a95a-22b3e00264fc:group-144D18612C90: snapshotIndex: updateIncreasingly -1 -> 6
2019-08-29 08:46:06,800 [ForkJoinPool.commonPool-worker-0] INFO  impl.RaftServerImpl (ServerState.java:close(394)) - 4d8418c6-9aaf-413c-a95a-22b3e00264fc:group-144D18612C90 closes. The last applied log index is 8
2019-08-29 08:46:06,800 [4d8418c6-9aaf-413c-a95a-22b3e00264fc-SegmentedRaftLogWorker:Storage Directory /workdir/hadoop-ozone/integration-test/target/test-dir/MiniOzoneClusterImpl-43bc7ae7-4e66-4855-88e6-16f3e36bad4f/datanode-2/data/ratis/cbfa81a5-799f-4263-b232-144d18612c90] INFO  segmented.SegmentedRaftLogWorker (SegmentedRaftLogWorker.java:run(313)) - 4d8418c6-9aaf-413c-a95a-22b3e00264fc-SegmentedRaftLogWorker:Storage Directory /workdir/hadoop-ozone/integration-test/target/test-dir/MiniOzoneClusterImpl-43bc7ae7-4e66-4855-88e6-16f3e36bad4f/datanode-2/data/ratis/cbfa81a5-799f-4263-b232-144d18612c90 was interrupted, exiting. There are 0 tasks remaining in the queue.
2019-08-29 08:46:06,804 [ForkJoinPool.commonPool-worker-0] INFO  segmented.SegmentedRaftLogWorker (SegmentedRaftLogWorker.java:close(228)) - 4d8418c6-9aaf-413c-a95a-22b3e00264fc-SegmentedRaftLogWorker:Storage Directory /workdir/hadoop-ozone/integration-test/target/test-dir/MiniOzoneClusterImpl-43bc7ae7-4e66-4855-88e6-16f3e36bad4f/datanode-2/data/ratis/cbfa81a5-799f-4263-b232-144d18612c90 close()
2019-08-29 08:46:06,807 [ForkJoinPool.commonPool-worker-0] INFO  server.GrpcService (GrpcService.java:closeImpl(155)) - 4d8418c6-9aaf-413c-a95a-22b3e00264fc: shutdown server with port 33119 now
2019-08-29 08:46:06,808 [grpc-default-executor-4] WARN  server.GrpcServerProtocolService (LogUtils.java:warn(134)) - 4d8418c6-9aaf-413c-a95a-22b3e00264fc: appendEntries onError: org.apache.ratis.thirdparty.io.grpc.StatusRuntimeException: CANCELLED: cancelled before receiving half close
2019-08-29 08:46:06,809 [grpc-default-executor-3] WARN  server.GrpcLogAppender (LogUtils.java:warn(134)) - ead32545-d171-4909-a11e-9b7dde0365ee->4d8418c6-9aaf-413c-a95a-22b3e00264fc: Failed appendEntries: org.apache.ratis.thirdparty.io.grpc.StatusRuntimeException: CANCELLED: HTTP/2 error code: CANCEL
Received Rst Stream
2019-08-29 08:46:06,809 [ForkJoinPool.commonPool-worker-0] INFO  server.GrpcService (GrpcService.java:closeImpl(163)) - 4d8418c6-9aaf-413c-a95a-22b3e00264fc: shutdown server with port 33119 successfully
2019-08-29 08:46:06,809 [grpc-default-executor-3] INFO  impl.FollowerInfo (FollowerInfo.java:lambda$new$0(50)) - ead32545-d171-4909-a11e-9b7dde0365ee->4d8418c6-9aaf-413c-a95a-22b3e00264fc: nextIndex: updateUnconditionally 9 -> 8
2019-08-29 08:46:06,811 [refreshUsed-/workdir/hadoop-ozone/integration-test/target/test-dir/MiniOzoneClusterImpl-43bc7ae7-4e66-4855-88e6-16f3e36bad4f/datanode-2/data/containers] WARN  fs.CachingGetSpaceUsed (CachingGetSpaceUsed.java:run(183)) - Thread Interrupted waiting to refresh disk information: sleep interrupted
2019-08-29 08:46:06,829 [ForkJoinPool.commonPool-worker-0] INFO  utils.BackgroundService (BackgroundService.java:shutdown(148)) - Shutting down service BlockDeletingService
2019-08-29 08:46:06,836 [ForkJoinPool.commonPool-worker-0] INFO  statemachine.DatanodeStateMachine (DatanodeStateMachine.java:stopDaemon(395)) - Ozone container server stopped.
2019-08-29 08:46:06,842 [ForkJoinPool.commonPool-worker-0] INFO  handler.ContextHandler (ContextHandler.java:doStop(910)) - Stopped o.e.j.w.WebAppContext@479ac2cb{/,null,UNAVAILABLE}{/hddsDatanode}
2019-08-29 08:46:06,843 [ForkJoinPool.commonPool-worker-0] INFO  server.AbstractConnector (AbstractConnector.java:doStop(318)) - Stopped ServerConnector@220c9a63{HTTP/1.1,[http/1.1]}{0.0.0.0:0}
2019-08-29 08:46:06,846 [ForkJoinPool.commonPool-worker-0] INFO  handler.ContextHandler (ContextHandler.java:doStop(910)) - Stopped o.e.j.s.ServletContextHandler@5e5beb8a{/static,jar:file:/home/user/.m2/repository/org/apache/hadoop/hadoop-hdds-container-service/0.5.0-SNAPSHOT/hadoop-hdds-container-service-0.5.0-SNAPSHOT.jar!/webapps/static,UNAVAILABLE}
2019-08-29 08:46:06,849 [ForkJoinPool.commonPool-worker-0] INFO  handler.ContextHandler (ContextHandler.java:doStop(910)) - Stopped o.e.j.s.ServletContextHandler@58aa10f4{/logs,file:///workdir/hadoop-ozone/integration-test/target/log,UNAVAILABLE}
2019-08-29 08:46:07,066 [Datanode State Machine Thread - 0] INFO  statemachine.DatanodeStateMachine (DatanodeStateMachine.java:lambda$startDaemon$0(350)) - Ozone container server started.
2019-08-29 08:46:07,067 | INFO  | SCMAudit | user=jenkins1000 | ip=192.168.157.194 | op=SEND_HEARTBEAT {datanodeUUID=aeaf91a4-7b36-452e-90c9-b2e74ddba1a8, command=[]} | ret=SUCCESS |  
2019-08-29 08:46:07,068 [grpc-default-executor-7] WARN  server.GrpcLogAppender (LogUtils.java:warn(134)) - ead32545-d171-4909-a11e-9b7dde0365ee->4d8418c6-9aaf-413c-a95a-22b3e00264fc: Failed appendEntries: org.apache.ratis.thirdparty.io.grpc.StatusRuntimeException: UNAVAILABLE: io exception
2019-08-29 08:46:07,069 [grpc-default-executor-7] INFO  impl.FollowerInfo (FollowerInfo.java:lambda$new$0(50)) - ead32545-d171-4909-a11e-9b7dde0365ee->4d8418c6-9aaf-413c-a95a-22b3e00264fc: nextIndex: updateUnconditionally 8 -> 7
2019-08-29 08:46:07,114 | INFO  | SCMAudit | user=jenkins1000 | ip=192.168.157.194 | op=SEND_HEARTBEAT {datanodeUUID=94988375-8e84-4aa9-97e8-8e5d754fbb51, command=[]} | ret=SUCCESS |  
2019-08-29 08:46:07,273 [Datanode State Machine Thread - 0] INFO  statemachine.DatanodeStateMachine (DatanodeStateMachine.java:lambda$startDaemon$0(350)) - Ozone container server started.
2019-08-29 08:46:07,274 | INFO  | SCMAudit | user=jenkins1000 | ip=192.168.157.194 | op=SEND_HEARTBEAT {datanodeUUID=ead32545-d171-4909-a11e-9b7dde0365ee, command=[]} | ret=SUCCESS |  
2019-08-29 08:46:07,310 | INFO  | SCMAudit | user=jenkins1000 | ip=192.168.157.194 | op=SEND_HEARTBEAT {datanodeUUID=b6aa82e4-5823-49f6-a34d-d75ec3f4bf0a, command=[]} | ret=SUCCESS |  
2019-08-29 08:46:07,569 [grpc-default-executor-4] WARN  server.GrpcLogAppender (LogUtils.java:warn(134)) - ead32545-d171-4909-a11e-9b7dde0365ee->4d8418c6-9aaf-413c-a95a-22b3e00264fc: Failed appendEntries: org.apache.ratis.thirdparty.io.grpc.StatusRuntimeException: UNAVAILABLE: io exception
2019-08-29 08:46:07,570 [grpc-default-executor-4] INFO  impl.FollowerInfo (FollowerInfo.java:lambda$new$0(50)) - ead32545-d171-4909-a11e-9b7dde0365ee->4d8418c6-9aaf-413c-a95a-22b3e00264fc: nextIndex: updateUnconditionally 7 -> 6
2019-08-29 08:46:07,729 | INFO  | SCMAudit | user=jenkins1000 | ip=192.168.157.194 | op=SEND_HEARTBEAT {datanodeUUID=af10c44b-16fa-4c36-b19d-5f1088e11be1, command=[]} | ret=SUCCESS |  
2019-08-29 08:46:07,799 | INFO  | SCMAudit | user=jenkins1000 | ip=192.168.157.194 | op=SEND_HEARTBEAT {datanodeUUID=d42e1e69-47db-482b-ad03-89cca26a9b49, command=[]} | ret=SUCCESS |  
2019-08-29 08:46:08,066 | INFO  | SCMAudit | user=jenkins1000 | ip=192.168.157.194 | op=SEND_HEARTBEAT {datanodeUUID=aeaf91a4-7b36-452e-90c9-b2e74ddba1a8, command=[]} | ret=SUCCESS |  
2019-08-29 08:46:08,070 [grpc-default-executor-7] WARN  server.GrpcLogAppender (LogUtils.java:warn(134)) - ead32545-d171-4909-a11e-9b7dde0365ee->4d8418c6-9aaf-413c-a95a-22b3e00264fc: Failed appendEntries: org.apache.ratis.thirdparty.io.grpc.StatusRuntimeException: UNAVAILABLE: io exception
2019-08-29 08:46:08,071 [grpc-default-executor-7] INFO  impl.FollowerInfo (FollowerInfo.java:lambda$new$0(50)) - ead32545-d171-4909-a11e-9b7dde0365ee->4d8418c6-9aaf-413c-a95a-22b3e00264fc: nextIndex: updateUnconditionally 6 -> 5
2019-08-29 08:46:08,114 | INFO  | SCMAudit | user=jenkins1000 | ip=192.168.157.194 | op=SEND_HEARTBEAT {datanodeUUID=94988375-8e84-4aa9-97e8-8e5d754fbb51, command=[]} | ret=SUCCESS |  
2019-08-29 08:46:08,273 | INFO  | SCMAudit | user=jenkins1000 | ip=192.168.157.194 | op=SEND_HEARTBEAT {datanodeUUID=ead32545-d171-4909-a11e-9b7dde0365ee, command=[]} | ret=SUCCESS |  
2019-08-29 08:46:08,311 | INFO  | SCMAudit | user=jenkins1000 | ip=192.168.157.194 | op=SEND_HEARTBEAT {datanodeUUID=b6aa82e4-5823-49f6-a34d-d75ec3f4bf0a, command=[]} | ret=SUCCESS |  
2019-08-29 08:46:08,571 [grpc-default-executor-3] WARN  server.GrpcLogAppender (LogUtils.java:warn(134)) - ead32545-d171-4909-a11e-9b7dde0365ee->4d8418c6-9aaf-413c-a95a-22b3e00264fc: Failed appendEntries: org.apache.ratis.thirdparty.io.grpc.StatusRuntimeException: UNAVAILABLE: io exception
2019-08-29 08:46:08,572 [grpc-default-executor-3] INFO  impl.FollowerInfo (FollowerInfo.java:lambda$new$0(50)) - ead32545-d171-4909-a11e-9b7dde0365ee->4d8418c6-9aaf-413c-a95a-22b3e00264fc: nextIndex: updateUnconditionally 5 -> 4
2019-08-29 08:46:08,728 | INFO  | SCMAudit | user=jenkins1000 | ip=192.168.157.194 | op=SEND_HEARTBEAT {datanodeUUID=af10c44b-16fa-4c36-b19d-5f1088e11be1, command=[]} | ret=SUCCESS |  
2019-08-29 08:46:08,799 | INFO  | SCMAudit | user=jenkins1000 | ip=192.168.157.194 | op=SEND_HEARTBEAT {datanodeUUID=d42e1e69-47db-482b-ad03-89cca26a9b49, command=[]} | ret=SUCCESS |  
2019-08-29 08:46:09,066 | INFO  | SCMAudit | user=jenkins1000 | ip=192.168.157.194 | op=SEND_HEARTBEAT {datanodeUUID=aeaf91a4-7b36-452e-90c9-b2e74ddba1a8, command=[]} | ret=SUCCESS |  
2019-08-29 08:46:09,073 [grpc-default-executor-7] WARN  server.GrpcLogAppender (LogUtils.java:warn(134)) - ead32545-d171-4909-a11e-9b7dde0365ee->4d8418c6-9aaf-413c-a95a-22b3e00264fc: Failed appendEntries: org.apache.ratis.thirdparty.io.grpc.StatusRuntimeException: UNAVAILABLE: io exception
2019-08-29 08:46:09,073 [grpc-default-executor-7] INFO  impl.FollowerInfo (FollowerInfo.java:lambda$new$0(50)) - ead32545-d171-4909-a11e-9b7dde0365ee->4d8418c6-9aaf-413c-a95a-22b3e00264fc: nextIndex: updateUnconditionally 4 -> 3
2019-08-29 08:46:09,114 | INFO  | SCMAudit | user=jenkins1000 | ip=192.168.157.194 | op=SEND_HEARTBEAT {datanodeUUID=94988375-8e84-4aa9-97e8-8e5d754fbb51, command=[]} | ret=SUCCESS |  
2019-08-29 08:46:09,273 | INFO  | SCMAudit | user=jenkins1000 | ip=192.168.157.194 | op=SEND_HEARTBEAT {datanodeUUID=ead32545-d171-4909-a11e-9b7dde0365ee, command=[]} | ret=SUCCESS |  
2019-08-29 08:46:09,310 | INFO  | SCMAudit | user=jenkins1000 | ip=192.168.157.194 | op=SEND_HEARTBEAT {datanodeUUID=b6aa82e4-5823-49f6-a34d-d75ec3f4bf0a, command=[]} | ret=SUCCESS |  
2019-08-29 08:46:09,572 [grpc-default-executor-4] WARN  server.GrpcLogAppender (LogUtils.java:warn(134)) - ead32545-d171-4909-a11e-9b7dde0365ee->4d8418c6-9aaf-413c-a95a-22b3e00264fc: Failed appendEntries: org.apache.ratis.thirdparty.io.grpc.StatusRuntimeException: UNAVAILABLE: io exception
2019-08-29 08:46:09,573 [grpc-default-executor-4] INFO  impl.FollowerInfo (FollowerInfo.java:lambda$new$0(50)) - ead32545-d171-4909-a11e-9b7dde0365ee->4d8418c6-9aaf-413c-a95a-22b3e00264fc: nextIndex: updateUnconditionally 3 -> 2
2019-08-29 08:46:09,728 | INFO  | SCMAudit | user=jenkins1000 | ip=192.168.157.194 | op=SEND_HEARTBEAT {datanodeUUID=af10c44b-16fa-4c36-b19d-5f1088e11be1, command=[]} | ret=SUCCESS |  
2019-08-29 08:46:09,799 | INFO  | SCMAudit | user=jenkins1000 | ip=192.168.157.194 | op=SEND_HEARTBEAT {datanodeUUID=d42e1e69-47db-482b-ad03-89cca26a9b49, command=[]} | ret=SUCCESS |  
2019-08-29 08:46:10,066 | INFO  | SCMAudit | user=jenkins1000 | ip=192.168.157.194 | op=SEND_HEARTBEAT {datanodeUUID=aeaf91a4-7b36-452e-90c9-b2e74ddba1a8, command=[]} | ret=SUCCESS |  
2019-08-29 08:46:10,073 [grpc-default-executor-7] WARN  server.GrpcLogAppender (LogUtils.java:warn(134)) - ead32545-d171-4909-a11e-9b7dde0365ee->4d8418c6-9aaf-413c-a95a-22b3e00264fc: Failed appendEntries: org.apache.ratis.thirdparty.io.grpc.StatusRuntimeException: UNAVAILABLE: io exception
2019-08-29 08:46:10,074 [grpc-default-executor-7] INFO  impl.FollowerInfo (FollowerInfo.java:lambda$new$0(50)) - ead32545-d171-4909-a11e-9b7dde0365ee->4d8418c6-9aaf-413c-a95a-22b3e00264fc: nextIndex: updateUnconditionally 2 -> 1
2019-08-29 08:46:10,114 | INFO  | SCMAudit | user=jenkins1000 | ip=192.168.157.194 | op=SEND_HEARTBEAT {datanodeUUID=94988375-8e84-4aa9-97e8-8e5d754fbb51, command=[]} | ret=SUCCESS |  
2019-08-29 08:46:10,273 | INFO  | SCMAudit | user=jenkins1000 | ip=192.168.157.194 | op=SEND_HEARTBEAT {datanodeUUID=ead32545-d171-4909-a11e-9b7dde0365ee, command=[]} | ret=SUCCESS |  
2019-08-29 08:46:10,310 | INFO  | SCMAudit | user=jenkins1000 | ip=192.168.157.194 | op=SEND_HEARTBEAT {datanodeUUID=b6aa82e4-5823-49f6-a34d-d75ec3f4bf0a, command=[]} | ret=SUCCESS |  
2019-08-29 08:46:10,574 [grpc-default-executor-3] WARN  server.GrpcLogAppender (LogUtils.java:warn(134)) - ead32545-d171-4909-a11e-9b7dde0365ee->4d8418c6-9aaf-413c-a95a-22b3e00264fc: Failed appendEntries: org.apache.ratis.thirdparty.io.grpc.StatusRuntimeException: UNAVAILABLE: io exception
2019-08-29 08:46:10,575 [grpc-default-executor-3] INFO  impl.FollowerInfo (FollowerInfo.java:lambda$new$0(50)) - ead32545-d171-4909-a11e-9b7dde0365ee->4d8418c6-9aaf-413c-a95a-22b3e00264fc: nextIndex: updateUnconditionally 1 -> 0
2019-08-29 08:46:10,728 | INFO  | SCMAudit | user=jenkins1000 | ip=192.168.157.194 | op=SEND_HEARTBEAT {datanodeUUID=af10c44b-16fa-4c36-b19d-5f1088e11be1, command=[]} | ret=SUCCESS |  
2019-08-29 08:46:10,800 | INFO  | SCMAudit | user=jenkins1000 | ip=192.168.157.194 | op=SEND_HEARTBEAT {datanodeUUID=d42e1e69-47db-482b-ad03-89cca26a9b49, command=[]} | ret=SUCCESS |  
2019-08-29 08:46:11,067 | INFO  | SCMAudit | user=jenkins1000 | ip=192.168.157.194 | op=SEND_HEARTBEAT {datanodeUUID=aeaf91a4-7b36-452e-90c9-b2e74ddba1a8, command=[]} | ret=SUCCESS |  
2019-08-29 08:46:11,075 [grpc-default-executor-7] WARN  server.GrpcLogAppender (LogUtils.java:warn(134)) - ead32545-d171-4909-a11e-9b7dde0365ee->4d8418c6-9aaf-413c-a95a-22b3e00264fc: Failed appendEntries: org.apache.ratis.thirdparty.io.grpc.StatusRuntimeException: UNAVAILABLE: io exception
2019-08-29 08:46:11,075 [grpc-default-executor-7] INFO  impl.FollowerInfo (FollowerInfo.java:lambda$new$0(50)) - ead32545-d171-4909-a11e-9b7dde0365ee->4d8418c6-9aaf-413c-a95a-22b3e00264fc: nextIndex: updateUnconditionally 0 -> 0
2019-08-29 08:46:11,115 | INFO  | SCMAudit | user=jenkins1000 | ip=192.168.157.194 | op=SEND_HEARTBEAT {datanodeUUID=94988375-8e84-4aa9-97e8-8e5d754fbb51, command=[]} | ret=SUCCESS |  
2019-08-29 08:46:11,273 | INFO  | SCMAudit | user=jenkins1000 | ip=192.168.157.194 | op=SEND_HEARTBEAT {datanodeUUID=ead32545-d171-4909-a11e-9b7dde0365ee, command=[]} | ret=SUCCESS |  
2019-08-29 08:46:11,310 | INFO  | SCMAudit | user=jenkins1000 | ip=192.168.157.194 | op=SEND_HEARTBEAT {datanodeUUID=b6aa82e4-5823-49f6-a34d-d75ec3f4bf0a, command=[]} | ret=SUCCESS |  
2019-08-29 08:46:11,576 [grpc-default-executor-7] WARN  server.GrpcLogAppender (LogUtils.java:warn(134)) - ead32545-d171-4909-a11e-9b7dde0365ee->4d8418c6-9aaf-413c-a95a-22b3e00264fc: Failed appendEntries: org.apache.ratis.thirdparty.io.grpc.StatusRuntimeException: UNAVAILABLE: io exception
2019-08-29 08:46:11,577 [grpc-default-executor-7] INFO  impl.FollowerInfo (FollowerInfo.java:lambda$new$0(50)) - ead32545-d171-4909-a11e-9b7dde0365ee->4d8418c6-9aaf-413c-a95a-22b3e00264fc: nextIndex: updateUnconditionally 0 -> 0
2019-08-29 08:46:11,677 [main] INFO  ozoneimpl.OzoneContainer (OzoneContainer.java:stop(215)) - Attempting to stop container services.
2019-08-29 08:46:11,678 [main] INFO  impl.RaftServerProxy (RaftServerProxy.java:lambda$close$4(314)) - 691d973f-4ee5-4b71-9c79-714a3e15e6a2: close
2019-08-29 08:46:11,678 [main] INFO  impl.RaftServerImpl (RaftServerImpl.java:lambda$shutdown$3(245)) - 691d973f-4ee5-4b71-9c79-714a3e15e6a2: shutdown group-C60AC54EF87A
2019-08-29 08:46:11,679 [main] INFO  util.JmxRegister (JmxRegister.java:unregister(73)) - Successfully un-registered JMX Bean with object name Ratis:service=RaftServer,group=group-C60AC54EF87A,id=691d973f-4ee5-4b71-9c79-714a3e15e6a2
2019-08-29 08:46:11,679 [main] INFO  impl.RoleInfo (RoleInfo.java:shutdownLeaderState(104)) - 691d973f-4ee5-4b71-9c79-714a3e15e6a2: shutdown LeaderState
2019-08-29 08:46:11,679 [main] INFO  impl.PendingRequests (PendingRequests.java:sendNotLeaderResponses(202)) - 691d973f-4ee5-4b71-9c79-714a3e15e6a2-PendingRequests: sendNotLeaderResponses
2019-08-29 08:46:11,680 [main] INFO  impl.StateMachineUpdater (StateMachineUpdater.java:stopAndJoin(115)) - StateMachineUpdater:691d973f-4ee5-4b71-9c79-714a3e15e6a2:group-C60AC54EF87A: set stopIndex = 0
2019-08-29 08:46:11,680 [main] INFO  impl.RaftServerImpl (ServerState.java:close(394)) - 691d973f-4ee5-4b71-9c79-714a3e15e6a2:group-C60AC54EF87A closes. The last applied log index is 0
2019-08-29 08:46:11,681 [691d973f-4ee5-4b71-9c79-714a3e15e6a2-SegmentedRaftLogWorker:Storage Directory /workdir/hadoop-ozone/integration-test/target/test-dir/MiniOzoneClusterImpl-43bc7ae7-4e66-4855-88e6-16f3e36bad4f/datanode-6/data/ratis/cac51f17-f390-43b4-9ed8-c60ac54ef87a] INFO  segmented.SegmentedRaftLogWorker (SegmentedRaftLogWorker.java:run(313)) - 691d973f-4ee5-4b71-9c79-714a3e15e6a2-SegmentedRaftLogWorker:Storage Directory /workdir/hadoop-ozone/integration-test/target/test-dir/MiniOzoneClusterImpl-43bc7ae7-4e66-4855-88e6-16f3e36bad4f/datanode-6/data/ratis/cac51f17-f390-43b4-9ed8-c60ac54ef87a was interrupted, exiting. There are 0 tasks remaining in the queue.
2019-08-29 08:46:11,684 [main] INFO  segmented.SegmentedRaftLogWorker (SegmentedRaftLogWorker.java:close(228)) - 691d973f-4ee5-4b71-9c79-714a3e15e6a2-SegmentedRaftLogWorker:Storage Directory /workdir/hadoop-ozone/integration-test/target/test-dir/MiniOzoneClusterImpl-43bc7ae7-4e66-4855-88e6-16f3e36bad4f/datanode-6/data/ratis/cac51f17-f390-43b4-9ed8-c60ac54ef87a close()
2019-08-29 08:46:11,687 [main] INFO  impl.RaftServerImpl (RaftServerImpl.java:lambda$shutdown$3(245)) - 691d973f-4ee5-4b71-9c79-714a3e15e6a2: shutdown group-144D18612C90
2019-08-29 08:46:11,688 [main] INFO  util.JmxRegister (JmxRegister.java:unregister(73)) - Successfully un-registered JMX Bean with object name Ratis:service=RaftServer,group=group-144D18612C90,id=691d973f-4ee5-4b71-9c79-714a3e15e6a2
2019-08-29 08:46:11,688 [main] INFO  impl.RoleInfo (RoleInfo.java:shutdownFollowerState(121)) - 691d973f-4ee5-4b71-9c79-714a3e15e6a2: shutdown FollowerState
2019-08-29 08:46:11,688 [main] INFO  impl.StateMachineUpdater (StateMachineUpdater.java:stopAndJoin(115)) - StateMachineUpdater:691d973f-4ee5-4b71-9c79-714a3e15e6a2:group-144D18612C90: set stopIndex = 8
2019-08-29 08:46:11,689 [StateMachineUpdater:691d973f-4ee5-4b71-9c79-714a3e15e6a2:group-144D18612C90] INFO  ratis.ContainerStateMachine (ContainerStateMachine.java:takeSnapshot(284)) - group-144D18612C90: Taking a snapshot at:(t:1, i:6) file /workdir/hadoop-ozone/integration-test/target/test-dir/MiniOzoneClusterImpl-43bc7ae7-4e66-4855-88e6-16f3e36bad4f/datanode-6/data/ratis/cbfa81a5-799f-4263-b232-144d18612c90/sm/snapshot.1_6
2019-08-29 08:46:11,688 [Thread-1184] INFO  impl.FollowerState (FollowerState.java:run(114)) - 691d973f-4ee5-4b71-9c79-714a3e15e6a2: FollowerState was interrupted: java.lang.InterruptedException: sleep interrupted
2019-08-29 08:46:11,729 | INFO  | SCMAudit | user=jenkins1000 | ip=192.168.157.194 | op=SEND_HEARTBEAT {datanodeUUID=af10c44b-16fa-4c36-b19d-5f1088e11be1, command=[]} | ret=SUCCESS |  
2019-08-29 08:46:11,798 [StateMachineUpdater:691d973f-4ee5-4b71-9c79-714a3e15e6a2:group-144D18612C90] INFO  ratis.ContainerStateMachine (ContainerStateMachine.java:takeSnapshot(295)) - group-144D18612C90: Finished taking a snapshot at:(t:1, i:6) file:/workdir/hadoop-ozone/integration-test/target/test-dir/MiniOzoneClusterImpl-43bc7ae7-4e66-4855-88e6-16f3e36bad4f/datanode-6/data/ratis/cbfa81a5-799f-4263-b232-144d18612c90/sm/snapshot.1_6 time:110
2019-08-29 08:46:11,798 [StateMachineUpdater:691d973f-4ee5-4b71-9c79-714a3e15e6a2:group-144D18612C90] INFO  impl.StateMachineUpdater (StateMachineUpdater.java:takeSnapshot(242)) - StateMachineUpdater:691d973f-4ee5-4b71-9c79-714a3e15e6a2:group-144D18612C90: Took a snapshot at index 6
2019-08-29 08:46:11,799 [StateMachineUpdater:691d973f-4ee5-4b71-9c79-714a3e15e6a2:group-144D18612C90] INFO  impl.StateMachineUpdater (StateMachineUpdater.java:lambda$new$0(80)) - StateMachineUpdater:691d973f-4ee5-4b71-9c79-714a3e15e6a2:group-144D18612C90: snapshotIndex: updateIncreasingly -1 -> 6
2019-08-29 08:46:11,799 | INFO  | SCMAudit | user=jenkins1000 | ip=192.168.157.194 | op=SEND_HEARTBEAT {datanodeUUID=d42e1e69-47db-482b-ad03-89cca26a9b49, command=[]} | ret=SUCCESS |  
2019-08-29 08:46:11,799 [main] INFO  impl.RaftServerImpl (ServerState.java:close(394)) - 691d973f-4ee5-4b71-9c79-714a3e15e6a2:group-144D18612C90 closes. The last applied log index is 8
2019-08-29 08:46:11,800 [691d973f-4ee5-4b71-9c79-714a3e15e6a2-SegmentedRaftLogWorker:Storage Directory /workdir/hadoop-ozone/integration-test/target/test-dir/MiniOzoneClusterImpl-43bc7ae7-4e66-4855-88e6-16f3e36bad4f/datanode-6/data/ratis/cbfa81a5-799f-4263-b232-144d18612c90] INFO  segmented.SegmentedRaftLogWorker (SegmentedRaftLogWorker.java:run(313)) - 691d973f-4ee5-4b71-9c79-714a3e15e6a2-SegmentedRaftLogWorker:Storage Directory /workdir/hadoop-ozone/integration-test/target/test-dir/MiniOzoneClusterImpl-43bc7ae7-4e66-4855-88e6-16f3e36bad4f/datanode-6/data/ratis/cbfa81a5-799f-4263-b232-144d18612c90 was interrupted, exiting. There are 0 tasks remaining in the queue.
2019-08-29 08:46:11,851 [ForkJoinPool.commonPool-worker-0] INFO  ozoneimpl.OzoneContainer (OzoneContainer.java:stop(215)) - Attempting to stop container services.
2019-08-29 08:46:11,851 [ForkJoinPool.commonPool-worker-0] INFO  impl.RaftServerProxy (RaftServerProxy.java:lambda$close$4(314)) - beb647cc-dc8a-44df-94ce-0366e8d6be6e: close
2019-08-29 08:46:11,851 [ForkJoinPool.commonPool-worker-0] INFO  impl.RaftServerImpl (RaftServerImpl.java:lambda$shutdown$3(245)) - beb647cc-dc8a-44df-94ce-0366e8d6be6e: shutdown group-5C6A73FB4D0A
2019-08-29 08:46:11,852 [ForkJoinPool.commonPool-worker-0] INFO  util.JmxRegister (JmxRegister.java:unregister(73)) - Successfully un-registered JMX Bean with object name Ratis:service=RaftServer,group=group-5C6A73FB4D0A,id=beb647cc-dc8a-44df-94ce-0366e8d6be6e
2019-08-29 08:46:11,852 [ForkJoinPool.commonPool-worker-0] INFO  impl.RoleInfo (RoleInfo.java:shutdownLeaderState(104)) - beb647cc-dc8a-44df-94ce-0366e8d6be6e: shutdown LeaderState
2019-08-29 08:46:11,859 [ForkJoinPool.commonPool-worker-0] INFO  impl.PendingRequests (PendingRequests.java:sendNotLeaderResponses(202)) - beb647cc-dc8a-44df-94ce-0366e8d6be6e-PendingRequests: sendNotLeaderResponses
2019-08-29 08:46:11,859 [org.apache.ratis.server.impl.LogAppender$AppenderDaemon$$Lambda$438/603291690@6a4cc254] WARN  server.GrpcLogAppender (GrpcLogAppender.java:mayWait(143)) - GrpcLogAppender(beb647cc-dc8a-44df-94ce-0366e8d6be6e->94988375-8e84-4aa9-97e8-8e5d754fbb51): Wait interrupted by java.lang.InterruptedException
2019-08-29 08:46:11,859 [org.apache.ratis.server.impl.LogAppender$AppenderDaemon$$Lambda$438/603291690@2f4e5179] WARN  server.GrpcLogAppender (GrpcLogAppender.java:mayWait(143)) - GrpcLogAppender(beb647cc-dc8a-44df-94ce-0366e8d6be6e->aeaf91a4-7b36-452e-90c9-b2e74ddba1a8): Wait interrupted by java.lang.InterruptedException
2019-08-29 08:46:11,861 [ForkJoinPool.commonPool-worker-0] INFO  impl.StateMachineUpdater (StateMachineUpdater.java:stopAndJoin(115)) - StateMachineUpdater:beb647cc-dc8a-44df-94ce-0366e8d6be6e:group-5C6A73FB4D0A: set stopIndex = 4
2019-08-29 08:46:11,861 [StateMachineUpdater:beb647cc-dc8a-44df-94ce-0366e8d6be6e:group-5C6A73FB4D0A] INFO  ratis.ContainerStateMachine (ContainerStateMachine.java:takeSnapshot(284)) - group-5C6A73FB4D0A: Taking a snapshot at:(t:2, i:4) file /workdir/hadoop-ozone/integration-test/target/test-dir/MiniOzoneClusterImpl-43bc7ae7-4e66-4855-88e6-16f3e36bad4f/datanode-3/data/ratis/445197ae-c843-4376-ab37-5c6a73fb4d0a/sm/snapshot.2_4
2019-08-29 08:46:11,862 [grpc-default-executor-3] INFO  server.GrpcServerProtocolService (GrpcServerProtocolService.java:onCompleted(104)) - 94988375-8e84-4aa9-97e8-8e5d754fbb51: appendEntries completed
2019-08-29 08:46:11,862 [grpc-default-executor-7] INFO  server.GrpcServerProtocolService (GrpcServerProtocolService.java:onCompleted(104)) - aeaf91a4-7b36-452e-90c9-b2e74ddba1a8: appendEntries completed
2019-08-29 08:46:11,863 [grpc-default-executor-7] INFO  server.GrpcLogAppender (GrpcLogAppender.java:onCompleted(292)) - beb647cc-dc8a-44df-94ce-0366e8d6be6e->94988375-8e84-4aa9-97e8-8e5d754fbb51: follower responses appendEntries COMPLETED
2019-08-29 08:46:11,863 [grpc-default-executor-3] INFO  server.GrpcLogAppender (GrpcLogAppender.java:onCompleted(292)) - beb647cc-dc8a-44df-94ce-0366e8d6be6e->aeaf91a4-7b36-452e-90c9-b2e74ddba1a8: follower responses appendEntries COMPLETED
2019-08-29 08:46:11,863 [grpc-default-executor-7] INFO  impl.FollowerInfo (FollowerInfo.java:lambda$new$0(50)) - beb647cc-dc8a-44df-94ce-0366e8d6be6e->94988375-8e84-4aa9-97e8-8e5d754fbb51: nextIndex: updateUnconditionally 5 -> 4
2019-08-29 08:46:11,863 [grpc-default-executor-3] INFO  impl.FollowerInfo (FollowerInfo.java:lambda$new$0(50)) - beb647cc-dc8a-44df-94ce-0366e8d6be6e->aeaf91a4-7b36-452e-90c9-b2e74ddba1a8: nextIndex: updateUnconditionally 5 -> 4
2019-08-29 08:46:11,882 [main] INFO  segmented.SegmentedRaftLogWorker (SegmentedRaftLogWorker.java:close(228)) - 691d973f-4ee5-4b71-9c79-714a3e15e6a2-SegmentedRaftLogWorker:Storage Directory /workdir/hadoop-ozone/integration-test/target/test-dir/MiniOzoneClusterImpl-43bc7ae7-4e66-4855-88e6-16f3e36bad4f/datanode-6/data/ratis/cbfa81a5-799f-4263-b232-144d18612c90 close()
2019-08-29 08:46:11,886 [StateMachineUpdater:beb647cc-dc8a-44df-94ce-0366e8d6be6e:group-5C6A73FB4D0A] INFO  ratis.ContainerStateMachine (ContainerStateMachine.java:takeSnapshot(295)) - group-5C6A73FB4D0A: Finished taking a snapshot at:(t:2, i:4) file:/workdir/hadoop-ozone/integration-test/target/test-dir/MiniOzoneClusterImpl-43bc7ae7-4e66-4855-88e6-16f3e36bad4f/datanode-3/data/ratis/445197ae-c843-4376-ab37-5c6a73fb4d0a/sm/snapshot.2_4 time:24
2019-08-29 08:46:11,886 [StateMachineUpdater:beb647cc-dc8a-44df-94ce-0366e8d6be6e:group-5C6A73FB4D0A] INFO  impl.StateMachineUpdater (StateMachineUpdater.java:takeSnapshot(242)) - StateMachineUpdater:beb647cc-dc8a-44df-94ce-0366e8d6be6e:group-5C6A73FB4D0A: Took a snapshot at index 4
2019-08-29 08:46:11,886 [main] INFO  server.GrpcService (GrpcService.java:closeImpl(155)) - 691d973f-4ee5-4b71-9c79-714a3e15e6a2: shutdown server with port 43776 now
2019-08-29 08:46:11,886 [StateMachineUpdater:beb647cc-dc8a-44df-94ce-0366e8d6be6e:group-5C6A73FB4D0A] INFO  impl.StateMachineUpdater (StateMachineUpdater.java:lambda$new$0(80)) - StateMachineUpdater:beb647cc-dc8a-44df-94ce-0366e8d6be6e:group-5C6A73FB4D0A: snapshotIndex: updateIncreasingly -1 -> 4
2019-08-29 08:46:11,886 [ForkJoinPool.commonPool-worker-0] INFO  impl.RaftServerImpl (ServerState.java:close(394)) - beb647cc-dc8a-44df-94ce-0366e8d6be6e:group-5C6A73FB4D0A closes. The last applied log index is 4
2019-08-29 08:46:11,887 [grpc-default-executor-7] WARN  server.GrpcServerProtocolService (LogUtils.java:warn(134)) - 691d973f-4ee5-4b71-9c79-714a3e15e6a2: appendEntries onError: org.apache.ratis.thirdparty.io.grpc.StatusRuntimeException: CANCELLED: cancelled before receiving half close
2019-08-29 08:46:11,887 [main] INFO  server.GrpcService (GrpcService.java:closeImpl(163)) - 691d973f-4ee5-4b71-9c79-714a3e15e6a2: shutdown server with port 43776 successfully
2019-08-29 08:46:11,887 [beb647cc-dc8a-44df-94ce-0366e8d6be6e-SegmentedRaftLogWorker:Storage Directory /workdir/hadoop-ozone/integration-test/target/test-dir/MiniOzoneClusterImpl-43bc7ae7-4e66-4855-88e6-16f3e36bad4f/datanode-3/data/ratis/445197ae-c843-4376-ab37-5c6a73fb4d0a] INFO  segmented.SegmentedRaftLogWorker (SegmentedRaftLogWorker.java:run(313)) - beb647cc-dc8a-44df-94ce-0366e8d6be6e-SegmentedRaftLogWorker:Storage Directory /workdir/hadoop-ozone/integration-test/target/test-dir/MiniOzoneClusterImpl-43bc7ae7-4e66-4855-88e6-16f3e36bad4f/datanode-3/data/ratis/445197ae-c843-4376-ab37-5c6a73fb4d0a was interrupted, exiting. There are 0 tasks remaining in the queue.
2019-08-29 08:46:11,887 [grpc-default-executor-4] WARN  server.GrpcLogAppender (LogUtils.java:warn(134)) - ead32545-d171-4909-a11e-9b7dde0365ee->691d973f-4ee5-4b71-9c79-714a3e15e6a2: Failed appendEntries: org.apache.ratis.thirdparty.io.grpc.StatusRuntimeException: CANCELLED: HTTP/2 error code: CANCEL
Received Rst Stream
2019-08-29 08:46:11,894 [ForkJoinPool.commonPool-worker-0] INFO  segmented.SegmentedRaftLogWorker (SegmentedRaftLogWorker.java:close(228)) - beb647cc-dc8a-44df-94ce-0366e8d6be6e-SegmentedRaftLogWorker:Storage Directory /workdir/hadoop-ozone/integration-test/target/test-dir/MiniOzoneClusterImpl-43bc7ae7-4e66-4855-88e6-16f3e36bad4f/datanode-3/data/ratis/445197ae-c843-4376-ab37-5c6a73fb4d0a close()
2019-08-29 08:46:11,894 [grpc-default-executor-4] INFO  impl.FollowerInfo (FollowerInfo.java:lambda$new$0(50)) - ead32545-d171-4909-a11e-9b7dde0365ee->691d973f-4ee5-4b71-9c79-714a3e15e6a2: nextIndex: updateUnconditionally 9 -> 8
2019-08-29 08:46:11,897 [ForkJoinPool.commonPool-worker-0] INFO  impl.RaftServerImpl (RaftServerImpl.java:lambda$shutdown$3(245)) - beb647cc-dc8a-44df-94ce-0366e8d6be6e: shutdown group-1D905CC20791
2019-08-29 08:46:11,899 [refreshUsed-/workdir/hadoop-ozone/integration-test/target/test-dir/MiniOzoneClusterImpl-43bc7ae7-4e66-4855-88e6-16f3e36bad4f/datanode-6/data/containers] WARN  fs.CachingGetSpaceUsed (CachingGetSpaceUsed.java:run(183)) - Thread Interrupted waiting to refresh disk information: sleep interrupted
2019-08-29 08:46:11,900 [ForkJoinPool.commonPool-worker-0] INFO  util.JmxRegister (JmxRegister.java:unregister(73)) - Successfully un-registered JMX Bean with object name Ratis:service=RaftServer,group=group-1D905CC20791,id=beb647cc-dc8a-44df-94ce-0366e8d6be6e
2019-08-29 08:46:11,900 [ForkJoinPool.commonPool-worker-0] INFO  impl.RoleInfo (RoleInfo.java:shutdownLeaderState(104)) - beb647cc-dc8a-44df-94ce-0366e8d6be6e: shutdown LeaderState
2019-08-29 08:46:11,901 [ForkJoinPool.commonPool-worker-0] INFO  impl.PendingRequests (PendingRequests.java:sendNotLeaderResponses(202)) - beb647cc-dc8a-44df-94ce-0366e8d6be6e-PendingRequests: sendNotLeaderResponses
2019-08-29 08:46:11,903 [ForkJoinPool.commonPool-worker-0] INFO  impl.StateMachineUpdater (StateMachineUpdater.java:stopAndJoin(115)) - StateMachineUpdater:beb647cc-dc8a-44df-94ce-0366e8d6be6e:group-1D905CC20791: set stopIndex = 0
2019-08-29 08:46:11,903 [ForkJoinPool.commonPool-worker-0] INFO  impl.RaftServerImpl (ServerState.java:close(394)) - beb647cc-dc8a-44df-94ce-0366e8d6be6e:group-1D905CC20791 closes. The last applied log index is 0
2019-08-29 08:46:11,903 [beb647cc-dc8a-44df-94ce-0366e8d6be6e-SegmentedRaftLogWorker:Storage Directory /workdir/hadoop-ozone/integration-test/target/test-dir/MiniOzoneClusterImpl-43bc7ae7-4e66-4855-88e6-16f3e36bad4f/datanode-3/data/ratis/8648c358-795a-4980-a6f3-1d905cc20791] INFO  segmented.SegmentedRaftLogWorker (SegmentedRaftLogWorker.java:run(313)) - beb647cc-dc8a-44df-94ce-0366e8d6be6e-SegmentedRaftLogWorker:Storage Directory /workdir/hadoop-ozone/integration-test/target/test-dir/MiniOzoneClusterImpl-43bc7ae7-4e66-4855-88e6-16f3e36bad4f/datanode-3/data/ratis/8648c358-795a-4980-a6f3-1d905cc20791 was interrupted, exiting. There are 0 tasks remaining in the queue.
2019-08-29 08:46:11,906 [ForkJoinPool.commonPool-worker-0] INFO  segmented.SegmentedRaftLogWorker (SegmentedRaftLogWorker.java:close(228)) - beb647cc-dc8a-44df-94ce-0366e8d6be6e-SegmentedRaftLogWorker:Storage Directory /workdir/hadoop-ozone/integration-test/target/test-dir/MiniOzoneClusterImpl-43bc7ae7-4e66-4855-88e6-16f3e36bad4f/datanode-3/data/ratis/8648c358-795a-4980-a6f3-1d905cc20791 close()
2019-08-29 08:46:11,908 [ForkJoinPool.commonPool-worker-0] INFO  server.GrpcService (GrpcService.java:closeImpl(155)) - beb647cc-dc8a-44df-94ce-0366e8d6be6e: shutdown server with port 36608 now
2019-08-29 08:46:11,909 [ForkJoinPool.commonPool-worker-0] INFO  server.GrpcService (GrpcService.java:closeImpl(163)) - beb647cc-dc8a-44df-94ce-0366e8d6be6e: shutdown server with port 36608 successfully
2019-08-29 08:46:11,911 [refreshUsed-/workdir/hadoop-ozone/integration-test/target/test-dir/MiniOzoneClusterImpl-43bc7ae7-4e66-4855-88e6-16f3e36bad4f/datanode-3/data/containers] WARN  fs.CachingGetSpaceUsed (CachingGetSpaceUsed.java:run(183)) - Thread Interrupted waiting to refresh disk information: sleep interrupted
2019-08-29 08:46:11,922 [main] INFO  utils.BackgroundService (BackgroundService.java:shutdown(148)) - Shutting down service BlockDeletingService
2019-08-29 08:46:11,930 [main] INFO  statemachine.DatanodeStateMachine (DatanodeStateMachine.java:stopDaemon(395)) - Ozone container server stopped.
2019-08-29 08:46:11,931 [main] INFO  handler.ContextHandler (ContextHandler.java:doStop(910)) - Stopped o.e.j.w.WebAppContext@6ea246af{/,null,UNAVAILABLE}{/hddsDatanode}
2019-08-29 08:46:11,933 [main] INFO  server.AbstractConnector (AbstractConnector.java:doStop(318)) - Stopped ServerConnector@2e4389ed{HTTP/1.1,[http/1.1]}{0.0.0.0:0}
2019-08-29 08:46:11,933 [main] INFO  handler.ContextHandler (ContextHandler.java:doStop(910)) - Stopped o.e.j.s.ServletContextHandler@7a687d8d{/static,jar:file:/home/user/.m2/repository/org/apache/hadoop/hadoop-hdds-container-service/0.5.0-SNAPSHOT/hadoop-hdds-container-service-0.5.0-SNAPSHOT.jar!/webapps/static,UNAVAILABLE}
2019-08-29 08:46:11,934 [main] INFO  handler.ContextHandler (ContextHandler.java:doStop(910)) - Stopped o.e.j.s.ServletContextHandler@511f5b1d{/logs,file:///workdir/hadoop-ozone/integration-test/target/log,UNAVAILABLE}
2019-08-29 08:46:11,935 [ForkJoinPool.commonPool-worker-0] INFO  utils.BackgroundService (BackgroundService.java:shutdown(148)) - Shutting down service BlockDeletingService
2019-08-29 08:46:11,941 [ForkJoinPool.commonPool-worker-0] INFO  statemachine.DatanodeStateMachine (DatanodeStateMachine.java:stopDaemon(395)) - Ozone container server stopped.
2019-08-29 08:46:11,946 [ForkJoinPool.commonPool-worker-0] INFO  handler.ContextHandler (ContextHandler.java:doStop(910)) - Stopped o.e.j.w.WebAppContext@64387c17{/,null,UNAVAILABLE}{/hddsDatanode}
2019-08-29 08:46:11,947 [ForkJoinPool.commonPool-worker-0] INFO  server.AbstractConnector (AbstractConnector.java:doStop(318)) - Stopped ServerConnector@7c369270{HTTP/1.1,[http/1.1]}{0.0.0.0:0}
2019-08-29 08:46:11,949 [ForkJoinPool.commonPool-worker-0] INFO  handler.ContextHandler (ContextHandler.java:doStop(910)) - Stopped o.e.j.s.ServletContextHandler@5b40de43{/static,jar:file:/home/user/.m2/repository/org/apache/hadoop/hadoop-hdds-container-service/0.5.0-SNAPSHOT/hadoop-hdds-container-service-0.5.0-SNAPSHOT.jar!/webapps/static,UNAVAILABLE}
2019-08-29 08:46:11,951 [ForkJoinPool.commonPool-worker-0] INFO  handler.ContextHandler (ContextHandler.java:doStop(910)) - Stopped o.e.j.s.ServletContextHandler@49ca94a9{/logs,file:///workdir/hadoop-ozone/integration-test/target/log,UNAVAILABLE}
2019-08-29 08:46:12,067 | INFO  | SCMAudit | user=jenkins1000 | ip=192.168.157.194 | op=SEND_HEARTBEAT {datanodeUUID=aeaf91a4-7b36-452e-90c9-b2e74ddba1a8, command=[]} | ret=SUCCESS |  
2019-08-29 08:46:12,076 [grpc-default-executor-3] WARN  server.GrpcLogAppender (LogUtils.java:warn(134)) - ead32545-d171-4909-a11e-9b7dde0365ee->4d8418c6-9aaf-413c-a95a-22b3e00264fc: Failed appendEntries: org.apache.ratis.thirdparty.io.grpc.StatusRuntimeException: UNAVAILABLE: io exception
2019-08-29 08:46:12,077 [grpc-default-executor-3] INFO  impl.FollowerInfo (FollowerInfo.java:lambda$new$0(50)) - ead32545-d171-4909-a11e-9b7dde0365ee->4d8418c6-9aaf-413c-a95a-22b3e00264fc: nextIndex: updateUnconditionally 0 -> 0
2019-08-29 08:46:12,085 [grpc-default-executor-7] WARN  server.GrpcLogAppender (LogUtils.java:warn(134)) - ead32545-d171-4909-a11e-9b7dde0365ee->691d973f-4ee5-4b71-9c79-714a3e15e6a2: Failed appendEntries: org.apache.ratis.thirdparty.io.grpc.StatusRuntimeException: UNAVAILABLE: io exception
2019-08-29 08:46:12,086 [grpc-default-executor-7] INFO  impl.FollowerInfo (FollowerInfo.java:lambda$new$0(50)) - ead32545-d171-4909-a11e-9b7dde0365ee->691d973f-4ee5-4b71-9c79-714a3e15e6a2: nextIndex: updateUnconditionally 8 -> 7
2019-08-29 08:46:12,113 [Datanode State Machine Thread - 0] INFO  statemachine.DatanodeStateMachine (DatanodeStateMachine.java:lambda$startDaemon$0(350)) - Ozone container server started.
2019-08-29 08:46:12,274 | INFO  | SCMAudit | user=jenkins1000 | ip=192.168.157.194 | op=SEND_HEARTBEAT {datanodeUUID=ead32545-d171-4909-a11e-9b7dde0365ee, command=[]} | ret=SUCCESS |  
2019-08-29 08:46:12,309 [Datanode State Machine Thread - 0] INFO  statemachine.DatanodeStateMachine (DatanodeStateMachine.java:lambda$startDaemon$0(350)) - Ozone container server started.
2019-08-29 08:46:12,577 [grpc-default-executor-4] WARN  server.GrpcLogAppender (LogUtils.java:warn(134)) - ead32545-d171-4909-a11e-9b7dde0365ee->4d8418c6-9aaf-413c-a95a-22b3e00264fc: Failed appendEntries: org.apache.ratis.thirdparty.io.grpc.StatusRuntimeException: UNAVAILABLE: io exception
2019-08-29 08:46:12,578 [grpc-default-executor-4] INFO  impl.FollowerInfo (FollowerInfo.java:lambda$new$0(50)) - ead32545-d171-4909-a11e-9b7dde0365ee->4d8418c6-9aaf-413c-a95a-22b3e00264fc: nextIndex: updateUnconditionally 0 -> 0
2019-08-29 08:46:12,586 [grpc-default-executor-4] WARN  server.GrpcLogAppender (LogUtils.java:warn(134)) - ead32545-d171-4909-a11e-9b7dde0365ee->691d973f-4ee5-4b71-9c79-714a3e15e6a2: Failed appendEntries: org.apache.ratis.thirdparty.io.grpc.StatusRuntimeException: UNAVAILABLE: io exception
2019-08-29 08:46:12,586 [grpc-default-executor-4] INFO  impl.FollowerInfo (FollowerInfo.java:lambda$new$0(50)) - ead32545-d171-4909-a11e-9b7dde0365ee->691d973f-4ee5-4b71-9c79-714a3e15e6a2: nextIndex: updateUnconditionally 7 -> 6
2019-08-29 08:46:12,729 | INFO  | SCMAudit | user=jenkins1000 | ip=192.168.157.194 | op=SEND_HEARTBEAT {datanodeUUID=af10c44b-16fa-4c36-b19d-5f1088e11be1, command=[]} | ret=SUCCESS |  
2019-08-29 08:46:12,799 | INFO  | SCMAudit | user=jenkins1000 | ip=192.168.157.194 | op=SEND_HEARTBEAT {datanodeUUID=d42e1e69-47db-482b-ad03-89cca26a9b49, command=[]} | ret=SUCCESS |  
2019-08-29 08:46:13,029 [Thread-1253] INFO  impl.FollowerState (FollowerState.java:run(106)) - 94988375-8e84-4aa9-97e8-8e5d754fbb51:group-5C6A73FB4D0A changes to CANDIDATE, lastRpcTime:1577, electionTimeout:1157ms
2019-08-29 08:46:13,030 [Thread-1253] INFO  impl.RoleInfo (RoleInfo.java:shutdownFollowerState(121)) - 94988375-8e84-4aa9-97e8-8e5d754fbb51: shutdown FollowerState
2019-08-29 08:46:13,030 [Thread-1253] INFO  impl.RaftServerImpl (RaftServerImpl.java:setRole(171)) - 94988375-8e84-4aa9-97e8-8e5d754fbb51:group-5C6A73FB4D0A changes role from FOLLOWER to CANDIDATE at term 2 for changeToCandidate
2019-08-29 08:46:13,030 [Thread-1253] INFO  impl.RoleInfo (RoleInfo.java:updateAndGet(143)) - 94988375-8e84-4aa9-97e8-8e5d754fbb51: start LeaderElection
2019-08-29 08:46:13,033 [94988375-8e84-4aa9-97e8-8e5d754fbb51:group-5C6A73FB4D0A:LeaderElection54] INFO  impl.RaftServerImpl (ServerState.java:setLeader(263)) - 94988375-8e84-4aa9-97e8-8e5d754fbb51:group-5C6A73FB4D0A change Leader from beb647cc-dc8a-44df-94ce-0366e8d6be6e to null at term 2 for initElection
2019-08-29 08:46:13,067 | INFO  | SCMAudit | user=jenkins1000 | ip=192.168.157.194 | op=SEND_HEARTBEAT {datanodeUUID=aeaf91a4-7b36-452e-90c9-b2e74ddba1a8, command=[]} | ret=SUCCESS |  
2019-08-29 08:46:13,077 [grpc-default-executor-3] WARN  server.GrpcLogAppender (LogUtils.java:warn(134)) - ead32545-d171-4909-a11e-9b7dde0365ee->4d8418c6-9aaf-413c-a95a-22b3e00264fc: Failed appendEntries: org.apache.ratis.thirdparty.io.grpc.StatusRuntimeException: UNAVAILABLE: io exception
2019-08-29 08:46:13,078 [grpc-default-executor-3] INFO  impl.FollowerInfo (FollowerInfo.java:lambda$new$0(50)) - ead32545-d171-4909-a11e-9b7dde0365ee->4d8418c6-9aaf-413c-a95a-22b3e00264fc: nextIndex: updateUnconditionally 0 -> 0
2019-08-29 08:46:13,086 [grpc-default-executor-4] WARN  server.GrpcLogAppender (LogUtils.java:warn(134)) - ead32545-d171-4909-a11e-9b7dde0365ee->691d973f-4ee5-4b71-9c79-714a3e15e6a2: Failed appendEntries: org.apache.ratis.thirdparty.io.grpc.StatusRuntimeException: UNAVAILABLE: io exception
2019-08-29 08:46:13,087 [grpc-default-executor-4] INFO  impl.FollowerInfo (FollowerInfo.java:lambda$new$0(50)) - ead32545-d171-4909-a11e-9b7dde0365ee->691d973f-4ee5-4b71-9c79-714a3e15e6a2: nextIndex: updateUnconditionally 6 -> 5
2019-08-29 08:46:13,165 [Thread-1248] INFO  impl.FollowerState (FollowerState.java:run(106)) - aeaf91a4-7b36-452e-90c9-b2e74ddba1a8:group-5C6A73FB4D0A changes to CANDIDATE, lastRpcTime:1712, electionTimeout:1191ms
2019-08-29 08:46:13,165 [Thread-1248] INFO  impl.RoleInfo (RoleInfo.java:shutdownFollowerState(121)) - aeaf91a4-7b36-452e-90c9-b2e74ddba1a8: shutdown FollowerState
2019-08-29 08:46:13,165 [Thread-1248] INFO  impl.RaftServerImpl (RaftServerImpl.java:setRole(171)) - aeaf91a4-7b36-452e-90c9-b2e74ddba1a8:group-5C6A73FB4D0A changes role from FOLLOWER to CANDIDATE at term 2 for changeToCandidate
2019-08-29 08:46:13,165 [Thread-1248] INFO  impl.RoleInfo (RoleInfo.java:updateAndGet(143)) - aeaf91a4-7b36-452e-90c9-b2e74ddba1a8: start LeaderElection
2019-08-29 08:46:13,169 [aeaf91a4-7b36-452e-90c9-b2e74ddba1a8:group-5C6A73FB4D0A:LeaderElection55] INFO  impl.RaftServerImpl (ServerState.java:setLeader(263)) - aeaf91a4-7b36-452e-90c9-b2e74ddba1a8:group-5C6A73FB4D0A change Leader from beb647cc-dc8a-44df-94ce-0366e8d6be6e to null at term 2 for initElection
2019-08-29 08:46:13,229 [94988375-8e84-4aa9-97e8-8e5d754fbb51:group-5C6A73FB4D0A:LeaderElection54] INFO  impl.LeaderElection (LeaderElection.java:askForVotes(181)) - 94988375-8e84-4aa9-97e8-8e5d754fbb51:group-5C6A73FB4D0A:LeaderElection54: begin an election at term 3 for 0: [94988375-8e84-4aa9-97e8-8e5d754fbb51:192.168.157.194:40870, aeaf91a4-7b36-452e-90c9-b2e74ddba1a8:192.168.157.194:41794, beb647cc-dc8a-44df-94ce-0366e8d6be6e:192.168.157.194:36608], old=null
2019-08-29 08:46:13,232 [94988375-8e84-4aa9-97e8-8e5d754fbb51:group-5C6A73FB4D0A:LeaderElection54] INFO  impl.LeaderElection (LogUtils.java:infoOrTrace(149)) - 94988375-8e84-4aa9-97e8-8e5d754fbb51:group-5C6A73FB4D0A:LeaderElection54 got exception when requesting votes: {}
java.util.concurrent.ExecutionException: org.apache.ratis.thirdparty.io.grpc.StatusRuntimeException: UNAVAILABLE: io exception
	at java.util.concurrent.FutureTask.report(FutureTask.java:122)
	at java.util.concurrent.FutureTask.get(FutureTask.java:192)
	at org.apache.ratis.server.impl.LeaderElection.waitForResults(LeaderElection.java:262)
	at org.apache.ratis.server.impl.LeaderElection.askForVotes(LeaderElection.java:200)
	at org.apache.ratis.server.impl.LeaderElection.run(LeaderElection.java:130)
	at java.lang.Thread.run(Thread.java:748)
Caused by: org.apache.ratis.thirdparty.io.grpc.StatusRuntimeException: UNAVAILABLE: io exception
	at org.apache.ratis.thirdparty.io.grpc.stub.ClientCalls.toStatusRuntimeException(ClientCalls.java:233)
	at org.apache.ratis.thirdparty.io.grpc.stub.ClientCalls.getUnchecked(ClientCalls.java:214)
	at org.apache.ratis.thirdparty.io.grpc.stub.ClientCalls.blockingUnaryCall(ClientCalls.java:139)
	at org.apache.ratis.proto.grpc.RaftServerProtocolServiceGrpc$RaftServerProtocolServiceBlockingStub.requestVote(RaftServerProtocolServiceGrpc.java:265)
	at org.apache.ratis.grpc.server.GrpcServerProtocolClient.requestVote(GrpcServerProtocolClient.java:83)
	at org.apache.ratis.grpc.server.GrpcService.requestVote(GrpcService.java:195)
	at org.apache.ratis.server.impl.LeaderElection.lambda$submitRequests$1(LeaderElection.java:237)
	at java.util.concurrent.FutureTask.run(FutureTask.java:266)
	at java.util.concurrent.Executors$RunnableAdapter.call(Executors.java:511)
	at java.util.concurrent.FutureTask.run(FutureTask.java:266)
	at java.util.concurrent.ThreadPoolExecutor.runWorker(ThreadPoolExecutor.java:1149)
	at java.util.concurrent.ThreadPoolExecutor$Worker.run(ThreadPoolExecutor.java:624)
	... 1 more
Caused by: org.apache.ratis.thirdparty.io.netty.channel.AbstractChannel$AnnotatedConnectException: Connection refused: /192.168.157.194:36608
	at sun.nio.ch.SocketChannelImpl.checkConnect(Native Method)
	at sun.nio.ch.SocketChannelImpl.finishConnect(SocketChannelImpl.java:717)
	at org.apache.ratis.thirdparty.io.netty.channel.socket.nio.NioSocketChannel.doFinishConnect(NioSocketChannel.java:327)
	at org.apache.ratis.thirdparty.io.netty.channel.nio.AbstractNioChannel$AbstractNioUnsafe.finishConnect(AbstractNioChannel.java:340)
	at org.apache.ratis.thirdparty.io.netty.channel.nio.NioEventLoop.processSelectedKey(NioEventLoop.java:632)
	at org.apache.ratis.thirdparty.io.netty.channel.nio.NioEventLoop.processSelectedKeysOptimized(NioEventLoop.java:579)
	at org.apache.ratis.thirdparty.io.netty.channel.nio.NioEventLoop.processSelectedKeys(NioEventLoop.java:496)
	at org.apache.ratis.thirdparty.io.netty.channel.nio.NioEventLoop.run(NioEventLoop.java:458)
	at org.apache.ratis.thirdparty.io.netty.util.concurrent.SingleThreadEventExecutor$5.run(SingleThreadEventExecutor.java:897)
	at org.apache.ratis.thirdparty.io.netty.util.concurrent.FastThreadLocalRunnable.run(FastThreadLocalRunnable.java:30)
	... 1 more
Caused by: java.net.ConnectException: Connection refused
	... 11 more
2019-08-29 08:46:13,236 [aeaf91a4-7b36-452e-90c9-b2e74ddba1a8:group-5C6A73FB4D0A:LeaderElection55] INFO  impl.LeaderElection (LeaderElection.java:askForVotes(181)) - aeaf91a4-7b36-452e-90c9-b2e74ddba1a8:group-5C6A73FB4D0A:LeaderElection55: begin an election at term 3 for 0: [94988375-8e84-4aa9-97e8-8e5d754fbb51:192.168.157.194:40870, aeaf91a4-7b36-452e-90c9-b2e74ddba1a8:192.168.157.194:41794, beb647cc-dc8a-44df-94ce-0366e8d6be6e:192.168.157.194:36608], old=null
2019-08-29 08:46:13,237 [94988375-8e84-4aa9-97e8-8e5d754fbb51:group-5C6A73FB4D0A:LeaderElection54] INFO  impl.LeaderElection (LeaderElection.java:logAndReturn(56)) - 94988375-8e84-4aa9-97e8-8e5d754fbb51:group-5C6A73FB4D0A:LeaderElection54: Election REJECTED; received 1 response(s) [94988375-8e84-4aa9-97e8-8e5d754fbb51<-aeaf91a4-7b36-452e-90c9-b2e74ddba1a8#0:FAIL-t3] and 1 exception(s); 94988375-8e84-4aa9-97e8-8e5d754fbb51:t3, leader=null, voted=94988375-8e84-4aa9-97e8-8e5d754fbb51, raftlog=94988375-8e84-4aa9-97e8-8e5d754fbb51-SegmentedRaftLog:OPENED:c4,f4,i4, conf=0: [94988375-8e84-4aa9-97e8-8e5d754fbb51:192.168.157.194:40870, aeaf91a4-7b36-452e-90c9-b2e74ddba1a8:192.168.157.194:41794, beb647cc-dc8a-44df-94ce-0366e8d6be6e:192.168.157.194:36608], old=null
2019-08-29 08:46:13,237 [94988375-8e84-4aa9-97e8-8e5d754fbb51:group-5C6A73FB4D0A:LeaderElection54] INFO  impl.LeaderElection (LogUtils.java:infoOrTrace(149)) -   Exception 0: {}
java.util.concurrent.ExecutionException: org.apache.ratis.thirdparty.io.grpc.StatusRuntimeException: UNAVAILABLE: io exception
	at java.util.concurrent.FutureTask.report(FutureTask.java:122)
	at java.util.concurrent.FutureTask.get(FutureTask.java:192)
	at org.apache.ratis.server.impl.LeaderElection.waitForResults(LeaderElection.java:262)
	at org.apache.ratis.server.impl.LeaderElection.askForVotes(LeaderElection.java:200)
	at org.apache.ratis.server.impl.LeaderElection.run(LeaderElection.java:130)
	at java.lang.Thread.run(Thread.java:748)
Caused by: org.apache.ratis.thirdparty.io.grpc.StatusRuntimeException: UNAVAILABLE: io exception
	at org.apache.ratis.thirdparty.io.grpc.stub.ClientCalls.toStatusRuntimeException(ClientCalls.java:233)
	at org.apache.ratis.thirdparty.io.grpc.stub.ClientCalls.getUnchecked(ClientCalls.java:214)
	at org.apache.ratis.thirdparty.io.grpc.stub.ClientCalls.blockingUnaryCall(ClientCalls.java:139)
	at org.apache.ratis.proto.grpc.RaftServerProtocolServiceGrpc$RaftServerProtocolServiceBlockingStub.requestVote(RaftServerProtocolServiceGrpc.java:265)
	at org.apache.ratis.grpc.server.GrpcServerProtocolClient.requestVote(GrpcServerProtocolClient.java:83)
	at org.apache.ratis.grpc.server.GrpcService.requestVote(GrpcService.java:195)
	at org.apache.ratis.server.impl.LeaderElection.lambda$submitRequests$1(LeaderElection.java:237)
	at java.util.concurrent.FutureTask.run(FutureTask.java:266)
	at java.util.concurrent.Executors$RunnableAdapter.call(Executors.java:511)
	at java.util.concurrent.FutureTask.run(FutureTask.java:266)
	at java.util.concurrent.ThreadPoolExecutor.runWorker(ThreadPoolExecutor.java:1149)
	at java.util.concurrent.ThreadPoolExecutor$Worker.run(ThreadPoolExecutor.java:624)
	... 1 more
Caused by: org.apache.ratis.thirdparty.io.netty.channel.AbstractChannel$AnnotatedConnectException: Connection refused: /192.168.157.194:36608
	at sun.nio.ch.SocketChannelImpl.checkConnect(Native Method)
	at sun.nio.ch.SocketChannelImpl.finishConnect(SocketChannelImpl.java:717)
	at org.apache.ratis.thirdparty.io.netty.channel.socket.nio.NioSocketChannel.doFinishConnect(NioSocketChannel.java:327)
	at org.apache.ratis.thirdparty.io.netty.channel.nio.AbstractNioChannel$AbstractNioUnsafe.finishConnect(AbstractNioChannel.java:340)
	at org.apache.ratis.thirdparty.io.netty.channel.nio.NioEventLoop.processSelectedKey(NioEventLoop.java:632)
	at org.apache.ratis.thirdparty.io.netty.channel.nio.NioEventLoop.processSelectedKeysOptimized(NioEventLoop.java:579)
	at org.apache.ratis.thirdparty.io.netty.channel.nio.NioEventLoop.processSelectedKeys(NioEventLoop.java:496)
	at org.apache.ratis.thirdparty.io.netty.channel.nio.NioEventLoop.run(NioEventLoop.java:458)
	at org.apache.ratis.thirdparty.io.netty.util.concurrent.SingleThreadEventExecutor$5.run(SingleThreadEventExecutor.java:897)
	at org.apache.ratis.thirdparty.io.netty.util.concurrent.FastThreadLocalRunnable.run(FastThreadLocalRunnable.java:30)
	... 1 more
Caused by: java.net.ConnectException: Connection refused
	... 11 more
2019-08-29 08:46:13,238 [94988375-8e84-4aa9-97e8-8e5d754fbb51:group-5C6A73FB4D0A:LeaderElection54] INFO  impl.RaftServerImpl (RaftServerImpl.java:setRole(171)) - 94988375-8e84-4aa9-97e8-8e5d754fbb51:group-5C6A73FB4D0A changes role from CANDIDATE to FOLLOWER at term 3 for DISCOVERED_A_NEW_TERM
2019-08-29 08:46:13,238 [94988375-8e84-4aa9-97e8-8e5d754fbb51:group-5C6A73FB4D0A:LeaderElection54] INFO  impl.RoleInfo (RoleInfo.java:shutdownLeaderElection(134)) - 94988375-8e84-4aa9-97e8-8e5d754fbb51: shutdown LeaderElection
2019-08-29 08:46:13,238 [94988375-8e84-4aa9-97e8-8e5d754fbb51:group-5C6A73FB4D0A:LeaderElection54] INFO  impl.RoleInfo (RoleInfo.java:updateAndGet(143)) - 94988375-8e84-4aa9-97e8-8e5d754fbb51: start FollowerState
2019-08-29 08:46:13,239 [aeaf91a4-7b36-452e-90c9-b2e74ddba1a8:group-5C6A73FB4D0A:LeaderElection55] INFO  impl.LeaderElection (LogUtils.java:infoOrTrace(149)) - aeaf91a4-7b36-452e-90c9-b2e74ddba1a8:group-5C6A73FB4D0A:LeaderElection55 got exception when requesting votes: {}
java.util.concurrent.ExecutionException: org.apache.ratis.thirdparty.io.grpc.StatusRuntimeException: UNAVAILABLE: io exception
	at java.util.concurrent.FutureTask.report(FutureTask.java:122)
	at java.util.concurrent.FutureTask.get(FutureTask.java:192)
	at org.apache.ratis.server.impl.LeaderElection.waitForResults(LeaderElection.java:262)
	at org.apache.ratis.server.impl.LeaderElection.askForVotes(LeaderElection.java:200)
	at org.apache.ratis.server.impl.LeaderElection.run(LeaderElection.java:130)
	at java.lang.Thread.run(Thread.java:748)
Caused by: org.apache.ratis.thirdparty.io.grpc.StatusRuntimeException: UNAVAILABLE: io exception
	at org.apache.ratis.thirdparty.io.grpc.stub.ClientCalls.toStatusRuntimeException(ClientCalls.java:233)
	at org.apache.ratis.thirdparty.io.grpc.stub.ClientCalls.getUnchecked(ClientCalls.java:214)
	at org.apache.ratis.thirdparty.io.grpc.stub.ClientCalls.blockingUnaryCall(ClientCalls.java:139)
	at org.apache.ratis.proto.grpc.RaftServerProtocolServiceGrpc$RaftServerProtocolServiceBlockingStub.requestVote(RaftServerProtocolServiceGrpc.java:265)
	at org.apache.ratis.grpc.server.GrpcServerProtocolClient.requestVote(GrpcServerProtocolClient.java:83)
	at org.apache.ratis.grpc.server.GrpcService.requestVote(GrpcService.java:195)
	at org.apache.ratis.server.impl.LeaderElection.lambda$submitRequests$1(LeaderElection.java:237)
	at java.util.concurrent.FutureTask.run(FutureTask.java:266)
	at java.util.concurrent.Executors$RunnableAdapter.call(Executors.java:511)
	at java.util.concurrent.FutureTask.run(FutureTask.java:266)
	at java.util.concurrent.ThreadPoolExecutor.runWorker(ThreadPoolExecutor.java:1149)
	at java.util.concurrent.ThreadPoolExecutor$Worker.run(ThreadPoolExecutor.java:624)
	... 1 more
Caused by: org.apache.ratis.thirdparty.io.netty.channel.AbstractChannel$AnnotatedConnectException: Connection refused: /192.168.157.194:36608
	at sun.nio.ch.SocketChannelImpl.checkConnect(Native Method)
	at sun.nio.ch.SocketChannelImpl.finishConnect(SocketChannelImpl.java:717)
	at org.apache.ratis.thirdparty.io.netty.channel.socket.nio.NioSocketChannel.doFinishConnect(NioSocketChannel.java:327)
	at org.apache.ratis.thirdparty.io.netty.channel.nio.AbstractNioChannel$AbstractNioUnsafe.finishConnect(AbstractNioChannel.java:340)
	at org.apache.ratis.thirdparty.io.netty.channel.nio.NioEventLoop.processSelectedKey(NioEventLoop.java:632)
	at org.apache.ratis.thirdparty.io.netty.channel.nio.NioEventLoop.processSelectedKeysOptimized(NioEventLoop.java:579)
	at org.apache.ratis.thirdparty.io.netty.channel.nio.NioEventLoop.processSelectedKeys(NioEventLoop.java:496)
	at org.apache.ratis.thirdparty.io.netty.channel.nio.NioEventLoop.run(NioEventLoop.java:458)
	at org.apache.ratis.thirdparty.io.netty.util.concurrent.SingleThreadEventExecutor$5.run(SingleThreadEventExecutor.java:897)
	at org.apache.ratis.thirdparty.io.netty.util.concurrent.FastThreadLocalRunnable.run(FastThreadLocalRunnable.java:30)
	... 1 more
Caused by: java.net.ConnectException: Connection refused
	... 11 more
2019-08-29 08:46:13,242 [aeaf91a4-7b36-452e-90c9-b2e74ddba1a8:group-5C6A73FB4D0A:LeaderElection55] INFO  impl.LeaderElection (LeaderElection.java:logAndReturn(56)) - aeaf91a4-7b36-452e-90c9-b2e74ddba1a8:group-5C6A73FB4D0A:LeaderElection55: Election REJECTED; received 1 response(s) [aeaf91a4-7b36-452e-90c9-b2e74ddba1a8<-94988375-8e84-4aa9-97e8-8e5d754fbb51#0:FAIL-t3] and 1 exception(s); aeaf91a4-7b36-452e-90c9-b2e74ddba1a8:t3, leader=null, voted=aeaf91a4-7b36-452e-90c9-b2e74ddba1a8, raftlog=aeaf91a4-7b36-452e-90c9-b2e74ddba1a8-SegmentedRaftLog:OPENED:c4,f4,i4, conf=0: [94988375-8e84-4aa9-97e8-8e5d754fbb51:192.168.157.194:40870, aeaf91a4-7b36-452e-90c9-b2e74ddba1a8:192.168.157.194:41794, beb647cc-dc8a-44df-94ce-0366e8d6be6e:192.168.157.194:36608], old=null
2019-08-29 08:46:13,242 [aeaf91a4-7b36-452e-90c9-b2e74ddba1a8:group-5C6A73FB4D0A:LeaderElection55] INFO  impl.LeaderElection (LogUtils.java:infoOrTrace(149)) -   Exception 0: {}
java.util.concurrent.ExecutionException: org.apache.ratis.thirdparty.io.grpc.StatusRuntimeException: UNAVAILABLE: io exception
	at java.util.concurrent.FutureTask.report(FutureTask.java:122)
	at java.util.concurrent.FutureTask.get(FutureTask.java:192)
	at org.apache.ratis.server.impl.LeaderElection.waitForResults(LeaderElection.java:262)
	at org.apache.ratis.server.impl.LeaderElection.askForVotes(LeaderElection.java:200)
	at org.apache.ratis.server.impl.LeaderElection.run(LeaderElection.java:130)
	at java.lang.Thread.run(Thread.java:748)
Caused by: org.apache.ratis.thirdparty.io.grpc.StatusRuntimeException: UNAVAILABLE: io exception
	at org.apache.ratis.thirdparty.io.grpc.stub.ClientCalls.toStatusRuntimeException(ClientCalls.java:233)
	at org.apache.ratis.thirdparty.io.grpc.stub.ClientCalls.getUnchecked(ClientCalls.java:214)
	at org.apache.ratis.thirdparty.io.grpc.stub.ClientCalls.blockingUnaryCall(ClientCalls.java:139)
	at org.apache.ratis.proto.grpc.RaftServerProtocolServiceGrpc$RaftServerProtocolServiceBlockingStub.requestVote(RaftServerProtocolServiceGrpc.java:265)
	at org.apache.ratis.grpc.server.GrpcServerProtocolClient.requestVote(GrpcServerProtocolClient.java:83)
	at org.apache.ratis.grpc.server.GrpcService.requestVote(GrpcService.java:195)
	at org.apache.ratis.server.impl.LeaderElection.lambda$submitRequests$1(LeaderElection.java:237)
	at java.util.concurrent.FutureTask.run(FutureTask.java:266)
	at java.util.concurrent.Executors$RunnableAdapter.call(Executors.java:511)
	at java.util.concurrent.FutureTask.run(FutureTask.java:266)
	at java.util.concurrent.ThreadPoolExecutor.runWorker(ThreadPoolExecutor.java:1149)
	at java.util.concurrent.ThreadPoolExecutor$Worker.run(ThreadPoolExecutor.java:624)
	... 1 more
Caused by: org.apache.ratis.thirdparty.io.netty.channel.AbstractChannel$AnnotatedConnectException: Connection refused: /192.168.157.194:36608
	at sun.nio.ch.SocketChannelImpl.checkConnect(Native Method)
	at sun.nio.ch.SocketChannelImpl.finishConnect(SocketChannelImpl.java:717)
	at org.apache.ratis.thirdparty.io.netty.channel.socket.nio.NioSocketChannel.doFinishConnect(NioSocketChannel.java:327)
	at org.apache.ratis.thirdparty.io.netty.channel.nio.AbstractNioChannel$AbstractNioUnsafe.finishConnect(AbstractNioChannel.java:340)
	at org.apache.ratis.thirdparty.io.netty.channel.nio.NioEventLoop.processSelectedKey(NioEventLoop.java:632)
	at org.apache.ratis.thirdparty.io.netty.channel.nio.NioEventLoop.processSelectedKeysOptimized(NioEventLoop.java:579)
	at org.apache.ratis.thirdparty.io.netty.channel.nio.NioEventLoop.processSelectedKeys(NioEventLoop.java:496)
	at org.apache.ratis.thirdparty.io.netty.channel.nio.NioEventLoop.run(NioEventLoop.java:458)
	at org.apache.ratis.thirdparty.io.netty.util.concurrent.SingleThreadEventExecutor$5.run(SingleThreadEventExecutor.java:897)
	at org.apache.ratis.thirdparty.io.netty.util.concurrent.FastThreadLocalRunnable.run(FastThreadLocalRunnable.java:30)
	... 1 more
Caused by: java.net.ConnectException: Connection refused
	... 11 more
2019-08-29 08:46:13,242 [aeaf91a4-7b36-452e-90c9-b2e74ddba1a8:group-5C6A73FB4D0A:LeaderElection55] INFO  impl.RaftServerImpl (RaftServerImpl.java:setRole(171)) - aeaf91a4-7b36-452e-90c9-b2e74ddba1a8:group-5C6A73FB4D0A changes role from CANDIDATE to FOLLOWER at term 3 for DISCOVERED_A_NEW_TERM
2019-08-29 08:46:13,243 [aeaf91a4-7b36-452e-90c9-b2e74ddba1a8:group-5C6A73FB4D0A:LeaderElection55] INFO  impl.RoleInfo (RoleInfo.java:shutdownLeaderElection(134)) - aeaf91a4-7b36-452e-90c9-b2e74ddba1a8: shutdown LeaderElection
2019-08-29 08:46:13,243 [aeaf91a4-7b36-452e-90c9-b2e74ddba1a8:group-5C6A73FB4D0A:LeaderElection55] INFO  impl.RoleInfo (RoleInfo.java:updateAndGet(143)) - aeaf91a4-7b36-452e-90c9-b2e74ddba1a8: start FollowerState
2019-08-29 08:46:13,273 | INFO  | SCMAudit | user=jenkins1000 | ip=192.168.157.194 | op=SEND_HEARTBEAT {datanodeUUID=ead32545-d171-4909-a11e-9b7dde0365ee, command=[]} | ret=SUCCESS |  
2019-08-29 08:46:13,579 [grpc-default-executor-7] WARN  server.GrpcLogAppender (LogUtils.java:warn(134)) - ead32545-d171-4909-a11e-9b7dde0365ee->4d8418c6-9aaf-413c-a95a-22b3e00264fc: Failed appendEntries: org.apache.ratis.thirdparty.io.grpc.StatusRuntimeException: UNAVAILABLE: io exception
2019-08-29 08:46:13,579 [grpc-default-executor-7] INFO  impl.FollowerInfo (FollowerInfo.java:lambda$new$0(50)) - ead32545-d171-4909-a11e-9b7dde0365ee->4d8418c6-9aaf-413c-a95a-22b3e00264fc: nextIndex: updateUnconditionally 0 -> 0
2019-08-29 08:46:13,587 [grpc-default-executor-3] WARN  server.GrpcLogAppender (LogUtils.java:warn(134)) - ead32545-d171-4909-a11e-9b7dde0365ee->691d973f-4ee5-4b71-9c79-714a3e15e6a2: Failed appendEntries: org.apache.ratis.thirdparty.io.grpc.StatusRuntimeException: UNAVAILABLE: io exception
2019-08-29 08:46:13,588 [grpc-default-executor-3] INFO  impl.FollowerInfo (FollowerInfo.java:lambda$new$0(50)) - ead32545-d171-4909-a11e-9b7dde0365ee->691d973f-4ee5-4b71-9c79-714a3e15e6a2: nextIndex: updateUnconditionally 5 -> 4
2019-08-29 08:46:13,730 | INFO  | SCMAudit | user=jenkins1000 | ip=192.168.157.194 | op=SEND_HEARTBEAT {datanodeUUID=af10c44b-16fa-4c36-b19d-5f1088e11be1, command=[]} | ret=SUCCESS |  
2019-08-29 08:46:13,800 | INFO  | SCMAudit | user=jenkins1000 | ip=192.168.157.194 | op=SEND_HEARTBEAT {datanodeUUID=d42e1e69-47db-482b-ad03-89cca26a9b49, command=[]} | ret=SUCCESS |  
2019-08-29 08:46:14,068 | INFO  | SCMAudit | user=jenkins1000 | ip=192.168.157.194 | op=SEND_HEARTBEAT {datanodeUUID=aeaf91a4-7b36-452e-90c9-b2e74ddba1a8, command=[]} | ret=SUCCESS |  
2019-08-29 08:46:14,079 [grpc-default-executor-4] WARN  server.GrpcLogAppender (LogUtils.java:warn(134)) - ead32545-d171-4909-a11e-9b7dde0365ee->4d8418c6-9aaf-413c-a95a-22b3e00264fc: Failed appendEntries: org.apache.ratis.thirdparty.io.grpc.StatusRuntimeException: UNAVAILABLE: io exception
2019-08-29 08:46:14,080 [grpc-default-executor-4] INFO  impl.FollowerInfo (FollowerInfo.java:lambda$new$0(50)) - ead32545-d171-4909-a11e-9b7dde0365ee->4d8418c6-9aaf-413c-a95a-22b3e00264fc: nextIndex: updateUnconditionally 0 -> 0
2019-08-29 08:46:14,088 [grpc-default-executor-7] WARN  server.GrpcLogAppender (LogUtils.java:warn(134)) - ead32545-d171-4909-a11e-9b7dde0365ee->691d973f-4ee5-4b71-9c79-714a3e15e6a2: Failed appendEntries: org.apache.ratis.thirdparty.io.grpc.StatusRuntimeException: UNAVAILABLE: io exception
2019-08-29 08:46:14,088 [grpc-default-executor-7] INFO  impl.FollowerInfo (FollowerInfo.java:lambda$new$0(50)) - ead32545-d171-4909-a11e-9b7dde0365ee->691d973f-4ee5-4b71-9c79-714a3e15e6a2: nextIndex: updateUnconditionally 4 -> 3
2019-08-29 08:46:14,273 | INFO  | SCMAudit | user=jenkins1000 | ip=192.168.157.194 | op=SEND_HEARTBEAT {datanodeUUID=ead32545-d171-4909-a11e-9b7dde0365ee, command=[]} | ret=SUCCESS |  
2019-08-29 08:46:14,286 [Thread-1657] INFO  impl.FollowerState (FollowerState.java:run(106)) - 94988375-8e84-4aa9-97e8-8e5d754fbb51:group-5C6A73FB4D0A changes to CANDIDATE, lastRpcTime:1047, electionTimeout:1047ms
2019-08-29 08:46:14,286 [Thread-1657] INFO  impl.RoleInfo (RoleInfo.java:shutdownFollowerState(121)) - 94988375-8e84-4aa9-97e8-8e5d754fbb51: shutdown FollowerState
2019-08-29 08:46:14,286 [Thread-1657] INFO  impl.RaftServerImpl (RaftServerImpl.java:setRole(171)) - 94988375-8e84-4aa9-97e8-8e5d754fbb51:group-5C6A73FB4D0A changes role from FOLLOWER to CANDIDATE at term 3 for changeToCandidate
2019-08-29 08:46:14,287 [Thread-1657] INFO  impl.RoleInfo (RoleInfo.java:updateAndGet(143)) - 94988375-8e84-4aa9-97e8-8e5d754fbb51: start LeaderElection
2019-08-29 08:46:14,365 [94988375-8e84-4aa9-97e8-8e5d754fbb51:group-5C6A73FB4D0A:LeaderElection56] INFO  impl.LeaderElection (LeaderElection.java:askForVotes(181)) - 94988375-8e84-4aa9-97e8-8e5d754fbb51:group-5C6A73FB4D0A:LeaderElection56: begin an election at term 4 for 0: [94988375-8e84-4aa9-97e8-8e5d754fbb51:192.168.157.194:40870, aeaf91a4-7b36-452e-90c9-b2e74ddba1a8:192.168.157.194:41794, beb647cc-dc8a-44df-94ce-0366e8d6be6e:192.168.157.194:36608], old=null
2019-08-29 08:46:14,366 [94988375-8e84-4aa9-97e8-8e5d754fbb51:group-5C6A73FB4D0A:LeaderElection56] INFO  impl.LeaderElection (LogUtils.java:infoOrTrace(149)) - 94988375-8e84-4aa9-97e8-8e5d754fbb51:group-5C6A73FB4D0A:LeaderElection56 got exception when requesting votes: {}
java.util.concurrent.ExecutionException: org.apache.ratis.thirdparty.io.grpc.StatusRuntimeException: UNAVAILABLE: io exception
	at java.util.concurrent.FutureTask.report(FutureTask.java:122)
	at java.util.concurrent.FutureTask.get(FutureTask.java:192)
	at org.apache.ratis.server.impl.LeaderElection.waitForResults(LeaderElection.java:262)
	at org.apache.ratis.server.impl.LeaderElection.askForVotes(LeaderElection.java:200)
	at org.apache.ratis.server.impl.LeaderElection.run(LeaderElection.java:130)
	at java.lang.Thread.run(Thread.java:748)
Caused by: org.apache.ratis.thirdparty.io.grpc.StatusRuntimeException: UNAVAILABLE: io exception
	at org.apache.ratis.thirdparty.io.grpc.stub.ClientCalls.toStatusRuntimeException(ClientCalls.java:233)
	at org.apache.ratis.thirdparty.io.grpc.stub.ClientCalls.getUnchecked(ClientCalls.java:214)
	at org.apache.ratis.thirdparty.io.grpc.stub.ClientCalls.blockingUnaryCall(ClientCalls.java:139)
	at org.apache.ratis.proto.grpc.RaftServerProtocolServiceGrpc$RaftServerProtocolServiceBlockingStub.requestVote(RaftServerProtocolServiceGrpc.java:265)
	at org.apache.ratis.grpc.server.GrpcServerProtocolClient.requestVote(GrpcServerProtocolClient.java:83)
	at org.apache.ratis.grpc.server.GrpcService.requestVote(GrpcService.java:195)
	at org.apache.ratis.server.impl.LeaderElection.lambda$submitRequests$1(LeaderElection.java:237)
	at java.util.concurrent.FutureTask.run(FutureTask.java:266)
	at java.util.concurrent.Executors$RunnableAdapter.call(Executors.java:511)
	at java.util.concurrent.FutureTask.run(FutureTask.java:266)
	at java.util.concurrent.ThreadPoolExecutor.runWorker(ThreadPoolExecutor.java:1149)
	at java.util.concurrent.ThreadPoolExecutor$Worker.run(ThreadPoolExecutor.java:624)
	... 1 more
Caused by: org.apache.ratis.thirdparty.io.netty.channel.AbstractChannel$AnnotatedConnectException: Connection refused: /192.168.157.194:36608
	at sun.nio.ch.SocketChannelImpl.checkConnect(Native Method)
	at sun.nio.ch.SocketChannelImpl.finishConnect(SocketChannelImpl.java:717)
	at org.apache.ratis.thirdparty.io.netty.channel.socket.nio.NioSocketChannel.doFinishConnect(NioSocketChannel.java:327)
	at org.apache.ratis.thirdparty.io.netty.channel.nio.AbstractNioChannel$AbstractNioUnsafe.finishConnect(AbstractNioChannel.java:340)
	at org.apache.ratis.thirdparty.io.netty.channel.nio.NioEventLoop.processSelectedKey(NioEventLoop.java:632)
	at org.apache.ratis.thirdparty.io.netty.channel.nio.NioEventLoop.processSelectedKeysOptimized(NioEventLoop.java:579)
	at org.apache.ratis.thirdparty.io.netty.channel.nio.NioEventLoop.processSelectedKeys(NioEventLoop.java:496)
	at org.apache.ratis.thirdparty.io.netty.channel.nio.NioEventLoop.run(NioEventLoop.java:458)
	at org.apache.ratis.thirdparty.io.netty.util.concurrent.SingleThreadEventExecutor$5.run(SingleThreadEventExecutor.java:897)
	at org.apache.ratis.thirdparty.io.netty.util.concurrent.FastThreadLocalRunnable.run(FastThreadLocalRunnable.java:30)
	... 1 more
Caused by: java.net.ConnectException: Connection refused
	... 11 more
2019-08-29 08:46:14,370 [grpc-default-executor-7] INFO  impl.RaftServerImpl (RaftServerImpl.java:setRole(171)) - aeaf91a4-7b36-452e-90c9-b2e74ddba1a8:group-5C6A73FB4D0A changes role from FOLLOWER to FOLLOWER at term 4 for recognizeCandidate:94988375-8e84-4aa9-97e8-8e5d754fbb51
2019-08-29 08:46:14,371 [grpc-default-executor-7] INFO  impl.RoleInfo (RoleInfo.java:shutdownFollowerState(121)) - aeaf91a4-7b36-452e-90c9-b2e74ddba1a8: shutdown FollowerState
2019-08-29 08:46:14,371 [grpc-default-executor-7] INFO  impl.RoleInfo (RoleInfo.java:updateAndGet(143)) - aeaf91a4-7b36-452e-90c9-b2e74ddba1a8: start FollowerState
2019-08-29 08:46:14,371 [Thread-1658] INFO  impl.FollowerState (FollowerState.java:run(114)) - aeaf91a4-7b36-452e-90c9-b2e74ddba1a8: FollowerState was interrupted: java.lang.InterruptedException: sleep interrupted
2019-08-29 08:46:14,381 [94988375-8e84-4aa9-97e8-8e5d754fbb51:group-5C6A73FB4D0A:LeaderElection56] INFO  impl.LeaderElection (LeaderElection.java:logAndReturn(56)) - 94988375-8e84-4aa9-97e8-8e5d754fbb51:group-5C6A73FB4D0A:LeaderElection56: Election PASSED; received 1 response(s) [94988375-8e84-4aa9-97e8-8e5d754fbb51<-aeaf91a4-7b36-452e-90c9-b2e74ddba1a8#0:OK-t4] and 1 exception(s); 94988375-8e84-4aa9-97e8-8e5d754fbb51:t4, leader=null, voted=94988375-8e84-4aa9-97e8-8e5d754fbb51, raftlog=94988375-8e84-4aa9-97e8-8e5d754fbb51-SegmentedRaftLog:OPENED:c4,f4,i4, conf=0: [94988375-8e84-4aa9-97e8-8e5d754fbb51:192.168.157.194:40870, aeaf91a4-7b36-452e-90c9-b2e74ddba1a8:192.168.157.194:41794, beb647cc-dc8a-44df-94ce-0366e8d6be6e:192.168.157.194:36608], old=null
2019-08-29 08:46:14,381 [94988375-8e84-4aa9-97e8-8e5d754fbb51:group-5C6A73FB4D0A:LeaderElection56] INFO  impl.LeaderElection (LogUtils.java:infoOrTrace(149)) -   Exception 0: {}
java.util.concurrent.ExecutionException: org.apache.ratis.thirdparty.io.grpc.StatusRuntimeException: UNAVAILABLE: io exception
	at java.util.concurrent.FutureTask.report(FutureTask.java:122)
	at java.util.concurrent.FutureTask.get(FutureTask.java:192)
	at org.apache.ratis.server.impl.LeaderElection.waitForResults(LeaderElection.java:262)
	at org.apache.ratis.server.impl.LeaderElection.askForVotes(LeaderElection.java:200)
	at org.apache.ratis.server.impl.LeaderElection.run(LeaderElection.java:130)
	at java.lang.Thread.run(Thread.java:748)
Caused by: org.apache.ratis.thirdparty.io.grpc.StatusRuntimeException: UNAVAILABLE: io exception
	at org.apache.ratis.thirdparty.io.grpc.stub.ClientCalls.toStatusRuntimeException(ClientCalls.java:233)
	at org.apache.ratis.thirdparty.io.grpc.stub.ClientCalls.getUnchecked(ClientCalls.java:214)
	at org.apache.ratis.thirdparty.io.grpc.stub.ClientCalls.blockingUnaryCall(ClientCalls.java:139)
	at org.apache.ratis.proto.grpc.RaftServerProtocolServiceGrpc$RaftServerProtocolServiceBlockingStub.requestVote(RaftServerProtocolServiceGrpc.java:265)
	at org.apache.ratis.grpc.server.GrpcServerProtocolClient.requestVote(GrpcServerProtocolClient.java:83)
	at org.apache.ratis.grpc.server.GrpcService.requestVote(GrpcService.java:195)
	at org.apache.ratis.server.impl.LeaderElection.lambda$submitRequests$1(LeaderElection.java:237)
	at java.util.concurrent.FutureTask.run(FutureTask.java:266)
	at java.util.concurrent.Executors$RunnableAdapter.call(Executors.java:511)
	at java.util.concurrent.FutureTask.run(FutureTask.java:266)
	at java.util.concurrent.ThreadPoolExecutor.runWorker(ThreadPoolExecutor.java:1149)
	at java.util.concurrent.ThreadPoolExecutor$Worker.run(ThreadPoolExecutor.java:624)
	... 1 more
Caused by: org.apache.ratis.thirdparty.io.netty.channel.AbstractChannel$AnnotatedConnectException: Connection refused: /192.168.157.194:36608
	at sun.nio.ch.SocketChannelImpl.checkConnect(Native Method)
	at sun.nio.ch.SocketChannelImpl.finishConnect(SocketChannelImpl.java:717)
	at org.apache.ratis.thirdparty.io.netty.channel.socket.nio.NioSocketChannel.doFinishConnect(NioSocketChannel.java:327)
	at org.apache.ratis.thirdparty.io.netty.channel.nio.AbstractNioChannel$AbstractNioUnsafe.finishConnect(AbstractNioChannel.java:340)
	at org.apache.ratis.thirdparty.io.netty.channel.nio.NioEventLoop.processSelectedKey(NioEventLoop.java:632)
	at org.apache.ratis.thirdparty.io.netty.channel.nio.NioEventLoop.processSelectedKeysOptimized(NioEventLoop.java:579)
	at org.apache.ratis.thirdparty.io.netty.channel.nio.NioEventLoop.processSelectedKeys(NioEventLoop.java:496)
	at org.apache.ratis.thirdparty.io.netty.channel.nio.NioEventLoop.run(NioEventLoop.java:458)
	at org.apache.ratis.thirdparty.io.netty.util.concurrent.SingleThreadEventExecutor$5.run(SingleThreadEventExecutor.java:897)
	at org.apache.ratis.thirdparty.io.netty.util.concurrent.FastThreadLocalRunnable.run(FastThreadLocalRunnable.java:30)
	... 1 more
Caused by: java.net.ConnectException: Connection refused
	... 11 more
2019-08-29 08:46:14,382 [94988375-8e84-4aa9-97e8-8e5d754fbb51:group-5C6A73FB4D0A:LeaderElection56] INFO  impl.RoleInfo (RoleInfo.java:shutdownLeaderElection(134)) - 94988375-8e84-4aa9-97e8-8e5d754fbb51: shutdown LeaderElection
2019-08-29 08:46:14,382 [94988375-8e84-4aa9-97e8-8e5d754fbb51:group-5C6A73FB4D0A:LeaderElection56] INFO  impl.RaftServerImpl (RaftServerImpl.java:setRole(171)) - 94988375-8e84-4aa9-97e8-8e5d754fbb51:group-5C6A73FB4D0A changes role from CANDIDATE to LEADER at term 4 for changeToLeader
2019-08-29 08:46:14,382 [94988375-8e84-4aa9-97e8-8e5d754fbb51:group-5C6A73FB4D0A:LeaderElection56] INFO  impl.RaftServerImpl (ServerState.java:setLeader(263)) - 94988375-8e84-4aa9-97e8-8e5d754fbb51:group-5C6A73FB4D0A change Leader from null to 94988375-8e84-4aa9-97e8-8e5d754fbb51 at term 4 for becomeLeader, leader elected after 1349ms
2019-08-29 08:46:14,383 [94988375-8e84-4aa9-97e8-8e5d754fbb51:group-5C6A73FB4D0A:LeaderElection56] INFO  server.RaftServerConfigKeys (ConfUtils.java:logGet(43)) - raft.server.staging.catchup.gap = 1000 (default)
2019-08-29 08:46:14,383 [94988375-8e84-4aa9-97e8-8e5d754fbb51:group-5C6A73FB4D0A:LeaderElection56] INFO  server.RaftServerConfigKeys (ConfUtils.java:logGet(43)) - raft.server.rpc.sleep.time = 25ms (default)
2019-08-29 08:46:14,383 [94988375-8e84-4aa9-97e8-8e5d754fbb51:group-5C6A73FB4D0A:LeaderElection56] INFO  server.RaftServerConfigKeys (ConfUtils.java:logGet(43)) - raft.server.write.element-limit = 4096 (default)
2019-08-29 08:46:14,383 [94988375-8e84-4aa9-97e8-8e5d754fbb51:group-5C6A73FB4D0A:LeaderElection56] INFO  server.RaftServerConfigKeys (ConfUtils.java:logGet(43)) - raft.server.watch.timeout = 10s (default)
2019-08-29 08:46:14,384 [94988375-8e84-4aa9-97e8-8e5d754fbb51:group-5C6A73FB4D0A:LeaderElection56] INFO  server.RaftServerConfigKeys (ConfUtils.java:logGet(43)) - raft.server.watch.timeout.denomination = 1s (default)
2019-08-29 08:46:14,384 [94988375-8e84-4aa9-97e8-8e5d754fbb51:group-5C6A73FB4D0A:LeaderElection56] INFO  server.RaftServerConfigKeys (ConfUtils.java:logGet(43)) - raft.server.watch.element-limit = 65536 (default)
2019-08-29 08:46:14,384 [94988375-8e84-4aa9-97e8-8e5d754fbb51:group-5C6A73FB4D0A:LeaderElection56] INFO  server.RaftServerConfigKeys (ConfUtils.java:logGet(43)) - raft.server.log.appender.snapshot.chunk.size.max = 16MB (=16777216) (default)
2019-08-29 08:46:14,385 [94988375-8e84-4aa9-97e8-8e5d754fbb51:group-5C6A73FB4D0A:LeaderElection56] INFO  server.RaftServerConfigKeys (ConfUtils.java:logGet(43)) - raft.server.log.appender.buffer.byte-limit = 33554432 (custom)
2019-08-29 08:46:14,385 [94988375-8e84-4aa9-97e8-8e5d754fbb51:group-5C6A73FB4D0A:LeaderElection56] INFO  server.RaftServerConfigKeys (ConfUtils.java:logGet(43)) - raft.server.log.appender.buffer.element-limit = 1 (custom)
2019-08-29 08:46:14,385 [94988375-8e84-4aa9-97e8-8e5d754fbb51:group-5C6A73FB4D0A:LeaderElection56] INFO  grpc.GrpcConfigKeys$Server (ConfUtils.java:logGet(43)) - raft.grpc.server.leader.outstanding.appends.max = 128 (default)
2019-08-29 08:46:14,385 [94988375-8e84-4aa9-97e8-8e5d754fbb51:group-5C6A73FB4D0A:LeaderElection56] INFO  server.RaftServerConfigKeys (ConfUtils.java:logGet(43)) - raft.server.rpc.request.timeout = 3000ms (default)
2019-08-29 08:46:14,386 [94988375-8e84-4aa9-97e8-8e5d754fbb51:group-5C6A73FB4D0A:LeaderElection56] INFO  server.RaftServerConfigKeys (ConfUtils.java:logGet(43)) - raft.server.log.appender.install.snapshot.enabled = false (custom)
2019-08-29 08:46:14,386 [94988375-8e84-4aa9-97e8-8e5d754fbb51:group-5C6A73FB4D0A:LeaderElection56] INFO  server.RaftServerConfigKeys (ConfUtils.java:logGet(43)) - raft.server.log.appender.snapshot.chunk.size.max = 16MB (=16777216) (default)
2019-08-29 08:46:14,386 [94988375-8e84-4aa9-97e8-8e5d754fbb51:group-5C6A73FB4D0A:LeaderElection56] INFO  server.RaftServerConfigKeys (ConfUtils.java:logGet(43)) - raft.server.log.appender.buffer.byte-limit = 33554432 (custom)
2019-08-29 08:46:14,387 [94988375-8e84-4aa9-97e8-8e5d754fbb51:group-5C6A73FB4D0A:LeaderElection56] INFO  server.RaftServerConfigKeys (ConfUtils.java:logGet(43)) - raft.server.log.appender.buffer.element-limit = 1 (custom)
2019-08-29 08:46:14,387 [94988375-8e84-4aa9-97e8-8e5d754fbb51:group-5C6A73FB4D0A:LeaderElection56] INFO  grpc.GrpcConfigKeys$Server (ConfUtils.java:logGet(43)) - raft.grpc.server.leader.outstanding.appends.max = 128 (default)
2019-08-29 08:46:14,387 [94988375-8e84-4aa9-97e8-8e5d754fbb51:group-5C6A73FB4D0A:LeaderElection56] INFO  server.RaftServerConfigKeys (ConfUtils.java:logGet(43)) - raft.server.rpc.request.timeout = 3000ms (default)
2019-08-29 08:46:14,387 [94988375-8e84-4aa9-97e8-8e5d754fbb51:group-5C6A73FB4D0A:LeaderElection56] INFO  server.RaftServerConfigKeys (ConfUtils.java:logGet(43)) - raft.server.log.appender.install.snapshot.enabled = false (custom)
2019-08-29 08:46:14,388 [94988375-8e84-4aa9-97e8-8e5d754fbb51:group-5C6A73FB4D0A:LeaderElection56] INFO  impl.RoleInfo (RoleInfo.java:updateAndGet(143)) - 94988375-8e84-4aa9-97e8-8e5d754fbb51: start LeaderState
2019-08-29 08:46:14,388 [94988375-8e84-4aa9-97e8-8e5d754fbb51:group-5C6A73FB4D0A:LeaderElection56] INFO  segmented.SegmentedRaftLogWorker (SegmentedRaftLogWorker.java:rollLogSegment(385)) - 94988375-8e84-4aa9-97e8-8e5d754fbb51-SegmentedRaftLogWorker:Storage Directory /workdir/hadoop-ozone/integration-test/target/test-dir/MiniOzoneClusterImpl-43bc7ae7-4e66-4855-88e6-16f3e36bad4f/datanode-4/data/ratis/445197ae-c843-4376-ab37-5c6a73fb4d0a: Rolling segment log-0_4 to index:4
2019-08-29 08:46:14,389 [94988375-8e84-4aa9-97e8-8e5d754fbb51-SegmentedRaftLogWorker:Storage Directory /workdir/hadoop-ozone/integration-test/target/test-dir/MiniOzoneClusterImpl-43bc7ae7-4e66-4855-88e6-16f3e36bad4f/datanode-4/data/ratis/445197ae-c843-4376-ab37-5c6a73fb4d0a] INFO  segmented.SegmentedRaftLogWorker (SegmentedRaftLogWorker.java:execute(526)) - 94988375-8e84-4aa9-97e8-8e5d754fbb51-SegmentedRaftLogWorker:Storage Directory /workdir/hadoop-ozone/integration-test/target/test-dir/MiniOzoneClusterImpl-43bc7ae7-4e66-4855-88e6-16f3e36bad4f/datanode-4/data/ratis/445197ae-c843-4376-ab37-5c6a73fb4d0a: Rolled log segment from /workdir/hadoop-ozone/integration-test/target/test-dir/MiniOzoneClusterImpl-43bc7ae7-4e66-4855-88e6-16f3e36bad4f/datanode-4/data/ratis/445197ae-c843-4376-ab37-5c6a73fb4d0a/current/log_inprogress_0 to /workdir/hadoop-ozone/integration-test/target/test-dir/MiniOzoneClusterImpl-43bc7ae7-4e66-4855-88e6-16f3e36bad4f/datanode-4/data/ratis/445197ae-c843-4376-ab37-5c6a73fb4d0a/current/log_0-4
2019-08-29 08:46:14,389 [94988375-8e84-4aa9-97e8-8e5d754fbb51:group-5C6A73FB4D0A:LeaderElection56] INFO  impl.RaftServerImpl (ServerState.java:setRaftConf(361)) - 94988375-8e84-4aa9-97e8-8e5d754fbb51:group-5C6A73FB4D0A set configuration 5: [94988375-8e84-4aa9-97e8-8e5d754fbb51:192.168.157.194:40870, aeaf91a4-7b36-452e-90c9-b2e74ddba1a8:192.168.157.194:41794, beb647cc-dc8a-44df-94ce-0366e8d6be6e:192.168.157.194:36608], old=null at 5
2019-08-29 08:46:14,389 [grpc-default-executor-7] WARN  server.GrpcLogAppender (LogUtils.java:warn(134)) - 94988375-8e84-4aa9-97e8-8e5d754fbb51->beb647cc-dc8a-44df-94ce-0366e8d6be6e: Failed appendEntries: org.apache.ratis.thirdparty.io.grpc.StatusRuntimeException: UNAVAILABLE: io exception
2019-08-29 08:46:14,390 [grpc-default-executor-7] INFO  impl.FollowerInfo (FollowerInfo.java:lambda$new$0(50)) - 94988375-8e84-4aa9-97e8-8e5d754fbb51->beb647cc-dc8a-44df-94ce-0366e8d6be6e: nextIndex: updateUnconditionally 5 -> 1
2019-08-29 08:46:14,390 [grpc-default-executor-4] INFO  impl.RaftServerImpl (ServerState.java:setLeader(263)) - aeaf91a4-7b36-452e-90c9-b2e74ddba1a8:group-5C6A73FB4D0A change Leader from null to 94988375-8e84-4aa9-97e8-8e5d754fbb51 at term 4 for appendEntries, leader elected after 1221ms
2019-08-29 08:46:14,392 [grpc-default-executor-4] INFO  impl.RaftServerImpl (ServerState.java:setRaftConf(361)) - aeaf91a4-7b36-452e-90c9-b2e74ddba1a8:group-5C6A73FB4D0A set configuration 5: [94988375-8e84-4aa9-97e8-8e5d754fbb51:192.168.157.194:40870, aeaf91a4-7b36-452e-90c9-b2e74ddba1a8:192.168.157.194:41794, beb647cc-dc8a-44df-94ce-0366e8d6be6e:192.168.157.194:36608], old=null at 5
2019-08-29 08:46:14,393 [grpc-default-executor-4] INFO  segmented.SegmentedRaftLogWorker (SegmentedRaftLogWorker.java:rollLogSegment(385)) - aeaf91a4-7b36-452e-90c9-b2e74ddba1a8-SegmentedRaftLogWorker:Storage Directory /workdir/hadoop-ozone/integration-test/target/test-dir/MiniOzoneClusterImpl-43bc7ae7-4e66-4855-88e6-16f3e36bad4f/datanode-9/data/ratis/445197ae-c843-4376-ab37-5c6a73fb4d0a: Rolling segment log-0_4 to index:4
2019-08-29 08:46:14,393 [aeaf91a4-7b36-452e-90c9-b2e74ddba1a8-SegmentedRaftLogWorker:Storage Directory /workdir/hadoop-ozone/integration-test/target/test-dir/MiniOzoneClusterImpl-43bc7ae7-4e66-4855-88e6-16f3e36bad4f/datanode-9/data/ratis/445197ae-c843-4376-ab37-5c6a73fb4d0a] INFO  segmented.SegmentedRaftLogWorker (SegmentedRaftLogWorker.java:execute(526)) - aeaf91a4-7b36-452e-90c9-b2e74ddba1a8-SegmentedRaftLogWorker:Storage Directory /workdir/hadoop-ozone/integration-test/target/test-dir/MiniOzoneClusterImpl-43bc7ae7-4e66-4855-88e6-16f3e36bad4f/datanode-9/data/ratis/445197ae-c843-4376-ab37-5c6a73fb4d0a: Rolled log segment from /workdir/hadoop-ozone/integration-test/target/test-dir/MiniOzoneClusterImpl-43bc7ae7-4e66-4855-88e6-16f3e36bad4f/datanode-9/data/ratis/445197ae-c843-4376-ab37-5c6a73fb4d0a/current/log_inprogress_0 to /workdir/hadoop-ozone/integration-test/target/test-dir/MiniOzoneClusterImpl-43bc7ae7-4e66-4855-88e6-16f3e36bad4f/datanode-9/data/ratis/445197ae-c843-4376-ab37-5c6a73fb4d0a/current/log_0-4
2019-08-29 08:46:14,439 [94988375-8e84-4aa9-97e8-8e5d754fbb51-SegmentedRaftLogWorker:Storage Directory /workdir/hadoop-ozone/integration-test/target/test-dir/MiniOzoneClusterImpl-43bc7ae7-4e66-4855-88e6-16f3e36bad4f/datanode-4/data/ratis/445197ae-c843-4376-ab37-5c6a73fb4d0a] INFO  segmented.SegmentedRaftLogWorker (SegmentedRaftLogWorker.java:execute(569)) - 94988375-8e84-4aa9-97e8-8e5d754fbb51-SegmentedRaftLogWorker:Storage Directory /workdir/hadoop-ozone/integration-test/target/test-dir/MiniOzoneClusterImpl-43bc7ae7-4e66-4855-88e6-16f3e36bad4f/datanode-4/data/ratis/445197ae-c843-4376-ab37-5c6a73fb4d0a: created new log segment /workdir/hadoop-ozone/integration-test/target/test-dir/MiniOzoneClusterImpl-43bc7ae7-4e66-4855-88e6-16f3e36bad4f/datanode-4/data/ratis/445197ae-c843-4376-ab37-5c6a73fb4d0a/current/log_inprogress_5
2019-08-29 08:46:14,439 [aeaf91a4-7b36-452e-90c9-b2e74ddba1a8-SegmentedRaftLogWorker:Storage Directory /workdir/hadoop-ozone/integration-test/target/test-dir/MiniOzoneClusterImpl-43bc7ae7-4e66-4855-88e6-16f3e36bad4f/datanode-9/data/ratis/445197ae-c843-4376-ab37-5c6a73fb4d0a] INFO  segmented.SegmentedRaftLogWorker (SegmentedRaftLogWorker.java:execute(569)) - aeaf91a4-7b36-452e-90c9-b2e74ddba1a8-SegmentedRaftLogWorker:Storage Directory /workdir/hadoop-ozone/integration-test/target/test-dir/MiniOzoneClusterImpl-43bc7ae7-4e66-4855-88e6-16f3e36bad4f/datanode-9/data/ratis/445197ae-c843-4376-ab37-5c6a73fb4d0a: created new log segment /workdir/hadoop-ozone/integration-test/target/test-dir/MiniOzoneClusterImpl-43bc7ae7-4e66-4855-88e6-16f3e36bad4f/datanode-9/data/ratis/445197ae-c843-4376-ab37-5c6a73fb4d0a/current/log_inprogress_5
2019-08-29 08:46:14,458 | INFO  | DNAudit | user=null | ip=null | op=READ_CHUNK {blockData=conID: 1 locID: 102699390857641988 bcsId: 0} | ret=SUCCESS |  
2019-08-29 08:46:14,460 [grpc-default-executor-3] WARN  server.GrpcLogAppender (LogUtils.java:warn(134)) - 94988375-8e84-4aa9-97e8-8e5d754fbb51->beb647cc-dc8a-44df-94ce-0366e8d6be6e: Failed appendEntries: org.apache.ratis.thirdparty.io.grpc.StatusRuntimeException: UNAVAILABLE: io exception
2019-08-29 08:46:14,461 [grpc-default-executor-3] INFO  impl.FollowerInfo (FollowerInfo.java:lambda$new$0(50)) - 94988375-8e84-4aa9-97e8-8e5d754fbb51->beb647cc-dc8a-44df-94ce-0366e8d6be6e: nextIndex: updateUnconditionally 2 -> 1
2019-08-29 08:46:14,484 [grpc-default-executor-7] WARN  server.GrpcLogAppender (LogUtils.java:warn(134)) - 94988375-8e84-4aa9-97e8-8e5d754fbb51->beb647cc-dc8a-44df-94ce-0366e8d6be6e: Failed appendEntries: org.apache.ratis.thirdparty.io.grpc.StatusRuntimeException: UNAVAILABLE: io exception
2019-08-29 08:46:14,485 [grpc-default-executor-7] INFO  impl.FollowerInfo (FollowerInfo.java:lambda$new$0(50)) - 94988375-8e84-4aa9-97e8-8e5d754fbb51->beb647cc-dc8a-44df-94ce-0366e8d6be6e: nextIndex: updateUnconditionally 2 -> 1
2019-08-29 08:46:14,580 [grpc-default-executor-3] WARN  server.GrpcLogAppender (LogUtils.java:warn(134)) - ead32545-d171-4909-a11e-9b7dde0365ee->4d8418c6-9aaf-413c-a95a-22b3e00264fc: Failed appendEntries: org.apache.ratis.thirdparty.io.grpc.StatusRuntimeException: UNAVAILABLE: io exception
2019-08-29 08:46:14,581 [grpc-default-executor-3] INFO  impl.FollowerInfo (FollowerInfo.java:lambda$new$0(50)) - ead32545-d171-4909-a11e-9b7dde0365ee->4d8418c6-9aaf-413c-a95a-22b3e00264fc: nextIndex: updateUnconditionally 0 -> 0
2019-08-29 08:46:14,589 [grpc-default-executor-7] WARN  server.GrpcLogAppender (LogUtils.java:warn(134)) - ead32545-d171-4909-a11e-9b7dde0365ee->691d973f-4ee5-4b71-9c79-714a3e15e6a2: Failed appendEntries: org.apache.ratis.thirdparty.io.grpc.StatusRuntimeException: UNAVAILABLE: io exception
2019-08-29 08:46:14,589 [grpc-default-executor-7] INFO  impl.FollowerInfo (FollowerInfo.java:lambda$new$0(50)) - ead32545-d171-4909-a11e-9b7dde0365ee->691d973f-4ee5-4b71-9c79-714a3e15e6a2: nextIndex: updateUnconditionally 3 -> 2
2019-08-29 08:46:14,729 | INFO  | SCMAudit | user=jenkins1000 | ip=192.168.157.194 | op=SEND_HEARTBEAT {datanodeUUID=af10c44b-16fa-4c36-b19d-5f1088e11be1, command=[]} | ret=SUCCESS |  
2019-08-29 08:46:14,800 | INFO  | SCMAudit | user=jenkins1000 | ip=192.168.157.194 | op=SEND_HEARTBEAT {datanodeUUID=d42e1e69-47db-482b-ad03-89cca26a9b49, command=[]} | ret=SUCCESS |  
2019-08-29 08:46:14,987 [grpc-default-executor-4] WARN  server.GrpcLogAppender (LogUtils.java:warn(134)) - 94988375-8e84-4aa9-97e8-8e5d754fbb51->beb647cc-dc8a-44df-94ce-0366e8d6be6e: Failed appendEntries: org.apache.ratis.thirdparty.io.grpc.StatusRuntimeException: UNAVAILABLE: io exception
2019-08-29 08:46:14,988 [grpc-default-executor-4] INFO  impl.FollowerInfo (FollowerInfo.java:lambda$new$0(50)) - 94988375-8e84-4aa9-97e8-8e5d754fbb51->beb647cc-dc8a-44df-94ce-0366e8d6be6e: nextIndex: updateUnconditionally 1 -> 0
2019-08-29 08:46:15,067 | INFO  | SCMAudit | user=jenkins1000 | ip=192.168.157.194 | op=SEND_HEARTBEAT {datanodeUUID=aeaf91a4-7b36-452e-90c9-b2e74ddba1a8, command=[]} | ret=SUCCESS |  
2019-08-29 08:46:15,081 [grpc-default-executor-7] WARN  server.GrpcLogAppender (LogUtils.java:warn(134)) - ead32545-d171-4909-a11e-9b7dde0365ee->4d8418c6-9aaf-413c-a95a-22b3e00264fc: Failed appendEntries: org.apache.ratis.thirdparty.io.grpc.StatusRuntimeException: UNAVAILABLE: io exception
2019-08-29 08:46:15,081 [grpc-default-executor-7] INFO  impl.FollowerInfo (FollowerInfo.java:lambda$new$0(50)) - ead32545-d171-4909-a11e-9b7dde0365ee->4d8418c6-9aaf-413c-a95a-22b3e00264fc: nextIndex: updateUnconditionally 0 -> 0
2019-08-29 08:46:15,089 [grpc-default-executor-3] WARN  server.GrpcLogAppender (LogUtils.java:warn(134)) - ead32545-d171-4909-a11e-9b7dde0365ee->691d973f-4ee5-4b71-9c79-714a3e15e6a2: Failed appendEntries: org.apache.ratis.thirdparty.io.grpc.StatusRuntimeException: UNAVAILABLE: io exception
2019-08-29 08:46:15,090 [grpc-default-executor-3] INFO  impl.FollowerInfo (FollowerInfo.java:lambda$new$0(50)) - ead32545-d171-4909-a11e-9b7dde0365ee->691d973f-4ee5-4b71-9c79-714a3e15e6a2: nextIndex: updateUnconditionally 2 -> 1
2019-08-29 08:46:15,274 | INFO  | SCMAudit | user=jenkins1000 | ip=192.168.157.194 | op=SEND_HEARTBEAT {datanodeUUID=ead32545-d171-4909-a11e-9b7dde0365ee, command=[]} | ret=SUCCESS |  
2019-08-29 08:46:15,489 [grpc-default-executor-7] WARN  server.GrpcLogAppender (LogUtils.java:warn(134)) - 94988375-8e84-4aa9-97e8-8e5d754fbb51->beb647cc-dc8a-44df-94ce-0366e8d6be6e: Failed appendEntries: org.apache.ratis.thirdparty.io.grpc.StatusRuntimeException: UNAVAILABLE: io exception
2019-08-29 08:46:15,489 [grpc-default-executor-7] INFO  impl.FollowerInfo (FollowerInfo.java:lambda$new$0(50)) - 94988375-8e84-4aa9-97e8-8e5d754fbb51->beb647cc-dc8a-44df-94ce-0366e8d6be6e: nextIndex: updateUnconditionally 0 -> 0
2019-08-29 08:46:15,581 [grpc-default-executor-7] WARN  server.GrpcLogAppender (LogUtils.java:warn(134)) - ead32545-d171-4909-a11e-9b7dde0365ee->4d8418c6-9aaf-413c-a95a-22b3e00264fc: Failed appendEntries: org.apache.ratis.thirdparty.io.grpc.StatusRuntimeException: UNAVAILABLE: io exception
2019-08-29 08:46:15,582 [grpc-default-executor-7] INFO  impl.FollowerInfo (FollowerInfo.java:lambda$new$0(50)) - ead32545-d171-4909-a11e-9b7dde0365ee->4d8418c6-9aaf-413c-a95a-22b3e00264fc: nextIndex: updateUnconditionally 0 -> 0
2019-08-29 08:46:15,589 [grpc-default-executor-4] WARN  server.GrpcLogAppender (LogUtils.java:warn(134)) - ead32545-d171-4909-a11e-9b7dde0365ee->691d973f-4ee5-4b71-9c79-714a3e15e6a2: Failed appendEntries: org.apache.ratis.thirdparty.io.grpc.StatusRuntimeException: UNAVAILABLE: io exception
2019-08-29 08:46:15,589 [grpc-default-executor-4] INFO  impl.FollowerInfo (FollowerInfo.java:lambda$new$0(50)) - ead32545-d171-4909-a11e-9b7dde0365ee->691d973f-4ee5-4b71-9c79-714a3e15e6a2: nextIndex: updateUnconditionally 1 -> 0
2019-08-29 08:46:15,730 | INFO  | SCMAudit | user=jenkins1000 | ip=192.168.157.194 | op=SEND_HEARTBEAT {datanodeUUID=af10c44b-16fa-4c36-b19d-5f1088e11be1, command=[]} | ret=SUCCESS |  
2019-08-29 08:46:15,801 | INFO  | SCMAudit | user=jenkins1000 | ip=192.168.157.194 | op=SEND_HEARTBEAT {datanodeUUID=d42e1e69-47db-482b-ad03-89cca26a9b49, command=[]} | ret=SUCCESS |  
2019-08-29 08:46:15,990 [grpc-default-executor-3] WARN  server.GrpcLogAppender (LogUtils.java:warn(134)) - 94988375-8e84-4aa9-97e8-8e5d754fbb51->beb647cc-dc8a-44df-94ce-0366e8d6be6e: Failed appendEntries: org.apache.ratis.thirdparty.io.grpc.StatusRuntimeException: UNAVAILABLE: io exception
2019-08-29 08:46:15,991 [grpc-default-executor-3] INFO  impl.FollowerInfo (FollowerInfo.java:lambda$new$0(50)) - 94988375-8e84-4aa9-97e8-8e5d754fbb51->beb647cc-dc8a-44df-94ce-0366e8d6be6e: nextIndex: updateUnconditionally 0 -> 0
2019-08-29 08:46:16,067 | INFO  | SCMAudit | user=jenkins1000 | ip=192.168.157.194 | op=SEND_HEARTBEAT {datanodeUUID=aeaf91a4-7b36-452e-90c9-b2e74ddba1a8, command=[]} | ret=SUCCESS |  
2019-08-29 08:46:16,082 [grpc-default-executor-4] WARN  server.GrpcLogAppender (LogUtils.java:warn(134)) - ead32545-d171-4909-a11e-9b7dde0365ee->4d8418c6-9aaf-413c-a95a-22b3e00264fc: Failed appendEntries: org.apache.ratis.thirdparty.io.grpc.StatusRuntimeException: UNAVAILABLE: io exception
2019-08-29 08:46:16,083 [grpc-default-executor-4] INFO  impl.FollowerInfo (FollowerInfo.java:lambda$new$0(50)) - ead32545-d171-4909-a11e-9b7dde0365ee->4d8418c6-9aaf-413c-a95a-22b3e00264fc: nextIndex: updateUnconditionally 0 -> 0
2019-08-29 08:46:16,091 [grpc-default-executor-7] WARN  server.GrpcLogAppender (LogUtils.java:warn(134)) - ead32545-d171-4909-a11e-9b7dde0365ee->691d973f-4ee5-4b71-9c79-714a3e15e6a2: Failed appendEntries: org.apache.ratis.thirdparty.io.grpc.StatusRuntimeException: UNAVAILABLE: io exception
2019-08-29 08:46:16,091 [grpc-default-executor-7] INFO  impl.FollowerInfo (FollowerInfo.java:lambda$new$0(50)) - ead32545-d171-4909-a11e-9b7dde0365ee->691d973f-4ee5-4b71-9c79-714a3e15e6a2: nextIndex: updateUnconditionally 0 -> 0
2019-08-29 08:46:16,274 | INFO  | SCMAudit | user=jenkins1000 | ip=192.168.157.194 | op=SEND_HEARTBEAT {datanodeUUID=ead32545-d171-4909-a11e-9b7dde0365ee, command=[]} | ret=SUCCESS |  
2019-08-29 08:46:16,491 [grpc-default-executor-3] WARN  server.GrpcLogAppender (LogUtils.java:warn(134)) - 94988375-8e84-4aa9-97e8-8e5d754fbb51->beb647cc-dc8a-44df-94ce-0366e8d6be6e: Failed appendEntries: org.apache.ratis.thirdparty.io.grpc.StatusRuntimeException: UNAVAILABLE: io exception
2019-08-29 08:46:16,491 [grpc-default-executor-3] INFO  impl.FollowerInfo (FollowerInfo.java:lambda$new$0(50)) - 94988375-8e84-4aa9-97e8-8e5d754fbb51->beb647cc-dc8a-44df-94ce-0366e8d6be6e: nextIndex: updateUnconditionally 0 -> 0
2019-08-29 08:46:16,583 [grpc-default-executor-7] WARN  server.GrpcLogAppender (LogUtils.java:warn(134)) - ead32545-d171-4909-a11e-9b7dde0365ee->4d8418c6-9aaf-413c-a95a-22b3e00264fc: Failed appendEntries: org.apache.ratis.thirdparty.io.grpc.StatusRuntimeException: UNAVAILABLE: io exception
2019-08-29 08:46:16,584 [grpc-default-executor-7] INFO  impl.FollowerInfo (FollowerInfo.java:lambda$new$0(50)) - ead32545-d171-4909-a11e-9b7dde0365ee->4d8418c6-9aaf-413c-a95a-22b3e00264fc: nextIndex: updateUnconditionally 0 -> 0
2019-08-29 08:46:16,591 [grpc-default-executor-3] WARN  server.GrpcLogAppender (LogUtils.java:warn(134)) - ead32545-d171-4909-a11e-9b7dde0365ee->691d973f-4ee5-4b71-9c79-714a3e15e6a2: Failed appendEntries: org.apache.ratis.thirdparty.io.grpc.StatusRuntimeException: UNAVAILABLE: io exception
2019-08-29 08:46:16,591 [grpc-default-executor-3] INFO  impl.FollowerInfo (FollowerInfo.java:lambda$new$0(50)) - ead32545-d171-4909-a11e-9b7dde0365ee->691d973f-4ee5-4b71-9c79-714a3e15e6a2: nextIndex: updateUnconditionally 0 -> 0
2019-08-29 08:46:16,730 | INFO  | SCMAudit | user=jenkins1000 | ip=192.168.157.194 | op=SEND_HEARTBEAT {datanodeUUID=af10c44b-16fa-4c36-b19d-5f1088e11be1, command=[]} | ret=SUCCESS |  
2019-08-29 08:46:16,801 | INFO  | SCMAudit | user=jenkins1000 | ip=192.168.157.194 | op=SEND_HEARTBEAT {datanodeUUID=d42e1e69-47db-482b-ad03-89cca26a9b49, command=[]} | ret=SUCCESS |  
2019-08-29 08:46:16,936 [main] INFO  ozoneimpl.OzoneContainer (OzoneContainer.java:stop(215)) - Attempting to stop container services.
2019-08-29 08:46:16,936 [main] INFO  impl.RaftServerProxy (RaftServerProxy.java:lambda$close$4(314)) - b6aa82e4-5823-49f6-a34d-d75ec3f4bf0a: close
2019-08-29 08:46:16,936 [main] INFO  impl.RaftServerImpl (RaftServerImpl.java:lambda$shutdown$3(245)) - b6aa82e4-5823-49f6-a34d-d75ec3f4bf0a: shutdown group-0ADD4CCD3DD5
2019-08-29 08:46:16,937 [main] INFO  util.JmxRegister (JmxRegister.java:unregister(73)) - Successfully un-registered JMX Bean with object name Ratis:service=RaftServer,group=group-0ADD4CCD3DD5,id=b6aa82e4-5823-49f6-a34d-d75ec3f4bf0a
2019-08-29 08:46:16,937 [main] INFO  impl.RoleInfo (RoleInfo.java:shutdownLeaderState(104)) - b6aa82e4-5823-49f6-a34d-d75ec3f4bf0a: shutdown LeaderState
2019-08-29 08:46:16,937 [main] INFO  impl.PendingRequests (PendingRequests.java:sendNotLeaderResponses(202)) - b6aa82e4-5823-49f6-a34d-d75ec3f4bf0a-PendingRequests: sendNotLeaderResponses
2019-08-29 08:46:16,938 [main] INFO  impl.StateMachineUpdater (StateMachineUpdater.java:stopAndJoin(115)) - StateMachineUpdater:b6aa82e4-5823-49f6-a34d-d75ec3f4bf0a:group-0ADD4CCD3DD5: set stopIndex = 0
2019-08-29 08:46:16,938 [main] INFO  impl.RaftServerImpl (ServerState.java:close(394)) - b6aa82e4-5823-49f6-a34d-d75ec3f4bf0a:group-0ADD4CCD3DD5 closes. The last applied log index is 0
2019-08-29 08:46:16,938 [b6aa82e4-5823-49f6-a34d-d75ec3f4bf0a-SegmentedRaftLogWorker:Storage Directory /workdir/hadoop-ozone/integration-test/target/test-dir/MiniOzoneClusterImpl-43bc7ae7-4e66-4855-88e6-16f3e36bad4f/datanode-8/data/ratis/54955165-a55b-4276-a150-0add4ccd3dd5] INFO  segmented.SegmentedRaftLogWorker (SegmentedRaftLogWorker.java:run(313)) - b6aa82e4-5823-49f6-a34d-d75ec3f4bf0a-SegmentedRaftLogWorker:Storage Directory /workdir/hadoop-ozone/integration-test/target/test-dir/MiniOzoneClusterImpl-43bc7ae7-4e66-4855-88e6-16f3e36bad4f/datanode-8/data/ratis/54955165-a55b-4276-a150-0add4ccd3dd5 was interrupted, exiting. There are 0 tasks remaining in the queue.
2019-08-29 08:46:16,942 [main] INFO  segmented.SegmentedRaftLogWorker (SegmentedRaftLogWorker.java:close(228)) - b6aa82e4-5823-49f6-a34d-d75ec3f4bf0a-SegmentedRaftLogWorker:Storage Directory /workdir/hadoop-ozone/integration-test/target/test-dir/MiniOzoneClusterImpl-43bc7ae7-4e66-4855-88e6-16f3e36bad4f/datanode-8/data/ratis/54955165-a55b-4276-a150-0add4ccd3dd5 close()
2019-08-29 08:46:16,944 [main] INFO  impl.RaftServerImpl (RaftServerImpl.java:lambda$shutdown$3(245)) - b6aa82e4-5823-49f6-a34d-d75ec3f4bf0a: shutdown group-655B46E240B2
2019-08-29 08:46:16,944 [main] INFO  util.JmxRegister (JmxRegister.java:unregister(73)) - Successfully un-registered JMX Bean with object name Ratis:service=RaftServer,group=group-655B46E240B2,id=b6aa82e4-5823-49f6-a34d-d75ec3f4bf0a
2019-08-29 08:46:16,945 [main] INFO  impl.RoleInfo (RoleInfo.java:shutdownFollowerState(121)) - b6aa82e4-5823-49f6-a34d-d75ec3f4bf0a: shutdown FollowerState
2019-08-29 08:46:16,945 [main] INFO  impl.StateMachineUpdater (StateMachineUpdater.java:stopAndJoin(115)) - StateMachineUpdater:b6aa82e4-5823-49f6-a34d-d75ec3f4bf0a:group-655B46E240B2: set stopIndex = 0
2019-08-29 08:46:16,945 [Thread-1229] INFO  impl.FollowerState (FollowerState.java:run(114)) - b6aa82e4-5823-49f6-a34d-d75ec3f4bf0a: FollowerState was interrupted: java.lang.InterruptedException: sleep interrupted
2019-08-29 08:46:16,946 [main] INFO  impl.RaftServerImpl (ServerState.java:close(394)) - b6aa82e4-5823-49f6-a34d-d75ec3f4bf0a:group-655B46E240B2 closes. The last applied log index is 0
2019-08-29 08:46:16,948 [b6aa82e4-5823-49f6-a34d-d75ec3f4bf0a-SegmentedRaftLogWorker:Storage Directory /workdir/hadoop-ozone/integration-test/target/test-dir/MiniOzoneClusterImpl-43bc7ae7-4e66-4855-88e6-16f3e36bad4f/datanode-8/data/ratis/52ca8880-1f24-4e87-a4d8-655b46e240b2] INFO  segmented.SegmentedRaftLogWorker (SegmentedRaftLogWorker.java:run(313)) - b6aa82e4-5823-49f6-a34d-d75ec3f4bf0a-SegmentedRaftLogWorker:Storage Directory /workdir/hadoop-ozone/integration-test/target/test-dir/MiniOzoneClusterImpl-43bc7ae7-4e66-4855-88e6-16f3e36bad4f/datanode-8/data/ratis/52ca8880-1f24-4e87-a4d8-655b46e240b2 was interrupted, exiting. There are 0 tasks remaining in the queue.
2019-08-29 08:46:16,950 [main] INFO  segmented.SegmentedRaftLogWorker (SegmentedRaftLogWorker.java:close(228)) - b6aa82e4-5823-49f6-a34d-d75ec3f4bf0a-SegmentedRaftLogWorker:Storage Directory /workdir/hadoop-ozone/integration-test/target/test-dir/MiniOzoneClusterImpl-43bc7ae7-4e66-4855-88e6-16f3e36bad4f/datanode-8/data/ratis/52ca8880-1f24-4e87-a4d8-655b46e240b2 close()
2019-08-29 08:46:16,952 [main] INFO  server.GrpcService (GrpcService.java:closeImpl(155)) - b6aa82e4-5823-49f6-a34d-d75ec3f4bf0a: shutdown server with port 39858 now
2019-08-29 08:46:16,953 [ForkJoinPool.commonPool-worker-0] INFO  ozoneimpl.OzoneContainer (OzoneContainer.java:stop(215)) - Attempting to stop container services.
2019-08-29 08:46:16,953 [ForkJoinPool.commonPool-worker-0] INFO  impl.RaftServerProxy (RaftServerProxy.java:lambda$close$4(314)) - 94988375-8e84-4aa9-97e8-8e5d754fbb51: close
2019-08-29 08:46:16,953 [ForkJoinPool.commonPool-worker-0] INFO  impl.RaftServerImpl (RaftServerImpl.java:lambda$shutdown$3(245)) - 94988375-8e84-4aa9-97e8-8e5d754fbb51: shutdown group-5C6A73FB4D0A
2019-08-29 08:46:16,954 [ForkJoinPool.commonPool-worker-0] INFO  util.JmxRegister (JmxRegister.java:unregister(73)) - Successfully un-registered JMX Bean with object name Ratis:service=RaftServer,group=group-5C6A73FB4D0A,id=94988375-8e84-4aa9-97e8-8e5d754fbb51
2019-08-29 08:46:16,954 [grpc-default-executor-7] WARN  server.GrpcServerProtocolService (LogUtils.java:warn(134)) - b6aa82e4-5823-49f6-a34d-d75ec3f4bf0a: appendEntries onError: org.apache.ratis.thirdparty.io.grpc.StatusRuntimeException: CANCELLED: cancelled before receiving half close
2019-08-29 08:46:16,954 [main] INFO  server.GrpcService (GrpcService.java:closeImpl(163)) - b6aa82e4-5823-49f6-a34d-d75ec3f4bf0a: shutdown server with port 39858 successfully
2019-08-29 08:46:16,954 [ForkJoinPool.commonPool-worker-0] INFO  impl.RoleInfo (RoleInfo.java:shutdownLeaderState(104)) - 94988375-8e84-4aa9-97e8-8e5d754fbb51: shutdown LeaderState
2019-08-29 08:46:16,954 [grpc-default-executor-3] WARN  server.GrpcLogAppender (LogUtils.java:warn(134)) - af10c44b-16fa-4c36-b19d-5f1088e11be1->b6aa82e4-5823-49f6-a34d-d75ec3f4bf0a: Failed appendEntries: org.apache.ratis.thirdparty.io.grpc.StatusRuntimeException: CANCELLED: HTTP/2 error code: CANCEL
Received Rst Stream
2019-08-29 08:46:16,959 [org.apache.ratis.server.impl.LogAppender$AppenderDaemon$$Lambda$438/603291690@fb80b59] WARN  server.GrpcLogAppender (GrpcLogAppender.java:mayWait(143)) - GrpcLogAppender(94988375-8e84-4aa9-97e8-8e5d754fbb51->beb647cc-dc8a-44df-94ce-0366e8d6be6e): Wait interrupted by java.lang.InterruptedException
2019-08-29 08:46:16,959 [ForkJoinPool.commonPool-worker-0] INFO  impl.PendingRequests (PendingRequests.java:sendNotLeaderResponses(202)) - 94988375-8e84-4aa9-97e8-8e5d754fbb51-PendingRequests: sendNotLeaderResponses
2019-08-29 08:46:16,959 [grpc-default-executor-3] INFO  impl.FollowerInfo (FollowerInfo.java:lambda$new$0(50)) - af10c44b-16fa-4c36-b19d-5f1088e11be1->b6aa82e4-5823-49f6-a34d-d75ec3f4bf0a: nextIndex: updateUnconditionally 1 -> 0
2019-08-29 08:46:16,959 [ForkJoinPool.commonPool-worker-0] INFO  impl.StateMachineUpdater (StateMachineUpdater.java:stopAndJoin(115)) - StateMachineUpdater:94988375-8e84-4aa9-97e8-8e5d754fbb51:group-5C6A73FB4D0A: set stopIndex = 6
2019-08-29 08:46:16,959 [org.apache.ratis.server.impl.LogAppender$AppenderDaemon$$Lambda$438/603291690@7c5f3cd8] WARN  server.GrpcLogAppender (GrpcLogAppender.java:mayWait(143)) - GrpcLogAppender(94988375-8e84-4aa9-97e8-8e5d754fbb51->aeaf91a4-7b36-452e-90c9-b2e74ddba1a8): Wait interrupted by java.lang.InterruptedException
2019-08-29 08:46:16,960 [refreshUsed-/workdir/hadoop-ozone/integration-test/target/test-dir/MiniOzoneClusterImpl-43bc7ae7-4e66-4855-88e6-16f3e36bad4f/datanode-8/data/containers] WARN  fs.CachingGetSpaceUsed (CachingGetSpaceUsed.java:run(183)) - Thread Interrupted waiting to refresh disk information: sleep interrupted
2019-08-29 08:46:16,960 [StateMachineUpdater:94988375-8e84-4aa9-97e8-8e5d754fbb51:group-5C6A73FB4D0A] INFO  ratis.ContainerStateMachine (ContainerStateMachine.java:takeSnapshot(284)) - group-5C6A73FB4D0A: Taking a snapshot at:(t:2, i:3) file /workdir/hadoop-ozone/integration-test/target/test-dir/MiniOzoneClusterImpl-43bc7ae7-4e66-4855-88e6-16f3e36bad4f/datanode-4/data/ratis/445197ae-c843-4376-ab37-5c6a73fb4d0a/sm/snapshot.2_3
2019-08-29 08:46:16,960 [grpc-default-executor-3] INFO  server.GrpcServerProtocolService (GrpcServerProtocolService.java:onCompleted(104)) - aeaf91a4-7b36-452e-90c9-b2e74ddba1a8: appendEntries completed
2019-08-29 08:46:16,961 [grpc-default-executor-3] INFO  server.GrpcLogAppender (GrpcLogAppender.java:onCompleted(292)) - 94988375-8e84-4aa9-97e8-8e5d754fbb51->aeaf91a4-7b36-452e-90c9-b2e74ddba1a8: follower responses appendEntries COMPLETED
2019-08-29 08:46:16,961 [grpc-default-executor-3] INFO  impl.FollowerInfo (FollowerInfo.java:lambda$new$0(50)) - 94988375-8e84-4aa9-97e8-8e5d754fbb51->aeaf91a4-7b36-452e-90c9-b2e74ddba1a8: nextIndex: updateUnconditionally 7 -> 6
2019-08-29 08:46:16,973 [grpc-default-executor-4] WARN  server.GrpcLogAppender (LogUtils.java:warn(134)) - af10c44b-16fa-4c36-b19d-5f1088e11be1->b6aa82e4-5823-49f6-a34d-d75ec3f4bf0a: Failed appendEntries: org.apache.ratis.thirdparty.io.grpc.StatusRuntimeException: UNAVAILABLE: io exception
2019-08-29 08:46:16,974 [grpc-default-executor-4] INFO  impl.FollowerInfo (FollowerInfo.java:lambda$new$0(50)) - af10c44b-16fa-4c36-b19d-5f1088e11be1->b6aa82e4-5823-49f6-a34d-d75ec3f4bf0a: nextIndex: updateUnconditionally 0 -> 0
2019-08-29 08:46:16,979 [main] INFO  utils.BackgroundService (BackgroundService.java:shutdown(148)) - Shutting down service BlockDeletingService
2019-08-29 08:46:16,984 [main] INFO  statemachine.DatanodeStateMachine (DatanodeStateMachine.java:stopDaemon(395)) - Ozone container server stopped.
2019-08-29 08:46:16,985 [main] INFO  handler.ContextHandler (ContextHandler.java:doStop(910)) - Stopped o.e.j.w.WebAppContext@73041b7d{/,null,UNAVAILABLE}{/hddsDatanode}
2019-08-29 08:46:16,986 [main] INFO  server.AbstractConnector (AbstractConnector.java:doStop(318)) - Stopped ServerConnector@1235151c{HTTP/1.1,[http/1.1]}{0.0.0.0:0}
2019-08-29 08:46:16,986 [main] INFO  handler.ContextHandler (ContextHandler.java:doStop(910)) - Stopped o.e.j.s.ServletContextHandler@4da1f38a{/static,jar:file:/home/user/.m2/repository/org/apache/hadoop/hadoop-hdds-container-service/0.5.0-SNAPSHOT/hadoop-hdds-container-service-0.5.0-SNAPSHOT.jar!/webapps/static,UNAVAILABLE}
2019-08-29 08:46:16,986 [main] INFO  handler.ContextHandler (ContextHandler.java:doStop(910)) - Stopped o.e.j.s.ServletContextHandler@45e6d1e0{/logs,file:///workdir/hadoop-ozone/integration-test/target/log,UNAVAILABLE}
2019-08-29 08:46:17,046 [StateMachineUpdater:94988375-8e84-4aa9-97e8-8e5d754fbb51:group-5C6A73FB4D0A] INFO  ratis.ContainerStateMachine (ContainerStateMachine.java:takeSnapshot(295)) - group-5C6A73FB4D0A: Finished taking a snapshot at:(t:2, i:3) file:/workdir/hadoop-ozone/integration-test/target/test-dir/MiniOzoneClusterImpl-43bc7ae7-4e66-4855-88e6-16f3e36bad4f/datanode-4/data/ratis/445197ae-c843-4376-ab37-5c6a73fb4d0a/sm/snapshot.2_3 time:87
2019-08-29 08:46:17,047 [StateMachineUpdater:94988375-8e84-4aa9-97e8-8e5d754fbb51:group-5C6A73FB4D0A] INFO  impl.StateMachineUpdater (StateMachineUpdater.java:takeSnapshot(242)) - StateMachineUpdater:94988375-8e84-4aa9-97e8-8e5d754fbb51:group-5C6A73FB4D0A: Took a snapshot at index 3
2019-08-29 08:46:17,047 [StateMachineUpdater:94988375-8e84-4aa9-97e8-8e5d754fbb51:group-5C6A73FB4D0A] INFO  impl.StateMachineUpdater (StateMachineUpdater.java:lambda$new$0(80)) - StateMachineUpdater:94988375-8e84-4aa9-97e8-8e5d754fbb51:group-5C6A73FB4D0A: snapshotIndex: updateIncreasingly -1 -> 3
2019-08-29 08:46:17,047 [ForkJoinPool.commonPool-worker-0] INFO  impl.RaftServerImpl (ServerState.java:close(394)) - 94988375-8e84-4aa9-97e8-8e5d754fbb51:group-5C6A73FB4D0A closes. The last applied log index is 6
2019-08-29 08:46:17,048 [94988375-8e84-4aa9-97e8-8e5d754fbb51-SegmentedRaftLogWorker:Storage Directory /workdir/hadoop-ozone/integration-test/target/test-dir/MiniOzoneClusterImpl-43bc7ae7-4e66-4855-88e6-16f3e36bad4f/datanode-4/data/ratis/445197ae-c843-4376-ab37-5c6a73fb4d0a] INFO  segmented.SegmentedRaftLogWorker (SegmentedRaftLogWorker.java:run(313)) - 94988375-8e84-4aa9-97e8-8e5d754fbb51-SegmentedRaftLogWorker:Storage Directory /workdir/hadoop-ozone/integration-test/target/test-dir/MiniOzoneClusterImpl-43bc7ae7-4e66-4855-88e6-16f3e36bad4f/datanode-4/data/ratis/445197ae-c843-4376-ab37-5c6a73fb4d0a was interrupted, exiting. There are 0 tasks remaining in the queue.
2019-08-29 08:46:17,067 [Datanode State Machine Thread - 0] INFO  statemachine.DatanodeStateMachine (DatanodeStateMachine.java:lambda$startDaemon$0(350)) - Ozone container server started.
2019-08-29 08:46:17,084 [grpc-default-executor-7] WARN  server.GrpcLogAppender (LogUtils.java:warn(134)) - ead32545-d171-4909-a11e-9b7dde0365ee->4d8418c6-9aaf-413c-a95a-22b3e00264fc: Failed appendEntries: org.apache.ratis.thirdparty.io.grpc.StatusRuntimeException: UNAVAILABLE: io exception
2019-08-29 08:46:17,084 [grpc-default-executor-7] INFO  impl.FollowerInfo (FollowerInfo.java:lambda$new$0(50)) - ead32545-d171-4909-a11e-9b7dde0365ee->4d8418c6-9aaf-413c-a95a-22b3e00264fc: nextIndex: updateUnconditionally 0 -> 0
2019-08-29 08:46:17,091 [grpc-default-executor-3] WARN  server.GrpcLogAppender (LogUtils.java:warn(134)) - ead32545-d171-4909-a11e-9b7dde0365ee->691d973f-4ee5-4b71-9c79-714a3e15e6a2: Failed appendEntries: org.apache.ratis.thirdparty.io.grpc.StatusRuntimeException: UNAVAILABLE: io exception
2019-08-29 08:46:17,091 [grpc-default-executor-3] INFO  impl.FollowerInfo (FollowerInfo.java:lambda$new$0(50)) - ead32545-d171-4909-a11e-9b7dde0365ee->691d973f-4ee5-4b71-9c79-714a3e15e6a2: nextIndex: updateUnconditionally 0 -> 0
2019-08-29 08:46:17,275 | INFO  | SCMAudit | user=jenkins1000 | ip=192.168.157.194 | op=SEND_HEARTBEAT {datanodeUUID=ead32545-d171-4909-a11e-9b7dde0365ee, command=[]} | ret=SUCCESS |  
2019-08-29 08:46:17,298 [ForkJoinPool.commonPool-worker-0] INFO  segmented.SegmentedRaftLogWorker (SegmentedRaftLogWorker.java:close(228)) - 94988375-8e84-4aa9-97e8-8e5d754fbb51-SegmentedRaftLogWorker:Storage Directory /workdir/hadoop-ozone/integration-test/target/test-dir/MiniOzoneClusterImpl-43bc7ae7-4e66-4855-88e6-16f3e36bad4f/datanode-4/data/ratis/445197ae-c843-4376-ab37-5c6a73fb4d0a close()
2019-08-29 08:46:17,309 [ForkJoinPool.commonPool-worker-0] INFO  impl.RaftServerImpl (RaftServerImpl.java:lambda$shutdown$3(245)) - 94988375-8e84-4aa9-97e8-8e5d754fbb51: shutdown group-832A939584E8
2019-08-29 08:46:17,309 [ForkJoinPool.commonPool-worker-0] INFO  util.JmxRegister (JmxRegister.java:unregister(73)) - Successfully un-registered JMX Bean with object name Ratis:service=RaftServer,group=group-832A939584E8,id=94988375-8e84-4aa9-97e8-8e5d754fbb51
2019-08-29 08:46:17,310 [ForkJoinPool.commonPool-worker-0] INFO  impl.RoleInfo (RoleInfo.java:shutdownLeaderState(104)) - 94988375-8e84-4aa9-97e8-8e5d754fbb51: shutdown LeaderState
2019-08-29 08:46:17,310 [ForkJoinPool.commonPool-worker-0] INFO  impl.PendingRequests (PendingRequests.java:sendNotLeaderResponses(202)) - 94988375-8e84-4aa9-97e8-8e5d754fbb51-PendingRequests: sendNotLeaderResponses
2019-08-29 08:46:17,311 [ForkJoinPool.commonPool-worker-0] INFO  impl.StateMachineUpdater (StateMachineUpdater.java:stopAndJoin(115)) - StateMachineUpdater:94988375-8e84-4aa9-97e8-8e5d754fbb51:group-832A939584E8: set stopIndex = 0
2019-08-29 08:46:17,311 [ForkJoinPool.commonPool-worker-0] INFO  impl.RaftServerImpl (ServerState.java:close(394)) - 94988375-8e84-4aa9-97e8-8e5d754fbb51:group-832A939584E8 closes. The last applied log index is 0
2019-08-29 08:46:17,311 [94988375-8e84-4aa9-97e8-8e5d754fbb51-SegmentedRaftLogWorker:Storage Directory /workdir/hadoop-ozone/integration-test/target/test-dir/MiniOzoneClusterImpl-43bc7ae7-4e66-4855-88e6-16f3e36bad4f/datanode-4/data/ratis/e29990f0-8564-419c-aa3a-832a939584e8] INFO  segmented.SegmentedRaftLogWorker (SegmentedRaftLogWorker.java:run(313)) - 94988375-8e84-4aa9-97e8-8e5d754fbb51-SegmentedRaftLogWorker:Storage Directory /workdir/hadoop-ozone/integration-test/target/test-dir/MiniOzoneClusterImpl-43bc7ae7-4e66-4855-88e6-16f3e36bad4f/datanode-4/data/ratis/e29990f0-8564-419c-aa3a-832a939584e8 was interrupted, exiting. There are 0 tasks remaining in the queue.
2019-08-29 08:46:17,312 [ForkJoinPool.commonPool-worker-0] INFO  segmented.SegmentedRaftLogWorker (SegmentedRaftLogWorker.java:close(228)) - 94988375-8e84-4aa9-97e8-8e5d754fbb51-SegmentedRaftLogWorker:Storage Directory /workdir/hadoop-ozone/integration-test/target/test-dir/MiniOzoneClusterImpl-43bc7ae7-4e66-4855-88e6-16f3e36bad4f/datanode-4/data/ratis/e29990f0-8564-419c-aa3a-832a939584e8 close()
2019-08-29 08:46:17,312 [ForkJoinPool.commonPool-worker-0] INFO  server.GrpcService (GrpcService.java:closeImpl(155)) - 94988375-8e84-4aa9-97e8-8e5d754fbb51: shutdown server with port 40870 now
2019-08-29 08:46:17,313 [ForkJoinPool.commonPool-worker-0] INFO  server.GrpcService (GrpcService.java:closeImpl(163)) - 94988375-8e84-4aa9-97e8-8e5d754fbb51: shutdown server with port 40870 successfully
2019-08-29 08:46:17,315 [refreshUsed-/workdir/hadoop-ozone/integration-test/target/test-dir/MiniOzoneClusterImpl-43bc7ae7-4e66-4855-88e6-16f3e36bad4f/datanode-4/data/containers] WARN  fs.CachingGetSpaceUsed (CachingGetSpaceUsed.java:run(183)) - Thread Interrupted waiting to refresh disk information: sleep interrupted
2019-08-29 08:46:17,333 [ForkJoinPool.commonPool-worker-0] INFO  utils.BackgroundService (BackgroundService.java:shutdown(148)) - Shutting down service BlockDeletingService
2019-08-29 08:46:17,338 [ForkJoinPool.commonPool-worker-0] INFO  statemachine.DatanodeStateMachine (DatanodeStateMachine.java:stopDaemon(395)) - Ozone container server stopped.
2019-08-29 08:46:17,344 [ForkJoinPool.commonPool-worker-0] INFO  handler.ContextHandler (ContextHandler.java:doStop(910)) - Stopped o.e.j.w.WebAppContext@6f5bd362{/,null,UNAVAILABLE}{/hddsDatanode}
2019-08-29 08:46:17,344 [ForkJoinPool.commonPool-worker-0] INFO  server.AbstractConnector (AbstractConnector.java:doStop(318)) - Stopped ServerConnector@3a401749{HTTP/1.1,[http/1.1]}{0.0.0.0:0}
2019-08-29 08:46:17,350 [ForkJoinPool.commonPool-worker-0] INFO  handler.ContextHandler (ContextHandler.java:doStop(910)) - Stopped o.e.j.s.ServletContextHandler@71370fec{/static,jar:file:/home/user/.m2/repository/org/apache/hadoop/hadoop-hdds-container-service/0.5.0-SNAPSHOT/hadoop-hdds-container-service-0.5.0-SNAPSHOT.jar!/webapps/static,UNAVAILABLE}
2019-08-29 08:46:17,350 [ForkJoinPool.commonPool-worker-0] INFO  handler.ContextHandler (ContextHandler.java:doStop(910)) - Stopped o.e.j.s.ServletContextHandler@5820070c{/logs,file:///workdir/hadoop-ozone/integration-test/target/log,UNAVAILABLE}
2019-08-29 08:46:17,474 [grpc-default-executor-4] WARN  server.GrpcLogAppender (LogUtils.java:warn(134)) - af10c44b-16fa-4c36-b19d-5f1088e11be1->b6aa82e4-5823-49f6-a34d-d75ec3f4bf0a: Failed appendEntries: org.apache.ratis.thirdparty.io.grpc.StatusRuntimeException: UNAVAILABLE: io exception
2019-08-29 08:46:17,475 [grpc-default-executor-4] INFO  impl.FollowerInfo (FollowerInfo.java:lambda$new$0(50)) - af10c44b-16fa-4c36-b19d-5f1088e11be1->b6aa82e4-5823-49f6-a34d-d75ec3f4bf0a: nextIndex: updateUnconditionally 0 -> 0
2019-08-29 08:46:17,585 [grpc-default-executor-3] WARN  server.GrpcLogAppender (LogUtils.java:warn(134)) - ead32545-d171-4909-a11e-9b7dde0365ee->4d8418c6-9aaf-413c-a95a-22b3e00264fc: Failed appendEntries: org.apache.ratis.thirdparty.io.grpc.StatusRuntimeException: UNAVAILABLE: io exception
2019-08-29 08:46:17,585 [grpc-default-executor-3] INFO  impl.FollowerInfo (FollowerInfo.java:lambda$new$0(50)) - ead32545-d171-4909-a11e-9b7dde0365ee->4d8418c6-9aaf-413c-a95a-22b3e00264fc: nextIndex: updateUnconditionally 0 -> 0
2019-08-29 08:46:17,592 [grpc-default-executor-3] WARN  server.GrpcLogAppender (LogUtils.java:warn(134)) - ead32545-d171-4909-a11e-9b7dde0365ee->691d973f-4ee5-4b71-9c79-714a3e15e6a2: Failed appendEntries: org.apache.ratis.thirdparty.io.grpc.StatusRuntimeException: UNAVAILABLE: io exception
2019-08-29 08:46:17,592 [grpc-default-executor-3] INFO  impl.FollowerInfo (FollowerInfo.java:lambda$new$0(50)) - ead32545-d171-4909-a11e-9b7dde0365ee->691d973f-4ee5-4b71-9c79-714a3e15e6a2: nextIndex: updateUnconditionally 0 -> 0
2019-08-29 08:46:17,655 [Thread-1666] INFO  impl.FollowerState (FollowerState.java:run(106)) - aeaf91a4-7b36-452e-90c9-b2e74ddba1a8:group-5C6A73FB4D0A changes to CANDIDATE, lastRpcTime:1165, electionTimeout:1053ms
2019-08-29 08:46:17,655 [Thread-1666] INFO  impl.RoleInfo (RoleInfo.java:shutdownFollowerState(121)) - aeaf91a4-7b36-452e-90c9-b2e74ddba1a8: shutdown FollowerState
2019-08-29 08:46:17,656 [Thread-1666] INFO  impl.RaftServerImpl (RaftServerImpl.java:setRole(171)) - aeaf91a4-7b36-452e-90c9-b2e74ddba1a8:group-5C6A73FB4D0A changes role from FOLLOWER to CANDIDATE at term 4 for changeToCandidate
2019-08-29 08:46:17,656 [Thread-1666] INFO  impl.RoleInfo (RoleInfo.java:updateAndGet(143)) - aeaf91a4-7b36-452e-90c9-b2e74ddba1a8: start LeaderElection
2019-08-29 08:46:17,658 [aeaf91a4-7b36-452e-90c9-b2e74ddba1a8:group-5C6A73FB4D0A:LeaderElection57] INFO  impl.RaftServerImpl (ServerState.java:setLeader(263)) - aeaf91a4-7b36-452e-90c9-b2e74ddba1a8:group-5C6A73FB4D0A change Leader from 94988375-8e84-4aa9-97e8-8e5d754fbb51 to null at term 4 for initElection
2019-08-29 08:46:17,690 [aeaf91a4-7b36-452e-90c9-b2e74ddba1a8:group-5C6A73FB4D0A:LeaderElection57] INFO  impl.LeaderElection (LeaderElection.java:askForVotes(181)) - aeaf91a4-7b36-452e-90c9-b2e74ddba1a8:group-5C6A73FB4D0A:LeaderElection57: begin an election at term 5 for 5: [94988375-8e84-4aa9-97e8-8e5d754fbb51:192.168.157.194:40870, aeaf91a4-7b36-452e-90c9-b2e74ddba1a8:192.168.157.194:41794, beb647cc-dc8a-44df-94ce-0366e8d6be6e:192.168.157.194:36608], old=null
2019-08-29 08:46:17,691 [aeaf91a4-7b36-452e-90c9-b2e74ddba1a8:group-5C6A73FB4D0A:LeaderElection57] INFO  impl.LeaderElection (LogUtils.java:infoOrTrace(149)) - aeaf91a4-7b36-452e-90c9-b2e74ddba1a8:group-5C6A73FB4D0A:LeaderElection57 got exception when requesting votes: {}
java.util.concurrent.ExecutionException: org.apache.ratis.thirdparty.io.grpc.StatusRuntimeException: UNAVAILABLE: io exception
	at java.util.concurrent.FutureTask.report(FutureTask.java:122)
	at java.util.concurrent.FutureTask.get(FutureTask.java:192)
	at org.apache.ratis.server.impl.LeaderElection.waitForResults(LeaderElection.java:262)
	at org.apache.ratis.server.impl.LeaderElection.askForVotes(LeaderElection.java:200)
	at org.apache.ratis.server.impl.LeaderElection.run(LeaderElection.java:130)
	at java.lang.Thread.run(Thread.java:748)
Caused by: org.apache.ratis.thirdparty.io.grpc.StatusRuntimeException: UNAVAILABLE: io exception
	at org.apache.ratis.thirdparty.io.grpc.stub.ClientCalls.toStatusRuntimeException(ClientCalls.java:233)
	at org.apache.ratis.thirdparty.io.grpc.stub.ClientCalls.getUnchecked(ClientCalls.java:214)
	at org.apache.ratis.thirdparty.io.grpc.stub.ClientCalls.blockingUnaryCall(ClientCalls.java:139)
	at org.apache.ratis.proto.grpc.RaftServerProtocolServiceGrpc$RaftServerProtocolServiceBlockingStub.requestVote(RaftServerProtocolServiceGrpc.java:265)
	at org.apache.ratis.grpc.server.GrpcServerProtocolClient.requestVote(GrpcServerProtocolClient.java:83)
	at org.apache.ratis.grpc.server.GrpcService.requestVote(GrpcService.java:195)
	at org.apache.ratis.server.impl.LeaderElection.lambda$submitRequests$1(LeaderElection.java:237)
	at java.util.concurrent.FutureTask.run(FutureTask.java:266)
	at java.util.concurrent.Executors$RunnableAdapter.call(Executors.java:511)
	at java.util.concurrent.FutureTask.run(FutureTask.java:266)
	at java.util.concurrent.ThreadPoolExecutor.runWorker(ThreadPoolExecutor.java:1149)
	at java.util.concurrent.ThreadPoolExecutor$Worker.run(ThreadPoolExecutor.java:624)
	... 1 more
Caused by: org.apache.ratis.thirdparty.io.netty.channel.AbstractChannel$AnnotatedConnectException: Connection refused: /192.168.157.194:36608
	at sun.nio.ch.SocketChannelImpl.checkConnect(Native Method)
	at sun.nio.ch.SocketChannelImpl.finishConnect(SocketChannelImpl.java:717)
	at org.apache.ratis.thirdparty.io.netty.channel.socket.nio.NioSocketChannel.doFinishConnect(NioSocketChannel.java:327)
	at org.apache.ratis.thirdparty.io.netty.channel.nio.AbstractNioChannel$AbstractNioUnsafe.finishConnect(AbstractNioChannel.java:340)
	at org.apache.ratis.thirdparty.io.netty.channel.nio.NioEventLoop.processSelectedKey(NioEventLoop.java:632)
	at org.apache.ratis.thirdparty.io.netty.channel.nio.NioEventLoop.processSelectedKeysOptimized(NioEventLoop.java:579)
	at org.apache.ratis.thirdparty.io.netty.channel.nio.NioEventLoop.processSelectedKeys(NioEventLoop.java:496)
	at org.apache.ratis.thirdparty.io.netty.channel.nio.NioEventLoop.run(NioEventLoop.java:458)
	at org.apache.ratis.thirdparty.io.netty.util.concurrent.SingleThreadEventExecutor$5.run(SingleThreadEventExecutor.java:897)
	at org.apache.ratis.thirdparty.io.netty.util.concurrent.FastThreadLocalRunnable.run(FastThreadLocalRunnable.java:30)
	... 1 more
Caused by: java.net.ConnectException: Connection refused
	... 11 more
2019-08-29 08:46:17,694 [aeaf91a4-7b36-452e-90c9-b2e74ddba1a8:group-5C6A73FB4D0A:LeaderElection57] INFO  impl.LeaderElection (LogUtils.java:infoOrTrace(149)) - aeaf91a4-7b36-452e-90c9-b2e74ddba1a8:group-5C6A73FB4D0A:LeaderElection57 got exception when requesting votes: {}
java.util.concurrent.ExecutionException: org.apache.ratis.thirdparty.io.grpc.StatusRuntimeException: UNAVAILABLE: io exception
	at java.util.concurrent.FutureTask.report(FutureTask.java:122)
	at java.util.concurrent.FutureTask.get(FutureTask.java:192)
	at org.apache.ratis.server.impl.LeaderElection.waitForResults(LeaderElection.java:262)
	at org.apache.ratis.server.impl.LeaderElection.askForVotes(LeaderElection.java:200)
	at org.apache.ratis.server.impl.LeaderElection.run(LeaderElection.java:130)
	at java.lang.Thread.run(Thread.java:748)
Caused by: org.apache.ratis.thirdparty.io.grpc.StatusRuntimeException: UNAVAILABLE: io exception
	at org.apache.ratis.thirdparty.io.grpc.stub.ClientCalls.toStatusRuntimeException(ClientCalls.java:233)
	at org.apache.ratis.thirdparty.io.grpc.stub.ClientCalls.getUnchecked(ClientCalls.java:214)
	at org.apache.ratis.thirdparty.io.grpc.stub.ClientCalls.blockingUnaryCall(ClientCalls.java:139)
	at org.apache.ratis.proto.grpc.RaftServerProtocolServiceGrpc$RaftServerProtocolServiceBlockingStub.requestVote(RaftServerProtocolServiceGrpc.java:265)
	at org.apache.ratis.grpc.server.GrpcServerProtocolClient.requestVote(GrpcServerProtocolClient.java:83)
	at org.apache.ratis.grpc.server.GrpcService.requestVote(GrpcService.java:195)
	at org.apache.ratis.server.impl.LeaderElection.lambda$submitRequests$1(LeaderElection.java:237)
	at java.util.concurrent.FutureTask.run(FutureTask.java:266)
	at java.util.concurrent.Executors$RunnableAdapter.call(Executors.java:511)
	at java.util.concurrent.FutureTask.run(FutureTask.java:266)
	at java.util.concurrent.ThreadPoolExecutor.runWorker(ThreadPoolExecutor.java:1149)
	at java.util.concurrent.ThreadPoolExecutor$Worker.run(ThreadPoolExecutor.java:624)
	... 1 more
Caused by: org.apache.ratis.thirdparty.io.netty.channel.AbstractChannel$AnnotatedConnectException: Connection refused: /192.168.157.194:40870
	at sun.nio.ch.SocketChannelImpl.checkConnect(Native Method)
	at sun.nio.ch.SocketChannelImpl.finishConnect(SocketChannelImpl.java:717)
	at org.apache.ratis.thirdparty.io.netty.channel.socket.nio.NioSocketChannel.doFinishConnect(NioSocketChannel.java:327)
	at org.apache.ratis.thirdparty.io.netty.channel.nio.AbstractNioChannel$AbstractNioUnsafe.finishConnect(AbstractNioChannel.java:340)
	at org.apache.ratis.thirdparty.io.netty.channel.nio.NioEventLoop.processSelectedKey(NioEventLoop.java:632)
	at org.apache.ratis.thirdparty.io.netty.channel.nio.NioEventLoop.processSelectedKeysOptimized(NioEventLoop.java:579)
	at org.apache.ratis.thirdparty.io.netty.channel.nio.NioEventLoop.processSelectedKeys(NioEventLoop.java:496)
	at org.apache.ratis.thirdparty.io.netty.channel.nio.NioEventLoop.run(NioEventLoop.java:458)
	at org.apache.ratis.thirdparty.io.netty.util.concurrent.SingleThreadEventExecutor$5.run(SingleThreadEventExecutor.java:897)
	at org.apache.ratis.thirdparty.io.netty.util.concurrent.FastThreadLocalRunnable.run(FastThreadLocalRunnable.java:30)
	... 1 more
Caused by: java.net.ConnectException: Connection refused
	... 11 more
2019-08-29 08:46:17,696 [aeaf91a4-7b36-452e-90c9-b2e74ddba1a8:group-5C6A73FB4D0A:LeaderElection57] INFO  impl.LeaderElection (LeaderElection.java:logAndReturn(56)) - aeaf91a4-7b36-452e-90c9-b2e74ddba1a8:group-5C6A73FB4D0A:LeaderElection57: Election REJECTED; received 0 response(s) [] and 2 exception(s); aeaf91a4-7b36-452e-90c9-b2e74ddba1a8:t5, leader=null, voted=aeaf91a4-7b36-452e-90c9-b2e74ddba1a8, raftlog=aeaf91a4-7b36-452e-90c9-b2e74ddba1a8-SegmentedRaftLog:OPENED:c6,f6,i6, conf=5: [94988375-8e84-4aa9-97e8-8e5d754fbb51:192.168.157.194:40870, aeaf91a4-7b36-452e-90c9-b2e74ddba1a8:192.168.157.194:41794, beb647cc-dc8a-44df-94ce-0366e8d6be6e:192.168.157.194:36608], old=null
2019-08-29 08:46:17,696 [aeaf91a4-7b36-452e-90c9-b2e74ddba1a8:group-5C6A73FB4D0A:LeaderElection57] INFO  impl.LeaderElection (LogUtils.java:infoOrTrace(149)) -   Exception 0: {}
java.util.concurrent.ExecutionException: org.apache.ratis.thirdparty.io.grpc.StatusRuntimeException: UNAVAILABLE: io exception
	at java.util.concurrent.FutureTask.report(FutureTask.java:122)
	at java.util.concurrent.FutureTask.get(FutureTask.java:192)
	at org.apache.ratis.server.impl.LeaderElection.waitForResults(LeaderElection.java:262)
	at org.apache.ratis.server.impl.LeaderElection.askForVotes(LeaderElection.java:200)
	at org.apache.ratis.server.impl.LeaderElection.run(LeaderElection.java:130)
	at java.lang.Thread.run(Thread.java:748)
Caused by: org.apache.ratis.thirdparty.io.grpc.StatusRuntimeException: UNAVAILABLE: io exception
	at org.apache.ratis.thirdparty.io.grpc.stub.ClientCalls.toStatusRuntimeException(ClientCalls.java:233)
	at org.apache.ratis.thirdparty.io.grpc.stub.ClientCalls.getUnchecked(ClientCalls.java:214)
	at org.apache.ratis.thirdparty.io.grpc.stub.ClientCalls.blockingUnaryCall(ClientCalls.java:139)
	at org.apache.ratis.proto.grpc.RaftServerProtocolServiceGrpc$RaftServerProtocolServiceBlockingStub.requestVote(RaftServerProtocolServiceGrpc.java:265)
	at org.apache.ratis.grpc.server.GrpcServerProtocolClient.requestVote(GrpcServerProtocolClient.java:83)
	at org.apache.ratis.grpc.server.GrpcService.requestVote(GrpcService.java:195)
	at org.apache.ratis.server.impl.LeaderElection.lambda$submitRequests$1(LeaderElection.java:237)
	at java.util.concurrent.FutureTask.run(FutureTask.java:266)
	at java.util.concurrent.Executors$RunnableAdapter.call(Executors.java:511)
	at java.util.concurrent.FutureTask.run(FutureTask.java:266)
	at java.util.concurrent.ThreadPoolExecutor.runWorker(ThreadPoolExecutor.java:1149)
	at java.util.concurrent.ThreadPoolExecutor$Worker.run(ThreadPoolExecutor.java:624)
	... 1 more
Caused by: org.apache.ratis.thirdparty.io.netty.channel.AbstractChannel$AnnotatedConnectException: Connection refused: /192.168.157.194:36608
	at sun.nio.ch.SocketChannelImpl.checkConnect(Native Method)
	at sun.nio.ch.SocketChannelImpl.finishConnect(SocketChannelImpl.java:717)
	at org.apache.ratis.thirdparty.io.netty.channel.socket.nio.NioSocketChannel.doFinishConnect(NioSocketChannel.java:327)
	at org.apache.ratis.thirdparty.io.netty.channel.nio.AbstractNioChannel$AbstractNioUnsafe.finishConnect(AbstractNioChannel.java:340)
	at org.apache.ratis.thirdparty.io.netty.channel.nio.NioEventLoop.processSelectedKey(NioEventLoop.java:632)
	at org.apache.ratis.thirdparty.io.netty.channel.nio.NioEventLoop.processSelectedKeysOptimized(NioEventLoop.java:579)
	at org.apache.ratis.thirdparty.io.netty.channel.nio.NioEventLoop.processSelectedKeys(NioEventLoop.java:496)
	at org.apache.ratis.thirdparty.io.netty.channel.nio.NioEventLoop.run(NioEventLoop.java:458)
	at org.apache.ratis.thirdparty.io.netty.util.concurrent.SingleThreadEventExecutor$5.run(SingleThreadEventExecutor.java:897)
	at org.apache.ratis.thirdparty.io.netty.util.concurrent.FastThreadLocalRunnable.run(FastThreadLocalRunnable.java:30)
	... 1 more
Caused by: java.net.ConnectException: Connection refused
	... 11 more
2019-08-29 08:46:17,696 [aeaf91a4-7b36-452e-90c9-b2e74ddba1a8:group-5C6A73FB4D0A:LeaderElection57] INFO  impl.LeaderElection (LogUtils.java:infoOrTrace(149)) -   Exception 1: {}
java.util.concurrent.ExecutionException: org.apache.ratis.thirdparty.io.grpc.StatusRuntimeException: UNAVAILABLE: io exception
	at java.util.concurrent.FutureTask.report(FutureTask.java:122)
	at java.util.concurrent.FutureTask.get(FutureTask.java:192)
	at org.apache.ratis.server.impl.LeaderElection.waitForResults(LeaderElection.java:262)
	at org.apache.ratis.server.impl.LeaderElection.askForVotes(LeaderElection.java:200)
	at org.apache.ratis.server.impl.LeaderElection.run(LeaderElection.java:130)
	at java.lang.Thread.run(Thread.java:748)
Caused by: org.apache.ratis.thirdparty.io.grpc.StatusRuntimeException: UNAVAILABLE: io exception
	at org.apache.ratis.thirdparty.io.grpc.stub.ClientCalls.toStatusRuntimeException(ClientCalls.java:233)
	at org.apache.ratis.thirdparty.io.grpc.stub.ClientCalls.getUnchecked(ClientCalls.java:214)
	at org.apache.ratis.thirdparty.io.grpc.stub.ClientCalls.blockingUnaryCall(ClientCalls.java:139)
	at org.apache.ratis.proto.grpc.RaftServerProtocolServiceGrpc$RaftServerProtocolServiceBlockingStub.requestVote(RaftServerProtocolServiceGrpc.java:265)
	at org.apache.ratis.grpc.server.GrpcServerProtocolClient.requestVote(GrpcServerProtocolClient.java:83)
	at org.apache.ratis.grpc.server.GrpcService.requestVote(GrpcService.java:195)
	at org.apache.ratis.server.impl.LeaderElection.lambda$submitRequests$1(LeaderElection.java:237)
	at java.util.concurrent.FutureTask.run(FutureTask.java:266)
	at java.util.concurrent.Executors$RunnableAdapter.call(Executors.java:511)
	at java.util.concurrent.FutureTask.run(FutureTask.java:266)
	at java.util.concurrent.ThreadPoolExecutor.runWorker(ThreadPoolExecutor.java:1149)
	at java.util.concurrent.ThreadPoolExecutor$Worker.run(ThreadPoolExecutor.java:624)
	... 1 more
Caused by: org.apache.ratis.thirdparty.io.netty.channel.AbstractChannel$AnnotatedConnectException: Connection refused: /192.168.157.194:40870
	at sun.nio.ch.SocketChannelImpl.checkConnect(Native Method)
	at sun.nio.ch.SocketChannelImpl.finishConnect(SocketChannelImpl.java:717)
	at org.apache.ratis.thirdparty.io.netty.channel.socket.nio.NioSocketChannel.doFinishConnect(NioSocketChannel.java:327)
	at org.apache.ratis.thirdparty.io.netty.channel.nio.AbstractNioChannel$AbstractNioUnsafe.finishConnect(AbstractNioChannel.java:340)
	at org.apache.ratis.thirdparty.io.netty.channel.nio.NioEventLoop.processSelectedKey(NioEventLoop.java:632)
	at org.apache.ratis.thirdparty.io.netty.channel.nio.NioEventLoop.processSelectedKeysOptimized(NioEventLoop.java:579)
	at org.apache.ratis.thirdparty.io.netty.channel.nio.NioEventLoop.processSelectedKeys(NioEventLoop.java:496)
	at org.apache.ratis.thirdparty.io.netty.channel.nio.NioEventLoop.run(NioEventLoop.java:458)
	at org.apache.ratis.thirdparty.io.netty.util.concurrent.SingleThreadEventExecutor$5.run(SingleThreadEventExecutor.java:897)
	at org.apache.ratis.thirdparty.io.netty.util.concurrent.FastThreadLocalRunnable.run(FastThreadLocalRunnable.java:30)
	... 1 more
Caused by: java.net.ConnectException: Connection refused
	... 11 more
2019-08-29 08:46:17,696 [aeaf91a4-7b36-452e-90c9-b2e74ddba1a8:group-5C6A73FB4D0A:LeaderElection57] INFO  impl.RaftServerImpl (RaftServerImpl.java:setRole(171)) - aeaf91a4-7b36-452e-90c9-b2e74ddba1a8:group-5C6A73FB4D0A changes role from CANDIDATE to FOLLOWER at term 5 for DISCOVERED_A_NEW_TERM
2019-08-29 08:46:17,697 [aeaf91a4-7b36-452e-90c9-b2e74ddba1a8:group-5C6A73FB4D0A:LeaderElection57] INFO  impl.RoleInfo (RoleInfo.java:shutdownLeaderElection(134)) - aeaf91a4-7b36-452e-90c9-b2e74ddba1a8: shutdown LeaderElection
2019-08-29 08:46:17,697 [aeaf91a4-7b36-452e-90c9-b2e74ddba1a8:group-5C6A73FB4D0A:LeaderElection57] INFO  impl.RoleInfo (RoleInfo.java:updateAndGet(143)) - aeaf91a4-7b36-452e-90c9-b2e74ddba1a8: start FollowerState
2019-08-29 08:46:17,729 [Datanode State Machine Thread - 0] INFO  statemachine.DatanodeStateMachine (DatanodeStateMachine.java:lambda$startDaemon$0(350)) - Ozone container server started.
2019-08-29 08:46:17,801 | INFO  | SCMAudit | user=jenkins1000 | ip=192.168.157.194 | op=SEND_HEARTBEAT {datanodeUUID=d42e1e69-47db-482b-ad03-89cca26a9b49, command=[]} | ret=SUCCESS |  
2019-08-29 08:46:17,975 [grpc-default-executor-7] WARN  server.GrpcLogAppender (LogUtils.java:warn(134)) - af10c44b-16fa-4c36-b19d-5f1088e11be1->b6aa82e4-5823-49f6-a34d-d75ec3f4bf0a: Failed appendEntries: org.apache.ratis.thirdparty.io.grpc.StatusRuntimeException: UNAVAILABLE: io exception
2019-08-29 08:46:17,976 [grpc-default-executor-7] INFO  impl.FollowerInfo (FollowerInfo.java:lambda$new$0(50)) - af10c44b-16fa-4c36-b19d-5f1088e11be1->b6aa82e4-5823-49f6-a34d-d75ec3f4bf0a: nextIndex: updateUnconditionally 0 -> 0
2019-08-29 08:46:18,085 [grpc-default-executor-7] WARN  server.GrpcLogAppender (LogUtils.java:warn(134)) - ead32545-d171-4909-a11e-9b7dde0365ee->4d8418c6-9aaf-413c-a95a-22b3e00264fc: Failed appendEntries: org.apache.ratis.thirdparty.io.grpc.StatusRuntimeException: UNAVAILABLE: io exception
2019-08-29 08:46:18,086 [grpc-default-executor-7] INFO  impl.FollowerInfo (FollowerInfo.java:lambda$new$0(50)) - ead32545-d171-4909-a11e-9b7dde0365ee->4d8418c6-9aaf-413c-a95a-22b3e00264fc: nextIndex: updateUnconditionally 0 -> 0
2019-08-29 08:46:18,092 [grpc-default-executor-4] WARN  server.GrpcLogAppender (LogUtils.java:warn(134)) - ead32545-d171-4909-a11e-9b7dde0365ee->691d973f-4ee5-4b71-9c79-714a3e15e6a2: Failed appendEntries: org.apache.ratis.thirdparty.io.grpc.StatusRuntimeException: UNAVAILABLE: io exception
2019-08-29 08:46:18,092 [grpc-default-executor-4] INFO  impl.FollowerInfo (FollowerInfo.java:lambda$new$0(50)) - ead32545-d171-4909-a11e-9b7dde0365ee->691d973f-4ee5-4b71-9c79-714a3e15e6a2: nextIndex: updateUnconditionally 0 -> 0
2019-08-29 08:46:18,275 | INFO  | SCMAudit | user=jenkins1000 | ip=192.168.157.194 | op=SEND_HEARTBEAT {datanodeUUID=ead32545-d171-4909-a11e-9b7dde0365ee, command=[]} | ret=SUCCESS |  
2019-08-29 08:46:18,476 [grpc-default-executor-3] WARN  server.GrpcLogAppender (LogUtils.java:warn(134)) - af10c44b-16fa-4c36-b19d-5f1088e11be1->b6aa82e4-5823-49f6-a34d-d75ec3f4bf0a: Failed appendEntries: org.apache.ratis.thirdparty.io.grpc.StatusRuntimeException: UNAVAILABLE: io exception
2019-08-29 08:46:18,477 [grpc-default-executor-3] INFO  impl.FollowerInfo (FollowerInfo.java:lambda$new$0(50)) - af10c44b-16fa-4c36-b19d-5f1088e11be1->b6aa82e4-5823-49f6-a34d-d75ec3f4bf0a: nextIndex: updateUnconditionally 0 -> 0
2019-08-29 08:46:18,586 [grpc-default-executor-3] WARN  server.GrpcLogAppender (LogUtils.java:warn(134)) - ead32545-d171-4909-a11e-9b7dde0365ee->4d8418c6-9aaf-413c-a95a-22b3e00264fc: Failed appendEntries: org.apache.ratis.thirdparty.io.grpc.StatusRuntimeException: UNAVAILABLE: io exception
2019-08-29 08:46:18,587 [grpc-default-executor-3] INFO  impl.FollowerInfo (FollowerInfo.java:lambda$new$0(50)) - ead32545-d171-4909-a11e-9b7dde0365ee->4d8418c6-9aaf-413c-a95a-22b3e00264fc: nextIndex: updateUnconditionally 0 -> 0
2019-08-29 08:46:18,593 [grpc-default-executor-3] WARN  server.GrpcLogAppender (LogUtils.java:warn(134)) - ead32545-d171-4909-a11e-9b7dde0365ee->691d973f-4ee5-4b71-9c79-714a3e15e6a2: Failed appendEntries: org.apache.ratis.thirdparty.io.grpc.StatusRuntimeException: UNAVAILABLE: io exception
2019-08-29 08:46:18,593 [grpc-default-executor-3] INFO  impl.FollowerInfo (FollowerInfo.java:lambda$new$0(50)) - ead32545-d171-4909-a11e-9b7dde0365ee->691d973f-4ee5-4b71-9c79-714a3e15e6a2: nextIndex: updateUnconditionally 0 -> 0
2019-08-29 08:46:18,802 | INFO  | SCMAudit | user=jenkins1000 | ip=192.168.157.194 | op=SEND_HEARTBEAT {datanodeUUID=d42e1e69-47db-482b-ad03-89cca26a9b49, command=[]} | ret=SUCCESS |  
2019-08-29 08:46:18,848 [Thread-1694] INFO  impl.FollowerState (FollowerState.java:run(106)) - aeaf91a4-7b36-452e-90c9-b2e74ddba1a8:group-5C6A73FB4D0A changes to CANDIDATE, lastRpcTime:1151, electionTimeout:1151ms
2019-08-29 08:46:18,848 [Thread-1694] INFO  impl.RoleInfo (RoleInfo.java:shutdownFollowerState(121)) - aeaf91a4-7b36-452e-90c9-b2e74ddba1a8: shutdown FollowerState
2019-08-29 08:46:18,848 [Thread-1694] INFO  impl.RaftServerImpl (RaftServerImpl.java:setRole(171)) - aeaf91a4-7b36-452e-90c9-b2e74ddba1a8:group-5C6A73FB4D0A changes role from FOLLOWER to CANDIDATE at term 5 for changeToCandidate
2019-08-29 08:46:18,849 [Thread-1694] INFO  impl.RoleInfo (RoleInfo.java:updateAndGet(143)) - aeaf91a4-7b36-452e-90c9-b2e74ddba1a8: start LeaderElection
2019-08-29 08:46:18,912 [aeaf91a4-7b36-452e-90c9-b2e74ddba1a8:group-5C6A73FB4D0A:LeaderElection58] INFO  impl.LeaderElection (LeaderElection.java:askForVotes(181)) - aeaf91a4-7b36-452e-90c9-b2e74ddba1a8:group-5C6A73FB4D0A:LeaderElection58: begin an election at term 6 for 5: [94988375-8e84-4aa9-97e8-8e5d754fbb51:192.168.157.194:40870, aeaf91a4-7b36-452e-90c9-b2e74ddba1a8:192.168.157.194:41794, beb647cc-dc8a-44df-94ce-0366e8d6be6e:192.168.157.194:36608], old=null
2019-08-29 08:46:18,913 [aeaf91a4-7b36-452e-90c9-b2e74ddba1a8:group-5C6A73FB4D0A:LeaderElection58] INFO  impl.LeaderElection (LogUtils.java:infoOrTrace(149)) - aeaf91a4-7b36-452e-90c9-b2e74ddba1a8:group-5C6A73FB4D0A:LeaderElection58 got exception when requesting votes: {}
java.util.concurrent.ExecutionException: org.apache.ratis.thirdparty.io.grpc.StatusRuntimeException: UNAVAILABLE: io exception
	at java.util.concurrent.FutureTask.report(FutureTask.java:122)
	at java.util.concurrent.FutureTask.get(FutureTask.java:192)
	at org.apache.ratis.server.impl.LeaderElection.waitForResults(LeaderElection.java:262)
	at org.apache.ratis.server.impl.LeaderElection.askForVotes(LeaderElection.java:200)
	at org.apache.ratis.server.impl.LeaderElection.run(LeaderElection.java:130)
	at java.lang.Thread.run(Thread.java:748)
Caused by: org.apache.ratis.thirdparty.io.grpc.StatusRuntimeException: UNAVAILABLE: io exception
	at org.apache.ratis.thirdparty.io.grpc.stub.ClientCalls.toStatusRuntimeException(ClientCalls.java:233)
	at org.apache.ratis.thirdparty.io.grpc.stub.ClientCalls.getUnchecked(ClientCalls.java:214)
	at org.apache.ratis.thirdparty.io.grpc.stub.ClientCalls.blockingUnaryCall(ClientCalls.java:139)
	at org.apache.ratis.proto.grpc.RaftServerProtocolServiceGrpc$RaftServerProtocolServiceBlockingStub.requestVote(RaftServerProtocolServiceGrpc.java:265)
	at org.apache.ratis.grpc.server.GrpcServerProtocolClient.requestVote(GrpcServerProtocolClient.java:83)
	at org.apache.ratis.grpc.server.GrpcService.requestVote(GrpcService.java:195)
	at org.apache.ratis.server.impl.LeaderElection.lambda$submitRequests$1(LeaderElection.java:237)
	at java.util.concurrent.FutureTask.run(FutureTask.java:266)
	at java.util.concurrent.Executors$RunnableAdapter.call(Executors.java:511)
	at java.util.concurrent.FutureTask.run(FutureTask.java:266)
	at java.util.concurrent.ThreadPoolExecutor.runWorker(ThreadPoolExecutor.java:1149)
	at java.util.concurrent.ThreadPoolExecutor$Worker.run(ThreadPoolExecutor.java:624)
	... 1 more
Caused by: org.apache.ratis.thirdparty.io.netty.channel.AbstractChannel$AnnotatedConnectException: Connection refused: /192.168.157.194:40870
	at sun.nio.ch.SocketChannelImpl.checkConnect(Native Method)
	at sun.nio.ch.SocketChannelImpl.finishConnect(SocketChannelImpl.java:717)
	at org.apache.ratis.thirdparty.io.netty.channel.socket.nio.NioSocketChannel.doFinishConnect(NioSocketChannel.java:327)
	at org.apache.ratis.thirdparty.io.netty.channel.nio.AbstractNioChannel$AbstractNioUnsafe.finishConnect(AbstractNioChannel.java:340)
	at org.apache.ratis.thirdparty.io.netty.channel.nio.NioEventLoop.processSelectedKey(NioEventLoop.java:632)
	at org.apache.ratis.thirdparty.io.netty.channel.nio.NioEventLoop.processSelectedKeysOptimized(NioEventLoop.java:579)
	at org.apache.ratis.thirdparty.io.netty.channel.nio.NioEventLoop.processSelectedKeys(NioEventLoop.java:496)
	at org.apache.ratis.thirdparty.io.netty.channel.nio.NioEventLoop.run(NioEventLoop.java:458)
	at org.apache.ratis.thirdparty.io.netty.util.concurrent.SingleThreadEventExecutor$5.run(SingleThreadEventExecutor.java:897)
	at org.apache.ratis.thirdparty.io.netty.util.concurrent.FastThreadLocalRunnable.run(FastThreadLocalRunnable.java:30)
	... 1 more
Caused by: java.net.ConnectException: Connection refused
	... 11 more
2019-08-29 08:46:18,916 [aeaf91a4-7b36-452e-90c9-b2e74ddba1a8:group-5C6A73FB4D0A:LeaderElection58] INFO  impl.LeaderElection (LogUtils.java:infoOrTrace(149)) - aeaf91a4-7b36-452e-90c9-b2e74ddba1a8:group-5C6A73FB4D0A:LeaderElection58 got exception when requesting votes: {}
java.util.concurrent.ExecutionException: org.apache.ratis.thirdparty.io.grpc.StatusRuntimeException: UNAVAILABLE: io exception
	at java.util.concurrent.FutureTask.report(FutureTask.java:122)
	at java.util.concurrent.FutureTask.get(FutureTask.java:192)
	at org.apache.ratis.server.impl.LeaderElection.waitForResults(LeaderElection.java:262)
	at org.apache.ratis.server.impl.LeaderElection.askForVotes(LeaderElection.java:200)
	at org.apache.ratis.server.impl.LeaderElection.run(LeaderElection.java:130)
	at java.lang.Thread.run(Thread.java:748)
Caused by: org.apache.ratis.thirdparty.io.grpc.StatusRuntimeException: UNAVAILABLE: io exception
	at org.apache.ratis.thirdparty.io.grpc.stub.ClientCalls.toStatusRuntimeException(ClientCalls.java:233)
	at org.apache.ratis.thirdparty.io.grpc.stub.ClientCalls.getUnchecked(ClientCalls.java:214)
	at org.apache.ratis.thirdparty.io.grpc.stub.ClientCalls.blockingUnaryCall(ClientCalls.java:139)
	at org.apache.ratis.proto.grpc.RaftServerProtocolServiceGrpc$RaftServerProtocolServiceBlockingStub.requestVote(RaftServerProtocolServiceGrpc.java:265)
	at org.apache.ratis.grpc.server.GrpcServerProtocolClient.requestVote(GrpcServerProtocolClient.java:83)
	at org.apache.ratis.grpc.server.GrpcService.requestVote(GrpcService.java:195)
	at org.apache.ratis.server.impl.LeaderElection.lambda$submitRequests$1(LeaderElection.java:237)
	at java.util.concurrent.FutureTask.run(FutureTask.java:266)
	at java.util.concurrent.Executors$RunnableAdapter.call(Executors.java:511)
	at java.util.concurrent.FutureTask.run(FutureTask.java:266)
	at java.util.concurrent.ThreadPoolExecutor.runWorker(ThreadPoolExecutor.java:1149)
	at java.util.concurrent.ThreadPoolExecutor$Worker.run(ThreadPoolExecutor.java:624)
	... 1 more
Caused by: org.apache.ratis.thirdparty.io.netty.channel.AbstractChannel$AnnotatedConnectException: Connection refused: /192.168.157.194:36608
	at sun.nio.ch.SocketChannelImpl.checkConnect(Native Method)
	at sun.nio.ch.SocketChannelImpl.finishConnect(SocketChannelImpl.java:717)
	at org.apache.ratis.thirdparty.io.netty.channel.socket.nio.NioSocketChannel.doFinishConnect(NioSocketChannel.java:327)
	at org.apache.ratis.thirdparty.io.netty.channel.nio.AbstractNioChannel$AbstractNioUnsafe.finishConnect(AbstractNioChannel.java:340)
	at org.apache.ratis.thirdparty.io.netty.channel.nio.NioEventLoop.processSelectedKey(NioEventLoop.java:632)
	at org.apache.ratis.thirdparty.io.netty.channel.nio.NioEventLoop.processSelectedKeysOptimized(NioEventLoop.java:579)
	at org.apache.ratis.thirdparty.io.netty.channel.nio.NioEventLoop.processSelectedKeys(NioEventLoop.java:496)
	at org.apache.ratis.thirdparty.io.netty.channel.nio.NioEventLoop.run(NioEventLoop.java:458)
	at org.apache.ratis.thirdparty.io.netty.util.concurrent.SingleThreadEventExecutor$5.run(SingleThreadEventExecutor.java:897)
	at org.apache.ratis.thirdparty.io.netty.util.concurrent.FastThreadLocalRunnable.run(FastThreadLocalRunnable.java:30)
	... 1 more
Caused by: java.net.ConnectException: Connection refused
	... 11 more
2019-08-29 08:46:18,917 [aeaf91a4-7b36-452e-90c9-b2e74ddba1a8:group-5C6A73FB4D0A:LeaderElection58] INFO  impl.LeaderElection (LeaderElection.java:logAndReturn(56)) - aeaf91a4-7b36-452e-90c9-b2e74ddba1a8:group-5C6A73FB4D0A:LeaderElection58: Election REJECTED; received 0 response(s) [] and 2 exception(s); aeaf91a4-7b36-452e-90c9-b2e74ddba1a8:t6, leader=null, voted=aeaf91a4-7b36-452e-90c9-b2e74ddba1a8, raftlog=aeaf91a4-7b36-452e-90c9-b2e74ddba1a8-SegmentedRaftLog:OPENED:c6,f6,i6, conf=5: [94988375-8e84-4aa9-97e8-8e5d754fbb51:192.168.157.194:40870, aeaf91a4-7b36-452e-90c9-b2e74ddba1a8:192.168.157.194:41794, beb647cc-dc8a-44df-94ce-0366e8d6be6e:192.168.157.194:36608], old=null
2019-08-29 08:46:18,917 [aeaf91a4-7b36-452e-90c9-b2e74ddba1a8:group-5C6A73FB4D0A:LeaderElection58] INFO  impl.LeaderElection (LogUtils.java:infoOrTrace(149)) -   Exception 0: {}
java.util.concurrent.ExecutionException: org.apache.ratis.thirdparty.io.grpc.StatusRuntimeException: UNAVAILABLE: io exception
	at java.util.concurrent.FutureTask.report(FutureTask.java:122)
	at java.util.concurrent.FutureTask.get(FutureTask.java:192)
	at org.apache.ratis.server.impl.LeaderElection.waitForResults(LeaderElection.java:262)
	at org.apache.ratis.server.impl.LeaderElection.askForVotes(LeaderElection.java:200)
	at org.apache.ratis.server.impl.LeaderElection.run(LeaderElection.java:130)
	at java.lang.Thread.run(Thread.java:748)
Caused by: org.apache.ratis.thirdparty.io.grpc.StatusRuntimeException: UNAVAILABLE: io exception
	at org.apache.ratis.thirdparty.io.grpc.stub.ClientCalls.toStatusRuntimeException(ClientCalls.java:233)
	at org.apache.ratis.thirdparty.io.grpc.stub.ClientCalls.getUnchecked(ClientCalls.java:214)
	at org.apache.ratis.thirdparty.io.grpc.stub.ClientCalls.blockingUnaryCall(ClientCalls.java:139)
	at org.apache.ratis.proto.grpc.RaftServerProtocolServiceGrpc$RaftServerProtocolServiceBlockingStub.requestVote(RaftServerProtocolServiceGrpc.java:265)
	at org.apache.ratis.grpc.server.GrpcServerProtocolClient.requestVote(GrpcServerProtocolClient.java:83)
	at org.apache.ratis.grpc.server.GrpcService.requestVote(GrpcService.java:195)
	at org.apache.ratis.server.impl.LeaderElection.lambda$submitRequests$1(LeaderElection.java:237)
	at java.util.concurrent.FutureTask.run(FutureTask.java:266)
	at java.util.concurrent.Executors$RunnableAdapter.call(Executors.java:511)
	at java.util.concurrent.FutureTask.run(FutureTask.java:266)
	at java.util.concurrent.ThreadPoolExecutor.runWorker(ThreadPoolExecutor.java:1149)
	at java.util.concurrent.ThreadPoolExecutor$Worker.run(ThreadPoolExecutor.java:624)
	... 1 more
Caused by: org.apache.ratis.thirdparty.io.netty.channel.AbstractChannel$AnnotatedConnectException: Connection refused: /192.168.157.194:40870
	at sun.nio.ch.SocketChannelImpl.checkConnect(Native Method)
	at sun.nio.ch.SocketChannelImpl.finishConnect(SocketChannelImpl.java:717)
	at org.apache.ratis.thirdparty.io.netty.channel.socket.nio.NioSocketChannel.doFinishConnect(NioSocketChannel.java:327)
	at org.apache.ratis.thirdparty.io.netty.channel.nio.AbstractNioChannel$AbstractNioUnsafe.finishConnect(AbstractNioChannel.java:340)
	at org.apache.ratis.thirdparty.io.netty.channel.nio.NioEventLoop.processSelectedKey(NioEventLoop.java:632)
	at org.apache.ratis.thirdparty.io.netty.channel.nio.NioEventLoop.processSelectedKeysOptimized(NioEventLoop.java:579)
	at org.apache.ratis.thirdparty.io.netty.channel.nio.NioEventLoop.processSelectedKeys(NioEventLoop.java:496)
	at org.apache.ratis.thirdparty.io.netty.channel.nio.NioEventLoop.run(NioEventLoop.java:458)
	at org.apache.ratis.thirdparty.io.netty.util.concurrent.SingleThreadEventExecutor$5.run(SingleThreadEventExecutor.java:897)
	at org.apache.ratis.thirdparty.io.netty.util.concurrent.FastThreadLocalRunnable.run(FastThreadLocalRunnable.java:30)
	... 1 more
Caused by: java.net.ConnectException: Connection refused
	... 11 more
2019-08-29 08:46:18,917 [aeaf91a4-7b36-452e-90c9-b2e74ddba1a8:group-5C6A73FB4D0A:LeaderElection58] INFO  impl.LeaderElection (LogUtils.java:infoOrTrace(149)) -   Exception 1: {}
java.util.concurrent.ExecutionException: org.apache.ratis.thirdparty.io.grpc.StatusRuntimeException: UNAVAILABLE: io exception
	at java.util.concurrent.FutureTask.report(FutureTask.java:122)
	at java.util.concurrent.FutureTask.get(FutureTask.java:192)
	at org.apache.ratis.server.impl.LeaderElection.waitForResults(LeaderElection.java:262)
	at org.apache.ratis.server.impl.LeaderElection.askForVotes(LeaderElection.java:200)
	at org.apache.ratis.server.impl.LeaderElection.run(LeaderElection.java:130)
	at java.lang.Thread.run(Thread.java:748)
Caused by: org.apache.ratis.thirdparty.io.grpc.StatusRuntimeException: UNAVAILABLE: io exception
	at org.apache.ratis.thirdparty.io.grpc.stub.ClientCalls.toStatusRuntimeException(ClientCalls.java:233)
	at org.apache.ratis.thirdparty.io.grpc.stub.ClientCalls.getUnchecked(ClientCalls.java:214)
	at org.apache.ratis.thirdparty.io.grpc.stub.ClientCalls.blockingUnaryCall(ClientCalls.java:139)
	at org.apache.ratis.proto.grpc.RaftServerProtocolServiceGrpc$RaftServerProtocolServiceBlockingStub.requestVote(RaftServerProtocolServiceGrpc.java:265)
	at org.apache.ratis.grpc.server.GrpcServerProtocolClient.requestVote(GrpcServerProtocolClient.java:83)
	at org.apache.ratis.grpc.server.GrpcService.requestVote(GrpcService.java:195)
	at org.apache.ratis.server.impl.LeaderElection.lambda$submitRequests$1(LeaderElection.java:237)
	at java.util.concurrent.FutureTask.run(FutureTask.java:266)
	at java.util.concurrent.Executors$RunnableAdapter.call(Executors.java:511)
	at java.util.concurrent.FutureTask.run(FutureTask.java:266)
	at java.util.concurrent.ThreadPoolExecutor.runWorker(ThreadPoolExecutor.java:1149)
	at java.util.concurrent.ThreadPoolExecutor$Worker.run(ThreadPoolExecutor.java:624)
	... 1 more
Caused by: org.apache.ratis.thirdparty.io.netty.channel.AbstractChannel$AnnotatedConnectException: Connection refused: /192.168.157.194:36608
	at sun.nio.ch.SocketChannelImpl.checkConnect(Native Method)
	at sun.nio.ch.SocketChannelImpl.finishConnect(SocketChannelImpl.java:717)
	at org.apache.ratis.thirdparty.io.netty.channel.socket.nio.NioSocketChannel.doFinishConnect(NioSocketChannel.java:327)
	at org.apache.ratis.thirdparty.io.netty.channel.nio.AbstractNioChannel$AbstractNioUnsafe.finishConnect(AbstractNioChannel.java:340)
	at org.apache.ratis.thirdparty.io.netty.channel.nio.NioEventLoop.processSelectedKey(NioEventLoop.java:632)
	at org.apache.ratis.thirdparty.io.netty.channel.nio.NioEventLoop.processSelectedKeysOptimized(NioEventLoop.java:579)
	at org.apache.ratis.thirdparty.io.netty.channel.nio.NioEventLoop.processSelectedKeys(NioEventLoop.java:496)
	at org.apache.ratis.thirdparty.io.netty.channel.nio.NioEventLoop.run(NioEventLoop.java:458)
	at org.apache.ratis.thirdparty.io.netty.util.concurrent.SingleThreadEventExecutor$5.run(SingleThreadEventExecutor.java:897)
	at org.apache.ratis.thirdparty.io.netty.util.concurrent.FastThreadLocalRunnable.run(FastThreadLocalRunnable.java:30)
	... 1 more
Caused by: java.net.ConnectException: Connection refused
	... 11 more
2019-08-29 08:46:18,917 [aeaf91a4-7b36-452e-90c9-b2e74ddba1a8:group-5C6A73FB4D0A:LeaderElection58] INFO  impl.RaftServerImpl (RaftServerImpl.java:setRole(171)) - aeaf91a4-7b36-452e-90c9-b2e74ddba1a8:group-5C6A73FB4D0A changes role from CANDIDATE to FOLLOWER at term 6 for DISCOVERED_A_NEW_TERM
2019-08-29 08:46:18,918 [aeaf91a4-7b36-452e-90c9-b2e74ddba1a8:group-5C6A73FB4D0A:LeaderElection58] INFO  impl.RoleInfo (RoleInfo.java:shutdownLeaderElection(134)) - aeaf91a4-7b36-452e-90c9-b2e74ddba1a8: shutdown LeaderElection
2019-08-29 08:46:18,918 [aeaf91a4-7b36-452e-90c9-b2e74ddba1a8:group-5C6A73FB4D0A:LeaderElection58] INFO  impl.RoleInfo (RoleInfo.java:updateAndGet(143)) - aeaf91a4-7b36-452e-90c9-b2e74ddba1a8: start FollowerState
2019-08-29 08:46:18,977 [grpc-default-executor-7] WARN  server.GrpcLogAppender (LogUtils.java:warn(134)) - af10c44b-16fa-4c36-b19d-5f1088e11be1->b6aa82e4-5823-49f6-a34d-d75ec3f4bf0a: Failed appendEntries: org.apache.ratis.thirdparty.io.grpc.StatusRuntimeException: UNAVAILABLE: io exception
2019-08-29 08:46:18,977 [grpc-default-executor-7] INFO  impl.FollowerInfo (FollowerInfo.java:lambda$new$0(50)) - af10c44b-16fa-4c36-b19d-5f1088e11be1->b6aa82e4-5823-49f6-a34d-d75ec3f4bf0a: nextIndex: updateUnconditionally 0 -> 0
2019-08-29 08:46:19,087 [grpc-default-executor-4] WARN  server.GrpcLogAppender (LogUtils.java:warn(134)) - ead32545-d171-4909-a11e-9b7dde0365ee->4d8418c6-9aaf-413c-a95a-22b3e00264fc: Failed appendEntries: org.apache.ratis.thirdparty.io.grpc.StatusRuntimeException: UNAVAILABLE: io exception
2019-08-29 08:46:19,088 [grpc-default-executor-4] INFO  impl.FollowerInfo (FollowerInfo.java:lambda$new$0(50)) - ead32545-d171-4909-a11e-9b7dde0365ee->4d8418c6-9aaf-413c-a95a-22b3e00264fc: nextIndex: updateUnconditionally 0 -> 0
2019-08-29 08:46:19,094 [grpc-default-executor-3] WARN  server.GrpcLogAppender (LogUtils.java:warn(134)) - ead32545-d171-4909-a11e-9b7dde0365ee->691d973f-4ee5-4b71-9c79-714a3e15e6a2: Failed appendEntries: org.apache.ratis.thirdparty.io.grpc.StatusRuntimeException: UNAVAILABLE: io exception
2019-08-29 08:46:19,094 [grpc-default-executor-3] INFO  impl.FollowerInfo (FollowerInfo.java:lambda$new$0(50)) - ead32545-d171-4909-a11e-9b7dde0365ee->691d973f-4ee5-4b71-9c79-714a3e15e6a2: nextIndex: updateUnconditionally 0 -> 0
2019-08-29 08:46:19,275 | INFO  | SCMAudit | user=jenkins1000 | ip=192.168.157.194 | op=SEND_HEARTBEAT {datanodeUUID=ead32545-d171-4909-a11e-9b7dde0365ee, command=[]} | ret=SUCCESS |  
2019-08-29 08:46:19,478 [grpc-default-executor-7] WARN  server.GrpcLogAppender (LogUtils.java:warn(134)) - af10c44b-16fa-4c36-b19d-5f1088e11be1->b6aa82e4-5823-49f6-a34d-d75ec3f4bf0a: Failed appendEntries: org.apache.ratis.thirdparty.io.grpc.StatusRuntimeException: UNAVAILABLE: io exception
2019-08-29 08:46:19,478 [grpc-default-executor-7] INFO  impl.FollowerInfo (FollowerInfo.java:lambda$new$0(50)) - af10c44b-16fa-4c36-b19d-5f1088e11be1->b6aa82e4-5823-49f6-a34d-d75ec3f4bf0a: nextIndex: updateUnconditionally 0 -> 0
2019-08-29 08:46:19,587 [grpc-default-executor-3] WARN  server.GrpcLogAppender (LogUtils.java:warn(134)) - ead32545-d171-4909-a11e-9b7dde0365ee->4d8418c6-9aaf-413c-a95a-22b3e00264fc: Failed appendEntries: org.apache.ratis.thirdparty.io.grpc.StatusRuntimeException: UNAVAILABLE: io exception
2019-08-29 08:46:19,588 [grpc-default-executor-3] INFO  impl.FollowerInfo (FollowerInfo.java:lambda$new$0(50)) - ead32545-d171-4909-a11e-9b7dde0365ee->4d8418c6-9aaf-413c-a95a-22b3e00264fc: nextIndex: updateUnconditionally 0 -> 0
2019-08-29 08:46:19,594 [grpc-default-executor-7] WARN  server.GrpcLogAppender (LogUtils.java:warn(134)) - ead32545-d171-4909-a11e-9b7dde0365ee->691d973f-4ee5-4b71-9c79-714a3e15e6a2: Failed appendEntries: org.apache.ratis.thirdparty.io.grpc.StatusRuntimeException: UNAVAILABLE: io exception
2019-08-29 08:46:19,594 [grpc-default-executor-7] INFO  impl.FollowerInfo (FollowerInfo.java:lambda$new$0(50)) - ead32545-d171-4909-a11e-9b7dde0365ee->691d973f-4ee5-4b71-9c79-714a3e15e6a2: nextIndex: updateUnconditionally 0 -> 0
2019-08-29 08:46:19,801 | INFO  | SCMAudit | user=jenkins1000 | ip=192.168.157.194 | op=SEND_HEARTBEAT {datanodeUUID=d42e1e69-47db-482b-ad03-89cca26a9b49, command=[]} | ret=SUCCESS |  
2019-08-29 08:46:19,978 [grpc-default-executor-3] WARN  server.GrpcLogAppender (LogUtils.java:warn(134)) - af10c44b-16fa-4c36-b19d-5f1088e11be1->b6aa82e4-5823-49f6-a34d-d75ec3f4bf0a: Failed appendEntries: org.apache.ratis.thirdparty.io.grpc.StatusRuntimeException: UNAVAILABLE: io exception
2019-08-29 08:46:19,978 [grpc-default-executor-3] INFO  impl.FollowerInfo (FollowerInfo.java:lambda$new$0(50)) - af10c44b-16fa-4c36-b19d-5f1088e11be1->b6aa82e4-5823-49f6-a34d-d75ec3f4bf0a: nextIndex: updateUnconditionally 0 -> 0
2019-08-29 08:46:20,026 [Thread-1700] INFO  impl.FollowerState (FollowerState.java:run(106)) - aeaf91a4-7b36-452e-90c9-b2e74ddba1a8:group-5C6A73FB4D0A changes to CANDIDATE, lastRpcTime:1108, electionTimeout:1108ms
2019-08-29 08:46:20,026 [Thread-1700] INFO  impl.RoleInfo (RoleInfo.java:shutdownFollowerState(121)) - aeaf91a4-7b36-452e-90c9-b2e74ddba1a8: shutdown FollowerState
2019-08-29 08:46:20,026 [Thread-1700] INFO  impl.RaftServerImpl (RaftServerImpl.java:setRole(171)) - aeaf91a4-7b36-452e-90c9-b2e74ddba1a8:group-5C6A73FB4D0A changes role from FOLLOWER to CANDIDATE at term 6 for changeToCandidate
2019-08-29 08:46:20,026 [Thread-1700] INFO  impl.RoleInfo (RoleInfo.java:updateAndGet(143)) - aeaf91a4-7b36-452e-90c9-b2e74ddba1a8: start LeaderElection
2019-08-29 08:46:20,088 [grpc-default-executor-3] WARN  server.GrpcLogAppender (LogUtils.java:warn(134)) - ead32545-d171-4909-a11e-9b7dde0365ee->4d8418c6-9aaf-413c-a95a-22b3e00264fc: Failed appendEntries: org.apache.ratis.thirdparty.io.grpc.StatusRuntimeException: UNAVAILABLE: io exception
2019-08-29 08:46:20,089 [grpc-default-executor-3] INFO  impl.FollowerInfo (FollowerInfo.java:lambda$new$0(50)) - ead32545-d171-4909-a11e-9b7dde0365ee->4d8418c6-9aaf-413c-a95a-22b3e00264fc: nextIndex: updateUnconditionally 0 -> 0
2019-08-29 08:46:20,095 [grpc-default-executor-3] WARN  server.GrpcLogAppender (LogUtils.java:warn(134)) - ead32545-d171-4909-a11e-9b7dde0365ee->691d973f-4ee5-4b71-9c79-714a3e15e6a2: Failed appendEntries: org.apache.ratis.thirdparty.io.grpc.StatusRuntimeException: UNAVAILABLE: io exception
2019-08-29 08:46:20,095 [grpc-default-executor-3] INFO  impl.FollowerInfo (FollowerInfo.java:lambda$new$0(50)) - ead32545-d171-4909-a11e-9b7dde0365ee->691d973f-4ee5-4b71-9c79-714a3e15e6a2: nextIndex: updateUnconditionally 0 -> 0
2019-08-29 08:46:20,275 | INFO  | SCMAudit | user=jenkins1000 | ip=192.168.157.194 | op=SEND_HEARTBEAT {datanodeUUID=ead32545-d171-4909-a11e-9b7dde0365ee, command=[]} | ret=SUCCESS |  
2019-08-29 08:46:20,479 [grpc-default-executor-4] WARN  server.GrpcLogAppender (LogUtils.java:warn(134)) - af10c44b-16fa-4c36-b19d-5f1088e11be1->b6aa82e4-5823-49f6-a34d-d75ec3f4bf0a: Failed appendEntries: org.apache.ratis.thirdparty.io.grpc.StatusRuntimeException: UNAVAILABLE: io exception
2019-08-29 08:46:20,479 [grpc-default-executor-4] INFO  impl.FollowerInfo (FollowerInfo.java:lambda$new$0(50)) - af10c44b-16fa-4c36-b19d-5f1088e11be1->b6aa82e4-5823-49f6-a34d-d75ec3f4bf0a: nextIndex: updateUnconditionally 0 -> 0
2019-08-29 08:46:20,589 [grpc-default-executor-3] WARN  server.GrpcLogAppender (LogUtils.java:warn(134)) - ead32545-d171-4909-a11e-9b7dde0365ee->4d8418c6-9aaf-413c-a95a-22b3e00264fc: Failed appendEntries: org.apache.ratis.thirdparty.io.grpc.StatusRuntimeException: UNAVAILABLE: io exception
2019-08-29 08:46:20,590 [grpc-default-executor-3] INFO  impl.FollowerInfo (FollowerInfo.java:lambda$new$0(50)) - ead32545-d171-4909-a11e-9b7dde0365ee->4d8418c6-9aaf-413c-a95a-22b3e00264fc: nextIndex: updateUnconditionally 0 -> 0
2019-08-29 08:46:20,595 [grpc-default-executor-7] WARN  server.GrpcLogAppender (LogUtils.java:warn(134)) - ead32545-d171-4909-a11e-9b7dde0365ee->691d973f-4ee5-4b71-9c79-714a3e15e6a2: Failed appendEntries: org.apache.ratis.thirdparty.io.grpc.StatusRuntimeException: UNAVAILABLE: io exception
2019-08-29 08:46:20,595 [grpc-default-executor-7] INFO  impl.FollowerInfo (FollowerInfo.java:lambda$new$0(50)) - ead32545-d171-4909-a11e-9b7dde0365ee->691d973f-4ee5-4b71-9c79-714a3e15e6a2: nextIndex: updateUnconditionally 0 -> 0
2019-08-29 08:46:20,801 | INFO  | SCMAudit | user=jenkins1000 | ip=192.168.157.194 | op=SEND_HEARTBEAT {datanodeUUID=d42e1e69-47db-482b-ad03-89cca26a9b49, command=[]} | ret=SUCCESS |  
2019-08-29 08:46:20,980 [grpc-default-executor-4] WARN  server.GrpcLogAppender (LogUtils.java:warn(134)) - af10c44b-16fa-4c36-b19d-5f1088e11be1->b6aa82e4-5823-49f6-a34d-d75ec3f4bf0a: Failed appendEntries: org.apache.ratis.thirdparty.io.grpc.StatusRuntimeException: UNAVAILABLE: io exception
2019-08-29 08:46:20,980 [grpc-default-executor-4] INFO  impl.FollowerInfo (FollowerInfo.java:lambda$new$0(50)) - af10c44b-16fa-4c36-b19d-5f1088e11be1->b6aa82e4-5823-49f6-a34d-d75ec3f4bf0a: nextIndex: updateUnconditionally 0 -> 0
2019-08-29 08:46:21,090 [grpc-default-executor-3] WARN  server.GrpcLogAppender (LogUtils.java:warn(134)) - ead32545-d171-4909-a11e-9b7dde0365ee->4d8418c6-9aaf-413c-a95a-22b3e00264fc: Failed appendEntries: org.apache.ratis.thirdparty.io.grpc.StatusRuntimeException: UNAVAILABLE: io exception
2019-08-29 08:46:21,091 [grpc-default-executor-3] INFO  impl.FollowerInfo (FollowerInfo.java:lambda$new$0(50)) - ead32545-d171-4909-a11e-9b7dde0365ee->4d8418c6-9aaf-413c-a95a-22b3e00264fc: nextIndex: updateUnconditionally 0 -> 0
2019-08-29 08:46:21,095 [grpc-default-executor-4] WARN  server.GrpcLogAppender (LogUtils.java:warn(134)) - ead32545-d171-4909-a11e-9b7dde0365ee->691d973f-4ee5-4b71-9c79-714a3e15e6a2: Failed appendEntries: org.apache.ratis.thirdparty.io.grpc.StatusRuntimeException: UNAVAILABLE: io exception
2019-08-29 08:46:21,096 [grpc-default-executor-4] INFO  impl.FollowerInfo (FollowerInfo.java:lambda$new$0(50)) - ead32545-d171-4909-a11e-9b7dde0365ee->691d973f-4ee5-4b71-9c79-714a3e15e6a2: nextIndex: updateUnconditionally 0 -> 0
2019-08-29 08:46:21,275 | INFO  | SCMAudit | user=jenkins1000 | ip=192.168.157.194 | op=SEND_HEARTBEAT {datanodeUUID=ead32545-d171-4909-a11e-9b7dde0365ee, command=[]} | ret=SUCCESS |  
2019-08-29 08:46:21,392 [aeaf91a4-7b36-452e-90c9-b2e74ddba1a8:group-5C6A73FB4D0A:LeaderElection59] INFO  impl.LeaderElection (LeaderElection.java:askForVotes(181)) - aeaf91a4-7b36-452e-90c9-b2e74ddba1a8:group-5C6A73FB4D0A:LeaderElection59: begin an election at term 7 for 5: [94988375-8e84-4aa9-97e8-8e5d754fbb51:192.168.157.194:40870, aeaf91a4-7b36-452e-90c9-b2e74ddba1a8:192.168.157.194:41794, beb647cc-dc8a-44df-94ce-0366e8d6be6e:192.168.157.194:36608], old=null
2019-08-29 08:46:21,394 [aeaf91a4-7b36-452e-90c9-b2e74ddba1a8:group-5C6A73FB4D0A:LeaderElection59] INFO  impl.LeaderElection (LogUtils.java:infoOrTrace(149)) - aeaf91a4-7b36-452e-90c9-b2e74ddba1a8:group-5C6A73FB4D0A:LeaderElection59 got exception when requesting votes: {}
java.util.concurrent.ExecutionException: org.apache.ratis.thirdparty.io.grpc.StatusRuntimeException: UNAVAILABLE: io exception
	at java.util.concurrent.FutureTask.report(FutureTask.java:122)
	at java.util.concurrent.FutureTask.get(FutureTask.java:192)
	at org.apache.ratis.server.impl.LeaderElection.waitForResults(LeaderElection.java:262)
	at org.apache.ratis.server.impl.LeaderElection.askForVotes(LeaderElection.java:200)
	at org.apache.ratis.server.impl.LeaderElection.run(LeaderElection.java:130)
	at java.lang.Thread.run(Thread.java:748)
Caused by: org.apache.ratis.thirdparty.io.grpc.StatusRuntimeException: UNAVAILABLE: io exception
	at org.apache.ratis.thirdparty.io.grpc.stub.ClientCalls.toStatusRuntimeException(ClientCalls.java:233)
	at org.apache.ratis.thirdparty.io.grpc.stub.ClientCalls.getUnchecked(ClientCalls.java:214)
	at org.apache.ratis.thirdparty.io.grpc.stub.ClientCalls.blockingUnaryCall(ClientCalls.java:139)
	at org.apache.ratis.proto.grpc.RaftServerProtocolServiceGrpc$RaftServerProtocolServiceBlockingStub.requestVote(RaftServerProtocolServiceGrpc.java:265)
	at org.apache.ratis.grpc.server.GrpcServerProtocolClient.requestVote(GrpcServerProtocolClient.java:83)
	at org.apache.ratis.grpc.server.GrpcService.requestVote(GrpcService.java:195)
	at org.apache.ratis.server.impl.LeaderElection.lambda$submitRequests$1(LeaderElection.java:237)
	at java.util.concurrent.FutureTask.run(FutureTask.java:266)
	at java.util.concurrent.Executors$RunnableAdapter.call(Executors.java:511)
	at java.util.concurrent.FutureTask.run(FutureTask.java:266)
	at java.util.concurrent.ThreadPoolExecutor.runWorker(ThreadPoolExecutor.java:1149)
	at java.util.concurrent.ThreadPoolExecutor$Worker.run(ThreadPoolExecutor.java:624)
	... 1 more
Caused by: org.apache.ratis.thirdparty.io.netty.channel.AbstractChannel$AnnotatedConnectException: Connection refused: /192.168.157.194:36608
	at sun.nio.ch.SocketChannelImpl.checkConnect(Native Method)
	at sun.nio.ch.SocketChannelImpl.finishConnect(SocketChannelImpl.java:717)
	at org.apache.ratis.thirdparty.io.netty.channel.socket.nio.NioSocketChannel.doFinishConnect(NioSocketChannel.java:327)
	at org.apache.ratis.thirdparty.io.netty.channel.nio.AbstractNioChannel$AbstractNioUnsafe.finishConnect(AbstractNioChannel.java:340)
	at org.apache.ratis.thirdparty.io.netty.channel.nio.NioEventLoop.processSelectedKey(NioEventLoop.java:632)
	at org.apache.ratis.thirdparty.io.netty.channel.nio.NioEventLoop.processSelectedKeysOptimized(NioEventLoop.java:579)
	at org.apache.ratis.thirdparty.io.netty.channel.nio.NioEventLoop.processSelectedKeys(NioEventLoop.java:496)
	at org.apache.ratis.thirdparty.io.netty.channel.nio.NioEventLoop.run(NioEventLoop.java:458)
	at org.apache.ratis.thirdparty.io.netty.util.concurrent.SingleThreadEventExecutor$5.run(SingleThreadEventExecutor.java:897)
	at org.apache.ratis.thirdparty.io.netty.util.concurrent.FastThreadLocalRunnable.run(FastThreadLocalRunnable.java:30)
	... 1 more
Caused by: java.net.ConnectException: Connection refused
	... 11 more
2019-08-29 08:46:21,396 [aeaf91a4-7b36-452e-90c9-b2e74ddba1a8:group-5C6A73FB4D0A:LeaderElection59] INFO  impl.LeaderElection (LogUtils.java:infoOrTrace(149)) - aeaf91a4-7b36-452e-90c9-b2e74ddba1a8:group-5C6A73FB4D0A:LeaderElection59 got exception when requesting votes: {}
java.util.concurrent.ExecutionException: org.apache.ratis.thirdparty.io.grpc.StatusRuntimeException: UNAVAILABLE: io exception
	at java.util.concurrent.FutureTask.report(FutureTask.java:122)
	at java.util.concurrent.FutureTask.get(FutureTask.java:192)
	at org.apache.ratis.server.impl.LeaderElection.waitForResults(LeaderElection.java:262)
	at org.apache.ratis.server.impl.LeaderElection.askForVotes(LeaderElection.java:200)
	at org.apache.ratis.server.impl.LeaderElection.run(LeaderElection.java:130)
	at java.lang.Thread.run(Thread.java:748)
Caused by: org.apache.ratis.thirdparty.io.grpc.StatusRuntimeException: UNAVAILABLE: io exception
	at org.apache.ratis.thirdparty.io.grpc.stub.ClientCalls.toStatusRuntimeException(ClientCalls.java:233)
	at org.apache.ratis.thirdparty.io.grpc.stub.ClientCalls.getUnchecked(ClientCalls.java:214)
	at org.apache.ratis.thirdparty.io.grpc.stub.ClientCalls.blockingUnaryCall(ClientCalls.java:139)
	at org.apache.ratis.proto.grpc.RaftServerProtocolServiceGrpc$RaftServerProtocolServiceBlockingStub.requestVote(RaftServerProtocolServiceGrpc.java:265)
	at org.apache.ratis.grpc.server.GrpcServerProtocolClient.requestVote(GrpcServerProtocolClient.java:83)
	at org.apache.ratis.grpc.server.GrpcService.requestVote(GrpcService.java:195)
	at org.apache.ratis.server.impl.LeaderElection.lambda$submitRequests$1(LeaderElection.java:237)
	at java.util.concurrent.FutureTask.run(FutureTask.java:266)
	at java.util.concurrent.Executors$RunnableAdapter.call(Executors.java:511)
	at java.util.concurrent.FutureTask.run(FutureTask.java:266)
	at java.util.concurrent.ThreadPoolExecutor.runWorker(ThreadPoolExecutor.java:1149)
	at java.util.concurrent.ThreadPoolExecutor$Worker.run(ThreadPoolExecutor.java:624)
	... 1 more
Caused by: org.apache.ratis.thirdparty.io.netty.channel.AbstractChannel$AnnotatedConnectException: Connection refused: /192.168.157.194:40870
	at sun.nio.ch.SocketChannelImpl.checkConnect(Native Method)
	at sun.nio.ch.SocketChannelImpl.finishConnect(SocketChannelImpl.java:717)
	at org.apache.ratis.thirdparty.io.netty.channel.socket.nio.NioSocketChannel.doFinishConnect(NioSocketChannel.java:327)
	at org.apache.ratis.thirdparty.io.netty.channel.nio.AbstractNioChannel$AbstractNioUnsafe.finishConnect(AbstractNioChannel.java:340)
	at org.apache.ratis.thirdparty.io.netty.channel.nio.NioEventLoop.processSelectedKey(NioEventLoop.java:632)
	at org.apache.ratis.thirdparty.io.netty.channel.nio.NioEventLoop.processSelectedKeysOptimized(NioEventLoop.java:579)
	at org.apache.ratis.thirdparty.io.netty.channel.nio.NioEventLoop.processSelectedKeys(NioEventLoop.java:496)
	at org.apache.ratis.thirdparty.io.netty.channel.nio.NioEventLoop.run(NioEventLoop.java:458)
	at org.apache.ratis.thirdparty.io.netty.util.concurrent.SingleThreadEventExecutor$5.run(SingleThreadEventExecutor.java:897)
	at org.apache.ratis.thirdparty.io.netty.util.concurrent.FastThreadLocalRunnable.run(FastThreadLocalRunnable.java:30)
	... 1 more
Caused by: java.net.ConnectException: Connection refused
	... 11 more
2019-08-29 08:46:21,399 [aeaf91a4-7b36-452e-90c9-b2e74ddba1a8:group-5C6A73FB4D0A:LeaderElection59] INFO  impl.LeaderElection (LeaderElection.java:logAndReturn(56)) - aeaf91a4-7b36-452e-90c9-b2e74ddba1a8:group-5C6A73FB4D0A:LeaderElection59: Election REJECTED; received 0 response(s) [] and 2 exception(s); aeaf91a4-7b36-452e-90c9-b2e74ddba1a8:t7, leader=null, voted=aeaf91a4-7b36-452e-90c9-b2e74ddba1a8, raftlog=aeaf91a4-7b36-452e-90c9-b2e74ddba1a8-SegmentedRaftLog:OPENED:c6,f6,i6, conf=5: [94988375-8e84-4aa9-97e8-8e5d754fbb51:192.168.157.194:40870, aeaf91a4-7b36-452e-90c9-b2e74ddba1a8:192.168.157.194:41794, beb647cc-dc8a-44df-94ce-0366e8d6be6e:192.168.157.194:36608], old=null
2019-08-29 08:46:21,399 [aeaf91a4-7b36-452e-90c9-b2e74ddba1a8:group-5C6A73FB4D0A:LeaderElection59] INFO  impl.LeaderElection (LogUtils.java:infoOrTrace(149)) -   Exception 0: {}
java.util.concurrent.ExecutionException: org.apache.ratis.thirdparty.io.grpc.StatusRuntimeException: UNAVAILABLE: io exception
	at java.util.concurrent.FutureTask.report(FutureTask.java:122)
	at java.util.concurrent.FutureTask.get(FutureTask.java:192)
	at org.apache.ratis.server.impl.LeaderElection.waitForResults(LeaderElection.java:262)
	at org.apache.ratis.server.impl.LeaderElection.askForVotes(LeaderElection.java:200)
	at org.apache.ratis.server.impl.LeaderElection.run(LeaderElection.java:130)
	at java.lang.Thread.run(Thread.java:748)
Caused by: org.apache.ratis.thirdparty.io.grpc.StatusRuntimeException: UNAVAILABLE: io exception
	at org.apache.ratis.thirdparty.io.grpc.stub.ClientCalls.toStatusRuntimeException(ClientCalls.java:233)
	at org.apache.ratis.thirdparty.io.grpc.stub.ClientCalls.getUnchecked(ClientCalls.java:214)
	at org.apache.ratis.thirdparty.io.grpc.stub.ClientCalls.blockingUnaryCall(ClientCalls.java:139)
	at org.apache.ratis.proto.grpc.RaftServerProtocolServiceGrpc$RaftServerProtocolServiceBlockingStub.requestVote(RaftServerProtocolServiceGrpc.java:265)
	at org.apache.ratis.grpc.server.GrpcServerProtocolClient.requestVote(GrpcServerProtocolClient.java:83)
	at org.apache.ratis.grpc.server.GrpcService.requestVote(GrpcService.java:195)
	at org.apache.ratis.server.impl.LeaderElection.lambda$submitRequests$1(LeaderElection.java:237)
	at java.util.concurrent.FutureTask.run(FutureTask.java:266)
	at java.util.concurrent.Executors$RunnableAdapter.call(Executors.java:511)
	at java.util.concurrent.FutureTask.run(FutureTask.java:266)
	at java.util.concurrent.ThreadPoolExecutor.runWorker(ThreadPoolExecutor.java:1149)
	at java.util.concurrent.ThreadPoolExecutor$Worker.run(ThreadPoolExecutor.java:624)
	... 1 more
Caused by: org.apache.ratis.thirdparty.io.netty.channel.AbstractChannel$AnnotatedConnectException: Connection refused: /192.168.157.194:36608
	at sun.nio.ch.SocketChannelImpl.checkConnect(Native Method)
	at sun.nio.ch.SocketChannelImpl.finishConnect(SocketChannelImpl.java:717)
	at org.apache.ratis.thirdparty.io.netty.channel.socket.nio.NioSocketChannel.doFinishConnect(NioSocketChannel.java:327)
	at org.apache.ratis.thirdparty.io.netty.channel.nio.AbstractNioChannel$AbstractNioUnsafe.finishConnect(AbstractNioChannel.java:340)
	at org.apache.ratis.thirdparty.io.netty.channel.nio.NioEventLoop.processSelectedKey(NioEventLoop.java:632)
	at org.apache.ratis.thirdparty.io.netty.channel.nio.NioEventLoop.processSelectedKeysOptimized(NioEventLoop.java:579)
	at org.apache.ratis.thirdparty.io.netty.channel.nio.NioEventLoop.processSelectedKeys(NioEventLoop.java:496)
	at org.apache.ratis.thirdparty.io.netty.channel.nio.NioEventLoop.run(NioEventLoop.java:458)
	at org.apache.ratis.thirdparty.io.netty.util.concurrent.SingleThreadEventExecutor$5.run(SingleThreadEventExecutor.java:897)
	at org.apache.ratis.thirdparty.io.netty.util.concurrent.FastThreadLocalRunnable.run(FastThreadLocalRunnable.java:30)
	... 1 more
Caused by: java.net.ConnectException: Connection refused
	... 11 more
2019-08-29 08:46:21,399 [aeaf91a4-7b36-452e-90c9-b2e74ddba1a8:group-5C6A73FB4D0A:LeaderElection59] INFO  impl.LeaderElection (LogUtils.java:infoOrTrace(149)) -   Exception 1: {}
java.util.concurrent.ExecutionException: org.apache.ratis.thirdparty.io.grpc.StatusRuntimeException: UNAVAILABLE: io exception
	at java.util.concurrent.FutureTask.report(FutureTask.java:122)
	at java.util.concurrent.FutureTask.get(FutureTask.java:192)
	at org.apache.ratis.server.impl.LeaderElection.waitForResults(LeaderElection.java:262)
	at org.apache.ratis.server.impl.LeaderElection.askForVotes(LeaderElection.java:200)
	at org.apache.ratis.server.impl.LeaderElection.run(LeaderElection.java:130)
	at java.lang.Thread.run(Thread.java:748)
Caused by: org.apache.ratis.thirdparty.io.grpc.StatusRuntimeException: UNAVAILABLE: io exception
	at org.apache.ratis.thirdparty.io.grpc.stub.ClientCalls.toStatusRuntimeException(ClientCalls.java:233)
	at org.apache.ratis.thirdparty.io.grpc.stub.ClientCalls.getUnchecked(ClientCalls.java:214)
	at org.apache.ratis.thirdparty.io.grpc.stub.ClientCalls.blockingUnaryCall(ClientCalls.java:139)
	at org.apache.ratis.proto.grpc.RaftServerProtocolServiceGrpc$RaftServerProtocolServiceBlockingStub.requestVote(RaftServerProtocolServiceGrpc.java:265)
	at org.apache.ratis.grpc.server.GrpcServerProtocolClient.requestVote(GrpcServerProtocolClient.java:83)
	at org.apache.ratis.grpc.server.GrpcService.requestVote(GrpcService.java:195)
	at org.apache.ratis.server.impl.LeaderElection.lambda$submitRequests$1(LeaderElection.java:237)
	at java.util.concurrent.FutureTask.run(FutureTask.java:266)
	at java.util.concurrent.Executors$RunnableAdapter.call(Executors.java:511)
	at java.util.concurrent.FutureTask.run(FutureTask.java:266)
	at java.util.concurrent.ThreadPoolExecutor.runWorker(ThreadPoolExecutor.java:1149)
	at java.util.concurrent.ThreadPoolExecutor$Worker.run(ThreadPoolExecutor.java:624)
	... 1 more
Caused by: org.apache.ratis.thirdparty.io.netty.channel.AbstractChannel$AnnotatedConnectException: Connection refused: /192.168.157.194:40870
	at sun.nio.ch.SocketChannelImpl.checkConnect(Native Method)
	at sun.nio.ch.SocketChannelImpl.finishConnect(SocketChannelImpl.java:717)
	at org.apache.ratis.thirdparty.io.netty.channel.socket.nio.NioSocketChannel.doFinishConnect(NioSocketChannel.java:327)
	at org.apache.ratis.thirdparty.io.netty.channel.nio.AbstractNioChannel$AbstractNioUnsafe.finishConnect(AbstractNioChannel.java:340)
	at org.apache.ratis.thirdparty.io.netty.channel.nio.NioEventLoop.processSelectedKey(NioEventLoop.java:632)
	at org.apache.ratis.thirdparty.io.netty.channel.nio.NioEventLoop.processSelectedKeysOptimized(NioEventLoop.java:579)
	at org.apache.ratis.thirdparty.io.netty.channel.nio.NioEventLoop.processSelectedKeys(NioEventLoop.java:496)
	at org.apache.ratis.thirdparty.io.netty.channel.nio.NioEventLoop.run(NioEventLoop.java:458)
	at org.apache.ratis.thirdparty.io.netty.util.concurrent.SingleThreadEventExecutor$5.run(SingleThreadEventExecutor.java:897)
	at org.apache.ratis.thirdparty.io.netty.util.concurrent.FastThreadLocalRunnable.run(FastThreadLocalRunnable.java:30)
	... 1 more
Caused by: java.net.ConnectException: Connection refused
	... 11 more
2019-08-29 08:46:21,400 [aeaf91a4-7b36-452e-90c9-b2e74ddba1a8:group-5C6A73FB4D0A:LeaderElection59] INFO  impl.RaftServerImpl (RaftServerImpl.java:setRole(171)) - aeaf91a4-7b36-452e-90c9-b2e74ddba1a8:group-5C6A73FB4D0A changes role from CANDIDATE to FOLLOWER at term 7 for DISCOVERED_A_NEW_TERM
2019-08-29 08:46:21,400 [aeaf91a4-7b36-452e-90c9-b2e74ddba1a8:group-5C6A73FB4D0A:LeaderElection59] INFO  impl.RoleInfo (RoleInfo.java:shutdownLeaderElection(134)) - aeaf91a4-7b36-452e-90c9-b2e74ddba1a8: shutdown LeaderElection
2019-08-29 08:46:21,400 [aeaf91a4-7b36-452e-90c9-b2e74ddba1a8:group-5C6A73FB4D0A:LeaderElection59] INFO  impl.RoleInfo (RoleInfo.java:updateAndGet(143)) - aeaf91a4-7b36-452e-90c9-b2e74ddba1a8: start FollowerState
2019-08-29 08:46:21,481 [grpc-default-executor-7] WARN  server.GrpcLogAppender (LogUtils.java:warn(134)) - af10c44b-16fa-4c36-b19d-5f1088e11be1->b6aa82e4-5823-49f6-a34d-d75ec3f4bf0a: Failed appendEntries: org.apache.ratis.thirdparty.io.grpc.StatusRuntimeException: UNAVAILABLE: io exception
2019-08-29 08:46:21,481 [grpc-default-executor-7] INFO  impl.FollowerInfo (FollowerInfo.java:lambda$new$0(50)) - af10c44b-16fa-4c36-b19d-5f1088e11be1->b6aa82e4-5823-49f6-a34d-d75ec3f4bf0a: nextIndex: updateUnconditionally 0 -> 0
2019-08-29 08:46:21,591 [grpc-default-executor-7] WARN  server.GrpcLogAppender (LogUtils.java:warn(134)) - ead32545-d171-4909-a11e-9b7dde0365ee->4d8418c6-9aaf-413c-a95a-22b3e00264fc: Failed appendEntries: org.apache.ratis.thirdparty.io.grpc.StatusRuntimeException: UNAVAILABLE: io exception
2019-08-29 08:46:21,592 [grpc-default-executor-7] INFO  impl.FollowerInfo (FollowerInfo.java:lambda$new$0(50)) - ead32545-d171-4909-a11e-9b7dde0365ee->4d8418c6-9aaf-413c-a95a-22b3e00264fc: nextIndex: updateUnconditionally 0 -> 0
2019-08-29 08:46:21,596 [grpc-default-executor-3] WARN  server.GrpcLogAppender (LogUtils.java:warn(134)) - ead32545-d171-4909-a11e-9b7dde0365ee->691d973f-4ee5-4b71-9c79-714a3e15e6a2: Failed appendEntries: org.apache.ratis.thirdparty.io.grpc.StatusRuntimeException: UNAVAILABLE: io exception
2019-08-29 08:46:21,597 [grpc-default-executor-3] INFO  impl.FollowerInfo (FollowerInfo.java:lambda$new$0(50)) - ead32545-d171-4909-a11e-9b7dde0365ee->691d973f-4ee5-4b71-9c79-714a3e15e6a2: nextIndex: updateUnconditionally 0 -> 0
2019-08-29 08:46:21,801 | INFO  | SCMAudit | user=jenkins1000 | ip=192.168.157.194 | op=SEND_HEARTBEAT {datanodeUUID=d42e1e69-47db-482b-ad03-89cca26a9b49, command=[]} | ret=SUCCESS |  
2019-08-29 08:46:21,981 [grpc-default-executor-3] WARN  server.GrpcLogAppender (LogUtils.java:warn(134)) - af10c44b-16fa-4c36-b19d-5f1088e11be1->b6aa82e4-5823-49f6-a34d-d75ec3f4bf0a: Failed appendEntries: org.apache.ratis.thirdparty.io.grpc.StatusRuntimeException: UNAVAILABLE: io exception
2019-08-29 08:46:21,982 [grpc-default-executor-3] INFO  impl.FollowerInfo (FollowerInfo.java:lambda$new$0(50)) - af10c44b-16fa-4c36-b19d-5f1088e11be1->b6aa82e4-5823-49f6-a34d-d75ec3f4bf0a: nextIndex: updateUnconditionally 0 -> 0
2019-08-29 08:46:21,991 [main] INFO  ozoneimpl.OzoneContainer (OzoneContainer.java:stop(215)) - Attempting to stop container services.
2019-08-29 08:46:21,992 [main] INFO  impl.RaftServerProxy (RaftServerProxy.java:lambda$close$4(314)) - aeaf91a4-7b36-452e-90c9-b2e74ddba1a8: close
2019-08-29 08:46:21,992 [main] INFO  impl.RaftServerImpl (RaftServerImpl.java:lambda$shutdown$3(245)) - aeaf91a4-7b36-452e-90c9-b2e74ddba1a8: shutdown group-91D68ABEE7C8
2019-08-29 08:46:21,993 [main] INFO  util.JmxRegister (JmxRegister.java:unregister(73)) - Successfully un-registered JMX Bean with object name Ratis:service=RaftServer,group=group-91D68ABEE7C8,id=aeaf91a4-7b36-452e-90c9-b2e74ddba1a8
2019-08-29 08:46:21,993 [main] INFO  impl.RoleInfo (RoleInfo.java:shutdownLeaderState(104)) - aeaf91a4-7b36-452e-90c9-b2e74ddba1a8: shutdown LeaderState
2019-08-29 08:46:21,994 [main] INFO  impl.PendingRequests (PendingRequests.java:sendNotLeaderResponses(202)) - aeaf91a4-7b36-452e-90c9-b2e74ddba1a8-PendingRequests: sendNotLeaderResponses
2019-08-29 08:46:21,994 [main] INFO  impl.StateMachineUpdater (StateMachineUpdater.java:stopAndJoin(115)) - StateMachineUpdater:aeaf91a4-7b36-452e-90c9-b2e74ddba1a8:group-91D68ABEE7C8: set stopIndex = 0
2019-08-29 08:46:21,995 [main] INFO  impl.RaftServerImpl (ServerState.java:close(394)) - aeaf91a4-7b36-452e-90c9-b2e74ddba1a8:group-91D68ABEE7C8 closes. The last applied log index is 0
2019-08-29 08:46:21,995 [aeaf91a4-7b36-452e-90c9-b2e74ddba1a8-SegmentedRaftLogWorker:Storage Directory /workdir/hadoop-ozone/integration-test/target/test-dir/MiniOzoneClusterImpl-43bc7ae7-4e66-4855-88e6-16f3e36bad4f/datanode-9/data/ratis/3b8e1699-1107-482d-89a8-91d68abee7c8] INFO  segmented.SegmentedRaftLogWorker (SegmentedRaftLogWorker.java:run(313)) - aeaf91a4-7b36-452e-90c9-b2e74ddba1a8-SegmentedRaftLogWorker:Storage Directory /workdir/hadoop-ozone/integration-test/target/test-dir/MiniOzoneClusterImpl-43bc7ae7-4e66-4855-88e6-16f3e36bad4f/datanode-9/data/ratis/3b8e1699-1107-482d-89a8-91d68abee7c8 was interrupted, exiting. There are 0 tasks remaining in the queue.
2019-08-29 08:46:21,995 [main] INFO  segmented.SegmentedRaftLogWorker (SegmentedRaftLogWorker.java:close(228)) - aeaf91a4-7b36-452e-90c9-b2e74ddba1a8-SegmentedRaftLogWorker:Storage Directory /workdir/hadoop-ozone/integration-test/target/test-dir/MiniOzoneClusterImpl-43bc7ae7-4e66-4855-88e6-16f3e36bad4f/datanode-9/data/ratis/3b8e1699-1107-482d-89a8-91d68abee7c8 close()
2019-08-29 08:46:21,996 [main] INFO  impl.RaftServerImpl (RaftServerImpl.java:lambda$shutdown$3(245)) - aeaf91a4-7b36-452e-90c9-b2e74ddba1a8: shutdown group-5C6A73FB4D0A
2019-08-29 08:46:21,996 [main] INFO  util.JmxRegister (JmxRegister.java:unregister(73)) - Successfully un-registered JMX Bean with object name Ratis:service=RaftServer,group=group-5C6A73FB4D0A,id=aeaf91a4-7b36-452e-90c9-b2e74ddba1a8
2019-08-29 08:46:21,997 [main] INFO  impl.RoleInfo (RoleInfo.java:shutdownFollowerState(121)) - aeaf91a4-7b36-452e-90c9-b2e74ddba1a8: shutdown FollowerState
2019-08-29 08:46:21,997 [main] INFO  impl.StateMachineUpdater (StateMachineUpdater.java:stopAndJoin(115)) - StateMachineUpdater:aeaf91a4-7b36-452e-90c9-b2e74ddba1a8:group-5C6A73FB4D0A: set stopIndex = 6
2019-08-29 08:46:21,997 [Thread-1709] INFO  impl.FollowerState (FollowerState.java:run(114)) - aeaf91a4-7b36-452e-90c9-b2e74ddba1a8: FollowerState was interrupted: java.lang.InterruptedException: sleep interrupted
2019-08-29 08:46:21,997 [StateMachineUpdater:aeaf91a4-7b36-452e-90c9-b2e74ddba1a8:group-5C6A73FB4D0A] INFO  ratis.ContainerStateMachine (ContainerStateMachine.java:takeSnapshot(284)) - group-5C6A73FB4D0A: Taking a snapshot at:(t:2, i:3) file /workdir/hadoop-ozone/integration-test/target/test-dir/MiniOzoneClusterImpl-43bc7ae7-4e66-4855-88e6-16f3e36bad4f/datanode-9/data/ratis/445197ae-c843-4376-ab37-5c6a73fb4d0a/sm/snapshot.2_3
2019-08-29 08:46:22,061 [StateMachineUpdater:aeaf91a4-7b36-452e-90c9-b2e74ddba1a8:group-5C6A73FB4D0A] INFO  ratis.ContainerStateMachine (ContainerStateMachine.java:takeSnapshot(295)) - group-5C6A73FB4D0A: Finished taking a snapshot at:(t:2, i:3) file:/workdir/hadoop-ozone/integration-test/target/test-dir/MiniOzoneClusterImpl-43bc7ae7-4e66-4855-88e6-16f3e36bad4f/datanode-9/data/ratis/445197ae-c843-4376-ab37-5c6a73fb4d0a/sm/snapshot.2_3 time:64
2019-08-29 08:46:22,062 [StateMachineUpdater:aeaf91a4-7b36-452e-90c9-b2e74ddba1a8:group-5C6A73FB4D0A] INFO  impl.StateMachineUpdater (StateMachineUpdater.java:takeSnapshot(242)) - StateMachineUpdater:aeaf91a4-7b36-452e-90c9-b2e74ddba1a8:group-5C6A73FB4D0A: Took a snapshot at index 3
2019-08-29 08:46:22,062 [StateMachineUpdater:aeaf91a4-7b36-452e-90c9-b2e74ddba1a8:group-5C6A73FB4D0A] INFO  impl.StateMachineUpdater (StateMachineUpdater.java:lambda$new$0(80)) - StateMachineUpdater:aeaf91a4-7b36-452e-90c9-b2e74ddba1a8:group-5C6A73FB4D0A: snapshotIndex: updateIncreasingly -1 -> 3
2019-08-29 08:46:22,062 [main] INFO  impl.RaftServerImpl (ServerState.java:close(394)) - aeaf91a4-7b36-452e-90c9-b2e74ddba1a8:group-5C6A73FB4D0A closes. The last applied log index is 6
2019-08-29 08:46:22,063 [aeaf91a4-7b36-452e-90c9-b2e74ddba1a8-SegmentedRaftLogWorker:Storage Directory /workdir/hadoop-ozone/integration-test/target/test-dir/MiniOzoneClusterImpl-43bc7ae7-4e66-4855-88e6-16f3e36bad4f/datanode-9/data/ratis/445197ae-c843-4376-ab37-5c6a73fb4d0a] INFO  segmented.SegmentedRaftLogWorker (SegmentedRaftLogWorker.java:run(313)) - aeaf91a4-7b36-452e-90c9-b2e74ddba1a8-SegmentedRaftLogWorker:Storage Directory /workdir/hadoop-ozone/integration-test/target/test-dir/MiniOzoneClusterImpl-43bc7ae7-4e66-4855-88e6-16f3e36bad4f/datanode-9/data/ratis/445197ae-c843-4376-ab37-5c6a73fb4d0a was interrupted, exiting. There are 0 tasks remaining in the queue.
2019-08-29 08:46:22,063 [main] INFO  segmented.SegmentedRaftLogWorker (SegmentedRaftLogWorker.java:close(228)) - aeaf91a4-7b36-452e-90c9-b2e74ddba1a8-SegmentedRaftLogWorker:Storage Directory /workdir/hadoop-ozone/integration-test/target/test-dir/MiniOzoneClusterImpl-43bc7ae7-4e66-4855-88e6-16f3e36bad4f/datanode-9/data/ratis/445197ae-c843-4376-ab37-5c6a73fb4d0a close()
2019-08-29 08:46:22,064 [main] INFO  server.GrpcService (GrpcService.java:closeImpl(155)) - aeaf91a4-7b36-452e-90c9-b2e74ddba1a8: shutdown server with port 41794 now
2019-08-29 08:46:22,065 [main] INFO  server.GrpcService (GrpcService.java:closeImpl(163)) - aeaf91a4-7b36-452e-90c9-b2e74ddba1a8: shutdown server with port 41794 successfully
2019-08-29 08:46:22,067 [refreshUsed-/workdir/hadoop-ozone/integration-test/target/test-dir/MiniOzoneClusterImpl-43bc7ae7-4e66-4855-88e6-16f3e36bad4f/datanode-9/data/containers] WARN  fs.CachingGetSpaceUsed (CachingGetSpaceUsed.java:run(183)) - Thread Interrupted waiting to refresh disk information: sleep interrupted
2019-08-29 08:46:22,085 [main] INFO  utils.BackgroundService (BackgroundService.java:shutdown(148)) - Shutting down service BlockDeletingService
2019-08-29 08:46:22,090 [main] INFO  statemachine.DatanodeStateMachine (DatanodeStateMachine.java:stopDaemon(395)) - Ozone container server stopped.
2019-08-29 08:46:22,091 [main] INFO  handler.ContextHandler (ContextHandler.java:doStop(910)) - Stopped o.e.j.w.WebAppContext@709f0202{/,null,UNAVAILABLE}{/hddsDatanode}
2019-08-29 08:46:22,092 [main] INFO  server.AbstractConnector (AbstractConnector.java:doStop(318)) - Stopped ServerConnector@654e6a90{HTTP/1.1,[http/1.1]}{0.0.0.0:0}
2019-08-29 08:46:22,092 [main] INFO  handler.ContextHandler (ContextHandler.java:doStop(910)) - Stopped o.e.j.s.ServletContextHandler@7945b206{/static,jar:file:/home/user/.m2/repository/org/apache/hadoop/hadoop-hdds-container-service/0.5.0-SNAPSHOT/hadoop-hdds-container-service-0.5.0-SNAPSHOT.jar!/webapps/static,UNAVAILABLE}
2019-08-29 08:46:22,092 [grpc-default-executor-3] WARN  server.GrpcLogAppender (LogUtils.java:warn(134)) - ead32545-d171-4909-a11e-9b7dde0365ee->4d8418c6-9aaf-413c-a95a-22b3e00264fc: Failed appendEntries: org.apache.ratis.thirdparty.io.grpc.StatusRuntimeException: UNAVAILABLE: io exception
2019-08-29 08:46:22,093 [main] INFO  handler.ContextHandler (ContextHandler.java:doStop(910)) - Stopped o.e.j.s.ServletContextHandler@76d7881e{/logs,file:///workdir/hadoop-ozone/integration-test/target/log,UNAVAILABLE}
2019-08-29 08:46:22,093 [grpc-default-executor-3] INFO  impl.FollowerInfo (FollowerInfo.java:lambda$new$0(50)) - ead32545-d171-4909-a11e-9b7dde0365ee->4d8418c6-9aaf-413c-a95a-22b3e00264fc: nextIndex: updateUnconditionally 0 -> 0
2019-08-29 08:46:22,096 [grpc-default-executor-3] WARN  server.GrpcLogAppender (LogUtils.java:warn(134)) - ead32545-d171-4909-a11e-9b7dde0365ee->691d973f-4ee5-4b71-9c79-714a3e15e6a2: Failed appendEntries: org.apache.ratis.thirdparty.io.grpc.StatusRuntimeException: UNAVAILABLE: io exception
2019-08-29 08:46:22,096 [grpc-default-executor-3] INFO  impl.FollowerInfo (FollowerInfo.java:lambda$new$0(50)) - ead32545-d171-4909-a11e-9b7dde0365ee->691d973f-4ee5-4b71-9c79-714a3e15e6a2: nextIndex: updateUnconditionally 0 -> 0
2019-08-29 08:46:22,274 [Datanode State Machine Thread - 0] INFO  statemachine.DatanodeStateMachine (DatanodeStateMachine.java:lambda$startDaemon$0(350)) - Ozone container server started.
2019-08-29 08:46:22,351 [ForkJoinPool.commonPool-worker-0] INFO  ozoneimpl.OzoneContainer (OzoneContainer.java:stop(215)) - Attempting to stop container services.
2019-08-29 08:46:22,352 [ForkJoinPool.commonPool-worker-0] INFO  impl.RaftServerProxy (RaftServerProxy.java:lambda$close$4(314)) - af10c44b-16fa-4c36-b19d-5f1088e11be1: close
2019-08-29 08:46:22,352 [ForkJoinPool.commonPool-worker-0] INFO  impl.RaftServerImpl (RaftServerImpl.java:lambda$shutdown$3(245)) - af10c44b-16fa-4c36-b19d-5f1088e11be1: shutdown group-655B46E240B2
2019-08-29 08:46:22,353 [ForkJoinPool.commonPool-worker-0] INFO  util.JmxRegister (JmxRegister.java:unregister(73)) - Successfully un-registered JMX Bean with object name Ratis:service=RaftServer,group=group-655B46E240B2,id=af10c44b-16fa-4c36-b19d-5f1088e11be1
2019-08-29 08:46:22,353 [ForkJoinPool.commonPool-worker-0] INFO  impl.RoleInfo (RoleInfo.java:shutdownLeaderState(104)) - af10c44b-16fa-4c36-b19d-5f1088e11be1: shutdown LeaderState
2019-08-29 08:46:22,355 [org.apache.ratis.server.impl.LogAppender$AppenderDaemon$$Lambda$438/603291690@380d5504] WARN  server.GrpcLogAppender (GrpcLogAppender.java:mayWait(143)) - GrpcLogAppender(af10c44b-16fa-4c36-b19d-5f1088e11be1->b6aa82e4-5823-49f6-a34d-d75ec3f4bf0a): Wait interrupted by java.lang.InterruptedException
2019-08-29 08:46:22,356 [ForkJoinPool.commonPool-worker-0] INFO  impl.PendingRequests (PendingRequests.java:sendNotLeaderResponses(202)) - af10c44b-16fa-4c36-b19d-5f1088e11be1-PendingRequests: sendNotLeaderResponses
2019-08-29 08:46:22,356 [org.apache.ratis.server.impl.LogAppender$AppenderDaemon$$Lambda$438/603291690@7d0fdc61] WARN  server.GrpcLogAppender (GrpcLogAppender.java:mayWait(143)) - GrpcLogAppender(af10c44b-16fa-4c36-b19d-5f1088e11be1->d42e1e69-47db-482b-ad03-89cca26a9b49): Wait interrupted by java.lang.InterruptedException
2019-08-29 08:46:22,357 [ForkJoinPool.commonPool-worker-0] INFO  impl.StateMachineUpdater (StateMachineUpdater.java:stopAndJoin(115)) - StateMachineUpdater:af10c44b-16fa-4c36-b19d-5f1088e11be1:group-655B46E240B2: set stopIndex = 0
2019-08-29 08:46:22,357 [ForkJoinPool.commonPool-worker-0] INFO  impl.RaftServerImpl (ServerState.java:close(394)) - af10c44b-16fa-4c36-b19d-5f1088e11be1:group-655B46E240B2 closes. The last applied log index is 0
2019-08-29 08:46:22,357 [grpc-default-executor-3] INFO  server.GrpcServerProtocolService (GrpcServerProtocolService.java:onCompleted(104)) - d42e1e69-47db-482b-ad03-89cca26a9b49: appendEntries completed
2019-08-29 08:46:22,358 [af10c44b-16fa-4c36-b19d-5f1088e11be1-SegmentedRaftLogWorker:Storage Directory /workdir/hadoop-ozone/integration-test/target/test-dir/MiniOzoneClusterImpl-43bc7ae7-4e66-4855-88e6-16f3e36bad4f/datanode-0/data/ratis/52ca8880-1f24-4e87-a4d8-655b46e240b2] INFO  segmented.SegmentedRaftLogWorker (SegmentedRaftLogWorker.java:run(313)) - af10c44b-16fa-4c36-b19d-5f1088e11be1-SegmentedRaftLogWorker:Storage Directory /workdir/hadoop-ozone/integration-test/target/test-dir/MiniOzoneClusterImpl-43bc7ae7-4e66-4855-88e6-16f3e36bad4f/datanode-0/data/ratis/52ca8880-1f24-4e87-a4d8-655b46e240b2 was interrupted, exiting. There are 0 tasks remaining in the queue.
2019-08-29 08:46:22,358 [ForkJoinPool.commonPool-worker-0] INFO  segmented.SegmentedRaftLogWorker (SegmentedRaftLogWorker.java:close(228)) - af10c44b-16fa-4c36-b19d-5f1088e11be1-SegmentedRaftLogWorker:Storage Directory /workdir/hadoop-ozone/integration-test/target/test-dir/MiniOzoneClusterImpl-43bc7ae7-4e66-4855-88e6-16f3e36bad4f/datanode-0/data/ratis/52ca8880-1f24-4e87-a4d8-655b46e240b2 close()
2019-08-29 08:46:22,358 [grpc-default-executor-3] INFO  server.GrpcLogAppender (GrpcLogAppender.java:onCompleted(292)) - af10c44b-16fa-4c36-b19d-5f1088e11be1->d42e1e69-47db-482b-ad03-89cca26a9b49: follower responses appendEntries COMPLETED
2019-08-29 08:46:22,359 [ForkJoinPool.commonPool-worker-0] INFO  impl.RaftServerImpl (RaftServerImpl.java:lambda$shutdown$3(245)) - af10c44b-16fa-4c36-b19d-5f1088e11be1: shutdown group-C6E626FCA7C3
2019-08-29 08:46:22,359 [grpc-default-executor-3] INFO  impl.FollowerInfo (FollowerInfo.java:lambda$new$0(50)) - af10c44b-16fa-4c36-b19d-5f1088e11be1->d42e1e69-47db-482b-ad03-89cca26a9b49: nextIndex: updateUnconditionally 1 -> 0
2019-08-29 08:46:22,359 [ForkJoinPool.commonPool-worker-0] INFO  util.JmxRegister (JmxRegister.java:unregister(73)) - Successfully un-registered JMX Bean with object name Ratis:service=RaftServer,group=group-C6E626FCA7C3,id=af10c44b-16fa-4c36-b19d-5f1088e11be1
2019-08-29 08:46:22,360 [ForkJoinPool.commonPool-worker-0] INFO  impl.RoleInfo (RoleInfo.java:shutdownLeaderState(104)) - af10c44b-16fa-4c36-b19d-5f1088e11be1: shutdown LeaderState
2019-08-29 08:46:22,360 [ForkJoinPool.commonPool-worker-0] INFO  impl.PendingRequests (PendingRequests.java:sendNotLeaderResponses(202)) - af10c44b-16fa-4c36-b19d-5f1088e11be1-PendingRequests: sendNotLeaderResponses
2019-08-29 08:46:22,360 [ForkJoinPool.commonPool-worker-0] INFO  impl.StateMachineUpdater (StateMachineUpdater.java:stopAndJoin(115)) - StateMachineUpdater:af10c44b-16fa-4c36-b19d-5f1088e11be1:group-C6E626FCA7C3: set stopIndex = 0
2019-08-29 08:46:22,361 [ForkJoinPool.commonPool-worker-0] INFO  impl.RaftServerImpl (ServerState.java:close(394)) - af10c44b-16fa-4c36-b19d-5f1088e11be1:group-C6E626FCA7C3 closes. The last applied log index is 0
2019-08-29 08:46:22,361 [af10c44b-16fa-4c36-b19d-5f1088e11be1-SegmentedRaftLogWorker:Storage Directory /workdir/hadoop-ozone/integration-test/target/test-dir/MiniOzoneClusterImpl-43bc7ae7-4e66-4855-88e6-16f3e36bad4f/datanode-0/data/ratis/c2cf2b49-898b-4c4e-a6b5-c6e626fca7c3] INFO  segmented.SegmentedRaftLogWorker (SegmentedRaftLogWorker.java:run(313)) - af10c44b-16fa-4c36-b19d-5f1088e11be1-SegmentedRaftLogWorker:Storage Directory /workdir/hadoop-ozone/integration-test/target/test-dir/MiniOzoneClusterImpl-43bc7ae7-4e66-4855-88e6-16f3e36bad4f/datanode-0/data/ratis/c2cf2b49-898b-4c4e-a6b5-c6e626fca7c3 was interrupted, exiting. There are 0 tasks remaining in the queue.
2019-08-29 08:46:22,361 [ForkJoinPool.commonPool-worker-0] INFO  segmented.SegmentedRaftLogWorker (SegmentedRaftLogWorker.java:close(228)) - af10c44b-16fa-4c36-b19d-5f1088e11be1-SegmentedRaftLogWorker:Storage Directory /workdir/hadoop-ozone/integration-test/target/test-dir/MiniOzoneClusterImpl-43bc7ae7-4e66-4855-88e6-16f3e36bad4f/datanode-0/data/ratis/c2cf2b49-898b-4c4e-a6b5-c6e626fca7c3 close()
2019-08-29 08:46:22,362 [ForkJoinPool.commonPool-worker-0] INFO  server.GrpcService (GrpcService.java:closeImpl(155)) - af10c44b-16fa-4c36-b19d-5f1088e11be1: shutdown server with port 32884 now
2019-08-29 08:46:22,363 [ForkJoinPool.commonPool-worker-0] INFO  server.GrpcService (GrpcService.java:closeImpl(163)) - af10c44b-16fa-4c36-b19d-5f1088e11be1: shutdown server with port 32884 successfully
2019-08-29 08:46:22,364 [refreshUsed-/workdir/hadoop-ozone/integration-test/target/test-dir/MiniOzoneClusterImpl-43bc7ae7-4e66-4855-88e6-16f3e36bad4f/datanode-0/data/containers] WARN  fs.CachingGetSpaceUsed (CachingGetSpaceUsed.java:run(183)) - Thread Interrupted waiting to refresh disk information: sleep interrupted
2019-08-29 08:46:22,376 [ForkJoinPool.commonPool-worker-0] INFO  utils.BackgroundService (BackgroundService.java:shutdown(148)) - Shutting down service BlockDeletingService
2019-08-29 08:46:22,385 [ForkJoinPool.commonPool-worker-0] INFO  statemachine.DatanodeStateMachine (DatanodeStateMachine.java:stopDaemon(395)) - Ozone container server stopped.
2019-08-29 08:46:22,388 [ForkJoinPool.commonPool-worker-0] INFO  handler.ContextHandler (ContextHandler.java:doStop(910)) - Stopped o.e.j.w.WebAppContext@91f565d{/,null,UNAVAILABLE}{/hddsDatanode}
2019-08-29 08:46:22,389 [ForkJoinPool.commonPool-worker-0] INFO  server.AbstractConnector (AbstractConnector.java:doStop(318)) - Stopped ServerConnector@46e3559f{HTTP/1.1,[http/1.1]}{0.0.0.0:0}
2019-08-29 08:46:22,389 [ForkJoinPool.commonPool-worker-0] INFO  handler.ContextHandler (ContextHandler.java:doStop(910)) - Stopped o.e.j.s.ServletContextHandler@642ee49c{/static,jar:file:/home/user/.m2/repository/org/apache/hadoop/hadoop-hdds-container-service/0.5.0-SNAPSHOT/hadoop-hdds-container-service-0.5.0-SNAPSHOT.jar!/webapps/static,UNAVAILABLE}
2019-08-29 08:46:22,389 [ForkJoinPool.commonPool-worker-0] INFO  handler.ContextHandler (ContextHandler.java:doStop(910)) - Stopped o.e.j.s.ServletContextHandler@781711b7{/logs,file:///workdir/hadoop-ozone/integration-test/target/log,UNAVAILABLE}
2019-08-29 08:46:22,593 [grpc-default-executor-4] WARN  server.GrpcLogAppender (LogUtils.java:warn(134)) - ead32545-d171-4909-a11e-9b7dde0365ee->4d8418c6-9aaf-413c-a95a-22b3e00264fc: Failed appendEntries: org.apache.ratis.thirdparty.io.grpc.StatusRuntimeException: UNAVAILABLE: io exception
2019-08-29 08:46:22,594 [grpc-default-executor-4] INFO  impl.FollowerInfo (FollowerInfo.java:lambda$new$0(50)) - ead32545-d171-4909-a11e-9b7dde0365ee->4d8418c6-9aaf-413c-a95a-22b3e00264fc: nextIndex: updateUnconditionally 0 -> 0
2019-08-29 08:46:22,597 [grpc-default-executor-7] WARN  server.GrpcLogAppender (LogUtils.java:warn(134)) - ead32545-d171-4909-a11e-9b7dde0365ee->691d973f-4ee5-4b71-9c79-714a3e15e6a2: Failed appendEntries: org.apache.ratis.thirdparty.io.grpc.StatusRuntimeException: UNAVAILABLE: io exception
2019-08-29 08:46:22,597 [grpc-default-executor-7] INFO  impl.FollowerInfo (FollowerInfo.java:lambda$new$0(50)) - ead32545-d171-4909-a11e-9b7dde0365ee->691d973f-4ee5-4b71-9c79-714a3e15e6a2: nextIndex: updateUnconditionally 0 -> 0
2019-08-29 08:46:22,801 [Datanode State Machine Thread - 0] INFO  statemachine.DatanodeStateMachine (DatanodeStateMachine.java:lambda$startDaemon$0(350)) - Ozone container server started.
2019-08-29 08:46:23,094 [grpc-default-executor-7] WARN  server.GrpcLogAppender (LogUtils.java:warn(134)) - ead32545-d171-4909-a11e-9b7dde0365ee->4d8418c6-9aaf-413c-a95a-22b3e00264fc: Failed appendEntries: org.apache.ratis.thirdparty.io.grpc.StatusRuntimeException: UNAVAILABLE: io exception
2019-08-29 08:46:23,095 [grpc-default-executor-7] INFO  impl.FollowerInfo (FollowerInfo.java:lambda$new$0(50)) - ead32545-d171-4909-a11e-9b7dde0365ee->4d8418c6-9aaf-413c-a95a-22b3e00264fc: nextIndex: updateUnconditionally 0 -> 0
2019-08-29 08:46:23,097 [grpc-default-executor-3] WARN  server.GrpcLogAppender (LogUtils.java:warn(134)) - ead32545-d171-4909-a11e-9b7dde0365ee->691d973f-4ee5-4b71-9c79-714a3e15e6a2: Failed appendEntries: org.apache.ratis.thirdparty.io.grpc.StatusRuntimeException: UNAVAILABLE: io exception
2019-08-29 08:46:23,098 [grpc-default-executor-3] INFO  impl.FollowerInfo (FollowerInfo.java:lambda$new$0(50)) - ead32545-d171-4909-a11e-9b7dde0365ee->691d973f-4ee5-4b71-9c79-714a3e15e6a2: nextIndex: updateUnconditionally 0 -> 0
2019-08-29 08:46:23,595 [grpc-default-executor-4] WARN  server.GrpcLogAppender (LogUtils.java:warn(134)) - ead32545-d171-4909-a11e-9b7dde0365ee->4d8418c6-9aaf-413c-a95a-22b3e00264fc: Failed appendEntries: org.apache.ratis.thirdparty.io.grpc.StatusRuntimeException: UNAVAILABLE: io exception
2019-08-29 08:46:23,596 [grpc-default-executor-4] INFO  impl.FollowerInfo (FollowerInfo.java:lambda$new$0(50)) - ead32545-d171-4909-a11e-9b7dde0365ee->4d8418c6-9aaf-413c-a95a-22b3e00264fc: nextIndex: updateUnconditionally 0 -> 0
2019-08-29 08:46:23,598 [grpc-default-executor-4] WARN  server.GrpcLogAppender (LogUtils.java:warn(134)) - ead32545-d171-4909-a11e-9b7dde0365ee->691d973f-4ee5-4b71-9c79-714a3e15e6a2: Failed appendEntries: org.apache.ratis.thirdparty.io.grpc.StatusRuntimeException: UNAVAILABLE: io exception
2019-08-29 08:46:23,598 [grpc-default-executor-4] INFO  impl.FollowerInfo (FollowerInfo.java:lambda$new$0(50)) - ead32545-d171-4909-a11e-9b7dde0365ee->691d973f-4ee5-4b71-9c79-714a3e15e6a2: nextIndex: updateUnconditionally 0 -> 0
2019-08-29 08:46:23,967 [Thread-1230] INFO  impl.FollowerState (FollowerState.java:run(106)) - d42e1e69-47db-482b-ad03-89cca26a9b49:group-655B46E240B2 changes to CANDIDATE, lastRpcTime:1976, electionTimeout:1101ms
2019-08-29 08:46:23,967 [Thread-1230] INFO  impl.RoleInfo (RoleInfo.java:shutdownFollowerState(121)) - d42e1e69-47db-482b-ad03-89cca26a9b49: shutdown FollowerState
2019-08-29 08:46:23,967 [Thread-1230] INFO  impl.RaftServerImpl (RaftServerImpl.java:setRole(171)) - d42e1e69-47db-482b-ad03-89cca26a9b49:group-655B46E240B2 changes role from FOLLOWER to CANDIDATE at term 2 for changeToCandidate
2019-08-29 08:46:23,967 [Thread-1230] INFO  impl.RoleInfo (RoleInfo.java:updateAndGet(143)) - d42e1e69-47db-482b-ad03-89cca26a9b49: start LeaderElection
2019-08-29 08:46:23,970 [d42e1e69-47db-482b-ad03-89cca26a9b49:group-655B46E240B2:LeaderElection60] INFO  impl.RaftServerImpl (ServerState.java:setLeader(263)) - d42e1e69-47db-482b-ad03-89cca26a9b49:group-655B46E240B2 change Leader from af10c44b-16fa-4c36-b19d-5f1088e11be1 to null at term 2 for initElection
2019-08-29 08:46:24,062 [d42e1e69-47db-482b-ad03-89cca26a9b49:group-655B46E240B2:LeaderElection60] INFO  impl.LeaderElection (LeaderElection.java:askForVotes(181)) - d42e1e69-47db-482b-ad03-89cca26a9b49:group-655B46E240B2:LeaderElection60: begin an election at term 3 for 0: [b6aa82e4-5823-49f6-a34d-d75ec3f4bf0a:192.168.157.194:39858, af10c44b-16fa-4c36-b19d-5f1088e11be1:192.168.157.194:32884, d42e1e69-47db-482b-ad03-89cca26a9b49:192.168.157.194:44267], old=null
2019-08-29 08:46:24,065 [d42e1e69-47db-482b-ad03-89cca26a9b49:group-655B46E240B2:LeaderElection60] INFO  impl.LeaderElection (LogUtils.java:infoOrTrace(149)) - d42e1e69-47db-482b-ad03-89cca26a9b49:group-655B46E240B2:LeaderElection60 got exception when requesting votes: {}
java.util.concurrent.ExecutionException: org.apache.ratis.thirdparty.io.grpc.StatusRuntimeException: UNAVAILABLE: io exception
	at java.util.concurrent.FutureTask.report(FutureTask.java:122)
	at java.util.concurrent.FutureTask.get(FutureTask.java:192)
	at org.apache.ratis.server.impl.LeaderElection.waitForResults(LeaderElection.java:262)
	at org.apache.ratis.server.impl.LeaderElection.askForVotes(LeaderElection.java:200)
	at org.apache.ratis.server.impl.LeaderElection.run(LeaderElection.java:130)
	at java.lang.Thread.run(Thread.java:748)
Caused by: org.apache.ratis.thirdparty.io.grpc.StatusRuntimeException: UNAVAILABLE: io exception
	at org.apache.ratis.thirdparty.io.grpc.stub.ClientCalls.toStatusRuntimeException(ClientCalls.java:233)
	at org.apache.ratis.thirdparty.io.grpc.stub.ClientCalls.getUnchecked(ClientCalls.java:214)
	at org.apache.ratis.thirdparty.io.grpc.stub.ClientCalls.blockingUnaryCall(ClientCalls.java:139)
	at org.apache.ratis.proto.grpc.RaftServerProtocolServiceGrpc$RaftServerProtocolServiceBlockingStub.requestVote(RaftServerProtocolServiceGrpc.java:265)
	at org.apache.ratis.grpc.server.GrpcServerProtocolClient.requestVote(GrpcServerProtocolClient.java:83)
	at org.apache.ratis.grpc.server.GrpcService.requestVote(GrpcService.java:195)
	at org.apache.ratis.server.impl.LeaderElection.lambda$submitRequests$1(LeaderElection.java:237)
	at java.util.concurrent.FutureTask.run(FutureTask.java:266)
	at java.util.concurrent.Executors$RunnableAdapter.call(Executors.java:511)
	at java.util.concurrent.FutureTask.run(FutureTask.java:266)
	at java.util.concurrent.ThreadPoolExecutor.runWorker(ThreadPoolExecutor.java:1149)
	at java.util.concurrent.ThreadPoolExecutor$Worker.run(ThreadPoolExecutor.java:624)
	... 1 more
Caused by: org.apache.ratis.thirdparty.io.netty.channel.AbstractChannel$AnnotatedConnectException: Connection refused: /192.168.157.194:39858
	at sun.nio.ch.SocketChannelImpl.checkConnect(Native Method)
	at sun.nio.ch.SocketChannelImpl.finishConnect(SocketChannelImpl.java:717)
	at org.apache.ratis.thirdparty.io.netty.channel.socket.nio.NioSocketChannel.doFinishConnect(NioSocketChannel.java:327)
	at org.apache.ratis.thirdparty.io.netty.channel.nio.AbstractNioChannel$AbstractNioUnsafe.finishConnect(AbstractNioChannel.java:340)
	at org.apache.ratis.thirdparty.io.netty.channel.nio.NioEventLoop.processSelectedKey(NioEventLoop.java:632)
	at org.apache.ratis.thirdparty.io.netty.channel.nio.NioEventLoop.processSelectedKeysOptimized(NioEventLoop.java:579)
	at org.apache.ratis.thirdparty.io.netty.channel.nio.NioEventLoop.processSelectedKeys(NioEventLoop.java:496)
	at org.apache.ratis.thirdparty.io.netty.channel.nio.NioEventLoop.run(NioEventLoop.java:458)
	at org.apache.ratis.thirdparty.io.netty.util.concurrent.SingleThreadEventExecutor$5.run(SingleThreadEventExecutor.java:897)
	at org.apache.ratis.thirdparty.io.netty.util.concurrent.FastThreadLocalRunnable.run(FastThreadLocalRunnable.java:30)
	... 1 more
Caused by: java.net.ConnectException: Connection refused
	... 11 more
2019-08-29 08:46:24,067 [d42e1e69-47db-482b-ad03-89cca26a9b49:group-655B46E240B2:LeaderElection60] INFO  impl.LeaderElection (LogUtils.java:infoOrTrace(149)) - d42e1e69-47db-482b-ad03-89cca26a9b49:group-655B46E240B2:LeaderElection60 got exception when requesting votes: {}
java.util.concurrent.ExecutionException: org.apache.ratis.thirdparty.io.grpc.StatusRuntimeException: UNAVAILABLE: io exception
	at java.util.concurrent.FutureTask.report(FutureTask.java:122)
	at java.util.concurrent.FutureTask.get(FutureTask.java:192)
	at org.apache.ratis.server.impl.LeaderElection.waitForResults(LeaderElection.java:262)
	at org.apache.ratis.server.impl.LeaderElection.askForVotes(LeaderElection.java:200)
	at org.apache.ratis.server.impl.LeaderElection.run(LeaderElection.java:130)
	at java.lang.Thread.run(Thread.java:748)
Caused by: org.apache.ratis.thirdparty.io.grpc.StatusRuntimeException: UNAVAILABLE: io exception
	at org.apache.ratis.thirdparty.io.grpc.stub.ClientCalls.toStatusRuntimeException(ClientCalls.java:233)
	at org.apache.ratis.thirdparty.io.grpc.stub.ClientCalls.getUnchecked(ClientCalls.java:214)
	at org.apache.ratis.thirdparty.io.grpc.stub.ClientCalls.blockingUnaryCall(ClientCalls.java:139)
	at org.apache.ratis.proto.grpc.RaftServerProtocolServiceGrpc$RaftServerProtocolServiceBlockingStub.requestVote(RaftServerProtocolServiceGrpc.java:265)
	at org.apache.ratis.grpc.server.GrpcServerProtocolClient.requestVote(GrpcServerProtocolClient.java:83)
	at org.apache.ratis.grpc.server.GrpcService.requestVote(GrpcService.java:195)
	at org.apache.ratis.server.impl.LeaderElection.lambda$submitRequests$1(LeaderElection.java:237)
	at java.util.concurrent.FutureTask.run(FutureTask.java:266)
	at java.util.concurrent.Executors$RunnableAdapter.call(Executors.java:511)
	at java.util.concurrent.FutureTask.run(FutureTask.java:266)
	at java.util.concurrent.ThreadPoolExecutor.runWorker(ThreadPoolExecutor.java:1149)
	at java.util.concurrent.ThreadPoolExecutor$Worker.run(ThreadPoolExecutor.java:624)
	... 1 more
Caused by: org.apache.ratis.thirdparty.io.netty.channel.AbstractChannel$AnnotatedConnectException: Connection refused: /192.168.157.194:32884
	at sun.nio.ch.SocketChannelImpl.checkConnect(Native Method)
	at sun.nio.ch.SocketChannelImpl.finishConnect(SocketChannelImpl.java:717)
	at org.apache.ratis.thirdparty.io.netty.channel.socket.nio.NioSocketChannel.doFinishConnect(NioSocketChannel.java:327)
	at org.apache.ratis.thirdparty.io.netty.channel.nio.AbstractNioChannel$AbstractNioUnsafe.finishConnect(AbstractNioChannel.java:340)
	at org.apache.ratis.thirdparty.io.netty.channel.nio.NioEventLoop.processSelectedKey(NioEventLoop.java:632)
	at org.apache.ratis.thirdparty.io.netty.channel.nio.NioEventLoop.processSelectedKeysOptimized(NioEventLoop.java:579)
	at org.apache.ratis.thirdparty.io.netty.channel.nio.NioEventLoop.processSelectedKeys(NioEventLoop.java:496)
	at org.apache.ratis.thirdparty.io.netty.channel.nio.NioEventLoop.run(NioEventLoop.java:458)
	at org.apache.ratis.thirdparty.io.netty.util.concurrent.SingleThreadEventExecutor$5.run(SingleThreadEventExecutor.java:897)
	at org.apache.ratis.thirdparty.io.netty.util.concurrent.FastThreadLocalRunnable.run(FastThreadLocalRunnable.java:30)
	... 1 more
Caused by: java.net.ConnectException: Connection refused
	... 11 more
2019-08-29 08:46:24,069 [d42e1e69-47db-482b-ad03-89cca26a9b49:group-655B46E240B2:LeaderElection60] INFO  impl.LeaderElection (LeaderElection.java:logAndReturn(56)) - d42e1e69-47db-482b-ad03-89cca26a9b49:group-655B46E240B2:LeaderElection60: Election REJECTED; received 0 response(s) [] and 2 exception(s); d42e1e69-47db-482b-ad03-89cca26a9b49:t3, leader=null, voted=d42e1e69-47db-482b-ad03-89cca26a9b49, raftlog=d42e1e69-47db-482b-ad03-89cca26a9b49-SegmentedRaftLog:OPENED:c0,f0,i0, conf=0: [b6aa82e4-5823-49f6-a34d-d75ec3f4bf0a:192.168.157.194:39858, af10c44b-16fa-4c36-b19d-5f1088e11be1:192.168.157.194:32884, d42e1e69-47db-482b-ad03-89cca26a9b49:192.168.157.194:44267], old=null
2019-08-29 08:46:24,069 [d42e1e69-47db-482b-ad03-89cca26a9b49:group-655B46E240B2:LeaderElection60] INFO  impl.LeaderElection (LogUtils.java:infoOrTrace(149)) -   Exception 0: {}
java.util.concurrent.ExecutionException: org.apache.ratis.thirdparty.io.grpc.StatusRuntimeException: UNAVAILABLE: io exception
	at java.util.concurrent.FutureTask.report(FutureTask.java:122)
	at java.util.concurrent.FutureTask.get(FutureTask.java:192)
	at org.apache.ratis.server.impl.LeaderElection.waitForResults(LeaderElection.java:262)
	at org.apache.ratis.server.impl.LeaderElection.askForVotes(LeaderElection.java:200)
	at org.apache.ratis.server.impl.LeaderElection.run(LeaderElection.java:130)
	at java.lang.Thread.run(Thread.java:748)
Caused by: org.apache.ratis.thirdparty.io.grpc.StatusRuntimeException: UNAVAILABLE: io exception
	at org.apache.ratis.thirdparty.io.grpc.stub.ClientCalls.toStatusRuntimeException(ClientCalls.java:233)
	at org.apache.ratis.thirdparty.io.grpc.stub.ClientCalls.getUnchecked(ClientCalls.java:214)
	at org.apache.ratis.thirdparty.io.grpc.stub.ClientCalls.blockingUnaryCall(ClientCalls.java:139)
	at org.apache.ratis.proto.grpc.RaftServerProtocolServiceGrpc$RaftServerProtocolServiceBlockingStub.requestVote(RaftServerProtocolServiceGrpc.java:265)
	at org.apache.ratis.grpc.server.GrpcServerProtocolClient.requestVote(GrpcServerProtocolClient.java:83)
	at org.apache.ratis.grpc.server.GrpcService.requestVote(GrpcService.java:195)
	at org.apache.ratis.server.impl.LeaderElection.lambda$submitRequests$1(LeaderElection.java:237)
	at java.util.concurrent.FutureTask.run(FutureTask.java:266)
	at java.util.concurrent.Executors$RunnableAdapter.call(Executors.java:511)
	at java.util.concurrent.FutureTask.run(FutureTask.java:266)
	at java.util.concurrent.ThreadPoolExecutor.runWorker(ThreadPoolExecutor.java:1149)
	at java.util.concurrent.ThreadPoolExecutor$Worker.run(ThreadPoolExecutor.java:624)
	... 1 more
Caused by: org.apache.ratis.thirdparty.io.netty.channel.AbstractChannel$AnnotatedConnectException: Connection refused: /192.168.157.194:39858
	at sun.nio.ch.SocketChannelImpl.checkConnect(Native Method)
	at sun.nio.ch.SocketChannelImpl.finishConnect(SocketChannelImpl.java:717)
	at org.apache.ratis.thirdparty.io.netty.channel.socket.nio.NioSocketChannel.doFinishConnect(NioSocketChannel.java:327)
	at org.apache.ratis.thirdparty.io.netty.channel.nio.AbstractNioChannel$AbstractNioUnsafe.finishConnect(AbstractNioChannel.java:340)
	at org.apache.ratis.thirdparty.io.netty.channel.nio.NioEventLoop.processSelectedKey(NioEventLoop.java:632)
	at org.apache.ratis.thirdparty.io.netty.channel.nio.NioEventLoop.processSelectedKeysOptimized(NioEventLoop.java:579)
	at org.apache.ratis.thirdparty.io.netty.channel.nio.NioEventLoop.processSelectedKeys(NioEventLoop.java:496)
	at org.apache.ratis.thirdparty.io.netty.channel.nio.NioEventLoop.run(NioEventLoop.java:458)
	at org.apache.ratis.thirdparty.io.netty.util.concurrent.SingleThreadEventExecutor$5.run(SingleThreadEventExecutor.java:897)
	at org.apache.ratis.thirdparty.io.netty.util.concurrent.FastThreadLocalRunnable.run(FastThreadLocalRunnable.java:30)
	... 1 more
Caused by: java.net.ConnectException: Connection refused
	... 11 more
2019-08-29 08:46:24,069 [d42e1e69-47db-482b-ad03-89cca26a9b49:group-655B46E240B2:LeaderElection60] INFO  impl.LeaderElection (LogUtils.java:infoOrTrace(149)) -   Exception 1: {}
java.util.concurrent.ExecutionException: org.apache.ratis.thirdparty.io.grpc.StatusRuntimeException: UNAVAILABLE: io exception
	at java.util.concurrent.FutureTask.report(FutureTask.java:122)
	at java.util.concurrent.FutureTask.get(FutureTask.java:192)
	at org.apache.ratis.server.impl.LeaderElection.waitForResults(LeaderElection.java:262)
	at org.apache.ratis.server.impl.LeaderElection.askForVotes(LeaderElection.java:200)
	at org.apache.ratis.server.impl.LeaderElection.run(LeaderElection.java:130)
	at java.lang.Thread.run(Thread.java:748)
Caused by: org.apache.ratis.thirdparty.io.grpc.StatusRuntimeException: UNAVAILABLE: io exception
	at org.apache.ratis.thirdparty.io.grpc.stub.ClientCalls.toStatusRuntimeException(ClientCalls.java:233)
	at org.apache.ratis.thirdparty.io.grpc.stub.ClientCalls.getUnchecked(ClientCalls.java:214)
	at org.apache.ratis.thirdparty.io.grpc.stub.ClientCalls.blockingUnaryCall(ClientCalls.java:139)
	at org.apache.ratis.proto.grpc.RaftServerProtocolServiceGrpc$RaftServerProtocolServiceBlockingStub.requestVote(RaftServerProtocolServiceGrpc.java:265)
	at org.apache.ratis.grpc.server.GrpcServerProtocolClient.requestVote(GrpcServerProtocolClient.java:83)
	at org.apache.ratis.grpc.server.GrpcService.requestVote(GrpcService.java:195)
	at org.apache.ratis.server.impl.LeaderElection.lambda$submitRequests$1(LeaderElection.java:237)
	at java.util.concurrent.FutureTask.run(FutureTask.java:266)
	at java.util.concurrent.Executors$RunnableAdapter.call(Executors.java:511)
	at java.util.concurrent.FutureTask.run(FutureTask.java:266)
	at java.util.concurrent.ThreadPoolExecutor.runWorker(ThreadPoolExecutor.java:1149)
	at java.util.concurrent.ThreadPoolExecutor$Worker.run(ThreadPoolExecutor.java:624)
	... 1 more
Caused by: org.apache.ratis.thirdparty.io.netty.channel.AbstractChannel$AnnotatedConnectException: Connection refused: /192.168.157.194:32884
	at sun.nio.ch.SocketChannelImpl.checkConnect(Native Method)
	at sun.nio.ch.SocketChannelImpl.finishConnect(SocketChannelImpl.java:717)
	at org.apache.ratis.thirdparty.io.netty.channel.socket.nio.NioSocketChannel.doFinishConnect(NioSocketChannel.java:327)
	at org.apache.ratis.thirdparty.io.netty.channel.nio.AbstractNioChannel$AbstractNioUnsafe.finishConnect(AbstractNioChannel.java:340)
	at org.apache.ratis.thirdparty.io.netty.channel.nio.NioEventLoop.processSelectedKey(NioEventLoop.java:632)
	at org.apache.ratis.thirdparty.io.netty.channel.nio.NioEventLoop.processSelectedKeysOptimized(NioEventLoop.java:579)
	at org.apache.ratis.thirdparty.io.netty.channel.nio.NioEventLoop.processSelectedKeys(NioEventLoop.java:496)
	at org.apache.ratis.thirdparty.io.netty.channel.nio.NioEventLoop.run(NioEventLoop.java:458)
	at org.apache.ratis.thirdparty.io.netty.util.concurrent.SingleThreadEventExecutor$5.run(SingleThreadEventExecutor.java:897)
	at org.apache.ratis.thirdparty.io.netty.util.concurrent.FastThreadLocalRunnable.run(FastThreadLocalRunnable.java:30)
	... 1 more
Caused by: java.net.ConnectException: Connection refused
	... 11 more
2019-08-29 08:46:24,070 [d42e1e69-47db-482b-ad03-89cca26a9b49:group-655B46E240B2:LeaderElection60] INFO  impl.RaftServerImpl (RaftServerImpl.java:setRole(171)) - d42e1e69-47db-482b-ad03-89cca26a9b49:group-655B46E240B2 changes role from CANDIDATE to FOLLOWER at term 3 for DISCOVERED_A_NEW_TERM
2019-08-29 08:46:24,070 [d42e1e69-47db-482b-ad03-89cca26a9b49:group-655B46E240B2:LeaderElection60] INFO  impl.RoleInfo (RoleInfo.java:shutdownLeaderElection(134)) - d42e1e69-47db-482b-ad03-89cca26a9b49: shutdown LeaderElection
2019-08-29 08:46:24,070 [d42e1e69-47db-482b-ad03-89cca26a9b49:group-655B46E240B2:LeaderElection60] INFO  impl.RoleInfo (RoleInfo.java:updateAndGet(143)) - d42e1e69-47db-482b-ad03-89cca26a9b49: start FollowerState
2019-08-29 08:46:24,095 [grpc-default-executor-4] WARN  server.GrpcLogAppender (LogUtils.java:warn(134)) - ead32545-d171-4909-a11e-9b7dde0365ee->4d8418c6-9aaf-413c-a95a-22b3e00264fc: Failed appendEntries: org.apache.ratis.thirdparty.io.grpc.StatusRuntimeException: UNAVAILABLE: io exception
2019-08-29 08:46:24,096 [grpc-default-executor-4] INFO  impl.FollowerInfo (FollowerInfo.java:lambda$new$0(50)) - ead32545-d171-4909-a11e-9b7dde0365ee->4d8418c6-9aaf-413c-a95a-22b3e00264fc: nextIndex: updateUnconditionally 0 -> 0
2019-08-29 08:46:24,099 [grpc-default-executor-3] WARN  server.GrpcLogAppender (LogUtils.java:warn(134)) - ead32545-d171-4909-a11e-9b7dde0365ee->691d973f-4ee5-4b71-9c79-714a3e15e6a2: Failed appendEntries: org.apache.ratis.thirdparty.io.grpc.StatusRuntimeException: UNAVAILABLE: io exception
2019-08-29 08:46:24,099 [grpc-default-executor-3] INFO  impl.FollowerInfo (FollowerInfo.java:lambda$new$0(50)) - ead32545-d171-4909-a11e-9b7dde0365ee->691d973f-4ee5-4b71-9c79-714a3e15e6a2: nextIndex: updateUnconditionally 0 -> 0
2019-08-29 08:46:24,596 [grpc-default-executor-7] WARN  server.GrpcLogAppender (LogUtils.java:warn(134)) - ead32545-d171-4909-a11e-9b7dde0365ee->4d8418c6-9aaf-413c-a95a-22b3e00264fc: Failed appendEntries: org.apache.ratis.thirdparty.io.grpc.StatusRuntimeException: UNAVAILABLE: io exception
2019-08-29 08:46:24,597 [grpc-default-executor-7] INFO  impl.FollowerInfo (FollowerInfo.java:lambda$new$0(50)) - ead32545-d171-4909-a11e-9b7dde0365ee->4d8418c6-9aaf-413c-a95a-22b3e00264fc: nextIndex: updateUnconditionally 0 -> 0
2019-08-29 08:46:24,599 [grpc-default-executor-4] WARN  server.GrpcLogAppender (LogUtils.java:warn(134)) - ead32545-d171-4909-a11e-9b7dde0365ee->691d973f-4ee5-4b71-9c79-714a3e15e6a2: Failed appendEntries: org.apache.ratis.thirdparty.io.grpc.StatusRuntimeException: UNAVAILABLE: io exception
2019-08-29 08:46:24,600 [grpc-default-executor-4] INFO  impl.FollowerInfo (FollowerInfo.java:lambda$new$0(50)) - ead32545-d171-4909-a11e-9b7dde0365ee->691d973f-4ee5-4b71-9c79-714a3e15e6a2: nextIndex: updateUnconditionally 0 -> 0
2019-08-29 08:46:25,097 [grpc-default-executor-4] WARN  server.GrpcLogAppender (LogUtils.java:warn(134)) - ead32545-d171-4909-a11e-9b7dde0365ee->4d8418c6-9aaf-413c-a95a-22b3e00264fc: Failed appendEntries: org.apache.ratis.thirdparty.io.grpc.StatusRuntimeException: UNAVAILABLE: io exception
2019-08-29 08:46:25,097 [grpc-default-executor-4] INFO  impl.FollowerInfo (FollowerInfo.java:lambda$new$0(50)) - ead32545-d171-4909-a11e-9b7dde0365ee->4d8418c6-9aaf-413c-a95a-22b3e00264fc: nextIndex: updateUnconditionally 0 -> 0
2019-08-29 08:46:25,099 [grpc-default-executor-7] WARN  server.GrpcLogAppender (LogUtils.java:warn(134)) - ead32545-d171-4909-a11e-9b7dde0365ee->691d973f-4ee5-4b71-9c79-714a3e15e6a2: Failed appendEntries: org.apache.ratis.thirdparty.io.grpc.StatusRuntimeException: UNAVAILABLE: io exception
2019-08-29 08:46:25,100 [grpc-default-executor-7] INFO  impl.FollowerInfo (FollowerInfo.java:lambda$new$0(50)) - ead32545-d171-4909-a11e-9b7dde0365ee->691d973f-4ee5-4b71-9c79-714a3e15e6a2: nextIndex: updateUnconditionally 0 -> 0
2019-08-29 08:46:25,206 [Thread-1715] INFO  impl.FollowerState (FollowerState.java:run(106)) - d42e1e69-47db-482b-ad03-89cca26a9b49:group-655B46E240B2 changes to CANDIDATE, lastRpcTime:1135, electionTimeout:1135ms
2019-08-29 08:46:25,206 [Thread-1715] INFO  impl.RoleInfo (RoleInfo.java:shutdownFollowerState(121)) - d42e1e69-47db-482b-ad03-89cca26a9b49: shutdown FollowerState
2019-08-29 08:46:25,206 [Thread-1715] INFO  impl.RaftServerImpl (RaftServerImpl.java:setRole(171)) - d42e1e69-47db-482b-ad03-89cca26a9b49:group-655B46E240B2 changes role from FOLLOWER to CANDIDATE at term 3 for changeToCandidate
2019-08-29 08:46:25,206 [Thread-1715] INFO  impl.RoleInfo (RoleInfo.java:updateAndGet(143)) - d42e1e69-47db-482b-ad03-89cca26a9b49: start LeaderElection
2019-08-29 08:46:25,284 [d42e1e69-47db-482b-ad03-89cca26a9b49:group-655B46E240B2:LeaderElection61] INFO  impl.LeaderElection (LeaderElection.java:askForVotes(181)) - d42e1e69-47db-482b-ad03-89cca26a9b49:group-655B46E240B2:LeaderElection61: begin an election at term 4 for 0: [b6aa82e4-5823-49f6-a34d-d75ec3f4bf0a:192.168.157.194:39858, af10c44b-16fa-4c36-b19d-5f1088e11be1:192.168.157.194:32884, d42e1e69-47db-482b-ad03-89cca26a9b49:192.168.157.194:44267], old=null
2019-08-29 08:46:25,286 [d42e1e69-47db-482b-ad03-89cca26a9b49:group-655B46E240B2:LeaderElection61] INFO  impl.LeaderElection (LogUtils.java:infoOrTrace(149)) - d42e1e69-47db-482b-ad03-89cca26a9b49:group-655B46E240B2:LeaderElection61 got exception when requesting votes: {}
java.util.concurrent.ExecutionException: org.apache.ratis.thirdparty.io.grpc.StatusRuntimeException: UNAVAILABLE: io exception
	at java.util.concurrent.FutureTask.report(FutureTask.java:122)
	at java.util.concurrent.FutureTask.get(FutureTask.java:192)
	at org.apache.ratis.server.impl.LeaderElection.waitForResults(LeaderElection.java:262)
	at org.apache.ratis.server.impl.LeaderElection.askForVotes(LeaderElection.java:200)
	at org.apache.ratis.server.impl.LeaderElection.run(LeaderElection.java:130)
	at java.lang.Thread.run(Thread.java:748)
Caused by: org.apache.ratis.thirdparty.io.grpc.StatusRuntimeException: UNAVAILABLE: io exception
	at org.apache.ratis.thirdparty.io.grpc.stub.ClientCalls.toStatusRuntimeException(ClientCalls.java:233)
	at org.apache.ratis.thirdparty.io.grpc.stub.ClientCalls.getUnchecked(ClientCalls.java:214)
	at org.apache.ratis.thirdparty.io.grpc.stub.ClientCalls.blockingUnaryCall(ClientCalls.java:139)
	at org.apache.ratis.proto.grpc.RaftServerProtocolServiceGrpc$RaftServerProtocolServiceBlockingStub.requestVote(RaftServerProtocolServiceGrpc.java:265)
	at org.apache.ratis.grpc.server.GrpcServerProtocolClient.requestVote(GrpcServerProtocolClient.java:83)
	at org.apache.ratis.grpc.server.GrpcService.requestVote(GrpcService.java:195)
	at org.apache.ratis.server.impl.LeaderElection.lambda$submitRequests$1(LeaderElection.java:237)
	at java.util.concurrent.FutureTask.run(FutureTask.java:266)
	at java.util.concurrent.Executors$RunnableAdapter.call(Executors.java:511)
	at java.util.concurrent.FutureTask.run(FutureTask.java:266)
	at java.util.concurrent.ThreadPoolExecutor.runWorker(ThreadPoolExecutor.java:1149)
	at java.util.concurrent.ThreadPoolExecutor$Worker.run(ThreadPoolExecutor.java:624)
	... 1 more
Caused by: org.apache.ratis.thirdparty.io.netty.channel.AbstractChannel$AnnotatedConnectException: Connection refused: /192.168.157.194:39858
	at sun.nio.ch.SocketChannelImpl.checkConnect(Native Method)
	at sun.nio.ch.SocketChannelImpl.finishConnect(SocketChannelImpl.java:717)
	at org.apache.ratis.thirdparty.io.netty.channel.socket.nio.NioSocketChannel.doFinishConnect(NioSocketChannel.java:327)
	at org.apache.ratis.thirdparty.io.netty.channel.nio.AbstractNioChannel$AbstractNioUnsafe.finishConnect(AbstractNioChannel.java:340)
	at org.apache.ratis.thirdparty.io.netty.channel.nio.NioEventLoop.processSelectedKey(NioEventLoop.java:632)
	at org.apache.ratis.thirdparty.io.netty.channel.nio.NioEventLoop.processSelectedKeysOptimized(NioEventLoop.java:579)
	at org.apache.ratis.thirdparty.io.netty.channel.nio.NioEventLoop.processSelectedKeys(NioEventLoop.java:496)
	at org.apache.ratis.thirdparty.io.netty.channel.nio.NioEventLoop.run(NioEventLoop.java:458)
	at org.apache.ratis.thirdparty.io.netty.util.concurrent.SingleThreadEventExecutor$5.run(SingleThreadEventExecutor.java:897)
	at org.apache.ratis.thirdparty.io.netty.util.concurrent.FastThreadLocalRunnable.run(FastThreadLocalRunnable.java:30)
	... 1 more
Caused by: java.net.ConnectException: Connection refused
	... 11 more
2019-08-29 08:46:25,288 [d42e1e69-47db-482b-ad03-89cca26a9b49:group-655B46E240B2:LeaderElection61] INFO  impl.LeaderElection (LogUtils.java:infoOrTrace(149)) - d42e1e69-47db-482b-ad03-89cca26a9b49:group-655B46E240B2:LeaderElection61 got exception when requesting votes: {}
java.util.concurrent.ExecutionException: org.apache.ratis.thirdparty.io.grpc.StatusRuntimeException: UNAVAILABLE: io exception
	at java.util.concurrent.FutureTask.report(FutureTask.java:122)
	at java.util.concurrent.FutureTask.get(FutureTask.java:192)
	at org.apache.ratis.server.impl.LeaderElection.waitForResults(LeaderElection.java:262)
	at org.apache.ratis.server.impl.LeaderElection.askForVotes(LeaderElection.java:200)
	at org.apache.ratis.server.impl.LeaderElection.run(LeaderElection.java:130)
	at java.lang.Thread.run(Thread.java:748)
Caused by: org.apache.ratis.thirdparty.io.grpc.StatusRuntimeException: UNAVAILABLE: io exception
	at org.apache.ratis.thirdparty.io.grpc.stub.ClientCalls.toStatusRuntimeException(ClientCalls.java:233)
	at org.apache.ratis.thirdparty.io.grpc.stub.ClientCalls.getUnchecked(ClientCalls.java:214)
	at org.apache.ratis.thirdparty.io.grpc.stub.ClientCalls.blockingUnaryCall(ClientCalls.java:139)
	at org.apache.ratis.proto.grpc.RaftServerProtocolServiceGrpc$RaftServerProtocolServiceBlockingStub.requestVote(RaftServerProtocolServiceGrpc.java:265)
	at org.apache.ratis.grpc.server.GrpcServerProtocolClient.requestVote(GrpcServerProtocolClient.java:83)
	at org.apache.ratis.grpc.server.GrpcService.requestVote(GrpcService.java:195)
	at org.apache.ratis.server.impl.LeaderElection.lambda$submitRequests$1(LeaderElection.java:237)
	at java.util.concurrent.FutureTask.run(FutureTask.java:266)
	at java.util.concurrent.Executors$RunnableAdapter.call(Executors.java:511)
	at java.util.concurrent.FutureTask.run(FutureTask.java:266)
	at java.util.concurrent.ThreadPoolExecutor.runWorker(ThreadPoolExecutor.java:1149)
	at java.util.concurrent.ThreadPoolExecutor$Worker.run(ThreadPoolExecutor.java:624)
	... 1 more
Caused by: org.apache.ratis.thirdparty.io.netty.channel.AbstractChannel$AnnotatedConnectException: Connection refused: /192.168.157.194:32884
	at sun.nio.ch.SocketChannelImpl.checkConnect(Native Method)
	at sun.nio.ch.SocketChannelImpl.finishConnect(SocketChannelImpl.java:717)
	at org.apache.ratis.thirdparty.io.netty.channel.socket.nio.NioSocketChannel.doFinishConnect(NioSocketChannel.java:327)
	at org.apache.ratis.thirdparty.io.netty.channel.nio.AbstractNioChannel$AbstractNioUnsafe.finishConnect(AbstractNioChannel.java:340)
	at org.apache.ratis.thirdparty.io.netty.channel.nio.NioEventLoop.processSelectedKey(NioEventLoop.java:632)
	at org.apache.ratis.thirdparty.io.netty.channel.nio.NioEventLoop.processSelectedKeysOptimized(NioEventLoop.java:579)
	at org.apache.ratis.thirdparty.io.netty.channel.nio.NioEventLoop.processSelectedKeys(NioEventLoop.java:496)
	at org.apache.ratis.thirdparty.io.netty.channel.nio.NioEventLoop.run(NioEventLoop.java:458)
	at org.apache.ratis.thirdparty.io.netty.util.concurrent.SingleThreadEventExecutor$5.run(SingleThreadEventExecutor.java:897)
	at org.apache.ratis.thirdparty.io.netty.util.concurrent.FastThreadLocalRunnable.run(FastThreadLocalRunnable.java:30)
	... 1 more
Caused by: java.net.ConnectException: Connection refused
	... 11 more
2019-08-29 08:46:25,289 [d42e1e69-47db-482b-ad03-89cca26a9b49:group-655B46E240B2:LeaderElection61] INFO  impl.LeaderElection (LeaderElection.java:logAndReturn(56)) - d42e1e69-47db-482b-ad03-89cca26a9b49:group-655B46E240B2:LeaderElection61: Election REJECTED; received 0 response(s) [] and 2 exception(s); d42e1e69-47db-482b-ad03-89cca26a9b49:t4, leader=null, voted=d42e1e69-47db-482b-ad03-89cca26a9b49, raftlog=d42e1e69-47db-482b-ad03-89cca26a9b49-SegmentedRaftLog:OPENED:c0,f0,i0, conf=0: [b6aa82e4-5823-49f6-a34d-d75ec3f4bf0a:192.168.157.194:39858, af10c44b-16fa-4c36-b19d-5f1088e11be1:192.168.157.194:32884, d42e1e69-47db-482b-ad03-89cca26a9b49:192.168.157.194:44267], old=null
2019-08-29 08:46:25,289 [d42e1e69-47db-482b-ad03-89cca26a9b49:group-655B46E240B2:LeaderElection61] INFO  impl.LeaderElection (LogUtils.java:infoOrTrace(149)) -   Exception 0: {}
java.util.concurrent.ExecutionException: org.apache.ratis.thirdparty.io.grpc.StatusRuntimeException: UNAVAILABLE: io exception
	at java.util.concurrent.FutureTask.report(FutureTask.java:122)
	at java.util.concurrent.FutureTask.get(FutureTask.java:192)
	at org.apache.ratis.server.impl.LeaderElection.waitForResults(LeaderElection.java:262)
	at org.apache.ratis.server.impl.LeaderElection.askForVotes(LeaderElection.java:200)
	at org.apache.ratis.server.impl.LeaderElection.run(LeaderElection.java:130)
	at java.lang.Thread.run(Thread.java:748)
Caused by: org.apache.ratis.thirdparty.io.grpc.StatusRuntimeException: UNAVAILABLE: io exception
	at org.apache.ratis.thirdparty.io.grpc.stub.ClientCalls.toStatusRuntimeException(ClientCalls.java:233)
	at org.apache.ratis.thirdparty.io.grpc.stub.ClientCalls.getUnchecked(ClientCalls.java:214)
	at org.apache.ratis.thirdparty.io.grpc.stub.ClientCalls.blockingUnaryCall(ClientCalls.java:139)
	at org.apache.ratis.proto.grpc.RaftServerProtocolServiceGrpc$RaftServerProtocolServiceBlockingStub.requestVote(RaftServerProtocolServiceGrpc.java:265)
	at org.apache.ratis.grpc.server.GrpcServerProtocolClient.requestVote(GrpcServerProtocolClient.java:83)
	at org.apache.ratis.grpc.server.GrpcService.requestVote(GrpcService.java:195)
	at org.apache.ratis.server.impl.LeaderElection.lambda$submitRequests$1(LeaderElection.java:237)
	at java.util.concurrent.FutureTask.run(FutureTask.java:266)
	at java.util.concurrent.Executors$RunnableAdapter.call(Executors.java:511)
	at java.util.concurrent.FutureTask.run(FutureTask.java:266)
	at java.util.concurrent.ThreadPoolExecutor.runWorker(ThreadPoolExecutor.java:1149)
	at java.util.concurrent.ThreadPoolExecutor$Worker.run(ThreadPoolExecutor.java:624)
	... 1 more
Caused by: org.apache.ratis.thirdparty.io.netty.channel.AbstractChannel$AnnotatedConnectException: Connection refused: /192.168.157.194:39858
	at sun.nio.ch.SocketChannelImpl.checkConnect(Native Method)
	at sun.nio.ch.SocketChannelImpl.finishConnect(SocketChannelImpl.java:717)
	at org.apache.ratis.thirdparty.io.netty.channel.socket.nio.NioSocketChannel.doFinishConnect(NioSocketChannel.java:327)
	at org.apache.ratis.thirdparty.io.netty.channel.nio.AbstractNioChannel$AbstractNioUnsafe.finishConnect(AbstractNioChannel.java:340)
	at org.apache.ratis.thirdparty.io.netty.channel.nio.NioEventLoop.processSelectedKey(NioEventLoop.java:632)
	at org.apache.ratis.thirdparty.io.netty.channel.nio.NioEventLoop.processSelectedKeysOptimized(NioEventLoop.java:579)
	at org.apache.ratis.thirdparty.io.netty.channel.nio.NioEventLoop.processSelectedKeys(NioEventLoop.java:496)
	at org.apache.ratis.thirdparty.io.netty.channel.nio.NioEventLoop.run(NioEventLoop.java:458)
	at org.apache.ratis.thirdparty.io.netty.util.concurrent.SingleThreadEventExecutor$5.run(SingleThreadEventExecutor.java:897)
	at org.apache.ratis.thirdparty.io.netty.util.concurrent.FastThreadLocalRunnable.run(FastThreadLocalRunnable.java:30)
	... 1 more
Caused by: java.net.ConnectException: Connection refused
	... 11 more
2019-08-29 08:46:25,290 [d42e1e69-47db-482b-ad03-89cca26a9b49:group-655B46E240B2:LeaderElection61] INFO  impl.LeaderElection (LogUtils.java:infoOrTrace(149)) -   Exception 1: {}
java.util.concurrent.ExecutionException: org.apache.ratis.thirdparty.io.grpc.StatusRuntimeException: UNAVAILABLE: io exception
	at java.util.concurrent.FutureTask.report(FutureTask.java:122)
	at java.util.concurrent.FutureTask.get(FutureTask.java:192)
	at org.apache.ratis.server.impl.LeaderElection.waitForResults(LeaderElection.java:262)
	at org.apache.ratis.server.impl.LeaderElection.askForVotes(LeaderElection.java:200)
	at org.apache.ratis.server.impl.LeaderElection.run(LeaderElection.java:130)
	at java.lang.Thread.run(Thread.java:748)
Caused by: org.apache.ratis.thirdparty.io.grpc.StatusRuntimeException: UNAVAILABLE: io exception
	at org.apache.ratis.thirdparty.io.grpc.stub.ClientCalls.toStatusRuntimeException(ClientCalls.java:233)
	at org.apache.ratis.thirdparty.io.grpc.stub.ClientCalls.getUnchecked(ClientCalls.java:214)
	at org.apache.ratis.thirdparty.io.grpc.stub.ClientCalls.blockingUnaryCall(ClientCalls.java:139)
	at org.apache.ratis.proto.grpc.RaftServerProtocolServiceGrpc$RaftServerProtocolServiceBlockingStub.requestVote(RaftServerProtocolServiceGrpc.java:265)
	at org.apache.ratis.grpc.server.GrpcServerProtocolClient.requestVote(GrpcServerProtocolClient.java:83)
	at org.apache.ratis.grpc.server.GrpcService.requestVote(GrpcService.java:195)
	at org.apache.ratis.server.impl.LeaderElection.lambda$submitRequests$1(LeaderElection.java:237)
	at java.util.concurrent.FutureTask.run(FutureTask.java:266)
	at java.util.concurrent.Executors$RunnableAdapter.call(Executors.java:511)
	at java.util.concurrent.FutureTask.run(FutureTask.java:266)
	at java.util.concurrent.ThreadPoolExecutor.runWorker(ThreadPoolExecutor.java:1149)
	at java.util.concurrent.ThreadPoolExecutor$Worker.run(ThreadPoolExecutor.java:624)
	... 1 more
Caused by: org.apache.ratis.thirdparty.io.netty.channel.AbstractChannel$AnnotatedConnectException: Connection refused: /192.168.157.194:32884
	at sun.nio.ch.SocketChannelImpl.checkConnect(Native Method)
	at sun.nio.ch.SocketChannelImpl.finishConnect(SocketChannelImpl.java:717)
	at org.apache.ratis.thirdparty.io.netty.channel.socket.nio.NioSocketChannel.doFinishConnect(NioSocketChannel.java:327)
	at org.apache.ratis.thirdparty.io.netty.channel.nio.AbstractNioChannel$AbstractNioUnsafe.finishConnect(AbstractNioChannel.java:340)
	at org.apache.ratis.thirdparty.io.netty.channel.nio.NioEventLoop.processSelectedKey(NioEventLoop.java:632)
	at org.apache.ratis.thirdparty.io.netty.channel.nio.NioEventLoop.processSelectedKeysOptimized(NioEventLoop.java:579)
	at org.apache.ratis.thirdparty.io.netty.channel.nio.NioEventLoop.processSelectedKeys(NioEventLoop.java:496)
	at org.apache.ratis.thirdparty.io.netty.channel.nio.NioEventLoop.run(NioEventLoop.java:458)
	at org.apache.ratis.thirdparty.io.netty.util.concurrent.SingleThreadEventExecutor$5.run(SingleThreadEventExecutor.java:897)
	at org.apache.ratis.thirdparty.io.netty.util.concurrent.FastThreadLocalRunnable.run(FastThreadLocalRunnable.java:30)
	... 1 more
Caused by: java.net.ConnectException: Connection refused
	... 11 more
2019-08-29 08:46:25,290 [d42e1e69-47db-482b-ad03-89cca26a9b49:group-655B46E240B2:LeaderElection61] INFO  impl.RaftServerImpl (RaftServerImpl.java:setRole(171)) - d42e1e69-47db-482b-ad03-89cca26a9b49:group-655B46E240B2 changes role from CANDIDATE to FOLLOWER at term 4 for DISCOVERED_A_NEW_TERM
2019-08-29 08:46:25,290 [d42e1e69-47db-482b-ad03-89cca26a9b49:group-655B46E240B2:LeaderElection61] INFO  impl.RoleInfo (RoleInfo.java:shutdownLeaderElection(134)) - d42e1e69-47db-482b-ad03-89cca26a9b49: shutdown LeaderElection
2019-08-29 08:46:25,290 [d42e1e69-47db-482b-ad03-89cca26a9b49:group-655B46E240B2:LeaderElection61] INFO  impl.RoleInfo (RoleInfo.java:updateAndGet(143)) - d42e1e69-47db-482b-ad03-89cca26a9b49: start FollowerState
2019-08-29 08:46:25,598 [grpc-default-executor-7] WARN  server.GrpcLogAppender (LogUtils.java:warn(134)) - ead32545-d171-4909-a11e-9b7dde0365ee->4d8418c6-9aaf-413c-a95a-22b3e00264fc: Failed appendEntries: org.apache.ratis.thirdparty.io.grpc.StatusRuntimeException: UNAVAILABLE: io exception
2019-08-29 08:46:25,598 [grpc-default-executor-7] INFO  impl.FollowerInfo (FollowerInfo.java:lambda$new$0(50)) - ead32545-d171-4909-a11e-9b7dde0365ee->4d8418c6-9aaf-413c-a95a-22b3e00264fc: nextIndex: updateUnconditionally 0 -> 0
2019-08-29 08:46:25,600 [grpc-default-executor-4] WARN  server.GrpcLogAppender (LogUtils.java:warn(134)) - ead32545-d171-4909-a11e-9b7dde0365ee->691d973f-4ee5-4b71-9c79-714a3e15e6a2: Failed appendEntries: org.apache.ratis.thirdparty.io.grpc.StatusRuntimeException: UNAVAILABLE: io exception
2019-08-29 08:46:25,600 [grpc-default-executor-4] INFO  impl.FollowerInfo (FollowerInfo.java:lambda$new$0(50)) - ead32545-d171-4909-a11e-9b7dde0365ee->691d973f-4ee5-4b71-9c79-714a3e15e6a2: nextIndex: updateUnconditionally 0 -> 0
2019-08-29 08:46:26,099 [grpc-default-executor-4] WARN  server.GrpcLogAppender (LogUtils.java:warn(134)) - ead32545-d171-4909-a11e-9b7dde0365ee->4d8418c6-9aaf-413c-a95a-22b3e00264fc: Failed appendEntries: org.apache.ratis.thirdparty.io.grpc.StatusRuntimeException: UNAVAILABLE: io exception
2019-08-29 08:46:26,099 [grpc-default-executor-4] INFO  impl.FollowerInfo (FollowerInfo.java:lambda$new$0(50)) - ead32545-d171-4909-a11e-9b7dde0365ee->4d8418c6-9aaf-413c-a95a-22b3e00264fc: nextIndex: updateUnconditionally 0 -> 0
2019-08-29 08:46:26,101 [grpc-default-executor-3] WARN  server.GrpcLogAppender (LogUtils.java:warn(134)) - ead32545-d171-4909-a11e-9b7dde0365ee->691d973f-4ee5-4b71-9c79-714a3e15e6a2: Failed appendEntries: org.apache.ratis.thirdparty.io.grpc.StatusRuntimeException: UNAVAILABLE: io exception
2019-08-29 08:46:26,101 [grpc-default-executor-3] INFO  impl.FollowerInfo (FollowerInfo.java:lambda$new$0(50)) - ead32545-d171-4909-a11e-9b7dde0365ee->691d973f-4ee5-4b71-9c79-714a3e15e6a2: nextIndex: updateUnconditionally 0 -> 0
2019-08-29 08:46:26,408 [Thread-1719] INFO  impl.FollowerState (FollowerState.java:run(106)) - d42e1e69-47db-482b-ad03-89cca26a9b49:group-655B46E240B2 changes to CANDIDATE, lastRpcTime:1117, electionTimeout:1117ms
2019-08-29 08:46:26,408 [Thread-1719] INFO  impl.RoleInfo (RoleInfo.java:shutdownFollowerState(121)) - d42e1e69-47db-482b-ad03-89cca26a9b49: shutdown FollowerState
2019-08-29 08:46:26,408 [Thread-1719] INFO  impl.RaftServerImpl (RaftServerImpl.java:setRole(171)) - d42e1e69-47db-482b-ad03-89cca26a9b49:group-655B46E240B2 changes role from FOLLOWER to CANDIDATE at term 4 for changeToCandidate
2019-08-29 08:46:26,409 [Thread-1719] INFO  impl.RoleInfo (RoleInfo.java:updateAndGet(143)) - d42e1e69-47db-482b-ad03-89cca26a9b49: start LeaderElection
2019-08-29 08:46:26,504 [d42e1e69-47db-482b-ad03-89cca26a9b49:group-655B46E240B2:LeaderElection62] INFO  impl.LeaderElection (LeaderElection.java:askForVotes(181)) - d42e1e69-47db-482b-ad03-89cca26a9b49:group-655B46E240B2:LeaderElection62: begin an election at term 5 for 0: [b6aa82e4-5823-49f6-a34d-d75ec3f4bf0a:192.168.157.194:39858, af10c44b-16fa-4c36-b19d-5f1088e11be1:192.168.157.194:32884, d42e1e69-47db-482b-ad03-89cca26a9b49:192.168.157.194:44267], old=null
2019-08-29 08:46:26,505 [d42e1e69-47db-482b-ad03-89cca26a9b49:group-655B46E240B2:LeaderElection62] INFO  impl.LeaderElection (LogUtils.java:infoOrTrace(149)) - d42e1e69-47db-482b-ad03-89cca26a9b49:group-655B46E240B2:LeaderElection62 got exception when requesting votes: {}
java.util.concurrent.ExecutionException: org.apache.ratis.thirdparty.io.grpc.StatusRuntimeException: UNAVAILABLE: io exception
	at java.util.concurrent.FutureTask.report(FutureTask.java:122)
	at java.util.concurrent.FutureTask.get(FutureTask.java:192)
	at org.apache.ratis.server.impl.LeaderElection.waitForResults(LeaderElection.java:262)
	at org.apache.ratis.server.impl.LeaderElection.askForVotes(LeaderElection.java:200)
	at org.apache.ratis.server.impl.LeaderElection.run(LeaderElection.java:130)
	at java.lang.Thread.run(Thread.java:748)
Caused by: org.apache.ratis.thirdparty.io.grpc.StatusRuntimeException: UNAVAILABLE: io exception
	at org.apache.ratis.thirdparty.io.grpc.stub.ClientCalls.toStatusRuntimeException(ClientCalls.java:233)
	at org.apache.ratis.thirdparty.io.grpc.stub.ClientCalls.getUnchecked(ClientCalls.java:214)
	at org.apache.ratis.thirdparty.io.grpc.stub.ClientCalls.blockingUnaryCall(ClientCalls.java:139)
	at org.apache.ratis.proto.grpc.RaftServerProtocolServiceGrpc$RaftServerProtocolServiceBlockingStub.requestVote(RaftServerProtocolServiceGrpc.java:265)
	at org.apache.ratis.grpc.server.GrpcServerProtocolClient.requestVote(GrpcServerProtocolClient.java:83)
	at org.apache.ratis.grpc.server.GrpcService.requestVote(GrpcService.java:195)
	at org.apache.ratis.server.impl.LeaderElection.lambda$submitRequests$1(LeaderElection.java:237)
	at java.util.concurrent.FutureTask.run(FutureTask.java:266)
	at java.util.concurrent.Executors$RunnableAdapter.call(Executors.java:511)
	at java.util.concurrent.FutureTask.run(FutureTask.java:266)
	at java.util.concurrent.ThreadPoolExecutor.runWorker(ThreadPoolExecutor.java:1149)
	at java.util.concurrent.ThreadPoolExecutor$Worker.run(ThreadPoolExecutor.java:624)
	... 1 more
Caused by: org.apache.ratis.thirdparty.io.netty.channel.AbstractChannel$AnnotatedConnectException: Connection refused: /192.168.157.194:32884
	at sun.nio.ch.SocketChannelImpl.checkConnect(Native Method)
	at sun.nio.ch.SocketChannelImpl.finishConnect(SocketChannelImpl.java:717)
	at org.apache.ratis.thirdparty.io.netty.channel.socket.nio.NioSocketChannel.doFinishConnect(NioSocketChannel.java:327)
	at org.apache.ratis.thirdparty.io.netty.channel.nio.AbstractNioChannel$AbstractNioUnsafe.finishConnect(AbstractNioChannel.java:340)
	at org.apache.ratis.thirdparty.io.netty.channel.nio.NioEventLoop.processSelectedKey(NioEventLoop.java:632)
	at org.apache.ratis.thirdparty.io.netty.channel.nio.NioEventLoop.processSelectedKeysOptimized(NioEventLoop.java:579)
	at org.apache.ratis.thirdparty.io.netty.channel.nio.NioEventLoop.processSelectedKeys(NioEventLoop.java:496)
	at org.apache.ratis.thirdparty.io.netty.channel.nio.NioEventLoop.run(NioEventLoop.java:458)
	at org.apache.ratis.thirdparty.io.netty.util.concurrent.SingleThreadEventExecutor$5.run(SingleThreadEventExecutor.java:897)
	at org.apache.ratis.thirdparty.io.netty.util.concurrent.FastThreadLocalRunnable.run(FastThreadLocalRunnable.java:30)
	... 1 more
Caused by: java.net.ConnectException: Connection refused
	... 11 more
2019-08-29 08:46:26,508 [d42e1e69-47db-482b-ad03-89cca26a9b49:group-655B46E240B2:LeaderElection62] INFO  impl.LeaderElection (LogUtils.java:infoOrTrace(149)) - d42e1e69-47db-482b-ad03-89cca26a9b49:group-655B46E240B2:LeaderElection62 got exception when requesting votes: {}
java.util.concurrent.ExecutionException: org.apache.ratis.thirdparty.io.grpc.StatusRuntimeException: UNAVAILABLE: io exception
	at java.util.concurrent.FutureTask.report(FutureTask.java:122)
	at java.util.concurrent.FutureTask.get(FutureTask.java:192)
	at org.apache.ratis.server.impl.LeaderElection.waitForResults(LeaderElection.java:262)
	at org.apache.ratis.server.impl.LeaderElection.askForVotes(LeaderElection.java:200)
	at org.apache.ratis.server.impl.LeaderElection.run(LeaderElection.java:130)
	at java.lang.Thread.run(Thread.java:748)
Caused by: org.apache.ratis.thirdparty.io.grpc.StatusRuntimeException: UNAVAILABLE: io exception
	at org.apache.ratis.thirdparty.io.grpc.stub.ClientCalls.toStatusRuntimeException(ClientCalls.java:233)
	at org.apache.ratis.thirdparty.io.grpc.stub.ClientCalls.getUnchecked(ClientCalls.java:214)
	at org.apache.ratis.thirdparty.io.grpc.stub.ClientCalls.blockingUnaryCall(ClientCalls.java:139)
	at org.apache.ratis.proto.grpc.RaftServerProtocolServiceGrpc$RaftServerProtocolServiceBlockingStub.requestVote(RaftServerProtocolServiceGrpc.java:265)
	at org.apache.ratis.grpc.server.GrpcServerProtocolClient.requestVote(GrpcServerProtocolClient.java:83)
	at org.apache.ratis.grpc.server.GrpcService.requestVote(GrpcService.java:195)
	at org.apache.ratis.server.impl.LeaderElection.lambda$submitRequests$1(LeaderElection.java:237)
	at java.util.concurrent.FutureTask.run(FutureTask.java:266)
	at java.util.concurrent.Executors$RunnableAdapter.call(Executors.java:511)
	at java.util.concurrent.FutureTask.run(FutureTask.java:266)
	at java.util.concurrent.ThreadPoolExecutor.runWorker(ThreadPoolExecutor.java:1149)
	at java.util.concurrent.ThreadPoolExecutor$Worker.run(ThreadPoolExecutor.java:624)
	... 1 more
Caused by: org.apache.ratis.thirdparty.io.netty.channel.AbstractChannel$AnnotatedConnectException: Connection refused: /192.168.157.194:39858
	at sun.nio.ch.SocketChannelImpl.checkConnect(Native Method)
	at sun.nio.ch.SocketChannelImpl.finishConnect(SocketChannelImpl.java:717)
	at org.apache.ratis.thirdparty.io.netty.channel.socket.nio.NioSocketChannel.doFinishConnect(NioSocketChannel.java:327)
	at org.apache.ratis.thirdparty.io.netty.channel.nio.AbstractNioChannel$AbstractNioUnsafe.finishConnect(AbstractNioChannel.java:340)
	at org.apache.ratis.thirdparty.io.netty.channel.nio.NioEventLoop.processSelectedKey(NioEventLoop.java:632)
	at org.apache.ratis.thirdparty.io.netty.channel.nio.NioEventLoop.processSelectedKeysOptimized(NioEventLoop.java:579)
	at org.apache.ratis.thirdparty.io.netty.channel.nio.NioEventLoop.processSelectedKeys(NioEventLoop.java:496)
	at org.apache.ratis.thirdparty.io.netty.channel.nio.NioEventLoop.run(NioEventLoop.java:458)
	at org.apache.ratis.thirdparty.io.netty.util.concurrent.SingleThreadEventExecutor$5.run(SingleThreadEventExecutor.java:897)
	at org.apache.ratis.thirdparty.io.netty.util.concurrent.FastThreadLocalRunnable.run(FastThreadLocalRunnable.java:30)
	... 1 more
Caused by: java.net.ConnectException: Connection refused
	... 11 more
2019-08-29 08:46:26,509 [d42e1e69-47db-482b-ad03-89cca26a9b49:group-655B46E240B2:LeaderElection62] INFO  impl.LeaderElection (LeaderElection.java:logAndReturn(56)) - d42e1e69-47db-482b-ad03-89cca26a9b49:group-655B46E240B2:LeaderElection62: Election REJECTED; received 0 response(s) [] and 2 exception(s); d42e1e69-47db-482b-ad03-89cca26a9b49:t5, leader=null, voted=d42e1e69-47db-482b-ad03-89cca26a9b49, raftlog=d42e1e69-47db-482b-ad03-89cca26a9b49-SegmentedRaftLog:OPENED:c0,f0,i0, conf=0: [b6aa82e4-5823-49f6-a34d-d75ec3f4bf0a:192.168.157.194:39858, af10c44b-16fa-4c36-b19d-5f1088e11be1:192.168.157.194:32884, d42e1e69-47db-482b-ad03-89cca26a9b49:192.168.157.194:44267], old=null
2019-08-29 08:46:26,509 [d42e1e69-47db-482b-ad03-89cca26a9b49:group-655B46E240B2:LeaderElection62] INFO  impl.LeaderElection (LogUtils.java:infoOrTrace(149)) -   Exception 0: {}
java.util.concurrent.ExecutionException: org.apache.ratis.thirdparty.io.grpc.StatusRuntimeException: UNAVAILABLE: io exception
	at java.util.concurrent.FutureTask.report(FutureTask.java:122)
	at java.util.concurrent.FutureTask.get(FutureTask.java:192)
	at org.apache.ratis.server.impl.LeaderElection.waitForResults(LeaderElection.java:262)
	at org.apache.ratis.server.impl.LeaderElection.askForVotes(LeaderElection.java:200)
	at org.apache.ratis.server.impl.LeaderElection.run(LeaderElection.java:130)
	at java.lang.Thread.run(Thread.java:748)
Caused by: org.apache.ratis.thirdparty.io.grpc.StatusRuntimeException: UNAVAILABLE: io exception
	at org.apache.ratis.thirdparty.io.grpc.stub.ClientCalls.toStatusRuntimeException(ClientCalls.java:233)
	at org.apache.ratis.thirdparty.io.grpc.stub.ClientCalls.getUnchecked(ClientCalls.java:214)
	at org.apache.ratis.thirdparty.io.grpc.stub.ClientCalls.blockingUnaryCall(ClientCalls.java:139)
	at org.apache.ratis.proto.grpc.RaftServerProtocolServiceGrpc$RaftServerProtocolServiceBlockingStub.requestVote(RaftServerProtocolServiceGrpc.java:265)
	at org.apache.ratis.grpc.server.GrpcServerProtocolClient.requestVote(GrpcServerProtocolClient.java:83)
	at org.apache.ratis.grpc.server.GrpcService.requestVote(GrpcService.java:195)
	at org.apache.ratis.server.impl.LeaderElection.lambda$submitRequests$1(LeaderElection.java:237)
	at java.util.concurrent.FutureTask.run(FutureTask.java:266)
	at java.util.concurrent.Executors$RunnableAdapter.call(Executors.java:511)
	at java.util.concurrent.FutureTask.run(FutureTask.java:266)
	at java.util.concurrent.ThreadPoolExecutor.runWorker(ThreadPoolExecutor.java:1149)
	at java.util.concurrent.ThreadPoolExecutor$Worker.run(ThreadPoolExecutor.java:624)
	... 1 more
Caused by: org.apache.ratis.thirdparty.io.netty.channel.AbstractChannel$AnnotatedConnectException: Connection refused: /192.168.157.194:32884
	at sun.nio.ch.SocketChannelImpl.checkConnect(Native Method)
	at sun.nio.ch.SocketChannelImpl.finishConnect(SocketChannelImpl.java:717)
	at org.apache.ratis.thirdparty.io.netty.channel.socket.nio.NioSocketChannel.doFinishConnect(NioSocketChannel.java:327)
	at org.apache.ratis.thirdparty.io.netty.channel.nio.AbstractNioChannel$AbstractNioUnsafe.finishConnect(AbstractNioChannel.java:340)
	at org.apache.ratis.thirdparty.io.netty.channel.nio.NioEventLoop.processSelectedKey(NioEventLoop.java:632)
	at org.apache.ratis.thirdparty.io.netty.channel.nio.NioEventLoop.processSelectedKeysOptimized(NioEventLoop.java:579)
	at org.apache.ratis.thirdparty.io.netty.channel.nio.NioEventLoop.processSelectedKeys(NioEventLoop.java:496)
	at org.apache.ratis.thirdparty.io.netty.channel.nio.NioEventLoop.run(NioEventLoop.java:458)
	at org.apache.ratis.thirdparty.io.netty.util.concurrent.SingleThreadEventExecutor$5.run(SingleThreadEventExecutor.java:897)
	at org.apache.ratis.thirdparty.io.netty.util.concurrent.FastThreadLocalRunnable.run(FastThreadLocalRunnable.java:30)
	... 1 more
Caused by: java.net.ConnectException: Connection refused
	... 11 more
2019-08-29 08:46:26,510 [d42e1e69-47db-482b-ad03-89cca26a9b49:group-655B46E240B2:LeaderElection62] INFO  impl.LeaderElection (LogUtils.java:infoOrTrace(149)) -   Exception 1: {}
java.util.concurrent.ExecutionException: org.apache.ratis.thirdparty.io.grpc.StatusRuntimeException: UNAVAILABLE: io exception
	at java.util.concurrent.FutureTask.report(FutureTask.java:122)
	at java.util.concurrent.FutureTask.get(FutureTask.java:192)
	at org.apache.ratis.server.impl.LeaderElection.waitForResults(LeaderElection.java:262)
	at org.apache.ratis.server.impl.LeaderElection.askForVotes(LeaderElection.java:200)
	at org.apache.ratis.server.impl.LeaderElection.run(LeaderElection.java:130)
	at java.lang.Thread.run(Thread.java:748)
Caused by: org.apache.ratis.thirdparty.io.grpc.StatusRuntimeException: UNAVAILABLE: io exception
	at org.apache.ratis.thirdparty.io.grpc.stub.ClientCalls.toStatusRuntimeException(ClientCalls.java:233)
	at org.apache.ratis.thirdparty.io.grpc.stub.ClientCalls.getUnchecked(ClientCalls.java:214)
	at org.apache.ratis.thirdparty.io.grpc.stub.ClientCalls.blockingUnaryCall(ClientCalls.java:139)
	at org.apache.ratis.proto.grpc.RaftServerProtocolServiceGrpc$RaftServerProtocolServiceBlockingStub.requestVote(RaftServerProtocolServiceGrpc.java:265)
	at org.apache.ratis.grpc.server.GrpcServerProtocolClient.requestVote(GrpcServerProtocolClient.java:83)
	at org.apache.ratis.grpc.server.GrpcService.requestVote(GrpcService.java:195)
	at org.apache.ratis.server.impl.LeaderElection.lambda$submitRequests$1(LeaderElection.java:237)
	at java.util.concurrent.FutureTask.run(FutureTask.java:266)
	at java.util.concurrent.Executors$RunnableAdapter.call(Executors.java:511)
	at java.util.concurrent.FutureTask.run(FutureTask.java:266)
	at java.util.concurrent.ThreadPoolExecutor.runWorker(ThreadPoolExecutor.java:1149)
	at java.util.concurrent.ThreadPoolExecutor$Worker.run(ThreadPoolExecutor.java:624)
	... 1 more
Caused by: org.apache.ratis.thirdparty.io.netty.channel.AbstractChannel$AnnotatedConnectException: Connection refused: /192.168.157.194:39858
	at sun.nio.ch.SocketChannelImpl.checkConnect(Native Method)
	at sun.nio.ch.SocketChannelImpl.finishConnect(SocketChannelImpl.java:717)
	at org.apache.ratis.thirdparty.io.netty.channel.socket.nio.NioSocketChannel.doFinishConnect(NioSocketChannel.java:327)
	at org.apache.ratis.thirdparty.io.netty.channel.nio.AbstractNioChannel$AbstractNioUnsafe.finishConnect(AbstractNioChannel.java:340)
	at org.apache.ratis.thirdparty.io.netty.channel.nio.NioEventLoop.processSelectedKey(NioEventLoop.java:632)
	at org.apache.ratis.thirdparty.io.netty.channel.nio.NioEventLoop.processSelectedKeysOptimized(NioEventLoop.java:579)
	at org.apache.ratis.thirdparty.io.netty.channel.nio.NioEventLoop.processSelectedKeys(NioEventLoop.java:496)
	at org.apache.ratis.thirdparty.io.netty.channel.nio.NioEventLoop.run(NioEventLoop.java:458)
	at org.apache.ratis.thirdparty.io.netty.util.concurrent.SingleThreadEventExecutor$5.run(SingleThreadEventExecutor.java:897)
	at org.apache.ratis.thirdparty.io.netty.util.concurrent.FastThreadLocalRunnable.run(FastThreadLocalRunnable.java:30)
	... 1 more
Caused by: java.net.ConnectException: Connection refused
	... 11 more
2019-08-29 08:46:26,510 [d42e1e69-47db-482b-ad03-89cca26a9b49:group-655B46E240B2:LeaderElection62] INFO  impl.RaftServerImpl (RaftServerImpl.java:setRole(171)) - d42e1e69-47db-482b-ad03-89cca26a9b49:group-655B46E240B2 changes role from CANDIDATE to FOLLOWER at term 5 for DISCOVERED_A_NEW_TERM
2019-08-29 08:46:26,510 [d42e1e69-47db-482b-ad03-89cca26a9b49:group-655B46E240B2:LeaderElection62] INFO  impl.RoleInfo (RoleInfo.java:shutdownLeaderElection(134)) - d42e1e69-47db-482b-ad03-89cca26a9b49: shutdown LeaderElection
2019-08-29 08:46:26,511 [d42e1e69-47db-482b-ad03-89cca26a9b49:group-655B46E240B2:LeaderElection62] INFO  impl.RoleInfo (RoleInfo.java:updateAndGet(143)) - d42e1e69-47db-482b-ad03-89cca26a9b49: start FollowerState
2019-08-29 08:46:26,599 [grpc-default-executor-3] WARN  server.GrpcLogAppender (LogUtils.java:warn(134)) - ead32545-d171-4909-a11e-9b7dde0365ee->4d8418c6-9aaf-413c-a95a-22b3e00264fc: Failed appendEntries: org.apache.ratis.thirdparty.io.grpc.StatusRuntimeException: UNAVAILABLE: io exception
2019-08-29 08:46:26,600 [grpc-default-executor-3] INFO  impl.FollowerInfo (FollowerInfo.java:lambda$new$0(50)) - ead32545-d171-4909-a11e-9b7dde0365ee->4d8418c6-9aaf-413c-a95a-22b3e00264fc: nextIndex: updateUnconditionally 0 -> 0
2019-08-29 08:46:26,601 [grpc-default-executor-4] WARN  server.GrpcLogAppender (LogUtils.java:warn(134)) - ead32545-d171-4909-a11e-9b7dde0365ee->691d973f-4ee5-4b71-9c79-714a3e15e6a2: Failed appendEntries: org.apache.ratis.thirdparty.io.grpc.StatusRuntimeException: UNAVAILABLE: io exception
2019-08-29 08:46:26,601 [grpc-default-executor-4] INFO  impl.FollowerInfo (FollowerInfo.java:lambda$new$0(50)) - ead32545-d171-4909-a11e-9b7dde0365ee->691d973f-4ee5-4b71-9c79-714a3e15e6a2: nextIndex: updateUnconditionally 0 -> 0
2019-08-29 08:46:27,094 [main] INFO  ozoneimpl.OzoneContainer (OzoneContainer.java:stop(215)) - Attempting to stop container services.
2019-08-29 08:46:27,095 [main] INFO  impl.RaftServerProxy (RaftServerProxy.java:lambda$close$4(314)) - ead32545-d171-4909-a11e-9b7dde0365ee: close
2019-08-29 08:46:27,095 [main] INFO  impl.RaftServerImpl (RaftServerImpl.java:lambda$shutdown$3(245)) - ead32545-d171-4909-a11e-9b7dde0365ee: shutdown group-144D18612C90
2019-08-29 08:46:27,096 [main] INFO  util.JmxRegister (JmxRegister.java:unregister(73)) - Successfully un-registered JMX Bean with object name Ratis:service=RaftServer,group=group-144D18612C90,id=ead32545-d171-4909-a11e-9b7dde0365ee
2019-08-29 08:46:27,096 [main] INFO  impl.RoleInfo (RoleInfo.java:shutdownLeaderState(104)) - ead32545-d171-4909-a11e-9b7dde0365ee: shutdown LeaderState
2019-08-29 08:46:27,101 [main] INFO  impl.PendingRequests (PendingRequests.java:sendNotLeaderResponses(202)) - ead32545-d171-4909-a11e-9b7dde0365ee-PendingRequests: sendNotLeaderResponses
2019-08-29 08:46:27,102 [org.apache.ratis.server.impl.LogAppender$AppenderDaemon$$Lambda$438/603291690@21ee8b9c] WARN  server.GrpcLogAppender (GrpcLogAppender.java:mayWait(143)) - GrpcLogAppender(ead32545-d171-4909-a11e-9b7dde0365ee->691d973f-4ee5-4b71-9c79-714a3e15e6a2): Wait interrupted by java.lang.InterruptedException
2019-08-29 08:46:27,107 [main] INFO  impl.StateMachineUpdater (StateMachineUpdater.java:stopAndJoin(115)) - StateMachineUpdater:ead32545-d171-4909-a11e-9b7dde0365ee:group-144D18612C90: set stopIndex = 8
2019-08-29 08:46:27,107 [StateMachineUpdater:ead32545-d171-4909-a11e-9b7dde0365ee:group-144D18612C90] INFO  ratis.ContainerStateMachine (ContainerStateMachine.java:takeSnapshot(284)) - group-144D18612C90: Taking a snapshot at:(t:1, i:6) file /workdir/hadoop-ozone/integration-test/target/test-dir/MiniOzoneClusterImpl-43bc7ae7-4e66-4855-88e6-16f3e36bad4f/datanode-7/data/ratis/cbfa81a5-799f-4263-b232-144d18612c90/sm/snapshot.1_6
2019-08-29 08:46:27,108 [grpc-default-executor-7] INFO  server.GrpcLogAppender (GrpcLogAppender.java:onError(281)) - GrpcLogAppender(ead32545-d171-4909-a11e-9b7dde0365ee->691d973f-4ee5-4b71-9c79-714a3e15e6a2) is stopped
2019-08-29 08:46:27,173 [StateMachineUpdater:ead32545-d171-4909-a11e-9b7dde0365ee:group-144D18612C90] INFO  ratis.ContainerStateMachine (ContainerStateMachine.java:takeSnapshot(295)) - group-144D18612C90: Finished taking a snapshot at:(t:1, i:6) file:/workdir/hadoop-ozone/integration-test/target/test-dir/MiniOzoneClusterImpl-43bc7ae7-4e66-4855-88e6-16f3e36bad4f/datanode-7/data/ratis/cbfa81a5-799f-4263-b232-144d18612c90/sm/snapshot.1_6 time:65
2019-08-29 08:46:27,173 [StateMachineUpdater:ead32545-d171-4909-a11e-9b7dde0365ee:group-144D18612C90] INFO  impl.StateMachineUpdater (StateMachineUpdater.java:takeSnapshot(242)) - StateMachineUpdater:ead32545-d171-4909-a11e-9b7dde0365ee:group-144D18612C90: Took a snapshot at index 6
2019-08-29 08:46:27,173 [StateMachineUpdater:ead32545-d171-4909-a11e-9b7dde0365ee:group-144D18612C90] INFO  impl.StateMachineUpdater (StateMachineUpdater.java:lambda$new$0(80)) - StateMachineUpdater:ead32545-d171-4909-a11e-9b7dde0365ee:group-144D18612C90: snapshotIndex: updateIncreasingly -1 -> 6
2019-08-29 08:46:27,173 [main] INFO  impl.RaftServerImpl (ServerState.java:close(394)) - ead32545-d171-4909-a11e-9b7dde0365ee:group-144D18612C90 closes. The last applied log index is 8
2019-08-29 08:46:27,174 [ead32545-d171-4909-a11e-9b7dde0365ee-SegmentedRaftLogWorker:Storage Directory /workdir/hadoop-ozone/integration-test/target/test-dir/MiniOzoneClusterImpl-43bc7ae7-4e66-4855-88e6-16f3e36bad4f/datanode-7/data/ratis/cbfa81a5-799f-4263-b232-144d18612c90] INFO  segmented.SegmentedRaftLogWorker (SegmentedRaftLogWorker.java:run(313)) - ead32545-d171-4909-a11e-9b7dde0365ee-SegmentedRaftLogWorker:Storage Directory /workdir/hadoop-ozone/integration-test/target/test-dir/MiniOzoneClusterImpl-43bc7ae7-4e66-4855-88e6-16f3e36bad4f/datanode-7/data/ratis/cbfa81a5-799f-4263-b232-144d18612c90 was interrupted, exiting. There are 0 tasks remaining in the queue.
2019-08-29 08:46:27,174 [main] INFO  segmented.SegmentedRaftLogWorker (SegmentedRaftLogWorker.java:close(228)) - ead32545-d171-4909-a11e-9b7dde0365ee-SegmentedRaftLogWorker:Storage Directory /workdir/hadoop-ozone/integration-test/target/test-dir/MiniOzoneClusterImpl-43bc7ae7-4e66-4855-88e6-16f3e36bad4f/datanode-7/data/ratis/cbfa81a5-799f-4263-b232-144d18612c90 close()
2019-08-29 08:46:27,175 [main] INFO  impl.RaftServerImpl (RaftServerImpl.java:lambda$shutdown$3(245)) - ead32545-d171-4909-a11e-9b7dde0365ee: shutdown group-AC8EC9305C41
2019-08-29 08:46:27,175 [main] INFO  util.JmxRegister (JmxRegister.java:unregister(73)) - Successfully un-registered JMX Bean with object name Ratis:service=RaftServer,group=group-AC8EC9305C41,id=ead32545-d171-4909-a11e-9b7dde0365ee
2019-08-29 08:46:27,176 [main] INFO  impl.RoleInfo (RoleInfo.java:shutdownLeaderState(104)) - ead32545-d171-4909-a11e-9b7dde0365ee: shutdown LeaderState
2019-08-29 08:46:27,176 [main] INFO  impl.PendingRequests (PendingRequests.java:sendNotLeaderResponses(202)) - ead32545-d171-4909-a11e-9b7dde0365ee-PendingRequests: sendNotLeaderResponses
2019-08-29 08:46:27,177 [main] INFO  impl.StateMachineUpdater (StateMachineUpdater.java:stopAndJoin(115)) - StateMachineUpdater:ead32545-d171-4909-a11e-9b7dde0365ee:group-AC8EC9305C41: set stopIndex = 0
2019-08-29 08:46:27,177 [main] INFO  impl.RaftServerImpl (ServerState.java:close(394)) - ead32545-d171-4909-a11e-9b7dde0365ee:group-AC8EC9305C41 closes. The last applied log index is 0
2019-08-29 08:46:27,178 [ead32545-d171-4909-a11e-9b7dde0365ee-SegmentedRaftLogWorker:Storage Directory /workdir/hadoop-ozone/integration-test/target/test-dir/MiniOzoneClusterImpl-43bc7ae7-4e66-4855-88e6-16f3e36bad4f/datanode-7/data/ratis/94a1b149-8f82-476b-9650-ac8ec9305c41] INFO  segmented.SegmentedRaftLogWorker (SegmentedRaftLogWorker.java:run(313)) - ead32545-d171-4909-a11e-9b7dde0365ee-SegmentedRaftLogWorker:Storage Directory /workdir/hadoop-ozone/integration-test/target/test-dir/MiniOzoneClusterImpl-43bc7ae7-4e66-4855-88e6-16f3e36bad4f/datanode-7/data/ratis/94a1b149-8f82-476b-9650-ac8ec9305c41 was interrupted, exiting. There are 0 tasks remaining in the queue.
2019-08-29 08:46:27,178 [main] INFO  segmented.SegmentedRaftLogWorker (SegmentedRaftLogWorker.java:close(228)) - ead32545-d171-4909-a11e-9b7dde0365ee-SegmentedRaftLogWorker:Storage Directory /workdir/hadoop-ozone/integration-test/target/test-dir/MiniOzoneClusterImpl-43bc7ae7-4e66-4855-88e6-16f3e36bad4f/datanode-7/data/ratis/94a1b149-8f82-476b-9650-ac8ec9305c41 close()
2019-08-29 08:46:27,179 [main] INFO  server.GrpcService (GrpcService.java:closeImpl(155)) - ead32545-d171-4909-a11e-9b7dde0365ee: shutdown server with port 46882 now
2019-08-29 08:46:27,180 [main] INFO  server.GrpcService (GrpcService.java:closeImpl(163)) - ead32545-d171-4909-a11e-9b7dde0365ee: shutdown server with port 46882 successfully
2019-08-29 08:46:27,185 [grpc-default-executor-4] WARN  client.GrpcClientProtocolService (LogUtils.java:warn(134)) - 1-UnorderedRequestStreamObserver1: onError: org.apache.ratis.thirdparty.io.grpc.StatusRuntimeException: CANCELLED: cancelled before receiving half close
2019-08-29 08:46:27,186 [refreshUsed-/workdir/hadoop-ozone/integration-test/target/test-dir/MiniOzoneClusterImpl-43bc7ae7-4e66-4855-88e6-16f3e36bad4f/datanode-7/data/containers] WARN  fs.CachingGetSpaceUsed (CachingGetSpaceUsed.java:run(183)) - Thread Interrupted waiting to refresh disk information: sleep interrupted
2019-08-29 08:46:27,203 [main] INFO  utils.BackgroundService (BackgroundService.java:shutdown(148)) - Shutting down service BlockDeletingService
2019-08-29 08:46:27,205 [main] INFO  statemachine.DatanodeStateMachine (DatanodeStateMachine.java:stopDaemon(395)) - Ozone container server stopped.
2019-08-29 08:46:27,206 [main] INFO  handler.ContextHandler (ContextHandler.java:doStop(910)) - Stopped o.e.j.w.WebAppContext@5d512ddb{/,null,UNAVAILABLE}{/hddsDatanode}
2019-08-29 08:46:27,207 [main] INFO  server.AbstractConnector (AbstractConnector.java:doStop(318)) - Stopped ServerConnector@707ca986{HTTP/1.1,[http/1.1]}{0.0.0.0:0}
2019-08-29 08:46:27,208 [main] INFO  handler.ContextHandler (ContextHandler.java:doStop(910)) - Stopped o.e.j.s.ServletContextHandler@40ef0af8{/static,jar:file:/home/user/.m2/repository/org/apache/hadoop/hadoop-hdds-container-service/0.5.0-SNAPSHOT/hadoop-hdds-container-service-0.5.0-SNAPSHOT.jar!/webapps/static,UNAVAILABLE}
2019-08-29 08:46:27,208 [main] INFO  handler.ContextHandler (ContextHandler.java:doStop(910)) - Stopped o.e.j.s.ServletContextHandler@38291795{/logs,file:///workdir/hadoop-ozone/integration-test/target/log,UNAVAILABLE}
2019-08-29 08:46:27,391 [ForkJoinPool.commonPool-worker-0] INFO  ozoneimpl.OzoneContainer (OzoneContainer.java:stop(215)) - Attempting to stop container services.
2019-08-29 08:46:27,392 [ForkJoinPool.commonPool-worker-0] INFO  impl.RaftServerProxy (RaftServerProxy.java:lambda$close$4(314)) - d42e1e69-47db-482b-ad03-89cca26a9b49: close
2019-08-29 08:46:27,392 [ForkJoinPool.commonPool-worker-0] INFO  impl.RaftServerImpl (RaftServerImpl.java:lambda$shutdown$3(245)) - d42e1e69-47db-482b-ad03-89cca26a9b49: shutdown group-58547ACC6AA3
2019-08-29 08:46:27,392 [ForkJoinPool.commonPool-worker-0] INFO  util.JmxRegister (JmxRegister.java:unregister(73)) - Successfully un-registered JMX Bean with object name Ratis:service=RaftServer,group=group-58547ACC6AA3,id=d42e1e69-47db-482b-ad03-89cca26a9b49
2019-08-29 08:46:27,393 [ForkJoinPool.commonPool-worker-0] INFO  impl.RoleInfo (RoleInfo.java:shutdownLeaderState(104)) - d42e1e69-47db-482b-ad03-89cca26a9b49: shutdown LeaderState
2019-08-29 08:46:27,393 [ForkJoinPool.commonPool-worker-0] INFO  impl.PendingRequests (PendingRequests.java:sendNotLeaderResponses(202)) - d42e1e69-47db-482b-ad03-89cca26a9b49-PendingRequests: sendNotLeaderResponses
2019-08-29 08:46:27,393 [ForkJoinPool.commonPool-worker-0] INFO  impl.StateMachineUpdater (StateMachineUpdater.java:stopAndJoin(115)) - StateMachineUpdater:d42e1e69-47db-482b-ad03-89cca26a9b49:group-58547ACC6AA3: set stopIndex = 0
2019-08-29 08:46:27,394 [ForkJoinPool.commonPool-worker-0] INFO  impl.RaftServerImpl (ServerState.java:close(394)) - d42e1e69-47db-482b-ad03-89cca26a9b49:group-58547ACC6AA3 closes. The last applied log index is 0
2019-08-29 08:46:27,394 [d42e1e69-47db-482b-ad03-89cca26a9b49-SegmentedRaftLogWorker:Storage Directory /workdir/hadoop-ozone/integration-test/target/test-dir/MiniOzoneClusterImpl-43bc7ae7-4e66-4855-88e6-16f3e36bad4f/datanode-1/data/ratis/27adcffe-1a90-4f34-bc26-58547acc6aa3] INFO  segmented.SegmentedRaftLogWorker (SegmentedRaftLogWorker.java:run(313)) - d42e1e69-47db-482b-ad03-89cca26a9b49-SegmentedRaftLogWorker:Storage Directory /workdir/hadoop-ozone/integration-test/target/test-dir/MiniOzoneClusterImpl-43bc7ae7-4e66-4855-88e6-16f3e36bad4f/datanode-1/data/ratis/27adcffe-1a90-4f34-bc26-58547acc6aa3 was interrupted, exiting. There are 0 tasks remaining in the queue.
2019-08-29 08:46:27,394 [ForkJoinPool.commonPool-worker-0] INFO  segmented.SegmentedRaftLogWorker (SegmentedRaftLogWorker.java:close(228)) - d42e1e69-47db-482b-ad03-89cca26a9b49-SegmentedRaftLogWorker:Storage Directory /workdir/hadoop-ozone/integration-test/target/test-dir/MiniOzoneClusterImpl-43bc7ae7-4e66-4855-88e6-16f3e36bad4f/datanode-1/data/ratis/27adcffe-1a90-4f34-bc26-58547acc6aa3 close()
2019-08-29 08:46:27,395 [ForkJoinPool.commonPool-worker-0] INFO  impl.RaftServerImpl (RaftServerImpl.java:lambda$shutdown$3(245)) - d42e1e69-47db-482b-ad03-89cca26a9b49: shutdown group-655B46E240B2
2019-08-29 08:46:27,395 [ForkJoinPool.commonPool-worker-0] INFO  util.JmxRegister (JmxRegister.java:unregister(73)) - Successfully un-registered JMX Bean with object name Ratis:service=RaftServer,group=group-655B46E240B2,id=d42e1e69-47db-482b-ad03-89cca26a9b49
2019-08-29 08:46:27,395 [ForkJoinPool.commonPool-worker-0] INFO  impl.RoleInfo (RoleInfo.java:shutdownFollowerState(121)) - d42e1e69-47db-482b-ad03-89cca26a9b49: shutdown FollowerState
2019-08-29 08:46:27,396 [ForkJoinPool.commonPool-worker-0] INFO  impl.StateMachineUpdater (StateMachineUpdater.java:stopAndJoin(115)) - StateMachineUpdater:d42e1e69-47db-482b-ad03-89cca26a9b49:group-655B46E240B2: set stopIndex = 0
2019-08-29 08:46:27,396 [Thread-1723] INFO  impl.FollowerState (FollowerState.java:run(114)) - d42e1e69-47db-482b-ad03-89cca26a9b49: FollowerState was interrupted: java.lang.InterruptedException: sleep interrupted
2019-08-29 08:46:27,396 [ForkJoinPool.commonPool-worker-0] INFO  impl.RaftServerImpl (ServerState.java:close(394)) - d42e1e69-47db-482b-ad03-89cca26a9b49:group-655B46E240B2 closes. The last applied log index is 0
2019-08-29 08:46:27,398 [d42e1e69-47db-482b-ad03-89cca26a9b49-SegmentedRaftLogWorker:Storage Directory /workdir/hadoop-ozone/integration-test/target/test-dir/MiniOzoneClusterImpl-43bc7ae7-4e66-4855-88e6-16f3e36bad4f/datanode-1/data/ratis/52ca8880-1f24-4e87-a4d8-655b46e240b2] INFO  segmented.SegmentedRaftLogWorker (SegmentedRaftLogWorker.java:run(313)) - d42e1e69-47db-482b-ad03-89cca26a9b49-SegmentedRaftLogWorker:Storage Directory /workdir/hadoop-ozone/integration-test/target/test-dir/MiniOzoneClusterImpl-43bc7ae7-4e66-4855-88e6-16f3e36bad4f/datanode-1/data/ratis/52ca8880-1f24-4e87-a4d8-655b46e240b2 was interrupted, exiting. There are 0 tasks remaining in the queue.
2019-08-29 08:46:27,398 [ForkJoinPool.commonPool-worker-0] INFO  segmented.SegmentedRaftLogWorker (SegmentedRaftLogWorker.java:close(228)) - d42e1e69-47db-482b-ad03-89cca26a9b49-SegmentedRaftLogWorker:Storage Directory /workdir/hadoop-ozone/integration-test/target/test-dir/MiniOzoneClusterImpl-43bc7ae7-4e66-4855-88e6-16f3e36bad4f/datanode-1/data/ratis/52ca8880-1f24-4e87-a4d8-655b46e240b2 close()
2019-08-29 08:46:27,398 [ForkJoinPool.commonPool-worker-0] INFO  server.GrpcService (GrpcService.java:closeImpl(155)) - d42e1e69-47db-482b-ad03-89cca26a9b49: shutdown server with port 44267 now
2019-08-29 08:46:27,399 [ForkJoinPool.commonPool-worker-0] INFO  server.GrpcService (GrpcService.java:closeImpl(163)) - d42e1e69-47db-482b-ad03-89cca26a9b49: shutdown server with port 44267 successfully
2019-08-29 08:46:27,400 [refreshUsed-/workdir/hadoop-ozone/integration-test/target/test-dir/MiniOzoneClusterImpl-43bc7ae7-4e66-4855-88e6-16f3e36bad4f/datanode-1/data/containers] WARN  fs.CachingGetSpaceUsed (CachingGetSpaceUsed.java:run(183)) - Thread Interrupted waiting to refresh disk information: sleep interrupted
2019-08-29 08:46:27,418 [ForkJoinPool.commonPool-worker-0] INFO  utils.BackgroundService (BackgroundService.java:shutdown(148)) - Shutting down service BlockDeletingService
2019-08-29 08:46:27,425 [ForkJoinPool.commonPool-worker-0] INFO  statemachine.DatanodeStateMachine (DatanodeStateMachine.java:stopDaemon(395)) - Ozone container server stopped.
2019-08-29 08:46:27,428 [ForkJoinPool.commonPool-worker-0] INFO  handler.ContextHandler (ContextHandler.java:doStop(910)) - Stopped o.e.j.w.WebAppContext@6baf25d7{/,null,UNAVAILABLE}{/hddsDatanode}
2019-08-29 08:46:27,428 [ForkJoinPool.commonPool-worker-0] INFO  server.AbstractConnector (AbstractConnector.java:doStop(318)) - Stopped ServerConnector@57a6a933{HTTP/1.1,[http/1.1]}{0.0.0.0:0}
2019-08-29 08:46:27,428 [ForkJoinPool.commonPool-worker-0] INFO  handler.ContextHandler (ContextHandler.java:doStop(910)) - Stopped o.e.j.s.ServletContextHandler@41fa769c{/static,jar:file:/home/user/.m2/repository/org/apache/hadoop/hadoop-hdds-container-service/0.5.0-SNAPSHOT/hadoop-hdds-container-service-0.5.0-SNAPSHOT.jar!/webapps/static,UNAVAILABLE}
2019-08-29 08:46:27,429 [ForkJoinPool.commonPool-worker-0] INFO  handler.ContextHandler (ContextHandler.java:doStop(910)) - Stopped o.e.j.s.ServletContextHandler@3610f277{/logs,file:///workdir/hadoop-ozone/integration-test/target/log,UNAVAILABLE}
2019-08-29 08:46:27,430 [main] INFO  ozone.MiniOzoneClusterImpl (MiniOzoneClusterImpl.java:stop(339)) - Stopping the StorageContainerManager
2019-08-29 08:46:27,430 [main] INFO  server.StorageContainerManager (StorageContainerManager.java:stop(797)) - Stopping Replication Manager Service.
2019-08-29 08:46:27,430 [main] INFO  container.ReplicationManager (ReplicationManager.java:stop(193)) - Stopping Replication Monitor Thread.
2019-08-29 08:46:27,430 [main] INFO  server.StorageContainerManager (StorageContainerManager.java:stop(804)) - Stopping Lease Manager of the command watchers
2019-08-29 08:46:27,430 [main] INFO  server.StorageContainerManager (StorageContainerManager.java:stop(811)) - Stopping datanode service RPC server
2019-08-29 08:46:27,431 [main] INFO  server.SCMDatanodeProtocolServer (SCMDatanodeProtocolServer.java:stop(367)) - Stopping the RPC server for DataNodes
2019-08-29 08:46:27,431 [main] INFO  ipc.Server (Server.java:stop(3082)) - Stopping server on 46034
2019-08-29 08:46:27,433 [IPC Server listener on 46034] INFO  ipc.Server (Server.java:run(1185)) - Stopping IPC Server listener on 46034
2019-08-29 08:46:27,433 [IPC Server Responder] INFO  ipc.Server (Server.java:run(1319)) - Stopping IPC Server Responder
2019-08-29 08:46:27,470 [SCM Heartbeat Processing Thread - 0] WARN  node.NodeStateManager (NodeStateManager.java:scheduleNextHealthCheck(646)) - Current Thread is interrupted, shutting down HB processing thread for Node Manager.
2019-08-29 08:46:27,470 [main] INFO  server.StorageContainerManager (StorageContainerManager.java:stop(819)) - Stopping block service RPC server
2019-08-29 08:46:27,471 [main] INFO  server.SCMBlockProtocolServer (SCMBlockProtocolServer.java:stop(148)) - Stopping the RPC server for Block Protocol
2019-08-29 08:46:27,471 [main] INFO  ipc.Server (Server.java:stop(3082)) - Stopping server on 40642
2019-08-29 08:46:27,472 [IPC Server listener on 40642] INFO  ipc.Server (Server.java:run(1185)) - Stopping IPC Server listener on 40642
2019-08-29 08:46:27,473 [main] INFO  server.StorageContainerManager (StorageContainerManager.java:stop(826)) - Stopping the StorageContainerLocationProtocol RPC server
2019-08-29 08:46:27,474 [main] INFO  server.SCMClientProtocolServer (SCMClientProtocolServer.java:stop(159)) - Stopping the RPC server for Client Protocol
2019-08-29 08:46:27,474 [main] INFO  ipc.Server (Server.java:stop(3082)) - Stopping server on 45951
2019-08-29 08:46:27,473 [IPC Server Responder] INFO  ipc.Server (Server.java:run(1319)) - Stopping IPC Server Responder
2019-08-29 08:46:27,476 [IPC Server listener on 45951] INFO  ipc.Server (Server.java:run(1185)) - Stopping IPC Server listener on 45951
2019-08-29 08:46:27,476 [main] INFO  server.StorageContainerManager (StorageContainerManager.java:stop(833)) - Stopping Storage Container Manager HTTP server.
2019-08-29 08:46:27,476 [IPC Server Responder] INFO  ipc.Server (Server.java:run(1319)) - Stopping IPC Server Responder
2019-08-29 08:46:27,478 [main] INFO  handler.ContextHandler (ContextHandler.java:doStop(910)) - Stopped o.e.j.w.WebAppContext@2b6a0ea9{/,null,UNAVAILABLE}{/scm}
2019-08-29 08:46:27,479 [main] INFO  server.AbstractConnector (AbstractConnector.java:doStop(318)) - Stopped ServerConnector@4dde8976{HTTP/1.1,[http/1.1]}{0.0.0.0:0}
2019-08-29 08:46:27,479 [main] INFO  handler.ContextHandler (ContextHandler.java:doStop(910)) - Stopped o.e.j.s.ServletContextHandler@3a3ed300{/static,file:///workdir/hadoop-ozone/integration-test/target/test-classes/webapps/static,UNAVAILABLE}
2019-08-29 08:46:27,480 [main] INFO  handler.ContextHandler (ContextHandler.java:doStop(910)) - Stopped o.e.j.s.ServletContextHandler@3472947a{/logs,file:///workdir/hadoop-ozone/integration-test/target/log,UNAVAILABLE}
2019-08-29 08:46:27,481 [main] INFO  server.StorageContainerManager (StorageContainerManager.java:stop(844)) - Stopping Block Manager Service.
2019-08-29 08:46:27,481 [main] INFO  utils.BackgroundService (BackgroundService.java:shutdown(148)) - Shutting down service SCMBlockDeletingService
2019-08-29 08:46:27,482 [main] INFO  utils.BackgroundService (BackgroundService.java:shutdown(148)) - Shutting down service SCMBlockDeletingService
2019-08-29 08:46:27,483 [main] INFO  server.StorageContainerManager (StorageContainerManager.java:stop(866)) - Stopping SCM Event Queue.
2019-08-29 08:46:27,488 [main] INFO  impl.MetricsSystemImpl (MetricsSystemImpl.java:stop(210)) - Stopping HddsDatanode metrics system...
2019-08-29 08:46:27,494 [main] INFO  impl.MetricsSystemImpl (MetricsSystemImpl.java:stop(216)) - HddsDatanode metrics system stopped.
]]></system-out>
  </testcase>
  <testcase name="testWriteSmallFile" classname="org.apache.hadoop.ozone.client.rpc.TestFailureHandlingByClient" time="61.502"/>
  <testcase name="testBlockWritesWithDnFailures" classname="org.apache.hadoop.ozone.client.rpc.TestFailureHandlingByClient" time="61.31"/>
  <testcase name="testDatanodeExclusionWithMajorityCommit" classname="org.apache.hadoop.ozone.client.rpc.TestFailureHandlingByClient" time="49.909"/>
</testsuite>